<?xml version="1.0" encoding="utf-8"?>
<TestRun id="5c49f432-d068-4609-b5c9-927492be1b4c" name="DKSR-EFI-04$@DKSR-EFI-04 2023-12-22 09:35:21" runUser="NT AUTHORITY\NETWORK SERVICE" xmlns="http://microsoft.com/schemas/VisualStudio/TeamTest/2010">
  <Times creation="2023-12-22T09:35:21.0536720+01:00" queuing="2023-12-22T09:35:21.0536720+01:00" start="2023-12-22T09:35:09.0692331+01:00" finish="2023-12-22T09:35:55.9757312+01:00" />
  <TestSettings name="default" id="52f03055-aada-4019-a130-0dbe0ec7ebd9">
    <Deployment runDeploymentRoot="DKSR-EFI-04$_DKSR-EFI-04_2023-12-22_09_35_21" />
  </TestSettings>
  <Results>
    <UnitTestResult executionId="f59c92fd-4ef8-4833-baaf-5bdc17cffc92" testId="06f72c6d-178e-1776-b54f-f3db73a3e144" testName="UtcTime_ShouldReturnConstructorValue_WhenSet" computerName="DKSR-EFI-04" duration="00:00:00.0029004" startTime="2023-12-22T09:35:52.0069581+01:00" endTime="2023-12-22T09:35:52.0069581+01:00" testType="13cdc9d9-ddb5-4fa4-a97d-d965ccfc6d4b" outcome="Passed" testListId="8c84fa94-04c1-424b-9868-57a2d4851a1d" relativeResultsDirectory="f59c92fd-4ef8-4833-baaf-5bdc17cffc92" />
    <UnitTestResult executionId="a16db8be-5575-4360-bf8b-4a5957338320" testId="acd28437-0e13-f5d1-fe2d-ceccbcc0b0d8" testName="Construct4_And_Field_Check" computerName="DKSR-EFI-04" duration="00:00:00.1320071" startTime="2023-12-22T09:35:21.3974244+01:00" endTime="2023-12-22T09:35:21.5224230+01:00" testType="13cdc9d9-ddb5-4fa4-a97d-d965ccfc6d4b" outcome="Passed" testListId="8c84fa94-04c1-424b-9868-57a2d4851a1d" relativeResultsDirectory="a16db8be-5575-4360-bf8b-4a5957338320" />
    <UnitTestResult executionId="57aeb5e7-a28a-4f71-8389-2cf1b3aef7a8" testId="87294391-1825-1ce5-7f19-56b62f49e8c1" testName="Equals_ShouldHaveValueSemantics_WhenAlways" computerName="DKSR-EFI-04" duration="00:00:00.0073548" startTime="2023-12-22T09:35:51.7257047+01:00" endTime="2023-12-22T09:35:51.7413302+01:00" testType="13cdc9d9-ddb5-4fa4-a97d-d965ccfc6d4b" outcome="Passed" testListId="8c84fa94-04c1-424b-9868-57a2d4851a1d" relativeResultsDirectory="57aeb5e7-a28a-4f71-8389-2cf1b3aef7a8" />
    <UnitTestResult executionId="39f724ab-31b3-4e3d-9234-615328a8a121" testId="7b6494d9-14d1-e703-8dce-eacd52852ebc" testName="GetGenderFilterValues_FilterValueMissing_ReturnsEmptyCollection" computerName="DKSR-EFI-04" duration="00:00:00.0003485" startTime="2023-12-22T09:35:50.8663265+01:00" endTime="2023-12-22T09:35:50.8663265+01:00" testType="13cdc9d9-ddb5-4fa4-a97d-d965ccfc6d4b" outcome="Passed" testListId="8c84fa94-04c1-424b-9868-57a2d4851a1d" relativeResultsDirectory="39f724ab-31b3-4e3d-9234-615328a8a121" />
    <UnitTestResult executionId="4f8423cd-fd5a-4120-8c97-7fed4563e303" testId="fcc01d6e-2b82-f145-070c-31467e83d08e" testName="GetBoundingShapesAsync_ClearCachedData_DelegatedToInternalMethodTwice" computerName="DKSR-EFI-04" duration="00:00:00.0011954" startTime="2023-12-22T09:35:50.1006974+01:00" endTime="2023-12-22T09:35:50.1006974+01:00" testType="13cdc9d9-ddb5-4fa4-a97d-d965ccfc6d4b" outcome="Passed" testListId="8c84fa94-04c1-424b-9868-57a2d4851a1d" relativeResultsDirectory="4f8423cd-fd5a-4120-8c97-7fed4563e303" />
    <UnitTestResult executionId="96270406-f5f1-4724-828a-81c53ed99586" testId="3c6ad7f5-47ac-d2a1-3c86-5077b25134ea" testName="Deserialize_Camera_FieldValues_checked" computerName="DKSR-EFI-04" duration="00:00:00.0006426" startTime="2023-12-22T09:35:20.9286713+01:00" endTime="2023-12-22T09:35:20.9286713+01:00" testType="13cdc9d9-ddb5-4fa4-a97d-d965ccfc6d4b" outcome="Passed" testListId="8c84fa94-04c1-424b-9868-57a2d4851a1d" relativeResultsDirectory="96270406-f5f1-4724-828a-81c53ed99586" />
    <UnitTestResult executionId="a48de7e9-c6ca-4104-ab6e-b80a6002dd03" testId="90432d5a-5fa4-a037-9446-73f5d0f5dd30" testName="FindCacheEntryBefore_ShuldReturnEntryBeforeTimeStamp_WhenThereIsAnEntryBeforeTheTimestamp" computerName="DKSR-EFI-04" duration="00:00:00.0009742" startTime="2023-12-22T09:35:54.5389230+01:00" endTime="2023-12-22T09:35:54.5538517+01:00" testType="13cdc9d9-ddb5-4fa4-a97d-d965ccfc6d4b" outcome="Passed" testListId="8c84fa94-04c1-424b-9868-57a2d4851a1d" relativeResultsDirectory="a48de7e9-c6ca-4104-ab6e-b80a6002dd03" />
    <UnitTestResult executionId="57dc3bbc-a6a2-4a68-a26a-b68a0e3e09ba" testId="6fd6583b-6e84-0268-1f57-5ed2e7f07344" testName="Equals_ShouldHaveValueSemantics_WhenAlways" computerName="DKSR-EFI-04" duration="00:00:00.0010945" startTime="2023-12-22T09:35:52.5225869+01:00" endTime="2023-12-22T09:35:52.5225869+01:00" testType="13cdc9d9-ddb5-4fa4-a97d-d965ccfc6d4b" outcome="Passed" testListId="8c84fa94-04c1-424b-9868-57a2d4851a1d" relativeResultsDirectory="57dc3bbc-a6a2-4a68-a26a-b68a0e3e09ba" />
    <UnitTestResult executionId="83b9bf6a-ddfc-42d6-93b4-4a2b68360bf6" testId="d2434559-e3a7-5692-c403-1d47d873a133" testName="ProvideValue_ShouldUseNull_WhenSelectedItemIsNotSet" computerName="DKSR-EFI-04" duration="00:00:00.0155559" startTime="2023-12-22T09:35:47.5850581+01:00" endTime="2023-12-22T09:35:47.6006853+01:00" testType="13cdc9d9-ddb5-4fa4-a97d-d965ccfc6d4b" outcome="Passed" testListId="8c84fa94-04c1-424b-9868-57a2d4851a1d" relativeResultsDirectory="83b9bf6a-ddfc-42d6-93b4-4a2b68360bf6" />
    <UnitTestResult executionId="7ae0313a-5518-4f7f-bd51-79cf764a9b8d" testId="88e95bf1-e2f8-873d-5b44-49c57ad713ac" testName="Ctor_WhitespaceName_Throws" computerName="DKSR-EFI-04" duration="00:00:00.0005460" startTime="2023-12-22T09:35:50.8819543+01:00" endTime="2023-12-22T09:35:50.8819543+01:00" testType="13cdc9d9-ddb5-4fa4-a97d-d965ccfc6d4b" outcome="Passed" testListId="8c84fa94-04c1-424b-9868-57a2d4851a1d" relativeResultsDirectory="7ae0313a-5518-4f7f-bd51-79cf764a9b8d" />
    <UnitTestResult executionId="2779f87a-6f3f-4ccf-b203-941243bc067e" testId="13d7aebd-6cec-2e73-3e91-8e5121f9f1bc" testName="ReadXml_ShouldReadObjectIdAttribute_WhenPresent" computerName="DKSR-EFI-04" duration="00:00:00.0002003" startTime="2023-12-22T09:35:52.5382106+01:00" endTime="2023-12-22T09:35:52.5382106+01:00" testType="13cdc9d9-ddb5-4fa4-a97d-d965ccfc6d4b" outcome="Passed" testListId="8c84fa94-04c1-424b-9868-57a2d4851a1d" relativeResultsDirectory="2779f87a-6f3f-4ccf-b203-941243bc067e" />
    <UnitTestResult executionId="34bccabe-aba6-46b3-af2a-97406955ee32" testId="3c09d4cb-f13e-d121-455f-42d4e3bd3224" testName="WriteXml_ShouldWriteIsIdleElement_WhenIsIdleIsTrue" computerName="DKSR-EFI-04" duration="00:00:00.0013582" startTime="2023-12-22T09:35:51.7725813+01:00" endTime="2023-12-22T09:35:51.7725813+01:00" testType="13cdc9d9-ddb5-4fa4-a97d-d965ccfc6d4b" outcome="Passed" testListId="8c84fa94-04c1-424b-9868-57a2d4851a1d" relativeResultsDirectory="34bccabe-aba6-46b3-af2a-97406955ee32" />
    <UnitTestResult executionId="9245ba39-1659-4570-9381-788e3064d478" testId="0479c184-1f1e-07e0-e9bf-b787331a6833" testName="WriteMetadataXml_ShouldThrowArgumentNullException_WhenMetadataIsNullWithStream" computerName="DKSR-EFI-04" duration="00:00:00.0005614" startTime="2023-12-22T09:35:52.2569601+01:00" endTime="2023-12-22T09:35:52.2569601+01:00" testType="13cdc9d9-ddb5-4fa4-a97d-d965ccfc6d4b" outcome="Passed" testListId="8c84fa94-04c1-424b-9868-57a2d4851a1d" relativeResultsDirectory="9245ba39-1659-4570-9381-788e3064d478" />
    <UnitTestResult executionId="dfa9dbad-d190-4e74-b45b-23fb4c691a4c" testId="6271bc67-5e80-6155-5dfc-c8f30ff7d226" testName="Serialize_TestCases (TestParentTypeMatchStringThisTypeMatched)" computerName="DKSR-EFI-04" duration="00:00:00.0045680" startTime="2023-12-22T09:35:48.9600655+01:00" endTime="2023-12-22T09:35:48.9600655+01:00" testType="13cdc9d9-ddb5-4fa4-a97d-d965ccfc6d4b" outcome="Passed" testListId="8c84fa94-04c1-424b-9868-57a2d4851a1d" relativeResultsDirectory="dfa9dbad-d190-4e74-b45b-23fb4c691a4c" />
    <UnitTestResult executionId="10b25018-ab95-4cba-9be1-95e638d675fa" testId="cc8e9b7e-62a1-d82e-3e31-af5cf935c88a" testName="GenerateParameters_ShouldWriteNumberOfCameraDevicesAsNumVideoCh_WhenAlways" computerName="DKSR-EFI-04" duration="00:00:00.0004634" startTime="2023-12-22T09:35:54.5069710+01:00" endTime="2023-12-22T09:35:54.5069710+01:00" testType="13cdc9d9-ddb5-4fa4-a97d-d965ccfc6d4b" outcome="Passed" testListId="8c84fa94-04c1-424b-9868-57a2d4851a1d" relativeResultsDirectory="10b25018-ab95-4cba-9be1-95e638d675fa" />
    <UnitTestResult executionId="eeab0e03-adee-417c-a35e-4bc78c64288b" testId="86d87531-58b0-c805-e0a3-bb2bb5312580" testName="ProvideValue_ShouldUseSharedContentTemplate_WhenContentTemplateIsSetOnDropDown" computerName="DKSR-EFI-04" duration="00:00:00.0016818" startTime="2023-12-22T09:35:47.6319353+01:00" endTime="2023-12-22T09:35:47.6319353+01:00" testType="13cdc9d9-ddb5-4fa4-a97d-d965ccfc6d4b" outcome="Passed" testListId="8c84fa94-04c1-424b-9868-57a2d4851a1d" relativeResultsDirectory="eeab0e03-adee-417c-a35e-4bc78c64288b" />
    <UnitTestResult executionId="31e999e8-b874-4eba-9524-3c9985becacb" testId="8deb741b-167d-6a1a-855a-646fe46075da" testName="SetEvents_ShouldNotAddProxyManager_WhenFrameworkContentElementIsNotLoaded" computerName="DKSR-EFI-04" duration="00:00:00.0184366" startTime="2023-12-22T09:35:49.2569447+01:00" endTime="2023-12-22T09:35:49.2725696+01:00" testType="13cdc9d9-ddb5-4fa4-a97d-d965ccfc6d4b" outcome="Passed" testListId="8c84fa94-04c1-424b-9868-57a2d4851a1d" relativeResultsDirectory="31e999e8-b874-4eba-9524-3c9985becacb" />
    <UnitTestResult executionId="25f68487-553f-47d3-a72c-0c74a1c9814c" testId="a2a93cec-e7b9-3a98-e5c4-9eb836279da9" testName="Ctor_OneCustomFilter_Success" computerName="DKSR-EFI-04" duration="00:00:00.0006679" startTime="2023-12-22T09:35:50.8350780+01:00" endTime="2023-12-22T09:35:50.8350780+01:00" testType="13cdc9d9-ddb5-4fa4-a97d-d965ccfc6d4b" outcome="Passed" testListId="8c84fa94-04c1-424b-9868-57a2d4851a1d" relativeResultsDirectory="25f68487-553f-47d3-a72c-0c74a1c9814c" />
    <UnitTestResult executionId="21944987-e642-47d2-891f-323c05eb143e" testId="bb7fb76c-e069-4fd0-bdf8-cc43e62b4ee4" testName="IsValidSelectionCallback_ReturnsTrue_ItemSelected" computerName="DKSR-EFI-04" duration="00:00:00.0009615" startTime="2023-12-22T09:35:45.7100501+01:00" endTime="2023-12-22T09:35:45.7100501+01:00" testType="13cdc9d9-ddb5-4fa4-a97d-d965ccfc6d4b" outcome="Passed" testListId="8c84fa94-04c1-424b-9868-57a2d4851a1d" relativeResultsDirectory="21944987-e642-47d2-891f-323c05eb143e" />
    <UnitTestResult executionId="3d6ef223-8095-4391-8517-53a2d7c4fd6d" testId="bbdf2549-aad3-7a58-579e-b0fce02debdf" testName="TestConstructor_NullExceptionParameters_Failure" computerName="DKSR-EFI-04" duration="00:00:00.0006604" startTime="2023-12-22T09:35:50.9600762+01:00" endTime="2023-12-22T09:35:50.9600762+01:00" testType="13cdc9d9-ddb5-4fa4-a97d-d965ccfc6d4b" outcome="Passed" testListId="8c84fa94-04c1-424b-9868-57a2d4851a1d" relativeResultsDirectory="3d6ef223-8095-4391-8517-53a2d7c4fd6d" />
    <UnitTestResult executionId="ab232baf-5c2d-447f-a40f-c8f9a48d9946" testId="ea812c4e-499f-c48f-48ec-0c8b2f821c14" testName="Append_Element_Null" computerName="DKSR-EFI-04" duration="00:00:00.0084266" startTime="2023-12-22T09:35:51.0069515+01:00" endTime="2023-12-22T09:35:51.0225753+01:00" testType="13cdc9d9-ddb5-4fa4-a97d-d965ccfc6d4b" outcome="Passed" testListId="8c84fa94-04c1-424b-9868-57a2d4851a1d" relativeResultsDirectory="ab232baf-5c2d-447f-a40f-c8f9a48d9946" />
    <UnitTestResult executionId="19eed6c7-ed19-4ba8-bb3f-c48dc524943e" testId="890cd7d3-d5de-1eb5-735a-80921ce3d8c1" testName="HorizontalAccuracy_ShouldThrowArgumentOfRange_WhenValueIsOutsideAcceptedRange" computerName="DKSR-EFI-04" duration="00:00:00.0009692" startTime="2023-12-22T09:35:52.3975855+01:00" endTime="2023-12-22T09:35:52.3975855+01:00" testType="13cdc9d9-ddb5-4fa4-a97d-d965ccfc6d4b" outcome="Passed" testListId="8c84fa94-04c1-424b-9868-57a2d4851a1d" relativeResultsDirectory="19eed6c7-ed19-4ba8-bb3f-c48dc524943e" />
    <UnitTestResult executionId="d2361e00-32dd-4ddc-ad3c-eac990f76bef" testId="af1b57b7-d4d3-cc7c-77e2-0a953337a6f4" testName="OriginalData_ShouldReturnEmptyList_WhenOriginalHasNotBeenSet" computerName="DKSR-EFI-04" duration="00:00:00.0002264" startTime="2023-12-22T09:35:52.3507086+01:00" endTime="2023-12-22T09:35:52.3507086+01:00" testType="13cdc9d9-ddb5-4fa4-a97d-d965ccfc6d4b" outcome="Passed" testListId="8c84fa94-04c1-424b-9868-57a2d4851a1d" relativeResultsDirectory="d2361e00-32dd-4ddc-ad3c-eac990f76bef" />
    <UnitTestResult executionId="e12fcdf2-d0fa-4a95-be67-ac83f0f7a7e9" testId="79b8fa33-af80-9f78-4ef9-04a20433e050" testName="Serialize_TestCases (TestParentTypeMatchIntNotThisTypeNotMatched)" computerName="DKSR-EFI-04" duration="00:00:00.0003515" startTime="2023-12-22T09:35:48.9913216+01:00" endTime="2023-12-22T09:35:48.9913216+01:00" testType="13cdc9d9-ddb5-4fa4-a97d-d965ccfc6d4b" outcome="Passed" testListId="8c84fa94-04c1-424b-9868-57a2d4851a1d" relativeResultsDirectory="e12fcdf2-d0fa-4a95-be67-ac83f0f7a7e9" />
    <UnitTestResult executionId="66ad7a12-a40d-46b6-b646-94dabaf961aa" testId="a3089784-5b87-5aa6-6c29-ce468fd5b9ef" testName="GenerateParameters_ShouldOmitQualityRange_WhenQualityRangeIsNull" computerName="DKSR-EFI-04" duration="00:00:00.0008272" startTime="2023-12-22T09:35:54.3975962+01:00" endTime="2023-12-22T09:35:54.3975962+01:00" testType="13cdc9d9-ddb5-4fa4-a97d-d965ccfc6d4b" outcome="Passed" testListId="8c84fa94-04c1-424b-9868-57a2d4851a1d" relativeResultsDirectory="66ad7a12-a40d-46b6-b646-94dabaf961aa" />
    <UnitTestResult executionId="29e9c23b-cceb-468f-aaab-57b1762ff1a4" testId="6693e462-e8ba-ed25-48bc-eff1d5392eaa" testName="CountByItems_Activated_Missing2" computerName="DKSR-EFI-04" duration="00:00:00.0008486" startTime="2023-12-22T09:35:54.2257188+01:00" endTime="2023-12-22T09:35:54.2257188+01:00" testType="13cdc9d9-ddb5-4fa4-a97d-d965ccfc6d4b" outcome="Passed" testListId="8c84fa94-04c1-424b-9868-57a2d4851a1d" relativeResultsDirectory="29e9c23b-cceb-468f-aaab-57b1762ff1a4" />
    <UnitTestResult executionId="0f95fd27-f682-4af2-993a-448ad490a288" testId="53422728-4202-db44-815d-fc4c107ae306" testName="Enabled_Clean_Properties_success" computerName="DKSR-EFI-04" duration="00:00:00.0284513" startTime="2023-12-22T09:35:22.7255542+01:00" endTime="2023-12-22T09:35:22.7568043+01:00" testType="13cdc9d9-ddb5-4fa4-a97d-d965ccfc6d4b" outcome="Passed" testListId="8c84fa94-04c1-424b-9868-57a2d4851a1d" relativeResultsDirectory="0f95fd27-f682-4af2-993a-448ad490a288" />
    <UnitTestResult executionId="f83d3c4c-3b48-42ed-bd1d-460c36b0ceaa" testId="ae1fcdcb-f991-e67c-d221-5879496f84bd" testName="ReadXml_ShouldReadClassCandidateContents_WhenClassCandidateIsPresent" computerName="DKSR-EFI-04" duration="00:00:00.0012749" startTime="2023-12-22T09:35:52.4913367+01:00" endTime="2023-12-22T09:35:52.4913367+01:00" testType="13cdc9d9-ddb5-4fa4-a97d-d965ccfc6d4b" outcome="Passed" testListId="8c84fa94-04c1-424b-9868-57a2d4851a1d" relativeResultsDirectory="f83d3c4c-3b48-42ed-bd1d-460c36b0ceaa" />
    <UnitTestResult executionId="ae566809-19f4-43c7-9fde-11f84084ab60" testId="ebfe7877-f55a-fab7-3a7d-8cf9c4a15098" testName="TryParseArgbString_ShouldReturnFalse_WhenStringIsMissingStartHash" computerName="DKSR-EFI-04" duration="00:00:00.0001884" startTime="2023-12-22T09:35:51.8819593+01:00" endTime="2023-12-22T09:35:51.8819593+01:00" testType="13cdc9d9-ddb5-4fa4-a97d-d965ccfc6d4b" outcome="Passed" testListId="8c84fa94-04c1-424b-9868-57a2d4851a1d" relativeResultsDirectory="ae566809-19f4-43c7-9fde-11f84084ab60" />
    <UnitTestResult executionId="7fadf8de-a595-40d8-91ce-6575af16e5e2" testId="1d781042-4a4b-edb4-7dfd-5edbb643ac7b" testName="TestMultiLevelQueue_OneLevel_Success" computerName="DKSR-EFI-04" duration="00:00:00.2280668" startTime="2023-12-22T09:35:35.8037480+01:00" endTime="2023-12-22T09:35:36.0381252+01:00" testType="13cdc9d9-ddb5-4fa4-a97d-d965ccfc6d4b" outcome="Passed" testListId="8c84fa94-04c1-424b-9868-57a2d4851a1d" relativeResultsDirectory="7fadf8de-a595-40d8-91ce-6575af16e5e2" />
    <UnitTestResult executionId="b09b02db-637d-4277-9cfb-319853810db0" testId="97bf175b-3437-3a0c-6b6e-4f876d982b3c" testName="TestMultiLevelQueue_TwoLevels_IdleLevelQueueDisposed_Success" computerName="DKSR-EFI-04" duration="00:00:00.5503977" startTime="2023-12-22T09:35:37.6318815+01:00" endTime="2023-12-22T09:35:38.1787675+01:00" testType="13cdc9d9-ddb5-4fa4-a97d-d965ccfc6d4b" outcome="Passed" testListId="8c84fa94-04c1-424b-9868-57a2d4851a1d" relativeResultsDirectory="b09b02db-637d-4277-9cfb-319853810db0" />
    <UnitTestResult executionId="55664f10-a783-4641-9873-6f0760808f29" testId="97fbdc51-18ba-7aa5-3b45-4fad3a6c36f9" testName="ConstructorRgb_ShouldReturnAlphaValueFullyOpaque_Always" computerName="DKSR-EFI-04" duration="00:00:00.0001932" startTime="2023-12-22T09:35:51.9132083+01:00" endTime="2023-12-22T09:35:51.9132083+01:00" testType="13cdc9d9-ddb5-4fa4-a97d-d965ccfc6d4b" outcome="Passed" testListId="8c84fa94-04c1-424b-9868-57a2d4851a1d" relativeResultsDirectory="55664f10-a783-4641-9873-6f0760808f29" />
    <UnitTestResult executionId="6cb2868a-11de-4a3e-9f5e-72e9c5ea7b5c" testId="72564ee7-6904-9d2d-9a11-6e408d6771a9" testName="MarkupExtension_ShouldChangeContentTemplate_WhenContentTemplateOnSelectedItemChanges" computerName="DKSR-EFI-04" duration="00:00:00.0013595" startTime="2023-12-22T09:35:47.6319353+01:00" endTime="2023-12-22T09:35:47.6319353+01:00" testType="13cdc9d9-ddb5-4fa4-a97d-d965ccfc6d4b" outcome="Passed" testListId="8c84fa94-04c1-424b-9868-57a2d4851a1d" relativeResultsDirectory="6cb2868a-11de-4a3e-9f5e-72e9c5ea7b5c" />
    <UnitTestResult executionId="3398d01c-4e43-4df5-9c4b-1bfd0e97efa0" testId="9603f266-e6e4-b592-6c00-2621c8820864" testName="ReadXml_ShouldReadLeftAttribute_WhenPresent" computerName="DKSR-EFI-04" duration="00:00:00.0003327" startTime="2023-12-22T09:35:52.6163359+01:00" endTime="2023-12-22T09:35:52.6163359+01:00" testType="13cdc9d9-ddb5-4fa4-a97d-d965ccfc6d4b" outcome="Passed" testListId="8c84fa94-04c1-424b-9868-57a2d4851a1d" relativeResultsDirectory="3398d01c-4e43-4df5-9c4b-1bfd0e97efa0" />
    <UnitTestResult executionId="670f5261-056d-4236-bb93-23ed45f22051" testId="31051539-7cfa-1db5-4cea-df2287622770" testName="TestConstructor_ExceptionParameters_Success" computerName="DKSR-EFI-04" duration="00:00:00.0006133" startTime="2023-12-22T09:35:50.9600762+01:00" endTime="2023-12-22T09:35:50.9600762+01:00" testType="13cdc9d9-ddb5-4fa4-a97d-d965ccfc6d4b" outcome="Passed" testListId="8c84fa94-04c1-424b-9868-57a2d4851a1d" relativeResultsDirectory="670f5261-056d-4236-bb93-23ed45f22051" />
    <UnitTestResult executionId="0346773a-c785-4873-aa8c-eba50ad42410" testId="0fd399d2-70b7-1bf0-1292-5d37ff538834" testName="ReadXml_ShouldLogWarningTwiceWhenMoreThanOneMinuteBetweenWarnings_WhenRequiredAttributeIsMissing" computerName="DKSR-EFI-04" duration="00:00:00.0016302" startTime="2023-12-22T09:35:52.9288370+01:00" endTime="2023-12-22T09:35:52.9288370+01:00" testType="13cdc9d9-ddb5-4fa4-a97d-d965ccfc6d4b" outcome="Passed" testListId="8c84fa94-04c1-424b-9868-57a2d4851a1d" relativeResultsDirectory="0346773a-c785-4873-aa8c-eba50ad42410" />
    <UnitTestResult executionId="3d2899f4-239d-44c5-87f6-c0996a13c716" testId="beb002c5-eb95-8910-8bc5-4aa180fe028d" testName="IsValid_ShouldReturnFalse_WhenLikelihoodIsZero" computerName="DKSR-EFI-04" duration="00:00:00.0006116" startTime="2023-12-22T09:35:51.8038312+01:00" endTime="2023-12-22T09:35:51.8038312+01:00" testType="13cdc9d9-ddb5-4fa4-a97d-d965ccfc6d4b" outcome="Passed" testListId="8c84fa94-04c1-424b-9868-57a2d4851a1d" relativeResultsDirectory="3d2899f4-239d-44c5-87f6-c0996a13c716" />
    <UnitTestResult executionId="42bebfb0-922b-4ea5-8f1e-b1c49d012f70" testId="68839c3f-a774-538d-b591-9a44c343225f" testName="BuildOverlayWidthHeightBaseEvent_ShouldReturnCorrectSizedBitmap_WhenArgumentIsAnalyticsEventWithNoObjectPolygon" computerName="DKSR-EFI-04" duration="00:00:00.0049260" startTime="2023-12-22T09:35:23.8036836+01:00" endTime="2023-12-22T09:35:23.8193106+01:00" testType="13cdc9d9-ddb5-4fa4-a97d-d965ccfc6d4b" outcome="Passed" testListId="8c84fa94-04c1-424b-9868-57a2d4851a1d" relativeResultsDirectory="42bebfb0-922b-4ea5-8f1e-b1c49d012f70" />
    <UnitTestResult executionId="5f3abbc7-1222-4473-bfb1-6bc63eeeb3e1" testId="dc1fd292-e174-668d-7833-c1854255d61a" testName="Append_Property_Path_WithoutValue" computerName="DKSR-EFI-04" duration="00:00:00.0005443" startTime="2023-12-22T09:35:51.1007039+01:00" endTime="2023-12-22T09:35:51.1007039+01:00" testType="13cdc9d9-ddb5-4fa4-a97d-d965ccfc6d4b" outcome="Passed" testListId="8c84fa94-04c1-424b-9868-57a2d4851a1d" relativeResultsDirectory="5f3abbc7-1222-4473-bfb1-6bc63eeeb3e1" />
    <UnitTestResult executionId="3b838557-5ad0-41fc-a490-2a503aeeb24e" testId="786f976f-79dc-fb5a-d9d5-d8983ae14820" testName="Match_Fail_NullTypeAnyMessage_Single" computerName="DKSR-EFI-04" duration="00:00:00.0003710" startTime="2023-12-22T09:35:53.2100910+01:00" endTime="2023-12-22T09:35:53.2100910+01:00" testType="13cdc9d9-ddb5-4fa4-a97d-d965ccfc6d4b" outcome="Passed" testListId="8c84fa94-04c1-424b-9868-57a2d4851a1d" relativeResultsDirectory="3b838557-5ad0-41fc-a490-2a503aeeb24e" />
    <UnitTestResult executionId="38110a85-c93b-4448-b78e-a869994c867f" testId="d0ba50f6-c050-7856-3856-4bb2c3dada0c" testName="ReadXml_ShouldLogWarning_WhenTypeIsNotPresent" computerName="DKSR-EFI-04" duration="00:00:00.0015243" startTime="2023-12-22T09:35:51.8350796+01:00" endTime="2023-12-22T09:35:51.8350796+01:00" testType="13cdc9d9-ddb5-4fa4-a97d-d965ccfc6d4b" outcome="Passed" testListId="8c84fa94-04c1-424b-9868-57a2d4851a1d" relativeResultsDirectory="38110a85-c93b-4448-b78e-a869994c867f" />
    <UnitTestResult executionId="44f6f095-902b-459d-8a4e-15049453aee0" testId="14b61d2f-5443-8ef0-349e-b30883ba9c22" testName="CountByCounter_NotActivated_Trial" computerName="DKSR-EFI-04" duration="00:00:00.0009245" startTime="2023-12-22T09:35:54.1632511+01:00" endTime="2023-12-22T09:35:54.1632511+01:00" testType="13cdc9d9-ddb5-4fa4-a97d-d965ccfc6d4b" outcome="Passed" testListId="8c84fa94-04c1-424b-9868-57a2d4851a1d" relativeResultsDirectory="44f6f095-902b-459d-8a4e-15049453aee0" />
    <UnitTestResult executionId="613b4a0c-edf9-4463-b782-e743ef4ca4d7" testId="d3b94a2a-26e3-905f-c1f3-df866517ab99" testName="Serialize_TestCases (Verify root String (null) property)" computerName="DKSR-EFI-04" duration="00:00:00.0314529" startTime="2023-12-22T09:35:48.8194416+01:00" endTime="2023-12-22T09:35:48.8506906+01:00" testType="13cdc9d9-ddb5-4fa4-a97d-d965ccfc6d4b" outcome="Passed" testListId="8c84fa94-04c1-424b-9868-57a2d4851a1d" relativeResultsDirectory="613b4a0c-edf9-4463-b782-e743ef4ca4d7" />
    <UnitTestResult executionId="71a75a32-eff5-4aa6-9d3d-803f0d849772" testId="5676d068-f210-9f05-bcb4-4154c077d90e" testName="Minimize_ShouldReturnOneInterval_WhenListContainsThreeOverlappingIntervalsContainingEachOther" computerName="DKSR-EFI-04" duration="00:00:00.0006607" startTime="2023-12-22T09:35:35.1162461+01:00" endTime="2023-12-22T09:35:35.1162461+01:00" testType="13cdc9d9-ddb5-4fa4-a97d-d965ccfc6d4b" outcome="Passed" testListId="8c84fa94-04c1-424b-9868-57a2d4851a1d" relativeResultsDirectory="71a75a32-eff5-4aa6-9d3d-803f0d849772" />
    <UnitTestResult executionId="73d4abf1-01ce-441c-a5bf-e5ec0e2f20bd" testId="9f7143c5-f21b-a4cb-b62f-d856a6e8e1f7" testName="GetBoundingShapesAsync_MultipleInvocationsPerTime_DelegatedToInternalMethodOnlyOncePerTime" computerName="DKSR-EFI-04" duration="00:00:00.0017806" startTime="2023-12-22T09:35:50.1163216+01:00" endTime="2023-12-22T09:35:50.1163216+01:00" testType="13cdc9d9-ddb5-4fa4-a97d-d965ccfc6d4b" outcome="Passed" testListId="8c84fa94-04c1-424b-9868-57a2d4851a1d" relativeResultsDirectory="73d4abf1-01ce-441c-a5bf-e5ec0e2f20bd" />
    <UnitTestResult executionId="29e63d68-5da8-42f0-98e3-9738e88364f5" testId="870b8bee-54f6-8f61-66d6-a77bd6f1687b" testName="Serialize_TestCases (Verify root Generic (null) property get property value)" computerName="DKSR-EFI-04" duration="00:00:00.0001531" startTime="2023-12-22T09:35:48.9444405+01:00" endTime="2023-12-22T09:35:48.9444405+01:00" testType="13cdc9d9-ddb5-4fa4-a97d-d965ccfc6d4b" outcome="Passed" testListId="8c84fa94-04c1-424b-9868-57a2d4851a1d" relativeResultsDirectory="29e63d68-5da8-42f0-98e3-9738e88364f5" />
    <UnitTestResult executionId="39517d28-620f-425c-b867-f93b75b5d943" testId="75ddd398-1cad-151d-e563-84e2015359ae" testName="TestStartSearch_SearchThrowsException_Success" computerName="DKSR-EFI-04" duration="00:00:00.0089273" startTime="2023-12-22T09:35:49.8975716+01:00" endTime="2023-12-22T09:35:49.9131972+01:00" testType="13cdc9d9-ddb5-4fa4-a97d-d965ccfc6d4b" outcome="Passed" testListId="8c84fa94-04c1-424b-9868-57a2d4851a1d" relativeResultsDirectory="39517d28-620f-425c-b867-f93b75b5d943" />
    <UnitTestResult executionId="88ec8e3b-18a8-46dd-a55f-0ff883250c33" testId="434b37e3-6652-e454-29de-d80f3b84f997" testName="ParameterConstruct2_FieldValues_Checked" computerName="DKSR-EFI-04" duration="00:00:00.0013723" startTime="2023-12-22T09:35:20.9911698+01:00" endTime="2023-12-22T09:35:20.9911698+01:00" testType="13cdc9d9-ddb5-4fa4-a97d-d965ccfc6d4b" outcome="Passed" testListId="8c84fa94-04c1-424b-9868-57a2d4851a1d" relativeResultsDirectory="88ec8e3b-18a8-46dd-a55f-0ff883250c33" />
    <UnitTestResult executionId="f856420a-1c2e-400f-86aa-530622dbee13" testId="ee569e33-e92a-4e12-13b7-cfb199db4a03" testName="SetEvents_ShouldAddProxyManager_WhenFrameworkContentElementIsLoaded" computerName="DKSR-EFI-04" duration="00:00:00.0006706" startTime="2023-12-22T09:35:49.2881918+01:00" endTime="2023-12-22T09:35:49.2881918+01:00" testType="13cdc9d9-ddb5-4fa4-a97d-d965ccfc6d4b" outcome="Passed" testListId="8c84fa94-04c1-424b-9868-57a2d4851a1d" relativeResultsDirectory="f856420a-1c2e-400f-86aa-530622dbee13" />
    <UnitTestResult executionId="b3684e50-7673-4849-9967-de871aa16332" testId="712e2140-9dcc-9696-ddc4-73aad2a14137" testName="CountByItems_Activated_Grace_Unordered" computerName="DKSR-EFI-04" duration="00:00:00.0017284" startTime="2023-12-22T09:35:54.2257188+01:00" endTime="2023-12-22T09:35:54.2257188+01:00" testType="13cdc9d9-ddb5-4fa4-a97d-d965ccfc6d4b" outcome="Passed" testListId="8c84fa94-04c1-424b-9868-57a2d4851a1d" relativeResultsDirectory="b3684e50-7673-4849-9967-de871aa16332" />
    <UnitTestResult executionId="3b5ec556-ff4a-4d25-a365-b468af1b5af2" testId="a3d1fe6d-f6a5-f28a-ba65-630894318089" testName="CountByItems_Activated_CountByCounter_Grace1" computerName="DKSR-EFI-04" duration="00:00:00.0017113" startTime="2023-12-22T09:35:54.2569698+01:00" endTime="2023-12-22T09:35:54.2569698+01:00" testType="13cdc9d9-ddb5-4fa4-a97d-d965ccfc6d4b" outcome="Passed" testListId="8c84fa94-04c1-424b-9868-57a2d4851a1d" relativeResultsDirectory="3b5ec556-ff4a-4d25-a365-b468af1b5af2" />
    <UnitTestResult executionId="b489dae6-46b4-42f0-8a59-db53f96e2066" testId="479ac9a4-db24-66b5-ae47-500a4c5f414e" testName="UtcTimeAttributeWasPresent_ShouldReturnFalse_WhenUtcTimeAttributeIsPresentButNotParsable" computerName="DKSR-EFI-04" duration="00:00:00.0003764" startTime="2023-12-22T09:35:52.0538359+01:00" endTime="2023-12-22T09:35:52.0538359+01:00" testType="13cdc9d9-ddb5-4fa4-a97d-d965ccfc6d4b" outcome="Passed" testListId="8c84fa94-04c1-424b-9868-57a2d4851a1d" relativeResultsDirectory="b489dae6-46b4-42f0-8a59-db53f96e2066" />
    <UnitTestResult executionId="924f55da-5846-4031-8972-a2a95b7d1eba" testId="c412921c-a830-d00a-e2a6-2eda860b9055" testName="AddFilterValue_ExistingValue_FirstValue_Success" computerName="DKSR-EFI-04" duration="00:00:00.0014207" startTime="2023-12-22T09:35:49.4131942+01:00" endTime="2023-12-22T09:35:49.4131942+01:00" testType="13cdc9d9-ddb5-4fa4-a97d-d965ccfc6d4b" outcome="Passed" testListId="8c84fa94-04c1-424b-9868-57a2d4851a1d" relativeResultsDirectory="924f55da-5846-4031-8972-a2a95b7d1eba" />
    <UnitTestResult executionId="a3c90337-af28-4a34-9b3d-405898e12e58" testId="dadc7e5e-3e0c-da11-a65f-57361b774307" testName="CountByItems_NotActivatedButWithCounter_Missing" computerName="DKSR-EFI-04" duration="00:00:00.0007420" startTime="2023-12-22T09:35:54.1944692+01:00" endTime="2023-12-22T09:35:54.1944692+01:00" testType="13cdc9d9-ddb5-4fa4-a97d-d965ccfc6d4b" outcome="Passed" testListId="8c84fa94-04c1-424b-9868-57a2d4851a1d" relativeResultsDirectory="a3c90337-af28-4a34-9b3d-405898e12e58" />
    <UnitTestResult executionId="4ba266bf-7421-4401-817a-0a60a258c1b1" testId="935bdf43-855a-f0b1-5928-21e0e8057f44" testName="Serialize_TestCases (Verify root String (not null) property)" computerName="DKSR-EFI-04" duration="00:00:00.0005755" startTime="2023-12-22T09:35:48.8506906+01:00" endTime="2023-12-22T09:35:48.8506906+01:00" testType="13cdc9d9-ddb5-4fa4-a97d-d965ccfc6d4b" outcome="Passed" testListId="8c84fa94-04c1-424b-9868-57a2d4851a1d" relativeResultsDirectory="4ba266bf-7421-4401-817a-0a60a258c1b1" />
    <UnitTestResult executionId="890d333c-94a9-401b-ae54-a5252ad037be" testId="7603cc3a-7642-d05f-79c1-6c139b33135d" testName="Serialize_TestCases (TestParentTypeMatchObjectThisTypeMatched)" computerName="DKSR-EFI-04" duration="00:00:00.0008705" startTime="2023-12-22T09:35:49.0694439+01:00" endTime="2023-12-22T09:35:49.0694439+01:00" testType="13cdc9d9-ddb5-4fa4-a97d-d965ccfc6d4b" outcome="Passed" testListId="8c84fa94-04c1-424b-9868-57a2d4851a1d" relativeResultsDirectory="890d333c-94a9-401b-ae54-a5252ad037be" />
    <UnitTestResult executionId="65210323-dfd0-4c36-b9cd-3100115b420c" testId="8f38f84f-ef7b-c71d-fc5d-8932529a4a0f" testName="BuildOverlayWidthHeightBaseEvent_ShouldReturnCorrectSizedBitmap_WhenArgumentIsEventData" computerName="DKSR-EFI-04" duration="00:00:00.0628437" startTime="2023-12-22T09:35:23.8193106+01:00" endTime="2023-12-22T09:35:23.8818113+01:00" testType="13cdc9d9-ddb5-4fa4-a97d-d965ccfc6d4b" outcome="Passed" testListId="8c84fa94-04c1-424b-9868-57a2d4851a1d" relativeResultsDirectory="65210323-dfd0-4c36-b9cd-3100115b420c" />
    <UnitTestResult executionId="53a0ea9b-9538-48e8-839b-35c42278af5a" testId="c0bd25d5-74fa-a92b-42e1-7e499486e888" testName="SetChildren_Set_And_Check" computerName="DKSR-EFI-04" duration="00:00:00.0171478" startTime="2023-12-22T09:35:21.6005475+01:00" endTime="2023-12-22T09:35:21.6161741+01:00" testType="13cdc9d9-ddb5-4fa4-a97d-d965ccfc6d4b" outcome="Passed" testListId="8c84fa94-04c1-424b-9868-57a2d4851a1d" relativeResultsDirectory="53a0ea9b-9538-48e8-839b-35c42278af5a" />
    <UnitTestResult executionId="84f6031e-e9b9-486b-8e9a-9f6e7082425c" testId="c2275de9-9fb7-2d15-4e82-ae68930b46f3" testName="Serialize_ToXmlWriter" computerName="DKSR-EFI-04" duration="00:00:00.0111740" startTime="2023-12-22T09:35:22.6474303+01:00" endTime="2023-12-22T09:35:22.6474303+01:00" testType="13cdc9d9-ddb5-4fa4-a97d-d965ccfc6d4b" outcome="Passed" testListId="8c84fa94-04c1-424b-9868-57a2d4851a1d" relativeResultsDirectory="84f6031e-e9b9-486b-8e9a-9f6e7082425c" />
    <UnitTestResult executionId="4eba820f-0962-4aad-8d13-4c395f8ab77a" testId="6a35aa0d-9441-e9e5-f921-b7f637c9a652" testName="ReadXml_ShouldReadAllKnownElements_WhenMultipleElementsArePresent" computerName="DKSR-EFI-04" duration="00:00:00.0005550" startTime="2023-12-22T09:35:52.4444617+01:00" endTime="2023-12-22T09:35:52.4444617+01:00" testType="13cdc9d9-ddb5-4fa4-a97d-d965ccfc6d4b" outcome="Passed" testListId="8c84fa94-04c1-424b-9868-57a2d4851a1d" relativeResultsDirectory="4eba820f-0962-4aad-8d13-4c395f8ab77a" />
    <UnitTestResult executionId="7a2721fb-1172-4963-896a-4176e0ff651e" testId="3f059c6a-7cda-fa81-0b37-29c0a5c4596b" testName="AllAttributesWerePresent_ShouldReturnFalse_WhenRightAttributeIsNotAFloat" computerName="DKSR-EFI-04" duration="00:00:00.0003056" startTime="2023-12-22T09:35:52.6319611+01:00" endTime="2023-12-22T09:35:52.6319611+01:00" testType="13cdc9d9-ddb5-4fa4-a97d-d965ccfc6d4b" outcome="Passed" testListId="8c84fa94-04c1-424b-9868-57a2d4851a1d" relativeResultsDirectory="7a2721fb-1172-4963-896a-4176e0ff651e" />
    <UnitTestResult executionId="1f9d8b82-d045-4b84-84f8-8f4d93ab82e5" testId="fbbc45ef-78b8-acb6-dc04-1e7a7f11e95a" testName="GetRelated_Success" computerName="DKSR-EFI-04" duration="00:00:00.0390110" startTime="2023-12-22T09:35:21.8974307+01:00" endTime="2023-12-22T09:35:21.9286778+01:00" testType="13cdc9d9-ddb5-4fa4-a97d-d965ccfc6d4b" outcome="Passed" testListId="8c84fa94-04c1-424b-9868-57a2d4851a1d" relativeResultsDirectory="1f9d8b82-d045-4b84-84f8-8f4d93ab82e5" />
    <UnitTestResult executionId="1a7f252c-0e7a-4464-8e55-8903d9dafc66" testId="3d30bb33-ce76-b575-87f7-58c02b2189a7" testName="Serialize_TestCases (TestParentTypeMatchDecimalThisTypeMatched)" computerName="DKSR-EFI-04" duration="00:00:00.0004534" startTime="2023-12-22T09:35:49.0069409+01:00" endTime="2023-12-22T09:35:49.0069409+01:00" testType="13cdc9d9-ddb5-4fa4-a97d-d965ccfc6d4b" outcome="Passed" testListId="8c84fa94-04c1-424b-9868-57a2d4851a1d" relativeResultsDirectory="1a7f252c-0e7a-4464-8e55-8903d9dafc66" />
    <UnitTestResult executionId="337026a2-2be7-46ed-8963-4240fb9eb319" testId="426fd024-0e4c-9e4a-2e43-44c5266f80d0" testName="Contains_CameraKind_Checked" computerName="DKSR-EFI-04" duration="00:00:00.0005943" startTime="2023-12-22T09:35:21.0692949+01:00" endTime="2023-12-22T09:35:21.0692949+01:00" testType="13cdc9d9-ddb5-4fa4-a97d-d965ccfc6d4b" outcome="Passed" testListId="8c84fa94-04c1-424b-9868-57a2d4851a1d" relativeResultsDirectory="337026a2-2be7-46ed-8963-4240fb9eb319" />
    <UnitTestResult executionId="0a4a412e-9a9f-4e21-9000-7dc3f9283a6d" testId="d7839ae1-9662-254a-edc4-21e217d972c9" testName="Peek_NonEmptyQueue_ReturnsItemButKeepsItInQueue" computerName="DKSR-EFI-04" duration="00:00:00.0003118" startTime="2023-12-22T09:35:35.2099955+01:00" endTime="2023-12-22T09:35:35.2099955+01:00" testType="13cdc9d9-ddb5-4fa4-a97d-d965ccfc6d4b" outcome="Passed" testListId="8c84fa94-04c1-424b-9868-57a2d4851a1d" relativeResultsDirectory="0a4a412e-9a9f-4e21-9000-7dc3f9283a6d" />
    <UnitTestResult executionId="8ca9946c-665e-47d0-94c0-6904548ff4d2" testId="a768137e-5549-c79d-d4cb-ddd67ba25589" testName="Items_NullRootItem_ItemNotShown" computerName="DKSR-EFI-04" duration="00:00:00.0131039" startTime="2023-12-22T09:35:46.0538005+01:00" endTime="2023-12-22T09:35:46.0538005+01:00" testType="13cdc9d9-ddb5-4fa4-a97d-d965ccfc6d4b" outcome="Passed" testListId="8c84fa94-04c1-424b-9868-57a2d4851a1d" relativeResultsDirectory="8ca9946c-665e-47d0-94c0-6904548ff4d2" />
    <UnitTestResult executionId="4fadda0f-e0fd-436a-b0d0-04781a01826f" testId="b6c8d5b4-b132-7bf9-41ce-a46ff913fc34" testName="ReadXml_ShouldIgnoreUnknownChildren_WhenUnknownChildrenArePresent" computerName="DKSR-EFI-04" duration="00:00:00.0007926" startTime="2023-12-22T09:35:52.9444627+01:00" endTime="2023-12-22T09:35:52.9444627+01:00" testType="13cdc9d9-ddb5-4fa4-a97d-d965ccfc6d4b" outcome="Passed" testListId="8c84fa94-04c1-424b-9868-57a2d4851a1d" relativeResultsDirectory="4fadda0f-e0fd-436a-b0d0-04781a01826f" />
    <UnitTestResult executionId="2ae1e2e4-361e-4b52-81b6-bce289393623" testId="bc715522-4e2d-31ab-3b59-559f11d2404a" testName="IsCriteriaAccepted_WithKindsFilter_ValidInput_True" computerName="DKSR-EFI-04" duration="00:00:00.0003933" startTime="2023-12-22T09:35:45.6787992+01:00" endTime="2023-12-22T09:35:45.6944242+01:00" testType="13cdc9d9-ddb5-4fa4-a97d-d965ccfc6d4b" outcome="Passed" testListId="8c84fa94-04c1-424b-9868-57a2d4851a1d" relativeResultsDirectory="2ae1e2e4-361e-4b52-81b6-bce289393623" />
    <UnitTestResult executionId="18eca75b-b448-4070-be3b-d7a126e38b49" testId="1231dbfb-8caf-95d4-fa10-3201d28cc912" testName="ReadXml_ShouldIgnoreAppearance_WhenAppearanceIsPresenWithWrongNamespace" computerName="DKSR-EFI-04" duration="00:00:00.0002458" startTime="2023-12-22T09:35:52.5538353+01:00" endTime="2023-12-22T09:35:52.5538353+01:00" testType="13cdc9d9-ddb5-4fa4-a97d-d965ccfc6d4b" outcome="Passed" testListId="8c84fa94-04c1-424b-9868-57a2d4851a1d" relativeResultsDirectory="18eca75b-b448-4070-be3b-d7a126e38b49" />
    <UnitTestResult executionId="26c1d75d-ef55-49f7-901c-ee31a975f9bb" testId="0881e79b-b33f-db23-4717-e6bc85ee2141" testName="SelectionMode_ChangesIsMultiSelection" computerName="DKSR-EFI-04" duration="00:00:00.0001884" startTime="2023-12-22T09:35:45.5069235+01:00" endTime="2023-12-22T09:35:45.5069235+01:00" testType="13cdc9d9-ddb5-4fa4-a97d-d965ccfc6d4b" outcome="Passed" testListId="8c84fa94-04c1-424b-9868-57a2d4851a1d" relativeResultsDirectory="26c1d75d-ef55-49f7-901c-ee31a975f9bb" />
    <UnitTestResult executionId="67d48c34-2b3d-4e36-8461-5d7d980c7018" testId="31a03b18-193d-f844-e92f-19d317699a01" testName="GenerateParameters_ShouldThrowInvalidOperationException_WhenCodecListContainsNonVideoCodec" computerName="DKSR-EFI-04" duration="00:00:00.0049958" startTime="2023-12-22T09:35:54.3350959+01:00" endTime="2023-12-22T09:35:54.3350959+01:00" testType="13cdc9d9-ddb5-4fa4-a97d-d965ccfc6d4b" outcome="Passed" testListId="8c84fa94-04c1-424b-9868-57a2d4851a1d" relativeResultsDirectory="67d48c34-2b3d-4e36-8461-5d7d980c7018" />
    <UnitTestResult executionId="2900de68-1be1-4185-bf6c-3113a8c1e13d" testId="3363df9c-1686-e3c9-673a-c7382ed08e03" testName="Serialize_TestCases (TestParentTypeMatchInterfaceThisTypeNotMatched)" computerName="DKSR-EFI-04" duration="00:00:00.0008260" startTime="2023-12-22T09:35:49.1163186+01:00" endTime="2023-12-22T09:35:49.1163186+01:00" testType="13cdc9d9-ddb5-4fa4-a97d-d965ccfc6d4b" outcome="Passed" testListId="8c84fa94-04c1-424b-9868-57a2d4851a1d" relativeResultsDirectory="2900de68-1be1-4185-bf6c-3113a8c1e13d" />
    <UnitTestResult executionId="ee8333bf-85c3-43a0-a21e-07209912e379" testId="63610c24-9538-e81d-7363-0d5652fbe351" testName="Serialize_TestCases (Verify root Object (not null) property)" computerName="DKSR-EFI-04" duration="00:00:00.0001904" startTime="2023-12-22T09:35:48.8819404+01:00" endTime="2023-12-22T09:35:48.8975656+01:00" testType="13cdc9d9-ddb5-4fa4-a97d-d965ccfc6d4b" outcome="Passed" testListId="8c84fa94-04c1-424b-9868-57a2d4851a1d" relativeResultsDirectory="ee8333bf-85c3-43a0-a21e-07209912e379" />
    <UnitTestResult executionId="c6fa9b27-f676-463f-b014-113f55be50f6" testId="dccf2726-dfd0-7d43-4aa6-126f8354b46b" testName="ReadXml_ShouldLogWarning_WhenLikelihoodIsNotANumber" computerName="DKSR-EFI-04" duration="00:00:00.0013225" startTime="2023-12-22T09:35:51.8507071+01:00" endTime="2023-12-22T09:35:51.8507071+01:00" testType="13cdc9d9-ddb5-4fa4-a97d-d965ccfc6d4b" outcome="Passed" testListId="8c84fa94-04c1-424b-9868-57a2d4851a1d" relativeResultsDirectory="c6fa9b27-f676-463f-b014-113f55be50f6" />
    <UnitTestResult executionId="a1f19606-9c34-4274-a258-041140556c40" testId="94e89fbd-ee0e-4e65-a79e-fa57a63dcb34" testName="ReadyToCloseEvent_OkCommand_MultiSelect_Not_Thrown" computerName="DKSR-EFI-04" duration="00:00:00.0002644" startTime="2023-12-22T09:35:45.7569231+01:00" endTime="2023-12-22T09:35:45.7569231+01:00" testType="13cdc9d9-ddb5-4fa4-a97d-d965ccfc6d4b" outcome="Passed" testListId="8c84fa94-04c1-424b-9868-57a2d4851a1d" relativeResultsDirectory="a1f19606-9c34-4274-a258-041140556c40" />
    <UnitTestResult executionId="791ca5bd-e8f5-47aa-9d90-1eecbfa1e762" testId="276c0e6d-3f7a-82fd-4800-9c53564baba3" testName="Equals_Fail_OnServerIdId" computerName="DKSR-EFI-04" duration="00:00:00.0004812" startTime="2023-12-22T09:35:21.1161715+01:00" endTime="2023-12-22T09:35:21.1161715+01:00" testType="13cdc9d9-ddb5-4fa4-a97d-d965ccfc6d4b" outcome="Passed" testListId="8c84fa94-04c1-424b-9868-57a2d4851a1d" relativeResultsDirectory="791ca5bd-e8f5-47aa-9d90-1eecbfa1e762" />
    <UnitTestResult executionId="29400acf-4e92-4061-8e69-df7f1de0102f" testId="49bc91b3-0e58-95cf-9899-940758bf9038" testName="GetChildren_And_Check" computerName="DKSR-EFI-04" duration="00:00:00.0346453" startTime="2023-12-22T09:35:21.7255529+01:00" endTime="2023-12-22T09:35:21.7724266+01:00" testType="13cdc9d9-ddb5-4fa4-a97d-d965ccfc6d4b" outcome="Passed" testListId="8c84fa94-04c1-424b-9868-57a2d4851a1d" relativeResultsDirectory="29400acf-4e92-4061-8e69-df7f1de0102f" />
    <UnitTestResult executionId="f58a41f6-b60e-4d09-b99d-6e9926c3837f" testId="ecc8a678-a940-3ae6-944a-34c722824547" testName="GetChildItems_ShouldReturnNull_WhenAllNotAllAdded" computerName="DKSR-EFI-04" duration="00:00:00.0016589" startTime="2023-12-22T09:35:24.9443172+01:00" endTime="2023-12-22T09:35:24.9443172+01:00" testType="13cdc9d9-ddb5-4fa4-a97d-d965ccfc6d4b" outcome="Passed" testListId="8c84fa94-04c1-424b-9868-57a2d4851a1d" relativeResultsDirectory="f58a41f6-b60e-4d09-b99d-6e9926c3837f" />
    <UnitTestResult executionId="d5a8dece-30fb-4415-a098-a95f8fb66d2f" testId="fbabebe5-f475-8769-2079-7693b5c62d8c" testName="AppendItemPicked_MultiSelect_AppendTwoItems_BothSelected" computerName="DKSR-EFI-04" duration="00:00:00.0021431" startTime="2023-12-22T09:35:45.7100501+01:00" endTime="2023-12-22T09:35:45.7100501+01:00" testType="13cdc9d9-ddb5-4fa4-a97d-d965ccfc6d4b" outcome="Passed" testListId="8c84fa94-04c1-424b-9868-57a2d4851a1d" relativeResultsDirectory="d5a8dece-30fb-4415-a098-a95f8fb66d2f" />
    <UnitTestResult executionId="755ca432-daae-4550-81e5-0a37de9e6937" testId="4659fd71-0ee0-a506-0553-a81ccc9c9c0b" testName="AllAttributesWerePresent_ShouldReturnFalse_WhenBottomAttributeIsMissing" computerName="DKSR-EFI-04" duration="00:00:00.0003122" startTime="2023-12-22T09:35:52.6319611+01:00" endTime="2023-12-22T09:35:52.6319611+01:00" testType="13cdc9d9-ddb5-4fa4-a97d-d965ccfc6d4b" outcome="Passed" testListId="8c84fa94-04c1-424b-9868-57a2d4851a1d" relativeResultsDirectory="755ca432-daae-4550-81e5-0a37de9e6937" />
    <UnitTestResult executionId="30a3a25f-cff3-4a71-ab5f-9f4ac43be48a" testId="f761c35c-23da-0635-088d-82edc227a6c9" testName="GetHashType_ShouldReturnMD5_WhenInputIsMD5Hash" computerName="DKSR-EFI-04" duration="00:00:00.0002943" startTime="2023-12-22T09:35:55.1476031+01:00" endTime="2023-12-22T09:35:55.1476031+01:00" testType="13cdc9d9-ddb5-4fa4-a97d-d965ccfc6d4b" outcome="Passed" testListId="8c84fa94-04c1-424b-9868-57a2d4851a1d" relativeResultsDirectory="30a3a25f-cff3-4a71-ab5f-9f4ac43be48a" />
    <UnitTestResult executionId="e3059a6a-af99-4699-b79a-505c575f25ab" testId="e10db072-c885-f638-cbd6-f0cb1d9146d0" testName="CountByItems_Activated_CountByCounter_Trial3" computerName="DKSR-EFI-04" duration="00:00:00.0019562" startTime="2023-12-22T09:35:54.2882194+01:00" endTime="2023-12-22T09:35:54.2882194+01:00" testType="13cdc9d9-ddb5-4fa4-a97d-d965ccfc6d4b" outcome="Passed" testListId="8c84fa94-04c1-424b-9868-57a2d4851a1d" relativeResultsDirectory="e3059a6a-af99-4699-b79a-505c575f25ab" />
    <UnitTestResult executionId="06e17611-f373-4ced-9c47-f8ad9be70899" testId="9504291e-b74b-48e8-7789-94b6a1151b40" testName="Append_PropertyKey_Value" computerName="DKSR-EFI-04" duration="00:00:00.0049924" startTime="2023-12-22T09:35:51.0538262+01:00" endTime="2023-12-22T09:35:51.0538262+01:00" testType="13cdc9d9-ddb5-4fa4-a97d-d965ccfc6d4b" outcome="Passed" testListId="8c84fa94-04c1-424b-9868-57a2d4851a1d" relativeResultsDirectory="06e17611-f373-4ced-9c47-f8ad9be70899" />
    <UnitTestResult executionId="ac300e42-61d6-4dd5-9b2b-2625e5098e60" testId="daf5f08d-c32f-df8c-b33e-1ba8ee1cff44" testName="GetNextSequence_ShouldReturnFirstEntryFromToolkitResult_WhenDataWasReturned" computerName="DKSR-EFI-04" duration="00:00:00.0028758" startTime="2023-12-22T09:35:55.0226023+01:00" endTime="2023-12-22T09:35:55.0226023+01:00" testType="13cdc9d9-ddb5-4fa4-a97d-d965ccfc6d4b" outcome="Passed" testListId="8c84fa94-04c1-424b-9868-57a2d4851a1d" relativeResultsDirectory="ac300e42-61d6-4dd5-9b2b-2625e5098e60" />
    <UnitTestResult executionId="f18bdaa8-164f-46c4-adc2-91391f932e41" testId="4f71e5f9-12a6-0f01-a280-c78b7d7b307a" testName="Serialize_TestCases (TestParentTypeMatchStringThisTypeNotMatched)" computerName="DKSR-EFI-04" duration="00:00:00.0003136" startTime="2023-12-22T09:35:48.9600655+01:00" endTime="2023-12-22T09:35:48.9600655+01:00" testType="13cdc9d9-ddb5-4fa4-a97d-d965ccfc6d4b" outcome="Passed" testListId="8c84fa94-04c1-424b-9868-57a2d4851a1d" relativeResultsDirectory="f18bdaa8-164f-46c4-adc2-91391f932e41" />
    <UnitTestResult executionId="aefa8430-3085-4d94-8045-058d254bbc61" testId="f851da50-448f-2d4e-828e-d2ff64fc9049" testName="WriteXml_ShouldWriteClassElement_WhenClassIsNotNull" computerName="DKSR-EFI-04" duration="00:00:00.0005490" startTime="2023-12-22T09:35:51.7100799+01:00" endTime="2023-12-22T09:35:51.7100799+01:00" testType="13cdc9d9-ddb5-4fa4-a97d-d965ccfc6d4b" outcome="Passed" testListId="8c84fa94-04c1-424b-9868-57a2d4851a1d" relativeResultsDirectory="aefa8430-3085-4d94-8045-058d254bbc61" />
    <UnitTestResult executionId="934534bd-939e-4158-b203-fc07c61d64ac" testId="038e82e7-0736-b906-6069-bf165dcdf81d" testName="ReadXml_ShouldReadXAttribute_WhenPresent" computerName="DKSR-EFI-04" duration="00:00:00.0003360" startTime="2023-12-22T09:35:52.8975858+01:00" endTime="2023-12-22T09:35:52.8975858+01:00" testType="13cdc9d9-ddb5-4fa4-a97d-d965ccfc6d4b" outcome="Passed" testListId="8c84fa94-04c1-424b-9868-57a2d4851a1d" relativeResultsDirectory="934534bd-939e-4158-b203-fc07c61d64ac" />
    <UnitTestResult executionId="fad952d8-52f0-4968-a5b2-f0c746068e6a" testId="18ccdaf8-d982-0e82-d316-63446f746fd7" testName="ReadXml_ShouldLogWarning_WhenIncompleteWhenIncompleteScaleIsPresent" computerName="DKSR-EFI-04" duration="00:00:00.0010416" startTime="2023-12-22T09:35:52.8663369+01:00" endTime="2023-12-22T09:35:52.8663369+01:00" testType="13cdc9d9-ddb5-4fa4-a97d-d965ccfc6d4b" outcome="Passed" testListId="8c84fa94-04c1-424b-9868-57a2d4851a1d" relativeResultsDirectory="fad952d8-52f0-4968-a5b2-f0c746068e6a" />
    <UnitTestResult executionId="2b05ba9c-9fe9-4e18-b61e-430e6da3a5e7" testId="f8feb370-a546-7995-c8e5-2c5a9509dee9" testName="Minimize_ShouldReturnTwoIntervals_WhenListContainsTwoNonOverlappingIntervals" computerName="DKSR-EFI-04" duration="00:00:00.0006458" startTime="2023-12-22T09:35:35.1006194+01:00" endTime="2023-12-22T09:35:35.1006194+01:00" testType="13cdc9d9-ddb5-4fa4-a97d-d965ccfc6d4b" outcome="Passed" testListId="8c84fa94-04c1-424b-9868-57a2d4851a1d" relativeResultsDirectory="2b05ba9c-9fe9-4e18-b61e-430e6da3a5e7" />
    <UnitTestResult executionId="8aade971-3dbe-4023-94a7-9310fc364a73" testId="a0064dcf-0da1-ba4b-2406-1e7e76d7ad3a" testName="ReadXml_ShouldIgnoreUnknownLikelihoodChildren_WhenUnknownLikelihoodChildrenArePresent" computerName="DKSR-EFI-04" duration="00:00:00.0019854" startTime="2023-12-22T09:35:51.8194578+01:00" endTime="2023-12-22T09:35:51.8194578+01:00" testType="13cdc9d9-ddb5-4fa4-a97d-d965ccfc6d4b" outcome="Passed" testListId="8c84fa94-04c1-424b-9868-57a2d4851a1d" relativeResultsDirectory="8aade971-3dbe-4023-94a7-9310fc364a73" />
    <UnitTestResult executionId="f68470f7-7e3d-46ce-a424-0a4016567063" testId="b6767da0-b71f-abbd-7405-75d592f9abf3" testName="RemoveFilterValue_OtherValuesPresent_Success" computerName="DKSR-EFI-04" duration="00:00:00.0021789" startTime="2023-12-22T09:35:49.4288223+01:00" endTime="2023-12-22T09:35:49.4444434+01:00" testType="13cdc9d9-ddb5-4fa4-a97d-d965ccfc6d4b" outcome="Passed" testListId="8c84fa94-04c1-424b-9868-57a2d4851a1d" relativeResultsDirectory="f68470f7-7e3d-46ce-a424-0a4016567063" />
    <UnitTestResult executionId="9cab9563-cc41-4dd4-8994-88bd28c0a913" testId="441213bb-d837-6a17-d5bf-0e8158ed876c" testName="GetFilterValues_UnknownFilter_ReturnsEmptyList" computerName="DKSR-EFI-04" duration="00:00:00.0002862" startTime="2023-12-22T09:35:49.4600696+01:00" endTime="2023-12-22T09:35:49.4600696+01:00" testType="13cdc9d9-ddb5-4fa4-a97d-d965ccfc6d4b" outcome="Passed" testListId="8c84fa94-04c1-424b-9868-57a2d4851a1d" relativeResultsDirectory="9cab9563-cc41-4dd4-8994-88bd28c0a913" />
    <UnitTestResult executionId="6bdb8588-8706-4284-98ca-379238615ea1" testId="bc934390-fccd-2d5c-15be-99650a75c9f5" testName="SearchResultData_Item_Success" computerName="DKSR-EFI-04" duration="00:00:00.0003986" startTime="2023-12-22T09:35:50.1788226+01:00" endTime="2023-12-22T09:35:50.1788226+01:00" testType="13cdc9d9-ddb5-4fa4-a97d-d965ccfc6d4b" outcome="Passed" testListId="8c84fa94-04c1-424b-9868-57a2d4851a1d" relativeResultsDirectory="6bdb8588-8706-4284-98ca-379238615ea1" />
    <UnitTestResult executionId="55d7b91d-1b01-4d47-ace2-be199c6c62fb" testId="3881d3ff-e33d-04a6-6ad4-69b98dedc6b4" testName="GetParent_Fail" computerName="DKSR-EFI-04" duration="00:00:00.0004609" startTime="2023-12-22T09:35:21.1942974+01:00" endTime="2023-12-22T09:35:21.1942974+01:00" testType="13cdc9d9-ddb5-4fa4-a97d-d965ccfc6d4b" outcome="Passed" testListId="8c84fa94-04c1-424b-9868-57a2d4851a1d" relativeResultsDirectory="55d7b91d-1b01-4d47-ace2-be199c6c62fb" />
    <UnitTestResult executionId="71e8a897-730b-47db-b6e3-b73392297f2b" testId="b357ddf5-0643-7e7d-12aa-101fa59704c1" testName="IsEmptyValue_StringFilterValue_EmptyString_ReturnsTrue" computerName="DKSR-EFI-04" duration="00:00:00.0003309" startTime="2023-12-22T09:35:49.5381928+01:00" endTime="2023-12-22T09:35:49.5381928+01:00" testType="13cdc9d9-ddb5-4fa4-a97d-d965ccfc6d4b" outcome="Passed" testListId="8c84fa94-04c1-424b-9868-57a2d4851a1d" relativeResultsDirectory="71e8a897-730b-47db-b6e3-b73392297f2b" />
    <UnitTestResult executionId="a396b149-5756-4528-a612-d3dc4fa6d959" testId="3d2f83cf-7ffc-636c-c571-d10ae35f205f" testName="Serialize_TestCases (Verify root Object (null) property)" computerName="DKSR-EFI-04" duration="00:00:00.0002487" startTime="2023-12-22T09:35:48.8819404+01:00" endTime="2023-12-22T09:35:48.8819404+01:00" testType="13cdc9d9-ddb5-4fa4-a97d-d965ccfc6d4b" outcome="Passed" testListId="8c84fa94-04c1-424b-9868-57a2d4851a1d" relativeResultsDirectory="a396b149-5756-4528-a612-d3dc4fa6d959" />
    <UnitTestResult executionId="98d5faf8-b64b-4518-abd6-d79b90f908ee" testId="a32877bc-9b7f-e906-c5f0-bd91b67c99a7" testName="WriteXml_ShouldWriteAllVideoAnalytics_WhenThereAreMultipleVideoAnalyticsItemsPresent" computerName="DKSR-EFI-04" duration="00:00:00.0003635" startTime="2023-12-22T09:35:52.3350843+01:00" endTime="2023-12-22T09:35:52.3350843+01:00" testType="13cdc9d9-ddb5-4fa4-a97d-d965ccfc6d4b" outcome="Passed" testListId="8c84fa94-04c1-424b-9868-57a2d4851a1d" relativeResultsDirectory="98d5faf8-b64b-4518-abd6-d79b90f908ee" />
    <UnitTestResult executionId="0a93a521-9785-4336-b118-3ef838fe2785" testId="b10c5cfd-13d5-732d-40b9-1c8a8f0d6512" testName="ReadXml_ShouldSetAllPropertiesToFalse_WhenElementIsEmpty" computerName="DKSR-EFI-04" duration="00:00:00.0009959" startTime="2023-12-22T09:35:51.7413302+01:00" endTime="2023-12-22T09:35:51.7413302+01:00" testType="13cdc9d9-ddb5-4fa4-a97d-d965ccfc6d4b" outcome="Passed" testListId="8c84fa94-04c1-424b-9868-57a2d4851a1d" relativeResultsDirectory="0a93a521-9785-4336-b118-3ef838fe2785" />
    <UnitTestResult executionId="0c54dfa1-e397-4d8b-a8d2-82cbf75f3897" testId="04126902-9508-0ab4-a88b-c6cc8b546986" testName="WriteMetadataXml_ShouldThrowArgumentNullException_WhenMetadataIsNullWithStringBuilder" computerName="DKSR-EFI-04" duration="00:00:00.0005661" startTime="2023-12-22T09:35:52.2569601+01:00" endTime="2023-12-22T09:35:52.2569601+01:00" testType="13cdc9d9-ddb5-4fa4-a97d-d965ccfc6d4b" outcome="Passed" testListId="8c84fa94-04c1-424b-9868-57a2d4851a1d" relativeResultsDirectory="0c54dfa1-e397-4d8b-a8d2-82cbf75f3897" />
    <UnitTestResult executionId="8f6f8960-1e16-40bc-9ace-49b498b82179" testId="4bb55630-8b3a-5b1a-80b5-da8fceb36d41" testName="Apply_ShouldMultiplScaleYCoordinatesToTopAndBottomAndScaleXCoordinatesToLeftAndRight_WhenScaleIsNotNull" computerName="DKSR-EFI-04" duration="00:00:00.0005884" startTime="2023-12-22T09:35:52.6632128+01:00" endTime="2023-12-22T09:35:52.6632128+01:00" testType="13cdc9d9-ddb5-4fa4-a97d-d965ccfc6d4b" outcome="Passed" testListId="8c84fa94-04c1-424b-9868-57a2d4851a1d" relativeResultsDirectory="8f6f8960-1e16-40bc-9ace-49b498b82179" />
    <UnitTestResult executionId="3252773f-dab9-4df0-a777-f687ea27d18c" testId="115cf00c-004b-6d3a-9de0-103eb4fece2f" testName="OverlapsWith_ShouldReturnTrue_WhenArgumenEndTimeIsBeforeEndTimeAndAfterStartTime" computerName="DKSR-EFI-04" duration="00:00:00.0002994" startTime="2023-12-22T09:35:35.0381170+01:00" endTime="2023-12-22T09:35:35.0381170+01:00" testType="13cdc9d9-ddb5-4fa4-a97d-d965ccfc6d4b" outcome="Passed" testListId="8c84fa94-04c1-424b-9868-57a2d4851a1d" relativeResultsDirectory="3252773f-dab9-4df0-a777-f687ea27d18c" />
    <UnitTestResult executionId="5f49ce52-6096-47a6-817f-e838eb165dd5" testId="2da09afd-447a-1927-2e16-59b373bc893e" testName="GenerateDeviceCapabilityParameters_ShouldWriteTypeAsData_WhenAlways" computerName="DKSR-EFI-04" duration="00:00:00.0052129" startTime="2023-12-22T09:35:54.4132211+01:00" endTime="2023-12-22T09:35:54.4132211+01:00" testType="13cdc9d9-ddb5-4fa4-a97d-d965ccfc6d4b" outcome="Passed" testListId="8c84fa94-04c1-424b-9868-57a2d4851a1d" relativeResultsDirectory="5f49ce52-6096-47a6-817f-e838eb165dd5" />
    <UnitTestResult executionId="6b8672ce-6445-4057-bee8-2a4f10ec7f59" testId="b92c2d23-e9a0-a785-771e-708c304e0f26" testName="TestStartSearch_NoResultsOrErrorOccurredFromCanceledSearchDefinitions_Success" computerName="DKSR-EFI-04" duration="00:00:00.0148191" startTime="2023-12-22T09:35:50.0225722+01:00" endTime="2023-12-22T09:35:50.0381960+01:00" testType="13cdc9d9-ddb5-4fa4-a97d-d965ccfc6d4b" outcome="Passed" testListId="8c84fa94-04c1-424b-9868-57a2d4851a1d" relativeResultsDirectory="6b8672ce-6445-4057-bee8-2a4f10ec7f59" />
    <UnitTestResult executionId="90cb94e7-8c95-449d-9713-46eed7ba6f06" testId="5f1d3042-4664-b398-297d-153c346ec0d1" testName="Equals_ShouldHaveValueSemantics_WhenAlways" computerName="DKSR-EFI-04" duration="00:00:00.0010677" startTime="2023-12-22T09:35:51.8663310+01:00" endTime="2023-12-22T09:35:51.8663310+01:00" testType="13cdc9d9-ddb5-4fa4-a97d-d965ccfc6d4b" outcome="Passed" testListId="8c84fa94-04c1-424b-9868-57a2d4851a1d" relativeResultsDirectory="90cb94e7-8c95-449d-9713-46eed7ba6f06" />
    <UnitTestResult executionId="e91cb54f-07cb-44b1-b437-bb57ae9f9fb5" testId="b8276ba3-7850-cbef-143f-fbd86d2ed190" testName="CountByCounter_Activated_OK" computerName="DKSR-EFI-04" duration="00:00:00.0008868" startTime="2023-12-22T09:35:54.1632511+01:00" endTime="2023-12-22T09:35:54.1788471+01:00" testType="13cdc9d9-ddb5-4fa4-a97d-d965ccfc6d4b" outcome="Passed" testListId="8c84fa94-04c1-424b-9868-57a2d4851a1d" relativeResultsDirectory="e91cb54f-07cb-44b1-b437-bb57ae9f9fb5" />
    <UnitTestResult executionId="1601c136-81c7-4f17-b401-d61419a70834" testId="5c70b94c-c2ae-ec2f-8c4d-56b452bbdede" testName="ReadXml_ShouldLogWarning_WhenIncompleteTranslateIsPresent" computerName="DKSR-EFI-04" duration="00:00:00.0014493" startTime="2023-12-22T09:35:52.8507121+01:00" endTime="2023-12-22T09:35:52.8663369+01:00" testType="13cdc9d9-ddb5-4fa4-a97d-d965ccfc6d4b" outcome="Passed" testListId="8c84fa94-04c1-424b-9868-57a2d4851a1d" relativeResultsDirectory="1601c136-81c7-4f17-b401-d61419a70834" />
    <UnitTestResult executionId="051a9f99-1fc7-404d-b6a5-56a04a2c125e" testId="b7df116d-9320-09bb-de54-2fccf2279e48" testName="Icon_Set" computerName="DKSR-EFI-04" duration="00:00:00.0238594" startTime="2023-12-22T09:35:21.9443022+01:00" endTime="2023-12-22T09:35:21.9755658+01:00" testType="13cdc9d9-ddb5-4fa4-a97d-d965ccfc6d4b" outcome="Passed" testListId="8c84fa94-04c1-424b-9868-57a2d4851a1d" relativeResultsDirectory="051a9f99-1fc7-404d-b6a5-56a04a2c125e" />
    <UnitTestResult executionId="bda013a4-2e6b-49a7-9ef1-e1cf00604f71" testId="0209b421-7614-162d-e45d-48fbd126c964" testName="MatchId_Success_MessageWithAsteriskATEnd" computerName="DKSR-EFI-04" duration="00:00:00.0001820" startTime="2023-12-22T09:35:52.9913379+01:00" endTime="2023-12-22T09:35:52.9913379+01:00" testType="13cdc9d9-ddb5-4fa4-a97d-d965ccfc6d4b" outcome="Passed" testListId="8c84fa94-04c1-424b-9868-57a2d4851a1d" relativeResultsDirectory="bda013a4-2e6b-49a7-9ef1-e1cf00604f71" />
    <UnitTestResult executionId="70fb93b2-4f2f-4543-bb5d-2b42138e37a6" testId="f02151f2-7537-c913-0353-0c1cefe4a11e" testName="Append_Element_KeyString" computerName="DKSR-EFI-04" duration="00:00:00.0001662" startTime="2023-12-22T09:35:51.0225753+01:00" endTime="2023-12-22T09:35:51.0225753+01:00" testType="13cdc9d9-ddb5-4fa4-a97d-d965ccfc6d4b" outcome="Passed" testListId="8c84fa94-04c1-424b-9868-57a2d4851a1d" relativeResultsDirectory="70fb93b2-4f2f-4543-bb5d-2b42138e37a6" />
    <UnitTestResult executionId="ef2660d2-96b4-49f7-9b9c-b6160deae8ea" testId="27f0a424-dd24-08ba-788b-f15f39b1c327" testName="ReadXml_ShouldDiscardCenterOfGravity_WhenIncompleteCenterOfGravityIsPresent" computerName="DKSR-EFI-04" duration="00:00:00.0008568" startTime="2023-12-22T09:35:52.7413365+01:00" endTime="2023-12-22T09:35:52.7413365+01:00" testType="13cdc9d9-ddb5-4fa4-a97d-d965ccfc6d4b" outcome="Passed" testListId="8c84fa94-04c1-424b-9868-57a2d4851a1d" relativeResultsDirectory="ef2660d2-96b4-49f7-9b9c-b6160deae8ea" />
    <UnitTestResult executionId="8e1096c5-ded5-462a-9108-f94f435b3052" testId="ab352261-f7fb-4de5-d0ab-b3696dc3f865" testName="WriteXml_ShouldWriteRemovedElementBeforeIdleElement_WhenBothAreSet" computerName="DKSR-EFI-04" duration="00:00:00.0002925" startTime="2023-12-22T09:35:51.7882060+01:00" endTime="2023-12-22T09:35:51.7882060+01:00" testType="13cdc9d9-ddb5-4fa4-a97d-d965ccfc6d4b" outcome="Passed" testListId="8c84fa94-04c1-424b-9868-57a2d4851a1d" relativeResultsDirectory="8e1096c5-ded5-462a-9108-f94f435b3052" />
    <UnitTestResult executionId="f56d758e-37cd-462a-8d11-f9f5925c4d9d" testId="b239663f-1e50-f69c-66e6-3b0384771bf2" testName="Serialize_TestCases (TestParentTypeMatchIntThisTypeNotMatched)" computerName="DKSR-EFI-04" duration="00:00:00.0003252" startTime="2023-12-22T09:35:48.9913216+01:00" endTime="2023-12-22T09:35:48.9913216+01:00" testType="13cdc9d9-ddb5-4fa4-a97d-d965ccfc6d4b" outcome="Passed" testListId="8c84fa94-04c1-424b-9868-57a2d4851a1d" relativeResultsDirectory="f56d758e-37cd-462a-8d11-f9f5925c4d9d" />
    <UnitTestResult executionId="9c96695e-d965-4cf9-a8ec-bae1a7dfafe2" testId="4bcbb7d4-08c1-9252-8fa2-fa28745614be" testName="WriteXml_ShouldWriteAllClassCandidates_WhenThereAreMultipleClassCandidatesPresent" computerName="DKSR-EFI-04" duration="00:00:00.0006701" startTime="2023-12-22T09:35:52.5225869+01:00" endTime="2023-12-22T09:35:52.5225869+01:00" testType="13cdc9d9-ddb5-4fa4-a97d-d965ccfc6d4b" outcome="Passed" testListId="8c84fa94-04c1-424b-9868-57a2d4851a1d" relativeResultsDirectory="9c96695e-d965-4cf9-a8ec-bae1a7dfafe2" />
    <UnitTestResult executionId="9ace786f-5a32-40bb-83ed-68a9ddd5d300" testId="7b2725af-6cca-aaf7-125b-307ed988b6a3" testName="BuildShapeOverlayWidthHeightBaseEvent_ShouldReturnCorrectNumberOfShapes_WhenArgumentIsAnalyticsEvent" computerName="DKSR-EFI-04" duration="00:00:00.4755542" startTime="2023-12-22T09:35:23.8818113+01:00" endTime="2023-12-22T09:35:24.3661884+01:00" testType="13cdc9d9-ddb5-4fa4-a97d-d965ccfc6d4b" outcome="Passed" testListId="8c84fa94-04c1-424b-9868-57a2d4851a1d" relativeResultsDirectory="9ace786f-5a32-40bb-83ed-68a9ddd5d300" />
    <UnitTestResult executionId="8d0c5520-f7a6-456d-ad8e-6805ea4df655" testId="ad88d97c-caee-1d9c-2151-7b83477290c3" testName="GetExpectedToken_ShouldReturnSHA256_WhenInputTokenHashTypeIsSHA256" computerName="DKSR-EFI-04" duration="00:00:00.0005554" startTime="2023-12-22T09:35:55.1319739+01:00" endTime="2023-12-22T09:35:55.1319739+01:00" testType="13cdc9d9-ddb5-4fa4-a97d-d965ccfc6d4b" outcome="Passed" testListId="8c84fa94-04c1-424b-9868-57a2d4851a1d" relativeResultsDirectory="8d0c5520-f7a6-456d-ad8e-6805ea4df655" />
    <UnitTestResult executionId="e59836bb-c57a-42c8-92bd-996750c33d4f" testId="e3e33591-e2f2-c832-fee1-8688ba9ec456" testName="GenerateParameters_ShouldWriteNotSupportedForFirmware_WhenFirmwareIsNull" computerName="DKSR-EFI-04" duration="00:00:00.0004244" startTime="2023-12-22T09:35:54.4913483+01:00" endTime="2023-12-22T09:35:54.4913483+01:00" testType="13cdc9d9-ddb5-4fa4-a97d-d965ccfc6d4b" outcome="Passed" testListId="8c84fa94-04c1-424b-9868-57a2d4851a1d" relativeResultsDirectory="e59836bb-c57a-42c8-92bd-996750c33d4f" />
    <UnitTestResult executionId="6adada52-29b2-4e4d-bb6a-2ef12de9958c" testId="9fc73790-9fce-7434-a93e-864e387eae18" testName="UtcTimeAttributeWasPresent_ShouldReturnTrue_WhenUtcTimeAttributeIsParsed" computerName="DKSR-EFI-04" duration="00:00:00.0003320" startTime="2023-12-22T09:35:52.0538359+01:00" endTime="2023-12-22T09:35:52.0538359+01:00" testType="13cdc9d9-ddb5-4fa4-a97d-d965ccfc6d4b" outcome="Passed" testListId="8c84fa94-04c1-424b-9868-57a2d4851a1d" relativeResultsDirectory="6adada52-29b2-4e4d-bb6a-2ef12de9958c" />
    <UnitTestResult executionId="dcb443c6-7c75-4121-a8f6-79c6570e4458" testId="20d9288d-2ec6-4b24-6a84-22a61e3296f1" testName="CountByCounter_Activated_Expired_Missing" computerName="DKSR-EFI-04" duration="00:00:00.0007230" startTime="2023-12-22T09:35:54.1788471+01:00" endTime="2023-12-22T09:35:54.1788471+01:00" testType="13cdc9d9-ddb5-4fa4-a97d-d965ccfc6d4b" outcome="Passed" testListId="8c84fa94-04c1-424b-9868-57a2d4851a1d" relativeResultsDirectory="dcb443c6-7c75-4121-a8f6-79c6570e4458" />
    <UnitTestResult executionId="6af9c6c8-7bbf-46d4-87a8-8b34dd8352f1" testId="6494ab94-5c0c-369b-99ff-59bfdd03b59b" testName="GenerateDeviceParameters_ShouldOmitQuality_WhenQualityIsZero" computerName="DKSR-EFI-04" duration="00:00:00.0006007" startTime="2023-12-22T09:35:54.3975962+01:00" endTime="2023-12-22T09:35:54.3975962+01:00" testType="13cdc9d9-ddb5-4fa4-a97d-d965ccfc6d4b" outcome="Passed" testListId="8c84fa94-04c1-424b-9868-57a2d4851a1d" relativeResultsDirectory="6af9c6c8-7bbf-46d4-87a8-8b34dd8352f1" />
    <UnitTestResult executionId="b6f43d99-3619-4ea5-8c0c-742b3da780d2" testId="4d8c83aa-a156-12a2-4c8a-ba95a8a26318" testName="HostInitialized_ShouldInvokeCallback_WhenInitializedWithItems" computerName="DKSR-EFI-04" duration="00:00:00.0020562" startTime="2023-12-22T09:35:46.7256788+01:00" endTime="2023-12-22T09:35:46.7256788+01:00" testType="13cdc9d9-ddb5-4fa4-a97d-d965ccfc6d4b" outcome="Passed" testListId="8c84fa94-04c1-424b-9868-57a2d4851a1d" relativeResultsDirectory="b6f43d99-3619-4ea5-8c0c-742b3da780d2" />
    <UnitTestResult executionId="cf656fbb-a599-4b52-b78f-2abb60f6f16b" testId="50a956ce-9348-bb74-74bb-95ec2b1592c0" testName="WriteAppearanceExtenstionXml_ShouldWriteFillColor_WhenFillColorIsPresent" computerName="DKSR-EFI-04" duration="00:00:00.0005322" startTime="2023-12-22T09:35:52.6788367+01:00" endTime="2023-12-22T09:35:52.6788367+01:00" testType="13cdc9d9-ddb5-4fa4-a97d-d965ccfc6d4b" outcome="Passed" testListId="8c84fa94-04c1-424b-9868-57a2d4851a1d" relativeResultsDirectory="cf656fbb-a599-4b52-b78f-2abb60f6f16b" />
    <UnitTestResult executionId="c6401390-04ea-4349-8777-0b79a1e95e0e" testId="81e8c1a0-4900-8a66-1f87-0c131327f5b5" testName="Ctor_TwoCustomFilters_Success" computerName="DKSR-EFI-04" duration="00:00:00.0008673" startTime="2023-12-22T09:35:50.8350780+01:00" endTime="2023-12-22T09:35:50.8350780+01:00" testType="13cdc9d9-ddb5-4fa4-a97d-d965ccfc6d4b" outcome="Passed" testListId="8c84fa94-04c1-424b-9868-57a2d4851a1d" relativeResultsDirectory="c6401390-04ea-4349-8777-0b79a1e95e0e" />
    <UnitTestResult executionId="78e5f712-3434-492b-ab49-075e0724c306" testId="cfc09053-dd65-09af-3398-2d1e903d515a" testName="Stop_EmptyQueue_IsStoppingSetButIsStoppedNotSet" computerName="DKSR-EFI-04" duration="00:00:00.0001990" startTime="2023-12-22T09:35:35.1943731+01:00" endTime="2023-12-22T09:35:35.1943731+01:00" testType="13cdc9d9-ddb5-4fa4-a97d-d965ccfc6d4b" outcome="Passed" testListId="8c84fa94-04c1-424b-9868-57a2d4851a1d" relativeResultsDirectory="78e5f712-3434-492b-ab49-075e0724c306" />
    <UnitTestResult executionId="ffdaa85c-e5cb-499e-a570-7109a55d56a6" testId="3d82fc6e-5f69-e808-ca5d-cd01f3ee4891" testName="GenerateTypeDefinintionParameters_ShouldCallGenerateDeviceCapabilityParametersWithCorrectPrefix_WhenThereAreCapabilities" computerName="DKSR-EFI-04" duration="00:00:00.0020112" startTime="2023-12-22T09:35:55.1007244+01:00" endTime="2023-12-22T09:35:55.1007244+01:00" testType="13cdc9d9-ddb5-4fa4-a97d-d965ccfc6d4b" outcome="Passed" testListId="8c84fa94-04c1-424b-9868-57a2d4851a1d" relativeResultsDirectory="ffdaa85c-e5cb-499e-a570-7109a55d56a6" />
    <UnitTestResult executionId="3c52d42c-d10b-481a-914f-9f051d302198" testId="1b66a21c-10a6-0908-6fbd-7ece73d7fb3e" testName="GenerateDeviceCapabilityParameters_ShouldWriteMinimum_WhenAlways" computerName="DKSR-EFI-04" duration="00:00:00.0005528" startTime="2023-12-22T09:35:54.4132211+01:00" endTime="2023-12-22T09:35:54.4132211+01:00" testType="13cdc9d9-ddb5-4fa4-a97d-d965ccfc6d4b" outcome="Passed" testListId="8c84fa94-04c1-424b-9868-57a2d4851a1d" relativeResultsDirectory="3c52d42c-d10b-481a-914f-9f051d302198" />
    <UnitTestResult executionId="c171c1f5-fd9e-4edc-8338-21166b3fa4fc" testId="3a583449-4deb-358f-f880-2478ec9ff18a" testName="GetColorFilterValues_MultiSelection_Success" computerName="DKSR-EFI-04" duration="00:00:00.0007736" startTime="2023-12-22T09:35:50.9444530+01:00" endTime="2023-12-22T09:35:50.9600762+01:00" testType="13cdc9d9-ddb5-4fa4-a97d-d965ccfc6d4b" outcome="Passed" testListId="8c84fa94-04c1-424b-9868-57a2d4851a1d" relativeResultsDirectory="c171c1f5-fd9e-4edc-8338-21166b3fa4fc" />
    <UnitTestResult executionId="845e751b-bf2a-4003-8033-bb439924b411" testId="1f1cc29a-ffbb-09ec-fd2b-edba3215943f" testName="CountByItems_Activated_WithTrialsInActivation" computerName="DKSR-EFI-04" duration="00:00:00.0037309" startTime="2023-12-22T09:35:54.2413433+01:00" endTime="2023-12-22T09:35:54.2413433+01:00" testType="13cdc9d9-ddb5-4fa4-a97d-d965ccfc6d4b" outcome="Passed" testListId="8c84fa94-04c1-424b-9868-57a2d4851a1d" relativeResultsDirectory="845e751b-bf2a-4003-8033-bb439924b411" />
    <UnitTestResult executionId="7f76f568-4d46-4c18-a60e-919936f3a7e9" testId="d2a69b62-2638-ec8f-cc97-92c357c5901e" testName="GetNext_ShouldReturnSecondElement_WhenFirstEntryWasCalledAndThereIsAPreviousNext" computerName="DKSR-EFI-04" duration="00:00:00.0005168" startTime="2023-12-22T09:35:54.5850976+01:00" endTime="2023-12-22T09:35:54.5850976+01:00" testType="13cdc9d9-ddb5-4fa4-a97d-d965ccfc6d4b" outcome="Passed" testListId="8c84fa94-04c1-424b-9868-57a2d4851a1d" relativeResultsDirectory="7f76f568-4d46-4c18-a60e-919936f3a7e9" />
    <UnitTestResult executionId="8cb58cea-258f-4040-ba27-e345751d291f" testId="1c326e5c-4c62-8c00-ee40-aad1ae557760" testName="WriteXml_ShouldWriteTypeAndLikelihoodElementContents_WhenTheyAreSet" computerName="DKSR-EFI-04" duration="00:00:00.0003776" startTime="2023-12-22T09:35:51.8663310+01:00" endTime="2023-12-22T09:35:51.8663310+01:00" testType="13cdc9d9-ddb5-4fa4-a97d-d965ccfc6d4b" outcome="Passed" testListId="8c84fa94-04c1-424b-9868-57a2d4851a1d" relativeResultsDirectory="8cb58cea-258f-4040-ba27-e345751d291f" />
    <UnitTestResult executionId="01f151bf-cd18-4f54-bc80-986ffe2d0d4c" testId="11a66fc8-e44f-e614-4b59-2054ed6010ca" testName="ReadXml_ShouldReadType_WhenCorrectTypeIsPresent" computerName="DKSR-EFI-04" duration="00:00:00.0003209" startTime="2023-12-22T09:35:51.8194578+01:00" endTime="2023-12-22T09:35:51.8350796+01:00" testType="13cdc9d9-ddb5-4fa4-a97d-d965ccfc6d4b" outcome="Passed" testListId="8c84fa94-04c1-424b-9868-57a2d4851a1d" relativeResultsDirectory="01f151bf-cd18-4f54-bc80-986ffe2d0d4c" />
    <UnitTestResult executionId="b4a16716-016a-44dc-a539-a1cfbdd09495" testId="c4d26256-1744-c2d0-2a14-fe21640d4fe1" testName="GetNext_ShouldReturnNull_WhenCacheHasJustBenLoadedWithNewData" computerName="DKSR-EFI-04" duration="00:00:00.0004715" startTime="2023-12-22T09:35:54.6007223+01:00" endTime="2023-12-22T09:35:54.6007223+01:00" testType="13cdc9d9-ddb5-4fa4-a97d-d965ccfc6d4b" outcome="Passed" testListId="8c84fa94-04c1-424b-9868-57a2d4851a1d" relativeResultsDirectory="b4a16716-016a-44dc-a539-a1cfbdd09495" />
    <UnitTestResult executionId="a88f2730-369b-4bb2-8440-c42fb4eedaab" testId="256352cb-a01d-67ee-0151-ab9132f46725" testName="ConstructorInt_ShouldReturnCorrectArgbValues_Always" computerName="DKSR-EFI-04" duration="00:00:00.0004292" startTime="2023-12-22T09:35:51.8976064+01:00" endTime="2023-12-22T09:35:51.8976064+01:00" testType="13cdc9d9-ddb5-4fa4-a97d-d965ccfc6d4b" outcome="Passed" testListId="8c84fa94-04c1-424b-9868-57a2d4851a1d" relativeResultsDirectory="a88f2730-369b-4bb2-8440-c42fb4eedaab" />
    <UnitTestResult executionId="a89ac44b-52e6-4656-8ea4-13fcff3fba08" testId="140c6661-e4ad-8b7b-ad2a-b9df65337e63" testName="ReadXml_ShouldSetIsRemoved_WhenRemovedElementIsPresentWithCorrectNamespace" computerName="DKSR-EFI-04" duration="00:00:00.0002405" startTime="2023-12-22T09:35:51.7569562+01:00" endTime="2023-12-22T09:35:51.7569562+01:00" testType="13cdc9d9-ddb5-4fa4-a97d-d965ccfc6d4b" outcome="Passed" testListId="8c84fa94-04c1-424b-9868-57a2d4851a1d" relativeResultsDirectory="a89ac44b-52e6-4656-8ea4-13fcff3fba08" />
    <UnitTestResult executionId="fd0a6d07-52a3-465c-8f2d-3179a40ca6d5" testId="107e0daf-d21c-596c-9a4b-7e99c0ba5816" testName="Equals_Ignore_Fail_OnKind" computerName="DKSR-EFI-04" duration="00:00:00.0004423" startTime="2023-12-22T09:35:21.1317955+01:00" endTime="2023-12-22T09:35:21.1317955+01:00" testType="13cdc9d9-ddb5-4fa4-a97d-d965ccfc6d4b" outcome="Passed" testListId="8c84fa94-04c1-424b-9868-57a2d4851a1d" relativeResultsDirectory="fd0a6d07-52a3-465c-8f2d-3179a40ca6d5" />
    <UnitTestResult executionId="9e6b7d17-d7bd-424e-8701-1e563f8d6074" testId="5a26cd62-bdfd-afb4-b17e-eb94ffbff81b" testName="Get_Element_Invalid" computerName="DKSR-EFI-04" duration="00:00:00.0001358" startTime="2023-12-22T09:35:51.2257028+01:00" endTime="2023-12-22T09:35:51.2413286+01:00" testType="13cdc9d9-ddb5-4fa4-a97d-d965ccfc6d4b" outcome="Passed" testListId="8c84fa94-04c1-424b-9868-57a2d4851a1d" relativeResultsDirectory="9e6b7d17-d7bd-424e-8701-1e563f8d6074" />
    <UnitTestResult executionId="16d147ac-1ac9-4c0a-a0c2-77456d562af9" testId="5be5e628-43fb-71a1-e880-34735fe5e2ed" testName="ReadXml_ShouldReadBehaviour_WhenBehaviourIsPresent" computerName="DKSR-EFI-04" duration="00:00:00.0002481" startTime="2023-12-22T09:35:52.5538353+01:00" endTime="2023-12-22T09:35:52.5538353+01:00" testType="13cdc9d9-ddb5-4fa4-a97d-d965ccfc6d4b" outcome="Passed" testListId="8c84fa94-04c1-424b-9868-57a2d4851a1d" relativeResultsDirectory="16d147ac-1ac9-4c0a-a0c2-77456d562af9" />
    <UnitTestResult executionId="574cc814-8d7e-4034-9a64-5517d8e7dc8f" testId="5aae0d5c-c153-7620-5b85-675beef30370" testName="TestConstructor_Success" computerName="DKSR-EFI-04" duration="00:00:00.0003152" startTime="2023-12-22T09:35:50.9757004+01:00" endTime="2023-12-22T09:35:50.9757004+01:00" testType="13cdc9d9-ddb5-4fa4-a97d-d965ccfc6d4b" outcome="Passed" testListId="8c84fa94-04c1-424b-9868-57a2d4851a1d" relativeResultsDirectory="574cc814-8d7e-4034-9a64-5517d8e7dc8f" />
    <UnitTestResult executionId="c8893595-a831-4c2d-ae21-c523d2e68922" testId="57917bfd-ab9b-4422-cadc-1c44ad6d5244" testName="ReadXml_ShouldReadRightAttribute_WhenPresent" computerName="DKSR-EFI-04" duration="00:00:00.0003418" startTime="2023-12-22T09:35:52.6163359+01:00" endTime="2023-12-22T09:35:52.6163359+01:00" testType="13cdc9d9-ddb5-4fa4-a97d-d965ccfc6d4b" outcome="Passed" testListId="8c84fa94-04c1-424b-9868-57a2d4851a1d" relativeResultsDirectory="c8893595-a831-4c2d-ae21-c523d2e68922" />
    <UnitTestResult executionId="6a9130bd-1ee0-46ca-9846-463aaf5d3313" testId="d218b1ec-f943-b4b5-4c70-d50ae6005d5d" testName="SearializePlusDeserialize_NestedElement_ShouldResultInSameString" computerName="DKSR-EFI-04" duration="00:00:00.0001803" startTime="2023-12-22T09:35:51.1475789+01:00" endTime="2023-12-22T09:35:51.1475789+01:00" testType="13cdc9d9-ddb5-4fa4-a97d-d965ccfc6d4b" outcome="Passed" testListId="8c84fa94-04c1-424b-9868-57a2d4851a1d" relativeResultsDirectory="6a9130bd-1ee0-46ca-9846-463aaf5d3313" />
    <UnitTestResult executionId="e550ec68-9449-4e3f-b4b1-af4939f1c2e6" testId="6a6ed04d-7bec-096f-c4cc-c8e9813f02b3" testName="Initialize_Default_Values" computerName="DKSR-EFI-04" duration="00:00:00.0026320" startTime="2023-12-22T09:35:45.7412986+01:00" endTime="2023-12-22T09:35:45.7412986+01:00" testType="13cdc9d9-ddb5-4fa4-a97d-d965ccfc6d4b" outcome="Passed" testListId="8c84fa94-04c1-424b-9868-57a2d4851a1d" relativeResultsDirectory="e550ec68-9449-4e3f-b4b1-af4939f1c2e6" />
    <UnitTestResult executionId="79980e31-49ab-4b63-88d1-8a4ef8a1746d" testId="9e63be9d-2216-71c5-83e2-51bd84dc8a93" testName="CountByCounter_NotActivated_Expired" computerName="DKSR-EFI-04" duration="00:00:00.0008219" startTime="2023-12-22T09:35:54.1632511+01:00" endTime="2023-12-22T09:35:54.1632511+01:00" testType="13cdc9d9-ddb5-4fa4-a97d-d965ccfc6d4b" outcome="Passed" testListId="8c84fa94-04c1-424b-9868-57a2d4851a1d" relativeResultsDirectory="79980e31-49ab-4b63-88d1-8a4ef8a1746d" />
    <UnitTestResult executionId="94de3e32-cda0-48f5-bed7-093db1cae2fe" testId="25d2ce81-b800-30ed-a9ff-8db2b7fca025" testName="GenerateParameters_ShouldWriteSerialNr_WhenSerialNrIsNotNull" computerName="DKSR-EFI-04" duration="00:00:00.0002989" startTime="2023-12-22T09:35:54.4913483+01:00" endTime="2023-12-22T09:35:54.4913483+01:00" testType="13cdc9d9-ddb5-4fa4-a97d-d965ccfc6d4b" outcome="Passed" testListId="8c84fa94-04c1-424b-9868-57a2d4851a1d" relativeResultsDirectory="94de3e32-cda0-48f5-bed7-093db1cae2fe" />
    <UnitTestResult executionId="22e852a4-d0c2-4cb5-b35e-d21fc5bca831" testId="43af5117-1f9c-6ca5-e2b0-3bd57b512c6f" testName="GetLicensePlateFilterValue_ValidSelection_Success" computerName="DKSR-EFI-04" duration="00:00:00.0010707" startTime="2023-12-22T09:35:50.9288272+01:00" endTime="2023-12-22T09:35:50.9288272+01:00" testType="13cdc9d9-ddb5-4fa4-a97d-d965ccfc6d4b" outcome="Passed" testListId="8c84fa94-04c1-424b-9868-57a2d4851a1d" relativeResultsDirectory="22e852a4-d0c2-4cb5-b35e-d21fc5bca831" />
    <UnitTestResult executionId="37ee89dd-5884-4e2c-b408-5b9e67f940b5" testId="eb6c6ac3-8255-5d9f-217d-2811f0bfb24c" testName="Serialize_TestCases (Verify root Collection (null) property get property value)" computerName="DKSR-EFI-04" duration="00:00:00.0001397" startTime="2023-12-22T09:35:48.8975656+01:00" endTime="2023-12-22T09:35:48.8975656+01:00" testType="13cdc9d9-ddb5-4fa4-a97d-d965ccfc6d4b" outcome="Passed" testListId="8c84fa94-04c1-424b-9868-57a2d4851a1d" relativeResultsDirectory="37ee89dd-5884-4e2c-b408-5b9e67f940b5" />
    <UnitTestResult executionId="ce48322d-48d0-4fff-b54f-d1eee16b5420" testId="2339c643-1a37-d25a-2a23-49039f375c2c" testName="NavigationalData_ShouldReturnNull_WhenXmlDidNotContainNavigationalData" computerName="DKSR-EFI-04" duration="00:00:00.0002580" startTime="2023-12-22T09:35:52.3038371+01:00" endTime="2023-12-22T09:35:52.3038371+01:00" testType="13cdc9d9-ddb5-4fa4-a97d-d965ccfc6d4b" outcome="Passed" testListId="8c84fa94-04c1-424b-9868-57a2d4851a1d" relativeResultsDirectory="ce48322d-48d0-4fff-b54f-d1eee16b5420" />
    <UnitTestResult executionId="4485bc8c-4781-45db-9a99-3d11a21605f4" testId="c47cbfb5-8a50-ef76-dc8b-bbbbe83c35f6" testName="ReadXml_ShouldReadBottomAttribute_WhenPresent" computerName="DKSR-EFI-04" duration="00:00:00.0002995" startTime="2023-12-22T09:35:52.6163359+01:00" endTime="2023-12-22T09:35:52.6163359+01:00" testType="13cdc9d9-ddb5-4fa4-a97d-d965ccfc6d4b" outcome="Passed" testListId="8c84fa94-04c1-424b-9868-57a2d4851a1d" relativeResultsDirectory="4485bc8c-4781-45db-9a99-3d11a21605f4" />
    <UnitTestResult executionId="c49e4957-f687-4a0f-ae9d-9ab000037f0f" testId="b3801728-52f7-7053-510c-0b3ffd814256" testName="CreateSearchFilterEditControl_NullConfiguration_ReturnsNull" computerName="DKSR-EFI-04" duration="00:00:00.0013179" startTime="2023-12-22T09:35:50.1944475+01:00" endTime="2023-12-22T09:35:50.1944475+01:00" testType="13cdc9d9-ddb5-4fa4-a97d-d965ccfc6d4b" outcome="Passed" testListId="8c84fa94-04c1-424b-9868-57a2d4851a1d" relativeResultsDirectory="c49e4957-f687-4a0f-ae9d-9ab000037f0f" />
    <UnitTestResult executionId="74853745-1e13-4574-9965-2164b03a87ed" testId="42e8385e-9428-8ed0-dceb-a1eac93d91de" testName="Equals_ShouldReturnTrue_WhenHostIsTextualLocalhostAndOtherHostIsDottedDecimalThisNetwork" computerName="DKSR-EFI-04" duration="00:00:00.0004756" startTime="2023-12-22T09:35:23.3193087+01:00" endTime="2023-12-22T09:35:23.3193087+01:00" testType="13cdc9d9-ddb5-4fa4-a97d-d965ccfc6d4b" outcome="Passed" testListId="8c84fa94-04c1-424b-9868-57a2d4851a1d" relativeResultsDirectory="74853745-1e13-4574-9965-2164b03a87ed" />
    <UnitTestResult executionId="215ddb59-52e0-4aeb-888a-29d88f7876df" testId="e683acf1-8f1f-37ca-c494-91edf8586d46" testName="JsonReader_ErrorResponse_Success" computerName="DKSR-EFI-04" duration="00:00:00.0001484" startTime="2023-12-22T09:35:51.2569538+01:00" endTime="2023-12-22T09:35:51.2569538+01:00" testType="13cdc9d9-ddb5-4fa4-a97d-d965ccfc6d4b" outcome="Passed" testListId="8c84fa94-04c1-424b-9868-57a2d4851a1d" relativeResultsDirectory="215ddb59-52e0-4aeb-888a-29d88f7876df" />
    <UnitTestResult executionId="68cead74-32f8-4508-9967-0b3301addfb4" testId="7a7fdf06-c490-deb2-82e6-65e1294c3173" testName="AllAttributesWerePresent_ShouldReturnFalse_WhenYAttributeIsNotAFloat" computerName="DKSR-EFI-04" duration="00:00:00.0003140" startTime="2023-12-22T09:35:52.9132108+01:00" endTime="2023-12-22T09:35:52.9132108+01:00" testType="13cdc9d9-ddb5-4fa4-a97d-d965ccfc6d4b" outcome="Passed" testListId="8c84fa94-04c1-424b-9868-57a2d4851a1d" relativeResultsDirectory="68cead74-32f8-4508-9967-0b3301addfb4" />
    <UnitTestResult executionId="44e674e0-e169-4816-91a3-aa7b3ad02771" testId="61e3c009-6d40-f26a-bfa1-a7b30d7f5bbd" testName="CreateSearchFilterEditControl_MissingPlugin_ReturnsNull" computerName="DKSR-EFI-04" duration="00:00:00.0006094" startTime="2023-12-22T09:35:50.1944475+01:00" endTime="2023-12-22T09:35:50.1944475+01:00" testType="13cdc9d9-ddb5-4fa4-a97d-d965ccfc6d4b" outcome="Passed" testListId="8c84fa94-04c1-424b-9868-57a2d4851a1d" relativeResultsDirectory="44e674e0-e169-4816-91a3-aa7b3ad02771" />
    <UnitTestResult executionId="b4b27103-9499-4cd4-a36d-bf3a85613c59" testId="1e592ef1-e1bf-3981-b2eb-87e514325b77" testName="GetAtOrBefore_ShouldReturnNull_WhenTimestampIsAfterLastElement" computerName="DKSR-EFI-04" duration="00:00:00.0004691" startTime="2023-12-22T09:35:54.6319722+01:00" endTime="2023-12-22T09:35:54.6319722+01:00" testType="13cdc9d9-ddb5-4fa4-a97d-d965ccfc6d4b" outcome="Passed" testListId="8c84fa94-04c1-424b-9868-57a2d4851a1d" relativeResultsDirectory="b4b27103-9499-4cd4-a36d-bf3a85613c59" />
    <UnitTestResult executionId="7c58c81d-5ae8-425c-a64a-629bfddeac94" testId="5f47c21d-eb6b-8972-42b3-349701e80bfd" testName="ReadXml_ShouldLogWarning_WhenShapeIsInvalid" computerName="DKSR-EFI-04" duration="00:00:00.0036838" startTime="2023-12-22T09:35:51.6475803+01:00" endTime="2023-12-22T09:35:51.6632050+01:00" testType="13cdc9d9-ddb5-4fa4-a97d-d965ccfc6d4b" outcome="Passed" testListId="8c84fa94-04c1-424b-9868-57a2d4851a1d" relativeResultsDirectory="7c58c81d-5ae8-425c-a64a-629bfddeac94" />
    <UnitTestResult executionId="db2e55c7-1f95-4e7f-9cc6-5b94eb0aa85b" testId="0fbf3694-a7c3-3fef-5348-e45949735e92" testName="IsVisibleCallback_OnlyAllowedItemsVisible" computerName="DKSR-EFI-04" duration="00:00:00.0746173" startTime="2023-12-22T09:35:46.0694255+01:00" endTime="2023-12-22T09:35:46.1319255+01:00" testType="13cdc9d9-ddb5-4fa4-a97d-d965ccfc6d4b" outcome="Passed" testListId="8c84fa94-04c1-424b-9868-57a2d4851a1d" relativeResultsDirectory="db2e55c7-1f95-4e7f-9cc6-5b94eb0aa85b" />
    <UnitTestResult executionId="47d79d91-5297-46cc-b0d0-75fe85bababe" testId="3fce05ef-b530-f8da-eaa9-a5674fdfcd79" testName="ReadXml_ShouldReadClassCandidate_WhenCorrectClassCandidateIsPresent" computerName="DKSR-EFI-04" duration="00:00:00.0016628" startTime="2023-12-22T09:35:52.4757115+01:00" endTime="2023-12-22T09:35:52.4757115+01:00" testType="13cdc9d9-ddb5-4fa4-a97d-d965ccfc6d4b" outcome="Passed" testListId="8c84fa94-04c1-424b-9868-57a2d4851a1d" relativeResultsDirectory="47d79d91-5297-46cc-b0d0-75fe85bababe" />
    <UnitTestResult executionId="f74d16a4-c6c4-4b3e-a808-43028ba62ee7" testId="a7dc6179-c1b7-aef9-5686-edbcfe9b120d" testName="Equals_IgnoreFolderType_Fail_OnParentId" computerName="DKSR-EFI-04" duration="00:00:00.0005071" startTime="2023-12-22T09:35:21.1005469+01:00" endTime="2023-12-22T09:35:21.1005469+01:00" testType="13cdc9d9-ddb5-4fa4-a97d-d965ccfc6d4b" outcome="Passed" testListId="8c84fa94-04c1-424b-9868-57a2d4851a1d" relativeResultsDirectory="f74d16a4-c6c4-4b3e-a808-43028ba62ee7" />
    <UnitTestResult executionId="eb7d596e-9c6d-4e25-89e1-82efc787cb5b" testId="07de42b9-1d07-0430-7138-cc678292c007" testName="WriteXml_ShouldWriteBase64EncodedOriginalData_WhenOriginalDataIsPresent" computerName="DKSR-EFI-04" duration="00:00:00.0004024" startTime="2023-12-22T09:35:52.3350843+01:00" endTime="2023-12-22T09:35:52.3350843+01:00" testType="13cdc9d9-ddb5-4fa4-a97d-d965ccfc6d4b" outcome="Passed" testListId="8c84fa94-04c1-424b-9868-57a2d4851a1d" relativeResultsDirectory="eb7d596e-9c6d-4e25-89e1-82efc787cb5b" />
    <UnitTestResult executionId="939ee79b-3d7e-4e71-8781-786f1594b7c2" testId="9f4b8baa-3d93-c3b8-cb10-c40ec85c9336" testName="IconOverlay_VaryingOverlays_Success" computerName="DKSR-EFI-04" duration="00:00:00.0155720" startTime="2023-12-22T09:35:22.1943020+01:00" endTime="2023-12-22T09:35:22.2099247+01:00" testType="13cdc9d9-ddb5-4fa4-a97d-d965ccfc6d4b" outcome="Passed" testListId="8c84fa94-04c1-424b-9868-57a2d4851a1d" relativeResultsDirectory="939ee79b-3d7e-4e71-8781-786f1594b7c2" />
    <UnitTestResult executionId="973f3b74-9cc1-4e11-9c66-72bdbec99360" testId="feff974b-15e7-7bde-2e9a-7282257d799e" testName="GenerateDeviceCapabilityParameters_ShouldWriteDefault_WhenAlways" computerName="DKSR-EFI-04" duration="00:00:00.0005313" startTime="2023-12-22T09:35:54.4288485+01:00" endTime="2023-12-22T09:35:54.4288485+01:00" testType="13cdc9d9-ddb5-4fa4-a97d-d965ccfc6d4b" outcome="Passed" testListId="8c84fa94-04c1-424b-9868-57a2d4851a1d" relativeResultsDirectory="973f3b74-9cc1-4e11-9c66-72bdbec99360" />
    <UnitTestResult executionId="5f48c663-a9b7-4ccd-9b18-cae402aad685" testId="a26aca48-0992-fb7f-2394-abc4cff3b453" testName="Unescape_Success" computerName="DKSR-EFI-04" duration="00:00:00.0005976" startTime="2023-12-22T09:35:35.0225250+01:00" endTime="2023-12-22T09:35:35.0225250+01:00" testType="13cdc9d9-ddb5-4fa4-a97d-d965ccfc6d4b" outcome="Passed" testListId="8c84fa94-04c1-424b-9868-57a2d4851a1d" relativeResultsDirectory="5f48c663-a9b7-4ccd-9b18-cae402aad685" />
    <UnitTestResult executionId="a18287f6-acc6-4e76-8270-f96b3b86227b" testId="b11280c6-b927-424b-97d9-4a8daa017667" testName="ReadXml_ShouldReadLatitude_WhenLatitudeIsPresent" computerName="DKSR-EFI-04" duration="00:00:00.0014455" startTime="2023-12-22T09:35:52.4288350+01:00" endTime="2023-12-22T09:35:52.4288350+01:00" testType="13cdc9d9-ddb5-4fa4-a97d-d965ccfc6d4b" outcome="Passed" testListId="8c84fa94-04c1-424b-9868-57a2d4851a1d" relativeResultsDirectory="a18287f6-acc6-4e76-8270-f96b3b86227b" />
    <UnitTestResult executionId="b837d7c5-844e-4cca-b06f-879c4f880125" testId="4b43a64c-589e-4267-f17d-15d04a909013" testName="Clone_Camera_Fails_Checked" computerName="DKSR-EFI-04" duration="00:00:00.0011124" startTime="2023-12-22T09:35:21.0692949+01:00" endTime="2023-12-22T09:35:21.0692949+01:00" testType="13cdc9d9-ddb5-4fa4-a97d-d965ccfc6d4b" outcome="Passed" testListId="8c84fa94-04c1-424b-9868-57a2d4851a1d" relativeResultsDirectory="b837d7c5-844e-4cca-b06f-879c4f880125" />
    <UnitTestResult executionId="15eadcd7-26c7-46ed-857c-4fe67bf29084" testId="35a57cb6-17e3-2864-373a-0a8f0a5d8876" testName="Equals_Success" computerName="DKSR-EFI-04" duration="00:00:00.0005349" startTime="2023-12-22T09:35:53.2257139+01:00" endTime="2023-12-22T09:35:53.2257139+01:00" testType="13cdc9d9-ddb5-4fa4-a97d-d965ccfc6d4b" outcome="Passed" testListId="8c84fa94-04c1-424b-9868-57a2d4851a1d" relativeResultsDirectory="15eadcd7-26c7-46ed-857c-4fe67bf29084" />
    <UnitTestResult executionId="ad6a62ab-e0ed-443b-a1b3-539f7f58817d" testId="13808eac-f72b-2563-39d5-58056dcce54a" testName="Clear_KeysPresent_ClearsCacheAndGetReturnsNull" computerName="DKSR-EFI-04" duration="00:00:00.0021735" startTime="2023-12-22T09:35:35.8037480+01:00" endTime="2023-12-22T09:35:35.8037480+01:00" testType="13cdc9d9-ddb5-4fa4-a97d-d965ccfc6d4b" outcome="Passed" testListId="8c84fa94-04c1-424b-9868-57a2d4851a1d" relativeResultsDirectory="ad6a62ab-e0ed-443b-a1b3-539f7f58817d" />
    <UnitTestResult executionId="44f749d3-92d3-469c-93cd-2f848d5a9968" testId="4ebf288a-b726-10f1-5f92-94533ac346f1" testName="SetCacheContents_ShuldSortEntriesAccordingToData_WhenAlways" computerName="DKSR-EFI-04" duration="00:00:00.0012685" startTime="2023-12-22T09:35:54.5225977+01:00" endTime="2023-12-22T09:35:54.5225977+01:00" testType="13cdc9d9-ddb5-4fa4-a97d-d965ccfc6d4b" outcome="Passed" testListId="8c84fa94-04c1-424b-9868-57a2d4851a1d" relativeResultsDirectory="44f749d3-92d3-469c-93cd-2f848d5a9968" />
    <UnitTestResult executionId="a2e738ee-51d9-454e-9fa4-b93dbbfb2701" testId="6efe46f6-24e8-324a-c841-828d4ce3c2fb" testName="WriteXml_ShouldWriteChildrenInCorrectOrder_WhenChildrenAreNotNull" computerName="DKSR-EFI-04" duration="00:00:00.0006451" startTime="2023-12-22T09:35:52.8038383+01:00" endTime="2023-12-22T09:35:52.8038383+01:00" testType="13cdc9d9-ddb5-4fa4-a97d-d965ccfc6d4b" outcome="Passed" testListId="8c84fa94-04c1-424b-9868-57a2d4851a1d" relativeResultsDirectory="a2e738ee-51d9-454e-9fa4-b93dbbfb2701" />
    <UnitTestResult executionId="6ec31b54-2479-42b6-b377-12d6063cd4f1" testId="a67e2ec6-c284-283e-f6bb-5df24e13d453" testName="GetAgeFilterValue_FilterValueMissing_ReturnsEmptyCollection" computerName="DKSR-EFI-04" duration="00:00:00.0005635" startTime="2023-12-22T09:35:50.8507018+01:00" endTime="2023-12-22T09:35:50.8507018+01:00" testType="13cdc9d9-ddb5-4fa4-a97d-d965ccfc6d4b" outcome="Passed" testListId="8c84fa94-04c1-424b-9868-57a2d4851a1d" relativeResultsDirectory="6ec31b54-2479-42b6-b377-12d6063cd4f1" />
    <UnitTestResult executionId="985ba95b-5a15-4e5e-a872-a3c26f81cb4e" testId="4c802ea5-aa1d-d28e-7473-4c1c59889246" testName="GenerateParameters_ShouldOmitCodecList_WhenCodecSetIsEmpty" computerName="DKSR-EFI-04" duration="00:00:00.0002447" startTime="2023-12-22T09:35:54.3194706+01:00" endTime="2023-12-22T09:35:54.3194706+01:00" testType="13cdc9d9-ddb5-4fa4-a97d-d965ccfc6d4b" outcome="Passed" testListId="8c84fa94-04c1-424b-9868-57a2d4851a1d" relativeResultsDirectory="985ba95b-5a15-4e5e-a872-a3c26f81cb4e" />
    <UnitTestResult executionId="ae1c47a9-859e-4773-a1f2-aed687dab5e2" testId="5b5b0b17-b74c-6ecb-201e-61f7e7362b6f" testName="GetFrame_ShouldReturnNull_WhenThereAreNoFrames" computerName="DKSR-EFI-04" duration="00:00:00.0001771" startTime="2023-12-22T09:35:52.3663360+01:00" endTime="2023-12-22T09:35:52.3663360+01:00" testType="13cdc9d9-ddb5-4fa4-a97d-d965ccfc6d4b" outcome="Passed" testListId="8c84fa94-04c1-424b-9868-57a2d4851a1d" relativeResultsDirectory="ae1c47a9-859e-4773-a1f2-aed687dab5e2" />
    <UnitTestResult executionId="6f046043-5487-4372-9dae-74b62e51ee62" testId="1527d9bd-270b-3515-ebaa-bce4928c6e69" testName="Items_NullChildItem_ItemNotShown" computerName="DKSR-EFI-04" duration="00:00:00.0200156" startTime="2023-12-22T09:35:46.0225515+01:00" endTime="2023-12-22T09:35:46.0381765+01:00" testType="13cdc9d9-ddb5-4fa4-a97d-d965ccfc6d4b" outcome="Passed" testListId="8c84fa94-04c1-424b-9868-57a2d4851a1d" relativeResultsDirectory="6f046043-5487-4372-9dae-74b62e51ee62" />
    <UnitTestResult executionId="fcc759db-1f0b-4d3c-916e-b16992069cf2" testId="ab22d2fd-ea64-f65a-96ca-e707567c9b67" testName="Construct6_And_Field_Check" computerName="DKSR-EFI-04" duration="00:00:00.0147858" startTime="2023-12-22T09:35:21.5536715+01:00" endTime="2023-12-22T09:35:21.5536715+01:00" testType="13cdc9d9-ddb5-4fa4-a97d-d965ccfc6d4b" outcome="Passed" testListId="8c84fa94-04c1-424b-9868-57a2d4851a1d" relativeResultsDirectory="fcc759db-1f0b-4d3c-916e-b16992069cf2" />
    <UnitTestResult executionId="6a816d81-998e-4670-9a6f-1c5fbbb1a104" testId="708c93d9-3b87-f482-2b59-76adaefd6f67" testName="GetPrevious_ShouldReturnNull_WhenThereIsNoPrevoiusEntryAfterCallToFindCacheEntryBefore" computerName="DKSR-EFI-04" duration="00:00:00.0004786" startTime="2023-12-22T09:35:54.5850976+01:00" endTime="2023-12-22T09:35:54.5850976+01:00" testType="13cdc9d9-ddb5-4fa4-a97d-d965ccfc6d4b" outcome="Passed" testListId="8c84fa94-04c1-424b-9868-57a2d4851a1d" relativeResultsDirectory="6a816d81-998e-4670-9a6f-1c5fbbb1a104" />
    <UnitTestResult executionId="915de45a-2647-4e55-82f3-86107b0429b1" testId="7ebb6f6a-7f5e-646a-c7ce-f4daa5d5c8da" testName="WriteXml_ShouldOmitIsIdleElement_WhenIsIdleIsFalse" computerName="DKSR-EFI-04" duration="00:00:00.0010297" startTime="2023-12-22T09:35:51.7725813+01:00" endTime="2023-12-22T09:35:51.7725813+01:00" testType="13cdc9d9-ddb5-4fa4-a97d-d965ccfc6d4b" outcome="Passed" testListId="8c84fa94-04c1-424b-9868-57a2d4851a1d" relativeResultsDirectory="915de45a-2647-4e55-82f3-86107b0429b1" />
    <UnitTestResult executionId="1b104861-bbd8-466c-b5a7-4e506f3362a0" testId="984bc27d-a5c7-32fa-f1e8-153a12469bdb" testName="MipItems_Property_Collection_NotEmpty" computerName="DKSR-EFI-04" duration="00:00:00.0013244" startTime="2023-12-22T09:35:45.7569231+01:00" endTime="2023-12-22T09:35:45.7725483+01:00" testType="13cdc9d9-ddb5-4fa4-a97d-d965ccfc6d4b" outcome="Passed" testListId="8c84fa94-04c1-424b-9868-57a2d4851a1d" relativeResultsDirectory="1b104861-bbd8-466c-b5a7-4e506f3362a0" />
    <UnitTestResult executionId="3f6a1643-8199-4666-8bcc-7d6c0c4de3b9" testId="cf0c75b1-044e-c5b0-ba75-3be411bef17a" testName="OverlapsWith_ShouldReturnFalse_WhenArgumenStartTimeIsAfterEndTime" computerName="DKSR-EFI-04" duration="00:00:00.0003075" startTime="2023-12-22T09:35:35.0381170+01:00" endTime="2023-12-22T09:35:35.0381170+01:00" testType="13cdc9d9-ddb5-4fa4-a97d-d965ccfc6d4b" outcome="Passed" testListId="8c84fa94-04c1-424b-9868-57a2d4851a1d" relativeResultsDirectory="3f6a1643-8199-4666-8bcc-7d6c0c4de3b9" />
    <UnitTestResult executionId="ef87c580-ad33-4fa1-bc4d-544bb04a5c32" testId="4ea99d78-cb91-34d0-2b2f-1a553700bba9" testName="WriteXml_ShouldNotWriteAnElement_WhenTheValueIsNull" computerName="DKSR-EFI-04" duration="00:00:00.0004830" startTime="2023-12-22T09:35:52.4600857+01:00" endTime="2023-12-22T09:35:52.4600857+01:00" testType="13cdc9d9-ddb5-4fa4-a97d-d965ccfc6d4b" outcome="Passed" testListId="8c84fa94-04c1-424b-9868-57a2d4851a1d" relativeResultsDirectory="ef87c580-ad33-4fa1-bc4d-544bb04a5c32" />
    <UnitTestResult executionId="a65715d0-cf09-4ca9-b0e3-3c6ee4831d4e" testId="ec482b93-0422-0e34-9bc4-8b3983a84f1b" testName="Serialize_TestCases (TestParentTypeMatchObjectNotThisTypeMatched)" computerName="DKSR-EFI-04" duration="00:00:00.0007544" startTime="2023-12-22T09:35:49.0850677+01:00" endTime="2023-12-22T09:35:49.0850677+01:00" testType="13cdc9d9-ddb5-4fa4-a97d-d965ccfc6d4b" outcome="Passed" testListId="8c84fa94-04c1-424b-9868-57a2d4851a1d" relativeResultsDirectory="a65715d0-cf09-4ca9-b0e3-3c6ee4831d4e" />
    <UnitTestResult executionId="92237e30-1a95-47c5-a5c5-a4cf556dce5f" testId="f278ce31-b96d-473d-9186-28e37d813604" testName="ReadXml_ShouldIgnoreTranslate_WhenTranslateIsPresentWithWrongNamespace" computerName="DKSR-EFI-04" duration="00:00:00.0003699" startTime="2023-12-22T09:35:52.8507121+01:00" endTime="2023-12-22T09:35:52.8507121+01:00" testType="13cdc9d9-ddb5-4fa4-a97d-d965ccfc6d4b" outcome="Passed" testListId="8c84fa94-04c1-424b-9868-57a2d4851a1d" relativeResultsDirectory="92237e30-1a95-47c5-a5c5-a4cf556dce5f" />
    <UnitTestResult executionId="80379afe-29ae-4a46-9a3e-f2160ac5d0b3" testId="341aa1b2-3b64-c4e7-896b-2d80cfc15011" testName="ProvideValue_ShouldChangeContent_WhenItemDataPropertyNameChangesFromOneValueToAnother" computerName="DKSR-EFI-04" duration="00:00:00.0088004" startTime="2023-12-22T09:35:47.2881810+01:00" endTime="2023-12-22T09:35:47.3038083+01:00" testType="13cdc9d9-ddb5-4fa4-a97d-d965ccfc6d4b" outcome="Passed" testListId="8c84fa94-04c1-424b-9868-57a2d4851a1d" relativeResultsDirectory="80379afe-29ae-4a46-9a3e-f2160ac5d0b3" />
    <UnitTestResult executionId="75ca060d-b900-4557-a0e2-9d4139e4f538" testId="e3aed149-0356-8224-e951-0cb2d3727ba3" testName="DoubleRangeFilterValue_Deserialize_Success" computerName="DKSR-EFI-04" duration="00:00:00.0033496" startTime="2023-12-22T09:35:50.6788247+01:00" endTime="2023-12-22T09:35:50.6788247+01:00" testType="13cdc9d9-ddb5-4fa4-a97d-d965ccfc6d4b" outcome="Passed" testListId="8c84fa94-04c1-424b-9868-57a2d4851a1d" relativeResultsDirectory="75ca060d-b900-4557-a0e2-9d4139e4f538" />
    <UnitTestResult executionId="9fcf1556-a11d-44c0-b454-63eda2e4df1e" testId="eff4462f-0b3b-bad0-f3bc-88c9334e4c4b" testName="IsEmptyValue_DoubleRangeFilterValue_MinValueAboveMinimum_ReturnsFalse" computerName="DKSR-EFI-04" duration="00:00:00.0010567" startTime="2023-12-22T09:35:49.5538208+01:00" endTime="2023-12-22T09:35:49.5538208+01:00" testType="13cdc9d9-ddb5-4fa4-a97d-d965ccfc6d4b" outcome="Passed" testListId="8c84fa94-04c1-424b-9868-57a2d4851a1d" relativeResultsDirectory="9fcf1556-a11d-44c0-b454-63eda2e4df1e" />
    <UnitTestResult executionId="e2abd0bb-1810-4d3e-9dc5-8940bb44184b" testId="3b7c8552-7a62-bee2-027f-19ba6bd6ceca" testName="Given_Exception_WhenSerializingAndDeserialing_Then_AllContentIsPreserved" computerName="DKSR-EFI-04" duration="00:00:00.1686892" startTime="2023-12-22T09:35:22.9286812+01:00" endTime="2023-12-22T09:35:23.1005556+01:00" testType="13cdc9d9-ddb5-4fa4-a97d-d965ccfc6d4b" outcome="Passed" testListId="8c84fa94-04c1-424b-9868-57a2d4851a1d" relativeResultsDirectory="e2abd0bb-1810-4d3e-9dc5-8940bb44184b" />
    <UnitTestResult executionId="372629ca-6e98-4c08-8dce-6d667eba7fbd" testId="12cac62c-5b3e-c0ef-167d-41a5a640f7f1" testName="Constructor_ShouldThrowArgumentNullException_WhenModelIsNull" computerName="DKSR-EFI-04" duration="00:00:00.0004736" startTime="2023-12-22T09:35:54.4757211+01:00" endTime="2023-12-22T09:35:54.4757211+01:00" testType="13cdc9d9-ddb5-4fa4-a97d-d965ccfc6d4b" outcome="Passed" testListId="8c84fa94-04c1-424b-9868-57a2d4851a1d" relativeResultsDirectory="372629ca-6e98-4c08-8dce-6d667eba7fbd" />
    <UnitTestResult executionId="e27d96ef-5cfd-4e30-98aa-7068bcd0019c" testId="fcfc02eb-9475-084e-96ae-652cb742a35f" testName="ToJson_ListElement" computerName="DKSR-EFI-04" duration="00:00:00.0003786" startTime="2023-12-22T09:35:51.2413286+01:00" endTime="2023-12-22T09:35:51.2413286+01:00" testType="13cdc9d9-ddb5-4fa4-a97d-d965ccfc6d4b" outcome="Passed" testListId="8c84fa94-04c1-424b-9868-57a2d4851a1d" relativeResultsDirectory="e27d96ef-5cfd-4e30-98aa-7068bcd0019c" />
    <UnitTestResult executionId="4e5df277-558e-4689-a277-c1c02b6ef2de" testId="774975d0-338f-cf44-fe77-bf25f6734c5b" testName="TryParseArgbString_ShouldReturnTrue_WithCorrectARGBValuesWhenFormatIsCorrect" computerName="DKSR-EFI-04" duration="00:00:00.0011891" startTime="2023-12-22T09:35:51.8663310+01:00" endTime="2023-12-22T09:35:51.8663310+01:00" testType="13cdc9d9-ddb5-4fa4-a97d-d965ccfc6d4b" outcome="Passed" testListId="8c84fa94-04c1-424b-9868-57a2d4851a1d" relativeResultsDirectory="4e5df277-558e-4689-a277-c1c02b6ef2de" />
    <UnitTestResult executionId="397d1e5c-cad7-4052-907e-15bcb224e249" testId="60143918-8d3e-3cea-ec1f-f42a487ede4c" testName="SearchResultData_Title_Success" computerName="DKSR-EFI-04" duration="00:00:00.0003221" startTime="2023-12-22T09:35:50.1475715+01:00" endTime="2023-12-22T09:35:50.1475715+01:00" testType="13cdc9d9-ddb5-4fa4-a97d-d965ccfc6d4b" outcome="Passed" testListId="8c84fa94-04c1-424b-9868-57a2d4851a1d" relativeResultsDirectory="397d1e5c-cad7-4052-907e-15bcb224e249" />
    <UnitTestResult executionId="aec2d140-a8c6-47c0-88bd-652777905577" testId="3e139534-4575-a050-7dfe-191f8507593f" testName="CreateSearchFilterEditControl_SinglePluginMultipleSearchResultTypes_Success" computerName="DKSR-EFI-04" duration="00:00:00.0028945" startTime="2023-12-22T09:35:50.6475740+01:00" endTime="2023-12-22T09:35:50.6475740+01:00" testType="13cdc9d9-ddb5-4fa4-a97d-d965ccfc6d4b" outcome="Passed" testListId="8c84fa94-04c1-424b-9868-57a2d4851a1d" relativeResultsDirectory="aec2d140-a8c6-47c0-88bd-652777905577" />
    <UnitTestResult executionId="662c51d2-3418-4ff9-a1b1-e058088c7681" testId="fe04fee8-8e91-5fdd-deeb-dfb39b790e19" testName="Serialize_TestCases (TestParentTypeMatchCollectionNotThisTypeNotMatched)" computerName="DKSR-EFI-04" duration="00:00:00.0001570" startTime="2023-12-22T09:35:49.1163186+01:00" endTime="2023-12-22T09:35:49.1163186+01:00" testType="13cdc9d9-ddb5-4fa4-a97d-d965ccfc6d4b" outcome="Passed" testListId="8c84fa94-04c1-424b-9868-57a2d4851a1d" relativeResultsDirectory="662c51d2-3418-4ff9-a1b1-e058088c7681" />
    <UnitTestResult executionId="1ae61561-af16-4f59-b1b1-c690c55885dd" testId="e5e5bf4a-3b6a-9b6c-ebe0-9c044c226109" testName="GetFilterValues_EmptyValueAdded_IncludeEmptyValues_ReturnsValue" computerName="DKSR-EFI-04" duration="00:00:00.0022016" startTime="2023-12-22T09:35:49.4913197+01:00" endTime="2023-12-22T09:35:49.4913197+01:00" testType="13cdc9d9-ddb5-4fa4-a97d-d965ccfc6d4b" outcome="Passed" testListId="8c84fa94-04c1-424b-9868-57a2d4851a1d" relativeResultsDirectory="1ae61561-af16-4f59-b1b1-c690c55885dd" />
    <UnitTestResult executionId="8bbfdc4e-243e-48d9-b0e1-7793cd4e1f09" testId="bfe0ceb7-58a0-23f3-be81-2bfb090a4c1b" testName="ReadXml_ShouldIgnoreUnknownChildren_WhenUnknownChildrenArePresent" computerName="DKSR-EFI-04" duration="00:00:00.0019485" startTime="2023-12-22T09:35:52.0225831+01:00" endTime="2023-12-22T09:35:52.0225831+01:00" testType="13cdc9d9-ddb5-4fa4-a97d-d965ccfc6d4b" outcome="Passed" testListId="8c84fa94-04c1-424b-9868-57a2d4851a1d" relativeResultsDirectory="8bbfdc4e-243e-48d9-b0e1-7793cd4e1f09" />
    <UnitTestResult executionId="3d608cab-a933-4a38-b1a1-845141e33f73" testId="cb701829-9c23-dcf0-e438-8208a51f3dd4" testName="GenerateParameters_ShouldWriteCodecListWithAllGivenCodecs_WhenCodecSetHasEntries" computerName="DKSR-EFI-04" duration="00:00:00.0036182" startTime="2023-12-22T09:35:54.3350959+01:00" endTime="2023-12-22T09:35:54.3350959+01:00" testType="13cdc9d9-ddb5-4fa4-a97d-d965ccfc6d4b" outcome="Passed" testListId="8c84fa94-04c1-424b-9868-57a2d4851a1d" relativeResultsDirectory="3d608cab-a933-4a38-b1a1-845141e33f73" />
    <UnitTestResult executionId="e68ee394-3a46-4944-9550-e4f8c5483fea" testId="ab1a8e45-8e17-ad94-af47-713e91eff11b" testName="Equals_Fail_OnOtherNull" computerName="DKSR-EFI-04" duration="00:00:00.0003344" startTime="2023-12-22T09:35:21.1317955+01:00" endTime="2023-12-22T09:35:21.1317955+01:00" testType="13cdc9d9-ddb5-4fa4-a97d-d965ccfc6d4b" outcome="Passed" testListId="8c84fa94-04c1-424b-9868-57a2d4851a1d" relativeResultsDirectory="e68ee394-3a46-4944-9550-e4f8c5483fea" />
    <UnitTestResult executionId="6ac63b5f-beee-4815-87d4-882836cef58f" testId="cc93f70b-f9b0-21f7-faba-e1868435194b" testName="Stop_EmptyQueue_IsStoppedSet" computerName="DKSR-EFI-04" duration="00:00:00.0001534" startTime="2023-12-22T09:35:35.1943731+01:00" endTime="2023-12-22T09:35:35.1943731+01:00" testType="13cdc9d9-ddb5-4fa4-a97d-d965ccfc6d4b" outcome="Passed" testListId="8c84fa94-04c1-424b-9868-57a2d4851a1d" relativeResultsDirectory="6ac63b5f-beee-4815-87d4-882836cef58f" />
    <UnitTestResult executionId="ff716d5d-b49d-4b8b-a9c0-94f561ecf520" testId="11b5912e-600c-2c04-2bfe-19c262546aae" testName="SearchResultData_EndTimeWithPaddingMinValue_ShouldReturnEndTime" computerName="DKSR-EFI-04" duration="00:00:00.0002332" startTime="2023-12-22T09:35:50.1631986+01:00" endTime="2023-12-22T09:35:50.1788226+01:00" testType="13cdc9d9-ddb5-4fa4-a97d-d965ccfc6d4b" outcome="Passed" testListId="8c84fa94-04c1-424b-9868-57a2d4851a1d" relativeResultsDirectory="ff716d5d-b49d-4b8b-a9c0-94f561ecf520" />
    <UnitTestResult executionId="789537bd-5c29-41fd-ad25-cfce158906ec" testId="d1645eb5-871e-4ef4-8f57-61d470c8d63a" testName="Serialize_ShouldHandleCollectionFilter_WhenMatchingCollectionItemsTypeAndItMatchesAll" computerName="DKSR-EFI-04" duration="00:00:00.0010027" startTime="2023-12-22T09:35:49.2256928+01:00" endTime="2023-12-22T09:35:49.2256928+01:00" testType="13cdc9d9-ddb5-4fa4-a97d-d965ccfc6d4b" outcome="Passed" testListId="8c84fa94-04c1-424b-9868-57a2d4851a1d" relativeResultsDirectory="789537bd-5c29-41fd-ad25-cfce158906ec" />
    <UnitTestResult executionId="8e17cd87-5dd3-48d6-a78d-8e6589c1444d" testId="52df54ef-d786-de4c-66ba-453529b99c4f" testName="Construction_List" computerName="DKSR-EFI-04" duration="00:00:00.0001439" startTime="2023-12-22T09:35:50.9913262+01:00" endTime="2023-12-22T09:35:50.9913262+01:00" testType="13cdc9d9-ddb5-4fa4-a97d-d965ccfc6d4b" outcome="Passed" testListId="8c84fa94-04c1-424b-9868-57a2d4851a1d" relativeResultsDirectory="8e17cd87-5dd3-48d6-a78d-8e6589c1444d" />
    <UnitTestResult executionId="fb302373-c580-409d-9c6a-79c909777954" testId="16dd1f98-130f-f1f5-491b-90125b059034" testName="AppendItemPicked_MultiSelect_TryAddSameItems_ItemsNotAdded" computerName="DKSR-EFI-04" duration="00:00:00.0015749" startTime="2023-12-22T09:35:45.7100501+01:00" endTime="2023-12-22T09:35:45.7100501+01:00" testType="13cdc9d9-ddb5-4fa4-a97d-d965ccfc6d4b" outcome="Passed" testListId="8c84fa94-04c1-424b-9868-57a2d4851a1d" relativeResultsDirectory="fb302373-c580-409d-9c6a-79c909777954" />
    <UnitTestResult executionId="d48625f8-5e4a-4599-9ca7-74aa2cf6f1f8" testId="3d785457-9ab7-7088-1cc3-dd4fad28665b" testName="Parse_Int_Invalid_end" computerName="DKSR-EFI-04" duration="00:00:00.0005759" startTime="2023-12-22T09:35:51.1632034+01:00" endTime="2023-12-22T09:35:51.1632034+01:00" testType="13cdc9d9-ddb5-4fa4-a97d-d965ccfc6d4b" outcome="Passed" testListId="8c84fa94-04c1-424b-9868-57a2d4851a1d" relativeResultsDirectory="d48625f8-5e4a-4599-9ca7-74aa2cf6f1f8" />
    <UnitTestResult executionId="c8dea603-b9f9-4c4c-a3e4-a6ad1d075e4c" testId="15cecd1c-3b58-a036-2736-cf341db03f0a" testName="ReadAppearanceExtensionXml_ShouldReadBoundingBoxLineThickness_WhenBoundingBoxLineThicknessIsPresent" computerName="DKSR-EFI-04" duration="00:00:00.0018033" startTime="2023-12-22T09:35:52.6475862+01:00" endTime="2023-12-22T09:35:52.6475862+01:00" testType="13cdc9d9-ddb5-4fa4-a97d-d965ccfc6d4b" outcome="Passed" testListId="8c84fa94-04c1-424b-9868-57a2d4851a1d" relativeResultsDirectory="c8dea603-b9f9-4c4c-a3e4-a6ad1d075e4c" />
    <UnitTestResult executionId="94f79497-5e68-4f8b-8345-6c50aaa0c755" testId="40d07a9e-35f0-7d7b-e40e-ceb656623def" testName="Remove_KeyPresent_ReturnsTrueAndGetReturnsNullAndPostRemovalActionExecuted" computerName="DKSR-EFI-04" duration="00:00:00.0004628" startTime="2023-12-22T09:35:35.2568696+01:00" endTime="2023-12-22T09:35:35.2568696+01:00" testType="13cdc9d9-ddb5-4fa4-a97d-d965ccfc6d4b" outcome="Passed" testListId="8c84fa94-04c1-424b-9868-57a2d4851a1d" relativeResultsDirectory="94f79497-5e68-4f8b-8345-6c50aaa0c755" />
    <UnitTestResult executionId="99d5ca97-6e98-42fb-ac17-c5ab16621b1e" testId="88b3639f-ec99-90c4-a195-d859d4e9c60c" testName="Equals_ShouldReturnTrue_WhenHostDifferOnlyByPortInHost" computerName="DKSR-EFI-04" duration="00:00:00.0003588" startTime="2023-12-22T09:35:23.3036839+01:00" endTime="2023-12-22T09:35:23.3036839+01:00" testType="13cdc9d9-ddb5-4fa4-a97d-d965ccfc6d4b" outcome="Passed" testListId="8c84fa94-04c1-424b-9868-57a2d4851a1d" relativeResultsDirectory="99d5ca97-6e98-42fb-ac17-c5ab16621b1e" />
    <UnitTestResult executionId="c8692f9a-0202-4ede-8a4a-496270236e2f" testId="bc614819-04cb-60f8-8b25-b74350480ed8" testName="ReadXml_ShouldReadBoundingBox_WhenBoundingBoxIsPresent" computerName="DKSR-EFI-04" duration="00:00:00.0006392" startTime="2023-12-22T09:35:52.7257115+01:00" endTime="2023-12-22T09:35:52.7257115+01:00" testType="13cdc9d9-ddb5-4fa4-a97d-d965ccfc6d4b" outcome="Passed" testListId="8c84fa94-04c1-424b-9868-57a2d4851a1d" relativeResultsDirectory="c8692f9a-0202-4ede-8a4a-496270236e2f" />
    <UnitTestResult executionId="fd1eeb88-c16d-4b09-b724-c959326db7ae" testId="480bc1d4-3034-9948-bf19-a924b6ce5c64" testName="ProvideValue_ShouldNotSetTargetProperty_WhenSelectedItemIsNotSet" computerName="DKSR-EFI-04" duration="00:00:00.0069513" startTime="2023-12-22T09:35:47.6631833+01:00" endTime="2023-12-22T09:35:47.6631833+01:00" testType="13cdc9d9-ddb5-4fa4-a97d-d965ccfc6d4b" outcome="Passed" testListId="8c84fa94-04c1-424b-9868-57a2d4851a1d" relativeResultsDirectory="fd1eeb88-c16d-4b09-b724-c959326db7ae" />
    <UnitTestResult executionId="df9ad3a1-7e1a-4851-807f-fae192af98b3" testId="e081911d-8f68-16dc-95b9-ce6ca0099b36" testName="Parse_UnclosedBracket" computerName="DKSR-EFI-04" duration="00:00:00.0006874" startTime="2023-12-22T09:35:51.1475789+01:00" endTime="2023-12-22T09:35:51.1475789+01:00" testType="13cdc9d9-ddb5-4fa4-a97d-d965ccfc6d4b" outcome="Passed" testListId="8c84fa94-04c1-424b-9868-57a2d4851a1d" relativeResultsDirectory="df9ad3a1-7e1a-4851-807f-fae192af98b3" />
    <UnitTestResult executionId="56ded312-ef53-413f-a5ad-f242e2645803" testId="e56c4b03-9d5d-a70b-1573-44a88bf4c200" testName="GetItems_ShouldReturnNull_WhenNotAllAdded" computerName="DKSR-EFI-04" duration="00:00:00.0015190" startTime="2023-12-22T09:35:24.9286926+01:00" endTime="2023-12-22T09:35:24.9286926+01:00" testType="13cdc9d9-ddb5-4fa4-a97d-d965ccfc6d4b" outcome="Passed" testListId="8c84fa94-04c1-424b-9868-57a2d4851a1d" relativeResultsDirectory="56ded312-ef53-413f-a5ad-f242e2645803" />
    <UnitTestResult executionId="c72c5059-ec52-4be6-951c-7899d92232b6" testId="7f766a97-6ab7-7b7f-222d-e4bba52b6030" testName="MipItem_ImageSource_Has_Value" computerName="DKSR-EFI-04" duration="00:00:00.2426541" startTime="2023-12-22T09:35:45.7725483+01:00" endTime="2023-12-22T09:35:46.0225515+01:00" testType="13cdc9d9-ddb5-4fa4-a97d-d965ccfc6d4b" outcome="Passed" testListId="8c84fa94-04c1-424b-9868-57a2d4851a1d" relativeResultsDirectory="c72c5059-ec52-4be6-951c-7899d92232b6" />
    <UnitTestResult executionId="384c330e-9609-457c-99d2-c5b4412a4f3f" testId="0a40eef3-f831-ffd2-4845-4121490071ff" testName="ModifyCollection_ShouldNotInvokeCallback_WhenNotObservable" computerName="DKSR-EFI-04" duration="00:00:00.0006305" startTime="2023-12-22T09:35:46.7256788+01:00" endTime="2023-12-22T09:35:46.7256788+01:00" testType="13cdc9d9-ddb5-4fa4-a97d-d965ccfc6d4b" outcome="Passed" testListId="8c84fa94-04c1-424b-9868-57a2d4851a1d" relativeResultsDirectory="384c330e-9609-457c-99d2-c5b4412a4f3f" />
    <UnitTestResult executionId="4dddd411-4a68-4036-8094-478c01ccd54a" testId="41e8bbd6-3770-3db6-c9ec-9f2dfc487593" testName="GetPrevious_ShouldReturnSecondLastElement_WhenLastEntryCalledAndThereIsAPreviousEntry" computerName="DKSR-EFI-04" duration="00:00:00.0006536" startTime="2023-12-22T09:35:54.5538517+01:00" endTime="2023-12-22T09:35:54.5694717+01:00" testType="13cdc9d9-ddb5-4fa4-a97d-d965ccfc6d4b" outcome="Passed" testListId="8c84fa94-04c1-424b-9868-57a2d4851a1d" relativeResultsDirectory="4dddd411-4a68-4036-8094-478c01ccd54a" />
    <UnitTestResult executionId="08b6fce1-c3d2-4d06-9b99-f2c295d41b52" testId="6e5da37d-17c2-c99b-bec0-ba093cc6461d" testName="Remove_Success" computerName="DKSR-EFI-04" duration="00:00:00.0005461" startTime="2023-12-22T09:35:35.2099955+01:00" endTime="2023-12-22T09:35:35.2099955+01:00" testType="13cdc9d9-ddb5-4fa4-a97d-d965ccfc6d4b" outcome="Passed" testListId="8c84fa94-04c1-424b-9868-57a2d4851a1d" relativeResultsDirectory="08b6fce1-c3d2-4d06-9b99-f2c295d41b52" />
    <UnitTestResult executionId="e0124a9e-6cea-47c6-9f5b-801b5bced445" testId="0604c1ff-5540-6793-d2f8-19a426df7742" testName="GetChildItems_ShouldReturnItems_WhenAllAreAdded" computerName="DKSR-EFI-04" duration="00:00:00.0016276" startTime="2023-12-22T09:35:24.9443172+01:00" endTime="2023-12-22T09:35:24.9443172+01:00" testType="13cdc9d9-ddb5-4fa4-a97d-d965ccfc6d4b" outcome="Passed" testListId="8c84fa94-04c1-424b-9868-57a2d4851a1d" relativeResultsDirectory="e0124a9e-6cea-47c6-9f5b-801b5bced445" />
    <UnitTestResult executionId="684fdb85-3c49-4e97-bc00-31addcc35d0b" testId="146d8b26-0f20-3176-153a-32e5f137191a" testName="Minimize_ShouldReturnThreeIntervals_WhenListContainsFiveOverLappingAndNonOverlappingIntervalsReversed" computerName="DKSR-EFI-04" duration="00:00:00.0009698" startTime="2023-12-22T09:35:35.1318694+01:00" endTime="2023-12-22T09:35:35.1318694+01:00" testType="13cdc9d9-ddb5-4fa4-a97d-d965ccfc6d4b" outcome="Passed" testListId="8c84fa94-04c1-424b-9868-57a2d4851a1d" relativeResultsDirectory="684fdb85-3c49-4e97-bc00-31addcc35d0b" />
    <UnitTestResult executionId="c502e006-5180-4404-adcf-782777ccc268" testId="7f1f1baf-8bbb-c3d7-9705-27c7162bbf25" testName="PatchMIPItem_Success" computerName="DKSR-EFI-04" duration="00:00:00.0012151" startTime="2023-12-22T09:35:51.5382033+01:00" endTime="2023-12-22T09:35:51.5382033+01:00" testType="13cdc9d9-ddb5-4fa4-a97d-d965ccfc6d4b" outcome="Passed" testListId="8c84fa94-04c1-424b-9868-57a2d4851a1d" relativeResultsDirectory="c502e006-5180-4404-adcf-782777ccc268" />
    <UnitTestResult executionId="fd421414-dd6a-4bb2-b989-b86231c45de8" testId="40c0286b-652b-f4d2-04b7-183bee4a715e" testName="GetNext_ShouldReturnNull_WhenThereIsNoNextEntryAfterCallToFindCacheEntryAfter" computerName="DKSR-EFI-04" duration="00:00:00.0004802" startTime="2023-12-22T09:35:54.6007223+01:00" endTime="2023-12-22T09:35:54.6007223+01:00" testType="13cdc9d9-ddb5-4fa4-a97d-d965ccfc6d4b" outcome="Passed" testListId="8c84fa94-04c1-424b-9868-57a2d4851a1d" relativeResultsDirectory="fd421414-dd6a-4bb2-b989-b86231c45de8" />
    <UnitTestResult executionId="5bbb3d17-b2e8-4415-b0ad-0f99c3edd98c" testId="6133b6d9-a9f1-1617-1674-43e83f8cc1f4" testName="CreateSearchResultUserControl_MultiplePluginsSameResultType_LastPluginWins" computerName="DKSR-EFI-04" duration="00:00:00.0043311" startTime="2023-12-22T09:35:50.6163257+01:00" endTime="2023-12-22T09:35:50.6163257+01:00" testType="13cdc9d9-ddb5-4fa4-a97d-d965ccfc6d4b" outcome="Passed" testListId="8c84fa94-04c1-424b-9868-57a2d4851a1d" relativeResultsDirectory="5bbb3d17-b2e8-4415-b0ad-0f99c3edd98c" />
    <UnitTestResult executionId="3ecd6547-1171-44e2-8334-beb1e0e51748" testId="7f634cbe-20c0-73ce-7a57-e27b44400638" testName="Ctor_NullName_Throws" computerName="DKSR-EFI-04" duration="00:00:00.0011610" startTime="2023-12-22T09:35:50.8038272+01:00" endTime="2023-12-22T09:35:50.8038272+01:00" testType="13cdc9d9-ddb5-4fa4-a97d-d965ccfc6d4b" outcome="Passed" testListId="8c84fa94-04c1-424b-9868-57a2d4851a1d" relativeResultsDirectory="3ecd6547-1171-44e2-8334-beb1e0e51748" />
    <UnitTestResult executionId="61b91b83-132d-42e7-9048-0e77a0dacbb2" testId="ab8bb7fc-41b6-aa97-b7c5-389099b08870" testName="ReadXml_ShouldLogWarningOnlyOnceWithinOneMinute_WhenRequiredAttributeIsMissing" computerName="DKSR-EFI-04" duration="00:00:00.0013539" startTime="2023-12-22T09:35:52.7100884+01:00" endTime="2023-12-22T09:35:52.7100884+01:00" testType="13cdc9d9-ddb5-4fa4-a97d-d965ccfc6d4b" outcome="Passed" testListId="8c84fa94-04c1-424b-9868-57a2d4851a1d" relativeResultsDirectory="61b91b83-132d-42e7-9048-0e77a0dacbb2" />
    <UnitTestResult executionId="9d20cbea-1a8b-4df9-b565-91aae7d68d2a" testId="23408848-110d-2bfe-6354-e8de8927ac23" testName="GenerateDeviceCapabilityParameters_ShouldWriteTypeDisplayId_WhenAlways" computerName="DKSR-EFI-04" duration="00:00:00.0008125" startTime="2023-12-22T09:35:54.6632227+01:00" endTime="2023-12-22T09:35:54.6632227+01:00" testType="13cdc9d9-ddb5-4fa4-a97d-d965ccfc6d4b" outcome="Passed" testListId="8c84fa94-04c1-424b-9868-57a2d4851a1d" relativeResultsDirectory="9d20cbea-1a8b-4df9-b565-91aae7d68d2a" />
    <UnitTestResult executionId="4ccca60c-7909-4414-bb95-a1078c3ffa10" testId="d16b66ae-362f-7903-ceb9-287ac5bef50c" testName="AllowGroupSelectionFalse_AutoCloseOnSelect_NothingSelected" computerName="DKSR-EFI-04" duration="00:00:00.0004810" startTime="2023-12-22T09:35:45.7256744+01:00" endTime="2023-12-22T09:35:45.7256744+01:00" testType="13cdc9d9-ddb5-4fa4-a97d-d965ccfc6d4b" outcome="Passed" testListId="8c84fa94-04c1-424b-9868-57a2d4851a1d" relativeResultsDirectory="4ccca60c-7909-4414-bb95-a1078c3ffa10" />
    <UnitTestResult executionId="3dbb5bc6-8cf5-46a3-8709-ba015d85cfb7" testId="1d908a6b-ebcd-4952-2785-5d24733c709c" testName="Apply_ShouldApplyTranslateAndScale_WhenTranslateAndScaleIsNotNull" computerName="DKSR-EFI-04" duration="00:00:00.0006435" startTime="2023-12-22T09:35:52.6788367+01:00" endTime="2023-12-22T09:35:52.6788367+01:00" testType="13cdc9d9-ddb5-4fa4-a97d-d965ccfc6d4b" outcome="Passed" testListId="8c84fa94-04c1-424b-9868-57a2d4851a1d" relativeResultsDirectory="3dbb5bc6-8cf5-46a3-8709-ba015d85cfb7" />
    <UnitTestResult executionId="ef5b0da3-9a6d-4acc-bc24-46fbefe88020" testId="5d8dd47c-bb32-a5ba-6e88-b185a7bd9c07" testName="GenerateTypeDefinintionParameters_ShouldWriteDisplayName_WhenAlways" computerName="DKSR-EFI-04" duration="00:00:00.0007624" startTime="2023-12-22T09:35:55.0850988+01:00" endTime="2023-12-22T09:35:55.0850988+01:00" testType="13cdc9d9-ddb5-4fa4-a97d-d965ccfc6d4b" outcome="Passed" testListId="8c84fa94-04c1-424b-9868-57a2d4851a1d" relativeResultsDirectory="ef5b0da3-9a6d-4acc-bc24-46fbefe88020" />
    <UnitTestResult executionId="58e73dbd-a423-4045-af59-2b2a50a63f87" testId="eafa657a-e693-c387-5dc5-3b7f787deb74" testName="GetCompatibilityHandler_ShouldReturnFips_WhenCalledFromEventServer" computerName="DKSR-EFI-04" duration="00:00:00.0021553" startTime="2023-12-22T09:35:54.0538445+01:00" endTime="2023-12-22T09:35:54.0538445+01:00" testType="13cdc9d9-ddb5-4fa4-a97d-d965ccfc6d4b" outcome="Passed" testListId="8c84fa94-04c1-424b-9868-57a2d4851a1d" relativeResultsDirectory="58e73dbd-a423-4045-af59-2b2a50a63f87" />
    <UnitTestResult executionId="2b18d90d-6339-447b-b2cc-e57ad9eeac94" testId="125f47fd-bfa6-8077-4564-e798b6c885b3" testName="CountByItems_Activated_CountByCounter_Missing" computerName="DKSR-EFI-04" duration="00:00:00.0034303" startTime="2023-12-22T09:35:54.2569698+01:00" endTime="2023-12-22T09:35:54.2569698+01:00" testType="13cdc9d9-ddb5-4fa4-a97d-d965ccfc6d4b" outcome="Passed" testListId="8c84fa94-04c1-424b-9868-57a2d4851a1d" relativeResultsDirectory="2b18d90d-6339-447b-b2cc-e57ad9eeac94" />
    <UnitTestResult executionId="a89679e8-263e-43f3-bfb1-17f76f6c6302" testId="5eeda859-d31c-69f8-fe90-55abee0d8512" testName="Encrypt_ShouldReturnInputAsIs" computerName="DKSR-EFI-04" duration="00:00:00.0003340" startTime="2023-12-22T09:35:53.9600943+01:00" endTime="2023-12-22T09:35:53.9600943+01:00" testType="13cdc9d9-ddb5-4fa4-a97d-d965ccfc6d4b" outcome="Passed" testListId="8c84fa94-04c1-424b-9868-57a2d4851a1d" relativeResultsDirectory="a89679e8-263e-43f3-bfb1-17f76f6c6302" />
    <UnitTestResult executionId="68fddfb9-4959-4327-8b31-ace026b9bc2a" testId="fd9e0efb-edb7-82bd-15c3-0c32bed5a7f0" testName="AllAttributesWerePresent_ShouldReturnFalse_WhenTopAttributeIsNotAFloat" computerName="DKSR-EFI-04" duration="00:00:00.0003046" startTime="2023-12-22T09:35:52.6163359+01:00" endTime="2023-12-22T09:35:52.6163359+01:00" testType="13cdc9d9-ddb5-4fa4-a97d-d965ccfc6d4b" outcome="Passed" testListId="8c84fa94-04c1-424b-9868-57a2d4851a1d" relativeResultsDirectory="68fddfb9-4959-4327-8b31-ace026b9bc2a" />
    <UnitTestResult executionId="8cda765b-1fc8-4284-a789-18e6212f0d76" testId="e5428f59-f644-25e4-cf44-58ef5b64f2ad" testName="Append_Property_Int" computerName="DKSR-EFI-04" duration="00:00:00.0004347" startTime="2023-12-22T09:35:51.0694511+01:00" endTime="2023-12-22T09:35:51.0694511+01:00" testType="13cdc9d9-ddb5-4fa4-a97d-d965ccfc6d4b" outcome="Passed" testListId="8c84fa94-04c1-424b-9868-57a2d4851a1d" relativeResultsDirectory="8cda765b-1fc8-4284-a789-18e6212f0d76" />
    <UnitTestResult executionId="46e8936a-9806-4aec-9dba-9a6f1c92f6ad" testId="8f3b8a17-8863-f4c3-5425-91ed08db45b8" testName="IsCriteriaAccepted_ValidItem_True" computerName="DKSR-EFI-04" duration="00:00:00.0005093" startTime="2023-12-22T09:35:45.6787992+01:00" endTime="2023-12-22T09:35:45.6787992+01:00" testType="13cdc9d9-ddb5-4fa4-a97d-d965ccfc6d4b" outcome="Passed" testListId="8c84fa94-04c1-424b-9868-57a2d4851a1d" relativeResultsDirectory="46e8936a-9806-4aec-9dba-9a6f1c92f6ad" />
    <UnitTestResult executionId="b752b56b-8eca-4627-aac9-927413805401" testId="98f0d9fe-377f-6918-fb53-39e46ecb4f9d" testName="Equals_Fail_OnObjectId" computerName="DKSR-EFI-04" duration="00:00:00.0004537" startTime="2023-12-22T09:35:21.1161715+01:00" endTime="2023-12-22T09:35:21.1161715+01:00" testType="13cdc9d9-ddb5-4fa4-a97d-d965ccfc6d4b" outcome="Passed" testListId="8c84fa94-04c1-424b-9868-57a2d4851a1d" relativeResultsDirectory="b752b56b-8eca-4627-aac9-927413805401" />
    <UnitTestResult executionId="84d8a4b0-0bca-4141-928b-cec89b5fff47" testId="621f06a6-b00f-95ed-fccd-336bd41780d8" testName="DoubleFilterValue_Deserialize_Success" computerName="DKSR-EFI-04" duration="00:00:00.0005484" startTime="2023-12-22T09:35:50.6788247+01:00" endTime="2023-12-22T09:35:50.6788247+01:00" testType="13cdc9d9-ddb5-4fa4-a97d-d965ccfc6d4b" outcome="Passed" testListId="8c84fa94-04c1-424b-9868-57a2d4851a1d" relativeResultsDirectory="84d8a4b0-0bca-4141-928b-cec89b5fff47" />
    <UnitTestResult executionId="9e5d0554-b975-4ace-a51d-ab3473545016" testId="b8b5d1da-4dc1-76f1-a2bd-31503c4d0668" testName="EqualGuids_Fail_OnServerIdId" computerName="DKSR-EFI-04" duration="00:00:00.0004560" startTime="2023-12-22T09:35:21.1474216+01:00" endTime="2023-12-22T09:35:21.1474216+01:00" testType="13cdc9d9-ddb5-4fa4-a97d-d965ccfc6d4b" outcome="Passed" testListId="8c84fa94-04c1-424b-9868-57a2d4851a1d" relativeResultsDirectory="9e5d0554-b975-4ace-a51d-ab3473545016" />
    <UnitTestResult executionId="e09cf282-89f5-4775-84ac-5840fc1c538a" testId="f2325bdc-388f-3bfc-d37a-f2048ec03dc5" testName="GetEnd_ShouldReturnLastMetadataContent_WhenThereIsData" computerName="DKSR-EFI-04" duration="00:00:00.0025237" startTime="2023-12-22T09:35:54.8351018+01:00" endTime="2023-12-22T09:35:54.8351018+01:00" testType="13cdc9d9-ddb5-4fa4-a97d-d965ccfc6d4b" outcome="Passed" testListId="8c84fa94-04c1-424b-9868-57a2d4851a1d" relativeResultsDirectory="e09cf282-89f5-4775-84ac-5840fc1c538a" />
    <UnitTestResult executionId="570bfa87-a11a-45de-a5b0-88309b4dc047" testId="1287d8b9-a242-3700-9223-1e45506d7926" testName="GenerateParameters_ShouldWriteNotSupportedForSerialNr_WhenSerialNrIsNull" computerName="DKSR-EFI-04" duration="00:00:00.0003726" startTime="2023-12-22T09:35:54.4913483+01:00" endTime="2023-12-22T09:35:54.4913483+01:00" testType="13cdc9d9-ddb5-4fa4-a97d-d965ccfc6d4b" outcome="Passed" testListId="8c84fa94-04c1-424b-9868-57a2d4851a1d" relativeResultsDirectory="570bfa87-a11a-45de-a5b0-88309b4dc047" />
    <UnitTestResult executionId="8f4a69c4-f217-4251-b5ec-6bb0be3f2cc8" testId="d430b74b-fb63-d6ac-57a1-5a6c439392cf" testName="Ctor_OneCustomFilter_Success" computerName="DKSR-EFI-04" duration="00:00:00.0004776" startTime="2023-12-22T09:35:50.9132024+01:00" endTime="2023-12-22T09:35:50.9132024+01:00" testType="13cdc9d9-ddb5-4fa4-a97d-d965ccfc6d4b" outcome="Passed" testListId="8c84fa94-04c1-424b-9868-57a2d4851a1d" relativeResultsDirectory="8f4a69c4-f217-4251-b5ec-6bb0be3f2cc8" />
    <UnitTestResult executionId="cc80e3cc-b061-47aa-ba54-875721edecdc" testId="3743038a-92be-ac51-6b43-04a32dffac65" testName="Serialize_TestCases (TestParentTypeMatchCollectionThisTypeMatchedProperty)" computerName="DKSR-EFI-04" duration="00:00:00.0003820" startTime="2023-12-22T09:35:49.1006918+01:00" endTime="2023-12-22T09:35:49.1006918+01:00" testType="13cdc9d9-ddb5-4fa4-a97d-d965ccfc6d4b" outcome="Passed" testListId="8c84fa94-04c1-424b-9868-57a2d4851a1d" relativeResultsDirectory="cc80e3cc-b061-47aa-ba54-875721edecdc" />
    <UnitTestResult executionId="d2bd8084-4cab-4c87-80bf-ab3159cc0b1b" testId="d63fece0-6979-6a7f-ca42-f76bdbd7d24d" testName="RemoveItem_AnalyticsEvent_Success" computerName="DKSR-EFI-04" duration="00:00:00.0084777" startTime="2023-12-22T09:35:51.4913315+01:00" endTime="2023-12-22T09:35:51.5069536+01:00" testType="13cdc9d9-ddb5-4fa4-a97d-d965ccfc6d4b" outcome="Passed" testListId="8c84fa94-04c1-424b-9868-57a2d4851a1d" relativeResultsDirectory="d2bd8084-4cab-4c87-80bf-ab3159cc0b1b" />
    <UnitTestResult executionId="4fb44448-123d-431e-8dee-eac0ac65327b" testId="b95a0169-81da-1ad7-baaf-9682207c1cd6" testName="Equals_ShouldHaveValueSemantics_WhenAlways" computerName="DKSR-EFI-04" duration="00:00:00.0003975" startTime="2023-12-22T09:35:52.5850871+01:00" endTime="2023-12-22T09:35:52.5850871+01:00" testType="13cdc9d9-ddb5-4fa4-a97d-d965ccfc6d4b" outcome="Passed" testListId="8c84fa94-04c1-424b-9868-57a2d4851a1d" relativeResultsDirectory="4fb44448-123d-431e-8dee-eac0ac65327b" />
    <UnitTestResult executionId="df948cc2-56ee-40a0-ba8c-67b43bb00129" testId="ed1af3f1-e228-caa9-58c0-803083486581" testName="CreateSearchResultUserControl_MissingPlugin_ReturnsNull" computerName="DKSR-EFI-04" duration="00:00:00.0004350" startTime="2023-12-22T09:35:50.1944475+01:00" endTime="2023-12-22T09:35:50.1944475+01:00" testType="13cdc9d9-ddb5-4fa4-a97d-d965ccfc6d4b" outcome="Passed" testListId="8c84fa94-04c1-424b-9868-57a2d4851a1d" relativeResultsDirectory="df948cc2-56ee-40a0-ba8c-67b43bb00129" />
    <UnitTestResult executionId="50753752-8e10-49fa-a156-c53eacdc234f" testId="31917703-2acf-fc86-64fa-04fcf338cdb6" testName="OverlapsWith_ShouldThrowArgumentException_WhenTheStartAndEndTimeKindsAreDifferent" computerName="DKSR-EFI-04" duration="00:00:00.0007984" startTime="2023-12-22T09:35:35.0537435+01:00" endTime="2023-12-22T09:35:35.0537435+01:00" testType="13cdc9d9-ddb5-4fa4-a97d-d965ccfc6d4b" outcome="Passed" testListId="8c84fa94-04c1-424b-9868-57a2d4851a1d" relativeResultsDirectory="50753752-8e10-49fa-a156-c53eacdc234f" />
    <UnitTestResult executionId="e726b4fb-4bad-4cc1-9f3b-691015144e5a" testId="3164fb82-de29-8026-529f-6acf36741c8b" testName="Apply_ShouldDoNothing_WhenArgumentIsNull" computerName="DKSR-EFI-04" duration="00:00:00.0013198" startTime="2023-12-22T09:35:52.6632128+01:00" endTime="2023-12-22T09:35:52.6632128+01:00" testType="13cdc9d9-ddb5-4fa4-a97d-d965ccfc6d4b" outcome="Passed" testListId="8c84fa94-04c1-424b-9868-57a2d4851a1d" relativeResultsDirectory="e726b4fb-4bad-4cc1-9f3b-691015144e5a" />
    <UnitTestResult executionId="df111fe5-c2b8-4dcb-9c16-bde6ad8c8e9d" testId="ba44ddc9-34e5-6996-f0e1-93c6786eed78" testName="RegionSelectionFilterValue_Deserialize_Success" computerName="DKSR-EFI-04" duration="00:00:00.0742095" startTime="2023-12-22T09:35:50.7256993+01:00" endTime="2023-12-22T09:35:50.8038272+01:00" testType="13cdc9d9-ddb5-4fa4-a97d-d965ccfc6d4b" outcome="Passed" testListId="8c84fa94-04c1-424b-9868-57a2d4851a1d" relativeResultsDirectory="df111fe5-c2b8-4dcb-9c16-bde6ad8c8e9d" />
    <UnitTestResult executionId="6f70b99f-619d-4ff8-9e9e-bf95f7e6c681" testId="b2b2d43b-9d87-4971-7001-e6990369b6c8" testName="FallbackDisplayValue_SingleValueSet_ReturnsSingleValue" computerName="DKSR-EFI-04" duration="00:00:00.0065938" startTime="2023-12-22T09:35:49.3194461+01:00" endTime="2023-12-22T09:35:49.3194461+01:00" testType="13cdc9d9-ddb5-4fa4-a97d-d965ccfc6d4b" outcome="Passed" testListId="8c84fa94-04c1-424b-9868-57a2d4851a1d" relativeResultsDirectory="6f70b99f-619d-4ff8-9e9e-bf95f7e6c681" />
    <UnitTestResult executionId="a3c3e004-478a-465e-a97e-50d384bbca82" testId="049489f2-1a42-cae5-971b-5636d7488caa" testName="ReadAppearanceExtensionXml_ShouldNotSetBoundingBoxLineThickness_WhenBoundingBoxLineThicknessIsNotPresent" computerName="DKSR-EFI-04" duration="00:00:00.0002940" startTime="2023-12-22T09:35:52.6475862+01:00" endTime="2023-12-22T09:35:52.6475862+01:00" testType="13cdc9d9-ddb5-4fa4-a97d-d965ccfc6d4b" outcome="Passed" testListId="8c84fa94-04c1-424b-9868-57a2d4851a1d" relativeResultsDirectory="a3c3e004-478a-465e-a97e-50d384bbca82" />
    <UnitTestResult executionId="ee4e5ce3-4029-4b98-9826-a2ca63a15511" testId="59e10b82-f701-4ec1-bb24-9886531bdbb4" testName="Ctor_NoStandardFilters_Success" computerName="DKSR-EFI-04" duration="00:00:00.0002059" startTime="2023-12-22T09:35:50.8975765+01:00" endTime="2023-12-22T09:35:50.8975765+01:00" testType="13cdc9d9-ddb5-4fa4-a97d-d965ccfc6d4b" outcome="Passed" testListId="8c84fa94-04c1-424b-9868-57a2d4851a1d" relativeResultsDirectory="ee4e5ce3-4029-4b98-9826-a2ca63a15511" />
    <UnitTestResult executionId="7a3a74d1-ad99-4bed-b01e-436b1799f0fb" testId="09fa2387-002a-88c8-0b1c-134e9e315493" testName="GetIdFromPath_ShouldReturnNull_FromIncorrectPath" computerName="DKSR-EFI-04" duration="00:00:00.0004028" startTime="2023-12-22T09:35:55.1788513+01:00" endTime="2023-12-22T09:35:55.1788513+01:00" testType="13cdc9d9-ddb5-4fa4-a97d-d965ccfc6d4b" outcome="Passed" testListId="8c84fa94-04c1-424b-9868-57a2d4851a1d" relativeResultsDirectory="7a3a74d1-ad99-4bed-b01e-436b1799f0fb" />
    <UnitTestResult executionId="0019ffe1-5207-448d-90d7-830704208e5e" testId="d298d9c7-7d7d-ad15-03cc-8ab9e391d377" testName="ReadXml_ShouldReadScaleContents_WhenScaleIsPresent" computerName="DKSR-EFI-04" duration="00:00:00.0008778" startTime="2023-12-22T09:35:52.8350882+01:00" endTime="2023-12-22T09:35:52.8350882+01:00" testType="13cdc9d9-ddb5-4fa4-a97d-d965ccfc6d4b" outcome="Passed" testListId="8c84fa94-04c1-424b-9868-57a2d4851a1d" relativeResultsDirectory="0019ffe1-5207-448d-90d7-830704208e5e" />
    <UnitTestResult executionId="7c786645-766e-466e-9fa1-b43811ac44a4" testId="ed293078-f25c-eb2e-8912-33515871c1a2" testName="Serialize_ShouldHandleRecursiveCollection" computerName="DKSR-EFI-04" duration="00:00:00.0170778" startTime="2023-12-22T09:35:48.6006909+01:00" endTime="2023-12-22T09:35:48.6163143+01:00" testType="13cdc9d9-ddb5-4fa4-a97d-d965ccfc6d4b" outcome="Passed" testListId="8c84fa94-04c1-424b-9868-57a2d4851a1d" relativeResultsDirectory="7c786645-766e-466e-9fa1-b43811ac44a4" />
    <UnitTestResult executionId="f4d5d942-cbbb-463c-9556-a34d77777578" testId="6892fbdf-0dab-889b-326a-7904d2b9e728" testName="CreateSearchFilterEditControl_MultiplePluginsSameResultType_LastPluginWins" computerName="DKSR-EFI-04" duration="00:00:00.0042612" startTime="2023-12-22T09:35:50.6163257+01:00" endTime="2023-12-22T09:35:50.6319498+01:00" testType="13cdc9d9-ddb5-4fa4-a97d-d965ccfc6d4b" outcome="Passed" testListId="8c84fa94-04c1-424b-9868-57a2d4851a1d" relativeResultsDirectory="f4d5d942-cbbb-463c-9556-a34d77777578" />
    <UnitTestResult executionId="73e123c4-5940-47bb-b2a2-b84de8310186" testId="556f34ce-3bef-1c1d-2f3e-c3457681ba59" testName="Serialize_TestCases (TestParentTypeMatchObjectThisTypeNotMatched)" computerName="DKSR-EFI-04" duration="00:00:00.0007584" startTime="2023-12-22T09:35:49.0694439+01:00" endTime="2023-12-22T09:35:49.0694439+01:00" testType="13cdc9d9-ddb5-4fa4-a97d-d965ccfc6d4b" outcome="Passed" testListId="8c84fa94-04c1-424b-9868-57a2d4851a1d" relativeResultsDirectory="73e123c4-5940-47bb-b2a2-b84de8310186" />
    <UnitTestResult executionId="dec9e649-437b-41a3-8c12-9a92a59e4b7d" testId="ca990070-3269-b6c6-1a91-d9f2146eca2b" testName="Serialize_TestCases (Verify root Collection (not empty) property)" computerName="DKSR-EFI-04" duration="00:00:00.0002870" startTime="2023-12-22T09:35:48.9131895+01:00" endTime="2023-12-22T09:35:48.9131895+01:00" testType="13cdc9d9-ddb5-4fa4-a97d-d965ccfc6d4b" outcome="Passed" testListId="8c84fa94-04c1-424b-9868-57a2d4851a1d" relativeResultsDirectory="dec9e649-437b-41a3-8c12-9a92a59e4b7d" />
    <UnitTestResult executionId="215d1d1d-eefc-4beb-ae4b-54631f38ff32" testId="f42b2340-e96d-0e55-ec7c-6d27b290f74e" testName="UtcTime_ShouldReturnMinimumDateTime_WhenNotSet" computerName="DKSR-EFI-04" duration="00:00:00.0006757" startTime="2023-12-22T09:35:52.0225831+01:00" endTime="2023-12-22T09:35:52.0225831+01:00" testType="13cdc9d9-ddb5-4fa4-a97d-d965ccfc6d4b" outcome="Passed" testListId="8c84fa94-04c1-424b-9868-57a2d4851a1d" relativeResultsDirectory="215d1d1d-eefc-4beb-ae4b-54631f38ff32" />
    <UnitTestResult executionId="6a4f8574-9291-4d2b-b1eb-adc6043e2775" testId="1d1959e4-073b-7c9d-77de-ed348a6f7141" testName="BuildOverlayWidthHeightAnalyticsObjectListRuleList_ShouldReturnCorrectSizedBitmap" computerName="DKSR-EFI-04" duration="00:00:00.0015852" startTime="2023-12-22T09:35:24.8193163+01:00" endTime="2023-12-22T09:35:24.8193163+01:00" testType="13cdc9d9-ddb5-4fa4-a97d-d965ccfc6d4b" outcome="Passed" testListId="8c84fa94-04c1-424b-9868-57a2d4851a1d" relativeResultsDirectory="6a4f8574-9291-4d2b-b1eb-adc6043e2775" />
    <UnitTestResult executionId="68c5b676-5a34-4ca9-9ae3-44c1658fd771" testId="6fccae5a-7804-fab5-2f9c-d8ea289560be" testName="ReadXml_ShouldIgnoreType_WhenTypeIsPresenWithWrongNamespace" computerName="DKSR-EFI-04" duration="00:00:00.0002941" startTime="2023-12-22T09:35:51.8350796+01:00" endTime="2023-12-22T09:35:51.8350796+01:00" testType="13cdc9d9-ddb5-4fa4-a97d-d965ccfc6d4b" outcome="Passed" testListId="8c84fa94-04c1-424b-9868-57a2d4851a1d" relativeResultsDirectory="68c5b676-5a34-4ca9-9ae3-44c1658fd771" />
    <UnitTestResult executionId="a262dd7b-bf7d-4991-bbba-4db0e8a7e167" testId="7727673d-f909-602e-c023-298e3154bee0" testName="GetNearest_ShouldReturnFirstElementFromToolkitResponse_WhenTimestampIsBeforeFirstElementInResponse" computerName="DKSR-EFI-04" duration="00:00:00.0023855" startTime="2023-12-22T09:35:54.9288505+01:00" endTime="2023-12-22T09:35:54.9288505+01:00" testType="13cdc9d9-ddb5-4fa4-a97d-d965ccfc6d4b" outcome="Passed" testListId="8c84fa94-04c1-424b-9868-57a2d4851a1d" relativeResultsDirectory="a262dd7b-bf7d-4991-bbba-4db0e8a7e167" />
    <UnitTestResult executionId="b9aea658-ded0-430f-bbc0-00e40785dd7f" testId="cc29216e-1cfd-6792-7ea1-15bf1c735835" testName="Add_ShouldUpdateEndCache_WhenOldEndTimeIsEarlierThanAdded" computerName="DKSR-EFI-04" duration="00:00:00.0312930" startTime="2023-12-22T09:35:55.3038508+01:00" endTime="2023-12-22T09:35:55.3351022+01:00" testType="13cdc9d9-ddb5-4fa4-a97d-d965ccfc6d4b" outcome="Passed" testListId="8c84fa94-04c1-424b-9868-57a2d4851a1d" relativeResultsDirectory="b9aea658-ded0-430f-bbc0-00e40785dd7f" />
    <UnitTestResult executionId="f1226a68-e83e-4059-b0b9-c91c812a4d16" testId="2290dc93-26ef-2adf-bfc4-c74fcd6396b2" testName="LoadedEvent_ShouldAddProxyManager_WhenFrameworkElementIsLoadedAtLaterStage" computerName="DKSR-EFI-04" duration="00:00:00.0022700" startTime="2023-12-22T09:35:49.2881918+01:00" endTime="2023-12-22T09:35:49.2881918+01:00" testType="13cdc9d9-ddb5-4fa4-a97d-d965ccfc6d4b" outcome="Passed" testListId="8c84fa94-04c1-424b-9868-57a2d4851a1d" relativeResultsDirectory="f1226a68-e83e-4059-b0b9-c91c812a4d16" />
    <UnitTestResult executionId="6e85a2b1-6619-443b-82fa-f61537922570" testId="8ff1a4be-4c7a-03eb-1e8d-280cdf27a49d" testName="HasExtensionDataPresent_ShouldReturnTrue_WhenFillColorIsSet" computerName="DKSR-EFI-04" duration="00:00:00.0002521" startTime="2023-12-22T09:35:52.6007097+01:00" endTime="2023-12-22T09:35:52.6007097+01:00" testType="13cdc9d9-ddb5-4fa4-a97d-d965ccfc6d4b" outcome="Passed" testListId="8c84fa94-04c1-424b-9868-57a2d4851a1d" relativeResultsDirectory="6e85a2b1-6619-443b-82fa-f61537922570" />
    <UnitTestResult executionId="8aad1934-13da-41b2-9289-a0670d5a7417" testId="c1f74549-0e3d-e32b-3c71-cedfb9c5eef0" testName="TestStartSearch_ReturningResults_Success" computerName="DKSR-EFI-04" duration="00:00:00.0133660" startTime="2023-12-22T09:35:49.8663192+01:00" endTime="2023-12-22T09:35:49.8819460+01:00" testType="13cdc9d9-ddb5-4fa4-a97d-d965ccfc6d4b" outcome="Passed" testListId="8c84fa94-04c1-424b-9868-57a2d4851a1d" relativeResultsDirectory="8aad1934-13da-41b2-9289-a0670d5a7417" />
    <UnitTestResult executionId="e00ec908-ed81-4352-9f12-6e592caca7a7" testId="db7e14ac-31b0-63ea-57a6-f0098c612aa0" testName="ReadXml_ShouldIgnoreScale_WhenScaleIsPresentWithWrongNamespace" computerName="DKSR-EFI-04" duration="00:00:00.0003952" startTime="2023-12-22T09:35:52.8350882+01:00" endTime="2023-12-22T09:35:52.8350882+01:00" testType="13cdc9d9-ddb5-4fa4-a97d-d965ccfc6d4b" outcome="Passed" testListId="8c84fa94-04c1-424b-9868-57a2d4851a1d" relativeResultsDirectory="e00ec908-ed81-4352-9f12-6e592caca7a7" />
    <UnitTestResult executionId="92e37906-3a95-4049-a7b9-128f09fff312" testId="34c289c0-6cda-cf85-24b7-8d07bcc44948" testName="Close_ScopeChangedEventHandlerSet_EventHandlerRemoved" computerName="DKSR-EFI-04" duration="00:00:00.0051985" startTime="2023-12-22T09:35:49.3350668+01:00" endTime="2023-12-22T09:35:49.3350668+01:00" testType="13cdc9d9-ddb5-4fa4-a97d-d965ccfc6d4b" outcome="Passed" testListId="8c84fa94-04c1-424b-9868-57a2d4851a1d" relativeResultsDirectory="92e37906-3a95-4049-a7b9-128f09fff312" />
    <UnitTestResult executionId="5d03fae3-971b-41ae-942b-cfcb9b13e1b9" testId="8f3ff765-82e8-66d7-0b26-5b7e252a53b8" testName="Ctor_EmptyName_Throws" computerName="DKSR-EFI-04" duration="00:00:00.0005865" startTime="2023-12-22T09:35:50.8819543+01:00" endTime="2023-12-22T09:35:50.8819543+01:00" testType="13cdc9d9-ddb5-4fa4-a97d-d965ccfc6d4b" outcome="Passed" testListId="8c84fa94-04c1-424b-9868-57a2d4851a1d" relativeResultsDirectory="5d03fae3-971b-41ae-942b-cfcb9b13e1b9" />
    <UnitTestResult executionId="42212914-d51c-42e6-bf09-311cc691218b" testId="47ea98ad-fc0c-d34c-cfce-7d3c08a15e8d" testName="IsEmptyValue_DoubleRangeFilterValue_HighValueBelowMaximum_ReturnsFalse" computerName="DKSR-EFI-04" duration="00:00:00.0006508" startTime="2023-12-22T09:35:49.5538208+01:00" endTime="2023-12-22T09:35:49.5538208+01:00" testType="13cdc9d9-ddb5-4fa4-a97d-d965ccfc6d4b" outcome="Passed" testListId="8c84fa94-04c1-424b-9868-57a2d4851a1d" relativeResultsDirectory="42212914-d51c-42e6-bf09-311cc691218b" />
    <UnitTestResult executionId="fb66e1b7-5618-420b-b9e5-919f95e1c08f" testId="f078252f-e622-661e-c5dc-189c04c6d312" testName="Init_ShouldDisconnectImageExporter_OnSecondInit" computerName="DKSR-EFI-04" duration="00:00:00.0115858" startTime="2023-12-22T09:35:55.0538492+01:00" endTime="2023-12-22T09:35:55.0694731+01:00" testType="13cdc9d9-ddb5-4fa4-a97d-d965ccfc6d4b" outcome="Passed" testListId="8c84fa94-04c1-424b-9868-57a2d4851a1d" relativeResultsDirectory="fb66e1b7-5618-420b-b9e5-919f95e1c08f" />
    <UnitTestResult executionId="0e039e8e-9023-48d4-97b8-b012fb132ac1" testId="86824227-709e-d695-09b7-8d9000453067" testName="Codec_ShouldThrowArgumentOutOfRangeException_WhenCodecIsNotVideoCodec" computerName="DKSR-EFI-04" duration="00:00:00.0133165" startTime="2023-12-22T09:35:54.2882194+01:00" endTime="2023-12-22T09:35:54.3038450+01:00" testType="13cdc9d9-ddb5-4fa4-a97d-d965ccfc6d4b" outcome="Passed" testListId="8c84fa94-04c1-424b-9868-57a2d4851a1d" relativeResultsDirectory="0e039e8e-9023-48d4-97b8-b012fb132ac1" />
    <UnitTestResult executionId="ab634bfa-69cd-4651-9d85-72eb03097124" testId="c05fec08-28d3-c263-f7df-c8727f4f0b97" testName="Match_Fail_SystemType_WrongMessage" computerName="DKSR-EFI-04" duration="00:00:00.0007191" startTime="2023-12-22T09:35:53.1944641+01:00" endTime="2023-12-22T09:35:53.1944641+01:00" testType="13cdc9d9-ddb5-4fa4-a97d-d965ccfc6d4b" outcome="Passed" testListId="8c84fa94-04c1-424b-9868-57a2d4851a1d" relativeResultsDirectory="ab634bfa-69cd-4651-9d85-72eb03097124" />
    <UnitTestResult executionId="495d906e-98a1-46b4-8fe9-390bcccfba94" testId="9fe19c9a-7103-2abd-228a-09e45881c4bc" testName="GetMetadataObjectsAsync_ClearCachedData_DelegatedToInternalMethodTwice" computerName="DKSR-EFI-04" duration="00:00:00.0010414" startTime="2023-12-22T09:35:50.1319477+01:00" endTime="2023-12-22T09:35:50.1319477+01:00" testType="13cdc9d9-ddb5-4fa4-a97d-d965ccfc6d4b" outcome="Passed" testListId="8c84fa94-04c1-424b-9868-57a2d4851a1d" relativeResultsDirectory="495d906e-98a1-46b4-8fe9-390bcccfba94" />
    <UnitTestResult executionId="d6a8c91f-33a1-404d-818b-90cdf857d1fb" testId="67c0ea39-eacf-68a7-bc2c-66d2ee840cfb" testName="ToJson_ListElement_Array_Exception" computerName="DKSR-EFI-04" duration="00:00:00.0005273" startTime="2023-12-22T09:35:51.2569538+01:00" endTime="2023-12-22T09:35:51.2569538+01:00" testType="13cdc9d9-ddb5-4fa4-a97d-d965ccfc6d4b" outcome="Passed" testListId="8c84fa94-04c1-424b-9868-57a2d4851a1d" relativeResultsDirectory="d6a8c91f-33a1-404d-818b-90cdf857d1fb" />
    <UnitTestResult executionId="1747878c-c8c8-434f-8c18-386ea872be30" testId="4ce8fa95-501e-1da1-3954-5f99709a3a47" testName="Serialize_TestCases (TestParentTypeMatchGenericThisTypeMatched)" computerName="DKSR-EFI-04" duration="00:00:00.0037781" startTime="2023-12-22T09:35:49.1475677+01:00" endTime="2023-12-22T09:35:49.1475677+01:00" testType="13cdc9d9-ddb5-4fa4-a97d-d965ccfc6d4b" outcome="Passed" testListId="8c84fa94-04c1-424b-9868-57a2d4851a1d" relativeResultsDirectory="1747878c-c8c8-434f-8c18-386ea872be30" />
    <UnitTestResult executionId="af2a82a9-84be-4d73-90c4-7c69b911f898" testId="0f40bc61-c58f-06fd-9a7b-e081d001f46f" testName="WriteXml_ShouldWriteObjectsContents_WhenObjectsAreWritten" computerName="DKSR-EFI-04" duration="00:00:00.0015326" startTime="2023-12-22T09:35:52.1163350+01:00" endTime="2023-12-22T09:35:52.1163350+01:00" testType="13cdc9d9-ddb5-4fa4-a97d-d965ccfc6d4b" outcome="Passed" testListId="8c84fa94-04c1-424b-9868-57a2d4851a1d" relativeResultsDirectory="af2a82a9-84be-4d73-90c4-7c69b911f898" />
    <UnitTestResult executionId="940cb111-6eb2-458d-b7cf-55cb3b2b963e" testId="9e5ec3f3-397a-9268-e64a-1a2655cbcab4" testName="Apply_ShouldDoNothing_WhenArgumentIsNull" computerName="DKSR-EFI-04" duration="00:00:00.0026962" startTime="2023-12-22T09:35:51.9757082+01:00" endTime="2023-12-22T09:35:51.9757082+01:00" testType="13cdc9d9-ddb5-4fa4-a97d-d965ccfc6d4b" outcome="Passed" testListId="8c84fa94-04c1-424b-9868-57a2d4851a1d" relativeResultsDirectory="940cb111-6eb2-458d-b7cf-55cb3b2b963e" />
    <UnitTestResult executionId="56b64c54-0312-4ad6-a504-0f3ddb5e0ee5" testId="a357cf6c-ef79-7a61-f86c-3c3cf29677ef" testName="Remove_ShouldInvokeCallback_WhenObservable" computerName="DKSR-EFI-04" duration="00:00:00.0015017" startTime="2023-12-22T09:35:46.6788053+01:00" endTime="2023-12-22T09:35:46.6788053+01:00" testType="13cdc9d9-ddb5-4fa4-a97d-d965ccfc6d4b" outcome="Passed" testListId="8c84fa94-04c1-424b-9868-57a2d4851a1d" relativeResultsDirectory="56b64c54-0312-4ad6-a504-0f3ddb5e0ee5" />
    <UnitTestResult executionId="75840eb3-3b28-472f-a0f1-65d2ec676b9e" testId="76e3efce-d93e-9a75-4b2c-e3e683f528b6" testName="Serialize_TestCases (Verify root Generic (not null) property get property value)" computerName="DKSR-EFI-04" duration="00:00:00.0001944" startTime="2023-12-22T09:35:48.9444405+01:00" endTime="2023-12-22T09:35:48.9600655+01:00" testType="13cdc9d9-ddb5-4fa4-a97d-d965ccfc6d4b" outcome="Passed" testListId="8c84fa94-04c1-424b-9868-57a2d4851a1d" relativeResultsDirectory="75840eb3-3b28-472f-a0f1-65d2ec676b9e" />
    <UnitTestResult executionId="96c354af-9c6b-4ed1-8ab6-5774e079e287" testId="d289ff8a-f589-cd43-96ee-801082b894b3" testName="Remove_NullKey_Throws" computerName="DKSR-EFI-04" duration="00:00:00.0006912" startTime="2023-12-22T09:35:35.2568696+01:00" endTime="2023-12-22T09:35:35.2568696+01:00" testType="13cdc9d9-ddb5-4fa4-a97d-d965ccfc6d4b" outcome="Passed" testListId="8c84fa94-04c1-424b-9868-57a2d4851a1d" relativeResultsDirectory="96c354af-9c6b-4ed1-8ab6-5774e079e287" />
    <UnitTestResult executionId="ed925fb2-1c63-4341-a38a-ce3899c76b1a" testId="3b98c405-59b2-7eb5-3579-4fa697a97bb2" testName="SearchResultData_IgnoredSearchFilters_Success" computerName="DKSR-EFI-04" duration="00:00:00.0005729" startTime="2023-12-22T09:35:50.1788226+01:00" endTime="2023-12-22T09:35:50.1788226+01:00" testType="13cdc9d9-ddb5-4fa4-a97d-d965ccfc6d4b" outcome="Passed" testListId="8c84fa94-04c1-424b-9868-57a2d4851a1d" relativeResultsDirectory="ed925fb2-1c63-4341-a38a-ce3899c76b1a" />
    <UnitTestResult executionId="a07217cd-cfab-407d-ba18-c3f642292f52" testId="b543895e-b652-81f1-d5a2-ebd384954ea0" testName="Ctor_NullName_Throws" computerName="DKSR-EFI-04" duration="00:00:00.0013458" startTime="2023-12-22T09:35:50.8819543+01:00" endTime="2023-12-22T09:35:50.8819543+01:00" testType="13cdc9d9-ddb5-4fa4-a97d-d965ccfc6d4b" outcome="Passed" testListId="8c84fa94-04c1-424b-9868-57a2d4851a1d" relativeResultsDirectory="a07217cd-cfab-407d-ba18-c3f642292f52" />
    <UnitTestResult executionId="516c0123-8c3a-4489-be38-0cf5d3747a2c" testId="545d08a7-8d4d-0e52-621a-4acb7e985873" testName="ReadAppearanceExtensionXml_ShouldReadBoundingBoxFillColor_WhenBoundingBoxFillColorIsPresent" computerName="DKSR-EFI-04" duration="00:00:00.0002880" startTime="2023-12-22T09:35:52.6475862+01:00" endTime="2023-12-22T09:35:52.6475862+01:00" testType="13cdc9d9-ddb5-4fa4-a97d-d965ccfc6d4b" outcome="Passed" testListId="8c84fa94-04c1-424b-9868-57a2d4851a1d" relativeResultsDirectory="516c0123-8c3a-4489-be38-0cf5d3747a2c" />
    <UnitTestResult executionId="1e3c728e-8363-4cd6-a74c-df841dbba8ef" testId="1f0a0407-7982-ddd0-173d-1b88aac6222d" testName="ServerIdWithHttps_Construct_Success" computerName="DKSR-EFI-04" duration="00:00:00.0103428" startTime="2023-12-22T09:35:21.0067979+01:00" endTime="2023-12-22T09:35:21.0224201+01:00" testType="13cdc9d9-ddb5-4fa4-a97d-d965ccfc6d4b" outcome="Passed" testListId="8c84fa94-04c1-424b-9868-57a2d4851a1d" relativeResultsDirectory="1e3c728e-8363-4cd6-a74c-df841dbba8ef" />
    <UnitTestResult executionId="c69c3543-cb48-4245-95fb-1e50efb02327" testId="ba884d95-61a4-037b-ab6f-8704dd43240a" testName="WriteXml_ShouldWriteBehaviourContents_WhenBehaviourIsNotNullAndHasBehaviour" computerName="DKSR-EFI-04" duration="00:00:00.0011189" startTime="2023-12-22T09:35:52.5850871+01:00" endTime="2023-12-22T09:35:52.5850871+01:00" testType="13cdc9d9-ddb5-4fa4-a97d-d965ccfc6d4b" outcome="Passed" testListId="8c84fa94-04c1-424b-9868-57a2d4851a1d" relativeResultsDirectory="c69c3543-cb48-4245-95fb-1e50efb02327" />
    <UnitTestResult executionId="ac1ae2bf-7640-4c1c-b81d-11f334681de9" testId="a93da72c-b598-8e0b-050b-22cd8b6b16d6" testName="Serialize_TestCases (TestParentRecursiveTwoRecursiveElements)" computerName="DKSR-EFI-04" duration="00:00:00.0005928" startTime="2023-12-22T09:35:49.2100670+01:00" endTime="2023-12-22T09:35:49.2100670+01:00" testType="13cdc9d9-ddb5-4fa4-a97d-d965ccfc6d4b" outcome="Passed" testListId="8c84fa94-04c1-424b-9868-57a2d4851a1d" relativeResultsDirectory="ac1ae2bf-7640-4c1c-b81d-11f334681de9" />
    <UnitTestResult executionId="02cf3419-70ed-4b0a-b3a3-40bac97b22c1" testId="5d644acb-4f60-31db-754d-a101236e8d7f" testName="WriteXml_ShouldOmitElements_WhenDataIsNotPresent" computerName="DKSR-EFI-04" duration="00:00:00.0012405" startTime="2023-12-22T09:35:52.5694616+01:00" endTime="2023-12-22T09:35:52.5694616+01:00" testType="13cdc9d9-ddb5-4fa4-a97d-d965ccfc6d4b" outcome="Passed" testListId="8c84fa94-04c1-424b-9868-57a2d4851a1d" relativeResultsDirectory="02cf3419-70ed-4b0a-b3a3-40bac97b22c1" />
    <UnitTestResult executionId="a502ca8f-3803-4eee-828a-3cf3f5ae3beb" testId="01be5dc2-8974-a781-e346-9997ff0168c6" testName="GenerateParameters_ShouldCallGenerateDeviceParametersForCamera_WhenThereAreCameraDevices" computerName="DKSR-EFI-04" duration="00:00:00.0012480" startTime="2023-12-22T09:35:54.5225977+01:00" endTime="2023-12-22T09:35:54.5225977+01:00" testType="13cdc9d9-ddb5-4fa4-a97d-d965ccfc6d4b" outcome="Passed" testListId="8c84fa94-04c1-424b-9868-57a2d4851a1d" relativeResultsDirectory="a502ca8f-3803-4eee-828a-3cf3f5ae3beb" />
    <UnitTestResult executionId="ffbfd650-5110-4d03-92f1-fad4c5f1e0d1" testId="9fd29388-e6f2-2ce9-7173-3d8e1efacf79" testName="KindsFilter_OneKind_OnlyAllowedKindShown" computerName="DKSR-EFI-04" duration="00:00:00.0416074" startTime="2023-12-22T09:35:46.2256773+01:00" endTime="2023-12-22T09:35:46.2725528+01:00" testType="13cdc9d9-ddb5-4fa4-a97d-d965ccfc6d4b" outcome="Passed" testListId="8c84fa94-04c1-424b-9868-57a2d4851a1d" relativeResultsDirectory="ffbfd650-5110-4d03-92f1-fad4c5f1e0d1" />
    <UnitTestResult executionId="6202c95b-9bf9-44a6-b9ef-295876416edb" testId="73ec9274-5d95-cb62-60ca-c2f3ce2346e6" testName="WriteXml_ShouldWriteRightAttribute_WhenAlays" computerName="DKSR-EFI-04" duration="00:00:00.0004932" startTime="2023-12-22T09:35:52.6788367+01:00" endTime="2023-12-22T09:35:52.6788367+01:00" testType="13cdc9d9-ddb5-4fa4-a97d-d965ccfc6d4b" outcome="Passed" testListId="8c84fa94-04c1-424b-9868-57a2d4851a1d" relativeResultsDirectory="6202c95b-9bf9-44a6-b9ef-295876416edb" />
    <UnitTestResult executionId="8fc5d011-c651-4ee8-acc3-ecda8ee7b7d2" testId="76c66eeb-a2f8-48cc-26cc-ff5958f96fde" testName="GetNearest_ShouldReturnNull_WhenCacheIsEmpty" computerName="DKSR-EFI-04" duration="00:00:00.0008586" startTime="2023-12-22T09:35:54.6007223+01:00" endTime="2023-12-22T09:35:54.6007223+01:00" testType="13cdc9d9-ddb5-4fa4-a97d-d965ccfc6d4b" outcome="Passed" testListId="8c84fa94-04c1-424b-9868-57a2d4851a1d" relativeResultsDirectory="8fc5d011-c651-4ee8-acc3-ecda8ee7b7d2" />
    <UnitTestResult executionId="5255d40e-5e0c-4e4d-a165-0acd85eb75e9" testId="301bb053-2669-b626-aada-e5ec26552701" testName="ReadXml_ShouldLogWarningTwiceWhenMoreThanOneMinuteBetweenWarnings_WhenRequiredAttributeIsMissing" computerName="DKSR-EFI-04" duration="00:00:00.0020068" startTime="2023-12-22T09:35:52.7100884+01:00" endTime="2023-12-22T09:35:52.7100884+01:00" testType="13cdc9d9-ddb5-4fa4-a97d-d965ccfc6d4b" outcome="Passed" testListId="8c84fa94-04c1-424b-9868-57a2d4851a1d" relativeResultsDirectory="5255d40e-5e0c-4e4d-a165-0acd85eb75e9" />
    <UnitTestResult executionId="ed642815-f72f-47c6-a3e6-b2c54aa29552" testId="9fe60fa0-7d32-eb9d-1e44-3be02241d2db" testName="WriteXml_ShouldOmitBehaviourElement_WhenBehaviourIsNotNullAndWithoutBehaviour" computerName="DKSR-EFI-04" duration="00:00:00.0005590" startTime="2023-12-22T09:35:52.5850871+01:00" endTime="2023-12-22T09:35:52.5850871+01:00" testType="13cdc9d9-ddb5-4fa4-a97d-d965ccfc6d4b" outcome="Passed" testListId="8c84fa94-04c1-424b-9868-57a2d4851a1d" relativeResultsDirectory="ed642815-f72f-47c6-a3e6-b2c54aa29552" />
    <UnitTestResult executionId="fc73661e-d09e-40ac-9ede-f5b71fcbafc2" testId="954dcc09-ffa8-ee72-ce2c-24675b9f100a" testName="ObjectId_ShouldReturnZero_WhenNotSetInConstructor" computerName="DKSR-EFI-04" duration="00:00:00.0002457" startTime="2023-12-22T09:35:52.5225869+01:00" endTime="2023-12-22T09:35:52.5225869+01:00" testType="13cdc9d9-ddb5-4fa4-a97d-d965ccfc6d4b" outcome="Passed" testListId="8c84fa94-04c1-424b-9868-57a2d4851a1d" relativeResultsDirectory="fc73661e-d09e-40ac-9ede-f5b71fcbafc2" />
    <UnitTestResult executionId="2a144874-c820-4fa2-805c-b6f294c5e391" testId="0fbb0657-5fcb-c22d-ba1e-66fc2f5570e3" testName="Minimize_ShouldReturnOneInterval_WhenListContainsThreeOverlappingIntervalsContainingEachOtherReversed" computerName="DKSR-EFI-04" duration="00:00:00.0006921" startTime="2023-12-22T09:35:35.1162461+01:00" endTime="2023-12-22T09:35:35.1162461+01:00" testType="13cdc9d9-ddb5-4fa4-a97d-d965ccfc6d4b" outcome="Passed" testListId="8c84fa94-04c1-424b-9868-57a2d4851a1d" relativeResultsDirectory="2a144874-c820-4fa2-805c-b6f294c5e391" />
    <UnitTestResult executionId="eff43338-86af-4348-9c7c-93e99c85f04e" testId="33719bf3-5409-92ab-16c7-8a271f81b2e6" testName="Ctor_EmptyName_Throws" computerName="DKSR-EFI-04" duration="00:00:00.0006103" startTime="2023-12-22T09:35:50.8038272+01:00" endTime="2023-12-22T09:35:50.8038272+01:00" testType="13cdc9d9-ddb5-4fa4-a97d-d965ccfc6d4b" outcome="Passed" testListId="8c84fa94-04c1-424b-9868-57a2d4851a1d" relativeResultsDirectory="eff43338-86af-4348-9c7c-93e99c85f04e" />
    <UnitTestResult executionId="74b66762-6e10-42c5-a860-61fd03b657a2" testId="cec6c299-8695-bd09-ea27-6e9dd0196e7e" testName="Serialize_TestCases (TestParentTypeMatchStructNotThisTypeNotMatchedProperty)" computerName="DKSR-EFI-04" duration="00:00:00.0007019" startTime="2023-12-22T09:35:49.0694439+01:00" endTime="2023-12-22T09:35:49.0694439+01:00" testType="13cdc9d9-ddb5-4fa4-a97d-d965ccfc6d4b" outcome="Passed" testListId="8c84fa94-04c1-424b-9868-57a2d4851a1d" relativeResultsDirectory="74b66762-6e10-42c5-a860-61fd03b657a2" />
    <UnitTestResult executionId="96be1689-87ad-4f63-a4a8-1685c94762b7" testId="11c28579-30cf-d22c-ee3d-3776ee719321" testName="GetBoundingShapesAsync_MultipleInvocations_DelegatedToInternalMethodOnlyOnce" computerName="DKSR-EFI-04" duration="00:00:00.0016796" startTime="2023-12-22T09:35:50.1006974+01:00" endTime="2023-12-22T09:35:50.1006974+01:00" testType="13cdc9d9-ddb5-4fa4-a97d-d965ccfc6d4b" outcome="Passed" testListId="8c84fa94-04c1-424b-9868-57a2d4851a1d" relativeResultsDirectory="96be1689-87ad-4f63-a4a8-1685c94762b7" />
    <UnitTestResult executionId="6f26256f-1540-4e56-8e44-d2aa4e08dc57" testId="87215dbe-be98-eae0-f888-50bc76faae33" testName="GetPreviousDateTime_ShouldReturnDataEntityFromCacheWithoutCallingToolkit_WhenDataIsPresentInCache" computerName="DKSR-EFI-04" duration="00:00:00.0036926" startTime="2023-12-22T09:35:54.8819739+01:00" endTime="2023-12-22T09:35:54.8819739+01:00" testType="13cdc9d9-ddb5-4fa4-a97d-d965ccfc6d4b" outcome="Passed" testListId="8c84fa94-04c1-424b-9868-57a2d4851a1d" relativeResultsDirectory="6f26256f-1540-4e56-8e44-d2aa4e08dc57" />
    <UnitTestResult executionId="5a5ae2b7-853c-49ff-89cf-2da4ce0b4867" testId="43549381-b46a-2b58-13a9-b35484e42c71" testName="Match_Success_SystemTypeAnyMessage" computerName="DKSR-EFI-04" duration="00:00:00.0004174" startTime="2023-12-22T09:35:53.1944641+01:00" endTime="2023-12-22T09:35:53.1944641+01:00" testType="13cdc9d9-ddb5-4fa4-a97d-d965ccfc6d4b" outcome="Passed" testListId="8c84fa94-04c1-424b-9868-57a2d4851a1d" relativeResultsDirectory="5a5ae2b7-853c-49ff-89cf-2da4ce0b4867" />
    <UnitTestResult executionId="656b1798-47f7-45ba-91f2-0df22ca9aa69" testId="b033676b-8032-936f-8e94-1ff7304e27d8" testName="Construction_ParamNullCheck" computerName="DKSR-EFI-04" duration="00:00:00.0007318" startTime="2023-12-22T09:35:51.1475789+01:00" endTime="2023-12-22T09:35:51.1475789+01:00" testType="13cdc9d9-ddb5-4fa4-a97d-d965ccfc6d4b" outcome="Passed" testListId="8c84fa94-04c1-424b-9868-57a2d4851a1d" relativeResultsDirectory="656b1798-47f7-45ba-91f2-0df22ca9aa69" />
    <UnitTestResult executionId="48ad83e1-af9c-47b1-91a1-8796ad0a5191" testId="879090c1-add8-48b2-d609-da3bc5d3a246" testName="SplitString_When1Level_Success" computerName="DKSR-EFI-04" duration="00:00:00.0003169" startTime="2023-12-22T09:35:35.0068681+01:00" endTime="2023-12-22T09:35:35.0068681+01:00" testType="13cdc9d9-ddb5-4fa4-a97d-d965ccfc6d4b" outcome="Passed" testListId="8c84fa94-04c1-424b-9868-57a2d4851a1d" relativeResultsDirectory="48ad83e1-af9c-47b1-91a1-8796ad0a5191" />
    <UnitTestResult executionId="a059a27a-45ec-41a5-95ee-c901eea2a170" testId="3d5f10ab-1224-9509-ef72-ffed425cc301" testName="PropertiesShouldReturnConstructorParameter" computerName="DKSR-EFI-04" duration="00:00:00.0057037" startTime="2023-12-22T09:35:53.9444693+01:00" endTime="2023-12-22T09:35:53.9444693+01:00" testType="13cdc9d9-ddb5-4fa4-a97d-d965ccfc6d4b" outcome="Passed" testListId="8c84fa94-04c1-424b-9868-57a2d4851a1d" relativeResultsDirectory="a059a27a-45ec-41a5-95ee-c901eea2a170" />
    <UnitTestResult executionId="f9602c3d-b5e8-4e47-99a1-20e91ed19615" testId="7e0a73d2-6a35-69c0-258f-1a39ba55eac2" testName="Append_Ignored_For_Empty_Values" computerName="DKSR-EFI-04" duration="00:00:00.0013679" startTime="2023-12-22T09:35:51.0069515+01:00" endTime="2023-12-22T09:35:51.0069515+01:00" testType="13cdc9d9-ddb5-4fa4-a97d-d965ccfc6d4b" outcome="Passed" testListId="8c84fa94-04c1-424b-9868-57a2d4851a1d" relativeResultsDirectory="f9602c3d-b5e8-4e47-99a1-20e91ed19615" />
    <UnitTestResult executionId="1dbb5906-fc93-4735-9af9-82efbaf91201" testId="3487929c-15fb-a7da-5bec-346afcbec7da" testName="ReadXml_ShouldLogWarningTwiceWhenMoreThanOneMinuteBetweenWarnings_WhenBoundingBoxIsMissing" computerName="DKSR-EFI-04" duration="00:00:00.0027073" startTime="2023-12-22T09:35:52.7725858+01:00" endTime="2023-12-22T09:35:52.7725858+01:00" testType="13cdc9d9-ddb5-4fa4-a97d-d965ccfc6d4b" outcome="Passed" testListId="8c84fa94-04c1-424b-9868-57a2d4851a1d" relativeResultsDirectory="1dbb5906-fc93-4735-9af9-82efbaf91201" />
    <UnitTestResult executionId="08d26cb8-c37d-42c7-9d7e-49baab35a933" testId="1cd3273e-4fe1-8213-74a3-0afca1364b2a" testName="GetPrevious_ShouldReturnEntryBeforeLastReturnedEntry_WhenFindCacheEntryBeforeWasCalledAndThereIsAPreviousEntry" computerName="DKSR-EFI-04" duration="00:00:00.0006038" startTime="2023-12-22T09:35:54.5694717+01:00" endTime="2023-12-22T09:35:54.5694717+01:00" testType="13cdc9d9-ddb5-4fa4-a97d-d965ccfc6d4b" outcome="Passed" testListId="8c84fa94-04c1-424b-9868-57a2d4851a1d" relativeResultsDirectory="08d26cb8-c37d-42c7-9d7e-49baab35a933" />
    <UnitTestResult executionId="dba63b39-29ab-48d3-94c6-803c46210164" testId="c2f6ebcb-6563-8bdd-b77e-91b902f7eb14" testName="PatchItem_Camera_Success" computerName="DKSR-EFI-04" duration="00:00:00.1131171" startTime="2023-12-22T09:35:51.3819534+01:00" endTime="2023-12-22T09:35:51.4913315+01:00" testType="13cdc9d9-ddb5-4fa4-a97d-d965ccfc6d4b" outcome="Passed" testListId="8c84fa94-04c1-424b-9868-57a2d4851a1d" relativeResultsDirectory="dba63b39-29ab-48d3-94c6-803c46210164" />
    <UnitTestResult executionId="c8de8f1b-f12e-46e4-9cea-0cc746d7241b" testId="044d023a-988b-c4dd-c568-29bf752ae34c" testName="Serialize_TestCases (Verify root Generic (null) property)" computerName="DKSR-EFI-04" duration="00:00:00.0002661" startTime="2023-12-22T09:35:48.9444405+01:00" endTime="2023-12-22T09:35:48.9444405+01:00" testType="13cdc9d9-ddb5-4fa4-a97d-d965ccfc6d4b" outcome="Passed" testListId="8c84fa94-04c1-424b-9868-57a2d4851a1d" relativeResultsDirectory="c8de8f1b-f12e-46e4-9cea-0cc746d7241b" />
    <UnitTestResult executionId="55a86e61-84a4-4ad5-b8f7-456b23004ae5" testId="8bd9e66b-afe5-6a6c-4e29-a0b4f0e39174" testName="ReadXml_ShouldReadBoundingBoxContents_WhenBoundingBoxIsPresent" computerName="DKSR-EFI-04" duration="00:00:00.0011493" startTime="2023-12-22T09:35:52.7257115+01:00" endTime="2023-12-22T09:35:52.7413365+01:00" testType="13cdc9d9-ddb5-4fa4-a97d-d965ccfc6d4b" outcome="Passed" testListId="8c84fa94-04c1-424b-9868-57a2d4851a1d" relativeResultsDirectory="55a86e61-84a4-4ad5-b8f7-456b23004ae5" />
    <UnitTestResult executionId="190ec91f-4cf3-438b-bb9d-9ee4472bbb01" testId="6fe02979-6afc-53d3-587b-e4a584169c47" testName="SplitString_When2Levels_Splits" computerName="DKSR-EFI-04" duration="00:00:00.0079509" startTime="2023-12-22T09:35:34.9912412+01:00" endTime="2023-12-22T09:35:35.0068681+01:00" testType="13cdc9d9-ddb5-4fa4-a97d-d965ccfc6d4b" outcome="Passed" testListId="8c84fa94-04c1-424b-9868-57a2d4851a1d" relativeResultsDirectory="190ec91f-4cf3-438b-bb9d-9ee4472bbb01" />
    <UnitTestResult executionId="2f6db6ae-06d2-4d2c-87eb-79450fd80b16" testId="e0974674-ac77-e53b-c938-66c6d56fd05c" testName="Equals_ShouldReturnTrue_WhenOnePortNumberIsZeroAndTheOtherIsEighty" computerName="DKSR-EFI-04" duration="00:00:00.0003986" startTime="2023-12-22T09:35:23.2411912+01:00" endTime="2023-12-22T09:35:23.2411912+01:00" testType="13cdc9d9-ddb5-4fa4-a97d-d965ccfc6d4b" outcome="Passed" testListId="8c84fa94-04c1-424b-9868-57a2d4851a1d" relativeResultsDirectory="2f6db6ae-06d2-4d2c-87eb-79450fd80b16" />
    <UnitTestResult executionId="bec73a04-c35d-4670-a041-5758ce8bd62c" testId="40cc8bf3-9b9a-c620-7f65-c9598a6e4a28" testName="GetMetadataObjectIdsAsync_MultipleInvocations_DelegatedToInternalMethodOnlyOnce" computerName="DKSR-EFI-04" duration="00:00:00.0010213" startTime="2023-12-22T09:35:50.1163216+01:00" endTime="2023-12-22T09:35:50.1319477+01:00" testType="13cdc9d9-ddb5-4fa4-a97d-d965ccfc6d4b" outcome="Passed" testListId="8c84fa94-04c1-424b-9868-57a2d4851a1d" relativeResultsDirectory="bec73a04-c35d-4670-a041-5758ce8bd62c" />
    <UnitTestResult executionId="38ff7ac1-9384-438f-8731-5c52dc09140b" testId="78226ef2-fcbe-8c02-29f4-cc48e0495b30" testName="OverlapsWith_ShouldReturnFalse_WhenArgumenEndIsEqualToStart" computerName="DKSR-EFI-04" duration="00:00:00.0003062" startTime="2023-12-22T09:35:35.0537435+01:00" endTime="2023-12-22T09:35:35.0537435+01:00" testType="13cdc9d9-ddb5-4fa4-a97d-d965ccfc6d4b" outcome="Passed" testListId="8c84fa94-04c1-424b-9868-57a2d4851a1d" relativeResultsDirectory="38ff7ac1-9384-438f-8731-5c52dc09140b" />
    <UnitTestResult executionId="993a1fb6-827a-4aec-913e-72fe48a6b96e" testId="65d04660-c78c-f9e9-ce4c-0226775bf0c4" testName="Dequeue_TwoConsumers_Success" computerName="DKSR-EFI-04" duration="00:00:00.0200273" startTime="2023-12-22T09:35:35.1787439+01:00" endTime="2023-12-22T09:35:35.1943731+01:00" testType="13cdc9d9-ddb5-4fa4-a97d-d965ccfc6d4b" outcome="Passed" testListId="8c84fa94-04c1-424b-9868-57a2d4851a1d" relativeResultsDirectory="993a1fb6-827a-4aec-913e-72fe48a6b96e" />
    <UnitTestResult executionId="6da4d2c3-1b44-45fa-8975-7035f074e2f6" testId="629a124b-d106-9b5f-4810-e231979dd6e9" testName="ProvideValue_ShouldNotApplyContentTemplate_WhenItemContentTemplatePropertyNameIsNotSet" computerName="DKSR-EFI-04" duration="00:00:00.0045752" startTime="2023-12-22T09:35:47.3194327+01:00" endTime="2023-12-22T09:35:47.3194327+01:00" testType="13cdc9d9-ddb5-4fa4-a97d-d965ccfc6d4b" outcome="Passed" testListId="8c84fa94-04c1-424b-9868-57a2d4851a1d" relativeResultsDirectory="6da4d2c3-1b44-45fa-8975-7035f074e2f6" />
    <UnitTestResult executionId="f2d1a016-c908-4a47-93fa-0cc6b14a0c4e" testId="4eb529fd-da3e-df70-1180-0619ee67e3c6" testName="JsonUtility_Compress_Success" computerName="DKSR-EFI-04" duration="00:00:00.0005229" startTime="2023-12-22T09:35:51.0225753+01:00" endTime="2023-12-22T09:35:51.0225753+01:00" testType="13cdc9d9-ddb5-4fa4-a97d-d965ccfc6d4b" outcome="Passed" testListId="8c84fa94-04c1-424b-9868-57a2d4851a1d" relativeResultsDirectory="f2d1a016-c908-4a47-93fa-0cc6b14a0c4e" />
    <UnitTestResult executionId="a866cfbf-085d-41f2-9c81-2144426ab770" testId="ae4a8750-d669-3823-272f-96fc0e4fc346" testName="GenerateDeviceParameters_ShouldOmitFps_WhenFpsIsZero" computerName="DKSR-EFI-04" duration="00:00:00.0070357" startTime="2023-12-22T09:35:54.3507203+01:00" endTime="2023-12-22T09:35:54.3663473+01:00" testType="13cdc9d9-ddb5-4fa4-a97d-d965ccfc6d4b" outcome="Passed" testListId="8c84fa94-04c1-424b-9868-57a2d4851a1d" relativeResultsDirectory="a866cfbf-085d-41f2-9c81-2144426ab770" />
    <UnitTestResult executionId="049a7298-f48b-43f4-8b24-d7d7e1ec8dd7" testId="a75415d5-8f48-5b6a-949c-d1ac83acad3d" testName="ServerIdWithHttps_CheckSerialization_Success" computerName="DKSR-EFI-04" duration="00:00:00.0155597" startTime="2023-12-22T09:35:21.0380501+01:00" endTime="2023-12-22T09:35:21.0536720+01:00" testType="13cdc9d9-ddb5-4fa4-a97d-d965ccfc6d4b" outcome="Passed" testListId="8c84fa94-04c1-424b-9868-57a2d4851a1d" relativeResultsDirectory="049a7298-f48b-43f4-8b24-d7d7e1ec8dd7" />
    <UnitTestResult executionId="e7b989bf-d55e-4d0a-8104-3f886947860f" testId="42302bdc-1d63-06ab-e9d6-928e15c70dec" testName="Serialize_TestCases (TestParentTypeMatchDoubleNotThisTypeMatched)" computerName="DKSR-EFI-04" duration="00:00:00.0003291" startTime="2023-12-22T09:35:49.0069409+01:00" endTime="2023-12-22T09:35:49.0069409+01:00" testType="13cdc9d9-ddb5-4fa4-a97d-d965ccfc6d4b" outcome="Passed" testListId="8c84fa94-04c1-424b-9868-57a2d4851a1d" relativeResultsDirectory="e7b989bf-d55e-4d0a-8104-3f886947860f" />
    <UnitTestResult executionId="38ed94cf-7ada-4354-8c11-094cd7291c37" testId="af3c7f95-5484-075f-8f9e-acca11c99bc5" testName="GetNearest_ShouldReturnNearestData_WhenTimestampIsInMiddleOfDataReturnedFromToolkit" computerName="DKSR-EFI-04" duration="00:00:00.0030415" startTime="2023-12-22T09:35:54.9288505+01:00" endTime="2023-12-22T09:35:54.9288505+01:00" testType="13cdc9d9-ddb5-4fa4-a97d-d965ccfc6d4b" outcome="Passed" testListId="8c84fa94-04c1-424b-9868-57a2d4851a1d" relativeResultsDirectory="38ed94cf-7ada-4354-8c11-094cd7291c37" />
    <UnitTestResult executionId="449044ef-b7fd-46c0-adbc-3c69961384ca" testId="1612f291-790a-313d-a0d3-c41060967beb" testName="ToString_Check" computerName="DKSR-EFI-04" duration="00:00:00.0007471" startTime="2023-12-22T09:35:21.1630449+01:00" endTime="2023-12-22T09:35:21.1630449+01:00" testType="13cdc9d9-ddb5-4fa4-a97d-d965ccfc6d4b" outcome="Passed" testListId="8c84fa94-04c1-424b-9868-57a2d4851a1d" relativeResultsDirectory="449044ef-b7fd-46c0-adbc-3c69961384ca" />
    <UnitTestResult executionId="b5692196-74ba-4c46-8a37-ff90bcadbeb4" testId="8a8c7432-7378-2ff6-b3a1-a3b7254f4458" testName="ReadXml_ShouldLogWarningOnlyOnceWithinOneMinute_WhenCenterOfGravityIsIncomplete" computerName="DKSR-EFI-04" duration="00:00:00.0014917" startTime="2023-12-22T09:35:52.7725858+01:00" endTime="2023-12-22T09:35:52.7882136+01:00" testType="13cdc9d9-ddb5-4fa4-a97d-d965ccfc6d4b" outcome="Passed" testListId="8c84fa94-04c1-424b-9868-57a2d4851a1d" relativeResultsDirectory="b5692196-74ba-4c46-8a37-ff90bcadbeb4" />
    <UnitTestResult executionId="1a8ee53d-39ca-4990-bde9-c0291c315f25" testId="58acdb8f-084b-2e15-dc3a-9f779a1645ce" testName="ParseMetadataXmlWithString_ShouldReturnRootElement_WhenXmlContainsCorrectRootElement" computerName="DKSR-EFI-04" duration="00:00:00.0040055" startTime="2023-12-22T09:35:52.1632073+01:00" endTime="2023-12-22T09:35:52.1632073+01:00" testType="13cdc9d9-ddb5-4fa4-a97d-d965ccfc6d4b" outcome="Passed" testListId="8c84fa94-04c1-424b-9868-57a2d4851a1d" relativeResultsDirectory="1a8ee53d-39ca-4990-bde9-c0291c315f25" />
    <UnitTestResult executionId="304c4ede-44ab-4c64-bcd7-933d7cea53b3" testId="7e9864c3-ffac-3e60-e067-d303ea811382" testName="Parse_String_WithSpecialChars" computerName="DKSR-EFI-04" duration="00:00:00.0008600" startTime="2023-12-22T09:35:51.1944521+01:00" endTime="2023-12-22T09:35:51.1944521+01:00" testType="13cdc9d9-ddb5-4fa4-a97d-d965ccfc6d4b" outcome="Passed" testListId="8c84fa94-04c1-424b-9868-57a2d4851a1d" relativeResultsDirectory="304c4ede-44ab-4c64-bcd7-933d7cea53b3" />
    <UnitTestResult executionId="f8502599-0445-4572-86c3-eaf1226ae5cf" testId="1f241370-4898-8010-2b1d-0961333a2be9" testName="Match_Success_SystemTypeAnyMessage_Single" computerName="DKSR-EFI-04" duration="00:00:00.0005877" startTime="2023-12-22T09:35:53.2100910+01:00" endTime="2023-12-22T09:35:53.2100910+01:00" testType="13cdc9d9-ddb5-4fa4-a97d-d965ccfc6d4b" outcome="Passed" testListId="8c84fa94-04c1-424b-9868-57a2d4851a1d" relativeResultsDirectory="f8502599-0445-4572-86c3-eaf1226ae5cf" />
    <UnitTestResult executionId="18e83d8b-aa5d-4661-a641-d531c36b7fe5" testId="dbc25ad9-20cc-4d18-73ef-8500a4d4137f" testName="MarkupExtension_ShouldClearContentTemplate_WhenContentTemplateOnSelectedItemChangesToNull" computerName="DKSR-EFI-04" duration="00:00:00.0013181" startTime="2023-12-22T09:35:47.6319353+01:00" endTime="2023-12-22T09:35:47.6319353+01:00" testType="13cdc9d9-ddb5-4fa4-a97d-d965ccfc6d4b" outcome="Passed" testListId="8c84fa94-04c1-424b-9868-57a2d4851a1d" relativeResultsDirectory="18e83d8b-aa5d-4661-a641-d531c36b7fe5" />
    <UnitTestResult executionId="7de803a2-dd5a-4201-94cb-f715216a91e5" testId="2813fb62-7764-a6ad-5950-42865213a523" testName="ReadXml_ShouldLogWarningTwiceWhenMoreThanOneMinuteBetweenWarnings_WhenBoundingBoxIsIncomplete" computerName="DKSR-EFI-04" duration="00:00:00.0019115" startTime="2023-12-22T09:35:52.7882136+01:00" endTime="2023-12-22T09:35:52.7882136+01:00" testType="13cdc9d9-ddb5-4fa4-a97d-d965ccfc6d4b" outcome="Passed" testListId="8c84fa94-04c1-424b-9868-57a2d4851a1d" relativeResultsDirectory="7de803a2-dd5a-4201-94cb-f715216a91e5" />
    <UnitTestResult executionId="55f31b56-7627-4532-9930-6b766c96964e" testId="6b9e5408-4e04-a559-173d-978d8c871a1a" testName="WriteXml_ShouldOmitElements_WhenTheyAreNull" computerName="DKSR-EFI-04" duration="00:00:00.0005340" startTime="2023-12-22T09:35:52.7882136+01:00" endTime="2023-12-22T09:35:52.7882136+01:00" testType="13cdc9d9-ddb5-4fa4-a97d-d965ccfc6d4b" outcome="Passed" testListId="8c84fa94-04c1-424b-9868-57a2d4851a1d" relativeResultsDirectory="55f31b56-7627-4532-9930-6b766c96964e" />
    <UnitTestResult executionId="a515b728-f747-497a-bb05-5d5df6d0e055" testId="0c0836ab-4cd8-bcb2-8664-28d80763d09f" testName="OnSearchResultsReady_ShouldNotSetSearchDefinitionOnResults_WhenAlreadySet" computerName="DKSR-EFI-04" duration="00:00:00.0012080" startTime="2023-12-22T09:35:49.5225719+01:00" endTime="2023-12-22T09:35:49.5225719+01:00" testType="13cdc9d9-ddb5-4fa4-a97d-d965ccfc6d4b" outcome="Passed" testListId="8c84fa94-04c1-424b-9868-57a2d4851a1d" relativeResultsDirectory="a515b728-f747-497a-bb05-5d5df6d0e055" />
    <UnitTestResult executionId="65e13ee3-c042-4e7d-8ceb-9dd59beaf829" testId="673d5a8a-8f58-a8c0-2572-e1a8f9618e54" testName="Ctor_TwoCustomFilters_Success" computerName="DKSR-EFI-04" duration="00:00:00.0013163" startTime="2023-12-22T09:35:50.9132024+01:00" endTime="2023-12-22T09:35:50.9132024+01:00" testType="13cdc9d9-ddb5-4fa4-a97d-d965ccfc6d4b" outcome="Passed" testListId="8c84fa94-04c1-424b-9868-57a2d4851a1d" relativeResultsDirectory="65e13ee3-c042-4e7d-8ceb-9dd59beaf829" />
    <UnitTestResult executionId="ea74475e-330d-48e1-bf5d-7f6e6b1d26c7" testId="f3ca05e5-dc9b-e250-df0d-7261ad9afb62" testName="ProvideValue_ShouldUpdateTarget_WhenItemDataValueChanges" computerName="DKSR-EFI-04" duration="00:00:00.0013451" startTime="2023-12-22T09:35:47.6475602+01:00" endTime="2023-12-22T09:35:47.6475602+01:00" testType="13cdc9d9-ddb5-4fa4-a97d-d965ccfc6d4b" outcome="Passed" testListId="8c84fa94-04c1-424b-9868-57a2d4851a1d" relativeResultsDirectory="ea74475e-330d-48e1-bf5d-7f6e6b1d26c7" />
    <UnitTestResult executionId="e7d9ba2f-27cb-4f57-853a-7f74b9973ddb" testId="33ac3088-b630-64ef-4474-d1580dfd8fa1" testName="Serialize_TestCases (TestParentTypeMatchCollectionThisTypeNotMatched)" computerName="DKSR-EFI-04" duration="00:00:00.0004599" startTime="2023-12-22T09:35:49.1006918+01:00" endTime="2023-12-22T09:35:49.1006918+01:00" testType="13cdc9d9-ddb5-4fa4-a97d-d965ccfc6d4b" outcome="Passed" testListId="8c84fa94-04c1-424b-9868-57a2d4851a1d" relativeResultsDirectory="e7d9ba2f-27cb-4f57-853a-7f74b9973ddb" />
    <UnitTestResult executionId="7fc61651-080d-4490-8bcd-5fed713a2fd1" testId="03519c29-5d68-745a-351e-45c267ad13e8" testName="CollectionReplaced_ShouldInvokeCallback_WhenNotObservable" computerName="DKSR-EFI-04" duration="00:00:00.0013781" startTime="2023-12-22T09:35:46.7569301+01:00" endTime="2023-12-22T09:35:46.7569301+01:00" testType="13cdc9d9-ddb5-4fa4-a97d-d965ccfc6d4b" outcome="Passed" testListId="8c84fa94-04c1-424b-9868-57a2d4851a1d" relativeResultsDirectory="7fc61651-080d-4490-8bcd-5fed713a2fd1" />
    <UnitTestResult executionId="b97ed435-f273-4ba4-b31d-b4590efd3213" testId="2b383535-8d75-6079-a3dc-080857154651" testName="TestStartSearch_SearchFireErrorOccured_Success" computerName="DKSR-EFI-04" duration="00:00:00.0144008" startTime="2023-12-22T09:35:49.8819460+01:00" endTime="2023-12-22T09:35:49.8975716+01:00" testType="13cdc9d9-ddb5-4fa4-a97d-d965ccfc6d4b" outcome="Passed" testListId="8c84fa94-04c1-424b-9868-57a2d4851a1d" relativeResultsDirectory="b97ed435-f273-4ba4-b31d-b4590efd3213" />
    <UnitTestResult executionId="d6794cd5-0dd2-46e6-90d8-f50294ece515" testId="6633116a-6784-0109-c694-61b2317583e7" testName="GenerateDeviceCapabilityParameters_ShouldWriteValueCount_WhenAlways" computerName="DKSR-EFI-04" duration="00:00:00.0034714" startTime="2023-12-22T09:35:54.4288485+01:00" endTime="2023-12-22T09:35:54.4444729+01:00" testType="13cdc9d9-ddb5-4fa4-a97d-d965ccfc6d4b" outcome="Passed" testListId="8c84fa94-04c1-424b-9868-57a2d4851a1d" relativeResultsDirectory="d6794cd5-0dd2-46e6-90d8-f50294ece515" />
    <UnitTestResult executionId="ca084b46-2ad6-45d4-8f06-c57fd01f6c31" testId="c64e7bd8-cb07-f721-64bb-ea14df3c64c6" testName="IsValid_ShouldBeSetToFalse_WhenBoundingBoxIsMissing" computerName="DKSR-EFI-04" duration="00:00:00.0017484" startTime="2023-12-22T09:35:52.7100884+01:00" endTime="2023-12-22T09:35:52.7100884+01:00" testType="13cdc9d9-ddb5-4fa4-a97d-d965ccfc6d4b" outcome="Passed" testListId="8c84fa94-04c1-424b-9868-57a2d4851a1d" relativeResultsDirectory="ca084b46-2ad6-45d4-8f06-c57fd01f6c31" />
    <UnitTestResult executionId="8ae5d297-fba0-416d-89be-4030872890aa" testId="2850ab82-187d-c41c-6c55-5faf4323eb97" testName="TestMultiLevelQueue_DisposeQueueRightAfterProcessingItem_QueueDoesNotHang" computerName="DKSR-EFI-04" duration="00:00:02.2587730" startTime="2023-12-22T09:35:41.6162830+01:00" endTime="2023-12-22T09:35:43.8662886+01:00" testType="13cdc9d9-ddb5-4fa4-a97d-d965ccfc6d4b" outcome="Passed" testListId="8c84fa94-04c1-424b-9868-57a2d4851a1d" relativeResultsDirectory="8ae5d297-fba0-416d-89be-4030872890aa" />
    <UnitTestResult executionId="2b87b40f-401b-452d-892f-2f1b3b88c9d6" testId="3f6286d5-3f69-a507-072d-04f3b3c184c5" testName="Equals_ShouldReturnTrue_WhenHostIsTextualLocalhostAndOtherHostIsDottedDecimalLocalHost" computerName="DKSR-EFI-04" duration="00:00:00.0008805" startTime="2023-12-22T09:35:23.3193087+01:00" endTime="2023-12-22T09:35:23.3193087+01:00" testType="13cdc9d9-ddb5-4fa4-a97d-d965ccfc6d4b" outcome="Passed" testListId="8c84fa94-04c1-424b-9868-57a2d4851a1d" relativeResultsDirectory="2b87b40f-401b-452d-892f-2f1b3b88c9d6" />
    <UnitTestResult executionId="49ad9452-e32e-4581-a8d7-b8d038bbec5b" testId="1eb53537-afef-d5dd-debc-6b9152b2f955" testName="ReadXml_ShouldIgnoreLikelihood_WhenLikelihoodIsNotANumber" computerName="DKSR-EFI-04" duration="00:00:00.0003093" startTime="2023-12-22T09:35:51.8350796+01:00" endTime="2023-12-22T09:35:51.8350796+01:00" testType="13cdc9d9-ddb5-4fa4-a97d-d965ccfc6d4b" outcome="Passed" testListId="8c84fa94-04c1-424b-9868-57a2d4851a1d" relativeResultsDirectory="49ad9452-e32e-4581-a8d7-b8d038bbec5b" />
    <UnitTestResult executionId="108b2ab6-a6cf-4da0-9c38-8004320adde9" testId="0272379c-7daf-7bd0-3571-0deb6243dd64" testName="ReadXml_ShouldLogWarningOnlyOnceWithinOneMinute_WhenFrameDidNotReadUtcTime" computerName="DKSR-EFI-04" duration="00:00:00.0014671" startTime="2023-12-22T09:35:52.9757117+01:00" endTime="2023-12-22T09:35:52.9757117+01:00" testType="13cdc9d9-ddb5-4fa4-a97d-d965ccfc6d4b" outcome="Passed" testListId="8c84fa94-04c1-424b-9868-57a2d4851a1d" relativeResultsDirectory="108b2ab6-a6cf-4da0-9c38-8004320adde9" />
    <UnitTestResult executionId="0f86825c-f7a2-447b-b334-576758a7cc71" testId="665a66ed-febf-dcb1-d6f6-9e5410f5d49d" testName="AllAttributesWerePresent_ShouldReturnFalse_WhenXAttributeIsMissing" computerName="DKSR-EFI-04" duration="00:00:00.0003079" startTime="2023-12-22T09:35:52.9132108+01:00" endTime="2023-12-22T09:35:52.9132108+01:00" testType="13cdc9d9-ddb5-4fa4-a97d-d965ccfc6d4b" outcome="Passed" testListId="8c84fa94-04c1-424b-9868-57a2d4851a1d" relativeResultsDirectory="0f86825c-f7a2-447b-b334-576758a7cc71" />
    <UnitTestResult executionId="9072060c-f0a9-4ed9-99b3-997412dfbb05" testId="4e41d746-7d06-c195-c083-479d6448ab5b" testName="GenerateParameters_ShouldWriteFirmware_WhenFirmwareIsNotNull" computerName="DKSR-EFI-04" duration="00:00:00.0002853" startTime="2023-12-22T09:35:54.4913483+01:00" endTime="2023-12-22T09:35:54.4913483+01:00" testType="13cdc9d9-ddb5-4fa4-a97d-d965ccfc6d4b" outcome="Passed" testListId="8c84fa94-04c1-424b-9868-57a2d4851a1d" relativeResultsDirectory="9072060c-f0a9-4ed9-99b3-997412dfbb05" />
    <UnitTestResult executionId="807b758f-6ac6-41d5-a9f0-d9168e652553" testId="a6c85b3a-5f84-4859-aef3-09060d5afd98" testName="Contains_Success" computerName="DKSR-EFI-04" duration="00:00:00.0133709" startTime="2023-12-22T09:35:21.8661756+01:00" endTime="2023-12-22T09:35:21.8818002+01:00" testType="13cdc9d9-ddb5-4fa4-a97d-d965ccfc6d4b" outcome="Passed" testListId="8c84fa94-04c1-424b-9868-57a2d4851a1d" relativeResultsDirectory="807b758f-6ac6-41d5-a9f0-d9168e652553" />
    <UnitTestResult executionId="4b1a0758-656c-4588-a179-551087fff9b1" testId="64d46e5a-18bf-c3a7-d947-63730f82a01e" testName="GenerateParameters_ShouldWriteQualityRange_WhenQualityRangeIsNotNull" computerName="DKSR-EFI-04" duration="00:00:00.0003491" startTime="2023-12-22T09:35:54.3975962+01:00" endTime="2023-12-22T09:35:54.3975962+01:00" testType="13cdc9d9-ddb5-4fa4-a97d-d965ccfc6d4b" outcome="Passed" testListId="8c84fa94-04c1-424b-9868-57a2d4851a1d" relativeResultsDirectory="4b1a0758-656c-4588-a179-551087fff9b1" />
    <UnitTestResult executionId="39dad48f-ee5c-416d-bbb5-c801bb9c8f2c" testId="308f63bb-ffab-d024-ffbf-d3fa54a43504" testName="Equals_ShouldReturnTrue_WhenHostIsDottedDecimalLocalhostAndOtherHostIsDottedDecimalThisNetwork" computerName="DKSR-EFI-04" duration="00:00:00.0003683" startTime="2023-12-22T09:35:23.3193087+01:00" endTime="2023-12-22T09:35:23.3193087+01:00" testType="13cdc9d9-ddb5-4fa4-a97d-d965ccfc6d4b" outcome="Passed" testListId="8c84fa94-04c1-424b-9868-57a2d4851a1d" relativeResultsDirectory="39dad48f-ee5c-416d-bbb5-c801bb9c8f2c" />
    <UnitTestResult executionId="a14e3f76-24bf-4211-9117-0fbcaaec7d56" testId="b39f81fe-858b-c57c-9083-cb47ce15de87" testName="WriteMetadataXml_ShouldThrowArgumentNullException_WhenStreamOutputIsNull" computerName="DKSR-EFI-04" duration="00:00:00.0013898" startTime="2023-12-22T09:35:52.2569601+01:00" endTime="2023-12-22T09:35:52.2569601+01:00" testType="13cdc9d9-ddb5-4fa4-a97d-d965ccfc6d4b" outcome="Passed" testListId="8c84fa94-04c1-424b-9868-57a2d4851a1d" relativeResultsDirectory="a14e3f76-24bf-4211-9117-0fbcaaec7d56" />
    <UnitTestResult executionId="0068cb19-ed1e-4b83-b9f1-2c494448f76f" testId="60908717-d1cb-9971-94f7-facca727b89c" testName="GetFilterValues_SingleValueAdded_ReturnsValue" computerName="DKSR-EFI-04" duration="00:00:00.0053319" startTime="2023-12-22T09:35:49.4600696+01:00" endTime="2023-12-22T09:35:49.4600696+01:00" testType="13cdc9d9-ddb5-4fa4-a97d-d965ccfc6d4b" outcome="Passed" testListId="8c84fa94-04c1-424b-9868-57a2d4851a1d" relativeResultsDirectory="0068cb19-ed1e-4b83-b9f1-2c494448f76f" />
    <UnitTestResult executionId="122fa24a-aba7-4faf-bd09-9a1c588a9d20" testId="48aed434-d191-a79c-5c15-17d6032c9edd" testName="Remove_String_Invalid" computerName="DKSR-EFI-04" duration="00:00:00.0007024" startTime="2023-12-22T09:35:51.1944521+01:00" endTime="2023-12-22T09:35:51.1944521+01:00" testType="13cdc9d9-ddb5-4fa4-a97d-d965ccfc6d4b" outcome="Passed" testListId="8c84fa94-04c1-424b-9868-57a2d4851a1d" relativeResultsDirectory="122fa24a-aba7-4faf-bd09-9a1c588a9d20" />
    <UnitTestResult executionId="9986c0b3-786f-4416-944e-49536ad08f87" testId="fc700c0a-f7f2-a9aa-c628-23e607736cb2" testName="IsEmptyValue_StringFilterValue_WithCharacters_ReturnsFalse" computerName="DKSR-EFI-04" duration="00:00:00.0001580" startTime="2023-12-22T09:35:49.5381928+01:00" endTime="2023-12-22T09:35:49.5381928+01:00" testType="13cdc9d9-ddb5-4fa4-a97d-d965ccfc6d4b" outcome="Passed" testListId="8c84fa94-04c1-424b-9868-57a2d4851a1d" relativeResultsDirectory="9986c0b3-786f-4416-944e-49536ad08f87" />
    <UnitTestResult executionId="726d3ebd-01f5-4754-a3fb-702f84f6fb8f" testId="e4b13263-b1bd-68bb-3baa-222b8414af3b" testName="TryParseArgbString_ShouldReturnFalse_WhenStringDoesNotContain8HexChars" computerName="DKSR-EFI-04" duration="00:00:00.0002175" startTime="2023-12-22T09:35:51.8819593+01:00" endTime="2023-12-22T09:35:51.8976064+01:00" testType="13cdc9d9-ddb5-4fa4-a97d-d965ccfc6d4b" outcome="Passed" testListId="8c84fa94-04c1-424b-9868-57a2d4851a1d" relativeResultsDirectory="726d3ebd-01f5-4754-a3fb-702f84f6fb8f" />
    <UnitTestResult executionId="1664b6fe-46ce-410d-846c-499b318b41ef" testId="c23f9653-e5cb-0826-ce5a-723493994ef0" testName="GenerateDeviceCapabilityParameters_ShouldWriteTypeAsEnum_WhenAlways" computerName="DKSR-EFI-04" duration="00:00:00.0013775" startTime="2023-12-22T09:35:54.4288485+01:00" endTime="2023-12-22T09:35:54.4288485+01:00" testType="13cdc9d9-ddb5-4fa4-a97d-d965ccfc6d4b" outcome="Passed" testListId="8c84fa94-04c1-424b-9868-57a2d4851a1d" relativeResultsDirectory="1664b6fe-46ce-410d-846c-499b318b41ef" />
    <UnitTestResult executionId="e28c80d5-19ed-43fc-ac85-e400a2c04d86" testId="64bf4ca0-c568-7784-9fd7-9241aca3c483" testName="GenerateParameters_ShouldOmitGopRange_WhenGopRangeIsNull" computerName="DKSR-EFI-04" duration="00:00:00.0008377" startTime="2023-12-22T09:35:54.3819706+01:00" endTime="2023-12-22T09:35:54.3819706+01:00" testType="13cdc9d9-ddb5-4fa4-a97d-d965ccfc6d4b" outcome="Passed" testListId="8c84fa94-04c1-424b-9868-57a2d4851a1d" relativeResultsDirectory="e28c80d5-19ed-43fc-ac85-e400a2c04d86" />
    <UnitTestResult executionId="20bb2243-78f0-4aa2-8c9e-a6a74ed52f74" testId="d2780117-34b2-66e8-9cc3-23cf0c600a02" testName="WriteXml_ShouldWriteTransformationElement_WhenTransformationIsNotNull" computerName="DKSR-EFI-04" duration="00:00:00.0005954" startTime="2023-12-22T09:35:51.6944570+01:00" endTime="2023-12-22T09:35:51.6944570+01:00" testType="13cdc9d9-ddb5-4fa4-a97d-d965ccfc6d4b" outcome="Passed" testListId="8c84fa94-04c1-424b-9868-57a2d4851a1d" relativeResultsDirectory="20bb2243-78f0-4aa2-8c9e-a6a74ed52f74" />
    <UnitTestResult executionId="f262b6a4-4c51-4310-8365-591bb55b841c" testId="9201c682-a830-2984-3517-d5fbfb383f4a" testName="GetGenderFilterValues_MultiSelection_Success" computerName="DKSR-EFI-04" duration="00:00:00.0007270" startTime="2023-12-22T09:35:50.8819543+01:00" endTime="2023-12-22T09:35:50.8819543+01:00" testType="13cdc9d9-ddb5-4fa4-a97d-d965ccfc6d4b" outcome="Passed" testListId="8c84fa94-04c1-424b-9868-57a2d4851a1d" relativeResultsDirectory="f262b6a4-4c51-4310-8365-591bb55b841c" />
    <UnitTestResult executionId="36bac900-cfe6-4561-a4f4-09738076899a" testId="00715417-bfa4-4e4b-edec-0ca28f2d4417" testName="ReadXml_ShouldReadCenterOfGravity_WhenCenterOfGravityIsPresent" computerName="DKSR-EFI-04" duration="00:00:00.0005585" startTime="2023-12-22T09:35:52.7413365+01:00" endTime="2023-12-22T09:35:52.7413365+01:00" testType="13cdc9d9-ddb5-4fa4-a97d-d965ccfc6d4b" outcome="Passed" testListId="8c84fa94-04c1-424b-9868-57a2d4851a1d" relativeResultsDirectory="36bac900-cfe6-4561-a4f4-09738076899a" />
    <UnitTestResult executionId="792e674f-9a16-4bc3-a38d-9e74fee776d9" testId="be949d2a-ee6c-7b88-443c-f49c565f328f" testName="ReadXml_ShouldIgnoreOnvifClass_WhenClassIsPresenWithWrongNamespace" computerName="DKSR-EFI-04" duration="00:00:00.0003570" startTime="2023-12-22T09:35:51.6475803+01:00" endTime="2023-12-22T09:35:51.6475803+01:00" testType="13cdc9d9-ddb5-4fa4-a97d-d965ccfc6d4b" outcome="Passed" testListId="8c84fa94-04c1-424b-9868-57a2d4851a1d" relativeResultsDirectory="792e674f-9a16-4bc3-a38d-9e74fee776d9" />
    <UnitTestResult executionId="182cef36-7f2f-46de-b22b-cbd21c4c2c9f" testId="06c90135-67c9-51a3-9a46-9517155efc3a" testName="Encrypt_PropertyIsSetToNo_ThrowsException" computerName="DKSR-EFI-04" duration="00:00:00.0168918" startTime="2023-12-22T09:35:22.8349310+01:00" endTime="2023-12-22T09:35:22.8505548+01:00" testType="13cdc9d9-ddb5-4fa4-a97d-d965ccfc6d4b" outcome="Passed" testListId="8c84fa94-04c1-424b-9868-57a2d4851a1d" relativeResultsDirectory="182cef36-7f2f-46de-b22b-cbd21c4c2c9f" />
    <UnitTestResult executionId="3df774fd-a826-4199-ad2e-79c4a030ccce" testId="88133fd3-9167-6134-2a3f-9488dba78659" testName="Add_SameKeyTwice_PreviousValueOverwritten" computerName="DKSR-EFI-04" duration="00:00:00.0002587" startTime="2023-12-22T09:35:35.2412464+01:00" endTime="2023-12-22T09:35:35.2412464+01:00" testType="13cdc9d9-ddb5-4fa4-a97d-d965ccfc6d4b" outcome="Passed" testListId="8c84fa94-04c1-424b-9868-57a2d4851a1d" relativeResultsDirectory="3df774fd-a826-4199-ad2e-79c4a030ccce" />
    <UnitTestResult executionId="a4f65609-c74d-40db-aa13-faba550d57a2" testId="68414986-0a7e-03e0-b752-7222fdf120b2" testName="ReadXml_ShouldIgnoreUnknownAttributes_WhenAlways" computerName="DKSR-EFI-04" duration="00:00:00.0006341" startTime="2023-12-22T09:35:52.8975858+01:00" endTime="2023-12-22T09:35:52.8975858+01:00" testType="13cdc9d9-ddb5-4fa4-a97d-d965ccfc6d4b" outcome="Passed" testListId="8c84fa94-04c1-424b-9868-57a2d4851a1d" relativeResultsDirectory="a4f65609-c74d-40db-aa13-faba550d57a2" />
    <UnitTestResult executionId="298455b8-ba66-4df6-9306-8a682d225c71" testId="f095befb-1220-164b-8d93-573101abd22c" testName="IsEmptyValue_DoubleRangeFilterValue_NonDefaultConfiguration_ReturnsFalse" computerName="DKSR-EFI-04" duration="00:00:00.0009133" startTime="2023-12-22T09:35:49.5381928+01:00" endTime="2023-12-22T09:35:49.5381928+01:00" testType="13cdc9d9-ddb5-4fa4-a97d-d965ccfc6d4b" outcome="Passed" testListId="8c84fa94-04c1-424b-9868-57a2d4851a1d" relativeResultsDirectory="298455b8-ba66-4df6-9306-8a682d225c71" />
    <UnitTestResult executionId="0b8c513d-a419-4c55-9813-5f079a9b033e" testId="e6e395b4-3b84-d36a-a38c-e5e638fee7fb" testName="CreateSearchResultUserControl_MultiplePlugins_MilestonePluginsFirst" computerName="DKSR-EFI-04" duration="00:00:00.0048300" startTime="2023-12-22T09:35:50.6632011+01:00" endTime="2023-12-22T09:35:50.6632011+01:00" testType="13cdc9d9-ddb5-4fa4-a97d-d965ccfc6d4b" outcome="Passed" testListId="8c84fa94-04c1-424b-9868-57a2d4851a1d" relativeResultsDirectory="0b8c513d-a419-4c55-9813-5f079a9b033e" />
    <UnitTestResult executionId="65f5b2b1-d172-431d-bb00-8a508e286df2" testId="fb06ac1d-f4a6-d9b4-8722-be97dde4c78f" testName="Match_Success_SystemTypeStartMatch_Single" computerName="DKSR-EFI-04" duration="00:00:00.0004035" startTime="2023-12-22T09:35:53.2100910+01:00" endTime="2023-12-22T09:35:53.2100910+01:00" testType="13cdc9d9-ddb5-4fa4-a97d-d965ccfc6d4b" outcome="Passed" testListId="8c84fa94-04c1-424b-9868-57a2d4851a1d" relativeResultsDirectory="65f5b2b1-d172-431d-bb00-8a508e286df2" />
    <UnitTestResult executionId="a509d6e8-a629-491b-83cf-0712e18ba65c" testId="8a0529d6-a867-bdfa-4c0f-fc7fea5b6129" testName="Serialize_ToString" computerName="DKSR-EFI-04" duration="00:00:00.0142519" startTime="2023-12-22T09:35:22.6161800+01:00" endTime="2023-12-22T09:35:22.6318045+01:00" testType="13cdc9d9-ddb5-4fa4-a97d-d965ccfc6d4b" outcome="Passed" testListId="8c84fa94-04c1-424b-9868-57a2d4851a1d" relativeResultsDirectory="a509d6e8-a629-491b-83cf-0712e18ba65c" />
    <UnitTestResult executionId="cdae54dc-bd21-4c7f-a13d-31b17dd37c49" testId="4331be32-8242-7bcf-516a-a7263d816796" testName="ParseMetadataXmlWithBytes_ShouldReturnCorrectObjects_WhenBinaryDataContainsCorrectXml" computerName="DKSR-EFI-04" duration="00:00:00.0147134" startTime="2023-12-22T09:35:52.1788363+01:00" endTime="2023-12-22T09:35:52.1945411+01:00" testType="13cdc9d9-ddb5-4fa4-a97d-d965ccfc6d4b" outcome="Passed" testListId="8c84fa94-04c1-424b-9868-57a2d4851a1d" relativeResultsDirectory="cdae54dc-bd21-4c7f-a13d-31b17dd37c49" />
    <UnitTestResult executionId="edfb629a-c51b-4729-9b6f-728297135197" testId="c1b640ca-e678-426e-45cc-5191cc545133" testName="Serialize_TestCases (TestParentTypeMatchDecimalNotThisTypeMatched)" computerName="DKSR-EFI-04" duration="00:00:00.0005308" startTime="2023-12-22T09:35:49.0225684+01:00" endTime="2023-12-22T09:35:49.0225684+01:00" testType="13cdc9d9-ddb5-4fa4-a97d-d965ccfc6d4b" outcome="Passed" testListId="8c84fa94-04c1-424b-9868-57a2d4851a1d" relativeResultsDirectory="edfb629a-c51b-4729-9b6f-728297135197" />
    <UnitTestResult executionId="58cdd0f7-a4ab-4cf3-bf69-4e3f95eeb89a" testId="6e393d7b-94c5-fcd2-56bc-16f28fade189" testName="Serialize_TestCases (Verify root Interface (not null) property get property value)" computerName="DKSR-EFI-04" duration="00:00:00.0001828" startTime="2023-12-22T09:35:48.9444405+01:00" endTime="2023-12-22T09:35:48.9444405+01:00" testType="13cdc9d9-ddb5-4fa4-a97d-d965ccfc6d4b" outcome="Passed" testListId="8c84fa94-04c1-424b-9868-57a2d4851a1d" relativeResultsDirectory="58cdd0f7-a4ab-4cf3-bf69-4e3f95eeb89a" />
    <UnitTestResult executionId="62671acd-cf4b-44e3-a531-e6e128d76d12" testId="dd780fb0-eeb4-f41e-c177-9152be267056" testName="Serialize_TestCases (TestParentTypeMatchInterfaceThisTypeNotMatchedProperty)" computerName="DKSR-EFI-04" duration="00:00:00.0008966" startTime="2023-12-22T09:35:49.1319423+01:00" endTime="2023-12-22T09:35:49.1319423+01:00" testType="13cdc9d9-ddb5-4fa4-a97d-d965ccfc6d4b" outcome="Passed" testListId="8c84fa94-04c1-424b-9868-57a2d4851a1d" relativeResultsDirectory="62671acd-cf4b-44e3-a531-e6e128d76d12" />
    <UnitTestResult executionId="99226c3c-130f-48c0-862e-36ba7ef25325" testId="b5dc0383-8c05-4dbd-34fe-ae824b1d19f6" testName="Serialize_TestCases (Verify root Interface (null) property)" computerName="DKSR-EFI-04" duration="00:00:00.0002650" startTime="2023-12-22T09:35:48.9288165+01:00" endTime="2023-12-22T09:35:48.9288165+01:00" testType="13cdc9d9-ddb5-4fa4-a97d-d965ccfc6d4b" outcome="Passed" testListId="8c84fa94-04c1-424b-9868-57a2d4851a1d" relativeResultsDirectory="99226c3c-130f-48c0-862e-36ba7ef25325" />
    <UnitTestResult executionId="b5e609c8-6ac5-4693-b511-a17a35bd067f" testId="58908065-853e-c4d9-3613-bc3198b1cc08" testName="ReadXml_ShouldReadVideoAnalysticsChildren_WhenMultipleChildrenIsPresent" computerName="DKSR-EFI-04" duration="00:00:00.0003223" startTime="2023-12-22T09:35:52.2882117+01:00" endTime="2023-12-22T09:35:52.2882117+01:00" testType="13cdc9d9-ddb5-4fa4-a97d-d965ccfc6d4b" outcome="Passed" testListId="8c84fa94-04c1-424b-9868-57a2d4851a1d" relativeResultsDirectory="b5e609c8-6ac5-4693-b511-a17a35bd067f" />
    <UnitTestResult executionId="13c4a3a6-02cb-4ef6-a800-37e758aeff2f" testId="330836c9-cc9b-a4b7-a20d-ba9093f6b879" testName="GetItem_AlarmDefinition_Success" computerName="DKSR-EFI-04" duration="00:00:00.0080517" startTime="2023-12-22T09:35:51.3507025+01:00" endTime="2023-12-22T09:35:51.3507025+01:00" testType="13cdc9d9-ddb5-4fa4-a97d-d965ccfc6d4b" outcome="Passed" testListId="8c84fa94-04c1-424b-9868-57a2d4851a1d" relativeResultsDirectory="13c4a3a6-02cb-4ef6-a800-37e758aeff2f" />
    <UnitTestResult executionId="454a65d4-98e0-4f1f-a23c-0ce19bbc9af8" testId="01bc0fde-c67c-6987-54c2-b9ed8c5df445" testName="ProvideValue_ShouldUseContentTemplate_WhenSelectedItemIsCustomItem" computerName="DKSR-EFI-04" duration="00:00:00.0015486" startTime="2023-12-22T09:35:47.6163081+01:00" endTime="2023-12-22T09:35:47.6163081+01:00" testType="13cdc9d9-ddb5-4fa4-a97d-d965ccfc6d4b" outcome="Passed" testListId="8c84fa94-04c1-424b-9868-57a2d4851a1d" relativeResultsDirectory="454a65d4-98e0-4f1f-a23c-0ce19bbc9af8" />
    <UnitTestResult executionId="288b3428-b881-4d96-9c1b-9e88c588a8d0" testId="0e7ca7c3-2900-8d7a-24b0-844e128831dd" testName="WriteXml_ShouldWriteClassCandidateContents_WhenAClassCandidateIsWritten" computerName="DKSR-EFI-04" duration="00:00:00.0010245" startTime="2023-12-22T09:35:52.5225869+01:00" endTime="2023-12-22T09:35:52.5225869+01:00" testType="13cdc9d9-ddb5-4fa4-a97d-d965ccfc6d4b" outcome="Passed" testListId="8c84fa94-04c1-424b-9868-57a2d4851a1d" relativeResultsDirectory="288b3428-b881-4d96-9c1b-9e88c588a8d0" />
    <UnitTestResult executionId="ad18fdaa-a404-4ecf-b1ee-c99cd8a66cea" testId="fdd1c789-d9b7-74e5-3e60-0cdd8a844a3b" testName="ReadXml_ShouldLogMessage_WhenObjectIdAttributeIsPresentButNotAnInteger" computerName="DKSR-EFI-04" duration="00:00:00.0015729" startTime="2023-12-22T09:35:52.5382106+01:00" endTime="2023-12-22T09:35:52.5382106+01:00" testType="13cdc9d9-ddb5-4fa4-a97d-d965ccfc6d4b" outcome="Passed" testListId="8c84fa94-04c1-424b-9868-57a2d4851a1d" relativeResultsDirectory="ad18fdaa-a404-4ecf-b1ee-c99cd8a66cea" />
    <UnitTestResult executionId="c7a5080a-b4d8-4237-8926-5876c78f8500" testId="62bbe3ee-7e4f-b582-4e14-d8ceb77d972c" testName="Constructor_ShouldThrowArgumentNullException_WhenItemIsNull" computerName="DKSR-EFI-04" duration="00:00:00.1008870" startTime="2023-12-22T09:35:54.6788461+01:00" endTime="2023-12-22T09:35:54.7882240+01:00" testType="13cdc9d9-ddb5-4fa4-a97d-d965ccfc6d4b" outcome="Passed" testListId="8c84fa94-04c1-424b-9868-57a2d4851a1d" relativeResultsDirectory="c7a5080a-b4d8-4237-8926-5876c78f8500" />
    <UnitTestResult executionId="41b378b4-7e42-44bd-8de3-176b17bdae90" testId="12501656-668f-6d63-7f1a-8f8eefa16abe" testName="AddFilterValue_ExistingValue_NullValue_Throws" computerName="DKSR-EFI-04" duration="00:00:00.0007092" startTime="2023-12-22T09:35:49.4131942+01:00" endTime="2023-12-22T09:35:49.4131942+01:00" testType="13cdc9d9-ddb5-4fa4-a97d-d965ccfc6d4b" outcome="Passed" testListId="8c84fa94-04c1-424b-9868-57a2d4851a1d" relativeResultsDirectory="41b378b4-7e42-44bd-8de3-176b17bdae90" />
    <UnitTestResult executionId="fb64dde9-f8e1-486d-ac49-8a0bd5facbf5" testId="0ca212d1-7426-4742-adf6-c33da0d879c6" testName="Serialize_TestCases (TestParentTypeMatchIntThisTypeMatched)" computerName="DKSR-EFI-04" duration="00:00:00.0004286" startTime="2023-12-22T09:35:48.9913216+01:00" endTime="2023-12-22T09:35:48.9913216+01:00" testType="13cdc9d9-ddb5-4fa4-a97d-d965ccfc6d4b" outcome="Passed" testListId="8c84fa94-04c1-424b-9868-57a2d4851a1d" relativeResultsDirectory="fb64dde9-f8e1-486d-ac49-8a0bd5facbf5" />
    <UnitTestResult executionId="e6d600b6-225c-4775-aa88-69a216039271" testId="793b121d-bd99-21ec-f905-c7a3bfbc43cf" testName="ReadXml_ShouldReadTransformation_WhenTransformationIsPresent" computerName="DKSR-EFI-04" duration="00:00:00.0038438" startTime="2023-12-22T09:35:51.6319560+01:00" endTime="2023-12-22T09:35:51.6319560+01:00" testType="13cdc9d9-ddb5-4fa4-a97d-d965ccfc6d4b" outcome="Passed" testListId="8c84fa94-04c1-424b-9868-57a2d4851a1d" relativeResultsDirectory="e6d600b6-225c-4775-aa88-69a216039271" />
    <UnitTestResult executionId="4657550e-eaab-4e70-95c7-91e73ee6ac76" testId="a41a1003-2242-10b8-735d-2b3636a491be" testName="IsValid_ShouldBeSetToTrue_WhenCenterOfGravityIsMissing" computerName="DKSR-EFI-04" duration="00:00:00.0028408" startTime="2023-12-22T09:35:52.7100884+01:00" endTime="2023-12-22T09:35:52.7100884+01:00" testType="13cdc9d9-ddb5-4fa4-a97d-d965ccfc6d4b" outcome="Passed" testListId="8c84fa94-04c1-424b-9868-57a2d4851a1d" relativeResultsDirectory="4657550e-eaab-4e70-95c7-91e73ee6ac76" />
    <UnitTestResult executionId="6b34788a-47df-481f-bacc-45c1370681b8" testId="f33839d1-0a95-c027-0a9d-468e94c3e8f8" testName="EqualGuids_Fail_OnServerIdNull" computerName="DKSR-EFI-04" duration="00:00:00.0003612" startTime="2023-12-22T09:35:21.1474216+01:00" endTime="2023-12-22T09:35:21.1474216+01:00" testType="13cdc9d9-ddb5-4fa4-a97d-d965ccfc6d4b" outcome="Passed" testListId="8c84fa94-04c1-424b-9868-57a2d4851a1d" relativeResultsDirectory="6b34788a-47df-481f-bacc-45c1370681b8" />
    <UnitTestResult executionId="bb717126-5ae2-4fee-ad25-3fa626247e10" testId="f06647ee-695a-1441-d113-3b9b8eb3748f" testName="BuildShapeOverlayWidthHeightBaseEvent_ShouldReturnCorrectNumberOfShapes_WhenArgumentIsEventData" computerName="DKSR-EFI-04" duration="00:00:00.4245360" startTime="2023-12-22T09:35:24.3661884+01:00" endTime="2023-12-22T09:35:24.7880652+01:00" testType="13cdc9d9-ddb5-4fa4-a97d-d965ccfc6d4b" outcome="Passed" testListId="8c84fa94-04c1-424b-9868-57a2d4851a1d" relativeResultsDirectory="bb717126-5ae2-4fee-ad25-3fa626247e10" />
    <UnitTestResult executionId="3736e839-965b-4fc9-967b-07180b54a47c" testId="04b4598a-a90c-25b4-3fbf-2283122ff323" testName="GenerateParameters_ShouldOmitCodec_WhenCodecHasNotBeenSet" computerName="DKSR-EFI-04" duration="00:00:00.0016168" startTime="2023-12-22T09:35:54.3194706+01:00" endTime="2023-12-22T09:35:54.3194706+01:00" testType="13cdc9d9-ddb5-4fa4-a97d-d965ccfc6d4b" outcome="Passed" testListId="8c84fa94-04c1-424b-9868-57a2d4851a1d" relativeResultsDirectory="3736e839-965b-4fc9-967b-07180b54a47c" />
    <UnitTestResult executionId="b1ef1199-7447-41a1-8426-def05ec8e128" testId="9cbeee60-77f5-68fc-bc08-e8da5217124f" testName="Equals_ShouldHaveValueSemantics_WhenAlways" computerName="DKSR-EFI-04" duration="00:00:00.0005760" startTime="2023-12-22T09:35:52.8975858+01:00" endTime="2023-12-22T09:35:52.8975858+01:00" testType="13cdc9d9-ddb5-4fa4-a97d-d965ccfc6d4b" outcome="Passed" testListId="8c84fa94-04c1-424b-9868-57a2d4851a1d" relativeResultsDirectory="b1ef1199-7447-41a1-8426-def05ec8e128" />
    <UnitTestResult executionId="070a4b50-597d-44b0-a0b9-fca9f4c96e7c" testId="cefaab9b-deca-50a1-cf53-bfd0f84b70d8" testName="Ctor_NullScope_Throws" computerName="DKSR-EFI-04" duration="00:00:00.0007611" startTime="2023-12-22T09:35:49.5069466+01:00" endTime="2023-12-22T09:35:49.5069466+01:00" testType="13cdc9d9-ddb5-4fa4-a97d-d965ccfc6d4b" outcome="Passed" testListId="8c84fa94-04c1-424b-9868-57a2d4851a1d" relativeResultsDirectory="070a4b50-597d-44b0-a0b9-fca9f4c96e7c" />
    <UnitTestResult executionId="2d26693c-11a1-4dd9-a61a-e0f28004c322" testId="7c4b74fb-67e0-6834-21f2-2c0f78a66963" testName="CountByCounter_NotActivated_Empty" computerName="DKSR-EFI-04" duration="00:00:00.0157451" startTime="2023-12-22T09:35:54.1475936+01:00" endTime="2023-12-22T09:35:54.1632511+01:00" testType="13cdc9d9-ddb5-4fa4-a97d-d965ccfc6d4b" outcome="Passed" testListId="8c84fa94-04c1-424b-9868-57a2d4851a1d" relativeResultsDirectory="2d26693c-11a1-4dd9-a61a-e0f28004c322" />
    <UnitTestResult executionId="bee870fc-852f-414e-afa0-e6e337cd33de" testId="702f283c-acf3-b66b-da58-6b428c67206f" testName="ReadXml_ShouldLogWarning_WhenFrameDidNotReadUtcTime" computerName="DKSR-EFI-04" duration="00:00:00.0014362" startTime="2023-12-22T09:35:52.9600867+01:00" endTime="2023-12-22T09:35:52.9600867+01:00" testType="13cdc9d9-ddb5-4fa4-a97d-d965ccfc6d4b" outcome="Passed" testListId="8c84fa94-04c1-424b-9868-57a2d4851a1d" relativeResultsDirectory="bee870fc-852f-414e-afa0-e6e337cd33de" />
    <UnitTestResult executionId="6008682f-29bd-4888-9608-b14fcac85875" testId="0a92ab9e-a0ef-5666-6bfc-bca43af1a11e" testName="GetClientAsync_NotStartsClient_AfterFirstCall" computerName="DKSR-EFI-04" duration="00:00:00.0071479" startTime="2023-12-22T09:35:53.2882169+01:00" endTime="2023-12-22T09:35:53.3038417+01:00" testType="13cdc9d9-ddb5-4fa4-a97d-d965ccfc6d4b" outcome="Passed" testListId="8c84fa94-04c1-424b-9868-57a2d4851a1d" relativeResultsDirectory="6008682f-29bd-4888-9608-b14fcac85875" />
    <UnitTestResult executionId="1180b098-a9f6-4010-aac3-a9d9cf5d96b7" testId="0b0ff5aa-c291-79fb-1d8b-d1660f2ebad3" testName="ReadXml_ShouldReadOriginalData_WhenOrigiginalDataIsPresent" computerName="DKSR-EFI-04" duration="00:00:00.0031915" startTime="2023-12-22T09:35:52.2882117+01:00" endTime="2023-12-22T09:35:52.2882117+01:00" testType="13cdc9d9-ddb5-4fa4-a97d-d965ccfc6d4b" outcome="Passed" testListId="8c84fa94-04c1-424b-9868-57a2d4851a1d" relativeResultsDirectory="1180b098-a9f6-4010-aac3-a9d9cf5d96b7" />
    <UnitTestResult executionId="e6ae2a69-5f92-4556-ae71-ed51e83af2bc" testId="72c3e934-5f4f-f3fc-d049-02010e141373" testName="ReadXml_ShouldIgnoreUnknownAttributes_WhenAlways" computerName="DKSR-EFI-04" duration="00:00:00.0006377" startTime="2023-12-22T09:35:51.9288322+01:00" endTime="2023-12-22T09:35:51.9288322+01:00" testType="13cdc9d9-ddb5-4fa4-a97d-d965ccfc6d4b" outcome="Passed" testListId="8c84fa94-04c1-424b-9868-57a2d4851a1d" relativeResultsDirectory="e6ae2a69-5f92-4556-ae71-ed51e83af2bc" />
    <UnitTestResult executionId="13feeee4-b0c3-49c5-8422-e8bfa36c2b2d" testId="39224d7b-adf2-c3bb-b064-ed7483309b12" testName="ReadXml_ShouldLogWarning_WhenRequiredAttributeIsMissing" computerName="DKSR-EFI-04" duration="00:00:00.0010409" startTime="2023-12-22T09:35:52.9288370+01:00" endTime="2023-12-22T09:35:52.9288370+01:00" testType="13cdc9d9-ddb5-4fa4-a97d-d965ccfc6d4b" outcome="Passed" testListId="8c84fa94-04c1-424b-9868-57a2d4851a1d" relativeResultsDirectory="13feeee4-b0c3-49c5-8422-e8bfa36c2b2d" />
    <UnitTestResult executionId="aa06d570-70a7-4e94-9765-8ee9c8f81354" testId="e0e73f94-8b60-e9f7-5ce6-3100aae7c303" testName="ReadXml_ShouldReadVerticalAccuracy_WhenVerticalAccuracyIsPresent" computerName="DKSR-EFI-04" duration="00:00:00.0002271" startTime="2023-12-22T09:35:52.4444617+01:00" endTime="2023-12-22T09:35:52.4444617+01:00" testType="13cdc9d9-ddb5-4fa4-a97d-d965ccfc6d4b" outcome="Passed" testListId="8c84fa94-04c1-424b-9868-57a2d4851a1d" relativeResultsDirectory="aa06d570-70a7-4e94-9765-8ee9c8f81354" />
    <UnitTestResult executionId="6f9eea4e-8ead-403f-a543-c0a8c97b724a" testId="d3168116-f2b4-8d85-d69a-f47dbb1df0a3" testName="ReadXml_ShouldSetAllFieldsToNull_WhenElementIsEmpty" computerName="DKSR-EFI-04" duration="00:00:00.0004727" startTime="2023-12-22T09:35:52.7257115+01:00" endTime="2023-12-22T09:35:52.7257115+01:00" testType="13cdc9d9-ddb5-4fa4-a97d-d965ccfc6d4b" outcome="Passed" testListId="8c84fa94-04c1-424b-9868-57a2d4851a1d" relativeResultsDirectory="6f9eea4e-8ead-403f-a543-c0a8c97b724a" />
    <UnitTestResult executionId="cf4fbada-ae9f-4495-a97f-a85f90cb1ee6" testId="a44eceec-75ff-6298-f73e-523db73cd6d3" testName="ReadXml_ShouldBase64DecodeOriginalData_WhenOrigiginalDataIsPresent" computerName="DKSR-EFI-04" duration="00:00:00.0137710" startTime="2023-12-22T09:35:52.2882117+01:00" endTime="2023-12-22T09:35:52.3038371+01:00" testType="13cdc9d9-ddb5-4fa4-a97d-d965ccfc6d4b" outcome="Passed" testListId="8c84fa94-04c1-424b-9868-57a2d4851a1d" relativeResultsDirectory="cf4fbada-ae9f-4495-a97f-a85f90cb1ee6" />
    <UnitTestResult executionId="a08c5aec-50dc-4048-83c9-8a724374d7d7" testId="e5af325c-5bae-fda3-b423-271b64739afe" testName="Match_Fail_SystemType_WrongType" computerName="DKSR-EFI-04" duration="00:00:00.0003775" startTime="2023-12-22T09:35:53.2100910+01:00" endTime="2023-12-22T09:35:53.2100910+01:00" testType="13cdc9d9-ddb5-4fa4-a97d-d965ccfc6d4b" outcome="Passed" testListId="8c84fa94-04c1-424b-9868-57a2d4851a1d" relativeResultsDirectory="a08c5aec-50dc-4048-83c9-8a724374d7d7" />
    <UnitTestResult executionId="7bb69391-ee8d-44ef-83f4-67f4bbc4a337" testId="a7d84506-07b5-7ff8-9127-f0b1cfa053da" testName="InitializeThemingSystem_ShouldNotThrowException" computerName="DKSR-EFI-04" duration="00:00:00.7662643" startTime="2023-12-22T09:35:44.7100440+01:00" endTime="2023-12-22T09:35:45.4756723+01:00" testType="13cdc9d9-ddb5-4fa4-a97d-d965ccfc6d4b" outcome="Passed" testListId="8c84fa94-04c1-424b-9868-57a2d4851a1d" relativeResultsDirectory="7bb69391-ee8d-44ef-83f4-67f4bbc4a337" />
    <UnitTestResult executionId="3d01e884-1c80-4f70-b4fb-eb96d9136f98" testId="b43543d5-d01e-b4aa-3f27-43446c7c519e" testName="SearchResultData_EndTimeWithPadding_Success" computerName="DKSR-EFI-04" duration="00:00:00.0005085" startTime="2023-12-22T09:35:50.1631986+01:00" endTime="2023-12-22T09:35:50.1631986+01:00" testType="13cdc9d9-ddb5-4fa4-a97d-d965ccfc6d4b" outcome="Passed" testListId="8c84fa94-04c1-424b-9868-57a2d4851a1d" relativeResultsDirectory="3d01e884-1c80-4f70-b4fb-eb96d9136f98" />
    <UnitTestResult executionId="f68b0741-08de-4571-a5b1-55742b6a0c58" testId="0f5489b1-8ac4-9204-17f4-b55749ac6490" testName="Enabled_Properties_With_Enable_True_success" computerName="DKSR-EFI-04" duration="00:00:00.0133074" startTime="2023-12-22T09:35:22.7724297+01:00" endTime="2023-12-22T09:35:22.7880585+01:00" testType="13cdc9d9-ddb5-4fa4-a97d-d965ccfc6d4b" outcome="Passed" testListId="8c84fa94-04c1-424b-9868-57a2d4851a1d" relativeResultsDirectory="f68b0741-08de-4571-a5b1-55742b6a0c58" />
    <UnitTestResult executionId="b3d7ca5b-367e-46a0-8f01-fb6064ab98fb" testId="62294b79-fd57-1a57-9fa1-16dc542d0a4d" testName="GetFrame_ShouldReturnFrame_WhenThereIsOneFrame" computerName="DKSR-EFI-04" duration="00:00:00.0014725" startTime="2023-12-22T09:35:52.3507086+01:00" endTime="2023-12-22T09:35:52.3507086+01:00" testType="13cdc9d9-ddb5-4fa4-a97d-d965ccfc6d4b" outcome="Passed" testListId="8c84fa94-04c1-424b-9868-57a2d4851a1d" relativeResultsDirectory="b3d7ca5b-367e-46a0-8f01-fb6064ab98fb" />
    <UnitTestResult executionId="731ef36d-7c8f-4b9b-90d5-dcf34ad40085" testId="07fa49d4-c8b1-adf8-33e0-cc2b0fe4e432" testName="Parse_Int_Simple" computerName="DKSR-EFI-04" duration="00:00:00.0003225" startTime="2023-12-22T09:35:51.1632034+01:00" endTime="2023-12-22T09:35:51.1632034+01:00" testType="13cdc9d9-ddb5-4fa4-a97d-d965ccfc6d4b" outcome="Passed" testListId="8c84fa94-04c1-424b-9868-57a2d4851a1d" relativeResultsDirectory="731ef36d-7c8f-4b9b-90d5-dcf34ad40085" />
    <UnitTestResult executionId="f9ddaf52-fa4c-4857-93a0-cc926b215f90" testId="b0739811-0769-0d6d-10df-bbc2b4389739" testName="JsonObjectFromFileTest" computerName="DKSR-EFI-04" duration="00:00:00.0179654" startTime="2023-12-22T09:35:51.1163299+01:00" endTime="2023-12-22T09:35:51.1319505+01:00" testType="13cdc9d9-ddb5-4fa4-a97d-d965ccfc6d4b" outcome="Passed" testListId="8c84fa94-04c1-424b-9868-57a2d4851a1d" relativeResultsDirectory="f9ddaf52-fa4c-4857-93a0-cc926b215f90" />
    <UnitTestResult executionId="85d6225f-a5e8-4a31-bc8a-1881e400991a" testId="4404a430-3945-1236-ef3f-8139963efa61" testName="Serialize_ShouldThrowException_WhenPropertyIsSimpleTypeButPathContainsChildren (IntProperty)" computerName="DKSR-EFI-04" duration="00:00:00.0004444" startTime="2023-12-22T09:35:48.7725645+01:00" endTime="2023-12-22T09:35:48.7725645+01:00" testType="13cdc9d9-ddb5-4fa4-a97d-d965ccfc6d4b" outcome="Passed" testListId="8c84fa94-04c1-424b-9868-57a2d4851a1d" relativeResultsDirectory="85d6225f-a5e8-4a31-bc8a-1881e400991a" />
    <UnitTestResult executionId="4034bbb7-ba99-4bd5-bda4-92dafde6198b" testId="c080456c-72d0-3eb2-77e1-542abd80b216" testName="GetAtOrBefore_ShouldReturnLastElementFromToolkitResponse_WhenDataIsNotInCache" computerName="DKSR-EFI-04" duration="00:00:00.0035872" startTime="2023-12-22T09:35:54.9288505+01:00" endTime="2023-12-22T09:35:54.9444738+01:00" testType="13cdc9d9-ddb5-4fa4-a97d-d965ccfc6d4b" outcome="Passed" testListId="8c84fa94-04c1-424b-9868-57a2d4851a1d" relativeResultsDirectory="4034bbb7-ba99-4bd5-bda4-92dafde6198b" />
    <UnitTestResult executionId="e3f7250e-af07-4b1c-bb4e-f464a19b5ce2" testId="a13f15c8-7c1b-75e6-115a-2f9c84e9fa5f" testName="GetCompatibilityHandler_ShouldReturnNonFips_WhenCallingPreFipsSystem" computerName="DKSR-EFI-04" duration="00:00:00.0012010" startTime="2023-12-22T09:35:53.9913425+01:00" endTime="2023-12-22T09:35:53.9913425+01:00" testType="13cdc9d9-ddb5-4fa4-a97d-d965ccfc6d4b" outcome="Passed" testListId="8c84fa94-04c1-424b-9868-57a2d4851a1d" relativeResultsDirectory="e3f7250e-af07-4b1c-bb4e-f464a19b5ce2" />
    <UnitTestResult executionId="996d3a76-49e7-41d3-b9eb-ab2fdba3c505" testId="d2671cf7-10ab-d2c0-aa50-a4b5bfd530c6" testName="Serialize_TestCases (TestParentTypeMatchStructNotThisTypeNotMatched)" computerName="DKSR-EFI-04" duration="00:00:00.0006822" startTime="2023-12-22T09:35:49.0538205+01:00" endTime="2023-12-22T09:35:49.0538205+01:00" testType="13cdc9d9-ddb5-4fa4-a97d-d965ccfc6d4b" outcome="Passed" testListId="8c84fa94-04c1-424b-9868-57a2d4851a1d" relativeResultsDirectory="996d3a76-49e7-41d3-b9eb-ab2fdba3c505" />
    <UnitTestResult executionId="2784b551-7177-4603-912b-f25306afec7b" testId="62e0da8f-3c56-f977-affd-e0b646a454d7" testName="Append_Element_KeyValueInt" computerName="DKSR-EFI-04" duration="00:00:00.0001524" startTime="2023-12-22T09:35:51.0069515+01:00" endTime="2023-12-22T09:35:51.0069515+01:00" testType="13cdc9d9-ddb5-4fa4-a97d-d965ccfc6d4b" outcome="Passed" testListId="8c84fa94-04c1-424b-9868-57a2d4851a1d" relativeResultsDirectory="2784b551-7177-4603-912b-f25306afec7b" />
    <UnitTestResult executionId="50b5d13a-f392-4b00-96c4-dfa80e9fe889" testId="e734e722-c897-0ccb-6f21-a044403c8cd2" testName="TestConstructor_Success" computerName="DKSR-EFI-04" duration="00:00:00.0002893" startTime="2023-12-22T09:35:50.9757004+01:00" endTime="2023-12-22T09:35:50.9757004+01:00" testType="13cdc9d9-ddb5-4fa4-a97d-d965ccfc6d4b" outcome="Passed" testListId="8c84fa94-04c1-424b-9868-57a2d4851a1d" relativeResultsDirectory="50b5d13a-f392-4b00-96c4-dfa80e9fe889" />
    <UnitTestResult executionId="58af104d-2777-4181-8168-68d475a9aa97" testId="eede4713-56bb-3d3c-3e2e-6a26dd039e2e" testName="Deserialize_Server_FieldValues_checked" computerName="DKSR-EFI-04" duration="00:00:00.0625028" startTime="2023-12-22T09:35:20.1474159+01:00" endTime="2023-12-22T09:35:20.8192955+01:00" testType="13cdc9d9-ddb5-4fa4-a97d-d965ccfc6d4b" outcome="Passed" testListId="8c84fa94-04c1-424b-9868-57a2d4851a1d" relativeResultsDirectory="58af104d-2777-4181-8168-68d475a9aa97" />
    <UnitTestResult executionId="b5c6e877-8420-4ea7-9ba0-52d49c7a568f" testId="f23e3e92-54c2-2411-b215-631166fbf856" testName="SearchAsync_DoSearchAsyncCalled_Success" computerName="DKSR-EFI-04" duration="00:00:00.0016852" startTime="2023-12-22T09:35:49.5069466+01:00" endTime="2023-12-22T09:35:49.5069466+01:00" testType="13cdc9d9-ddb5-4fa4-a97d-d965ccfc6d4b" outcome="Passed" testListId="8c84fa94-04c1-424b-9868-57a2d4851a1d" relativeResultsDirectory="b5c6e877-8420-4ea7-9ba0-52d49c7a568f" />
    <UnitTestResult executionId="d57e1b32-b01f-484d-9776-fcb94adc2d04" testId="275ba7bf-a42d-bd91-1c80-5f751e891033" testName="BuildShapeOverlayWidthHeightAlarm_ShouldReturnCorrectNumberOfShapes_WhenArgumentContainsNoObjectAndRule" computerName="DKSR-EFI-04" duration="00:00:00.0062431" startTime="2023-12-22T09:35:24.8036915+01:00" endTime="2023-12-22T09:35:24.8036915+01:00" testType="13cdc9d9-ddb5-4fa4-a97d-d965ccfc6d4b" outcome="Passed" testListId="8c84fa94-04c1-424b-9868-57a2d4851a1d" relativeResultsDirectory="d57e1b32-b01f-484d-9776-fcb94adc2d04" />
    <UnitTestResult executionId="d400e960-6218-497c-bfba-2623c08622ad" testId="84f70a73-53d8-9f06-6236-95fde40b65ac" testName="ReadXml_ShouldLogWarningTwiceWhenMoreThanOneMinuteBetweenWarnings_WhenIncompleteTranslateIsPresent" computerName="DKSR-EFI-04" duration="00:00:00.0020312" startTime="2023-12-22T09:35:52.8663369+01:00" endTime="2023-12-22T09:35:52.8663369+01:00" testType="13cdc9d9-ddb5-4fa4-a97d-d965ccfc6d4b" outcome="Passed" testListId="8c84fa94-04c1-424b-9868-57a2d4851a1d" relativeResultsDirectory="d400e960-6218-497c-bfba-2623c08622ad" />
    <UnitTestResult executionId="671a2a86-2b67-4d91-9e6b-183aa19eaa3a" testId="52804f86-16d4-c4e7-0a3e-5434b8ef0f30" testName="WriteXml_ShouldWriteElements_WhenTheyHaveValues" computerName="DKSR-EFI-04" duration="00:00:00.0006044" startTime="2023-12-22T09:35:52.4600857+01:00" endTime="2023-12-22T09:35:52.4600857+01:00" testType="13cdc9d9-ddb5-4fa4-a97d-d965ccfc6d4b" outcome="Passed" testListId="8c84fa94-04c1-424b-9868-57a2d4851a1d" relativeResultsDirectory="671a2a86-2b67-4d91-9e6b-183aa19eaa3a" />
    <UnitTestResult executionId="947331b9-e78f-4b3c-aacf-d1e307f34220" testId="257c0922-44f0-686e-e1ab-2ecaa57524ac" testName="MD5Hex32_ShouldReturnMD5Hash_WhenInputIsNotNull" computerName="DKSR-EFI-04" duration="00:00:00.0049021" startTime="2023-12-22T09:35:55.1007244+01:00" endTime="2023-12-22T09:35:55.1007244+01:00" testType="13cdc9d9-ddb5-4fa4-a97d-d965ccfc6d4b" outcome="Passed" testListId="8c84fa94-04c1-424b-9868-57a2d4851a1d" relativeResultsDirectory="947331b9-e78f-4b3c-aacf-d1e307f34220" />
    <UnitTestResult executionId="ce953506-d91b-4d34-a01b-260e4e5db878" testId="e7a87b1a-469f-3c38-ddd6-29b9b9cbec00" testName="WriteXml_ShouldWriteBehaviourElement_WhenBehaviourIsNotNullAndHasBehaviour" computerName="DKSR-EFI-04" duration="00:00:00.0017278" startTime="2023-12-22T09:35:52.5694616+01:00" endTime="2023-12-22T09:35:52.5694616+01:00" testType="13cdc9d9-ddb5-4fa4-a97d-d965ccfc6d4b" outcome="Passed" testListId="8c84fa94-04c1-424b-9868-57a2d4851a1d" relativeResultsDirectory="ce953506-d91b-4d34-a01b-260e4e5db878" />
    <UnitTestResult executionId="c36287cf-0310-4f43-a611-ed28ab0eebb9" testId="3b221ad2-25e8-a21d-c511-ab3b1a01fb56" testName="ReadXml_ShouldIgnoreCenterOfGravity_WhenCenterOfGravityIsPresenWithWrongNamespace" computerName="DKSR-EFI-04" duration="00:00:00.0003206" startTime="2023-12-22T09:35:52.7569638+01:00" endTime="2023-12-22T09:35:52.7569638+01:00" testType="13cdc9d9-ddb5-4fa4-a97d-d965ccfc6d4b" outcome="Passed" testListId="8c84fa94-04c1-424b-9868-57a2d4851a1d" relativeResultsDirectory="c36287cf-0310-4f43-a611-ed28ab0eebb9" />
    <UnitTestResult executionId="a76d1d17-4988-44fb-8471-93318869e835" testId="29b14ef8-e43d-41e1-d5fc-d7d493be4940" testName="ReadXml_ShouldReadAzimuth_WhenAzimuthIsPresent" computerName="DKSR-EFI-04" duration="00:00:00.0003012" startTime="2023-12-22T09:35:52.4288350+01:00" endTime="2023-12-22T09:35:52.4288350+01:00" testType="13cdc9d9-ddb5-4fa4-a97d-d965ccfc6d4b" outcome="Passed" testListId="8c84fa94-04c1-424b-9868-57a2d4851a1d" relativeResultsDirectory="a76d1d17-4988-44fb-8471-93318869e835" />
    <UnitTestResult executionId="7e0b7f30-f290-46db-b565-6389adf0e802" testId="9b9dbd30-50bb-5bbd-002a-cb75e7cd1aba" testName="Serialize_TestCases (TestParentAllPrimitiveTypeMatchDoubleNotThisTypeMatched)" computerName="DKSR-EFI-04" duration="00:00:00.0004077" startTime="2023-12-22T09:35:49.2100670+01:00" endTime="2023-12-22T09:35:49.2100670+01:00" testType="13cdc9d9-ddb5-4fa4-a97d-d965ccfc6d4b" outcome="Passed" testListId="8c84fa94-04c1-424b-9868-57a2d4851a1d" relativeResultsDirectory="7e0b7f30-f290-46db-b565-6389adf0e802" />
    <UnitTestResult executionId="563eebd4-f00b-49dd-a184-3e91aac16972" testId="9693c595-8da3-c963-0be7-6c2fb9b59c4d" testName="Serialize_TestCases (TestParentCollectionNotEmptyArrayProperty)" computerName="DKSR-EFI-04" duration="00:00:00.0002864" startTime="2023-12-22T09:35:48.9288165+01:00" endTime="2023-12-22T09:35:48.9288165+01:00" testType="13cdc9d9-ddb5-4fa4-a97d-d965ccfc6d4b" outcome="Passed" testListId="8c84fa94-04c1-424b-9868-57a2d4851a1d" relativeResultsDirectory="563eebd4-f00b-49dd-a184-3e91aac16972" />
    <UnitTestResult executionId="12ccf324-449d-4911-bd18-435e8f5fe6de" testId="1e86b1ae-4010-c39e-71f3-3cc7adcf6881" testName="ObjectId_ShouldReturnConstructorValue_WhenSetInConstructor" computerName="DKSR-EFI-04" duration="00:00:00.0001979" startTime="2023-12-22T09:35:52.5225869+01:00" endTime="2023-12-22T09:35:52.5225869+01:00" testType="13cdc9d9-ddb5-4fa4-a97d-d965ccfc6d4b" outcome="Passed" testListId="8c84fa94-04c1-424b-9868-57a2d4851a1d" relativeResultsDirectory="12ccf324-449d-4911-bd18-435e8f5fe6de" />
    <UnitTestResult executionId="eec0e937-c297-4e67-8cf7-3d7e1688334a" testId="d3aac1dd-0f5d-4d1a-ac7a-ab3b6af2bff9" testName="SplitString_When2Levels_CountsLastSeparator" computerName="DKSR-EFI-04" duration="00:00:00.0004852" startTime="2023-12-22T09:35:35.0068681+01:00" endTime="2023-12-22T09:35:35.0068681+01:00" testType="13cdc9d9-ddb5-4fa4-a97d-d965ccfc6d4b" outcome="Passed" testListId="8c84fa94-04c1-424b-9868-57a2d4851a1d" relativeResultsDirectory="eec0e937-c297-4e67-8cf7-3d7e1688334a" />
    <UnitTestResult executionId="8b983db1-fc50-4580-9c12-2e87c95b2bd1" testId="39e900e7-994b-131a-bce2-a45a9207a809" testName="ProvideValue_ShouldUseCompleteDataContextAsContent_WhenItemDataPropertyNameIsNotSet" computerName="DKSR-EFI-04" duration="00:00:00.5317432" startTime="2023-12-22T09:35:46.7569301+01:00" endTime="2023-12-22T09:35:47.2881810+01:00" testType="13cdc9d9-ddb5-4fa4-a97d-d965ccfc6d4b" outcome="Passed" testListId="8c84fa94-04c1-424b-9868-57a2d4851a1d" relativeResultsDirectory="8b983db1-fc50-4580-9c12-2e87c95b2bd1" />
    <UnitTestResult executionId="1e9e6ef3-bcc7-4039-a09b-fcc4a82e21af" testId="187a3c1b-b8b9-e08a-2f65-c787e6bb630a" testName="AddFilterValue_NonExistingValue_FirstValue_Success" computerName="DKSR-EFI-04" duration="00:00:00.0351885" startTime="2023-12-22T09:35:49.3663215+01:00" endTime="2023-12-22T09:35:49.3975710+01:00" testType="13cdc9d9-ddb5-4fa4-a97d-d965ccfc6d4b" outcome="Passed" testListId="8c84fa94-04c1-424b-9868-57a2d4851a1d" relativeResultsDirectory="1e9e6ef3-bcc7-4039-a09b-fcc4a82e21af" />
    <UnitTestResult executionId="5404fc57-bc33-485e-9a08-f4edfdefa387" testId="44436d34-8c47-a19f-150a-24d114c511ac" testName="RegistrationsObjectId_ShouldBeTheSameAsReleasedBeforeNonFips" computerName="DKSR-EFI-04" duration="00:00:00.0003339" startTime="2023-12-22T09:35:54.0694698+01:00" endTime="2023-12-22T09:35:54.0694698+01:00" testType="13cdc9d9-ddb5-4fa4-a97d-d965ccfc6d4b" outcome="Passed" testListId="8c84fa94-04c1-424b-9868-57a2d4851a1d" relativeResultsDirectory="5404fc57-bc33-485e-9a08-f4edfdefa387" />
    <UnitTestResult executionId="24077112-d5ac-45ca-8268-0a60856bdd0a" testId="97f2dd08-7fc8-05d2-39e7-d6eb768666a9" testName="ReadXml_ShouldSetIsIdleAndIsRemovedToFalse_WhenElementIsEmpty" computerName="DKSR-EFI-04" duration="00:00:00.0002678" startTime="2023-12-22T09:35:51.7725813+01:00" endTime="2023-12-22T09:35:51.7725813+01:00" testType="13cdc9d9-ddb5-4fa4-a97d-d965ccfc6d4b" outcome="Passed" testListId="8c84fa94-04c1-424b-9868-57a2d4851a1d" relativeResultsDirectory="24077112-d5ac-45ca-8268-0a60856bdd0a" />
    <UnitTestResult executionId="0c29915c-343e-4631-a8bd-608a835330cc" testId="37ae8fbf-ea2d-3e63-eb29-0ad351089e62" testName="Serialize_TestCases (TestParentTypeMatchBoolThisTypeNotMatched)" computerName="DKSR-EFI-04" duration="00:00:00.0003536" startTime="2023-12-22T09:35:48.9756894+01:00" endTime="2023-12-22T09:35:48.9756894+01:00" testType="13cdc9d9-ddb5-4fa4-a97d-d965ccfc6d4b" outcome="Passed" testListId="8c84fa94-04c1-424b-9868-57a2d4851a1d" relativeResultsDirectory="0c29915c-343e-4631-a8bd-608a835330cc" />
    <UnitTestResult executionId="eccaaefe-65b8-4356-9349-cb22796e6d8d" testId="c8844d95-6b3e-d2a5-0238-e17eb53985e3" testName="Add_ShouldNotReplaceLastElement_WhenStartTimeOfLastIsDifferentFromAdded" computerName="DKSR-EFI-04" duration="00:00:00.0273796" startTime="2023-12-22T09:35:55.2101015+01:00" endTime="2023-12-22T09:35:55.2413518+01:00" testType="13cdc9d9-ddb5-4fa4-a97d-d965ccfc6d4b" outcome="Passed" testListId="8c84fa94-04c1-424b-9868-57a2d4851a1d" relativeResultsDirectory="eccaaefe-65b8-4356-9349-cb22796e6d8d" />
    <UnitTestResult executionId="4d3bf603-5c13-4326-bca7-f5417b2d47e3" testId="18b9af22-bb6c-f1cc-eab9-198fe04c78c2" testName="ResolveIconSource_ResourceIconsAndDefinedIcons_ShouldBeIdentical" computerName="DKSR-EFI-04" duration="00:00:00.0572291" startTime="2023-12-22T09:35:47.4131836+01:00" endTime="2023-12-22T09:35:47.4600602+01:00" testType="13cdc9d9-ddb5-4fa4-a97d-d965ccfc6d4b" outcome="Passed" testListId="8c84fa94-04c1-424b-9868-57a2d4851a1d" relativeResultsDirectory="4d3bf603-5c13-4326-bca7-f5417b2d47e3">
      <Output>
        <StdOut>ui/resources/builtinicons/search.svg&#xD;
ui/resources/builtinicons/view_layout_1_16.svg&#xD;
ui/resources/builtinicons/server_state_base.svg&#xD;
ui/resources/builtinicons/view_layout_1_11.svg&#xD;
ui/resources/builtinicons/settings.svg&#xD;
ui/resources/builtinicons/comment_add.svg&#xD;
ui/resources/builtinicons/view_change.svg&#xD;
ui/resources/builtinicons/card_reader.svg&#xD;
ui/resources/builtinicons/access_control_view_item.svg&#xD;
ui/controls/tabcontrols/internal/primary/headeritemcontrol.baml&#xD;
ui/resources/builtinicons/search_temperature.svg&#xD;
ui/resources/builtinicons/application.svg&#xD;
ui/controls/buttons/videoosbuttonhyperlinksmall.baml&#xD;
ui/resources/builtinicons/status_connected.svg&#xD;
ui/resources/builtinicons/comment.svg&#xD;
ui/resources/builtinicons/keyword.svg&#xD;
ui/resources/builtinicons/go_to_selection_start_from_left_12px.svg&#xD;
ui/resources/builtinicons/layout_group.svg&#xD;
ui/resources/builtinicons/go_to_selection_start_from_right_12px.svg&#xD;
client/sidepanelusercontrolwpfwrapper.baml&#xD;
ui/resources/builtinicons/export_add_to_list.svg&#xD;
ui/resources/builtinicons/plus.svg&#xD;
ui/itempicker/view/itempickerwpfusercontrol.baml&#xD;
ui/resources/builtinicons/search_private.svg&#xD;
ui/resources/builtinicons/restore.svg&#xD;
ui/resources/builtinicons/chevron_double_left.svg&#xD;
ui/resources/builtinicons/folder_locked.svg&#xD;
ui/resources/builtinicons/blur_video.svg&#xD;
ui/resources/builtinicons/chevron_right.svg&#xD;
ui/resources/builtinicons/image_missing.svg&#xD;
ui/resources/builtinicons/smart_map_view_item.svg&#xD;
ui/resources/builtinicons/play_forward.svg&#xD;
ui/resources/builtinicons/view_duplicate.svg&#xD;
ui/resources/builtinicons/checkmark_12px.svg&#xD;
ui/resources/builtinicons/text_bold.svg&#xD;
ui/resources/builtinicons/colorpicker.svg&#xD;
ui/resources/builtinicons/speaker.svg&#xD;
ui/resources/builtinicons/view_layout_1_4_p.svg&#xD;
ui/controls/buttons/videoosbuttontransparentlarge.baml&#xD;
ui/resources/builtinicons/plugin.svg&#xD;
ui/controls/buttons/videoosbuttonsecondarysmall.baml&#xD;
ui/resources/builtinicons/chevron_up.svg&#xD;
client/images/icn16x16_light_lastsequence_default.png&#xD;
themes/designsystemcolors.baml&#xD;
ui/resources/builtinicons/filter.svg&#xD;
ui/resources/builtinicons/zoom_out_slider.svg&#xD;
ui/resources/builtinicons/toast_message.svg&#xD;
ui/resources/builtinicons/mobile_next_frame.svg&#xD;
ui/controls/textblocks/videoostextblockinteractivesmall.baml&#xD;
ui/resources/builtinicons/window.svg&#xD;
ui/controls/dropdowns/videoosdropdownborderlesssmall.baml&#xD;
ui/resources/builtinicons/arrow_right.svg&#xD;
ui/resources/builtinicons/selection_bookmark_start_12px.svg&#xD;
ui/resources/builtinicons/view_layout_2x6_p.svg&#xD;
ui/resources/builtinicons/text.svg&#xD;
ui/controls/togglebuttons/videoostogglebuttoniconsmall.baml&#xD;
ui/resources/builtinicons/location_off.svg&#xD;
ui/resources/builtinicons/view_options.svg&#xD;
ui/resources/builtinicons/overlay_buttons.svg&#xD;
ui/resources/builtinicons/frame_previous.svg&#xD;
ui/controls/buttons/videoosbuttontransparentmedium.baml&#xD;
ui/resources/builtinicons/matchlist_add.svg&#xD;
ui/controls/menubuttons/videoosmenubuttonprimarysmall.baml&#xD;
ui/controls/inputcontrols/videoosinputcontrolsmall.baml&#xD;
ui/resources/builtinicons/close_12px.svg&#xD;
ui/resources/builtinicons/view_layout_6x6.svg&#xD;
ui/resources/builtinicons/view_layout_6x3.svg&#xD;
ui/controls/menubuttons/videoosmenubuttonaccentlarge.baml&#xD;
ui/resources/builtinicons/status_disc_small.svg&#xD;
ui/resources/builtinicons/output_off.svg&#xD;
ui/resources/builtinicons/sequence_split.svg&#xD;
ui/resources/builtinicons/server_service.svg&#xD;
ui/controls/passwordboxes/videoospasswordboxbase.baml&#xD;
ui/resources/builtinicons/maximize.svg&#xD;
ui/resources/builtinicons/bookmark_timeline_12px.svg&#xD;
ui/resources/builtinicons/bookmark.svg&#xD;
ui/controls/textblocks/videoostextblockinteractiveextrasmall.baml&#xD;
ui/controls/buttons/videoosbuttonprimarylarge.baml&#xD;
ui/resources/builtinicons/image.svg&#xD;
ui/controls/textblocks/videoostextblockbodyextrasmall.baml&#xD;
ui/resources/builtinicons/html_view_item.svg&#xD;
ui/resources/builtinicons/arrow_down.svg&#xD;
ui/controls/actionlists/internal/actiongroupcontrolholder.baml&#xD;
ui/controls/menubuttons/videoosmenubuttontextmedium.baml&#xD;
ui/resources/builtinicons/view_reload.svg&#xD;
ui/resources/builtinicons/cd_drive.svg&#xD;
ui/controls/actionlists/internal/actionholdcontrolholder.baml&#xD;
ui/resources/builtinicons/unknown.svg&#xD;
ui/resources/builtinicons/arrow_up.svg&#xD;
ui/controls/menubuttons/videoosmenubuttontransparentsmall.baml&#xD;
ui/controls/textboxes/videoostextboxsmall.baml&#xD;
ui/resources/builtinicons/view_layout_1_2x_p.svg&#xD;
ui/resources/builtinicons/lock_off.svg&#xD;
ui/controls/tabcontrols/internal/primary/headeritemoverflowmenu.baml&#xD;
ui/resources/builtinicons/devices_add.svg&#xD;
ui/resources/builtinicons/recording_search.svg&#xD;
ui/resources/builtinicons/layers_add.svg&#xD;
ui/controls/actionlists/videoosactionlisthorizontalmedium.baml&#xD;
ui/resources/builtinicons/preset.svg&#xD;
ui/controls/textblocks/videoostextblockemptystate.baml&#xD;
ui/resources/builtinicons/view_layout_2_1_2.svg&#xD;
ui/resources/builtinicons/view_layout_3x2.svg&#xD;
ui/resources/builtinicons/view_layout_3x3.svg&#xD;
client/images/icn16x16_light_stepbackward_default.png&#xD;
ui/resources/builtinicons/set_selection_end_12px.svg&#xD;
ui/resources/builtinicons/microphone_add.svg&#xD;
ui/resources/builtinicons/output_active.svg&#xD;
ui/controls/dropdowns/videoosdropdownbase.baml&#xD;
ui/resources/builtinicons/go_to_start.svg&#xD;
ui/resources/builtinicons/mask_show.svg&#xD;
ui/resources/builtinicons/retrieve_from_storage.svg&#xD;
ui/resources/builtinicons/drag_grippers.svg&#xD;
ui/controls/inlinemessages/videoosinlinemessagesmall.baml&#xD;
ui/resources/builtinicons/map_recenter.svg&#xD;
ui/resources/builtinicons/layers.svg&#xD;
ui/resources/builtinicons/chevron_down_12px.svg&#xD;
ui/resources/builtinicons/time_selection_mode_date_time.svg&#xD;
ui/controls/actionlists/internal/actionselectcontrolholder.baml&#xD;
ui/resources/builtinicons/smartwall_preset.svg&#xD;
ui/controls/buttons/videoosbuttonprimarysmall.baml&#xD;
ui/controls/tables/internal/columntemplates/celltext.baml&#xD;
ui/controls/checkboxes/videooscheckboxmedium.baml&#xD;
ui/resources/builtinicons/evidence_lock_add.svg&#xD;
ui/resources/builtinicons/view_add.svg&#xD;
ui/resources/builtinicons/speaker_add.svg&#xD;
ui/controls/contextmenus/videooscontextmenularge.baml&#xD;
ui/resources/builtinicons/ptz_control.svg&#xD;
ui/controls/tables/internal/columntemplates/celltimestamp.baml&#xD;
ui/resources/builtinicons/start_recording.svg&#xD;
ui/itempicker/itempickerwpfwindow.baml&#xD;
ui/resources/builtinicons/interconnected_hardware.svg&#xD;
ui/resources/builtinicons/alarm_list_view.svg&#xD;
ui/resources/builtinicons/paste.svg&#xD;
ui/controls/textblocks/videoostextblockbodymedium.baml&#xD;
ui/resources/builtinicons/clipboard.svg&#xD;
ui/resources/builtinicons/commands.svg&#xD;
ui/resources/builtinicons/hotspot_view_item.svg&#xD;
ui/resources/builtinicons/plugin_add.svg&#xD;
ui/resources/builtinicons/output.svg&#xD;
ui/controls/icons/videoosicon.baml&#xD;
themes/dark/theme.baml&#xD;
ui/resources/builtinicons/zoom_out.svg&#xD;
ui/resources/builtinicons/help.svg&#xD;
ui/resources/builtinicons/text_color.svg&#xD;
ui/controls/passwordboxes/videoospasswordboxmedium.baml&#xD;
ui/resources/builtinicons/text_size.svg&#xD;
ui/resources/builtinicons/arrow_short_right.svg&#xD;
client/images/icn16x16_light_stepforward_default.png&#xD;
ui/controls/menubuttons/videoosmenubuttonsecondarysmall.baml&#xD;
ui/resources/builtinicons/checkmark.svg&#xD;
ui/resources/builtinicons/drag_handle.svg&#xD;
ui/resources/builtinicons/project_add.svg&#xD;
ui/resources/builtinicons/go_to_video_tutorials.svg&#xD;
ui/resources/builtinicons/network_drive.svg&#xD;
ui/controls/textblocks/videoostextblocklabel.baml&#xD;
ui/resources/builtinicons/view_layout_10x10.svg&#xD;
ui/controls/menubuttons/videoosmenubuttontransparentmedium.baml&#xD;
ui/resources/builtinicons/output_add.svg&#xD;
ui/resources/builtinicons/alarm.svg&#xD;
ui/controls/tables/internal/columntemplates/cellmark.baml&#xD;
ui/controls/dropdowns/videoosdropdownborderlessmedium.baml&#xD;
ui/resources/builtinicons/receipt.svg&#xD;
ui/resources/builtinicons/database_end.svg&#xD;
ui/controls/buttons/videoosbuttonaccentextrasmall.baml&#xD;
ui/resources/builtinicons/user_state_base.svg&#xD;
ui/controls/radiobuttons/videoosradiobuttonsmall.baml&#xD;
ui/resources/builtinicons/pin.svg&#xD;
ui/controls/textblocks/videoostextblockinteractivemedium.baml&#xD;
ui/resources/builtinicons/send_to_window.svg&#xD;
ui/resources/builtinicons/text_size_large.svg&#xD;
ui/controls/tabcontrols/videoostabcontrolprimaryhorizontallarge.baml&#xD;
ui/resources/builtinicons/selection_add.svg&#xD;
ui/controls/sliders/videoossliderbase.baml&#xD;
ui/resources/builtinicons/status_confirmation_check_mark.svg&#xD;
ui/resources/builtinicons/playback_speed.svg&#xD;
ui/controls/videoosbase.baml&#xD;
ui/controls/progress/videoosprogressbar.baml&#xD;
ui/resources/builtinicons/bookmark_timeline.svg&#xD;
ui/controls/textblocks/videoostextblockh1.baml&#xD;
ui/controls/popups/popovercontent.baml&#xD;
client/images/icn16x16_light_nextsequence_default.png&#xD;
ui/resources/builtinicons/arrow_short_left.svg&#xD;
ui/resources/builtinicons/microphone_muted.svg&#xD;
ui/resources/builtinicons/text_italic.svg&#xD;
ui/resources/builtinicons/chevron_double_up.svg&#xD;
ui/resources/builtinicons/hardware_acceleration_tag.svg&#xD;
ui/controls/textblocks/videoostextblockh3.baml&#xD;
ui/resources/builtinicons/smartwall_monitor.svg&#xD;
ui/controls/actionlists/videoosactionlistbase.baml&#xD;
ui/resources/builtinicons/link_add.svg&#xD;
ui/controls/textblocks/videoostextblockh2.baml&#xD;
ui/resources/builtinicons/face_recognition.svg&#xD;
ui/resources/builtinicons/chevron_double_right.svg&#xD;
ui/resources/builtinicons/door_open.svg&#xD;
ui/resources/builtinicons/location.svg&#xD;
ui/resources/builtinicons/refresh.svg&#xD;
ui/resources/builtinicons/keycard.svg&#xD;
ui/resources/builtinicons/time_selection_mode.svg&#xD;
ui/resources/builtinicons/status_information_mark_color.svg&#xD;
ui/resources/builtinicons/view_layout_12x6.svg&#xD;
ui/controls/textblocks/videoostextblocktitle.baml&#xD;
ui/resources/builtinicons/save.svg&#xD;
ui/controls/buttons/videoosbuttonprimarymedium.baml&#xD;
ui/resources/builtinicons/folder_add.svg&#xD;
ui/controls/treeview/videoostreeview.baml&#xD;
ui/resources/builtinicons/key.svg&#xD;
ui/resources/builtinicons/zoom_in_slider.svg&#xD;
ui/resources/builtinicons/selected.svg&#xD;
ui/resources/builtinicons/unit.svg&#xD;
ui/resources/builtinicons/transact_view_item.svg&#xD;
ui/resources/builtinicons/actions.svg&#xD;
ui/controls/menubuttons/videoosmenubuttontextsmall.baml&#xD;
ui/resources/builtinicons/view_layout_7x7.svg&#xD;
ui/resources/builtinicons/independent_playback.svg&#xD;
ui/resources/builtinicons/sources.svg&#xD;
ui/resources/builtinicons/object_cube.svg&#xD;
ui/resources/builtinicons/search_motion.svg&#xD;
ui/resources/builtinicons/selection_hand.svg&#xD;
ui/controls/buttons/videoosbuttonaccentmedium.baml&#xD;
ui/resources/builtinicons/microphone.svg&#xD;
ui/controls/containers/videoosscrollviewer.baml&#xD;
ui/controls/menubuttons/videoosmenubuttontransparentextrasmall.baml&#xD;
client/imageviewerwpfcontrol.baml&#xD;
ui/controls/menubuttons/videoosmenubuttontertiarymedium.baml&#xD;
ui/resources/builtinicons/chevron_down.svg&#xD;
ui/resources/builtinicons/view_layout_1x2.svg&#xD;
ui/resources/builtinicons/view_layout_1x1.svg&#xD;
ui/resources/builtinicons/view_layout_1x3.svg&#xD;
ui/resources/builtinicons/ellipsis.svg&#xD;
ui/controls/calendars/videooscalendar.baml&#xD;
ui/resources/builtinicons/fullscreen_exit.svg&#xD;
ui/resources/builtinicons/location_add.svg&#xD;
ui/resources/builtinicons/next.svg&#xD;
ui/resources/builtinicons/replay.svg&#xD;
ui/resources/builtinicons/recording_server.svg&#xD;
ui/controls/buttons/videoosbuttonsecondarymedium.baml&#xD;
ui/resources/builtinicons/music_note.svg&#xD;
ui/resources/builtinicons/selection_cursor.svg&#xD;
ui/controls/buttons/videoosbuttontertiarymedium.baml&#xD;
ui/resources/builtinicons/text_view_item.svg&#xD;
ui/resources/builtinicons/status_warning_exclamation_mark.svg&#xD;
ui/resources/builtinicons/text_align_center.svg&#xD;
ui/resources/builtinicons/link.svg&#xD;
ui/resources/builtinicons/search_sequence.svg&#xD;
ui/controls/buttons/videoosbuttontertiarylarge.baml&#xD;
ui/resources/builtinicons/set_selection_start_12px.svg&#xD;
ui/resources/builtinicons/copy.svg&#xD;
ui/controls/tables/internal/columntemplates/cellactions.baml&#xD;
themes/staticresources.baml&#xD;
ui/resources/builtinicons/search_clear_field_12px.svg&#xD;
ui/resources/builtinicons/arrow_short_up.svg&#xD;
ui/resources/builtinicons/filter_selection.svg&#xD;
ui/resources/builtinicons/adaptive_view.svg&#xD;
themes/generic.baml&#xD;
ui/resources/builtinicons/database.svg&#xD;
ui/controls/styles/videoosstylescrollbar.baml&#xD;
ui/resources/builtinicons/camera_ptz.svg&#xD;
ui/resources/builtinicons/language.svg&#xD;
ui/resources/builtinicons/playback_controller.svg&#xD;
ui/resources/builtinicons/access_control_system.svg&#xD;
ui/controls/inlinemessages/videoosinlinemessagemedium.baml&#xD;
ui/resources/builtinicons/comment_edit.svg&#xD;
ui/resources/builtinicons/home.svg&#xD;
ui/resources/builtinicons/event.svg&#xD;
ui/controls/actionlists/videoosactionlisthorizontalsmall.baml&#xD;
ui/resources/builtinicons/chevron_left_12px.svg&#xD;
ui/resources/builtinicons/suppress.svg&#xD;
ui/resources/builtinicons/screen.svg&#xD;
ui/resources/builtinicons/pause.svg&#xD;
ui/controls/checkboxes/videooscheckboxsmall.baml&#xD;
ui/controls/menubuttons/videoosmenubuttontransparentlarge.baml&#xD;
ui/resources/builtinicons/database_add.svg&#xD;
ui/resources/builtinicons/speaker_muted.svg&#xD;
ui/resources/builtinicons/alarm_tooltip_map.svg&#xD;
ui/resources/builtinicons/status_confirmation_check_mark_color.svg&#xD;
ui/controls/buttons/videoosbuttontertiarysmall.baml&#xD;
ui/controls/menubuttons/videoosmenubuttonaccentmedium.baml&#xD;
ui/resources/builtinicons/view_in_bookmarks_tab.svg&#xD;
ui/resources/builtinicons/camera_marquee.svg&#xD;
ui/resources/builtinicons/camera.svg&#xD;
ui/resources/builtinicons/status_triangle_warning.svg&#xD;
ui/resources/builtinicons/star.svg&#xD;
ui/resources/builtinicons/questionmark.svg&#xD;
ui/controls/tabcontrols/internal/primary/headercontrol.baml&#xD;
ui/controls/textboxes/videoostextboxlarge.baml&#xD;
ui/resources/builtinicons/text_size_small.svg&#xD;
ui/resources/builtinicons/matrix_view_item.svg&#xD;
ui/controls/actionlists/videoosactionlisthorizontalextrasmall.baml&#xD;
ui/resources/builtinicons/building.svg&#xD;
ui/resources/builtinicons/arrow_short_down.svg&#xD;
ui/controls/messageboxes/contenttemplates.baml&#xD;
ui/controls/badges/videoosbadgeextrasmall.baml&#xD;
ui/resources/builtinicons/view_layout_transact2.svg&#xD;
ui/controls/textboxes/videoostextboxmedium.baml&#xD;
ui/resources/builtinicons/status_warning_exclamation_mark_color.svg&#xD;
ui/resources/builtinicons/alarm_related_tooltip_map.svg&#xD;
ui/resources/builtinicons/map_settings.svg&#xD;
ui/controls/textblocks/videoostextblockbase.baml&#xD;
ui/resources/builtinicons/drag_out.svg&#xD;
ui/controls/passwordboxes/videoospasswordboxsmall.baml&#xD;
ui/resources/builtinicons/go_to_selection_end_from_left_12px.svg&#xD;
ui/resources/builtinicons/device.svg&#xD;
ui/controls/buttons/videoosbuttontextmedium.baml&#xD;
ui/resources/builtinicons/video_lock.svg&#xD;
ui/resources/builtinicons/bookmark_delete.svg&#xD;
ui/resources/builtinicons/chevron_double_down_base.svg&#xD;
ui/resources/builtinicons/mask_hide.svg&#xD;
ui/resources/builtinicons/status_information_mark.svg&#xD;
ui/resources/builtinicons/carousel_view_item.svg&#xD;
ui/controls/containers/videoospanel.baml&#xD;
ui/controls/buttons/videoosbuttonaccentsmall.baml&#xD;
client/images/icn16x16_light_firstsequence_default.png&#xD;
ui/resources/builtinicons/sequence_next.svg&#xD;
ui/resources/builtinicons/speaker_active.svg&#xD;
ui/resources/builtinicons/project.svg&#xD;
ui/resources/builtinicons/view_layout_2_8.svg&#xD;
ui/controls/dropdowns/videoosdropdownsmall.baml&#xD;
ui/resources/builtinicons/view_layout_2_4.svg&#xD;
ui/controls/actionlists/internal/actionspresenter.baml&#xD;
ui/resources/builtinicons/view_layout_5x5.svg&#xD;
client/playbackwpfusercontrolmini.baml&#xD;
ui/resources/builtinicons/zoom_in.svg&#xD;
ui/controls/menubuttons/videoosmenubuttontertiarysmall.baml&#xD;
ui/resources/builtinicons/text_size_medium.svg&#xD;
ui/controls/dialogs/dialogactiontemplates.baml&#xD;
ui/controls/menubuttons/videoosmenubuttonprimarylarge.baml&#xD;
ui/resources/builtinicons/previous.svg&#xD;
ui/resources/builtinicons/map_view_item.svg&#xD;
ui/controls/progress/videoosprogressspinner.baml&#xD;
ui/resources/builtinicons/chevron_left.svg&#xD;
ui/resources/builtinicons/edit.svg&#xD;
ui/resources/builtinicons/zone.svg&#xD;
ui/resources/builtinicons/image_snapshot.svg&#xD;
ui/resources/builtinicons/caps_lock.svg&#xD;
ui/controls/menubuttons/videoosmenubuttonprimarymedium.baml&#xD;
ui/resources/builtinicons/sync_to_playback.svg&#xD;
ui/controls/contextmenus/videooscontextmenubase.baml&#xD;
ui/resources/builtinicons/sequence_previous.svg&#xD;
ui/resources/builtinicons/rename.svg&#xD;
ui/resources/builtinicons/view_layout_4x4.svg&#xD;
ui/resources/builtinicons/view_layout_4x1.svg&#xD;
ui/resources/builtinicons/view_layout_4x6.svg&#xD;
ui/resources/builtinicons/view_layout_4x3.svg&#xD;
ui/resources/builtinicons/controller_device.svg&#xD;
client/propertiesusercontrolwpfwrapper.baml&#xD;
ui/resources/builtinicons/text_underline.svg&#xD;
ui/resources/builtinicons/server_add.svg&#xD;
ui/resources/builtinicons/delete.svg&#xD;
ui/controls/togglebuttons/videoostogglebuttoniconmedium.baml&#xD;
ui/controls/tables/internal/columntemplates/headermark.baml&#xD;
ui/controls/buttons/videoosbuttontransparentextrasmall.baml&#xD;
ui/resources/builtinicons/camera_wall_mounted.svg&#xD;
ui/controls/buttons/videoosbuttonhyperlinkmedium.baml&#xD;
ui/resources/builtinicons/ellipsis_large.svg&#xD;
ui/resources/builtinicons/mobile_previous_frame.svg&#xD;
ui/resources/builtinicons/go_to_selection_end_from_right_12px.svg&#xD;
ui/controls/togglebuttons/videoostogglebuttoniconextrasmall.baml&#xD;
ui/controls/menubuttons/videoosmenubuttonsecondarymedium.baml&#xD;
client/images/icn16x16_light_playpausebackward_default.png&#xD;
ui/resources/builtinicons/sequence_first.svg&#xD;
ui/controls/actionlists/internal/actionactivatecontrolholder.baml&#xD;
ui/controls/tables/internal/columntemplates/celltemplate.baml&#xD;
client/images/icn16x16_light_previoussequence_default.png&#xD;
ui/resources/builtinicons/play_backward.svg&#xD;
ui/resources/builtinicons/microphone_unmuted.svg&#xD;
ui/controls/buttons/videoosbuttonaccentlarge.baml&#xD;
ui/controls/buttons/videoosbuttonsecondarylarge.baml&#xD;
ui/resources/builtinicons/input_add.svg&#xD;
ui/resources/builtinicons/close.svg&#xD;
ui/controls/passwordboxes/videoospasswordboxlarge.baml&#xD;
ui/controls/radiobuttons/videoosradiobuttonmedium.baml&#xD;
ui/resources/builtinicons/workspace.svg&#xD;
ui/resources/builtinicons/selection_bookmark_start.svg&#xD;
client/images/icn16x16_light_pause_default.png&#xD;
ui/resources/builtinicons/view_layout_8x8.svg&#xD;
ui/resources/builtinicons/view_layout_1_1_2.svg&#xD;
ui/resources/builtinicons/matchlist_remove.svg&#xD;
ui/resources/builtinicons/view_layout_1_1_4.svg&#xD;
ui/resources/builtinicons/view_layout_1_1_6.svg&#xD;
ui/controls/menubuttons/videoosmenubuttonaccentextrasmall.baml&#xD;
ui/resources/builtinicons/view.svg&#xD;
ui/resources/builtinicons/door_closed.svg&#xD;
ui/controls/tables/videoostable.baml&#xD;
ui/resources/builtinicons/fullscreen_enter.svg&#xD;
ui/resources/builtinicons/text_align_right.svg&#xD;
ui/controls/textboxes/videoostextboxbase.baml&#xD;
ui/resources/builtinicons/music_note_muted.svg&#xD;
ui/resources/builtinicons/keypad.svg&#xD;
ui/controls/buttons/videoosbuttontextsmall.baml&#xD;
ui/resources/builtinicons/view_layout_1_7.svg&#xD;
ui/resources/builtinicons/view_layout_1_8.svg&#xD;
ui/resources/builtinicons/view_layout_1_5.svg&#xD;
ui/resources/builtinicons/text_size_larger.svg&#xD;
ui/resources/builtinicons/view_layout_1_3.svg&#xD;
ui/resources/builtinicons/view_layout_1_1.svg&#xD;
ui/resources/builtinicons/view_layout_1_2.svg&#xD;
ui/resources/builtinicons/level_up.svg&#xD;
ui/resources/builtinicons/search_location.svg&#xD;
ui/resources/builtinicons/system_overview.svg&#xD;
ui/controls/styles/videoosstylefocusvisualstyle.baml&#xD;
ui/resources/builtinicons/status_disconnected.svg&#xD;
ui/controls/dialogs/videoosdialog.baml&#xD;
client/images/icn16x16_light_play_default.png&#xD;
ui/resources/builtinicons/notification.svg&#xD;
ui/resources/builtinicons/server.svg&#xD;
ui/resources/builtinicons/input_device.svg&#xD;
ui/resources/builtinicons/status_error_exclamation_mark.svg&#xD;
ui/controls/dropdowns/videoosdropdownlarge.baml&#xD;
ui/controls/togglebuttons/videoostogglebuttonswitchmedium.baml&#xD;
ui/resources/builtinicons/view_layout_2x4_p.svg&#xD;
ui/resources/builtinicons/view_layout.svg&#xD;
ui/resources/builtinicons/selection_remove.svg&#xD;
ui/controls/contextmenus/videooscontextmenusmall.baml&#xD;
ui/resources/builtinicons/open_in_search.svg&#xD;
ui/resources/builtinicons/theme.svg&#xD;
ui/resources/builtinicons/frame_next.svg&#xD;
ui/controls/buttons/videoosbuttontransparentsmall.baml&#xD;
ui/resources/builtinicons/note.svg&#xD;
ui/resources/builtinicons/status_round_disc.svg&#xD;
ui/resources/builtinicons/folder.svg&#xD;
ui/controls/togglebuttons/videoostogglebuttonswitchsmall.baml&#xD;
ui/resources/builtinicons/state_indicator.svg&#xD;
ui/resources/builtinicons/state_indicator_top_right.svg&#xD;
ui/controls/inputcontrols/videoosinputcontrolmedium.baml&#xD;
ui/controls/tables/internal/columntemplates/cellicon.baml&#xD;
ui/resources/builtinicons/folder_private.svg&#xD;
ui/resources/builtinicons/share.svg&#xD;
ui/resources/builtinicons/server_jobs.svg&#xD;
ui/resources/builtinicons/sequence_last.svg&#xD;
ui/resources/builtinicons/bookmark_edit.svg&#xD;
ui/controls/actionlists/internal/actionseparatorcontrolholder.baml&#xD;
ui/resources/builtinicons/server_site.svg&#xD;
ui/resources/builtinicons/selection_bookmark_end.svg&#xD;
ui/resources/builtinicons/arrow_left.svg&#xD;
ui/resources/builtinicons/calendar.svg&#xD;
ui/resources/builtinicons/camera_add.svg&#xD;
ui/resources/builtinicons/clock.svg&#xD;
ui/resources/builtinicons/alarm_list_view_item.svg&#xD;
ui/resources/builtinicons/chevron_right_12px.svg&#xD;
ui/resources/builtinicons/smartwall_view_item.svg&#xD;
ui/controls/messagebars/videoosmessagebarlarge.baml&#xD;
client/playbackwpfusercontrol.baml&#xD;
ui/resources/builtinicons/unpin.svg&#xD;
ui/resources/builtinicons/time_date_select.svg&#xD;
ui/resources/builtinicons/chevron_double_down.svg&#xD;
ui/resources/builtinicons/lpr_view_item.svg&#xD;
ui/resources/builtinicons/text_size_smaller.svg&#xD;
ui/controls/sliders/videoossliderhorizontal.baml&#xD;
ui/resources/builtinicons/go_to_end.svg&#xD;
ui/controls/menubuttons/videoosmenubuttonsecondarylarge.baml&#xD;
ui/resources/builtinicons/alarm_definition.svg&#xD;
ui/resources/builtinicons/search_clear_field.svg&#xD;
ui/resources/builtinicons/image_copy.svg&#xD;
ui/controls/dropdowns/videoosdropdownmedium.baml&#xD;
ui/resources/builtinicons/print.svg&#xD;
ui/resources/builtinicons/create_floating_window.svg&#xD;
ui/resources/builtinicons/pdf_create.svg&#xD;
ui/resources/builtinicons/view_layout_2x3.svg&#xD;
ui/controls/checkboxes/videooscheckboxlarge.baml&#xD;
ui/resources/builtinicons/view_layout_2x2.svg&#xD;
ui/resources/builtinicons/zones.svg&#xD;
ui/controls/inlinemessages/videoosinlinemessagebase.baml&#xD;
ui/resources/builtinicons/logout.svg&#xD;
ui/resources/builtinicons/role.svg&#xD;
ui/resources/builtinicons/metadata.svg&#xD;
ui/resources/builtinicons/color_fill.svg&#xD;
ui/resources/builtinicons/status_error_exclamation_mark_color.svg&#xD;
ui/resources/builtinicons/selection_bookmark_end_12px.svg&#xD;
ui/controls/textblocks/videoostextblockbodysmall.baml&#xD;
client/images/icn16x16_light_playpause_default.png&#xD;
ui/controls/menubuttons/videoosmenubuttontertiarylarge.baml&#xD;
ui/resources/builtinicons/search_people.svg&#xD;
ui/resources/builtinicons/chevron_up_12px.svg&#xD;
ui/resources/builtinicons/text_align_left.svg&#xD;
ui/controls/menubuttons/videoosmenubuttonaccentsmall.baml&#xD;
ui/resources/builtinicons/lock_overlay.svg&#xD;
client/dummyimageviewerwpfcontrolinternal.baml&#xD;
ui/resources/builtinicons/save_as.svg&#xD;
ui/resources/builtinicons/building_add.svg&#xD;
ui/resources/builtinicons/minus.svg&#xD;
ui/resources/builtinicons/user.svg&#xD;
ui/controls/messagebars/videoosmessagebarmedium.baml&#xD;
themes/light/theme.baml&#xD;
ui/resources/builtinicons/globe.svg&#xD;
ui/resources/builtinicons/alarm_disabled.svg&#xD;
ui/resources/builtinicons/export.svg&#xD;
ui/resources/builtinicons/camera_multiple.svg&#xD;
ui/resources/builtinicons/view_layout_1_1x.svg&#xD;
ui/resources/builtinicons/folder_read_only.svg&#xD;
ui/resources/builtinicons/view_layout_1_2x.svg&#xD;
ui/resources/builtinicons/minimize.svg&#xD;
ui/controls/styles/videoosstyletooltip.baml&#xD;
ui/resources/builtinicons/view_layout_1_2p.svg&#xD;
ui/controls/messagebars/videoosmessagebarsmall.baml&#xD;
ui/resources/builtinicons/search_vehicle.svg</StdOut>
      </Output>
    </UnitTestResult>
    <UnitTestResult executionId="6ae59884-26a8-4c99-a6d9-d6820638a43f" testId="005c4048-bbfa-5fd2-6e76-51731c50383b" testName="GetWithDateTime_ShouldEnsureThatFolowingCallToGetNextWorks_WhenDataIsNotInCache" computerName="DKSR-EFI-04" duration="00:00:00.0038315" startTime="2023-12-22T09:35:54.9757226+01:00" endTime="2023-12-22T09:35:54.9757226+01:00" testType="13cdc9d9-ddb5-4fa4-a97d-d965ccfc6d4b" outcome="Passed" testListId="8c84fa94-04c1-424b-9868-57a2d4851a1d" relativeResultsDirectory="6ae59884-26a8-4c99-a6d9-d6820638a43f" />
    <UnitTestResult executionId="406977de-2c05-4b8c-a375-5a88065b209e" testId="4686721b-2da0-2073-d103-e6130d171947" testName="Convert_SingleArgumentConverter_ShouldNotAllowNullValue_WhenArgumentIsValueType" computerName="DKSR-EFI-04" duration="00:00:00.0024361" startTime="2023-12-22T09:35:46.5225522+01:00" endTime="2023-12-22T09:35:46.5225522+01:00" testType="13cdc9d9-ddb5-4fa4-a97d-d965ccfc6d4b" outcome="Passed" testListId="8c84fa94-04c1-424b-9868-57a2d4851a1d" relativeResultsDirectory="406977de-2c05-4b8c-a375-5a88065b209e" />
    <UnitTestResult executionId="d1fc6b71-b65f-4e5d-9a96-2011b80035f8" testId="25843545-ef80-11aa-4565-6026ffae4df6" testName="WriteXml_ShouldWriteAllFrames_WhenThereAreMultipleFramesPresent" computerName="DKSR-EFI-04" duration="00:00:00.0006923" startTime="2023-12-22T09:35:52.9757117+01:00" endTime="2023-12-22T09:35:52.9913379+01:00" testType="13cdc9d9-ddb5-4fa4-a97d-d965ccfc6d4b" outcome="Passed" testListId="8c84fa94-04c1-424b-9868-57a2d4851a1d" relativeResultsDirectory="d1fc6b71-b65f-4e5d-9a96-2011b80035f8" />
    <UnitTestResult executionId="52b013c1-c771-41fc-ac4b-eb62fc2a1e68" testId="c812ed1c-00bd-8faa-1362-480338c7edf0" testName="Apply_ShouldAddTranslateYCoordinatesToTopAndBottomAndTranslateXCoordinatesToLeftAndRight_WhenTranslateIsNotNull" computerName="DKSR-EFI-04" duration="00:00:00.0005938" startTime="2023-12-22T09:35:52.6632128+01:00" endTime="2023-12-22T09:35:52.6632128+01:00" testType="13cdc9d9-ddb5-4fa4-a97d-d965ccfc6d4b" outcome="Passed" testListId="8c84fa94-04c1-424b-9868-57a2d4851a1d" relativeResultsDirectory="52b013c1-c771-41fc-ac4b-eb62fc2a1e68" />
    <UnitTestResult executionId="60c97757-c108-4e9d-aab8-659998e115a4" testId="6bf15edc-a1d0-adf1-a3aa-fde4bdad9f83" testName="OnErrorOccurred_EventHandler_NotifiedWithCorrectParameters" computerName="DKSR-EFI-04" duration="00:00:00.0021814" startTime="2023-12-22T09:35:49.5225719+01:00" endTime="2023-12-22T09:35:49.5225719+01:00" testType="13cdc9d9-ddb5-4fa4-a97d-d965ccfc6d4b" outcome="Passed" testListId="8c84fa94-04c1-424b-9868-57a2d4851a1d" relativeResultsDirectory="60c97757-c108-4e9d-aab8-659998e115a4" />
    <UnitTestResult executionId="49ef533f-eab0-4ec5-8179-7f4db0ac72b5" testId="94e5854b-a7a8-bf50-1837-dc2fec1a5970" testName="ToJson_IntElement" computerName="DKSR-EFI-04" duration="00:00:00.0001802" startTime="2023-12-22T09:35:51.2413286+01:00" endTime="2023-12-22T09:35:51.2413286+01:00" testType="13cdc9d9-ddb5-4fa4-a97d-d965ccfc6d4b" outcome="Passed" testListId="8c84fa94-04c1-424b-9868-57a2d4851a1d" relativeResultsDirectory="49ef533f-eab0-4ec5-8179-7f4db0ac72b5" />
    <UnitTestResult executionId="ad41389b-23da-401a-bcfe-958fb9db1970" testId="a9f5292d-e31f-a581-3eed-5680d989d123" testName="GetItem_ShouldReturnNull_WhenUnknownKind" computerName="DKSR-EFI-04" duration="00:00:00.0003765" startTime="2023-12-22T09:35:24.8505657+01:00" endTime="2023-12-22T09:35:24.8505657+01:00" testType="13cdc9d9-ddb5-4fa4-a97d-d965ccfc6d4b" outcome="Passed" testListId="8c84fa94-04c1-424b-9868-57a2d4851a1d" relativeResultsDirectory="ad41389b-23da-401a-bcfe-958fb9db1970" />
    <UnitTestResult executionId="3f8b5f08-f139-4fd5-9e0c-f6e0701dda57" testId="117614c7-eeb5-3c32-e0a6-311b673498a1" testName="Serialize_TestCases (TestParentTypeMatchObjectNotThisTypeNotMatched)" computerName="DKSR-EFI-04" duration="00:00:00.0007409" startTime="2023-12-22T09:35:49.0850677+01:00" endTime="2023-12-22T09:35:49.0850677+01:00" testType="13cdc9d9-ddb5-4fa4-a97d-d965ccfc6d4b" outcome="Passed" testListId="8c84fa94-04c1-424b-9868-57a2d4851a1d" relativeResultsDirectory="3f8b5f08-f139-4fd5-9e0c-f6e0701dda57" />
    <UnitTestResult executionId="88c417e6-6144-43d8-a6c6-7e696f291af8" testId="5e058ca8-2071-8aca-94cf-089b17b5ab0d" testName="CountByItems_Activated_Trial_Grace_Missing" computerName="DKSR-EFI-04" duration="00:00:00.0021569" startTime="2023-12-22T09:35:54.2413433+01:00" endTime="2023-12-22T09:35:54.2413433+01:00" testType="13cdc9d9-ddb5-4fa4-a97d-d965ccfc6d4b" outcome="Passed" testListId="8c84fa94-04c1-424b-9868-57a2d4851a1d" relativeResultsDirectory="88c417e6-6144-43d8-a6c6-7e696f291af8" />
    <UnitTestResult executionId="d2c8cdeb-98de-47ef-bd3f-809d59c79e46" testId="f1273a57-f352-81b3-3c22-3b2f4debaba3" testName="Replace_ShouldInvokeCallback_WhenObservable" computerName="DKSR-EFI-04" duration="00:00:00.0013221" startTime="2023-12-22T09:35:46.7413051+01:00" endTime="2023-12-22T09:35:46.7413051+01:00" testType="13cdc9d9-ddb5-4fa4-a97d-d965ccfc6d4b" outcome="Passed" testListId="8c84fa94-04c1-424b-9868-57a2d4851a1d" relativeResultsDirectory="d2c8cdeb-98de-47ef-bd3f-809d59c79e46" />
    <UnitTestResult executionId="3141b4bd-c935-4f7a-a4da-28ccddf62dd5" testId="11006eff-dccd-aa32-9666-4dd55bbdd6ef" testName="GenerateEnumValueParameters_ShouldWriteName_WhenAlways" computerName="DKSR-EFI-04" duration="00:00:00.0007356" startTime="2023-12-22T09:35:54.4444729+01:00" endTime="2023-12-22T09:35:54.4444729+01:00" testType="13cdc9d9-ddb5-4fa4-a97d-d965ccfc6d4b" outcome="Passed" testListId="8c84fa94-04c1-424b-9868-57a2d4851a1d" relativeResultsDirectory="3141b4bd-c935-4f7a-a4da-28ccddf62dd5" />
    <UnitTestResult executionId="02ecec10-1310-4411-a6b8-3b25d29e1b95" testId="af0f43ee-ce4a-d402-680c-1c0e37479db8" testName="CountByCounter_Activated_Trial_OK" computerName="DKSR-EFI-04" duration="00:00:00.0007741" startTime="2023-12-22T09:35:54.1788471+01:00" endTime="2023-12-22T09:35:54.1788471+01:00" testType="13cdc9d9-ddb5-4fa4-a97d-d965ccfc6d4b" outcome="Passed" testListId="8c84fa94-04c1-424b-9868-57a2d4851a1d" relativeResultsDirectory="02ecec10-1310-4411-a6b8-3b25d29e1b95" />
    <UnitTestResult executionId="9f52c1e9-84f5-444c-92b6-9747377bfc82" testId="ba7694f7-ee6f-6343-b447-699651d9d6f9" testName="FindCacheEntryAfter_ShuldReturnEntryAfterTimeStamp_WhenThereIsAnEntryAfterTheTimestamp" computerName="DKSR-EFI-04" duration="00:00:00.0013356" startTime="2023-12-22T09:35:54.5389230+01:00" endTime="2023-12-22T09:35:54.5389230+01:00" testType="13cdc9d9-ddb5-4fa4-a97d-d965ccfc6d4b" outcome="Passed" testListId="8c84fa94-04c1-424b-9868-57a2d4851a1d" relativeResultsDirectory="9f52c1e9-84f5-444c-92b6-9747377bfc82" />
    <UnitTestResult executionId="91e6a309-8488-420d-934e-59d2ddb0ad49" testId="bbf27319-0f4b-5f15-78c4-45a2e840ee02" testName="WriteXml_ShouldWriteNavigationalData_WhenNavigationalDataIsNotNull" computerName="DKSR-EFI-04" duration="00:00:00.0004013" startTime="2023-12-22T09:35:52.3350843+01:00" endTime="2023-12-22T09:35:52.3350843+01:00" testType="13cdc9d9-ddb5-4fa4-a97d-d965ccfc6d4b" outcome="Passed" testListId="8c84fa94-04c1-424b-9868-57a2d4851a1d" relativeResultsDirectory="91e6a309-8488-420d-934e-59d2ddb0ad49" />
    <UnitTestResult executionId="77f2543a-6b6b-4b9e-a6ef-bf9be86e4d33" testId="03f9a419-da0b-13cb-434c-e5eb4d3017d6" testName="GenerateParameters_ShouldWriteNumberOfMetadataDevicesAsMDStream_WhenAlways" computerName="DKSR-EFI-04" duration="00:00:00.0017980" startTime="2023-12-22T09:35:54.4913483+01:00" endTime="2023-12-22T09:35:54.5069710+01:00" testType="13cdc9d9-ddb5-4fa4-a97d-d965ccfc6d4b" outcome="Passed" testListId="8c84fa94-04c1-424b-9868-57a2d4851a1d" relativeResultsDirectory="77f2543a-6b6b-4b9e-a6ef-bf9be86e4d33" />
    <UnitTestResult executionId="c3b72809-afe1-42cf-9c83-5c91e6447ee5" testId="67088a0d-c95d-ee41-8d3c-5924cd7e11e1" testName="ReadXml_ShouldIgnoreUnknownChildren_WhenUnknownChildrenArePresent" computerName="DKSR-EFI-04" duration="00:00:00.0008186" startTime="2023-12-22T09:35:52.8350882+01:00" endTime="2023-12-22T09:35:52.8350882+01:00" testType="13cdc9d9-ddb5-4fa4-a97d-d965ccfc6d4b" outcome="Passed" testListId="8c84fa94-04c1-424b-9868-57a2d4851a1d" relativeResultsDirectory="c3b72809-afe1-42cf-9c83-5c91e6447ee5" />
    <UnitTestResult executionId="82120500-454e-4373-9109-9c226a7cab3c" testId="3a86bace-7c8b-cb31-de17-695019225dec" testName="ProvideValue_ShouldUpdateTargetProperty_WhenDataContextINPCValueChanges" computerName="DKSR-EFI-04" duration="00:00:00.0055081" startTime="2023-12-22T09:35:47.3819354+01:00" endTime="2023-12-22T09:35:47.3819354+01:00" testType="13cdc9d9-ddb5-4fa4-a97d-d965ccfc6d4b" outcome="Passed" testListId="8c84fa94-04c1-424b-9868-57a2d4851a1d" relativeResultsDirectory="82120500-454e-4373-9109-9c226a7cab3c" />
    <UnitTestResult executionId="01209299-0e2e-4348-b159-a65458d24130" testId="da270ab7-6882-db63-f3a0-844c8b4562db" testName="Add_ShouldNotUpdateEndCache_WhenOldEndTimeIsLaterThanAdded" computerName="DKSR-EFI-04" duration="00:00:00.0274124" startTime="2023-12-22T09:35:55.3351022+01:00" endTime="2023-12-22T09:35:55.3663507+01:00" testType="13cdc9d9-ddb5-4fa4-a97d-d965ccfc6d4b" outcome="Passed" testListId="8c84fa94-04c1-424b-9868-57a2d4851a1d" relativeResultsDirectory="01209299-0e2e-4348-b159-a65458d24130" />
    <UnitTestResult executionId="bb7f0195-5b58-4efe-bb3d-911902765125" testId="737a55e3-02b4-11ec-a502-8f24217ffca3" testName="Encrypt_ShouldReturnValueDifferentThanInput" computerName="DKSR-EFI-04" duration="00:00:00.0398753" startTime="2023-12-22T09:35:54.0694698+01:00" endTime="2023-12-22T09:35:54.1007223+01:00" testType="13cdc9d9-ddb5-4fa4-a97d-d965ccfc6d4b" outcome="Passed" testListId="8c84fa94-04c1-424b-9868-57a2d4851a1d" relativeResultsDirectory="bb7f0195-5b58-4efe-bb3d-911902765125" />
    <UnitTestResult executionId="c82acddf-96cc-4d4f-9205-aaed40271dda" testId="9cded436-df00-a929-7b4b-3c1f500b64fe" testName="Ctor_TwoStandardFilters_Success" computerName="DKSR-EFI-04" duration="00:00:00.0022753" startTime="2023-12-22T09:35:50.8975765+01:00" endTime="2023-12-22T09:35:50.8975765+01:00" testType="13cdc9d9-ddb5-4fa4-a97d-d965ccfc6d4b" outcome="Passed" testListId="8c84fa94-04c1-424b-9868-57a2d4851a1d" relativeResultsDirectory="c82acddf-96cc-4d4f-9205-aaed40271dda" />
    <UnitTestResult executionId="06d04027-05c6-4470-813b-19236ebc1338" testId="d63150eb-a494-247f-04af-e8e69519f739" testName="IsEmptyValue_SelectionFilterValue_OneSelection_ReturnsFalse" computerName="DKSR-EFI-04" duration="00:00:00.0005252" startTime="2023-12-22T09:35:49.5694431+01:00" endTime="2023-12-22T09:35:49.5694431+01:00" testType="13cdc9d9-ddb5-4fa4-a97d-d965ccfc6d4b" outcome="Passed" testListId="8c84fa94-04c1-424b-9868-57a2d4851a1d" relativeResultsDirectory="06d04027-05c6-4470-813b-19236ebc1338" />
    <UnitTestResult executionId="df2533a2-6dea-4df5-aee3-bcc6b17a59cc" testId="a831aa49-5e6b-6ed4-4885-992999205a90" testName="GetParent_Success" computerName="DKSR-EFI-04" duration="00:00:00.0115003" startTime="2023-12-22T09:35:21.1786721+01:00" endTime="2023-12-22T09:35:21.1942974+01:00" testType="13cdc9d9-ddb5-4fa4-a97d-d965ccfc6d4b" outcome="Passed" testListId="8c84fa94-04c1-424b-9868-57a2d4851a1d" relativeResultsDirectory="df2533a2-6dea-4df5-aee3-bcc6b17a59cc" />
    <UnitTestResult executionId="90dea4c2-3e1e-4169-a1d0-63d5977e58d3" testId="26609db5-8fe4-7221-64d2-19aa74512834" testName="WriteXml_ShouldWriteShapeElement_WhenShapeIsNotNull" computerName="DKSR-EFI-04" duration="00:00:00.0005544" startTime="2023-12-22T09:35:51.7100799+01:00" endTime="2023-12-22T09:35:51.7100799+01:00" testType="13cdc9d9-ddb5-4fa4-a97d-d965ccfc6d4b" outcome="Passed" testListId="8c84fa94-04c1-424b-9868-57a2d4851a1d" relativeResultsDirectory="90dea4c2-3e1e-4169-a1d0-63d5977e58d3" />
    <UnitTestResult executionId="7c1f0ba0-ac3b-4728-9bc4-d77b32c27ce7" testId="570963dc-5e77-73b9-225e-688120d0deeb" testName="GetBoundingShapesAsync_FirstInvocationCancelled_DelegatedToInternalMethodOnce" computerName="DKSR-EFI-04" duration="00:00:00.0013594" startTime="2023-12-22T09:35:50.1006974+01:00" endTime="2023-12-22T09:35:50.1006974+01:00" testType="13cdc9d9-ddb5-4fa4-a97d-d965ccfc6d4b" outcome="Passed" testListId="8c84fa94-04c1-424b-9868-57a2d4851a1d" relativeResultsDirectory="7c1f0ba0-ac3b-4728-9bc4-d77b32c27ce7" />
    <UnitTestResult executionId="34ccf5f0-98de-4a95-8d21-dd0242343511" testId="ce7e30df-0543-6938-fae8-53fc40762640" testName="GetPopulatedItems_HasChildren_ChildrenAdded" computerName="DKSR-EFI-04" duration="00:00:00.0455113" startTime="2023-12-22T09:35:46.1475509+01:00" endTime="2023-12-22T09:35:46.1944293+01:00" testType="13cdc9d9-ddb5-4fa4-a97d-d965ccfc6d4b" outcome="Passed" testListId="8c84fa94-04c1-424b-9868-57a2d4851a1d" relativeResultsDirectory="34ccf5f0-98de-4a95-8d21-dd0242343511" />
    <UnitTestResult executionId="6dcdd5c8-3a81-42ff-9399-2cc5e95ad6d5" testId="2106ce31-ab6d-dc05-4702-f8a1d8cb40da" testName="GenerateDeviceParameters_ShouldWriteCorrectQuality_WhenQualityIsInRange" computerName="DKSR-EFI-04" duration="00:00:00.0003590" startTime="2023-12-22T09:35:54.3975962+01:00" endTime="2023-12-22T09:35:54.3975962+01:00" testType="13cdc9d9-ddb5-4fa4-a97d-d965ccfc6d4b" outcome="Passed" testListId="8c84fa94-04c1-424b-9868-57a2d4851a1d" relativeResultsDirectory="6dcdd5c8-3a81-42ff-9399-2cc5e95ad6d5" />
    <UnitTestResult executionId="e2aeddb9-3690-40a7-a041-0ddd8dbb37f7" testId="f408475e-6fb9-6a1c-14aa-10ca58ac105c" testName="Parse_Strings" computerName="DKSR-EFI-04" duration="00:00:00.0010380" startTime="2023-12-22T09:35:51.1944521+01:00" endTime="2023-12-22T09:35:51.1944521+01:00" testType="13cdc9d9-ddb5-4fa4-a97d-d965ccfc6d4b" outcome="Passed" testListId="8c84fa94-04c1-424b-9868-57a2d4851a1d" relativeResultsDirectory="e2aeddb9-3690-40a7-a041-0ddd8dbb37f7" />
    <UnitTestResult executionId="1e0c453f-a6d1-4429-8168-a741657e62c7" testId="322a76e2-9465-203a-fa3f-db73d4f489c4" testName="Ctor_OneStandardFilter_Success" computerName="DKSR-EFI-04" duration="00:00:00.0014725" startTime="2023-12-22T09:35:50.8194519+01:00" endTime="2023-12-22T09:35:50.8194519+01:00" testType="13cdc9d9-ddb5-4fa4-a97d-d965ccfc6d4b" outcome="Passed" testListId="8c84fa94-04c1-424b-9868-57a2d4851a1d" relativeResultsDirectory="1e0c453f-a6d1-4429-8168-a741657e62c7" />
    <UnitTestResult executionId="3fa63341-d4aa-4a80-bdde-18d99269eefd" testId="1bbd120c-214c-3ef2-991f-c7ebd3d57ae2" testName="AppendItemPicked_AutoSelect_ItemSelected_EventRaised" computerName="DKSR-EFI-04" duration="00:00:00.0032554" startTime="2023-12-22T09:35:45.6944242+01:00" endTime="2023-12-22T09:35:45.6944242+01:00" testType="13cdc9d9-ddb5-4fa4-a97d-d965ccfc6d4b" outcome="Passed" testListId="8c84fa94-04c1-424b-9868-57a2d4851a1d" relativeResultsDirectory="3fa63341-d4aa-4a80-bdde-18d99269eefd" />
    <UnitTestResult executionId="d472591f-a4e9-475e-a0a6-1ed9cc49ab98" testId="0698a694-c3e3-daa4-3795-9bea8316565b" testName="ReadXml_ShouldLogWarning_WhenCenterOfGravityIsIncomplete" computerName="DKSR-EFI-04" duration="00:00:00.0012472" startTime="2023-12-22T09:35:52.7725858+01:00" endTime="2023-12-22T09:35:52.7725858+01:00" testType="13cdc9d9-ddb5-4fa4-a97d-d965ccfc6d4b" outcome="Passed" testListId="8c84fa94-04c1-424b-9868-57a2d4851a1d" relativeResultsDirectory="d472591f-a4e9-475e-a0a6-1ed9cc49ab98" />
    <UnitTestResult executionId="af479386-d5e6-4e24-80fb-0b86b200d42b" testId="16f93673-833f-5604-541b-fd1cb5d08ba8" testName="Match_Success_SystemType" computerName="DKSR-EFI-04" duration="00:00:00.1807652" startTime="2023-12-22T09:35:53.0069621+01:00" endTime="2023-12-22T09:35:53.1944641+01:00" testType="13cdc9d9-ddb5-4fa4-a97d-d965ccfc6d4b" outcome="Passed" testListId="8c84fa94-04c1-424b-9868-57a2d4851a1d" relativeResultsDirectory="af479386-d5e6-4e24-80fb-0b86b200d42b" />
    <UnitTestResult executionId="2c492ba2-1239-4935-b734-58177b450e8e" testId="16f60887-7ce9-1170-b4ee-a149304874ee" testName="UnloadedEvent_ShouldRemoveProxyManager_WhenRaisedOnFrameworkElement" computerName="DKSR-EFI-04" duration="00:00:00.0057733" startTime="2023-12-22T09:35:49.2881918+01:00" endTime="2023-12-22T09:35:49.3038193+01:00" testType="13cdc9d9-ddb5-4fa4-a97d-d965ccfc6d4b" outcome="Passed" testListId="8c84fa94-04c1-424b-9868-57a2d4851a1d" relativeResultsDirectory="2c492ba2-1239-4935-b734-58177b450e8e" />
    <UnitTestResult executionId="7c27dbd3-4400-4efe-9311-e866198f6514" testId="0e3b0f34-8ab7-ccb2-ed1a-7de6e3e165c5" testName="ClearFilterValues_MultipleValuesPresent_Success" computerName="DKSR-EFI-04" duration="00:00:00.0053654" startTime="2023-12-22T09:35:49.4444434+01:00" endTime="2023-12-22T09:35:49.4600696+01:00" testType="13cdc9d9-ddb5-4fa4-a97d-d965ccfc6d4b" outcome="Passed" testListId="8c84fa94-04c1-424b-9868-57a2d4851a1d" relativeResultsDirectory="7c27dbd3-4400-4efe-9311-e866198f6514" />
    <UnitTestResult executionId="8bfde9f0-46d3-49b8-a55d-a16ca3825fa1" testId="16b9cd71-246d-5b51-e461-fdc7db24fde9" testName="JoinString_When2Levels_Joins" computerName="DKSR-EFI-04" duration="00:00:00.0032196" startTime="2023-12-22T09:35:34.9912412+01:00" endTime="2023-12-22T09:35:34.9912412+01:00" testType="13cdc9d9-ddb5-4fa4-a97d-d965ccfc6d4b" outcome="Passed" testListId="8c84fa94-04c1-424b-9868-57a2d4851a1d" relativeResultsDirectory="8bfde9f0-46d3-49b8-a55d-a16ca3825fa1" />
    <UnitTestResult executionId="43feb7c3-3bd4-4b11-a6f0-55a8e6d21360" testId="13638f31-b7e4-af7e-235e-95a40f773cc3" testName="TestStartSearch_SortOrderSpecified_Success" computerName="DKSR-EFI-04" duration="00:00:00.0035646" startTime="2023-12-22T09:35:49.8663192+01:00" endTime="2023-12-22T09:35:49.8663192+01:00" testType="13cdc9d9-ddb5-4fa4-a97d-d965ccfc6d4b" outcome="Passed" testListId="8c84fa94-04c1-424b-9868-57a2d4851a1d" relativeResultsDirectory="43feb7c3-3bd4-4b11-a6f0-55a8e6d21360" />
    <UnitTestResult executionId="54d87bf2-f44f-4ebe-b577-70e83ad75657" testId="6c5fbe1f-8152-a821-d533-330bed4f5a98" testName="AllAttributesWerePresent_ShouldReturnFalse_WhenTopAttributeIsMissing" computerName="DKSR-EFI-04" duration="00:00:00.0003054" startTime="2023-12-22T09:35:52.6163359+01:00" endTime="2023-12-22T09:35:52.6163359+01:00" testType="13cdc9d9-ddb5-4fa4-a97d-d965ccfc6d4b" outcome="Passed" testListId="8c84fa94-04c1-424b-9868-57a2d4851a1d" relativeResultsDirectory="54d87bf2-f44f-4ebe-b577-70e83ad75657" />
    <UnitTestResult executionId="c017f3f4-05b3-414c-a06b-93c2b2d3b5f6" testId="f5086738-fff1-9285-cf60-e3b17196cf32" testName="ReadXml_ShouldReadNavigationalData_WhenNavigationalDataIsPresent" computerName="DKSR-EFI-04" duration="00:00:00.0017227" startTime="2023-12-22T09:35:52.3038371+01:00" endTime="2023-12-22T09:35:52.3038371+01:00" testType="13cdc9d9-ddb5-4fa4-a97d-d965ccfc6d4b" outcome="Passed" testListId="8c84fa94-04c1-424b-9868-57a2d4851a1d" relativeResultsDirectory="c017f3f4-05b3-414c-a06b-93c2b2d3b5f6" />
    <UnitTestResult executionId="9650c476-21f2-4cf8-8312-6d0992920889" testId="70b285fc-710a-f379-d65f-f5e6f4c70eac" testName="Serialize_TestCases (TestParentTypeMatchInterfaceNotThisTypeMatchedProperty)" computerName="DKSR-EFI-04" duration="00:00:00.0009234" startTime="2023-12-22T09:35:49.1475677+01:00" endTime="2023-12-22T09:35:49.1475677+01:00" testType="13cdc9d9-ddb5-4fa4-a97d-d965ccfc6d4b" outcome="Passed" testListId="8c84fa94-04c1-424b-9868-57a2d4851a1d" relativeResultsDirectory="9650c476-21f2-4cf8-8312-6d0992920889" />
    <UnitTestResult executionId="4b100e6e-1635-4bb9-bfac-2efa27292471" testId="6ec6fd22-7feb-d279-20aa-2b6bde4591a6" testName="Constructor_ShouldThrowArgumentException_WhenTheStartAndEndTimeKindsAreDifferent" computerName="DKSR-EFI-04" duration="00:00:00.0034936" startTime="2023-12-22T09:35:35.0225250+01:00" endTime="2023-12-22T09:35:35.0381170+01:00" testType="13cdc9d9-ddb5-4fa4-a97d-d965ccfc6d4b" outcome="Passed" testListId="8c84fa94-04c1-424b-9868-57a2d4851a1d" relativeResultsDirectory="4b100e6e-1635-4bb9-bfac-2efa27292471" />
    <UnitTestResult executionId="c3e0ca42-43bb-4884-abca-10ce997509b3" testId="3fc54712-5186-4bec-f033-21016fea98fa" testName="TestMultiLevelQueue_ThreeLevels_Success" computerName="DKSR-EFI-04" duration="00:00:00.3247076" startTime="2023-12-22T09:35:36.2724994+01:00" endTime="2023-12-22T09:35:36.6006262+01:00" testType="13cdc9d9-ddb5-4fa4-a97d-d965ccfc6d4b" outcome="Passed" testListId="8c84fa94-04c1-424b-9868-57a2d4851a1d" relativeResultsDirectory="c3e0ca42-43bb-4884-abca-10ce997509b3" />
    <UnitTestResult executionId="e1178cc4-e88d-4188-982a-94ddb1c9cd75" testId="ad2a533e-345f-feb2-e7cb-50434e04ad99" testName="GetNearest_ShouldReturnClosestElement_WhenTimestampIsInLargerCache" computerName="DKSR-EFI-04" duration="00:00:00.0006405" startTime="2023-12-22T09:35:54.6163483+01:00" endTime="2023-12-22T09:35:54.6319722+01:00" testType="13cdc9d9-ddb5-4fa4-a97d-d965ccfc6d4b" outcome="Passed" testListId="8c84fa94-04c1-424b-9868-57a2d4851a1d" relativeResultsDirectory="e1178cc4-e88d-4188-982a-94ddb1c9cd75" />
    <UnitTestResult executionId="5c4176ba-0d27-4c26-b3c1-c4ae0ca4b284" testId="179839b6-b471-f653-0f2c-79b9d0414c3f" testName="ReadXml_ShouldReadScale_WhenScaleIsPresent" computerName="DKSR-EFI-04" duration="00:00:00.0008932" startTime="2023-12-22T09:35:52.8350882+01:00" endTime="2023-12-22T09:35:52.8350882+01:00" testType="13cdc9d9-ddb5-4fa4-a97d-d965ccfc6d4b" outcome="Passed" testListId="8c84fa94-04c1-424b-9868-57a2d4851a1d" relativeResultsDirectory="5c4176ba-0d27-4c26-b3c1-c4ae0ca4b284" />
    <UnitTestResult executionId="6f01a732-b6af-40ca-8435-6d16baa7d3ba" testId="e752bd23-b6f4-f8a1-41d2-4686827d5d3c" testName="ReadXml_ShouldReadLikeliHood_WhenCorrectLikelihoodIsPresent" computerName="DKSR-EFI-04" duration="00:00:00.0003084" startTime="2023-12-22T09:35:51.8350796+01:00" endTime="2023-12-22T09:35:51.8350796+01:00" testType="13cdc9d9-ddb5-4fa4-a97d-d965ccfc6d4b" outcome="Passed" testListId="8c84fa94-04c1-424b-9868-57a2d4851a1d" relativeResultsDirectory="6f01a732-b6af-40ca-8435-6d16baa7d3ba" />
    <UnitTestResult executionId="6a84ae52-be1e-4afe-9b74-085188efefb6" testId="f020995b-abe3-d649-6f42-54b2532be4d9" testName="ReadXml_ShouldSetAllFieldsToDefaultValues_WhenElementIsEmpty" computerName="DKSR-EFI-04" duration="00:00:00.0028868" startTime="2023-12-22T09:35:52.9444627+01:00" endTime="2023-12-22T09:35:52.9444627+01:00" testType="13cdc9d9-ddb5-4fa4-a97d-d965ccfc6d4b" outcome="Passed" testListId="8c84fa94-04c1-424b-9868-57a2d4851a1d" relativeResultsDirectory="6a84ae52-be1e-4afe-9b74-085188efefb6" />
    <UnitTestResult executionId="e0fb8da8-583e-4313-ada7-128d04f34dbb" testId="6ca72b6b-0033-ee05-80aa-21dc1f0119ea" testName="Contains_With_Null_Fails" computerName="DKSR-EFI-04" duration="00:00:00.0002662" startTime="2023-12-22T09:35:21.0849188+01:00" endTime="2023-12-22T09:35:21.0849188+01:00" testType="13cdc9d9-ddb5-4fa4-a97d-d965ccfc6d4b" outcome="Passed" testListId="8c84fa94-04c1-424b-9868-57a2d4851a1d" relativeResultsDirectory="e0fb8da8-583e-4313-ada7-128d04f34dbb" />
    <UnitTestResult executionId="aa09132f-d035-4adf-8415-ef0ed762c43d" testId="e52da296-c08b-e9c0-0216-381a1c8bbd9e" testName="ToJson_ListElement_Exception" computerName="DKSR-EFI-04" duration="00:00:00.0005739" startTime="2023-12-22T09:35:51.2569538+01:00" endTime="2023-12-22T09:35:51.2569538+01:00" testType="13cdc9d9-ddb5-4fa4-a97d-d965ccfc6d4b" outcome="Passed" testListId="8c84fa94-04c1-424b-9868-57a2d4851a1d" relativeResultsDirectory="aa09132f-d035-4adf-8415-ef0ed762c43d" />
    <UnitTestResult executionId="8fd507ae-fc72-425d-ba19-645a2049fd52" testId="146594a1-db48-d7ad-577b-cf76cd9c279b" testName="CreateSearchResultUserControl_SinglePluginMultipleSearchResultTypes_Success" computerName="DKSR-EFI-04" duration="00:00:00.0107329" startTime="2023-12-22T09:35:50.6319498+01:00" endTime="2023-12-22T09:35:50.6319498+01:00" testType="13cdc9d9-ddb5-4fa4-a97d-d965ccfc6d4b" outcome="Passed" testListId="8c84fa94-04c1-424b-9868-57a2d4851a1d" relativeResultsDirectory="8fd507ae-fc72-425d-ba19-645a2049fd52" />
    <UnitTestResult executionId="c77d81c5-cd83-446c-95af-252b57d9b180" testId="dc042fe4-506a-6277-bf5c-9f1d13854fc7" testName="ReadXml_ShouldIgnoreUnknownChildren_WhenUnknownChildrenArePresent" computerName="DKSR-EFI-04" duration="00:00:00.0030592" startTime="2023-12-22T09:35:51.8194578+01:00" endTime="2023-12-22T09:35:51.8194578+01:00" testType="13cdc9d9-ddb5-4fa4-a97d-d965ccfc6d4b" outcome="Passed" testListId="8c84fa94-04c1-424b-9868-57a2d4851a1d" relativeResultsDirectory="c77d81c5-cd83-446c-95af-252b57d9b180" />
    <UnitTestResult executionId="85214462-2325-4592-8087-38c15d55b5b4" testId="22aaf792-b28c-0483-2284-13d7b20de4b8" testName="SearchResultData_WarningText_Success" computerName="DKSR-EFI-04" duration="00:00:00.0003832" startTime="2023-12-22T09:35:50.1475715+01:00" endTime="2023-12-22T09:35:50.1475715+01:00" testType="13cdc9d9-ddb5-4fa4-a97d-d965ccfc6d4b" outcome="Passed" testListId="8c84fa94-04c1-424b-9868-57a2d4851a1d" relativeResultsDirectory="85214462-2325-4592-8087-38c15d55b5b4" />
    <UnitTestResult executionId="d718ad54-3ff9-4f0b-b1a8-041599569c0b" testId="fd3d93a9-265d-ee70-503b-7e4448400893" testName="AllowGroupSelection_MultiSelect_GroupSelected" computerName="DKSR-EFI-04" duration="00:00:00.0009814" startTime="2023-12-22T09:35:45.7100501+01:00" endTime="2023-12-22T09:35:45.7256744+01:00" testType="13cdc9d9-ddb5-4fa4-a97d-d965ccfc6d4b" outcome="Passed" testListId="8c84fa94-04c1-424b-9868-57a2d4851a1d" relativeResultsDirectory="d718ad54-3ff9-4f0b-b1a8-041599569c0b" />
    <UnitTestResult executionId="bb760d6e-c2c2-4289-8695-4f09154cf776" testId="b9255dfa-9628-1fda-ee6f-f5fa66f81e57" testName="GetPrevious_ShouldReturnLastDataEntityFromToolkitCall_WhenDataIsNotInCache" computerName="DKSR-EFI-04" duration="00:00:00.0024768" startTime="2023-12-22T09:35:54.8975966+01:00" endTime="2023-12-22T09:35:54.8975966+01:00" testType="13cdc9d9-ddb5-4fa4-a97d-d965ccfc6d4b" outcome="Passed" testListId="8c84fa94-04c1-424b-9868-57a2d4851a1d" relativeResultsDirectory="bb760d6e-c2c2-4289-8695-4f09154cf776" />
    <UnitTestResult executionId="daf70489-a2ab-459c-8ac9-64e184a4c56c" testId="8c4ac38a-c3bf-bb60-df07-e7bd10fd1112" testName="ConstructWithString_Camera_FieldValues_checked" computerName="DKSR-EFI-04" duration="00:00:00.0041786" startTime="2023-12-22T09:35:20.9286713+01:00" endTime="2023-12-22T09:35:20.9286713+01:00" testType="13cdc9d9-ddb5-4fa4-a97d-d965ccfc6d4b" outcome="Passed" testListId="8c84fa94-04c1-424b-9868-57a2d4851a1d" relativeResultsDirectory="daf70489-a2ab-459c-8ac9-64e184a4c56c" />
    <UnitTestResult executionId="7a6565c6-16d1-4cc5-b254-04933ffe0a59" testId="e060b440-f3f0-8ff1-976f-fddc5cc26f62" testName="Decrypt_ShouldReturnInputAsIs" computerName="DKSR-EFI-04" duration="00:00:00.0003528" startTime="2023-12-22T09:35:53.9600943+01:00" endTime="2023-12-22T09:35:53.9600943+01:00" testType="13cdc9d9-ddb5-4fa4-a97d-d965ccfc6d4b" outcome="Passed" testListId="8c84fa94-04c1-424b-9868-57a2d4851a1d" relativeResultsDirectory="7a6565c6-16d1-4cc5-b254-04933ffe0a59" />
    <UnitTestResult executionId="297ec34e-7218-4916-99e5-6c1fd43ecfd2" testId="98ff53fb-3b47-c43e-4b86-adf2da2fb797" testName="LoadedEvent_ShouldAddProxyManager_WhenFrameworkContentElementIsLoadedAtLaterStage" computerName="DKSR-EFI-04" duration="00:00:00.0029823" startTime="2023-12-22T09:35:49.2881918+01:00" endTime="2023-12-22T09:35:49.2881918+01:00" testType="13cdc9d9-ddb5-4fa4-a97d-d965ccfc6d4b" outcome="Passed" testListId="8c84fa94-04c1-424b-9868-57a2d4851a1d" relativeResultsDirectory="297ec34e-7218-4916-99e5-6c1fd43ecfd2" />
    <UnitTestResult executionId="85136561-2bc9-4f89-a85c-1f6fc9beb3a1" testId="d78ddc2b-307f-bc26-2b15-e79e8f94ce76" testName="ReadXml_ShouldIgnoreRemovedChildren_WhenAlways" computerName="DKSR-EFI-04" duration="00:00:00.0003068" startTime="2023-12-22T09:35:51.7725813+01:00" endTime="2023-12-22T09:35:51.7725813+01:00" testType="13cdc9d9-ddb5-4fa4-a97d-d965ccfc6d4b" outcome="Passed" testListId="8c84fa94-04c1-424b-9868-57a2d4851a1d" relativeResultsDirectory="85136561-2bc9-4f89-a85c-1f6fc9beb3a1" />
    <UnitTestResult executionId="ea440b9e-b707-40b1-a307-18cc440f5dcf" testId="d53b731a-f1cc-f58f-ac8f-3fdcdc3a367b" testName="WriteXml_ShouldWriteScaleContents_WhenScaleIsNotNull" computerName="DKSR-EFI-04" duration="00:00:00.0007133" startTime="2023-12-22T09:35:52.8819620+01:00" endTime="2023-12-22T09:35:52.8819620+01:00" testType="13cdc9d9-ddb5-4fa4-a97d-d965ccfc6d4b" outcome="Passed" testListId="8c84fa94-04c1-424b-9868-57a2d4851a1d" relativeResultsDirectory="ea440b9e-b707-40b1-a307-18cc440f5dcf" />
    <UnitTestResult executionId="30905943-37e3-4937-b813-3c763dc60721" testId="2c2117f3-dae9-4d5e-6fa1-773bd6c20109" testName="Serialize_TestCases (TestParentTypeMatchIntNotThisTypeMatched)" computerName="DKSR-EFI-04" duration="00:00:00.0003086" startTime="2023-12-22T09:35:48.9913216+01:00" endTime="2023-12-22T09:35:48.9913216+01:00" testType="13cdc9d9-ddb5-4fa4-a97d-d965ccfc6d4b" outcome="Passed" testListId="8c84fa94-04c1-424b-9868-57a2d4851a1d" relativeResultsDirectory="30905943-37e3-4937-b813-3c763dc60721" />
    <UnitTestResult executionId="bdebcf25-80a9-4a45-b802-249c2230582a" testId="aa00ee56-82a4-f12d-65e7-778cc997807f" testName="OverlapsWith_ShouldReturnTrue_WhenArgumenStartTimeIsAfterStartTimeAndBeforeEndTime" computerName="DKSR-EFI-04" duration="00:00:00.0003047" startTime="2023-12-22T09:35:35.0381170+01:00" endTime="2023-12-22T09:35:35.0381170+01:00" testType="13cdc9d9-ddb5-4fa4-a97d-d965ccfc6d4b" outcome="Passed" testListId="8c84fa94-04c1-424b-9868-57a2d4851a1d" relativeResultsDirectory="bdebcf25-80a9-4a45-b802-249c2230582a" />
    <UnitTestResult executionId="81e22dd5-8c7f-4b8b-989e-5563593e0250" testId="b147c839-1adf-f8ae-0b25-dc9dcffe119b" testName="EqualGuids_Ignore_Fail_OnKind" computerName="DKSR-EFI-04" duration="00:00:00.0004216" startTime="2023-12-22T09:35:21.1474216+01:00" endTime="2023-12-22T09:35:21.1474216+01:00" testType="13cdc9d9-ddb5-4fa4-a97d-d965ccfc6d4b" outcome="Passed" testListId="8c84fa94-04c1-424b-9868-57a2d4851a1d" relativeResultsDirectory="81e22dd5-8c7f-4b8b-989e-5563593e0250" />
    <UnitTestResult executionId="b6bfd532-cc27-4b68-bb3a-bfb807d80a9c" testId="ba5d0a4c-06cb-f46b-47c1-8da0bac9ec51" testName="WriteXml_ShouldWriteElementsInCorrectOrder_WhenThereAreElements" computerName="DKSR-EFI-04" duration="00:00:00.0042122" startTime="2023-12-22T09:35:51.6944570+01:00" endTime="2023-12-22T09:35:51.6944570+01:00" testType="13cdc9d9-ddb5-4fa4-a97d-d965ccfc6d4b" outcome="Passed" testListId="8c84fa94-04c1-424b-9868-57a2d4851a1d" relativeResultsDirectory="b6bfd532-cc27-4b68-bb3a-bfb807d80a9c" />
    <UnitTestResult executionId="167cb474-1637-4bb2-96c9-9c84a73725b2" testId="0e72e474-7df2-3dd5-7160-b0a32b2afdd9" testName="Equals_Fail_OnParentId" computerName="DKSR-EFI-04" duration="00:00:00.0004464" startTime="2023-12-22T09:35:21.1161715+01:00" endTime="2023-12-22T09:35:21.1161715+01:00" testType="13cdc9d9-ddb5-4fa4-a97d-d965ccfc6d4b" outcome="Passed" testListId="8c84fa94-04c1-424b-9868-57a2d4851a1d" relativeResultsDirectory="167cb474-1637-4bb2-96c9-9c84a73725b2" />
    <UnitTestResult executionId="501f8f88-fd8d-46ab-b109-81893fa6f40e" testId="7b3048fa-a67c-dc66-afa0-4a605a32dbf4" testName="GetBoundingShapesAsync_SingleInvocation_DelegatedToInternalMethod" computerName="DKSR-EFI-04" duration="00:00:00.0071307" startTime="2023-12-22T09:35:50.0850708+01:00" endTime="2023-12-22T09:35:50.1006974+01:00" testType="13cdc9d9-ddb5-4fa4-a97d-d965ccfc6d4b" outcome="Passed" testListId="8c84fa94-04c1-424b-9868-57a2d4851a1d" relativeResultsDirectory="501f8f88-fd8d-46ab-b109-81893fa6f40e" />
    <UnitTestResult executionId="87841de4-09bf-451e-b63d-3d07b91c053c" testId="b82f6040-62f7-3594-e125-274383902f8c" testName="GetChildrenSorted_And_Check" computerName="DKSR-EFI-04" duration="00:00:00.0936366" startTime="2023-12-22T09:35:21.7724266+01:00" endTime="2023-12-22T09:35:21.8661756+01:00" testType="13cdc9d9-ddb5-4fa4-a97d-d965ccfc6d4b" outcome="Passed" testListId="8c84fa94-04c1-424b-9868-57a2d4851a1d" relativeResultsDirectory="87841de4-09bf-451e-b63d-3d07b91c053c" />
    <UnitTestResult executionId="63e8b19c-9848-49ef-809c-8d84a587f9e3" testId="7e3c3908-f70c-8d41-e8fe-866ddfe5a4bc" testName="CreateSearchFilterEditControl_MultiplePlugins_Success" computerName="DKSR-EFI-04" duration="00:00:00.0149956" startTime="2023-12-22T09:35:50.6007155+01:00" endTime="2023-12-22T09:35:50.6163257+01:00" testType="13cdc9d9-ddb5-4fa4-a97d-d965ccfc6d4b" outcome="Passed" testListId="8c84fa94-04c1-424b-9868-57a2d4851a1d" relativeResultsDirectory="63e8b19c-9848-49ef-809c-8d84a587f9e3" />
    <UnitTestResult executionId="28949bdb-57ea-47ba-8e29-c805926891f0" testId="159cae7e-f986-2bd9-0bdf-d56bffd649d4" testName="ReadyToCloseEvent_CancelCommand_MultiSelect_Thrown" computerName="DKSR-EFI-04" duration="00:00:00.0003971" startTime="2023-12-22T09:35:45.7569231+01:00" endTime="2023-12-22T09:35:45.7569231+01:00" testType="13cdc9d9-ddb5-4fa4-a97d-d965ccfc6d4b" outcome="Passed" testListId="8c84fa94-04c1-424b-9868-57a2d4851a1d" relativeResultsDirectory="28949bdb-57ea-47ba-8e29-c805926891f0" />
    <UnitTestResult executionId="65f4007b-80bf-4a9c-b3a8-2065ded202f9" testId="6ce95987-243b-a23d-9b97-d2e2f2ba466c" testName="ProvideValue_ShouldUseContentTemplateFromTabControl_WhenItemContentTemplateIsCleared" computerName="DKSR-EFI-04" duration="00:00:00.0034582" startTime="2023-12-22T09:35:47.3350582+01:00" endTime="2023-12-22T09:35:47.3350582+01:00" testType="13cdc9d9-ddb5-4fa4-a97d-d965ccfc6d4b" outcome="Passed" testListId="8c84fa94-04c1-424b-9868-57a2d4851a1d" relativeResultsDirectory="65f4007b-80bf-4a9c-b3a8-2065ded202f9" />
    <UnitTestResult executionId="8306d900-edd3-4168-9cff-e5075060f314" testId="f7a1083e-5a21-1e01-c13b-18623a6702d9" testName="ReadXml_ShouldReadDescription_WhenDescriptionIsPresent" computerName="DKSR-EFI-04" duration="00:00:00.0037660" startTime="2023-12-22T09:35:51.6632050+01:00" endTime="2023-12-22T09:35:51.6788298+01:00" testType="13cdc9d9-ddb5-4fa4-a97d-d965ccfc6d4b" outcome="Passed" testListId="8c84fa94-04c1-424b-9868-57a2d4851a1d" relativeResultsDirectory="8306d900-edd3-4168-9cff-e5075060f314" />
    <UnitTestResult executionId="c0769bf7-e8cf-4190-a073-bfeed0452aa1" testId="736d2983-eeff-1045-0cd2-2e53a996df06" testName="Ctor_OneStandardFilter_Success" computerName="DKSR-EFI-04" duration="00:00:00.0053007" startTime="2023-12-22T09:35:50.8975765+01:00" endTime="2023-12-22T09:35:50.8975765+01:00" testType="13cdc9d9-ddb5-4fa4-a97d-d965ccfc6d4b" outcome="Passed" testListId="8c84fa94-04c1-424b-9868-57a2d4851a1d" relativeResultsDirectory="c0769bf7-e8cf-4190-a073-bfeed0452aa1" />
    <UnitTestResult executionId="4982c4ed-0d34-424f-9993-8bd953e9953b" testId="0f368352-c3d8-02d3-f3d9-f0e643bc2ed7" testName="Serialize_TestCases (TestParentTypeMatchGenericNotThisTypeMatched)" computerName="DKSR-EFI-04" duration="00:00:00.0036386" startTime="2023-12-22T09:35:49.1788189+01:00" endTime="2023-12-22T09:35:49.1788189+01:00" testType="13cdc9d9-ddb5-4fa4-a97d-d965ccfc6d4b" outcome="Passed" testListId="8c84fa94-04c1-424b-9868-57a2d4851a1d" relativeResultsDirectory="4982c4ed-0d34-424f-9993-8bd953e9953b" />
    <UnitTestResult executionId="1d07b214-6d4f-4c41-b72f-27c17780574d" testId="b393858d-872b-e354-eb53-3b8e5bbfc7bb" testName="Parse_String_WithBlankChars" computerName="DKSR-EFI-04" duration="00:00:00.0003044" startTime="2023-12-22T09:35:51.1788287+01:00" endTime="2023-12-22T09:35:51.1944521+01:00" testType="13cdc9d9-ddb5-4fa4-a97d-d965ccfc6d4b" outcome="Passed" testListId="8c84fa94-04c1-424b-9868-57a2d4851a1d" relativeResultsDirectory="1d07b214-6d4f-4c41-b72f-27c17780574d" />
    <UnitTestResult executionId="8c5a435b-1346-47e7-bc3c-34eb1e10ab2a" testId="c3c83a0c-a46d-bf4c-a733-65c34582027c" testName="ReadXml_ShouldLogWarning_WhenLikelihoodIsNotPresent" computerName="DKSR-EFI-04" duration="00:00:00.0013111" startTime="2023-12-22T09:35:51.8507071+01:00" endTime="2023-12-22T09:35:51.8507071+01:00" testType="13cdc9d9-ddb5-4fa4-a97d-d965ccfc6d4b" outcome="Passed" testListId="8c84fa94-04c1-424b-9868-57a2d4851a1d" relativeResultsDirectory="8c5a435b-1346-47e7-bc3c-34eb1e10ab2a" />
    <UnitTestResult executionId="3e23be10-6851-421b-a3b0-53188fb0ebff" testId="c1dba330-ca0d-dce5-8eda-7974894f22ca" testName="GetCompatibilityHandler_ShouldThrownMIPException_WhenServerVersionCannotBeResolved" computerName="DKSR-EFI-04" duration="00:00:00.0023393" startTime="2023-12-22T09:35:53.9913425+01:00" endTime="2023-12-22T09:35:53.9913425+01:00" testType="13cdc9d9-ddb5-4fa4-a97d-d965ccfc6d4b" outcome="Passed" testListId="8c84fa94-04c1-424b-9868-57a2d4851a1d" relativeResultsDirectory="3e23be10-6851-421b-a3b0-53188fb0ebff" />
    <UnitTestResult executionId="f3672527-8ccb-4b34-9a06-99e80be402c6" testId="ddb2b30a-7c8f-3eac-d6a3-efc6f41e2e1f" testName="Remove_QueueStopping_Success" computerName="DKSR-EFI-04" duration="00:00:00.0002694" startTime="2023-12-22T09:35:35.2099955+01:00" endTime="2023-12-22T09:35:35.2099955+01:00" testType="13cdc9d9-ddb5-4fa4-a97d-d965ccfc6d4b" outcome="Passed" testListId="8c84fa94-04c1-424b-9868-57a2d4851a1d" relativeResultsDirectory="f3672527-8ccb-4b34-9a06-99e80be402c6" />
    <UnitTestResult executionId="c8e966ad-cc04-4285-a412-f9fc5f9d729c" testId="44388fe8-f4d9-9727-56d6-63d8a6beeb9b" testName="Set_Int_On_String" computerName="DKSR-EFI-04" duration="00:00:00.0001972" startTime="2023-12-22T09:35:51.2100773+01:00" endTime="2023-12-22T09:35:51.2100773+01:00" testType="13cdc9d9-ddb5-4fa4-a97d-d965ccfc6d4b" outcome="Passed" testListId="8c84fa94-04c1-424b-9868-57a2d4851a1d" relativeResultsDirectory="c8e966ad-cc04-4285-a412-f9fc5f9d729c" />
    <UnitTestResult executionId="4ed4e9c5-2790-4d92-94be-a87d187b26d0" testId="c639d279-f201-87fa-87e4-d4046a905790" testName="Contains_CameraObjectId_Checked" computerName="DKSR-EFI-04" duration="00:00:00.0003211" startTime="2023-12-22T09:35:21.0692949+01:00" endTime="2023-12-22T09:35:21.0692949+01:00" testType="13cdc9d9-ddb5-4fa4-a97d-d965ccfc6d4b" outcome="Passed" testListId="8c84fa94-04c1-424b-9868-57a2d4851a1d" relativeResultsDirectory="4ed4e9c5-2790-4d92-94be-a87d187b26d0" />
    <UnitTestResult executionId="40353444-4464-4818-9ec8-6691c64e95fd" testId="77b4115c-9698-8872-1259-5ceebb1db073" testName="IconOverlay_Success" computerName="DKSR-EFI-04" duration="00:00:00.0150452" startTime="2023-12-22T09:35:21.9755658+01:00" endTime="2023-12-22T09:35:21.9911758+01:00" testType="13cdc9d9-ddb5-4fa4-a97d-d965ccfc6d4b" outcome="Passed" testListId="8c84fa94-04c1-424b-9868-57a2d4851a1d" relativeResultsDirectory="40353444-4464-4818-9ec8-6691c64e95fd" />
    <UnitTestResult executionId="1df45221-b0c2-4e8c-bf93-a720bb92d371" testId="bef51588-d886-f6e3-fdda-95da2278aacb" testName="ToArgbString_ShouldReturnStringWithLeadingHashAndHexString_Always" computerName="DKSR-EFI-04" duration="00:00:00.0006091" startTime="2023-12-22T09:35:51.9132083+01:00" endTime="2023-12-22T09:35:51.9132083+01:00" testType="13cdc9d9-ddb5-4fa4-a97d-d965ccfc6d4b" outcome="Passed" testListId="8c84fa94-04c1-424b-9868-57a2d4851a1d" relativeResultsDirectory="1df45221-b0c2-4e8c-bf93-a720bb92d371" />
    <UnitTestResult executionId="0b9878de-f617-4864-a91b-0f4c321ce6d3" testId="b0ea56fc-56fe-34ff-f18f-05cf3640650e" testName="RemoveFilterValue_UnknownFilter_DoesNothing" computerName="DKSR-EFI-04" duration="00:00:00.0008520" startTime="2023-12-22T09:35:49.4288223+01:00" endTime="2023-12-22T09:35:49.4288223+01:00" testType="13cdc9d9-ddb5-4fa4-a97d-d965ccfc6d4b" outcome="Passed" testListId="8c84fa94-04c1-424b-9868-57a2d4851a1d" relativeResultsDirectory="0b9878de-f617-4864-a91b-0f4c321ce6d3" />
    <UnitTestResult executionId="5906076b-953d-497c-bc03-00d44957138b" testId="ad28a529-3946-ad0b-47a4-a29f47a70b12" testName="ResolveIconSource_ShouldResolveIcon_ForAllDefinedIcons" computerName="DKSR-EFI-04" duration="00:00:00.1176355" startTime="2023-12-22T09:35:47.4600602+01:00" endTime="2023-12-22T09:35:47.5850581+01:00" testType="13cdc9d9-ddb5-4fa4-a97d-d965ccfc6d4b" outcome="Passed" testListId="8c84fa94-04c1-424b-9868-57a2d4851a1d" relativeResultsDirectory="5906076b-953d-497c-bc03-00d44957138b" />
    <UnitTestResult executionId="aa97d125-30dd-4efe-af33-80facbe089e5" testId="134110e6-fb08-89b6-f21b-257fe054fa49" testName="GetNext_ShouldReturnNull_WhenCallToFindCacheEntryBeforeReturnedNull" computerName="DKSR-EFI-04" duration="00:00:00.0005085" startTime="2023-12-22T09:35:54.6007223+01:00" endTime="2023-12-22T09:35:54.6007223+01:00" testType="13cdc9d9-ddb5-4fa4-a97d-d965ccfc6d4b" outcome="Passed" testListId="8c84fa94-04c1-424b-9868-57a2d4851a1d" relativeResultsDirectory="aa97d125-30dd-4efe-af33-80facbe089e5" />
    <UnitTestResult executionId="89536c03-bae4-403b-876c-66b7ba8a641c" testId="61995c8a-35dd-f2df-f559-b60cb8f54a82" testName="Append_Element_String" computerName="DKSR-EFI-04" duration="00:00:00.0001508" startTime="2023-12-22T09:35:51.0069515+01:00" endTime="2023-12-22T09:35:51.0069515+01:00" testType="13cdc9d9-ddb5-4fa4-a97d-d965ccfc6d4b" outcome="Passed" testListId="8c84fa94-04c1-424b-9868-57a2d4851a1d" relativeResultsDirectory="89536c03-bae4-403b-876c-66b7ba8a641c" />
    <UnitTestResult executionId="17c61f8c-7fbc-4250-a408-775b4ac5c658" testId="f6984f1a-4523-b1ef-118a-5c1d7f7ca1aa" testName="GetIdFromPath_ShouldReturnEmptyString_WhenPathContainsEmptyId" computerName="DKSR-EFI-04" duration="00:00:00.0003203" startTime="2023-12-22T09:35:55.1632367+01:00" endTime="2023-12-22T09:35:55.1632367+01:00" testType="13cdc9d9-ddb5-4fa4-a97d-d965ccfc6d4b" outcome="Passed" testListId="8c84fa94-04c1-424b-9868-57a2d4851a1d" relativeResultsDirectory="17c61f8c-7fbc-4250-a408-775b4ac5c658" />
    <UnitTestResult executionId="02d728a3-5773-4060-a90b-8c92b516abfc" testId="f85011e7-aedc-f16d-4ec9-583569d1a8dd" testName="Enabled_Properties_With_Enable_False_success" computerName="DKSR-EFI-04" duration="00:00:00.0120879" startTime="2023-12-22T09:35:22.7880585+01:00" endTime="2023-12-22T09:35:22.8036798+01:00" testType="13cdc9d9-ddb5-4fa4-a97d-d965ccfc6d4b" outcome="Passed" testListId="8c84fa94-04c1-424b-9868-57a2d4851a1d" relativeResultsDirectory="02d728a3-5773-4060-a90b-8c92b516abfc" />
    <UnitTestResult executionId="9f679852-7d81-4e8a-8599-c64464653c38" testId="474f4123-c4f0-ed71-e9ae-2089a5b45084" testName="Convert_MultiArgumentConverter_ShouldAllowNullValue_WhenArgumentIsReferenceType" computerName="DKSR-EFI-04" duration="00:00:00.0005001" startTime="2023-12-22T09:35:46.5381789+01:00" endTime="2023-12-22T09:35:46.5381789+01:00" testType="13cdc9d9-ddb5-4fa4-a97d-d965ccfc6d4b" outcome="Passed" testListId="8c84fa94-04c1-424b-9868-57a2d4851a1d" relativeResultsDirectory="9f679852-7d81-4e8a-8599-c64464653c38" />
    <UnitTestResult executionId="6241e6fe-2e4c-496d-8c10-f8b88cf97212" testId="f3d705dd-7bc5-3c67-615c-4a5792f645ee" testName="Serialize_ShouldHandleSelfReferencingWithCollection" computerName="DKSR-EFI-04" duration="00:00:00.0033830" startTime="2023-12-22T09:35:48.6319388+01:00" endTime="2023-12-22T09:35:48.6319388+01:00" testType="13cdc9d9-ddb5-4fa4-a97d-d965ccfc6d4b" outcome="Passed" testListId="8c84fa94-04c1-424b-9868-57a2d4851a1d" relativeResultsDirectory="6241e6fe-2e4c-496d-8c10-f8b88cf97212" />
    <UnitTestResult executionId="228df39c-5816-4288-8858-67f3505d5f26" testId="7c55a314-e50c-cf7f-eb2f-1d2ce3940e80" testName="GetPrevious_ShouldReturnNull_WhenFirstEntryWasCalled" computerName="DKSR-EFI-04" duration="00:00:00.0004790" startTime="2023-12-22T09:35:54.5694717+01:00" endTime="2023-12-22T09:35:54.5694717+01:00" testType="13cdc9d9-ddb5-4fa4-a97d-d965ccfc6d4b" outcome="Passed" testListId="8c84fa94-04c1-424b-9868-57a2d4851a1d" relativeResultsDirectory="228df39c-5816-4288-8858-67f3505d5f26" />
    <UnitTestResult executionId="0154b5c4-8f8a-4b05-834d-288b41fe18ac" testId="f8ca46c0-8edb-350c-aedc-71898e183163" testName="RemoveItem_AnalyticsEvent_Fail" computerName="DKSR-EFI-04" duration="00:00:00.0015683" startTime="2023-12-22T09:35:51.5069536+01:00" endTime="2023-12-22T09:35:51.5069536+01:00" testType="13cdc9d9-ddb5-4fa4-a97d-d965ccfc6d4b" outcome="Passed" testListId="8c84fa94-04c1-424b-9868-57a2d4851a1d" relativeResultsDirectory="0154b5c4-8f8a-4b05-834d-288b41fe18ac" />
    <UnitTestResult executionId="5c51f2bd-deb3-4017-8c81-3406100d2f07" testId="88aa33f2-80ef-ffeb-281e-b6e341b95ce9" testName="Serialize_Deserialize_WithSpecialChars" computerName="DKSR-EFI-04" duration="00:00:00.0368781" startTime="2023-12-22T09:35:22.6474303+01:00" endTime="2023-12-22T09:35:22.6943034+01:00" testType="13cdc9d9-ddb5-4fa4-a97d-d965ccfc6d4b" outcome="Passed" testListId="8c84fa94-04c1-424b-9868-57a2d4851a1d" relativeResultsDirectory="5c51f2bd-deb3-4017-8c81-3406100d2f07" />
    <UnitTestResult executionId="7127d061-df1b-49bf-b782-5c4ca6a6c98f" testId="4616a099-62a3-ac2b-8f4b-108aba4d58b6" testName="Serialize_TestCases (TestParentTypeMatchStructNotThisTypeMatchedProperty)" computerName="DKSR-EFI-04" duration="00:00:00.0008406" startTime="2023-12-22T09:35:49.0538205+01:00" endTime="2023-12-22T09:35:49.0538205+01:00" testType="13cdc9d9-ddb5-4fa4-a97d-d965ccfc6d4b" outcome="Passed" testListId="8c84fa94-04c1-424b-9868-57a2d4851a1d" relativeResultsDirectory="7127d061-df1b-49bf-b782-5c4ca6a6c98f" />
    <UnitTestResult executionId="c1905a37-189b-48ee-89ee-e75597624231" testId="4734c94a-3fa1-230a-c6b6-be41d0a9e285" testName="Serialize_TestCases (TestParentTypeMatchInterfaceThisTypeMatchedProperty)" computerName="DKSR-EFI-04" duration="00:00:00.0008541" startTime="2023-12-22T09:35:49.1319423+01:00" endTime="2023-12-22T09:35:49.1319423+01:00" testType="13cdc9d9-ddb5-4fa4-a97d-d965ccfc6d4b" outcome="Passed" testListId="8c84fa94-04c1-424b-9868-57a2d4851a1d" relativeResultsDirectory="c1905a37-189b-48ee-89ee-e75597624231" />
    <UnitTestResult executionId="c7987eb6-413e-4b77-8d04-5766caf5ac2b" testId="d024cbbc-cd6e-1273-02ea-1e58d1fbe142" testName="Match_Fail_NullType_WrongType_Single" computerName="DKSR-EFI-04" duration="00:00:00.0004021" startTime="2023-12-22T09:35:53.2100910+01:00" endTime="2023-12-22T09:35:53.2257139+01:00" testType="13cdc9d9-ddb5-4fa4-a97d-d965ccfc6d4b" outcome="Passed" testListId="8c84fa94-04c1-424b-9868-57a2d4851a1d" relativeResultsDirectory="c7987eb6-413e-4b77-8d04-5766caf5ac2b" />
    <UnitTestResult executionId="0f24deab-a1d2-4564-b062-f83ab0e5c55f" testId="ca034712-fc2a-7f2e-fe84-ae45e3bb76cf" testName="GetWithDateTime_ShouldReturnEntryAtOrBefore_WhenDataIsInCache" computerName="DKSR-EFI-04" duration="00:00:00.0024715" startTime="2023-12-22T09:35:54.9757226+01:00" endTime="2023-12-22T09:35:54.9757226+01:00" testType="13cdc9d9-ddb5-4fa4-a97d-d965ccfc6d4b" outcome="Passed" testListId="8c84fa94-04c1-424b-9868-57a2d4851a1d" relativeResultsDirectory="0f24deab-a1d2-4564-b062-f83ab0e5c55f" />
    <UnitTestResult executionId="e8050556-f052-4c58-bb15-ded296e64407" testId="500146c2-0fce-a8b0-1f53-7fbec0f9bacd" testName="Serialize_ShouldHandleSelfReferencing" computerName="DKSR-EFI-04" duration="00:00:00.0031207" startTime="2023-12-22T09:35:48.6319388+01:00" endTime="2023-12-22T09:35:48.6319388+01:00" testType="13cdc9d9-ddb5-4fa4-a97d-d965ccfc6d4b" outcome="Passed" testListId="8c84fa94-04c1-424b-9868-57a2d4851a1d" relativeResultsDirectory="e8050556-f052-4c58-bb15-ded296e64407" />
    <UnitTestResult executionId="fa71dec8-01d1-4e25-9c3a-da5b3b5d52bb" testId="22017572-0e55-4eb6-a8f5-ed8333ee82e7" testName="GetAllFrames_ShouldReturnFramesFromAllVideoAnalytcs_WhenThereAreSeveralVideoAnalytics" computerName="DKSR-EFI-04" duration="00:00:00.0119557" startTime="2023-12-22T09:35:52.3663360+01:00" endTime="2023-12-22T09:35:52.3663360+01:00" testType="13cdc9d9-ddb5-4fa4-a97d-d965ccfc6d4b" outcome="Passed" testListId="8c84fa94-04c1-424b-9868-57a2d4851a1d" relativeResultsDirectory="fa71dec8-01d1-4e25-9c3a-da5b3b5d52bb" />
    <UnitTestResult executionId="1237cfb1-c68b-439f-a384-dbcc950f5c2d" testId="cd0e928a-8fb2-a8c8-3e57-58d7e6ebe361" testName="ReadXml_ShouldReadYAttribute_WhenPresent" computerName="DKSR-EFI-04" duration="00:00:00.0002741" startTime="2023-12-22T09:35:51.9444583+01:00" endTime="2023-12-22T09:35:51.9444583+01:00" testType="13cdc9d9-ddb5-4fa4-a97d-d965ccfc6d4b" outcome="Passed" testListId="8c84fa94-04c1-424b-9868-57a2d4851a1d" relativeResultsDirectory="1237cfb1-c68b-439f-a384-dbcc950f5c2d" />
    <UnitTestResult executionId="75b3cd7d-457f-44db-8239-68302e6c2721" testId="803ac96c-ceaf-813a-623a-bb8007ba13fb" testName="GetNearest_ShouldReturnNull_WhenTimestampIsAfterLastElement" computerName="DKSR-EFI-04" duration="00:00:00.0004749" startTime="2023-12-22T09:35:54.6163483+01:00" endTime="2023-12-22T09:35:54.6163483+01:00" testType="13cdc9d9-ddb5-4fa4-a97d-d965ccfc6d4b" outcome="Passed" testListId="8c84fa94-04c1-424b-9868-57a2d4851a1d" relativeResultsDirectory="75b3cd7d-457f-44db-8239-68302e6c2721" />
    <UnitTestResult executionId="c7e9939c-1bbd-4064-b220-bcfbca140ab8" testId="dacce14d-9756-2798-fd98-fb15b8b3c6f4" testName="Construct1_And_Field_Check" computerName="DKSR-EFI-04" duration="00:00:00.1412265" startTime="2023-12-22T09:35:21.1942974+01:00" endTime="2023-12-22T09:35:21.3349218+01:00" testType="13cdc9d9-ddb5-4fa4-a97d-d965ccfc6d4b" outcome="Passed" testListId="8c84fa94-04c1-424b-9868-57a2d4851a1d" relativeResultsDirectory="c7e9939c-1bbd-4064-b220-bcfbca140ab8" />
    <UnitTestResult executionId="fd0869da-2435-4478-b971-5094b73ecb54" testId="fcaf83e0-32f7-634e-130d-abc796d2af06" testName="WriteAppearanceExtenstionXml_ShouldWriteAllExtensions_WhenAllArePresent" computerName="DKSR-EFI-04" duration="00:00:00.0004657" startTime="2023-12-22T09:35:52.6944624+01:00" endTime="2023-12-22T09:35:52.6944624+01:00" testType="13cdc9d9-ddb5-4fa4-a97d-d965ccfc6d4b" outcome="Passed" testListId="8c84fa94-04c1-424b-9868-57a2d4851a1d" relativeResultsDirectory="fd0869da-2435-4478-b971-5094b73ecb54" />
    <UnitTestResult executionId="144e51c9-3d8c-467d-92c5-7a510dc60843" testId="7ff37c2f-1947-5bfd-5301-306c5eae35b9" testName="TestMultiLevelQueue_LevelIdentifierThrowsException_QueueSurvives" computerName="DKSR-EFI-04" duration="00:00:00.3103828" startTime="2023-12-22T09:35:41.3039178+01:00" endTime="2023-12-22T09:35:41.6162830+01:00" testType="13cdc9d9-ddb5-4fa4-a97d-d965ccfc6d4b" outcome="Passed" testListId="8c84fa94-04c1-424b-9868-57a2d4851a1d" relativeResultsDirectory="144e51c9-3d8c-467d-92c5-7a510dc60843" />
    <UnitTestResult executionId="770c1332-7f9c-49f1-b1e6-8b228f9eb975" testId="81dd526f-aa99-4632-ea5a-436981f22beb" testName="Serialize_TestCases (TestParentTypeMatchEnumNotThisTypeMatched)" computerName="DKSR-EFI-04" duration="00:00:00.0003441" startTime="2023-12-22T09:35:49.0381952+01:00" endTime="2023-12-22T09:35:49.0381952+01:00" testType="13cdc9d9-ddb5-4fa4-a97d-d965ccfc6d4b" outcome="Passed" testListId="8c84fa94-04c1-424b-9868-57a2d4851a1d" relativeResultsDirectory="770c1332-7f9c-49f1-b1e6-8b228f9eb975" />
    <UnitTestResult executionId="6c53a60d-3c26-400f-be6d-39046b4854eb" testId="3ccfced6-2d87-0092-817f-624478d6bd44" testName="GetNext_ShouldReturnNull_WhenCacheIsEmpty" computerName="DKSR-EFI-04" duration="00:00:00.0002129" startTime="2023-12-22T09:35:54.5850976+01:00" endTime="2023-12-22T09:35:54.5850976+01:00" testType="13cdc9d9-ddb5-4fa4-a97d-d965ccfc6d4b" outcome="Passed" testListId="8c84fa94-04c1-424b-9868-57a2d4851a1d" relativeResultsDirectory="6c53a60d-3c26-400f-be6d-39046b4854eb" />
    <UnitTestResult executionId="f2bee5bc-45c2-4bb9-9e64-515fbd179ffb" testId="023f7f43-765e-9b8d-a4fb-66ae949e5c24" testName="Clear_ShouldInvokeCallback_WhenObservable" computerName="DKSR-EFI-04" duration="00:00:00.0010492" startTime="2023-12-22T09:35:46.6944299+01:00" endTime="2023-12-22T09:35:46.6944299+01:00" testType="13cdc9d9-ddb5-4fa4-a97d-d965ccfc6d4b" outcome="Passed" testListId="8c84fa94-04c1-424b-9868-57a2d4851a1d" relativeResultsDirectory="f2bee5bc-45c2-4bb9-9e64-515fbd179ffb" />
    <UnitTestResult executionId="413c2dfe-02aa-44e0-ad0a-79b49180acfc" testId="11d54d6f-5da0-f133-d7de-6f5044962e90" testName="Append_Property_PathList" computerName="DKSR-EFI-04" duration="00:00:00.0013022" startTime="2023-12-22T09:35:51.0850765+01:00" endTime="2023-12-22T09:35:51.0850765+01:00" testType="13cdc9d9-ddb5-4fa4-a97d-d965ccfc6d4b" outcome="Passed" testListId="8c84fa94-04c1-424b-9868-57a2d4851a1d" relativeResultsDirectory="413c2dfe-02aa-44e0-ad0a-79b49180acfc" />
    <UnitTestResult executionId="1f6cfec1-9d29-4ef7-b4c9-dd87d9d89f52" testId="310968d1-fc55-32d1-9bf4-640cd6ac6c2c" testName="CountByCounter_Activated_Expired" computerName="DKSR-EFI-04" duration="00:00:00.0007878" startTime="2023-12-22T09:35:54.1788471+01:00" endTime="2023-12-22T09:35:54.1788471+01:00" testType="13cdc9d9-ddb5-4fa4-a97d-d965ccfc6d4b" outcome="Passed" testListId="8c84fa94-04c1-424b-9868-57a2d4851a1d" relativeResultsDirectory="1f6cfec1-9d29-4ef7-b4c9-dd87d9d89f52" />
    <UnitTestResult executionId="e31b886e-0f6f-413f-9dda-09f55eeeb983" testId="3a8ca70f-603d-9529-0058-2e57757ce284" testName="WriteXml_ShouldWriteVideoAnalyticsContents_WhenVideoAnalyticsItemIsWritten" computerName="DKSR-EFI-04" duration="00:00:00.0011921" startTime="2023-12-22T09:35:52.3507086+01:00" endTime="2023-12-22T09:35:52.3507086+01:00" testType="13cdc9d9-ddb5-4fa4-a97d-d965ccfc6d4b" outcome="Passed" testListId="8c84fa94-04c1-424b-9868-57a2d4851a1d" relativeResultsDirectory="e31b886e-0f6f-413f-9dda-09f55eeeb983" />
    <UnitTestResult executionId="f2a40223-e6c7-4899-b659-9a2770e61fcb" testId="22940ce1-f9a1-0a34-055d-4f72c4c54fbb" testName="SelectionFilterValue_Deserialize_Success" computerName="DKSR-EFI-04" duration="00:00:00.0022064" startTime="2023-12-22T09:35:50.6788247+01:00" endTime="2023-12-22T09:35:50.6788247+01:00" testType="13cdc9d9-ddb5-4fa4-a97d-d965ccfc6d4b" outcome="Passed" testListId="8c84fa94-04c1-424b-9868-57a2d4851a1d" relativeResultsDirectory="f2a40223-e6c7-4899-b659-9a2770e61fcb" />
    <UnitTestResult executionId="00e165d6-d4a2-4326-af8b-55acae8a15ae" testId="0ef6c2b0-c03c-b1c8-fd6f-4840c4db7605" testName="GetChildItems_ShouldReturnItems_WhenAllForParentAreAdded" computerName="DKSR-EFI-04" duration="00:00:00.0005017" startTime="2023-12-22T09:35:24.9443172+01:00" endTime="2023-12-22T09:35:24.9443172+01:00" testType="13cdc9d9-ddb5-4fa4-a97d-d965ccfc6d4b" outcome="Passed" testListId="8c84fa94-04c1-424b-9868-57a2d4851a1d" relativeResultsDirectory="00e165d6-d4a2-4326-af8b-55acae8a15ae" />
    <UnitTestResult executionId="9edc5d86-5c5e-4ed2-9a01-7c608971d497" testId="47a53b29-7b9e-c9bf-9646-9c0d3127b256" testName="TestMultiLevelQueue_ParallelResourceProcessors_Success" computerName="DKSR-EFI-04" duration="00:00:00.2099713" startTime="2023-12-22T09:35:36.6006262+01:00" endTime="2023-12-22T09:35:36.8037528+01:00" testType="13cdc9d9-ddb5-4fa4-a97d-d965ccfc6d4b" outcome="Passed" testListId="8c84fa94-04c1-424b-9868-57a2d4851a1d" relativeResultsDirectory="9edc5d86-5c5e-4ed2-9a01-7c608971d497" />
    <UnitTestResult executionId="dfa5f7e1-5dfd-445c-9dca-ffbde3ed8587" testId="cc181f70-75e6-81da-b99e-3e2374e3ba03" testName="WriteXml_ShouldWriteLeftAttribute_WhenAlays" computerName="DKSR-EFI-04" duration="00:00:00.0003753" startTime="2023-12-22T09:35:52.6788367+01:00" endTime="2023-12-22T09:35:52.6788367+01:00" testType="13cdc9d9-ddb5-4fa4-a97d-d965ccfc6d4b" outcome="Passed" testListId="8c84fa94-04c1-424b-9868-57a2d4851a1d" relativeResultsDirectory="dfa5f7e1-5dfd-445c-9dca-ffbde3ed8587" />
    <UnitTestResult executionId="820b109c-165c-460e-ae9f-7e8432dfc4ce" testId="0bd5a705-f6f8-0f3a-8c3d-f1c97380c236" testName="WriteXml_ShouldWriteTranslateElement_WhenTranslateIsNotNull" computerName="DKSR-EFI-04" duration="00:00:00.0005466" startTime="2023-12-22T09:35:52.8819620+01:00" endTime="2023-12-22T09:35:52.8819620+01:00" testType="13cdc9d9-ddb5-4fa4-a97d-d965ccfc6d4b" outcome="Passed" testListId="8c84fa94-04c1-424b-9868-57a2d4851a1d" relativeResultsDirectory="820b109c-165c-460e-ae9f-7e8432dfc4ce" />
    <UnitTestResult executionId="5acf7574-6d86-4a19-a4ea-af54ec680839" testId="57774d4f-0e88-d290-a792-720e504514ba" testName="IsEmptyValue_SelectionFilterValue_DefaultValue_ReturnsTrue" computerName="DKSR-EFI-04" duration="00:00:00.0003168" startTime="2023-12-22T09:35:49.5538208+01:00" endTime="2023-12-22T09:35:49.5538208+01:00" testType="13cdc9d9-ddb5-4fa4-a97d-d965ccfc6d4b" outcome="Passed" testListId="8c84fa94-04c1-424b-9868-57a2d4851a1d" relativeResultsDirectory="5acf7574-6d86-4a19-a4ea-af54ec680839" />
    <UnitTestResult executionId="4685afc8-0d0d-4180-bd0f-280c6546a800" testId="61459c18-d69a-002e-99fd-4c0194ecc49d" testName="Equals_For_GuidsOnly" computerName="DKSR-EFI-04" duration="00:00:00.0036592" startTime="2023-12-22T09:35:21.1317955+01:00" endTime="2023-12-22T09:35:21.1474216+01:00" testType="13cdc9d9-ddb5-4fa4-a97d-d965ccfc6d4b" outcome="Passed" testListId="8c84fa94-04c1-424b-9868-57a2d4851a1d" relativeResultsDirectory="4685afc8-0d0d-4180-bd0f-280c6546a800" />
    <UnitTestResult executionId="0d0c741d-980f-46df-ad3f-fbbdd0dd36eb" testId="79db46c4-1a13-12a0-1950-586398a93668" testName="GetWithDateTimeTimeSpanAndInt_ShouldClearCache_WhenAlways" computerName="DKSR-EFI-04" duration="00:00:00.0063210" startTime="2023-12-22T09:35:55.0538492+01:00" endTime="2023-12-22T09:35:55.0538492+01:00" testType="13cdc9d9-ddb5-4fa4-a97d-d965ccfc6d4b" outcome="Passed" testListId="8c84fa94-04c1-424b-9868-57a2d4851a1d" relativeResultsDirectory="0d0c741d-980f-46df-ad3f-fbbdd0dd36eb" />
    <UnitTestResult executionId="e305f95e-b09d-44ae-87c2-12b24da5e2c8" testId="21a0d29c-e94f-b292-af3e-a395eaa62ce5" testName="GetParent_OfPreset_Check" computerName="DKSR-EFI-04" duration="00:00:00.0337408" startTime="2023-12-22T09:35:21.6786747+01:00" endTime="2023-12-22T09:35:21.7255529+01:00" testType="13cdc9d9-ddb5-4fa4-a97d-d965ccfc6d4b" outcome="Passed" testListId="8c84fa94-04c1-424b-9868-57a2d4851a1d" relativeResultsDirectory="e305f95e-b09d-44ae-87c2-12b24da5e2c8" />
    <UnitTestResult executionId="9a5309cc-573b-4612-b605-9b1cba9b540c" testId="93f61c3c-6b1e-d1b6-89d6-3a1bfa5e90ba" testName="HasExtensionDataPresent_ShouldReturnFalse_WhenExtensionDataIsNotPresent" computerName="DKSR-EFI-04" duration="00:00:00.0002413" startTime="2023-12-22T09:35:52.6007097+01:00" endTime="2023-12-22T09:35:52.6007097+01:00" testType="13cdc9d9-ddb5-4fa4-a97d-d965ccfc6d4b" outcome="Passed" testListId="8c84fa94-04c1-424b-9868-57a2d4851a1d" relativeResultsDirectory="9a5309cc-573b-4612-b605-9b1cba9b540c" />
    <UnitTestResult executionId="2eb661bc-5b94-4bf9-80c7-7631a1b86c14" testId="138cc152-3c37-d294-08c0-e36a93e3d725" testName="Serialize_TestCases (Verify root Generic (not null) property)" computerName="DKSR-EFI-04" duration="00:00:00.0002931" startTime="2023-12-22T09:35:48.9444405+01:00" endTime="2023-12-22T09:35:48.9444405+01:00" testType="13cdc9d9-ddb5-4fa4-a97d-d965ccfc6d4b" outcome="Passed" testListId="8c84fa94-04c1-424b-9868-57a2d4851a1d" relativeResultsDirectory="2eb661bc-5b94-4bf9-80c7-7631a1b86c14" />
    <UnitTestResult executionId="3d6a0310-9411-4404-a56d-ed95e0fffc05" testId="c2a92498-f703-1b39-7778-71f05b13e27d" testName="ReadXml_ShouldSetAllPropertiesToZero_WhenElementIsEmpty" computerName="DKSR-EFI-04" duration="00:00:00.0023372" startTime="2023-12-22T09:35:52.6007097+01:00" endTime="2023-12-22T09:35:52.6007097+01:00" testType="13cdc9d9-ddb5-4fa4-a97d-d965ccfc6d4b" outcome="Passed" testListId="8c84fa94-04c1-424b-9868-57a2d4851a1d" relativeResultsDirectory="3d6a0310-9411-4404-a56d-ed95e0fffc05" />
    <UnitTestResult executionId="680e2bdd-7e0d-4650-aeaa-70fa4fff310a" testId="6782d7fb-c6f1-9d5e-e21b-8e8665ae821d" testName="Get_KeyPresent_ReturnsExpectedValue" computerName="DKSR-EFI-04" duration="00:00:00.0002913" startTime="2023-12-22T09:35:35.2412464+01:00" endTime="2023-12-22T09:35:35.2412464+01:00" testType="13cdc9d9-ddb5-4fa4-a97d-d965ccfc6d4b" outcome="Passed" testListId="8c84fa94-04c1-424b-9868-57a2d4851a1d" relativeResultsDirectory="680e2bdd-7e0d-4650-aeaa-70fa4fff310a" />
    <UnitTestResult executionId="d45d843f-20a7-4f17-ab25-6c1088819fa8" testId="21fa9385-bfaf-d1fb-f620-6ac18f449c60" testName="ReadXml_ShouldLogWarningOnlyOnceWithinOneMinute_WhenClassCandidateIsNotValid" computerName="DKSR-EFI-04" duration="00:00:00.0016022" startTime="2023-12-22T09:35:52.5069600+01:00" endTime="2023-12-22T09:35:52.5069600+01:00" testType="13cdc9d9-ddb5-4fa4-a97d-d965ccfc6d4b" outcome="Passed" testListId="8c84fa94-04c1-424b-9868-57a2d4851a1d" relativeResultsDirectory="d45d843f-20a7-4f17-ab25-6c1088819fa8" />
    <UnitTestResult executionId="ebad6524-2a91-45c2-bda3-ea1e5ab2f83c" testId="9cb1dd9b-9567-7d27-369e-add42bb14fb4" testName="AddFilterValue_ExistingValue_NullFilter_Throws" computerName="DKSR-EFI-04" duration="00:00:00.0008143" startTime="2023-12-22T09:35:49.4131942+01:00" endTime="2023-12-22T09:35:49.4131942+01:00" testType="13cdc9d9-ddb5-4fa4-a97d-d965ccfc6d4b" outcome="Passed" testListId="8c84fa94-04c1-424b-9868-57a2d4851a1d" relativeResultsDirectory="ebad6524-2a91-45c2-bda3-ea1e5ab2f83c" />
    <UnitTestResult executionId="721ce5ca-f2c8-4f0b-ad7c-51bb169bd4ab" testId="ae12437f-7020-f7d7-46c0-7bcbf7d4412c" testName="ReadXml_ShouldReadCenterOfGravityContents_WhenCenterOfGravityIsPresent" computerName="DKSR-EFI-04" duration="00:00:00.0015831" startTime="2023-12-22T09:35:52.7413365+01:00" endTime="2023-12-22T09:35:52.7413365+01:00" testType="13cdc9d9-ddb5-4fa4-a97d-d965ccfc6d4b" outcome="Passed" testListId="8c84fa94-04c1-424b-9868-57a2d4851a1d" relativeResultsDirectory="721ce5ca-f2c8-4f0b-ad7c-51bb169bd4ab" />
    <UnitTestResult executionId="17924a03-cfbf-4f27-aa02-3395504da9ce" testId="392352ae-d647-e68a-124a-33d5232e7f11" testName="SearchResultData_EndTime_Success" computerName="DKSR-EFI-04" duration="00:00:00.0002315" startTime="2023-12-22T09:35:50.1475715+01:00" endTime="2023-12-22T09:35:50.1475715+01:00" testType="13cdc9d9-ddb5-4fa4-a97d-d965ccfc6d4b" outcome="Passed" testListId="8c84fa94-04c1-424b-9868-57a2d4851a1d" relativeResultsDirectory="17924a03-cfbf-4f27-aa02-3395504da9ce" />
    <UnitTestResult executionId="7c9d714f-b665-40ff-893b-8f320ed26467" testId="e56c92d2-c559-22db-a2e2-d0987b0def17" testName="GetClientAsync_StartsClient_WhenFirst" computerName="DKSR-EFI-04" duration="00:00:00.0499006" startTime="2023-12-22T09:35:53.2413382+01:00" endTime="2023-12-22T09:35:53.2882169+01:00" testType="13cdc9d9-ddb5-4fa4-a97d-d965ccfc6d4b" outcome="Passed" testListId="8c84fa94-04c1-424b-9868-57a2d4851a1d" relativeResultsDirectory="7c9d714f-b665-40ff-893b-8f320ed26467" />
    <UnitTestResult executionId="67a32f7b-0f29-4eca-b35d-31028d6ee253" testId="97e7d06a-68e4-1586-9e4c-e6b41260549f" testName="AllAttributesWerePresent_ShouldReturnFalse_WhenRightAttributeIsMissing" computerName="DKSR-EFI-04" duration="00:00:00.0003035" startTime="2023-12-22T09:35:52.6319611+01:00" endTime="2023-12-22T09:35:52.6319611+01:00" testType="13cdc9d9-ddb5-4fa4-a97d-d965ccfc6d4b" outcome="Passed" testListId="8c84fa94-04c1-424b-9868-57a2d4851a1d" relativeResultsDirectory="67a32f7b-0f29-4eca-b35d-31028d6ee253" />
    <UnitTestResult executionId="2a386892-64fa-46ab-a942-61155b7a6579" testId="d4fbe30b-c3a5-9110-1c8a-b21accc6c6ad" testName="GetMIPItem_Success" computerName="DKSR-EFI-04" duration="00:00:00.0048978" startTime="2023-12-22T09:35:51.3663295+01:00" endTime="2023-12-22T09:35:51.3663295+01:00" testType="13cdc9d9-ddb5-4fa4-a97d-d965ccfc6d4b" outcome="Passed" testListId="8c84fa94-04c1-424b-9868-57a2d4851a1d" relativeResultsDirectory="2a386892-64fa-46ab-a942-61155b7a6579" />
    <UnitTestResult executionId="82526ad2-fbbb-4ba0-94fd-4189bda891a5" testId="7e72f854-d326-decd-1986-82fb5fe24c7b" testName="GenerateEnumValueParameters_ShouldWriteDisplayName_WhenAlways" computerName="DKSR-EFI-04" duration="00:00:00.0007283" startTime="2023-12-22T09:35:54.4444729+01:00" endTime="2023-12-22T09:35:54.4444729+01:00" testType="13cdc9d9-ddb5-4fa4-a97d-d965ccfc6d4b" outcome="Passed" testListId="8c84fa94-04c1-424b-9868-57a2d4851a1d" relativeResultsDirectory="82526ad2-fbbb-4ba0-94fd-4189bda891a5" />
    <UnitTestResult executionId="6640c8fb-9764-4abd-bad8-ad1f2966b46b" testId="0b5213c6-1e29-5592-48df-383ab2a80365" testName="GetFilterValues_EmptyValueAdded_ReturnsEmptyCollection" computerName="DKSR-EFI-04" duration="00:00:00.0141558" startTime="2023-12-22T09:35:49.4756938+01:00" endTime="2023-12-22T09:35:49.4913197+01:00" testType="13cdc9d9-ddb5-4fa4-a97d-d965ccfc6d4b" outcome="Passed" testListId="8c84fa94-04c1-424b-9868-57a2d4851a1d" relativeResultsDirectory="6640c8fb-9764-4abd-bad8-ad1f2966b46b" />
    <UnitTestResult executionId="f7c5859f-f44f-477e-b232-6e8c63d49d74" testId="be3b82dd-8df9-5360-ff99-6eca540698eb" testName="TestCreateSearchDefinition_Success" computerName="DKSR-EFI-04" duration="00:00:00.0168295" startTime="2023-12-22T09:35:49.7413204+01:00" endTime="2023-12-22T09:35:49.7569463+01:00" testType="13cdc9d9-ddb5-4fa4-a97d-d965ccfc6d4b" outcome="Passed" testListId="8c84fa94-04c1-424b-9868-57a2d4851a1d" relativeResultsDirectory="f7c5859f-f44f-477e-b232-6e8c63d49d74" />
    <UnitTestResult executionId="d5ad0320-de89-40ba-afbd-df0964b1fb95" testId="5cdbd0d9-c8bd-a61c-82a8-354b3f579fbb" testName="Append_Property_MIPItem_UpperCase" computerName="DKSR-EFI-04" duration="00:00:00.0006337" startTime="2023-12-22T09:35:51.0694511+01:00" endTime="2023-12-22T09:35:51.0694511+01:00" testType="13cdc9d9-ddb5-4fa4-a97d-d965ccfc6d4b" outcome="Passed" testListId="8c84fa94-04c1-424b-9868-57a2d4851a1d" relativeResultsDirectory="d5ad0320-de89-40ba-afbd-df0964b1fb95" />
    <UnitTestResult executionId="c15b3ef8-ef39-44d5-a6f7-f956c602220a" testId="5a6033d0-8674-1383-5d73-0621497569cb" testName="TryParseArgbString_ShouldReturnFalse_WhenStringIsContainsNotHexChars" computerName="DKSR-EFI-04" duration="00:00:00.0001736" startTime="2023-12-22T09:35:51.8819593+01:00" endTime="2023-12-22T09:35:51.8819593+01:00" testType="13cdc9d9-ddb5-4fa4-a97d-d965ccfc6d4b" outcome="Passed" testListId="8c84fa94-04c1-424b-9868-57a2d4851a1d" relativeResultsDirectory="c15b3ef8-ef39-44d5-a6f7-f956c602220a" />
    <UnitTestResult executionId="d2de764b-374c-497b-b03a-45317a2f51fe" testId="e036dcac-c98f-c247-938a-14a54b7a60ea" testName="Equals_IgnoreFolderType_Fail_OnServerIdId" computerName="DKSR-EFI-04" duration="00:00:00.0004681" startTime="2023-12-22T09:35:21.1005469+01:00" endTime="2023-12-22T09:35:21.1005469+01:00" testType="13cdc9d9-ddb5-4fa4-a97d-d965ccfc6d4b" outcome="Passed" testListId="8c84fa94-04c1-424b-9868-57a2d4851a1d" relativeResultsDirectory="d2de764b-374c-497b-b03a-45317a2f51fe" />
    <UnitTestResult executionId="0150c18a-9f29-42b9-8182-d3641341d2d0" testId="bc12b5e8-0d7d-7dd1-0756-b375b65700f8" testName="CountByItems_NotActivated_Expired_Missing" computerName="DKSR-EFI-04" duration="00:00:00.0008656" startTime="2023-12-22T09:35:54.2100943+01:00" endTime="2023-12-22T09:35:54.2100943+01:00" testType="13cdc9d9-ddb5-4fa4-a97d-d965ccfc6d4b" outcome="Passed" testListId="8c84fa94-04c1-424b-9868-57a2d4851a1d" relativeResultsDirectory="0150c18a-9f29-42b9-8182-d3641341d2d0" />
    <UnitTestResult executionId="8aa21a7f-a088-4a60-a23c-0bd43dbfb1dc" testId="3c6ec36d-3aca-cc8c-f540-f0674fae16f9" testName="ReadXml_ShouldSetAllFieldsToNull_ThatAreNotPresentInXml" computerName="DKSR-EFI-04" duration="00:00:00.0021577" startTime="2023-12-22T09:35:52.3194595+01:00" endTime="2023-12-22T09:35:52.3194595+01:00" testType="13cdc9d9-ddb5-4fa4-a97d-d965ccfc6d4b" outcome="Passed" testListId="8c84fa94-04c1-424b-9868-57a2d4851a1d" relativeResultsDirectory="8aa21a7f-a088-4a60-a23c-0bd43dbfb1dc" />
    <UnitTestResult executionId="3e44a185-5c34-4772-8e12-7cef732d3e11" testId="2f42b505-6aa5-6b6d-cf22-1b3f07c2fb30" testName="Serialize_TestCases (Verify root Interface (not null) property)" computerName="DKSR-EFI-04" duration="00:00:00.0002752" startTime="2023-12-22T09:35:48.9444405+01:00" endTime="2023-12-22T09:35:48.9444405+01:00" testType="13cdc9d9-ddb5-4fa4-a97d-d965ccfc6d4b" outcome="Passed" testListId="8c84fa94-04c1-424b-9868-57a2d4851a1d" relativeResultsDirectory="3e44a185-5c34-4772-8e12-7cef732d3e11" />
    <UnitTestResult executionId="e6647db9-e6a7-4b0a-8851-a3876df02a88" testId="0378ed59-f976-b4fc-9f2f-d68f313306f2" testName="Serialize_ShouldHandleCollectionFilter_WhenMatchingCollectionTypeAndItDoesNotMatch" computerName="DKSR-EFI-04" duration="00:00:00.0007841" startTime="2023-12-22T09:35:49.2256928+01:00" endTime="2023-12-22T09:35:49.2256928+01:00" testType="13cdc9d9-ddb5-4fa4-a97d-d965ccfc6d4b" outcome="Passed" testListId="8c84fa94-04c1-424b-9868-57a2d4851a1d" relativeResultsDirectory="e6647db9-e6a7-4b0a-8851-a3876df02a88" />
    <UnitTestResult executionId="d70c1c22-b124-49ab-9601-9bbb6a59687d" testId="6df640a9-0a50-74d8-fe7f-d3add40b9424" testName="ReadXml_ShouldLogWarningOnlyOnceWithinOneMinute_WhenIncompleteScaleIsPresent" computerName="DKSR-EFI-04" duration="00:00:00.0014142" startTime="2023-12-22T09:35:52.8663369+01:00" endTime="2023-12-22T09:35:52.8663369+01:00" testType="13cdc9d9-ddb5-4fa4-a97d-d965ccfc6d4b" outcome="Passed" testListId="8c84fa94-04c1-424b-9868-57a2d4851a1d" relativeResultsDirectory="d70c1c22-b124-49ab-9601-9bbb6a59687d" />
    <UnitTestResult executionId="4e2228de-649a-4366-8f70-89d90748cca2" testId="32e1fb9e-8eb8-101c-f28a-073547e7fa1e" testName="WriteXml_ShouldWriteUtcTimeAttribute_WhenAlways" computerName="DKSR-EFI-04" duration="00:00:00.0017308" startTime="2023-12-22T09:35:52.1007086+01:00" endTime="2023-12-22T09:35:52.1007086+01:00" testType="13cdc9d9-ddb5-4fa4-a97d-d965ccfc6d4b" outcome="Passed" testListId="8c84fa94-04c1-424b-9868-57a2d4851a1d" relativeResultsDirectory="4e2228de-649a-4366-8f70-89d90748cca2" />
    <UnitTestResult executionId="e6ce4cd4-8a86-4e5a-ad06-1e7ea315ae17" testId="3d8a3078-3353-0dd0-9ba2-c2de88eb7008" testName="Parse_String_Simple" computerName="DKSR-EFI-04" duration="00:00:00.0003239" startTime="2023-12-22T09:35:51.1632034+01:00" endTime="2023-12-22T09:35:51.1632034+01:00" testType="13cdc9d9-ddb5-4fa4-a97d-d965ccfc6d4b" outcome="Passed" testListId="8c84fa94-04c1-424b-9868-57a2d4851a1d" relativeResultsDirectory="e6ce4cd4-8a86-4e5a-ad06-1e7ea315ae17" />
    <UnitTestResult executionId="493ba967-8ae7-49e4-b041-37495ac809bd" testId="0bfd2093-cd64-a47e-137d-af6fe3953323" testName="WriteXml_ShouldWriteFrameContents_WhenAFrameIsWritten" computerName="DKSR-EFI-04" duration="00:00:00.0010762" startTime="2023-12-22T09:35:52.9913379+01:00" endTime="2023-12-22T09:35:52.9913379+01:00" testType="13cdc9d9-ddb5-4fa4-a97d-d965ccfc6d4b" outcome="Passed" testListId="8c84fa94-04c1-424b-9868-57a2d4851a1d" relativeResultsDirectory="493ba967-8ae7-49e4-b041-37495ac809bd" />
    <UnitTestResult executionId="44ae6215-6ce5-4d18-8d5b-15b89389111c" testId="78d59ed4-95ad-480d-6b34-b1db04166f61" testName="Azimuth_ShouldThrowArgumentOfRange_WhenValueIsOutsideAcceptedRange" computerName="DKSR-EFI-04" duration="00:00:00.0014842" startTime="2023-12-22T09:35:52.3975855+01:00" endTime="2023-12-22T09:35:52.3975855+01:00" testType="13cdc9d9-ddb5-4fa4-a97d-d965ccfc6d4b" outcome="Passed" testListId="8c84fa94-04c1-424b-9868-57a2d4851a1d" relativeResultsDirectory="44ae6215-6ce5-4d18-8d5b-15b89389111c" />
    <UnitTestResult executionId="6257a61a-021e-4412-837b-7c8477bd4888" testId="ba355757-a36a-54bb-5c59-d6e115aeace8" testName="Encrypt_ShouldThrowMIPException_WhenCalledOnFIPSEnabledMachine" computerName="DKSR-EFI-04" duration="00:00:00.0016790" startTime="2023-12-22T09:35:54.1163465+01:00" endTime="2023-12-22T09:35:54.1163465+01:00" testType="13cdc9d9-ddb5-4fa4-a97d-d965ccfc6d4b" outcome="Passed" testListId="8c84fa94-04c1-424b-9868-57a2d4851a1d" relativeResultsDirectory="6257a61a-021e-4412-837b-7c8477bd4888" />
    <UnitTestResult executionId="c397be2a-6ec2-4456-a85e-2465151741ab" testId="5d3ae8cd-0741-cea7-50c0-7e2ff7ad47a7" testName="WriteXml_ShouldWriteTranslateContents_WhenTranslateIsNotNull" computerName="DKSR-EFI-04" duration="00:00:00.0007226" startTime="2023-12-22T09:35:52.8819620+01:00" endTime="2023-12-22T09:35:52.8975858+01:00" testType="13cdc9d9-ddb5-4fa4-a97d-d965ccfc6d4b" outcome="Passed" testListId="8c84fa94-04c1-424b-9868-57a2d4851a1d" relativeResultsDirectory="c397be2a-6ec2-4456-a85e-2465151741ab" />
    <UnitTestResult executionId="440e313c-2a1e-48c8-bb2c-d0f4fb48fcb2" testId="5779081c-72b8-3e22-5954-bdf5dfba82f5" testName="Dequeue_NoItems_FailsAfterTimeout" computerName="DKSR-EFI-04" duration="00:00:00.0045297" startTime="2023-12-22T09:35:35.1631206+01:00" endTime="2023-12-22T09:35:35.1787439+01:00" testType="13cdc9d9-ddb5-4fa4-a97d-d965ccfc6d4b" outcome="Passed" testListId="8c84fa94-04c1-424b-9868-57a2d4851a1d" relativeResultsDirectory="440e313c-2a1e-48c8-bb2c-d0f4fb48fcb2" />
    <UnitTestResult executionId="6d4e2d3c-78ad-4e26-b9fd-a8607cb7f61e" testId="e997866d-eebf-79e1-ae85-52bd5aa489c9" testName="IsEmptyValue_StringFilterValue_Whitespaces_ReturnsTrue" computerName="DKSR-EFI-04" duration="00:00:00.0001494" startTime="2023-12-22T09:35:49.5381928+01:00" endTime="2023-12-22T09:35:49.5381928+01:00" testType="13cdc9d9-ddb5-4fa4-a97d-d965ccfc6d4b" outcome="Passed" testListId="8c84fa94-04c1-424b-9868-57a2d4851a1d" relativeResultsDirectory="6d4e2d3c-78ad-4e26-b9fd-a8607cb7f61e" />
    <UnitTestResult executionId="bd0a0d4d-3c15-4d4f-8a74-fc868e26d218" testId="d39f235d-2e7d-3e96-21e3-c8d6d50c5857" testName="Constructor_ShouldThrowArgumentNullException_WhenMacAddressIsNull" computerName="DKSR-EFI-04" duration="00:00:00.0052212" startTime="2023-12-22T09:35:54.4600955+01:00" endTime="2023-12-22T09:35:54.4757211+01:00" testType="13cdc9d9-ddb5-4fa4-a97d-d965ccfc6d4b" outcome="Passed" testListId="8c84fa94-04c1-424b-9868-57a2d4851a1d" relativeResultsDirectory="bd0a0d4d-3c15-4d4f-8a74-fc868e26d218" />
    <UnitTestResult executionId="d6fdc945-2d8a-4cfa-9423-030f23c9a2b4" testId="052237df-54d9-31a7-0ab1-08aaf1d51da7" testName="ReadAppearanceExtensionXml_ShouldNotSetBoundingBoxLineColor_WhenBoundingBoxLineColorIsNotPresent" computerName="DKSR-EFI-04" duration="00:00:00.0002869" startTime="2023-12-22T09:35:52.6475862+01:00" endTime="2023-12-22T09:35:52.6475862+01:00" testType="13cdc9d9-ddb5-4fa4-a97d-d965ccfc6d4b" outcome="Passed" testListId="8c84fa94-04c1-424b-9868-57a2d4851a1d" relativeResultsDirectory="d6fdc945-2d8a-4cfa-9423-030f23c9a2b4" />
    <UnitTestResult executionId="0138eb32-fcf5-4c8c-976f-7a9eeae3a413" testId="442159a8-1bcd-ab6e-06d2-d9a45f4251b5" testName="Serialize_TestCases (TestParentTypeMatchGenericNotThisTypeMatchedProperty)" computerName="DKSR-EFI-04" duration="00:00:00.0033764" startTime="2023-12-22T09:35:49.1788189+01:00" endTime="2023-12-22T09:35:49.1944450+01:00" testType="13cdc9d9-ddb5-4fa4-a97d-d965ccfc6d4b" outcome="Passed" testListId="8c84fa94-04c1-424b-9868-57a2d4851a1d" relativeResultsDirectory="0138eb32-fcf5-4c8c-976f-7a9eeae3a413" />
    <UnitTestResult executionId="3842f689-dc75-4aec-93b6-a59732e47a30" testId="7ae2592b-1209-056c-b02b-a7b7c4496165" testName="GenerateDeviceParameters_ShouldWriteCorrectResolution_WhenResolutionIsNotNull" computerName="DKSR-EFI-04" duration="00:00:00.0002932" startTime="2023-12-22T09:35:54.3507203+01:00" endTime="2023-12-22T09:35:54.3507203+01:00" testType="13cdc9d9-ddb5-4fa4-a97d-d965ccfc6d4b" outcome="Passed" testListId="8c84fa94-04c1-424b-9868-57a2d4851a1d" relativeResultsDirectory="3842f689-dc75-4aec-93b6-a59732e47a30" />
    <UnitTestResult executionId="cf1311e1-c7d3-401a-9b18-e5aff5ca035f" testId="397c15b6-197a-94bc-9677-ba909165fd0f" testName="OverlapsWith_ShouldReturnFalse_WhenArgumentEndTimeIsBeforeStartTime" computerName="DKSR-EFI-04" duration="00:00:00.0014439" startTime="2023-12-22T09:35:35.0381170+01:00" endTime="2023-12-22T09:35:35.0381170+01:00" testType="13cdc9d9-ddb5-4fa4-a97d-d965ccfc6d4b" outcome="Passed" testListId="8c84fa94-04c1-424b-9868-57a2d4851a1d" relativeResultsDirectory="cf1311e1-c7d3-401a-9b18-e5aff5ca035f" />
    <UnitTestResult executionId="3c5ebc82-0183-447d-9520-e714fd253a85" testId="d09566d1-6438-9687-6d98-ba12ffff4915" testName="ReadXml_ShouldReadBoldAttribute_WhenPresent" computerName="DKSR-EFI-04" duration="00:00:00.0002286" startTime="2023-12-22T09:35:51.9444583+01:00" endTime="2023-12-22T09:35:51.9444583+01:00" testType="13cdc9d9-ddb5-4fa4-a97d-d965ccfc6d4b" outcome="Passed" testListId="8c84fa94-04c1-424b-9868-57a2d4851a1d" relativeResultsDirectory="3c5ebc82-0183-447d-9520-e714fd253a85" />
    <UnitTestResult executionId="1e8fe2c1-16cb-474e-ab12-49bc9be2553f" testId="420e5a34-3d7f-4641-51ff-8be4f28538e4" testName="Serialize_ShouldHandleRecursiveCollectionWithCustomRootObject" computerName="DKSR-EFI-04" duration="00:00:00.0032006" startTime="2023-12-22T09:35:48.6163143+01:00" endTime="2023-12-22T09:35:48.6319388+01:00" testType="13cdc9d9-ddb5-4fa4-a97d-d965ccfc6d4b" outcome="Passed" testListId="8c84fa94-04c1-424b-9868-57a2d4851a1d" relativeResultsDirectory="1e8fe2c1-16cb-474e-ab12-49bc9be2553f" />
    <UnitTestResult executionId="00e2eaf3-f1fa-4fdc-a65a-ddbf40023e58" testId="144c69ed-fb6c-34fd-956a-d442174acbf9" testName="ReadXml_ShouldReadTranslate_WhenTranslateIsPresent" computerName="DKSR-EFI-04" duration="00:00:00.0005037" startTime="2023-12-22T09:35:52.8507121+01:00" endTime="2023-12-22T09:35:52.8507121+01:00" testType="13cdc9d9-ddb5-4fa4-a97d-d965ccfc6d4b" outcome="Passed" testListId="8c84fa94-04c1-424b-9868-57a2d4851a1d" relativeResultsDirectory="00e2eaf3-f1fa-4fdc-a65a-ddbf40023e58" />
    <UnitTestResult executionId="c3fa90ad-87d0-4971-bb2e-a9b64810e8bf" testId="9bb96261-1701-74be-ae73-ef01ff852954" testName="Decrypt_ShouldThrowMIPException_WhenCryptographicServiceProviderIsNotAvailable" computerName="DKSR-EFI-04" duration="00:00:00.0010492" startTime="2023-12-22T09:35:54.1319687+01:00" endTime="2023-12-22T09:35:54.1319687+01:00" testType="13cdc9d9-ddb5-4fa4-a97d-d965ccfc6d4b" outcome="Passed" testListId="8c84fa94-04c1-424b-9868-57a2d4851a1d" relativeResultsDirectory="c3fa90ad-87d0-4971-bb2e-a9b64810e8bf" />
    <UnitTestResult executionId="6fb845d1-7f50-47ec-9c8c-81cbc6885311" testId="ff21f539-b1c4-45b1-9430-6096e4a5a3fd" testName="WriteXml_ShouldWriteClassCandidate_WhenThereIsOneClassCandidatePresent" computerName="DKSR-EFI-04" duration="00:00:00.0011356" startTime="2023-12-22T09:35:52.5069600+01:00" endTime="2023-12-22T09:35:52.5069600+01:00" testType="13cdc9d9-ddb5-4fa4-a97d-d965ccfc6d4b" outcome="Passed" testListId="8c84fa94-04c1-424b-9868-57a2d4851a1d" relativeResultsDirectory="6fb845d1-7f50-47ec-9c8c-81cbc6885311" />
    <UnitTestResult executionId="84999bc0-1ea8-48e4-a6c3-dd0549f5302a" testId="01158b98-2cd4-e826-aa9e-d2d4c60de322" testName="PatchItem_Camera_Fails" computerName="DKSR-EFI-04" duration="00:00:00.0042128" startTime="2023-12-22T09:35:51.4913315+01:00" endTime="2023-12-22T09:35:51.4913315+01:00" testType="13cdc9d9-ddb5-4fa4-a97d-d965ccfc6d4b" outcome="Passed" testListId="8c84fa94-04c1-424b-9868-57a2d4851a1d" relativeResultsDirectory="84999bc0-1ea8-48e4-a6c3-dd0549f5302a" />
    <UnitTestResult executionId="5c2d8ce3-35f5-4c29-91b5-6f7a9d182ba2" testId="d716207e-88e3-d258-c9c3-93a6eb313656" testName="GetAtOrBefore_ShouldReturnNull_WhenCacheIsEmpty" computerName="DKSR-EFI-04" duration="00:00:00.0006686" startTime="2023-12-22T09:35:54.6319722+01:00" endTime="2023-12-22T09:35:54.6319722+01:00" testType="13cdc9d9-ddb5-4fa4-a97d-d965ccfc6d4b" outcome="Passed" testListId="8c84fa94-04c1-424b-9868-57a2d4851a1d" relativeResultsDirectory="5c2d8ce3-35f5-4c29-91b5-6f7a9d182ba2" />
    <UnitTestResult executionId="4446dd49-438f-4530-bef0-3b745ca74563" testId="27817c8c-6c0d-bb4b-da4e-d6836f9c5d12" testName="IsEmptyValue_DoubleRangeFilterValue_ValuesAtMinimumAndMaximum_ReturnsTrue" computerName="DKSR-EFI-04" duration="00:00:00.0004145" startTime="2023-12-22T09:35:49.5538208+01:00" endTime="2023-12-22T09:35:49.5538208+01:00" testType="13cdc9d9-ddb5-4fa4-a97d-d965ccfc6d4b" outcome="Passed" testListId="8c84fa94-04c1-424b-9868-57a2d4851a1d" relativeResultsDirectory="4446dd49-438f-4530-bef0-3b745ca74563" />
    <UnitTestResult executionId="decaed34-7940-4afa-8e28-b0c25c9b0009" testId="e251df90-29be-3bce-586f-107c221e43b7" testName="Add_ShouldNotUpdateStartCache_WhenOldStartTimeIsEarlierThanAdded" computerName="DKSR-EFI-04" duration="00:00:00.0268823" startTime="2023-12-22T09:35:55.2726010+01:00" endTime="2023-12-22T09:35:55.3038508+01:00" testType="13cdc9d9-ddb5-4fa4-a97d-d965ccfc6d4b" outcome="Passed" testListId="8c84fa94-04c1-424b-9868-57a2d4851a1d" relativeResultsDirectory="decaed34-7940-4afa-8e28-b0c25c9b0009" />
    <UnitTestResult executionId="6f9b3f11-5cc0-4d38-a964-f87cef8060e3" testId="01799474-13c9-ef07-91a0-a707eadf879a" testName="Decrypt_ShouldDecryptEncryptedInput" computerName="DKSR-EFI-04" duration="00:00:00.0114998" startTime="2023-12-22T09:35:54.1163465+01:00" endTime="2023-12-22T09:35:54.1319687+01:00" testType="13cdc9d9-ddb5-4fa4-a97d-d965ccfc6d4b" outcome="Passed" testListId="8c84fa94-04c1-424b-9868-57a2d4851a1d" relativeResultsDirectory="6f9b3f11-5cc0-4d38-a964-f87cef8060e3" />
    <UnitTestResult executionId="10e2793f-bc87-49b4-a154-1eb7b71455f4" testId="dcc9cf01-7d0d-4dc6-9027-2fa692f04ff1" testName="WriteXml_ShouldWriteIsRemovedElement_WhenIsRemovedIsTrue" computerName="DKSR-EFI-04" duration="00:00:00.0003032" startTime="2023-12-22T09:35:51.7725813+01:00" endTime="2023-12-22T09:35:51.7725813+01:00" testType="13cdc9d9-ddb5-4fa4-a97d-d965ccfc6d4b" outcome="Passed" testListId="8c84fa94-04c1-424b-9868-57a2d4851a1d" relativeResultsDirectory="10e2793f-bc87-49b4-a154-1eb7b71455f4" />
    <UnitTestResult executionId="37cf128f-2ebd-4689-83fd-3a090f8be77a" testId="ccde4230-00f3-bcda-817d-3ae2aeeb86b6" testName="Serialize_TestCases (Verify root Double property)" computerName="DKSR-EFI-04" duration="00:00:00.0005210" startTime="2023-12-22T09:35:48.8663158+01:00" endTime="2023-12-22T09:35:48.8663158+01:00" testType="13cdc9d9-ddb5-4fa4-a97d-d965ccfc6d4b" outcome="Passed" testListId="8c84fa94-04c1-424b-9868-57a2d4851a1d" relativeResultsDirectory="37cf128f-2ebd-4689-83fd-3a090f8be77a" />
    <UnitTestResult executionId="f8498a37-9291-446a-b8f4-5b424c97aa40" testId="4599a740-2169-7e32-9656-668b8e9b7b20" testName="CreateSearchFilterEditControl_MultiplePlugins_MilestonePluginsFirst" computerName="DKSR-EFI-04" duration="00:00:00.0025676" startTime="2023-12-22T09:35:50.6632011+01:00" endTime="2023-12-22T09:35:50.6788247+01:00" testType="13cdc9d9-ddb5-4fa4-a97d-d965ccfc6d4b" outcome="Passed" testListId="8c84fa94-04c1-424b-9868-57a2d4851a1d" relativeResultsDirectory="f8498a37-9291-446a-b8f4-5b424c97aa40" />
    <UnitTestResult executionId="c13a2148-8922-40d4-9e2f-34b1462f731c" testId="7df2cba4-4ec8-04f9-d40a-3cd90e07b839" testName="Serialize_TestCases (Verify root Object (not null) property get property value)" computerName="DKSR-EFI-04" duration="00:00:00.0012736" startTime="2023-12-22T09:35:48.8975656+01:00" endTime="2023-12-22T09:35:48.8975656+01:00" testType="13cdc9d9-ddb5-4fa4-a97d-d965ccfc6d4b" outcome="Passed" testListId="8c84fa94-04c1-424b-9868-57a2d4851a1d" relativeResultsDirectory="c13a2148-8922-40d4-9e2f-34b1462f731c" />
    <UnitTestResult executionId="563c028b-b3b2-40c8-8536-1330b732720e" testId="81f1f710-d694-68bf-2cd3-35ddc8a4ca3e" testName="CountByItems_NotActivated_Missing" computerName="DKSR-EFI-04" duration="00:00:00.0015297" startTime="2023-12-22T09:35:54.1944692+01:00" endTime="2023-12-22T09:35:54.1944692+01:00" testType="13cdc9d9-ddb5-4fa4-a97d-d965ccfc6d4b" outcome="Passed" testListId="8c84fa94-04c1-424b-9868-57a2d4851a1d" relativeResultsDirectory="563c028b-b3b2-40c8-8536-1330b732720e" />
    <UnitTestResult executionId="e03234e1-965e-4b1d-8edd-ba9aaaa20473" testId="f7f40623-1634-9a2a-bf1c-6e414931a9e6" testName="CountByItems_NotActivated_Trial_Missing_GraceExpired" computerName="DKSR-EFI-04" duration="00:00:00.0020596" startTime="2023-12-22T09:35:54.2100943+01:00" endTime="2023-12-22T09:35:54.2100943+01:00" testType="13cdc9d9-ddb5-4fa4-a97d-d965ccfc6d4b" outcome="Passed" testListId="8c84fa94-04c1-424b-9868-57a2d4851a1d" relativeResultsDirectory="e03234e1-965e-4b1d-8edd-ba9aaaa20473" />
    <UnitTestResult executionId="5be5143a-3817-459d-8429-9aade6106d4a" testId="d131d3ee-68f2-b781-805c-3d38a16bf8a5" testName="BeginTimeShouldReturnConstructorParameter" computerName="DKSR-EFI-04" duration="00:00:00.0004035" startTime="2023-12-22T09:35:53.9444693+01:00" endTime="2023-12-22T09:35:53.9444693+01:00" testType="13cdc9d9-ddb5-4fa4-a97d-d965ccfc6d4b" outcome="Passed" testListId="8c84fa94-04c1-424b-9868-57a2d4851a1d" relativeResultsDirectory="5be5143a-3817-459d-8429-9aade6106d4a" />
    <UnitTestResult executionId="92320cc5-3163-45b6-b101-dfac1c0df33d" testId="c3a53dbd-9899-8fac-d500-c2b7239c74d4" testName="WriteXml_ShouldWriteItalicAttribute_WhenSet" computerName="DKSR-EFI-04" duration="00:00:00.0003087" startTime="2023-12-22T09:35:51.9913314+01:00" endTime="2023-12-22T09:35:52.0069581+01:00" testType="13cdc9d9-ddb5-4fa4-a97d-d965ccfc6d4b" outcome="Passed" testListId="8c84fa94-04c1-424b-9868-57a2d4851a1d" relativeResultsDirectory="92320cc5-3163-45b6-b101-dfac1c0df33d" />
    <UnitTestResult executionId="adfbd2f0-ae39-427b-b626-b3a9011479e6" testId="0fd657fb-3854-1b2f-0c0f-8cf8e1efee07" testName="SearchResultData_BeginTimeWithPadding_Success" computerName="DKSR-EFI-04" duration="00:00:00.0005177" startTime="2023-12-22T09:35:50.1631986+01:00" endTime="2023-12-22T09:35:50.1631986+01:00" testType="13cdc9d9-ddb5-4fa4-a97d-d965ccfc6d4b" outcome="Passed" testListId="8c84fa94-04c1-424b-9868-57a2d4851a1d" relativeResultsDirectory="adfbd2f0-ae39-427b-b626-b3a9011479e6" />
    <UnitTestResult executionId="301f38bb-b6d0-4364-af61-8c4cedb37d5f" testId="1bf83f76-33b3-45e4-acc8-af80bf4d763b" testName="ReadXml_ShouldSetAllFieldsToDefaultValues_WhenElementIsEmpty" computerName="DKSR-EFI-04" duration="00:00:00.0063647" startTime="2023-12-22T09:35:52.0225831+01:00" endTime="2023-12-22T09:35:52.0225831+01:00" testType="13cdc9d9-ddb5-4fa4-a97d-d965ccfc6d4b" outcome="Passed" testListId="8c84fa94-04c1-424b-9868-57a2d4851a1d" relativeResultsDirectory="301f38bb-b6d0-4364-af61-8c4cedb37d5f" />
    <UnitTestResult executionId="9db680e8-5e61-43e6-a8b8-f872b4d8b2cd" testId="f9a09191-b933-2d00-0d6e-2a80901374f0" testName="VideoAnalytics_ShouldReturnEmptyList_WhenVideoAnalyticsHasNotBeenSet" computerName="DKSR-EFI-04" duration="00:00:00.0002073" startTime="2023-12-22T09:35:52.3507086+01:00" endTime="2023-12-22T09:35:52.3507086+01:00" testType="13cdc9d9-ddb5-4fa4-a97d-d965ccfc6d4b" outcome="Passed" testListId="8c84fa94-04c1-424b-9868-57a2d4851a1d" relativeResultsDirectory="9db680e8-5e61-43e6-a8b8-f872b4d8b2cd" />
    <UnitTestResult executionId="b737f4f3-3b29-4a71-8629-b09110f5f894" testId="582a166b-52fa-3ee8-5316-b4af9ef88ed9" testName="OnSearchResultsReady_EmptyArgument_SearchResultReadyEventNotFired" computerName="DKSR-EFI-04" duration="00:00:00.0004511" startTime="2023-12-22T09:35:49.5225719+01:00" endTime="2023-12-22T09:35:49.5225719+01:00" testType="13cdc9d9-ddb5-4fa4-a97d-d965ccfc6d4b" outcome="Passed" testListId="8c84fa94-04c1-424b-9868-57a2d4851a1d" relativeResultsDirectory="b737f4f3-3b29-4a71-8629-b09110f5f894" />
    <UnitTestResult executionId="60eb7d4f-ad24-4f12-a36f-b3348c5929b2" testId="a1b04750-d1fe-a25a-b502-6c3d91504173" testName="GetWithDateTime_ShouldReturnEntryAtOrBeforeFromToolkitResponse_WhenDataIsNotInCache" computerName="DKSR-EFI-04" duration="00:00:00.0046047" startTime="2023-12-22T09:35:54.9600994+01:00" endTime="2023-12-22T09:35:54.9600994+01:00" testType="13cdc9d9-ddb5-4fa4-a97d-d965ccfc6d4b" outcome="Passed" testListId="8c84fa94-04c1-424b-9868-57a2d4851a1d" relativeResultsDirectory="60eb7d4f-ad24-4f12-a36f-b3348c5929b2" />
    <UnitTestResult executionId="62ffbc0c-bae4-464f-942d-44366398059f" testId="c199ff76-2997-edbd-0462-ba7539f412d3" testName="GetNearest_ShouldReturnNull_WhenTimestampIsBeforeFirstElement" computerName="DKSR-EFI-04" duration="00:00:00.0009831" startTime="2023-12-22T09:35:54.6007223+01:00" endTime="2023-12-22T09:35:54.6163483+01:00" testType="13cdc9d9-ddb5-4fa4-a97d-d965ccfc6d4b" outcome="Passed" testListId="8c84fa94-04c1-424b-9868-57a2d4851a1d" relativeResultsDirectory="62ffbc0c-bae4-464f-942d-44366398059f" />
    <UnitTestResult executionId="6d0abbb1-1c85-478f-b636-f53bf4aad9d1" testId="07d6b577-3d60-1f8f-d4b8-5715e136ec3a" testName="ReadXml_ShouldDiscardBoundingBox_WhenIncompleteBoundingBoxIsPresent" computerName="DKSR-EFI-04" duration="00:00:00.0010910" startTime="2023-12-22T09:35:52.7413365+01:00" endTime="2023-12-22T09:35:52.7413365+01:00" testType="13cdc9d9-ddb5-4fa4-a97d-d965ccfc6d4b" outcome="Passed" testListId="8c84fa94-04c1-424b-9868-57a2d4851a1d" relativeResultsDirectory="6d0abbb1-1c85-478f-b636-f53bf4aad9d1" />
    <UnitTestResult executionId="d77c8b29-2b36-4cf2-91e6-99a5d71b6a50" testId="c0b96a1c-b0d5-ece3-3b78-6c5f48ca51fc" testName="ReadAppearanceExtensionXml_ShouldNotSetBoundingBoxFillColor_WhenBoundingBoxFillColorIsNotPresent" computerName="DKSR-EFI-04" duration="00:00:00.0002847" startTime="2023-12-22T09:35:52.6632128+01:00" endTime="2023-12-22T09:35:52.6632128+01:00" testType="13cdc9d9-ddb5-4fa4-a97d-d965ccfc6d4b" outcome="Passed" testListId="8c84fa94-04c1-424b-9868-57a2d4851a1d" relativeResultsDirectory="d77c8b29-2b36-4cf2-91e6-99a5d71b6a50" />
    <UnitTestResult executionId="591c0d07-c9d1-455b-91e5-e0e671414447" testId="c17413ea-faf7-b84c-6a91-46a90eb83f24" testName="FallbackDisplayValue_NotSet_ReturnsNull" computerName="DKSR-EFI-04" duration="00:00:00.0033786" startTime="2023-12-22T09:35:49.3038193+01:00" endTime="2023-12-22T09:35:49.3194461+01:00" testType="13cdc9d9-ddb5-4fa4-a97d-d965ccfc6d4b" outcome="Passed" testListId="8c84fa94-04c1-424b-9868-57a2d4851a1d" relativeResultsDirectory="591c0d07-c9d1-455b-91e5-e0e671414447" />
    <UnitTestResult executionId="36a04a09-dff6-42dd-9cd2-2e6953252ec3" testId="c4adad9d-ea20-a13f-97f1-44293498d06e" testName="WriteMetadataXmlWithStream_ShouldWriteRootElement_WhenDataIsPresent" computerName="DKSR-EFI-04" duration="00:00:00.0007255" startTime="2023-12-22T09:35:52.2569601+01:00" endTime="2023-12-22T09:35:52.2569601+01:00" testType="13cdc9d9-ddb5-4fa4-a97d-d965ccfc6d4b" outcome="Passed" testListId="8c84fa94-04c1-424b-9868-57a2d4851a1d" relativeResultsDirectory="36a04a09-dff6-42dd-9cd2-2e6953252ec3" />
    <UnitTestResult executionId="da88003a-de1f-4ae8-89cf-cfa0befd3c12" testId="bb812b16-0590-e601-98e0-332d7569575a" testName="Enabled_Properties_With_Disable_True_success" computerName="DKSR-EFI-04" duration="00:00:00.0187614" startTime="2023-12-22T09:35:22.8036798+01:00" endTime="2023-12-22T09:35:22.8193057+01:00" testType="13cdc9d9-ddb5-4fa4-a97d-d965ccfc6d4b" outcome="Passed" testListId="8c84fa94-04c1-424b-9868-57a2d4851a1d" relativeResultsDirectory="da88003a-de1f-4ae8-89cf-cfa0befd3c12" />
    <UnitTestResult executionId="ee1ad21e-ef0b-4d39-bcad-e850b1eb501c" testId="549a1786-aafc-b11d-904d-59c7dd4fc0a3" testName="WriteXml_ShouldWriteXAttribute_WhenAlays" computerName="DKSR-EFI-04" duration="00:00:00.0006650" startTime="2023-12-22T09:35:52.9288370+01:00" endTime="2023-12-22T09:35:52.9288370+01:00" testType="13cdc9d9-ddb5-4fa4-a97d-d965ccfc6d4b" outcome="Passed" testListId="8c84fa94-04c1-424b-9868-57a2d4851a1d" relativeResultsDirectory="ee1ad21e-ef0b-4d39-bcad-e850b1eb501c" />
    <UnitTestResult executionId="844a6b68-4713-444a-b87f-d68b92af3ff5" testId="e8ad2706-3327-0bd0-6928-db3b3e6344dc" testName="AllAttributesWerePresent_ShouldReturnFalse_WhenBottomAttributeIsNotAFloat" computerName="DKSR-EFI-04" duration="00:00:00.0003278" startTime="2023-12-22T09:35:52.6319611+01:00" endTime="2023-12-22T09:35:52.6319611+01:00" testType="13cdc9d9-ddb5-4fa4-a97d-d965ccfc6d4b" outcome="Passed" testListId="8c84fa94-04c1-424b-9868-57a2d4851a1d" relativeResultsDirectory="844a6b68-4713-444a-b87f-d68b92af3ff5" />
    <UnitTestResult executionId="449b1f62-bf30-46f2-ac90-42ede9afb75e" testId="d68b3075-4627-ba2b-18db-33c4279233ca" testName="WriteAppearanceExtenstionXml_ShouldWriteDisplayedThicknessInPixels_WhenLineDisplayPixelThicknessIsPresent" computerName="DKSR-EFI-04" duration="00:00:00.0004416" startTime="2023-12-22T09:35:52.6944624+01:00" endTime="2023-12-22T09:35:52.6944624+01:00" testType="13cdc9d9-ddb5-4fa4-a97d-d965ccfc6d4b" outcome="Passed" testListId="8c84fa94-04c1-424b-9868-57a2d4851a1d" relativeResultsDirectory="449b1f62-bf30-46f2-ac90-42ede9afb75e" />
    <UnitTestResult executionId="332628ee-8007-47ce-8113-3361dc93f883" testId="a0021c28-c68a-0206-6b10-c92f5347c415" testName="Serialize_TestCases (TestParentCollectionEmptyArrayPropertyProperty)" computerName="DKSR-EFI-04" duration="00:00:00.0001560" startTime="2023-12-22T09:35:48.9288165+01:00" endTime="2023-12-22T09:35:48.9288165+01:00" testType="13cdc9d9-ddb5-4fa4-a97d-d965ccfc6d4b" outcome="Passed" testListId="8c84fa94-04c1-424b-9868-57a2d4851a1d" relativeResultsDirectory="332628ee-8007-47ce-8113-3361dc93f883" />
    <UnitTestResult executionId="51fd680f-7510-4e3f-b80c-f812e6989432" testId="e2323074-11c2-8296-7476-af3cef44bb34" testName="ReadXml_ShouldLogWarningOnlyOnceWithinOneMinute_WhenElementErrorsAreDetected" computerName="DKSR-EFI-04" duration="00:00:00.0012744" startTime="2023-12-22T09:35:51.8507071+01:00" endTime="2023-12-22T09:35:51.8507071+01:00" testType="13cdc9d9-ddb5-4fa4-a97d-d965ccfc6d4b" outcome="Passed" testListId="8c84fa94-04c1-424b-9868-57a2d4851a1d" relativeResultsDirectory="51fd680f-7510-4e3f-b80c-f812e6989432" />
    <UnitTestResult executionId="4c3eb9f0-13a4-4083-9748-62645fd7758a" testId="10990a14-03a7-011d-0324-9b08e537fb18" testName="Serialize_TestCases (TestParentTypeMatchCollectionNotThisTypeMatchedProperty)" computerName="DKSR-EFI-04" duration="00:00:00.0002726" startTime="2023-12-22T09:35:49.1163186+01:00" endTime="2023-12-22T09:35:49.1163186+01:00" testType="13cdc9d9-ddb5-4fa4-a97d-d965ccfc6d4b" outcome="Passed" testListId="8c84fa94-04c1-424b-9868-57a2d4851a1d" relativeResultsDirectory="4c3eb9f0-13a4-4083-9748-62645fd7758a" />
    <UnitTestResult executionId="e290061a-f7fb-474c-87bb-bcee2b2116ac" testId="8f08ea31-2511-c2ee-1c5b-8c8ed224c8f7" testName="ReadXml_ShouldLogWarningOnlyOnceWithinOneMinute_WhenIncompleteTranslateIsPresent" computerName="DKSR-EFI-04" duration="00:00:00.0015317" startTime="2023-12-22T09:35:52.8663369+01:00" endTime="2023-12-22T09:35:52.8663369+01:00" testType="13cdc9d9-ddb5-4fa4-a97d-d965ccfc6d4b" outcome="Passed" testListId="8c84fa94-04c1-424b-9868-57a2d4851a1d" relativeResultsDirectory="e290061a-f7fb-474c-87bb-bcee2b2116ac" />
    <UnitTestResult executionId="d42b503d-f19a-458d-aa97-01668eb19dac" testId="58117c79-f111-10a9-cd35-e84774ffbcda" testName="GetAtOrBefore_ShouldReturnEntryBeforeFromCache_WhenDataIsInCache" computerName="DKSR-EFI-04" duration="00:00:00.0027456" startTime="2023-12-22T09:35:54.9444738+01:00" endTime="2023-12-22T09:35:54.9444738+01:00" testType="13cdc9d9-ddb5-4fa4-a97d-d965ccfc6d4b" outcome="Passed" testListId="8c84fa94-04c1-424b-9868-57a2d4851a1d" relativeResultsDirectory="d42b503d-f19a-458d-aa97-01668eb19dac" />
    <UnitTestResult executionId="05098682-4949-44da-888f-3c80b7ab7a8f" testId="0668f627-8706-4ec9-03ec-e3e79b2c140f" testName="GenerateParameters_ShouldWriteResolutionList_WhenResolutionSetIsNotEmpty" computerName="DKSR-EFI-04" duration="00:00:00.0006843" startTime="2023-12-22T09:35:54.3507203+01:00" endTime="2023-12-22T09:35:54.3507203+01:00" testType="13cdc9d9-ddb5-4fa4-a97d-d965ccfc6d4b" outcome="Passed" testListId="8c84fa94-04c1-424b-9868-57a2d4851a1d" relativeResultsDirectory="05098682-4949-44da-888f-3c80b7ab7a8f" />
    <UnitTestResult executionId="41199b7c-6361-4245-ad7d-5518a6c62b6b" testId="dc77c6d7-cfbf-1e77-b726-c432c277b3ca" testName="Serialize_ShouldThrowException_WhenPropertyIsSimpleTypeButPathContainsChildren (DoubleProperty)" computerName="DKSR-EFI-04" duration="00:00:00.0004206" startTime="2023-12-22T09:35:48.7881891+01:00" endTime="2023-12-22T09:35:48.7881891+01:00" testType="13cdc9d9-ddb5-4fa4-a97d-d965ccfc6d4b" outcome="Passed" testListId="8c84fa94-04c1-424b-9868-57a2d4851a1d" relativeResultsDirectory="41199b7c-6361-4245-ad7d-5518a6c62b6b" />
    <UnitTestResult executionId="f64f2617-41c5-494b-86bb-8ce54641611c" testId="a42de255-353b-3499-e7ec-b18bd5c29a5c" testName="ReadXml_ShouldDiscardTranslate_WhenIncompleteTranslateIsPresent" computerName="DKSR-EFI-04" duration="00:00:00.0007327" startTime="2023-12-22T09:35:52.8507121+01:00" endTime="2023-12-22T09:35:52.8507121+01:00" testType="13cdc9d9-ddb5-4fa4-a97d-d965ccfc6d4b" outcome="Passed" testListId="8c84fa94-04c1-424b-9868-57a2d4851a1d" relativeResultsDirectory="f64f2617-41c5-494b-86bb-8ce54641611c" />
    <UnitTestResult executionId="160dc9cd-b5f9-4335-a58d-e8a8358fb990" testId="03a83ade-8d54-5619-5fb4-492194211717" testName="TestStartSearch_NullDefinitions_Failure" computerName="DKSR-EFI-04" duration="00:00:00.0022261" startTime="2023-12-22T09:35:49.7725696+01:00" endTime="2023-12-22T09:35:49.7725696+01:00" testType="13cdc9d9-ddb5-4fa4-a97d-d965ccfc6d4b" outcome="Passed" testListId="8c84fa94-04c1-424b-9868-57a2d4851a1d" relativeResultsDirectory="160dc9cd-b5f9-4335-a58d-e8a8358fb990" />
    <UnitTestResult executionId="ec017ba9-33e8-4e29-8864-1909c11916f0" testId="0f85e31c-250d-2fd6-59ef-88556968bdb6" testName="GenerateDeviceParameters_ShouldWriteCorrectGop_WhenGopIsInRange" computerName="DKSR-EFI-04" duration="00:00:00.0003807" startTime="2023-12-22T09:35:54.3819706+01:00" endTime="2023-12-22T09:35:54.3819706+01:00" testType="13cdc9d9-ddb5-4fa4-a97d-d965ccfc6d4b" outcome="Passed" testListId="8c84fa94-04c1-424b-9868-57a2d4851a1d" relativeResultsDirectory="ec017ba9-33e8-4e29-8864-1909c11916f0" />
    <UnitTestResult executionId="37bc82df-83da-4903-b850-2ab98a50d7b7" testId="394ee23f-1fe5-59c6-6460-7cc48bf68705" testName="WriteAppearanceExtenstionXml_ShouldWriteLineColor_WhenLineColorIsPresent" computerName="DKSR-EFI-04" duration="00:00:00.0003998" startTime="2023-12-22T09:35:52.6944624+01:00" endTime="2023-12-22T09:35:52.6944624+01:00" testType="13cdc9d9-ddb5-4fa4-a97d-d965ccfc6d4b" outcome="Passed" testListId="8c84fa94-04c1-424b-9868-57a2d4851a1d" relativeResultsDirectory="37bc82df-83da-4903-b850-2ab98a50d7b7" />
    <UnitTestResult executionId="9239cd0c-14cd-484f-b10a-9501f325eff2" testId="a28156aa-3bb5-7287-717c-afe6ec74f152" testName="Add_NotNullValue_Success" computerName="DKSR-EFI-04" duration="00:00:00.0002198" startTime="2023-12-22T09:35:35.2412464+01:00" endTime="2023-12-22T09:35:35.2412464+01:00" testType="13cdc9d9-ddb5-4fa4-a97d-d965ccfc6d4b" outcome="Passed" testListId="8c84fa94-04c1-424b-9868-57a2d4851a1d" relativeResultsDirectory="9239cd0c-14cd-484f-b10a-9501f325eff2" />
    <UnitTestResult executionId="69134de6-a0c1-4443-b284-1eed539f4bca" testId="760478cf-2b2b-5f64-b097-3de30749bcb1" testName="Initialize_Changed_Values" computerName="DKSR-EFI-04" duration="00:00:00.0005164" startTime="2023-12-22T09:35:45.7412986+01:00" endTime="2023-12-22T09:35:45.7412986+01:00" testType="13cdc9d9-ddb5-4fa4-a97d-d965ccfc6d4b" outcome="Passed" testListId="8c84fa94-04c1-424b-9868-57a2d4851a1d" relativeResultsDirectory="69134de6-a0c1-4443-b284-1eed539f4bca" />
    <UnitTestResult executionId="059aff6a-fed8-404e-9150-74989815d7d1" testId="f880bae4-ac7b-09b5-228d-aaaa54c0b1c6" testName="TestCancelSearch_DefinitionNotRespectingCancellation_Success" computerName="DKSR-EFI-04" duration="00:00:00.0068358" startTime="2023-12-22T09:35:49.9913205+01:00" endTime="2023-12-22T09:35:50.0069485+01:00" testType="13cdc9d9-ddb5-4fa4-a97d-d965ccfc6d4b" outcome="Passed" testListId="8c84fa94-04c1-424b-9868-57a2d4851a1d" relativeResultsDirectory="059aff6a-fed8-404e-9150-74989815d7d1" />
    <UnitTestResult executionId="09668496-60a0-4e85-a5aa-26d0d5e582ad" testId="33464c95-c39e-2270-caf4-672c551a54f2" testName="HostInitialized_ShouldInvokeCallback_WhenInitializedWithItems" computerName="DKSR-EFI-04" duration="00:00:00.0124726" startTime="2023-12-22T09:35:46.6475536+01:00" endTime="2023-12-22T09:35:46.6631789+01:00" testType="13cdc9d9-ddb5-4fa4-a97d-d965ccfc6d4b" outcome="Passed" testListId="8c84fa94-04c1-424b-9868-57a2d4851a1d" relativeResultsDirectory="09668496-60a0-4e85-a5aa-26d0d5e582ad" />
    <UnitTestResult executionId="787cd45d-e0f5-4511-8494-1c02b5b9202d" testId="b15b4f4f-c7f5-4ee9-5c26-ea40d9596988" testName="Serialize_TestCases (TestParentTypeMatchCollectionThisTypeMatched)" computerName="DKSR-EFI-04" duration="00:00:00.0002655" startTime="2023-12-22T09:35:49.1006918+01:00" endTime="2023-12-22T09:35:49.1006918+01:00" testType="13cdc9d9-ddb5-4fa4-a97d-d965ccfc6d4b" outcome="Passed" testListId="8c84fa94-04c1-424b-9868-57a2d4851a1d" relativeResultsDirectory="787cd45d-e0f5-4511-8494-1c02b5b9202d" />
    <UnitTestResult executionId="036fa0b6-1c0c-4d25-acd8-ff39cfa67521" testId="3971c5d8-7ad8-4707-9b53-e6a041a0b2f8" testName="ToString_Succcess" computerName="DKSR-EFI-04" duration="00:00:00.0119188" startTime="2023-12-22T09:35:22.7099290+01:00" endTime="2023-12-22T09:35:22.7255542+01:00" testType="13cdc9d9-ddb5-4fa4-a97d-d965ccfc6d4b" outcome="Passed" testListId="8c84fa94-04c1-424b-9868-57a2d4851a1d" relativeResultsDirectory="036fa0b6-1c0c-4d25-acd8-ff39cfa67521" />
    <UnitTestResult executionId="2a1fe219-71ee-439a-a5e2-53f9ba119df0" testId="6989720a-7a6f-0085-ef6c-85a36e964ee3" testName="Serialize_TestCases (TestParentCollectionEmptyArrayProperty)" computerName="DKSR-EFI-04" duration="00:00:00.0003045" startTime="2023-12-22T09:35:48.9131895+01:00" endTime="2023-12-22T09:35:48.9288165+01:00" testType="13cdc9d9-ddb5-4fa4-a97d-d965ccfc6d4b" outcome="Passed" testListId="8c84fa94-04c1-424b-9868-57a2d4851a1d" relativeResultsDirectory="2a1fe219-71ee-439a-a5e2-53f9ba119df0" />
    <UnitTestResult executionId="6d7396bb-dd3c-46e7-a142-51b98c457d98" testId="1f3c2444-ad4b-db37-5d0a-de7606033ccd" testName="GenerateDeviceCapabilityParameters_ShouldWriteMaximum_WhenAlways" computerName="DKSR-EFI-04" duration="00:00:00.0005167" startTime="2023-12-22T09:35:54.4132211+01:00" endTime="2023-12-22T09:35:54.4132211+01:00" testType="13cdc9d9-ddb5-4fa4-a97d-d965ccfc6d4b" outcome="Passed" testListId="8c84fa94-04c1-424b-9868-57a2d4851a1d" relativeResultsDirectory="6d7396bb-dd3c-46e7-a142-51b98c457d98" />
    <UnitTestResult executionId="96a77131-7e6f-4f86-a54d-a4d54cc7f163" testId="090bb946-dfcb-8466-9f8e-938126697e92" testName="GenerateParameters_ShouldWriteMacAddress_WhenAlways" computerName="DKSR-EFI-04" duration="00:00:00.0021396" startTime="2023-12-22T09:35:54.4757211+01:00" endTime="2023-12-22T09:35:54.4757211+01:00" testType="13cdc9d9-ddb5-4fa4-a97d-d965ccfc6d4b" outcome="Passed" testListId="8c84fa94-04c1-424b-9868-57a2d4851a1d" relativeResultsDirectory="96a77131-7e6f-4f86-a54d-a4d54cc7f163" />
    <UnitTestResult executionId="cda828ea-ac63-4dd1-a145-a63d0197585e" testId="d9b69abf-addf-dcc7-c2fd-b2ff5d4f6705" testName="SplitString_When1Level_CountsLastSeparator" computerName="DKSR-EFI-04" duration="00:00:00.0002636" startTime="2023-12-22T09:35:35.0068681+01:00" endTime="2023-12-22T09:35:35.0068681+01:00" testType="13cdc9d9-ddb5-4fa4-a97d-d965ccfc6d4b" outcome="Passed" testListId="8c84fa94-04c1-424b-9868-57a2d4851a1d" relativeResultsDirectory="cda828ea-ac63-4dd1-a145-a63d0197585e" />
    <UnitTestResult executionId="17c9b35d-f574-404f-a576-088bf2f4643c" testId="da6b7e5c-6d35-dc61-721a-7a973091e15b" testName="ReadXml_ShouldReadFrameContents_WhenFrameIsPresent" computerName="DKSR-EFI-04" duration="00:00:00.0016454" startTime="2023-12-22T09:35:52.9600867+01:00" endTime="2023-12-22T09:35:52.9600867+01:00" testType="13cdc9d9-ddb5-4fa4-a97d-d965ccfc6d4b" outcome="Passed" testListId="8c84fa94-04c1-424b-9868-57a2d4851a1d" relativeResultsDirectory="17c9b35d-f574-404f-a576-088bf2f4643c" />
    <UnitTestResult executionId="31b8be0e-1452-40c5-90e7-647b2364294b" testId="2516f5ca-d06b-43f0-8619-b53bdf03ad3b" testName="GetParent_IsNull" computerName="DKSR-EFI-04" duration="00:00:00.0016595" startTime="2023-12-22T09:35:21.1630449+01:00" endTime="2023-12-22T09:35:21.1630449+01:00" testType="13cdc9d9-ddb5-4fa4-a97d-d965ccfc6d4b" outcome="Passed" testListId="8c84fa94-04c1-424b-9868-57a2d4851a1d" relativeResultsDirectory="31b8be0e-1452-40c5-90e7-647b2364294b" />
    <UnitTestResult executionId="79baa2a7-16dd-4667-8da6-0f73bf61b6e3" testId="1efc39b0-1d4c-64ee-c593-37f0c14e8022" testName="TestStartSearch_WithoutSortOrder_Success" computerName="DKSR-EFI-04" duration="00:00:00.0039806" startTime="2023-12-22T09:35:49.8506973+01:00" endTime="2023-12-22T09:35:49.8506973+01:00" testType="13cdc9d9-ddb5-4fa4-a97d-d965ccfc6d4b" outcome="Passed" testListId="8c84fa94-04c1-424b-9868-57a2d4851a1d" relativeResultsDirectory="79baa2a7-16dd-4667-8da6-0f73bf61b6e3" />
    <UnitTestResult executionId="633c4b11-dd8f-424f-b405-d9e56cf80a80" testId="fa0ba56c-3e83-3f1e-d41c-70bf0d206613" testName="RemoveItem_AnalyticsEvent_Fail_Blank" computerName="DKSR-EFI-04" duration="00:00:00.0010178" startTime="2023-12-22T09:35:51.5069536+01:00" endTime="2023-12-22T09:35:51.5225792+01:00" testType="13cdc9d9-ddb5-4fa4-a97d-d965ccfc6d4b" outcome="Passed" testListId="8c84fa94-04c1-424b-9868-57a2d4851a1d" relativeResultsDirectory="633c4b11-dd8f-424f-b405-d9e56cf80a80" />
    <UnitTestResult executionId="7788fcb6-aac1-473a-a5cb-e4b8db0aa301" testId="2c838da2-a06b-ca63-745f-8e2c255d876f" testName="GetFilterValues_NullFilter_Throws" computerName="DKSR-EFI-04" duration="00:00:00.0010913" startTime="2023-12-22T09:35:49.4600696+01:00" endTime="2023-12-22T09:35:49.4600696+01:00" testType="13cdc9d9-ddb5-4fa4-a97d-d965ccfc6d4b" outcome="Passed" testListId="8c84fa94-04c1-424b-9868-57a2d4851a1d" relativeResultsDirectory="7788fcb6-aac1-473a-a5cb-e4b8db0aa301" />
    <UnitTestResult executionId="9d5e1ea6-7e77-4d5b-839f-1f53171ac3b0" testId="5ce9e10d-7d63-e829-dad3-2b21af48d9a3" testName="Equals_IgnoreFolderType_Fail_OnServerIdNull" computerName="DKSR-EFI-04" duration="00:00:00.0004130" startTime="2023-12-22T09:35:21.1161715+01:00" endTime="2023-12-22T09:35:21.1161715+01:00" testType="13cdc9d9-ddb5-4fa4-a97d-d965ccfc6d4b" outcome="Passed" testListId="8c84fa94-04c1-424b-9868-57a2d4851a1d" relativeResultsDirectory="9d5e1ea6-7e77-4d5b-839f-1f53171ac3b0" />
    <UnitTestResult executionId="f2914f8a-6c2a-4af5-83fb-dae40c275e71" testId="9aaf4622-5926-683b-8683-a0f59ca6a06c" testName="GetPropertiesAsync_FirstInvocationCancelled_DelegatedToInternalMethodOnce" computerName="DKSR-EFI-04" duration="00:00:00.0110969" startTime="2023-12-22T09:35:50.0694496+01:00" endTime="2023-12-22T09:35:50.0850708+01:00" testType="13cdc9d9-ddb5-4fa4-a97d-d965ccfc6d4b" outcome="Passed" testListId="8c84fa94-04c1-424b-9868-57a2d4851a1d" relativeResultsDirectory="f2914f8a-6c2a-4af5-83fb-dae40c275e71" />
    <UnitTestResult executionId="b4f68802-287c-45ca-bf32-d16454a4d469" testId="1f165af9-b6e7-bd17-1c06-1628746543b3" testName="GetNearest_ShouldReturnLastElementFromToolkitResponse_WhenTimestampIsAfterLastElementInResponse" computerName="DKSR-EFI-04" duration="00:00:00.0021742" startTime="2023-12-22T09:35:54.9288505+01:00" endTime="2023-12-22T09:35:54.9288505+01:00" testType="13cdc9d9-ddb5-4fa4-a97d-d965ccfc6d4b" outcome="Passed" testListId="8c84fa94-04c1-424b-9868-57a2d4851a1d" relativeResultsDirectory="b4f68802-287c-45ca-bf32-d16454a4d469" />
    <UnitTestResult executionId="15282f3f-d642-4d75-a5bc-2e81332d9025" testId="d8308a27-6fbc-21d5-664d-c54e34f438da" testName="WriteXml_ShouldWriteframe_WhenThereIsOneFramePresent" computerName="DKSR-EFI-04" duration="00:00:00.0011976" startTime="2023-12-22T09:35:52.9757117+01:00" endTime="2023-12-22T09:35:52.9757117+01:00" testType="13cdc9d9-ddb5-4fa4-a97d-d965ccfc6d4b" outcome="Passed" testListId="8c84fa94-04c1-424b-9868-57a2d4851a1d" relativeResultsDirectory="15282f3f-d642-4d75-a5bc-2e81332d9025" />
    <UnitTestResult executionId="6c556189-8d4a-47a2-bbd6-6ccc29a97c1a" testId="8f17e532-4f0a-9dfe-05e8-c96d494622ac" testName="WriteXml_ShouldWriteXAttribute_WhenPresent" computerName="DKSR-EFI-04" duration="00:00:00.0003727" startTime="2023-12-22T09:35:51.9913314+01:00" endTime="2023-12-22T09:35:51.9913314+01:00" testType="13cdc9d9-ddb5-4fa4-a97d-d965ccfc6d4b" outcome="Passed" testListId="8c84fa94-04c1-424b-9868-57a2d4851a1d" relativeResultsDirectory="6c556189-8d4a-47a2-bbd6-6ccc29a97c1a" />
    <UnitTestResult executionId="3e494788-ff9e-4482-938c-ae300ffdc573" testId="679fa446-5363-b4de-5431-4cdafa751f6b" testName="TestConstructor_MessageParametersAsWarning_Success" computerName="DKSR-EFI-04" duration="00:00:00.0002061" startTime="2023-12-22T09:35:50.9600762+01:00" endTime="2023-12-22T09:35:50.9600762+01:00" testType="13cdc9d9-ddb5-4fa4-a97d-d965ccfc6d4b" outcome="Passed" testListId="8c84fa94-04c1-424b-9868-57a2d4851a1d" relativeResultsDirectory="3e494788-ff9e-4482-938c-ae300ffdc573" />
    <UnitTestResult executionId="a92eb237-15ed-4c06-b3be-a7e4e5ec8dac" testId="31d165a4-0514-1831-5c27-9754c33030c7" testName="CountByItems_Activated_Grace" computerName="DKSR-EFI-04" duration="00:00:00.0018793" startTime="2023-12-22T09:35:54.2257188+01:00" endTime="2023-12-22T09:35:54.2257188+01:00" testType="13cdc9d9-ddb5-4fa4-a97d-d965ccfc6d4b" outcome="Passed" testListId="8c84fa94-04c1-424b-9868-57a2d4851a1d" relativeResultsDirectory="a92eb237-15ed-4c06-b3be-a7e4e5ec8dac" />
    <UnitTestResult executionId="401df10f-d7b0-4e1f-b4ac-767f0e0bb14f" testId="897d70f0-e357-0848-3b55-d93cbcae3720" testName="Equals_Fail_OnObjectString" computerName="DKSR-EFI-04" duration="00:00:00.0004175" startTime="2023-12-22T09:35:21.1317955+01:00" endTime="2023-12-22T09:35:21.1317955+01:00" testType="13cdc9d9-ddb5-4fa4-a97d-d965ccfc6d4b" outcome="Passed" testListId="8c84fa94-04c1-424b-9868-57a2d4851a1d" relativeResultsDirectory="401df10f-d7b0-4e1f-b4ac-767f0e0bb14f" />
    <UnitTestResult executionId="d90872e7-0456-4fa7-9c12-537c7d2f23b7" testId="9292478f-daf1-afe9-9c29-f4faf9350c76" testName="Peek_StoppedQueue_ReturnsNull" computerName="DKSR-EFI-04" duration="00:00:00.0001753" startTime="2023-12-22T09:35:35.2099955+01:00" endTime="2023-12-22T09:35:35.2099955+01:00" testType="13cdc9d9-ddb5-4fa4-a97d-d965ccfc6d4b" outcome="Passed" testListId="8c84fa94-04c1-424b-9868-57a2d4851a1d" relativeResultsDirectory="d90872e7-0456-4fa7-9c12-537c7d2f23b7" />
    <UnitTestResult executionId="85a5adeb-4cd3-4b8b-ac1f-61136d450396" testId="08483f1f-4568-e039-2698-7a75165ec4e4" testName="GetHashType_ShouldReturnNotSupported_WhenInputIsSHA512Hash" computerName="DKSR-EFI-04" duration="00:00:00.0079737" startTime="2023-12-22T09:35:55.1476031+01:00" endTime="2023-12-22T09:35:55.1476031+01:00" testType="13cdc9d9-ddb5-4fa4-a97d-d965ccfc6d4b" outcome="Passed" testListId="8c84fa94-04c1-424b-9868-57a2d4851a1d" relativeResultsDirectory="85a5adeb-4cd3-4b8b-ac1f-61136d450396" />
    <UnitTestResult executionId="fad0667c-c7d2-4e3e-beb6-8bc87f4a8def" testId="7487e89c-78f3-9567-7976-60fdef3ca987" testName="ReadXml_ShouldLogWarning_WhenBoundingBoxIsMissing" computerName="DKSR-EFI-04" duration="00:00:00.0017279" startTime="2023-12-22T09:35:52.7569638+01:00" endTime="2023-12-22T09:35:52.7569638+01:00" testType="13cdc9d9-ddb5-4fa4-a97d-d965ccfc6d4b" outcome="Passed" testListId="8c84fa94-04c1-424b-9868-57a2d4851a1d" relativeResultsDirectory="fad0667c-c7d2-4e3e-beb6-8bc87f4a8def" />
    <UnitTestResult executionId="991ff6a6-33d0-4c95-8509-0ffa78dd484e" testId="6c89edff-e640-ffef-eff3-e38e5c9bbb28" testName="Remove_ItemNotInQueue_NoChange" computerName="DKSR-EFI-04" duration="00:00:00.0002167" startTime="2023-12-22T09:35:35.2099955+01:00" endTime="2023-12-22T09:35:35.2256206+01:00" testType="13cdc9d9-ddb5-4fa4-a97d-d965ccfc6d4b" outcome="Passed" testListId="8c84fa94-04c1-424b-9868-57a2d4851a1d" relativeResultsDirectory="991ff6a6-33d0-4c95-8509-0ffa78dd484e" />
    <UnitTestResult executionId="17484b95-3032-467b-a715-9a91c3b06cd7" testId="e4c24bc9-2414-541c-9971-01e696ad9e3b" testName="Ctor_NoStandardFilters_Success" computerName="DKSR-EFI-04" duration="00:00:00.0003706" startTime="2023-12-22T09:35:50.8194519+01:00" endTime="2023-12-22T09:35:50.8194519+01:00" testType="13cdc9d9-ddb5-4fa4-a97d-d965ccfc6d4b" outcome="Passed" testListId="8c84fa94-04c1-424b-9868-57a2d4851a1d" relativeResultsDirectory="17484b95-3032-467b-a715-9a91c3b06cd7" />
    <UnitTestResult executionId="00a6fc45-fa56-4b2d-af76-4bc943a79889" testId="6b9c0e82-f9ec-9ff8-f609-e65978a74cf5" testName="ReadXml_ShouldIgnoreBehaviour_WhenBehaviourIsPresenWithWrongNamespace" computerName="DKSR-EFI-04" duration="00:00:00.0002587" startTime="2023-12-22T09:35:52.5538353+01:00" endTime="2023-12-22T09:35:52.5538353+01:00" testType="13cdc9d9-ddb5-4fa4-a97d-d965ccfc6d4b" outcome="Passed" testListId="8c84fa94-04c1-424b-9868-57a2d4851a1d" relativeResultsDirectory="00a6fc45-fa56-4b2d-af76-4bc943a79889" />
    <UnitTestResult executionId="37b32de2-7e92-4d21-8a71-199d0be0b15b" testId="20ff39df-6b6f-8d20-2277-72d3fc9ee983" testName="Convert_MultiArgumentConverter_ShouldNotAllowNullValue_WhenArgumentIsValueType" computerName="DKSR-EFI-04" duration="00:00:00.0007083" startTime="2023-12-22T09:35:46.5381789+01:00" endTime="2023-12-22T09:35:46.5381789+01:00" testType="13cdc9d9-ddb5-4fa4-a97d-d965ccfc6d4b" outcome="Passed" testListId="8c84fa94-04c1-424b-9868-57a2d4851a1d" relativeResultsDirectory="37b32de2-7e92-4d21-8a71-199d0be0b15b" />
    <UnitTestResult executionId="52fed657-d169-4722-b219-b2bfd4ebe4c0" testId="a344a1b7-3c88-1dd6-4640-84dd30900694" testName="Remove_ShouldInvokeCallback_WhenObservable" computerName="DKSR-EFI-04" duration="00:00:00.0021693" startTime="2023-12-22T09:35:46.7413051+01:00" endTime="2023-12-22T09:35:46.7413051+01:00" testType="13cdc9d9-ddb5-4fa4-a97d-d965ccfc6d4b" outcome="Passed" testListId="8c84fa94-04c1-424b-9868-57a2d4851a1d" relativeResultsDirectory="52fed657-d169-4722-b219-b2bfd4ebe4c0" />
    <UnitTestResult executionId="3c5cf8d8-f5b5-4c35-8541-d2fbb53bdfa7" testId="66008b6f-5831-0af0-c7ea-7bf08df5fe34" testName="Minimize_ShouldReturnOneInterval_WhenListContainsTwoOverlappingIntervals" computerName="DKSR-EFI-04" duration="00:00:00.0006808" startTime="2023-12-22T09:35:35.1006194+01:00" endTime="2023-12-22T09:35:35.1006194+01:00" testType="13cdc9d9-ddb5-4fa4-a97d-d965ccfc6d4b" outcome="Passed" testListId="8c84fa94-04c1-424b-9868-57a2d4851a1d" relativeResultsDirectory="3c5cf8d8-f5b5-4c35-8541-d2fbb53bdfa7" />
    <UnitTestResult executionId="a654b41a-1d00-4ac5-b68b-639106676f22" testId="461181b2-b5d1-1d54-a990-5025bc85a37b" testName="EqualGuids_Fail_OnParentId" computerName="DKSR-EFI-04" duration="00:00:00.0004420" startTime="2023-12-22T09:35:21.1474216+01:00" endTime="2023-12-22T09:35:21.1474216+01:00" testType="13cdc9d9-ddb5-4fa4-a97d-d965ccfc6d4b" outcome="Passed" testListId="8c84fa94-04c1-424b-9868-57a2d4851a1d" relativeResultsDirectory="a654b41a-1d00-4ac5-b68b-639106676f22" />
    <UnitTestResult executionId="ea27e1b5-ce1e-4f0b-b4d4-45743a2b1047" testId="5a6e28a5-0456-0238-773c-6170fb1e4f85" testName="SetCacheContents_HandleEmptyList" computerName="DKSR-EFI-04" duration="00:00:00.0018226" startTime="2023-12-22T09:35:54.5225977+01:00" endTime="2023-12-22T09:35:54.5225977+01:00" testType="13cdc9d9-ddb5-4fa4-a97d-d965ccfc6d4b" outcome="Passed" testListId="8c84fa94-04c1-424b-9868-57a2d4851a1d" relativeResultsDirectory="ea27e1b5-ce1e-4f0b-b4d4-45743a2b1047" />
    <UnitTestResult executionId="9f65ec27-ff32-418f-8754-b5d0c06fcd67" testId="09121af1-86de-0b56-a5ac-7cfa89066de2" testName="Serialize_TestCases (TestParentTypeMatchInterfaceNotThisTypeNotMatched)" computerName="DKSR-EFI-04" duration="00:00:00.0007896" startTime="2023-12-22T09:35:49.1319423+01:00" endTime="2023-12-22T09:35:49.1319423+01:00" testType="13cdc9d9-ddb5-4fa4-a97d-d965ccfc6d4b" outcome="Passed" testListId="8c84fa94-04c1-424b-9868-57a2d4851a1d" relativeResultsDirectory="9f65ec27-ff32-418f-8754-b5d0c06fcd67" />
    <UnitTestResult executionId="cecb5bc8-6348-4d3d-b1e0-d8fb7919c86d" testId="6afb1227-217c-b2e9-db11-52fb1d5fc56a" testName="Add_ShouldUpdateStartCache_WhenOldStartTimeIsLaterThanAdded" computerName="DKSR-EFI-04" duration="00:00:00.0251192" startTime="2023-12-22T09:35:55.2413518+01:00" endTime="2023-12-22T09:35:55.2726010+01:00" testType="13cdc9d9-ddb5-4fa4-a97d-d965ccfc6d4b" outcome="Passed" testListId="8c84fa94-04c1-424b-9868-57a2d4851a1d" relativeResultsDirectory="cecb5bc8-6348-4d3d-b1e0-d8fb7919c86d" />
    <UnitTestResult executionId="96f44135-ac01-48bc-b02d-614ffbdf1dd0" testId="53b81941-356a-16a1-a951-ad2b635230e2" testName="Enqueue_Success" computerName="DKSR-EFI-04" duration="00:00:00.0026694" startTime="2023-12-22T09:35:35.1318694+01:00" endTime="2023-12-22T09:35:35.1318694+01:00" testType="13cdc9d9-ddb5-4fa4-a97d-d965ccfc6d4b" outcome="Passed" testListId="8c84fa94-04c1-424b-9868-57a2d4851a1d" relativeResultsDirectory="96f44135-ac01-48bc-b02d-614ffbdf1dd0" />
    <UnitTestResult executionId="998ee25d-ab80-4620-9965-61283901c64b" testId="424fc334-0ed6-9dd1-d9cb-ffec470cc003" testName="Serialize_TestCases (TestParentCollectionNotEmptyArrayPropertyProperty)" computerName="DKSR-EFI-04" duration="00:00:00.0002312" startTime="2023-12-22T09:35:48.9288165+01:00" endTime="2023-12-22T09:35:48.9288165+01:00" testType="13cdc9d9-ddb5-4fa4-a97d-d965ccfc6d4b" outcome="Passed" testListId="8c84fa94-04c1-424b-9868-57a2d4851a1d" relativeResultsDirectory="998ee25d-ab80-4620-9965-61283901c64b" />
    <UnitTestResult executionId="523843b3-b954-4539-b0f4-d9e597cd3ded" testId="37465b96-5d9d-91f9-7bbc-1b2bd9de14df" testName="GetPreviousSequence_ShouldReturnFirstEntryFromToolkitResult_WhenDataWasReturned" computerName="DKSR-EFI-04" duration="00:00:00.0026720" startTime="2023-12-22T09:35:55.0382268+01:00" endTime="2023-12-22T09:35:55.0382268+01:00" testType="13cdc9d9-ddb5-4fa4-a97d-d965ccfc6d4b" outcome="Passed" testListId="8c84fa94-04c1-424b-9868-57a2d4851a1d" relativeResultsDirectory="523843b3-b954-4539-b0f4-d9e597cd3ded" />
    <UnitTestResult executionId="5af3c38f-fa97-41bd-aca7-12eb90933484" testId="00d2b6ae-d05f-2d34-4eb2-fb5187257361" testName="Equals_ShouldHaveValueSemantics_WhenAlways" computerName="DKSR-EFI-04" duration="00:00:00.0009491" startTime="2023-12-22T09:35:51.7882060+01:00" endTime="2023-12-22T09:35:51.7882060+01:00" testType="13cdc9d9-ddb5-4fa4-a97d-d965ccfc6d4b" outcome="Passed" testListId="8c84fa94-04c1-424b-9868-57a2d4851a1d" relativeResultsDirectory="5af3c38f-fa97-41bd-aca7-12eb90933484" />
    <UnitTestResult executionId="15fef5e7-785f-46a8-995f-1d7fab33ff34" testId="69b55b39-a9d9-76d0-7e5a-7249ce9b54b6" testName="Append_Property_Array" computerName="DKSR-EFI-04" duration="00:00:00.0108088" startTime="2023-12-22T09:35:51.0850765+01:00" endTime="2023-12-22T09:35:51.1007039+01:00" testType="13cdc9d9-ddb5-4fa4-a97d-d965ccfc6d4b" outcome="Passed" testListId="8c84fa94-04c1-424b-9868-57a2d4851a1d" relativeResultsDirectory="15fef5e7-785f-46a8-995f-1d7fab33ff34" />
    <UnitTestResult executionId="78b422ec-4416-4496-a3e5-36b2f1abee42" testId="c0fdb5a9-d6d3-7bbe-3d81-a946d84b5551" testName="ReadXml_ShouldReadTranslateContents_WhenTranslateIsPresent" computerName="DKSR-EFI-04" duration="00:00:00.0008109" startTime="2023-12-22T09:35:52.8507121+01:00" endTime="2023-12-22T09:35:52.8507121+01:00" testType="13cdc9d9-ddb5-4fa4-a97d-d965ccfc6d4b" outcome="Passed" testListId="8c84fa94-04c1-424b-9868-57a2d4851a1d" relativeResultsDirectory="78b422ec-4416-4496-a3e5-36b2f1abee42" />
    <UnitTestResult executionId="0a560828-11bf-449e-b950-b991328b1397" testId="1102b248-ebc3-17f0-ceef-32b216ce1ff2" testName="IsMultiSelection_ChangesSelectionMode" computerName="DKSR-EFI-04" duration="00:00:00.0012294" startTime="2023-12-22T09:35:45.5069235+01:00" endTime="2023-12-22T09:35:45.5069235+01:00" testType="13cdc9d9-ddb5-4fa4-a97d-d965ccfc6d4b" outcome="Passed" testListId="8c84fa94-04c1-424b-9868-57a2d4851a1d" relativeResultsDirectory="0a560828-11bf-449e-b950-b991328b1397" />
    <UnitTestResult executionId="30fac97a-c898-4740-b1ea-3c2b5b147c16" testId="bc0974a0-deaf-8644-39a5-1ed48142447f" testName="GenerateDeviceCapabilityParameters_ShouldAddSubclassParameters_WhenAlways" computerName="DKSR-EFI-04" duration="00:00:00.0003418" startTime="2023-12-22T09:35:54.6632227+01:00" endTime="2023-12-22T09:35:54.6632227+01:00" testType="13cdc9d9-ddb5-4fa4-a97d-d965ccfc6d4b" outcome="Passed" testListId="8c84fa94-04c1-424b-9868-57a2d4851a1d" relativeResultsDirectory="30fac97a-c898-4740-b1ea-3c2b5b147c16" />
    <UnitTestResult executionId="0a0f882e-f752-415b-ba13-ef8d13b56a34" testId="b00ecc30-ada6-8010-f3a3-4abf75838207" testName="AddItem_AnalyticsEvent_Success" computerName="DKSR-EFI-04" duration="00:00:00.0042079" startTime="2023-12-22T09:35:51.5225792+01:00" endTime="2023-12-22T09:35:51.5225792+01:00" testType="13cdc9d9-ddb5-4fa4-a97d-d965ccfc6d4b" outcome="Passed" testListId="8c84fa94-04c1-424b-9868-57a2d4851a1d" relativeResultsDirectory="0a0f882e-f752-415b-ba13-ef8d13b56a34" />
    <UnitTestResult executionId="6dc2bec5-670b-4e83-a95c-0b3b49e93f80" testId="1ac2e93a-b365-1e96-2efb-b968ca2d75c7" testName="TestRestartSearch_DefinitionNotRespectingCancellation_Success" computerName="DKSR-EFI-04" duration="00:00:00.0241108" startTime="2023-12-22T09:35:50.0069485+01:00" endTime="2023-12-22T09:35:50.0225722+01:00" testType="13cdc9d9-ddb5-4fa4-a97d-d965ccfc6d4b" outcome="Passed" testListId="8c84fa94-04c1-424b-9868-57a2d4851a1d" relativeResultsDirectory="6dc2bec5-670b-4e83-a95c-0b3b49e93f80" />
    <UnitTestResult executionId="252884b4-3f03-487e-9640-7ed61896579b" testId="78982d6b-5a61-907d-6e51-74d4614c2331" testName="WriteMetadataXmlWithStream_ShouldWriteDocumentHeading_WhenDataIsPresent" computerName="DKSR-EFI-04" duration="00:00:00.0003856" startTime="2023-12-22T09:35:52.2569601+01:00" endTime="2023-12-22T09:35:52.2569601+01:00" testType="13cdc9d9-ddb5-4fa4-a97d-d965ccfc6d4b" outcome="Passed" testListId="8c84fa94-04c1-424b-9868-57a2d4851a1d" relativeResultsDirectory="252884b4-3f03-487e-9640-7ed61896579b" />
    <UnitTestResult executionId="94d94e62-e524-458a-96e3-a01d4a5d273e" testId="2278707c-4cb1-7a76-66a2-6338bd3a574d" testName="Equals_ShouldHaveValueSemantics_Always" computerName="DKSR-EFI-04" duration="00:00:00.0004858" startTime="2023-12-22T09:35:51.9132083+01:00" endTime="2023-12-22T09:35:51.9132083+01:00" testType="13cdc9d9-ddb5-4fa4-a97d-d965ccfc6d4b" outcome="Passed" testListId="8c84fa94-04c1-424b-9868-57a2d4851a1d" relativeResultsDirectory="94d94e62-e524-458a-96e3-a01d4a5d273e" />
    <UnitTestResult executionId="e4f6c3c3-7f5b-4e4a-b58f-473b628410e2" testId="be7d7f3c-32c0-1ba5-667f-eebdbcb535c4" testName="ReadyToClose_OkCommand_SingleSelect_Thrown" computerName="DKSR-EFI-04" duration="00:00:00.0005838" startTime="2023-12-22T09:35:45.7569231+01:00" endTime="2023-12-22T09:35:45.7569231+01:00" testType="13cdc9d9-ddb5-4fa4-a97d-d965ccfc6d4b" outcome="Passed" testListId="8c84fa94-04c1-424b-9868-57a2d4851a1d" relativeResultsDirectory="e4f6c3c3-7f5b-4e4a-b58f-473b628410e2" />
    <UnitTestResult executionId="bac4b295-4085-44ac-8278-aac6a3caafdf" testId="60e95dc2-1384-1da5-37c2-e879ef01c39a" testName="RegionSelectionFilterValue_DeserializeWithMissingItem_Fails" computerName="DKSR-EFI-04" duration="00:00:00.0017135" startTime="2023-12-22T09:35:50.8038272+01:00" endTime="2023-12-22T09:35:50.8038272+01:00" testType="13cdc9d9-ddb5-4fa4-a97d-d965ccfc6d4b" outcome="Passed" testListId="8c84fa94-04c1-424b-9868-57a2d4851a1d" relativeResultsDirectory="bac4b295-4085-44ac-8278-aac6a3caafdf" />
    <UnitTestResult executionId="9c202f72-9df7-4435-9077-faa03ad5cb2a" testId="9b0e5cb1-f4f9-6c49-68ba-942303d83183" testName="ReadXml_ShouldReadFrame_WhenCorrectFrameIsPresent" computerName="DKSR-EFI-04" duration="00:00:00.0004793" startTime="2023-12-22T09:35:52.9444627+01:00" endTime="2023-12-22T09:35:52.9444627+01:00" testType="13cdc9d9-ddb5-4fa4-a97d-d965ccfc6d4b" outcome="Passed" testListId="8c84fa94-04c1-424b-9868-57a2d4851a1d" relativeResultsDirectory="9c202f72-9df7-4435-9077-faa03ad5cb2a" />
    <UnitTestResult executionId="90389adb-bb9c-4de9-877f-2626dc6fa374" testId="8b839df5-395a-2e9c-1956-4200a4a4d5cd" testName="TryParseArgbString_ShouldCreateInstanceWithCorrectARGBValues_WhenFormatIsCorrect" computerName="DKSR-EFI-04" duration="00:00:00.0028124" startTime="2023-12-22T09:35:51.8663310+01:00" endTime="2023-12-22T09:35:51.8819593+01:00" testType="13cdc9d9-ddb5-4fa4-a97d-d965ccfc6d4b" outcome="Passed" testListId="8c84fa94-04c1-424b-9868-57a2d4851a1d" relativeResultsDirectory="90389adb-bb9c-4de9-877f-2626dc6fa374" />
    <UnitTestResult executionId="919f8852-d330-482a-a506-f3f532343680" testId="be95620e-7d9c-a81d-b372-a97d28330950" testName="ReadXml_ShouldReadGeodeticSystem_WhenGeodeticSystemIsPresent" computerName="DKSR-EFI-04" duration="00:00:00.0003206" startTime="2023-12-22T09:35:52.4444617+01:00" endTime="2023-12-22T09:35:52.4444617+01:00" testType="13cdc9d9-ddb5-4fa4-a97d-d965ccfc6d4b" outcome="Passed" testListId="8c84fa94-04c1-424b-9868-57a2d4851a1d" relativeResultsDirectory="919f8852-d330-482a-a506-f3f532343680" />
    <UnitTestResult executionId="39c0bd70-e667-4d67-a28a-0c7d6b74972f" testId="7a0dc36a-c1cd-21c8-9ba3-75ff2dea0cf7" testName="Ctor_TwoStandardFiltersAndTwoCustomFilters_Success" computerName="DKSR-EFI-04" duration="00:00:00.0004391" startTime="2023-12-22T09:35:50.9288272+01:00" endTime="2023-12-22T09:35:50.9288272+01:00" testType="13cdc9d9-ddb5-4fa4-a97d-d965ccfc6d4b" outcome="Passed" testListId="8c84fa94-04c1-424b-9868-57a2d4851a1d" relativeResultsDirectory="39c0bd70-e667-4d67-a28a-0c7d6b74972f" />
    <UnitTestResult executionId="50544b74-b298-4d1b-bee4-4d741c6bfcea" testId="b9119b3f-c5c3-480d-71eb-f7bd5475dbde" testName="ReadXml_ShouldNotSetIsIdle_WhenIdleElementIsPresentWithWrongNamespace" computerName="DKSR-EFI-04" duration="00:00:00.0003859" startTime="2023-12-22T09:35:51.7569562+01:00" endTime="2023-12-22T09:35:51.7569562+01:00" testType="13cdc9d9-ddb5-4fa4-a97d-d965ccfc6d4b" outcome="Passed" testListId="8c84fa94-04c1-424b-9868-57a2d4851a1d" relativeResultsDirectory="50544b74-b298-4d1b-bee4-4d741c6bfcea" />
    <UnitTestResult executionId="4ca38f56-4b5c-4d61-9088-952e752b7807" testId="044b544f-c581-0c62-7f52-eaa9bd1b769a" testName="ReadXml_ShouldReadColorAttribute_WhenPresent" computerName="DKSR-EFI-04" duration="00:00:00.0012877" startTime="2023-12-22T09:35:51.9600815+01:00" endTime="2023-12-22T09:35:51.9600815+01:00" testType="13cdc9d9-ddb5-4fa4-a97d-d965ccfc6d4b" outcome="Passed" testListId="8c84fa94-04c1-424b-9868-57a2d4851a1d" relativeResultsDirectory="4ca38f56-4b5c-4d61-9088-952e752b7807" />
    <UnitTestResult executionId="fad9f962-1d39-44d2-b2e0-f9539d926bb7" testId="cbd53ab9-3037-bcc9-1b3c-c2cf3018f4d2" testName="GetItems_ShouldReturnNull_WhenUnknownKind" computerName="DKSR-EFI-04" duration="00:00:00.0004197" startTime="2023-12-22T09:35:24.9286926+01:00" endTime="2023-12-22T09:35:24.9286926+01:00" testType="13cdc9d9-ddb5-4fa4-a97d-d965ccfc6d4b" outcome="Passed" testListId="8c84fa94-04c1-424b-9868-57a2d4851a1d" relativeResultsDirectory="fad9f962-1d39-44d2-b2e0-f9539d926bb7" />
    <UnitTestResult executionId="20c4e232-cab7-48ce-af7e-016c52a2503a" testId="b2a7a04f-f1f1-7276-152d-8d2269ca96a4" testName="Dequeue_QueueStopping_Success" computerName="DKSR-EFI-04" duration="00:00:00.0006506" startTime="2023-12-22T09:35:35.1631206+01:00" endTime="2023-12-22T09:35:35.1631206+01:00" testType="13cdc9d9-ddb5-4fa4-a97d-d965ccfc6d4b" outcome="Passed" testListId="8c84fa94-04c1-424b-9868-57a2d4851a1d" relativeResultsDirectory="20c4e232-cab7-48ce-af7e-016c52a2503a" />
    <UnitTestResult executionId="bb6fe969-9ed3-468f-8330-900dc4dab24a" testId="3319ab63-2def-0c9c-879d-16907c7c07ea" testName="ProvideValue_ShouldUpdateTarget_WhenItemDataPropertyNameChanges" computerName="DKSR-EFI-04" duration="00:00:00.0014213" startTime="2023-12-22T09:35:47.6631833+01:00" endTime="2023-12-22T09:35:47.6631833+01:00" testType="13cdc9d9-ddb5-4fa4-a97d-d965ccfc6d4b" outcome="Passed" testListId="8c84fa94-04c1-424b-9868-57a2d4851a1d" relativeResultsDirectory="bb6fe969-9ed3-468f-8330-900dc4dab24a" />
    <UnitTestResult executionId="81904954-720a-44b1-8d8a-255e872f0388" testId="1c54ef9e-0fd3-3065-2074-36e139afc976" testName="Stop_ProcessItemThrowsException_ProcessorSurvives" computerName="DKSR-EFI-04" duration="00:00:00.5400831" startTime="2023-12-22T09:35:43.9756646+01:00" endTime="2023-12-22T09:35:44.5069162+01:00" testType="13cdc9d9-ddb5-4fa4-a97d-d965ccfc6d4b" outcome="Passed" testListId="8c84fa94-04c1-424b-9868-57a2d4851a1d" relativeResultsDirectory="81904954-720a-44b1-8d8a-255e872f0388" />
    <UnitTestResult executionId="bf510ff0-471b-46cd-9ff1-bfea4b890f65" testId="c47b0ccb-123e-8cec-2750-cacbc255e2ef" testName="ToJson_ListElement_Array" computerName="DKSR-EFI-04" duration="00:00:00.0001983" startTime="2023-12-22T09:35:51.2413286+01:00" endTime="2023-12-22T09:35:51.2413286+01:00" testType="13cdc9d9-ddb5-4fa4-a97d-d965ccfc6d4b" outcome="Passed" testListId="8c84fa94-04c1-424b-9868-57a2d4851a1d" relativeResultsDirectory="bf510ff0-471b-46cd-9ff1-bfea4b890f65" />
    <UnitTestResult executionId="5288a0f0-1579-4f3d-abb7-8569e47b6167" testId="66e61549-2664-849a-b0d5-68906d176e33" testName="Construct_Server_ServerIdOnly_checked" computerName="DKSR-EFI-04" duration="00:00:00.0247067" startTime="2023-12-22T09:35:20.8974206+01:00" endTime="2023-12-22T09:35:20.9130442+01:00" testType="13cdc9d9-ddb5-4fa4-a97d-d965ccfc6d4b" outcome="Passed" testListId="8c84fa94-04c1-424b-9868-57a2d4851a1d" relativeResultsDirectory="5288a0f0-1579-4f3d-abb7-8569e47b6167" />
    <UnitTestResult executionId="dd211713-6833-43a9-8e7b-d338e4b6abaf" testId="a53b6d0c-a89a-620c-77ca-f9530854f6a0" testName="ReadXml_ShouldLogWarning_WhenRequiredAttributeIsMissing" computerName="DKSR-EFI-04" duration="00:00:00.0011633" startTime="2023-12-22T09:35:52.0382086+01:00" endTime="2023-12-22T09:35:52.0382086+01:00" testType="13cdc9d9-ddb5-4fa4-a97d-d965ccfc6d4b" outcome="Passed" testListId="8c84fa94-04c1-424b-9868-57a2d4851a1d" relativeResultsDirectory="dd211713-6833-43a9-8e7b-d338e4b6abaf" />
    <UnitTestResult executionId="ccec855e-8c1e-46cf-8d0f-f659c0494597" testId="6b8d7eb7-6306-1854-531e-9df54451cb92" testName="WriteXml_ShouldWriteAllObjects_WhenThereAreMultipleObjectsPresent" computerName="DKSR-EFI-04" duration="00:00:00.0010592" startTime="2023-12-22T09:35:52.1163350+01:00" endTime="2023-12-22T09:35:52.1163350+01:00" testType="13cdc9d9-ddb5-4fa4-a97d-d965ccfc6d4b" outcome="Passed" testListId="8c84fa94-04c1-424b-9868-57a2d4851a1d" relativeResultsDirectory="ccec855e-8c1e-46cf-8d0f-f659c0494597" />
    <UnitTestResult executionId="9946a6d8-93df-4d0d-87f2-f4e836e125b7" testId="65a78e97-54ce-8026-0240-7af1b5e1a5a5" testName="GetEnd_ShouldReturnNull_WhenToolkitReturnsResponseWithNullDataList" computerName="DKSR-EFI-04" duration="00:00:00.0018134" startTime="2023-12-22T09:35:54.8351018+01:00" endTime="2023-12-22T09:35:54.8507258+01:00" testType="13cdc9d9-ddb5-4fa4-a97d-d965ccfc6d4b" outcome="Passed" testListId="8c84fa94-04c1-424b-9868-57a2d4851a1d" relativeResultsDirectory="9946a6d8-93df-4d0d-87f2-f4e836e125b7" />
    <UnitTestResult executionId="63752aaa-70d1-4d7a-9d7d-5a5b0c44a3ca" testId="1a23ceed-6bf2-7030-b18a-91b782df52d2" testName="IconOverlay_BuiltIn_VaryingOverlays_Success" computerName="DKSR-EFI-04" duration="00:00:00.4118201" startTime="2023-12-22T09:35:22.2099247+01:00" endTime="2023-12-22T09:35:22.6161800+01:00" testType="13cdc9d9-ddb5-4fa4-a97d-d965ccfc6d4b" outcome="Passed" testListId="8c84fa94-04c1-424b-9868-57a2d4851a1d" relativeResultsDirectory="63752aaa-70d1-4d7a-9d7d-5a5b0c44a3ca" />
    <UnitTestResult executionId="c3f74dc5-d593-4eca-ab22-8209666b42a8" testId="e843bfee-0457-6dab-bf5f-4166d9265b34" testName="ReadXml_ShouldReadTextValue_WhenPresent" computerName="DKSR-EFI-04" duration="00:00:00.0002924" startTime="2023-12-22T09:35:51.9600815+01:00" endTime="2023-12-22T09:35:51.9600815+01:00" testType="13cdc9d9-ddb5-4fa4-a97d-d965ccfc6d4b" outcome="Passed" testListId="8c84fa94-04c1-424b-9868-57a2d4851a1d" relativeResultsDirectory="c3f74dc5-d593-4eca-ab22-8209666b42a8" />
    <UnitTestResult executionId="75235ac9-f079-4a67-88cf-45f60def5e34" testId="ad10243a-5005-2c62-ef03-970547f7bc68" testName="GenerateTypeDefinintionParameters_ShouldWriteId_WhenAlways" computerName="DKSR-EFI-04" duration="00:00:00.0004915" startTime="2023-12-22T09:35:55.0850988+01:00" endTime="2023-12-22T09:35:55.0850988+01:00" testType="13cdc9d9-ddb5-4fa4-a97d-d965ccfc6d4b" outcome="Passed" testListId="8c84fa94-04c1-424b-9868-57a2d4851a1d" relativeResultsDirectory="75235ac9-f079-4a67-88cf-45f60def5e34" />
    <UnitTestResult executionId="49b41a45-56dd-41c0-be9c-bb4cf782241e" testId="e5d77a31-6b9f-c926-244b-f6a80ab8552d" testName="GetAllFrames_ShouldReturnFramesForSingleVideoAnalytics_WhenThereIsOneVideoAnalytics" computerName="DKSR-EFI-04" duration="00:00:00.0005101" startTime="2023-12-22T09:35:52.3819624+01:00" endTime="2023-12-22T09:35:52.3819624+01:00" testType="13cdc9d9-ddb5-4fa4-a97d-d965ccfc6d4b" outcome="Passed" testListId="8c84fa94-04c1-424b-9868-57a2d4851a1d" relativeResultsDirectory="49b41a45-56dd-41c0-be9c-bb4cf782241e" />
    <UnitTestResult executionId="d0dd99e1-7a8e-4ed4-840c-81fb0c81de53" testId="f7581027-c1a4-443d-888a-b124436b90b1" testName="ReadXml_ShouldIgnoreTransformation_WhenTransformationIsPresenWithWrongNamespace" computerName="DKSR-EFI-04" duration="00:00:00.0003220" startTime="2023-12-22T09:35:52.0694560+01:00" endTime="2023-12-22T09:35:52.0694560+01:00" testType="13cdc9d9-ddb5-4fa4-a97d-d965ccfc6d4b" outcome="Passed" testListId="8c84fa94-04c1-424b-9868-57a2d4851a1d" relativeResultsDirectory="d0dd99e1-7a8e-4ed4-840c-81fb0c81de53" />
    <UnitTestResult executionId="14392d0a-817e-4df9-8717-2a9ff67e20ce" testId="aea21075-21e1-c265-1a63-420c5c66b0a8" testName="CacheFlushMechanism_ShouldRemoveItems_WhenNotUsed" computerName="DKSR-EFI-04" duration="00:00:09.9972228" startTime="2023-12-22T09:35:24.9911921+01:00" endTime="2023-12-22T09:35:34.9912412+01:00" testType="13cdc9d9-ddb5-4fa4-a97d-d965ccfc6d4b" outcome="Passed" testListId="8c84fa94-04c1-424b-9868-57a2d4851a1d" relativeResultsDirectory="14392d0a-817e-4df9-8717-2a9ff67e20ce" />
    <UnitTestResult executionId="3c39a54f-7c36-4a9d-820e-cac36c58cc13" testId="054d841b-8cd4-42a2-f59c-fc413fd8883f" testName="ReadXml_ShouldIgnoreChildren_WhenAlways" computerName="DKSR-EFI-04" duration="00:00:00.0008355" startTime="2023-12-22T09:35:52.6007097+01:00" endTime="2023-12-22T09:35:52.6007097+01:00" testType="13cdc9d9-ddb5-4fa4-a97d-d965ccfc6d4b" outcome="Passed" testListId="8c84fa94-04c1-424b-9868-57a2d4851a1d" relativeResultsDirectory="3c39a54f-7c36-4a9d-820e-cac36c58cc13" />
    <UnitTestResult executionId="3187fb6c-b859-4375-84e3-8a6cf7f7fd29" testId="fcb2e7e1-0793-e6c2-facd-27bc28ca1cfb" testName="ReadXml_ShouldLogWarningTwiceWhenMoreThanOneMinuteBetweenWarnings_WhenShapeIsInvalid" computerName="DKSR-EFI-04" duration="00:00:00.0025871" startTime="2023-12-22T09:35:51.6632050+01:00" endTime="2023-12-22T09:35:51.6632050+01:00" testType="13cdc9d9-ddb5-4fa4-a97d-d965ccfc6d4b" outcome="Passed" testListId="8c84fa94-04c1-424b-9868-57a2d4851a1d" relativeResultsDirectory="3187fb6c-b859-4375-84e3-8a6cf7f7fd29" />
    <UnitTestResult executionId="a65e7934-f353-4518-8891-1e7b21003a6c" testId="82f28324-964a-7ebe-3fa1-b6d48ed97144" testName="Add_CapacityExceeded_LeastRecentlyUsedValueRemoved" computerName="DKSR-EFI-04" duration="00:00:00.0004236" startTime="2023-12-22T09:35:35.2568696+01:00" endTime="2023-12-22T09:35:35.2568696+01:00" testType="13cdc9d9-ddb5-4fa4-a97d-d965ccfc6d4b" outcome="Passed" testListId="8c84fa94-04c1-424b-9868-57a2d4851a1d" relativeResultsDirectory="a65e7934-f353-4518-8891-1e7b21003a6c" />
    <UnitTestResult executionId="7914987a-6c93-4fad-b592-632894dcd136" testId="a5abba6c-a7f2-f6e8-f007-920746cf3d43" testName="ReadXml_ShouldLogWarningTwiceWhenMoreThanOneMinuteBetweenWarnings_WhenFrameDidNotReadUtcTime" computerName="DKSR-EFI-04" duration="00:00:00.0019042" startTime="2023-12-22T09:35:52.9757117+01:00" endTime="2023-12-22T09:35:52.9757117+01:00" testType="13cdc9d9-ddb5-4fa4-a97d-d965ccfc6d4b" outcome="Passed" testListId="8c84fa94-04c1-424b-9868-57a2d4851a1d" relativeResultsDirectory="7914987a-6c93-4fad-b592-632894dcd136" />
    <UnitTestResult executionId="cb7acb90-64e5-4ead-bd87-d1f63939d1be" testId="f9efcab8-a490-8c63-2e77-81876b9a47ee" testName="Equals_IgnoreFolderType_Fail_OnObjectId" computerName="DKSR-EFI-04" duration="00:00:00.0004681" startTime="2023-12-22T09:35:21.1005469+01:00" endTime="2023-12-22T09:35:21.1005469+01:00" testType="13cdc9d9-ddb5-4fa4-a97d-d965ccfc6d4b" outcome="Passed" testListId="8c84fa94-04c1-424b-9868-57a2d4851a1d" relativeResultsDirectory="cb7acb90-64e5-4ead-bd87-d1f63939d1be" />
    <UnitTestResult executionId="4f529c76-efe3-46b0-a1c2-3373de0a0a8c" testId="61262ea9-2fff-4876-558f-09adf2a65523" testName="ProvideValue_ShouldUseNull_WhenMultipleItemsSelected" computerName="DKSR-EFI-04" duration="00:00:00.0060157" startTime="2023-12-22T09:35:47.6006853+01:00" endTime="2023-12-22T09:35:47.6163081+01:00" testType="13cdc9d9-ddb5-4fa4-a97d-d965ccfc6d4b" outcome="Passed" testListId="8c84fa94-04c1-424b-9868-57a2d4851a1d" relativeResultsDirectory="4f529c76-efe3-46b0-a1c2-3373de0a0a8c" />
    <UnitTestResult executionId="b552572f-1645-4cae-a5ea-be201e0281b1" testId="e4430911-be68-d9a0-a78d-87695990dd2b" testName="GetItem_Rule_Success" computerName="DKSR-EFI-04" duration="00:00:00.0084154" startTime="2023-12-22T09:35:51.3350788+01:00" endTime="2023-12-22T09:35:51.3507025+01:00" testType="13cdc9d9-ddb5-4fa4-a97d-d965ccfc6d4b" outcome="Passed" testListId="8c84fa94-04c1-424b-9868-57a2d4851a1d" relativeResultsDirectory="b552572f-1645-4cae-a5ea-be201e0281b1" />
    <UnitTestResult executionId="315c9aba-2cbf-4a88-8dc4-99a65f468847" testId="32fbd952-cf12-ae2b-c5d4-e7f80c991d18" testName="BuildOverlayWidthHeightAlarm_ShouldReturnCorrectSizedBitmap_WhenArgumentContainsObjectAndRule" computerName="DKSR-EFI-04" duration="00:00:00.0016048" startTime="2023-12-22T09:35:24.7880652+01:00" endTime="2023-12-22T09:35:24.7880652+01:00" testType="13cdc9d9-ddb5-4fa4-a97d-d965ccfc6d4b" outcome="Passed" testListId="8c84fa94-04c1-424b-9868-57a2d4851a1d" relativeResultsDirectory="315c9aba-2cbf-4a88-8dc4-99a65f468847" />
    <UnitTestResult executionId="9f873c4e-1602-4dac-80fb-16ac72f19295" testId="55879e88-00c8-60e5-e0db-26c24e4c9b0f" testName="Dequeue_QueueStopped_Success" computerName="DKSR-EFI-04" duration="00:00:00.0002499" startTime="2023-12-22T09:35:35.1631206+01:00" endTime="2023-12-22T09:35:35.1631206+01:00" testType="13cdc9d9-ddb5-4fa4-a97d-d965ccfc6d4b" outcome="Passed" testListId="8c84fa94-04c1-424b-9868-57a2d4851a1d" relativeResultsDirectory="9f873c4e-1602-4dac-80fb-16ac72f19295" />
    <UnitTestResult executionId="c461ceb4-f434-45a2-8b9d-68606c3b549f" testId="4937d7ac-b3aa-c23d-f312-18cd0c6ed990" testName="WriteXml_ShouldWriteCenterOfGravityElement_WhenCenterOfGravityIsNotNull" computerName="DKSR-EFI-04" duration="00:00:00.0010355" startTime="2023-12-22T09:35:52.8038383+01:00" endTime="2023-12-22T09:35:52.8038383+01:00" testType="13cdc9d9-ddb5-4fa4-a97d-d965ccfc6d4b" outcome="Passed" testListId="8c84fa94-04c1-424b-9868-57a2d4851a1d" relativeResultsDirectory="c461ceb4-f434-45a2-8b9d-68606c3b549f" />
    <UnitTestResult executionId="305d16b2-5a7e-48ad-a9b2-5bdb849f1fc9" testId="f0783c93-05f5-3c2a-1813-26adff12a929" testName="Parse_StringArray" computerName="DKSR-EFI-04" duration="00:00:00.0017135" startTime="2023-12-22T09:35:51.2100773+01:00" endTime="2023-12-22T09:35:51.2257028+01:00" testType="13cdc9d9-ddb5-4fa4-a97d-d965ccfc6d4b" outcome="Passed" testListId="8c84fa94-04c1-424b-9868-57a2d4851a1d" relativeResultsDirectory="305d16b2-5a7e-48ad-a9b2-5bdb849f1fc9" />
    <UnitTestResult executionId="74816657-3353-4b40-a936-d2f29bd63517" testId="6ca73ebd-56b4-1756-58f8-e75d82906bc5" testName="TestConstructor_Success" computerName="DKSR-EFI-04" duration="00:00:00.0005225" startTime="2023-12-22T09:35:50.9757004+01:00" endTime="2023-12-22T09:35:50.9757004+01:00" testType="13cdc9d9-ddb5-4fa4-a97d-d965ccfc6d4b" outcome="Passed" testListId="8c84fa94-04c1-424b-9868-57a2d4851a1d" relativeResultsDirectory="74816657-3353-4b40-a936-d2f29bd63517" />
    <UnitTestResult executionId="294f2d8b-0fb1-46d5-bb54-2c614ab253dc" testId="503e5a86-709d-4f75-061c-3b116d3ee8e7" testName="Append_Element_KeyWithDotString" computerName="DKSR-EFI-04" duration="00:00:00.0001510" startTime="2023-12-22T09:35:51.0225753+01:00" endTime="2023-12-22T09:35:51.0225753+01:00" testType="13cdc9d9-ddb5-4fa4-a97d-d965ccfc6d4b" outcome="Passed" testListId="8c84fa94-04c1-424b-9868-57a2d4851a1d" relativeResultsDirectory="294f2d8b-0fb1-46d5-bb54-2c614ab253dc" />
    <UnitTestResult executionId="38307ec9-4e1f-4d0a-9b84-18aa9c3ad3cf" testId="6b68b022-949d-c4fe-8f3f-d5c254031f0f" testName="GetPrevious_ShouldReturnNull_WhenCacheHasJustBenLoadedWithNewData" computerName="DKSR-EFI-04" duration="00:00:00.0005057" startTime="2023-12-22T09:35:54.5850976+01:00" endTime="2023-12-22T09:35:54.5850976+01:00" testType="13cdc9d9-ddb5-4fa4-a97d-d965ccfc6d4b" outcome="Passed" testListId="8c84fa94-04c1-424b-9868-57a2d4851a1d" relativeResultsDirectory="38307ec9-4e1f-4d0a-9b84-18aa9c3ad3cf" />
    <UnitTestResult executionId="a7be2469-f404-485e-afa5-e04b100fcf1f" testId="cad83f52-1e7f-4b34-02e2-b7d439893234" testName="Parse_Double_Invalid_end" computerName="DKSR-EFI-04" duration="00:00:00.0006349" startTime="2023-12-22T09:35:51.1788287+01:00" endTime="2023-12-22T09:35:51.1788287+01:00" testType="13cdc9d9-ddb5-4fa4-a97d-d965ccfc6d4b" outcome="Passed" testListId="8c84fa94-04c1-424b-9868-57a2d4851a1d" relativeResultsDirectory="a7be2469-f404-485e-afa5-e04b100fcf1f" />
    <UnitTestResult executionId="b7bc463a-0ffc-48a3-bb38-ba930440c31b" testId="36329e9d-989b-9474-5a40-51eec07faa7c" testName="ProvideValue_ShouldNotSetTargetProperty_WhenMultipleItemsSelected" computerName="DKSR-EFI-04" duration="00:00:00.0014165" startTime="2023-12-22T09:35:47.6944343+01:00" endTime="2023-12-22T09:35:47.6944343+01:00" testType="13cdc9d9-ddb5-4fa4-a97d-d965ccfc6d4b" outcome="Passed" testListId="8c84fa94-04c1-424b-9868-57a2d4851a1d" relativeResultsDirectory="b7bc463a-0ffc-48a3-bb38-ba930440c31b" />
    <UnitTestResult executionId="cd43f85d-c858-49f4-9715-dfdf5d42d913" testId="42e108f3-1735-015e-fab8-d9a77a62ea31" testName="GetIdFromPath_ShouldReturnNull_FromNullPath" computerName="DKSR-EFI-04" duration="00:00:00.0002034" startTime="2023-12-22T09:35:55.1788513+01:00" endTime="2023-12-22T09:35:55.1788513+01:00" testType="13cdc9d9-ddb5-4fa4-a97d-d965ccfc6d4b" outcome="Passed" testListId="8c84fa94-04c1-424b-9868-57a2d4851a1d" relativeResultsDirectory="cd43f85d-c858-49f4-9715-dfdf5d42d913" />
    <UnitTestResult executionId="017b12b0-3d63-4e1b-b7d5-93602f9f6f0d" testId="42fa9d5a-68c0-df47-5ee1-d61bde48031d" testName="ReadXml_ShouldReadLongitude_WhenLongitudeIsPresent" computerName="DKSR-EFI-04" duration="00:00:00.0003021" startTime="2023-12-22T09:35:52.4288350+01:00" endTime="2023-12-22T09:35:52.4288350+01:00" testType="13cdc9d9-ddb5-4fa4-a97d-d965ccfc6d4b" outcome="Passed" testListId="8c84fa94-04c1-424b-9868-57a2d4851a1d" relativeResultsDirectory="017b12b0-3d63-4e1b-b7d5-93602f9f6f0d" />
    <UnitTestResult executionId="f4384981-f317-410c-931f-e8d4d7ec0139" testId="efff1d09-1e9a-daae-f4fe-c57e4a154964" testName="GenerateGpsDevice_ShouldReturnDeviceWithCorrectTypes_WhenAlways" computerName="DKSR-EFI-04" duration="00:00:00.0045124" startTime="2023-12-22T09:35:54.6788461+01:00" endTime="2023-12-22T09:35:54.6788461+01:00" testType="13cdc9d9-ddb5-4fa4-a97d-d965ccfc6d4b" outcome="Passed" testListId="8c84fa94-04c1-424b-9868-57a2d4851a1d" relativeResultsDirectory="f4384981-f317-410c-931f-e8d4d7ec0139" />
    <UnitTestResult executionId="ebdbef27-d9d7-4bda-8b3c-9ceceae1aaea" testId="1461c781-13a0-05a7-16f7-5b6b1341577b" testName="JoinString_When1Level_Success" computerName="DKSR-EFI-04" duration="00:00:00.0002568" startTime="2023-12-22T09:35:35.0068681+01:00" endTime="2023-12-22T09:35:35.0068681+01:00" testType="13cdc9d9-ddb5-4fa4-a97d-d965ccfc6d4b" outcome="Passed" testListId="8c84fa94-04c1-424b-9868-57a2d4851a1d" relativeResultsDirectory="ebdbef27-d9d7-4bda-8b3c-9ceceae1aaea" />
    <UnitTestResult executionId="8fa67d9e-66f3-477e-949a-41de03a2dcc4" testId="55b79441-e564-906e-4208-d72830fa4d2c" testName="GetBegin_ShouldReturnNull_WhenToolkitReturnsNull" computerName="DKSR-EFI-04" duration="00:00:00.0020144" startTime="2023-12-22T09:35:54.8194722+01:00" endTime="2023-12-22T09:35:54.8194722+01:00" testType="13cdc9d9-ddb5-4fa4-a97d-d965ccfc6d4b" outcome="Passed" testListId="8c84fa94-04c1-424b-9868-57a2d4851a1d" relativeResultsDirectory="8fa67d9e-66f3-477e-949a-41de03a2dcc4" />
    <UnitTestResult executionId="bece95be-cb97-420b-8a80-36dc6bc31d12" testId="85b75f82-e414-01aa-d88b-66e9836d44fd" testName="Parse_DoubleArray" computerName="DKSR-EFI-04" duration="00:00:00.0004997" startTime="2023-12-22T09:35:51.2257028+01:00" endTime="2023-12-22T09:35:51.2257028+01:00" testType="13cdc9d9-ddb5-4fa4-a97d-d965ccfc6d4b" outcome="Passed" testListId="8c84fa94-04c1-424b-9868-57a2d4851a1d" relativeResultsDirectory="bece95be-cb97-420b-8a80-36dc6bc31d12" />
    <UnitTestResult executionId="8d8b7e22-d40e-4f82-8ee4-50756f48f6ec" testId="e4e07f2b-adba-7b75-6902-9e3a9d332cfe" testName="CreateSearchFilterEditControl_PluginReturnsNull_ReturnsNull" computerName="DKSR-EFI-04" duration="00:00:00.0027812" startTime="2023-12-22T09:35:50.2256991+01:00" endTime="2023-12-22T09:35:50.2413237+01:00" testType="13cdc9d9-ddb5-4fa4-a97d-d965ccfc6d4b" outcome="Passed" testListId="8c84fa94-04c1-424b-9868-57a2d4851a1d" relativeResultsDirectory="8d8b7e22-d40e-4f82-8ee4-50756f48f6ec" />
    <UnitTestResult executionId="9e9e625e-411f-42fe-93d5-efd979c7c6f1" testId="8357d2b8-f5e8-a07c-49aa-5e2b167211f4" testName="Serialize_TestCases (Verify root Object (null) property get property value)" computerName="DKSR-EFI-04" duration="00:00:00.0001579" startTime="2023-12-22T09:35:48.8819404+01:00" endTime="2023-12-22T09:35:48.8819404+01:00" testType="13cdc9d9-ddb5-4fa4-a97d-d965ccfc6d4b" outcome="Passed" testListId="8c84fa94-04c1-424b-9868-57a2d4851a1d" relativeResultsDirectory="9e9e625e-411f-42fe-93d5-efd979c7c6f1" />
    <UnitTestResult executionId="b0b33932-e935-4470-a7e5-fa8ca05bd30e" testId="440fa337-372a-ba98-a915-98a687b17d8a" testName="GenerateDeviceCapabilityParameters_ShouldWriteTypeId_WhenAlways" computerName="DKSR-EFI-04" duration="00:00:00.0008743" startTime="2023-12-22T09:35:54.6475974+01:00" endTime="2023-12-22T09:35:54.6475974+01:00" testType="13cdc9d9-ddb5-4fa4-a97d-d965ccfc6d4b" outcome="Passed" testListId="8c84fa94-04c1-424b-9868-57a2d4851a1d" relativeResultsDirectory="b0b33932-e935-4470-a7e5-fa8ca05bd30e" />
    <UnitTestResult executionId="d43d4e38-f2e5-4484-9d31-124caf8ba578" testId="0f05d604-6e61-b82e-404f-e9831974b180" testName="UnloadedEvent_ShouldRemoveProxyManager_WhenRaisedOnFrameworkContentElement" computerName="DKSR-EFI-04" duration="00:00:00.0022618" startTime="2023-12-22T09:35:49.3038193+01:00" endTime="2023-12-22T09:35:49.3038193+01:00" testType="13cdc9d9-ddb5-4fa4-a97d-d965ccfc6d4b" outcome="Passed" testListId="8c84fa94-04c1-424b-9868-57a2d4851a1d" relativeResultsDirectory="d43d4e38-f2e5-4484-9d31-124caf8ba578" />
    <UnitTestResult executionId="724c1ce6-e2e6-46cc-80ef-9990d5d0bbdc" testId="773f1d7a-65a5-fa09-a454-1d73dbdebf1c" testName="GenerateParameters_ShouldCallGenerateDeviceParametersWithCorrectPrefix_WhenThereAreMetadataDevices" computerName="DKSR-EFI-04" duration="00:00:00.0024475" startTime="2023-12-22T09:35:54.5069710+01:00" endTime="2023-12-22T09:35:54.5225977+01:00" testType="13cdc9d9-ddb5-4fa4-a97d-d965ccfc6d4b" outcome="Passed" testListId="8c84fa94-04c1-424b-9868-57a2d4851a1d" relativeResultsDirectory="724c1ce6-e2e6-46cc-80ef-9990d5d0bbdc" />
    <UnitTestResult executionId="50fb0f20-af68-404c-a2f8-c6e3f35da112" testId="225e2319-c278-70af-0c9e-1f0e59bd70af" testName="ReadXml_ShouldDiscardScale_WhenIncompleteScaleIsPresent" computerName="DKSR-EFI-04" duration="00:00:00.0008742" startTime="2023-12-22T09:35:52.8350882+01:00" endTime="2023-12-22T09:35:52.8350882+01:00" testType="13cdc9d9-ddb5-4fa4-a97d-d965ccfc6d4b" outcome="Passed" testListId="8c84fa94-04c1-424b-9868-57a2d4851a1d" relativeResultsDirectory="50fb0f20-af68-404c-a2f8-c6e3f35da112" />
    <UnitTestResult executionId="98f64135-326b-48ca-a3ff-4678940cf94c" testId="fc1fc2c4-ffdf-b544-ce27-92bf115fe30b" testName="Items_EmptyList_TreeviewEmpty" computerName="DKSR-EFI-04" duration="00:00:00.1589758" startTime="2023-12-22T09:35:45.5069235+01:00" endTime="2023-12-22T09:35:45.6631753+01:00" testType="13cdc9d9-ddb5-4fa4-a97d-d965ccfc6d4b" outcome="Passed" testListId="8c84fa94-04c1-424b-9868-57a2d4851a1d" relativeResultsDirectory="98f64135-326b-48ca-a3ff-4678940cf94c" />
    <UnitTestResult executionId="185b1a8b-d03b-4fd2-869d-4038cd69ea78" testId="66b56aea-40c3-2481-4b5e-49255676d9f1" testName="ReadXml_ShouldSetAllFieldsToDefaultValues_WhenElementIsEmpty" computerName="DKSR-EFI-04" duration="00:00:00.0005224" startTime="2023-12-22T09:35:52.5225869+01:00" endTime="2023-12-22T09:35:52.5382106+01:00" testType="13cdc9d9-ddb5-4fa4-a97d-d965ccfc6d4b" outcome="Passed" testListId="8c84fa94-04c1-424b-9868-57a2d4851a1d" relativeResultsDirectory="185b1a8b-d03b-4fd2-869d-4038cd69ea78" />
    <UnitTestResult executionId="55eddb83-d7fd-4679-8288-9482bc268c7b" testId="9f8782f5-d91c-4490-2d75-75cddc0ef1b1" testName="Equals_IgnoreFolderType_Fail_OnOtherNull" computerName="DKSR-EFI-04" duration="00:00:00.0003368" startTime="2023-12-22T09:35:21.1161715+01:00" endTime="2023-12-22T09:35:21.1161715+01:00" testType="13cdc9d9-ddb5-4fa4-a97d-d965ccfc6d4b" outcome="Passed" testListId="8c84fa94-04c1-424b-9868-57a2d4851a1d" relativeResultsDirectory="55eddb83-d7fd-4679-8288-9482bc268c7b" />
    <UnitTestResult executionId="465733b7-eeba-4f3a-a3bc-8e5d4cf40b70" testId="aa5a6ee6-251d-45e9-7756-92ac3de9f3a4" testName="ReadyToCloseEvent_OkCommand_SingleSelect_Not_Thrown" computerName="DKSR-EFI-04" duration="00:00:00.0006343" startTime="2023-12-22T09:35:45.7569231+01:00" endTime="2023-12-22T09:35:45.7569231+01:00" testType="13cdc9d9-ddb5-4fa4-a97d-d965ccfc6d4b" outcome="Passed" testListId="8c84fa94-04c1-424b-9868-57a2d4851a1d" relativeResultsDirectory="465733b7-eeba-4f3a-a3bc-8e5d4cf40b70" />
    <UnitTestResult executionId="fac5d079-fd46-40f1-8add-a21f577bf89f" testId="b837ebc0-f7ad-c47b-17b8-8695813cd0ae" testName="Parse_Double_Simple" computerName="DKSR-EFI-04" duration="00:00:00.0005029" startTime="2023-12-22T09:35:51.1788287+01:00" endTime="2023-12-22T09:35:51.1788287+01:00" testType="13cdc9d9-ddb5-4fa4-a97d-d965ccfc6d4b" outcome="Passed" testListId="8c84fa94-04c1-424b-9868-57a2d4851a1d" relativeResultsDirectory="fac5d079-fd46-40f1-8add-a21f577bf89f" />
    <UnitTestResult executionId="ac0715d2-53c7-478f-86d9-a74aee32585f" testId="a17307f7-bfca-392d-97bb-4da7ab99cc40" testName="SearchResultData_RelatedItems_Success" computerName="DKSR-EFI-04" duration="00:00:00.0005744" startTime="2023-12-22T09:35:50.1788226+01:00" endTime="2023-12-22T09:35:50.1788226+01:00" testType="13cdc9d9-ddb5-4fa4-a97d-d965ccfc6d4b" outcome="Passed" testListId="8c84fa94-04c1-424b-9868-57a2d4851a1d" relativeResultsDirectory="ac0715d2-53c7-478f-86d9-a74aee32585f" />
    <UnitTestResult executionId="c82afa82-4877-4894-80b4-a84c7157e5c8" testId="1ffa1bf6-fb8e-b8ef-fe84-530e8f551d9d" testName="CountByItems_Activated_Empty" computerName="DKSR-EFI-04" duration="00:00:00.0007491" startTime="2023-12-22T09:35:54.2100943+01:00" endTime="2023-12-22T09:35:54.2100943+01:00" testType="13cdc9d9-ddb5-4fa4-a97d-d965ccfc6d4b" outcome="Passed" testListId="8c84fa94-04c1-424b-9868-57a2d4851a1d" relativeResultsDirectory="c82afa82-4877-4894-80b4-a84c7157e5c8" />
    <UnitTestResult executionId="56e375ca-1c25-4a60-8f36-4725d5b95405" testId="2dbbefa2-cb1d-4d1e-312c-2268ae3ae8a4" testName="Remove_KeyNotPresent_ReturnsFalse" computerName="DKSR-EFI-04" duration="00:00:00.0001902" startTime="2023-12-22T09:35:35.2568696+01:00" endTime="2023-12-22T09:35:35.2568696+01:00" testType="13cdc9d9-ddb5-4fa4-a97d-d965ccfc6d4b" outcome="Passed" testListId="8c84fa94-04c1-424b-9868-57a2d4851a1d" relativeResultsDirectory="56e375ca-1c25-4a60-8f36-4725d5b95405" />
    <UnitTestResult executionId="9b5d6525-6a86-46d0-800f-8b97b3eb7b16" testId="d7212be9-a773-7051-2296-d1e014528157" testName="WriteXml_ShouldWriteBoundingBoxAppearanceContents_WhenTheyArePresent" computerName="DKSR-EFI-04" duration="00:00:00.0011842" startTime="2023-12-22T09:35:52.8194616+01:00" endTime="2023-12-22T09:35:52.8194616+01:00" testType="13cdc9d9-ddb5-4fa4-a97d-d965ccfc6d4b" outcome="Passed" testListId="8c84fa94-04c1-424b-9868-57a2d4851a1d" relativeResultsDirectory="9b5d6525-6a86-46d0-800f-8b97b3eb7b16" />
    <UnitTestResult executionId="6e97d227-fa77-47cc-bbbe-20a5ca0bdbec" testId="68a34a15-d421-8568-e2a0-5ca548802bb9" testName="Latitude_ShouldThrowArgumentOfRange_WhenValueIsOutsideAcceptedRange" computerName="DKSR-EFI-04" duration="00:00:00.0027760" startTime="2023-12-22T09:35:52.3819624+01:00" endTime="2023-12-22T09:35:52.3819624+01:00" testType="13cdc9d9-ddb5-4fa4-a97d-d965ccfc6d4b" outcome="Passed" testListId="8c84fa94-04c1-424b-9868-57a2d4851a1d" relativeResultsDirectory="6e97d227-fa77-47cc-bbbe-20a5ca0bdbec" />
    <UnitTestResult executionId="87ecb2d9-a0f4-427f-929f-e8e4f4334837" testId="fb0f855b-006e-c67f-b9b6-ef310c289ea8" testName="ProvideValue_ShouldUseItemDataValue_WhenItemDataPropertyNameIsSet" computerName="DKSR-EFI-04" duration="00:00:00.0016611" startTime="2023-12-22T09:35:47.6475602+01:00" endTime="2023-12-22T09:35:47.6475602+01:00" testType="13cdc9d9-ddb5-4fa4-a97d-d965ccfc6d4b" outcome="Passed" testListId="8c84fa94-04c1-424b-9868-57a2d4851a1d" relativeResultsDirectory="87ecb2d9-a0f4-427f-929f-e8e4f4334837" />
    <UnitTestResult executionId="7a6aa2ec-ffb6-4ea0-88ad-362f5284cc5f" testId="0a9c2a64-10d3-ab1b-bf1d-557005ecb79f" testName="GetCompatibilityHandler_ShouldThrownMIPException_WhenLoginSettingsCannotBeRetrieved" computerName="DKSR-EFI-04" duration="00:00:00.0149244" startTime="2023-12-22T09:35:53.9600943+01:00" endTime="2023-12-22T09:35:53.9757182+01:00" testType="13cdc9d9-ddb5-4fa4-a97d-d965ccfc6d4b" outcome="Passed" testListId="8c84fa94-04c1-424b-9868-57a2d4851a1d" relativeResultsDirectory="7a6aa2ec-ffb6-4ea0-88ad-362f5284cc5f" />
    <UnitTestResult executionId="41850041-fa19-41d4-8d16-dd53d0e3f6ea" testId="935f282f-5819-0cbb-3d88-60d0430c3f25" testName="WriteXml_ShouldWriteBoundingBoxElement_WhenBoundingBoxIsNotNull" computerName="DKSR-EFI-04" duration="00:00:00.0012538" startTime="2023-12-22T09:35:52.8038383+01:00" endTime="2023-12-22T09:35:52.8038383+01:00" testType="13cdc9d9-ddb5-4fa4-a97d-d965ccfc6d4b" outcome="Passed" testListId="8c84fa94-04c1-424b-9868-57a2d4851a1d" relativeResultsDirectory="41850041-fa19-41d4-8d16-dd53d0e3f6ea" />
    <UnitTestResult executionId="a92e5891-1592-46c1-9959-438082f52360" testId="1677c45e-088d-ae58-08dc-ccdb32d9ca65" testName="ReadXml_ShouldIgnoreBoundingBox_WhenBoundingBoxIsPresenWithWrongNamespace" computerName="DKSR-EFI-04" duration="00:00:00.0002551" startTime="2023-12-22T09:35:52.7413365+01:00" endTime="2023-12-22T09:35:52.7413365+01:00" testType="13cdc9d9-ddb5-4fa4-a97d-d965ccfc6d4b" outcome="Passed" testListId="8c84fa94-04c1-424b-9868-57a2d4851a1d" relativeResultsDirectory="a92e5891-1592-46c1-9959-438082f52360" />
    <UnitTestResult executionId="2da476b9-2e68-4ce8-b06a-8320c159d07a" testId="c26d542a-727f-65ee-bb48-832c01f872f6" testName="WriteXml_ShouldWriteTransformationContents_WhenTransformIsNotNull" computerName="DKSR-EFI-04" duration="00:00:00.0012864" startTime="2023-12-22T09:35:52.1163350+01:00" endTime="2023-12-22T09:35:52.1163350+01:00" testType="13cdc9d9-ddb5-4fa4-a97d-d965ccfc6d4b" outcome="Passed" testListId="8c84fa94-04c1-424b-9868-57a2d4851a1d" relativeResultsDirectory="2da476b9-2e68-4ce8-b06a-8320c159d07a" />
    <UnitTestResult executionId="c438ea48-4019-445c-a8b4-4c1c94faea9d" testId="4f197c17-4790-58f8-b53d-dcb8083dcd6a" testName="ReadXml_ShouldIgnoreLikelihood_WheLikelihoodIsPresenWithWrongNamespace" computerName="DKSR-EFI-04" duration="00:00:00.0003209" startTime="2023-12-22T09:35:51.8350796+01:00" endTime="2023-12-22T09:35:51.8350796+01:00" testType="13cdc9d9-ddb5-4fa4-a97d-d965ccfc6d4b" outcome="Passed" testListId="8c84fa94-04c1-424b-9868-57a2d4851a1d" relativeResultsDirectory="c438ea48-4019-445c-a8b4-4c1c94faea9d" />
    <UnitTestResult executionId="90e28039-4422-4397-a0c1-4433bfc51151" testId="0f32b524-4844-b3fb-566a-4f1c520479bb" testName="WriteXml_ShouldWriteShapeContents_WhenShapeIsNotNull" computerName="DKSR-EFI-04" duration="00:00:00.0007154" startTime="2023-12-22T09:35:51.7100799+01:00" endTime="2023-12-22T09:35:51.7100799+01:00" testType="13cdc9d9-ddb5-4fa4-a97d-d965ccfc6d4b" outcome="Passed" testListId="8c84fa94-04c1-424b-9868-57a2d4851a1d" relativeResultsDirectory="90e28039-4422-4397-a0c1-4433bfc51151" />
    <UnitTestResult executionId="e71e004b-b9a8-4398-96e7-f9d414703590" testId="5299c3b1-b147-2926-54b8-048e2c168fc2" testName="Replace_ShouldInvokeCallback_WhenObservable" computerName="DKSR-EFI-04" duration="00:00:00.0023777" startTime="2023-12-22T09:35:46.6944299+01:00" endTime="2023-12-22T09:35:46.6944299+01:00" testType="13cdc9d9-ddb5-4fa4-a97d-d965ccfc6d4b" outcome="Passed" testListId="8c84fa94-04c1-424b-9868-57a2d4851a1d" relativeResultsDirectory="e71e004b-b9a8-4398-96e7-f9d414703590" />
    <UnitTestResult executionId="2b2882be-737e-4f49-8d51-910b22afa4f0" testId="aa967bfa-3977-123e-a321-b0953779e966" testName="Stop_ShouldReinitializeThrowsException_ProcessorSurvives" computerName="DKSR-EFI-04" duration="00:00:00.0769019" startTime="2023-12-22T09:35:44.5225438+01:00" endTime="2023-12-22T09:35:44.5850418+01:00" testType="13cdc9d9-ddb5-4fa4-a97d-d965ccfc6d4b" outcome="Passed" testListId="8c84fa94-04c1-424b-9868-57a2d4851a1d" relativeResultsDirectory="2b2882be-737e-4f49-8d51-910b22afa4f0" />
    <UnitTestResult executionId="e9d53fe3-9044-4e90-b462-1b0ba5571969" testId="d6caf9a4-3f9a-074e-1dad-d39d3f06a0e6" testName="GetNext_ShouldReturnNextDataInCache_WhenDataIsCached" computerName="DKSR-EFI-04" duration="00:00:00.0020375" startTime="2023-12-22T09:35:54.9132542+01:00" endTime="2023-12-22T09:35:54.9132542+01:00" testType="13cdc9d9-ddb5-4fa4-a97d-d965ccfc6d4b" outcome="Passed" testListId="8c84fa94-04c1-424b-9868-57a2d4851a1d" relativeResultsDirectory="e9d53fe3-9044-4e90-b462-1b0ba5571969" />
    <UnitTestResult executionId="d8ae6b3c-aa8e-4c5b-b269-22d2a83ad962" testId="3dddadb3-73e5-0530-cc2f-efb35c37fd4b" testName="AllAttributesWerePresent_ShouldReturnFalse_WhenXAttributeIsNotAFloat" computerName="DKSR-EFI-04" duration="00:00:00.0003047" startTime="2023-12-22T09:35:52.9132108+01:00" endTime="2023-12-22T09:35:52.9132108+01:00" testType="13cdc9d9-ddb5-4fa4-a97d-d965ccfc6d4b" outcome="Passed" testListId="8c84fa94-04c1-424b-9868-57a2d4851a1d" relativeResultsDirectory="d8ae6b3c-aa8e-4c5b-b269-22d2a83ad962" />
    <UnitTestResult executionId="5bb55d30-5715-42c0-a89a-41586b32aca6" testId="e5b93c93-857a-cdf9-0341-1a0dd042c5e9" testName="ReadXml_ShouldReadShapeContents_WhenShapeIsPresent" computerName="DKSR-EFI-04" duration="00:00:00.0021388" startTime="2023-12-22T09:35:51.6163316+01:00" endTime="2023-12-22T09:35:51.6163316+01:00" testType="13cdc9d9-ddb5-4fa4-a97d-d965ccfc6d4b" outcome="Passed" testListId="8c84fa94-04c1-424b-9868-57a2d4851a1d" relativeResultsDirectory="5bb55d30-5715-42c0-a89a-41586b32aca6" />
    <UnitTestResult executionId="5ee2a386-96e6-416b-b3d1-274dc7eb4f31" testId="a9e125d3-70c7-168e-1c81-0d36cf4ad5a1" testName="CollectionReplaced_ShouldInvokeCallback_WhenObservable" computerName="DKSR-EFI-04" duration="00:00:00.0012889" startTime="2023-12-22T09:35:46.7569301+01:00" endTime="2023-12-22T09:35:46.7569301+01:00" testType="13cdc9d9-ddb5-4fa4-a97d-d965ccfc6d4b" outcome="Passed" testListId="8c84fa94-04c1-424b-9868-57a2d4851a1d" relativeResultsDirectory="5ee2a386-96e6-416b-b3d1-274dc7eb4f31" />
    <UnitTestResult executionId="9a3e4db9-ed7c-4bd5-ba5d-1f69f45b4925" testId="0bb9d93a-5004-9ba8-d379-d792df82598b" testName="CreateSearchResultUserControl_MultiplePlugins_Success" computerName="DKSR-EFI-04" duration="00:00:00.0046363" startTime="2023-12-22T09:35:50.5850744+01:00" endTime="2023-12-22T09:35:50.5850744+01:00" testType="13cdc9d9-ddb5-4fa4-a97d-d965ccfc6d4b" outcome="Passed" testListId="8c84fa94-04c1-424b-9868-57a2d4851a1d" relativeResultsDirectory="9a3e4db9-ed7c-4bd5-ba5d-1f69f45b4925" />
    <UnitTestResult executionId="347360df-2455-4edf-8152-dd2b1b89b0c6" testId="03c86249-a9e6-e76b-4e52-cc9f81b3e12b" testName="Serialize_TestCases (TestParentTypeMatchStructNotThisTypeMatched)" computerName="DKSR-EFI-04" duration="00:00:00.0007508" startTime="2023-12-22T09:35:49.0538205+01:00" endTime="2023-12-22T09:35:49.0538205+01:00" testType="13cdc9d9-ddb5-4fa4-a97d-d965ccfc6d4b" outcome="Passed" testListId="8c84fa94-04c1-424b-9868-57a2d4851a1d" relativeResultsDirectory="347360df-2455-4edf-8152-dd2b1b89b0c6" />
    <UnitTestResult executionId="444656f7-b032-43de-afb0-ca4685088f80" testId="96679b49-92b7-51d9-e879-f6f3b11a1a2d" testName="Serialize_TestCases (TestParentTypeMatchDoubleThisTypeMatched)" computerName="DKSR-EFI-04" duration="00:00:00.0004155" startTime="2023-12-22T09:35:48.9913216+01:00" endTime="2023-12-22T09:35:48.9913216+01:00" testType="13cdc9d9-ddb5-4fa4-a97d-d965ccfc6d4b" outcome="Passed" testListId="8c84fa94-04c1-424b-9868-57a2d4851a1d" relativeResultsDirectory="444656f7-b032-43de-afb0-ca4685088f80" />
    <UnitTestResult executionId="bd78b47d-8e3d-4dbe-810c-76178617866f" testId="a3ca636d-2e93-d6ba-5db9-ec0b0b5cb970" testName="ReadXml_ShouldIgnoreUnknownChildren_WhenUnknownChildrenArePresent" computerName="DKSR-EFI-04" duration="00:00:00.0035313" startTime="2023-12-22T09:35:51.5538313+01:00" endTime="2023-12-22T09:35:51.5538313+01:00" testType="13cdc9d9-ddb5-4fa4-a97d-d965ccfc6d4b" outcome="Passed" testListId="8c84fa94-04c1-424b-9868-57a2d4851a1d" relativeResultsDirectory="bd78b47d-8e3d-4dbe-810c-76178617866f" />
    <UnitTestResult executionId="833d702b-c445-4622-a73c-102118dc6613" testId="a6df64d2-0698-ce92-fd77-5adbbae94068" testName="OnSearchResultsReady_NullArgument_SearchResultReadyEventNotFired" computerName="DKSR-EFI-04" duration="00:00:00.0006049" startTime="2023-12-22T09:35:49.5069466+01:00" endTime="2023-12-22T09:35:49.5225719+01:00" testType="13cdc9d9-ddb5-4fa4-a97d-d965ccfc6d4b" outcome="Passed" testListId="8c84fa94-04c1-424b-9868-57a2d4851a1d" relativeResultsDirectory="833d702b-c445-4622-a73c-102118dc6613" />
    <UnitTestResult executionId="c14d97cf-b4be-4ecb-bd59-542dcda4b8d5" testId="a7839cf0-508a-0ad4-6fc1-0553406f8071" testName="GetNext_ShouldReturnNull_WhenLastEntryWasCalled" computerName="DKSR-EFI-04" duration="00:00:00.0004824" startTime="2023-12-22T09:35:54.5850976+01:00" endTime="2023-12-22T09:35:54.5850976+01:00" testType="13cdc9d9-ddb5-4fa4-a97d-d965ccfc6d4b" outcome="Passed" testListId="8c84fa94-04c1-424b-9868-57a2d4851a1d" relativeResultsDirectory="c14d97cf-b4be-4ecb-bd59-542dcda4b8d5" />
    <UnitTestResult executionId="1c400e30-00ea-4e6c-9901-f8618ed13f74" testId="9c4c3d7f-1c8d-9061-b840-609563af8ef3" testName="Populate_SearchTextSet_ItemsFound_True" computerName="DKSR-EFI-04" duration="00:00:00.0346680" startTime="2023-12-22T09:35:46.3506782+01:00" endTime="2023-12-22T09:35:46.3819292+01:00" testType="13cdc9d9-ddb5-4fa4-a97d-d965ccfc6d4b" outcome="Passed" testListId="8c84fa94-04c1-424b-9868-57a2d4851a1d" relativeResultsDirectory="1c400e30-00ea-4e6c-9901-f8618ed13f74" />
    <UnitTestResult executionId="0ecd727b-231c-43b0-a01b-bb904c4f5f97" testId="f66cd845-32f8-8293-9ecc-cb3301f62262" testName="ReadXml_ShouldSetIsIdle_WhenIdleElementIsPresentWithCorrectNamespace" computerName="DKSR-EFI-04" duration="00:00:00.0002550" startTime="2023-12-22T09:35:51.7569562+01:00" endTime="2023-12-22T09:35:51.7569562+01:00" testType="13cdc9d9-ddb5-4fa4-a97d-d965ccfc6d4b" outcome="Passed" testListId="8c84fa94-04c1-424b-9868-57a2d4851a1d" relativeResultsDirectory="0ecd727b-231c-43b0-a01b-bb904c4f5f97" />
    <UnitTestResult executionId="af7f7da2-1225-448d-a95a-34ce63b8c784" testId="85a3df1f-74e3-6aca-1e0c-cfef94af0047" testName="Parse_IntArray" computerName="DKSR-EFI-04" duration="00:00:00.0005980" startTime="2023-12-22T09:35:51.2257028+01:00" endTime="2023-12-22T09:35:51.2257028+01:00" testType="13cdc9d9-ddb5-4fa4-a97d-d965ccfc6d4b" outcome="Passed" testListId="8c84fa94-04c1-424b-9868-57a2d4851a1d" relativeResultsDirectory="af7f7da2-1225-448d-a95a-34ce63b8c784" />
    <UnitTestResult executionId="ff707912-ff08-4d90-93a8-42783f9057dd" testId="c484feb4-af2e-2886-69bb-e210e70b626b" testName="Encrypt_PropertyIsSetToTrue_EncryptIsTrue" computerName="DKSR-EFI-04" duration="00:00:00.0110336" startTime="2023-12-22T09:35:22.8193057+01:00" endTime="2023-12-22T09:35:22.8349310+01:00" testType="13cdc9d9-ddb5-4fa4-a97d-d965ccfc6d4b" outcome="Passed" testListId="8c84fa94-04c1-424b-9868-57a2d4851a1d" relativeResultsDirectory="ff707912-ff08-4d90-93a8-42783f9057dd" />
    <UnitTestResult executionId="e846d5b4-e449-4904-b105-c2d5e43286e9" testId="8cb20cd0-1e7e-f4a1-66cd-e7e59b7d8aab" testName="Parse_Int_Invalid" computerName="DKSR-EFI-04" duration="00:00:00.0007895" startTime="2023-12-22T09:35:51.1632034+01:00" endTime="2023-12-22T09:35:51.1632034+01:00" testType="13cdc9d9-ddb5-4fa4-a97d-d965ccfc6d4b" outcome="Passed" testListId="8c84fa94-04c1-424b-9868-57a2d4851a1d" relativeResultsDirectory="e846d5b4-e449-4904-b105-c2d5e43286e9" />
    <UnitTestResult executionId="4b1a7146-8140-4335-b0fc-06a0d7394c87" testId="69e9fbca-51ed-8423-d5ea-3d8489803dd2" testName="Serialize_TestCases (TestParentTypeMatchStructThisTypeNotMatchedProperty)" computerName="DKSR-EFI-04" duration="00:00:00.0006591" startTime="2023-12-22T09:35:49.0538205+01:00" endTime="2023-12-22T09:35:49.0538205+01:00" testType="13cdc9d9-ddb5-4fa4-a97d-d965ccfc6d4b" outcome="Passed" testListId="8c84fa94-04c1-424b-9868-57a2d4851a1d" relativeResultsDirectory="4b1a7146-8140-4335-b0fc-06a0d7394c87" />
    <UnitTestResult executionId="c5005ba1-79cf-4fa5-b3ec-186533750b86" testId="5e776647-f32b-7555-92cc-51ddf06fbbb5" testName="OnSearchResultsReady_NoEventHandler_DoesNotCrash" computerName="DKSR-EFI-04" duration="00:00:00.0055763" startTime="2023-12-22T09:35:49.5069466+01:00" endTime="2023-12-22T09:35:49.5069466+01:00" testType="13cdc9d9-ddb5-4fa4-a97d-d965ccfc6d4b" outcome="Passed" testListId="8c84fa94-04c1-424b-9868-57a2d4851a1d" relativeResultsDirectory="c5005ba1-79cf-4fa5-b3ec-186533750b86" />
    <UnitTestResult executionId="4110984d-d6df-4c17-90a7-2028ffceb458" testId="a1e9cff9-0f40-6b4c-39ab-33d20cd8c823" testName="FindCacheEntryAfter_ShuldReturnNull_WhenTheCacheIsEmpty" computerName="DKSR-EFI-04" duration="00:00:00.0003310" startTime="2023-12-22T09:35:54.5389230+01:00" endTime="2023-12-22T09:35:54.5389230+01:00" testType="13cdc9d9-ddb5-4fa4-a97d-d965ccfc6d4b" outcome="Passed" testListId="8c84fa94-04c1-424b-9868-57a2d4851a1d" relativeResultsDirectory="4110984d-d6df-4c17-90a7-2028ffceb458" />
    <UnitTestResult executionId="6056f51e-2888-4054-982a-dc7c66cc3734" testId="4a238ba0-fcc0-32ec-05c8-4cb7401b273a" testName="GetFilterValuesT_SingleValueAdded_ReturnsValue" computerName="DKSR-EFI-04" duration="00:00:00.0025294" startTime="2023-12-22T09:35:49.4756938+01:00" endTime="2023-12-22T09:35:49.4756938+01:00" testType="13cdc9d9-ddb5-4fa4-a97d-d965ccfc6d4b" outcome="Passed" testListId="8c84fa94-04c1-424b-9868-57a2d4851a1d" relativeResultsDirectory="6056f51e-2888-4054-982a-dc7c66cc3734" />
    <UnitTestResult executionId="c39b7acd-b9a0-4324-9cc2-68f988c75ab6" testId="1bb65b8b-a8a2-1654-89b4-e0a9b34ce5a7" testName="GenerateEnumValueParameters_ShouldWriteId_WhenAlways" computerName="DKSR-EFI-04" duration="00:00:00.0007408" startTime="2023-12-22T09:35:54.4444729+01:00" endTime="2023-12-22T09:35:54.4444729+01:00" testType="13cdc9d9-ddb5-4fa4-a97d-d965ccfc6d4b" outcome="Passed" testListId="8c84fa94-04c1-424b-9868-57a2d4851a1d" relativeResultsDirectory="c39b7acd-b9a0-4324-9cc2-68f988c75ab6" />
    <UnitTestResult executionId="fc1d82f9-d585-470a-a94f-82d9bfa00807" testId="42175a1a-5ae8-6563-c4c4-676e585caed0" testName="WriteXml_ShouldWriteVideoAnalytics_WhenThereIsOneVideoAnalyticsItemPresent" computerName="DKSR-EFI-04" duration="00:00:00.0003037" startTime="2023-12-22T09:35:52.3350843+01:00" endTime="2023-12-22T09:35:52.3350843+01:00" testType="13cdc9d9-ddb5-4fa4-a97d-d965ccfc6d4b" outcome="Passed" testListId="8c84fa94-04c1-424b-9868-57a2d4851a1d" relativeResultsDirectory="fc1d82f9-d585-470a-a94f-82d9bfa00807" />
    <UnitTestResult executionId="5ff1d026-4719-4474-b386-eea740ecf07a" testId="f9dae8a6-1410-fa92-4089-639221dba286" testName="MatchId_Fail_MessageWithAsteriskAtBegin" computerName="DKSR-EFI-04" duration="00:00:00.0003381" startTime="2023-12-22T09:35:53.0069621+01:00" endTime="2023-12-22T09:35:53.0069621+01:00" testType="13cdc9d9-ddb5-4fa4-a97d-d965ccfc6d4b" outcome="Passed" testListId="8c84fa94-04c1-424b-9868-57a2d4851a1d" relativeResultsDirectory="5ff1d026-4719-4474-b386-eea740ecf07a" />
    <UnitTestResult executionId="49303bd4-2f12-45a1-9897-88abe200238c" testId="be126d46-0548-695a-7287-bae8146e110d" testName="Longitude_ShouldThrowArgumentOfRange_WhenValueIsOutsideAcceptedRange" computerName="DKSR-EFI-04" duration="00:00:00.0014043" startTime="2023-12-22T09:35:52.3975855+01:00" endTime="2023-12-22T09:35:52.3975855+01:00" testType="13cdc9d9-ddb5-4fa4-a97d-d965ccfc6d4b" outcome="Passed" testListId="8c84fa94-04c1-424b-9868-57a2d4851a1d" relativeResultsDirectory="49303bd4-2f12-45a1-9897-88abe200238c" />
    <UnitTestResult executionId="81d88b07-1a74-4c28-9456-1362d0f76037" testId="7b925fbb-7ac1-1fe4-4372-38c14ecc5242" testName="ReadXml_ShouldDiscardShape_WhenInvalidShapeIsPresent" computerName="DKSR-EFI-04" duration="00:00:00.0016009" startTime="2023-12-22T09:35:51.6319560+01:00" endTime="2023-12-22T09:35:51.6319560+01:00" testType="13cdc9d9-ddb5-4fa4-a97d-d965ccfc6d4b" outcome="Passed" testListId="8c84fa94-04c1-424b-9868-57a2d4851a1d" relativeResultsDirectory="81d88b07-1a74-4c28-9456-1362d0f76037" />
    <UnitTestResult executionId="c78220b7-d230-4b88-9996-5ec87a0a33ed" testId="b2a17b73-a63e-3be2-eee7-c00c2b4d0e01" testName="WriteXml_ShouldWriteYAttribute_WhenPresent" computerName="DKSR-EFI-04" duration="00:00:00.0003527" startTime="2023-12-22T09:35:51.9913314+01:00" endTime="2023-12-22T09:35:51.9913314+01:00" testType="13cdc9d9-ddb5-4fa4-a97d-d965ccfc6d4b" outcome="Passed" testListId="8c84fa94-04c1-424b-9868-57a2d4851a1d" relativeResultsDirectory="c78220b7-d230-4b88-9996-5ec87a0a33ed" />
    <UnitTestResult executionId="792e597c-afa6-478a-9afc-203fb7d5f44a" testId="3c9f7f25-03ba-a9ac-886d-ab6e7acb2b5d" testName="TryParseArgbString_ShouldCreateInstanceWithCorrectARGBValues_WhenFormatIsCorrectButWithWhiteSpaceBeforeOrAfter" computerName="DKSR-EFI-04" duration="00:00:00.0004162" startTime="2023-12-22T09:35:51.8819593+01:00" endTime="2023-12-22T09:35:51.8819593+01:00" testType="13cdc9d9-ddb5-4fa4-a97d-d965ccfc6d4b" outcome="Passed" testListId="8c84fa94-04c1-424b-9868-57a2d4851a1d" relativeResultsDirectory="792e597c-afa6-478a-9afc-203fb7d5f44a" />
    <UnitTestResult executionId="d8d36616-6f33-4fe9-925d-2662d098936f" testId="f7df628a-2d6d-0169-1e36-e1aabcaaa3c0" testName="KindsFilter_TwoKinds_OnlyAllowedKindsShown" computerName="DKSR-EFI-04" duration="00:00:00.0322055" startTime="2023-12-22T09:35:46.2725528+01:00" endTime="2023-12-22T09:35:46.3038035+01:00" testType="13cdc9d9-ddb5-4fa4-a97d-d965ccfc6d4b" outcome="Passed" testListId="8c84fa94-04c1-424b-9868-57a2d4851a1d" relativeResultsDirectory="d8d36616-6f33-4fe9-925d-2662d098936f" />
    <UnitTestResult executionId="758d9b79-ceb5-450d-959f-bec93c656037" testId="0b0cafcd-36ec-b9e7-a6b1-cc34c82fd875" testName="ReadXml_ShouldReadVideoAnalysticsChild_WhenOneChildIsPresent" computerName="DKSR-EFI-04" duration="00:00:00.0021701" startTime="2023-12-22T09:35:52.2725845+01:00" endTime="2023-12-22T09:35:52.2725845+01:00" testType="13cdc9d9-ddb5-4fa4-a97d-d965ccfc6d4b" outcome="Passed" testListId="8c84fa94-04c1-424b-9868-57a2d4851a1d" relativeResultsDirectory="758d9b79-ceb5-450d-959f-bec93c656037" />
    <UnitTestResult executionId="89dab07f-59f9-497a-9e1c-f8ae4eee0dd0" testId="c2b3a374-d9ca-fe1a-d2bb-dddc9de79775" testName="GetItem_ShouldNotReturnItem_WhenOtherAddedFound" computerName="DKSR-EFI-04" duration="00:00:00.0004626" startTime="2023-12-22T09:35:24.9130693+01:00" endTime="2023-12-22T09:35:24.9130693+01:00" testType="13cdc9d9-ddb5-4fa4-a97d-d965ccfc6d4b" outcome="Passed" testListId="8c84fa94-04c1-424b-9868-57a2d4851a1d" relativeResultsDirectory="89dab07f-59f9-497a-9e1c-f8ae4eee0dd0" />
    <UnitTestResult executionId="42b709c4-4792-48fb-90f5-2e8138285a5d" testId="8685a0cc-8f6c-e530-6b25-43918c6d87aa" testName="GenerateEnumValueParameters_ShouldWriteDisplayId_WhenAlways" computerName="DKSR-EFI-04" duration="00:00:00.0008838" startTime="2023-12-22T09:35:54.4600955+01:00" endTime="2023-12-22T09:35:54.4600955+01:00" testType="13cdc9d9-ddb5-4fa4-a97d-d965ccfc6d4b" outcome="Passed" testListId="8c84fa94-04c1-424b-9868-57a2d4851a1d" relativeResultsDirectory="42b709c4-4792-48fb-90f5-2e8138285a5d" />
    <UnitTestResult executionId="79a8496b-333e-4b1c-bf64-ce1c8090c24a" testId="461331e3-222f-9745-91e1-804c09883ed3" testName="ToString_WithoutType" computerName="DKSR-EFI-04" duration="00:00:00.0010619" startTime="2023-12-22T09:35:53.2257139+01:00" endTime="2023-12-22T09:35:53.2257139+01:00" testType="13cdc9d9-ddb5-4fa4-a97d-d965ccfc6d4b" outcome="Passed" testListId="8c84fa94-04c1-424b-9868-57a2d4851a1d" relativeResultsDirectory="79a8496b-333e-4b1c-bf64-ce1c8090c24a" />
    <UnitTestResult executionId="617442ff-1529-4834-803b-6673883755f8" testId="04c35346-28ec-f782-fc3a-52a05938a62a" testName="TestCancelSearch_NoSearchToCancel_Success" computerName="DKSR-EFI-04" duration="00:00:00.0009499" startTime="2023-12-22T09:35:49.9756969+01:00" endTime="2023-12-22T09:35:49.9756969+01:00" testType="13cdc9d9-ddb5-4fa4-a97d-d965ccfc6d4b" outcome="Passed" testListId="8c84fa94-04c1-424b-9868-57a2d4851a1d" relativeResultsDirectory="617442ff-1529-4834-803b-6673883755f8" />
    <UnitTestResult executionId="032ac7a2-dd51-4bfe-baf7-3131f4f2843d" testId="d2eb1662-6b70-63d0-d71c-7f9ecf6fdd7d" testName="SearchResultData_TriggerTime_Success" computerName="DKSR-EFI-04" duration="00:00:00.0002483" startTime="2023-12-22T09:35:50.1475715+01:00" endTime="2023-12-22T09:35:50.1475715+01:00" testType="13cdc9d9-ddb5-4fa4-a97d-d965ccfc6d4b" outcome="Passed" testListId="8c84fa94-04c1-424b-9868-57a2d4851a1d" relativeResultsDirectory="032ac7a2-dd51-4bfe-baf7-3131f4f2843d" />
    <UnitTestResult executionId="5609a4f3-2b0a-42f9-afe9-942474720b65" testId="f03417c3-eb2e-18cd-8003-c8d213c40e6f" testName="IsCriteriaAccepted_WithKindsFilter_WhenItemKindIsNotValid_False" computerName="DKSR-EFI-04" duration="00:00:00.0015547" startTime="2023-12-22T09:35:45.6787992+01:00" endTime="2023-12-22T09:35:45.6787992+01:00" testType="13cdc9d9-ddb5-4fa4-a97d-d965ccfc6d4b" outcome="Passed" testListId="8c84fa94-04c1-424b-9868-57a2d4851a1d" relativeResultsDirectory="5609a4f3-2b0a-42f9-afe9-942474720b65" />
    <UnitTestResult executionId="19a191f7-c69b-455f-81e3-02b8cacde42f" testId="4869fcc0-9c89-53f1-f0e6-6ac4c4ca00cc" testName="GetItems_ShouldReturnList_WhenAllAdded" computerName="DKSR-EFI-04" duration="00:00:00.0021401" startTime="2023-12-22T09:35:24.9286926+01:00" endTime="2023-12-22T09:35:24.9286926+01:00" testType="13cdc9d9-ddb5-4fa4-a97d-d965ccfc6d4b" outcome="Passed" testListId="8c84fa94-04c1-424b-9868-57a2d4851a1d" relativeResultsDirectory="19a191f7-c69b-455f-81e3-02b8cacde42f" />
    <UnitTestResult executionId="0065b2ac-05e8-4db4-b3b5-e6bb40447bde" testId="dfc15ed8-7724-9a59-ed0c-37d1b022994b" testName="GetAgeFilterValue_NullCriteria_Throws" computerName="DKSR-EFI-04" duration="00:00:00.0014867" startTime="2023-12-22T09:35:50.8507018+01:00" endTime="2023-12-22T09:35:50.8507018+01:00" testType="13cdc9d9-ddb5-4fa4-a97d-d965ccfc6d4b" outcome="Passed" testListId="8c84fa94-04c1-424b-9868-57a2d4851a1d" relativeResultsDirectory="0065b2ac-05e8-4db4-b3b5-e6bb40447bde" />
    <UnitTestResult executionId="a8fe397f-8b33-4f9c-a8aa-e156d0679ff4" testId="781c6c8a-3177-25ba-5828-fb732829d7b1" testName="Decrypt_ShouldThrowMIPException_WhenCalledOnFIPSEnabledMachine" computerName="DKSR-EFI-04" duration="00:00:00.0010061" startTime="2023-12-22T09:35:54.1319687+01:00" endTime="2023-12-22T09:35:54.1319687+01:00" testType="13cdc9d9-ddb5-4fa4-a97d-d965ccfc6d4b" outcome="Passed" testListId="8c84fa94-04c1-424b-9868-57a2d4851a1d" relativeResultsDirectory="a8fe397f-8b33-4f9c-a8aa-e156d0679ff4" />
    <UnitTestResult executionId="93c654af-74c1-4310-9054-7065460b6146" testId="9bf19834-4f90-5f56-a3eb-6c1d93ea3aa5" testName="Apply_ShouldApplyTranslateAndScale_WhenTranslateAndScaleIsNotNull" computerName="DKSR-EFI-04" duration="00:00:00.0004758" startTime="2023-12-22T09:35:51.9757082+01:00" endTime="2023-12-22T09:35:51.9913314+01:00" testType="13cdc9d9-ddb5-4fa4-a97d-d965ccfc6d4b" outcome="Passed" testListId="8c84fa94-04c1-424b-9868-57a2d4851a1d" relativeResultsDirectory="93c654af-74c1-4310-9054-7065460b6146" />
    <UnitTestResult executionId="c6bdc087-0f64-4846-9426-0cb22aa5ce09" testId="b41e6145-298a-b0e7-b1a2-57aee45877f3" testName="WriteXml_ShouldOmitFrameElement_WhenThereIsNoFramePresent" computerName="DKSR-EFI-04" duration="00:00:00.0005487" startTime="2023-12-22T09:35:52.9757117+01:00" endTime="2023-12-22T09:35:52.9757117+01:00" testType="13cdc9d9-ddb5-4fa4-a97d-d965ccfc6d4b" outcome="Passed" testListId="8c84fa94-04c1-424b-9868-57a2d4851a1d" relativeResultsDirectory="c6bdc087-0f64-4846-9426-0cb22aa5ce09" />
    <UnitTestResult executionId="aad73568-a5ec-45ed-bce7-1b4fa84cb143" testId="25a2ab59-4e6b-8585-ad34-1909dafc5c3e" testName="CountByItems_Activated_CountByCounter_TrialExpired" computerName="DKSR-EFI-04" duration="00:00:00.0018547" startTime="2023-12-22T09:35:54.2882194+01:00" endTime="2023-12-22T09:35:54.2882194+01:00" testType="13cdc9d9-ddb5-4fa4-a97d-d965ccfc6d4b" outcome="Passed" testListId="8c84fa94-04c1-424b-9868-57a2d4851a1d" relativeResultsDirectory="aad73568-a5ec-45ed-bce7-1b4fa84cb143" />
    <UnitTestResult executionId="e74c7a83-13dc-453e-bd0b-400b78ea0ccf" testId="1ebf1719-320f-c38b-2f84-2a795fe44eb1" testName="Flush_ShouldClearCache" computerName="DKSR-EFI-04" duration="00:00:00.0007663" startTime="2023-12-22T09:35:24.9599420+01:00" endTime="2023-12-22T09:35:24.9599420+01:00" testType="13cdc9d9-ddb5-4fa4-a97d-d965ccfc6d4b" outcome="Passed" testListId="8c84fa94-04c1-424b-9868-57a2d4851a1d" relativeResultsDirectory="e74c7a83-13dc-453e-bd0b-400b78ea0ccf" />
    <UnitTestResult executionId="9079c4b2-5ead-4eb5-93ae-a5cb160dac68" testId="8a93c35e-4228-1fba-033f-24c13305aa44" testName="Serialize_ShouldHandleCollectionFilter_WhenMatchingCollectionTypeAndItMatches" computerName="DKSR-EFI-04" duration="00:00:00.0038581" startTime="2023-12-22T09:35:49.2256928+01:00" endTime="2023-12-22T09:35:49.2256928+01:00" testType="13cdc9d9-ddb5-4fa4-a97d-d965ccfc6d4b" outcome="Passed" testListId="8c84fa94-04c1-424b-9868-57a2d4851a1d" relativeResultsDirectory="9079c4b2-5ead-4eb5-93ae-a5cb160dac68" />
    <UnitTestResult executionId="3bec86cd-95ce-499d-8083-9526262fe68f" testId="1785bf0a-686c-ffbf-697b-cc5c423923de" testName="TestSearchFilterCategories_Success" computerName="DKSR-EFI-04" duration="00:00:00.0505116" startTime="2023-12-22T09:35:49.6631957+01:00" endTime="2023-12-22T09:35:49.7100679+01:00" testType="13cdc9d9-ddb5-4fa4-a97d-d965ccfc6d4b" outcome="Passed" testListId="8c84fa94-04c1-424b-9868-57a2d4851a1d" relativeResultsDirectory="3bec86cd-95ce-499d-8083-9526262fe68f" />
    <UnitTestResult executionId="24e04e72-d65e-44b3-8488-2b21fd5cfb8d" testId="211e44a5-7069-3390-6f71-9a0cc710f40e" testName="GetItem_ShouldReturnItem_WhenFound" computerName="DKSR-EFI-04" duration="00:00:00.0563196" startTime="2023-12-22T09:35:24.8505657+01:00" endTime="2023-12-22T09:35:24.9130693+01:00" testType="13cdc9d9-ddb5-4fa4-a97d-d965ccfc6d4b" outcome="Passed" testListId="8c84fa94-04c1-424b-9868-57a2d4851a1d" relativeResultsDirectory="24e04e72-d65e-44b3-8488-2b21fd5cfb8d" />
    <UnitTestResult executionId="7ef32929-d5e7-437d-8ca6-9a2006cc0e5c" testId="dbac47b9-416a-24f2-90d7-b5b09b9dc93c" testName="Equals_ShouldBeDifferent" computerName="DKSR-EFI-04" duration="00:00:00.0003304" startTime="2023-12-22T09:35:21.0849188+01:00" endTime="2023-12-22T09:35:21.0849188+01:00" testType="13cdc9d9-ddb5-4fa4-a97d-d965ccfc6d4b" outcome="Passed" testListId="8c84fa94-04c1-424b-9868-57a2d4851a1d" relativeResultsDirectory="7ef32929-d5e7-437d-8ca6-9a2006cc0e5c" />
    <UnitTestResult executionId="a1ab32b2-8ec9-4486-9031-ac58f2008d0b" testId="4f7d823c-5866-aa3b-4a40-ca5bc159ad3e" testName="TestStartSearch_MultipleSearchesOnSameDefinition_WhereLastSearchThrowsException_Success" computerName="DKSR-EFI-04" duration="00:00:00.0145933" startTime="2023-12-22T09:35:49.9444463+01:00" endTime="2023-12-22T09:35:49.9604401+01:00" testType="13cdc9d9-ddb5-4fa4-a97d-d965ccfc6d4b" outcome="Passed" testListId="8c84fa94-04c1-424b-9868-57a2d4851a1d" relativeResultsDirectory="a1ab32b2-8ec9-4486-9031-ac58f2008d0b" />
    <UnitTestResult executionId="313ee6ad-958b-4ef4-9f4f-864498b3baf7" testId="8938eaaa-10f4-1d84-a810-d332ab0c7421" testName="Serialize_ShouldHandleCollectionFilter_WhenMatchingCollectionItemsTypeAndItMatchesNone" computerName="DKSR-EFI-04" duration="00:00:00.0006205" startTime="2023-12-22T09:35:49.2256928+01:00" endTime="2023-12-22T09:35:49.2413195+01:00" testType="13cdc9d9-ddb5-4fa4-a97d-d965ccfc6d4b" outcome="Passed" testListId="8c84fa94-04c1-424b-9868-57a2d4851a1d" relativeResultsDirectory="313ee6ad-958b-4ef4-9f4f-864498b3baf7" />
    <UnitTestResult executionId="5ed6b65a-220e-4281-bedf-8fafa35a7859" testId="354ba800-9c3f-2483-ba05-53bf465653b1" testName="Serialize_TestCases (TestParentCollectionNotEmptyListMatchedProperty)" computerName="DKSR-EFI-04" duration="00:00:00.0005393" startTime="2023-12-22T09:35:49.2100670+01:00" endTime="2023-12-22T09:35:49.2100670+01:00" testType="13cdc9d9-ddb5-4fa4-a97d-d965ccfc6d4b" outcome="Passed" testListId="8c84fa94-04c1-424b-9868-57a2d4851a1d" relativeResultsDirectory="5ed6b65a-220e-4281-bedf-8fafa35a7859" />
    <UnitTestResult executionId="16d81618-a02b-43f6-aa9b-c36a955b4240" testId="4f7bde70-3b99-d47c-8245-4d79a123baa7" testName="Ctor_NullScope_Throws" computerName="DKSR-EFI-04" duration="00:00:00.0016967" startTime="2023-12-22T09:35:49.3194461+01:00" endTime="2023-12-22T09:35:49.3350668+01:00" testType="13cdc9d9-ddb5-4fa4-a97d-d965ccfc6d4b" outcome="Passed" testListId="8c84fa94-04c1-424b-9868-57a2d4851a1d" relativeResultsDirectory="16d81618-a02b-43f6-aa9b-c36a955b4240" />
    <UnitTestResult executionId="8d58b1c7-8c90-4461-9204-f0dfe5bd9b3b" testId="9ef77c95-5283-32cc-e077-a32bcc727b45" testName="Minimize_ShouldReturnTwoIntervals_WhenListContainsTwoNonOverlappingIntervalsReversed" computerName="DKSR-EFI-04" duration="00:00:00.0006155" startTime="2023-12-22T09:35:35.1162461+01:00" endTime="2023-12-22T09:35:35.1162461+01:00" testType="13cdc9d9-ddb5-4fa4-a97d-d965ccfc6d4b" outcome="Passed" testListId="8c84fa94-04c1-424b-9868-57a2d4851a1d" relativeResultsDirectory="8d58b1c7-8c90-4461-9204-f0dfe5bd9b3b" />
    <UnitTestResult executionId="725fae4c-630a-445c-aa5f-7275b4198324" testId="03478619-c09b-a567-26eb-276c25d533f6" testName="ReadXml_ShouldLogWarningOnlyOnceWithinOneMinute_WhenRequiredAttributeIsMissing" computerName="DKSR-EFI-04" duration="00:00:00.0010846" startTime="2023-12-22T09:35:52.9288370+01:00" endTime="2023-12-22T09:35:52.9288370+01:00" testType="13cdc9d9-ddb5-4fa4-a97d-d965ccfc6d4b" outcome="Passed" testListId="8c84fa94-04c1-424b-9868-57a2d4851a1d" relativeResultsDirectory="725fae4c-630a-445c-aa5f-7275b4198324" />
    <UnitTestResult executionId="6bf38706-db1e-4d30-8536-430d118beab4" testId="87dedebf-9e1e-bd2e-7ee4-397e89dac510" testName="Clone_Camera_Checked" computerName="DKSR-EFI-04" duration="00:00:00.0008475" startTime="2023-12-22T09:35:21.0536720+01:00" endTime="2023-12-22T09:35:21.0536720+01:00" testType="13cdc9d9-ddb5-4fa4-a97d-d965ccfc6d4b" outcome="Passed" testListId="8c84fa94-04c1-424b-9868-57a2d4851a1d" relativeResultsDirectory="6bf38706-db1e-4d30-8536-430d118beab4" />
    <UnitTestResult executionId="d0729352-bbc9-4ad5-8931-c1203bb156e5" testId="24a8c25f-b1c2-eba6-82b4-72c1adc9ee27" testName="BuildOverlayWidthHeightAlarm_ShouldReturnCorrectSizedBitmap_WhenArgumentContainsNoObjectAndRule" computerName="DKSR-EFI-04" duration="00:00:00.0014470" startTime="2023-12-22T09:35:24.7880652+01:00" endTime="2023-12-22T09:35:24.8036915+01:00" testType="13cdc9d9-ddb5-4fa4-a97d-d965ccfc6d4b" outcome="Passed" testListId="8c84fa94-04c1-424b-9868-57a2d4851a1d" relativeResultsDirectory="d0729352-bbc9-4ad5-8931-c1203bb156e5" />
    <UnitTestResult executionId="b80dea10-c132-45ed-919e-1d2bbece9fe1" testId="4d02d00b-2996-2f9f-95bd-26fe5f7ed1e8" testName="WriteXml_ShouldWriteObject_WhenThereIsOneObjectPresent" computerName="DKSR-EFI-04" duration="00:00:00.0021561" startTime="2023-12-22T09:35:52.1007086+01:00" endTime="2023-12-22T09:35:52.1007086+01:00" testType="13cdc9d9-ddb5-4fa4-a97d-d965ccfc6d4b" outcome="Passed" testListId="8c84fa94-04c1-424b-9868-57a2d4851a1d" relativeResultsDirectory="b80dea10-c132-45ed-919e-1d2bbece9fe1" />
    <UnitTestResult executionId="477211a4-f79e-455d-9cf6-eafe579246d0" testId="63299308-d7dd-b56e-acf5-b1b102f32d4f" testName="ReadXml_ShouldReadYAttribute_WhenPresent" computerName="DKSR-EFI-04" duration="00:00:00.0003086" startTime="2023-12-22T09:35:52.9132108+01:00" endTime="2023-12-22T09:35:52.9132108+01:00" testType="13cdc9d9-ddb5-4fa4-a97d-d965ccfc6d4b" outcome="Passed" testListId="8c84fa94-04c1-424b-9868-57a2d4851a1d" relativeResultsDirectory="477211a4-f79e-455d-9cf6-eafe579246d0" />
    <UnitTestResult executionId="0930b4f6-4c40-4774-b139-a834658710f6" testId="30eb4594-0190-4b3a-1578-17048e926b12" testName="ReadXml_ShouldIgnoreUnknownAttributes_WhenAlways" computerName="DKSR-EFI-04" duration="00:00:00.0007124" startTime="2023-12-22T09:35:52.6007097+01:00" endTime="2023-12-22T09:35:52.6007097+01:00" testType="13cdc9d9-ddb5-4fa4-a97d-d965ccfc6d4b" outcome="Passed" testListId="8c84fa94-04c1-424b-9868-57a2d4851a1d" relativeResultsDirectory="0930b4f6-4c40-4774-b139-a834658710f6" />
    <UnitTestResult executionId="45213ef1-5c53-499c-b994-cc8b838c8843" testId="9290011a-534c-d8ac-8fa0-ea6c058c4ca6" testName="Serialize_TestCases (Verify root Collection (empty) property)" computerName="DKSR-EFI-04" duration="00:00:00.0008245" startTime="2023-12-22T09:35:48.8975656+01:00" endTime="2023-12-22T09:35:48.8975656+01:00" testType="13cdc9d9-ddb5-4fa4-a97d-d965ccfc6d4b" outcome="Passed" testListId="8c84fa94-04c1-424b-9868-57a2d4851a1d" relativeResultsDirectory="45213ef1-5c53-499c-b994-cc8b838c8843" />
    <UnitTestResult executionId="fed89516-ade1-41c4-b59c-7eed6b994954" testId="15a5142a-4ca9-8496-a1cc-4a1caca4c970" testName="GetColorFilterValues_SingleSelection_Success" computerName="DKSR-EFI-04" duration="00:00:00.0070957" startTime="2023-12-22T09:35:50.9444530+01:00" endTime="2023-12-22T09:35:50.9444530+01:00" testType="13cdc9d9-ddb5-4fa4-a97d-d965ccfc6d4b" outcome="Passed" testListId="8c84fa94-04c1-424b-9868-57a2d4851a1d" relativeResultsDirectory="fed89516-ade1-41c4-b59c-7eed6b994954" />
    <UnitTestResult executionId="451c35b8-42cd-4b9c-a30a-c5d615b6b96e" testId="a83a69b8-4523-62af-550e-9c72857a22cc" testName="Clear_ShouldInvokeCallback_WhenObservable" computerName="DKSR-EFI-04" duration="00:00:00.0010555" startTime="2023-12-22T09:35:46.7569301+01:00" endTime="2023-12-22T09:35:46.7569301+01:00" testType="13cdc9d9-ddb5-4fa4-a97d-d965ccfc6d4b" outcome="Passed" testListId="8c84fa94-04c1-424b-9868-57a2d4851a1d" relativeResultsDirectory="451c35b8-42cd-4b9c-a30a-c5d615b6b96e" />
    <UnitTestResult executionId="f74b490b-410e-4ee2-bb0c-33d3102fed5f" testId="060935d9-41c9-9631-b038-7843722743ca" testName="GetGenderFilterValues_NullCriteria_Throws" computerName="DKSR-EFI-04" duration="00:00:00.0011225" startTime="2023-12-22T09:35:50.8507018+01:00" endTime="2023-12-22T09:35:50.8507018+01:00" testType="13cdc9d9-ddb5-4fa4-a97d-d965ccfc6d4b" outcome="Passed" testListId="8c84fa94-04c1-424b-9868-57a2d4851a1d" relativeResultsDirectory="f74b490b-410e-4ee2-bb0c-33d3102fed5f" />
    <UnitTestResult executionId="37e90e6a-0562-4dbc-9c43-e73c9b267aa1" testId="cf73c26e-47e0-f1da-1e09-63167f3a5e47" testName="InstanceGet_Success" computerName="DKSR-EFI-04" duration="00:00:00.0038147" startTime="2023-12-22T09:35:50.1788226+01:00" endTime="2023-12-22T09:35:50.1788226+01:00" testType="13cdc9d9-ddb5-4fa4-a97d-d965ccfc6d4b" outcome="Passed" testListId="8c84fa94-04c1-424b-9868-57a2d4851a1d" relativeResultsDirectory="37e90e6a-0562-4dbc-9c43-e73c9b267aa1" />
    <UnitTestResult executionId="0e80f86c-fb4f-4cbf-abd3-af6a1f7d3f74" testId="5d3b9f28-5b7f-774a-d114-babb2f2f6cd2" testName="WriteXml_ShouldWriteFontFamiliyAttribute_WhenPresent" computerName="DKSR-EFI-04" duration="00:00:00.0003091" startTime="2023-12-22T09:35:52.0069581+01:00" endTime="2023-12-22T09:35:52.0069581+01:00" testType="13cdc9d9-ddb5-4fa4-a97d-d965ccfc6d4b" outcome="Passed" testListId="8c84fa94-04c1-424b-9868-57a2d4851a1d" relativeResultsDirectory="0e80f86c-fb4f-4cbf-abd3-af6a1f7d3f74" />
    <UnitTestResult executionId="aab9a329-095e-4a43-81a8-aa559e8f034b" testId="137cce7b-4534-866e-a202-717289695719" testName="ToString_WithTypeAndMessage" computerName="DKSR-EFI-04" duration="00:00:00.0002474" startTime="2023-12-22T09:35:53.2413382+01:00" endTime="2023-12-22T09:35:53.2413382+01:00" testType="13cdc9d9-ddb5-4fa4-a97d-d965ccfc6d4b" outcome="Passed" testListId="8c84fa94-04c1-424b-9868-57a2d4851a1d" relativeResultsDirectory="aab9a329-095e-4a43-81a8-aa559e8f034b" />
    <UnitTestResult executionId="52d76f99-5462-40d8-8e5f-e20bcc2d3050" testId="af66790e-7a17-2a52-f594-1232b3cd885e" testName="Parse_String_WithDot" computerName="DKSR-EFI-04" duration="00:00:00.0003082" startTime="2023-12-22T09:35:51.1632034+01:00" endTime="2023-12-22T09:35:51.1632034+01:00" testType="13cdc9d9-ddb5-4fa4-a97d-d965ccfc6d4b" outcome="Passed" testListId="8c84fa94-04c1-424b-9868-57a2d4851a1d" relativeResultsDirectory="52d76f99-5462-40d8-8e5f-e20bcc2d3050" />
    <UnitTestResult executionId="ce928f5d-4578-4ccc-868f-63506099daa9" testId="eb183710-44b3-ddea-c66c-e6cc35890656" testName="Append_PropertyKey_String_Parted" computerName="DKSR-EFI-04" duration="00:00:00.0008229" startTime="2023-12-22T09:35:51.0538262+01:00" endTime="2023-12-22T09:35:51.0538262+01:00" testType="13cdc9d9-ddb5-4fa4-a97d-d965ccfc6d4b" outcome="Passed" testListId="8c84fa94-04c1-424b-9868-57a2d4851a1d" relativeResultsDirectory="ce928f5d-4578-4ccc-868f-63506099daa9" />
    <UnitTestResult executionId="4c98c80e-826f-4d77-9d23-9f4838ffc261" testId="6c0d7995-8533-0e6b-e22a-6af26babe546" testName="Equals_IgnoreFolderType_Check" computerName="DKSR-EFI-04" duration="00:00:00.0008903" startTime="2023-12-22T09:35:21.0849188+01:00" endTime="2023-12-22T09:35:21.0849188+01:00" testType="13cdc9d9-ddb5-4fa4-a97d-d965ccfc6d4b" outcome="Passed" testListId="8c84fa94-04c1-424b-9868-57a2d4851a1d" relativeResultsDirectory="4c98c80e-826f-4d77-9d23-9f4838ffc261" />
    <UnitTestResult executionId="a2a53f98-4a00-4715-97a5-41f7f27b2b45" testId="ee0b5b54-d791-b6a4-b0fb-2c250f632e6e" testName="GetNext_ShouldReturnEntryAfterFirstReturnedEntry_WhenFindCacheEntryBeforeWasCalledAndThereIsANextEntry" computerName="DKSR-EFI-04" duration="00:00:00.0004763" startTime="2023-12-22T09:35:54.6007223+01:00" endTime="2023-12-22T09:35:54.6007223+01:00" testType="13cdc9d9-ddb5-4fa4-a97d-d965ccfc6d4b" outcome="Passed" testListId="8c84fa94-04c1-424b-9868-57a2d4851a1d" relativeResultsDirectory="a2a53f98-4a00-4715-97a5-41f7f27b2b45" />
    <UnitTestResult executionId="279fee2d-10b2-4b73-a9a0-acf557ad416d" testId="21dd4ab4-8f48-2c5a-854c-4eb0b036ad99" testName="Apply_ShouldMultiplScaleYCoordinatesToToCenterYAndScaleXCoordinatesToCenterX_WhenScaleIsNotNull" computerName="DKSR-EFI-04" duration="00:00:00.0004496" startTime="2023-12-22T09:35:51.9757082+01:00" endTime="2023-12-22T09:35:51.9757082+01:00" testType="13cdc9d9-ddb5-4fa4-a97d-d965ccfc6d4b" outcome="Passed" testListId="8c84fa94-04c1-424b-9868-57a2d4851a1d" relativeResultsDirectory="279fee2d-10b2-4b73-a9a0-acf557ad416d" />
    <UnitTestResult executionId="4bc4a0d9-b293-4c86-80ca-22577636ea37" testId="c9591e10-6b0d-3789-a42b-e1f4d40f2de0" testName="Convert_SingleArgumentConverter_ShouldThrowArgumentException_WhenArgumentTypeMismatch" computerName="DKSR-EFI-04" duration="00:00:00.0008814" startTime="2023-12-22T09:35:46.5225522+01:00" endTime="2023-12-22T09:35:46.5225522+01:00" testType="13cdc9d9-ddb5-4fa4-a97d-d965ccfc6d4b" outcome="Passed" testListId="8c84fa94-04c1-424b-9868-57a2d4851a1d" relativeResultsDirectory="4bc4a0d9-b293-4c86-80ca-22577636ea37" />
    <UnitTestResult executionId="be016862-69c6-442f-a139-38cc92b9acc4" testId="007025e6-ced6-33f5-d735-a3864e2b7add" testName="GetMetadataString_ShouldReturnConstructorByteArrayParameter_AsUtf8DecodedString" computerName="DKSR-EFI-04" duration="00:00:00.0003716" startTime="2023-12-22T09:35:52.1319581+01:00" endTime="2023-12-22T09:35:52.1319581+01:00" testType="13cdc9d9-ddb5-4fa4-a97d-d965ccfc6d4b" outcome="Passed" testListId="8c84fa94-04c1-424b-9868-57a2d4851a1d" relativeResultsDirectory="be016862-69c6-442f-a139-38cc92b9acc4" />
    <UnitTestResult executionId="b4c7fbf6-57a9-400f-9edd-25e140df8345" testId="9a2c2caa-e4e4-6aa8-3062-315f42f6a4ed" testName="SetCacheContents_ShuldInvalidateLastReturnedElementIndexSoGetNextAnd_WhenAlways" computerName="DKSR-EFI-04" duration="00:00:00.0005919" startTime="2023-12-22T09:35:54.5389230+01:00" endTime="2023-12-22T09:35:54.5389230+01:00" testType="13cdc9d9-ddb5-4fa4-a97d-d965ccfc6d4b" outcome="Passed" testListId="8c84fa94-04c1-424b-9868-57a2d4851a1d" relativeResultsDirectory="b4c7fbf6-57a9-400f-9edd-25e140df8345" />
    <UnitTestResult executionId="9f11c6da-79c2-4f0d-9e6b-6a836b0152d1" testId="55e8e49d-3677-ba1c-fee3-b06a721808bd" testName="ReadXml_ShouldLogWarning_WhenBoundingBoxIsIncomplete" computerName="DKSR-EFI-04" duration="00:00:00.0014812" startTime="2023-12-22T09:35:52.7725858+01:00" endTime="2023-12-22T09:35:52.7725858+01:00" testType="13cdc9d9-ddb5-4fa4-a97d-d965ccfc6d4b" outcome="Passed" testListId="8c84fa94-04c1-424b-9868-57a2d4851a1d" relativeResultsDirectory="9f11c6da-79c2-4f0d-9e6b-6a836b0152d1" />
    <UnitTestResult executionId="e8e503ca-6aef-4a2e-b7f6-1871a8e1b75a" testId="7ce3bd1f-17a2-67ea-14e3-54128c33634a" testName="Speed_ShouldThrowArgumentOfRange_WhenValueIsOutsideAcceptedRange" computerName="DKSR-EFI-04" duration="00:00:00.0009204" startTime="2023-12-22T09:35:52.3975855+01:00" endTime="2023-12-22T09:35:52.3975855+01:00" testType="13cdc9d9-ddb5-4fa4-a97d-d965ccfc6d4b" outcome="Passed" testListId="8c84fa94-04c1-424b-9868-57a2d4851a1d" relativeResultsDirectory="e8e503ca-6aef-4a2e-b7f6-1871a8e1b75a" />
    <UnitTestResult executionId="44afed26-11fa-4455-a525-514b6ffc4879" testId="20458d0b-b85c-491e-b4ab-b9b8494bb490" testName="Construct2_And_Field_Check" computerName="DKSR-EFI-04" duration="00:00:00.0292408" startTime="2023-12-22T09:35:21.3505539+01:00" endTime="2023-12-22T09:35:21.3661756+01:00" testType="13cdc9d9-ddb5-4fa4-a97d-d965ccfc6d4b" outcome="Passed" testListId="8c84fa94-04c1-424b-9868-57a2d4851a1d" relativeResultsDirectory="44afed26-11fa-4455-a525-514b6ffc4879" />
    <UnitTestResult executionId="a09ae79a-0f1b-4b7d-a6f0-278b8a16d507" testId="a9cc89a4-8213-a4b1-7484-4879815a89dd" testName="Decrypt_ShouldDecryptNonFipsLicenseEncryption" computerName="DKSR-EFI-04" duration="00:00:00.0007242" startTime="2023-12-22T09:35:54.1319687+01:00" endTime="2023-12-22T09:35:54.1319687+01:00" testType="13cdc9d9-ddb5-4fa4-a97d-d965ccfc6d4b" outcome="Passed" testListId="8c84fa94-04c1-424b-9868-57a2d4851a1d" relativeResultsDirectory="a09ae79a-0f1b-4b7d-a6f0-278b8a16d507" />
    <UnitTestResult executionId="a3c21a32-c116-4507-b7a5-3cad1988614b" testId="bd10e1d0-a002-0856-831f-b5cf43dbc863" testName="Contains_CameraFail_Checked" computerName="DKSR-EFI-04" duration="00:00:00.0004829" startTime="2023-12-22T09:35:21.0849188+01:00" endTime="2023-12-22T09:35:21.0849188+01:00" testType="13cdc9d9-ddb5-4fa4-a97d-d965ccfc6d4b" outcome="Passed" testListId="8c84fa94-04c1-424b-9868-57a2d4851a1d" relativeResultsDirectory="a3c21a32-c116-4507-b7a5-3cad1988614b" />
    <UnitTestResult executionId="bb986b9f-7e59-4537-aac7-97d3d2f5426d" testId="cd80718c-caec-d1ab-47af-f5822f5e7c58" testName="ReadXml_ShouldSetObjectIdToZero_WhenObjectIdAttributeIsPresentButNotAnInteger" computerName="DKSR-EFI-04" duration="00:00:00.0002349" startTime="2023-12-22T09:35:52.5382106+01:00" endTime="2023-12-22T09:35:52.5382106+01:00" testType="13cdc9d9-ddb5-4fa4-a97d-d965ccfc6d4b" outcome="Passed" testListId="8c84fa94-04c1-424b-9868-57a2d4851a1d" relativeResultsDirectory="bb986b9f-7e59-4537-aac7-97d3d2f5426d" />
    <UnitTestResult executionId="72e95a4e-0b12-4780-a22b-c6eca3fc8976" testId="8e518cf6-5cc7-9578-86bd-3ad3afaceaf7" testName="Equals_ShouldReturnFalse_WhenOnlyIdsAreDifferent" computerName="DKSR-EFI-04" duration="00:00:00.0003808" startTime="2023-12-22T09:35:23.2411912+01:00" endTime="2023-12-22T09:35:23.2411912+01:00" testType="13cdc9d9-ddb5-4fa4-a97d-d965ccfc6d4b" outcome="Passed" testListId="8c84fa94-04c1-424b-9868-57a2d4851a1d" relativeResultsDirectory="72e95a4e-0b12-4780-a22b-c6eca3fc8976" />
    <UnitTestResult executionId="7c8d122d-27ad-4518-9072-69d4db71a89d" testId="88c1b25e-ba16-57cd-c6d8-d1d74e524e76" testName="ReadXml_ShouldIgnoreUnknownChildren_WhenUnknownChildrenArePresent" computerName="DKSR-EFI-04" duration="00:00:00.0008325" startTime="2023-12-22T09:35:52.7257115+01:00" endTime="2023-12-22T09:35:52.7257115+01:00" testType="13cdc9d9-ddb5-4fa4-a97d-d965ccfc6d4b" outcome="Passed" testListId="8c84fa94-04c1-424b-9868-57a2d4851a1d" relativeResultsDirectory="7c8d122d-27ad-4518-9072-69d4db71a89d" />
    <UnitTestResult executionId="593b35c9-e381-4b68-8cc0-28cfa32d945e" testId="585441ab-f7bf-ef9a-ea65-e7624bf9208f" testName="WriteXml_ShouldWriteBottomAttribute_WhenAlays" computerName="DKSR-EFI-04" duration="00:00:00.0007091" startTime="2023-12-22T09:35:52.6788367+01:00" endTime="2023-12-22T09:35:52.6788367+01:00" testType="13cdc9d9-ddb5-4fa4-a97d-d965ccfc6d4b" outcome="Passed" testListId="8c84fa94-04c1-424b-9868-57a2d4851a1d" relativeResultsDirectory="593b35c9-e381-4b68-8cc0-28cfa32d945e" />
    <UnitTestResult executionId="41417164-e7f1-474e-aea1-3e791aa7506d" testId="170477bd-09ab-210a-5f06-ead624d7a716" testName="Serialize_TestCases (TestParentTypeMatchEnumThisTypeMatched)" computerName="DKSR-EFI-04" duration="00:00:00.0004658" startTime="2023-12-22T09:35:49.0225684+01:00" endTime="2023-12-22T09:35:49.0225684+01:00" testType="13cdc9d9-ddb5-4fa4-a97d-d965ccfc6d4b" outcome="Passed" testListId="8c84fa94-04c1-424b-9868-57a2d4851a1d" relativeResultsDirectory="41417164-e7f1-474e-aea1-3e791aa7506d" />
    <UnitTestResult executionId="f9d68d5e-9959-4158-bdb5-076357e4c48b" testId="262c3c73-7b65-0063-be55-7b0feb97027d" testName="GenerateDeviceCapabilityParameters_ShouldWriteTypeName_WhenAlways" computerName="DKSR-EFI-04" duration="00:00:00.0008347" startTime="2023-12-22T09:35:54.6475974+01:00" endTime="2023-12-22T09:35:54.6475974+01:00" testType="13cdc9d9-ddb5-4fa4-a97d-d965ccfc6d4b" outcome="Passed" testListId="8c84fa94-04c1-424b-9868-57a2d4851a1d" relativeResultsDirectory="f9d68d5e-9959-4158-bdb5-076357e4c48b" />
    <UnitTestResult executionId="a46113f8-c895-48f2-bd94-2af355af490a" testId="dae5127c-eff7-8376-4da7-ec9462c457e1" testName="GetNearest_ShouldReturnFirstElement_WhenTimestampIsSamesAsFirstElement" computerName="DKSR-EFI-04" duration="00:00:00.0005640" startTime="2023-12-22T09:35:54.6163483+01:00" endTime="2023-12-22T09:35:54.6163483+01:00" testType="13cdc9d9-ddb5-4fa4-a97d-d965ccfc6d4b" outcome="Passed" testListId="8c84fa94-04c1-424b-9868-57a2d4851a1d" relativeResultsDirectory="a46113f8-c895-48f2-bd94-2af355af490a" />
    <UnitTestResult executionId="d2ab082a-cadc-4aaf-b752-e94f7dd96ba7" testId="2e209cdd-d799-eebb-86ee-eb1ff73e496f" testName="ReadXml_ShouldReadXmlAndCreateEquivalentObject_WhenXmlIsWrittenByWriteXml" computerName="DKSR-EFI-04" duration="00:00:00.0022524" startTime="2023-12-22T09:35:52.3194595+01:00" endTime="2023-12-22T09:35:52.3194595+01:00" testType="13cdc9d9-ddb5-4fa4-a97d-d965ccfc6d4b" outcome="Passed" testListId="8c84fa94-04c1-424b-9868-57a2d4851a1d" relativeResultsDirectory="d2ab082a-cadc-4aaf-b752-e94f7dd96ba7" />
    <UnitTestResult executionId="697967d1-bbe4-4629-854a-df61818705d0" testId="273b976a-4136-12a0-93d4-d31e724b1d9b" testName="SHA256Hex64_ShouldReturnSHAHash_WhenInputIsNotNull" computerName="DKSR-EFI-04" duration="00:00:00.0062652" startTime="2023-12-22T09:35:55.1163500+01:00" endTime="2023-12-22T09:35:55.1163500+01:00" testType="13cdc9d9-ddb5-4fa4-a97d-d965ccfc6d4b" outcome="Passed" testListId="8c84fa94-04c1-424b-9868-57a2d4851a1d" relativeResultsDirectory="697967d1-bbe4-4629-854a-df61818705d0" />
    <UnitTestResult executionId="0e575d02-5387-4231-8168-938437dcd943" testId="ac1f3199-d4a5-f053-63bd-190671ac0343" testName="Serialize_TestCases (TestParentTypeMatchStringNotThisTypeNotMatched)" computerName="DKSR-EFI-04" duration="00:00:00.0004124" startTime="2023-12-22T09:35:48.9600655+01:00" endTime="2023-12-22T09:35:48.9600655+01:00" testType="13cdc9d9-ddb5-4fa4-a97d-d965ccfc6d4b" outcome="Passed" testListId="8c84fa94-04c1-424b-9868-57a2d4851a1d" relativeResultsDirectory="0e575d02-5387-4231-8168-938437dcd943" />
    <UnitTestResult executionId="62fe06a6-3fc7-43dd-b2d3-0591bb98fd56" testId="61ac148b-77c6-a946-fca0-45c9e49f9516" testName="ProvideValue_ShouldNotApplyText_WhenItemTextPropertyNameIsNotSet" computerName="DKSR-EFI-04" duration="00:00:00.0248812" startTime="2023-12-22T09:35:47.3350582+01:00" endTime="2023-12-22T09:35:47.3663098+01:00" testType="13cdc9d9-ddb5-4fa4-a97d-d965ccfc6d4b" outcome="Passed" testListId="8c84fa94-04c1-424b-9868-57a2d4851a1d" relativeResultsDirectory="62fe06a6-3fc7-43dd-b2d3-0591bb98fd56" />
    <UnitTestResult executionId="f9ed76e5-dc63-4c15-bcfc-e8b06d7eb85f" testId="8a8663da-3c48-e3de-3195-bc33f43c17d1" testName="Equals_ShouldHaveValueSemantics_Always" computerName="DKSR-EFI-04" duration="00:00:00.0018680" startTime="2023-12-22T09:35:52.4600857+01:00" endTime="2023-12-22T09:35:52.4757115+01:00" testType="13cdc9d9-ddb5-4fa4-a97d-d965ccfc6d4b" outcome="Passed" testListId="8c84fa94-04c1-424b-9868-57a2d4851a1d" relativeResultsDirectory="f9ed76e5-dc63-4c15-bcfc-e8b06d7eb85f" />
    <UnitTestResult executionId="9c8a84d3-ffe3-47eb-8d32-dff659f610b9" testId="c89277b5-bdbb-4718-3fdc-952f1cd089bd" testName="GetCompatibilityHandler_ShouldReturnFips_WhenCallingFipsCompliantSystem_21_1" computerName="DKSR-EFI-04" duration="00:00:00.0007636" startTime="2023-12-22T09:35:53.9913425+01:00" endTime="2023-12-22T09:35:53.9913425+01:00" testType="13cdc9d9-ddb5-4fa4-a97d-d965ccfc6d4b" outcome="Passed" testListId="8c84fa94-04c1-424b-9868-57a2d4851a1d" relativeResultsDirectory="9c8a84d3-ffe3-47eb-8d32-dff659f610b9" />
    <UnitTestResult executionId="761eb7df-0861-459f-918f-9e7d010c1b85" testId="a513f6d4-cac8-7139-d5eb-18e28868b5e3" testName="ReadXml_ShouldLogWarningTwiceWhenMoreThanOneMinuteBetweenWarnings_WhenRequiredAttributeIsMissing" computerName="DKSR-EFI-04" duration="00:00:00.0017997" startTime="2023-12-22T09:35:52.0538359+01:00" endTime="2023-12-22T09:35:52.0538359+01:00" testType="13cdc9d9-ddb5-4fa4-a97d-d965ccfc6d4b" outcome="Passed" testListId="8c84fa94-04c1-424b-9868-57a2d4851a1d" relativeResultsDirectory="761eb7df-0861-459f-918f-9e7d010c1b85" />
    <UnitTestResult executionId="786e3568-0d35-4c8a-b54e-80fe1253f332" testId="5789951e-05f9-80ac-4d0e-916299b6afb4" testName="Serialize_TestCases (TestParentTypeMatchGenericNotThisTypeNotMatched)" computerName="DKSR-EFI-04" duration="00:00:00.0037551" startTime="2023-12-22T09:35:49.1788189+01:00" endTime="2023-12-22T09:35:49.1788189+01:00" testType="13cdc9d9-ddb5-4fa4-a97d-d965ccfc6d4b" outcome="Passed" testListId="8c84fa94-04c1-424b-9868-57a2d4851a1d" relativeResultsDirectory="786e3568-0d35-4c8a-b54e-80fe1253f332" />
    <UnitTestResult executionId="54021fe0-0087-4f36-bfe1-14d33efd957f" testId="6abc30a4-9771-c1aa-9f1c-ff3c0e9f8896" testName="Convert_MultiArgumentConverter_ShouldThrowArgumentException_WhenArgumentTypeMismatch" computerName="DKSR-EFI-04" duration="00:00:00.0007224" startTime="2023-12-22T09:35:46.5381789+01:00" endTime="2023-12-22T09:35:46.5381789+01:00" testType="13cdc9d9-ddb5-4fa4-a97d-d965ccfc6d4b" outcome="Passed" testListId="8c84fa94-04c1-424b-9868-57a2d4851a1d" relativeResultsDirectory="54021fe0-0087-4f36-bfe1-14d33efd957f" />
    <UnitTestResult executionId="189efc37-4da9-4e07-b7ec-bef1a9574413" testId="b2538acc-438d-df18-2761-19b1ee3522d9" testName="GenerateParameters_ShouldWriteGopRange_WhenGopRangeIsNotNull" computerName="DKSR-EFI-04" duration="00:00:00.0007019" startTime="2023-12-22T09:35:54.3819706+01:00" endTime="2023-12-22T09:35:54.3819706+01:00" testType="13cdc9d9-ddb5-4fa4-a97d-d965ccfc6d4b" outcome="Passed" testListId="8c84fa94-04c1-424b-9868-57a2d4851a1d" relativeResultsDirectory="189efc37-4da9-4e07-b7ec-bef1a9574413" />
    <UnitTestResult executionId="bbc4b2a7-de1b-4293-a418-424451f7deb1" testId="5f559e43-4e08-7018-bc21-dc71856c4701" testName="WriteXml_ShouldOmitElements_WhenTheyAreNull" computerName="DKSR-EFI-04" duration="00:00:00.0127895" startTime="2023-12-22T09:35:51.6788298+01:00" endTime="2023-12-22T09:35:51.6944570+01:00" testType="13cdc9d9-ddb5-4fa4-a97d-d965ccfc6d4b" outcome="Passed" testListId="8c84fa94-04c1-424b-9868-57a2d4851a1d" relativeResultsDirectory="bbc4b2a7-de1b-4293-a418-424451f7deb1" />
    <UnitTestResult executionId="daedef52-a649-41ab-9468-a01322d19bc1" testId="2308f95d-e716-8457-e2f9-557865d40f5f" testName="Equals_Fail1" computerName="DKSR-EFI-04" duration="00:00:00.0002094" startTime="2023-12-22T09:35:53.2257139+01:00" endTime="2023-12-22T09:35:53.2257139+01:00" testType="13cdc9d9-ddb5-4fa4-a97d-d965ccfc6d4b" outcome="Passed" testListId="8c84fa94-04c1-424b-9868-57a2d4851a1d" relativeResultsDirectory="daedef52-a649-41ab-9468-a01322d19bc1" />
    <UnitTestResult executionId="efd0870f-7af5-4271-86ab-adcc36f78111" testId="9afbb05d-46d7-ab12-da1c-921f9b09858d" testName="Serialize_TestCases (Verify root Collection (null) property)" computerName="DKSR-EFI-04" duration="00:00:00.0002464" startTime="2023-12-22T09:35:48.8975656+01:00" endTime="2023-12-22T09:35:48.8975656+01:00" testType="13cdc9d9-ddb5-4fa4-a97d-d965ccfc6d4b" outcome="Passed" testListId="8c84fa94-04c1-424b-9868-57a2d4851a1d" relativeResultsDirectory="efd0870f-7af5-4271-86ab-adcc36f78111" />
    <UnitTestResult executionId="0b018ff4-94f5-4aed-b8af-44ba557fbffe" testId="3c77e52b-5dd8-dbae-4bf5-a2756b09e775" testName="MD5Hex32_ShouldReturnMD5Hash_WhenInputIsEmpty" computerName="DKSR-EFI-04" duration="00:00:00.0002699" startTime="2023-12-22T09:35:55.1163500+01:00" endTime="2023-12-22T09:35:55.1163500+01:00" testType="13cdc9d9-ddb5-4fa4-a97d-d965ccfc6d4b" outcome="Passed" testListId="8c84fa94-04c1-424b-9868-57a2d4851a1d" relativeResultsDirectory="0b018ff4-94f5-4aed-b8af-44ba557fbffe" />
    <UnitTestResult executionId="8d6ac113-a1f2-4430-aca5-2c6a49d5cc21" testId="bf5918ba-1ac5-ba5f-cde7-7b7063949a78" testName="Enqueue_QueueStopped_Fails" computerName="DKSR-EFI-04" duration="00:00:00.0005998" startTime="2023-12-22T09:35:35.1318694+01:00" endTime="2023-12-22T09:35:35.1318694+01:00" testType="13cdc9d9-ddb5-4fa4-a97d-d965ccfc6d4b" outcome="Passed" testListId="8c84fa94-04c1-424b-9868-57a2d4851a1d" relativeResultsDirectory="8d6ac113-a1f2-4430-aca5-2c6a49d5cc21" />
    <UnitTestResult executionId="fd329323-686e-42c0-92d0-3a6d7d326c5d" testId="6faa7eef-7d9f-75d0-2df6-09e7531ab536" testName="CreateAlarmFromEvent_ShouldReturnProperAlarm_WhenArgumentIsEventData" computerName="DKSR-EFI-04" duration="00:00:00.4226661" startTime="2023-12-22T09:35:23.3349325+01:00" endTime="2023-12-22T09:35:23.7568096+01:00" testType="13cdc9d9-ddb5-4fa4-a97d-d965ccfc6d4b" outcome="Passed" testListId="8c84fa94-04c1-424b-9868-57a2d4851a1d" relativeResultsDirectory="fd329323-686e-42c0-92d0-3a6d7d326c5d" />
    <UnitTestResult executionId="2918b50e-3e9f-4b31-9d13-a169fa7ae2d0" testId="c1d45865-15fa-0d84-a5d0-67059817b5ff" testName="AllowGroupSelection_AutoCloseOnSelect_GroupSelected" computerName="DKSR-EFI-04" duration="00:00:00.0005937" startTime="2023-12-22T09:35:45.7256744+01:00" endTime="2023-12-22T09:35:45.7256744+01:00" testType="13cdc9d9-ddb5-4fa4-a97d-d965ccfc6d4b" outcome="Passed" testListId="8c84fa94-04c1-424b-9868-57a2d4851a1d" relativeResultsDirectory="2918b50e-3e9f-4b31-9d13-a169fa7ae2d0" />
    <UnitTestResult executionId="1d183ad8-7291-4a0e-bff0-5e915277119c" testId="06174076-ef01-8d0d-830c-682ae858b24d" testName="Append_Element_KeyValueString" computerName="DKSR-EFI-04" duration="00:00:00.0001620" startTime="2023-12-22T09:35:51.0225753+01:00" endTime="2023-12-22T09:35:51.0225753+01:00" testType="13cdc9d9-ddb5-4fa4-a97d-d965ccfc6d4b" outcome="Passed" testListId="8c84fa94-04c1-424b-9868-57a2d4851a1d" relativeResultsDirectory="1d183ad8-7291-4a0e-bff0-5e915277119c" />
    <UnitTestResult executionId="68dbbfce-a3ea-491f-b8e1-ef05d11c1767" testId="b3df3f39-3ac5-afed-24ec-7a145316d997" testName="Set_String_In_Array" computerName="DKSR-EFI-04" duration="00:00:00.0006947" startTime="2023-12-22T09:35:51.2100773+01:00" endTime="2023-12-22T09:35:51.2100773+01:00" testType="13cdc9d9-ddb5-4fa4-a97d-d965ccfc6d4b" outcome="Passed" testListId="8c84fa94-04c1-424b-9868-57a2d4851a1d" relativeResultsDirectory="68dbbfce-a3ea-491f-b8e1-ef05d11c1767" />
    <UnitTestResult executionId="0ece0505-87dc-4356-b0af-680aeac5da8b" testId="29ac2707-c2cb-35e2-eedb-a90688f5df17" testName="ReadXml_ShouldIgnoreObject_WhenObjectIsPresenWithWrongNamespace" computerName="DKSR-EFI-04" duration="00:00:00.0004682" startTime="2023-12-22T09:35:52.0850820+01:00" endTime="2023-12-22T09:35:52.0850820+01:00" testType="13cdc9d9-ddb5-4fa4-a97d-d965ccfc6d4b" outcome="Passed" testListId="8c84fa94-04c1-424b-9868-57a2d4851a1d" relativeResultsDirectory="0ece0505-87dc-4356-b0af-680aeac5da8b" />
    <UnitTestResult executionId="ba67f5f1-f184-4201-9696-8eee7adfa07b" testId="a17fc58f-03d2-d783-1f61-cc54e1b01c86" testName="LicensesObjectId_ShouldBeTheSameAsReleasedBeforeNonFips" computerName="DKSR-EFI-04" duration="00:00:00.0005156" startTime="2023-12-22T09:35:54.0538445+01:00" endTime="2023-12-22T09:35:54.0538445+01:00" testType="13cdc9d9-ddb5-4fa4-a97d-d965ccfc6d4b" outcome="Passed" testListId="8c84fa94-04c1-424b-9868-57a2d4851a1d" relativeResultsDirectory="ba67f5f1-f184-4201-9696-8eee7adfa07b" />
    <UnitTestResult executionId="0a3e8fbc-5061-4131-9458-6804deeb9b02" testId="ec920726-a9ee-dd71-1f12-1fd1c5e256bd" testName="SetEvents_ShouldAddProxyManager_WhenFrameworkElementIsLoaded" computerName="DKSR-EFI-04" duration="00:00:00.0071934" startTime="2023-12-22T09:35:49.2725696+01:00" endTime="2023-12-22T09:35:49.2881918+01:00" testType="13cdc9d9-ddb5-4fa4-a97d-d965ccfc6d4b" outcome="Passed" testListId="8c84fa94-04c1-424b-9868-57a2d4851a1d" relativeResultsDirectory="0a3e8fbc-5061-4131-9458-6804deeb9b02" />
    <UnitTestResult executionId="6e299a33-5c31-4030-a323-3b6cef4de9c0" testId="0465a107-5afa-65eb-a10c-77e89846ff26" testName="GenerateBoundingBoxDevice_ShouldReturnDeviceWithCorrectTypes_WhenAlways" computerName="DKSR-EFI-04" duration="00:00:00.0017936" startTime="2023-12-22T09:35:54.6788461+01:00" endTime="2023-12-22T09:35:54.6788461+01:00" testType="13cdc9d9-ddb5-4fa4-a97d-d965ccfc6d4b" outcome="Passed" testListId="8c84fa94-04c1-424b-9868-57a2d4851a1d" relativeResultsDirectory="6e299a33-5c31-4030-a323-3b6cef4de9c0" />
    <UnitTestResult executionId="16596a24-0a4a-4ec1-b670-414994000e01" testId="dfccf221-5403-2188-5503-aa835e99c003" testName="AllAttributesWerePresent_ShouldReturnFalse_WhenYAttributeIsMissing" computerName="DKSR-EFI-04" duration="00:00:00.0002948" startTime="2023-12-22T09:35:52.9132108+01:00" endTime="2023-12-22T09:35:52.9132108+01:00" testType="13cdc9d9-ddb5-4fa4-a97d-d965ccfc6d4b" outcome="Passed" testListId="8c84fa94-04c1-424b-9868-57a2d4851a1d" relativeResultsDirectory="16596a24-0a4a-4ec1-b670-414994000e01" />
    <UnitTestResult executionId="d9977131-a53e-461e-b3bc-289a7f3e184b" testId="a9cb9252-3d98-79fe-629f-64e8ef1da14d" testName="GenerateEnumValueParameters_ShouldWriteValue_WhenAlways" computerName="DKSR-EFI-04" duration="00:00:00.0007686" startTime="2023-12-22T09:35:54.4600955+01:00" endTime="2023-12-22T09:35:54.4600955+01:00" testType="13cdc9d9-ddb5-4fa4-a97d-d965ccfc6d4b" outcome="Passed" testListId="8c84fa94-04c1-424b-9868-57a2d4851a1d" relativeResultsDirectory="d9977131-a53e-461e-b3bc-289a7f3e184b" />
    <UnitTestResult executionId="e457e186-d51b-48dd-b676-e7e70c93052b" testId="014a068d-cf03-ed2b-0a73-be788526e910" testName="Minimize_ShouldReturnOneInterval_WhenListContainsTwoOverlappingIntervalsReversed" computerName="DKSR-EFI-04" duration="00:00:00.0006316" startTime="2023-12-22T09:35:35.1006194+01:00" endTime="2023-12-22T09:35:35.1006194+01:00" testType="13cdc9d9-ddb5-4fa4-a97d-d965ccfc6d4b" outcome="Passed" testListId="8c84fa94-04c1-424b-9868-57a2d4851a1d" relativeResultsDirectory="e457e186-d51b-48dd-b676-e7e70c93052b" />
    <UnitTestResult executionId="6fe8ed8b-c7a2-45e8-85f2-3f24d113f290" testId="20caf036-4742-9847-57a7-705349cf0bac" testName="Serialize_TestCases (Verify root Struct property)" computerName="DKSR-EFI-04" duration="00:00:00.0002815" startTime="2023-12-22T09:35:48.8819404+01:00" endTime="2023-12-22T09:35:48.8819404+01:00" testType="13cdc9d9-ddb5-4fa4-a97d-d965ccfc6d4b" outcome="Passed" testListId="8c84fa94-04c1-424b-9868-57a2d4851a1d" relativeResultsDirectory="6fe8ed8b-c7a2-45e8-85f2-3f24d113f290" />
    <UnitTestResult executionId="0e42bffe-3936-457a-b80a-09965618d405" testId="cacda86d-f0f9-0934-0ba5-b96987330f36" testName="GenerateDeviceCapabilityParameters_ShouldWriteDefaultValue_WhenAlways" computerName="DKSR-EFI-04" duration="00:00:00.0005019" startTime="2023-12-22T09:35:54.4288485+01:00" endTime="2023-12-22T09:35:54.4288485+01:00" testType="13cdc9d9-ddb5-4fa4-a97d-d965ccfc6d4b" outcome="Passed" testListId="8c84fa94-04c1-424b-9868-57a2d4851a1d" relativeResultsDirectory="0e42bffe-3936-457a-b80a-09965618d405" />
    <UnitTestResult executionId="314471c5-ac5b-4e8a-bac5-7b9a635bf5d1" testId="ce34eb52-9bf0-0190-75b5-426ffc55227b" testName="Clear_NonEmptyQueue_QueueCleared" computerName="DKSR-EFI-04" duration="00:00:00.0003605" startTime="2023-12-22T09:35:35.2256206+01:00" endTime="2023-12-22T09:35:35.2256206+01:00" testType="13cdc9d9-ddb5-4fa4-a97d-d965ccfc6d4b" outcome="Passed" testListId="8c84fa94-04c1-424b-9868-57a2d4851a1d" relativeResultsDirectory="314471c5-ac5b-4e8a-bac5-7b9a635bf5d1" />
    <UnitTestResult executionId="ef603e4c-5703-452b-a6f4-7b4a18a22013" testId="2de77298-4b39-f702-f7c5-8b8c0ceb02ec" testName="SetChildren_UnKnown_Check" computerName="DKSR-EFI-04" duration="00:00:00.0249046" startTime="2023-12-22T09:35:21.5692986+01:00" endTime="2023-12-22T09:35:21.5849229+01:00" testType="13cdc9d9-ddb5-4fa4-a97d-d965ccfc6d4b" outcome="Passed" testListId="8c84fa94-04c1-424b-9868-57a2d4851a1d" relativeResultsDirectory="ef603e4c-5703-452b-a6f4-7b4a18a22013" />
    <UnitTestResult executionId="47dd40a7-80d8-4ba8-9e86-03fcf18e8431" testId="529dab04-2278-118b-6ef7-08fc1ab4d8b0" testName="GetCompatibilityHandler_ShouldReturnFips_WhenCallingFipsCompliantSystem_20_3" computerName="DKSR-EFI-04" duration="00:00:00.0007663" startTime="2023-12-22T09:35:53.9913425+01:00" endTime="2023-12-22T09:35:53.9913425+01:00" testType="13cdc9d9-ddb5-4fa4-a97d-d965ccfc6d4b" outcome="Passed" testListId="8c84fa94-04c1-424b-9868-57a2d4851a1d" relativeResultsDirectory="47dd40a7-80d8-4ba8-9e86-03fcf18e8431" />
    <UnitTestResult executionId="2a67b02d-e884-4eba-af65-f0975329bbe9" testId="555e4b79-92bf-9342-267d-e971e8e557fa" testName="BuildOverlayWidthHeightBaseEvent_ShouldReturnCorrectSizedBitmap_WhenArgumentIsAnalyticsEvent" computerName="DKSR-EFI-04" duration="00:00:00.0294009" startTime="2023-12-22T09:35:23.7724357+01:00" endTime="2023-12-22T09:35:23.8036836+01:00" testType="13cdc9d9-ddb5-4fa4-a97d-d965ccfc6d4b" outcome="Passed" testListId="8c84fa94-04c1-424b-9868-57a2d4851a1d" relativeResultsDirectory="2a67b02d-e884-4eba-af65-f0975329bbe9" />
    <UnitTestResult executionId="58ad8938-c2b9-4be1-8d10-c876b2d0911d" testId="e99720dc-b5ca-82eb-619d-d041c4804cad" testName="ReadXml_ShouldIgnoreUnknownChildren_WhenUnknownChildrenArePresent" computerName="DKSR-EFI-04" duration="00:00:00.0007974" startTime="2023-12-22T09:35:52.5382106+01:00" endTime="2023-12-22T09:35:52.5382106+01:00" testType="13cdc9d9-ddb5-4fa4-a97d-d965ccfc6d4b" outcome="Passed" testListId="8c84fa94-04c1-424b-9868-57a2d4851a1d" relativeResultsDirectory="58ad8938-c2b9-4be1-8d10-c876b2d0911d" />
    <UnitTestResult executionId="c899aa47-513d-4412-8cd3-72462607917f" testId="f5d12e44-e40c-727a-8c4d-b5134fb3b55a" testName="ProvideValue_ShouldNotSetTargetProperty_WhenCustomDisplayValueIsSet" computerName="DKSR-EFI-04" duration="00:00:00.0014717" startTime="2023-12-22T09:35:47.6788091+01:00" endTime="2023-12-22T09:35:47.6788091+01:00" testType="13cdc9d9-ddb5-4fa4-a97d-d965ccfc6d4b" outcome="Passed" testListId="8c84fa94-04c1-424b-9868-57a2d4851a1d" relativeResultsDirectory="c899aa47-513d-4412-8cd3-72462607917f" />
    <UnitTestResult executionId="57492fa4-cce9-44ef-ae37-13c6f47e1e46" testId="e887a600-cc5e-a49f-de88-d8d0409269e2" testName="Serialize_TestCases (TestParentTypeMatchStructThisTypeNotMatched)" computerName="DKSR-EFI-04" duration="00:00:00.0006899" startTime="2023-12-22T09:35:49.0381952+01:00" endTime="2023-12-22T09:35:49.0381952+01:00" testType="13cdc9d9-ddb5-4fa4-a97d-d965ccfc6d4b" outcome="Passed" testListId="8c84fa94-04c1-424b-9868-57a2d4851a1d" relativeResultsDirectory="57492fa4-cce9-44ef-ae37-13c6f47e1e46" />
    <UnitTestResult executionId="67ad6e6c-d5dc-4129-90d3-799bbddeae9b" testId="d1627721-b0c9-88e8-e34c-f6f72d59002d" testName="TestConstructor_MessageParameters_Success" computerName="DKSR-EFI-04" duration="00:00:00.0036423" startTime="2023-12-22T09:35:50.9600762+01:00" endTime="2023-12-22T09:35:50.9600762+01:00" testType="13cdc9d9-ddb5-4fa4-a97d-d965ccfc6d4b" outcome="Passed" testListId="8c84fa94-04c1-424b-9868-57a2d4851a1d" relativeResultsDirectory="67ad6e6c-d5dc-4129-90d3-799bbddeae9b" />
    <UnitTestResult executionId="4f7787af-12f2-4635-8116-62ff830cefc8" testId="f2c9789b-ec5f-6518-f2c0-b2ab50a92288" testName="Enabled_Properties_With_Enable_Yes_success" computerName="DKSR-EFI-04" duration="00:00:00.0136023" startTime="2023-12-22T09:35:22.7568043+01:00" endTime="2023-12-22T09:35:22.7724297+01:00" testType="13cdc9d9-ddb5-4fa4-a97d-d965ccfc6d4b" outcome="Passed" testListId="8c84fa94-04c1-424b-9868-57a2d4851a1d" relativeResultsDirectory="4f7787af-12f2-4635-8116-62ff830cefc8" />
    <UnitTestResult executionId="48312ea4-c9e8-4946-949d-8bf8954e4ae2" testId="778619f0-485d-357c-9339-4267244fb799" testName="Get_NoElements_ReturnsNull" computerName="DKSR-EFI-04" duration="00:00:00.0002102" startTime="2023-12-22T09:35:35.2256206+01:00" endTime="2023-12-22T09:35:35.2256206+01:00" testType="13cdc9d9-ddb5-4fa4-a97d-d965ccfc6d4b" outcome="Passed" testListId="8c84fa94-04c1-424b-9868-57a2d4851a1d" relativeResultsDirectory="48312ea4-c9e8-4946-949d-8bf8954e4ae2" />
    <UnitTestResult executionId="83766430-1e10-4c1f-a9b2-d17d335f43ce" testId="8ecfeea7-0c3c-71f4-0099-cc3f5ecbeb8d" testName="IconOverlay_Disabled_Success" computerName="DKSR-EFI-04" duration="00:00:00.1955917" startTime="2023-12-22T09:35:21.9911758+01:00" endTime="2023-12-22T09:35:22.1943020+01:00" testType="13cdc9d9-ddb5-4fa4-a97d-d965ccfc6d4b" outcome="Passed" testListId="8c84fa94-04c1-424b-9868-57a2d4851a1d" relativeResultsDirectory="83766430-1e10-4c1f-a9b2-d17d335f43ce" />
    <UnitTestResult executionId="73efb53d-56bf-4fcf-9a56-5c4fdf69f2a5" testId="687e8953-7e5d-f508-b1c0-23de14611310" testName="ReadXml_ShouldLogWarning_WhenClassCandidateIsNotValid" computerName="DKSR-EFI-04" duration="00:00:00.0014447" startTime="2023-12-22T09:35:52.4913367+01:00" endTime="2023-12-22T09:35:52.5069600+01:00" testType="13cdc9d9-ddb5-4fa4-a97d-d965ccfc6d4b" outcome="Passed" testListId="8c84fa94-04c1-424b-9868-57a2d4851a1d" relativeResultsDirectory="73efb53d-56bf-4fcf-9a56-5c4fdf69f2a5" />
    <UnitTestResult executionId="14150f7f-336e-4e1f-b843-8e16682444ac" testId="8875b738-a9e1-7286-389a-f8981f6da4cd" testName="IsValidSelectionCallback_ReturnsFalse_ItemNotSelected" computerName="DKSR-EFI-04" duration="00:00:00.0006019" startTime="2023-12-22T09:35:45.7100501+01:00" endTime="2023-12-22T09:35:45.7100501+01:00" testType="13cdc9d9-ddb5-4fa4-a97d-d965ccfc6d4b" outcome="Passed" testListId="8c84fa94-04c1-424b-9868-57a2d4851a1d" relativeResultsDirectory="14150f7f-336e-4e1f-b843-8e16682444ac" />
    <UnitTestResult executionId="e1c88343-14cf-455c-9f57-8df8dcf8574c" testId="dd6afc15-10c5-b303-c76e-273eabfa3bb0" testName="GenerateParameters_ShouldWriteFpsRange_WhenFpsRangeIsNotNull" computerName="DKSR-EFI-04" duration="00:00:00.0007502" startTime="2023-12-22T09:35:54.3663473+01:00" endTime="2023-12-22T09:35:54.3663473+01:00" testType="13cdc9d9-ddb5-4fa4-a97d-d965ccfc6d4b" outcome="Passed" testListId="8c84fa94-04c1-424b-9868-57a2d4851a1d" relativeResultsDirectory="e1c88343-14cf-455c-9f57-8df8dcf8574c" />
    <UnitTestResult executionId="967ab908-6f81-4646-9c36-1c150338519d" testId="b28c88a2-048a-f43d-3028-a27e0105d7d5" testName="MatchId_Success_MessageWithAsteriskAtBegin" computerName="DKSR-EFI-04" duration="00:00:00.0001676" startTime="2023-12-22T09:35:53.0069621+01:00" endTime="2023-12-22T09:35:53.0069621+01:00" testType="13cdc9d9-ddb5-4fa4-a97d-d965ccfc6d4b" outcome="Passed" testListId="8c84fa94-04c1-424b-9868-57a2d4851a1d" relativeResultsDirectory="967ab908-6f81-4646-9c36-1c150338519d" />
    <UnitTestResult executionId="8daf71a7-ad91-41b5-93b5-d218c0827d9e" testId="a7d99e35-c064-6ecd-9e86-ff4a258d4620" testName="WriteXml_ShouldWriteBoundingBoxContents_WhenBoundingBoxIsNotNull" computerName="DKSR-EFI-04" duration="00:00:00.0011083" startTime="2023-12-22T09:35:52.8038383+01:00" endTime="2023-12-22T09:35:52.8038383+01:00" testType="13cdc9d9-ddb5-4fa4-a97d-d965ccfc6d4b" outcome="Passed" testListId="8c84fa94-04c1-424b-9868-57a2d4851a1d" relativeResultsDirectory="8daf71a7-ad91-41b5-93b5-d218c0827d9e" />
    <UnitTestResult executionId="17c13ded-04db-47c5-ad50-d4fa3acaa72e" testId="48eac079-0542-ec87-ddd8-945c77d287cd" testName="Set_String" computerName="DKSR-EFI-04" duration="00:00:00.0006771" startTime="2023-12-22T09:35:51.1944521+01:00" endTime="2023-12-22T09:35:51.1944521+01:00" testType="13cdc9d9-ddb5-4fa4-a97d-d965ccfc6d4b" outcome="Passed" testListId="8c84fa94-04c1-424b-9868-57a2d4851a1d" relativeResultsDirectory="17c13ded-04db-47c5-ad50-d4fa3acaa72e" />
    <UnitTestResult executionId="72f9ea9c-7708-41d7-80d1-731b579ebdd2" testId="43f214ef-30cf-ba92-5a64-f56ecf6591a8" testName="Convert_SingleArgumentConverter_ShouldAllowNullValue_WhenArgumentIsReferenceType" computerName="DKSR-EFI-04" duration="00:00:00.0004845" startTime="2023-12-22T09:35:46.5069272+01:00" endTime="2023-12-22T09:35:46.5225522+01:00" testType="13cdc9d9-ddb5-4fa4-a97d-d965ccfc6d4b" outcome="Passed" testListId="8c84fa94-04c1-424b-9868-57a2d4851a1d" relativeResultsDirectory="72f9ea9c-7708-41d7-80d1-731b579ebdd2" />
    <UnitTestResult executionId="0d24444f-73ff-42d8-88f0-b18e0e061524" testId="d2d1d21b-c98b-721d-a336-85243335bc1f" testName="Populate_SearchTextSet_SearchFilter_False" computerName="DKSR-EFI-04" duration="00:00:00.0559379" startTime="2023-12-22T09:35:46.4444277+01:00" endTime="2023-12-22T09:35:46.5069272+01:00" testType="13cdc9d9-ddb5-4fa4-a97d-d965ccfc6d4b" outcome="Passed" testListId="8c84fa94-04c1-424b-9868-57a2d4851a1d" relativeResultsDirectory="0d24444f-73ff-42d8-88f0-b18e0e061524" />
    <UnitTestResult executionId="44d4327c-501c-4bc4-85b1-87d97415c1eb" testId="94b07cae-507e-90e4-fe2c-918d2724a7bc" testName="SplitString_WhenEmptyOrSpaces1Level_EmptyArray" computerName="DKSR-EFI-04" duration="00:00:00.0004790" startTime="2023-12-22T09:35:35.0225250+01:00" endTime="2023-12-22T09:35:35.0225250+01:00" testType="13cdc9d9-ddb5-4fa4-a97d-d965ccfc6d4b" outcome="Passed" testListId="8c84fa94-04c1-424b-9868-57a2d4851a1d" relativeResultsDirectory="44d4327c-501c-4bc4-85b1-87d97415c1eb" />
    <UnitTestResult executionId="1736ceb1-befd-434c-8b58-5fda433004cb" testId="3b434787-ec68-61e4-18d4-15e26b84b874" testName="BuildShapeOverlayWidthHeightAnalyticsObjectListRuleList_ShouldReturnCorrectNumberOfShapes" computerName="DKSR-EFI-04" duration="00:00:00.0007609" startTime="2023-12-22T09:35:24.8193163+01:00" endTime="2023-12-22T09:35:24.8193163+01:00" testType="13cdc9d9-ddb5-4fa4-a97d-d965ccfc6d4b" outcome="Passed" testListId="8c84fa94-04c1-424b-9868-57a2d4851a1d" relativeResultsDirectory="1736ceb1-befd-434c-8b58-5fda433004cb" />
    <UnitTestResult executionId="253431a4-f132-437b-bf1f-a6233e67b7ed" testId="135d62c0-fe81-f46a-ce86-2cfe36dd8cc8" testName="Clear_ShouldRemoveAllDataFromCache_WhenAlways" computerName="DKSR-EFI-04" duration="00:00:00.0006002" startTime="2023-12-22T09:35:54.6475974+01:00" endTime="2023-12-22T09:35:54.6475974+01:00" testType="13cdc9d9-ddb5-4fa4-a97d-d965ccfc6d4b" outcome="Passed" testListId="8c84fa94-04c1-424b-9868-57a2d4851a1d" relativeResultsDirectory="253431a4-f132-437b-bf1f-a6233e67b7ed" />
    <UnitTestResult executionId="ef03c28e-d3d6-4260-a08d-6db9e11d4e0c" testId="c4ce90f1-597d-a003-4d5c-b418943cb443" testName="Minimize_ShouldReturnEmptyList_WhenListIsEmpty" computerName="DKSR-EFI-04" duration="00:00:00.0253784" startTime="2023-12-22T09:35:35.0537435+01:00" endTime="2023-12-22T09:35:35.0849937+01:00" testType="13cdc9d9-ddb5-4fa4-a97d-d965ccfc6d4b" outcome="Passed" testListId="8c84fa94-04c1-424b-9868-57a2d4851a1d" relativeResultsDirectory="ef03c28e-d3d6-4260-a08d-6db9e11d4e0c" />
    <UnitTestResult executionId="b4aa655f-0fe6-4d8c-b080-443b6e65b809" testId="08cc126a-cc1a-5bd0-28c8-0e116736d384" testName="ToString_WithTypeAndNull" computerName="DKSR-EFI-04" duration="00:00:00.0002618" startTime="2023-12-22T09:35:53.2413382+01:00" endTime="2023-12-22T09:35:53.2413382+01:00" testType="13cdc9d9-ddb5-4fa4-a97d-d965ccfc6d4b" outcome="Passed" testListId="8c84fa94-04c1-424b-9868-57a2d4851a1d" relativeResultsDirectory="b4aa655f-0fe6-4d8c-b080-443b6e65b809" />
    <UnitTestResult executionId="81dfc291-7f34-495c-abb8-528bd7342530" testId="44454256-30a7-bf45-41dd-badf653c0c55" testName="ReadXml_ShouldReadXAttribute_WhenPresent" computerName="DKSR-EFI-04" duration="00:00:00.0004455" startTime="2023-12-22T09:35:51.9444583+01:00" endTime="2023-12-22T09:35:51.9444583+01:00" testType="13cdc9d9-ddb5-4fa4-a97d-d965ccfc6d4b" outcome="Passed" testListId="8c84fa94-04c1-424b-9868-57a2d4851a1d" relativeResultsDirectory="81dfc291-7f34-495c-abb8-528bd7342530" />
    <UnitTestResult executionId="9c1a390c-1f8d-4501-923f-1bc38a05de30" testId="65d8beb9-d4b1-7128-2631-5520f6c0ed58" testName="TestCancelSearch_Success" computerName="DKSR-EFI-04" duration="00:00:00.0062354" startTime="2023-12-22T09:35:49.9913205+01:00" endTime="2023-12-22T09:35:49.9913205+01:00" testType="13cdc9d9-ddb5-4fa4-a97d-d965ccfc6d4b" outcome="Passed" testListId="8c84fa94-04c1-424b-9868-57a2d4851a1d" relativeResultsDirectory="9c1a390c-1f8d-4501-923f-1bc38a05de30" />
    <UnitTestResult executionId="7b578e4e-0648-4156-a2e2-28cb77c7e56f" testId="842604dd-d444-a7f4-534b-b4af91f3f95c" testName="Serialize_TestCases (TestParentTypeMatchStructThisTypeMatchedProperty)" computerName="DKSR-EFI-04" duration="00:00:00.0007920" startTime="2023-12-22T09:35:49.0381952+01:00" endTime="2023-12-22T09:35:49.0538205+01:00" testType="13cdc9d9-ddb5-4fa4-a97d-d965ccfc6d4b" outcome="Passed" testListId="8c84fa94-04c1-424b-9868-57a2d4851a1d" relativeResultsDirectory="7b578e4e-0648-4156-a2e2-28cb77c7e56f" />
    <UnitTestResult executionId="2f01f654-cdec-45a1-8c57-385fc9cd97e0" testId="e07ed0b5-2e0a-976d-3f75-19c16e3edd02" testName="SHA256Hex64_ShouldThrowArgumentNullException_WhenInputIsNull" computerName="DKSR-EFI-04" duration="00:00:00.0006913" startTime="2023-12-22T09:35:55.1163500+01:00" endTime="2023-12-22T09:35:55.1319739+01:00" testType="13cdc9d9-ddb5-4fa4-a97d-d965ccfc6d4b" outcome="Passed" testListId="8c84fa94-04c1-424b-9868-57a2d4851a1d" relativeResultsDirectory="2f01f654-cdec-45a1-8c57-385fc9cd97e0" />
    <UnitTestResult executionId="188e6788-4cea-47a7-b0d3-1691f1ab2a88" testId="040dd571-8bf0-b0e3-da88-082cc2b787fd" testName="AllAttributesWerePresent_ShouldReturnFalse_WhenLeftAttributeIsMissing" computerName="DKSR-EFI-04" duration="00:00:00.0003116" startTime="2023-12-22T09:35:52.6319611+01:00" endTime="2023-12-22T09:35:52.6319611+01:00" testType="13cdc9d9-ddb5-4fa4-a97d-d965ccfc6d4b" outcome="Passed" testListId="8c84fa94-04c1-424b-9868-57a2d4851a1d" relativeResultsDirectory="188e6788-4cea-47a7-b0d3-1691f1ab2a88" />
    <UnitTestResult executionId="403cbf38-44a6-4597-b346-d10f19d02b4a" testId="e20a2443-63de-0ab9-fc1f-4a1cb2289ef1" testName="CountByItems_NotActivated_Empty" computerName="DKSR-EFI-04" duration="00:00:00.0008214" startTime="2023-12-22T09:35:54.1944692+01:00" endTime="2023-12-22T09:35:54.1944692+01:00" testType="13cdc9d9-ddb5-4fa4-a97d-d965ccfc6d4b" outcome="Passed" testListId="8c84fa94-04c1-424b-9868-57a2d4851a1d" relativeResultsDirectory="403cbf38-44a6-4597-b346-d10f19d02b4a" />
    <UnitTestResult executionId="3cec69f8-8515-42f3-add3-120daedab4a4" testId="b05d6f18-6593-4fdf-8277-2d819867e350" testName="GenerateDeviceCapabilityParameters_ShouldWriteTypeDisplayName_WhenAlways" computerName="DKSR-EFI-04" duration="00:00:00.0007204" startTime="2023-12-22T09:35:54.6475974+01:00" endTime="2023-12-22T09:35:54.6475974+01:00" testType="13cdc9d9-ddb5-4fa4-a97d-d965ccfc6d4b" outcome="Passed" testListId="8c84fa94-04c1-424b-9868-57a2d4851a1d" relativeResultsDirectory="3cec69f8-8515-42f3-add3-120daedab4a4" />
    <UnitTestResult executionId="91d2ddd7-40fb-4929-9b0e-4b97e2cf22a4" testId="a7bf999b-c611-25a7-2ff7-438675e1866f" testName="TestConstructorOverload_MultipleAgents_Success" computerName="DKSR-EFI-04" duration="00:00:00.0216703" startTime="2023-12-22T09:35:49.6319448+01:00" endTime="2023-12-22T09:35:49.6631957+01:00" testType="13cdc9d9-ddb5-4fa4-a97d-d965ccfc6d4b" outcome="Passed" testListId="8c84fa94-04c1-424b-9868-57a2d4851a1d" relativeResultsDirectory="91d2ddd7-40fb-4929-9b0e-4b97e2cf22a4" />
    <UnitTestResult executionId="55690300-e3b5-426d-9065-dfde4d203901" testId="c975fa8d-6f04-08d0-8773-8610e8c13dbc" testName="ReadXml_ShouldReadAltitude_WhenAltitudeIsPresent" computerName="DKSR-EFI-04" duration="00:00:00.0002843" startTime="2023-12-22T09:35:52.4288350+01:00" endTime="2023-12-22T09:35:52.4288350+01:00" testType="13cdc9d9-ddb5-4fa4-a97d-d965ccfc6d4b" outcome="Passed" testListId="8c84fa94-04c1-424b-9868-57a2d4851a1d" relativeResultsDirectory="55690300-e3b5-426d-9065-dfde4d203901" />
    <UnitTestResult executionId="73aaa640-bc9b-46d7-93ca-c93528318a57" testId="6d92f3d7-a73a-0631-d650-f99bb5acd16d" testName="ToArgb_ShouldReturnIntegerWithArgbValues_Always" computerName="DKSR-EFI-04" duration="00:00:00.0003430" startTime="2023-12-22T09:35:51.9132083+01:00" endTime="2023-12-22T09:35:51.9132083+01:00" testType="13cdc9d9-ddb5-4fa4-a97d-d965ccfc6d4b" outcome="Passed" testListId="8c84fa94-04c1-424b-9868-57a2d4851a1d" relativeResultsDirectory="73aaa640-bc9b-46d7-93ca-c93528318a57" />
    <UnitTestResult executionId="5efafca5-7f7d-4660-831e-1cf085510af0" testId="3b72e631-6670-fe62-856b-ccd543a59971" testName="GetPrevious_ShouldReturnNull_WhenCallToFindCacheEntryAfterReturnedNull" computerName="DKSR-EFI-04" duration="00:00:00.0005234" startTime="2023-12-22T09:35:54.5694717+01:00" endTime="2023-12-22T09:35:54.5694717+01:00" testType="13cdc9d9-ddb5-4fa4-a97d-d965ccfc6d4b" outcome="Passed" testListId="8c84fa94-04c1-424b-9868-57a2d4851a1d" relativeResultsDirectory="5efafca5-7f7d-4660-831e-1cf085510af0" />
    <UnitTestResult executionId="902b8747-48de-4d80-8cb5-225e730fae46" testId="468a7b03-b2a7-446e-1f1f-8f32f73da7b5" testName="Set_Int" computerName="DKSR-EFI-04" duration="00:00:00.0006226" startTime="2023-12-22T09:35:51.2100773+01:00" endTime="2023-12-22T09:35:51.2100773+01:00" testType="13cdc9d9-ddb5-4fa4-a97d-d965ccfc6d4b" outcome="Passed" testListId="8c84fa94-04c1-424b-9868-57a2d4851a1d" relativeResultsDirectory="902b8747-48de-4d80-8cb5-225e730fae46" />
    <UnitTestResult executionId="f4425ffb-5e00-40b4-965b-9b72e9d7d86e" testId="b762d469-6e8e-9554-a9ef-98866a578464" testName="Serialize_TestCases (TestParentTypeMatchCollectionNotThisTypeMatched)" computerName="DKSR-EFI-04" duration="00:00:00.0002047" startTime="2023-12-22T09:35:49.1006918+01:00" endTime="2023-12-22T09:35:49.1163186+01:00" testType="13cdc9d9-ddb5-4fa4-a97d-d965ccfc6d4b" outcome="Passed" testListId="8c84fa94-04c1-424b-9868-57a2d4851a1d" relativeResultsDirectory="f4425ffb-5e00-40b4-965b-9b72e9d7d86e" />
    <UnitTestResult executionId="ce4a56cb-7901-4d61-9f37-1cc0f7cef83d" testId="bfea60ac-0b86-e379-4adc-c41a2063908a" testName="ParseMetadataXmlWithString_ShouldThrowArgumentNullException_WhenXmlIsNull" computerName="DKSR-EFI-04" duration="00:00:00.0014920" startTime="2023-12-22T09:35:52.1475838+01:00" endTime="2023-12-22T09:35:52.1475838+01:00" testType="13cdc9d9-ddb5-4fa4-a97d-d965ccfc6d4b" outcome="Passed" testListId="8c84fa94-04c1-424b-9868-57a2d4851a1d" relativeResultsDirectory="ce4a56cb-7901-4d61-9f37-1cc0f7cef83d" />
    <UnitTestResult executionId="101de404-6500-4dda-8854-3a538b0d8bac" testId="66035837-2c9f-2396-ee34-7f395303e812" testName="WriteXml_ShouldOmitIsRemovedElement_WhenIsRemovedFalse" computerName="DKSR-EFI-04" duration="00:00:00.0002448" startTime="2023-12-22T09:35:51.7725813+01:00" endTime="2023-12-22T09:35:51.7725813+01:00" testType="13cdc9d9-ddb5-4fa4-a97d-d965ccfc6d4b" outcome="Passed" testListId="8c84fa94-04c1-424b-9868-57a2d4851a1d" relativeResultsDirectory="101de404-6500-4dda-8854-3a538b0d8bac" />
    <UnitTestResult executionId="0ab98fe0-4c2d-463a-a727-cd989638ca64" testId="a68618ea-e0dc-05b4-e76f-a11a2f3f297e" testName="WriteXml_ShouldWriteTypeAndLikelihoodElements_WhenAlways" computerName="DKSR-EFI-04" duration="00:00:00.0013198" startTime="2023-12-22T09:35:51.8507071+01:00" endTime="2023-12-22T09:35:51.8663310+01:00" testType="13cdc9d9-ddb5-4fa4-a97d-d965ccfc6d4b" outcome="Passed" testListId="8c84fa94-04c1-424b-9868-57a2d4851a1d" relativeResultsDirectory="0ab98fe0-4c2d-463a-a727-cd989638ca64" />
    <UnitTestResult executionId="35f79066-4c0a-42e8-b6db-c0031b8e0eaa" testId="45a1237f-8398-1e96-4a23-b6a235238101" testName="ReadXml_ShouldReadObject_WhenObjectIsPresent" computerName="DKSR-EFI-04" duration="00:00:00.0034179" startTime="2023-12-22T09:35:52.0694560+01:00" endTime="2023-12-22T09:35:52.0694560+01:00" testType="13cdc9d9-ddb5-4fa4-a97d-d965ccfc6d4b" outcome="Passed" testListId="8c84fa94-04c1-424b-9868-57a2d4851a1d" relativeResultsDirectory="35f79066-4c0a-42e8-b6db-c0031b8e0eaa" />
    <UnitTestResult executionId="be8ee59e-6f7f-4bb8-98a6-0ff67ec0def8" testId="12eef7c4-a391-5bc7-ef04-b727ebe57366" testName="Version_ShouldHaveDefaultValueOf10_WhenNotSetExplicitly" computerName="DKSR-EFI-04" duration="00:00:00.0020223" startTime="2023-12-22T09:35:52.3819624+01:00" endTime="2023-12-22T09:35:52.3819624+01:00" testType="13cdc9d9-ddb5-4fa4-a97d-d965ccfc6d4b" outcome="Passed" testListId="8c84fa94-04c1-424b-9868-57a2d4851a1d" relativeResultsDirectory="be8ee59e-6f7f-4bb8-98a6-0ff67ec0def8" />
    <UnitTestResult executionId="6f2bb905-7ffb-4e21-987e-a86972a6ede3" testId="e9dfb445-64b1-c8bd-bc01-6330550b105e" testName="GenerateDeviceParameters_ShouldOmitGop_WhenGopIsZero" computerName="DKSR-EFI-04" duration="00:00:00.0006817" startTime="2023-12-22T09:35:54.3663473+01:00" endTime="2023-12-22T09:35:54.3663473+01:00" testType="13cdc9d9-ddb5-4fa4-a97d-d965ccfc6d4b" outcome="Passed" testListId="8c84fa94-04c1-424b-9868-57a2d4851a1d" relativeResultsDirectory="6f2bb905-7ffb-4e21-987e-a86972a6ede3" />
    <UnitTestResult executionId="12307c7c-3cba-4d51-8083-6574712f5b25" testId="1b4a32c3-9eb5-2168-e50a-80b2df0aa2f3" testName="ReadXml_ShouldReadMultipleFrames_WhenMultipleCorrectFramesArePresent" computerName="DKSR-EFI-04" duration="00:00:00.0004281" startTime="2023-12-22T09:35:52.9444627+01:00" endTime="2023-12-22T09:35:52.9600867+01:00" testType="13cdc9d9-ddb5-4fa4-a97d-d965ccfc6d4b" outcome="Passed" testListId="8c84fa94-04c1-424b-9868-57a2d4851a1d" relativeResultsDirectory="12307c7c-3cba-4d51-8083-6574712f5b25" />
    <UnitTestResult executionId="8f320deb-3cfd-42fb-974a-08365eb3c34b" testId="4d5586b3-8531-2268-4fb4-39aa8e9235b0" testName="CountByItems_Activated_CountByCounter_Grace2" computerName="DKSR-EFI-04" duration="00:00:00.0014350" startTime="2023-12-22T09:35:54.2569698+01:00" endTime="2023-12-22T09:35:54.2569698+01:00" testType="13cdc9d9-ddb5-4fa4-a97d-d965ccfc6d4b" outcome="Passed" testListId="8c84fa94-04c1-424b-9868-57a2d4851a1d" relativeResultsDirectory="8f320deb-3cfd-42fb-974a-08365eb3c34b" />
    <UnitTestResult executionId="099eab05-2455-4af7-8eac-fec388fa440d" testId="8cae6a56-454e-1e61-1b8f-eb89b356be64" testName="GetFrame_ShouldReturnFirstFrame_WhenThereAreMultipleFrames" computerName="DKSR-EFI-04" duration="00:00:00.0003356" startTime="2023-12-22T09:35:52.3507086+01:00" endTime="2023-12-22T09:35:52.3507086+01:00" testType="13cdc9d9-ddb5-4fa4-a97d-d965ccfc6d4b" outcome="Passed" testListId="8c84fa94-04c1-424b-9868-57a2d4851a1d" relativeResultsDirectory="099eab05-2455-4af7-8eac-fec388fa440d" />
    <UnitTestResult executionId="9de2a8d3-ef17-40f2-aab6-757f408a90f8" testId="f54c02f6-10d6-820a-6be3-9cf15ec86940" testName="ClearFilterValues_UnknownFilter_DoesNothing" computerName="DKSR-EFI-04" duration="00:00:00.0008323" startTime="2023-12-22T09:35:49.4444434+01:00" endTime="2023-12-22T09:35:49.4444434+01:00" testType="13cdc9d9-ddb5-4fa4-a97d-d965ccfc6d4b" outcome="Passed" testListId="8c84fa94-04c1-424b-9868-57a2d4851a1d" relativeResultsDirectory="9de2a8d3-ef17-40f2-aab6-757f408a90f8" />
    <UnitTestResult executionId="375b9a48-fecb-4e2e-be91-a72995fa7314" testId="d8aec2c2-feb6-0e42-e54d-284965f5dea7" testName="MatchId_Fail_MessageWithAsteriskAtEnd" computerName="DKSR-EFI-04" duration="00:00:00.0001531" startTime="2023-12-22T09:35:53.0069621+01:00" endTime="2023-12-22T09:35:53.0069621+01:00" testType="13cdc9d9-ddb5-4fa4-a97d-d965ccfc6d4b" outcome="Passed" testListId="8c84fa94-04c1-424b-9868-57a2d4851a1d" relativeResultsDirectory="375b9a48-fecb-4e2e-be91-a72995fa7314" />
    <UnitTestResult executionId="2cb26311-4aef-4d5b-b664-4a7c3004fcfe" testId="4f18dfe5-cbdb-3f59-ec1a-7c24c2cc1db1" testName="RemoveFilterValue_OnlyValue_Success" computerName="DKSR-EFI-04" duration="00:00:00.0021942" startTime="2023-12-22T09:35:49.4288223+01:00" endTime="2023-12-22T09:35:49.4288223+01:00" testType="13cdc9d9-ddb5-4fa4-a97d-d965ccfc6d4b" outcome="Passed" testListId="8c84fa94-04c1-424b-9868-57a2d4851a1d" relativeResultsDirectory="2cb26311-4aef-4d5b-b664-4a7c3004fcfe" />
    <UnitTestResult executionId="f5d99477-2b84-4b90-be80-9622eb232111" testId="b8c61cc7-6c99-86e0-a646-53691f4fc54c" testName="FallbackDisplayValue_MultipleValuesSet_ReturnsValueList" computerName="DKSR-EFI-04" duration="00:00:00.0003350" startTime="2023-12-22T09:35:49.3194461+01:00" endTime="2023-12-22T09:35:49.3194461+01:00" testType="13cdc9d9-ddb5-4fa4-a97d-d965ccfc6d4b" outcome="Passed" testListId="8c84fa94-04c1-424b-9868-57a2d4851a1d" relativeResultsDirectory="f5d99477-2b84-4b90-be80-9622eb232111" />
    <UnitTestResult executionId="a0af6365-943c-4ac4-ab12-c4f04fc9c418" testId="c475df53-8f1e-79fe-20e9-fd298525b9b9" testName="WriteXml_ShouldWriteOnvifClassContents_WhenClassIsNotNull" computerName="DKSR-EFI-04" duration="00:00:00.0010129" startTime="2023-12-22T09:35:51.7100799+01:00" endTime="2023-12-22T09:35:51.7257047+01:00" testType="13cdc9d9-ddb5-4fa4-a97d-d965ccfc6d4b" outcome="Passed" testListId="8c84fa94-04c1-424b-9868-57a2d4851a1d" relativeResultsDirectory="a0af6365-943c-4ac4-ab12-c4f04fc9c418" />
    <UnitTestResult executionId="0da8e9f3-834e-4aea-a7af-833b2106dd98" testId="c24157b1-3889-6460-0ff0-4d271e6b970c" testName="Serialize_TestCases (Verify root String (null) property get property value)" computerName="DKSR-EFI-04" duration="00:00:00.0001850" startTime="2023-12-22T09:35:48.8506906+01:00" endTime="2023-12-22T09:35:48.8506906+01:00" testType="13cdc9d9-ddb5-4fa4-a97d-d965ccfc6d4b" outcome="Passed" testListId="8c84fa94-04c1-424b-9868-57a2d4851a1d" relativeResultsDirectory="0da8e9f3-834e-4aea-a7af-833b2106dd98" />
    <UnitTestResult executionId="8e513220-396e-497c-b007-c0fbb40da56c" testId="9b0d69da-f0df-c6b0-7696-299b1ca48f22" testName="AllAttributesWerePresent_ShouldReturnTrue_WhenBothXAndYAreFloats" computerName="DKSR-EFI-04" duration="00:00:00.0002571" startTime="2023-12-22T09:35:52.9132108+01:00" endTime="2023-12-22T09:35:52.9132108+01:00" testType="13cdc9d9-ddb5-4fa4-a97d-d965ccfc6d4b" outcome="Passed" testListId="8c84fa94-04c1-424b-9868-57a2d4851a1d" relativeResultsDirectory="8e513220-396e-497c-b007-c0fbb40da56c" />
    <UnitTestResult executionId="c5d8c82f-f021-414a-90c4-44e15e5bbc26" testId="7703e29a-ecc3-f42a-a3d8-2092764eb3f2" testName="ToJson_StringElement" computerName="DKSR-EFI-04" duration="00:00:00.0002271" startTime="2023-12-22T09:35:51.2413286+01:00" endTime="2023-12-22T09:35:51.2413286+01:00" testType="13cdc9d9-ddb5-4fa4-a97d-d965ccfc6d4b" outcome="Passed" testListId="8c84fa94-04c1-424b-9868-57a2d4851a1d" relativeResultsDirectory="c5d8c82f-f021-414a-90c4-44e15e5bbc26" />
    <UnitTestResult executionId="0d846d6a-ce3a-4e3e-89eb-a7f03ed06b0d" testId="9f48d199-bab5-a916-f5d8-2312d1097b95" testName="Move_ShouldInvokeCallback_WhenObservable" computerName="DKSR-EFI-04" duration="00:00:00.0021724" startTime="2023-12-22T09:35:46.6788053+01:00" endTime="2023-12-22T09:35:46.6944299+01:00" testType="13cdc9d9-ddb5-4fa4-a97d-d965ccfc6d4b" outcome="Passed" testListId="8c84fa94-04c1-424b-9868-57a2d4851a1d" relativeResultsDirectory="0d846d6a-ce3a-4e3e-89eb-a7f03ed06b0d" />
    <UnitTestResult executionId="4ba36313-7736-4498-89f3-21baae0d6b51" testId="be9afefd-3e5c-30aa-4b57-e6076c69f81c" testName="Serialize_TestCases (Verify root Interface (null) property get property value)" computerName="DKSR-EFI-04" duration="00:00:00.0001407" startTime="2023-12-22T09:35:48.9288165+01:00" endTime="2023-12-22T09:35:48.9288165+01:00" testType="13cdc9d9-ddb5-4fa4-a97d-d965ccfc6d4b" outcome="Passed" testListId="8c84fa94-04c1-424b-9868-57a2d4851a1d" relativeResultsDirectory="4ba36313-7736-4498-89f3-21baae0d6b51" />
    <UnitTestResult executionId="5116d5bc-8c2c-48a3-8c40-569dd49fed7b" testId="be18d4c4-d343-ec1d-bb22-8e6779b47149" testName="TestStartSearch_NullSearchDefinitions_Failure" computerName="DKSR-EFI-04" duration="00:00:00.0013103" startTime="2023-12-22T09:35:49.9756969+01:00" endTime="2023-12-22T09:35:49.9756969+01:00" testType="13cdc9d9-ddb5-4fa4-a97d-d965ccfc6d4b" outcome="Passed" testListId="8c84fa94-04c1-424b-9868-57a2d4851a1d" relativeResultsDirectory="5116d5bc-8c2c-48a3-8c40-569dd49fed7b" />
    <UnitTestResult executionId="48decf13-568f-4b70-a66c-dd5cfb90ecda" testId="a68e6a6e-4209-2d96-e42e-fdfc6deeba69" testName="WriteXml_ShouldWriteColorAttribute_WhenPresent" computerName="DKSR-EFI-04" duration="00:00:00.0003424" startTime="2023-12-22T09:35:52.0069581+01:00" endTime="2023-12-22T09:35:52.0069581+01:00" testType="13cdc9d9-ddb5-4fa4-a97d-d965ccfc6d4b" outcome="Passed" testListId="8c84fa94-04c1-424b-9868-57a2d4851a1d" relativeResultsDirectory="48decf13-568f-4b70-a66c-dd5cfb90ecda" />
    <UnitTestResult executionId="b00f287a-a74f-40cf-a0b2-ef77ca10c51b" testId="d03b0ad6-ed13-8489-09d1-2543f3053eff" testName="GetPropertiesAsync_ClearCachedData_DelegatedToInternalMethodTwice" computerName="DKSR-EFI-04" duration="00:00:00.0032540" startTime="2023-12-22T09:35:50.0850708+01:00" endTime="2023-12-22T09:35:50.0850708+01:00" testType="13cdc9d9-ddb5-4fa4-a97d-d965ccfc6d4b" outcome="Passed" testListId="8c84fa94-04c1-424b-9868-57a2d4851a1d" relativeResultsDirectory="b00f287a-a74f-40cf-a0b2-ef77ca10c51b" />
    <UnitTestResult executionId="dcc0c74b-e0a5-4557-b1f1-0d176d53fa51" testId="fa6e843e-faa4-966b-f711-d61b61e7366c" testName="ReadXml_ShouldIgnoreClassCandidate_WhenClassCandidateIsNotValid" computerName="DKSR-EFI-04" duration="00:00:00.0009061" startTime="2023-12-22T09:35:52.4913367+01:00" endTime="2023-12-22T09:35:52.4913367+01:00" testType="13cdc9d9-ddb5-4fa4-a97d-d965ccfc6d4b" outcome="Passed" testListId="8c84fa94-04c1-424b-9868-57a2d4851a1d" relativeResultsDirectory="dcc0c74b-e0a5-4557-b1f1-0d176d53fa51" />
    <UnitTestResult executionId="15c20178-3827-4fba-b9a6-dbaafb095206" testId="a78e107f-188e-49af-b7fb-8b9962cefe26" testName="ReadXml_ShouldSetAllFieldsToNull_WhenElementIsEmpty" computerName="DKSR-EFI-04" duration="00:00:00.0014018" startTime="2023-12-22T09:35:52.8194616+01:00" endTime="2023-12-22T09:35:52.8350882+01:00" testType="13cdc9d9-ddb5-4fa4-a97d-d965ccfc6d4b" outcome="Passed" testListId="8c84fa94-04c1-424b-9868-57a2d4851a1d" relativeResultsDirectory="15c20178-3827-4fba-b9a6-dbaafb095206" />
    <UnitTestResult executionId="8d07b77c-39a9-48aa-a621-9572ccd2a631" testId="c1d75516-b54b-45bf-488a-9e0ebd61f8c4" testName="LastModified_ShouldReturnMinValue_WhenUnknownKind" computerName="DKSR-EFI-04" duration="00:00:00.0011059" startTime="2023-12-22T09:35:24.9755660+01:00" endTime="2023-12-22T09:35:24.9755660+01:00" testType="13cdc9d9-ddb5-4fa4-a97d-d965ccfc6d4b" outcome="Passed" testListId="8c84fa94-04c1-424b-9868-57a2d4851a1d" relativeResultsDirectory="8d07b77c-39a9-48aa-a621-9572ccd2a631" />
    <UnitTestResult executionId="7fb90b42-0547-4788-8a9b-43e1fb7f891d" testId="47c1b6ab-8c0a-fc63-f12d-64e40883c80a" testName="GetAgeFilterValue_ValidSelection_Success" computerName="DKSR-EFI-04" duration="00:00:00.0022172" startTime="2023-12-22T09:35:50.8507018+01:00" endTime="2023-12-22T09:35:50.8507018+01:00" testType="13cdc9d9-ddb5-4fa4-a97d-d965ccfc6d4b" outcome="Passed" testListId="8c84fa94-04c1-424b-9868-57a2d4851a1d" relativeResultsDirectory="7fb90b42-0547-4788-8a9b-43e1fb7f891d" />
    <UnitTestResult executionId="385046c7-08a7-4c2a-8aa3-0c118cec21b5" testId="9a2e7f11-7ff4-212b-b72f-ec76db87254a" testName="Serialize_TestCases (Verify root Struct property get property value)" computerName="DKSR-EFI-04" duration="00:00:00.0002984" startTime="2023-12-22T09:35:48.8819404+01:00" endTime="2023-12-22T09:35:48.8819404+01:00" testType="13cdc9d9-ddb5-4fa4-a97d-d965ccfc6d4b" outcome="Passed" testListId="8c84fa94-04c1-424b-9868-57a2d4851a1d" relativeResultsDirectory="385046c7-08a7-4c2a-8aa3-0c118cec21b5" />
    <UnitTestResult executionId="85c98c2a-2fbf-4085-81d8-218702d1b61d" testId="5c8be7a3-8036-a747-4753-97244e6fc863" testName="SearchResultData_BeginTimeWithPaddingUnset_ShouldReturnBeginTime" computerName="DKSR-EFI-04" duration="00:00:00.0002032" startTime="2023-12-22T09:35:50.1631986+01:00" endTime="2023-12-22T09:35:50.1631986+01:00" testType="13cdc9d9-ddb5-4fa4-a97d-d965ccfc6d4b" outcome="Passed" testListId="8c84fa94-04c1-424b-9868-57a2d4851a1d" relativeResultsDirectory="85c98c2a-2fbf-4085-81d8-218702d1b61d" />
    <UnitTestResult executionId="b4854441-ee7a-4f56-b5f5-fede67a78d6d" testId="293f208d-a107-c0fc-0068-8de4f4577501" testName="CreateSearchResultUserControl_SinglePluginMultipleUserControlsPlugins_Success" computerName="DKSR-EFI-04" duration="00:00:00.0069107" startTime="2023-12-22T09:35:50.6475740+01:00" endTime="2023-12-22T09:35:50.6475740+01:00" testType="13cdc9d9-ddb5-4fa4-a97d-d965ccfc6d4b" outcome="Passed" testListId="8c84fa94-04c1-424b-9868-57a2d4851a1d" relativeResultsDirectory="b4854441-ee7a-4f56-b5f5-fede67a78d6d" />
    <UnitTestResult executionId="91dedfeb-b10e-4fe3-a395-4022615fe804" testId="682b3a18-5ce2-e09c-06c2-b3ebd5eb55df" testName="ReadXml_ShouldIgnoreFrame_WhenFrameDidNotReadUtcTime" computerName="DKSR-EFI-04" duration="00:00:00.0014075" startTime="2023-12-22T09:35:52.9600867+01:00" endTime="2023-12-22T09:35:52.9600867+01:00" testType="13cdc9d9-ddb5-4fa4-a97d-d965ccfc6d4b" outcome="Passed" testListId="8c84fa94-04c1-424b-9868-57a2d4851a1d" relativeResultsDirectory="91dedfeb-b10e-4fe3-a395-4022615fe804" />
    <UnitTestResult executionId="48f177da-7be8-4779-b706-9bab89b29d60" testId="f5abc6e6-30fb-64d6-b653-e8776326ca87" testName="ReadXml_ShouldIgnoreUnknownExtensionChildren_WhenUnknownExtensionChildrenArePresent" computerName="DKSR-EFI-04" duration="00:00:00.0006953" startTime="2023-12-22T09:35:52.3194595+01:00" endTime="2023-12-22T09:35:52.3194595+01:00" testType="13cdc9d9-ddb5-4fa4-a97d-d965ccfc6d4b" outcome="Passed" testListId="8c84fa94-04c1-424b-9868-57a2d4851a1d" relativeResultsDirectory="48f177da-7be8-4779-b706-9bab89b29d60" />
    <UnitTestResult executionId="95bd6c56-c9e8-44fa-8b77-facdf07d417d" testId="1eda914f-da94-406c-7d55-9addceb31e52" testName="Contains_Camera_ServerIDNull_Checked_Failed" computerName="DKSR-EFI-04" duration="00:00:00.0003247" startTime="2023-12-22T09:35:21.0849188+01:00" endTime="2023-12-22T09:35:21.0849188+01:00" testType="13cdc9d9-ddb5-4fa4-a97d-d965ccfc6d4b" outcome="Passed" testListId="8c84fa94-04c1-424b-9868-57a2d4851a1d" relativeResultsDirectory="95bd6c56-c9e8-44fa-8b77-facdf07d417d" />
    <UnitTestResult executionId="e1f8eecf-b7e2-427e-ac12-9384994e95cc" testId="3f36873b-eeee-f47e-801c-1028988ff18d" testName="Parse_Int_ValidEnd_NoWhiteSpace" computerName="DKSR-EFI-04" duration="00:00:00.0003538" startTime="2023-12-22T09:35:51.1788287+01:00" endTime="2023-12-22T09:35:51.1788287+01:00" testType="13cdc9d9-ddb5-4fa4-a97d-d965ccfc6d4b" outcome="Passed" testListId="8c84fa94-04c1-424b-9868-57a2d4851a1d" relativeResultsDirectory="e1f8eecf-b7e2-427e-ac12-9384994e95cc" />
    <UnitTestResult executionId="2d8ad10e-f782-457d-a8da-7cccc18de904" testId="2a445259-81b4-7d21-8522-cb29686e8b5b" testName="CreateSearchResultUserControl_SinglePlugin_Success" computerName="DKSR-EFI-04" duration="00:00:00.1634088" startTime="2023-12-22T09:35:50.2413237+01:00" endTime="2023-12-22T09:35:50.3975887+01:00" testType="13cdc9d9-ddb5-4fa4-a97d-d965ccfc6d4b" outcome="Passed" testListId="8c84fa94-04c1-424b-9868-57a2d4851a1d" relativeResultsDirectory="2d8ad10e-f782-457d-a8da-7cccc18de904" />
    <UnitTestResult executionId="fe71adf9-a41a-4362-b054-caf14e8f3388" testId="13e67f6f-df88-6d65-dacc-14d2a9f8ddd4" testName="Serialize_TestCases (TestParentRecursiveOneRecursiveElement)" computerName="DKSR-EFI-04" duration="00:00:00.0005170" startTime="2023-12-22T09:35:49.2100670+01:00" endTime="2023-12-22T09:35:49.2100670+01:00" testType="13cdc9d9-ddb5-4fa4-a97d-d965ccfc6d4b" outcome="Passed" testListId="8c84fa94-04c1-424b-9868-57a2d4851a1d" relativeResultsDirectory="fe71adf9-a41a-4362-b054-caf14e8f3388" />
    <UnitTestResult executionId="457f2659-6598-4b06-9f41-01ab9ea50a08" testId="39259e78-217a-ffb2-6d1b-008e44172920" testName="TestSearchFilterCategories_WithOneAgentReturnsNull_Success" computerName="DKSR-EFI-04" duration="00:00:00.0017411" startTime="2023-12-22T09:35:49.7413204+01:00" endTime="2023-12-22T09:35:49.7413204+01:00" testType="13cdc9d9-ddb5-4fa4-a97d-d965ccfc6d4b" outcome="Passed" testListId="8c84fa94-04c1-424b-9868-57a2d4851a1d" relativeResultsDirectory="457f2659-6598-4b06-9f41-01ab9ea50a08" />
    <UnitTestResult executionId="129a9df0-de29-4175-8879-ce25af2daa97" testId="8afaf187-3d3c-e78b-824e-e769deeec2c9" testName="Constructor_ShouldThrowArgumentNullException_WhenDataIsNull" computerName="DKSR-EFI-04" duration="00:00:00.0021460" startTime="2023-12-22T09:35:52.1319581+01:00" endTime="2023-12-22T09:35:52.1319581+01:00" testType="13cdc9d9-ddb5-4fa4-a97d-d965ccfc6d4b" outcome="Passed" testListId="8c84fa94-04c1-424b-9868-57a2d4851a1d" relativeResultsDirectory="129a9df0-de29-4175-8879-ce25af2daa97" />
    <UnitTestResult executionId="8a6b9f7f-cd9b-4f14-b930-e730ed1212c2" testId="33580008-2ed0-6825-609a-d1d90403b659" testName="CreateAlarmFromEvent_ShouldReturnNull_WhenArgumentIsNull" computerName="DKSR-EFI-04" duration="00:00:00.0039074" startTime="2023-12-22T09:35:23.3349325+01:00" endTime="2023-12-22T09:35:23.3349325+01:00" testType="13cdc9d9-ddb5-4fa4-a97d-d965ccfc6d4b" outcome="Passed" testListId="8c84fa94-04c1-424b-9868-57a2d4851a1d" relativeResultsDirectory="8a6b9f7f-cd9b-4f14-b930-e730ed1212c2" />
    <UnitTestResult executionId="7418cbbe-01f6-485f-b45d-ff17f7235857" testId="4fc7265c-8aa9-4dcf-df19-f51dedafe8a7" testName="WriteXml_ShouldOmitBoundingBoxAppearanceElements_WhenTheyAreNotPresent" computerName="DKSR-EFI-04" duration="00:00:00.0009142" startTime="2023-12-22T09:35:52.8194616+01:00" endTime="2023-12-22T09:35:52.8194616+01:00" testType="13cdc9d9-ddb5-4fa4-a97d-d965ccfc6d4b" outcome="Passed" testListId="8c84fa94-04c1-424b-9868-57a2d4851a1d" relativeResultsDirectory="7418cbbe-01f6-485f-b45d-ff17f7235857" />
    <UnitTestResult executionId="156bd483-0917-42dc-a9a3-d51810159fc4" testId="b6cf4406-22c8-107a-cae8-fc1d204c4130" testName="SetChildren_Set_NoChildren_And_Check" computerName="DKSR-EFI-04" duration="00:00:00.0126836" startTime="2023-12-22T09:35:21.6161741+01:00" endTime="2023-12-22T09:35:21.6317976+01:00" testType="13cdc9d9-ddb5-4fa4-a97d-d965ccfc6d4b" outcome="Passed" testListId="8c84fa94-04c1-424b-9868-57a2d4851a1d" relativeResultsDirectory="156bd483-0917-42dc-a9a3-d51810159fc4" />
    <UnitTestResult executionId="514c99be-d5c0-4941-ab4a-389b916529c4" testId="1d3f650d-9d95-7992-7547-1b0a5cf1f2ec" testName="AllowGroupSelection_SingleSelect_GroupSelected" computerName="DKSR-EFI-04" duration="00:00:00.0006293" startTime="2023-12-22T09:35:45.7256744+01:00" endTime="2023-12-22T09:35:45.7256744+01:00" testType="13cdc9d9-ddb5-4fa4-a97d-d965ccfc6d4b" outcome="Passed" testListId="8c84fa94-04c1-424b-9868-57a2d4851a1d" relativeResultsDirectory="514c99be-d5c0-4941-ab4a-389b916529c4" />
    <UnitTestResult executionId="373ee75f-2bc8-4b2f-91cd-d7b249d12ea9" testId="ef239907-8146-d171-397a-2e18ca0a7d07" testName="Apply_ShouldAddTranslateYCoordinatesToCenterYAndTranslateXCoordinatesToCenterX_WhenTranslateIsNotNull" computerName="DKSR-EFI-04" duration="00:00:00.0038588" startTime="2023-12-22T09:35:51.9757082+01:00" endTime="2023-12-22T09:35:51.9757082+01:00" testType="13cdc9d9-ddb5-4fa4-a97d-d965ccfc6d4b" outcome="Passed" testListId="8c84fa94-04c1-424b-9868-57a2d4851a1d" relativeResultsDirectory="373ee75f-2bc8-4b2f-91cd-d7b249d12ea9" />
    <UnitTestResult executionId="23ad94eb-9df9-465b-8a4f-d1281736a306" testId="bffd3eb0-f441-4434-c761-838539b2758c" testName="GetBoundingShapesAsync_SingleInvocationPerTime_DelegatedToInternalMethod" computerName="DKSR-EFI-04" duration="00:00:00.0014917" startTime="2023-12-22T09:35:50.1163216+01:00" endTime="2023-12-22T09:35:50.1163216+01:00" testType="13cdc9d9-ddb5-4fa4-a97d-d965ccfc6d4b" outcome="Passed" testListId="8c84fa94-04c1-424b-9868-57a2d4851a1d" relativeResultsDirectory="23ad94eb-9df9-465b-8a4f-d1281736a306" />
    <UnitTestResult executionId="1128992c-1a33-43da-b043-d7338f955790" testId="b0d0079b-65d6-c082-7bc9-a129a13a3c18" testName="Append_Property_Int_Invalid" computerName="DKSR-EFI-04" duration="00:00:00.0005059" startTime="2023-12-22T09:35:51.0694511+01:00" endTime="2023-12-22T09:35:51.0694511+01:00" testType="13cdc9d9-ddb5-4fa4-a97d-d965ccfc6d4b" outcome="Passed" testListId="8c84fa94-04c1-424b-9868-57a2d4851a1d" relativeResultsDirectory="1128992c-1a33-43da-b043-d7338f955790" />
    <UnitTestResult executionId="dfcc1e5e-e705-46b8-979b-372d03a4e7fd" testId="b5ae8819-8b54-7370-da1b-0cdd20d995d0" testName="WriteXml_ShouldWriteAppearanceElement_WhenAppearanceIsNotNull" computerName="DKSR-EFI-04" duration="00:00:00.0010886" startTime="2023-12-22T09:35:52.5694616+01:00" endTime="2023-12-22T09:35:52.5694616+01:00" testType="13cdc9d9-ddb5-4fa4-a97d-d965ccfc6d4b" outcome="Passed" testListId="8c84fa94-04c1-424b-9868-57a2d4851a1d" relativeResultsDirectory="dfcc1e5e-e705-46b8-979b-372d03a4e7fd" />
    <UnitTestResult executionId="6ab07e16-2063-409c-8861-1c72cc0ffafe" testId="d322c036-f127-a7c3-54cb-2755a84ecb70" testName="TestMultiLevelQueue_TwoLevels_ParallelResourceProcessors_Success" computerName="DKSR-EFI-04" duration="00:00:00.4085112" startTime="2023-12-22T09:35:36.8193791+01:00" endTime="2023-12-22T09:35:37.2256319+01:00" testType="13cdc9d9-ddb5-4fa4-a97d-d965ccfc6d4b" outcome="Passed" testListId="8c84fa94-04c1-424b-9868-57a2d4851a1d" relativeResultsDirectory="6ab07e16-2063-409c-8861-1c72cc0ffafe" />
    <UnitTestResult executionId="3ac28849-c32c-4433-8996-3ec74c9ceb02" testId="dbc5d189-251d-e27f-7817-a46019f321c1" testName="GenerateParameters_ShouldOmitFpsRange_WhenFpsRangeIsNull" computerName="DKSR-EFI-04" duration="00:00:00.0007064" startTime="2023-12-22T09:35:54.3663473+01:00" endTime="2023-12-22T09:35:54.3663473+01:00" testType="13cdc9d9-ddb5-4fa4-a97d-d965ccfc6d4b" outcome="Passed" testListId="8c84fa94-04c1-424b-9868-57a2d4851a1d" relativeResultsDirectory="3ac28849-c32c-4433-8996-3ec74c9ceb02" />
    <UnitTestResult executionId="80c5c028-98f5-43f7-8622-6d58498230d9" testId="2a6fcd29-269e-eeb7-49d5-2221d6cf773a" testName="Serialize_ShouldThrowException_WhenPropertyCollectionTypeButPathDoesNotIndicateCollection (CollectionNotEmptyListProperty)" computerName="DKSR-EFI-04" duration="00:00:00.0005013" startTime="2023-12-22T09:35:48.7881891+01:00" endTime="2023-12-22T09:35:48.7881891+01:00" testType="13cdc9d9-ddb5-4fa4-a97d-d965ccfc6d4b" outcome="Passed" testListId="8c84fa94-04c1-424b-9868-57a2d4851a1d" relativeResultsDirectory="80c5c028-98f5-43f7-8622-6d58498230d9" />
    <UnitTestResult executionId="cb646f40-9260-480a-9e7d-4c39153faa34" testId="dc972d0b-90fa-0c97-701a-24ab8f8aec17" testName="IsCriteriaAccepted_FolderSelected_False" computerName="DKSR-EFI-04" duration="00:00:00.0082318" startTime="2023-12-22T09:35:45.6631753+01:00" endTime="2023-12-22T09:35:45.6787992+01:00" testType="13cdc9d9-ddb5-4fa4-a97d-d965ccfc6d4b" outcome="Passed" testListId="8c84fa94-04c1-424b-9868-57a2d4851a1d" relativeResultsDirectory="cb646f40-9260-480a-9e7d-4c39153faa34" />
    <UnitTestResult executionId="661887c4-949f-498f-950f-65054384235c" testId="48b02059-b634-8f5d-f4de-84436d54e786" testName="GetNext_ShouldReturnFirstDataEntityFromToolkitCall_WhenDataIsNotInCache" computerName="DKSR-EFI-04" duration="00:00:00.0026384" startTime="2023-12-22T09:35:54.9132542+01:00" endTime="2023-12-22T09:35:54.9132542+01:00" testType="13cdc9d9-ddb5-4fa4-a97d-d965ccfc6d4b" outcome="Passed" testListId="8c84fa94-04c1-424b-9868-57a2d4851a1d" relativeResultsDirectory="661887c4-949f-498f-950f-65054384235c" />
    <UnitTestResult executionId="0eaf2fa3-fd6f-4e5d-b41b-a70e4e8c46ee" testId="583ac39a-cd2a-cc9b-7143-e3a644d6c3bd" testName="RemovePredicate_KeyPresent_RemovedFromCacheAndGetReturnsNull" computerName="DKSR-EFI-04" duration="00:00:00.0006629" startTime="2023-12-22T09:35:35.8037480+01:00" endTime="2023-12-22T09:35:35.8037480+01:00" testType="13cdc9d9-ddb5-4fa4-a97d-d965ccfc6d4b" outcome="Passed" testListId="8c84fa94-04c1-424b-9868-57a2d4851a1d" relativeResultsDirectory="0eaf2fa3-fd6f-4e5d-b41b-a70e4e8c46ee" />
    <UnitTestResult executionId="6f8c7702-7b6c-4106-b604-8677bda41c04" testId="447829a4-f86b-01dd-760a-c4052e1b005d" testName="OverlapsWith_ShouldReturnFalse_WhenArgumenStartIsEqualToEnd" computerName="DKSR-EFI-04" duration="00:00:00.0007537" startTime="2023-12-22T09:35:35.0381170+01:00" endTime="2023-12-22T09:35:35.0381170+01:00" testType="13cdc9d9-ddb5-4fa4-a97d-d965ccfc6d4b" outcome="Passed" testListId="8c84fa94-04c1-424b-9868-57a2d4851a1d" relativeResultsDirectory="6f8c7702-7b6c-4106-b604-8677bda41c04" />
    <UnitTestResult executionId="fdf1b66a-37ac-455b-8a34-760f16542942" testId="0138d714-b11a-1112-3975-544e9807700f" testName="EndTimeShouldReturnConstructorParameter" computerName="DKSR-EFI-04" duration="00:00:00.0003648" startTime="2023-12-22T09:35:53.9444693+01:00" endTime="2023-12-22T09:35:53.9444693+01:00" testType="13cdc9d9-ddb5-4fa4-a97d-d965ccfc6d4b" outcome="Passed" testListId="8c84fa94-04c1-424b-9868-57a2d4851a1d" relativeResultsDirectory="fdf1b66a-37ac-455b-8a34-760f16542942" />
    <UnitTestResult executionId="4fd744e0-53f5-4372-8451-05fa139196d5" testId="e0743512-14b2-153f-50d2-6849d822eb82" testName="ProvideValue_ShouldUseContentTemplateFromItem_WhenItemContentTemplateIsSet" computerName="DKSR-EFI-04" duration="00:00:00.0016133" startTime="2023-12-22T09:35:47.3350582+01:00" endTime="2023-12-22T09:35:47.3350582+01:00" testType="13cdc9d9-ddb5-4fa4-a97d-d965ccfc6d4b" outcome="Passed" testListId="8c84fa94-04c1-424b-9868-57a2d4851a1d" relativeResultsDirectory="4fd744e0-53f5-4372-8451-05fa139196d5" />
    <UnitTestResult executionId="28449d07-87b6-405a-92c8-9530842e7e19" testId="5efa66e3-2c27-3f3b-d94f-51396a42e8dd" testName="Equals_ShouldHaveValueSemantics_WhenAlways" computerName="DKSR-EFI-04" duration="00:00:00.0005608" startTime="2023-12-22T09:35:52.8194616+01:00" endTime="2023-12-22T09:35:52.8194616+01:00" testType="13cdc9d9-ddb5-4fa4-a97d-d965ccfc6d4b" outcome="Passed" testListId="8c84fa94-04c1-424b-9868-57a2d4851a1d" relativeResultsDirectory="28449d07-87b6-405a-92c8-9530842e7e19" />
    <UnitTestResult executionId="75404830-8fdf-46eb-b4ab-a71632025df3" testId="9c47fe03-c56a-043e-ff88-e2633670fc9e" testName="ProvideValue_ShouldUseContentTemplate_WhenSelectedItemIsVideoOSDropDownItem" computerName="DKSR-EFI-04" duration="00:00:00.0042090" startTime="2023-12-22T09:35:47.6163081+01:00" endTime="2023-12-22T09:35:47.6163081+01:00" testType="13cdc9d9-ddb5-4fa4-a97d-d965ccfc6d4b" outcome="Passed" testListId="8c84fa94-04c1-424b-9868-57a2d4851a1d" relativeResultsDirectory="75404830-8fdf-46eb-b4ab-a71632025df3" />
    <UnitTestResult executionId="d0fb2dcc-fb0d-45f5-b5bc-13a22e4ee332" testId="c64fce4a-0ee6-9d1f-f96c-3f0744a2a23b" testName="SplitString_When2Levels_Trims" computerName="DKSR-EFI-04" duration="00:00:00.0006491" startTime="2023-12-22T09:35:35.0068681+01:00" endTime="2023-12-22T09:35:35.0068681+01:00" testType="13cdc9d9-ddb5-4fa4-a97d-d965ccfc6d4b" outcome="Passed" testListId="8c84fa94-04c1-424b-9868-57a2d4851a1d" relativeResultsDirectory="d0fb2dcc-fb0d-45f5-b5bc-13a22e4ee332" />
    <UnitTestResult executionId="cf28b7c7-b7ed-41d0-aea3-fa9008f2a3d2" testId="1670e18f-0ede-c50f-6f9a-2ae6207f30db" testName="Given_Exception_When_When_NotMarkedWithSerializableAttribute_Then_Fail" computerName="DKSR-EFI-04" duration="00:00:00.0034920" startTime="2023-12-22T09:35:23.1005556+01:00" endTime="2023-12-22T09:35:23.1005556+01:00" testType="13cdc9d9-ddb5-4fa4-a97d-d965ccfc6d4b" outcome="Passed" testListId="8c84fa94-04c1-424b-9868-57a2d4851a1d" relativeResultsDirectory="cf28b7c7-b7ed-41d0-aea3-fa9008f2a3d2" />
    <UnitTestResult executionId="4d032640-8c85-4ffe-bc4f-3ae7254e984d" testId="2c659c9c-4cb8-0017-5374-282461cba931" testName="Set_String_Invalid" computerName="DKSR-EFI-04" duration="00:00:00.0006880" startTime="2023-12-22T09:35:51.1944521+01:00" endTime="2023-12-22T09:35:51.2100773+01:00" testType="13cdc9d9-ddb5-4fa4-a97d-d965ccfc6d4b" outcome="Passed" testListId="8c84fa94-04c1-424b-9868-57a2d4851a1d" relativeResultsDirectory="4d032640-8c85-4ffe-bc4f-3ae7254e984d" />
    <UnitTestResult executionId="14fa19fb-9fbb-4902-bed5-6cf3711a90e2" testId="060819f6-d016-be0e-b7e9-55d7faa9ba45" testName="RemoveFilterValue_NullFilter_Throws" computerName="DKSR-EFI-04" duration="00:00:00.0016203" startTime="2023-12-22T09:35:49.4288223+01:00" endTime="2023-12-22T09:35:49.4288223+01:00" testType="13cdc9d9-ddb5-4fa4-a97d-d965ccfc6d4b" outcome="Passed" testListId="8c84fa94-04c1-424b-9868-57a2d4851a1d" relativeResultsDirectory="14fa19fb-9fbb-4902-bed5-6cf3711a90e2" />
    <UnitTestResult executionId="d7bb2379-3336-4eee-993d-1321469dad7e" testId="bc7fb037-bc9e-3315-d38f-1aeba783be34" testName="GetFilterValues_MultipleValuesAdded_ReturnsValues" computerName="DKSR-EFI-04" duration="00:00:00.0012082" startTime="2023-12-22T09:35:49.4756938+01:00" endTime="2023-12-22T09:35:49.4756938+01:00" testType="13cdc9d9-ddb5-4fa4-a97d-d965ccfc6d4b" outcome="Passed" testListId="8c84fa94-04c1-424b-9868-57a2d4851a1d" relativeResultsDirectory="d7bb2379-3336-4eee-993d-1321469dad7e" />
    <UnitTestResult executionId="acb572c1-ce61-4460-bf48-ffc0dfea2c83" testId="a153c326-c8c2-ed0c-505b-c62f56af9d14" testName="IsValid_ShouldReturnFalse_WhenLikelihoodIsMoreThanOne" computerName="DKSR-EFI-04" duration="00:00:00.0002320" startTime="2023-12-22T09:35:51.8038312+01:00" endTime="2023-12-22T09:35:51.8038312+01:00" testType="13cdc9d9-ddb5-4fa4-a97d-d965ccfc6d4b" outcome="Passed" testListId="8c84fa94-04c1-424b-9868-57a2d4851a1d" relativeResultsDirectory="acb572c1-ce61-4460-bf48-ffc0dfea2c83" />
    <UnitTestResult executionId="64aca4d0-1b65-4637-8963-b0204997f9c0" testId="372ab51f-8789-4af1-a4f9-77f4920b1bde" testName="WriteMetadataXmlWithStream_ShouldNotIncludeByteOrderMarker_WhenAlways" computerName="DKSR-EFI-04" duration="00:00:00.0019782" startTime="2023-12-22T09:35:52.2725845+01:00" endTime="2023-12-22T09:35:52.2725845+01:00" testType="13cdc9d9-ddb5-4fa4-a97d-d965ccfc6d4b" outcome="Passed" testListId="8c84fa94-04c1-424b-9868-57a2d4851a1d" relativeResultsDirectory="64aca4d0-1b65-4637-8963-b0204997f9c0" />
    <UnitTestResult executionId="3b4c15a7-8cf4-428f-bbd8-3d174d0b5ee7" testId="f4009c20-ddf4-5439-9b3f-52d8d564e525" testName="TestConstructor_Success" computerName="DKSR-EFI-04" duration="00:00:00.0006448" startTime="2023-12-22T09:35:50.9757004+01:00" endTime="2023-12-22T09:35:50.9757004+01:00" testType="13cdc9d9-ddb5-4fa4-a97d-d965ccfc6d4b" outcome="Passed" testListId="8c84fa94-04c1-424b-9868-57a2d4851a1d" relativeResultsDirectory="3b4c15a7-8cf4-428f-bbd8-3d174d0b5ee7" />
    <UnitTestResult executionId="d7f85028-d6d1-4cb5-8b81-eb188a83a611" testId="d7001884-5531-566e-871c-306c552a41f9" testName="GetNearest_ShouldReturnDataFromCacheWithoutCallingToolkit_WhenDataIsPresentInCache" computerName="DKSR-EFI-04" duration="00:00:00.0033363" startTime="2023-12-22T09:35:54.9132542+01:00" endTime="2023-12-22T09:35:54.9132542+01:00" testType="13cdc9d9-ddb5-4fa4-a97d-d965ccfc6d4b" outcome="Passed" testListId="8c84fa94-04c1-424b-9868-57a2d4851a1d" relativeResultsDirectory="d7f85028-d6d1-4cb5-8b81-eb188a83a611" />
    <UnitTestResult executionId="9aa1204e-3d83-49e0-a967-d1489575e796" testId="cc8be762-b7fa-6acb-868c-b6f8dd397e9b" testName="LastModified_ShouldReturnValue" computerName="DKSR-EFI-04" duration="00:00:00.0133166" startTime="2023-12-22T09:35:24.9599420+01:00" endTime="2023-12-22T09:35:24.9755660+01:00" testType="13cdc9d9-ddb5-4fa4-a97d-d965ccfc6d4b" outcome="Passed" testListId="8c84fa94-04c1-424b-9868-57a2d4851a1d" relativeResultsDirectory="9aa1204e-3d83-49e0-a967-d1489575e796" />
    <UnitTestResult executionId="4b5859f7-e5a9-4858-ab07-fe28ffb8aba0" testId="372ecc8a-19e9-247e-0d4c-31a691ba7b09" testName="ReadXml_ShouldReadUtcTimeAttribute_WhenPresent" computerName="DKSR-EFI-04" duration="00:00:00.0053183" startTime="2023-12-22T09:35:52.0382086+01:00" endTime="2023-12-22T09:35:52.0382086+01:00" testType="13cdc9d9-ddb5-4fa4-a97d-d965ccfc6d4b" outcome="Passed" testListId="8c84fa94-04c1-424b-9868-57a2d4851a1d" relativeResultsDirectory="4b5859f7-e5a9-4858-ab07-fe28ffb8aba0" />
    <UnitTestResult executionId="8231a530-f37d-4078-9409-10f978741164" testId="3893bc09-628b-2605-fa37-7cfb280ed351" testName="IsValid_ShouldReturnFalse_WhenLikelihoodIsLessThanZero" computerName="DKSR-EFI-04" duration="00:00:00.0002287" startTime="2023-12-22T09:35:51.8038312+01:00" endTime="2023-12-22T09:35:51.8038312+01:00" testType="13cdc9d9-ddb5-4fa4-a97d-d965ccfc6d4b" outcome="Passed" testListId="8c84fa94-04c1-424b-9868-57a2d4851a1d" relativeResultsDirectory="8231a530-f37d-4078-9409-10f978741164" />
    <UnitTestResult executionId="52238617-d722-4901-98bf-c975f0c69cd3" testId="1b0c1c74-735e-804d-2d38-1a48ef66c47a" testName="TestMultiLevelQueue_TwoLevels_Success" computerName="DKSR-EFI-04" duration="00:00:00.2272969" startTime="2023-12-22T09:35:36.0381252+01:00" endTime="2023-12-22T09:35:36.2724994+01:00" testType="13cdc9d9-ddb5-4fa4-a97d-d965ccfc6d4b" outcome="Passed" testListId="8c84fa94-04c1-424b-9868-57a2d4851a1d" relativeResultsDirectory="52238617-d722-4901-98bf-c975f0c69cd3" />
    <UnitTestResult executionId="14aa65ca-73b8-442e-8c9c-366122974d8d" testId="01387d97-f9fc-82cf-fc0c-bafa84835078" testName="Dequeue_Success" computerName="DKSR-EFI-04" duration="00:00:00.0008363" startTime="2023-12-22T09:35:35.1631206+01:00" endTime="2023-12-22T09:35:35.1631206+01:00" testType="13cdc9d9-ddb5-4fa4-a97d-d965ccfc6d4b" outcome="Passed" testListId="8c84fa94-04c1-424b-9868-57a2d4851a1d" relativeResultsDirectory="14aa65ca-73b8-442e-8c9c-366122974d8d" />
    <UnitTestResult executionId="0175222b-b29e-40f1-8a84-952a8e88bbd9" testId="8b195963-a10c-3838-31ba-4f1e91ab5dfb" testName="ReadAppearanceExtensionXml_ShouldReadAllExtensions_WhenAllArePresent" computerName="DKSR-EFI-04" duration="00:00:00.0005209" startTime="2023-12-22T09:35:52.6632128+01:00" endTime="2023-12-22T09:35:52.6632128+01:00" testType="13cdc9d9-ddb5-4fa4-a97d-d965ccfc6d4b" outcome="Passed" testListId="8c84fa94-04c1-424b-9868-57a2d4851a1d" relativeResultsDirectory="0175222b-b29e-40f1-8a84-952a8e88bbd9" />
    <UnitTestResult executionId="acf54163-345c-4009-a9e7-6b353a2eac9e" testId="cb973932-552d-edc5-fa30-c27e003b5121" testName="UtcTimeAttributeWasPresent_ShouldReturnFalse_WhenUtcTimeAttributeIsMissing" computerName="DKSR-EFI-04" duration="00:00:00.0003363" startTime="2023-12-22T09:35:52.0538359+01:00" endTime="2023-12-22T09:35:52.0538359+01:00" testType="13cdc9d9-ddb5-4fa4-a97d-d965ccfc6d4b" outcome="Passed" testListId="8c84fa94-04c1-424b-9868-57a2d4851a1d" relativeResultsDirectory="acf54163-345c-4009-a9e7-6b353a2eac9e" />
    <UnitTestResult executionId="75518b3d-31fd-408c-b267-360162750d89" testId="cd7f7ed7-88a6-0fa2-919b-8f85deed3b1c" testName="SearchResultData_EndTimeWithPaddingUnset_ShouldReturnEndTime" computerName="DKSR-EFI-04" duration="00:00:00.0002050" startTime="2023-12-22T09:35:50.1631986+01:00" endTime="2023-12-22T09:35:50.1631986+01:00" testType="13cdc9d9-ddb5-4fa4-a97d-d965ccfc6d4b" outcome="Passed" testListId="8c84fa94-04c1-424b-9868-57a2d4851a1d" relativeResultsDirectory="75518b3d-31fd-408c-b267-360162750d89" />
    <UnitTestResult executionId="98197dd5-2d75-4c1e-93c1-9d02caec144c" testId="952d04da-369e-0e5d-fb29-9bfdf4da3a0e" testName="ContentShouldReturnConstructorParameter" computerName="DKSR-EFI-04" duration="00:00:00.0003232" startTime="2023-12-22T09:35:53.9600943+01:00" endTime="2023-12-22T09:35:53.9600943+01:00" testType="13cdc9d9-ddb5-4fa4-a97d-d965ccfc6d4b" outcome="Passed" testListId="8c84fa94-04c1-424b-9868-57a2d4851a1d" relativeResultsDirectory="98197dd5-2d75-4c1e-93c1-9d02caec144c" />
    <UnitTestResult executionId="71433062-31af-4310-9680-8fc16c4a232a" testId="8e460e03-2bfd-8239-d4ce-aaba6f07f2d0" testName="GetExpectedToken_ShouldReturnMD5_WhenInputTokenHashTypeIsMD5" computerName="DKSR-EFI-04" duration="00:00:00.0010784" startTime="2023-12-22T09:35:55.1319739+01:00" endTime="2023-12-22T09:35:55.1319739+01:00" testType="13cdc9d9-ddb5-4fa4-a97d-d965ccfc6d4b" outcome="Passed" testListId="8c84fa94-04c1-424b-9868-57a2d4851a1d" relativeResultsDirectory="71433062-31af-4310-9680-8fc16c4a232a" />
    <UnitTestResult executionId="85df0b01-90c3-44f6-8f05-2207837db471" testId="48e1001e-d788-4f1f-114b-b2f616ae9b17" testName="FindCacheEntryAfter_ShuldReturnNull_WhenThereAreNoEntriesAfterTheTimestamp" computerName="DKSR-EFI-04" duration="00:00:00.0004971" startTime="2023-12-22T09:35:54.5389230+01:00" endTime="2023-12-22T09:35:54.5389230+01:00" testType="13cdc9d9-ddb5-4fa4-a97d-d965ccfc6d4b" outcome="Passed" testListId="8c84fa94-04c1-424b-9868-57a2d4851a1d" relativeResultsDirectory="85df0b01-90c3-44f6-8f05-2207837db471" />
    <UnitTestResult executionId="638a62ce-fd99-4c15-9016-b179f868d431" testId="01189ec3-4c33-3643-ad1a-50e739d11dfb" testName="TestStartSearch_MultipleSearchesOnSameDefinition_Success" computerName="DKSR-EFI-04" duration="00:00:00.0214071" startTime="2023-12-22T09:35:49.9131972+01:00" endTime="2023-12-22T09:35:49.9288213+01:00" testType="13cdc9d9-ddb5-4fa4-a97d-d965ccfc6d4b" outcome="Passed" testListId="8c84fa94-04c1-424b-9868-57a2d4851a1d" relativeResultsDirectory="638a62ce-fd99-4c15-9016-b179f868d431" />
    <UnitTestResult executionId="f61bb3ef-e467-45de-9372-06f75376034c" testId="67a0e7c3-fd99-228f-3717-941a8f61eb9d" testName="GetNext_ShouldReturnEntryAfterLastReturnedEntry_WhenFindCacheEntryAfterWasCalledAndThereIsANextEntry" computerName="DKSR-EFI-04" duration="00:00:00.0006840" startTime="2023-12-22T09:35:54.5850976+01:00" endTime="2023-12-22T09:35:54.5850976+01:00" testType="13cdc9d9-ddb5-4fa4-a97d-d965ccfc6d4b" outcome="Passed" testListId="8c84fa94-04c1-424b-9868-57a2d4851a1d" relativeResultsDirectory="f61bb3ef-e467-45de-9372-06f75376034c" />
    <UnitTestResult executionId="8541809d-8ad8-413d-9be7-b4d73a8870c0" testId="e5f2cf6d-a0ae-d38c-0dc9-b08cf977bee2" testName="ReadXml_ShouldIgnoreChildren_WhenAlways" computerName="DKSR-EFI-04" duration="00:00:00.0006612" startTime="2023-12-22T09:35:52.8975858+01:00" endTime="2023-12-22T09:35:52.8975858+01:00" testType="13cdc9d9-ddb5-4fa4-a97d-d965ccfc6d4b" outcome="Passed" testListId="8c84fa94-04c1-424b-9868-57a2d4851a1d" relativeResultsDirectory="8541809d-8ad8-413d-9be7-b4d73a8870c0" />
    <UnitTestResult executionId="937f2a27-8e4b-43f3-9803-10b8cb5dcf8b" testId="b9c508f0-a796-6104-1910-9ed8e83d2d6a" testName="ReadXml_ShouldIgnoreFrame_WhenFrameIsPresenWithWrongNamespace" computerName="DKSR-EFI-04" duration="00:00:00.0003344" startTime="2023-12-22T09:35:52.9600867+01:00" endTime="2023-12-22T09:35:52.9600867+01:00" testType="13cdc9d9-ddb5-4fa4-a97d-d965ccfc6d4b" outcome="Passed" testListId="8c84fa94-04c1-424b-9868-57a2d4851a1d" relativeResultsDirectory="937f2a27-8e4b-43f3-9803-10b8cb5dcf8b" />
    <UnitTestResult executionId="967fa5f3-4c28-42cf-b1b8-5454275ce5d8" testId="64385f08-1561-0f65-f649-9eea3016a34f" testName="CreateSearchFilterEditControl_SinglePluginMultipleUserControlsPlugins_Success" computerName="DKSR-EFI-04" duration="00:00:00.0040384" startTime="2023-12-22T09:35:50.6632011+01:00" endTime="2023-12-22T09:35:50.6632011+01:00" testType="13cdc9d9-ddb5-4fa4-a97d-d965ccfc6d4b" outcome="Passed" testListId="8c84fa94-04c1-424b-9868-57a2d4851a1d" relativeResultsDirectory="967fa5f3-4c28-42cf-b1b8-5454275ce5d8" />
    <UnitTestResult executionId="abf4b502-42c1-4141-805a-c656c5c746ca" testId="8d35e87b-236d-d2d1-5276-ca6f3e50fdcb" testName="Serialize_ShouldIncludeOptionDecorations_WhenPropertyIsCollectionOfObjectsAndNoPropertiesRequestedInPath" computerName="DKSR-EFI-04" duration="00:00:00.0067315" startTime="2023-12-22T09:35:48.8038161+01:00" endTime="2023-12-22T09:35:48.8038161+01:00" testType="13cdc9d9-ddb5-4fa4-a97d-d965ccfc6d4b" outcome="Passed" testListId="8c84fa94-04c1-424b-9868-57a2d4851a1d" relativeResultsDirectory="abf4b502-42c1-4141-805a-c656c5c746ca" />
    <UnitTestResult executionId="944694a7-bd23-48ea-985d-ef23974f1504" testId="e22757cf-80d8-f279-1c8a-feb5a05eb919" testName="ReadXml_ShouldReadBehaviourContents_WhenBehaviourIsPresent" computerName="DKSR-EFI-04" duration="00:00:00.0015208" startTime="2023-12-22T09:35:52.5538353+01:00" endTime="2023-12-22T09:35:52.5538353+01:00" testType="13cdc9d9-ddb5-4fa4-a97d-d965ccfc6d4b" outcome="Passed" testListId="8c84fa94-04c1-424b-9868-57a2d4851a1d" relativeResultsDirectory="944694a7-bd23-48ea-985d-ef23974f1504" />
    <UnitTestResult executionId="d6c6490b-47c3-4b07-b3a1-d2b59d6ff8aa" testId="3bd4e091-3cac-addc-1c5e-6f943e11b33f" testName="WriteXml_ShouldOmitElements_WhenDataIsNotPresent" computerName="DKSR-EFI-04" duration="00:00:00.0102984" startTime="2023-12-22T09:35:52.0850820+01:00" endTime="2023-12-22T09:35:52.1007086+01:00" testType="13cdc9d9-ddb5-4fa4-a97d-d965ccfc6d4b" outcome="Passed" testListId="8c84fa94-04c1-424b-9868-57a2d4851a1d" relativeResultsDirectory="d6c6490b-47c3-4b07-b3a1-d2b59d6ff8aa" />
    <UnitTestResult executionId="2b85b932-62eb-46c5-81d6-a307470397bf" testId="cf5907ea-f180-5c72-1f5a-4ab563640853" testName="Serialize_TestCases (TestParentTypeMatchCollectionThisTypeNotMatchedProperty)" computerName="DKSR-EFI-04" duration="00:00:00.0001417" startTime="2023-12-22T09:35:49.1006918+01:00" endTime="2023-12-22T09:35:49.1006918+01:00" testType="13cdc9d9-ddb5-4fa4-a97d-d965ccfc6d4b" outcome="Passed" testListId="8c84fa94-04c1-424b-9868-57a2d4851a1d" relativeResultsDirectory="2b85b932-62eb-46c5-81d6-a307470397bf" />
    <UnitTestResult executionId="3e826af3-2c94-48ee-a335-61f0b9ffaa52" testId="eccd7b47-7a8f-ac65-26ef-40b4723d9415" testName="KindsFilter_Presets_ShowsCamerasAndPresets" computerName="DKSR-EFI-04" duration="00:00:00.0386164" startTime="2023-12-22T09:35:46.3194276+01:00" endTime="2023-12-22T09:35:46.3506782+01:00" testType="13cdc9d9-ddb5-4fa4-a97d-d965ccfc6d4b" outcome="Passed" testListId="8c84fa94-04c1-424b-9868-57a2d4851a1d" relativeResultsDirectory="3e826af3-2c94-48ee-a335-61f0b9ffaa52" />
    <UnitTestResult executionId="6a8e2ee8-4483-481a-a593-db204268d088" testId="7c25e9d9-71c3-90cd-d0cc-85e1e58efd6b" testName="GetPropertiesAsync_SingleInvocation_DelegatedToInternalMethod" computerName="DKSR-EFI-04" duration="00:00:00.0137385" startTime="2023-12-22T09:35:50.0538215+01:00" endTime="2023-12-22T09:35:50.0538215+01:00" testType="13cdc9d9-ddb5-4fa4-a97d-d965ccfc6d4b" outcome="Passed" testListId="8c84fa94-04c1-424b-9868-57a2d4851a1d" relativeResultsDirectory="6a8e2ee8-4483-481a-a593-db204268d088" />
    <UnitTestResult executionId="8fe3b2c6-198f-4e02-bd78-bfa0aa4483e2" testId="ac1eb344-84dd-8e2f-e7fa-8afd6aaf6222" testName="GetNextSequence_ShouldStoreToolkitResultInCache_WhenAlways" computerName="DKSR-EFI-04" duration="00:00:00.0032294" startTime="2023-12-22T09:35:55.0382268+01:00" endTime="2023-12-22T09:35:55.0382268+01:00" testType="13cdc9d9-ddb5-4fa4-a97d-d965ccfc6d4b" outcome="Passed" testListId="8c84fa94-04c1-424b-9868-57a2d4851a1d" relativeResultsDirectory="8fe3b2c6-198f-4e02-bd78-bfa0aa4483e2" />
    <UnitTestResult executionId="ba1794f4-140f-413b-80fb-43ebcad4d212" testId="0be364f3-65a8-13b6-624b-a54197fbf75c" testName="ToString_MipItemSet_Has_Value" computerName="DKSR-EFI-04" duration="00:00:00.0002444" startTime="2023-12-22T09:35:46.0225515+01:00" endTime="2023-12-22T09:35:46.0225515+01:00" testType="13cdc9d9-ddb5-4fa4-a97d-d965ccfc6d4b" outcome="Passed" testListId="8c84fa94-04c1-424b-9868-57a2d4851a1d" relativeResultsDirectory="ba1794f4-140f-413b-80fb-43ebcad4d212" />
    <UnitTestResult executionId="384cc105-6649-4db5-999b-37b171292c67" testId="d4c38e91-653a-61a8-9381-1f7444c31b36" testName="ConstructorArgb_ShouldReturnCorrectArgbValues_Always" computerName="DKSR-EFI-04" duration="00:00:00.0006133" startTime="2023-12-22T09:35:51.8976064+01:00" endTime="2023-12-22T09:35:51.8976064+01:00" testType="13cdc9d9-ddb5-4fa4-a97d-d965ccfc6d4b" outcome="Passed" testListId="8c84fa94-04c1-424b-9868-57a2d4851a1d" relativeResultsDirectory="384cc105-6649-4db5-999b-37b171292c67" />
    <UnitTestResult executionId="674b75d6-1ad9-43ac-8360-abea36016b64" testId="eefc51b9-5382-2aee-c4ce-08acd9cc49de" testName="GetMetadataStream_ShouldReturnMetadataStream_WhenByteArrayContainsValidXml" computerName="DKSR-EFI-04" duration="00:00:00.0070775" startTime="2023-12-22T09:35:52.1319581+01:00" endTime="2023-12-22T09:35:52.1319581+01:00" testType="13cdc9d9-ddb5-4fa4-a97d-d965ccfc6d4b" outcome="Passed" testListId="8c84fa94-04c1-424b-9868-57a2d4851a1d" relativeResultsDirectory="674b75d6-1ad9-43ac-8360-abea36016b64" />
    <UnitTestResult executionId="586f8ad7-46fd-4327-a760-f1c0c8a628d6" testId="cb3227bb-d1a5-0c0d-9089-9f393e7c3688" testName="Constructor_ShouldThrowArgumentException_WhenModelIsWhiteSpaceOrEmpty" computerName="DKSR-EFI-04" duration="00:00:00.0005714" startTime="2023-12-22T09:35:54.4757211+01:00" endTime="2023-12-22T09:35:54.4757211+01:00" testType="13cdc9d9-ddb5-4fa4-a97d-d965ccfc6d4b" outcome="Passed" testListId="8c84fa94-04c1-424b-9868-57a2d4851a1d" relativeResultsDirectory="586f8ad7-46fd-4327-a760-f1c0c8a628d6" />
    <UnitTestResult executionId="268977ef-1989-432a-8fbe-ed977620de90" testId="5367f539-e3b0-cebf-09dd-956f309e7c6e" testName="ReadXml_ShouldIgnoreIdleChildren_WhenAlways" computerName="DKSR-EFI-04" duration="00:00:00.0003223" startTime="2023-12-22T09:35:51.7569562+01:00" endTime="2023-12-22T09:35:51.7569562+01:00" testType="13cdc9d9-ddb5-4fa4-a97d-d965ccfc6d4b" outcome="Passed" testListId="8c84fa94-04c1-424b-9868-57a2d4851a1d" relativeResultsDirectory="268977ef-1989-432a-8fbe-ed977620de90" />
    <UnitTestResult executionId="7957a933-2f17-4177-ab45-ec65a620b3fd" testId="a029b495-55fb-1eb3-c134-9a8d61753adb" testName="OnSearchResultsReady_EventHandler_NotifiedWithCorrectParameters" computerName="DKSR-EFI-04" duration="00:00:00.0014003" startTime="2023-12-22T09:35:49.5225719+01:00" endTime="2023-12-22T09:35:49.5225719+01:00" testType="13cdc9d9-ddb5-4fa4-a97d-d965ccfc6d4b" outcome="Passed" testListId="8c84fa94-04c1-424b-9868-57a2d4851a1d" relativeResultsDirectory="7957a933-2f17-4177-ab45-ec65a620b3fd" />
    <UnitTestResult executionId="020deed5-785a-47bb-81fd-b220ea41d9e2" testId="0cd51abe-1287-52a5-9d2e-d556a1306fcb" testName="Set_Int_Invalid" computerName="DKSR-EFI-04" duration="00:00:00.0006468" startTime="2023-12-22T09:35:51.2100773+01:00" endTime="2023-12-22T09:35:51.2100773+01:00" testType="13cdc9d9-ddb5-4fa4-a97d-d965ccfc6d4b" outcome="Passed" testListId="8c84fa94-04c1-424b-9868-57a2d4851a1d" relativeResultsDirectory="020deed5-785a-47bb-81fd-b220ea41d9e2" />
    <UnitTestResult executionId="ef88da81-c71e-4fd8-b79c-a95964b43ae2" testId="ef0bef56-bcca-a24d-f399-eed9eabea4db" testName="Equals_ShouldReturnFalse_WhenOnlyPortNumbersAreDifferent" computerName="DKSR-EFI-04" duration="00:00:00.0009077" startTime="2023-12-22T09:35:23.2411912+01:00" endTime="2023-12-22T09:35:23.2411912+01:00" testType="13cdc9d9-ddb5-4fa4-a97d-d965ccfc6d4b" outcome="Passed" testListId="8c84fa94-04c1-424b-9868-57a2d4851a1d" relativeResultsDirectory="ef88da81-c71e-4fd8-b79c-a95964b43ae2" />
    <UnitTestResult executionId="4b2eac67-df3c-41c8-a440-901a535b5fb8" testId="548fd08b-2d94-5257-d985-826bbe47bde9" testName="ReadXml_ShouldSetAllFieldsToNull_WhenElementIsEmpty" computerName="DKSR-EFI-04" duration="00:00:00.0160268" startTime="2023-12-22T09:35:51.5382033+01:00" endTime="2023-12-22T09:35:51.5538313+01:00" testType="13cdc9d9-ddb5-4fa4-a97d-d965ccfc6d4b" outcome="Passed" testListId="8c84fa94-04c1-424b-9868-57a2d4851a1d" relativeResultsDirectory="4b2eac67-df3c-41c8-a440-901a535b5fb8" />
    <UnitTestResult executionId="b33b2300-19b9-40ea-8f6e-647037f0982b" testId="9e28d5ce-7362-2b06-9e34-6ce871313f70" testName="ProvideValue_ShouldNotSetTargetProperty_WhenItemIconSourcePropertyNameIsNotSet" computerName="DKSR-EFI-04" duration="00:00:00.0016759" startTime="2023-12-22T09:35:47.6631833+01:00" endTime="2023-12-22T09:35:47.6788091+01:00" testType="13cdc9d9-ddb5-4fa4-a97d-d965ccfc6d4b" outcome="Passed" testListId="8c84fa94-04c1-424b-9868-57a2d4851a1d" relativeResultsDirectory="b33b2300-19b9-40ea-8f6e-647037f0982b" />
    <UnitTestResult executionId="bd824c91-10e4-41f3-ba76-7378c857a09c" testId="cb13d9c3-56f2-276b-f315-14e9213934da" testName="GetIdFromPath_ShouldReturnId_FromShortPath" computerName="DKSR-EFI-04" duration="00:00:00.0002196" startTime="2023-12-22T09:35:55.1632367+01:00" endTime="2023-12-22T09:35:55.1632367+01:00" testType="13cdc9d9-ddb5-4fa4-a97d-d965ccfc6d4b" outcome="Passed" testListId="8c84fa94-04c1-424b-9868-57a2d4851a1d" relativeResultsDirectory="bd824c91-10e4-41f3-ba76-7378c857a09c" />
    <UnitTestResult executionId="f6572edc-d547-4745-aba2-37b352feff7e" testId="68f5557d-4bd5-ebae-3a22-537c1702d781" testName="Equals_IgnoreFolderType_Fail_OnObjectString" computerName="DKSR-EFI-04" duration="00:00:00.0004016" startTime="2023-12-22T09:35:21.1161715+01:00" endTime="2023-12-22T09:35:21.1161715+01:00" testType="13cdc9d9-ddb5-4fa4-a97d-d965ccfc6d4b" outcome="Passed" testListId="8c84fa94-04c1-424b-9868-57a2d4851a1d" relativeResultsDirectory="f6572edc-d547-4745-aba2-37b352feff7e" />
    <UnitTestResult executionId="a2fc5045-3ccf-4aab-aac3-95f59747c55f" testId="79d8cb70-402c-e7be-4d53-f2c05fb52d5e" testName="WriteXml_ShouldWriteYAttribute_WhenAlays" computerName="DKSR-EFI-04" duration="00:00:00.0003736" startTime="2023-12-22T09:35:52.9288370+01:00" endTime="2023-12-22T09:35:52.9288370+01:00" testType="13cdc9d9-ddb5-4fa4-a97d-d965ccfc6d4b" outcome="Passed" testListId="8c84fa94-04c1-424b-9868-57a2d4851a1d" relativeResultsDirectory="a2fc5045-3ccf-4aab-aac3-95f59747c55f" />
    <UnitTestResult executionId="4d340979-079f-4401-9ee5-198596615a4c" testId="4fd7ef13-73a5-f651-dedc-2514dfae7f93" testName="FindCacheEntryBefore_ShuldReturnNull_WhenTheCacheIsEmpty" computerName="DKSR-EFI-04" duration="00:00:00.0002867" startTime="2023-12-22T09:35:54.5538517+01:00" endTime="2023-12-22T09:35:54.5538517+01:00" testType="13cdc9d9-ddb5-4fa4-a97d-d965ccfc6d4b" outcome="Passed" testListId="8c84fa94-04c1-424b-9868-57a2d4851a1d" relativeResultsDirectory="4d340979-079f-4401-9ee5-198596615a4c" />
    <UnitTestResult executionId="b9b7dae1-4ae5-4e02-a15d-e6b7b3bfaf4d" testId="ebd03c2f-6c76-bcbc-d996-078d887dfa19" testName="GenerateDeviceParameters_ShouldCallGenerateTypeDefinintionParametersWithCorrectPrefix_WhenThereAreTypeDefinitions" computerName="DKSR-EFI-04" duration="00:00:00.0017392" startTime="2023-12-22T09:35:54.6632227+01:00" endTime="2023-12-22T09:35:54.6632227+01:00" testType="13cdc9d9-ddb5-4fa4-a97d-d965ccfc6d4b" outcome="Passed" testListId="8c84fa94-04c1-424b-9868-57a2d4851a1d" relativeResultsDirectory="b9b7dae1-4ae5-4e02-a15d-e6b7b3bfaf4d" />
    <UnitTestResult executionId="e083a27f-07d2-40e4-962b-ca35396b9440" testId="d15cb015-1a80-6a1c-c85a-3f61077a2db7" testName="GetPreviousDateTime_ShouldReturnLastDataEntityFromSecondToolkitCall_WhenDateIsAfterFirstCachedValue" computerName="DKSR-EFI-04" duration="00:00:00.0025378" startTime="2023-12-22T09:35:54.8975966+01:00" endTime="2023-12-22T09:35:54.8975966+01:00" testType="13cdc9d9-ddb5-4fa4-a97d-d965ccfc6d4b" outcome="Passed" testListId="8c84fa94-04c1-424b-9868-57a2d4851a1d" relativeResultsDirectory="e083a27f-07d2-40e4-962b-ca35396b9440" />
    <UnitTestResult executionId="2a164484-451e-4dc5-aa86-635621a794fa" testId="e9e566d8-8c2f-a5c9-6e03-2549ae458328" testName="Serialize_ShouldIncludeOptionDecorations_WhenPropertyIsObjectAndNoPropertiesRequestedInPath" computerName="DKSR-EFI-04" duration="00:00:00.0006706" startTime="2023-12-22T09:35:48.8038161+01:00" endTime="2023-12-22T09:35:48.8038161+01:00" testType="13cdc9d9-ddb5-4fa4-a97d-d965ccfc6d4b" outcome="Passed" testListId="8c84fa94-04c1-424b-9868-57a2d4851a1d" relativeResultsDirectory="2a164484-451e-4dc5-aa86-635621a794fa" />
    <UnitTestResult executionId="266971e3-7df7-42f6-bb92-5c0c56baf618" testId="15aede0d-e3f2-2cb3-b9cb-5b079f95b7e7" testName="ParameterConstruct3_FieldValues_Checked" computerName="DKSR-EFI-04" duration="00:00:00.0014287" startTime="2023-12-22T09:35:20.9911698+01:00" endTime="2023-12-22T09:35:20.9911698+01:00" testType="13cdc9d9-ddb5-4fa4-a97d-d965ccfc6d4b" outcome="Passed" testListId="8c84fa94-04c1-424b-9868-57a2d4851a1d" relativeResultsDirectory="266971e3-7df7-42f6-bb92-5c0c56baf618" />
    <UnitTestResult executionId="50af7c3c-0e1b-4d60-81ea-ea2e6d53bd47" testId="0928c4fd-5774-fb06-0445-b9d9e3756a8d" testName="WriteXml_ShouldWriteObjectIdAttribute_Always" computerName="DKSR-EFI-04" duration="00:00:00.0005700" startTime="2023-12-22T09:35:52.5538353+01:00" endTime="2023-12-22T09:35:52.5694616+01:00" testType="13cdc9d9-ddb5-4fa4-a97d-d965ccfc6d4b" outcome="Passed" testListId="8c84fa94-04c1-424b-9868-57a2d4851a1d" relativeResultsDirectory="50af7c3c-0e1b-4d60-81ea-ea2e6d53bd47" />
    <UnitTestResult executionId="4a5e01f9-4f07-4186-9928-daf79173a722" testId="6d35c2c3-73b0-8587-396e-ba4ccb5d6691" testName="ProvideValue_ShouldChangeContentTemplate_WhenItemContentTemplatePropertyNameIsSet" computerName="DKSR-EFI-04" duration="00:00:00.0046271" startTime="2023-12-22T09:35:47.3194327+01:00" endTime="2023-12-22T09:35:47.3194327+01:00" testType="13cdc9d9-ddb5-4fa4-a97d-d965ccfc6d4b" outcome="Passed" testListId="8c84fa94-04c1-424b-9868-57a2d4851a1d" relativeResultsDirectory="4a5e01f9-4f07-4186-9928-daf79173a722" />
    <UnitTestResult executionId="409da45d-988b-4230-9523-ffdb77d17ced" testId="7b38c175-8f37-0ff7-77b0-702939d7a735" testName="GetLicensePlateFilterValue_NullCriteria_Throws" computerName="DKSR-EFI-04" duration="00:00:00.0015263" startTime="2023-12-22T09:35:50.9288272+01:00" endTime="2023-12-22T09:35:50.9288272+01:00" testType="13cdc9d9-ddb5-4fa4-a97d-d965ccfc6d4b" outcome="Passed" testListId="8c84fa94-04c1-424b-9868-57a2d4851a1d" relativeResultsDirectory="409da45d-988b-4230-9523-ffdb77d17ced" />
    <UnitTestResult executionId="e6d8dd79-0155-474e-b324-37c9ac5960a8" testId="a8ce85fe-814a-271d-72cd-32e52ea1acce" testName="GetEnd_ShouldReturnNull_WhenThereIsNoData" computerName="DKSR-EFI-04" duration="00:00:00.0018092" startTime="2023-12-22T09:35:54.8351018+01:00" endTime="2023-12-22T09:35:54.8351018+01:00" testType="13cdc9d9-ddb5-4fa4-a97d-d965ccfc6d4b" outcome="Passed" testListId="8c84fa94-04c1-424b-9868-57a2d4851a1d" relativeResultsDirectory="e6d8dd79-0155-474e-b324-37c9ac5960a8" />
    <UnitTestResult executionId="f0593c34-2742-49fb-bd43-9336661b5cfc" testId="d8efbbc3-789a-3585-978c-2744f717a173" testName="Serialize_TestCases (TestParentTypeMatchBoolNotThisTypeMatched)" computerName="DKSR-EFI-04" duration="00:00:00.0004022" startTime="2023-12-22T09:35:48.9756894+01:00" endTime="2023-12-22T09:35:48.9756894+01:00" testType="13cdc9d9-ddb5-4fa4-a97d-d965ccfc6d4b" outcome="Passed" testListId="8c84fa94-04c1-424b-9868-57a2d4851a1d" relativeResultsDirectory="f0593c34-2742-49fb-bd43-9336661b5cfc" />
    <UnitTestResult executionId="45c076c4-3d08-4b4e-a8f7-04b52c39185a" testId="9fd340a4-bdf1-80dc-4aa5-677b8c727a2b" testName="Equals_Fail_OnServerIdNull" computerName="DKSR-EFI-04" duration="00:00:00.0003919" startTime="2023-12-22T09:35:21.1317955+01:00" endTime="2023-12-22T09:35:21.1317955+01:00" testType="13cdc9d9-ddb5-4fa4-a97d-d965ccfc6d4b" outcome="Passed" testListId="8c84fa94-04c1-424b-9868-57a2d4851a1d" relativeResultsDirectory="45c076c4-3d08-4b4e-a8f7-04b52c39185a" />
    <UnitTestResult executionId="680078af-2f1a-4651-a116-fd0b3da9056a" testId="23ab757f-fe97-afaf-d8cf-cc47b5d58278" testName="GetIdFromPath_ShouldReturnId_FromFullPath" computerName="DKSR-EFI-04" duration="00:00:00.0048728" startTime="2023-12-22T09:35:55.1632367+01:00" endTime="2023-12-22T09:35:55.1632367+01:00" testType="13cdc9d9-ddb5-4fa4-a97d-d965ccfc6d4b" outcome="Passed" testListId="8c84fa94-04c1-424b-9868-57a2d4851a1d" relativeResultsDirectory="680078af-2f1a-4651-a116-fd0b3da9056a" />
    <UnitTestResult executionId="6a163311-3b0b-41e3-baf5-ab314bdd7d8a" testId="d1e36374-9329-5797-656e-7f2208258af5" testName="Move_ShouldInvokeCallback_WhenObservable" computerName="DKSR-EFI-04" duration="00:00:00.0012097" startTime="2023-12-22T09:35:46.7413051+01:00" endTime="2023-12-22T09:35:46.7413051+01:00" testType="13cdc9d9-ddb5-4fa4-a97d-d965ccfc6d4b" outcome="Passed" testListId="8c84fa94-04c1-424b-9868-57a2d4851a1d" relativeResultsDirectory="6a163311-3b0b-41e3-baf5-ab314bdd7d8a" />
    <UnitTestResult executionId="66187b84-2962-4258-aa70-ba34219fa879" testId="b5787dfc-a6ff-a360-1b42-6d6dc7b8eb31" testName="Serialize_TestCases (TestParentTypeMatchDoubleThisTypeNotMatched)" computerName="DKSR-EFI-04" duration="00:00:00.0003904" startTime="2023-12-22T09:35:49.0069409+01:00" endTime="2023-12-22T09:35:49.0069409+01:00" testType="13cdc9d9-ddb5-4fa4-a97d-d965ccfc6d4b" outcome="Passed" testListId="8c84fa94-04c1-424b-9868-57a2d4851a1d" relativeResultsDirectory="66187b84-2962-4258-aa70-ba34219fa879" />
    <UnitTestResult executionId="e3f02c6d-4810-4c9c-a269-4d3834e48228" testId="0a3a807f-9f6a-c6f8-8c9e-dc79768e8cd7" testName="Stop_InitializeThrowsException_ProcessorSurvives" computerName="DKSR-EFI-04" duration="00:00:00.1105667" startTime="2023-12-22T09:35:44.6006665+01:00" endTime="2023-12-22T09:35:44.7100440+01:00" testType="13cdc9d9-ddb5-4fa4-a97d-d965ccfc6d4b" outcome="Passed" testListId="8c84fa94-04c1-424b-9868-57a2d4851a1d" relativeResultsDirectory="e3f02c6d-4810-4c9c-a269-4d3834e48228" />
    <UnitTestResult executionId="e2b3aad7-5933-486d-8905-fc7afd369a26" testId="bd4bf395-8f98-04c2-c5f8-cab1c6647ef1" testName="ParsingAndSerializing_ShouldPreserveDataIntegrety" computerName="DKSR-EFI-04" duration="00:00:00.0551434" startTime="2023-12-22T09:35:52.1945411+01:00" endTime="2023-12-22T09:35:52.2569601+01:00" testType="13cdc9d9-ddb5-4fa4-a97d-d965ccfc6d4b" outcome="Passed" testListId="8c84fa94-04c1-424b-9868-57a2d4851a1d" relativeResultsDirectory="e2b3aad7-5933-486d-8905-fc7afd369a26" />
    <UnitTestResult executionId="366549c1-b513-49f9-a2dc-e7e6cb4b0acc" testId="cb7e38b0-12f4-dfad-65ae-f93a1147794e" testName="CollectionReplaced_ShouldInvokeCallback_WhenNotObservable" computerName="DKSR-EFI-04" duration="00:00:00.0065755" startTime="2023-12-22T09:35:46.6944299+01:00" endTime="2023-12-22T09:35:46.7100524+01:00" testType="13cdc9d9-ddb5-4fa4-a97d-d965ccfc6d4b" outcome="Passed" testListId="8c84fa94-04c1-424b-9868-57a2d4851a1d" relativeResultsDirectory="366549c1-b513-49f9-a2dc-e7e6cb4b0acc" />
    <UnitTestResult executionId="c408042d-dd4b-4ddc-8cfc-d2243f023d7f" testId="a986cdd1-f3b8-291d-b1aa-90291a659d05" testName="Escape_Success" computerName="DKSR-EFI-04" duration="00:00:00.0006928" startTime="2023-12-22T09:35:35.0225250+01:00" endTime="2023-12-22T09:35:35.0225250+01:00" testType="13cdc9d9-ddb5-4fa4-a97d-d965ccfc6d4b" outcome="Passed" testListId="8c84fa94-04c1-424b-9868-57a2d4851a1d" relativeResultsDirectory="c408042d-dd4b-4ddc-8cfc-d2243f023d7f" />
    <UnitTestResult executionId="a3553740-47f6-4b2a-a83c-307b67920839" testId="0d6a360b-80b2-0c9f-819e-6ddc1b403d2d" testName="ReadXml_ShouldReadOnvifClassContents_WhenClassIsPresent" computerName="DKSR-EFI-04" duration="00:00:00.0016653" startTime="2023-12-22T09:35:51.6475803+01:00" endTime="2023-12-22T09:35:51.6475803+01:00" testType="13cdc9d9-ddb5-4fa4-a97d-d965ccfc6d4b" outcome="Passed" testListId="8c84fa94-04c1-424b-9868-57a2d4851a1d" relativeResultsDirectory="a3553740-47f6-4b2a-a83c-307b67920839" />
    <UnitTestResult executionId="fa8cb6b5-7b06-4438-a767-2b2bf63247f4" testId="38b98b35-19bc-eb4b-75ab-937f6e63a097" testName="SplitString_WhenEmptyOrSpaces2Levels_EmptyArray" computerName="DKSR-EFI-04" duration="00:00:00.0003496" startTime="2023-12-22T09:35:35.0225250+01:00" endTime="2023-12-22T09:35:35.0225250+01:00" testType="13cdc9d9-ddb5-4fa4-a97d-d965ccfc6d4b" outcome="Passed" testListId="8c84fa94-04c1-424b-9868-57a2d4851a1d" relativeResultsDirectory="fa8cb6b5-7b06-4438-a767-2b2bf63247f4" />
    <UnitTestResult executionId="d85074c5-4376-4c17-a61b-e2edf989ddaa" testId="c3f2a1aa-ab89-7f2c-6103-bf1d2150d50b" testName="Equals_ShouldHaveValueSemantics_Always" computerName="DKSR-EFI-04" duration="00:00:00.0002933" startTime="2023-12-22T09:35:52.3507086+01:00" endTime="2023-12-22T09:35:52.3507086+01:00" testType="13cdc9d9-ddb5-4fa4-a97d-d965ccfc6d4b" outcome="Passed" testListId="8c84fa94-04c1-424b-9868-57a2d4851a1d" relativeResultsDirectory="d85074c5-4376-4c17-a61b-e2edf989ddaa" />
    <UnitTestResult executionId="a450e923-f4c5-46cb-a5e9-9d68233b79f6" testId="14a48fdf-998f-a4a7-ad0a-dfa3e87104de" testName="ProvideValue_ShouldUseItemContentTemplate_WhenContentTemplateIsSetOnDropDownAndOnItem" computerName="DKSR-EFI-04" duration="00:00:00.0013659" startTime="2023-12-22T09:35:47.6319353+01:00" endTime="2023-12-22T09:35:47.6475602+01:00" testType="13cdc9d9-ddb5-4fa4-a97d-d965ccfc6d4b" outcome="Passed" testListId="8c84fa94-04c1-424b-9868-57a2d4851a1d" relativeResultsDirectory="a450e923-f4c5-46cb-a5e9-9d68233b79f6" />
    <UnitTestResult executionId="c2f8791f-32a7-4558-ab59-dc54ccb103ee" testId="42d4745e-d9b8-f2e9-3bf0-8b9851599c44" testName="HttpScheme_ShouldFollowHttpPort" computerName="DKSR-EFI-04" duration="00:00:00.0005768" startTime="2023-12-22T09:35:23.3193087+01:00" endTime="2023-12-22T09:35:23.3193087+01:00" testType="13cdc9d9-ddb5-4fa4-a97d-d965ccfc6d4b" outcome="Passed" testListId="8c84fa94-04c1-424b-9868-57a2d4851a1d" relativeResultsDirectory="c2f8791f-32a7-4558-ab59-dc54ccb103ee" />
    <UnitTestResult executionId="4049cac0-e3d8-498c-b4f6-c3b60290ee34" testId="d67f39a6-38da-54cf-bd51-1084e48c6e60" testName="ReadXml_ShouldSetAllFieldsToNull_ThatAreNotPresentInXml" computerName="DKSR-EFI-04" duration="00:00:00.0033851" startTime="2023-12-22T09:35:52.4132099+01:00" endTime="2023-12-22T09:35:52.4132099+01:00" testType="13cdc9d9-ddb5-4fa4-a97d-d965ccfc6d4b" outcome="Passed" testListId="8c84fa94-04c1-424b-9868-57a2d4851a1d" relativeResultsDirectory="4049cac0-e3d8-498c-b4f6-c3b60290ee34" />
    <UnitTestResult executionId="167be910-8e30-48ed-8889-d5efb60e4227" testId="520094b8-4b75-11e8-c310-4fbb0ad15d04" testName="ReadXml_ShouldReadHorizontalAccuracy_WhenHorizontalAccuracyIsPresent" computerName="DKSR-EFI-04" duration="00:00:00.0002350" startTime="2023-12-22T09:35:52.4444617+01:00" endTime="2023-12-22T09:35:52.4444617+01:00" testType="13cdc9d9-ddb5-4fa4-a97d-d965ccfc6d4b" outcome="Passed" testListId="8c84fa94-04c1-424b-9868-57a2d4851a1d" relativeResultsDirectory="167be910-8e30-48ed-8889-d5efb60e4227" />
    <UnitTestResult executionId="c7ed1b95-bf89-41b7-a1ed-40e2037b20f4" testId="caf15171-15c0-e44f-4ded-3471eafc2c21" testName="Properties_DefaultValues" computerName="DKSR-EFI-04" duration="00:00:00.0102049" startTime="2023-12-22T09:35:45.4756723+01:00" endTime="2023-12-22T09:35:45.4912973+01:00" testType="13cdc9d9-ddb5-4fa4-a97d-d965ccfc6d4b" outcome="Passed" testListId="8c84fa94-04c1-424b-9868-57a2d4851a1d" relativeResultsDirectory="c7ed1b95-bf89-41b7-a1ed-40e2037b20f4" />
    <UnitTestResult executionId="f8adaa0b-beec-4b8d-9d5b-85d25ef183b7" testId="ad2e8dc8-017a-fd28-8587-9788ac26c9e0" testName="Remove_KeyPresent_ReturnsTrueAndGetReturnsNull" computerName="DKSR-EFI-04" duration="00:00:00.0003432" startTime="2023-12-22T09:35:35.2568696+01:00" endTime="2023-12-22T09:35:35.2568696+01:00" testType="13cdc9d9-ddb5-4fa4-a97d-d965ccfc6d4b" outcome="Passed" testListId="8c84fa94-04c1-424b-9868-57a2d4851a1d" relativeResultsDirectory="f8adaa0b-beec-4b8d-9d5b-85d25ef183b7" />
    <UnitTestResult executionId="368af4dc-d15f-4635-a54c-330187a713a1" testId="6a188302-28d8-d1a3-63bb-96d48d07bffe" testName="Serialize_ShouldThrowException_WhenPropertyCollectionTypeButPathDoesNotIndicateCollection (CollectionEmptyListProperty)" computerName="DKSR-EFI-04" duration="00:00:00.0009306" startTime="2023-12-22T09:35:48.7881891+01:00" endTime="2023-12-22T09:35:48.7881891+01:00" testType="13cdc9d9-ddb5-4fa4-a97d-d965ccfc6d4b" outcome="Passed" testListId="8c84fa94-04c1-424b-9868-57a2d4851a1d" relativeResultsDirectory="368af4dc-d15f-4635-a54c-330187a713a1" />
    <UnitTestResult executionId="bdbe5a8b-9176-426e-936b-328fddeea4e9" testId="6ff15af4-6fd8-2401-35d9-7aaad2262d48" testName="GenerateDeviceParameters_ShouldOmitResolution_WhenResolutionIsNull" computerName="DKSR-EFI-04" duration="00:00:00.0007390" startTime="2023-12-22T09:35:54.3350959+01:00" endTime="2023-12-22T09:35:54.3507203+01:00" testType="13cdc9d9-ddb5-4fa4-a97d-d965ccfc6d4b" outcome="Passed" testListId="8c84fa94-04c1-424b-9868-57a2d4851a1d" relativeResultsDirectory="bdbe5a8b-9176-426e-936b-328fddeea4e9" />
    <UnitTestResult executionId="26e251f8-fb15-4f93-98b0-52b81b73e229" testId="9d5ada2d-839e-c544-1fa6-276837fd72f2" testName="ReadXml_ShouldReadOnvifClass_WhenClassIsPresent" computerName="DKSR-EFI-04" duration="00:00:00.0013062" startTime="2023-12-22T09:35:51.6475803+01:00" endTime="2023-12-22T09:35:51.6475803+01:00" testType="13cdc9d9-ddb5-4fa4-a97d-d965ccfc6d4b" outcome="Passed" testListId="8c84fa94-04c1-424b-9868-57a2d4851a1d" relativeResultsDirectory="26e251f8-fb15-4f93-98b0-52b81b73e229" />
    <UnitTestResult executionId="cd3b4fa4-7fcb-4eb4-b319-877363fcd2a5" testId="ad962b0e-987d-63ea-d90a-c4db7582df00" testName="GenerateDeviceParameters_ShouldWriteNumberOfTypeDefintions_WhenAlways" computerName="DKSR-EFI-04" duration="00:00:00.0042358" startTime="2023-12-22T09:35:54.6632227+01:00" endTime="2023-12-22T09:35:54.6632227+01:00" testType="13cdc9d9-ddb5-4fa4-a97d-d965ccfc6d4b" outcome="Passed" testListId="8c84fa94-04c1-424b-9868-57a2d4851a1d" relativeResultsDirectory="cd3b4fa4-7fcb-4eb4-b319-877363fcd2a5" />
    <UnitTestResult executionId="8db21e08-f717-43b9-837f-76ec817dd23d" testId="8323b4f2-e9f8-2e2a-6f22-cc6a18906d5b" testName="SHA256Hex64_ShouldReturnSHAHash_WhenInputIsEmpty" computerName="DKSR-EFI-04" duration="00:00:00.0002565" startTime="2023-12-22T09:35:55.1319739+01:00" endTime="2023-12-22T09:35:55.1319739+01:00" testType="13cdc9d9-ddb5-4fa4-a97d-d965ccfc6d4b" outcome="Passed" testListId="8c84fa94-04c1-424b-9868-57a2d4851a1d" relativeResultsDirectory="8db21e08-f717-43b9-837f-76ec817dd23d" />
    <UnitTestResult executionId="600e76f0-107d-44e4-9fa1-1915c7640619" testId="1fb7df82-265a-5de3-47da-778b7185a628" testName="Serialize_ShouldThrowException_WhenPropertyIsSimpleTypeButPathContainsChildren (DecimalProperty)" computerName="DKSR-EFI-04" duration="00:00:00.0004380" startTime="2023-12-22T09:35:48.7881891+01:00" endTime="2023-12-22T09:35:48.7881891+01:00" testType="13cdc9d9-ddb5-4fa4-a97d-d965ccfc6d4b" outcome="Passed" testListId="8c84fa94-04c1-424b-9868-57a2d4851a1d" relativeResultsDirectory="600e76f0-107d-44e4-9fa1-1915c7640619" />
    <UnitTestResult executionId="f7ad1178-730b-404c-8fd7-70b359870d0d" testId="ac145d13-4c02-a67c-cc07-a100e99d94e8" testName="ReadAppearanceExtensionXml_ShouldReadBoundingBoxLineColor_WhenBoundingBoxLineColorIsPresent" computerName="DKSR-EFI-04" duration="00:00:00.0003212" startTime="2023-12-22T09:35:52.6475862+01:00" endTime="2023-12-22T09:35:52.6475862+01:00" testType="13cdc9d9-ddb5-4fa4-a97d-d965ccfc6d4b" outcome="Passed" testListId="8c84fa94-04c1-424b-9868-57a2d4851a1d" relativeResultsDirectory="f7ad1178-730b-404c-8fd7-70b359870d0d" />
    <UnitTestResult executionId="f176d6ae-f7d5-452b-8ea8-5eaf4a5c3ed1" testId="c4e34f90-d96f-cb6b-4d8d-827e8345bbf0" testName="HostInitialized_ShouldNotInvokeCallback_WhenInitializedWithoutItems" computerName="DKSR-EFI-04" duration="00:00:00.0076845" startTime="2023-12-22T09:35:46.7100524+01:00" endTime="2023-12-22T09:35:46.7256788+01:00" testType="13cdc9d9-ddb5-4fa4-a97d-d965ccfc6d4b" outcome="Passed" testListId="8c84fa94-04c1-424b-9868-57a2d4851a1d" relativeResultsDirectory="f176d6ae-f7d5-452b-8ea8-5eaf4a5c3ed1" />
    <UnitTestResult executionId="f479d169-cb6d-44a4-b2f6-48dddc210033" testId="ad0265a0-96ba-5103-cd9d-a51d12bc6389" testName="ReadXml_ShouldLogWarningOnlyOnceWithinOneMinute_WhenBoundingBoxIsIncomplete" computerName="DKSR-EFI-04" duration="00:00:00.0015172" startTime="2023-12-22T09:35:52.7882136+01:00" endTime="2023-12-22T09:35:52.7882136+01:00" testType="13cdc9d9-ddb5-4fa4-a97d-d965ccfc6d4b" outcome="Passed" testListId="8c84fa94-04c1-424b-9868-57a2d4851a1d" relativeResultsDirectory="f479d169-cb6d-44a4-b2f6-48dddc210033" />
    <UnitTestResult executionId="afad733d-2f3d-4ad7-8471-dbed44a2b386" testId="a55aaf93-07d3-2d94-7ff3-69bf177f189d" testName="Serialize_TestCases (TestParentTypeMatchStructThisTypeMatched)" computerName="DKSR-EFI-04" duration="00:00:00.0008494" startTime="2023-12-22T09:35:49.0381952+01:00" endTime="2023-12-22T09:35:49.0381952+01:00" testType="13cdc9d9-ddb5-4fa4-a97d-d965ccfc6d4b" outcome="Passed" testListId="8c84fa94-04c1-424b-9868-57a2d4851a1d" relativeResultsDirectory="afad733d-2f3d-4ad7-8471-dbed44a2b386" />
    <UnitTestResult executionId="08d3c9d6-8d98-4eac-ae1e-dfe88eed9cdb" testId="af06fbb9-e295-bbc5-951e-25addabec280" testName="TestConstructor_NullException_Failure" computerName="DKSR-EFI-04" duration="00:00:00.0006572" startTime="2023-12-22T09:35:50.9757004+01:00" endTime="2023-12-22T09:35:50.9913262+01:00" testType="13cdc9d9-ddb5-4fa4-a97d-d965ccfc6d4b" outcome="Passed" testListId="8c84fa94-04c1-424b-9868-57a2d4851a1d" relativeResultsDirectory="08d3c9d6-8d98-4eac-ae1e-dfe88eed9cdb" />
    <UnitTestResult executionId="e5057f54-0f1f-4e00-8290-65b3ba807c68" testId="222dc4eb-8a5f-bb70-a6c0-96da1bd8a35a" testName="ReadXml_ShouldIgnoreUnknownChildren_WhenUnknownChildrenArePresent" computerName="DKSR-EFI-04" duration="00:00:00.0013160" startTime="2023-12-22T09:35:52.4757115+01:00" endTime="2023-12-22T09:35:52.4757115+01:00" testType="13cdc9d9-ddb5-4fa4-a97d-d965ccfc6d4b" outcome="Passed" testListId="8c84fa94-04c1-424b-9868-57a2d4851a1d" relativeResultsDirectory="e5057f54-0f1f-4e00-8290-65b3ba807c68" />
    <UnitTestResult executionId="d890676b-a553-4f3b-a35b-0b6a98029d52" testId="79ed88f2-f433-a4e4-a0f7-7ec8b906db54" testName="ToJson_IntElement_Exception" computerName="DKSR-EFI-04" duration="00:00:00.0005383" startTime="2023-12-22T09:35:51.2569538+01:00" endTime="2023-12-22T09:35:51.2569538+01:00" testType="13cdc9d9-ddb5-4fa4-a97d-d965ccfc6d4b" outcome="Passed" testListId="8c84fa94-04c1-424b-9868-57a2d4851a1d" relativeResultsDirectory="d890676b-a553-4f3b-a35b-0b6a98029d52" />
    <UnitTestResult executionId="5b65f5ea-99ef-4265-aea8-0e7278ca5ead" testId="78b38ad0-3cef-09ee-1bf9-763896c87118" testName="ConstructorShouldThrowArgumentNullExceptionWhenContentIsNull" computerName="DKSR-EFI-04" duration="00:00:00.0014270" startTime="2023-12-22T09:35:53.9288456+01:00" endTime="2023-12-22T09:35:53.9444693+01:00" testType="13cdc9d9-ddb5-4fa4-a97d-d965ccfc6d4b" outcome="Passed" testListId="8c84fa94-04c1-424b-9868-57a2d4851a1d" relativeResultsDirectory="5b65f5ea-99ef-4265-aea8-0e7278ca5ead" />
    <UnitTestResult executionId="05fb0d1a-ceca-4d23-9cd9-b4ca87c7dd69" testId="3b964bff-d25f-d812-9955-0682bf213291" testName="AllowGroupSelectionFalse_SingleSelect_NothingSelected" computerName="DKSR-EFI-04" duration="00:00:00.0005388" startTime="2023-12-22T09:35:45.7256744+01:00" endTime="2023-12-22T09:35:45.7256744+01:00" testType="13cdc9d9-ddb5-4fa4-a97d-d965ccfc6d4b" outcome="Passed" testListId="8c84fa94-04c1-424b-9868-57a2d4851a1d" relativeResultsDirectory="05fb0d1a-ceca-4d23-9cd9-b4ca87c7dd69" />
    <UnitTestResult executionId="908f8dbb-15a5-4d59-99e9-2d19c7252869" testId="e7fd8dc1-f344-e46a-1f5a-badd0fb3eee8" testName="Serialize_TestCases (TestParentTypeMatchCollectionNotThisTypeNotMatchedProperty)" computerName="DKSR-EFI-04" duration="00:00:00.0001594" startTime="2023-12-22T09:35:49.1163186+01:00" endTime="2023-12-22T09:35:49.1163186+01:00" testType="13cdc9d9-ddb5-4fa4-a97d-d965ccfc6d4b" outcome="Passed" testListId="8c84fa94-04c1-424b-9868-57a2d4851a1d" relativeResultsDirectory="908f8dbb-15a5-4d59-99e9-2d19c7252869" />
    <UnitTestResult executionId="b32f3dac-9cdf-48b8-99b5-9229cf9ea17e" testId="d42b4d4f-29a4-0113-b8d9-9d054172cf47" testName="Serialize_TestCases (TestParentTypeMatchInterfaceThisTypeMatched)" computerName="DKSR-EFI-04" duration="00:00:00.0008021" startTime="2023-12-22T09:35:49.1163186+01:00" endTime="2023-12-22T09:35:49.1163186+01:00" testType="13cdc9d9-ddb5-4fa4-a97d-d965ccfc6d4b" outcome="Passed" testListId="8c84fa94-04c1-424b-9868-57a2d4851a1d" relativeResultsDirectory="b32f3dac-9cdf-48b8-99b5-9229cf9ea17e" />
    <UnitTestResult executionId="50269c5e-8c1f-4a50-83f3-c32b0e16213d" testId="231eb201-5943-be12-8406-5e91b55ea0f9" testName="SetEvents_ShouldNotAddProxyManager_WhenFrameworkElementIsNotLoaded" computerName="DKSR-EFI-04" duration="00:00:00.0094517" startTime="2023-12-22T09:35:49.2413195+01:00" endTime="2023-12-22T09:35:49.2413195+01:00" testType="13cdc9d9-ddb5-4fa4-a97d-d965ccfc6d4b" outcome="Passed" testListId="8c84fa94-04c1-424b-9868-57a2d4851a1d" relativeResultsDirectory="50269c5e-8c1f-4a50-83f3-c32b0e16213d" />
    <UnitTestResult executionId="02a92523-f078-4ccf-84a2-a35d7eedca9f" testId="4a3d3b31-f5bb-f6f0-8775-76cae220f01b" testName="IsEmptyValue_StringFilterValue_DefaultValue_ReturnsTrue" computerName="DKSR-EFI-04" duration="00:00:00.0011349" startTime="2023-12-22T09:35:49.5381928+01:00" endTime="2023-12-22T09:35:49.5381928+01:00" testType="13cdc9d9-ddb5-4fa4-a97d-d965ccfc6d4b" outcome="Passed" testListId="8c84fa94-04c1-424b-9868-57a2d4851a1d" relativeResultsDirectory="02a92523-f078-4ccf-84a2-a35d7eedca9f" />
    <UnitTestResult executionId="9e9549ff-032d-4c94-8b3f-bcc2ab7213d7" testId="68a6ea98-ca7c-4d82-e5af-14d114a1f9a4" testName="WriteXml_ShouldOmitClassCandidateElement_WhenThereIsNoClassCandidatesPresent" computerName="DKSR-EFI-04" duration="00:00:00.0005299" startTime="2023-12-22T09:35:52.5069600+01:00" endTime="2023-12-22T09:35:52.5069600+01:00" testType="13cdc9d9-ddb5-4fa4-a97d-d965ccfc6d4b" outcome="Passed" testListId="8c84fa94-04c1-424b-9868-57a2d4851a1d" relativeResultsDirectory="9e9549ff-032d-4c94-8b3f-bcc2ab7213d7" />
    <UnitTestResult executionId="73890c39-7af9-418a-8d6f-34682bb099de" testId="62771907-5daf-58e6-a184-e6742aca31e8" testName="CountByItems_Activated_CountByCounter_Trial1" computerName="DKSR-EFI-04" duration="00:00:00.0018554" startTime="2023-12-22T09:35:54.2725950+01:00" endTime="2023-12-22T09:35:54.2725950+01:00" testType="13cdc9d9-ddb5-4fa4-a97d-d965ccfc6d4b" outcome="Passed" testListId="8c84fa94-04c1-424b-9868-57a2d4851a1d" relativeResultsDirectory="73890c39-7af9-418a-8d6f-34682bb099de" />
    <UnitTestResult executionId="930eb1c3-4bbd-42c5-bada-ad904ca2bf95" testId="d2e27528-7e9c-f741-028a-9dd7eea4c92c" testName="Add_ShouldInvokeCallback_WhenObservable" computerName="DKSR-EFI-04" duration="00:00:00.0047779" startTime="2023-12-22T09:35:46.6788053+01:00" endTime="2023-12-22T09:35:46.6788053+01:00" testType="13cdc9d9-ddb5-4fa4-a97d-d965ccfc6d4b" outcome="Passed" testListId="8c84fa94-04c1-424b-9868-57a2d4851a1d" relativeResultsDirectory="930eb1c3-4bbd-42c5-bada-ad904ca2bf95" />
    <UnitTestResult executionId="165faf8b-ec19-40e9-87cb-d3d146560db5" testId="d662e348-a1af-bb08-7043-ef8f0887058c" testName="SearchResultData_BeginTimeWithPaddingMinValue_ShouldReturnBeginTime" computerName="DKSR-EFI-04" duration="00:00:00.0002309" startTime="2023-12-22T09:35:50.1631986+01:00" endTime="2023-12-22T09:35:50.1631986+01:00" testType="13cdc9d9-ddb5-4fa4-a97d-d965ccfc6d4b" outcome="Passed" testListId="8c84fa94-04c1-424b-9868-57a2d4851a1d" relativeResultsDirectory="165faf8b-ec19-40e9-87cb-d3d146560db5" />
    <UnitTestResult executionId="4ff41ef7-f84c-4810-9caf-f42f5c3beafd" testId="f08cfdea-d0f9-0ea6-0706-b620f15a9fb4" testName="AllAttributesWerePresent_ShouldReturnFalse_WhenLeftAttributeIsNotAFloat" computerName="DKSR-EFI-04" duration="00:00:00.0003100" startTime="2023-12-22T09:35:52.6319611+01:00" endTime="2023-12-22T09:35:52.6319611+01:00" testType="13cdc9d9-ddb5-4fa4-a97d-d965ccfc6d4b" outcome="Passed" testListId="8c84fa94-04c1-424b-9868-57a2d4851a1d" relativeResultsDirectory="4ff41ef7-f84c-4810-9caf-f42f5c3beafd" />
    <UnitTestResult executionId="19b85e6d-13c2-4989-a34c-30770e0df5e2" testId="edfa9ac1-af92-8fad-09f0-213c59a511c9" testName="GetPrevious_ShouldReturnPreviousDataInCache_WhenDataIsCached" computerName="DKSR-EFI-04" duration="00:00:00.0020282" startTime="2023-12-22T09:35:54.8975966+01:00" endTime="2023-12-22T09:35:54.8975966+01:00" testType="13cdc9d9-ddb5-4fa4-a97d-d965ccfc6d4b" outcome="Passed" testListId="8c84fa94-04c1-424b-9868-57a2d4851a1d" relativeResultsDirectory="19b85e6d-13c2-4989-a34c-30770e0df5e2" />
    <UnitTestResult executionId="d1e6de73-f751-48f4-8fef-a937f5be9bdc" testId="87ac7461-0d28-cf5d-7698-d8b535ebe6b4" testName="ProvideValue_ShouldChangeText_WhenItemHeaderPropertyNameIsSet" computerName="DKSR-EFI-04" duration="00:00:00.0069344" startTime="2023-12-22T09:35:47.3663098+01:00" endTime="2023-12-22T09:35:47.3819354+01:00" testType="13cdc9d9-ddb5-4fa4-a97d-d965ccfc6d4b" outcome="Passed" testListId="8c84fa94-04c1-424b-9868-57a2d4851a1d" relativeResultsDirectory="d1e6de73-f751-48f4-8fef-a937f5be9bdc" />
    <UnitTestResult executionId="5699dbe8-2691-4421-9463-ca246a6777ce" testId="c201cfe9-d7ef-1767-28d0-57fcb8de2460" testName="AddFilterValue_ExistingValue_SecondValue_Success" computerName="DKSR-EFI-04" duration="00:00:00.0015309" startTime="2023-12-22T09:35:49.4131942+01:00" endTime="2023-12-22T09:35:49.4131942+01:00" testType="13cdc9d9-ddb5-4fa4-a97d-d965ccfc6d4b" outcome="Passed" testListId="8c84fa94-04c1-424b-9868-57a2d4851a1d" relativeResultsDirectory="5699dbe8-2691-4421-9463-ca246a6777ce" />
    <UnitTestResult executionId="be20a5b2-598d-4cd1-ac77-469eb9499eec" testId="b5bea1ce-3302-3d5c-c970-5439c8ce2d20" testName="Minimize_ShouldReturnOneInterval_WhenListContainsTwoOverlappingIntervalsAndOneIncludesTheOtherReversed" computerName="DKSR-EFI-04" duration="00:00:00.0005725" startTime="2023-12-22T09:35:35.1006194+01:00" endTime="2023-12-22T09:35:35.1006194+01:00" testType="13cdc9d9-ddb5-4fa4-a97d-d965ccfc6d4b" outcome="Passed" testListId="8c84fa94-04c1-424b-9868-57a2d4851a1d" relativeResultsDirectory="be20a5b2-598d-4cd1-ac77-469eb9499eec" />
    <UnitTestResult executionId="5e163bf3-413d-4e5f-94ac-0df9db1b9f82" testId="c5df7b24-5576-61ff-2c2f-8ef0272c7cb0" testName="GetPrevious_ShouldReturnNull_WhenCacheIsEmpty" computerName="DKSR-EFI-04" duration="00:00:00.0005959" startTime="2023-12-22T09:35:54.5538517+01:00" endTime="2023-12-22T09:35:54.5538517+01:00" testType="13cdc9d9-ddb5-4fa4-a97d-d965ccfc6d4b" outcome="Passed" testListId="8c84fa94-04c1-424b-9868-57a2d4851a1d" relativeResultsDirectory="5e163bf3-413d-4e5f-94ac-0df9db1b9f82" />
    <UnitTestResult executionId="17df4c5d-036c-4957-af23-85a39edcfa52" testId="b44cc6a8-6a9a-fd12-3fec-c22280c5d52b" testName="CreateSearchFilterEditControl_SinglePlugin_Success" computerName="DKSR-EFI-04" duration="00:00:00.1802343" startTime="2023-12-22T09:35:50.3975887+01:00" endTime="2023-12-22T09:35:50.5850744+01:00" testType="13cdc9d9-ddb5-4fa4-a97d-d965ccfc6d4b" outcome="Passed" testListId="8c84fa94-04c1-424b-9868-57a2d4851a1d" relativeResultsDirectory="17df4c5d-036c-4957-af23-85a39edcfa52" />
    <UnitTestResult executionId="19802fb6-0a8e-44bf-bb57-0dd40aff9338" testId="c3bd77bb-39a3-4c51-ccee-0dc4af1425a6" testName="Add_ShouldReplaceLastElement_WhenStartTimeOfLastIsSameAsAdded" computerName="DKSR-EFI-04" duration="00:00:00.0297024" startTime="2023-12-22T09:35:55.1788513+01:00" endTime="2023-12-22T09:35:55.2101015+01:00" testType="13cdc9d9-ddb5-4fa4-a97d-d965ccfc6d4b" outcome="Passed" testListId="8c84fa94-04c1-424b-9868-57a2d4851a1d" relativeResultsDirectory="19802fb6-0a8e-44bf-bb57-0dd40aff9338" />
    <UnitTestResult executionId="5e9e8c0c-35e9-4aae-8362-ffec77486ee7" testId="b7c2c022-5605-11c2-db09-3429d396f98d" testName="Parse_Double_Invalid" computerName="DKSR-EFI-04" duration="00:00:00.0006631" startTime="2023-12-22T09:35:51.1788287+01:00" endTime="2023-12-22T09:35:51.1788287+01:00" testType="13cdc9d9-ddb5-4fa4-a97d-d965ccfc6d4b" outcome="Passed" testListId="8c84fa94-04c1-424b-9868-57a2d4851a1d" relativeResultsDirectory="5e9e8c0c-35e9-4aae-8362-ffec77486ee7" />
    <UnitTestResult executionId="311df088-8478-45e6-8a3a-d6380b45d17b" testId="9551a8f2-f5be-a617-500a-980790ba8737" testName="IsValid_ShouldReturnTrue_WhenTypeHasValueAndLikelihoodIsBetweenZeroAndOne" computerName="DKSR-EFI-04" duration="00:00:00.0002495" startTime="2023-12-22T09:35:51.8038312+01:00" endTime="2023-12-22T09:35:51.8038312+01:00" testType="13cdc9d9-ddb5-4fa4-a97d-d965ccfc6d4b" outcome="Passed" testListId="8c84fa94-04c1-424b-9868-57a2d4851a1d" relativeResultsDirectory="311df088-8478-45e6-8a3a-d6380b45d17b" />
    <UnitTestResult executionId="9a6cd142-1327-4818-be52-9641b0f69011" testId="f429442b-db90-b095-7991-b9ca4c955f13" testName="GetNearest_ShouldReturnClosestElement_WhenTimestampIsInSmallCache" computerName="DKSR-EFI-04" duration="00:00:00.0004910" startTime="2023-12-22T09:35:54.6163483+01:00" endTime="2023-12-22T09:35:54.6163483+01:00" testType="13cdc9d9-ddb5-4fa4-a97d-d965ccfc6d4b" outcome="Passed" testListId="8c84fa94-04c1-424b-9868-57a2d4851a1d" relativeResultsDirectory="9a6cd142-1327-4818-be52-9641b0f69011" />
    <UnitTestResult executionId="4e8e992b-4fa2-4368-a535-d215ce464abf" testId="5c447ad0-5dd2-2fa2-d091-548bf019cae3" testName="IsValid_ShouldBeSetToTrue_WhenValidBoundingBoxAndCenterOfGravityIsMissing" computerName="DKSR-EFI-04" duration="00:00:00.0009395" startTime="2023-12-22T09:35:52.7257115+01:00" endTime="2023-12-22T09:35:52.7257115+01:00" testType="13cdc9d9-ddb5-4fa4-a97d-d965ccfc6d4b" outcome="Passed" testListId="8c84fa94-04c1-424b-9868-57a2d4851a1d" relativeResultsDirectory="4e8e992b-4fa2-4368-a535-d215ce464abf" />
    <UnitTestResult executionId="774515c7-fff6-4829-af06-5bf77e317980" testId="24f4c2d7-2c1a-d96f-02e1-f48f7d97bc91" testName="JsonObjectTest" computerName="DKSR-EFI-04" duration="00:00:00.0022338" startTime="2023-12-22T09:35:51.1163299+01:00" endTime="2023-12-22T09:35:51.1163299+01:00" testType="13cdc9d9-ddb5-4fa4-a97d-d965ccfc6d4b" outcome="Passed" testListId="8c84fa94-04c1-424b-9868-57a2d4851a1d" relativeResultsDirectory="774515c7-fff6-4829-af06-5bf77e317980" />
    <UnitTestResult executionId="f8e1e85f-7a2f-4b12-b825-ad172e7bddff" testId="3d26d7d8-7d79-9931-2127-8e5f6d15122c" testName="Construct5_And_Field_Check" computerName="DKSR-EFI-04" duration="00:00:00.0145345" startTime="2023-12-22T09:35:21.5224230+01:00" endTime="2023-12-22T09:35:21.5380479+01:00" testType="13cdc9d9-ddb5-4fa4-a97d-d965ccfc6d4b" outcome="Passed" testListId="8c84fa94-04c1-424b-9868-57a2d4851a1d" relativeResultsDirectory="f8e1e85f-7a2f-4b12-b825-ad172e7bddff" />
    <UnitTestResult executionId="8d45868f-f5fb-413a-abf7-f48abf796cc6" testId="c2b0fa30-6a46-612d-08bf-8da951ad3d1e" testName="ReadXml_ShouldLogWarningOnlyOnceWithinOneMinute_WhenBoundingBoxIsMissing" computerName="DKSR-EFI-04" duration="00:00:00.0015226" startTime="2023-12-22T09:35:52.7569638+01:00" endTime="2023-12-22T09:35:52.7725858+01:00" testType="13cdc9d9-ddb5-4fa4-a97d-d965ccfc6d4b" outcome="Passed" testListId="8c84fa94-04c1-424b-9868-57a2d4851a1d" relativeResultsDirectory="8d45868f-f5fb-413a-abf7-f48abf796cc6" />
    <UnitTestResult executionId="7f5c35c0-633f-4383-ae41-58873f83f422" testId="d30c0506-60c3-3624-baf0-3cabb1483786" testName="ServerId_ShouldNotReturnNull" computerName="DKSR-EFI-04" duration="00:00:00.0003675" startTime="2023-12-22T09:35:24.8505657+01:00" endTime="2023-12-22T09:35:24.8505657+01:00" testType="13cdc9d9-ddb5-4fa4-a97d-d965ccfc6d4b" outcome="Passed" testListId="8c84fa94-04c1-424b-9868-57a2d4851a1d" relativeResultsDirectory="7f5c35c0-633f-4383-ae41-58873f83f422" />
    <UnitTestResult executionId="9fb4507b-19de-4d2e-8ae6-50415e61a813" testId="a8ff7a29-8845-1919-c693-2698cf30e949" testName="GetPopulatedItems_NoChildren_NoChildrenAdded" computerName="DKSR-EFI-04" duration="00:00:00.0129962" startTime="2023-12-22T09:35:46.1319255+01:00" endTime="2023-12-22T09:35:46.1475509+01:00" testType="13cdc9d9-ddb5-4fa4-a97d-d965ccfc6d4b" outcome="Passed" testListId="8c84fa94-04c1-424b-9868-57a2d4851a1d" relativeResultsDirectory="9fb4507b-19de-4d2e-8ae6-50415e61a813" />
    <UnitTestResult executionId="793092fd-a491-469b-ad3d-acfea3f91262" testId="64de42c5-cf32-f94a-2ab2-81439a18d091" testName="GetColorFilterValues_NullCriteria_Throws" computerName="DKSR-EFI-04" duration="00:00:00.0011370" startTime="2023-12-22T09:35:50.9288272+01:00" endTime="2023-12-22T09:35:50.9288272+01:00" testType="13cdc9d9-ddb5-4fa4-a97d-d965ccfc6d4b" outcome="Passed" testListId="8c84fa94-04c1-424b-9868-57a2d4851a1d" relativeResultsDirectory="793092fd-a491-469b-ad3d-acfea3f91262" />
    <UnitTestResult executionId="c58bc19a-37a6-4031-b78f-15a31003130b" testId="477f61b0-5c9c-b3c6-17b8-c096885b5954" testName="ReadXml_ShouldSetAllFieldsToDefaultValues_WhenElementIsEmpty" computerName="DKSR-EFI-04" duration="00:00:00.0037183" startTime="2023-12-22T09:35:51.8038312+01:00" endTime="2023-12-22T09:35:51.8194578+01:00" testType="13cdc9d9-ddb5-4fa4-a97d-d965ccfc6d4b" outcome="Passed" testListId="8c84fa94-04c1-424b-9868-57a2d4851a1d" relativeResultsDirectory="c58bc19a-37a6-4031-b78f-15a31003130b" />
    <UnitTestResult executionId="691beb8b-1491-4b88-a77e-daf6ec5e4a3a" testId="868fab3c-659e-4c15-a10e-0b6912bfed13" testName="GetAtOrBefore_ShouldReturnEntryFromCache_WhenDataIsInCacheWithExactSameTime" computerName="DKSR-EFI-04" duration="00:00:00.0024814" startTime="2023-12-22T09:35:54.9444738+01:00" endTime="2023-12-22T09:35:54.9444738+01:00" testType="13cdc9d9-ddb5-4fa4-a97d-d965ccfc6d4b" outcome="Passed" testListId="8c84fa94-04c1-424b-9868-57a2d4851a1d" relativeResultsDirectory="691beb8b-1491-4b88-a77e-daf6ec5e4a3a" />
    <UnitTestResult executionId="b8acd28b-3eb9-432d-9f05-b25852d7fb4f" testId="32528e28-da07-7f33-5050-a43afc1898ef" testName="ReadXml_ShouldReadVersion_WhenVersionIsPresent" computerName="DKSR-EFI-04" duration="00:00:00.0003504" startTime="2023-12-22T09:35:52.4132099+01:00" endTime="2023-12-22T09:35:52.4132099+01:00" testType="13cdc9d9-ddb5-4fa4-a97d-d965ccfc6d4b" outcome="Passed" testListId="8c84fa94-04c1-424b-9868-57a2d4851a1d" relativeResultsDirectory="b8acd28b-3eb9-432d-9f05-b25852d7fb4f" />
    <UnitTestResult executionId="15a3a83b-341e-4b04-aefc-61efbfbbb8af" testId="8b5da03f-9577-2062-8111-d2b15e5a740d" testName="GetAtOrBefore_ShouldReturnNull_WhenToolkitReturnsResponseWithNullDataList" computerName="DKSR-EFI-04" duration="00:00:00.0019467" startTime="2023-12-22T09:35:54.9600994+01:00" endTime="2023-12-22T09:35:54.9600994+01:00" testType="13cdc9d9-ddb5-4fa4-a97d-d965ccfc6d4b" outcome="Passed" testListId="8c84fa94-04c1-424b-9868-57a2d4851a1d" relativeResultsDirectory="15a3a83b-341e-4b04-aefc-61efbfbbb8af" />
    <UnitTestResult executionId="601851e6-b4a8-4650-858b-35bf5157608d" testId="720ee8ed-0afb-0470-9fbb-161042f20ddf" testName="Encrypt_PropertyIsNotSet_EncryptIsFalse" computerName="DKSR-EFI-04" duration="00:00:00.0109051" startTime="2023-12-22T09:35:22.9130561+01:00" endTime="2023-12-22T09:35:22.9130561+01:00" testType="13cdc9d9-ddb5-4fa4-a97d-d965ccfc6d4b" outcome="Passed" testListId="8c84fa94-04c1-424b-9868-57a2d4851a1d" relativeResultsDirectory="601851e6-b4a8-4650-858b-35bf5157608d" />
    <UnitTestResult executionId="bf8bac6b-04c8-4d24-b422-1d7892e23392" testId="a298570a-a341-d8e8-abe3-7f25184c2524" testName="ParameterConstruct4_FieldValues_Checked" computerName="DKSR-EFI-04" duration="00:00:00.0037030" startTime="2023-12-22T09:35:20.9911698+01:00" endTime="2023-12-22T09:35:21.0067979+01:00" testType="13cdc9d9-ddb5-4fa4-a97d-d965ccfc6d4b" outcome="Passed" testListId="8c84fa94-04c1-424b-9868-57a2d4851a1d" relativeResultsDirectory="bf8bac6b-04c8-4d24-b422-1d7892e23392" />
    <UnitTestResult executionId="cb7430bd-4727-4a1b-9fe3-478369b6a87e" testId="31c80297-0b11-c824-d2b2-d7f2c10e7839" testName="GetAtOrBefore_ShouldReturnNull_WhenTimestampIsBeforeFirstElement" computerName="DKSR-EFI-04" duration="00:00:00.0004747" startTime="2023-12-22T09:35:54.6319722+01:00" endTime="2023-12-22T09:35:54.6319722+01:00" testType="13cdc9d9-ddb5-4fa4-a97d-d965ccfc6d4b" outcome="Passed" testListId="8c84fa94-04c1-424b-9868-57a2d4851a1d" relativeResultsDirectory="cb7430bd-4727-4a1b-9fe3-478369b6a87e" />
    <UnitTestResult executionId="7df26dcf-d28b-45ed-a38d-0bd1919d8530" testId="a4399397-799d-6dfc-9b5f-ebad40d25858" testName="MatchId_Success_SingleMessage" computerName="DKSR-EFI-04" duration="00:00:00.0012282" startTime="2023-12-22T09:35:52.9913379+01:00" endTime="2023-12-22T09:35:52.9913379+01:00" testType="13cdc9d9-ddb5-4fa4-a97d-d965ccfc6d4b" outcome="Passed" testListId="8c84fa94-04c1-424b-9868-57a2d4851a1d" relativeResultsDirectory="7df26dcf-d28b-45ed-a38d-0bd1919d8530" />
    <UnitTestResult executionId="373b977e-4ba1-4fa4-9e36-da229e0c68ad" testId="87624c9b-97b8-ed79-9d92-4a653ba64699" testName="Add_CacheItemExpires_ItemRemovedFromCacheAfterExpirationAndPostRemovalActionExecuted" computerName="DKSR-EFI-04" duration="00:00:00.5288322" startTime="2023-12-22T09:35:35.2724941+01:00" endTime="2023-12-22T09:35:35.7881303+01:00" testType="13cdc9d9-ddb5-4fa4-a97d-d965ccfc6d4b" outcome="Passed" testListId="8c84fa94-04c1-424b-9868-57a2d4851a1d" relativeResultsDirectory="373b977e-4ba1-4fa4-9e36-da229e0c68ad" />
    <UnitTestResult executionId="77517579-dd93-4289-9b3d-9bcc3fe5e65e" testId="a67dddae-fbaa-38ff-493a-4fb494200940" testName="Serialize_Camera_Checked" computerName="DKSR-EFI-04" duration="00:00:00.0006651" startTime="2023-12-22T09:35:21.0536720+01:00" endTime="2023-12-22T09:35:21.0536720+01:00" testType="13cdc9d9-ddb5-4fa4-a97d-d965ccfc6d4b" outcome="Passed" testListId="8c84fa94-04c1-424b-9868-57a2d4851a1d" relativeResultsDirectory="77517579-dd93-4289-9b3d-9bcc3fe5e65e" />
    <UnitTestResult executionId="f141859b-8591-473a-ad47-6153d27baef3" testId="67b41555-668e-a38b-443d-e1d215565a3e" testName="LicensesObjectId_ShouldNotChange" computerName="DKSR-EFI-04" duration="00:00:00.0019099" startTime="2023-12-22T09:35:53.9600943+01:00" endTime="2023-12-22T09:35:53.9600943+01:00" testType="13cdc9d9-ddb5-4fa4-a97d-d965ccfc6d4b" outcome="Passed" testListId="8c84fa94-04c1-424b-9868-57a2d4851a1d" relativeResultsDirectory="f141859b-8591-473a-ad47-6153d27baef3" />
    <UnitTestResult executionId="3f071fd0-76b4-4e2d-844c-d5bc6ee96085" testId="893df90f-4ad3-2688-f803-e533f67faf3b" testName="Encrypt_ShouldThrowMIPException_WhenCryptographicServiceProviderIsNotAvailable" computerName="DKSR-EFI-04" duration="00:00:00.0011607" startTime="2023-12-22T09:35:54.1163465+01:00" endTime="2023-12-22T09:35:54.1163465+01:00" testType="13cdc9d9-ddb5-4fa4-a97d-d965ccfc6d4b" outcome="Passed" testListId="8c84fa94-04c1-424b-9868-57a2d4851a1d" relativeResultsDirectory="3f071fd0-76b4-4e2d-844c-d5bc6ee96085" />
    <UnitTestResult executionId="952af62e-5c3a-46a6-8a53-81209c757093" testId="d70deda9-d414-d7bd-403c-5fb9de797fb3" testName="Enqueue_TwoProducers_Success" computerName="DKSR-EFI-04" duration="00:00:00.0139648" startTime="2023-12-22T09:35:35.1474959+01:00" endTime="2023-12-22T09:35:35.1474959+01:00" testType="13cdc9d9-ddb5-4fa4-a97d-d965ccfc6d4b" outcome="Passed" testListId="8c84fa94-04c1-424b-9868-57a2d4851a1d" relativeResultsDirectory="952af62e-5c3a-46a6-8a53-81209c757093" />
    <UnitTestResult executionId="c4162f31-65c7-48e9-8d47-51d21d6a0eac" testId="aa7cd316-bd03-8913-f5ff-bd80befd5e8b" testName="WriteXml_ShouldWriteTransformationElement_WhenTransformationIsNotNull" computerName="DKSR-EFI-04" duration="00:00:00.0008917" startTime="2023-12-22T09:35:52.1163350+01:00" endTime="2023-12-22T09:35:52.1163350+01:00" testType="13cdc9d9-ddb5-4fa4-a97d-d965ccfc6d4b" outcome="Passed" testListId="8c84fa94-04c1-424b-9868-57a2d4851a1d" relativeResultsDirectory="c4162f31-65c7-48e9-8d47-51d21d6a0eac" />
    <UnitTestResult executionId="280185a6-2ba7-4070-97b4-ffa14eb6d69a" testId="a0b09ab1-22b3-e8a0-7021-5f5ed2380424" testName="Equals_ShouldHaveValueSemantics_WhenAlways" computerName="DKSR-EFI-04" duration="00:00:00.0004962" startTime="2023-12-22T09:35:52.6944624+01:00" endTime="2023-12-22T09:35:52.6944624+01:00" testType="13cdc9d9-ddb5-4fa4-a97d-d965ccfc6d4b" outcome="Passed" testListId="8c84fa94-04c1-424b-9868-57a2d4851a1d" relativeResultsDirectory="280185a6-2ba7-4070-97b4-ffa14eb6d69a" />
    <UnitTestResult executionId="14222337-ecc0-4f10-8618-1336a33c7805" testId="3350d2b0-3312-d687-fc6c-5745c7811365" testName="Ctor_TwoStandardFilters_Success" computerName="DKSR-EFI-04" duration="00:00:00.0037494" startTime="2023-12-22T09:35:50.8194519+01:00" endTime="2023-12-22T09:35:50.8194519+01:00" testType="13cdc9d9-ddb5-4fa4-a97d-d965ccfc6d4b" outcome="Passed" testListId="8c84fa94-04c1-424b-9868-57a2d4851a1d" relativeResultsDirectory="14222337-ecc0-4f10-8618-1336a33c7805" />
    <UnitTestResult executionId="acf33bc8-c8bc-4d2a-abca-b0aff26a678e" testId="cc99ff3e-c755-1963-ff3d-70c3c6994b03" testName="GenerateDeviceCapabilityParameters_ShouldWriteName_WhenAlways" computerName="DKSR-EFI-04" duration="00:00:00.0011308" startTime="2023-12-22T09:35:54.6475974+01:00" endTime="2023-12-22T09:35:54.6475974+01:00" testType="13cdc9d9-ddb5-4fa4-a97d-d965ccfc6d4b" outcome="Passed" testListId="8c84fa94-04c1-424b-9868-57a2d4851a1d" relativeResultsDirectory="acf33bc8-c8bc-4d2a-abca-b0aff26a678e" />
    <UnitTestResult executionId="99e29eca-f80e-4cdb-b841-9a3971a36c53" testId="1567771f-c566-3ead-d24b-280817524d69" testName="ResolveIconSource_EnumValueShouldBeUnique_ForAllDefinedIcons" computerName="DKSR-EFI-04" duration="00:00:00.0128306" startTime="2023-12-22T09:35:47.3975603+01:00" endTime="2023-12-22T09:35:47.3975603+01:00" testType="13cdc9d9-ddb5-4fa4-a97d-d965ccfc6d4b" outcome="Passed" testListId="8c84fa94-04c1-424b-9868-57a2d4851a1d" relativeResultsDirectory="99e29eca-f80e-4cdb-b841-9a3971a36c53" />
    <UnitTestResult executionId="bf251389-b96a-494c-997c-9edc31c99f23" testId="e7a315f9-584b-e4f3-8469-ce4f80c3387c" testName="GenerateParameters_ShouldThrowInvalidOperationException_WhenThereAreMoreThanOneCameraDevice" computerName="DKSR-EFI-04" duration="00:00:00.0052171" startTime="2023-12-22T09:35:54.5069710+01:00" endTime="2023-12-22T09:35:54.5069710+01:00" testType="13cdc9d9-ddb5-4fa4-a97d-d965ccfc6d4b" outcome="Passed" testListId="8c84fa94-04c1-424b-9868-57a2d4851a1d" relativeResultsDirectory="bf251389-b96a-494c-997c-9edc31c99f23" />
    <UnitTestResult executionId="34ac8262-142a-48f9-a608-c06afb7c171b" testId="3827ef79-3081-082a-a862-859949cd62b9" testName="RemovePredicate_KeyNotPresent_DoesNothing" computerName="DKSR-EFI-04" duration="00:00:00.0004527" startTime="2023-12-22T09:35:35.8037480+01:00" endTime="2023-12-22T09:35:35.8037480+01:00" testType="13cdc9d9-ddb5-4fa4-a97d-d965ccfc6d4b" outcome="Passed" testListId="8c84fa94-04c1-424b-9868-57a2d4851a1d" relativeResultsDirectory="34ac8262-142a-48f9-a608-c06afb7c171b" />
    <UnitTestResult executionId="5cff2640-56cf-4798-9aca-b9dc23b9eddc" testId="6683524a-bfa3-259f-b1e9-51fd36596515" testName="GetBegin_ShouldThrowImplementationMipException_WhenSessionIsNotStarted" computerName="DKSR-EFI-04" duration="00:00:00.0014808" startTime="2023-12-22T09:35:54.7882240+01:00" endTime="2023-12-22T09:35:54.7882240+01:00" testType="13cdc9d9-ddb5-4fa4-a97d-d965ccfc6d4b" outcome="Passed" testListId="8c84fa94-04c1-424b-9868-57a2d4851a1d" relativeResultsDirectory="5cff2640-56cf-4798-9aca-b9dc23b9eddc" />
    <UnitTestResult executionId="bcc0cc67-d364-4791-b79f-f0016ccbc093" testId="af16c081-1118-4157-5e5a-823452565ccb" testName="ReadXml_ShouldReadMultipleObjects_WhenMultipleObjectsArePresent" computerName="DKSR-EFI-04" duration="00:00:00.0004651" startTime="2023-12-22T09:35:52.0850820+01:00" endTime="2023-12-22T09:35:52.0850820+01:00" testType="13cdc9d9-ddb5-4fa4-a97d-d965ccfc6d4b" outcome="Passed" testListId="8c84fa94-04c1-424b-9868-57a2d4851a1d" relativeResultsDirectory="bcc0cc67-d364-4791-b79f-f0016ccbc093" />
    <UnitTestResult executionId="e31e65f6-21da-4ae9-9fc0-6acc9df7cfa3" testId="c82ad357-66af-6f7d-49fa-5184f10411f5" testName="ReadXml_ShouldReadSpeed_WhenSpeedIsPresent" computerName="DKSR-EFI-04" duration="00:00:00.0002391" startTime="2023-12-22T09:35:52.4444617+01:00" endTime="2023-12-22T09:35:52.4444617+01:00" testType="13cdc9d9-ddb5-4fa4-a97d-d965ccfc6d4b" outcome="Passed" testListId="8c84fa94-04c1-424b-9868-57a2d4851a1d" relativeResultsDirectory="e31e65f6-21da-4ae9-9fc0-6acc9df7cfa3" />
    <UnitTestResult executionId="9c881e33-0413-45b1-aae5-2ba8c0754c2f" testId="1bdc0970-713b-d043-8222-8dccac91ab64" testName="CountByCounter_NotActivated_Missing" computerName="DKSR-EFI-04" duration="00:00:00.0005698" startTime="2023-12-22T09:35:54.1632511+01:00" endTime="2023-12-22T09:35:54.1632511+01:00" testType="13cdc9d9-ddb5-4fa4-a97d-d965ccfc6d4b" outcome="Passed" testListId="8c84fa94-04c1-424b-9868-57a2d4851a1d" relativeResultsDirectory="9c881e33-0413-45b1-aae5-2ba8c0754c2f" />
    <UnitTestResult executionId="82368e6b-5718-4c6a-b1b3-0da217f392f2" testId="788d8b0c-681e-eeab-fb16-541a413b2444" testName="GetNextDateTime_ShouldReturnDataEntityFromCacheWithoutCallingToolkit_WhenDataIsPresentInCache" computerName="DKSR-EFI-04" duration="00:00:00.0035706" startTime="2023-12-22T09:35:54.8507258+01:00" endTime="2023-12-22T09:35:54.8507258+01:00" testType="13cdc9d9-ddb5-4fa4-a97d-d965ccfc6d4b" outcome="Passed" testListId="8c84fa94-04c1-424b-9868-57a2d4851a1d" relativeResultsDirectory="82368e6b-5718-4c6a-b1b3-0da217f392f2" />
    <UnitTestResult executionId="5a87194e-7281-4d88-ae33-11bfa9562a84" testId="a64907b4-47a9-4e3a-b6b0-be37e2d164ea" testName="ReadXml_ShouldReadSizeAttribute_WhenPresent" computerName="DKSR-EFI-04" duration="00:00:00.0002901" startTime="2023-12-22T09:35:51.9600815+01:00" endTime="2023-12-22T09:35:51.9600815+01:00" testType="13cdc9d9-ddb5-4fa4-a97d-d965ccfc6d4b" outcome="Passed" testListId="8c84fa94-04c1-424b-9868-57a2d4851a1d" relativeResultsDirectory="5a87194e-7281-4d88-ae33-11bfa9562a84" />
    <UnitTestResult executionId="552e22de-90b6-4663-b559-b33fe123555c" testId="e5327567-16bb-a9ea-d8a4-bb9395ce3964" testName="Serialize_TestCases (TestParentTypeMatchStringNotThisTypeMatched)" computerName="DKSR-EFI-04" duration="00:00:00.0003001" startTime="2023-12-22T09:35:48.9600655+01:00" endTime="2023-12-22T09:35:48.9600655+01:00" testType="13cdc9d9-ddb5-4fa4-a97d-d965ccfc6d4b" outcome="Passed" testListId="8c84fa94-04c1-424b-9868-57a2d4851a1d" relativeResultsDirectory="552e22de-90b6-4663-b559-b33fe123555c" />
    <UnitTestResult executionId="f160b88f-c2e2-4ef5-ae1e-8b29173b8434" testId="d14f3865-eb3a-a806-eb3f-e6d1d870885d" testName="Append_Property_MIPItem_LowerCase" computerName="DKSR-EFI-04" duration="00:00:00.0001983" startTime="2023-12-22T09:35:51.0694511+01:00" endTime="2023-12-22T09:35:51.0694511+01:00" testType="13cdc9d9-ddb5-4fa4-a97d-d965ccfc6d4b" outcome="Passed" testListId="8c84fa94-04c1-424b-9868-57a2d4851a1d" relativeResultsDirectory="f160b88f-c2e2-4ef5-ae1e-8b29173b8434" />
    <UnitTestResult executionId="75297467-e832-44dc-9094-8d1f658c640d" testId="943fddae-0057-44db-535a-5540de1410f4" testName="ReadyToCloseEvent_AutoSelect_Thrown" computerName="DKSR-EFI-04" duration="00:00:00.0017801" startTime="2023-12-22T09:35:45.7412986+01:00" endTime="2023-12-22T09:35:45.7412986+01:00" testType="13cdc9d9-ddb5-4fa4-a97d-d965ccfc6d4b" outcome="Passed" testListId="8c84fa94-04c1-424b-9868-57a2d4851a1d" relativeResultsDirectory="75297467-e832-44dc-9094-8d1f658c640d" />
    <UnitTestResult executionId="608d9bd1-1ce2-41cd-9890-0b5bf3c191f3" testId="b79783b6-52a2-ffc5-2a1d-6b3307f25451" testName="IsValid_ShouldReturnFalse_WhenTypeIsWhitespace" computerName="DKSR-EFI-04" duration="00:00:00.0002559" startTime="2023-12-22T09:35:51.7882060+01:00" endTime="2023-12-22T09:35:51.7882060+01:00" testType="13cdc9d9-ddb5-4fa4-a97d-d965ccfc6d4b" outcome="Passed" testListId="8c84fa94-04c1-424b-9868-57a2d4851a1d" relativeResultsDirectory="608d9bd1-1ce2-41cd-9890-0b5bf3c191f3" />
    <UnitTestResult executionId="01d7b1da-41f2-4f60-855f-2e40552eed60" testId="251b347e-5118-6923-54c2-687fcb9f9027" testName="HasBehaviours_ShouldReturnTrue_WhenEitherIdleOrRemovedIsTrue" computerName="DKSR-EFI-04" duration="00:00:00.0039381" startTime="2023-12-22T09:35:51.7413302+01:00" endTime="2023-12-22T09:35:51.7413302+01:00" testType="13cdc9d9-ddb5-4fa4-a97d-d965ccfc6d4b" outcome="Passed" testListId="8c84fa94-04c1-424b-9868-57a2d4851a1d" relativeResultsDirectory="01d7b1da-41f2-4f60-855f-2e40552eed60" />
    <UnitTestResult executionId="dfc9a42a-d510-47df-996e-f3a42715f982" testId="aeeaebaf-8448-f122-1094-fc83a31ad89a" testName="GenerateTypeDefinintionParameters_ShouldWriteNumberOfCapabilities_WhenAlways" computerName="DKSR-EFI-04" duration="00:00:00.0007017" startTime="2023-12-22T09:35:55.0850988+01:00" endTime="2023-12-22T09:35:55.0850988+01:00" testType="13cdc9d9-ddb5-4fa4-a97d-d965ccfc6d4b" outcome="Passed" testListId="8c84fa94-04c1-424b-9868-57a2d4851a1d" relativeResultsDirectory="dfc9a42a-d510-47df-996e-f3a42715f982" />
    <UnitTestResult executionId="ceed8acc-a519-4c36-8766-11deeb00e889" testId="59316a3f-9716-d88f-df45-82d266fba22e" testName="Parse_blank" computerName="DKSR-EFI-04" duration="00:00:00.0002073" startTime="2023-12-22T09:35:51.1475789+01:00" endTime="2023-12-22T09:35:51.1475789+01:00" testType="13cdc9d9-ddb5-4fa4-a97d-d965ccfc6d4b" outcome="Passed" testListId="8c84fa94-04c1-424b-9868-57a2d4851a1d" relativeResultsDirectory="ceed8acc-a519-4c36-8766-11deeb00e889" />
    <UnitTestResult executionId="4ed3c4e1-9d7b-4595-9b0d-4caa30d931a5" testId="a7db9ed1-0e9f-4bd0-ac0b-3b36ddafd16e" testName="GetAtOrBefore_ShouldReturnCorrectElementInCache_WhenTimestampIsInMiddleOfCache" computerName="DKSR-EFI-04" duration="00:00:00.0004773" startTime="2023-12-22T09:35:54.6319722+01:00" endTime="2023-12-22T09:35:54.6319722+01:00" testType="13cdc9d9-ddb5-4fa4-a97d-d965ccfc6d4b" outcome="Passed" testListId="8c84fa94-04c1-424b-9868-57a2d4851a1d" relativeResultsDirectory="4ed3c4e1-9d7b-4595-9b0d-4caa30d931a5" />
    <UnitTestResult executionId="efacf227-d30b-4097-a3f6-a64d813ce3b8" testId="fcd4df18-362b-5413-023a-c55cb23032da" testName="Serialize_ShouldHandleCollectionFilter_WhenMatchingCollectionItemsTypeAndItMatchesOnlySubset" computerName="DKSR-EFI-04" duration="00:00:00.0006064" startTime="2023-12-22T09:35:49.2413195+01:00" endTime="2023-12-22T09:35:49.2413195+01:00" testType="13cdc9d9-ddb5-4fa4-a97d-d965ccfc6d4b" outcome="Passed" testListId="8c84fa94-04c1-424b-9868-57a2d4851a1d" relativeResultsDirectory="efacf227-d30b-4097-a3f6-a64d813ce3b8" />
    <UnitTestResult executionId="bd694cce-57b2-4917-abb4-d54376bdd1b9" testId="cd1d2fd6-a556-1869-618e-8799c1c10a94" testName="GetColorFilterValues_FilterValueMissing_ReturnsEmptyCollection" computerName="DKSR-EFI-04" duration="00:00:00.0003293" startTime="2023-12-22T09:35:50.9444530+01:00" endTime="2023-12-22T09:35:50.9444530+01:00" testType="13cdc9d9-ddb5-4fa4-a97d-d965ccfc6d4b" outcome="Passed" testListId="8c84fa94-04c1-424b-9868-57a2d4851a1d" relativeResultsDirectory="bd694cce-57b2-4917-abb4-d54376bdd1b9" />
    <UnitTestResult executionId="e15813bb-2de0-4f19-bf83-c0c1e27c57a2" testId="1ed595f1-e0b3-cd61-13ef-3cbf3778f159" testName="GetItem_LoginProvider_Success" computerName="DKSR-EFI-04" duration="00:00:00.0038332" startTime="2023-12-22T09:35:51.3507025+01:00" endTime="2023-12-22T09:35:51.3663295+01:00" testType="13cdc9d9-ddb5-4fa4-a97d-d965ccfc6d4b" outcome="Passed" testListId="8c84fa94-04c1-424b-9868-57a2d4851a1d" relativeResultsDirectory="e15813bb-2de0-4f19-bf83-c0c1e27c57a2" />
    <UnitTestResult executionId="94c74170-ced3-4c18-8487-829a47b80a44" testId="09b10f58-104f-c055-d17e-ad9f69c01172" testName="RegionSelectionFilterValue_Serialize_Success" computerName="DKSR-EFI-04" duration="00:00:00.0340307" startTime="2023-12-22T09:35:50.6944508+01:00" endTime="2023-12-22T09:35:50.7256993+01:00" testType="13cdc9d9-ddb5-4fa4-a97d-d965ccfc6d4b" outcome="Passed" testListId="8c84fa94-04c1-424b-9868-57a2d4851a1d" relativeResultsDirectory="94c74170-ced3-4c18-8487-829a47b80a44" />
    <UnitTestResult executionId="19a791de-46f4-4ce6-8493-40afaba3e1d4" testId="16af9e4d-1460-4181-5a4a-fd51a2b844f5" testName="Serialize_ShouldHandleRecursiveProperty" computerName="DKSR-EFI-04" duration="00:00:00.9081242" startTime="2023-12-22T09:35:47.6944343+01:00" endTime="2023-12-22T09:35:48.6006909+01:00" testType="13cdc9d9-ddb5-4fa4-a97d-d965ccfc6d4b" outcome="Passed" testListId="8c84fa94-04c1-424b-9868-57a2d4851a1d" relativeResultsDirectory="19a791de-46f4-4ce6-8493-40afaba3e1d4" />
    <UnitTestResult executionId="4e375634-ecc6-4396-9eb3-70de53a2aef2" testId="fcbb076d-21c9-d2c8-8141-56d340d67c02" testName="ReadXml_ShouldReadTransformation_WhenTransformationIsPresent" computerName="DKSR-EFI-04" duration="00:00:00.0003321" startTime="2023-12-22T09:35:52.0694560+01:00" endTime="2023-12-22T09:35:52.0694560+01:00" testType="13cdc9d9-ddb5-4fa4-a97d-d965ccfc6d4b" outcome="Passed" testListId="8c84fa94-04c1-424b-9868-57a2d4851a1d" relativeResultsDirectory="4e375634-ecc6-4396-9eb3-70de53a2aef2" />
    <UnitTestResult executionId="be317586-f6b7-468c-a400-7f419b11dae9" testId="5ce0e781-04f1-5244-6eeb-240f14509129" testName="GetEnd_ShouldReturnNull_WhenToolkitReturnsNull" computerName="DKSR-EFI-04" duration="00:00:00.0013681" startTime="2023-12-22T09:35:54.8351018+01:00" endTime="2023-12-22T09:35:54.8351018+01:00" testType="13cdc9d9-ddb5-4fa4-a97d-d965ccfc6d4b" outcome="Passed" testListId="8c84fa94-04c1-424b-9868-57a2d4851a1d" relativeResultsDirectory="be317586-f6b7-468c-a400-7f419b11dae9" />
    <UnitTestResult executionId="af03a19b-98b4-4ee8-a5c2-c56af077d32c" testId="541af543-8f89-e2a2-51fc-7ea5fad4d84e" testName="GetItem_ShouldReturnNull_WhenNotFound" computerName="DKSR-EFI-04" duration="00:00:00.0038751" startTime="2023-12-22T09:35:24.8505657+01:00" endTime="2023-12-22T09:35:24.8505657+01:00" testType="13cdc9d9-ddb5-4fa4-a97d-d965ccfc6d4b" outcome="Passed" testListId="8c84fa94-04c1-424b-9868-57a2d4851a1d" relativeResultsDirectory="af03a19b-98b4-4ee8-a5c2-c56af077d32c" />
    <UnitTestResult executionId="c57de3fa-35f5-4f1c-91c4-b076714ad95b" testId="668a7b7c-485c-e1be-eac6-0f37f9c5a345" testName="ProvideValue_ShouldUpdateTargetProperty_WhenDataContextDPValueChanges" computerName="DKSR-EFI-04" duration="00:00:00.0018200" startTime="2023-12-22T09:35:47.3819354+01:00" endTime="2023-12-22T09:35:47.3819354+01:00" testType="13cdc9d9-ddb5-4fa4-a97d-d965ccfc6d4b" outcome="Passed" testListId="8c84fa94-04c1-424b-9868-57a2d4851a1d" relativeResultsDirectory="c57de3fa-35f5-4f1c-91c4-b076714ad95b" />
    <UnitTestResult executionId="e377b152-994f-458b-bb80-d7936495c614" testId="e93f2b21-5e31-59e0-249b-2d22eb67c653" testName="Serialize_Deserialize_WithSpecialChars2" computerName="DKSR-EFI-04" duration="00:00:00.0108461" startTime="2023-12-22T09:35:22.6943034+01:00" endTime="2023-12-22T09:35:22.7099290+01:00" testType="13cdc9d9-ddb5-4fa4-a97d-d965ccfc6d4b" outcome="Passed" testListId="8c84fa94-04c1-424b-9868-57a2d4851a1d" relativeResultsDirectory="e377b152-994f-458b-bb80-d7936495c614" />
    <UnitTestResult executionId="49bde44a-f474-4e67-b63b-058b5ddff9c7" testId="93692a07-3a10-4489-765e-ef79d18cf4d4" testName="Equals_ShouldReturnTrue_WhenOnlyServerTypeIsDifferent" computerName="DKSR-EFI-04" duration="00:00:00.0761636" startTime="2023-12-22T09:35:23.1630555+01:00" endTime="2023-12-22T09:35:23.2255601+01:00" testType="13cdc9d9-ddb5-4fa4-a97d-d965ccfc6d4b" outcome="Passed" testListId="8c84fa94-04c1-424b-9868-57a2d4851a1d" relativeResultsDirectory="49bde44a-f474-4e67-b63b-058b5ddff9c7" />
    <UnitTestResult executionId="20f80a98-2a41-4015-9c7e-c5936c07f2be" testId="e5961fd2-e26a-dc01-53b6-9e6df31d3e56" testName="WriteMetadataXmlWithStrings_ShouldWriteDocumentHeading_WhenDataIsPresent" computerName="DKSR-EFI-04" duration="00:00:00.0001722" startTime="2023-12-22T09:35:52.2725845+01:00" endTime="2023-12-22T09:35:52.2725845+01:00" testType="13cdc9d9-ddb5-4fa4-a97d-d965ccfc6d4b" outcome="Passed" testListId="8c84fa94-04c1-424b-9868-57a2d4851a1d" relativeResultsDirectory="20f80a98-2a41-4015-9c7e-c5936c07f2be" />
    <UnitTestResult executionId="1aab720b-2691-4bab-9706-31734d17c1c8" testId="9e0f7694-4c12-cabb-5030-0f3a25dfbb2b" testName="WriteXml_ShouldWriteSizeAttribute_WhenPresent" computerName="DKSR-EFI-04" duration="00:00:00.0003721" startTime="2023-12-22T09:35:52.0069581+01:00" endTime="2023-12-22T09:35:52.0069581+01:00" testType="13cdc9d9-ddb5-4fa4-a97d-d965ccfc6d4b" outcome="Passed" testListId="8c84fa94-04c1-424b-9868-57a2d4851a1d" relativeResultsDirectory="1aab720b-2691-4bab-9706-31734d17c1c8" />
    <UnitTestResult executionId="dd2c1651-04ae-4325-92c5-a4bf241ee578" testId="bf5b2f00-facc-927a-e231-7629bc663203" testName="Serialize_TestCases (TestParentAllPrimitiveTypeMatchDoubleThisTypeMatched)" computerName="DKSR-EFI-04" duration="00:00:00.0003544" startTime="2023-12-22T09:35:49.1944450+01:00" endTime="2023-12-22T09:35:49.1944450+01:00" testType="13cdc9d9-ddb5-4fa4-a97d-d965ccfc6d4b" outcome="Passed" testListId="8c84fa94-04c1-424b-9868-57a2d4851a1d" relativeResultsDirectory="dd2c1651-04ae-4325-92c5-a4bf241ee578" />
    <UnitTestResult executionId="d1c60b16-be93-463d-8606-6a2478f641bc" testId="40f611b9-74bd-86c9-77cc-098126b9a943" testName="Convert_SingleArgumentConverter_ShouldReturnConvertedValue_WhenArgumentMatches" computerName="DKSR-EFI-04" duration="00:00:00.0041041" startTime="2023-12-22T09:35:46.5069272+01:00" endTime="2023-12-22T09:35:46.5069272+01:00" testType="13cdc9d9-ddb5-4fa4-a97d-d965ccfc6d4b" outcome="Passed" testListId="8c84fa94-04c1-424b-9868-57a2d4851a1d" relativeResultsDirectory="d1c60b16-be93-463d-8606-6a2478f641bc" />
    <UnitTestResult executionId="a5a70996-9095-4579-ba21-c9d58551bcdc" testId="3a4d61c6-1dc3-0bdf-c7d5-0384c8954cbd" testName="TestCreateSearchDefinition_WithFilterCategoryNotFound_Failure" computerName="DKSR-EFI-04" duration="00:00:00.0024559" startTime="2023-12-22T09:35:49.7725696+01:00" endTime="2023-12-22T09:35:49.7725696+01:00" testType="13cdc9d9-ddb5-4fa4-a97d-d965ccfc6d4b" outcome="Passed" testListId="8c84fa94-04c1-424b-9868-57a2d4851a1d" relativeResultsDirectory="a5a70996-9095-4579-ba21-c9d58551bcdc" />
    <UnitTestResult executionId="632b2cc3-f744-4cac-9b18-e33881663ebe" testId="8f3e0927-dc62-09dc-c947-424695b8bc40" testName="WriteXml_ShouldWriteBoundingBoxAppearanceElements_WhenTheyArePresent" computerName="DKSR-EFI-04" duration="00:00:00.0007673" startTime="2023-12-22T09:35:52.8194616+01:00" endTime="2023-12-22T09:35:52.8194616+01:00" testType="13cdc9d9-ddb5-4fa4-a97d-d965ccfc6d4b" outcome="Passed" testListId="8c84fa94-04c1-424b-9868-57a2d4851a1d" relativeResultsDirectory="632b2cc3-f744-4cac-9b18-e33881663ebe" />
    <UnitTestResult executionId="fc6d48a2-bdae-4b3d-8e66-b5d9ef2116a3" testId="f433ef44-22f0-31c9-303b-7dece7f9527e" testName="ParseMetadataXmlWithString_ShouldThrowXmlException_WhenXmlIsUnregonized" computerName="DKSR-EFI-04" duration="00:00:00.0010902" startTime="2023-12-22T09:35:52.1475838+01:00" endTime="2023-12-22T09:35:52.1632073+01:00" testType="13cdc9d9-ddb5-4fa4-a97d-d965ccfc6d4b" outcome="Passed" testListId="8c84fa94-04c1-424b-9868-57a2d4851a1d" relativeResultsDirectory="fc6d48a2-bdae-4b3d-8e66-b5d9ef2116a3" />
    <UnitTestResult executionId="a43b627a-9b12-4ad8-9813-54c49e51b8fc" testId="8315ca7a-a894-4faa-3758-d8c41ad7cc82" testName="Serialize_TestCases (TestParentTypeMatchObjectThisTypeNotMatchedProperty)" computerName="DKSR-EFI-04" duration="00:00:00.0007469" startTime="2023-12-22T09:35:49.0694439+01:00" endTime="2023-12-22T09:35:49.0850677+01:00" testType="13cdc9d9-ddb5-4fa4-a97d-d965ccfc6d4b" outcome="Passed" testListId="8c84fa94-04c1-424b-9868-57a2d4851a1d" relativeResultsDirectory="a43b627a-9b12-4ad8-9813-54c49e51b8fc" />
    <UnitTestResult executionId="a3f4c92f-88b3-4b84-8d51-b8d652fb6897" testId="a8162811-15bd-d3de-ec39-97d82066ae3d" testName="WriteXml_ShouldWriteBoldAttribute_WhenSet" computerName="DKSR-EFI-04" duration="00:00:00.0004104" startTime="2023-12-22T09:35:51.9913314+01:00" endTime="2023-12-22T09:35:51.9913314+01:00" testType="13cdc9d9-ddb5-4fa4-a97d-d965ccfc6d4b" outcome="Passed" testListId="8c84fa94-04c1-424b-9868-57a2d4851a1d" relativeResultsDirectory="a3f4c92f-88b3-4b84-8d51-b8d652fb6897" />
    <UnitTestResult executionId="f77f5084-53ce-4284-b5f5-0e6d6bd5f715" testId="414c5895-8dd8-94f9-72cb-0d89388d009c" testName="Serialize_TestCases (TestParentTypeMatchInterfaceNotThisTypeMatched)" computerName="DKSR-EFI-04" duration="00:00:00.0008463" startTime="2023-12-22T09:35:49.1319423+01:00" endTime="2023-12-22T09:35:49.1319423+01:00" testType="13cdc9d9-ddb5-4fa4-a97d-d965ccfc6d4b" outcome="Passed" testListId="8c84fa94-04c1-424b-9868-57a2d4851a1d" relativeResultsDirectory="f77f5084-53ce-4284-b5f5-0e6d6bd5f715" />
    <UnitTestResult executionId="ce3ca47d-0709-49f0-b02c-3e48676f48c5" testId="1eb1dc9e-0313-f642-c091-1fcc25a2d80c" testName="WriteXml_ShouldWriteTransformationContents_WhenTransformationIsNotNull" computerName="DKSR-EFI-04" duration="00:00:00.0011916" startTime="2023-12-22T09:35:51.7100799+01:00" endTime="2023-12-22T09:35:51.7100799+01:00" testType="13cdc9d9-ddb5-4fa4-a97d-d965ccfc6d4b" outcome="Passed" testListId="8c84fa94-04c1-424b-9868-57a2d4851a1d" relativeResultsDirectory="ce3ca47d-0709-49f0-b02c-3e48676f48c5" />
    <UnitTestResult executionId="70800089-b0b4-4368-ac30-8b4116d4e0b8" testId="ebbe7258-4b65-15e9-219f-9eb6e860514c" testName="Append_Property_Path" computerName="DKSR-EFI-04" duration="00:00:00.0059543" startTime="2023-12-22T09:35:51.0694511+01:00" endTime="2023-12-22T09:35:51.0850765+01:00" testType="13cdc9d9-ddb5-4fa4-a97d-d965ccfc6d4b" outcome="Passed" testListId="8c84fa94-04c1-424b-9868-57a2d4851a1d" relativeResultsDirectory="70800089-b0b4-4368-ac30-8b4116d4e0b8" />
    <UnitTestResult executionId="7aba2419-66cf-42f7-a395-9f12d3c4427b" testId="8084e41d-d0c2-8e1f-49b3-a67abb097eef" testName="ReadXml_ShouldSetAllPropertiesToZero_WhenElementIsEmpty" computerName="DKSR-EFI-04" duration="00:00:00.0014801" startTime="2023-12-22T09:35:52.8975858+01:00" endTime="2023-12-22T09:35:52.8975858+01:00" testType="13cdc9d9-ddb5-4fa4-a97d-d965ccfc6d4b" outcome="Passed" testListId="8c84fa94-04c1-424b-9868-57a2d4851a1d" relativeResultsDirectory="7aba2419-66cf-42f7-a395-9f12d3c4427b" />
    <UnitTestResult executionId="d27a2750-9297-483b-a819-5830b3c78f2d" testId="a64f7a70-ec8c-8ab6-7e45-ca9fa7e2c2a4" testName="ReadXml_ShouldIgnoreUnknownTypeChildren_WhenUnknownTypeChildrenArePresent" computerName="DKSR-EFI-04" duration="00:00:00.0024489" startTime="2023-12-22T09:35:51.8194578+01:00" endTime="2023-12-22T09:35:51.8194578+01:00" testType="13cdc9d9-ddb5-4fa4-a97d-d965ccfc6d4b" outcome="Passed" testListId="8c84fa94-04c1-424b-9868-57a2d4851a1d" relativeResultsDirectory="d27a2750-9297-483b-a819-5830b3c78f2d" />
    <UnitTestResult executionId="12a23643-c606-4276-ab31-1b9abdf794be" testId="c05e47c4-61d6-49b1-3d85-b74a1ff92020" testName="Serialize_TestCases (Verify root Bool property)" computerName="DKSR-EFI-04" duration="00:00:00.0013560" startTime="2023-12-22T09:35:48.8506906+01:00" endTime="2023-12-22T09:35:48.8663158+01:00" testType="13cdc9d9-ddb5-4fa4-a97d-d965ccfc6d4b" outcome="Passed" testListId="8c84fa94-04c1-424b-9868-57a2d4851a1d" relativeResultsDirectory="12a23643-c606-4276-ab31-1b9abdf794be" />
    <UnitTestResult executionId="22777778-3ff4-43ee-839e-2fb62fc5635f" testId="2c767513-d46b-25c9-8b79-070556151a0d" testName="Serialize_TestCases (TestParentTypeMatchObjectNotThisTypeNotMatchedProperty)" computerName="DKSR-EFI-04" duration="00:00:00.0007630" startTime="2023-12-22T09:35:49.0850677+01:00" endTime="2023-12-22T09:35:49.0850677+01:00" testType="13cdc9d9-ddb5-4fa4-a97d-d965ccfc6d4b" outcome="Passed" testListId="8c84fa94-04c1-424b-9868-57a2d4851a1d" relativeResultsDirectory="22777778-3ff4-43ee-839e-2fb62fc5635f" />
    <UnitTestResult executionId="d931c8f2-5be0-4e68-930f-1cf5e8b2312a" testId="805392f0-f3e7-2021-caac-8cfa4d85f84a" testName="ReadXml_ShouldReadItalicAttribute_WhenPresent" computerName="DKSR-EFI-04" duration="00:00:00.0002442" startTime="2023-12-22T09:35:51.9444583+01:00" endTime="2023-12-22T09:35:51.9444583+01:00" testType="13cdc9d9-ddb5-4fa4-a97d-d965ccfc6d4b" outcome="Passed" testListId="8c84fa94-04c1-424b-9868-57a2d4851a1d" relativeResultsDirectory="d931c8f2-5be0-4e68-930f-1cf5e8b2312a" />
    <UnitTestResult executionId="d2dc902b-ab11-4ef8-8f86-f32360eae973" testId="d6559df8-87d0-bb20-8032-f0a4e10719d7" testName="Add_ShouldInvokeCallback_WhenObservable" computerName="DKSR-EFI-04" duration="00:00:00.0017378" startTime="2023-12-22T09:35:46.7256788+01:00" endTime="2023-12-22T09:35:46.7256788+01:00" testType="13cdc9d9-ddb5-4fa4-a97d-d965ccfc6d4b" outcome="Passed" testListId="8c84fa94-04c1-424b-9868-57a2d4851a1d" relativeResultsDirectory="d2dc902b-ab11-4ef8-8f86-f32360eae973" />
    <UnitTestResult executionId="4ab101a6-a530-4eff-9943-e18cdf6fcafd" testId="c59043ee-e462-ae6f-68e0-aa6381ac3c86" testName="Remove_NullItem_DoesNotCrash" computerName="DKSR-EFI-04" duration="00:00:00.0001216" startTime="2023-12-22T09:35:35.2099955+01:00" endTime="2023-12-22T09:35:35.2099955+01:00" testType="13cdc9d9-ddb5-4fa4-a97d-d965ccfc6d4b" outcome="Passed" testListId="8c84fa94-04c1-424b-9868-57a2d4851a1d" relativeResultsDirectory="4ab101a6-a530-4eff-9943-e18cdf6fcafd" />
    <UnitTestResult executionId="e1980557-0c96-45da-b07d-c64779efd5d3" testId="32b5e401-b422-8929-2a74-c85e3600dd70" testName="Serialize_TestCases (TestParentTypeMatchDecimalThisTypeNotMatched)" computerName="DKSR-EFI-04" duration="00:00:00.0003683" startTime="2023-12-22T09:35:49.0069409+01:00" endTime="2023-12-22T09:35:49.0069409+01:00" testType="13cdc9d9-ddb5-4fa4-a97d-d965ccfc6d4b" outcome="Passed" testListId="8c84fa94-04c1-424b-9868-57a2d4851a1d" relativeResultsDirectory="e1980557-0c96-45da-b07d-c64779efd5d3" />
    <UnitTestResult executionId="35eabbad-28bd-484c-8b80-12f186774f3a" testId="30519e59-52c0-4abe-69e5-75fce80dd98b" testName="RegistrationsObjectId_ShouldNotChange" computerName="DKSR-EFI-04" duration="00:00:00.0003955" startTime="2023-12-22T09:35:53.9600943+01:00" endTime="2023-12-22T09:35:53.9600943+01:00" testType="13cdc9d9-ddb5-4fa4-a97d-d965ccfc6d4b" outcome="Passed" testListId="8c84fa94-04c1-424b-9868-57a2d4851a1d" relativeResultsDirectory="35eabbad-28bd-484c-8b80-12f186774f3a" />
    <UnitTestResult executionId="529db635-6359-4a3f-97db-0f1b52340fa0" testId="30e80c89-c117-83fc-53e9-5be5181f841c" testName="WriteXml_ShouldOmitElements_WhenTheyAreNull" computerName="DKSR-EFI-04" duration="00:00:00.0006130" startTime="2023-12-22T09:35:52.8819620+01:00" endTime="2023-12-22T09:35:52.8819620+01:00" testType="13cdc9d9-ddb5-4fa4-a97d-d965ccfc6d4b" outcome="Passed" testListId="8c84fa94-04c1-424b-9868-57a2d4851a1d" relativeResultsDirectory="529db635-6359-4a3f-97db-0f1b52340fa0" />
    <UnitTestResult executionId="5a04fc36-4599-4e1e-8617-5c7383bac2fe" testId="4cab5b13-e57d-d862-8721-f8c86a15bdbf" testName="GenerateDeviceCapabilityParameters_ShouldWriteResolution_WhenAlways" computerName="DKSR-EFI-04" duration="00:00:00.0004993" startTime="2023-12-22T09:35:54.4288485+01:00" endTime="2023-12-22T09:35:54.4288485+01:00" testType="13cdc9d9-ddb5-4fa4-a97d-d965ccfc6d4b" outcome="Passed" testListId="8c84fa94-04c1-424b-9868-57a2d4851a1d" relativeResultsDirectory="5a04fc36-4599-4e1e-8617-5c7383bac2fe" />
    <UnitTestResult executionId="9272e90d-094d-43a8-b237-adeeff257bc2" testId="79018515-d745-dd30-fc15-5ab9418fb22e" testName="TestStartSearch_MultipleSearchDifferentDefinitions_Success" computerName="DKSR-EFI-04" duration="00:00:00.0126614" startTime="2023-12-22T09:35:49.9604401+01:00" endTime="2023-12-22T09:35:49.9756969+01:00" testType="13cdc9d9-ddb5-4fa4-a97d-d965ccfc6d4b" outcome="Passed" testListId="8c84fa94-04c1-424b-9868-57a2d4851a1d" relativeResultsDirectory="9272e90d-094d-43a8-b237-adeeff257bc2" />
    <UnitTestResult executionId="d76e1af0-a532-466f-a50c-b6d6cd8df932" testId="5af855bd-1073-0abf-ad45-fc121c142707" testName="Convert_MultiArgumentConverter_ShouldReturnConvertedValue_WhenArgumentsMatch" computerName="DKSR-EFI-04" duration="00:00:00.0035709" startTime="2023-12-22T09:35:46.5225522+01:00" endTime="2023-12-22T09:35:46.5225522+01:00" testType="13cdc9d9-ddb5-4fa4-a97d-d965ccfc6d4b" outcome="Passed" testListId="8c84fa94-04c1-424b-9868-57a2d4851a1d" relativeResultsDirectory="d76e1af0-a532-466f-a50c-b6d6cd8df932" />
    <UnitTestResult executionId="35f55339-392f-4729-b9a5-65a177c57ad5" testId="804c2963-7737-e632-84f9-347e567fabca" testName="AddFilterValue_NonExistingValue_SecondValue_Success" computerName="DKSR-EFI-04" duration="00:00:00.0056719" startTime="2023-12-22T09:35:49.3975710+01:00" endTime="2023-12-22T09:35:49.4131942+01:00" testType="13cdc9d9-ddb5-4fa4-a97d-d965ccfc6d4b" outcome="Passed" testListId="8c84fa94-04c1-424b-9868-57a2d4851a1d" relativeResultsDirectory="35f55339-392f-4729-b9a5-65a177c57ad5" />
    <UnitTestResult executionId="55415466-03c3-4dac-8179-216ab88d7bdb" testId="8ae8a56f-860e-70a2-1edd-b4adad04ade1" testName="Serialize_TestCases (TestParentTypeMatchObjectNotThisTypeMatchedProperty)" computerName="DKSR-EFI-04" duration="00:00:00.0008334" startTime="2023-12-22T09:35:49.0850677+01:00" endTime="2023-12-22T09:35:49.0850677+01:00" testType="13cdc9d9-ddb5-4fa4-a97d-d965ccfc6d4b" outcome="Passed" testListId="8c84fa94-04c1-424b-9868-57a2d4851a1d" relativeResultsDirectory="55415466-03c3-4dac-8179-216ab88d7bdb" />
    <UnitTestResult executionId="6d76c4c8-05a6-4395-ae72-df9a0813b3ef" testId="96ff7aa1-841c-ccfd-6ea5-bb02ee21f492" testName="GetAtOrBefore_ShouldReturnNull_WhenToolkitReturnsNull" computerName="DKSR-EFI-04" duration="00:00:00.0021904" startTime="2023-12-22T09:35:54.9600994+01:00" endTime="2023-12-22T09:35:54.9600994+01:00" testType="13cdc9d9-ddb5-4fa4-a97d-d965ccfc6d4b" outcome="Passed" testListId="8c84fa94-04c1-424b-9868-57a2d4851a1d" relativeResultsDirectory="6d76c4c8-05a6-4395-ae72-df9a0813b3ef" />
    <UnitTestResult executionId="12d3cadd-aec7-499b-93df-49bcc48dc37f" testId="90272f82-6dbb-9ffb-b9a3-664aee5c00a3" testName="WriteXml_ShouldWriteDescriptionElement_WhenDescriptionIsNotNull" computerName="DKSR-EFI-04" duration="00:00:00.0026782" startTime="2023-12-22T09:35:51.7257047+01:00" endTime="2023-12-22T09:35:51.7257047+01:00" testType="13cdc9d9-ddb5-4fa4-a97d-d965ccfc6d4b" outcome="Passed" testListId="8c84fa94-04c1-424b-9868-57a2d4851a1d" relativeResultsDirectory="12d3cadd-aec7-499b-93df-49bcc48dc37f" />
    <UnitTestResult executionId="309da9fe-d672-4987-a2df-96035aff0b54" testId="9c3bf906-36ef-3f5d-6689-5fb9e3aa8d47" testName="Match_Fail_SystemType_WrongType_Single" computerName="DKSR-EFI-04" duration="00:00:00.0003928" startTime="2023-12-22T09:35:53.2100910+01:00" endTime="2023-12-22T09:35:53.2100910+01:00" testType="13cdc9d9-ddb5-4fa4-a97d-d965ccfc6d4b" outcome="Passed" testListId="8c84fa94-04c1-424b-9868-57a2d4851a1d" relativeResultsDirectory="309da9fe-d672-4987-a2df-96035aff0b54" />
    <UnitTestResult executionId="ce5b503f-1076-4203-8730-3677367ecb50" testId="af830802-23e2-0c4d-f3f5-18aa300eb661" testName="GetPreviousSequence_ShouldStoreToolkitResultInCache_WhenAlways" computerName="DKSR-EFI-04" duration="00:00:00.0045740" startTime="2023-12-22T09:35:55.0382268+01:00" endTime="2023-12-22T09:35:55.0538492+01:00" testType="13cdc9d9-ddb5-4fa4-a97d-d965ccfc6d4b" outcome="Passed" testListId="8c84fa94-04c1-424b-9868-57a2d4851a1d" relativeResultsDirectory="ce5b503f-1076-4203-8730-3677367ecb50" />
    <UnitTestResult executionId="f2649897-97c4-413c-a389-78d79f0afa99" testId="da9bdaf7-bb7b-c4ed-24c1-5ff24e912e57" testName="ReadXml_ShouldSetUtcTimeToMinimumDateTime_WhenUtcTimeAttributeIsPresentButNotParsable" computerName="DKSR-EFI-04" duration="00:00:00.0004548" startTime="2023-12-22T09:35:52.0382086+01:00" endTime="2023-12-22T09:35:52.0382086+01:00" testType="13cdc9d9-ddb5-4fa4-a97d-d965ccfc6d4b" outcome="Passed" testListId="8c84fa94-04c1-424b-9868-57a2d4851a1d" relativeResultsDirectory="f2649897-97c4-413c-a389-78d79f0afa99" />
    <UnitTestResult executionId="d061feed-e887-4394-962b-a9b1f7b5964b" testId="82a5b9a3-0552-89d0-c528-c8a8c76f5d9f" testName="IsEmptyValue_SelectionFilterValue_NoSelections_ReturnsTrue" computerName="DKSR-EFI-04" duration="00:00:00.0005712" startTime="2023-12-22T09:35:49.5538208+01:00" endTime="2023-12-22T09:35:49.5538208+01:00" testType="13cdc9d9-ddb5-4fa4-a97d-d965ccfc6d4b" outcome="Passed" testListId="8c84fa94-04c1-424b-9868-57a2d4851a1d" relativeResultsDirectory="d061feed-e887-4394-962b-a9b1f7b5964b" />
    <UnitTestResult executionId="acbb6b44-b477-486b-a59d-2ba2b8777804" testId="889d4bac-a87a-c9c2-145c-f024ddbd129b" testName="Serialize_ShouldThrowException_WhenPropertyIsSimpleTypeButPathContainsChildren (BoolProperty)" computerName="DKSR-EFI-04" duration="00:00:00.0004519" startTime="2023-12-22T09:35:48.7881891+01:00" endTime="2023-12-22T09:35:48.7881891+01:00" testType="13cdc9d9-ddb5-4fa4-a97d-d965ccfc6d4b" outcome="Passed" testListId="8c84fa94-04c1-424b-9868-57a2d4851a1d" relativeResultsDirectory="acbb6b44-b477-486b-a59d-2ba2b8777804" />
    <UnitTestResult executionId="01ec1be3-3ef1-4f76-81ac-567802e78b2a" testId="e8468c0c-a545-5d16-c11f-86ec8e232404" testName="IsValid_ShouldReturnFalse_WhenTypeIsEmpty" computerName="DKSR-EFI-04" duration="00:00:00.0003168" startTime="2023-12-22T09:35:51.7882060+01:00" endTime="2023-12-22T09:35:51.7882060+01:00" testType="13cdc9d9-ddb5-4fa4-a97d-d965ccfc6d4b" outcome="Passed" testListId="8c84fa94-04c1-424b-9868-57a2d4851a1d" relativeResultsDirectory="01ec1be3-3ef1-4f76-81ac-567802e78b2a" />
    <UnitTestResult executionId="2bd801a3-7e0c-452c-a604-ef3a2e292b63" testId="1482937b-f549-7dda-39ff-c1d0353b5bf2" testName="MD5Hex32_ShouldThrowArgumentNullException_WhenInputIsNull" computerName="DKSR-EFI-04" duration="00:00:00.0008425" startTime="2023-12-22T09:35:55.1007244+01:00" endTime="2023-12-22T09:35:55.1007244+01:00" testType="13cdc9d9-ddb5-4fa4-a97d-d965ccfc6d4b" outcome="Passed" testListId="8c84fa94-04c1-424b-9868-57a2d4851a1d" relativeResultsDirectory="2bd801a3-7e0c-452c-a604-ef3a2e292b63" />
    <UnitTestResult executionId="f139a552-41d8-492f-88fb-502e27286aac" testId="21e526f6-3a3a-f300-e830-472a0f6e7a82" testName="GenerateDeviceParameters_ShouldWriteCorrectCodec_WhenCodecIsNotZero" computerName="DKSR-EFI-04" duration="00:00:00.0122394" startTime="2023-12-22T09:35:54.3038450+01:00" endTime="2023-12-22T09:35:54.3194706+01:00" testType="13cdc9d9-ddb5-4fa4-a97d-d965ccfc6d4b" outcome="Passed" testListId="8c84fa94-04c1-424b-9868-57a2d4851a1d" relativeResultsDirectory="f139a552-41d8-492f-88fb-502e27286aac" />
    <UnitTestResult executionId="f781d29b-8bd4-4723-9128-482b7240e111" testId="dd9bb228-d729-118d-1416-75302d26e796" testName="GetNextDateTime_ShouldReturnFirstDataEntityFromSecondToolkitCall_WhenDateIsBeforeFirstCachedValue" computerName="DKSR-EFI-04" duration="00:00:00.0026970" startTime="2023-12-22T09:35:54.8663477+01:00" endTime="2023-12-22T09:35:54.8663477+01:00" testType="13cdc9d9-ddb5-4fa4-a97d-d965ccfc6d4b" outcome="Passed" testListId="8c84fa94-04c1-424b-9868-57a2d4851a1d" relativeResultsDirectory="f781d29b-8bd4-4723-9128-482b7240e111" />
    <UnitTestResult executionId="60d06957-cba6-48d2-8b08-6626890099c5" testId="b48b0061-7548-695a-aa72-eca672007f65" testName="ProvideValue_ShouldChangeContent_WhenItemDataPropertyNameChangesFromNullToValue" computerName="DKSR-EFI-04" duration="00:00:00.0020443" startTime="2023-12-22T09:35:47.3038083+01:00" endTime="2023-12-22T09:35:47.3038083+01:00" testType="13cdc9d9-ddb5-4fa4-a97d-d965ccfc6d4b" outcome="Passed" testListId="8c84fa94-04c1-424b-9868-57a2d4851a1d" relativeResultsDirectory="60d06957-cba6-48d2-8b08-6626890099c5" />
    <UnitTestResult executionId="068c64fa-39a3-49dd-b18a-7acebd8aa5e6" testId="e8ac92b2-fcd9-2dc0-f713-3c2cf3bb77c1" testName="GetPreviousDateTime_ShouldReturnLastDataEntityFromToolkit_WhenDataIsNotCached" computerName="DKSR-EFI-04" duration="00:00:00.0035694" startTime="2023-12-22T09:35:54.8819739+01:00" endTime="2023-12-22T09:35:54.8819739+01:00" testType="13cdc9d9-ddb5-4fa4-a97d-d965ccfc6d4b" outcome="Passed" testListId="8c84fa94-04c1-424b-9868-57a2d4851a1d" relativeResultsDirectory="068c64fa-39a3-49dd-b18a-7acebd8aa5e6" />
    <UnitTestResult executionId="e9aceac3-9cdd-4dba-ab0f-cc134870842e" testId="e58ef73c-b84c-961f-61e3-72952cd8cb8c" testName="CreateAlarmFromEvent_ShouldReturnProperAlarm_WhenArgumentIsAnalyticsEvent" computerName="DKSR-EFI-04" duration="00:00:00.0150519" startTime="2023-12-22T09:35:23.7568096+01:00" endTime="2023-12-22T09:35:23.7724357+01:00" testType="13cdc9d9-ddb5-4fa4-a97d-d965ccfc6d4b" outcome="Passed" testListId="8c84fa94-04c1-424b-9868-57a2d4851a1d" relativeResultsDirectory="e9aceac3-9cdd-4dba-ab0f-cc134870842e" />
    <UnitTestResult executionId="455e14fa-9a69-4def-a28f-9253467ae29e" testId="c15be519-b8fe-48e7-7703-7b1ac1a61e7f" testName="Unauthorized_Success" computerName="DKSR-EFI-04" duration="00:00:00.0023161" startTime="2023-12-22T09:35:51.5225792+01:00" endTime="2023-12-22T09:35:51.5225792+01:00" testType="13cdc9d9-ddb5-4fa4-a97d-d965ccfc6d4b" outcome="Passed" testListId="8c84fa94-04c1-424b-9868-57a2d4851a1d" relativeResultsDirectory="455e14fa-9a69-4def-a28f-9253467ae29e" />
    <UnitTestResult executionId="68e84f73-6b5b-4afc-b5db-faf9a343d21d" testId="6f2af74d-bdba-e05e-77aa-b08f726c1ddf" testName="ToJson_StringElement_Exception" computerName="DKSR-EFI-04" duration="00:00:00.0006726" startTime="2023-12-22T09:35:51.2413286+01:00" endTime="2023-12-22T09:35:51.2569538+01:00" testType="13cdc9d9-ddb5-4fa4-a97d-d965ccfc6d4b" outcome="Passed" testListId="8c84fa94-04c1-424b-9868-57a2d4851a1d" relativeResultsDirectory="68e84f73-6b5b-4afc-b5db-faf9a343d21d" />
    <UnitTestResult executionId="944e2406-ecad-4a9a-b6b4-cbe0c4933948" testId="eefcc86b-2e92-5256-d34c-9049a6da9154" testName="ReadXml_ShouldNotSetIsRemoved_WhenRemovedElementIsPresentWithWrongNamespace" computerName="DKSR-EFI-04" duration="00:00:00.0002167" startTime="2023-12-22T09:35:51.7569562+01:00" endTime="2023-12-22T09:35:51.7569562+01:00" testType="13cdc9d9-ddb5-4fa4-a97d-d965ccfc6d4b" outcome="Passed" testListId="8c84fa94-04c1-424b-9868-57a2d4851a1d" relativeResultsDirectory="944e2406-ecad-4a9a-b6b4-cbe0c4933948" />
    <UnitTestResult executionId="d5463059-4a11-4aa4-a837-89b03da6d19f" testId="74b12ceb-cf40-5593-824a-dd52f181db32" testName="Serialize_TestCases (Verify root Collection (not empty) property get property value)" computerName="DKSR-EFI-04" duration="00:00:00.0005525" startTime="2023-12-22T09:35:48.9131895+01:00" endTime="2023-12-22T09:35:48.9131895+01:00" testType="13cdc9d9-ddb5-4fa4-a97d-d965ccfc6d4b" outcome="Passed" testListId="8c84fa94-04c1-424b-9868-57a2d4851a1d" relativeResultsDirectory="d5463059-4a11-4aa4-a837-89b03da6d19f" />
    <UnitTestResult executionId="a57a14c2-bc89-4621-b312-adbb84d668da" testId="f1b429c9-236c-37a4-5790-ad48b8bcac95" testName="GetPreviousDateTime_ShouldReturnLastDataEntityFromSecondToolkitCall_WhenDateIsEqualOrBeforeLastCachedValue" computerName="DKSR-EFI-04" duration="00:00:00.0027357" startTime="2023-12-22T09:35:54.8819739+01:00" endTime="2023-12-22T09:35:54.8975966+01:00" testType="13cdc9d9-ddb5-4fa4-a97d-d965ccfc6d4b" outcome="Passed" testListId="8c84fa94-04c1-424b-9868-57a2d4851a1d" relativeResultsDirectory="a57a14c2-bc89-4621-b312-adbb84d668da" />
    <UnitTestResult executionId="4e355c03-7ffb-4a13-a067-7677ff65a429" testId="bd62b9df-9183-e39d-353c-d0a2ca44c2da" testName="Equals_IgnoreFolderType_Fail_OnKind" computerName="DKSR-EFI-04" duration="00:00:00.0004835" startTime="2023-12-22T09:35:21.1005469+01:00" endTime="2023-12-22T09:35:21.1005469+01:00" testType="13cdc9d9-ddb5-4fa4-a97d-d965ccfc6d4b" outcome="Passed" testListId="8c84fa94-04c1-424b-9868-57a2d4851a1d" relativeResultsDirectory="4e355c03-7ffb-4a13-a067-7677ff65a429" />
    <UnitTestResult executionId="7d01f6a2-51df-4cd9-ab7f-9962ef53d8a5" testId="b391819c-9b61-5619-1c97-a7d68c4b7e89" testName="ReadXml_ShouldSetAllFieldsToDefaultValues_WhenElementIsEmpty" computerName="DKSR-EFI-04" duration="00:00:00.0018101" startTime="2023-12-22T09:35:52.4757115+01:00" endTime="2023-12-22T09:35:52.4757115+01:00" testType="13cdc9d9-ddb5-4fa4-a97d-d965ccfc6d4b" outcome="Passed" testListId="8c84fa94-04c1-424b-9868-57a2d4851a1d" relativeResultsDirectory="7d01f6a2-51df-4cd9-ab7f-9962ef53d8a5" />
    <UnitTestResult executionId="2240a7e4-5e58-4b6e-9da0-2965f533e60c" testId="cc5dfcab-4777-b980-4145-e6c140db897c" testName="ReadXml_ShouldIgnoreUnknownChildren_WhenAlways" computerName="DKSR-EFI-04" duration="00:00:00.0017469" startTime="2023-12-22T09:35:51.7413302+01:00" endTime="2023-12-22T09:35:51.7413302+01:00" testType="13cdc9d9-ddb5-4fa4-a97d-d965ccfc6d4b" outcome="Passed" testListId="8c84fa94-04c1-424b-9868-57a2d4851a1d" relativeResultsDirectory="2240a7e4-5e58-4b6e-9da0-2965f533e60c" />
    <UnitTestResult executionId="51102ee8-60a8-4f97-abaa-ef9b83ca5710" testId="1e01348f-4956-9c30-5322-aed75f85144b" testName="GetGenderFilterValues_SingleSelection_Success" computerName="DKSR-EFI-04" duration="00:00:00.0078198" startTime="2023-12-22T09:35:50.8663265+01:00" endTime="2023-12-22T09:35:50.8819543+01:00" testType="13cdc9d9-ddb5-4fa4-a97d-d965ccfc6d4b" outcome="Passed" testListId="8c84fa94-04c1-424b-9868-57a2d4851a1d" relativeResultsDirectory="51102ee8-60a8-4f97-abaa-ef9b83ca5710" />
    <UnitTestResult executionId="d778e46d-adb3-4e7a-b56e-dd91358c5560" testId="90a2670f-70e3-342d-ffb1-12b2148b7041" testName="Append_Element_KeyBackSlashString" computerName="DKSR-EFI-04" duration="00:00:00.0001892" startTime="2023-12-22T09:35:51.0382009+01:00" endTime="2023-12-22T09:35:51.0382009+01:00" testType="13cdc9d9-ddb5-4fa4-a97d-d965ccfc6d4b" outcome="Passed" testListId="8c84fa94-04c1-424b-9868-57a2d4851a1d" relativeResultsDirectory="d778e46d-adb3-4e7a-b56e-dd91358c5560" />
    <UnitTestResult executionId="b1a2e4c0-89a9-4a89-8a2c-ef09eb661434" testId="9a98e390-44f3-131c-5fc0-966dedface8e" testName="ParseArgbString_ShouldThrowFormatException_WhenFormatIsIncorrect" computerName="DKSR-EFI-04" duration="00:00:00.0012135" startTime="2023-12-22T09:35:51.8976064+01:00" endTime="2023-12-22T09:35:51.8976064+01:00" testType="13cdc9d9-ddb5-4fa4-a97d-d965ccfc6d4b" outcome="Passed" testListId="8c84fa94-04c1-424b-9868-57a2d4851a1d" relativeResultsDirectory="b1a2e4c0-89a9-4a89-8a2c-ef09eb661434" />
    <UnitTestResult executionId="8663b2b6-0afa-4424-91ff-09e2639583b0" testId="c05a4d86-1b95-1726-01bd-7b1791261baa" testName="CountByCounter_Activated_Trial_Missing" computerName="DKSR-EFI-04" duration="00:00:00.0007726" startTime="2023-12-22T09:35:54.1788471+01:00" endTime="2023-12-22T09:35:54.1788471+01:00" testType="13cdc9d9-ddb5-4fa4-a97d-d965ccfc6d4b" outcome="Passed" testListId="8c84fa94-04c1-424b-9868-57a2d4851a1d" relativeResultsDirectory="8663b2b6-0afa-4424-91ff-09e2639583b0" />
    <UnitTestResult executionId="90715f66-d0f8-4d4f-8a27-a4243a565030" testId="88c7ce2e-851c-95ac-24f9-c8ee7cf94eac" testName="TestMultiLevelQueue_ShuttingDownResourceProcessorEdgeCase_Success" computerName="DKSR-EFI-04" duration="00:00:03.1170455" startTime="2023-12-22T09:35:38.1787675+01:00" endTime="2023-12-22T09:35:41.2881518+01:00" testType="13cdc9d9-ddb5-4fa4-a97d-d965ccfc6d4b" outcome="Passed" testListId="8c84fa94-04c1-424b-9868-57a2d4851a1d" relativeResultsDirectory="90715f66-d0f8-4d4f-8a27-a4243a565030" />
    <UnitTestResult executionId="7677003c-aa4b-42e2-ab05-4b9acbc13a1d" testId="6e4090e6-94bd-7c50-aeb3-2559b9307fcd" testName="Construct3_And_Field_Check" computerName="DKSR-EFI-04" duration="00:00:00.0159130" startTime="2023-12-22T09:35:21.3817986+01:00" endTime="2023-12-22T09:35:21.3974244+01:00" testType="13cdc9d9-ddb5-4fa4-a97d-d965ccfc6d4b" outcome="Passed" testListId="8c84fa94-04c1-424b-9868-57a2d4851a1d" relativeResultsDirectory="7677003c-aa4b-42e2-ab05-4b9acbc13a1d" />
    <UnitTestResult executionId="b07b3b72-ee47-489f-b295-7637a58fa45f" testId="ec6e182c-c60a-0650-a430-7ebc2fa1ec79" testName="ReadXml_ShouldLogWarningTwiceWhenMoreThanOneMinuteBetweenWarnings_WhenCenterOfGravityIsIncomplete" computerName="DKSR-EFI-04" duration="00:00:00.0021390" startTime="2023-12-22T09:35:52.7882136+01:00" endTime="2023-12-22T09:35:52.7882136+01:00" testType="13cdc9d9-ddb5-4fa4-a97d-d965ccfc6d4b" outcome="Passed" testListId="8c84fa94-04c1-424b-9868-57a2d4851a1d" relativeResultsDirectory="b07b3b72-ee47-489f-b295-7637a58fa45f" />
    <UnitTestResult executionId="1d618fc1-684a-4fcf-a2dd-a3acc7c3b705" testId="868cf503-fe08-eed0-d324-72014e5624ab" testName="CountByItems_NotActivated_Expired" computerName="DKSR-EFI-04" duration="00:00:00.0008952" startTime="2023-12-22T09:35:54.2100943+01:00" endTime="2023-12-22T09:35:54.2100943+01:00" testType="13cdc9d9-ddb5-4fa4-a97d-d965ccfc6d4b" outcome="Passed" testListId="8c84fa94-04c1-424b-9868-57a2d4851a1d" relativeResultsDirectory="1d618fc1-684a-4fcf-a2dd-a3acc7c3b705" />
    <UnitTestResult executionId="84d6e4b0-4970-4839-9247-79768033d81a" testId="de470450-f311-009d-203e-62ec8452adf9" testName="ReadXml_ShouldLogWarning_WhenRequiredAttributeIsMissing" computerName="DKSR-EFI-04" duration="00:00:00.0015090" startTime="2023-12-22T09:35:52.6944624+01:00" endTime="2023-12-22T09:35:52.6944624+01:00" testType="13cdc9d9-ddb5-4fa4-a97d-d965ccfc6d4b" outcome="Passed" testListId="8c84fa94-04c1-424b-9868-57a2d4851a1d" relativeResultsDirectory="84d6e4b0-4970-4839-9247-79768033d81a" />
    <UnitTestResult executionId="57f0012a-eaa9-41ff-a486-b26d23b8456d" testId="2b2cdfa0-61df-f232-7682-12c2c86c587b" testName="Equals_ShouldHaveValueSemantics_WhenAlways" computerName="DKSR-EFI-04" duration="00:00:00.0003836" startTime="2023-12-22T09:35:52.9444627+01:00" endTime="2023-12-22T09:35:52.9444627+01:00" testType="13cdc9d9-ddb5-4fa4-a97d-d965ccfc6d4b" outcome="Passed" testListId="8c84fa94-04c1-424b-9868-57a2d4851a1d" relativeResultsDirectory="57f0012a-eaa9-41ff-a486-b26d23b8456d" />
    <UnitTestResult executionId="221056dd-0adb-497c-883d-600e4e9088a7" testId="6a5b7ab3-aa94-4efe-2c3f-1fc918bed002" testName="ReadXml_ShouldReadTransformationContents_WhenTransformationIsPresent" computerName="DKSR-EFI-04" duration="00:00:00.0016480" startTime="2023-12-22T09:35:51.6319560+01:00" endTime="2023-12-22T09:35:51.6319560+01:00" testType="13cdc9d9-ddb5-4fa4-a97d-d965ccfc6d4b" outcome="Passed" testListId="8c84fa94-04c1-424b-9868-57a2d4851a1d" relativeResultsDirectory="221056dd-0adb-497c-883d-600e4e9088a7" />
    <UnitTestResult executionId="93690add-3fd7-491a-b1dc-3b98e5a456d4" testId="2d11d0f1-64a8-482c-f6c9-1576aff1fea5" testName="MipItem_IconSource_Has_Value" computerName="DKSR-EFI-04" duration="00:00:00.0029476" startTime="2023-12-22T09:35:45.7725483+01:00" endTime="2023-12-22T09:35:45.7725483+01:00" testType="13cdc9d9-ddb5-4fa4-a97d-d965ccfc6d4b" outcome="Passed" testListId="8c84fa94-04c1-424b-9868-57a2d4851a1d" relativeResultsDirectory="93690add-3fd7-491a-b1dc-3b98e5a456d4" />
    <UnitTestResult executionId="b510fb8f-47e4-41da-9915-c7bcb423031f" testId="21aacc52-5297-f44e-aad6-4de7a3bc1c17" testName="WriteXml_ShouldWriteScaleElement_WhenScaleIsNotNull" computerName="DKSR-EFI-04" duration="00:00:00.0006431" startTime="2023-12-22T09:35:52.8819620+01:00" endTime="2023-12-22T09:35:52.8819620+01:00" testType="13cdc9d9-ddb5-4fa4-a97d-d965ccfc6d4b" outcome="Passed" testListId="8c84fa94-04c1-424b-9868-57a2d4851a1d" relativeResultsDirectory="b510fb8f-47e4-41da-9915-c7bcb423031f" />
    <UnitTestResult executionId="19b0002d-531e-4c1c-b30e-1c2b1779731f" testId="0daed256-eb5b-ff97-e9ff-02ba280c96b0" testName="ReadXml_ShouldReadBoundingBoxAppearanceExtension_WhenBoundingBoxAppearanceExtensionIsPresent" computerName="DKSR-EFI-04" duration="00:00:00.0014691" startTime="2023-12-22T09:35:52.7569638+01:00" endTime="2023-12-22T09:35:52.7569638+01:00" testType="13cdc9d9-ddb5-4fa4-a97d-d965ccfc6d4b" outcome="Passed" testListId="8c84fa94-04c1-424b-9868-57a2d4851a1d" relativeResultsDirectory="19b0002d-531e-4c1c-b30e-1c2b1779731f" />
    <UnitTestResult executionId="dc4ab368-2e9a-4733-9eaf-b2897f8a8239" testId="ea0e0dc8-9c54-bf6a-2be9-fcc231898886" testName="ReadyToCloseEvent_CancelCommand_SingleSelect_Thrown" computerName="DKSR-EFI-04" duration="00:00:00.0008655" startTime="2023-12-22T09:35:45.7412986+01:00" endTime="2023-12-22T09:35:45.7412986+01:00" testType="13cdc9d9-ddb5-4fa4-a97d-d965ccfc6d4b" outcome="Passed" testListId="8c84fa94-04c1-424b-9868-57a2d4851a1d" relativeResultsDirectory="dc4ab368-2e9a-4733-9eaf-b2897f8a8239" />
    <UnitTestResult executionId="a10e3fd7-bf85-44e4-b4d0-f63b8eff8e80" testId="e752e0ff-bfc6-c186-6be7-f4690c294e87" testName="VerticalAccuracy_ShouldThrowArgumentOfRange_WhenValueIsOutsideAcceptedRange" computerName="DKSR-EFI-04" duration="00:00:00.0009762" startTime="2023-12-22T09:35:52.3975855+01:00" endTime="2023-12-22T09:35:52.3975855+01:00" testType="13cdc9d9-ddb5-4fa4-a97d-d965ccfc6d4b" outcome="Passed" testListId="8c84fa94-04c1-424b-9868-57a2d4851a1d" relativeResultsDirectory="a10e3fd7-bf85-44e4-b4d0-f63b8eff8e80" />
    <UnitTestResult executionId="e6067e98-85b3-423c-8cbc-33914e2d6fa6" testId="2983b511-4ca5-aad7-7122-726ddf02d399" testName="GetHashType_ShouldReturnSHA256_WhenInputIsSHA256" computerName="DKSR-EFI-04" duration="00:00:00.0002426" startTime="2023-12-22T09:35:55.1632367+01:00" endTime="2023-12-22T09:35:55.1632367+01:00" testType="13cdc9d9-ddb5-4fa4-a97d-d965ccfc6d4b" outcome="Passed" testListId="8c84fa94-04c1-424b-9868-57a2d4851a1d" relativeResultsDirectory="e6067e98-85b3-423c-8cbc-33914e2d6fa6" />
    <UnitTestResult executionId="44684421-5bbf-448c-a3e6-acaadb806fef" testId="d398ef55-2762-6fec-9ad2-1f14cb2a9d60" testName="ReadXml_ShouldSetAllPropertiesToZero_WhenElementIsEmpty" computerName="DKSR-EFI-04" duration="00:00:00.0097228" startTime="2023-12-22T09:35:51.9132083+01:00" endTime="2023-12-22T09:35:51.9288322+01:00" testType="13cdc9d9-ddb5-4fa4-a97d-d965ccfc6d4b" outcome="Passed" testListId="8c84fa94-04c1-424b-9868-57a2d4851a1d" relativeResultsDirectory="44684421-5bbf-448c-a3e6-acaadb806fef" />
    <UnitTestResult executionId="cbe64149-6900-4e81-8f31-cfd857774cd5" testId="09fedadb-5b36-4c66-a01b-eb732d278266" testName="GetExpectedToken_ShouldReturnNull_WhenInputTokenHashTypeIsNotSupported" computerName="DKSR-EFI-04" duration="00:00:00.0002089" startTime="2023-12-22T09:35:55.1319739+01:00" endTime="2023-12-22T09:35:55.1319739+01:00" testType="13cdc9d9-ddb5-4fa4-a97d-d965ccfc6d4b" outcome="Passed" testListId="8c84fa94-04c1-424b-9868-57a2d4851a1d" relativeResultsDirectory="cbe64149-6900-4e81-8f31-cfd857774cd5" />
    <UnitTestResult executionId="cd59abd8-aca8-409a-a179-41c2233ea2d4" testId="618c093b-a0b6-05a6-fc06-deebeffd4e3d" testName="GetClientAsync_NotStartsClient_WhenLoggedOut" computerName="DKSR-EFI-04" duration="00:00:00.0053843" startTime="2023-12-22T09:35:53.3038417+01:00" endTime="2023-12-22T09:35:53.3038417+01:00" testType="13cdc9d9-ddb5-4fa4-a97d-d965ccfc6d4b" outcome="Passed" testListId="8c84fa94-04c1-424b-9868-57a2d4851a1d" relativeResultsDirectory="cd59abd8-aca8-409a-a179-41c2233ea2d4" />
    <UnitTestResult executionId="1be6568f-a8d9-4640-a46d-3770a9eb7e37" testId="12453e35-9e6c-1895-86bb-d53b925cb8c9" testName="Equals_ShouldReturnTrue_WhenHostDifferOnlyByProtocol" computerName="DKSR-EFI-04" duration="00:00:00.0003980" startTime="2023-12-22T09:35:23.3036839+01:00" endTime="2023-12-22T09:35:23.3036839+01:00" testType="13cdc9d9-ddb5-4fa4-a97d-d965ccfc6d4b" outcome="Passed" testListId="8c84fa94-04c1-424b-9868-57a2d4851a1d" relativeResultsDirectory="1be6568f-a8d9-4640-a46d-3770a9eb7e37" />
    <UnitTestResult executionId="3c9a448a-9bb6-4aff-bf6b-a0e2a81d2f08" testId="7686eb08-d24a-c580-7754-5f201e5cc693" testName="GenerateTypeDefinintionParameters_ShouldWriteDisplayId_WhenAlways" computerName="DKSR-EFI-04" duration="00:00:00.0005052" startTime="2023-12-22T09:35:55.0850988+01:00" endTime="2023-12-22T09:35:55.0850988+01:00" testType="13cdc9d9-ddb5-4fa4-a97d-d965ccfc6d4b" outcome="Passed" testListId="8c84fa94-04c1-424b-9868-57a2d4851a1d" relativeResultsDirectory="3c9a448a-9bb6-4aff-bf6b-a0e2a81d2f08" />
    <UnitTestResult executionId="94d8971b-5da5-4bf0-a316-fcd3fae15c0a" testId="bdfc35c1-636f-aaf9-5506-e97d44bad92c" testName="Ctor_TwoStandardFiltersAndTwoCustomFilters_Success" computerName="DKSR-EFI-04" duration="00:00:00.0005157" startTime="2023-12-22T09:35:50.8350780+01:00" endTime="2023-12-22T09:35:50.8507018+01:00" testType="13cdc9d9-ddb5-4fa4-a97d-d965ccfc6d4b" outcome="Passed" testListId="8c84fa94-04c1-424b-9868-57a2d4851a1d" relativeResultsDirectory="94d8971b-5da5-4bf0-a316-fcd3fae15c0a" />
    <UnitTestResult executionId="cadb04e9-1435-436a-8322-e37962562645" testId="4bd213a5-298f-25c6-c1c0-a6bf89fe9c65" testName="ParameterConstruct1_FieldValues_Checked" computerName="DKSR-EFI-04" duration="00:00:00.0545229" startTime="2023-12-22T09:35:20.9286713+01:00" endTime="2023-12-22T09:35:20.9911698+01:00" testType="13cdc9d9-ddb5-4fa4-a97d-d965ccfc6d4b" outcome="Passed" testListId="8c84fa94-04c1-424b-9868-57a2d4851a1d" relativeResultsDirectory="cadb04e9-1435-436a-8322-e37962562645" />
    <UnitTestResult executionId="1dba69ba-3395-4bd4-9994-df378c346f95" testId="2575271e-e34f-00c6-8d80-4ebf0bf67d06" testName="ReadXml_ShouldReadAppearance_WhenAppearanceIsPresent" computerName="DKSR-EFI-04" duration="00:00:00.0002581" startTime="2023-12-22T09:35:52.5382106+01:00" endTime="2023-12-22T09:35:52.5382106+01:00" testType="13cdc9d9-ddb5-4fa4-a97d-d965ccfc6d4b" outcome="Passed" testListId="8c84fa94-04c1-424b-9868-57a2d4851a1d" relativeResultsDirectory="1dba69ba-3395-4bd4-9994-df378c346f95" />
    <UnitTestResult executionId="8aa3436d-4d58-4a51-ab41-4243edc3336a" testId="654a7cf9-90b9-03f9-bc66-64198ac9caf1" testName="Parse_MixedArray" computerName="DKSR-EFI-04" duration="00:00:00.0005732" startTime="2023-12-22T09:35:51.2257028+01:00" endTime="2023-12-22T09:35:51.2257028+01:00" testType="13cdc9d9-ddb5-4fa4-a97d-d965ccfc6d4b" outcome="Passed" testListId="8c84fa94-04c1-424b-9868-57a2d4851a1d" relativeResultsDirectory="8aa3436d-4d58-4a51-ab41-4243edc3336a" />
    <UnitTestResult executionId="d347bb7f-cea0-4737-96a8-a6b9cdccc37d" testId="7fb5739f-7a0e-9d63-4cc0-4564c77d7249" testName="Add_NullValue_Success" computerName="DKSR-EFI-04" duration="00:00:00.0002049" startTime="2023-12-22T09:35:35.2412464+01:00" endTime="2023-12-22T09:35:35.2412464+01:00" testType="13cdc9d9-ddb5-4fa4-a97d-d965ccfc6d4b" outcome="Passed" testListId="8c84fa94-04c1-424b-9868-57a2d4851a1d" relativeResultsDirectory="d347bb7f-cea0-4737-96a8-a6b9cdccc37d" />
    <UnitTestResult executionId="2af7a1b7-2c68-4501-a0e8-3125aaee8f09" testId="7e481df7-029e-9d77-33ba-d4462cdb83bc" testName="Peek_EmptyQueue_ReturnsNull" computerName="DKSR-EFI-04" duration="00:00:00.0015221" startTime="2023-12-22T09:35:35.1943731+01:00" endTime="2023-12-22T09:35:35.2099955+01:00" testType="13cdc9d9-ddb5-4fa4-a97d-d965ccfc6d4b" outcome="Passed" testListId="8c84fa94-04c1-424b-9868-57a2d4851a1d" relativeResultsDirectory="2af7a1b7-2c68-4501-a0e8-3125aaee8f09" />
    <UnitTestResult executionId="ae7751d5-dbb1-49a4-aba7-79308ad5fefe" testId="a85a1362-1754-70cf-33fa-4ae7e0463bc7" testName="ReadXml_ShouldIgnoreClassCandidate_WhenClassCandidateIsPresenWithWrongNamespace" computerName="DKSR-EFI-04" duration="00:00:00.0003339" startTime="2023-12-22T09:35:52.4913367+01:00" endTime="2023-12-22T09:35:52.4913367+01:00" testType="13cdc9d9-ddb5-4fa4-a97d-d965ccfc6d4b" outcome="Passed" testListId="8c84fa94-04c1-424b-9868-57a2d4851a1d" relativeResultsDirectory="ae7751d5-dbb1-49a4-aba7-79308ad5fefe" />
    <UnitTestResult executionId="a91ebd88-a3ea-4a38-a749-b1211f47c4b2" testId="43fa12a9-d1b1-aa83-498c-58e3064824e3" testName="ReadXml_ShouldReadFontFamilyAttribute_WhenPresent" computerName="DKSR-EFI-04" duration="00:00:00.0003146" startTime="2023-12-22T09:35:51.9600815+01:00" endTime="2023-12-22T09:35:51.9600815+01:00" testType="13cdc9d9-ddb5-4fa4-a97d-d965ccfc6d4b" outcome="Passed" testListId="8c84fa94-04c1-424b-9868-57a2d4851a1d" relativeResultsDirectory="a91ebd88-a3ea-4a38-a749-b1211f47c4b2" />
    <UnitTestResult executionId="60afe9be-ef2c-4b24-b97f-f2ca8768fb08" testId="5c99a102-e3d2-3ea7-d358-687ae3a56806" testName="Hash_Check" computerName="DKSR-EFI-04" duration="00:00:00.0005509" startTime="2023-12-22T09:35:53.2257139+01:00" endTime="2023-12-22T09:35:53.2257139+01:00" testType="13cdc9d9-ddb5-4fa4-a97d-d965ccfc6d4b" outcome="Passed" testListId="8c84fa94-04c1-424b-9868-57a2d4851a1d" relativeResultsDirectory="60afe9be-ef2c-4b24-b97f-f2ca8768fb08" />
    <UnitTestResult executionId="7d5f22c4-96f9-4e9e-88fa-9811f20a251b" testId="dac52339-d9a8-d082-49c1-4cb11ce915ee" testName="Flush_OtherKIndShouldNotImpack" computerName="DKSR-EFI-04" duration="00:00:00.0004054" startTime="2023-12-22T09:35:24.9599420+01:00" endTime="2023-12-22T09:35:24.9599420+01:00" testType="13cdc9d9-ddb5-4fa4-a97d-d965ccfc6d4b" outcome="Passed" testListId="8c84fa94-04c1-424b-9868-57a2d4851a1d" relativeResultsDirectory="7d5f22c4-96f9-4e9e-88fa-9811f20a251b" />
    <UnitTestResult executionId="1bd36b30-69a3-4bf6-9230-744e471ff297" testId="3d1a6672-4657-c0b5-09b7-40d121d78ad6" testName="TestSearchFilterCategories_WithOneAgentThrowingException_Success" computerName="DKSR-EFI-04" duration="00:00:00.0192306" startTime="2023-12-22T09:35:49.7100679+01:00" endTime="2023-12-22T09:35:49.7413204+01:00" testType="13cdc9d9-ddb5-4fa4-a97d-d965ccfc6d4b" outcome="Passed" testListId="8c84fa94-04c1-424b-9868-57a2d4851a1d" relativeResultsDirectory="1bd36b30-69a3-4bf6-9230-744e471ff297" />
    <UnitTestResult executionId="db223012-f299-4744-8bb2-d3d39b003314" testId="96d51fc2-2cbe-e312-cc7e-6899f3431cc7" testName="ReadXml_ShouldLogWarningOnlyOnceWithinOneMinute_WhenRequiredAttributeIsMissing" computerName="DKSR-EFI-04" duration="00:00:00.0011085" startTime="2023-12-22T09:35:52.0538359+01:00" endTime="2023-12-22T09:35:52.0538359+01:00" testType="13cdc9d9-ddb5-4fa4-a97d-d965ccfc6d4b" outcome="Passed" testListId="8c84fa94-04c1-424b-9868-57a2d4851a1d" relativeResultsDirectory="db223012-f299-4744-8bb2-d3d39b003314" />
    <UnitTestResult executionId="ae7b3a05-3d47-4b5f-8d26-3506e09f9e31" testId="4b5c9b24-d906-a00f-3905-ed5f0c9f240a" testName="ReadXml_ShouldIgnoreTransformation_WhenTransformationIsPresenWithWrongNamespace" computerName="DKSR-EFI-04" duration="00:00:00.0003199" startTime="2023-12-22T09:35:51.6475803+01:00" endTime="2023-12-22T09:35:51.6475803+01:00" testType="13cdc9d9-ddb5-4fa4-a97d-d965ccfc6d4b" outcome="Passed" testListId="8c84fa94-04c1-424b-9868-57a2d4851a1d" relativeResultsDirectory="ae7b3a05-3d47-4b5f-8d26-3506e09f9e31" />
    <UnitTestResult executionId="108e55b5-16d9-46db-9247-228121648f5e" testId="36835451-4db1-a03e-109f-0d92dfb22aba" testName="Append_OptionKeyString_Escaped" computerName="DKSR-EFI-04" duration="00:00:00.0135970" startTime="2023-12-22T09:35:51.0382009+01:00" endTime="2023-12-22T09:35:51.0538262+01:00" testType="13cdc9d9-ddb5-4fa4-a97d-d965ccfc6d4b" outcome="Passed" testListId="8c84fa94-04c1-424b-9868-57a2d4851a1d" relativeResultsDirectory="108e55b5-16d9-46db-9247-228121648f5e" />
    <UnitTestResult executionId="2cfbf5ca-ef10-4949-8ce2-389849ca6e96" testId="1236ba87-a4f6-ba2a-15ac-ff768f66c54a" testName="Read_and_build_Success" computerName="DKSR-EFI-04" duration="00:00:00.0023149" startTime="2023-12-22T09:35:51.1007039+01:00" endTime="2023-12-22T09:35:51.1163299+01:00" testType="13cdc9d9-ddb5-4fa4-a97d-d965ccfc6d4b" outcome="Passed" testListId="8c84fa94-04c1-424b-9868-57a2d4851a1d" relativeResultsDirectory="2cfbf5ca-ef10-4949-8ce2-389849ca6e96" />
    <UnitTestResult executionId="a89a7abe-dd30-42a3-882a-6aa1e32bbc97" testId="07804473-e40a-283c-1bf0-1e8f6fcff5c4" testName="Ctor_WhitespaceName_Throws" computerName="DKSR-EFI-04" duration="00:00:00.0005604" startTime="2023-12-22T09:35:50.8194519+01:00" endTime="2023-12-22T09:35:50.8194519+01:00" testType="13cdc9d9-ddb5-4fa4-a97d-d965ccfc6d4b" outcome="Passed" testListId="8c84fa94-04c1-424b-9868-57a2d4851a1d" relativeResultsDirectory="a89a7abe-dd30-42a3-882a-6aa1e32bbc97" />
    <UnitTestResult executionId="89b77d5d-2153-4b18-913c-a29c19d63d13" testId="21519acc-d56e-4959-c4c3-f48c7006fe27" testName="ReadXml_ShouldReadShape_WhenShapeIsPresent" computerName="DKSR-EFI-04" duration="00:00:00.0537406" startTime="2023-12-22T09:35:51.5694569+01:00" endTime="2023-12-22T09:35:51.6163316+01:00" testType="13cdc9d9-ddb5-4fa4-a97d-d965ccfc6d4b" outcome="Passed" testListId="8c84fa94-04c1-424b-9868-57a2d4851a1d" relativeResultsDirectory="89b77d5d-2153-4b18-913c-a29c19d63d13" />
    <UnitTestResult executionId="1ea3be0d-391f-4880-a473-2e6866b2cb8c" testId="7f5e70aa-3433-9bd7-8428-635b93dfaeb5" testName="Serialize_TestCases (TestParentTypeMatchBoolNotThisTypeNotMatched)" computerName="DKSR-EFI-04" duration="00:00:00.0004503" startTime="2023-12-22T09:35:48.9756894+01:00" endTime="2023-12-22T09:35:48.9756894+01:00" testType="13cdc9d9-ddb5-4fa4-a97d-d965ccfc6d4b" outcome="Passed" testListId="8c84fa94-04c1-424b-9868-57a2d4851a1d" relativeResultsDirectory="1ea3be0d-391f-4880-a473-2e6866b2cb8c" />
    <UnitTestResult executionId="8ee0a033-35a8-40fe-ba44-9dc5a43446a1" testId="0b769e09-4f15-c038-2979-f712635df491" testName="GetNextDateTime_ShouldReturnFirstDataEntityFromSecondToolkitCall_WhenDateIsEqualOrAfterLastCachedValue" computerName="DKSR-EFI-04" duration="00:00:00.0076126" startTime="2023-12-22T09:35:54.8663477+01:00" endTime="2023-12-22T09:35:54.8663477+01:00" testType="13cdc9d9-ddb5-4fa4-a97d-d965ccfc6d4b" outcome="Passed" testListId="8c84fa94-04c1-424b-9868-57a2d4851a1d" relativeResultsDirectory="8ee0a033-35a8-40fe-ba44-9dc5a43446a1" />
    <UnitTestResult executionId="07375671-8c75-4e8e-a874-a2b2624716a8" testId="fd660d88-e617-79d3-f7ee-c5b3a97b4585" testName="GetMetadataObjectIdsAsync_FirstInvocationCancelled_DelegatedToInternalMethodOnce" computerName="DKSR-EFI-04" duration="00:00:00.0013968" startTime="2023-12-22T09:35:50.1319477+01:00" endTime="2023-12-22T09:35:50.1319477+01:00" testType="13cdc9d9-ddb5-4fa4-a97d-d965ccfc6d4b" outcome="Passed" testListId="8c84fa94-04c1-424b-9868-57a2d4851a1d" relativeResultsDirectory="07375671-8c75-4e8e-a874-a2b2624716a8" />
    <UnitTestResult executionId="29b24673-fef0-4cbb-b86b-baf74586e5eb" testId="139930e6-1293-1333-f3aa-a935221ee7d5" testName="CollectionReplaced_ShouldInvokeCallback_WhenObservable" computerName="DKSR-EFI-04" duration="00:00:00.0017263" startTime="2023-12-22T09:35:46.7100524+01:00" endTime="2023-12-22T09:35:46.7100524+01:00" testType="13cdc9d9-ddb5-4fa4-a97d-d965ccfc6d4b" outcome="Passed" testListId="8c84fa94-04c1-424b-9868-57a2d4851a1d" relativeResultsDirectory="29b24673-fef0-4cbb-b86b-baf74586e5eb" />
    <UnitTestResult executionId="f10ba876-ca23-4514-9ebb-9118df6ddc2b" testId="0c1e1d3a-ed1f-c93a-037d-77d586b8b565" testName="AppendItemPicked_SingleSelect" computerName="DKSR-EFI-04" duration="00:00:00.0006078" startTime="2023-12-22T09:35:45.6944242+01:00" endTime="2023-12-22T09:35:45.6944242+01:00" testType="13cdc9d9-ddb5-4fa4-a97d-d965ccfc6d4b" outcome="Passed" testListId="8c84fa94-04c1-424b-9868-57a2d4851a1d" relativeResultsDirectory="f10ba876-ca23-4514-9ebb-9118df6ddc2b" />
    <UnitTestResult executionId="23dbf374-47ef-492c-9540-7ee4564007b0" testId="ea4cc4d0-6ac5-366c-ac2d-a5c2c9cb07e6" testName="HasExtensionDataPresent_ShouldReturnTrue_WhenLineDisplayPixelThicknessIsSet" computerName="DKSR-EFI-04" duration="00:00:00.0002858" startTime="2023-12-22T09:35:52.5850871+01:00" endTime="2023-12-22T09:35:52.5850871+01:00" testType="13cdc9d9-ddb5-4fa4-a97d-d965ccfc6d4b" outcome="Passed" testListId="8c84fa94-04c1-424b-9868-57a2d4851a1d" relativeResultsDirectory="23dbf374-47ef-492c-9540-7ee4564007b0" />
    <UnitTestResult executionId="8fe1968c-6415-48b0-86ff-e35f28da70d7" testId="d899ee47-abaf-a792-651a-fda6e7e8076a" testName="Serialize_TestCases (TestParentCollectionNotEmptyListNotMatchedProperty)" computerName="DKSR-EFI-04" duration="00:00:00.0003979" startTime="2023-12-22T09:35:49.2100670+01:00" endTime="2023-12-22T09:35:49.2100670+01:00" testType="13cdc9d9-ddb5-4fa4-a97d-d965ccfc6d4b" outcome="Passed" testListId="8c84fa94-04c1-424b-9868-57a2d4851a1d" relativeResultsDirectory="8fe1968c-6415-48b0-86ff-e35f28da70d7" />
    <UnitTestResult executionId="d718157f-5701-4c2e-a52f-656de6191daf" testId="60300bdb-ae50-3bc0-5350-bcb4f9396c0e" testName="Serialize_TestCases (TestParentTypeMatchGenericThisTypeNotMatched)" computerName="DKSR-EFI-04" duration="00:00:00.0033605" startTime="2023-12-22T09:35:49.1475677+01:00" endTime="2023-12-22T09:35:49.1631946+01:00" testType="13cdc9d9-ddb5-4fa4-a97d-d965ccfc6d4b" outcome="Passed" testListId="8c84fa94-04c1-424b-9868-57a2d4851a1d" relativeResultsDirectory="d718157f-5701-4c2e-a52f-656de6191daf" />
    <UnitTestResult executionId="bae1e449-00c7-4a0f-9c72-c0c8a45d2646" testId="a161a748-55e5-1a5b-e899-d06d498d802c" testName="ConstructorRgb_ShouldReturnCorrectRgbValues_Always" computerName="DKSR-EFI-04" duration="00:00:00.0004781" startTime="2023-12-22T09:35:51.8976064+01:00" endTime="2023-12-22T09:35:51.8976064+01:00" testType="13cdc9d9-ddb5-4fa4-a97d-d965ccfc6d4b" outcome="Passed" testListId="8c84fa94-04c1-424b-9868-57a2d4851a1d" relativeResultsDirectory="bae1e449-00c7-4a0f-9c72-c0c8a45d2646" />
    <UnitTestResult executionId="98302b26-a9b2-4c87-b3c6-6d422e5d5619" testId="eb170641-3426-e971-0f6b-76c99ea56069" testName="Serialize_TestCases (TestParentTypeMatchEnumThisTypeNotMatched)" computerName="DKSR-EFI-04" duration="00:00:00.0003448" startTime="2023-12-22T09:35:49.0225684+01:00" endTime="2023-12-22T09:35:49.0225684+01:00" testType="13cdc9d9-ddb5-4fa4-a97d-d965ccfc6d4b" outcome="Passed" testListId="8c84fa94-04c1-424b-9868-57a2d4851a1d" relativeResultsDirectory="98302b26-a9b2-4c87-b3c6-6d422e5d5619" />
    <UnitTestResult executionId="e71d3afe-2e6e-4b84-a8dd-c996687465fd" testId="399501bc-ecba-b1ca-b26c-0035e5a7aa53" testName="WriteXml_ShouldWriteDescriptionContents_WhenDescriptionIsNotNull" computerName="DKSR-EFI-04" duration="00:00:00.0011455" startTime="2023-12-22T09:35:51.7257047+01:00" endTime="2023-12-22T09:35:51.7257047+01:00" testType="13cdc9d9-ddb5-4fa4-a97d-d965ccfc6d4b" outcome="Passed" testListId="8c84fa94-04c1-424b-9868-57a2d4851a1d" relativeResultsDirectory="e71d3afe-2e6e-4b84-a8dd-c996687465fd" />
    <UnitTestResult executionId="647d51e1-4384-414e-b61f-06fd3c2f4c44" testId="f11fb068-5020-6fdd-64d4-9eae97e7b7c3" testName="GetBegin_ShouldReturnFirstMetadataContent_WhenThereIsData" computerName="DKSR-EFI-04" duration="00:00:00.0150470" startTime="2023-12-22T09:35:54.7882240+01:00" endTime="2023-12-22T09:35:54.8038496+01:00" testType="13cdc9d9-ddb5-4fa4-a97d-d965ccfc6d4b" outcome="Passed" testListId="8c84fa94-04c1-424b-9868-57a2d4851a1d" relativeResultsDirectory="647d51e1-4384-414e-b61f-06fd3c2f4c44" />
    <UnitTestResult executionId="8362770b-ab84-4add-a769-6926a6dbe908" testId="65073782-d14b-7acc-ac1b-4140ad46eef8" testName="Serialize_TestCases (TestParentTypeMatchObjectThisTypeMatchedProperty)" computerName="DKSR-EFI-04" duration="00:00:00.0007056" startTime="2023-12-22T09:35:49.0694439+01:00" endTime="2023-12-22T09:35:49.0694439+01:00" testType="13cdc9d9-ddb5-4fa4-a97d-d965ccfc6d4b" outcome="Passed" testListId="8c84fa94-04c1-424b-9868-57a2d4851a1d" relativeResultsDirectory="8362770b-ab84-4add-a769-6926a6dbe908" />
    <UnitTestResult executionId="8e89226c-cc46-47e7-8021-1e181b80899e" testId="3434e15a-2768-efbc-7e19-fea38f3ae373" testName="MipItems_Property_Collection_Empty" computerName="DKSR-EFI-04" duration="00:00:00.0003398" startTime="2023-12-22T09:35:45.7569231+01:00" endTime="2023-12-22T09:35:45.7569231+01:00" testType="13cdc9d9-ddb5-4fa4-a97d-d965ccfc6d4b" outcome="Passed" testListId="8c84fa94-04c1-424b-9868-57a2d4851a1d" relativeResultsDirectory="8e89226c-cc46-47e7-8021-1e181b80899e" />
    <UnitTestResult executionId="b516ab0a-1e28-4487-ab8b-a0c8bf6cf288" testId="d44d55cb-b29b-7590-3980-4d0ce2902600" testName="GetNearest_ShouldReturnLastElement_WhenTimestampIsSamesAsLastElement" computerName="DKSR-EFI-04" duration="00:00:00.0004772" startTime="2023-12-22T09:35:54.6163483+01:00" endTime="2023-12-22T09:35:54.6163483+01:00" testType="13cdc9d9-ddb5-4fa4-a97d-d965ccfc6d4b" outcome="Passed" testListId="8c84fa94-04c1-424b-9868-57a2d4851a1d" relativeResultsDirectory="b516ab0a-1e28-4487-ab8b-a0c8bf6cf288" />
    <UnitTestResult executionId="ef7830a3-578f-4ef4-be05-a28754470a7a" testId="1fc86256-4383-79f5-2623-3a4a27ec4fd7" testName="FlushAll_ShouldClearCache" computerName="DKSR-EFI-04" duration="00:00:00.0012481" startTime="2023-12-22T09:35:24.9443172+01:00" endTime="2023-12-22T09:35:24.9599420+01:00" testType="13cdc9d9-ddb5-4fa4-a97d-d965ccfc6d4b" outcome="Passed" testListId="8c84fa94-04c1-424b-9868-57a2d4851a1d" relativeResultsDirectory="ef7830a3-578f-4ef4-be05-a28754470a7a" />
    <UnitTestResult executionId="1c50e443-7b9b-4cc2-b44a-a1ea8c8a6f6e" testId="64b0134b-ebd0-fae9-7bd6-e6237d9640de" testName="StartAndCloseAll_StartsAllClientsStarted_WhenLoggedOutAndClosesThem" computerName="DKSR-EFI-04" duration="00:00:00.6233934" startTime="2023-12-22T09:35:53.3038417+01:00" endTime="2023-12-22T09:35:53.9288456+01:00" testType="13cdc9d9-ddb5-4fa4-a97d-d965ccfc6d4b" outcome="Passed" testListId="8c84fa94-04c1-424b-9868-57a2d4851a1d" relativeResultsDirectory="1c50e443-7b9b-4cc2-b44a-a1ea8c8a6f6e" />
    <UnitTestResult executionId="fd21b75e-5a2c-4856-a403-72ca538c2736" testId="76e6ff63-d7eb-f665-d9fe-8f8739285ff9" testName="SearializePlusDeserialize_NestedArrayObject_ShouldResultInSameString" computerName="DKSR-EFI-04" duration="00:00:00.0001887" startTime="2023-12-22T09:35:51.1475789+01:00" endTime="2023-12-22T09:35:51.1475789+01:00" testType="13cdc9d9-ddb5-4fa4-a97d-d965ccfc6d4b" outcome="Passed" testListId="8c84fa94-04c1-424b-9868-57a2d4851a1d" relativeResultsDirectory="fd21b75e-5a2c-4856-a403-72ca538c2736" />
    <UnitTestResult executionId="7e8a13a0-9d83-404c-9959-a0139fb5d86a" testId="d6b02c69-a6ef-0109-3a3b-2890f16309c7" testName="Serialize_TestCases (TestParentTypeMatchEnumNotThisTypeNotMatched)" computerName="DKSR-EFI-04" duration="00:00:00.0003908" startTime="2023-12-22T09:35:49.0381952+01:00" endTime="2023-12-22T09:35:49.0381952+01:00" testType="13cdc9d9-ddb5-4fa4-a97d-d965ccfc6d4b" outcome="Passed" testListId="8c84fa94-04c1-424b-9868-57a2d4851a1d" relativeResultsDirectory="7e8a13a0-9d83-404c-9959-a0139fb5d86a" />
    <UnitTestResult executionId="30b679a1-cba9-4e38-aff1-3959504f18aa" testId="c2c45a93-efa1-bb0e-351a-c58499dc22c7" testName="ReadXml_ShouldReadTopAttribute_WhenPresent" computerName="DKSR-EFI-04" duration="00:00:00.0003716" startTime="2023-12-22T09:35:52.6163359+01:00" endTime="2023-12-22T09:35:52.6163359+01:00" testType="13cdc9d9-ddb5-4fa4-a97d-d965ccfc6d4b" outcome="Passed" testListId="8c84fa94-04c1-424b-9868-57a2d4851a1d" relativeResultsDirectory="30b679a1-cba9-4e38-aff1-3959504f18aa" />
    <UnitTestResult executionId="cd6e3d0c-f923-4c51-947f-6c13e4e2487e" testId="1b922494-8fe6-7989-fdba-e8485055ed6f" testName="ServerIdWithHttpAsDefault_Construct_Success" computerName="DKSR-EFI-04" duration="00:00:00.0003812" startTime="2023-12-22T09:35:21.0380501+01:00" endTime="2023-12-22T09:35:21.0380501+01:00" testType="13cdc9d9-ddb5-4fa4-a97d-d965ccfc6d4b" outcome="Passed" testListId="8c84fa94-04c1-424b-9868-57a2d4851a1d" relativeResultsDirectory="cd6e3d0c-f923-4c51-947f-6c13e4e2487e" />
    <UnitTestResult executionId="0acd8258-146d-413e-b6cf-2458ef5819a8" testId="080800ed-e6da-eef9-42ef-0179d68c4004" testName="SearchResultData_SameTitle_Success" computerName="DKSR-EFI-04" duration="00:00:00.0002267" startTime="2023-12-22T09:35:50.1475715+01:00" endTime="2023-12-22T09:35:50.1475715+01:00" testType="13cdc9d9-ddb5-4fa4-a97d-d965ccfc6d4b" outcome="Passed" testListId="8c84fa94-04c1-424b-9868-57a2d4851a1d" relativeResultsDirectory="0acd8258-146d-413e-b6cf-2458ef5819a8" />
    <UnitTestResult executionId="31ec1c96-adb0-45b1-b322-db9fc8dc8e01" testId="619f6d51-fe63-6aad-4d71-b62b6294bc5d" testName="ProvideValue_ShouldUseItemDataValue_WhenItemIsVideoOSDropDownItem" computerName="DKSR-EFI-04" duration="00:00:00.0044241" startTime="2023-12-22T09:35:47.6475602+01:00" endTime="2023-12-22T09:35:47.6475602+01:00" testType="13cdc9d9-ddb5-4fa4-a97d-d965ccfc6d4b" outcome="Passed" testListId="8c84fa94-04c1-424b-9868-57a2d4851a1d" relativeResultsDirectory="31ec1c96-adb0-45b1-b322-db9fc8dc8e01" />
    <UnitTestResult executionId="bbb15ec6-4f5b-4a56-b1ec-10daca8cd2df" testId="ef9bc618-0b6a-337d-f408-8cefa3f67ba7" testName="TestConstructor_Success" computerName="DKSR-EFI-04" duration="00:00:00.0591218" startTime="2023-12-22T09:35:49.5694431+01:00" endTime="2023-12-22T09:35:49.6319448+01:00" testType="13cdc9d9-ddb5-4fa4-a97d-d965ccfc6d4b" outcome="Passed" testListId="8c84fa94-04c1-424b-9868-57a2d4851a1d" relativeResultsDirectory="bbb15ec6-4f5b-4a56-b1ec-10daca8cd2df" />
    <UnitTestResult executionId="0449b581-c869-48a9-9dfe-99d007d7e022" testId="1ce6e954-84ed-5a50-7c66-ce4fb6384d66" testName="BuildShapeOverlayWidthHeightAlarm_ShouldReturnCorrectNumberOfShapes_WhenArgumentContainsObjectAndRule" computerName="DKSR-EFI-04" duration="00:00:00.0011319" startTime="2023-12-22T09:35:24.8036915+01:00" endTime="2023-12-22T09:35:24.8036915+01:00" testType="13cdc9d9-ddb5-4fa4-a97d-d965ccfc6d4b" outcome="Passed" testListId="8c84fa94-04c1-424b-9868-57a2d4851a1d" relativeResultsDirectory="0449b581-c869-48a9-9dfe-99d007d7e022" />
    <UnitTestResult executionId="e3eabbc9-a48f-49ae-8faa-93bab0237b43" testId="b09c7353-a02d-ff9f-8437-0ec01da8590a" testName="AllowGroupSelectionFalse_MultiSelect_ElementsInGroupSelected" computerName="DKSR-EFI-04" duration="00:00:00.0018591" startTime="2023-12-22T09:35:45.7256744+01:00" endTime="2023-12-22T09:35:45.7256744+01:00" testType="13cdc9d9-ddb5-4fa4-a97d-d965ccfc6d4b" outcome="Passed" testListId="8c84fa94-04c1-424b-9868-57a2d4851a1d" relativeResultsDirectory="e3eabbc9-a48f-49ae-8faa-93bab0237b43" />
    <UnitTestResult executionId="fd95fecc-e0ee-4513-88f9-fd0e896c75b2" testId="bf3be38d-fccb-d51d-c680-813aa0d77baa" testName="ParseMetadataXmlWithString_ShouldThrowXmExceptionWithInformationOnError_WhenXmlContainsIncorrectRootElement" computerName="DKSR-EFI-04" duration="00:00:00.0018841" startTime="2023-12-22T09:35:52.1788363+01:00" endTime="2023-12-22T09:35:52.1788363+01:00" testType="13cdc9d9-ddb5-4fa4-a97d-d965ccfc6d4b" outcome="Passed" testListId="8c84fa94-04c1-424b-9868-57a2d4851a1d" relativeResultsDirectory="fd95fecc-e0ee-4513-88f9-fd0e896c75b2" />
    <UnitTestResult executionId="0a0544da-8451-476d-91af-ef35199e5ae2" testId="8f92c43f-5727-bf2b-415e-cb82964ac302" testName="ParseArgbString_ShouldCreateInstanceWithCorrectARGBValues_WhenFormatIsCorrect" computerName="DKSR-EFI-04" duration="00:00:00.0006093" startTime="2023-12-22T09:35:51.8976064+01:00" endTime="2023-12-22T09:35:51.8976064+01:00" testType="13cdc9d9-ddb5-4fa4-a97d-d965ccfc6d4b" outcome="Passed" testListId="8c84fa94-04c1-424b-9868-57a2d4851a1d" relativeResultsDirectory="0a0544da-8451-476d-91af-ef35199e5ae2" />
    <UnitTestResult executionId="5c90fcda-e2e5-4f39-986c-dd1418f24358" testId="ee6b4773-1394-989c-cdb7-f8b064821acb" testName="Minimize_ShouldReturnOneInterval_WhenListContainsThreeOverlappingIntervalsReversed" computerName="DKSR-EFI-04" duration="00:00:00.0006645" startTime="2023-12-22T09:35:35.1162461+01:00" endTime="2023-12-22T09:35:35.1162461+01:00" testType="13cdc9d9-ddb5-4fa4-a97d-d965ccfc6d4b" outcome="Passed" testListId="8c84fa94-04c1-424b-9868-57a2d4851a1d" relativeResultsDirectory="5c90fcda-e2e5-4f39-986c-dd1418f24358" />
    <UnitTestResult executionId="79f1ac60-e19b-497a-82ab-8794e43f6e4b" testId="6e083e3d-bf62-ee30-d2f0-b17d35c633ea" testName="AllAttributesWerePresent_ShouldReturnTrue_WhenBothXAndYAreFloats" computerName="DKSR-EFI-04" duration="00:00:00.0002805" startTime="2023-12-22T09:35:52.6319611+01:00" endTime="2023-12-22T09:35:52.6475862+01:00" testType="13cdc9d9-ddb5-4fa4-a97d-d965ccfc6d4b" outcome="Passed" testListId="8c84fa94-04c1-424b-9868-57a2d4851a1d" relativeResultsDirectory="79f1ac60-e19b-497a-82ab-8794e43f6e4b" />
    <UnitTestResult executionId="809c033d-174f-4339-8f09-111195765749" testId="0f6413c0-cc42-e14e-f2e9-6c1a7fb644a7" testName="Get_NullKey_Throws" computerName="DKSR-EFI-04" duration="00:00:00.0037551" startTime="2023-12-22T09:35:35.2256206+01:00" endTime="2023-12-22T09:35:35.2256206+01:00" testType="13cdc9d9-ddb5-4fa4-a97d-d965ccfc6d4b" outcome="Passed" testListId="8c84fa94-04c1-424b-9868-57a2d4851a1d" relativeResultsDirectory="809c033d-174f-4339-8f09-111195765749" />
    <UnitTestResult executionId="d61c10c7-3f61-45d4-9b61-4daf8a66cd09" testId="79bbf345-4c1f-d3ec-6206-5d160bd2b4aa" testName="WriteXml_ShouldWriteCenterOfGravityContents_WhenCenterOfGravityIsNotNull" computerName="DKSR-EFI-04" duration="00:00:00.0010494" startTime="2023-12-22T09:35:52.8038383+01:00" endTime="2023-12-22T09:35:52.8038383+01:00" testType="13cdc9d9-ddb5-4fa4-a97d-d965ccfc6d4b" outcome="Passed" testListId="8c84fa94-04c1-424b-9868-57a2d4851a1d" relativeResultsDirectory="d61c10c7-3f61-45d4-9b61-4daf8a66cd09" />
    <UnitTestResult executionId="64cfb598-24a0-4821-a7f0-810c68d0ca62" testId="6dff7af6-6d16-8dba-ea01-3eb9769c2e7a" testName="ReadXml_ShouldLogWarningTwiceWhenMoreThanOneMinuteBetweenWarnings_WhenFrameDidNotReadUtcTime" computerName="DKSR-EFI-04" duration="00:00:00.0021677" startTime="2023-12-22T09:35:52.5069600+01:00" endTime="2023-12-22T09:35:52.5069600+01:00" testType="13cdc9d9-ddb5-4fa4-a97d-d965ccfc6d4b" outcome="Passed" testListId="8c84fa94-04c1-424b-9868-57a2d4851a1d" relativeResultsDirectory="64cfb598-24a0-4821-a7f0-810c68d0ca62" />
    <UnitTestResult executionId="985a4c31-09b2-48b1-9af6-64c443e925ae" testId="3d56290e-3e3f-353b-dfc8-249444061e6c" testName="ReadXml_ShouldReadTransformationContents_WhenTransformationIsPresent" computerName="DKSR-EFI-04" duration="00:00:00.0010074" startTime="2023-12-22T09:35:52.0694560+01:00" endTime="2023-12-22T09:35:52.0694560+01:00" testType="13cdc9d9-ddb5-4fa4-a97d-d965ccfc6d4b" outcome="Passed" testListId="8c84fa94-04c1-424b-9868-57a2d4851a1d" relativeResultsDirectory="985a4c31-09b2-48b1-9af6-64c443e925ae" />
    <UnitTestResult executionId="cabb700e-538f-4669-ae4b-8b4b82b34a4e" testId="d1e0da8d-6305-778c-2487-62302266275e" testName="Append_PropertyKey_Value_Parted" computerName="DKSR-EFI-04" duration="00:00:00.0002026" startTime="2023-12-22T09:35:51.0538262+01:00" endTime="2023-12-22T09:35:51.0538262+01:00" testType="13cdc9d9-ddb5-4fa4-a97d-d965ccfc6d4b" outcome="Passed" testListId="8c84fa94-04c1-424b-9868-57a2d4851a1d" relativeResultsDirectory="cabb700e-538f-4669-ae4b-8b4b82b34a4e" />
    <UnitTestResult executionId="bc60ff59-fa25-4578-b7e4-74837bfa74ca" testId="20a57555-9cb1-ba41-e79f-7fc0c85fb0e9" testName="Serialize_TestCases (Verify root Enum property)" computerName="DKSR-EFI-04" duration="00:00:00.0004961" startTime="2023-12-22T09:35:48.8663158+01:00" endTime="2023-12-22T09:35:48.8819404+01:00" testType="13cdc9d9-ddb5-4fa4-a97d-d965ccfc6d4b" outcome="Passed" testListId="8c84fa94-04c1-424b-9868-57a2d4851a1d" relativeResultsDirectory="bc60ff59-fa25-4578-b7e4-74837bfa74ca" />
    <UnitTestResult executionId="cf42e66e-095a-4d43-b89b-0d936a7683fe" testId="47b928b9-6c48-7599-b49a-10b524a65d0b" testName="GetBegin_ShouldReturnNull_WhenThereIsNoData" computerName="DKSR-EFI-04" duration="00:00:00.0025181" startTime="2023-12-22T09:35:54.8194722+01:00" endTime="2023-12-22T09:35:54.8194722+01:00" testType="13cdc9d9-ddb5-4fa4-a97d-d965ccfc6d4b" outcome="Passed" testListId="8c84fa94-04c1-424b-9868-57a2d4851a1d" relativeResultsDirectory="cf42e66e-095a-4d43-b89b-0d936a7683fe" />
    <UnitTestResult executionId="785113fe-8c15-44d5-b901-bc162c3badbf" testId="1d0e5606-0b8d-94c1-50c1-0642b9810496" testName="Serialize_TestCases (TestParentAllPrimitiveProperties)" computerName="DKSR-EFI-04" duration="00:00:00.0004335" startTime="2023-12-22T09:35:49.1944450+01:00" endTime="2023-12-22T09:35:49.1944450+01:00" testType="13cdc9d9-ddb5-4fa4-a97d-d965ccfc6d4b" outcome="Passed" testListId="8c84fa94-04c1-424b-9868-57a2d4851a1d" relativeResultsDirectory="785113fe-8c15-44d5-b901-bc162c3badbf" />
    <UnitTestResult executionId="39c3c723-7638-4c99-b3f3-cb1ce7633e57" testId="293285b5-f787-ce9d-2c40-45d537374ac6" testName="Serialize_TestCases (Verify root Int property)" computerName="DKSR-EFI-04" duration="00:00:00.0014468" startTime="2023-12-22T09:35:48.8663158+01:00" endTime="2023-12-22T09:35:48.8663158+01:00" testType="13cdc9d9-ddb5-4fa4-a97d-d965ccfc6d4b" outcome="Passed" testListId="8c84fa94-04c1-424b-9868-57a2d4851a1d" relativeResultsDirectory="39c3c723-7638-4c99-b3f3-cb1ce7633e57" />
    <UnitTestResult executionId="d440fa2e-2bb5-4011-ae37-c290bb7f6af2" testId="844dbd09-3e1b-ba6e-1295-725984dabbdb" testName="WriteXml_ShouldWriteAppearanceContents_WhenAppearanceIsNotNull" computerName="DKSR-EFI-04" duration="00:00:00.0010654" startTime="2023-12-22T09:35:52.5694616+01:00" endTime="2023-12-22T09:35:52.5694616+01:00" testType="13cdc9d9-ddb5-4fa4-a97d-d965ccfc6d4b" outcome="Passed" testListId="8c84fa94-04c1-424b-9868-57a2d4851a1d" relativeResultsDirectory="d440fa2e-2bb5-4011-ae37-c290bb7f6af2" />
    <UnitTestResult executionId="ddcc3b90-20ff-4fd6-a1d2-2431b7814fc4" testId="6e2943e4-1567-7531-b5b0-13aaeb4e80e3" testName="Add_NullKey_Throws" computerName="DKSR-EFI-04" duration="00:00:00.0007096" startTime="2023-12-22T09:35:35.2412464+01:00" endTime="2023-12-22T09:35:35.2412464+01:00" testType="13cdc9d9-ddb5-4fa4-a97d-d965ccfc6d4b" outcome="Passed" testListId="8c84fa94-04c1-424b-9868-57a2d4851a1d" relativeResultsDirectory="ddcc3b90-20ff-4fd6-a1d2-2431b7814fc4" />
    <UnitTestResult executionId="95547ce7-e659-40d5-9043-6bdd0870fbbf" testId="96f1c2c4-5dc5-dea5-6196-eb11056b2deb" testName="WriteXml_ShouldWriteValueOnly_WhenAllePropertiesAreNotSet" computerName="DKSR-EFI-04" duration="00:00:00.0010232" startTime="2023-12-22T09:35:51.9913314+01:00" endTime="2023-12-22T09:35:51.9913314+01:00" testType="13cdc9d9-ddb5-4fa4-a97d-d965ccfc6d4b" outcome="Passed" testListId="8c84fa94-04c1-424b-9868-57a2d4851a1d" relativeResultsDirectory="95547ce7-e659-40d5-9043-6bdd0870fbbf" />
    <UnitTestResult executionId="27abd97e-243f-4b13-a26e-aea006e774f2" testId="9229072f-c39c-5db3-f28b-10c8f4ae4c45" testName="ModifyCollection_ShouldNotInvokeCallback_WhenNotObservable" computerName="DKSR-EFI-04" duration="00:00:00.0007338" startTime="2023-12-22T09:35:46.6631789+01:00" endTime="2023-12-22T09:35:46.6631789+01:00" testType="13cdc9d9-ddb5-4fa4-a97d-d965ccfc6d4b" outcome="Passed" testListId="8c84fa94-04c1-424b-9868-57a2d4851a1d" relativeResultsDirectory="27abd97e-243f-4b13-a26e-aea006e774f2" />
    <UnitTestResult executionId="999fa227-f56c-464f-8777-80c6e2861377" testId="305837e1-d44c-5663-004e-044ac561be36" testName="TestSearchFilterCategories_WithANullAgent_Success" computerName="DKSR-EFI-04" duration="00:00:00.0018086" startTime="2023-12-22T09:35:49.7100679+01:00" endTime="2023-12-22T09:35:49.7100679+01:00" testType="13cdc9d9-ddb5-4fa4-a97d-d965ccfc6d4b" outcome="Passed" testListId="8c84fa94-04c1-424b-9868-57a2d4851a1d" relativeResultsDirectory="999fa227-f56c-464f-8777-80c6e2861377" />
    <UnitTestResult executionId="df9dab8d-0414-4d73-948a-c6e994f3c462" testId="1e4e191e-63c7-1f37-201c-8fde2757768d" testName="Serialize_ShouldNotIncludeOptionDecorations_WhenPropertyIsCollectionOfSimpleTypesAndNoPropertiesRequestedInPath" computerName="DKSR-EFI-04" duration="00:00:00.0042937" startTime="2023-12-22T09:35:48.8038161+01:00" endTime="2023-12-22T09:35:48.8194416+01:00" testType="13cdc9d9-ddb5-4fa4-a97d-d965ccfc6d4b" outcome="Passed" testListId="8c84fa94-04c1-424b-9868-57a2d4851a1d" relativeResultsDirectory="df9dab8d-0414-4d73-948a-c6e994f3c462" />
    <UnitTestResult executionId="b183dfe3-d085-4c2e-9a60-81b6e5ae1198" testId="b1896dd7-6634-6c9f-92ab-cd4904bba1dc" testName="Clear_ShouldEmptyCollectionAndResetTimeStamps_WhenCalled" computerName="DKSR-EFI-04" duration="00:00:00.0350573" startTime="2023-12-22T09:35:55.3663507+01:00" endTime="2023-12-22T09:35:55.4132267+01:00" testType="13cdc9d9-ddb5-4fa4-a97d-d965ccfc6d4b" outcome="Passed" testListId="8c84fa94-04c1-424b-9868-57a2d4851a1d" relativeResultsDirectory="b183dfe3-d085-4c2e-9a60-81b6e5ae1198" />
    <UnitTestResult executionId="a3656d94-fdf5-43f9-b894-77302bdc797f" testId="ad39a2a8-a877-88dd-b965-d88ff03cb3d9" testName="CountByItems_Activated_Missing1" computerName="DKSR-EFI-04" duration="00:00:00.0014670" startTime="2023-12-22T09:35:54.2100943+01:00" endTime="2023-12-22T09:35:54.2257188+01:00" testType="13cdc9d9-ddb5-4fa4-a97d-d965ccfc6d4b" outcome="Passed" testListId="8c84fa94-04c1-424b-9868-57a2d4851a1d" relativeResultsDirectory="a3656d94-fdf5-43f9-b894-77302bdc797f" />
    <UnitTestResult executionId="1e313afc-aa0e-4ca3-938c-49d5ba8b5151" testId="871f6ec2-6973-6f3c-2bf4-5a51a50a4cf2" testName="GetParent_NoServerId_Check" computerName="DKSR-EFI-04" duration="00:00:00.0319171" startTime="2023-12-22T09:35:21.6317976+01:00" endTime="2023-12-22T09:35:21.6630540+01:00" testType="13cdc9d9-ddb5-4fa4-a97d-d965ccfc6d4b" outcome="Passed" testListId="8c84fa94-04c1-424b-9868-57a2d4851a1d" relativeResultsDirectory="1e313afc-aa0e-4ca3-938c-49d5ba8b5151" />
    <UnitTestResult executionId="826156e1-143b-4bce-a89b-69780c6b2e05" testId="de4de35b-27a7-9209-5227-b270da191793" testName="Remove_String" computerName="DKSR-EFI-04" duration="00:00:00.0007070" startTime="2023-12-22T09:35:51.1944521+01:00" endTime="2023-12-22T09:35:51.1944521+01:00" testType="13cdc9d9-ddb5-4fa4-a97d-d965ccfc6d4b" outcome="Passed" testListId="8c84fa94-04c1-424b-9868-57a2d4851a1d" relativeResultsDirectory="826156e1-143b-4bce-a89b-69780c6b2e05" />
    <UnitTestResult executionId="cbcff0eb-6206-4f4d-8a21-ef269d2a9613" testId="fa078946-dda0-6ffb-816c-44fe3d4e229d" testName="Contains_Not_Found" computerName="DKSR-EFI-04" duration="00:00:00.0108403" startTime="2023-12-22T09:35:21.8818002+01:00" endTime="2023-12-22T09:35:21.8974307+01:00" testType="13cdc9d9-ddb5-4fa4-a97d-d965ccfc6d4b" outcome="Passed" testListId="8c84fa94-04c1-424b-9868-57a2d4851a1d" relativeResultsDirectory="cbcff0eb-6206-4f4d-8a21-ef269d2a9613" />
    <UnitTestResult executionId="1a4d5e35-8f1e-4ce5-8e67-ff5a6bfe7df1" testId="bf1206bb-c315-791a-6716-b4026aff80ac" testName="TestConstructor_Success" computerName="DKSR-EFI-04" duration="00:00:00.0004360" startTime="2023-12-22T09:35:50.9757004+01:00" endTime="2023-12-22T09:35:50.9757004+01:00" testType="13cdc9d9-ddb5-4fa4-a97d-d965ccfc6d4b" outcome="Passed" testListId="8c84fa94-04c1-424b-9868-57a2d4851a1d" relativeResultsDirectory="1a4d5e35-8f1e-4ce5-8e67-ff5a6bfe7df1" />
    <UnitTestResult executionId="463ce9f7-4dfc-40a0-9df3-7107ee14726d" testId="3d16cbad-c2c8-7173-4e8d-8cb40ee97619" testName="Serialize_TestCases (TestParentTypeMatchDecimalNotThisTypeNotMatched)" computerName="DKSR-EFI-04" duration="00:00:00.0005336" startTime="2023-12-22T09:35:49.0225684+01:00" endTime="2023-12-22T09:35:49.0225684+01:00" testType="13cdc9d9-ddb5-4fa4-a97d-d965ccfc6d4b" outcome="Passed" testListId="8c84fa94-04c1-424b-9868-57a2d4851a1d" relativeResultsDirectory="463ce9f7-4dfc-40a0-9df3-7107ee14726d" />
    <UnitTestResult executionId="b3b830d0-610b-4bad-8366-9fbeca4cc751" testId="0a158be2-3d0e-91be-dc79-b834318d6106" testName="Populate_SearchTextSet_ItemsFound_False" computerName="DKSR-EFI-04" duration="00:00:00.0553524" startTime="2023-12-22T09:35:46.3975546+01:00" endTime="2023-12-22T09:35:46.4444277+01:00" testType="13cdc9d9-ddb5-4fa4-a97d-d965ccfc6d4b" outcome="Passed" testListId="8c84fa94-04c1-424b-9868-57a2d4851a1d" relativeResultsDirectory="b3b830d0-610b-4bad-8366-9fbeca4cc751" />
    <UnitTestResult executionId="1fcbf409-523a-43fe-8a89-770d1a969f14" testId="5d87446d-b17e-e82f-a4a3-ee27c1dfacd1" testName="TestMultiLevelQueue_TwoLevels_DifferentLevelIdentifiers_Success" computerName="DKSR-EFI-04" duration="00:00:00.3830848" startTime="2023-12-22T09:35:37.2256319+01:00" endTime="2023-12-22T09:35:37.6006326+01:00" testType="13cdc9d9-ddb5-4fa4-a97d-d965ccfc6d4b" outcome="Passed" testListId="8c84fa94-04c1-424b-9868-57a2d4851a1d" relativeResultsDirectory="1fcbf409-523a-43fe-8a89-770d1a969f14" />
    <UnitTestResult executionId="6c75d6bf-a197-4264-8327-1ec34ec3407b" testId="c1ccc07e-0232-8793-44eb-68dba00ee95d" testName="GenerateTypeDefinintionParameters_ShouldWriteName_WhenAlways" computerName="DKSR-EFI-04" duration="00:00:00.0018302" startTime="2023-12-22T09:35:55.0694731+01:00" endTime="2023-12-22T09:35:55.0694731+01:00" testType="13cdc9d9-ddb5-4fa4-a97d-d965ccfc6d4b" outcome="Passed" testListId="8c84fa94-04c1-424b-9868-57a2d4851a1d" relativeResultsDirectory="6c75d6bf-a197-4264-8327-1ec34ec3407b" />
    <UnitTestResult executionId="5b269a70-7312-4793-a807-4939c6d85afe" testId="46ae3a22-8d3d-7e4f-8a5b-87f63b36d2e9" testName="GetPropertiesAsync_MultipleInvocations_DelegatedToInternalMethodOnlyOnce" computerName="DKSR-EFI-04" duration="00:00:00.0010350" startTime="2023-12-22T09:35:50.0694496+01:00" endTime="2023-12-22T09:35:50.0694496+01:00" testType="13cdc9d9-ddb5-4fa4-a97d-d965ccfc6d4b" outcome="Passed" testListId="8c84fa94-04c1-424b-9868-57a2d4851a1d" relativeResultsDirectory="5b269a70-7312-4793-a807-4939c6d85afe" />
    <UnitTestResult executionId="d5c82dba-e683-40bd-8f1e-102d6b1fdc07" testId="8601fe89-72a2-9ba5-8e62-8c183b00fe8c" testName="MatchId_Success_MessageWithAsteriskAtBegin_NoBegin" computerName="DKSR-EFI-04" duration="00:00:00.0001755" startTime="2023-12-22T09:35:53.0069621+01:00" endTime="2023-12-22T09:35:53.0069621+01:00" testType="13cdc9d9-ddb5-4fa4-a97d-d965ccfc6d4b" outcome="Passed" testListId="8c84fa94-04c1-424b-9868-57a2d4851a1d" relativeResultsDirectory="d5c82dba-e683-40bd-8f1e-102d6b1fdc07" />
    <UnitTestResult executionId="046551ec-e461-414c-8121-10d29cac06e9" testId="f500837b-0f36-671a-c44b-b00267ce6d42" testName="ReadXml_ShouldIgnoreChildren_WhenAlways" computerName="DKSR-EFI-04" duration="00:00:00.0014397" startTime="2023-12-22T09:35:51.9288322+01:00" endTime="2023-12-22T09:35:51.9288322+01:00" testType="13cdc9d9-ddb5-4fa4-a97d-d965ccfc6d4b" outcome="Passed" testListId="8c84fa94-04c1-424b-9868-57a2d4851a1d" relativeResultsDirectory="046551ec-e461-414c-8121-10d29cac06e9" />
    <UnitTestResult executionId="1732c4e8-114c-4985-9364-a4f5d8a881c4" testId="77c15838-368f-705c-d0c8-46e47de3c659" testName="FindCacheEntryBefore_ShuldReturnNull_WhenThereAreNoEntriesbeforeTheTimestamp" computerName="DKSR-EFI-04" duration="00:00:00.0004784" startTime="2023-12-22T09:35:54.5538517+01:00" endTime="2023-12-22T09:35:54.5538517+01:00" testType="13cdc9d9-ddb5-4fa4-a97d-d965ccfc6d4b" outcome="Passed" testListId="8c84fa94-04c1-424b-9868-57a2d4851a1d" relativeResultsDirectory="1732c4e8-114c-4985-9364-a4f5d8a881c4" />
    <UnitTestResult executionId="d448ff00-51e3-4afc-836c-271756151597" testId="92fdd030-3856-bf25-d99c-4aebc9a73c44" testName="GetPrevious_ShouldReturnEntryBeforeLastReturnedEntry_WhenFindCacheEntryAfterWasCalledAndThereIsAPreviousEntry" computerName="DKSR-EFI-04" duration="00:00:00.0004853" startTime="2023-12-22T09:35:54.5694717+01:00" endTime="2023-12-22T09:35:54.5694717+01:00" testType="13cdc9d9-ddb5-4fa4-a97d-d965ccfc6d4b" outcome="Passed" testListId="8c84fa94-04c1-424b-9868-57a2d4851a1d" relativeResultsDirectory="d448ff00-51e3-4afc-836c-271756151597" />
    <UnitTestResult executionId="0ed9c7e6-ee1a-47f8-9e69-1b55e0174b72" testId="d05873bf-41ef-0bcf-a99f-bd7e3fdc9082" testName="ReadXml_ShouldLogWarningOnlyOnceWithinOneMinute_WhenShapeIsInvalid" computerName="DKSR-EFI-04" duration="00:00:00.0018584" startTime="2023-12-22T09:35:51.6632050+01:00" endTime="2023-12-22T09:35:51.6632050+01:00" testType="13cdc9d9-ddb5-4fa4-a97d-d965ccfc6d4b" outcome="Passed" testListId="8c84fa94-04c1-424b-9868-57a2d4851a1d" relativeResultsDirectory="0ed9c7e6-ee1a-47f8-9e69-1b55e0174b72" />
    <UnitTestResult executionId="2bc5a973-4aba-4e9d-aa8e-ace05df80971" testId="b88c7a93-5167-689b-3a6b-7ed6795729e1" testName="WriteXml_ShouldOmitElements_WhenDataIsNotPresent" computerName="DKSR-EFI-04" duration="00:00:00.0002469" startTime="2023-12-22T09:35:52.3350843+01:00" endTime="2023-12-22T09:35:52.3350843+01:00" testType="13cdc9d9-ddb5-4fa4-a97d-d965ccfc6d4b" outcome="Passed" testListId="8c84fa94-04c1-424b-9868-57a2d4851a1d" relativeResultsDirectory="2bc5a973-4aba-4e9d-aa8e-ace05df80971" />
    <UnitTestResult executionId="2fa30278-5ede-48c8-be7d-a1d0f6672ee4" testId="7cd2c95d-3a22-0d5c-c07f-69fa30ef94a1" testName="GetTranslations_Success" computerName="DKSR-EFI-04" duration="00:00:00.0019996" startTime="2023-12-22T09:35:51.5225792+01:00" endTime="2023-12-22T09:35:51.5382033+01:00" testType="13cdc9d9-ddb5-4fa4-a97d-d965ccfc6d4b" outcome="Passed" testListId="8c84fa94-04c1-424b-9868-57a2d4851a1d" relativeResultsDirectory="2fa30278-5ede-48c8-be7d-a1d0f6672ee4" />
    <UnitTestResult executionId="4d206b90-ba64-45fc-a7c9-20fad3ada1d1" testId="20233fe2-b748-308d-725e-1b3b65fd4fc4" testName="Minimize_ShouldReturnOneInterval_WhenListContainsThreeOverlappingIntervals" computerName="DKSR-EFI-04" duration="00:00:00.0006467" startTime="2023-12-22T09:35:35.1162461+01:00" endTime="2023-12-22T09:35:35.1162461+01:00" testType="13cdc9d9-ddb5-4fa4-a97d-d965ccfc6d4b" outcome="Passed" testListId="8c84fa94-04c1-424b-9868-57a2d4851a1d" relativeResultsDirectory="4d206b90-ba64-45fc-a7c9-20fad3ada1d1" />
    <UnitTestResult executionId="0dd8970c-448b-4dda-9947-e796bdf16bc3" testId="125978d4-3525-643c-7140-287b2e679bf8" testName="TestStartSearch_Success" computerName="DKSR-EFI-04" duration="00:00:00.0744932" startTime="2023-12-22T09:35:49.7725696+01:00" endTime="2023-12-22T09:35:49.8506973+01:00" testType="13cdc9d9-ddb5-4fa4-a97d-d965ccfc6d4b" outcome="Passed" testListId="8c84fa94-04c1-424b-9868-57a2d4851a1d" relativeResultsDirectory="0dd8970c-448b-4dda-9947-e796bdf16bc3" />
    <UnitTestResult executionId="9e5cc55e-63ed-4221-943f-b1b9ecb537ed" testId="26e0371b-a9ac-efb2-5c04-9498517c8a6b" testName="CountByItems_NotActivated_Trial_Missing" computerName="DKSR-EFI-04" duration="00:00:00.0008850" startTime="2023-12-22T09:35:54.1944692+01:00" endTime="2023-12-22T09:35:54.2100943+01:00" testType="13cdc9d9-ddb5-4fa4-a97d-d965ccfc6d4b" outcome="Passed" testListId="8c84fa94-04c1-424b-9868-57a2d4851a1d" relativeResultsDirectory="9e5cc55e-63ed-4221-943f-b1b9ecb537ed" />
    <UnitTestResult executionId="f7261353-dc47-4ffa-a29c-5839832ecd0b" testId="4f82d922-22f6-d968-086c-9b41bf965fdc" testName="ReadXml_ShouldLogWarningTwiceWhenMoreThanOneMinuteBetweenWarnings_WhenIncompleteScaleIsPresent" computerName="DKSR-EFI-04" duration="00:00:00.0017954" startTime="2023-12-22T09:35:52.8819620+01:00" endTime="2023-12-22T09:35:52.8819620+01:00" testType="13cdc9d9-ddb5-4fa4-a97d-d965ccfc6d4b" outcome="Passed" testListId="8c84fa94-04c1-424b-9868-57a2d4851a1d" relativeResultsDirectory="f7261353-dc47-4ffa-a29c-5839832ecd0b" />
    <UnitTestResult executionId="1e13b78c-fe53-4222-a191-8fb716b4e075" testId="58e16725-e739-c95e-f63b-6da9cd475080" testName="Get_Element" computerName="DKSR-EFI-04" duration="00:00:00.0001524" startTime="2023-12-22T09:35:51.2257028+01:00" endTime="2023-12-22T09:35:51.2257028+01:00" testType="13cdc9d9-ddb5-4fa4-a97d-d965ccfc6d4b" outcome="Passed" testListId="8c84fa94-04c1-424b-9868-57a2d4851a1d" relativeResultsDirectory="1e13b78c-fe53-4222-a191-8fb716b4e075" />
    <UnitTestResult executionId="d3fc576b-614a-4f6b-ae9c-715f08089510" testId="5ac412a9-7dd3-8fe0-5e94-070a00a25518" testName="Serialize_TestCases (Verify root Decimal property)" computerName="DKSR-EFI-04" duration="00:00:00.0017503" startTime="2023-12-22T09:35:48.8663158+01:00" endTime="2023-12-22T09:35:48.8663158+01:00" testType="13cdc9d9-ddb5-4fa4-a97d-d965ccfc6d4b" outcome="Passed" testListId="8c84fa94-04c1-424b-9868-57a2d4851a1d" relativeResultsDirectory="d3fc576b-614a-4f6b-ae9c-715f08089510" />
    <UnitTestResult executionId="2a47ea35-2ff1-4c79-9a9f-5a2f107c2c12" testId="fb65aff9-84a8-5b2a-92bd-f76bc29d120f" testName="ReadXml_ShouldReadXmlAndCreateSameValues_WhenItIsWrittenByWriteXml" computerName="DKSR-EFI-04" duration="00:00:00.0015160" startTime="2023-12-22T09:35:52.4600857+01:00" endTime="2023-12-22T09:35:52.4600857+01:00" testType="13cdc9d9-ddb5-4fa4-a97d-d965ccfc6d4b" outcome="Passed" testListId="8c84fa94-04c1-424b-9868-57a2d4851a1d" relativeResultsDirectory="2a47ea35-2ff1-4c79-9a9f-5a2f107c2c12" />
    <UnitTestResult executionId="f012dc52-660e-4ce8-95ab-f34295b13b75" testId="57bee112-0556-7c83-93f2-7bbc9c5cba59" testName="IsValid_ShouldReturnFalse_WhenTypeIsNull" computerName="DKSR-EFI-04" duration="00:00:00.0032419" startTime="2023-12-22T09:35:51.7882060+01:00" endTime="2023-12-22T09:35:51.7882060+01:00" testType="13cdc9d9-ddb5-4fa4-a97d-d965ccfc6d4b" outcome="Passed" testListId="8c84fa94-04c1-424b-9868-57a2d4851a1d" relativeResultsDirectory="f012dc52-660e-4ce8-95ab-f34295b13b75" />
    <UnitTestResult executionId="16d2d455-da7d-4a0e-9760-211e080d8a1f" testId="3508e587-4daf-8c1d-4c00-cda8ea38b43b" testName="Serialize_TestCases (Verify root Collection (empty) property get property value)" computerName="DKSR-EFI-04" duration="00:00:00.0002171" startTime="2023-12-22T09:35:48.8975656+01:00" endTime="2023-12-22T09:35:48.8975656+01:00" testType="13cdc9d9-ddb5-4fa4-a97d-d965ccfc6d4b" outcome="Passed" testListId="8c84fa94-04c1-424b-9868-57a2d4851a1d" relativeResultsDirectory="16d2d455-da7d-4a0e-9760-211e080d8a1f" />
    <UnitTestResult executionId="0c2b86c5-5d09-40d6-b9b0-3bdd331e2a23" testId="5a81ef7d-e348-ad91-56ea-2f873a9d2e52" testName="ReadXml_ShouldReadObjectContents_WhenObjectIsPresent" computerName="DKSR-EFI-04" duration="00:00:00.0018183" startTime="2023-12-22T09:35:52.0850820+01:00" endTime="2023-12-22T09:35:52.0850820+01:00" testType="13cdc9d9-ddb5-4fa4-a97d-d965ccfc6d4b" outcome="Passed" testListId="8c84fa94-04c1-424b-9868-57a2d4851a1d" relativeResultsDirectory="0c2b86c5-5d09-40d6-b9b0-3bdd331e2a23" />
    <UnitTestResult executionId="c9648f6b-1e67-4000-ab61-3ae60f18942a" testId="1cfe0934-bee5-966a-0fdd-441157183564" testName="Minimize_ShouldReturnOneInterval_WhenListContainsTwoOverlappingIntervalsAndOneIncludesTheOther" computerName="DKSR-EFI-04" duration="00:00:00.0006410" startTime="2023-12-22T09:35:35.1006194+01:00" endTime="2023-12-22T09:35:35.1006194+01:00" testType="13cdc9d9-ddb5-4fa4-a97d-d965ccfc6d4b" outcome="Passed" testListId="8c84fa94-04c1-424b-9868-57a2d4851a1d" relativeResultsDirectory="c9648f6b-1e67-4000-ab61-3ae60f18942a" />
    <UnitTestResult executionId="794ce30d-8fce-4148-93be-7dc0bba98ef7" testId="3a3b003d-e9ff-947e-0664-bd777109fe74" testName="WriteMetadataXmlWithString_ShouldWriteRootElement_WhenDataIsPresent" computerName="DKSR-EFI-04" duration="00:00:00.0002023" startTime="2023-12-22T09:35:52.2725845+01:00" endTime="2023-12-22T09:35:52.2725845+01:00" testType="13cdc9d9-ddb5-4fa4-a97d-d965ccfc6d4b" outcome="Passed" testListId="8c84fa94-04c1-424b-9868-57a2d4851a1d" relativeResultsDirectory="794ce30d-8fce-4148-93be-7dc0bba98ef7" />
    <UnitTestResult executionId="e5e9f88c-029a-45b9-9c8c-d8b09863e29f" testId="f10e91e5-2148-35b8-c1cd-83b0c57e538b" testName="Minimize_ShouldReturnThreeIntervals_WhenListContainsFiveOverLappingAndNonOverlappingIntervals" computerName="DKSR-EFI-04" duration="00:00:00.0009524" startTime="2023-12-22T09:35:35.1318694+01:00" endTime="2023-12-22T09:35:35.1318694+01:00" testType="13cdc9d9-ddb5-4fa4-a97d-d965ccfc6d4b" outcome="Passed" testListId="8c84fa94-04c1-424b-9868-57a2d4851a1d" relativeResultsDirectory="e5e9f88c-029a-45b9-9c8c-d8b09863e29f" />
    <UnitTestResult executionId="e13c91df-3733-4a50-9a67-54a3586c6faf" testId="b6380494-d08e-3475-91a8-7a07dd918969" testName="HasExtensionDataPresent_ShouldReturnTrue_WhenLineColorIsSet" computerName="DKSR-EFI-04" duration="00:00:00.0022771" startTime="2023-12-22T09:35:52.5850871+01:00" endTime="2023-12-22T09:35:52.5850871+01:00" testType="13cdc9d9-ddb5-4fa4-a97d-d965ccfc6d4b" outcome="Passed" testListId="8c84fa94-04c1-424b-9868-57a2d4851a1d" relativeResultsDirectory="e13c91df-3733-4a50-9a67-54a3586c6faf" />
    <UnitTestResult executionId="1290cf7a-46b5-4dc7-912f-628cc0be94e4" testId="c0e3819c-6768-c5ab-434e-1fcaec4aa6ec" testName="Serialize_TestCases (TestParentTypeMatchGenericThisTypeNotMatchedProperty)" computerName="DKSR-EFI-04" duration="00:00:00.0032785" startTime="2023-12-22T09:35:49.1631946+01:00" endTime="2023-12-22T09:35:49.1631946+01:00" testType="13cdc9d9-ddb5-4fa4-a97d-d965ccfc6d4b" outcome="Passed" testListId="8c84fa94-04c1-424b-9868-57a2d4851a1d" relativeResultsDirectory="1290cf7a-46b5-4dc7-912f-628cc0be94e4" />
    <UnitTestResult executionId="18fd67ea-ea51-4b69-92fb-bfda67de3cb7" testId="751373aa-f5d7-686f-07af-6e8a9a9a3f1f" testName="Serialize_TestCases (TestParentTypeMatchBoolThisTypeMatched)" computerName="DKSR-EFI-04" duration="00:00:00.0003865" startTime="2023-12-22T09:35:48.9756894+01:00" endTime="2023-12-22T09:35:48.9756894+01:00" testType="13cdc9d9-ddb5-4fa4-a97d-d965ccfc6d4b" outcome="Passed" testListId="8c84fa94-04c1-424b-9868-57a2d4851a1d" relativeResultsDirectory="18fd67ea-ea51-4b69-92fb-bfda67de3cb7" />
    <UnitTestResult executionId="43e1962a-7970-453a-9efc-a789c53e40b7" testId="b789a227-1d2f-c14a-41cf-d52a7a553222" testName="CreateSearchResultUserControl_PluginReturnsNull_ReturnsNull" computerName="DKSR-EFI-04" duration="00:00:00.0260281" startTime="2023-12-22T09:35:50.2100748+01:00" endTime="2023-12-22T09:35:50.2256991+01:00" testType="13cdc9d9-ddb5-4fa4-a97d-d965ccfc6d4b" outcome="Passed" testListId="8c84fa94-04c1-424b-9868-57a2d4851a1d" relativeResultsDirectory="43e1962a-7970-453a-9efc-a789c53e40b7" />
    <UnitTestResult executionId="b0d7acd3-4902-4bb9-88a5-8a47bb4252ad" testId="fde698c6-a194-d6bc-8c31-bc5b72af8298" testName="ReadXml_ShouldIgnoreShape_WhenShapeIsPresenWithWrongNamespace" computerName="DKSR-EFI-04" duration="00:00:00.0003434" startTime="2023-12-22T09:35:51.6163316+01:00" endTime="2023-12-22T09:35:51.6319560+01:00" testType="13cdc9d9-ddb5-4fa4-a97d-d965ccfc6d4b" outcome="Passed" testListId="8c84fa94-04c1-424b-9868-57a2d4851a1d" relativeResultsDirectory="b0d7acd3-4902-4bb9-88a5-8a47bb4252ad" />
    <UnitTestResult executionId="0a0eb84b-be09-40d3-a20f-37d947b7743b" testId="2d7b55ce-f568-7dde-659b-5f6dd5c4e10b" testName="ClearFilterValues_NullFilter_Throws" computerName="DKSR-EFI-04" duration="00:00:00.0015066" startTime="2023-12-22T09:35:49.4444434+01:00" endTime="2023-12-22T09:35:49.4444434+01:00" testType="13cdc9d9-ddb5-4fa4-a97d-d965ccfc6d4b" outcome="Passed" testListId="8c84fa94-04c1-424b-9868-57a2d4851a1d" relativeResultsDirectory="0a0eb84b-be09-40d3-a20f-37d947b7743b" />
    <UnitTestResult executionId="0343000a-cb74-403c-b18b-f19eea0dc7ab" testId="19b10478-a96f-f7e7-c2b8-f210ce21c3d4" testName="CountByItems_NotActivated_Trial" computerName="DKSR-EFI-04" duration="00:00:00.0009596" startTime="2023-12-22T09:35:54.1944692+01:00" endTime="2023-12-22T09:35:54.1944692+01:00" testType="13cdc9d9-ddb5-4fa4-a97d-d965ccfc6d4b" outcome="Passed" testListId="8c84fa94-04c1-424b-9868-57a2d4851a1d" relativeResultsDirectory="0343000a-cb74-403c-b18b-f19eea0dc7ab" />
    <UnitTestResult executionId="a436e1f3-4bbd-45c3-a116-66b53d242fac" testId="d6cb1369-2679-afac-cddc-39c82a30eafa" testName="Constructor_ShouldThrowArgumentxception_WhenItemIsNotAMetadataDevice" computerName="DKSR-EFI-04" duration="00:00:00.0008954" startTime="2023-12-22T09:35:54.7882240+01:00" endTime="2023-12-22T09:35:54.7882240+01:00" testType="13cdc9d9-ddb5-4fa4-a97d-d965ccfc6d4b" outcome="Passed" testListId="8c84fa94-04c1-424b-9868-57a2d4851a1d" relativeResultsDirectory="a436e1f3-4bbd-45c3-a116-66b53d242fac" />
    <UnitTestResult executionId="cd9e4884-d9bf-4214-9b02-a32054b3b9de" testId="7e3dbd79-3540-0180-3ab0-0107f747a8a4" testName="SearchResultData_BeginTime_Success" computerName="DKSR-EFI-04" duration="00:00:00.0011236" startTime="2023-12-22T09:35:50.1475715+01:00" endTime="2023-12-22T09:35:50.1475715+01:00" testType="13cdc9d9-ddb5-4fa4-a97d-d965ccfc6d4b" outcome="Passed" testListId="8c84fa94-04c1-424b-9868-57a2d4851a1d" relativeResultsDirectory="cd9e4884-d9bf-4214-9b02-a32054b3b9de" />
    <UnitTestResult executionId="a663a4e5-f939-4135-bc68-7dd3537c11cc" testId="9be33bba-634e-2cc5-910a-418012d1f19f" testName="SearializePlusDeserialize_ComplexObject_ShouldResultInSameString" computerName="DKSR-EFI-04" duration="00:00:00.0013662" startTime="2023-12-22T09:35:51.1319505+01:00" endTime="2023-12-22T09:35:51.1319505+01:00" testType="13cdc9d9-ddb5-4fa4-a97d-d965ccfc6d4b" outcome="Passed" testListId="8c84fa94-04c1-424b-9868-57a2d4851a1d" relativeResultsDirectory="a663a4e5-f939-4135-bc68-7dd3537c11cc" />
    <UnitTestResult executionId="dd711add-093a-422d-977e-d4cec7df4516" testId="acaeb9e2-224e-f43f-7505-888da6b80f9b" testName="ReadXml_ShouldLogWarningTwiceWhenMoreThanOneMinuteBetweenWarnings_WhenElementErrorsAreDetected" computerName="DKSR-EFI-04" duration="00:00:00.0021391" startTime="2023-12-22T09:35:51.8507071+01:00" endTime="2023-12-22T09:35:51.8507071+01:00" testType="13cdc9d9-ddb5-4fa4-a97d-d965ccfc6d4b" outcome="Passed" testListId="8c84fa94-04c1-424b-9868-57a2d4851a1d" relativeResultsDirectory="dd711add-093a-422d-977e-d4cec7df4516" />
    <UnitTestResult executionId="f6e8516b-ac70-4906-aeef-b826794d53ff" testId="7aa7a744-f3f3-dbab-b444-2d9793ae0544" testName="Constructor_ShouldThrowArgumentNullException_WhenServerIdIsNull" computerName="DKSR-EFI-04" duration="00:00:00.0217104" startTime="2023-12-22T09:35:24.8193163+01:00" endTime="2023-12-22T09:35:24.8505657+01:00" testType="13cdc9d9-ddb5-4fa4-a97d-d965ccfc6d4b" outcome="Passed" testListId="8c84fa94-04c1-424b-9868-57a2d4851a1d" relativeResultsDirectory="f6e8516b-ac70-4906-aeef-b826794d53ff" />
    <UnitTestResult executionId="af16dc29-90c3-42a4-a9f7-10ef69876b3f" testId="2e6d5115-26cc-6226-264b-6222e4689761" testName="Contains_CameraServerName_Checked" computerName="DKSR-EFI-04" duration="00:00:00.0005176" startTime="2023-12-22T09:35:21.0692949+01:00" endTime="2023-12-22T09:35:21.0692949+01:00" testType="13cdc9d9-ddb5-4fa4-a97d-d965ccfc6d4b" outcome="Passed" testListId="8c84fa94-04c1-424b-9868-57a2d4851a1d" relativeResultsDirectory="af16dc29-90c3-42a4-a9f7-10ef69876b3f" />
    <UnitTestResult executionId="6a8d7cd6-c22f-41c5-bd94-bb569f01de30" testId="463ed80f-116f-24dc-3550-f13e45fe4889" testName="ToString_MipItemNotSet_Is_Empty" computerName="DKSR-EFI-04" duration="00:00:00.0004074" startTime="2023-12-22T09:35:46.0225515+01:00" endTime="2023-12-22T09:35:46.0225515+01:00" testType="13cdc9d9-ddb5-4fa4-a97d-d965ccfc6d4b" outcome="Passed" testListId="8c84fa94-04c1-424b-9868-57a2d4851a1d" relativeResultsDirectory="6a8d7cd6-c22f-41c5-bd94-bb569f01de30" />
    <UnitTestResult executionId="ab6398bb-2d43-4ad6-aca8-92a164c59d82" testId="ee341f6d-4feb-cbd8-824e-87dfe9d62513" testName="ReadXml_ShouldIgnoreUnknownChildren_WhenUnknownChildrenArePresent" computerName="DKSR-EFI-04" duration="00:00:00.0007382" startTime="2023-12-22T09:35:52.3194595+01:00" endTime="2023-12-22T09:35:52.3194595+01:00" testType="13cdc9d9-ddb5-4fa4-a97d-d965ccfc6d4b" outcome="Passed" testListId="8c84fa94-04c1-424b-9868-57a2d4851a1d" relativeResultsDirectory="ab6398bb-2d43-4ad6-aca8-92a164c59d82" />
    <UnitTestResult executionId="f6f0075d-5f6a-44f2-82fb-835f95be062f" testId="bfd791d4-3818-9f2c-b28d-53bbc42d1573" testName="AddFilterValue_NonExistingValue_NullFilter_Throws" computerName="DKSR-EFI-04" duration="00:00:00.0203099" startTime="2023-12-22T09:35:49.3350668+01:00" endTime="2023-12-22T09:35:49.3663215+01:00" testType="13cdc9d9-ddb5-4fa4-a97d-d965ccfc6d4b" outcome="Passed" testListId="8c84fa94-04c1-424b-9868-57a2d4851a1d" relativeResultsDirectory="f6f0075d-5f6a-44f2-82fb-835f95be062f" />
    <UnitTestResult executionId="7d6c5a56-ba5e-4db4-bb68-78faa978e44f" testId="9a98835c-961c-47c7-7156-330b8e2ed1fa" testName="Parse_Double_Complex" computerName="DKSR-EFI-04" duration="00:00:00.0003146" startTime="2023-12-22T09:35:51.1788287+01:00" endTime="2023-12-22T09:35:51.1788287+01:00" testType="13cdc9d9-ddb5-4fa4-a97d-d965ccfc6d4b" outcome="Passed" testListId="8c84fa94-04c1-424b-9868-57a2d4851a1d" relativeResultsDirectory="7d6c5a56-ba5e-4db4-bb68-78faa978e44f" />
    <UnitTestResult executionId="2f43f5f5-b2e6-4002-9ca2-17ffcc7dd928" testId="e69a267a-e07a-22bf-4915-eae5a252f8b8" testName="CountByItems_Activated_Expired" computerName="DKSR-EFI-04" duration="00:00:00.0035586" startTime="2023-12-22T09:35:54.2413433+01:00" endTime="2023-12-22T09:35:54.2413433+01:00" testType="13cdc9d9-ddb5-4fa4-a97d-d965ccfc6d4b" outcome="Passed" testListId="8c84fa94-04c1-424b-9868-57a2d4851a1d" relativeResultsDirectory="2f43f5f5-b2e6-4002-9ca2-17ffcc7dd928" />
    <UnitTestResult executionId="08bed9b9-3858-4859-b02b-b2c1131dabf4" testId="91cfec7e-ef42-5972-8313-05af41252d8d" testName="EqualGuids_Fail_OnObjectId" computerName="DKSR-EFI-04" duration="00:00:00.0004840" startTime="2023-12-22T09:35:21.1474216+01:00" endTime="2023-12-22T09:35:21.1474216+01:00" testType="13cdc9d9-ddb5-4fa4-a97d-d965ccfc6d4b" outcome="Passed" testListId="8c84fa94-04c1-424b-9868-57a2d4851a1d" relativeResultsDirectory="08bed9b9-3858-4859-b02b-b2c1131dabf4" />
    <UnitTestResult executionId="419fca53-aec8-44be-ab44-d8b35d9211cd" testId="ecf74651-4fc2-6bc3-0181-d2278e0bfbfa" testName="GetMetadataObjectIdsAsync_SingleInvocation_DelegatedToInternalMethod" computerName="DKSR-EFI-04" duration="00:00:00.0030336" startTime="2023-12-22T09:35:50.1163216+01:00" endTime="2023-12-22T09:35:50.1163216+01:00" testType="13cdc9d9-ddb5-4fa4-a97d-d965ccfc6d4b" outcome="Passed" testListId="8c84fa94-04c1-424b-9868-57a2d4851a1d" relativeResultsDirectory="419fca53-aec8-44be-ab44-d8b35d9211cd" />
    <UnitTestResult executionId="f9d82021-409f-46f9-929f-93a3947f748c" testId="687e7059-e7b1-dddd-6cf1-c4b5cd5cad05" testName="GetMetadataStream_ShouldThrowXmlException_WhenByteArrayContainsInvalidXml" computerName="DKSR-EFI-04" duration="00:00:00.0035282" startTime="2023-12-22T09:35:52.1475838+01:00" endTime="2023-12-22T09:35:52.1475838+01:00" testType="13cdc9d9-ddb5-4fa4-a97d-d965ccfc6d4b" outcome="Passed" testListId="8c84fa94-04c1-424b-9868-57a2d4851a1d" relativeResultsDirectory="f9d82021-409f-46f9-929f-93a3947f748c" />
    <UnitTestResult executionId="245d9072-a1a1-4a8b-92f5-b66fcc39fc83" testId="4d993a4f-76c0-7cf9-2048-40644000ecc0" testName="Construction_Array" computerName="DKSR-EFI-04" duration="00:00:00.0010655" startTime="2023-12-22T09:35:50.9913262+01:00" endTime="2023-12-22T09:35:50.9913262+01:00" testType="13cdc9d9-ddb5-4fa4-a97d-d965ccfc6d4b" outcome="Passed" testListId="8c84fa94-04c1-424b-9868-57a2d4851a1d" relativeResultsDirectory="245d9072-a1a1-4a8b-92f5-b66fcc39fc83" />
    <UnitTestResult executionId="25415933-74a7-41bc-9806-e9f76f5b2140" testId="31116a68-3b0f-f28f-7f53-0333062fc887" testName="GenerateParameters_ShouldWriteModel_WhenAlways" computerName="DKSR-EFI-04" duration="00:00:00.0013699" startTime="2023-12-22T09:35:54.4757211+01:00" endTime="2023-12-22T09:35:54.4913483+01:00" testType="13cdc9d9-ddb5-4fa4-a97d-d965ccfc6d4b" outcome="Passed" testListId="8c84fa94-04c1-424b-9868-57a2d4851a1d" relativeResultsDirectory="25415933-74a7-41bc-9806-e9f76f5b2140" />
    <UnitTestResult executionId="b8ba42c5-e125-4494-9ce9-a28a82e3c860" testId="add90257-7bfd-08af-414a-c1fd006f1b8f" testName="HostInitialized_ShouldNotInvokeCallback_WhenInitializedWithoutItems" computerName="DKSR-EFI-04" duration="00:00:00.1097910" startTime="2023-12-22T09:35:46.5381789+01:00" endTime="2023-12-22T09:35:46.6475536+01:00" testType="13cdc9d9-ddb5-4fa4-a97d-d965ccfc6d4b" outcome="Passed" testListId="8c84fa94-04c1-424b-9868-57a2d4851a1d" relativeResultsDirectory="b8ba42c5-e125-4494-9ce9-a28a82e3c860" />
    <UnitTestResult executionId="08463e02-01b9-4e1b-b61d-991e4595a702" testId="e36409e3-019e-24ac-3359-9d7af3a2aada" testName="MatchId_Fail_SingleMessage" computerName="DKSR-EFI-04" duration="00:00:00.0001918" startTime="2023-12-22T09:35:52.9913379+01:00" endTime="2023-12-22T09:35:52.9913379+01:00" testType="13cdc9d9-ddb5-4fa4-a97d-d965ccfc6d4b" outcome="Passed" testListId="8c84fa94-04c1-424b-9868-57a2d4851a1d" relativeResultsDirectory="08463e02-01b9-4e1b-b61d-991e4595a702" />
    <UnitTestResult executionId="933bd428-7de4-4c93-8666-04d2bab6d88e" testId="8499840e-abfc-164b-57b3-05d439aac484" testName="Serialize_ShouldThrowException_WhenPropertyIsSimpleTypeButPathContainsChildren (StringNotNullProperty)" computerName="DKSR-EFI-04" duration="00:00:00.0252936" startTime="2023-12-22T09:35:48.6319388+01:00" endTime="2023-12-22T09:35:48.7725645+01:00" testType="13cdc9d9-ddb5-4fa4-a97d-d965ccfc6d4b" outcome="Passed" testListId="8c84fa94-04c1-424b-9868-57a2d4851a1d" relativeResultsDirectory="933bd428-7de4-4c93-8666-04d2bab6d88e" />
    <UnitTestResult executionId="334a1d8d-556e-4503-b70f-0c346cd3f558" testId="d1220843-958c-7092-38af-904c7c323e51" testName="ParseMetadataXmlWithString_ShouldThrowXmExceptionWithInformationOnError_WhenNamespaceIsIncorrect" computerName="DKSR-EFI-04" duration="00:00:00.0046893" startTime="2023-12-22T09:35:52.1632073+01:00" endTime="2023-12-22T09:35:52.1788363+01:00" testType="13cdc9d9-ddb5-4fa4-a97d-d965ccfc6d4b" outcome="Passed" testListId="8c84fa94-04c1-424b-9868-57a2d4851a1d" relativeResultsDirectory="334a1d8d-556e-4503-b70f-0c346cd3f558" />
    <UnitTestResult executionId="502f0c8c-3caf-400e-bbf0-f0ebae7e4477" testId="c3df773c-1590-2c82-5cd8-cf0a4f3a6afc" testName="GetLicensePlateFilterValue_FilterValueMissing_ReturnsEmptyCollection" computerName="DKSR-EFI-04" duration="00:00:00.0005128" startTime="2023-12-22T09:35:50.9288272+01:00" endTime="2023-12-22T09:35:50.9288272+01:00" testType="13cdc9d9-ddb5-4fa4-a97d-d965ccfc6d4b" outcome="Passed" testListId="8c84fa94-04c1-424b-9868-57a2d4851a1d" relativeResultsDirectory="502f0c8c-3caf-400e-bbf0-f0ebae7e4477" />
    <UnitTestResult executionId="b3e21373-c938-4b9e-90d0-ed3603949c77" testId="405a6411-84b6-3693-5b46-0b5983feca5e" testName="ProvideValue_ShouldSetTargetProperty_WhenItemIconSourcePropertyNameIsSet" computerName="DKSR-EFI-04" duration="00:00:00.0020836" startTime="2023-12-22T09:35:47.6788091+01:00" endTime="2023-12-22T09:35:47.6788091+01:00" testType="13cdc9d9-ddb5-4fa4-a97d-d965ccfc6d4b" outcome="Passed" testListId="8c84fa94-04c1-424b-9868-57a2d4851a1d" relativeResultsDirectory="b3e21373-c938-4b9e-90d0-ed3603949c77" />
    <UnitTestResult executionId="c17675f6-56b1-42a4-83cb-fb82da2d32c8" testId="b9540196-20ef-0b94-a46f-e6138983b660" testName="ParseMetadataXmlWithString_ShouldThrowXmlException_WhenXmlIsEmpty" computerName="DKSR-EFI-04" duration="00:00:00.0008239" startTime="2023-12-22T09:35:52.1475838+01:00" endTime="2023-12-22T09:35:52.1475838+01:00" testType="13cdc9d9-ddb5-4fa4-a97d-d965ccfc6d4b" outcome="Passed" testListId="8c84fa94-04c1-424b-9868-57a2d4851a1d" relativeResultsDirectory="c17675f6-56b1-42a4-83cb-fb82da2d32c8" />
    <UnitTestResult executionId="0818e35d-40bf-4483-8b16-033b74da0164" testId="33ade990-1ccf-b0cf-8ab5-e10e49ad4630" testName="GenerateDeviceCapabilityParameters_ShouldCallGenerateEnumParametersWithCorrectPrefix_WhenThereAreEnumValues" computerName="DKSR-EFI-04" duration="00:00:00.0024549" startTime="2023-12-22T09:35:54.4444729+01:00" endTime="2023-12-22T09:35:54.4444729+01:00" testType="13cdc9d9-ddb5-4fa4-a97d-d965ccfc6d4b" outcome="Passed" testListId="8c84fa94-04c1-424b-9868-57a2d4851a1d" relativeResultsDirectory="0818e35d-40bf-4483-8b16-033b74da0164" />
    <UnitTestResult executionId="710cd578-bbaa-4fe5-b8fa-be7069f1487e" testId="4eb0c9c9-741e-7fa6-9c80-5eed459fb9fe" testName="GenerateParameters_ShouldOmitResolutionList_WhenResolutionSetIsEmpty" computerName="DKSR-EFI-04" duration="00:00:00.0002503" startTime="2023-12-22T09:35:54.3507203+01:00" endTime="2023-12-22T09:35:54.3507203+01:00" testType="13cdc9d9-ddb5-4fa4-a97d-d965ccfc6d4b" outcome="Passed" testListId="8c84fa94-04c1-424b-9868-57a2d4851a1d" relativeResultsDirectory="710cd578-bbaa-4fe5-b8fa-be7069f1487e" />
    <UnitTestResult executionId="8057bdde-0f6a-471c-af2e-fc2a54dd1681" testId="a30a662f-2ee5-0db0-93be-e23b78960c82" testName="TestSearchFilterCategories_WithOneAgentIsNull_Success" computerName="DKSR-EFI-04" duration="00:00:00.0011501" startTime="2023-12-22T09:35:49.7413204+01:00" endTime="2023-12-22T09:35:49.7413204+01:00" testType="13cdc9d9-ddb5-4fa4-a97d-d965ccfc6d4b" outcome="Passed" testListId="8c84fa94-04c1-424b-9868-57a2d4851a1d" relativeResultsDirectory="8057bdde-0f6a-471c-af2e-fc2a54dd1681" />
    <UnitTestResult executionId="26498b57-aacc-4c93-a231-a91c0a53ca91" testId="d086695e-c00a-432a-c87b-c7af0edbcb9d" testName="Serialize_TestCases (TestParentTypeMatchGenericThisTypeMatchedProperty)" computerName="DKSR-EFI-04" duration="00:00:00.0033416" startTime="2023-12-22T09:35:49.1631946+01:00" endTime="2023-12-22T09:35:49.1631946+01:00" testType="13cdc9d9-ddb5-4fa4-a97d-d965ccfc6d4b" outcome="Passed" testListId="8c84fa94-04c1-424b-9868-57a2d4851a1d" relativeResultsDirectory="26498b57-aacc-4c93-a231-a91c0a53ca91" />
    <UnitTestResult executionId="7ccc5795-26f3-45b0-80b1-833161345944" testId="ddb5c0d8-d96d-641b-981f-700b89499855" testName="GetParent_NoParent_Check" computerName="DKSR-EFI-04" duration="00:00:00.0130472" startTime="2023-12-22T09:35:21.6630540+01:00" endTime="2023-12-22T09:35:21.6786747+01:00" testType="13cdc9d9-ddb5-4fa4-a97d-d965ccfc6d4b" outcome="Passed" testListId="8c84fa94-04c1-424b-9868-57a2d4851a1d" relativeResultsDirectory="7ccc5795-26f3-45b0-80b1-833161345944" />
    <UnitTestResult executionId="402bcce0-f443-49f1-bfaf-e8c53d05501b" testId="d4b18369-f511-b320-afac-a383c554d179" testName="CountByCounter_Activated_Missing" computerName="DKSR-EFI-04" duration="00:00:00.0005795" startTime="2023-12-22T09:35:54.1788471+01:00" endTime="2023-12-22T09:35:54.1788471+01:00" testType="13cdc9d9-ddb5-4fa4-a97d-d965ccfc6d4b" outcome="Passed" testListId="8c84fa94-04c1-424b-9868-57a2d4851a1d" relativeResultsDirectory="402bcce0-f443-49f1-bfaf-e8c53d05501b" />
    <UnitTestResult executionId="e7dae79f-dfda-4518-aa0a-bca2ef7e2ae2" testId="7d577a3c-0602-a0a6-e9b5-1f43ff437a96" testName="GetAtOrBefore_ShouldReturnLastElement_WhenTimestampIsSameAsLastElement" computerName="DKSR-EFI-04" duration="00:00:00.0004786" startTime="2023-12-22T09:35:54.6319722+01:00" endTime="2023-12-22T09:35:54.6319722+01:00" testType="13cdc9d9-ddb5-4fa4-a97d-d965ccfc6d4b" outcome="Passed" testListId="8c84fa94-04c1-424b-9868-57a2d4851a1d" relativeResultsDirectory="e7dae79f-dfda-4518-aa0a-bca2ef7e2ae2" />
    <UnitTestResult executionId="c2da90ac-fa51-44ac-baeb-d92827d7876a" testId="b739f5d0-5237-1a79-e681-644aeb76938a" testName="ReadXml_ShouldReadAppearanceContents_WhenAppearanceIsPresent" computerName="DKSR-EFI-04" duration="00:00:00.0015708" startTime="2023-12-22T09:35:52.5538353+01:00" endTime="2023-12-22T09:35:52.5538353+01:00" testType="13cdc9d9-ddb5-4fa4-a97d-d965ccfc6d4b" outcome="Passed" testListId="8c84fa94-04c1-424b-9868-57a2d4851a1d" relativeResultsDirectory="c2da90ac-fa51-44ac-baeb-d92827d7876a" />
    <UnitTestResult executionId="204178b6-3dc3-402f-8716-ac47ce49f219" testId="7fa99fc8-4dae-9088-0c08-813290a88ab6" testName="WriteXml_ShouldWriteTopAttribute_WhenAlays" computerName="DKSR-EFI-04" duration="00:00:00.0003888" startTime="2023-12-22T09:35:52.6788367+01:00" endTime="2023-12-22T09:35:52.6788367+01:00" testType="13cdc9d9-ddb5-4fa4-a97d-d965ccfc6d4b" outcome="Passed" testListId="8c84fa94-04c1-424b-9868-57a2d4851a1d" relativeResultsDirectory="204178b6-3dc3-402f-8716-ac47ce49f219" />
    <UnitTestResult executionId="a511f755-150e-48d5-9514-d6fd161c2a65" testId="22286b2d-2c9e-a580-fd4a-2436919b8555" testName="GetItem_ShouldReturnItem_WhenAllAdded" computerName="DKSR-EFI-04" duration="00:00:00.0031082" startTime="2023-12-22T09:35:24.9130693+01:00" endTime="2023-12-22T09:35:24.9286926+01:00" testType="13cdc9d9-ddb5-4fa4-a97d-d965ccfc6d4b" outcome="Passed" testListId="8c84fa94-04c1-424b-9868-57a2d4851a1d" relativeResultsDirectory="a511f755-150e-48d5-9514-d6fd161c2a65" />
    <UnitTestResult executionId="83fa7c41-c0f1-41b1-9a90-b4b9cc357f2e" testId="bc878ccd-98a1-51a4-2cfc-16b619dea6f0" testName="GetChildItems_ShouldReturnNull_WhenUnknownKind" computerName="DKSR-EFI-04" duration="00:00:00.0005004" startTime="2023-12-22T09:35:24.9443172+01:00" endTime="2023-12-22T09:35:24.9443172+01:00" testType="13cdc9d9-ddb5-4fa4-a97d-d965ccfc6d4b" outcome="Passed" testListId="8c84fa94-04c1-424b-9868-57a2d4851a1d" relativeResultsDirectory="83fa7c41-c0f1-41b1-9a90-b4b9cc357f2e" />
    <UnitTestResult executionId="b16c4d81-3418-4736-995a-cf1902f9caa4" testId="5737235c-4c26-da22-d231-8a538d9299e8" testName="GenerateDeviceParameters_ShouldWriteCorrectFps_WhenFpsIsInRange" computerName="DKSR-EFI-04" duration="00:00:00.0003743" startTime="2023-12-22T09:35:54.3663473+01:00" endTime="2023-12-22T09:35:54.3663473+01:00" testType="13cdc9d9-ddb5-4fa4-a97d-d965ccfc6d4b" outcome="Passed" testListId="8c84fa94-04c1-424b-9868-57a2d4851a1d" relativeResultsDirectory="b16c4d81-3418-4736-995a-cf1902f9caa4" />
    <UnitTestResult executionId="556152d0-686a-44e1-9d6f-1854c3ed1745" testId="e6ba39e7-b277-ade5-953f-680493847818" testName="MatchId_Success_MessageWithAsteriskAtEnd_NoEnding" computerName="DKSR-EFI-04" duration="00:00:00.0001813" startTime="2023-12-22T09:35:52.9913379+01:00" endTime="2023-12-22T09:35:52.9913379+01:00" testType="13cdc9d9-ddb5-4fa4-a97d-d965ccfc6d4b" outcome="Passed" testListId="8c84fa94-04c1-424b-9868-57a2d4851a1d" relativeResultsDirectory="556152d0-686a-44e1-9d6f-1854c3ed1745" />
    <UnitTestResult executionId="ba90c5f1-9ccf-4644-b234-a43abec2f3b6" testId="66298706-cc94-6c9f-0a35-7ab07950020d" testName="GetBegin_ShouldReturnNull_WhenToolkitReturnsResponseWithNullDataList" computerName="DKSR-EFI-04" duration="00:00:00.0019743" startTime="2023-12-22T09:35:54.8194722+01:00" endTime="2023-12-22T09:35:54.8194722+01:00" testType="13cdc9d9-ddb5-4fa4-a97d-d965ccfc6d4b" outcome="Passed" testListId="8c84fa94-04c1-424b-9868-57a2d4851a1d" relativeResultsDirectory="ba90c5f1-9ccf-4644-b234-a43abec2f3b6" />
    <UnitTestResult executionId="e659c22c-a541-4388-a812-0604861a5e45" testId="cf5973cd-80eb-589d-6a2e-dee3a1384b97" testName="ReadXml_ShouldIgnoreUnknownElements_WhenUnknownElementsArePresent" computerName="DKSR-EFI-04" duration="00:00:00.0004766" startTime="2023-12-22T09:35:52.4600857+01:00" endTime="2023-12-22T09:35:52.4600857+01:00" testType="13cdc9d9-ddb5-4fa4-a97d-d965ccfc6d4b" outcome="Passed" testListId="8c84fa94-04c1-424b-9868-57a2d4851a1d" relativeResultsDirectory="e659c22c-a541-4388-a812-0604861a5e45" />
    <UnitTestResult executionId="a2791628-629e-4ccb-ba4a-0a9b802c34b5" testId="af9f1e16-b2b8-175e-5d3f-4c08d3fec0d2" testName="TestConstructorOverload_NullAgentList_Throws" computerName="DKSR-EFI-04" duration="00:00:00.0013359" startTime="2023-12-22T09:35:49.6319448+01:00" endTime="2023-12-22T09:35:49.6319448+01:00" testType="13cdc9d9-ddb5-4fa4-a97d-d965ccfc6d4b" outcome="Passed" testListId="8c84fa94-04c1-424b-9868-57a2d4851a1d" relativeResultsDirectory="a2791628-629e-4ccb-ba4a-0a9b802c34b5" />
    <UnitTestResult executionId="e17c895e-cd9f-4be1-8fe6-4fb3395bab2b" testId="eb2478e2-607b-274e-dc5e-7e8aa422b888" testName="Get_KeyNotPresent_ReturnsNull" computerName="DKSR-EFI-04" duration="00:00:00.0018398" startTime="2023-12-22T09:35:35.2256206+01:00" endTime="2023-12-22T09:35:35.2412464+01:00" testType="13cdc9d9-ddb5-4fa4-a97d-d965ccfc6d4b" outcome="Passed" testListId="8c84fa94-04c1-424b-9868-57a2d4851a1d" relativeResultsDirectory="e17c895e-cd9f-4be1-8fe6-4fb3395bab2b" />
    <UnitTestResult executionId="402f3524-6fcb-4771-ab5f-9949bf67f7f2" testId="ad47bd46-9837-73d0-5609-780aff02d505" testName="GetItem_Camera_Success" computerName="DKSR-EFI-04" duration="00:00:00.0715125" startTime="2023-12-22T09:35:51.2569538+01:00" endTime="2023-12-22T09:35:51.3350788+01:00" testType="13cdc9d9-ddb5-4fa4-a97d-d965ccfc6d4b" outcome="Passed" testListId="8c84fa94-04c1-424b-9868-57a2d4851a1d" relativeResultsDirectory="402f3524-6fcb-4771-ab5f-9949bf67f7f2" />
    <UnitTestResult executionId="b8095331-09d4-4f86-9c2a-959ecabdc25e" testId="6a90276b-bdbd-5195-546b-d62b355d6d1e" testName="Append_2Element_String" computerName="DKSR-EFI-04" duration="00:00:00.0001525" startTime="2023-12-22T09:35:51.0069515+01:00" endTime="2023-12-22T09:35:51.0069515+01:00" testType="13cdc9d9-ddb5-4fa4-a97d-d965ccfc6d4b" outcome="Passed" testListId="8c84fa94-04c1-424b-9868-57a2d4851a1d" relativeResultsDirectory="b8095331-09d4-4f86-9c2a-959ecabdc25e" />
    <UnitTestResult executionId="b96c8fe3-611d-4432-9f62-739672566ebc" testId="54151fed-fc55-77df-b7af-e1e01590fd93" testName="CountByItems_Activated_CountByCounter_Trial2" computerName="DKSR-EFI-04" duration="00:00:00.0019069" startTime="2023-12-22T09:35:54.2725950+01:00" endTime="2023-12-22T09:35:54.2725950+01:00" testType="13cdc9d9-ddb5-4fa4-a97d-d965ccfc6d4b" outcome="Passed" testListId="8c84fa94-04c1-424b-9868-57a2d4851a1d" relativeResultsDirectory="b96c8fe3-611d-4432-9f62-739672566ebc" />
    <UnitTestResult executionId="ab393c57-108a-45f4-bab7-f0a808f781c3" testId="19d3a582-cf55-1f18-55fd-1cbf218e3c1b" testName="Parse_UnstartedBracket" computerName="DKSR-EFI-04" duration="00:00:00.0007240" startTime="2023-12-22T09:35:51.1475789+01:00" endTime="2023-12-22T09:35:51.1475789+01:00" testType="13cdc9d9-ddb5-4fa4-a97d-d965ccfc6d4b" outcome="Passed" testListId="8c84fa94-04c1-424b-9868-57a2d4851a1d" relativeResultsDirectory="ab393c57-108a-45f4-bab7-f0a808f781c3" />
    <UnitTestResult executionId="23a0141c-5fb7-48fd-a683-66d65427016e" testId="27c1e810-7452-20e9-bd4a-23699743a6c7" testName="GetCompatibilityHandler_ShouldReturnFips_WhenCalledFromManagementClient" computerName="DKSR-EFI-04" duration="00:00:00.0491029" startTime="2023-12-22T09:35:54.0069678+01:00" endTime="2023-12-22T09:35:54.0538445+01:00" testType="13cdc9d9-ddb5-4fa4-a97d-d965ccfc6d4b" outcome="Passed" testListId="8c84fa94-04c1-424b-9868-57a2d4851a1d" relativeResultsDirectory="23a0141c-5fb7-48fd-a683-66d65427016e" />
    <UnitTestResult executionId="77186a65-55e2-4a3f-a16e-82942ace9676" testId="527481b0-1273-3dea-68f1-756a76377e7f" testName="ReadXml_ShouldReadMultipleClassCandidates_WhenMultipleCorrectClassCandidatesArePresent" computerName="DKSR-EFI-04" duration="00:00:00.0006512" startTime="2023-12-22T09:35:52.4913367+01:00" endTime="2023-12-22T09:35:52.4913367+01:00" testType="13cdc9d9-ddb5-4fa4-a97d-d965ccfc6d4b" outcome="Passed" testListId="8c84fa94-04c1-424b-9868-57a2d4851a1d" relativeResultsDirectory="77186a65-55e2-4a3f-a16e-82942ace9676" />
    <UnitTestResult executionId="541197ae-9deb-4429-9865-bb2bb9d3a204" testId="9af02e3c-3f3d-0108-d5a6-719e3351c066" testName="Serialize_TestCases (TestParentTypeMatchInterfaceNotThisTypeNotMatchedProperty)" computerName="DKSR-EFI-04" duration="00:00:00.0008792" startTime="2023-12-22T09:35:49.1475677+01:00" endTime="2023-12-22T09:35:49.1475677+01:00" testType="13cdc9d9-ddb5-4fa4-a97d-d965ccfc6d4b" outcome="Passed" testListId="8c84fa94-04c1-424b-9868-57a2d4851a1d" relativeResultsDirectory="541197ae-9deb-4429-9865-bb2bb9d3a204" />
    <UnitTestResult executionId="c0613b19-ec8d-42d6-a22e-ef8493a751b2" testId="c5ab203d-a402-e8af-2133-26b77b4db718" testName="Serialize_TestCases (TestParentTypeMatchGenericNotThisTypeNotMatchedProperty)" computerName="DKSR-EFI-04" duration="00:00:00.0037447" startTime="2023-12-22T09:35:49.1944450+01:00" endTime="2023-12-22T09:35:49.1944450+01:00" testType="13cdc9d9-ddb5-4fa4-a97d-d965ccfc6d4b" outcome="Passed" testListId="8c84fa94-04c1-424b-9868-57a2d4851a1d" relativeResultsDirectory="c0613b19-ec8d-42d6-a22e-ef8493a751b2" />
    <UnitTestResult executionId="efa628c6-7c3e-4d45-9db0-2ad898956e1a" testId="10efcc98-720a-6a51-bddb-12631de34c03" testName="Minimize_ShouldReturnOneInterval_WhenListContainsOneInterval" computerName="DKSR-EFI-04" duration="00:00:00.0088558" startTime="2023-12-22T09:35:35.0849937+01:00" endTime="2023-12-22T09:35:35.1006194+01:00" testType="13cdc9d9-ddb5-4fa4-a97d-d965ccfc6d4b" outcome="Passed" testListId="8c84fa94-04c1-424b-9868-57a2d4851a1d" relativeResultsDirectory="efa628c6-7c3e-4d45-9db0-2ad898956e1a" />
    <UnitTestResult executionId="1eb8536f-249a-4858-b034-49f982f2516e" testId="bef9c954-3a2d-3d83-b50d-cb24e577f8c7" testName="CreateSearchResultUserControl_NullConfiguration_ReturnsNull" computerName="DKSR-EFI-04" duration="00:00:00.0026943" startTime="2023-12-22T09:35:50.1944475+01:00" endTime="2023-12-22T09:35:50.1944475+01:00" testType="13cdc9d9-ddb5-4fa4-a97d-d965ccfc6d4b" outcome="Passed" testListId="8c84fa94-04c1-424b-9868-57a2d4851a1d" relativeResultsDirectory="1eb8536f-249a-4858-b034-49f982f2516e" />
    <UnitTestResult executionId="282102ed-ec99-4492-a013-e38278603856" testId="52280e61-dcba-6f9b-6016-eff366e7d098" testName="Match_Success_SystemTypeStartMatch" computerName="DKSR-EFI-04" duration="00:00:00.0004231" startTime="2023-12-22T09:35:53.1944641+01:00" endTime="2023-12-22T09:35:53.1944641+01:00" testType="13cdc9d9-ddb5-4fa4-a97d-d965ccfc6d4b" outcome="Passed" testListId="8c84fa94-04c1-424b-9868-57a2d4851a1d" relativeResultsDirectory="282102ed-ec99-4492-a013-e38278603856" />
    <UnitTestResult executionId="dd194cb5-d008-493b-971a-d35abd653709" testId="6063544f-f430-cb16-6dfb-368d6711c379" testName="GetNextDateTime_ShouldReturnFirstDataEntityFromToolkit_WhenDataIsNotCached" computerName="DKSR-EFI-04" duration="00:00:00.0056173" startTime="2023-12-22T09:35:54.8507258+01:00" endTime="2023-12-22T09:35:54.8507258+01:00" testType="13cdc9d9-ddb5-4fa4-a97d-d965ccfc6d4b" outcome="Passed" testListId="8c84fa94-04c1-424b-9868-57a2d4851a1d" relativeResultsDirectory="dd194cb5-d008-493b-971a-d35abd653709" />
    <UnitTestResult executionId="560abaad-62fa-45f5-be62-06ca42994a07" testId="1ad3591a-ac8c-9e26-3467-6ee13c8cfd41" testName="EqualGuids_Fail_OnOtherNull" computerName="DKSR-EFI-04" duration="00:00:00.0003468" startTime="2023-12-22T09:35:21.1474216+01:00" endTime="2023-12-22T09:35:21.1630449+01:00" testType="13cdc9d9-ddb5-4fa4-a97d-d965ccfc6d4b" outcome="Passed" testListId="8c84fa94-04c1-424b-9868-57a2d4851a1d" relativeResultsDirectory="560abaad-62fa-45f5-be62-06ca42994a07" />
    <UnitTestResult executionId="651323d0-5026-406d-a7f5-fa330df69a34" testId="e864a85a-61d6-71a9-12f2-7e66ec36a4d7" testName="ReadyToClose_OkCommand_MultiSelect_Thrown" computerName="DKSR-EFI-04" duration="00:00:00.0006716" startTime="2023-12-22T09:35:45.7569231+01:00" endTime="2023-12-22T09:35:45.7569231+01:00" testType="13cdc9d9-ddb5-4fa4-a97d-d965ccfc6d4b" outcome="Passed" testListId="8c84fa94-04c1-424b-9868-57a2d4851a1d" relativeResultsDirectory="651323d0-5026-406d-a7f5-fa330df69a34" />
    <UnitTestResult executionId="334482dd-fc01-4292-b6a2-c87630eab050" testId="8a7bd819-1e06-2c6a-fe76-84522fed468a" testName="Serialize_TestCases (TestParentTypeMatchDoubleNotThisTypeNotMatched)" computerName="DKSR-EFI-04" duration="00:00:00.0004244" startTime="2023-12-22T09:35:49.0069409+01:00" endTime="2023-12-22T09:35:49.0069409+01:00" testType="13cdc9d9-ddb5-4fa4-a97d-d965ccfc6d4b" outcome="Passed" testListId="8c84fa94-04c1-424b-9868-57a2d4851a1d" relativeResultsDirectory="334482dd-fc01-4292-b6a2-c87630eab050" />
  </Results>
  <TestDefinitions>
    <UnitTest name="ReadXml_ShouldReadLongitude_WhenLongitudeIsPresent" storage="d:\actions-runner\_work\xpco\xpco\mip\platformplugin\videoos.platform\unittest\bin\debug\net472\videoos.platform.tests.dll" id="42fa9d5a-68c0-df47-5ee1-d61bde48031d">
      <Execution id="017b12b0-3d63-4e1b-b7d5-93602f9f6f0d" />
      <TestMethod codeBase="D:\actions-runner\_work\XPCO\XPCO\MIP\PlatformPlugin\VideoOS.Platform\unittest\bin\Debug\net472\VideoOS.Platform.Tests.dll" adapterTypeName="executor://mstestadapter/v2" className="VideoOS.Platform.Tests.Metadata.NavigationalDataTests" name="ReadXml_ShouldReadLongitude_WhenLongitudeIsPresent" />
    </UnitTest>
    <UnitTest name="TestSearchFilterCategories_WithOneAgentIsNull_Success" storage="d:\actions-runner\_work\xpco\xpco\mip\platformplugin\videoos.platform\unittest\bin\debug\net472\videoos.platform.tests.dll" id="a30a662f-2ee5-0db0-93be-e23b78960c82">
      <TestCategory>
        <TestCategoryItem TestCategory="Search" />
      </TestCategory>
      <Execution id="8057bdde-0f6a-471c-af2e-fc2a54dd1681" />
      <TestMethod codeBase="D:\actions-runner\_work\XPCO\XPCO\MIP\PlatformPlugin\VideoOS.Platform\unittest\bin\Debug\net472\VideoOS.Platform.Tests.dll" adapterTypeName="executor://mstestadapter/v2" className="VideoOS.Platform.Tests.Search.SearchManagerTest" name="TestSearchFilterCategories_WithOneAgentIsNull_Success" />
    </UnitTest>
    <UnitTest name="Serialize_TestCases (TestParentTypeMatchStringThisTypeMatched)" storage="d:\actions-runner\_work\xpco\xpco\mip\platformplugin\videoos.platform\unittest\bin\debug\net472\videoos.platform.tests.dll" id="6271bc67-5e80-6155-5dfc-c8f30ff7d226">
      <Execution id="dfa9dbad-d190-4e74-b45b-23fb4c691a4c" />
      <TestMethod codeBase="D:\actions-runner\_work\XPCO\XPCO\MIP\PlatformPlugin\VideoOS.Platform\unittest\bin\Debug\net472\VideoOS.Platform.Tests.dll" adapterTypeName="executor://mstestadapter/v2" className="VideoOS.Platform.Tests.UI.Controls.Automation.Serialization.AutomationObjectSerializerTest" name="Serialize_TestCases" />
    </UnitTest>
    <UnitTest name="ToString_Check" storage="d:\actions-runner\_work\xpco\xpco\mip\platformplugin\videoos.platform\unittest\bin\debug\net472\videoos.platform.tests.dll" id="1612f291-790a-313d-a0d3-c41060967beb">
      <Execution id="449044ef-b7fd-46c0-adbc-3c69961384ca" />
      <TestMethod codeBase="D:\actions-runner\_work\XPCO\XPCO\MIP\PlatformPlugin\VideoOS.Platform\unittest\bin\Debug\net472\VideoOS.Platform.Tests.dll" adapterTypeName="executor://mstestadapter/v2" className="VideoOS.Platform.Tests.FQIDtests" name="ToString_Check" />
    </UnitTest>
    <UnitTest name="ReadXml_ShouldSetAllPropertiesToZero_WhenElementIsEmpty" storage="d:\actions-runner\_work\xpco\xpco\mip\platformplugin\videoos.platform\unittest\bin\debug\net472\videoos.platform.tests.dll" id="8084e41d-d0c2-8e1f-49b3-a67abb097eef">
      <Execution id="7aba2419-66cf-42f7-a395-9f12d3c4427b" />
      <TestMethod codeBase="D:\actions-runner\_work\XPCO\XPCO\MIP\PlatformPlugin\VideoOS.Platform\unittest\bin\Debug\net472\VideoOS.Platform.Tests.dll" adapterTypeName="executor://mstestadapter/v2" className="VideoOS.Platform.Tests.Metadata.VectorTests" name="ReadXml_ShouldSetAllPropertiesToZero_WhenElementIsEmpty" />
    </UnitTest>
    <UnitTest name="WriteXml_ShouldNotWriteAnElement_WhenTheValueIsNull" storage="d:\actions-runner\_work\xpco\xpco\mip\platformplugin\videoos.platform\unittest\bin\debug\net472\videoos.platform.tests.dll" id="4ea99d78-cb91-34d0-2b2f-1a553700bba9">
      <Execution id="ef87c580-ad33-4fa1-bc4d-544bb04a5c32" />
      <TestMethod codeBase="D:\actions-runner\_work\XPCO\XPCO\MIP\PlatformPlugin\VideoOS.Platform\unittest\bin\Debug\net472\VideoOS.Platform.Tests.dll" adapterTypeName="executor://mstestadapter/v2" className="VideoOS.Platform.Tests.Metadata.NavigationalDataTests" name="WriteXml_ShouldNotWriteAnElement_WhenTheValueIsNull" />
    </UnitTest>
    <UnitTest name="IsEmptyValue_StringFilterValue_DefaultValue_ReturnsTrue" storage="d:\actions-runner\_work\xpco\xpco\mip\platformplugin\videoos.platform\unittest\bin\debug\net472\videoos.platform.tests.dll" id="4a3d3b31-f5bb-f6f0-8775-76cae220f01b">
      <TestCategory>
        <TestCategoryItem TestCategory="Search" />
      </TestCategory>
      <Execution id="02a92523-f078-4ccf-84a2-a35d7eedca9f" />
      <TestMethod codeBase="D:\actions-runner\_work\XPCO\XPCO\MIP\PlatformPlugin\VideoOS.Platform\unittest\bin\Debug\net472\VideoOS.Platform.Tests.dll" adapterTypeName="executor://mstestadapter/v2" className="VideoOS.Platform.Tests.Search.SearchFilterTest" name="IsEmptyValue_StringFilterValue_DefaultValue_ReturnsTrue" />
    </UnitTest>
    <UnitTest name="Get_NullKey_Throws" storage="d:\actions-runner\_work\xpco\xpco\mip\platformplugin\videoos.platform\unittest\bin\debug\net472\videoos.platform.tests.dll" id="0f6413c0-cc42-e14e-f2e9-6c1a7fb644a7">
      <Execution id="809c033d-174f-4339-8f09-111195765749" />
      <TestMethod codeBase="D:\actions-runner\_work\XPCO\XPCO\MIP\PlatformPlugin\VideoOS.Platform\unittest\bin\Debug\net472\VideoOS.Platform.Tests.dll" adapterTypeName="executor://mstestadapter/v2" className="VideoOS.Platform.Tests.Util.Queue.LRUCacheTests" name="Get_NullKey_Throws" />
    </UnitTest>
    <UnitTest name="WriteXml_ShouldWriteTransformationElement_WhenTransformationIsNotNull" storage="d:\actions-runner\_work\xpco\xpco\mip\platformplugin\videoos.platform\unittest\bin\debug\net472\videoos.platform.tests.dll" id="d2780117-34b2-66e8-9cc3-23cf0c600a02">
      <Execution id="20bb2243-78f0-4aa2-8c9e-a6a74ed52f74" />
      <TestMethod codeBase="D:\actions-runner\_work\XPCO\XPCO\MIP\PlatformPlugin\VideoOS.Platform\unittest\bin\Debug\net472\VideoOS.Platform.Tests.dll" adapterTypeName="executor://mstestadapter/v2" className="VideoOS.Platform.Tests.Metadata.AppearanceTests" name="WriteXml_ShouldWriteTransformationElement_WhenTransformationIsNotNull" />
    </UnitTest>
    <UnitTest name="Constructor_ShouldThrowArgumentNullException_WhenModelIsNull" storage="d:\actions-runner\_work\xpco\xpco\mip\platformplugin\videoos.platform\unittest\bin\debug\net472\videoos.platform.tests.dll" id="12cac62c-5b3e-c0ef-167d-41a5a640f7f1">
      <Execution id="372629ca-6e98-4c08-8dce-6d667eba7fbd" />
      <TestMethod codeBase="D:\actions-runner\_work\XPCO\XPCO\MIP\PlatformPlugin\VideoOS.Platform\unittest\bin\Debug\net472\VideoOS.Platform.Tests.dll" adapterTypeName="executor://mstestadapter/v2" className="VideoOS.Platform.Tests.Data.HardwareDefinitionTests" name="Constructor_ShouldThrowArgumentNullException_WhenModelIsNull" />
    </UnitTest>
    <UnitTest name="Ctor_TwoStandardFilters_Success" storage="d:\actions-runner\_work\xpco\xpco\mip\platformplugin\videoos.platform\unittest\bin\debug\net472\videoos.platform.tests.dll" id="3350d2b0-3312-d687-fc6c-5745c7811365">
      <TestCategory>
        <TestCategoryItem TestCategory="Search" />
      </TestCategory>
      <Execution id="14222337-ecc0-4f10-8618-1336a33c7805" />
      <TestMethod codeBase="D:\actions-runner\_work\XPCO\XPCO\MIP\PlatformPlugin\VideoOS.Platform\unittest\bin\Debug\net472\VideoOS.Platform.Tests.dll" adapterTypeName="executor://mstestadapter/v2" className="VideoOS.Platform.Tests.Search.FilterCategories.PersonSearchFilterCategoryTest" name="Ctor_TwoStandardFilters_Success" />
    </UnitTest>
    <UnitTest name="WriteMetadataXml_ShouldThrowArgumentNullException_WhenMetadataIsNullWithStringBuilder" storage="d:\actions-runner\_work\xpco\xpco\mip\platformplugin\videoos.platform\unittest\bin\debug\net472\videoos.platform.tests.dll" id="04126902-9508-0ab4-a88b-c6cc8b546986">
      <Execution id="0c54dfa1-e397-4d8b-a8d2-82cbf75f3897" />
      <TestMethod codeBase="D:\actions-runner\_work\XPCO\XPCO\MIP\PlatformPlugin\VideoOS.Platform\unittest\bin\Debug\net472\VideoOS.Platform.Tests.dll" adapterTypeName="executor://mstestadapter/v2" className="VideoOS.Platform.Tests.Metadata.MetadataSerializerTests" name="WriteMetadataXml_ShouldThrowArgumentNullException_WhenMetadataIsNullWithStringBuilder" />
    </UnitTest>
    <UnitTest name="TryParseArgbString_ShouldCreateInstanceWithCorrectARGBValues_WhenFormatIsCorrectButWithWhiteSpaceBeforeOrAfter" storage="d:\actions-runner\_work\xpco\xpco\mip\platformplugin\videoos.platform\unittest\bin\debug\net472\videoos.platform.tests.dll" id="3c9f7f25-03ba-a9ac-886d-ab6e7acb2b5d">
      <Execution id="792e597c-afa6-478a-9afc-203fb7d5f44a" />
      <TestMethod codeBase="D:\actions-runner\_work\XPCO\XPCO\MIP\PlatformPlugin\VideoOS.Platform\unittest\bin\Debug\net472\VideoOS.Platform.Tests.dll" adapterTypeName="executor://mstestadapter/v2" className="VideoOS.Platform.Tests.Metadata.DisplayColorTests" name="TryParseArgbString_ShouldCreateInstanceWithCorrectARGBValues_WhenFormatIsCorrectButWithWhiteSpaceBeforeOrAfter" />
    </UnitTest>
    <UnitTest name="ReadXml_ShouldDiscardTranslate_WhenIncompleteTranslateIsPresent" storage="d:\actions-runner\_work\xpco\xpco\mip\platformplugin\videoos.platform\unittest\bin\debug\net472\videoos.platform.tests.dll" id="a42de255-353b-3499-e7ec-b18bd5c29a5c">
      <Execution id="f64f2617-41c5-494b-86bb-8ce54641611c" />
      <TestMethod codeBase="D:\actions-runner\_work\XPCO\XPCO\MIP\PlatformPlugin\VideoOS.Platform\unittest\bin\Debug\net472\VideoOS.Platform.Tests.dll" adapterTypeName="executor://mstestadapter/v2" className="VideoOS.Platform.Tests.Metadata.TransformationTests" name="ReadXml_ShouldDiscardTranslate_WhenIncompleteTranslateIsPresent" />
    </UnitTest>
    <UnitTest name="GetItem_LoginProvider_Success" storage="d:\actions-runner\_work\xpco\xpco\mip\platformplugin\videoos.platform\unittest\bin\debug\net472\videoos.platform.tests.dll" id="1ed595f1-e0b3-cd61-13ef-3cbf3778f159">
      <Execution id="e15813bb-2de0-4f19-bf83-c0c1e27c57a2" />
      <TestMethod codeBase="D:\actions-runner\_work\XPCO\XPCO\MIP\PlatformPlugin\VideoOS.Platform\unittest\bin\Debug\net472\VideoOS.Platform.Tests.dll" adapterTypeName="executor://mstestadapter/v2" className="VideoOS.Platform.Tests.Proxy.RestApi.RestApiClientDecoratorTests" name="GetItem_LoginProvider_Success" />
    </UnitTest>
    <UnitTest name="Longitude_ShouldThrowArgumentOfRange_WhenValueIsOutsideAcceptedRange" storage="d:\actions-runner\_work\xpco\xpco\mip\platformplugin\videoos.platform\unittest\bin\debug\net472\videoos.platform.tests.dll" id="be126d46-0548-695a-7287-bae8146e110d">
      <Execution id="49303bd4-2f12-45a1-9897-88abe200238c" />
      <TestMethod codeBase="D:\actions-runner\_work\XPCO\XPCO\MIP\PlatformPlugin\VideoOS.Platform\unittest\bin\Debug\net472\VideoOS.Platform.Tests.dll" adapterTypeName="executor://mstestadapter/v2" className="VideoOS.Platform.Tests.Metadata.NavigationalDataTests" name="Longitude_ShouldThrowArgumentOfRange_WhenValueIsOutsideAcceptedRange" />
    </UnitTest>
    <UnitTest name="ClearFilterValues_UnknownFilter_DoesNothing" storage="d:\actions-runner\_work\xpco\xpco\mip\platformplugin\videoos.platform\unittest\bin\debug\net472\videoos.platform.tests.dll" id="f54c02f6-10d6-820a-6be3-9cf15ec86940">
      <TestCategory>
        <TestCategoryItem TestCategory="Search" />
      </TestCategory>
      <Execution id="9de2a8d3-ef17-40f2-aab6-757f408a90f8" />
      <TestMethod codeBase="D:\actions-runner\_work\XPCO\XPCO\MIP\PlatformPlugin\VideoOS.Platform\unittest\bin\Debug\net472\VideoOS.Platform.Tests.dll" adapterTypeName="executor://mstestadapter/v2" className="VideoOS.Platform.Tests.Search.SearchCriteriaTest" name="ClearFilterValues_UnknownFilter_DoesNothing" />
    </UnitTest>
    <UnitTest name="GetIdFromPath_ShouldReturnNull_FromIncorrectPath" storage="d:\actions-runner\_work\xpco\xpco\mip\platformplugin\videoos.platform\unittest\bin\debug\net472\videoos.platform.tests.dll" id="09fa2387-002a-88c8-0b1c-134e9e315493">
      <Execution id="7a3a74d1-ad99-4bed-b01e-436b1799f0fb" />
      <TestMethod codeBase="D:\actions-runner\_work\XPCO\XPCO\MIP\PlatformPlugin\VideoOS.Platform\unittest\bin\Debug\net472\VideoOS.Platform.Tests.dll" adapterTypeName="executor://mstestadapter/v2" className="VideoOS.Platform.Tests.ConfigurationItems.FactoryTests" name="GetIdFromPath_ShouldReturnNull_FromIncorrectPath" />
    </UnitTest>
    <UnitTest name="GetFilterValuesT_SingleValueAdded_ReturnsValue" storage="d:\actions-runner\_work\xpco\xpco\mip\platformplugin\videoos.platform\unittest\bin\debug\net472\videoos.platform.tests.dll" id="4a238ba0-fcc0-32ec-05c8-4cb7401b273a">
      <TestCategory>
        <TestCategoryItem TestCategory="Search" />
      </TestCategory>
      <Execution id="6056f51e-2888-4054-982a-dc7c66cc3734" />
      <TestMethod codeBase="D:\actions-runner\_work\XPCO\XPCO\MIP\PlatformPlugin\VideoOS.Platform\unittest\bin\Debug\net472\VideoOS.Platform.Tests.dll" adapterTypeName="executor://mstestadapter/v2" className="VideoOS.Platform.Tests.Search.SearchCriteriaTest" name="GetFilterValuesT_SingleValueAdded_ReturnsValue" />
    </UnitTest>
    <UnitTest name="ProvideValue_ShouldUpdateTarget_WhenItemDataPropertyNameChanges" storage="d:\actions-runner\_work\xpco\xpco\mip\platformplugin\videoos.platform\unittest\bin\debug\net472\videoos.platform.tests.dll" id="3319ab63-2def-0c9c-879d-16907c7c07ea">
      <TestCategory>
        <TestCategoryItem TestCategory="DropDowns" />
      </TestCategory>
      <Execution id="bb6fe969-9ed3-468f-8330-900dc4dab24a" />
      <TestMethod codeBase="D:\actions-runner\_work\XPCO\XPCO\MIP\PlatformPlugin\VideoOS.Platform\unittest\bin\Debug\net472\VideoOS.Platform.Tests.dll" adapterTypeName="executor://mstestadapter/v2" className="VideoOS.Platform.Tests.UI.Controls.DropDowns.Internal.SelectedItemCustomContentDataExtensionTest" name="ProvideValue_ShouldUpdateTarget_WhenItemDataPropertyNameChanges" />
    </UnitTest>
    <UnitTest name="Parse_Int_ValidEnd_NoWhiteSpace" storage="d:\actions-runner\_work\xpco\xpco\mip\platformplugin\videoos.platform\unittest\bin\debug\net472\videoos.platform.tests.dll" id="3f36873b-eeee-f47e-801c-1028988ff18d">
      <Execution id="e1f8eecf-b7e2-427e-ac12-9384994e95cc" />
      <TestMethod codeBase="D:\actions-runner\_work\XPCO\XPCO\MIP\PlatformPlugin\VideoOS.Platform\unittest\bin\Debug\net472\VideoOS.Platform.Tests.dll" adapterTypeName="executor://mstestadapter/v2" className="VideoOS.Platform.Tests.Proxy.RestApi.JsonReaderTests" name="Parse_Int_ValidEnd_NoWhiteSpace" />
    </UnitTest>
    <UnitTest name="ReadXml_ShouldReadHorizontalAccuracy_WhenHorizontalAccuracyIsPresent" storage="d:\actions-runner\_work\xpco\xpco\mip\platformplugin\videoos.platform\unittest\bin\debug\net472\videoos.platform.tests.dll" id="520094b8-4b75-11e8-c310-4fbb0ad15d04">
      <Execution id="167be910-8e30-48ed-8889-d5efb60e4227" />
      <TestMethod codeBase="D:\actions-runner\_work\XPCO\XPCO\MIP\PlatformPlugin\VideoOS.Platform\unittest\bin\Debug\net472\VideoOS.Platform.Tests.dll" adapterTypeName="executor://mstestadapter/v2" className="VideoOS.Platform.Tests.Metadata.NavigationalDataTests" name="ReadXml_ShouldReadHorizontalAccuracy_WhenHorizontalAccuracyIsPresent" />
    </UnitTest>
    <UnitTest name="Enabled_Clean_Properties_success" storage="d:\actions-runner\_work\xpco\xpco\mip\platformplugin\videoos.platform\unittest\bin\debug\net472\videoos.platform.tests.dll" id="53422728-4202-db44-815d-fc4c107ae306">
      <Execution id="0f95fd27-f682-4af2-993a-448ad490a288" />
      <TestMethod codeBase="D:\actions-runner\_work\XPCO\XPCO\MIP\PlatformPlugin\VideoOS.Platform\unittest\bin\Debug\net472\VideoOS.Platform.Tests.dll" adapterTypeName="executor://mstestadapter/v2" className="VideoOS.Platform.Tests.ItemTests" name="Enabled_Clean_Properties_success" />
    </UnitTest>
    <UnitTest name="Convert_SingleArgumentConverter_ShouldNotAllowNullValue_WhenArgumentIsValueType" storage="d:\actions-runner\_work\xpco\xpco\mip\platformplugin\videoos.platform\unittest\bin\debug\net472\videoos.platform.tests.dll" id="4686721b-2da0-2073-d103-e6130d171947">
      <Execution id="406977de-2c05-4b8c-a375-5a88065b209e" />
      <TestMethod codeBase="D:\actions-runner\_work\XPCO\XPCO\MIP\PlatformPlugin\VideoOS.Platform\unittest\bin\Debug\net472\VideoOS.Platform.Tests.dll" adapterTypeName="executor://mstestadapter/v2" className="VideoOS.Platform.Tests.UI.Converters.LambdaConverterTest" name="Convert_SingleArgumentConverter_ShouldNotAllowNullValue_WhenArgumentIsValueType" />
    </UnitTest>
    <UnitTest name="GetParent_Success" storage="d:\actions-runner\_work\xpco\xpco\mip\platformplugin\videoos.platform\unittest\bin\debug\net472\videoos.platform.tests.dll" id="a831aa49-5e6b-6ed4-4885-992999205a90">
      <Execution id="df2533a2-6dea-4df5-aee3-bcc6b17a59cc" />
      <TestMethod codeBase="D:\actions-runner\_work\XPCO\XPCO\MIP\PlatformPlugin\VideoOS.Platform\unittest\bin\Debug\net472\VideoOS.Platform.Tests.dll" adapterTypeName="executor://mstestadapter/v2" className="VideoOS.Platform.Tests.FQIDtests" name="GetParent_Success" />
    </UnitTest>
    <UnitTest name="Serialize_TestCases (Verify root Object (not null) property get property value)" storage="d:\actions-runner\_work\xpco\xpco\mip\platformplugin\videoos.platform\unittest\bin\debug\net472\videoos.platform.tests.dll" id="7df2cba4-4ec8-04f9-d40a-3cd90e07b839">
      <Execution id="c13a2148-8922-40d4-9e2f-34b1462f731c" />
      <TestMethod codeBase="D:\actions-runner\_work\XPCO\XPCO\MIP\PlatformPlugin\VideoOS.Platform\unittest\bin\Debug\net472\VideoOS.Platform.Tests.dll" adapterTypeName="executor://mstestadapter/v2" className="VideoOS.Platform.Tests.UI.Controls.Automation.Serialization.AutomationObjectSerializerTest" name="Serialize_TestCases" />
    </UnitTest>
    <UnitTest name="IsValidSelectionCallback_ReturnsTrue_ItemSelected" storage="d:\actions-runner\_work\xpco\xpco\mip\platformplugin\videoos.platform\unittest\bin\debug\net472\videoos.platform.tests.dll" id="bb7fb76c-e069-4fd0-bdf8-cc43e62b4ee4">
      <Execution id="21944987-e642-47d2-891f-323c05eb143e" />
      <TestMethod codeBase="D:\actions-runner\_work\XPCO\XPCO\MIP\PlatformPlugin\VideoOS.Platform\unittest\bin\Debug\net472\VideoOS.Platform.Tests.dll" adapterTypeName="executor://mstestadapter/v2" className="VideoOS.Platform.Tests.UI.ItemPicker.ItemPickerViewModelTest" name="IsValidSelectionCallback_ReturnsTrue_ItemSelected" />
    </UnitTest>
    <UnitTest name="ReadXml_ShouldSetAllFieldsToDefaultValues_WhenElementIsEmpty" storage="d:\actions-runner\_work\xpco\xpco\mip\platformplugin\videoos.platform\unittest\bin\debug\net472\videoos.platform.tests.dll" id="f020995b-abe3-d649-6f42-54b2532be4d9">
      <Execution id="6a84ae52-be1e-4afe-9b74-085188efefb6" />
      <TestMethod codeBase="D:\actions-runner\_work\XPCO\XPCO\MIP\PlatformPlugin\VideoOS.Platform\unittest\bin\Debug\net472\VideoOS.Platform.Tests.dll" adapterTypeName="executor://mstestadapter/v2" className="VideoOS.Platform.Tests.Metadata.VideoAnalyticsTests" name="ReadXml_ShouldSetAllFieldsToDefaultValues_WhenElementIsEmpty" />
    </UnitTest>
    <UnitTest name="SearchResultData_IgnoredSearchFilters_Success" storage="d:\actions-runner\_work\xpco\xpco\mip\platformplugin\videoos.platform\unittest\bin\debug\net472\videoos.platform.tests.dll" id="3b98c405-59b2-7eb5-3579-4fa697a97bb2">
      <TestCategory>
        <TestCategoryItem TestCategory="Search" />
      </TestCategory>
      <Execution id="ed925fb2-1c63-4341-a38a-ce3899c76b1a" />
      <TestMethod codeBase="D:\actions-runner\_work\XPCO\XPCO\MIP\PlatformPlugin\VideoOS.Platform\unittest\bin\Debug\net472\VideoOS.Platform.Tests.dll" adapterTypeName="executor://mstestadapter/v2" className="VideoOS.Platform.Tests.Search.SearchResultDataTest" name="SearchResultData_IgnoredSearchFilters_Success" />
    </UnitTest>
    <UnitTest name="Peek_EmptyQueue_ReturnsNull" storage="d:\actions-runner\_work\xpco\xpco\mip\platformplugin\videoos.platform\unittest\bin\debug\net472\videoos.platform.tests.dll" id="7e481df7-029e-9d77-33ba-d4462cdb83bc">
      <Execution id="2af7a1b7-2c68-4501-a0e8-3125aaee8f09" />
      <TestMethod codeBase="D:\actions-runner\_work\XPCO\XPCO\MIP\PlatformPlugin\VideoOS.Platform\unittest\bin\Debug\net472\VideoOS.Platform.Tests.dll" adapterTypeName="executor://mstestadapter/v2" className="VideoOS.Platform.Tests.Util.Queue.ConcurrentQueueSlimTests" name="Peek_EmptyQueue_ReturnsNull" />
    </UnitTest>
    <UnitTest name="Contains_CameraFail_Checked" storage="d:\actions-runner\_work\xpco\xpco\mip\platformplugin\videoos.platform\unittest\bin\debug\net472\videoos.platform.tests.dll" id="bd10e1d0-a002-0856-831f-b5cf43dbc863">
      <Execution id="a3c21a32-c116-4507-b7a5-3cad1988614b" />
      <TestMethod codeBase="D:\actions-runner\_work\XPCO\XPCO\MIP\PlatformPlugin\VideoOS.Platform\unittest\bin\Debug\net472\VideoOS.Platform.Tests.dll" adapterTypeName="executor://mstestadapter/v2" className="VideoOS.Platform.Tests.FQIDtests" name="Contains_CameraFail_Checked" />
    </UnitTest>
    <UnitTest name="FindCacheEntryBefore_ShuldReturnEntryBeforeTimeStamp_WhenThereIsAnEntryBeforeTheTimestamp" storage="d:\actions-runner\_work\xpco\xpco\mip\platformplugin\videoos.platform\unittest\bin\debug\net472\videoos.platform.tests.dll" id="90432d5a-5fa4-a037-9446-73f5d0f5dd30">
      <Execution id="a48de7e9-c6ca-4104-ab6e-b80a6002dd03" />
      <TestMethod codeBase="D:\actions-runner\_work\XPCO\XPCO\MIP\PlatformPlugin\VideoOS.Platform\unittest\bin\Debug\net472\VideoOS.Platform.Tests.dll" adapterTypeName="executor://mstestadapter/v2" className="VideoOS.Platform.Tests.Data.MetadataCacheTests" name="FindCacheEntryBefore_ShuldReturnEntryBeforeTimeStamp_WhenThereIsAnEntryBeforeTheTimestamp" />
    </UnitTest>
    <UnitTest name="Serialize_TestCases (TestParentTypeMatchGenericNotThisTypeNotMatchedProperty)" storage="d:\actions-runner\_work\xpco\xpco\mip\platformplugin\videoos.platform\unittest\bin\debug\net472\videoos.platform.tests.dll" id="c5ab203d-a402-e8af-2133-26b77b4db718">
      <Execution id="c0613b19-ec8d-42d6-a22e-ef8493a751b2" />
      <TestMethod codeBase="D:\actions-runner\_work\XPCO\XPCO\MIP\PlatformPlugin\VideoOS.Platform\unittest\bin\Debug\net472\VideoOS.Platform.Tests.dll" adapterTypeName="executor://mstestadapter/v2" className="VideoOS.Platform.Tests.UI.Controls.Automation.Serialization.AutomationObjectSerializerTest" name="Serialize_TestCases" />
    </UnitTest>
    <UnitTest name="GenerateTypeDefinintionParameters_ShouldWriteName_WhenAlways" storage="d:\actions-runner\_work\xpco\xpco\mip\platformplugin\videoos.platform\unittest\bin\debug\net472\videoos.platform.tests.dll" id="c1ccc07e-0232-8793-44eb-68dba00ee95d">
      <Execution id="6c75d6bf-a197-4264-8327-1ec34ec3407b" />
      <TestMethod codeBase="D:\actions-runner\_work\XPCO\XPCO\MIP\PlatformPlugin\VideoOS.Platform\unittest\bin\Debug\net472\VideoOS.Platform.Tests.dll" adapterTypeName="executor://mstestadapter/v2" className="VideoOS.Platform.Tests.Data.MetadataTypeDefinitionTests" name="GenerateTypeDefinintionParameters_ShouldWriteName_WhenAlways" />
    </UnitTest>
    <UnitTest name="GetColorFilterValues_NullCriteria_Throws" storage="d:\actions-runner\_work\xpco\xpco\mip\platformplugin\videoos.platform\unittest\bin\debug\net472\videoos.platform.tests.dll" id="64de42c5-cf32-f94a-2ab2-81439a18d091">
      <TestCategory>
        <TestCategoryItem TestCategory="Search" />
      </TestCategory>
      <Execution id="793092fd-a491-469b-ad3d-acfea3f91262" />
      <TestMethod codeBase="D:\actions-runner\_work\XPCO\XPCO\MIP\PlatformPlugin\VideoOS.Platform\unittest\bin\Debug\net472\VideoOS.Platform.Tests.dll" adapterTypeName="executor://mstestadapter/v2" className="VideoOS.Platform.Tests.Search.FilterCategories.VehicleSearchFilterCategoryTest" name="GetColorFilterValues_NullCriteria_Throws" />
    </UnitTest>
    <UnitTest name="OnSearchResultsReady_NullArgument_SearchResultReadyEventNotFired" storage="d:\actions-runner\_work\xpco\xpco\mip\platformplugin\videoos.platform\unittest\bin\debug\net472\videoos.platform.tests.dll" id="a6df64d2-0698-ce92-fd77-5adbbae94068">
      <TestCategory>
        <TestCategoryItem TestCategory="Search" />
      </TestCategory>
      <Execution id="833d702b-c445-4622-a73c-102118dc6613" />
      <TestMethod codeBase="D:\actions-runner\_work\XPCO\XPCO\MIP\PlatformPlugin\VideoOS.Platform\unittest\bin\Debug\net472\VideoOS.Platform.Tests.dll" adapterTypeName="executor://mstestadapter/v2" className="VideoOS.Platform.Tests.Search.SearchDefinitionTest" name="OnSearchResultsReady_NullArgument_SearchResultReadyEventNotFired" />
    </UnitTest>
    <UnitTest name="WriteXml_ShouldWriteColorAttribute_WhenPresent" storage="d:\actions-runner\_work\xpco\xpco\mip\platformplugin\videoos.platform\unittest\bin\debug\net472\videoos.platform.tests.dll" id="a68e6a6e-4209-2d96-e42e-fdfc6deeba69">
      <Execution id="48decf13-568f-4b70-a66c-dd5cfb90ecda" />
      <TestMethod codeBase="D:\actions-runner\_work\XPCO\XPCO\MIP\PlatformPlugin\VideoOS.Platform\unittest\bin\Debug\net472\VideoOS.Platform.Tests.dll" adapterTypeName="executor://mstestadapter/v2" className="VideoOS.Platform.Tests.Metadata.DisplayTextTests" name="WriteXml_ShouldWriteColorAttribute_WhenPresent" />
    </UnitTest>
    <UnitTest name="Set_Int" storage="d:\actions-runner\_work\xpco\xpco\mip\platformplugin\videoos.platform\unittest\bin\debug\net472\videoos.platform.tests.dll" id="468a7b03-b2a7-446e-1f1f-8f32f73da7b5">
      <Execution id="902b8747-48de-4d80-8cb5-225e730fae46" />
      <TestMethod codeBase="D:\actions-runner\_work\XPCO\XPCO\MIP\PlatformPlugin\VideoOS.Platform\unittest\bin\Debug\net472\VideoOS.Platform.Tests.dll" adapterTypeName="executor://mstestadapter/v2" className="VideoOS.Platform.Tests.Proxy.RestApi.JsonReaderTests" name="Set_Int" />
    </UnitTest>
    <UnitTest name="Serialize_TestCases (TestParentTypeMatchStructThisTypeMatched)" storage="d:\actions-runner\_work\xpco\xpco\mip\platformplugin\videoos.platform\unittest\bin\debug\net472\videoos.platform.tests.dll" id="a55aaf93-07d3-2d94-7ff3-69bf177f189d">
      <Execution id="afad733d-2f3d-4ad7-8471-dbed44a2b386" />
      <TestMethod codeBase="D:\actions-runner\_work\XPCO\XPCO\MIP\PlatformPlugin\VideoOS.Platform\unittest\bin\Debug\net472\VideoOS.Platform.Tests.dll" adapterTypeName="executor://mstestadapter/v2" className="VideoOS.Platform.Tests.UI.Controls.Automation.Serialization.AutomationObjectSerializerTest" name="Serialize_TestCases" />
    </UnitTest>
    <UnitTest name="ReadXml_ShouldLogWarning_WhenBoundingBoxIsMissing" storage="d:\actions-runner\_work\xpco\xpco\mip\platformplugin\videoos.platform\unittest\bin\debug\net472\videoos.platform.tests.dll" id="7487e89c-78f3-9567-7976-60fdef3ca987">
      <Execution id="fad0667c-c7d2-4e3e-beb6-8bc87f4a8def" />
      <TestMethod codeBase="D:\actions-runner\_work\XPCO\XPCO\MIP\PlatformPlugin\VideoOS.Platform\unittest\bin\Debug\net472\VideoOS.Platform.Tests.dll" adapterTypeName="executor://mstestadapter/v2" className="VideoOS.Platform.Tests.Metadata.ShapeTests" name="ReadXml_ShouldLogWarning_WhenBoundingBoxIsMissing" />
    </UnitTest>
    <UnitTest name="Constructor_ShouldThrowArgumentxception_WhenItemIsNotAMetadataDevice" storage="d:\actions-runner\_work\xpco\xpco\mip\platformplugin\videoos.platform\unittest\bin\debug\net472\videoos.platform.tests.dll" id="d6cb1369-2679-afac-cddc-39c82a30eafa">
      <Execution id="a436e1f3-4bbd-45c3-a116-66b53d242fac" />
      <TestMethod codeBase="D:\actions-runner\_work\XPCO\XPCO\MIP\PlatformPlugin\VideoOS.Platform\unittest\bin\Debug\net472\VideoOS.Platform.Tests.dll" adapterTypeName="executor://mstestadapter/v2" className="VideoOS.Platform.Tests.Data.MetadataPlaybackSourceTests" name="Constructor_ShouldThrowArgumentxception_WhenItemIsNotAMetadataDevice" />
    </UnitTest>
    <UnitTest name="CreateSearchFilterEditControl_MultiplePlugins_Success" storage="d:\actions-runner\_work\xpco\xpco\mip\platformplugin\videoos.platform\unittest\bin\debug\net472\videoos.platform.tests.dll" id="7e3c3908-f70c-8d41-e8fe-866ddfe5a4bc">
      <TestCategory>
        <TestCategoryItem TestCategory="Search" />
      </TestCategory>
      <Execution id="63e8b19c-9848-49ef-809c-8d84a587f9e3" />
      <TestMethod codeBase="D:\actions-runner\_work\XPCO\XPCO\MIP\PlatformPlugin\VideoOS.Platform\unittest\bin\Debug\net472\VideoOS.Platform.Tests.dll" adapterTypeName="executor://mstestadapter/v2" className="VideoOS.Platform.Tests.Search.SearchUserControlResolverTest" name="CreateSearchFilterEditControl_MultiplePlugins_Success" />
    </UnitTest>
    <UnitTest name="Add_ShouldInvokeCallback_WhenObservable" storage="d:\actions-runner\_work\xpco\xpco\mip\platformplugin\videoos.platform\unittest\bin\debug\net472\videoos.platform.tests.dll" id="d2e27528-7e9c-f741-028a-9dd7eea4c92c">
      <Execution id="930eb1c3-4bbd-42c5-bada-ad904ca2bf95" />
      <TestMethod codeBase="D:\actions-runner\_work\XPCO\XPCO\MIP\PlatformPlugin\VideoOS.Platform\unittest\bin\Debug\net472\VideoOS.Platform.Tests.dll" adapterTypeName="executor://mstestadapter/v2" className="VideoOS.Platform.Tests.UI.Controls.CollectionHelperGenericTest" name="Add_ShouldInvokeCallback_WhenObservable" />
    </UnitTest>
    <UnitTest name="ReadXml_ShouldLogWarningOnlyOnceWithinOneMinute_WhenClassCandidateIsNotValid" storage="d:\actions-runner\_work\xpco\xpco\mip\platformplugin\videoos.platform\unittest\bin\debug\net472\videoos.platform.tests.dll" id="21fa9385-bfaf-d1fb-f620-6ac18f449c60">
      <Execution id="d45d843f-20a7-4f17-ab25-6c1088819fa8" />
      <TestMethod codeBase="D:\actions-runner\_work\XPCO\XPCO\MIP\PlatformPlugin\VideoOS.Platform\unittest\bin\Debug\net472\VideoOS.Platform.Tests.dll" adapterTypeName="executor://mstestadapter/v2" className="VideoOS.Platform.Tests.Metadata.OnvifClassTests" name="ReadXml_ShouldLogWarningOnlyOnceWithinOneMinute_WhenClassCandidateIsNotValid" />
    </UnitTest>
    <UnitTest name="HasBehaviours_ShouldReturnTrue_WhenEitherIdleOrRemovedIsTrue" storage="d:\actions-runner\_work\xpco\xpco\mip\platformplugin\videoos.platform\unittest\bin\debug\net472\videoos.platform.tests.dll" id="251b347e-5118-6923-54c2-687fcb9f9027">
      <Execution id="01d7b1da-41f2-4f60-855f-2e40552eed60" />
      <TestMethod codeBase="D:\actions-runner\_work\XPCO\XPCO\MIP\PlatformPlugin\VideoOS.Platform\unittest\bin\Debug\net472\VideoOS.Platform.Tests.dll" adapterTypeName="executor://mstestadapter/v2" className="VideoOS.Platform.Tests.Metadata.BehaviourTests" name="HasBehaviours_ShouldReturnTrue_WhenEitherIdleOrRemovedIsTrue" />
    </UnitTest>
    <UnitTest name="Serialize_TestCases (TestParentAllPrimitiveProperties)" storage="d:\actions-runner\_work\xpco\xpco\mip\platformplugin\videoos.platform\unittest\bin\debug\net472\videoos.platform.tests.dll" id="1d0e5606-0b8d-94c1-50c1-0642b9810496">
      <Execution id="785113fe-8c15-44d5-b901-bc162c3badbf" />
      <TestMethod codeBase="D:\actions-runner\_work\XPCO\XPCO\MIP\PlatformPlugin\VideoOS.Platform\unittest\bin\Debug\net472\VideoOS.Platform.Tests.dll" adapterTypeName="executor://mstestadapter/v2" className="VideoOS.Platform.Tests.UI.Controls.Automation.Serialization.AutomationObjectSerializerTest" name="Serialize_TestCases" />
    </UnitTest>
    <UnitTest name="Clear_NonEmptyQueue_QueueCleared" storage="d:\actions-runner\_work\xpco\xpco\mip\platformplugin\videoos.platform\unittest\bin\debug\net472\videoos.platform.tests.dll" id="ce34eb52-9bf0-0190-75b5-426ffc55227b">
      <Execution id="314471c5-ac5b-4e8a-bac5-7b9a635bf5d1" />
      <TestMethod codeBase="D:\actions-runner\_work\XPCO\XPCO\MIP\PlatformPlugin\VideoOS.Platform\unittest\bin\Debug\net472\VideoOS.Platform.Tests.dll" adapterTypeName="executor://mstestadapter/v2" className="VideoOS.Platform.Tests.Util.Queue.ConcurrentQueueSlimTests" name="Clear_NonEmptyQueue_QueueCleared" />
    </UnitTest>
    <UnitTest name="Serialize_Deserialize_WithSpecialChars" storage="d:\actions-runner\_work\xpco\xpco\mip\platformplugin\videoos.platform\unittest\bin\debug\net472\videoos.platform.tests.dll" id="88aa33f2-80ef-ffeb-281e-b6e341b95ce9">
      <Execution id="5c51f2bd-deb3-4017-8c81-3406100d2f07" />
      <TestMethod codeBase="D:\actions-runner\_work\XPCO\XPCO\MIP\PlatformPlugin\VideoOS.Platform\unittest\bin\Debug\net472\VideoOS.Platform.Tests.dll" adapterTypeName="executor://mstestadapter/v2" className="VideoOS.Platform.Tests.ItemTests" name="Serialize_Deserialize_WithSpecialChars" />
    </UnitTest>
    <UnitTest name="GetPrevious_ShouldReturnLastDataEntityFromToolkitCall_WhenDataIsNotInCache" storage="d:\actions-runner\_work\xpco\xpco\mip\platformplugin\videoos.platform\unittest\bin\debug\net472\videoos.platform.tests.dll" id="b9255dfa-9628-1fda-ee6f-f5fa66f81e57">
      <Execution id="bb760d6e-c2c2-4289-8695-4f09154cf776" />
      <TestMethod codeBase="D:\actions-runner\_work\XPCO\XPCO\MIP\PlatformPlugin\VideoOS.Platform\unittest\bin\Debug\net472\VideoOS.Platform.Tests.dll" adapterTypeName="executor://mstestadapter/v2" className="VideoOS.Platform.Tests.Data.MetadataPlaybackSourceTests" name="GetPrevious_ShouldReturnLastDataEntityFromToolkitCall_WhenDataIsNotInCache" />
    </UnitTest>
    <UnitTest name="Serialize_ShouldHandleRecursiveCollectionWithCustomRootObject" storage="d:\actions-runner\_work\xpco\xpco\mip\platformplugin\videoos.platform\unittest\bin\debug\net472\videoos.platform.tests.dll" id="420e5a34-3d7f-4641-51ff-8be4f28538e4">
      <Execution id="1e8fe2c1-16cb-474e-ab12-49bc9be2553f" />
      <TestMethod codeBase="D:\actions-runner\_work\XPCO\XPCO\MIP\PlatformPlugin\VideoOS.Platform\unittest\bin\Debug\net472\VideoOS.Platform.Tests.dll" adapterTypeName="executor://mstestadapter/v2" className="VideoOS.Platform.Tests.UI.Controls.Automation.Serialization.AutomationObjectSerializerRecursionTests" name="Serialize_ShouldHandleRecursiveCollectionWithCustomRootObject" />
    </UnitTest>
    <UnitTest name="RemoveItem_AnalyticsEvent_Success" storage="d:\actions-runner\_work\xpco\xpco\mip\platformplugin\videoos.platform\unittest\bin\debug\net472\videoos.platform.tests.dll" id="d63fece0-6979-6a7f-ca42-f76bdbd7d24d">
      <Execution id="d2bd8084-4cab-4c87-80bf-ab3159cc0b1b" />
      <TestMethod codeBase="D:\actions-runner\_work\XPCO\XPCO\MIP\PlatformPlugin\VideoOS.Platform\unittest\bin\Debug\net472\VideoOS.Platform.Tests.dll" adapterTypeName="executor://mstestadapter/v2" className="VideoOS.Platform.Tests.Proxy.RestApi.RestApiClientDecoratorTests" name="RemoveItem_AnalyticsEvent_Success" />
    </UnitTest>
    <UnitTest name="TestStartSearch_SearchThrowsException_Success" storage="d:\actions-runner\_work\xpco\xpco\mip\platformplugin\videoos.platform\unittest\bin\debug\net472\videoos.platform.tests.dll" id="75ddd398-1cad-151d-e563-84e2015359ae">
      <TestCategory>
        <TestCategoryItem TestCategory="Search" />
      </TestCategory>
      <Execution id="39517d28-620f-425c-b867-f93b75b5d943" />
      <TestMethod codeBase="D:\actions-runner\_work\XPCO\XPCO\MIP\PlatformPlugin\VideoOS.Platform\unittest\bin\Debug\net472\VideoOS.Platform.Tests.dll" adapterTypeName="executor://mstestadapter/v2" className="VideoOS.Platform.Tests.Search.SearchManagerTest" name="TestStartSearch_SearchThrowsException_Success" />
    </UnitTest>
    <UnitTest name="ReadXml_ShouldIgnoreClassCandidate_WhenClassCandidateIsNotValid" storage="d:\actions-runner\_work\xpco\xpco\mip\platformplugin\videoos.platform\unittest\bin\debug\net472\videoos.platform.tests.dll" id="fa6e843e-faa4-966b-f711-d61b61e7366c">
      <Execution id="dcc0c74b-e0a5-4557-b1f1-0d176d53fa51" />
      <TestMethod codeBase="D:\actions-runner\_work\XPCO\XPCO\MIP\PlatformPlugin\VideoOS.Platform\unittest\bin\Debug\net472\VideoOS.Platform.Tests.dll" adapterTypeName="executor://mstestadapter/v2" className="VideoOS.Platform.Tests.Metadata.OnvifClassTests" name="ReadXml_ShouldIgnoreClassCandidate_WhenClassCandidateIsNotValid" />
    </UnitTest>
    <UnitTest name="ReadAppearanceExtensionXml_ShouldNotSetBoundingBoxLineThickness_WhenBoundingBoxLineThicknessIsNotPresent" storage="d:\actions-runner\_work\xpco\xpco\mip\platformplugin\videoos.platform\unittest\bin\debug\net472\videoos.platform.tests.dll" id="049489f2-1a42-cae5-971b-5636d7488caa">
      <Execution id="a3c3e004-478a-465e-a97e-50d384bbca82" />
      <TestMethod codeBase="D:\actions-runner\_work\XPCO\XPCO\MIP\PlatformPlugin\VideoOS.Platform\unittest\bin\Debug\net472\VideoOS.Platform.Tests.dll" adapterTypeName="executor://mstestadapter/v2" className="VideoOS.Platform.Tests.Metadata.RectangleTests" name="ReadAppearanceExtensionXml_ShouldNotSetBoundingBoxLineThickness_WhenBoundingBoxLineThicknessIsNotPresent" />
    </UnitTest>
    <UnitTest name="Serialize_TestCases (TestParentTypeMatchCollectionNotThisTypeNotMatchedProperty)" storage="d:\actions-runner\_work\xpco\xpco\mip\platformplugin\videoos.platform\unittest\bin\debug\net472\videoos.platform.tests.dll" id="e7fd8dc1-f344-e46a-1f5a-badd0fb3eee8">
      <Execution id="908f8dbb-15a5-4d59-99e9-2d19c7252869" />
      <TestMethod codeBase="D:\actions-runner\_work\XPCO\XPCO\MIP\PlatformPlugin\VideoOS.Platform\unittest\bin\Debug\net472\VideoOS.Platform.Tests.dll" adapterTypeName="executor://mstestadapter/v2" className="VideoOS.Platform.Tests.UI.Controls.Automation.Serialization.AutomationObjectSerializerTest" name="Serialize_TestCases" />
    </UnitTest>
    <UnitTest name="Add_ShouldNotReplaceLastElement_WhenStartTimeOfLastIsDifferentFromAdded" storage="d:\actions-runner\_work\xpco\xpco\mip\platformplugin\videoos.platform\unittest\bin\debug\net472\videoos.platform.tests.dll" id="c8844d95-6b3e-d2a5-0238-e17eb53985e3">
      <Execution id="eccaaefe-65b8-4356-9349-cb22796e6d8d" />
      <TestMethod codeBase="D:\actions-runner\_work\XPCO\XPCO\MIP\PlatformPlugin\VideoOS.Platform\unittest\bin\Debug\net472\VideoOS.Platform.Tests.dll" adapterTypeName="executor://mstestadapter/v2" className="VideoOS.Platform.Tests.Client.SequenceCacheTests" name="Add_ShouldNotReplaceLastElement_WhenStartTimeOfLastIsDifferentFromAdded" />
    </UnitTest>
    <UnitTest name="GetNearest_ShouldReturnClosestElement_WhenTimestampIsInSmallCache" storage="d:\actions-runner\_work\xpco\xpco\mip\platformplugin\videoos.platform\unittest\bin\debug\net472\videoos.platform.tests.dll" id="f429442b-db90-b095-7991-b9ca4c955f13">
      <Execution id="9a6cd142-1327-4818-be52-9641b0f69011" />
      <TestMethod codeBase="D:\actions-runner\_work\XPCO\XPCO\MIP\PlatformPlugin\VideoOS.Platform\unittest\bin\Debug\net472\VideoOS.Platform.Tests.dll" adapterTypeName="executor://mstestadapter/v2" className="VideoOS.Platform.Tests.Data.MetadataCacheTests" name="GetNearest_ShouldReturnClosestElement_WhenTimestampIsInSmallCache" />
    </UnitTest>
    <UnitTest name="ParseArgbString_ShouldThrowFormatException_WhenFormatIsIncorrect" storage="d:\actions-runner\_work\xpco\xpco\mip\platformplugin\videoos.platform\unittest\bin\debug\net472\videoos.platform.tests.dll" id="9a98e390-44f3-131c-5fc0-966dedface8e">
      <Execution id="b1a2e4c0-89a9-4a89-8a2c-ef09eb661434" />
      <TestMethod codeBase="D:\actions-runner\_work\XPCO\XPCO\MIP\PlatformPlugin\VideoOS.Platform\unittest\bin\Debug\net472\VideoOS.Platform.Tests.dll" adapterTypeName="executor://mstestadapter/v2" className="VideoOS.Platform.Tests.Metadata.DisplayColorTests" name="ParseArgbString_ShouldThrowFormatException_WhenFormatIsIncorrect" />
    </UnitTest>
    <UnitTest name="ReadXml_ShouldIgnoreUnknownChildren_WhenUnknownChildrenArePresent" storage="d:\actions-runner\_work\xpco\xpco\mip\platformplugin\videoos.platform\unittest\bin\debug\net472\videoos.platform.tests.dll" id="dc042fe4-506a-6277-bf5c-9f1d13854fc7">
      <Execution id="c77d81c5-cd83-446c-95af-252b57d9b180" />
      <TestMethod codeBase="D:\actions-runner\_work\XPCO\XPCO\MIP\PlatformPlugin\VideoOS.Platform\unittest\bin\Debug\net472\VideoOS.Platform.Tests.dll" adapterTypeName="executor://mstestadapter/v2" className="VideoOS.Platform.Tests.Metadata.ClassCandidateTests" name="ReadXml_ShouldIgnoreUnknownChildren_WhenUnknownChildrenArePresent" />
    </UnitTest>
    <UnitTest name="Parse_Int_Invalid_end" storage="d:\actions-runner\_work\xpco\xpco\mip\platformplugin\videoos.platform\unittest\bin\debug\net472\videoos.platform.tests.dll" id="3d785457-9ab7-7088-1cc3-dd4fad28665b">
      <Execution id="d48625f8-5e4a-4599-9ca7-74aa2cf6f1f8" />
      <TestMethod codeBase="D:\actions-runner\_work\XPCO\XPCO\MIP\PlatformPlugin\VideoOS.Platform\unittest\bin\Debug\net472\VideoOS.Platform.Tests.dll" adapterTypeName="executor://mstestadapter/v2" className="VideoOS.Platform.Tests.Proxy.RestApi.JsonReaderTests" name="Parse_Int_Invalid_end" />
    </UnitTest>
    <UnitTest name="Serialize_TestCases (TestParentTypeMatchDoubleNotThisTypeMatched)" storage="d:\actions-runner\_work\xpco\xpco\mip\platformplugin\videoos.platform\unittest\bin\debug\net472\videoos.platform.tests.dll" id="42302bdc-1d63-06ab-e9d6-928e15c70dec">
      <Execution id="e7b989bf-d55e-4d0a-8104-3f886947860f" />
      <TestMethod codeBase="D:\actions-runner\_work\XPCO\XPCO\MIP\PlatformPlugin\VideoOS.Platform\unittest\bin\Debug\net472\VideoOS.Platform.Tests.dll" adapterTypeName="executor://mstestadapter/v2" className="VideoOS.Platform.Tests.UI.Controls.Automation.Serialization.AutomationObjectSerializerTest" name="Serialize_TestCases" />
    </UnitTest>
    <UnitTest name="WriteXml_ShouldWriteTranslateElement_WhenTranslateIsNotNull" storage="d:\actions-runner\_work\xpco\xpco\mip\platformplugin\videoos.platform\unittest\bin\debug\net472\videoos.platform.tests.dll" id="0bd5a705-f6f8-0f3a-8c3d-f1c97380c236">
      <Execution id="820b109c-165c-460e-ae9f-7e8432dfc4ce" />
      <TestMethod codeBase="D:\actions-runner\_work\XPCO\XPCO\MIP\PlatformPlugin\VideoOS.Platform\unittest\bin\Debug\net472\VideoOS.Platform.Tests.dll" adapterTypeName="executor://mstestadapter/v2" className="VideoOS.Platform.Tests.Metadata.TransformationTests" name="WriteXml_ShouldWriteTranslateElement_WhenTranslateIsNotNull" />
    </UnitTest>
    <UnitTest name="OverlapsWith_ShouldReturnFalse_WhenArgumenEndIsEqualToStart" storage="d:\actions-runner\_work\xpco\xpco\mip\platformplugin\videoos.platform\unittest\bin\debug\net472\videoos.platform.tests.dll" id="78226ef2-fcbe-8c02-29f4-cc48e0495b30">
      <Execution id="38ff7ac1-9384-438f-8731-5c52dc09140b" />
      <TestMethod codeBase="D:\actions-runner\_work\XPCO\XPCO\MIP\PlatformPlugin\VideoOS.Platform\unittest\bin\Debug\net472\VideoOS.Platform.Tests.dll" adapterTypeName="executor://mstestadapter/v2" className="VideoOS.Platform.Tests.Util.TimeIntervalTests" name="OverlapsWith_ShouldReturnFalse_WhenArgumenEndIsEqualToStart" />
    </UnitTest>
    <UnitTest name="EndTimeShouldReturnConstructorParameter" storage="d:\actions-runner\_work\xpco\xpco\mip\platformplugin\videoos.platform\unittest\bin\debug\net472\videoos.platform.tests.dll" id="0138d714-b11a-1112-3975-544e9807700f">
      <Execution id="fdf1b66a-37ac-455b-8a34-760f16542942" />
      <TestMethod codeBase="D:\actions-runner\_work\XPCO\XPCO\MIP\PlatformPlugin\VideoOS.Platform\unittest\bin\Debug\net472\VideoOS.Platform.Tests.dll" adapterTypeName="executor://mstestadapter/v2" className="VideoOS.Platform.Tests.Live.MetadataLiveContentTests" name="EndTimeShouldReturnConstructorParameter" />
    </UnitTest>
    <UnitTest name="TestConstructor_MessageParameters_Success" storage="d:\actions-runner\_work\xpco\xpco\mip\platformplugin\videoos.platform\unittest\bin\debug\net472\videoos.platform.tests.dll" id="d1627721-b0c9-88e8-e34c-f6f72d59002d">
      <Execution id="67ad6e6c-d5dc-4129-90d3-799bbddeae9b" />
      <TestMethod codeBase="D:\actions-runner\_work\XPCO\XPCO\MIP\PlatformPlugin\VideoOS.Platform\unittest\bin\Debug\net472\VideoOS.Platform.Tests.dll" adapterTypeName="executor://mstestadapter/v2" className="VideoOS.Platform.Tests.Search.Error.CustomSearchErrorTest" name="TestConstructor_MessageParameters_Success" />
    </UnitTest>
    <UnitTest name="Equals_IgnoreFolderType_Fail_OnObjectString" storage="d:\actions-runner\_work\xpco\xpco\mip\platformplugin\videoos.platform\unittest\bin\debug\net472\videoos.platform.tests.dll" id="68f5557d-4bd5-ebae-3a22-537c1702d781">
      <Execution id="f6572edc-d547-4745-aba2-37b352feff7e" />
      <TestMethod codeBase="D:\actions-runner\_work\XPCO\XPCO\MIP\PlatformPlugin\VideoOS.Platform\unittest\bin\Debug\net472\VideoOS.Platform.Tests.dll" adapterTypeName="executor://mstestadapter/v2" className="VideoOS.Platform.Tests.FQIDtests" name="Equals_IgnoreFolderType_Fail_OnObjectString" />
    </UnitTest>
    <UnitTest name="WriteXml_ShouldWriteDescriptionElement_WhenDescriptionIsNotNull" storage="d:\actions-runner\_work\xpco\xpco\mip\platformplugin\videoos.platform\unittest\bin\debug\net472\videoos.platform.tests.dll" id="90272f82-6dbb-9ffb-b9a3-664aee5c00a3">
      <Execution id="12d3cadd-aec7-499b-93df-49bcc48dc37f" />
      <TestMethod codeBase="D:\actions-runner\_work\XPCO\XPCO\MIP\PlatformPlugin\VideoOS.Platform\unittest\bin\Debug\net472\VideoOS.Platform.Tests.dll" adapterTypeName="executor://mstestadapter/v2" className="VideoOS.Platform.Tests.Metadata.AppearanceTests" name="WriteXml_ShouldWriteDescriptionElement_WhenDescriptionIsNotNull" />
    </UnitTest>
    <UnitTest name="GenerateParameters_ShouldThrowInvalidOperationException_WhenThereAreMoreThanOneCameraDevice" storage="d:\actions-runner\_work\xpco\xpco\mip\platformplugin\videoos.platform\unittest\bin\debug\net472\videoos.platform.tests.dll" id="e7a315f9-584b-e4f3-8469-ce4f80c3387c">
      <Execution id="bf251389-b96a-494c-997c-9edc31c99f23" />
      <TestMethod codeBase="D:\actions-runner\_work\XPCO\XPCO\MIP\PlatformPlugin\VideoOS.Platform\unittest\bin\Debug\net472\VideoOS.Platform.Tests.dll" adapterTypeName="executor://mstestadapter/v2" className="VideoOS.Platform.Tests.Data.HardwareDefinitionTests" name="GenerateParameters_ShouldThrowInvalidOperationException_WhenThereAreMoreThanOneCameraDevice" />
    </UnitTest>
    <UnitTest name="ReadXml_ShouldReadYAttribute_WhenPresent" storage="d:\actions-runner\_work\xpco\xpco\mip\platformplugin\videoos.platform\unittest\bin\debug\net472\videoos.platform.tests.dll" id="63299308-d7dd-b56e-acf5-b1b102f32d4f">
      <Execution id="477211a4-f79e-455d-9cf6-eafe579246d0" />
      <TestMethod codeBase="D:\actions-runner\_work\XPCO\XPCO\MIP\PlatformPlugin\VideoOS.Platform\unittest\bin\Debug\net472\VideoOS.Platform.Tests.dll" adapterTypeName="executor://mstestadapter/v2" className="VideoOS.Platform.Tests.Metadata.VectorTests" name="ReadXml_ShouldReadYAttribute_WhenPresent" />
    </UnitTest>
    <UnitTest name="Serialize_TestCases (Verify root Generic (not null) property)" storage="d:\actions-runner\_work\xpco\xpco\mip\platformplugin\videoos.platform\unittest\bin\debug\net472\videoos.platform.tests.dll" id="138cc152-3c37-d294-08c0-e36a93e3d725">
      <Execution id="2eb661bc-5b94-4bf9-80c7-7631a1b86c14" />
      <TestMethod codeBase="D:\actions-runner\_work\XPCO\XPCO\MIP\PlatformPlugin\VideoOS.Platform\unittest\bin\Debug\net472\VideoOS.Platform.Tests.dll" adapterTypeName="executor://mstestadapter/v2" className="VideoOS.Platform.Tests.UI.Controls.Automation.Serialization.AutomationObjectSerializerTest" name="Serialize_TestCases" />
    </UnitTest>
    <UnitTest name="GenerateParameters_ShouldWriteNumberOfMetadataDevicesAsMDStream_WhenAlways" storage="d:\actions-runner\_work\xpco\xpco\mip\platformplugin\videoos.platform\unittest\bin\debug\net472\videoos.platform.tests.dll" id="03f9a419-da0b-13cb-434c-e5eb4d3017d6">
      <Execution id="77f2543a-6b6b-4b9e-a6ef-bf9be86e4d33" />
      <TestMethod codeBase="D:\actions-runner\_work\XPCO\XPCO\MIP\PlatformPlugin\VideoOS.Platform\unittest\bin\Debug\net472\VideoOS.Platform.Tests.dll" adapterTypeName="executor://mstestadapter/v2" className="VideoOS.Platform.Tests.Data.HardwareDefinitionTests" name="GenerateParameters_ShouldWriteNumberOfMetadataDevicesAsMDStream_WhenAlways" />
    </UnitTest>
    <UnitTest name="Serialize_TestCases (TestParentTypeMatchDoubleNotThisTypeNotMatched)" storage="d:\actions-runner\_work\xpco\xpco\mip\platformplugin\videoos.platform\unittest\bin\debug\net472\videoos.platform.tests.dll" id="8a7bd819-1e06-2c6a-fe76-84522fed468a">
      <Execution id="334482dd-fc01-4292-b6a2-c87630eab050" />
      <TestMethod codeBase="D:\actions-runner\_work\XPCO\XPCO\MIP\PlatformPlugin\VideoOS.Platform\unittest\bin\Debug\net472\VideoOS.Platform.Tests.dll" adapterTypeName="executor://mstestadapter/v2" className="VideoOS.Platform.Tests.UI.Controls.Automation.Serialization.AutomationObjectSerializerTest" name="Serialize_TestCases" />
    </UnitTest>
    <UnitTest name="Serialize_ToString" storage="d:\actions-runner\_work\xpco\xpco\mip\platformplugin\videoos.platform\unittest\bin\debug\net472\videoos.platform.tests.dll" id="8a0529d6-a867-bdfa-4c0f-fc7fea5b6129">
      <Execution id="a509d6e8-a629-491b-83cf-0712e18ba65c" />
      <TestMethod codeBase="D:\actions-runner\_work\XPCO\XPCO\MIP\PlatformPlugin\VideoOS.Platform\unittest\bin\Debug\net472\VideoOS.Platform.Tests.dll" adapterTypeName="executor://mstestadapter/v2" className="VideoOS.Platform.Tests.ItemTests" name="Serialize_ToString" />
    </UnitTest>
    <UnitTest name="SplitString_When2Levels_Splits" storage="d:\actions-runner\_work\xpco\xpco\mip\platformplugin\videoos.platform\unittest\bin\debug\net472\videoos.platform.tests.dll" id="6fe02979-6afc-53d3-587b-e4a584169c47">
      <Execution id="190ec91f-4cf3-438b-bb9d-9ee4472bbb01" />
      <TestMethod codeBase="D:\actions-runner\_work\XPCO\XPCO\MIP\PlatformPlugin\VideoOS.Platform\unittest\bin\Debug\net472\VideoOS.Platform.Tests.dll" adapterTypeName="executor://mstestadapter/v2" className="VideoOS.Platform.Tests.Util.StringSplitterTests" name="SplitString_When2Levels_Splits" />
    </UnitTest>
    <UnitTest name="ReadAppearanceExtensionXml_ShouldReadBoundingBoxLineColor_WhenBoundingBoxLineColorIsPresent" storage="d:\actions-runner\_work\xpco\xpco\mip\platformplugin\videoos.platform\unittest\bin\debug\net472\videoos.platform.tests.dll" id="ac145d13-4c02-a67c-cc07-a100e99d94e8">
      <Execution id="f7ad1178-730b-404c-8fd7-70b359870d0d" />
      <TestMethod codeBase="D:\actions-runner\_work\XPCO\XPCO\MIP\PlatformPlugin\VideoOS.Platform\unittest\bin\Debug\net472\VideoOS.Platform.Tests.dll" adapterTypeName="executor://mstestadapter/v2" className="VideoOS.Platform.Tests.Metadata.RectangleTests" name="ReadAppearanceExtensionXml_ShouldReadBoundingBoxLineColor_WhenBoundingBoxLineColorIsPresent" />
    </UnitTest>
    <UnitTest name="Serialize_TestCases (TestParentTypeMatchEnumThisTypeMatched)" storage="d:\actions-runner\_work\xpco\xpco\mip\platformplugin\videoos.platform\unittest\bin\debug\net472\videoos.platform.tests.dll" id="170477bd-09ab-210a-5f06-ead624d7a716">
      <Execution id="41417164-e7f1-474e-aea1-3e791aa7506d" />
      <TestMethod codeBase="D:\actions-runner\_work\XPCO\XPCO\MIP\PlatformPlugin\VideoOS.Platform\unittest\bin\Debug\net472\VideoOS.Platform.Tests.dll" adapterTypeName="executor://mstestadapter/v2" className="VideoOS.Platform.Tests.UI.Controls.Automation.Serialization.AutomationObjectSerializerTest" name="Serialize_TestCases" />
    </UnitTest>
    <UnitTest name="ReadXml_ShouldReadRightAttribute_WhenPresent" storage="d:\actions-runner\_work\xpco\xpco\mip\platformplugin\videoos.platform\unittest\bin\debug\net472\videoos.platform.tests.dll" id="57917bfd-ab9b-4422-cadc-1c44ad6d5244">
      <Execution id="c8893595-a831-4c2d-ae21-c523d2e68922" />
      <TestMethod codeBase="D:\actions-runner\_work\XPCO\XPCO\MIP\PlatformPlugin\VideoOS.Platform\unittest\bin\Debug\net472\VideoOS.Platform.Tests.dll" adapterTypeName="executor://mstestadapter/v2" className="VideoOS.Platform.Tests.Metadata.RectangleTests" name="ReadXml_ShouldReadRightAttribute_WhenPresent" />
    </UnitTest>
    <UnitTest name="GetPropertiesAsync_SingleInvocation_DelegatedToInternalMethod" storage="d:\actions-runner\_work\xpco\xpco\mip\platformplugin\videoos.platform\unittest\bin\debug\net472\videoos.platform.tests.dll" id="7c25e9d9-71c3-90cd-d0cc-85e1e58efd6b">
      <TestCategory>
        <TestCategoryItem TestCategory="Search" />
      </TestCategory>
      <Execution id="6a8e2ee8-4483-481a-a593-db204268d088" />
      <TestMethod codeBase="D:\actions-runner\_work\XPCO\XPCO\MIP\PlatformPlugin\VideoOS.Platform\unittest\bin\Debug\net472\VideoOS.Platform.Tests.dll" adapterTypeName="executor://mstestadapter/v2" className="VideoOS.Platform.Tests.Search.SearchResultDataTest" name="GetPropertiesAsync_SingleInvocation_DelegatedToInternalMethod" />
    </UnitTest>
    <UnitTest name="Serialize_TestCases (TestParentTypeMatchStructThisTypeMatchedProperty)" storage="d:\actions-runner\_work\xpco\xpco\mip\platformplugin\videoos.platform\unittest\bin\debug\net472\videoos.platform.tests.dll" id="842604dd-d444-a7f4-534b-b4af91f3f95c">
      <Execution id="7b578e4e-0648-4156-a2e2-28cb77c7e56f" />
      <TestMethod codeBase="D:\actions-runner\_work\XPCO\XPCO\MIP\PlatformPlugin\VideoOS.Platform\unittest\bin\Debug\net472\VideoOS.Platform.Tests.dll" adapterTypeName="executor://mstestadapter/v2" className="VideoOS.Platform.Tests.UI.Controls.Automation.Serialization.AutomationObjectSerializerTest" name="Serialize_TestCases" />
    </UnitTest>
    <UnitTest name="CreateSearchResultUserControl_MultiplePlugins_Success" storage="d:\actions-runner\_work\xpco\xpco\mip\platformplugin\videoos.platform\unittest\bin\debug\net472\videoos.platform.tests.dll" id="0bb9d93a-5004-9ba8-d379-d792df82598b">
      <TestCategory>
        <TestCategoryItem TestCategory="Search" />
      </TestCategory>
      <Execution id="9a3e4db9-ed7c-4bd5-ba5d-1f69f45b4925" />
      <TestMethod codeBase="D:\actions-runner\_work\XPCO\XPCO\MIP\PlatformPlugin\VideoOS.Platform\unittest\bin\Debug\net472\VideoOS.Platform.Tests.dll" adapterTypeName="executor://mstestadapter/v2" className="VideoOS.Platform.Tests.Search.SearchUserControlResolverTest" name="CreateSearchResultUserControl_MultiplePlugins_Success" />
    </UnitTest>
    <UnitTest name="Equals_Fail_OnServerIdId" storage="d:\actions-runner\_work\xpco\xpco\mip\platformplugin\videoos.platform\unittest\bin\debug\net472\videoos.platform.tests.dll" id="276c0e6d-3f7a-82fd-4800-9c53564baba3">
      <Execution id="791ca5bd-e8f5-47aa-9d90-1eecbfa1e762" />
      <TestMethod codeBase="D:\actions-runner\_work\XPCO\XPCO\MIP\PlatformPlugin\VideoOS.Platform\unittest\bin\Debug\net472\VideoOS.Platform.Tests.dll" adapterTypeName="executor://mstestadapter/v2" className="VideoOS.Platform.Tests.FQIDtests" name="Equals_Fail_OnServerIdId" />
    </UnitTest>
    <UnitTest name="TestStartSearch_Success" storage="d:\actions-runner\_work\xpco\xpco\mip\platformplugin\videoos.platform\unittest\bin\debug\net472\videoos.platform.tests.dll" id="125978d4-3525-643c-7140-287b2e679bf8">
      <TestCategory>
        <TestCategoryItem TestCategory="Search" />
      </TestCategory>
      <Execution id="0dd8970c-448b-4dda-9947-e796bdf16bc3" />
      <TestMethod codeBase="D:\actions-runner\_work\XPCO\XPCO\MIP\PlatformPlugin\VideoOS.Platform\unittest\bin\Debug\net472\VideoOS.Platform.Tests.dll" adapterTypeName="executor://mstestadapter/v2" className="VideoOS.Platform.Tests.Search.SearchManagerTest" name="TestStartSearch_Success" />
    </UnitTest>
    <UnitTest name="JoinString_When2Levels_Joins" storage="d:\actions-runner\_work\xpco\xpco\mip\platformplugin\videoos.platform\unittest\bin\debug\net472\videoos.platform.tests.dll" id="16b9cd71-246d-5b51-e461-fdc7db24fde9">
      <Execution id="8bfde9f0-46d3-49b8-a55d-a16ca3825fa1" />
      <TestMethod codeBase="D:\actions-runner\_work\XPCO\XPCO\MIP\PlatformPlugin\VideoOS.Platform\unittest\bin\Debug\net472\VideoOS.Platform.Tests.dll" adapterTypeName="executor://mstestadapter/v2" className="VideoOS.Platform.Tests.Util.StringSplitterTests" name="JoinString_When2Levels_Joins" />
    </UnitTest>
    <UnitTest name="GetItem_Camera_Success" storage="d:\actions-runner\_work\xpco\xpco\mip\platformplugin\videoos.platform\unittest\bin\debug\net472\videoos.platform.tests.dll" id="ad47bd46-9837-73d0-5609-780aff02d505">
      <Execution id="402f3524-6fcb-4771-ab5f-9949bf67f7f2" />
      <TestMethod codeBase="D:\actions-runner\_work\XPCO\XPCO\MIP\PlatformPlugin\VideoOS.Platform\unittest\bin\Debug\net472\VideoOS.Platform.Tests.dll" adapterTypeName="executor://mstestadapter/v2" className="VideoOS.Platform.Tests.Proxy.RestApi.RestApiClientDecoratorTests" name="GetItem_Camera_Success" />
    </UnitTest>
    <UnitTest name="ReadXml_ShouldSetAllPropertiesToZero_WhenElementIsEmpty" storage="d:\actions-runner\_work\xpco\xpco\mip\platformplugin\videoos.platform\unittest\bin\debug\net472\videoos.platform.tests.dll" id="c2a92498-f703-1b39-7778-71f05b13e27d">
      <Execution id="3d6a0310-9411-4404-a56d-ed95e0fffc05" />
      <TestMethod codeBase="D:\actions-runner\_work\XPCO\XPCO\MIP\PlatformPlugin\VideoOS.Platform\unittest\bin\Debug\net472\VideoOS.Platform.Tests.dll" adapterTypeName="executor://mstestadapter/v2" className="VideoOS.Platform.Tests.Metadata.RectangleTests" name="ReadXml_ShouldSetAllPropertiesToZero_WhenElementIsEmpty" />
    </UnitTest>
    <UnitTest name="ReadyToClose_OkCommand_SingleSelect_Thrown" storage="d:\actions-runner\_work\xpco\xpco\mip\platformplugin\videoos.platform\unittest\bin\debug\net472\videoos.platform.tests.dll" id="be7d7f3c-32c0-1ba5-667f-eebdbcb535c4">
      <Execution id="e4f6c3c3-7f5b-4e4a-b58f-473b628410e2" />
      <TestMethod codeBase="D:\actions-runner\_work\XPCO\XPCO\MIP\PlatformPlugin\VideoOS.Platform\unittest\bin\Debug\net472\VideoOS.Platform.Tests.dll" adapterTypeName="executor://mstestadapter/v2" className="VideoOS.Platform.Tests.UI.ItemPicker.ItemPickerWindowViewModelTest" name="ReadyToClose_OkCommand_SingleSelect_Thrown" />
    </UnitTest>
    <UnitTest name="WriteXml_ShouldWriteIsIdleElement_WhenIsIdleIsTrue" storage="d:\actions-runner\_work\xpco\xpco\mip\platformplugin\videoos.platform\unittest\bin\debug\net472\videoos.platform.tests.dll" id="3c09d4cb-f13e-d121-455f-42d4e3bd3224">
      <Execution id="34bccabe-aba6-46b3-af2a-97406955ee32" />
      <TestMethod codeBase="D:\actions-runner\_work\XPCO\XPCO\MIP\PlatformPlugin\VideoOS.Platform\unittest\bin\Debug\net472\VideoOS.Platform.Tests.dll" adapterTypeName="executor://mstestadapter/v2" className="VideoOS.Platform.Tests.Metadata.BehaviourTests" name="WriteXml_ShouldWriteIsIdleElement_WhenIsIdleIsTrue" />
    </UnitTest>
    <UnitTest name="ModifyCollection_ShouldNotInvokeCallback_WhenNotObservable" storage="d:\actions-runner\_work\xpco\xpco\mip\platformplugin\videoos.platform\unittest\bin\debug\net472\videoos.platform.tests.dll" id="0a40eef3-f831-ffd2-4845-4121490071ff">
      <Execution id="384c330e-9609-457c-99d2-c5b4412a4f3f" />
      <TestMethod codeBase="D:\actions-runner\_work\XPCO\XPCO\MIP\PlatformPlugin\VideoOS.Platform\unittest\bin\Debug\net472\VideoOS.Platform.Tests.dll" adapterTypeName="executor://mstestadapter/v2" className="VideoOS.Platform.Tests.UI.Controls.CollectionHelperTest" name="ModifyCollection_ShouldNotInvokeCallback_WhenNotObservable" />
    </UnitTest>
    <UnitTest name="ToString_MipItemNotSet_Is_Empty" storage="d:\actions-runner\_work\xpco\xpco\mip\platformplugin\videoos.platform\unittest\bin\debug\net472\videoos.platform.tests.dll" id="463ed80f-116f-24dc-3550-f13e45fe4889">
      <Execution id="6a8d7cd6-c22f-41c5-bd94-bb569f01de30" />
      <TestMethod codeBase="D:\actions-runner\_work\XPCO\XPCO\MIP\PlatformPlugin\VideoOS.Platform\unittest\bin\Debug\net472\VideoOS.Platform.Tests.dll" adapterTypeName="executor://mstestadapter/v2" className="VideoOS.Platform.Tests.UI.ItemPicker.ItemViewModelTest" name="ToString_MipItemNotSet_Is_Empty" />
    </UnitTest>
    <UnitTest name="Serialize_ShouldHandleCollectionFilter_WhenMatchingCollectionItemsTypeAndItMatchesAll" storage="d:\actions-runner\_work\xpco\xpco\mip\platformplugin\videoos.platform\unittest\bin\debug\net472\videoos.platform.tests.dll" id="d1645eb5-871e-4ef4-8f57-61d470c8d63a">
      <Execution id="789537bd-5c29-41fd-ad25-cfce158906ec" />
      <TestMethod codeBase="D:\actions-runner\_work\XPCO\XPCO\MIP\PlatformPlugin\VideoOS.Platform\unittest\bin\Debug\net472\VideoOS.Platform.Tests.dll" adapterTypeName="executor://mstestadapter/v2" className="VideoOS.Platform.Tests.UI.Controls.Automation.Serialization.AutomationObjectSerializerTypeFilterTests" name="Serialize_ShouldHandleCollectionFilter_WhenMatchingCollectionItemsTypeAndItMatchesAll" />
    </UnitTest>
    <UnitTest name="Serialize_TestCases (TestParentTypeMatchBoolNotThisTypeMatched)" storage="d:\actions-runner\_work\xpco\xpco\mip\platformplugin\videoos.platform\unittest\bin\debug\net472\videoos.platform.tests.dll" id="d8efbbc3-789a-3585-978c-2744f717a173">
      <Execution id="f0593c34-2742-49fb-bd43-9336661b5cfc" />
      <TestMethod codeBase="D:\actions-runner\_work\XPCO\XPCO\MIP\PlatformPlugin\VideoOS.Platform\unittest\bin\Debug\net472\VideoOS.Platform.Tests.dll" adapterTypeName="executor://mstestadapter/v2" className="VideoOS.Platform.Tests.UI.Controls.Automation.Serialization.AutomationObjectSerializerTest" name="Serialize_TestCases" />
    </UnitTest>
    <UnitTest name="ReadXml_ShouldReadXAttribute_WhenPresent" storage="d:\actions-runner\_work\xpco\xpco\mip\platformplugin\videoos.platform\unittest\bin\debug\net472\videoos.platform.tests.dll" id="44454256-30a7-bf45-41dd-badf653c0c55">
      <Execution id="81dfc291-7f34-495c-abb8-528bd7342530" />
      <TestMethod codeBase="D:\actions-runner\_work\XPCO\XPCO\MIP\PlatformPlugin\VideoOS.Platform\unittest\bin\Debug\net472\VideoOS.Platform.Tests.dll" adapterTypeName="executor://mstestadapter/v2" className="VideoOS.Platform.Tests.Metadata.DisplayTextTests" name="ReadXml_ShouldReadXAttribute_WhenPresent" />
    </UnitTest>
    <UnitTest name="WriteXml_ShouldOmitElements_WhenTheyAreNull" storage="d:\actions-runner\_work\xpco\xpco\mip\platformplugin\videoos.platform\unittest\bin\debug\net472\videoos.platform.tests.dll" id="5f559e43-4e08-7018-bc21-dc71856c4701">
      <Execution id="bbc4b2a7-de1b-4293-a418-424451f7deb1" />
      <TestMethod codeBase="D:\actions-runner\_work\XPCO\XPCO\MIP\PlatformPlugin\VideoOS.Platform\unittest\bin\Debug\net472\VideoOS.Platform.Tests.dll" adapterTypeName="executor://mstestadapter/v2" className="VideoOS.Platform.Tests.Metadata.AppearanceTests" name="WriteXml_ShouldOmitElements_WhenTheyAreNull" />
    </UnitTest>
    <UnitTest name="Serialize_TestCases (TestParentTypeMatchInterfaceNotThisTypeMatched)" storage="d:\actions-runner\_work\xpco\xpco\mip\platformplugin\videoos.platform\unittest\bin\debug\net472\videoos.platform.tests.dll" id="414c5895-8dd8-94f9-72cb-0d89388d009c">
      <Execution id="f77f5084-53ce-4284-b5f5-0e6d6bd5f715" />
      <TestMethod codeBase="D:\actions-runner\_work\XPCO\XPCO\MIP\PlatformPlugin\VideoOS.Platform\unittest\bin\Debug\net472\VideoOS.Platform.Tests.dll" adapterTypeName="executor://mstestadapter/v2" className="VideoOS.Platform.Tests.UI.Controls.Automation.Serialization.AutomationObjectSerializerTest" name="Serialize_TestCases" />
    </UnitTest>
    <UnitTest name="WriteXml_ShouldWriteCenterOfGravityContents_WhenCenterOfGravityIsNotNull" storage="d:\actions-runner\_work\xpco\xpco\mip\platformplugin\videoos.platform\unittest\bin\debug\net472\videoos.platform.tests.dll" id="79bbf345-4c1f-d3ec-6206-5d160bd2b4aa">
      <Execution id="d61c10c7-3f61-45d4-9b61-4daf8a66cd09" />
      <TestMethod codeBase="D:\actions-runner\_work\XPCO\XPCO\MIP\PlatformPlugin\VideoOS.Platform\unittest\bin\Debug\net472\VideoOS.Platform.Tests.dll" adapterTypeName="executor://mstestadapter/v2" className="VideoOS.Platform.Tests.Metadata.ShapeTests" name="WriteXml_ShouldWriteCenterOfGravityContents_WhenCenterOfGravityIsNotNull" />
    </UnitTest>
    <UnitTest name="Serialize_ShouldIncludeOptionDecorations_WhenPropertyIsCollectionOfObjectsAndNoPropertiesRequestedInPath" storage="d:\actions-runner\_work\xpco\xpco\mip\platformplugin\videoos.platform\unittest\bin\debug\net472\videoos.platform.tests.dll" id="8d35e87b-236d-d2d1-5276-ca6f3e50fdcb">
      <Execution id="abf4b502-42c1-4141-805a-c656c5c746ca" />
      <TestMethod codeBase="D:\actions-runner\_work\XPCO\XPCO\MIP\PlatformPlugin\VideoOS.Platform\unittest\bin\Debug\net472\VideoOS.Platform.Tests.dll" adapterTypeName="executor://mstestadapter/v2" className="VideoOS.Platform.Tests.UI.Controls.Automation.Serialization.AutomationObjectSerializerTest" name="Serialize_ShouldIncludeOptionDecorations_WhenPropertyIsCollectionOfObjectsAndNoPropertiesRequestedInPath" />
    </UnitTest>
    <UnitTest name="Constructor_ShouldThrowArgumentException_WhenModelIsWhiteSpaceOrEmpty" storage="d:\actions-runner\_work\xpco\xpco\mip\platformplugin\videoos.platform\unittest\bin\debug\net472\videoos.platform.tests.dll" id="cb3227bb-d1a5-0c0d-9089-9f393e7c3688">
      <Execution id="586f8ad7-46fd-4327-a760-f1c0c8a628d6" />
      <TestMethod codeBase="D:\actions-runner\_work\XPCO\XPCO\MIP\PlatformPlugin\VideoOS.Platform\unittest\bin\Debug\net472\VideoOS.Platform.Tests.dll" adapterTypeName="executor://mstestadapter/v2" className="VideoOS.Platform.Tests.Data.HardwareDefinitionTests" name="Constructor_ShouldThrowArgumentException_WhenModelIsWhiteSpaceOrEmpty" />
    </UnitTest>
    <UnitTest name="WriteXml_ShouldWriteItalicAttribute_WhenSet" storage="d:\actions-runner\_work\xpco\xpco\mip\platformplugin\videoos.platform\unittest\bin\debug\net472\videoos.platform.tests.dll" id="c3a53dbd-9899-8fac-d500-c2b7239c74d4">
      <Execution id="92320cc5-3163-45b6-b101-dfac1c0df33d" />
      <TestMethod codeBase="D:\actions-runner\_work\XPCO\XPCO\MIP\PlatformPlugin\VideoOS.Platform\unittest\bin\Debug\net472\VideoOS.Platform.Tests.dll" adapterTypeName="executor://mstestadapter/v2" className="VideoOS.Platform.Tests.Metadata.DisplayTextTests" name="WriteXml_ShouldWriteItalicAttribute_WhenSet" />
    </UnitTest>
    <UnitTest name="GetBoundingShapesAsync_MultipleInvocations_DelegatedToInternalMethodOnlyOnce" storage="d:\actions-runner\_work\xpco\xpco\mip\platformplugin\videoos.platform\unittest\bin\debug\net472\videoos.platform.tests.dll" id="11c28579-30cf-d22c-ee3d-3776ee719321">
      <TestCategory>
        <TestCategoryItem TestCategory="Search" />
      </TestCategory>
      <Execution id="96be1689-87ad-4f63-a4a8-1685c94762b7" />
      <TestMethod codeBase="D:\actions-runner\_work\XPCO\XPCO\MIP\PlatformPlugin\VideoOS.Platform\unittest\bin\Debug\net472\VideoOS.Platform.Tests.dll" adapterTypeName="executor://mstestadapter/v2" className="VideoOS.Platform.Tests.Search.SearchResultDataTest" name="GetBoundingShapesAsync_MultipleInvocations_DelegatedToInternalMethodOnlyOnce" />
    </UnitTest>
    <UnitTest name="Equals_IgnoreFolderType_Fail_OnParentId" storage="d:\actions-runner\_work\xpco\xpco\mip\platformplugin\videoos.platform\unittest\bin\debug\net472\videoos.platform.tests.dll" id="a7dc6179-c1b7-aef9-5686-edbcfe9b120d">
      <Execution id="f74d16a4-c6c4-4b3e-a808-43028ba62ee7" />
      <TestMethod codeBase="D:\actions-runner\_work\XPCO\XPCO\MIP\PlatformPlugin\VideoOS.Platform\unittest\bin\Debug\net472\VideoOS.Platform.Tests.dll" adapterTypeName="executor://mstestadapter/v2" className="VideoOS.Platform.Tests.FQIDtests" name="Equals_IgnoreFolderType_Fail_OnParentId" />
    </UnitTest>
    <UnitTest name="ProvideValue_ShouldChangeContentTemplate_WhenItemContentTemplatePropertyNameIsSet" storage="d:\actions-runner\_work\xpco\xpco\mip\platformplugin\videoos.platform\unittest\bin\debug\net472\videoos.platform.tests.dll" id="6d35c2c3-73b0-8587-396e-ba4ccb5d6691">
      <TestCategory>
        <TestCategoryItem TestCategory="TabControls" />
      </TestCategory>
      <Execution id="4a5e01f9-4f07-4186-9928-daf79173a722" />
      <TestMethod codeBase="D:\actions-runner\_work\XPCO\XPCO\MIP\PlatformPlugin\VideoOS.Platform\unittest\bin\Debug\net472\VideoOS.Platform.Tests.dll" adapterTypeName="executor://mstestadapter/v2" className="VideoOS.Platform.Tests.UI.Controls.TabControls.Internal.Primary.ItemContentTemplateExtensionTest" name="ProvideValue_ShouldChangeContentTemplate_WhenItemContentTemplatePropertyNameIsSet" />
    </UnitTest>
    <UnitTest name="ReadXml_ShouldReadYAttribute_WhenPresent" storage="d:\actions-runner\_work\xpco\xpco\mip\platformplugin\videoos.platform\unittest\bin\debug\net472\videoos.platform.tests.dll" id="cd0e928a-8fb2-a8c8-3e57-58d7e6ebe361">
      <Execution id="1237cfb1-c68b-439f-a384-dbcc950f5c2d" />
      <TestMethod codeBase="D:\actions-runner\_work\XPCO\XPCO\MIP\PlatformPlugin\VideoOS.Platform\unittest\bin\Debug\net472\VideoOS.Platform.Tests.dll" adapterTypeName="executor://mstestadapter/v2" className="VideoOS.Platform.Tests.Metadata.DisplayTextTests" name="ReadXml_ShouldReadYAttribute_WhenPresent" />
    </UnitTest>
    <UnitTest name="CreateSearchResultUserControl_SinglePluginMultipleSearchResultTypes_Success" storage="d:\actions-runner\_work\xpco\xpco\mip\platformplugin\videoos.platform\unittest\bin\debug\net472\videoos.platform.tests.dll" id="146594a1-db48-d7ad-577b-cf76cd9c279b">
      <TestCategory>
        <TestCategoryItem TestCategory="Search" />
      </TestCategory>
      <Execution id="8fd507ae-fc72-425d-ba19-645a2049fd52" />
      <TestMethod codeBase="D:\actions-runner\_work\XPCO\XPCO\MIP\PlatformPlugin\VideoOS.Platform\unittest\bin\Debug\net472\VideoOS.Platform.Tests.dll" adapterTypeName="executor://mstestadapter/v2" className="VideoOS.Platform.Tests.Search.SearchUserControlResolverTest" name="CreateSearchResultUserControl_SinglePluginMultipleSearchResultTypes_Success" />
    </UnitTest>
    <UnitTest name="Minimize_ShouldReturnThreeIntervals_WhenListContainsFiveOverLappingAndNonOverlappingIntervals" storage="d:\actions-runner\_work\xpco\xpco\mip\platformplugin\videoos.platform\unittest\bin\debug\net472\videoos.platform.tests.dll" id="f10e91e5-2148-35b8-c1cd-83b0c57e538b">
      <Execution id="e5e9f88c-029a-45b9-9c8c-d8b09863e29f" />
      <TestMethod codeBase="D:\actions-runner\_work\XPCO\XPCO\MIP\PlatformPlugin\VideoOS.Platform\unittest\bin\Debug\net472\VideoOS.Platform.Tests.dll" adapterTypeName="executor://mstestadapter/v2" className="VideoOS.Platform.Tests.Util.TimeIntervalTests" name="Minimize_ShouldReturnThreeIntervals_WhenListContainsFiveOverLappingAndNonOverlappingIntervals" />
    </UnitTest>
    <UnitTest name="GenerateParameters_ShouldOmitGopRange_WhenGopRangeIsNull" storage="d:\actions-runner\_work\xpco\xpco\mip\platformplugin\videoos.platform\unittest\bin\debug\net472\videoos.platform.tests.dll" id="64bf4ca0-c568-7784-9fd7-9241aca3c483">
      <Execution id="e28c80d5-19ed-43fc-ac85-e400a2c04d86" />
      <TestMethod codeBase="D:\actions-runner\_work\XPCO\XPCO\MIP\PlatformPlugin\VideoOS.Platform\unittest\bin\Debug\net472\VideoOS.Platform.Tests.dll" adapterTypeName="executor://mstestadapter/v2" className="VideoOS.Platform.Tests.Data.CameraDeviceDefinitionTests" name="GenerateParameters_ShouldOmitGopRange_WhenGopRangeIsNull" />
    </UnitTest>
    <UnitTest name="LoadedEvent_ShouldAddProxyManager_WhenFrameworkContentElementIsLoadedAtLaterStage" storage="d:\actions-runner\_work\xpco\xpco\mip\platformplugin\videoos.platform\unittest\bin\debug\net472\videoos.platform.tests.dll" id="98ff53fb-3b47-c43e-4b86-adf2da2fb797">
      <TestCategory>
        <TestCategoryItem TestCategory="EventsToCommandMappings" />
      </TestCategory>
      <Execution id="297ec34e-7218-4916-99e5-6c1fd43ecfd2" />
      <TestMethod codeBase="D:\actions-runner\_work\XPCO\XPCO\MIP\PlatformPlugin\VideoOS.Platform\unittest\bin\Debug\net472\VideoOS.Platform.Tests.dll" adapterTypeName="executor://mstestadapter/v2" className="VideoOS.Platform.Tests.UI.Commands.EventsToCommandMappingTest" name="LoadedEvent_ShouldAddProxyManager_WhenFrameworkContentElementIsLoadedAtLaterStage" />
    </UnitTest>
    <UnitTest name="Equals_Fail1" storage="d:\actions-runner\_work\xpco\xpco\mip\platformplugin\videoos.platform\unittest\bin\debug\net472\videoos.platform.tests.dll" id="2308f95d-e716-8457-e2f9-557865d40f5f">
      <Execution id="daedef52-a649-41ab-9468-a01322d19bc1" />
      <TestMethod codeBase="D:\actions-runner\_work\XPCO\XPCO\MIP\PlatformPlugin\VideoOS.Platform\unittest\bin\Debug\net472\VideoOS.Platform.Tests.dll" adapterTypeName="executor://mstestadapter/v2" className="VideoOS.Platform.Tests.Messaging.CommunicationIdFilterTests" name="Equals_Fail1" />
    </UnitTest>
    <UnitTest name="ReadAppearanceExtensionXml_ShouldReadBoundingBoxFillColor_WhenBoundingBoxFillColorIsPresent" storage="d:\actions-runner\_work\xpco\xpco\mip\platformplugin\videoos.platform\unittest\bin\debug\net472\videoos.platform.tests.dll" id="545d08a7-8d4d-0e52-621a-4acb7e985873">
      <Execution id="516c0123-8c3a-4489-be38-0cf5d3747a2c" />
      <TestMethod codeBase="D:\actions-runner\_work\XPCO\XPCO\MIP\PlatformPlugin\VideoOS.Platform\unittest\bin\Debug\net472\VideoOS.Platform.Tests.dll" adapterTypeName="executor://mstestadapter/v2" className="VideoOS.Platform.Tests.Metadata.RectangleTests" name="ReadAppearanceExtensionXml_ShouldReadBoundingBoxFillColor_WhenBoundingBoxFillColorIsPresent" />
    </UnitTest>
    <UnitTest name="Serialize_TestCases (Verify root Interface (not null) property get property value)" storage="d:\actions-runner\_work\xpco\xpco\mip\platformplugin\videoos.platform\unittest\bin\debug\net472\videoos.platform.tests.dll" id="6e393d7b-94c5-fcd2-56bc-16f28fade189">
      <Execution id="58cdd0f7-a4ab-4cf3-bf69-4e3f95eeb89a" />
      <TestMethod codeBase="D:\actions-runner\_work\XPCO\XPCO\MIP\PlatformPlugin\VideoOS.Platform\unittest\bin\Debug\net472\VideoOS.Platform.Tests.dll" adapterTypeName="executor://mstestadapter/v2" className="VideoOS.Platform.Tests.UI.Controls.Automation.Serialization.AutomationObjectSerializerTest" name="Serialize_TestCases" />
    </UnitTest>
    <UnitTest name="GenerateParameters_ShouldOmitQualityRange_WhenQualityRangeIsNull" storage="d:\actions-runner\_work\xpco\xpco\mip\platformplugin\videoos.platform\unittest\bin\debug\net472\videoos.platform.tests.dll" id="a3089784-5b87-5aa6-6c29-ce468fd5b9ef">
      <Execution id="66ad7a12-a40d-46b6-b646-94dabaf961aa" />
      <TestMethod codeBase="D:\actions-runner\_work\XPCO\XPCO\MIP\PlatformPlugin\VideoOS.Platform\unittest\bin\Debug\net472\VideoOS.Platform.Tests.dll" adapterTypeName="executor://mstestadapter/v2" className="VideoOS.Platform.Tests.Data.CameraDeviceDefinitionTests" name="GenerateParameters_ShouldOmitQualityRange_WhenQualityRangeIsNull" />
    </UnitTest>
    <UnitTest name="Ctor_TwoStandardFilters_Success" storage="d:\actions-runner\_work\xpco\xpco\mip\platformplugin\videoos.platform\unittest\bin\debug\net472\videoos.platform.tests.dll" id="9cded436-df00-a929-7b4b-3c1f500b64fe">
      <TestCategory>
        <TestCategoryItem TestCategory="Search" />
      </TestCategory>
      <Execution id="c82acddf-96cc-4d4f-9205-aaed40271dda" />
      <TestMethod codeBase="D:\actions-runner\_work\XPCO\XPCO\MIP\PlatformPlugin\VideoOS.Platform\unittest\bin\Debug\net472\VideoOS.Platform.Tests.dll" adapterTypeName="executor://mstestadapter/v2" className="VideoOS.Platform.Tests.Search.FilterCategories.VehicleSearchFilterCategoryTest" name="Ctor_TwoStandardFilters_Success" />
    </UnitTest>
    <UnitTest name="GenerateTypeDefinintionParameters_ShouldWriteNumberOfCapabilities_WhenAlways" storage="d:\actions-runner\_work\xpco\xpco\mip\platformplugin\videoos.platform\unittest\bin\debug\net472\videoos.platform.tests.dll" id="aeeaebaf-8448-f122-1094-fc83a31ad89a">
      <Execution id="dfc9a42a-d510-47df-996e-f3a42715f982" />
      <TestMethod codeBase="D:\actions-runner\_work\XPCO\XPCO\MIP\PlatformPlugin\VideoOS.Platform\unittest\bin\Debug\net472\VideoOS.Platform.Tests.dll" adapterTypeName="executor://mstestadapter/v2" className="VideoOS.Platform.Tests.Data.MetadataTypeDefinitionTests" name="GenerateTypeDefinintionParameters_ShouldWriteNumberOfCapabilities_WhenAlways" />
    </UnitTest>
    <UnitTest name="GenerateTypeDefinintionParameters_ShouldCallGenerateDeviceCapabilityParametersWithCorrectPrefix_WhenThereAreCapabilities" storage="d:\actions-runner\_work\xpco\xpco\mip\platformplugin\videoos.platform\unittest\bin\debug\net472\videoos.platform.tests.dll" id="3d82fc6e-5f69-e808-ca5d-cd01f3ee4891">
      <Execution id="ffdaa85c-e5cb-499e-a570-7109a55d56a6" />
      <TestMethod codeBase="D:\actions-runner\_work\XPCO\XPCO\MIP\PlatformPlugin\VideoOS.Platform\unittest\bin\Debug\net472\VideoOS.Platform.Tests.dll" adapterTypeName="executor://mstestadapter/v2" className="VideoOS.Platform.Tests.Data.MetadataTypeDefinitionTests" name="GenerateTypeDefinintionParameters_ShouldCallGenerateDeviceCapabilityParametersWithCorrectPrefix_WhenThereAreCapabilities" />
    </UnitTest>
    <UnitTest name="GetParent_Fail" storage="d:\actions-runner\_work\xpco\xpco\mip\platformplugin\videoos.platform\unittest\bin\debug\net472\videoos.platform.tests.dll" id="3881d3ff-e33d-04a6-6ad4-69b98dedc6b4">
      <Execution id="55d7b91d-1b01-4d47-ace2-be199c6c62fb" />
      <TestMethod codeBase="D:\actions-runner\_work\XPCO\XPCO\MIP\PlatformPlugin\VideoOS.Platform\unittest\bin\Debug\net472\VideoOS.Platform.Tests.dll" adapterTypeName="executor://mstestadapter/v2" className="VideoOS.Platform.Tests.FQIDtests" name="GetParent_Fail" />
    </UnitTest>
    <UnitTest name="Get_NoElements_ReturnsNull" storage="d:\actions-runner\_work\xpco\xpco\mip\platformplugin\videoos.platform\unittest\bin\debug\net472\videoos.platform.tests.dll" id="778619f0-485d-357c-9339-4267244fb799">
      <Execution id="48312ea4-c9e8-4946-949d-8bf8954e4ae2" />
      <TestMethod codeBase="D:\actions-runner\_work\XPCO\XPCO\MIP\PlatformPlugin\VideoOS.Platform\unittest\bin\Debug\net472\VideoOS.Platform.Tests.dll" adapterTypeName="executor://mstestadapter/v2" className="VideoOS.Platform.Tests.Util.Queue.LRUCacheTests" name="Get_NoElements_ReturnsNull" />
    </UnitTest>
    <UnitTest name="ReadXml_ShouldReadBoundingBox_WhenBoundingBoxIsPresent" storage="d:\actions-runner\_work\xpco\xpco\mip\platformplugin\videoos.platform\unittest\bin\debug\net472\videoos.platform.tests.dll" id="bc614819-04cb-60f8-8b25-b74350480ed8">
      <Execution id="c8692f9a-0202-4ede-8a4a-496270236e2f" />
      <TestMethod codeBase="D:\actions-runner\_work\XPCO\XPCO\MIP\PlatformPlugin\VideoOS.Platform\unittest\bin\Debug\net472\VideoOS.Platform.Tests.dll" adapterTypeName="executor://mstestadapter/v2" className="VideoOS.Platform.Tests.Metadata.ShapeTests" name="ReadXml_ShouldReadBoundingBox_WhenBoundingBoxIsPresent" />
    </UnitTest>
    <UnitTest name="Ctor_NullScope_Throws" storage="d:\actions-runner\_work\xpco\xpco\mip\platformplugin\videoos.platform\unittest\bin\debug\net472\videoos.platform.tests.dll" id="cefaab9b-deca-50a1-cf53-bfd0f84b70d8">
      <TestCategory>
        <TestCategoryItem TestCategory="Search" />
      </TestCategory>
      <Execution id="070a4b50-597d-44b0-a0b9-fca9f4c96e7c" />
      <TestMethod codeBase="D:\actions-runner\_work\XPCO\XPCO\MIP\PlatformPlugin\VideoOS.Platform\unittest\bin\Debug\net472\VideoOS.Platform.Tests.dll" adapterTypeName="executor://mstestadapter/v2" className="VideoOS.Platform.Tests.Search.SearchDefinitionTest" name="Ctor_NullScope_Throws" />
    </UnitTest>
    <UnitTest name="Serialize_ShouldIncludeOptionDecorations_WhenPropertyIsObjectAndNoPropertiesRequestedInPath" storage="d:\actions-runner\_work\xpco\xpco\mip\platformplugin\videoos.platform\unittest\bin\debug\net472\videoos.platform.tests.dll" id="e9e566d8-8c2f-a5c9-6e03-2549ae458328">
      <Execution id="2a164484-451e-4dc5-aa86-635621a794fa" />
      <TestMethod codeBase="D:\actions-runner\_work\XPCO\XPCO\MIP\PlatformPlugin\VideoOS.Platform\unittest\bin\Debug\net472\VideoOS.Platform.Tests.dll" adapterTypeName="executor://mstestadapter/v2" className="VideoOS.Platform.Tests.UI.Controls.Automation.Serialization.AutomationObjectSerializerTest" name="Serialize_ShouldIncludeOptionDecorations_WhenPropertyIsObjectAndNoPropertiesRequestedInPath" />
    </UnitTest>
    <UnitTest name="Move_ShouldInvokeCallback_WhenObservable" storage="d:\actions-runner\_work\xpco\xpco\mip\platformplugin\videoos.platform\unittest\bin\debug\net472\videoos.platform.tests.dll" id="d1e36374-9329-5797-656e-7f2208258af5">
      <Execution id="6a163311-3b0b-41e3-baf5-ab314bdd7d8a" />
      <TestMethod codeBase="D:\actions-runner\_work\XPCO\XPCO\MIP\PlatformPlugin\VideoOS.Platform\unittest\bin\Debug\net472\VideoOS.Platform.Tests.dll" adapterTypeName="executor://mstestadapter/v2" className="VideoOS.Platform.Tests.UI.Controls.CollectionHelperTest" name="Move_ShouldInvokeCallback_WhenObservable" />
    </UnitTest>
    <UnitTest name="CollectionReplaced_ShouldInvokeCallback_WhenNotObservable" storage="d:\actions-runner\_work\xpco\xpco\mip\platformplugin\videoos.platform\unittest\bin\debug\net472\videoos.platform.tests.dll" id="03519c29-5d68-745a-351e-45c267ad13e8">
      <Execution id="7fc61651-080d-4490-8bcd-5fed713a2fd1" />
      <TestMethod codeBase="D:\actions-runner\_work\XPCO\XPCO\MIP\PlatformPlugin\VideoOS.Platform\unittest\bin\Debug\net472\VideoOS.Platform.Tests.dll" adapterTypeName="executor://mstestadapter/v2" className="VideoOS.Platform.Tests.UI.Controls.CollectionHelperTest" name="CollectionReplaced_ShouldInvokeCallback_WhenNotObservable" />
    </UnitTest>
    <UnitTest name="Parse_Int_Invalid" storage="d:\actions-runner\_work\xpco\xpco\mip\platformplugin\videoos.platform\unittest\bin\debug\net472\videoos.platform.tests.dll" id="8cb20cd0-1e7e-f4a1-66cd-e7e59b7d8aab">
      <Execution id="e846d5b4-e449-4904-b105-c2d5e43286e9" />
      <TestMethod codeBase="D:\actions-runner\_work\XPCO\XPCO\MIP\PlatformPlugin\VideoOS.Platform\unittest\bin\Debug\net472\VideoOS.Platform.Tests.dll" adapterTypeName="executor://mstestadapter/v2" className="VideoOS.Platform.Tests.Proxy.RestApi.JsonReaderTests" name="Parse_Int_Invalid" />
    </UnitTest>
    <UnitTest name="ProvideValue_ShouldUseNull_WhenMultipleItemsSelected" storage="d:\actions-runner\_work\xpco\xpco\mip\platformplugin\videoos.platform\unittest\bin\debug\net472\videoos.platform.tests.dll" id="61262ea9-2fff-4876-558f-09adf2a65523">
      <TestCategory>
        <TestCategoryItem TestCategory="DropDowns" />
      </TestCategory>
      <Execution id="4f529c76-efe3-46b0-a1c2-3373de0a0a8c" />
      <TestMethod codeBase="D:\actions-runner\_work\XPCO\XPCO\MIP\PlatformPlugin\VideoOS.Platform\unittest\bin\Debug\net472\VideoOS.Platform.Tests.dll" adapterTypeName="executor://mstestadapter/v2" className="VideoOS.Platform.Tests.UI.Controls.DropDowns.Internal.SelectedItemContentTemplateExtensionTest" name="ProvideValue_ShouldUseNull_WhenMultipleItemsSelected" />
    </UnitTest>
    <UnitTest name="GenerateParameters_ShouldOmitCodecList_WhenCodecSetIsEmpty" storage="d:\actions-runner\_work\xpco\xpco\mip\platformplugin\videoos.platform\unittest\bin\debug\net472\videoos.platform.tests.dll" id="4c802ea5-aa1d-d28e-7473-4c1c59889246">
      <Execution id="985ba95b-5a15-4e5e-a872-a3c26f81cb4e" />
      <TestMethod codeBase="D:\actions-runner\_work\XPCO\XPCO\MIP\PlatformPlugin\VideoOS.Platform\unittest\bin\Debug\net472\VideoOS.Platform.Tests.dll" adapterTypeName="executor://mstestadapter/v2" className="VideoOS.Platform.Tests.Data.CameraDeviceDefinitionTests" name="GenerateParameters_ShouldOmitCodecList_WhenCodecSetIsEmpty" />
    </UnitTest>
    <UnitTest name="WriteMetadataXmlWithString_ShouldWriteRootElement_WhenDataIsPresent" storage="d:\actions-runner\_work\xpco\xpco\mip\platformplugin\videoos.platform\unittest\bin\debug\net472\videoos.platform.tests.dll" id="3a3b003d-e9ff-947e-0664-bd777109fe74">
      <Execution id="794ce30d-8fce-4148-93be-7dc0bba98ef7" />
      <TestMethod codeBase="D:\actions-runner\_work\XPCO\XPCO\MIP\PlatformPlugin\VideoOS.Platform\unittest\bin\Debug\net472\VideoOS.Platform.Tests.dll" adapterTypeName="executor://mstestadapter/v2" className="VideoOS.Platform.Tests.Metadata.MetadataSerializerTests" name="WriteMetadataXmlWithString_ShouldWriteRootElement_WhenDataIsPresent" />
    </UnitTest>
    <UnitTest name="CountByItems_Activated_CountByCounter_Trial3" storage="d:\actions-runner\_work\xpco\xpco\mip\platformplugin\videoos.platform\unittest\bin\debug\net472\videoos.platform.tests.dll" id="e10db072-c885-f638-cbd6-f0cb1d9146d0">
      <Execution id="e3059a6a-af99-4699-b79a-505c575f25ab" />
      <TestMethod codeBase="D:\actions-runner\_work\XPCO\XPCO\MIP\PlatformPlugin\VideoOS.Platform\unittest\bin\Debug\net472\VideoOS.Platform.Tests.dll" adapterTypeName="executor://mstestadapter/v2" className="VideoOS.Platform.Tests.License.ResolvedLicenseCountTest" name="CountByItems_Activated_CountByCounter_Trial3" />
    </UnitTest>
    <UnitTest name="RemovePredicate_KeyNotPresent_DoesNothing" storage="d:\actions-runner\_work\xpco\xpco\mip\platformplugin\videoos.platform\unittest\bin\debug\net472\videoos.platform.tests.dll" id="3827ef79-3081-082a-a862-859949cd62b9">
      <Execution id="34ac8262-142a-48f9-a608-c06afb7c171b" />
      <TestMethod codeBase="D:\actions-runner\_work\XPCO\XPCO\MIP\PlatformPlugin\VideoOS.Platform\unittest\bin\Debug\net472\VideoOS.Platform.Tests.dll" adapterTypeName="executor://mstestadapter/v2" className="VideoOS.Platform.Tests.Util.Queue.LRUCacheTests" name="RemovePredicate_KeyNotPresent_DoesNothing" />
    </UnitTest>
    <UnitTest name="CountByItems_Activated_Grace_Unordered" storage="d:\actions-runner\_work\xpco\xpco\mip\platformplugin\videoos.platform\unittest\bin\debug\net472\videoos.platform.tests.dll" id="712e2140-9dcc-9696-ddc4-73aad2a14137">
      <Execution id="b3684e50-7673-4849-9967-de871aa16332" />
      <TestMethod codeBase="D:\actions-runner\_work\XPCO\XPCO\MIP\PlatformPlugin\VideoOS.Platform\unittest\bin\Debug\net472\VideoOS.Platform.Tests.dll" adapterTypeName="executor://mstestadapter/v2" className="VideoOS.Platform.Tests.License.ResolvedLicenseCountTest" name="CountByItems_Activated_Grace_Unordered" />
    </UnitTest>
    <UnitTest name="MatchId_Success_MessageWithAsteriskAtEnd_NoEnding" storage="d:\actions-runner\_work\xpco\xpco\mip\platformplugin\videoos.platform\unittest\bin\debug\net472\videoos.platform.tests.dll" id="e6ba39e7-b277-ade5-953f-680493847818">
      <Execution id="556152d0-686a-44e1-9d6f-1854c3ed1745" />
      <TestMethod codeBase="D:\actions-runner\_work\XPCO\XPCO\MIP\PlatformPlugin\VideoOS.Platform\unittest\bin\Debug\net472\VideoOS.Platform.Tests.dll" adapterTypeName="executor://mstestadapter/v2" className="VideoOS.Platform.Tests.Messaging.CommunicationIdFilterTests" name="MatchId_Success_MessageWithAsteriskAtEnd_NoEnding" />
    </UnitTest>
    <UnitTest name="ReadXml_ShouldSetIsIdleAndIsRemovedToFalse_WhenElementIsEmpty" storage="d:\actions-runner\_work\xpco\xpco\mip\platformplugin\videoos.platform\unittest\bin\debug\net472\videoos.platform.tests.dll" id="97f2dd08-7fc8-05d2-39e7-d6eb768666a9">
      <Execution id="24077112-d5ac-45ca-8268-0a60856bdd0a" />
      <TestMethod codeBase="D:\actions-runner\_work\XPCO\XPCO\MIP\PlatformPlugin\VideoOS.Platform\unittest\bin\Debug\net472\VideoOS.Platform.Tests.dll" adapterTypeName="executor://mstestadapter/v2" className="VideoOS.Platform.Tests.Metadata.BehaviourTests" name="ReadXml_ShouldSetIsIdleAndIsRemovedToFalse_WhenElementIsEmpty" />
    </UnitTest>
    <UnitTest name="Serialize_TestCases (TestParentTypeMatchCollectionThisTypeNotMatchedProperty)" storage="d:\actions-runner\_work\xpco\xpco\mip\platformplugin\videoos.platform\unittest\bin\debug\net472\videoos.platform.tests.dll" id="cf5907ea-f180-5c72-1f5a-4ab563640853">
      <Execution id="2b85b932-62eb-46c5-81d6-a307470397bf" />
      <TestMethod codeBase="D:\actions-runner\_work\XPCO\XPCO\MIP\PlatformPlugin\VideoOS.Platform\unittest\bin\Debug\net472\VideoOS.Platform.Tests.dll" adapterTypeName="executor://mstestadapter/v2" className="VideoOS.Platform.Tests.UI.Controls.Automation.Serialization.AutomationObjectSerializerTest" name="Serialize_TestCases" />
    </UnitTest>
    <UnitTest name="AllowGroupSelection_MultiSelect_GroupSelected" storage="d:\actions-runner\_work\xpco\xpco\mip\platformplugin\videoos.platform\unittest\bin\debug\net472\videoos.platform.tests.dll" id="fd3d93a9-265d-ee70-503b-7e4448400893">
      <Execution id="d718ad54-3ff9-4f0b-b1a8-041599569c0b" />
      <TestMethod codeBase="D:\actions-runner\_work\XPCO\XPCO\MIP\PlatformPlugin\VideoOS.Platform\unittest\bin\Debug\net472\VideoOS.Platform.Tests.dll" adapterTypeName="executor://mstestadapter/v2" className="VideoOS.Platform.Tests.UI.ItemPicker.ItemPickerViewModelTest" name="AllowGroupSelection_MultiSelect_GroupSelected" />
    </UnitTest>
    <UnitTest name="Serialize_TestCases (TestParentTypeMatchGenericNotThisTypeNotMatched)" storage="d:\actions-runner\_work\xpco\xpco\mip\platformplugin\videoos.platform\unittest\bin\debug\net472\videoos.platform.tests.dll" id="5789951e-05f9-80ac-4d0e-916299b6afb4">
      <Execution id="786e3568-0d35-4c8a-b54e-80fe1253f332" />
      <TestMethod codeBase="D:\actions-runner\_work\XPCO\XPCO\MIP\PlatformPlugin\VideoOS.Platform\unittest\bin\Debug\net472\VideoOS.Platform.Tests.dll" adapterTypeName="executor://mstestadapter/v2" className="VideoOS.Platform.Tests.UI.Controls.Automation.Serialization.AutomationObjectSerializerTest" name="Serialize_TestCases" />
    </UnitTest>
    <UnitTest name="OverlapsWith_ShouldReturnTrue_WhenArgumenStartTimeIsAfterStartTimeAndBeforeEndTime" storage="d:\actions-runner\_work\xpco\xpco\mip\platformplugin\videoos.platform\unittest\bin\debug\net472\videoos.platform.tests.dll" id="aa00ee56-82a4-f12d-65e7-778cc997807f">
      <Execution id="bdebcf25-80a9-4a45-b802-249c2230582a" />
      <TestMethod codeBase="D:\actions-runner\_work\XPCO\XPCO\MIP\PlatformPlugin\VideoOS.Platform\unittest\bin\Debug\net472\VideoOS.Platform.Tests.dll" adapterTypeName="executor://mstestadapter/v2" className="VideoOS.Platform.Tests.Util.TimeIntervalTests" name="OverlapsWith_ShouldReturnTrue_WhenArgumenStartTimeIsAfterStartTimeAndBeforeEndTime" />
    </UnitTest>
    <UnitTest name="ReadXml_ShouldNotSetIsIdle_WhenIdleElementIsPresentWithWrongNamespace" storage="d:\actions-runner\_work\xpco\xpco\mip\platformplugin\videoos.platform\unittest\bin\debug\net472\videoos.platform.tests.dll" id="b9119b3f-c5c3-480d-71eb-f7bd5475dbde">
      <Execution id="50544b74-b298-4d1b-bee4-4d741c6bfcea" />
      <TestMethod codeBase="D:\actions-runner\_work\XPCO\XPCO\MIP\PlatformPlugin\VideoOS.Platform\unittest\bin\Debug\net472\VideoOS.Platform.Tests.dll" adapterTypeName="executor://mstestadapter/v2" className="VideoOS.Platform.Tests.Metadata.BehaviourTests" name="ReadXml_ShouldNotSetIsIdle_WhenIdleElementIsPresentWithWrongNamespace" />
    </UnitTest>
    <UnitTest name="Append_Element_KeyValueInt" storage="d:\actions-runner\_work\xpco\xpco\mip\platformplugin\videoos.platform\unittest\bin\debug\net472\videoos.platform.tests.dll" id="62e0da8f-3c56-f977-affd-e0b646a454d7">
      <Execution id="2784b551-7177-4603-912b-f25306afec7b" />
      <TestMethod codeBase="D:\actions-runner\_work\XPCO\XPCO\MIP\PlatformPlugin\VideoOS.Platform\unittest\bin\Debug\net472\VideoOS.Platform.Tests.dll" adapterTypeName="executor://mstestadapter/v2" className="VideoOS.Platform.Tests.Proxy.RestApi.JsonBuilderTests" name="Append_Element_KeyValueInt" />
    </UnitTest>
    <UnitTest name="Convert_MultiArgumentConverter_ShouldNotAllowNullValue_WhenArgumentIsValueType" storage="d:\actions-runner\_work\xpco\xpco\mip\platformplugin\videoos.platform\unittest\bin\debug\net472\videoos.platform.tests.dll" id="20ff39df-6b6f-8d20-2277-72d3fc9ee983">
      <Execution id="37b32de2-7e92-4d21-8a71-199d0be0b15b" />
      <TestMethod codeBase="D:\actions-runner\_work\XPCO\XPCO\MIP\PlatformPlugin\VideoOS.Platform\unittest\bin\Debug\net472\VideoOS.Platform.Tests.dll" adapterTypeName="executor://mstestadapter/v2" className="VideoOS.Platform.Tests.UI.Converters.LambdaConverterTest" name="Convert_MultiArgumentConverter_ShouldNotAllowNullValue_WhenArgumentIsValueType" />
    </UnitTest>
    <UnitTest name="Dequeue_TwoConsumers_Success" storage="d:\actions-runner\_work\xpco\xpco\mip\platformplugin\videoos.platform\unittest\bin\debug\net472\videoos.platform.tests.dll" id="65d04660-c78c-f9e9-ce4c-0226775bf0c4">
      <Execution id="993a1fb6-827a-4aec-913e-72fe48a6b96e" />
      <TestMethod codeBase="D:\actions-runner\_work\XPCO\XPCO\MIP\PlatformPlugin\VideoOS.Platform\unittest\bin\Debug\net472\VideoOS.Platform.Tests.dll" adapterTypeName="executor://mstestadapter/v2" className="VideoOS.Platform.Tests.Util.Queue.ConcurrentQueueSlimTests" name="Dequeue_TwoConsumers_Success" />
    </UnitTest>
    <UnitTest name="JsonUtility_Compress_Success" storage="d:\actions-runner\_work\xpco\xpco\mip\platformplugin\videoos.platform\unittest\bin\debug\net472\videoos.platform.tests.dll" id="4eb529fd-da3e-df70-1180-0619ee67e3c6">
      <Execution id="f2d1a016-c908-4a47-93fa-0cc6b14a0c4e" />
      <TestMethod codeBase="D:\actions-runner\_work\XPCO\XPCO\MIP\PlatformPlugin\VideoOS.Platform\unittest\bin\Debug\net472\VideoOS.Platform.Tests.dll" adapterTypeName="executor://mstestadapter/v2" className="VideoOS.Platform.Tests.Proxy.RestApi.JsonBuilderTests" name="JsonUtility_Compress_Success" />
    </UnitTest>
    <UnitTest name="MipItems_Property_Collection_Empty" storage="d:\actions-runner\_work\xpco\xpco\mip\platformplugin\videoos.platform\unittest\bin\debug\net472\videoos.platform.tests.dll" id="3434e15a-2768-efbc-7e19-fea38f3ae373">
      <Execution id="8e89226c-cc46-47e7-8021-1e181b80899e" />
      <TestMethod codeBase="D:\actions-runner\_work\XPCO\XPCO\MIP\PlatformPlugin\VideoOS.Platform\unittest\bin\Debug\net472\VideoOS.Platform.Tests.dll" adapterTypeName="executor://mstestadapter/v2" className="VideoOS.Platform.Tests.UI.ItemPicker.ItemViewModelTest" name="MipItems_Property_Collection_Empty" />
    </UnitTest>
    <UnitTest name="Equals_ShouldHaveValueSemantics_Always" storage="d:\actions-runner\_work\xpco\xpco\mip\platformplugin\videoos.platform\unittest\bin\debug\net472\videoos.platform.tests.dll" id="2278707c-4cb1-7a76-66a2-6338bd3a574d">
      <Execution id="94d94e62-e524-458a-96e3-a01d4a5d273e" />
      <TestMethod codeBase="D:\actions-runner\_work\XPCO\XPCO\MIP\PlatformPlugin\VideoOS.Platform\unittest\bin\Debug\net472\VideoOS.Platform.Tests.dll" adapterTypeName="executor://mstestadapter/v2" className="VideoOS.Platform.Tests.Metadata.DisplayColorTests" name="Equals_ShouldHaveValueSemantics_Always" />
    </UnitTest>
    <UnitTest name="Equals_ShouldBeDifferent" storage="d:\actions-runner\_work\xpco\xpco\mip\platformplugin\videoos.platform\unittest\bin\debug\net472\videoos.platform.tests.dll" id="dbac47b9-416a-24f2-90d7-b5b09b9dc93c">
      <Execution id="7ef32929-d5e7-437d-8ca6-9a2006cc0e5c" />
      <TestMethod codeBase="D:\actions-runner\_work\XPCO\XPCO\MIP\PlatformPlugin\VideoOS.Platform\unittest\bin\Debug\net472\VideoOS.Platform.Tests.dll" adapterTypeName="executor://mstestadapter/v2" className="VideoOS.Platform.Tests.FQIDtests" name="Equals_ShouldBeDifferent" />
    </UnitTest>
    <UnitTest name="Apply_ShouldAddTranslateYCoordinatesToCenterYAndTranslateXCoordinatesToCenterX_WhenTranslateIsNotNull" storage="d:\actions-runner\_work\xpco\xpco\mip\platformplugin\videoos.platform\unittest\bin\debug\net472\videoos.platform.tests.dll" id="ef239907-8146-d171-397a-2e18ca0a7d07">
      <Execution id="373ee75f-2bc8-4b2f-91cd-d7b249d12ea9" />
      <TestMethod codeBase="D:\actions-runner\_work\XPCO\XPCO\MIP\PlatformPlugin\VideoOS.Platform\unittest\bin\Debug\net472\VideoOS.Platform.Tests.dll" adapterTypeName="executor://mstestadapter/v2" className="VideoOS.Platform.Tests.Metadata.DisplayTextTests" name="Apply_ShouldAddTranslateYCoordinatesToCenterYAndTranslateXCoordinatesToCenterX_WhenTranslateIsNotNull" />
    </UnitTest>
    <UnitTest name="GetNext_ShouldReturnNull_WhenCacheHasJustBenLoadedWithNewData" storage="d:\actions-runner\_work\xpco\xpco\mip\platformplugin\videoos.platform\unittest\bin\debug\net472\videoos.platform.tests.dll" id="c4d26256-1744-c2d0-2a14-fe21640d4fe1">
      <Execution id="b4a16716-016a-44dc-a539-a1cfbdd09495" />
      <TestMethod codeBase="D:\actions-runner\_work\XPCO\XPCO\MIP\PlatformPlugin\VideoOS.Platform\unittest\bin\Debug\net472\VideoOS.Platform.Tests.dll" adapterTypeName="executor://mstestadapter/v2" className="VideoOS.Platform.Tests.Data.MetadataCacheTests" name="GetNext_ShouldReturnNull_WhenCacheHasJustBenLoadedWithNewData" />
    </UnitTest>
    <UnitTest name="Match_Success_SystemTypeStartMatch" storage="d:\actions-runner\_work\xpco\xpco\mip\platformplugin\videoos.platform\unittest\bin\debug\net472\videoos.platform.tests.dll" id="52280e61-dcba-6f9b-6016-eff366e7d098">
      <Execution id="282102ed-ec99-4492-a013-e38278603856" />
      <TestMethod codeBase="D:\actions-runner\_work\XPCO\XPCO\MIP\PlatformPlugin\VideoOS.Platform\unittest\bin\Debug\net472\VideoOS.Platform.Tests.dll" adapterTypeName="executor://mstestadapter/v2" className="VideoOS.Platform.Tests.Messaging.CommunicationIdFilterTests" name="Match_Success_SystemTypeStartMatch" />
    </UnitTest>
    <UnitTest name="Equals_ShouldHaveValueSemantics_WhenAlways" storage="d:\actions-runner\_work\xpco\xpco\mip\platformplugin\videoos.platform\unittest\bin\debug\net472\videoos.platform.tests.dll" id="2b2cdfa0-61df-f232-7682-12c2c86c587b">
      <Execution id="57f0012a-eaa9-41ff-a486-b26d23b8456d" />
      <TestMethod codeBase="D:\actions-runner\_work\XPCO\XPCO\MIP\PlatformPlugin\VideoOS.Platform\unittest\bin\Debug\net472\VideoOS.Platform.Tests.dll" adapterTypeName="executor://mstestadapter/v2" className="VideoOS.Platform.Tests.Metadata.VectorTests" name="Equals_ShouldHaveValueSemantics_WhenAlways" />
    </UnitTest>
    <UnitTest name="ReadXml_ShouldReadClassCandidateContents_WhenClassCandidateIsPresent" storage="d:\actions-runner\_work\xpco\xpco\mip\platformplugin\videoos.platform\unittest\bin\debug\net472\videoos.platform.tests.dll" id="ae1fcdcb-f991-e67c-d221-5879496f84bd">
      <Execution id="f83d3c4c-3b48-42ed-bd1d-460c36b0ceaa" />
      <TestMethod codeBase="D:\actions-runner\_work\XPCO\XPCO\MIP\PlatformPlugin\VideoOS.Platform\unittest\bin\Debug\net472\VideoOS.Platform.Tests.dll" adapterTypeName="executor://mstestadapter/v2" className="VideoOS.Platform.Tests.Metadata.OnvifClassTests" name="ReadXml_ShouldReadClassCandidateContents_WhenClassCandidateIsPresent" />
    </UnitTest>
    <UnitTest name="Remove_String_Invalid" storage="d:\actions-runner\_work\xpco\xpco\mip\platformplugin\videoos.platform\unittest\bin\debug\net472\videoos.platform.tests.dll" id="48aed434-d191-a79c-5c15-17d6032c9edd">
      <Execution id="122fa24a-aba7-4faf-bd09-9a1c588a9d20" />
      <TestMethod codeBase="D:\actions-runner\_work\XPCO\XPCO\MIP\PlatformPlugin\VideoOS.Platform\unittest\bin\Debug\net472\VideoOS.Platform.Tests.dll" adapterTypeName="executor://mstestadapter/v2" className="VideoOS.Platform.Tests.Proxy.RestApi.JsonReaderTests" name="Remove_String_Invalid" />
    </UnitTest>
    <UnitTest name="CountByItems_Activated_CountByCounter_Grace2" storage="d:\actions-runner\_work\xpco\xpco\mip\platformplugin\videoos.platform\unittest\bin\debug\net472\videoos.platform.tests.dll" id="4d5586b3-8531-2268-4fb4-39aa8e9235b0">
      <Execution id="8f320deb-3cfd-42fb-974a-08365eb3c34b" />
      <TestMethod codeBase="D:\actions-runner\_work\XPCO\XPCO\MIP\PlatformPlugin\VideoOS.Platform\unittest\bin\Debug\net472\VideoOS.Platform.Tests.dll" adapterTypeName="executor://mstestadapter/v2" className="VideoOS.Platform.Tests.License.ResolvedLicenseCountTest" name="CountByItems_Activated_CountByCounter_Grace2" />
    </UnitTest>
    <UnitTest name="GetHashType_ShouldReturnNotSupported_WhenInputIsSHA512Hash" storage="d:\actions-runner\_work\xpco\xpco\mip\platformplugin\videoos.platform\unittest\bin\debug\net472\videoos.platform.tests.dll" id="08483f1f-4568-e039-2698-7a75165ec4e4">
      <Execution id="85a5adeb-4cd3-4b8b-ac1f-61136d450396" />
      <TestMethod codeBase="D:\actions-runner\_work\XPCO\XPCO\MIP\PlatformPlugin\VideoOS.Platform\unittest\bin\Debug\net472\VideoOS.Platform.Tests.dll" adapterTypeName="executor://mstestadapter/v2" className="VideoOS.Platform.Tests.Data.MediaProviderInternal.UtilityTests" name="GetHashType_ShouldReturnNotSupported_WhenInputIsSHA512Hash" />
    </UnitTest>
    <UnitTest name="CountByItems_Activated_WithTrialsInActivation" storage="d:\actions-runner\_work\xpco\xpco\mip\platformplugin\videoos.platform\unittest\bin\debug\net472\videoos.platform.tests.dll" id="1f1cc29a-ffbb-09ec-fd2b-edba3215943f">
      <Execution id="845e751b-bf2a-4003-8033-bb439924b411" />
      <TestMethod codeBase="D:\actions-runner\_work\XPCO\XPCO\MIP\PlatformPlugin\VideoOS.Platform\unittest\bin\Debug\net472\VideoOS.Platform.Tests.dll" adapterTypeName="executor://mstestadapter/v2" className="VideoOS.Platform.Tests.License.ResolvedLicenseCountTest" name="CountByItems_Activated_WithTrialsInActivation" />
    </UnitTest>
    <UnitTest name="GetNearest_ShouldReturnDataFromCacheWithoutCallingToolkit_WhenDataIsPresentInCache" storage="d:\actions-runner\_work\xpco\xpco\mip\platformplugin\videoos.platform\unittest\bin\debug\net472\videoos.platform.tests.dll" id="d7001884-5531-566e-871c-306c552a41f9">
      <Execution id="d7f85028-d6d1-4cb5-8b81-eb188a83a611" />
      <TestMethod codeBase="D:\actions-runner\_work\XPCO\XPCO\MIP\PlatformPlugin\VideoOS.Platform\unittest\bin\Debug\net472\VideoOS.Platform.Tests.dll" adapterTypeName="executor://mstestadapter/v2" className="VideoOS.Platform.Tests.Data.MetadataPlaybackSourceTests" name="GetNearest_ShouldReturnDataFromCacheWithoutCallingToolkit_WhenDataIsPresentInCache" />
    </UnitTest>
    <UnitTest name="CountByItems_Activated_Empty" storage="d:\actions-runner\_work\xpco\xpco\mip\platformplugin\videoos.platform\unittest\bin\debug\net472\videoos.platform.tests.dll" id="1ffa1bf6-fb8e-b8ef-fe84-530e8f551d9d">
      <Execution id="c82afa82-4877-4894-80b4-a84c7157e5c8" />
      <TestMethod codeBase="D:\actions-runner\_work\XPCO\XPCO\MIP\PlatformPlugin\VideoOS.Platform\unittest\bin\Debug\net472\VideoOS.Platform.Tests.dll" adapterTypeName="executor://mstestadapter/v2" className="VideoOS.Platform.Tests.License.ResolvedLicenseCountTest" name="CountByItems_Activated_Empty" />
    </UnitTest>
    <UnitTest name="Serialize_TestCases (TestParentTypeMatchStructThisTypeNotMatchedProperty)" storage="d:\actions-runner\_work\xpco\xpco\mip\platformplugin\videoos.platform\unittest\bin\debug\net472\videoos.platform.tests.dll" id="69e9fbca-51ed-8423-d5ea-3d8489803dd2">
      <Execution id="4b1a7146-8140-4335-b0fc-06a0d7394c87" />
      <TestMethod codeBase="D:\actions-runner\_work\XPCO\XPCO\MIP\PlatformPlugin\VideoOS.Platform\unittest\bin\Debug\net472\VideoOS.Platform.Tests.dll" adapterTypeName="executor://mstestadapter/v2" className="VideoOS.Platform.Tests.UI.Controls.Automation.Serialization.AutomationObjectSerializerTest" name="Serialize_TestCases" />
    </UnitTest>
    <UnitTest name="GetAtOrBefore_ShouldReturnEntryBeforeFromCache_WhenDataIsInCache" storage="d:\actions-runner\_work\xpco\xpco\mip\platformplugin\videoos.platform\unittest\bin\debug\net472\videoos.platform.tests.dll" id="58117c79-f111-10a9-cd35-e84774ffbcda">
      <Execution id="d42b503d-f19a-458d-aa97-01668eb19dac" />
      <TestMethod codeBase="D:\actions-runner\_work\XPCO\XPCO\MIP\PlatformPlugin\VideoOS.Platform\unittest\bin\Debug\net472\VideoOS.Platform.Tests.dll" adapterTypeName="executor://mstestadapter/v2" className="VideoOS.Platform.Tests.Data.MetadataPlaybackSourceTests" name="GetAtOrBefore_ShouldReturnEntryBeforeFromCache_WhenDataIsInCache" />
    </UnitTest>
    <UnitTest name="WriteXml_ShouldWriteTypeAndLikelihoodElementContents_WhenTheyAreSet" storage="d:\actions-runner\_work\xpco\xpco\mip\platformplugin\videoos.platform\unittest\bin\debug\net472\videoos.platform.tests.dll" id="1c326e5c-4c62-8c00-ee40-aad1ae557760">
      <Execution id="8cb58cea-258f-4040-ba27-e345751d291f" />
      <TestMethod codeBase="D:\actions-runner\_work\XPCO\XPCO\MIP\PlatformPlugin\VideoOS.Platform\unittest\bin\Debug\net472\VideoOS.Platform.Tests.dll" adapterTypeName="executor://mstestadapter/v2" className="VideoOS.Platform.Tests.Metadata.ClassCandidateTests" name="WriteXml_ShouldWriteTypeAndLikelihoodElementContents_WhenTheyAreSet" />
    </UnitTest>
    <UnitTest name="Apply_ShouldAddTranslateYCoordinatesToTopAndBottomAndTranslateXCoordinatesToLeftAndRight_WhenTranslateIsNotNull" storage="d:\actions-runner\_work\xpco\xpco\mip\platformplugin\videoos.platform\unittest\bin\debug\net472\videoos.platform.tests.dll" id="c812ed1c-00bd-8faa-1362-480338c7edf0">
      <Execution id="52b013c1-c771-41fc-ac4b-eb62fc2a1e68" />
      <TestMethod codeBase="D:\actions-runner\_work\XPCO\XPCO\MIP\PlatformPlugin\VideoOS.Platform\unittest\bin\Debug\net472\VideoOS.Platform.Tests.dll" adapterTypeName="executor://mstestadapter/v2" className="VideoOS.Platform.Tests.Metadata.RectangleTests" name="Apply_ShouldAddTranslateYCoordinatesToTopAndBottomAndTranslateXCoordinatesToLeftAndRight_WhenTranslateIsNotNull" />
    </UnitTest>
    <UnitTest name="ParameterConstruct1_FieldValues_Checked" storage="d:\actions-runner\_work\xpco\xpco\mip\platformplugin\videoos.platform\unittest\bin\debug\net472\videoos.platform.tests.dll" id="4bd213a5-298f-25c6-c1c0-a6bf89fe9c65">
      <Execution id="cadb04e9-1435-436a-8322-e37962562645" />
      <TestMethod codeBase="D:\actions-runner\_work\XPCO\XPCO\MIP\PlatformPlugin\VideoOS.Platform\unittest\bin\Debug\net472\VideoOS.Platform.Tests.dll" adapterTypeName="executor://mstestadapter/v2" className="VideoOS.Platform.Tests.FQIDtests" name="ParameterConstruct1_FieldValues_Checked" />
    </UnitTest>
    <UnitTest name="Populate_SearchTextSet_ItemsFound_False" storage="d:\actions-runner\_work\xpco\xpco\mip\platformplugin\videoos.platform\unittest\bin\debug\net472\videoos.platform.tests.dll" id="0a158be2-3d0e-91be-dc79-b834318d6106">
      <Execution id="b3b830d0-610b-4bad-8366-9fbeca4cc751" />
      <TestMethod codeBase="D:\actions-runner\_work\XPCO\XPCO\MIP\PlatformPlugin\VideoOS.Platform\unittest\bin\Debug\net472\VideoOS.Platform.Tests.dll" adapterTypeName="executor://mstestadapter/v2" className="VideoOS.Platform.Tests.UI.ItemPicker.PopulateThreadTest" name="Populate_SearchTextSet_ItemsFound_False" />
    </UnitTest>
    <UnitTest name="Set_Int_Invalid" storage="d:\actions-runner\_work\xpco\xpco\mip\platformplugin\videoos.platform\unittest\bin\debug\net472\videoos.platform.tests.dll" id="0cd51abe-1287-52a5-9d2e-d556a1306fcb">
      <Execution id="020deed5-785a-47bb-81fd-b220ea41d9e2" />
      <TestMethod codeBase="D:\actions-runner\_work\XPCO\XPCO\MIP\PlatformPlugin\VideoOS.Platform\unittest\bin\Debug\net472\VideoOS.Platform.Tests.dll" adapterTypeName="executor://mstestadapter/v2" className="VideoOS.Platform.Tests.Proxy.RestApi.JsonReaderTests" name="Set_Int_Invalid" />
    </UnitTest>
    <UnitTest name="GetEnd_ShouldReturnNull_WhenToolkitReturnsNull" storage="d:\actions-runner\_work\xpco\xpco\mip\platformplugin\videoos.platform\unittest\bin\debug\net472\videoos.platform.tests.dll" id="5ce0e781-04f1-5244-6eeb-240f14509129">
      <Execution id="be317586-f6b7-468c-a400-7f419b11dae9" />
      <TestMethod codeBase="D:\actions-runner\_work\XPCO\XPCO\MIP\PlatformPlugin\VideoOS.Platform\unittest\bin\Debug\net472\VideoOS.Platform.Tests.dll" adapterTypeName="executor://mstestadapter/v2" className="VideoOS.Platform.Tests.Data.MetadataPlaybackSourceTests" name="GetEnd_ShouldReturnNull_WhenToolkitReturnsNull" />
    </UnitTest>
    <UnitTest name="GenerateDeviceCapabilityParameters_ShouldWriteTypeDisplayId_WhenAlways" storage="d:\actions-runner\_work\xpco\xpco\mip\platformplugin\videoos.platform\unittest\bin\debug\net472\videoos.platform.tests.dll" id="23408848-110d-2bfe-6354-e8de8927ac23">
      <Execution id="9d20cbea-1a8b-4df9-b565-91aae7d68d2a" />
      <TestMethod codeBase="D:\actions-runner\_work\XPCO\XPCO\MIP\PlatformPlugin\VideoOS.Platform\unittest\bin\Debug\net472\VideoOS.Platform.Tests.dll" adapterTypeName="executor://mstestadapter/v2" className="VideoOS.Platform.Tests.Data.MetadataDeviceCapabilityTests" name="GenerateDeviceCapabilityParameters_ShouldWriteTypeDisplayId_WhenAlways" />
    </UnitTest>
    <UnitTest name="ReadXml_ShouldNotSetIsRemoved_WhenRemovedElementIsPresentWithWrongNamespace" storage="d:\actions-runner\_work\xpco\xpco\mip\platformplugin\videoos.platform\unittest\bin\debug\net472\videoos.platform.tests.dll" id="eefcc86b-2e92-5256-d34c-9049a6da9154">
      <Execution id="944e2406-ecad-4a9a-b6b4-cbe0c4933948" />
      <TestMethod codeBase="D:\actions-runner\_work\XPCO\XPCO\MIP\PlatformPlugin\VideoOS.Platform\unittest\bin\Debug\net472\VideoOS.Platform.Tests.dll" adapterTypeName="executor://mstestadapter/v2" className="VideoOS.Platform.Tests.Metadata.BehaviourTests" name="ReadXml_ShouldNotSetIsRemoved_WhenRemovedElementIsPresentWithWrongNamespace" />
    </UnitTest>
    <UnitTest name="Remove_KeyNotPresent_ReturnsFalse" storage="d:\actions-runner\_work\xpco\xpco\mip\platformplugin\videoos.platform\unittest\bin\debug\net472\videoos.platform.tests.dll" id="2dbbefa2-cb1d-4d1e-312c-2268ae3ae8a4">
      <Execution id="56e375ca-1c25-4a60-8f36-4725d5b95405" />
      <TestMethod codeBase="D:\actions-runner\_work\XPCO\XPCO\MIP\PlatformPlugin\VideoOS.Platform\unittest\bin\Debug\net472\VideoOS.Platform.Tests.dll" adapterTypeName="executor://mstestadapter/v2" className="VideoOS.Platform.Tests.Util.Queue.LRUCacheTests" name="Remove_KeyNotPresent_ReturnsFalse" />
    </UnitTest>
    <UnitTest name="ReadXml_ShouldReadBoundingBoxAppearanceExtension_WhenBoundingBoxAppearanceExtensionIsPresent" storage="d:\actions-runner\_work\xpco\xpco\mip\platformplugin\videoos.platform\unittest\bin\debug\net472\videoos.platform.tests.dll" id="0daed256-eb5b-ff97-e9ff-02ba280c96b0">
      <Execution id="19b0002d-531e-4c1c-b30e-1c2b1779731f" />
      <TestMethod codeBase="D:\actions-runner\_work\XPCO\XPCO\MIP\PlatformPlugin\VideoOS.Platform\unittest\bin\Debug\net472\VideoOS.Platform.Tests.dll" adapterTypeName="executor://mstestadapter/v2" className="VideoOS.Platform.Tests.Metadata.ShapeTests" name="ReadXml_ShouldReadBoundingBoxAppearanceExtension_WhenBoundingBoxAppearanceExtensionIsPresent" />
    </UnitTest>
    <UnitTest name="ReadXml_ShouldReadVideoAnalysticsChildren_WhenMultipleChildrenIsPresent" storage="d:\actions-runner\_work\xpco\xpco\mip\platformplugin\videoos.platform\unittest\bin\debug\net472\videoos.platform.tests.dll" id="58908065-853e-c4d9-3613-bc3198b1cc08">
      <Execution id="b5e609c8-6ac5-4693-b511-a17a35bd067f" />
      <TestMethod codeBase="D:\actions-runner\_work\XPCO\XPCO\MIP\PlatformPlugin\VideoOS.Platform\unittest\bin\Debug\net472\VideoOS.Platform.Tests.dll" adapterTypeName="executor://mstestadapter/v2" className="VideoOS.Platform.Tests.Metadata.MetadataStreamTests" name="ReadXml_ShouldReadVideoAnalysticsChildren_WhenMultipleChildrenIsPresent" />
    </UnitTest>
    <UnitTest name="ReadXml_ShouldReadVerticalAccuracy_WhenVerticalAccuracyIsPresent" storage="d:\actions-runner\_work\xpco\xpco\mip\platformplugin\videoos.platform\unittest\bin\debug\net472\videoos.platform.tests.dll" id="e0e73f94-8b60-e9f7-5ce6-3100aae7c303">
      <Execution id="aa06d570-70a7-4e94-9765-8ee9c8f81354" />
      <TestMethod codeBase="D:\actions-runner\_work\XPCO\XPCO\MIP\PlatformPlugin\VideoOS.Platform\unittest\bin\Debug\net472\VideoOS.Platform.Tests.dll" adapterTypeName="executor://mstestadapter/v2" className="VideoOS.Platform.Tests.Metadata.NavigationalDataTests" name="ReadXml_ShouldReadVerticalAccuracy_WhenVerticalAccuracyIsPresent" />
    </UnitTest>
    <UnitTest name="Latitude_ShouldThrowArgumentOfRange_WhenValueIsOutsideAcceptedRange" storage="d:\actions-runner\_work\xpco\xpco\mip\platformplugin\videoos.platform\unittest\bin\debug\net472\videoos.platform.tests.dll" id="68a34a15-d421-8568-e2a0-5ca548802bb9">
      <Execution id="6e97d227-fa77-47cc-bbbe-20a5ca0bdbec" />
      <TestMethod codeBase="D:\actions-runner\_work\XPCO\XPCO\MIP\PlatformPlugin\VideoOS.Platform\unittest\bin\Debug\net472\VideoOS.Platform.Tests.dll" adapterTypeName="executor://mstestadapter/v2" className="VideoOS.Platform.Tests.Metadata.NavigationalDataTests" name="Latitude_ShouldThrowArgumentOfRange_WhenValueIsOutsideAcceptedRange" />
    </UnitTest>
    <UnitTest name="Add_NullKey_Throws" storage="d:\actions-runner\_work\xpco\xpco\mip\platformplugin\videoos.platform\unittest\bin\debug\net472\videoos.platform.tests.dll" id="6e2943e4-1567-7531-b5b0-13aaeb4e80e3">
      <Execution id="ddcc3b90-20ff-4fd6-a1d2-2431b7814fc4" />
      <TestMethod codeBase="D:\actions-runner\_work\XPCO\XPCO\MIP\PlatformPlugin\VideoOS.Platform\unittest\bin\Debug\net472\VideoOS.Platform.Tests.dll" adapterTypeName="executor://mstestadapter/v2" className="VideoOS.Platform.Tests.Util.Queue.LRUCacheTests" name="Add_NullKey_Throws" />
    </UnitTest>
    <UnitTest name="GetLicensePlateFilterValue_ValidSelection_Success" storage="d:\actions-runner\_work\xpco\xpco\mip\platformplugin\videoos.platform\unittest\bin\debug\net472\videoos.platform.tests.dll" id="43af5117-1f9c-6ca5-e2b0-3bd57b512c6f">
      <TestCategory>
        <TestCategoryItem TestCategory="Search" />
      </TestCategory>
      <Execution id="22e852a4-d0c2-4cb5-b35e-d21fc5bca831" />
      <TestMethod codeBase="D:\actions-runner\_work\XPCO\XPCO\MIP\PlatformPlugin\VideoOS.Platform\unittest\bin\Debug\net472\VideoOS.Platform.Tests.dll" adapterTypeName="executor://mstestadapter/v2" className="VideoOS.Platform.Tests.Search.FilterCategories.VehicleSearchFilterCategoryTest" name="GetLicensePlateFilterValue_ValidSelection_Success" />
    </UnitTest>
    <UnitTest name="ReadXml_ShouldIgnoreLikelihood_WheLikelihoodIsPresenWithWrongNamespace" storage="d:\actions-runner\_work\xpco\xpco\mip\platformplugin\videoos.platform\unittest\bin\debug\net472\videoos.platform.tests.dll" id="4f197c17-4790-58f8-b53d-dcb8083dcd6a">
      <Execution id="c438ea48-4019-445c-a8b4-4c1c94faea9d" />
      <TestMethod codeBase="D:\actions-runner\_work\XPCO\XPCO\MIP\PlatformPlugin\VideoOS.Platform\unittest\bin\Debug\net472\VideoOS.Platform.Tests.dll" adapterTypeName="executor://mstestadapter/v2" className="VideoOS.Platform.Tests.Metadata.ClassCandidateTests" name="ReadXml_ShouldIgnoreLikelihood_WheLikelihoodIsPresenWithWrongNamespace" />
    </UnitTest>
    <UnitTest name="GetHashType_ShouldReturnMD5_WhenInputIsMD5Hash" storage="d:\actions-runner\_work\xpco\xpco\mip\platformplugin\videoos.platform\unittest\bin\debug\net472\videoos.platform.tests.dll" id="f761c35c-23da-0635-088d-82edc227a6c9">
      <Execution id="30a3a25f-cff3-4a71-ab5f-9f4ac43be48a" />
      <TestMethod codeBase="D:\actions-runner\_work\XPCO\XPCO\MIP\PlatformPlugin\VideoOS.Platform\unittest\bin\Debug\net472\VideoOS.Platform.Tests.dll" adapterTypeName="executor://mstestadapter/v2" className="VideoOS.Platform.Tests.Data.MediaProviderInternal.UtilityTests" name="GetHashType_ShouldReturnMD5_WhenInputIsMD5Hash" />
    </UnitTest>
    <UnitTest name="Serialize_TestCases (TestParentTypeMatchBoolThisTypeNotMatched)" storage="d:\actions-runner\_work\xpco\xpco\mip\platformplugin\videoos.platform\unittest\bin\debug\net472\videoos.platform.tests.dll" id="37ae8fbf-ea2d-3e63-eb29-0ad351089e62">
      <Execution id="0c29915c-343e-4631-a8bd-608a835330cc" />
      <TestMethod codeBase="D:\actions-runner\_work\XPCO\XPCO\MIP\PlatformPlugin\VideoOS.Platform\unittest\bin\Debug\net472\VideoOS.Platform.Tests.dll" adapterTypeName="executor://mstestadapter/v2" className="VideoOS.Platform.Tests.UI.Controls.Automation.Serialization.AutomationObjectSerializerTest" name="Serialize_TestCases" />
    </UnitTest>
    <UnitTest name="GetExpectedToken_ShouldReturnSHA256_WhenInputTokenHashTypeIsSHA256" storage="d:\actions-runner\_work\xpco\xpco\mip\platformplugin\videoos.platform\unittest\bin\debug\net472\videoos.platform.tests.dll" id="ad88d97c-caee-1d9c-2151-7b83477290c3">
      <Execution id="8d0c5520-f7a6-456d-ad8e-6805ea4df655" />
      <TestMethod codeBase="D:\actions-runner\_work\XPCO\XPCO\MIP\PlatformPlugin\VideoOS.Platform\unittest\bin\Debug\net472\VideoOS.Platform.Tests.dll" adapterTypeName="executor://mstestadapter/v2" className="VideoOS.Platform.Tests.Data.MediaProviderInternal.UtilityTests" name="GetExpectedToken_ShouldReturnSHA256_WhenInputTokenHashTypeIsSHA256" />
    </UnitTest>
    <UnitTest name="Match_Fail_NullTypeAnyMessage_Single" storage="d:\actions-runner\_work\xpco\xpco\mip\platformplugin\videoos.platform\unittest\bin\debug\net472\videoos.platform.tests.dll" id="786f976f-79dc-fb5a-d9d5-d8983ae14820">
      <Execution id="3b838557-5ad0-41fc-a490-2a503aeeb24e" />
      <TestMethod codeBase="D:\actions-runner\_work\XPCO\XPCO\MIP\PlatformPlugin\VideoOS.Platform\unittest\bin\Debug\net472\VideoOS.Platform.Tests.dll" adapterTypeName="executor://mstestadapter/v2" className="VideoOS.Platform.Tests.Messaging.CommunicationIdFilterTests" name="Match_Fail_NullTypeAnyMessage_Single" />
    </UnitTest>
    <UnitTest name="GenerateTypeDefinintionParameters_ShouldWriteDisplayId_WhenAlways" storage="d:\actions-runner\_work\xpco\xpco\mip\platformplugin\videoos.platform\unittest\bin\debug\net472\videoos.platform.tests.dll" id="7686eb08-d24a-c580-7754-5f201e5cc693">
      <Execution id="3c9a448a-9bb6-4aff-bf6b-a0e2a81d2f08" />
      <TestMethod codeBase="D:\actions-runner\_work\XPCO\XPCO\MIP\PlatformPlugin\VideoOS.Platform\unittest\bin\Debug\net472\VideoOS.Platform.Tests.dll" adapterTypeName="executor://mstestadapter/v2" className="VideoOS.Platform.Tests.Data.MetadataTypeDefinitionTests" name="GenerateTypeDefinintionParameters_ShouldWriteDisplayId_WhenAlways" />
    </UnitTest>
    <UnitTest name="Items_NullRootItem_ItemNotShown" storage="d:\actions-runner\_work\xpco\xpco\mip\platformplugin\videoos.platform\unittest\bin\debug\net472\videoos.platform.tests.dll" id="a768137e-5549-c79d-d4cb-ddd67ba25589">
      <Execution id="8ca9946c-665e-47d0-94c0-6904548ff4d2" />
      <TestMethod codeBase="D:\actions-runner\_work\XPCO\XPCO\MIP\PlatformPlugin\VideoOS.Platform\unittest\bin\Debug\net472\VideoOS.Platform.Tests.dll" adapterTypeName="executor://mstestadapter/v2" className="VideoOS.Platform.Tests.UI.ItemPicker.PopulateThreadTest" name="Items_NullRootItem_ItemNotShown" />
    </UnitTest>
    <UnitTest name="Flush_OtherKIndShouldNotImpack" storage="d:\actions-runner\_work\xpco\xpco\mip\platformplugin\videoos.platform\unittest\bin\debug\net472\videoos.platform.tests.dll" id="dac52339-d9a8-d082-49c1-4cb11ce915ee">
      <Execution id="7d5f22c4-96f9-4e9e-88fa-9811f20a251b" />
      <TestMethod codeBase="D:\actions-runner\_work\XPCO\XPCO\MIP\PlatformPlugin\VideoOS.Platform\unittest\bin\Debug\net472\VideoOS.Platform.Tests.dll" adapterTypeName="executor://mstestadapter/v2" className="VideoOS.Platform.Tests.Util.ConfigurationCacheTests" name="Flush_OtherKIndShouldNotImpack" />
    </UnitTest>
    <UnitTest name="ReadXml_ShouldIgnoreBehaviour_WhenBehaviourIsPresenWithWrongNamespace" storage="d:\actions-runner\_work\xpco\xpco\mip\platformplugin\videoos.platform\unittest\bin\debug\net472\videoos.platform.tests.dll" id="6b9c0e82-f9ec-9ff8-f609-e65978a74cf5">
      <Execution id="00a6fc45-fa56-4b2d-af76-4bc943a79889" />
      <TestMethod codeBase="D:\actions-runner\_work\XPCO\XPCO\MIP\PlatformPlugin\VideoOS.Platform\unittest\bin\Debug\net472\VideoOS.Platform.Tests.dll" adapterTypeName="executor://mstestadapter/v2" className="VideoOS.Platform.Tests.Metadata.OnvifObjectTests" name="ReadXml_ShouldIgnoreBehaviour_WhenBehaviourIsPresenWithWrongNamespace" />
    </UnitTest>
    <UnitTest name="TestStartSearch_NullDefinitions_Failure" storage="d:\actions-runner\_work\xpco\xpco\mip\platformplugin\videoos.platform\unittest\bin\debug\net472\videoos.platform.tests.dll" id="03a83ade-8d54-5619-5fb4-492194211717">
      <TestCategory>
        <TestCategoryItem TestCategory="Search" />
      </TestCategory>
      <Execution id="160dc9cd-b5f9-4335-a58d-e8a8358fb990" />
      <TestMethod codeBase="D:\actions-runner\_work\XPCO\XPCO\MIP\PlatformPlugin\VideoOS.Platform\unittest\bin\Debug\net472\VideoOS.Platform.Tests.dll" adapterTypeName="executor://mstestadapter/v2" className="VideoOS.Platform.Tests.Search.SearchManagerTest" name="TestStartSearch_NullDefinitions_Failure" />
    </UnitTest>
    <UnitTest name="GetParent_NoParent_Check" storage="d:\actions-runner\_work\xpco\xpco\mip\platformplugin\videoos.platform\unittest\bin\debug\net472\videoos.platform.tests.dll" id="ddb5c0d8-d96d-641b-981f-700b89499855">
      <Execution id="7ccc5795-26f3-45b0-80b1-833161345944" />
      <TestMethod codeBase="D:\actions-runner\_work\XPCO\XPCO\MIP\PlatformPlugin\VideoOS.Platform\unittest\bin\Debug\net472\VideoOS.Platform.Tests.dll" adapterTypeName="executor://mstestadapter/v2" className="VideoOS.Platform.Tests.ItemTests" name="GetParent_NoParent_Check" />
    </UnitTest>
    <UnitTest name="GetMetadataObjectIdsAsync_MultipleInvocations_DelegatedToInternalMethodOnlyOnce" storage="d:\actions-runner\_work\xpco\xpco\mip\platformplugin\videoos.platform\unittest\bin\debug\net472\videoos.platform.tests.dll" id="40cc8bf3-9b9a-c620-7f65-c9598a6e4a28">
      <TestCategory>
        <TestCategoryItem TestCategory="Search" />
      </TestCategory>
      <Execution id="bec73a04-c35d-4670-a041-5758ce8bd62c" />
      <TestMethod codeBase="D:\actions-runner\_work\XPCO\XPCO\MIP\PlatformPlugin\VideoOS.Platform\unittest\bin\Debug\net472\VideoOS.Platform.Tests.dll" adapterTypeName="executor://mstestadapter/v2" className="VideoOS.Platform.Tests.Search.SearchResultDataTest" name="GetMetadataObjectIdsAsync_MultipleInvocations_DelegatedToInternalMethodOnlyOnce" />
    </UnitTest>
    <UnitTest name="Construct6_And_Field_Check" storage="d:\actions-runner\_work\xpco\xpco\mip\platformplugin\videoos.platform\unittest\bin\debug\net472\videoos.platform.tests.dll" id="ab22d2fd-ea64-f65a-96ca-e707567c9b67">
      <Execution id="fcc759db-1f0b-4d3c-916e-b16992069cf2" />
      <TestMethod codeBase="D:\actions-runner\_work\XPCO\XPCO\MIP\PlatformPlugin\VideoOS.Platform\unittest\bin\Debug\net472\VideoOS.Platform.Tests.dll" adapterTypeName="executor://mstestadapter/v2" className="VideoOS.Platform.Tests.ItemTests" name="Construct6_And_Field_Check" />
    </UnitTest>
    <UnitTest name="Initialize_Default_Values" storage="d:\actions-runner\_work\xpco\xpco\mip\platformplugin\videoos.platform\unittest\bin\debug\net472\videoos.platform.tests.dll" id="6a6ed04d-7bec-096f-c4cc-c8e9813f02b3">
      <Execution id="e550ec68-9449-4e3f-b4b1-af4939f1c2e6" />
      <TestMethod codeBase="D:\actions-runner\_work\XPCO\XPCO\MIP\PlatformPlugin\VideoOS.Platform\unittest\bin\Debug\net472\VideoOS.Platform.Tests.dll" adapterTypeName="executor://mstestadapter/v2" className="VideoOS.Platform.Tests.UI.ItemPicker.ItemPickerWindowViewModelTest" name="Initialize_Default_Values" />
    </UnitTest>
    <UnitTest name="GetPropertiesAsync_ClearCachedData_DelegatedToInternalMethodTwice" storage="d:\actions-runner\_work\xpco\xpco\mip\platformplugin\videoos.platform\unittest\bin\debug\net472\videoos.platform.tests.dll" id="d03b0ad6-ed13-8489-09d1-2543f3053eff">
      <TestCategory>
        <TestCategoryItem TestCategory="Search" />
      </TestCategory>
      <Execution id="b00f287a-a74f-40cf-a0b2-ef77ca10c51b" />
      <TestMethod codeBase="D:\actions-runner\_work\XPCO\XPCO\MIP\PlatformPlugin\VideoOS.Platform\unittest\bin\Debug\net472\VideoOS.Platform.Tests.dll" adapterTypeName="executor://mstestadapter/v2" className="VideoOS.Platform.Tests.Search.SearchResultDataTest" name="GetPropertiesAsync_ClearCachedData_DelegatedToInternalMethodTwice" />
    </UnitTest>
    <UnitTest name="BuildOverlayWidthHeightAlarm_ShouldReturnCorrectSizedBitmap_WhenArgumentContainsNoObjectAndRule" storage="d:\actions-runner\_work\xpco\xpco\mip\platformplugin\videoos.platform\unittest\bin\debug\net472\videoos.platform.tests.dll" id="24a8c25f-b1c2-eba6-82b4-72c1adc9ee27">
      <Execution id="d0729352-bbc9-4ad5-8931-c1203bb156e5" />
      <TestMethod codeBase="D:\actions-runner\_work\XPCO\XPCO\MIP\PlatformPlugin\VideoOS.Platform\unittest\bin\Debug\net472\VideoOS.Platform.Tests.dll" adapterTypeName="executor://mstestadapter/v2" className="VideoOS.Platform.Tests.Util.AnalyticsOverlayBuilderTests" name="BuildOverlayWidthHeightAlarm_ShouldReturnCorrectSizedBitmap_WhenArgumentContainsNoObjectAndRule" />
    </UnitTest>
    <UnitTest name="Constructor_ShouldThrowArgumentNullException_WhenDataIsNull" storage="d:\actions-runner\_work\xpco\xpco\mip\platformplugin\videoos.platform\unittest\bin\debug\net472\videoos.platform.tests.dll" id="8afaf187-3d3c-e78b-824e-e769deeec2c9">
      <Execution id="129a9df0-de29-4175-8879-ce25af2daa97" />
      <TestMethod codeBase="D:\actions-runner\_work\XPCO\XPCO\MIP\PlatformPlugin\VideoOS.Platform\unittest\bin\Debug\net472\VideoOS.Platform.Tests.dll" adapterTypeName="executor://mstestadapter/v2" className="VideoOS.Platform.Tests.Metadata.MetadataContentTests" name="Constructor_ShouldThrowArgumentNullException_WhenDataIsNull" />
    </UnitTest>
    <UnitTest name="ReadXml_ShouldLogWarningTwiceWhenMoreThanOneMinuteBetweenWarnings_WhenFrameDidNotReadUtcTime" storage="d:\actions-runner\_work\xpco\xpco\mip\platformplugin\videoos.platform\unittest\bin\debug\net472\videoos.platform.tests.dll" id="a5abba6c-a7f2-f6e8-f007-920746cf3d43">
      <Execution id="7914987a-6c93-4fad-b592-632894dcd136" />
      <TestMethod codeBase="D:\actions-runner\_work\XPCO\XPCO\MIP\PlatformPlugin\VideoOS.Platform\unittest\bin\Debug\net472\VideoOS.Platform.Tests.dll" adapterTypeName="executor://mstestadapter/v2" className="VideoOS.Platform.Tests.Metadata.VideoAnalyticsTests" name="ReadXml_ShouldLogWarningTwiceWhenMoreThanOneMinuteBetweenWarnings_WhenFrameDidNotReadUtcTime" />
    </UnitTest>
    <UnitTest name="Contains_CameraServerName_Checked" storage="d:\actions-runner\_work\xpco\xpco\mip\platformplugin\videoos.platform\unittest\bin\debug\net472\videoos.platform.tests.dll" id="2e6d5115-26cc-6226-264b-6222e4689761">
      <Execution id="af16dc29-90c3-42a4-a9f7-10ef69876b3f" />
      <TestMethod codeBase="D:\actions-runner\_work\XPCO\XPCO\MIP\PlatformPlugin\VideoOS.Platform\unittest\bin\Debug\net472\VideoOS.Platform.Tests.dll" adapterTypeName="executor://mstestadapter/v2" className="VideoOS.Platform.Tests.FQIDtests" name="Contains_CameraServerName_Checked" />
    </UnitTest>
    <UnitTest name="AllAttributesWerePresent_ShouldReturnTrue_WhenBothXAndYAreFloats" storage="d:\actions-runner\_work\xpco\xpco\mip\platformplugin\videoos.platform\unittest\bin\debug\net472\videoos.platform.tests.dll" id="6e083e3d-bf62-ee30-d2f0-b17d35c633ea">
      <Execution id="79f1ac60-e19b-497a-82ab-8794e43f6e4b" />
      <TestMethod codeBase="D:\actions-runner\_work\XPCO\XPCO\MIP\PlatformPlugin\VideoOS.Platform\unittest\bin\Debug\net472\VideoOS.Platform.Tests.dll" adapterTypeName="executor://mstestadapter/v2" className="VideoOS.Platform.Tests.Metadata.RectangleTests" name="AllAttributesWerePresent_ShouldReturnTrue_WhenBothXAndYAreFloats" />
    </UnitTest>
    <UnitTest name="CountByItems_Activated_Trial_Grace_Missing" storage="d:\actions-runner\_work\xpco\xpco\mip\platformplugin\videoos.platform\unittest\bin\debug\net472\videoos.platform.tests.dll" id="5e058ca8-2071-8aca-94cf-089b17b5ab0d">
      <Execution id="88c417e6-6144-43d8-a6c6-7e696f291af8" />
      <TestMethod codeBase="D:\actions-runner\_work\XPCO\XPCO\MIP\PlatformPlugin\VideoOS.Platform\unittest\bin\Debug\net472\VideoOS.Platform.Tests.dll" adapterTypeName="executor://mstestadapter/v2" className="VideoOS.Platform.Tests.License.ResolvedLicenseCountTest" name="CountByItems_Activated_Trial_Grace_Missing" />
    </UnitTest>
    <UnitTest name="Equals_Ignore_Fail_OnKind" storage="d:\actions-runner\_work\xpco\xpco\mip\platformplugin\videoos.platform\unittest\bin\debug\net472\videoos.platform.tests.dll" id="107e0daf-d21c-596c-9a4b-7e99c0ba5816">
      <Execution id="fd0a6d07-52a3-465c-8f2d-3179a40ca6d5" />
      <TestMethod codeBase="D:\actions-runner\_work\XPCO\XPCO\MIP\PlatformPlugin\VideoOS.Platform\unittest\bin\Debug\net472\VideoOS.Platform.Tests.dll" adapterTypeName="executor://mstestadapter/v2" className="VideoOS.Platform.Tests.FQIDtests" name="Equals_Ignore_Fail_OnKind" />
    </UnitTest>
    <UnitTest name="Convert_SingleArgumentConverter_ShouldThrowArgumentException_WhenArgumentTypeMismatch" storage="d:\actions-runner\_work\xpco\xpco\mip\platformplugin\videoos.platform\unittest\bin\debug\net472\videoos.platform.tests.dll" id="c9591e10-6b0d-3789-a42b-e1f4d40f2de0">
      <Execution id="4bc4a0d9-b293-4c86-80ca-22577636ea37" />
      <TestMethod codeBase="D:\actions-runner\_work\XPCO\XPCO\MIP\PlatformPlugin\VideoOS.Platform\unittest\bin\Debug\net472\VideoOS.Platform.Tests.dll" adapterTypeName="executor://mstestadapter/v2" className="VideoOS.Platform.Tests.UI.Converters.LambdaConverterTest" name="Convert_SingleArgumentConverter_ShouldThrowArgumentException_WhenArgumentTypeMismatch" />
    </UnitTest>
    <UnitTest name="ToString_WithoutType" storage="d:\actions-runner\_work\xpco\xpco\mip\platformplugin\videoos.platform\unittest\bin\debug\net472\videoos.platform.tests.dll" id="461331e3-222f-9745-91e1-804c09883ed3">
      <Execution id="79a8496b-333e-4b1c-bf64-ce1c8090c24a" />
      <TestMethod codeBase="D:\actions-runner\_work\XPCO\XPCO\MIP\PlatformPlugin\VideoOS.Platform\unittest\bin\Debug\net472\VideoOS.Platform.Tests.dll" adapterTypeName="executor://mstestadapter/v2" className="VideoOS.Platform.Tests.Messaging.CommunicationIdFilterTests" name="ToString_WithoutType" />
    </UnitTest>
    <UnitTest name="IsValid_ShouldReturnFalse_WhenTypeIsWhitespace" storage="d:\actions-runner\_work\xpco\xpco\mip\platformplugin\videoos.platform\unittest\bin\debug\net472\videoos.platform.tests.dll" id="b79783b6-52a2-ffc5-2a1d-6b3307f25451">
      <Execution id="608d9bd1-1ce2-41cd-9890-0b5bf3c191f3" />
      <TestMethod codeBase="D:\actions-runner\_work\XPCO\XPCO\MIP\PlatformPlugin\VideoOS.Platform\unittest\bin\Debug\net472\VideoOS.Platform.Tests.dll" adapterTypeName="executor://mstestadapter/v2" className="VideoOS.Platform.Tests.Metadata.ClassCandidateTests" name="IsValid_ShouldReturnFalse_WhenTypeIsWhitespace" />
    </UnitTest>
    <UnitTest name="WriteXml_ShouldWriteClassElement_WhenClassIsNotNull" storage="d:\actions-runner\_work\xpco\xpco\mip\platformplugin\videoos.platform\unittest\bin\debug\net472\videoos.platform.tests.dll" id="f851da50-448f-2d4e-828e-d2ff64fc9049">
      <Execution id="aefa8430-3085-4d94-8045-058d254bbc61" />
      <TestMethod codeBase="D:\actions-runner\_work\XPCO\XPCO\MIP\PlatformPlugin\VideoOS.Platform\unittest\bin\Debug\net472\VideoOS.Platform.Tests.dll" adapterTypeName="executor://mstestadapter/v2" className="VideoOS.Platform.Tests.Metadata.AppearanceTests" name="WriteXml_ShouldWriteClassElement_WhenClassIsNotNull" />
    </UnitTest>
    <UnitTest name="ReadXml_ShouldReadFrame_WhenCorrectFrameIsPresent" storage="d:\actions-runner\_work\xpco\xpco\mip\platformplugin\videoos.platform\unittest\bin\debug\net472\videoos.platform.tests.dll" id="9b0e5cb1-f4f9-6c49-68ba-942303d83183">
      <Execution id="9c202f72-9df7-4435-9077-faa03ad5cb2a" />
      <TestMethod codeBase="D:\actions-runner\_work\XPCO\XPCO\MIP\PlatformPlugin\VideoOS.Platform\unittest\bin\Debug\net472\VideoOS.Platform.Tests.dll" adapterTypeName="executor://mstestadapter/v2" className="VideoOS.Platform.Tests.Metadata.VideoAnalyticsTests" name="ReadXml_ShouldReadFrame_WhenCorrectFrameIsPresent" />
    </UnitTest>
    <UnitTest name="ReadyToCloseEvent_AutoSelect_Thrown" storage="d:\actions-runner\_work\xpco\xpco\mip\platformplugin\videoos.platform\unittest\bin\debug\net472\videoos.platform.tests.dll" id="943fddae-0057-44db-535a-5540de1410f4">
      <Execution id="75297467-e832-44dc-9094-8d1f658c640d" />
      <TestMethod codeBase="D:\actions-runner\_work\XPCO\XPCO\MIP\PlatformPlugin\VideoOS.Platform\unittest\bin\Debug\net472\VideoOS.Platform.Tests.dll" adapterTypeName="executor://mstestadapter/v2" className="VideoOS.Platform.Tests.UI.ItemPicker.ItemPickerWindowViewModelTest" name="ReadyToCloseEvent_AutoSelect_Thrown" />
    </UnitTest>
    <UnitTest name="ProvideValue_ShouldChangeContent_WhenItemDataPropertyNameChangesFromNullToValue" storage="d:\actions-runner\_work\xpco\xpco\mip\platformplugin\videoos.platform\unittest\bin\debug\net472\videoos.platform.tests.dll" id="b48b0061-7548-695a-aa72-eca672007f65">
      <TestCategory>
        <TestCategoryItem TestCategory="TabControls" />
      </TestCategory>
      <Execution id="60d06957-cba6-48d2-8b08-6626890099c5" />
      <TestMethod codeBase="D:\actions-runner\_work\XPCO\XPCO\MIP\PlatformPlugin\VideoOS.Platform\unittest\bin\Debug\net472\VideoOS.Platform.Tests.dll" adapterTypeName="executor://mstestadapter/v2" className="VideoOS.Platform.Tests.UI.Controls.TabControls.Internal.Primary.ItemContentExtensionTest" name="ProvideValue_ShouldChangeContent_WhenItemDataPropertyNameChangesFromNullToValue" />
    </UnitTest>
    <UnitTest name="ReadXml_ShouldLogWarning_WhenIncompleteWhenIncompleteScaleIsPresent" storage="d:\actions-runner\_work\xpco\xpco\mip\platformplugin\videoos.platform\unittest\bin\debug\net472\videoos.platform.tests.dll" id="18ccdaf8-d982-0e82-d316-63446f746fd7">
      <Execution id="fad952d8-52f0-4968-a5b2-f0c746068e6a" />
      <TestMethod codeBase="D:\actions-runner\_work\XPCO\XPCO\MIP\PlatformPlugin\VideoOS.Platform\unittest\bin\Debug\net472\VideoOS.Platform.Tests.dll" adapterTypeName="executor://mstestadapter/v2" className="VideoOS.Platform.Tests.Metadata.TransformationTests" name="ReadXml_ShouldLogWarning_WhenIncompleteWhenIncompleteScaleIsPresent" />
    </UnitTest>
    <UnitTest name="ObjectId_ShouldReturnConstructorValue_WhenSetInConstructor" storage="d:\actions-runner\_work\xpco\xpco\mip\platformplugin\videoos.platform\unittest\bin\debug\net472\videoos.platform.tests.dll" id="1e86b1ae-4010-c39e-71f3-3cc7adcf6881">
      <Execution id="12ccf324-449d-4911-bd18-435e8f5fe6de" />
      <TestMethod codeBase="D:\actions-runner\_work\XPCO\XPCO\MIP\PlatformPlugin\VideoOS.Platform\unittest\bin\Debug\net472\VideoOS.Platform.Tests.dll" adapterTypeName="executor://mstestadapter/v2" className="VideoOS.Platform.Tests.Metadata.OnvifObjectTests" name="ObjectId_ShouldReturnConstructorValue_WhenSetInConstructor" />
    </UnitTest>
    <UnitTest name="Serialize_TestCases (TestParentTypeMatchInterfaceThisTypeMatchedProperty)" storage="d:\actions-runner\_work\xpco\xpco\mip\platformplugin\videoos.platform\unittest\bin\debug\net472\videoos.platform.tests.dll" id="4734c94a-3fa1-230a-c6b6-be41d0a9e285">
      <Execution id="c1905a37-189b-48ee-89ee-e75597624231" />
      <TestMethod codeBase="D:\actions-runner\_work\XPCO\XPCO\MIP\PlatformPlugin\VideoOS.Platform\unittest\bin\Debug\net472\VideoOS.Platform.Tests.dll" adapterTypeName="executor://mstestadapter/v2" className="VideoOS.Platform.Tests.UI.Controls.Automation.Serialization.AutomationObjectSerializerTest" name="Serialize_TestCases" />
    </UnitTest>
    <UnitTest name="ConstructorRgb_ShouldReturnAlphaValueFullyOpaque_Always" storage="d:\actions-runner\_work\xpco\xpco\mip\platformplugin\videoos.platform\unittest\bin\debug\net472\videoos.platform.tests.dll" id="97fbdc51-18ba-7aa5-3b45-4fad3a6c36f9">
      <Execution id="55664f10-a783-4641-9873-6f0760808f29" />
      <TestMethod codeBase="D:\actions-runner\_work\XPCO\XPCO\MIP\PlatformPlugin\VideoOS.Platform\unittest\bin\Debug\net472\VideoOS.Platform.Tests.dll" adapterTypeName="executor://mstestadapter/v2" className="VideoOS.Platform.Tests.Metadata.DisplayColorTests" name="ConstructorRgb_ShouldReturnAlphaValueFullyOpaque_Always" />
    </UnitTest>
    <UnitTest name="GetFilterValues_EmptyValueAdded_IncludeEmptyValues_ReturnsValue" storage="d:\actions-runner\_work\xpco\xpco\mip\platformplugin\videoos.platform\unittest\bin\debug\net472\videoos.platform.tests.dll" id="e5e5bf4a-3b6a-9b6c-ebe0-9c044c226109">
      <TestCategory>
        <TestCategoryItem TestCategory="Search" />
      </TestCategory>
      <Execution id="1ae61561-af16-4f59-b1b1-c690c55885dd" />
      <TestMethod codeBase="D:\actions-runner\_work\XPCO\XPCO\MIP\PlatformPlugin\VideoOS.Platform\unittest\bin\Debug\net472\VideoOS.Platform.Tests.dll" adapterTypeName="executor://mstestadapter/v2" className="VideoOS.Platform.Tests.Search.SearchCriteriaTest" name="GetFilterValues_EmptyValueAdded_IncludeEmptyValues_ReturnsValue" />
    </UnitTest>
    <UnitTest name="Construct_Server_ServerIdOnly_checked" storage="d:\actions-runner\_work\xpco\xpco\mip\platformplugin\videoos.platform\unittest\bin\debug\net472\videoos.platform.tests.dll" id="66e61549-2664-849a-b0d5-68906d176e33">
      <Execution id="5288a0f0-1579-4f3d-abb7-8569e47b6167" />
      <TestMethod codeBase="D:\actions-runner\_work\XPCO\XPCO\MIP\PlatformPlugin\VideoOS.Platform\unittest\bin\Debug\net472\VideoOS.Platform.Tests.dll" adapterTypeName="executor://mstestadapter/v2" className="VideoOS.Platform.Tests.FQIDtests" name="Construct_Server_ServerIdOnly_checked" />
    </UnitTest>
    <UnitTest name="Contains_CameraObjectId_Checked" storage="d:\actions-runner\_work\xpco\xpco\mip\platformplugin\videoos.platform\unittest\bin\debug\net472\videoos.platform.tests.dll" id="c639d279-f201-87fa-87e4-d4046a905790">
      <Execution id="4ed4e9c5-2790-4d92-94be-a87d187b26d0" />
      <TestMethod codeBase="D:\actions-runner\_work\XPCO\XPCO\MIP\PlatformPlugin\VideoOS.Platform\unittest\bin\Debug\net472\VideoOS.Platform.Tests.dll" adapterTypeName="executor://mstestadapter/v2" className="VideoOS.Platform.Tests.FQIDtests" name="Contains_CameraObjectId_Checked" />
    </UnitTest>
    <UnitTest name="SplitString_When2Levels_CountsLastSeparator" storage="d:\actions-runner\_work\xpco\xpco\mip\platformplugin\videoos.platform\unittest\bin\debug\net472\videoos.platform.tests.dll" id="d3aac1dd-0f5d-4d1a-ac7a-ab3b6af2bff9">
      <Execution id="eec0e937-c297-4e67-8cf7-3d7e1688334a" />
      <TestMethod codeBase="D:\actions-runner\_work\XPCO\XPCO\MIP\PlatformPlugin\VideoOS.Platform\unittest\bin\Debug\net472\VideoOS.Platform.Tests.dll" adapterTypeName="executor://mstestadapter/v2" className="VideoOS.Platform.Tests.Util.StringSplitterTests" name="SplitString_When2Levels_CountsLastSeparator" />
    </UnitTest>
    <UnitTest name="ContentShouldReturnConstructorParameter" storage="d:\actions-runner\_work\xpco\xpco\mip\platformplugin\videoos.platform\unittest\bin\debug\net472\videoos.platform.tests.dll" id="952d04da-369e-0e5d-fb29-9bfdf4da3a0e">
      <Execution id="98197dd5-2d75-4c1e-93c1-9d02caec144c" />
      <TestMethod codeBase="D:\actions-runner\_work\XPCO\XPCO\MIP\PlatformPlugin\VideoOS.Platform\unittest\bin\Debug\net472\VideoOS.Platform.Tests.dll" adapterTypeName="executor://mstestadapter/v2" className="VideoOS.Platform.Tests.Live.MetadataLiveContentTests" name="ContentShouldReturnConstructorParameter" />
    </UnitTest>
    <UnitTest name="Serialize_TestCases (TestParentTypeMatchCollectionThisTypeMatched)" storage="d:\actions-runner\_work\xpco\xpco\mip\platformplugin\videoos.platform\unittest\bin\debug\net472\videoos.platform.tests.dll" id="b15b4f4f-c7f5-4ee9-5c26-ea40d9596988">
      <Execution id="787cd45d-e0f5-4511-8494-1c02b5b9202d" />
      <TestMethod codeBase="D:\actions-runner\_work\XPCO\XPCO\MIP\PlatformPlugin\VideoOS.Platform\unittest\bin\Debug\net472\VideoOS.Platform.Tests.dll" adapterTypeName="executor://mstestadapter/v2" className="VideoOS.Platform.Tests.UI.Controls.Automation.Serialization.AutomationObjectSerializerTest" name="Serialize_TestCases" />
    </UnitTest>
    <UnitTest name="Construction_List" storage="d:\actions-runner\_work\xpco\xpco\mip\platformplugin\videoos.platform\unittest\bin\debug\net472\videoos.platform.tests.dll" id="52df54ef-d786-de4c-66ba-453529b99c4f">
      <Execution id="8e17cd87-5dd3-48d6-a78d-8e6589c1444d" />
      <TestMethod codeBase="D:\actions-runner\_work\XPCO\XPCO\MIP\PlatformPlugin\VideoOS.Platform\unittest\bin\Debug\net472\VideoOS.Platform.Tests.dll" adapterTypeName="executor://mstestadapter/v2" className="VideoOS.Platform.Tests.Proxy.RestApi.JsonBuilderTests" name="Construction_List" />
    </UnitTest>
    <UnitTest name="ReadXml_ShouldLogWarningOnlyOnceWithinOneMinute_WhenRequiredAttributeIsMissing" storage="d:\actions-runner\_work\xpco\xpco\mip\platformplugin\videoos.platform\unittest\bin\debug\net472\videoos.platform.tests.dll" id="96d51fc2-2cbe-e312-cc7e-6899f3431cc7">
      <Execution id="db223012-f299-4744-8bb2-d3d39b003314" />
      <TestMethod codeBase="D:\actions-runner\_work\XPCO\XPCO\MIP\PlatformPlugin\VideoOS.Platform\unittest\bin\Debug\net472\VideoOS.Platform.Tests.dll" adapterTypeName="executor://mstestadapter/v2" className="VideoOS.Platform.Tests.Metadata.FrameTests" name="ReadXml_ShouldLogWarningOnlyOnceWithinOneMinute_WhenRequiredAttributeIsMissing" />
    </UnitTest>
    <UnitTest name="Convert_MultiArgumentConverter_ShouldThrowArgumentException_WhenArgumentTypeMismatch" storage="d:\actions-runner\_work\xpco\xpco\mip\platformplugin\videoos.platform\unittest\bin\debug\net472\videoos.platform.tests.dll" id="6abc30a4-9771-c1aa-9f1c-ff3c0e9f8896">
      <Execution id="54021fe0-0087-4f36-bfe1-14d33efd957f" />
      <TestMethod codeBase="D:\actions-runner\_work\XPCO\XPCO\MIP\PlatformPlugin\VideoOS.Platform\unittest\bin\Debug\net472\VideoOS.Platform.Tests.dll" adapterTypeName="executor://mstestadapter/v2" className="VideoOS.Platform.Tests.UI.Converters.LambdaConverterTest" name="Convert_MultiArgumentConverter_ShouldThrowArgumentException_WhenArgumentTypeMismatch" />
    </UnitTest>
    <UnitTest name="Equals_ShouldHaveValueSemantics_WhenAlways" storage="d:\actions-runner\_work\xpco\xpco\mip\platformplugin\videoos.platform\unittest\bin\debug\net472\videoos.platform.tests.dll" id="a0b09ab1-22b3-e8a0-7021-5f5ed2380424">
      <Execution id="280185a6-2ba7-4070-97b4-ffa14eb6d69a" />
      <TestMethod codeBase="D:\actions-runner\_work\XPCO\XPCO\MIP\PlatformPlugin\VideoOS.Platform\unittest\bin\Debug\net472\VideoOS.Platform.Tests.dll" adapterTypeName="executor://mstestadapter/v2" className="VideoOS.Platform.Tests.Metadata.RectangleTests" name="Equals_ShouldHaveValueSemantics_WhenAlways" />
    </UnitTest>
    <UnitTest name="Contains_Camera_ServerIDNull_Checked_Failed" storage="d:\actions-runner\_work\xpco\xpco\mip\platformplugin\videoos.platform\unittest\bin\debug\net472\videoos.platform.tests.dll" id="1eda914f-da94-406c-7d55-9addceb31e52">
      <Execution id="95bd6c56-c9e8-44fa-8b77-facdf07d417d" />
      <TestMethod codeBase="D:\actions-runner\_work\XPCO\XPCO\MIP\PlatformPlugin\VideoOS.Platform\unittest\bin\Debug\net472\VideoOS.Platform.Tests.dll" adapterTypeName="executor://mstestadapter/v2" className="VideoOS.Platform.Tests.FQIDtests" name="Contains_Camera_ServerIDNull_Checked_Failed" />
    </UnitTest>
    <UnitTest name="GetItems_ShouldReturnNull_WhenUnknownKind" storage="d:\actions-runner\_work\xpco\xpco\mip\platformplugin\videoos.platform\unittest\bin\debug\net472\videoos.platform.tests.dll" id="cbd53ab9-3037-bcc9-1b3c-c2cf3018f4d2">
      <Execution id="fad9f962-1d39-44d2-b2e0-f9539d926bb7" />
      <TestMethod codeBase="D:\actions-runner\_work\XPCO\XPCO\MIP\PlatformPlugin\VideoOS.Platform\unittest\bin\Debug\net472\VideoOS.Platform.Tests.dll" adapterTypeName="executor://mstestadapter/v2" className="VideoOS.Platform.Tests.Util.ConfigurationCacheTests" name="GetItems_ShouldReturnNull_WhenUnknownKind" />
    </UnitTest>
    <UnitTest name="Unescape_Success" storage="d:\actions-runner\_work\xpco\xpco\mip\platformplugin\videoos.platform\unittest\bin\debug\net472\videoos.platform.tests.dll" id="a26aca48-0992-fb7f-2394-abc4cff3b453">
      <Execution id="5f48c663-a9b7-4ccd-9b18-cae402aad685" />
      <TestMethod codeBase="D:\actions-runner\_work\XPCO\XPCO\MIP\PlatformPlugin\VideoOS.Platform\unittest\bin\Debug\net472\VideoOS.Platform.Tests.dll" adapterTypeName="executor://mstestadapter/v2" className="VideoOS.Platform.Tests.Util.StringSplitterTests" name="Unescape_Success" />
    </UnitTest>
    <UnitTest name="Parse_Double_Invalid" storage="d:\actions-runner\_work\xpco\xpco\mip\platformplugin\videoos.platform\unittest\bin\debug\net472\videoos.platform.tests.dll" id="b7c2c022-5605-11c2-db09-3429d396f98d">
      <Execution id="5e9e8c0c-35e9-4aae-8362-ffec77486ee7" />
      <TestMethod codeBase="D:\actions-runner\_work\XPCO\XPCO\MIP\PlatformPlugin\VideoOS.Platform\unittest\bin\Debug\net472\VideoOS.Platform.Tests.dll" adapterTypeName="executor://mstestadapter/v2" className="VideoOS.Platform.Tests.Proxy.RestApi.JsonReaderTests" name="Parse_Double_Invalid" />
    </UnitTest>
    <UnitTest name="Serialize_TestCases (Verify root Bool property)" storage="d:\actions-runner\_work\xpco\xpco\mip\platformplugin\videoos.platform\unittest\bin\debug\net472\videoos.platform.tests.dll" id="c05e47c4-61d6-49b1-3d85-b74a1ff92020">
      <Execution id="12a23643-c606-4276-ab31-1b9abdf794be" />
      <TestMethod codeBase="D:\actions-runner\_work\XPCO\XPCO\MIP\PlatformPlugin\VideoOS.Platform\unittest\bin\Debug\net472\VideoOS.Platform.Tests.dll" adapterTypeName="executor://mstestadapter/v2" className="VideoOS.Platform.Tests.UI.Controls.Automation.Serialization.AutomationObjectSerializerTest" name="Serialize_TestCases" />
    </UnitTest>
    <UnitTest name="ReadXml_ShouldReadMultipleFrames_WhenMultipleCorrectFramesArePresent" storage="d:\actions-runner\_work\xpco\xpco\mip\platformplugin\videoos.platform\unittest\bin\debug\net472\videoos.platform.tests.dll" id="1b4a32c3-9eb5-2168-e50a-80b2df0aa2f3">
      <Execution id="12307c7c-3cba-4d51-8083-6574712f5b25" />
      <TestMethod codeBase="D:\actions-runner\_work\XPCO\XPCO\MIP\PlatformPlugin\VideoOS.Platform\unittest\bin\Debug\net472\VideoOS.Platform.Tests.dll" adapterTypeName="executor://mstestadapter/v2" className="VideoOS.Platform.Tests.Metadata.VideoAnalyticsTests" name="ReadXml_ShouldReadMultipleFrames_WhenMultipleCorrectFramesArePresent" />
    </UnitTest>
    <UnitTest name="SearializePlusDeserialize_NestedArrayObject_ShouldResultInSameString" storage="d:\actions-runner\_work\xpco\xpco\mip\platformplugin\videoos.platform\unittest\bin\debug\net472\videoos.platform.tests.dll" id="76e6ff63-d7eb-f665-d9fe-8f8739285ff9">
      <Execution id="fd21b75e-5a2c-4856-a403-72ca538c2736" />
      <TestMethod codeBase="D:\actions-runner\_work\XPCO\XPCO\MIP\PlatformPlugin\VideoOS.Platform\unittest\bin\Debug\net472\VideoOS.Platform.Tests.dll" adapterTypeName="executor://mstestadapter/v2" className="VideoOS.Platform.Tests.Proxy.RestApi.JsonObjectTests" name="SearializePlusDeserialize_NestedArrayObject_ShouldResultInSameString" />
    </UnitTest>
    <UnitTest name="CreateSearchFilterEditControl_PluginReturnsNull_ReturnsNull" storage="d:\actions-runner\_work\xpco\xpco\mip\platformplugin\videoos.platform\unittest\bin\debug\net472\videoos.platform.tests.dll" id="e4e07f2b-adba-7b75-6902-9e3a9d332cfe">
      <TestCategory>
        <TestCategoryItem TestCategory="Search" />
      </TestCategory>
      <Execution id="8d8b7e22-d40e-4f82-8ee4-50756f48f6ec" />
      <TestMethod codeBase="D:\actions-runner\_work\XPCO\XPCO\MIP\PlatformPlugin\VideoOS.Platform\unittest\bin\Debug\net472\VideoOS.Platform.Tests.dll" adapterTypeName="executor://mstestadapter/v2" className="VideoOS.Platform.Tests.Search.SearchUserControlResolverTest" name="CreateSearchFilterEditControl_PluginReturnsNull_ReturnsNull" />
    </UnitTest>
    <UnitTest name="WriteXml_ShouldWriteClassCandidateContents_WhenAClassCandidateIsWritten" storage="d:\actions-runner\_work\xpco\xpco\mip\platformplugin\videoos.platform\unittest\bin\debug\net472\videoos.platform.tests.dll" id="0e7ca7c3-2900-8d7a-24b0-844e128831dd">
      <Execution id="288b3428-b881-4d96-9c1b-9e88c588a8d0" />
      <TestMethod codeBase="D:\actions-runner\_work\XPCO\XPCO\MIP\PlatformPlugin\VideoOS.Platform\unittest\bin\Debug\net472\VideoOS.Platform.Tests.dll" adapterTypeName="executor://mstestadapter/v2" className="VideoOS.Platform.Tests.Metadata.OnvifClassTests" name="WriteXml_ShouldWriteClassCandidateContents_WhenAClassCandidateIsWritten" />
    </UnitTest>
    <UnitTest name="SearchResultData_EndTimeWithPadding_Success" storage="d:\actions-runner\_work\xpco\xpco\mip\platformplugin\videoos.platform\unittest\bin\debug\net472\videoos.platform.tests.dll" id="b43543d5-d01e-b4aa-3f27-43446c7c519e">
      <TestCategory>
        <TestCategoryItem TestCategory="Search" />
      </TestCategory>
      <Execution id="3d01e884-1c80-4f70-b4fb-eb96d9136f98" />
      <TestMethod codeBase="D:\actions-runner\_work\XPCO\XPCO\MIP\PlatformPlugin\VideoOS.Platform\unittest\bin\Debug\net472\VideoOS.Platform.Tests.dll" adapterTypeName="executor://mstestadapter/v2" className="VideoOS.Platform.Tests.Search.SearchResultDataTest" name="SearchResultData_EndTimeWithPadding_Success" />
    </UnitTest>
    <UnitTest name="Clear_ShouldRemoveAllDataFromCache_WhenAlways" storage="d:\actions-runner\_work\xpco\xpco\mip\platformplugin\videoos.platform\unittest\bin\debug\net472\videoos.platform.tests.dll" id="135d62c0-fe81-f46a-ce86-2cfe36dd8cc8">
      <Execution id="253431a4-f132-437b-bf1f-a6233e67b7ed" />
      <TestMethod codeBase="D:\actions-runner\_work\XPCO\XPCO\MIP\PlatformPlugin\VideoOS.Platform\unittest\bin\Debug\net472\VideoOS.Platform.Tests.dll" adapterTypeName="executor://mstestadapter/v2" className="VideoOS.Platform.Tests.Data.MetadataCacheTests" name="Clear_ShouldRemoveAllDataFromCache_WhenAlways" />
    </UnitTest>
    <UnitTest name="IsValidSelectionCallback_ReturnsFalse_ItemNotSelected" storage="d:\actions-runner\_work\xpco\xpco\mip\platformplugin\videoos.platform\unittest\bin\debug\net472\videoos.platform.tests.dll" id="8875b738-a9e1-7286-389a-f8981f6da4cd">
      <Execution id="14150f7f-336e-4e1f-b843-8e16682444ac" />
      <TestMethod codeBase="D:\actions-runner\_work\XPCO\XPCO\MIP\PlatformPlugin\VideoOS.Platform\unittest\bin\Debug\net472\VideoOS.Platform.Tests.dll" adapterTypeName="executor://mstestadapter/v2" className="VideoOS.Platform.Tests.UI.ItemPicker.ItemPickerViewModelTest" name="IsValidSelectionCallback_ReturnsFalse_ItemNotSelected" />
    </UnitTest>
    <UnitTest name="CountByItems_Activated_CountByCounter_Trial1" storage="d:\actions-runner\_work\xpco\xpco\mip\platformplugin\videoos.platform\unittest\bin\debug\net472\videoos.platform.tests.dll" id="62771907-5daf-58e6-a184-e6742aca31e8">
      <Execution id="73890c39-7af9-418a-8d6f-34682bb099de" />
      <TestMethod codeBase="D:\actions-runner\_work\XPCO\XPCO\MIP\PlatformPlugin\VideoOS.Platform\unittest\bin\Debug\net472\VideoOS.Platform.Tests.dll" adapterTypeName="executor://mstestadapter/v2" className="VideoOS.Platform.Tests.License.ResolvedLicenseCountTest" name="CountByItems_Activated_CountByCounter_Trial1" />
    </UnitTest>
    <UnitTest name="GetPrevious_ShouldReturnSecondLastElement_WhenLastEntryCalledAndThereIsAPreviousEntry" storage="d:\actions-runner\_work\xpco\xpco\mip\platformplugin\videoos.platform\unittest\bin\debug\net472\videoos.platform.tests.dll" id="41e8bbd6-3770-3db6-c9ec-9f2dfc487593">
      <Execution id="4dddd411-4a68-4036-8094-478c01ccd54a" />
      <TestMethod codeBase="D:\actions-runner\_work\XPCO\XPCO\MIP\PlatformPlugin\VideoOS.Platform\unittest\bin\Debug\net472\VideoOS.Platform.Tests.dll" adapterTypeName="executor://mstestadapter/v2" className="VideoOS.Platform.Tests.Data.MetadataCacheTests" name="GetPrevious_ShouldReturnSecondLastElement_WhenLastEntryCalledAndThereIsAPreviousEntry" />
    </UnitTest>
    <UnitTest name="Escape_Success" storage="d:\actions-runner\_work\xpco\xpco\mip\platformplugin\videoos.platform\unittest\bin\debug\net472\videoos.platform.tests.dll" id="a986cdd1-f3b8-291d-b1aa-90291a659d05">
      <Execution id="c408042d-dd4b-4ddc-8cfc-d2243f023d7f" />
      <TestMethod codeBase="D:\actions-runner\_work\XPCO\XPCO\MIP\PlatformPlugin\VideoOS.Platform\unittest\bin\Debug\net472\VideoOS.Platform.Tests.dll" adapterTypeName="executor://mstestadapter/v2" className="VideoOS.Platform.Tests.Util.StringSplitterTests" name="Escape_Success" />
    </UnitTest>
    <UnitTest name="GenerateDeviceParameters_ShouldWriteCorrectResolution_WhenResolutionIsNotNull" storage="d:\actions-runner\_work\xpco\xpco\mip\platformplugin\videoos.platform\unittest\bin\debug\net472\videoos.platform.tests.dll" id="7ae2592b-1209-056c-b02b-a7b7c4496165">
      <Execution id="3842f689-dc75-4aec-93b6-a59732e47a30" />
      <TestMethod codeBase="D:\actions-runner\_work\XPCO\XPCO\MIP\PlatformPlugin\VideoOS.Platform\unittest\bin\Debug\net472\VideoOS.Platform.Tests.dll" adapterTypeName="executor://mstestadapter/v2" className="VideoOS.Platform.Tests.Data.CameraDeviceDefinitionTests" name="GenerateDeviceParameters_ShouldWriteCorrectResolution_WhenResolutionIsNotNull" />
    </UnitTest>
    <UnitTest name="WriteXml_ShouldWriteFontFamiliyAttribute_WhenPresent" storage="d:\actions-runner\_work\xpco\xpco\mip\platformplugin\videoos.platform\unittest\bin\debug\net472\videoos.platform.tests.dll" id="5d3b9f28-5b7f-774a-d114-babb2f2f6cd2">
      <Execution id="0e80f86c-fb4f-4cbf-abd3-af6a1f7d3f74" />
      <TestMethod codeBase="D:\actions-runner\_work\XPCO\XPCO\MIP\PlatformPlugin\VideoOS.Platform\unittest\bin\Debug\net472\VideoOS.Platform.Tests.dll" adapterTypeName="executor://mstestadapter/v2" className="VideoOS.Platform.Tests.Metadata.DisplayTextTests" name="WriteXml_ShouldWriteFontFamiliyAttribute_WhenPresent" />
    </UnitTest>
    <UnitTest name="Serialize_TestCases (TestParentTypeMatchObjectNotThisTypeMatched)" storage="d:\actions-runner\_work\xpco\xpco\mip\platformplugin\videoos.platform\unittest\bin\debug\net472\videoos.platform.tests.dll" id="ec482b93-0422-0e34-9bc4-8b3983a84f1b">
      <Execution id="a65715d0-cf09-4ca9-b0e3-3c6ee4831d4e" />
      <TestMethod codeBase="D:\actions-runner\_work\XPCO\XPCO\MIP\PlatformPlugin\VideoOS.Platform\unittest\bin\Debug\net472\VideoOS.Platform.Tests.dll" adapterTypeName="executor://mstestadapter/v2" className="VideoOS.Platform.Tests.UI.Controls.Automation.Serialization.AutomationObjectSerializerTest" name="Serialize_TestCases" />
    </UnitTest>
    <UnitTest name="GenerateDeviceParameters_ShouldOmitResolution_WhenResolutionIsNull" storage="d:\actions-runner\_work\xpco\xpco\mip\platformplugin\videoos.platform\unittest\bin\debug\net472\videoos.platform.tests.dll" id="6ff15af4-6fd8-2401-35d9-7aaad2262d48">
      <Execution id="bdbe5a8b-9176-426e-936b-328fddeea4e9" />
      <TestMethod codeBase="D:\actions-runner\_work\XPCO\XPCO\MIP\PlatformPlugin\VideoOS.Platform\unittest\bin\Debug\net472\VideoOS.Platform.Tests.dll" adapterTypeName="executor://mstestadapter/v2" className="VideoOS.Platform.Tests.Data.CameraDeviceDefinitionTests" name="GenerateDeviceParameters_ShouldOmitResolution_WhenResolutionIsNull" />
    </UnitTest>
    <UnitTest name="VerticalAccuracy_ShouldThrowArgumentOfRange_WhenValueIsOutsideAcceptedRange" storage="d:\actions-runner\_work\xpco\xpco\mip\platformplugin\videoos.platform\unittest\bin\debug\net472\videoos.platform.tests.dll" id="e752e0ff-bfc6-c186-6be7-f4690c294e87">
      <Execution id="a10e3fd7-bf85-44e4-b4d0-f63b8eff8e80" />
      <TestMethod codeBase="D:\actions-runner\_work\XPCO\XPCO\MIP\PlatformPlugin\VideoOS.Platform\unittest\bin\Debug\net472\VideoOS.Platform.Tests.dll" adapterTypeName="executor://mstestadapter/v2" className="VideoOS.Platform.Tests.Metadata.NavigationalDataTests" name="VerticalAccuracy_ShouldThrowArgumentOfRange_WhenValueIsOutsideAcceptedRange" />
    </UnitTest>
    <UnitTest name="AddFilterValue_ExistingValue_NullFilter_Throws" storage="d:\actions-runner\_work\xpco\xpco\mip\platformplugin\videoos.platform\unittest\bin\debug\net472\videoos.platform.tests.dll" id="9cb1dd9b-9567-7d27-369e-add42bb14fb4">
      <TestCategory>
        <TestCategoryItem TestCategory="Search" />
      </TestCategory>
      <Execution id="ebad6524-2a91-45c2-bda3-ea1e5ab2f83c" />
      <TestMethod codeBase="D:\actions-runner\_work\XPCO\XPCO\MIP\PlatformPlugin\VideoOS.Platform\unittest\bin\Debug\net472\VideoOS.Platform.Tests.dll" adapterTypeName="executor://mstestadapter/v2" className="VideoOS.Platform.Tests.Search.SearchCriteriaTest" name="AddFilterValue_ExistingValue_NullFilter_Throws" />
    </UnitTest>
    <UnitTest name="Equals_ShouldReturnFalse_WhenOnlyIdsAreDifferent" storage="d:\actions-runner\_work\xpco\xpco\mip\platformplugin\videoos.platform\unittest\bin\debug\net472\videoos.platform.tests.dll" id="8e518cf6-5cc7-9578-86bd-3ad3afaceaf7">
      <Execution id="72e95a4e-0b12-4780-a22b-c6eca3fc8976" />
      <TestMethod codeBase="D:\actions-runner\_work\XPCO\XPCO\MIP\PlatformPlugin\VideoOS.Platform\unittest\bin\Debug\net472\VideoOS.Platform.Tests.dll" adapterTypeName="executor://mstestadapter/v2" className="VideoOS.Platform.Tests.ServerIdTests" name="Equals_ShouldReturnFalse_WhenOnlyIdsAreDifferent" />
    </UnitTest>
    <UnitTest name="GetNext_ShouldReturnEntryAfterFirstReturnedEntry_WhenFindCacheEntryBeforeWasCalledAndThereIsANextEntry" storage="d:\actions-runner\_work\xpco\xpco\mip\platformplugin\videoos.platform\unittest\bin\debug\net472\videoos.platform.tests.dll" id="ee0b5b54-d791-b6a4-b0fb-2c250f632e6e">
      <Execution id="a2a53f98-4a00-4715-97a5-41f7f27b2b45" />
      <TestMethod codeBase="D:\actions-runner\_work\XPCO\XPCO\MIP\PlatformPlugin\VideoOS.Platform\unittest\bin\Debug\net472\VideoOS.Platform.Tests.dll" adapterTypeName="executor://mstestadapter/v2" className="VideoOS.Platform.Tests.Data.MetadataCacheTests" name="GetNext_ShouldReturnEntryAfterFirstReturnedEntry_WhenFindCacheEntryBeforeWasCalledAndThereIsANextEntry" />
    </UnitTest>
    <UnitTest name="GetRelated_Success" storage="d:\actions-runner\_work\xpco\xpco\mip\platformplugin\videoos.platform\unittest\bin\debug\net472\videoos.platform.tests.dll" id="fbbc45ef-78b8-acb6-dc04-1e7a7f11e95a">
      <Execution id="1f9d8b82-d045-4b84-84f8-8f4d93ab82e5" />
      <TestMethod codeBase="D:\actions-runner\_work\XPCO\XPCO\MIP\PlatformPlugin\VideoOS.Platform\unittest\bin\Debug\net472\VideoOS.Platform.Tests.dll" adapterTypeName="executor://mstestadapter/v2" className="VideoOS.Platform.Tests.ItemTests" name="GetRelated_Success" />
    </UnitTest>
    <UnitTest name="Serialize_TestCases (TestParentTypeMatchCollectionNotThisTypeMatched)" storage="d:\actions-runner\_work\xpco\xpco\mip\platformplugin\videoos.platform\unittest\bin\debug\net472\videoos.platform.tests.dll" id="b762d469-6e8e-9554-a9ef-98866a578464">
      <Execution id="f4425ffb-5e00-40b4-965b-9b72e9d7d86e" />
      <TestMethod codeBase="D:\actions-runner\_work\XPCO\XPCO\MIP\PlatformPlugin\VideoOS.Platform\unittest\bin\Debug\net472\VideoOS.Platform.Tests.dll" adapterTypeName="executor://mstestadapter/v2" className="VideoOS.Platform.Tests.UI.Controls.Automation.Serialization.AutomationObjectSerializerTest" name="Serialize_TestCases" />
    </UnitTest>
    <UnitTest name="GetBegin_ShouldThrowImplementationMipException_WhenSessionIsNotStarted" storage="d:\actions-runner\_work\xpco\xpco\mip\platformplugin\videoos.platform\unittest\bin\debug\net472\videoos.platform.tests.dll" id="6683524a-bfa3-259f-b1e9-51fd36596515">
      <Execution id="5cff2640-56cf-4798-9aca-b9dc23b9eddc" />
      <TestMethod codeBase="D:\actions-runner\_work\XPCO\XPCO\MIP\PlatformPlugin\VideoOS.Platform\unittest\bin\Debug\net472\VideoOS.Platform.Tests.dll" adapterTypeName="executor://mstestadapter/v2" className="VideoOS.Platform.Tests.Data.MetadataPlaybackSourceTests" name="GetBegin_ShouldThrowImplementationMipException_WhenSessionIsNotStarted" />
    </UnitTest>
    <UnitTest name="ProvideValue_ShouldChangeText_WhenItemHeaderPropertyNameIsSet" storage="d:\actions-runner\_work\xpco\xpco\mip\platformplugin\videoos.platform\unittest\bin\debug\net472\videoos.platform.tests.dll" id="87ac7461-0d28-cf5d-7698-d8b535ebe6b4">
      <TestCategory>
        <TestCategoryItem TestCategory="TabControls" />
      </TestCategory>
      <Execution id="d1e6de73-f751-48f4-8fef-a937f5be9bdc" />
      <TestMethod codeBase="D:\actions-runner\_work\XPCO\XPCO\MIP\PlatformPlugin\VideoOS.Platform\unittest\bin\Debug\net472\VideoOS.Platform.Tests.dll" adapterTypeName="executor://mstestadapter/v2" className="VideoOS.Platform.Tests.UI.Controls.TabControls.Internal.Primary.ItemHeaderExtensionTest" name="ProvideValue_ShouldChangeText_WhenItemHeaderPropertyNameIsSet" />
    </UnitTest>
    <UnitTest name="Add_ShouldUpdateEndCache_WhenOldEndTimeIsEarlierThanAdded" storage="d:\actions-runner\_work\xpco\xpco\mip\platformplugin\videoos.platform\unittest\bin\debug\net472\videoos.platform.tests.dll" id="cc29216e-1cfd-6792-7ea1-15bf1c735835">
      <Execution id="b9aea658-ded0-430f-bbc0-00e40785dd7f" />
      <TestMethod codeBase="D:\actions-runner\_work\XPCO\XPCO\MIP\PlatformPlugin\VideoOS.Platform\unittest\bin\Debug\net472\VideoOS.Platform.Tests.dll" adapterTypeName="executor://mstestadapter/v2" className="VideoOS.Platform.Tests.Client.SequenceCacheTests" name="Add_ShouldUpdateEndCache_WhenOldEndTimeIsEarlierThanAdded" />
    </UnitTest>
    <UnitTest name="SearchResultData_Item_Success" storage="d:\actions-runner\_work\xpco\xpco\mip\platformplugin\videoos.platform\unittest\bin\debug\net472\videoos.platform.tests.dll" id="bc934390-fccd-2d5c-15be-99650a75c9f5">
      <TestCategory>
        <TestCategoryItem TestCategory="Search" />
      </TestCategory>
      <Execution id="6bdb8588-8706-4284-98ca-379238615ea1" />
      <TestMethod codeBase="D:\actions-runner\_work\XPCO\XPCO\MIP\PlatformPlugin\VideoOS.Platform\unittest\bin\Debug\net472\VideoOS.Platform.Tests.dll" adapterTypeName="executor://mstestadapter/v2" className="VideoOS.Platform.Tests.Search.SearchResultDataTest" name="SearchResultData_Item_Success" />
    </UnitTest>
    <UnitTest name="ProvideValue_ShouldNotSetTargetProperty_WhenMultipleItemsSelected" storage="d:\actions-runner\_work\xpco\xpco\mip\platformplugin\videoos.platform\unittest\bin\debug\net472\videoos.platform.tests.dll" id="36329e9d-989b-9474-5a40-51eec07faa7c">
      <TestCategory>
        <TestCategoryItem TestCategory="DropDowns" />
      </TestCategory>
      <Execution id="b7bc463a-0ffc-48a3-bb38-ba930440c31b" />
      <TestMethod codeBase="D:\actions-runner\_work\XPCO\XPCO\MIP\PlatformPlugin\VideoOS.Platform\unittest\bin\Debug\net472\VideoOS.Platform.Tests.dll" adapterTypeName="executor://mstestadapter/v2" className="VideoOS.Platform.Tests.UI.Controls.DropDowns.Internal.SelectedItemIconSourceExtensionTest" name="ProvideValue_ShouldNotSetTargetProperty_WhenMultipleItemsSelected" />
    </UnitTest>
    <UnitTest name="ReadXml_ShouldLogWarningOnlyOnceWithinOneMinute_WhenIncompleteTranslateIsPresent" storage="d:\actions-runner\_work\xpco\xpco\mip\platformplugin\videoos.platform\unittest\bin\debug\net472\videoos.platform.tests.dll" id="8f08ea31-2511-c2ee-1c5b-8c8ed224c8f7">
      <Execution id="e290061a-f7fb-474c-87bb-bcee2b2116ac" />
      <TestMethod codeBase="D:\actions-runner\_work\XPCO\XPCO\MIP\PlatformPlugin\VideoOS.Platform\unittest\bin\Debug\net472\VideoOS.Platform.Tests.dll" adapterTypeName="executor://mstestadapter/v2" className="VideoOS.Platform.Tests.Metadata.TransformationTests" name="ReadXml_ShouldLogWarningOnlyOnceWithinOneMinute_WhenIncompleteTranslateIsPresent" />
    </UnitTest>
    <UnitTest name="Equals_ShouldHaveValueSemantics_WhenAlways" storage="d:\actions-runner\_work\xpco\xpco\mip\platformplugin\videoos.platform\unittest\bin\debug\net472\videoos.platform.tests.dll" id="00d2b6ae-d05f-2d34-4eb2-fb5187257361">
      <Execution id="5af3c38f-fa97-41bd-aca7-12eb90933484" />
      <TestMethod codeBase="D:\actions-runner\_work\XPCO\XPCO\MIP\PlatformPlugin\VideoOS.Platform\unittest\bin\Debug\net472\VideoOS.Platform.Tests.dll" adapterTypeName="executor://mstestadapter/v2" className="VideoOS.Platform.Tests.Metadata.BehaviourTests" name="Equals_ShouldHaveValueSemantics_WhenAlways" />
    </UnitTest>
    <UnitTest name="WriteXml_ShouldWriteBoldAttribute_WhenSet" storage="d:\actions-runner\_work\xpco\xpco\mip\platformplugin\videoos.platform\unittest\bin\debug\net472\videoos.platform.tests.dll" id="a8162811-15bd-d3de-ec39-97d82066ae3d">
      <Execution id="a3f4c92f-88b3-4b84-8d51-b8d652fb6897" />
      <TestMethod codeBase="D:\actions-runner\_work\XPCO\XPCO\MIP\PlatformPlugin\VideoOS.Platform\unittest\bin\Debug\net472\VideoOS.Platform.Tests.dll" adapterTypeName="executor://mstestadapter/v2" className="VideoOS.Platform.Tests.Metadata.DisplayTextTests" name="WriteXml_ShouldWriteBoldAttribute_WhenSet" />
    </UnitTest>
    <UnitTest name="GetNext_ShouldReturnNull_WhenThereIsNoNextEntryAfterCallToFindCacheEntryAfter" storage="d:\actions-runner\_work\xpco\xpco\mip\platformplugin\videoos.platform\unittest\bin\debug\net472\videoos.platform.tests.dll" id="40c0286b-652b-f4d2-04b7-183bee4a715e">
      <Execution id="fd421414-dd6a-4bb2-b989-b86231c45de8" />
      <TestMethod codeBase="D:\actions-runner\_work\XPCO\XPCO\MIP\PlatformPlugin\VideoOS.Platform\unittest\bin\Debug\net472\VideoOS.Platform.Tests.dll" adapterTypeName="executor://mstestadapter/v2" className="VideoOS.Platform.Tests.Data.MetadataCacheTests" name="GetNext_ShouldReturnNull_WhenThereIsNoNextEntryAfterCallToFindCacheEntryAfter" />
    </UnitTest>
    <UnitTest name="GenerateParameters_ShouldWriteModel_WhenAlways" storage="d:\actions-runner\_work\xpco\xpco\mip\platformplugin\videoos.platform\unittest\bin\debug\net472\videoos.platform.tests.dll" id="31116a68-3b0f-f28f-7f53-0333062fc887">
      <Execution id="25415933-74a7-41bc-9806-e9f76f5b2140" />
      <TestMethod codeBase="D:\actions-runner\_work\XPCO\XPCO\MIP\PlatformPlugin\VideoOS.Platform\unittest\bin\Debug\net472\VideoOS.Platform.Tests.dll" adapterTypeName="executor://mstestadapter/v2" className="VideoOS.Platform.Tests.Data.HardwareDefinitionTests" name="GenerateParameters_ShouldWriteModel_WhenAlways" />
    </UnitTest>
    <UnitTest name="Populate_SearchTextSet_SearchFilter_False" storage="d:\actions-runner\_work\xpco\xpco\mip\platformplugin\videoos.platform\unittest\bin\debug\net472\videoos.platform.tests.dll" id="d2d1d21b-c98b-721d-a336-85243335bc1f">
      <Execution id="0d24444f-73ff-42d8-88f0-b18e0e061524" />
      <TestMethod codeBase="D:\actions-runner\_work\XPCO\XPCO\MIP\PlatformPlugin\VideoOS.Platform\unittest\bin\Debug\net472\VideoOS.Platform.Tests.dll" adapterTypeName="executor://mstestadapter/v2" className="VideoOS.Platform.Tests.UI.ItemPicker.PopulateThreadTest" name="Populate_SearchTextSet_SearchFilter_False" />
    </UnitTest>
    <UnitTest name="CountByCounter_Activated_OK" storage="d:\actions-runner\_work\xpco\xpco\mip\platformplugin\videoos.platform\unittest\bin\debug\net472\videoos.platform.tests.dll" id="b8276ba3-7850-cbef-143f-fbd86d2ed190">
      <Execution id="e91cb54f-07cb-44b1-b437-bb57ae9f9fb5" />
      <TestMethod codeBase="D:\actions-runner\_work\XPCO\XPCO\MIP\PlatformPlugin\VideoOS.Platform\unittest\bin\Debug\net472\VideoOS.Platform.Tests.dll" adapterTypeName="executor://mstestadapter/v2" className="VideoOS.Platform.Tests.License.ResolvedLicenseCountTest" name="CountByCounter_Activated_OK" />
    </UnitTest>
    <UnitTest name="MatchId_Fail_SingleMessage" storage="d:\actions-runner\_work\xpco\xpco\mip\platformplugin\videoos.platform\unittest\bin\debug\net472\videoos.platform.tests.dll" id="e36409e3-019e-24ac-3359-9d7af3a2aada">
      <Execution id="08463e02-01b9-4e1b-b61d-991e4595a702" />
      <TestMethod codeBase="D:\actions-runner\_work\XPCO\XPCO\MIP\PlatformPlugin\VideoOS.Platform\unittest\bin\Debug\net472\VideoOS.Platform.Tests.dll" adapterTypeName="executor://mstestadapter/v2" className="VideoOS.Platform.Tests.Messaging.CommunicationIdFilterTests" name="MatchId_Fail_SingleMessage" />
    </UnitTest>
    <UnitTest name="ToJson_ListElement_Exception" storage="d:\actions-runner\_work\xpco\xpco\mip\platformplugin\videoos.platform\unittest\bin\debug\net472\videoos.platform.tests.dll" id="e52da296-c08b-e9c0-0216-381a1c8bbd9e">
      <Execution id="aa09132f-d035-4adf-8415-ef0ed762c43d" />
      <TestMethod codeBase="D:\actions-runner\_work\XPCO\XPCO\MIP\PlatformPlugin\VideoOS.Platform\unittest\bin\Debug\net472\VideoOS.Platform.Tests.dll" adapterTypeName="executor://mstestadapter/v2" className="VideoOS.Platform.Tests.Proxy.RestApi.JsonReaderTests" name="ToJson_ListElement_Exception" />
    </UnitTest>
    <UnitTest name="Get_KeyNotPresent_ReturnsNull" storage="d:\actions-runner\_work\xpco\xpco\mip\platformplugin\videoos.platform\unittest\bin\debug\net472\videoos.platform.tests.dll" id="eb2478e2-607b-274e-dc5e-7e8aa422b888">
      <Execution id="e17c895e-cd9f-4be1-8fe6-4fb3395bab2b" />
      <TestMethod codeBase="D:\actions-runner\_work\XPCO\XPCO\MIP\PlatformPlugin\VideoOS.Platform\unittest\bin\Debug\net472\VideoOS.Platform.Tests.dll" adapterTypeName="executor://mstestadapter/v2" className="VideoOS.Platform.Tests.Util.Queue.LRUCacheTests" name="Get_KeyNotPresent_ReturnsNull" />
    </UnitTest>
    <UnitTest name="ReadyToCloseEvent_OkCommand_MultiSelect_Not_Thrown" storage="d:\actions-runner\_work\xpco\xpco\mip\platformplugin\videoos.platform\unittest\bin\debug\net472\videoos.platform.tests.dll" id="94e89fbd-ee0e-4e65-a79e-fa57a63dcb34">
      <Execution id="a1f19606-9c34-4274-a258-041140556c40" />
      <TestMethod codeBase="D:\actions-runner\_work\XPCO\XPCO\MIP\PlatformPlugin\VideoOS.Platform\unittest\bin\Debug\net472\VideoOS.Platform.Tests.dll" adapterTypeName="executor://mstestadapter/v2" className="VideoOS.Platform.Tests.UI.ItemPicker.ItemPickerWindowViewModelTest" name="ReadyToCloseEvent_OkCommand_MultiSelect_Not_Thrown" />
    </UnitTest>
    <UnitTest name="CountByItems_Activated_Expired" storage="d:\actions-runner\_work\xpco\xpco\mip\platformplugin\videoos.platform\unittest\bin\debug\net472\videoos.platform.tests.dll" id="e69a267a-e07a-22bf-4915-eae5a252f8b8">
      <Execution id="2f43f5f5-b2e6-4002-9ca2-17ffcc7dd928" />
      <TestMethod codeBase="D:\actions-runner\_work\XPCO\XPCO\MIP\PlatformPlugin\VideoOS.Platform\unittest\bin\Debug\net472\VideoOS.Platform.Tests.dll" adapterTypeName="executor://mstestadapter/v2" className="VideoOS.Platform.Tests.License.ResolvedLicenseCountTest" name="CountByItems_Activated_Expired" />
    </UnitTest>
    <UnitTest name="WriteXml_ShouldWriteBoundingBoxAppearanceElements_WhenTheyArePresent" storage="d:\actions-runner\_work\xpco\xpco\mip\platformplugin\videoos.platform\unittest\bin\debug\net472\videoos.platform.tests.dll" id="8f3e0927-dc62-09dc-c947-424695b8bc40">
      <Execution id="632b2cc3-f744-4cac-9b18-e33881663ebe" />
      <TestMethod codeBase="D:\actions-runner\_work\XPCO\XPCO\MIP\PlatformPlugin\VideoOS.Platform\unittest\bin\Debug\net472\VideoOS.Platform.Tests.dll" adapterTypeName="executor://mstestadapter/v2" className="VideoOS.Platform.Tests.Metadata.ShapeTests" name="WriteXml_ShouldWriteBoundingBoxAppearanceElements_WhenTheyArePresent" />
    </UnitTest>
    <UnitTest name="GenerateGpsDevice_ShouldReturnDeviceWithCorrectTypes_WhenAlways" storage="d:\actions-runner\_work\xpco\xpco\mip\platformplugin\videoos.platform\unittest\bin\debug\net472\videoos.platform.tests.dll" id="efff1d09-1e9a-daae-f4fe-c57e4a154964">
      <Execution id="f4384981-f317-410c-931f-e8d4d7ec0139" />
      <TestMethod codeBase="D:\actions-runner\_work\XPCO\XPCO\MIP\PlatformPlugin\VideoOS.Platform\unittest\bin\Debug\net472\VideoOS.Platform.Tests.dll" adapterTypeName="executor://mstestadapter/v2" className="VideoOS.Platform.Tests.Data.MetadataDeviceDefintionTests" name="GenerateGpsDevice_ShouldReturnDeviceWithCorrectTypes_WhenAlways" />
    </UnitTest>
    <UnitTest name="CountByItems_Activated_Missing1" storage="d:\actions-runner\_work\xpco\xpco\mip\platformplugin\videoos.platform\unittest\bin\debug\net472\videoos.platform.tests.dll" id="ad39a2a8-a877-88dd-b965-d88ff03cb3d9">
      <Execution id="a3656d94-fdf5-43f9-b894-77302bdc797f" />
      <TestMethod codeBase="D:\actions-runner\_work\XPCO\XPCO\MIP\PlatformPlugin\VideoOS.Platform\unittest\bin\Debug\net472\VideoOS.Platform.Tests.dll" adapterTypeName="executor://mstestadapter/v2" className="VideoOS.Platform.Tests.License.ResolvedLicenseCountTest" name="CountByItems_Activated_Missing1" />
    </UnitTest>
    <UnitTest name="Serialize_TestCases (TestParentTypeMatchStructNotThisTypeNotMatched)" storage="d:\actions-runner\_work\xpco\xpco\mip\platformplugin\videoos.platform\unittest\bin\debug\net472\videoos.platform.tests.dll" id="d2671cf7-10ab-d2c0-aa50-a4b5bfd530c6">
      <Execution id="996d3a76-49e7-41d3-b9eb-ab2fdba3c505" />
      <TestMethod codeBase="D:\actions-runner\_work\XPCO\XPCO\MIP\PlatformPlugin\VideoOS.Platform\unittest\bin\Debug\net472\VideoOS.Platform.Tests.dll" adapterTypeName="executor://mstestadapter/v2" className="VideoOS.Platform.Tests.UI.Controls.Automation.Serialization.AutomationObjectSerializerTest" name="Serialize_TestCases" />
    </UnitTest>
    <UnitTest name="Enabled_Properties_With_Enable_Yes_success" storage="d:\actions-runner\_work\xpco\xpco\mip\platformplugin\videoos.platform\unittest\bin\debug\net472\videoos.platform.tests.dll" id="f2c9789b-ec5f-6518-f2c0-b2ab50a92288">
      <Execution id="4f7787af-12f2-4635-8116-62ff830cefc8" />
      <TestMethod codeBase="D:\actions-runner\_work\XPCO\XPCO\MIP\PlatformPlugin\VideoOS.Platform\unittest\bin\Debug\net472\VideoOS.Platform.Tests.dll" adapterTypeName="executor://mstestadapter/v2" className="VideoOS.Platform.Tests.ItemTests" name="Enabled_Properties_With_Enable_Yes_success" />
    </UnitTest>
    <UnitTest name="GetCompatibilityHandler_ShouldReturnFips_WhenCalledFromEventServer" storage="d:\actions-runner\_work\xpco\xpco\mip\platformplugin\videoos.platform\unittest\bin\debug\net472\videoos.platform.tests.dll" id="eafa657a-e693-c387-5dc5-3b7f787deb74">
      <Execution id="58e73dbd-a423-4045-af59-2b2a50a63f87" />
      <TestMethod codeBase="D:\actions-runner\_work\XPCO\XPCO\MIP\PlatformPlugin\VideoOS.Platform\unittest\bin\Debug\net472\VideoOS.Platform.Tests.dll" adapterTypeName="executor://mstestadapter/v2" className="VideoOS.Platform.Tests.License.LicenseManagerTests" name="GetCompatibilityHandler_ShouldReturnFips_WhenCalledFromEventServer" />
    </UnitTest>
    <UnitTest name="ReadXml_ShouldIgnoreAppearance_WhenAppearanceIsPresenWithWrongNamespace" storage="d:\actions-runner\_work\xpco\xpco\mip\platformplugin\videoos.platform\unittest\bin\debug\net472\videoos.platform.tests.dll" id="1231dbfb-8caf-95d4-fa10-3201d28cc912">
      <Execution id="18eca75b-b448-4070-be3b-d7a126e38b49" />
      <TestMethod codeBase="D:\actions-runner\_work\XPCO\XPCO\MIP\PlatformPlugin\VideoOS.Platform\unittest\bin\Debug\net472\VideoOS.Platform.Tests.dll" adapterTypeName="executor://mstestadapter/v2" className="VideoOS.Platform.Tests.Metadata.OnvifObjectTests" name="ReadXml_ShouldIgnoreAppearance_WhenAppearanceIsPresenWithWrongNamespace" />
    </UnitTest>
    <UnitTest name="GetPrevious_ShouldReturnNull_WhenCallToFindCacheEntryAfterReturnedNull" storage="d:\actions-runner\_work\xpco\xpco\mip\platformplugin\videoos.platform\unittest\bin\debug\net472\videoos.platform.tests.dll" id="3b72e631-6670-fe62-856b-ccd543a59971">
      <Execution id="5efafca5-7f7d-4660-831e-1cf085510af0" />
      <TestMethod codeBase="D:\actions-runner\_work\XPCO\XPCO\MIP\PlatformPlugin\VideoOS.Platform\unittest\bin\Debug\net472\VideoOS.Platform.Tests.dll" adapterTypeName="executor://mstestadapter/v2" className="VideoOS.Platform.Tests.Data.MetadataCacheTests" name="GetPrevious_ShouldReturnNull_WhenCallToFindCacheEntryAfterReturnedNull" />
    </UnitTest>
    <UnitTest name="CacheFlushMechanism_ShouldRemoveItems_WhenNotUsed" storage="d:\actions-runner\_work\xpco\xpco\mip\platformplugin\videoos.platform\unittest\bin\debug\net472\videoos.platform.tests.dll" id="aea21075-21e1-c265-1a63-420c5c66b0a8">
      <Execution id="14392d0a-817e-4df9-8717-2a9ff67e20ce" />
      <TestMethod codeBase="D:\actions-runner\_work\XPCO\XPCO\MIP\PlatformPlugin\VideoOS.Platform\unittest\bin\Debug\net472\VideoOS.Platform.Tests.dll" adapterTypeName="executor://mstestadapter/v2" className="VideoOS.Platform.Tests.Util.ConfigurationCacheTests" name="CacheFlushMechanism_ShouldRemoveItems_WhenNotUsed" />
    </UnitTest>
    <UnitTest name="RemoveFilterValue_OnlyValue_Success" storage="d:\actions-runner\_work\xpco\xpco\mip\platformplugin\videoos.platform\unittest\bin\debug\net472\videoos.platform.tests.dll" id="4f18dfe5-cbdb-3f59-ec1a-7c24c2cc1db1">
      <TestCategory>
        <TestCategoryItem TestCategory="Search" />
      </TestCategory>
      <Execution id="2cb26311-4aef-4d5b-b664-4a7c3004fcfe" />
      <TestMethod codeBase="D:\actions-runner\_work\XPCO\XPCO\MIP\PlatformPlugin\VideoOS.Platform\unittest\bin\Debug\net472\VideoOS.Platform.Tests.dll" adapterTypeName="executor://mstestadapter/v2" className="VideoOS.Platform.Tests.Search.SearchCriteriaTest" name="RemoveFilterValue_OnlyValue_Success" />
    </UnitTest>
    <UnitTest name="ReadXml_ShouldDiscardCenterOfGravity_WhenIncompleteCenterOfGravityIsPresent" storage="d:\actions-runner\_work\xpco\xpco\mip\platformplugin\videoos.platform\unittest\bin\debug\net472\videoos.platform.tests.dll" id="27f0a424-dd24-08ba-788b-f15f39b1c327">
      <Execution id="ef2660d2-96b4-49f7-9b9c-b6160deae8ea" />
      <TestMethod codeBase="D:\actions-runner\_work\XPCO\XPCO\MIP\PlatformPlugin\VideoOS.Platform\unittest\bin\Debug\net472\VideoOS.Platform.Tests.dll" adapterTypeName="executor://mstestadapter/v2" className="VideoOS.Platform.Tests.Metadata.ShapeTests" name="ReadXml_ShouldDiscardCenterOfGravity_WhenIncompleteCenterOfGravityIsPresent" />
    </UnitTest>
    <UnitTest name="CountByItems_Activated_CountByCounter_Missing" storage="d:\actions-runner\_work\xpco\xpco\mip\platformplugin\videoos.platform\unittest\bin\debug\net472\videoos.platform.tests.dll" id="125f47fd-bfa6-8077-4564-e798b6c885b3">
      <Execution id="2b18d90d-6339-447b-b2cc-e57ad9eeac94" />
      <TestMethod codeBase="D:\actions-runner\_work\XPCO\XPCO\MIP\PlatformPlugin\VideoOS.Platform\unittest\bin\Debug\net472\VideoOS.Platform.Tests.dll" adapterTypeName="executor://mstestadapter/v2" className="VideoOS.Platform.Tests.License.ResolvedLicenseCountTest" name="CountByItems_Activated_CountByCounter_Missing" />
    </UnitTest>
    <UnitTest name="GenerateEnumValueParameters_ShouldWriteName_WhenAlways" storage="d:\actions-runner\_work\xpco\xpco\mip\platformplugin\videoos.platform\unittest\bin\debug\net472\videoos.platform.tests.dll" id="11006eff-dccd-aa32-9666-4dd55bbdd6ef">
      <Execution id="3141b4bd-c935-4f7a-a4da-28ccddf62dd5" />
      <TestMethod codeBase="D:\actions-runner\_work\XPCO\XPCO\MIP\PlatformPlugin\VideoOS.Platform\unittest\bin\Debug\net472\VideoOS.Platform.Tests.dll" adapterTypeName="executor://mstestadapter/v2" className="VideoOS.Platform.Tests.Data.EnumCapabilityValueTests" name="GenerateEnumValueParameters_ShouldWriteName_WhenAlways" />
    </UnitTest>
    <UnitTest name="TestCancelSearch_Success" storage="d:\actions-runner\_work\xpco\xpco\mip\platformplugin\videoos.platform\unittest\bin\debug\net472\videoos.platform.tests.dll" id="65d8beb9-d4b1-7128-2631-5520f6c0ed58">
      <TestCategory>
        <TestCategoryItem TestCategory="Search" />
      </TestCategory>
      <Execution id="9c1a390c-1f8d-4501-923f-1bc38a05de30" />
      <TestMethod codeBase="D:\actions-runner\_work\XPCO\XPCO\MIP\PlatformPlugin\VideoOS.Platform\unittest\bin\Debug\net472\VideoOS.Platform.Tests.dll" adapterTypeName="executor://mstestadapter/v2" className="VideoOS.Platform.Tests.Search.SearchManagerTest" name="TestCancelSearch_Success" />
    </UnitTest>
    <UnitTest name="TestMultiLevelQueue_ThreeLevels_Success" storage="d:\actions-runner\_work\xpco\xpco\mip\platformplugin\videoos.platform\unittest\bin\debug\net472\videoos.platform.tests.dll" id="3fc54712-5186-4bec-f033-21016fea98fa">
      <Execution id="c3e0ca42-43bb-4884-abca-10ce997509b3" />
      <TestMethod codeBase="D:\actions-runner\_work\XPCO\XPCO\MIP\PlatformPlugin\VideoOS.Platform\unittest\bin\Debug\net472\VideoOS.Platform.Tests.dll" adapterTypeName="executor://mstestadapter/v2" className="VideoOS.Platform.Tests.Util.Queue.MultiLevelResourceQueueTests" name="TestMultiLevelQueue_ThreeLevels_Success" />
    </UnitTest>
    <UnitTest name="ReadXml_ShouldIgnoreUnknownAttributes_WhenAlways" storage="d:\actions-runner\_work\xpco\xpco\mip\platformplugin\videoos.platform\unittest\bin\debug\net472\videoos.platform.tests.dll" id="68414986-0a7e-03e0-b752-7222fdf120b2">
      <Execution id="a4f65609-c74d-40db-aa13-faba550d57a2" />
      <TestMethod codeBase="D:\actions-runner\_work\XPCO\XPCO\MIP\PlatformPlugin\VideoOS.Platform\unittest\bin\Debug\net472\VideoOS.Platform.Tests.dll" adapterTypeName="executor://mstestadapter/v2" className="VideoOS.Platform.Tests.Metadata.VectorTests" name="ReadXml_ShouldIgnoreUnknownAttributes_WhenAlways" />
    </UnitTest>
    <UnitTest name="TestMultiLevelQueue_ParallelResourceProcessors_Success" storage="d:\actions-runner\_work\xpco\xpco\mip\platformplugin\videoos.platform\unittest\bin\debug\net472\videoos.platform.tests.dll" id="47a53b29-7b9e-c9bf-9646-9c0d3127b256">
      <Execution id="9edc5d86-5c5e-4ed2-9a01-7c608971d497" />
      <TestMethod codeBase="D:\actions-runner\_work\XPCO\XPCO\MIP\PlatformPlugin\VideoOS.Platform\unittest\bin\Debug\net472\VideoOS.Platform.Tests.dll" adapterTypeName="executor://mstestadapter/v2" className="VideoOS.Platform.Tests.Util.Queue.MultiLevelResourceQueueTests" name="TestMultiLevelQueue_ParallelResourceProcessors_Success" />
    </UnitTest>
    <UnitTest name="GenerateParameters_ShouldWriteMacAddress_WhenAlways" storage="d:\actions-runner\_work\xpco\xpco\mip\platformplugin\videoos.platform\unittest\bin\debug\net472\videoos.platform.tests.dll" id="090bb946-dfcb-8466-9f8e-938126697e92">
      <Execution id="96a77131-7e6f-4f86-a54d-a4d54cc7f163" />
      <TestMethod codeBase="D:\actions-runner\_work\XPCO\XPCO\MIP\PlatformPlugin\VideoOS.Platform\unittest\bin\Debug\net472\VideoOS.Platform.Tests.dll" adapterTypeName="executor://mstestadapter/v2" className="VideoOS.Platform.Tests.Data.HardwareDefinitionTests" name="GenerateParameters_ShouldWriteMacAddress_WhenAlways" />
    </UnitTest>
    <UnitTest name="ReadXml_ShouldLogWarningTwiceWhenMoreThanOneMinuteBetweenWarnings_WhenRequiredAttributeIsMissing" storage="d:\actions-runner\_work\xpco\xpco\mip\platformplugin\videoos.platform\unittest\bin\debug\net472\videoos.platform.tests.dll" id="0fd399d2-70b7-1bf0-1292-5d37ff538834">
      <Execution id="0346773a-c785-4873-aa8c-eba50ad42410" />
      <TestMethod codeBase="D:\actions-runner\_work\XPCO\XPCO\MIP\PlatformPlugin\VideoOS.Platform\unittest\bin\Debug\net472\VideoOS.Platform.Tests.dll" adapterTypeName="executor://mstestadapter/v2" className="VideoOS.Platform.Tests.Metadata.VectorTests" name="ReadXml_ShouldLogWarningTwiceWhenMoreThanOneMinuteBetweenWarnings_WhenRequiredAttributeIsMissing" />
    </UnitTest>
    <UnitTest name="Serialize_TestCases (TestParentTypeMatchEnumNotThisTypeNotMatched)" storage="d:\actions-runner\_work\xpco\xpco\mip\platformplugin\videoos.platform\unittest\bin\debug\net472\videoos.platform.tests.dll" id="d6b02c69-a6ef-0109-3a3b-2890f16309c7">
      <Execution id="7e8a13a0-9d83-404c-9959-a0139fb5d86a" />
      <TestMethod codeBase="D:\actions-runner\_work\XPCO\XPCO\MIP\PlatformPlugin\VideoOS.Platform\unittest\bin\Debug\net472\VideoOS.Platform.Tests.dll" adapterTypeName="executor://mstestadapter/v2" className="VideoOS.Platform.Tests.UI.Controls.Automation.Serialization.AutomationObjectSerializerTest" name="Serialize_TestCases" />
    </UnitTest>
    <UnitTest name="GenerateDeviceCapabilityParameters_ShouldWriteName_WhenAlways" storage="d:\actions-runner\_work\xpco\xpco\mip\platformplugin\videoos.platform\unittest\bin\debug\net472\videoos.platform.tests.dll" id="cc99ff3e-c755-1963-ff3d-70c3c6994b03">
      <Execution id="acf33bc8-c8bc-4d2a-abca-b0aff26a678e" />
      <TestMethod codeBase="D:\actions-runner\_work\XPCO\XPCO\MIP\PlatformPlugin\VideoOS.Platform\unittest\bin\Debug\net472\VideoOS.Platform.Tests.dll" adapterTypeName="executor://mstestadapter/v2" className="VideoOS.Platform.Tests.Data.MetadataDeviceCapabilityTests" name="GenerateDeviceCapabilityParameters_ShouldWriteName_WhenAlways" />
    </UnitTest>
    <UnitTest name="ConstructorRgb_ShouldReturnCorrectRgbValues_Always" storage="d:\actions-runner\_work\xpco\xpco\mip\platformplugin\videoos.platform\unittest\bin\debug\net472\videoos.platform.tests.dll" id="a161a748-55e5-1a5b-e899-d06d498d802c">
      <Execution id="bae1e449-00c7-4a0f-9c72-c0c8a45d2646" />
      <TestMethod codeBase="D:\actions-runner\_work\XPCO\XPCO\MIP\PlatformPlugin\VideoOS.Platform\unittest\bin\Debug\net472\VideoOS.Platform.Tests.dll" adapterTypeName="executor://mstestadapter/v2" className="VideoOS.Platform.Tests.Metadata.DisplayColorTests" name="ConstructorRgb_ShouldReturnCorrectRgbValues_Always" />
    </UnitTest>
    <UnitTest name="SearchResultData_BeginTime_Success" storage="d:\actions-runner\_work\xpco\xpco\mip\platformplugin\videoos.platform\unittest\bin\debug\net472\videoos.platform.tests.dll" id="7e3dbd79-3540-0180-3ab0-0107f747a8a4">
      <TestCategory>
        <TestCategoryItem TestCategory="Search" />
      </TestCategory>
      <Execution id="cd9e4884-d9bf-4214-9b02-a32054b3b9de" />
      <TestMethod codeBase="D:\actions-runner\_work\XPCO\XPCO\MIP\PlatformPlugin\VideoOS.Platform\unittest\bin\Debug\net472\VideoOS.Platform.Tests.dll" adapterTypeName="executor://mstestadapter/v2" className="VideoOS.Platform.Tests.Search.SearchResultDataTest" name="SearchResultData_BeginTime_Success" />
    </UnitTest>
    <UnitTest name="GetEnd_ShouldReturnNull_WhenToolkitReturnsResponseWithNullDataList" storage="d:\actions-runner\_work\xpco\xpco\mip\platformplugin\videoos.platform\unittest\bin\debug\net472\videoos.platform.tests.dll" id="65a78e97-54ce-8026-0240-7af1b5e1a5a5">
      <Execution id="9946a6d8-93df-4d0d-87f2-f4e836e125b7" />
      <TestMethod codeBase="D:\actions-runner\_work\XPCO\XPCO\MIP\PlatformPlugin\VideoOS.Platform\unittest\bin\Debug\net472\VideoOS.Platform.Tests.dll" adapterTypeName="executor://mstestadapter/v2" className="VideoOS.Platform.Tests.Data.MetadataPlaybackSourceTests" name="GetEnd_ShouldReturnNull_WhenToolkitReturnsResponseWithNullDataList" />
    </UnitTest>
    <UnitTest name="BuildOverlayWidthHeightBaseEvent_ShouldReturnCorrectSizedBitmap_WhenArgumentIsAnalyticsEventWithNoObjectPolygon" storage="d:\actions-runner\_work\xpco\xpco\mip\platformplugin\videoos.platform\unittest\bin\debug\net472\videoos.platform.tests.dll" id="68839c3f-a774-538d-b591-9a44c343225f">
      <Execution id="42bebfb0-922b-4ea5-8f1e-b1c49d012f70" />
      <TestMethod codeBase="D:\actions-runner\_work\XPCO\XPCO\MIP\PlatformPlugin\VideoOS.Platform\unittest\bin\Debug\net472\VideoOS.Platform.Tests.dll" adapterTypeName="executor://mstestadapter/v2" className="VideoOS.Platform.Tests.Util.AnalyticsOverlayBuilderTests" name="BuildOverlayWidthHeightBaseEvent_ShouldReturnCorrectSizedBitmap_WhenArgumentIsAnalyticsEventWithNoObjectPolygon" />
    </UnitTest>
    <UnitTest name="ToJson_ListElement" storage="d:\actions-runner\_work\xpco\xpco\mip\platformplugin\videoos.platform\unittest\bin\debug\net472\videoos.platform.tests.dll" id="fcfc02eb-9475-084e-96ae-652cb742a35f">
      <Execution id="e27d96ef-5cfd-4e30-98aa-7068bcd0019c" />
      <TestMethod codeBase="D:\actions-runner\_work\XPCO\XPCO\MIP\PlatformPlugin\VideoOS.Platform\unittest\bin\Debug\net472\VideoOS.Platform.Tests.dll" adapterTypeName="executor://mstestadapter/v2" className="VideoOS.Platform.Tests.Proxy.RestApi.JsonReaderTests" name="ToJson_ListElement" />
    </UnitTest>
    <UnitTest name="Serialize_TestCases (TestParentTypeMatchBoolNotThisTypeNotMatched)" storage="d:\actions-runner\_work\xpco\xpco\mip\platformplugin\videoos.platform\unittest\bin\debug\net472\videoos.platform.tests.dll" id="7f5e70aa-3433-9bd7-8428-635b93dfaeb5">
      <Execution id="1ea3be0d-391f-4880-a473-2e6866b2cb8c" />
      <TestMethod codeBase="D:\actions-runner\_work\XPCO\XPCO\MIP\PlatformPlugin\VideoOS.Platform\unittest\bin\Debug\net472\VideoOS.Platform.Tests.dll" adapterTypeName="executor://mstestadapter/v2" className="VideoOS.Platform.Tests.UI.Controls.Automation.Serialization.AutomationObjectSerializerTest" name="Serialize_TestCases" />
    </UnitTest>
    <UnitTest name="ReadXml_ShouldIgnoreChildren_WhenAlways" storage="d:\actions-runner\_work\xpco\xpco\mip\platformplugin\videoos.platform\unittest\bin\debug\net472\videoos.platform.tests.dll" id="054d841b-8cd4-42a2-f59c-fc413fd8883f">
      <Execution id="3c39a54f-7c36-4a9d-820e-cac36c58cc13" />
      <TestMethod codeBase="D:\actions-runner\_work\XPCO\XPCO\MIP\PlatformPlugin\VideoOS.Platform\unittest\bin\Debug\net472\VideoOS.Platform.Tests.dll" adapterTypeName="executor://mstestadapter/v2" className="VideoOS.Platform.Tests.Metadata.RectangleTests" name="ReadXml_ShouldIgnoreChildren_WhenAlways" />
    </UnitTest>
    <UnitTest name="IsEmptyValue_DoubleRangeFilterValue_NonDefaultConfiguration_ReturnsFalse" storage="d:\actions-runner\_work\xpco\xpco\mip\platformplugin\videoos.platform\unittest\bin\debug\net472\videoos.platform.tests.dll" id="f095befb-1220-164b-8d93-573101abd22c">
      <TestCategory>
        <TestCategoryItem TestCategory="Search" />
      </TestCategory>
      <Execution id="298455b8-ba66-4df6-9306-8a682d225c71" />
      <TestMethod codeBase="D:\actions-runner\_work\XPCO\XPCO\MIP\PlatformPlugin\VideoOS.Platform\unittest\bin\Debug\net472\VideoOS.Platform.Tests.dll" adapterTypeName="executor://mstestadapter/v2" className="VideoOS.Platform.Tests.Search.SearchFilterTest" name="IsEmptyValue_DoubleRangeFilterValue_NonDefaultConfiguration_ReturnsFalse" />
    </UnitTest>
    <UnitTest name="GenerateParameters_ShouldWriteNotSupportedForFirmware_WhenFirmwareIsNull" storage="d:\actions-runner\_work\xpco\xpco\mip\platformplugin\videoos.platform\unittest\bin\debug\net472\videoos.platform.tests.dll" id="e3e33591-e2f2-c832-fee1-8688ba9ec456">
      <Execution id="e59836bb-c57a-42c8-92bd-996750c33d4f" />
      <TestMethod codeBase="D:\actions-runner\_work\XPCO\XPCO\MIP\PlatformPlugin\VideoOS.Platform\unittest\bin\Debug\net472\VideoOS.Platform.Tests.dll" adapterTypeName="executor://mstestadapter/v2" className="VideoOS.Platform.Tests.Data.HardwareDefinitionTests" name="GenerateParameters_ShouldWriteNotSupportedForFirmware_WhenFirmwareIsNull" />
    </UnitTest>
    <UnitTest name="AllowGroupSelection_SingleSelect_GroupSelected" storage="d:\actions-runner\_work\xpco\xpco\mip\platformplugin\videoos.platform\unittest\bin\debug\net472\videoos.platform.tests.dll" id="1d3f650d-9d95-7992-7547-1b0a5cf1f2ec">
      <Execution id="514c99be-d5c0-4941-ab4a-389b916529c4" />
      <TestMethod codeBase="D:\actions-runner\_work\XPCO\XPCO\MIP\PlatformPlugin\VideoOS.Platform\unittest\bin\Debug\net472\VideoOS.Platform.Tests.dll" adapterTypeName="executor://mstestadapter/v2" className="VideoOS.Platform.Tests.UI.ItemPicker.ItemPickerViewModelTest" name="AllowGroupSelection_SingleSelect_GroupSelected" />
    </UnitTest>
    <UnitTest name="WriteXml_ShouldWriteFrameContents_WhenAFrameIsWritten" storage="d:\actions-runner\_work\xpco\xpco\mip\platformplugin\videoos.platform\unittest\bin\debug\net472\videoos.platform.tests.dll" id="0bfd2093-cd64-a47e-137d-af6fe3953323">
      <Execution id="493ba967-8ae7-49e4-b041-37495ac809bd" />
      <TestMethod codeBase="D:\actions-runner\_work\XPCO\XPCO\MIP\PlatformPlugin\VideoOS.Platform\unittest\bin\Debug\net472\VideoOS.Platform.Tests.dll" adapterTypeName="executor://mstestadapter/v2" className="VideoOS.Platform.Tests.Metadata.VideoAnalyticsTests" name="WriteXml_ShouldWriteFrameContents_WhenAFrameIsWritten" />
    </UnitTest>
    <UnitTest name="WriteXml_ShouldWriteIsRemovedElement_WhenIsRemovedIsTrue" storage="d:\actions-runner\_work\xpco\xpco\mip\platformplugin\videoos.platform\unittest\bin\debug\net472\videoos.platform.tests.dll" id="dcc9cf01-7d0d-4dc6-9027-2fa692f04ff1">
      <Execution id="10e2793f-bc87-49b4-a154-1eb7b71455f4" />
      <TestMethod codeBase="D:\actions-runner\_work\XPCO\XPCO\MIP\PlatformPlugin\VideoOS.Platform\unittest\bin\Debug\net472\VideoOS.Platform.Tests.dll" adapterTypeName="executor://mstestadapter/v2" className="VideoOS.Platform.Tests.Metadata.BehaviourTests" name="WriteXml_ShouldWriteIsRemovedElement_WhenIsRemovedIsTrue" />
    </UnitTest>
    <UnitTest name="UtcTime_ShouldReturnConstructorValue_WhenSet" storage="d:\actions-runner\_work\xpco\xpco\mip\platformplugin\videoos.platform\unittest\bin\debug\net472\videoos.platform.tests.dll" id="06f72c6d-178e-1776-b54f-f3db73a3e144">
      <Execution id="f59c92fd-4ef8-4833-baaf-5bdc17cffc92" />
      <TestMethod codeBase="D:\actions-runner\_work\XPCO\XPCO\MIP\PlatformPlugin\VideoOS.Platform\unittest\bin\Debug\net472\VideoOS.Platform.Tests.dll" adapterTypeName="executor://mstestadapter/v2" className="VideoOS.Platform.Tests.Metadata.FrameTests" name="UtcTime_ShouldReturnConstructorValue_WhenSet" />
    </UnitTest>
    <UnitTest name="Convert_MultiArgumentConverter_ShouldReturnConvertedValue_WhenArgumentsMatch" storage="d:\actions-runner\_work\xpco\xpco\mip\platformplugin\videoos.platform\unittest\bin\debug\net472\videoos.platform.tests.dll" id="5af855bd-1073-0abf-ad45-fc121c142707">
      <Execution id="d76e1af0-a532-466f-a50c-b6d6cd8df932" />
      <TestMethod codeBase="D:\actions-runner\_work\XPCO\XPCO\MIP\PlatformPlugin\VideoOS.Platform\unittest\bin\Debug\net472\VideoOS.Platform.Tests.dll" adapterTypeName="executor://mstestadapter/v2" className="VideoOS.Platform.Tests.UI.Converters.LambdaConverterTest" name="Convert_MultiArgumentConverter_ShouldReturnConvertedValue_WhenArgumentsMatch" />
    </UnitTest>
    <UnitTest name="GetNearest_ShouldReturnClosestElement_WhenTimestampIsInLargerCache" storage="d:\actions-runner\_work\xpco\xpco\mip\platformplugin\videoos.platform\unittest\bin\debug\net472\videoos.platform.tests.dll" id="ad2a533e-345f-feb2-e7cb-50434e04ad99">
      <Execution id="e1178cc4-e88d-4188-982a-94ddb1c9cd75" />
      <TestMethod codeBase="D:\actions-runner\_work\XPCO\XPCO\MIP\PlatformPlugin\VideoOS.Platform\unittest\bin\Debug\net472\VideoOS.Platform.Tests.dll" adapterTypeName="executor://mstestadapter/v2" className="VideoOS.Platform.Tests.Data.MetadataCacheTests" name="GetNearest_ShouldReturnClosestElement_WhenTimestampIsInLargerCache" />
    </UnitTest>
    <UnitTest name="Apply_ShouldDoNothing_WhenArgumentIsNull" storage="d:\actions-runner\_work\xpco\xpco\mip\platformplugin\videoos.platform\unittest\bin\debug\net472\videoos.platform.tests.dll" id="9e5ec3f3-397a-9268-e64a-1a2655cbcab4">
      <Execution id="940cb111-6eb2-458d-b7cf-55cb3b2b963e" />
      <TestMethod codeBase="D:\actions-runner\_work\XPCO\XPCO\MIP\PlatformPlugin\VideoOS.Platform\unittest\bin\Debug\net472\VideoOS.Platform.Tests.dll" adapterTypeName="executor://mstestadapter/v2" className="VideoOS.Platform.Tests.Metadata.DisplayTextTests" name="Apply_ShouldDoNothing_WhenArgumentIsNull" />
    </UnitTest>
    <UnitTest name="GetGenderFilterValues_FilterValueMissing_ReturnsEmptyCollection" storage="d:\actions-runner\_work\xpco\xpco\mip\platformplugin\videoos.platform\unittest\bin\debug\net472\videoos.platform.tests.dll" id="7b6494d9-14d1-e703-8dce-eacd52852ebc">
      <TestCategory>
        <TestCategoryItem TestCategory="Search" />
      </TestCategory>
      <Execution id="39f724ab-31b3-4e3d-9234-615328a8a121" />
      <TestMethod codeBase="D:\actions-runner\_work\XPCO\XPCO\MIP\PlatformPlugin\VideoOS.Platform\unittest\bin\Debug\net472\VideoOS.Platform.Tests.dll" adapterTypeName="executor://mstestadapter/v2" className="VideoOS.Platform.Tests.Search.FilterCategories.PersonSearchFilterCategoryTest" name="GetGenderFilterValues_FilterValueMissing_ReturnsEmptyCollection" />
    </UnitTest>
    <UnitTest name="Initialize_Changed_Values" storage="d:\actions-runner\_work\xpco\xpco\mip\platformplugin\videoos.platform\unittest\bin\debug\net472\videoos.platform.tests.dll" id="760478cf-2b2b-5f64-b097-3de30749bcb1">
      <Execution id="69134de6-a0c1-4443-b284-1eed539f4bca" />
      <TestMethod codeBase="D:\actions-runner\_work\XPCO\XPCO\MIP\PlatformPlugin\VideoOS.Platform\unittest\bin\Debug\net472\VideoOS.Platform.Tests.dll" adapterTypeName="executor://mstestadapter/v2" className="VideoOS.Platform.Tests.UI.ItemPicker.ItemPickerWindowViewModelTest" name="Initialize_Changed_Values" />
    </UnitTest>
    <UnitTest name="Equals_IgnoreFolderType_Fail_OnOtherNull" storage="d:\actions-runner\_work\xpco\xpco\mip\platformplugin\videoos.platform\unittest\bin\debug\net472\videoos.platform.tests.dll" id="9f8782f5-d91c-4490-2d75-75cddc0ef1b1">
      <Execution id="55eddb83-d7fd-4679-8288-9482bc268c7b" />
      <TestMethod codeBase="D:\actions-runner\_work\XPCO\XPCO\MIP\PlatformPlugin\VideoOS.Platform\unittest\bin\Debug\net472\VideoOS.Platform.Tests.dll" adapterTypeName="executor://mstestadapter/v2" className="VideoOS.Platform.Tests.FQIDtests" name="Equals_IgnoreFolderType_Fail_OnOtherNull" />
    </UnitTest>
    <UnitTest name="WriteXml_ShouldWriteScaleContents_WhenScaleIsNotNull" storage="d:\actions-runner\_work\xpco\xpco\mip\platformplugin\videoos.platform\unittest\bin\debug\net472\videoos.platform.tests.dll" id="d53b731a-f1cc-f58f-ac8f-3fdcdc3a367b">
      <Execution id="ea440b9e-b707-40b1-a307-18cc440f5dcf" />
      <TestMethod codeBase="D:\actions-runner\_work\XPCO\XPCO\MIP\PlatformPlugin\VideoOS.Platform\unittest\bin\Debug\net472\VideoOS.Platform.Tests.dll" adapterTypeName="executor://mstestadapter/v2" className="VideoOS.Platform.Tests.Metadata.TransformationTests" name="WriteXml_ShouldWriteScaleContents_WhenScaleIsNotNull" />
    </UnitTest>
    <UnitTest name="GenerateDeviceCapabilityParameters_ShouldAddSubclassParameters_WhenAlways" storage="d:\actions-runner\_work\xpco\xpco\mip\platformplugin\videoos.platform\unittest\bin\debug\net472\videoos.platform.tests.dll" id="bc0974a0-deaf-8644-39a5-1ed48142447f">
      <Execution id="30fac97a-c898-4740-b1ea-3c2b5b147c16" />
      <TestMethod codeBase="D:\actions-runner\_work\XPCO\XPCO\MIP\PlatformPlugin\VideoOS.Platform\unittest\bin\Debug\net472\VideoOS.Platform.Tests.dll" adapterTypeName="executor://mstestadapter/v2" className="VideoOS.Platform.Tests.Data.MetadataDeviceCapabilityTests" name="GenerateDeviceCapabilityParameters_ShouldAddSubclassParameters_WhenAlways" />
    </UnitTest>
    <UnitTest name="ReadXml_ShouldLogWarningTwiceWhenMoreThanOneMinuteBetweenWarnings_WhenBoundingBoxIsMissing" storage="d:\actions-runner\_work\xpco\xpco\mip\platformplugin\videoos.platform\unittest\bin\debug\net472\videoos.platform.tests.dll" id="3487929c-15fb-a7da-5bec-346afcbec7da">
      <Execution id="1dbb5906-fc93-4735-9af9-82efbaf91201" />
      <TestMethod codeBase="D:\actions-runner\_work\XPCO\XPCO\MIP\PlatformPlugin\VideoOS.Platform\unittest\bin\Debug\net472\VideoOS.Platform.Tests.dll" adapterTypeName="executor://mstestadapter/v2" className="VideoOS.Platform.Tests.Metadata.ShapeTests" name="ReadXml_ShouldLogWarningTwiceWhenMoreThanOneMinuteBetweenWarnings_WhenBoundingBoxIsMissing" />
    </UnitTest>
    <UnitTest name="Add_ShouldUpdateStartCache_WhenOldStartTimeIsLaterThanAdded" storage="d:\actions-runner\_work\xpco\xpco\mip\platformplugin\videoos.platform\unittest\bin\debug\net472\videoos.platform.tests.dll" id="6afb1227-217c-b2e9-db11-52fb1d5fc56a">
      <Execution id="cecb5bc8-6348-4d3d-b1e0-d8fb7919c86d" />
      <TestMethod codeBase="D:\actions-runner\_work\XPCO\XPCO\MIP\PlatformPlugin\VideoOS.Platform\unittest\bin\Debug\net472\VideoOS.Platform.Tests.dll" adapterTypeName="executor://mstestadapter/v2" className="VideoOS.Platform.Tests.Client.SequenceCacheTests" name="Add_ShouldUpdateStartCache_WhenOldStartTimeIsLaterThanAdded" />
    </UnitTest>
    <UnitTest name="Remove_KeyPresent_ReturnsTrueAndGetReturnsNull" storage="d:\actions-runner\_work\xpco\xpco\mip\platformplugin\videoos.platform\unittest\bin\debug\net472\videoos.platform.tests.dll" id="ad2e8dc8-017a-fd28-8587-9788ac26c9e0">
      <Execution id="f8adaa0b-beec-4b8d-9d5b-85d25ef183b7" />
      <TestMethod codeBase="D:\actions-runner\_work\XPCO\XPCO\MIP\PlatformPlugin\VideoOS.Platform\unittest\bin\Debug\net472\VideoOS.Platform.Tests.dll" adapterTypeName="executor://mstestadapter/v2" className="VideoOS.Platform.Tests.Util.Queue.LRUCacheTests" name="Remove_KeyPresent_ReturnsTrueAndGetReturnsNull" />
    </UnitTest>
    <UnitTest name="GenerateParameters_ShouldCallGenerateDeviceParametersWithCorrectPrefix_WhenThereAreMetadataDevices" storage="d:\actions-runner\_work\xpco\xpco\mip\platformplugin\videoos.platform\unittest\bin\debug\net472\videoos.platform.tests.dll" id="773f1d7a-65a5-fa09-a454-1d73dbdebf1c">
      <Execution id="724c1ce6-e2e6-46cc-80ef-9990d5d0bbdc" />
      <TestMethod codeBase="D:\actions-runner\_work\XPCO\XPCO\MIP\PlatformPlugin\VideoOS.Platform\unittest\bin\Debug\net472\VideoOS.Platform.Tests.dll" adapterTypeName="executor://mstestadapter/v2" className="VideoOS.Platform.Tests.Data.HardwareDefinitionTests" name="GenerateParameters_ShouldCallGenerateDeviceParametersWithCorrectPrefix_WhenThereAreMetadataDevices" />
    </UnitTest>
    <UnitTest name="ReadXml_ShouldReadAltitude_WhenAltitudeIsPresent" storage="d:\actions-runner\_work\xpco\xpco\mip\platformplugin\videoos.platform\unittest\bin\debug\net472\videoos.platform.tests.dll" id="c975fa8d-6f04-08d0-8773-8610e8c13dbc">
      <Execution id="55690300-e3b5-426d-9065-dfde4d203901" />
      <TestMethod codeBase="D:\actions-runner\_work\XPCO\XPCO\MIP\PlatformPlugin\VideoOS.Platform\unittest\bin\Debug\net472\VideoOS.Platform.Tests.dll" adapterTypeName="executor://mstestadapter/v2" className="VideoOS.Platform.Tests.Metadata.NavigationalDataTests" name="ReadXml_ShouldReadAltitude_WhenAltitudeIsPresent" />
    </UnitTest>
    <UnitTest name="Serialize_TestCases (Verify root Enum property)" storage="d:\actions-runner\_work\xpco\xpco\mip\platformplugin\videoos.platform\unittest\bin\debug\net472\videoos.platform.tests.dll" id="20a57555-9cb1-ba41-e79f-7fc0c85fb0e9">
      <Execution id="bc60ff59-fa25-4578-b7e4-74837bfa74ca" />
      <TestMethod codeBase="D:\actions-runner\_work\XPCO\XPCO\MIP\PlatformPlugin\VideoOS.Platform\unittest\bin\Debug\net472\VideoOS.Platform.Tests.dll" adapterTypeName="executor://mstestadapter/v2" className="VideoOS.Platform.Tests.UI.Controls.Automation.Serialization.AutomationObjectSerializerTest" name="Serialize_TestCases" />
    </UnitTest>
    <UnitTest name="WriteXml_ShouldWriteClassCandidate_WhenThereIsOneClassCandidatePresent" storage="d:\actions-runner\_work\xpco\xpco\mip\platformplugin\videoos.platform\unittest\bin\debug\net472\videoos.platform.tests.dll" id="ff21f539-b1c4-45b1-9430-6096e4a5a3fd">
      <Execution id="6fb845d1-7f50-47ec-9c8c-81cbc6885311" />
      <TestMethod codeBase="D:\actions-runner\_work\XPCO\XPCO\MIP\PlatformPlugin\VideoOS.Platform\unittest\bin\Debug\net472\VideoOS.Platform.Tests.dll" adapterTypeName="executor://mstestadapter/v2" className="VideoOS.Platform.Tests.Metadata.OnvifClassTests" name="WriteXml_ShouldWriteClassCandidate_WhenThereIsOneClassCandidatePresent" />
    </UnitTest>
    <UnitTest name="SplitString_WhenEmptyOrSpaces2Levels_EmptyArray" storage="d:\actions-runner\_work\xpco\xpco\mip\platformplugin\videoos.platform\unittest\bin\debug\net472\videoos.platform.tests.dll" id="38b98b35-19bc-eb4b-75ab-937f6e63a097">
      <Execution id="fa8cb6b5-7b06-4438-a767-2b2bf63247f4" />
      <TestMethod codeBase="D:\actions-runner\_work\XPCO\XPCO\MIP\PlatformPlugin\VideoOS.Platform\unittest\bin\Debug\net472\VideoOS.Platform.Tests.dll" adapterTypeName="executor://mstestadapter/v2" className="VideoOS.Platform.Tests.Util.StringSplitterTests" name="SplitString_WhenEmptyOrSpaces2Levels_EmptyArray" />
    </UnitTest>
    <UnitTest name="WriteXml_ShouldOmitElements_WhenDataIsNotPresent" storage="d:\actions-runner\_work\xpco\xpco\mip\platformplugin\videoos.platform\unittest\bin\debug\net472\videoos.platform.tests.dll" id="3bd4e091-3cac-addc-1c5e-6f943e11b33f">
      <Execution id="d6c6490b-47c3-4b07-b3a1-d2b59d6ff8aa" />
      <TestMethod codeBase="D:\actions-runner\_work\XPCO\XPCO\MIP\PlatformPlugin\VideoOS.Platform\unittest\bin\Debug\net472\VideoOS.Platform.Tests.dll" adapterTypeName="executor://mstestadapter/v2" className="VideoOS.Platform.Tests.Metadata.FrameTests" name="WriteXml_ShouldOmitElements_WhenDataIsNotPresent" />
    </UnitTest>
    <UnitTest name="GenerateDeviceCapabilityParameters_ShouldWriteResolution_WhenAlways" storage="d:\actions-runner\_work\xpco\xpco\mip\platformplugin\videoos.platform\unittest\bin\debug\net472\videoos.platform.tests.dll" id="4cab5b13-e57d-d862-8721-f8c86a15bdbf">
      <Execution id="5a04fc36-4599-4e1e-8617-5c7383bac2fe" />
      <TestMethod codeBase="D:\actions-runner\_work\XPCO\XPCO\MIP\PlatformPlugin\VideoOS.Platform\unittest\bin\Debug\net472\VideoOS.Platform.Tests.dll" adapterTypeName="executor://mstestadapter/v2" className="VideoOS.Platform.Tests.Data.DataCapabilityTests" name="GenerateDeviceCapabilityParameters_ShouldWriteResolution_WhenAlways" />
    </UnitTest>
    <UnitTest name="Parse_Strings" storage="d:\actions-runner\_work\xpco\xpco\mip\platformplugin\videoos.platform\unittest\bin\debug\net472\videoos.platform.tests.dll" id="f408475e-6fb9-6a1c-14aa-10ca58ac105c">
      <Execution id="e2aeddb9-3690-40a7-a041-0ddd8dbb37f7" />
      <TestMethod codeBase="D:\actions-runner\_work\XPCO\XPCO\MIP\PlatformPlugin\VideoOS.Platform\unittest\bin\Debug\net472\VideoOS.Platform.Tests.dll" adapterTypeName="executor://mstestadapter/v2" className="VideoOS.Platform.Tests.Proxy.RestApi.JsonReaderTests" name="Parse_Strings" />
    </UnitTest>
    <UnitTest name="Minimize_ShouldReturnTwoIntervals_WhenListContainsTwoNonOverlappingIntervalsReversed" storage="d:\actions-runner\_work\xpco\xpco\mip\platformplugin\videoos.platform\unittest\bin\debug\net472\videoos.platform.tests.dll" id="9ef77c95-5283-32cc-e077-a32bcc727b45">
      <Execution id="8d58b1c7-8c90-4461-9204-f0dfe5bd9b3b" />
      <TestMethod codeBase="D:\actions-runner\_work\XPCO\XPCO\MIP\PlatformPlugin\VideoOS.Platform\unittest\bin\Debug\net472\VideoOS.Platform.Tests.dll" adapterTypeName="executor://mstestadapter/v2" className="VideoOS.Platform.Tests.Util.TimeIntervalTests" name="Minimize_ShouldReturnTwoIntervals_WhenListContainsTwoNonOverlappingIntervalsReversed" />
    </UnitTest>
    <UnitTest name="GetNearest_ShouldReturnNearestData_WhenTimestampIsInMiddleOfDataReturnedFromToolkit" storage="d:\actions-runner\_work\xpco\xpco\mip\platformplugin\videoos.platform\unittest\bin\debug\net472\videoos.platform.tests.dll" id="af3c7f95-5484-075f-8f9e-acca11c99bc5">
      <Execution id="38ed94cf-7ada-4354-8c11-094cd7291c37" />
      <TestMethod codeBase="D:\actions-runner\_work\XPCO\XPCO\MIP\PlatformPlugin\VideoOS.Platform\unittest\bin\Debug\net472\VideoOS.Platform.Tests.dll" adapterTypeName="executor://mstestadapter/v2" className="VideoOS.Platform.Tests.Data.MetadataPlaybackSourceTests" name="GetNearest_ShouldReturnNearestData_WhenTimestampIsInMiddleOfDataReturnedFromToolkit" />
    </UnitTest>
    <UnitTest name="WriteXml_ShouldWriteXAttribute_WhenPresent" storage="d:\actions-runner\_work\xpco\xpco\mip\platformplugin\videoos.platform\unittest\bin\debug\net472\videoos.platform.tests.dll" id="8f17e532-4f0a-9dfe-05e8-c96d494622ac">
      <Execution id="6c556189-8d4a-47a2-bbd6-6ccc29a97c1a" />
      <TestMethod codeBase="D:\actions-runner\_work\XPCO\XPCO\MIP\PlatformPlugin\VideoOS.Platform\unittest\bin\Debug\net472\VideoOS.Platform.Tests.dll" adapterTypeName="executor://mstestadapter/v2" className="VideoOS.Platform.Tests.Metadata.DisplayTextTests" name="WriteXml_ShouldWriteXAttribute_WhenPresent" />
    </UnitTest>
    <UnitTest name="BuildOverlayWidthHeightAnalyticsObjectListRuleList_ShouldReturnCorrectSizedBitmap" storage="d:\actions-runner\_work\xpco\xpco\mip\platformplugin\videoos.platform\unittest\bin\debug\net472\videoos.platform.tests.dll" id="1d1959e4-073b-7c9d-77de-ed348a6f7141">
      <Execution id="6a4f8574-9291-4d2b-b1eb-adc6043e2775" />
      <TestMethod codeBase="D:\actions-runner\_work\XPCO\XPCO\MIP\PlatformPlugin\VideoOS.Platform\unittest\bin\Debug\net472\VideoOS.Platform.Tests.dll" adapterTypeName="executor://mstestadapter/v2" className="VideoOS.Platform.Tests.Util.AnalyticsOverlayBuilderTests" name="BuildOverlayWidthHeightAnalyticsObjectListRuleList_ShouldReturnCorrectSizedBitmap" />
    </UnitTest>
    <UnitTest name="Serialize_TestCases (Verify root String (null) property get property value)" storage="d:\actions-runner\_work\xpco\xpco\mip\platformplugin\videoos.platform\unittest\bin\debug\net472\videoos.platform.tests.dll" id="c24157b1-3889-6460-0ff0-4d271e6b970c">
      <Execution id="0da8e9f3-834e-4aea-a7af-833b2106dd98" />
      <TestMethod codeBase="D:\actions-runner\_work\XPCO\XPCO\MIP\PlatformPlugin\VideoOS.Platform\unittest\bin\Debug\net472\VideoOS.Platform.Tests.dll" adapterTypeName="executor://mstestadapter/v2" className="VideoOS.Platform.Tests.UI.Controls.Automation.Serialization.AutomationObjectSerializerTest" name="Serialize_TestCases" />
    </UnitTest>
    <UnitTest name="Remove_ShouldInvokeCallback_WhenObservable" storage="d:\actions-runner\_work\xpco\xpco\mip\platformplugin\videoos.platform\unittest\bin\debug\net472\videoos.platform.tests.dll" id="a357cf6c-ef79-7a61-f86c-3c3cf29677ef">
      <Execution id="56b64c54-0312-4ad6-a504-0f3ddb5e0ee5" />
      <TestMethod codeBase="D:\actions-runner\_work\XPCO\XPCO\MIP\PlatformPlugin\VideoOS.Platform\unittest\bin\Debug\net472\VideoOS.Platform.Tests.dll" adapterTypeName="executor://mstestadapter/v2" className="VideoOS.Platform.Tests.UI.Controls.CollectionHelperGenericTest" name="Remove_ShouldInvokeCallback_WhenObservable" />
    </UnitTest>
    <UnitTest name="Clone_Camera_Checked" storage="d:\actions-runner\_work\xpco\xpco\mip\platformplugin\videoos.platform\unittest\bin\debug\net472\videoos.platform.tests.dll" id="87dedebf-9e1e-bd2e-7ee4-397e89dac510">
      <Execution id="6bf38706-db1e-4d30-8536-430d118beab4" />
      <TestMethod codeBase="D:\actions-runner\_work\XPCO\XPCO\MIP\PlatformPlugin\VideoOS.Platform\unittest\bin\Debug\net472\VideoOS.Platform.Tests.dll" adapterTypeName="executor://mstestadapter/v2" className="VideoOS.Platform.Tests.FQIDtests" name="Clone_Camera_Checked" />
    </UnitTest>
    <UnitTest name="MatchId_Fail_MessageWithAsteriskAtBegin" storage="d:\actions-runner\_work\xpco\xpco\mip\platformplugin\videoos.platform\unittest\bin\debug\net472\videoos.platform.tests.dll" id="f9dae8a6-1410-fa92-4089-639221dba286">
      <Execution id="5ff1d026-4719-4474-b386-eea740ecf07a" />
      <TestMethod codeBase="D:\actions-runner\_work\XPCO\XPCO\MIP\PlatformPlugin\VideoOS.Platform\unittest\bin\Debug\net472\VideoOS.Platform.Tests.dll" adapterTypeName="executor://mstestadapter/v2" className="VideoOS.Platform.Tests.Messaging.CommunicationIdFilterTests" name="MatchId_Fail_MessageWithAsteriskAtBegin" />
    </UnitTest>
    <UnitTest name="SetChildren_UnKnown_Check" storage="d:\actions-runner\_work\xpco\xpco\mip\platformplugin\videoos.platform\unittest\bin\debug\net472\videoos.platform.tests.dll" id="2de77298-4b39-f702-f7c5-8b8c0ceb02ec">
      <Execution id="ef603e4c-5703-452b-a6f4-7b4a18a22013" />
      <TestMethod codeBase="D:\actions-runner\_work\XPCO\XPCO\MIP\PlatformPlugin\VideoOS.Platform\unittest\bin\Debug\net472\VideoOS.Platform.Tests.dll" adapterTypeName="executor://mstestadapter/v2" className="VideoOS.Platform.Tests.ItemTests" name="SetChildren_UnKnown_Check" />
    </UnitTest>
    <UnitTest name="TryParseArgbString_ShouldReturnFalse_WhenStringIsContainsNotHexChars" storage="d:\actions-runner\_work\xpco\xpco\mip\platformplugin\videoos.platform\unittest\bin\debug\net472\videoos.platform.tests.dll" id="5a6033d0-8674-1383-5d73-0621497569cb">
      <Execution id="c15b3ef8-ef39-44d5-a6f7-f956c602220a" />
      <TestMethod codeBase="D:\actions-runner\_work\XPCO\XPCO\MIP\PlatformPlugin\VideoOS.Platform\unittest\bin\Debug\net472\VideoOS.Platform.Tests.dll" adapterTypeName="executor://mstestadapter/v2" className="VideoOS.Platform.Tests.Metadata.DisplayColorTests" name="TryParseArgbString_ShouldReturnFalse_WhenStringIsContainsNotHexChars" />
    </UnitTest>
    <UnitTest name="GetPrevious_ShouldReturnEntryBeforeLastReturnedEntry_WhenFindCacheEntryAfterWasCalledAndThereIsAPreviousEntry" storage="d:\actions-runner\_work\xpco\xpco\mip\platformplugin\videoos.platform\unittest\bin\debug\net472\videoos.platform.tests.dll" id="92fdd030-3856-bf25-d99c-4aebc9a73c44">
      <Execution id="d448ff00-51e3-4afc-836c-271756151597" />
      <TestMethod codeBase="D:\actions-runner\_work\XPCO\XPCO\MIP\PlatformPlugin\VideoOS.Platform\unittest\bin\Debug\net472\VideoOS.Platform.Tests.dll" adapterTypeName="executor://mstestadapter/v2" className="VideoOS.Platform.Tests.Data.MetadataCacheTests" name="GetPrevious_ShouldReturnEntryBeforeLastReturnedEntry_WhenFindCacheEntryAfterWasCalledAndThereIsAPreviousEntry" />
    </UnitTest>
    <UnitTest name="ReadXml_ShouldReadVersion_WhenVersionIsPresent" storage="d:\actions-runner\_work\xpco\xpco\mip\platformplugin\videoos.platform\unittest\bin\debug\net472\videoos.platform.tests.dll" id="32528e28-da07-7f33-5050-a43afc1898ef">
      <Execution id="b8acd28b-3eb9-432d-9f05-b25852d7fb4f" />
      <TestMethod codeBase="D:\actions-runner\_work\XPCO\XPCO\MIP\PlatformPlugin\VideoOS.Platform\unittest\bin\Debug\net472\VideoOS.Platform.Tests.dll" adapterTypeName="executor://mstestadapter/v2" className="VideoOS.Platform.Tests.Metadata.NavigationalDataTests" name="ReadXml_ShouldReadVersion_WhenVersionIsPresent" />
    </UnitTest>
    <UnitTest name="Equals_ShouldHaveValueSemantics_WhenAlways" storage="d:\actions-runner\_work\xpco\xpco\mip\platformplugin\videoos.platform\unittest\bin\debug\net472\videoos.platform.tests.dll" id="b95a0169-81da-1ad7-baaf-9682207c1cd6">
      <Execution id="4fb44448-123d-431e-8dee-eac0ac65327b" />
      <TestMethod codeBase="D:\actions-runner\_work\XPCO\XPCO\MIP\PlatformPlugin\VideoOS.Platform\unittest\bin\Debug\net472\VideoOS.Platform.Tests.dll" adapterTypeName="executor://mstestadapter/v2" className="VideoOS.Platform.Tests.Metadata.OnvifObjectTests" name="Equals_ShouldHaveValueSemantics_WhenAlways" />
    </UnitTest>
    <UnitTest name="WriteXml_ShouldWriteAppearanceContents_WhenAppearanceIsNotNull" storage="d:\actions-runner\_work\xpco\xpco\mip\platformplugin\videoos.platform\unittest\bin\debug\net472\videoos.platform.tests.dll" id="844dbd09-3e1b-ba6e-1295-725984dabbdb">
      <Execution id="d440fa2e-2bb5-4011-ae37-c290bb7f6af2" />
      <TestMethod codeBase="D:\actions-runner\_work\XPCO\XPCO\MIP\PlatformPlugin\VideoOS.Platform\unittest\bin\Debug\net472\VideoOS.Platform.Tests.dll" adapterTypeName="executor://mstestadapter/v2" className="VideoOS.Platform.Tests.Metadata.OnvifObjectTests" name="WriteXml_ShouldWriteAppearanceContents_WhenAppearanceIsNotNull" />
    </UnitTest>
    <UnitTest name="GetCompatibilityHandler_ShouldReturnNonFips_WhenCallingPreFipsSystem" storage="d:\actions-runner\_work\xpco\xpco\mip\platformplugin\videoos.platform\unittest\bin\debug\net472\videoos.platform.tests.dll" id="a13f15c8-7c1b-75e6-115a-2f9c84e9fa5f">
      <Execution id="e3f7250e-af07-4b1c-bb4e-f464a19b5ce2" />
      <TestMethod codeBase="D:\actions-runner\_work\XPCO\XPCO\MIP\PlatformPlugin\VideoOS.Platform\unittest\bin\Debug\net472\VideoOS.Platform.Tests.dll" adapterTypeName="executor://mstestadapter/v2" className="VideoOS.Platform.Tests.License.LicenseManagerTests" name="GetCompatibilityHandler_ShouldReturnNonFips_WhenCallingPreFipsSystem" />
    </UnitTest>
    <UnitTest name="GetBoundingShapesAsync_MultipleInvocationsPerTime_DelegatedToInternalMethodOnlyOncePerTime" storage="d:\actions-runner\_work\xpco\xpco\mip\platformplugin\videoos.platform\unittest\bin\debug\net472\videoos.platform.tests.dll" id="9f7143c5-f21b-a4cb-b62f-d856a6e8e1f7">
      <TestCategory>
        <TestCategoryItem TestCategory="Search" />
      </TestCategory>
      <Execution id="73d4abf1-01ce-441c-a5bf-e5ec0e2f20bd" />
      <TestMethod codeBase="D:\actions-runner\_work\XPCO\XPCO\MIP\PlatformPlugin\VideoOS.Platform\unittest\bin\Debug\net472\VideoOS.Platform.Tests.dll" adapterTypeName="executor://mstestadapter/v2" className="VideoOS.Platform.Tests.Search.SearchResultDataTest" name="GetBoundingShapesAsync_MultipleInvocationsPerTime_DelegatedToInternalMethodOnlyOncePerTime" />
    </UnitTest>
    <UnitTest name="IsVisibleCallback_OnlyAllowedItemsVisible" storage="d:\actions-runner\_work\xpco\xpco\mip\platformplugin\videoos.platform\unittest\bin\debug\net472\videoos.platform.tests.dll" id="0fbf3694-a7c3-3fef-5348-e45949735e92">
      <Execution id="db2e55c7-1f95-4e7f-9cc6-5b94eb0aa85b" />
      <TestMethod codeBase="D:\actions-runner\_work\XPCO\XPCO\MIP\PlatformPlugin\VideoOS.Platform\unittest\bin\Debug\net472\VideoOS.Platform.Tests.dll" adapterTypeName="executor://mstestadapter/v2" className="VideoOS.Platform.Tests.UI.ItemPicker.PopulateThreadTest" name="IsVisibleCallback_OnlyAllowedItemsVisible" />
    </UnitTest>
    <UnitTest name="TryParseArgbString_ShouldReturnFalse_WhenStringIsMissingStartHash" storage="d:\actions-runner\_work\xpco\xpco\mip\platformplugin\videoos.platform\unittest\bin\debug\net472\videoos.platform.tests.dll" id="ebfe7877-f55a-fab7-3a7d-8cf9c4a15098">
      <Execution id="ae566809-19f4-43c7-9fde-11f84084ab60" />
      <TestMethod codeBase="D:\actions-runner\_work\XPCO\XPCO\MIP\PlatformPlugin\VideoOS.Platform\unittest\bin\Debug\net472\VideoOS.Platform.Tests.dll" adapterTypeName="executor://mstestadapter/v2" className="VideoOS.Platform.Tests.Metadata.DisplayColorTests" name="TryParseArgbString_ShouldReturnFalse_WhenStringIsMissingStartHash" />
    </UnitTest>
    <UnitTest name="Parse_Double_Invalid_end" storage="d:\actions-runner\_work\xpco\xpco\mip\platformplugin\videoos.platform\unittest\bin\debug\net472\videoos.platform.tests.dll" id="cad83f52-1e7f-4b34-02e2-b7d439893234">
      <Execution id="a7be2469-f404-485e-afa5-e04b100fcf1f" />
      <TestMethod codeBase="D:\actions-runner\_work\XPCO\XPCO\MIP\PlatformPlugin\VideoOS.Platform\unittest\bin\Debug\net472\VideoOS.Platform.Tests.dll" adapterTypeName="executor://mstestadapter/v2" className="VideoOS.Platform.Tests.Proxy.RestApi.JsonReaderTests" name="Parse_Double_Invalid_end" />
    </UnitTest>
    <UnitTest name="ReadXml_ShouldReadTranslateContents_WhenTranslateIsPresent" storage="d:\actions-runner\_work\xpco\xpco\mip\platformplugin\videoos.platform\unittest\bin\debug\net472\videoos.platform.tests.dll" id="c0fdb5a9-d6d3-7bbe-3d81-a946d84b5551">
      <Execution id="78b422ec-4416-4496-a3e5-36b2f1abee42" />
      <TestMethod codeBase="D:\actions-runner\_work\XPCO\XPCO\MIP\PlatformPlugin\VideoOS.Platform\unittest\bin\Debug\net472\VideoOS.Platform.Tests.dll" adapterTypeName="executor://mstestadapter/v2" className="VideoOS.Platform.Tests.Metadata.TransformationTests" name="ReadXml_ShouldReadTranslateContents_WhenTranslateIsPresent" />
    </UnitTest>
    <UnitTest name="Minimize_ShouldReturnOneInterval_WhenListContainsTwoOverlappingIntervalsAndOneIncludesTheOtherReversed" storage="d:\actions-runner\_work\xpco\xpco\mip\platformplugin\videoos.platform\unittest\bin\debug\net472\videoos.platform.tests.dll" id="b5bea1ce-3302-3d5c-c970-5439c8ce2d20">
      <Execution id="be20a5b2-598d-4cd1-ac77-469eb9499eec" />
      <TestMethod codeBase="D:\actions-runner\_work\XPCO\XPCO\MIP\PlatformPlugin\VideoOS.Platform\unittest\bin\Debug\net472\VideoOS.Platform.Tests.dll" adapterTypeName="executor://mstestadapter/v2" className="VideoOS.Platform.Tests.Util.TimeIntervalTests" name="Minimize_ShouldReturnOneInterval_WhenListContainsTwoOverlappingIntervalsAndOneIncludesTheOtherReversed" />
    </UnitTest>
    <UnitTest name="FindCacheEntryAfter_ShuldReturnNull_WhenTheCacheIsEmpty" storage="d:\actions-runner\_work\xpco\xpco\mip\platformplugin\videoos.platform\unittest\bin\debug\net472\videoos.platform.tests.dll" id="a1e9cff9-0f40-6b4c-39ab-33d20cd8c823">
      <Execution id="4110984d-d6df-4c17-90a7-2028ffceb458" />
      <TestMethod codeBase="D:\actions-runner\_work\XPCO\XPCO\MIP\PlatformPlugin\VideoOS.Platform\unittest\bin\Debug\net472\VideoOS.Platform.Tests.dll" adapterTypeName="executor://mstestadapter/v2" className="VideoOS.Platform.Tests.Data.MetadataCacheTests" name="FindCacheEntryAfter_ShuldReturnNull_WhenTheCacheIsEmpty" />
    </UnitTest>
    <UnitTest name="Equals_ShouldHaveValueSemantics_WhenAlways" storage="d:\actions-runner\_work\xpco\xpco\mip\platformplugin\videoos.platform\unittest\bin\debug\net472\videoos.platform.tests.dll" id="87294391-1825-1ce5-7f19-56b62f49e8c1">
      <Execution id="57aeb5e7-a28a-4f71-8389-2cf1b3aef7a8" />
      <TestMethod codeBase="D:\actions-runner\_work\XPCO\XPCO\MIP\PlatformPlugin\VideoOS.Platform\unittest\bin\Debug\net472\VideoOS.Platform.Tests.dll" adapterTypeName="executor://mstestadapter/v2" className="VideoOS.Platform.Tests.Metadata.AppearanceTests" name="Equals_ShouldHaveValueSemantics_WhenAlways" />
    </UnitTest>
    <UnitTest name="OverlapsWith_ShouldReturnFalse_WhenArgumentEndTimeIsBeforeStartTime" storage="d:\actions-runner\_work\xpco\xpco\mip\platformplugin\videoos.platform\unittest\bin\debug\net472\videoos.platform.tests.dll" id="397c15b6-197a-94bc-9677-ba909165fd0f">
      <Execution id="cf1311e1-c7d3-401a-9b18-e5aff5ca035f" />
      <TestMethod codeBase="D:\actions-runner\_work\XPCO\XPCO\MIP\PlatformPlugin\VideoOS.Platform\unittest\bin\Debug\net472\VideoOS.Platform.Tests.dll" adapterTypeName="executor://mstestadapter/v2" className="VideoOS.Platform.Tests.Util.TimeIntervalTests" name="OverlapsWith_ShouldReturnFalse_WhenArgumentEndTimeIsBeforeStartTime" />
    </UnitTest>
    <UnitTest name="NavigationalData_ShouldReturnNull_WhenXmlDidNotContainNavigationalData" storage="d:\actions-runner\_work\xpco\xpco\mip\platformplugin\videoos.platform\unittest\bin\debug\net472\videoos.platform.tests.dll" id="2339c643-1a37-d25a-2a23-49039f375c2c">
      <Execution id="ce48322d-48d0-4fff-b54f-d1eee16b5420" />
      <TestMethod codeBase="D:\actions-runner\_work\XPCO\XPCO\MIP\PlatformPlugin\VideoOS.Platform\unittest\bin\Debug\net472\VideoOS.Platform.Tests.dll" adapterTypeName="executor://mstestadapter/v2" className="VideoOS.Platform.Tests.Metadata.MetadataStreamTests" name="NavigationalData_ShouldReturnNull_WhenXmlDidNotContainNavigationalData" />
    </UnitTest>
    <UnitTest name="Equals_ShouldHaveValueSemantics_WhenAlways" storage="d:\actions-runner\_work\xpco\xpco\mip\platformplugin\videoos.platform\unittest\bin\debug\net472\videoos.platform.tests.dll" id="5efa66e3-2c27-3f3b-d94f-51396a42e8dd">
      <Execution id="28449d07-87b6-405a-92c8-9530842e7e19" />
      <TestMethod codeBase="D:\actions-runner\_work\XPCO\XPCO\MIP\PlatformPlugin\VideoOS.Platform\unittest\bin\Debug\net472\VideoOS.Platform.Tests.dll" adapterTypeName="executor://mstestadapter/v2" className="VideoOS.Platform.Tests.Metadata.ShapeTests" name="Equals_ShouldHaveValueSemantics_WhenAlways" />
    </UnitTest>
    <UnitTest name="GenerateParameters_ShouldWriteCodecListWithAllGivenCodecs_WhenCodecSetHasEntries" storage="d:\actions-runner\_work\xpco\xpco\mip\platformplugin\videoos.platform\unittest\bin\debug\net472\videoos.platform.tests.dll" id="cb701829-9c23-dcf0-e438-8208a51f3dd4">
      <Execution id="3d608cab-a933-4a38-b1a1-845141e33f73" />
      <TestMethod codeBase="D:\actions-runner\_work\XPCO\XPCO\MIP\PlatformPlugin\VideoOS.Platform\unittest\bin\Debug\net472\VideoOS.Platform.Tests.dll" adapterTypeName="executor://mstestadapter/v2" className="VideoOS.Platform.Tests.Data.CameraDeviceDefinitionTests" name="GenerateParameters_ShouldWriteCodecListWithAllGivenCodecs_WhenCodecSetHasEntries" />
    </UnitTest>
    <UnitTest name="WriteXml_ShouldWriteAllVideoAnalytics_WhenThereAreMultipleVideoAnalyticsItemsPresent" storage="d:\actions-runner\_work\xpco\xpco\mip\platformplugin\videoos.platform\unittest\bin\debug\net472\videoos.platform.tests.dll" id="a32877bc-9b7f-e906-c5f0-bd91b67c99a7">
      <Execution id="98d5faf8-b64b-4518-abd6-d79b90f908ee" />
      <TestMethod codeBase="D:\actions-runner\_work\XPCO\XPCO\MIP\PlatformPlugin\VideoOS.Platform\unittest\bin\Debug\net472\VideoOS.Platform.Tests.dll" adapterTypeName="executor://mstestadapter/v2" className="VideoOS.Platform.Tests.Metadata.MetadataStreamTests" name="WriteXml_ShouldWriteAllVideoAnalytics_WhenThereAreMultipleVideoAnalyticsItemsPresent" />
    </UnitTest>
    <UnitTest name="GetBegin_ShouldReturnFirstMetadataContent_WhenThereIsData" storage="d:\actions-runner\_work\xpco\xpco\mip\platformplugin\videoos.platform\unittest\bin\debug\net472\videoos.platform.tests.dll" id="f11fb068-5020-6fdd-64d4-9eae97e7b7c3">
      <Execution id="647d51e1-4384-414e-b61f-06fd3c2f4c44" />
      <TestMethod codeBase="D:\actions-runner\_work\XPCO\XPCO\MIP\PlatformPlugin\VideoOS.Platform\unittest\bin\Debug\net472\VideoOS.Platform.Tests.dll" adapterTypeName="executor://mstestadapter/v2" className="VideoOS.Platform.Tests.Data.MetadataPlaybackSourceTests" name="GetBegin_ShouldReturnFirstMetadataContent_WhenThereIsData" />
    </UnitTest>
    <UnitTest name="Serialize_TestCases (Verify root Generic (not null) property get property value)" storage="d:\actions-runner\_work\xpco\xpco\mip\platformplugin\videoos.platform\unittest\bin\debug\net472\videoos.platform.tests.dll" id="76e3efce-d93e-9a75-4b2c-e3e683f528b6">
      <Execution id="75840eb3-3b28-472f-a0f1-65d2ec676b9e" />
      <TestMethod codeBase="D:\actions-runner\_work\XPCO\XPCO\MIP\PlatformPlugin\VideoOS.Platform\unittest\bin\Debug\net472\VideoOS.Platform.Tests.dll" adapterTypeName="executor://mstestadapter/v2" className="VideoOS.Platform.Tests.UI.Controls.Automation.Serialization.AutomationObjectSerializerTest" name="Serialize_TestCases" />
    </UnitTest>
    <UnitTest name="GetCompatibilityHandler_ShouldThrownMIPException_WhenLoginSettingsCannotBeRetrieved" storage="d:\actions-runner\_work\xpco\xpco\mip\platformplugin\videoos.platform\unittest\bin\debug\net472\videoos.platform.tests.dll" id="0a9c2a64-10d3-ab1b-bf1d-557005ecb79f">
      <Execution id="7a6aa2ec-ffb6-4ea0-88ad-362f5284cc5f" />
      <TestMethod codeBase="D:\actions-runner\_work\XPCO\XPCO\MIP\PlatformPlugin\VideoOS.Platform\unittest\bin\Debug\net472\VideoOS.Platform.Tests.dll" adapterTypeName="executor://mstestadapter/v2" className="VideoOS.Platform.Tests.License.LicenseManagerTests" name="GetCompatibilityHandler_ShouldThrownMIPException_WhenLoginSettingsCannotBeRetrieved" />
    </UnitTest>
    <UnitTest name="Equals_ShouldReturnTrue_WhenHostDifferOnlyByProtocol" storage="d:\actions-runner\_work\xpco\xpco\mip\platformplugin\videoos.platform\unittest\bin\debug\net472\videoos.platform.tests.dll" id="12453e35-9e6c-1895-86bb-d53b925cb8c9">
      <Execution id="1be6568f-a8d9-4640-a46d-3770a9eb7e37" />
      <TestMethod codeBase="D:\actions-runner\_work\XPCO\XPCO\MIP\PlatformPlugin\VideoOS.Platform\unittest\bin\Debug\net472\VideoOS.Platform.Tests.dll" adapterTypeName="executor://mstestadapter/v2" className="VideoOS.Platform.Tests.ServerIdTests" name="Equals_ShouldReturnTrue_WhenHostDifferOnlyByProtocol" />
    </UnitTest>
    <UnitTest name="Serialize_ShouldThrowException_WhenPropertyIsSimpleTypeButPathContainsChildren (DecimalProperty)" storage="d:\actions-runner\_work\xpco\xpco\mip\platformplugin\videoos.platform\unittest\bin\debug\net472\videoos.platform.tests.dll" id="1fb7df82-265a-5de3-47da-778b7185a628">
      <Execution id="600e76f0-107d-44e4-9fa1-1915c7640619" />
      <TestMethod codeBase="D:\actions-runner\_work\XPCO\XPCO\MIP\PlatformPlugin\VideoOS.Platform\unittest\bin\Debug\net472\VideoOS.Platform.Tests.dll" adapterTypeName="executor://mstestadapter/v2" className="VideoOS.Platform.Tests.UI.Controls.Automation.Serialization.AutomationObjectSerializerTest" name="Serialize_ShouldThrowException_WhenPropertyIsSimpleTypeButPathContainsChildren" />
    </UnitTest>
    <UnitTest name="GetEnd_ShouldReturnNull_WhenThereIsNoData" storage="d:\actions-runner\_work\xpco\xpco\mip\platformplugin\videoos.platform\unittest\bin\debug\net472\videoos.platform.tests.dll" id="a8ce85fe-814a-271d-72cd-32e52ea1acce">
      <Execution id="e6d8dd79-0155-474e-b324-37c9ac5960a8" />
      <TestMethod codeBase="D:\actions-runner\_work\XPCO\XPCO\MIP\PlatformPlugin\VideoOS.Platform\unittest\bin\Debug\net472\VideoOS.Platform.Tests.dll" adapterTypeName="executor://mstestadapter/v2" className="VideoOS.Platform.Tests.Data.MetadataPlaybackSourceTests" name="GetEnd_ShouldReturnNull_WhenThereIsNoData" />
    </UnitTest>
    <UnitTest name="WriteXml_ShouldWriteAllObjects_WhenThereAreMultipleObjectsPresent" storage="d:\actions-runner\_work\xpco\xpco\mip\platformplugin\videoos.platform\unittest\bin\debug\net472\videoos.platform.tests.dll" id="6b8d7eb7-6306-1854-531e-9df54451cb92">
      <Execution id="ccec855e-8c1e-46cf-8d0f-f659c0494597" />
      <TestMethod codeBase="D:\actions-runner\_work\XPCO\XPCO\MIP\PlatformPlugin\VideoOS.Platform\unittest\bin\Debug\net472\VideoOS.Platform.Tests.dll" adapterTypeName="executor://mstestadapter/v2" className="VideoOS.Platform.Tests.Metadata.FrameTests" name="WriteXml_ShouldWriteAllObjects_WhenThereAreMultipleObjectsPresent" />
    </UnitTest>
    <UnitTest name="ReadXml_ShouldLogWarningTwiceWhenMoreThanOneMinuteBetweenWarnings_WhenRequiredAttributeIsMissing" storage="d:\actions-runner\_work\xpco\xpco\mip\platformplugin\videoos.platform\unittest\bin\debug\net472\videoos.platform.tests.dll" id="a513f6d4-cac8-7139-d5eb-18e28868b5e3">
      <Execution id="761eb7df-0861-459f-918f-9e7d010c1b85" />
      <TestMethod codeBase="D:\actions-runner\_work\XPCO\XPCO\MIP\PlatformPlugin\VideoOS.Platform\unittest\bin\Debug\net472\VideoOS.Platform.Tests.dll" adapterTypeName="executor://mstestadapter/v2" className="VideoOS.Platform.Tests.Metadata.FrameTests" name="ReadXml_ShouldLogWarningTwiceWhenMoreThanOneMinuteBetweenWarnings_WhenRequiredAttributeIsMissing" />
    </UnitTest>
    <UnitTest name="GenerateEnumValueParameters_ShouldWriteId_WhenAlways" storage="d:\actions-runner\_work\xpco\xpco\mip\platformplugin\videoos.platform\unittest\bin\debug\net472\videoos.platform.tests.dll" id="1bb65b8b-a8a2-1654-89b4-e0a9b34ce5a7">
      <Execution id="c39b7acd-b9a0-4324-9cc2-68f988c75ab6" />
      <TestMethod codeBase="D:\actions-runner\_work\XPCO\XPCO\MIP\PlatformPlugin\VideoOS.Platform\unittest\bin\Debug\net472\VideoOS.Platform.Tests.dll" adapterTypeName="executor://mstestadapter/v2" className="VideoOS.Platform.Tests.Data.EnumCapabilityValueTests" name="GenerateEnumValueParameters_ShouldWriteId_WhenAlways" />
    </UnitTest>
    <UnitTest name="ReadXml_ShouldSetAllPropertiesToZero_WhenElementIsEmpty" storage="d:\actions-runner\_work\xpco\xpco\mip\platformplugin\videoos.platform\unittest\bin\debug\net472\videoos.platform.tests.dll" id="d398ef55-2762-6fec-9ad2-1f14cb2a9d60">
      <Execution id="44684421-5bbf-448c-a3e6-acaadb806fef" />
      <TestMethod codeBase="D:\actions-runner\_work\XPCO\XPCO\MIP\PlatformPlugin\VideoOS.Platform\unittest\bin\Debug\net472\VideoOS.Platform.Tests.dll" adapterTypeName="executor://mstestadapter/v2" className="VideoOS.Platform.Tests.Metadata.DisplayTextTests" name="ReadXml_ShouldSetAllPropertiesToZero_WhenElementIsEmpty" />
    </UnitTest>
    <UnitTest name="Serialize_TestCases (TestParentTypeMatchStringThisTypeNotMatched)" storage="d:\actions-runner\_work\xpco\xpco\mip\platformplugin\videoos.platform\unittest\bin\debug\net472\videoos.platform.tests.dll" id="4f71e5f9-12a6-0f01-a280-c78b7d7b307a">
      <Execution id="f18bdaa8-164f-46c4-adc2-91391f932e41" />
      <TestMethod codeBase="D:\actions-runner\_work\XPCO\XPCO\MIP\PlatformPlugin\VideoOS.Platform\unittest\bin\Debug\net472\VideoOS.Platform.Tests.dll" adapterTypeName="executor://mstestadapter/v2" className="VideoOS.Platform.Tests.UI.Controls.Automation.Serialization.AutomationObjectSerializerTest" name="Serialize_TestCases" />
    </UnitTest>
    <UnitTest name="GenerateDeviceCapabilityParameters_ShouldWriteTypeId_WhenAlways" storage="d:\actions-runner\_work\xpco\xpco\mip\platformplugin\videoos.platform\unittest\bin\debug\net472\videoos.platform.tests.dll" id="440fa337-372a-ba98-a915-98a687b17d8a">
      <Execution id="b0b33932-e935-4470-a7e5-fa8ca05bd30e" />
      <TestMethod codeBase="D:\actions-runner\_work\XPCO\XPCO\MIP\PlatformPlugin\VideoOS.Platform\unittest\bin\Debug\net472\VideoOS.Platform.Tests.dll" adapterTypeName="executor://mstestadapter/v2" className="VideoOS.Platform.Tests.Data.MetadataDeviceCapabilityTests" name="GenerateDeviceCapabilityParameters_ShouldWriteTypeId_WhenAlways" />
    </UnitTest>
    <UnitTest name="CountByItems_NotActivated_Trial" storage="d:\actions-runner\_work\xpco\xpco\mip\platformplugin\videoos.platform\unittest\bin\debug\net472\videoos.platform.tests.dll" id="19b10478-a96f-f7e7-c2b8-f210ce21c3d4">
      <Execution id="0343000a-cb74-403c-b18b-f19eea0dc7ab" />
      <TestMethod codeBase="D:\actions-runner\_work\XPCO\XPCO\MIP\PlatformPlugin\VideoOS.Platform\unittest\bin\Debug\net472\VideoOS.Platform.Tests.dll" adapterTypeName="executor://mstestadapter/v2" className="VideoOS.Platform.Tests.License.ResolvedLicenseCountTest" name="CountByItems_NotActivated_Trial" />
    </UnitTest>
    <UnitTest name="CountByCounter_NotActivated_Missing" storage="d:\actions-runner\_work\xpco\xpco\mip\platformplugin\videoos.platform\unittest\bin\debug\net472\videoos.platform.tests.dll" id="1bdc0970-713b-d043-8222-8dccac91ab64">
      <Execution id="9c881e33-0413-45b1-aae5-2ba8c0754c2f" />
      <TestMethod codeBase="D:\actions-runner\_work\XPCO\XPCO\MIP\PlatformPlugin\VideoOS.Platform\unittest\bin\Debug\net472\VideoOS.Platform.Tests.dll" adapterTypeName="executor://mstestadapter/v2" className="VideoOS.Platform.Tests.License.ResolvedLicenseCountTest" name="CountByCounter_NotActivated_Missing" />
    </UnitTest>
    <UnitTest name="TestStartSearch_WithoutSortOrder_Success" storage="d:\actions-runner\_work\xpco\xpco\mip\platformplugin\videoos.platform\unittest\bin\debug\net472\videoos.platform.tests.dll" id="1efc39b0-1d4c-64ee-c593-37f0c14e8022">
      <TestCategory>
        <TestCategoryItem TestCategory="Search" />
      </TestCategory>
      <Execution id="79baa2a7-16dd-4667-8da6-0f73bf61b6e3" />
      <TestMethod codeBase="D:\actions-runner\_work\XPCO\XPCO\MIP\PlatformPlugin\VideoOS.Platform\unittest\bin\Debug\net472\VideoOS.Platform.Tests.dll" adapterTypeName="executor://mstestadapter/v2" className="VideoOS.Platform.Tests.Search.SearchManagerTest" name="TestStartSearch_WithoutSortOrder_Success" />
    </UnitTest>
    <UnitTest name="ReadXml_ShouldReadLikeliHood_WhenCorrectLikelihoodIsPresent" storage="d:\actions-runner\_work\xpco\xpco\mip\platformplugin\videoos.platform\unittest\bin\debug\net472\videoos.platform.tests.dll" id="e752bd23-b6f4-f8a1-41d2-4686827d5d3c">
      <Execution id="6f01a732-b6af-40ca-8435-6d16baa7d3ba" />
      <TestMethod codeBase="D:\actions-runner\_work\XPCO\XPCO\MIP\PlatformPlugin\VideoOS.Platform\unittest\bin\Debug\net472\VideoOS.Platform.Tests.dll" adapterTypeName="executor://mstestadapter/v2" className="VideoOS.Platform.Tests.Metadata.ClassCandidateTests" name="ReadXml_ShouldReadLikeliHood_WhenCorrectLikelihoodIsPresent" />
    </UnitTest>
    <UnitTest name="ToJson_IntElement_Exception" storage="d:\actions-runner\_work\xpco\xpco\mip\platformplugin\videoos.platform\unittest\bin\debug\net472\videoos.platform.tests.dll" id="79ed88f2-f433-a4e4-a0f7-7ec8b906db54">
      <Execution id="d890676b-a553-4f3b-a35b-0b6a98029d52" />
      <TestMethod codeBase="D:\actions-runner\_work\XPCO\XPCO\MIP\PlatformPlugin\VideoOS.Platform\unittest\bin\Debug\net472\VideoOS.Platform.Tests.dll" adapterTypeName="executor://mstestadapter/v2" className="VideoOS.Platform.Tests.Proxy.RestApi.JsonReaderTests" name="ToJson_IntElement_Exception" />
    </UnitTest>
    <UnitTest name="Serialize_ShouldHandleRecursiveCollection" storage="d:\actions-runner\_work\xpco\xpco\mip\platformplugin\videoos.platform\unittest\bin\debug\net472\videoos.platform.tests.dll" id="ed293078-f25c-eb2e-8912-33515871c1a2">
      <Execution id="7c786645-766e-466e-9fa1-b43811ac44a4" />
      <TestMethod codeBase="D:\actions-runner\_work\XPCO\XPCO\MIP\PlatformPlugin\VideoOS.Platform\unittest\bin\Debug\net472\VideoOS.Platform.Tests.dll" adapterTypeName="executor://mstestadapter/v2" className="VideoOS.Platform.Tests.UI.Controls.Automation.Serialization.AutomationObjectSerializerRecursionTests" name="Serialize_ShouldHandleRecursiveCollection" />
    </UnitTest>
    <UnitTest name="Contains_Not_Found" storage="d:\actions-runner\_work\xpco\xpco\mip\platformplugin\videoos.platform\unittest\bin\debug\net472\videoos.platform.tests.dll" id="fa078946-dda0-6ffb-816c-44fe3d4e229d">
      <Execution id="cbcff0eb-6206-4f4d-8a21-ef269d2a9613" />
      <TestMethod codeBase="D:\actions-runner\_work\XPCO\XPCO\MIP\PlatformPlugin\VideoOS.Platform\unittest\bin\Debug\net472\VideoOS.Platform.Tests.dll" adapterTypeName="executor://mstestadapter/v2" className="VideoOS.Platform.Tests.ItemTests" name="Contains_Not_Found" />
    </UnitTest>
    <UnitTest name="GetCompatibilityHandler_ShouldReturnFips_WhenCalledFromManagementClient" storage="d:\actions-runner\_work\xpco\xpco\mip\platformplugin\videoos.platform\unittest\bin\debug\net472\videoos.platform.tests.dll" id="27c1e810-7452-20e9-bd4a-23699743a6c7">
      <Execution id="23a0141c-5fb7-48fd-a683-66d65427016e" />
      <TestMethod codeBase="D:\actions-runner\_work\XPCO\XPCO\MIP\PlatformPlugin\VideoOS.Platform\unittest\bin\Debug\net472\VideoOS.Platform.Tests.dll" adapterTypeName="executor://mstestadapter/v2" className="VideoOS.Platform.Tests.License.LicenseManagerTests" name="GetCompatibilityHandler_ShouldReturnFips_WhenCalledFromManagementClient" />
    </UnitTest>
    <UnitTest name="JsonObjectFromFileTest" storage="d:\actions-runner\_work\xpco\xpco\mip\platformplugin\videoos.platform\unittest\bin\debug\net472\videoos.platform.tests.dll" id="b0739811-0769-0d6d-10df-bbc2b4389739">
      <Execution id="f9ddaf52-fa4c-4857-93a0-cc926b215f90" />
      <TestMethod codeBase="D:\actions-runner\_work\XPCO\XPCO\MIP\PlatformPlugin\VideoOS.Platform\unittest\bin\Debug\net472\VideoOS.Platform.Tests.dll" adapterTypeName="executor://mstestadapter/v2" className="VideoOS.Platform.Tests.Proxy.RestApi.JsonObjectTests" name="JsonObjectFromFileTest" />
    </UnitTest>
    <UnitTest name="ReadXml_ShouldIgnoreCenterOfGravity_WhenCenterOfGravityIsPresenWithWrongNamespace" storage="d:\actions-runner\_work\xpco\xpco\mip\platformplugin\videoos.platform\unittest\bin\debug\net472\videoos.platform.tests.dll" id="3b221ad2-25e8-a21d-c511-ab3b1a01fb56">
      <Execution id="c36287cf-0310-4f43-a611-ed28ab0eebb9" />
      <TestMethod codeBase="D:\actions-runner\_work\XPCO\XPCO\MIP\PlatformPlugin\VideoOS.Platform\unittest\bin\Debug\net472\VideoOS.Platform.Tests.dll" adapterTypeName="executor://mstestadapter/v2" className="VideoOS.Platform.Tests.Metadata.ShapeTests" name="ReadXml_ShouldIgnoreCenterOfGravity_WhenCenterOfGravityIsPresenWithWrongNamespace" />
    </UnitTest>
    <UnitTest name="Construct5_And_Field_Check" storage="d:\actions-runner\_work\xpco\xpco\mip\platformplugin\videoos.platform\unittest\bin\debug\net472\videoos.platform.tests.dll" id="3d26d7d8-7d79-9931-2127-8e5f6d15122c">
      <Execution id="f8e1e85f-7a2f-4b12-b825-ad172e7bddff" />
      <TestMethod codeBase="D:\actions-runner\_work\XPCO\XPCO\MIP\PlatformPlugin\VideoOS.Platform\unittest\bin\Debug\net472\VideoOS.Platform.Tests.dll" adapterTypeName="executor://mstestadapter/v2" className="VideoOS.Platform.Tests.ItemTests" name="Construct5_And_Field_Check" />
    </UnitTest>
    <UnitTest name="Append_PropertyKey_String_Parted" storage="d:\actions-runner\_work\xpco\xpco\mip\platformplugin\videoos.platform\unittest\bin\debug\net472\videoos.platform.tests.dll" id="eb183710-44b3-ddea-c66c-e6cc35890656">
      <Execution id="ce928f5d-4578-4ccc-868f-63506099daa9" />
      <TestMethod codeBase="D:\actions-runner\_work\XPCO\XPCO\MIP\PlatformPlugin\VideoOS.Platform\unittest\bin\Debug\net472\VideoOS.Platform.Tests.dll" adapterTypeName="executor://mstestadapter/v2" className="VideoOS.Platform.Tests.Proxy.RestApi.JsonBuilderTests" name="Append_PropertyKey_String_Parted" />
    </UnitTest>
    <UnitTest name="Add_CapacityExceeded_LeastRecentlyUsedValueRemoved" storage="d:\actions-runner\_work\xpco\xpco\mip\platformplugin\videoos.platform\unittest\bin\debug\net472\videoos.platform.tests.dll" id="82f28324-964a-7ebe-3fa1-b6d48ed97144">
      <Execution id="a65e7934-f353-4518-8891-1e7b21003a6c" />
      <TestMethod codeBase="D:\actions-runner\_work\XPCO\XPCO\MIP\PlatformPlugin\VideoOS.Platform\unittest\bin\Debug\net472\VideoOS.Platform.Tests.dll" adapterTypeName="executor://mstestadapter/v2" className="VideoOS.Platform.Tests.Util.Queue.LRUCacheTests" name="Add_CapacityExceeded_LeastRecentlyUsedValueRemoved" />
    </UnitTest>
    <UnitTest name="KindsFilter_Presets_ShowsCamerasAndPresets" storage="d:\actions-runner\_work\xpco\xpco\mip\platformplugin\videoos.platform\unittest\bin\debug\net472\videoos.platform.tests.dll" id="eccd7b47-7a8f-ac65-26ef-40b4723d9415">
      <Execution id="3e826af3-2c94-48ee-a335-61f0b9ffaa52" />
      <TestMethod codeBase="D:\actions-runner\_work\XPCO\XPCO\MIP\PlatformPlugin\VideoOS.Platform\unittest\bin\Debug\net472\VideoOS.Platform.Tests.dll" adapterTypeName="executor://mstestadapter/v2" className="VideoOS.Platform.Tests.UI.ItemPicker.PopulateThreadTest" name="KindsFilter_Presets_ShowsCamerasAndPresets" />
    </UnitTest>
    <UnitTest name="Serialize_TestCases (TestParentTypeMatchCollectionThisTypeNotMatched)" storage="d:\actions-runner\_work\xpco\xpco\mip\platformplugin\videoos.platform\unittest\bin\debug\net472\videoos.platform.tests.dll" id="33ac3088-b630-64ef-4474-d1580dfd8fa1">
      <Execution id="e7d9ba2f-27cb-4f57-853a-7f74b9973ddb" />
      <TestMethod codeBase="D:\actions-runner\_work\XPCO\XPCO\MIP\PlatformPlugin\VideoOS.Platform\unittest\bin\Debug\net472\VideoOS.Platform.Tests.dll" adapterTypeName="executor://mstestadapter/v2" className="VideoOS.Platform.Tests.UI.Controls.Automation.Serialization.AutomationObjectSerializerTest" name="Serialize_TestCases" />
    </UnitTest>
    <UnitTest name="ReadXml_ShouldIgnoreOnvifClass_WhenClassIsPresenWithWrongNamespace" storage="d:\actions-runner\_work\xpco\xpco\mip\platformplugin\videoos.platform\unittest\bin\debug\net472\videoos.platform.tests.dll" id="be949d2a-ee6c-7b88-443c-f49c565f328f">
      <Execution id="792e674f-9a16-4bc3-a38d-9e74fee776d9" />
      <TestMethod codeBase="D:\actions-runner\_work\XPCO\XPCO\MIP\PlatformPlugin\VideoOS.Platform\unittest\bin\Debug\net472\VideoOS.Platform.Tests.dll" adapterTypeName="executor://mstestadapter/v2" className="VideoOS.Platform.Tests.Metadata.AppearanceTests" name="ReadXml_ShouldIgnoreOnvifClass_WhenClassIsPresenWithWrongNamespace" />
    </UnitTest>
    <UnitTest name="Parse_DoubleArray" storage="d:\actions-runner\_work\xpco\xpco\mip\platformplugin\videoos.platform\unittest\bin\debug\net472\videoos.platform.tests.dll" id="85b75f82-e414-01aa-d88b-66e9836d44fd">
      <Execution id="bece95be-cb97-420b-8a80-36dc6bc31d12" />
      <TestMethod codeBase="D:\actions-runner\_work\XPCO\XPCO\MIP\PlatformPlugin\VideoOS.Platform\unittest\bin\Debug\net472\VideoOS.Platform.Tests.dll" adapterTypeName="executor://mstestadapter/v2" className="VideoOS.Platform.Tests.Proxy.RestApi.JsonReaderTests" name="Parse_DoubleArray" />
    </UnitTest>
    <UnitTest name="ProvideValue_ShouldUseNull_WhenSelectedItemIsNotSet" storage="d:\actions-runner\_work\xpco\xpco\mip\platformplugin\videoos.platform\unittest\bin\debug\net472\videoos.platform.tests.dll" id="d2434559-e3a7-5692-c403-1d47d873a133">
      <TestCategory>
        <TestCategoryItem TestCategory="DropDowns" />
      </TestCategory>
      <Execution id="83b9bf6a-ddfc-42d6-93b4-4a2b68360bf6" />
      <TestMethod codeBase="D:\actions-runner\_work\XPCO\XPCO\MIP\PlatformPlugin\VideoOS.Platform\unittest\bin\Debug\net472\VideoOS.Platform.Tests.dll" adapterTypeName="executor://mstestadapter/v2" className="VideoOS.Platform.Tests.UI.Controls.DropDowns.Internal.SelectedItemContentTemplateExtensionTest" name="ProvideValue_ShouldUseNull_WhenSelectedItemIsNotSet" />
    </UnitTest>
    <UnitTest name="GetChildItems_ShouldReturnNull_WhenUnknownKind" storage="d:\actions-runner\_work\xpco\xpco\mip\platformplugin\videoos.platform\unittest\bin\debug\net472\videoos.platform.tests.dll" id="bc878ccd-98a1-51a4-2cfc-16b619dea6f0">
      <Execution id="83fa7c41-c0f1-41b1-9a90-b4b9cc357f2e" />
      <TestMethod codeBase="D:\actions-runner\_work\XPCO\XPCO\MIP\PlatformPlugin\VideoOS.Platform\unittest\bin\Debug\net472\VideoOS.Platform.Tests.dll" adapterTypeName="executor://mstestadapter/v2" className="VideoOS.Platform.Tests.Util.ConfigurationCacheTests" name="GetChildItems_ShouldReturnNull_WhenUnknownKind" />
    </UnitTest>
    <UnitTest name="Minimize_ShouldReturnOneInterval_WhenListContainsTwoOverlappingIntervalsAndOneIncludesTheOther" storage="d:\actions-runner\_work\xpco\xpco\mip\platformplugin\videoos.platform\unittest\bin\debug\net472\videoos.platform.tests.dll" id="1cfe0934-bee5-966a-0fdd-441157183564">
      <Execution id="c9648f6b-1e67-4000-ab61-3ae60f18942a" />
      <TestMethod codeBase="D:\actions-runner\_work\XPCO\XPCO\MIP\PlatformPlugin\VideoOS.Platform\unittest\bin\Debug\net472\VideoOS.Platform.Tests.dll" adapterTypeName="executor://mstestadapter/v2" className="VideoOS.Platform.Tests.Util.TimeIntervalTests" name="Minimize_ShouldReturnOneInterval_WhenListContainsTwoOverlappingIntervalsAndOneIncludesTheOther" />
    </UnitTest>
    <UnitTest name="Serialize_TestCases (Verify root Struct property get property value)" storage="d:\actions-runner\_work\xpco\xpco\mip\platformplugin\videoos.platform\unittest\bin\debug\net472\videoos.platform.tests.dll" id="9a2e7f11-7ff4-212b-b72f-ec76db87254a">
      <Execution id="385046c7-08a7-4c2a-8aa3-0c118cec21b5" />
      <TestMethod codeBase="D:\actions-runner\_work\XPCO\XPCO\MIP\PlatformPlugin\VideoOS.Platform\unittest\bin\Debug\net472\VideoOS.Platform.Tests.dll" adapterTypeName="executor://mstestadapter/v2" className="VideoOS.Platform.Tests.UI.Controls.Automation.Serialization.AutomationObjectSerializerTest" name="Serialize_TestCases" />
    </UnitTest>
    <UnitTest name="ReadXml_ShouldReadTransformationContents_WhenTransformationIsPresent" storage="d:\actions-runner\_work\xpco\xpco\mip\platformplugin\videoos.platform\unittest\bin\debug\net472\videoos.platform.tests.dll" id="6a5b7ab3-aa94-4efe-2c3f-1fc918bed002">
      <Execution id="221056dd-0adb-497c-883d-600e4e9088a7" />
      <TestMethod codeBase="D:\actions-runner\_work\XPCO\XPCO\MIP\PlatformPlugin\VideoOS.Platform\unittest\bin\Debug\net472\VideoOS.Platform.Tests.dll" adapterTypeName="executor://mstestadapter/v2" className="VideoOS.Platform.Tests.Metadata.AppearanceTests" name="ReadXml_ShouldReadTransformationContents_WhenTransformationIsPresent" />
    </UnitTest>
    <UnitTest name="Equals_ShouldHaveValueSemantics_WhenAlways" storage="d:\actions-runner\_work\xpco\xpco\mip\platformplugin\videoos.platform\unittest\bin\debug\net472\videoos.platform.tests.dll" id="9cbeee60-77f5-68fc-bc08-e8da5217124f">
      <Execution id="b1ef1199-7447-41a1-8426-def05ec8e128" />
      <TestMethod codeBase="D:\actions-runner\_work\XPCO\XPCO\MIP\PlatformPlugin\VideoOS.Platform\unittest\bin\Debug\net472\VideoOS.Platform.Tests.dll" adapterTypeName="executor://mstestadapter/v2" className="VideoOS.Platform.Tests.Metadata.TransformationTests" name="Equals_ShouldHaveValueSemantics_WhenAlways" />
    </UnitTest>
    <UnitTest name="IsEmptyValue_StringFilterValue_Whitespaces_ReturnsTrue" storage="d:\actions-runner\_work\xpco\xpco\mip\platformplugin\videoos.platform\unittest\bin\debug\net472\videoos.platform.tests.dll" id="e997866d-eebf-79e1-ae85-52bd5aa489c9">
      <TestCategory>
        <TestCategoryItem TestCategory="Search" />
      </TestCategory>
      <Execution id="6d4e2d3c-78ad-4e26-b9fd-a8607cb7f61e" />
      <TestMethod codeBase="D:\actions-runner\_work\XPCO\XPCO\MIP\PlatformPlugin\VideoOS.Platform\unittest\bin\Debug\net472\VideoOS.Platform.Tests.dll" adapterTypeName="executor://mstestadapter/v2" className="VideoOS.Platform.Tests.Search.SearchFilterTest" name="IsEmptyValue_StringFilterValue_Whitespaces_ReturnsTrue" />
    </UnitTest>
    <UnitTest name="TestStartSearch_NoResultsOrErrorOccurredFromCanceledSearchDefinitions_Success" storage="d:\actions-runner\_work\xpco\xpco\mip\platformplugin\videoos.platform\unittest\bin\debug\net472\videoos.platform.tests.dll" id="b92c2d23-e9a0-a785-771e-708c304e0f26">
      <TestCategory>
        <TestCategoryItem TestCategory="Search" />
      </TestCategory>
      <Execution id="6b8672ce-6445-4057-bee8-2a4f10ec7f59" />
      <TestMethod codeBase="D:\actions-runner\_work\XPCO\XPCO\MIP\PlatformPlugin\VideoOS.Platform\unittest\bin\Debug\net472\VideoOS.Platform.Tests.dll" adapterTypeName="executor://mstestadapter/v2" className="VideoOS.Platform.Tests.Search.SearchManagerTest" name="TestStartSearch_NoResultsOrErrorOccurredFromCanceledSearchDefinitions_Success" />
    </UnitTest>
    <UnitTest name="AddFilterValue_ExistingValue_FirstValue_Success" storage="d:\actions-runner\_work\xpco\xpco\mip\platformplugin\videoos.platform\unittest\bin\debug\net472\videoos.platform.tests.dll" id="c412921c-a830-d00a-e2a6-2eda860b9055">
      <TestCategory>
        <TestCategoryItem TestCategory="Search" />
      </TestCategory>
      <Execution id="924f55da-5846-4031-8972-a2a95b7d1eba" />
      <TestMethod codeBase="D:\actions-runner\_work\XPCO\XPCO\MIP\PlatformPlugin\VideoOS.Platform\unittest\bin\Debug\net472\VideoOS.Platform.Tests.dll" adapterTypeName="executor://mstestadapter/v2" className="VideoOS.Platform.Tests.Search.SearchCriteriaTest" name="AddFilterValue_ExistingValue_FirstValue_Success" />
    </UnitTest>
    <UnitTest name="Stop_EmptyQueue_IsStoppedSet" storage="d:\actions-runner\_work\xpco\xpco\mip\platformplugin\videoos.platform\unittest\bin\debug\net472\videoos.platform.tests.dll" id="cc93f70b-f9b0-21f7-faba-e1868435194b">
      <Execution id="6ac63b5f-beee-4815-87d4-882836cef58f" />
      <TestMethod codeBase="D:\actions-runner\_work\XPCO\XPCO\MIP\PlatformPlugin\VideoOS.Platform\unittest\bin\Debug\net472\VideoOS.Platform.Tests.dll" adapterTypeName="executor://mstestadapter/v2" className="VideoOS.Platform.Tests.Util.Queue.ConcurrentQueueSlimTests" name="Stop_EmptyQueue_IsStoppedSet" />
    </UnitTest>
    <UnitTest name="Peek_StoppedQueue_ReturnsNull" storage="d:\actions-runner\_work\xpco\xpco\mip\platformplugin\videoos.platform\unittest\bin\debug\net472\videoos.platform.tests.dll" id="9292478f-daf1-afe9-9c29-f4faf9350c76">
      <Execution id="d90872e7-0456-4fa7-9c12-537c7d2f23b7" />
      <TestMethod codeBase="D:\actions-runner\_work\XPCO\XPCO\MIP\PlatformPlugin\VideoOS.Platform\unittest\bin\Debug\net472\VideoOS.Platform.Tests.dll" adapterTypeName="executor://mstestadapter/v2" className="VideoOS.Platform.Tests.Util.Queue.ConcurrentQueueSlimTests" name="Peek_StoppedQueue_ReturnsNull" />
    </UnitTest>
    <UnitTest name="BuildShapeOverlayWidthHeightAlarm_ShouldReturnCorrectNumberOfShapes_WhenArgumentContainsNoObjectAndRule" storage="d:\actions-runner\_work\xpco\xpco\mip\platformplugin\videoos.platform\unittest\bin\debug\net472\videoos.platform.tests.dll" id="275ba7bf-a42d-bd91-1c80-5f751e891033">
      <Execution id="d57e1b32-b01f-484d-9776-fcb94adc2d04" />
      <TestMethod codeBase="D:\actions-runner\_work\XPCO\XPCO\MIP\PlatformPlugin\VideoOS.Platform\unittest\bin\Debug\net472\VideoOS.Platform.Tests.dll" adapterTypeName="executor://mstestadapter/v2" className="VideoOS.Platform.Tests.Util.AnalyticsOverlayBuilderTests" name="BuildShapeOverlayWidthHeightAlarm_ShouldReturnCorrectNumberOfShapes_WhenArgumentContainsNoObjectAndRule" />
    </UnitTest>
    <UnitTest name="Apply_ShouldDoNothing_WhenArgumentIsNull" storage="d:\actions-runner\_work\xpco\xpco\mip\platformplugin\videoos.platform\unittest\bin\debug\net472\videoos.platform.tests.dll" id="3164fb82-de29-8026-529f-6acf36741c8b">
      <Execution id="e726b4fb-4bad-4cc1-9f3b-691015144e5a" />
      <TestMethod codeBase="D:\actions-runner\_work\XPCO\XPCO\MIP\PlatformPlugin\VideoOS.Platform\unittest\bin\Debug\net472\VideoOS.Platform.Tests.dll" adapterTypeName="executor://mstestadapter/v2" className="VideoOS.Platform.Tests.Metadata.RectangleTests" name="Apply_ShouldDoNothing_WhenArgumentIsNull" />
    </UnitTest>
    <UnitTest name="Equals_Fail_OnOtherNull" storage="d:\actions-runner\_work\xpco\xpco\mip\platformplugin\videoos.platform\unittest\bin\debug\net472\videoos.platform.tests.dll" id="ab1a8e45-8e17-ad94-af47-713e91eff11b">
      <Execution id="e68ee394-3a46-4944-9550-e4f8c5483fea" />
      <TestMethod codeBase="D:\actions-runner\_work\XPCO\XPCO\MIP\PlatformPlugin\VideoOS.Platform\unittest\bin\Debug\net472\VideoOS.Platform.Tests.dll" adapterTypeName="executor://mstestadapter/v2" className="VideoOS.Platform.Tests.FQIDtests" name="Equals_Fail_OnOtherNull" />
    </UnitTest>
    <UnitTest name="CountByItems_Activated_Grace" storage="d:\actions-runner\_work\xpco\xpco\mip\platformplugin\videoos.platform\unittest\bin\debug\net472\videoos.platform.tests.dll" id="31d165a4-0514-1831-5c27-9754c33030c7">
      <Execution id="a92eb237-15ed-4c06-b3be-a7e4e5ec8dac" />
      <TestMethod codeBase="D:\actions-runner\_work\XPCO\XPCO\MIP\PlatformPlugin\VideoOS.Platform\unittest\bin\Debug\net472\VideoOS.Platform.Tests.dll" adapterTypeName="executor://mstestadapter/v2" className="VideoOS.Platform.Tests.License.ResolvedLicenseCountTest" name="CountByItems_Activated_Grace" />
    </UnitTest>
    <UnitTest name="ToString_Succcess" storage="d:\actions-runner\_work\xpco\xpco\mip\platformplugin\videoos.platform\unittest\bin\debug\net472\videoos.platform.tests.dll" id="3971c5d8-7ad8-4707-9b53-e6a041a0b2f8">
      <Execution id="036fa0b6-1c0c-4d25-acd8-ff39cfa67521" />
      <TestMethod codeBase="D:\actions-runner\_work\XPCO\XPCO\MIP\PlatformPlugin\VideoOS.Platform\unittest\bin\Debug\net472\VideoOS.Platform.Tests.dll" adapterTypeName="executor://mstestadapter/v2" className="VideoOS.Platform.Tests.ItemTests" name="ToString_Succcess" />
    </UnitTest>
    <UnitTest name="UnloadedEvent_ShouldRemoveProxyManager_WhenRaisedOnFrameworkContentElement" storage="d:\actions-runner\_work\xpco\xpco\mip\platformplugin\videoos.platform\unittest\bin\debug\net472\videoos.platform.tests.dll" id="0f05d604-6e61-b82e-404f-e9831974b180">
      <TestCategory>
        <TestCategoryItem TestCategory="EventsToCommandMappings" />
      </TestCategory>
      <Execution id="d43d4e38-f2e5-4484-9d31-124caf8ba578" />
      <TestMethod codeBase="D:\actions-runner\_work\XPCO\XPCO\MIP\PlatformPlugin\VideoOS.Platform\unittest\bin\Debug\net472\VideoOS.Platform.Tests.dll" adapterTypeName="executor://mstestadapter/v2" className="VideoOS.Platform.Tests.UI.Commands.EventsToCommandMappingTest" name="UnloadedEvent_ShouldRemoveProxyManager_WhenRaisedOnFrameworkContentElement" />
    </UnitTest>
    <UnitTest name="ReadXml_ShouldSetAllFieldsToNull_WhenElementIsEmpty" storage="d:\actions-runner\_work\xpco\xpco\mip\platformplugin\videoos.platform\unittest\bin\debug\net472\videoos.platform.tests.dll" id="548fd08b-2d94-5257-d985-826bbe47bde9">
      <Execution id="4b2eac67-df3c-41c8-a440-901a535b5fb8" />
      <TestMethod codeBase="D:\actions-runner\_work\XPCO\XPCO\MIP\PlatformPlugin\VideoOS.Platform\unittest\bin\Debug\net472\VideoOS.Platform.Tests.dll" adapterTypeName="executor://mstestadapter/v2" className="VideoOS.Platform.Tests.Metadata.AppearanceTests" name="ReadXml_ShouldSetAllFieldsToNull_WhenElementIsEmpty" />
    </UnitTest>
    <UnitTest name="ParameterConstruct3_FieldValues_Checked" storage="d:\actions-runner\_work\xpco\xpco\mip\platformplugin\videoos.platform\unittest\bin\debug\net472\videoos.platform.tests.dll" id="15aede0d-e3f2-2cb3-b9cb-5b079f95b7e7">
      <Execution id="266971e3-7df7-42f6-bb92-5c0c56baf618" />
      <TestMethod codeBase="D:\actions-runner\_work\XPCO\XPCO\MIP\PlatformPlugin\VideoOS.Platform\unittest\bin\Debug\net472\VideoOS.Platform.Tests.dll" adapterTypeName="executor://mstestadapter/v2" className="VideoOS.Platform.Tests.FQIDtests" name="ParameterConstruct3_FieldValues_Checked" />
    </UnitTest>
    <UnitTest name="GenerateDeviceParameters_ShouldOmitFps_WhenFpsIsZero" storage="d:\actions-runner\_work\xpco\xpco\mip\platformplugin\videoos.platform\unittest\bin\debug\net472\videoos.platform.tests.dll" id="ae4a8750-d669-3823-272f-96fc0e4fc346">
      <Execution id="a866cfbf-085d-41f2-9c81-2144426ab770" />
      <TestMethod codeBase="D:\actions-runner\_work\XPCO\XPCO\MIP\PlatformPlugin\VideoOS.Platform\unittest\bin\Debug\net472\VideoOS.Platform.Tests.dll" adapterTypeName="executor://mstestadapter/v2" className="VideoOS.Platform.Tests.Data.CameraDeviceDefinitionTests" name="GenerateDeviceParameters_ShouldOmitFps_WhenFpsIsZero" />
    </UnitTest>
    <UnitTest name="GetMIPItem_Success" storage="d:\actions-runner\_work\xpco\xpco\mip\platformplugin\videoos.platform\unittest\bin\debug\net472\videoos.platform.tests.dll" id="d4fbe30b-c3a5-9110-1c8a-b21accc6c6ad">
      <Execution id="2a386892-64fa-46ab-a942-61155b7a6579" />
      <TestMethod codeBase="D:\actions-runner\_work\XPCO\XPCO\MIP\PlatformPlugin\VideoOS.Platform\unittest\bin\Debug\net472\VideoOS.Platform.Tests.dll" adapterTypeName="executor://mstestadapter/v2" className="VideoOS.Platform.Tests.Proxy.RestApi.RestApiClientDecoratorTests" name="GetMIPItem_Success" />
    </UnitTest>
    <UnitTest name="PatchItem_Camera_Success" storage="d:\actions-runner\_work\xpco\xpco\mip\platformplugin\videoos.platform\unittest\bin\debug\net472\videoos.platform.tests.dll" id="c2f6ebcb-6563-8bdd-b77e-91b902f7eb14">
      <Execution id="dba63b39-29ab-48d3-94c6-803c46210164" />
      <TestMethod codeBase="D:\actions-runner\_work\XPCO\XPCO\MIP\PlatformPlugin\VideoOS.Platform\unittest\bin\Debug\net472\VideoOS.Platform.Tests.dll" adapterTypeName="executor://mstestadapter/v2" className="VideoOS.Platform.Tests.Proxy.RestApi.RestApiClientDecoratorTests" name="PatchItem_Camera_Success" />
    </UnitTest>
    <UnitTest name="GetPopulatedItems_HasChildren_ChildrenAdded" storage="d:\actions-runner\_work\xpco\xpco\mip\platformplugin\videoos.platform\unittest\bin\debug\net472\videoos.platform.tests.dll" id="ce7e30df-0543-6938-fae8-53fc40762640">
      <Execution id="34ccf5f0-98de-4a95-8d21-dd0242343511" />
      <TestMethod codeBase="D:\actions-runner\_work\XPCO\XPCO\MIP\PlatformPlugin\VideoOS.Platform\unittest\bin\Debug\net472\VideoOS.Platform.Tests.dll" adapterTypeName="executor://mstestadapter/v2" className="VideoOS.Platform.Tests.UI.ItemPicker.PopulateThreadTest" name="GetPopulatedItems_HasChildren_ChildrenAdded" />
    </UnitTest>
    <UnitTest name="HostInitialized_ShouldInvokeCallback_WhenInitializedWithItems" storage="d:\actions-runner\_work\xpco\xpco\mip\platformplugin\videoos.platform\unittest\bin\debug\net472\videoos.platform.tests.dll" id="4d8c83aa-a156-12a2-4c8a-ba95a8a26318">
      <Execution id="b6f43d99-3619-4ea5-8c0c-742b3da780d2" />
      <TestMethod codeBase="D:\actions-runner\_work\XPCO\XPCO\MIP\PlatformPlugin\VideoOS.Platform\unittest\bin\Debug\net472\VideoOS.Platform.Tests.dll" adapterTypeName="executor://mstestadapter/v2" className="VideoOS.Platform.Tests.UI.Controls.CollectionHelperTest" name="HostInitialized_ShouldInvokeCallback_WhenInitializedWithItems" />
    </UnitTest>
    <UnitTest name="GetAtOrBefore_ShouldReturnCorrectElementInCache_WhenTimestampIsInMiddleOfCache" storage="d:\actions-runner\_work\xpco\xpco\mip\platformplugin\videoos.platform\unittest\bin\debug\net472\videoos.platform.tests.dll" id="a7db9ed1-0e9f-4bd0-ac0b-3b36ddafd16e">
      <Execution id="4ed3c4e1-9d7b-4595-9b0d-4caa30d931a5" />
      <TestMethod codeBase="D:\actions-runner\_work\XPCO\XPCO\MIP\PlatformPlugin\VideoOS.Platform\unittest\bin\Debug\net472\VideoOS.Platform.Tests.dll" adapterTypeName="executor://mstestadapter/v2" className="VideoOS.Platform.Tests.Data.MetadataCacheTests" name="GetAtOrBefore_ShouldReturnCorrectElementInCache_WhenTimestampIsInMiddleOfCache" />
    </UnitTest>
    <UnitTest name="TestMultiLevelQueue_TwoLevels_DifferentLevelIdentifiers_Success" storage="d:\actions-runner\_work\xpco\xpco\mip\platformplugin\videoos.platform\unittest\bin\debug\net472\videoos.platform.tests.dll" id="5d87446d-b17e-e82f-a4a3-ee27c1dfacd1">
      <Execution id="1fcbf409-523a-43fe-8a89-770d1a969f14" />
      <TestMethod codeBase="D:\actions-runner\_work\XPCO\XPCO\MIP\PlatformPlugin\VideoOS.Platform\unittest\bin\Debug\net472\VideoOS.Platform.Tests.dll" adapterTypeName="executor://mstestadapter/v2" className="VideoOS.Platform.Tests.Util.Queue.MultiLevelResourceQueueTests" name="TestMultiLevelQueue_TwoLevels_DifferentLevelIdentifiers_Success" />
    </UnitTest>
    <UnitTest name="Serialize_ShouldThrowException_WhenPropertyIsSimpleTypeButPathContainsChildren (BoolProperty)" storage="d:\actions-runner\_work\xpco\xpco\mip\platformplugin\videoos.platform\unittest\bin\debug\net472\videoos.platform.tests.dll" id="889d4bac-a87a-c9c2-145c-f024ddbd129b">
      <Execution id="acbb6b44-b477-486b-a59d-2ba2b8777804" />
      <TestMethod codeBase="D:\actions-runner\_work\XPCO\XPCO\MIP\PlatformPlugin\VideoOS.Platform\unittest\bin\Debug\net472\VideoOS.Platform.Tests.dll" adapterTypeName="executor://mstestadapter/v2" className="VideoOS.Platform.Tests.UI.Controls.Automation.Serialization.AutomationObjectSerializerTest" name="Serialize_ShouldThrowException_WhenPropertyIsSimpleTypeButPathContainsChildren" />
    </UnitTest>
    <UnitTest name="Append_Element_KeyWithDotString" storage="d:\actions-runner\_work\xpco\xpco\mip\platformplugin\videoos.platform\unittest\bin\debug\net472\videoos.platform.tests.dll" id="503e5a86-709d-4f75-061c-3b116d3ee8e7">
      <Execution id="294f2d8b-0fb1-46d5-bb54-2c614ab253dc" />
      <TestMethod codeBase="D:\actions-runner\_work\XPCO\XPCO\MIP\PlatformPlugin\VideoOS.Platform\unittest\bin\Debug\net472\VideoOS.Platform.Tests.dll" adapterTypeName="executor://mstestadapter/v2" className="VideoOS.Platform.Tests.Proxy.RestApi.JsonBuilderTests" name="Append_Element_KeyWithDotString" />
    </UnitTest>
    <UnitTest name="GetItem_ShouldReturnItem_WhenAllAdded" storage="d:\actions-runner\_work\xpco\xpco\mip\platformplugin\videoos.platform\unittest\bin\debug\net472\videoos.platform.tests.dll" id="22286b2d-2c9e-a580-fd4a-2436919b8555">
      <Execution id="a511f755-150e-48d5-9514-d6fd161c2a65" />
      <TestMethod codeBase="D:\actions-runner\_work\XPCO\XPCO\MIP\PlatformPlugin\VideoOS.Platform\unittest\bin\Debug\net472\VideoOS.Platform.Tests.dll" adapterTypeName="executor://mstestadapter/v2" className="VideoOS.Platform.Tests.Util.ConfigurationCacheTests" name="GetItem_ShouldReturnItem_WhenAllAdded" />
    </UnitTest>
    <UnitTest name="Set_String_Invalid" storage="d:\actions-runner\_work\xpco\xpco\mip\platformplugin\videoos.platform\unittest\bin\debug\net472\videoos.platform.tests.dll" id="2c659c9c-4cb8-0017-5374-282461cba931">
      <Execution id="4d032640-8c85-4ffe-bc4f-3ae7254e984d" />
      <TestMethod codeBase="D:\actions-runner\_work\XPCO\XPCO\MIP\PlatformPlugin\VideoOS.Platform\unittest\bin\Debug\net472\VideoOS.Platform.Tests.dll" adapterTypeName="executor://mstestadapter/v2" className="VideoOS.Platform.Tests.Proxy.RestApi.JsonReaderTests" name="Set_String_Invalid" />
    </UnitTest>
    <UnitTest name="IsValid_ShouldReturnTrue_WhenTypeHasValueAndLikelihoodIsBetweenZeroAndOne" storage="d:\actions-runner\_work\xpco\xpco\mip\platformplugin\videoos.platform\unittest\bin\debug\net472\videoos.platform.tests.dll" id="9551a8f2-f5be-a617-500a-980790ba8737">
      <Execution id="311df088-8478-45e6-8a3a-d6380b45d17b" />
      <TestMethod codeBase="D:\actions-runner\_work\XPCO\XPCO\MIP\PlatformPlugin\VideoOS.Platform\unittest\bin\Debug\net472\VideoOS.Platform.Tests.dll" adapterTypeName="executor://mstestadapter/v2" className="VideoOS.Platform.Tests.Metadata.ClassCandidateTests" name="IsValid_ShouldReturnTrue_WhenTypeHasValueAndLikelihoodIsBetweenZeroAndOne" />
    </UnitTest>
    <UnitTest name="OnSearchResultsReady_ShouldNotSetSearchDefinitionOnResults_WhenAlreadySet" storage="d:\actions-runner\_work\xpco\xpco\mip\platformplugin\videoos.platform\unittest\bin\debug\net472\videoos.platform.tests.dll" id="0c0836ab-4cd8-bcb2-8664-28d80763d09f">
      <TestCategory>
        <TestCategoryItem TestCategory="Search" />
      </TestCategory>
      <Execution id="a515b728-f747-497a-bb05-5d5df6d0e055" />
      <TestMethod codeBase="D:\actions-runner\_work\XPCO\XPCO\MIP\PlatformPlugin\VideoOS.Platform\unittest\bin\Debug\net472\VideoOS.Platform.Tests.dll" adapterTypeName="executor://mstestadapter/v2" className="VideoOS.Platform.Tests.Search.SearchDefinitionTest" name="OnSearchResultsReady_ShouldNotSetSearchDefinitionOnResults_WhenAlreadySet" />
    </UnitTest>
    <UnitTest name="GetAtOrBefore_ShouldReturnEntryFromCache_WhenDataIsInCacheWithExactSameTime" storage="d:\actions-runner\_work\xpco\xpco\mip\platformplugin\videoos.platform\unittest\bin\debug\net472\videoos.platform.tests.dll" id="868fab3c-659e-4c15-a10e-0b6912bfed13">
      <Execution id="691beb8b-1491-4b88-a77e-daf6ec5e4a3a" />
      <TestMethod codeBase="D:\actions-runner\_work\XPCO\XPCO\MIP\PlatformPlugin\VideoOS.Platform\unittest\bin\Debug\net472\VideoOS.Platform.Tests.dll" adapterTypeName="executor://mstestadapter/v2" className="VideoOS.Platform.Tests.Data.MetadataPlaybackSourceTests" name="GetAtOrBefore_ShouldReturnEntryFromCache_WhenDataIsInCacheWithExactSameTime" />
    </UnitTest>
    <UnitTest name="WriteXml_ShouldWriteDescriptionContents_WhenDescriptionIsNotNull" storage="d:\actions-runner\_work\xpco\xpco\mip\platformplugin\videoos.platform\unittest\bin\debug\net472\videoos.platform.tests.dll" id="399501bc-ecba-b1ca-b26c-0035e5a7aa53">
      <Execution id="e71d3afe-2e6e-4b84-a8dd-c996687465fd" />
      <TestMethod codeBase="D:\actions-runner\_work\XPCO\XPCO\MIP\PlatformPlugin\VideoOS.Platform\unittest\bin\Debug\net472\VideoOS.Platform.Tests.dll" adapterTypeName="executor://mstestadapter/v2" className="VideoOS.Platform.Tests.Metadata.AppearanceTests" name="WriteXml_ShouldWriteDescriptionContents_WhenDescriptionIsNotNull" />
    </UnitTest>
    <UnitTest name="ReadXml_ShouldReadTextValue_WhenPresent" storage="d:\actions-runner\_work\xpco\xpco\mip\platformplugin\videoos.platform\unittest\bin\debug\net472\videoos.platform.tests.dll" id="e843bfee-0457-6dab-bf5f-4166d9265b34">
      <Execution id="c3f74dc5-d593-4eca-ab22-8209666b42a8" />
      <TestMethod codeBase="D:\actions-runner\_work\XPCO\XPCO\MIP\PlatformPlugin\VideoOS.Platform\unittest\bin\Debug\net472\VideoOS.Platform.Tests.dll" adapterTypeName="executor://mstestadapter/v2" className="VideoOS.Platform.Tests.Metadata.DisplayTextTests" name="ReadXml_ShouldReadTextValue_WhenPresent" />
    </UnitTest>
    <UnitTest name="IsValid_ShouldReturnFalse_WhenTypeIsEmpty" storage="d:\actions-runner\_work\xpco\xpco\mip\platformplugin\videoos.platform\unittest\bin\debug\net472\videoos.platform.tests.dll" id="e8468c0c-a545-5d16-c11f-86ec8e232404">
      <Execution id="01ec1be3-3ef1-4f76-81ac-567802e78b2a" />
      <TestMethod codeBase="D:\actions-runner\_work\XPCO\XPCO\MIP\PlatformPlugin\VideoOS.Platform\unittest\bin\Debug\net472\VideoOS.Platform.Tests.dll" adapterTypeName="executor://mstestadapter/v2" className="VideoOS.Platform.Tests.Metadata.ClassCandidateTests" name="IsValid_ShouldReturnFalse_WhenTypeIsEmpty" />
    </UnitTest>
    <UnitTest name="Speed_ShouldThrowArgumentOfRange_WhenValueIsOutsideAcceptedRange" storage="d:\actions-runner\_work\xpco\xpco\mip\platformplugin\videoos.platform\unittest\bin\debug\net472\videoos.platform.tests.dll" id="7ce3bd1f-17a2-67ea-14e3-54128c33634a">
      <Execution id="e8e503ca-6aef-4a2e-b7f6-1871a8e1b75a" />
      <TestMethod codeBase="D:\actions-runner\_work\XPCO\XPCO\MIP\PlatformPlugin\VideoOS.Platform\unittest\bin\Debug\net472\VideoOS.Platform.Tests.dll" adapterTypeName="executor://mstestadapter/v2" className="VideoOS.Platform.Tests.Metadata.NavigationalDataTests" name="Speed_ShouldThrowArgumentOfRange_WhenValueIsOutsideAcceptedRange" />
    </UnitTest>
    <UnitTest name="SplitString_When1Level_CountsLastSeparator" storage="d:\actions-runner\_work\xpco\xpco\mip\platformplugin\videoos.platform\unittest\bin\debug\net472\videoos.platform.tests.dll" id="d9b69abf-addf-dcc7-c2fd-b2ff5d4f6705">
      <Execution id="cda828ea-ac63-4dd1-a145-a63d0197585e" />
      <TestMethod codeBase="D:\actions-runner\_work\XPCO\XPCO\MIP\PlatformPlugin\VideoOS.Platform\unittest\bin\Debug\net472\VideoOS.Platform.Tests.dll" adapterTypeName="executor://mstestadapter/v2" className="VideoOS.Platform.Tests.Util.StringSplitterTests" name="SplitString_When1Level_CountsLastSeparator" />
    </UnitTest>
    <UnitTest name="IsValid_ShouldReturnFalse_WhenLikelihoodIsMoreThanOne" storage="d:\actions-runner\_work\xpco\xpco\mip\platformplugin\videoos.platform\unittest\bin\debug\net472\videoos.platform.tests.dll" id="a153c326-c8c2-ed0c-505b-c62f56af9d14">
      <Execution id="acb572c1-ce61-4460-bf48-ffc0dfea2c83" />
      <TestMethod codeBase="D:\actions-runner\_work\XPCO\XPCO\MIP\PlatformPlugin\VideoOS.Platform\unittest\bin\Debug\net472\VideoOS.Platform.Tests.dll" adapterTypeName="executor://mstestadapter/v2" className="VideoOS.Platform.Tests.Metadata.ClassCandidateTests" name="IsValid_ShouldReturnFalse_WhenLikelihoodIsMoreThanOne" />
    </UnitTest>
    <UnitTest name="ReadXml_ShouldReadClassCandidate_WhenCorrectClassCandidateIsPresent" storage="d:\actions-runner\_work\xpco\xpco\mip\platformplugin\videoos.platform\unittest\bin\debug\net472\videoos.platform.tests.dll" id="3fce05ef-b530-f8da-eaa9-a5674fdfcd79">
      <Execution id="47d79d91-5297-46cc-b0d0-75fe85bababe" />
      <TestMethod codeBase="D:\actions-runner\_work\XPCO\XPCO\MIP\PlatformPlugin\VideoOS.Platform\unittest\bin\Debug\net472\VideoOS.Platform.Tests.dll" adapterTypeName="executor://mstestadapter/v2" className="VideoOS.Platform.Tests.Metadata.OnvifClassTests" name="ReadXml_ShouldReadClassCandidate_WhenCorrectClassCandidateIsPresent" />
    </UnitTest>
    <UnitTest name="WriteXml_ShouldWriteXAttribute_WhenAlays" storage="d:\actions-runner\_work\xpco\xpco\mip\platformplugin\videoos.platform\unittest\bin\debug\net472\videoos.platform.tests.dll" id="549a1786-aafc-b11d-904d-59c7dd4fc0a3">
      <Execution id="ee1ad21e-ef0b-4d39-bcad-e850b1eb501c" />
      <TestMethod codeBase="D:\actions-runner\_work\XPCO\XPCO\MIP\PlatformPlugin\VideoOS.Platform\unittest\bin\Debug\net472\VideoOS.Platform.Tests.dll" adapterTypeName="executor://mstestadapter/v2" className="VideoOS.Platform.Tests.Metadata.VectorTests" name="WriteXml_ShouldWriteXAttribute_WhenAlays" />
    </UnitTest>
    <UnitTest name="GetPrevious_ShouldReturnNull_WhenCacheIsEmpty" storage="d:\actions-runner\_work\xpco\xpco\mip\platformplugin\videoos.platform\unittest\bin\debug\net472\videoos.platform.tests.dll" id="c5df7b24-5576-61ff-2c2f-8ef0272c7cb0">
      <Execution id="5e163bf3-413d-4e5f-94ac-0df9db1b9f82" />
      <TestMethod codeBase="D:\actions-runner\_work\XPCO\XPCO\MIP\PlatformPlugin\VideoOS.Platform\unittest\bin\Debug\net472\VideoOS.Platform.Tests.dll" adapterTypeName="executor://mstestadapter/v2" className="VideoOS.Platform.Tests.Data.MetadataCacheTests" name="GetPrevious_ShouldReturnNull_WhenCacheIsEmpty" />
    </UnitTest>
    <UnitTest name="GetExpectedToken_ShouldReturnNull_WhenInputTokenHashTypeIsNotSupported" storage="d:\actions-runner\_work\xpco\xpco\mip\platformplugin\videoos.platform\unittest\bin\debug\net472\videoos.platform.tests.dll" id="09fedadb-5b36-4c66-a01b-eb732d278266">
      <Execution id="cbe64149-6900-4e81-8f31-cfd857774cd5" />
      <TestMethod codeBase="D:\actions-runner\_work\XPCO\XPCO\MIP\PlatformPlugin\VideoOS.Platform\unittest\bin\Debug\net472\VideoOS.Platform.Tests.dll" adapterTypeName="executor://mstestadapter/v2" className="VideoOS.Platform.Tests.Data.MediaProviderInternal.UtilityTests" name="GetExpectedToken_ShouldReturnNull_WhenInputTokenHashTypeIsNotSupported" />
    </UnitTest>
    <UnitTest name="ReadXml_ShouldIgnoreUnknownTypeChildren_WhenUnknownTypeChildrenArePresent" storage="d:\actions-runner\_work\xpco\xpco\mip\platformplugin\videoos.platform\unittest\bin\debug\net472\videoos.platform.tests.dll" id="a64f7a70-ec8c-8ab6-7e45-ca9fa7e2c2a4">
      <Execution id="d27a2750-9297-483b-a819-5830b3c78f2d" />
      <TestMethod codeBase="D:\actions-runner\_work\XPCO\XPCO\MIP\PlatformPlugin\VideoOS.Platform\unittest\bin\Debug\net472\VideoOS.Platform.Tests.dll" adapterTypeName="executor://mstestadapter/v2" className="VideoOS.Platform.Tests.Metadata.ClassCandidateTests" name="ReadXml_ShouldIgnoreUnknownTypeChildren_WhenUnknownTypeChildrenArePresent" />
    </UnitTest>
    <UnitTest name="WriteXml_ShouldWriteSizeAttribute_WhenPresent" storage="d:\actions-runner\_work\xpco\xpco\mip\platformplugin\videoos.platform\unittest\bin\debug\net472\videoos.platform.tests.dll" id="9e0f7694-4c12-cabb-5030-0f3a25dfbb2b">
      <Execution id="1aab720b-2691-4bab-9706-31734d17c1c8" />
      <TestMethod codeBase="D:\actions-runner\_work\XPCO\XPCO\MIP\PlatformPlugin\VideoOS.Platform\unittest\bin\Debug\net472\VideoOS.Platform.Tests.dll" adapterTypeName="executor://mstestadapter/v2" className="VideoOS.Platform.Tests.Metadata.DisplayTextTests" name="WriteXml_ShouldWriteSizeAttribute_WhenPresent" />
    </UnitTest>
    <UnitTest name="ReadXml_ShouldReadMultipleObjects_WhenMultipleObjectsArePresent" storage="d:\actions-runner\_work\xpco\xpco\mip\platformplugin\videoos.platform\unittest\bin\debug\net472\videoos.platform.tests.dll" id="af16c081-1118-4157-5e5a-823452565ccb">
      <Execution id="bcc0cc67-d364-4791-b79f-f0016ccbc093" />
      <TestMethod codeBase="D:\actions-runner\_work\XPCO\XPCO\MIP\PlatformPlugin\VideoOS.Platform\unittest\bin\Debug\net472\VideoOS.Platform.Tests.dll" adapterTypeName="executor://mstestadapter/v2" className="VideoOS.Platform.Tests.Metadata.FrameTests" name="ReadXml_ShouldReadMultipleObjects_WhenMultipleObjectsArePresent" />
    </UnitTest>
    <UnitTest name="GetNextDateTime_ShouldReturnFirstDataEntityFromSecondToolkitCall_WhenDateIsBeforeFirstCachedValue" storage="d:\actions-runner\_work\xpco\xpco\mip\platformplugin\videoos.platform\unittest\bin\debug\net472\videoos.platform.tests.dll" id="dd9bb228-d729-118d-1416-75302d26e796">
      <Execution id="f781d29b-8bd4-4723-9128-482b7240e111" />
      <TestMethod codeBase="D:\actions-runner\_work\XPCO\XPCO\MIP\PlatformPlugin\VideoOS.Platform\unittest\bin\Debug\net472\VideoOS.Platform.Tests.dll" adapterTypeName="executor://mstestadapter/v2" className="VideoOS.Platform.Tests.Data.MetadataPlaybackSourceTests" name="GetNextDateTime_ShouldReturnFirstDataEntityFromSecondToolkitCall_WhenDateIsBeforeFirstCachedValue" />
    </UnitTest>
    <UnitTest name="GenerateParameters_ShouldWriteSerialNr_WhenSerialNrIsNotNull" storage="d:\actions-runner\_work\xpco\xpco\mip\platformplugin\videoos.platform\unittest\bin\debug\net472\videoos.platform.tests.dll" id="25d2ce81-b800-30ed-a9ff-8db2b7fca025">
      <Execution id="94de3e32-cda0-48f5-bed7-093db1cae2fe" />
      <TestMethod codeBase="D:\actions-runner\_work\XPCO\XPCO\MIP\PlatformPlugin\VideoOS.Platform\unittest\bin\Debug\net472\VideoOS.Platform.Tests.dll" adapterTypeName="executor://mstestadapter/v2" className="VideoOS.Platform.Tests.Data.HardwareDefinitionTests" name="GenerateParameters_ShouldWriteSerialNr_WhenSerialNrIsNotNull" />
    </UnitTest>
    <UnitTest name="Minimize_ShouldReturnTwoIntervals_WhenListContainsTwoNonOverlappingIntervals" storage="d:\actions-runner\_work\xpco\xpco\mip\platformplugin\videoos.platform\unittest\bin\debug\net472\videoos.platform.tests.dll" id="f8feb370-a546-7995-c8e5-2c5a9509dee9">
      <Execution id="2b05ba9c-9fe9-4e18-b61e-430e6da3a5e7" />
      <TestMethod codeBase="D:\actions-runner\_work\XPCO\XPCO\MIP\PlatformPlugin\VideoOS.Platform\unittest\bin\Debug\net472\VideoOS.Platform.Tests.dll" adapterTypeName="executor://mstestadapter/v2" className="VideoOS.Platform.Tests.Util.TimeIntervalTests" name="Minimize_ShouldReturnTwoIntervals_WhenListContainsTwoNonOverlappingIntervals" />
    </UnitTest>
    <UnitTest name="GetClientAsync_NotStartsClient_AfterFirstCall" storage="d:\actions-runner\_work\xpco\xpco\mip\platformplugin\videoos.platform\unittest\bin\debug\net472\videoos.platform.tests.dll" id="0a92ab9e-a0ef-5666-6bfc-bca43af1a11e">
      <Execution id="6008682f-29bd-4888-9608-b14fcac85875" />
      <TestMethod codeBase="D:\actions-runner\_work\XPCO\XPCO\MIP\PlatformPlugin\VideoOS.Platform\unittest\bin\Debug\net472\VideoOS.Platform.Tests.dll" adapterTypeName="executor://mstestadapter/v2" className="VideoOS.Platform.Tests.Messaging.MessageClientManagerTests" name="GetClientAsync_NotStartsClient_AfterFirstCall" />
    </UnitTest>
    <UnitTest name="CollectionReplaced_ShouldInvokeCallback_WhenNotObservable" storage="d:\actions-runner\_work\xpco\xpco\mip\platformplugin\videoos.platform\unittest\bin\debug\net472\videoos.platform.tests.dll" id="cb7e38b0-12f4-dfad-65ae-f93a1147794e">
      <Execution id="366549c1-b513-49f9-a2dc-e7e6cb4b0acc" />
      <TestMethod codeBase="D:\actions-runner\_work\XPCO\XPCO\MIP\PlatformPlugin\VideoOS.Platform\unittest\bin\Debug\net472\VideoOS.Platform.Tests.dll" adapterTypeName="executor://mstestadapter/v2" className="VideoOS.Platform.Tests.UI.Controls.CollectionHelperGenericTest" name="CollectionReplaced_ShouldInvokeCallback_WhenNotObservable" />
    </UnitTest>
    <UnitTest name="Equals_IgnoreFolderType_Fail_OnKind" storage="d:\actions-runner\_work\xpco\xpco\mip\platformplugin\videoos.platform\unittest\bin\debug\net472\videoos.platform.tests.dll" id="bd62b9df-9183-e39d-353c-d0a2ca44c2da">
      <Execution id="4e355c03-7ffb-4a13-a067-7677ff65a429" />
      <TestMethod codeBase="D:\actions-runner\_work\XPCO\XPCO\MIP\PlatformPlugin\VideoOS.Platform\unittest\bin\Debug\net472\VideoOS.Platform.Tests.dll" adapterTypeName="executor://mstestadapter/v2" className="VideoOS.Platform.Tests.FQIDtests" name="Equals_IgnoreFolderType_Fail_OnKind" />
    </UnitTest>
    <UnitTest name="AllAttributesWerePresent_ShouldReturnFalse_WhenRightAttributeIsMissing" storage="d:\actions-runner\_work\xpco\xpco\mip\platformplugin\videoos.platform\unittest\bin\debug\net472\videoos.platform.tests.dll" id="97e7d06a-68e4-1586-9e4c-e6b41260549f">
      <Execution id="67a32f7b-0f29-4eca-b35d-31028d6ee253" />
      <TestMethod codeBase="D:\actions-runner\_work\XPCO\XPCO\MIP\PlatformPlugin\VideoOS.Platform\unittest\bin\Debug\net472\VideoOS.Platform.Tests.dll" adapterTypeName="executor://mstestadapter/v2" className="VideoOS.Platform.Tests.Metadata.RectangleTests" name="AllAttributesWerePresent_ShouldReturnFalse_WhenRightAttributeIsMissing" />
    </UnitTest>
    <UnitTest name="ReadXml_ShouldLogWarningTwiceWhenMoreThanOneMinuteBetweenWarnings_WhenShapeIsInvalid" storage="d:\actions-runner\_work\xpco\xpco\mip\platformplugin\videoos.platform\unittest\bin\debug\net472\videoos.platform.tests.dll" id="fcb2e7e1-0793-e6c2-facd-27bc28ca1cfb">
      <Execution id="3187fb6c-b859-4375-84e3-8a6cf7f7fd29" />
      <TestMethod codeBase="D:\actions-runner\_work\XPCO\XPCO\MIP\PlatformPlugin\VideoOS.Platform\unittest\bin\Debug\net472\VideoOS.Platform.Tests.dll" adapterTypeName="executor://mstestadapter/v2" className="VideoOS.Platform.Tests.Metadata.AppearanceTests" name="ReadXml_ShouldLogWarningTwiceWhenMoreThanOneMinuteBetweenWarnings_WhenShapeIsInvalid" />
    </UnitTest>
    <UnitTest name="Serialize_TestCases (TestParentTypeMatchBoolThisTypeMatched)" storage="d:\actions-runner\_work\xpco\xpco\mip\platformplugin\videoos.platform\unittest\bin\debug\net472\videoos.platform.tests.dll" id="751373aa-f5d7-686f-07af-6e8a9a9a3f1f">
      <Execution id="18fd67ea-ea51-4b69-92fb-bfda67de3cb7" />
      <TestMethod codeBase="D:\actions-runner\_work\XPCO\XPCO\MIP\PlatformPlugin\VideoOS.Platform\unittest\bin\Debug\net472\VideoOS.Platform.Tests.dll" adapterTypeName="executor://mstestadapter/v2" className="VideoOS.Platform.Tests.UI.Controls.Automation.Serialization.AutomationObjectSerializerTest" name="Serialize_TestCases" />
    </UnitTest>
    <UnitTest name="GetNext_ShouldReturnNull_WhenCacheIsEmpty" storage="d:\actions-runner\_work\xpco\xpco\mip\platformplugin\videoos.platform\unittest\bin\debug\net472\videoos.platform.tests.dll" id="3ccfced6-2d87-0092-817f-624478d6bd44">
      <Execution id="6c53a60d-3c26-400f-be6d-39046b4854eb" />
      <TestMethod codeBase="D:\actions-runner\_work\XPCO\XPCO\MIP\PlatformPlugin\VideoOS.Platform\unittest\bin\Debug\net472\VideoOS.Platform.Tests.dll" adapterTypeName="executor://mstestadapter/v2" className="VideoOS.Platform.Tests.Data.MetadataCacheTests" name="GetNext_ShouldReturnNull_WhenCacheIsEmpty" />
    </UnitTest>
    <UnitTest name="TestSearchFilterCategories_WithOneAgentReturnsNull_Success" storage="d:\actions-runner\_work\xpco\xpco\mip\platformplugin\videoos.platform\unittest\bin\debug\net472\videoos.platform.tests.dll" id="39259e78-217a-ffb2-6d1b-008e44172920">
      <TestCategory>
        <TestCategoryItem TestCategory="Search" />
      </TestCategory>
      <Execution id="457f2659-6598-4b06-9f41-01ab9ea50a08" />
      <TestMethod codeBase="D:\actions-runner\_work\XPCO\XPCO\MIP\PlatformPlugin\VideoOS.Platform\unittest\bin\Debug\net472\VideoOS.Platform.Tests.dll" adapterTypeName="executor://mstestadapter/v2" className="VideoOS.Platform.Tests.Search.SearchManagerTest" name="TestSearchFilterCategories_WithOneAgentReturnsNull_Success" />
    </UnitTest>
    <UnitTest name="RegionSelectionFilterValue_DeserializeWithMissingItem_Fails" storage="d:\actions-runner\_work\xpco\xpco\mip\platformplugin\videoos.platform\unittest\bin\debug\net472\videoos.platform.tests.dll" id="60e95dc2-1384-1da5-37c2-e879ef01c39a">
      <TestCategory>
        <TestCategoryItem TestCategory="Search" />
      </TestCategory>
      <Execution id="bac4b295-4085-44ac-8278-aac6a3caafdf" />
      <TestMethod codeBase="D:\actions-runner\_work\XPCO\XPCO\MIP\PlatformPlugin\VideoOS.Platform\unittest\bin\Debug\net472\VideoOS.Platform.Tests.dll" adapterTypeName="executor://mstestadapter/v2" className="VideoOS.Platform.Tests.Search.FilterValues.FilterValueTests" name="RegionSelectionFilterValue_DeserializeWithMissingItem_Fails" />
    </UnitTest>
    <UnitTest name="SearchResultData_EndTimeWithPaddingMinValue_ShouldReturnEndTime" storage="d:\actions-runner\_work\xpco\xpco\mip\platformplugin\videoos.platform\unittest\bin\debug\net472\videoos.platform.tests.dll" id="11b5912e-600c-2c04-2bfe-19c262546aae">
      <TestCategory>
        <TestCategoryItem TestCategory="Search" />
      </TestCategory>
      <Execution id="ff716d5d-b49d-4b8b-a9c0-94f561ecf520" />
      <TestMethod codeBase="D:\actions-runner\_work\XPCO\XPCO\MIP\PlatformPlugin\VideoOS.Platform\unittest\bin\Debug\net472\VideoOS.Platform.Tests.dll" adapterTypeName="executor://mstestadapter/v2" className="VideoOS.Platform.Tests.Search.SearchResultDataTest" name="SearchResultData_EndTimeWithPaddingMinValue_ShouldReturnEndTime" />
    </UnitTest>
    <UnitTest name="Serialize_TestCases (Verify root Collection (null) property)" storage="d:\actions-runner\_work\xpco\xpco\mip\platformplugin\videoos.platform\unittest\bin\debug\net472\videoos.platform.tests.dll" id="9afbb05d-46d7-ab12-da1c-921f9b09858d">
      <Execution id="efd0870f-7af5-4271-86ab-adcc36f78111" />
      <TestMethod codeBase="D:\actions-runner\_work\XPCO\XPCO\MIP\PlatformPlugin\VideoOS.Platform\unittest\bin\Debug\net472\VideoOS.Platform.Tests.dll" adapterTypeName="executor://mstestadapter/v2" className="VideoOS.Platform.Tests.UI.Controls.Automation.Serialization.AutomationObjectSerializerTest" name="Serialize_TestCases" />
    </UnitTest>
    <UnitTest name="Parse_String_WithSpecialChars" storage="d:\actions-runner\_work\xpco\xpco\mip\platformplugin\videoos.platform\unittest\bin\debug\net472\videoos.platform.tests.dll" id="7e9864c3-ffac-3e60-e067-d303ea811382">
      <Execution id="304c4ede-44ab-4c64-bcd7-933d7cea53b3" />
      <TestMethod codeBase="D:\actions-runner\_work\XPCO\XPCO\MIP\PlatformPlugin\VideoOS.Platform\unittest\bin\Debug\net472\VideoOS.Platform.Tests.dll" adapterTypeName="executor://mstestadapter/v2" className="VideoOS.Platform.Tests.Proxy.RestApi.JsonReaderTests" name="Parse_String_WithSpecialChars" />
    </UnitTest>
    <UnitTest name="DoubleFilterValue_Deserialize_Success" storage="d:\actions-runner\_work\xpco\xpco\mip\platformplugin\videoos.platform\unittest\bin\debug\net472\videoos.platform.tests.dll" id="621f06a6-b00f-95ed-fccd-336bd41780d8">
      <TestCategory>
        <TestCategoryItem TestCategory="Search" />
      </TestCategory>
      <Execution id="84d8a4b0-0bca-4141-928b-cec89b5fff47" />
      <TestMethod codeBase="D:\actions-runner\_work\XPCO\XPCO\MIP\PlatformPlugin\VideoOS.Platform\unittest\bin\Debug\net472\VideoOS.Platform.Tests.dll" adapterTypeName="executor://mstestadapter/v2" className="VideoOS.Platform.Tests.Search.FilterValues.FilterValueTests" name="DoubleFilterValue_Deserialize_Success" />
    </UnitTest>
    <UnitTest name="ReadXml_ShouldIgnoreObject_WhenObjectIsPresenWithWrongNamespace" storage="d:\actions-runner\_work\xpco\xpco\mip\platformplugin\videoos.platform\unittest\bin\debug\net472\videoos.platform.tests.dll" id="29ac2707-c2cb-35e2-eedb-a90688f5df17">
      <Execution id="0ece0505-87dc-4356-b0af-680aeac5da8b" />
      <TestMethod codeBase="D:\actions-runner\_work\XPCO\XPCO\MIP\PlatformPlugin\VideoOS.Platform\unittest\bin\Debug\net472\VideoOS.Platform.Tests.dll" adapterTypeName="executor://mstestadapter/v2" className="VideoOS.Platform.Tests.Metadata.FrameTests" name="ReadXml_ShouldIgnoreObject_WhenObjectIsPresenWithWrongNamespace" />
    </UnitTest>
    <UnitTest name="ConstructorArgb_ShouldReturnCorrectArgbValues_Always" storage="d:\actions-runner\_work\xpco\xpco\mip\platformplugin\videoos.platform\unittest\bin\debug\net472\videoos.platform.tests.dll" id="d4c38e91-653a-61a8-9381-1f7444c31b36">
      <Execution id="384cc105-6649-4db5-999b-37b171292c67" />
      <TestMethod codeBase="D:\actions-runner\_work\XPCO\XPCO\MIP\PlatformPlugin\VideoOS.Platform\unittest\bin\Debug\net472\VideoOS.Platform.Tests.dll" adapterTypeName="executor://mstestadapter/v2" className="VideoOS.Platform.Tests.Metadata.DisplayColorTests" name="ConstructorArgb_ShouldReturnCorrectArgbValues_Always" />
    </UnitTest>
    <UnitTest name="ReadXml_ShouldIgnoreUnknownAttributes_WhenAlways" storage="d:\actions-runner\_work\xpco\xpco\mip\platformplugin\videoos.platform\unittest\bin\debug\net472\videoos.platform.tests.dll" id="30eb4594-0190-4b3a-1578-17048e926b12">
      <Execution id="0930b4f6-4c40-4774-b139-a834658710f6" />
      <TestMethod codeBase="D:\actions-runner\_work\XPCO\XPCO\MIP\PlatformPlugin\VideoOS.Platform\unittest\bin\Debug\net472\VideoOS.Platform.Tests.dll" adapterTypeName="executor://mstestadapter/v2" className="VideoOS.Platform.Tests.Metadata.RectangleTests" name="ReadXml_ShouldIgnoreUnknownAttributes_WhenAlways" />
    </UnitTest>
    <UnitTest name="Parse_StringArray" storage="d:\actions-runner\_work\xpco\xpco\mip\platformplugin\videoos.platform\unittest\bin\debug\net472\videoos.platform.tests.dll" id="f0783c93-05f5-3c2a-1813-26adff12a929">
      <Execution id="305d16b2-5a7e-48ad-a9b2-5bdb849f1fc9" />
      <TestMethod codeBase="D:\actions-runner\_work\XPCO\XPCO\MIP\PlatformPlugin\VideoOS.Platform\unittest\bin\Debug\net472\VideoOS.Platform.Tests.dll" adapterTypeName="executor://mstestadapter/v2" className="VideoOS.Platform.Tests.Proxy.RestApi.JsonReaderTests" name="Parse_StringArray" />
    </UnitTest>
    <UnitTest name="GenerateParameters_ShouldWriteResolutionList_WhenResolutionSetIsNotEmpty" storage="d:\actions-runner\_work\xpco\xpco\mip\platformplugin\videoos.platform\unittest\bin\debug\net472\videoos.platform.tests.dll" id="0668f627-8706-4ec9-03ec-e3e79b2c140f">
      <Execution id="05098682-4949-44da-888f-3c80b7ab7a8f" />
      <TestMethod codeBase="D:\actions-runner\_work\XPCO\XPCO\MIP\PlatformPlugin\VideoOS.Platform\unittest\bin\Debug\net472\VideoOS.Platform.Tests.dll" adapterTypeName="executor://mstestadapter/v2" className="VideoOS.Platform.Tests.Data.CameraDeviceDefinitionTests" name="GenerateParameters_ShouldWriteResolutionList_WhenResolutionSetIsNotEmpty" />
    </UnitTest>
    <UnitTest name="ReadXml_ShouldIgnoreTransformation_WhenTransformationIsPresenWithWrongNamespace" storage="d:\actions-runner\_work\xpco\xpco\mip\platformplugin\videoos.platform\unittest\bin\debug\net472\videoos.platform.tests.dll" id="4b5c9b24-d906-a00f-3905-ed5f0c9f240a">
      <Execution id="ae7b3a05-3d47-4b5f-8d26-3506e09f9e31" />
      <TestMethod codeBase="D:\actions-runner\_work\XPCO\XPCO\MIP\PlatformPlugin\VideoOS.Platform\unittest\bin\Debug\net472\VideoOS.Platform.Tests.dll" adapterTypeName="executor://mstestadapter/v2" className="VideoOS.Platform.Tests.Metadata.AppearanceTests" name="ReadXml_ShouldIgnoreTransformation_WhenTransformationIsPresenWithWrongNamespace" />
    </UnitTest>
    <UnitTest name="Equals_Fail_OnParentId" storage="d:\actions-runner\_work\xpco\xpco\mip\platformplugin\videoos.platform\unittest\bin\debug\net472\videoos.platform.tests.dll" id="0e72e474-7df2-3dd5-7160-b0a32b2afdd9">
      <Execution id="167cb474-1637-4bb2-96c9-9c84a73725b2" />
      <TestMethod codeBase="D:\actions-runner\_work\XPCO\XPCO\MIP\PlatformPlugin\VideoOS.Platform\unittest\bin\Debug\net472\VideoOS.Platform.Tests.dll" adapterTypeName="executor://mstestadapter/v2" className="VideoOS.Platform.Tests.FQIDtests" name="Equals_Fail_OnParentId" />
    </UnitTest>
    <UnitTest name="Encrypt_ShouldThrowMIPException_WhenCryptographicServiceProviderIsNotAvailable" storage="d:\actions-runner\_work\xpco\xpco\mip\platformplugin\videoos.platform\unittest\bin\debug\net472\videoos.platform.tests.dll" id="893df90f-4ad3-2688-f803-e533f67faf3b">
      <Execution id="3f071fd0-76b4-4e2d-844c-d5bc6ee96085" />
      <TestMethod codeBase="D:\actions-runner\_work\XPCO\XPCO\MIP\PlatformPlugin\VideoOS.Platform\unittest\bin\Debug\net472\VideoOS.Platform.Tests.dll" adapterTypeName="executor://mstestadapter/v2" className="VideoOS.Platform.Tests.License.NonFipsLicenseCompatibilityHandlerTests" name="Encrypt_ShouldThrowMIPException_WhenCryptographicServiceProviderIsNotAvailable" />
    </UnitTest>
    <UnitTest name="ParseArgbString_ShouldCreateInstanceWithCorrectARGBValues_WhenFormatIsCorrect" storage="d:\actions-runner\_work\xpco\xpco\mip\platformplugin\videoos.platform\unittest\bin\debug\net472\videoos.platform.tests.dll" id="8f92c43f-5727-bf2b-415e-cb82964ac302">
      <Execution id="0a0544da-8451-476d-91af-ef35199e5ae2" />
      <TestMethod codeBase="D:\actions-runner\_work\XPCO\XPCO\MIP\PlatformPlugin\VideoOS.Platform\unittest\bin\Debug\net472\VideoOS.Platform.Tests.dll" adapterTypeName="executor://mstestadapter/v2" className="VideoOS.Platform.Tests.Metadata.DisplayColorTests" name="ParseArgbString_ShouldCreateInstanceWithCorrectARGBValues_WhenFormatIsCorrect" />
    </UnitTest>
    <UnitTest name="TestConstructor_ExceptionParameters_Success" storage="d:\actions-runner\_work\xpco\xpco\mip\platformplugin\videoos.platform\unittest\bin\debug\net472\videoos.platform.tests.dll" id="31051539-7cfa-1db5-4cea-df2287622770">
      <Execution id="670f5261-056d-4236-bb93-23ed45f22051" />
      <TestMethod codeBase="D:\actions-runner\_work\XPCO\XPCO\MIP\PlatformPlugin\VideoOS.Platform\unittest\bin\Debug\net472\VideoOS.Platform.Tests.dll" adapterTypeName="executor://mstestadapter/v2" className="VideoOS.Platform.Tests.Search.Error.CustomSearchErrorTest" name="TestConstructor_ExceptionParameters_Success" />
    </UnitTest>
    <UnitTest name="Serialize_TestCases (TestParentTypeMatchEnumNotThisTypeMatched)" storage="d:\actions-runner\_work\xpco\xpco\mip\platformplugin\videoos.platform\unittest\bin\debug\net472\videoos.platform.tests.dll" id="81dd526f-aa99-4632-ea5a-436981f22beb">
      <Execution id="770c1332-7f9c-49f1-b1e6-8b228f9eb975" />
      <TestMethod codeBase="D:\actions-runner\_work\XPCO\XPCO\MIP\PlatformPlugin\VideoOS.Platform\unittest\bin\Debug\net472\VideoOS.Platform.Tests.dll" adapterTypeName="executor://mstestadapter/v2" className="VideoOS.Platform.Tests.UI.Controls.Automation.Serialization.AutomationObjectSerializerTest" name="Serialize_TestCases" />
    </UnitTest>
    <UnitTest name="TestConstructor_Success" storage="d:\actions-runner\_work\xpco\xpco\mip\platformplugin\videoos.platform\unittest\bin\debug\net472\videoos.platform.tests.dll" id="5aae0d5c-c153-7620-5b85-675beef30370">
      <Execution id="574cc814-8d7e-4034-9a64-5517d8e7dc8f" />
      <TestMethod codeBase="D:\actions-runner\_work\XPCO\XPCO\MIP\PlatformPlugin\VideoOS.Platform\unittest\bin\Debug\net472\VideoOS.Platform.Tests.dll" adapterTypeName="executor://mstestadapter/v2" className="VideoOS.Platform.Tests.Search.Error.NoItemsSupportedSearchErrorTest" name="TestConstructor_Success" />
    </UnitTest>
    <UnitTest name="GetChildItems_ShouldReturnItems_WhenAllForParentAreAdded" storage="d:\actions-runner\_work\xpco\xpco\mip\platformplugin\videoos.platform\unittest\bin\debug\net472\videoos.platform.tests.dll" id="0ef6c2b0-c03c-b1c8-fd6f-4840c4db7605">
      <Execution id="00e165d6-d4a2-4326-af8b-55acae8a15ae" />
      <TestMethod codeBase="D:\actions-runner\_work\XPCO\XPCO\MIP\PlatformPlugin\VideoOS.Platform\unittest\bin\Debug\net472\VideoOS.Platform.Tests.dll" adapterTypeName="executor://mstestadapter/v2" className="VideoOS.Platform.Tests.Util.ConfigurationCacheTests" name="GetChildItems_ShouldReturnItems_WhenAllForParentAreAdded" />
    </UnitTest>
    <UnitTest name="IconOverlay_VaryingOverlays_Success" storage="d:\actions-runner\_work\xpco\xpco\mip\platformplugin\videoos.platform\unittest\bin\debug\net472\videoos.platform.tests.dll" id="9f4b8baa-3d93-c3b8-cb10-c40ec85c9336">
      <Execution id="939ee79b-3d7e-4e71-8781-786f1594b7c2" />
      <TestMethod codeBase="D:\actions-runner\_work\XPCO\XPCO\MIP\PlatformPlugin\VideoOS.Platform\unittest\bin\Debug\net472\VideoOS.Platform.Tests.dll" adapterTypeName="executor://mstestadapter/v2" className="VideoOS.Platform.Tests.ItemTests" name="IconOverlay_VaryingOverlays_Success" />
    </UnitTest>
    <UnitTest name="WriteXml_ShouldWriteTranslateContents_WhenTranslateIsNotNull" storage="d:\actions-runner\_work\xpco\xpco\mip\platformplugin\videoos.platform\unittest\bin\debug\net472\videoos.platform.tests.dll" id="5d3ae8cd-0741-cea7-50c0-7e2ff7ad47a7">
      <Execution id="c397be2a-6ec2-4456-a85e-2465151741ab" />
      <TestMethod codeBase="D:\actions-runner\_work\XPCO\XPCO\MIP\PlatformPlugin\VideoOS.Platform\unittest\bin\Debug\net472\VideoOS.Platform.Tests.dll" adapterTypeName="executor://mstestadapter/v2" className="VideoOS.Platform.Tests.Metadata.TransformationTests" name="WriteXml_ShouldWriteTranslateContents_WhenTranslateIsNotNull" />
    </UnitTest>
    <UnitTest name="TestConstructor_Success" storage="d:\actions-runner\_work\xpco\xpco\mip\platformplugin\videoos.platform\unittest\bin\debug\net472\videoos.platform.tests.dll" id="e734e722-c897-0ccb-6f21-a044403c8cd2">
      <Execution id="50b5d13a-f392-4b00-96c4-dfa80e9fe889" />
      <TestMethod codeBase="D:\actions-runner\_work\XPCO\XPCO\MIP\PlatformPlugin\VideoOS.Platform\unittest\bin\Debug\net472\VideoOS.Platform.Tests.dll" adapterTypeName="executor://mstestadapter/v2" className="VideoOS.Platform.Tests.Search.Error.UnknownSearchErrorTest" name="TestConstructor_Success" />
    </UnitTest>
    <UnitTest name="Convert_SingleArgumentConverter_ShouldAllowNullValue_WhenArgumentIsReferenceType" storage="d:\actions-runner\_work\xpco\xpco\mip\platformplugin\videoos.platform\unittest\bin\debug\net472\videoos.platform.tests.dll" id="43f214ef-30cf-ba92-5a64-f56ecf6591a8">
      <Execution id="72f9ea9c-7708-41d7-80d1-731b579ebdd2" />
      <TestMethod codeBase="D:\actions-runner\_work\XPCO\XPCO\MIP\PlatformPlugin\VideoOS.Platform\unittest\bin\Debug\net472\VideoOS.Platform.Tests.dll" adapterTypeName="executor://mstestadapter/v2" className="VideoOS.Platform.Tests.UI.Converters.LambdaConverterTest" name="Convert_SingleArgumentConverter_ShouldAllowNullValue_WhenArgumentIsReferenceType" />
    </UnitTest>
    <UnitTest name="GenerateParameters_ShouldWriteGopRange_WhenGopRangeIsNotNull" storage="d:\actions-runner\_work\xpco\xpco\mip\platformplugin\videoos.platform\unittest\bin\debug\net472\videoos.platform.tests.dll" id="b2538acc-438d-df18-2761-19b1ee3522d9">
      <Execution id="189efc37-4da9-4e07-b7ec-bef1a9574413" />
      <TestMethod codeBase="D:\actions-runner\_work\XPCO\XPCO\MIP\PlatformPlugin\VideoOS.Platform\unittest\bin\Debug\net472\VideoOS.Platform.Tests.dll" adapterTypeName="executor://mstestadapter/v2" className="VideoOS.Platform.Tests.Data.CameraDeviceDefinitionTests" name="GenerateParameters_ShouldWriteGopRange_WhenGopRangeIsNotNull" />
    </UnitTest>
    <UnitTest name="Equals_Fail_OnServerIdNull" storage="d:\actions-runner\_work\xpco\xpco\mip\platformplugin\videoos.platform\unittest\bin\debug\net472\videoos.platform.tests.dll" id="9fd340a4-bdf1-80dc-4aa5-677b8c727a2b">
      <Execution id="45c076c4-3d08-4b4e-a8f7-04b52c39185a" />
      <TestMethod codeBase="D:\actions-runner\_work\XPCO\XPCO\MIP\PlatformPlugin\VideoOS.Platform\unittest\bin\Debug\net472\VideoOS.Platform.Tests.dll" adapterTypeName="executor://mstestadapter/v2" className="VideoOS.Platform.Tests.FQIDtests" name="Equals_Fail_OnServerIdNull" />
    </UnitTest>
    <UnitTest name="Remove_ItemNotInQueue_NoChange" storage="d:\actions-runner\_work\xpco\xpco\mip\platformplugin\videoos.platform\unittest\bin\debug\net472\videoos.platform.tests.dll" id="6c89edff-e640-ffef-eff3-e38e5c9bbb28">
      <Execution id="991ff6a6-33d0-4c95-8509-0ffa78dd484e" />
      <TestMethod codeBase="D:\actions-runner\_work\XPCO\XPCO\MIP\PlatformPlugin\VideoOS.Platform\unittest\bin\Debug\net472\VideoOS.Platform.Tests.dll" adapterTypeName="executor://mstestadapter/v2" className="VideoOS.Platform.Tests.Util.Queue.ConcurrentQueueSlimTests" name="Remove_ItemNotInQueue_NoChange" />
    </UnitTest>
    <UnitTest name="ReadXml_ShouldLogWarning_WhenFrameDidNotReadUtcTime" storage="d:\actions-runner\_work\xpco\xpco\mip\platformplugin\videoos.platform\unittest\bin\debug\net472\videoos.platform.tests.dll" id="702f283c-acf3-b66b-da58-6b428c67206f">
      <Execution id="bee870fc-852f-414e-afa0-e6e337cd33de" />
      <TestMethod codeBase="D:\actions-runner\_work\XPCO\XPCO\MIP\PlatformPlugin\VideoOS.Platform\unittest\bin\Debug\net472\VideoOS.Platform.Tests.dll" adapterTypeName="executor://mstestadapter/v2" className="VideoOS.Platform.Tests.Metadata.VideoAnalyticsTests" name="ReadXml_ShouldLogWarning_WhenFrameDidNotReadUtcTime" />
    </UnitTest>
    <UnitTest name="Serialize_TestCases (TestParentTypeMatchInterfaceNotThisTypeMatchedProperty)" storage="d:\actions-runner\_work\xpco\xpco\mip\platformplugin\videoos.platform\unittest\bin\debug\net472\videoos.platform.tests.dll" id="70b285fc-710a-f379-d65f-f5e6f4c70eac">
      <Execution id="9650c476-21f2-4cf8-8312-6d0992920889" />
      <TestMethod codeBase="D:\actions-runner\_work\XPCO\XPCO\MIP\PlatformPlugin\VideoOS.Platform\unittest\bin\Debug\net472\VideoOS.Platform.Tests.dll" adapterTypeName="executor://mstestadapter/v2" className="VideoOS.Platform.Tests.UI.Controls.Automation.Serialization.AutomationObjectSerializerTest" name="Serialize_TestCases" />
    </UnitTest>
    <UnitTest name="ProvideValue_ShouldUseItemContentTemplate_WhenContentTemplateIsSetOnDropDownAndOnItem" storage="d:\actions-runner\_work\xpco\xpco\mip\platformplugin\videoos.platform\unittest\bin\debug\net472\videoos.platform.tests.dll" id="14a48fdf-998f-a4a7-ad0a-dfa3e87104de">
      <TestCategory>
        <TestCategoryItem TestCategory="DropDowns" />
      </TestCategory>
      <Execution id="a450e923-f4c5-46cb-a5e9-9d68233b79f6" />
      <TestMethod codeBase="D:\actions-runner\_work\XPCO\XPCO\MIP\PlatformPlugin\VideoOS.Platform\unittest\bin\Debug\net472\VideoOS.Platform.Tests.dll" adapterTypeName="executor://mstestadapter/v2" className="VideoOS.Platform.Tests.UI.Controls.DropDowns.Internal.SelectedItemContentTemplateExtensionTest" name="ProvideValue_ShouldUseItemContentTemplate_WhenContentTemplateIsSetOnDropDownAndOnItem" />
    </UnitTest>
    <UnitTest name="GetPrevious_ShouldReturnNull_WhenThereIsNoPrevoiusEntryAfterCallToFindCacheEntryBefore" storage="d:\actions-runner\_work\xpco\xpco\mip\platformplugin\videoos.platform\unittest\bin\debug\net472\videoos.platform.tests.dll" id="708c93d9-3b87-f482-2b59-76adaefd6f67">
      <Execution id="6a816d81-998e-4670-9a6f-1c5fbbb1a104" />
      <TestMethod codeBase="D:\actions-runner\_work\XPCO\XPCO\MIP\PlatformPlugin\VideoOS.Platform\unittest\bin\Debug\net472\VideoOS.Platform.Tests.dll" adapterTypeName="executor://mstestadapter/v2" className="VideoOS.Platform.Tests.Data.MetadataCacheTests" name="GetPrevious_ShouldReturnNull_WhenThereIsNoPrevoiusEntryAfterCallToFindCacheEntryBefore" />
    </UnitTest>
    <UnitTest name="Stop_ShouldReinitializeThrowsException_ProcessorSurvives" storage="d:\actions-runner\_work\xpco\xpco\mip\platformplugin\videoos.platform\unittest\bin\debug\net472\videoos.platform.tests.dll" id="aa967bfa-3977-123e-a321-b0953779e966">
      <Execution id="2b2882be-737e-4f49-8d51-910b22afa4f0" />
      <TestMethod codeBase="D:\actions-runner\_work\XPCO\XPCO\MIP\PlatformPlugin\VideoOS.Platform\unittest\bin\Debug\net472\VideoOS.Platform.Tests.dll" adapterTypeName="executor://mstestadapter/v2" className="VideoOS.Platform.Tests.Util.Queue.ResourceProcessorTests" name="Stop_ShouldReinitializeThrowsException_ProcessorSurvives" />
    </UnitTest>
    <UnitTest name="TestConstructor_NullExceptionParameters_Failure" storage="d:\actions-runner\_work\xpco\xpco\mip\platformplugin\videoos.platform\unittest\bin\debug\net472\videoos.platform.tests.dll" id="bbdf2549-aad3-7a58-579e-b0fce02debdf">
      <Execution id="3d6ef223-8095-4391-8517-53a2d7c4fd6d" />
      <TestMethod codeBase="D:\actions-runner\_work\XPCO\XPCO\MIP\PlatformPlugin\VideoOS.Platform\unittest\bin\Debug\net472\VideoOS.Platform.Tests.dll" adapterTypeName="executor://mstestadapter/v2" className="VideoOS.Platform.Tests.Search.Error.CustomSearchErrorTest" name="TestConstructor_NullExceptionParameters_Failure" />
    </UnitTest>
    <UnitTest name="ServerIdWithHttpAsDefault_Construct_Success" storage="d:\actions-runner\_work\xpco\xpco\mip\platformplugin\videoos.platform\unittest\bin\debug\net472\videoos.platform.tests.dll" id="1b922494-8fe6-7989-fdba-e8485055ed6f">
      <Execution id="cd6e3d0c-f923-4c51-947f-6c13e4e2487e" />
      <TestMethod codeBase="D:\actions-runner\_work\XPCO\XPCO\MIP\PlatformPlugin\VideoOS.Platform\unittest\bin\Debug\net472\VideoOS.Platform.Tests.dll" adapterTypeName="executor://mstestadapter/v2" className="VideoOS.Platform.Tests.FQIDtests" name="ServerIdWithHttpAsDefault_Construct_Success" />
    </UnitTest>
    <UnitTest name="ClearFilterValues_NullFilter_Throws" storage="d:\actions-runner\_work\xpco\xpco\mip\platformplugin\videoos.platform\unittest\bin\debug\net472\videoos.platform.tests.dll" id="2d7b55ce-f568-7dde-659b-5f6dd5c4e10b">
      <TestCategory>
        <TestCategoryItem TestCategory="Search" />
      </TestCategory>
      <Execution id="0a0eb84b-be09-40d3-a20f-37d947b7743b" />
      <TestMethod codeBase="D:\actions-runner\_work\XPCO\XPCO\MIP\PlatformPlugin\VideoOS.Platform\unittest\bin\Debug\net472\VideoOS.Platform.Tests.dll" adapterTypeName="executor://mstestadapter/v2" className="VideoOS.Platform.Tests.Search.SearchCriteriaTest" name="ClearFilterValues_NullFilter_Throws" />
    </UnitTest>
    <UnitTest name="Serialize_TestCases (TestParentTypeMatchInterfaceThisTypeNotMatched)" storage="d:\actions-runner\_work\xpco\xpco\mip\platformplugin\videoos.platform\unittest\bin\debug\net472\videoos.platform.tests.dll" id="3363df9c-1686-e3c9-673a-c7382ed08e03">
      <Execution id="2900de68-1be1-4185-bf6c-3113a8c1e13d" />
      <TestMethod codeBase="D:\actions-runner\_work\XPCO\XPCO\MIP\PlatformPlugin\VideoOS.Platform\unittest\bin\Debug\net472\VideoOS.Platform.Tests.dll" adapterTypeName="executor://mstestadapter/v2" className="VideoOS.Platform.Tests.UI.Controls.Automation.Serialization.AutomationObjectSerializerTest" name="Serialize_TestCases" />
    </UnitTest>
    <UnitTest name="GetPrevious_ShouldReturnNull_WhenFirstEntryWasCalled" storage="d:\actions-runner\_work\xpco\xpco\mip\platformplugin\videoos.platform\unittest\bin\debug\net472\videoos.platform.tests.dll" id="7c55a314-e50c-cf7f-eb2f-1d2ce3940e80">
      <Execution id="228df39c-5816-4288-8858-67f3505d5f26" />
      <TestMethod codeBase="D:\actions-runner\_work\XPCO\XPCO\MIP\PlatformPlugin\VideoOS.Platform\unittest\bin\Debug\net472\VideoOS.Platform.Tests.dll" adapterTypeName="executor://mstestadapter/v2" className="VideoOS.Platform.Tests.Data.MetadataCacheTests" name="GetPrevious_ShouldReturnNull_WhenFirstEntryWasCalled" />
    </UnitTest>
    <UnitTest name="Append_Element_KeyBackSlashString" storage="d:\actions-runner\_work\xpco\xpco\mip\platformplugin\videoos.platform\unittest\bin\debug\net472\videoos.platform.tests.dll" id="90a2670f-70e3-342d-ffb1-12b2148b7041">
      <Execution id="d778e46d-adb3-4e7a-b56e-dd91358c5560" />
      <TestMethod codeBase="D:\actions-runner\_work\XPCO\XPCO\MIP\PlatformPlugin\VideoOS.Platform\unittest\bin\Debug\net472\VideoOS.Platform.Tests.dll" adapterTypeName="executor://mstestadapter/v2" className="VideoOS.Platform.Tests.Proxy.RestApi.JsonBuilderTests" name="Append_Element_KeyBackSlashString" />
    </UnitTest>
    <UnitTest name="Equals_ShouldHaveValueSemantics_WhenAlways" storage="d:\actions-runner\_work\xpco\xpco\mip\platformplugin\videoos.platform\unittest\bin\debug\net472\videoos.platform.tests.dll" id="5f1d3042-4664-b398-297d-153c346ec0d1">
      <Execution id="90cb94e7-8c95-449d-9713-46eed7ba6f06" />
      <TestMethod codeBase="D:\actions-runner\_work\XPCO\XPCO\MIP\PlatformPlugin\VideoOS.Platform\unittest\bin\Debug\net472\VideoOS.Platform.Tests.dll" adapterTypeName="executor://mstestadapter/v2" className="VideoOS.Platform.Tests.Metadata.ClassCandidateTests" name="Equals_ShouldHaveValueSemantics_WhenAlways" />
    </UnitTest>
    <UnitTest name="ReadXml_ShouldLogWarning_WhenLikelihoodIsNotANumber" storage="d:\actions-runner\_work\xpco\xpco\mip\platformplugin\videoos.platform\unittest\bin\debug\net472\videoos.platform.tests.dll" id="dccf2726-dfd0-7d43-4aa6-126f8354b46b">
      <Execution id="c6fa9b27-f676-463f-b014-113f55be50f6" />
      <TestMethod codeBase="D:\actions-runner\_work\XPCO\XPCO\MIP\PlatformPlugin\VideoOS.Platform\unittest\bin\Debug\net472\VideoOS.Platform.Tests.dll" adapterTypeName="executor://mstestadapter/v2" className="VideoOS.Platform.Tests.Metadata.ClassCandidateTests" name="ReadXml_ShouldLogWarning_WhenLikelihoodIsNotANumber" />
    </UnitTest>
    <UnitTest name="TestSearchFilterCategories_WithOneAgentThrowingException_Success" storage="d:\actions-runner\_work\xpco\xpco\mip\platformplugin\videoos.platform\unittest\bin\debug\net472\videoos.platform.tests.dll" id="3d1a6672-4657-c0b5-09b7-40d121d78ad6">
      <TestCategory>
        <TestCategoryItem TestCategory="Search" />
      </TestCategory>
      <Execution id="1bd36b30-69a3-4bf6-9230-744e471ff297" />
      <TestMethod codeBase="D:\actions-runner\_work\XPCO\XPCO\MIP\PlatformPlugin\VideoOS.Platform\unittest\bin\Debug\net472\VideoOS.Platform.Tests.dll" adapterTypeName="executor://mstestadapter/v2" className="VideoOS.Platform.Tests.Search.SearchManagerTest" name="TestSearchFilterCategories_WithOneAgentThrowingException_Success" />
    </UnitTest>
    <UnitTest name="ReadXml_ShouldLogWarningTwiceWhenMoreThanOneMinuteBetweenWarnings_WhenBoundingBoxIsIncomplete" storage="d:\actions-runner\_work\xpco\xpco\mip\platformplugin\videoos.platform\unittest\bin\debug\net472\videoos.platform.tests.dll" id="2813fb62-7764-a6ad-5950-42865213a523">
      <Execution id="7de803a2-dd5a-4201-94cb-f715216a91e5" />
      <TestMethod codeBase="D:\actions-runner\_work\XPCO\XPCO\MIP\PlatformPlugin\VideoOS.Platform\unittest\bin\Debug\net472\VideoOS.Platform.Tests.dll" adapterTypeName="executor://mstestadapter/v2" className="VideoOS.Platform.Tests.Metadata.ShapeTests" name="ReadXml_ShouldLogWarningTwiceWhenMoreThanOneMinuteBetweenWarnings_WhenBoundingBoxIsIncomplete" />
    </UnitTest>
    <UnitTest name="ToString_MipItemSet_Has_Value" storage="d:\actions-runner\_work\xpco\xpco\mip\platformplugin\videoos.platform\unittest\bin\debug\net472\videoos.platform.tests.dll" id="0be364f3-65a8-13b6-624b-a54197fbf75c">
      <Execution id="ba1794f4-140f-413b-80fb-43ebcad4d212" />
      <TestMethod codeBase="D:\actions-runner\_work\XPCO\XPCO\MIP\PlatformPlugin\VideoOS.Platform\unittest\bin\Debug\net472\VideoOS.Platform.Tests.dll" adapterTypeName="executor://mstestadapter/v2" className="VideoOS.Platform.Tests.UI.ItemPicker.ItemViewModelTest" name="ToString_MipItemSet_Has_Value" />
    </UnitTest>
    <UnitTest name="ReadXml_ShouldIgnoreTranslate_WhenTranslateIsPresentWithWrongNamespace" storage="d:\actions-runner\_work\xpco\xpco\mip\platformplugin\videoos.platform\unittest\bin\debug\net472\videoos.platform.tests.dll" id="f278ce31-b96d-473d-9186-28e37d813604">
      <Execution id="92237e30-1a95-47c5-a5c5-a4cf556dce5f" />
      <TestMethod codeBase="D:\actions-runner\_work\XPCO\XPCO\MIP\PlatformPlugin\VideoOS.Platform\unittest\bin\Debug\net472\VideoOS.Platform.Tests.dll" adapterTypeName="executor://mstestadapter/v2" className="VideoOS.Platform.Tests.Metadata.TransformationTests" name="ReadXml_ShouldIgnoreTranslate_WhenTranslateIsPresentWithWrongNamespace" />
    </UnitTest>
    <UnitTest name="CreateSearchResultUserControl_SinglePlugin_Success" storage="d:\actions-runner\_work\xpco\xpco\mip\platformplugin\videoos.platform\unittest\bin\debug\net472\videoos.platform.tests.dll" id="2a445259-81b4-7d21-8522-cb29686e8b5b">
      <TestCategory>
        <TestCategoryItem TestCategory="Search" />
      </TestCategory>
      <Execution id="2d8ad10e-f782-457d-a8da-7cccc18de904" />
      <TestMethod codeBase="D:\actions-runner\_work\XPCO\XPCO\MIP\PlatformPlugin\VideoOS.Platform\unittest\bin\Debug\net472\VideoOS.Platform.Tests.dll" adapterTypeName="executor://mstestadapter/v2" className="VideoOS.Platform.Tests.Search.SearchUserControlResolverTest" name="CreateSearchResultUserControl_SinglePlugin_Success" />
    </UnitTest>
    <UnitTest name="Close_ScopeChangedEventHandlerSet_EventHandlerRemoved" storage="d:\actions-runner\_work\xpco\xpco\mip\platformplugin\videoos.platform\unittest\bin\debug\net472\videoos.platform.tests.dll" id="34c289c0-6cda-cf85-24b7-8d07bcc44948">
      <TestCategory>
        <TestCategoryItem TestCategory="Search" />
      </TestCategory>
      <Execution id="92e37906-3a95-4049-a7b9-128f09fff312" />
      <TestMethod codeBase="D:\actions-runner\_work\XPCO\XPCO\MIP\PlatformPlugin\VideoOS.Platform\unittest\bin\Debug\net472\VideoOS.Platform.Tests.dll" adapterTypeName="executor://mstestadapter/v2" className="VideoOS.Platform.Tests.Search.SearchCriteriaTest" name="Close_ScopeChangedEventHandlerSet_EventHandlerRemoved" />
    </UnitTest>
    <UnitTest name="ReadXml_ShouldSetIsIdle_WhenIdleElementIsPresentWithCorrectNamespace" storage="d:\actions-runner\_work\xpco\xpco\mip\platformplugin\videoos.platform\unittest\bin\debug\net472\videoos.platform.tests.dll" id="f66cd845-32f8-8293-9ecc-cb3301f62262">
      <Execution id="0ecd727b-231c-43b0-a01b-bb904c4f5f97" />
      <TestMethod codeBase="D:\actions-runner\_work\XPCO\XPCO\MIP\PlatformPlugin\VideoOS.Platform\unittest\bin\Debug\net472\VideoOS.Platform.Tests.dll" adapterTypeName="executor://mstestadapter/v2" className="VideoOS.Platform.Tests.Metadata.BehaviourTests" name="ReadXml_ShouldSetIsIdle_WhenIdleElementIsPresentWithCorrectNamespace" />
    </UnitTest>
    <UnitTest name="Serialize_ShouldHandleCollectionFilter_WhenMatchingCollectionItemsTypeAndItMatchesNone" storage="d:\actions-runner\_work\xpco\xpco\mip\platformplugin\videoos.platform\unittest\bin\debug\net472\videoos.platform.tests.dll" id="8938eaaa-10f4-1d84-a810-d332ab0c7421">
      <Execution id="313ee6ad-958b-4ef4-9f4f-864498b3baf7" />
      <TestMethod codeBase="D:\actions-runner\_work\XPCO\XPCO\MIP\PlatformPlugin\VideoOS.Platform\unittest\bin\Debug\net472\VideoOS.Platform.Tests.dll" adapterTypeName="executor://mstestadapter/v2" className="VideoOS.Platform.Tests.UI.Controls.Automation.Serialization.AutomationObjectSerializerTypeFilterTests" name="Serialize_ShouldHandleCollectionFilter_WhenMatchingCollectionItemsTypeAndItMatchesNone" />
    </UnitTest>
    <UnitTest name="IsEmptyValue_StringFilterValue_WithCharacters_ReturnsFalse" storage="d:\actions-runner\_work\xpco\xpco\mip\platformplugin\videoos.platform\unittest\bin\debug\net472\videoos.platform.tests.dll" id="fc700c0a-f7f2-a9aa-c628-23e607736cb2">
      <TestCategory>
        <TestCategoryItem TestCategory="Search" />
      </TestCategory>
      <Execution id="9986c0b3-786f-4416-944e-49536ad08f87" />
      <TestMethod codeBase="D:\actions-runner\_work\XPCO\XPCO\MIP\PlatformPlugin\VideoOS.Platform\unittest\bin\Debug\net472\VideoOS.Platform.Tests.dll" adapterTypeName="executor://mstestadapter/v2" className="VideoOS.Platform.Tests.Search.SearchFilterTest" name="IsEmptyValue_StringFilterValue_WithCharacters_ReturnsFalse" />
    </UnitTest>
    <UnitTest name="Serialize_TestCases (Verify root Interface (null) property get property value)" storage="d:\actions-runner\_work\xpco\xpco\mip\platformplugin\videoos.platform\unittest\bin\debug\net472\videoos.platform.tests.dll" id="be9afefd-3e5c-30aa-4b57-e6076c69f81c">
      <Execution id="4ba36313-7736-4498-89f3-21baae0d6b51" />
      <TestMethod codeBase="D:\actions-runner\_work\XPCO\XPCO\MIP\PlatformPlugin\VideoOS.Platform\unittest\bin\Debug\net472\VideoOS.Platform.Tests.dll" adapterTypeName="executor://mstestadapter/v2" className="VideoOS.Platform.Tests.UI.Controls.Automation.Serialization.AutomationObjectSerializerTest" name="Serialize_TestCases" />
    </UnitTest>
    <UnitTest name="GetParent_OfPreset_Check" storage="d:\actions-runner\_work\xpco\xpco\mip\platformplugin\videoos.platform\unittest\bin\debug\net472\videoos.platform.tests.dll" id="21a0d29c-e94f-b292-af3e-a395eaa62ce5">
      <Execution id="e305f95e-b09d-44ae-87c2-12b24da5e2c8" />
      <TestMethod codeBase="D:\actions-runner\_work\XPCO\XPCO\MIP\PlatformPlugin\VideoOS.Platform\unittest\bin\Debug\net472\VideoOS.Platform.Tests.dll" adapterTypeName="executor://mstestadapter/v2" className="VideoOS.Platform.Tests.ItemTests" name="GetParent_OfPreset_Check" />
    </UnitTest>
    <UnitTest name="TestStartSearch_MultipleSearchesOnSameDefinition_Success" storage="d:\actions-runner\_work\xpco\xpco\mip\platformplugin\videoos.platform\unittest\bin\debug\net472\videoos.platform.tests.dll" id="01189ec3-4c33-3643-ad1a-50e739d11dfb">
      <TestCategory>
        <TestCategoryItem TestCategory="Search" />
      </TestCategory>
      <Execution id="638a62ce-fd99-4c15-9016-b179f868d431" />
      <TestMethod codeBase="D:\actions-runner\_work\XPCO\XPCO\MIP\PlatformPlugin\VideoOS.Platform\unittest\bin\Debug\net472\VideoOS.Platform.Tests.dll" adapterTypeName="executor://mstestadapter/v2" className="VideoOS.Platform.Tests.Search.SearchManagerTest" name="TestStartSearch_MultipleSearchesOnSameDefinition_Success" />
    </UnitTest>
    <UnitTest name="Parse_String_WithBlankChars" storage="d:\actions-runner\_work\xpco\xpco\mip\platformplugin\videoos.platform\unittest\bin\debug\net472\videoos.platform.tests.dll" id="b393858d-872b-e354-eb53-3b8e5bbfc7bb">
      <Execution id="1d07b214-6d4f-4c41-b72f-27c17780574d" />
      <TestMethod codeBase="D:\actions-runner\_work\XPCO\XPCO\MIP\PlatformPlugin\VideoOS.Platform\unittest\bin\Debug\net472\VideoOS.Platform.Tests.dll" adapterTypeName="executor://mstestadapter/v2" className="VideoOS.Platform.Tests.Proxy.RestApi.JsonReaderTests" name="Parse_String_WithBlankChars" />
    </UnitTest>
    <UnitTest name="ReadXml_ShouldReadBoundingBoxContents_WhenBoundingBoxIsPresent" storage="d:\actions-runner\_work\xpco\xpco\mip\platformplugin\videoos.platform\unittest\bin\debug\net472\videoos.platform.tests.dll" id="8bd9e66b-afe5-6a6c-4e29-a0b4f0e39174">
      <Execution id="55a86e61-84a4-4ad5-b8f7-456b23004ae5" />
      <TestMethod codeBase="D:\actions-runner\_work\XPCO\XPCO\MIP\PlatformPlugin\VideoOS.Platform\unittest\bin\Debug\net472\VideoOS.Platform.Tests.dll" adapterTypeName="executor://mstestadapter/v2" className="VideoOS.Platform.Tests.Metadata.ShapeTests" name="ReadXml_ShouldReadBoundingBoxContents_WhenBoundingBoxIsPresent" />
    </UnitTest>
    <UnitTest name="TestConstructor_Success" storage="d:\actions-runner\_work\xpco\xpco\mip\platformplugin\videoos.platform\unittest\bin\debug\net472\videoos.platform.tests.dll" id="ef9bc618-0b6a-337d-f408-8cefa3f67ba7">
      <TestCategory>
        <TestCategoryItem TestCategory="Search" />
      </TestCategory>
      <Execution id="bbb15ec6-4f5b-4a56-b1ec-10daca8cd2df" />
      <TestMethod codeBase="D:\actions-runner\_work\XPCO\XPCO\MIP\PlatformPlugin\VideoOS.Platform\unittest\bin\Debug\net472\VideoOS.Platform.Tests.dll" adapterTypeName="executor://mstestadapter/v2" className="VideoOS.Platform.Tests.Search.SearchManagerTest" name="TestConstructor_Success" />
    </UnitTest>
    <UnitTest name="AddFilterValue_NonExistingValue_NullFilter_Throws" storage="d:\actions-runner\_work\xpco\xpco\mip\platformplugin\videoos.platform\unittest\bin\debug\net472\videoos.platform.tests.dll" id="bfd791d4-3818-9f2c-b28d-53bbc42d1573">
      <TestCategory>
        <TestCategoryItem TestCategory="Search" />
      </TestCategory>
      <Execution id="f6f0075d-5f6a-44f2-82fb-835f95be062f" />
      <TestMethod codeBase="D:\actions-runner\_work\XPCO\XPCO\MIP\PlatformPlugin\VideoOS.Platform\unittest\bin\Debug\net472\VideoOS.Platform.Tests.dll" adapterTypeName="executor://mstestadapter/v2" className="VideoOS.Platform.Tests.Search.SearchCriteriaTest" name="AddFilterValue_NonExistingValue_NullFilter_Throws" />
    </UnitTest>
    <UnitTest name="Parse_blank" storage="d:\actions-runner\_work\xpco\xpco\mip\platformplugin\videoos.platform\unittest\bin\debug\net472\videoos.platform.tests.dll" id="59316a3f-9716-d88f-df45-82d266fba22e">
      <Execution id="ceed8acc-a519-4c36-8766-11deeb00e889" />
      <TestMethod codeBase="D:\actions-runner\_work\XPCO\XPCO\MIP\PlatformPlugin\VideoOS.Platform\unittest\bin\Debug\net472\VideoOS.Platform.Tests.dll" adapterTypeName="executor://mstestadapter/v2" className="VideoOS.Platform.Tests.Proxy.RestApi.JsonReaderTests" name="Parse_blank" />
    </UnitTest>
    <UnitTest name="Construction_ParamNullCheck" storage="d:\actions-runner\_work\xpco\xpco\mip\platformplugin\videoos.platform\unittest\bin\debug\net472\videoos.platform.tests.dll" id="b033676b-8032-936f-8e94-1ff7304e27d8">
      <Execution id="656b1798-47f7-45ba-91f2-0df22ca9aa69" />
      <TestMethod codeBase="D:\actions-runner\_work\XPCO\XPCO\MIP\PlatformPlugin\VideoOS.Platform\unittest\bin\Debug\net472\VideoOS.Platform.Tests.dll" adapterTypeName="executor://mstestadapter/v2" className="VideoOS.Platform.Tests.Proxy.RestApi.JsonReaderTests" name="Construction_ParamNullCheck" />
    </UnitTest>
    <UnitTest name="GetPropertiesAsync_FirstInvocationCancelled_DelegatedToInternalMethodOnce" storage="d:\actions-runner\_work\xpco\xpco\mip\platformplugin\videoos.platform\unittest\bin\debug\net472\videoos.platform.tests.dll" id="9aaf4622-5926-683b-8683-a0f59ca6a06c">
      <TestCategory>
        <TestCategoryItem TestCategory="Search" />
      </TestCategory>
      <Execution id="f2914f8a-6c2a-4af5-83fb-dae40c275e71" />
      <TestMethod codeBase="D:\actions-runner\_work\XPCO\XPCO\MIP\PlatformPlugin\VideoOS.Platform\unittest\bin\Debug\net472\VideoOS.Platform.Tests.dll" adapterTypeName="executor://mstestadapter/v2" className="VideoOS.Platform.Tests.Search.SearchResultDataTest" name="GetPropertiesAsync_FirstInvocationCancelled_DelegatedToInternalMethodOnce" />
    </UnitTest>
    <UnitTest name="ReadXml_ShouldSetAllFieldsToNull_ThatAreNotPresentInXml" storage="d:\actions-runner\_work\xpco\xpco\mip\platformplugin\videoos.platform\unittest\bin\debug\net472\videoos.platform.tests.dll" id="3c6ec36d-3aca-cc8c-f540-f0674fae16f9">
      <Execution id="8aa21a7f-a088-4a60-a23c-0bd43dbfb1dc" />
      <TestMethod codeBase="D:\actions-runner\_work\XPCO\XPCO\MIP\PlatformPlugin\VideoOS.Platform\unittest\bin\Debug\net472\VideoOS.Platform.Tests.dll" adapterTypeName="executor://mstestadapter/v2" className="VideoOS.Platform.Tests.Metadata.MetadataStreamTests" name="ReadXml_ShouldSetAllFieldsToNull_ThatAreNotPresentInXml" />
    </UnitTest>
    <UnitTest name="Equals_Success" storage="d:\actions-runner\_work\xpco\xpco\mip\platformplugin\videoos.platform\unittest\bin\debug\net472\videoos.platform.tests.dll" id="35a57cb6-17e3-2864-373a-0a8f0a5d8876">
      <Execution id="15eadcd7-26c7-46ed-857c-4fe67bf29084" />
      <TestMethod codeBase="D:\actions-runner\_work\XPCO\XPCO\MIP\PlatformPlugin\VideoOS.Platform\unittest\bin\Debug\net472\VideoOS.Platform.Tests.dll" adapterTypeName="executor://mstestadapter/v2" className="VideoOS.Platform.Tests.Messaging.CommunicationIdFilterTests" name="Equals_Success" />
    </UnitTest>
    <UnitTest name="Equals_ShouldReturnFalse_WhenOnlyPortNumbersAreDifferent" storage="d:\actions-runner\_work\xpco\xpco\mip\platformplugin\videoos.platform\unittest\bin\debug\net472\videoos.platform.tests.dll" id="ef0bef56-bcca-a24d-f399-eed9eabea4db">
      <Execution id="ef88da81-c71e-4fd8-b79c-a95964b43ae2" />
      <TestMethod codeBase="D:\actions-runner\_work\XPCO\XPCO\MIP\PlatformPlugin\VideoOS.Platform\unittest\bin\Debug\net472\VideoOS.Platform.Tests.dll" adapterTypeName="executor://mstestadapter/v2" className="VideoOS.Platform.Tests.ServerIdTests" name="Equals_ShouldReturnFalse_WhenOnlyPortNumbersAreDifferent" />
    </UnitTest>
    <UnitTest name="ProvideValue_ShouldUseItemDataValue_WhenItemIsVideoOSDropDownItem" storage="d:\actions-runner\_work\xpco\xpco\mip\platformplugin\videoos.platform\unittest\bin\debug\net472\videoos.platform.tests.dll" id="619f6d51-fe63-6aad-4d71-b62b6294bc5d">
      <TestCategory>
        <TestCategoryItem TestCategory="DropDowns" />
      </TestCategory>
      <Execution id="31ec1c96-adb0-45b1-b322-db9fc8dc8e01" />
      <TestMethod codeBase="D:\actions-runner\_work\XPCO\XPCO\MIP\PlatformPlugin\VideoOS.Platform\unittest\bin\Debug\net472\VideoOS.Platform.Tests.dll" adapterTypeName="executor://mstestadapter/v2" className="VideoOS.Platform.Tests.UI.Controls.DropDowns.Internal.SelectedItemCustomContentDataExtensionTest" name="ProvideValue_ShouldUseItemDataValue_WhenItemIsVideoOSDropDownItem" />
    </UnitTest>
    <UnitTest name="ServerId_ShouldNotReturnNull" storage="d:\actions-runner\_work\xpco\xpco\mip\platformplugin\videoos.platform\unittest\bin\debug\net472\videoos.platform.tests.dll" id="d30c0506-60c3-3624-baf0-3cabb1483786">
      <Execution id="7f5c35c0-633f-4383-ae41-58873f83f422" />
      <TestMethod codeBase="D:\actions-runner\_work\XPCO\XPCO\MIP\PlatformPlugin\VideoOS.Platform\unittest\bin\Debug\net472\VideoOS.Platform.Tests.dll" adapterTypeName="executor://mstestadapter/v2" className="VideoOS.Platform.Tests.Util.ConfigurationCacheTests" name="ServerId_ShouldNotReturnNull" />
    </UnitTest>
    <UnitTest name="WriteXml_ShouldWriteElementsInCorrectOrder_WhenThereAreElements" storage="d:\actions-runner\_work\xpco\xpco\mip\platformplugin\videoos.platform\unittest\bin\debug\net472\videoos.platform.tests.dll" id="ba5d0a4c-06cb-f46b-47c1-8da0bac9ec51">
      <Execution id="b6bfd532-cc27-4b68-bb3a-bfb807d80a9c" />
      <TestMethod codeBase="D:\actions-runner\_work\XPCO\XPCO\MIP\PlatformPlugin\VideoOS.Platform\unittest\bin\Debug\net472\VideoOS.Platform.Tests.dll" adapterTypeName="executor://mstestadapter/v2" className="VideoOS.Platform.Tests.Metadata.AppearanceTests" name="WriteXml_ShouldWriteElementsInCorrectOrder_WhenThereAreElements" />
    </UnitTest>
    <UnitTest name="ReadXml_ShouldReadGeodeticSystem_WhenGeodeticSystemIsPresent" storage="d:\actions-runner\_work\xpco\xpco\mip\platformplugin\videoos.platform\unittest\bin\debug\net472\videoos.platform.tests.dll" id="be95620e-7d9c-a81d-b372-a97d28330950">
      <Execution id="919f8852-d330-482a-a506-f3f532343680" />
      <TestMethod codeBase="D:\actions-runner\_work\XPCO\XPCO\MIP\PlatformPlugin\VideoOS.Platform\unittest\bin\Debug\net472\VideoOS.Platform.Tests.dll" adapterTypeName="executor://mstestadapter/v2" className="VideoOS.Platform.Tests.Metadata.NavigationalDataTests" name="ReadXml_ShouldReadGeodeticSystem_WhenGeodeticSystemIsPresent" />
    </UnitTest>
    <UnitTest name="Items_NullChildItem_ItemNotShown" storage="d:\actions-runner\_work\xpco\xpco\mip\platformplugin\videoos.platform\unittest\bin\debug\net472\videoos.platform.tests.dll" id="1527d9bd-270b-3515-ebaa-bce4928c6e69">
      <Execution id="6f046043-5487-4372-9dae-74b62e51ee62" />
      <TestMethod codeBase="D:\actions-runner\_work\XPCO\XPCO\MIP\PlatformPlugin\VideoOS.Platform\unittest\bin\Debug\net472\VideoOS.Platform.Tests.dll" adapterTypeName="executor://mstestadapter/v2" className="VideoOS.Platform.Tests.UI.ItemPicker.PopulateThreadTest" name="Items_NullChildItem_ItemNotShown" />
    </UnitTest>
    <UnitTest name="AllowGroupSelectionFalse_SingleSelect_NothingSelected" storage="d:\actions-runner\_work\xpco\xpco\mip\platformplugin\videoos.platform\unittest\bin\debug\net472\videoos.platform.tests.dll" id="3b964bff-d25f-d812-9955-0682bf213291">
      <Execution id="05fb0d1a-ceca-4d23-9cd9-b4ca87c7dd69" />
      <TestMethod codeBase="D:\actions-runner\_work\XPCO\XPCO\MIP\PlatformPlugin\VideoOS.Platform\unittest\bin\Debug\net472\VideoOS.Platform.Tests.dll" adapterTypeName="executor://mstestadapter/v2" className="VideoOS.Platform.Tests.UI.ItemPicker.ItemPickerViewModelTest" name="AllowGroupSelectionFalse_SingleSelect_NothingSelected" />
    </UnitTest>
    <UnitTest name="Serialize_TestCases (Verify root Collection (not empty) property get property value)" storage="d:\actions-runner\_work\xpco\xpco\mip\platformplugin\videoos.platform\unittest\bin\debug\net472\videoos.platform.tests.dll" id="74b12ceb-cf40-5593-824a-dd52f181db32">
      <Execution id="d5463059-4a11-4aa4-a837-89b03da6d19f" />
      <TestMethod codeBase="D:\actions-runner\_work\XPCO\XPCO\MIP\PlatformPlugin\VideoOS.Platform\unittest\bin\Debug\net472\VideoOS.Platform.Tests.dll" adapterTypeName="executor://mstestadapter/v2" className="VideoOS.Platform.Tests.UI.Controls.Automation.Serialization.AutomationObjectSerializerTest" name="Serialize_TestCases" />
    </UnitTest>
    <UnitTest name="IsEmptyValue_SelectionFilterValue_DefaultValue_ReturnsTrue" storage="d:\actions-runner\_work\xpco\xpco\mip\platformplugin\videoos.platform\unittest\bin\debug\net472\videoos.platform.tests.dll" id="57774d4f-0e88-d290-a792-720e504514ba">
      <TestCategory>
        <TestCategoryItem TestCategory="Search" />
      </TestCategory>
      <Execution id="5acf7574-6d86-4a19-a4ea-af54ec680839" />
      <TestMethod codeBase="D:\actions-runner\_work\XPCO\XPCO\MIP\PlatformPlugin\VideoOS.Platform\unittest\bin\Debug\net472\VideoOS.Platform.Tests.dll" adapterTypeName="executor://mstestadapter/v2" className="VideoOS.Platform.Tests.Search.SearchFilterTest" name="IsEmptyValue_SelectionFilterValue_DefaultValue_ReturnsTrue" />
    </UnitTest>
    <UnitTest name="Serialize_TestCases (TestParentTypeMatchGenericThisTypeMatchedProperty)" storage="d:\actions-runner\_work\xpco\xpco\mip\platformplugin\videoos.platform\unittest\bin\debug\net472\videoos.platform.tests.dll" id="d086695e-c00a-432a-c87b-c7af0edbcb9d">
      <Execution id="26498b57-aacc-4c93-a231-a91c0a53ca91" />
      <TestMethod codeBase="D:\actions-runner\_work\XPCO\XPCO\MIP\PlatformPlugin\VideoOS.Platform\unittest\bin\Debug\net472\VideoOS.Platform.Tests.dll" adapterTypeName="executor://mstestadapter/v2" className="VideoOS.Platform.Tests.UI.Controls.Automation.Serialization.AutomationObjectSerializerTest" name="Serialize_TestCases" />
    </UnitTest>
    <UnitTest name="ReadyToCloseEvent_OkCommand_SingleSelect_Not_Thrown" storage="d:\actions-runner\_work\xpco\xpco\mip\platformplugin\videoos.platform\unittest\bin\debug\net472\videoos.platform.tests.dll" id="aa5a6ee6-251d-45e9-7756-92ac3de9f3a4">
      <Execution id="465733b7-eeba-4f3a-a3bc-8e5d4cf40b70" />
      <TestMethod codeBase="D:\actions-runner\_work\XPCO\XPCO\MIP\PlatformPlugin\VideoOS.Platform\unittest\bin\Debug\net472\VideoOS.Platform.Tests.dll" adapterTypeName="executor://mstestadapter/v2" className="VideoOS.Platform.Tests.UI.ItemPicker.ItemPickerWindowViewModelTest" name="ReadyToCloseEvent_OkCommand_SingleSelect_Not_Thrown" />
    </UnitTest>
    <UnitTest name="GetWithDateTime_ShouldEnsureThatFolowingCallToGetNextWorks_WhenDataIsNotInCache" storage="d:\actions-runner\_work\xpco\xpco\mip\platformplugin\videoos.platform\unittest\bin\debug\net472\videoos.platform.tests.dll" id="005c4048-bbfa-5fd2-6e76-51731c50383b">
      <Execution id="6ae59884-26a8-4c99-a6d9-d6820638a43f" />
      <TestMethod codeBase="D:\actions-runner\_work\XPCO\XPCO\MIP\PlatformPlugin\VideoOS.Platform\unittest\bin\Debug\net472\VideoOS.Platform.Tests.dll" adapterTypeName="executor://mstestadapter/v2" className="VideoOS.Platform.Tests.Data.MetadataPlaybackSourceTests" name="GetWithDateTime_ShouldEnsureThatFolowingCallToGetNextWorks_WhenDataIsNotInCache" />
    </UnitTest>
    <UnitTest name="SetCacheContents_ShuldInvalidateLastReturnedElementIndexSoGetNextAnd_WhenAlways" storage="d:\actions-runner\_work\xpco\xpco\mip\platformplugin\videoos.platform\unittest\bin\debug\net472\videoos.platform.tests.dll" id="9a2c2caa-e4e4-6aa8-3062-315f42f6a4ed">
      <Execution id="b4c7fbf6-57a9-400f-9edd-25e140df8345" />
      <TestMethod codeBase="D:\actions-runner\_work\XPCO\XPCO\MIP\PlatformPlugin\VideoOS.Platform\unittest\bin\Debug\net472\VideoOS.Platform.Tests.dll" adapterTypeName="executor://mstestadapter/v2" className="VideoOS.Platform.Tests.Data.MetadataCacheTests" name="SetCacheContents_ShuldInvalidateLastReturnedElementIndexSoGetNextAnd_WhenAlways" />
    </UnitTest>
    <UnitTest name="Serialize_TestCases (TestParentTypeMatchDecimalThisTypeNotMatched)" storage="d:\actions-runner\_work\xpco\xpco\mip\platformplugin\videoos.platform\unittest\bin\debug\net472\videoos.platform.tests.dll" id="32b5e401-b422-8929-2a74-c85e3600dd70">
      <Execution id="e1980557-0c96-45da-b07d-c64779efd5d3" />
      <TestMethod codeBase="D:\actions-runner\_work\XPCO\XPCO\MIP\PlatformPlugin\VideoOS.Platform\unittest\bin\Debug\net472\VideoOS.Platform.Tests.dll" adapterTypeName="executor://mstestadapter/v2" className="VideoOS.Platform.Tests.UI.Controls.Automation.Serialization.AutomationObjectSerializerTest" name="Serialize_TestCases" />
    </UnitTest>
    <UnitTest name="RegistrationsObjectId_ShouldNotChange" storage="d:\actions-runner\_work\xpco\xpco\mip\platformplugin\videoos.platform\unittest\bin\debug\net472\videoos.platform.tests.dll" id="30519e59-52c0-4abe-69e5-75fce80dd98b">
      <Execution id="35eabbad-28bd-484c-8b80-12f186774f3a" />
      <TestMethod codeBase="D:\actions-runner\_work\XPCO\XPCO\MIP\PlatformPlugin\VideoOS.Platform\unittest\bin\Debug\net472\VideoOS.Platform.Tests.dll" adapterTypeName="executor://mstestadapter/v2" className="VideoOS.Platform.Tests.License.LicenseCompatibilityHandlerTests" name="RegistrationsObjectId_ShouldNotChange" />
    </UnitTest>
    <UnitTest name="AllAttributesWerePresent_ShouldReturnFalse_WhenRightAttributeIsNotAFloat" storage="d:\actions-runner\_work\xpco\xpco\mip\platformplugin\videoos.platform\unittest\bin\debug\net472\videoos.platform.tests.dll" id="3f059c6a-7cda-fa81-0b37-29c0a5c4596b">
      <Execution id="7a2721fb-1172-4963-896a-4176e0ff651e" />
      <TestMethod codeBase="D:\actions-runner\_work\XPCO\XPCO\MIP\PlatformPlugin\VideoOS.Platform\unittest\bin\Debug\net472\VideoOS.Platform.Tests.dll" adapterTypeName="executor://mstestadapter/v2" className="VideoOS.Platform.Tests.Metadata.RectangleTests" name="AllAttributesWerePresent_ShouldReturnFalse_WhenRightAttributeIsNotAFloat" />
    </UnitTest>
    <UnitTest name="ReadXml_ShouldReadBottomAttribute_WhenPresent" storage="d:\actions-runner\_work\xpco\xpco\mip\platformplugin\videoos.platform\unittest\bin\debug\net472\videoos.platform.tests.dll" id="c47cbfb5-8a50-ef76-dc8b-bbbbe83c35f6">
      <Execution id="4485bc8c-4781-45db-9a99-3d11a21605f4" />
      <TestMethod codeBase="D:\actions-runner\_work\XPCO\XPCO\MIP\PlatformPlugin\VideoOS.Platform\unittest\bin\Debug\net472\VideoOS.Platform.Tests.dll" adapterTypeName="executor://mstestadapter/v2" className="VideoOS.Platform.Tests.Metadata.RectangleTests" name="ReadXml_ShouldReadBottomAttribute_WhenPresent" />
    </UnitTest>
    <UnitTest name="Contains_CameraKind_Checked" storage="d:\actions-runner\_work\xpco\xpco\mip\platformplugin\videoos.platform\unittest\bin\debug\net472\videoos.platform.tests.dll" id="426fd024-0e4c-9e4a-2e43-44c5266f80d0">
      <Execution id="337026a2-2be7-46ed-8963-4240fb9eb319" />
      <TestMethod codeBase="D:\actions-runner\_work\XPCO\XPCO\MIP\PlatformPlugin\VideoOS.Platform\unittest\bin\Debug\net472\VideoOS.Platform.Tests.dll" adapterTypeName="executor://mstestadapter/v2" className="VideoOS.Platform.Tests.FQIDtests" name="Contains_CameraKind_Checked" />
    </UnitTest>
    <UnitTest name="Serialize_TestCases (TestParentTypeMatchDecimalNotThisTypeMatched)" storage="d:\actions-runner\_work\xpco\xpco\mip\platformplugin\videoos.platform\unittest\bin\debug\net472\videoos.platform.tests.dll" id="c1b640ca-e678-426e-45cc-5191cc545133">
      <Execution id="edfb629a-c51b-4729-9b6f-728297135197" />
      <TestMethod codeBase="D:\actions-runner\_work\XPCO\XPCO\MIP\PlatformPlugin\VideoOS.Platform\unittest\bin\Debug\net472\VideoOS.Platform.Tests.dll" adapterTypeName="executor://mstestadapter/v2" className="VideoOS.Platform.Tests.UI.Controls.Automation.Serialization.AutomationObjectSerializerTest" name="Serialize_TestCases" />
    </UnitTest>
    <UnitTest name="IsValid_ShouldBeSetToTrue_WhenCenterOfGravityIsMissing" storage="d:\actions-runner\_work\xpco\xpco\mip\platformplugin\videoos.platform\unittest\bin\debug\net472\videoos.platform.tests.dll" id="a41a1003-2242-10b8-735d-2b3636a491be">
      <Execution id="4657550e-eaab-4e70-95c7-91e73ee6ac76" />
      <TestMethod codeBase="D:\actions-runner\_work\XPCO\XPCO\MIP\PlatformPlugin\VideoOS.Platform\unittest\bin\Debug\net472\VideoOS.Platform.Tests.dll" adapterTypeName="executor://mstestadapter/v2" className="VideoOS.Platform.Tests.Metadata.ShapeTests" name="IsValid_ShouldBeSetToTrue_WhenCenterOfGravityIsMissing" />
    </UnitTest>
    <UnitTest name="ReadXml_ShouldLogWarning_WhenBoundingBoxIsIncomplete" storage="d:\actions-runner\_work\xpco\xpco\mip\platformplugin\videoos.platform\unittest\bin\debug\net472\videoos.platform.tests.dll" id="55e8e49d-3677-ba1c-fee3-b06a721808bd">
      <Execution id="9f11c6da-79c2-4f0d-9e6b-6a836b0152d1" />
      <TestMethod codeBase="D:\actions-runner\_work\XPCO\XPCO\MIP\PlatformPlugin\VideoOS.Platform\unittest\bin\Debug\net472\VideoOS.Platform.Tests.dll" adapterTypeName="executor://mstestadapter/v2" className="VideoOS.Platform.Tests.Metadata.ShapeTests" name="ReadXml_ShouldLogWarning_WhenBoundingBoxIsIncomplete" />
    </UnitTest>
    <UnitTest name="ReadXml_ShouldIgnoreUnknownLikelihoodChildren_WhenUnknownLikelihoodChildrenArePresent" storage="d:\actions-runner\_work\xpco\xpco\mip\platformplugin\videoos.platform\unittest\bin\debug\net472\videoos.platform.tests.dll" id="a0064dcf-0da1-ba4b-2406-1e7e76d7ad3a">
      <Execution id="8aade971-3dbe-4023-94a7-9310fc364a73" />
      <TestMethod codeBase="D:\actions-runner\_work\XPCO\XPCO\MIP\PlatformPlugin\VideoOS.Platform\unittest\bin\Debug\net472\VideoOS.Platform.Tests.dll" adapterTypeName="executor://mstestadapter/v2" className="VideoOS.Platform.Tests.Metadata.ClassCandidateTests" name="ReadXml_ShouldIgnoreUnknownLikelihoodChildren_WhenUnknownLikelihoodChildrenArePresent" />
    </UnitTest>
    <UnitTest name="RemoveItem_AnalyticsEvent_Fail_Blank" storage="d:\actions-runner\_work\xpco\xpco\mip\platformplugin\videoos.platform\unittest\bin\debug\net472\videoos.platform.tests.dll" id="fa0ba56c-3e83-3f1e-d41c-70bf0d206613">
      <Execution id="633c4b11-dd8f-424f-b405-d9e56cf80a80" />
      <TestMethod codeBase="D:\actions-runner\_work\XPCO\XPCO\MIP\PlatformPlugin\VideoOS.Platform\unittest\bin\Debug\net472\VideoOS.Platform.Tests.dll" adapterTypeName="executor://mstestadapter/v2" className="VideoOS.Platform.Tests.Proxy.RestApi.RestApiClientDecoratorTests" name="RemoveItem_AnalyticsEvent_Fail_Blank" />
    </UnitTest>
    <UnitTest name="WriteXml_ShouldOmitIsIdleElement_WhenIsIdleIsFalse" storage="d:\actions-runner\_work\xpco\xpco\mip\platformplugin\videoos.platform\unittest\bin\debug\net472\videoos.platform.tests.dll" id="7ebb6f6a-7f5e-646a-c7ce-f4daa5d5c8da">
      <Execution id="915de45a-2647-4e55-82f3-86107b0429b1" />
      <TestMethod codeBase="D:\actions-runner\_work\XPCO\XPCO\MIP\PlatformPlugin\VideoOS.Platform\unittest\bin\Debug\net472\VideoOS.Platform.Tests.dll" adapterTypeName="executor://mstestadapter/v2" className="VideoOS.Platform.Tests.Metadata.BehaviourTests" name="WriteXml_ShouldOmitIsIdleElement_WhenIsIdleIsFalse" />
    </UnitTest>
    <UnitTest name="GenerateEnumValueParameters_ShouldWriteValue_WhenAlways" storage="d:\actions-runner\_work\xpco\xpco\mip\platformplugin\videoos.platform\unittest\bin\debug\net472\videoos.platform.tests.dll" id="a9cb9252-3d98-79fe-629f-64e8ef1da14d">
      <Execution id="d9977131-a53e-461e-b3bc-289a7f3e184b" />
      <TestMethod codeBase="D:\actions-runner\_work\XPCO\XPCO\MIP\PlatformPlugin\VideoOS.Platform\unittest\bin\Debug\net472\VideoOS.Platform.Tests.dll" adapterTypeName="executor://mstestadapter/v2" className="VideoOS.Platform.Tests.Data.EnumCapabilityValueTests" name="GenerateEnumValueParameters_ShouldWriteValue_WhenAlways" />
    </UnitTest>
    <UnitTest name="ReadXml_ShouldLogWarningOnlyOnceWithinOneMinute_WhenCenterOfGravityIsIncomplete" storage="d:\actions-runner\_work\xpco\xpco\mip\platformplugin\videoos.platform\unittest\bin\debug\net472\videoos.platform.tests.dll" id="8a8c7432-7378-2ff6-b3a1-a3b7254f4458">
      <Execution id="b5692196-74ba-4c46-8a37-ff90bcadbeb4" />
      <TestMethod codeBase="D:\actions-runner\_work\XPCO\XPCO\MIP\PlatformPlugin\VideoOS.Platform\unittest\bin\Debug\net472\VideoOS.Platform.Tests.dll" adapterTypeName="executor://mstestadapter/v2" className="VideoOS.Platform.Tests.Metadata.ShapeTests" name="ReadXml_ShouldLogWarningOnlyOnceWithinOneMinute_WhenCenterOfGravityIsIncomplete" />
    </UnitTest>
    <UnitTest name="TestConstructorOverload_NullAgentList_Throws" storage="d:\actions-runner\_work\xpco\xpco\mip\platformplugin\videoos.platform\unittest\bin\debug\net472\videoos.platform.tests.dll" id="af9f1e16-b2b8-175e-5d3f-4c08d3fec0d2">
      <TestCategory>
        <TestCategoryItem TestCategory="Search" />
      </TestCategory>
      <Execution id="a2791628-629e-4ccb-ba4a-0a9b802c34b5" />
      <TestMethod codeBase="D:\actions-runner\_work\XPCO\XPCO\MIP\PlatformPlugin\VideoOS.Platform\unittest\bin\Debug\net472\VideoOS.Platform.Tests.dll" adapterTypeName="executor://mstestadapter/v2" className="VideoOS.Platform.Tests.Search.SearchManagerTest" name="TestConstructorOverload_NullAgentList_Throws" />
    </UnitTest>
    <UnitTest name="Serialize_TestCases (TestParentTypeMatchDoubleThisTypeMatched)" storage="d:\actions-runner\_work\xpco\xpco\mip\platformplugin\videoos.platform\unittest\bin\debug\net472\videoos.platform.tests.dll" id="96679b49-92b7-51d9-e879-f6f3b11a1a2d">
      <Execution id="444656f7-b032-43de-afb0-ca4685088f80" />
      <TestMethod codeBase="D:\actions-runner\_work\XPCO\XPCO\MIP\PlatformPlugin\VideoOS.Platform\unittest\bin\Debug\net472\VideoOS.Platform.Tests.dll" adapterTypeName="executor://mstestadapter/v2" className="VideoOS.Platform.Tests.UI.Controls.Automation.Serialization.AutomationObjectSerializerTest" name="Serialize_TestCases" />
    </UnitTest>
    <UnitTest name="MD5Hex32_ShouldThrowArgumentNullException_WhenInputIsNull" storage="d:\actions-runner\_work\xpco\xpco\mip\platformplugin\videoos.platform\unittest\bin\debug\net472\videoos.platform.tests.dll" id="1482937b-f549-7dda-39ff-c1d0353b5bf2">
      <Execution id="2bd801a3-7e0c-452c-a604-ef3a2e292b63" />
      <TestMethod codeBase="D:\actions-runner\_work\XPCO\XPCO\MIP\PlatformPlugin\VideoOS.Platform\unittest\bin\Debug\net472\VideoOS.Platform.Tests.dll" adapterTypeName="executor://mstestadapter/v2" className="VideoOS.Platform.Tests.Data.MediaProviderInternal.UtilityTests" name="MD5Hex32_ShouldThrowArgumentNullException_WhenInputIsNull" />
    </UnitTest>
    <UnitTest name="GetNearest_ShouldReturnNull_WhenCacheIsEmpty" storage="d:\actions-runner\_work\xpco\xpco\mip\platformplugin\videoos.platform\unittest\bin\debug\net472\videoos.platform.tests.dll" id="76c66eeb-a2f8-48cc-26cc-ff5958f96fde">
      <Execution id="8fc5d011-c651-4ee8-acc3-ecda8ee7b7d2" />
      <TestMethod codeBase="D:\actions-runner\_work\XPCO\XPCO\MIP\PlatformPlugin\VideoOS.Platform\unittest\bin\Debug\net472\VideoOS.Platform.Tests.dll" adapterTypeName="executor://mstestadapter/v2" className="VideoOS.Platform.Tests.Data.MetadataCacheTests" name="GetNearest_ShouldReturnNull_WhenCacheIsEmpty" />
    </UnitTest>
    <UnitTest name="ReadXml_ShouldSetAllFieldsToDefaultValues_WhenElementIsEmpty" storage="d:\actions-runner\_work\xpco\xpco\mip\platformplugin\videoos.platform\unittest\bin\debug\net472\videoos.platform.tests.dll" id="1bf83f76-33b3-45e4-acc8-af80bf4d763b">
      <Execution id="301f38bb-b6d0-4364-af61-8c4cedb37d5f" />
      <TestMethod codeBase="D:\actions-runner\_work\XPCO\XPCO\MIP\PlatformPlugin\VideoOS.Platform\unittest\bin\Debug\net472\VideoOS.Platform.Tests.dll" adapterTypeName="executor://mstestadapter/v2" className="VideoOS.Platform.Tests.Metadata.FrameTests" name="ReadXml_ShouldSetAllFieldsToDefaultValues_WhenElementIsEmpty" />
    </UnitTest>
    <UnitTest name="GenerateDeviceCapabilityParameters_ShouldCallGenerateEnumParametersWithCorrectPrefix_WhenThereAreEnumValues" storage="d:\actions-runner\_work\xpco\xpco\mip\platformplugin\videoos.platform\unittest\bin\debug\net472\videoos.platform.tests.dll" id="33ade990-1ccf-b0cf-8ab5-e10e49ad4630">
      <Execution id="0818e35d-40bf-4483-8b16-033b74da0164" />
      <TestMethod codeBase="D:\actions-runner\_work\XPCO\XPCO\MIP\PlatformPlugin\VideoOS.Platform\unittest\bin\Debug\net472\VideoOS.Platform.Tests.dll" adapterTypeName="executor://mstestadapter/v2" className="VideoOS.Platform.Tests.Data.EnumCapabilityTests" name="GenerateDeviceCapabilityParameters_ShouldCallGenerateEnumParametersWithCorrectPrefix_WhenThereAreEnumValues" />
    </UnitTest>
    <UnitTest name="SetEvents_ShouldAddProxyManager_WhenFrameworkElementIsLoaded" storage="d:\actions-runner\_work\xpco\xpco\mip\platformplugin\videoos.platform\unittest\bin\debug\net472\videoos.platform.tests.dll" id="ec920726-a9ee-dd71-1f12-1fd1c5e256bd">
      <TestCategory>
        <TestCategoryItem TestCategory="EventsToCommandMappings" />
      </TestCategory>
      <Execution id="0a3e8fbc-5061-4131-9458-6804deeb9b02" />
      <TestMethod codeBase="D:\actions-runner\_work\XPCO\XPCO\MIP\PlatformPlugin\VideoOS.Platform\unittest\bin\Debug\net472\VideoOS.Platform.Tests.dll" adapterTypeName="executor://mstestadapter/v2" className="VideoOS.Platform.Tests.UI.Commands.EventsToCommandMappingTest" name="SetEvents_ShouldAddProxyManager_WhenFrameworkElementIsLoaded" />
    </UnitTest>
    <UnitTest name="ConstructWithString_Camera_FieldValues_checked" storage="d:\actions-runner\_work\xpco\xpco\mip\platformplugin\videoos.platform\unittest\bin\debug\net472\videoos.platform.tests.dll" id="8c4ac38a-c3bf-bb60-df07-e7bd10fd1112">
      <Execution id="daf70489-a2ab-459c-8ac9-64e184a4c56c" />
      <TestMethod codeBase="D:\actions-runner\_work\XPCO\XPCO\MIP\PlatformPlugin\VideoOS.Platform\unittest\bin\Debug\net472\VideoOS.Platform.Tests.dll" adapterTypeName="executor://mstestadapter/v2" className="VideoOS.Platform.Tests.FQIDtests" name="ConstructWithString_Camera_FieldValues_checked" />
    </UnitTest>
    <UnitTest name="GenerateEnumValueParameters_ShouldWriteDisplayName_WhenAlways" storage="d:\actions-runner\_work\xpco\xpco\mip\platformplugin\videoos.platform\unittest\bin\debug\net472\videoos.platform.tests.dll" id="7e72f854-d326-decd-1986-82fb5fe24c7b">
      <Execution id="82526ad2-fbbb-4ba0-94fd-4189bda891a5" />
      <TestMethod codeBase="D:\actions-runner\_work\XPCO\XPCO\MIP\PlatformPlugin\VideoOS.Platform\unittest\bin\Debug\net472\VideoOS.Platform.Tests.dll" adapterTypeName="executor://mstestadapter/v2" className="VideoOS.Platform.Tests.Data.EnumCapabilityValueTests" name="GenerateEnumValueParameters_ShouldWriteDisplayName_WhenAlways" />
    </UnitTest>
    <UnitTest name="GenerateParameters_ShouldCallGenerateDeviceParametersForCamera_WhenThereAreCameraDevices" storage="d:\actions-runner\_work\xpco\xpco\mip\platformplugin\videoos.platform\unittest\bin\debug\net472\videoos.platform.tests.dll" id="01be5dc2-8974-a781-e346-9997ff0168c6">
      <Execution id="a502ca8f-3803-4eee-828a-3cf3f5ae3beb" />
      <TestMethod codeBase="D:\actions-runner\_work\XPCO\XPCO\MIP\PlatformPlugin\VideoOS.Platform\unittest\bin\Debug\net472\VideoOS.Platform.Tests.dll" adapterTypeName="executor://mstestadapter/v2" className="VideoOS.Platform.Tests.Data.HardwareDefinitionTests" name="GenerateParameters_ShouldCallGenerateDeviceParametersForCamera_WhenThereAreCameraDevices" />
    </UnitTest>
    <UnitTest name="GetNext_ShouldReturnNull_WhenCallToFindCacheEntryBeforeReturnedNull" storage="d:\actions-runner\_work\xpco\xpco\mip\platformplugin\videoos.platform\unittest\bin\debug\net472\videoos.platform.tests.dll" id="134110e6-fb08-89b6-f21b-257fe054fa49">
      <Execution id="aa97d125-30dd-4efe-af33-80facbe089e5" />
      <TestMethod codeBase="D:\actions-runner\_work\XPCO\XPCO\MIP\PlatformPlugin\VideoOS.Platform\unittest\bin\Debug\net472\VideoOS.Platform.Tests.dll" adapterTypeName="executor://mstestadapter/v2" className="VideoOS.Platform.Tests.Data.MetadataCacheTests" name="GetNext_ShouldReturnNull_WhenCallToFindCacheEntryBeforeReturnedNull" />
    </UnitTest>
    <UnitTest name="SplitString_WhenEmptyOrSpaces1Level_EmptyArray" storage="d:\actions-runner\_work\xpco\xpco\mip\platformplugin\videoos.platform\unittest\bin\debug\net472\videoos.platform.tests.dll" id="94b07cae-507e-90e4-fe2c-918d2724a7bc">
      <Execution id="44d4327c-501c-4bc4-85b1-87d97415c1eb" />
      <TestMethod codeBase="D:\actions-runner\_work\XPCO\XPCO\MIP\PlatformPlugin\VideoOS.Platform\unittest\bin\Debug\net472\VideoOS.Platform.Tests.dll" adapterTypeName="executor://mstestadapter/v2" className="VideoOS.Platform.Tests.Util.StringSplitterTests" name="SplitString_WhenEmptyOrSpaces1Level_EmptyArray" />
    </UnitTest>
    <UnitTest name="SHA256Hex64_ShouldReturnSHAHash_WhenInputIsNotNull" storage="d:\actions-runner\_work\xpco\xpco\mip\platformplugin\videoos.platform\unittest\bin\debug\net472\videoos.platform.tests.dll" id="273b976a-4136-12a0-93d4-d31e724b1d9b">
      <Execution id="697967d1-bbe4-4629-854a-df61818705d0" />
      <TestMethod codeBase="D:\actions-runner\_work\XPCO\XPCO\MIP\PlatformPlugin\VideoOS.Platform\unittest\bin\Debug\net472\VideoOS.Platform.Tests.dll" adapterTypeName="executor://mstestadapter/v2" className="VideoOS.Platform.Tests.Data.MediaProviderInternal.UtilityTests" name="SHA256Hex64_ShouldReturnSHAHash_WhenInputIsNotNull" />
    </UnitTest>
    <UnitTest name="CountByCounter_Activated_Expired" storage="d:\actions-runner\_work\xpco\xpco\mip\platformplugin\videoos.platform\unittest\bin\debug\net472\videoos.platform.tests.dll" id="310968d1-fc55-32d1-9bf4-640cd6ac6c2c">
      <Execution id="1f6cfec1-9d29-4ef7-b4c9-dd87d9d89f52" />
      <TestMethod codeBase="D:\actions-runner\_work\XPCO\XPCO\MIP\PlatformPlugin\VideoOS.Platform\unittest\bin\Debug\net472\VideoOS.Platform.Tests.dll" adapterTypeName="executor://mstestadapter/v2" className="VideoOS.Platform.Tests.License.ResolvedLicenseCountTest" name="CountByCounter_Activated_Expired" />
    </UnitTest>
    <UnitTest name="DoubleRangeFilterValue_Deserialize_Success" storage="d:\actions-runner\_work\xpco\xpco\mip\platformplugin\videoos.platform\unittest\bin\debug\net472\videoos.platform.tests.dll" id="e3aed149-0356-8224-e951-0cb2d3727ba3">
      <TestCategory>
        <TestCategoryItem TestCategory="Search" />
      </TestCategory>
      <Execution id="75ca060d-b900-4557-a0e2-9d4139e4f538" />
      <TestMethod codeBase="D:\actions-runner\_work\XPCO\XPCO\MIP\PlatformPlugin\VideoOS.Platform\unittest\bin\Debug\net472\VideoOS.Platform.Tests.dll" adapterTypeName="executor://mstestadapter/v2" className="VideoOS.Platform.Tests.Search.FilterValues.FilterValueTests" name="DoubleRangeFilterValue_Deserialize_Success" />
    </UnitTest>
    <UnitTest name="Given_Exception_When_When_NotMarkedWithSerializableAttribute_Then_Fail" storage="d:\actions-runner\_work\xpco\xpco\mip\platformplugin\videoos.platform\unittest\bin\debug\net472\videoos.platform.tests.dll" id="1670e18f-0ede-c50f-6f9a-2ae6207f30db">
      <Execution id="cf28b7c7-b7ed-41d0-aea3-fa9008f2a3d2" />
      <TestMethod codeBase="D:\actions-runner\_work\XPCO\XPCO\MIP\PlatformPlugin\VideoOS.Platform\unittest\bin\Debug\net472\VideoOS.Platform.Tests.dll" adapterTypeName="executor://mstestadapter/v2" className="VideoOS.Platform.Tests.MIPExceptionsTest" name="Given_Exception_When_When_NotMarkedWithSerializableAttribute_Then_Fail" />
    </UnitTest>
    <UnitTest name="ServerIdWithHttps_Construct_Success" storage="d:\actions-runner\_work\xpco\xpco\mip\platformplugin\videoos.platform\unittest\bin\debug\net472\videoos.platform.tests.dll" id="1f0a0407-7982-ddd0-173d-1b88aac6222d">
      <Execution id="1e3c728e-8363-4cd6-a74c-df841dbba8ef" />
      <TestMethod codeBase="D:\actions-runner\_work\XPCO\XPCO\MIP\PlatformPlugin\VideoOS.Platform\unittest\bin\Debug\net472\VideoOS.Platform.Tests.dll" adapterTypeName="executor://mstestadapter/v2" className="VideoOS.Platform.Tests.FQIDtests" name="ServerIdWithHttps_Construct_Success" />
    </UnitTest>
    <UnitTest name="AllAttributesWerePresent_ShouldReturnFalse_WhenYAttributeIsMissing" storage="d:\actions-runner\_work\xpco\xpco\mip\platformplugin\videoos.platform\unittest\bin\debug\net472\videoos.platform.tests.dll" id="dfccf221-5403-2188-5503-aa835e99c003">
      <Execution id="16596a24-0a4a-4ec1-b670-414994000e01" />
      <TestMethod codeBase="D:\actions-runner\_work\XPCO\XPCO\MIP\PlatformPlugin\VideoOS.Platform\unittest\bin\Debug\net472\VideoOS.Platform.Tests.dll" adapterTypeName="executor://mstestadapter/v2" className="VideoOS.Platform.Tests.Metadata.VectorTests" name="AllAttributesWerePresent_ShouldReturnFalse_WhenYAttributeIsMissing" />
    </UnitTest>
    <UnitTest name="ReadXml_ShouldSetAllFieldsToNull_ThatAreNotPresentInXml" storage="d:\actions-runner\_work\xpco\xpco\mip\platformplugin\videoos.platform\unittest\bin\debug\net472\videoos.platform.tests.dll" id="d67f39a6-38da-54cf-bd51-1084e48c6e60">
      <Execution id="4049cac0-e3d8-498c-b4f6-c3b60290ee34" />
      <TestMethod codeBase="D:\actions-runner\_work\XPCO\XPCO\MIP\PlatformPlugin\VideoOS.Platform\unittest\bin\Debug\net472\VideoOS.Platform.Tests.dll" adapterTypeName="executor://mstestadapter/v2" className="VideoOS.Platform.Tests.Metadata.NavigationalDataTests" name="ReadXml_ShouldSetAllFieldsToNull_ThatAreNotPresentInXml" />
    </UnitTest>
    <UnitTest name="EqualGuids_Fail_OnParentId" storage="d:\actions-runner\_work\xpco\xpco\mip\platformplugin\videoos.platform\unittest\bin\debug\net472\videoos.platform.tests.dll" id="461181b2-b5d1-1d54-a990-5025bc85a37b">
      <Execution id="a654b41a-1d00-4ac5-b68b-639106676f22" />
      <TestMethod codeBase="D:\actions-runner\_work\XPCO\XPCO\MIP\PlatformPlugin\VideoOS.Platform\unittest\bin\Debug\net472\VideoOS.Platform.Tests.dll" adapterTypeName="executor://mstestadapter/v2" className="VideoOS.Platform.Tests.FQIDtests" name="EqualGuids_Fail_OnParentId" />
    </UnitTest>
    <UnitTest name="GetFrame_ShouldReturnFirstFrame_WhenThereAreMultipleFrames" storage="d:\actions-runner\_work\xpco\xpco\mip\platformplugin\videoos.platform\unittest\bin\debug\net472\videoos.platform.tests.dll" id="8cae6a56-454e-1e61-1b8f-eb89b356be64">
      <Execution id="099eab05-2455-4af7-8eac-fec388fa440d" />
      <TestMethod codeBase="D:\actions-runner\_work\XPCO\XPCO\MIP\PlatformPlugin\VideoOS.Platform\unittest\bin\Debug\net472\VideoOS.Platform.Tests.dll" adapterTypeName="executor://mstestadapter/v2" className="VideoOS.Platform.Tests.Metadata.MetadataStreamTests" name="GetFrame_ShouldReturnFirstFrame_WhenThereAreMultipleFrames" />
    </UnitTest>
    <UnitTest name="GetFilterValues_MultipleValuesAdded_ReturnsValues" storage="d:\actions-runner\_work\xpco\xpco\mip\platformplugin\videoos.platform\unittest\bin\debug\net472\videoos.platform.tests.dll" id="bc7fb037-bc9e-3315-d38f-1aeba783be34">
      <TestCategory>
        <TestCategoryItem TestCategory="Search" />
      </TestCategory>
      <Execution id="d7bb2379-3336-4eee-993d-1321469dad7e" />
      <TestMethod codeBase="D:\actions-runner\_work\XPCO\XPCO\MIP\PlatformPlugin\VideoOS.Platform\unittest\bin\Debug\net472\VideoOS.Platform.Tests.dll" adapterTypeName="executor://mstestadapter/v2" className="VideoOS.Platform.Tests.Search.SearchCriteriaTest" name="GetFilterValues_MultipleValuesAdded_ReturnsValues" />
    </UnitTest>
    <UnitTest name="Serialize_TestCases (Verify root Struct property)" storage="d:\actions-runner\_work\xpco\xpco\mip\platformplugin\videoos.platform\unittest\bin\debug\net472\videoos.platform.tests.dll" id="20caf036-4742-9847-57a7-705349cf0bac">
      <Execution id="6fe8ed8b-c7a2-45e8-85f2-3f24d113f290" />
      <TestMethod codeBase="D:\actions-runner\_work\XPCO\XPCO\MIP\PlatformPlugin\VideoOS.Platform\unittest\bin\Debug\net472\VideoOS.Platform.Tests.dll" adapterTypeName="executor://mstestadapter/v2" className="VideoOS.Platform.Tests.UI.Controls.Automation.Serialization.AutomationObjectSerializerTest" name="Serialize_TestCases" />
    </UnitTest>
    <UnitTest name="RemoveItem_AnalyticsEvent_Fail" storage="d:\actions-runner\_work\xpco\xpco\mip\platformplugin\videoos.platform\unittest\bin\debug\net472\videoos.platform.tests.dll" id="f8ca46c0-8edb-350c-aedc-71898e183163">
      <Execution id="0154b5c4-8f8a-4b05-834d-288b41fe18ac" />
      <TestMethod codeBase="D:\actions-runner\_work\XPCO\XPCO\MIP\PlatformPlugin\VideoOS.Platform\unittest\bin\Debug\net472\VideoOS.Platform.Tests.dll" adapterTypeName="executor://mstestadapter/v2" className="VideoOS.Platform.Tests.Proxy.RestApi.RestApiClientDecoratorTests" name="RemoveItem_AnalyticsEvent_Fail" />
    </UnitTest>
    <UnitTest name="WriteXml_ShouldWriteBehaviourContents_WhenBehaviourIsNotNullAndHasBehaviour" storage="d:\actions-runner\_work\xpco\xpco\mip\platformplugin\videoos.platform\unittest\bin\debug\net472\videoos.platform.tests.dll" id="ba884d95-61a4-037b-ab6f-8704dd43240a">
      <Execution id="c69c3543-cb48-4245-95fb-1e50efb02327" />
      <TestMethod codeBase="D:\actions-runner\_work\XPCO\XPCO\MIP\PlatformPlugin\VideoOS.Platform\unittest\bin\Debug\net472\VideoOS.Platform.Tests.dll" adapterTypeName="executor://mstestadapter/v2" className="VideoOS.Platform.Tests.Metadata.OnvifObjectTests" name="WriteXml_ShouldWriteBehaviourContents_WhenBehaviourIsNotNullAndHasBehaviour" />
    </UnitTest>
    <UnitTest name="ReadXml_ShouldReadAppearanceContents_WhenAppearanceIsPresent" storage="d:\actions-runner\_work\xpco\xpco\mip\platformplugin\videoos.platform\unittest\bin\debug\net472\videoos.platform.tests.dll" id="b739f5d0-5237-1a79-e681-644aeb76938a">
      <Execution id="c2da90ac-fa51-44ac-baeb-d92827d7876a" />
      <TestMethod codeBase="D:\actions-runner\_work\XPCO\XPCO\MIP\PlatformPlugin\VideoOS.Platform\unittest\bin\Debug\net472\VideoOS.Platform.Tests.dll" adapterTypeName="executor://mstestadapter/v2" className="VideoOS.Platform.Tests.Metadata.OnvifObjectTests" name="ReadXml_ShouldReadAppearanceContents_WhenAppearanceIsPresent" />
    </UnitTest>
    <UnitTest name="Enabled_Properties_With_Enable_False_success" storage="d:\actions-runner\_work\xpco\xpco\mip\platformplugin\videoos.platform\unittest\bin\debug\net472\videoos.platform.tests.dll" id="f85011e7-aedc-f16d-4ec9-583569d1a8dd">
      <Execution id="02d728a3-5773-4060-a90b-8c92b516abfc" />
      <TestMethod codeBase="D:\actions-runner\_work\XPCO\XPCO\MIP\PlatformPlugin\VideoOS.Platform\unittest\bin\Debug\net472\VideoOS.Platform.Tests.dll" adapterTypeName="executor://mstestadapter/v2" className="VideoOS.Platform.Tests.ItemTests" name="Enabled_Properties_With_Enable_False_success" />
    </UnitTest>
    <UnitTest name="SearchResultData_SameTitle_Success" storage="d:\actions-runner\_work\xpco\xpco\mip\platformplugin\videoos.platform\unittest\bin\debug\net472\videoos.platform.tests.dll" id="080800ed-e6da-eef9-42ef-0179d68c4004">
      <TestCategory>
        <TestCategoryItem TestCategory="Search" />
      </TestCategory>
      <Execution id="0acd8258-146d-413e-b6cf-2458ef5819a8" />
      <TestMethod codeBase="D:\actions-runner\_work\XPCO\XPCO\MIP\PlatformPlugin\VideoOS.Platform\unittest\bin\Debug\net472\VideoOS.Platform.Tests.dll" adapterTypeName="executor://mstestadapter/v2" className="VideoOS.Platform.Tests.Search.SearchResultDataTest" name="SearchResultData_SameTitle_Success" />
    </UnitTest>
    <UnitTest name="Minimize_ShouldReturnOneInterval_WhenListContainsTwoOverlappingIntervalsReversed" storage="d:\actions-runner\_work\xpco\xpco\mip\platformplugin\videoos.platform\unittest\bin\debug\net472\videoos.platform.tests.dll" id="014a068d-cf03-ed2b-0a73-be788526e910">
      <Execution id="e457e186-d51b-48dd-b676-e7e70c93052b" />
      <TestMethod codeBase="D:\actions-runner\_work\XPCO\XPCO\MIP\PlatformPlugin\VideoOS.Platform\unittest\bin\Debug\net472\VideoOS.Platform.Tests.dll" adapterTypeName="executor://mstestadapter/v2" className="VideoOS.Platform.Tests.Util.TimeIntervalTests" name="Minimize_ShouldReturnOneInterval_WhenListContainsTwoOverlappingIntervalsReversed" />
    </UnitTest>
    <UnitTest name="GenerateDeviceParameters_ShouldWriteCorrectGop_WhenGopIsInRange" storage="d:\actions-runner\_work\xpco\xpco\mip\platformplugin\videoos.platform\unittest\bin\debug\net472\videoos.platform.tests.dll" id="0f85e31c-250d-2fd6-59ef-88556968bdb6">
      <Execution id="ec017ba9-33e8-4e29-8864-1909c11916f0" />
      <TestMethod codeBase="D:\actions-runner\_work\XPCO\XPCO\MIP\PlatformPlugin\VideoOS.Platform\unittest\bin\Debug\net472\VideoOS.Platform.Tests.dll" adapterTypeName="executor://mstestadapter/v2" className="VideoOS.Platform.Tests.Data.CameraDeviceDefinitionTests" name="GenerateDeviceParameters_ShouldWriteCorrectGop_WhenGopIsInRange" />
    </UnitTest>
    <UnitTest name="GetItem_ShouldReturnItem_WhenFound" storage="d:\actions-runner\_work\xpco\xpco\mip\platformplugin\videoos.platform\unittest\bin\debug\net472\videoos.platform.tests.dll" id="211e44a5-7069-3390-6f71-9a0cc710f40e">
      <Execution id="24e04e72-d65e-44b3-8488-2b21fd5cfb8d" />
      <TestMethod codeBase="D:\actions-runner\_work\XPCO\XPCO\MIP\PlatformPlugin\VideoOS.Platform\unittest\bin\Debug\net472\VideoOS.Platform.Tests.dll" adapterTypeName="executor://mstestadapter/v2" className="VideoOS.Platform.Tests.Util.ConfigurationCacheTests" name="GetItem_ShouldReturnItem_WhenFound" />
    </UnitTest>
    <UnitTest name="WriteAppearanceExtenstionXml_ShouldWriteDisplayedThicknessInPixels_WhenLineDisplayPixelThicknessIsPresent" storage="d:\actions-runner\_work\xpco\xpco\mip\platformplugin\videoos.platform\unittest\bin\debug\net472\videoos.platform.tests.dll" id="d68b3075-4627-ba2b-18db-33c4279233ca">
      <Execution id="449b1f62-bf30-46f2-ac90-42ede9afb75e" />
      <TestMethod codeBase="D:\actions-runner\_work\XPCO\XPCO\MIP\PlatformPlugin\VideoOS.Platform\unittest\bin\Debug\net472\VideoOS.Platform.Tests.dll" adapterTypeName="executor://mstestadapter/v2" className="VideoOS.Platform.Tests.Metadata.RectangleTests" name="WriteAppearanceExtenstionXml_ShouldWriteDisplayedThicknessInPixels_WhenLineDisplayPixelThicknessIsPresent" />
    </UnitTest>
    <UnitTest name="TestConstructor_MessageParametersAsWarning_Success" storage="d:\actions-runner\_work\xpco\xpco\mip\platformplugin\videoos.platform\unittest\bin\debug\net472\videoos.platform.tests.dll" id="679fa446-5363-b4de-5431-4cdafa751f6b">
      <Execution id="3e494788-ff9e-4482-938c-ae300ffdc573" />
      <TestMethod codeBase="D:\actions-runner\_work\XPCO\XPCO\MIP\PlatformPlugin\VideoOS.Platform\unittest\bin\Debug\net472\VideoOS.Platform.Tests.dll" adapterTypeName="executor://mstestadapter/v2" className="VideoOS.Platform.Tests.Search.Error.CustomSearchErrorTest" name="TestConstructor_MessageParametersAsWarning_Success" />
    </UnitTest>
    <UnitTest name="OnSearchResultsReady_EmptyArgument_SearchResultReadyEventNotFired" storage="d:\actions-runner\_work\xpco\xpco\mip\platformplugin\videoos.platform\unittest\bin\debug\net472\videoos.platform.tests.dll" id="582a166b-52fa-3ee8-5316-b4af9ef88ed9">
      <TestCategory>
        <TestCategoryItem TestCategory="Search" />
      </TestCategory>
      <Execution id="b737f4f3-3b29-4a71-8629-b09110f5f894" />
      <TestMethod codeBase="D:\actions-runner\_work\XPCO\XPCO\MIP\PlatformPlugin\VideoOS.Platform\unittest\bin\Debug\net472\VideoOS.Platform.Tests.dll" adapterTypeName="executor://mstestadapter/v2" className="VideoOS.Platform.Tests.Search.SearchDefinitionTest" name="OnSearchResultsReady_EmptyArgument_SearchResultReadyEventNotFired" />
    </UnitTest>
    <UnitTest name="Serialize_TestCases (Verify root String (null) property)" storage="d:\actions-runner\_work\xpco\xpco\mip\platformplugin\videoos.platform\unittest\bin\debug\net472\videoos.platform.tests.dll" id="d3b94a2a-26e3-905f-c1f3-df866517ab99">
      <Execution id="613b4a0c-edf9-4463-b782-e743ef4ca4d7" />
      <TestMethod codeBase="D:\actions-runner\_work\XPCO\XPCO\MIP\PlatformPlugin\VideoOS.Platform\unittest\bin\Debug\net472\VideoOS.Platform.Tests.dll" adapterTypeName="executor://mstestadapter/v2" className="VideoOS.Platform.Tests.UI.Controls.Automation.Serialization.AutomationObjectSerializerTest" name="Serialize_TestCases" />
    </UnitTest>
    <UnitTest name="Remove_QueueStopping_Success" storage="d:\actions-runner\_work\xpco\xpco\mip\platformplugin\videoos.platform\unittest\bin\debug\net472\videoos.platform.tests.dll" id="ddb2b30a-7c8f-3eac-d6a3-efc6f41e2e1f">
      <Execution id="f3672527-8ccb-4b34-9a06-99e80be402c6" />
      <TestMethod codeBase="D:\actions-runner\_work\XPCO\XPCO\MIP\PlatformPlugin\VideoOS.Platform\unittest\bin\Debug\net472\VideoOS.Platform.Tests.dll" adapterTypeName="executor://mstestadapter/v2" className="VideoOS.Platform.Tests.Util.Queue.ConcurrentQueueSlimTests" name="Remove_QueueStopping_Success" />
    </UnitTest>
    <UnitTest name="Serialize_ShouldThrowException_WhenPropertyIsSimpleTypeButPathContainsChildren (IntProperty)" storage="d:\actions-runner\_work\xpco\xpco\mip\platformplugin\videoos.platform\unittest\bin\debug\net472\videoos.platform.tests.dll" id="4404a430-3945-1236-ef3f-8139963efa61">
      <Execution id="85d6225f-a5e8-4a31-bc8a-1881e400991a" />
      <TestMethod codeBase="D:\actions-runner\_work\XPCO\XPCO\MIP\PlatformPlugin\VideoOS.Platform\unittest\bin\Debug\net472\VideoOS.Platform.Tests.dll" adapterTypeName="executor://mstestadapter/v2" className="VideoOS.Platform.Tests.UI.Controls.Automation.Serialization.AutomationObjectSerializerTest" name="Serialize_ShouldThrowException_WhenPropertyIsSimpleTypeButPathContainsChildren" />
    </UnitTest>
    <UnitTest name="Serialize_ShouldThrowException_WhenPropertyIsSimpleTypeButPathContainsChildren (StringNotNullProperty)" storage="d:\actions-runner\_work\xpco\xpco\mip\platformplugin\videoos.platform\unittest\bin\debug\net472\videoos.platform.tests.dll" id="8499840e-abfc-164b-57b3-05d439aac484">
      <Execution id="933bd428-7de4-4c93-8666-04d2bab6d88e" />
      <TestMethod codeBase="D:\actions-runner\_work\XPCO\XPCO\MIP\PlatformPlugin\VideoOS.Platform\unittest\bin\Debug\net472\VideoOS.Platform.Tests.dll" adapterTypeName="executor://mstestadapter/v2" className="VideoOS.Platform.Tests.UI.Controls.Automation.Serialization.AutomationObjectSerializerTest" name="Serialize_ShouldThrowException_WhenPropertyIsSimpleTypeButPathContainsChildren" />
    </UnitTest>
    <UnitTest name="Serialize_TestCases (TestParentTypeMatchIntThisTypeMatched)" storage="d:\actions-runner\_work\xpco\xpco\mip\platformplugin\videoos.platform\unittest\bin\debug\net472\videoos.platform.tests.dll" id="0ca212d1-7426-4742-adf6-c33da0d879c6">
      <Execution id="fb64dde9-f8e1-486d-ac49-8a0bd5facbf5" />
      <TestMethod codeBase="D:\actions-runner\_work\XPCO\XPCO\MIP\PlatformPlugin\VideoOS.Platform\unittest\bin\Debug\net472\VideoOS.Platform.Tests.dll" adapterTypeName="executor://mstestadapter/v2" className="VideoOS.Platform.Tests.UI.Controls.Automation.Serialization.AutomationObjectSerializerTest" name="Serialize_TestCases" />
    </UnitTest>
    <UnitTest name="GetNext_ShouldReturnNull_WhenLastEntryWasCalled" storage="d:\actions-runner\_work\xpco\xpco\mip\platformplugin\videoos.platform\unittest\bin\debug\net472\videoos.platform.tests.dll" id="a7839cf0-508a-0ad4-6fc1-0553406f8071">
      <Execution id="c14d97cf-b4be-4ecb-bd59-542dcda4b8d5" />
      <TestMethod codeBase="D:\actions-runner\_work\XPCO\XPCO\MIP\PlatformPlugin\VideoOS.Platform\unittest\bin\Debug\net472\VideoOS.Platform.Tests.dll" adapterTypeName="executor://mstestadapter/v2" className="VideoOS.Platform.Tests.Data.MetadataCacheTests" name="GetNext_ShouldReturnNull_WhenLastEntryWasCalled" />
    </UnitTest>
    <UnitTest name="ProvideValue_ShouldSetTargetProperty_WhenItemIconSourcePropertyNameIsSet" storage="d:\actions-runner\_work\xpco\xpco\mip\platformplugin\videoos.platform\unittest\bin\debug\net472\videoos.platform.tests.dll" id="405a6411-84b6-3693-5b46-0b5983feca5e">
      <TestCategory>
        <TestCategoryItem TestCategory="DropDowns" />
      </TestCategory>
      <Execution id="b3e21373-c938-4b9e-90d0-ed3603949c77" />
      <TestMethod codeBase="D:\actions-runner\_work\XPCO\XPCO\MIP\PlatformPlugin\VideoOS.Platform\unittest\bin\Debug\net472\VideoOS.Platform.Tests.dll" adapterTypeName="executor://mstestadapter/v2" className="VideoOS.Platform.Tests.UI.Controls.DropDowns.Internal.SelectedItemIconSourceExtensionTest" name="ProvideValue_ShouldSetTargetProperty_WhenItemIconSourcePropertyNameIsSet" />
    </UnitTest>
    <UnitTest name="Ctor_OneStandardFilter_Success" storage="d:\actions-runner\_work\xpco\xpco\mip\platformplugin\videoos.platform\unittest\bin\debug\net472\videoos.platform.tests.dll" id="322a76e2-9465-203a-fa3f-db73d4f489c4">
      <TestCategory>
        <TestCategoryItem TestCategory="Search" />
      </TestCategory>
      <Execution id="1e0c453f-a6d1-4429-8168-a741657e62c7" />
      <TestMethod codeBase="D:\actions-runner\_work\XPCO\XPCO\MIP\PlatformPlugin\VideoOS.Platform\unittest\bin\Debug\net472\VideoOS.Platform.Tests.dll" adapterTypeName="executor://mstestadapter/v2" className="VideoOS.Platform.Tests.Search.FilterCategories.PersonSearchFilterCategoryTest" name="Ctor_OneStandardFilter_Success" />
    </UnitTest>
    <UnitTest name="Peek_NonEmptyQueue_ReturnsItemButKeepsItInQueue" storage="d:\actions-runner\_work\xpco\xpco\mip\platformplugin\videoos.platform\unittest\bin\debug\net472\videoos.platform.tests.dll" id="d7839ae1-9662-254a-edc4-21e217d972c9">
      <Execution id="0a4a412e-9a9f-4e21-9000-7dc3f9283a6d" />
      <TestMethod codeBase="D:\actions-runner\_work\XPCO\XPCO\MIP\PlatformPlugin\VideoOS.Platform\unittest\bin\Debug\net472\VideoOS.Platform.Tests.dll" adapterTypeName="executor://mstestadapter/v2" className="VideoOS.Platform.Tests.Util.Queue.ConcurrentQueueSlimTests" name="Peek_NonEmptyQueue_ReturnsItemButKeepsItInQueue" />
    </UnitTest>
    <UnitTest name="LoadedEvent_ShouldAddProxyManager_WhenFrameworkElementIsLoadedAtLaterStage" storage="d:\actions-runner\_work\xpco\xpco\mip\platformplugin\videoos.platform\unittest\bin\debug\net472\videoos.platform.tests.dll" id="2290dc93-26ef-2adf-bfc4-c74fcd6396b2">
      <TestCategory>
        <TestCategoryItem TestCategory="EventsToCommandMappings" />
      </TestCategory>
      <Execution id="f1226a68-e83e-4059-b0b9-c91c812a4d16" />
      <TestMethod codeBase="D:\actions-runner\_work\XPCO\XPCO\MIP\PlatformPlugin\VideoOS.Platform\unittest\bin\Debug\net472\VideoOS.Platform.Tests.dll" adapterTypeName="executor://mstestadapter/v2" className="VideoOS.Platform.Tests.UI.Commands.EventsToCommandMappingTest" name="LoadedEvent_ShouldAddProxyManager_WhenFrameworkElementIsLoadedAtLaterStage" />
    </UnitTest>
    <UnitTest name="Ctor_EmptyName_Throws" storage="d:\actions-runner\_work\xpco\xpco\mip\platformplugin\videoos.platform\unittest\bin\debug\net472\videoos.platform.tests.dll" id="8f3ff765-82e8-66d7-0b26-5b7e252a53b8">
      <TestCategory>
        <TestCategoryItem TestCategory="Search" />
      </TestCategory>
      <Execution id="5d03fae3-971b-41ae-942b-cfcb9b13e1b9" />
      <TestMethod codeBase="D:\actions-runner\_work\XPCO\XPCO\MIP\PlatformPlugin\VideoOS.Platform\unittest\bin\Debug\net472\VideoOS.Platform.Tests.dll" adapterTypeName="executor://mstestadapter/v2" className="VideoOS.Platform.Tests.Search.FilterCategories.VehicleSearchFilterCategoryTest" name="Ctor_EmptyName_Throws" />
    </UnitTest>
    <UnitTest name="GetWithDateTimeTimeSpanAndInt_ShouldClearCache_WhenAlways" storage="d:\actions-runner\_work\xpco\xpco\mip\platformplugin\videoos.platform\unittest\bin\debug\net472\videoos.platform.tests.dll" id="79db46c4-1a13-12a0-1950-586398a93668">
      <Execution id="0d0c741d-980f-46df-ad3f-fbbdd0dd36eb" />
      <TestMethod codeBase="D:\actions-runner\_work\XPCO\XPCO\MIP\PlatformPlugin\VideoOS.Platform\unittest\bin\Debug\net472\VideoOS.Platform.Tests.dll" adapterTypeName="executor://mstestadapter/v2" className="VideoOS.Platform.Tests.Data.MetadataPlaybackSourceTests" name="GetWithDateTimeTimeSpanAndInt_ShouldClearCache_WhenAlways" />
    </UnitTest>
    <UnitTest name="GetPrevious_ShouldReturnEntryBeforeLastReturnedEntry_WhenFindCacheEntryBeforeWasCalledAndThereIsAPreviousEntry" storage="d:\actions-runner\_work\xpco\xpco\mip\platformplugin\videoos.platform\unittest\bin\debug\net472\videoos.platform.tests.dll" id="1cd3273e-4fe1-8213-74a3-0afca1364b2a">
      <Execution id="08d26cb8-c37d-42c7-9d7e-49baab35a933" />
      <TestMethod codeBase="D:\actions-runner\_work\XPCO\XPCO\MIP\PlatformPlugin\VideoOS.Platform\unittest\bin\Debug\net472\VideoOS.Platform.Tests.dll" adapterTypeName="executor://mstestadapter/v2" className="VideoOS.Platform.Tests.Data.MetadataCacheTests" name="GetPrevious_ShouldReturnEntryBeforeLastReturnedEntry_WhenFindCacheEntryBeforeWasCalledAndThereIsAPreviousEntry" />
    </UnitTest>
    <UnitTest name="Ctor_OneStandardFilter_Success" storage="d:\actions-runner\_work\xpco\xpco\mip\platformplugin\videoos.platform\unittest\bin\debug\net472\videoos.platform.tests.dll" id="736d2983-eeff-1045-0cd2-2e53a996df06">
      <TestCategory>
        <TestCategoryItem TestCategory="Search" />
      </TestCategory>
      <Execution id="c0769bf7-e8cf-4190-a073-bfeed0452aa1" />
      <TestMethod codeBase="D:\actions-runner\_work\XPCO\XPCO\MIP\PlatformPlugin\VideoOS.Platform\unittest\bin\Debug\net472\VideoOS.Platform.Tests.dll" adapterTypeName="executor://mstestadapter/v2" className="VideoOS.Platform.Tests.Search.FilterCategories.VehicleSearchFilterCategoryTest" name="Ctor_OneStandardFilter_Success" />
    </UnitTest>
    <UnitTest name="GenerateDeviceParameters_ShouldWriteCorrectQuality_WhenQualityIsInRange" storage="d:\actions-runner\_work\xpco\xpco\mip\platformplugin\videoos.platform\unittest\bin\debug\net472\videoos.platform.tests.dll" id="2106ce31-ab6d-dc05-4702-f8a1d8cb40da">
      <Execution id="6dcdd5c8-3a81-42ff-9399-2cc5e95ad6d5" />
      <TestMethod codeBase="D:\actions-runner\_work\XPCO\XPCO\MIP\PlatformPlugin\VideoOS.Platform\unittest\bin\Debug\net472\VideoOS.Platform.Tests.dll" adapterTypeName="executor://mstestadapter/v2" className="VideoOS.Platform.Tests.Data.CameraDeviceDefinitionTests" name="GenerateDeviceParameters_ShouldWriteCorrectQuality_WhenQualityIsInRange" />
    </UnitTest>
    <UnitTest name="Equals_For_GuidsOnly" storage="d:\actions-runner\_work\xpco\xpco\mip\platformplugin\videoos.platform\unittest\bin\debug\net472\videoos.platform.tests.dll" id="61459c18-d69a-002e-99fd-4c0194ecc49d">
      <Execution id="4685afc8-0d0d-4180-bd0f-280c6546a800" />
      <TestMethod codeBase="D:\actions-runner\_work\XPCO\XPCO\MIP\PlatformPlugin\VideoOS.Platform\unittest\bin\Debug\net472\VideoOS.Platform.Tests.dll" adapterTypeName="executor://mstestadapter/v2" className="VideoOS.Platform.Tests.FQIDtests" name="Equals_For_GuidsOnly" />
    </UnitTest>
    <UnitTest name="GetIdFromPath_ShouldReturnNull_FromNullPath" storage="d:\actions-runner\_work\xpco\xpco\mip\platformplugin\videoos.platform\unittest\bin\debug\net472\videoos.platform.tests.dll" id="42e108f3-1735-015e-fab8-d9a77a62ea31">
      <Execution id="cd43f85d-c858-49f4-9715-dfdf5d42d913" />
      <TestMethod codeBase="D:\actions-runner\_work\XPCO\XPCO\MIP\PlatformPlugin\VideoOS.Platform\unittest\bin\Debug\net472\VideoOS.Platform.Tests.dll" adapterTypeName="executor://mstestadapter/v2" className="VideoOS.Platform.Tests.ConfigurationItems.FactoryTests" name="GetIdFromPath_ShouldReturnNull_FromNullPath" />
    </UnitTest>
    <UnitTest name="ReadXml_ShouldLogWarningTwiceWhenMoreThanOneMinuteBetweenWarnings_WhenCenterOfGravityIsIncomplete" storage="d:\actions-runner\_work\xpco\xpco\mip\platformplugin\videoos.platform\unittest\bin\debug\net472\videoos.platform.tests.dll" id="ec6e182c-c60a-0650-a430-7ebc2fa1ec79">
      <Execution id="b07b3b72-ee47-489f-b295-7637a58fa45f" />
      <TestMethod codeBase="D:\actions-runner\_work\XPCO\XPCO\MIP\PlatformPlugin\VideoOS.Platform\unittest\bin\Debug\net472\VideoOS.Platform.Tests.dll" adapterTypeName="executor://mstestadapter/v2" className="VideoOS.Platform.Tests.Metadata.ShapeTests" name="ReadXml_ShouldLogWarningTwiceWhenMoreThanOneMinuteBetweenWarnings_WhenCenterOfGravityIsIncomplete" />
    </UnitTest>
    <UnitTest name="Serialize_TestCases (Verify root Interface (null) property)" storage="d:\actions-runner\_work\xpco\xpco\mip\platformplugin\videoos.platform\unittest\bin\debug\net472\videoos.platform.tests.dll" id="b5dc0383-8c05-4dbd-34fe-ae824b1d19f6">
      <Execution id="99226c3c-130f-48c0-862e-36ba7ef25325" />
      <TestMethod codeBase="D:\actions-runner\_work\XPCO\XPCO\MIP\PlatformPlugin\VideoOS.Platform\unittest\bin\Debug\net472\VideoOS.Platform.Tests.dll" adapterTypeName="executor://mstestadapter/v2" className="VideoOS.Platform.Tests.UI.Controls.Automation.Serialization.AutomationObjectSerializerTest" name="Serialize_TestCases" />
    </UnitTest>
    <UnitTest name="GetAllFrames_ShouldReturnFramesFromAllVideoAnalytcs_WhenThereAreSeveralVideoAnalytics" storage="d:\actions-runner\_work\xpco\xpco\mip\platformplugin\videoos.platform\unittest\bin\debug\net472\videoos.platform.tests.dll" id="22017572-0e55-4eb6-a8f5-ed8333ee82e7">
      <Execution id="fa71dec8-01d1-4e25-9c3a-da5b3b5d52bb" />
      <TestMethod codeBase="D:\actions-runner\_work\XPCO\XPCO\MIP\PlatformPlugin\VideoOS.Platform\unittest\bin\Debug\net472\VideoOS.Platform.Tests.dll" adapterTypeName="executor://mstestadapter/v2" className="VideoOS.Platform.Tests.Metadata.MetadataStreamTests" name="GetAllFrames_ShouldReturnFramesFromAllVideoAnalytcs_WhenThereAreSeveralVideoAnalytics" />
    </UnitTest>
    <UnitTest name="ToString_WithTypeAndNull" storage="d:\actions-runner\_work\xpco\xpco\mip\platformplugin\videoos.platform\unittest\bin\debug\net472\videoos.platform.tests.dll" id="08cc126a-cc1a-5bd0-28c8-0e116736d384">
      <Execution id="b4aa655f-0fe6-4d8c-b080-443b6e65b809" />
      <TestMethod codeBase="D:\actions-runner\_work\XPCO\XPCO\MIP\PlatformPlugin\VideoOS.Platform\unittest\bin\Debug\net472\VideoOS.Platform.Tests.dll" adapterTypeName="executor://mstestadapter/v2" className="VideoOS.Platform.Tests.Messaging.CommunicationIdFilterTests" name="ToString_WithTypeAndNull" />
    </UnitTest>
    <UnitTest name="WriteXml_ShouldWriteObjectsContents_WhenObjectsAreWritten" storage="d:\actions-runner\_work\xpco\xpco\mip\platformplugin\videoos.platform\unittest\bin\debug\net472\videoos.platform.tests.dll" id="0f40bc61-c58f-06fd-9a7b-e081d001f46f">
      <Execution id="af2a82a9-84be-4d73-90c4-7c69b911f898" />
      <TestMethod codeBase="D:\actions-runner\_work\XPCO\XPCO\MIP\PlatformPlugin\VideoOS.Platform\unittest\bin\Debug\net472\VideoOS.Platform.Tests.dll" adapterTypeName="executor://mstestadapter/v2" className="VideoOS.Platform.Tests.Metadata.FrameTests" name="WriteXml_ShouldWriteObjectsContents_WhenObjectsAreWritten" />
    </UnitTest>
    <UnitTest name="ReadXml_ShouldReadTransformationContents_WhenTransformationIsPresent" storage="d:\actions-runner\_work\xpco\xpco\mip\platformplugin\videoos.platform\unittest\bin\debug\net472\videoos.platform.tests.dll" id="3d56290e-3e3f-353b-dfc8-249444061e6c">
      <Execution id="985a4c31-09b2-48b1-9af6-64c443e925ae" />
      <TestMethod codeBase="D:\actions-runner\_work\XPCO\XPCO\MIP\PlatformPlugin\VideoOS.Platform\unittest\bin\Debug\net472\VideoOS.Platform.Tests.dll" adapterTypeName="executor://mstestadapter/v2" className="VideoOS.Platform.Tests.Metadata.FrameTests" name="ReadXml_ShouldReadTransformationContents_WhenTransformationIsPresent" />
    </UnitTest>
    <UnitTest name="IconOverlay_Disabled_Success" storage="d:\actions-runner\_work\xpco\xpco\mip\platformplugin\videoos.platform\unittest\bin\debug\net472\videoos.platform.tests.dll" id="8ecfeea7-0c3c-71f4-0099-cc3f5ecbeb8d">
      <Execution id="83766430-1e10-4c1f-a9b2-d17d335f43ce" />
      <TestMethod codeBase="D:\actions-runner\_work\XPCO\XPCO\MIP\PlatformPlugin\VideoOS.Platform\unittest\bin\Debug\net472\VideoOS.Platform.Tests.dll" adapterTypeName="executor://mstestadapter/v2" className="VideoOS.Platform.Tests.ItemTests" name="IconOverlay_Disabled_Success" />
    </UnitTest>
    <UnitTest name="ToJson_IntElement" storage="d:\actions-runner\_work\xpco\xpco\mip\platformplugin\videoos.platform\unittest\bin\debug\net472\videoos.platform.tests.dll" id="94e5854b-a7a8-bf50-1837-dc2fec1a5970">
      <Execution id="49ef533f-eab0-4ec5-8179-7f4db0ac72b5" />
      <TestMethod codeBase="D:\actions-runner\_work\XPCO\XPCO\MIP\PlatformPlugin\VideoOS.Platform\unittest\bin\Debug\net472\VideoOS.Platform.Tests.dll" adapterTypeName="executor://mstestadapter/v2" className="VideoOS.Platform.Tests.Proxy.RestApi.JsonReaderTests" name="ToJson_IntElement" />
    </UnitTest>
    <UnitTest name="Serialize_TestCases (TestParentTypeMatchStructNotThisTypeNotMatchedProperty)" storage="d:\actions-runner\_work\xpco\xpco\mip\platformplugin\videoos.platform\unittest\bin\debug\net472\videoos.platform.tests.dll" id="cec6c299-8695-bd09-ea27-6e9dd0196e7e">
      <Execution id="74b66762-6e10-42c5-a860-61fd03b657a2" />
      <TestMethod codeBase="D:\actions-runner\_work\XPCO\XPCO\MIP\PlatformPlugin\VideoOS.Platform\unittest\bin\Debug\net472\VideoOS.Platform.Tests.dll" adapterTypeName="executor://mstestadapter/v2" className="VideoOS.Platform.Tests.UI.Controls.Automation.Serialization.AutomationObjectSerializerTest" name="Serialize_TestCases" />
    </UnitTest>
    <UnitTest name="SetCacheContents_HandleEmptyList" storage="d:\actions-runner\_work\xpco\xpco\mip\platformplugin\videoos.platform\unittest\bin\debug\net472\videoos.platform.tests.dll" id="5a6e28a5-0456-0238-773c-6170fb1e4f85">
      <Execution id="ea27e1b5-ce1e-4f0b-b4d4-45743a2b1047" />
      <TestMethod codeBase="D:\actions-runner\_work\XPCO\XPCO\MIP\PlatformPlugin\VideoOS.Platform\unittest\bin\Debug\net472\VideoOS.Platform.Tests.dll" adapterTypeName="executor://mstestadapter/v2" className="VideoOS.Platform.Tests.Data.MetadataCacheTests" name="SetCacheContents_HandleEmptyList" />
    </UnitTest>
    <UnitTest name="ReadXml_ShouldReadScale_WhenScaleIsPresent" storage="d:\actions-runner\_work\xpco\xpco\mip\platformplugin\videoos.platform\unittest\bin\debug\net472\videoos.platform.tests.dll" id="179839b6-b471-f653-0f2c-79b9d0414c3f">
      <Execution id="5c4176ba-0d27-4c26-b3c1-c4ae0ca4b284" />
      <TestMethod codeBase="D:\actions-runner\_work\XPCO\XPCO\MIP\PlatformPlugin\VideoOS.Platform\unittest\bin\Debug\net472\VideoOS.Platform.Tests.dll" adapterTypeName="executor://mstestadapter/v2" className="VideoOS.Platform.Tests.Metadata.TransformationTests" name="ReadXml_ShouldReadScale_WhenScaleIsPresent" />
    </UnitTest>
    <UnitTest name="ToArgb_ShouldReturnIntegerWithArgbValues_Always" storage="d:\actions-runner\_work\xpco\xpco\mip\platformplugin\videoos.platform\unittest\bin\debug\net472\videoos.platform.tests.dll" id="6d92f3d7-a73a-0631-d650-f99bb5acd16d">
      <Execution id="73aaa640-bc9b-46d7-93ca-c93528318a57" />
      <TestMethod codeBase="D:\actions-runner\_work\XPCO\XPCO\MIP\PlatformPlugin\VideoOS.Platform\unittest\bin\Debug\net472\VideoOS.Platform.Tests.dll" adapterTypeName="executor://mstestadapter/v2" className="VideoOS.Platform.Tests.Metadata.DisplayColorTests" name="ToArgb_ShouldReturnIntegerWithArgbValues_Always" />
    </UnitTest>
    <UnitTest name="ReadXml_ShouldReadObjectContents_WhenObjectIsPresent" storage="d:\actions-runner\_work\xpco\xpco\mip\platformplugin\videoos.platform\unittest\bin\debug\net472\videoos.platform.tests.dll" id="5a81ef7d-e348-ad91-56ea-2f873a9d2e52">
      <Execution id="0c2b86c5-5d09-40d6-b9b0-3bdd331e2a23" />
      <TestMethod codeBase="D:\actions-runner\_work\XPCO\XPCO\MIP\PlatformPlugin\VideoOS.Platform\unittest\bin\Debug\net472\VideoOS.Platform.Tests.dll" adapterTypeName="executor://mstestadapter/v2" className="VideoOS.Platform.Tests.Metadata.FrameTests" name="ReadXml_ShouldReadObjectContents_WhenObjectIsPresent" />
    </UnitTest>
    <UnitTest name="BuildOverlayWidthHeightAlarm_ShouldReturnCorrectSizedBitmap_WhenArgumentContainsObjectAndRule" storage="d:\actions-runner\_work\xpco\xpco\mip\platformplugin\videoos.platform\unittest\bin\debug\net472\videoos.platform.tests.dll" id="32fbd952-cf12-ae2b-c5d4-e7f80c991d18">
      <Execution id="315c9aba-2cbf-4a88-8dc4-99a65f468847" />
      <TestMethod codeBase="D:\actions-runner\_work\XPCO\XPCO\MIP\PlatformPlugin\VideoOS.Platform\unittest\bin\Debug\net472\VideoOS.Platform.Tests.dll" adapterTypeName="executor://mstestadapter/v2" className="VideoOS.Platform.Tests.Util.AnalyticsOverlayBuilderTests" name="BuildOverlayWidthHeightAlarm_ShouldReturnCorrectSizedBitmap_WhenArgumentContainsObjectAndRule" />
    </UnitTest>
    <UnitTest name="Serialize_TestCases (TestParentTypeMatchStructNotThisTypeMatchedProperty)" storage="d:\actions-runner\_work\xpco\xpco\mip\platformplugin\videoos.platform\unittest\bin\debug\net472\videoos.platform.tests.dll" id="4616a099-62a3-ac2b-8f4b-108aba4d58b6">
      <Execution id="7127d061-df1b-49bf-b782-5c4ca6a6c98f" />
      <TestMethod codeBase="D:\actions-runner\_work\XPCO\XPCO\MIP\PlatformPlugin\VideoOS.Platform\unittest\bin\Debug\net472\VideoOS.Platform.Tests.dll" adapterTypeName="executor://mstestadapter/v2" className="VideoOS.Platform.Tests.UI.Controls.Automation.Serialization.AutomationObjectSerializerTest" name="Serialize_TestCases" />
    </UnitTest>
    <UnitTest name="Minimize_ShouldReturnEmptyList_WhenListIsEmpty" storage="d:\actions-runner\_work\xpco\xpco\mip\platformplugin\videoos.platform\unittest\bin\debug\net472\videoos.platform.tests.dll" id="c4ce90f1-597d-a003-4d5c-b418943cb443">
      <Execution id="ef03c28e-d3d6-4260-a08d-6db9e11d4e0c" />
      <TestMethod codeBase="D:\actions-runner\_work\XPCO\XPCO\MIP\PlatformPlugin\VideoOS.Platform\unittest\bin\Debug\net472\VideoOS.Platform.Tests.dll" adapterTypeName="executor://mstestadapter/v2" className="VideoOS.Platform.Tests.Util.TimeIntervalTests" name="Minimize_ShouldReturnEmptyList_WhenListIsEmpty" />
    </UnitTest>
    <UnitTest name="GetNext_ShouldReturnNextDataInCache_WhenDataIsCached" storage="d:\actions-runner\_work\xpco\xpco\mip\platformplugin\videoos.platform\unittest\bin\debug\net472\videoos.platform.tests.dll" id="d6caf9a4-3f9a-074e-1dad-d39d3f06a0e6">
      <Execution id="e9d53fe3-9044-4e90-b462-1b0ba5571969" />
      <TestMethod codeBase="D:\actions-runner\_work\XPCO\XPCO\MIP\PlatformPlugin\VideoOS.Platform\unittest\bin\Debug\net472\VideoOS.Platform.Tests.dll" adapterTypeName="executor://mstestadapter/v2" className="VideoOS.Platform.Tests.Data.MetadataPlaybackSourceTests" name="GetNext_ShouldReturnNextDataInCache_WhenDataIsCached" />
    </UnitTest>
    <UnitTest name="Clear_ShouldInvokeCallback_WhenObservable" storage="d:\actions-runner\_work\xpco\xpco\mip\platformplugin\videoos.platform\unittest\bin\debug\net472\videoos.platform.tests.dll" id="a83a69b8-4523-62af-550e-9c72857a22cc">
      <Execution id="451c35b8-42cd-4b9c-a30a-c5d615b6b96e" />
      <TestMethod codeBase="D:\actions-runner\_work\XPCO\XPCO\MIP\PlatformPlugin\VideoOS.Platform\unittest\bin\Debug\net472\VideoOS.Platform.Tests.dll" adapterTypeName="executor://mstestadapter/v2" className="VideoOS.Platform.Tests.UI.Controls.CollectionHelperTest" name="Clear_ShouldInvokeCallback_WhenObservable" />
    </UnitTest>
    <UnitTest name="FlushAll_ShouldClearCache" storage="d:\actions-runner\_work\xpco\xpco\mip\platformplugin\videoos.platform\unittest\bin\debug\net472\videoos.platform.tests.dll" id="1fc86256-4383-79f5-2623-3a4a27ec4fd7">
      <Execution id="ef7830a3-578f-4ef4-be05-a28754470a7a" />
      <TestMethod codeBase="D:\actions-runner\_work\XPCO\XPCO\MIP\PlatformPlugin\VideoOS.Platform\unittest\bin\Debug\net472\VideoOS.Platform.Tests.dll" adapterTypeName="executor://mstestadapter/v2" className="VideoOS.Platform.Tests.Util.ConfigurationCacheTests" name="FlushAll_ShouldClearCache" />
    </UnitTest>
    <UnitTest name="HttpScheme_ShouldFollowHttpPort" storage="d:\actions-runner\_work\xpco\xpco\mip\platformplugin\videoos.platform\unittest\bin\debug\net472\videoos.platform.tests.dll" id="42d4745e-d9b8-f2e9-3bf0-8b9851599c44">
      <Execution id="c2f8791f-32a7-4558-ab59-dc54ccb103ee" />
      <TestMethod codeBase="D:\actions-runner\_work\XPCO\XPCO\MIP\PlatformPlugin\VideoOS.Platform\unittest\bin\Debug\net472\VideoOS.Platform.Tests.dll" adapterTypeName="executor://mstestadapter/v2" className="VideoOS.Platform.Tests.ServerIdTests" name="HttpScheme_ShouldFollowHttpPort" />
    </UnitTest>
    <UnitTest name="Encrypt_ShouldReturnInputAsIs" storage="d:\actions-runner\_work\xpco\xpco\mip\platformplugin\videoos.platform\unittest\bin\debug\net472\videoos.platform.tests.dll" id="5eeda859-d31c-69f8-fe90-55abee0d8512">
      <Execution id="a89679e8-263e-43f3-bfb1-17f76f6c6302" />
      <TestMethod codeBase="D:\actions-runner\_work\XPCO\XPCO\MIP\PlatformPlugin\VideoOS.Platform\unittest\bin\Debug\net472\VideoOS.Platform.Tests.dll" adapterTypeName="executor://mstestadapter/v2" className="VideoOS.Platform.Tests.License.LicenseCompatibilityHandlerTests" name="Encrypt_ShouldReturnInputAsIs" />
    </UnitTest>
    <UnitTest name="WriteXml_ShouldOmitFrameElement_WhenThereIsNoFramePresent" storage="d:\actions-runner\_work\xpco\xpco\mip\platformplugin\videoos.platform\unittest\bin\debug\net472\videoos.platform.tests.dll" id="b41e6145-298a-b0e7-b1a2-57aee45877f3">
      <Execution id="c6bdc087-0f64-4846-9426-0cb22aa5ce09" />
      <TestMethod codeBase="D:\actions-runner\_work\XPCO\XPCO\MIP\PlatformPlugin\VideoOS.Platform\unittest\bin\Debug\net472\VideoOS.Platform.Tests.dll" adapterTypeName="executor://mstestadapter/v2" className="VideoOS.Platform.Tests.Metadata.VideoAnalyticsTests" name="WriteXml_ShouldOmitFrameElement_WhenThereIsNoFramePresent" />
    </UnitTest>
    <UnitTest name="RegionSelectionFilterValue_Serialize_Success" storage="d:\actions-runner\_work\xpco\xpco\mip\platformplugin\videoos.platform\unittest\bin\debug\net472\videoos.platform.tests.dll" id="09b10f58-104f-c055-d17e-ad9f69c01172">
      <TestCategory>
        <TestCategoryItem TestCategory="Search" />
      </TestCategory>
      <Execution id="94c74170-ced3-4c18-8487-829a47b80a44" />
      <TestMethod codeBase="D:\actions-runner\_work\XPCO\XPCO\MIP\PlatformPlugin\VideoOS.Platform\unittest\bin\Debug\net472\VideoOS.Platform.Tests.dll" adapterTypeName="executor://mstestadapter/v2" className="VideoOS.Platform.Tests.Search.FilterValues.FilterValueTests" name="RegionSelectionFilterValue_Serialize_Success" />
    </UnitTest>
    <UnitTest name="Dequeue_NoItems_FailsAfterTimeout" storage="d:\actions-runner\_work\xpco\xpco\mip\platformplugin\videoos.platform\unittest\bin\debug\net472\videoos.platform.tests.dll" id="5779081c-72b8-3e22-5954-bdf5dfba82f5">
      <Execution id="440e313c-2a1e-48c8-bb2c-d0f4fb48fcb2" />
      <TestMethod codeBase="D:\actions-runner\_work\XPCO\XPCO\MIP\PlatformPlugin\VideoOS.Platform\unittest\bin\Debug\net472\VideoOS.Platform.Tests.dll" adapterTypeName="executor://mstestadapter/v2" className="VideoOS.Platform.Tests.Util.Queue.ConcurrentQueueSlimTests" name="Dequeue_NoItems_FailsAfterTimeout" />
    </UnitTest>
    <UnitTest name="WriteXml_ShouldWriteBehaviourElement_WhenBehaviourIsNotNullAndHasBehaviour" storage="d:\actions-runner\_work\xpco\xpco\mip\platformplugin\videoos.platform\unittest\bin\debug\net472\videoos.platform.tests.dll" id="e7a87b1a-469f-3c38-ddd6-29b9b9cbec00">
      <Execution id="ce953506-d91b-4d34-a01b-260e4e5db878" />
      <TestMethod codeBase="D:\actions-runner\_work\XPCO\XPCO\MIP\PlatformPlugin\VideoOS.Platform\unittest\bin\Debug\net472\VideoOS.Platform.Tests.dll" adapterTypeName="executor://mstestadapter/v2" className="VideoOS.Platform.Tests.Metadata.OnvifObjectTests" name="WriteXml_ShouldWriteBehaviourElement_WhenBehaviourIsNotNullAndHasBehaviour" />
    </UnitTest>
    <UnitTest name="WriteXml_ShouldWriteTopAttribute_WhenAlays" storage="d:\actions-runner\_work\xpco\xpco\mip\platformplugin\videoos.platform\unittest\bin\debug\net472\videoos.platform.tests.dll" id="7fa99fc8-4dae-9088-0c08-813290a88ab6">
      <Execution id="204178b6-3dc3-402f-8716-ac47ce49f219" />
      <TestMethod codeBase="D:\actions-runner\_work\XPCO\XPCO\MIP\PlatformPlugin\VideoOS.Platform\unittest\bin\Debug\net472\VideoOS.Platform.Tests.dll" adapterTypeName="executor://mstestadapter/v2" className="VideoOS.Platform.Tests.Metadata.RectangleTests" name="WriteXml_ShouldWriteTopAttribute_WhenAlays" />
    </UnitTest>
    <UnitTest name="Parse_UnclosedBracket" storage="d:\actions-runner\_work\xpco\xpco\mip\platformplugin\videoos.platform\unittest\bin\debug\net472\videoos.platform.tests.dll" id="e081911d-8f68-16dc-95b9-ce6ca0099b36">
      <Execution id="df9ad3a1-7e1a-4851-807f-fae192af98b3" />
      <TestMethod codeBase="D:\actions-runner\_work\XPCO\XPCO\MIP\PlatformPlugin\VideoOS.Platform\unittest\bin\Debug\net472\VideoOS.Platform.Tests.dll" adapterTypeName="executor://mstestadapter/v2" className="VideoOS.Platform.Tests.Proxy.RestApi.JsonReaderTests" name="Parse_UnclosedBracket" />
    </UnitTest>
    <UnitTest name="Items_EmptyList_TreeviewEmpty" storage="d:\actions-runner\_work\xpco\xpco\mip\platformplugin\videoos.platform\unittest\bin\debug\net472\videoos.platform.tests.dll" id="fc1fc2c4-ffdf-b544-ce27-92bf115fe30b">
      <Execution id="98f64135-326b-48ca-a3ff-4678940cf94c" />
      <TestMethod codeBase="D:\actions-runner\_work\XPCO\XPCO\MIP\PlatformPlugin\VideoOS.Platform\unittest\bin\Debug\net472\VideoOS.Platform.Tests.dll" adapterTypeName="executor://mstestadapter/v2" className="VideoOS.Platform.Tests.UI.ItemPicker.ItemPickerViewModelTest" name="Items_EmptyList_TreeviewEmpty" />
    </UnitTest>
    <UnitTest name="SetEvents_ShouldAddProxyManager_WhenFrameworkContentElementIsLoaded" storage="d:\actions-runner\_work\xpco\xpco\mip\platformplugin\videoos.platform\unittest\bin\debug\net472\videoos.platform.tests.dll" id="ee569e33-e92a-4e12-13b7-cfb199db4a03">
      <TestCategory>
        <TestCategoryItem TestCategory="EventsToCommandMappings" />
      </TestCategory>
      <Execution id="f856420a-1c2e-400f-86aa-530622dbee13" />
      <TestMethod codeBase="D:\actions-runner\_work\XPCO\XPCO\MIP\PlatformPlugin\VideoOS.Platform\unittest\bin\Debug\net472\VideoOS.Platform.Tests.dll" adapterTypeName="executor://mstestadapter/v2" className="VideoOS.Platform.Tests.UI.Commands.EventsToCommandMappingTest" name="SetEvents_ShouldAddProxyManager_WhenFrameworkContentElementIsLoaded" />
    </UnitTest>
    <UnitTest name="LicensesObjectId_ShouldBeTheSameAsReleasedBeforeNonFips" storage="d:\actions-runner\_work\xpco\xpco\mip\platformplugin\videoos.platform\unittest\bin\debug\net472\videoos.platform.tests.dll" id="a17fc58f-03d2-d783-1f61-cc54e1b01c86">
      <Execution id="ba67f5f1-f184-4201-9696-8eee7adfa07b" />
      <TestMethod codeBase="D:\actions-runner\_work\XPCO\XPCO\MIP\PlatformPlugin\VideoOS.Platform\unittest\bin\Debug\net472\VideoOS.Platform.Tests.dll" adapterTypeName="executor://mstestadapter/v2" className="VideoOS.Platform.Tests.License.NonFipsLicenseCompatibilityHandlerTests" name="LicensesObjectId_ShouldBeTheSameAsReleasedBeforeNonFips" />
    </UnitTest>
    <UnitTest name="Enqueue_Success" storage="d:\actions-runner\_work\xpco\xpco\mip\platformplugin\videoos.platform\unittest\bin\debug\net472\videoos.platform.tests.dll" id="53b81941-356a-16a1-a951-ad2b635230e2">
      <Execution id="96f44135-ac01-48bc-b02d-614ffbdf1dd0" />
      <TestMethod codeBase="D:\actions-runner\_work\XPCO\XPCO\MIP\PlatformPlugin\VideoOS.Platform\unittest\bin\Debug\net472\VideoOS.Platform.Tests.dll" adapterTypeName="executor://mstestadapter/v2" className="VideoOS.Platform.Tests.Util.Queue.ConcurrentQueueSlimTests" name="Enqueue_Success" />
    </UnitTest>
    <UnitTest name="CreateSearchResultUserControl_MultiplePluginsSameResultType_LastPluginWins" storage="d:\actions-runner\_work\xpco\xpco\mip\platformplugin\videoos.platform\unittest\bin\debug\net472\videoos.platform.tests.dll" id="6133b6d9-a9f1-1617-1674-43e83f8cc1f4">
      <TestCategory>
        <TestCategoryItem TestCategory="Search" />
      </TestCategory>
      <Execution id="5bbb3d17-b2e8-4415-b0ad-0f99c3edd98c" />
      <TestMethod codeBase="D:\actions-runner\_work\XPCO\XPCO\MIP\PlatformPlugin\VideoOS.Platform\unittest\bin\Debug\net472\VideoOS.Platform.Tests.dll" adapterTypeName="executor://mstestadapter/v2" className="VideoOS.Platform.Tests.Search.SearchUserControlResolverTest" name="CreateSearchResultUserControl_MultiplePluginsSameResultType_LastPluginWins" />
    </UnitTest>
    <UnitTest name="GetPreviousDateTime_ShouldReturnLastDataEntityFromSecondToolkitCall_WhenDateIsEqualOrBeforeLastCachedValue" storage="d:\actions-runner\_work\xpco\xpco\mip\platformplugin\videoos.platform\unittest\bin\debug\net472\videoos.platform.tests.dll" id="f1b429c9-236c-37a4-5790-ad48b8bcac95">
      <Execution id="a57a14c2-bc89-4621-b312-adbb84d668da" />
      <TestMethod codeBase="D:\actions-runner\_work\XPCO\XPCO\MIP\PlatformPlugin\VideoOS.Platform\unittest\bin\Debug\net472\VideoOS.Platform.Tests.dll" adapterTypeName="executor://mstestadapter/v2" className="VideoOS.Platform.Tests.Data.MetadataPlaybackSourceTests" name="GetPreviousDateTime_ShouldReturnLastDataEntityFromSecondToolkitCall_WhenDateIsEqualOrBeforeLastCachedValue" />
    </UnitTest>
    <UnitTest name="GenerateBoundingBoxDevice_ShouldReturnDeviceWithCorrectTypes_WhenAlways" storage="d:\actions-runner\_work\xpco\xpco\mip\platformplugin\videoos.platform\unittest\bin\debug\net472\videoos.platform.tests.dll" id="0465a107-5afa-65eb-a10c-77e89846ff26">
      <Execution id="6e299a33-5c31-4030-a323-3b6cef4de9c0" />
      <TestMethod codeBase="D:\actions-runner\_work\XPCO\XPCO\MIP\PlatformPlugin\VideoOS.Platform\unittest\bin\Debug\net472\VideoOS.Platform.Tests.dll" adapterTypeName="executor://mstestadapter/v2" className="VideoOS.Platform.Tests.Data.MetadataDeviceDefintionTests" name="GenerateBoundingBoxDevice_ShouldReturnDeviceWithCorrectTypes_WhenAlways" />
    </UnitTest>
    <UnitTest name="CreateSearchResultUserControl_PluginReturnsNull_ReturnsNull" storage="d:\actions-runner\_work\xpco\xpco\mip\platformplugin\videoos.platform\unittest\bin\debug\net472\videoos.platform.tests.dll" id="b789a227-1d2f-c14a-41cf-d52a7a553222">
      <TestCategory>
        <TestCategoryItem TestCategory="Search" />
      </TestCategory>
      <Execution id="43e1962a-7970-453a-9efc-a789c53e40b7" />
      <TestMethod codeBase="D:\actions-runner\_work\XPCO\XPCO\MIP\PlatformPlugin\VideoOS.Platform\unittest\bin\Debug\net472\VideoOS.Platform.Tests.dll" adapterTypeName="executor://mstestadapter/v2" className="VideoOS.Platform.Tests.Search.SearchUserControlResolverTest" name="CreateSearchResultUserControl_PluginReturnsNull_ReturnsNull" />
    </UnitTest>
    <UnitTest name="EqualGuids_Ignore_Fail_OnKind" storage="d:\actions-runner\_work\xpco\xpco\mip\platformplugin\videoos.platform\unittest\bin\debug\net472\videoos.platform.tests.dll" id="b147c839-1adf-f8ae-0b25-dc9dcffe119b">
      <Execution id="81e22dd5-8c7f-4b8b-989e-5563593e0250" />
      <TestMethod codeBase="D:\actions-runner\_work\XPCO\XPCO\MIP\PlatformPlugin\VideoOS.Platform\unittest\bin\Debug\net472\VideoOS.Platform.Tests.dll" adapterTypeName="executor://mstestadapter/v2" className="VideoOS.Platform.Tests.FQIDtests" name="EqualGuids_Ignore_Fail_OnKind" />
    </UnitTest>
    <UnitTest name="GetIdFromPath_ShouldReturnEmptyString_WhenPathContainsEmptyId" storage="d:\actions-runner\_work\xpco\xpco\mip\platformplugin\videoos.platform\unittest\bin\debug\net472\videoos.platform.tests.dll" id="f6984f1a-4523-b1ef-118a-5c1d7f7ca1aa">
      <Execution id="17c61f8c-7fbc-4250-a408-775b4ac5c658" />
      <TestMethod codeBase="D:\actions-runner\_work\XPCO\XPCO\MIP\PlatformPlugin\VideoOS.Platform\unittest\bin\Debug\net472\VideoOS.Platform.Tests.dll" adapterTypeName="executor://mstestadapter/v2" className="VideoOS.Platform.Tests.ConfigurationItems.FactoryTests" name="GetIdFromPath_ShouldReturnEmptyString_WhenPathContainsEmptyId" />
    </UnitTest>
    <UnitTest name="Enqueue_TwoProducers_Success" storage="d:\actions-runner\_work\xpco\xpco\mip\platformplugin\videoos.platform\unittest\bin\debug\net472\videoos.platform.tests.dll" id="d70deda9-d414-d7bd-403c-5fb9de797fb3">
      <Execution id="952af62e-5c3a-46a6-8a53-81209c757093" />
      <TestMethod codeBase="D:\actions-runner\_work\XPCO\XPCO\MIP\PlatformPlugin\VideoOS.Platform\unittest\bin\Debug\net472\VideoOS.Platform.Tests.dll" adapterTypeName="executor://mstestadapter/v2" className="VideoOS.Platform.Tests.Util.Queue.ConcurrentQueueSlimTests" name="Enqueue_TwoProducers_Success" />
    </UnitTest>
    <UnitTest name="GenerateDeviceParameters_ShouldWriteCorrectFps_WhenFpsIsInRange" storage="d:\actions-runner\_work\xpco\xpco\mip\platformplugin\videoos.platform\unittest\bin\debug\net472\videoos.platform.tests.dll" id="5737235c-4c26-da22-d231-8a538d9299e8">
      <Execution id="b16c4d81-3418-4736-995a-cf1902f9caa4" />
      <TestMethod codeBase="D:\actions-runner\_work\XPCO\XPCO\MIP\PlatformPlugin\VideoOS.Platform\unittest\bin\Debug\net472\VideoOS.Platform.Tests.dll" adapterTypeName="executor://mstestadapter/v2" className="VideoOS.Platform.Tests.Data.CameraDeviceDefinitionTests" name="GenerateDeviceParameters_ShouldWriteCorrectFps_WhenFpsIsInRange" />
    </UnitTest>
    <UnitTest name="WriteXml_ShouldWriteRightAttribute_WhenAlays" storage="d:\actions-runner\_work\xpco\xpco\mip\platformplugin\videoos.platform\unittest\bin\debug\net472\videoos.platform.tests.dll" id="73ec9274-5d95-cb62-60ca-c2f3ce2346e6">
      <Execution id="6202c95b-9bf9-44a6-b9ef-295876416edb" />
      <TestMethod codeBase="D:\actions-runner\_work\XPCO\XPCO\MIP\PlatformPlugin\VideoOS.Platform\unittest\bin\Debug\net472\VideoOS.Platform.Tests.dll" adapterTypeName="executor://mstestadapter/v2" className="VideoOS.Platform.Tests.Metadata.RectangleTests" name="WriteXml_ShouldWriteRightAttribute_WhenAlays" />
    </UnitTest>
    <UnitTest name="CreateSearchResultUserControl_MultiplePlugins_MilestonePluginsFirst" storage="d:\actions-runner\_work\xpco\xpco\mip\platformplugin\videoos.platform\unittest\bin\debug\net472\videoos.platform.tests.dll" id="e6e395b4-3b84-d36a-a38c-e5e638fee7fb">
      <TestCategory>
        <TestCategoryItem TestCategory="Search" />
      </TestCategory>
      <Execution id="0b8c513d-a419-4c55-9813-5f079a9b033e" />
      <TestMethod codeBase="D:\actions-runner\_work\XPCO\XPCO\MIP\PlatformPlugin\VideoOS.Platform\unittest\bin\Debug\net472\VideoOS.Platform.Tests.dll" adapterTypeName="executor://mstestadapter/v2" className="VideoOS.Platform.Tests.Search.SearchUserControlResolverTest" name="CreateSearchResultUserControl_MultiplePlugins_MilestonePluginsFirst" />
    </UnitTest>
    <UnitTest name="TryParseArgbString_ShouldReturnTrue_WithCorrectARGBValuesWhenFormatIsCorrect" storage="d:\actions-runner\_work\xpco\xpco\mip\platformplugin\videoos.platform\unittest\bin\debug\net472\videoos.platform.tests.dll" id="774975d0-338f-cf44-fe77-bf25f6734c5b">
      <Execution id="4e5df277-558e-4689-a277-c1c02b6ef2de" />
      <TestMethod codeBase="D:\actions-runner\_work\XPCO\XPCO\MIP\PlatformPlugin\VideoOS.Platform\unittest\bin\Debug\net472\VideoOS.Platform.Tests.dll" adapterTypeName="executor://mstestadapter/v2" className="VideoOS.Platform.Tests.Metadata.DisplayColorTests" name="TryParseArgbString_ShouldReturnTrue_WithCorrectARGBValuesWhenFormatIsCorrect" />
    </UnitTest>
    <UnitTest name="Match_Fail_NullType_WrongType_Single" storage="d:\actions-runner\_work\xpco\xpco\mip\platformplugin\videoos.platform\unittest\bin\debug\net472\videoos.platform.tests.dll" id="d024cbbc-cd6e-1273-02ea-1e58d1fbe142">
      <Execution id="c7987eb6-413e-4b77-8d04-5766caf5ac2b" />
      <TestMethod codeBase="D:\actions-runner\_work\XPCO\XPCO\MIP\PlatformPlugin\VideoOS.Platform\unittest\bin\Debug\net472\VideoOS.Platform.Tests.dll" adapterTypeName="executor://mstestadapter/v2" className="VideoOS.Platform.Tests.Messaging.CommunicationIdFilterTests" name="Match_Fail_NullType_WrongType_Single" />
    </UnitTest>
    <UnitTest name="Construct4_And_Field_Check" storage="d:\actions-runner\_work\xpco\xpco\mip\platformplugin\videoos.platform\unittest\bin\debug\net472\videoos.platform.tests.dll" id="acd28437-0e13-f5d1-fe2d-ceccbcc0b0d8">
      <Execution id="a16db8be-5575-4360-bf8b-4a5957338320" />
      <TestMethod codeBase="D:\actions-runner\_work\XPCO\XPCO\MIP\PlatformPlugin\VideoOS.Platform\unittest\bin\Debug\net472\VideoOS.Platform.Tests.dll" adapterTypeName="executor://mstestadapter/v2" className="VideoOS.Platform.Tests.ItemTests" name="Construct4_And_Field_Check" />
    </UnitTest>
    <UnitTest name="GetAtOrBefore_ShouldReturnLastElement_WhenTimestampIsSameAsLastElement" storage="d:\actions-runner\_work\xpco\xpco\mip\platformplugin\videoos.platform\unittest\bin\debug\net472\videoos.platform.tests.dll" id="7d577a3c-0602-a0a6-e9b5-1f43ff437a96">
      <Execution id="e7dae79f-dfda-4518-aa0a-bca2ef7e2ae2" />
      <TestMethod codeBase="D:\actions-runner\_work\XPCO\XPCO\MIP\PlatformPlugin\VideoOS.Platform\unittest\bin\Debug\net472\VideoOS.Platform.Tests.dll" adapterTypeName="executor://mstestadapter/v2" className="VideoOS.Platform.Tests.Data.MetadataCacheTests" name="GetAtOrBefore_ShouldReturnLastElement_WhenTimestampIsSameAsLastElement" />
    </UnitTest>
    <UnitTest name="GetColorFilterValues_FilterValueMissing_ReturnsEmptyCollection" storage="d:\actions-runner\_work\xpco\xpco\mip\platformplugin\videoos.platform\unittest\bin\debug\net472\videoos.platform.tests.dll" id="cd1d2fd6-a556-1869-618e-8799c1c10a94">
      <TestCategory>
        <TestCategoryItem TestCategory="Search" />
      </TestCategory>
      <Execution id="bd694cce-57b2-4917-abb4-d54376bdd1b9" />
      <TestMethod codeBase="D:\actions-runner\_work\XPCO\XPCO\MIP\PlatformPlugin\VideoOS.Platform\unittest\bin\Debug\net472\VideoOS.Platform.Tests.dll" adapterTypeName="executor://mstestadapter/v2" className="VideoOS.Platform.Tests.Search.FilterCategories.VehicleSearchFilterCategoryTest" name="GetColorFilterValues_FilterValueMissing_ReturnsEmptyCollection" />
    </UnitTest>
    <UnitTest name="WriteXml_ShouldWriteShapeElement_WhenShapeIsNotNull" storage="d:\actions-runner\_work\xpco\xpco\mip\platformplugin\videoos.platform\unittest\bin\debug\net472\videoos.platform.tests.dll" id="26609db5-8fe4-7221-64d2-19aa74512834">
      <Execution id="90dea4c2-3e1e-4169-a1d0-63d5977e58d3" />
      <TestMethod codeBase="D:\actions-runner\_work\XPCO\XPCO\MIP\PlatformPlugin\VideoOS.Platform\unittest\bin\Debug\net472\VideoOS.Platform.Tests.dll" adapterTypeName="executor://mstestadapter/v2" className="VideoOS.Platform.Tests.Metadata.AppearanceTests" name="WriteXml_ShouldWriteShapeElement_WhenShapeIsNotNull" />
    </UnitTest>
    <UnitTest name="Hash_Check" storage="d:\actions-runner\_work\xpco\xpco\mip\platformplugin\videoos.platform\unittest\bin\debug\net472\videoos.platform.tests.dll" id="5c99a102-e3d2-3ea7-d358-687ae3a56806">
      <Execution id="60afe9be-ef2c-4b24-b97f-f2ca8768fb08" />
      <TestMethod codeBase="D:\actions-runner\_work\XPCO\XPCO\MIP\PlatformPlugin\VideoOS.Platform\unittest\bin\Debug\net472\VideoOS.Platform.Tests.dll" adapterTypeName="executor://mstestadapter/v2" className="VideoOS.Platform.Tests.Messaging.CommunicationIdFilterTests" name="Hash_Check" />
    </UnitTest>
    <UnitTest name="Ctor_WhitespaceName_Throws" storage="d:\actions-runner\_work\xpco\xpco\mip\platformplugin\videoos.platform\unittest\bin\debug\net472\videoos.platform.tests.dll" id="07804473-e40a-283c-1bf0-1e8f6fcff5c4">
      <TestCategory>
        <TestCategoryItem TestCategory="Search" />
      </TestCategory>
      <Execution id="a89a7abe-dd30-42a3-882a-6aa1e32bbc97" />
      <TestMethod codeBase="D:\actions-runner\_work\XPCO\XPCO\MIP\PlatformPlugin\VideoOS.Platform\unittest\bin\Debug\net472\VideoOS.Platform.Tests.dll" adapterTypeName="executor://mstestadapter/v2" className="VideoOS.Platform.Tests.Search.FilterCategories.PersonSearchFilterCategoryTest" name="Ctor_WhitespaceName_Throws" />
    </UnitTest>
    <UnitTest name="Remove_NullItem_DoesNotCrash" storage="d:\actions-runner\_work\xpco\xpco\mip\platformplugin\videoos.platform\unittest\bin\debug\net472\videoos.platform.tests.dll" id="c59043ee-e462-ae6f-68e0-aa6381ac3c86">
      <Execution id="4ab101a6-a530-4eff-9943-e18cdf6fcafd" />
      <TestMethod codeBase="D:\actions-runner\_work\XPCO\XPCO\MIP\PlatformPlugin\VideoOS.Platform\unittest\bin\Debug\net472\VideoOS.Platform.Tests.dll" adapterTypeName="executor://mstestadapter/v2" className="VideoOS.Platform.Tests.Util.Queue.ConcurrentQueueSlimTests" name="Remove_NullItem_DoesNotCrash" />
    </UnitTest>
    <UnitTest name="GenerateParameters_ShouldOmitFpsRange_WhenFpsRangeIsNull" storage="d:\actions-runner\_work\xpco\xpco\mip\platformplugin\videoos.platform\unittest\bin\debug\net472\videoos.platform.tests.dll" id="dbc5d189-251d-e27f-7817-a46019f321c1">
      <Execution id="3ac28849-c32c-4433-8996-3ec74c9ceb02" />
      <TestMethod codeBase="D:\actions-runner\_work\XPCO\XPCO\MIP\PlatformPlugin\VideoOS.Platform\unittest\bin\Debug\net472\VideoOS.Platform.Tests.dll" adapterTypeName="executor://mstestadapter/v2" className="VideoOS.Platform.Tests.Data.CameraDeviceDefinitionTests" name="GenerateParameters_ShouldOmitFpsRange_WhenFpsRangeIsNull" />
    </UnitTest>
    <UnitTest name="WriteXml_ShouldWriteObjectIdAttribute_Always" storage="d:\actions-runner\_work\xpco\xpco\mip\platformplugin\videoos.platform\unittest\bin\debug\net472\videoos.platform.tests.dll" id="0928c4fd-5774-fb06-0445-b9d9e3756a8d">
      <Execution id="50af7c3c-0e1b-4d60-81ea-ea2e6d53bd47" />
      <TestMethod codeBase="D:\actions-runner\_work\XPCO\XPCO\MIP\PlatformPlugin\VideoOS.Platform\unittest\bin\Debug\net472\VideoOS.Platform.Tests.dll" adapterTypeName="executor://mstestadapter/v2" className="VideoOS.Platform.Tests.Metadata.OnvifObjectTests" name="WriteXml_ShouldWriteObjectIdAttribute_Always" />
    </UnitTest>
    <UnitTest name="Serialize_TestCases (TestParentTypeMatchObjectNotThisTypeMatchedProperty)" storage="d:\actions-runner\_work\xpco\xpco\mip\platformplugin\videoos.platform\unittest\bin\debug\net472\videoos.platform.tests.dll" id="8ae8a56f-860e-70a2-1edd-b4adad04ade1">
      <Execution id="55415466-03c3-4dac-8179-216ab88d7bdb" />
      <TestMethod codeBase="D:\actions-runner\_work\XPCO\XPCO\MIP\PlatformPlugin\VideoOS.Platform\unittest\bin\Debug\net472\VideoOS.Platform.Tests.dll" adapterTypeName="executor://mstestadapter/v2" className="VideoOS.Platform.Tests.UI.Controls.Automation.Serialization.AutomationObjectSerializerTest" name="Serialize_TestCases" />
    </UnitTest>
    <UnitTest name="ReadXml_ShouldLogWarning_WhenTypeIsNotPresent" storage="d:\actions-runner\_work\xpco\xpco\mip\platformplugin\videoos.platform\unittest\bin\debug\net472\videoos.platform.tests.dll" id="d0ba50f6-c050-7856-3856-4bb2c3dada0c">
      <Execution id="38110a85-c93b-4448-b78e-a869994c867f" />
      <TestMethod codeBase="D:\actions-runner\_work\XPCO\XPCO\MIP\PlatformPlugin\VideoOS.Platform\unittest\bin\Debug\net472\VideoOS.Platform.Tests.dll" adapterTypeName="executor://mstestadapter/v2" className="VideoOS.Platform.Tests.Metadata.ClassCandidateTests" name="ReadXml_ShouldLogWarning_WhenTypeIsNotPresent" />
    </UnitTest>
    <UnitTest name="GetAgeFilterValue_NullCriteria_Throws" storage="d:\actions-runner\_work\xpco\xpco\mip\platformplugin\videoos.platform\unittest\bin\debug\net472\videoos.platform.tests.dll" id="dfc15ed8-7724-9a59-ed0c-37d1b022994b">
      <TestCategory>
        <TestCategoryItem TestCategory="Search" />
      </TestCategory>
      <Execution id="0065b2ac-05e8-4db4-b3b5-e6bb40447bde" />
      <TestMethod codeBase="D:\actions-runner\_work\XPCO\XPCO\MIP\PlatformPlugin\VideoOS.Platform\unittest\bin\Debug\net472\VideoOS.Platform.Tests.dll" adapterTypeName="executor://mstestadapter/v2" className="VideoOS.Platform.Tests.Search.FilterCategories.PersonSearchFilterCategoryTest" name="GetAgeFilterValue_NullCriteria_Throws" />
    </UnitTest>
    <UnitTest name="CreateSearchFilterEditControl_SinglePluginMultipleUserControlsPlugins_Success" storage="d:\actions-runner\_work\xpco\xpco\mip\platformplugin\videoos.platform\unittest\bin\debug\net472\videoos.platform.tests.dll" id="64385f08-1561-0f65-f649-9eea3016a34f">
      <TestCategory>
        <TestCategoryItem TestCategory="Search" />
      </TestCategory>
      <Execution id="967fa5f3-4c28-42cf-b1b8-5454275ce5d8" />
      <TestMethod codeBase="D:\actions-runner\_work\XPCO\XPCO\MIP\PlatformPlugin\VideoOS.Platform\unittest\bin\Debug\net472\VideoOS.Platform.Tests.dll" adapterTypeName="executor://mstestadapter/v2" className="VideoOS.Platform.Tests.Search.SearchUserControlResolverTest" name="CreateSearchFilterEditControl_SinglePluginMultipleUserControlsPlugins_Success" />
    </UnitTest>
    <UnitTest name="SearchResultData_RelatedItems_Success" storage="d:\actions-runner\_work\xpco\xpco\mip\platformplugin\videoos.platform\unittest\bin\debug\net472\videoos.platform.tests.dll" id="a17307f7-bfca-392d-97bb-4da7ab99cc40">
      <TestCategory>
        <TestCategoryItem TestCategory="Search" />
      </TestCategory>
      <Execution id="ac0715d2-53c7-478f-86d9-a74aee32585f" />
      <TestMethod codeBase="D:\actions-runner\_work\XPCO\XPCO\MIP\PlatformPlugin\VideoOS.Platform\unittest\bin\Debug\net472\VideoOS.Platform.Tests.dll" adapterTypeName="executor://mstestadapter/v2" className="VideoOS.Platform.Tests.Search.SearchResultDataTest" name="SearchResultData_RelatedItems_Success" />
    </UnitTest>
    <UnitTest name="FindCacheEntryAfter_ShuldReturnNull_WhenThereAreNoEntriesAfterTheTimestamp" storage="d:\actions-runner\_work\xpco\xpco\mip\platformplugin\videoos.platform\unittest\bin\debug\net472\videoos.platform.tests.dll" id="48e1001e-d788-4f1f-114b-b2f616ae9b17">
      <Execution id="85df0b01-90c3-44f6-8f05-2207837db471" />
      <TestMethod codeBase="D:\actions-runner\_work\XPCO\XPCO\MIP\PlatformPlugin\VideoOS.Platform\unittest\bin\Debug\net472\VideoOS.Platform.Tests.dll" adapterTypeName="executor://mstestadapter/v2" className="VideoOS.Platform.Tests.Data.MetadataCacheTests" name="FindCacheEntryAfter_ShuldReturnNull_WhenThereAreNoEntriesAfterTheTimestamp" />
    </UnitTest>
    <UnitTest name="IsValid_ShouldBeSetToTrue_WhenValidBoundingBoxAndCenterOfGravityIsMissing" storage="d:\actions-runner\_work\xpco\xpco\mip\platformplugin\videoos.platform\unittest\bin\debug\net472\videoos.platform.tests.dll" id="5c447ad0-5dd2-2fa2-d091-548bf019cae3">
      <Execution id="4e8e992b-4fa2-4368-a535-d215ce464abf" />
      <TestMethod codeBase="D:\actions-runner\_work\XPCO\XPCO\MIP\PlatformPlugin\VideoOS.Platform\unittest\bin\Debug\net472\VideoOS.Platform.Tests.dll" adapterTypeName="executor://mstestadapter/v2" className="VideoOS.Platform.Tests.Metadata.ShapeTests" name="IsValid_ShouldBeSetToTrue_WhenValidBoundingBoxAndCenterOfGravityIsMissing" />
    </UnitTest>
    <UnitTest name="Azimuth_ShouldThrowArgumentOfRange_WhenValueIsOutsideAcceptedRange" storage="d:\actions-runner\_work\xpco\xpco\mip\platformplugin\videoos.platform\unittest\bin\debug\net472\videoos.platform.tests.dll" id="78d59ed4-95ad-480d-6b34-b1db04166f61">
      <Execution id="44ae6215-6ce5-4d18-8d5b-15b89389111c" />
      <TestMethod codeBase="D:\actions-runner\_work\XPCO\XPCO\MIP\PlatformPlugin\VideoOS.Platform\unittest\bin\Debug\net472\VideoOS.Platform.Tests.dll" adapterTypeName="executor://mstestadapter/v2" className="VideoOS.Platform.Tests.Metadata.NavigationalDataTests" name="Azimuth_ShouldThrowArgumentOfRange_WhenValueIsOutsideAcceptedRange" />
    </UnitTest>
    <UnitTest name="Construct1_And_Field_Check" storage="d:\actions-runner\_work\xpco\xpco\mip\platformplugin\videoos.platform\unittest\bin\debug\net472\videoos.platform.tests.dll" id="dacce14d-9756-2798-fd98-fb15b8b3c6f4">
      <Execution id="c7e9939c-1bbd-4064-b220-bcfbca140ab8" />
      <TestMethod codeBase="D:\actions-runner\_work\XPCO\XPCO\MIP\PlatformPlugin\VideoOS.Platform\unittest\bin\Debug\net472\VideoOS.Platform.Tests.dll" adapterTypeName="executor://mstestadapter/v2" className="VideoOS.Platform.Tests.ItemTests" name="Construct1_And_Field_Check" />
    </UnitTest>
    <UnitTest name="AddItem_AnalyticsEvent_Success" storage="d:\actions-runner\_work\xpco\xpco\mip\platformplugin\videoos.platform\unittest\bin\debug\net472\videoos.platform.tests.dll" id="b00ecc30-ada6-8010-f3a3-4abf75838207">
      <Execution id="0a0f882e-f752-415b-ba13-ef8d13b56a34" />
      <TestMethod codeBase="D:\actions-runner\_work\XPCO\XPCO\MIP\PlatformPlugin\VideoOS.Platform\unittest\bin\Debug\net472\VideoOS.Platform.Tests.dll" adapterTypeName="executor://mstestadapter/v2" className="VideoOS.Platform.Tests.Proxy.RestApi.RestApiClientDecoratorTests" name="AddItem_AnalyticsEvent_Success" />
    </UnitTest>
    <UnitTest name="ReadXml_ShouldIgnoreUnknownChildren_WhenUnknownChildrenArePresent" storage="d:\actions-runner\_work\xpco\xpco\mip\platformplugin\videoos.platform\unittest\bin\debug\net472\videoos.platform.tests.dll" id="88c1b25e-ba16-57cd-c6d8-d1d74e524e76">
      <Execution id="7c8d122d-27ad-4518-9072-69d4db71a89d" />
      <TestMethod codeBase="D:\actions-runner\_work\XPCO\XPCO\MIP\PlatformPlugin\VideoOS.Platform\unittest\bin\Debug\net472\VideoOS.Platform.Tests.dll" adapterTypeName="executor://mstestadapter/v2" className="VideoOS.Platform.Tests.Metadata.ShapeTests" name="ReadXml_ShouldIgnoreUnknownChildren_WhenUnknownChildrenArePresent" />
    </UnitTest>
    <UnitTest name="MatchId_Success_MessageWithAsteriskAtBegin" storage="d:\actions-runner\_work\xpco\xpco\mip\platformplugin\videoos.platform\unittest\bin\debug\net472\videoos.platform.tests.dll" id="b28c88a2-048a-f43d-3028-a27e0105d7d5">
      <Execution id="967ab908-6f81-4646-9c36-1c150338519d" />
      <TestMethod codeBase="D:\actions-runner\_work\XPCO\XPCO\MIP\PlatformPlugin\VideoOS.Platform\unittest\bin\Debug\net472\VideoOS.Platform.Tests.dll" adapterTypeName="executor://mstestadapter/v2" className="VideoOS.Platform.Tests.Messaging.CommunicationIdFilterTests" name="MatchId_Success_MessageWithAsteriskAtBegin" />
    </UnitTest>
    <UnitTest name="GetCompatibilityHandler_ShouldReturnFips_WhenCallingFipsCompliantSystem_21_1" storage="d:\actions-runner\_work\xpco\xpco\mip\platformplugin\videoos.platform\unittest\bin\debug\net472\videoos.platform.tests.dll" id="c89277b5-bdbb-4718-3fdc-952f1cd089bd">
      <Execution id="9c8a84d3-ffe3-47eb-8d32-dff659f610b9" />
      <TestMethod codeBase="D:\actions-runner\_work\XPCO\XPCO\MIP\PlatformPlugin\VideoOS.Platform\unittest\bin\Debug\net472\VideoOS.Platform.Tests.dll" adapterTypeName="executor://mstestadapter/v2" className="VideoOS.Platform.Tests.License.LicenseManagerTests" name="GetCompatibilityHandler_ShouldReturnFips_WhenCallingFipsCompliantSystem_21_1" />
    </UnitTest>
    <UnitTest name="CountByItems_Activated_CountByCounter_TrialExpired" storage="d:\actions-runner\_work\xpco\xpco\mip\platformplugin\videoos.platform\unittest\bin\debug\net472\videoos.platform.tests.dll" id="25a2ab59-4e6b-8585-ad34-1909dafc5c3e">
      <Execution id="aad73568-a5ec-45ed-bce7-1b4fa84cb143" />
      <TestMethod codeBase="D:\actions-runner\_work\XPCO\XPCO\MIP\PlatformPlugin\VideoOS.Platform\unittest\bin\Debug\net472\VideoOS.Platform.Tests.dll" adapterTypeName="executor://mstestadapter/v2" className="VideoOS.Platform.Tests.License.ResolvedLicenseCountTest" name="CountByItems_Activated_CountByCounter_TrialExpired" />
    </UnitTest>
    <UnitTest name="Serialize_TestCases (Verify root Double property)" storage="d:\actions-runner\_work\xpco\xpco\mip\platformplugin\videoos.platform\unittest\bin\debug\net472\videoos.platform.tests.dll" id="ccde4230-00f3-bcda-817d-3ae2aeeb86b6">
      <Execution id="37cf128f-2ebd-4689-83fd-3a090f8be77a" />
      <TestMethod codeBase="D:\actions-runner\_work\XPCO\XPCO\MIP\PlatformPlugin\VideoOS.Platform\unittest\bin\Debug\net472\VideoOS.Platform.Tests.dll" adapterTypeName="executor://mstestadapter/v2" className="VideoOS.Platform.Tests.UI.Controls.Automation.Serialization.AutomationObjectSerializerTest" name="Serialize_TestCases" />
    </UnitTest>
    <UnitTest name="FallbackDisplayValue_SingleValueSet_ReturnsSingleValue" storage="d:\actions-runner\_work\xpco\xpco\mip\platformplugin\videoos.platform\unittest\bin\debug\net472\videoos.platform.tests.dll" id="b2b2d43b-9d87-4971-7001-e6990369b6c8">
      <TestCategory>
        <TestCategoryItem TestCategory="Search" />
      </TestCategory>
      <Execution id="6f70b99f-619d-4ff8-9e9e-bf95f7e6c681" />
      <TestMethod codeBase="D:\actions-runner\_work\XPCO\XPCO\MIP\PlatformPlugin\VideoOS.Platform\unittest\bin\Debug\net472\VideoOS.Platform.Tests.dll" adapterTypeName="executor://mstestadapter/v2" className="VideoOS.Platform.Tests.Search.MultipleSelectionFilterValueTest" name="FallbackDisplayValue_SingleValueSet_ReturnsSingleValue" />
    </UnitTest>
    <UnitTest name="Constructor_ShouldThrowArgumentException_WhenTheStartAndEndTimeKindsAreDifferent" storage="d:\actions-runner\_work\xpco\xpco\mip\platformplugin\videoos.platform\unittest\bin\debug\net472\videoos.platform.tests.dll" id="6ec6fd22-7feb-d279-20aa-2b6bde4591a6">
      <Execution id="4b100e6e-1635-4bb9-bfac-2efa27292471" />
      <TestMethod codeBase="D:\actions-runner\_work\XPCO\XPCO\MIP\PlatformPlugin\VideoOS.Platform\unittest\bin\Debug\net472\VideoOS.Platform.Tests.dll" adapterTypeName="executor://mstestadapter/v2" className="VideoOS.Platform.Tests.Util.TimeIntervalTests" name="Constructor_ShouldThrowArgumentException_WhenTheStartAndEndTimeKindsAreDifferent" />
    </UnitTest>
    <UnitTest name="ReadXml_ShouldLogWarningTwiceWhenMoreThanOneMinuteBetweenWarnings_WhenIncompleteScaleIsPresent" storage="d:\actions-runner\_work\xpco\xpco\mip\platformplugin\videoos.platform\unittest\bin\debug\net472\videoos.platform.tests.dll" id="4f82d922-22f6-d968-086c-9b41bf965fdc">
      <Execution id="f7261353-dc47-4ffa-a29c-5839832ecd0b" />
      <TestMethod codeBase="D:\actions-runner\_work\XPCO\XPCO\MIP\PlatformPlugin\VideoOS.Platform\unittest\bin\Debug\net472\VideoOS.Platform.Tests.dll" adapterTypeName="executor://mstestadapter/v2" className="VideoOS.Platform.Tests.Metadata.TransformationTests" name="ReadXml_ShouldLogWarningTwiceWhenMoreThanOneMinuteBetweenWarnings_WhenIncompleteScaleIsPresent" />
    </UnitTest>
    <UnitTest name="ReadXml_ShouldLogWarning_WhenIncompleteTranslateIsPresent" storage="d:\actions-runner\_work\xpco\xpco\mip\platformplugin\videoos.platform\unittest\bin\debug\net472\videoos.platform.tests.dll" id="5c70b94c-c2ae-ec2f-8c4d-56b452bbdede">
      <Execution id="1601c136-81c7-4f17-b401-d61419a70834" />
      <TestMethod codeBase="D:\actions-runner\_work\XPCO\XPCO\MIP\PlatformPlugin\VideoOS.Platform\unittest\bin\Debug\net472\VideoOS.Platform.Tests.dll" adapterTypeName="executor://mstestadapter/v2" className="VideoOS.Platform.Tests.Metadata.TransformationTests" name="ReadXml_ShouldLogWarning_WhenIncompleteTranslateIsPresent" />
    </UnitTest>
    <UnitTest name="Serialize_TestCases (TestParentCollectionEmptyArrayProperty)" storage="d:\actions-runner\_work\xpco\xpco\mip\platformplugin\videoos.platform\unittest\bin\debug\net472\videoos.platform.tests.dll" id="6989720a-7a6f-0085-ef6c-85a36e964ee3">
      <Execution id="2a1fe219-71ee-439a-a5e2-53f9ba119df0" />
      <TestMethod codeBase="D:\actions-runner\_work\XPCO\XPCO\MIP\PlatformPlugin\VideoOS.Platform\unittest\bin\Debug\net472\VideoOS.Platform.Tests.dll" adapterTypeName="executor://mstestadapter/v2" className="VideoOS.Platform.Tests.UI.Controls.Automation.Serialization.AutomationObjectSerializerTest" name="Serialize_TestCases" />
    </UnitTest>
    <UnitTest name="WriteXml_ShouldWriteBase64EncodedOriginalData_WhenOriginalDataIsPresent" storage="d:\actions-runner\_work\xpco\xpco\mip\platformplugin\videoos.platform\unittest\bin\debug\net472\videoos.platform.tests.dll" id="07de42b9-1d07-0430-7138-cc678292c007">
      <Execution id="eb7d596e-9c6d-4e25-89e1-82efc787cb5b" />
      <TestMethod codeBase="D:\actions-runner\_work\XPCO\XPCO\MIP\PlatformPlugin\VideoOS.Platform\unittest\bin\Debug\net472\VideoOS.Platform.Tests.dll" adapterTypeName="executor://mstestadapter/v2" className="VideoOS.Platform.Tests.Metadata.MetadataStreamTests" name="WriteXml_ShouldWriteBase64EncodedOriginalData_WhenOriginalDataIsPresent" />
    </UnitTest>
    <UnitTest name="ReadXml_ShouldLogWarningTwiceWhenMoreThanOneMinuteBetweenWarnings_WhenElementErrorsAreDetected" storage="d:\actions-runner\_work\xpco\xpco\mip\platformplugin\videoos.platform\unittest\bin\debug\net472\videoos.platform.tests.dll" id="acaeb9e2-224e-f43f-7505-888da6b80f9b">
      <Execution id="dd711add-093a-422d-977e-d4cec7df4516" />
      <TestMethod codeBase="D:\actions-runner\_work\XPCO\XPCO\MIP\PlatformPlugin\VideoOS.Platform\unittest\bin\Debug\net472\VideoOS.Platform.Tests.dll" adapterTypeName="executor://mstestadapter/v2" className="VideoOS.Platform.Tests.Metadata.ClassCandidateTests" name="ReadXml_ShouldLogWarningTwiceWhenMoreThanOneMinuteBetweenWarnings_WhenElementErrorsAreDetected" />
    </UnitTest>
    <UnitTest name="ReadXml_ShouldReadOnvifClass_WhenClassIsPresent" storage="d:\actions-runner\_work\xpco\xpco\mip\platformplugin\videoos.platform\unittest\bin\debug\net472\videoos.platform.tests.dll" id="9d5ada2d-839e-c544-1fa6-276837fd72f2">
      <Execution id="26e251f8-fb15-4f93-98b0-52b81b73e229" />
      <TestMethod codeBase="D:\actions-runner\_work\XPCO\XPCO\MIP\PlatformPlugin\VideoOS.Platform\unittest\bin\Debug\net472\VideoOS.Platform.Tests.dll" adapterTypeName="executor://mstestadapter/v2" className="VideoOS.Platform.Tests.Metadata.AppearanceTests" name="ReadXml_ShouldReadOnvifClass_WhenClassIsPresent" />
    </UnitTest>
    <UnitTest name="SetEvents_ShouldNotAddProxyManager_WhenFrameworkElementIsNotLoaded" storage="d:\actions-runner\_work\xpco\xpco\mip\platformplugin\videoos.platform\unittest\bin\debug\net472\videoos.platform.tests.dll" id="231eb201-5943-be12-8406-5e91b55ea0f9">
      <TestCategory>
        <TestCategoryItem TestCategory="EventsToCommandMappings" />
      </TestCategory>
      <Execution id="50269c5e-8c1f-4a50-83f3-c32b0e16213d" />
      <TestMethod codeBase="D:\actions-runner\_work\XPCO\XPCO\MIP\PlatformPlugin\VideoOS.Platform\unittest\bin\Debug\net472\VideoOS.Platform.Tests.dll" adapterTypeName="executor://mstestadapter/v2" className="VideoOS.Platform.Tests.UI.Commands.EventsToCommandMappingTest" name="SetEvents_ShouldNotAddProxyManager_WhenFrameworkElementIsNotLoaded" />
    </UnitTest>
    <UnitTest name="Encrypt_ShouldThrowMIPException_WhenCalledOnFIPSEnabledMachine" storage="d:\actions-runner\_work\xpco\xpco\mip\platformplugin\videoos.platform\unittest\bin\debug\net472\videoos.platform.tests.dll" id="ba355757-a36a-54bb-5c59-d6e115aeace8">
      <Execution id="6257a61a-021e-4412-837b-7c8477bd4888" />
      <TestMethod codeBase="D:\actions-runner\_work\XPCO\XPCO\MIP\PlatformPlugin\VideoOS.Platform\unittest\bin\Debug\net472\VideoOS.Platform.Tests.dll" adapterTypeName="executor://mstestadapter/v2" className="VideoOS.Platform.Tests.License.NonFipsLicenseCompatibilityHandlerTests" name="Encrypt_ShouldThrowMIPException_WhenCalledOnFIPSEnabledMachine" />
    </UnitTest>
    <UnitTest name="TestConstructor_Success" storage="d:\actions-runner\_work\xpco\xpco\mip\platformplugin\videoos.platform\unittest\bin\debug\net472\videoos.platform.tests.dll" id="bf1206bb-c315-791a-6716-b4026aff80ac">
      <Execution id="1a4d5e35-8f1e-4ce5-8e67-ff5a6bfe7df1" />
      <TestMethod codeBase="D:\actions-runner\_work\XPCO\XPCO\MIP\PlatformPlugin\VideoOS.Platform\unittest\bin\Debug\net472\VideoOS.Platform.Tests.dll" adapterTypeName="executor://mstestadapter/v2" className="VideoOS.Platform.Tests.Search.Error.UnauthorizedDeviceAccessSearchErrorTest" name="TestConstructor_Success" />
    </UnitTest>
    <UnitTest name="ReadXml_ShouldIgnoreScale_WhenScaleIsPresentWithWrongNamespace" storage="d:\actions-runner\_work\xpco\xpco\mip\platformplugin\videoos.platform\unittest\bin\debug\net472\videoos.platform.tests.dll" id="db7e14ac-31b0-63ea-57a6-f0098c612aa0">
      <Execution id="e00ec908-ed81-4352-9f12-6e592caca7a7" />
      <TestMethod codeBase="D:\actions-runner\_work\XPCO\XPCO\MIP\PlatformPlugin\VideoOS.Platform\unittest\bin\Debug\net472\VideoOS.Platform.Tests.dll" adapterTypeName="executor://mstestadapter/v2" className="VideoOS.Platform.Tests.Metadata.TransformationTests" name="ReadXml_ShouldIgnoreScale_WhenScaleIsPresentWithWrongNamespace" />
    </UnitTest>
    <UnitTest name="ReadXml_ShouldLogWarningTwiceWhenMoreThanOneMinuteBetweenWarnings_WhenFrameDidNotReadUtcTime" storage="d:\actions-runner\_work\xpco\xpco\mip\platformplugin\videoos.platform\unittest\bin\debug\net472\videoos.platform.tests.dll" id="6dff7af6-6d16-8dba-ea01-3eb9769c2e7a">
      <Execution id="64cfb598-24a0-4821-a7f0-810c68d0ca62" />
      <TestMethod codeBase="D:\actions-runner\_work\XPCO\XPCO\MIP\PlatformPlugin\VideoOS.Platform\unittest\bin\Debug\net472\VideoOS.Platform.Tests.dll" adapterTypeName="executor://mstestadapter/v2" className="VideoOS.Platform.Tests.Metadata.OnvifClassTests" name="ReadXml_ShouldLogWarningTwiceWhenMoreThanOneMinuteBetweenWarnings_WhenFrameDidNotReadUtcTime" />
    </UnitTest>
    <UnitTest name="PatchItem_Camera_Fails" storage="d:\actions-runner\_work\xpco\xpco\mip\platformplugin\videoos.platform\unittest\bin\debug\net472\videoos.platform.tests.dll" id="01158b98-2cd4-e826-aa9e-d2d4c60de322">
      <Execution id="84999bc0-1ea8-48e4-a6c3-dd0549f5302a" />
      <TestMethod codeBase="D:\actions-runner\_work\XPCO\XPCO\MIP\PlatformPlugin\VideoOS.Platform\unittest\bin\Debug\net472\VideoOS.Platform.Tests.dll" adapterTypeName="executor://mstestadapter/v2" className="VideoOS.Platform.Tests.Proxy.RestApi.RestApiClientDecoratorTests" name="PatchItem_Camera_Fails" />
    </UnitTest>
    <UnitTest name="ClearFilterValues_MultipleValuesPresent_Success" storage="d:\actions-runner\_work\xpco\xpco\mip\platformplugin\videoos.platform\unittest\bin\debug\net472\videoos.platform.tests.dll" id="0e3b0f34-8ab7-ccb2-ed1a-7de6e3e165c5">
      <TestCategory>
        <TestCategoryItem TestCategory="Search" />
      </TestCategory>
      <Execution id="7c27dbd3-4400-4efe-9311-e866198f6514" />
      <TestMethod codeBase="D:\actions-runner\_work\XPCO\XPCO\MIP\PlatformPlugin\VideoOS.Platform\unittest\bin\Debug\net472\VideoOS.Platform.Tests.dll" adapterTypeName="executor://mstestadapter/v2" className="VideoOS.Platform.Tests.Search.SearchCriteriaTest" name="ClearFilterValues_MultipleValuesPresent_Success" />
    </UnitTest>
    <UnitTest name="Add_ShouldNotUpdateStartCache_WhenOldStartTimeIsEarlierThanAdded" storage="d:\actions-runner\_work\xpco\xpco\mip\platformplugin\videoos.platform\unittest\bin\debug\net472\videoos.platform.tests.dll" id="e251df90-29be-3bce-586f-107c221e43b7">
      <Execution id="decaed34-7940-4afa-8e28-b0c25c9b0009" />
      <TestMethod codeBase="D:\actions-runner\_work\XPCO\XPCO\MIP\PlatformPlugin\VideoOS.Platform\unittest\bin\Debug\net472\VideoOS.Platform.Tests.dll" adapterTypeName="executor://mstestadapter/v2" className="VideoOS.Platform.Tests.Client.SequenceCacheTests" name="Add_ShouldNotUpdateStartCache_WhenOldStartTimeIsEarlierThanAdded" />
    </UnitTest>
    <UnitTest name="Minimize_ShouldReturnOneInterval_WhenListContainsThreeOverlappingIntervalsReversed" storage="d:\actions-runner\_work\xpco\xpco\mip\platformplugin\videoos.platform\unittest\bin\debug\net472\videoos.platform.tests.dll" id="ee6b4773-1394-989c-cdb7-f8b064821acb">
      <Execution id="5c90fcda-e2e5-4f39-986c-dd1418f24358" />
      <TestMethod codeBase="D:\actions-runner\_work\XPCO\XPCO\MIP\PlatformPlugin\VideoOS.Platform\unittest\bin\Debug\net472\VideoOS.Platform.Tests.dll" adapterTypeName="executor://mstestadapter/v2" className="VideoOS.Platform.Tests.Util.TimeIntervalTests" name="Minimize_ShouldReturnOneInterval_WhenListContainsThreeOverlappingIntervalsReversed" />
    </UnitTest>
    <UnitTest name="AllAttributesWerePresent_ShouldReturnFalse_WhenXAttributeIsMissing" storage="d:\actions-runner\_work\xpco\xpco\mip\platformplugin\videoos.platform\unittest\bin\debug\net472\videoos.platform.tests.dll" id="665a66ed-febf-dcb1-d6f6-9e5410f5d49d">
      <Execution id="0f86825c-f7a2-447b-b334-576758a7cc71" />
      <TestMethod codeBase="D:\actions-runner\_work\XPCO\XPCO\MIP\PlatformPlugin\VideoOS.Platform\unittest\bin\Debug\net472\VideoOS.Platform.Tests.dll" adapterTypeName="executor://mstestadapter/v2" className="VideoOS.Platform.Tests.Metadata.VectorTests" name="AllAttributesWerePresent_ShouldReturnFalse_WhenXAttributeIsMissing" />
    </UnitTest>
    <UnitTest name="Serialize_TestCases (TestParentTypeMatchGenericThisTypeNotMatched)" storage="d:\actions-runner\_work\xpco\xpco\mip\platformplugin\videoos.platform\unittest\bin\debug\net472\videoos.platform.tests.dll" id="60300bdb-ae50-3bc0-5350-bcb4f9396c0e">
      <Execution id="d718157f-5701-4c2e-a52f-656de6191daf" />
      <TestMethod codeBase="D:\actions-runner\_work\XPCO\XPCO\MIP\PlatformPlugin\VideoOS.Platform\unittest\bin\Debug\net472\VideoOS.Platform.Tests.dll" adapterTypeName="executor://mstestadapter/v2" className="VideoOS.Platform.Tests.UI.Controls.Automation.Serialization.AutomationObjectSerializerTest" name="Serialize_TestCases" />
    </UnitTest>
    <UnitTest name="SelectionMode_ChangesIsMultiSelection" storage="d:\actions-runner\_work\xpco\xpco\mip\platformplugin\videoos.platform\unittest\bin\debug\net472\videoos.platform.tests.dll" id="0881e79b-b33f-db23-4717-e6bc85ee2141">
      <Execution id="26c1d75d-ef55-49f7-901c-ee31a975f9bb" />
      <TestMethod codeBase="D:\actions-runner\_work\XPCO\XPCO\MIP\PlatformPlugin\VideoOS.Platform\unittest\bin\Debug\net472\VideoOS.Platform.Tests.dll" adapterTypeName="executor://mstestadapter/v2" className="VideoOS.Platform.Tests.UI.ItemPicker.ItemPickerViewModelTest" name="SelectionMode_ChangesIsMultiSelection" />
    </UnitTest>
    <UnitTest name="GetAtOrBefore_ShouldReturnNull_WhenToolkitReturnsResponseWithNullDataList" storage="d:\actions-runner\_work\xpco\xpco\mip\platformplugin\videoos.platform\unittest\bin\debug\net472\videoos.platform.tests.dll" id="8b5da03f-9577-2062-8111-d2b15e5a740d">
      <Execution id="15a3a83b-341e-4b04-aefc-61efbfbbb8af" />
      <TestMethod codeBase="D:\actions-runner\_work\XPCO\XPCO\MIP\PlatformPlugin\VideoOS.Platform\unittest\bin\Debug\net472\VideoOS.Platform.Tests.dll" adapterTypeName="executor://mstestadapter/v2" className="VideoOS.Platform.Tests.Data.MetadataPlaybackSourceTests" name="GetAtOrBefore_ShouldReturnNull_WhenToolkitReturnsResponseWithNullDataList" />
    </UnitTest>
    <UnitTest name="ReadXml_ShouldIgnoreUnknownChildren_WhenUnknownChildrenArePresent" storage="d:\actions-runner\_work\xpco\xpco\mip\platformplugin\videoos.platform\unittest\bin\debug\net472\videoos.platform.tests.dll" id="bfe0ceb7-58a0-23f3-be81-2bfb090a4c1b">
      <Execution id="8bbfdc4e-243e-48d9-b0e1-7793cd4e1f09" />
      <TestMethod codeBase="D:\actions-runner\_work\XPCO\XPCO\MIP\PlatformPlugin\VideoOS.Platform\unittest\bin\Debug\net472\VideoOS.Platform.Tests.dll" adapterTypeName="executor://mstestadapter/v2" className="VideoOS.Platform.Tests.Metadata.FrameTests" name="ReadXml_ShouldIgnoreUnknownChildren_WhenUnknownChildrenArePresent" />
    </UnitTest>
    <UnitTest name="AllAttributesWerePresent_ShouldReturnFalse_WhenYAttributeIsNotAFloat" storage="d:\actions-runner\_work\xpco\xpco\mip\platformplugin\videoos.platform\unittest\bin\debug\net472\videoos.platform.tests.dll" id="7a7fdf06-c490-deb2-82e6-65e1294c3173">
      <Execution id="68cead74-32f8-4508-9967-0b3301addfb4" />
      <TestMethod codeBase="D:\actions-runner\_work\XPCO\XPCO\MIP\PlatformPlugin\VideoOS.Platform\unittest\bin\Debug\net472\VideoOS.Platform.Tests.dll" adapterTypeName="executor://mstestadapter/v2" className="VideoOS.Platform.Tests.Metadata.VectorTests" name="AllAttributesWerePresent_ShouldReturnFalse_WhenYAttributeIsNotAFloat" />
    </UnitTest>
    <UnitTest name="Deserialize_Server_FieldValues_checked" storage="d:\actions-runner\_work\xpco\xpco\mip\platformplugin\videoos.platform\unittest\bin\debug\net472\videoos.platform.tests.dll" id="eede4713-56bb-3d3c-3e2e-6a26dd039e2e">
      <Execution id="58af104d-2777-4181-8168-68d475a9aa97" />
      <TestMethod codeBase="D:\actions-runner\_work\XPCO\XPCO\MIP\PlatformPlugin\VideoOS.Platform\unittest\bin\Debug\net472\VideoOS.Platform.Tests.dll" adapterTypeName="executor://mstestadapter/v2" className="VideoOS.Platform.Tests.FQIDtests" name="Deserialize_Server_FieldValues_checked" />
    </UnitTest>
    <UnitTest name="WriteXml_ShouldWriteBoundingBoxElement_WhenBoundingBoxIsNotNull" storage="d:\actions-runner\_work\xpco\xpco\mip\platformplugin\videoos.platform\unittest\bin\debug\net472\videoos.platform.tests.dll" id="935f282f-5819-0cbb-3d88-60d0430c3f25">
      <Execution id="41850041-fa19-41d4-8d16-dd53d0e3f6ea" />
      <TestMethod codeBase="D:\actions-runner\_work\XPCO\XPCO\MIP\PlatformPlugin\VideoOS.Platform\unittest\bin\Debug\net472\VideoOS.Platform.Tests.dll" adapterTypeName="executor://mstestadapter/v2" className="VideoOS.Platform.Tests.Metadata.ShapeTests" name="WriteXml_ShouldWriteBoundingBoxElement_WhenBoundingBoxIsNotNull" />
    </UnitTest>
    <UnitTest name="ParseMetadataXmlWithString_ShouldThrowXmlException_WhenXmlIsEmpty" storage="d:\actions-runner\_work\xpco\xpco\mip\platformplugin\videoos.platform\unittest\bin\debug\net472\videoos.platform.tests.dll" id="b9540196-20ef-0b94-a46f-e6138983b660">
      <Execution id="c17675f6-56b1-42a4-83cb-fb82da2d32c8" />
      <TestMethod codeBase="D:\actions-runner\_work\XPCO\XPCO\MIP\PlatformPlugin\VideoOS.Platform\unittest\bin\Debug\net472\VideoOS.Platform.Tests.dll" adapterTypeName="executor://mstestadapter/v2" className="VideoOS.Platform.Tests.Metadata.MetadataDeserializerTests" name="ParseMetadataXmlWithString_ShouldThrowXmlException_WhenXmlIsEmpty" />
    </UnitTest>
    <UnitTest name="Stop_EmptyQueue_IsStoppingSetButIsStoppedNotSet" storage="d:\actions-runner\_work\xpco\xpco\mip\platformplugin\videoos.platform\unittest\bin\debug\net472\videoos.platform.tests.dll" id="cfc09053-dd65-09af-3398-2d1e903d515a">
      <Execution id="78e5f712-3434-492b-ab49-075e0724c306" />
      <TestMethod codeBase="D:\actions-runner\_work\XPCO\XPCO\MIP\PlatformPlugin\VideoOS.Platform\unittest\bin\Debug\net472\VideoOS.Platform.Tests.dll" adapterTypeName="executor://mstestadapter/v2" className="VideoOS.Platform.Tests.Util.Queue.ConcurrentQueueSlimTests" name="Stop_EmptyQueue_IsStoppingSetButIsStoppedNotSet" />
    </UnitTest>
    <UnitTest name="ReadXml_ShouldIgnoreTransformation_WhenTransformationIsPresenWithWrongNamespace" storage="d:\actions-runner\_work\xpco\xpco\mip\platformplugin\videoos.platform\unittest\bin\debug\net472\videoos.platform.tests.dll" id="f7581027-c1a4-443d-888a-b124436b90b1">
      <Execution id="d0dd99e1-7a8e-4ed4-840c-81fb0c81de53" />
      <TestMethod codeBase="D:\actions-runner\_work\XPCO\XPCO\MIP\PlatformPlugin\VideoOS.Platform\unittest\bin\Debug\net472\VideoOS.Platform.Tests.dll" adapterTypeName="executor://mstestadapter/v2" className="VideoOS.Platform.Tests.Metadata.FrameTests" name="ReadXml_ShouldIgnoreTransformation_WhenTransformationIsPresenWithWrongNamespace" />
    </UnitTest>
    <UnitTest name="Stop_InitializeThrowsException_ProcessorSurvives" storage="d:\actions-runner\_work\xpco\xpco\mip\platformplugin\videoos.platform\unittest\bin\debug\net472\videoos.platform.tests.dll" id="0a3a807f-9f6a-c6f8-8c9e-dc79768e8cd7">
      <Execution id="e3f02c6d-4810-4c9c-a269-4d3834e48228" />
      <TestMethod codeBase="D:\actions-runner\_work\XPCO\XPCO\MIP\PlatformPlugin\VideoOS.Platform\unittest\bin\Debug\net472\VideoOS.Platform.Tests.dll" adapterTypeName="executor://mstestadapter/v2" className="VideoOS.Platform.Tests.Util.Queue.ResourceProcessorTests" name="Stop_InitializeThrowsException_ProcessorSurvives" />
    </UnitTest>
    <UnitTest name="WriteXml_ShouldWriteTransformationContents_WhenTransformIsNotNull" storage="d:\actions-runner\_work\xpco\xpco\mip\platformplugin\videoos.platform\unittest\bin\debug\net472\videoos.platform.tests.dll" id="c26d542a-727f-65ee-bb48-832c01f872f6">
      <Execution id="2da476b9-2e68-4ce8-b06a-8320c159d07a" />
      <TestMethod codeBase="D:\actions-runner\_work\XPCO\XPCO\MIP\PlatformPlugin\VideoOS.Platform\unittest\bin\Debug\net472\VideoOS.Platform.Tests.dll" adapterTypeName="executor://mstestadapter/v2" className="VideoOS.Platform.Tests.Metadata.FrameTests" name="WriteXml_ShouldWriteTransformationContents_WhenTransformIsNotNull" />
    </UnitTest>
    <UnitTest name="GetNextSequence_ShouldStoreToolkitResultInCache_WhenAlways" storage="d:\actions-runner\_work\xpco\xpco\mip\platformplugin\videoos.platform\unittest\bin\debug\net472\videoos.platform.tests.dll" id="ac1eb344-84dd-8e2f-e7fa-8afd6aaf6222">
      <Execution id="8fe3b2c6-198f-4e02-bd78-bfa0aa4483e2" />
      <TestMethod codeBase="D:\actions-runner\_work\XPCO\XPCO\MIP\PlatformPlugin\VideoOS.Platform\unittest\bin\Debug\net472\VideoOS.Platform.Tests.dll" adapterTypeName="executor://mstestadapter/v2" className="VideoOS.Platform.Tests.Data.MetadataPlaybackSourceTests" name="GetNextSequence_ShouldStoreToolkitResultInCache_WhenAlways" />
    </UnitTest>
    <UnitTest name="GetPreviousDateTime_ShouldReturnDataEntityFromCacheWithoutCallingToolkit_WhenDataIsPresentInCache" storage="d:\actions-runner\_work\xpco\xpco\mip\platformplugin\videoos.platform\unittest\bin\debug\net472\videoos.platform.tests.dll" id="87215dbe-be98-eae0-f888-50bc76faae33">
      <Execution id="6f26256f-1540-4e56-8e44-d2aa4e08dc57" />
      <TestMethod codeBase="D:\actions-runner\_work\XPCO\XPCO\MIP\PlatformPlugin\VideoOS.Platform\unittest\bin\Debug\net472\VideoOS.Platform.Tests.dll" adapterTypeName="executor://mstestadapter/v2" className="VideoOS.Platform.Tests.Data.MetadataPlaybackSourceTests" name="GetPreviousDateTime_ShouldReturnDataEntityFromCacheWithoutCallingToolkit_WhenDataIsPresentInCache" />
    </UnitTest>
    <UnitTest name="ReadXml_ShouldLogWarningOnlyOnceWithinOneMinute_WhenShapeIsInvalid" storage="d:\actions-runner\_work\xpco\xpco\mip\platformplugin\videoos.platform\unittest\bin\debug\net472\videoos.platform.tests.dll" id="d05873bf-41ef-0bcf-a99f-bd7e3fdc9082">
      <Execution id="0ed9c7e6-ee1a-47f8-9e69-1b55e0174b72" />
      <TestMethod codeBase="D:\actions-runner\_work\XPCO\XPCO\MIP\PlatformPlugin\VideoOS.Platform\unittest\bin\Debug\net472\VideoOS.Platform.Tests.dll" adapterTypeName="executor://mstestadapter/v2" className="VideoOS.Platform.Tests.Metadata.AppearanceTests" name="ReadXml_ShouldLogWarningOnlyOnceWithinOneMinute_WhenShapeIsInvalid" />
    </UnitTest>
    <UnitTest name="GetNextDateTime_ShouldReturnFirstDataEntityFromToolkit_WhenDataIsNotCached" storage="d:\actions-runner\_work\xpco\xpco\mip\platformplugin\videoos.platform\unittest\bin\debug\net472\videoos.platform.tests.dll" id="6063544f-f430-cb16-6dfb-368d6711c379">
      <Execution id="dd194cb5-d008-493b-971a-d35abd653709" />
      <TestMethod codeBase="D:\actions-runner\_work\XPCO\XPCO\MIP\PlatformPlugin\VideoOS.Platform\unittest\bin\Debug\net472\VideoOS.Platform.Tests.dll" adapterTypeName="executor://mstestadapter/v2" className="VideoOS.Platform.Tests.Data.MetadataPlaybackSourceTests" name="GetNextDateTime_ShouldReturnFirstDataEntityFromToolkit_WhenDataIsNotCached" />
    </UnitTest>
    <UnitTest name="Minimize_ShouldReturnOneInterval_WhenListContainsThreeOverlappingIntervalsContainingEachOther" storage="d:\actions-runner\_work\xpco\xpco\mip\platformplugin\videoos.platform\unittest\bin\debug\net472\videoos.platform.tests.dll" id="5676d068-f210-9f05-bcb4-4154c077d90e">
      <Execution id="71a75a32-eff5-4aa6-9d3d-803f0d849772" />
      <TestMethod codeBase="D:\actions-runner\_work\XPCO\XPCO\MIP\PlatformPlugin\VideoOS.Platform\unittest\bin\Debug\net472\VideoOS.Platform.Tests.dll" adapterTypeName="executor://mstestadapter/v2" className="VideoOS.Platform.Tests.Util.TimeIntervalTests" name="Minimize_ShouldReturnOneInterval_WhenListContainsThreeOverlappingIntervalsContainingEachOther" />
    </UnitTest>
    <UnitTest name="WriteXml_ShouldWriteCenterOfGravityElement_WhenCenterOfGravityIsNotNull" storage="d:\actions-runner\_work\xpco\xpco\mip\platformplugin\videoos.platform\unittest\bin\debug\net472\videoos.platform.tests.dll" id="4937d7ac-b3aa-c23d-f312-18cd0c6ed990">
      <Execution id="c461ceb4-f434-45a2-8b9d-68606c3b549f" />
      <TestMethod codeBase="D:\actions-runner\_work\XPCO\XPCO\MIP\PlatformPlugin\VideoOS.Platform\unittest\bin\Debug\net472\VideoOS.Platform.Tests.dll" adapterTypeName="executor://mstestadapter/v2" className="VideoOS.Platform.Tests.Metadata.ShapeTests" name="WriteXml_ShouldWriteCenterOfGravityElement_WhenCenterOfGravityIsNotNull" />
    </UnitTest>
    <UnitTest name="Apply_ShouldApplyTranslateAndScale_WhenTranslateAndScaleIsNotNull" storage="d:\actions-runner\_work\xpco\xpco\mip\platformplugin\videoos.platform\unittest\bin\debug\net472\videoos.platform.tests.dll" id="1d908a6b-ebcd-4952-2785-5d24733c709c">
      <Execution id="3dbb5bc6-8cf5-46a3-8709-ba015d85cfb7" />
      <TestMethod codeBase="D:\actions-runner\_work\XPCO\XPCO\MIP\PlatformPlugin\VideoOS.Platform\unittest\bin\Debug\net472\VideoOS.Platform.Tests.dll" adapterTypeName="executor://mstestadapter/v2" className="VideoOS.Platform.Tests.Metadata.RectangleTests" name="Apply_ShouldApplyTranslateAndScale_WhenTranslateAndScaleIsNotNull" />
    </UnitTest>
    <UnitTest name="ReadXml_ShouldReadTransformation_WhenTransformationIsPresent" storage="d:\actions-runner\_work\xpco\xpco\mip\platformplugin\videoos.platform\unittest\bin\debug\net472\videoos.platform.tests.dll" id="793b121d-bd99-21ec-f905-c7a3bfbc43cf">
      <Execution id="e6d600b6-225c-4775-aa88-69a216039271" />
      <TestMethod codeBase="D:\actions-runner\_work\XPCO\XPCO\MIP\PlatformPlugin\VideoOS.Platform\unittest\bin\Debug\net472\VideoOS.Platform.Tests.dll" adapterTypeName="executor://mstestadapter/v2" className="VideoOS.Platform.Tests.Metadata.AppearanceTests" name="ReadXml_ShouldReadTransformation_WhenTransformationIsPresent" />
    </UnitTest>
    <UnitTest name="ReadyToClose_OkCommand_MultiSelect_Thrown" storage="d:\actions-runner\_work\xpco\xpco\mip\platformplugin\videoos.platform\unittest\bin\debug\net472\videoos.platform.tests.dll" id="e864a85a-61d6-71a9-12f2-7e66ec36a4d7">
      <Execution id="651323d0-5026-406d-a7f5-fa330df69a34" />
      <TestMethod codeBase="D:\actions-runner\_work\XPCO\XPCO\MIP\PlatformPlugin\VideoOS.Platform\unittest\bin\Debug\net472\VideoOS.Platform.Tests.dll" adapterTypeName="executor://mstestadapter/v2" className="VideoOS.Platform.Tests.UI.ItemPicker.ItemPickerWindowViewModelTest" name="ReadyToClose_OkCommand_MultiSelect_Thrown" />
    </UnitTest>
    <UnitTest name="Serialize_TestCases (TestParentTypeMatchDoubleThisTypeNotMatched)" storage="d:\actions-runner\_work\xpco\xpco\mip\platformplugin\videoos.platform\unittest\bin\debug\net472\videoos.platform.tests.dll" id="b5787dfc-a6ff-a360-1b42-6d6dc7b8eb31">
      <Execution id="66187b84-2962-4258-aa70-ba34219fa879" />
      <TestMethod codeBase="D:\actions-runner\_work\XPCO\XPCO\MIP\PlatformPlugin\VideoOS.Platform\unittest\bin\Debug\net472\VideoOS.Platform.Tests.dll" adapterTypeName="executor://mstestadapter/v2" className="VideoOS.Platform.Tests.UI.Controls.Automation.Serialization.AutomationObjectSerializerTest" name="Serialize_TestCases" />
    </UnitTest>
    <UnitTest name="WriteMetadataXmlWithStream_ShouldNotIncludeByteOrderMarker_WhenAlways" storage="d:\actions-runner\_work\xpco\xpco\mip\platformplugin\videoos.platform\unittest\bin\debug\net472\videoos.platform.tests.dll" id="372ab51f-8789-4af1-a4f9-77f4920b1bde">
      <Execution id="64aca4d0-1b65-4637-8963-b0204997f9c0" />
      <TestMethod codeBase="D:\actions-runner\_work\XPCO\XPCO\MIP\PlatformPlugin\VideoOS.Platform\unittest\bin\Debug\net472\VideoOS.Platform.Tests.dll" adapterTypeName="executor://mstestadapter/v2" className="VideoOS.Platform.Tests.Metadata.MetadataSerializerTests" name="WriteMetadataXmlWithStream_ShouldNotIncludeByteOrderMarker_WhenAlways" />
    </UnitTest>
    <UnitTest name="Ctor_TwoCustomFilters_Success" storage="d:\actions-runner\_work\xpco\xpco\mip\platformplugin\videoos.platform\unittest\bin\debug\net472\videoos.platform.tests.dll" id="673d5a8a-8f58-a8c0-2572-e1a8f9618e54">
      <TestCategory>
        <TestCategoryItem TestCategory="Search" />
      </TestCategory>
      <Execution id="65e13ee3-c042-4e7d-8ceb-9dd59beaf829" />
      <TestMethod codeBase="D:\actions-runner\_work\XPCO\XPCO\MIP\PlatformPlugin\VideoOS.Platform\unittest\bin\Debug\net472\VideoOS.Platform.Tests.dll" adapterTypeName="executor://mstestadapter/v2" className="VideoOS.Platform.Tests.Search.FilterCategories.VehicleSearchFilterCategoryTest" name="Ctor_TwoCustomFilters_Success" />
    </UnitTest>
    <UnitTest name="GetCompatibilityHandler_ShouldThrownMIPException_WhenServerVersionCannotBeResolved" storage="d:\actions-runner\_work\xpco\xpco\mip\platformplugin\videoos.platform\unittest\bin\debug\net472\videoos.platform.tests.dll" id="c1dba330-ca0d-dce5-8eda-7974894f22ca">
      <Execution id="3e23be10-6851-421b-a3b0-53188fb0ebff" />
      <TestMethod codeBase="D:\actions-runner\_work\XPCO\XPCO\MIP\PlatformPlugin\VideoOS.Platform\unittest\bin\Debug\net472\VideoOS.Platform.Tests.dll" adapterTypeName="executor://mstestadapter/v2" className="VideoOS.Platform.Tests.License.LicenseManagerTests" name="GetCompatibilityHandler_ShouldThrownMIPException_WhenServerVersionCannotBeResolved" />
    </UnitTest>
    <UnitTest name="Apply_ShouldApplyTranslateAndScale_WhenTranslateAndScaleIsNotNull" storage="d:\actions-runner\_work\xpco\xpco\mip\platformplugin\videoos.platform\unittest\bin\debug\net472\videoos.platform.tests.dll" id="9bf19834-4f90-5f56-a3eb-6c1d93ea3aa5">
      <Execution id="93c654af-74c1-4310-9054-7065460b6146" />
      <TestMethod codeBase="D:\actions-runner\_work\XPCO\XPCO\MIP\PlatformPlugin\VideoOS.Platform\unittest\bin\Debug\net472\VideoOS.Platform.Tests.dll" adapterTypeName="executor://mstestadapter/v2" className="VideoOS.Platform.Tests.Metadata.DisplayTextTests" name="Apply_ShouldApplyTranslateAndScale_WhenTranslateAndScaleIsNotNull" />
    </UnitTest>
    <UnitTest name="TestStartSearch_MultipleSearchDifferentDefinitions_Success" storage="d:\actions-runner\_work\xpco\xpco\mip\platformplugin\videoos.platform\unittest\bin\debug\net472\videoos.platform.tests.dll" id="79018515-d745-dd30-fc15-5ab9418fb22e">
      <TestCategory>
        <TestCategoryItem TestCategory="Search" />
      </TestCategory>
      <Execution id="9272e90d-094d-43a8-b237-adeeff257bc2" />
      <TestMethod codeBase="D:\actions-runner\_work\XPCO\XPCO\MIP\PlatformPlugin\VideoOS.Platform\unittest\bin\Debug\net472\VideoOS.Platform.Tests.dll" adapterTypeName="executor://mstestadapter/v2" className="VideoOS.Platform.Tests.Search.SearchManagerTest" name="TestStartSearch_MultipleSearchDifferentDefinitions_Success" />
    </UnitTest>
    <UnitTest name="ProvideValue_ShouldNotSetTargetProperty_WhenCustomDisplayValueIsSet" storage="d:\actions-runner\_work\xpco\xpco\mip\platformplugin\videoos.platform\unittest\bin\debug\net472\videoos.platform.tests.dll" id="f5d12e44-e40c-727a-8c4d-b5134fb3b55a">
      <TestCategory>
        <TestCategoryItem TestCategory="DropDowns" />
      </TestCategory>
      <Execution id="c899aa47-513d-4412-8cd3-72462607917f" />
      <TestMethod codeBase="D:\actions-runner\_work\XPCO\XPCO\MIP\PlatformPlugin\VideoOS.Platform\unittest\bin\Debug\net472\VideoOS.Platform.Tests.dll" adapterTypeName="executor://mstestadapter/v2" className="VideoOS.Platform.Tests.UI.Controls.DropDowns.Internal.SelectedItemIconSourceExtensionTest" name="ProvideValue_ShouldNotSetTargetProperty_WhenCustomDisplayValueIsSet" />
    </UnitTest>
    <UnitTest name="Parse_MixedArray" storage="d:\actions-runner\_work\xpco\xpco\mip\platformplugin\videoos.platform\unittest\bin\debug\net472\videoos.platform.tests.dll" id="654a7cf9-90b9-03f9-bc66-64198ac9caf1">
      <Execution id="8aa3436d-4d58-4a51-ab41-4243edc3336a" />
      <TestMethod codeBase="D:\actions-runner\_work\XPCO\XPCO\MIP\PlatformPlugin\VideoOS.Platform\unittest\bin\Debug\net472\VideoOS.Platform.Tests.dll" adapterTypeName="executor://mstestadapter/v2" className="VideoOS.Platform.Tests.Proxy.RestApi.JsonReaderTests" name="Parse_MixedArray" />
    </UnitTest>
    <UnitTest name="Append_Property_MIPItem_LowerCase" storage="d:\actions-runner\_work\xpco\xpco\mip\platformplugin\videoos.platform\unittest\bin\debug\net472\videoos.platform.tests.dll" id="d14f3865-eb3a-a806-eb3f-e6d1d870885d">
      <Execution id="f160b88f-c2e2-4ef5-ae1e-8b29173b8434" />
      <TestMethod codeBase="D:\actions-runner\_work\XPCO\XPCO\MIP\PlatformPlugin\VideoOS.Platform\unittest\bin\Debug\net472\VideoOS.Platform.Tests.dll" adapterTypeName="executor://mstestadapter/v2" className="VideoOS.Platform.Tests.Proxy.RestApi.JsonBuilderTests" name="Append_Property_MIPItem_LowerCase" />
    </UnitTest>
    <UnitTest name="Unauthorized_Success" storage="d:\actions-runner\_work\xpco\xpco\mip\platformplugin\videoos.platform\unittest\bin\debug\net472\videoos.platform.tests.dll" id="c15be519-b8fe-48e7-7703-7b1ac1a61e7f">
      <Execution id="455e14fa-9a69-4def-a28f-9253467ae29e" />
      <TestMethod codeBase="D:\actions-runner\_work\XPCO\XPCO\MIP\PlatformPlugin\VideoOS.Platform\unittest\bin\Debug\net472\VideoOS.Platform.Tests.dll" adapterTypeName="executor://mstestadapter/v2" className="VideoOS.Platform.Tests.Proxy.RestApi.RestApiClientDecoratorTests" name="Unauthorized_Success" />
    </UnitTest>
    <UnitTest name="GenerateDeviceCapabilityParameters_ShouldWriteDefaultValue_WhenAlways" storage="d:\actions-runner\_work\xpco\xpco\mip\platformplugin\videoos.platform\unittest\bin\debug\net472\videoos.platform.tests.dll" id="cacda86d-f0f9-0934-0ba5-b96987330f36">
      <Execution id="0e42bffe-3936-457a-b80a-09965618d405" />
      <TestMethod codeBase="D:\actions-runner\_work\XPCO\XPCO\MIP\PlatformPlugin\VideoOS.Platform\unittest\bin\Debug\net472\VideoOS.Platform.Tests.dll" adapterTypeName="executor://mstestadapter/v2" className="VideoOS.Platform.Tests.Data.EnumCapabilityTests" name="GenerateDeviceCapabilityParameters_ShouldWriteDefaultValue_WhenAlways" />
    </UnitTest>
    <UnitTest name="Encrypt_PropertyIsSetToNo_ThrowsException" storage="d:\actions-runner\_work\xpco\xpco\mip\platformplugin\videoos.platform\unittest\bin\debug\net472\videoos.platform.tests.dll" id="06c90135-67c9-51a3-9a46-9517155efc3a">
      <Execution id="182cef36-7f2f-46de-b22b-cbd21c4c2c9f" />
      <TestMethod codeBase="D:\actions-runner\_work\XPCO\XPCO\MIP\PlatformPlugin\VideoOS.Platform\unittest\bin\Debug\net472\VideoOS.Platform.Tests.dll" adapterTypeName="executor://mstestadapter/v2" className="VideoOS.Platform.Tests.ItemTests" name="Encrypt_PropertyIsSetToNo_ThrowsException" />
    </UnitTest>
    <UnitTest name="WriteXml_ShouldWriteBottomAttribute_WhenAlays" storage="d:\actions-runner\_work\xpco\xpco\mip\platformplugin\videoos.platform\unittest\bin\debug\net472\videoos.platform.tests.dll" id="585441ab-f7bf-ef9a-ea65-e7624bf9208f">
      <Execution id="593b35c9-e381-4b68-8cc0-28cfa32d945e" />
      <TestMethod codeBase="D:\actions-runner\_work\XPCO\XPCO\MIP\PlatformPlugin\VideoOS.Platform\unittest\bin\Debug\net472\VideoOS.Platform.Tests.dll" adapterTypeName="executor://mstestadapter/v2" className="VideoOS.Platform.Tests.Metadata.RectangleTests" name="WriteXml_ShouldWriteBottomAttribute_WhenAlays" />
    </UnitTest>
    <UnitTest name="IconOverlay_BuiltIn_VaryingOverlays_Success" storage="d:\actions-runner\_work\xpco\xpco\mip\platformplugin\videoos.platform\unittest\bin\debug\net472\videoos.platform.tests.dll" id="1a23ceed-6bf2-7030-b18a-91b782df52d2">
      <Execution id="63752aaa-70d1-4d7a-9d7d-5a5b0c44a3ca" />
      <TestMethod codeBase="D:\actions-runner\_work\XPCO\XPCO\MIP\PlatformPlugin\VideoOS.Platform\unittest\bin\Debug\net472\VideoOS.Platform.Tests.dll" adapterTypeName="executor://mstestadapter/v2" className="VideoOS.Platform.Tests.ItemTests" name="IconOverlay_BuiltIn_VaryingOverlays_Success" />
    </UnitTest>
    <UnitTest name="Serialize_TestCases (TestParentTypeMatchObjectNotThisTypeNotMatched)" storage="d:\actions-runner\_work\xpco\xpco\mip\platformplugin\videoos.platform\unittest\bin\debug\net472\videoos.platform.tests.dll" id="117614c7-eeb5-3c32-e0a6-311b673498a1">
      <Execution id="3f8b5f08-f139-4fd5-9e0c-f6e0701dda57" />
      <TestMethod codeBase="D:\actions-runner\_work\XPCO\XPCO\MIP\PlatformPlugin\VideoOS.Platform\unittest\bin\Debug\net472\VideoOS.Platform.Tests.dll" adapterTypeName="executor://mstestadapter/v2" className="VideoOS.Platform.Tests.UI.Controls.Automation.Serialization.AutomationObjectSerializerTest" name="Serialize_TestCases" />
    </UnitTest>
    <UnitTest name="Serialize_TestCases (TestParentTypeMatchInterfaceNotThisTypeNotMatchedProperty)" storage="d:\actions-runner\_work\xpco\xpco\mip\platformplugin\videoos.platform\unittest\bin\debug\net472\videoos.platform.tests.dll" id="9af02e3c-3f3d-0108-d5a6-719e3351c066">
      <Execution id="541197ae-9deb-4429-9865-bb2bb9d3a204" />
      <TestMethod codeBase="D:\actions-runner\_work\XPCO\XPCO\MIP\PlatformPlugin\VideoOS.Platform\unittest\bin\Debug\net472\VideoOS.Platform.Tests.dll" adapterTypeName="executor://mstestadapter/v2" className="VideoOS.Platform.Tests.UI.Controls.Automation.Serialization.AutomationObjectSerializerTest" name="Serialize_TestCases" />
    </UnitTest>
    <UnitTest name="GetPreviousDateTime_ShouldReturnLastDataEntityFromSecondToolkitCall_WhenDateIsAfterFirstCachedValue" storage="d:\actions-runner\_work\xpco\xpco\mip\platformplugin\videoos.platform\unittest\bin\debug\net472\videoos.platform.tests.dll" id="d15cb015-1a80-6a1c-c85a-3f61077a2db7">
      <Execution id="e083a27f-07d2-40e4-962b-ca35396b9440" />
      <TestMethod codeBase="D:\actions-runner\_work\XPCO\XPCO\MIP\PlatformPlugin\VideoOS.Platform\unittest\bin\Debug\net472\VideoOS.Platform.Tests.dll" adapterTypeName="executor://mstestadapter/v2" className="VideoOS.Platform.Tests.Data.MetadataPlaybackSourceTests" name="GetPreviousDateTime_ShouldReturnLastDataEntityFromSecondToolkitCall_WhenDateIsAfterFirstCachedValue" />
    </UnitTest>
    <UnitTest name="ParseMetadataXmlWithString_ShouldReturnRootElement_WhenXmlContainsCorrectRootElement" storage="d:\actions-runner\_work\xpco\xpco\mip\platformplugin\videoos.platform\unittest\bin\debug\net472\videoos.platform.tests.dll" id="58acdb8f-084b-2e15-dc3a-9f779a1645ce">
      <Execution id="1a8ee53d-39ca-4990-bde9-c0291c315f25" />
      <TestMethod codeBase="D:\actions-runner\_work\XPCO\XPCO\MIP\PlatformPlugin\VideoOS.Platform\unittest\bin\Debug\net472\VideoOS.Platform.Tests.dll" adapterTypeName="executor://mstestadapter/v2" className="VideoOS.Platform.Tests.Metadata.MetadataDeserializerTests" name="ParseMetadataXmlWithString_ShouldReturnRootElement_WhenXmlContainsCorrectRootElement" />
    </UnitTest>
    <UnitTest name="AllAttributesWerePresent_ShouldReturnFalse_WhenTopAttributeIsMissing" storage="d:\actions-runner\_work\xpco\xpco\mip\platformplugin\videoos.platform\unittest\bin\debug\net472\videoos.platform.tests.dll" id="6c5fbe1f-8152-a821-d533-330bed4f5a98">
      <Execution id="54d87bf2-f44f-4ebe-b577-70e83ad75657" />
      <TestMethod codeBase="D:\actions-runner\_work\XPCO\XPCO\MIP\PlatformPlugin\VideoOS.Platform\unittest\bin\Debug\net472\VideoOS.Platform.Tests.dll" adapterTypeName="executor://mstestadapter/v2" className="VideoOS.Platform.Tests.Metadata.RectangleTests" name="AllAttributesWerePresent_ShouldReturnFalse_WhenTopAttributeIsMissing" />
    </UnitTest>
    <UnitTest name="ResolveIconSource_EnumValueShouldBeUnique_ForAllDefinedIcons" storage="d:\actions-runner\_work\xpco\xpco\mip\platformplugin\videoos.platform\unittest\bin\debug\net472\videoos.platform.tests.dll" id="1567771f-c566-3ead-d24b-280817524d69">
      <TestCategory>
        <TestCategoryItem TestCategory="Icons" />
      </TestCategory>
      <Execution id="99e29eca-f80e-4cdb-b841-9a3971a36c53" />
      <TestMethod codeBase="D:\actions-runner\_work\XPCO\XPCO\MIP\PlatformPlugin\VideoOS.Platform\unittest\bin\Debug\net472\VideoOS.Platform.Tests.dll" adapterTypeName="executor://mstestadapter/v2" className="VideoOS.Platform.Tests.UI.Controls.Icons.VideoOSIconBuiltInSourceTest" name="ResolveIconSource_EnumValueShouldBeUnique_ForAllDefinedIcons" />
    </UnitTest>
    <UnitTest name="GetFrame_ShouldReturnFrame_WhenThereIsOneFrame" storage="d:\actions-runner\_work\xpco\xpco\mip\platformplugin\videoos.platform\unittest\bin\debug\net472\videoos.platform.tests.dll" id="62294b79-fd57-1a57-9fa1-16dc542d0a4d">
      <Execution id="b3d7ca5b-367e-46a0-8f01-fb6064ab98fb" />
      <TestMethod codeBase="D:\actions-runner\_work\XPCO\XPCO\MIP\PlatformPlugin\VideoOS.Platform\unittest\bin\Debug\net472\VideoOS.Platform.Tests.dll" adapterTypeName="executor://mstestadapter/v2" className="VideoOS.Platform.Tests.Metadata.MetadataStreamTests" name="GetFrame_ShouldReturnFrame_WhenThereIsOneFrame" />
    </UnitTest>
    <UnitTest name="TestStartSearch_SortOrderSpecified_Success" storage="d:\actions-runner\_work\xpco\xpco\mip\platformplugin\videoos.platform\unittest\bin\debug\net472\videoos.platform.tests.dll" id="13638f31-b7e4-af7e-235e-95a40f773cc3">
      <TestCategory>
        <TestCategoryItem TestCategory="Search" />
      </TestCategory>
      <Execution id="43feb7c3-3bd4-4b11-a6f0-55a8e6d21360" />
      <TestMethod codeBase="D:\actions-runner\_work\XPCO\XPCO\MIP\PlatformPlugin\VideoOS.Platform\unittest\bin\Debug\net472\VideoOS.Platform.Tests.dll" adapterTypeName="executor://mstestadapter/v2" className="VideoOS.Platform.Tests.Search.SearchManagerTest" name="TestStartSearch_SortOrderSpecified_Success" />
    </UnitTest>
    <UnitTest name="Serialize_ShouldHandleSelfReferencingWithCollection" storage="d:\actions-runner\_work\xpco\xpco\mip\platformplugin\videoos.platform\unittest\bin\debug\net472\videoos.platform.tests.dll" id="f3d705dd-7bc5-3c67-615c-4a5792f645ee">
      <Execution id="6241e6fe-2e4c-496d-8c10-f8b88cf97212" />
      <TestMethod codeBase="D:\actions-runner\_work\XPCO\XPCO\MIP\PlatformPlugin\VideoOS.Platform\unittest\bin\Debug\net472\VideoOS.Platform.Tests.dll" adapterTypeName="executor://mstestadapter/v2" className="VideoOS.Platform.Tests.UI.Controls.Automation.Serialization.AutomationObjectSerializerSelfReferencingTests" name="Serialize_ShouldHandleSelfReferencingWithCollection" />
    </UnitTest>
    <UnitTest name="SetChildren_Set_NoChildren_And_Check" storage="d:\actions-runner\_work\xpco\xpco\mip\platformplugin\videoos.platform\unittest\bin\debug\net472\videoos.platform.tests.dll" id="b6cf4406-22c8-107a-cae8-fc1d204c4130">
      <Execution id="156bd483-0917-42dc-a9a3-d51810159fc4" />
      <TestMethod codeBase="D:\actions-runner\_work\XPCO\XPCO\MIP\PlatformPlugin\VideoOS.Platform\unittest\bin\Debug\net472\VideoOS.Platform.Tests.dll" adapterTypeName="executor://mstestadapter/v2" className="VideoOS.Platform.Tests.ItemTests" name="SetChildren_Set_NoChildren_And_Check" />
    </UnitTest>
    <UnitTest name="GetItem_AlarmDefinition_Success" storage="d:\actions-runner\_work\xpco\xpco\mip\platformplugin\videoos.platform\unittest\bin\debug\net472\videoos.platform.tests.dll" id="330836c9-cc9b-a4b7-a20d-ba9093f6b879">
      <Execution id="13c4a3a6-02cb-4ef6-a800-37e758aeff2f" />
      <TestMethod codeBase="D:\actions-runner\_work\XPCO\XPCO\MIP\PlatformPlugin\VideoOS.Platform\unittest\bin\Debug\net472\VideoOS.Platform.Tests.dll" adapterTypeName="executor://mstestadapter/v2" className="VideoOS.Platform.Tests.Proxy.RestApi.RestApiClientDecoratorTests" name="GetItem_AlarmDefinition_Success" />
    </UnitTest>
    <UnitTest name="Equals_IgnoreFolderType_Fail_OnServerIdId" storage="d:\actions-runner\_work\xpco\xpco\mip\platformplugin\videoos.platform\unittest\bin\debug\net472\videoos.platform.tests.dll" id="e036dcac-c98f-c247-938a-14a54b7a60ea">
      <Execution id="d2de764b-374c-497b-b03a-45317a2f51fe" />
      <TestMethod codeBase="D:\actions-runner\_work\XPCO\XPCO\MIP\PlatformPlugin\VideoOS.Platform\unittest\bin\Debug\net472\VideoOS.Platform.Tests.dll" adapterTypeName="executor://mstestadapter/v2" className="VideoOS.Platform.Tests.FQIDtests" name="Equals_IgnoreFolderType_Fail_OnServerIdId" />
    </UnitTest>
    <UnitTest name="ReadXml_ShouldReadTopAttribute_WhenPresent" storage="d:\actions-runner\_work\xpco\xpco\mip\platformplugin\videoos.platform\unittest\bin\debug\net472\videoos.platform.tests.dll" id="c2c45a93-efa1-bb0e-351a-c58499dc22c7">
      <Execution id="30b679a1-cba9-4e38-aff1-3959504f18aa" />
      <TestMethod codeBase="D:\actions-runner\_work\XPCO\XPCO\MIP\PlatformPlugin\VideoOS.Platform\unittest\bin\Debug\net472\VideoOS.Platform.Tests.dll" adapterTypeName="executor://mstestadapter/v2" className="VideoOS.Platform.Tests.Metadata.RectangleTests" name="ReadXml_ShouldReadTopAttribute_WhenPresent" />
    </UnitTest>
    <UnitTest name="Serialize_TestCases (TestParentTypeMatchIntNotThisTypeMatched)" storage="d:\actions-runner\_work\xpco\xpco\mip\platformplugin\videoos.platform\unittest\bin\debug\net472\videoos.platform.tests.dll" id="2c2117f3-dae9-4d5e-6fa1-773bd6c20109">
      <Execution id="30905943-37e3-4937-b813-3c763dc60721" />
      <TestMethod codeBase="D:\actions-runner\_work\XPCO\XPCO\MIP\PlatformPlugin\VideoOS.Platform\unittest\bin\Debug\net472\VideoOS.Platform.Tests.dll" adapterTypeName="executor://mstestadapter/v2" className="VideoOS.Platform.Tests.UI.Controls.Automation.Serialization.AutomationObjectSerializerTest" name="Serialize_TestCases" />
    </UnitTest>
    <UnitTest name="ReadXml_ShouldReadScaleContents_WhenScaleIsPresent" storage="d:\actions-runner\_work\xpco\xpco\mip\platformplugin\videoos.platform\unittest\bin\debug\net472\videoos.platform.tests.dll" id="d298d9c7-7d7d-ad15-03cc-8ab9e391d377">
      <Execution id="0019ffe1-5207-448d-90d7-830704208e5e" />
      <TestMethod codeBase="D:\actions-runner\_work\XPCO\XPCO\MIP\PlatformPlugin\VideoOS.Platform\unittest\bin\Debug\net472\VideoOS.Platform.Tests.dll" adapterTypeName="executor://mstestadapter/v2" className="VideoOS.Platform.Tests.Metadata.TransformationTests" name="ReadXml_ShouldReadScaleContents_WhenScaleIsPresent" />
    </UnitTest>
    <UnitTest name="GenerateParameters_ShouldWriteFpsRange_WhenFpsRangeIsNotNull" storage="d:\actions-runner\_work\xpco\xpco\mip\platformplugin\videoos.platform\unittest\bin\debug\net472\videoos.platform.tests.dll" id="dd6afc15-10c5-b303-c76e-273eabfa3bb0">
      <Execution id="e1c88343-14cf-455c-9f57-8df8dcf8574c" />
      <TestMethod codeBase="D:\actions-runner\_work\XPCO\XPCO\MIP\PlatformPlugin\VideoOS.Platform\unittest\bin\Debug\net472\VideoOS.Platform.Tests.dll" adapterTypeName="executor://mstestadapter/v2" className="VideoOS.Platform.Tests.Data.CameraDeviceDefinitionTests" name="GenerateParameters_ShouldWriteFpsRange_WhenFpsRangeIsNotNull" />
    </UnitTest>
    <UnitTest name="GetChildren_And_Check" storage="d:\actions-runner\_work\xpco\xpco\mip\platformplugin\videoos.platform\unittest\bin\debug\net472\videoos.platform.tests.dll" id="49bc91b3-0e58-95cf-9899-940758bf9038">
      <Execution id="29400acf-4e92-4061-8e69-df7f1de0102f" />
      <TestMethod codeBase="D:\actions-runner\_work\XPCO\XPCO\MIP\PlatformPlugin\VideoOS.Platform\unittest\bin\Debug\net472\VideoOS.Platform.Tests.dll" adapterTypeName="executor://mstestadapter/v2" className="VideoOS.Platform.Tests.ItemTests" name="GetChildren_And_Check" />
    </UnitTest>
    <UnitTest name="WriteXml_ShouldWriteNavigationalData_WhenNavigationalDataIsNotNull" storage="d:\actions-runner\_work\xpco\xpco\mip\platformplugin\videoos.platform\unittest\bin\debug\net472\videoos.platform.tests.dll" id="bbf27319-0f4b-5f15-78c4-45a2e840ee02">
      <Execution id="91e6a309-8488-420d-934e-59d2ddb0ad49" />
      <TestMethod codeBase="D:\actions-runner\_work\XPCO\XPCO\MIP\PlatformPlugin\VideoOS.Platform\unittest\bin\Debug\net472\VideoOS.Platform.Tests.dll" adapterTypeName="executor://mstestadapter/v2" className="VideoOS.Platform.Tests.Metadata.MetadataStreamTests" name="WriteXml_ShouldWriteNavigationalData_WhenNavigationalDataIsNotNull" />
    </UnitTest>
    <UnitTest name="Given_Exception_WhenSerializingAndDeserialing_Then_AllContentIsPreserved" storage="d:\actions-runner\_work\xpco\xpco\mip\platformplugin\videoos.platform\unittest\bin\debug\net472\videoos.platform.tests.dll" id="3b7c8552-7a62-bee2-027f-19ba6bd6ceca">
      <Execution id="e2abd0bb-1810-4d3e-9dc5-8940bb44184b" />
      <TestMethod codeBase="D:\actions-runner\_work\XPCO\XPCO\MIP\PlatformPlugin\VideoOS.Platform\unittest\bin\Debug\net472\VideoOS.Platform.Tests.dll" adapterTypeName="executor://mstestadapter/v2" className="VideoOS.Platform.Tests.MIPExceptionsTest" name="Given_Exception_WhenSerializingAndDeserialing_Then_AllContentIsPreserved" />
    </UnitTest>
    <UnitTest name="WriteXml_ShouldWriteVideoAnalyticsContents_WhenVideoAnalyticsItemIsWritten" storage="d:\actions-runner\_work\xpco\xpco\mip\platformplugin\videoos.platform\unittest\bin\debug\net472\videoos.platform.tests.dll" id="3a8ca70f-603d-9529-0058-2e57757ce284">
      <Execution id="e31b886e-0f6f-413f-9dda-09f55eeeb983" />
      <TestMethod codeBase="D:\actions-runner\_work\XPCO\XPCO\MIP\PlatformPlugin\VideoOS.Platform\unittest\bin\Debug\net472\VideoOS.Platform.Tests.dll" adapterTypeName="executor://mstestadapter/v2" className="VideoOS.Platform.Tests.Metadata.MetadataStreamTests" name="WriteXml_ShouldWriteVideoAnalyticsContents_WhenVideoAnalyticsItemIsWritten" />
    </UnitTest>
    <UnitTest name="WriteMetadataXmlWithStream_ShouldWriteDocumentHeading_WhenDataIsPresent" storage="d:\actions-runner\_work\xpco\xpco\mip\platformplugin\videoos.platform\unittest\bin\debug\net472\videoos.platform.tests.dll" id="78982d6b-5a61-907d-6e51-74d4614c2331">
      <Execution id="252884b4-3f03-487e-9640-7ed61896579b" />
      <TestMethod codeBase="D:\actions-runner\_work\XPCO\XPCO\MIP\PlatformPlugin\VideoOS.Platform\unittest\bin\Debug\net472\VideoOS.Platform.Tests.dll" adapterTypeName="executor://mstestadapter/v2" className="VideoOS.Platform.Tests.Metadata.MetadataSerializerTests" name="WriteMetadataXmlWithStream_ShouldWriteDocumentHeading_WhenDataIsPresent" />
    </UnitTest>
    <UnitTest name="GetParent_NoServerId_Check" storage="d:\actions-runner\_work\xpco\xpco\mip\platformplugin\videoos.platform\unittest\bin\debug\net472\videoos.platform.tests.dll" id="871f6ec2-6973-6f3c-2bf4-5a51a50a4cf2">
      <Execution id="1e313afc-aa0e-4ca3-938c-49d5ba8b5151" />
      <TestMethod codeBase="D:\actions-runner\_work\XPCO\XPCO\MIP\PlatformPlugin\VideoOS.Platform\unittest\bin\Debug\net472\VideoOS.Platform.Tests.dll" adapterTypeName="executor://mstestadapter/v2" className="VideoOS.Platform.Tests.ItemTests" name="GetParent_NoServerId_Check" />
    </UnitTest>
    <UnitTest name="Equals_ShouldHaveValueSemantics_Always" storage="d:\actions-runner\_work\xpco\xpco\mip\platformplugin\videoos.platform\unittest\bin\debug\net472\videoos.platform.tests.dll" id="8a8663da-3c48-e3de-3195-bc33f43c17d1">
      <Execution id="f9ed76e5-dc63-4c15-bcfc-e8b06d7eb85f" />
      <TestMethod codeBase="D:\actions-runner\_work\XPCO\XPCO\MIP\PlatformPlugin\VideoOS.Platform\unittest\bin\Debug\net472\VideoOS.Platform.Tests.dll" adapterTypeName="executor://mstestadapter/v2" className="VideoOS.Platform.Tests.Metadata.NavigationalDataTests" name="Equals_ShouldHaveValueSemantics_Always" />
    </UnitTest>
    <UnitTest name="SplitString_When2Levels_Trims" storage="d:\actions-runner\_work\xpco\xpco\mip\platformplugin\videoos.platform\unittest\bin\debug\net472\videoos.platform.tests.dll" id="c64fce4a-0ee6-9d1f-f96c-3f0744a2a23b">
      <Execution id="d0fb2dcc-fb0d-45f5-b5bc-13a22e4ee332" />
      <TestMethod codeBase="D:\actions-runner\_work\XPCO\XPCO\MIP\PlatformPlugin\VideoOS.Platform\unittest\bin\Debug\net472\VideoOS.Platform.Tests.dll" adapterTypeName="executor://mstestadapter/v2" className="VideoOS.Platform.Tests.Util.StringSplitterTests" name="SplitString_When2Levels_Trims" />
    </UnitTest>
    <UnitTest name="ProvideValue_ShouldUseContentTemplate_WhenSelectedItemIsVideoOSDropDownItem" storage="d:\actions-runner\_work\xpco\xpco\mip\platformplugin\videoos.platform\unittest\bin\debug\net472\videoos.platform.tests.dll" id="9c47fe03-c56a-043e-ff88-e2633670fc9e">
      <TestCategory>
        <TestCategoryItem TestCategory="DropDowns" />
      </TestCategory>
      <Execution id="75404830-8fdf-46eb-b4ab-a71632025df3" />
      <TestMethod codeBase="D:\actions-runner\_work\XPCO\XPCO\MIP\PlatformPlugin\VideoOS.Platform\unittest\bin\Debug\net472\VideoOS.Platform.Tests.dll" adapterTypeName="executor://mstestadapter/v2" className="VideoOS.Platform.Tests.UI.Controls.DropDowns.Internal.SelectedItemContentTemplateExtensionTest" name="ProvideValue_ShouldUseContentTemplate_WhenSelectedItemIsVideoOSDropDownItem" />
    </UnitTest>
    <UnitTest name="WriteXml_ShouldWriteBoundingBoxContents_WhenBoundingBoxIsNotNull" storage="d:\actions-runner\_work\xpco\xpco\mip\platformplugin\videoos.platform\unittest\bin\debug\net472\videoos.platform.tests.dll" id="a7d99e35-c064-6ecd-9e86-ff4a258d4620">
      <Execution id="8daf71a7-ad91-41b5-93b5-d218c0827d9e" />
      <TestMethod codeBase="D:\actions-runner\_work\XPCO\XPCO\MIP\PlatformPlugin\VideoOS.Platform\unittest\bin\Debug\net472\VideoOS.Platform.Tests.dll" adapterTypeName="executor://mstestadapter/v2" className="VideoOS.Platform.Tests.Metadata.ShapeTests" name="WriteXml_ShouldWriteBoundingBoxContents_WhenBoundingBoxIsNotNull" />
    </UnitTest>
    <UnitTest name="ToArgbString_ShouldReturnStringWithLeadingHashAndHexString_Always" storage="d:\actions-runner\_work\xpco\xpco\mip\platformplugin\videoos.platform\unittest\bin\debug\net472\videoos.platform.tests.dll" id="bef51588-d886-f6e3-fdda-95da2278aacb">
      <Execution id="1df45221-b0c2-4e8c-bf93-a720bb92d371" />
      <TestMethod codeBase="D:\actions-runner\_work\XPCO\XPCO\MIP\PlatformPlugin\VideoOS.Platform\unittest\bin\Debug\net472\VideoOS.Platform.Tests.dll" adapterTypeName="executor://mstestadapter/v2" className="VideoOS.Platform.Tests.Metadata.DisplayColorTests" name="ToArgbString_ShouldReturnStringWithLeadingHashAndHexString_Always" />
    </UnitTest>
    <UnitTest name="SearchResultData_TriggerTime_Success" storage="d:\actions-runner\_work\xpco\xpco\mip\platformplugin\videoos.platform\unittest\bin\debug\net472\videoos.platform.tests.dll" id="d2eb1662-6b70-63d0-d71c-7f9ecf6fdd7d">
      <TestCategory>
        <TestCategoryItem TestCategory="Search" />
      </TestCategory>
      <Execution id="032ac7a2-dd51-4bfe-baf7-3131f4f2843d" />
      <TestMethod codeBase="D:\actions-runner\_work\XPCO\XPCO\MIP\PlatformPlugin\VideoOS.Platform\unittest\bin\Debug\net472\VideoOS.Platform.Tests.dll" adapterTypeName="executor://mstestadapter/v2" className="VideoOS.Platform.Tests.Search.SearchResultDataTest" name="SearchResultData_TriggerTime_Success" />
    </UnitTest>
    <UnitTest name="CreateSearchResultUserControl_MissingPlugin_ReturnsNull" storage="d:\actions-runner\_work\xpco\xpco\mip\platformplugin\videoos.platform\unittest\bin\debug\net472\videoos.platform.tests.dll" id="ed1af3f1-e228-caa9-58c0-803083486581">
      <TestCategory>
        <TestCategoryItem TestCategory="Search" />
      </TestCategory>
      <Execution id="df948cc2-56ee-40a0-ba8c-67b43bb00129" />
      <TestMethod codeBase="D:\actions-runner\_work\XPCO\XPCO\MIP\PlatformPlugin\VideoOS.Platform\unittest\bin\Debug\net472\VideoOS.Platform.Tests.dll" adapterTypeName="executor://mstestadapter/v2" className="VideoOS.Platform.Tests.Search.SearchUserControlResolverTest" name="CreateSearchResultUserControl_MissingPlugin_ReturnsNull" />
    </UnitTest>
    <UnitTest name="GetPreviousDateTime_ShouldReturnLastDataEntityFromToolkit_WhenDataIsNotCached" storage="d:\actions-runner\_work\xpco\xpco\mip\platformplugin\videoos.platform\unittest\bin\debug\net472\videoos.platform.tests.dll" id="e8ac92b2-fcd9-2dc0-f713-3c2cf3bb77c1">
      <Execution id="068c64fa-39a3-49dd-b18a-7acebd8aa5e6" />
      <TestMethod codeBase="D:\actions-runner\_work\XPCO\XPCO\MIP\PlatformPlugin\VideoOS.Platform\unittest\bin\Debug\net472\VideoOS.Platform.Tests.dll" adapterTypeName="executor://mstestadapter/v2" className="VideoOS.Platform.Tests.Data.MetadataPlaybackSourceTests" name="GetPreviousDateTime_ShouldReturnLastDataEntityFromToolkit_WhenDataIsNotCached" />
    </UnitTest>
    <UnitTest name="ReadXml_ShouldIgnoreUnknownChildren_WhenUnknownChildrenArePresent" storage="d:\actions-runner\_work\xpco\xpco\mip\platformplugin\videoos.platform\unittest\bin\debug\net472\videoos.platform.tests.dll" id="222dc4eb-8a5f-bb70-a6c0-96da1bd8a35a">
      <Execution id="e5057f54-0f1f-4e00-8290-65b3ba807c68" />
      <TestMethod codeBase="D:\actions-runner\_work\XPCO\XPCO\MIP\PlatformPlugin\VideoOS.Platform\unittest\bin\Debug\net472\VideoOS.Platform.Tests.dll" adapterTypeName="executor://mstestadapter/v2" className="VideoOS.Platform.Tests.Metadata.OnvifClassTests" name="ReadXml_ShouldIgnoreUnknownChildren_WhenUnknownChildrenArePresent" />
    </UnitTest>
    <UnitTest name="Replace_ShouldInvokeCallback_WhenObservable" storage="d:\actions-runner\_work\xpco\xpco\mip\platformplugin\videoos.platform\unittest\bin\debug\net472\videoos.platform.tests.dll" id="5299c3b1-b147-2926-54b8-048e2c168fc2">
      <Execution id="e71e004b-b9a8-4398-96e7-f9d414703590" />
      <TestMethod codeBase="D:\actions-runner\_work\XPCO\XPCO\MIP\PlatformPlugin\VideoOS.Platform\unittest\bin\Debug\net472\VideoOS.Platform.Tests.dll" adapterTypeName="executor://mstestadapter/v2" className="VideoOS.Platform.Tests.UI.Controls.CollectionHelperGenericTest" name="Replace_ShouldInvokeCallback_WhenObservable" />
    </UnitTest>
    <UnitTest name="TestConstructor_Success" storage="d:\actions-runner\_work\xpco\xpco\mip\platformplugin\videoos.platform\unittest\bin\debug\net472\videoos.platform.tests.dll" id="6ca73ebd-56b4-1756-58f8-e75d82906bc5">
      <Execution id="74816657-3353-4b40-a936-d2f29bd63517" />
      <TestMethod codeBase="D:\actions-runner\_work\XPCO\XPCO\MIP\PlatformPlugin\VideoOS.Platform\unittest\bin\Debug\net472\VideoOS.Platform.Tests.dll" adapterTypeName="executor://mstestadapter/v2" className="VideoOS.Platform.Tests.Search.Error.ServerNotAvailableSearchErrorTest" name="TestConstructor_Success" />
    </UnitTest>
    <UnitTest name="UnloadedEvent_ShouldRemoveProxyManager_WhenRaisedOnFrameworkElement" storage="d:\actions-runner\_work\xpco\xpco\mip\platformplugin\videoos.platform\unittest\bin\debug\net472\videoos.platform.tests.dll" id="16f60887-7ce9-1170-b4ee-a149304874ee">
      <TestCategory>
        <TestCategoryItem TestCategory="EventsToCommandMappings" />
      </TestCategory>
      <Execution id="2c492ba2-1239-4935-b734-58177b450e8e" />
      <TestMethod codeBase="D:\actions-runner\_work\XPCO\XPCO\MIP\PlatformPlugin\VideoOS.Platform\unittest\bin\Debug\net472\VideoOS.Platform.Tests.dll" adapterTypeName="executor://mstestadapter/v2" className="VideoOS.Platform.Tests.UI.Commands.EventsToCommandMappingTest" name="UnloadedEvent_ShouldRemoveProxyManager_WhenRaisedOnFrameworkElement" />
    </UnitTest>
    <UnitTest name="OverlapsWith_ShouldReturnFalse_WhenArgumenStartTimeIsAfterEndTime" storage="d:\actions-runner\_work\xpco\xpco\mip\platformplugin\videoos.platform\unittest\bin\debug\net472\videoos.platform.tests.dll" id="cf0c75b1-044e-c5b0-ba75-3be411bef17a">
      <Execution id="3f6a1643-8199-4666-8bcc-7d6c0c4de3b9" />
      <TestMethod codeBase="D:\actions-runner\_work\XPCO\XPCO\MIP\PlatformPlugin\VideoOS.Platform\unittest\bin\Debug\net472\VideoOS.Platform.Tests.dll" adapterTypeName="executor://mstestadapter/v2" className="VideoOS.Platform.Tests.Util.TimeIntervalTests" name="OverlapsWith_ShouldReturnFalse_WhenArgumenStartTimeIsAfterEndTime" />
    </UnitTest>
    <UnitTest name="Ctor_NoStandardFilters_Success" storage="d:\actions-runner\_work\xpco\xpco\mip\platformplugin\videoos.platform\unittest\bin\debug\net472\videoos.platform.tests.dll" id="59e10b82-f701-4ec1-bb24-9886531bdbb4">
      <TestCategory>
        <TestCategoryItem TestCategory="Search" />
      </TestCategory>
      <Execution id="ee4e5ce3-4029-4b98-9826-a2ca63a15511" />
      <TestMethod codeBase="D:\actions-runner\_work\XPCO\XPCO\MIP\PlatformPlugin\VideoOS.Platform\unittest\bin\Debug\net472\VideoOS.Platform.Tests.dll" adapterTypeName="executor://mstestadapter/v2" className="VideoOS.Platform.Tests.Search.FilterCategories.VehicleSearchFilterCategoryTest" name="Ctor_NoStandardFilters_Success" />
    </UnitTest>
    <UnitTest name="ResolveIconSource_ResourceIconsAndDefinedIcons_ShouldBeIdentical" storage="d:\actions-runner\_work\xpco\xpco\mip\platformplugin\videoos.platform\unittest\bin\debug\net472\videoos.platform.tests.dll" id="18b9af22-bb6c-f1cc-eab9-198fe04c78c2">
      <TestCategory>
        <TestCategoryItem TestCategory="Icons" />
      </TestCategory>
      <Execution id="4d3bf603-5c13-4326-bca7-f5417b2d47e3" />
      <TestMethod codeBase="D:\actions-runner\_work\XPCO\XPCO\MIP\PlatformPlugin\VideoOS.Platform\unittest\bin\Debug\net472\VideoOS.Platform.Tests.dll" adapterTypeName="executor://mstestadapter/v2" className="VideoOS.Platform.Tests.UI.Controls.Icons.VideoOSIconBuiltInSourceTest" name="ResolveIconSource_ResourceIconsAndDefinedIcons_ShouldBeIdentical" />
    </UnitTest>
    <UnitTest name="CreateAlarmFromEvent_ShouldReturnProperAlarm_WhenArgumentIsEventData" storage="d:\actions-runner\_work\xpco\xpco\mip\platformplugin\videoos.platform\unittest\bin\debug\net472\videoos.platform.tests.dll" id="6faa7eef-7d9f-75d0-2df6-09e7531ab536">
      <Execution id="fd329323-686e-42c0-92d0-3a6d7d326c5d" />
      <TestMethod codeBase="D:\actions-runner\_work\XPCO\XPCO\MIP\PlatformPlugin\VideoOS.Platform\unittest\bin\Debug\net472\VideoOS.Platform.Tests.dll" adapterTypeName="executor://mstestadapter/v2" className="VideoOS.Platform.Tests.Util.AlarmBuilderTests" name="CreateAlarmFromEvent_ShouldReturnProperAlarm_WhenArgumentIsEventData" />
    </UnitTest>
    <UnitTest name="GetBoundingShapesAsync_SingleInvocationPerTime_DelegatedToInternalMethod" storage="d:\actions-runner\_work\xpco\xpco\mip\platformplugin\videoos.platform\unittest\bin\debug\net472\videoos.platform.tests.dll" id="bffd3eb0-f441-4434-c761-838539b2758c">
      <TestCategory>
        <TestCategoryItem TestCategory="Search" />
      </TestCategory>
      <Execution id="23ad94eb-9df9-465b-8a4f-d1281736a306" />
      <TestMethod codeBase="D:\actions-runner\_work\XPCO\XPCO\MIP\PlatformPlugin\VideoOS.Platform\unittest\bin\Debug\net472\VideoOS.Platform.Tests.dll" adapterTypeName="executor://mstestadapter/v2" className="VideoOS.Platform.Tests.Search.SearchResultDataTest" name="GetBoundingShapesAsync_SingleInvocationPerTime_DelegatedToInternalMethod" />
    </UnitTest>
    <UnitTest name="Decrypt_ShouldThrowMIPException_WhenCryptographicServiceProviderIsNotAvailable" storage="d:\actions-runner\_work\xpco\xpco\mip\platformplugin\videoos.platform\unittest\bin\debug\net472\videoos.platform.tests.dll" id="9bb96261-1701-74be-ae73-ef01ff852954">
      <Execution id="c3fa90ad-87d0-4971-bb2e-a9b64810e8bf" />
      <TestMethod codeBase="D:\actions-runner\_work\XPCO\XPCO\MIP\PlatformPlugin\VideoOS.Platform\unittest\bin\Debug\net472\VideoOS.Platform.Tests.dll" adapterTypeName="executor://mstestadapter/v2" className="VideoOS.Platform.Tests.License.NonFipsLicenseCompatibilityHandlerTests" name="Decrypt_ShouldThrowMIPException_WhenCryptographicServiceProviderIsNotAvailable" />
    </UnitTest>
    <UnitTest name="ReadXml_ShouldIgnoreUnknownChildren_WhenAlways" storage="d:\actions-runner\_work\xpco\xpco\mip\platformplugin\videoos.platform\unittest\bin\debug\net472\videoos.platform.tests.dll" id="cc5dfcab-4777-b980-4145-e6c140db897c">
      <Execution id="2240a7e4-5e58-4b6e-9da0-2965f533e60c" />
      <TestMethod codeBase="D:\actions-runner\_work\XPCO\XPCO\MIP\PlatformPlugin\VideoOS.Platform\unittest\bin\Debug\net472\VideoOS.Platform.Tests.dll" adapterTypeName="executor://mstestadapter/v2" className="VideoOS.Platform.Tests.Metadata.BehaviourTests" name="ReadXml_ShouldIgnoreUnknownChildren_WhenAlways" />
    </UnitTest>
    <UnitTest name="CollectionReplaced_ShouldInvokeCallback_WhenObservable" storage="d:\actions-runner\_work\xpco\xpco\mip\platformplugin\videoos.platform\unittest\bin\debug\net472\videoos.platform.tests.dll" id="a9e125d3-70c7-168e-1c81-0d36cf4ad5a1">
      <Execution id="5ee2a386-96e6-416b-b3d1-274dc7eb4f31" />
      <TestMethod codeBase="D:\actions-runner\_work\XPCO\XPCO\MIP\PlatformPlugin\VideoOS.Platform\unittest\bin\Debug\net472\VideoOS.Platform.Tests.dll" adapterTypeName="executor://mstestadapter/v2" className="VideoOS.Platform.Tests.UI.Controls.CollectionHelperTest" name="CollectionReplaced_ShouldInvokeCallback_WhenObservable" />
    </UnitTest>
    <UnitTest name="CreateSearchFilterEditControl_MultiplePluginsSameResultType_LastPluginWins" storage="d:\actions-runner\_work\xpco\xpco\mip\platformplugin\videoos.platform\unittest\bin\debug\net472\videoos.platform.tests.dll" id="6892fbdf-0dab-889b-326a-7904d2b9e728">
      <TestCategory>
        <TestCategoryItem TestCategory="Search" />
      </TestCategory>
      <Execution id="f4d5d942-cbbb-463c-9556-a34d77777578" />
      <TestMethod codeBase="D:\actions-runner\_work\XPCO\XPCO\MIP\PlatformPlugin\VideoOS.Platform\unittest\bin\Debug\net472\VideoOS.Platform.Tests.dll" adapterTypeName="executor://mstestadapter/v2" className="VideoOS.Platform.Tests.Search.SearchUserControlResolverTest" name="CreateSearchFilterEditControl_MultiplePluginsSameResultType_LastPluginWins" />
    </UnitTest>
    <UnitTest name="SearializePlusDeserialize_NestedElement_ShouldResultInSameString" storage="d:\actions-runner\_work\xpco\xpco\mip\platformplugin\videoos.platform\unittest\bin\debug\net472\videoos.platform.tests.dll" id="d218b1ec-f943-b4b5-4c70-d50ae6005d5d">
      <Execution id="6a9130bd-1ee0-46ca-9846-463aaf5d3313" />
      <TestMethod codeBase="D:\actions-runner\_work\XPCO\XPCO\MIP\PlatformPlugin\VideoOS.Platform\unittest\bin\Debug\net472\VideoOS.Platform.Tests.dll" adapterTypeName="executor://mstestadapter/v2" className="VideoOS.Platform.Tests.Proxy.RestApi.JsonObjectTests" name="SearializePlusDeserialize_NestedElement_ShouldResultInSameString" />
    </UnitTest>
    <UnitTest name="WriteXml_ShouldWriteLeftAttribute_WhenAlays" storage="d:\actions-runner\_work\xpco\xpco\mip\platformplugin\videoos.platform\unittest\bin\debug\net472\videoos.platform.tests.dll" id="cc181f70-75e6-81da-b99e-3e2374e3ba03">
      <Execution id="dfa5f7e1-5dfd-445c-9dca-ffbde3ed8587" />
      <TestMethod codeBase="D:\actions-runner\_work\XPCO\XPCO\MIP\PlatformPlugin\VideoOS.Platform\unittest\bin\Debug\net472\VideoOS.Platform.Tests.dll" adapterTypeName="executor://mstestadapter/v2" className="VideoOS.Platform.Tests.Metadata.RectangleTests" name="WriteXml_ShouldWriteLeftAttribute_WhenAlays" />
    </UnitTest>
    <UnitTest name="GenerateDeviceCapabilityParameters_ShouldWriteTypeDisplayName_WhenAlways" storage="d:\actions-runner\_work\xpco\xpco\mip\platformplugin\videoos.platform\unittest\bin\debug\net472\videoos.platform.tests.dll" id="b05d6f18-6593-4fdf-8277-2d819867e350">
      <Execution id="3cec69f8-8515-42f3-add3-120daedab4a4" />
      <TestMethod codeBase="D:\actions-runner\_work\XPCO\XPCO\MIP\PlatformPlugin\VideoOS.Platform\unittest\bin\Debug\net472\VideoOS.Platform.Tests.dll" adapterTypeName="executor://mstestadapter/v2" className="VideoOS.Platform.Tests.Data.MetadataDeviceCapabilityTests" name="GenerateDeviceCapabilityParameters_ShouldWriteTypeDisplayName_WhenAlways" />
    </UnitTest>
    <UnitTest name="ReadXml_ShouldReadOnvifClassContents_WhenClassIsPresent" storage="d:\actions-runner\_work\xpco\xpco\mip\platformplugin\videoos.platform\unittest\bin\debug\net472\videoos.platform.tests.dll" id="0d6a360b-80b2-0c9f-819e-6ddc1b403d2d">
      <Execution id="a3553740-47f6-4b2a-a83c-307b67920839" />
      <TestMethod codeBase="D:\actions-runner\_work\XPCO\XPCO\MIP\PlatformPlugin\VideoOS.Platform\unittest\bin\Debug\net472\VideoOS.Platform.Tests.dll" adapterTypeName="executor://mstestadapter/v2" className="VideoOS.Platform.Tests.Metadata.AppearanceTests" name="ReadXml_ShouldReadOnvifClassContents_WhenClassIsPresent" />
    </UnitTest>
    <UnitTest name="Set_String" storage="d:\actions-runner\_work\xpco\xpco\mip\platformplugin\videoos.platform\unittest\bin\debug\net472\videoos.platform.tests.dll" id="48eac079-0542-ec87-ddd8-945c77d287cd">
      <Execution id="17c13ded-04db-47c5-ad50-d4fa3acaa72e" />
      <TestMethod codeBase="D:\actions-runner\_work\XPCO\XPCO\MIP\PlatformPlugin\VideoOS.Platform\unittest\bin\Debug\net472\VideoOS.Platform.Tests.dll" adapterTypeName="executor://mstestadapter/v2" className="VideoOS.Platform.Tests.Proxy.RestApi.JsonReaderTests" name="Set_String" />
    </UnitTest>
    <UnitTest name="Equals_ShouldHaveValueSemantics_WhenAlways" storage="d:\actions-runner\_work\xpco\xpco\mip\platformplugin\videoos.platform\unittest\bin\debug\net472\videoos.platform.tests.dll" id="6fd6583b-6e84-0268-1f57-5ed2e7f07344">
      <Execution id="57dc3bbc-a6a2-4a68-a26a-b68a0e3e09ba" />
      <TestMethod codeBase="D:\actions-runner\_work\XPCO\XPCO\MIP\PlatformPlugin\VideoOS.Platform\unittest\bin\Debug\net472\VideoOS.Platform.Tests.dll" adapterTypeName="executor://mstestadapter/v2" className="VideoOS.Platform.Tests.Metadata.OnvifClassTests" name="Equals_ShouldHaveValueSemantics_WhenAlways" />
    </UnitTest>
    <UnitTest name="Constructor_ShouldThrowArgumentNullException_WhenItemIsNull" storage="d:\actions-runner\_work\xpco\xpco\mip\platformplugin\videoos.platform\unittest\bin\debug\net472\videoos.platform.tests.dll" id="62bbe3ee-7e4f-b582-4e14-d8ceb77d972c">
      <Execution id="c7a5080a-b4d8-4237-8926-5876c78f8500" />
      <TestMethod codeBase="D:\actions-runner\_work\XPCO\XPCO\MIP\PlatformPlugin\VideoOS.Platform\unittest\bin\Debug\net472\VideoOS.Platform.Tests.dll" adapterTypeName="executor://mstestadapter/v2" className="VideoOS.Platform.Tests.Data.MetadataPlaybackSourceTests" name="Constructor_ShouldThrowArgumentNullException_WhenItemIsNull" />
    </UnitTest>
    <UnitTest name="WriteXml_ShouldWriteAppearanceElement_WhenAppearanceIsNotNull" storage="d:\actions-runner\_work\xpco\xpco\mip\platformplugin\videoos.platform\unittest\bin\debug\net472\videoos.platform.tests.dll" id="b5ae8819-8b54-7370-da1b-0cdd20d995d0">
      <Execution id="dfcc1e5e-e705-46b8-979b-372d03a4e7fd" />
      <TestMethod codeBase="D:\actions-runner\_work\XPCO\XPCO\MIP\PlatformPlugin\VideoOS.Platform\unittest\bin\Debug\net472\VideoOS.Platform.Tests.dll" adapterTypeName="executor://mstestadapter/v2" className="VideoOS.Platform.Tests.Metadata.OnvifObjectTests" name="WriteXml_ShouldWriteAppearanceElement_WhenAppearanceIsNotNull" />
    </UnitTest>
    <UnitTest name="Append_PropertyKey_Value_Parted" storage="d:\actions-runner\_work\xpco\xpco\mip\platformplugin\videoos.platform\unittest\bin\debug\net472\videoos.platform.tests.dll" id="d1e0da8d-6305-778c-2487-62302266275e">
      <Execution id="cabb700e-538f-4669-ae4b-8b4b82b34a4e" />
      <TestMethod codeBase="D:\actions-runner\_work\XPCO\XPCO\MIP\PlatformPlugin\VideoOS.Platform\unittest\bin\Debug\net472\VideoOS.Platform.Tests.dll" adapterTypeName="executor://mstestadapter/v2" className="VideoOS.Platform.Tests.Proxy.RestApi.JsonBuilderTests" name="Append_PropertyKey_Value_Parted" />
    </UnitTest>
    <UnitTest name="SHA256Hex64_ShouldThrowArgumentNullException_WhenInputIsNull" storage="d:\actions-runner\_work\xpco\xpco\mip\platformplugin\videoos.platform\unittest\bin\debug\net472\videoos.platform.tests.dll" id="e07ed0b5-2e0a-976d-3f75-19c16e3edd02">
      <Execution id="2f01f654-cdec-45a1-8c57-385fc9cd97e0" />
      <TestMethod codeBase="D:\actions-runner\_work\XPCO\XPCO\MIP\PlatformPlugin\VideoOS.Platform\unittest\bin\Debug\net472\VideoOS.Platform.Tests.dll" adapterTypeName="executor://mstestadapter/v2" className="VideoOS.Platform.Tests.Data.MediaProviderInternal.UtilityTests" name="SHA256Hex64_ShouldThrowArgumentNullException_WhenInputIsNull" />
    </UnitTest>
    <UnitTest name="GetMetadataObjectIdsAsync_SingleInvocation_DelegatedToInternalMethod" storage="d:\actions-runner\_work\xpco\xpco\mip\platformplugin\videoos.platform\unittest\bin\debug\net472\videoos.platform.tests.dll" id="ecf74651-4fc2-6bc3-0181-d2278e0bfbfa">
      <TestCategory>
        <TestCategoryItem TestCategory="Search" />
      </TestCategory>
      <Execution id="419fca53-aec8-44be-ab44-d8b35d9211cd" />
      <TestMethod codeBase="D:\actions-runner\_work\XPCO\XPCO\MIP\PlatformPlugin\VideoOS.Platform\unittest\bin\Debug\net472\VideoOS.Platform.Tests.dll" adapterTypeName="executor://mstestadapter/v2" className="VideoOS.Platform.Tests.Search.SearchResultDataTest" name="GetMetadataObjectIdsAsync_SingleInvocation_DelegatedToInternalMethod" />
    </UnitTest>
    <UnitTest name="IsEmptyValue_DoubleRangeFilterValue_MinValueAboveMinimum_ReturnsFalse" storage="d:\actions-runner\_work\xpco\xpco\mip\platformplugin\videoos.platform\unittest\bin\debug\net472\videoos.platform.tests.dll" id="eff4462f-0b3b-bad0-f3bc-88c9334e4c4b">
      <TestCategory>
        <TestCategoryItem TestCategory="Search" />
      </TestCategory>
      <Execution id="9fcf1556-a11d-44c0-b454-63eda2e4df1e" />
      <TestMethod codeBase="D:\actions-runner\_work\XPCO\XPCO\MIP\PlatformPlugin\VideoOS.Platform\unittest\bin\Debug\net472\VideoOS.Platform.Tests.dll" adapterTypeName="executor://mstestadapter/v2" className="VideoOS.Platform.Tests.Search.SearchFilterTest" name="IsEmptyValue_DoubleRangeFilterValue_MinValueAboveMinimum_ReturnsFalse" />
    </UnitTest>
    <UnitTest name="Decrypt_ShouldReturnInputAsIs" storage="d:\actions-runner\_work\xpco\xpco\mip\platformplugin\videoos.platform\unittest\bin\debug\net472\videoos.platform.tests.dll" id="e060b440-f3f0-8ff1-976f-fddc5cc26f62">
      <Execution id="7a6565c6-16d1-4cc5-b254-04933ffe0a59" />
      <TestMethod codeBase="D:\actions-runner\_work\XPCO\XPCO\MIP\PlatformPlugin\VideoOS.Platform\unittest\bin\Debug\net472\VideoOS.Platform.Tests.dll" adapterTypeName="executor://mstestadapter/v2" className="VideoOS.Platform.Tests.License.LicenseCompatibilityHandlerTests" name="Decrypt_ShouldReturnInputAsIs" />
    </UnitTest>
    <UnitTest name="ReadXml_ShouldReadColorAttribute_WhenPresent" storage="d:\actions-runner\_work\xpco\xpco\mip\platformplugin\videoos.platform\unittest\bin\debug\net472\videoos.platform.tests.dll" id="044b544f-c581-0c62-7f52-eaa9bd1b769a">
      <Execution id="4ca38f56-4b5c-4d61-9088-952e752b7807" />
      <TestMethod codeBase="D:\actions-runner\_work\XPCO\XPCO\MIP\PlatformPlugin\VideoOS.Platform\unittest\bin\Debug\net472\VideoOS.Platform.Tests.dll" adapterTypeName="executor://mstestadapter/v2" className="VideoOS.Platform.Tests.Metadata.DisplayTextTests" name="ReadXml_ShouldReadColorAttribute_WhenPresent" />
    </UnitTest>
    <UnitTest name="RemovePredicate_KeyPresent_RemovedFromCacheAndGetReturnsNull" storage="d:\actions-runner\_work\xpco\xpco\mip\platformplugin\videoos.platform\unittest\bin\debug\net472\videoos.platform.tests.dll" id="583ac39a-cd2a-cc9b-7143-e3a644d6c3bd">
      <Execution id="0eaf2fa3-fd6f-4e5d-b41b-a70e4e8c46ee" />
      <TestMethod codeBase="D:\actions-runner\_work\XPCO\XPCO\MIP\PlatformPlugin\VideoOS.Platform\unittest\bin\Debug\net472\VideoOS.Platform.Tests.dll" adapterTypeName="executor://mstestadapter/v2" className="VideoOS.Platform.Tests.Util.Queue.LRUCacheTests" name="RemovePredicate_KeyPresent_RemovedFromCacheAndGetReturnsNull" />
    </UnitTest>
    <UnitTest name="MD5Hex32_ShouldReturnMD5Hash_WhenInputIsEmpty" storage="d:\actions-runner\_work\xpco\xpco\mip\platformplugin\videoos.platform\unittest\bin\debug\net472\videoos.platform.tests.dll" id="3c77e52b-5dd8-dbae-4bf5-a2756b09e775">
      <Execution id="0b018ff4-94f5-4aed-b8af-44ba557fbffe" />
      <TestMethod codeBase="D:\actions-runner\_work\XPCO\XPCO\MIP\PlatformPlugin\VideoOS.Platform\unittest\bin\Debug\net472\VideoOS.Platform.Tests.dll" adapterTypeName="executor://mstestadapter/v2" className="VideoOS.Platform.Tests.Data.MediaProviderInternal.UtilityTests" name="MD5Hex32_ShouldReturnMD5Hash_WhenInputIsEmpty" />
    </UnitTest>
    <UnitTest name="MatchId_Success_MessageWithAsteriskATEnd" storage="d:\actions-runner\_work\xpco\xpco\mip\platformplugin\videoos.platform\unittest\bin\debug\net472\videoos.platform.tests.dll" id="0209b421-7614-162d-e45d-48fbd126c964">
      <Execution id="bda013a4-2e6b-49a7-9ef1-e1cf00604f71" />
      <TestMethod codeBase="D:\actions-runner\_work\XPCO\XPCO\MIP\PlatformPlugin\VideoOS.Platform\unittest\bin\Debug\net472\VideoOS.Platform.Tests.dll" adapterTypeName="executor://mstestadapter/v2" className="VideoOS.Platform.Tests.Messaging.CommunicationIdFilterTests" name="MatchId_Success_MessageWithAsteriskATEnd" />
    </UnitTest>
    <UnitTest name="Serialize_TestCases (TestParentTypeMatchObjectThisTypeMatchedProperty)" storage="d:\actions-runner\_work\xpco\xpco\mip\platformplugin\videoos.platform\unittest\bin\debug\net472\videoos.platform.tests.dll" id="65073782-d14b-7acc-ac1b-4140ad46eef8">
      <Execution id="8362770b-ab84-4add-a769-6926a6dbe908" />
      <TestMethod codeBase="D:\actions-runner\_work\XPCO\XPCO\MIP\PlatformPlugin\VideoOS.Platform\unittest\bin\Debug\net472\VideoOS.Platform.Tests.dll" adapterTypeName="executor://mstestadapter/v2" className="VideoOS.Platform.Tests.UI.Controls.Automation.Serialization.AutomationObjectSerializerTest" name="Serialize_TestCases" />
    </UnitTest>
    <UnitTest name="Match_Success_SystemType" storage="d:\actions-runner\_work\xpco\xpco\mip\platformplugin\videoos.platform\unittest\bin\debug\net472\videoos.platform.tests.dll" id="16f93673-833f-5604-541b-fd1cb5d08ba8">
      <Execution id="af479386-d5e6-4e24-80fb-0b86b200d42b" />
      <TestMethod codeBase="D:\actions-runner\_work\XPCO\XPCO\MIP\PlatformPlugin\VideoOS.Platform\unittest\bin\Debug\net472\VideoOS.Platform.Tests.dll" adapterTypeName="executor://mstestadapter/v2" className="VideoOS.Platform.Tests.Messaging.CommunicationIdFilterTests" name="Match_Success_SystemType" />
    </UnitTest>
    <UnitTest name="GetAtOrBefore_ShouldReturnNull_WhenTimestampIsAfterLastElement" storage="d:\actions-runner\_work\xpco\xpco\mip\platformplugin\videoos.platform\unittest\bin\debug\net472\videoos.platform.tests.dll" id="1e592ef1-e1bf-3981-b2eb-87e514325b77">
      <Execution id="b4b27103-9499-4cd4-a36d-bf3a85613c59" />
      <TestMethod codeBase="D:\actions-runner\_work\XPCO\XPCO\MIP\PlatformPlugin\VideoOS.Platform\unittest\bin\Debug\net472\VideoOS.Platform.Tests.dll" adapterTypeName="executor://mstestadapter/v2" className="VideoOS.Platform.Tests.Data.MetadataCacheTests" name="GetAtOrBefore_ShouldReturnNull_WhenTimestampIsAfterLastElement" />
    </UnitTest>
    <UnitTest name="FindCacheEntryBefore_ShuldReturnNull_WhenTheCacheIsEmpty" storage="d:\actions-runner\_work\xpco\xpco\mip\platformplugin\videoos.platform\unittest\bin\debug\net472\videoos.platform.tests.dll" id="4fd7ef13-73a5-f651-dedc-2514dfae7f93">
      <Execution id="4d340979-079f-4401-9ee5-198596615a4c" />
      <TestMethod codeBase="D:\actions-runner\_work\XPCO\XPCO\MIP\PlatformPlugin\VideoOS.Platform\unittest\bin\Debug\net472\VideoOS.Platform.Tests.dll" adapterTypeName="executor://mstestadapter/v2" className="VideoOS.Platform.Tests.Data.MetadataCacheTests" name="FindCacheEntryBefore_ShuldReturnNull_WhenTheCacheIsEmpty" />
    </UnitTest>
    <UnitTest name="GenerateParameters_ShouldWriteNumberOfCameraDevicesAsNumVideoCh_WhenAlways" storage="d:\actions-runner\_work\xpco\xpco\mip\platformplugin\videoos.platform\unittest\bin\debug\net472\videoos.platform.tests.dll" id="cc8e9b7e-62a1-d82e-3e31-af5cf935c88a">
      <Execution id="10b25018-ab95-4cba-9be1-95e638d675fa" />
      <TestMethod codeBase="D:\actions-runner\_work\XPCO\XPCO\MIP\PlatformPlugin\VideoOS.Platform\unittest\bin\Debug\net472\VideoOS.Platform.Tests.dll" adapterTypeName="executor://mstestadapter/v2" className="VideoOS.Platform.Tests.Data.HardwareDefinitionTests" name="GenerateParameters_ShouldWriteNumberOfCameraDevicesAsNumVideoCh_WhenAlways" />
    </UnitTest>
    <UnitTest name="ConstructorInt_ShouldReturnCorrectArgbValues_Always" storage="d:\actions-runner\_work\xpco\xpco\mip\platformplugin\videoos.platform\unittest\bin\debug\net472\videoos.platform.tests.dll" id="256352cb-a01d-67ee-0151-ab9132f46725">
      <Execution id="a88f2730-369b-4bb2-8440-c42fb4eedaab" />
      <TestMethod codeBase="D:\actions-runner\_work\XPCO\XPCO\MIP\PlatformPlugin\VideoOS.Platform\unittest\bin\Debug\net472\VideoOS.Platform.Tests.dll" adapterTypeName="executor://mstestadapter/v2" className="VideoOS.Platform.Tests.Metadata.DisplayColorTests" name="ConstructorInt_ShouldReturnCorrectArgbValues_Always" />
    </UnitTest>
    <UnitTest name="Add_ShouldReplaceLastElement_WhenStartTimeOfLastIsSameAsAdded" storage="d:\actions-runner\_work\xpco\xpco\mip\platformplugin\videoos.platform\unittest\bin\debug\net472\videoos.platform.tests.dll" id="c3bd77bb-39a3-4c51-ccee-0dc4af1425a6">
      <Execution id="19802fb6-0a8e-44bf-bb57-0dd40aff9338" />
      <TestMethod codeBase="D:\actions-runner\_work\XPCO\XPCO\MIP\PlatformPlugin\VideoOS.Platform\unittest\bin\Debug\net472\VideoOS.Platform.Tests.dll" adapterTypeName="executor://mstestadapter/v2" className="VideoOS.Platform.Tests.Client.SequenceCacheTests" name="Add_ShouldReplaceLastElement_WhenStartTimeOfLastIsSameAsAdded" />
    </UnitTest>
    <UnitTest name="ReadXml_ShouldReadNavigationalData_WhenNavigationalDataIsPresent" storage="d:\actions-runner\_work\xpco\xpco\mip\platformplugin\videoos.platform\unittest\bin\debug\net472\videoos.platform.tests.dll" id="f5086738-fff1-9285-cf60-e3b17196cf32">
      <Execution id="c017f3f4-05b3-414c-a06b-93c2b2d3b5f6" />
      <TestMethod codeBase="D:\actions-runner\_work\XPCO\XPCO\MIP\PlatformPlugin\VideoOS.Platform\unittest\bin\Debug\net472\VideoOS.Platform.Tests.dll" adapterTypeName="executor://mstestadapter/v2" className="VideoOS.Platform.Tests.Metadata.MetadataStreamTests" name="ReadXml_ShouldReadNavigationalData_WhenNavigationalDataIsPresent" />
    </UnitTest>
    <UnitTest name="Append_Element_Null" storage="d:\actions-runner\_work\xpco\xpco\mip\platformplugin\videoos.platform\unittest\bin\debug\net472\videoos.platform.tests.dll" id="ea812c4e-499f-c48f-48ec-0c8b2f821c14">
      <Execution id="ab232baf-5c2d-447f-a40f-c8f9a48d9946" />
      <TestMethod codeBase="D:\actions-runner\_work\XPCO\XPCO\MIP\PlatformPlugin\VideoOS.Platform\unittest\bin\Debug\net472\VideoOS.Platform.Tests.dll" adapterTypeName="executor://mstestadapter/v2" className="VideoOS.Platform.Tests.Proxy.RestApi.JsonBuilderTests" name="Append_Element_Null" />
    </UnitTest>
    <UnitTest name="ProvideValue_ShouldNotSetTargetProperty_WhenSelectedItemIsNotSet" storage="d:\actions-runner\_work\xpco\xpco\mip\platformplugin\videoos.platform\unittest\bin\debug\net472\videoos.platform.tests.dll" id="480bc1d4-3034-9948-bf19-a924b6ce5c64">
      <TestCategory>
        <TestCategoryItem TestCategory="DropDowns" />
      </TestCategory>
      <Execution id="fd1eeb88-c16d-4b09-b724-c959326db7ae" />
      <TestMethod codeBase="D:\actions-runner\_work\XPCO\XPCO\MIP\PlatformPlugin\VideoOS.Platform\unittest\bin\Debug\net472\VideoOS.Platform.Tests.dll" adapterTypeName="executor://mstestadapter/v2" className="VideoOS.Platform.Tests.UI.Controls.DropDowns.Internal.SelectedItemIconSourceExtensionTest" name="ProvideValue_ShouldNotSetTargetProperty_WhenSelectedItemIsNotSet" />
    </UnitTest>
    <UnitTest name="Serialize_TestCases (TestParentTypeMatchDecimalNotThisTypeNotMatched)" storage="d:\actions-runner\_work\xpco\xpco\mip\platformplugin\videoos.platform\unittest\bin\debug\net472\videoos.platform.tests.dll" id="3d16cbad-c2c8-7173-4e8d-8cb40ee97619">
      <Execution id="463ce9f7-4dfc-40a0-9df3-7107ee14726d" />
      <TestMethod codeBase="D:\actions-runner\_work\XPCO\XPCO\MIP\PlatformPlugin\VideoOS.Platform\unittest\bin\Debug\net472\VideoOS.Platform.Tests.dll" adapterTypeName="executor://mstestadapter/v2" className="VideoOS.Platform.Tests.UI.Controls.Automation.Serialization.AutomationObjectSerializerTest" name="Serialize_TestCases" />
    </UnitTest>
    <UnitTest name="Append_Property_Path_WithoutValue" storage="d:\actions-runner\_work\xpco\xpco\mip\platformplugin\videoos.platform\unittest\bin\debug\net472\videoos.platform.tests.dll" id="dc1fd292-e174-668d-7833-c1854255d61a">
      <Execution id="5f3abbc7-1222-4473-bfb1-6bc63eeeb3e1" />
      <TestMethod codeBase="D:\actions-runner\_work\XPCO\XPCO\MIP\PlatformPlugin\VideoOS.Platform\unittest\bin\Debug\net472\VideoOS.Platform.Tests.dll" adapterTypeName="executor://mstestadapter/v2" className="VideoOS.Platform.Tests.Proxy.RestApi.JsonBuilderTests" name="Append_Property_Path_WithoutValue" />
    </UnitTest>
    <UnitTest name="Add_SameKeyTwice_PreviousValueOverwritten" storage="d:\actions-runner\_work\xpco\xpco\mip\platformplugin\videoos.platform\unittest\bin\debug\net472\videoos.platform.tests.dll" id="88133fd3-9167-6134-2a3f-9488dba78659">
      <Execution id="3df774fd-a826-4199-ad2e-79c4a030ccce" />
      <TestMethod codeBase="D:\actions-runner\_work\XPCO\XPCO\MIP\PlatformPlugin\VideoOS.Platform\unittest\bin\Debug\net472\VideoOS.Platform.Tests.dll" adapterTypeName="executor://mstestadapter/v2" className="VideoOS.Platform.Tests.Util.Queue.LRUCacheTests" name="Add_SameKeyTwice_PreviousValueOverwritten" />
    </UnitTest>
    <UnitTest name="ReadAppearanceExtensionXml_ShouldReadAllExtensions_WhenAllArePresent" storage="d:\actions-runner\_work\xpco\xpco\mip\platformplugin\videoos.platform\unittest\bin\debug\net472\videoos.platform.tests.dll" id="8b195963-a10c-3838-31ba-4f1e91ab5dfb">
      <Execution id="0175222b-b29e-40f1-8a84-952a8e88bbd9" />
      <TestMethod codeBase="D:\actions-runner\_work\XPCO\XPCO\MIP\PlatformPlugin\VideoOS.Platform\unittest\bin\Debug\net472\VideoOS.Platform.Tests.dll" adapterTypeName="executor://mstestadapter/v2" className="VideoOS.Platform.Tests.Metadata.RectangleTests" name="ReadAppearanceExtensionXml_ShouldReadAllExtensions_WhenAllArePresent" />
    </UnitTest>
    <UnitTest name="ReadXml_ShouldLogWarningOnlyOnceWithinOneMinute_WhenRequiredAttributeIsMissing" storage="d:\actions-runner\_work\xpco\xpco\mip\platformplugin\videoos.platform\unittest\bin\debug\net472\videoos.platform.tests.dll" id="03478619-c09b-a567-26eb-276c25d533f6">
      <Execution id="725fae4c-630a-445c-aa5f-7275b4198324" />
      <TestMethod codeBase="D:\actions-runner\_work\XPCO\XPCO\MIP\PlatformPlugin\VideoOS.Platform\unittest\bin\Debug\net472\VideoOS.Platform.Tests.dll" adapterTypeName="executor://mstestadapter/v2" className="VideoOS.Platform.Tests.Metadata.VectorTests" name="ReadXml_ShouldLogWarningOnlyOnceWithinOneMinute_WhenRequiredAttributeIsMissing" />
    </UnitTest>
    <UnitTest name="GetGenderFilterValues_NullCriteria_Throws" storage="d:\actions-runner\_work\xpco\xpco\mip\platformplugin\videoos.platform\unittest\bin\debug\net472\videoos.platform.tests.dll" id="060935d9-41c9-9631-b038-7843722743ca">
      <TestCategory>
        <TestCategoryItem TestCategory="Search" />
      </TestCategory>
      <Execution id="f74b490b-410e-4ee2-bb0c-33d3102fed5f" />
      <TestMethod codeBase="D:\actions-runner\_work\XPCO\XPCO\MIP\PlatformPlugin\VideoOS.Platform\unittest\bin\Debug\net472\VideoOS.Platform.Tests.dll" adapterTypeName="executor://mstestadapter/v2" className="VideoOS.Platform.Tests.Search.FilterCategories.PersonSearchFilterCategoryTest" name="GetGenderFilterValues_NullCriteria_Throws" />
    </UnitTest>
    <UnitTest name="Serialize_TestCases (TestParentCollectionNotEmptyArrayProperty)" storage="d:\actions-runner\_work\xpco\xpco\mip\platformplugin\videoos.platform\unittest\bin\debug\net472\videoos.platform.tests.dll" id="9693c595-8da3-c963-0be7-6c2fb9b59c4d">
      <Execution id="563eebd4-f00b-49dd-a184-3e91aac16972" />
      <TestMethod codeBase="D:\actions-runner\_work\XPCO\XPCO\MIP\PlatformPlugin\VideoOS.Platform\unittest\bin\Debug\net472\VideoOS.Platform.Tests.dll" adapterTypeName="executor://mstestadapter/v2" className="VideoOS.Platform.Tests.UI.Controls.Automation.Serialization.AutomationObjectSerializerTest" name="Serialize_TestCases" />
    </UnitTest>
    <UnitTest name="Init_ShouldDisconnectImageExporter_OnSecondInit" storage="d:\actions-runner\_work\xpco\xpco\mip\platformplugin\videoos.platform\unittest\bin\debug\net472\videoos.platform.tests.dll" id="f078252f-e622-661e-c5dc-189c04c6d312">
      <Execution id="fb66e1b7-5618-420b-b9e5-919f95e1c08f" />
      <TestMethod codeBase="D:\actions-runner\_work\XPCO\XPCO\MIP\PlatformPlugin\VideoOS.Platform\unittest\bin\Debug\net472\VideoOS.Platform.Tests.dll" adapterTypeName="executor://mstestadapter/v2" className="VideoOS.Platform.Tests.Data.MetadataPlaybackSourceTests" name="Init_ShouldDisconnectImageExporter_OnSecondInit" />
    </UnitTest>
    <UnitTest name="CountByItems_NotActivated_Empty" storage="d:\actions-runner\_work\xpco\xpco\mip\platformplugin\videoos.platform\unittest\bin\debug\net472\videoos.platform.tests.dll" id="e20a2443-63de-0ab9-fc1f-4a1cb2289ef1">
      <Execution id="403cbf38-44a6-4597-b346-d10f19d02b4a" />
      <TestMethod codeBase="D:\actions-runner\_work\XPCO\XPCO\MIP\PlatformPlugin\VideoOS.Platform\unittest\bin\Debug\net472\VideoOS.Platform.Tests.dll" adapterTypeName="executor://mstestadapter/v2" className="VideoOS.Platform.Tests.License.ResolvedLicenseCountTest" name="CountByItems_NotActivated_Empty" />
    </UnitTest>
    <UnitTest name="RemoveFilterValue_UnknownFilter_DoesNothing" storage="d:\actions-runner\_work\xpco\xpco\mip\platformplugin\videoos.platform\unittest\bin\debug\net472\videoos.platform.tests.dll" id="b0ea56fc-56fe-34ff-f18f-05cf3640650e">
      <TestCategory>
        <TestCategoryItem TestCategory="Search" />
      </TestCategory>
      <Execution id="0b9878de-f617-4864-a91b-0f4c321ce6d3" />
      <TestMethod codeBase="D:\actions-runner\_work\XPCO\XPCO\MIP\PlatformPlugin\VideoOS.Platform\unittest\bin\Debug\net472\VideoOS.Platform.Tests.dll" adapterTypeName="executor://mstestadapter/v2" className="VideoOS.Platform.Tests.Search.SearchCriteriaTest" name="RemoveFilterValue_UnknownFilter_DoesNothing" />
    </UnitTest>
    <UnitTest name="SearchResultData_EndTime_Success" storage="d:\actions-runner\_work\xpco\xpco\mip\platformplugin\videoos.platform\unittest\bin\debug\net472\videoos.platform.tests.dll" id="392352ae-d647-e68a-124a-33d5232e7f11">
      <TestCategory>
        <TestCategoryItem TestCategory="Search" />
      </TestCategory>
      <Execution id="17924a03-cfbf-4f27-aa02-3395504da9ce" />
      <TestMethod codeBase="D:\actions-runner\_work\XPCO\XPCO\MIP\PlatformPlugin\VideoOS.Platform\unittest\bin\Debug\net472\VideoOS.Platform.Tests.dll" adapterTypeName="executor://mstestadapter/v2" className="VideoOS.Platform.Tests.Search.SearchResultDataTest" name="SearchResultData_EndTime_Success" />
    </UnitTest>
    <UnitTest name="GetItem_ShouldReturnNull_WhenNotFound" storage="d:\actions-runner\_work\xpco\xpco\mip\platformplugin\videoos.platform\unittest\bin\debug\net472\videoos.platform.tests.dll" id="541af543-8f89-e2a2-51fc-7ea5fad4d84e">
      <Execution id="af03a19b-98b4-4ee8-a5c2-c56af077d32c" />
      <TestMethod codeBase="D:\actions-runner\_work\XPCO\XPCO\MIP\PlatformPlugin\VideoOS.Platform\unittest\bin\Debug\net472\VideoOS.Platform.Tests.dll" adapterTypeName="executor://mstestadapter/v2" className="VideoOS.Platform.Tests.Util.ConfigurationCacheTests" name="GetItem_ShouldReturnNull_WhenNotFound" />
    </UnitTest>
    <UnitTest name="GenerateTypeDefinintionParameters_ShouldWriteDisplayName_WhenAlways" storage="d:\actions-runner\_work\xpco\xpco\mip\platformplugin\videoos.platform\unittest\bin\debug\net472\videoos.platform.tests.dll" id="5d8dd47c-bb32-a5ba-6e88-b185a7bd9c07">
      <Execution id="ef5b0da3-9a6d-4acc-bc24-46fbefe88020" />
      <TestMethod codeBase="D:\actions-runner\_work\XPCO\XPCO\MIP\PlatformPlugin\VideoOS.Platform\unittest\bin\Debug\net472\VideoOS.Platform.Tests.dll" adapterTypeName="executor://mstestadapter/v2" className="VideoOS.Platform.Tests.Data.MetadataTypeDefinitionTests" name="GenerateTypeDefinintionParameters_ShouldWriteDisplayName_WhenAlways" />
    </UnitTest>
    <UnitTest name="TestMultiLevelQueue_ShuttingDownResourceProcessorEdgeCase_Success" storage="d:\actions-runner\_work\xpco\xpco\mip\platformplugin\videoos.platform\unittest\bin\debug\net472\videoos.platform.tests.dll" id="88c7ce2e-851c-95ac-24f9-c8ee7cf94eac">
      <Execution id="90715f66-d0f8-4d4f-8a27-a4243a565030" />
      <TestMethod codeBase="D:\actions-runner\_work\XPCO\XPCO\MIP\PlatformPlugin\VideoOS.Platform\unittest\bin\Debug\net472\VideoOS.Platform.Tests.dll" adapterTypeName="executor://mstestadapter/v2" className="VideoOS.Platform.Tests.Util.Queue.MultiLevelResourceQueueTests" name="TestMultiLevelQueue_ShuttingDownResourceProcessorEdgeCase_Success" />
    </UnitTest>
    <UnitTest name="FallbackDisplayValue_NotSet_ReturnsNull" storage="d:\actions-runner\_work\xpco\xpco\mip\platformplugin\videoos.platform\unittest\bin\debug\net472\videoos.platform.tests.dll" id="c17413ea-faf7-b84c-6a91-46a90eb83f24">
      <TestCategory>
        <TestCategoryItem TestCategory="Search" />
      </TestCategory>
      <Execution id="591c0d07-c9d1-455b-91e5-e0e671414447" />
      <TestMethod codeBase="D:\actions-runner\_work\XPCO\XPCO\MIP\PlatformPlugin\VideoOS.Platform\unittest\bin\Debug\net472\VideoOS.Platform.Tests.dll" adapterTypeName="executor://mstestadapter/v2" className="VideoOS.Platform.Tests.Search.MultipleSelectionFilterValueTest" name="FallbackDisplayValue_NotSet_ReturnsNull" />
    </UnitTest>
    <UnitTest name="Add_ShouldInvokeCallback_WhenObservable" storage="d:\actions-runner\_work\xpco\xpco\mip\platformplugin\videoos.platform\unittest\bin\debug\net472\videoos.platform.tests.dll" id="d6559df8-87d0-bb20-8032-f0a4e10719d7">
      <Execution id="d2dc902b-ab11-4ef8-8f86-f32360eae973" />
      <TestMethod codeBase="D:\actions-runner\_work\XPCO\XPCO\MIP\PlatformPlugin\VideoOS.Platform\unittest\bin\Debug\net472\VideoOS.Platform.Tests.dll" adapterTypeName="executor://mstestadapter/v2" className="VideoOS.Platform.Tests.UI.Controls.CollectionHelperTest" name="Add_ShouldInvokeCallback_WhenObservable" />
    </UnitTest>
    <UnitTest name="Serialize_TestCases (Verify root Collection (empty) property)" storage="d:\actions-runner\_work\xpco\xpco\mip\platformplugin\videoos.platform\unittest\bin\debug\net472\videoos.platform.tests.dll" id="9290011a-534c-d8ac-8fa0-ea6c058c4ca6">
      <Execution id="45213ef1-5c53-499c-b994-cc8b838c8843" />
      <TestMethod codeBase="D:\actions-runner\_work\XPCO\XPCO\MIP\PlatformPlugin\VideoOS.Platform\unittest\bin\Debug\net472\VideoOS.Platform.Tests.dll" adapterTypeName="executor://mstestadapter/v2" className="VideoOS.Platform.Tests.UI.Controls.Automation.Serialization.AutomationObjectSerializerTest" name="Serialize_TestCases" />
    </UnitTest>
    <UnitTest name="ReadXml_ShouldIgnoreUnknownAttributes_WhenAlways" storage="d:\actions-runner\_work\xpco\xpco\mip\platformplugin\videoos.platform\unittest\bin\debug\net472\videoos.platform.tests.dll" id="72c3e934-5f4f-f3fc-d049-02010e141373">
      <Execution id="e6ae2a69-5f92-4556-ae71-ed51e83af2bc" />
      <TestMethod codeBase="D:\actions-runner\_work\XPCO\XPCO\MIP\PlatformPlugin\VideoOS.Platform\unittest\bin\Debug\net472\VideoOS.Platform.Tests.dll" adapterTypeName="executor://mstestadapter/v2" className="VideoOS.Platform.Tests.Metadata.DisplayTextTests" name="ReadXml_ShouldIgnoreUnknownAttributes_WhenAlways" />
    </UnitTest>
    <UnitTest name="ReadXml_ShouldLogWarningOnlyOnceWithinOneMinute_WhenIncompleteScaleIsPresent" storage="d:\actions-runner\_work\xpco\xpco\mip\platformplugin\videoos.platform\unittest\bin\debug\net472\videoos.platform.tests.dll" id="6df640a9-0a50-74d8-fe7f-d3add40b9424">
      <Execution id="d70c1c22-b124-49ab-9601-9bbb6a59687d" />
      <TestMethod codeBase="D:\actions-runner\_work\XPCO\XPCO\MIP\PlatformPlugin\VideoOS.Platform\unittest\bin\Debug\net472\VideoOS.Platform.Tests.dll" adapterTypeName="executor://mstestadapter/v2" className="VideoOS.Platform.Tests.Metadata.TransformationTests" name="ReadXml_ShouldLogWarningOnlyOnceWithinOneMinute_WhenIncompleteScaleIsPresent" />
    </UnitTest>
    <UnitTest name="GetBoundingShapesAsync_SingleInvocation_DelegatedToInternalMethod" storage="d:\actions-runner\_work\xpco\xpco\mip\platformplugin\videoos.platform\unittest\bin\debug\net472\videoos.platform.tests.dll" id="7b3048fa-a67c-dc66-afa0-4a605a32dbf4">
      <TestCategory>
        <TestCategoryItem TestCategory="Search" />
      </TestCategory>
      <Execution id="501f8f88-fd8d-46ab-b109-81893fa6f40e" />
      <TestMethod codeBase="D:\actions-runner\_work\XPCO\XPCO\MIP\PlatformPlugin\VideoOS.Platform\unittest\bin\Debug\net472\VideoOS.Platform.Tests.dll" adapterTypeName="executor://mstestadapter/v2" className="VideoOS.Platform.Tests.Search.SearchResultDataTest" name="GetBoundingShapesAsync_SingleInvocation_DelegatedToInternalMethod" />
    </UnitTest>
    <UnitTest name="Serialize_TestCases (TestParentRecursiveOneRecursiveElement)" storage="d:\actions-runner\_work\xpco\xpco\mip\platformplugin\videoos.platform\unittest\bin\debug\net472\videoos.platform.tests.dll" id="13e67f6f-df88-6d65-dacc-14d2a9f8ddd4">
      <Execution id="fe71adf9-a41a-4362-b054-caf14e8f3388" />
      <TestMethod codeBase="D:\actions-runner\_work\XPCO\XPCO\MIP\PlatformPlugin\VideoOS.Platform\unittest\bin\Debug\net472\VideoOS.Platform.Tests.dll" adapterTypeName="executor://mstestadapter/v2" className="VideoOS.Platform.Tests.UI.Controls.Automation.Serialization.AutomationObjectSerializerTest" name="Serialize_TestCases" />
    </UnitTest>
    <UnitTest name="PropertiesShouldReturnConstructorParameter" storage="d:\actions-runner\_work\xpco\xpco\mip\platformplugin\videoos.platform\unittest\bin\debug\net472\videoos.platform.tests.dll" id="3d5f10ab-1224-9509-ef72-ffed425cc301">
      <Execution id="a059a27a-45ec-41a5-95ee-c901eea2a170" />
      <TestMethod codeBase="D:\actions-runner\_work\XPCO\XPCO\MIP\PlatformPlugin\VideoOS.Platform\unittest\bin\Debug\net472\VideoOS.Platform.Tests.dll" adapterTypeName="executor://mstestadapter/v2" className="VideoOS.Platform.Tests.Live.MetadataLiveContentTests" name="PropertiesShouldReturnConstructorParameter" />
    </UnitTest>
    <UnitTest name="GetNearest_ShouldReturnFirstElementFromToolkitResponse_WhenTimestampIsBeforeFirstElementInResponse" storage="d:\actions-runner\_work\xpco\xpco\mip\platformplugin\videoos.platform\unittest\bin\debug\net472\videoos.platform.tests.dll" id="7727673d-f909-602e-c023-298e3154bee0">
      <Execution id="a262dd7b-bf7d-4991-bbba-4db0e8a7e167" />
      <TestMethod codeBase="D:\actions-runner\_work\XPCO\XPCO\MIP\PlatformPlugin\VideoOS.Platform\unittest\bin\Debug\net472\VideoOS.Platform.Tests.dll" adapterTypeName="executor://mstestadapter/v2" className="VideoOS.Platform.Tests.Data.MetadataPlaybackSourceTests" name="GetNearest_ShouldReturnFirstElementFromToolkitResponse_WhenTimestampIsBeforeFirstElementInResponse" />
    </UnitTest>
    <UnitTest name="CountByCounter_Activated_Trial_Missing" storage="d:\actions-runner\_work\xpco\xpco\mip\platformplugin\videoos.platform\unittest\bin\debug\net472\videoos.platform.tests.dll" id="c05a4d86-1b95-1726-01bd-7b1791261baa">
      <Execution id="8663b2b6-0afa-4424-91ff-09e2639583b0" />
      <TestMethod codeBase="D:\actions-runner\_work\XPCO\XPCO\MIP\PlatformPlugin\VideoOS.Platform\unittest\bin\Debug\net472\VideoOS.Platform.Tests.dll" adapterTypeName="executor://mstestadapter/v2" className="VideoOS.Platform.Tests.License.ResolvedLicenseCountTest" name="CountByCounter_Activated_Trial_Missing" />
    </UnitTest>
    <UnitTest name="Constructor_ShouldThrowArgumentNullException_WhenServerIdIsNull" storage="d:\actions-runner\_work\xpco\xpco\mip\platformplugin\videoos.platform\unittest\bin\debug\net472\videoos.platform.tests.dll" id="7aa7a744-f3f3-dbab-b444-2d9793ae0544">
      <Execution id="f6e8516b-ac70-4906-aeef-b826794d53ff" />
      <TestMethod codeBase="D:\actions-runner\_work\XPCO\XPCO\MIP\PlatformPlugin\VideoOS.Platform\unittest\bin\Debug\net472\VideoOS.Platform.Tests.dll" adapterTypeName="executor://mstestadapter/v2" className="VideoOS.Platform.Tests.Util.ConfigurationCacheTests" name="Constructor_ShouldThrowArgumentNullException_WhenServerIdIsNull" />
    </UnitTest>
    <UnitTest name="Contains_Success" storage="d:\actions-runner\_work\xpco\xpco\mip\platformplugin\videoos.platform\unittest\bin\debug\net472\videoos.platform.tests.dll" id="a6c85b3a-5f84-4859-aef3-09060d5afd98">
      <Execution id="807b758f-6ac6-41d5-a9f0-d9168e652553" />
      <TestMethod codeBase="D:\actions-runner\_work\XPCO\XPCO\MIP\PlatformPlugin\VideoOS.Platform\unittest\bin\Debug\net472\VideoOS.Platform.Tests.dll" adapterTypeName="executor://mstestadapter/v2" className="VideoOS.Platform.Tests.ItemTests" name="Contains_Success" />
    </UnitTest>
    <UnitTest name="ProvideValue_ShouldUseContentTemplate_WhenSelectedItemIsCustomItem" storage="d:\actions-runner\_work\xpco\xpco\mip\platformplugin\videoos.platform\unittest\bin\debug\net472\videoos.platform.tests.dll" id="01bc0fde-c67c-6987-54c2-b9ed8c5df445">
      <TestCategory>
        <TestCategoryItem TestCategory="DropDowns" />
      </TestCategory>
      <Execution id="454a65d4-98e0-4f1f-a23c-0ce19bbc9af8" />
      <TestMethod codeBase="D:\actions-runner\_work\XPCO\XPCO\MIP\PlatformPlugin\VideoOS.Platform\unittest\bin\Debug\net472\VideoOS.Platform.Tests.dll" adapterTypeName="executor://mstestadapter/v2" className="VideoOS.Platform.Tests.UI.Controls.DropDowns.Internal.SelectedItemContentTemplateExtensionTest" name="ProvideValue_ShouldUseContentTemplate_WhenSelectedItemIsCustomItem" />
    </UnitTest>
    <UnitTest name="GetLicensePlateFilterValue_NullCriteria_Throws" storage="d:\actions-runner\_work\xpco\xpco\mip\platformplugin\videoos.platform\unittest\bin\debug\net472\videoos.platform.tests.dll" id="7b38c175-8f37-0ff7-77b0-702939d7a735">
      <TestCategory>
        <TestCategoryItem TestCategory="Search" />
      </TestCategory>
      <Execution id="409da45d-988b-4230-9523-ffdb77d17ced" />
      <TestMethod codeBase="D:\actions-runner\_work\XPCO\XPCO\MIP\PlatformPlugin\VideoOS.Platform\unittest\bin\Debug\net472\VideoOS.Platform.Tests.dll" adapterTypeName="executor://mstestadapter/v2" className="VideoOS.Platform.Tests.Search.FilterCategories.VehicleSearchFilterCategoryTest" name="GetLicensePlateFilterValue_NullCriteria_Throws" />
    </UnitTest>
    <UnitTest name="GetNextDateTime_ShouldReturnDataEntityFromCacheWithoutCallingToolkit_WhenDataIsPresentInCache" storage="d:\actions-runner\_work\xpco\xpco\mip\platformplugin\videoos.platform\unittest\bin\debug\net472\videoos.platform.tests.dll" id="788d8b0c-681e-eeab-fb16-541a413b2444">
      <Execution id="82368e6b-5718-4c6a-b1b3-0da217f392f2" />
      <TestMethod codeBase="D:\actions-runner\_work\XPCO\XPCO\MIP\PlatformPlugin\VideoOS.Platform\unittest\bin\Debug\net472\VideoOS.Platform.Tests.dll" adapterTypeName="executor://mstestadapter/v2" className="VideoOS.Platform.Tests.Data.MetadataPlaybackSourceTests" name="GetNextDateTime_ShouldReturnDataEntityFromCacheWithoutCallingToolkit_WhenDataIsPresentInCache" />
    </UnitTest>
    <UnitTest name="ReadXml_ShouldReadXmlAndCreateEquivalentObject_WhenXmlIsWrittenByWriteXml" storage="d:\actions-runner\_work\xpco\xpco\mip\platformplugin\videoos.platform\unittest\bin\debug\net472\videoos.platform.tests.dll" id="2e209cdd-d799-eebb-86ee-eb1ff73e496f">
      <Execution id="d2ab082a-cadc-4aaf-b752-e94f7dd96ba7" />
      <TestMethod codeBase="D:\actions-runner\_work\XPCO\XPCO\MIP\PlatformPlugin\VideoOS.Platform\unittest\bin\Debug\net472\VideoOS.Platform.Tests.dll" adapterTypeName="executor://mstestadapter/v2" className="VideoOS.Platform.Tests.Metadata.MetadataStreamTests" name="ReadXml_ShouldReadXmlAndCreateEquivalentObject_WhenXmlIsWrittenByWriteXml" />
    </UnitTest>
    <UnitTest name="GenerateEnumValueParameters_ShouldWriteDisplayId_WhenAlways" storage="d:\actions-runner\_work\xpco\xpco\mip\platformplugin\videoos.platform\unittest\bin\debug\net472\videoos.platform.tests.dll" id="8685a0cc-8f6c-e530-6b25-43918c6d87aa">
      <Execution id="42b709c4-4792-48fb-90f5-2e8138285a5d" />
      <TestMethod codeBase="D:\actions-runner\_work\XPCO\XPCO\MIP\PlatformPlugin\VideoOS.Platform\unittest\bin\Debug\net472\VideoOS.Platform.Tests.dll" adapterTypeName="executor://mstestadapter/v2" className="VideoOS.Platform.Tests.Data.EnumCapabilityValueTests" name="GenerateEnumValueParameters_ShouldWriteDisplayId_WhenAlways" />
    </UnitTest>
    <UnitTest name="Parse_Double_Complex" storage="d:\actions-runner\_work\xpco\xpco\mip\platformplugin\videoos.platform\unittest\bin\debug\net472\videoos.platform.tests.dll" id="9a98835c-961c-47c7-7156-330b8e2ed1fa">
      <Execution id="7d6c5a56-ba5e-4db4-bb68-78faa978e44f" />
      <TestMethod codeBase="D:\actions-runner\_work\XPCO\XPCO\MIP\PlatformPlugin\VideoOS.Platform\unittest\bin\Debug\net472\VideoOS.Platform.Tests.dll" adapterTypeName="executor://mstestadapter/v2" className="VideoOS.Platform.Tests.Proxy.RestApi.JsonReaderTests" name="Parse_Double_Complex" />
    </UnitTest>
    <UnitTest name="Serialize_TestCases (Verify root Object (null) property get property value)" storage="d:\actions-runner\_work\xpco\xpco\mip\platformplugin\videoos.platform\unittest\bin\debug\net472\videoos.platform.tests.dll" id="8357d2b8-f5e8-a07c-49aa-5e2b167211f4">
      <Execution id="9e9e625e-411f-42fe-93d5-efd979c7c6f1" />
      <TestMethod codeBase="D:\actions-runner\_work\XPCO\XPCO\MIP\PlatformPlugin\VideoOS.Platform\unittest\bin\Debug\net472\VideoOS.Platform.Tests.dll" adapterTypeName="executor://mstestadapter/v2" className="VideoOS.Platform.Tests.UI.Controls.Automation.Serialization.AutomationObjectSerializerTest" name="Serialize_TestCases" />
    </UnitTest>
    <UnitTest name="MipItem_IconSource_Has_Value" storage="d:\actions-runner\_work\xpco\xpco\mip\platformplugin\videoos.platform\unittest\bin\debug\net472\videoos.platform.tests.dll" id="2d11d0f1-64a8-482c-f6c9-1576aff1fea5">
      <Execution id="93690add-3fd7-491a-b1dc-3b98e5a456d4" />
      <TestMethod codeBase="D:\actions-runner\_work\XPCO\XPCO\MIP\PlatformPlugin\VideoOS.Platform\unittest\bin\Debug\net472\VideoOS.Platform.Tests.dll" adapterTypeName="executor://mstestadapter/v2" className="VideoOS.Platform.Tests.UI.ItemPicker.ItemViewModelTest" name="MipItem_IconSource_Has_Value" />
    </UnitTest>
    <UnitTest name="GetBegin_ShouldReturnNull_WhenThereIsNoData" storage="d:\actions-runner\_work\xpco\xpco\mip\platformplugin\videoos.platform\unittest\bin\debug\net472\videoos.platform.tests.dll" id="47b928b9-6c48-7599-b49a-10b524a65d0b">
      <Execution id="cf42e66e-095a-4d43-b89b-0d936a7683fe" />
      <TestMethod codeBase="D:\actions-runner\_work\XPCO\XPCO\MIP\PlatformPlugin\VideoOS.Platform\unittest\bin\Debug\net472\VideoOS.Platform.Tests.dll" adapterTypeName="executor://mstestadapter/v2" className="VideoOS.Platform.Tests.Data.MetadataPlaybackSourceTests" name="GetBegin_ShouldReturnNull_WhenThereIsNoData" />
    </UnitTest>
    <UnitTest name="Append_Property_MIPItem_UpperCase" storage="d:\actions-runner\_work\xpco\xpco\mip\platformplugin\videoos.platform\unittest\bin\debug\net472\videoos.platform.tests.dll" id="5cdbd0d9-c8bd-a61c-82a8-354b3f579fbb">
      <Execution id="d5ad0320-de89-40ba-afbd-df0964b1fb95" />
      <TestMethod codeBase="D:\actions-runner\_work\XPCO\XPCO\MIP\PlatformPlugin\VideoOS.Platform\unittest\bin\Debug\net472\VideoOS.Platform.Tests.dll" adapterTypeName="executor://mstestadapter/v2" className="VideoOS.Platform.Tests.Proxy.RestApi.JsonBuilderTests" name="Append_Property_MIPItem_UpperCase" />
    </UnitTest>
    <UnitTest name="Minimize_ShouldReturnOneInterval_WhenListContainsTwoOverlappingIntervals" storage="d:\actions-runner\_work\xpco\xpco\mip\platformplugin\videoos.platform\unittest\bin\debug\net472\videoos.platform.tests.dll" id="66008b6f-5831-0af0-c7ea-7bf08df5fe34">
      <Execution id="3c5cf8d8-f5b5-4c35-8541-d2fbb53bdfa7" />
      <TestMethod codeBase="D:\actions-runner\_work\XPCO\XPCO\MIP\PlatformPlugin\VideoOS.Platform\unittest\bin\Debug\net472\VideoOS.Platform.Tests.dll" adapterTypeName="executor://mstestadapter/v2" className="VideoOS.Platform.Tests.Util.TimeIntervalTests" name="Minimize_ShouldReturnOneInterval_WhenListContainsTwoOverlappingIntervals" />
    </UnitTest>
    <UnitTest name="ReadXml_ShouldReadVideoAnalysticsChild_WhenOneChildIsPresent" storage="d:\actions-runner\_work\xpco\xpco\mip\platformplugin\videoos.platform\unittest\bin\debug\net472\videoos.platform.tests.dll" id="0b0cafcd-36ec-b9e7-a6b1-cc34c82fd875">
      <Execution id="758d9b79-ceb5-450d-959f-bec93c656037" />
      <TestMethod codeBase="D:\actions-runner\_work\XPCO\XPCO\MIP\PlatformPlugin\VideoOS.Platform\unittest\bin\Debug\net472\VideoOS.Platform.Tests.dll" adapterTypeName="executor://mstestadapter/v2" className="VideoOS.Platform.Tests.Metadata.MetadataStreamTests" name="ReadXml_ShouldReadVideoAnalysticsChild_WhenOneChildIsPresent" />
    </UnitTest>
    <UnitTest name="ReadXml_ShouldIgnoreUnknownChildren_WhenUnknownChildrenArePresent" storage="d:\actions-runner\_work\xpco\xpco\mip\platformplugin\videoos.platform\unittest\bin\debug\net472\videoos.platform.tests.dll" id="ee341f6d-4feb-cbd8-824e-87dfe9d62513">
      <Execution id="ab6398bb-2d43-4ad6-aca8-92a164c59d82" />
      <TestMethod codeBase="D:\actions-runner\_work\XPCO\XPCO\MIP\PlatformPlugin\VideoOS.Platform\unittest\bin\Debug\net472\VideoOS.Platform.Tests.dll" adapterTypeName="executor://mstestadapter/v2" className="VideoOS.Platform.Tests.Metadata.MetadataStreamTests" name="ReadXml_ShouldIgnoreUnknownChildren_WhenUnknownChildrenArePresent" />
    </UnitTest>
    <UnitTest name="Equals_ShouldReturnTrue_WhenOnlyServerTypeIsDifferent" storage="d:\actions-runner\_work\xpco\xpco\mip\platformplugin\videoos.platform\unittest\bin\debug\net472\videoos.platform.tests.dll" id="93692a07-3a10-4489-765e-ef79d18cf4d4">
      <Execution id="49bde44a-f474-4e67-b63b-058b5ddff9c7" />
      <TestMethod codeBase="D:\actions-runner\_work\XPCO\XPCO\MIP\PlatformPlugin\VideoOS.Platform\unittest\bin\Debug\net472\VideoOS.Platform.Tests.dll" adapterTypeName="executor://mstestadapter/v2" className="VideoOS.Platform.Tests.ServerIdTests" name="Equals_ShouldReturnTrue_WhenOnlyServerTypeIsDifferent" />
    </UnitTest>
    <UnitTest name="GetNext_ShouldReturnSecondElement_WhenFirstEntryWasCalledAndThereIsAPreviousNext" storage="d:\actions-runner\_work\xpco\xpco\mip\platformplugin\videoos.platform\unittest\bin\debug\net472\videoos.platform.tests.dll" id="d2a69b62-2638-ec8f-cc97-92c357c5901e">
      <Execution id="7f76f568-4d46-4c18-a60e-919936f3a7e9" />
      <TestMethod codeBase="D:\actions-runner\_work\XPCO\XPCO\MIP\PlatformPlugin\VideoOS.Platform\unittest\bin\Debug\net472\VideoOS.Platform.Tests.dll" adapterTypeName="executor://mstestadapter/v2" className="VideoOS.Platform.Tests.Data.MetadataCacheTests" name="GetNext_ShouldReturnSecondElement_WhenFirstEntryWasCalledAndThereIsAPreviousNext" />
    </UnitTest>
    <UnitTest name="ReadXml_ShouldIgnoreUnknownChildren_WhenUnknownChildrenArePresent" storage="d:\actions-runner\_work\xpco\xpco\mip\platformplugin\videoos.platform\unittest\bin\debug\net472\videoos.platform.tests.dll" id="67088a0d-c95d-ee41-8d3c-5924cd7e11e1">
      <Execution id="c3b72809-afe1-42cf-9c83-5c91e6447ee5" />
      <TestMethod codeBase="D:\actions-runner\_work\XPCO\XPCO\MIP\PlatformPlugin\VideoOS.Platform\unittest\bin\Debug\net472\VideoOS.Platform.Tests.dll" adapterTypeName="executor://mstestadapter/v2" className="VideoOS.Platform.Tests.Metadata.TransformationTests" name="ReadXml_ShouldIgnoreUnknownChildren_WhenUnknownChildrenArePresent" />
    </UnitTest>
    <UnitTest name="ProvideValue_ShouldNotApplyText_WhenItemTextPropertyNameIsNotSet" storage="d:\actions-runner\_work\xpco\xpco\mip\platformplugin\videoos.platform\unittest\bin\debug\net472\videoos.platform.tests.dll" id="61ac148b-77c6-a946-fca0-45c9e49f9516">
      <TestCategory>
        <TestCategoryItem TestCategory="TabControls" />
      </TestCategory>
      <Execution id="62fe06a6-3fc7-43dd-b2d3-0591bb98fd56" />
      <TestMethod codeBase="D:\actions-runner\_work\XPCO\XPCO\MIP\PlatformPlugin\VideoOS.Platform\unittest\bin\Debug\net472\VideoOS.Platform.Tests.dll" adapterTypeName="executor://mstestadapter/v2" className="VideoOS.Platform.Tests.UI.Controls.TabControls.Internal.Primary.ItemHeaderExtensionTest" name="ProvideValue_ShouldNotApplyText_WhenItemTextPropertyNameIsNotSet" />
    </UnitTest>
    <UnitTest name="AppendItemPicked_AutoSelect_ItemSelected_EventRaised" storage="d:\actions-runner\_work\xpco\xpco\mip\platformplugin\videoos.platform\unittest\bin\debug\net472\videoos.platform.tests.dll" id="1bbd120c-214c-3ef2-991f-c7ebd3d57ae2">
      <Execution id="3fa63341-d4aa-4a80-bdde-18d99269eefd" />
      <TestMethod codeBase="D:\actions-runner\_work\XPCO\XPCO\MIP\PlatformPlugin\VideoOS.Platform\unittest\bin\Debug\net472\VideoOS.Platform.Tests.dll" adapterTypeName="executor://mstestadapter/v2" className="VideoOS.Platform.Tests.UI.ItemPicker.ItemPickerViewModelTest" name="AppendItemPicked_AutoSelect_ItemSelected_EventRaised" />
    </UnitTest>
    <UnitTest name="Match_Success_SystemTypeStartMatch_Single" storage="d:\actions-runner\_work\xpco\xpco\mip\platformplugin\videoos.platform\unittest\bin\debug\net472\videoos.platform.tests.dll" id="fb06ac1d-f4a6-d9b4-8722-be97dde4c78f">
      <Execution id="65f5b2b1-d172-431d-bb00-8a508e286df2" />
      <TestMethod codeBase="D:\actions-runner\_work\XPCO\XPCO\MIP\PlatformPlugin\VideoOS.Platform\unittest\bin\Debug\net472\VideoOS.Platform.Tests.dll" adapterTypeName="executor://mstestadapter/v2" className="VideoOS.Platform.Tests.Messaging.CommunicationIdFilterTests" name="Match_Success_SystemTypeStartMatch_Single" />
    </UnitTest>
    <UnitTest name="WriteXml_ShouldWriteframe_WhenThereIsOneFramePresent" storage="d:\actions-runner\_work\xpco\xpco\mip\platformplugin\videoos.platform\unittest\bin\debug\net472\videoos.platform.tests.dll" id="d8308a27-6fbc-21d5-664d-c54e34f438da">
      <Execution id="15282f3f-d642-4d75-a5bc-2e81332d9025" />
      <TestMethod codeBase="D:\actions-runner\_work\XPCO\XPCO\MIP\PlatformPlugin\VideoOS.Platform\unittest\bin\Debug\net472\VideoOS.Platform.Tests.dll" adapterTypeName="executor://mstestadapter/v2" className="VideoOS.Platform.Tests.Metadata.VideoAnalyticsTests" name="WriteXml_ShouldWriteframe_WhenThereIsOneFramePresent" />
    </UnitTest>
    <UnitTest name="ReadXml_ShouldIgnoreUnknownElements_WhenUnknownElementsArePresent" storage="d:\actions-runner\_work\xpco\xpco\mip\platformplugin\videoos.platform\unittest\bin\debug\net472\videoos.platform.tests.dll" id="cf5973cd-80eb-589d-6a2e-dee3a1384b97">
      <Execution id="e659c22c-a541-4388-a812-0604861a5e45" />
      <TestMethod codeBase="D:\actions-runner\_work\XPCO\XPCO\MIP\PlatformPlugin\VideoOS.Platform\unittest\bin\Debug\net472\VideoOS.Platform.Tests.dll" adapterTypeName="executor://mstestadapter/v2" className="VideoOS.Platform.Tests.Metadata.NavigationalDataTests" name="ReadXml_ShouldIgnoreUnknownElements_WhenUnknownElementsArePresent" />
    </UnitTest>
    <UnitTest name="Version_ShouldHaveDefaultValueOf10_WhenNotSetExplicitly" storage="d:\actions-runner\_work\xpco\xpco\mip\platformplugin\videoos.platform\unittest\bin\debug\net472\videoos.platform.tests.dll" id="12eef7c4-a391-5bc7-ef04-b727ebe57366">
      <Execution id="be8ee59e-6f7f-4bb8-98a6-0ff67ec0def8" />
      <TestMethod codeBase="D:\actions-runner\_work\XPCO\XPCO\MIP\PlatformPlugin\VideoOS.Platform\unittest\bin\Debug\net472\VideoOS.Platform.Tests.dll" adapterTypeName="executor://mstestadapter/v2" className="VideoOS.Platform.Tests.Metadata.NavigationalDataTests" name="Version_ShouldHaveDefaultValueOf10_WhenNotSetExplicitly" />
    </UnitTest>
    <UnitTest name="Serialize_TestCases (TestParentAllPrimitiveTypeMatchDoubleNotThisTypeMatched)" storage="d:\actions-runner\_work\xpco\xpco\mip\platformplugin\videoos.platform\unittest\bin\debug\net472\videoos.platform.tests.dll" id="9b9dbd30-50bb-5bbd-002a-cb75e7cd1aba">
      <Execution id="7e0b7f30-f290-46db-b565-6389adf0e802" />
      <TestMethod codeBase="D:\actions-runner\_work\XPCO\XPCO\MIP\PlatformPlugin\VideoOS.Platform\unittest\bin\Debug\net472\VideoOS.Platform.Tests.dll" adapterTypeName="executor://mstestadapter/v2" className="VideoOS.Platform.Tests.UI.Controls.Automation.Serialization.AutomationObjectSerializerTest" name="Serialize_TestCases" />
    </UnitTest>
    <UnitTest name="IsValid_ShouldBeSetToFalse_WhenBoundingBoxIsMissing" storage="d:\actions-runner\_work\xpco\xpco\mip\platformplugin\videoos.platform\unittest\bin\debug\net472\videoos.platform.tests.dll" id="c64e7bd8-cb07-f721-64bb-ea14df3c64c6">
      <Execution id="ca084b46-2ad6-45d4-8f06-c57fd01f6c31" />
      <TestMethod codeBase="D:\actions-runner\_work\XPCO\XPCO\MIP\PlatformPlugin\VideoOS.Platform\unittest\bin\Debug\net472\VideoOS.Platform.Tests.dll" adapterTypeName="executor://mstestadapter/v2" className="VideoOS.Platform.Tests.Metadata.ShapeTests" name="IsValid_ShouldBeSetToFalse_WhenBoundingBoxIsMissing" />
    </UnitTest>
    <UnitTest name="Serialize_ShouldHandleSelfReferencing" storage="d:\actions-runner\_work\xpco\xpco\mip\platformplugin\videoos.platform\unittest\bin\debug\net472\videoos.platform.tests.dll" id="500146c2-0fce-a8b0-1f53-7fbec0f9bacd">
      <Execution id="e8050556-f052-4c58-bb15-ded296e64407" />
      <TestMethod codeBase="D:\actions-runner\_work\XPCO\XPCO\MIP\PlatformPlugin\VideoOS.Platform\unittest\bin\Debug\net472\VideoOS.Platform.Tests.dll" adapterTypeName="executor://mstestadapter/v2" className="VideoOS.Platform.Tests.UI.Controls.Automation.Serialization.AutomationObjectSerializerSelfReferencingTests" name="Serialize_ShouldHandleSelfReferencing" />
    </UnitTest>
    <UnitTest name="GenerateDeviceCapabilityParameters_ShouldWriteTypeAsData_WhenAlways" storage="d:\actions-runner\_work\xpco\xpco\mip\platformplugin\videoos.platform\unittest\bin\debug\net472\videoos.platform.tests.dll" id="2da09afd-447a-1927-2e16-59b373bc893e">
      <Execution id="5f49ce52-6096-47a6-817f-e838eb165dd5" />
      <TestMethod codeBase="D:\actions-runner\_work\XPCO\XPCO\MIP\PlatformPlugin\VideoOS.Platform\unittest\bin\Debug\net472\VideoOS.Platform.Tests.dll" adapterTypeName="executor://mstestadapter/v2" className="VideoOS.Platform.Tests.Data.DataCapabilityTests" name="GenerateDeviceCapabilityParameters_ShouldWriteTypeAsData_WhenAlways" />
    </UnitTest>
    <UnitTest name="KindsFilter_TwoKinds_OnlyAllowedKindsShown" storage="d:\actions-runner\_work\xpco\xpco\mip\platformplugin\videoos.platform\unittest\bin\debug\net472\videoos.platform.tests.dll" id="f7df628a-2d6d-0169-1e36-e1aabcaaa3c0">
      <Execution id="d8d36616-6f33-4fe9-925d-2662d098936f" />
      <TestMethod codeBase="D:\actions-runner\_work\XPCO\XPCO\MIP\PlatformPlugin\VideoOS.Platform\unittest\bin\Debug\net472\VideoOS.Platform.Tests.dll" adapterTypeName="executor://mstestadapter/v2" className="VideoOS.Platform.Tests.UI.ItemPicker.PopulateThreadTest" name="KindsFilter_TwoKinds_OnlyAllowedKindsShown" />
    </UnitTest>
    <UnitTest name="IsValid_ShouldReturnFalse_WhenTypeIsNull" storage="d:\actions-runner\_work\xpco\xpco\mip\platformplugin\videoos.platform\unittest\bin\debug\net472\videoos.platform.tests.dll" id="57bee112-0556-7c83-93f2-7bbc9c5cba59">
      <Execution id="f012dc52-660e-4ce8-95ab-f34295b13b75" />
      <TestMethod codeBase="D:\actions-runner\_work\XPCO\XPCO\MIP\PlatformPlugin\VideoOS.Platform\unittest\bin\Debug\net472\VideoOS.Platform.Tests.dll" adapterTypeName="executor://mstestadapter/v2" className="VideoOS.Platform.Tests.Metadata.ClassCandidateTests" name="IsValid_ShouldReturnFalse_WhenTypeIsNull" />
    </UnitTest>
    <UnitTest name="CreateAlarmFromEvent_ShouldReturnNull_WhenArgumentIsNull" storage="d:\actions-runner\_work\xpco\xpco\mip\platformplugin\videoos.platform\unittest\bin\debug\net472\videoos.platform.tests.dll" id="33580008-2ed0-6825-609a-d1d90403b659">
      <Execution id="8a6b9f7f-cd9b-4f14-b930-e730ed1212c2" />
      <TestMethod codeBase="D:\actions-runner\_work\XPCO\XPCO\MIP\PlatformPlugin\VideoOS.Platform\unittest\bin\Debug\net472\VideoOS.Platform.Tests.dll" adapterTypeName="executor://mstestadapter/v2" className="VideoOS.Platform.Tests.Util.AlarmBuilderTests" name="CreateAlarmFromEvent_ShouldReturnNull_WhenArgumentIsNull" />
    </UnitTest>
    <UnitTest name="GetFilterValues_UnknownFilter_ReturnsEmptyList" storage="d:\actions-runner\_work\xpco\xpco\mip\platformplugin\videoos.platform\unittest\bin\debug\net472\videoos.platform.tests.dll" id="441213bb-d837-6a17-d5bf-0e8158ed876c">
      <TestCategory>
        <TestCategoryItem TestCategory="Search" />
      </TestCategory>
      <Execution id="9cab9563-cc41-4dd4-8994-88bd28c0a913" />
      <TestMethod codeBase="D:\actions-runner\_work\XPCO\XPCO\MIP\PlatformPlugin\VideoOS.Platform\unittest\bin\Debug\net472\VideoOS.Platform.Tests.dll" adapterTypeName="executor://mstestadapter/v2" className="VideoOS.Platform.Tests.Search.SearchCriteriaTest" name="GetFilterValues_UnknownFilter_ReturnsEmptyList" />
    </UnitTest>
    <UnitTest name="Decrypt_ShouldDecryptEncryptedInput" storage="d:\actions-runner\_work\xpco\xpco\mip\platformplugin\videoos.platform\unittest\bin\debug\net472\videoos.platform.tests.dll" id="01799474-13c9-ef07-91a0-a707eadf879a">
      <Execution id="6f9b3f11-5cc0-4d38-a964-f87cef8060e3" />
      <TestMethod codeBase="D:\actions-runner\_work\XPCO\XPCO\MIP\PlatformPlugin\VideoOS.Platform\unittest\bin\Debug\net472\VideoOS.Platform.Tests.dll" adapterTypeName="executor://mstestadapter/v2" className="VideoOS.Platform.Tests.License.NonFipsLicenseCompatibilityHandlerTests" name="Decrypt_ShouldDecryptEncryptedInput" />
    </UnitTest>
    <UnitTest name="GetAllFrames_ShouldReturnFramesForSingleVideoAnalytics_WhenThereIsOneVideoAnalytics" storage="d:\actions-runner\_work\xpco\xpco\mip\platformplugin\videoos.platform\unittest\bin\debug\net472\videoos.platform.tests.dll" id="e5d77a31-6b9f-c926-244b-f6a80ab8552d">
      <Execution id="49b41a45-56dd-41c0-be9c-bb4cf782241e" />
      <TestMethod codeBase="D:\actions-runner\_work\XPCO\XPCO\MIP\PlatformPlugin\VideoOS.Platform\unittest\bin\Debug\net472\VideoOS.Platform.Tests.dll" adapterTypeName="executor://mstestadapter/v2" className="VideoOS.Platform.Tests.Metadata.MetadataStreamTests" name="GetAllFrames_ShouldReturnFramesForSingleVideoAnalytics_WhenThereIsOneVideoAnalytics" />
    </UnitTest>
    <UnitTest name="WriteXml_ShouldWriteValueOnly_WhenAllePropertiesAreNotSet" storage="d:\actions-runner\_work\xpco\xpco\mip\platformplugin\videoos.platform\unittest\bin\debug\net472\videoos.platform.tests.dll" id="96f1c2c4-5dc5-dea5-6196-eb11056b2deb">
      <Execution id="95547ce7-e659-40d5-9043-6bdd0870fbbf" />
      <TestMethod codeBase="D:\actions-runner\_work\XPCO\XPCO\MIP\PlatformPlugin\VideoOS.Platform\unittest\bin\Debug\net472\VideoOS.Platform.Tests.dll" adapterTypeName="executor://mstestadapter/v2" className="VideoOS.Platform.Tests.Metadata.DisplayTextTests" name="WriteXml_ShouldWriteValueOnly_WhenAllePropertiesAreNotSet" />
    </UnitTest>
    <UnitTest name="Set_String_In_Array" storage="d:\actions-runner\_work\xpco\xpco\mip\platformplugin\videoos.platform\unittest\bin\debug\net472\videoos.platform.tests.dll" id="b3df3f39-3ac5-afed-24ec-7a145316d997">
      <Execution id="68dbbfce-a3ea-491f-b8e1-ef05d11c1767" />
      <TestMethod codeBase="D:\actions-runner\_work\XPCO\XPCO\MIP\PlatformPlugin\VideoOS.Platform\unittest\bin\Debug\net472\VideoOS.Platform.Tests.dll" adapterTypeName="executor://mstestadapter/v2" className="VideoOS.Platform.Tests.Proxy.RestApi.JsonReaderTests" name="Set_String_In_Array" />
    </UnitTest>
    <UnitTest name="AddFilterValue_ExistingValue_NullValue_Throws" storage="d:\actions-runner\_work\xpco\xpco\mip\platformplugin\videoos.platform\unittest\bin\debug\net472\videoos.platform.tests.dll" id="12501656-668f-6d63-7f1a-8f8eefa16abe">
      <TestCategory>
        <TestCategoryItem TestCategory="Search" />
      </TestCategory>
      <Execution id="41b378b4-7e42-44bd-8de3-176b17bdae90" />
      <TestMethod codeBase="D:\actions-runner\_work\XPCO\XPCO\MIP\PlatformPlugin\VideoOS.Platform\unittest\bin\Debug\net472\VideoOS.Platform.Tests.dll" adapterTypeName="executor://mstestadapter/v2" className="VideoOS.Platform.Tests.Search.SearchCriteriaTest" name="AddFilterValue_ExistingValue_NullValue_Throws" />
    </UnitTest>
    <UnitTest name="Add_NullValue_Success" storage="d:\actions-runner\_work\xpco\xpco\mip\platformplugin\videoos.platform\unittest\bin\debug\net472\videoos.platform.tests.dll" id="7fb5739f-7a0e-9d63-4cc0-4564c77d7249">
      <Execution id="d347bb7f-cea0-4737-96a8-a6b9cdccc37d" />
      <TestMethod codeBase="D:\actions-runner\_work\XPCO\XPCO\MIP\PlatformPlugin\VideoOS.Platform\unittest\bin\Debug\net472\VideoOS.Platform.Tests.dll" adapterTypeName="executor://mstestadapter/v2" className="VideoOS.Platform.Tests.Util.Queue.LRUCacheTests" name="Add_NullValue_Success" />
    </UnitTest>
    <UnitTest name="TestConstructor_Success" storage="d:\actions-runner\_work\xpco\xpco\mip\platformplugin\videoos.platform\unittest\bin\debug\net472\videoos.platform.tests.dll" id="f4009c20-ddf4-5439-9b3f-52d8d564e525">
      <Execution id="3b4c15a7-8cf4-428f-bbd8-3d174d0b5ee7" />
      <TestMethod codeBase="D:\actions-runner\_work\XPCO\XPCO\MIP\PlatformPlugin\VideoOS.Platform\unittest\bin\Debug\net472\VideoOS.Platform.Tests.dll" adapterTypeName="executor://mstestadapter/v2" className="VideoOS.Platform.Tests.Search.Error.InvalidFilterSearchErrorTest" name="TestConstructor_Success" />
    </UnitTest>
    <UnitTest name="ProvideValue_ShouldChangeContent_WhenItemDataPropertyNameChangesFromOneValueToAnother" storage="d:\actions-runner\_work\xpco\xpco\mip\platformplugin\videoos.platform\unittest\bin\debug\net472\videoos.platform.tests.dll" id="341aa1b2-3b64-c4e7-896b-2d80cfc15011">
      <TestCategory>
        <TestCategoryItem TestCategory="TabControls" />
      </TestCategory>
      <Execution id="80379afe-29ae-4a46-9a3e-f2160ac5d0b3" />
      <TestMethod codeBase="D:\actions-runner\_work\XPCO\XPCO\MIP\PlatformPlugin\VideoOS.Platform\unittest\bin\Debug\net472\VideoOS.Platform.Tests.dll" adapterTypeName="executor://mstestadapter/v2" className="VideoOS.Platform.Tests.UI.Controls.TabControls.Internal.Primary.ItemContentExtensionTest" name="ProvideValue_ShouldChangeContent_WhenItemDataPropertyNameChangesFromOneValueToAnother" />
    </UnitTest>
    <UnitTest name="ReadXml_ShouldSetAllFieldsToNull_WhenElementIsEmpty" storage="d:\actions-runner\_work\xpco\xpco\mip\platformplugin\videoos.platform\unittest\bin\debug\net472\videoos.platform.tests.dll" id="d3168116-f2b4-8d85-d69a-f47dbb1df0a3">
      <Execution id="6f9eea4e-8ead-403f-a543-c0a8c97b724a" />
      <TestMethod codeBase="D:\actions-runner\_work\XPCO\XPCO\MIP\PlatformPlugin\VideoOS.Platform\unittest\bin\Debug\net472\VideoOS.Platform.Tests.dll" adapterTypeName="executor://mstestadapter/v2" className="VideoOS.Platform.Tests.Metadata.ShapeTests" name="ReadXml_ShouldSetAllFieldsToNull_WhenElementIsEmpty" />
    </UnitTest>
    <UnitTest name="Apply_ShouldMultiplScaleYCoordinatesToTopAndBottomAndScaleXCoordinatesToLeftAndRight_WhenScaleIsNotNull" storage="d:\actions-runner\_work\xpco\xpco\mip\platformplugin\videoos.platform\unittest\bin\debug\net472\videoos.platform.tests.dll" id="4bb55630-8b3a-5b1a-80b5-da8fceb36d41">
      <Execution id="8f6f8960-1e16-40bc-9ace-49b498b82179" />
      <TestMethod codeBase="D:\actions-runner\_work\XPCO\XPCO\MIP\PlatformPlugin\VideoOS.Platform\unittest\bin\Debug\net472\VideoOS.Platform.Tests.dll" adapterTypeName="executor://mstestadapter/v2" className="VideoOS.Platform.Tests.Metadata.RectangleTests" name="Apply_ShouldMultiplScaleYCoordinatesToTopAndBottomAndScaleXCoordinatesToLeftAndRight_WhenScaleIsNotNull" />
    </UnitTest>
    <UnitTest name="CountByCounter_NotActivated_Expired" storage="d:\actions-runner\_work\xpco\xpco\mip\platformplugin\videoos.platform\unittest\bin\debug\net472\videoos.platform.tests.dll" id="9e63be9d-2216-71c5-83e2-51bd84dc8a93">
      <Execution id="79980e31-49ab-4b63-88d1-8a4ef8a1746d" />
      <TestMethod codeBase="D:\actions-runner\_work\XPCO\XPCO\MIP\PlatformPlugin\VideoOS.Platform\unittest\bin\Debug\net472\VideoOS.Platform.Tests.dll" adapterTypeName="executor://mstestadapter/v2" className="VideoOS.Platform.Tests.License.ResolvedLicenseCountTest" name="CountByCounter_NotActivated_Expired" />
    </UnitTest>
    <UnitTest name="ReadXml_ShouldIgnoreUnknownChildren_WhenUnknownChildrenArePresent" storage="d:\actions-runner\_work\xpco\xpco\mip\platformplugin\videoos.platform\unittest\bin\debug\net472\videoos.platform.tests.dll" id="b6c8d5b4-b132-7bf9-41ce-a46ff913fc34">
      <Execution id="4fadda0f-e0fd-436a-b0d0-04781a01826f" />
      <TestMethod codeBase="D:\actions-runner\_work\XPCO\XPCO\MIP\PlatformPlugin\VideoOS.Platform\unittest\bin\Debug\net472\VideoOS.Platform.Tests.dll" adapterTypeName="executor://mstestadapter/v2" className="VideoOS.Platform.Tests.Metadata.VideoAnalyticsTests" name="ReadXml_ShouldIgnoreUnknownChildren_WhenUnknownChildrenArePresent" />
    </UnitTest>
    <UnitTest name="CountByItems_NotActivated_Expired_Missing" storage="d:\actions-runner\_work\xpco\xpco\mip\platformplugin\videoos.platform\unittest\bin\debug\net472\videoos.platform.tests.dll" id="bc12b5e8-0d7d-7dd1-0756-b375b65700f8">
      <Execution id="0150c18a-9f29-42b9-8182-d3641341d2d0" />
      <TestMethod codeBase="D:\actions-runner\_work\XPCO\XPCO\MIP\PlatformPlugin\VideoOS.Platform\unittest\bin\Debug\net472\VideoOS.Platform.Tests.dll" adapterTypeName="executor://mstestadapter/v2" className="VideoOS.Platform.Tests.License.ResolvedLicenseCountTest" name="CountByItems_NotActivated_Expired_Missing" />
    </UnitTest>
    <UnitTest name="ReadXml_ShouldIgnoreUnknownExtensionChildren_WhenUnknownExtensionChildrenArePresent" storage="d:\actions-runner\_work\xpco\xpco\mip\platformplugin\videoos.platform\unittest\bin\debug\net472\videoos.platform.tests.dll" id="f5abc6e6-30fb-64d6-b653-e8776326ca87">
      <Execution id="48f177da-7be8-4779-b706-9bab89b29d60" />
      <TestMethod codeBase="D:\actions-runner\_work\XPCO\XPCO\MIP\PlatformPlugin\VideoOS.Platform\unittest\bin\Debug\net472\VideoOS.Platform.Tests.dll" adapterTypeName="executor://mstestadapter/v2" className="VideoOS.Platform.Tests.Metadata.MetadataStreamTests" name="ReadXml_ShouldIgnoreUnknownExtensionChildren_WhenUnknownExtensionChildrenArePresent" />
    </UnitTest>
    <UnitTest name="ReadXml_ShouldIgnoreChildren_WhenAlways" storage="d:\actions-runner\_work\xpco\xpco\mip\platformplugin\videoos.platform\unittest\bin\debug\net472\videoos.platform.tests.dll" id="e5f2cf6d-a0ae-d38c-0dc9-b08cf977bee2">
      <Execution id="8541809d-8ad8-413d-9be7-b4d73a8870c0" />
      <TestMethod codeBase="D:\actions-runner\_work\XPCO\XPCO\MIP\PlatformPlugin\VideoOS.Platform\unittest\bin\Debug\net472\VideoOS.Platform.Tests.dll" adapterTypeName="executor://mstestadapter/v2" className="VideoOS.Platform.Tests.Metadata.VectorTests" name="ReadXml_ShouldIgnoreChildren_WhenAlways" />
    </UnitTest>
    <UnitTest name="CreateSearchFilterEditControl_NullConfiguration_ReturnsNull" storage="d:\actions-runner\_work\xpco\xpco\mip\platformplugin\videoos.platform\unittest\bin\debug\net472\videoos.platform.tests.dll" id="b3801728-52f7-7053-510c-0b3ffd814256">
      <TestCategory>
        <TestCategoryItem TestCategory="Search" />
      </TestCategory>
      <Execution id="c49e4957-f687-4a0f-ae9d-9ab000037f0f" />
      <TestMethod codeBase="D:\actions-runner\_work\XPCO\XPCO\MIP\PlatformPlugin\VideoOS.Platform\unittest\bin\Debug\net472\VideoOS.Platform.Tests.dll" adapterTypeName="executor://mstestadapter/v2" className="VideoOS.Platform.Tests.Search.SearchUserControlResolverTest" name="CreateSearchFilterEditControl_NullConfiguration_ReturnsNull" />
    </UnitTest>
    <UnitTest name="WriteXml_ShouldWriteScaleElement_WhenScaleIsNotNull" storage="d:\actions-runner\_work\xpco\xpco\mip\platformplugin\videoos.platform\unittest\bin\debug\net472\videoos.platform.tests.dll" id="21aacc52-5297-f44e-aad6-4de7a3bc1c17">
      <Execution id="b510fb8f-47e4-41da-9915-c7bcb423031f" />
      <TestMethod codeBase="D:\actions-runner\_work\XPCO\XPCO\MIP\PlatformPlugin\VideoOS.Platform\unittest\bin\Debug\net472\VideoOS.Platform.Tests.dll" adapterTypeName="executor://mstestadapter/v2" className="VideoOS.Platform.Tests.Metadata.TransformationTests" name="WriteXml_ShouldWriteScaleElement_WhenScaleIsNotNull" />
    </UnitTest>
    <UnitTest name="GetAgeFilterValue_FilterValueMissing_ReturnsEmptyCollection" storage="d:\actions-runner\_work\xpco\xpco\mip\platformplugin\videoos.platform\unittest\bin\debug\net472\videoos.platform.tests.dll" id="a67e2ec6-c284-283e-f6bb-5df24e13d453">
      <TestCategory>
        <TestCategoryItem TestCategory="Search" />
      </TestCategory>
      <Execution id="6ec31b54-2479-42b6-b377-12d6063cd4f1" />
      <TestMethod codeBase="D:\actions-runner\_work\XPCO\XPCO\MIP\PlatformPlugin\VideoOS.Platform\unittest\bin\Debug\net472\VideoOS.Platform.Tests.dll" adapterTypeName="executor://mstestadapter/v2" className="VideoOS.Platform.Tests.Search.FilterCategories.PersonSearchFilterCategoryTest" name="GetAgeFilterValue_FilterValueMissing_ReturnsEmptyCollection" />
    </UnitTest>
    <UnitTest name="GetWithDateTime_ShouldReturnEntryAtOrBefore_WhenDataIsInCache" storage="d:\actions-runner\_work\xpco\xpco\mip\platformplugin\videoos.platform\unittest\bin\debug\net472\videoos.platform.tests.dll" id="ca034712-fc2a-7f2e-fe84-ae45e3bb76cf">
      <Execution id="0f24deab-a1d2-4564-b062-f83ab0e5c55f" />
      <TestMethod codeBase="D:\actions-runner\_work\XPCO\XPCO\MIP\PlatformPlugin\VideoOS.Platform\unittest\bin\Debug\net472\VideoOS.Platform.Tests.dll" adapterTypeName="executor://mstestadapter/v2" className="VideoOS.Platform.Tests.Data.MetadataPlaybackSourceTests" name="GetWithDateTime_ShouldReturnEntryAtOrBefore_WhenDataIsInCache" />
    </UnitTest>
    <UnitTest name="GetNearest_ShouldReturnNull_WhenTimestampIsAfterLastElement" storage="d:\actions-runner\_work\xpco\xpco\mip\platformplugin\videoos.platform\unittest\bin\debug\net472\videoos.platform.tests.dll" id="803ac96c-ceaf-813a-623a-bb8007ba13fb">
      <Execution id="75b3cd7d-457f-44db-8239-68302e6c2721" />
      <TestMethod codeBase="D:\actions-runner\_work\XPCO\XPCO\MIP\PlatformPlugin\VideoOS.Platform\unittest\bin\Debug\net472\VideoOS.Platform.Tests.dll" adapterTypeName="executor://mstestadapter/v2" className="VideoOS.Platform.Tests.Data.MetadataCacheTests" name="GetNearest_ShouldReturnNull_WhenTimestampIsAfterLastElement" />
    </UnitTest>
    <UnitTest name="ReadXml_ShouldSetIsRemoved_WhenRemovedElementIsPresentWithCorrectNamespace" storage="d:\actions-runner\_work\xpco\xpco\mip\platformplugin\videoos.platform\unittest\bin\debug\net472\videoos.platform.tests.dll" id="140c6661-e4ad-8b7b-ad2a-b9df65337e63">
      <Execution id="a89ac44b-52e6-4656-8ea4-13fcff3fba08" />
      <TestMethod codeBase="D:\actions-runner\_work\XPCO\XPCO\MIP\PlatformPlugin\VideoOS.Platform\unittest\bin\Debug\net472\VideoOS.Platform.Tests.dll" adapterTypeName="executor://mstestadapter/v2" className="VideoOS.Platform.Tests.Metadata.BehaviourTests" name="ReadXml_ShouldSetIsRemoved_WhenRemovedElementIsPresentWithCorrectNamespace" />
    </UnitTest>
    <UnitTest name="Serialize_TestCases (TestParentTypeMatchCollectionNotThisTypeMatchedProperty)" storage="d:\actions-runner\_work\xpco\xpco\mip\platformplugin\videoos.platform\unittest\bin\debug\net472\videoos.platform.tests.dll" id="10990a14-03a7-011d-0324-9b08e537fb18">
      <Execution id="4c3eb9f0-13a4-4083-9748-62645fd7758a" />
      <TestMethod codeBase="D:\actions-runner\_work\XPCO\XPCO\MIP\PlatformPlugin\VideoOS.Platform\unittest\bin\Debug\net472\VideoOS.Platform.Tests.dll" adapterTypeName="executor://mstestadapter/v2" className="VideoOS.Platform.Tests.UI.Controls.Automation.Serialization.AutomationObjectSerializerTest" name="Serialize_TestCases" />
    </UnitTest>
    <UnitTest name="ReadXml_ShouldIgnoreShape_WhenShapeIsPresenWithWrongNamespace" storage="d:\actions-runner\_work\xpco\xpco\mip\platformplugin\videoos.platform\unittest\bin\debug\net472\videoos.platform.tests.dll" id="fde698c6-a194-d6bc-8c31-bc5b72af8298">
      <Execution id="b0d7acd3-4902-4bb9-88a5-8a47bb4252ad" />
      <TestMethod codeBase="D:\actions-runner\_work\XPCO\XPCO\MIP\PlatformPlugin\VideoOS.Platform\unittest\bin\Debug\net472\VideoOS.Platform.Tests.dll" adapterTypeName="executor://mstestadapter/v2" className="VideoOS.Platform.Tests.Metadata.AppearanceTests" name="ReadXml_ShouldIgnoreShape_WhenShapeIsPresenWithWrongNamespace" />
    </UnitTest>
    <UnitTest name="ReadXml_ShouldLogWarning_WhenRequiredAttributeIsMissing" storage="d:\actions-runner\_work\xpco\xpco\mip\platformplugin\videoos.platform\unittest\bin\debug\net472\videoos.platform.tests.dll" id="39224d7b-adf2-c3bb-b064-ed7483309b12">
      <Execution id="13feeee4-b0c3-49c5-8422-e8bfa36c2b2d" />
      <TestMethod codeBase="D:\actions-runner\_work\XPCO\XPCO\MIP\PlatformPlugin\VideoOS.Platform\unittest\bin\Debug\net472\VideoOS.Platform.Tests.dll" adapterTypeName="executor://mstestadapter/v2" className="VideoOS.Platform.Tests.Metadata.VectorTests" name="ReadXml_ShouldLogWarning_WhenRequiredAttributeIsMissing" />
    </UnitTest>
    <UnitTest name="GetItem_ShouldNotReturnItem_WhenOtherAddedFound" storage="d:\actions-runner\_work\xpco\xpco\mip\platformplugin\videoos.platform\unittest\bin\debug\net472\videoos.platform.tests.dll" id="c2b3a374-d9ca-fe1a-d2bb-dddc9de79775">
      <Execution id="89dab07f-59f9-497a-9e1c-f8ae4eee0dd0" />
      <TestMethod codeBase="D:\actions-runner\_work\XPCO\XPCO\MIP\PlatformPlugin\VideoOS.Platform\unittest\bin\Debug\net472\VideoOS.Platform.Tests.dll" adapterTypeName="executor://mstestadapter/v2" className="VideoOS.Platform.Tests.Util.ConfigurationCacheTests" name="GetItem_ShouldNotReturnItem_WhenOtherAddedFound" />
    </UnitTest>
    <UnitTest name="ReadAppearanceExtensionXml_ShouldReadBoundingBoxLineThickness_WhenBoundingBoxLineThicknessIsPresent" storage="d:\actions-runner\_work\xpco\xpco\mip\platformplugin\videoos.platform\unittest\bin\debug\net472\videoos.platform.tests.dll" id="15cecd1c-3b58-a036-2736-cf341db03f0a">
      <Execution id="c8dea603-b9f9-4c4c-a3e4-a6ad1d075e4c" />
      <TestMethod codeBase="D:\actions-runner\_work\XPCO\XPCO\MIP\PlatformPlugin\VideoOS.Platform\unittest\bin\Debug\net472\VideoOS.Platform.Tests.dll" adapterTypeName="executor://mstestadapter/v2" className="VideoOS.Platform.Tests.Metadata.RectangleTests" name="ReadAppearanceExtensionXml_ShouldReadBoundingBoxLineThickness_WhenBoundingBoxLineThicknessIsPresent" />
    </UnitTest>
    <UnitTest name="ReadXml_ShouldReadBehaviour_WhenBehaviourIsPresent" storage="d:\actions-runner\_work\xpco\xpco\mip\platformplugin\videoos.platform\unittest\bin\debug\net472\videoos.platform.tests.dll" id="5be5e628-43fb-71a1-e880-34735fe5e2ed">
      <Execution id="16d147ac-1ac9-4c0a-a0c2-77456d562af9" />
      <TestMethod codeBase="D:\actions-runner\_work\XPCO\XPCO\MIP\PlatformPlugin\VideoOS.Platform\unittest\bin\Debug\net472\VideoOS.Platform.Tests.dll" adapterTypeName="executor://mstestadapter/v2" className="VideoOS.Platform.Tests.Metadata.OnvifObjectTests" name="ReadXml_ShouldReadBehaviour_WhenBehaviourIsPresent" />
    </UnitTest>
    <UnitTest name="Get_Element" storage="d:\actions-runner\_work\xpco\xpco\mip\platformplugin\videoos.platform\unittest\bin\debug\net472\videoos.platform.tests.dll" id="58e16725-e739-c95e-f63b-6da9cd475080">
      <Execution id="1e13b78c-fe53-4222-a191-8fb716b4e075" />
      <TestMethod codeBase="D:\actions-runner\_work\XPCO\XPCO\MIP\PlatformPlugin\VideoOS.Platform\unittest\bin\Debug\net472\VideoOS.Platform.Tests.dll" adapterTypeName="executor://mstestadapter/v2" className="VideoOS.Platform.Tests.Proxy.RestApi.JsonReaderTests" name="Get_Element" />
    </UnitTest>
    <UnitTest name="ToString_WithTypeAndMessage" storage="d:\actions-runner\_work\xpco\xpco\mip\platformplugin\videoos.platform\unittest\bin\debug\net472\videoos.platform.tests.dll" id="137cce7b-4534-866e-a202-717289695719">
      <Execution id="aab9a329-095e-4a43-81a8-aa559e8f034b" />
      <TestMethod codeBase="D:\actions-runner\_work\XPCO\XPCO\MIP\PlatformPlugin\VideoOS.Platform\unittest\bin\Debug\net472\VideoOS.Platform.Tests.dll" adapterTypeName="executor://mstestadapter/v2" className="VideoOS.Platform.Tests.Messaging.CommunicationIdFilterTests" name="ToString_WithTypeAndMessage" />
    </UnitTest>
    <UnitTest name="ToJson_ListElement_Array" storage="d:\actions-runner\_work\xpco\xpco\mip\platformplugin\videoos.platform\unittest\bin\debug\net472\videoos.platform.tests.dll" id="c47b0ccb-123e-8cec-2750-cacbc255e2ef">
      <Execution id="bf510ff0-471b-46cd-9ff1-bfea4b890f65" />
      <TestMethod codeBase="D:\actions-runner\_work\XPCO\XPCO\MIP\PlatformPlugin\VideoOS.Platform\unittest\bin\Debug\net472\VideoOS.Platform.Tests.dll" adapterTypeName="executor://mstestadapter/v2" className="VideoOS.Platform.Tests.Proxy.RestApi.JsonReaderTests" name="ToJson_ListElement_Array" />
    </UnitTest>
    <UnitTest name="WriteXml_ShouldWriteBoundingBoxAppearanceContents_WhenTheyArePresent" storage="d:\actions-runner\_work\xpco\xpco\mip\platformplugin\videoos.platform\unittest\bin\debug\net472\videoos.platform.tests.dll" id="d7212be9-a773-7051-2296-d1e014528157">
      <Execution id="9b5d6525-6a86-46d0-800f-8b97b3eb7b16" />
      <TestMethod codeBase="D:\actions-runner\_work\XPCO\XPCO\MIP\PlatformPlugin\VideoOS.Platform\unittest\bin\Debug\net472\VideoOS.Platform.Tests.dll" adapterTypeName="executor://mstestadapter/v2" className="VideoOS.Platform.Tests.Metadata.ShapeTests" name="WriteXml_ShouldWriteBoundingBoxAppearanceContents_WhenTheyArePresent" />
    </UnitTest>
    <UnitTest name="ReadXml_ShouldReadLatitude_WhenLatitudeIsPresent" storage="d:\actions-runner\_work\xpco\xpco\mip\platformplugin\videoos.platform\unittest\bin\debug\net472\videoos.platform.tests.dll" id="b11280c6-b927-424b-97d9-4a8daa017667">
      <Execution id="a18287f6-acc6-4e76-8270-f96b3b86227b" />
      <TestMethod codeBase="D:\actions-runner\_work\XPCO\XPCO\MIP\PlatformPlugin\VideoOS.Platform\unittest\bin\Debug\net472\VideoOS.Platform.Tests.dll" adapterTypeName="executor://mstestadapter/v2" className="VideoOS.Platform.Tests.Metadata.NavigationalDataTests" name="ReadXml_ShouldReadLatitude_WhenLatitudeIsPresent" />
    </UnitTest>
    <UnitTest name="HorizontalAccuracy_ShouldThrowArgumentOfRange_WhenValueIsOutsideAcceptedRange" storage="d:\actions-runner\_work\xpco\xpco\mip\platformplugin\videoos.platform\unittest\bin\debug\net472\videoos.platform.tests.dll" id="890cd7d3-d5de-1eb5-735a-80921ce3d8c1">
      <Execution id="19eed6c7-ed19-4ba8-bb3f-c48dc524943e" />
      <TestMethod codeBase="D:\actions-runner\_work\XPCO\XPCO\MIP\PlatformPlugin\VideoOS.Platform\unittest\bin\Debug\net472\VideoOS.Platform.Tests.dll" adapterTypeName="executor://mstestadapter/v2" className="VideoOS.Platform.Tests.Metadata.NavigationalDataTests" name="HorizontalAccuracy_ShouldThrowArgumentOfRange_WhenValueIsOutsideAcceptedRange" />
    </UnitTest>
    <UnitTest name="Serialize_TestCases (TestParentTypeMatchCollectionNotThisTypeNotMatched)" storage="d:\actions-runner\_work\xpco\xpco\mip\platformplugin\videoos.platform\unittest\bin\debug\net472\videoos.platform.tests.dll" id="fe04fee8-8e91-5fdd-deeb-dfb39b790e19">
      <Execution id="662c51d2-3418-4ff9-a1b1-e058088c7681" />
      <TestMethod codeBase="D:\actions-runner\_work\XPCO\XPCO\MIP\PlatformPlugin\VideoOS.Platform\unittest\bin\Debug\net472\VideoOS.Platform.Tests.dll" adapterTypeName="executor://mstestadapter/v2" className="VideoOS.Platform.Tests.UI.Controls.Automation.Serialization.AutomationObjectSerializerTest" name="Serialize_TestCases" />
    </UnitTest>
    <UnitTest name="GenerateDeviceCapabilityParameters_ShouldWriteMinimum_WhenAlways" storage="d:\actions-runner\_work\xpco\xpco\mip\platformplugin\videoos.platform\unittest\bin\debug\net472\videoos.platform.tests.dll" id="1b66a21c-10a6-0908-6fbd-7ece73d7fb3e">
      <Execution id="3c52d42c-d10b-481a-914f-9f051d302198" />
      <TestMethod codeBase="D:\actions-runner\_work\XPCO\XPCO\MIP\PlatformPlugin\VideoOS.Platform\unittest\bin\Debug\net472\VideoOS.Platform.Tests.dll" adapterTypeName="executor://mstestadapter/v2" className="VideoOS.Platform.Tests.Data.DataCapabilityTests" name="GenerateDeviceCapabilityParameters_ShouldWriteMinimum_WhenAlways" />
    </UnitTest>
    <UnitTest name="WriteMetadataXml_ShouldThrowArgumentNullException_WhenMetadataIsNullWithStream" storage="d:\actions-runner\_work\xpco\xpco\mip\platformplugin\videoos.platform\unittest\bin\debug\net472\videoos.platform.tests.dll" id="0479c184-1f1e-07e0-e9bf-b787331a6833">
      <Execution id="9245ba39-1659-4570-9381-788e3064d478" />
      <TestMethod codeBase="D:\actions-runner\_work\XPCO\XPCO\MIP\PlatformPlugin\VideoOS.Platform\unittest\bin\Debug\net472\VideoOS.Platform.Tests.dll" adapterTypeName="executor://mstestadapter/v2" className="VideoOS.Platform.Tests.Metadata.MetadataSerializerTests" name="WriteMetadataXml_ShouldThrowArgumentNullException_WhenMetadataIsNullWithStream" />
    </UnitTest>
    <UnitTest name="MarkupExtension_ShouldChangeContentTemplate_WhenContentTemplateOnSelectedItemChanges" storage="d:\actions-runner\_work\xpco\xpco\mip\platformplugin\videoos.platform\unittest\bin\debug\net472\videoos.platform.tests.dll" id="72564ee7-6904-9d2d-9a11-6e408d6771a9">
      <TestCategory>
        <TestCategoryItem TestCategory="DropDowns" />
      </TestCategory>
      <Execution id="6cb2868a-11de-4a3e-9f5e-72e9c5ea7b5c" />
      <TestMethod codeBase="D:\actions-runner\_work\XPCO\XPCO\MIP\PlatformPlugin\VideoOS.Platform\unittest\bin\Debug\net472\VideoOS.Platform.Tests.dll" adapterTypeName="executor://mstestadapter/v2" className="VideoOS.Platform.Tests.UI.Controls.DropDowns.Internal.SelectedItemContentTemplateExtensionTest" name="MarkupExtension_ShouldChangeContentTemplate_WhenContentTemplateOnSelectedItemChanges" />
    </UnitTest>
    <UnitTest name="HasExtensionDataPresent_ShouldReturnTrue_WhenLineDisplayPixelThicknessIsSet" storage="d:\actions-runner\_work\xpco\xpco\mip\platformplugin\videoos.platform\unittest\bin\debug\net472\videoos.platform.tests.dll" id="ea4cc4d0-6ac5-366c-ac2d-a5c2c9cb07e6">
      <Execution id="23dbf374-47ef-492c-9540-7ee4564007b0" />
      <TestMethod codeBase="D:\actions-runner\_work\XPCO\XPCO\MIP\PlatformPlugin\VideoOS.Platform\unittest\bin\Debug\net472\VideoOS.Platform.Tests.dll" adapterTypeName="executor://mstestadapter/v2" className="VideoOS.Platform.Tests.Metadata.RectangleTests" name="HasExtensionDataPresent_ShouldReturnTrue_WhenLineDisplayPixelThicknessIsSet" />
    </UnitTest>
    <UnitTest name="Constructor_ShouldThrowArgumentNullException_WhenMacAddressIsNull" storage="d:\actions-runner\_work\xpco\xpco\mip\platformplugin\videoos.platform\unittest\bin\debug\net472\videoos.platform.tests.dll" id="d39f235d-2e7d-3e96-21e3-c8d6d50c5857">
      <Execution id="bd0a0d4d-3c15-4d4f-8a74-fc868e26d218" />
      <TestMethod codeBase="D:\actions-runner\_work\XPCO\XPCO\MIP\PlatformPlugin\VideoOS.Platform\unittest\bin\Debug\net472\VideoOS.Platform.Tests.dll" adapterTypeName="executor://mstestadapter/v2" className="VideoOS.Platform.Tests.Data.HardwareDefinitionTests" name="Constructor_ShouldThrowArgumentNullException_WhenMacAddressIsNull" />
    </UnitTest>
    <UnitTest name="ParsingAndSerializing_ShouldPreserveDataIntegrety" storage="d:\actions-runner\_work\xpco\xpco\mip\platformplugin\videoos.platform\unittest\bin\debug\net472\videoos.platform.tests.dll" id="bd4bf395-8f98-04c2-c5f8-cab1c6647ef1">
      <Execution id="e2b3aad7-5933-486d-8905-fc7afd369a26" />
      <TestMethod codeBase="D:\actions-runner\_work\XPCO\XPCO\MIP\PlatformPlugin\VideoOS.Platform\unittest\bin\Debug\net472\VideoOS.Platform.Tests.dll" adapterTypeName="executor://mstestadapter/v2" className="VideoOS.Platform.Tests.Metadata.MetadataDeserializerTests" name="ParsingAndSerializing_ShouldPreserveDataIntegrety" />
    </UnitTest>
    <UnitTest name="GetClientAsync_StartsClient_WhenFirst" storage="d:\actions-runner\_work\xpco\xpco\mip\platformplugin\videoos.platform\unittest\bin\debug\net472\videoos.platform.tests.dll" id="e56c92d2-c559-22db-a2e2-d0987b0def17">
      <Execution id="7c9d714f-b665-40ff-893b-8f320ed26467" />
      <TestMethod codeBase="D:\actions-runner\_work\XPCO\XPCO\MIP\PlatformPlugin\VideoOS.Platform\unittest\bin\Debug\net472\VideoOS.Platform.Tests.dll" adapterTypeName="executor://mstestadapter/v2" className="VideoOS.Platform.Tests.Messaging.MessageClientManagerTests" name="GetClientAsync_StartsClient_WhenFirst" />
    </UnitTest>
    <UnitTest name="ReadXml_ShouldDiscardBoundingBox_WhenIncompleteBoundingBoxIsPresent" storage="d:\actions-runner\_work\xpco\xpco\mip\platformplugin\videoos.platform\unittest\bin\debug\net472\videoos.platform.tests.dll" id="07d6b577-3d60-1f8f-d4b8-5715e136ec3a">
      <Execution id="6d0abbb1-1c85-478f-b636-f53bf4aad9d1" />
      <TestMethod codeBase="D:\actions-runner\_work\XPCO\XPCO\MIP\PlatformPlugin\VideoOS.Platform\unittest\bin\Debug\net472\VideoOS.Platform.Tests.dll" adapterTypeName="executor://mstestadapter/v2" className="VideoOS.Platform.Tests.Metadata.ShapeTests" name="ReadXml_ShouldDiscardBoundingBox_WhenIncompleteBoundingBoxIsPresent" />
    </UnitTest>
    <UnitTest name="GetExpectedToken_ShouldReturnMD5_WhenInputTokenHashTypeIsMD5" storage="d:\actions-runner\_work\xpco\xpco\mip\platformplugin\videoos.platform\unittest\bin\debug\net472\videoos.platform.tests.dll" id="8e460e03-2bfd-8239-d4ce-aaba6f07f2d0">
      <Execution id="71433062-31af-4310-9680-8fc16c4a232a" />
      <TestMethod codeBase="D:\actions-runner\_work\XPCO\XPCO\MIP\PlatformPlugin\VideoOS.Platform\unittest\bin\Debug\net472\VideoOS.Platform.Tests.dll" adapterTypeName="executor://mstestadapter/v2" className="VideoOS.Platform.Tests.Data.MediaProviderInternal.UtilityTests" name="GetExpectedToken_ShouldReturnMD5_WhenInputTokenHashTypeIsMD5" />
    </UnitTest>
    <UnitTest name="GenerateDeviceParameters_ShouldWriteNumberOfTypeDefintions_WhenAlways" storage="d:\actions-runner\_work\xpco\xpco\mip\platformplugin\videoos.platform\unittest\bin\debug\net472\videoos.platform.tests.dll" id="ad962b0e-987d-63ea-d90a-c4db7582df00">
      <Execution id="cd3b4fa4-7fcb-4eb4-b319-877363fcd2a5" />
      <TestMethod codeBase="D:\actions-runner\_work\XPCO\XPCO\MIP\PlatformPlugin\VideoOS.Platform\unittest\bin\Debug\net472\VideoOS.Platform.Tests.dll" adapterTypeName="executor://mstestadapter/v2" className="VideoOS.Platform.Tests.Data.MetadataDeviceDefintionTests" name="GenerateDeviceParameters_ShouldWriteNumberOfTypeDefintions_WhenAlways" />
    </UnitTest>
    <UnitTest name="CreateSearchResultUserControl_SinglePluginMultipleUserControlsPlugins_Success" storage="d:\actions-runner\_work\xpco\xpco\mip\platformplugin\videoos.platform\unittest\bin\debug\net472\videoos.platform.tests.dll" id="293f208d-a107-c0fc-0068-8de4f4577501">
      <TestCategory>
        <TestCategoryItem TestCategory="Search" />
      </TestCategory>
      <Execution id="b4854441-ee7a-4f56-b5f5-fede67a78d6d" />
      <TestMethod codeBase="D:\actions-runner\_work\XPCO\XPCO\MIP\PlatformPlugin\VideoOS.Platform\unittest\bin\Debug\net472\VideoOS.Platform.Tests.dll" adapterTypeName="executor://mstestadapter/v2" className="VideoOS.Platform.Tests.Search.SearchUserControlResolverTest" name="CreateSearchResultUserControl_SinglePluginMultipleUserControlsPlugins_Success" />
    </UnitTest>
    <UnitTest name="TestCreateSearchDefinition_Success" storage="d:\actions-runner\_work\xpco\xpco\mip\platformplugin\videoos.platform\unittest\bin\debug\net472\videoos.platform.tests.dll" id="be3b82dd-8df9-5360-ff99-6eca540698eb">
      <TestCategory>
        <TestCategoryItem TestCategory="Search" />
      </TestCategory>
      <Execution id="f7c5859f-f44f-477e-b232-6e8c63d49d74" />
      <TestMethod codeBase="D:\actions-runner\_work\XPCO\XPCO\MIP\PlatformPlugin\VideoOS.Platform\unittest\bin\Debug\net472\VideoOS.Platform.Tests.dll" adapterTypeName="executor://mstestadapter/v2" className="VideoOS.Platform.Tests.Search.SearchManagerTest" name="TestCreateSearchDefinition_Success" />
    </UnitTest>
    <UnitTest name="GetIdFromPath_ShouldReturnId_FromFullPath" storage="d:\actions-runner\_work\xpco\xpco\mip\platformplugin\videoos.platform\unittest\bin\debug\net472\videoos.platform.tests.dll" id="23ab757f-fe97-afaf-d8cf-cc47b5d58278">
      <Execution id="680078af-2f1a-4651-a116-fd0b3da9056a" />
      <TestMethod codeBase="D:\actions-runner\_work\XPCO\XPCO\MIP\PlatformPlugin\VideoOS.Platform\unittest\bin\Debug\net472\VideoOS.Platform.Tests.dll" adapterTypeName="executor://mstestadapter/v2" className="VideoOS.Platform.Tests.ConfigurationItems.FactoryTests" name="GetIdFromPath_ShouldReturnId_FromFullPath" />
    </UnitTest>
    <UnitTest name="ReadXml_ShouldIgnoreUnknownChildren_WhenUnknownChildrenArePresent" storage="d:\actions-runner\_work\xpco\xpco\mip\platformplugin\videoos.platform\unittest\bin\debug\net472\videoos.platform.tests.dll" id="e99720dc-b5ca-82eb-619d-d041c4804cad">
      <Execution id="58ad8938-c2b9-4be1-8d10-c876b2d0911d" />
      <TestMethod codeBase="D:\actions-runner\_work\XPCO\XPCO\MIP\PlatformPlugin\VideoOS.Platform\unittest\bin\Debug\net472\VideoOS.Platform.Tests.dll" adapterTypeName="executor://mstestadapter/v2" className="VideoOS.Platform.Tests.Metadata.OnvifObjectTests" name="ReadXml_ShouldIgnoreUnknownChildren_WhenUnknownChildrenArePresent" />
    </UnitTest>
    <UnitTest name="ReadXml_ShouldDiscardScale_WhenIncompleteScaleIsPresent" storage="d:\actions-runner\_work\xpco\xpco\mip\platformplugin\videoos.platform\unittest\bin\debug\net472\videoos.platform.tests.dll" id="225e2319-c278-70af-0c9e-1f0e59bd70af">
      <Execution id="50fb0f20-af68-404c-a2f8-c6e3f35da112" />
      <TestMethod codeBase="D:\actions-runner\_work\XPCO\XPCO\MIP\PlatformPlugin\VideoOS.Platform\unittest\bin\Debug\net472\VideoOS.Platform.Tests.dll" adapterTypeName="executor://mstestadapter/v2" className="VideoOS.Platform.Tests.Metadata.TransformationTests" name="ReadXml_ShouldDiscardScale_WhenIncompleteScaleIsPresent" />
    </UnitTest>
    <UnitTest name="GetPrevious_ShouldReturnNull_WhenCacheHasJustBenLoadedWithNewData" storage="d:\actions-runner\_work\xpco\xpco\mip\platformplugin\videoos.platform\unittest\bin\debug\net472\videoos.platform.tests.dll" id="6b68b022-949d-c4fe-8f3f-d5c254031f0f">
      <Execution id="38307ec9-4e1f-4d0a-9b84-18aa9c3ad3cf" />
      <TestMethod codeBase="D:\actions-runner\_work\XPCO\XPCO\MIP\PlatformPlugin\VideoOS.Platform\unittest\bin\Debug\net472\VideoOS.Platform.Tests.dll" adapterTypeName="executor://mstestadapter/v2" className="VideoOS.Platform.Tests.Data.MetadataCacheTests" name="GetPrevious_ShouldReturnNull_WhenCacheHasJustBenLoadedWithNewData" />
    </UnitTest>
    <UnitTest name="Match_Fail_SystemType_WrongType_Single" storage="d:\actions-runner\_work\xpco\xpco\mip\platformplugin\videoos.platform\unittest\bin\debug\net472\videoos.platform.tests.dll" id="9c3bf906-36ef-3f5d-6689-5fb9e3aa8d47">
      <Execution id="309da9fe-d672-4987-a2df-96035aff0b54" />
      <TestMethod codeBase="D:\actions-runner\_work\XPCO\XPCO\MIP\PlatformPlugin\VideoOS.Platform\unittest\bin\Debug\net472\VideoOS.Platform.Tests.dll" adapterTypeName="executor://mstestadapter/v2" className="VideoOS.Platform.Tests.Messaging.CommunicationIdFilterTests" name="Match_Fail_SystemType_WrongType_Single" />
    </UnitTest>
    <UnitTest name="Serialize_Camera_Checked" storage="d:\actions-runner\_work\xpco\xpco\mip\platformplugin\videoos.platform\unittest\bin\debug\net472\videoos.platform.tests.dll" id="a67dddae-fbaa-38ff-493a-4fb494200940">
      <Execution id="77517579-dd93-4289-9b3d-9bcc3fe5e65e" />
      <TestMethod codeBase="D:\actions-runner\_work\XPCO\XPCO\MIP\PlatformPlugin\VideoOS.Platform\unittest\bin\Debug\net472\VideoOS.Platform.Tests.dll" adapterTypeName="executor://mstestadapter/v2" className="VideoOS.Platform.Tests.FQIDtests" name="Serialize_Camera_Checked" />
    </UnitTest>
    <UnitTest name="BuildOverlayWidthHeightBaseEvent_ShouldReturnCorrectSizedBitmap_WhenArgumentIsAnalyticsEvent" storage="d:\actions-runner\_work\xpco\xpco\mip\platformplugin\videoos.platform\unittest\bin\debug\net472\videoos.platform.tests.dll" id="555e4b79-92bf-9342-267d-e971e8e557fa">
      <Execution id="2a67b02d-e884-4eba-af65-f0975329bbe9" />
      <TestMethod codeBase="D:\actions-runner\_work\XPCO\XPCO\MIP\PlatformPlugin\VideoOS.Platform\unittest\bin\Debug\net472\VideoOS.Platform.Tests.dll" adapterTypeName="executor://mstestadapter/v2" className="VideoOS.Platform.Tests.Util.AnalyticsOverlayBuilderTests" name="BuildOverlayWidthHeightBaseEvent_ShouldReturnCorrectSizedBitmap_WhenArgumentIsAnalyticsEvent" />
    </UnitTest>
    <UnitTest name="RegionSelectionFilterValue_Deserialize_Success" storage="d:\actions-runner\_work\xpco\xpco\mip\platformplugin\videoos.platform\unittest\bin\debug\net472\videoos.platform.tests.dll" id="ba44ddc9-34e5-6996-f0e1-93c6786eed78">
      <TestCategory>
        <TestCategoryItem TestCategory="Search" />
      </TestCategory>
      <Execution id="df111fe5-c2b8-4dcb-9c16-bde6ad8c8e9d" />
      <TestMethod codeBase="D:\actions-runner\_work\XPCO\XPCO\MIP\PlatformPlugin\VideoOS.Platform\unittest\bin\Debug\net472\VideoOS.Platform.Tests.dll" adapterTypeName="executor://mstestadapter/v2" className="VideoOS.Platform.Tests.Search.FilterValues.FilterValueTests" name="RegionSelectionFilterValue_Deserialize_Success" />
    </UnitTest>
    <UnitTest name="TryParseArgbString_ShouldCreateInstanceWithCorrectARGBValues_WhenFormatIsCorrect" storage="d:\actions-runner\_work\xpco\xpco\mip\platformplugin\videoos.platform\unittest\bin\debug\net472\videoos.platform.tests.dll" id="8b839df5-395a-2e9c-1956-4200a4a4d5cd">
      <Execution id="90389adb-bb9c-4de9-877f-2626dc6fa374" />
      <TestMethod codeBase="D:\actions-runner\_work\XPCO\XPCO\MIP\PlatformPlugin\VideoOS.Platform\unittest\bin\Debug\net472\VideoOS.Platform.Tests.dll" adapterTypeName="executor://mstestadapter/v2" className="VideoOS.Platform.Tests.Metadata.DisplayColorTests" name="TryParseArgbString_ShouldCreateInstanceWithCorrectARGBValues_WhenFormatIsCorrect" />
    </UnitTest>
    <UnitTest name="GetAtOrBefore_ShouldReturnNull_WhenTimestampIsBeforeFirstElement" storage="d:\actions-runner\_work\xpco\xpco\mip\platformplugin\videoos.platform\unittest\bin\debug\net472\videoos.platform.tests.dll" id="31c80297-0b11-c824-d2b2-d7f2c10e7839">
      <Execution id="cb7430bd-4727-4a1b-9fe3-478369b6a87e" />
      <TestMethod codeBase="D:\actions-runner\_work\XPCO\XPCO\MIP\PlatformPlugin\VideoOS.Platform\unittest\bin\Debug\net472\VideoOS.Platform.Tests.dll" adapterTypeName="executor://mstestadapter/v2" className="VideoOS.Platform.Tests.Data.MetadataCacheTests" name="GetAtOrBefore_ShouldReturnNull_WhenTimestampIsBeforeFirstElement" />
    </UnitTest>
    <UnitTest name="WriteXml_ShouldOmitElements_WhenTheyAreNull" storage="d:\actions-runner\_work\xpco\xpco\mip\platformplugin\videoos.platform\unittest\bin\debug\net472\videoos.platform.tests.dll" id="30e80c89-c117-83fc-53e9-5be5181f841c">
      <Execution id="529db635-6359-4a3f-97db-0f1b52340fa0" />
      <TestMethod codeBase="D:\actions-runner\_work\XPCO\XPCO\MIP\PlatformPlugin\VideoOS.Platform\unittest\bin\Debug\net472\VideoOS.Platform.Tests.dll" adapterTypeName="executor://mstestadapter/v2" className="VideoOS.Platform.Tests.Metadata.TransformationTests" name="WriteXml_ShouldOmitElements_WhenTheyAreNull" />
    </UnitTest>
    <UnitTest name="UtcTimeAttributeWasPresent_ShouldReturnTrue_WhenUtcTimeAttributeIsParsed" storage="d:\actions-runner\_work\xpco\xpco\mip\platformplugin\videoos.platform\unittest\bin\debug\net472\videoos.platform.tests.dll" id="9fc73790-9fce-7434-a93e-864e387eae18">
      <Execution id="6adada52-29b2-4e4d-bb6a-2ef12de9958c" />
      <TestMethod codeBase="D:\actions-runner\_work\XPCO\XPCO\MIP\PlatformPlugin\VideoOS.Platform\unittest\bin\Debug\net472\VideoOS.Platform.Tests.dll" adapterTypeName="executor://mstestadapter/v2" className="VideoOS.Platform.Tests.Metadata.FrameTests" name="UtcTimeAttributeWasPresent_ShouldReturnTrue_WhenUtcTimeAttributeIsParsed" />
    </UnitTest>
    <UnitTest name="GetItems_ShouldReturnList_WhenAllAdded" storage="d:\actions-runner\_work\xpco\xpco\mip\platformplugin\videoos.platform\unittest\bin\debug\net472\videoos.platform.tests.dll" id="4869fcc0-9c89-53f1-f0e6-6ac4c4ca00cc">
      <Execution id="19a191f7-c69b-455f-81e3-02b8cacde42f" />
      <TestMethod codeBase="D:\actions-runner\_work\XPCO\XPCO\MIP\PlatformPlugin\VideoOS.Platform\unittest\bin\Debug\net472\VideoOS.Platform.Tests.dll" adapterTypeName="executor://mstestadapter/v2" className="VideoOS.Platform.Tests.Util.ConfigurationCacheTests" name="GetItems_ShouldReturnList_WhenAllAdded" />
    </UnitTest>
    <UnitTest name="LastModified_ShouldReturnMinValue_WhenUnknownKind" storage="d:\actions-runner\_work\xpco\xpco\mip\platformplugin\videoos.platform\unittest\bin\debug\net472\videoos.platform.tests.dll" id="c1d75516-b54b-45bf-488a-9e0ebd61f8c4">
      <Execution id="8d07b77c-39a9-48aa-a621-9572ccd2a631" />
      <TestMethod codeBase="D:\actions-runner\_work\XPCO\XPCO\MIP\PlatformPlugin\VideoOS.Platform\unittest\bin\Debug\net472\VideoOS.Platform.Tests.dll" adapterTypeName="executor://mstestadapter/v2" className="VideoOS.Platform.Tests.Util.ConfigurationCacheTests" name="LastModified_ShouldReturnMinValue_WhenUnknownKind" />
    </UnitTest>
    <UnitTest name="Remove_ShouldInvokeCallback_WhenObservable" storage="d:\actions-runner\_work\xpco\xpco\mip\platformplugin\videoos.platform\unittest\bin\debug\net472\videoos.platform.tests.dll" id="a344a1b7-3c88-1dd6-4640-84dd30900694">
      <Execution id="52fed657-d169-4722-b219-b2bfd4ebe4c0" />
      <TestMethod codeBase="D:\actions-runner\_work\XPCO\XPCO\MIP\PlatformPlugin\VideoOS.Platform\unittest\bin\Debug\net472\VideoOS.Platform.Tests.dll" adapterTypeName="executor://mstestadapter/v2" className="VideoOS.Platform.Tests.UI.Controls.CollectionHelperTest" name="Remove_ShouldInvokeCallback_WhenObservable" />
    </UnitTest>
    <UnitTest name="WriteXml_ShouldWriteTransformationContents_WhenTransformationIsNotNull" storage="d:\actions-runner\_work\xpco\xpco\mip\platformplugin\videoos.platform\unittest\bin\debug\net472\videoos.platform.tests.dll" id="1eb1dc9e-0313-f642-c091-1fcc25a2d80c">
      <Execution id="ce3ca47d-0709-49f0-b02c-3e48676f48c5" />
      <TestMethod codeBase="D:\actions-runner\_work\XPCO\XPCO\MIP\PlatformPlugin\VideoOS.Platform\unittest\bin\Debug\net472\VideoOS.Platform.Tests.dll" adapterTypeName="executor://mstestadapter/v2" className="VideoOS.Platform.Tests.Metadata.AppearanceTests" name="WriteXml_ShouldWriteTransformationContents_WhenTransformationIsNotNull" />
    </UnitTest>
    <UnitTest name="Clear_ShouldInvokeCallback_WhenObservable" storage="d:\actions-runner\_work\xpco\xpco\mip\platformplugin\videoos.platform\unittest\bin\debug\net472\videoos.platform.tests.dll" id="023f7f43-765e-9b8d-a4fb-66ae949e5c24">
      <Execution id="f2bee5bc-45c2-4bb9-9e64-515fbd179ffb" />
      <TestMethod codeBase="D:\actions-runner\_work\XPCO\XPCO\MIP\PlatformPlugin\VideoOS.Platform\unittest\bin\Debug\net472\VideoOS.Platform.Tests.dll" adapterTypeName="executor://mstestadapter/v2" className="VideoOS.Platform.Tests.UI.Controls.CollectionHelperGenericTest" name="Clear_ShouldInvokeCallback_WhenObservable" />
    </UnitTest>
    <UnitTest name="Equals_ShouldReturnTrue_WhenHostIsTextualLocalhostAndOtherHostIsDottedDecimalThisNetwork" storage="d:\actions-runner\_work\xpco\xpco\mip\platformplugin\videoos.platform\unittest\bin\debug\net472\videoos.platform.tests.dll" id="42e8385e-9428-8ed0-dceb-a1eac93d91de">
      <Execution id="74853745-1e13-4574-9965-2164b03a87ed" />
      <TestMethod codeBase="D:\actions-runner\_work\XPCO\XPCO\MIP\PlatformPlugin\VideoOS.Platform\unittest\bin\Debug\net472\VideoOS.Platform.Tests.dll" adapterTypeName="executor://mstestadapter/v2" className="VideoOS.Platform.Tests.ServerIdTests" name="Equals_ShouldReturnTrue_WhenHostIsTextualLocalhostAndOtherHostIsDottedDecimalThisNetwork" />
    </UnitTest>
    <UnitTest name="GetIdFromPath_ShouldReturnId_FromShortPath" storage="d:\actions-runner\_work\xpco\xpco\mip\platformplugin\videoos.platform\unittest\bin\debug\net472\videoos.platform.tests.dll" id="cb13d9c3-56f2-276b-f315-14e9213934da">
      <Execution id="bd824c91-10e4-41f3-ba76-7378c857a09c" />
      <TestMethod codeBase="D:\actions-runner\_work\XPCO\XPCO\MIP\PlatformPlugin\VideoOS.Platform\unittest\bin\Debug\net472\VideoOS.Platform.Tests.dll" adapterTypeName="executor://mstestadapter/v2" className="VideoOS.Platform.Tests.ConfigurationItems.FactoryTests" name="GetIdFromPath_ShouldReturnId_FromShortPath" />
    </UnitTest>
    <UnitTest name="WriteXml_ShouldOmitIsRemovedElement_WhenIsRemovedFalse" storage="d:\actions-runner\_work\xpco\xpco\mip\platformplugin\videoos.platform\unittest\bin\debug\net472\videoos.platform.tests.dll" id="66035837-2c9f-2396-ee34-7f395303e812">
      <Execution id="101de404-6500-4dda-8854-3a538b0d8bac" />
      <TestMethod codeBase="D:\actions-runner\_work\XPCO\XPCO\MIP\PlatformPlugin\VideoOS.Platform\unittest\bin\Debug\net472\VideoOS.Platform.Tests.dll" adapterTypeName="executor://mstestadapter/v2" className="VideoOS.Platform.Tests.Metadata.BehaviourTests" name="WriteXml_ShouldOmitIsRemovedElement_WhenIsRemovedFalse" />
    </UnitTest>
    <UnitTest name="ReadXml_ShouldReadCenterOfGravity_WhenCenterOfGravityIsPresent" storage="d:\actions-runner\_work\xpco\xpco\mip\platformplugin\videoos.platform\unittest\bin\debug\net472\videoos.platform.tests.dll" id="00715417-bfa4-4e4b-edec-0ca28f2d4417">
      <Execution id="36bac900-cfe6-4561-a4f4-09738076899a" />
      <TestMethod codeBase="D:\actions-runner\_work\XPCO\XPCO\MIP\PlatformPlugin\VideoOS.Platform\unittest\bin\Debug\net472\VideoOS.Platform.Tests.dll" adapterTypeName="executor://mstestadapter/v2" className="VideoOS.Platform.Tests.Metadata.ShapeTests" name="ReadXml_ShouldReadCenterOfGravity_WhenCenterOfGravityIsPresent" />
    </UnitTest>
    <UnitTest name="GetColorFilterValues_MultiSelection_Success" storage="d:\actions-runner\_work\xpco\xpco\mip\platformplugin\videoos.platform\unittest\bin\debug\net472\videoos.platform.tests.dll" id="3a583449-4deb-358f-f880-2478ec9ff18a">
      <TestCategory>
        <TestCategoryItem TestCategory="Search" />
      </TestCategory>
      <Execution id="c171c1f5-fd9e-4edc-8338-21166b3fa4fc" />
      <TestMethod codeBase="D:\actions-runner\_work\XPCO\XPCO\MIP\PlatformPlugin\VideoOS.Platform\unittest\bin\Debug\net472\VideoOS.Platform.Tests.dll" adapterTypeName="executor://mstestadapter/v2" className="VideoOS.Platform.Tests.Search.FilterCategories.VehicleSearchFilterCategoryTest" name="GetColorFilterValues_MultiSelection_Success" />
    </UnitTest>
    <UnitTest name="Parse_UnstartedBracket" storage="d:\actions-runner\_work\xpco\xpco\mip\platformplugin\videoos.platform\unittest\bin\debug\net472\videoos.platform.tests.dll" id="19d3a582-cf55-1f18-55fd-1cbf218e3c1b">
      <Execution id="ab393c57-108a-45f4-bab7-f0a808f781c3" />
      <TestMethod codeBase="D:\actions-runner\_work\XPCO\XPCO\MIP\PlatformPlugin\VideoOS.Platform\unittest\bin\Debug\net472\VideoOS.Platform.Tests.dll" adapterTypeName="executor://mstestadapter/v2" className="VideoOS.Platform.Tests.Proxy.RestApi.JsonReaderTests" name="Parse_UnstartedBracket" />
    </UnitTest>
    <UnitTest name="MD5Hex32_ShouldReturnMD5Hash_WhenInputIsNotNull" storage="d:\actions-runner\_work\xpco\xpco\mip\platformplugin\videoos.platform\unittest\bin\debug\net472\videoos.platform.tests.dll" id="257c0922-44f0-686e-e1ab-2ecaa57524ac">
      <Execution id="947331b9-e78f-4b3c-aacf-d1e307f34220" />
      <TestMethod codeBase="D:\actions-runner\_work\XPCO\XPCO\MIP\PlatformPlugin\VideoOS.Platform\unittest\bin\Debug\net472\VideoOS.Platform.Tests.dll" adapterTypeName="executor://mstestadapter/v2" className="VideoOS.Platform.Tests.Data.MediaProviderInternal.UtilityTests" name="MD5Hex32_ShouldReturnMD5Hash_WhenInputIsNotNull" />
    </UnitTest>
    <UnitTest name="ReadXml_ShouldReadItalicAttribute_WhenPresent" storage="d:\actions-runner\_work\xpco\xpco\mip\platformplugin\videoos.platform\unittest\bin\debug\net472\videoos.platform.tests.dll" id="805392f0-f3e7-2021-caac-8cfa4d85f84a">
      <Execution id="d931c8f2-5be0-4e68-930f-1cf5e8b2312a" />
      <TestMethod codeBase="D:\actions-runner\_work\XPCO\XPCO\MIP\PlatformPlugin\VideoOS.Platform\unittest\bin\Debug\net472\VideoOS.Platform.Tests.dll" adapterTypeName="executor://mstestadapter/v2" className="VideoOS.Platform.Tests.Metadata.DisplayTextTests" name="ReadXml_ShouldReadItalicAttribute_WhenPresent" />
    </UnitTest>
    <UnitTest name="Add_CacheItemExpires_ItemRemovedFromCacheAfterExpirationAndPostRemovalActionExecuted" storage="d:\actions-runner\_work\xpco\xpco\mip\platformplugin\videoos.platform\unittest\bin\debug\net472\videoos.platform.tests.dll" id="87624c9b-97b8-ed79-9d92-4a653ba64699">
      <Execution id="373b977e-4ba1-4fa4-9e36-da229e0c68ad" />
      <TestMethod codeBase="D:\actions-runner\_work\XPCO\XPCO\MIP\PlatformPlugin\VideoOS.Platform\unittest\bin\Debug\net472\VideoOS.Platform.Tests.dll" adapterTypeName="executor://mstestadapter/v2" className="VideoOS.Platform.Tests.Util.Queue.LRUCacheTests" name="Add_CacheItemExpires_ItemRemovedFromCacheAfterExpirationAndPostRemovalActionExecuted" />
    </UnitTest>
    <UnitTest name="GetTranslations_Success" storage="d:\actions-runner\_work\xpco\xpco\mip\platformplugin\videoos.platform\unittest\bin\debug\net472\videoos.platform.tests.dll" id="7cd2c95d-3a22-0d5c-c07f-69fa30ef94a1">
      <Execution id="2fa30278-5ede-48c8-be7d-a1d0f6672ee4" />
      <TestMethod codeBase="D:\actions-runner\_work\XPCO\XPCO\MIP\PlatformPlugin\VideoOS.Platform\unittest\bin\Debug\net472\VideoOS.Platform.Tests.dll" adapterTypeName="executor://mstestadapter/v2" className="VideoOS.Platform.Tests.Proxy.RestApi.RestApiClientDecoratorTests" name="GetTranslations_Success" />
    </UnitTest>
    <UnitTest name="Properties_DefaultValues" storage="d:\actions-runner\_work\xpco\xpco\mip\platformplugin\videoos.platform\unittest\bin\debug\net472\videoos.platform.tests.dll" id="caf15171-15c0-e44f-4ded-3471eafc2c21">
      <Execution id="c7ed1b95-bf89-41b7-a1ed-40e2037b20f4" />
      <TestMethod codeBase="D:\actions-runner\_work\XPCO\XPCO\MIP\PlatformPlugin\VideoOS.Platform\unittest\bin\Debug\net472\VideoOS.Platform.Tests.dll" adapterTypeName="executor://mstestadapter/v2" className="VideoOS.Platform.Tests.UI.ItemPicker.ItemPickerViewModelTest" name="Properties_DefaultValues" />
    </UnitTest>
    <UnitTest name="GenerateDeviceCapabilityParameters_ShouldWriteTypeAsEnum_WhenAlways" storage="d:\actions-runner\_work\xpco\xpco\mip\platformplugin\videoos.platform\unittest\bin\debug\net472\videoos.platform.tests.dll" id="c23f9653-e5cb-0826-ce5a-723493994ef0">
      <Execution id="1664b6fe-46ce-410d-846c-499b318b41ef" />
      <TestMethod codeBase="D:\actions-runner\_work\XPCO\XPCO\MIP\PlatformPlugin\VideoOS.Platform\unittest\bin\Debug\net472\VideoOS.Platform.Tests.dll" adapterTypeName="executor://mstestadapter/v2" className="VideoOS.Platform.Tests.Data.EnumCapabilityTests" name="GenerateDeviceCapabilityParameters_ShouldWriteTypeAsEnum_WhenAlways" />
    </UnitTest>
    <UnitTest name="Serialize_ShouldThrowException_WhenPropertyCollectionTypeButPathDoesNotIndicateCollection (CollectionNotEmptyListProperty)" storage="d:\actions-runner\_work\xpco\xpco\mip\platformplugin\videoos.platform\unittest\bin\debug\net472\videoos.platform.tests.dll" id="2a6fcd29-269e-eeb7-49d5-2221d6cf773a">
      <Execution id="80c5c028-98f5-43f7-8622-6d58498230d9" />
      <TestMethod codeBase="D:\actions-runner\_work\XPCO\XPCO\MIP\PlatformPlugin\VideoOS.Platform\unittest\bin\Debug\net472\VideoOS.Platform.Tests.dll" adapterTypeName="executor://mstestadapter/v2" className="VideoOS.Platform.Tests.UI.Controls.Automation.Serialization.AutomationObjectSerializerTest" name="Serialize_ShouldThrowException_WhenPropertyCollectionTypeButPathDoesNotIndicateCollection" />
    </UnitTest>
    <UnitTest name="Serialize_TestCases (TestParentCollectionNotEmptyListNotMatchedProperty)" storage="d:\actions-runner\_work\xpco\xpco\mip\platformplugin\videoos.platform\unittest\bin\debug\net472\videoos.platform.tests.dll" id="d899ee47-abaf-a792-651a-fda6e7e8076a">
      <Execution id="8fe1968c-6415-48b0-86ff-e35f28da70d7" />
      <TestMethod codeBase="D:\actions-runner\_work\XPCO\XPCO\MIP\PlatformPlugin\VideoOS.Platform\unittest\bin\Debug\net472\VideoOS.Platform.Tests.dll" adapterTypeName="executor://mstestadapter/v2" className="VideoOS.Platform.Tests.UI.Controls.Automation.Serialization.AutomationObjectSerializerTest" name="Serialize_TestCases" />
    </UnitTest>
    <UnitTest name="Serialize_ShouldThrowException_WhenPropertyCollectionTypeButPathDoesNotIndicateCollection (CollectionEmptyListProperty)" storage="d:\actions-runner\_work\xpco\xpco\mip\platformplugin\videoos.platform\unittest\bin\debug\net472\videoos.platform.tests.dll" id="6a188302-28d8-d1a3-63bb-96d48d07bffe">
      <Execution id="368af4dc-d15f-4635-a54c-330187a713a1" />
      <TestMethod codeBase="D:\actions-runner\_work\XPCO\XPCO\MIP\PlatformPlugin\VideoOS.Platform\unittest\bin\Debug\net472\VideoOS.Platform.Tests.dll" adapterTypeName="executor://mstestadapter/v2" className="VideoOS.Platform.Tests.UI.Controls.Automation.Serialization.AutomationObjectSerializerTest" name="Serialize_ShouldThrowException_WhenPropertyCollectionTypeButPathDoesNotIndicateCollection" />
    </UnitTest>
    <UnitTest name="Get_KeyPresent_ReturnsExpectedValue" storage="d:\actions-runner\_work\xpco\xpco\mip\platformplugin\videoos.platform\unittest\bin\debug\net472\videoos.platform.tests.dll" id="6782d7fb-c6f1-9d5e-e21b-8e8665ae821d">
      <Execution id="680e2bdd-7e0d-4650-aeaa-70fa4fff310a" />
      <TestMethod codeBase="D:\actions-runner\_work\XPCO\XPCO\MIP\PlatformPlugin\VideoOS.Platform\unittest\bin\Debug\net472\VideoOS.Platform.Tests.dll" adapterTypeName="executor://mstestadapter/v2" className="VideoOS.Platform.Tests.Util.Queue.LRUCacheTests" name="Get_KeyPresent_ReturnsExpectedValue" />
    </UnitTest>
    <UnitTest name="GenerateParameters_ShouldThrowInvalidOperationException_WhenCodecListContainsNonVideoCodec" storage="d:\actions-runner\_work\xpco\xpco\mip\platformplugin\videoos.platform\unittest\bin\debug\net472\videoos.platform.tests.dll" id="31a03b18-193d-f844-e92f-19d317699a01">
      <Execution id="67d48c34-2b3d-4e36-8461-5d7d980c7018" />
      <TestMethod codeBase="D:\actions-runner\_work\XPCO\XPCO\MIP\PlatformPlugin\VideoOS.Platform\unittest\bin\Debug\net472\VideoOS.Platform.Tests.dll" adapterTypeName="executor://mstestadapter/v2" className="VideoOS.Platform.Tests.Data.CameraDeviceDefinitionTests" name="GenerateParameters_ShouldThrowInvalidOperationException_WhenCodecListContainsNonVideoCodec" />
    </UnitTest>
    <UnitTest name="OverlapsWith_ShouldReturnTrue_WhenArgumenEndTimeIsBeforeEndTimeAndAfterStartTime" storage="d:\actions-runner\_work\xpco\xpco\mip\platformplugin\videoos.platform\unittest\bin\debug\net472\videoos.platform.tests.dll" id="115cf00c-004b-6d3a-9de0-103eb4fece2f">
      <Execution id="3252773f-dab9-4df0-a777-f687ea27d18c" />
      <TestMethod codeBase="D:\actions-runner\_work\XPCO\XPCO\MIP\PlatformPlugin\VideoOS.Platform\unittest\bin\Debug\net472\VideoOS.Platform.Tests.dll" adapterTypeName="executor://mstestadapter/v2" className="VideoOS.Platform.Tests.Util.TimeIntervalTests" name="OverlapsWith_ShouldReturnTrue_WhenArgumenEndTimeIsBeforeEndTimeAndAfterStartTime" />
    </UnitTest>
    <UnitTest name="VideoAnalytics_ShouldReturnEmptyList_WhenVideoAnalyticsHasNotBeenSet" storage="d:\actions-runner\_work\xpco\xpco\mip\platformplugin\videoos.platform\unittest\bin\debug\net472\videoos.platform.tests.dll" id="f9a09191-b933-2d00-0d6e-2a80901374f0">
      <Execution id="9db680e8-5e61-43e6-a8b8-f872b4d8b2cd" />
      <TestMethod codeBase="D:\actions-runner\_work\XPCO\XPCO\MIP\PlatformPlugin\VideoOS.Platform\unittest\bin\Debug\net472\VideoOS.Platform.Tests.dll" adapterTypeName="executor://mstestadapter/v2" className="VideoOS.Platform.Tests.Metadata.MetadataStreamTests" name="VideoAnalytics_ShouldReturnEmptyList_WhenVideoAnalyticsHasNotBeenSet" />
    </UnitTest>
    <UnitTest name="HostInitialized_ShouldNotInvokeCallback_WhenInitializedWithoutItems" storage="d:\actions-runner\_work\xpco\xpco\mip\platformplugin\videoos.platform\unittest\bin\debug\net472\videoos.platform.tests.dll" id="c4e34f90-d96f-cb6b-4d8d-827e8345bbf0">
      <Execution id="f176d6ae-f7d5-452b-8ea8-5eaf4a5c3ed1" />
      <TestMethod codeBase="D:\actions-runner\_work\XPCO\XPCO\MIP\PlatformPlugin\VideoOS.Platform\unittest\bin\Debug\net472\VideoOS.Platform.Tests.dll" adapterTypeName="executor://mstestadapter/v2" className="VideoOS.Platform.Tests.UI.Controls.CollectionHelperTest" name="HostInitialized_ShouldNotInvokeCallback_WhenInitializedWithoutItems" />
    </UnitTest>
    <UnitTest name="GetNearest_ShouldReturnLastElement_WhenTimestampIsSamesAsLastElement" storage="d:\actions-runner\_work\xpco\xpco\mip\platformplugin\videoos.platform\unittest\bin\debug\net472\videoos.platform.tests.dll" id="d44d55cb-b29b-7590-3980-4d0ce2902600">
      <Execution id="b516ab0a-1e28-4487-ab8b-a0c8bf6cf288" />
      <TestMethod codeBase="D:\actions-runner\_work\XPCO\XPCO\MIP\PlatformPlugin\VideoOS.Platform\unittest\bin\Debug\net472\VideoOS.Platform.Tests.dll" adapterTypeName="executor://mstestadapter/v2" className="VideoOS.Platform.Tests.Data.MetadataCacheTests" name="GetNearest_ShouldReturnLastElement_WhenTimestampIsSamesAsLastElement" />
    </UnitTest>
    <UnitTest name="ReadXml_ShouldReadFrameContents_WhenFrameIsPresent" storage="d:\actions-runner\_work\xpco\xpco\mip\platformplugin\videoos.platform\unittest\bin\debug\net472\videoos.platform.tests.dll" id="da6b7e5c-6d35-dc61-721a-7a973091e15b">
      <Execution id="17c9b35d-f574-404f-a576-088bf2f4643c" />
      <TestMethod codeBase="D:\actions-runner\_work\XPCO\XPCO\MIP\PlatformPlugin\VideoOS.Platform\unittest\bin\Debug\net472\VideoOS.Platform.Tests.dll" adapterTypeName="executor://mstestadapter/v2" className="VideoOS.Platform.Tests.Metadata.VideoAnalyticsTests" name="ReadXml_ShouldReadFrameContents_WhenFrameIsPresent" />
    </UnitTest>
    <UnitTest name="Equals_ShouldReturnTrue_WhenHostIsDottedDecimalLocalhostAndOtherHostIsDottedDecimalThisNetwork" storage="d:\actions-runner\_work\xpco\xpco\mip\platformplugin\videoos.platform\unittest\bin\debug\net472\videoos.platform.tests.dll" id="308f63bb-ffab-d024-ffbf-d3fa54a43504">
      <Execution id="39dad48f-ee5c-416d-bbb5-c801bb9c8f2c" />
      <TestMethod codeBase="D:\actions-runner\_work\XPCO\XPCO\MIP\PlatformPlugin\VideoOS.Platform\unittest\bin\Debug\net472\VideoOS.Platform.Tests.dll" adapterTypeName="executor://mstestadapter/v2" className="VideoOS.Platform.Tests.ServerIdTests" name="Equals_ShouldReturnTrue_WhenHostIsDottedDecimalLocalhostAndOtherHostIsDottedDecimalThisNetwork" />
    </UnitTest>
    <UnitTest name="Match_Success_SystemTypeAnyMessage_Single" storage="d:\actions-runner\_work\xpco\xpco\mip\platformplugin\videoos.platform\unittest\bin\debug\net472\videoos.platform.tests.dll" id="1f241370-4898-8010-2b1d-0961333a2be9">
      <Execution id="f8502599-0445-4572-86c3-eaf1226ae5cf" />
      <TestMethod codeBase="D:\actions-runner\_work\XPCO\XPCO\MIP\PlatformPlugin\VideoOS.Platform\unittest\bin\Debug\net472\VideoOS.Platform.Tests.dll" adapterTypeName="executor://mstestadapter/v2" className="VideoOS.Platform.Tests.Messaging.CommunicationIdFilterTests" name="Match_Success_SystemTypeAnyMessage_Single" />
    </UnitTest>
    <UnitTest name="WriteXml_ShouldWriteTransformationElement_WhenTransformationIsNotNull" storage="d:\actions-runner\_work\xpco\xpco\mip\platformplugin\videoos.platform\unittest\bin\debug\net472\videoos.platform.tests.dll" id="aa7cd316-bd03-8913-f5ff-bd80befd5e8b">
      <Execution id="c4162f31-65c7-48e9-8d47-51d21d6a0eac" />
      <TestMethod codeBase="D:\actions-runner\_work\XPCO\XPCO\MIP\PlatformPlugin\VideoOS.Platform\unittest\bin\Debug\net472\VideoOS.Platform.Tests.dll" adapterTypeName="executor://mstestadapter/v2" className="VideoOS.Platform.Tests.Metadata.FrameTests" name="WriteXml_ShouldWriteTransformationElement_WhenTransformationIsNotNull" />
    </UnitTest>
    <UnitTest name="ReadXml_ShouldIgnoreFrame_WhenFrameDidNotReadUtcTime" storage="d:\actions-runner\_work\xpco\xpco\mip\platformplugin\videoos.platform\unittest\bin\debug\net472\videoos.platform.tests.dll" id="682b3a18-5ce2-e09c-06c2-b3ebd5eb55df">
      <Execution id="91dedfeb-b10e-4fe3-a395-4022615fe804" />
      <TestMethod codeBase="D:\actions-runner\_work\XPCO\XPCO\MIP\PlatformPlugin\VideoOS.Platform\unittest\bin\Debug\net472\VideoOS.Platform.Tests.dll" adapterTypeName="executor://mstestadapter/v2" className="VideoOS.Platform.Tests.Metadata.VideoAnalyticsTests" name="ReadXml_ShouldIgnoreFrame_WhenFrameDidNotReadUtcTime" />
    </UnitTest>
    <UnitTest name="CreateSearchFilterEditControl_MissingPlugin_ReturnsNull" storage="d:\actions-runner\_work\xpco\xpco\mip\platformplugin\videoos.platform\unittest\bin\debug\net472\videoos.platform.tests.dll" id="61e3c009-6d40-f26a-bfa1-a7b30d7f5bbd">
      <TestCategory>
        <TestCategoryItem TestCategory="Search" />
      </TestCategory>
      <Execution id="44e674e0-e169-4816-91a3-aa7b3ad02771" />
      <TestMethod codeBase="D:\actions-runner\_work\XPCO\XPCO\MIP\PlatformPlugin\VideoOS.Platform\unittest\bin\Debug\net472\VideoOS.Platform.Tests.dll" adapterTypeName="executor://mstestadapter/v2" className="VideoOS.Platform.Tests.Search.SearchUserControlResolverTest" name="CreateSearchFilterEditControl_MissingPlugin_ReturnsNull" />
    </UnitTest>
    <UnitTest name="ReadXml_ShouldIgnoreClassCandidate_WhenClassCandidateIsPresenWithWrongNamespace" storage="d:\actions-runner\_work\xpco\xpco\mip\platformplugin\videoos.platform\unittest\bin\debug\net472\videoos.platform.tests.dll" id="a85a1362-1754-70cf-33fa-4ae7e0463bc7">
      <Execution id="ae7751d5-dbb1-49a4-aba7-79308ad5fefe" />
      <TestMethod codeBase="D:\actions-runner\_work\XPCO\XPCO\MIP\PlatformPlugin\VideoOS.Platform\unittest\bin\Debug\net472\VideoOS.Platform.Tests.dll" adapterTypeName="executor://mstestadapter/v2" className="VideoOS.Platform.Tests.Metadata.OnvifClassTests" name="ReadXml_ShouldIgnoreClassCandidate_WhenClassCandidateIsPresenWithWrongNamespace" />
    </UnitTest>
    <UnitTest name="Serialize_ShouldHandleCollectionFilter_WhenMatchingCollectionItemsTypeAndItMatchesOnlySubset" storage="d:\actions-runner\_work\xpco\xpco\mip\platformplugin\videoos.platform\unittest\bin\debug\net472\videoos.platform.tests.dll" id="fcd4df18-362b-5413-023a-c55cb23032da">
      <Execution id="efacf227-d30b-4097-a3f6-a64d813ce3b8" />
      <TestMethod codeBase="D:\actions-runner\_work\XPCO\XPCO\MIP\PlatformPlugin\VideoOS.Platform\unittest\bin\Debug\net472\VideoOS.Platform.Tests.dll" adapterTypeName="executor://mstestadapter/v2" className="VideoOS.Platform.Tests.UI.Controls.Automation.Serialization.AutomationObjectSerializerTypeFilterTests" name="Serialize_ShouldHandleCollectionFilter_WhenMatchingCollectionItemsTypeAndItMatchesOnlySubset" />
    </UnitTest>
    <UnitTest name="CountByItems_Activated_CountByCounter_Trial2" storage="d:\actions-runner\_work\xpco\xpco\mip\platformplugin\videoos.platform\unittest\bin\debug\net472\videoos.platform.tests.dll" id="54151fed-fc55-77df-b7af-e1e01590fd93">
      <Execution id="b96c8fe3-611d-4432-9f62-739672566ebc" />
      <TestMethod codeBase="D:\actions-runner\_work\XPCO\XPCO\MIP\PlatformPlugin\VideoOS.Platform\unittest\bin\Debug\net472\VideoOS.Platform.Tests.dll" adapterTypeName="executor://mstestadapter/v2" className="VideoOS.Platform.Tests.License.ResolvedLicenseCountTest" name="CountByItems_Activated_CountByCounter_Trial2" />
    </UnitTest>
    <UnitTest name="ReadXml_ShouldLogMessage_WhenObjectIdAttributeIsPresentButNotAnInteger" storage="d:\actions-runner\_work\xpco\xpco\mip\platformplugin\videoos.platform\unittest\bin\debug\net472\videoos.platform.tests.dll" id="fdd1c789-d9b7-74e5-3e60-0cdd8a844a3b">
      <Execution id="ad18fdaa-a404-4ecf-b1ee-c99cd8a66cea" />
      <TestMethod codeBase="D:\actions-runner\_work\XPCO\XPCO\MIP\PlatformPlugin\VideoOS.Platform\unittest\bin\Debug\net472\VideoOS.Platform.Tests.dll" adapterTypeName="executor://mstestadapter/v2" className="VideoOS.Platform.Tests.Metadata.OnvifObjectTests" name="ReadXml_ShouldLogMessage_WhenObjectIdAttributeIsPresentButNotAnInteger" />
    </UnitTest>
    <UnitTest name="GenerateParameters_ShouldWriteQualityRange_WhenQualityRangeIsNotNull" storage="d:\actions-runner\_work\xpco\xpco\mip\platformplugin\videoos.platform\unittest\bin\debug\net472\videoos.platform.tests.dll" id="64d46e5a-18bf-c3a7-d947-63730f82a01e">
      <Execution id="4b1a0758-656c-4588-a179-551087fff9b1" />
      <TestMethod codeBase="D:\actions-runner\_work\XPCO\XPCO\MIP\PlatformPlugin\VideoOS.Platform\unittest\bin\Debug\net472\VideoOS.Platform.Tests.dll" adapterTypeName="executor://mstestadapter/v2" className="VideoOS.Platform.Tests.Data.CameraDeviceDefinitionTests" name="GenerateParameters_ShouldWriteQualityRange_WhenQualityRangeIsNotNull" />
    </UnitTest>
    <UnitTest name="Flush_ShouldClearCache" storage="d:\actions-runner\_work\xpco\xpco\mip\platformplugin\videoos.platform\unittest\bin\debug\net472\videoos.platform.tests.dll" id="1ebf1719-320f-c38b-2f84-2a795fe44eb1">
      <Execution id="e74c7a83-13dc-453e-bd0b-400b78ea0ccf" />
      <TestMethod codeBase="D:\actions-runner\_work\XPCO\XPCO\MIP\PlatformPlugin\VideoOS.Platform\unittest\bin\Debug\net472\VideoOS.Platform.Tests.dll" adapterTypeName="executor://mstestadapter/v2" className="VideoOS.Platform.Tests.Util.ConfigurationCacheTests" name="Flush_ShouldClearCache" />
    </UnitTest>
    <UnitTest name="Equals_ShouldReturnTrue_WhenHostDifferOnlyByPortInHost" storage="d:\actions-runner\_work\xpco\xpco\mip\platformplugin\videoos.platform\unittest\bin\debug\net472\videoos.platform.tests.dll" id="88b3639f-ec99-90c4-a195-d859d4e9c60c">
      <Execution id="99d5ca97-6e98-42fb-ac17-c5ab16621b1e" />
      <TestMethod codeBase="D:\actions-runner\_work\XPCO\XPCO\MIP\PlatformPlugin\VideoOS.Platform\unittest\bin\Debug\net472\VideoOS.Platform.Tests.dll" adapterTypeName="executor://mstestadapter/v2" className="VideoOS.Platform.Tests.ServerIdTests" name="Equals_ShouldReturnTrue_WhenHostDifferOnlyByPortInHost" />
    </UnitTest>
    <UnitTest name="IsEmptyValue_DoubleRangeFilterValue_ValuesAtMinimumAndMaximum_ReturnsTrue" storage="d:\actions-runner\_work\xpco\xpco\mip\platformplugin\videoos.platform\unittest\bin\debug\net472\videoos.platform.tests.dll" id="27817c8c-6c0d-bb4b-da4e-d6836f9c5d12">
      <TestCategory>
        <TestCategoryItem TestCategory="Search" />
      </TestCategory>
      <Execution id="4446dd49-438f-4530-bef0-3b745ca74563" />
      <TestMethod codeBase="D:\actions-runner\_work\XPCO\XPCO\MIP\PlatformPlugin\VideoOS.Platform\unittest\bin\Debug\net472\VideoOS.Platform.Tests.dll" adapterTypeName="executor://mstestadapter/v2" className="VideoOS.Platform.Tests.Search.SearchFilterTest" name="IsEmptyValue_DoubleRangeFilterValue_ValuesAtMinimumAndMaximum_ReturnsTrue" />
    </UnitTest>
    <UnitTest name="CountByCounter_Activated_Missing" storage="d:\actions-runner\_work\xpco\xpco\mip\platformplugin\videoos.platform\unittest\bin\debug\net472\videoos.platform.tests.dll" id="d4b18369-f511-b320-afac-a383c554d179">
      <Execution id="402bcce0-f443-49f1-bfaf-e8c53d05501b" />
      <TestMethod codeBase="D:\actions-runner\_work\XPCO\XPCO\MIP\PlatformPlugin\VideoOS.Platform\unittest\bin\Debug\net472\VideoOS.Platform.Tests.dll" adapterTypeName="executor://mstestadapter/v2" className="VideoOS.Platform.Tests.License.ResolvedLicenseCountTest" name="CountByCounter_Activated_Missing" />
    </UnitTest>
    <UnitTest name="ResolveIconSource_ShouldResolveIcon_ForAllDefinedIcons" storage="d:\actions-runner\_work\xpco\xpco\mip\platformplugin\videoos.platform\unittest\bin\debug\net472\videoos.platform.tests.dll" id="ad28a529-3946-ad0b-47a4-a29f47a70b12">
      <TestCategory>
        <TestCategoryItem TestCategory="Icons" />
      </TestCategory>
      <Execution id="5906076b-953d-497c-bc03-00d44957138b" />
      <TestMethod codeBase="D:\actions-runner\_work\XPCO\XPCO\MIP\PlatformPlugin\VideoOS.Platform\unittest\bin\Debug\net472\VideoOS.Platform.Tests.dll" adapterTypeName="executor://mstestadapter/v2" className="VideoOS.Platform.Tests.UI.Controls.Icons.VideoOSIconBuiltInSourceTest" name="ResolveIconSource_ShouldResolveIcon_ForAllDefinedIcons" />
    </UnitTest>
    <UnitTest name="GetLicensePlateFilterValue_FilterValueMissing_ReturnsEmptyCollection" storage="d:\actions-runner\_work\xpco\xpco\mip\platformplugin\videoos.platform\unittest\bin\debug\net472\videoos.platform.tests.dll" id="c3df773c-1590-2c82-5cd8-cf0a4f3a6afc">
      <TestCategory>
        <TestCategoryItem TestCategory="Search" />
      </TestCategory>
      <Execution id="502f0c8c-3caf-400e-bbf0-f0ebae7e4477" />
      <TestMethod codeBase="D:\actions-runner\_work\XPCO\XPCO\MIP\PlatformPlugin\VideoOS.Platform\unittest\bin\Debug\net472\VideoOS.Platform.Tests.dll" adapterTypeName="executor://mstestadapter/v2" className="VideoOS.Platform.Tests.Search.FilterCategories.VehicleSearchFilterCategoryTest" name="GetLicensePlateFilterValue_FilterValueMissing_ReturnsEmptyCollection" />
    </UnitTest>
    <UnitTest name="GetMetadataStream_ShouldThrowXmlException_WhenByteArrayContainsInvalidXml" storage="d:\actions-runner\_work\xpco\xpco\mip\platformplugin\videoos.platform\unittest\bin\debug\net472\videoos.platform.tests.dll" id="687e7059-e7b1-dddd-6cf1-c4b5cd5cad05">
      <Execution id="f9d82021-409f-46f9-929f-93a3947f748c" />
      <TestMethod codeBase="D:\actions-runner\_work\XPCO\XPCO\MIP\PlatformPlugin\VideoOS.Platform\unittest\bin\Debug\net472\VideoOS.Platform.Tests.dll" adapterTypeName="executor://mstestadapter/v2" className="VideoOS.Platform.Tests.Metadata.MetadataContentTests" name="GetMetadataStream_ShouldThrowXmlException_WhenByteArrayContainsInvalidXml" />
    </UnitTest>
    <UnitTest name="OnErrorOccurred_EventHandler_NotifiedWithCorrectParameters" storage="d:\actions-runner\_work\xpco\xpco\mip\platformplugin\videoos.platform\unittest\bin\debug\net472\videoos.platform.tests.dll" id="6bf15edc-a1d0-adf1-a3aa-fde4bdad9f83">
      <TestCategory>
        <TestCategoryItem TestCategory="Search" />
      </TestCategory>
      <Execution id="60c97757-c108-4e9d-aab8-659998e115a4" />
      <TestMethod codeBase="D:\actions-runner\_work\XPCO\XPCO\MIP\PlatformPlugin\VideoOS.Platform\unittest\bin\Debug\net472\VideoOS.Platform.Tests.dll" adapterTypeName="executor://mstestadapter/v2" className="VideoOS.Platform.Tests.Search.SearchDefinitionTest" name="OnErrorOccurred_EventHandler_NotifiedWithCorrectParameters" />
    </UnitTest>
    <UnitTest name="Encrypt_PropertyIsNotSet_EncryptIsFalse" storage="d:\actions-runner\_work\xpco\xpco\mip\platformplugin\videoos.platform\unittest\bin\debug\net472\videoos.platform.tests.dll" id="720ee8ed-0afb-0470-9fbb-161042f20ddf">
      <Execution id="601851e6-b4a8-4650-858b-35bf5157608d" />
      <TestMethod codeBase="D:\actions-runner\_work\XPCO\XPCO\MIP\PlatformPlugin\VideoOS.Platform\unittest\bin\Debug\net472\VideoOS.Platform.Tests.dll" adapterTypeName="executor://mstestadapter/v2" className="VideoOS.Platform.Tests.ItemTests" name="Encrypt_PropertyIsNotSet_EncryptIsFalse" />
    </UnitTest>
    <UnitTest name="ReadXml_ShouldIgnoreFrame_WhenFrameIsPresenWithWrongNamespace" storage="d:\actions-runner\_work\xpco\xpco\mip\platformplugin\videoos.platform\unittest\bin\debug\net472\videoos.platform.tests.dll" id="b9c508f0-a796-6104-1910-9ed8e83d2d6a">
      <Execution id="937f2a27-8e4b-43f3-9803-10b8cb5dcf8b" />
      <TestMethod codeBase="D:\actions-runner\_work\XPCO\XPCO\MIP\PlatformPlugin\VideoOS.Platform\unittest\bin\Debug\net472\VideoOS.Platform.Tests.dll" adapterTypeName="executor://mstestadapter/v2" className="VideoOS.Platform.Tests.Metadata.VideoAnalyticsTests" name="ReadXml_ShouldIgnoreFrame_WhenFrameIsPresenWithWrongNamespace" />
    </UnitTest>
    <UnitTest name="WriteXml_ShouldWriteChildrenInCorrectOrder_WhenChildrenAreNotNull" storage="d:\actions-runner\_work\xpco\xpco\mip\platformplugin\videoos.platform\unittest\bin\debug\net472\videoos.platform.tests.dll" id="6efe46f6-24e8-324a-c841-828d4ce3c2fb">
      <Execution id="a2e738ee-51d9-454e-9fa4-b93dbbfb2701" />
      <TestMethod codeBase="D:\actions-runner\_work\XPCO\XPCO\MIP\PlatformPlugin\VideoOS.Platform\unittest\bin\Debug\net472\VideoOS.Platform.Tests.dll" adapterTypeName="executor://mstestadapter/v2" className="VideoOS.Platform.Tests.Metadata.ShapeTests" name="WriteXml_ShouldWriteChildrenInCorrectOrder_WhenChildrenAreNotNull" />
    </UnitTest>
    <UnitTest name="CreateSearchFilterEditControl_SinglePlugin_Success" storage="d:\actions-runner\_work\xpco\xpco\mip\platformplugin\videoos.platform\unittest\bin\debug\net472\videoos.platform.tests.dll" id="b44cc6a8-6a9a-fd12-3fec-c22280c5d52b">
      <TestCategory>
        <TestCategoryItem TestCategory="Search" />
      </TestCategory>
      <Execution id="17df4c5d-036c-4957-af23-85a39edcfa52" />
      <TestMethod codeBase="D:\actions-runner\_work\XPCO\XPCO\MIP\PlatformPlugin\VideoOS.Platform\unittest\bin\Debug\net472\VideoOS.Platform.Tests.dll" adapterTypeName="executor://mstestadapter/v2" className="VideoOS.Platform.Tests.Search.SearchUserControlResolverTest" name="CreateSearchFilterEditControl_SinglePlugin_Success" />
    </UnitTest>
    <UnitTest name="GetPreviousSequence_ShouldStoreToolkitResultInCache_WhenAlways" storage="d:\actions-runner\_work\xpco\xpco\mip\platformplugin\videoos.platform\unittest\bin\debug\net472\videoos.platform.tests.dll" id="af830802-23e2-0c4d-f3f5-18aa300eb661">
      <Execution id="ce5b503f-1076-4203-8730-3677367ecb50" />
      <TestMethod codeBase="D:\actions-runner\_work\XPCO\XPCO\MIP\PlatformPlugin\VideoOS.Platform\unittest\bin\Debug\net472\VideoOS.Platform.Tests.dll" adapterTypeName="executor://mstestadapter/v2" className="VideoOS.Platform.Tests.Data.MetadataPlaybackSourceTests" name="GetPreviousSequence_ShouldStoreToolkitResultInCache_WhenAlways" />
    </UnitTest>
    <UnitTest name="WriteXml_ShouldWriteShapeContents_WhenShapeIsNotNull" storage="d:\actions-runner\_work\xpco\xpco\mip\platformplugin\videoos.platform\unittest\bin\debug\net472\videoos.platform.tests.dll" id="0f32b524-4844-b3fb-566a-4f1c520479bb">
      <Execution id="90e28039-4422-4397-a0c1-4433bfc51151" />
      <TestMethod codeBase="D:\actions-runner\_work\XPCO\XPCO\MIP\PlatformPlugin\VideoOS.Platform\unittest\bin\Debug\net472\VideoOS.Platform.Tests.dll" adapterTypeName="executor://mstestadapter/v2" className="VideoOS.Platform.Tests.Metadata.AppearanceTests" name="WriteXml_ShouldWriteShapeContents_WhenShapeIsNotNull" />
    </UnitTest>
    <UnitTest name="Dequeue_QueueStopping_Success" storage="d:\actions-runner\_work\xpco\xpco\mip\platformplugin\videoos.platform\unittest\bin\debug\net472\videoos.platform.tests.dll" id="b2a7a04f-f1f1-7276-152d-8d2269ca96a4">
      <Execution id="20c4e232-cab7-48ce-af7e-016c52a2503a" />
      <TestMethod codeBase="D:\actions-runner\_work\XPCO\XPCO\MIP\PlatformPlugin\VideoOS.Platform\unittest\bin\Debug\net472\VideoOS.Platform.Tests.dll" adapterTypeName="executor://mstestadapter/v2" className="VideoOS.Platform.Tests.Util.Queue.ConcurrentQueueSlimTests" name="Dequeue_QueueStopping_Success" />
    </UnitTest>
    <UnitTest name="ReadXml_ShouldLogWarning_WhenShapeIsInvalid" storage="d:\actions-runner\_work\xpco\xpco\mip\platformplugin\videoos.platform\unittest\bin\debug\net472\videoos.platform.tests.dll" id="5f47c21d-eb6b-8972-42b3-349701e80bfd">
      <Execution id="7c58c81d-5ae8-425c-a64a-629bfddeac94" />
      <TestMethod codeBase="D:\actions-runner\_work\XPCO\XPCO\MIP\PlatformPlugin\VideoOS.Platform\unittest\bin\Debug\net472\VideoOS.Platform.Tests.dll" adapterTypeName="executor://mstestadapter/v2" className="VideoOS.Platform.Tests.Metadata.AppearanceTests" name="ReadXml_ShouldLogWarning_WhenShapeIsInvalid" />
    </UnitTest>
    <UnitTest name="Serialize_TestCases (Verify root Generic (null) property)" storage="d:\actions-runner\_work\xpco\xpco\mip\platformplugin\videoos.platform\unittest\bin\debug\net472\videoos.platform.tests.dll" id="044d023a-988b-c4dd-c568-29bf752ae34c">
      <Execution id="c8de8f1b-f12e-46e4-9cea-0cc746d7241b" />
      <TestMethod codeBase="D:\actions-runner\_work\XPCO\XPCO\MIP\PlatformPlugin\VideoOS.Platform\unittest\bin\Debug\net472\VideoOS.Platform.Tests.dll" adapterTypeName="executor://mstestadapter/v2" className="VideoOS.Platform.Tests.UI.Controls.Automation.Serialization.AutomationObjectSerializerTest" name="Serialize_TestCases" />
    </UnitTest>
    <UnitTest name="Get_Element_Invalid" storage="d:\actions-runner\_work\xpco\xpco\mip\platformplugin\videoos.platform\unittest\bin\debug\net472\videoos.platform.tests.dll" id="5a26cd62-bdfd-afb4-b17e-eb94ffbff81b">
      <Execution id="9e6b7d17-d7bd-424e-8701-1e563f8d6074" />
      <TestMethod codeBase="D:\actions-runner\_work\XPCO\XPCO\MIP\PlatformPlugin\VideoOS.Platform\unittest\bin\Debug\net472\VideoOS.Platform.Tests.dll" adapterTypeName="executor://mstestadapter/v2" className="VideoOS.Platform.Tests.Proxy.RestApi.JsonReaderTests" name="Get_Element_Invalid" />
    </UnitTest>
    <UnitTest name="Enabled_Properties_With_Enable_True_success" storage="d:\actions-runner\_work\xpco\xpco\mip\platformplugin\videoos.platform\unittest\bin\debug\net472\videoos.platform.tests.dll" id="0f5489b1-8ac4-9204-17f4-b55749ac6490">
      <Execution id="f68b0741-08de-4571-a5b1-55742b6a0c58" />
      <TestMethod codeBase="D:\actions-runner\_work\XPCO\XPCO\MIP\PlatformPlugin\VideoOS.Platform\unittest\bin\Debug\net472\VideoOS.Platform.Tests.dll" adapterTypeName="executor://mstestadapter/v2" className="VideoOS.Platform.Tests.ItemTests" name="Enabled_Properties_With_Enable_True_success" />
    </UnitTest>
    <UnitTest name="Clear_KeysPresent_ClearsCacheAndGetReturnsNull" storage="d:\actions-runner\_work\xpco\xpco\mip\platformplugin\videoos.platform\unittest\bin\debug\net472\videoos.platform.tests.dll" id="13808eac-f72b-2563-39d5-58056dcce54a">
      <Execution id="ad6a62ab-e0ed-443b-a1b3-539f7f58817d" />
      <TestMethod codeBase="D:\actions-runner\_work\XPCO\XPCO\MIP\PlatformPlugin\VideoOS.Platform\unittest\bin\Debug\net472\VideoOS.Platform.Tests.dll" adapterTypeName="executor://mstestadapter/v2" className="VideoOS.Platform.Tests.Util.Queue.LRUCacheTests" name="Clear_KeysPresent_ClearsCacheAndGetReturnsNull" />
    </UnitTest>
    <UnitTest name="Contains_With_Null_Fails" storage="d:\actions-runner\_work\xpco\xpco\mip\platformplugin\videoos.platform\unittest\bin\debug\net472\videoos.platform.tests.dll" id="6ca72b6b-0033-ee05-80aa-21dc1f0119ea">
      <Execution id="e0fb8da8-583e-4313-ada7-128d04f34dbb" />
      <TestMethod codeBase="D:\actions-runner\_work\XPCO\XPCO\MIP\PlatformPlugin\VideoOS.Platform\unittest\bin\Debug\net472\VideoOS.Platform.Tests.dll" adapterTypeName="executor://mstestadapter/v2" className="VideoOS.Platform.Tests.FQIDtests" name="Contains_With_Null_Fails" />
    </UnitTest>
    <UnitTest name="GetBoundingShapesAsync_ClearCachedData_DelegatedToInternalMethodTwice" storage="d:\actions-runner\_work\xpco\xpco\mip\platformplugin\videoos.platform\unittest\bin\debug\net472\videoos.platform.tests.dll" id="fcc01d6e-2b82-f145-070c-31467e83d08e">
      <TestCategory>
        <TestCategoryItem TestCategory="Search" />
      </TestCategory>
      <Execution id="4f8423cd-fd5a-4120-8c97-7fed4563e303" />
      <TestMethod codeBase="D:\actions-runner\_work\XPCO\XPCO\MIP\PlatformPlugin\VideoOS.Platform\unittest\bin\Debug\net472\VideoOS.Platform.Tests.dll" adapterTypeName="executor://mstestadapter/v2" className="VideoOS.Platform.Tests.Search.SearchResultDataTest" name="GetBoundingShapesAsync_ClearCachedData_DelegatedToInternalMethodTwice" />
    </UnitTest>
    <UnitTest name="ReadXml_ShouldSetAllFieldsToNull_WhenElementIsEmpty" storage="d:\actions-runner\_work\xpco\xpco\mip\platformplugin\videoos.platform\unittest\bin\debug\net472\videoos.platform.tests.dll" id="a78e107f-188e-49af-b7fb-8b9962cefe26">
      <Execution id="15c20178-3827-4fba-b9a6-dbaafb095206" />
      <TestMethod codeBase="D:\actions-runner\_work\XPCO\XPCO\MIP\PlatformPlugin\VideoOS.Platform\unittest\bin\Debug\net472\VideoOS.Platform.Tests.dll" adapterTypeName="executor://mstestadapter/v2" className="VideoOS.Platform.Tests.Metadata.TransformationTests" name="ReadXml_ShouldSetAllFieldsToNull_WhenElementIsEmpty" />
    </UnitTest>
    <UnitTest name="TestMultiLevelQueue_TwoLevels_ParallelResourceProcessors_Success" storage="d:\actions-runner\_work\xpco\xpco\mip\platformplugin\videoos.platform\unittest\bin\debug\net472\videoos.platform.tests.dll" id="d322c036-f127-a7c3-54cb-2755a84ecb70">
      <Execution id="6ab07e16-2063-409c-8861-1c72cc0ffafe" />
      <TestMethod codeBase="D:\actions-runner\_work\XPCO\XPCO\MIP\PlatformPlugin\VideoOS.Platform\unittest\bin\Debug\net472\VideoOS.Platform.Tests.dll" adapterTypeName="executor://mstestadapter/v2" className="VideoOS.Platform.Tests.Util.Queue.MultiLevelResourceQueueTests" name="TestMultiLevelQueue_TwoLevels_ParallelResourceProcessors_Success" />
    </UnitTest>
    <UnitTest name="ReadXml_ShouldLogWarningOnlyOnceWithinOneMinute_WhenBoundingBoxIsIncomplete" storage="d:\actions-runner\_work\xpco\xpco\mip\platformplugin\videoos.platform\unittest\bin\debug\net472\videoos.platform.tests.dll" id="ad0265a0-96ba-5103-cd9d-a51d12bc6389">
      <Execution id="f479d169-cb6d-44a4-b2f6-48dddc210033" />
      <TestMethod codeBase="D:\actions-runner\_work\XPCO\XPCO\MIP\PlatformPlugin\VideoOS.Platform\unittest\bin\Debug\net472\VideoOS.Platform.Tests.dll" adapterTypeName="executor://mstestadapter/v2" className="VideoOS.Platform.Tests.Metadata.ShapeTests" name="ReadXml_ShouldLogWarningOnlyOnceWithinOneMinute_WhenBoundingBoxIsIncomplete" />
    </UnitTest>
    <UnitTest name="Equals_IgnoreFolderType_Check" storage="d:\actions-runner\_work\xpco\xpco\mip\platformplugin\videoos.platform\unittest\bin\debug\net472\videoos.platform.tests.dll" id="6c0d7995-8533-0e6b-e22a-6af26babe546">
      <Execution id="4c98c80e-826f-4d77-9d23-9f4838ffc261" />
      <TestMethod codeBase="D:\actions-runner\_work\XPCO\XPCO\MIP\PlatformPlugin\VideoOS.Platform\unittest\bin\Debug\net472\VideoOS.Platform.Tests.dll" adapterTypeName="executor://mstestadapter/v2" className="VideoOS.Platform.Tests.FQIDtests" name="Equals_IgnoreFolderType_Check" />
    </UnitTest>
    <UnitTest name="GetNextDateTime_ShouldReturnFirstDataEntityFromSecondToolkitCall_WhenDateIsEqualOrAfterLastCachedValue" storage="d:\actions-runner\_work\xpco\xpco\mip\platformplugin\videoos.platform\unittest\bin\debug\net472\videoos.platform.tests.dll" id="0b769e09-4f15-c038-2979-f712635df491">
      <Execution id="8ee0a033-35a8-40fe-ba44-9dc5a43446a1" />
      <TestMethod codeBase="D:\actions-runner\_work\XPCO\XPCO\MIP\PlatformPlugin\VideoOS.Platform\unittest\bin\Debug\net472\VideoOS.Platform.Tests.dll" adapterTypeName="executor://mstestadapter/v2" className="VideoOS.Platform.Tests.Data.MetadataPlaybackSourceTests" name="GetNextDateTime_ShouldReturnFirstDataEntityFromSecondToolkitCall_WhenDateIsEqualOrAfterLastCachedValue" />
    </UnitTest>
    <UnitTest name="ParseMetadataXmlWithString_ShouldThrowXmExceptionWithInformationOnError_WhenNamespaceIsIncorrect" storage="d:\actions-runner\_work\xpco\xpco\mip\platformplugin\videoos.platform\unittest\bin\debug\net472\videoos.platform.tests.dll" id="d1220843-958c-7092-38af-904c7c323e51">
      <Execution id="334a1d8d-556e-4503-b70f-0c346cd3f558" />
      <TestMethod codeBase="D:\actions-runner\_work\XPCO\XPCO\MIP\PlatformPlugin\VideoOS.Platform\unittest\bin\Debug\net472\VideoOS.Platform.Tests.dll" adapterTypeName="executor://mstestadapter/v2" className="VideoOS.Platform.Tests.Metadata.MetadataDeserializerTests" name="ParseMetadataXmlWithString_ShouldThrowXmExceptionWithInformationOnError_WhenNamespaceIsIncorrect" />
    </UnitTest>
    <UnitTest name="OriginalData_ShouldReturnEmptyList_WhenOriginalHasNotBeenSet" storage="d:\actions-runner\_work\xpco\xpco\mip\platformplugin\videoos.platform\unittest\bin\debug\net472\videoos.platform.tests.dll" id="af1b57b7-d4d3-cc7c-77e2-0a953337a6f4">
      <Execution id="d2361e00-32dd-4ddc-ad3c-eac990f76bef" />
      <TestMethod codeBase="D:\actions-runner\_work\XPCO\XPCO\MIP\PlatformPlugin\VideoOS.Platform\unittest\bin\Debug\net472\VideoOS.Platform.Tests.dll" adapterTypeName="executor://mstestadapter/v2" className="VideoOS.Platform.Tests.Metadata.MetadataStreamTests" name="OriginalData_ShouldReturnEmptyList_WhenOriginalHasNotBeenSet" />
    </UnitTest>
    <UnitTest name="HostInitialized_ShouldInvokeCallback_WhenInitializedWithItems" storage="d:\actions-runner\_work\xpco\xpco\mip\platformplugin\videoos.platform\unittest\bin\debug\net472\videoos.platform.tests.dll" id="33464c95-c39e-2270-caf4-672c551a54f2">
      <Execution id="09668496-60a0-4e85-a5aa-26d0d5e582ad" />
      <TestMethod codeBase="D:\actions-runner\_work\XPCO\XPCO\MIP\PlatformPlugin\VideoOS.Platform\unittest\bin\Debug\net472\VideoOS.Platform.Tests.dll" adapterTypeName="executor://mstestadapter/v2" className="VideoOS.Platform.Tests.UI.Controls.CollectionHelperGenericTest" name="HostInitialized_ShouldInvokeCallback_WhenInitializedWithItems" />
    </UnitTest>
    <UnitTest name="MatchId_Fail_MessageWithAsteriskAtEnd" storage="d:\actions-runner\_work\xpco\xpco\mip\platformplugin\videoos.platform\unittest\bin\debug\net472\videoos.platform.tests.dll" id="d8aec2c2-feb6-0e42-e54d-284965f5dea7">
      <Execution id="375b9a48-fecb-4e2e-be91-a72995fa7314" />
      <TestMethod codeBase="D:\actions-runner\_work\XPCO\XPCO\MIP\PlatformPlugin\VideoOS.Platform\unittest\bin\Debug\net472\VideoOS.Platform.Tests.dll" adapterTypeName="executor://mstestadapter/v2" className="VideoOS.Platform.Tests.Messaging.CommunicationIdFilterTests" name="MatchId_Fail_MessageWithAsteriskAtEnd" />
    </UnitTest>
    <UnitTest name="Apply_ShouldMultiplScaleYCoordinatesToToCenterYAndScaleXCoordinatesToCenterX_WhenScaleIsNotNull" storage="d:\actions-runner\_work\xpco\xpco\mip\platformplugin\videoos.platform\unittest\bin\debug\net472\videoos.platform.tests.dll" id="21dd4ab4-8f48-2c5a-854c-4eb0b036ad99">
      <Execution id="279fee2d-10b2-4b73-a9a0-acf557ad416d" />
      <TestMethod codeBase="D:\actions-runner\_work\XPCO\XPCO\MIP\PlatformPlugin\VideoOS.Platform\unittest\bin\Debug\net472\VideoOS.Platform.Tests.dll" adapterTypeName="executor://mstestadapter/v2" className="VideoOS.Platform.Tests.Metadata.DisplayTextTests" name="Apply_ShouldMultiplScaleYCoordinatesToToCenterYAndScaleXCoordinatesToCenterX_WhenScaleIsNotNull" />
    </UnitTest>
    <UnitTest name="GetClientAsync_NotStartsClient_WhenLoggedOut" storage="d:\actions-runner\_work\xpco\xpco\mip\platformplugin\videoos.platform\unittest\bin\debug\net472\videoos.platform.tests.dll" id="618c093b-a0b6-05a6-fc06-deebeffd4e3d">
      <Execution id="cd59abd8-aca8-409a-a179-41c2233ea2d4" />
      <TestMethod codeBase="D:\actions-runner\_work\XPCO\XPCO\MIP\PlatformPlugin\VideoOS.Platform\unittest\bin\Debug\net472\VideoOS.Platform.Tests.dll" adapterTypeName="executor://mstestadapter/v2" className="VideoOS.Platform.Tests.Messaging.MessageClientManagerTests" name="GetClientAsync_NotStartsClient_WhenLoggedOut" />
    </UnitTest>
    <UnitTest name="ReadXml_ShouldLogWarningTwiceWhenMoreThanOneMinuteBetweenWarnings_WhenIncompleteTranslateIsPresent" storage="d:\actions-runner\_work\xpco\xpco\mip\platformplugin\videoos.platform\unittest\bin\debug\net472\videoos.platform.tests.dll" id="84f70a73-53d8-9f06-6236-95fde40b65ac">
      <Execution id="d400e960-6218-497c-bfba-2623c08622ad" />
      <TestMethod codeBase="D:\actions-runner\_work\XPCO\XPCO\MIP\PlatformPlugin\VideoOS.Platform\unittest\bin\Debug\net472\VideoOS.Platform.Tests.dll" adapterTypeName="executor://mstestadapter/v2" className="VideoOS.Platform.Tests.Metadata.TransformationTests" name="ReadXml_ShouldLogWarningTwiceWhenMoreThanOneMinuteBetweenWarnings_WhenIncompleteTranslateIsPresent" />
    </UnitTest>
    <UnitTest name="AllAttributesWerePresent_ShouldReturnFalse_WhenTopAttributeIsNotAFloat" storage="d:\actions-runner\_work\xpco\xpco\mip\platformplugin\videoos.platform\unittest\bin\debug\net472\videoos.platform.tests.dll" id="fd9e0efb-edb7-82bd-15c3-0c32bed5a7f0">
      <Execution id="68fddfb9-4959-4327-8b31-ace026b9bc2a" />
      <TestMethod codeBase="D:\actions-runner\_work\XPCO\XPCO\MIP\PlatformPlugin\VideoOS.Platform\unittest\bin\Debug\net472\VideoOS.Platform.Tests.dll" adapterTypeName="executor://mstestadapter/v2" className="VideoOS.Platform.Tests.Metadata.RectangleTests" name="AllAttributesWerePresent_ShouldReturnFalse_WhenTopAttributeIsNotAFloat" />
    </UnitTest>
    <UnitTest name="ReadXml_ShouldDiscardShape_WhenInvalidShapeIsPresent" storage="d:\actions-runner\_work\xpco\xpco\mip\platformplugin\videoos.platform\unittest\bin\debug\net472\videoos.platform.tests.dll" id="7b925fbb-7ac1-1fe4-4372-38c14ecc5242">
      <Execution id="81d88b07-1a74-4c28-9456-1362d0f76037" />
      <TestMethod codeBase="D:\actions-runner\_work\XPCO\XPCO\MIP\PlatformPlugin\VideoOS.Platform\unittest\bin\Debug\net472\VideoOS.Platform.Tests.dll" adapterTypeName="executor://mstestadapter/v2" className="VideoOS.Platform.Tests.Metadata.AppearanceTests" name="ReadXml_ShouldDiscardShape_WhenInvalidShapeIsPresent" />
    </UnitTest>
    <UnitTest name="ParameterConstruct2_FieldValues_Checked" storage="d:\actions-runner\_work\xpco\xpco\mip\platformplugin\videoos.platform\unittest\bin\debug\net472\videoos.platform.tests.dll" id="434b37e3-6652-e454-29de-d80f3b84f997">
      <Execution id="88ec8e3b-18a8-46dd-a55f-0ff883250c33" />
      <TestMethod codeBase="D:\actions-runner\_work\XPCO\XPCO\MIP\PlatformPlugin\VideoOS.Platform\unittest\bin\Debug\net472\VideoOS.Platform.Tests.dll" adapterTypeName="executor://mstestadapter/v2" className="VideoOS.Platform.Tests.FQIDtests" name="ParameterConstruct2_FieldValues_Checked" />
    </UnitTest>
    <UnitTest name="AllAttributesWerePresent_ShouldReturnFalse_WhenLeftAttributeIsMissing" storage="d:\actions-runner\_work\xpco\xpco\mip\platformplugin\videoos.platform\unittest\bin\debug\net472\videoos.platform.tests.dll" id="040dd571-8bf0-b0e3-da88-082cc2b787fd">
      <Execution id="188e6788-4cea-47a7-b0d3-1691f1ab2a88" />
      <TestMethod codeBase="D:\actions-runner\_work\XPCO\XPCO\MIP\PlatformPlugin\VideoOS.Platform\unittest\bin\Debug\net472\VideoOS.Platform.Tests.dll" adapterTypeName="executor://mstestadapter/v2" className="VideoOS.Platform.Tests.Metadata.RectangleTests" name="AllAttributesWerePresent_ShouldReturnFalse_WhenLeftAttributeIsMissing" />
    </UnitTest>
    <UnitTest name="GenerateTypeDefinintionParameters_ShouldWriteId_WhenAlways" storage="d:\actions-runner\_work\xpco\xpco\mip\platformplugin\videoos.platform\unittest\bin\debug\net472\videoos.platform.tests.dll" id="ad10243a-5005-2c62-ef03-970547f7bc68">
      <Execution id="75235ac9-f079-4a67-88cf-45f60def5e34" />
      <TestMethod codeBase="D:\actions-runner\_work\XPCO\XPCO\MIP\PlatformPlugin\VideoOS.Platform\unittest\bin\Debug\net472\VideoOS.Platform.Tests.dll" adapterTypeName="executor://mstestadapter/v2" className="VideoOS.Platform.Tests.Data.MetadataTypeDefinitionTests" name="GenerateTypeDefinintionParameters_ShouldWriteId_WhenAlways" />
    </UnitTest>
    <UnitTest name="MatchId_Success_MessageWithAsteriskAtBegin_NoBegin" storage="d:\actions-runner\_work\xpco\xpco\mip\platformplugin\videoos.platform\unittest\bin\debug\net472\videoos.platform.tests.dll" id="8601fe89-72a2-9ba5-8e62-8c183b00fe8c">
      <Execution id="d5c82dba-e683-40bd-8f1e-102d6b1fdc07" />
      <TestMethod codeBase="D:\actions-runner\_work\XPCO\XPCO\MIP\PlatformPlugin\VideoOS.Platform\unittest\bin\Debug\net472\VideoOS.Platform.Tests.dll" adapterTypeName="executor://mstestadapter/v2" className="VideoOS.Platform.Tests.Messaging.CommunicationIdFilterTests" name="MatchId_Success_MessageWithAsteriskAtBegin_NoBegin" />
    </UnitTest>
    <UnitTest name="RemoveFilterValue_NullFilter_Throws" storage="d:\actions-runner\_work\xpco\xpco\mip\platformplugin\videoos.platform\unittest\bin\debug\net472\videoos.platform.tests.dll" id="060819f6-d016-be0e-b7e9-55d7faa9ba45">
      <TestCategory>
        <TestCategoryItem TestCategory="Search" />
      </TestCategory>
      <Execution id="14fa19fb-9fbb-4902-bed5-6cf3711a90e2" />
      <TestMethod codeBase="D:\actions-runner\_work\XPCO\XPCO\MIP\PlatformPlugin\VideoOS.Platform\unittest\bin\Debug\net472\VideoOS.Platform.Tests.dll" adapterTypeName="executor://mstestadapter/v2" className="VideoOS.Platform.Tests.Search.SearchCriteriaTest" name="RemoveFilterValue_NullFilter_Throws" />
    </UnitTest>
    <UnitTest name="ReadXml_ShouldReadUtcTimeAttribute_WhenPresent" storage="d:\actions-runner\_work\xpco\xpco\mip\platformplugin\videoos.platform\unittest\bin\debug\net472\videoos.platform.tests.dll" id="372ecc8a-19e9-247e-0d4c-31a691ba7b09">
      <Execution id="4b5859f7-e5a9-4858-ab07-fe28ffb8aba0" />
      <TestMethod codeBase="D:\actions-runner\_work\XPCO\XPCO\MIP\PlatformPlugin\VideoOS.Platform\unittest\bin\Debug\net472\VideoOS.Platform.Tests.dll" adapterTypeName="executor://mstestadapter/v2" className="VideoOS.Platform.Tests.Metadata.FrameTests" name="ReadXml_ShouldReadUtcTimeAttribute_WhenPresent" />
    </UnitTest>
    <UnitTest name="AddFilterValue_NonExistingValue_SecondValue_Success" storage="d:\actions-runner\_work\xpco\xpco\mip\platformplugin\videoos.platform\unittest\bin\debug\net472\videoos.platform.tests.dll" id="804c2963-7737-e632-84f9-347e567fabca">
      <TestCategory>
        <TestCategoryItem TestCategory="Search" />
      </TestCategory>
      <Execution id="35f55339-392f-4729-b9a5-65a177c57ad5" />
      <TestMethod codeBase="D:\actions-runner\_work\XPCO\XPCO\MIP\PlatformPlugin\VideoOS.Platform\unittest\bin\Debug\net472\VideoOS.Platform.Tests.dll" adapterTypeName="executor://mstestadapter/v2" className="VideoOS.Platform.Tests.Search.SearchCriteriaTest" name="AddFilterValue_NonExistingValue_SecondValue_Success" />
    </UnitTest>
    <UnitTest name="Serialize_TestCases (TestParentTypeMatchEnumThisTypeNotMatched)" storage="d:\actions-runner\_work\xpco\xpco\mip\platformplugin\videoos.platform\unittest\bin\debug\net472\videoos.platform.tests.dll" id="eb170641-3426-e971-0f6b-76c99ea56069">
      <Execution id="98302b26-a9b2-4c87-b3c6-6d422e5d5619" />
      <TestMethod codeBase="D:\actions-runner\_work\XPCO\XPCO\MIP\PlatformPlugin\VideoOS.Platform\unittest\bin\Debug\net472\VideoOS.Platform.Tests.dll" adapterTypeName="executor://mstestadapter/v2" className="VideoOS.Platform.Tests.UI.Controls.Automation.Serialization.AutomationObjectSerializerTest" name="Serialize_TestCases" />
    </UnitTest>
    <UnitTest name="GetAtOrBefore_ShouldReturnNull_WhenCacheIsEmpty" storage="d:\actions-runner\_work\xpco\xpco\mip\platformplugin\videoos.platform\unittest\bin\debug\net472\videoos.platform.tests.dll" id="d716207e-88e3-d258-c9c3-93a6eb313656">
      <Execution id="5c2d8ce3-35f5-4c29-91b5-6f7a9d182ba2" />
      <TestMethod codeBase="D:\actions-runner\_work\XPCO\XPCO\MIP\PlatformPlugin\VideoOS.Platform\unittest\bin\Debug\net472\VideoOS.Platform.Tests.dll" adapterTypeName="executor://mstestadapter/v2" className="VideoOS.Platform.Tests.Data.MetadataCacheTests" name="GetAtOrBefore_ShouldReturnNull_WhenCacheIsEmpty" />
    </UnitTest>
    <UnitTest name="GetFilterValues_NullFilter_Throws" storage="d:\actions-runner\_work\xpco\xpco\mip\platformplugin\videoos.platform\unittest\bin\debug\net472\videoos.platform.tests.dll" id="2c838da2-a06b-ca63-745f-8e2c255d876f">
      <TestCategory>
        <TestCategoryItem TestCategory="Search" />
      </TestCategory>
      <Execution id="7788fcb6-aac1-473a-a5cb-e4b8db0aa301" />
      <TestMethod codeBase="D:\actions-runner\_work\XPCO\XPCO\MIP\PlatformPlugin\VideoOS.Platform\unittest\bin\Debug\net472\VideoOS.Platform.Tests.dll" adapterTypeName="executor://mstestadapter/v2" className="VideoOS.Platform.Tests.Search.SearchCriteriaTest" name="GetFilterValues_NullFilter_Throws" />
    </UnitTest>
    <UnitTest name="CreateAlarmFromEvent_ShouldReturnProperAlarm_WhenArgumentIsAnalyticsEvent" storage="d:\actions-runner\_work\xpco\xpco\mip\platformplugin\videoos.platform\unittest\bin\debug\net472\videoos.platform.tests.dll" id="e58ef73c-b84c-961f-61e3-72952cd8cb8c">
      <Execution id="e9aceac3-9cdd-4dba-ab0f-cc134870842e" />
      <TestMethod codeBase="D:\actions-runner\_work\XPCO\XPCO\MIP\PlatformPlugin\VideoOS.Platform\unittest\bin\Debug\net472\VideoOS.Platform.Tests.dll" adapterTypeName="executor://mstestadapter/v2" className="VideoOS.Platform.Tests.Util.AlarmBuilderTests" name="CreateAlarmFromEvent_ShouldReturnProperAlarm_WhenArgumentIsAnalyticsEvent" />
    </UnitTest>
    <UnitTest name="Construct2_And_Field_Check" storage="d:\actions-runner\_work\xpco\xpco\mip\platformplugin\videoos.platform\unittest\bin\debug\net472\videoos.platform.tests.dll" id="20458d0b-b85c-491e-b4ab-b9b8494bb490">
      <Execution id="44afed26-11fa-4455-a525-514b6ffc4879" />
      <TestMethod codeBase="D:\actions-runner\_work\XPCO\XPCO\MIP\PlatformPlugin\VideoOS.Platform\unittest\bin\Debug\net472\VideoOS.Platform.Tests.dll" adapterTypeName="executor://mstestadapter/v2" className="VideoOS.Platform.Tests.ItemTests" name="Construct2_And_Field_Check" />
    </UnitTest>
    <UnitTest name="ProvideValue_ShouldUseSharedContentTemplate_WhenContentTemplateIsSetOnDropDown" storage="d:\actions-runner\_work\xpco\xpco\mip\platformplugin\videoos.platform\unittest\bin\debug\net472\videoos.platform.tests.dll" id="86d87531-58b0-c805-e0a3-bb2bb5312580">
      <TestCategory>
        <TestCategoryItem TestCategory="DropDowns" />
      </TestCategory>
      <Execution id="eeab0e03-adee-417c-a35e-4bc78c64288b" />
      <TestMethod codeBase="D:\actions-runner\_work\XPCO\XPCO\MIP\PlatformPlugin\VideoOS.Platform\unittest\bin\Debug\net472\VideoOS.Platform.Tests.dll" adapterTypeName="executor://mstestadapter/v2" className="VideoOS.Platform.Tests.UI.Controls.DropDowns.Internal.SelectedItemContentTemplateExtensionTest" name="ProvideValue_ShouldUseSharedContentTemplate_WhenContentTemplateIsSetOnDropDown" />
    </UnitTest>
    <UnitTest name="TestMultiLevelQueue_TwoLevels_Success" storage="d:\actions-runner\_work\xpco\xpco\mip\platformplugin\videoos.platform\unittest\bin\debug\net472\videoos.platform.tests.dll" id="1b0c1c74-735e-804d-2d38-1a48ef66c47a">
      <Execution id="52238617-d722-4901-98bf-c975f0c69cd3" />
      <TestMethod codeBase="D:\actions-runner\_work\XPCO\XPCO\MIP\PlatformPlugin\VideoOS.Platform\unittest\bin\Debug\net472\VideoOS.Platform.Tests.dll" adapterTypeName="executor://mstestadapter/v2" className="VideoOS.Platform.Tests.Util.Queue.MultiLevelResourceQueueTests" name="TestMultiLevelQueue_TwoLevels_Success" />
    </UnitTest>
    <UnitTest name="GetColorFilterValues_SingleSelection_Success" storage="d:\actions-runner\_work\xpco\xpco\mip\platformplugin\videoos.platform\unittest\bin\debug\net472\videoos.platform.tests.dll" id="15a5142a-4ca9-8496-a1cc-4a1caca4c970">
      <TestCategory>
        <TestCategoryItem TestCategory="Search" />
      </TestCategory>
      <Execution id="fed89516-ade1-41c4-b59c-7eed6b994954" />
      <TestMethod codeBase="D:\actions-runner\_work\XPCO\XPCO\MIP\PlatformPlugin\VideoOS.Platform\unittest\bin\Debug\net472\VideoOS.Platform.Tests.dll" adapterTypeName="executor://mstestadapter/v2" className="VideoOS.Platform.Tests.Search.FilterCategories.VehicleSearchFilterCategoryTest" name="GetColorFilterValues_SingleSelection_Success" />
    </UnitTest>
    <UnitTest name="Codec_ShouldThrowArgumentOutOfRangeException_WhenCodecIsNotVideoCodec" storage="d:\actions-runner\_work\xpco\xpco\mip\platformplugin\videoos.platform\unittest\bin\debug\net472\videoos.platform.tests.dll" id="86824227-709e-d695-09b7-8d9000453067">
      <Execution id="0e039e8e-9023-48d4-97b8-b012fb132ac1" />
      <TestMethod codeBase="D:\actions-runner\_work\XPCO\XPCO\MIP\PlatformPlugin\VideoOS.Platform\unittest\bin\Debug\net472\VideoOS.Platform.Tests.dll" adapterTypeName="executor://mstestadapter/v2" className="VideoOS.Platform.Tests.Data.CameraDeviceDefinitionTests" name="Codec_ShouldThrowArgumentOutOfRangeException_WhenCodecIsNotVideoCodec" />
    </UnitTest>
    <UnitTest name="OnSearchResultsReady_EventHandler_NotifiedWithCorrectParameters" storage="d:\actions-runner\_work\xpco\xpco\mip\platformplugin\videoos.platform\unittest\bin\debug\net472\videoos.platform.tests.dll" id="a029b495-55fb-1eb3-c134-9a8d61753adb">
      <TestCategory>
        <TestCategoryItem TestCategory="Search" />
      </TestCategory>
      <Execution id="7957a933-2f17-4177-ab45-ec65a620b3fd" />
      <TestMethod codeBase="D:\actions-runner\_work\XPCO\XPCO\MIP\PlatformPlugin\VideoOS.Platform\unittest\bin\Debug\net472\VideoOS.Platform.Tests.dll" adapterTypeName="executor://mstestadapter/v2" className="VideoOS.Platform.Tests.Search.SearchDefinitionTest" name="OnSearchResultsReady_EventHandler_NotifiedWithCorrectParameters" />
    </UnitTest>
    <UnitTest name="Serialize_TestCases (TestParentTypeMatchIntThisTypeNotMatched)" storage="d:\actions-runner\_work\xpco\xpco\mip\platformplugin\videoos.platform\unittest\bin\debug\net472\videoos.platform.tests.dll" id="b239663f-1e50-f69c-66e6-3b0384771bf2">
      <Execution id="f56d758e-37cd-462a-8d11-f9f5925c4d9d" />
      <TestMethod codeBase="D:\actions-runner\_work\XPCO\XPCO\MIP\PlatformPlugin\VideoOS.Platform\unittest\bin\Debug\net472\VideoOS.Platform.Tests.dll" adapterTypeName="executor://mstestadapter/v2" className="VideoOS.Platform.Tests.UI.Controls.Automation.Serialization.AutomationObjectSerializerTest" name="Serialize_TestCases" />
    </UnitTest>
    <UnitTest name="ReadXml_ShouldIgnoreChildren_WhenAlways" storage="d:\actions-runner\_work\xpco\xpco\mip\platformplugin\videoos.platform\unittest\bin\debug\net472\videoos.platform.tests.dll" id="f500837b-0f36-671a-c44b-b00267ce6d42">
      <Execution id="046551ec-e461-414c-8121-10d29cac06e9" />
      <TestMethod codeBase="D:\actions-runner\_work\XPCO\XPCO\MIP\PlatformPlugin\VideoOS.Platform\unittest\bin\Debug\net472\VideoOS.Platform.Tests.dll" adapterTypeName="executor://mstestadapter/v2" className="VideoOS.Platform.Tests.Metadata.DisplayTextTests" name="ReadXml_ShouldIgnoreChildren_WhenAlways" />
    </UnitTest>
    <UnitTest name="UtcTime_ShouldReturnMinimumDateTime_WhenNotSet" storage="d:\actions-runner\_work\xpco\xpco\mip\platformplugin\videoos.platform\unittest\bin\debug\net472\videoos.platform.tests.dll" id="f42b2340-e96d-0e55-ec7c-6d27b290f74e">
      <Execution id="215d1d1d-eefc-4beb-ae4b-54631f38ff32" />
      <TestMethod codeBase="D:\actions-runner\_work\XPCO\XPCO\MIP\PlatformPlugin\VideoOS.Platform\unittest\bin\Debug\net472\VideoOS.Platform.Tests.dll" adapterTypeName="executor://mstestadapter/v2" className="VideoOS.Platform.Tests.Metadata.FrameTests" name="UtcTime_ShouldReturnMinimumDateTime_WhenNotSet" />
    </UnitTest>
    <UnitTest name="Parse_String_Simple" storage="d:\actions-runner\_work\xpco\xpco\mip\platformplugin\videoos.platform\unittest\bin\debug\net472\videoos.platform.tests.dll" id="3d8a3078-3353-0dd0-9ba2-c2de88eb7008">
      <Execution id="e6ce4cd4-8a86-4e5a-ad06-1e7ea315ae17" />
      <TestMethod codeBase="D:\actions-runner\_work\XPCO\XPCO\MIP\PlatformPlugin\VideoOS.Platform\unittest\bin\Debug\net472\VideoOS.Platform.Tests.dll" adapterTypeName="executor://mstestadapter/v2" className="VideoOS.Platform.Tests.Proxy.RestApi.JsonReaderTests" name="Parse_String_Simple" />
    </UnitTest>
    <UnitTest name="GetNext_ShouldReturnFirstDataEntityFromToolkitCall_WhenDataIsNotInCache" storage="d:\actions-runner\_work\xpco\xpco\mip\platformplugin\videoos.platform\unittest\bin\debug\net472\videoos.platform.tests.dll" id="48b02059-b634-8f5d-f4de-84436d54e786">
      <Execution id="661887c4-949f-498f-950f-65054384235c" />
      <TestMethod codeBase="D:\actions-runner\_work\XPCO\XPCO\MIP\PlatformPlugin\VideoOS.Platform\unittest\bin\Debug\net472\VideoOS.Platform.Tests.dll" adapterTypeName="executor://mstestadapter/v2" className="VideoOS.Platform.Tests.Data.MetadataPlaybackSourceTests" name="GetNext_ShouldReturnFirstDataEntityFromToolkitCall_WhenDataIsNotInCache" />
    </UnitTest>
    <UnitTest name="Append_Property_Int" storage="d:\actions-runner\_work\xpco\xpco\mip\platformplugin\videoos.platform\unittest\bin\debug\net472\videoos.platform.tests.dll" id="e5428f59-f644-25e4-cf44-58ef5b64f2ad">
      <Execution id="8cda765b-1fc8-4284-a789-18e6212f0d76" />
      <TestMethod codeBase="D:\actions-runner\_work\XPCO\XPCO\MIP\PlatformPlugin\VideoOS.Platform\unittest\bin\Debug\net472\VideoOS.Platform.Tests.dll" adapterTypeName="executor://mstestadapter/v2" className="VideoOS.Platform.Tests.Proxy.RestApi.JsonBuilderTests" name="Append_Property_Int" />
    </UnitTest>
    <UnitTest name="Equals_ShouldReturnTrue_WhenOnePortNumberIsZeroAndTheOtherIsEighty" storage="d:\actions-runner\_work\xpco\xpco\mip\platformplugin\videoos.platform\unittest\bin\debug\net472\videoos.platform.tests.dll" id="e0974674-ac77-e53b-c938-66c6d56fd05c">
      <Execution id="2f6db6ae-06d2-4d2c-87eb-79450fd80b16" />
      <TestMethod codeBase="D:\actions-runner\_work\XPCO\XPCO\MIP\PlatformPlugin\VideoOS.Platform\unittest\bin\Debug\net472\VideoOS.Platform.Tests.dll" adapterTypeName="executor://mstestadapter/v2" className="VideoOS.Platform.Tests.ServerIdTests" name="Equals_ShouldReturnTrue_WhenOnePortNumberIsZeroAndTheOtherIsEighty" />
    </UnitTest>
    <UnitTest name="TestCreateSearchDefinition_WithFilterCategoryNotFound_Failure" storage="d:\actions-runner\_work\xpco\xpco\mip\platformplugin\videoos.platform\unittest\bin\debug\net472\videoos.platform.tests.dll" id="3a4d61c6-1dc3-0bdf-c7d5-0384c8954cbd">
      <TestCategory>
        <TestCategoryItem TestCategory="Search" />
      </TestCategory>
      <Execution id="a5a70996-9095-4579-ba21-c9d58551bcdc" />
      <TestMethod codeBase="D:\actions-runner\_work\XPCO\XPCO\MIP\PlatformPlugin\VideoOS.Platform\unittest\bin\Debug\net472\VideoOS.Platform.Tests.dll" adapterTypeName="executor://mstestadapter/v2" className="VideoOS.Platform.Tests.Search.SearchManagerTest" name="TestCreateSearchDefinition_WithFilterCategoryNotFound_Failure" />
    </UnitTest>
    <UnitTest name="KindsFilter_OneKind_OnlyAllowedKindShown" storage="d:\actions-runner\_work\xpco\xpco\mip\platformplugin\videoos.platform\unittest\bin\debug\net472\videoos.platform.tests.dll" id="9fd29388-e6f2-2ce9-7173-3d8e1efacf79">
      <Execution id="ffbfd650-5110-4d03-92f1-fad4c5f1e0d1" />
      <TestMethod codeBase="D:\actions-runner\_work\XPCO\XPCO\MIP\PlatformPlugin\VideoOS.Platform\unittest\bin\Debug\net472\VideoOS.Platform.Tests.dll" adapterTypeName="executor://mstestadapter/v2" className="VideoOS.Platform.Tests.UI.ItemPicker.PopulateThreadTest" name="KindsFilter_OneKind_OnlyAllowedKindShown" />
    </UnitTest>
    <UnitTest name="Append_Element_String" storage="d:\actions-runner\_work\xpco\xpco\mip\platformplugin\videoos.platform\unittest\bin\debug\net472\videoos.platform.tests.dll" id="61995c8a-35dd-f2df-f559-b60cb8f54a82">
      <Execution id="89536c03-bae4-403b-876c-66b7ba8a641c" />
      <TestMethod codeBase="D:\actions-runner\_work\XPCO\XPCO\MIP\PlatformPlugin\VideoOS.Platform\unittest\bin\Debug\net472\VideoOS.Platform.Tests.dll" adapterTypeName="executor://mstestadapter/v2" className="VideoOS.Platform.Tests.Proxy.RestApi.JsonBuilderTests" name="Append_Element_String" />
    </UnitTest>
    <UnitTest name="Equals_IgnoreFolderType_Fail_OnServerIdNull" storage="d:\actions-runner\_work\xpco\xpco\mip\platformplugin\videoos.platform\unittest\bin\debug\net472\videoos.platform.tests.dll" id="5ce9e10d-7d63-e829-dad3-2b21af48d9a3">
      <Execution id="9d5e1ea6-7e77-4d5b-839f-1f53171ac3b0" />
      <TestMethod codeBase="D:\actions-runner\_work\XPCO\XPCO\MIP\PlatformPlugin\VideoOS.Platform\unittest\bin\Debug\net472\VideoOS.Platform.Tests.dll" adapterTypeName="executor://mstestadapter/v2" className="VideoOS.Platform.Tests.FQIDtests" name="Equals_IgnoreFolderType_Fail_OnServerIdNull" />
    </UnitTest>
    <UnitTest name="TestStartSearch_SearchFireErrorOccured_Success" storage="d:\actions-runner\_work\xpco\xpco\mip\platformplugin\videoos.platform\unittest\bin\debug\net472\videoos.platform.tests.dll" id="2b383535-8d75-6079-a3dc-080857154651">
      <TestCategory>
        <TestCategoryItem TestCategory="Search" />
      </TestCategory>
      <Execution id="b97ed435-f273-4ba4-b31d-b4590efd3213" />
      <TestMethod codeBase="D:\actions-runner\_work\XPCO\XPCO\MIP\PlatformPlugin\VideoOS.Platform\unittest\bin\Debug\net472\VideoOS.Platform.Tests.dll" adapterTypeName="executor://mstestadapter/v2" className="VideoOS.Platform.Tests.Search.SearchManagerTest" name="TestStartSearch_SearchFireErrorOccured_Success" />
    </UnitTest>
    <UnitTest name="Serialize_TestCases (TestParentTypeMatchGenericNotThisTypeMatched)" storage="d:\actions-runner\_work\xpco\xpco\mip\platformplugin\videoos.platform\unittest\bin\debug\net472\videoos.platform.tests.dll" id="0f368352-c3d8-02d3-f3d9-f0e643bc2ed7">
      <Execution id="4982c4ed-0d34-424f-9993-8bd953e9953b" />
      <TestMethod codeBase="D:\actions-runner\_work\XPCO\XPCO\MIP\PlatformPlugin\VideoOS.Platform\unittest\bin\Debug\net472\VideoOS.Platform.Tests.dll" adapterTypeName="executor://mstestadapter/v2" className="VideoOS.Platform.Tests.UI.Controls.Automation.Serialization.AutomationObjectSerializerTest" name="Serialize_TestCases" />
    </UnitTest>
    <UnitTest name="WriteXml_ShouldWriteObject_WhenThereIsOneObjectPresent" storage="d:\actions-runner\_work\xpco\xpco\mip\platformplugin\videoos.platform\unittest\bin\debug\net472\videoos.platform.tests.dll" id="4d02d00b-2996-2f9f-95bd-26fe5f7ed1e8">
      <Execution id="b80dea10-c132-45ed-919e-1d2bbece9fe1" />
      <TestMethod codeBase="D:\actions-runner\_work\XPCO\XPCO\MIP\PlatformPlugin\VideoOS.Platform\unittest\bin\Debug\net472\VideoOS.Platform.Tests.dll" adapterTypeName="executor://mstestadapter/v2" className="VideoOS.Platform.Tests.Metadata.FrameTests" name="WriteXml_ShouldWriteObject_WhenThereIsOneObjectPresent" />
    </UnitTest>
    <UnitTest name="SetChildren_Set_And_Check" storage="d:\actions-runner\_work\xpco\xpco\mip\platformplugin\videoos.platform\unittest\bin\debug\net472\videoos.platform.tests.dll" id="c0bd25d5-74fa-a92b-42e1-7e499486e888">
      <Execution id="53a0ea9b-9538-48e8-839b-35c42278af5a" />
      <TestMethod codeBase="D:\actions-runner\_work\XPCO\XPCO\MIP\PlatformPlugin\VideoOS.Platform\unittest\bin\Debug\net472\VideoOS.Platform.Tests.dll" adapterTypeName="executor://mstestadapter/v2" className="VideoOS.Platform.Tests.ItemTests" name="SetChildren_Set_And_Check" />
    </UnitTest>
    <UnitTest name="AllAttributesWerePresent_ShouldReturnFalse_WhenXAttributeIsNotAFloat" storage="d:\actions-runner\_work\xpco\xpco\mip\platformplugin\videoos.platform\unittest\bin\debug\net472\videoos.platform.tests.dll" id="3dddadb3-73e5-0530-cc2f-efb35c37fd4b">
      <Execution id="d8ae6b3c-aa8e-4c5b-b269-22d2a83ad962" />
      <TestMethod codeBase="D:\actions-runner\_work\XPCO\XPCO\MIP\PlatformPlugin\VideoOS.Platform\unittest\bin\Debug\net472\VideoOS.Platform.Tests.dll" adapterTypeName="executor://mstestadapter/v2" className="VideoOS.Platform.Tests.Metadata.VectorTests" name="AllAttributesWerePresent_ShouldReturnFalse_WhenXAttributeIsNotAFloat" />
    </UnitTest>
    <UnitTest name="Serialize_TestCases (TestParentTypeMatchObjectNotThisTypeNotMatchedProperty)" storage="d:\actions-runner\_work\xpco\xpco\mip\platformplugin\videoos.platform\unittest\bin\debug\net472\videoos.platform.tests.dll" id="2c767513-d46b-25c9-8b79-070556151a0d">
      <Execution id="22777778-3ff4-43ee-839e-2fb62fc5635f" />
      <TestMethod codeBase="D:\actions-runner\_work\XPCO\XPCO\MIP\PlatformPlugin\VideoOS.Platform\unittest\bin\Debug\net472\VideoOS.Platform.Tests.dll" adapterTypeName="executor://mstestadapter/v2" className="VideoOS.Platform.Tests.UI.Controls.Automation.Serialization.AutomationObjectSerializerTest" name="Serialize_TestCases" />
    </UnitTest>
    <UnitTest name="BuildShapeOverlayWidthHeightAnalyticsObjectListRuleList_ShouldReturnCorrectNumberOfShapes" storage="d:\actions-runner\_work\xpco\xpco\mip\platformplugin\videoos.platform\unittest\bin\debug\net472\videoos.platform.tests.dll" id="3b434787-ec68-61e4-18d4-15e26b84b874">
      <Execution id="1736ceb1-befd-434c-8b58-5fda433004cb" />
      <TestMethod codeBase="D:\actions-runner\_work\XPCO\XPCO\MIP\PlatformPlugin\VideoOS.Platform\unittest\bin\Debug\net472\VideoOS.Platform.Tests.dll" adapterTypeName="executor://mstestadapter/v2" className="VideoOS.Platform.Tests.Util.AnalyticsOverlayBuilderTests" name="BuildShapeOverlayWidthHeightAnalyticsObjectListRuleList_ShouldReturnCorrectNumberOfShapes" />
    </UnitTest>
    <UnitTest name="GenerateDeviceCapabilityParameters_ShouldWriteTypeName_WhenAlways" storage="d:\actions-runner\_work\xpco\xpco\mip\platformplugin\videoos.platform\unittest\bin\debug\net472\videoos.platform.tests.dll" id="262c3c73-7b65-0063-be55-7b0feb97027d">
      <Execution id="f9d68d5e-9959-4158-bdb5-076357e4c48b" />
      <TestMethod codeBase="D:\actions-runner\_work\XPCO\XPCO\MIP\PlatformPlugin\VideoOS.Platform\unittest\bin\Debug\net472\VideoOS.Platform.Tests.dll" adapterTypeName="executor://mstestadapter/v2" className="VideoOS.Platform.Tests.Data.MetadataDeviceCapabilityTests" name="GenerateDeviceCapabilityParameters_ShouldWriteTypeName_WhenAlways" />
    </UnitTest>
    <UnitTest name="ParseMetadataXmlWithBytes_ShouldReturnCorrectObjects_WhenBinaryDataContainsCorrectXml" storage="d:\actions-runner\_work\xpco\xpco\mip\platformplugin\videoos.platform\unittest\bin\debug\net472\videoos.platform.tests.dll" id="4331be32-8242-7bcf-516a-a7263d816796">
      <Execution id="cdae54dc-bd21-4c7f-a13d-31b17dd37c49" />
      <TestMethod codeBase="D:\actions-runner\_work\XPCO\XPCO\MIP\PlatformPlugin\VideoOS.Platform\unittest\bin\Debug\net472\VideoOS.Platform.Tests.dll" adapterTypeName="executor://mstestadapter/v2" className="VideoOS.Platform.Tests.Metadata.MetadataDeserializerTests" name="ParseMetadataXmlWithBytes_ShouldReturnCorrectObjects_WhenBinaryDataContainsCorrectXml" />
    </UnitTest>
    <UnitTest name="ReadXml_ShouldReadSizeAttribute_WhenPresent" storage="d:\actions-runner\_work\xpco\xpco\mip\platformplugin\videoos.platform\unittest\bin\debug\net472\videoos.platform.tests.dll" id="a64907b4-47a9-4e3a-b6b0-be37e2d164ea">
      <Execution id="5a87194e-7281-4d88-ae33-11bfa9562a84" />
      <TestMethod codeBase="D:\actions-runner\_work\XPCO\XPCO\MIP\PlatformPlugin\VideoOS.Platform\unittest\bin\Debug\net472\VideoOS.Platform.Tests.dll" adapterTypeName="executor://mstestadapter/v2" className="VideoOS.Platform.Tests.Metadata.DisplayTextTests" name="ReadXml_ShouldReadSizeAttribute_WhenPresent" />
    </UnitTest>
    <UnitTest name="WriteXml_ShouldOmitBehaviourElement_WhenBehaviourIsNotNullAndWithoutBehaviour" storage="d:\actions-runner\_work\xpco\xpco\mip\platformplugin\videoos.platform\unittest\bin\debug\net472\videoos.platform.tests.dll" id="9fe60fa0-7d32-eb9d-1e44-3be02241d2db">
      <Execution id="ed642815-f72f-47c6-a3e6-b2c54aa29552" />
      <TestMethod codeBase="D:\actions-runner\_work\XPCO\XPCO\MIP\PlatformPlugin\VideoOS.Platform\unittest\bin\Debug\net472\VideoOS.Platform.Tests.dll" adapterTypeName="executor://mstestadapter/v2" className="VideoOS.Platform.Tests.Metadata.OnvifObjectTests" name="WriteXml_ShouldOmitBehaviourElement_WhenBehaviourIsNotNullAndWithoutBehaviour" />
    </UnitTest>
    <UnitTest name="Serialize_TestCases (TestParentCollectionNotEmptyArrayPropertyProperty)" storage="d:\actions-runner\_work\xpco\xpco\mip\platformplugin\videoos.platform\unittest\bin\debug\net472\videoos.platform.tests.dll" id="424fc334-0ed6-9dd1-d9cb-ffec470cc003">
      <Execution id="998ee25d-ab80-4620-9965-61283901c64b" />
      <TestMethod codeBase="D:\actions-runner\_work\XPCO\XPCO\MIP\PlatformPlugin\VideoOS.Platform\unittest\bin\Debug\net472\VideoOS.Platform.Tests.dll" adapterTypeName="executor://mstestadapter/v2" className="VideoOS.Platform.Tests.UI.Controls.Automation.Serialization.AutomationObjectSerializerTest" name="Serialize_TestCases" />
    </UnitTest>
    <UnitTest name="ProvideValue_ShouldUpdateTarget_WhenItemDataValueChanges" storage="d:\actions-runner\_work\xpco\xpco\mip\platformplugin\videoos.platform\unittest\bin\debug\net472\videoos.platform.tests.dll" id="f3ca05e5-dc9b-e250-df0d-7261ad9afb62">
      <TestCategory>
        <TestCategoryItem TestCategory="DropDowns" />
      </TestCategory>
      <Execution id="ea74475e-330d-48e1-bf5d-7f6e6b1d26c7" />
      <TestMethod codeBase="D:\actions-runner\_work\XPCO\XPCO\MIP\PlatformPlugin\VideoOS.Platform\unittest\bin\Debug\net472\VideoOS.Platform.Tests.dll" adapterTypeName="executor://mstestadapter/v2" className="VideoOS.Platform.Tests.UI.Controls.DropDowns.Internal.SelectedItemCustomContentDataExtensionTest" name="ProvideValue_ShouldUpdateTarget_WhenItemDataValueChanges" />
    </UnitTest>
    <UnitTest name="GetPrevious_ShouldReturnPreviousDataInCache_WhenDataIsCached" storage="d:\actions-runner\_work\xpco\xpco\mip\platformplugin\videoos.platform\unittest\bin\debug\net472\videoos.platform.tests.dll" id="edfa9ac1-af92-8fad-09f0-213c59a511c9">
      <Execution id="19b85e6d-13c2-4989-a34c-30770e0df5e2" />
      <TestMethod codeBase="D:\actions-runner\_work\XPCO\XPCO\MIP\PlatformPlugin\VideoOS.Platform\unittest\bin\Debug\net472\VideoOS.Platform.Tests.dll" adapterTypeName="executor://mstestadapter/v2" className="VideoOS.Platform.Tests.Data.MetadataPlaybackSourceTests" name="GetPrevious_ShouldReturnPreviousDataInCache_WhenDataIsCached" />
    </UnitTest>
    <UnitTest name="UtcTimeAttributeWasPresent_ShouldReturnFalse_WhenUtcTimeAttributeIsPresentButNotParsable" storage="d:\actions-runner\_work\xpco\xpco\mip\platformplugin\videoos.platform\unittest\bin\debug\net472\videoos.platform.tests.dll" id="479ac9a4-db24-66b5-ae47-500a4c5f414e">
      <Execution id="b489dae6-46b4-42f0-8a59-db53f96e2066" />
      <TestMethod codeBase="D:\actions-runner\_work\XPCO\XPCO\MIP\PlatformPlugin\VideoOS.Platform\unittest\bin\Debug\net472\VideoOS.Platform.Tests.dll" adapterTypeName="executor://mstestadapter/v2" className="VideoOS.Platform.Tests.Metadata.FrameTests" name="UtcTimeAttributeWasPresent_ShouldReturnFalse_WhenUtcTimeAttributeIsPresentButNotParsable" />
    </UnitTest>
    <UnitTest name="Add_NotNullValue_Success" storage="d:\actions-runner\_work\xpco\xpco\mip\platformplugin\videoos.platform\unittest\bin\debug\net472\videoos.platform.tests.dll" id="a28156aa-3bb5-7287-717c-afe6ec74f152">
      <Execution id="9239cd0c-14cd-484f-b10a-9501f325eff2" />
      <TestMethod codeBase="D:\actions-runner\_work\XPCO\XPCO\MIP\PlatformPlugin\VideoOS.Platform\unittest\bin\Debug\net472\VideoOS.Platform.Tests.dll" adapterTypeName="executor://mstestadapter/v2" className="VideoOS.Platform.Tests.Util.Queue.LRUCacheTests" name="Add_NotNullValue_Success" />
    </UnitTest>
    <UnitTest name="CreateSearchResultUserControl_NullConfiguration_ReturnsNull" storage="d:\actions-runner\_work\xpco\xpco\mip\platformplugin\videoos.platform\unittest\bin\debug\net472\videoos.platform.tests.dll" id="bef9c954-3a2d-3d83-b50d-cb24e577f8c7">
      <TestCategory>
        <TestCategoryItem TestCategory="Search" />
      </TestCategory>
      <Execution id="1eb8536f-249a-4858-b034-49f982f2516e" />
      <TestMethod codeBase="D:\actions-runner\_work\XPCO\XPCO\MIP\PlatformPlugin\VideoOS.Platform\unittest\bin\Debug\net472\VideoOS.Platform.Tests.dll" adapterTypeName="executor://mstestadapter/v2" className="VideoOS.Platform.Tests.Search.SearchUserControlResolverTest" name="CreateSearchResultUserControl_NullConfiguration_ReturnsNull" />
    </UnitTest>
    <UnitTest name="GetNearest_ShouldReturnFirstElement_WhenTimestampIsSamesAsFirstElement" storage="d:\actions-runner\_work\xpco\xpco\mip\platformplugin\videoos.platform\unittest\bin\debug\net472\videoos.platform.tests.dll" id="dae5127c-eff7-8376-4da7-ec9462c457e1">
      <Execution id="a46113f8-c895-48f2-bd94-2af355af490a" />
      <TestMethod codeBase="D:\actions-runner\_work\XPCO\XPCO\MIP\PlatformPlugin\VideoOS.Platform\unittest\bin\Debug\net472\VideoOS.Platform.Tests.dll" adapterTypeName="executor://mstestadapter/v2" className="VideoOS.Platform.Tests.Data.MetadataCacheTests" name="GetNearest_ShouldReturnFirstElement_WhenTimestampIsSamesAsFirstElement" />
    </UnitTest>
    <UnitTest name="ReadXml_ShouldReadLeftAttribute_WhenPresent" storage="d:\actions-runner\_work\xpco\xpco\mip\platformplugin\videoos.platform\unittest\bin\debug\net472\videoos.platform.tests.dll" id="9603f266-e6e4-b592-6c00-2621c8820864">
      <Execution id="3398d01c-4e43-4df5-9c4b-1bfd0e97efa0" />
      <TestMethod codeBase="D:\actions-runner\_work\XPCO\XPCO\MIP\PlatformPlugin\VideoOS.Platform\unittest\bin\Debug\net472\VideoOS.Platform.Tests.dll" adapterTypeName="executor://mstestadapter/v2" className="VideoOS.Platform.Tests.Metadata.RectangleTests" name="ReadXml_ShouldReadLeftAttribute_WhenPresent" />
    </UnitTest>
    <UnitTest name="ReadXml_ShouldReadAppearance_WhenAppearanceIsPresent" storage="d:\actions-runner\_work\xpco\xpco\mip\platformplugin\videoos.platform\unittest\bin\debug\net472\videoos.platform.tests.dll" id="2575271e-e34f-00c6-8d80-4ebf0bf67d06">
      <Execution id="1dba69ba-3395-4bd4-9994-df378c346f95" />
      <TestMethod codeBase="D:\actions-runner\_work\XPCO\XPCO\MIP\PlatformPlugin\VideoOS.Platform\unittest\bin\Debug\net472\VideoOS.Platform.Tests.dll" adapterTypeName="executor://mstestadapter/v2" className="VideoOS.Platform.Tests.Metadata.OnvifObjectTests" name="ReadXml_ShouldReadAppearance_WhenAppearanceIsPresent" />
    </UnitTest>
    <UnitTest name="WriteXml_ShouldWriteVideoAnalytics_WhenThereIsOneVideoAnalyticsItemPresent" storage="d:\actions-runner\_work\xpco\xpco\mip\platformplugin\videoos.platform\unittest\bin\debug\net472\videoos.platform.tests.dll" id="42175a1a-5ae8-6563-c4c4-676e585caed0">
      <Execution id="fc1d82f9-d585-470a-a94f-82d9bfa00807" />
      <TestMethod codeBase="D:\actions-runner\_work\XPCO\XPCO\MIP\PlatformPlugin\VideoOS.Platform\unittest\bin\Debug\net472\VideoOS.Platform.Tests.dll" adapterTypeName="executor://mstestadapter/v2" className="VideoOS.Platform.Tests.Metadata.MetadataStreamTests" name="WriteXml_ShouldWriteVideoAnalytics_WhenThereIsOneVideoAnalyticsItemPresent" />
    </UnitTest>
    <UnitTest name="Minimize_ShouldReturnOneInterval_WhenListContainsOneInterval" storage="d:\actions-runner\_work\xpco\xpco\mip\platformplugin\videoos.platform\unittest\bin\debug\net472\videoos.platform.tests.dll" id="10efcc98-720a-6a51-bddb-12631de34c03">
      <Execution id="efa628c6-7c3e-4d45-9db0-2ad898956e1a" />
      <TestMethod codeBase="D:\actions-runner\_work\XPCO\XPCO\MIP\PlatformPlugin\VideoOS.Platform\unittest\bin\Debug\net472\VideoOS.Platform.Tests.dll" adapterTypeName="executor://mstestadapter/v2" className="VideoOS.Platform.Tests.Util.TimeIntervalTests" name="Minimize_ShouldReturnOneInterval_WhenListContainsOneInterval" />
    </UnitTest>
    <UnitTest name="Read_and_build_Success" storage="d:\actions-runner\_work\xpco\xpco\mip\platformplugin\videoos.platform\unittest\bin\debug\net472\videoos.platform.tests.dll" id="1236ba87-a4f6-ba2a-15ac-ff768f66c54a">
      <Execution id="2cfbf5ca-ef10-4949-8ce2-389849ca6e96" />
      <TestMethod codeBase="D:\actions-runner\_work\XPCO\XPCO\MIP\PlatformPlugin\VideoOS.Platform\unittest\bin\Debug\net472\VideoOS.Platform.Tests.dll" adapterTypeName="executor://mstestadapter/v2" className="VideoOS.Platform.Tests.Proxy.RestApi.JsonBuilderTests" name="Read_and_build_Success" />
    </UnitTest>
    <UnitTest name="Append_PropertyKey_Value" storage="d:\actions-runner\_work\xpco\xpco\mip\platformplugin\videoos.platform\unittest\bin\debug\net472\videoos.platform.tests.dll" id="9504291e-b74b-48e8-7789-94b6a1151b40">
      <Execution id="06e17611-f373-4ced-9c47-f8ad9be70899" />
      <TestMethod codeBase="D:\actions-runner\_work\XPCO\XPCO\MIP\PlatformPlugin\VideoOS.Platform\unittest\bin\Debug\net472\VideoOS.Platform.Tests.dll" adapterTypeName="executor://mstestadapter/v2" className="VideoOS.Platform.Tests.Proxy.RestApi.JsonBuilderTests" name="Append_PropertyKey_Value" />
    </UnitTest>
    <UnitTest name="ReadXml_ShouldReadTranslate_WhenTranslateIsPresent" storage="d:\actions-runner\_work\xpco\xpco\mip\platformplugin\videoos.platform\unittest\bin\debug\net472\videoos.platform.tests.dll" id="144c69ed-fb6c-34fd-956a-d442174acbf9">
      <Execution id="00e2eaf3-f1fa-4fdc-a65a-ddbf40023e58" />
      <TestMethod codeBase="D:\actions-runner\_work\XPCO\XPCO\MIP\PlatformPlugin\VideoOS.Platform\unittest\bin\Debug\net472\VideoOS.Platform.Tests.dll" adapterTypeName="executor://mstestadapter/v2" className="VideoOS.Platform.Tests.Metadata.TransformationTests" name="ReadXml_ShouldReadTranslate_WhenTranslateIsPresent" />
    </UnitTest>
    <UnitTest name="ReadyToCloseEvent_CancelCommand_MultiSelect_Thrown" storage="d:\actions-runner\_work\xpco\xpco\mip\platformplugin\videoos.platform\unittest\bin\debug\net472\videoos.platform.tests.dll" id="159cae7e-f986-2bd9-0bdf-d56bffd649d4">
      <Execution id="28949bdb-57ea-47ba-8e29-c805926891f0" />
      <TestMethod codeBase="D:\actions-runner\_work\XPCO\XPCO\MIP\PlatformPlugin\VideoOS.Platform\unittest\bin\Debug\net472\VideoOS.Platform.Tests.dll" adapterTypeName="executor://mstestadapter/v2" className="VideoOS.Platform.Tests.UI.ItemPicker.ItemPickerWindowViewModelTest" name="ReadyToCloseEvent_CancelCommand_MultiSelect_Thrown" />
    </UnitTest>
    <UnitTest name="ReadXml_ShouldLogWarningOnlyOnceWithinOneMinute_WhenFrameDidNotReadUtcTime" storage="d:\actions-runner\_work\xpco\xpco\mip\platformplugin\videoos.platform\unittest\bin\debug\net472\videoos.platform.tests.dll" id="0272379c-7daf-7bd0-3571-0deb6243dd64">
      <Execution id="108b2ab6-a6cf-4da0-9c38-8004320adde9" />
      <TestMethod codeBase="D:\actions-runner\_work\XPCO\XPCO\MIP\PlatformPlugin\VideoOS.Platform\unittest\bin\Debug\net472\VideoOS.Platform.Tests.dll" adapterTypeName="executor://mstestadapter/v2" className="VideoOS.Platform.Tests.Metadata.VideoAnalyticsTests" name="ReadXml_ShouldLogWarningOnlyOnceWithinOneMinute_WhenFrameDidNotReadUtcTime" />
    </UnitTest>
    <UnitTest name="ProvideValue_ShouldNotApplyContentTemplate_WhenItemContentTemplatePropertyNameIsNotSet" storage="d:\actions-runner\_work\xpco\xpco\mip\platformplugin\videoos.platform\unittest\bin\debug\net472\videoos.platform.tests.dll" id="629a124b-d106-9b5f-4810-e231979dd6e9">
      <TestCategory>
        <TestCategoryItem TestCategory="TabControls" />
      </TestCategory>
      <Execution id="6da4d2c3-1b44-45fa-8975-7035f074e2f6" />
      <TestMethod codeBase="D:\actions-runner\_work\XPCO\XPCO\MIP\PlatformPlugin\VideoOS.Platform\unittest\bin\Debug\net472\VideoOS.Platform.Tests.dll" adapterTypeName="executor://mstestadapter/v2" className="VideoOS.Platform.Tests.UI.Controls.TabControls.Internal.Primary.ItemContentTemplateExtensionTest" name="ProvideValue_ShouldNotApplyContentTemplate_WhenItemContentTemplatePropertyNameIsNotSet" />
    </UnitTest>
    <UnitTest name="Serialize_TestCases (TestParentTypeMatchStringNotThisTypeMatched)" storage="d:\actions-runner\_work\xpco\xpco\mip\platformplugin\videoos.platform\unittest\bin\debug\net472\videoos.platform.tests.dll" id="e5327567-16bb-a9ea-d8a4-bb9395ce3964">
      <Execution id="552e22de-90b6-4663-b559-b33fe123555c" />
      <TestMethod codeBase="D:\actions-runner\_work\XPCO\XPCO\MIP\PlatformPlugin\VideoOS.Platform\unittest\bin\Debug\net472\VideoOS.Platform.Tests.dll" adapterTypeName="executor://mstestadapter/v2" className="VideoOS.Platform.Tests.UI.Controls.Automation.Serialization.AutomationObjectSerializerTest" name="Serialize_TestCases" />
    </UnitTest>
    <UnitTest name="AllowGroupSelectionFalse_AutoCloseOnSelect_NothingSelected" storage="d:\actions-runner\_work\xpco\xpco\mip\platformplugin\videoos.platform\unittest\bin\debug\net472\videoos.platform.tests.dll" id="d16b66ae-362f-7903-ceb9-287ac5bef50c">
      <Execution id="4ccca60c-7909-4414-bb95-a1078c3ffa10" />
      <TestMethod codeBase="D:\actions-runner\_work\XPCO\XPCO\MIP\PlatformPlugin\VideoOS.Platform\unittest\bin\Debug\net472\VideoOS.Platform.Tests.dll" adapterTypeName="executor://mstestadapter/v2" className="VideoOS.Platform.Tests.UI.ItemPicker.ItemPickerViewModelTest" name="AllowGroupSelectionFalse_AutoCloseOnSelect_NothingSelected" />
    </UnitTest>
    <UnitTest name="CreateSearchFilterEditControl_MultiplePlugins_MilestonePluginsFirst" storage="d:\actions-runner\_work\xpco\xpco\mip\platformplugin\videoos.platform\unittest\bin\debug\net472\videoos.platform.tests.dll" id="4599a740-2169-7e32-9656-668b8e9b7b20">
      <TestCategory>
        <TestCategoryItem TestCategory="Search" />
      </TestCategory>
      <Execution id="f8498a37-9291-446a-b8f4-5b424c97aa40" />
      <TestMethod codeBase="D:\actions-runner\_work\XPCO\XPCO\MIP\PlatformPlugin\VideoOS.Platform\unittest\bin\Debug\net472\VideoOS.Platform.Tests.dll" adapterTypeName="executor://mstestadapter/v2" className="VideoOS.Platform.Tests.Search.SearchUserControlResolverTest" name="CreateSearchFilterEditControl_MultiplePlugins_MilestonePluginsFirst" />
    </UnitTest>
    <UnitTest name="GetPopulatedItems_NoChildren_NoChildrenAdded" storage="d:\actions-runner\_work\xpco\xpco\mip\platformplugin\videoos.platform\unittest\bin\debug\net472\videoos.platform.tests.dll" id="a8ff7a29-8845-1919-c693-2698cf30e949">
      <Execution id="9fb4507b-19de-4d2e-8ae6-50415e61a813" />
      <TestMethod codeBase="D:\actions-runner\_work\XPCO\XPCO\MIP\PlatformPlugin\VideoOS.Platform\unittest\bin\Debug\net472\VideoOS.Platform.Tests.dll" adapterTypeName="executor://mstestadapter/v2" className="VideoOS.Platform.Tests.UI.ItemPicker.PopulateThreadTest" name="GetPopulatedItems_NoChildren_NoChildrenAdded" />
    </UnitTest>
    <UnitTest name="GetParent_IsNull" storage="d:\actions-runner\_work\xpco\xpco\mip\platformplugin\videoos.platform\unittest\bin\debug\net472\videoos.platform.tests.dll" id="2516f5ca-d06b-43f0-8619-b53bdf03ad3b">
      <Execution id="31b8be0e-1452-40c5-90e7-647b2364294b" />
      <TestMethod codeBase="D:\actions-runner\_work\XPCO\XPCO\MIP\PlatformPlugin\VideoOS.Platform\unittest\bin\Debug\net472\VideoOS.Platform.Tests.dll" adapterTypeName="executor://mstestadapter/v2" className="VideoOS.Platform.Tests.FQIDtests" name="GetParent_IsNull" />
    </UnitTest>
    <UnitTest name="GetMetadataStream_ShouldReturnMetadataStream_WhenByteArrayContainsValidXml" storage="d:\actions-runner\_work\xpco\xpco\mip\platformplugin\videoos.platform\unittest\bin\debug\net472\videoos.platform.tests.dll" id="eefc51b9-5382-2aee-c4ce-08acd9cc49de">
      <Execution id="674b75d6-1ad9-43ac-8360-abea36016b64" />
      <TestMethod codeBase="D:\actions-runner\_work\XPCO\XPCO\MIP\PlatformPlugin\VideoOS.Platform\unittest\bin\Debug\net472\VideoOS.Platform.Tests.dll" adapterTypeName="executor://mstestadapter/v2" className="VideoOS.Platform.Tests.Metadata.MetadataContentTests" name="GetMetadataStream_ShouldReturnMetadataStream_WhenByteArrayContainsValidXml" />
    </UnitTest>
    <UnitTest name="CountByItems_NotActivated_Missing" storage="d:\actions-runner\_work\xpco\xpco\mip\platformplugin\videoos.platform\unittest\bin\debug\net472\videoos.platform.tests.dll" id="81f1f710-d694-68bf-2cd3-35ddc8a4ca3e">
      <Execution id="563c028b-b3b2-40c8-8536-1330b732720e" />
      <TestMethod codeBase="D:\actions-runner\_work\XPCO\XPCO\MIP\PlatformPlugin\VideoOS.Platform\unittest\bin\Debug\net472\VideoOS.Platform.Tests.dll" adapterTypeName="executor://mstestadapter/v2" className="VideoOS.Platform.Tests.License.ResolvedLicenseCountTest" name="CountByItems_NotActivated_Missing" />
    </UnitTest>
    <UnitTest name="GetAgeFilterValue_ValidSelection_Success" storage="d:\actions-runner\_work\xpco\xpco\mip\platformplugin\videoos.platform\unittest\bin\debug\net472\videoos.platform.tests.dll" id="47c1b6ab-8c0a-fc63-f12d-64e40883c80a">
      <TestCategory>
        <TestCategoryItem TestCategory="Search" />
      </TestCategory>
      <Execution id="7fb90b42-0547-4788-8a9b-43e1fb7f891d" />
      <TestMethod codeBase="D:\actions-runner\_work\XPCO\XPCO\MIP\PlatformPlugin\VideoOS.Platform\unittest\bin\Debug\net472\VideoOS.Platform.Tests.dll" adapterTypeName="executor://mstestadapter/v2" className="VideoOS.Platform.Tests.Search.FilterCategories.PersonSearchFilterCategoryTest" name="GetAgeFilterValue_ValidSelection_Success" />
    </UnitTest>
    <UnitTest name="GetNext_ShouldReturnEntryAfterLastReturnedEntry_WhenFindCacheEntryAfterWasCalledAndThereIsANextEntry" storage="d:\actions-runner\_work\xpco\xpco\mip\platformplugin\videoos.platform\unittest\bin\debug\net472\videoos.platform.tests.dll" id="67a0e7c3-fd99-228f-3717-941a8f61eb9d">
      <Execution id="f61bb3ef-e467-45de-9372-06f75376034c" />
      <TestMethod codeBase="D:\actions-runner\_work\XPCO\XPCO\MIP\PlatformPlugin\VideoOS.Platform\unittest\bin\Debug\net472\VideoOS.Platform.Tests.dll" adapterTypeName="executor://mstestadapter/v2" className="VideoOS.Platform.Tests.Data.MetadataCacheTests" name="GetNext_ShouldReturnEntryAfterLastReturnedEntry_WhenFindCacheEntryAfterWasCalledAndThereIsANextEntry" />
    </UnitTest>
    <UnitTest name="IsCriteriaAccepted_ValidItem_True" storage="d:\actions-runner\_work\xpco\xpco\mip\platformplugin\videoos.platform\unittest\bin\debug\net472\videoos.platform.tests.dll" id="8f3b8a17-8863-f4c3-5425-91ed08db45b8">
      <Execution id="46e8936a-9806-4aec-9dba-9a6f1c92f6ad" />
      <TestMethod codeBase="D:\actions-runner\_work\XPCO\XPCO\MIP\PlatformPlugin\VideoOS.Platform\unittest\bin\Debug\net472\VideoOS.Platform.Tests.dll" adapterTypeName="executor://mstestadapter/v2" className="VideoOS.Platform.Tests.UI.ItemPicker.ItemPickerViewModelTest" name="IsCriteriaAccepted_ValidItem_True" />
    </UnitTest>
    <UnitTest name="GetPreviousSequence_ShouldReturnFirstEntryFromToolkitResult_WhenDataWasReturned" storage="d:\actions-runner\_work\xpco\xpco\mip\platformplugin\videoos.platform\unittest\bin\debug\net472\videoos.platform.tests.dll" id="37465b96-5d9d-91f9-7bbc-1b2bd9de14df">
      <Execution id="523843b3-b954-4539-b0f4-d9e597cd3ded" />
      <TestMethod codeBase="D:\actions-runner\_work\XPCO\XPCO\MIP\PlatformPlugin\VideoOS.Platform\unittest\bin\Debug\net472\VideoOS.Platform.Tests.dll" adapterTypeName="executor://mstestadapter/v2" className="VideoOS.Platform.Tests.Data.MetadataPlaybackSourceTests" name="GetPreviousSequence_ShouldReturnFirstEntryFromToolkitResult_WhenDataWasReturned" />
    </UnitTest>
    <UnitTest name="Ctor_NullName_Throws" storage="d:\actions-runner\_work\xpco\xpco\mip\platformplugin\videoos.platform\unittest\bin\debug\net472\videoos.platform.tests.dll" id="b543895e-b652-81f1-d5a2-ebd384954ea0">
      <TestCategory>
        <TestCategoryItem TestCategory="Search" />
      </TestCategory>
      <Execution id="a07217cd-cfab-407d-ba18-c3f642292f52" />
      <TestMethod codeBase="D:\actions-runner\_work\XPCO\XPCO\MIP\PlatformPlugin\VideoOS.Platform\unittest\bin\Debug\net472\VideoOS.Platform.Tests.dll" adapterTypeName="executor://mstestadapter/v2" className="VideoOS.Platform.Tests.Search.FilterCategories.VehicleSearchFilterCategoryTest" name="Ctor_NullName_Throws" />
    </UnitTest>
    <UnitTest name="Serialize_TestCases (Verify root Decimal property)" storage="d:\actions-runner\_work\xpco\xpco\mip\platformplugin\videoos.platform\unittest\bin\debug\net472\videoos.platform.tests.dll" id="5ac412a9-7dd3-8fe0-5e94-070a00a25518">
      <Execution id="d3fc576b-614a-4f6b-ae9c-715f08089510" />
      <TestMethod codeBase="D:\actions-runner\_work\XPCO\XPCO\MIP\PlatformPlugin\VideoOS.Platform\unittest\bin\Debug\net472\VideoOS.Platform.Tests.dll" adapterTypeName="executor://mstestadapter/v2" className="VideoOS.Platform.Tests.UI.Controls.Automation.Serialization.AutomationObjectSerializerTest" name="Serialize_TestCases" />
    </UnitTest>
    <UnitTest name="Serialize_TestCases (TestParentTypeMatchIntNotThisTypeNotMatched)" storage="d:\actions-runner\_work\xpco\xpco\mip\platformplugin\videoos.platform\unittest\bin\debug\net472\videoos.platform.tests.dll" id="79b8fa33-af80-9f78-4ef9-04a20433e050">
      <Execution id="e12fcdf2-d0fa-4a95-be67-ac83f0f7a7e9" />
      <TestMethod codeBase="D:\actions-runner\_work\XPCO\XPCO\MIP\PlatformPlugin\VideoOS.Platform\unittest\bin\Debug\net472\VideoOS.Platform.Tests.dll" adapterTypeName="executor://mstestadapter/v2" className="VideoOS.Platform.Tests.UI.Controls.Automation.Serialization.AutomationObjectSerializerTest" name="Serialize_TestCases" />
    </UnitTest>
    <UnitTest name="GetGenderFilterValues_SingleSelection_Success" storage="d:\actions-runner\_work\xpco\xpco\mip\platformplugin\videoos.platform\unittest\bin\debug\net472\videoos.platform.tests.dll" id="1e01348f-4956-9c30-5322-aed75f85144b">
      <TestCategory>
        <TestCategoryItem TestCategory="Search" />
      </TestCategory>
      <Execution id="51102ee8-60a8-4f97-abaa-ef9b83ca5710" />
      <TestMethod codeBase="D:\actions-runner\_work\XPCO\XPCO\MIP\PlatformPlugin\VideoOS.Platform\unittest\bin\Debug\net472\VideoOS.Platform.Tests.dll" adapterTypeName="executor://mstestadapter/v2" className="VideoOS.Platform.Tests.Search.FilterCategories.PersonSearchFilterCategoryTest" name="GetGenderFilterValues_SingleSelection_Success" />
    </UnitTest>
    <UnitTest name="ProvideValue_ShouldUseContentTemplateFromTabControl_WhenItemContentTemplateIsCleared" storage="d:\actions-runner\_work\xpco\xpco\mip\platformplugin\videoos.platform\unittest\bin\debug\net472\videoos.platform.tests.dll" id="6ce95987-243b-a23d-9b97-d2e2f2ba466c">
      <TestCategory>
        <TestCategoryItem TestCategory="TabControls" />
      </TestCategory>
      <Execution id="65f4007b-80bf-4a9c-b3a8-2065ded202f9" />
      <TestMethod codeBase="D:\actions-runner\_work\XPCO\XPCO\MIP\PlatformPlugin\VideoOS.Platform\unittest\bin\Debug\net472\VideoOS.Platform.Tests.dll" adapterTypeName="executor://mstestadapter/v2" className="VideoOS.Platform.Tests.UI.Controls.TabControls.Internal.Primary.ItemContentTemplateExtensionTest" name="ProvideValue_ShouldUseContentTemplateFromTabControl_WhenItemContentTemplateIsCleared" />
    </UnitTest>
    <UnitTest name="ReadXml_ShouldLogWarning_WhenCenterOfGravityIsIncomplete" storage="d:\actions-runner\_work\xpco\xpco\mip\platformplugin\videoos.platform\unittest\bin\debug\net472\videoos.platform.tests.dll" id="0698a694-c3e3-daa4-3795-9bea8316565b">
      <Execution id="d472591f-a4e9-475e-a0a6-1ed9cc49ab98" />
      <TestMethod codeBase="D:\actions-runner\_work\XPCO\XPCO\MIP\PlatformPlugin\VideoOS.Platform\unittest\bin\Debug\net472\VideoOS.Platform.Tests.dll" adapterTypeName="executor://mstestadapter/v2" className="VideoOS.Platform.Tests.Metadata.ShapeTests" name="ReadXml_ShouldLogWarning_WhenCenterOfGravityIsIncomplete" />
    </UnitTest>
    <UnitTest name="ReadXml_ShouldReadObject_WhenObjectIsPresent" storage="d:\actions-runner\_work\xpco\xpco\mip\platformplugin\videoos.platform\unittest\bin\debug\net472\videoos.platform.tests.dll" id="45a1237f-8398-1e96-4a23-b6a235238101">
      <Execution id="35f79066-4c0a-42e8-b6db-c0031b8e0eaa" />
      <TestMethod codeBase="D:\actions-runner\_work\XPCO\XPCO\MIP\PlatformPlugin\VideoOS.Platform\unittest\bin\Debug\net472\VideoOS.Platform.Tests.dll" adapterTypeName="executor://mstestadapter/v2" className="VideoOS.Platform.Tests.Metadata.FrameTests" name="ReadXml_ShouldReadObject_WhenObjectIsPresent" />
    </UnitTest>
    <UnitTest name="GetPropertiesAsync_MultipleInvocations_DelegatedToInternalMethodOnlyOnce" storage="d:\actions-runner\_work\xpco\xpco\mip\platformplugin\videoos.platform\unittest\bin\debug\net472\videoos.platform.tests.dll" id="46ae3a22-8d3d-7e4f-8a5b-87f63b36d2e9">
      <TestCategory>
        <TestCategoryItem TestCategory="Search" />
      </TestCategory>
      <Execution id="5b269a70-7312-4793-a807-4939c6d85afe" />
      <TestMethod codeBase="D:\actions-runner\_work\XPCO\XPCO\MIP\PlatformPlugin\VideoOS.Platform\unittest\bin\Debug\net472\VideoOS.Platform.Tests.dll" adapterTypeName="executor://mstestadapter/v2" className="VideoOS.Platform.Tests.Search.SearchResultDataTest" name="GetPropertiesAsync_MultipleInvocations_DelegatedToInternalMethodOnlyOnce" />
    </UnitTest>
    <UnitTest name="AllowGroupSelectionFalse_MultiSelect_ElementsInGroupSelected" storage="d:\actions-runner\_work\xpco\xpco\mip\platformplugin\videoos.platform\unittest\bin\debug\net472\videoos.platform.tests.dll" id="b09c7353-a02d-ff9f-8437-0ec01da8590a">
      <Execution id="e3eabbc9-a48f-49ae-8faa-93bab0237b43" />
      <TestMethod codeBase="D:\actions-runner\_work\XPCO\XPCO\MIP\PlatformPlugin\VideoOS.Platform\unittest\bin\Debug\net472\VideoOS.Platform.Tests.dll" adapterTypeName="executor://mstestadapter/v2" className="VideoOS.Platform.Tests.UI.ItemPicker.ItemPickerViewModelTest" name="AllowGroupSelectionFalse_MultiSelect_ElementsInGroupSelected" />
    </UnitTest>
    <UnitTest name="Ctor_TwoCustomFilters_Success" storage="d:\actions-runner\_work\xpco\xpco\mip\platformplugin\videoos.platform\unittest\bin\debug\net472\videoos.platform.tests.dll" id="81e8c1a0-4900-8a66-1f87-0c131327f5b5">
      <TestCategory>
        <TestCategoryItem TestCategory="Search" />
      </TestCategory>
      <Execution id="c6401390-04ea-4349-8777-0b79a1e95e0e" />
      <TestMethod codeBase="D:\actions-runner\_work\XPCO\XPCO\MIP\PlatformPlugin\VideoOS.Platform\unittest\bin\Debug\net472\VideoOS.Platform.Tests.dll" adapterTypeName="executor://mstestadapter/v2" className="VideoOS.Platform.Tests.Search.FilterCategories.PersonSearchFilterCategoryTest" name="Ctor_TwoCustomFilters_Success" />
    </UnitTest>
    <UnitTest name="Parse_Double_Simple" storage="d:\actions-runner\_work\xpco\xpco\mip\platformplugin\videoos.platform\unittest\bin\debug\net472\videoos.platform.tests.dll" id="b837ebc0-f7ad-c47b-17b8-8695813cd0ae">
      <Execution id="fac5d079-fd46-40f1-8add-a21f577bf89f" />
      <TestMethod codeBase="D:\actions-runner\_work\XPCO\XPCO\MIP\PlatformPlugin\VideoOS.Platform\unittest\bin\Debug\net472\VideoOS.Platform.Tests.dll" adapterTypeName="executor://mstestadapter/v2" className="VideoOS.Platform.Tests.Proxy.RestApi.JsonReaderTests" name="Parse_Double_Simple" />
    </UnitTest>
    <UnitTest name="Decrypt_ShouldDecryptNonFipsLicenseEncryption" storage="d:\actions-runner\_work\xpco\xpco\mip\platformplugin\videoos.platform\unittest\bin\debug\net472\videoos.platform.tests.dll" id="a9cc89a4-8213-a4b1-7484-4879815a89dd">
      <Execution id="a09ae79a-0f1b-4b7d-a6f0-278b8a16d507" />
      <TestMethod codeBase="D:\actions-runner\_work\XPCO\XPCO\MIP\PlatformPlugin\VideoOS.Platform\unittest\bin\Debug\net472\VideoOS.Platform.Tests.dll" adapterTypeName="executor://mstestadapter/v2" className="VideoOS.Platform.Tests.License.NonFipsLicenseCompatibilityHandlerTests" name="Decrypt_ShouldDecryptNonFipsLicenseEncryption" />
    </UnitTest>
    <UnitTest name="ReadXml_ShouldReadXmlAndCreateSameValues_WhenItIsWrittenByWriteXml" storage="d:\actions-runner\_work\xpco\xpco\mip\platformplugin\videoos.platform\unittest\bin\debug\net472\videoos.platform.tests.dll" id="fb65aff9-84a8-5b2a-92bd-f76bc29d120f">
      <Execution id="2a47ea35-2ff1-4c79-9a9f-5a2f107c2c12" />
      <TestMethod codeBase="D:\actions-runner\_work\XPCO\XPCO\MIP\PlatformPlugin\VideoOS.Platform\unittest\bin\Debug\net472\VideoOS.Platform.Tests.dll" adapterTypeName="executor://mstestadapter/v2" className="VideoOS.Platform.Tests.Metadata.NavigationalDataTests" name="ReadXml_ShouldReadXmlAndCreateSameValues_WhenItIsWrittenByWriteXml" />
    </UnitTest>
    <UnitTest name="JoinString_When1Level_Success" storage="d:\actions-runner\_work\xpco\xpco\mip\platformplugin\videoos.platform\unittest\bin\debug\net472\videoos.platform.tests.dll" id="1461c781-13a0-05a7-16f7-5b6b1341577b">
      <Execution id="ebdbef27-d9d7-4bda-8b3c-9ceceae1aaea" />
      <TestMethod codeBase="D:\actions-runner\_work\XPCO\XPCO\MIP\PlatformPlugin\VideoOS.Platform\unittest\bin\Debug\net472\VideoOS.Platform.Tests.dll" adapterTypeName="executor://mstestadapter/v2" className="VideoOS.Platform.Tests.Util.StringSplitterTests" name="JoinString_When1Level_Success" />
    </UnitTest>
    <UnitTest name="SHA256Hex64_ShouldReturnSHAHash_WhenInputIsEmpty" storage="d:\actions-runner\_work\xpco\xpco\mip\platformplugin\videoos.platform\unittest\bin\debug\net472\videoos.platform.tests.dll" id="8323b4f2-e9f8-2e2a-6f22-cc6a18906d5b">
      <Execution id="8db21e08-f717-43b9-837f-76ec817dd23d" />
      <TestMethod codeBase="D:\actions-runner\_work\XPCO\XPCO\MIP\PlatformPlugin\VideoOS.Platform\unittest\bin\Debug\net472\VideoOS.Platform.Tests.dll" adapterTypeName="executor://mstestadapter/v2" className="VideoOS.Platform.Tests.Data.MediaProviderInternal.UtilityTests" name="SHA256Hex64_ShouldReturnSHAHash_WhenInputIsEmpty" />
    </UnitTest>
    <UnitTest name="ReadXml_ShouldIgnoreRemovedChildren_WhenAlways" storage="d:\actions-runner\_work\xpco\xpco\mip\platformplugin\videoos.platform\unittest\bin\debug\net472\videoos.platform.tests.dll" id="d78ddc2b-307f-bc26-2b15-e79e8f94ce76">
      <Execution id="85136561-2bc9-4f89-a85c-1f6fc9beb3a1" />
      <TestMethod codeBase="D:\actions-runner\_work\XPCO\XPCO\MIP\PlatformPlugin\VideoOS.Platform\unittest\bin\Debug\net472\VideoOS.Platform.Tests.dll" adapterTypeName="executor://mstestadapter/v2" className="VideoOS.Platform.Tests.Metadata.BehaviourTests" name="ReadXml_ShouldIgnoreRemovedChildren_WhenAlways" />
    </UnitTest>
    <UnitTest name="WriteXml_ShouldWriteRemovedElementBeforeIdleElement_WhenBothAreSet" storage="d:\actions-runner\_work\xpco\xpco\mip\platformplugin\videoos.platform\unittest\bin\debug\net472\videoos.platform.tests.dll" id="ab352261-f7fb-4de5-d0ab-b3696dc3f865">
      <Execution id="8e1096c5-ded5-462a-9108-f94f435b3052" />
      <TestMethod codeBase="D:\actions-runner\_work\XPCO\XPCO\MIP\PlatformPlugin\VideoOS.Platform\unittest\bin\Debug\net472\VideoOS.Platform.Tests.dll" adapterTypeName="executor://mstestadapter/v2" className="VideoOS.Platform.Tests.Metadata.BehaviourTests" name="WriteXml_ShouldWriteRemovedElementBeforeIdleElement_WhenBothAreSet" />
    </UnitTest>
    <UnitTest name="SearchResultData_WarningText_Success" storage="d:\actions-runner\_work\xpco\xpco\mip\platformplugin\videoos.platform\unittest\bin\debug\net472\videoos.platform.tests.dll" id="22aaf792-b28c-0483-2284-13d7b20de4b8">
      <TestCategory>
        <TestCategoryItem TestCategory="Search" />
      </TestCategory>
      <Execution id="85214462-2325-4592-8087-38c15d55b5b4" />
      <TestMethod codeBase="D:\actions-runner\_work\XPCO\XPCO\MIP\PlatformPlugin\VideoOS.Platform\unittest\bin\Debug\net472\VideoOS.Platform.Tests.dll" adapterTypeName="executor://mstestadapter/v2" className="VideoOS.Platform.Tests.Search.SearchResultDataTest" name="SearchResultData_WarningText_Success" />
    </UnitTest>
    <UnitTest name="GetNextSequence_ShouldReturnFirstEntryFromToolkitResult_WhenDataWasReturned" storage="d:\actions-runner\_work\xpco\xpco\mip\platformplugin\videoos.platform\unittest\bin\debug\net472\videoos.platform.tests.dll" id="daf5f08d-c32f-df8c-b33e-1ba8ee1cff44">
      <Execution id="ac300e42-61d6-4dd5-9b2b-2625e5098e60" />
      <TestMethod codeBase="D:\actions-runner\_work\XPCO\XPCO\MIP\PlatformPlugin\VideoOS.Platform\unittest\bin\Debug\net472\VideoOS.Platform.Tests.dll" adapterTypeName="executor://mstestadapter/v2" className="VideoOS.Platform.Tests.Data.MetadataPlaybackSourceTests" name="GetNextSequence_ShouldReturnFirstEntryFromToolkitResult_WhenDataWasReturned" />
    </UnitTest>
    <UnitTest name="GenerateParameters_ShouldOmitResolutionList_WhenResolutionSetIsEmpty" storage="d:\actions-runner\_work\xpco\xpco\mip\platformplugin\videoos.platform\unittest\bin\debug\net472\videoos.platform.tests.dll" id="4eb0c9c9-741e-7fa6-9c80-5eed459fb9fe">
      <Execution id="710cd578-bbaa-4fe5-b8fa-be7069f1487e" />
      <TestMethod codeBase="D:\actions-runner\_work\XPCO\XPCO\MIP\PlatformPlugin\VideoOS.Platform\unittest\bin\Debug\net472\VideoOS.Platform.Tests.dll" adapterTypeName="executor://mstestadapter/v2" className="VideoOS.Platform.Tests.Data.CameraDeviceDefinitionTests" name="GenerateParameters_ShouldOmitResolutionList_WhenResolutionSetIsEmpty" />
    </UnitTest>
    <UnitTest name="WriteAppearanceExtenstionXml_ShouldWriteLineColor_WhenLineColorIsPresent" storage="d:\actions-runner\_work\xpco\xpco\mip\platformplugin\videoos.platform\unittest\bin\debug\net472\videoos.platform.tests.dll" id="394ee23f-1fe5-59c6-6460-7cc48bf68705">
      <Execution id="37bc82df-83da-4903-b850-2ab98a50d7b7" />
      <TestMethod codeBase="D:\actions-runner\_work\XPCO\XPCO\MIP\PlatformPlugin\VideoOS.Platform\unittest\bin\Debug\net472\VideoOS.Platform.Tests.dll" adapterTypeName="executor://mstestadapter/v2" className="VideoOS.Platform.Tests.Metadata.RectangleTests" name="WriteAppearanceExtenstionXml_ShouldWriteLineColor_WhenLineColorIsPresent" />
    </UnitTest>
    <UnitTest name="BuildShapeOverlayWidthHeightBaseEvent_ShouldReturnCorrectNumberOfShapes_WhenArgumentIsAnalyticsEvent" storage="d:\actions-runner\_work\xpco\xpco\mip\platformplugin\videoos.platform\unittest\bin\debug\net472\videoos.platform.tests.dll" id="7b2725af-6cca-aaf7-125b-307ed988b6a3">
      <Execution id="9ace786f-5a32-40bb-83ed-68a9ddd5d300" />
      <TestMethod codeBase="D:\actions-runner\_work\XPCO\XPCO\MIP\PlatformPlugin\VideoOS.Platform\unittest\bin\Debug\net472\VideoOS.Platform.Tests.dll" adapterTypeName="executor://mstestadapter/v2" className="VideoOS.Platform.Tests.Util.AnalyticsOverlayBuilderTests" name="BuildShapeOverlayWidthHeightBaseEvent_ShouldReturnCorrectNumberOfShapes_WhenArgumentIsAnalyticsEvent" />
    </UnitTest>
    <UnitTest name="GenerateDeviceParameters_ShouldOmitQuality_WhenQualityIsZero" storage="d:\actions-runner\_work\xpco\xpco\mip\platformplugin\videoos.platform\unittest\bin\debug\net472\videoos.platform.tests.dll" id="6494ab94-5c0c-369b-99ff-59bfdd03b59b">
      <Execution id="6af9c6c8-7bbf-46d4-87a8-8b34dd8352f1" />
      <TestMethod codeBase="D:\actions-runner\_work\XPCO\XPCO\MIP\PlatformPlugin\VideoOS.Platform\unittest\bin\Debug\net472\VideoOS.Platform.Tests.dll" adapterTypeName="executor://mstestadapter/v2" className="VideoOS.Platform.Tests.Data.CameraDeviceDefinitionTests" name="GenerateDeviceParameters_ShouldOmitQuality_WhenQualityIsZero" />
    </UnitTest>
    <UnitTest name="Equals_ShouldReturnTrue_WhenHostIsTextualLocalhostAndOtherHostIsDottedDecimalLocalHost" storage="d:\actions-runner\_work\xpco\xpco\mip\platformplugin\videoos.platform\unittest\bin\debug\net472\videoos.platform.tests.dll" id="3f6286d5-3f69-a507-072d-04f3b3c184c5">
      <Execution id="2b87b40f-401b-452d-892f-2f1b3b88c9d6" />
      <TestMethod codeBase="D:\actions-runner\_work\XPCO\XPCO\MIP\PlatformPlugin\VideoOS.Platform\unittest\bin\Debug\net472\VideoOS.Platform.Tests.dll" adapterTypeName="executor://mstestadapter/v2" className="VideoOS.Platform.Tests.ServerIdTests" name="Equals_ShouldReturnTrue_WhenHostIsTextualLocalhostAndOtherHostIsDottedDecimalLocalHost" />
    </UnitTest>
    <UnitTest name="AllAttributesWerePresent_ShouldReturnFalse_WhenBottomAttributeIsMissing" storage="d:\actions-runner\_work\xpco\xpco\mip\platformplugin\videoos.platform\unittest\bin\debug\net472\videoos.platform.tests.dll" id="4659fd71-0ee0-a506-0553-a81ccc9c9c0b">
      <Execution id="755ca432-daae-4550-81e5-0a37de9e6937" />
      <TestMethod codeBase="D:\actions-runner\_work\XPCO\XPCO\MIP\PlatformPlugin\VideoOS.Platform\unittest\bin\Debug\net472\VideoOS.Platform.Tests.dll" adapterTypeName="executor://mstestadapter/v2" className="VideoOS.Platform.Tests.Metadata.RectangleTests" name="AllAttributesWerePresent_ShouldReturnFalse_WhenBottomAttributeIsMissing" />
    </UnitTest>
    <UnitTest name="SearializePlusDeserialize_ComplexObject_ShouldResultInSameString" storage="d:\actions-runner\_work\xpco\xpco\mip\platformplugin\videoos.platform\unittest\bin\debug\net472\videoos.platform.tests.dll" id="9be33bba-634e-2cc5-910a-418012d1f19f">
      <Execution id="a663a4e5-f939-4135-bc68-7dd3537c11cc" />
      <TestMethod codeBase="D:\actions-runner\_work\XPCO\XPCO\MIP\PlatformPlugin\VideoOS.Platform\unittest\bin\Debug\net472\VideoOS.Platform.Tests.dll" adapterTypeName="executor://mstestadapter/v2" className="VideoOS.Platform.Tests.Proxy.RestApi.JsonObjectTests" name="SearializePlusDeserialize_ComplexObject_ShouldResultInSameString" />
    </UnitTest>
    <UnitTest name="ParameterConstruct4_FieldValues_Checked" storage="d:\actions-runner\_work\xpco\xpco\mip\platformplugin\videoos.platform\unittest\bin\debug\net472\videoos.platform.tests.dll" id="a298570a-a341-d8e8-abe3-7f25184c2524">
      <Execution id="bf8bac6b-04c8-4d24-b422-1d7892e23392" />
      <TestMethod codeBase="D:\actions-runner\_work\XPCO\XPCO\MIP\PlatformPlugin\VideoOS.Platform\unittest\bin\Debug\net472\VideoOS.Platform.Tests.dll" adapterTypeName="executor://mstestadapter/v2" className="VideoOS.Platform.Tests.FQIDtests" name="ParameterConstruct4_FieldValues_Checked" />
    </UnitTest>
    <UnitTest name="Encrypt_PropertyIsSetToTrue_EncryptIsTrue" storage="d:\actions-runner\_work\xpco\xpco\mip\platformplugin\videoos.platform\unittest\bin\debug\net472\videoos.platform.tests.dll" id="c484feb4-af2e-2886-69bb-e210e70b626b">
      <Execution id="ff707912-ff08-4d90-93a8-42783f9057dd" />
      <TestMethod codeBase="D:\actions-runner\_work\XPCO\XPCO\MIP\PlatformPlugin\VideoOS.Platform\unittest\bin\Debug\net472\VideoOS.Platform.Tests.dll" adapterTypeName="executor://mstestadapter/v2" className="VideoOS.Platform.Tests.ItemTests" name="Encrypt_PropertyIsSetToTrue_EncryptIsTrue" />
    </UnitTest>
    <UnitTest name="ReadXml_ShouldSetAllFieldsToDefaultValues_WhenElementIsEmpty" storage="d:\actions-runner\_work\xpco\xpco\mip\platformplugin\videoos.platform\unittest\bin\debug\net472\videoos.platform.tests.dll" id="477f61b0-5c9c-b3c6-17b8-c096885b5954">
      <Execution id="c58bc19a-37a6-4031-b78f-15a31003130b" />
      <TestMethod codeBase="D:\actions-runner\_work\XPCO\XPCO\MIP\PlatformPlugin\VideoOS.Platform\unittest\bin\Debug\net472\VideoOS.Platform.Tests.dll" adapterTypeName="executor://mstestadapter/v2" className="VideoOS.Platform.Tests.Metadata.ClassCandidateTests" name="ReadXml_ShouldSetAllFieldsToDefaultValues_WhenElementIsEmpty" />
    </UnitTest>
    <UnitTest name="Serialize_ShouldHandleRecursiveProperty" storage="d:\actions-runner\_work\xpco\xpco\mip\platformplugin\videoos.platform\unittest\bin\debug\net472\videoos.platform.tests.dll" id="16af9e4d-1460-4181-5a4a-fd51a2b844f5">
      <Execution id="19a791de-46f4-4ce6-8493-40afaba3e1d4" />
      <TestMethod codeBase="D:\actions-runner\_work\XPCO\XPCO\MIP\PlatformPlugin\VideoOS.Platform\unittest\bin\Debug\net472\VideoOS.Platform.Tests.dll" adapterTypeName="executor://mstestadapter/v2" className="VideoOS.Platform.Tests.UI.Controls.Automation.Serialization.AutomationObjectSerializerRecursionTests" name="Serialize_ShouldHandleRecursiveProperty" />
    </UnitTest>
    <UnitTest name="OnSearchResultsReady_NoEventHandler_DoesNotCrash" storage="d:\actions-runner\_work\xpco\xpco\mip\platformplugin\videoos.platform\unittest\bin\debug\net472\videoos.platform.tests.dll" id="5e776647-f32b-7555-92cc-51ddf06fbbb5">
      <TestCategory>
        <TestCategoryItem TestCategory="Search" />
      </TestCategory>
      <Execution id="c5005ba1-79cf-4fa5-b3ec-186533750b86" />
      <TestMethod codeBase="D:\actions-runner\_work\XPCO\XPCO\MIP\PlatformPlugin\VideoOS.Platform\unittest\bin\Debug\net472\VideoOS.Platform.Tests.dll" adapterTypeName="executor://mstestadapter/v2" className="VideoOS.Platform.Tests.Search.SearchDefinitionTest" name="OnSearchResultsReady_NoEventHandler_DoesNotCrash" />
    </UnitTest>
    <UnitTest name="Serialize_TestCases (Verify root String (not null) property)" storage="d:\actions-runner\_work\xpco\xpco\mip\platformplugin\videoos.platform\unittest\bin\debug\net472\videoos.platform.tests.dll" id="935bdf43-855a-f0b1-5928-21e0e8057f44">
      <Execution id="4ba266bf-7421-4401-817a-0a60a258c1b1" />
      <TestMethod codeBase="D:\actions-runner\_work\XPCO\XPCO\MIP\PlatformPlugin\VideoOS.Platform\unittest\bin\Debug\net472\VideoOS.Platform.Tests.dll" adapterTypeName="executor://mstestadapter/v2" className="VideoOS.Platform.Tests.UI.Controls.Automation.Serialization.AutomationObjectSerializerTest" name="Serialize_TestCases" />
    </UnitTest>
    <UnitTest name="Equals_Fail_OnObjectString" storage="d:\actions-runner\_work\xpco\xpco\mip\platformplugin\videoos.platform\unittest\bin\debug\net472\videoos.platform.tests.dll" id="897d70f0-e357-0848-3b55-d93cbcae3720">
      <Execution id="401df10f-d7b0-4e1f-b4ac-767f0e0bb14f" />
      <TestMethod codeBase="D:\actions-runner\_work\XPCO\XPCO\MIP\PlatformPlugin\VideoOS.Platform\unittest\bin\Debug\net472\VideoOS.Platform.Tests.dll" adapterTypeName="executor://mstestadapter/v2" className="VideoOS.Platform.Tests.FQIDtests" name="Equals_Fail_OnObjectString" />
    </UnitTest>
    <UnitTest name="GetFilterValues_EmptyValueAdded_ReturnsEmptyCollection" storage="d:\actions-runner\_work\xpco\xpco\mip\platformplugin\videoos.platform\unittest\bin\debug\net472\videoos.platform.tests.dll" id="0b5213c6-1e29-5592-48df-383ab2a80365">
      <TestCategory>
        <TestCategoryItem TestCategory="Search" />
      </TestCategory>
      <Execution id="6640c8fb-9764-4abd-bad8-ad1f2966b46b" />
      <TestMethod codeBase="D:\actions-runner\_work\XPCO\XPCO\MIP\PlatformPlugin\VideoOS.Platform\unittest\bin\Debug\net472\VideoOS.Platform.Tests.dll" adapterTypeName="executor://mstestadapter/v2" className="VideoOS.Platform.Tests.Search.SearchCriteriaTest" name="GetFilterValues_EmptyValueAdded_ReturnsEmptyCollection" />
    </UnitTest>
    <UnitTest name="IsEmptyValue_SelectionFilterValue_NoSelections_ReturnsTrue" storage="d:\actions-runner\_work\xpco\xpco\mip\platformplugin\videoos.platform\unittest\bin\debug\net472\videoos.platform.tests.dll" id="82a5b9a3-0552-89d0-c528-c8a8c76f5d9f">
      <TestCategory>
        <TestCategoryItem TestCategory="Search" />
      </TestCategory>
      <Execution id="d061feed-e887-4394-962b-a9b1f7b5964b" />
      <TestMethod codeBase="D:\actions-runner\_work\XPCO\XPCO\MIP\PlatformPlugin\VideoOS.Platform\unittest\bin\Debug\net472\VideoOS.Platform.Tests.dll" adapterTypeName="executor://mstestadapter/v2" className="VideoOS.Platform.Tests.Search.SearchFilterTest" name="IsEmptyValue_SelectionFilterValue_NoSelections_ReturnsTrue" />
    </UnitTest>
    <UnitTest name="WriteXml_ShouldOmitBoundingBoxAppearanceElements_WhenTheyAreNotPresent" storage="d:\actions-runner\_work\xpco\xpco\mip\platformplugin\videoos.platform\unittest\bin\debug\net472\videoos.platform.tests.dll" id="4fc7265c-8aa9-4dcf-df19-f51dedafe8a7">
      <Execution id="7418cbbe-01f6-485f-b45d-ff17f7235857" />
      <TestMethod codeBase="D:\actions-runner\_work\XPCO\XPCO\MIP\PlatformPlugin\VideoOS.Platform\unittest\bin\Debug\net472\VideoOS.Platform.Tests.dll" adapterTypeName="executor://mstestadapter/v2" className="VideoOS.Platform.Tests.Metadata.ShapeTests" name="WriteXml_ShouldOmitBoundingBoxAppearanceElements_WhenTheyAreNotPresent" />
    </UnitTest>
    <UnitTest name="Decrypt_ShouldThrowMIPException_WhenCalledOnFIPSEnabledMachine" storage="d:\actions-runner\_work\xpco\xpco\mip\platformplugin\videoos.platform\unittest\bin\debug\net472\videoos.platform.tests.dll" id="781c6c8a-3177-25ba-5828-fb732829d7b1">
      <Execution id="a8fe397f-8b33-4f9c-a8aa-e156d0679ff4" />
      <TestMethod codeBase="D:\actions-runner\_work\XPCO\XPCO\MIP\PlatformPlugin\VideoOS.Platform\unittest\bin\Debug\net472\VideoOS.Platform.Tests.dll" adapterTypeName="executor://mstestadapter/v2" className="VideoOS.Platform.Tests.License.NonFipsLicenseCompatibilityHandlerTests" name="Decrypt_ShouldThrowMIPException_WhenCalledOnFIPSEnabledMachine" />
    </UnitTest>
    <UnitTest name="GetChildItems_ShouldReturnItems_WhenAllAreAdded" storage="d:\actions-runner\_work\xpco\xpco\mip\platformplugin\videoos.platform\unittest\bin\debug\net472\videoos.platform.tests.dll" id="0604c1ff-5540-6793-d2f8-19a426df7742">
      <Execution id="e0124a9e-6cea-47c6-9f5b-801b5bced445" />
      <TestMethod codeBase="D:\actions-runner\_work\XPCO\XPCO\MIP\PlatformPlugin\VideoOS.Platform\unittest\bin\Debug\net472\VideoOS.Platform.Tests.dll" adapterTypeName="executor://mstestadapter/v2" className="VideoOS.Platform.Tests.Util.ConfigurationCacheTests" name="GetChildItems_ShouldReturnItems_WhenAllAreAdded" />
    </UnitTest>
    <UnitTest name="EqualGuids_Fail_OnServerIdNull" storage="d:\actions-runner\_work\xpco\xpco\mip\platformplugin\videoos.platform\unittest\bin\debug\net472\videoos.platform.tests.dll" id="f33839d1-0a95-c027-0a9d-468e94c3e8f8">
      <Execution id="6b34788a-47df-481f-bacc-45c1370681b8" />
      <TestMethod codeBase="D:\actions-runner\_work\XPCO\XPCO\MIP\PlatformPlugin\VideoOS.Platform\unittest\bin\Debug\net472\VideoOS.Platform.Tests.dll" adapterTypeName="executor://mstestadapter/v2" className="VideoOS.Platform.Tests.FQIDtests" name="EqualGuids_Fail_OnServerIdNull" />
    </UnitTest>
    <UnitTest name="ReadXml_ShouldLogWarning_WhenRequiredAttributeIsMissing" storage="d:\actions-runner\_work\xpco\xpco\mip\platformplugin\videoos.platform\unittest\bin\debug\net472\videoos.platform.tests.dll" id="a53b6d0c-a89a-620c-77ca-f9530854f6a0">
      <Execution id="dd211713-6833-43a9-8e7b-d338e4b6abaf" />
      <TestMethod codeBase="D:\actions-runner\_work\XPCO\XPCO\MIP\PlatformPlugin\VideoOS.Platform\unittest\bin\Debug\net472\VideoOS.Platform.Tests.dll" adapterTypeName="executor://mstestadapter/v2" className="VideoOS.Platform.Tests.Metadata.FrameTests" name="ReadXml_ShouldLogWarning_WhenRequiredAttributeIsMissing" />
    </UnitTest>
    <UnitTest name="TestRestartSearch_DefinitionNotRespectingCancellation_Success" storage="d:\actions-runner\_work\xpco\xpco\mip\platformplugin\videoos.platform\unittest\bin\debug\net472\videoos.platform.tests.dll" id="1ac2e93a-b365-1e96-2efb-b968ca2d75c7">
      <TestCategory>
        <TestCategoryItem TestCategory="Search" />
      </TestCategory>
      <Execution id="6dc2bec5-670b-4e83-a95c-0b3b49e93f80" />
      <TestMethod codeBase="D:\actions-runner\_work\XPCO\XPCO\MIP\PlatformPlugin\VideoOS.Platform\unittest\bin\Debug\net472\VideoOS.Platform.Tests.dll" adapterTypeName="executor://mstestadapter/v2" className="VideoOS.Platform.Tests.Search.SearchManagerTest" name="TestRestartSearch_DefinitionNotRespectingCancellation_Success" />
    </UnitTest>
    <UnitTest name="BuildOverlayWidthHeightBaseEvent_ShouldReturnCorrectSizedBitmap_WhenArgumentIsEventData" storage="d:\actions-runner\_work\xpco\xpco\mip\platformplugin\videoos.platform\unittest\bin\debug\net472\videoos.platform.tests.dll" id="8f38f84f-ef7b-c71d-fc5d-8932529a4a0f">
      <Execution id="65210323-dfd0-4c36-b9cd-3100115b420c" />
      <TestMethod codeBase="D:\actions-runner\_work\XPCO\XPCO\MIP\PlatformPlugin\VideoOS.Platform\unittest\bin\Debug\net472\VideoOS.Platform.Tests.dll" adapterTypeName="executor://mstestadapter/v2" className="VideoOS.Platform.Tests.Util.AnalyticsOverlayBuilderTests" name="BuildOverlayWidthHeightBaseEvent_ShouldReturnCorrectSizedBitmap_WhenArgumentIsEventData" />
    </UnitTest>
    <UnitTest name="ReadXml_ShouldReadCenterOfGravityContents_WhenCenterOfGravityIsPresent" storage="d:\actions-runner\_work\xpco\xpco\mip\platformplugin\videoos.platform\unittest\bin\debug\net472\videoos.platform.tests.dll" id="ae12437f-7020-f7d7-46c0-7bcbf7d4412c">
      <Execution id="721ce5ca-f2c8-4f0b-ad7c-51bb169bd4ab" />
      <TestMethod codeBase="D:\actions-runner\_work\XPCO\XPCO\MIP\PlatformPlugin\VideoOS.Platform\unittest\bin\Debug\net472\VideoOS.Platform.Tests.dll" adapterTypeName="executor://mstestadapter/v2" className="VideoOS.Platform.Tests.Metadata.ShapeTests" name="ReadXml_ShouldReadCenterOfGravityContents_WhenCenterOfGravityIsPresent" />
    </UnitTest>
    <UnitTest name="Serialize_TestCases (TestParentTypeMatchObjectThisTypeMatched)" storage="d:\actions-runner\_work\xpco\xpco\mip\platformplugin\videoos.platform\unittest\bin\debug\net472\videoos.platform.tests.dll" id="7603cc3a-7642-d05f-79c1-6c139b33135d">
      <Execution id="890d333c-94a9-401b-ae54-a5252ad037be" />
      <TestMethod codeBase="D:\actions-runner\_work\XPCO\XPCO\MIP\PlatformPlugin\VideoOS.Platform\unittest\bin\Debug\net472\VideoOS.Platform.Tests.dll" adapterTypeName="executor://mstestadapter/v2" className="VideoOS.Platform.Tests.UI.Controls.Automation.Serialization.AutomationObjectSerializerTest" name="Serialize_TestCases" />
    </UnitTest>
    <UnitTest name="ToJson_ListElement_Array_Exception" storage="d:\actions-runner\_work\xpco\xpco\mip\platformplugin\videoos.platform\unittest\bin\debug\net472\videoos.platform.tests.dll" id="67c0ea39-eacf-68a7-bc2c-66d2ee840cfb">
      <Execution id="d6a8c91f-33a1-404d-818b-90cdf857d1fb" />
      <TestMethod codeBase="D:\actions-runner\_work\XPCO\XPCO\MIP\PlatformPlugin\VideoOS.Platform\unittest\bin\Debug\net472\VideoOS.Platform.Tests.dll" adapterTypeName="executor://mstestadapter/v2" className="VideoOS.Platform.Tests.Proxy.RestApi.JsonReaderTests" name="ToJson_ListElement_Array_Exception" />
    </UnitTest>
    <UnitTest name="Equals_Fail_OnObjectId" storage="d:\actions-runner\_work\xpco\xpco\mip\platformplugin\videoos.platform\unittest\bin\debug\net472\videoos.platform.tests.dll" id="98f0d9fe-377f-6918-fb53-39e46ecb4f9d">
      <Execution id="b752b56b-8eca-4627-aac9-927413805401" />
      <TestMethod codeBase="D:\actions-runner\_work\XPCO\XPCO\MIP\PlatformPlugin\VideoOS.Platform\unittest\bin\Debug\net472\VideoOS.Platform.Tests.dll" adapterTypeName="executor://mstestadapter/v2" className="VideoOS.Platform.Tests.FQIDtests" name="Equals_Fail_OnObjectId" />
    </UnitTest>
    <UnitTest name="Serialize_ShouldHandleCollectionFilter_WhenMatchingCollectionTypeAndItDoesNotMatch" storage="d:\actions-runner\_work\xpco\xpco\mip\platformplugin\videoos.platform\unittest\bin\debug\net472\videoos.platform.tests.dll" id="0378ed59-f976-b4fc-9f2f-d68f313306f2">
      <Execution id="e6647db9-e6a7-4b0a-8851-a3876df02a88" />
      <TestMethod codeBase="D:\actions-runner\_work\XPCO\XPCO\MIP\PlatformPlugin\VideoOS.Platform\unittest\bin\Debug\net472\VideoOS.Platform.Tests.dll" adapterTypeName="executor://mstestadapter/v2" className="VideoOS.Platform.Tests.UI.Controls.Automation.Serialization.AutomationObjectSerializerTypeFilterTests" name="Serialize_ShouldHandleCollectionFilter_WhenMatchingCollectionTypeAndItDoesNotMatch" />
    </UnitTest>
    <UnitTest name="Convert_SingleArgumentConverter_ShouldReturnConvertedValue_WhenArgumentMatches" storage="d:\actions-runner\_work\xpco\xpco\mip\platformplugin\videoos.platform\unittest\bin\debug\net472\videoos.platform.tests.dll" id="40f611b9-74bd-86c9-77cc-098126b9a943">
      <Execution id="d1c60b16-be93-463d-8606-6a2478f641bc" />
      <TestMethod codeBase="D:\actions-runner\_work\XPCO\XPCO\MIP\PlatformPlugin\VideoOS.Platform\unittest\bin\Debug\net472\VideoOS.Platform.Tests.dll" adapterTypeName="executor://mstestadapter/v2" className="VideoOS.Platform.Tests.UI.Converters.LambdaConverterTest" name="Convert_SingleArgumentConverter_ShouldReturnConvertedValue_WhenArgumentMatches" />
    </UnitTest>
    <UnitTest name="ProvideValue_ShouldUseCompleteDataContextAsContent_WhenItemDataPropertyNameIsNotSet" storage="d:\actions-runner\_work\xpco\xpco\mip\platformplugin\videoos.platform\unittest\bin\debug\net472\videoos.platform.tests.dll" id="39e900e7-994b-131a-bce2-a45a9207a809">
      <TestCategory>
        <TestCategoryItem TestCategory="TabControls" />
      </TestCategory>
      <Execution id="8b983db1-fc50-4580-9c12-2e87c95b2bd1" />
      <TestMethod codeBase="D:\actions-runner\_work\XPCO\XPCO\MIP\PlatformPlugin\VideoOS.Platform\unittest\bin\Debug\net472\VideoOS.Platform.Tests.dll" adapterTypeName="executor://mstestadapter/v2" className="VideoOS.Platform.Tests.UI.Controls.TabControls.Internal.Primary.ItemContentExtensionTest" name="ProvideValue_ShouldUseCompleteDataContextAsContent_WhenItemDataPropertyNameIsNotSet" />
    </UnitTest>
    <UnitTest name="ModifyCollection_ShouldNotInvokeCallback_WhenNotObservable" storage="d:\actions-runner\_work\xpco\xpco\mip\platformplugin\videoos.platform\unittest\bin\debug\net472\videoos.platform.tests.dll" id="9229072f-c39c-5db3-f28b-10c8f4ae4c45">
      <Execution id="27abd97e-243f-4b13-a26e-aea006e774f2" />
      <TestMethod codeBase="D:\actions-runner\_work\XPCO\XPCO\MIP\PlatformPlugin\VideoOS.Platform\unittest\bin\Debug\net472\VideoOS.Platform.Tests.dll" adapterTypeName="executor://mstestadapter/v2" className="VideoOS.Platform.Tests.UI.Controls.CollectionHelperGenericTest" name="ModifyCollection_ShouldNotInvokeCallback_WhenNotObservable" />
    </UnitTest>
    <UnitTest name="Ctor_TwoStandardFiltersAndTwoCustomFilters_Success" storage="d:\actions-runner\_work\xpco\xpco\mip\platformplugin\videoos.platform\unittest\bin\debug\net472\videoos.platform.tests.dll" id="bdfc35c1-636f-aaf9-5506-e97d44bad92c">
      <TestCategory>
        <TestCategoryItem TestCategory="Search" />
      </TestCategory>
      <Execution id="94d8971b-5da5-4bf0-a316-fcd3fae15c0a" />
      <TestMethod codeBase="D:\actions-runner\_work\XPCO\XPCO\MIP\PlatformPlugin\VideoOS.Platform\unittest\bin\Debug\net472\VideoOS.Platform.Tests.dll" adapterTypeName="executor://mstestadapter/v2" className="VideoOS.Platform.Tests.Search.FilterCategories.PersonSearchFilterCategoryTest" name="Ctor_TwoStandardFiltersAndTwoCustomFilters_Success" />
    </UnitTest>
    <UnitTest name="ReadAppearanceExtensionXml_ShouldNotSetBoundingBoxFillColor_WhenBoundingBoxFillColorIsNotPresent" storage="d:\actions-runner\_work\xpco\xpco\mip\platformplugin\videoos.platform\unittest\bin\debug\net472\videoos.platform.tests.dll" id="c0b96a1c-b0d5-ece3-3b78-6c5f48ca51fc">
      <Execution id="d77c8b29-2b36-4cf2-91e6-99a5d71b6a50" />
      <TestMethod codeBase="D:\actions-runner\_work\XPCO\XPCO\MIP\PlatformPlugin\VideoOS.Platform\unittest\bin\Debug\net472\VideoOS.Platform.Tests.dll" adapterTypeName="executor://mstestadapter/v2" className="VideoOS.Platform.Tests.Metadata.RectangleTests" name="ReadAppearanceExtensionXml_ShouldNotSetBoundingBoxFillColor_WhenBoundingBoxFillColorIsNotPresent" />
    </UnitTest>
    <UnitTest name="ReadyToCloseEvent_CancelCommand_SingleSelect_Thrown" storage="d:\actions-runner\_work\xpco\xpco\mip\platformplugin\videoos.platform\unittest\bin\debug\net472\videoos.platform.tests.dll" id="ea0e0dc8-9c54-bf6a-2be9-fcc231898886">
      <Execution id="dc4ab368-2e9a-4733-9eaf-b2897f8a8239" />
      <TestMethod codeBase="D:\actions-runner\_work\XPCO\XPCO\MIP\PlatformPlugin\VideoOS.Platform\unittest\bin\Debug\net472\VideoOS.Platform.Tests.dll" adapterTypeName="executor://mstestadapter/v2" className="VideoOS.Platform.Tests.UI.ItemPicker.ItemPickerWindowViewModelTest" name="ReadyToCloseEvent_CancelCommand_SingleSelect_Thrown" />
    </UnitTest>
    <UnitTest name="TestMultiLevelQueue_TwoLevels_IdleLevelQueueDisposed_Success" storage="d:\actions-runner\_work\xpco\xpco\mip\platformplugin\videoos.platform\unittest\bin\debug\net472\videoos.platform.tests.dll" id="97bf175b-3437-3a0c-6b6e-4f876d982b3c">
      <Execution id="b09b02db-637d-4277-9cfb-319853810db0" />
      <TestMethod codeBase="D:\actions-runner\_work\XPCO\XPCO\MIP\PlatformPlugin\VideoOS.Platform\unittest\bin\Debug\net472\VideoOS.Platform.Tests.dll" adapterTypeName="executor://mstestadapter/v2" className="VideoOS.Platform.Tests.Util.Queue.MultiLevelResourceQueueTests" name="TestMultiLevelQueue_TwoLevels_IdleLevelQueueDisposed_Success" />
    </UnitTest>
    <UnitTest name="AppendItemPicked_MultiSelect_AppendTwoItems_BothSelected" storage="d:\actions-runner\_work\xpco\xpco\mip\platformplugin\videoos.platform\unittest\bin\debug\net472\videoos.platform.tests.dll" id="fbabebe5-f475-8769-2079-7693b5c62d8c">
      <Execution id="d5a8dece-30fb-4415-a098-a95f8fb66d2f" />
      <TestMethod codeBase="D:\actions-runner\_work\XPCO\XPCO\MIP\PlatformPlugin\VideoOS.Platform\unittest\bin\Debug\net472\VideoOS.Platform.Tests.dll" adapterTypeName="executor://mstestadapter/v2" className="VideoOS.Platform.Tests.UI.ItemPicker.ItemPickerViewModelTest" name="AppendItemPicked_MultiSelect_AppendTwoItems_BothSelected" />
    </UnitTest>
    <UnitTest name="JsonReader_ErrorResponse_Success" storage="d:\actions-runner\_work\xpco\xpco\mip\platformplugin\videoos.platform\unittest\bin\debug\net472\videoos.platform.tests.dll" id="e683acf1-8f1f-37ca-c494-91edf8586d46">
      <Execution id="215ddb59-52e0-4aeb-888a-29d88f7876df" />
      <TestMethod codeBase="D:\actions-runner\_work\XPCO\XPCO\MIP\PlatformPlugin\VideoOS.Platform\unittest\bin\Debug\net472\VideoOS.Platform.Tests.dll" adapterTypeName="executor://mstestadapter/v2" className="VideoOS.Platform.Tests.Proxy.RestApi.JsonReaderTests" name="JsonReader_ErrorResponse_Success" />
    </UnitTest>
    <UnitTest name="WriteMetadataXmlWithStream_ShouldWriteRootElement_WhenDataIsPresent" storage="d:\actions-runner\_work\xpco\xpco\mip\platformplugin\videoos.platform\unittest\bin\debug\net472\videoos.platform.tests.dll" id="c4adad9d-ea20-a13f-97f1-44293498d06e">
      <Execution id="36a04a09-dff6-42dd-9cd2-2e6953252ec3" />
      <TestMethod codeBase="D:\actions-runner\_work\XPCO\XPCO\MIP\PlatformPlugin\VideoOS.Platform\unittest\bin\Debug\net472\VideoOS.Platform.Tests.dll" adapterTypeName="executor://mstestadapter/v2" className="VideoOS.Platform.Tests.Metadata.MetadataSerializerTests" name="WriteMetadataXmlWithStream_ShouldWriteRootElement_WhenDataIsPresent" />
    </UnitTest>
    <UnitTest name="TestStartSearch_MultipleSearchesOnSameDefinition_WhereLastSearchThrowsException_Success" storage="d:\actions-runner\_work\xpco\xpco\mip\platformplugin\videoos.platform\unittest\bin\debug\net472\videoos.platform.tests.dll" id="4f7d823c-5866-aa3b-4a40-ca5bc159ad3e">
      <TestCategory>
        <TestCategoryItem TestCategory="Search" />
      </TestCategory>
      <Execution id="a1ab32b2-8ec9-4486-9031-ac58f2008d0b" />
      <TestMethod codeBase="D:\actions-runner\_work\XPCO\XPCO\MIP\PlatformPlugin\VideoOS.Platform\unittest\bin\Debug\net472\VideoOS.Platform.Tests.dll" adapterTypeName="executor://mstestadapter/v2" className="VideoOS.Platform.Tests.Search.SearchManagerTest" name="TestStartSearch_MultipleSearchesOnSameDefinition_WhereLastSearchThrowsException_Success" />
    </UnitTest>
    <UnitTest name="Remove_KeyPresent_ReturnsTrueAndGetReturnsNullAndPostRemovalActionExecuted" storage="d:\actions-runner\_work\xpco\xpco\mip\platformplugin\videoos.platform\unittest\bin\debug\net472\videoos.platform.tests.dll" id="40d07a9e-35f0-7d7b-e40e-ceb656623def">
      <Execution id="94f79497-5e68-4f8b-8345-6c50aaa0c755" />
      <TestMethod codeBase="D:\actions-runner\_work\XPCO\XPCO\MIP\PlatformPlugin\VideoOS.Platform\unittest\bin\Debug\net472\VideoOS.Platform.Tests.dll" adapterTypeName="executor://mstestadapter/v2" className="VideoOS.Platform.Tests.Util.Queue.LRUCacheTests" name="Remove_KeyPresent_ReturnsTrueAndGetReturnsNullAndPostRemovalActionExecuted" />
    </UnitTest>
    <UnitTest name="Serialize_TestCases (TestParentCollectionEmptyArrayPropertyProperty)" storage="d:\actions-runner\_work\xpco\xpco\mip\platformplugin\videoos.platform\unittest\bin\debug\net472\videoos.platform.tests.dll" id="a0021c28-c68a-0206-6b10-c92f5347c415">
      <Execution id="332628ee-8007-47ce-8113-3361dc93f883" />
      <TestMethod codeBase="D:\actions-runner\_work\XPCO\XPCO\MIP\PlatformPlugin\VideoOS.Platform\unittest\bin\Debug\net472\VideoOS.Platform.Tests.dll" adapterTypeName="executor://mstestadapter/v2" className="VideoOS.Platform.Tests.UI.Controls.Automation.Serialization.AutomationObjectSerializerTest" name="Serialize_TestCases" />
    </UnitTest>
    <UnitTest name="TestConstructor_NullException_Failure" storage="d:\actions-runner\_work\xpco\xpco\mip\platformplugin\videoos.platform\unittest\bin\debug\net472\videoos.platform.tests.dll" id="af06fbb9-e295-bbc5-951e-25addabec280">
      <Execution id="08d3c9d6-8d98-4eac-ae1e-dfe88eed9cdb" />
      <TestMethod codeBase="D:\actions-runner\_work\XPCO\XPCO\MIP\PlatformPlugin\VideoOS.Platform\unittest\bin\Debug\net472\VideoOS.Platform.Tests.dll" adapterTypeName="executor://mstestadapter/v2" className="VideoOS.Platform.Tests.Search.Error.UnknownSearchErrorTest" name="TestConstructor_NullException_Failure" />
    </UnitTest>
    <UnitTest name="GetMetadataObjectsAsync_ClearCachedData_DelegatedToInternalMethodTwice" storage="d:\actions-runner\_work\xpco\xpco\mip\platformplugin\videoos.platform\unittest\bin\debug\net472\videoos.platform.tests.dll" id="9fe19c9a-7103-2abd-228a-09e45881c4bc">
      <TestCategory>
        <TestCategoryItem TestCategory="Search" />
      </TestCategory>
      <Execution id="495d906e-98a1-46b4-8fe9-390bcccfba94" />
      <TestMethod codeBase="D:\actions-runner\_work\XPCO\XPCO\MIP\PlatformPlugin\VideoOS.Platform\unittest\bin\Debug\net472\VideoOS.Platform.Tests.dll" adapterTypeName="executor://mstestadapter/v2" className="VideoOS.Platform.Tests.Search.SearchResultDataTest" name="GetMetadataObjectsAsync_ClearCachedData_DelegatedToInternalMethodTwice" />
    </UnitTest>
    <UnitTest name="InitializeThemingSystem_ShouldNotThrowException" storage="d:\actions-runner\_work\xpco\xpco\mip\platformplugin\videoos.platform\unittest\bin\debug\net472\videoos.platform.tests.dll" id="a7d84506-07b5-7ff8-9127-f0b1cfa053da">
      <TestCategory>
        <TestCategoryItem TestCategory="ThemeManager" />
      </TestCategory>
      <Execution id="7bb69391-ee8d-44ef-83f4-67f4bbc4a337" />
      <TestMethod codeBase="D:\actions-runner\_work\XPCO\XPCO\MIP\PlatformPlugin\VideoOS.Platform\unittest\bin\Debug\net472\VideoOS.Platform.Tests.dll" adapterTypeName="executor://mstestadapter/v2" className="VideoOS.Platform.Tests.UI.ThemeManagerTest" name="InitializeThemingSystem_ShouldNotThrowException" />
    </UnitTest>
    <UnitTest name="AllAttributesWerePresent_ShouldReturnFalse_WhenLeftAttributeIsNotAFloat" storage="d:\actions-runner\_work\xpco\xpco\mip\platformplugin\videoos.platform\unittest\bin\debug\net472\videoos.platform.tests.dll" id="f08cfdea-d0f9-0ea6-0706-b620f15a9fb4">
      <Execution id="4ff41ef7-f84c-4810-9caf-f42f5c3beafd" />
      <TestMethod codeBase="D:\actions-runner\_work\XPCO\XPCO\MIP\PlatformPlugin\VideoOS.Platform\unittest\bin\Debug\net472\VideoOS.Platform.Tests.dll" adapterTypeName="executor://mstestadapter/v2" className="VideoOS.Platform.Tests.Metadata.RectangleTests" name="AllAttributesWerePresent_ShouldReturnFalse_WhenLeftAttributeIsNotAFloat" />
    </UnitTest>
    <UnitTest name="UtcTimeAttributeWasPresent_ShouldReturnFalse_WhenUtcTimeAttributeIsMissing" storage="d:\actions-runner\_work\xpco\xpco\mip\platformplugin\videoos.platform\unittest\bin\debug\net472\videoos.platform.tests.dll" id="cb973932-552d-edc5-fa30-c27e003b5121">
      <Execution id="acf54163-345c-4009-a9e7-6b353a2eac9e" />
      <TestMethod codeBase="D:\actions-runner\_work\XPCO\XPCO\MIP\PlatformPlugin\VideoOS.Platform\unittest\bin\Debug\net472\VideoOS.Platform.Tests.dll" adapterTypeName="executor://mstestadapter/v2" className="VideoOS.Platform.Tests.Metadata.FrameTests" name="UtcTimeAttributeWasPresent_ShouldReturnFalse_WhenUtcTimeAttributeIsMissing" />
    </UnitTest>
    <UnitTest name="TestStartSearch_ReturningResults_Success" storage="d:\actions-runner\_work\xpco\xpco\mip\platformplugin\videoos.platform\unittest\bin\debug\net472\videoos.platform.tests.dll" id="c1f74549-0e3d-e32b-3c71-cedfb9c5eef0">
      <TestCategory>
        <TestCategoryItem TestCategory="Search" />
      </TestCategory>
      <Execution id="8aad1934-13da-41b2-9289-a0670d5a7417" />
      <TestMethod codeBase="D:\actions-runner\_work\XPCO\XPCO\MIP\PlatformPlugin\VideoOS.Platform\unittest\bin\Debug\net472\VideoOS.Platform.Tests.dll" adapterTypeName="executor://mstestadapter/v2" className="VideoOS.Platform.Tests.Search.SearchManagerTest" name="TestStartSearch_ReturningResults_Success" />
    </UnitTest>
    <UnitTest name="GetFrame_ShouldReturnNull_WhenThereAreNoFrames" storage="d:\actions-runner\_work\xpco\xpco\mip\platformplugin\videoos.platform\unittest\bin\debug\net472\videoos.platform.tests.dll" id="5b5b0b17-b74c-6ecb-201e-61f7e7362b6f">
      <Execution id="ae1c47a9-859e-4773-a1f2-aed687dab5e2" />
      <TestMethod codeBase="D:\actions-runner\_work\XPCO\XPCO\MIP\PlatformPlugin\VideoOS.Platform\unittest\bin\Debug\net472\VideoOS.Platform.Tests.dll" adapterTypeName="executor://mstestadapter/v2" className="VideoOS.Platform.Tests.Metadata.MetadataStreamTests" name="GetFrame_ShouldReturnNull_WhenThereAreNoFrames" />
    </UnitTest>
    <UnitTest name="TestConstructorOverload_MultipleAgents_Success" storage="d:\actions-runner\_work\xpco\xpco\mip\platformplugin\videoos.platform\unittest\bin\debug\net472\videoos.platform.tests.dll" id="a7bf999b-c611-25a7-2ff7-438675e1866f">
      <TestCategory>
        <TestCategoryItem TestCategory="Search" />
      </TestCategory>
      <Execution id="91d2ddd7-40fb-4929-9b0e-4b97e2cf22a4" />
      <TestMethod codeBase="D:\actions-runner\_work\XPCO\XPCO\MIP\PlatformPlugin\VideoOS.Platform\unittest\bin\Debug\net472\VideoOS.Platform.Tests.dll" adapterTypeName="executor://mstestadapter/v2" className="VideoOS.Platform.Tests.Search.SearchManagerTest" name="TestConstructorOverload_MultipleAgents_Success" />
    </UnitTest>
    <UnitTest name="Match_Fail_SystemType_WrongMessage" storage="d:\actions-runner\_work\xpco\xpco\mip\platformplugin\videoos.platform\unittest\bin\debug\net472\videoos.platform.tests.dll" id="c05fec08-28d3-c263-f7df-c8727f4f0b97">
      <Execution id="ab634bfa-69cd-4651-9d85-72eb03097124" />
      <TestMethod codeBase="D:\actions-runner\_work\XPCO\XPCO\MIP\PlatformPlugin\VideoOS.Platform\unittest\bin\Debug\net472\VideoOS.Platform.Tests.dll" adapterTypeName="executor://mstestadapter/v2" className="VideoOS.Platform.Tests.Messaging.CommunicationIdFilterTests" name="Match_Fail_SystemType_WrongMessage" />
    </UnitTest>
    <UnitTest name="Ctor_NullName_Throws" storage="d:\actions-runner\_work\xpco\xpco\mip\platformplugin\videoos.platform\unittest\bin\debug\net472\videoos.platform.tests.dll" id="7f634cbe-20c0-73ce-7a57-e27b44400638">
      <TestCategory>
        <TestCategoryItem TestCategory="Search" />
      </TestCategory>
      <Execution id="3ecd6547-1171-44e2-8334-beb1e0e51748" />
      <TestMethod codeBase="D:\actions-runner\_work\XPCO\XPCO\MIP\PlatformPlugin\VideoOS.Platform\unittest\bin\Debug\net472\VideoOS.Platform.Tests.dll" adapterTypeName="executor://mstestadapter/v2" className="VideoOS.Platform.Tests.Search.FilterCategories.PersonSearchFilterCategoryTest" name="Ctor_NullName_Throws" />
    </UnitTest>
    <UnitTest name="WriteXml_ShouldWriteElements_WhenTheyHaveValues" storage="d:\actions-runner\_work\xpco\xpco\mip\platformplugin\videoos.platform\unittest\bin\debug\net472\videoos.platform.tests.dll" id="52804f86-16d4-c4e7-0a3e-5434b8ef0f30">
      <Execution id="671a2a86-2b67-4d91-9e6b-183aa19eaa3a" />
      <TestMethod codeBase="D:\actions-runner\_work\XPCO\XPCO\MIP\PlatformPlugin\VideoOS.Platform\unittest\bin\Debug\net472\VideoOS.Platform.Tests.dll" adapterTypeName="executor://mstestadapter/v2" className="VideoOS.Platform.Tests.Metadata.NavigationalDataTests" name="WriteXml_ShouldWriteElements_WhenTheyHaveValues" />
    </UnitTest>
    <UnitTest name="TestCancelSearch_NoSearchToCancel_Success" storage="d:\actions-runner\_work\xpco\xpco\mip\platformplugin\videoos.platform\unittest\bin\debug\net472\videoos.platform.tests.dll" id="04c35346-28ec-f782-fc3a-52a05938a62a">
      <TestCategory>
        <TestCategoryItem TestCategory="Search" />
      </TestCategory>
      <Execution id="617442ff-1529-4834-803b-6673883755f8" />
      <TestMethod codeBase="D:\actions-runner\_work\XPCO\XPCO\MIP\PlatformPlugin\VideoOS.Platform\unittest\bin\Debug\net472\VideoOS.Platform.Tests.dll" adapterTypeName="executor://mstestadapter/v2" className="VideoOS.Platform.Tests.Search.SearchManagerTest" name="TestCancelSearch_NoSearchToCancel_Success" />
    </UnitTest>
    <UnitTest name="GetNearest_ShouldReturnNull_WhenTimestampIsBeforeFirstElement" storage="d:\actions-runner\_work\xpco\xpco\mip\platformplugin\videoos.platform\unittest\bin\debug\net472\videoos.platform.tests.dll" id="c199ff76-2997-edbd-0462-ba7539f412d3">
      <Execution id="62ffbc0c-bae4-464f-942d-44366398059f" />
      <TestMethod codeBase="D:\actions-runner\_work\XPCO\XPCO\MIP\PlatformPlugin\VideoOS.Platform\unittest\bin\Debug\net472\VideoOS.Platform.Tests.dll" adapterTypeName="executor://mstestadapter/v2" className="VideoOS.Platform.Tests.Data.MetadataCacheTests" name="GetNearest_ShouldReturnNull_WhenTimestampIsBeforeFirstElement" />
    </UnitTest>
    <UnitTest name="GetItem_Rule_Success" storage="d:\actions-runner\_work\xpco\xpco\mip\platformplugin\videoos.platform\unittest\bin\debug\net472\videoos.platform.tests.dll" id="e4430911-be68-d9a0-a78d-87695990dd2b">
      <Execution id="b552572f-1645-4cae-a5ea-be201e0281b1" />
      <TestMethod codeBase="D:\actions-runner\_work\XPCO\XPCO\MIP\PlatformPlugin\VideoOS.Platform\unittest\bin\Debug\net472\VideoOS.Platform.Tests.dll" adapterTypeName="executor://mstestadapter/v2" className="VideoOS.Platform.Tests.Proxy.RestApi.RestApiClientDecoratorTests" name="GetItem_Rule_Success" />
    </UnitTest>
    <UnitTest name="AppendItemPicked_SingleSelect" storage="d:\actions-runner\_work\xpco\xpco\mip\platformplugin\videoos.platform\unittest\bin\debug\net472\videoos.platform.tests.dll" id="0c1e1d3a-ed1f-c93a-037d-77d586b8b565">
      <Execution id="f10ba876-ca23-4514-9ebb-9118df6ddc2b" />
      <TestMethod codeBase="D:\actions-runner\_work\XPCO\XPCO\MIP\PlatformPlugin\VideoOS.Platform\unittest\bin\Debug\net472\VideoOS.Platform.Tests.dll" adapterTypeName="executor://mstestadapter/v2" className="VideoOS.Platform.Tests.UI.ItemPicker.ItemPickerViewModelTest" name="AppendItemPicked_SingleSelect" />
    </UnitTest>
    <UnitTest name="Match_Fail_SystemType_WrongType" storage="d:\actions-runner\_work\xpco\xpco\mip\platformplugin\videoos.platform\unittest\bin\debug\net472\videoos.platform.tests.dll" id="e5af325c-5bae-fda3-b423-271b64739afe">
      <Execution id="a08c5aec-50dc-4048-83c9-8a724374d7d7" />
      <TestMethod codeBase="D:\actions-runner\_work\XPCO\XPCO\MIP\PlatformPlugin\VideoOS.Platform\unittest\bin\Debug\net472\VideoOS.Platform.Tests.dll" adapterTypeName="executor://mstestadapter/v2" className="VideoOS.Platform.Tests.Messaging.CommunicationIdFilterTests" name="Match_Fail_SystemType_WrongType" />
    </UnitTest>
    <UnitTest name="HasExtensionDataPresent_ShouldReturnTrue_WhenFillColorIsSet" storage="d:\actions-runner\_work\xpco\xpco\mip\platformplugin\videoos.platform\unittest\bin\debug\net472\videoos.platform.tests.dll" id="8ff1a4be-4c7a-03eb-1e8d-280cdf27a49d">
      <Execution id="6e85a2b1-6619-443b-82fa-f61537922570" />
      <TestMethod codeBase="D:\actions-runner\_work\XPCO\XPCO\MIP\PlatformPlugin\VideoOS.Platform\unittest\bin\Debug\net472\VideoOS.Platform.Tests.dll" adapterTypeName="executor://mstestadapter/v2" className="VideoOS.Platform.Tests.Metadata.RectangleTests" name="HasExtensionDataPresent_ShouldReturnTrue_WhenFillColorIsSet" />
    </UnitTest>
    <UnitTest name="EqualGuids_Fail_OnOtherNull" storage="d:\actions-runner\_work\xpco\xpco\mip\platformplugin\videoos.platform\unittest\bin\debug\net472\videoos.platform.tests.dll" id="1ad3591a-ac8c-9e26-3467-6ee13c8cfd41">
      <Execution id="560abaad-62fa-45f5-be62-06ca42994a07" />
      <TestMethod codeBase="D:\actions-runner\_work\XPCO\XPCO\MIP\PlatformPlugin\VideoOS.Platform\unittest\bin\Debug\net472\VideoOS.Platform.Tests.dll" adapterTypeName="executor://mstestadapter/v2" className="VideoOS.Platform.Tests.FQIDtests" name="EqualGuids_Fail_OnOtherNull" />
    </UnitTest>
    <UnitTest name="Append_2Element_String" storage="d:\actions-runner\_work\xpco\xpco\mip\platformplugin\videoos.platform\unittest\bin\debug\net472\videoos.platform.tests.dll" id="6a90276b-bdbd-5195-546b-d62b355d6d1e">
      <Execution id="b8095331-09d4-4f86-9c2a-959ecabdc25e" />
      <TestMethod codeBase="D:\actions-runner\_work\XPCO\XPCO\MIP\PlatformPlugin\VideoOS.Platform\unittest\bin\Debug\net472\VideoOS.Platform.Tests.dll" adapterTypeName="executor://mstestadapter/v2" className="VideoOS.Platform.Tests.Proxy.RestApi.JsonBuilderTests" name="Append_2Element_String" />
    </UnitTest>
    <UnitTest name="Ctor_WhitespaceName_Throws" storage="d:\actions-runner\_work\xpco\xpco\mip\platformplugin\videoos.platform\unittest\bin\debug\net472\videoos.platform.tests.dll" id="88e95bf1-e2f8-873d-5b44-49c57ad713ac">
      <TestCategory>
        <TestCategoryItem TestCategory="Search" />
      </TestCategory>
      <Execution id="7ae0313a-5518-4f7f-bd51-79cf764a9b8d" />
      <TestMethod codeBase="D:\actions-runner\_work\XPCO\XPCO\MIP\PlatformPlugin\VideoOS.Platform\unittest\bin\Debug\net472\VideoOS.Platform.Tests.dll" adapterTypeName="executor://mstestadapter/v2" className="VideoOS.Platform.Tests.Search.FilterCategories.VehicleSearchFilterCategoryTest" name="Ctor_WhitespaceName_Throws" />
    </UnitTest>
    <UnitTest name="GetGenderFilterValues_MultiSelection_Success" storage="d:\actions-runner\_work\xpco\xpco\mip\platformplugin\videoos.platform\unittest\bin\debug\net472\videoos.platform.tests.dll" id="9201c682-a830-2984-3517-d5fbfb383f4a">
      <TestCategory>
        <TestCategoryItem TestCategory="Search" />
      </TestCategory>
      <Execution id="f262b6a4-4c51-4310-8365-591bb55b841c" />
      <TestMethod codeBase="D:\actions-runner\_work\XPCO\XPCO\MIP\PlatformPlugin\VideoOS.Platform\unittest\bin\Debug\net472\VideoOS.Platform.Tests.dll" adapterTypeName="executor://mstestadapter/v2" className="VideoOS.Platform.Tests.Search.FilterCategories.PersonSearchFilterCategoryTest" name="GetGenderFilterValues_MultiSelection_Success" />
    </UnitTest>
    <UnitTest name="GetBegin_ShouldReturnNull_WhenToolkitReturnsResponseWithNullDataList" storage="d:\actions-runner\_work\xpco\xpco\mip\platformplugin\videoos.platform\unittest\bin\debug\net472\videoos.platform.tests.dll" id="66298706-cc94-6c9f-0a35-7ab07950020d">
      <Execution id="ba90c5f1-9ccf-4644-b234-a43abec2f3b6" />
      <TestMethod codeBase="D:\actions-runner\_work\XPCO\XPCO\MIP\PlatformPlugin\VideoOS.Platform\unittest\bin\Debug\net472\VideoOS.Platform.Tests.dll" adapterTypeName="executor://mstestadapter/v2" className="VideoOS.Platform.Tests.Data.MetadataPlaybackSourceTests" name="GetBegin_ShouldReturnNull_WhenToolkitReturnsResponseWithNullDataList" />
    </UnitTest>
    <UnitTest name="BeginTimeShouldReturnConstructorParameter" storage="d:\actions-runner\_work\xpco\xpco\mip\platformplugin\videoos.platform\unittest\bin\debug\net472\videoos.platform.tests.dll" id="d131d3ee-68f2-b781-805c-3d38a16bf8a5">
      <Execution id="5be5143a-3817-459d-8429-9aade6106d4a" />
      <TestMethod codeBase="D:\actions-runner\_work\XPCO\XPCO\MIP\PlatformPlugin\VideoOS.Platform\unittest\bin\Debug\net472\VideoOS.Platform.Tests.dll" adapterTypeName="executor://mstestadapter/v2" className="VideoOS.Platform.Tests.Live.MetadataLiveContentTests" name="BeginTimeShouldReturnConstructorParameter" />
    </UnitTest>
    <UnitTest name="RegistrationsObjectId_ShouldBeTheSameAsReleasedBeforeNonFips" storage="d:\actions-runner\_work\xpco\xpco\mip\platformplugin\videoos.platform\unittest\bin\debug\net472\videoos.platform.tests.dll" id="44436d34-8c47-a19f-150a-24d114c511ac">
      <Execution id="5404fc57-bc33-485e-9a08-f4edfdefa387" />
      <TestMethod codeBase="D:\actions-runner\_work\XPCO\XPCO\MIP\PlatformPlugin\VideoOS.Platform\unittest\bin\Debug\net472\VideoOS.Platform.Tests.dll" adapterTypeName="executor://mstestadapter/v2" className="VideoOS.Platform.Tests.License.NonFipsLicenseCompatibilityHandlerTests" name="RegistrationsObjectId_ShouldBeTheSameAsReleasedBeforeNonFips" />
    </UnitTest>
    <UnitTest name="GetWithDateTime_ShouldReturnEntryAtOrBeforeFromToolkitResponse_WhenDataIsNotInCache" storage="d:\actions-runner\_work\xpco\xpco\mip\platformplugin\videoos.platform\unittest\bin\debug\net472\videoos.platform.tests.dll" id="a1b04750-d1fe-a25a-b502-6c3d91504173">
      <Execution id="60eb7d4f-ad24-4f12-a36f-b3348c5929b2" />
      <TestMethod codeBase="D:\actions-runner\_work\XPCO\XPCO\MIP\PlatformPlugin\VideoOS.Platform\unittest\bin\Debug\net472\VideoOS.Platform.Tests.dll" adapterTypeName="executor://mstestadapter/v2" className="VideoOS.Platform.Tests.Data.MetadataPlaybackSourceTests" name="GetWithDateTime_ShouldReturnEntryAtOrBeforeFromToolkitResponse_WhenDataIsNotInCache" />
    </UnitTest>
    <UnitTest name="ParseMetadataXmlWithString_ShouldThrowArgumentNullException_WhenXmlIsNull" storage="d:\actions-runner\_work\xpco\xpco\mip\platformplugin\videoos.platform\unittest\bin\debug\net472\videoos.platform.tests.dll" id="bfea60ac-0b86-e379-4adc-c41a2063908a">
      <Execution id="ce4a56cb-7901-4d61-9f37-1cc0f7cef83d" />
      <TestMethod codeBase="D:\actions-runner\_work\XPCO\XPCO\MIP\PlatformPlugin\VideoOS.Platform\unittest\bin\Debug\net472\VideoOS.Platform.Tests.dll" adapterTypeName="executor://mstestadapter/v2" className="VideoOS.Platform.Tests.Metadata.MetadataDeserializerTests" name="ParseMetadataXmlWithString_ShouldThrowArgumentNullException_WhenXmlIsNull" />
    </UnitTest>
    <UnitTest name="Serialize_TestCases (Verify root Generic (null) property get property value)" storage="d:\actions-runner\_work\xpco\xpco\mip\platformplugin\videoos.platform\unittest\bin\debug\net472\videoos.platform.tests.dll" id="870b8bee-54f6-8f61-66d6-a77bd6f1687b">
      <Execution id="29e63d68-5da8-42f0-98e3-9738e88364f5" />
      <TestMethod codeBase="D:\actions-runner\_work\XPCO\XPCO\MIP\PlatformPlugin\VideoOS.Platform\unittest\bin\Debug\net472\VideoOS.Platform.Tests.dll" adapterTypeName="executor://mstestadapter/v2" className="VideoOS.Platform.Tests.UI.Controls.Automation.Serialization.AutomationObjectSerializerTest" name="Serialize_TestCases" />
    </UnitTest>
    <UnitTest name="GenerateDeviceCapabilityParameters_ShouldWriteMaximum_WhenAlways" storage="d:\actions-runner\_work\xpco\xpco\mip\platformplugin\videoos.platform\unittest\bin\debug\net472\videoos.platform.tests.dll" id="1f3c2444-ad4b-db37-5d0a-de7606033ccd">
      <Execution id="6d7396bb-dd3c-46e7-a142-51b98c457d98" />
      <TestMethod codeBase="D:\actions-runner\_work\XPCO\XPCO\MIP\PlatformPlugin\VideoOS.Platform\unittest\bin\Debug\net472\VideoOS.Platform.Tests.dll" adapterTypeName="executor://mstestadapter/v2" className="VideoOS.Platform.Tests.Data.DataCapabilityTests" name="GenerateDeviceCapabilityParameters_ShouldWriteMaximum_WhenAlways" />
    </UnitTest>
    <UnitTest name="Append_Property_Int_Invalid" storage="d:\actions-runner\_work\xpco\xpco\mip\platformplugin\videoos.platform\unittest\bin\debug\net472\videoos.platform.tests.dll" id="b0d0079b-65d6-c082-7bc9-a129a13a3c18">
      <Execution id="1128992c-1a33-43da-b043-d7338f955790" />
      <TestMethod codeBase="D:\actions-runner\_work\XPCO\XPCO\MIP\PlatformPlugin\VideoOS.Platform\unittest\bin\Debug\net472\VideoOS.Platform.Tests.dll" adapterTypeName="executor://mstestadapter/v2" className="VideoOS.Platform.Tests.Proxy.RestApi.JsonBuilderTests" name="Append_Property_Int_Invalid" />
    </UnitTest>
    <UnitTest name="Remove_NullKey_Throws" storage="d:\actions-runner\_work\xpco\xpco\mip\platformplugin\videoos.platform\unittest\bin\debug\net472\videoos.platform.tests.dll" id="d289ff8a-f589-cd43-96ee-801082b894b3">
      <Execution id="96c354af-9c6b-4ed1-8ab6-5774e079e287" />
      <TestMethod codeBase="D:\actions-runner\_work\XPCO\XPCO\MIP\PlatformPlugin\VideoOS.Platform\unittest\bin\Debug\net472\VideoOS.Platform.Tests.dll" adapterTypeName="executor://mstestadapter/v2" className="VideoOS.Platform.Tests.Util.Queue.LRUCacheTests" name="Remove_NullKey_Throws" />
    </UnitTest>
    <UnitTest name="Construction_Array" storage="d:\actions-runner\_work\xpco\xpco\mip\platformplugin\videoos.platform\unittest\bin\debug\net472\videoos.platform.tests.dll" id="4d993a4f-76c0-7cf9-2048-40644000ecc0">
      <Execution id="245d9072-a1a1-4a8b-92f5-b66fcc39fc83" />
      <TestMethod codeBase="D:\actions-runner\_work\XPCO\XPCO\MIP\PlatformPlugin\VideoOS.Platform\unittest\bin\Debug\net472\VideoOS.Platform.Tests.dll" adapterTypeName="executor://mstestadapter/v2" className="VideoOS.Platform.Tests.Proxy.RestApi.JsonBuilderTests" name="Construction_Array" />
    </UnitTest>
    <UnitTest name="ProvideValue_ShouldUpdateTargetProperty_WhenDataContextINPCValueChanges" storage="d:\actions-runner\_work\xpco\xpco\mip\platformplugin\videoos.platform\unittest\bin\debug\net472\videoos.platform.tests.dll" id="3a86bace-7c8b-cb31-de17-695019225dec">
      <TestCategory>
        <TestCategoryItem TestCategory="TabControls" />
      </TestCategory>
      <Execution id="82120500-454e-4373-9109-9c226a7cab3c" />
      <TestMethod codeBase="D:\actions-runner\_work\XPCO\XPCO\MIP\PlatformPlugin\VideoOS.Platform\unittest\bin\Debug\net472\VideoOS.Platform.Tests.dll" adapterTypeName="executor://mstestadapter/v2" className="VideoOS.Platform.Tests.UI.Controls.TabControls.Internal.Primary.ItemHeaderExtensionTest" name="ProvideValue_ShouldUpdateTargetProperty_WhenDataContextINPCValueChanges" />
    </UnitTest>
    <UnitTest name="Ctor_NoStandardFilters_Success" storage="d:\actions-runner\_work\xpco\xpco\mip\platformplugin\videoos.platform\unittest\bin\debug\net472\videoos.platform.tests.dll" id="e4c24bc9-2414-541c-9971-01e696ad9e3b">
      <TestCategory>
        <TestCategoryItem TestCategory="Search" />
      </TestCategory>
      <Execution id="17484b95-3032-467b-a715-9a91c3b06cd7" />
      <TestMethod codeBase="D:\actions-runner\_work\XPCO\XPCO\MIP\PlatformPlugin\VideoOS.Platform\unittest\bin\Debug\net472\VideoOS.Platform.Tests.dll" adapterTypeName="executor://mstestadapter/v2" className="VideoOS.Platform.Tests.Search.FilterCategories.PersonSearchFilterCategoryTest" name="Ctor_NoStandardFilters_Success" />
    </UnitTest>
    <UnitTest name="ReadXml_ShouldReadDescription_WhenDescriptionIsPresent" storage="d:\actions-runner\_work\xpco\xpco\mip\platformplugin\videoos.platform\unittest\bin\debug\net472\videoos.platform.tests.dll" id="f7a1083e-5a21-1e01-c13b-18623a6702d9">
      <Execution id="8306d900-edd3-4168-9cff-e5075060f314" />
      <TestMethod codeBase="D:\actions-runner\_work\XPCO\XPCO\MIP\PlatformPlugin\VideoOS.Platform\unittest\bin\Debug\net472\VideoOS.Platform.Tests.dll" adapterTypeName="executor://mstestadapter/v2" className="VideoOS.Platform.Tests.Metadata.AppearanceTests" name="ReadXml_ShouldReadDescription_WhenDescriptionIsPresent" />
    </UnitTest>
    <UnitTest name="PatchMIPItem_Success" storage="d:\actions-runner\_work\xpco\xpco\mip\platformplugin\videoos.platform\unittest\bin\debug\net472\videoos.platform.tests.dll" id="7f1f1baf-8bbb-c3d7-9705-27c7162bbf25">
      <Execution id="c502e006-5180-4404-adcf-782777ccc268" />
      <TestMethod codeBase="D:\actions-runner\_work\XPCO\XPCO\MIP\PlatformPlugin\VideoOS.Platform\unittest\bin\Debug\net472\VideoOS.Platform.Tests.dll" adapterTypeName="executor://mstestadapter/v2" className="VideoOS.Platform.Tests.Proxy.RestApi.RestApiClientDecoratorTests" name="PatchMIPItem_Success" />
    </UnitTest>
    <UnitTest name="SearchResultData_BeginTimeWithPadding_Success" storage="d:\actions-runner\_work\xpco\xpco\mip\platformplugin\videoos.platform\unittest\bin\debug\net472\videoos.platform.tests.dll" id="0fd657fb-3854-1b2f-0c0f-8cf8e1efee07">
      <TestCategory>
        <TestCategoryItem TestCategory="Search" />
      </TestCategory>
      <Execution id="adfbd2f0-ae39-427b-b626-b3a9011479e6" />
      <TestMethod codeBase="D:\actions-runner\_work\XPCO\XPCO\MIP\PlatformPlugin\VideoOS.Platform\unittest\bin\Debug\net472\VideoOS.Platform.Tests.dll" adapterTypeName="executor://mstestadapter/v2" className="VideoOS.Platform.Tests.Search.SearchResultDataTest" name="SearchResultData_BeginTimeWithPadding_Success" />
    </UnitTest>
    <UnitTest name="Serialize_TestCases (TestParentRecursiveTwoRecursiveElements)" storage="d:\actions-runner\_work\xpco\xpco\mip\platformplugin\videoos.platform\unittest\bin\debug\net472\videoos.platform.tests.dll" id="a93da72c-b598-8e0b-050b-22cd8b6b16d6">
      <Execution id="ac1ae2bf-7640-4c1c-b81d-11f334681de9" />
      <TestMethod codeBase="D:\actions-runner\_work\XPCO\XPCO\MIP\PlatformPlugin\VideoOS.Platform\unittest\bin\Debug\net472\VideoOS.Platform.Tests.dll" adapterTypeName="executor://mstestadapter/v2" className="VideoOS.Platform.Tests.UI.Controls.Automation.Serialization.AutomationObjectSerializerTest" name="Serialize_TestCases" />
    </UnitTest>
    <UnitTest name="GenerateParameters_ShouldOmitCodec_WhenCodecHasNotBeenSet" storage="d:\actions-runner\_work\xpco\xpco\mip\platformplugin\videoos.platform\unittest\bin\debug\net472\videoos.platform.tests.dll" id="04b4598a-a90c-25b4-3fbf-2283122ff323">
      <Execution id="3736e839-965b-4fc9-967b-07180b54a47c" />
      <TestMethod codeBase="D:\actions-runner\_work\XPCO\XPCO\MIP\PlatformPlugin\VideoOS.Platform\unittest\bin\Debug\net472\VideoOS.Platform.Tests.dll" adapterTypeName="executor://mstestadapter/v2" className="VideoOS.Platform.Tests.Data.CameraDeviceDefinitionTests" name="GenerateParameters_ShouldOmitCodec_WhenCodecHasNotBeenSet" />
    </UnitTest>
    <UnitTest name="FindCacheEntryBefore_ShuldReturnNull_WhenThereAreNoEntriesbeforeTheTimestamp" storage="d:\actions-runner\_work\xpco\xpco\mip\platformplugin\videoos.platform\unittest\bin\debug\net472\videoos.platform.tests.dll" id="77c15838-368f-705c-d0c8-46e47de3c659">
      <Execution id="1732c4e8-114c-4985-9364-a4f5d8a881c4" />
      <TestMethod codeBase="D:\actions-runner\_work\XPCO\XPCO\MIP\PlatformPlugin\VideoOS.Platform\unittest\bin\Debug\net472\VideoOS.Platform.Tests.dll" adapterTypeName="executor://mstestadapter/v2" className="VideoOS.Platform.Tests.Data.MetadataCacheTests" name="FindCacheEntryBefore_ShuldReturnNull_WhenThereAreNoEntriesbeforeTheTimestamp" />
    </UnitTest>
    <UnitTest name="WriteXml_ShouldOmitElements_WhenDataIsNotPresent" storage="d:\actions-runner\_work\xpco\xpco\mip\platformplugin\videoos.platform\unittest\bin\debug\net472\videoos.platform.tests.dll" id="5d644acb-4f60-31db-754d-a101236e8d7f">
      <Execution id="02cf3419-70ed-4b0a-b3a3-40bac97b22c1" />
      <TestMethod codeBase="D:\actions-runner\_work\XPCO\XPCO\MIP\PlatformPlugin\VideoOS.Platform\unittest\bin\Debug\net472\VideoOS.Platform.Tests.dll" adapterTypeName="executor://mstestadapter/v2" className="VideoOS.Platform.Tests.Metadata.OnvifObjectTests" name="WriteXml_ShouldOmitElements_WhenDataIsNotPresent" />
    </UnitTest>
    <UnitTest name="ReadXml_ShouldSetAllFieldsToDefaultValues_WhenElementIsEmpty" storage="d:\actions-runner\_work\xpco\xpco\mip\platformplugin\videoos.platform\unittest\bin\debug\net472\videoos.platform.tests.dll" id="b391819c-9b61-5619-1c97-a7d68c4b7e89">
      <Execution id="7d01f6a2-51df-4cd9-ab7f-9962ef53d8a5" />
      <TestMethod codeBase="D:\actions-runner\_work\XPCO\XPCO\MIP\PlatformPlugin\VideoOS.Platform\unittest\bin\Debug\net472\VideoOS.Platform.Tests.dll" adapterTypeName="executor://mstestadapter/v2" className="VideoOS.Platform.Tests.Metadata.OnvifClassTests" name="ReadXml_ShouldSetAllFieldsToDefaultValues_WhenElementIsEmpty" />
    </UnitTest>
    <UnitTest name="ReadXml_ShouldBase64DecodeOriginalData_WhenOrigiginalDataIsPresent" storage="d:\actions-runner\_work\xpco\xpco\mip\platformplugin\videoos.platform\unittest\bin\debug\net472\videoos.platform.tests.dll" id="a44eceec-75ff-6298-f73e-523db73cd6d3">
      <Execution id="cf4fbada-ae9f-4495-a97f-a85f90cb1ee6" />
      <TestMethod codeBase="D:\actions-runner\_work\XPCO\XPCO\MIP\PlatformPlugin\VideoOS.Platform\unittest\bin\Debug\net472\VideoOS.Platform.Tests.dll" adapterTypeName="executor://mstestadapter/v2" className="VideoOS.Platform.Tests.Metadata.MetadataStreamTests" name="ReadXml_ShouldBase64DecodeOriginalData_WhenOrigiginalDataIsPresent" />
    </UnitTest>
    <UnitTest name="Minimize_ShouldReturnOneInterval_WhenListContainsThreeOverlappingIntervalsContainingEachOtherReversed" storage="d:\actions-runner\_work\xpco\xpco\mip\platformplugin\videoos.platform\unittest\bin\debug\net472\videoos.platform.tests.dll" id="0fbb0657-5fcb-c22d-ba1e-66fc2f5570e3">
      <Execution id="2a144874-c820-4fa2-805c-b6f294c5e391" />
      <TestMethod codeBase="D:\actions-runner\_work\XPCO\XPCO\MIP\PlatformPlugin\VideoOS.Platform\unittest\bin\Debug\net472\VideoOS.Platform.Tests.dll" adapterTypeName="executor://mstestadapter/v2" className="VideoOS.Platform.Tests.Util.TimeIntervalTests" name="Minimize_ShouldReturnOneInterval_WhenListContainsThreeOverlappingIntervalsContainingEachOtherReversed" />
    </UnitTest>
    <UnitTest name="Serialize_TestCases (TestParentTypeMatchInterfaceNotThisTypeNotMatched)" storage="d:\actions-runner\_work\xpco\xpco\mip\platformplugin\videoos.platform\unittest\bin\debug\net472\videoos.platform.tests.dll" id="09121af1-86de-0b56-a5ac-7cfa89066de2">
      <Execution id="9f65ec27-ff32-418f-8754-b5d0c06fcd67" />
      <TestMethod codeBase="D:\actions-runner\_work\XPCO\XPCO\MIP\PlatformPlugin\VideoOS.Platform\unittest\bin\Debug\net472\VideoOS.Platform.Tests.dll" adapterTypeName="executor://mstestadapter/v2" className="VideoOS.Platform.Tests.UI.Controls.Automation.Serialization.AutomationObjectSerializerTest" name="Serialize_TestCases" />
    </UnitTest>
    <UnitTest name="Append_Property_PathList" storage="d:\actions-runner\_work\xpco\xpco\mip\platformplugin\videoos.platform\unittest\bin\debug\net472\videoos.platform.tests.dll" id="11d54d6f-5da0-f133-d7de-6f5044962e90">
      <Execution id="413c2dfe-02aa-44e0-ad0a-79b49180acfc" />
      <TestMethod codeBase="D:\actions-runner\_work\XPCO\XPCO\MIP\PlatformPlugin\VideoOS.Platform\unittest\bin\Debug\net472\VideoOS.Platform.Tests.dll" adapterTypeName="executor://mstestadapter/v2" className="VideoOS.Platform.Tests.Proxy.RestApi.JsonBuilderTests" name="Append_Property_PathList" />
    </UnitTest>
    <UnitTest name="ReadXml_ShouldReadObjectIdAttribute_WhenPresent" storage="d:\actions-runner\_work\xpco\xpco\mip\platformplugin\videoos.platform\unittest\bin\debug\net472\videoos.platform.tests.dll" id="13d7aebd-6cec-2e73-3e91-8e5121f9f1bc">
      <Execution id="2779f87a-6f3f-4ccf-b203-941243bc067e" />
      <TestMethod codeBase="D:\actions-runner\_work\XPCO\XPCO\MIP\PlatformPlugin\VideoOS.Platform\unittest\bin\Debug\net472\VideoOS.Platform.Tests.dll" adapterTypeName="executor://mstestadapter/v2" className="VideoOS.Platform.Tests.Metadata.OnvifObjectTests" name="ReadXml_ShouldReadObjectIdAttribute_WhenPresent" />
    </UnitTest>
    <UnitTest name="Serialize_TestCases (Verify root Collection (not empty) property)" storage="d:\actions-runner\_work\xpco\xpco\mip\platformplugin\videoos.platform\unittest\bin\debug\net472\videoos.platform.tests.dll" id="ca990070-3269-b6c6-1a91-d9f2146eca2b">
      <Execution id="dec9e649-437b-41a3-8c12-9a92a59e4b7d" />
      <TestMethod codeBase="D:\actions-runner\_work\XPCO\XPCO\MIP\PlatformPlugin\VideoOS.Platform\unittest\bin\Debug\net472\VideoOS.Platform.Tests.dll" adapterTypeName="executor://mstestadapter/v2" className="VideoOS.Platform.Tests.UI.Controls.Automation.Serialization.AutomationObjectSerializerTest" name="Serialize_TestCases" />
    </UnitTest>
    <UnitTest name="GenerateDeviceParameters_ShouldWriteCorrectCodec_WhenCodecIsNotZero" storage="d:\actions-runner\_work\xpco\xpco\mip\platformplugin\videoos.platform\unittest\bin\debug\net472\videoos.platform.tests.dll" id="21e526f6-3a3a-f300-e830-472a0f6e7a82">
      <Execution id="f139a552-41d8-492f-88fb-502e27286aac" />
      <TestMethod codeBase="D:\actions-runner\_work\XPCO\XPCO\MIP\PlatformPlugin\VideoOS.Platform\unittest\bin\Debug\net472\VideoOS.Platform.Tests.dll" adapterTypeName="executor://mstestadapter/v2" className="VideoOS.Platform.Tests.Data.CameraDeviceDefinitionTests" name="GenerateDeviceParameters_ShouldWriteCorrectCodec_WhenCodecIsNotZero" />
    </UnitTest>
    <UnitTest name="MatchId_Success_SingleMessage" storage="d:\actions-runner\_work\xpco\xpco\mip\platformplugin\videoos.platform\unittest\bin\debug\net472\videoos.platform.tests.dll" id="a4399397-799d-6dfc-9b5f-ebad40d25858">
      <Execution id="7df26dcf-d28b-45ed-a38d-0bd1919d8530" />
      <TestMethod codeBase="D:\actions-runner\_work\XPCO\XPCO\MIP\PlatformPlugin\VideoOS.Platform\unittest\bin\Debug\net472\VideoOS.Platform.Tests.dll" adapterTypeName="executor://mstestadapter/v2" className="VideoOS.Platform.Tests.Messaging.CommunicationIdFilterTests" name="MatchId_Success_SingleMessage" />
    </UnitTest>
    <UnitTest name="ReadXml_ShouldReadTransformation_WhenTransformationIsPresent" storage="d:\actions-runner\_work\xpco\xpco\mip\platformplugin\videoos.platform\unittest\bin\debug\net472\videoos.platform.tests.dll" id="fcbb076d-21c9-d2c8-8141-56d340d67c02">
      <Execution id="4e375634-ecc6-4396-9eb3-70de53a2aef2" />
      <TestMethod codeBase="D:\actions-runner\_work\XPCO\XPCO\MIP\PlatformPlugin\VideoOS.Platform\unittest\bin\Debug\net472\VideoOS.Platform.Tests.dll" adapterTypeName="executor://mstestadapter/v2" className="VideoOS.Platform.Tests.Metadata.FrameTests" name="ReadXml_ShouldReadTransformation_WhenTransformationIsPresent" />
    </UnitTest>
    <UnitTest name="StartAndCloseAll_StartsAllClientsStarted_WhenLoggedOutAndClosesThem" storage="d:\actions-runner\_work\xpco\xpco\mip\platformplugin\videoos.platform\unittest\bin\debug\net472\videoos.platform.tests.dll" id="64b0134b-ebd0-fae9-7bd6-e6237d9640de">
      <Execution id="1c50e443-7b9b-4cc2-b44a-a1ea8c8a6f6e" />
      <TestMethod codeBase="D:\actions-runner\_work\XPCO\XPCO\MIP\PlatformPlugin\VideoOS.Platform\unittest\bin\Debug\net472\VideoOS.Platform.Tests.dll" adapterTypeName="executor://mstestadapter/v2" className="VideoOS.Platform.Tests.Messaging.MessageClientManagerTests" name="StartAndCloseAll_StartsAllClientsStarted_WhenLoggedOutAndClosesThem" />
    </UnitTest>
    <UnitTest name="WriteMetadataXml_ShouldThrowArgumentNullException_WhenStreamOutputIsNull" storage="d:\actions-runner\_work\xpco\xpco\mip\platformplugin\videoos.platform\unittest\bin\debug\net472\videoos.platform.tests.dll" id="b39f81fe-858b-c57c-9083-cb47ce15de87">
      <Execution id="a14e3f76-24bf-4211-9117-0fbcaaec7d56" />
      <TestMethod codeBase="D:\actions-runner\_work\XPCO\XPCO\MIP\PlatformPlugin\VideoOS.Platform\unittest\bin\Debug\net472\VideoOS.Platform.Tests.dll" adapterTypeName="executor://mstestadapter/v2" className="VideoOS.Platform.Tests.Metadata.MetadataSerializerTests" name="WriteMetadataXml_ShouldThrowArgumentNullException_WhenStreamOutputIsNull" />
    </UnitTest>
    <UnitTest name="Ctor_EmptyName_Throws" storage="d:\actions-runner\_work\xpco\xpco\mip\platformplugin\videoos.platform\unittest\bin\debug\net472\videoos.platform.tests.dll" id="33719bf3-5409-92ab-16c7-8a271f81b2e6">
      <TestCategory>
        <TestCategoryItem TestCategory="Search" />
      </TestCategory>
      <Execution id="eff43338-86af-4348-9c7c-93e99c85f04e" />
      <TestMethod codeBase="D:\actions-runner\_work\XPCO\XPCO\MIP\PlatformPlugin\VideoOS.Platform\unittest\bin\Debug\net472\VideoOS.Platform.Tests.dll" adapterTypeName="executor://mstestadapter/v2" className="VideoOS.Platform.Tests.Search.FilterCategories.PersonSearchFilterCategoryTest" name="Ctor_EmptyName_Throws" />
    </UnitTest>
    <UnitTest name="IsCriteriaAccepted_WithKindsFilter_ValidInput_True" storage="d:\actions-runner\_work\xpco\xpco\mip\platformplugin\videoos.platform\unittest\bin\debug\net472\videoos.platform.tests.dll" id="bc715522-4e2d-31ab-3b59-559f11d2404a">
      <Execution id="2ae1e2e4-361e-4b52-81b6-bce289393623" />
      <TestMethod codeBase="D:\actions-runner\_work\XPCO\XPCO\MIP\PlatformPlugin\VideoOS.Platform\unittest\bin\Debug\net472\VideoOS.Platform.Tests.dll" adapterTypeName="executor://mstestadapter/v2" className="VideoOS.Platform.Tests.UI.ItemPicker.ItemPickerViewModelTest" name="IsCriteriaAccepted_WithKindsFilter_ValidInput_True" />
    </UnitTest>
    <UnitTest name="IconOverlay_Success" storage="d:\actions-runner\_work\xpco\xpco\mip\platformplugin\videoos.platform\unittest\bin\debug\net472\videoos.platform.tests.dll" id="77b4115c-9698-8872-1259-5ceebb1db073">
      <Execution id="40353444-4464-4818-9ec8-6691c64e95fd" />
      <TestMethod codeBase="D:\actions-runner\_work\XPCO\XPCO\MIP\PlatformPlugin\VideoOS.Platform\unittest\bin\Debug\net472\VideoOS.Platform.Tests.dll" adapterTypeName="executor://mstestadapter/v2" className="VideoOS.Platform.Tests.ItemTests" name="IconOverlay_Success" />
    </UnitTest>
    <UnitTest name="WriteXml_ShouldWriteYAttribute_WhenPresent" storage="d:\actions-runner\_work\xpco\xpco\mip\platformplugin\videoos.platform\unittest\bin\debug\net472\videoos.platform.tests.dll" id="b2a17b73-a63e-3be2-eee7-c00c2b4d0e01">
      <Execution id="c78220b7-d230-4b88-9996-5ec87a0a33ed" />
      <TestMethod codeBase="D:\actions-runner\_work\XPCO\XPCO\MIP\PlatformPlugin\VideoOS.Platform\unittest\bin\Debug\net472\VideoOS.Platform.Tests.dll" adapterTypeName="executor://mstestadapter/v2" className="VideoOS.Platform.Tests.Metadata.DisplayTextTests" name="WriteXml_ShouldWriteYAttribute_WhenPresent" />
    </UnitTest>
    <UnitTest name="ParseMetadataXmlWithString_ShouldThrowXmlException_WhenXmlIsUnregonized" storage="d:\actions-runner\_work\xpco\xpco\mip\platformplugin\videoos.platform\unittest\bin\debug\net472\videoos.platform.tests.dll" id="f433ef44-22f0-31c9-303b-7dece7f9527e">
      <Execution id="fc6d48a2-bdae-4b3d-8e66-b5d9ef2116a3" />
      <TestMethod codeBase="D:\actions-runner\_work\XPCO\XPCO\MIP\PlatformPlugin\VideoOS.Platform\unittest\bin\Debug\net472\VideoOS.Platform.Tests.dll" adapterTypeName="executor://mstestadapter/v2" className="VideoOS.Platform.Tests.Metadata.MetadataDeserializerTests" name="ParseMetadataXmlWithString_ShouldThrowXmlException_WhenXmlIsUnregonized" />
    </UnitTest>
    <UnitTest name="Remove_String" storage="d:\actions-runner\_work\xpco\xpco\mip\platformplugin\videoos.platform\unittest\bin\debug\net472\videoos.platform.tests.dll" id="de4de35b-27a7-9209-5227-b270da191793">
      <Execution id="826156e1-143b-4bce-a89b-69780c6b2e05" />
      <TestMethod codeBase="D:\actions-runner\_work\XPCO\XPCO\MIP\PlatformPlugin\VideoOS.Platform\unittest\bin\Debug\net472\VideoOS.Platform.Tests.dll" adapterTypeName="executor://mstestadapter/v2" className="VideoOS.Platform.Tests.Proxy.RestApi.JsonReaderTests" name="Remove_String" />
    </UnitTest>
    <UnitTest name="TryParseArgbString_ShouldReturnFalse_WhenStringDoesNotContain8HexChars" storage="d:\actions-runner\_work\xpco\xpco\mip\platformplugin\videoos.platform\unittest\bin\debug\net472\videoos.platform.tests.dll" id="e4b13263-b1bd-68bb-3baa-222b8414af3b">
      <Execution id="726d3ebd-01f5-4754-a3fb-702f84f6fb8f" />
      <TestMethod codeBase="D:\actions-runner\_work\XPCO\XPCO\MIP\PlatformPlugin\VideoOS.Platform\unittest\bin\Debug\net472\VideoOS.Platform.Tests.dll" adapterTypeName="executor://mstestadapter/v2" className="VideoOS.Platform.Tests.Metadata.DisplayColorTests" name="TryParseArgbString_ShouldReturnFalse_WhenStringDoesNotContain8HexChars" />
    </UnitTest>
    <UnitTest name="AppendItemPicked_MultiSelect_TryAddSameItems_ItemsNotAdded" storage="d:\actions-runner\_work\xpco\xpco\mip\platformplugin\videoos.platform\unittest\bin\debug\net472\videoos.platform.tests.dll" id="16dd1f98-130f-f1f5-491b-90125b059034">
      <Execution id="fb302373-c580-409d-9c6a-79c909777954" />
      <TestMethod codeBase="D:\actions-runner\_work\XPCO\XPCO\MIP\PlatformPlugin\VideoOS.Platform\unittest\bin\Debug\net472\VideoOS.Platform.Tests.dll" adapterTypeName="executor://mstestadapter/v2" className="VideoOS.Platform.Tests.UI.ItemPicker.ItemPickerViewModelTest" name="AppendItemPicked_MultiSelect_TryAddSameItems_ItemsNotAdded" />
    </UnitTest>
    <UnitTest name="WriteXml_ShouldWriteUtcTimeAttribute_WhenAlways" storage="d:\actions-runner\_work\xpco\xpco\mip\platformplugin\videoos.platform\unittest\bin\debug\net472\videoos.platform.tests.dll" id="32e1fb9e-8eb8-101c-f28a-073547e7fa1e">
      <Execution id="4e2228de-649a-4366-8f70-89d90748cca2" />
      <TestMethod codeBase="D:\actions-runner\_work\XPCO\XPCO\MIP\PlatformPlugin\VideoOS.Platform\unittest\bin\Debug\net472\VideoOS.Platform.Tests.dll" adapterTypeName="executor://mstestadapter/v2" className="VideoOS.Platform.Tests.Metadata.FrameTests" name="WriteXml_ShouldWriteUtcTimeAttribute_WhenAlways" />
    </UnitTest>
    <UnitTest name="ReadXml_ShouldIgnoreUnknownChildren_WhenUnknownChildrenArePresent" storage="d:\actions-runner\_work\xpco\xpco\mip\platformplugin\videoos.platform\unittest\bin\debug\net472\videoos.platform.tests.dll" id="a3ca636d-2e93-d6ba-5db9-ec0b0b5cb970">
      <Execution id="bd78b47d-8e3d-4dbe-810c-76178617866f" />
      <TestMethod codeBase="D:\actions-runner\_work\XPCO\XPCO\MIP\PlatformPlugin\VideoOS.Platform\unittest\bin\Debug\net472\VideoOS.Platform.Tests.dll" adapterTypeName="executor://mstestadapter/v2" className="VideoOS.Platform.Tests.Metadata.AppearanceTests" name="ReadXml_ShouldIgnoreUnknownChildren_WhenUnknownChildrenArePresent" />
    </UnitTest>
    <UnitTest name="Append_Property_Array" storage="d:\actions-runner\_work\xpco\xpco\mip\platformplugin\videoos.platform\unittest\bin\debug\net472\videoos.platform.tests.dll" id="69b55b39-a9d9-76d0-7e5a-7249ce9b54b6">
      <Execution id="15fef5e7-785f-46a8-995f-1d7fab33ff34" />
      <TestMethod codeBase="D:\actions-runner\_work\XPCO\XPCO\MIP\PlatformPlugin\VideoOS.Platform\unittest\bin\Debug\net472\VideoOS.Platform.Tests.dll" adapterTypeName="executor://mstestadapter/v2" className="VideoOS.Platform.Tests.Proxy.RestApi.JsonBuilderTests" name="Append_Property_Array" />
    </UnitTest>
    <UnitTest name="OverlapsWith_ShouldThrowArgumentException_WhenTheStartAndEndTimeKindsAreDifferent" storage="d:\actions-runner\_work\xpco\xpco\mip\platformplugin\videoos.platform\unittest\bin\debug\net472\videoos.platform.tests.dll" id="31917703-2acf-fc86-64fa-04fcf338cdb6">
      <Execution id="50753752-8e10-49fa-a156-c53eacdc234f" />
      <TestMethod codeBase="D:\actions-runner\_work\XPCO\XPCO\MIP\PlatformPlugin\VideoOS.Platform\unittest\bin\Debug\net472\VideoOS.Platform.Tests.dll" adapterTypeName="executor://mstestadapter/v2" className="VideoOS.Platform.Tests.Util.TimeIntervalTests" name="OverlapsWith_ShouldThrowArgumentException_WhenTheStartAndEndTimeKindsAreDifferent" />
    </UnitTest>
    <UnitTest name="Serialize_TestCases (Verify root Collection (empty) property get property value)" storage="d:\actions-runner\_work\xpco\xpco\mip\platformplugin\videoos.platform\unittest\bin\debug\net472\videoos.platform.tests.dll" id="3508e587-4daf-8c1d-4c00-cda8ea38b43b">
      <Execution id="16d2d455-da7d-4a0e-9760-211e080d8a1f" />
      <TestMethod codeBase="D:\actions-runner\_work\XPCO\XPCO\MIP\PlatformPlugin\VideoOS.Platform\unittest\bin\Debug\net472\VideoOS.Platform.Tests.dll" adapterTypeName="executor://mstestadapter/v2" className="VideoOS.Platform.Tests.UI.Controls.Automation.Serialization.AutomationObjectSerializerTest" name="Serialize_TestCases" />
    </UnitTest>
    <UnitTest name="Clone_Camera_Fails_Checked" storage="d:\actions-runner\_work\xpco\xpco\mip\platformplugin\videoos.platform\unittest\bin\debug\net472\videoos.platform.tests.dll" id="4b43a64c-589e-4267-f17d-15d04a909013">
      <Execution id="b837d7c5-844e-4cca-b06f-879c4f880125" />
      <TestMethod codeBase="D:\actions-runner\_work\XPCO\XPCO\MIP\PlatformPlugin\VideoOS.Platform\unittest\bin\Debug\net472\VideoOS.Platform.Tests.dll" adapterTypeName="executor://mstestadapter/v2" className="VideoOS.Platform.Tests.FQIDtests" name="Clone_Camera_Fails_Checked" />
    </UnitTest>
    <UnitTest name="Append_OptionKeyString_Escaped" storage="d:\actions-runner\_work\xpco\xpco\mip\platformplugin\videoos.platform\unittest\bin\debug\net472\videoos.platform.tests.dll" id="36835451-4db1-a03e-109f-0d92dfb22aba">
      <Execution id="108e55b5-16d9-46db-9247-228121648f5e" />
      <TestMethod codeBase="D:\actions-runner\_work\XPCO\XPCO\MIP\PlatformPlugin\VideoOS.Platform\unittest\bin\Debug\net472\VideoOS.Platform.Tests.dll" adapterTypeName="executor://mstestadapter/v2" className="VideoOS.Platform.Tests.Proxy.RestApi.JsonBuilderTests" name="Append_OptionKeyString_Escaped" />
    </UnitTest>
    <UnitTest name="Serialize_TestCases (TestParentTypeMatchStructThisTypeNotMatched)" storage="d:\actions-runner\_work\xpco\xpco\mip\platformplugin\videoos.platform\unittest\bin\debug\net472\videoos.platform.tests.dll" id="e887a600-cc5e-a49f-de88-d8d0409269e2">
      <Execution id="57492fa4-cce9-44ef-ae37-13c6f47e1e46" />
      <TestMethod codeBase="D:\actions-runner\_work\XPCO\XPCO\MIP\PlatformPlugin\VideoOS.Platform\unittest\bin\Debug\net472\VideoOS.Platform.Tests.dll" adapterTypeName="executor://mstestadapter/v2" className="VideoOS.Platform.Tests.UI.Controls.Automation.Serialization.AutomationObjectSerializerTest" name="Serialize_TestCases" />
    </UnitTest>
    <UnitTest name="ReadXml_ShouldIgnoreBoundingBox_WhenBoundingBoxIsPresenWithWrongNamespace" storage="d:\actions-runner\_work\xpco\xpco\mip\platformplugin\videoos.platform\unittest\bin\debug\net472\videoos.platform.tests.dll" id="1677c45e-088d-ae58-08dc-ccdb32d9ca65">
      <Execution id="a92e5891-1592-46c1-9959-438082f52360" />
      <TestMethod codeBase="D:\actions-runner\_work\XPCO\XPCO\MIP\PlatformPlugin\VideoOS.Platform\unittest\bin\Debug\net472\VideoOS.Platform.Tests.dll" adapterTypeName="executor://mstestadapter/v2" className="VideoOS.Platform.Tests.Metadata.ShapeTests" name="ReadXml_ShouldIgnoreBoundingBox_WhenBoundingBoxIsPresenWithWrongNamespace" />
    </UnitTest>
    <UnitTest name="ReadXml_ShouldReadOriginalData_WhenOrigiginalDataIsPresent" storage="d:\actions-runner\_work\xpco\xpco\mip\platformplugin\videoos.platform\unittest\bin\debug\net472\videoos.platform.tests.dll" id="0b0ff5aa-c291-79fb-1d8b-d1660f2ebad3">
      <Execution id="1180b098-a9f6-4010-aac3-a9d9cf5d96b7" />
      <TestMethod codeBase="D:\actions-runner\_work\XPCO\XPCO\MIP\PlatformPlugin\VideoOS.Platform\unittest\bin\Debug\net472\VideoOS.Platform.Tests.dll" adapterTypeName="executor://mstestadapter/v2" className="VideoOS.Platform.Tests.Metadata.MetadataStreamTests" name="ReadXml_ShouldReadOriginalData_WhenOrigiginalDataIsPresent" />
    </UnitTest>
    <UnitTest name="Remove_Success" storage="d:\actions-runner\_work\xpco\xpco\mip\platformplugin\videoos.platform\unittest\bin\debug\net472\videoos.platform.tests.dll" id="6e5da37d-17c2-c99b-bec0-ba093cc6461d">
      <Execution id="08b6fce1-c3d2-4d06-9b99-f2c295d41b52" />
      <TestMethod codeBase="D:\actions-runner\_work\XPCO\XPCO\MIP\PlatformPlugin\VideoOS.Platform\unittest\bin\Debug\net472\VideoOS.Platform.Tests.dll" adapterTypeName="executor://mstestadapter/v2" className="VideoOS.Platform.Tests.Util.Queue.ConcurrentQueueSlimTests" name="Remove_Success" />
    </UnitTest>
    <UnitTest name="HasExtensionDataPresent_ShouldReturnFalse_WhenExtensionDataIsNotPresent" storage="d:\actions-runner\_work\xpco\xpco\mip\platformplugin\videoos.platform\unittest\bin\debug\net472\videoos.platform.tests.dll" id="93f61c3c-6b1e-d1b6-89d6-3a1bfa5e90ba">
      <Execution id="9a5309cc-573b-4612-b605-9b1cba9b540c" />
      <TestMethod codeBase="D:\actions-runner\_work\XPCO\XPCO\MIP\PlatformPlugin\VideoOS.Platform\unittest\bin\Debug\net472\VideoOS.Platform.Tests.dll" adapterTypeName="executor://mstestadapter/v2" className="VideoOS.Platform.Tests.Metadata.RectangleTests" name="HasExtensionDataPresent_ShouldReturnFalse_WhenExtensionDataIsNotPresent" />
    </UnitTest>
    <UnitTest name="ReadXml_ShouldReadAllKnownElements_WhenMultipleElementsArePresent" storage="d:\actions-runner\_work\xpco\xpco\mip\platformplugin\videoos.platform\unittest\bin\debug\net472\videoos.platform.tests.dll" id="6a35aa0d-9441-e9e5-f921-b7f637c9a652">
      <Execution id="4eba820f-0962-4aad-8d13-4c395f8ab77a" />
      <TestMethod codeBase="D:\actions-runner\_work\XPCO\XPCO\MIP\PlatformPlugin\VideoOS.Platform\unittest\bin\Debug\net472\VideoOS.Platform.Tests.dll" adapterTypeName="executor://mstestadapter/v2" className="VideoOS.Platform.Tests.Metadata.NavigationalDataTests" name="ReadXml_ShouldReadAllKnownElements_WhenMultipleElementsArePresent" />
    </UnitTest>
    <UnitTest name="WriteXml_ShouldWriteOnvifClassContents_WhenClassIsNotNull" storage="d:\actions-runner\_work\xpco\xpco\mip\platformplugin\videoos.platform\unittest\bin\debug\net472\videoos.platform.tests.dll" id="c475df53-8f1e-79fe-20e9-fd298525b9b9">
      <Execution id="a0af6365-943c-4ac4-ab12-c4f04fc9c418" />
      <TestMethod codeBase="D:\actions-runner\_work\XPCO\XPCO\MIP\PlatformPlugin\VideoOS.Platform\unittest\bin\Debug\net472\VideoOS.Platform.Tests.dll" adapterTypeName="executor://mstestadapter/v2" className="VideoOS.Platform.Tests.Metadata.AppearanceTests" name="WriteXml_ShouldWriteOnvifClassContents_WhenClassIsNotNull" />
    </UnitTest>
    <UnitTest name="SplitString_When1Level_Success" storage="d:\actions-runner\_work\xpco\xpco\mip\platformplugin\videoos.platform\unittest\bin\debug\net472\videoos.platform.tests.dll" id="879090c1-add8-48b2-d609-da3bc5d3a246">
      <Execution id="48ad83e1-af9c-47b1-91a1-8796ad0a5191" />
      <TestMethod codeBase="D:\actions-runner\_work\XPCO\XPCO\MIP\PlatformPlugin\VideoOS.Platform\unittest\bin\Debug\net472\VideoOS.Platform.Tests.dll" adapterTypeName="executor://mstestadapter/v2" className="VideoOS.Platform.Tests.Util.StringSplitterTests" name="SplitString_When1Level_Success" />
    </UnitTest>
    <UnitTest name="Serialize_TestCases (TestParentTypeMatchObjectThisTypeNotMatched)" storage="d:\actions-runner\_work\xpco\xpco\mip\platformplugin\videoos.platform\unittest\bin\debug\net472\videoos.platform.tests.dll" id="556f34ce-3bef-1c1d-2f3e-c3457681ba59">
      <Execution id="73e123c4-5940-47bb-b2a2-b84de8310186" />
      <TestMethod codeBase="D:\actions-runner\_work\XPCO\XPCO\MIP\PlatformPlugin\VideoOS.Platform\unittest\bin\Debug\net472\VideoOS.Platform.Tests.dll" adapterTypeName="executor://mstestadapter/v2" className="VideoOS.Platform.Tests.UI.Controls.Automation.Serialization.AutomationObjectSerializerTest" name="Serialize_TestCases" />
    </UnitTest>
    <UnitTest name="Ctor_OneCustomFilter_Success" storage="d:\actions-runner\_work\xpco\xpco\mip\platformplugin\videoos.platform\unittest\bin\debug\net472\videoos.platform.tests.dll" id="d430b74b-fb63-d6ac-57a1-5a6c439392cf">
      <TestCategory>
        <TestCategoryItem TestCategory="Search" />
      </TestCategory>
      <Execution id="8f4a69c4-f217-4251-b5ec-6bb0be3f2cc8" />
      <TestMethod codeBase="D:\actions-runner\_work\XPCO\XPCO\MIP\PlatformPlugin\VideoOS.Platform\unittest\bin\Debug\net472\VideoOS.Platform.Tests.dll" adapterTypeName="executor://mstestadapter/v2" className="VideoOS.Platform.Tests.Search.FilterCategories.VehicleSearchFilterCategoryTest" name="Ctor_OneCustomFilter_Success" />
    </UnitTest>
    <UnitTest name="SetEvents_ShouldNotAddProxyManager_WhenFrameworkContentElementIsNotLoaded" storage="d:\actions-runner\_work\xpco\xpco\mip\platformplugin\videoos.platform\unittest\bin\debug\net472\videoos.platform.tests.dll" id="8deb741b-167d-6a1a-855a-646fe46075da">
      <TestCategory>
        <TestCategoryItem TestCategory="EventsToCommandMappings" />
      </TestCategory>
      <Execution id="31e999e8-b874-4eba-9524-3c9985becacb" />
      <TestMethod codeBase="D:\actions-runner\_work\XPCO\XPCO\MIP\PlatformPlugin\VideoOS.Platform\unittest\bin\Debug\net472\VideoOS.Platform.Tests.dll" adapterTypeName="executor://mstestadapter/v2" className="VideoOS.Platform.Tests.UI.Commands.EventsToCommandMappingTest" name="SetEvents_ShouldNotAddProxyManager_WhenFrameworkContentElementIsNotLoaded" />
    </UnitTest>
    <UnitTest name="ReadXml_ShouldLogWarning_WhenClassCandidateIsNotValid" storage="d:\actions-runner\_work\xpco\xpco\mip\platformplugin\videoos.platform\unittest\bin\debug\net472\videoos.platform.tests.dll" id="687e8953-7e5d-f508-b1c0-23de14611310">
      <Execution id="73efb53d-56bf-4fcf-9a56-5c4fdf69f2a5" />
      <TestMethod codeBase="D:\actions-runner\_work\XPCO\XPCO\MIP\PlatformPlugin\VideoOS.Platform\unittest\bin\Debug\net472\VideoOS.Platform.Tests.dll" adapterTypeName="executor://mstestadapter/v2" className="VideoOS.Platform.Tests.Metadata.OnvifClassTests" name="ReadXml_ShouldLogWarning_WhenClassCandidateIsNotValid" />
    </UnitTest>
    <UnitTest name="ProvideValue_ShouldUseContentTemplateFromItem_WhenItemContentTemplateIsSet" storage="d:\actions-runner\_work\xpco\xpco\mip\platformplugin\videoos.platform\unittest\bin\debug\net472\videoos.platform.tests.dll" id="e0743512-14b2-153f-50d2-6849d822eb82">
      <TestCategory>
        <TestCategoryItem TestCategory="TabControls" />
      </TestCategory>
      <Execution id="4fd744e0-53f5-4372-8451-05fa139196d5" />
      <TestMethod codeBase="D:\actions-runner\_work\XPCO\XPCO\MIP\PlatformPlugin\VideoOS.Platform\unittest\bin\Debug\net472\VideoOS.Platform.Tests.dll" adapterTypeName="executor://mstestadapter/v2" className="VideoOS.Platform.Tests.UI.Controls.TabControls.Internal.Primary.ItemContentTemplateExtensionTest" name="ProvideValue_ShouldUseContentTemplateFromItem_WhenItemContentTemplateIsSet" />
    </UnitTest>
    <UnitTest name="MarkupExtension_ShouldClearContentTemplate_WhenContentTemplateOnSelectedItemChangesToNull" storage="d:\actions-runner\_work\xpco\xpco\mip\platformplugin\videoos.platform\unittest\bin\debug\net472\videoos.platform.tests.dll" id="dbc25ad9-20cc-4d18-73ef-8500a4d4137f">
      <TestCategory>
        <TestCategoryItem TestCategory="DropDowns" />
      </TestCategory>
      <Execution id="18e83d8b-aa5d-4661-a641-d531c36b7fe5" />
      <TestMethod codeBase="D:\actions-runner\_work\XPCO\XPCO\MIP\PlatformPlugin\VideoOS.Platform\unittest\bin\Debug\net472\VideoOS.Platform.Tests.dll" adapterTypeName="executor://mstestadapter/v2" className="VideoOS.Platform.Tests.UI.Controls.DropDowns.Internal.SelectedItemContentTemplateExtensionTest" name="MarkupExtension_ShouldClearContentTemplate_WhenContentTemplateOnSelectedItemChangesToNull" />
    </UnitTest>
    <UnitTest name="BuildShapeOverlayWidthHeightAlarm_ShouldReturnCorrectNumberOfShapes_WhenArgumentContainsObjectAndRule" storage="d:\actions-runner\_work\xpco\xpco\mip\platformplugin\videoos.platform\unittest\bin\debug\net472\videoos.platform.tests.dll" id="1ce6e954-84ed-5a50-7c66-ce4fb6384d66">
      <Execution id="0449b581-c869-48a9-9dfe-99d007d7e022" />
      <TestMethod codeBase="D:\actions-runner\_work\XPCO\XPCO\MIP\PlatformPlugin\VideoOS.Platform\unittest\bin\Debug\net472\VideoOS.Platform.Tests.dll" adapterTypeName="executor://mstestadapter/v2" className="VideoOS.Platform.Tests.Util.AnalyticsOverlayBuilderTests" name="BuildShapeOverlayWidthHeightAlarm_ShouldReturnCorrectNumberOfShapes_WhenArgumentContainsObjectAndRule" />
    </UnitTest>
    <UnitTest name="Serialize_TestCases (Verify root Object (null) property)" storage="d:\actions-runner\_work\xpco\xpco\mip\platformplugin\videoos.platform\unittest\bin\debug\net472\videoos.platform.tests.dll" id="3d2f83cf-7ffc-636c-c571-d10ae35f205f">
      <Execution id="a396b149-5756-4528-a612-d3dc4fa6d959" />
      <TestMethod codeBase="D:\actions-runner\_work\XPCO\XPCO\MIP\PlatformPlugin\VideoOS.Platform\unittest\bin\Debug\net472\VideoOS.Platform.Tests.dll" adapterTypeName="executor://mstestadapter/v2" className="VideoOS.Platform.Tests.UI.Controls.Automation.Serialization.AutomationObjectSerializerTest" name="Serialize_TestCases" />
    </UnitTest>
    <UnitTest name="Replace_ShouldInvokeCallback_WhenObservable" storage="d:\actions-runner\_work\xpco\xpco\mip\platformplugin\videoos.platform\unittest\bin\debug\net472\videoos.platform.tests.dll" id="f1273a57-f352-81b3-3c22-3b2f4debaba3">
      <Execution id="d2c8cdeb-98de-47ef-bd3f-809d59c79e46" />
      <TestMethod codeBase="D:\actions-runner\_work\XPCO\XPCO\MIP\PlatformPlugin\VideoOS.Platform\unittest\bin\Debug\net472\VideoOS.Platform.Tests.dll" adapterTypeName="executor://mstestadapter/v2" className="VideoOS.Platform.Tests.UI.Controls.CollectionHelperTest" name="Replace_ShouldInvokeCallback_WhenObservable" />
    </UnitTest>
    <UnitTest name="SearchResultData_BeginTimeWithPaddingMinValue_ShouldReturnBeginTime" storage="d:\actions-runner\_work\xpco\xpco\mip\platformplugin\videoos.platform\unittest\bin\debug\net472\videoos.platform.tests.dll" id="d662e348-a1af-bb08-7043-ef8f0887058c">
      <TestCategory>
        <TestCategoryItem TestCategory="Search" />
      </TestCategory>
      <Execution id="165faf8b-ec19-40e9-87cb-d3d146560db5" />
      <TestMethod codeBase="D:\actions-runner\_work\XPCO\XPCO\MIP\PlatformPlugin\VideoOS.Platform\unittest\bin\Debug\net472\VideoOS.Platform.Tests.dll" adapterTypeName="executor://mstestadapter/v2" className="VideoOS.Platform.Tests.Search.SearchResultDataTest" name="SearchResultData_BeginTimeWithPaddingMinValue_ShouldReturnBeginTime" />
    </UnitTest>
    <UnitTest name="LastModified_ShouldReturnValue" storage="d:\actions-runner\_work\xpco\xpco\mip\platformplugin\videoos.platform\unittest\bin\debug\net472\videoos.platform.tests.dll" id="cc8be762-b7fa-6acb-868c-b6f8dd397e9b">
      <Execution id="9aa1204e-3d83-49e0-a967-d1489575e796" />
      <TestMethod codeBase="D:\actions-runner\_work\XPCO\XPCO\MIP\PlatformPlugin\VideoOS.Platform\unittest\bin\Debug\net472\VideoOS.Platform.Tests.dll" adapterTypeName="executor://mstestadapter/v2" className="VideoOS.Platform.Tests.Util.ConfigurationCacheTests" name="LastModified_ShouldReturnValue" />
    </UnitTest>
    <UnitTest name="Match_Success_SystemTypeAnyMessage" storage="d:\actions-runner\_work\xpco\xpco\mip\platformplugin\videoos.platform\unittest\bin\debug\net472\videoos.platform.tests.dll" id="43549381-b46a-2b58-13a9-b35484e42c71">
      <Execution id="5a5ae2b7-853c-49ff-89cf-2da4ce0b4867" />
      <TestMethod codeBase="D:\actions-runner\_work\XPCO\XPCO\MIP\PlatformPlugin\VideoOS.Platform\unittest\bin\Debug\net472\VideoOS.Platform.Tests.dll" adapterTypeName="executor://mstestadapter/v2" className="VideoOS.Platform.Tests.Messaging.CommunicationIdFilterTests" name="Match_Success_SystemTypeAnyMessage" />
    </UnitTest>
    <UnitTest name="TestStartSearch_NullSearchDefinitions_Failure" storage="d:\actions-runner\_work\xpco\xpco\mip\platformplugin\videoos.platform\unittest\bin\debug\net472\videoos.platform.tests.dll" id="be18d4c4-d343-ec1d-bb22-8e6779b47149">
      <TestCategory>
        <TestCategoryItem TestCategory="Search" />
      </TestCategory>
      <Execution id="5116d5bc-8c2c-48a3-8c40-569dd49fed7b" />
      <TestMethod codeBase="D:\actions-runner\_work\XPCO\XPCO\MIP\PlatformPlugin\VideoOS.Platform\unittest\bin\Debug\net472\VideoOS.Platform.Tests.dll" adapterTypeName="executor://mstestadapter/v2" className="VideoOS.Platform.Tests.Search.SearchManagerTest" name="TestStartSearch_NullSearchDefinitions_Failure" />
    </UnitTest>
    <UnitTest name="ReadXml_ShouldSetAllFieldsToDefaultValues_WhenElementIsEmpty" storage="d:\actions-runner\_work\xpco\xpco\mip\platformplugin\videoos.platform\unittest\bin\debug\net472\videoos.platform.tests.dll" id="66b56aea-40c3-2481-4b5e-49255676d9f1">
      <Execution id="185b1a8b-d03b-4fd2-869d-4038cd69ea78" />
      <TestMethod codeBase="D:\actions-runner\_work\XPCO\XPCO\MIP\PlatformPlugin\VideoOS.Platform\unittest\bin\Debug\net472\VideoOS.Platform.Tests.dll" adapterTypeName="executor://mstestadapter/v2" className="VideoOS.Platform.Tests.Metadata.OnvifObjectTests" name="ReadXml_ShouldSetAllFieldsToDefaultValues_WhenElementIsEmpty" />
    </UnitTest>
    <UnitTest name="Parse_IntArray" storage="d:\actions-runner\_work\xpco\xpco\mip\platformplugin\videoos.platform\unittest\bin\debug\net472\videoos.platform.tests.dll" id="85a3df1f-74e3-6aca-1e0c-cfef94af0047">
      <Execution id="af7f7da2-1225-448d-a95a-34ce63b8c784" />
      <TestMethod codeBase="D:\actions-runner\_work\XPCO\XPCO\MIP\PlatformPlugin\VideoOS.Platform\unittest\bin\Debug\net472\VideoOS.Platform.Tests.dll" adapterTypeName="executor://mstestadapter/v2" className="VideoOS.Platform.Tests.Proxy.RestApi.JsonReaderTests" name="Parse_IntArray" />
    </UnitTest>
    <UnitTest name="ReadXml_ShouldReadMultipleClassCandidates_WhenMultipleCorrectClassCandidatesArePresent" storage="d:\actions-runner\_work\xpco\xpco\mip\platformplugin\videoos.platform\unittest\bin\debug\net472\videoos.platform.tests.dll" id="527481b0-1273-3dea-68f1-756a76377e7f">
      <Execution id="77186a65-55e2-4a3f-a16e-82942ace9676" />
      <TestMethod codeBase="D:\actions-runner\_work\XPCO\XPCO\MIP\PlatformPlugin\VideoOS.Platform\unittest\bin\Debug\net472\VideoOS.Platform.Tests.dll" adapterTypeName="executor://mstestadapter/v2" className="VideoOS.Platform.Tests.Metadata.OnvifClassTests" name="ReadXml_ShouldReadMultipleClassCandidates_WhenMultipleCorrectClassCandidatesArePresent" />
    </UnitTest>
    <UnitTest name="Append_Element_KeyValueString" storage="d:\actions-runner\_work\xpco\xpco\mip\platformplugin\videoos.platform\unittest\bin\debug\net472\videoos.platform.tests.dll" id="06174076-ef01-8d0d-830c-682ae858b24d">
      <Execution id="1d183ad8-7291-4a0e-bff0-5e915277119c" />
      <TestMethod codeBase="D:\actions-runner\_work\XPCO\XPCO\MIP\PlatformPlugin\VideoOS.Platform\unittest\bin\Debug\net472\VideoOS.Platform.Tests.dll" adapterTypeName="executor://mstestadapter/v2" className="VideoOS.Platform.Tests.Proxy.RestApi.JsonBuilderTests" name="Append_Element_KeyValueString" />
    </UnitTest>
    <UnitTest name="Equals_ShouldHaveValueSemantics_Always" storage="d:\actions-runner\_work\xpco\xpco\mip\platformplugin\videoos.platform\unittest\bin\debug\net472\videoos.platform.tests.dll" id="c3f2a1aa-ab89-7f2c-6103-bf1d2150d50b">
      <Execution id="d85074c5-4376-4c17-a61b-e2edf989ddaa" />
      <TestMethod codeBase="D:\actions-runner\_work\XPCO\XPCO\MIP\PlatformPlugin\VideoOS.Platform\unittest\bin\Debug\net472\VideoOS.Platform.Tests.dll" adapterTypeName="executor://mstestadapter/v2" className="VideoOS.Platform.Tests.Metadata.MetadataStreamTests" name="Equals_ShouldHaveValueSemantics_Always" />
    </UnitTest>
    <UnitTest name="ReadAppearanceExtensionXml_ShouldNotSetBoundingBoxLineColor_WhenBoundingBoxLineColorIsNotPresent" storage="d:\actions-runner\_work\xpco\xpco\mip\platformplugin\videoos.platform\unittest\bin\debug\net472\videoos.platform.tests.dll" id="052237df-54d9-31a7-0ab1-08aaf1d51da7">
      <Execution id="d6fdc945-2d8a-4cfa-9423-030f23c9a2b4" />
      <TestMethod codeBase="D:\actions-runner\_work\XPCO\XPCO\MIP\PlatformPlugin\VideoOS.Platform\unittest\bin\Debug\net472\VideoOS.Platform.Tests.dll" adapterTypeName="executor://mstestadapter/v2" className="VideoOS.Platform.Tests.Metadata.RectangleTests" name="ReadAppearanceExtensionXml_ShouldNotSetBoundingBoxLineColor_WhenBoundingBoxLineColorIsNotPresent" />
    </UnitTest>
    <UnitTest name="SearchResultData_BeginTimeWithPaddingUnset_ShouldReturnBeginTime" storage="d:\actions-runner\_work\xpco\xpco\mip\platformplugin\videoos.platform\unittest\bin\debug\net472\videoos.platform.tests.dll" id="5c8be7a3-8036-a747-4753-97244e6fc863">
      <TestCategory>
        <TestCategoryItem TestCategory="Search" />
      </TestCategory>
      <Execution id="85c98c2a-2fbf-4085-81d8-218702d1b61d" />
      <TestMethod codeBase="D:\actions-runner\_work\XPCO\XPCO\MIP\PlatformPlugin\VideoOS.Platform\unittest\bin\Debug\net472\VideoOS.Platform.Tests.dll" adapterTypeName="executor://mstestadapter/v2" className="VideoOS.Platform.Tests.Search.SearchResultDataTest" name="SearchResultData_BeginTimeWithPaddingUnset_ShouldReturnBeginTime" />
    </UnitTest>
    <UnitTest name="ReadXml_ShouldIgnoreIdleChildren_WhenAlways" storage="d:\actions-runner\_work\xpco\xpco\mip\platformplugin\videoos.platform\unittest\bin\debug\net472\videoos.platform.tests.dll" id="5367f539-e3b0-cebf-09dd-956f309e7c6e">
      <Execution id="268977ef-1989-432a-8fbe-ed977620de90" />
      <TestMethod codeBase="D:\actions-runner\_work\XPCO\XPCO\MIP\PlatformPlugin\VideoOS.Platform\unittest\bin\Debug\net472\VideoOS.Platform.Tests.dll" adapterTypeName="executor://mstestadapter/v2" className="VideoOS.Platform.Tests.Metadata.BehaviourTests" name="ReadXml_ShouldIgnoreIdleChildren_WhenAlways" />
    </UnitTest>
    <UnitTest name="Deserialize_Camera_FieldValues_checked" storage="d:\actions-runner\_work\xpco\xpco\mip\platformplugin\videoos.platform\unittest\bin\debug\net472\videoos.platform.tests.dll" id="3c6ad7f5-47ac-d2a1-3c86-5077b25134ea">
      <Execution id="96270406-f5f1-4724-828a-81c53ed99586" />
      <TestMethod codeBase="D:\actions-runner\_work\XPCO\XPCO\MIP\PlatformPlugin\VideoOS.Platform\unittest\bin\Debug\net472\VideoOS.Platform.Tests.dll" adapterTypeName="executor://mstestadapter/v2" className="VideoOS.Platform.Tests.FQIDtests" name="Deserialize_Camera_FieldValues_checked" />
    </UnitTest>
    <UnitTest name="Enabled_Properties_With_Disable_True_success" storage="d:\actions-runner\_work\xpco\xpco\mip\platformplugin\videoos.platform\unittest\bin\debug\net472\videoos.platform.tests.dll" id="bb812b16-0590-e601-98e0-332d7569575a">
      <Execution id="da88003a-de1f-4ae8-89cf-cfa0befd3c12" />
      <TestMethod codeBase="D:\actions-runner\_work\XPCO\XPCO\MIP\PlatformPlugin\VideoOS.Platform\unittest\bin\Debug\net472\VideoOS.Platform.Tests.dll" adapterTypeName="executor://mstestadapter/v2" className="VideoOS.Platform.Tests.ItemTests" name="Enabled_Properties_With_Disable_True_success" />
    </UnitTest>
    <UnitTest name="GetItem_ShouldReturnNull_WhenUnknownKind" storage="d:\actions-runner\_work\xpco\xpco\mip\platformplugin\videoos.platform\unittest\bin\debug\net472\videoos.platform.tests.dll" id="a9f5292d-e31f-a581-3eed-5680d989d123">
      <Execution id="ad41389b-23da-401a-bcfe-958fb9db1970" />
      <TestMethod codeBase="D:\actions-runner\_work\XPCO\XPCO\MIP\PlatformPlugin\VideoOS.Platform\unittest\bin\Debug\net472\VideoOS.Platform.Tests.dll" adapterTypeName="executor://mstestadapter/v2" className="VideoOS.Platform.Tests.Util.ConfigurationCacheTests" name="GetItem_ShouldReturnNull_WhenUnknownKind" />
    </UnitTest>
    <UnitTest name="Append_Element_KeyString" storage="d:\actions-runner\_work\xpco\xpco\mip\platformplugin\videoos.platform\unittest\bin\debug\net472\videoos.platform.tests.dll" id="f02151f2-7537-c913-0353-0c1cefe4a11e">
      <Execution id="70fb93b2-4f2f-4543-bb5d-2b42138e37a6" />
      <TestMethod codeBase="D:\actions-runner\_work\XPCO\XPCO\MIP\PlatformPlugin\VideoOS.Platform\unittest\bin\Debug\net472\VideoOS.Platform.Tests.dll" adapterTypeName="executor://mstestadapter/v2" className="VideoOS.Platform.Tests.Proxy.RestApi.JsonBuilderTests" name="Append_Element_KeyString" />
    </UnitTest>
    <UnitTest name="EqualGuids_Fail_OnServerIdId" storage="d:\actions-runner\_work\xpco\xpco\mip\platformplugin\videoos.platform\unittest\bin\debug\net472\videoos.platform.tests.dll" id="b8b5d1da-4dc1-76f1-a2bd-31503c4d0668">
      <Execution id="9e5d0554-b975-4ace-a51d-ab3473545016" />
      <TestMethod codeBase="D:\actions-runner\_work\XPCO\XPCO\MIP\PlatformPlugin\VideoOS.Platform\unittest\bin\Debug\net472\VideoOS.Platform.Tests.dll" adapterTypeName="executor://mstestadapter/v2" className="VideoOS.Platform.Tests.FQIDtests" name="EqualGuids_Fail_OnServerIdId" />
    </UnitTest>
    <UnitTest name="WriteMetadataXmlWithStrings_ShouldWriteDocumentHeading_WhenDataIsPresent" storage="d:\actions-runner\_work\xpco\xpco\mip\platformplugin\videoos.platform\unittest\bin\debug\net472\videoos.platform.tests.dll" id="e5961fd2-e26a-dc01-53b6-9e6df31d3e56">
      <Execution id="20f80a98-2a41-4015-9c7e-c5936c07f2be" />
      <TestMethod codeBase="D:\actions-runner\_work\XPCO\XPCO\MIP\PlatformPlugin\VideoOS.Platform\unittest\bin\Debug\net472\VideoOS.Platform.Tests.dll" adapterTypeName="executor://mstestadapter/v2" className="VideoOS.Platform.Tests.Metadata.MetadataSerializerTests" name="WriteMetadataXmlWithStrings_ShouldWriteDocumentHeading_WhenDataIsPresent" />
    </UnitTest>
    <UnitTest name="Serialize_TestCases (TestParentTypeMatchGenericThisTypeMatched)" storage="d:\actions-runner\_work\xpco\xpco\mip\platformplugin\videoos.platform\unittest\bin\debug\net472\videoos.platform.tests.dll" id="4ce8fa95-501e-1da1-3954-5f99709a3a47">
      <Execution id="1747878c-c8c8-434f-8c18-386ea872be30" />
      <TestMethod codeBase="D:\actions-runner\_work\XPCO\XPCO\MIP\PlatformPlugin\VideoOS.Platform\unittest\bin\Debug\net472\VideoOS.Platform.Tests.dll" adapterTypeName="executor://mstestadapter/v2" className="VideoOS.Platform.Tests.UI.Controls.Automation.Serialization.AutomationObjectSerializerTest" name="Serialize_TestCases" />
    </UnitTest>
    <UnitTest name="Serialize_TestCases (TestParentTypeMatchObjectThisTypeNotMatchedProperty)" storage="d:\actions-runner\_work\xpco\xpco\mip\platformplugin\videoos.platform\unittest\bin\debug\net472\videoos.platform.tests.dll" id="8315ca7a-a894-4faa-3758-d8c41ad7cc82">
      <Execution id="a43b627a-9b12-4ad8-9813-54c49e51b8fc" />
      <TestMethod codeBase="D:\actions-runner\_work\XPCO\XPCO\MIP\PlatformPlugin\VideoOS.Platform\unittest\bin\Debug\net472\VideoOS.Platform.Tests.dll" adapterTypeName="executor://mstestadapter/v2" className="VideoOS.Platform.Tests.UI.Controls.Automation.Serialization.AutomationObjectSerializerTest" name="Serialize_TestCases" />
    </UnitTest>
    <UnitTest name="Serialize_ShouldNotIncludeOptionDecorations_WhenPropertyIsCollectionOfSimpleTypesAndNoPropertiesRequestedInPath" storage="d:\actions-runner\_work\xpco\xpco\mip\platformplugin\videoos.platform\unittest\bin\debug\net472\videoos.platform.tests.dll" id="1e4e191e-63c7-1f37-201c-8fde2757768d">
      <Execution id="df9dab8d-0414-4d73-948a-c6e994f3c462" />
      <TestMethod codeBase="D:\actions-runner\_work\XPCO\XPCO\MIP\PlatformPlugin\VideoOS.Platform\unittest\bin\Debug\net472\VideoOS.Platform.Tests.dll" adapterTypeName="executor://mstestadapter/v2" className="VideoOS.Platform.Tests.UI.Controls.Automation.Serialization.AutomationObjectSerializerTest" name="Serialize_ShouldNotIncludeOptionDecorations_WhenPropertyIsCollectionOfSimpleTypesAndNoPropertiesRequestedInPath" />
    </UnitTest>
    <UnitTest name="CollectionReplaced_ShouldInvokeCallback_WhenObservable" storage="d:\actions-runner\_work\xpco\xpco\mip\platformplugin\videoos.platform\unittest\bin\debug\net472\videoos.platform.tests.dll" id="139930e6-1293-1333-f3aa-a935221ee7d5">
      <Execution id="29b24673-fef0-4cbb-b86b-baf74586e5eb" />
      <TestMethod codeBase="D:\actions-runner\_work\XPCO\XPCO\MIP\PlatformPlugin\VideoOS.Platform\unittest\bin\Debug\net472\VideoOS.Platform.Tests.dll" adapterTypeName="executor://mstestadapter/v2" className="VideoOS.Platform.Tests.UI.Controls.CollectionHelperGenericTest" name="CollectionReplaced_ShouldInvokeCallback_WhenObservable" />
    </UnitTest>
    <UnitTest name="WriteXml_ShouldOmitElements_WhenDataIsNotPresent" storage="d:\actions-runner\_work\xpco\xpco\mip\platformplugin\videoos.platform\unittest\bin\debug\net472\videoos.platform.tests.dll" id="b88c7a93-5167-689b-3a6b-7ed6795729e1">
      <Execution id="2bc5a973-4aba-4e9d-aa8e-ace05df80971" />
      <TestMethod codeBase="D:\actions-runner\_work\XPCO\XPCO\MIP\PlatformPlugin\VideoOS.Platform\unittest\bin\Debug\net472\VideoOS.Platform.Tests.dll" adapterTypeName="executor://mstestadapter/v2" className="VideoOS.Platform.Tests.Metadata.MetadataStreamTests" name="WriteXml_ShouldOmitElements_WhenDataIsNotPresent" />
    </UnitTest>
    <UnitTest name="GenerateParameters_ShouldWriteFirmware_WhenFirmwareIsNotNull" storage="d:\actions-runner\_work\xpco\xpco\mip\platformplugin\videoos.platform\unittest\bin\debug\net472\videoos.platform.tests.dll" id="4e41d746-7d06-c195-c083-479d6448ab5b">
      <Execution id="9072060c-f0a9-4ed9-99b3-997412dfbb05" />
      <TestMethod codeBase="D:\actions-runner\_work\XPCO\XPCO\MIP\PlatformPlugin\VideoOS.Platform\unittest\bin\Debug\net472\VideoOS.Platform.Tests.dll" adapterTypeName="executor://mstestadapter/v2" className="VideoOS.Platform.Tests.Data.HardwareDefinitionTests" name="GenerateParameters_ShouldWriteFirmware_WhenFirmwareIsNotNull" />
    </UnitTest>
    <UnitTest name="WriteXml_ShouldWriteYAttribute_WhenAlays" storage="d:\actions-runner\_work\xpco\xpco\mip\platformplugin\videoos.platform\unittest\bin\debug\net472\videoos.platform.tests.dll" id="79d8cb70-402c-e7be-4d53-f2c05fb52d5e">
      <Execution id="a2fc5045-3ccf-4aab-aac3-95f59747c55f" />
      <TestMethod codeBase="D:\actions-runner\_work\XPCO\XPCO\MIP\PlatformPlugin\VideoOS.Platform\unittest\bin\Debug\net472\VideoOS.Platform.Tests.dll" adapterTypeName="executor://mstestadapter/v2" className="VideoOS.Platform.Tests.Metadata.VectorTests" name="WriteXml_ShouldWriteYAttribute_WhenAlays" />
    </UnitTest>
    <UnitTest name="CreateSearchFilterEditControl_SinglePluginMultipleSearchResultTypes_Success" storage="d:\actions-runner\_work\xpco\xpco\mip\platformplugin\videoos.platform\unittest\bin\debug\net472\videoos.platform.tests.dll" id="3e139534-4575-a050-7dfe-191f8507593f">
      <TestCategory>
        <TestCategoryItem TestCategory="Search" />
      </TestCategory>
      <Execution id="aec2d140-a8c6-47c0-88bd-652777905577" />
      <TestMethod codeBase="D:\actions-runner\_work\XPCO\XPCO\MIP\PlatformPlugin\VideoOS.Platform\unittest\bin\Debug\net472\VideoOS.Platform.Tests.dll" adapterTypeName="executor://mstestadapter/v2" className="VideoOS.Platform.Tests.Search.SearchUserControlResolverTest" name="CreateSearchFilterEditControl_SinglePluginMultipleSearchResultTypes_Success" />
    </UnitTest>
    <UnitTest name="Clear_ShouldEmptyCollectionAndResetTimeStamps_WhenCalled" storage="d:\actions-runner\_work\xpco\xpco\mip\platformplugin\videoos.platform\unittest\bin\debug\net472\videoos.platform.tests.dll" id="b1896dd7-6634-6c9f-92ab-cd4904bba1dc">
      <Execution id="b183dfe3-d085-4c2e-9a60-81b6e5ae1198" />
      <TestMethod codeBase="D:\actions-runner\_work\XPCO\XPCO\MIP\PlatformPlugin\VideoOS.Platform\unittest\bin\Debug\net472\VideoOS.Platform.Tests.dll" adapterTypeName="executor://mstestadapter/v2" className="VideoOS.Platform.Tests.Client.SequenceCacheTests" name="Clear_ShouldEmptyCollectionAndResetTimeStamps_WhenCalled" />
    </UnitTest>
    <UnitTest name="ReadXml_ShouldIgnoreType_WhenTypeIsPresenWithWrongNamespace" storage="d:\actions-runner\_work\xpco\xpco\mip\platformplugin\videoos.platform\unittest\bin\debug\net472\videoos.platform.tests.dll" id="6fccae5a-7804-fab5-2f9c-d8ea289560be">
      <Execution id="68c5b676-5a34-4ca9-9ae3-44c1658fd771" />
      <TestMethod codeBase="D:\actions-runner\_work\XPCO\XPCO\MIP\PlatformPlugin\VideoOS.Platform\unittest\bin\Debug\net472\VideoOS.Platform.Tests.dll" adapterTypeName="executor://mstestadapter/v2" className="VideoOS.Platform.Tests.Metadata.ClassCandidateTests" name="ReadXml_ShouldIgnoreType_WhenTypeIsPresenWithWrongNamespace" />
    </UnitTest>
    <UnitTest name="ReadXml_ShouldLogWarning_WhenLikelihoodIsNotPresent" storage="d:\actions-runner\_work\xpco\xpco\mip\platformplugin\videoos.platform\unittest\bin\debug\net472\videoos.platform.tests.dll" id="c3c83a0c-a46d-bf4c-a733-65c34582027c">
      <Execution id="8c5a435b-1346-47e7-bc3c-34eb1e10ab2a" />
      <TestMethod codeBase="D:\actions-runner\_work\XPCO\XPCO\MIP\PlatformPlugin\VideoOS.Platform\unittest\bin\Debug\net472\VideoOS.Platform.Tests.dll" adapterTypeName="executor://mstestadapter/v2" className="VideoOS.Platform.Tests.Metadata.ClassCandidateTests" name="ReadXml_ShouldLogWarning_WhenLikelihoodIsNotPresent" />
    </UnitTest>
    <UnitTest name="Stop_ProcessItemThrowsException_ProcessorSurvives" storage="d:\actions-runner\_work\xpco\xpco\mip\platformplugin\videoos.platform\unittest\bin\debug\net472\videoos.platform.tests.dll" id="1c54ef9e-0fd3-3065-2074-36e139afc976">
      <Execution id="81904954-720a-44b1-8d8a-255e872f0388" />
      <TestMethod codeBase="D:\actions-runner\_work\XPCO\XPCO\MIP\PlatformPlugin\VideoOS.Platform\unittest\bin\Debug\net472\VideoOS.Platform.Tests.dll" adapterTypeName="executor://mstestadapter/v2" className="VideoOS.Platform.Tests.Util.Queue.ResourceProcessorTests" name="Stop_ProcessItemThrowsException_ProcessorSurvives" />
    </UnitTest>
    <UnitTest name="MipItem_ImageSource_Has_Value" storage="d:\actions-runner\_work\xpco\xpco\mip\platformplugin\videoos.platform\unittest\bin\debug\net472\videoos.platform.tests.dll" id="7f766a97-6ab7-7b7f-222d-e4bba52b6030">
      <Execution id="c72c5059-ec52-4be6-951c-7899d92232b6" />
      <TestMethod codeBase="D:\actions-runner\_work\XPCO\XPCO\MIP\PlatformPlugin\VideoOS.Platform\unittest\bin\Debug\net472\VideoOS.Platform.Tests.dll" adapterTypeName="executor://mstestadapter/v2" className="VideoOS.Platform.Tests.UI.ItemPicker.ItemViewModelTest" name="MipItem_ImageSource_Has_Value" />
    </UnitTest>
    <UnitTest name="ReadXml_ShouldReadShape_WhenShapeIsPresent" storage="d:\actions-runner\_work\xpco\xpco\mip\platformplugin\videoos.platform\unittest\bin\debug\net472\videoos.platform.tests.dll" id="21519acc-d56e-4959-c4c3-f48c7006fe27">
      <Execution id="89b77d5d-2153-4b18-913c-a29c19d63d13" />
      <TestMethod codeBase="D:\actions-runner\_work\XPCO\XPCO\MIP\PlatformPlugin\VideoOS.Platform\unittest\bin\Debug\net472\VideoOS.Platform.Tests.dll" adapterTypeName="executor://mstestadapter/v2" className="VideoOS.Platform.Tests.Metadata.AppearanceTests" name="ReadXml_ShouldReadShape_WhenShapeIsPresent" />
    </UnitTest>
    <UnitTest name="SearchResultData_EndTimeWithPaddingUnset_ShouldReturnEndTime" storage="d:\actions-runner\_work\xpco\xpco\mip\platformplugin\videoos.platform\unittest\bin\debug\net472\videoos.platform.tests.dll" id="cd7f7ed7-88a6-0fa2-919b-8f85deed3b1c">
      <TestCategory>
        <TestCategoryItem TestCategory="Search" />
      </TestCategory>
      <Execution id="75518b3d-31fd-408c-b267-360162750d89" />
      <TestMethod codeBase="D:\actions-runner\_work\XPCO\XPCO\MIP\PlatformPlugin\VideoOS.Platform\unittest\bin\Debug\net472\VideoOS.Platform.Tests.dll" adapterTypeName="executor://mstestadapter/v2" className="VideoOS.Platform.Tests.Search.SearchResultDataTest" name="SearchResultData_EndTimeWithPaddingUnset_ShouldReturnEndTime" />
    </UnitTest>
    <UnitTest name="CountByCounter_Activated_Trial_OK" storage="d:\actions-runner\_work\xpco\xpco\mip\platformplugin\videoos.platform\unittest\bin\debug\net472\videoos.platform.tests.dll" id="af0f43ee-ce4a-d402-680c-1c0e37479db8">
      <Execution id="02ecec10-1310-4411-a6b8-3b25d29e1b95" />
      <TestMethod codeBase="D:\actions-runner\_work\XPCO\XPCO\MIP\PlatformPlugin\VideoOS.Platform\unittest\bin\Debug\net472\VideoOS.Platform.Tests.dll" adapterTypeName="executor://mstestadapter/v2" className="VideoOS.Platform.Tests.License.ResolvedLicenseCountTest" name="CountByCounter_Activated_Trial_OK" />
    </UnitTest>
    <UnitTest name="AllowGroupSelection_AutoCloseOnSelect_GroupSelected" storage="d:\actions-runner\_work\xpco\xpco\mip\platformplugin\videoos.platform\unittest\bin\debug\net472\videoos.platform.tests.dll" id="c1d45865-15fa-0d84-a5d0-67059817b5ff">
      <Execution id="2918b50e-3e9f-4b31-9d13-a169fa7ae2d0" />
      <TestMethod codeBase="D:\actions-runner\_work\XPCO\XPCO\MIP\PlatformPlugin\VideoOS.Platform\unittest\bin\Debug\net472\VideoOS.Platform.Tests.dll" adapterTypeName="executor://mstestadapter/v2" className="VideoOS.Platform.Tests.UI.ItemPicker.ItemPickerViewModelTest" name="AllowGroupSelection_AutoCloseOnSelect_GroupSelected" />
    </UnitTest>
    <UnitTest name="Serialize_TestCases (Verify root Object (not null) property)" storage="d:\actions-runner\_work\xpco\xpco\mip\platformplugin\videoos.platform\unittest\bin\debug\net472\videoos.platform.tests.dll" id="63610c24-9538-e81d-7363-0d5652fbe351">
      <Execution id="ee8333bf-85c3-43a0-a21e-07209912e379" />
      <TestMethod codeBase="D:\actions-runner\_work\XPCO\XPCO\MIP\PlatformPlugin\VideoOS.Platform\unittest\bin\Debug\net472\VideoOS.Platform.Tests.dll" adapterTypeName="executor://mstestadapter/v2" className="VideoOS.Platform.Tests.UI.Controls.Automation.Serialization.AutomationObjectSerializerTest" name="Serialize_TestCases" />
    </UnitTest>
    <UnitTest name="GenerateDeviceParameters_ShouldOmitGop_WhenGopIsZero" storage="d:\actions-runner\_work\xpco\xpco\mip\platformplugin\videoos.platform\unittest\bin\debug\net472\videoos.platform.tests.dll" id="e9dfb445-64b1-c8bd-bc01-6330550b105e">
      <Execution id="6f2bb905-7ffb-4e21-987e-a86972a6ede3" />
      <TestMethod codeBase="D:\actions-runner\_work\XPCO\XPCO\MIP\PlatformPlugin\VideoOS.Platform\unittest\bin\Debug\net472\VideoOS.Platform.Tests.dll" adapterTypeName="executor://mstestadapter/v2" className="VideoOS.Platform.Tests.Data.CameraDeviceDefinitionTests" name="GenerateDeviceParameters_ShouldOmitGop_WhenGopIsZero" />
    </UnitTest>
    <UnitTest name="CountByItems_NotActivated_Trial_Missing" storage="d:\actions-runner\_work\xpco\xpco\mip\platformplugin\videoos.platform\unittest\bin\debug\net472\videoos.platform.tests.dll" id="26e0371b-a9ac-efb2-5c04-9498517c8a6b">
      <Execution id="9e5cc55e-63ed-4221-943f-b1b9ecb537ed" />
      <TestMethod codeBase="D:\actions-runner\_work\XPCO\XPCO\MIP\PlatformPlugin\VideoOS.Platform\unittest\bin\Debug\net472\VideoOS.Platform.Tests.dll" adapterTypeName="executor://mstestadapter/v2" className="VideoOS.Platform.Tests.License.ResolvedLicenseCountTest" name="CountByItems_NotActivated_Trial_Missing" />
    </UnitTest>
    <UnitTest name="Serialize_ToXmlWriter" storage="d:\actions-runner\_work\xpco\xpco\mip\platformplugin\videoos.platform\unittest\bin\debug\net472\videoos.platform.tests.dll" id="c2275de9-9fb7-2d15-4e82-ae68930b46f3">
      <Execution id="84f6031e-e9b9-486b-8e9a-9f6e7082425c" />
      <TestMethod codeBase="D:\actions-runner\_work\XPCO\XPCO\MIP\PlatformPlugin\VideoOS.Platform\unittest\bin\Debug\net472\VideoOS.Platform.Tests.dll" adapterTypeName="executor://mstestadapter/v2" className="VideoOS.Platform.Tests.ItemTests" name="Serialize_ToXmlWriter" />
    </UnitTest>
    <UnitTest name="ReadXml_ShouldSetObjectIdToZero_WhenObjectIdAttributeIsPresentButNotAnInteger" storage="d:\actions-runner\_work\xpco\xpco\mip\platformplugin\videoos.platform\unittest\bin\debug\net472\videoos.platform.tests.dll" id="cd80718c-caec-d1ab-47af-f5822f5e7c58">
      <Execution id="bb986b9f-7e59-4537-aac7-97d3d2f5426d" />
      <TestMethod codeBase="D:\actions-runner\_work\XPCO\XPCO\MIP\PlatformPlugin\VideoOS.Platform\unittest\bin\Debug\net472\VideoOS.Platform.Tests.dll" adapterTypeName="executor://mstestadapter/v2" className="VideoOS.Platform.Tests.Metadata.OnvifObjectTests" name="ReadXml_ShouldSetObjectIdToZero_WhenObjectIdAttributeIsPresentButNotAnInteger" />
    </UnitTest>
    <UnitTest name="Ctor_TwoStandardFiltersAndTwoCustomFilters_Success" storage="d:\actions-runner\_work\xpco\xpco\mip\platformplugin\videoos.platform\unittest\bin\debug\net472\videoos.platform.tests.dll" id="7a0dc36a-c1cd-21c8-9ba3-75ff2dea0cf7">
      <TestCategory>
        <TestCategoryItem TestCategory="Search" />
      </TestCategory>
      <Execution id="39c0bd70-e667-4d67-a28a-0c7d6b74972f" />
      <TestMethod codeBase="D:\actions-runner\_work\XPCO\XPCO\MIP\PlatformPlugin\VideoOS.Platform\unittest\bin\Debug\net472\VideoOS.Platform.Tests.dll" adapterTypeName="executor://mstestadapter/v2" className="VideoOS.Platform.Tests.Search.FilterCategories.VehicleSearchFilterCategoryTest" name="Ctor_TwoStandardFiltersAndTwoCustomFilters_Success" />
    </UnitTest>
    <UnitTest name="JsonObjectTest" storage="d:\actions-runner\_work\xpco\xpco\mip\platformplugin\videoos.platform\unittest\bin\debug\net472\videoos.platform.tests.dll" id="24f4c2d7-2c1a-d96f-02e1-f48f7d97bc91">
      <Execution id="774515c7-fff6-4829-af06-5bf77e317980" />
      <TestMethod codeBase="D:\actions-runner\_work\XPCO\XPCO\MIP\PlatformPlugin\VideoOS.Platform\unittest\bin\Debug\net472\VideoOS.Platform.Tests.dll" adapterTypeName="executor://mstestadapter/v2" className="VideoOS.Platform.Tests.Proxy.RestApi.JsonObjectTests" name="JsonObjectTest" />
    </UnitTest>
    <UnitTest name="Serialize_TestCases (TestParentTypeMatchInterfaceThisTypeMatched)" storage="d:\actions-runner\_work\xpco\xpco\mip\platformplugin\videoos.platform\unittest\bin\debug\net472\videoos.platform.tests.dll" id="d42b4d4f-29a4-0113-b8d9-9d054172cf47">
      <Execution id="b32f3dac-9cdf-48b8-99b5-9229cf9ea17e" />
      <TestMethod codeBase="D:\actions-runner\_work\XPCO\XPCO\MIP\PlatformPlugin\VideoOS.Platform\unittest\bin\Debug\net472\VideoOS.Platform.Tests.dll" adapterTypeName="executor://mstestadapter/v2" className="VideoOS.Platform.Tests.UI.Controls.Automation.Serialization.AutomationObjectSerializerTest" name="Serialize_TestCases" />
    </UnitTest>
    <UnitTest name="SelectionFilterValue_Deserialize_Success" storage="d:\actions-runner\_work\xpco\xpco\mip\platformplugin\videoos.platform\unittest\bin\debug\net472\videoos.platform.tests.dll" id="22940ce1-f9a1-0a34-055d-4f72c4c54fbb">
      <TestCategory>
        <TestCategoryItem TestCategory="Search" />
      </TestCategory>
      <Execution id="f2a40223-e6c7-4899-b659-9a2770e61fcb" />
      <TestMethod codeBase="D:\actions-runner\_work\XPCO\XPCO\MIP\PlatformPlugin\VideoOS.Platform\unittest\bin\Debug\net472\VideoOS.Platform.Tests.dll" adapterTypeName="executor://mstestadapter/v2" className="VideoOS.Platform.Tests.Search.FilterValues.FilterValueTests" name="SelectionFilterValue_Deserialize_Success" />
    </UnitTest>
    <UnitTest name="GetNearest_ShouldReturnLastElementFromToolkitResponse_WhenTimestampIsAfterLastElementInResponse" storage="d:\actions-runner\_work\xpco\xpco\mip\platformplugin\videoos.platform\unittest\bin\debug\net472\videoos.platform.tests.dll" id="1f165af9-b6e7-bd17-1c06-1628746543b3">
      <Execution id="b4f68802-287c-45ca-bf32-d16454a4d469" />
      <TestMethod codeBase="D:\actions-runner\_work\XPCO\XPCO\MIP\PlatformPlugin\VideoOS.Platform\unittest\bin\Debug\net472\VideoOS.Platform.Tests.dll" adapterTypeName="executor://mstestadapter/v2" className="VideoOS.Platform.Tests.Data.MetadataPlaybackSourceTests" name="GetNearest_ShouldReturnLastElementFromToolkitResponse_WhenTimestampIsAfterLastElementInResponse" />
    </UnitTest>
    <UnitTest name="Serialize_TestCases (Verify root Int property)" storage="d:\actions-runner\_work\xpco\xpco\mip\platformplugin\videoos.platform\unittest\bin\debug\net472\videoos.platform.tests.dll" id="293285b5-f787-ce9d-2c40-45d537374ac6">
      <Execution id="39c3c723-7638-4c99-b3f3-cb1ce7633e57" />
      <TestMethod codeBase="D:\actions-runner\_work\XPCO\XPCO\MIP\PlatformPlugin\VideoOS.Platform\unittest\bin\Debug\net472\VideoOS.Platform.Tests.dll" adapterTypeName="executor://mstestadapter/v2" className="VideoOS.Platform.Tests.UI.Controls.Automation.Serialization.AutomationObjectSerializerTest" name="Serialize_TestCases" />
    </UnitTest>
    <UnitTest name="Serialize_TestCases (TestParentTypeMatchCollectionThisTypeMatchedProperty)" storage="d:\actions-runner\_work\xpco\xpco\mip\platformplugin\videoos.platform\unittest\bin\debug\net472\videoos.platform.tests.dll" id="3743038a-92be-ac51-6b43-04a32dffac65">
      <Execution id="cc80e3cc-b061-47aa-ba54-875721edecdc" />
      <TestMethod codeBase="D:\actions-runner\_work\XPCO\XPCO\MIP\PlatformPlugin\VideoOS.Platform\unittest\bin\Debug\net472\VideoOS.Platform.Tests.dll" adapterTypeName="executor://mstestadapter/v2" className="VideoOS.Platform.Tests.UI.Controls.Automation.Serialization.AutomationObjectSerializerTest" name="Serialize_TestCases" />
    </UnitTest>
    <UnitTest name="Dequeue_Success" storage="d:\actions-runner\_work\xpco\xpco\mip\platformplugin\videoos.platform\unittest\bin\debug\net472\videoos.platform.tests.dll" id="01387d97-f9fc-82cf-fc0c-bafa84835078">
      <Execution id="14aa65ca-73b8-442e-8c9c-366122974d8d" />
      <TestMethod codeBase="D:\actions-runner\_work\XPCO\XPCO\MIP\PlatformPlugin\VideoOS.Platform\unittest\bin\Debug\net472\VideoOS.Platform.Tests.dll" adapterTypeName="executor://mstestadapter/v2" className="VideoOS.Platform.Tests.Util.Queue.ConcurrentQueueSlimTests" name="Dequeue_Success" />
    </UnitTest>
    <UnitTest name="ReadXml_ShouldReadXAttribute_WhenPresent" storage="d:\actions-runner\_work\xpco\xpco\mip\platformplugin\videoos.platform\unittest\bin\debug\net472\videoos.platform.tests.dll" id="038e82e7-0736-b906-6069-bf165dcdf81d">
      <Execution id="934534bd-939e-4158-b203-fc07c61d64ac" />
      <TestMethod codeBase="D:\actions-runner\_work\XPCO\XPCO\MIP\PlatformPlugin\VideoOS.Platform\unittest\bin\Debug\net472\VideoOS.Platform.Tests.dll" adapterTypeName="executor://mstestadapter/v2" className="VideoOS.Platform.Tests.Metadata.VectorTests" name="ReadXml_ShouldReadXAttribute_WhenPresent" />
    </UnitTest>
    <UnitTest name="WriteXml_ShouldOmitElements_WhenTheyAreNull" storage="d:\actions-runner\_work\xpco\xpco\mip\platformplugin\videoos.platform\unittest\bin\debug\net472\videoos.platform.tests.dll" id="6b9e5408-4e04-a559-173d-978d8c871a1a">
      <Execution id="55f31b56-7627-4532-9930-6b766c96964e" />
      <TestMethod codeBase="D:\actions-runner\_work\XPCO\XPCO\MIP\PlatformPlugin\VideoOS.Platform\unittest\bin\Debug\net472\VideoOS.Platform.Tests.dll" adapterTypeName="executor://mstestadapter/v2" className="VideoOS.Platform.Tests.Metadata.ShapeTests" name="WriteXml_ShouldOmitElements_WhenTheyAreNull" />
    </UnitTest>
    <UnitTest name="ReadXml_ShouldSetAllPropertiesToFalse_WhenElementIsEmpty" storage="d:\actions-runner\_work\xpco\xpco\mip\platformplugin\videoos.platform\unittest\bin\debug\net472\videoos.platform.tests.dll" id="b10c5cfd-13d5-732d-40b9-1c8a8f0d6512">
      <Execution id="0a93a521-9785-4336-b118-3ef838fe2785" />
      <TestMethod codeBase="D:\actions-runner\_work\XPCO\XPCO\MIP\PlatformPlugin\VideoOS.Platform\unittest\bin\Debug\net472\VideoOS.Platform.Tests.dll" adapterTypeName="executor://mstestadapter/v2" className="VideoOS.Platform.Tests.Metadata.BehaviourTests" name="ReadXml_ShouldSetAllPropertiesToFalse_WhenElementIsEmpty" />
    </UnitTest>
    <UnitTest name="Serialize_TestCases (TestParentTypeMatchStructNotThisTypeMatched)" storage="d:\actions-runner\_work\xpco\xpco\mip\platformplugin\videoos.platform\unittest\bin\debug\net472\videoos.platform.tests.dll" id="03c86249-a9e6-e76b-4e52-cc9f81b3e12b">
      <Execution id="347360df-2455-4edf-8152-dd2b1b89b0c6" />
      <TestMethod codeBase="D:\actions-runner\_work\XPCO\XPCO\MIP\PlatformPlugin\VideoOS.Platform\unittest\bin\Debug\net472\VideoOS.Platform.Tests.dll" adapterTypeName="executor://mstestadapter/v2" className="VideoOS.Platform.Tests.UI.Controls.Automation.Serialization.AutomationObjectSerializerTest" name="Serialize_TestCases" />
    </UnitTest>
    <UnitTest name="GenerateDeviceParameters_ShouldCallGenerateTypeDefinintionParametersWithCorrectPrefix_WhenThereAreTypeDefinitions" storage="d:\actions-runner\_work\xpco\xpco\mip\platformplugin\videoos.platform\unittest\bin\debug\net472\videoos.platform.tests.dll" id="ebd03c2f-6c76-bcbc-d996-078d887dfa19">
      <Execution id="b9b7dae1-4ae5-4e02-a15d-e6b7b3bfaf4d" />
      <TestMethod codeBase="D:\actions-runner\_work\XPCO\XPCO\MIP\PlatformPlugin\VideoOS.Platform\unittest\bin\Debug\net472\VideoOS.Platform.Tests.dll" adapterTypeName="executor://mstestadapter/v2" className="VideoOS.Platform.Tests.Data.MetadataDeviceDefintionTests" name="GenerateDeviceParameters_ShouldCallGenerateTypeDefinintionParametersWithCorrectPrefix_WhenThereAreTypeDefinitions" />
    </UnitTest>
    <UnitTest name="ReadXml_ShouldReadSpeed_WhenSpeedIsPresent" storage="d:\actions-runner\_work\xpco\xpco\mip\platformplugin\videoos.platform\unittest\bin\debug\net472\videoos.platform.tests.dll" id="c82ad357-66af-6f7d-49fa-5184f10411f5">
      <Execution id="e31e65f6-21da-4ae9-9fc0-6acc9df7cfa3" />
      <TestMethod codeBase="D:\actions-runner\_work\XPCO\XPCO\MIP\PlatformPlugin\VideoOS.Platform\unittest\bin\Debug\net472\VideoOS.Platform.Tests.dll" adapterTypeName="executor://mstestadapter/v2" className="VideoOS.Platform.Tests.Metadata.NavigationalDataTests" name="ReadXml_ShouldReadSpeed_WhenSpeedIsPresent" />
    </UnitTest>
    <UnitTest name="ObjectId_ShouldReturnZero_WhenNotSetInConstructor" storage="d:\actions-runner\_work\xpco\xpco\mip\platformplugin\videoos.platform\unittest\bin\debug\net472\videoos.platform.tests.dll" id="954dcc09-ffa8-ee72-ce2c-24675b9f100a">
      <Execution id="fc73661e-d09e-40ac-9ede-f5b71fcbafc2" />
      <TestMethod codeBase="D:\actions-runner\_work\XPCO\XPCO\MIP\PlatformPlugin\VideoOS.Platform\unittest\bin\Debug\net472\VideoOS.Platform.Tests.dll" adapterTypeName="executor://mstestadapter/v2" className="VideoOS.Platform.Tests.Metadata.OnvifObjectTests" name="ObjectId_ShouldReturnZero_WhenNotSetInConstructor" />
    </UnitTest>
    <UnitTest name="Enqueue_QueueStopped_Fails" storage="d:\actions-runner\_work\xpco\xpco\mip\platformplugin\videoos.platform\unittest\bin\debug\net472\videoos.platform.tests.dll" id="bf5918ba-1ac5-ba5f-cde7-7b7063949a78">
      <Execution id="8d6ac113-a1f2-4430-aca5-2c6a49d5cc21" />
      <TestMethod codeBase="D:\actions-runner\_work\XPCO\XPCO\MIP\PlatformPlugin\VideoOS.Platform\unittest\bin\Debug\net472\VideoOS.Platform.Tests.dll" adapterTypeName="executor://mstestadapter/v2" className="VideoOS.Platform.Tests.Util.Queue.ConcurrentQueueSlimTests" name="Enqueue_QueueStopped_Fails" />
    </UnitTest>
    <UnitTest name="GetChildItems_ShouldReturnNull_WhenAllNotAllAdded" storage="d:\actions-runner\_work\xpco\xpco\mip\platformplugin\videoos.platform\unittest\bin\debug\net472\videoos.platform.tests.dll" id="ecc8a678-a940-3ae6-944a-34c722824547">
      <Execution id="f58a41f6-b60e-4d09-b99d-6e9926c3837f" />
      <TestMethod codeBase="D:\actions-runner\_work\XPCO\XPCO\MIP\PlatformPlugin\VideoOS.Platform\unittest\bin\Debug\net472\VideoOS.Platform.Tests.dll" adapterTypeName="executor://mstestadapter/v2" className="VideoOS.Platform.Tests.Util.ConfigurationCacheTests" name="GetChildItems_ShouldReturnNull_WhenAllNotAllAdded" />
    </UnitTest>
    <UnitTest name="IsEmptyValue_DoubleRangeFilterValue_HighValueBelowMaximum_ReturnsFalse" storage="d:\actions-runner\_work\xpco\xpco\mip\platformplugin\videoos.platform\unittest\bin\debug\net472\videoos.platform.tests.dll" id="47ea98ad-fc0c-d34c-cfce-7d3c08a15e8d">
      <TestCategory>
        <TestCategoryItem TestCategory="Search" />
      </TestCategory>
      <Execution id="42212914-d51c-42e6-bf09-311cc691218b" />
      <TestMethod codeBase="D:\actions-runner\_work\XPCO\XPCO\MIP\PlatformPlugin\VideoOS.Platform\unittest\bin\Debug\net472\VideoOS.Platform.Tests.dll" adapterTypeName="executor://mstestadapter/v2" className="VideoOS.Platform.Tests.Search.SearchFilterTest" name="IsEmptyValue_DoubleRangeFilterValue_HighValueBelowMaximum_ReturnsFalse" />
    </UnitTest>
    <UnitTest name="GetChildrenSorted_And_Check" storage="d:\actions-runner\_work\xpco\xpco\mip\platformplugin\videoos.platform\unittest\bin\debug\net472\videoos.platform.tests.dll" id="b82f6040-62f7-3594-e125-274383902f8c">
      <Execution id="87841de4-09bf-451e-b63d-3d07b91c053c" />
      <TestMethod codeBase="D:\actions-runner\_work\XPCO\XPCO\MIP\PlatformPlugin\VideoOS.Platform\unittest\bin\Debug\net472\VideoOS.Platform.Tests.dll" adapterTypeName="executor://mstestadapter/v2" className="VideoOS.Platform.Tests.ItemTests" name="GetChildrenSorted_And_Check" />
    </UnitTest>
    <UnitTest name="Encrypt_ShouldReturnValueDifferentThanInput" storage="d:\actions-runner\_work\xpco\xpco\mip\platformplugin\videoos.platform\unittest\bin\debug\net472\videoos.platform.tests.dll" id="737a55e3-02b4-11ec-a502-8f24217ffca3">
      <Execution id="bb7f0195-5b58-4efe-bb3d-911902765125" />
      <TestMethod codeBase="D:\actions-runner\_work\XPCO\XPCO\MIP\PlatformPlugin\VideoOS.Platform\unittest\bin\Debug\net472\VideoOS.Platform.Tests.dll" adapterTypeName="executor://mstestadapter/v2" className="VideoOS.Platform.Tests.License.NonFipsLicenseCompatibilityHandlerTests" name="Encrypt_ShouldReturnValueDifferentThanInput" />
    </UnitTest>
    <UnitTest name="IsEmptyValue_StringFilterValue_EmptyString_ReturnsTrue" storage="d:\actions-runner\_work\xpco\xpco\mip\platformplugin\videoos.platform\unittest\bin\debug\net472\videoos.platform.tests.dll" id="b357ddf5-0643-7e7d-12aa-101fa59704c1">
      <TestCategory>
        <TestCategoryItem TestCategory="Search" />
      </TestCategory>
      <Execution id="71e8a897-730b-47db-b6e3-b73392297f2b" />
      <TestMethod codeBase="D:\actions-runner\_work\XPCO\XPCO\MIP\PlatformPlugin\VideoOS.Platform\unittest\bin\Debug\net472\VideoOS.Platform.Tests.dll" adapterTypeName="executor://mstestadapter/v2" className="VideoOS.Platform.Tests.Search.SearchFilterTest" name="IsEmptyValue_StringFilterValue_EmptyString_ReturnsTrue" />
    </UnitTest>
    <UnitTest name="GetItems_ShouldReturnNull_WhenNotAllAdded" storage="d:\actions-runner\_work\xpco\xpco\mip\platformplugin\videoos.platform\unittest\bin\debug\net472\videoos.platform.tests.dll" id="e56c4b03-9d5d-a70b-1573-44a88bf4c200">
      <Execution id="56ded312-ef53-413f-a5ad-f242e2645803" />
      <TestMethod codeBase="D:\actions-runner\_work\XPCO\XPCO\MIP\PlatformPlugin\VideoOS.Platform\unittest\bin\Debug\net472\VideoOS.Platform.Tests.dll" adapterTypeName="executor://mstestadapter/v2" className="VideoOS.Platform.Tests.Util.ConfigurationCacheTests" name="GetItems_ShouldReturnNull_WhenNotAllAdded" />
    </UnitTest>
    <UnitTest name="ReadXml_ShouldLogWarningOnlyOnceWithinOneMinute_WhenElementErrorsAreDetected" storage="d:\actions-runner\_work\xpco\xpco\mip\platformplugin\videoos.platform\unittest\bin\debug\net472\videoos.platform.tests.dll" id="e2323074-11c2-8296-7476-af3cef44bb34">
      <Execution id="51fd680f-7510-4e3f-b80c-f812e6989432" />
      <TestMethod codeBase="D:\actions-runner\_work\XPCO\XPCO\MIP\PlatformPlugin\VideoOS.Platform\unittest\bin\Debug\net472\VideoOS.Platform.Tests.dll" adapterTypeName="executor://mstestadapter/v2" className="VideoOS.Platform.Tests.Metadata.ClassCandidateTests" name="ReadXml_ShouldLogWarningOnlyOnceWithinOneMinute_WhenElementErrorsAreDetected" />
    </UnitTest>
    <UnitTest name="Populate_SearchTextSet_ItemsFound_True" storage="d:\actions-runner\_work\xpco\xpco\mip\platformplugin\videoos.platform\unittest\bin\debug\net472\videoos.platform.tests.dll" id="9c4c3d7f-1c8d-9061-b840-609563af8ef3">
      <Execution id="1c400e30-00ea-4e6c-9901-f8618ed13f74" />
      <TestMethod codeBase="D:\actions-runner\_work\XPCO\XPCO\MIP\PlatformPlugin\VideoOS.Platform\unittest\bin\Debug\net472\VideoOS.Platform.Tests.dll" adapterTypeName="executor://mstestadapter/v2" className="VideoOS.Platform.Tests.UI.ItemPicker.PopulateThreadTest" name="Populate_SearchTextSet_ItemsFound_True" />
    </UnitTest>
    <UnitTest name="GetBegin_ShouldReturnNull_WhenToolkitReturnsNull" storage="d:\actions-runner\_work\xpco\xpco\mip\platformplugin\videoos.platform\unittest\bin\debug\net472\videoos.platform.tests.dll" id="55b79441-e564-906e-4208-d72830fa4d2c">
      <Execution id="8fa67d9e-66f3-477e-949a-41de03a2dcc4" />
      <TestMethod codeBase="D:\actions-runner\_work\XPCO\XPCO\MIP\PlatformPlugin\VideoOS.Platform\unittest\bin\Debug\net472\VideoOS.Platform.Tests.dll" adapterTypeName="executor://mstestadapter/v2" className="VideoOS.Platform.Tests.Data.MetadataPlaybackSourceTests" name="GetBegin_ShouldReturnNull_WhenToolkitReturnsNull" />
    </UnitTest>
    <UnitTest name="AllAttributesWerePresent_ShouldReturnTrue_WhenBothXAndYAreFloats" storage="d:\actions-runner\_work\xpco\xpco\mip\platformplugin\videoos.platform\unittest\bin\debug\net472\videoos.platform.tests.dll" id="9b0d69da-f0df-c6b0-7696-299b1ca48f22">
      <Execution id="8e513220-396e-497c-b007-c0fbb40da56c" />
      <TestMethod codeBase="D:\actions-runner\_work\XPCO\XPCO\MIP\PlatformPlugin\VideoOS.Platform\unittest\bin\Debug\net472\VideoOS.Platform.Tests.dll" adapterTypeName="executor://mstestadapter/v2" className="VideoOS.Platform.Tests.Metadata.VectorTests" name="AllAttributesWerePresent_ShouldReturnTrue_WhenBothXAndYAreFloats" />
    </UnitTest>
    <UnitTest name="ProvideValue_ShouldUpdateTargetProperty_WhenDataContextDPValueChanges" storage="d:\actions-runner\_work\xpco\xpco\mip\platformplugin\videoos.platform\unittest\bin\debug\net472\videoos.platform.tests.dll" id="668a7b7c-485c-e1be-eac6-0f37f9c5a345">
      <TestCategory>
        <TestCategoryItem TestCategory="TabControls" />
      </TestCategory>
      <Execution id="c57de3fa-35f5-4f1c-91c4-b076714ad95b" />
      <TestMethod codeBase="D:\actions-runner\_work\XPCO\XPCO\MIP\PlatformPlugin\VideoOS.Platform\unittest\bin\Debug\net472\VideoOS.Platform.Tests.dll" adapterTypeName="executor://mstestadapter/v2" className="VideoOS.Platform.Tests.UI.Controls.TabControls.Internal.Primary.ItemHeaderExtensionTest" name="ProvideValue_ShouldUpdateTargetProperty_WhenDataContextDPValueChanges" />
    </UnitTest>
    <UnitTest name="TestSearchFilterCategories_WithANullAgent_Success" storage="d:\actions-runner\_work\xpco\xpco\mip\platformplugin\videoos.platform\unittest\bin\debug\net472\videoos.platform.tests.dll" id="305837e1-d44c-5663-004e-044ac561be36">
      <TestCategory>
        <TestCategoryItem TestCategory="Search" />
      </TestCategory>
      <Execution id="999fa227-f56c-464f-8777-80c6e2861377" />
      <TestMethod codeBase="D:\actions-runner\_work\XPCO\XPCO\MIP\PlatformPlugin\VideoOS.Platform\unittest\bin\Debug\net472\VideoOS.Platform.Tests.dll" adapterTypeName="executor://mstestadapter/v2" className="VideoOS.Platform.Tests.Search.SearchManagerTest" name="TestSearchFilterCategories_WithANullAgent_Success" />
    </UnitTest>
    <UnitTest name="MipItems_Property_Collection_NotEmpty" storage="d:\actions-runner\_work\xpco\xpco\mip\platformplugin\videoos.platform\unittest\bin\debug\net472\videoos.platform.tests.dll" id="984bc27d-a5c7-32fa-f1e8-153a12469bdb">
      <Execution id="1b104861-bbd8-466c-b5a7-4e506f3362a0" />
      <TestMethod codeBase="D:\actions-runner\_work\XPCO\XPCO\MIP\PlatformPlugin\VideoOS.Platform\unittest\bin\Debug\net472\VideoOS.Platform.Tests.dll" adapterTypeName="executor://mstestadapter/v2" className="VideoOS.Platform.Tests.UI.ItemPicker.ItemViewModelTest" name="MipItems_Property_Collection_NotEmpty" />
    </UnitTest>
    <UnitTest name="ServerIdWithHttps_CheckSerialization_Success" storage="d:\actions-runner\_work\xpco\xpco\mip\platformplugin\videoos.platform\unittest\bin\debug\net472\videoos.platform.tests.dll" id="a75415d5-8f48-5b6a-949c-d1ac83acad3d">
      <Execution id="049a7298-f48b-43f4-8b24-d7d7e1ec8dd7" />
      <TestMethod codeBase="D:\actions-runner\_work\XPCO\XPCO\MIP\PlatformPlugin\VideoOS.Platform\unittest\bin\Debug\net472\VideoOS.Platform.Tests.dll" adapterTypeName="executor://mstestadapter/v2" className="VideoOS.Platform.Tests.FQIDtests" name="ServerIdWithHttps_CheckSerialization_Success" />
    </UnitTest>
    <UnitTest name="GetBoundingShapesAsync_FirstInvocationCancelled_DelegatedToInternalMethodOnce" storage="d:\actions-runner\_work\xpco\xpco\mip\platformplugin\videoos.platform\unittest\bin\debug\net472\videoos.platform.tests.dll" id="570963dc-5e77-73b9-225e-688120d0deeb">
      <TestCategory>
        <TestCategoryItem TestCategory="Search" />
      </TestCategory>
      <Execution id="7c1f0ba0-ac3b-4728-9bc4-d77b32c27ce7" />
      <TestMethod codeBase="D:\actions-runner\_work\XPCO\XPCO\MIP\PlatformPlugin\VideoOS.Platform\unittest\bin\Debug\net472\VideoOS.Platform.Tests.dll" adapterTypeName="executor://mstestadapter/v2" className="VideoOS.Platform.Tests.Search.SearchResultDataTest" name="GetBoundingShapesAsync_FirstInvocationCancelled_DelegatedToInternalMethodOnce" />
    </UnitTest>
    <UnitTest name="Dequeue_QueueStopped_Success" storage="d:\actions-runner\_work\xpco\xpco\mip\platformplugin\videoos.platform\unittest\bin\debug\net472\videoos.platform.tests.dll" id="55879e88-00c8-60e5-e0db-26c24e4c9b0f">
      <Execution id="9f873c4e-1602-4dac-80fb-16ac72f19295" />
      <TestMethod codeBase="D:\actions-runner\_work\XPCO\XPCO\MIP\PlatformPlugin\VideoOS.Platform\unittest\bin\Debug\net472\VideoOS.Platform.Tests.dll" adapterTypeName="executor://mstestadapter/v2" className="VideoOS.Platform.Tests.Util.Queue.ConcurrentQueueSlimTests" name="Dequeue_QueueStopped_Success" />
    </UnitTest>
    <UnitTest name="ReadXml_ShouldLogWarningTwiceWhenMoreThanOneMinuteBetweenWarnings_WhenRequiredAttributeIsMissing" storage="d:\actions-runner\_work\xpco\xpco\mip\platformplugin\videoos.platform\unittest\bin\debug\net472\videoos.platform.tests.dll" id="301bb053-2669-b626-aada-e5ec26552701">
      <Execution id="5255d40e-5e0c-4e4d-a165-0acd85eb75e9" />
      <TestMethod codeBase="D:\actions-runner\_work\XPCO\XPCO\MIP\PlatformPlugin\VideoOS.Platform\unittest\bin\Debug\net472\VideoOS.Platform.Tests.dll" adapterTypeName="executor://mstestadapter/v2" className="VideoOS.Platform.Tests.Metadata.RectangleTests" name="ReadXml_ShouldLogWarningTwiceWhenMoreThanOneMinuteBetweenWarnings_WhenRequiredAttributeIsMissing" />
    </UnitTest>
    <UnitTest name="GetAtOrBefore_ShouldReturnLastElementFromToolkitResponse_WhenDataIsNotInCache" storage="d:\actions-runner\_work\xpco\xpco\mip\platformplugin\videoos.platform\unittest\bin\debug\net472\videoos.platform.tests.dll" id="c080456c-72d0-3eb2-77e1-542abd80b216">
      <Execution id="4034bbb7-ba99-4bd5-bda4-92dafde6198b" />
      <TestMethod codeBase="D:\actions-runner\_work\XPCO\XPCO\MIP\PlatformPlugin\VideoOS.Platform\unittest\bin\Debug\net472\VideoOS.Platform.Tests.dll" adapterTypeName="executor://mstestadapter/v2" className="VideoOS.Platform.Tests.Data.MetadataPlaybackSourceTests" name="GetAtOrBefore_ShouldReturnLastElementFromToolkitResponse_WhenDataIsNotInCache" />
    </UnitTest>
    <UnitTest name="ConstructorShouldThrowArgumentNullExceptionWhenContentIsNull" storage="d:\actions-runner\_work\xpco\xpco\mip\platformplugin\videoos.platform\unittest\bin\debug\net472\videoos.platform.tests.dll" id="78b38ad0-3cef-09ee-1bf9-763896c87118">
      <Execution id="5b65f5ea-99ef-4265-aea8-0e7278ca5ead" />
      <TestMethod codeBase="D:\actions-runner\_work\XPCO\XPCO\MIP\PlatformPlugin\VideoOS.Platform\unittest\bin\Debug\net472\VideoOS.Platform.Tests.dll" adapterTypeName="executor://mstestadapter/v2" className="VideoOS.Platform.Tests.Live.MetadataLiveContentTests" name="ConstructorShouldThrowArgumentNullExceptionWhenContentIsNull" />
    </UnitTest>
    <UnitTest name="InstanceGet_Success" storage="d:\actions-runner\_work\xpco\xpco\mip\platformplugin\videoos.platform\unittest\bin\debug\net472\videoos.platform.tests.dll" id="cf73c26e-47e0-f1da-1e09-63167f3a5e47">
      <TestCategory>
        <TestCategoryItem TestCategory="Search" />
      </TestCategory>
      <Execution id="37e90e6a-0562-4dbc-9c43-e73c9b267aa1" />
      <TestMethod codeBase="D:\actions-runner\_work\XPCO\XPCO\MIP\PlatformPlugin\VideoOS.Platform\unittest\bin\Debug\net472\VideoOS.Platform.Tests.dll" adapterTypeName="executor://mstestadapter/v2" className="VideoOS.Platform.Tests.Search.SearchUserControlResolverTest" name="InstanceGet_Success" />
    </UnitTest>
    <UnitTest name="IsCriteriaAccepted_WithKindsFilter_WhenItemKindIsNotValid_False" storage="d:\actions-runner\_work\xpco\xpco\mip\platformplugin\videoos.platform\unittest\bin\debug\net472\videoos.platform.tests.dll" id="f03417c3-eb2e-18cd-8003-c8d213c40e6f">
      <Execution id="5609a4f3-2b0a-42f9-afe9-942474720b65" />
      <TestMethod codeBase="D:\actions-runner\_work\XPCO\XPCO\MIP\PlatformPlugin\VideoOS.Platform\unittest\bin\Debug\net472\VideoOS.Platform.Tests.dll" adapterTypeName="executor://mstestadapter/v2" className="VideoOS.Platform.Tests.UI.ItemPicker.ItemPickerViewModelTest" name="IsCriteriaAccepted_WithKindsFilter_WhenItemKindIsNotValid_False" />
    </UnitTest>
    <UnitTest name="Serialize_TestCases (TestParentTypeMatchGenericNotThisTypeMatchedProperty)" storage="d:\actions-runner\_work\xpco\xpco\mip\platformplugin\videoos.platform\unittest\bin\debug\net472\videoos.platform.tests.dll" id="442159a8-1bcd-ab6e-06d2-d9a45f4251b5">
      <Execution id="0138eb32-fcf5-4c8c-976f-7a9eeae3a413" />
      <TestMethod codeBase="D:\actions-runner\_work\XPCO\XPCO\MIP\PlatformPlugin\VideoOS.Platform\unittest\bin\Debug\net472\VideoOS.Platform.Tests.dll" adapterTypeName="executor://mstestadapter/v2" className="VideoOS.Platform.Tests.UI.Controls.Automation.Serialization.AutomationObjectSerializerTest" name="Serialize_TestCases" />
    </UnitTest>
    <UnitTest name="LicensesObjectId_ShouldNotChange" storage="d:\actions-runner\_work\xpco\xpco\mip\platformplugin\videoos.platform\unittest\bin\debug\net472\videoos.platform.tests.dll" id="67b41555-668e-a38b-443d-e1d215565a3e">
      <Execution id="f141859b-8591-473a-ad47-6153d27baef3" />
      <TestMethod codeBase="D:\actions-runner\_work\XPCO\XPCO\MIP\PlatformPlugin\VideoOS.Platform\unittest\bin\Debug\net472\VideoOS.Platform.Tests.dll" adapterTypeName="executor://mstestadapter/v2" className="VideoOS.Platform.Tests.License.LicenseCompatibilityHandlerTests" name="LicensesObjectId_ShouldNotChange" />
    </UnitTest>
    <UnitTest name="WriteXml_ShouldWriteTypeAndLikelihoodElements_WhenAlways" storage="d:\actions-runner\_work\xpco\xpco\mip\platformplugin\videoos.platform\unittest\bin\debug\net472\videoos.platform.tests.dll" id="a68618ea-e0dc-05b4-e76f-a11a2f3f297e">
      <Execution id="0ab98fe0-4c2d-463a-a727-cd989638ca64" />
      <TestMethod codeBase="D:\actions-runner\_work\XPCO\XPCO\MIP\PlatformPlugin\VideoOS.Platform\unittest\bin\Debug\net472\VideoOS.Platform.Tests.dll" adapterTypeName="executor://mstestadapter/v2" className="VideoOS.Platform.Tests.Metadata.ClassCandidateTests" name="WriteXml_ShouldWriteTypeAndLikelihoodElements_WhenAlways" />
    </UnitTest>
    <UnitTest name="SearchResultData_Title_Success" storage="d:\actions-runner\_work\xpco\xpco\mip\platformplugin\videoos.platform\unittest\bin\debug\net472\videoos.platform.tests.dll" id="60143918-8d3e-3cea-ec1f-f42a487ede4c">
      <TestCategory>
        <TestCategoryItem TestCategory="Search" />
      </TestCategory>
      <Execution id="397d1e5c-cad7-4052-907e-15bcb224e249" />
      <TestMethod codeBase="D:\actions-runner\_work\XPCO\XPCO\MIP\PlatformPlugin\VideoOS.Platform\unittest\bin\Debug\net472\VideoOS.Platform.Tests.dll" adapterTypeName="executor://mstestadapter/v2" className="VideoOS.Platform.Tests.Search.SearchResultDataTest" name="SearchResultData_Title_Success" />
    </UnitTest>
    <UnitTest name="GetMetadataObjectIdsAsync_FirstInvocationCancelled_DelegatedToInternalMethodOnce" storage="d:\actions-runner\_work\xpco\xpco\mip\platformplugin\videoos.platform\unittest\bin\debug\net472\videoos.platform.tests.dll" id="fd660d88-e617-79d3-f7ee-c5b3a97b4585">
      <TestCategory>
        <TestCategoryItem TestCategory="Search" />
      </TestCategory>
      <Execution id="07375671-8c75-4e8e-a874-a2b2624716a8" />
      <TestMethod codeBase="D:\actions-runner\_work\XPCO\XPCO\MIP\PlatformPlugin\VideoOS.Platform\unittest\bin\Debug\net472\VideoOS.Platform.Tests.dll" adapterTypeName="executor://mstestadapter/v2" className="VideoOS.Platform.Tests.Search.SearchResultDataTest" name="GetMetadataObjectIdsAsync_FirstInvocationCancelled_DelegatedToInternalMethodOnce" />
    </UnitTest>
    <UnitTest name="Set_Int_On_String" storage="d:\actions-runner\_work\xpco\xpco\mip\platformplugin\videoos.platform\unittest\bin\debug\net472\videoos.platform.tests.dll" id="44388fe8-f4d9-9727-56d6-63d8a6beeb9b">
      <Execution id="c8e966ad-cc04-4285-a412-f9fc5f9d729c" />
      <TestMethod codeBase="D:\actions-runner\_work\XPCO\XPCO\MIP\PlatformPlugin\VideoOS.Platform\unittest\bin\Debug\net472\VideoOS.Platform.Tests.dll" adapterTypeName="executor://mstestadapter/v2" className="VideoOS.Platform.Tests.Proxy.RestApi.JsonReaderTests" name="Set_Int_On_String" />
    </UnitTest>
    <UnitTest name="GetHashType_ShouldReturnSHA256_WhenInputIsSHA256" storage="d:\actions-runner\_work\xpco\xpco\mip\platformplugin\videoos.platform\unittest\bin\debug\net472\videoos.platform.tests.dll" id="2983b511-4ca5-aad7-7122-726ddf02d399">
      <Execution id="e6067e98-85b3-423c-8cbc-33914e2d6fa6" />
      <TestMethod codeBase="D:\actions-runner\_work\XPCO\XPCO\MIP\PlatformPlugin\VideoOS.Platform\unittest\bin\Debug\net472\VideoOS.Platform.Tests.dll" adapterTypeName="executor://mstestadapter/v2" className="VideoOS.Platform.Tests.Data.MediaProviderInternal.UtilityTests" name="GetHashType_ShouldReturnSHA256_WhenInputIsSHA256" />
    </UnitTest>
    <UnitTest name="Minimize_ShouldReturnThreeIntervals_WhenListContainsFiveOverLappingAndNonOverlappingIntervalsReversed" storage="d:\actions-runner\_work\xpco\xpco\mip\platformplugin\videoos.platform\unittest\bin\debug\net472\videoos.platform.tests.dll" id="146d8b26-0f20-3176-153a-32e5f137191a">
      <Execution id="684fdb85-3c49-4e97-bc00-31addcc35d0b" />
      <TestMethod codeBase="D:\actions-runner\_work\XPCO\XPCO\MIP\PlatformPlugin\VideoOS.Platform\unittest\bin\Debug\net472\VideoOS.Platform.Tests.dll" adapterTypeName="executor://mstestadapter/v2" className="VideoOS.Platform.Tests.Util.TimeIntervalTests" name="Minimize_ShouldReturnThreeIntervals_WhenListContainsFiveOverLappingAndNonOverlappingIntervalsReversed" />
    </UnitTest>
    <UnitTest name="Serialize_TestCases (TestParentCollectionNotEmptyListMatchedProperty)" storage="d:\actions-runner\_work\xpco\xpco\mip\platformplugin\videoos.platform\unittest\bin\debug\net472\videoos.platform.tests.dll" id="354ba800-9c3f-2483-ba05-53bf465653b1">
      <Execution id="5ed6b65a-220e-4281-bedf-8fafa35a7859" />
      <TestMethod codeBase="D:\actions-runner\_work\XPCO\XPCO\MIP\PlatformPlugin\VideoOS.Platform\unittest\bin\Debug\net472\VideoOS.Platform.Tests.dll" adapterTypeName="executor://mstestadapter/v2" className="VideoOS.Platform.Tests.UI.Controls.Automation.Serialization.AutomationObjectSerializerTest" name="Serialize_TestCases" />
    </UnitTest>
    <UnitTest name="Append_Property_Path" storage="d:\actions-runner\_work\xpco\xpco\mip\platformplugin\videoos.platform\unittest\bin\debug\net472\videoos.platform.tests.dll" id="ebbe7258-4b65-15e9-219f-9eb6e860514c">
      <Execution id="70800089-b0b4-4368-ac30-8b4116d4e0b8" />
      <TestMethod codeBase="D:\actions-runner\_work\XPCO\XPCO\MIP\PlatformPlugin\VideoOS.Platform\unittest\bin\Debug\net472\VideoOS.Platform.Tests.dll" adapterTypeName="executor://mstestadapter/v2" className="VideoOS.Platform.Tests.Proxy.RestApi.JsonBuilderTests" name="Append_Property_Path" />
    </UnitTest>
    <UnitTest name="FallbackDisplayValue_MultipleValuesSet_ReturnsValueList" storage="d:\actions-runner\_work\xpco\xpco\mip\platformplugin\videoos.platform\unittest\bin\debug\net472\videoos.platform.tests.dll" id="b8c61cc7-6c99-86e0-a646-53691f4fc54c">
      <TestCategory>
        <TestCategoryItem TestCategory="Search" />
      </TestCategory>
      <Execution id="f5d99477-2b84-4b90-be80-9622eb232111" />
      <TestMethod codeBase="D:\actions-runner\_work\XPCO\XPCO\MIP\PlatformPlugin\VideoOS.Platform\unittest\bin\Debug\net472\VideoOS.Platform.Tests.dll" adapterTypeName="executor://mstestadapter/v2" className="VideoOS.Platform.Tests.Search.MultipleSelectionFilterValueTest" name="FallbackDisplayValue_MultipleValuesSet_ReturnsValueList" />
    </UnitTest>
    <UnitTest name="GenerateDeviceCapabilityParameters_ShouldWriteValueCount_WhenAlways" storage="d:\actions-runner\_work\xpco\xpco\mip\platformplugin\videoos.platform\unittest\bin\debug\net472\videoos.platform.tests.dll" id="6633116a-6784-0109-c694-61b2317583e7">
      <Execution id="d6794cd5-0dd2-46e6-90d8-f50294ece515" />
      <TestMethod codeBase="D:\actions-runner\_work\XPCO\XPCO\MIP\PlatformPlugin\VideoOS.Platform\unittest\bin\Debug\net472\VideoOS.Platform.Tests.dll" adapterTypeName="executor://mstestadapter/v2" className="VideoOS.Platform.Tests.Data.EnumCapabilityTests" name="GenerateDeviceCapabilityParameters_ShouldWriteValueCount_WhenAlways" />
    </UnitTest>
    <UnitTest name="ProvideValue_ShouldUseItemDataValue_WhenItemDataPropertyNameIsSet" storage="d:\actions-runner\_work\xpco\xpco\mip\platformplugin\videoos.platform\unittest\bin\debug\net472\videoos.platform.tests.dll" id="fb0f855b-006e-c67f-b9b6-ef310c289ea8">
      <TestCategory>
        <TestCategoryItem TestCategory="DropDowns" />
      </TestCategory>
      <Execution id="87ecb2d9-a0f4-427f-929f-e8e4f4334837" />
      <TestMethod codeBase="D:\actions-runner\_work\XPCO\XPCO\MIP\PlatformPlugin\VideoOS.Platform\unittest\bin\Debug\net472\VideoOS.Platform.Tests.dll" adapterTypeName="executor://mstestadapter/v2" className="VideoOS.Platform.Tests.UI.Controls.DropDowns.Internal.SelectedItemCustomContentDataExtensionTest" name="ProvideValue_ShouldUseItemDataValue_WhenItemDataPropertyNameIsSet" />
    </UnitTest>
    <UnitTest name="ReadXml_ShouldLogWarning_WhenRequiredAttributeIsMissing" storage="d:\actions-runner\_work\xpco\xpco\mip\platformplugin\videoos.platform\unittest\bin\debug\net472\videoos.platform.tests.dll" id="de470450-f311-009d-203e-62ec8452adf9">
      <Execution id="84d6e4b0-4970-4839-9247-79768033d81a" />
      <TestMethod codeBase="D:\actions-runner\_work\XPCO\XPCO\MIP\PlatformPlugin\VideoOS.Platform\unittest\bin\Debug\net472\VideoOS.Platform.Tests.dll" adapterTypeName="executor://mstestadapter/v2" className="VideoOS.Platform.Tests.Metadata.RectangleTests" name="ReadXml_ShouldLogWarning_WhenRequiredAttributeIsMissing" />
    </UnitTest>
    <UnitTest name="AllAttributesWerePresent_ShouldReturnFalse_WhenBottomAttributeIsNotAFloat" storage="d:\actions-runner\_work\xpco\xpco\mip\platformplugin\videoos.platform\unittest\bin\debug\net472\videoos.platform.tests.dll" id="e8ad2706-3327-0bd0-6928-db3b3e6344dc">
      <Execution id="844a6b68-4713-444a-b87f-d68b92af3ff5" />
      <TestMethod codeBase="D:\actions-runner\_work\XPCO\XPCO\MIP\PlatformPlugin\VideoOS.Platform\unittest\bin\Debug\net472\VideoOS.Platform.Tests.dll" adapterTypeName="executor://mstestadapter/v2" className="VideoOS.Platform.Tests.Metadata.RectangleTests" name="AllAttributesWerePresent_ShouldReturnFalse_WhenBottomAttributeIsNotAFloat" />
    </UnitTest>
    <UnitTest name="HasExtensionDataPresent_ShouldReturnTrue_WhenLineColorIsSet" storage="d:\actions-runner\_work\xpco\xpco\mip\platformplugin\videoos.platform\unittest\bin\debug\net472\videoos.platform.tests.dll" id="b6380494-d08e-3475-91a8-7a07dd918969">
      <Execution id="e13c91df-3733-4a50-9a67-54a3586c6faf" />
      <TestMethod codeBase="D:\actions-runner\_work\XPCO\XPCO\MIP\PlatformPlugin\VideoOS.Platform\unittest\bin\Debug\net472\VideoOS.Platform.Tests.dll" adapterTypeName="executor://mstestadapter/v2" className="VideoOS.Platform.Tests.Metadata.RectangleTests" name="HasExtensionDataPresent_ShouldReturnTrue_WhenLineColorIsSet" />
    </UnitTest>
    <UnitTest name="IsCriteriaAccepted_FolderSelected_False" storage="d:\actions-runner\_work\xpco\xpco\mip\platformplugin\videoos.platform\unittest\bin\debug\net472\videoos.platform.tests.dll" id="dc972d0b-90fa-0c97-701a-24ab8f8aec17">
      <Execution id="cb646f40-9260-480a-9e7d-4c39153faa34" />
      <TestMethod codeBase="D:\actions-runner\_work\XPCO\XPCO\MIP\PlatformPlugin\VideoOS.Platform\unittest\bin\Debug\net472\VideoOS.Platform.Tests.dll" adapterTypeName="executor://mstestadapter/v2" className="VideoOS.Platform.Tests.UI.ItemPicker.ItemPickerViewModelTest" name="IsCriteriaAccepted_FolderSelected_False" />
    </UnitTest>
    <UnitTest name="TestMultiLevelQueue_LevelIdentifierThrowsException_QueueSurvives" storage="d:\actions-runner\_work\xpco\xpco\mip\platformplugin\videoos.platform\unittest\bin\debug\net472\videoos.platform.tests.dll" id="7ff37c2f-1947-5bfd-5301-306c5eae35b9">
      <Execution id="144e51c9-3d8c-467d-92c5-7a510dc60843" />
      <TestMethod codeBase="D:\actions-runner\_work\XPCO\XPCO\MIP\PlatformPlugin\VideoOS.Platform\unittest\bin\Debug\net472\VideoOS.Platform.Tests.dll" adapterTypeName="executor://mstestadapter/v2" className="VideoOS.Platform.Tests.Util.Queue.MultiLevelResourceQueueTests" name="TestMultiLevelQueue_LevelIdentifierThrowsException_QueueSurvives" />
    </UnitTest>
    <UnitTest name="Serialize_TestCases (Verify root Collection (null) property get property value)" storage="d:\actions-runner\_work\xpco\xpco\mip\platformplugin\videoos.platform\unittest\bin\debug\net472\videoos.platform.tests.dll" id="eb6c6ac3-8255-5d9f-217d-2811f0bfb24c">
      <Execution id="37ee89dd-5884-4e2c-b408-5b9e67f940b5" />
      <TestMethod codeBase="D:\actions-runner\_work\XPCO\XPCO\MIP\PlatformPlugin\VideoOS.Platform\unittest\bin\Debug\net472\VideoOS.Platform.Tests.dll" adapterTypeName="executor://mstestadapter/v2" className="VideoOS.Platform.Tests.UI.Controls.Automation.Serialization.AutomationObjectSerializerTest" name="Serialize_TestCases" />
    </UnitTest>
    <UnitTest name="WriteAppearanceExtenstionXml_ShouldWriteFillColor_WhenFillColorIsPresent" storage="d:\actions-runner\_work\xpco\xpco\mip\platformplugin\videoos.platform\unittest\bin\debug\net472\videoos.platform.tests.dll" id="50a956ce-9348-bb74-74bb-95ec2b1592c0">
      <Execution id="cf656fbb-a599-4b52-b78f-2abb60f6f16b" />
      <TestMethod codeBase="D:\actions-runner\_work\XPCO\XPCO\MIP\PlatformPlugin\VideoOS.Platform\unittest\bin\Debug\net472\VideoOS.Platform.Tests.dll" adapterTypeName="executor://mstestadapter/v2" className="VideoOS.Platform.Tests.Metadata.RectangleTests" name="WriteAppearanceExtenstionXml_ShouldWriteFillColor_WhenFillColorIsPresent" />
    </UnitTest>
    <UnitTest name="ReadXml_ShouldReadShapeContents_WhenShapeIsPresent" storage="d:\actions-runner\_work\xpco\xpco\mip\platformplugin\videoos.platform\unittest\bin\debug\net472\videoos.platform.tests.dll" id="e5b93c93-857a-cdf9-0341-1a0dd042c5e9">
      <Execution id="5bb55d30-5715-42c0-a89a-41586b32aca6" />
      <TestMethod codeBase="D:\actions-runner\_work\XPCO\XPCO\MIP\PlatformPlugin\VideoOS.Platform\unittest\bin\Debug\net472\VideoOS.Platform.Tests.dll" adapterTypeName="executor://mstestadapter/v2" className="VideoOS.Platform.Tests.Metadata.AppearanceTests" name="ReadXml_ShouldReadShapeContents_WhenShapeIsPresent" />
    </UnitTest>
    <UnitTest name="Convert_MultiArgumentConverter_ShouldAllowNullValue_WhenArgumentIsReferenceType" storage="d:\actions-runner\_work\xpco\xpco\mip\platformplugin\videoos.platform\unittest\bin\debug\net472\videoos.platform.tests.dll" id="474f4123-c4f0-ed71-e9ae-2089a5b45084">
      <Execution id="9f679852-7d81-4e8a-8599-c64464653c38" />
      <TestMethod codeBase="D:\actions-runner\_work\XPCO\XPCO\MIP\PlatformPlugin\VideoOS.Platform\unittest\bin\Debug\net472\VideoOS.Platform.Tests.dll" adapterTypeName="executor://mstestadapter/v2" className="VideoOS.Platform.Tests.UI.Converters.LambdaConverterTest" name="Convert_MultiArgumentConverter_ShouldAllowNullValue_WhenArgumentIsReferenceType" />
    </UnitTest>
    <UnitTest name="EqualGuids_Fail_OnObjectId" storage="d:\actions-runner\_work\xpco\xpco\mip\platformplugin\videoos.platform\unittest\bin\debug\net472\videoos.platform.tests.dll" id="91cfec7e-ef42-5972-8313-05af41252d8d">
      <Execution id="08bed9b9-3858-4859-b02b-b2c1131dabf4" />
      <TestMethod codeBase="D:\actions-runner\_work\XPCO\XPCO\MIP\PlatformPlugin\VideoOS.Platform\unittest\bin\Debug\net472\VideoOS.Platform.Tests.dll" adapterTypeName="executor://mstestadapter/v2" className="VideoOS.Platform.Tests.FQIDtests" name="EqualGuids_Fail_OnObjectId" />
    </UnitTest>
    <UnitTest name="CountByItems_Activated_CountByCounter_Grace1" storage="d:\actions-runner\_work\xpco\xpco\mip\platformplugin\videoos.platform\unittest\bin\debug\net472\videoos.platform.tests.dll" id="a3d1fe6d-f6a5-f28a-ba65-630894318089">
      <Execution id="3b5ec556-ff4a-4d25-a365-b468af1b5af2" />
      <TestMethod codeBase="D:\actions-runner\_work\XPCO\XPCO\MIP\PlatformPlugin\VideoOS.Platform\unittest\bin\Debug\net472\VideoOS.Platform.Tests.dll" adapterTypeName="executor://mstestadapter/v2" className="VideoOS.Platform.Tests.License.ResolvedLicenseCountTest" name="CountByItems_Activated_CountByCounter_Grace1" />
    </UnitTest>
    <UnitTest name="TestCancelSearch_DefinitionNotRespectingCancellation_Success" storage="d:\actions-runner\_work\xpco\xpco\mip\platformplugin\videoos.platform\unittest\bin\debug\net472\videoos.platform.tests.dll" id="f880bae4-ac7b-09b5-228d-aaaa54c0b1c6">
      <TestCategory>
        <TestCategoryItem TestCategory="Search" />
      </TestCategory>
      <Execution id="059aff6a-fed8-404e-9150-74989815d7d1" />
      <TestMethod codeBase="D:\actions-runner\_work\XPCO\XPCO\MIP\PlatformPlugin\VideoOS.Platform\unittest\bin\Debug\net472\VideoOS.Platform.Tests.dll" adapterTypeName="executor://mstestadapter/v2" className="VideoOS.Platform.Tests.Search.SearchManagerTest" name="TestCancelSearch_DefinitionNotRespectingCancellation_Success" />
    </UnitTest>
    <UnitTest name="HostInitialized_ShouldNotInvokeCallback_WhenInitializedWithoutItems" storage="d:\actions-runner\_work\xpco\xpco\mip\platformplugin\videoos.platform\unittest\bin\debug\net472\videoos.platform.tests.dll" id="add90257-7bfd-08af-414a-c1fd006f1b8f">
      <Execution id="b8ba42c5-e125-4494-9ce9-a28a82e3c860" />
      <TestMethod codeBase="D:\actions-runner\_work\XPCO\XPCO\MIP\PlatformPlugin\VideoOS.Platform\unittest\bin\Debug\net472\VideoOS.Platform.Tests.dll" adapterTypeName="executor://mstestadapter/v2" className="VideoOS.Platform.Tests.UI.Controls.CollectionHelperGenericTest" name="HostInitialized_ShouldNotInvokeCallback_WhenInitializedWithoutItems" />
    </UnitTest>
    <UnitTest name="CountByCounter_NotActivated_Trial" storage="d:\actions-runner\_work\xpco\xpco\mip\platformplugin\videoos.platform\unittest\bin\debug\net472\videoos.platform.tests.dll" id="14b61d2f-5443-8ef0-349e-b30883ba9c22">
      <Execution id="44f6f095-902b-459d-8a4e-15049453aee0" />
      <TestMethod codeBase="D:\actions-runner\_work\XPCO\XPCO\MIP\PlatformPlugin\VideoOS.Platform\unittest\bin\Debug\net472\VideoOS.Platform.Tests.dll" adapterTypeName="executor://mstestadapter/v2" className="VideoOS.Platform.Tests.License.ResolvedLicenseCountTest" name="CountByCounter_NotActivated_Trial" />
    </UnitTest>
    <UnitTest name="ReadXml_ShouldReadAzimuth_WhenAzimuthIsPresent" storage="d:\actions-runner\_work\xpco\xpco\mip\platformplugin\videoos.platform\unittest\bin\debug\net472\videoos.platform.tests.dll" id="29b14ef8-e43d-41e1-d5fc-d7d493be4940">
      <Execution id="a76d1d17-4988-44fb-8471-93318869e835" />
      <TestMethod codeBase="D:\actions-runner\_work\XPCO\XPCO\MIP\PlatformPlugin\VideoOS.Platform\unittest\bin\Debug\net472\VideoOS.Platform.Tests.dll" adapterTypeName="executor://mstestadapter/v2" className="VideoOS.Platform.Tests.Metadata.NavigationalDataTests" name="ReadXml_ShouldReadAzimuth_WhenAzimuthIsPresent" />
    </UnitTest>
    <UnitTest name="GetCompatibilityHandler_ShouldReturnFips_WhenCallingFipsCompliantSystem_20_3" storage="d:\actions-runner\_work\xpco\xpco\mip\platformplugin\videoos.platform\unittest\bin\debug\net472\videoos.platform.tests.dll" id="529dab04-2278-118b-6ef7-08fc1ab4d8b0">
      <Execution id="47dd40a7-80d8-4ba8-9e86-03fcf18e8431" />
      <TestMethod codeBase="D:\actions-runner\_work\XPCO\XPCO\MIP\PlatformPlugin\VideoOS.Platform\unittest\bin\Debug\net472\VideoOS.Platform.Tests.dll" adapterTypeName="executor://mstestadapter/v2" className="VideoOS.Platform.Tests.License.LicenseManagerTests" name="GetCompatibilityHandler_ShouldReturnFips_WhenCallingFipsCompliantSystem_20_3" />
    </UnitTest>
    <UnitTest name="ReadXml_ShouldLogWarningOnlyOnceWithinOneMinute_WhenBoundingBoxIsMissing" storage="d:\actions-runner\_work\xpco\xpco\mip\platformplugin\videoos.platform\unittest\bin\debug\net472\videoos.platform.tests.dll" id="c2b0fa30-6a46-612d-08bf-8da951ad3d1e">
      <Execution id="8d45868f-f5fb-413a-abf7-f48abf796cc6" />
      <TestMethod codeBase="D:\actions-runner\_work\XPCO\XPCO\MIP\PlatformPlugin\VideoOS.Platform\unittest\bin\Debug\net472\VideoOS.Platform.Tests.dll" adapterTypeName="executor://mstestadapter/v2" className="VideoOS.Platform.Tests.Metadata.ShapeTests" name="ReadXml_ShouldLogWarningOnlyOnceWithinOneMinute_WhenBoundingBoxIsMissing" />
    </UnitTest>
    <UnitTest name="WriteXml_ShouldOmitClassCandidateElement_WhenThereIsNoClassCandidatesPresent" storage="d:\actions-runner\_work\xpco\xpco\mip\platformplugin\videoos.platform\unittest\bin\debug\net472\videoos.platform.tests.dll" id="68a6ea98-ca7c-4d82-e5af-14d114a1f9a4">
      <Execution id="9e9549ff-032d-4c94-8b3f-bcc2ab7213d7" />
      <TestMethod codeBase="D:\actions-runner\_work\XPCO\XPCO\MIP\PlatformPlugin\VideoOS.Platform\unittest\bin\Debug\net472\VideoOS.Platform.Tests.dll" adapterTypeName="executor://mstestadapter/v2" className="VideoOS.Platform.Tests.Metadata.OnvifClassTests" name="WriteXml_ShouldOmitClassCandidateElement_WhenThereIsNoClassCandidatesPresent" />
    </UnitTest>
    <UnitTest name="GenerateDeviceCapabilityParameters_ShouldWriteDefault_WhenAlways" storage="d:\actions-runner\_work\xpco\xpco\mip\platformplugin\videoos.platform\unittest\bin\debug\net472\videoos.platform.tests.dll" id="feff974b-15e7-7bde-2e9a-7282257d799e">
      <Execution id="973f3b74-9cc1-4e11-9c66-72bdbec99360" />
      <TestMethod codeBase="D:\actions-runner\_work\XPCO\XPCO\MIP\PlatformPlugin\VideoOS.Platform\unittest\bin\Debug\net472\VideoOS.Platform.Tests.dll" adapterTypeName="executor://mstestadapter/v2" className="VideoOS.Platform.Tests.Data.DataCapabilityTests" name="GenerateDeviceCapabilityParameters_ShouldWriteDefault_WhenAlways" />
    </UnitTest>
    <UnitTest name="TestMultiLevelQueue_DisposeQueueRightAfterProcessingItem_QueueDoesNotHang" storage="d:\actions-runner\_work\xpco\xpco\mip\platformplugin\videoos.platform\unittest\bin\debug\net472\videoos.platform.tests.dll" id="2850ab82-187d-c41c-6c55-5faf4323eb97">
      <Execution id="8ae5d297-fba0-416d-89be-4030872890aa" />
      <TestMethod codeBase="D:\actions-runner\_work\XPCO\XPCO\MIP\PlatformPlugin\VideoOS.Platform\unittest\bin\Debug\net472\VideoOS.Platform.Tests.dll" adapterTypeName="executor://mstestadapter/v2" className="VideoOS.Platform.Tests.Util.Queue.MultiLevelResourceQueueTests" name="TestMultiLevelQueue_DisposeQueueRightAfterProcessingItem_QueueDoesNotHang" />
    </UnitTest>
    <UnitTest name="ReadXml_ShouldReadType_WhenCorrectTypeIsPresent" storage="d:\actions-runner\_work\xpco\xpco\mip\platformplugin\videoos.platform\unittest\bin\debug\net472\videoos.platform.tests.dll" id="11a66fc8-e44f-e614-4b59-2054ed6010ca">
      <Execution id="01f151bf-cd18-4f54-bc80-986ffe2d0d4c" />
      <TestMethod codeBase="D:\actions-runner\_work\XPCO\XPCO\MIP\PlatformPlugin\VideoOS.Platform\unittest\bin\Debug\net472\VideoOS.Platform.Tests.dll" adapterTypeName="executor://mstestadapter/v2" className="VideoOS.Platform.Tests.Metadata.ClassCandidateTests" name="ReadXml_ShouldReadType_WhenCorrectTypeIsPresent" />
    </UnitTest>
    <UnitTest name="Parse_Int_Simple" storage="d:\actions-runner\_work\xpco\xpco\mip\platformplugin\videoos.platform\unittest\bin\debug\net472\videoos.platform.tests.dll" id="07fa49d4-c8b1-adf8-33e0-cc2b0fe4e432">
      <Execution id="731ef36d-7c8f-4b9b-90d5-dcf34ad40085" />
      <TestMethod codeBase="D:\actions-runner\_work\XPCO\XPCO\MIP\PlatformPlugin\VideoOS.Platform\unittest\bin\Debug\net472\VideoOS.Platform.Tests.dll" adapterTypeName="executor://mstestadapter/v2" className="VideoOS.Platform.Tests.Proxy.RestApi.JsonReaderTests" name="Parse_Int_Simple" />
    </UnitTest>
    <UnitTest name="TestSearchFilterCategories_Success" storage="d:\actions-runner\_work\xpco\xpco\mip\platformplugin\videoos.platform\unittest\bin\debug\net472\videoos.platform.tests.dll" id="1785bf0a-686c-ffbf-697b-cc5c423923de">
      <TestCategory>
        <TestCategoryItem TestCategory="Search" />
      </TestCategory>
      <Execution id="3bec86cd-95ce-499d-8083-9526262fe68f" />
      <TestMethod codeBase="D:\actions-runner\_work\XPCO\XPCO\MIP\PlatformPlugin\VideoOS.Platform\unittest\bin\Debug\net472\VideoOS.Platform.Tests.dll" adapterTypeName="executor://mstestadapter/v2" className="VideoOS.Platform.Tests.Search.SearchManagerTest" name="TestSearchFilterCategories_Success" />
    </UnitTest>
    <UnitTest name="IsValid_ShouldReturnFalse_WhenLikelihoodIsLessThanZero" storage="d:\actions-runner\_work\xpco\xpco\mip\platformplugin\videoos.platform\unittest\bin\debug\net472\videoos.platform.tests.dll" id="3893bc09-628b-2605-fa37-7cfb280ed351">
      <Execution id="8231a530-f37d-4078-9409-10f978741164" />
      <TestMethod codeBase="D:\actions-runner\_work\XPCO\XPCO\MIP\PlatformPlugin\VideoOS.Platform\unittest\bin\Debug\net472\VideoOS.Platform.Tests.dll" adapterTypeName="executor://mstestadapter/v2" className="VideoOS.Platform.Tests.Metadata.ClassCandidateTests" name="IsValid_ShouldReturnFalse_WhenLikelihoodIsLessThanZero" />
    </UnitTest>
    <UnitTest name="IsEmptyValue_SelectionFilterValue_OneSelection_ReturnsFalse" storage="d:\actions-runner\_work\xpco\xpco\mip\platformplugin\videoos.platform\unittest\bin\debug\net472\videoos.platform.tests.dll" id="d63150eb-a494-247f-04af-e8e69519f739">
      <TestCategory>
        <TestCategoryItem TestCategory="Search" />
      </TestCategory>
      <Execution id="06d04027-05c6-4470-813b-19236ebc1338" />
      <TestMethod codeBase="D:\actions-runner\_work\XPCO\XPCO\MIP\PlatformPlugin\VideoOS.Platform\unittest\bin\Debug\net472\VideoOS.Platform.Tests.dll" adapterTypeName="executor://mstestadapter/v2" className="VideoOS.Platform.Tests.Search.SearchFilterTest" name="IsEmptyValue_SelectionFilterValue_OneSelection_ReturnsFalse" />
    </UnitTest>
    <UnitTest name="ProvideValue_ShouldNotSetTargetProperty_WhenItemIconSourcePropertyNameIsNotSet" storage="d:\actions-runner\_work\xpco\xpco\mip\platformplugin\videoos.platform\unittest\bin\debug\net472\videoos.platform.tests.dll" id="9e28d5ce-7362-2b06-9e34-6ce871313f70">
      <TestCategory>
        <TestCategoryItem TestCategory="DropDowns" />
      </TestCategory>
      <Execution id="b33b2300-19b9-40ea-8f6e-647037f0982b" />
      <TestMethod codeBase="D:\actions-runner\_work\XPCO\XPCO\MIP\PlatformPlugin\VideoOS.Platform\unittest\bin\Debug\net472\VideoOS.Platform.Tests.dll" adapterTypeName="executor://mstestadapter/v2" className="VideoOS.Platform.Tests.UI.Controls.DropDowns.Internal.SelectedItemIconSourceExtensionTest" name="ProvideValue_ShouldNotSetTargetProperty_WhenItemIconSourcePropertyNameIsNotSet" />
    </UnitTest>
    <UnitTest name="ParseMetadataXmlWithString_ShouldThrowXmExceptionWithInformationOnError_WhenXmlContainsIncorrectRootElement" storage="d:\actions-runner\_work\xpco\xpco\mip\platformplugin\videoos.platform\unittest\bin\debug\net472\videoos.platform.tests.dll" id="bf3be38d-fccb-d51d-c680-813aa0d77baa">
      <Execution id="fd95fecc-e0ee-4513-88f9-fd0e896c75b2" />
      <TestMethod codeBase="D:\actions-runner\_work\XPCO\XPCO\MIP\PlatformPlugin\VideoOS.Platform\unittest\bin\Debug\net472\VideoOS.Platform.Tests.dll" adapterTypeName="executor://mstestadapter/v2" className="VideoOS.Platform.Tests.Metadata.MetadataDeserializerTests" name="ParseMetadataXmlWithString_ShouldThrowXmExceptionWithInformationOnError_WhenXmlContainsIncorrectRootElement" />
    </UnitTest>
    <UnitTest name="CountByItems_NotActivated_Trial_Missing_GraceExpired" storage="d:\actions-runner\_work\xpco\xpco\mip\platformplugin\videoos.platform\unittest\bin\debug\net472\videoos.platform.tests.dll" id="f7f40623-1634-9a2a-bf1c-6e414931a9e6">
      <Execution id="e03234e1-965e-4b1d-8edd-ba9aaaa20473" />
      <TestMethod codeBase="D:\actions-runner\_work\XPCO\XPCO\MIP\PlatformPlugin\VideoOS.Platform\unittest\bin\Debug\net472\VideoOS.Platform.Tests.dll" adapterTypeName="executor://mstestadapter/v2" className="VideoOS.Platform.Tests.License.ResolvedLicenseCountTest" name="CountByItems_NotActivated_Trial_Missing_GraceExpired" />
    </UnitTest>
    <UnitTest name="Serialize_ShouldHandleCollectionFilter_WhenMatchingCollectionTypeAndItMatches" storage="d:\actions-runner\_work\xpco\xpco\mip\platformplugin\videoos.platform\unittest\bin\debug\net472\videoos.platform.tests.dll" id="8a93c35e-4228-1fba-033f-24c13305aa44">
      <Execution id="9079c4b2-5ead-4eb5-93ae-a5cb160dac68" />
      <TestMethod codeBase="D:\actions-runner\_work\XPCO\XPCO\MIP\PlatformPlugin\VideoOS.Platform\unittest\bin\Debug\net472\VideoOS.Platform.Tests.dll" adapterTypeName="executor://mstestadapter/v2" className="VideoOS.Platform.Tests.UI.Controls.Automation.Serialization.AutomationObjectSerializerTypeFilterTests" name="Serialize_ShouldHandleCollectionFilter_WhenMatchingCollectionTypeAndItMatches" />
    </UnitTest>
    <UnitTest name="Serialize_Deserialize_WithSpecialChars2" storage="d:\actions-runner\_work\xpco\xpco\mip\platformplugin\videoos.platform\unittest\bin\debug\net472\videoos.platform.tests.dll" id="e93f2b21-5e31-59e0-249b-2d22eb67c653">
      <Execution id="e377b152-994f-458b-bb80-d7936495c614" />
      <TestMethod codeBase="D:\actions-runner\_work\XPCO\XPCO\MIP\PlatformPlugin\VideoOS.Platform\unittest\bin\Debug\net472\VideoOS.Platform.Tests.dll" adapterTypeName="executor://mstestadapter/v2" className="VideoOS.Platform.Tests.ItemTests" name="Serialize_Deserialize_WithSpecialChars2" />
    </UnitTest>
    <UnitTest name="Serialize_TestCases (TestParentTypeMatchStringNotThisTypeNotMatched)" storage="d:\actions-runner\_work\xpco\xpco\mip\platformplugin\videoos.platform\unittest\bin\debug\net472\videoos.platform.tests.dll" id="ac1f3199-d4a5-f053-63bd-190671ac0343">
      <Execution id="0e575d02-5387-4231-8168-938437dcd943" />
      <TestMethod codeBase="D:\actions-runner\_work\XPCO\XPCO\MIP\PlatformPlugin\VideoOS.Platform\unittest\bin\Debug\net472\VideoOS.Platform.Tests.dll" adapterTypeName="executor://mstestadapter/v2" className="VideoOS.Platform.Tests.UI.Controls.Automation.Serialization.AutomationObjectSerializerTest" name="Serialize_TestCases" />
    </UnitTest>
    <UnitTest name="ToJson_StringElement_Exception" storage="d:\actions-runner\_work\xpco\xpco\mip\platformplugin\videoos.platform\unittest\bin\debug\net472\videoos.platform.tests.dll" id="6f2af74d-bdba-e05e-77aa-b08f726c1ddf">
      <Execution id="68e84f73-6b5b-4afc-b5db-faf9a343d21d" />
      <TestMethod codeBase="D:\actions-runner\_work\XPCO\XPCO\MIP\PlatformPlugin\VideoOS.Platform\unittest\bin\Debug\net472\VideoOS.Platform.Tests.dll" adapterTypeName="executor://mstestadapter/v2" className="VideoOS.Platform.Tests.Proxy.RestApi.JsonReaderTests" name="ToJson_StringElement_Exception" />
    </UnitTest>
    <UnitTest name="ToJson_StringElement" storage="d:\actions-runner\_work\xpco\xpco\mip\platformplugin\videoos.platform\unittest\bin\debug\net472\videoos.platform.tests.dll" id="7703e29a-ecc3-f42a-a3d8-2092764eb3f2">
      <Execution id="c5d8c82f-f021-414a-90c4-44e15e5bbc26" />
      <TestMethod codeBase="D:\actions-runner\_work\XPCO\XPCO\MIP\PlatformPlugin\VideoOS.Platform\unittest\bin\Debug\net472\VideoOS.Platform.Tests.dll" adapterTypeName="executor://mstestadapter/v2" className="VideoOS.Platform.Tests.Proxy.RestApi.JsonReaderTests" name="ToJson_StringElement" />
    </UnitTest>
    <UnitTest name="Serialize_TestCases (TestParentAllPrimitiveTypeMatchDoubleThisTypeMatched)" storage="d:\actions-runner\_work\xpco\xpco\mip\platformplugin\videoos.platform\unittest\bin\debug\net472\videoos.platform.tests.dll" id="bf5b2f00-facc-927a-e231-7629bc663203">
      <Execution id="dd2c1651-04ae-4325-92c5-a4bf241ee578" />
      <TestMethod codeBase="D:\actions-runner\_work\XPCO\XPCO\MIP\PlatformPlugin\VideoOS.Platform\unittest\bin\Debug\net472\VideoOS.Platform.Tests.dll" adapterTypeName="executor://mstestadapter/v2" className="VideoOS.Platform.Tests.UI.Controls.Automation.Serialization.AutomationObjectSerializerTest" name="Serialize_TestCases" />
    </UnitTest>
    <UnitTest name="Append_Ignored_For_Empty_Values" storage="d:\actions-runner\_work\xpco\xpco\mip\platformplugin\videoos.platform\unittest\bin\debug\net472\videoos.platform.tests.dll" id="7e0a73d2-6a35-69c0-258f-1a39ba55eac2">
      <Execution id="f9602c3d-b5e8-4e47-99a1-20e91ed19615" />
      <TestMethod codeBase="D:\actions-runner\_work\XPCO\XPCO\MIP\PlatformPlugin\VideoOS.Platform\unittest\bin\Debug\net472\VideoOS.Platform.Tests.dll" adapterTypeName="executor://mstestadapter/v2" className="VideoOS.Platform.Tests.Proxy.RestApi.JsonBuilderTests" name="Append_Ignored_For_Empty_Values" />
    </UnitTest>
    <UnitTest name="AddFilterValue_NonExistingValue_FirstValue_Success" storage="d:\actions-runner\_work\xpco\xpco\mip\platformplugin\videoos.platform\unittest\bin\debug\net472\videoos.platform.tests.dll" id="187a3c1b-b8b9-e08a-2f65-c787e6bb630a">
      <TestCategory>
        <TestCategoryItem TestCategory="Search" />
      </TestCategory>
      <Execution id="1e9e6ef3-bcc7-4039-a09b-fcc4a82e21af" />
      <TestMethod codeBase="D:\actions-runner\_work\XPCO\XPCO\MIP\PlatformPlugin\VideoOS.Platform\unittest\bin\Debug\net472\VideoOS.Platform.Tests.dll" adapterTypeName="executor://mstestadapter/v2" className="VideoOS.Platform.Tests.Search.SearchCriteriaTest" name="AddFilterValue_NonExistingValue_FirstValue_Success" />
    </UnitTest>
    <UnitTest name="FindCacheEntryAfter_ShuldReturnEntryAfterTimeStamp_WhenThereIsAnEntryAfterTheTimestamp" storage="d:\actions-runner\_work\xpco\xpco\mip\platformplugin\videoos.platform\unittest\bin\debug\net472\videoos.platform.tests.dll" id="ba7694f7-ee6f-6343-b447-699651d9d6f9">
      <Execution id="9f52c1e9-84f5-444c-92b6-9747377bfc82" />
      <TestMethod codeBase="D:\actions-runner\_work\XPCO\XPCO\MIP\PlatformPlugin\VideoOS.Platform\unittest\bin\Debug\net472\VideoOS.Platform.Tests.dll" adapterTypeName="executor://mstestadapter/v2" className="VideoOS.Platform.Tests.Data.MetadataCacheTests" name="FindCacheEntryAfter_ShuldReturnEntryAfterTimeStamp_WhenThereIsAnEntryAfterTheTimestamp" />
    </UnitTest>
    <UnitTest name="Ctor_NullScope_Throws" storage="d:\actions-runner\_work\xpco\xpco\mip\platformplugin\videoos.platform\unittest\bin\debug\net472\videoos.platform.tests.dll" id="4f7bde70-3b99-d47c-8245-4d79a123baa7">
      <TestCategory>
        <TestCategoryItem TestCategory="Search" />
      </TestCategory>
      <Execution id="16d81618-a02b-43f6-aa9b-c36a955b4240" />
      <TestMethod codeBase="D:\actions-runner\_work\XPCO\XPCO\MIP\PlatformPlugin\VideoOS.Platform\unittest\bin\Debug\net472\VideoOS.Platform.Tests.dll" adapterTypeName="executor://mstestadapter/v2" className="VideoOS.Platform.Tests.Search.SearchCriteriaTest" name="Ctor_NullScope_Throws" />
    </UnitTest>
    <UnitTest name="Move_ShouldInvokeCallback_WhenObservable" storage="d:\actions-runner\_work\xpco\xpco\mip\platformplugin\videoos.platform\unittest\bin\debug\net472\videoos.platform.tests.dll" id="9f48d199-bab5-a916-f5d8-2312d1097b95">
      <Execution id="0d846d6a-ce3a-4e3e-89eb-a7f03ed06b0d" />
      <TestMethod codeBase="D:\actions-runner\_work\XPCO\XPCO\MIP\PlatformPlugin\VideoOS.Platform\unittest\bin\Debug\net472\VideoOS.Platform.Tests.dll" adapterTypeName="executor://mstestadapter/v2" className="VideoOS.Platform.Tests.UI.Controls.CollectionHelperGenericTest" name="Move_ShouldInvokeCallback_WhenObservable" />
    </UnitTest>
    <UnitTest name="Serialize_TestCases (TestParentTypeMatchGenericThisTypeNotMatchedProperty)" storage="d:\actions-runner\_work\xpco\xpco\mip\platformplugin\videoos.platform\unittest\bin\debug\net472\videoos.platform.tests.dll" id="c0e3819c-6768-c5ab-434e-1fcaec4aa6ec">
      <Execution id="1290cf7a-46b5-4dc7-912f-628cc0be94e4" />
      <TestMethod codeBase="D:\actions-runner\_work\XPCO\XPCO\MIP\PlatformPlugin\VideoOS.Platform\unittest\bin\Debug\net472\VideoOS.Platform.Tests.dll" adapterTypeName="executor://mstestadapter/v2" className="VideoOS.Platform.Tests.UI.Controls.Automation.Serialization.AutomationObjectSerializerTest" name="Serialize_TestCases" />
    </UnitTest>
    <UnitTest name="ReadXml_ShouldIgnoreLikelihood_WhenLikelihoodIsNotANumber" storage="d:\actions-runner\_work\xpco\xpco\mip\platformplugin\videoos.platform\unittest\bin\debug\net472\videoos.platform.tests.dll" id="1eb53537-afef-d5dd-debc-6b9152b2f955">
      <Execution id="49ad9452-e32e-4581-a8d7-b8d038bbec5b" />
      <TestMethod codeBase="D:\actions-runner\_work\XPCO\XPCO\MIP\PlatformPlugin\VideoOS.Platform\unittest\bin\Debug\net472\VideoOS.Platform.Tests.dll" adapterTypeName="executor://mstestadapter/v2" className="VideoOS.Platform.Tests.Metadata.ClassCandidateTests" name="ReadXml_ShouldIgnoreLikelihood_WhenLikelihoodIsNotANumber" />
    </UnitTest>
    <UnitTest name="WriteAppearanceExtenstionXml_ShouldWriteAllExtensions_WhenAllArePresent" storage="d:\actions-runner\_work\xpco\xpco\mip\platformplugin\videoos.platform\unittest\bin\debug\net472\videoos.platform.tests.dll" id="fcaf83e0-32f7-634e-130d-abc796d2af06">
      <Execution id="fd0869da-2435-4478-b971-5094b73ecb54" />
      <TestMethod codeBase="D:\actions-runner\_work\XPCO\XPCO\MIP\PlatformPlugin\VideoOS.Platform\unittest\bin\Debug\net472\VideoOS.Platform.Tests.dll" adapterTypeName="executor://mstestadapter/v2" className="VideoOS.Platform.Tests.Metadata.RectangleTests" name="WriteAppearanceExtenstionXml_ShouldWriteAllExtensions_WhenAllArePresent" />
    </UnitTest>
    <UnitTest name="GenerateParameters_ShouldWriteNotSupportedForSerialNr_WhenSerialNrIsNull" storage="d:\actions-runner\_work\xpco\xpco\mip\platformplugin\videoos.platform\unittest\bin\debug\net472\videoos.platform.tests.dll" id="1287d8b9-a242-3700-9223-1e45506d7926">
      <Execution id="570bfa87-a11a-45de-a5b0-88309b4dc047" />
      <TestMethod codeBase="D:\actions-runner\_work\XPCO\XPCO\MIP\PlatformPlugin\VideoOS.Platform\unittest\bin\Debug\net472\VideoOS.Platform.Tests.dll" adapterTypeName="executor://mstestadapter/v2" className="VideoOS.Platform.Tests.Data.HardwareDefinitionTests" name="GenerateParameters_ShouldWriteNotSupportedForSerialNr_WhenSerialNrIsNull" />
    </UnitTest>
    <UnitTest name="CountByCounter_Activated_Expired_Missing" storage="d:\actions-runner\_work\xpco\xpco\mip\platformplugin\videoos.platform\unittest\bin\debug\net472\videoos.platform.tests.dll" id="20d9288d-2ec6-4b24-6a84-22a61e3296f1">
      <Execution id="dcb443c6-7c75-4121-a8f6-79c6570e4458" />
      <TestMethod codeBase="D:\actions-runner\_work\XPCO\XPCO\MIP\PlatformPlugin\VideoOS.Platform\unittest\bin\Debug\net472\VideoOS.Platform.Tests.dll" adapterTypeName="executor://mstestadapter/v2" className="VideoOS.Platform.Tests.License.ResolvedLicenseCountTest" name="CountByCounter_Activated_Expired_Missing" />
    </UnitTest>
    <UnitTest name="GetMetadataString_ShouldReturnConstructorByteArrayParameter_AsUtf8DecodedString" storage="d:\actions-runner\_work\xpco\xpco\mip\platformplugin\videoos.platform\unittest\bin\debug\net472\videoos.platform.tests.dll" id="007025e6-ced6-33f5-d735-a3864e2b7add">
      <Execution id="be016862-69c6-442f-a139-38cc92b9acc4" />
      <TestMethod codeBase="D:\actions-runner\_work\XPCO\XPCO\MIP\PlatformPlugin\VideoOS.Platform\unittest\bin\Debug\net472\VideoOS.Platform.Tests.dll" adapterTypeName="executor://mstestadapter/v2" className="VideoOS.Platform.Tests.Metadata.MetadataContentTests" name="GetMetadataString_ShouldReturnConstructorByteArrayParameter_AsUtf8DecodedString" />
    </UnitTest>
    <UnitTest name="Add_ShouldNotUpdateEndCache_WhenOldEndTimeIsLaterThanAdded" storage="d:\actions-runner\_work\xpco\xpco\mip\platformplugin\videoos.platform\unittest\bin\debug\net472\videoos.platform.tests.dll" id="da270ab7-6882-db63-f3a0-844c8b4562db">
      <Execution id="01209299-0e2e-4348-b159-a65458d24130" />
      <TestMethod codeBase="D:\actions-runner\_work\XPCO\XPCO\MIP\PlatformPlugin\VideoOS.Platform\unittest\bin\Debug\net472\VideoOS.Platform.Tests.dll" adapterTypeName="executor://mstestadapter/v2" className="VideoOS.Platform.Tests.Client.SequenceCacheTests" name="Add_ShouldNotUpdateEndCache_WhenOldEndTimeIsLaterThanAdded" />
    </UnitTest>
    <UnitTest name="CountByItems_NotActivatedButWithCounter_Missing" storage="d:\actions-runner\_work\xpco\xpco\mip\platformplugin\videoos.platform\unittest\bin\debug\net472\videoos.platform.tests.dll" id="dadc7e5e-3e0c-da11-a65f-57361b774307">
      <Execution id="a3c90337-af28-4a34-9b3d-405898e12e58" />
      <TestMethod codeBase="D:\actions-runner\_work\XPCO\XPCO\MIP\PlatformPlugin\VideoOS.Platform\unittest\bin\Debug\net472\VideoOS.Platform.Tests.dll" adapterTypeName="executor://mstestadapter/v2" className="VideoOS.Platform.Tests.License.ResolvedLicenseCountTest" name="CountByItems_NotActivatedButWithCounter_Missing" />
    </UnitTest>
    <UnitTest name="CountByItems_Activated_Missing2" storage="d:\actions-runner\_work\xpco\xpco\mip\platformplugin\videoos.platform\unittest\bin\debug\net472\videoos.platform.tests.dll" id="6693e462-e8ba-ed25-48bc-eff1d5392eaa">
      <Execution id="29e9c23b-cceb-468f-aaab-57b1762ff1a4" />
      <TestMethod codeBase="D:\actions-runner\_work\XPCO\XPCO\MIP\PlatformPlugin\VideoOS.Platform\unittest\bin\Debug\net472\VideoOS.Platform.Tests.dll" adapterTypeName="executor://mstestadapter/v2" className="VideoOS.Platform.Tests.License.ResolvedLicenseCountTest" name="CountByItems_Activated_Missing2" />
    </UnitTest>
    <UnitTest name="Ctor_OneCustomFilter_Success" storage="d:\actions-runner\_work\xpco\xpco\mip\platformplugin\videoos.platform\unittest\bin\debug\net472\videoos.platform.tests.dll" id="a2a93cec-e7b9-3a98-e5c4-9eb836279da9">
      <TestCategory>
        <TestCategoryItem TestCategory="Search" />
      </TestCategory>
      <Execution id="25f68487-553f-47d3-a72c-0c74a1c9814c" />
      <TestMethod codeBase="D:\actions-runner\_work\XPCO\XPCO\MIP\PlatformPlugin\VideoOS.Platform\unittest\bin\Debug\net472\VideoOS.Platform.Tests.dll" adapterTypeName="executor://mstestadapter/v2" className="VideoOS.Platform.Tests.Search.FilterCategories.PersonSearchFilterCategoryTest" name="Ctor_OneCustomFilter_Success" />
    </UnitTest>
    <UnitTest name="Serialize_TestCases (Verify root Interface (not null) property)" storage="d:\actions-runner\_work\xpco\xpco\mip\platformplugin\videoos.platform\unittest\bin\debug\net472\videoos.platform.tests.dll" id="2f42b505-6aa5-6b6d-cf22-1b3f07c2fb30">
      <Execution id="3e44a185-5c34-4772-8e12-7cef732d3e11" />
      <TestMethod codeBase="D:\actions-runner\_work\XPCO\XPCO\MIP\PlatformPlugin\VideoOS.Platform\unittest\bin\Debug\net472\VideoOS.Platform.Tests.dll" adapterTypeName="executor://mstestadapter/v2" className="VideoOS.Platform.Tests.UI.Controls.Automation.Serialization.AutomationObjectSerializerTest" name="Serialize_TestCases" />
    </UnitTest>
    <UnitTest name="IsMultiSelection_ChangesSelectionMode" storage="d:\actions-runner\_work\xpco\xpco\mip\platformplugin\videoos.platform\unittest\bin\debug\net472\videoos.platform.tests.dll" id="1102b248-ebc3-17f0-ceef-32b216ce1ff2">
      <Execution id="0a560828-11bf-449e-b950-b991328b1397" />
      <TestMethod codeBase="D:\actions-runner\_work\XPCO\XPCO\MIP\PlatformPlugin\VideoOS.Platform\unittest\bin\Debug\net472\VideoOS.Platform.Tests.dll" adapterTypeName="executor://mstestadapter/v2" className="VideoOS.Platform.Tests.UI.ItemPicker.ItemPickerViewModelTest" name="IsMultiSelection_ChangesSelectionMode" />
    </UnitTest>
    <UnitTest name="Parse_String_WithDot" storage="d:\actions-runner\_work\xpco\xpco\mip\platformplugin\videoos.platform\unittest\bin\debug\net472\videoos.platform.tests.dll" id="af66790e-7a17-2a52-f594-1232b3cd885e">
      <Execution id="52d76f99-5462-40d8-8e5f-e20bcc2d3050" />
      <TestMethod codeBase="D:\actions-runner\_work\XPCO\XPCO\MIP\PlatformPlugin\VideoOS.Platform\unittest\bin\Debug\net472\VideoOS.Platform.Tests.dll" adapterTypeName="executor://mstestadapter/v2" className="VideoOS.Platform.Tests.Proxy.RestApi.JsonReaderTests" name="Parse_String_WithDot" />
    </UnitTest>
    <UnitTest name="IsValid_ShouldReturnFalse_WhenLikelihoodIsZero" storage="d:\actions-runner\_work\xpco\xpco\mip\platformplugin\videoos.platform\unittest\bin\debug\net472\videoos.platform.tests.dll" id="beb002c5-eb95-8910-8bc5-4aa180fe028d">
      <Execution id="3d2899f4-239d-44c5-87f6-c0996a13c716" />
      <TestMethod codeBase="D:\actions-runner\_work\XPCO\XPCO\MIP\PlatformPlugin\VideoOS.Platform\unittest\bin\Debug\net472\VideoOS.Platform.Tests.dll" adapterTypeName="executor://mstestadapter/v2" className="VideoOS.Platform.Tests.Metadata.ClassCandidateTests" name="IsValid_ShouldReturnFalse_WhenLikelihoodIsZero" />
    </UnitTest>
    <UnitTest name="SetCacheContents_ShuldSortEntriesAccordingToData_WhenAlways" storage="d:\actions-runner\_work\xpco\xpco\mip\platformplugin\videoos.platform\unittest\bin\debug\net472\videoos.platform.tests.dll" id="4ebf288a-b726-10f1-5f92-94533ac346f1">
      <Execution id="44f749d3-92d3-469c-93cd-2f848d5a9968" />
      <TestMethod codeBase="D:\actions-runner\_work\XPCO\XPCO\MIP\PlatformPlugin\VideoOS.Platform\unittest\bin\Debug\net472\VideoOS.Platform.Tests.dll" adapterTypeName="executor://mstestadapter/v2" className="VideoOS.Platform.Tests.Data.MetadataCacheTests" name="SetCacheContents_ShuldSortEntriesAccordingToData_WhenAlways" />
    </UnitTest>
    <UnitTest name="BuildShapeOverlayWidthHeightBaseEvent_ShouldReturnCorrectNumberOfShapes_WhenArgumentIsEventData" storage="d:\actions-runner\_work\xpco\xpco\mip\platformplugin\videoos.platform\unittest\bin\debug\net472\videoos.platform.tests.dll" id="f06647ee-695a-1441-d113-3b9b8eb3748f">
      <Execution id="bb717126-5ae2-4fee-ad25-3fa626247e10" />
      <TestMethod codeBase="D:\actions-runner\_work\XPCO\XPCO\MIP\PlatformPlugin\VideoOS.Platform\unittest\bin\Debug\net472\VideoOS.Platform.Tests.dll" adapterTypeName="executor://mstestadapter/v2" className="VideoOS.Platform.Tests.Util.AnalyticsOverlayBuilderTests" name="BuildShapeOverlayWidthHeightBaseEvent_ShouldReturnCorrectNumberOfShapes_WhenArgumentIsEventData" />
    </UnitTest>
    <UnitTest name="CountByCounter_NotActivated_Empty" storage="d:\actions-runner\_work\xpco\xpco\mip\platformplugin\videoos.platform\unittest\bin\debug\net472\videoos.platform.tests.dll" id="7c4b74fb-67e0-6834-21f2-2c0f78a66963">
      <Execution id="2d26693c-11a1-4dd9-a61a-e0f28004c322" />
      <TestMethod codeBase="D:\actions-runner\_work\XPCO\XPCO\MIP\PlatformPlugin\VideoOS.Platform\unittest\bin\Debug\net472\VideoOS.Platform.Tests.dll" adapterTypeName="executor://mstestadapter/v2" className="VideoOS.Platform.Tests.License.ResolvedLicenseCountTest" name="CountByCounter_NotActivated_Empty" />
    </UnitTest>
    <UnitTest name="Serialize_TestCases (TestParentTypeMatchInterfaceThisTypeNotMatchedProperty)" storage="d:\actions-runner\_work\xpco\xpco\mip\platformplugin\videoos.platform\unittest\bin\debug\net472\videoos.platform.tests.dll" id="dd780fb0-eeb4-f41e-c177-9152be267056">
      <Execution id="62671acd-cf4b-44e3-a531-e6e128d76d12" />
      <TestMethod codeBase="D:\actions-runner\_work\XPCO\XPCO\MIP\PlatformPlugin\VideoOS.Platform\unittest\bin\Debug\net472\VideoOS.Platform.Tests.dll" adapterTypeName="executor://mstestadapter/v2" className="VideoOS.Platform.Tests.UI.Controls.Automation.Serialization.AutomationObjectSerializerTest" name="Serialize_TestCases" />
    </UnitTest>
    <UnitTest name="ReadXml_ShouldReadFontFamilyAttribute_WhenPresent" storage="d:\actions-runner\_work\xpco\xpco\mip\platformplugin\videoos.platform\unittest\bin\debug\net472\videoos.platform.tests.dll" id="43fa12a9-d1b1-aa83-498c-58e3064824e3">
      <Execution id="a91ebd88-a3ea-4a38-a749-b1211f47c4b2" />
      <TestMethod codeBase="D:\actions-runner\_work\XPCO\XPCO\MIP\PlatformPlugin\VideoOS.Platform\unittest\bin\Debug\net472\VideoOS.Platform.Tests.dll" adapterTypeName="executor://mstestadapter/v2" className="VideoOS.Platform.Tests.Metadata.DisplayTextTests" name="ReadXml_ShouldReadFontFamilyAttribute_WhenPresent" />
    </UnitTest>
    <UnitTest name="Minimize_ShouldReturnOneInterval_WhenListContainsThreeOverlappingIntervals" storage="d:\actions-runner\_work\xpco\xpco\mip\platformplugin\videoos.platform\unittest\bin\debug\net472\videoos.platform.tests.dll" id="20233fe2-b748-308d-725e-1b3b65fd4fc4">
      <Execution id="4d206b90-ba64-45fc-a7c9-20fad3ada1d1" />
      <TestMethod codeBase="D:\actions-runner\_work\XPCO\XPCO\MIP\PlatformPlugin\VideoOS.Platform\unittest\bin\Debug\net472\VideoOS.Platform.Tests.dll" adapterTypeName="executor://mstestadapter/v2" className="VideoOS.Platform.Tests.Util.TimeIntervalTests" name="Minimize_ShouldReturnOneInterval_WhenListContainsThreeOverlappingIntervals" />
    </UnitTest>
    <UnitTest name="ReadXml_ShouldReadBehaviourContents_WhenBehaviourIsPresent" storage="d:\actions-runner\_work\xpco\xpco\mip\platformplugin\videoos.platform\unittest\bin\debug\net472\videoos.platform.tests.dll" id="e22757cf-80d8-f279-1c8a-feb5a05eb919">
      <Execution id="944694a7-bd23-48ea-985d-ef23974f1504" />
      <TestMethod codeBase="D:\actions-runner\_work\XPCO\XPCO\MIP\PlatformPlugin\VideoOS.Platform\unittest\bin\Debug\net472\VideoOS.Platform.Tests.dll" adapterTypeName="executor://mstestadapter/v2" className="VideoOS.Platform.Tests.Metadata.OnvifObjectTests" name="ReadXml_ShouldReadBehaviourContents_WhenBehaviourIsPresent" />
    </UnitTest>
    <UnitTest name="WriteXml_ShouldWriteAllFrames_WhenThereAreMultipleFramesPresent" storage="d:\actions-runner\_work\xpco\xpco\mip\platformplugin\videoos.platform\unittest\bin\debug\net472\videoos.platform.tests.dll" id="25843545-ef80-11aa-4565-6026ffae4df6">
      <Execution id="d1fc6b71-b65f-4e5d-9a96-2011b80035f8" />
      <TestMethod codeBase="D:\actions-runner\_work\XPCO\XPCO\MIP\PlatformPlugin\VideoOS.Platform\unittest\bin\Debug\net472\VideoOS.Platform.Tests.dll" adapterTypeName="executor://mstestadapter/v2" className="VideoOS.Platform.Tests.Metadata.VideoAnalyticsTests" name="WriteXml_ShouldWriteAllFrames_WhenThereAreMultipleFramesPresent" />
    </UnitTest>
    <UnitTest name="AddFilterValue_ExistingValue_SecondValue_Success" storage="d:\actions-runner\_work\xpco\xpco\mip\platformplugin\videoos.platform\unittest\bin\debug\net472\videoos.platform.tests.dll" id="c201cfe9-d7ef-1767-28d0-57fcb8de2460">
      <TestCategory>
        <TestCategoryItem TestCategory="Search" />
      </TestCategory>
      <Execution id="5699dbe8-2691-4421-9463-ca246a6777ce" />
      <TestMethod codeBase="D:\actions-runner\_work\XPCO\XPCO\MIP\PlatformPlugin\VideoOS.Platform\unittest\bin\Debug\net472\VideoOS.Platform.Tests.dll" adapterTypeName="executor://mstestadapter/v2" className="VideoOS.Platform.Tests.Search.SearchCriteriaTest" name="AddFilterValue_ExistingValue_SecondValue_Success" />
    </UnitTest>
    <UnitTest name="ReadXml_ShouldSetUtcTimeToMinimumDateTime_WhenUtcTimeAttributeIsPresentButNotParsable" storage="d:\actions-runner\_work\xpco\xpco\mip\platformplugin\videoos.platform\unittest\bin\debug\net472\videoos.platform.tests.dll" id="da9bdaf7-bb7b-c4ed-24c1-5ff24e912e57">
      <Execution id="f2649897-97c4-413c-a389-78d79f0afa99" />
      <TestMethod codeBase="D:\actions-runner\_work\XPCO\XPCO\MIP\PlatformPlugin\VideoOS.Platform\unittest\bin\Debug\net472\VideoOS.Platform.Tests.dll" adapterTypeName="executor://mstestadapter/v2" className="VideoOS.Platform.Tests.Metadata.FrameTests" name="ReadXml_ShouldSetUtcTimeToMinimumDateTime_WhenUtcTimeAttributeIsPresentButNotParsable" />
    </UnitTest>
    <UnitTest name="Construct3_And_Field_Check" storage="d:\actions-runner\_work\xpco\xpco\mip\platformplugin\videoos.platform\unittest\bin\debug\net472\videoos.platform.tests.dll" id="6e4090e6-94bd-7c50-aeb3-2559b9307fcd">
      <Execution id="7677003c-aa4b-42e2-ab05-4b9acbc13a1d" />
      <TestMethod codeBase="D:\actions-runner\_work\XPCO\XPCO\MIP\PlatformPlugin\VideoOS.Platform\unittest\bin\Debug\net472\VideoOS.Platform.Tests.dll" adapterTypeName="executor://mstestadapter/v2" className="VideoOS.Platform.Tests.ItemTests" name="Construct3_And_Field_Check" />
    </UnitTest>
    <UnitTest name="WriteXml_ShouldWriteAllClassCandidates_WhenThereAreMultipleClassCandidatesPresent" storage="d:\actions-runner\_work\xpco\xpco\mip\platformplugin\videoos.platform\unittest\bin\debug\net472\videoos.platform.tests.dll" id="4bcbb7d4-08c1-9252-8fa2-fa28745614be">
      <Execution id="9c96695e-d965-4cf9-a8ec-bae1a7dfafe2" />
      <TestMethod codeBase="D:\actions-runner\_work\XPCO\XPCO\MIP\PlatformPlugin\VideoOS.Platform\unittest\bin\Debug\net472\VideoOS.Platform.Tests.dll" adapterTypeName="executor://mstestadapter/v2" className="VideoOS.Platform.Tests.Metadata.OnvifClassTests" name="WriteXml_ShouldWriteAllClassCandidates_WhenThereAreMultipleClassCandidatesPresent" />
    </UnitTest>
    <UnitTest name="TestMultiLevelQueue_OneLevel_Success" storage="d:\actions-runner\_work\xpco\xpco\mip\platformplugin\videoos.platform\unittest\bin\debug\net472\videoos.platform.tests.dll" id="1d781042-4a4b-edb4-7dfd-5edbb643ac7b">
      <Execution id="7fadf8de-a595-40d8-91ce-6575af16e5e2" />
      <TestMethod codeBase="D:\actions-runner\_work\XPCO\XPCO\MIP\PlatformPlugin\VideoOS.Platform\unittest\bin\Debug\net472\VideoOS.Platform.Tests.dll" adapterTypeName="executor://mstestadapter/v2" className="VideoOS.Platform.Tests.Util.Queue.MultiLevelResourceQueueTests" name="TestMultiLevelQueue_OneLevel_Success" />
    </UnitTest>
    <UnitTest name="RemoveFilterValue_OtherValuesPresent_Success" storage="d:\actions-runner\_work\xpco\xpco\mip\platformplugin\videoos.platform\unittest\bin\debug\net472\videoos.platform.tests.dll" id="b6767da0-b71f-abbd-7405-75d592f9abf3">
      <TestCategory>
        <TestCategoryItem TestCategory="Search" />
      </TestCategory>
      <Execution id="f68470f7-7e3d-46ce-a424-0a4016567063" />
      <TestMethod codeBase="D:\actions-runner\_work\XPCO\XPCO\MIP\PlatformPlugin\VideoOS.Platform\unittest\bin\Debug\net472\VideoOS.Platform.Tests.dll" adapterTypeName="executor://mstestadapter/v2" className="VideoOS.Platform.Tests.Search.SearchCriteriaTest" name="RemoveFilterValue_OtherValuesPresent_Success" />
    </UnitTest>
    <UnitTest name="Serialize_TestCases (TestParentTypeMatchDecimalThisTypeMatched)" storage="d:\actions-runner\_work\xpco\xpco\mip\platformplugin\videoos.platform\unittest\bin\debug\net472\videoos.platform.tests.dll" id="3d30bb33-ce76-b575-87f7-58c02b2189a7">
      <Execution id="1a7f252c-0e7a-4464-8e55-8903d9dafc66" />
      <TestMethod codeBase="D:\actions-runner\_work\XPCO\XPCO\MIP\PlatformPlugin\VideoOS.Platform\unittest\bin\Debug\net472\VideoOS.Platform.Tests.dll" adapterTypeName="executor://mstestadapter/v2" className="VideoOS.Platform.Tests.UI.Controls.Automation.Serialization.AutomationObjectSerializerTest" name="Serialize_TestCases" />
    </UnitTest>
    <UnitTest name="OverlapsWith_ShouldReturnFalse_WhenArgumenStartIsEqualToEnd" storage="d:\actions-runner\_work\xpco\xpco\mip\platformplugin\videoos.platform\unittest\bin\debug\net472\videoos.platform.tests.dll" id="447829a4-f86b-01dd-760a-c4052e1b005d">
      <Execution id="6f8c7702-7b6c-4106-b604-8677bda41c04" />
      <TestMethod codeBase="D:\actions-runner\_work\XPCO\XPCO\MIP\PlatformPlugin\VideoOS.Platform\unittest\bin\Debug\net472\VideoOS.Platform.Tests.dll" adapterTypeName="executor://mstestadapter/v2" className="VideoOS.Platform.Tests.Util.TimeIntervalTests" name="OverlapsWith_ShouldReturnFalse_WhenArgumenStartIsEqualToEnd" />
    </UnitTest>
    <UnitTest name="ReadXml_ShouldReadBoldAttribute_WhenPresent" storage="d:\actions-runner\_work\xpco\xpco\mip\platformplugin\videoos.platform\unittest\bin\debug\net472\videoos.platform.tests.dll" id="d09566d1-6438-9687-6d98-ba12ffff4915">
      <Execution id="3c5ebc82-0183-447d-9520-e714fd253a85" />
      <TestMethod codeBase="D:\actions-runner\_work\XPCO\XPCO\MIP\PlatformPlugin\VideoOS.Platform\unittest\bin\Debug\net472\VideoOS.Platform.Tests.dll" adapterTypeName="executor://mstestadapter/v2" className="VideoOS.Platform.Tests.Metadata.DisplayTextTests" name="ReadXml_ShouldReadBoldAttribute_WhenPresent" />
    </UnitTest>
    <UnitTest name="GetAtOrBefore_ShouldReturnNull_WhenToolkitReturnsNull" storage="d:\actions-runner\_work\xpco\xpco\mip\platformplugin\videoos.platform\unittest\bin\debug\net472\videoos.platform.tests.dll" id="96ff7aa1-841c-ccfd-6ea5-bb02ee21f492">
      <Execution id="6d76c4c8-05a6-4395-ae72-df9a0813b3ef" />
      <TestMethod codeBase="D:\actions-runner\_work\XPCO\XPCO\MIP\PlatformPlugin\VideoOS.Platform\unittest\bin\Debug\net472\VideoOS.Platform.Tests.dll" adapterTypeName="executor://mstestadapter/v2" className="VideoOS.Platform.Tests.Data.MetadataPlaybackSourceTests" name="GetAtOrBefore_ShouldReturnNull_WhenToolkitReturnsNull" />
    </UnitTest>
    <UnitTest name="GetFilterValues_SingleValueAdded_ReturnsValue" storage="d:\actions-runner\_work\xpco\xpco\mip\platformplugin\videoos.platform\unittest\bin\debug\net472\videoos.platform.tests.dll" id="60908717-d1cb-9971-94f7-facca727b89c">
      <TestCategory>
        <TestCategoryItem TestCategory="Search" />
      </TestCategory>
      <Execution id="0068cb19-ed1e-4b83-b9f1-2c494448f76f" />
      <TestMethod codeBase="D:\actions-runner\_work\XPCO\XPCO\MIP\PlatformPlugin\VideoOS.Platform\unittest\bin\Debug\net472\VideoOS.Platform.Tests.dll" adapterTypeName="executor://mstestadapter/v2" className="VideoOS.Platform.Tests.Search.SearchCriteriaTest" name="GetFilterValues_SingleValueAdded_ReturnsValue" />
    </UnitTest>
    <UnitTest name="GetEnd_ShouldReturnLastMetadataContent_WhenThereIsData" storage="d:\actions-runner\_work\xpco\xpco\mip\platformplugin\videoos.platform\unittest\bin\debug\net472\videoos.platform.tests.dll" id="f2325bdc-388f-3bfc-d37a-f2048ec03dc5">
      <Execution id="e09cf282-89f5-4775-84ac-5840fc1c538a" />
      <TestMethod codeBase="D:\actions-runner\_work\XPCO\XPCO\MIP\PlatformPlugin\VideoOS.Platform\unittest\bin\Debug\net472\VideoOS.Platform.Tests.dll" adapterTypeName="executor://mstestadapter/v2" className="VideoOS.Platform.Tests.Data.MetadataPlaybackSourceTests" name="GetEnd_ShouldReturnLastMetadataContent_WhenThereIsData" />
    </UnitTest>
    <UnitTest name="Equals_IgnoreFolderType_Fail_OnObjectId" storage="d:\actions-runner\_work\xpco\xpco\mip\platformplugin\videoos.platform\unittest\bin\debug\net472\videoos.platform.tests.dll" id="f9efcab8-a490-8c63-2e77-81876b9a47ee">
      <Execution id="cb7acb90-64e5-4ead-bd87-d1f63939d1be" />
      <TestMethod codeBase="D:\actions-runner\_work\XPCO\XPCO\MIP\PlatformPlugin\VideoOS.Platform\unittest\bin\Debug\net472\VideoOS.Platform.Tests.dll" adapterTypeName="executor://mstestadapter/v2" className="VideoOS.Platform.Tests.FQIDtests" name="Equals_IgnoreFolderType_Fail_OnObjectId" />
    </UnitTest>
    <UnitTest name="CountByItems_NotActivated_Expired" storage="d:\actions-runner\_work\xpco\xpco\mip\platformplugin\videoos.platform\unittest\bin\debug\net472\videoos.platform.tests.dll" id="868cf503-fe08-eed0-d324-72014e5624ab">
      <Execution id="1d618fc1-684a-4fcf-a2dd-a3acc7c3b705" />
      <TestMethod codeBase="D:\actions-runner\_work\XPCO\XPCO\MIP\PlatformPlugin\VideoOS.Platform\unittest\bin\Debug\net472\VideoOS.Platform.Tests.dll" adapterTypeName="executor://mstestadapter/v2" className="VideoOS.Platform.Tests.License.ResolvedLicenseCountTest" name="CountByItems_NotActivated_Expired" />
    </UnitTest>
    <UnitTest name="Serialize_ShouldThrowException_WhenPropertyIsSimpleTypeButPathContainsChildren (DoubleProperty)" storage="d:\actions-runner\_work\xpco\xpco\mip\platformplugin\videoos.platform\unittest\bin\debug\net472\videoos.platform.tests.dll" id="dc77c6d7-cfbf-1e77-b726-c432c277b3ca">
      <Execution id="41199b7c-6361-4245-ad7d-5518a6c62b6b" />
      <TestMethod codeBase="D:\actions-runner\_work\XPCO\XPCO\MIP\PlatformPlugin\VideoOS.Platform\unittest\bin\Debug\net472\VideoOS.Platform.Tests.dll" adapterTypeName="executor://mstestadapter/v2" className="VideoOS.Platform.Tests.UI.Controls.Automation.Serialization.AutomationObjectSerializerTest" name="Serialize_ShouldThrowException_WhenPropertyIsSimpleTypeButPathContainsChildren" />
    </UnitTest>
    <UnitTest name="Icon_Set" storage="d:\actions-runner\_work\xpco\xpco\mip\platformplugin\videoos.platform\unittest\bin\debug\net472\videoos.platform.tests.dll" id="b7df116d-9320-09bb-de54-2fccf2279e48">
      <Execution id="051a9f99-1fc7-404d-b6a5-56a04a2c125e" />
      <TestMethod codeBase="D:\actions-runner\_work\XPCO\XPCO\MIP\PlatformPlugin\VideoOS.Platform\unittest\bin\Debug\net472\VideoOS.Platform.Tests.dll" adapterTypeName="executor://mstestadapter/v2" className="VideoOS.Platform.Tests.ItemTests" name="Icon_Set" />
    </UnitTest>
    <UnitTest name="SearchAsync_DoSearchAsyncCalled_Success" storage="d:\actions-runner\_work\xpco\xpco\mip\platformplugin\videoos.platform\unittest\bin\debug\net472\videoos.platform.tests.dll" id="f23e3e92-54c2-2411-b215-631166fbf856">
      <TestCategory>
        <TestCategoryItem TestCategory="Search" />
      </TestCategory>
      <Execution id="b5c6e877-8420-4ea7-9ba0-52d49c7a568f" />
      <TestMethod codeBase="D:\actions-runner\_work\XPCO\XPCO\MIP\PlatformPlugin\VideoOS.Platform\unittest\bin\Debug\net472\VideoOS.Platform.Tests.dll" adapterTypeName="executor://mstestadapter/v2" className="VideoOS.Platform.Tests.Search.SearchDefinitionTest" name="SearchAsync_DoSearchAsyncCalled_Success" />
    </UnitTest>
    <UnitTest name="ReadXml_ShouldLogWarningOnlyOnceWithinOneMinute_WhenRequiredAttributeIsMissing" storage="d:\actions-runner\_work\xpco\xpco\mip\platformplugin\videoos.platform\unittest\bin\debug\net472\videoos.platform.tests.dll" id="ab8bb7fc-41b6-aa97-b7c5-389099b08870">
      <Execution id="61b91b83-132d-42e7-9048-0e77a0dacbb2" />
      <TestMethod codeBase="D:\actions-runner\_work\XPCO\XPCO\MIP\PlatformPlugin\VideoOS.Platform\unittest\bin\Debug\net472\VideoOS.Platform.Tests.dll" adapterTypeName="executor://mstestadapter/v2" className="VideoOS.Platform.Tests.Metadata.RectangleTests" name="ReadXml_ShouldLogWarningOnlyOnceWithinOneMinute_WhenRequiredAttributeIsMissing" />
    </UnitTest>
  </TestDefinitions>
  <TestEntries>
    <TestEntry testId="06f72c6d-178e-1776-b54f-f3db73a3e144" executionId="f59c92fd-4ef8-4833-baaf-5bdc17cffc92" testListId="8c84fa94-04c1-424b-9868-57a2d4851a1d" />
    <TestEntry testId="acd28437-0e13-f5d1-fe2d-ceccbcc0b0d8" executionId="a16db8be-5575-4360-bf8b-4a5957338320" testListId="8c84fa94-04c1-424b-9868-57a2d4851a1d" />
    <TestEntry testId="87294391-1825-1ce5-7f19-56b62f49e8c1" executionId="57aeb5e7-a28a-4f71-8389-2cf1b3aef7a8" testListId="8c84fa94-04c1-424b-9868-57a2d4851a1d" />
    <TestEntry testId="7b6494d9-14d1-e703-8dce-eacd52852ebc" executionId="39f724ab-31b3-4e3d-9234-615328a8a121" testListId="8c84fa94-04c1-424b-9868-57a2d4851a1d" />
    <TestEntry testId="fcc01d6e-2b82-f145-070c-31467e83d08e" executionId="4f8423cd-fd5a-4120-8c97-7fed4563e303" testListId="8c84fa94-04c1-424b-9868-57a2d4851a1d" />
    <TestEntry testId="3c6ad7f5-47ac-d2a1-3c86-5077b25134ea" executionId="96270406-f5f1-4724-828a-81c53ed99586" testListId="8c84fa94-04c1-424b-9868-57a2d4851a1d" />
    <TestEntry testId="90432d5a-5fa4-a037-9446-73f5d0f5dd30" executionId="a48de7e9-c6ca-4104-ab6e-b80a6002dd03" testListId="8c84fa94-04c1-424b-9868-57a2d4851a1d" />
    <TestEntry testId="6fd6583b-6e84-0268-1f57-5ed2e7f07344" executionId="57dc3bbc-a6a2-4a68-a26a-b68a0e3e09ba" testListId="8c84fa94-04c1-424b-9868-57a2d4851a1d" />
    <TestEntry testId="d2434559-e3a7-5692-c403-1d47d873a133" executionId="83b9bf6a-ddfc-42d6-93b4-4a2b68360bf6" testListId="8c84fa94-04c1-424b-9868-57a2d4851a1d" />
    <TestEntry testId="88e95bf1-e2f8-873d-5b44-49c57ad713ac" executionId="7ae0313a-5518-4f7f-bd51-79cf764a9b8d" testListId="8c84fa94-04c1-424b-9868-57a2d4851a1d" />
    <TestEntry testId="13d7aebd-6cec-2e73-3e91-8e5121f9f1bc" executionId="2779f87a-6f3f-4ccf-b203-941243bc067e" testListId="8c84fa94-04c1-424b-9868-57a2d4851a1d" />
    <TestEntry testId="3c09d4cb-f13e-d121-455f-42d4e3bd3224" executionId="34bccabe-aba6-46b3-af2a-97406955ee32" testListId="8c84fa94-04c1-424b-9868-57a2d4851a1d" />
    <TestEntry testId="0479c184-1f1e-07e0-e9bf-b787331a6833" executionId="9245ba39-1659-4570-9381-788e3064d478" testListId="8c84fa94-04c1-424b-9868-57a2d4851a1d" />
    <TestEntry testId="6271bc67-5e80-6155-5dfc-c8f30ff7d226" executionId="dfa9dbad-d190-4e74-b45b-23fb4c691a4c" testListId="8c84fa94-04c1-424b-9868-57a2d4851a1d" />
    <TestEntry testId="cc8e9b7e-62a1-d82e-3e31-af5cf935c88a" executionId="10b25018-ab95-4cba-9be1-95e638d675fa" testListId="8c84fa94-04c1-424b-9868-57a2d4851a1d" />
    <TestEntry testId="86d87531-58b0-c805-e0a3-bb2bb5312580" executionId="eeab0e03-adee-417c-a35e-4bc78c64288b" testListId="8c84fa94-04c1-424b-9868-57a2d4851a1d" />
    <TestEntry testId="8deb741b-167d-6a1a-855a-646fe46075da" executionId="31e999e8-b874-4eba-9524-3c9985becacb" testListId="8c84fa94-04c1-424b-9868-57a2d4851a1d" />
    <TestEntry testId="a2a93cec-e7b9-3a98-e5c4-9eb836279da9" executionId="25f68487-553f-47d3-a72c-0c74a1c9814c" testListId="8c84fa94-04c1-424b-9868-57a2d4851a1d" />
    <TestEntry testId="bb7fb76c-e069-4fd0-bdf8-cc43e62b4ee4" executionId="21944987-e642-47d2-891f-323c05eb143e" testListId="8c84fa94-04c1-424b-9868-57a2d4851a1d" />
    <TestEntry testId="bbdf2549-aad3-7a58-579e-b0fce02debdf" executionId="3d6ef223-8095-4391-8517-53a2d7c4fd6d" testListId="8c84fa94-04c1-424b-9868-57a2d4851a1d" />
    <TestEntry testId="ea812c4e-499f-c48f-48ec-0c8b2f821c14" executionId="ab232baf-5c2d-447f-a40f-c8f9a48d9946" testListId="8c84fa94-04c1-424b-9868-57a2d4851a1d" />
    <TestEntry testId="890cd7d3-d5de-1eb5-735a-80921ce3d8c1" executionId="19eed6c7-ed19-4ba8-bb3f-c48dc524943e" testListId="8c84fa94-04c1-424b-9868-57a2d4851a1d" />
    <TestEntry testId="af1b57b7-d4d3-cc7c-77e2-0a953337a6f4" executionId="d2361e00-32dd-4ddc-ad3c-eac990f76bef" testListId="8c84fa94-04c1-424b-9868-57a2d4851a1d" />
    <TestEntry testId="79b8fa33-af80-9f78-4ef9-04a20433e050" executionId="e12fcdf2-d0fa-4a95-be67-ac83f0f7a7e9" testListId="8c84fa94-04c1-424b-9868-57a2d4851a1d" />
    <TestEntry testId="a3089784-5b87-5aa6-6c29-ce468fd5b9ef" executionId="66ad7a12-a40d-46b6-b646-94dabaf961aa" testListId="8c84fa94-04c1-424b-9868-57a2d4851a1d" />
    <TestEntry testId="6693e462-e8ba-ed25-48bc-eff1d5392eaa" executionId="29e9c23b-cceb-468f-aaab-57b1762ff1a4" testListId="8c84fa94-04c1-424b-9868-57a2d4851a1d" />
    <TestEntry testId="53422728-4202-db44-815d-fc4c107ae306" executionId="0f95fd27-f682-4af2-993a-448ad490a288" testListId="8c84fa94-04c1-424b-9868-57a2d4851a1d" />
    <TestEntry testId="ae1fcdcb-f991-e67c-d221-5879496f84bd" executionId="f83d3c4c-3b48-42ed-bd1d-460c36b0ceaa" testListId="8c84fa94-04c1-424b-9868-57a2d4851a1d" />
    <TestEntry testId="ebfe7877-f55a-fab7-3a7d-8cf9c4a15098" executionId="ae566809-19f4-43c7-9fde-11f84084ab60" testListId="8c84fa94-04c1-424b-9868-57a2d4851a1d" />
    <TestEntry testId="1d781042-4a4b-edb4-7dfd-5edbb643ac7b" executionId="7fadf8de-a595-40d8-91ce-6575af16e5e2" testListId="8c84fa94-04c1-424b-9868-57a2d4851a1d" />
    <TestEntry testId="97bf175b-3437-3a0c-6b6e-4f876d982b3c" executionId="b09b02db-637d-4277-9cfb-319853810db0" testListId="8c84fa94-04c1-424b-9868-57a2d4851a1d" />
    <TestEntry testId="97fbdc51-18ba-7aa5-3b45-4fad3a6c36f9" executionId="55664f10-a783-4641-9873-6f0760808f29" testListId="8c84fa94-04c1-424b-9868-57a2d4851a1d" />
    <TestEntry testId="72564ee7-6904-9d2d-9a11-6e408d6771a9" executionId="6cb2868a-11de-4a3e-9f5e-72e9c5ea7b5c" testListId="8c84fa94-04c1-424b-9868-57a2d4851a1d" />
    <TestEntry testId="9603f266-e6e4-b592-6c00-2621c8820864" executionId="3398d01c-4e43-4df5-9c4b-1bfd0e97efa0" testListId="8c84fa94-04c1-424b-9868-57a2d4851a1d" />
    <TestEntry testId="31051539-7cfa-1db5-4cea-df2287622770" executionId="670f5261-056d-4236-bb93-23ed45f22051" testListId="8c84fa94-04c1-424b-9868-57a2d4851a1d" />
    <TestEntry testId="0fd399d2-70b7-1bf0-1292-5d37ff538834" executionId="0346773a-c785-4873-aa8c-eba50ad42410" testListId="8c84fa94-04c1-424b-9868-57a2d4851a1d" />
    <TestEntry testId="beb002c5-eb95-8910-8bc5-4aa180fe028d" executionId="3d2899f4-239d-44c5-87f6-c0996a13c716" testListId="8c84fa94-04c1-424b-9868-57a2d4851a1d" />
    <TestEntry testId="68839c3f-a774-538d-b591-9a44c343225f" executionId="42bebfb0-922b-4ea5-8f1e-b1c49d012f70" testListId="8c84fa94-04c1-424b-9868-57a2d4851a1d" />
    <TestEntry testId="dc1fd292-e174-668d-7833-c1854255d61a" executionId="5f3abbc7-1222-4473-bfb1-6bc63eeeb3e1" testListId="8c84fa94-04c1-424b-9868-57a2d4851a1d" />
    <TestEntry testId="786f976f-79dc-fb5a-d9d5-d8983ae14820" executionId="3b838557-5ad0-41fc-a490-2a503aeeb24e" testListId="8c84fa94-04c1-424b-9868-57a2d4851a1d" />
    <TestEntry testId="d0ba50f6-c050-7856-3856-4bb2c3dada0c" executionId="38110a85-c93b-4448-b78e-a869994c867f" testListId="8c84fa94-04c1-424b-9868-57a2d4851a1d" />
    <TestEntry testId="14b61d2f-5443-8ef0-349e-b30883ba9c22" executionId="44f6f095-902b-459d-8a4e-15049453aee0" testListId="8c84fa94-04c1-424b-9868-57a2d4851a1d" />
    <TestEntry testId="d3b94a2a-26e3-905f-c1f3-df866517ab99" executionId="613b4a0c-edf9-4463-b782-e743ef4ca4d7" testListId="8c84fa94-04c1-424b-9868-57a2d4851a1d" />
    <TestEntry testId="5676d068-f210-9f05-bcb4-4154c077d90e" executionId="71a75a32-eff5-4aa6-9d3d-803f0d849772" testListId="8c84fa94-04c1-424b-9868-57a2d4851a1d" />
    <TestEntry testId="9f7143c5-f21b-a4cb-b62f-d856a6e8e1f7" executionId="73d4abf1-01ce-441c-a5bf-e5ec0e2f20bd" testListId="8c84fa94-04c1-424b-9868-57a2d4851a1d" />
    <TestEntry testId="870b8bee-54f6-8f61-66d6-a77bd6f1687b" executionId="29e63d68-5da8-42f0-98e3-9738e88364f5" testListId="8c84fa94-04c1-424b-9868-57a2d4851a1d" />
    <TestEntry testId="75ddd398-1cad-151d-e563-84e2015359ae" executionId="39517d28-620f-425c-b867-f93b75b5d943" testListId="8c84fa94-04c1-424b-9868-57a2d4851a1d" />
    <TestEntry testId="434b37e3-6652-e454-29de-d80f3b84f997" executionId="88ec8e3b-18a8-46dd-a55f-0ff883250c33" testListId="8c84fa94-04c1-424b-9868-57a2d4851a1d" />
    <TestEntry testId="ee569e33-e92a-4e12-13b7-cfb199db4a03" executionId="f856420a-1c2e-400f-86aa-530622dbee13" testListId="8c84fa94-04c1-424b-9868-57a2d4851a1d" />
    <TestEntry testId="712e2140-9dcc-9696-ddc4-73aad2a14137" executionId="b3684e50-7673-4849-9967-de871aa16332" testListId="8c84fa94-04c1-424b-9868-57a2d4851a1d" />
    <TestEntry testId="a3d1fe6d-f6a5-f28a-ba65-630894318089" executionId="3b5ec556-ff4a-4d25-a365-b468af1b5af2" testListId="8c84fa94-04c1-424b-9868-57a2d4851a1d" />
    <TestEntry testId="479ac9a4-db24-66b5-ae47-500a4c5f414e" executionId="b489dae6-46b4-42f0-8a59-db53f96e2066" testListId="8c84fa94-04c1-424b-9868-57a2d4851a1d" />
    <TestEntry testId="c412921c-a830-d00a-e2a6-2eda860b9055" executionId="924f55da-5846-4031-8972-a2a95b7d1eba" testListId="8c84fa94-04c1-424b-9868-57a2d4851a1d" />
    <TestEntry testId="dadc7e5e-3e0c-da11-a65f-57361b774307" executionId="a3c90337-af28-4a34-9b3d-405898e12e58" testListId="8c84fa94-04c1-424b-9868-57a2d4851a1d" />
    <TestEntry testId="935bdf43-855a-f0b1-5928-21e0e8057f44" executionId="4ba266bf-7421-4401-817a-0a60a258c1b1" testListId="8c84fa94-04c1-424b-9868-57a2d4851a1d" />
    <TestEntry testId="7603cc3a-7642-d05f-79c1-6c139b33135d" executionId="890d333c-94a9-401b-ae54-a5252ad037be" testListId="8c84fa94-04c1-424b-9868-57a2d4851a1d" />
    <TestEntry testId="8f38f84f-ef7b-c71d-fc5d-8932529a4a0f" executionId="65210323-dfd0-4c36-b9cd-3100115b420c" testListId="8c84fa94-04c1-424b-9868-57a2d4851a1d" />
    <TestEntry testId="c0bd25d5-74fa-a92b-42e1-7e499486e888" executionId="53a0ea9b-9538-48e8-839b-35c42278af5a" testListId="8c84fa94-04c1-424b-9868-57a2d4851a1d" />
    <TestEntry testId="c2275de9-9fb7-2d15-4e82-ae68930b46f3" executionId="84f6031e-e9b9-486b-8e9a-9f6e7082425c" testListId="8c84fa94-04c1-424b-9868-57a2d4851a1d" />
    <TestEntry testId="6a35aa0d-9441-e9e5-f921-b7f637c9a652" executionId="4eba820f-0962-4aad-8d13-4c395f8ab77a" testListId="8c84fa94-04c1-424b-9868-57a2d4851a1d" />
    <TestEntry testId="3f059c6a-7cda-fa81-0b37-29c0a5c4596b" executionId="7a2721fb-1172-4963-896a-4176e0ff651e" testListId="8c84fa94-04c1-424b-9868-57a2d4851a1d" />
    <TestEntry testId="fbbc45ef-78b8-acb6-dc04-1e7a7f11e95a" executionId="1f9d8b82-d045-4b84-84f8-8f4d93ab82e5" testListId="8c84fa94-04c1-424b-9868-57a2d4851a1d" />
    <TestEntry testId="3d30bb33-ce76-b575-87f7-58c02b2189a7" executionId="1a7f252c-0e7a-4464-8e55-8903d9dafc66" testListId="8c84fa94-04c1-424b-9868-57a2d4851a1d" />
    <TestEntry testId="426fd024-0e4c-9e4a-2e43-44c5266f80d0" executionId="337026a2-2be7-46ed-8963-4240fb9eb319" testListId="8c84fa94-04c1-424b-9868-57a2d4851a1d" />
    <TestEntry testId="d7839ae1-9662-254a-edc4-21e217d972c9" executionId="0a4a412e-9a9f-4e21-9000-7dc3f9283a6d" testListId="8c84fa94-04c1-424b-9868-57a2d4851a1d" />
    <TestEntry testId="a768137e-5549-c79d-d4cb-ddd67ba25589" executionId="8ca9946c-665e-47d0-94c0-6904548ff4d2" testListId="8c84fa94-04c1-424b-9868-57a2d4851a1d" />
    <TestEntry testId="b6c8d5b4-b132-7bf9-41ce-a46ff913fc34" executionId="4fadda0f-e0fd-436a-b0d0-04781a01826f" testListId="8c84fa94-04c1-424b-9868-57a2d4851a1d" />
    <TestEntry testId="bc715522-4e2d-31ab-3b59-559f11d2404a" executionId="2ae1e2e4-361e-4b52-81b6-bce289393623" testListId="8c84fa94-04c1-424b-9868-57a2d4851a1d" />
    <TestEntry testId="1231dbfb-8caf-95d4-fa10-3201d28cc912" executionId="18eca75b-b448-4070-be3b-d7a126e38b49" testListId="8c84fa94-04c1-424b-9868-57a2d4851a1d" />
    <TestEntry testId="0881e79b-b33f-db23-4717-e6bc85ee2141" executionId="26c1d75d-ef55-49f7-901c-ee31a975f9bb" testListId="8c84fa94-04c1-424b-9868-57a2d4851a1d" />
    <TestEntry testId="31a03b18-193d-f844-e92f-19d317699a01" executionId="67d48c34-2b3d-4e36-8461-5d7d980c7018" testListId="8c84fa94-04c1-424b-9868-57a2d4851a1d" />
    <TestEntry testId="3363df9c-1686-e3c9-673a-c7382ed08e03" executionId="2900de68-1be1-4185-bf6c-3113a8c1e13d" testListId="8c84fa94-04c1-424b-9868-57a2d4851a1d" />
    <TestEntry testId="63610c24-9538-e81d-7363-0d5652fbe351" executionId="ee8333bf-85c3-43a0-a21e-07209912e379" testListId="8c84fa94-04c1-424b-9868-57a2d4851a1d" />
    <TestEntry testId="dccf2726-dfd0-7d43-4aa6-126f8354b46b" executionId="c6fa9b27-f676-463f-b014-113f55be50f6" testListId="8c84fa94-04c1-424b-9868-57a2d4851a1d" />
    <TestEntry testId="94e89fbd-ee0e-4e65-a79e-fa57a63dcb34" executionId="a1f19606-9c34-4274-a258-041140556c40" testListId="8c84fa94-04c1-424b-9868-57a2d4851a1d" />
    <TestEntry testId="276c0e6d-3f7a-82fd-4800-9c53564baba3" executionId="791ca5bd-e8f5-47aa-9d90-1eecbfa1e762" testListId="8c84fa94-04c1-424b-9868-57a2d4851a1d" />
    <TestEntry testId="49bc91b3-0e58-95cf-9899-940758bf9038" executionId="29400acf-4e92-4061-8e69-df7f1de0102f" testListId="8c84fa94-04c1-424b-9868-57a2d4851a1d" />
    <TestEntry testId="ecc8a678-a940-3ae6-944a-34c722824547" executionId="f58a41f6-b60e-4d09-b99d-6e9926c3837f" testListId="8c84fa94-04c1-424b-9868-57a2d4851a1d" />
    <TestEntry testId="fbabebe5-f475-8769-2079-7693b5c62d8c" executionId="d5a8dece-30fb-4415-a098-a95f8fb66d2f" testListId="8c84fa94-04c1-424b-9868-57a2d4851a1d" />
    <TestEntry testId="4659fd71-0ee0-a506-0553-a81ccc9c9c0b" executionId="755ca432-daae-4550-81e5-0a37de9e6937" testListId="8c84fa94-04c1-424b-9868-57a2d4851a1d" />
    <TestEntry testId="f761c35c-23da-0635-088d-82edc227a6c9" executionId="30a3a25f-cff3-4a71-ab5f-9f4ac43be48a" testListId="8c84fa94-04c1-424b-9868-57a2d4851a1d" />
    <TestEntry testId="e10db072-c885-f638-cbd6-f0cb1d9146d0" executionId="e3059a6a-af99-4699-b79a-505c575f25ab" testListId="8c84fa94-04c1-424b-9868-57a2d4851a1d" />
    <TestEntry testId="9504291e-b74b-48e8-7789-94b6a1151b40" executionId="06e17611-f373-4ced-9c47-f8ad9be70899" testListId="8c84fa94-04c1-424b-9868-57a2d4851a1d" />
    <TestEntry testId="daf5f08d-c32f-df8c-b33e-1ba8ee1cff44" executionId="ac300e42-61d6-4dd5-9b2b-2625e5098e60" testListId="8c84fa94-04c1-424b-9868-57a2d4851a1d" />
    <TestEntry testId="4f71e5f9-12a6-0f01-a280-c78b7d7b307a" executionId="f18bdaa8-164f-46c4-adc2-91391f932e41" testListId="8c84fa94-04c1-424b-9868-57a2d4851a1d" />
    <TestEntry testId="f851da50-448f-2d4e-828e-d2ff64fc9049" executionId="aefa8430-3085-4d94-8045-058d254bbc61" testListId="8c84fa94-04c1-424b-9868-57a2d4851a1d" />
    <TestEntry testId="038e82e7-0736-b906-6069-bf165dcdf81d" executionId="934534bd-939e-4158-b203-fc07c61d64ac" testListId="8c84fa94-04c1-424b-9868-57a2d4851a1d" />
    <TestEntry testId="18ccdaf8-d982-0e82-d316-63446f746fd7" executionId="fad952d8-52f0-4968-a5b2-f0c746068e6a" testListId="8c84fa94-04c1-424b-9868-57a2d4851a1d" />
    <TestEntry testId="f8feb370-a546-7995-c8e5-2c5a9509dee9" executionId="2b05ba9c-9fe9-4e18-b61e-430e6da3a5e7" testListId="8c84fa94-04c1-424b-9868-57a2d4851a1d" />
    <TestEntry testId="a0064dcf-0da1-ba4b-2406-1e7e76d7ad3a" executionId="8aade971-3dbe-4023-94a7-9310fc364a73" testListId="8c84fa94-04c1-424b-9868-57a2d4851a1d" />
    <TestEntry testId="b6767da0-b71f-abbd-7405-75d592f9abf3" executionId="f68470f7-7e3d-46ce-a424-0a4016567063" testListId="8c84fa94-04c1-424b-9868-57a2d4851a1d" />
    <TestEntry testId="441213bb-d837-6a17-d5bf-0e8158ed876c" executionId="9cab9563-cc41-4dd4-8994-88bd28c0a913" testListId="8c84fa94-04c1-424b-9868-57a2d4851a1d" />
    <TestEntry testId="bc934390-fccd-2d5c-15be-99650a75c9f5" executionId="6bdb8588-8706-4284-98ca-379238615ea1" testListId="8c84fa94-04c1-424b-9868-57a2d4851a1d" />
    <TestEntry testId="3881d3ff-e33d-04a6-6ad4-69b98dedc6b4" executionId="55d7b91d-1b01-4d47-ace2-be199c6c62fb" testListId="8c84fa94-04c1-424b-9868-57a2d4851a1d" />
    <TestEntry testId="b357ddf5-0643-7e7d-12aa-101fa59704c1" executionId="71e8a897-730b-47db-b6e3-b73392297f2b" testListId="8c84fa94-04c1-424b-9868-57a2d4851a1d" />
    <TestEntry testId="3d2f83cf-7ffc-636c-c571-d10ae35f205f" executionId="a396b149-5756-4528-a612-d3dc4fa6d959" testListId="8c84fa94-04c1-424b-9868-57a2d4851a1d" />
    <TestEntry testId="a32877bc-9b7f-e906-c5f0-bd91b67c99a7" executionId="98d5faf8-b64b-4518-abd6-d79b90f908ee" testListId="8c84fa94-04c1-424b-9868-57a2d4851a1d" />
    <TestEntry testId="b10c5cfd-13d5-732d-40b9-1c8a8f0d6512" executionId="0a93a521-9785-4336-b118-3ef838fe2785" testListId="8c84fa94-04c1-424b-9868-57a2d4851a1d" />
    <TestEntry testId="04126902-9508-0ab4-a88b-c6cc8b546986" executionId="0c54dfa1-e397-4d8b-a8d2-82cbf75f3897" testListId="8c84fa94-04c1-424b-9868-57a2d4851a1d" />
    <TestEntry testId="4bb55630-8b3a-5b1a-80b5-da8fceb36d41" executionId="8f6f8960-1e16-40bc-9ace-49b498b82179" testListId="8c84fa94-04c1-424b-9868-57a2d4851a1d" />
    <TestEntry testId="115cf00c-004b-6d3a-9de0-103eb4fece2f" executionId="3252773f-dab9-4df0-a777-f687ea27d18c" testListId="8c84fa94-04c1-424b-9868-57a2d4851a1d" />
    <TestEntry testId="2da09afd-447a-1927-2e16-59b373bc893e" executionId="5f49ce52-6096-47a6-817f-e838eb165dd5" testListId="8c84fa94-04c1-424b-9868-57a2d4851a1d" />
    <TestEntry testId="b92c2d23-e9a0-a785-771e-708c304e0f26" executionId="6b8672ce-6445-4057-bee8-2a4f10ec7f59" testListId="8c84fa94-04c1-424b-9868-57a2d4851a1d" />
    <TestEntry testId="5f1d3042-4664-b398-297d-153c346ec0d1" executionId="90cb94e7-8c95-449d-9713-46eed7ba6f06" testListId="8c84fa94-04c1-424b-9868-57a2d4851a1d" />
    <TestEntry testId="b8276ba3-7850-cbef-143f-fbd86d2ed190" executionId="e91cb54f-07cb-44b1-b437-bb57ae9f9fb5" testListId="8c84fa94-04c1-424b-9868-57a2d4851a1d" />
    <TestEntry testId="5c70b94c-c2ae-ec2f-8c4d-56b452bbdede" executionId="1601c136-81c7-4f17-b401-d61419a70834" testListId="8c84fa94-04c1-424b-9868-57a2d4851a1d" />
    <TestEntry testId="b7df116d-9320-09bb-de54-2fccf2279e48" executionId="051a9f99-1fc7-404d-b6a5-56a04a2c125e" testListId="8c84fa94-04c1-424b-9868-57a2d4851a1d" />
    <TestEntry testId="0209b421-7614-162d-e45d-48fbd126c964" executionId="bda013a4-2e6b-49a7-9ef1-e1cf00604f71" testListId="8c84fa94-04c1-424b-9868-57a2d4851a1d" />
    <TestEntry testId="f02151f2-7537-c913-0353-0c1cefe4a11e" executionId="70fb93b2-4f2f-4543-bb5d-2b42138e37a6" testListId="8c84fa94-04c1-424b-9868-57a2d4851a1d" />
    <TestEntry testId="27f0a424-dd24-08ba-788b-f15f39b1c327" executionId="ef2660d2-96b4-49f7-9b9c-b6160deae8ea" testListId="8c84fa94-04c1-424b-9868-57a2d4851a1d" />
    <TestEntry testId="ab352261-f7fb-4de5-d0ab-b3696dc3f865" executionId="8e1096c5-ded5-462a-9108-f94f435b3052" testListId="8c84fa94-04c1-424b-9868-57a2d4851a1d" />
    <TestEntry testId="b239663f-1e50-f69c-66e6-3b0384771bf2" executionId="f56d758e-37cd-462a-8d11-f9f5925c4d9d" testListId="8c84fa94-04c1-424b-9868-57a2d4851a1d" />
    <TestEntry testId="4bcbb7d4-08c1-9252-8fa2-fa28745614be" executionId="9c96695e-d965-4cf9-a8ec-bae1a7dfafe2" testListId="8c84fa94-04c1-424b-9868-57a2d4851a1d" />
    <TestEntry testId="7b2725af-6cca-aaf7-125b-307ed988b6a3" executionId="9ace786f-5a32-40bb-83ed-68a9ddd5d300" testListId="8c84fa94-04c1-424b-9868-57a2d4851a1d" />
    <TestEntry testId="ad88d97c-caee-1d9c-2151-7b83477290c3" executionId="8d0c5520-f7a6-456d-ad8e-6805ea4df655" testListId="8c84fa94-04c1-424b-9868-57a2d4851a1d" />
    <TestEntry testId="e3e33591-e2f2-c832-fee1-8688ba9ec456" executionId="e59836bb-c57a-42c8-92bd-996750c33d4f" testListId="8c84fa94-04c1-424b-9868-57a2d4851a1d" />
    <TestEntry testId="9fc73790-9fce-7434-a93e-864e387eae18" executionId="6adada52-29b2-4e4d-bb6a-2ef12de9958c" testListId="8c84fa94-04c1-424b-9868-57a2d4851a1d" />
    <TestEntry testId="20d9288d-2ec6-4b24-6a84-22a61e3296f1" executionId="dcb443c6-7c75-4121-a8f6-79c6570e4458" testListId="8c84fa94-04c1-424b-9868-57a2d4851a1d" />
    <TestEntry testId="6494ab94-5c0c-369b-99ff-59bfdd03b59b" executionId="6af9c6c8-7bbf-46d4-87a8-8b34dd8352f1" testListId="8c84fa94-04c1-424b-9868-57a2d4851a1d" />
    <TestEntry testId="4d8c83aa-a156-12a2-4c8a-ba95a8a26318" executionId="b6f43d99-3619-4ea5-8c0c-742b3da780d2" testListId="8c84fa94-04c1-424b-9868-57a2d4851a1d" />
    <TestEntry testId="50a956ce-9348-bb74-74bb-95ec2b1592c0" executionId="cf656fbb-a599-4b52-b78f-2abb60f6f16b" testListId="8c84fa94-04c1-424b-9868-57a2d4851a1d" />
    <TestEntry testId="81e8c1a0-4900-8a66-1f87-0c131327f5b5" executionId="c6401390-04ea-4349-8777-0b79a1e95e0e" testListId="8c84fa94-04c1-424b-9868-57a2d4851a1d" />
    <TestEntry testId="cfc09053-dd65-09af-3398-2d1e903d515a" executionId="78e5f712-3434-492b-ab49-075e0724c306" testListId="8c84fa94-04c1-424b-9868-57a2d4851a1d" />
    <TestEntry testId="3d82fc6e-5f69-e808-ca5d-cd01f3ee4891" executionId="ffdaa85c-e5cb-499e-a570-7109a55d56a6" testListId="8c84fa94-04c1-424b-9868-57a2d4851a1d" />
    <TestEntry testId="1b66a21c-10a6-0908-6fbd-7ece73d7fb3e" executionId="3c52d42c-d10b-481a-914f-9f051d302198" testListId="8c84fa94-04c1-424b-9868-57a2d4851a1d" />
    <TestEntry testId="3a583449-4deb-358f-f880-2478ec9ff18a" executionId="c171c1f5-fd9e-4edc-8338-21166b3fa4fc" testListId="8c84fa94-04c1-424b-9868-57a2d4851a1d" />
    <TestEntry testId="1f1cc29a-ffbb-09ec-fd2b-edba3215943f" executionId="845e751b-bf2a-4003-8033-bb439924b411" testListId="8c84fa94-04c1-424b-9868-57a2d4851a1d" />
    <TestEntry testId="d2a69b62-2638-ec8f-cc97-92c357c5901e" executionId="7f76f568-4d46-4c18-a60e-919936f3a7e9" testListId="8c84fa94-04c1-424b-9868-57a2d4851a1d" />
    <TestEntry testId="1c326e5c-4c62-8c00-ee40-aad1ae557760" executionId="8cb58cea-258f-4040-ba27-e345751d291f" testListId="8c84fa94-04c1-424b-9868-57a2d4851a1d" />
    <TestEntry testId="11a66fc8-e44f-e614-4b59-2054ed6010ca" executionId="01f151bf-cd18-4f54-bc80-986ffe2d0d4c" testListId="8c84fa94-04c1-424b-9868-57a2d4851a1d" />
    <TestEntry testId="c4d26256-1744-c2d0-2a14-fe21640d4fe1" executionId="b4a16716-016a-44dc-a539-a1cfbdd09495" testListId="8c84fa94-04c1-424b-9868-57a2d4851a1d" />
    <TestEntry testId="256352cb-a01d-67ee-0151-ab9132f46725" executionId="a88f2730-369b-4bb2-8440-c42fb4eedaab" testListId="8c84fa94-04c1-424b-9868-57a2d4851a1d" />
    <TestEntry testId="140c6661-e4ad-8b7b-ad2a-b9df65337e63" executionId="a89ac44b-52e6-4656-8ea4-13fcff3fba08" testListId="8c84fa94-04c1-424b-9868-57a2d4851a1d" />
    <TestEntry testId="107e0daf-d21c-596c-9a4b-7e99c0ba5816" executionId="fd0a6d07-52a3-465c-8f2d-3179a40ca6d5" testListId="8c84fa94-04c1-424b-9868-57a2d4851a1d" />
    <TestEntry testId="5a26cd62-bdfd-afb4-b17e-eb94ffbff81b" executionId="9e6b7d17-d7bd-424e-8701-1e563f8d6074" testListId="8c84fa94-04c1-424b-9868-57a2d4851a1d" />
    <TestEntry testId="5be5e628-43fb-71a1-e880-34735fe5e2ed" executionId="16d147ac-1ac9-4c0a-a0c2-77456d562af9" testListId="8c84fa94-04c1-424b-9868-57a2d4851a1d" />
    <TestEntry testId="5aae0d5c-c153-7620-5b85-675beef30370" executionId="574cc814-8d7e-4034-9a64-5517d8e7dc8f" testListId="8c84fa94-04c1-424b-9868-57a2d4851a1d" />
    <TestEntry testId="57917bfd-ab9b-4422-cadc-1c44ad6d5244" executionId="c8893595-a831-4c2d-ae21-c523d2e68922" testListId="8c84fa94-04c1-424b-9868-57a2d4851a1d" />
    <TestEntry testId="d218b1ec-f943-b4b5-4c70-d50ae6005d5d" executionId="6a9130bd-1ee0-46ca-9846-463aaf5d3313" testListId="8c84fa94-04c1-424b-9868-57a2d4851a1d" />
    <TestEntry testId="6a6ed04d-7bec-096f-c4cc-c8e9813f02b3" executionId="e550ec68-9449-4e3f-b4b1-af4939f1c2e6" testListId="8c84fa94-04c1-424b-9868-57a2d4851a1d" />
    <TestEntry testId="9e63be9d-2216-71c5-83e2-51bd84dc8a93" executionId="79980e31-49ab-4b63-88d1-8a4ef8a1746d" testListId="8c84fa94-04c1-424b-9868-57a2d4851a1d" />
    <TestEntry testId="25d2ce81-b800-30ed-a9ff-8db2b7fca025" executionId="94de3e32-cda0-48f5-bed7-093db1cae2fe" testListId="8c84fa94-04c1-424b-9868-57a2d4851a1d" />
    <TestEntry testId="43af5117-1f9c-6ca5-e2b0-3bd57b512c6f" executionId="22e852a4-d0c2-4cb5-b35e-d21fc5bca831" testListId="8c84fa94-04c1-424b-9868-57a2d4851a1d" />
    <TestEntry testId="eb6c6ac3-8255-5d9f-217d-2811f0bfb24c" executionId="37ee89dd-5884-4e2c-b408-5b9e67f940b5" testListId="8c84fa94-04c1-424b-9868-57a2d4851a1d" />
    <TestEntry testId="2339c643-1a37-d25a-2a23-49039f375c2c" executionId="ce48322d-48d0-4fff-b54f-d1eee16b5420" testListId="8c84fa94-04c1-424b-9868-57a2d4851a1d" />
    <TestEntry testId="c47cbfb5-8a50-ef76-dc8b-bbbbe83c35f6" executionId="4485bc8c-4781-45db-9a99-3d11a21605f4" testListId="8c84fa94-04c1-424b-9868-57a2d4851a1d" />
    <TestEntry testId="b3801728-52f7-7053-510c-0b3ffd814256" executionId="c49e4957-f687-4a0f-ae9d-9ab000037f0f" testListId="8c84fa94-04c1-424b-9868-57a2d4851a1d" />
    <TestEntry testId="42e8385e-9428-8ed0-dceb-a1eac93d91de" executionId="74853745-1e13-4574-9965-2164b03a87ed" testListId="8c84fa94-04c1-424b-9868-57a2d4851a1d" />
    <TestEntry testId="e683acf1-8f1f-37ca-c494-91edf8586d46" executionId="215ddb59-52e0-4aeb-888a-29d88f7876df" testListId="8c84fa94-04c1-424b-9868-57a2d4851a1d" />
    <TestEntry testId="7a7fdf06-c490-deb2-82e6-65e1294c3173" executionId="68cead74-32f8-4508-9967-0b3301addfb4" testListId="8c84fa94-04c1-424b-9868-57a2d4851a1d" />
    <TestEntry testId="61e3c009-6d40-f26a-bfa1-a7b30d7f5bbd" executionId="44e674e0-e169-4816-91a3-aa7b3ad02771" testListId="8c84fa94-04c1-424b-9868-57a2d4851a1d" />
    <TestEntry testId="1e592ef1-e1bf-3981-b2eb-87e514325b77" executionId="b4b27103-9499-4cd4-a36d-bf3a85613c59" testListId="8c84fa94-04c1-424b-9868-57a2d4851a1d" />
    <TestEntry testId="5f47c21d-eb6b-8972-42b3-349701e80bfd" executionId="7c58c81d-5ae8-425c-a64a-629bfddeac94" testListId="8c84fa94-04c1-424b-9868-57a2d4851a1d" />
    <TestEntry testId="0fbf3694-a7c3-3fef-5348-e45949735e92" executionId="db2e55c7-1f95-4e7f-9cc6-5b94eb0aa85b" testListId="8c84fa94-04c1-424b-9868-57a2d4851a1d" />
    <TestEntry testId="3fce05ef-b530-f8da-eaa9-a5674fdfcd79" executionId="47d79d91-5297-46cc-b0d0-75fe85bababe" testListId="8c84fa94-04c1-424b-9868-57a2d4851a1d" />
    <TestEntry testId="a7dc6179-c1b7-aef9-5686-edbcfe9b120d" executionId="f74d16a4-c6c4-4b3e-a808-43028ba62ee7" testListId="8c84fa94-04c1-424b-9868-57a2d4851a1d" />
    <TestEntry testId="07de42b9-1d07-0430-7138-cc678292c007" executionId="eb7d596e-9c6d-4e25-89e1-82efc787cb5b" testListId="8c84fa94-04c1-424b-9868-57a2d4851a1d" />
    <TestEntry testId="9f4b8baa-3d93-c3b8-cb10-c40ec85c9336" executionId="939ee79b-3d7e-4e71-8781-786f1594b7c2" testListId="8c84fa94-04c1-424b-9868-57a2d4851a1d" />
    <TestEntry testId="feff974b-15e7-7bde-2e9a-7282257d799e" executionId="973f3b74-9cc1-4e11-9c66-72bdbec99360" testListId="8c84fa94-04c1-424b-9868-57a2d4851a1d" />
    <TestEntry testId="a26aca48-0992-fb7f-2394-abc4cff3b453" executionId="5f48c663-a9b7-4ccd-9b18-cae402aad685" testListId="8c84fa94-04c1-424b-9868-57a2d4851a1d" />
    <TestEntry testId="b11280c6-b927-424b-97d9-4a8daa017667" executionId="a18287f6-acc6-4e76-8270-f96b3b86227b" testListId="8c84fa94-04c1-424b-9868-57a2d4851a1d" />
    <TestEntry testId="4b43a64c-589e-4267-f17d-15d04a909013" executionId="b837d7c5-844e-4cca-b06f-879c4f880125" testListId="8c84fa94-04c1-424b-9868-57a2d4851a1d" />
    <TestEntry testId="35a57cb6-17e3-2864-373a-0a8f0a5d8876" executionId="15eadcd7-26c7-46ed-857c-4fe67bf29084" testListId="8c84fa94-04c1-424b-9868-57a2d4851a1d" />
    <TestEntry testId="13808eac-f72b-2563-39d5-58056dcce54a" executionId="ad6a62ab-e0ed-443b-a1b3-539f7f58817d" testListId="8c84fa94-04c1-424b-9868-57a2d4851a1d" />
    <TestEntry testId="4ebf288a-b726-10f1-5f92-94533ac346f1" executionId="44f749d3-92d3-469c-93cd-2f848d5a9968" testListId="8c84fa94-04c1-424b-9868-57a2d4851a1d" />
    <TestEntry testId="6efe46f6-24e8-324a-c841-828d4ce3c2fb" executionId="a2e738ee-51d9-454e-9fa4-b93dbbfb2701" testListId="8c84fa94-04c1-424b-9868-57a2d4851a1d" />
    <TestEntry testId="a67e2ec6-c284-283e-f6bb-5df24e13d453" executionId="6ec31b54-2479-42b6-b377-12d6063cd4f1" testListId="8c84fa94-04c1-424b-9868-57a2d4851a1d" />
    <TestEntry testId="4c802ea5-aa1d-d28e-7473-4c1c59889246" executionId="985ba95b-5a15-4e5e-a872-a3c26f81cb4e" testListId="8c84fa94-04c1-424b-9868-57a2d4851a1d" />
    <TestEntry testId="5b5b0b17-b74c-6ecb-201e-61f7e7362b6f" executionId="ae1c47a9-859e-4773-a1f2-aed687dab5e2" testListId="8c84fa94-04c1-424b-9868-57a2d4851a1d" />
    <TestEntry testId="1527d9bd-270b-3515-ebaa-bce4928c6e69" executionId="6f046043-5487-4372-9dae-74b62e51ee62" testListId="8c84fa94-04c1-424b-9868-57a2d4851a1d" />
    <TestEntry testId="ab22d2fd-ea64-f65a-96ca-e707567c9b67" executionId="fcc759db-1f0b-4d3c-916e-b16992069cf2" testListId="8c84fa94-04c1-424b-9868-57a2d4851a1d" />
    <TestEntry testId="708c93d9-3b87-f482-2b59-76adaefd6f67" executionId="6a816d81-998e-4670-9a6f-1c5fbbb1a104" testListId="8c84fa94-04c1-424b-9868-57a2d4851a1d" />
    <TestEntry testId="7ebb6f6a-7f5e-646a-c7ce-f4daa5d5c8da" executionId="915de45a-2647-4e55-82f3-86107b0429b1" testListId="8c84fa94-04c1-424b-9868-57a2d4851a1d" />
    <TestEntry testId="984bc27d-a5c7-32fa-f1e8-153a12469bdb" executionId="1b104861-bbd8-466c-b5a7-4e506f3362a0" testListId="8c84fa94-04c1-424b-9868-57a2d4851a1d" />
    <TestEntry testId="cf0c75b1-044e-c5b0-ba75-3be411bef17a" executionId="3f6a1643-8199-4666-8bcc-7d6c0c4de3b9" testListId="8c84fa94-04c1-424b-9868-57a2d4851a1d" />
    <TestEntry testId="4ea99d78-cb91-34d0-2b2f-1a553700bba9" executionId="ef87c580-ad33-4fa1-bc4d-544bb04a5c32" testListId="8c84fa94-04c1-424b-9868-57a2d4851a1d" />
    <TestEntry testId="ec482b93-0422-0e34-9bc4-8b3983a84f1b" executionId="a65715d0-cf09-4ca9-b0e3-3c6ee4831d4e" testListId="8c84fa94-04c1-424b-9868-57a2d4851a1d" />
    <TestEntry testId="f278ce31-b96d-473d-9186-28e37d813604" executionId="92237e30-1a95-47c5-a5c5-a4cf556dce5f" testListId="8c84fa94-04c1-424b-9868-57a2d4851a1d" />
    <TestEntry testId="341aa1b2-3b64-c4e7-896b-2d80cfc15011" executionId="80379afe-29ae-4a46-9a3e-f2160ac5d0b3" testListId="8c84fa94-04c1-424b-9868-57a2d4851a1d" />
    <TestEntry testId="e3aed149-0356-8224-e951-0cb2d3727ba3" executionId="75ca060d-b900-4557-a0e2-9d4139e4f538" testListId="8c84fa94-04c1-424b-9868-57a2d4851a1d" />
    <TestEntry testId="eff4462f-0b3b-bad0-f3bc-88c9334e4c4b" executionId="9fcf1556-a11d-44c0-b454-63eda2e4df1e" testListId="8c84fa94-04c1-424b-9868-57a2d4851a1d" />
    <TestEntry testId="3b7c8552-7a62-bee2-027f-19ba6bd6ceca" executionId="e2abd0bb-1810-4d3e-9dc5-8940bb44184b" testListId="8c84fa94-04c1-424b-9868-57a2d4851a1d" />
    <TestEntry testId="12cac62c-5b3e-c0ef-167d-41a5a640f7f1" executionId="372629ca-6e98-4c08-8dce-6d667eba7fbd" testListId="8c84fa94-04c1-424b-9868-57a2d4851a1d" />
    <TestEntry testId="fcfc02eb-9475-084e-96ae-652cb742a35f" executionId="e27d96ef-5cfd-4e30-98aa-7068bcd0019c" testListId="8c84fa94-04c1-424b-9868-57a2d4851a1d" />
    <TestEntry testId="774975d0-338f-cf44-fe77-bf25f6734c5b" executionId="4e5df277-558e-4689-a277-c1c02b6ef2de" testListId="8c84fa94-04c1-424b-9868-57a2d4851a1d" />
    <TestEntry testId="60143918-8d3e-3cea-ec1f-f42a487ede4c" executionId="397d1e5c-cad7-4052-907e-15bcb224e249" testListId="8c84fa94-04c1-424b-9868-57a2d4851a1d" />
    <TestEntry testId="3e139534-4575-a050-7dfe-191f8507593f" executionId="aec2d140-a8c6-47c0-88bd-652777905577" testListId="8c84fa94-04c1-424b-9868-57a2d4851a1d" />
    <TestEntry testId="fe04fee8-8e91-5fdd-deeb-dfb39b790e19" executionId="662c51d2-3418-4ff9-a1b1-e058088c7681" testListId="8c84fa94-04c1-424b-9868-57a2d4851a1d" />
    <TestEntry testId="e5e5bf4a-3b6a-9b6c-ebe0-9c044c226109" executionId="1ae61561-af16-4f59-b1b1-c690c55885dd" testListId="8c84fa94-04c1-424b-9868-57a2d4851a1d" />
    <TestEntry testId="bfe0ceb7-58a0-23f3-be81-2bfb090a4c1b" executionId="8bbfdc4e-243e-48d9-b0e1-7793cd4e1f09" testListId="8c84fa94-04c1-424b-9868-57a2d4851a1d" />
    <TestEntry testId="cb701829-9c23-dcf0-e438-8208a51f3dd4" executionId="3d608cab-a933-4a38-b1a1-845141e33f73" testListId="8c84fa94-04c1-424b-9868-57a2d4851a1d" />
    <TestEntry testId="ab1a8e45-8e17-ad94-af47-713e91eff11b" executionId="e68ee394-3a46-4944-9550-e4f8c5483fea" testListId="8c84fa94-04c1-424b-9868-57a2d4851a1d" />
    <TestEntry testId="cc93f70b-f9b0-21f7-faba-e1868435194b" executionId="6ac63b5f-beee-4815-87d4-882836cef58f" testListId="8c84fa94-04c1-424b-9868-57a2d4851a1d" />
    <TestEntry testId="11b5912e-600c-2c04-2bfe-19c262546aae" executionId="ff716d5d-b49d-4b8b-a9c0-94f561ecf520" testListId="8c84fa94-04c1-424b-9868-57a2d4851a1d" />
    <TestEntry testId="d1645eb5-871e-4ef4-8f57-61d470c8d63a" executionId="789537bd-5c29-41fd-ad25-cfce158906ec" testListId="8c84fa94-04c1-424b-9868-57a2d4851a1d" />
    <TestEntry testId="52df54ef-d786-de4c-66ba-453529b99c4f" executionId="8e17cd87-5dd3-48d6-a78d-8e6589c1444d" testListId="8c84fa94-04c1-424b-9868-57a2d4851a1d" />
    <TestEntry testId="16dd1f98-130f-f1f5-491b-90125b059034" executionId="fb302373-c580-409d-9c6a-79c909777954" testListId="8c84fa94-04c1-424b-9868-57a2d4851a1d" />
    <TestEntry testId="3d785457-9ab7-7088-1cc3-dd4fad28665b" executionId="d48625f8-5e4a-4599-9ca7-74aa2cf6f1f8" testListId="8c84fa94-04c1-424b-9868-57a2d4851a1d" />
    <TestEntry testId="15cecd1c-3b58-a036-2736-cf341db03f0a" executionId="c8dea603-b9f9-4c4c-a3e4-a6ad1d075e4c" testListId="8c84fa94-04c1-424b-9868-57a2d4851a1d" />
    <TestEntry testId="40d07a9e-35f0-7d7b-e40e-ceb656623def" executionId="94f79497-5e68-4f8b-8345-6c50aaa0c755" testListId="8c84fa94-04c1-424b-9868-57a2d4851a1d" />
    <TestEntry testId="88b3639f-ec99-90c4-a195-d859d4e9c60c" executionId="99d5ca97-6e98-42fb-ac17-c5ab16621b1e" testListId="8c84fa94-04c1-424b-9868-57a2d4851a1d" />
    <TestEntry testId="bc614819-04cb-60f8-8b25-b74350480ed8" executionId="c8692f9a-0202-4ede-8a4a-496270236e2f" testListId="8c84fa94-04c1-424b-9868-57a2d4851a1d" />
    <TestEntry testId="480bc1d4-3034-9948-bf19-a924b6ce5c64" executionId="fd1eeb88-c16d-4b09-b724-c959326db7ae" testListId="8c84fa94-04c1-424b-9868-57a2d4851a1d" />
    <TestEntry testId="e081911d-8f68-16dc-95b9-ce6ca0099b36" executionId="df9ad3a1-7e1a-4851-807f-fae192af98b3" testListId="8c84fa94-04c1-424b-9868-57a2d4851a1d" />
    <TestEntry testId="e56c4b03-9d5d-a70b-1573-44a88bf4c200" executionId="56ded312-ef53-413f-a5ad-f242e2645803" testListId="8c84fa94-04c1-424b-9868-57a2d4851a1d" />
    <TestEntry testId="7f766a97-6ab7-7b7f-222d-e4bba52b6030" executionId="c72c5059-ec52-4be6-951c-7899d92232b6" testListId="8c84fa94-04c1-424b-9868-57a2d4851a1d" />
    <TestEntry testId="0a40eef3-f831-ffd2-4845-4121490071ff" executionId="384c330e-9609-457c-99d2-c5b4412a4f3f" testListId="8c84fa94-04c1-424b-9868-57a2d4851a1d" />
    <TestEntry testId="41e8bbd6-3770-3db6-c9ec-9f2dfc487593" executionId="4dddd411-4a68-4036-8094-478c01ccd54a" testListId="8c84fa94-04c1-424b-9868-57a2d4851a1d" />
    <TestEntry testId="6e5da37d-17c2-c99b-bec0-ba093cc6461d" executionId="08b6fce1-c3d2-4d06-9b99-f2c295d41b52" testListId="8c84fa94-04c1-424b-9868-57a2d4851a1d" />
    <TestEntry testId="0604c1ff-5540-6793-d2f8-19a426df7742" executionId="e0124a9e-6cea-47c6-9f5b-801b5bced445" testListId="8c84fa94-04c1-424b-9868-57a2d4851a1d" />
    <TestEntry testId="146d8b26-0f20-3176-153a-32e5f137191a" executionId="684fdb85-3c49-4e97-bc00-31addcc35d0b" testListId="8c84fa94-04c1-424b-9868-57a2d4851a1d" />
    <TestEntry testId="7f1f1baf-8bbb-c3d7-9705-27c7162bbf25" executionId="c502e006-5180-4404-adcf-782777ccc268" testListId="8c84fa94-04c1-424b-9868-57a2d4851a1d" />
    <TestEntry testId="40c0286b-652b-f4d2-04b7-183bee4a715e" executionId="fd421414-dd6a-4bb2-b989-b86231c45de8" testListId="8c84fa94-04c1-424b-9868-57a2d4851a1d" />
    <TestEntry testId="6133b6d9-a9f1-1617-1674-43e83f8cc1f4" executionId="5bbb3d17-b2e8-4415-b0ad-0f99c3edd98c" testListId="8c84fa94-04c1-424b-9868-57a2d4851a1d" />
    <TestEntry testId="7f634cbe-20c0-73ce-7a57-e27b44400638" executionId="3ecd6547-1171-44e2-8334-beb1e0e51748" testListId="8c84fa94-04c1-424b-9868-57a2d4851a1d" />
    <TestEntry testId="ab8bb7fc-41b6-aa97-b7c5-389099b08870" executionId="61b91b83-132d-42e7-9048-0e77a0dacbb2" testListId="8c84fa94-04c1-424b-9868-57a2d4851a1d" />
    <TestEntry testId="23408848-110d-2bfe-6354-e8de8927ac23" executionId="9d20cbea-1a8b-4df9-b565-91aae7d68d2a" testListId="8c84fa94-04c1-424b-9868-57a2d4851a1d" />
    <TestEntry testId="d16b66ae-362f-7903-ceb9-287ac5bef50c" executionId="4ccca60c-7909-4414-bb95-a1078c3ffa10" testListId="8c84fa94-04c1-424b-9868-57a2d4851a1d" />
    <TestEntry testId="1d908a6b-ebcd-4952-2785-5d24733c709c" executionId="3dbb5bc6-8cf5-46a3-8709-ba015d85cfb7" testListId="8c84fa94-04c1-424b-9868-57a2d4851a1d" />
    <TestEntry testId="5d8dd47c-bb32-a5ba-6e88-b185a7bd9c07" executionId="ef5b0da3-9a6d-4acc-bc24-46fbefe88020" testListId="8c84fa94-04c1-424b-9868-57a2d4851a1d" />
    <TestEntry testId="eafa657a-e693-c387-5dc5-3b7f787deb74" executionId="58e73dbd-a423-4045-af59-2b2a50a63f87" testListId="8c84fa94-04c1-424b-9868-57a2d4851a1d" />
    <TestEntry testId="125f47fd-bfa6-8077-4564-e798b6c885b3" executionId="2b18d90d-6339-447b-b2cc-e57ad9eeac94" testListId="8c84fa94-04c1-424b-9868-57a2d4851a1d" />
    <TestEntry testId="5eeda859-d31c-69f8-fe90-55abee0d8512" executionId="a89679e8-263e-43f3-bfb1-17f76f6c6302" testListId="8c84fa94-04c1-424b-9868-57a2d4851a1d" />
    <TestEntry testId="fd9e0efb-edb7-82bd-15c3-0c32bed5a7f0" executionId="68fddfb9-4959-4327-8b31-ace026b9bc2a" testListId="8c84fa94-04c1-424b-9868-57a2d4851a1d" />
    <TestEntry testId="e5428f59-f644-25e4-cf44-58ef5b64f2ad" executionId="8cda765b-1fc8-4284-a789-18e6212f0d76" testListId="8c84fa94-04c1-424b-9868-57a2d4851a1d" />
    <TestEntry testId="8f3b8a17-8863-f4c3-5425-91ed08db45b8" executionId="46e8936a-9806-4aec-9dba-9a6f1c92f6ad" testListId="8c84fa94-04c1-424b-9868-57a2d4851a1d" />
    <TestEntry testId="98f0d9fe-377f-6918-fb53-39e46ecb4f9d" executionId="b752b56b-8eca-4627-aac9-927413805401" testListId="8c84fa94-04c1-424b-9868-57a2d4851a1d" />
    <TestEntry testId="621f06a6-b00f-95ed-fccd-336bd41780d8" executionId="84d8a4b0-0bca-4141-928b-cec89b5fff47" testListId="8c84fa94-04c1-424b-9868-57a2d4851a1d" />
    <TestEntry testId="b8b5d1da-4dc1-76f1-a2bd-31503c4d0668" executionId="9e5d0554-b975-4ace-a51d-ab3473545016" testListId="8c84fa94-04c1-424b-9868-57a2d4851a1d" />
    <TestEntry testId="f2325bdc-388f-3bfc-d37a-f2048ec03dc5" executionId="e09cf282-89f5-4775-84ac-5840fc1c538a" testListId="8c84fa94-04c1-424b-9868-57a2d4851a1d" />
    <TestEntry testId="1287d8b9-a242-3700-9223-1e45506d7926" executionId="570bfa87-a11a-45de-a5b0-88309b4dc047" testListId="8c84fa94-04c1-424b-9868-57a2d4851a1d" />
    <TestEntry testId="d430b74b-fb63-d6ac-57a1-5a6c439392cf" executionId="8f4a69c4-f217-4251-b5ec-6bb0be3f2cc8" testListId="8c84fa94-04c1-424b-9868-57a2d4851a1d" />
    <TestEntry testId="3743038a-92be-ac51-6b43-04a32dffac65" executionId="cc80e3cc-b061-47aa-ba54-875721edecdc" testListId="8c84fa94-04c1-424b-9868-57a2d4851a1d" />
    <TestEntry testId="d63fece0-6979-6a7f-ca42-f76bdbd7d24d" executionId="d2bd8084-4cab-4c87-80bf-ab3159cc0b1b" testListId="8c84fa94-04c1-424b-9868-57a2d4851a1d" />
    <TestEntry testId="b95a0169-81da-1ad7-baaf-9682207c1cd6" executionId="4fb44448-123d-431e-8dee-eac0ac65327b" testListId="8c84fa94-04c1-424b-9868-57a2d4851a1d" />
    <TestEntry testId="ed1af3f1-e228-caa9-58c0-803083486581" executionId="df948cc2-56ee-40a0-ba8c-67b43bb00129" testListId="8c84fa94-04c1-424b-9868-57a2d4851a1d" />
    <TestEntry testId="31917703-2acf-fc86-64fa-04fcf338cdb6" executionId="50753752-8e10-49fa-a156-c53eacdc234f" testListId="8c84fa94-04c1-424b-9868-57a2d4851a1d" />
    <TestEntry testId="3164fb82-de29-8026-529f-6acf36741c8b" executionId="e726b4fb-4bad-4cc1-9f3b-691015144e5a" testListId="8c84fa94-04c1-424b-9868-57a2d4851a1d" />
    <TestEntry testId="ba44ddc9-34e5-6996-f0e1-93c6786eed78" executionId="df111fe5-c2b8-4dcb-9c16-bde6ad8c8e9d" testListId="8c84fa94-04c1-424b-9868-57a2d4851a1d" />
    <TestEntry testId="b2b2d43b-9d87-4971-7001-e6990369b6c8" executionId="6f70b99f-619d-4ff8-9e9e-bf95f7e6c681" testListId="8c84fa94-04c1-424b-9868-57a2d4851a1d" />
    <TestEntry testId="049489f2-1a42-cae5-971b-5636d7488caa" executionId="a3c3e004-478a-465e-a97e-50d384bbca82" testListId="8c84fa94-04c1-424b-9868-57a2d4851a1d" />
    <TestEntry testId="59e10b82-f701-4ec1-bb24-9886531bdbb4" executionId="ee4e5ce3-4029-4b98-9826-a2ca63a15511" testListId="8c84fa94-04c1-424b-9868-57a2d4851a1d" />
    <TestEntry testId="09fa2387-002a-88c8-0b1c-134e9e315493" executionId="7a3a74d1-ad99-4bed-b01e-436b1799f0fb" testListId="8c84fa94-04c1-424b-9868-57a2d4851a1d" />
    <TestEntry testId="d298d9c7-7d7d-ad15-03cc-8ab9e391d377" executionId="0019ffe1-5207-448d-90d7-830704208e5e" testListId="8c84fa94-04c1-424b-9868-57a2d4851a1d" />
    <TestEntry testId="ed293078-f25c-eb2e-8912-33515871c1a2" executionId="7c786645-766e-466e-9fa1-b43811ac44a4" testListId="8c84fa94-04c1-424b-9868-57a2d4851a1d" />
    <TestEntry testId="6892fbdf-0dab-889b-326a-7904d2b9e728" executionId="f4d5d942-cbbb-463c-9556-a34d77777578" testListId="8c84fa94-04c1-424b-9868-57a2d4851a1d" />
    <TestEntry testId="556f34ce-3bef-1c1d-2f3e-c3457681ba59" executionId="73e123c4-5940-47bb-b2a2-b84de8310186" testListId="8c84fa94-04c1-424b-9868-57a2d4851a1d" />
    <TestEntry testId="ca990070-3269-b6c6-1a91-d9f2146eca2b" executionId="dec9e649-437b-41a3-8c12-9a92a59e4b7d" testListId="8c84fa94-04c1-424b-9868-57a2d4851a1d" />
    <TestEntry testId="f42b2340-e96d-0e55-ec7c-6d27b290f74e" executionId="215d1d1d-eefc-4beb-ae4b-54631f38ff32" testListId="8c84fa94-04c1-424b-9868-57a2d4851a1d" />
    <TestEntry testId="1d1959e4-073b-7c9d-77de-ed348a6f7141" executionId="6a4f8574-9291-4d2b-b1eb-adc6043e2775" testListId="8c84fa94-04c1-424b-9868-57a2d4851a1d" />
    <TestEntry testId="6fccae5a-7804-fab5-2f9c-d8ea289560be" executionId="68c5b676-5a34-4ca9-9ae3-44c1658fd771" testListId="8c84fa94-04c1-424b-9868-57a2d4851a1d" />
    <TestEntry testId="7727673d-f909-602e-c023-298e3154bee0" executionId="a262dd7b-bf7d-4991-bbba-4db0e8a7e167" testListId="8c84fa94-04c1-424b-9868-57a2d4851a1d" />
    <TestEntry testId="cc29216e-1cfd-6792-7ea1-15bf1c735835" executionId="b9aea658-ded0-430f-bbc0-00e40785dd7f" testListId="8c84fa94-04c1-424b-9868-57a2d4851a1d" />
    <TestEntry testId="2290dc93-26ef-2adf-bfc4-c74fcd6396b2" executionId="f1226a68-e83e-4059-b0b9-c91c812a4d16" testListId="8c84fa94-04c1-424b-9868-57a2d4851a1d" />
    <TestEntry testId="8ff1a4be-4c7a-03eb-1e8d-280cdf27a49d" executionId="6e85a2b1-6619-443b-82fa-f61537922570" testListId="8c84fa94-04c1-424b-9868-57a2d4851a1d" />
    <TestEntry testId="c1f74549-0e3d-e32b-3c71-cedfb9c5eef0" executionId="8aad1934-13da-41b2-9289-a0670d5a7417" testListId="8c84fa94-04c1-424b-9868-57a2d4851a1d" />
    <TestEntry testId="db7e14ac-31b0-63ea-57a6-f0098c612aa0" executionId="e00ec908-ed81-4352-9f12-6e592caca7a7" testListId="8c84fa94-04c1-424b-9868-57a2d4851a1d" />
    <TestEntry testId="34c289c0-6cda-cf85-24b7-8d07bcc44948" executionId="92e37906-3a95-4049-a7b9-128f09fff312" testListId="8c84fa94-04c1-424b-9868-57a2d4851a1d" />
    <TestEntry testId="8f3ff765-82e8-66d7-0b26-5b7e252a53b8" executionId="5d03fae3-971b-41ae-942b-cfcb9b13e1b9" testListId="8c84fa94-04c1-424b-9868-57a2d4851a1d" />
    <TestEntry testId="47ea98ad-fc0c-d34c-cfce-7d3c08a15e8d" executionId="42212914-d51c-42e6-bf09-311cc691218b" testListId="8c84fa94-04c1-424b-9868-57a2d4851a1d" />
    <TestEntry testId="f078252f-e622-661e-c5dc-189c04c6d312" executionId="fb66e1b7-5618-420b-b9e5-919f95e1c08f" testListId="8c84fa94-04c1-424b-9868-57a2d4851a1d" />
    <TestEntry testId="86824227-709e-d695-09b7-8d9000453067" executionId="0e039e8e-9023-48d4-97b8-b012fb132ac1" testListId="8c84fa94-04c1-424b-9868-57a2d4851a1d" />
    <TestEntry testId="c05fec08-28d3-c263-f7df-c8727f4f0b97" executionId="ab634bfa-69cd-4651-9d85-72eb03097124" testListId="8c84fa94-04c1-424b-9868-57a2d4851a1d" />
    <TestEntry testId="9fe19c9a-7103-2abd-228a-09e45881c4bc" executionId="495d906e-98a1-46b4-8fe9-390bcccfba94" testListId="8c84fa94-04c1-424b-9868-57a2d4851a1d" />
    <TestEntry testId="67c0ea39-eacf-68a7-bc2c-66d2ee840cfb" executionId="d6a8c91f-33a1-404d-818b-90cdf857d1fb" testListId="8c84fa94-04c1-424b-9868-57a2d4851a1d" />
    <TestEntry testId="4ce8fa95-501e-1da1-3954-5f99709a3a47" executionId="1747878c-c8c8-434f-8c18-386ea872be30" testListId="8c84fa94-04c1-424b-9868-57a2d4851a1d" />
    <TestEntry testId="0f40bc61-c58f-06fd-9a7b-e081d001f46f" executionId="af2a82a9-84be-4d73-90c4-7c69b911f898" testListId="8c84fa94-04c1-424b-9868-57a2d4851a1d" />
    <TestEntry testId="9e5ec3f3-397a-9268-e64a-1a2655cbcab4" executionId="940cb111-6eb2-458d-b7cf-55cb3b2b963e" testListId="8c84fa94-04c1-424b-9868-57a2d4851a1d" />
    <TestEntry testId="a357cf6c-ef79-7a61-f86c-3c3cf29677ef" executionId="56b64c54-0312-4ad6-a504-0f3ddb5e0ee5" testListId="8c84fa94-04c1-424b-9868-57a2d4851a1d" />
    <TestEntry testId="76e3efce-d93e-9a75-4b2c-e3e683f528b6" executionId="75840eb3-3b28-472f-a0f1-65d2ec676b9e" testListId="8c84fa94-04c1-424b-9868-57a2d4851a1d" />
    <TestEntry testId="d289ff8a-f589-cd43-96ee-801082b894b3" executionId="96c354af-9c6b-4ed1-8ab6-5774e079e287" testListId="8c84fa94-04c1-424b-9868-57a2d4851a1d" />
    <TestEntry testId="3b98c405-59b2-7eb5-3579-4fa697a97bb2" executionId="ed925fb2-1c63-4341-a38a-ce3899c76b1a" testListId="8c84fa94-04c1-424b-9868-57a2d4851a1d" />
    <TestEntry testId="b543895e-b652-81f1-d5a2-ebd384954ea0" executionId="a07217cd-cfab-407d-ba18-c3f642292f52" testListId="8c84fa94-04c1-424b-9868-57a2d4851a1d" />
    <TestEntry testId="545d08a7-8d4d-0e52-621a-4acb7e985873" executionId="516c0123-8c3a-4489-be38-0cf5d3747a2c" testListId="8c84fa94-04c1-424b-9868-57a2d4851a1d" />
    <TestEntry testId="1f0a0407-7982-ddd0-173d-1b88aac6222d" executionId="1e3c728e-8363-4cd6-a74c-df841dbba8ef" testListId="8c84fa94-04c1-424b-9868-57a2d4851a1d" />
    <TestEntry testId="ba884d95-61a4-037b-ab6f-8704dd43240a" executionId="c69c3543-cb48-4245-95fb-1e50efb02327" testListId="8c84fa94-04c1-424b-9868-57a2d4851a1d" />
    <TestEntry testId="a93da72c-b598-8e0b-050b-22cd8b6b16d6" executionId="ac1ae2bf-7640-4c1c-b81d-11f334681de9" testListId="8c84fa94-04c1-424b-9868-57a2d4851a1d" />
    <TestEntry testId="5d644acb-4f60-31db-754d-a101236e8d7f" executionId="02cf3419-70ed-4b0a-b3a3-40bac97b22c1" testListId="8c84fa94-04c1-424b-9868-57a2d4851a1d" />
    <TestEntry testId="01be5dc2-8974-a781-e346-9997ff0168c6" executionId="a502ca8f-3803-4eee-828a-3cf3f5ae3beb" testListId="8c84fa94-04c1-424b-9868-57a2d4851a1d" />
    <TestEntry testId="9fd29388-e6f2-2ce9-7173-3d8e1efacf79" executionId="ffbfd650-5110-4d03-92f1-fad4c5f1e0d1" testListId="8c84fa94-04c1-424b-9868-57a2d4851a1d" />
    <TestEntry testId="73ec9274-5d95-cb62-60ca-c2f3ce2346e6" executionId="6202c95b-9bf9-44a6-b9ef-295876416edb" testListId="8c84fa94-04c1-424b-9868-57a2d4851a1d" />
    <TestEntry testId="76c66eeb-a2f8-48cc-26cc-ff5958f96fde" executionId="8fc5d011-c651-4ee8-acc3-ecda8ee7b7d2" testListId="8c84fa94-04c1-424b-9868-57a2d4851a1d" />
    <TestEntry testId="301bb053-2669-b626-aada-e5ec26552701" executionId="5255d40e-5e0c-4e4d-a165-0acd85eb75e9" testListId="8c84fa94-04c1-424b-9868-57a2d4851a1d" />
    <TestEntry testId="9fe60fa0-7d32-eb9d-1e44-3be02241d2db" executionId="ed642815-f72f-47c6-a3e6-b2c54aa29552" testListId="8c84fa94-04c1-424b-9868-57a2d4851a1d" />
    <TestEntry testId="954dcc09-ffa8-ee72-ce2c-24675b9f100a" executionId="fc73661e-d09e-40ac-9ede-f5b71fcbafc2" testListId="8c84fa94-04c1-424b-9868-57a2d4851a1d" />
    <TestEntry testId="0fbb0657-5fcb-c22d-ba1e-66fc2f5570e3" executionId="2a144874-c820-4fa2-805c-b6f294c5e391" testListId="8c84fa94-04c1-424b-9868-57a2d4851a1d" />
    <TestEntry testId="33719bf3-5409-92ab-16c7-8a271f81b2e6" executionId="eff43338-86af-4348-9c7c-93e99c85f04e" testListId="8c84fa94-04c1-424b-9868-57a2d4851a1d" />
    <TestEntry testId="cec6c299-8695-bd09-ea27-6e9dd0196e7e" executionId="74b66762-6e10-42c5-a860-61fd03b657a2" testListId="8c84fa94-04c1-424b-9868-57a2d4851a1d" />
    <TestEntry testId="11c28579-30cf-d22c-ee3d-3776ee719321" executionId="96be1689-87ad-4f63-a4a8-1685c94762b7" testListId="8c84fa94-04c1-424b-9868-57a2d4851a1d" />
    <TestEntry testId="87215dbe-be98-eae0-f888-50bc76faae33" executionId="6f26256f-1540-4e56-8e44-d2aa4e08dc57" testListId="8c84fa94-04c1-424b-9868-57a2d4851a1d" />
    <TestEntry testId="43549381-b46a-2b58-13a9-b35484e42c71" executionId="5a5ae2b7-853c-49ff-89cf-2da4ce0b4867" testListId="8c84fa94-04c1-424b-9868-57a2d4851a1d" />
    <TestEntry testId="b033676b-8032-936f-8e94-1ff7304e27d8" executionId="656b1798-47f7-45ba-91f2-0df22ca9aa69" testListId="8c84fa94-04c1-424b-9868-57a2d4851a1d" />
    <TestEntry testId="879090c1-add8-48b2-d609-da3bc5d3a246" executionId="48ad83e1-af9c-47b1-91a1-8796ad0a5191" testListId="8c84fa94-04c1-424b-9868-57a2d4851a1d" />
    <TestEntry testId="3d5f10ab-1224-9509-ef72-ffed425cc301" executionId="a059a27a-45ec-41a5-95ee-c901eea2a170" testListId="8c84fa94-04c1-424b-9868-57a2d4851a1d" />
    <TestEntry testId="7e0a73d2-6a35-69c0-258f-1a39ba55eac2" executionId="f9602c3d-b5e8-4e47-99a1-20e91ed19615" testListId="8c84fa94-04c1-424b-9868-57a2d4851a1d" />
    <TestEntry testId="3487929c-15fb-a7da-5bec-346afcbec7da" executionId="1dbb5906-fc93-4735-9af9-82efbaf91201" testListId="8c84fa94-04c1-424b-9868-57a2d4851a1d" />
    <TestEntry testId="1cd3273e-4fe1-8213-74a3-0afca1364b2a" executionId="08d26cb8-c37d-42c7-9d7e-49baab35a933" testListId="8c84fa94-04c1-424b-9868-57a2d4851a1d" />
    <TestEntry testId="c2f6ebcb-6563-8bdd-b77e-91b902f7eb14" executionId="dba63b39-29ab-48d3-94c6-803c46210164" testListId="8c84fa94-04c1-424b-9868-57a2d4851a1d" />
    <TestEntry testId="044d023a-988b-c4dd-c568-29bf752ae34c" executionId="c8de8f1b-f12e-46e4-9cea-0cc746d7241b" testListId="8c84fa94-04c1-424b-9868-57a2d4851a1d" />
    <TestEntry testId="8bd9e66b-afe5-6a6c-4e29-a0b4f0e39174" executionId="55a86e61-84a4-4ad5-b8f7-456b23004ae5" testListId="8c84fa94-04c1-424b-9868-57a2d4851a1d" />
    <TestEntry testId="6fe02979-6afc-53d3-587b-e4a584169c47" executionId="190ec91f-4cf3-438b-bb9d-9ee4472bbb01" testListId="8c84fa94-04c1-424b-9868-57a2d4851a1d" />
    <TestEntry testId="e0974674-ac77-e53b-c938-66c6d56fd05c" executionId="2f6db6ae-06d2-4d2c-87eb-79450fd80b16" testListId="8c84fa94-04c1-424b-9868-57a2d4851a1d" />
    <TestEntry testId="40cc8bf3-9b9a-c620-7f65-c9598a6e4a28" executionId="bec73a04-c35d-4670-a041-5758ce8bd62c" testListId="8c84fa94-04c1-424b-9868-57a2d4851a1d" />
    <TestEntry testId="78226ef2-fcbe-8c02-29f4-cc48e0495b30" executionId="38ff7ac1-9384-438f-8731-5c52dc09140b" testListId="8c84fa94-04c1-424b-9868-57a2d4851a1d" />
    <TestEntry testId="65d04660-c78c-f9e9-ce4c-0226775bf0c4" executionId="993a1fb6-827a-4aec-913e-72fe48a6b96e" testListId="8c84fa94-04c1-424b-9868-57a2d4851a1d" />
    <TestEntry testId="629a124b-d106-9b5f-4810-e231979dd6e9" executionId="6da4d2c3-1b44-45fa-8975-7035f074e2f6" testListId="8c84fa94-04c1-424b-9868-57a2d4851a1d" />
    <TestEntry testId="4eb529fd-da3e-df70-1180-0619ee67e3c6" executionId="f2d1a016-c908-4a47-93fa-0cc6b14a0c4e" testListId="8c84fa94-04c1-424b-9868-57a2d4851a1d" />
    <TestEntry testId="ae4a8750-d669-3823-272f-96fc0e4fc346" executionId="a866cfbf-085d-41f2-9c81-2144426ab770" testListId="8c84fa94-04c1-424b-9868-57a2d4851a1d" />
    <TestEntry testId="a75415d5-8f48-5b6a-949c-d1ac83acad3d" executionId="049a7298-f48b-43f4-8b24-d7d7e1ec8dd7" testListId="8c84fa94-04c1-424b-9868-57a2d4851a1d" />
    <TestEntry testId="42302bdc-1d63-06ab-e9d6-928e15c70dec" executionId="e7b989bf-d55e-4d0a-8104-3f886947860f" testListId="8c84fa94-04c1-424b-9868-57a2d4851a1d" />
    <TestEntry testId="af3c7f95-5484-075f-8f9e-acca11c99bc5" executionId="38ed94cf-7ada-4354-8c11-094cd7291c37" testListId="8c84fa94-04c1-424b-9868-57a2d4851a1d" />
    <TestEntry testId="1612f291-790a-313d-a0d3-c41060967beb" executionId="449044ef-b7fd-46c0-adbc-3c69961384ca" testListId="8c84fa94-04c1-424b-9868-57a2d4851a1d" />
    <TestEntry testId="8a8c7432-7378-2ff6-b3a1-a3b7254f4458" executionId="b5692196-74ba-4c46-8a37-ff90bcadbeb4" testListId="8c84fa94-04c1-424b-9868-57a2d4851a1d" />
    <TestEntry testId="58acdb8f-084b-2e15-dc3a-9f779a1645ce" executionId="1a8ee53d-39ca-4990-bde9-c0291c315f25" testListId="8c84fa94-04c1-424b-9868-57a2d4851a1d" />
    <TestEntry testId="7e9864c3-ffac-3e60-e067-d303ea811382" executionId="304c4ede-44ab-4c64-bcd7-933d7cea53b3" testListId="8c84fa94-04c1-424b-9868-57a2d4851a1d" />
    <TestEntry testId="1f241370-4898-8010-2b1d-0961333a2be9" executionId="f8502599-0445-4572-86c3-eaf1226ae5cf" testListId="8c84fa94-04c1-424b-9868-57a2d4851a1d" />
    <TestEntry testId="dbc25ad9-20cc-4d18-73ef-8500a4d4137f" executionId="18e83d8b-aa5d-4661-a641-d531c36b7fe5" testListId="8c84fa94-04c1-424b-9868-57a2d4851a1d" />
    <TestEntry testId="2813fb62-7764-a6ad-5950-42865213a523" executionId="7de803a2-dd5a-4201-94cb-f715216a91e5" testListId="8c84fa94-04c1-424b-9868-57a2d4851a1d" />
    <TestEntry testId="6b9e5408-4e04-a559-173d-978d8c871a1a" executionId="55f31b56-7627-4532-9930-6b766c96964e" testListId="8c84fa94-04c1-424b-9868-57a2d4851a1d" />
    <TestEntry testId="0c0836ab-4cd8-bcb2-8664-28d80763d09f" executionId="a515b728-f747-497a-bb05-5d5df6d0e055" testListId="8c84fa94-04c1-424b-9868-57a2d4851a1d" />
    <TestEntry testId="673d5a8a-8f58-a8c0-2572-e1a8f9618e54" executionId="65e13ee3-c042-4e7d-8ceb-9dd59beaf829" testListId="8c84fa94-04c1-424b-9868-57a2d4851a1d" />
    <TestEntry testId="f3ca05e5-dc9b-e250-df0d-7261ad9afb62" executionId="ea74475e-330d-48e1-bf5d-7f6e6b1d26c7" testListId="8c84fa94-04c1-424b-9868-57a2d4851a1d" />
    <TestEntry testId="33ac3088-b630-64ef-4474-d1580dfd8fa1" executionId="e7d9ba2f-27cb-4f57-853a-7f74b9973ddb" testListId="8c84fa94-04c1-424b-9868-57a2d4851a1d" />
    <TestEntry testId="03519c29-5d68-745a-351e-45c267ad13e8" executionId="7fc61651-080d-4490-8bcd-5fed713a2fd1" testListId="8c84fa94-04c1-424b-9868-57a2d4851a1d" />
    <TestEntry testId="2b383535-8d75-6079-a3dc-080857154651" executionId="b97ed435-f273-4ba4-b31d-b4590efd3213" testListId="8c84fa94-04c1-424b-9868-57a2d4851a1d" />
    <TestEntry testId="6633116a-6784-0109-c694-61b2317583e7" executionId="d6794cd5-0dd2-46e6-90d8-f50294ece515" testListId="8c84fa94-04c1-424b-9868-57a2d4851a1d" />
    <TestEntry testId="c64e7bd8-cb07-f721-64bb-ea14df3c64c6" executionId="ca084b46-2ad6-45d4-8f06-c57fd01f6c31" testListId="8c84fa94-04c1-424b-9868-57a2d4851a1d" />
    <TestEntry testId="2850ab82-187d-c41c-6c55-5faf4323eb97" executionId="8ae5d297-fba0-416d-89be-4030872890aa" testListId="8c84fa94-04c1-424b-9868-57a2d4851a1d" />
    <TestEntry testId="3f6286d5-3f69-a507-072d-04f3b3c184c5" executionId="2b87b40f-401b-452d-892f-2f1b3b88c9d6" testListId="8c84fa94-04c1-424b-9868-57a2d4851a1d" />
    <TestEntry testId="1eb53537-afef-d5dd-debc-6b9152b2f955" executionId="49ad9452-e32e-4581-a8d7-b8d038bbec5b" testListId="8c84fa94-04c1-424b-9868-57a2d4851a1d" />
    <TestEntry testId="0272379c-7daf-7bd0-3571-0deb6243dd64" executionId="108b2ab6-a6cf-4da0-9c38-8004320adde9" testListId="8c84fa94-04c1-424b-9868-57a2d4851a1d" />
    <TestEntry testId="665a66ed-febf-dcb1-d6f6-9e5410f5d49d" executionId="0f86825c-f7a2-447b-b334-576758a7cc71" testListId="8c84fa94-04c1-424b-9868-57a2d4851a1d" />
    <TestEntry testId="4e41d746-7d06-c195-c083-479d6448ab5b" executionId="9072060c-f0a9-4ed9-99b3-997412dfbb05" testListId="8c84fa94-04c1-424b-9868-57a2d4851a1d" />
    <TestEntry testId="a6c85b3a-5f84-4859-aef3-09060d5afd98" executionId="807b758f-6ac6-41d5-a9f0-d9168e652553" testListId="8c84fa94-04c1-424b-9868-57a2d4851a1d" />
    <TestEntry testId="64d46e5a-18bf-c3a7-d947-63730f82a01e" executionId="4b1a0758-656c-4588-a179-551087fff9b1" testListId="8c84fa94-04c1-424b-9868-57a2d4851a1d" />
    <TestEntry testId="308f63bb-ffab-d024-ffbf-d3fa54a43504" executionId="39dad48f-ee5c-416d-bbb5-c801bb9c8f2c" testListId="8c84fa94-04c1-424b-9868-57a2d4851a1d" />
    <TestEntry testId="b39f81fe-858b-c57c-9083-cb47ce15de87" executionId="a14e3f76-24bf-4211-9117-0fbcaaec7d56" testListId="8c84fa94-04c1-424b-9868-57a2d4851a1d" />
    <TestEntry testId="60908717-d1cb-9971-94f7-facca727b89c" executionId="0068cb19-ed1e-4b83-b9f1-2c494448f76f" testListId="8c84fa94-04c1-424b-9868-57a2d4851a1d" />
    <TestEntry testId="48aed434-d191-a79c-5c15-17d6032c9edd" executionId="122fa24a-aba7-4faf-bd09-9a1c588a9d20" testListId="8c84fa94-04c1-424b-9868-57a2d4851a1d" />
    <TestEntry testId="fc700c0a-f7f2-a9aa-c628-23e607736cb2" executionId="9986c0b3-786f-4416-944e-49536ad08f87" testListId="8c84fa94-04c1-424b-9868-57a2d4851a1d" />
    <TestEntry testId="e4b13263-b1bd-68bb-3baa-222b8414af3b" executionId="726d3ebd-01f5-4754-a3fb-702f84f6fb8f" testListId="8c84fa94-04c1-424b-9868-57a2d4851a1d" />
    <TestEntry testId="c23f9653-e5cb-0826-ce5a-723493994ef0" executionId="1664b6fe-46ce-410d-846c-499b318b41ef" testListId="8c84fa94-04c1-424b-9868-57a2d4851a1d" />
    <TestEntry testId="64bf4ca0-c568-7784-9fd7-9241aca3c483" executionId="e28c80d5-19ed-43fc-ac85-e400a2c04d86" testListId="8c84fa94-04c1-424b-9868-57a2d4851a1d" />
    <TestEntry testId="d2780117-34b2-66e8-9cc3-23cf0c600a02" executionId="20bb2243-78f0-4aa2-8c9e-a6a74ed52f74" testListId="8c84fa94-04c1-424b-9868-57a2d4851a1d" />
    <TestEntry testId="9201c682-a830-2984-3517-d5fbfb383f4a" executionId="f262b6a4-4c51-4310-8365-591bb55b841c" testListId="8c84fa94-04c1-424b-9868-57a2d4851a1d" />
    <TestEntry testId="00715417-bfa4-4e4b-edec-0ca28f2d4417" executionId="36bac900-cfe6-4561-a4f4-09738076899a" testListId="8c84fa94-04c1-424b-9868-57a2d4851a1d" />
    <TestEntry testId="be949d2a-ee6c-7b88-443c-f49c565f328f" executionId="792e674f-9a16-4bc3-a38d-9e74fee776d9" testListId="8c84fa94-04c1-424b-9868-57a2d4851a1d" />
    <TestEntry testId="06c90135-67c9-51a3-9a46-9517155efc3a" executionId="182cef36-7f2f-46de-b22b-cbd21c4c2c9f" testListId="8c84fa94-04c1-424b-9868-57a2d4851a1d" />
    <TestEntry testId="88133fd3-9167-6134-2a3f-9488dba78659" executionId="3df774fd-a826-4199-ad2e-79c4a030ccce" testListId="8c84fa94-04c1-424b-9868-57a2d4851a1d" />
    <TestEntry testId="68414986-0a7e-03e0-b752-7222fdf120b2" executionId="a4f65609-c74d-40db-aa13-faba550d57a2" testListId="8c84fa94-04c1-424b-9868-57a2d4851a1d" />
    <TestEntry testId="f095befb-1220-164b-8d93-573101abd22c" executionId="298455b8-ba66-4df6-9306-8a682d225c71" testListId="8c84fa94-04c1-424b-9868-57a2d4851a1d" />
    <TestEntry testId="e6e395b4-3b84-d36a-a38c-e5e638fee7fb" executionId="0b8c513d-a419-4c55-9813-5f079a9b033e" testListId="8c84fa94-04c1-424b-9868-57a2d4851a1d" />
    <TestEntry testId="fb06ac1d-f4a6-d9b4-8722-be97dde4c78f" executionId="65f5b2b1-d172-431d-bb00-8a508e286df2" testListId="8c84fa94-04c1-424b-9868-57a2d4851a1d" />
    <TestEntry testId="8a0529d6-a867-bdfa-4c0f-fc7fea5b6129" executionId="a509d6e8-a629-491b-83cf-0712e18ba65c" testListId="8c84fa94-04c1-424b-9868-57a2d4851a1d" />
    <TestEntry testId="4331be32-8242-7bcf-516a-a7263d816796" executionId="cdae54dc-bd21-4c7f-a13d-31b17dd37c49" testListId="8c84fa94-04c1-424b-9868-57a2d4851a1d" />
    <TestEntry testId="c1b640ca-e678-426e-45cc-5191cc545133" executionId="edfb629a-c51b-4729-9b6f-728297135197" testListId="8c84fa94-04c1-424b-9868-57a2d4851a1d" />
    <TestEntry testId="6e393d7b-94c5-fcd2-56bc-16f28fade189" executionId="58cdd0f7-a4ab-4cf3-bf69-4e3f95eeb89a" testListId="8c84fa94-04c1-424b-9868-57a2d4851a1d" />
    <TestEntry testId="dd780fb0-eeb4-f41e-c177-9152be267056" executionId="62671acd-cf4b-44e3-a531-e6e128d76d12" testListId="8c84fa94-04c1-424b-9868-57a2d4851a1d" />
    <TestEntry testId="b5dc0383-8c05-4dbd-34fe-ae824b1d19f6" executionId="99226c3c-130f-48c0-862e-36ba7ef25325" testListId="8c84fa94-04c1-424b-9868-57a2d4851a1d" />
    <TestEntry testId="58908065-853e-c4d9-3613-bc3198b1cc08" executionId="b5e609c8-6ac5-4693-b511-a17a35bd067f" testListId="8c84fa94-04c1-424b-9868-57a2d4851a1d" />
    <TestEntry testId="330836c9-cc9b-a4b7-a20d-ba9093f6b879" executionId="13c4a3a6-02cb-4ef6-a800-37e758aeff2f" testListId="8c84fa94-04c1-424b-9868-57a2d4851a1d" />
    <TestEntry testId="01bc0fde-c67c-6987-54c2-b9ed8c5df445" executionId="454a65d4-98e0-4f1f-a23c-0ce19bbc9af8" testListId="8c84fa94-04c1-424b-9868-57a2d4851a1d" />
    <TestEntry testId="0e7ca7c3-2900-8d7a-24b0-844e128831dd" executionId="288b3428-b881-4d96-9c1b-9e88c588a8d0" testListId="8c84fa94-04c1-424b-9868-57a2d4851a1d" />
    <TestEntry testId="fdd1c789-d9b7-74e5-3e60-0cdd8a844a3b" executionId="ad18fdaa-a404-4ecf-b1ee-c99cd8a66cea" testListId="8c84fa94-04c1-424b-9868-57a2d4851a1d" />
    <TestEntry testId="62bbe3ee-7e4f-b582-4e14-d8ceb77d972c" executionId="c7a5080a-b4d8-4237-8926-5876c78f8500" testListId="8c84fa94-04c1-424b-9868-57a2d4851a1d" />
    <TestEntry testId="12501656-668f-6d63-7f1a-8f8eefa16abe" executionId="41b378b4-7e42-44bd-8de3-176b17bdae90" testListId="8c84fa94-04c1-424b-9868-57a2d4851a1d" />
    <TestEntry testId="0ca212d1-7426-4742-adf6-c33da0d879c6" executionId="fb64dde9-f8e1-486d-ac49-8a0bd5facbf5" testListId="8c84fa94-04c1-424b-9868-57a2d4851a1d" />
    <TestEntry testId="793b121d-bd99-21ec-f905-c7a3bfbc43cf" executionId="e6d600b6-225c-4775-aa88-69a216039271" testListId="8c84fa94-04c1-424b-9868-57a2d4851a1d" />
    <TestEntry testId="a41a1003-2242-10b8-735d-2b3636a491be" executionId="4657550e-eaab-4e70-95c7-91e73ee6ac76" testListId="8c84fa94-04c1-424b-9868-57a2d4851a1d" />
    <TestEntry testId="f33839d1-0a95-c027-0a9d-468e94c3e8f8" executionId="6b34788a-47df-481f-bacc-45c1370681b8" testListId="8c84fa94-04c1-424b-9868-57a2d4851a1d" />
    <TestEntry testId="f06647ee-695a-1441-d113-3b9b8eb3748f" executionId="bb717126-5ae2-4fee-ad25-3fa626247e10" testListId="8c84fa94-04c1-424b-9868-57a2d4851a1d" />
    <TestEntry testId="04b4598a-a90c-25b4-3fbf-2283122ff323" executionId="3736e839-965b-4fc9-967b-07180b54a47c" testListId="8c84fa94-04c1-424b-9868-57a2d4851a1d" />
    <TestEntry testId="9cbeee60-77f5-68fc-bc08-e8da5217124f" executionId="b1ef1199-7447-41a1-8426-def05ec8e128" testListId="8c84fa94-04c1-424b-9868-57a2d4851a1d" />
    <TestEntry testId="cefaab9b-deca-50a1-cf53-bfd0f84b70d8" executionId="070a4b50-597d-44b0-a0b9-fca9f4c96e7c" testListId="8c84fa94-04c1-424b-9868-57a2d4851a1d" />
    <TestEntry testId="7c4b74fb-67e0-6834-21f2-2c0f78a66963" executionId="2d26693c-11a1-4dd9-a61a-e0f28004c322" testListId="8c84fa94-04c1-424b-9868-57a2d4851a1d" />
    <TestEntry testId="702f283c-acf3-b66b-da58-6b428c67206f" executionId="bee870fc-852f-414e-afa0-e6e337cd33de" testListId="8c84fa94-04c1-424b-9868-57a2d4851a1d" />
    <TestEntry testId="0a92ab9e-a0ef-5666-6bfc-bca43af1a11e" executionId="6008682f-29bd-4888-9608-b14fcac85875" testListId="8c84fa94-04c1-424b-9868-57a2d4851a1d" />
    <TestEntry testId="0b0ff5aa-c291-79fb-1d8b-d1660f2ebad3" executionId="1180b098-a9f6-4010-aac3-a9d9cf5d96b7" testListId="8c84fa94-04c1-424b-9868-57a2d4851a1d" />
    <TestEntry testId="72c3e934-5f4f-f3fc-d049-02010e141373" executionId="e6ae2a69-5f92-4556-ae71-ed51e83af2bc" testListId="8c84fa94-04c1-424b-9868-57a2d4851a1d" />
    <TestEntry testId="39224d7b-adf2-c3bb-b064-ed7483309b12" executionId="13feeee4-b0c3-49c5-8422-e8bfa36c2b2d" testListId="8c84fa94-04c1-424b-9868-57a2d4851a1d" />
    <TestEntry testId="e0e73f94-8b60-e9f7-5ce6-3100aae7c303" executionId="aa06d570-70a7-4e94-9765-8ee9c8f81354" testListId="8c84fa94-04c1-424b-9868-57a2d4851a1d" />
    <TestEntry testId="d3168116-f2b4-8d85-d69a-f47dbb1df0a3" executionId="6f9eea4e-8ead-403f-a543-c0a8c97b724a" testListId="8c84fa94-04c1-424b-9868-57a2d4851a1d" />
    <TestEntry testId="a44eceec-75ff-6298-f73e-523db73cd6d3" executionId="cf4fbada-ae9f-4495-a97f-a85f90cb1ee6" testListId="8c84fa94-04c1-424b-9868-57a2d4851a1d" />
    <TestEntry testId="e5af325c-5bae-fda3-b423-271b64739afe" executionId="a08c5aec-50dc-4048-83c9-8a724374d7d7" testListId="8c84fa94-04c1-424b-9868-57a2d4851a1d" />
    <TestEntry testId="a7d84506-07b5-7ff8-9127-f0b1cfa053da" executionId="7bb69391-ee8d-44ef-83f4-67f4bbc4a337" testListId="8c84fa94-04c1-424b-9868-57a2d4851a1d" />
    <TestEntry testId="b43543d5-d01e-b4aa-3f27-43446c7c519e" executionId="3d01e884-1c80-4f70-b4fb-eb96d9136f98" testListId="8c84fa94-04c1-424b-9868-57a2d4851a1d" />
    <TestEntry testId="0f5489b1-8ac4-9204-17f4-b55749ac6490" executionId="f68b0741-08de-4571-a5b1-55742b6a0c58" testListId="8c84fa94-04c1-424b-9868-57a2d4851a1d" />
    <TestEntry testId="62294b79-fd57-1a57-9fa1-16dc542d0a4d" executionId="b3d7ca5b-367e-46a0-8f01-fb6064ab98fb" testListId="8c84fa94-04c1-424b-9868-57a2d4851a1d" />
    <TestEntry testId="07fa49d4-c8b1-adf8-33e0-cc2b0fe4e432" executionId="731ef36d-7c8f-4b9b-90d5-dcf34ad40085" testListId="8c84fa94-04c1-424b-9868-57a2d4851a1d" />
    <TestEntry testId="b0739811-0769-0d6d-10df-bbc2b4389739" executionId="f9ddaf52-fa4c-4857-93a0-cc926b215f90" testListId="8c84fa94-04c1-424b-9868-57a2d4851a1d" />
    <TestEntry testId="4404a430-3945-1236-ef3f-8139963efa61" executionId="85d6225f-a5e8-4a31-bc8a-1881e400991a" testListId="8c84fa94-04c1-424b-9868-57a2d4851a1d" />
    <TestEntry testId="c080456c-72d0-3eb2-77e1-542abd80b216" executionId="4034bbb7-ba99-4bd5-bda4-92dafde6198b" testListId="8c84fa94-04c1-424b-9868-57a2d4851a1d" />
    <TestEntry testId="a13f15c8-7c1b-75e6-115a-2f9c84e9fa5f" executionId="e3f7250e-af07-4b1c-bb4e-f464a19b5ce2" testListId="8c84fa94-04c1-424b-9868-57a2d4851a1d" />
    <TestEntry testId="d2671cf7-10ab-d2c0-aa50-a4b5bfd530c6" executionId="996d3a76-49e7-41d3-b9eb-ab2fdba3c505" testListId="8c84fa94-04c1-424b-9868-57a2d4851a1d" />
    <TestEntry testId="62e0da8f-3c56-f977-affd-e0b646a454d7" executionId="2784b551-7177-4603-912b-f25306afec7b" testListId="8c84fa94-04c1-424b-9868-57a2d4851a1d" />
    <TestEntry testId="e734e722-c897-0ccb-6f21-a044403c8cd2" executionId="50b5d13a-f392-4b00-96c4-dfa80e9fe889" testListId="8c84fa94-04c1-424b-9868-57a2d4851a1d" />
    <TestEntry testId="eede4713-56bb-3d3c-3e2e-6a26dd039e2e" executionId="58af104d-2777-4181-8168-68d475a9aa97" testListId="8c84fa94-04c1-424b-9868-57a2d4851a1d" />
    <TestEntry testId="f23e3e92-54c2-2411-b215-631166fbf856" executionId="b5c6e877-8420-4ea7-9ba0-52d49c7a568f" testListId="8c84fa94-04c1-424b-9868-57a2d4851a1d" />
    <TestEntry testId="275ba7bf-a42d-bd91-1c80-5f751e891033" executionId="d57e1b32-b01f-484d-9776-fcb94adc2d04" testListId="8c84fa94-04c1-424b-9868-57a2d4851a1d" />
    <TestEntry testId="84f70a73-53d8-9f06-6236-95fde40b65ac" executionId="d400e960-6218-497c-bfba-2623c08622ad" testListId="8c84fa94-04c1-424b-9868-57a2d4851a1d" />
    <TestEntry testId="52804f86-16d4-c4e7-0a3e-5434b8ef0f30" executionId="671a2a86-2b67-4d91-9e6b-183aa19eaa3a" testListId="8c84fa94-04c1-424b-9868-57a2d4851a1d" />
    <TestEntry testId="257c0922-44f0-686e-e1ab-2ecaa57524ac" executionId="947331b9-e78f-4b3c-aacf-d1e307f34220" testListId="8c84fa94-04c1-424b-9868-57a2d4851a1d" />
    <TestEntry testId="e7a87b1a-469f-3c38-ddd6-29b9b9cbec00" executionId="ce953506-d91b-4d34-a01b-260e4e5db878" testListId="8c84fa94-04c1-424b-9868-57a2d4851a1d" />
    <TestEntry testId="3b221ad2-25e8-a21d-c511-ab3b1a01fb56" executionId="c36287cf-0310-4f43-a611-ed28ab0eebb9" testListId="8c84fa94-04c1-424b-9868-57a2d4851a1d" />
    <TestEntry testId="29b14ef8-e43d-41e1-d5fc-d7d493be4940" executionId="a76d1d17-4988-44fb-8471-93318869e835" testListId="8c84fa94-04c1-424b-9868-57a2d4851a1d" />
    <TestEntry testId="9b9dbd30-50bb-5bbd-002a-cb75e7cd1aba" executionId="7e0b7f30-f290-46db-b565-6389adf0e802" testListId="8c84fa94-04c1-424b-9868-57a2d4851a1d" />
    <TestEntry testId="9693c595-8da3-c963-0be7-6c2fb9b59c4d" executionId="563eebd4-f00b-49dd-a184-3e91aac16972" testListId="8c84fa94-04c1-424b-9868-57a2d4851a1d" />
    <TestEntry testId="1e86b1ae-4010-c39e-71f3-3cc7adcf6881" executionId="12ccf324-449d-4911-bd18-435e8f5fe6de" testListId="8c84fa94-04c1-424b-9868-57a2d4851a1d" />
    <TestEntry testId="d3aac1dd-0f5d-4d1a-ac7a-ab3b6af2bff9" executionId="eec0e937-c297-4e67-8cf7-3d7e1688334a" testListId="8c84fa94-04c1-424b-9868-57a2d4851a1d" />
    <TestEntry testId="39e900e7-994b-131a-bce2-a45a9207a809" executionId="8b983db1-fc50-4580-9c12-2e87c95b2bd1" testListId="8c84fa94-04c1-424b-9868-57a2d4851a1d" />
    <TestEntry testId="187a3c1b-b8b9-e08a-2f65-c787e6bb630a" executionId="1e9e6ef3-bcc7-4039-a09b-fcc4a82e21af" testListId="8c84fa94-04c1-424b-9868-57a2d4851a1d" />
    <TestEntry testId="44436d34-8c47-a19f-150a-24d114c511ac" executionId="5404fc57-bc33-485e-9a08-f4edfdefa387" testListId="8c84fa94-04c1-424b-9868-57a2d4851a1d" />
    <TestEntry testId="97f2dd08-7fc8-05d2-39e7-d6eb768666a9" executionId="24077112-d5ac-45ca-8268-0a60856bdd0a" testListId="8c84fa94-04c1-424b-9868-57a2d4851a1d" />
    <TestEntry testId="37ae8fbf-ea2d-3e63-eb29-0ad351089e62" executionId="0c29915c-343e-4631-a8bd-608a835330cc" testListId="8c84fa94-04c1-424b-9868-57a2d4851a1d" />
    <TestEntry testId="c8844d95-6b3e-d2a5-0238-e17eb53985e3" executionId="eccaaefe-65b8-4356-9349-cb22796e6d8d" testListId="8c84fa94-04c1-424b-9868-57a2d4851a1d" />
    <TestEntry testId="18b9af22-bb6c-f1cc-eab9-198fe04c78c2" executionId="4d3bf603-5c13-4326-bca7-f5417b2d47e3" testListId="8c84fa94-04c1-424b-9868-57a2d4851a1d" />
    <TestEntry testId="005c4048-bbfa-5fd2-6e76-51731c50383b" executionId="6ae59884-26a8-4c99-a6d9-d6820638a43f" testListId="8c84fa94-04c1-424b-9868-57a2d4851a1d" />
    <TestEntry testId="4686721b-2da0-2073-d103-e6130d171947" executionId="406977de-2c05-4b8c-a375-5a88065b209e" testListId="8c84fa94-04c1-424b-9868-57a2d4851a1d" />
    <TestEntry testId="25843545-ef80-11aa-4565-6026ffae4df6" executionId="d1fc6b71-b65f-4e5d-9a96-2011b80035f8" testListId="8c84fa94-04c1-424b-9868-57a2d4851a1d" />
    <TestEntry testId="c812ed1c-00bd-8faa-1362-480338c7edf0" executionId="52b013c1-c771-41fc-ac4b-eb62fc2a1e68" testListId="8c84fa94-04c1-424b-9868-57a2d4851a1d" />
    <TestEntry testId="6bf15edc-a1d0-adf1-a3aa-fde4bdad9f83" executionId="60c97757-c108-4e9d-aab8-659998e115a4" testListId="8c84fa94-04c1-424b-9868-57a2d4851a1d" />
    <TestEntry testId="94e5854b-a7a8-bf50-1837-dc2fec1a5970" executionId="49ef533f-eab0-4ec5-8179-7f4db0ac72b5" testListId="8c84fa94-04c1-424b-9868-57a2d4851a1d" />
    <TestEntry testId="a9f5292d-e31f-a581-3eed-5680d989d123" executionId="ad41389b-23da-401a-bcfe-958fb9db1970" testListId="8c84fa94-04c1-424b-9868-57a2d4851a1d" />
    <TestEntry testId="117614c7-eeb5-3c32-e0a6-311b673498a1" executionId="3f8b5f08-f139-4fd5-9e0c-f6e0701dda57" testListId="8c84fa94-04c1-424b-9868-57a2d4851a1d" />
    <TestEntry testId="5e058ca8-2071-8aca-94cf-089b17b5ab0d" executionId="88c417e6-6144-43d8-a6c6-7e696f291af8" testListId="8c84fa94-04c1-424b-9868-57a2d4851a1d" />
    <TestEntry testId="f1273a57-f352-81b3-3c22-3b2f4debaba3" executionId="d2c8cdeb-98de-47ef-bd3f-809d59c79e46" testListId="8c84fa94-04c1-424b-9868-57a2d4851a1d" />
    <TestEntry testId="11006eff-dccd-aa32-9666-4dd55bbdd6ef" executionId="3141b4bd-c935-4f7a-a4da-28ccddf62dd5" testListId="8c84fa94-04c1-424b-9868-57a2d4851a1d" />
    <TestEntry testId="af0f43ee-ce4a-d402-680c-1c0e37479db8" executionId="02ecec10-1310-4411-a6b8-3b25d29e1b95" testListId="8c84fa94-04c1-424b-9868-57a2d4851a1d" />
    <TestEntry testId="ba7694f7-ee6f-6343-b447-699651d9d6f9" executionId="9f52c1e9-84f5-444c-92b6-9747377bfc82" testListId="8c84fa94-04c1-424b-9868-57a2d4851a1d" />
    <TestEntry testId="bbf27319-0f4b-5f15-78c4-45a2e840ee02" executionId="91e6a309-8488-420d-934e-59d2ddb0ad49" testListId="8c84fa94-04c1-424b-9868-57a2d4851a1d" />
    <TestEntry testId="03f9a419-da0b-13cb-434c-e5eb4d3017d6" executionId="77f2543a-6b6b-4b9e-a6ef-bf9be86e4d33" testListId="8c84fa94-04c1-424b-9868-57a2d4851a1d" />
    <TestEntry testId="67088a0d-c95d-ee41-8d3c-5924cd7e11e1" executionId="c3b72809-afe1-42cf-9c83-5c91e6447ee5" testListId="8c84fa94-04c1-424b-9868-57a2d4851a1d" />
    <TestEntry testId="3a86bace-7c8b-cb31-de17-695019225dec" executionId="82120500-454e-4373-9109-9c226a7cab3c" testListId="8c84fa94-04c1-424b-9868-57a2d4851a1d" />
    <TestEntry testId="da270ab7-6882-db63-f3a0-844c8b4562db" executionId="01209299-0e2e-4348-b159-a65458d24130" testListId="8c84fa94-04c1-424b-9868-57a2d4851a1d" />
    <TestEntry testId="737a55e3-02b4-11ec-a502-8f24217ffca3" executionId="bb7f0195-5b58-4efe-bb3d-911902765125" testListId="8c84fa94-04c1-424b-9868-57a2d4851a1d" />
    <TestEntry testId="9cded436-df00-a929-7b4b-3c1f500b64fe" executionId="c82acddf-96cc-4d4f-9205-aaed40271dda" testListId="8c84fa94-04c1-424b-9868-57a2d4851a1d" />
    <TestEntry testId="d63150eb-a494-247f-04af-e8e69519f739" executionId="06d04027-05c6-4470-813b-19236ebc1338" testListId="8c84fa94-04c1-424b-9868-57a2d4851a1d" />
    <TestEntry testId="a831aa49-5e6b-6ed4-4885-992999205a90" executionId="df2533a2-6dea-4df5-aee3-bcc6b17a59cc" testListId="8c84fa94-04c1-424b-9868-57a2d4851a1d" />
    <TestEntry testId="26609db5-8fe4-7221-64d2-19aa74512834" executionId="90dea4c2-3e1e-4169-a1d0-63d5977e58d3" testListId="8c84fa94-04c1-424b-9868-57a2d4851a1d" />
    <TestEntry testId="570963dc-5e77-73b9-225e-688120d0deeb" executionId="7c1f0ba0-ac3b-4728-9bc4-d77b32c27ce7" testListId="8c84fa94-04c1-424b-9868-57a2d4851a1d" />
    <TestEntry testId="ce7e30df-0543-6938-fae8-53fc40762640" executionId="34ccf5f0-98de-4a95-8d21-dd0242343511" testListId="8c84fa94-04c1-424b-9868-57a2d4851a1d" />
    <TestEntry testId="2106ce31-ab6d-dc05-4702-f8a1d8cb40da" executionId="6dcdd5c8-3a81-42ff-9399-2cc5e95ad6d5" testListId="8c84fa94-04c1-424b-9868-57a2d4851a1d" />
    <TestEntry testId="f408475e-6fb9-6a1c-14aa-10ca58ac105c" executionId="e2aeddb9-3690-40a7-a041-0ddd8dbb37f7" testListId="8c84fa94-04c1-424b-9868-57a2d4851a1d" />
    <TestEntry testId="322a76e2-9465-203a-fa3f-db73d4f489c4" executionId="1e0c453f-a6d1-4429-8168-a741657e62c7" testListId="8c84fa94-04c1-424b-9868-57a2d4851a1d" />
    <TestEntry testId="1bbd120c-214c-3ef2-991f-c7ebd3d57ae2" executionId="3fa63341-d4aa-4a80-bdde-18d99269eefd" testListId="8c84fa94-04c1-424b-9868-57a2d4851a1d" />
    <TestEntry testId="0698a694-c3e3-daa4-3795-9bea8316565b" executionId="d472591f-a4e9-475e-a0a6-1ed9cc49ab98" testListId="8c84fa94-04c1-424b-9868-57a2d4851a1d" />
    <TestEntry testId="16f93673-833f-5604-541b-fd1cb5d08ba8" executionId="af479386-d5e6-4e24-80fb-0b86b200d42b" testListId="8c84fa94-04c1-424b-9868-57a2d4851a1d" />
    <TestEntry testId="16f60887-7ce9-1170-b4ee-a149304874ee" executionId="2c492ba2-1239-4935-b734-58177b450e8e" testListId="8c84fa94-04c1-424b-9868-57a2d4851a1d" />
    <TestEntry testId="0e3b0f34-8ab7-ccb2-ed1a-7de6e3e165c5" executionId="7c27dbd3-4400-4efe-9311-e866198f6514" testListId="8c84fa94-04c1-424b-9868-57a2d4851a1d" />
    <TestEntry testId="16b9cd71-246d-5b51-e461-fdc7db24fde9" executionId="8bfde9f0-46d3-49b8-a55d-a16ca3825fa1" testListId="8c84fa94-04c1-424b-9868-57a2d4851a1d" />
    <TestEntry testId="13638f31-b7e4-af7e-235e-95a40f773cc3" executionId="43feb7c3-3bd4-4b11-a6f0-55a8e6d21360" testListId="8c84fa94-04c1-424b-9868-57a2d4851a1d" />
    <TestEntry testId="6c5fbe1f-8152-a821-d533-330bed4f5a98" executionId="54d87bf2-f44f-4ebe-b577-70e83ad75657" testListId="8c84fa94-04c1-424b-9868-57a2d4851a1d" />
    <TestEntry testId="f5086738-fff1-9285-cf60-e3b17196cf32" executionId="c017f3f4-05b3-414c-a06b-93c2b2d3b5f6" testListId="8c84fa94-04c1-424b-9868-57a2d4851a1d" />
    <TestEntry testId="70b285fc-710a-f379-d65f-f5e6f4c70eac" executionId="9650c476-21f2-4cf8-8312-6d0992920889" testListId="8c84fa94-04c1-424b-9868-57a2d4851a1d" />
    <TestEntry testId="6ec6fd22-7feb-d279-20aa-2b6bde4591a6" executionId="4b100e6e-1635-4bb9-bfac-2efa27292471" testListId="8c84fa94-04c1-424b-9868-57a2d4851a1d" />
    <TestEntry testId="3fc54712-5186-4bec-f033-21016fea98fa" executionId="c3e0ca42-43bb-4884-abca-10ce997509b3" testListId="8c84fa94-04c1-424b-9868-57a2d4851a1d" />
    <TestEntry testId="ad2a533e-345f-feb2-e7cb-50434e04ad99" executionId="e1178cc4-e88d-4188-982a-94ddb1c9cd75" testListId="8c84fa94-04c1-424b-9868-57a2d4851a1d" />
    <TestEntry testId="179839b6-b471-f653-0f2c-79b9d0414c3f" executionId="5c4176ba-0d27-4c26-b3c1-c4ae0ca4b284" testListId="8c84fa94-04c1-424b-9868-57a2d4851a1d" />
    <TestEntry testId="e752bd23-b6f4-f8a1-41d2-4686827d5d3c" executionId="6f01a732-b6af-40ca-8435-6d16baa7d3ba" testListId="8c84fa94-04c1-424b-9868-57a2d4851a1d" />
    <TestEntry testId="f020995b-abe3-d649-6f42-54b2532be4d9" executionId="6a84ae52-be1e-4afe-9b74-085188efefb6" testListId="8c84fa94-04c1-424b-9868-57a2d4851a1d" />
    <TestEntry testId="6ca72b6b-0033-ee05-80aa-21dc1f0119ea" executionId="e0fb8da8-583e-4313-ada7-128d04f34dbb" testListId="8c84fa94-04c1-424b-9868-57a2d4851a1d" />
    <TestEntry testId="e52da296-c08b-e9c0-0216-381a1c8bbd9e" executionId="aa09132f-d035-4adf-8415-ef0ed762c43d" testListId="8c84fa94-04c1-424b-9868-57a2d4851a1d" />
    <TestEntry testId="146594a1-db48-d7ad-577b-cf76cd9c279b" executionId="8fd507ae-fc72-425d-ba19-645a2049fd52" testListId="8c84fa94-04c1-424b-9868-57a2d4851a1d" />
    <TestEntry testId="dc042fe4-506a-6277-bf5c-9f1d13854fc7" executionId="c77d81c5-cd83-446c-95af-252b57d9b180" testListId="8c84fa94-04c1-424b-9868-57a2d4851a1d" />
    <TestEntry testId="22aaf792-b28c-0483-2284-13d7b20de4b8" executionId="85214462-2325-4592-8087-38c15d55b5b4" testListId="8c84fa94-04c1-424b-9868-57a2d4851a1d" />
    <TestEntry testId="fd3d93a9-265d-ee70-503b-7e4448400893" executionId="d718ad54-3ff9-4f0b-b1a8-041599569c0b" testListId="8c84fa94-04c1-424b-9868-57a2d4851a1d" />
    <TestEntry testId="b9255dfa-9628-1fda-ee6f-f5fa66f81e57" executionId="bb760d6e-c2c2-4289-8695-4f09154cf776" testListId="8c84fa94-04c1-424b-9868-57a2d4851a1d" />
    <TestEntry testId="8c4ac38a-c3bf-bb60-df07-e7bd10fd1112" executionId="daf70489-a2ab-459c-8ac9-64e184a4c56c" testListId="8c84fa94-04c1-424b-9868-57a2d4851a1d" />
    <TestEntry testId="e060b440-f3f0-8ff1-976f-fddc5cc26f62" executionId="7a6565c6-16d1-4cc5-b254-04933ffe0a59" testListId="8c84fa94-04c1-424b-9868-57a2d4851a1d" />
    <TestEntry testId="98ff53fb-3b47-c43e-4b86-adf2da2fb797" executionId="297ec34e-7218-4916-99e5-6c1fd43ecfd2" testListId="8c84fa94-04c1-424b-9868-57a2d4851a1d" />
    <TestEntry testId="d78ddc2b-307f-bc26-2b15-e79e8f94ce76" executionId="85136561-2bc9-4f89-a85c-1f6fc9beb3a1" testListId="8c84fa94-04c1-424b-9868-57a2d4851a1d" />
    <TestEntry testId="d53b731a-f1cc-f58f-ac8f-3fdcdc3a367b" executionId="ea440b9e-b707-40b1-a307-18cc440f5dcf" testListId="8c84fa94-04c1-424b-9868-57a2d4851a1d" />
    <TestEntry testId="2c2117f3-dae9-4d5e-6fa1-773bd6c20109" executionId="30905943-37e3-4937-b813-3c763dc60721" testListId="8c84fa94-04c1-424b-9868-57a2d4851a1d" />
    <TestEntry testId="aa00ee56-82a4-f12d-65e7-778cc997807f" executionId="bdebcf25-80a9-4a45-b802-249c2230582a" testListId="8c84fa94-04c1-424b-9868-57a2d4851a1d" />
    <TestEntry testId="b147c839-1adf-f8ae-0b25-dc9dcffe119b" executionId="81e22dd5-8c7f-4b8b-989e-5563593e0250" testListId="8c84fa94-04c1-424b-9868-57a2d4851a1d" />
    <TestEntry testId="ba5d0a4c-06cb-f46b-47c1-8da0bac9ec51" executionId="b6bfd532-cc27-4b68-bb3a-bfb807d80a9c" testListId="8c84fa94-04c1-424b-9868-57a2d4851a1d" />
    <TestEntry testId="0e72e474-7df2-3dd5-7160-b0a32b2afdd9" executionId="167cb474-1637-4bb2-96c9-9c84a73725b2" testListId="8c84fa94-04c1-424b-9868-57a2d4851a1d" />
    <TestEntry testId="7b3048fa-a67c-dc66-afa0-4a605a32dbf4" executionId="501f8f88-fd8d-46ab-b109-81893fa6f40e" testListId="8c84fa94-04c1-424b-9868-57a2d4851a1d" />
    <TestEntry testId="b82f6040-62f7-3594-e125-274383902f8c" executionId="87841de4-09bf-451e-b63d-3d07b91c053c" testListId="8c84fa94-04c1-424b-9868-57a2d4851a1d" />
    <TestEntry testId="7e3c3908-f70c-8d41-e8fe-866ddfe5a4bc" executionId="63e8b19c-9848-49ef-809c-8d84a587f9e3" testListId="8c84fa94-04c1-424b-9868-57a2d4851a1d" />
    <TestEntry testId="159cae7e-f986-2bd9-0bdf-d56bffd649d4" executionId="28949bdb-57ea-47ba-8e29-c805926891f0" testListId="8c84fa94-04c1-424b-9868-57a2d4851a1d" />
    <TestEntry testId="6ce95987-243b-a23d-9b97-d2e2f2ba466c" executionId="65f4007b-80bf-4a9c-b3a8-2065ded202f9" testListId="8c84fa94-04c1-424b-9868-57a2d4851a1d" />
    <TestEntry testId="f7a1083e-5a21-1e01-c13b-18623a6702d9" executionId="8306d900-edd3-4168-9cff-e5075060f314" testListId="8c84fa94-04c1-424b-9868-57a2d4851a1d" />
    <TestEntry testId="736d2983-eeff-1045-0cd2-2e53a996df06" executionId="c0769bf7-e8cf-4190-a073-bfeed0452aa1" testListId="8c84fa94-04c1-424b-9868-57a2d4851a1d" />
    <TestEntry testId="0f368352-c3d8-02d3-f3d9-f0e643bc2ed7" executionId="4982c4ed-0d34-424f-9993-8bd953e9953b" testListId="8c84fa94-04c1-424b-9868-57a2d4851a1d" />
    <TestEntry testId="b393858d-872b-e354-eb53-3b8e5bbfc7bb" executionId="1d07b214-6d4f-4c41-b72f-27c17780574d" testListId="8c84fa94-04c1-424b-9868-57a2d4851a1d" />
    <TestEntry testId="c3c83a0c-a46d-bf4c-a733-65c34582027c" executionId="8c5a435b-1346-47e7-bc3c-34eb1e10ab2a" testListId="8c84fa94-04c1-424b-9868-57a2d4851a1d" />
    <TestEntry testId="c1dba330-ca0d-dce5-8eda-7974894f22ca" executionId="3e23be10-6851-421b-a3b0-53188fb0ebff" testListId="8c84fa94-04c1-424b-9868-57a2d4851a1d" />
    <TestEntry testId="ddb2b30a-7c8f-3eac-d6a3-efc6f41e2e1f" executionId="f3672527-8ccb-4b34-9a06-99e80be402c6" testListId="8c84fa94-04c1-424b-9868-57a2d4851a1d" />
    <TestEntry testId="44388fe8-f4d9-9727-56d6-63d8a6beeb9b" executionId="c8e966ad-cc04-4285-a412-f9fc5f9d729c" testListId="8c84fa94-04c1-424b-9868-57a2d4851a1d" />
    <TestEntry testId="c639d279-f201-87fa-87e4-d4046a905790" executionId="4ed4e9c5-2790-4d92-94be-a87d187b26d0" testListId="8c84fa94-04c1-424b-9868-57a2d4851a1d" />
    <TestEntry testId="77b4115c-9698-8872-1259-5ceebb1db073" executionId="40353444-4464-4818-9ec8-6691c64e95fd" testListId="8c84fa94-04c1-424b-9868-57a2d4851a1d" />
    <TestEntry testId="bef51588-d886-f6e3-fdda-95da2278aacb" executionId="1df45221-b0c2-4e8c-bf93-a720bb92d371" testListId="8c84fa94-04c1-424b-9868-57a2d4851a1d" />
    <TestEntry testId="b0ea56fc-56fe-34ff-f18f-05cf3640650e" executionId="0b9878de-f617-4864-a91b-0f4c321ce6d3" testListId="8c84fa94-04c1-424b-9868-57a2d4851a1d" />
    <TestEntry testId="ad28a529-3946-ad0b-47a4-a29f47a70b12" executionId="5906076b-953d-497c-bc03-00d44957138b" testListId="8c84fa94-04c1-424b-9868-57a2d4851a1d" />
    <TestEntry testId="134110e6-fb08-89b6-f21b-257fe054fa49" executionId="aa97d125-30dd-4efe-af33-80facbe089e5" testListId="8c84fa94-04c1-424b-9868-57a2d4851a1d" />
    <TestEntry testId="61995c8a-35dd-f2df-f559-b60cb8f54a82" executionId="89536c03-bae4-403b-876c-66b7ba8a641c" testListId="8c84fa94-04c1-424b-9868-57a2d4851a1d" />
    <TestEntry testId="f6984f1a-4523-b1ef-118a-5c1d7f7ca1aa" executionId="17c61f8c-7fbc-4250-a408-775b4ac5c658" testListId="8c84fa94-04c1-424b-9868-57a2d4851a1d" />
    <TestEntry testId="f85011e7-aedc-f16d-4ec9-583569d1a8dd" executionId="02d728a3-5773-4060-a90b-8c92b516abfc" testListId="8c84fa94-04c1-424b-9868-57a2d4851a1d" />
    <TestEntry testId="474f4123-c4f0-ed71-e9ae-2089a5b45084" executionId="9f679852-7d81-4e8a-8599-c64464653c38" testListId="8c84fa94-04c1-424b-9868-57a2d4851a1d" />
    <TestEntry testId="f3d705dd-7bc5-3c67-615c-4a5792f645ee" executionId="6241e6fe-2e4c-496d-8c10-f8b88cf97212" testListId="8c84fa94-04c1-424b-9868-57a2d4851a1d" />
    <TestEntry testId="7c55a314-e50c-cf7f-eb2f-1d2ce3940e80" executionId="228df39c-5816-4288-8858-67f3505d5f26" testListId="8c84fa94-04c1-424b-9868-57a2d4851a1d" />
    <TestEntry testId="f8ca46c0-8edb-350c-aedc-71898e183163" executionId="0154b5c4-8f8a-4b05-834d-288b41fe18ac" testListId="8c84fa94-04c1-424b-9868-57a2d4851a1d" />
    <TestEntry testId="88aa33f2-80ef-ffeb-281e-b6e341b95ce9" executionId="5c51f2bd-deb3-4017-8c81-3406100d2f07" testListId="8c84fa94-04c1-424b-9868-57a2d4851a1d" />
    <TestEntry testId="4616a099-62a3-ac2b-8f4b-108aba4d58b6" executionId="7127d061-df1b-49bf-b782-5c4ca6a6c98f" testListId="8c84fa94-04c1-424b-9868-57a2d4851a1d" />
    <TestEntry testId="4734c94a-3fa1-230a-c6b6-be41d0a9e285" executionId="c1905a37-189b-48ee-89ee-e75597624231" testListId="8c84fa94-04c1-424b-9868-57a2d4851a1d" />
    <TestEntry testId="d024cbbc-cd6e-1273-02ea-1e58d1fbe142" executionId="c7987eb6-413e-4b77-8d04-5766caf5ac2b" testListId="8c84fa94-04c1-424b-9868-57a2d4851a1d" />
    <TestEntry testId="ca034712-fc2a-7f2e-fe84-ae45e3bb76cf" executionId="0f24deab-a1d2-4564-b062-f83ab0e5c55f" testListId="8c84fa94-04c1-424b-9868-57a2d4851a1d" />
    <TestEntry testId="500146c2-0fce-a8b0-1f53-7fbec0f9bacd" executionId="e8050556-f052-4c58-bb15-ded296e64407" testListId="8c84fa94-04c1-424b-9868-57a2d4851a1d" />
    <TestEntry testId="22017572-0e55-4eb6-a8f5-ed8333ee82e7" executionId="fa71dec8-01d1-4e25-9c3a-da5b3b5d52bb" testListId="8c84fa94-04c1-424b-9868-57a2d4851a1d" />
    <TestEntry testId="cd0e928a-8fb2-a8c8-3e57-58d7e6ebe361" executionId="1237cfb1-c68b-439f-a384-dbcc950f5c2d" testListId="8c84fa94-04c1-424b-9868-57a2d4851a1d" />
    <TestEntry testId="803ac96c-ceaf-813a-623a-bb8007ba13fb" executionId="75b3cd7d-457f-44db-8239-68302e6c2721" testListId="8c84fa94-04c1-424b-9868-57a2d4851a1d" />
    <TestEntry testId="dacce14d-9756-2798-fd98-fb15b8b3c6f4" executionId="c7e9939c-1bbd-4064-b220-bcfbca140ab8" testListId="8c84fa94-04c1-424b-9868-57a2d4851a1d" />
    <TestEntry testId="fcaf83e0-32f7-634e-130d-abc796d2af06" executionId="fd0869da-2435-4478-b971-5094b73ecb54" testListId="8c84fa94-04c1-424b-9868-57a2d4851a1d" />
    <TestEntry testId="7ff37c2f-1947-5bfd-5301-306c5eae35b9" executionId="144e51c9-3d8c-467d-92c5-7a510dc60843" testListId="8c84fa94-04c1-424b-9868-57a2d4851a1d" />
    <TestEntry testId="81dd526f-aa99-4632-ea5a-436981f22beb" executionId="770c1332-7f9c-49f1-b1e6-8b228f9eb975" testListId="8c84fa94-04c1-424b-9868-57a2d4851a1d" />
    <TestEntry testId="3ccfced6-2d87-0092-817f-624478d6bd44" executionId="6c53a60d-3c26-400f-be6d-39046b4854eb" testListId="8c84fa94-04c1-424b-9868-57a2d4851a1d" />
    <TestEntry testId="023f7f43-765e-9b8d-a4fb-66ae949e5c24" executionId="f2bee5bc-45c2-4bb9-9e64-515fbd179ffb" testListId="8c84fa94-04c1-424b-9868-57a2d4851a1d" />
    <TestEntry testId="11d54d6f-5da0-f133-d7de-6f5044962e90" executionId="413c2dfe-02aa-44e0-ad0a-79b49180acfc" testListId="8c84fa94-04c1-424b-9868-57a2d4851a1d" />
    <TestEntry testId="310968d1-fc55-32d1-9bf4-640cd6ac6c2c" executionId="1f6cfec1-9d29-4ef7-b4c9-dd87d9d89f52" testListId="8c84fa94-04c1-424b-9868-57a2d4851a1d" />
    <TestEntry testId="3a8ca70f-603d-9529-0058-2e57757ce284" executionId="e31b886e-0f6f-413f-9dda-09f55eeeb983" testListId="8c84fa94-04c1-424b-9868-57a2d4851a1d" />
    <TestEntry testId="22940ce1-f9a1-0a34-055d-4f72c4c54fbb" executionId="f2a40223-e6c7-4899-b659-9a2770e61fcb" testListId="8c84fa94-04c1-424b-9868-57a2d4851a1d" />
    <TestEntry testId="0ef6c2b0-c03c-b1c8-fd6f-4840c4db7605" executionId="00e165d6-d4a2-4326-af8b-55acae8a15ae" testListId="8c84fa94-04c1-424b-9868-57a2d4851a1d" />
    <TestEntry testId="47a53b29-7b9e-c9bf-9646-9c0d3127b256" executionId="9edc5d86-5c5e-4ed2-9a01-7c608971d497" testListId="8c84fa94-04c1-424b-9868-57a2d4851a1d" />
    <TestEntry testId="cc181f70-75e6-81da-b99e-3e2374e3ba03" executionId="dfa5f7e1-5dfd-445c-9dca-ffbde3ed8587" testListId="8c84fa94-04c1-424b-9868-57a2d4851a1d" />
    <TestEntry testId="0bd5a705-f6f8-0f3a-8c3d-f1c97380c236" executionId="820b109c-165c-460e-ae9f-7e8432dfc4ce" testListId="8c84fa94-04c1-424b-9868-57a2d4851a1d" />
    <TestEntry testId="57774d4f-0e88-d290-a792-720e504514ba" executionId="5acf7574-6d86-4a19-a4ea-af54ec680839" testListId="8c84fa94-04c1-424b-9868-57a2d4851a1d" />
    <TestEntry testId="61459c18-d69a-002e-99fd-4c0194ecc49d" executionId="4685afc8-0d0d-4180-bd0f-280c6546a800" testListId="8c84fa94-04c1-424b-9868-57a2d4851a1d" />
    <TestEntry testId="79db46c4-1a13-12a0-1950-586398a93668" executionId="0d0c741d-980f-46df-ad3f-fbbdd0dd36eb" testListId="8c84fa94-04c1-424b-9868-57a2d4851a1d" />
    <TestEntry testId="21a0d29c-e94f-b292-af3e-a395eaa62ce5" executionId="e305f95e-b09d-44ae-87c2-12b24da5e2c8" testListId="8c84fa94-04c1-424b-9868-57a2d4851a1d" />
    <TestEntry testId="93f61c3c-6b1e-d1b6-89d6-3a1bfa5e90ba" executionId="9a5309cc-573b-4612-b605-9b1cba9b540c" testListId="8c84fa94-04c1-424b-9868-57a2d4851a1d" />
    <TestEntry testId="138cc152-3c37-d294-08c0-e36a93e3d725" executionId="2eb661bc-5b94-4bf9-80c7-7631a1b86c14" testListId="8c84fa94-04c1-424b-9868-57a2d4851a1d" />
    <TestEntry testId="c2a92498-f703-1b39-7778-71f05b13e27d" executionId="3d6a0310-9411-4404-a56d-ed95e0fffc05" testListId="8c84fa94-04c1-424b-9868-57a2d4851a1d" />
    <TestEntry testId="6782d7fb-c6f1-9d5e-e21b-8e8665ae821d" executionId="680e2bdd-7e0d-4650-aeaa-70fa4fff310a" testListId="8c84fa94-04c1-424b-9868-57a2d4851a1d" />
    <TestEntry testId="21fa9385-bfaf-d1fb-f620-6ac18f449c60" executionId="d45d843f-20a7-4f17-ab25-6c1088819fa8" testListId="8c84fa94-04c1-424b-9868-57a2d4851a1d" />
    <TestEntry testId="9cb1dd9b-9567-7d27-369e-add42bb14fb4" executionId="ebad6524-2a91-45c2-bda3-ea1e5ab2f83c" testListId="8c84fa94-04c1-424b-9868-57a2d4851a1d" />
    <TestEntry testId="ae12437f-7020-f7d7-46c0-7bcbf7d4412c" executionId="721ce5ca-f2c8-4f0b-ad7c-51bb169bd4ab" testListId="8c84fa94-04c1-424b-9868-57a2d4851a1d" />
    <TestEntry testId="392352ae-d647-e68a-124a-33d5232e7f11" executionId="17924a03-cfbf-4f27-aa02-3395504da9ce" testListId="8c84fa94-04c1-424b-9868-57a2d4851a1d" />
    <TestEntry testId="e56c92d2-c559-22db-a2e2-d0987b0def17" executionId="7c9d714f-b665-40ff-893b-8f320ed26467" testListId="8c84fa94-04c1-424b-9868-57a2d4851a1d" />
    <TestEntry testId="97e7d06a-68e4-1586-9e4c-e6b41260549f" executionId="67a32f7b-0f29-4eca-b35d-31028d6ee253" testListId="8c84fa94-04c1-424b-9868-57a2d4851a1d" />
    <TestEntry testId="d4fbe30b-c3a5-9110-1c8a-b21accc6c6ad" executionId="2a386892-64fa-46ab-a942-61155b7a6579" testListId="8c84fa94-04c1-424b-9868-57a2d4851a1d" />
    <TestEntry testId="7e72f854-d326-decd-1986-82fb5fe24c7b" executionId="82526ad2-fbbb-4ba0-94fd-4189bda891a5" testListId="8c84fa94-04c1-424b-9868-57a2d4851a1d" />
    <TestEntry testId="0b5213c6-1e29-5592-48df-383ab2a80365" executionId="6640c8fb-9764-4abd-bad8-ad1f2966b46b" testListId="8c84fa94-04c1-424b-9868-57a2d4851a1d" />
    <TestEntry testId="be3b82dd-8df9-5360-ff99-6eca540698eb" executionId="f7c5859f-f44f-477e-b232-6e8c63d49d74" testListId="8c84fa94-04c1-424b-9868-57a2d4851a1d" />
    <TestEntry testId="5cdbd0d9-c8bd-a61c-82a8-354b3f579fbb" executionId="d5ad0320-de89-40ba-afbd-df0964b1fb95" testListId="8c84fa94-04c1-424b-9868-57a2d4851a1d" />
    <TestEntry testId="5a6033d0-8674-1383-5d73-0621497569cb" executionId="c15b3ef8-ef39-44d5-a6f7-f956c602220a" testListId="8c84fa94-04c1-424b-9868-57a2d4851a1d" />
    <TestEntry testId="e036dcac-c98f-c247-938a-14a54b7a60ea" executionId="d2de764b-374c-497b-b03a-45317a2f51fe" testListId="8c84fa94-04c1-424b-9868-57a2d4851a1d" />
    <TestEntry testId="bc12b5e8-0d7d-7dd1-0756-b375b65700f8" executionId="0150c18a-9f29-42b9-8182-d3641341d2d0" testListId="8c84fa94-04c1-424b-9868-57a2d4851a1d" />
    <TestEntry testId="3c6ec36d-3aca-cc8c-f540-f0674fae16f9" executionId="8aa21a7f-a088-4a60-a23c-0bd43dbfb1dc" testListId="8c84fa94-04c1-424b-9868-57a2d4851a1d" />
    <TestEntry testId="2f42b505-6aa5-6b6d-cf22-1b3f07c2fb30" executionId="3e44a185-5c34-4772-8e12-7cef732d3e11" testListId="8c84fa94-04c1-424b-9868-57a2d4851a1d" />
    <TestEntry testId="0378ed59-f976-b4fc-9f2f-d68f313306f2" executionId="e6647db9-e6a7-4b0a-8851-a3876df02a88" testListId="8c84fa94-04c1-424b-9868-57a2d4851a1d" />
    <TestEntry testId="6df640a9-0a50-74d8-fe7f-d3add40b9424" executionId="d70c1c22-b124-49ab-9601-9bbb6a59687d" testListId="8c84fa94-04c1-424b-9868-57a2d4851a1d" />
    <TestEntry testId="32e1fb9e-8eb8-101c-f28a-073547e7fa1e" executionId="4e2228de-649a-4366-8f70-89d90748cca2" testListId="8c84fa94-04c1-424b-9868-57a2d4851a1d" />
    <TestEntry testId="3d8a3078-3353-0dd0-9ba2-c2de88eb7008" executionId="e6ce4cd4-8a86-4e5a-ad06-1e7ea315ae17" testListId="8c84fa94-04c1-424b-9868-57a2d4851a1d" />
    <TestEntry testId="0bfd2093-cd64-a47e-137d-af6fe3953323" executionId="493ba967-8ae7-49e4-b041-37495ac809bd" testListId="8c84fa94-04c1-424b-9868-57a2d4851a1d" />
    <TestEntry testId="78d59ed4-95ad-480d-6b34-b1db04166f61" executionId="44ae6215-6ce5-4d18-8d5b-15b89389111c" testListId="8c84fa94-04c1-424b-9868-57a2d4851a1d" />
    <TestEntry testId="ba355757-a36a-54bb-5c59-d6e115aeace8" executionId="6257a61a-021e-4412-837b-7c8477bd4888" testListId="8c84fa94-04c1-424b-9868-57a2d4851a1d" />
    <TestEntry testId="5d3ae8cd-0741-cea7-50c0-7e2ff7ad47a7" executionId="c397be2a-6ec2-4456-a85e-2465151741ab" testListId="8c84fa94-04c1-424b-9868-57a2d4851a1d" />
    <TestEntry testId="5779081c-72b8-3e22-5954-bdf5dfba82f5" executionId="440e313c-2a1e-48c8-bb2c-d0f4fb48fcb2" testListId="8c84fa94-04c1-424b-9868-57a2d4851a1d" />
    <TestEntry testId="e997866d-eebf-79e1-ae85-52bd5aa489c9" executionId="6d4e2d3c-78ad-4e26-b9fd-a8607cb7f61e" testListId="8c84fa94-04c1-424b-9868-57a2d4851a1d" />
    <TestEntry testId="d39f235d-2e7d-3e96-21e3-c8d6d50c5857" executionId="bd0a0d4d-3c15-4d4f-8a74-fc868e26d218" testListId="8c84fa94-04c1-424b-9868-57a2d4851a1d" />
    <TestEntry testId="052237df-54d9-31a7-0ab1-08aaf1d51da7" executionId="d6fdc945-2d8a-4cfa-9423-030f23c9a2b4" testListId="8c84fa94-04c1-424b-9868-57a2d4851a1d" />
    <TestEntry testId="442159a8-1bcd-ab6e-06d2-d9a45f4251b5" executionId="0138eb32-fcf5-4c8c-976f-7a9eeae3a413" testListId="8c84fa94-04c1-424b-9868-57a2d4851a1d" />
    <TestEntry testId="7ae2592b-1209-056c-b02b-a7b7c4496165" executionId="3842f689-dc75-4aec-93b6-a59732e47a30" testListId="8c84fa94-04c1-424b-9868-57a2d4851a1d" />
    <TestEntry testId="397c15b6-197a-94bc-9677-ba909165fd0f" executionId="cf1311e1-c7d3-401a-9b18-e5aff5ca035f" testListId="8c84fa94-04c1-424b-9868-57a2d4851a1d" />
    <TestEntry testId="d09566d1-6438-9687-6d98-ba12ffff4915" executionId="3c5ebc82-0183-447d-9520-e714fd253a85" testListId="8c84fa94-04c1-424b-9868-57a2d4851a1d" />
    <TestEntry testId="420e5a34-3d7f-4641-51ff-8be4f28538e4" executionId="1e8fe2c1-16cb-474e-ab12-49bc9be2553f" testListId="8c84fa94-04c1-424b-9868-57a2d4851a1d" />
    <TestEntry testId="144c69ed-fb6c-34fd-956a-d442174acbf9" executionId="00e2eaf3-f1fa-4fdc-a65a-ddbf40023e58" testListId="8c84fa94-04c1-424b-9868-57a2d4851a1d" />
    <TestEntry testId="9bb96261-1701-74be-ae73-ef01ff852954" executionId="c3fa90ad-87d0-4971-bb2e-a9b64810e8bf" testListId="8c84fa94-04c1-424b-9868-57a2d4851a1d" />
    <TestEntry testId="ff21f539-b1c4-45b1-9430-6096e4a5a3fd" executionId="6fb845d1-7f50-47ec-9c8c-81cbc6885311" testListId="8c84fa94-04c1-424b-9868-57a2d4851a1d" />
    <TestEntry testId="01158b98-2cd4-e826-aa9e-d2d4c60de322" executionId="84999bc0-1ea8-48e4-a6c3-dd0549f5302a" testListId="8c84fa94-04c1-424b-9868-57a2d4851a1d" />
    <TestEntry testId="d716207e-88e3-d258-c9c3-93a6eb313656" executionId="5c2d8ce3-35f5-4c29-91b5-6f7a9d182ba2" testListId="8c84fa94-04c1-424b-9868-57a2d4851a1d" />
    <TestEntry testId="27817c8c-6c0d-bb4b-da4e-d6836f9c5d12" executionId="4446dd49-438f-4530-bef0-3b745ca74563" testListId="8c84fa94-04c1-424b-9868-57a2d4851a1d" />
    <TestEntry testId="e251df90-29be-3bce-586f-107c221e43b7" executionId="decaed34-7940-4afa-8e28-b0c25c9b0009" testListId="8c84fa94-04c1-424b-9868-57a2d4851a1d" />
    <TestEntry testId="01799474-13c9-ef07-91a0-a707eadf879a" executionId="6f9b3f11-5cc0-4d38-a964-f87cef8060e3" testListId="8c84fa94-04c1-424b-9868-57a2d4851a1d" />
    <TestEntry testId="dcc9cf01-7d0d-4dc6-9027-2fa692f04ff1" executionId="10e2793f-bc87-49b4-a154-1eb7b71455f4" testListId="8c84fa94-04c1-424b-9868-57a2d4851a1d" />
    <TestEntry testId="ccde4230-00f3-bcda-817d-3ae2aeeb86b6" executionId="37cf128f-2ebd-4689-83fd-3a090f8be77a" testListId="8c84fa94-04c1-424b-9868-57a2d4851a1d" />
    <TestEntry testId="4599a740-2169-7e32-9656-668b8e9b7b20" executionId="f8498a37-9291-446a-b8f4-5b424c97aa40" testListId="8c84fa94-04c1-424b-9868-57a2d4851a1d" />
    <TestEntry testId="7df2cba4-4ec8-04f9-d40a-3cd90e07b839" executionId="c13a2148-8922-40d4-9e2f-34b1462f731c" testListId="8c84fa94-04c1-424b-9868-57a2d4851a1d" />
    <TestEntry testId="81f1f710-d694-68bf-2cd3-35ddc8a4ca3e" executionId="563c028b-b3b2-40c8-8536-1330b732720e" testListId="8c84fa94-04c1-424b-9868-57a2d4851a1d" />
    <TestEntry testId="f7f40623-1634-9a2a-bf1c-6e414931a9e6" executionId="e03234e1-965e-4b1d-8edd-ba9aaaa20473" testListId="8c84fa94-04c1-424b-9868-57a2d4851a1d" />
    <TestEntry testId="d131d3ee-68f2-b781-805c-3d38a16bf8a5" executionId="5be5143a-3817-459d-8429-9aade6106d4a" testListId="8c84fa94-04c1-424b-9868-57a2d4851a1d" />
    <TestEntry testId="c3a53dbd-9899-8fac-d500-c2b7239c74d4" executionId="92320cc5-3163-45b6-b101-dfac1c0df33d" testListId="8c84fa94-04c1-424b-9868-57a2d4851a1d" />
    <TestEntry testId="0fd657fb-3854-1b2f-0c0f-8cf8e1efee07" executionId="adfbd2f0-ae39-427b-b626-b3a9011479e6" testListId="8c84fa94-04c1-424b-9868-57a2d4851a1d" />
    <TestEntry testId="1bf83f76-33b3-45e4-acc8-af80bf4d763b" executionId="301f38bb-b6d0-4364-af61-8c4cedb37d5f" testListId="8c84fa94-04c1-424b-9868-57a2d4851a1d" />
    <TestEntry testId="f9a09191-b933-2d00-0d6e-2a80901374f0" executionId="9db680e8-5e61-43e6-a8b8-f872b4d8b2cd" testListId="8c84fa94-04c1-424b-9868-57a2d4851a1d" />
    <TestEntry testId="582a166b-52fa-3ee8-5316-b4af9ef88ed9" executionId="b737f4f3-3b29-4a71-8629-b09110f5f894" testListId="8c84fa94-04c1-424b-9868-57a2d4851a1d" />
    <TestEntry testId="a1b04750-d1fe-a25a-b502-6c3d91504173" executionId="60eb7d4f-ad24-4f12-a36f-b3348c5929b2" testListId="8c84fa94-04c1-424b-9868-57a2d4851a1d" />
    <TestEntry testId="c199ff76-2997-edbd-0462-ba7539f412d3" executionId="62ffbc0c-bae4-464f-942d-44366398059f" testListId="8c84fa94-04c1-424b-9868-57a2d4851a1d" />
    <TestEntry testId="07d6b577-3d60-1f8f-d4b8-5715e136ec3a" executionId="6d0abbb1-1c85-478f-b636-f53bf4aad9d1" testListId="8c84fa94-04c1-424b-9868-57a2d4851a1d" />
    <TestEntry testId="c0b96a1c-b0d5-ece3-3b78-6c5f48ca51fc" executionId="d77c8b29-2b36-4cf2-91e6-99a5d71b6a50" testListId="8c84fa94-04c1-424b-9868-57a2d4851a1d" />
    <TestEntry testId="c17413ea-faf7-b84c-6a91-46a90eb83f24" executionId="591c0d07-c9d1-455b-91e5-e0e671414447" testListId="8c84fa94-04c1-424b-9868-57a2d4851a1d" />
    <TestEntry testId="c4adad9d-ea20-a13f-97f1-44293498d06e" executionId="36a04a09-dff6-42dd-9cd2-2e6953252ec3" testListId="8c84fa94-04c1-424b-9868-57a2d4851a1d" />
    <TestEntry testId="bb812b16-0590-e601-98e0-332d7569575a" executionId="da88003a-de1f-4ae8-89cf-cfa0befd3c12" testListId="8c84fa94-04c1-424b-9868-57a2d4851a1d" />
    <TestEntry testId="549a1786-aafc-b11d-904d-59c7dd4fc0a3" executionId="ee1ad21e-ef0b-4d39-bcad-e850b1eb501c" testListId="8c84fa94-04c1-424b-9868-57a2d4851a1d" />
    <TestEntry testId="e8ad2706-3327-0bd0-6928-db3b3e6344dc" executionId="844a6b68-4713-444a-b87f-d68b92af3ff5" testListId="8c84fa94-04c1-424b-9868-57a2d4851a1d" />
    <TestEntry testId="d68b3075-4627-ba2b-18db-33c4279233ca" executionId="449b1f62-bf30-46f2-ac90-42ede9afb75e" testListId="8c84fa94-04c1-424b-9868-57a2d4851a1d" />
    <TestEntry testId="a0021c28-c68a-0206-6b10-c92f5347c415" executionId="332628ee-8007-47ce-8113-3361dc93f883" testListId="8c84fa94-04c1-424b-9868-57a2d4851a1d" />
    <TestEntry testId="e2323074-11c2-8296-7476-af3cef44bb34" executionId="51fd680f-7510-4e3f-b80c-f812e6989432" testListId="8c84fa94-04c1-424b-9868-57a2d4851a1d" />
    <TestEntry testId="10990a14-03a7-011d-0324-9b08e537fb18" executionId="4c3eb9f0-13a4-4083-9748-62645fd7758a" testListId="8c84fa94-04c1-424b-9868-57a2d4851a1d" />
    <TestEntry testId="8f08ea31-2511-c2ee-1c5b-8c8ed224c8f7" executionId="e290061a-f7fb-474c-87bb-bcee2b2116ac" testListId="8c84fa94-04c1-424b-9868-57a2d4851a1d" />
    <TestEntry testId="58117c79-f111-10a9-cd35-e84774ffbcda" executionId="d42b503d-f19a-458d-aa97-01668eb19dac" testListId="8c84fa94-04c1-424b-9868-57a2d4851a1d" />
    <TestEntry testId="0668f627-8706-4ec9-03ec-e3e79b2c140f" executionId="05098682-4949-44da-888f-3c80b7ab7a8f" testListId="8c84fa94-04c1-424b-9868-57a2d4851a1d" />
    <TestEntry testId="dc77c6d7-cfbf-1e77-b726-c432c277b3ca" executionId="41199b7c-6361-4245-ad7d-5518a6c62b6b" testListId="8c84fa94-04c1-424b-9868-57a2d4851a1d" />
    <TestEntry testId="a42de255-353b-3499-e7ec-b18bd5c29a5c" executionId="f64f2617-41c5-494b-86bb-8ce54641611c" testListId="8c84fa94-04c1-424b-9868-57a2d4851a1d" />
    <TestEntry testId="03a83ade-8d54-5619-5fb4-492194211717" executionId="160dc9cd-b5f9-4335-a58d-e8a8358fb990" testListId="8c84fa94-04c1-424b-9868-57a2d4851a1d" />
    <TestEntry testId="0f85e31c-250d-2fd6-59ef-88556968bdb6" executionId="ec017ba9-33e8-4e29-8864-1909c11916f0" testListId="8c84fa94-04c1-424b-9868-57a2d4851a1d" />
    <TestEntry testId="394ee23f-1fe5-59c6-6460-7cc48bf68705" executionId="37bc82df-83da-4903-b850-2ab98a50d7b7" testListId="8c84fa94-04c1-424b-9868-57a2d4851a1d" />
    <TestEntry testId="a28156aa-3bb5-7287-717c-afe6ec74f152" executionId="9239cd0c-14cd-484f-b10a-9501f325eff2" testListId="8c84fa94-04c1-424b-9868-57a2d4851a1d" />
    <TestEntry testId="760478cf-2b2b-5f64-b097-3de30749bcb1" executionId="69134de6-a0c1-4443-b284-1eed539f4bca" testListId="8c84fa94-04c1-424b-9868-57a2d4851a1d" />
    <TestEntry testId="f880bae4-ac7b-09b5-228d-aaaa54c0b1c6" executionId="059aff6a-fed8-404e-9150-74989815d7d1" testListId="8c84fa94-04c1-424b-9868-57a2d4851a1d" />
    <TestEntry testId="33464c95-c39e-2270-caf4-672c551a54f2" executionId="09668496-60a0-4e85-a5aa-26d0d5e582ad" testListId="8c84fa94-04c1-424b-9868-57a2d4851a1d" />
    <TestEntry testId="b15b4f4f-c7f5-4ee9-5c26-ea40d9596988" executionId="787cd45d-e0f5-4511-8494-1c02b5b9202d" testListId="8c84fa94-04c1-424b-9868-57a2d4851a1d" />
    <TestEntry testId="3971c5d8-7ad8-4707-9b53-e6a041a0b2f8" executionId="036fa0b6-1c0c-4d25-acd8-ff39cfa67521" testListId="8c84fa94-04c1-424b-9868-57a2d4851a1d" />
    <TestEntry testId="6989720a-7a6f-0085-ef6c-85a36e964ee3" executionId="2a1fe219-71ee-439a-a5e2-53f9ba119df0" testListId="8c84fa94-04c1-424b-9868-57a2d4851a1d" />
    <TestEntry testId="1f3c2444-ad4b-db37-5d0a-de7606033ccd" executionId="6d7396bb-dd3c-46e7-a142-51b98c457d98" testListId="8c84fa94-04c1-424b-9868-57a2d4851a1d" />
    <TestEntry testId="090bb946-dfcb-8466-9f8e-938126697e92" executionId="96a77131-7e6f-4f86-a54d-a4d54cc7f163" testListId="8c84fa94-04c1-424b-9868-57a2d4851a1d" />
    <TestEntry testId="d9b69abf-addf-dcc7-c2fd-b2ff5d4f6705" executionId="cda828ea-ac63-4dd1-a145-a63d0197585e" testListId="8c84fa94-04c1-424b-9868-57a2d4851a1d" />
    <TestEntry testId="da6b7e5c-6d35-dc61-721a-7a973091e15b" executionId="17c9b35d-f574-404f-a576-088bf2f4643c" testListId="8c84fa94-04c1-424b-9868-57a2d4851a1d" />
    <TestEntry testId="2516f5ca-d06b-43f0-8619-b53bdf03ad3b" executionId="31b8be0e-1452-40c5-90e7-647b2364294b" testListId="8c84fa94-04c1-424b-9868-57a2d4851a1d" />
    <TestEntry testId="1efc39b0-1d4c-64ee-c593-37f0c14e8022" executionId="79baa2a7-16dd-4667-8da6-0f73bf61b6e3" testListId="8c84fa94-04c1-424b-9868-57a2d4851a1d" />
    <TestEntry testId="fa0ba56c-3e83-3f1e-d41c-70bf0d206613" executionId="633c4b11-dd8f-424f-b405-d9e56cf80a80" testListId="8c84fa94-04c1-424b-9868-57a2d4851a1d" />
    <TestEntry testId="2c838da2-a06b-ca63-745f-8e2c255d876f" executionId="7788fcb6-aac1-473a-a5cb-e4b8db0aa301" testListId="8c84fa94-04c1-424b-9868-57a2d4851a1d" />
    <TestEntry testId="5ce9e10d-7d63-e829-dad3-2b21af48d9a3" executionId="9d5e1ea6-7e77-4d5b-839f-1f53171ac3b0" testListId="8c84fa94-04c1-424b-9868-57a2d4851a1d" />
    <TestEntry testId="9aaf4622-5926-683b-8683-a0f59ca6a06c" executionId="f2914f8a-6c2a-4af5-83fb-dae40c275e71" testListId="8c84fa94-04c1-424b-9868-57a2d4851a1d" />
    <TestEntry testId="1f165af9-b6e7-bd17-1c06-1628746543b3" executionId="b4f68802-287c-45ca-bf32-d16454a4d469" testListId="8c84fa94-04c1-424b-9868-57a2d4851a1d" />
    <TestEntry testId="d8308a27-6fbc-21d5-664d-c54e34f438da" executionId="15282f3f-d642-4d75-a5bc-2e81332d9025" testListId="8c84fa94-04c1-424b-9868-57a2d4851a1d" />
    <TestEntry testId="8f17e532-4f0a-9dfe-05e8-c96d494622ac" executionId="6c556189-8d4a-47a2-bbd6-6ccc29a97c1a" testListId="8c84fa94-04c1-424b-9868-57a2d4851a1d" />
    <TestEntry testId="679fa446-5363-b4de-5431-4cdafa751f6b" executionId="3e494788-ff9e-4482-938c-ae300ffdc573" testListId="8c84fa94-04c1-424b-9868-57a2d4851a1d" />
    <TestEntry testId="31d165a4-0514-1831-5c27-9754c33030c7" executionId="a92eb237-15ed-4c06-b3be-a7e4e5ec8dac" testListId="8c84fa94-04c1-424b-9868-57a2d4851a1d" />
    <TestEntry testId="897d70f0-e357-0848-3b55-d93cbcae3720" executionId="401df10f-d7b0-4e1f-b4ac-767f0e0bb14f" testListId="8c84fa94-04c1-424b-9868-57a2d4851a1d" />
    <TestEntry testId="9292478f-daf1-afe9-9c29-f4faf9350c76" executionId="d90872e7-0456-4fa7-9c12-537c7d2f23b7" testListId="8c84fa94-04c1-424b-9868-57a2d4851a1d" />
    <TestEntry testId="08483f1f-4568-e039-2698-7a75165ec4e4" executionId="85a5adeb-4cd3-4b8b-ac1f-61136d450396" testListId="8c84fa94-04c1-424b-9868-57a2d4851a1d" />
    <TestEntry testId="7487e89c-78f3-9567-7976-60fdef3ca987" executionId="fad0667c-c7d2-4e3e-beb6-8bc87f4a8def" testListId="8c84fa94-04c1-424b-9868-57a2d4851a1d" />
    <TestEntry testId="6c89edff-e640-ffef-eff3-e38e5c9bbb28" executionId="991ff6a6-33d0-4c95-8509-0ffa78dd484e" testListId="8c84fa94-04c1-424b-9868-57a2d4851a1d" />
    <TestEntry testId="e4c24bc9-2414-541c-9971-01e696ad9e3b" executionId="17484b95-3032-467b-a715-9a91c3b06cd7" testListId="8c84fa94-04c1-424b-9868-57a2d4851a1d" />
    <TestEntry testId="6b9c0e82-f9ec-9ff8-f609-e65978a74cf5" executionId="00a6fc45-fa56-4b2d-af76-4bc943a79889" testListId="8c84fa94-04c1-424b-9868-57a2d4851a1d" />
    <TestEntry testId="20ff39df-6b6f-8d20-2277-72d3fc9ee983" executionId="37b32de2-7e92-4d21-8a71-199d0be0b15b" testListId="8c84fa94-04c1-424b-9868-57a2d4851a1d" />
    <TestEntry testId="a344a1b7-3c88-1dd6-4640-84dd30900694" executionId="52fed657-d169-4722-b219-b2bfd4ebe4c0" testListId="8c84fa94-04c1-424b-9868-57a2d4851a1d" />
    <TestEntry testId="66008b6f-5831-0af0-c7ea-7bf08df5fe34" executionId="3c5cf8d8-f5b5-4c35-8541-d2fbb53bdfa7" testListId="8c84fa94-04c1-424b-9868-57a2d4851a1d" />
    <TestEntry testId="461181b2-b5d1-1d54-a990-5025bc85a37b" executionId="a654b41a-1d00-4ac5-b68b-639106676f22" testListId="8c84fa94-04c1-424b-9868-57a2d4851a1d" />
    <TestEntry testId="5a6e28a5-0456-0238-773c-6170fb1e4f85" executionId="ea27e1b5-ce1e-4f0b-b4d4-45743a2b1047" testListId="8c84fa94-04c1-424b-9868-57a2d4851a1d" />
    <TestEntry testId="09121af1-86de-0b56-a5ac-7cfa89066de2" executionId="9f65ec27-ff32-418f-8754-b5d0c06fcd67" testListId="8c84fa94-04c1-424b-9868-57a2d4851a1d" />
    <TestEntry testId="6afb1227-217c-b2e9-db11-52fb1d5fc56a" executionId="cecb5bc8-6348-4d3d-b1e0-d8fb7919c86d" testListId="8c84fa94-04c1-424b-9868-57a2d4851a1d" />
    <TestEntry testId="53b81941-356a-16a1-a951-ad2b635230e2" executionId="96f44135-ac01-48bc-b02d-614ffbdf1dd0" testListId="8c84fa94-04c1-424b-9868-57a2d4851a1d" />
    <TestEntry testId="424fc334-0ed6-9dd1-d9cb-ffec470cc003" executionId="998ee25d-ab80-4620-9965-61283901c64b" testListId="8c84fa94-04c1-424b-9868-57a2d4851a1d" />
    <TestEntry testId="37465b96-5d9d-91f9-7bbc-1b2bd9de14df" executionId="523843b3-b954-4539-b0f4-d9e597cd3ded" testListId="8c84fa94-04c1-424b-9868-57a2d4851a1d" />
    <TestEntry testId="00d2b6ae-d05f-2d34-4eb2-fb5187257361" executionId="5af3c38f-fa97-41bd-aca7-12eb90933484" testListId="8c84fa94-04c1-424b-9868-57a2d4851a1d" />
    <TestEntry testId="69b55b39-a9d9-76d0-7e5a-7249ce9b54b6" executionId="15fef5e7-785f-46a8-995f-1d7fab33ff34" testListId="8c84fa94-04c1-424b-9868-57a2d4851a1d" />
    <TestEntry testId="c0fdb5a9-d6d3-7bbe-3d81-a946d84b5551" executionId="78b422ec-4416-4496-a3e5-36b2f1abee42" testListId="8c84fa94-04c1-424b-9868-57a2d4851a1d" />
    <TestEntry testId="1102b248-ebc3-17f0-ceef-32b216ce1ff2" executionId="0a560828-11bf-449e-b950-b991328b1397" testListId="8c84fa94-04c1-424b-9868-57a2d4851a1d" />
    <TestEntry testId="bc0974a0-deaf-8644-39a5-1ed48142447f" executionId="30fac97a-c898-4740-b1ea-3c2b5b147c16" testListId="8c84fa94-04c1-424b-9868-57a2d4851a1d" />
    <TestEntry testId="b00ecc30-ada6-8010-f3a3-4abf75838207" executionId="0a0f882e-f752-415b-ba13-ef8d13b56a34" testListId="8c84fa94-04c1-424b-9868-57a2d4851a1d" />
    <TestEntry testId="1ac2e93a-b365-1e96-2efb-b968ca2d75c7" executionId="6dc2bec5-670b-4e83-a95c-0b3b49e93f80" testListId="8c84fa94-04c1-424b-9868-57a2d4851a1d" />
    <TestEntry testId="78982d6b-5a61-907d-6e51-74d4614c2331" executionId="252884b4-3f03-487e-9640-7ed61896579b" testListId="8c84fa94-04c1-424b-9868-57a2d4851a1d" />
    <TestEntry testId="2278707c-4cb1-7a76-66a2-6338bd3a574d" executionId="94d94e62-e524-458a-96e3-a01d4a5d273e" testListId="8c84fa94-04c1-424b-9868-57a2d4851a1d" />
    <TestEntry testId="be7d7f3c-32c0-1ba5-667f-eebdbcb535c4" executionId="e4f6c3c3-7f5b-4e4a-b58f-473b628410e2" testListId="8c84fa94-04c1-424b-9868-57a2d4851a1d" />
    <TestEntry testId="60e95dc2-1384-1da5-37c2-e879ef01c39a" executionId="bac4b295-4085-44ac-8278-aac6a3caafdf" testListId="8c84fa94-04c1-424b-9868-57a2d4851a1d" />
    <TestEntry testId="9b0e5cb1-f4f9-6c49-68ba-942303d83183" executionId="9c202f72-9df7-4435-9077-faa03ad5cb2a" testListId="8c84fa94-04c1-424b-9868-57a2d4851a1d" />
    <TestEntry testId="8b839df5-395a-2e9c-1956-4200a4a4d5cd" executionId="90389adb-bb9c-4de9-877f-2626dc6fa374" testListId="8c84fa94-04c1-424b-9868-57a2d4851a1d" />
    <TestEntry testId="be95620e-7d9c-a81d-b372-a97d28330950" executionId="919f8852-d330-482a-a506-f3f532343680" testListId="8c84fa94-04c1-424b-9868-57a2d4851a1d" />
    <TestEntry testId="7a0dc36a-c1cd-21c8-9ba3-75ff2dea0cf7" executionId="39c0bd70-e667-4d67-a28a-0c7d6b74972f" testListId="8c84fa94-04c1-424b-9868-57a2d4851a1d" />
    <TestEntry testId="b9119b3f-c5c3-480d-71eb-f7bd5475dbde" executionId="50544b74-b298-4d1b-bee4-4d741c6bfcea" testListId="8c84fa94-04c1-424b-9868-57a2d4851a1d" />
    <TestEntry testId="044b544f-c581-0c62-7f52-eaa9bd1b769a" executionId="4ca38f56-4b5c-4d61-9088-952e752b7807" testListId="8c84fa94-04c1-424b-9868-57a2d4851a1d" />
    <TestEntry testId="cbd53ab9-3037-bcc9-1b3c-c2cf3018f4d2" executionId="fad9f962-1d39-44d2-b2e0-f9539d926bb7" testListId="8c84fa94-04c1-424b-9868-57a2d4851a1d" />
    <TestEntry testId="b2a7a04f-f1f1-7276-152d-8d2269ca96a4" executionId="20c4e232-cab7-48ce-af7e-016c52a2503a" testListId="8c84fa94-04c1-424b-9868-57a2d4851a1d" />
    <TestEntry testId="3319ab63-2def-0c9c-879d-16907c7c07ea" executionId="bb6fe969-9ed3-468f-8330-900dc4dab24a" testListId="8c84fa94-04c1-424b-9868-57a2d4851a1d" />
    <TestEntry testId="1c54ef9e-0fd3-3065-2074-36e139afc976" executionId="81904954-720a-44b1-8d8a-255e872f0388" testListId="8c84fa94-04c1-424b-9868-57a2d4851a1d" />
    <TestEntry testId="c47b0ccb-123e-8cec-2750-cacbc255e2ef" executionId="bf510ff0-471b-46cd-9ff1-bfea4b890f65" testListId="8c84fa94-04c1-424b-9868-57a2d4851a1d" />
    <TestEntry testId="66e61549-2664-849a-b0d5-68906d176e33" executionId="5288a0f0-1579-4f3d-abb7-8569e47b6167" testListId="8c84fa94-04c1-424b-9868-57a2d4851a1d" />
    <TestEntry testId="a53b6d0c-a89a-620c-77ca-f9530854f6a0" executionId="dd211713-6833-43a9-8e7b-d338e4b6abaf" testListId="8c84fa94-04c1-424b-9868-57a2d4851a1d" />
    <TestEntry testId="6b8d7eb7-6306-1854-531e-9df54451cb92" executionId="ccec855e-8c1e-46cf-8d0f-f659c0494597" testListId="8c84fa94-04c1-424b-9868-57a2d4851a1d" />
    <TestEntry testId="65a78e97-54ce-8026-0240-7af1b5e1a5a5" executionId="9946a6d8-93df-4d0d-87f2-f4e836e125b7" testListId="8c84fa94-04c1-424b-9868-57a2d4851a1d" />
    <TestEntry testId="1a23ceed-6bf2-7030-b18a-91b782df52d2" executionId="63752aaa-70d1-4d7a-9d7d-5a5b0c44a3ca" testListId="8c84fa94-04c1-424b-9868-57a2d4851a1d" />
    <TestEntry testId="e843bfee-0457-6dab-bf5f-4166d9265b34" executionId="c3f74dc5-d593-4eca-ab22-8209666b42a8" testListId="8c84fa94-04c1-424b-9868-57a2d4851a1d" />
    <TestEntry testId="ad10243a-5005-2c62-ef03-970547f7bc68" executionId="75235ac9-f079-4a67-88cf-45f60def5e34" testListId="8c84fa94-04c1-424b-9868-57a2d4851a1d" />
    <TestEntry testId="e5d77a31-6b9f-c926-244b-f6a80ab8552d" executionId="49b41a45-56dd-41c0-be9c-bb4cf782241e" testListId="8c84fa94-04c1-424b-9868-57a2d4851a1d" />
    <TestEntry testId="f7581027-c1a4-443d-888a-b124436b90b1" executionId="d0dd99e1-7a8e-4ed4-840c-81fb0c81de53" testListId="8c84fa94-04c1-424b-9868-57a2d4851a1d" />
    <TestEntry testId="aea21075-21e1-c265-1a63-420c5c66b0a8" executionId="14392d0a-817e-4df9-8717-2a9ff67e20ce" testListId="8c84fa94-04c1-424b-9868-57a2d4851a1d" />
    <TestEntry testId="054d841b-8cd4-42a2-f59c-fc413fd8883f" executionId="3c39a54f-7c36-4a9d-820e-cac36c58cc13" testListId="8c84fa94-04c1-424b-9868-57a2d4851a1d" />
    <TestEntry testId="fcb2e7e1-0793-e6c2-facd-27bc28ca1cfb" executionId="3187fb6c-b859-4375-84e3-8a6cf7f7fd29" testListId="8c84fa94-04c1-424b-9868-57a2d4851a1d" />
    <TestEntry testId="82f28324-964a-7ebe-3fa1-b6d48ed97144" executionId="a65e7934-f353-4518-8891-1e7b21003a6c" testListId="8c84fa94-04c1-424b-9868-57a2d4851a1d" />
    <TestEntry testId="a5abba6c-a7f2-f6e8-f007-920746cf3d43" executionId="7914987a-6c93-4fad-b592-632894dcd136" testListId="8c84fa94-04c1-424b-9868-57a2d4851a1d" />
    <TestEntry testId="f9efcab8-a490-8c63-2e77-81876b9a47ee" executionId="cb7acb90-64e5-4ead-bd87-d1f63939d1be" testListId="8c84fa94-04c1-424b-9868-57a2d4851a1d" />
    <TestEntry testId="61262ea9-2fff-4876-558f-09adf2a65523" executionId="4f529c76-efe3-46b0-a1c2-3373de0a0a8c" testListId="8c84fa94-04c1-424b-9868-57a2d4851a1d" />
    <TestEntry testId="e4430911-be68-d9a0-a78d-87695990dd2b" executionId="b552572f-1645-4cae-a5ea-be201e0281b1" testListId="8c84fa94-04c1-424b-9868-57a2d4851a1d" />
    <TestEntry testId="32fbd952-cf12-ae2b-c5d4-e7f80c991d18" executionId="315c9aba-2cbf-4a88-8dc4-99a65f468847" testListId="8c84fa94-04c1-424b-9868-57a2d4851a1d" />
    <TestEntry testId="55879e88-00c8-60e5-e0db-26c24e4c9b0f" executionId="9f873c4e-1602-4dac-80fb-16ac72f19295" testListId="8c84fa94-04c1-424b-9868-57a2d4851a1d" />
    <TestEntry testId="4937d7ac-b3aa-c23d-f312-18cd0c6ed990" executionId="c461ceb4-f434-45a2-8b9d-68606c3b549f" testListId="8c84fa94-04c1-424b-9868-57a2d4851a1d" />
    <TestEntry testId="f0783c93-05f5-3c2a-1813-26adff12a929" executionId="305d16b2-5a7e-48ad-a9b2-5bdb849f1fc9" testListId="8c84fa94-04c1-424b-9868-57a2d4851a1d" />
    <TestEntry testId="6ca73ebd-56b4-1756-58f8-e75d82906bc5" executionId="74816657-3353-4b40-a936-d2f29bd63517" testListId="8c84fa94-04c1-424b-9868-57a2d4851a1d" />
    <TestEntry testId="503e5a86-709d-4f75-061c-3b116d3ee8e7" executionId="294f2d8b-0fb1-46d5-bb54-2c614ab253dc" testListId="8c84fa94-04c1-424b-9868-57a2d4851a1d" />
    <TestEntry testId="6b68b022-949d-c4fe-8f3f-d5c254031f0f" executionId="38307ec9-4e1f-4d0a-9b84-18aa9c3ad3cf" testListId="8c84fa94-04c1-424b-9868-57a2d4851a1d" />
    <TestEntry testId="cad83f52-1e7f-4b34-02e2-b7d439893234" executionId="a7be2469-f404-485e-afa5-e04b100fcf1f" testListId="8c84fa94-04c1-424b-9868-57a2d4851a1d" />
    <TestEntry testId="36329e9d-989b-9474-5a40-51eec07faa7c" executionId="b7bc463a-0ffc-48a3-bb38-ba930440c31b" testListId="8c84fa94-04c1-424b-9868-57a2d4851a1d" />
    <TestEntry testId="42e108f3-1735-015e-fab8-d9a77a62ea31" executionId="cd43f85d-c858-49f4-9715-dfdf5d42d913" testListId="8c84fa94-04c1-424b-9868-57a2d4851a1d" />
    <TestEntry testId="42fa9d5a-68c0-df47-5ee1-d61bde48031d" executionId="017b12b0-3d63-4e1b-b7d5-93602f9f6f0d" testListId="8c84fa94-04c1-424b-9868-57a2d4851a1d" />
    <TestEntry testId="efff1d09-1e9a-daae-f4fe-c57e4a154964" executionId="f4384981-f317-410c-931f-e8d4d7ec0139" testListId="8c84fa94-04c1-424b-9868-57a2d4851a1d" />
    <TestEntry testId="1461c781-13a0-05a7-16f7-5b6b1341577b" executionId="ebdbef27-d9d7-4bda-8b3c-9ceceae1aaea" testListId="8c84fa94-04c1-424b-9868-57a2d4851a1d" />
    <TestEntry testId="55b79441-e564-906e-4208-d72830fa4d2c" executionId="8fa67d9e-66f3-477e-949a-41de03a2dcc4" testListId="8c84fa94-04c1-424b-9868-57a2d4851a1d" />
    <TestEntry testId="85b75f82-e414-01aa-d88b-66e9836d44fd" executionId="bece95be-cb97-420b-8a80-36dc6bc31d12" testListId="8c84fa94-04c1-424b-9868-57a2d4851a1d" />
    <TestEntry testId="e4e07f2b-adba-7b75-6902-9e3a9d332cfe" executionId="8d8b7e22-d40e-4f82-8ee4-50756f48f6ec" testListId="8c84fa94-04c1-424b-9868-57a2d4851a1d" />
    <TestEntry testId="8357d2b8-f5e8-a07c-49aa-5e2b167211f4" executionId="9e9e625e-411f-42fe-93d5-efd979c7c6f1" testListId="8c84fa94-04c1-424b-9868-57a2d4851a1d" />
    <TestEntry testId="440fa337-372a-ba98-a915-98a687b17d8a" executionId="b0b33932-e935-4470-a7e5-fa8ca05bd30e" testListId="8c84fa94-04c1-424b-9868-57a2d4851a1d" />
    <TestEntry testId="0f05d604-6e61-b82e-404f-e9831974b180" executionId="d43d4e38-f2e5-4484-9d31-124caf8ba578" testListId="8c84fa94-04c1-424b-9868-57a2d4851a1d" />
    <TestEntry testId="773f1d7a-65a5-fa09-a454-1d73dbdebf1c" executionId="724c1ce6-e2e6-46cc-80ef-9990d5d0bbdc" testListId="8c84fa94-04c1-424b-9868-57a2d4851a1d" />
    <TestEntry testId="225e2319-c278-70af-0c9e-1f0e59bd70af" executionId="50fb0f20-af68-404c-a2f8-c6e3f35da112" testListId="8c84fa94-04c1-424b-9868-57a2d4851a1d" />
    <TestEntry testId="fc1fc2c4-ffdf-b544-ce27-92bf115fe30b" executionId="98f64135-326b-48ca-a3ff-4678940cf94c" testListId="8c84fa94-04c1-424b-9868-57a2d4851a1d" />
    <TestEntry testId="66b56aea-40c3-2481-4b5e-49255676d9f1" executionId="185b1a8b-d03b-4fd2-869d-4038cd69ea78" testListId="8c84fa94-04c1-424b-9868-57a2d4851a1d" />
    <TestEntry testId="9f8782f5-d91c-4490-2d75-75cddc0ef1b1" executionId="55eddb83-d7fd-4679-8288-9482bc268c7b" testListId="8c84fa94-04c1-424b-9868-57a2d4851a1d" />
    <TestEntry testId="aa5a6ee6-251d-45e9-7756-92ac3de9f3a4" executionId="465733b7-eeba-4f3a-a3bc-8e5d4cf40b70" testListId="8c84fa94-04c1-424b-9868-57a2d4851a1d" />
    <TestEntry testId="b837ebc0-f7ad-c47b-17b8-8695813cd0ae" executionId="fac5d079-fd46-40f1-8add-a21f577bf89f" testListId="8c84fa94-04c1-424b-9868-57a2d4851a1d" />
    <TestEntry testId="a17307f7-bfca-392d-97bb-4da7ab99cc40" executionId="ac0715d2-53c7-478f-86d9-a74aee32585f" testListId="8c84fa94-04c1-424b-9868-57a2d4851a1d" />
    <TestEntry testId="1ffa1bf6-fb8e-b8ef-fe84-530e8f551d9d" executionId="c82afa82-4877-4894-80b4-a84c7157e5c8" testListId="8c84fa94-04c1-424b-9868-57a2d4851a1d" />
    <TestEntry testId="2dbbefa2-cb1d-4d1e-312c-2268ae3ae8a4" executionId="56e375ca-1c25-4a60-8f36-4725d5b95405" testListId="8c84fa94-04c1-424b-9868-57a2d4851a1d" />
    <TestEntry testId="d7212be9-a773-7051-2296-d1e014528157" executionId="9b5d6525-6a86-46d0-800f-8b97b3eb7b16" testListId="8c84fa94-04c1-424b-9868-57a2d4851a1d" />
    <TestEntry testId="68a34a15-d421-8568-e2a0-5ca548802bb9" executionId="6e97d227-fa77-47cc-bbbe-20a5ca0bdbec" testListId="8c84fa94-04c1-424b-9868-57a2d4851a1d" />
    <TestEntry testId="fb0f855b-006e-c67f-b9b6-ef310c289ea8" executionId="87ecb2d9-a0f4-427f-929f-e8e4f4334837" testListId="8c84fa94-04c1-424b-9868-57a2d4851a1d" />
    <TestEntry testId="0a9c2a64-10d3-ab1b-bf1d-557005ecb79f" executionId="7a6aa2ec-ffb6-4ea0-88ad-362f5284cc5f" testListId="8c84fa94-04c1-424b-9868-57a2d4851a1d" />
    <TestEntry testId="935f282f-5819-0cbb-3d88-60d0430c3f25" executionId="41850041-fa19-41d4-8d16-dd53d0e3f6ea" testListId="8c84fa94-04c1-424b-9868-57a2d4851a1d" />
    <TestEntry testId="1677c45e-088d-ae58-08dc-ccdb32d9ca65" executionId="a92e5891-1592-46c1-9959-438082f52360" testListId="8c84fa94-04c1-424b-9868-57a2d4851a1d" />
    <TestEntry testId="c26d542a-727f-65ee-bb48-832c01f872f6" executionId="2da476b9-2e68-4ce8-b06a-8320c159d07a" testListId="8c84fa94-04c1-424b-9868-57a2d4851a1d" />
    <TestEntry testId="4f197c17-4790-58f8-b53d-dcb8083dcd6a" executionId="c438ea48-4019-445c-a8b4-4c1c94faea9d" testListId="8c84fa94-04c1-424b-9868-57a2d4851a1d" />
    <TestEntry testId="0f32b524-4844-b3fb-566a-4f1c520479bb" executionId="90e28039-4422-4397-a0c1-4433bfc51151" testListId="8c84fa94-04c1-424b-9868-57a2d4851a1d" />
    <TestEntry testId="5299c3b1-b147-2926-54b8-048e2c168fc2" executionId="e71e004b-b9a8-4398-96e7-f9d414703590" testListId="8c84fa94-04c1-424b-9868-57a2d4851a1d" />
    <TestEntry testId="aa967bfa-3977-123e-a321-b0953779e966" executionId="2b2882be-737e-4f49-8d51-910b22afa4f0" testListId="8c84fa94-04c1-424b-9868-57a2d4851a1d" />
    <TestEntry testId="d6caf9a4-3f9a-074e-1dad-d39d3f06a0e6" executionId="e9d53fe3-9044-4e90-b462-1b0ba5571969" testListId="8c84fa94-04c1-424b-9868-57a2d4851a1d" />
    <TestEntry testId="3dddadb3-73e5-0530-cc2f-efb35c37fd4b" executionId="d8ae6b3c-aa8e-4c5b-b269-22d2a83ad962" testListId="8c84fa94-04c1-424b-9868-57a2d4851a1d" />
    <TestEntry testId="e5b93c93-857a-cdf9-0341-1a0dd042c5e9" executionId="5bb55d30-5715-42c0-a89a-41586b32aca6" testListId="8c84fa94-04c1-424b-9868-57a2d4851a1d" />
    <TestEntry testId="a9e125d3-70c7-168e-1c81-0d36cf4ad5a1" executionId="5ee2a386-96e6-416b-b3d1-274dc7eb4f31" testListId="8c84fa94-04c1-424b-9868-57a2d4851a1d" />
    <TestEntry testId="0bb9d93a-5004-9ba8-d379-d792df82598b" executionId="9a3e4db9-ed7c-4bd5-ba5d-1f69f45b4925" testListId="8c84fa94-04c1-424b-9868-57a2d4851a1d" />
    <TestEntry testId="03c86249-a9e6-e76b-4e52-cc9f81b3e12b" executionId="347360df-2455-4edf-8152-dd2b1b89b0c6" testListId="8c84fa94-04c1-424b-9868-57a2d4851a1d" />
    <TestEntry testId="96679b49-92b7-51d9-e879-f6f3b11a1a2d" executionId="444656f7-b032-43de-afb0-ca4685088f80" testListId="8c84fa94-04c1-424b-9868-57a2d4851a1d" />
    <TestEntry testId="a3ca636d-2e93-d6ba-5db9-ec0b0b5cb970" executionId="bd78b47d-8e3d-4dbe-810c-76178617866f" testListId="8c84fa94-04c1-424b-9868-57a2d4851a1d" />
    <TestEntry testId="a6df64d2-0698-ce92-fd77-5adbbae94068" executionId="833d702b-c445-4622-a73c-102118dc6613" testListId="8c84fa94-04c1-424b-9868-57a2d4851a1d" />
    <TestEntry testId="a7839cf0-508a-0ad4-6fc1-0553406f8071" executionId="c14d97cf-b4be-4ecb-bd59-542dcda4b8d5" testListId="8c84fa94-04c1-424b-9868-57a2d4851a1d" />
    <TestEntry testId="9c4c3d7f-1c8d-9061-b840-609563af8ef3" executionId="1c400e30-00ea-4e6c-9901-f8618ed13f74" testListId="8c84fa94-04c1-424b-9868-57a2d4851a1d" />
    <TestEntry testId="f66cd845-32f8-8293-9ecc-cb3301f62262" executionId="0ecd727b-231c-43b0-a01b-bb904c4f5f97" testListId="8c84fa94-04c1-424b-9868-57a2d4851a1d" />
    <TestEntry testId="85a3df1f-74e3-6aca-1e0c-cfef94af0047" executionId="af7f7da2-1225-448d-a95a-34ce63b8c784" testListId="8c84fa94-04c1-424b-9868-57a2d4851a1d" />
    <TestEntry testId="c484feb4-af2e-2886-69bb-e210e70b626b" executionId="ff707912-ff08-4d90-93a8-42783f9057dd" testListId="8c84fa94-04c1-424b-9868-57a2d4851a1d" />
    <TestEntry testId="8cb20cd0-1e7e-f4a1-66cd-e7e59b7d8aab" executionId="e846d5b4-e449-4904-b105-c2d5e43286e9" testListId="8c84fa94-04c1-424b-9868-57a2d4851a1d" />
    <TestEntry testId="69e9fbca-51ed-8423-d5ea-3d8489803dd2" executionId="4b1a7146-8140-4335-b0fc-06a0d7394c87" testListId="8c84fa94-04c1-424b-9868-57a2d4851a1d" />
    <TestEntry testId="5e776647-f32b-7555-92cc-51ddf06fbbb5" executionId="c5005ba1-79cf-4fa5-b3ec-186533750b86" testListId="8c84fa94-04c1-424b-9868-57a2d4851a1d" />
    <TestEntry testId="a1e9cff9-0f40-6b4c-39ab-33d20cd8c823" executionId="4110984d-d6df-4c17-90a7-2028ffceb458" testListId="8c84fa94-04c1-424b-9868-57a2d4851a1d" />
    <TestEntry testId="4a238ba0-fcc0-32ec-05c8-4cb7401b273a" executionId="6056f51e-2888-4054-982a-dc7c66cc3734" testListId="8c84fa94-04c1-424b-9868-57a2d4851a1d" />
    <TestEntry testId="1bb65b8b-a8a2-1654-89b4-e0a9b34ce5a7" executionId="c39b7acd-b9a0-4324-9cc2-68f988c75ab6" testListId="8c84fa94-04c1-424b-9868-57a2d4851a1d" />
    <TestEntry testId="42175a1a-5ae8-6563-c4c4-676e585caed0" executionId="fc1d82f9-d585-470a-a94f-82d9bfa00807" testListId="8c84fa94-04c1-424b-9868-57a2d4851a1d" />
    <TestEntry testId="f9dae8a6-1410-fa92-4089-639221dba286" executionId="5ff1d026-4719-4474-b386-eea740ecf07a" testListId="8c84fa94-04c1-424b-9868-57a2d4851a1d" />
    <TestEntry testId="be126d46-0548-695a-7287-bae8146e110d" executionId="49303bd4-2f12-45a1-9897-88abe200238c" testListId="8c84fa94-04c1-424b-9868-57a2d4851a1d" />
    <TestEntry testId="7b925fbb-7ac1-1fe4-4372-38c14ecc5242" executionId="81d88b07-1a74-4c28-9456-1362d0f76037" testListId="8c84fa94-04c1-424b-9868-57a2d4851a1d" />
    <TestEntry testId="b2a17b73-a63e-3be2-eee7-c00c2b4d0e01" executionId="c78220b7-d230-4b88-9996-5ec87a0a33ed" testListId="8c84fa94-04c1-424b-9868-57a2d4851a1d" />
    <TestEntry testId="3c9f7f25-03ba-a9ac-886d-ab6e7acb2b5d" executionId="792e597c-afa6-478a-9afc-203fb7d5f44a" testListId="8c84fa94-04c1-424b-9868-57a2d4851a1d" />
    <TestEntry testId="f7df628a-2d6d-0169-1e36-e1aabcaaa3c0" executionId="d8d36616-6f33-4fe9-925d-2662d098936f" testListId="8c84fa94-04c1-424b-9868-57a2d4851a1d" />
    <TestEntry testId="0b0cafcd-36ec-b9e7-a6b1-cc34c82fd875" executionId="758d9b79-ceb5-450d-959f-bec93c656037" testListId="8c84fa94-04c1-424b-9868-57a2d4851a1d" />
    <TestEntry testId="c2b3a374-d9ca-fe1a-d2bb-dddc9de79775" executionId="89dab07f-59f9-497a-9e1c-f8ae4eee0dd0" testListId="8c84fa94-04c1-424b-9868-57a2d4851a1d" />
    <TestEntry testId="8685a0cc-8f6c-e530-6b25-43918c6d87aa" executionId="42b709c4-4792-48fb-90f5-2e8138285a5d" testListId="8c84fa94-04c1-424b-9868-57a2d4851a1d" />
    <TestEntry testId="461331e3-222f-9745-91e1-804c09883ed3" executionId="79a8496b-333e-4b1c-bf64-ce1c8090c24a" testListId="8c84fa94-04c1-424b-9868-57a2d4851a1d" />
    <TestEntry testId="04c35346-28ec-f782-fc3a-52a05938a62a" executionId="617442ff-1529-4834-803b-6673883755f8" testListId="8c84fa94-04c1-424b-9868-57a2d4851a1d" />
    <TestEntry testId="d2eb1662-6b70-63d0-d71c-7f9ecf6fdd7d" executionId="032ac7a2-dd51-4bfe-baf7-3131f4f2843d" testListId="8c84fa94-04c1-424b-9868-57a2d4851a1d" />
    <TestEntry testId="f03417c3-eb2e-18cd-8003-c8d213c40e6f" executionId="5609a4f3-2b0a-42f9-afe9-942474720b65" testListId="8c84fa94-04c1-424b-9868-57a2d4851a1d" />
    <TestEntry testId="4869fcc0-9c89-53f1-f0e6-6ac4c4ca00cc" executionId="19a191f7-c69b-455f-81e3-02b8cacde42f" testListId="8c84fa94-04c1-424b-9868-57a2d4851a1d" />
    <TestEntry testId="dfc15ed8-7724-9a59-ed0c-37d1b022994b" executionId="0065b2ac-05e8-4db4-b3b5-e6bb40447bde" testListId="8c84fa94-04c1-424b-9868-57a2d4851a1d" />
    <TestEntry testId="781c6c8a-3177-25ba-5828-fb732829d7b1" executionId="a8fe397f-8b33-4f9c-a8aa-e156d0679ff4" testListId="8c84fa94-04c1-424b-9868-57a2d4851a1d" />
    <TestEntry testId="9bf19834-4f90-5f56-a3eb-6c1d93ea3aa5" executionId="93c654af-74c1-4310-9054-7065460b6146" testListId="8c84fa94-04c1-424b-9868-57a2d4851a1d" />
    <TestEntry testId="b41e6145-298a-b0e7-b1a2-57aee45877f3" executionId="c6bdc087-0f64-4846-9426-0cb22aa5ce09" testListId="8c84fa94-04c1-424b-9868-57a2d4851a1d" />
    <TestEntry testId="25a2ab59-4e6b-8585-ad34-1909dafc5c3e" executionId="aad73568-a5ec-45ed-bce7-1b4fa84cb143" testListId="8c84fa94-04c1-424b-9868-57a2d4851a1d" />
    <TestEntry testId="1ebf1719-320f-c38b-2f84-2a795fe44eb1" executionId="e74c7a83-13dc-453e-bd0b-400b78ea0ccf" testListId="8c84fa94-04c1-424b-9868-57a2d4851a1d" />
    <TestEntry testId="8a93c35e-4228-1fba-033f-24c13305aa44" executionId="9079c4b2-5ead-4eb5-93ae-a5cb160dac68" testListId="8c84fa94-04c1-424b-9868-57a2d4851a1d" />
    <TestEntry testId="1785bf0a-686c-ffbf-697b-cc5c423923de" executionId="3bec86cd-95ce-499d-8083-9526262fe68f" testListId="8c84fa94-04c1-424b-9868-57a2d4851a1d" />
    <TestEntry testId="211e44a5-7069-3390-6f71-9a0cc710f40e" executionId="24e04e72-d65e-44b3-8488-2b21fd5cfb8d" testListId="8c84fa94-04c1-424b-9868-57a2d4851a1d" />
    <TestEntry testId="dbac47b9-416a-24f2-90d7-b5b09b9dc93c" executionId="7ef32929-d5e7-437d-8ca6-9a2006cc0e5c" testListId="8c84fa94-04c1-424b-9868-57a2d4851a1d" />
    <TestEntry testId="4f7d823c-5866-aa3b-4a40-ca5bc159ad3e" executionId="a1ab32b2-8ec9-4486-9031-ac58f2008d0b" testListId="8c84fa94-04c1-424b-9868-57a2d4851a1d" />
    <TestEntry testId="8938eaaa-10f4-1d84-a810-d332ab0c7421" executionId="313ee6ad-958b-4ef4-9f4f-864498b3baf7" testListId="8c84fa94-04c1-424b-9868-57a2d4851a1d" />
    <TestEntry testId="354ba800-9c3f-2483-ba05-53bf465653b1" executionId="5ed6b65a-220e-4281-bedf-8fafa35a7859" testListId="8c84fa94-04c1-424b-9868-57a2d4851a1d" />
    <TestEntry testId="4f7bde70-3b99-d47c-8245-4d79a123baa7" executionId="16d81618-a02b-43f6-aa9b-c36a955b4240" testListId="8c84fa94-04c1-424b-9868-57a2d4851a1d" />
    <TestEntry testId="9ef77c95-5283-32cc-e077-a32bcc727b45" executionId="8d58b1c7-8c90-4461-9204-f0dfe5bd9b3b" testListId="8c84fa94-04c1-424b-9868-57a2d4851a1d" />
    <TestEntry testId="03478619-c09b-a567-26eb-276c25d533f6" executionId="725fae4c-630a-445c-aa5f-7275b4198324" testListId="8c84fa94-04c1-424b-9868-57a2d4851a1d" />
    <TestEntry testId="87dedebf-9e1e-bd2e-7ee4-397e89dac510" executionId="6bf38706-db1e-4d30-8536-430d118beab4" testListId="8c84fa94-04c1-424b-9868-57a2d4851a1d" />
    <TestEntry testId="24a8c25f-b1c2-eba6-82b4-72c1adc9ee27" executionId="d0729352-bbc9-4ad5-8931-c1203bb156e5" testListId="8c84fa94-04c1-424b-9868-57a2d4851a1d" />
    <TestEntry testId="4d02d00b-2996-2f9f-95bd-26fe5f7ed1e8" executionId="b80dea10-c132-45ed-919e-1d2bbece9fe1" testListId="8c84fa94-04c1-424b-9868-57a2d4851a1d" />
    <TestEntry testId="63299308-d7dd-b56e-acf5-b1b102f32d4f" executionId="477211a4-f79e-455d-9cf6-eafe579246d0" testListId="8c84fa94-04c1-424b-9868-57a2d4851a1d" />
    <TestEntry testId="30eb4594-0190-4b3a-1578-17048e926b12" executionId="0930b4f6-4c40-4774-b139-a834658710f6" testListId="8c84fa94-04c1-424b-9868-57a2d4851a1d" />
    <TestEntry testId="9290011a-534c-d8ac-8fa0-ea6c058c4ca6" executionId="45213ef1-5c53-499c-b994-cc8b838c8843" testListId="8c84fa94-04c1-424b-9868-57a2d4851a1d" />
    <TestEntry testId="15a5142a-4ca9-8496-a1cc-4a1caca4c970" executionId="fed89516-ade1-41c4-b59c-7eed6b994954" testListId="8c84fa94-04c1-424b-9868-57a2d4851a1d" />
    <TestEntry testId="a83a69b8-4523-62af-550e-9c72857a22cc" executionId="451c35b8-42cd-4b9c-a30a-c5d615b6b96e" testListId="8c84fa94-04c1-424b-9868-57a2d4851a1d" />
    <TestEntry testId="060935d9-41c9-9631-b038-7843722743ca" executionId="f74b490b-410e-4ee2-bb0c-33d3102fed5f" testListId="8c84fa94-04c1-424b-9868-57a2d4851a1d" />
    <TestEntry testId="cf73c26e-47e0-f1da-1e09-63167f3a5e47" executionId="37e90e6a-0562-4dbc-9c43-e73c9b267aa1" testListId="8c84fa94-04c1-424b-9868-57a2d4851a1d" />
    <TestEntry testId="5d3b9f28-5b7f-774a-d114-babb2f2f6cd2" executionId="0e80f86c-fb4f-4cbf-abd3-af6a1f7d3f74" testListId="8c84fa94-04c1-424b-9868-57a2d4851a1d" />
    <TestEntry testId="137cce7b-4534-866e-a202-717289695719" executionId="aab9a329-095e-4a43-81a8-aa559e8f034b" testListId="8c84fa94-04c1-424b-9868-57a2d4851a1d" />
    <TestEntry testId="af66790e-7a17-2a52-f594-1232b3cd885e" executionId="52d76f99-5462-40d8-8e5f-e20bcc2d3050" testListId="8c84fa94-04c1-424b-9868-57a2d4851a1d" />
    <TestEntry testId="eb183710-44b3-ddea-c66c-e6cc35890656" executionId="ce928f5d-4578-4ccc-868f-63506099daa9" testListId="8c84fa94-04c1-424b-9868-57a2d4851a1d" />
    <TestEntry testId="6c0d7995-8533-0e6b-e22a-6af26babe546" executionId="4c98c80e-826f-4d77-9d23-9f4838ffc261" testListId="8c84fa94-04c1-424b-9868-57a2d4851a1d" />
    <TestEntry testId="ee0b5b54-d791-b6a4-b0fb-2c250f632e6e" executionId="a2a53f98-4a00-4715-97a5-41f7f27b2b45" testListId="8c84fa94-04c1-424b-9868-57a2d4851a1d" />
    <TestEntry testId="21dd4ab4-8f48-2c5a-854c-4eb0b036ad99" executionId="279fee2d-10b2-4b73-a9a0-acf557ad416d" testListId="8c84fa94-04c1-424b-9868-57a2d4851a1d" />
    <TestEntry testId="c9591e10-6b0d-3789-a42b-e1f4d40f2de0" executionId="4bc4a0d9-b293-4c86-80ca-22577636ea37" testListId="8c84fa94-04c1-424b-9868-57a2d4851a1d" />
    <TestEntry testId="007025e6-ced6-33f5-d735-a3864e2b7add" executionId="be016862-69c6-442f-a139-38cc92b9acc4" testListId="8c84fa94-04c1-424b-9868-57a2d4851a1d" />
    <TestEntry testId="9a2c2caa-e4e4-6aa8-3062-315f42f6a4ed" executionId="b4c7fbf6-57a9-400f-9edd-25e140df8345" testListId="8c84fa94-04c1-424b-9868-57a2d4851a1d" />
    <TestEntry testId="55e8e49d-3677-ba1c-fee3-b06a721808bd" executionId="9f11c6da-79c2-4f0d-9e6b-6a836b0152d1" testListId="8c84fa94-04c1-424b-9868-57a2d4851a1d" />
    <TestEntry testId="7ce3bd1f-17a2-67ea-14e3-54128c33634a" executionId="e8e503ca-6aef-4a2e-b7f6-1871a8e1b75a" testListId="8c84fa94-04c1-424b-9868-57a2d4851a1d" />
    <TestEntry testId="20458d0b-b85c-491e-b4ab-b9b8494bb490" executionId="44afed26-11fa-4455-a525-514b6ffc4879" testListId="8c84fa94-04c1-424b-9868-57a2d4851a1d" />
    <TestEntry testId="a9cc89a4-8213-a4b1-7484-4879815a89dd" executionId="a09ae79a-0f1b-4b7d-a6f0-278b8a16d507" testListId="8c84fa94-04c1-424b-9868-57a2d4851a1d" />
    <TestEntry testId="bd10e1d0-a002-0856-831f-b5cf43dbc863" executionId="a3c21a32-c116-4507-b7a5-3cad1988614b" testListId="8c84fa94-04c1-424b-9868-57a2d4851a1d" />
    <TestEntry testId="cd80718c-caec-d1ab-47af-f5822f5e7c58" executionId="bb986b9f-7e59-4537-aac7-97d3d2f5426d" testListId="8c84fa94-04c1-424b-9868-57a2d4851a1d" />
    <TestEntry testId="8e518cf6-5cc7-9578-86bd-3ad3afaceaf7" executionId="72e95a4e-0b12-4780-a22b-c6eca3fc8976" testListId="8c84fa94-04c1-424b-9868-57a2d4851a1d" />
    <TestEntry testId="88c1b25e-ba16-57cd-c6d8-d1d74e524e76" executionId="7c8d122d-27ad-4518-9072-69d4db71a89d" testListId="8c84fa94-04c1-424b-9868-57a2d4851a1d" />
    <TestEntry testId="585441ab-f7bf-ef9a-ea65-e7624bf9208f" executionId="593b35c9-e381-4b68-8cc0-28cfa32d945e" testListId="8c84fa94-04c1-424b-9868-57a2d4851a1d" />
    <TestEntry testId="170477bd-09ab-210a-5f06-ead624d7a716" executionId="41417164-e7f1-474e-aea1-3e791aa7506d" testListId="8c84fa94-04c1-424b-9868-57a2d4851a1d" />
    <TestEntry testId="262c3c73-7b65-0063-be55-7b0feb97027d" executionId="f9d68d5e-9959-4158-bdb5-076357e4c48b" testListId="8c84fa94-04c1-424b-9868-57a2d4851a1d" />
    <TestEntry testId="dae5127c-eff7-8376-4da7-ec9462c457e1" executionId="a46113f8-c895-48f2-bd94-2af355af490a" testListId="8c84fa94-04c1-424b-9868-57a2d4851a1d" />
    <TestEntry testId="2e209cdd-d799-eebb-86ee-eb1ff73e496f" executionId="d2ab082a-cadc-4aaf-b752-e94f7dd96ba7" testListId="8c84fa94-04c1-424b-9868-57a2d4851a1d" />
    <TestEntry testId="273b976a-4136-12a0-93d4-d31e724b1d9b" executionId="697967d1-bbe4-4629-854a-df61818705d0" testListId="8c84fa94-04c1-424b-9868-57a2d4851a1d" />
    <TestEntry testId="ac1f3199-d4a5-f053-63bd-190671ac0343" executionId="0e575d02-5387-4231-8168-938437dcd943" testListId="8c84fa94-04c1-424b-9868-57a2d4851a1d" />
    <TestEntry testId="61ac148b-77c6-a946-fca0-45c9e49f9516" executionId="62fe06a6-3fc7-43dd-b2d3-0591bb98fd56" testListId="8c84fa94-04c1-424b-9868-57a2d4851a1d" />
    <TestEntry testId="8a8663da-3c48-e3de-3195-bc33f43c17d1" executionId="f9ed76e5-dc63-4c15-bcfc-e8b06d7eb85f" testListId="8c84fa94-04c1-424b-9868-57a2d4851a1d" />
    <TestEntry testId="c89277b5-bdbb-4718-3fdc-952f1cd089bd" executionId="9c8a84d3-ffe3-47eb-8d32-dff659f610b9" testListId="8c84fa94-04c1-424b-9868-57a2d4851a1d" />
    <TestEntry testId="a513f6d4-cac8-7139-d5eb-18e28868b5e3" executionId="761eb7df-0861-459f-918f-9e7d010c1b85" testListId="8c84fa94-04c1-424b-9868-57a2d4851a1d" />
    <TestEntry testId="5789951e-05f9-80ac-4d0e-916299b6afb4" executionId="786e3568-0d35-4c8a-b54e-80fe1253f332" testListId="8c84fa94-04c1-424b-9868-57a2d4851a1d" />
    <TestEntry testId="6abc30a4-9771-c1aa-9f1c-ff3c0e9f8896" executionId="54021fe0-0087-4f36-bfe1-14d33efd957f" testListId="8c84fa94-04c1-424b-9868-57a2d4851a1d" />
    <TestEntry testId="b2538acc-438d-df18-2761-19b1ee3522d9" executionId="189efc37-4da9-4e07-b7ec-bef1a9574413" testListId="8c84fa94-04c1-424b-9868-57a2d4851a1d" />
    <TestEntry testId="5f559e43-4e08-7018-bc21-dc71856c4701" executionId="bbc4b2a7-de1b-4293-a418-424451f7deb1" testListId="8c84fa94-04c1-424b-9868-57a2d4851a1d" />
    <TestEntry testId="2308f95d-e716-8457-e2f9-557865d40f5f" executionId="daedef52-a649-41ab-9468-a01322d19bc1" testListId="8c84fa94-04c1-424b-9868-57a2d4851a1d" />
    <TestEntry testId="9afbb05d-46d7-ab12-da1c-921f9b09858d" executionId="efd0870f-7af5-4271-86ab-adcc36f78111" testListId="8c84fa94-04c1-424b-9868-57a2d4851a1d" />
    <TestEntry testId="3c77e52b-5dd8-dbae-4bf5-a2756b09e775" executionId="0b018ff4-94f5-4aed-b8af-44ba557fbffe" testListId="8c84fa94-04c1-424b-9868-57a2d4851a1d" />
    <TestEntry testId="bf5918ba-1ac5-ba5f-cde7-7b7063949a78" executionId="8d6ac113-a1f2-4430-aca5-2c6a49d5cc21" testListId="8c84fa94-04c1-424b-9868-57a2d4851a1d" />
    <TestEntry testId="6faa7eef-7d9f-75d0-2df6-09e7531ab536" executionId="fd329323-686e-42c0-92d0-3a6d7d326c5d" testListId="8c84fa94-04c1-424b-9868-57a2d4851a1d" />
    <TestEntry testId="c1d45865-15fa-0d84-a5d0-67059817b5ff" executionId="2918b50e-3e9f-4b31-9d13-a169fa7ae2d0" testListId="8c84fa94-04c1-424b-9868-57a2d4851a1d" />
    <TestEntry testId="06174076-ef01-8d0d-830c-682ae858b24d" executionId="1d183ad8-7291-4a0e-bff0-5e915277119c" testListId="8c84fa94-04c1-424b-9868-57a2d4851a1d" />
    <TestEntry testId="b3df3f39-3ac5-afed-24ec-7a145316d997" executionId="68dbbfce-a3ea-491f-b8e1-ef05d11c1767" testListId="8c84fa94-04c1-424b-9868-57a2d4851a1d" />
    <TestEntry testId="29ac2707-c2cb-35e2-eedb-a90688f5df17" executionId="0ece0505-87dc-4356-b0af-680aeac5da8b" testListId="8c84fa94-04c1-424b-9868-57a2d4851a1d" />
    <TestEntry testId="a17fc58f-03d2-d783-1f61-cc54e1b01c86" executionId="ba67f5f1-f184-4201-9696-8eee7adfa07b" testListId="8c84fa94-04c1-424b-9868-57a2d4851a1d" />
    <TestEntry testId="ec920726-a9ee-dd71-1f12-1fd1c5e256bd" executionId="0a3e8fbc-5061-4131-9458-6804deeb9b02" testListId="8c84fa94-04c1-424b-9868-57a2d4851a1d" />
    <TestEntry testId="0465a107-5afa-65eb-a10c-77e89846ff26" executionId="6e299a33-5c31-4030-a323-3b6cef4de9c0" testListId="8c84fa94-04c1-424b-9868-57a2d4851a1d" />
    <TestEntry testId="dfccf221-5403-2188-5503-aa835e99c003" executionId="16596a24-0a4a-4ec1-b670-414994000e01" testListId="8c84fa94-04c1-424b-9868-57a2d4851a1d" />
    <TestEntry testId="a9cb9252-3d98-79fe-629f-64e8ef1da14d" executionId="d9977131-a53e-461e-b3bc-289a7f3e184b" testListId="8c84fa94-04c1-424b-9868-57a2d4851a1d" />
    <TestEntry testId="014a068d-cf03-ed2b-0a73-be788526e910" executionId="e457e186-d51b-48dd-b676-e7e70c93052b" testListId="8c84fa94-04c1-424b-9868-57a2d4851a1d" />
    <TestEntry testId="20caf036-4742-9847-57a7-705349cf0bac" executionId="6fe8ed8b-c7a2-45e8-85f2-3f24d113f290" testListId="8c84fa94-04c1-424b-9868-57a2d4851a1d" />
    <TestEntry testId="cacda86d-f0f9-0934-0ba5-b96987330f36" executionId="0e42bffe-3936-457a-b80a-09965618d405" testListId="8c84fa94-04c1-424b-9868-57a2d4851a1d" />
    <TestEntry testId="ce34eb52-9bf0-0190-75b5-426ffc55227b" executionId="314471c5-ac5b-4e8a-bac5-7b9a635bf5d1" testListId="8c84fa94-04c1-424b-9868-57a2d4851a1d" />
    <TestEntry testId="2de77298-4b39-f702-f7c5-8b8c0ceb02ec" executionId="ef603e4c-5703-452b-a6f4-7b4a18a22013" testListId="8c84fa94-04c1-424b-9868-57a2d4851a1d" />
    <TestEntry testId="529dab04-2278-118b-6ef7-08fc1ab4d8b0" executionId="47dd40a7-80d8-4ba8-9e86-03fcf18e8431" testListId="8c84fa94-04c1-424b-9868-57a2d4851a1d" />
    <TestEntry testId="555e4b79-92bf-9342-267d-e971e8e557fa" executionId="2a67b02d-e884-4eba-af65-f0975329bbe9" testListId="8c84fa94-04c1-424b-9868-57a2d4851a1d" />
    <TestEntry testId="e99720dc-b5ca-82eb-619d-d041c4804cad" executionId="58ad8938-c2b9-4be1-8d10-c876b2d0911d" testListId="8c84fa94-04c1-424b-9868-57a2d4851a1d" />
    <TestEntry testId="f5d12e44-e40c-727a-8c4d-b5134fb3b55a" executionId="c899aa47-513d-4412-8cd3-72462607917f" testListId="8c84fa94-04c1-424b-9868-57a2d4851a1d" />
    <TestEntry testId="e887a600-cc5e-a49f-de88-d8d0409269e2" executionId="57492fa4-cce9-44ef-ae37-13c6f47e1e46" testListId="8c84fa94-04c1-424b-9868-57a2d4851a1d" />
    <TestEntry testId="d1627721-b0c9-88e8-e34c-f6f72d59002d" executionId="67ad6e6c-d5dc-4129-90d3-799bbddeae9b" testListId="8c84fa94-04c1-424b-9868-57a2d4851a1d" />
    <TestEntry testId="f2c9789b-ec5f-6518-f2c0-b2ab50a92288" executionId="4f7787af-12f2-4635-8116-62ff830cefc8" testListId="8c84fa94-04c1-424b-9868-57a2d4851a1d" />
    <TestEntry testId="778619f0-485d-357c-9339-4267244fb799" executionId="48312ea4-c9e8-4946-949d-8bf8954e4ae2" testListId="8c84fa94-04c1-424b-9868-57a2d4851a1d" />
    <TestEntry testId="8ecfeea7-0c3c-71f4-0099-cc3f5ecbeb8d" executionId="83766430-1e10-4c1f-a9b2-d17d335f43ce" testListId="8c84fa94-04c1-424b-9868-57a2d4851a1d" />
    <TestEntry testId="687e8953-7e5d-f508-b1c0-23de14611310" executionId="73efb53d-56bf-4fcf-9a56-5c4fdf69f2a5" testListId="8c84fa94-04c1-424b-9868-57a2d4851a1d" />
    <TestEntry testId="8875b738-a9e1-7286-389a-f8981f6da4cd" executionId="14150f7f-336e-4e1f-b843-8e16682444ac" testListId="8c84fa94-04c1-424b-9868-57a2d4851a1d" />
    <TestEntry testId="dd6afc15-10c5-b303-c76e-273eabfa3bb0" executionId="e1c88343-14cf-455c-9f57-8df8dcf8574c" testListId="8c84fa94-04c1-424b-9868-57a2d4851a1d" />
    <TestEntry testId="b28c88a2-048a-f43d-3028-a27e0105d7d5" executionId="967ab908-6f81-4646-9c36-1c150338519d" testListId="8c84fa94-04c1-424b-9868-57a2d4851a1d" />
    <TestEntry testId="a7d99e35-c064-6ecd-9e86-ff4a258d4620" executionId="8daf71a7-ad91-41b5-93b5-d218c0827d9e" testListId="8c84fa94-04c1-424b-9868-57a2d4851a1d" />
    <TestEntry testId="48eac079-0542-ec87-ddd8-945c77d287cd" executionId="17c13ded-04db-47c5-ad50-d4fa3acaa72e" testListId="8c84fa94-04c1-424b-9868-57a2d4851a1d" />
    <TestEntry testId="43f214ef-30cf-ba92-5a64-f56ecf6591a8" executionId="72f9ea9c-7708-41d7-80d1-731b579ebdd2" testListId="8c84fa94-04c1-424b-9868-57a2d4851a1d" />
    <TestEntry testId="d2d1d21b-c98b-721d-a336-85243335bc1f" executionId="0d24444f-73ff-42d8-88f0-b18e0e061524" testListId="8c84fa94-04c1-424b-9868-57a2d4851a1d" />
    <TestEntry testId="94b07cae-507e-90e4-fe2c-918d2724a7bc" executionId="44d4327c-501c-4bc4-85b1-87d97415c1eb" testListId="8c84fa94-04c1-424b-9868-57a2d4851a1d" />
    <TestEntry testId="3b434787-ec68-61e4-18d4-15e26b84b874" executionId="1736ceb1-befd-434c-8b58-5fda433004cb" testListId="8c84fa94-04c1-424b-9868-57a2d4851a1d" />
    <TestEntry testId="135d62c0-fe81-f46a-ce86-2cfe36dd8cc8" executionId="253431a4-f132-437b-bf1f-a6233e67b7ed" testListId="8c84fa94-04c1-424b-9868-57a2d4851a1d" />
    <TestEntry testId="c4ce90f1-597d-a003-4d5c-b418943cb443" executionId="ef03c28e-d3d6-4260-a08d-6db9e11d4e0c" testListId="8c84fa94-04c1-424b-9868-57a2d4851a1d" />
    <TestEntry testId="08cc126a-cc1a-5bd0-28c8-0e116736d384" executionId="b4aa655f-0fe6-4d8c-b080-443b6e65b809" testListId="8c84fa94-04c1-424b-9868-57a2d4851a1d" />
    <TestEntry testId="44454256-30a7-bf45-41dd-badf653c0c55" executionId="81dfc291-7f34-495c-abb8-528bd7342530" testListId="8c84fa94-04c1-424b-9868-57a2d4851a1d" />
    <TestEntry testId="65d8beb9-d4b1-7128-2631-5520f6c0ed58" executionId="9c1a390c-1f8d-4501-923f-1bc38a05de30" testListId="8c84fa94-04c1-424b-9868-57a2d4851a1d" />
    <TestEntry testId="842604dd-d444-a7f4-534b-b4af91f3f95c" executionId="7b578e4e-0648-4156-a2e2-28cb77c7e56f" testListId="8c84fa94-04c1-424b-9868-57a2d4851a1d" />
    <TestEntry testId="e07ed0b5-2e0a-976d-3f75-19c16e3edd02" executionId="2f01f654-cdec-45a1-8c57-385fc9cd97e0" testListId="8c84fa94-04c1-424b-9868-57a2d4851a1d" />
    <TestEntry testId="040dd571-8bf0-b0e3-da88-082cc2b787fd" executionId="188e6788-4cea-47a7-b0d3-1691f1ab2a88" testListId="8c84fa94-04c1-424b-9868-57a2d4851a1d" />
    <TestEntry testId="e20a2443-63de-0ab9-fc1f-4a1cb2289ef1" executionId="403cbf38-44a6-4597-b346-d10f19d02b4a" testListId="8c84fa94-04c1-424b-9868-57a2d4851a1d" />
    <TestEntry testId="b05d6f18-6593-4fdf-8277-2d819867e350" executionId="3cec69f8-8515-42f3-add3-120daedab4a4" testListId="8c84fa94-04c1-424b-9868-57a2d4851a1d" />
    <TestEntry testId="a7bf999b-c611-25a7-2ff7-438675e1866f" executionId="91d2ddd7-40fb-4929-9b0e-4b97e2cf22a4" testListId="8c84fa94-04c1-424b-9868-57a2d4851a1d" />
    <TestEntry testId="c975fa8d-6f04-08d0-8773-8610e8c13dbc" executionId="55690300-e3b5-426d-9065-dfde4d203901" testListId="8c84fa94-04c1-424b-9868-57a2d4851a1d" />
    <TestEntry testId="6d92f3d7-a73a-0631-d650-f99bb5acd16d" executionId="73aaa640-bc9b-46d7-93ca-c93528318a57" testListId="8c84fa94-04c1-424b-9868-57a2d4851a1d" />
    <TestEntry testId="3b72e631-6670-fe62-856b-ccd543a59971" executionId="5efafca5-7f7d-4660-831e-1cf085510af0" testListId="8c84fa94-04c1-424b-9868-57a2d4851a1d" />
    <TestEntry testId="468a7b03-b2a7-446e-1f1f-8f32f73da7b5" executionId="902b8747-48de-4d80-8cb5-225e730fae46" testListId="8c84fa94-04c1-424b-9868-57a2d4851a1d" />
    <TestEntry testId="b762d469-6e8e-9554-a9ef-98866a578464" executionId="f4425ffb-5e00-40b4-965b-9b72e9d7d86e" testListId="8c84fa94-04c1-424b-9868-57a2d4851a1d" />
    <TestEntry testId="bfea60ac-0b86-e379-4adc-c41a2063908a" executionId="ce4a56cb-7901-4d61-9f37-1cc0f7cef83d" testListId="8c84fa94-04c1-424b-9868-57a2d4851a1d" />
    <TestEntry testId="66035837-2c9f-2396-ee34-7f395303e812" executionId="101de404-6500-4dda-8854-3a538b0d8bac" testListId="8c84fa94-04c1-424b-9868-57a2d4851a1d" />
    <TestEntry testId="a68618ea-e0dc-05b4-e76f-a11a2f3f297e" executionId="0ab98fe0-4c2d-463a-a727-cd989638ca64" testListId="8c84fa94-04c1-424b-9868-57a2d4851a1d" />
    <TestEntry testId="45a1237f-8398-1e96-4a23-b6a235238101" executionId="35f79066-4c0a-42e8-b6db-c0031b8e0eaa" testListId="8c84fa94-04c1-424b-9868-57a2d4851a1d" />
    <TestEntry testId="12eef7c4-a391-5bc7-ef04-b727ebe57366" executionId="be8ee59e-6f7f-4bb8-98a6-0ff67ec0def8" testListId="8c84fa94-04c1-424b-9868-57a2d4851a1d" />
    <TestEntry testId="e9dfb445-64b1-c8bd-bc01-6330550b105e" executionId="6f2bb905-7ffb-4e21-987e-a86972a6ede3" testListId="8c84fa94-04c1-424b-9868-57a2d4851a1d" />
    <TestEntry testId="1b4a32c3-9eb5-2168-e50a-80b2df0aa2f3" executionId="12307c7c-3cba-4d51-8083-6574712f5b25" testListId="8c84fa94-04c1-424b-9868-57a2d4851a1d" />
    <TestEntry testId="4d5586b3-8531-2268-4fb4-39aa8e9235b0" executionId="8f320deb-3cfd-42fb-974a-08365eb3c34b" testListId="8c84fa94-04c1-424b-9868-57a2d4851a1d" />
    <TestEntry testId="8cae6a56-454e-1e61-1b8f-eb89b356be64" executionId="099eab05-2455-4af7-8eac-fec388fa440d" testListId="8c84fa94-04c1-424b-9868-57a2d4851a1d" />
    <TestEntry testId="f54c02f6-10d6-820a-6be3-9cf15ec86940" executionId="9de2a8d3-ef17-40f2-aab6-757f408a90f8" testListId="8c84fa94-04c1-424b-9868-57a2d4851a1d" />
    <TestEntry testId="d8aec2c2-feb6-0e42-e54d-284965f5dea7" executionId="375b9a48-fecb-4e2e-be91-a72995fa7314" testListId="8c84fa94-04c1-424b-9868-57a2d4851a1d" />
    <TestEntry testId="4f18dfe5-cbdb-3f59-ec1a-7c24c2cc1db1" executionId="2cb26311-4aef-4d5b-b664-4a7c3004fcfe" testListId="8c84fa94-04c1-424b-9868-57a2d4851a1d" />
    <TestEntry testId="b8c61cc7-6c99-86e0-a646-53691f4fc54c" executionId="f5d99477-2b84-4b90-be80-9622eb232111" testListId="8c84fa94-04c1-424b-9868-57a2d4851a1d" />
    <TestEntry testId="c475df53-8f1e-79fe-20e9-fd298525b9b9" executionId="a0af6365-943c-4ac4-ab12-c4f04fc9c418" testListId="8c84fa94-04c1-424b-9868-57a2d4851a1d" />
    <TestEntry testId="c24157b1-3889-6460-0ff0-4d271e6b970c" executionId="0da8e9f3-834e-4aea-a7af-833b2106dd98" testListId="8c84fa94-04c1-424b-9868-57a2d4851a1d" />
    <TestEntry testId="9b0d69da-f0df-c6b0-7696-299b1ca48f22" executionId="8e513220-396e-497c-b007-c0fbb40da56c" testListId="8c84fa94-04c1-424b-9868-57a2d4851a1d" />
    <TestEntry testId="7703e29a-ecc3-f42a-a3d8-2092764eb3f2" executionId="c5d8c82f-f021-414a-90c4-44e15e5bbc26" testListId="8c84fa94-04c1-424b-9868-57a2d4851a1d" />
    <TestEntry testId="9f48d199-bab5-a916-f5d8-2312d1097b95" executionId="0d846d6a-ce3a-4e3e-89eb-a7f03ed06b0d" testListId="8c84fa94-04c1-424b-9868-57a2d4851a1d" />
    <TestEntry testId="be9afefd-3e5c-30aa-4b57-e6076c69f81c" executionId="4ba36313-7736-4498-89f3-21baae0d6b51" testListId="8c84fa94-04c1-424b-9868-57a2d4851a1d" />
    <TestEntry testId="be18d4c4-d343-ec1d-bb22-8e6779b47149" executionId="5116d5bc-8c2c-48a3-8c40-569dd49fed7b" testListId="8c84fa94-04c1-424b-9868-57a2d4851a1d" />
    <TestEntry testId="a68e6a6e-4209-2d96-e42e-fdfc6deeba69" executionId="48decf13-568f-4b70-a66c-dd5cfb90ecda" testListId="8c84fa94-04c1-424b-9868-57a2d4851a1d" />
    <TestEntry testId="d03b0ad6-ed13-8489-09d1-2543f3053eff" executionId="b00f287a-a74f-40cf-a0b2-ef77ca10c51b" testListId="8c84fa94-04c1-424b-9868-57a2d4851a1d" />
    <TestEntry testId="fa6e843e-faa4-966b-f711-d61b61e7366c" executionId="dcc0c74b-e0a5-4557-b1f1-0d176d53fa51" testListId="8c84fa94-04c1-424b-9868-57a2d4851a1d" />
    <TestEntry testId="a78e107f-188e-49af-b7fb-8b9962cefe26" executionId="15c20178-3827-4fba-b9a6-dbaafb095206" testListId="8c84fa94-04c1-424b-9868-57a2d4851a1d" />
    <TestEntry testId="c1d75516-b54b-45bf-488a-9e0ebd61f8c4" executionId="8d07b77c-39a9-48aa-a621-9572ccd2a631" testListId="8c84fa94-04c1-424b-9868-57a2d4851a1d" />
    <TestEntry testId="47c1b6ab-8c0a-fc63-f12d-64e40883c80a" executionId="7fb90b42-0547-4788-8a9b-43e1fb7f891d" testListId="8c84fa94-04c1-424b-9868-57a2d4851a1d" />
    <TestEntry testId="9a2e7f11-7ff4-212b-b72f-ec76db87254a" executionId="385046c7-08a7-4c2a-8aa3-0c118cec21b5" testListId="8c84fa94-04c1-424b-9868-57a2d4851a1d" />
    <TestEntry testId="5c8be7a3-8036-a747-4753-97244e6fc863" executionId="85c98c2a-2fbf-4085-81d8-218702d1b61d" testListId="8c84fa94-04c1-424b-9868-57a2d4851a1d" />
    <TestEntry testId="293f208d-a107-c0fc-0068-8de4f4577501" executionId="b4854441-ee7a-4f56-b5f5-fede67a78d6d" testListId="8c84fa94-04c1-424b-9868-57a2d4851a1d" />
    <TestEntry testId="682b3a18-5ce2-e09c-06c2-b3ebd5eb55df" executionId="91dedfeb-b10e-4fe3-a395-4022615fe804" testListId="8c84fa94-04c1-424b-9868-57a2d4851a1d" />
    <TestEntry testId="f5abc6e6-30fb-64d6-b653-e8776326ca87" executionId="48f177da-7be8-4779-b706-9bab89b29d60" testListId="8c84fa94-04c1-424b-9868-57a2d4851a1d" />
    <TestEntry testId="1eda914f-da94-406c-7d55-9addceb31e52" executionId="95bd6c56-c9e8-44fa-8b77-facdf07d417d" testListId="8c84fa94-04c1-424b-9868-57a2d4851a1d" />
    <TestEntry testId="3f36873b-eeee-f47e-801c-1028988ff18d" executionId="e1f8eecf-b7e2-427e-ac12-9384994e95cc" testListId="8c84fa94-04c1-424b-9868-57a2d4851a1d" />
    <TestEntry testId="2a445259-81b4-7d21-8522-cb29686e8b5b" executionId="2d8ad10e-f782-457d-a8da-7cccc18de904" testListId="8c84fa94-04c1-424b-9868-57a2d4851a1d" />
    <TestEntry testId="13e67f6f-df88-6d65-dacc-14d2a9f8ddd4" executionId="fe71adf9-a41a-4362-b054-caf14e8f3388" testListId="8c84fa94-04c1-424b-9868-57a2d4851a1d" />
    <TestEntry testId="39259e78-217a-ffb2-6d1b-008e44172920" executionId="457f2659-6598-4b06-9f41-01ab9ea50a08" testListId="8c84fa94-04c1-424b-9868-57a2d4851a1d" />
    <TestEntry testId="8afaf187-3d3c-e78b-824e-e769deeec2c9" executionId="129a9df0-de29-4175-8879-ce25af2daa97" testListId="8c84fa94-04c1-424b-9868-57a2d4851a1d" />
    <TestEntry testId="33580008-2ed0-6825-609a-d1d90403b659" executionId="8a6b9f7f-cd9b-4f14-b930-e730ed1212c2" testListId="8c84fa94-04c1-424b-9868-57a2d4851a1d" />
    <TestEntry testId="4fc7265c-8aa9-4dcf-df19-f51dedafe8a7" executionId="7418cbbe-01f6-485f-b45d-ff17f7235857" testListId="8c84fa94-04c1-424b-9868-57a2d4851a1d" />
    <TestEntry testId="b6cf4406-22c8-107a-cae8-fc1d204c4130" executionId="156bd483-0917-42dc-a9a3-d51810159fc4" testListId="8c84fa94-04c1-424b-9868-57a2d4851a1d" />
    <TestEntry testId="1d3f650d-9d95-7992-7547-1b0a5cf1f2ec" executionId="514c99be-d5c0-4941-ab4a-389b916529c4" testListId="8c84fa94-04c1-424b-9868-57a2d4851a1d" />
    <TestEntry testId="ef239907-8146-d171-397a-2e18ca0a7d07" executionId="373ee75f-2bc8-4b2f-91cd-d7b249d12ea9" testListId="8c84fa94-04c1-424b-9868-57a2d4851a1d" />
    <TestEntry testId="bffd3eb0-f441-4434-c761-838539b2758c" executionId="23ad94eb-9df9-465b-8a4f-d1281736a306" testListId="8c84fa94-04c1-424b-9868-57a2d4851a1d" />
    <TestEntry testId="b0d0079b-65d6-c082-7bc9-a129a13a3c18" executionId="1128992c-1a33-43da-b043-d7338f955790" testListId="8c84fa94-04c1-424b-9868-57a2d4851a1d" />
    <TestEntry testId="b5ae8819-8b54-7370-da1b-0cdd20d995d0" executionId="dfcc1e5e-e705-46b8-979b-372d03a4e7fd" testListId="8c84fa94-04c1-424b-9868-57a2d4851a1d" />
    <TestEntry testId="d322c036-f127-a7c3-54cb-2755a84ecb70" executionId="6ab07e16-2063-409c-8861-1c72cc0ffafe" testListId="8c84fa94-04c1-424b-9868-57a2d4851a1d" />
    <TestEntry testId="dbc5d189-251d-e27f-7817-a46019f321c1" executionId="3ac28849-c32c-4433-8996-3ec74c9ceb02" testListId="8c84fa94-04c1-424b-9868-57a2d4851a1d" />
    <TestEntry testId="2a6fcd29-269e-eeb7-49d5-2221d6cf773a" executionId="80c5c028-98f5-43f7-8622-6d58498230d9" testListId="8c84fa94-04c1-424b-9868-57a2d4851a1d" />
    <TestEntry testId="dc972d0b-90fa-0c97-701a-24ab8f8aec17" executionId="cb646f40-9260-480a-9e7d-4c39153faa34" testListId="8c84fa94-04c1-424b-9868-57a2d4851a1d" />
    <TestEntry testId="48b02059-b634-8f5d-f4de-84436d54e786" executionId="661887c4-949f-498f-950f-65054384235c" testListId="8c84fa94-04c1-424b-9868-57a2d4851a1d" />
    <TestEntry testId="583ac39a-cd2a-cc9b-7143-e3a644d6c3bd" executionId="0eaf2fa3-fd6f-4e5d-b41b-a70e4e8c46ee" testListId="8c84fa94-04c1-424b-9868-57a2d4851a1d" />
    <TestEntry testId="447829a4-f86b-01dd-760a-c4052e1b005d" executionId="6f8c7702-7b6c-4106-b604-8677bda41c04" testListId="8c84fa94-04c1-424b-9868-57a2d4851a1d" />
    <TestEntry testId="0138d714-b11a-1112-3975-544e9807700f" executionId="fdf1b66a-37ac-455b-8a34-760f16542942" testListId="8c84fa94-04c1-424b-9868-57a2d4851a1d" />
    <TestEntry testId="e0743512-14b2-153f-50d2-6849d822eb82" executionId="4fd744e0-53f5-4372-8451-05fa139196d5" testListId="8c84fa94-04c1-424b-9868-57a2d4851a1d" />
    <TestEntry testId="5efa66e3-2c27-3f3b-d94f-51396a42e8dd" executionId="28449d07-87b6-405a-92c8-9530842e7e19" testListId="8c84fa94-04c1-424b-9868-57a2d4851a1d" />
    <TestEntry testId="9c47fe03-c56a-043e-ff88-e2633670fc9e" executionId="75404830-8fdf-46eb-b4ab-a71632025df3" testListId="8c84fa94-04c1-424b-9868-57a2d4851a1d" />
    <TestEntry testId="c64fce4a-0ee6-9d1f-f96c-3f0744a2a23b" executionId="d0fb2dcc-fb0d-45f5-b5bc-13a22e4ee332" testListId="8c84fa94-04c1-424b-9868-57a2d4851a1d" />
    <TestEntry testId="1670e18f-0ede-c50f-6f9a-2ae6207f30db" executionId="cf28b7c7-b7ed-41d0-aea3-fa9008f2a3d2" testListId="8c84fa94-04c1-424b-9868-57a2d4851a1d" />
    <TestEntry testId="2c659c9c-4cb8-0017-5374-282461cba931" executionId="4d032640-8c85-4ffe-bc4f-3ae7254e984d" testListId="8c84fa94-04c1-424b-9868-57a2d4851a1d" />
    <TestEntry testId="060819f6-d016-be0e-b7e9-55d7faa9ba45" executionId="14fa19fb-9fbb-4902-bed5-6cf3711a90e2" testListId="8c84fa94-04c1-424b-9868-57a2d4851a1d" />
    <TestEntry testId="bc7fb037-bc9e-3315-d38f-1aeba783be34" executionId="d7bb2379-3336-4eee-993d-1321469dad7e" testListId="8c84fa94-04c1-424b-9868-57a2d4851a1d" />
    <TestEntry testId="a153c326-c8c2-ed0c-505b-c62f56af9d14" executionId="acb572c1-ce61-4460-bf48-ffc0dfea2c83" testListId="8c84fa94-04c1-424b-9868-57a2d4851a1d" />
    <TestEntry testId="372ab51f-8789-4af1-a4f9-77f4920b1bde" executionId="64aca4d0-1b65-4637-8963-b0204997f9c0" testListId="8c84fa94-04c1-424b-9868-57a2d4851a1d" />
    <TestEntry testId="f4009c20-ddf4-5439-9b3f-52d8d564e525" executionId="3b4c15a7-8cf4-428f-bbd8-3d174d0b5ee7" testListId="8c84fa94-04c1-424b-9868-57a2d4851a1d" />
    <TestEntry testId="d7001884-5531-566e-871c-306c552a41f9" executionId="d7f85028-d6d1-4cb5-8b81-eb188a83a611" testListId="8c84fa94-04c1-424b-9868-57a2d4851a1d" />
    <TestEntry testId="cc8be762-b7fa-6acb-868c-b6f8dd397e9b" executionId="9aa1204e-3d83-49e0-a967-d1489575e796" testListId="8c84fa94-04c1-424b-9868-57a2d4851a1d" />
    <TestEntry testId="372ecc8a-19e9-247e-0d4c-31a691ba7b09" executionId="4b5859f7-e5a9-4858-ab07-fe28ffb8aba0" testListId="8c84fa94-04c1-424b-9868-57a2d4851a1d" />
    <TestEntry testId="3893bc09-628b-2605-fa37-7cfb280ed351" executionId="8231a530-f37d-4078-9409-10f978741164" testListId="8c84fa94-04c1-424b-9868-57a2d4851a1d" />
    <TestEntry testId="1b0c1c74-735e-804d-2d38-1a48ef66c47a" executionId="52238617-d722-4901-98bf-c975f0c69cd3" testListId="8c84fa94-04c1-424b-9868-57a2d4851a1d" />
    <TestEntry testId="01387d97-f9fc-82cf-fc0c-bafa84835078" executionId="14aa65ca-73b8-442e-8c9c-366122974d8d" testListId="8c84fa94-04c1-424b-9868-57a2d4851a1d" />
    <TestEntry testId="8b195963-a10c-3838-31ba-4f1e91ab5dfb" executionId="0175222b-b29e-40f1-8a84-952a8e88bbd9" testListId="8c84fa94-04c1-424b-9868-57a2d4851a1d" />
    <TestEntry testId="cb973932-552d-edc5-fa30-c27e003b5121" executionId="acf54163-345c-4009-a9e7-6b353a2eac9e" testListId="8c84fa94-04c1-424b-9868-57a2d4851a1d" />
    <TestEntry testId="cd7f7ed7-88a6-0fa2-919b-8f85deed3b1c" executionId="75518b3d-31fd-408c-b267-360162750d89" testListId="8c84fa94-04c1-424b-9868-57a2d4851a1d" />
    <TestEntry testId="952d04da-369e-0e5d-fb29-9bfdf4da3a0e" executionId="98197dd5-2d75-4c1e-93c1-9d02caec144c" testListId="8c84fa94-04c1-424b-9868-57a2d4851a1d" />
    <TestEntry testId="8e460e03-2bfd-8239-d4ce-aaba6f07f2d0" executionId="71433062-31af-4310-9680-8fc16c4a232a" testListId="8c84fa94-04c1-424b-9868-57a2d4851a1d" />
    <TestEntry testId="48e1001e-d788-4f1f-114b-b2f616ae9b17" executionId="85df0b01-90c3-44f6-8f05-2207837db471" testListId="8c84fa94-04c1-424b-9868-57a2d4851a1d" />
    <TestEntry testId="01189ec3-4c33-3643-ad1a-50e739d11dfb" executionId="638a62ce-fd99-4c15-9016-b179f868d431" testListId="8c84fa94-04c1-424b-9868-57a2d4851a1d" />
    <TestEntry testId="67a0e7c3-fd99-228f-3717-941a8f61eb9d" executionId="f61bb3ef-e467-45de-9372-06f75376034c" testListId="8c84fa94-04c1-424b-9868-57a2d4851a1d" />
    <TestEntry testId="e5f2cf6d-a0ae-d38c-0dc9-b08cf977bee2" executionId="8541809d-8ad8-413d-9be7-b4d73a8870c0" testListId="8c84fa94-04c1-424b-9868-57a2d4851a1d" />
    <TestEntry testId="b9c508f0-a796-6104-1910-9ed8e83d2d6a" executionId="937f2a27-8e4b-43f3-9803-10b8cb5dcf8b" testListId="8c84fa94-04c1-424b-9868-57a2d4851a1d" />
    <TestEntry testId="64385f08-1561-0f65-f649-9eea3016a34f" executionId="967fa5f3-4c28-42cf-b1b8-5454275ce5d8" testListId="8c84fa94-04c1-424b-9868-57a2d4851a1d" />
    <TestEntry testId="8d35e87b-236d-d2d1-5276-ca6f3e50fdcb" executionId="abf4b502-42c1-4141-805a-c656c5c746ca" testListId="8c84fa94-04c1-424b-9868-57a2d4851a1d" />
    <TestEntry testId="e22757cf-80d8-f279-1c8a-feb5a05eb919" executionId="944694a7-bd23-48ea-985d-ef23974f1504" testListId="8c84fa94-04c1-424b-9868-57a2d4851a1d" />
    <TestEntry testId="3bd4e091-3cac-addc-1c5e-6f943e11b33f" executionId="d6c6490b-47c3-4b07-b3a1-d2b59d6ff8aa" testListId="8c84fa94-04c1-424b-9868-57a2d4851a1d" />
    <TestEntry testId="cf5907ea-f180-5c72-1f5a-4ab563640853" executionId="2b85b932-62eb-46c5-81d6-a307470397bf" testListId="8c84fa94-04c1-424b-9868-57a2d4851a1d" />
    <TestEntry testId="eccd7b47-7a8f-ac65-26ef-40b4723d9415" executionId="3e826af3-2c94-48ee-a335-61f0b9ffaa52" testListId="8c84fa94-04c1-424b-9868-57a2d4851a1d" />
    <TestEntry testId="7c25e9d9-71c3-90cd-d0cc-85e1e58efd6b" executionId="6a8e2ee8-4483-481a-a593-db204268d088" testListId="8c84fa94-04c1-424b-9868-57a2d4851a1d" />
    <TestEntry testId="ac1eb344-84dd-8e2f-e7fa-8afd6aaf6222" executionId="8fe3b2c6-198f-4e02-bd78-bfa0aa4483e2" testListId="8c84fa94-04c1-424b-9868-57a2d4851a1d" />
    <TestEntry testId="0be364f3-65a8-13b6-624b-a54197fbf75c" executionId="ba1794f4-140f-413b-80fb-43ebcad4d212" testListId="8c84fa94-04c1-424b-9868-57a2d4851a1d" />
    <TestEntry testId="d4c38e91-653a-61a8-9381-1f7444c31b36" executionId="384cc105-6649-4db5-999b-37b171292c67" testListId="8c84fa94-04c1-424b-9868-57a2d4851a1d" />
    <TestEntry testId="eefc51b9-5382-2aee-c4ce-08acd9cc49de" executionId="674b75d6-1ad9-43ac-8360-abea36016b64" testListId="8c84fa94-04c1-424b-9868-57a2d4851a1d" />
    <TestEntry testId="cb3227bb-d1a5-0c0d-9089-9f393e7c3688" executionId="586f8ad7-46fd-4327-a760-f1c0c8a628d6" testListId="8c84fa94-04c1-424b-9868-57a2d4851a1d" />
    <TestEntry testId="5367f539-e3b0-cebf-09dd-956f309e7c6e" executionId="268977ef-1989-432a-8fbe-ed977620de90" testListId="8c84fa94-04c1-424b-9868-57a2d4851a1d" />
    <TestEntry testId="a029b495-55fb-1eb3-c134-9a8d61753adb" executionId="7957a933-2f17-4177-ab45-ec65a620b3fd" testListId="8c84fa94-04c1-424b-9868-57a2d4851a1d" />
    <TestEntry testId="0cd51abe-1287-52a5-9d2e-d556a1306fcb" executionId="020deed5-785a-47bb-81fd-b220ea41d9e2" testListId="8c84fa94-04c1-424b-9868-57a2d4851a1d" />
    <TestEntry testId="ef0bef56-bcca-a24d-f399-eed9eabea4db" executionId="ef88da81-c71e-4fd8-b79c-a95964b43ae2" testListId="8c84fa94-04c1-424b-9868-57a2d4851a1d" />
    <TestEntry testId="548fd08b-2d94-5257-d985-826bbe47bde9" executionId="4b2eac67-df3c-41c8-a440-901a535b5fb8" testListId="8c84fa94-04c1-424b-9868-57a2d4851a1d" />
    <TestEntry testId="9e28d5ce-7362-2b06-9e34-6ce871313f70" executionId="b33b2300-19b9-40ea-8f6e-647037f0982b" testListId="8c84fa94-04c1-424b-9868-57a2d4851a1d" />
    <TestEntry testId="cb13d9c3-56f2-276b-f315-14e9213934da" executionId="bd824c91-10e4-41f3-ba76-7378c857a09c" testListId="8c84fa94-04c1-424b-9868-57a2d4851a1d" />
    <TestEntry testId="68f5557d-4bd5-ebae-3a22-537c1702d781" executionId="f6572edc-d547-4745-aba2-37b352feff7e" testListId="8c84fa94-04c1-424b-9868-57a2d4851a1d" />
    <TestEntry testId="79d8cb70-402c-e7be-4d53-f2c05fb52d5e" executionId="a2fc5045-3ccf-4aab-aac3-95f59747c55f" testListId="8c84fa94-04c1-424b-9868-57a2d4851a1d" />
    <TestEntry testId="4fd7ef13-73a5-f651-dedc-2514dfae7f93" executionId="4d340979-079f-4401-9ee5-198596615a4c" testListId="8c84fa94-04c1-424b-9868-57a2d4851a1d" />
    <TestEntry testId="ebd03c2f-6c76-bcbc-d996-078d887dfa19" executionId="b9b7dae1-4ae5-4e02-a15d-e6b7b3bfaf4d" testListId="8c84fa94-04c1-424b-9868-57a2d4851a1d" />
    <TestEntry testId="d15cb015-1a80-6a1c-c85a-3f61077a2db7" executionId="e083a27f-07d2-40e4-962b-ca35396b9440" testListId="8c84fa94-04c1-424b-9868-57a2d4851a1d" />
    <TestEntry testId="e9e566d8-8c2f-a5c9-6e03-2549ae458328" executionId="2a164484-451e-4dc5-aa86-635621a794fa" testListId="8c84fa94-04c1-424b-9868-57a2d4851a1d" />
    <TestEntry testId="15aede0d-e3f2-2cb3-b9cb-5b079f95b7e7" executionId="266971e3-7df7-42f6-bb92-5c0c56baf618" testListId="8c84fa94-04c1-424b-9868-57a2d4851a1d" />
    <TestEntry testId="0928c4fd-5774-fb06-0445-b9d9e3756a8d" executionId="50af7c3c-0e1b-4d60-81ea-ea2e6d53bd47" testListId="8c84fa94-04c1-424b-9868-57a2d4851a1d" />
    <TestEntry testId="6d35c2c3-73b0-8587-396e-ba4ccb5d6691" executionId="4a5e01f9-4f07-4186-9928-daf79173a722" testListId="8c84fa94-04c1-424b-9868-57a2d4851a1d" />
    <TestEntry testId="7b38c175-8f37-0ff7-77b0-702939d7a735" executionId="409da45d-988b-4230-9523-ffdb77d17ced" testListId="8c84fa94-04c1-424b-9868-57a2d4851a1d" />
    <TestEntry testId="a8ce85fe-814a-271d-72cd-32e52ea1acce" executionId="e6d8dd79-0155-474e-b324-37c9ac5960a8" testListId="8c84fa94-04c1-424b-9868-57a2d4851a1d" />
    <TestEntry testId="d8efbbc3-789a-3585-978c-2744f717a173" executionId="f0593c34-2742-49fb-bd43-9336661b5cfc" testListId="8c84fa94-04c1-424b-9868-57a2d4851a1d" />
    <TestEntry testId="9fd340a4-bdf1-80dc-4aa5-677b8c727a2b" executionId="45c076c4-3d08-4b4e-a8f7-04b52c39185a" testListId="8c84fa94-04c1-424b-9868-57a2d4851a1d" />
    <TestEntry testId="23ab757f-fe97-afaf-d8cf-cc47b5d58278" executionId="680078af-2f1a-4651-a116-fd0b3da9056a" testListId="8c84fa94-04c1-424b-9868-57a2d4851a1d" />
    <TestEntry testId="d1e36374-9329-5797-656e-7f2208258af5" executionId="6a163311-3b0b-41e3-baf5-ab314bdd7d8a" testListId="8c84fa94-04c1-424b-9868-57a2d4851a1d" />
    <TestEntry testId="b5787dfc-a6ff-a360-1b42-6d6dc7b8eb31" executionId="66187b84-2962-4258-aa70-ba34219fa879" testListId="8c84fa94-04c1-424b-9868-57a2d4851a1d" />
    <TestEntry testId="0a3a807f-9f6a-c6f8-8c9e-dc79768e8cd7" executionId="e3f02c6d-4810-4c9c-a269-4d3834e48228" testListId="8c84fa94-04c1-424b-9868-57a2d4851a1d" />
    <TestEntry testId="bd4bf395-8f98-04c2-c5f8-cab1c6647ef1" executionId="e2b3aad7-5933-486d-8905-fc7afd369a26" testListId="8c84fa94-04c1-424b-9868-57a2d4851a1d" />
    <TestEntry testId="cb7e38b0-12f4-dfad-65ae-f93a1147794e" executionId="366549c1-b513-49f9-a2dc-e7e6cb4b0acc" testListId="8c84fa94-04c1-424b-9868-57a2d4851a1d" />
    <TestEntry testId="a986cdd1-f3b8-291d-b1aa-90291a659d05" executionId="c408042d-dd4b-4ddc-8cfc-d2243f023d7f" testListId="8c84fa94-04c1-424b-9868-57a2d4851a1d" />
    <TestEntry testId="0d6a360b-80b2-0c9f-819e-6ddc1b403d2d" executionId="a3553740-47f6-4b2a-a83c-307b67920839" testListId="8c84fa94-04c1-424b-9868-57a2d4851a1d" />
    <TestEntry testId="38b98b35-19bc-eb4b-75ab-937f6e63a097" executionId="fa8cb6b5-7b06-4438-a767-2b2bf63247f4" testListId="8c84fa94-04c1-424b-9868-57a2d4851a1d" />
    <TestEntry testId="c3f2a1aa-ab89-7f2c-6103-bf1d2150d50b" executionId="d85074c5-4376-4c17-a61b-e2edf989ddaa" testListId="8c84fa94-04c1-424b-9868-57a2d4851a1d" />
    <TestEntry testId="14a48fdf-998f-a4a7-ad0a-dfa3e87104de" executionId="a450e923-f4c5-46cb-a5e9-9d68233b79f6" testListId="8c84fa94-04c1-424b-9868-57a2d4851a1d" />
    <TestEntry testId="42d4745e-d9b8-f2e9-3bf0-8b9851599c44" executionId="c2f8791f-32a7-4558-ab59-dc54ccb103ee" testListId="8c84fa94-04c1-424b-9868-57a2d4851a1d" />
    <TestEntry testId="d67f39a6-38da-54cf-bd51-1084e48c6e60" executionId="4049cac0-e3d8-498c-b4f6-c3b60290ee34" testListId="8c84fa94-04c1-424b-9868-57a2d4851a1d" />
    <TestEntry testId="520094b8-4b75-11e8-c310-4fbb0ad15d04" executionId="167be910-8e30-48ed-8889-d5efb60e4227" testListId="8c84fa94-04c1-424b-9868-57a2d4851a1d" />
    <TestEntry testId="caf15171-15c0-e44f-4ded-3471eafc2c21" executionId="c7ed1b95-bf89-41b7-a1ed-40e2037b20f4" testListId="8c84fa94-04c1-424b-9868-57a2d4851a1d" />
    <TestEntry testId="ad2e8dc8-017a-fd28-8587-9788ac26c9e0" executionId="f8adaa0b-beec-4b8d-9d5b-85d25ef183b7" testListId="8c84fa94-04c1-424b-9868-57a2d4851a1d" />
    <TestEntry testId="6a188302-28d8-d1a3-63bb-96d48d07bffe" executionId="368af4dc-d15f-4635-a54c-330187a713a1" testListId="8c84fa94-04c1-424b-9868-57a2d4851a1d" />
    <TestEntry testId="6ff15af4-6fd8-2401-35d9-7aaad2262d48" executionId="bdbe5a8b-9176-426e-936b-328fddeea4e9" testListId="8c84fa94-04c1-424b-9868-57a2d4851a1d" />
    <TestEntry testId="9d5ada2d-839e-c544-1fa6-276837fd72f2" executionId="26e251f8-fb15-4f93-98b0-52b81b73e229" testListId="8c84fa94-04c1-424b-9868-57a2d4851a1d" />
    <TestEntry testId="ad962b0e-987d-63ea-d90a-c4db7582df00" executionId="cd3b4fa4-7fcb-4eb4-b319-877363fcd2a5" testListId="8c84fa94-04c1-424b-9868-57a2d4851a1d" />
    <TestEntry testId="8323b4f2-e9f8-2e2a-6f22-cc6a18906d5b" executionId="8db21e08-f717-43b9-837f-76ec817dd23d" testListId="8c84fa94-04c1-424b-9868-57a2d4851a1d" />
    <TestEntry testId="1fb7df82-265a-5de3-47da-778b7185a628" executionId="600e76f0-107d-44e4-9fa1-1915c7640619" testListId="8c84fa94-04c1-424b-9868-57a2d4851a1d" />
    <TestEntry testId="ac145d13-4c02-a67c-cc07-a100e99d94e8" executionId="f7ad1178-730b-404c-8fd7-70b359870d0d" testListId="8c84fa94-04c1-424b-9868-57a2d4851a1d" />
    <TestEntry testId="c4e34f90-d96f-cb6b-4d8d-827e8345bbf0" executionId="f176d6ae-f7d5-452b-8ea8-5eaf4a5c3ed1" testListId="8c84fa94-04c1-424b-9868-57a2d4851a1d" />
    <TestEntry testId="ad0265a0-96ba-5103-cd9d-a51d12bc6389" executionId="f479d169-cb6d-44a4-b2f6-48dddc210033" testListId="8c84fa94-04c1-424b-9868-57a2d4851a1d" />
    <TestEntry testId="a55aaf93-07d3-2d94-7ff3-69bf177f189d" executionId="afad733d-2f3d-4ad7-8471-dbed44a2b386" testListId="8c84fa94-04c1-424b-9868-57a2d4851a1d" />
    <TestEntry testId="af06fbb9-e295-bbc5-951e-25addabec280" executionId="08d3c9d6-8d98-4eac-ae1e-dfe88eed9cdb" testListId="8c84fa94-04c1-424b-9868-57a2d4851a1d" />
    <TestEntry testId="222dc4eb-8a5f-bb70-a6c0-96da1bd8a35a" executionId="e5057f54-0f1f-4e00-8290-65b3ba807c68" testListId="8c84fa94-04c1-424b-9868-57a2d4851a1d" />
    <TestEntry testId="79ed88f2-f433-a4e4-a0f7-7ec8b906db54" executionId="d890676b-a553-4f3b-a35b-0b6a98029d52" testListId="8c84fa94-04c1-424b-9868-57a2d4851a1d" />
    <TestEntry testId="78b38ad0-3cef-09ee-1bf9-763896c87118" executionId="5b65f5ea-99ef-4265-aea8-0e7278ca5ead" testListId="8c84fa94-04c1-424b-9868-57a2d4851a1d" />
    <TestEntry testId="3b964bff-d25f-d812-9955-0682bf213291" executionId="05fb0d1a-ceca-4d23-9cd9-b4ca87c7dd69" testListId="8c84fa94-04c1-424b-9868-57a2d4851a1d" />
    <TestEntry testId="e7fd8dc1-f344-e46a-1f5a-badd0fb3eee8" executionId="908f8dbb-15a5-4d59-99e9-2d19c7252869" testListId="8c84fa94-04c1-424b-9868-57a2d4851a1d" />
    <TestEntry testId="d42b4d4f-29a4-0113-b8d9-9d054172cf47" executionId="b32f3dac-9cdf-48b8-99b5-9229cf9ea17e" testListId="8c84fa94-04c1-424b-9868-57a2d4851a1d" />
    <TestEntry testId="231eb201-5943-be12-8406-5e91b55ea0f9" executionId="50269c5e-8c1f-4a50-83f3-c32b0e16213d" testListId="8c84fa94-04c1-424b-9868-57a2d4851a1d" />
    <TestEntry testId="4a3d3b31-f5bb-f6f0-8775-76cae220f01b" executionId="02a92523-f078-4ccf-84a2-a35d7eedca9f" testListId="8c84fa94-04c1-424b-9868-57a2d4851a1d" />
    <TestEntry testId="68a6ea98-ca7c-4d82-e5af-14d114a1f9a4" executionId="9e9549ff-032d-4c94-8b3f-bcc2ab7213d7" testListId="8c84fa94-04c1-424b-9868-57a2d4851a1d" />
    <TestEntry testId="62771907-5daf-58e6-a184-e6742aca31e8" executionId="73890c39-7af9-418a-8d6f-34682bb099de" testListId="8c84fa94-04c1-424b-9868-57a2d4851a1d" />
    <TestEntry testId="d2e27528-7e9c-f741-028a-9dd7eea4c92c" executionId="930eb1c3-4bbd-42c5-bada-ad904ca2bf95" testListId="8c84fa94-04c1-424b-9868-57a2d4851a1d" />
    <TestEntry testId="d662e348-a1af-bb08-7043-ef8f0887058c" executionId="165faf8b-ec19-40e9-87cb-d3d146560db5" testListId="8c84fa94-04c1-424b-9868-57a2d4851a1d" />
    <TestEntry testId="f08cfdea-d0f9-0ea6-0706-b620f15a9fb4" executionId="4ff41ef7-f84c-4810-9caf-f42f5c3beafd" testListId="8c84fa94-04c1-424b-9868-57a2d4851a1d" />
    <TestEntry testId="edfa9ac1-af92-8fad-09f0-213c59a511c9" executionId="19b85e6d-13c2-4989-a34c-30770e0df5e2" testListId="8c84fa94-04c1-424b-9868-57a2d4851a1d" />
    <TestEntry testId="87ac7461-0d28-cf5d-7698-d8b535ebe6b4" executionId="d1e6de73-f751-48f4-8fef-a937f5be9bdc" testListId="8c84fa94-04c1-424b-9868-57a2d4851a1d" />
    <TestEntry testId="c201cfe9-d7ef-1767-28d0-57fcb8de2460" executionId="5699dbe8-2691-4421-9463-ca246a6777ce" testListId="8c84fa94-04c1-424b-9868-57a2d4851a1d" />
    <TestEntry testId="b5bea1ce-3302-3d5c-c970-5439c8ce2d20" executionId="be20a5b2-598d-4cd1-ac77-469eb9499eec" testListId="8c84fa94-04c1-424b-9868-57a2d4851a1d" />
    <TestEntry testId="c5df7b24-5576-61ff-2c2f-8ef0272c7cb0" executionId="5e163bf3-413d-4e5f-94ac-0df9db1b9f82" testListId="8c84fa94-04c1-424b-9868-57a2d4851a1d" />
    <TestEntry testId="b44cc6a8-6a9a-fd12-3fec-c22280c5d52b" executionId="17df4c5d-036c-4957-af23-85a39edcfa52" testListId="8c84fa94-04c1-424b-9868-57a2d4851a1d" />
    <TestEntry testId="c3bd77bb-39a3-4c51-ccee-0dc4af1425a6" executionId="19802fb6-0a8e-44bf-bb57-0dd40aff9338" testListId="8c84fa94-04c1-424b-9868-57a2d4851a1d" />
    <TestEntry testId="b7c2c022-5605-11c2-db09-3429d396f98d" executionId="5e9e8c0c-35e9-4aae-8362-ffec77486ee7" testListId="8c84fa94-04c1-424b-9868-57a2d4851a1d" />
    <TestEntry testId="9551a8f2-f5be-a617-500a-980790ba8737" executionId="311df088-8478-45e6-8a3a-d6380b45d17b" testListId="8c84fa94-04c1-424b-9868-57a2d4851a1d" />
    <TestEntry testId="f429442b-db90-b095-7991-b9ca4c955f13" executionId="9a6cd142-1327-4818-be52-9641b0f69011" testListId="8c84fa94-04c1-424b-9868-57a2d4851a1d" />
    <TestEntry testId="5c447ad0-5dd2-2fa2-d091-548bf019cae3" executionId="4e8e992b-4fa2-4368-a535-d215ce464abf" testListId="8c84fa94-04c1-424b-9868-57a2d4851a1d" />
    <TestEntry testId="24f4c2d7-2c1a-d96f-02e1-f48f7d97bc91" executionId="774515c7-fff6-4829-af06-5bf77e317980" testListId="8c84fa94-04c1-424b-9868-57a2d4851a1d" />
    <TestEntry testId="3d26d7d8-7d79-9931-2127-8e5f6d15122c" executionId="f8e1e85f-7a2f-4b12-b825-ad172e7bddff" testListId="8c84fa94-04c1-424b-9868-57a2d4851a1d" />
    <TestEntry testId="c2b0fa30-6a46-612d-08bf-8da951ad3d1e" executionId="8d45868f-f5fb-413a-abf7-f48abf796cc6" testListId="8c84fa94-04c1-424b-9868-57a2d4851a1d" />
    <TestEntry testId="d30c0506-60c3-3624-baf0-3cabb1483786" executionId="7f5c35c0-633f-4383-ae41-58873f83f422" testListId="8c84fa94-04c1-424b-9868-57a2d4851a1d" />
    <TestEntry testId="a8ff7a29-8845-1919-c693-2698cf30e949" executionId="9fb4507b-19de-4d2e-8ae6-50415e61a813" testListId="8c84fa94-04c1-424b-9868-57a2d4851a1d" />
    <TestEntry testId="64de42c5-cf32-f94a-2ab2-81439a18d091" executionId="793092fd-a491-469b-ad3d-acfea3f91262" testListId="8c84fa94-04c1-424b-9868-57a2d4851a1d" />
    <TestEntry testId="477f61b0-5c9c-b3c6-17b8-c096885b5954" executionId="c58bc19a-37a6-4031-b78f-15a31003130b" testListId="8c84fa94-04c1-424b-9868-57a2d4851a1d" />
    <TestEntry testId="868fab3c-659e-4c15-a10e-0b6912bfed13" executionId="691beb8b-1491-4b88-a77e-daf6ec5e4a3a" testListId="8c84fa94-04c1-424b-9868-57a2d4851a1d" />
    <TestEntry testId="32528e28-da07-7f33-5050-a43afc1898ef" executionId="b8acd28b-3eb9-432d-9f05-b25852d7fb4f" testListId="8c84fa94-04c1-424b-9868-57a2d4851a1d" />
    <TestEntry testId="8b5da03f-9577-2062-8111-d2b15e5a740d" executionId="15a3a83b-341e-4b04-aefc-61efbfbbb8af" testListId="8c84fa94-04c1-424b-9868-57a2d4851a1d" />
    <TestEntry testId="720ee8ed-0afb-0470-9fbb-161042f20ddf" executionId="601851e6-b4a8-4650-858b-35bf5157608d" testListId="8c84fa94-04c1-424b-9868-57a2d4851a1d" />
    <TestEntry testId="a298570a-a341-d8e8-abe3-7f25184c2524" executionId="bf8bac6b-04c8-4d24-b422-1d7892e23392" testListId="8c84fa94-04c1-424b-9868-57a2d4851a1d" />
    <TestEntry testId="31c80297-0b11-c824-d2b2-d7f2c10e7839" executionId="cb7430bd-4727-4a1b-9fe3-478369b6a87e" testListId="8c84fa94-04c1-424b-9868-57a2d4851a1d" />
    <TestEntry testId="a4399397-799d-6dfc-9b5f-ebad40d25858" executionId="7df26dcf-d28b-45ed-a38d-0bd1919d8530" testListId="8c84fa94-04c1-424b-9868-57a2d4851a1d" />
    <TestEntry testId="87624c9b-97b8-ed79-9d92-4a653ba64699" executionId="373b977e-4ba1-4fa4-9e36-da229e0c68ad" testListId="8c84fa94-04c1-424b-9868-57a2d4851a1d" />
    <TestEntry testId="a67dddae-fbaa-38ff-493a-4fb494200940" executionId="77517579-dd93-4289-9b3d-9bcc3fe5e65e" testListId="8c84fa94-04c1-424b-9868-57a2d4851a1d" />
    <TestEntry testId="67b41555-668e-a38b-443d-e1d215565a3e" executionId="f141859b-8591-473a-ad47-6153d27baef3" testListId="8c84fa94-04c1-424b-9868-57a2d4851a1d" />
    <TestEntry testId="893df90f-4ad3-2688-f803-e533f67faf3b" executionId="3f071fd0-76b4-4e2d-844c-d5bc6ee96085" testListId="8c84fa94-04c1-424b-9868-57a2d4851a1d" />
    <TestEntry testId="d70deda9-d414-d7bd-403c-5fb9de797fb3" executionId="952af62e-5c3a-46a6-8a53-81209c757093" testListId="8c84fa94-04c1-424b-9868-57a2d4851a1d" />
    <TestEntry testId="aa7cd316-bd03-8913-f5ff-bd80befd5e8b" executionId="c4162f31-65c7-48e9-8d47-51d21d6a0eac" testListId="8c84fa94-04c1-424b-9868-57a2d4851a1d" />
    <TestEntry testId="a0b09ab1-22b3-e8a0-7021-5f5ed2380424" executionId="280185a6-2ba7-4070-97b4-ffa14eb6d69a" testListId="8c84fa94-04c1-424b-9868-57a2d4851a1d" />
    <TestEntry testId="3350d2b0-3312-d687-fc6c-5745c7811365" executionId="14222337-ecc0-4f10-8618-1336a33c7805" testListId="8c84fa94-04c1-424b-9868-57a2d4851a1d" />
    <TestEntry testId="cc99ff3e-c755-1963-ff3d-70c3c6994b03" executionId="acf33bc8-c8bc-4d2a-abca-b0aff26a678e" testListId="8c84fa94-04c1-424b-9868-57a2d4851a1d" />
    <TestEntry testId="1567771f-c566-3ead-d24b-280817524d69" executionId="99e29eca-f80e-4cdb-b841-9a3971a36c53" testListId="8c84fa94-04c1-424b-9868-57a2d4851a1d" />
    <TestEntry testId="e7a315f9-584b-e4f3-8469-ce4f80c3387c" executionId="bf251389-b96a-494c-997c-9edc31c99f23" testListId="8c84fa94-04c1-424b-9868-57a2d4851a1d" />
    <TestEntry testId="3827ef79-3081-082a-a862-859949cd62b9" executionId="34ac8262-142a-48f9-a608-c06afb7c171b" testListId="8c84fa94-04c1-424b-9868-57a2d4851a1d" />
    <TestEntry testId="6683524a-bfa3-259f-b1e9-51fd36596515" executionId="5cff2640-56cf-4798-9aca-b9dc23b9eddc" testListId="8c84fa94-04c1-424b-9868-57a2d4851a1d" />
    <TestEntry testId="af16c081-1118-4157-5e5a-823452565ccb" executionId="bcc0cc67-d364-4791-b79f-f0016ccbc093" testListId="8c84fa94-04c1-424b-9868-57a2d4851a1d" />
    <TestEntry testId="c82ad357-66af-6f7d-49fa-5184f10411f5" executionId="e31e65f6-21da-4ae9-9fc0-6acc9df7cfa3" testListId="8c84fa94-04c1-424b-9868-57a2d4851a1d" />
    <TestEntry testId="1bdc0970-713b-d043-8222-8dccac91ab64" executionId="9c881e33-0413-45b1-aae5-2ba8c0754c2f" testListId="8c84fa94-04c1-424b-9868-57a2d4851a1d" />
    <TestEntry testId="788d8b0c-681e-eeab-fb16-541a413b2444" executionId="82368e6b-5718-4c6a-b1b3-0da217f392f2" testListId="8c84fa94-04c1-424b-9868-57a2d4851a1d" />
    <TestEntry testId="a64907b4-47a9-4e3a-b6b0-be37e2d164ea" executionId="5a87194e-7281-4d88-ae33-11bfa9562a84" testListId="8c84fa94-04c1-424b-9868-57a2d4851a1d" />
    <TestEntry testId="e5327567-16bb-a9ea-d8a4-bb9395ce3964" executionId="552e22de-90b6-4663-b559-b33fe123555c" testListId="8c84fa94-04c1-424b-9868-57a2d4851a1d" />
    <TestEntry testId="d14f3865-eb3a-a806-eb3f-e6d1d870885d" executionId="f160b88f-c2e2-4ef5-ae1e-8b29173b8434" testListId="8c84fa94-04c1-424b-9868-57a2d4851a1d" />
    <TestEntry testId="943fddae-0057-44db-535a-5540de1410f4" executionId="75297467-e832-44dc-9094-8d1f658c640d" testListId="8c84fa94-04c1-424b-9868-57a2d4851a1d" />
    <TestEntry testId="b79783b6-52a2-ffc5-2a1d-6b3307f25451" executionId="608d9bd1-1ce2-41cd-9890-0b5bf3c191f3" testListId="8c84fa94-04c1-424b-9868-57a2d4851a1d" />
    <TestEntry testId="251b347e-5118-6923-54c2-687fcb9f9027" executionId="01d7b1da-41f2-4f60-855f-2e40552eed60" testListId="8c84fa94-04c1-424b-9868-57a2d4851a1d" />
    <TestEntry testId="aeeaebaf-8448-f122-1094-fc83a31ad89a" executionId="dfc9a42a-d510-47df-996e-f3a42715f982" testListId="8c84fa94-04c1-424b-9868-57a2d4851a1d" />
    <TestEntry testId="59316a3f-9716-d88f-df45-82d266fba22e" executionId="ceed8acc-a519-4c36-8766-11deeb00e889" testListId="8c84fa94-04c1-424b-9868-57a2d4851a1d" />
    <TestEntry testId="a7db9ed1-0e9f-4bd0-ac0b-3b36ddafd16e" executionId="4ed3c4e1-9d7b-4595-9b0d-4caa30d931a5" testListId="8c84fa94-04c1-424b-9868-57a2d4851a1d" />
    <TestEntry testId="fcd4df18-362b-5413-023a-c55cb23032da" executionId="efacf227-d30b-4097-a3f6-a64d813ce3b8" testListId="8c84fa94-04c1-424b-9868-57a2d4851a1d" />
    <TestEntry testId="cd1d2fd6-a556-1869-618e-8799c1c10a94" executionId="bd694cce-57b2-4917-abb4-d54376bdd1b9" testListId="8c84fa94-04c1-424b-9868-57a2d4851a1d" />
    <TestEntry testId="1ed595f1-e0b3-cd61-13ef-3cbf3778f159" executionId="e15813bb-2de0-4f19-bf83-c0c1e27c57a2" testListId="8c84fa94-04c1-424b-9868-57a2d4851a1d" />
    <TestEntry testId="09b10f58-104f-c055-d17e-ad9f69c01172" executionId="94c74170-ced3-4c18-8487-829a47b80a44" testListId="8c84fa94-04c1-424b-9868-57a2d4851a1d" />
    <TestEntry testId="16af9e4d-1460-4181-5a4a-fd51a2b844f5" executionId="19a791de-46f4-4ce6-8493-40afaba3e1d4" testListId="8c84fa94-04c1-424b-9868-57a2d4851a1d" />
    <TestEntry testId="fcbb076d-21c9-d2c8-8141-56d340d67c02" executionId="4e375634-ecc6-4396-9eb3-70de53a2aef2" testListId="8c84fa94-04c1-424b-9868-57a2d4851a1d" />
    <TestEntry testId="5ce0e781-04f1-5244-6eeb-240f14509129" executionId="be317586-f6b7-468c-a400-7f419b11dae9" testListId="8c84fa94-04c1-424b-9868-57a2d4851a1d" />
    <TestEntry testId="541af543-8f89-e2a2-51fc-7ea5fad4d84e" executionId="af03a19b-98b4-4ee8-a5c2-c56af077d32c" testListId="8c84fa94-04c1-424b-9868-57a2d4851a1d" />
    <TestEntry testId="668a7b7c-485c-e1be-eac6-0f37f9c5a345" executionId="c57de3fa-35f5-4f1c-91c4-b076714ad95b" testListId="8c84fa94-04c1-424b-9868-57a2d4851a1d" />
    <TestEntry testId="e93f2b21-5e31-59e0-249b-2d22eb67c653" executionId="e377b152-994f-458b-bb80-d7936495c614" testListId="8c84fa94-04c1-424b-9868-57a2d4851a1d" />
    <TestEntry testId="93692a07-3a10-4489-765e-ef79d18cf4d4" executionId="49bde44a-f474-4e67-b63b-058b5ddff9c7" testListId="8c84fa94-04c1-424b-9868-57a2d4851a1d" />
    <TestEntry testId="e5961fd2-e26a-dc01-53b6-9e6df31d3e56" executionId="20f80a98-2a41-4015-9c7e-c5936c07f2be" testListId="8c84fa94-04c1-424b-9868-57a2d4851a1d" />
    <TestEntry testId="9e0f7694-4c12-cabb-5030-0f3a25dfbb2b" executionId="1aab720b-2691-4bab-9706-31734d17c1c8" testListId="8c84fa94-04c1-424b-9868-57a2d4851a1d" />
    <TestEntry testId="bf5b2f00-facc-927a-e231-7629bc663203" executionId="dd2c1651-04ae-4325-92c5-a4bf241ee578" testListId="8c84fa94-04c1-424b-9868-57a2d4851a1d" />
    <TestEntry testId="40f611b9-74bd-86c9-77cc-098126b9a943" executionId="d1c60b16-be93-463d-8606-6a2478f641bc" testListId="8c84fa94-04c1-424b-9868-57a2d4851a1d" />
    <TestEntry testId="3a4d61c6-1dc3-0bdf-c7d5-0384c8954cbd" executionId="a5a70996-9095-4579-ba21-c9d58551bcdc" testListId="8c84fa94-04c1-424b-9868-57a2d4851a1d" />
    <TestEntry testId="8f3e0927-dc62-09dc-c947-424695b8bc40" executionId="632b2cc3-f744-4cac-9b18-e33881663ebe" testListId="8c84fa94-04c1-424b-9868-57a2d4851a1d" />
    <TestEntry testId="f433ef44-22f0-31c9-303b-7dece7f9527e" executionId="fc6d48a2-bdae-4b3d-8e66-b5d9ef2116a3" testListId="8c84fa94-04c1-424b-9868-57a2d4851a1d" />
    <TestEntry testId="8315ca7a-a894-4faa-3758-d8c41ad7cc82" executionId="a43b627a-9b12-4ad8-9813-54c49e51b8fc" testListId="8c84fa94-04c1-424b-9868-57a2d4851a1d" />
    <TestEntry testId="a8162811-15bd-d3de-ec39-97d82066ae3d" executionId="a3f4c92f-88b3-4b84-8d51-b8d652fb6897" testListId="8c84fa94-04c1-424b-9868-57a2d4851a1d" />
    <TestEntry testId="414c5895-8dd8-94f9-72cb-0d89388d009c" executionId="f77f5084-53ce-4284-b5f5-0e6d6bd5f715" testListId="8c84fa94-04c1-424b-9868-57a2d4851a1d" />
    <TestEntry testId="1eb1dc9e-0313-f642-c091-1fcc25a2d80c" executionId="ce3ca47d-0709-49f0-b02c-3e48676f48c5" testListId="8c84fa94-04c1-424b-9868-57a2d4851a1d" />
    <TestEntry testId="ebbe7258-4b65-15e9-219f-9eb6e860514c" executionId="70800089-b0b4-4368-ac30-8b4116d4e0b8" testListId="8c84fa94-04c1-424b-9868-57a2d4851a1d" />
    <TestEntry testId="8084e41d-d0c2-8e1f-49b3-a67abb097eef" executionId="7aba2419-66cf-42f7-a395-9f12d3c4427b" testListId="8c84fa94-04c1-424b-9868-57a2d4851a1d" />
    <TestEntry testId="a64f7a70-ec8c-8ab6-7e45-ca9fa7e2c2a4" executionId="d27a2750-9297-483b-a819-5830b3c78f2d" testListId="8c84fa94-04c1-424b-9868-57a2d4851a1d" />
    <TestEntry testId="c05e47c4-61d6-49b1-3d85-b74a1ff92020" executionId="12a23643-c606-4276-ab31-1b9abdf794be" testListId="8c84fa94-04c1-424b-9868-57a2d4851a1d" />
    <TestEntry testId="2c767513-d46b-25c9-8b79-070556151a0d" executionId="22777778-3ff4-43ee-839e-2fb62fc5635f" testListId="8c84fa94-04c1-424b-9868-57a2d4851a1d" />
    <TestEntry testId="805392f0-f3e7-2021-caac-8cfa4d85f84a" executionId="d931c8f2-5be0-4e68-930f-1cf5e8b2312a" testListId="8c84fa94-04c1-424b-9868-57a2d4851a1d" />
    <TestEntry testId="d6559df8-87d0-bb20-8032-f0a4e10719d7" executionId="d2dc902b-ab11-4ef8-8f86-f32360eae973" testListId="8c84fa94-04c1-424b-9868-57a2d4851a1d" />
    <TestEntry testId="c59043ee-e462-ae6f-68e0-aa6381ac3c86" executionId="4ab101a6-a530-4eff-9943-e18cdf6fcafd" testListId="8c84fa94-04c1-424b-9868-57a2d4851a1d" />
    <TestEntry testId="32b5e401-b422-8929-2a74-c85e3600dd70" executionId="e1980557-0c96-45da-b07d-c64779efd5d3" testListId="8c84fa94-04c1-424b-9868-57a2d4851a1d" />
    <TestEntry testId="30519e59-52c0-4abe-69e5-75fce80dd98b" executionId="35eabbad-28bd-484c-8b80-12f186774f3a" testListId="8c84fa94-04c1-424b-9868-57a2d4851a1d" />
    <TestEntry testId="30e80c89-c117-83fc-53e9-5be5181f841c" executionId="529db635-6359-4a3f-97db-0f1b52340fa0" testListId="8c84fa94-04c1-424b-9868-57a2d4851a1d" />
    <TestEntry testId="4cab5b13-e57d-d862-8721-f8c86a15bdbf" executionId="5a04fc36-4599-4e1e-8617-5c7383bac2fe" testListId="8c84fa94-04c1-424b-9868-57a2d4851a1d" />
    <TestEntry testId="79018515-d745-dd30-fc15-5ab9418fb22e" executionId="9272e90d-094d-43a8-b237-adeeff257bc2" testListId="8c84fa94-04c1-424b-9868-57a2d4851a1d" />
    <TestEntry testId="5af855bd-1073-0abf-ad45-fc121c142707" executionId="d76e1af0-a532-466f-a50c-b6d6cd8df932" testListId="8c84fa94-04c1-424b-9868-57a2d4851a1d" />
    <TestEntry testId="804c2963-7737-e632-84f9-347e567fabca" executionId="35f55339-392f-4729-b9a5-65a177c57ad5" testListId="8c84fa94-04c1-424b-9868-57a2d4851a1d" />
    <TestEntry testId="8ae8a56f-860e-70a2-1edd-b4adad04ade1" executionId="55415466-03c3-4dac-8179-216ab88d7bdb" testListId="8c84fa94-04c1-424b-9868-57a2d4851a1d" />
    <TestEntry testId="96ff7aa1-841c-ccfd-6ea5-bb02ee21f492" executionId="6d76c4c8-05a6-4395-ae72-df9a0813b3ef" testListId="8c84fa94-04c1-424b-9868-57a2d4851a1d" />
    <TestEntry testId="90272f82-6dbb-9ffb-b9a3-664aee5c00a3" executionId="12d3cadd-aec7-499b-93df-49bcc48dc37f" testListId="8c84fa94-04c1-424b-9868-57a2d4851a1d" />
    <TestEntry testId="9c3bf906-36ef-3f5d-6689-5fb9e3aa8d47" executionId="309da9fe-d672-4987-a2df-96035aff0b54" testListId="8c84fa94-04c1-424b-9868-57a2d4851a1d" />
    <TestEntry testId="af830802-23e2-0c4d-f3f5-18aa300eb661" executionId="ce5b503f-1076-4203-8730-3677367ecb50" testListId="8c84fa94-04c1-424b-9868-57a2d4851a1d" />
    <TestEntry testId="da9bdaf7-bb7b-c4ed-24c1-5ff24e912e57" executionId="f2649897-97c4-413c-a389-78d79f0afa99" testListId="8c84fa94-04c1-424b-9868-57a2d4851a1d" />
    <TestEntry testId="82a5b9a3-0552-89d0-c528-c8a8c76f5d9f" executionId="d061feed-e887-4394-962b-a9b1f7b5964b" testListId="8c84fa94-04c1-424b-9868-57a2d4851a1d" />
    <TestEntry testId="889d4bac-a87a-c9c2-145c-f024ddbd129b" executionId="acbb6b44-b477-486b-a59d-2ba2b8777804" testListId="8c84fa94-04c1-424b-9868-57a2d4851a1d" />
    <TestEntry testId="e8468c0c-a545-5d16-c11f-86ec8e232404" executionId="01ec1be3-3ef1-4f76-81ac-567802e78b2a" testListId="8c84fa94-04c1-424b-9868-57a2d4851a1d" />
    <TestEntry testId="1482937b-f549-7dda-39ff-c1d0353b5bf2" executionId="2bd801a3-7e0c-452c-a604-ef3a2e292b63" testListId="8c84fa94-04c1-424b-9868-57a2d4851a1d" />
    <TestEntry testId="21e526f6-3a3a-f300-e830-472a0f6e7a82" executionId="f139a552-41d8-492f-88fb-502e27286aac" testListId="8c84fa94-04c1-424b-9868-57a2d4851a1d" />
    <TestEntry testId="dd9bb228-d729-118d-1416-75302d26e796" executionId="f781d29b-8bd4-4723-9128-482b7240e111" testListId="8c84fa94-04c1-424b-9868-57a2d4851a1d" />
    <TestEntry testId="b48b0061-7548-695a-aa72-eca672007f65" executionId="60d06957-cba6-48d2-8b08-6626890099c5" testListId="8c84fa94-04c1-424b-9868-57a2d4851a1d" />
    <TestEntry testId="e8ac92b2-fcd9-2dc0-f713-3c2cf3bb77c1" executionId="068c64fa-39a3-49dd-b18a-7acebd8aa5e6" testListId="8c84fa94-04c1-424b-9868-57a2d4851a1d" />
    <TestEntry testId="e58ef73c-b84c-961f-61e3-72952cd8cb8c" executionId="e9aceac3-9cdd-4dba-ab0f-cc134870842e" testListId="8c84fa94-04c1-424b-9868-57a2d4851a1d" />
    <TestEntry testId="c15be519-b8fe-48e7-7703-7b1ac1a61e7f" executionId="455e14fa-9a69-4def-a28f-9253467ae29e" testListId="8c84fa94-04c1-424b-9868-57a2d4851a1d" />
    <TestEntry testId="6f2af74d-bdba-e05e-77aa-b08f726c1ddf" executionId="68e84f73-6b5b-4afc-b5db-faf9a343d21d" testListId="8c84fa94-04c1-424b-9868-57a2d4851a1d" />
    <TestEntry testId="eefcc86b-2e92-5256-d34c-9049a6da9154" executionId="944e2406-ecad-4a9a-b6b4-cbe0c4933948" testListId="8c84fa94-04c1-424b-9868-57a2d4851a1d" />
    <TestEntry testId="74b12ceb-cf40-5593-824a-dd52f181db32" executionId="d5463059-4a11-4aa4-a837-89b03da6d19f" testListId="8c84fa94-04c1-424b-9868-57a2d4851a1d" />
    <TestEntry testId="f1b429c9-236c-37a4-5790-ad48b8bcac95" executionId="a57a14c2-bc89-4621-b312-adbb84d668da" testListId="8c84fa94-04c1-424b-9868-57a2d4851a1d" />
    <TestEntry testId="bd62b9df-9183-e39d-353c-d0a2ca44c2da" executionId="4e355c03-7ffb-4a13-a067-7677ff65a429" testListId="8c84fa94-04c1-424b-9868-57a2d4851a1d" />
    <TestEntry testId="b391819c-9b61-5619-1c97-a7d68c4b7e89" executionId="7d01f6a2-51df-4cd9-ab7f-9962ef53d8a5" testListId="8c84fa94-04c1-424b-9868-57a2d4851a1d" />
    <TestEntry testId="cc5dfcab-4777-b980-4145-e6c140db897c" executionId="2240a7e4-5e58-4b6e-9da0-2965f533e60c" testListId="8c84fa94-04c1-424b-9868-57a2d4851a1d" />
    <TestEntry testId="1e01348f-4956-9c30-5322-aed75f85144b" executionId="51102ee8-60a8-4f97-abaa-ef9b83ca5710" testListId="8c84fa94-04c1-424b-9868-57a2d4851a1d" />
    <TestEntry testId="90a2670f-70e3-342d-ffb1-12b2148b7041" executionId="d778e46d-adb3-4e7a-b56e-dd91358c5560" testListId="8c84fa94-04c1-424b-9868-57a2d4851a1d" />
    <TestEntry testId="9a98e390-44f3-131c-5fc0-966dedface8e" executionId="b1a2e4c0-89a9-4a89-8a2c-ef09eb661434" testListId="8c84fa94-04c1-424b-9868-57a2d4851a1d" />
    <TestEntry testId="c05a4d86-1b95-1726-01bd-7b1791261baa" executionId="8663b2b6-0afa-4424-91ff-09e2639583b0" testListId="8c84fa94-04c1-424b-9868-57a2d4851a1d" />
    <TestEntry testId="88c7ce2e-851c-95ac-24f9-c8ee7cf94eac" executionId="90715f66-d0f8-4d4f-8a27-a4243a565030" testListId="8c84fa94-04c1-424b-9868-57a2d4851a1d" />
    <TestEntry testId="6e4090e6-94bd-7c50-aeb3-2559b9307fcd" executionId="7677003c-aa4b-42e2-ab05-4b9acbc13a1d" testListId="8c84fa94-04c1-424b-9868-57a2d4851a1d" />
    <TestEntry testId="ec6e182c-c60a-0650-a430-7ebc2fa1ec79" executionId="b07b3b72-ee47-489f-b295-7637a58fa45f" testListId="8c84fa94-04c1-424b-9868-57a2d4851a1d" />
    <TestEntry testId="868cf503-fe08-eed0-d324-72014e5624ab" executionId="1d618fc1-684a-4fcf-a2dd-a3acc7c3b705" testListId="8c84fa94-04c1-424b-9868-57a2d4851a1d" />
    <TestEntry testId="de470450-f311-009d-203e-62ec8452adf9" executionId="84d6e4b0-4970-4839-9247-79768033d81a" testListId="8c84fa94-04c1-424b-9868-57a2d4851a1d" />
    <TestEntry testId="2b2cdfa0-61df-f232-7682-12c2c86c587b" executionId="57f0012a-eaa9-41ff-a486-b26d23b8456d" testListId="8c84fa94-04c1-424b-9868-57a2d4851a1d" />
    <TestEntry testId="6a5b7ab3-aa94-4efe-2c3f-1fc918bed002" executionId="221056dd-0adb-497c-883d-600e4e9088a7" testListId="8c84fa94-04c1-424b-9868-57a2d4851a1d" />
    <TestEntry testId="2d11d0f1-64a8-482c-f6c9-1576aff1fea5" executionId="93690add-3fd7-491a-b1dc-3b98e5a456d4" testListId="8c84fa94-04c1-424b-9868-57a2d4851a1d" />
    <TestEntry testId="21aacc52-5297-f44e-aad6-4de7a3bc1c17" executionId="b510fb8f-47e4-41da-9915-c7bcb423031f" testListId="8c84fa94-04c1-424b-9868-57a2d4851a1d" />
    <TestEntry testId="0daed256-eb5b-ff97-e9ff-02ba280c96b0" executionId="19b0002d-531e-4c1c-b30e-1c2b1779731f" testListId="8c84fa94-04c1-424b-9868-57a2d4851a1d" />
    <TestEntry testId="ea0e0dc8-9c54-bf6a-2be9-fcc231898886" executionId="dc4ab368-2e9a-4733-9eaf-b2897f8a8239" testListId="8c84fa94-04c1-424b-9868-57a2d4851a1d" />
    <TestEntry testId="e752e0ff-bfc6-c186-6be7-f4690c294e87" executionId="a10e3fd7-bf85-44e4-b4d0-f63b8eff8e80" testListId="8c84fa94-04c1-424b-9868-57a2d4851a1d" />
    <TestEntry testId="2983b511-4ca5-aad7-7122-726ddf02d399" executionId="e6067e98-85b3-423c-8cbc-33914e2d6fa6" testListId="8c84fa94-04c1-424b-9868-57a2d4851a1d" />
    <TestEntry testId="d398ef55-2762-6fec-9ad2-1f14cb2a9d60" executionId="44684421-5bbf-448c-a3e6-acaadb806fef" testListId="8c84fa94-04c1-424b-9868-57a2d4851a1d" />
    <TestEntry testId="09fedadb-5b36-4c66-a01b-eb732d278266" executionId="cbe64149-6900-4e81-8f31-cfd857774cd5" testListId="8c84fa94-04c1-424b-9868-57a2d4851a1d" />
    <TestEntry testId="618c093b-a0b6-05a6-fc06-deebeffd4e3d" executionId="cd59abd8-aca8-409a-a179-41c2233ea2d4" testListId="8c84fa94-04c1-424b-9868-57a2d4851a1d" />
    <TestEntry testId="12453e35-9e6c-1895-86bb-d53b925cb8c9" executionId="1be6568f-a8d9-4640-a46d-3770a9eb7e37" testListId="8c84fa94-04c1-424b-9868-57a2d4851a1d" />
    <TestEntry testId="7686eb08-d24a-c580-7754-5f201e5cc693" executionId="3c9a448a-9bb6-4aff-bf6b-a0e2a81d2f08" testListId="8c84fa94-04c1-424b-9868-57a2d4851a1d" />
    <TestEntry testId="bdfc35c1-636f-aaf9-5506-e97d44bad92c" executionId="94d8971b-5da5-4bf0-a316-fcd3fae15c0a" testListId="8c84fa94-04c1-424b-9868-57a2d4851a1d" />
    <TestEntry testId="4bd213a5-298f-25c6-c1c0-a6bf89fe9c65" executionId="cadb04e9-1435-436a-8322-e37962562645" testListId="8c84fa94-04c1-424b-9868-57a2d4851a1d" />
    <TestEntry testId="2575271e-e34f-00c6-8d80-4ebf0bf67d06" executionId="1dba69ba-3395-4bd4-9994-df378c346f95" testListId="8c84fa94-04c1-424b-9868-57a2d4851a1d" />
    <TestEntry testId="654a7cf9-90b9-03f9-bc66-64198ac9caf1" executionId="8aa3436d-4d58-4a51-ab41-4243edc3336a" testListId="8c84fa94-04c1-424b-9868-57a2d4851a1d" />
    <TestEntry testId="7fb5739f-7a0e-9d63-4cc0-4564c77d7249" executionId="d347bb7f-cea0-4737-96a8-a6b9cdccc37d" testListId="8c84fa94-04c1-424b-9868-57a2d4851a1d" />
    <TestEntry testId="7e481df7-029e-9d77-33ba-d4462cdb83bc" executionId="2af7a1b7-2c68-4501-a0e8-3125aaee8f09" testListId="8c84fa94-04c1-424b-9868-57a2d4851a1d" />
    <TestEntry testId="a85a1362-1754-70cf-33fa-4ae7e0463bc7" executionId="ae7751d5-dbb1-49a4-aba7-79308ad5fefe" testListId="8c84fa94-04c1-424b-9868-57a2d4851a1d" />
    <TestEntry testId="43fa12a9-d1b1-aa83-498c-58e3064824e3" executionId="a91ebd88-a3ea-4a38-a749-b1211f47c4b2" testListId="8c84fa94-04c1-424b-9868-57a2d4851a1d" />
    <TestEntry testId="5c99a102-e3d2-3ea7-d358-687ae3a56806" executionId="60afe9be-ef2c-4b24-b97f-f2ca8768fb08" testListId="8c84fa94-04c1-424b-9868-57a2d4851a1d" />
    <TestEntry testId="dac52339-d9a8-d082-49c1-4cb11ce915ee" executionId="7d5f22c4-96f9-4e9e-88fa-9811f20a251b" testListId="8c84fa94-04c1-424b-9868-57a2d4851a1d" />
    <TestEntry testId="3d1a6672-4657-c0b5-09b7-40d121d78ad6" executionId="1bd36b30-69a3-4bf6-9230-744e471ff297" testListId="8c84fa94-04c1-424b-9868-57a2d4851a1d" />
    <TestEntry testId="96d51fc2-2cbe-e312-cc7e-6899f3431cc7" executionId="db223012-f299-4744-8bb2-d3d39b003314" testListId="8c84fa94-04c1-424b-9868-57a2d4851a1d" />
    <TestEntry testId="4b5c9b24-d906-a00f-3905-ed5f0c9f240a" executionId="ae7b3a05-3d47-4b5f-8d26-3506e09f9e31" testListId="8c84fa94-04c1-424b-9868-57a2d4851a1d" />
    <TestEntry testId="36835451-4db1-a03e-109f-0d92dfb22aba" executionId="108e55b5-16d9-46db-9247-228121648f5e" testListId="8c84fa94-04c1-424b-9868-57a2d4851a1d" />
    <TestEntry testId="1236ba87-a4f6-ba2a-15ac-ff768f66c54a" executionId="2cfbf5ca-ef10-4949-8ce2-389849ca6e96" testListId="8c84fa94-04c1-424b-9868-57a2d4851a1d" />
    <TestEntry testId="07804473-e40a-283c-1bf0-1e8f6fcff5c4" executionId="a89a7abe-dd30-42a3-882a-6aa1e32bbc97" testListId="8c84fa94-04c1-424b-9868-57a2d4851a1d" />
    <TestEntry testId="21519acc-d56e-4959-c4c3-f48c7006fe27" executionId="89b77d5d-2153-4b18-913c-a29c19d63d13" testListId="8c84fa94-04c1-424b-9868-57a2d4851a1d" />
    <TestEntry testId="7f5e70aa-3433-9bd7-8428-635b93dfaeb5" executionId="1ea3be0d-391f-4880-a473-2e6866b2cb8c" testListId="8c84fa94-04c1-424b-9868-57a2d4851a1d" />
    <TestEntry testId="0b769e09-4f15-c038-2979-f712635df491" executionId="8ee0a033-35a8-40fe-ba44-9dc5a43446a1" testListId="8c84fa94-04c1-424b-9868-57a2d4851a1d" />
    <TestEntry testId="fd660d88-e617-79d3-f7ee-c5b3a97b4585" executionId="07375671-8c75-4e8e-a874-a2b2624716a8" testListId="8c84fa94-04c1-424b-9868-57a2d4851a1d" />
    <TestEntry testId="139930e6-1293-1333-f3aa-a935221ee7d5" executionId="29b24673-fef0-4cbb-b86b-baf74586e5eb" testListId="8c84fa94-04c1-424b-9868-57a2d4851a1d" />
    <TestEntry testId="0c1e1d3a-ed1f-c93a-037d-77d586b8b565" executionId="f10ba876-ca23-4514-9ebb-9118df6ddc2b" testListId="8c84fa94-04c1-424b-9868-57a2d4851a1d" />
    <TestEntry testId="ea4cc4d0-6ac5-366c-ac2d-a5c2c9cb07e6" executionId="23dbf374-47ef-492c-9540-7ee4564007b0" testListId="8c84fa94-04c1-424b-9868-57a2d4851a1d" />
    <TestEntry testId="d899ee47-abaf-a792-651a-fda6e7e8076a" executionId="8fe1968c-6415-48b0-86ff-e35f28da70d7" testListId="8c84fa94-04c1-424b-9868-57a2d4851a1d" />
    <TestEntry testId="60300bdb-ae50-3bc0-5350-bcb4f9396c0e" executionId="d718157f-5701-4c2e-a52f-656de6191daf" testListId="8c84fa94-04c1-424b-9868-57a2d4851a1d" />
    <TestEntry testId="a161a748-55e5-1a5b-e899-d06d498d802c" executionId="bae1e449-00c7-4a0f-9c72-c0c8a45d2646" testListId="8c84fa94-04c1-424b-9868-57a2d4851a1d" />
    <TestEntry testId="eb170641-3426-e971-0f6b-76c99ea56069" executionId="98302b26-a9b2-4c87-b3c6-6d422e5d5619" testListId="8c84fa94-04c1-424b-9868-57a2d4851a1d" />
    <TestEntry testId="399501bc-ecba-b1ca-b26c-0035e5a7aa53" executionId="e71d3afe-2e6e-4b84-a8dd-c996687465fd" testListId="8c84fa94-04c1-424b-9868-57a2d4851a1d" />
    <TestEntry testId="f11fb068-5020-6fdd-64d4-9eae97e7b7c3" executionId="647d51e1-4384-414e-b61f-06fd3c2f4c44" testListId="8c84fa94-04c1-424b-9868-57a2d4851a1d" />
    <TestEntry testId="65073782-d14b-7acc-ac1b-4140ad46eef8" executionId="8362770b-ab84-4add-a769-6926a6dbe908" testListId="8c84fa94-04c1-424b-9868-57a2d4851a1d" />
    <TestEntry testId="3434e15a-2768-efbc-7e19-fea38f3ae373" executionId="8e89226c-cc46-47e7-8021-1e181b80899e" testListId="8c84fa94-04c1-424b-9868-57a2d4851a1d" />
    <TestEntry testId="d44d55cb-b29b-7590-3980-4d0ce2902600" executionId="b516ab0a-1e28-4487-ab8b-a0c8bf6cf288" testListId="8c84fa94-04c1-424b-9868-57a2d4851a1d" />
    <TestEntry testId="1fc86256-4383-79f5-2623-3a4a27ec4fd7" executionId="ef7830a3-578f-4ef4-be05-a28754470a7a" testListId="8c84fa94-04c1-424b-9868-57a2d4851a1d" />
    <TestEntry testId="64b0134b-ebd0-fae9-7bd6-e6237d9640de" executionId="1c50e443-7b9b-4cc2-b44a-a1ea8c8a6f6e" testListId="8c84fa94-04c1-424b-9868-57a2d4851a1d" />
    <TestEntry testId="76e6ff63-d7eb-f665-d9fe-8f8739285ff9" executionId="fd21b75e-5a2c-4856-a403-72ca538c2736" testListId="8c84fa94-04c1-424b-9868-57a2d4851a1d" />
    <TestEntry testId="d6b02c69-a6ef-0109-3a3b-2890f16309c7" executionId="7e8a13a0-9d83-404c-9959-a0139fb5d86a" testListId="8c84fa94-04c1-424b-9868-57a2d4851a1d" />
    <TestEntry testId="c2c45a93-efa1-bb0e-351a-c58499dc22c7" executionId="30b679a1-cba9-4e38-aff1-3959504f18aa" testListId="8c84fa94-04c1-424b-9868-57a2d4851a1d" />
    <TestEntry testId="1b922494-8fe6-7989-fdba-e8485055ed6f" executionId="cd6e3d0c-f923-4c51-947f-6c13e4e2487e" testListId="8c84fa94-04c1-424b-9868-57a2d4851a1d" />
    <TestEntry testId="080800ed-e6da-eef9-42ef-0179d68c4004" executionId="0acd8258-146d-413e-b6cf-2458ef5819a8" testListId="8c84fa94-04c1-424b-9868-57a2d4851a1d" />
    <TestEntry testId="619f6d51-fe63-6aad-4d71-b62b6294bc5d" executionId="31ec1c96-adb0-45b1-b322-db9fc8dc8e01" testListId="8c84fa94-04c1-424b-9868-57a2d4851a1d" />
    <TestEntry testId="ef9bc618-0b6a-337d-f408-8cefa3f67ba7" executionId="bbb15ec6-4f5b-4a56-b1ec-10daca8cd2df" testListId="8c84fa94-04c1-424b-9868-57a2d4851a1d" />
    <TestEntry testId="1ce6e954-84ed-5a50-7c66-ce4fb6384d66" executionId="0449b581-c869-48a9-9dfe-99d007d7e022" testListId="8c84fa94-04c1-424b-9868-57a2d4851a1d" />
    <TestEntry testId="b09c7353-a02d-ff9f-8437-0ec01da8590a" executionId="e3eabbc9-a48f-49ae-8faa-93bab0237b43" testListId="8c84fa94-04c1-424b-9868-57a2d4851a1d" />
    <TestEntry testId="bf3be38d-fccb-d51d-c680-813aa0d77baa" executionId="fd95fecc-e0ee-4513-88f9-fd0e896c75b2" testListId="8c84fa94-04c1-424b-9868-57a2d4851a1d" />
    <TestEntry testId="8f92c43f-5727-bf2b-415e-cb82964ac302" executionId="0a0544da-8451-476d-91af-ef35199e5ae2" testListId="8c84fa94-04c1-424b-9868-57a2d4851a1d" />
    <TestEntry testId="ee6b4773-1394-989c-cdb7-f8b064821acb" executionId="5c90fcda-e2e5-4f39-986c-dd1418f24358" testListId="8c84fa94-04c1-424b-9868-57a2d4851a1d" />
    <TestEntry testId="6e083e3d-bf62-ee30-d2f0-b17d35c633ea" executionId="79f1ac60-e19b-497a-82ab-8794e43f6e4b" testListId="8c84fa94-04c1-424b-9868-57a2d4851a1d" />
    <TestEntry testId="0f6413c0-cc42-e14e-f2e9-6c1a7fb644a7" executionId="809c033d-174f-4339-8f09-111195765749" testListId="8c84fa94-04c1-424b-9868-57a2d4851a1d" />
    <TestEntry testId="79bbf345-4c1f-d3ec-6206-5d160bd2b4aa" executionId="d61c10c7-3f61-45d4-9b61-4daf8a66cd09" testListId="8c84fa94-04c1-424b-9868-57a2d4851a1d" />
    <TestEntry testId="6dff7af6-6d16-8dba-ea01-3eb9769c2e7a" executionId="64cfb598-24a0-4821-a7f0-810c68d0ca62" testListId="8c84fa94-04c1-424b-9868-57a2d4851a1d" />
    <TestEntry testId="3d56290e-3e3f-353b-dfc8-249444061e6c" executionId="985a4c31-09b2-48b1-9af6-64c443e925ae" testListId="8c84fa94-04c1-424b-9868-57a2d4851a1d" />
    <TestEntry testId="d1e0da8d-6305-778c-2487-62302266275e" executionId="cabb700e-538f-4669-ae4b-8b4b82b34a4e" testListId="8c84fa94-04c1-424b-9868-57a2d4851a1d" />
    <TestEntry testId="20a57555-9cb1-ba41-e79f-7fc0c85fb0e9" executionId="bc60ff59-fa25-4578-b7e4-74837bfa74ca" testListId="8c84fa94-04c1-424b-9868-57a2d4851a1d" />
    <TestEntry testId="47b928b9-6c48-7599-b49a-10b524a65d0b" executionId="cf42e66e-095a-4d43-b89b-0d936a7683fe" testListId="8c84fa94-04c1-424b-9868-57a2d4851a1d" />
    <TestEntry testId="1d0e5606-0b8d-94c1-50c1-0642b9810496" executionId="785113fe-8c15-44d5-b901-bc162c3badbf" testListId="8c84fa94-04c1-424b-9868-57a2d4851a1d" />
    <TestEntry testId="293285b5-f787-ce9d-2c40-45d537374ac6" executionId="39c3c723-7638-4c99-b3f3-cb1ce7633e57" testListId="8c84fa94-04c1-424b-9868-57a2d4851a1d" />
    <TestEntry testId="844dbd09-3e1b-ba6e-1295-725984dabbdb" executionId="d440fa2e-2bb5-4011-ae37-c290bb7f6af2" testListId="8c84fa94-04c1-424b-9868-57a2d4851a1d" />
    <TestEntry testId="6e2943e4-1567-7531-b5b0-13aaeb4e80e3" executionId="ddcc3b90-20ff-4fd6-a1d2-2431b7814fc4" testListId="8c84fa94-04c1-424b-9868-57a2d4851a1d" />
    <TestEntry testId="96f1c2c4-5dc5-dea5-6196-eb11056b2deb" executionId="95547ce7-e659-40d5-9043-6bdd0870fbbf" testListId="8c84fa94-04c1-424b-9868-57a2d4851a1d" />
    <TestEntry testId="9229072f-c39c-5db3-f28b-10c8f4ae4c45" executionId="27abd97e-243f-4b13-a26e-aea006e774f2" testListId="8c84fa94-04c1-424b-9868-57a2d4851a1d" />
    <TestEntry testId="305837e1-d44c-5663-004e-044ac561be36" executionId="999fa227-f56c-464f-8777-80c6e2861377" testListId="8c84fa94-04c1-424b-9868-57a2d4851a1d" />
    <TestEntry testId="1e4e191e-63c7-1f37-201c-8fde2757768d" executionId="df9dab8d-0414-4d73-948a-c6e994f3c462" testListId="8c84fa94-04c1-424b-9868-57a2d4851a1d" />
    <TestEntry testId="b1896dd7-6634-6c9f-92ab-cd4904bba1dc" executionId="b183dfe3-d085-4c2e-9a60-81b6e5ae1198" testListId="8c84fa94-04c1-424b-9868-57a2d4851a1d" />
    <TestEntry testId="ad39a2a8-a877-88dd-b965-d88ff03cb3d9" executionId="a3656d94-fdf5-43f9-b894-77302bdc797f" testListId="8c84fa94-04c1-424b-9868-57a2d4851a1d" />
    <TestEntry testId="871f6ec2-6973-6f3c-2bf4-5a51a50a4cf2" executionId="1e313afc-aa0e-4ca3-938c-49d5ba8b5151" testListId="8c84fa94-04c1-424b-9868-57a2d4851a1d" />
    <TestEntry testId="de4de35b-27a7-9209-5227-b270da191793" executionId="826156e1-143b-4bce-a89b-69780c6b2e05" testListId="8c84fa94-04c1-424b-9868-57a2d4851a1d" />
    <TestEntry testId="fa078946-dda0-6ffb-816c-44fe3d4e229d" executionId="cbcff0eb-6206-4f4d-8a21-ef269d2a9613" testListId="8c84fa94-04c1-424b-9868-57a2d4851a1d" />
    <TestEntry testId="bf1206bb-c315-791a-6716-b4026aff80ac" executionId="1a4d5e35-8f1e-4ce5-8e67-ff5a6bfe7df1" testListId="8c84fa94-04c1-424b-9868-57a2d4851a1d" />
    <TestEntry testId="3d16cbad-c2c8-7173-4e8d-8cb40ee97619" executionId="463ce9f7-4dfc-40a0-9df3-7107ee14726d" testListId="8c84fa94-04c1-424b-9868-57a2d4851a1d" />
    <TestEntry testId="0a158be2-3d0e-91be-dc79-b834318d6106" executionId="b3b830d0-610b-4bad-8366-9fbeca4cc751" testListId="8c84fa94-04c1-424b-9868-57a2d4851a1d" />
    <TestEntry testId="5d87446d-b17e-e82f-a4a3-ee27c1dfacd1" executionId="1fcbf409-523a-43fe-8a89-770d1a969f14" testListId="8c84fa94-04c1-424b-9868-57a2d4851a1d" />
    <TestEntry testId="c1ccc07e-0232-8793-44eb-68dba00ee95d" executionId="6c75d6bf-a197-4264-8327-1ec34ec3407b" testListId="8c84fa94-04c1-424b-9868-57a2d4851a1d" />
    <TestEntry testId="46ae3a22-8d3d-7e4f-8a5b-87f63b36d2e9" executionId="5b269a70-7312-4793-a807-4939c6d85afe" testListId="8c84fa94-04c1-424b-9868-57a2d4851a1d" />
    <TestEntry testId="8601fe89-72a2-9ba5-8e62-8c183b00fe8c" executionId="d5c82dba-e683-40bd-8f1e-102d6b1fdc07" testListId="8c84fa94-04c1-424b-9868-57a2d4851a1d" />
    <TestEntry testId="f500837b-0f36-671a-c44b-b00267ce6d42" executionId="046551ec-e461-414c-8121-10d29cac06e9" testListId="8c84fa94-04c1-424b-9868-57a2d4851a1d" />
    <TestEntry testId="77c15838-368f-705c-d0c8-46e47de3c659" executionId="1732c4e8-114c-4985-9364-a4f5d8a881c4" testListId="8c84fa94-04c1-424b-9868-57a2d4851a1d" />
    <TestEntry testId="92fdd030-3856-bf25-d99c-4aebc9a73c44" executionId="d448ff00-51e3-4afc-836c-271756151597" testListId="8c84fa94-04c1-424b-9868-57a2d4851a1d" />
    <TestEntry testId="d05873bf-41ef-0bcf-a99f-bd7e3fdc9082" executionId="0ed9c7e6-ee1a-47f8-9e69-1b55e0174b72" testListId="8c84fa94-04c1-424b-9868-57a2d4851a1d" />
    <TestEntry testId="b88c7a93-5167-689b-3a6b-7ed6795729e1" executionId="2bc5a973-4aba-4e9d-aa8e-ace05df80971" testListId="8c84fa94-04c1-424b-9868-57a2d4851a1d" />
    <TestEntry testId="7cd2c95d-3a22-0d5c-c07f-69fa30ef94a1" executionId="2fa30278-5ede-48c8-be7d-a1d0f6672ee4" testListId="8c84fa94-04c1-424b-9868-57a2d4851a1d" />
    <TestEntry testId="20233fe2-b748-308d-725e-1b3b65fd4fc4" executionId="4d206b90-ba64-45fc-a7c9-20fad3ada1d1" testListId="8c84fa94-04c1-424b-9868-57a2d4851a1d" />
    <TestEntry testId="125978d4-3525-643c-7140-287b2e679bf8" executionId="0dd8970c-448b-4dda-9947-e796bdf16bc3" testListId="8c84fa94-04c1-424b-9868-57a2d4851a1d" />
    <TestEntry testId="26e0371b-a9ac-efb2-5c04-9498517c8a6b" executionId="9e5cc55e-63ed-4221-943f-b1b9ecb537ed" testListId="8c84fa94-04c1-424b-9868-57a2d4851a1d" />
    <TestEntry testId="4f82d922-22f6-d968-086c-9b41bf965fdc" executionId="f7261353-dc47-4ffa-a29c-5839832ecd0b" testListId="8c84fa94-04c1-424b-9868-57a2d4851a1d" />
    <TestEntry testId="58e16725-e739-c95e-f63b-6da9cd475080" executionId="1e13b78c-fe53-4222-a191-8fb716b4e075" testListId="8c84fa94-04c1-424b-9868-57a2d4851a1d" />
    <TestEntry testId="5ac412a9-7dd3-8fe0-5e94-070a00a25518" executionId="d3fc576b-614a-4f6b-ae9c-715f08089510" testListId="8c84fa94-04c1-424b-9868-57a2d4851a1d" />
    <TestEntry testId="fb65aff9-84a8-5b2a-92bd-f76bc29d120f" executionId="2a47ea35-2ff1-4c79-9a9f-5a2f107c2c12" testListId="8c84fa94-04c1-424b-9868-57a2d4851a1d" />
    <TestEntry testId="57bee112-0556-7c83-93f2-7bbc9c5cba59" executionId="f012dc52-660e-4ce8-95ab-f34295b13b75" testListId="8c84fa94-04c1-424b-9868-57a2d4851a1d" />
    <TestEntry testId="3508e587-4daf-8c1d-4c00-cda8ea38b43b" executionId="16d2d455-da7d-4a0e-9760-211e080d8a1f" testListId="8c84fa94-04c1-424b-9868-57a2d4851a1d" />
    <TestEntry testId="5a81ef7d-e348-ad91-56ea-2f873a9d2e52" executionId="0c2b86c5-5d09-40d6-b9b0-3bdd331e2a23" testListId="8c84fa94-04c1-424b-9868-57a2d4851a1d" />
    <TestEntry testId="1cfe0934-bee5-966a-0fdd-441157183564" executionId="c9648f6b-1e67-4000-ab61-3ae60f18942a" testListId="8c84fa94-04c1-424b-9868-57a2d4851a1d" />
    <TestEntry testId="3a3b003d-e9ff-947e-0664-bd777109fe74" executionId="794ce30d-8fce-4148-93be-7dc0bba98ef7" testListId="8c84fa94-04c1-424b-9868-57a2d4851a1d" />
    <TestEntry testId="f10e91e5-2148-35b8-c1cd-83b0c57e538b" executionId="e5e9f88c-029a-45b9-9c8c-d8b09863e29f" testListId="8c84fa94-04c1-424b-9868-57a2d4851a1d" />
    <TestEntry testId="b6380494-d08e-3475-91a8-7a07dd918969" executionId="e13c91df-3733-4a50-9a67-54a3586c6faf" testListId="8c84fa94-04c1-424b-9868-57a2d4851a1d" />
    <TestEntry testId="c0e3819c-6768-c5ab-434e-1fcaec4aa6ec" executionId="1290cf7a-46b5-4dc7-912f-628cc0be94e4" testListId="8c84fa94-04c1-424b-9868-57a2d4851a1d" />
    <TestEntry testId="751373aa-f5d7-686f-07af-6e8a9a9a3f1f" executionId="18fd67ea-ea51-4b69-92fb-bfda67de3cb7" testListId="8c84fa94-04c1-424b-9868-57a2d4851a1d" />
    <TestEntry testId="b789a227-1d2f-c14a-41cf-d52a7a553222" executionId="43e1962a-7970-453a-9efc-a789c53e40b7" testListId="8c84fa94-04c1-424b-9868-57a2d4851a1d" />
    <TestEntry testId="fde698c6-a194-d6bc-8c31-bc5b72af8298" executionId="b0d7acd3-4902-4bb9-88a5-8a47bb4252ad" testListId="8c84fa94-04c1-424b-9868-57a2d4851a1d" />
    <TestEntry testId="2d7b55ce-f568-7dde-659b-5f6dd5c4e10b" executionId="0a0eb84b-be09-40d3-a20f-37d947b7743b" testListId="8c84fa94-04c1-424b-9868-57a2d4851a1d" />
    <TestEntry testId="19b10478-a96f-f7e7-c2b8-f210ce21c3d4" executionId="0343000a-cb74-403c-b18b-f19eea0dc7ab" testListId="8c84fa94-04c1-424b-9868-57a2d4851a1d" />
    <TestEntry testId="d6cb1369-2679-afac-cddc-39c82a30eafa" executionId="a436e1f3-4bbd-45c3-a116-66b53d242fac" testListId="8c84fa94-04c1-424b-9868-57a2d4851a1d" />
    <TestEntry testId="7e3dbd79-3540-0180-3ab0-0107f747a8a4" executionId="cd9e4884-d9bf-4214-9b02-a32054b3b9de" testListId="8c84fa94-04c1-424b-9868-57a2d4851a1d" />
    <TestEntry testId="9be33bba-634e-2cc5-910a-418012d1f19f" executionId="a663a4e5-f939-4135-bc68-7dd3537c11cc" testListId="8c84fa94-04c1-424b-9868-57a2d4851a1d" />
    <TestEntry testId="acaeb9e2-224e-f43f-7505-888da6b80f9b" executionId="dd711add-093a-422d-977e-d4cec7df4516" testListId="8c84fa94-04c1-424b-9868-57a2d4851a1d" />
    <TestEntry testId="7aa7a744-f3f3-dbab-b444-2d9793ae0544" executionId="f6e8516b-ac70-4906-aeef-b826794d53ff" testListId="8c84fa94-04c1-424b-9868-57a2d4851a1d" />
    <TestEntry testId="2e6d5115-26cc-6226-264b-6222e4689761" executionId="af16dc29-90c3-42a4-a9f7-10ef69876b3f" testListId="8c84fa94-04c1-424b-9868-57a2d4851a1d" />
    <TestEntry testId="463ed80f-116f-24dc-3550-f13e45fe4889" executionId="6a8d7cd6-c22f-41c5-bd94-bb569f01de30" testListId="8c84fa94-04c1-424b-9868-57a2d4851a1d" />
    <TestEntry testId="ee341f6d-4feb-cbd8-824e-87dfe9d62513" executionId="ab6398bb-2d43-4ad6-aca8-92a164c59d82" testListId="8c84fa94-04c1-424b-9868-57a2d4851a1d" />
    <TestEntry testId="bfd791d4-3818-9f2c-b28d-53bbc42d1573" executionId="f6f0075d-5f6a-44f2-82fb-835f95be062f" testListId="8c84fa94-04c1-424b-9868-57a2d4851a1d" />
    <TestEntry testId="9a98835c-961c-47c7-7156-330b8e2ed1fa" executionId="7d6c5a56-ba5e-4db4-bb68-78faa978e44f" testListId="8c84fa94-04c1-424b-9868-57a2d4851a1d" />
    <TestEntry testId="e69a267a-e07a-22bf-4915-eae5a252f8b8" executionId="2f43f5f5-b2e6-4002-9ca2-17ffcc7dd928" testListId="8c84fa94-04c1-424b-9868-57a2d4851a1d" />
    <TestEntry testId="91cfec7e-ef42-5972-8313-05af41252d8d" executionId="08bed9b9-3858-4859-b02b-b2c1131dabf4" testListId="8c84fa94-04c1-424b-9868-57a2d4851a1d" />
    <TestEntry testId="ecf74651-4fc2-6bc3-0181-d2278e0bfbfa" executionId="419fca53-aec8-44be-ab44-d8b35d9211cd" testListId="8c84fa94-04c1-424b-9868-57a2d4851a1d" />
    <TestEntry testId="687e7059-e7b1-dddd-6cf1-c4b5cd5cad05" executionId="f9d82021-409f-46f9-929f-93a3947f748c" testListId="8c84fa94-04c1-424b-9868-57a2d4851a1d" />
    <TestEntry testId="4d993a4f-76c0-7cf9-2048-40644000ecc0" executionId="245d9072-a1a1-4a8b-92f5-b66fcc39fc83" testListId="8c84fa94-04c1-424b-9868-57a2d4851a1d" />
    <TestEntry testId="31116a68-3b0f-f28f-7f53-0333062fc887" executionId="25415933-74a7-41bc-9806-e9f76f5b2140" testListId="8c84fa94-04c1-424b-9868-57a2d4851a1d" />
    <TestEntry testId="add90257-7bfd-08af-414a-c1fd006f1b8f" executionId="b8ba42c5-e125-4494-9ce9-a28a82e3c860" testListId="8c84fa94-04c1-424b-9868-57a2d4851a1d" />
    <TestEntry testId="e36409e3-019e-24ac-3359-9d7af3a2aada" executionId="08463e02-01b9-4e1b-b61d-991e4595a702" testListId="8c84fa94-04c1-424b-9868-57a2d4851a1d" />
    <TestEntry testId="8499840e-abfc-164b-57b3-05d439aac484" executionId="933bd428-7de4-4c93-8666-04d2bab6d88e" testListId="8c84fa94-04c1-424b-9868-57a2d4851a1d" />
    <TestEntry testId="d1220843-958c-7092-38af-904c7c323e51" executionId="334a1d8d-556e-4503-b70f-0c346cd3f558" testListId="8c84fa94-04c1-424b-9868-57a2d4851a1d" />
    <TestEntry testId="c3df773c-1590-2c82-5cd8-cf0a4f3a6afc" executionId="502f0c8c-3caf-400e-bbf0-f0ebae7e4477" testListId="8c84fa94-04c1-424b-9868-57a2d4851a1d" />
    <TestEntry testId="405a6411-84b6-3693-5b46-0b5983feca5e" executionId="b3e21373-c938-4b9e-90d0-ed3603949c77" testListId="8c84fa94-04c1-424b-9868-57a2d4851a1d" />
    <TestEntry testId="b9540196-20ef-0b94-a46f-e6138983b660" executionId="c17675f6-56b1-42a4-83cb-fb82da2d32c8" testListId="8c84fa94-04c1-424b-9868-57a2d4851a1d" />
    <TestEntry testId="33ade990-1ccf-b0cf-8ab5-e10e49ad4630" executionId="0818e35d-40bf-4483-8b16-033b74da0164" testListId="8c84fa94-04c1-424b-9868-57a2d4851a1d" />
    <TestEntry testId="4eb0c9c9-741e-7fa6-9c80-5eed459fb9fe" executionId="710cd578-bbaa-4fe5-b8fa-be7069f1487e" testListId="8c84fa94-04c1-424b-9868-57a2d4851a1d" />
    <TestEntry testId="a30a662f-2ee5-0db0-93be-e23b78960c82" executionId="8057bdde-0f6a-471c-af2e-fc2a54dd1681" testListId="8c84fa94-04c1-424b-9868-57a2d4851a1d" />
    <TestEntry testId="d086695e-c00a-432a-c87b-c7af0edbcb9d" executionId="26498b57-aacc-4c93-a231-a91c0a53ca91" testListId="8c84fa94-04c1-424b-9868-57a2d4851a1d" />
    <TestEntry testId="ddb5c0d8-d96d-641b-981f-700b89499855" executionId="7ccc5795-26f3-45b0-80b1-833161345944" testListId="8c84fa94-04c1-424b-9868-57a2d4851a1d" />
    <TestEntry testId="d4b18369-f511-b320-afac-a383c554d179" executionId="402bcce0-f443-49f1-bfaf-e8c53d05501b" testListId="8c84fa94-04c1-424b-9868-57a2d4851a1d" />
    <TestEntry testId="7d577a3c-0602-a0a6-e9b5-1f43ff437a96" executionId="e7dae79f-dfda-4518-aa0a-bca2ef7e2ae2" testListId="8c84fa94-04c1-424b-9868-57a2d4851a1d" />
    <TestEntry testId="b739f5d0-5237-1a79-e681-644aeb76938a" executionId="c2da90ac-fa51-44ac-baeb-d92827d7876a" testListId="8c84fa94-04c1-424b-9868-57a2d4851a1d" />
    <TestEntry testId="7fa99fc8-4dae-9088-0c08-813290a88ab6" executionId="204178b6-3dc3-402f-8716-ac47ce49f219" testListId="8c84fa94-04c1-424b-9868-57a2d4851a1d" />
    <TestEntry testId="22286b2d-2c9e-a580-fd4a-2436919b8555" executionId="a511f755-150e-48d5-9514-d6fd161c2a65" testListId="8c84fa94-04c1-424b-9868-57a2d4851a1d" />
    <TestEntry testId="bc878ccd-98a1-51a4-2cfc-16b619dea6f0" executionId="83fa7c41-c0f1-41b1-9a90-b4b9cc357f2e" testListId="8c84fa94-04c1-424b-9868-57a2d4851a1d" />
    <TestEntry testId="5737235c-4c26-da22-d231-8a538d9299e8" executionId="b16c4d81-3418-4736-995a-cf1902f9caa4" testListId="8c84fa94-04c1-424b-9868-57a2d4851a1d" />
    <TestEntry testId="e6ba39e7-b277-ade5-953f-680493847818" executionId="556152d0-686a-44e1-9d6f-1854c3ed1745" testListId="8c84fa94-04c1-424b-9868-57a2d4851a1d" />
    <TestEntry testId="66298706-cc94-6c9f-0a35-7ab07950020d" executionId="ba90c5f1-9ccf-4644-b234-a43abec2f3b6" testListId="8c84fa94-04c1-424b-9868-57a2d4851a1d" />
    <TestEntry testId="cf5973cd-80eb-589d-6a2e-dee3a1384b97" executionId="e659c22c-a541-4388-a812-0604861a5e45" testListId="8c84fa94-04c1-424b-9868-57a2d4851a1d" />
    <TestEntry testId="af9f1e16-b2b8-175e-5d3f-4c08d3fec0d2" executionId="a2791628-629e-4ccb-ba4a-0a9b802c34b5" testListId="8c84fa94-04c1-424b-9868-57a2d4851a1d" />
    <TestEntry testId="eb2478e2-607b-274e-dc5e-7e8aa422b888" executionId="e17c895e-cd9f-4be1-8fe6-4fb3395bab2b" testListId="8c84fa94-04c1-424b-9868-57a2d4851a1d" />
    <TestEntry testId="ad47bd46-9837-73d0-5609-780aff02d505" executionId="402f3524-6fcb-4771-ab5f-9949bf67f7f2" testListId="8c84fa94-04c1-424b-9868-57a2d4851a1d" />
    <TestEntry testId="6a90276b-bdbd-5195-546b-d62b355d6d1e" executionId="b8095331-09d4-4f86-9c2a-959ecabdc25e" testListId="8c84fa94-04c1-424b-9868-57a2d4851a1d" />
    <TestEntry testId="54151fed-fc55-77df-b7af-e1e01590fd93" executionId="b96c8fe3-611d-4432-9f62-739672566ebc" testListId="8c84fa94-04c1-424b-9868-57a2d4851a1d" />
    <TestEntry testId="19d3a582-cf55-1f18-55fd-1cbf218e3c1b" executionId="ab393c57-108a-45f4-bab7-f0a808f781c3" testListId="8c84fa94-04c1-424b-9868-57a2d4851a1d" />
    <TestEntry testId="27c1e810-7452-20e9-bd4a-23699743a6c7" executionId="23a0141c-5fb7-48fd-a683-66d65427016e" testListId="8c84fa94-04c1-424b-9868-57a2d4851a1d" />
    <TestEntry testId="527481b0-1273-3dea-68f1-756a76377e7f" executionId="77186a65-55e2-4a3f-a16e-82942ace9676" testListId="8c84fa94-04c1-424b-9868-57a2d4851a1d" />
    <TestEntry testId="9af02e3c-3f3d-0108-d5a6-719e3351c066" executionId="541197ae-9deb-4429-9865-bb2bb9d3a204" testListId="8c84fa94-04c1-424b-9868-57a2d4851a1d" />
    <TestEntry testId="c5ab203d-a402-e8af-2133-26b77b4db718" executionId="c0613b19-ec8d-42d6-a22e-ef8493a751b2" testListId="8c84fa94-04c1-424b-9868-57a2d4851a1d" />
    <TestEntry testId="10efcc98-720a-6a51-bddb-12631de34c03" executionId="efa628c6-7c3e-4d45-9db0-2ad898956e1a" testListId="8c84fa94-04c1-424b-9868-57a2d4851a1d" />
    <TestEntry testId="bef9c954-3a2d-3d83-b50d-cb24e577f8c7" executionId="1eb8536f-249a-4858-b034-49f982f2516e" testListId="8c84fa94-04c1-424b-9868-57a2d4851a1d" />
    <TestEntry testId="52280e61-dcba-6f9b-6016-eff366e7d098" executionId="282102ed-ec99-4492-a013-e38278603856" testListId="8c84fa94-04c1-424b-9868-57a2d4851a1d" />
    <TestEntry testId="6063544f-f430-cb16-6dfb-368d6711c379" executionId="dd194cb5-d008-493b-971a-d35abd653709" testListId="8c84fa94-04c1-424b-9868-57a2d4851a1d" />
    <TestEntry testId="1ad3591a-ac8c-9e26-3467-6ee13c8cfd41" executionId="560abaad-62fa-45f5-be62-06ca42994a07" testListId="8c84fa94-04c1-424b-9868-57a2d4851a1d" />
    <TestEntry testId="e864a85a-61d6-71a9-12f2-7e66ec36a4d7" executionId="651323d0-5026-406d-a7f5-fa330df69a34" testListId="8c84fa94-04c1-424b-9868-57a2d4851a1d" />
    <TestEntry testId="8a7bd819-1e06-2c6a-fe76-84522fed468a" executionId="334482dd-fc01-4292-b6a2-c87630eab050" testListId="8c84fa94-04c1-424b-9868-57a2d4851a1d" />
  </TestEntries>
  <TestLists>
    <TestList name="Results Not in a List" id="8c84fa94-04c1-424b-9868-57a2d4851a1d" />
    <TestList name="All Loaded Results" id="19431567-8539-422a-85d7-44ee4e166bda" />
  </TestLists>
  <ResultSummary outcome="Completed">
    <Counters total="1314" executed="1314" passed="1314" failed="0" error="0" timeout="0" aborted="0" inconclusive="0" passedButRunAborted="0" notRunnable="0" notExecuted="0" disconnected="0" warning="0" completed="0" inProgress="0" pending="0" />
  </ResultSummary>
</TestRun>