<?xml version="1.0" encoding="utf-8"?>
<TestRun id="c37d9215-c380-4980-8b0d-c2c1336c28be" name="DKSR-EFI-04$@DKSR-EFI-04 2023-12-22 09:33:54" runUser="NT AUTHORITY\NETWORK SERVICE" xmlns="http://microsoft.com/schemas/VisualStudio/TeamTest/2010">
  <Times creation="2023-12-22T09:33:54.0376065+01:00" queuing="2023-12-22T09:33:54.0376065+01:00" start="2023-12-22T09:33:51.3500904+01:00" finish="2023-12-22T09:34:02.6782721+01:00" />
  <TestSettings name="default" id="469af825-80e1-485f-ba0b-cfbd372eb296">
    <Deployment runDeploymentRoot="DKSR-EFI-04$_DKSR-EFI-04_2023-12-22_09_33_54" />
  </TestSettings>
  <Results>
    <UnitTestResult executionId="a8c10bb4-b3e7-4049-b465-2f2c499d1f27" testId="bd3a1bf0-04bb-6a3b-e085-e797e51122fa" testName="SampleRulesService_Exception_Caught_Success" computerName="DKSR-EFI-04" duration="00:00:00.0060943" startTime="2023-12-22T09:34:02.1777717+01:00" endTime="2023-12-22T09:34:02.1839828+01:00" testType="13cdc9d9-ddb5-4fa4-a97d-d965ccfc6d4b" outcome="Passed" testListId="8c84fa94-04c1-424b-9868-57a2d4851a1d" relativeResultsDirectory="a8c10bb4-b3e7-4049-b465-2f2c499d1f27" />
    <UnitTestResult executionId="24b4cfb0-e286-4fba-9c5d-531ff1f2752a" testId="f1c38f3f-1d18-880a-5591-3ac2f4b0650e" testName="StateChangeCommandHandler_Handle_Success" computerName="DKSR-EFI-04" duration="00:00:00.0029807" startTime="2023-12-22T09:34:02.3307410+01:00" endTime="2023-12-22T09:34:02.3339060+01:00" testType="13cdc9d9-ddb5-4fa4-a97d-d965ccfc6d4b" outcome="Passed" testListId="8c84fa94-04c1-424b-9868-57a2d4851a1d" relativeResultsDirectory="24b4cfb0-e286-4fba-9c5d-531ff1f2752a" />
    <UnitTestResult executionId="15edc3f4-33b0-4b0a-bc59-bfecd7389d3d" testId="d39805b4-9af2-d9c8-2587-94814a3faf9e" testName="RegisterInstalledServicesService_EnumServiceApplicationsInProduction_NotAllServicesInstalled" computerName="DKSR-EFI-04" duration="00:00:00.0095660" startTime="2023-12-22T09:34:02.3992410+01:00" endTime="2023-12-22T09:34:02.4089225+01:00" testType="13cdc9d9-ddb5-4fa4-a97d-d965ccfc6d4b" outcome="Passed" testListId="8c84fa94-04c1-424b-9868-57a2d4851a1d" relativeResultsDirectory="15edc3f4-33b0-4b0a-bc59-bfecd7389d3d" />
    <UnitTestResult executionId="e9011e7d-7d94-4500-a819-ac1b05322308" testId="33724228-8fbe-8060-8962-32945507552e" testName="ConfigurationRefreshService_ExecuteAsync_Exception_Unhandled" computerName="DKSR-EFI-04" duration="00:00:00.0049519" startTime="2023-12-22T09:34:02.0232128+01:00" endTime="2023-12-22T09:34:02.0282741+01:00" testType="13cdc9d9-ddb5-4fa4-a97d-d965ccfc6d4b" outcome="Passed" testListId="8c84fa94-04c1-424b-9868-57a2d4851a1d" relativeResultsDirectory="e9011e7d-7d94-4500-a819-ac1b05322308" />
    <UnitTestResult executionId="2954dc3c-396b-4c06-89bd-79325b55b9cc" testId="3a40255c-2ed2-6fd7-2c13-00bcb12423ef" testName="GrpcProfile_Convert_PerformanceCounterInstance_From_gRPC (SingleInstance,NumberOfItemsHex32,SingleInstance,NumberOfItemsHEX32)" computerName="DKSR-EFI-04" duration="00:00:00.0076389" startTime="2023-12-22T09:33:54.0787649+01:00" endTime="2023-12-22T09:33:54.0866584+01:00" testType="13cdc9d9-ddb5-4fa4-a97d-d965ccfc6d4b" outcome="Passed" testListId="8c84fa94-04c1-424b-9868-57a2d4851a1d" relativeResultsDirectory="2954dc3c-396b-4c06-89bd-79325b55b9cc" />
    <UnitTestResult executionId="8aaada3e-3a1a-4f73-9d96-6b58c08b951d" testId="8104b72a-5aa9-a261-3a08-5e52e4e7075a" testName="PerformanceCounterInstancesService_CategoryType_is_SingleInstance_InstanceName_IsNotNullOrEmpty" computerName="DKSR-EFI-04" duration="00:00:00.0057624" startTime="2023-12-22T09:34:02.0283206+01:00" endTime="2023-12-22T09:34:02.0342648+01:00" testType="13cdc9d9-ddb5-4fa4-a97d-d965ccfc6d4b" outcome="Passed" testListId="8c84fa94-04c1-424b-9868-57a2d4851a1d" relativeResultsDirectory="8aaada3e-3a1a-4f73-9d96-6b58c08b951d" />
    <UnitTestResult executionId="a118e2d2-edde-451c-bcee-48e49bbb1bf5" testId="979aed07-ddc5-6740-187a-79d618223fed" testName="Handle_OneNonDefaultCounterRule_OneRulesAdded" computerName="DKSR-EFI-04" duration="00:00:00.0430360" startTime="2023-12-22T09:34:02.2385366+01:00" endTime="2023-12-22T09:34:02.2816888+01:00" testType="13cdc9d9-ddb5-4fa4-a97d-d965ccfc6d4b" outcome="Passed" testListId="8c84fa94-04c1-424b-9868-57a2d4851a1d" relativeResultsDirectory="a118e2d2-edde-451c-bcee-48e49bbb1bf5" />
    <UnitTestResult executionId="d04dd5ad-f66c-463e-9909-8f675781968a" testId="01774bf6-791d-98de-0a36-e129c4b4d38a" testName="Create_Memory_Counter_Rule_As_CounterRule" computerName="DKSR-EFI-04" duration="00:00:00.0123534" startTime="2023-12-22T09:34:01.6398100+01:00" endTime="2023-12-22T09:34:01.6523865+01:00" testType="13cdc9d9-ddb5-4fa4-a97d-d965ccfc6d4b" outcome="Passed" testListId="8c84fa94-04c1-424b-9868-57a2d4851a1d" relativeResultsDirectory="d04dd5ad-f66c-463e-9909-8f675781968a" />
    <UnitTestResult executionId="98465106-c2b6-4b03-a6a0-4ac7dcf25454" testId="4acb5623-d1ea-82c4-b6ca-1bf8f3a5b619" testName="TestCriticalNotToWarning" computerName="DKSR-EFI-04" duration="00:00:00.0005768" startTime="2023-12-22T09:34:01.7016943+01:00" endTime="2023-12-22T09:34:01.7023268+01:00" testType="13cdc9d9-ddb5-4fa4-a97d-d965ccfc6d4b" outcome="Passed" testListId="8c84fa94-04c1-424b-9868-57a2d4851a1d" relativeResultsDirectory="98465106-c2b6-4b03-a6a0-4ac7dcf25454" />
    <UnitTestResult executionId="b67853ae-b44d-4d66-92ad-77704ec9ba76" testId="7598c1de-410a-1893-04e5-2e7ff9ebca6e" testName="TestRemoveObsoleteValues" computerName="DKSR-EFI-04" duration="00:00:00.0016093" startTime="2023-12-22T09:34:01.6965275+01:00" endTime="2023-12-22T09:34:01.6983465+01:00" testType="13cdc9d9-ddb5-4fa4-a97d-d965ccfc6d4b" outcome="Passed" testListId="8c84fa94-04c1-424b-9868-57a2d4851a1d" relativeResultsDirectory="b67853ae-b44d-4d66-92ad-77704ec9ba76" />
    <UnitTestResult executionId="163fee35-9a3c-4fd1-a9c3-0d2f77502232" testId="17286508-494d-df5f-0ebd-96492dc6bfa2" testName="CameraCounterRule_Enforce_State_Change_ON_Recorder_Down" computerName="DKSR-EFI-04" duration="00:00:00.0026246" startTime="2023-12-22T09:34:01.6937610+01:00" endTime="2023-12-22T09:34:01.6964850+01:00" testType="13cdc9d9-ddb5-4fa4-a97d-d965ccfc6d4b" outcome="Passed" testListId="8c84fa94-04c1-424b-9868-57a2d4851a1d" relativeResultsDirectory="163fee35-9a3c-4fd1-a9c3-0d2f77502232" />
    <UnitTestResult executionId="67c0e156-47c3-4c25-afb8-51580de4b4e5" testId="5c6cc811-6f41-a882-5dc7-406cdd8aefeb" testName="Constructor_NullLogger_ArgumentNullExceptionThrown" computerName="DKSR-EFI-04" duration="00:00:00.0025726" startTime="2023-12-22T09:34:02.4510628+01:00" endTime="2023-12-22T09:34:02.4538372+01:00" testType="13cdc9d9-ddb5-4fa4-a97d-d965ccfc6d4b" outcome="Passed" testListId="8c84fa94-04c1-424b-9868-57a2d4851a1d" relativeResultsDirectory="67c0e156-47c3-4c25-afb8-51580de4b4e5" />
    <UnitTestResult executionId="1b01d5c0-d05b-4975-9054-a4da18d1d2f5" testId="77c0c2a4-401b-4a7f-2331-9bcd27dbbb81" testName="StatePerValue_TestEnterCriticalMode" computerName="DKSR-EFI-04" duration="00:00:00.0009336" startTime="2023-12-22T09:34:01.7361722+01:00" endTime="2023-12-22T09:34:01.7371708+01:00" testType="13cdc9d9-ddb5-4fa4-a97d-d965ccfc6d4b" outcome="Passed" testListId="8c84fa94-04c1-424b-9868-57a2d4851a1d" relativeResultsDirectory="1b01d5c0-d05b-4975-9054-a4da18d1d2f5" />
    <UnitTestResult executionId="325e6a23-c520-45ef-bb21-19b8b75355ac" testId="f8f5f4ba-83aa-c1f9-accd-1d94ea6f027d" testName="GrpcProfile_Convert_PerformanceCounterInstance_To_gRPC (SingleInstance,NumberOfItems64,SingleInstance,NumberOfItems64)" computerName="DKSR-EFI-04" duration="00:00:00.0062669" startTime="2023-12-22T09:33:54.3048707+01:00" endTime="2023-12-22T09:33:54.3113863+01:00" testType="13cdc9d9-ddb5-4fa4-a97d-d965ccfc6d4b" outcome="Passed" testListId="8c84fa94-04c1-424b-9868-57a2d4851a1d" relativeResultsDirectory="325e6a23-c520-45ef-bb21-19b8b75355ac" />
    <UnitTestResult executionId="72ff6a05-9ccb-43c7-a9c3-20207c74ae67" testId="2c736a54-7b4d-031a-7122-f0b8680b10d8" testName="GrpcProfile_Convert_PerformanceCounterInstance_To_gRPC (SingleInstance,RateOfCountsPerSecond64,SingleInstance,RateOfCountsPerSecond64)" computerName="DKSR-EFI-04" duration="00:00:00.0060170" startTime="2023-12-22T09:33:54.3324106+01:00" endTime="2023-12-22T09:33:54.3386671+01:00" testType="13cdc9d9-ddb5-4fa4-a97d-d965ccfc6d4b" outcome="Passed" testListId="8c84fa94-04c1-424b-9868-57a2d4851a1d" relativeResultsDirectory="72ff6a05-9ccb-43c7-a9c3-20207c74ae67" />
    <UnitTestResult executionId="35abb66d-caf1-4769-bec4-df94e7e5a0db" testId="8d0207db-c164-2a4c-d7a6-dbae16e75c03" testName="GrpcProfile_Convert_PerformanceCounterValue_To_gRPC" computerName="DKSR-EFI-04" duration="00:00:00.0068662" startTime="2023-12-22T09:33:53.8612261+01:00" endTime="2023-12-22T09:33:53.8682620+01:00" testType="13cdc9d9-ddb5-4fa4-a97d-d965ccfc6d4b" outcome="Passed" testListId="8c84fa94-04c1-424b-9868-57a2d4851a1d" relativeResultsDirectory="35abb66d-caf1-4769-bec4-df94e7e5a0db" />
    <UnitTestResult executionId="9c651bdb-d148-4e35-8843-1dc9d3fc8a2d" testId="3fd0b113-a622-e2d1-9fcf-6a446896efbf" testName="RegisterServiceApplicationsService_GetOrAddDataCollectorIdAsync_Send_Success" computerName="DKSR-EFI-04" duration="00:00:00.0096501" startTime="2023-12-22T09:34:02.0448550+01:00" endTime="2023-12-22T09:34:02.0546898+01:00" testType="13cdc9d9-ddb5-4fa4-a97d-d965ccfc6d4b" outcome="Passed" testListId="8c84fa94-04c1-424b-9868-57a2d4851a1d" relativeResultsDirectory="9c651bdb-d148-4e35-8843-1dc9d3fc8a2d" />
    <UnitTestResult executionId="5429dc26-ffca-4f4a-b1e6-083d173829dc" testId="b6a25432-9560-0c57-a1de-29fd3ace9d4e" testName="TestGetSampleCategoryNotFound" computerName="DKSR-EFI-04" duration="00:00:00.0340557" startTime="2023-12-22T09:34:01.4533748+01:00" endTime="2023-12-22T09:34:01.4877171+01:00" testType="13cdc9d9-ddb5-4fa4-a97d-d965ccfc6d4b" outcome="Passed" testListId="8c84fa94-04c1-424b-9868-57a2d4851a1d" relativeResultsDirectory="5429dc26-ffca-4f4a-b1e6-083d173829dc" />
    <UnitTestResult executionId="3795690e-3037-4e68-bd79-d50a32114c44" testId="f5fb82a1-6da4-4bd9-ef2b-71b66a17093e" testName="MultiCounterRule_UnRegisterPerformanceCounterInstance_RemovedCounterWithLowestState_DontSendStateChange" computerName="DKSR-EFI-04" duration="00:00:00.0010252" startTime="2023-12-22T09:34:02.3598493+01:00" endTime="2023-12-22T09:34:02.3609614+01:00" testType="13cdc9d9-ddb5-4fa4-a97d-d965ccfc6d4b" outcome="Passed" testListId="8c84fa94-04c1-424b-9868-57a2d4851a1d" relativeResultsDirectory="3795690e-3037-4e68-bd79-d50a32114c44" />
    <UnitTestResult executionId="c2c70e7c-a6cb-459f-adfc-4d06575cd0ed" testId="534b6e09-1000-34e5-4da1-0f5fee87066e" testName="RuleConfigurationChangeEventHandler_Handle_DeleteRule_NoneDefault_Success" computerName="DKSR-EFI-04" duration="00:00:00.0033472" startTime="2023-12-22T09:34:01.7863869+01:00" endTime="2023-12-22T09:34:01.7898410+01:00" testType="13cdc9d9-ddb5-4fa4-a97d-d965ccfc6d4b" outcome="Passed" testListId="8c84fa94-04c1-424b-9868-57a2d4851a1d" relativeResultsDirectory="c2c70e7c-a6cb-459f-adfc-4d06575cd0ed" />
    <UnitTestResult executionId="a258ef81-84dd-4899-bf7e-9abe1690e275" testId="cd8b0a52-9793-956d-e372-f95eb99c5c07" testName="TestNormalToWarning" computerName="DKSR-EFI-04" duration="00:00:00.0006520" startTime="2023-12-22T09:34:01.6983795+01:00" endTime="2023-12-22T09:34:01.6990977+01:00" testType="13cdc9d9-ddb5-4fa4-a97d-d965ccfc6d4b" outcome="Passed" testListId="8c84fa94-04c1-424b-9868-57a2d4851a1d" relativeResultsDirectory="a258ef81-84dd-4899-bf7e-9abe1690e275" />
    <UnitTestResult executionId="d591e122-a668-42c8-a24f-9ced7272e388" testId="05c3c7ea-576f-7698-2fcc-7a8ca5e69771" testName="GrpcProfile_Convert_PerformanceCounterInstance_From_gRPC (SingleInstance,NumberOfItems64,SingleInstance,NumberOfItems64)" computerName="DKSR-EFI-04" duration="00:00:00.0101095" startTime="2023-12-22T09:33:54.0683011+01:00" endTime="2023-12-22T09:33:54.0786903+01:00" testType="13cdc9d9-ddb5-4fa4-a97d-d965ccfc6d4b" outcome="Passed" testListId="8c84fa94-04c1-424b-9868-57a2d4851a1d" relativeResultsDirectory="d591e122-a668-42c8-a24f-9ced7272e388" />
    <UnitTestResult executionId="312f09df-07ac-4b0f-8aac-3f5839209e1b" testId="5de2d137-d2f4-fce6-2df0-ed84248827c1" testName="GrpcProfile_Convert_PerformanceCounterInstance_From_gRPC (SingleInstance,RawFraction,SingleInstance,RawFraction)" computerName="DKSR-EFI-04" duration="00:00:00.0066999" startTime="2023-12-22T09:33:54.1153004+01:00" endTime="2023-12-22T09:33:54.1222415+01:00" testType="13cdc9d9-ddb5-4fa4-a97d-d965ccfc6d4b" outcome="Passed" testListId="8c84fa94-04c1-424b-9868-57a2d4851a1d" relativeResultsDirectory="312f09df-07ac-4b0f-8aac-3f5839209e1b" />
    <UnitTestResult executionId="25195b2f-533d-44fe-9586-0a83f7f0d639" testId="40f520a3-3017-d882-ff6f-8c7e3f57b2ec" testName="Create_ServiceAvailableRule_For_Management_Server_With_State_Handler" computerName="DKSR-EFI-04" duration="00:00:00.0002036" startTime="2023-12-22T09:34:01.6622819+01:00" endTime="2023-12-22T09:34:01.6625451+01:00" testType="13cdc9d9-ddb5-4fa4-a97d-d965ccfc6d4b" outcome="Passed" testListId="8c84fa94-04c1-424b-9868-57a2d4851a1d" relativeResultsDirectory="25195b2f-533d-44fe-9586-0a83f7f0d639" />
    <UnitTestResult executionId="260098b6-f472-4e44-9ec9-6eff94ca92b6" testId="e407e0ba-6cb1-0800-b521-2ff79d107d24" testName="Handle_HandledExceptionTypes_ExceptionReturnedAsResponseAndLogged (System.ServiceModel.CommunicationException,Exception of type 'System.ServiceModel.CommunicationException' was thrown.)" computerName="DKSR-EFI-04" duration="00:00:00.0012577" startTime="2023-12-22T09:34:02.4954063+01:00" endTime="2023-12-22T09:34:02.5041835+01:00" testType="13cdc9d9-ddb5-4fa4-a97d-d965ccfc6d4b" outcome="Passed" testListId="8c84fa94-04c1-424b-9868-57a2d4851a1d" relativeResultsDirectory="260098b6-f472-4e44-9ec9-6eff94ca92b6" />
    <UnitTestResult executionId="f5a9fda2-8481-49df-8a69-7088d42dd1c3" testId="7b04f4b0-345d-30c4-0431-4c5d010db15f" testName="SampleRulesService_OperationCanceledException_Caught_Success" computerName="DKSR-EFI-04" duration="00:00:00.0047787" startTime="2023-12-22T09:34:02.1728272+01:00" endTime="2023-12-22T09:34:02.1777224+01:00" testType="13cdc9d9-ddb5-4fa4-a97d-d965ccfc6d4b" outcome="Passed" testListId="8c84fa94-04c1-424b-9868-57a2d4851a1d" relativeResultsDirectory="f5a9fda2-8481-49df-8a69-7088d42dd1c3" />
    <UnitTestResult executionId="29451d51-e30a-43ca-962b-422f1e29e861" testId="95a53348-d67e-f981-788d-1359fd87f28d" testName="Handle_RuleConfigurationLoaded_NoChanges" computerName="DKSR-EFI-04" duration="00:00:00.0034454" startTime="2023-12-22T09:34:02.2963791+01:00" endTime="2023-12-22T09:34:02.2999241+01:00" testType="13cdc9d9-ddb5-4fa4-a97d-d965ccfc6d4b" outcome="Passed" testListId="8c84fa94-04c1-424b-9868-57a2d4851a1d" relativeResultsDirectory="29451d51-e30a-43ca-962b-422f1e29e861" />
    <UnitTestResult executionId="619f189c-0e3a-4989-98b8-d7f1a0236cdc" testId="0822bdb3-4823-de26-65fa-a5f87beaa1f3" testName="Create_Device_Storage_Counter_Rule_As_CameraUsedSpaceCounterRule" computerName="DKSR-EFI-04" duration="00:00:00.0010503" startTime="2023-12-22T09:34:01.6572851+01:00" endTime="2023-12-22T09:34:01.6584156+01:00" testType="13cdc9d9-ddb5-4fa4-a97d-d965ccfc6d4b" outcome="Passed" testListId="8c84fa94-04c1-424b-9868-57a2d4851a1d" relativeResultsDirectory="619f189c-0e3a-4989-98b8-d7f1a0236cdc" />
    <UnitTestResult executionId="776f7214-63b9-477c-b6af-6410b3003938" testId="394effe9-ad44-7aba-d158-767cbd9d0d80" testName="SampleRulesService_Publish_Success" computerName="DKSR-EFI-04" duration="00:00:00.0219505" startTime="2023-12-22T09:34:02.1460618+01:00" endTime="2023-12-22T09:34:02.1682176+01:00" testType="13cdc9d9-ddb5-4fa4-a97d-d965ccfc6d4b" outcome="Passed" testListId="8c84fa94-04c1-424b-9868-57a2d4851a1d" relativeResultsDirectory="776f7214-63b9-477c-b6af-6410b3003938" />
    <UnitTestResult executionId="78ff8877-1c55-4077-87c1-a3104af34592" testId="7c7e7f62-0284-09e7-f394-f2903730bdce" testName="MarkPerformanceCounterDataAsObsoleteServerCommandHandler_Handle_Success" computerName="DKSR-EFI-04" duration="00:00:00.0022518" startTime="2023-12-22T09:34:02.3687942+01:00" endTime="2023-12-22T09:34:02.3712093+01:00" testType="13cdc9d9-ddb5-4fa4-a97d-d965ccfc6d4b" outcome="Passed" testListId="8c84fa94-04c1-424b-9868-57a2d4851a1d" relativeResultsDirectory="78ff8877-1c55-4077-87c1-a3104af34592" />
    <UnitTestResult executionId="58b060bd-6de9-431b-bcd6-37e8be0cc0bb" testId="c966ddf0-a4fb-5c40-04ce-47e83e1dcdb5" testName="GetState_ShouldBeWarning_OnCriticalNegativeOneAndAboveWarningThreshold" computerName="DKSR-EFI-04" duration="00:00:00.0005201" startTime="2023-12-22T09:34:01.7082833+01:00" endTime="2023-12-22T09:34:01.7088768+01:00" testType="13cdc9d9-ddb5-4fa4-a97d-d965ccfc6d4b" outcome="Passed" testListId="8c84fa94-04c1-424b-9868-57a2d4851a1d" relativeResultsDirectory="58b060bd-6de9-431b-bcd6-37e8be0cc0bb" />
    <UnitTestResult executionId="9a0d6ba9-482a-4efd-8633-375d84890ddf" testId="13df1741-1a53-698f-7d33-131b880acdc6" testName="CounterStateHandler_SetUndefined_StateChange_Only_Send_Once" computerName="DKSR-EFI-04" duration="00:00:00.0001906" startTime="2023-12-22T09:34:02.3349957+01:00" endTime="2023-12-22T09:34:02.3352569+01:00" testType="13cdc9d9-ddb5-4fa4-a97d-d965ccfc6d4b" outcome="Passed" testListId="8c84fa94-04c1-424b-9868-57a2d4851a1d" relativeResultsDirectory="9a0d6ba9-482a-4efd-8633-375d84890ddf" />
    <UnitTestResult executionId="19504690-6b40-4559-bebb-c945f2311312" testId="746b6909-3c6e-0d84-2e74-f3abfa52daa4" testName="GetState_ShouldBeWarning_OnCurrentCriticalAndValueAboveThresholdLatency" computerName="DKSR-EFI-04" duration="00:00:00.0004220" startTime="2023-12-22T09:34:01.7099911+01:00" endTime="2023-12-22T09:34:01.7104700+01:00" testType="13cdc9d9-ddb5-4fa4-a97d-d965ccfc6d4b" outcome="Passed" testListId="8c84fa94-04c1-424b-9868-57a2d4851a1d" relativeResultsDirectory="19504690-6b40-4559-bebb-c945f2311312" />
    <UnitTestResult executionId="9e828410-01b8-4265-af66-2754da521c30" testId="3fc1a07a-70e5-da81-03c5-8db3f80bd9b9" testName="GrpcProfile_Convert_PerformanceCounterInstance_To_gRPC (SingleInstance,CounterMultiBase,SingleInstance,CounterMultiBase)" computerName="DKSR-EFI-04" duration="00:00:00.0062761" startTime="2023-12-22T09:33:54.2110208+01:00" endTime="2023-12-22T09:33:54.2175143+01:00" testType="13cdc9d9-ddb5-4fa4-a97d-d965ccfc6d4b" outcome="Passed" testListId="8c84fa94-04c1-424b-9868-57a2d4851a1d" relativeResultsDirectory="9e828410-01b8-4265-af66-2754da521c30" />
    <UnitTestResult executionId="2691ef34-e4f2-4a88-b5a2-eaa9989ca692" testId="a0c02d32-d7f1-81ae-38ce-a590cbc85742" testName="RecordingServerChangeStateEventHandler_Handle_Down_Success" computerName="DKSR-EFI-04" duration="00:00:00.0016094" startTime="2023-12-22T09:34:01.7601321+01:00" endTime="2023-12-22T09:34:01.7618553+01:00" testType="13cdc9d9-ddb5-4fa4-a97d-d965ccfc6d4b" outcome="Passed" testListId="8c84fa94-04c1-424b-9868-57a2d4851a1d" relativeResultsDirectory="2691ef34-e4f2-4a88-b5a2-eaa9989ca692" />
    <UnitTestResult executionId="4f8e7e1f-9ad5-46a2-a9c0-7bb61d3f6e5d" testId="d80fbf44-1a6a-2a2f-6d1c-978e3d12eeb6" testName="GrpcProfile_Convert_PerformanceCounterInstance_To_gRPC (SingleInstance,Timer100NsInverse,SingleInstance,Timer100NsInverse)" computerName="DKSR-EFI-04" duration="00:00:00.0057199" startTime="2023-12-22T09:33:54.3871524+01:00" endTime="2023-12-22T09:33:54.3931089+01:00" testType="13cdc9d9-ddb5-4fa4-a97d-d965ccfc6d4b" outcome="Passed" testListId="8c84fa94-04c1-424b-9868-57a2d4851a1d" relativeResultsDirectory="4f8e7e1f-9ad5-46a2-a9c0-7bb61d3f6e5d" />
    <UnitTestResult executionId="29a90fed-fa61-4ee9-8777-4792cd47850c" testId="fd32e51c-403f-f3b6-fcc4-3e06c0478349" testName="GrpcProfile_Convert_PerformanceCounterInstance_To_gRPC (SingleInstance,NumberOfItemsHex64,SingleInstance,NumberOfItemsHEX64)" computerName="DKSR-EFI-04" duration="00:00:00.0063646" startTime="2023-12-22T09:33:54.3180473+01:00" endTime="2023-12-22T09:33:54.3246671+01:00" testType="13cdc9d9-ddb5-4fa4-a97d-d965ccfc6d4b" outcome="Passed" testListId="8c84fa94-04c1-424b-9868-57a2d4851a1d" relativeResultsDirectory="29a90fed-fa61-4ee9-8777-4792cd47850c" />
    <UnitTestResult executionId="63330c37-9ab1-49ef-a67c-1eecaf96d54e" testId="4d29305b-5fa7-d7aa-a128-fa58b9004e5d" testName="TestCreatePerformanceCounterReader" computerName="DKSR-EFI-04" duration="00:00:00.0087611" startTime="2023-12-22T09:33:54.9206654+01:00" endTime="2023-12-22T09:33:54.9297068+01:00" testType="13cdc9d9-ddb5-4fa4-a97d-d965ccfc6d4b" outcome="Passed" testListId="8c84fa94-04c1-424b-9868-57a2d4851a1d" relativeResultsDirectory="63330c37-9ab1-49ef-a67c-1eecaf96d54e" />
    <UnitTestResult executionId="38a68a9a-9370-4324-a10e-ae6e5fa72759" testId="ce2df477-3a8c-f091-650b-7baec3091038" testName="StateSenderService_ExecuteAsync_OperationCanceledException_Handled" computerName="DKSR-EFI-04" duration="00:00:00.0037760" startTime="2023-12-22T09:34:02.2071425+01:00" endTime="2023-12-22T09:34:02.2110376+01:00" testType="13cdc9d9-ddb5-4fa4-a97d-d965ccfc6d4b" outcome="Passed" testListId="8c84fa94-04c1-424b-9868-57a2d4851a1d" relativeResultsDirectory="38a68a9a-9370-4324-a10e-ae6e5fa72759" />
    <UnitTestResult executionId="de895aa2-4a95-4bd4-8899-7945a87335cf" testId="9d69fcea-7798-2d17-c961-c204596a5e96" testName="BackOffFactory_Create_Success" computerName="DKSR-EFI-04" duration="00:00:00.0013643" startTime="2023-12-22T09:34:02.5242805+01:00" endTime="2023-12-22T09:34:02.5258145+01:00" testType="13cdc9d9-ddb5-4fa4-a97d-d965ccfc6d4b" outcome="Passed" testListId="8c84fa94-04c1-424b-9868-57a2d4851a1d" relativeResultsDirectory="de895aa2-4a95-4bd4-8899-7945a87335cf" />
    <UnitTestResult executionId="b75a2adc-3796-4041-be43-3b9b9f199fe5" testId="b5fa3831-4714-0f6b-2d7d-2f33b08e97b8" testName="RegisterDataCollectorServerCommandHandler_Handle_NonCluster_Success" computerName="DKSR-EFI-04" duration="00:00:00.0052879" startTime="2023-12-22T09:34:02.4164307+01:00" endTime="2023-12-22T09:34:02.4219381+01:00" testType="13cdc9d9-ddb5-4fa4-a97d-d965ccfc6d4b" outcome="Passed" testListId="8c84fa94-04c1-424b-9868-57a2d4851a1d" relativeResultsDirectory="b75a2adc-3796-4041-be43-3b9b9f199fe5" />
    <UnitTestResult executionId="e08f8b09-546f-4cb7-ac46-d8821816f8c7" testId="fb90590a-c277-92da-137f-fa508c6dd199" testName="GrpcProfile_Convert_PerformanceCounterInstance_From_gRPC (SingleInstance,SampleCounter,SingleInstance,SampleCounter)" computerName="DKSR-EFI-04" duration="00:00:00.0066348" startTime="2023-12-22T09:33:54.1366571+01:00" endTime="2023-12-22T09:33:54.1435564+01:00" testType="13cdc9d9-ddb5-4fa4-a97d-d965ccfc6d4b" outcome="Passed" testListId="8c84fa94-04c1-424b-9868-57a2d4851a1d" relativeResultsDirectory="e08f8b09-546f-4cb7-ac46-d8821816f8c7" />
    <UnitTestResult executionId="ae1e4ac5-0e16-4ac9-af46-185052539e36" testId="a8401168-cf5f-d238-0313-98e819903c1d" testName="Create_Driver_Counter_Rule_As_CameraCounterRule" computerName="DKSR-EFI-04" duration="00:00:00.0012283" startTime="2023-12-22T09:34:01.6536268+01:00" endTime="2023-12-22T09:34:01.6549312+01:00" testType="13cdc9d9-ddb5-4fa4-a97d-d965ccfc6d4b" outcome="Passed" testListId="8c84fa94-04c1-424b-9868-57a2d4851a1d" relativeResultsDirectory="ae1e4ac5-0e16-4ac9-af46-185052539e36" />
    <UnitTestResult executionId="239a882e-6d9f-448a-a3ca-9e513173ace3" testId="9878484b-2244-d61c-e2e1-4fab767ee101" testName="Handle_CustomMaxRetryCount_InfiniteBehaviorVerified" computerName="DKSR-EFI-04" duration="00:00:00.0185394" startTime="2023-12-22T09:34:02.4717463+01:00" endTime="2023-12-22T09:34:02.4903946+01:00" testType="13cdc9d9-ddb5-4fa4-a97d-d965ccfc6d4b" outcome="Passed" testListId="8c84fa94-04c1-424b-9868-57a2d4851a1d" relativeResultsDirectory="239a882e-6d9f-448a-a3ca-9e513173ace3" />
    <UnitTestResult executionId="a127d1ce-74cd-435a-b1b9-b686a555dcb8" testId="4f3ab489-6a94-8b65-0bc9-84cf7be0bcea" testName="Handle_DefaultRetryCount_CorrectResponseReturned" computerName="DKSR-EFI-04" duration="00:00:00.0075443" startTime="2023-12-22T09:34:02.4640445+01:00" endTime="2023-12-22T09:34:02.4716940+01:00" testType="13cdc9d9-ddb5-4fa4-a97d-d965ccfc6d4b" outcome="Passed" testListId="8c84fa94-04c1-424b-9868-57a2d4851a1d" relativeResultsDirectory="a127d1ce-74cd-435a-b1b9-b686a555dcb8" />
    <UnitTestResult executionId="a64a19e0-be7c-4568-98b4-bc5afcaa4086" testId="3c71c40b-6170-5f8a-f386-842b55317fee" testName="LoggingBehaviour_ConstructorNullLogger_ArgumentNullExceptionThrown" computerName="DKSR-EFI-04" duration="00:00:00.0007626" startTime="2023-12-22T09:34:02.4254600+01:00" endTime="2023-12-22T09:34:02.4263971+01:00" testType="13cdc9d9-ddb5-4fa4-a97d-d965ccfc6d4b" outcome="Passed" testListId="8c84fa94-04c1-424b-9868-57a2d4851a1d" relativeResultsDirectory="a64a19e0-be7c-4568-98b4-bc5afcaa4086" />
    <UnitTestResult executionId="a6ddbb0e-219b-4b08-8e0e-5f70ddadefcd" testId="6f1fb882-916d-1895-6294-8813e5471572" testName="Handle_NullRuleConfiguration_NoRulesAdded" computerName="DKSR-EFI-04" duration="00:00:00.0027959" startTime="2023-12-22T09:34:02.2355779+01:00" endTime="2023-12-22T09:34:02.2384953+01:00" testType="13cdc9d9-ddb5-4fa4-a97d-d965ccfc6d4b" outcome="Passed" testListId="8c84fa94-04c1-424b-9868-57a2d4851a1d" relativeResultsDirectory="a6ddbb0e-219b-4b08-8e0e-5f70ddadefcd" />
    <UnitTestResult executionId="c30e9cc4-a97a-4895-a32c-bc28cd204bca" testId="36b559f5-8398-d86d-0a3a-91c8fe91f990" testName="Create_StateHandler_TriggerValue_Is_Not_triggerPerValue_Creates_StatePerValueHandler" computerName="DKSR-EFI-04" duration="00:00:00.0000869" startTime="2023-12-22T09:34:02.3370943+01:00" endTime="2023-12-22T09:34:02.3372426+01:00" testType="13cdc9d9-ddb5-4fa4-a97d-d965ccfc6d4b" outcome="Passed" testListId="8c84fa94-04c1-424b-9868-57a2d4851a1d" relativeResultsDirectory="c30e9cc4-a97a-4895-a32c-bc28cd204bca" />
    <UnitTestResult executionId="29d9e82e-7cb5-4521-82dd-c05e39ba75c3" testId="d8af3955-1959-3197-37fa-1fadbfaa5e1b" testName="LoggingBehaviour_Handle_InformationIsLogged" computerName="DKSR-EFI-04" duration="00:00:00.0215025" startTime="2023-12-22T09:34:02.4293914+01:00" endTime="2023-12-22T09:34:02.4510043+01:00" testType="13cdc9d9-ddb5-4fa4-a97d-d965ccfc6d4b" outcome="Passed" testListId="8c84fa94-04c1-424b-9868-57a2d4851a1d" relativeResultsDirectory="29d9e82e-7cb5-4521-82dd-c05e39ba75c3" />
    <UnitTestResult executionId="d58b1e6c-866b-42d1-a62f-19508c466766" testId="621a0c71-93b0-e84d-5586-20a6819504ef" testName="OnRecordingServerIsDown_Is_Called_On_Critical_State_Change_For_Recording_Server" computerName="DKSR-EFI-04" duration="00:00:00.0070751" startTime="2023-12-22T09:34:01.7158927+01:00" endTime="2023-12-22T09:34:01.7231153+01:00" testType="13cdc9d9-ddb5-4fa4-a97d-d965ccfc6d4b" outcome="Passed" testListId="8c84fa94-04c1-424b-9868-57a2d4851a1d" relativeResultsDirectory="d58b1e6c-866b-42d1-a62f-19508c466766" />
    <UnitTestResult executionId="a4044728-f9a5-4ab7-98e3-a2951ce6886b" testId="0a386c2e-17de-5f27-247d-8c6b74cf3e5a" testName="ExponentialBackOff_Delay_MsBelowMax_Success" computerName="DKSR-EFI-04" duration="00:00:00.0069067" startTime="2023-12-22T09:34:02.5258529+01:00" endTime="2023-12-22T09:34:02.5329144+01:00" testType="13cdc9d9-ddb5-4fa4-a97d-d965ccfc6d4b" outcome="Passed" testListId="8c84fa94-04c1-424b-9868-57a2d4851a1d" relativeResultsDirectory="a4044728-f9a5-4ab7-98e3-a2951ce6886b" />
    <UnitTestResult executionId="6ba97fce-e08f-47ed-b417-2303eb76ddd9" testId="0c5ad630-49d7-c45f-2f30-c0be9074f68a" testName="Validate_Processor_Counter" computerName="DKSR-EFI-04" duration="00:00:00.0002070" startTime="2023-12-22T09:34:01.6605924+01:00" endTime="2023-12-22T09:34:01.6608641+01:00" testType="13cdc9d9-ddb5-4fa4-a97d-d965ccfc6d4b" outcome="Passed" testListId="8c84fa94-04c1-424b-9868-57a2d4851a1d" relativeResultsDirectory="6ba97fce-e08f-47ed-b417-2303eb76ddd9" />
    <UnitTestResult executionId="1e7a1b49-221b-487e-b0e4-efee31379a79" testId="a39c56c7-808d-952d-8864-fb995e5ddfc5" testName="CounterRule_Sends_State_Changes_When_Recording_Server_Is_Down" computerName="DKSR-EFI-04" duration="00:00:00.0013919" startTime="2023-12-22T09:34:01.7104944+01:00" endTime="2023-12-22T09:34:01.7119470+01:00" testType="13cdc9d9-ddb5-4fa4-a97d-d965ccfc6d4b" outcome="Passed" testListId="8c84fa94-04c1-424b-9868-57a2d4851a1d" relativeResultsDirectory="1e7a1b49-221b-487e-b0e4-efee31379a79" />
    <UnitTestResult executionId="cf9c7a0f-dd71-478f-bb8e-4f7408590714" testId="5a8604b3-108b-2269-ce4e-71b51927bc2c" testName="OnRecordingServerIsUp_Is_Called_On_Normal_State_Change_For_Recording_Server" computerName="DKSR-EFI-04" duration="00:00:00.0021634" startTime="2023-12-22T09:34:01.7265478+01:00" endTime="2023-12-22T09:34:01.7287997+01:00" testType="13cdc9d9-ddb5-4fa4-a97d-d965ccfc6d4b" outcome="Passed" testListId="8c84fa94-04c1-424b-9868-57a2d4851a1d" relativeResultsDirectory="cf9c7a0f-dd71-478f-bb8e-4f7408590714" />
    <UnitTestResult executionId="7ea127f9-e3ed-46b9-97d7-7987f11b566d" testId="14852a73-acbe-6609-0a9f-9b103af673e9" testName="GrpcProfile_Convert_PerformanceCounterInstance_To_gRPC (SingleInstance,CounterMultiTimer100Ns,SingleInstance,CounterMultiTimer100Ns)" computerName="DKSR-EFI-04" duration="00:00:00.0053483" startTime="2023-12-22T09:33:54.2237947+01:00" endTime="2023-12-22T09:33:54.2293524+01:00" testType="13cdc9d9-ddb5-4fa4-a97d-d965ccfc6d4b" outcome="Passed" testListId="8c84fa94-04c1-424b-9868-57a2d4851a1d" relativeResultsDirectory="7ea127f9-e3ed-46b9-97d7-7987f11b566d" />
    <UnitTestResult executionId="3ada5ef0-0134-41b5-9344-db0126606891" testId="9256554f-b662-6b9d-7360-771a182192f5" testName="StatePerValue_SetUndefined_StateChange_Only_Send_Once" computerName="DKSR-EFI-04" duration="00:00:00.0002160" startTime="2023-12-22T09:34:01.7427132+01:00" endTime="2023-12-22T09:34:01.7430094+01:00" testType="13cdc9d9-ddb5-4fa4-a97d-d965ccfc6d4b" outcome="Passed" testListId="8c84fa94-04c1-424b-9868-57a2d4851a1d" relativeResultsDirectory="3ada5ef0-0134-41b5-9344-db0126606891" />
    <UnitTestResult executionId="a0a59139-3d83-4553-a903-09b9216c32f1" testId="aa5e2281-3afb-ed7c-2886-9ddf322db0bb" testName="GrpcProfile_Convert_PerformanceCounterInstance_To_gRPC (SingleInstance,NumberOfItemsHex32,SingleInstance,NumberOfItemsHEX32)" computerName="DKSR-EFI-04" duration="00:00:00.0062773" startTime="2023-12-22T09:33:54.3114542+01:00" endTime="2023-12-22T09:33:54.3179828+01:00" testType="13cdc9d9-ddb5-4fa4-a97d-d965ccfc6d4b" outcome="Passed" testListId="8c84fa94-04c1-424b-9868-57a2d4851a1d" relativeResultsDirectory="a0a59139-3d83-4553-a903-09b9216c32f1" />
    <UnitTestResult executionId="6cd174b4-187d-40d6-9a10-ddda743404a6" testId="31ec9322-88c3-2d98-23fa-4c1b8ed065d4" testName="GrpcProfile_Convert_PerformanceCounterInstance_To_gRPC (SingleInstance,SampleFraction,SingleInstance,SampleFraction)" computerName="DKSR-EFI-04" duration="00:00:00.0062875" startTime="2023-12-22T09:33:54.3733002+01:00" endTime="2023-12-22T09:33:54.3798452+01:00" testType="13cdc9d9-ddb5-4fa4-a97d-d965ccfc6d4b" outcome="Passed" testListId="8c84fa94-04c1-424b-9868-57a2d4851a1d" relativeResultsDirectory="6cd174b4-187d-40d6-9a10-ddda743404a6" />
    <UnitTestResult executionId="c163c300-2013-4af1-88be-967b988db5ac" testId="60147f0c-9412-3711-dcf4-d0d937b3ad7b" testName="ExponentialBackOff_Delay_Retry_Success" computerName="DKSR-EFI-04" duration="00:00:00.0033226" startTime="2023-12-22T09:34:02.5345206+01:00" endTime="2023-12-22T09:34:02.5379249+01:00" testType="13cdc9d9-ddb5-4fa4-a97d-d965ccfc6d4b" outcome="Passed" testListId="8c84fa94-04c1-424b-9868-57a2d4851a1d" relativeResultsDirectory="c163c300-2013-4af1-88be-967b988db5ac" />
    <UnitTestResult executionId="f8dbf7fb-415b-4b48-801b-759e7dd232c5" testId="c7534ef6-fb72-fbf8-d769-e5462d171dcf" testName="GrpcProfile_Convert_PerformanceCounterInstance_To_gRPC (SingleInstance,CounterMultiTimer,SingleInstance,CounterMultiTimer)" computerName="DKSR-EFI-04" duration="00:00:00.0059387" startTime="2023-12-22T09:33:54.2175764+01:00" endTime="2023-12-22T09:33:54.2237373+01:00" testType="13cdc9d9-ddb5-4fa4-a97d-d965ccfc6d4b" outcome="Passed" testListId="8c84fa94-04c1-424b-9868-57a2d4851a1d" relativeResultsDirectory="f8dbf7fb-415b-4b48-801b-759e7dd232c5" />
    <UnitTestResult executionId="afc379ee-a51f-49b9-acf2-98e3ad469262" testId="ed111a96-f7df-f477-c96d-714e23ca5010" testName="Constructor_NullBackoffFactory_ArgumentNullExceptionThrown" computerName="DKSR-EFI-04" duration="00:00:00.0005222" startTime="2023-12-22T09:34:02.4538846+01:00" endTime="2023-12-22T09:34:02.4544990+01:00" testType="13cdc9d9-ddb5-4fa4-a97d-d965ccfc6d4b" outcome="Passed" testListId="8c84fa94-04c1-424b-9868-57a2d4851a1d" relativeResultsDirectory="afc379ee-a51f-49b9-acf2-98e3ad469262" />
    <UnitTestResult executionId="df4be462-eb68-4b2b-a886-717875d9a222" testId="6ff8ce12-3a89-4c23-4057-6feda1935cde" testName="Create_ServiceAvailableRule_For_Management_Server" computerName="DKSR-EFI-04" duration="00:00:00.0008366" startTime="2023-12-22T09:34:01.6608892+01:00" endTime="2023-12-22T09:34:01.6618823+01:00" testType="13cdc9d9-ddb5-4fa4-a97d-d965ccfc6d4b" outcome="Passed" testListId="8c84fa94-04c1-424b-9868-57a2d4851a1d" relativeResultsDirectory="df4be462-eb68-4b2b-a886-717875d9a222" />
    <UnitTestResult executionId="d2dcead1-24ab-4f9d-b1f8-3e9e5f1271a4" testId="7b33cd1b-30f8-4c46-5f24-f8c6eccff7d6" testName="TestWarningToNormal" computerName="DKSR-EFI-04" duration="00:00:00.0004992" startTime="2023-12-22T09:34:01.7023632+01:00" endTime="2023-12-22T09:34:01.7029292+01:00" testType="13cdc9d9-ddb5-4fa4-a97d-d965ccfc6d4b" outcome="Passed" testListId="8c84fa94-04c1-424b-9868-57a2d4851a1d" relativeResultsDirectory="d2dcead1-24ab-4f9d-b1f8-3e9e5f1271a4" />
    <UnitTestResult executionId="30ed4793-2eb1-47b2-97b6-6d359b145f28" testId="51fe990d-f9b5-9650-8a46-30e36f885a83" testName="GrpcProfile_Convert_PerformanceCounterInstance_From_gRPC (SingleInstance,RateOfCountsPerSecond32,SingleInstance,RateOfCountsPerSecond32)" computerName="DKSR-EFI-04" duration="00:00:00.0071028" startTime="2023-12-22T09:33:54.0938222+01:00" endTime="2023-12-22T09:33:54.1012629+01:00" testType="13cdc9d9-ddb5-4fa4-a97d-d965ccfc6d4b" outcome="Passed" testListId="8c84fa94-04c1-424b-9868-57a2d4851a1d" relativeResultsDirectory="30ed4793-2eb1-47b2-97b6-6d359b145f28" />
    <UnitTestResult executionId="431ef811-3549-4c77-9c4f-9ed5b879306c" testId="4f974434-3fcb-64ab-2f1f-df2d4526d151" testName="GrpcProfile_Convert_PerformanceCounterInstance_From_gRPC (Unknown,AverageBase,Unknown,AverageBase)" computerName="DKSR-EFI-04" duration="00:00:00.0061602" startTime="2023-12-22T09:33:53.8930752+01:00" endTime="2023-12-22T09:33:53.8994490+01:00" testType="13cdc9d9-ddb5-4fa4-a97d-d965ccfc6d4b" outcome="Passed" testListId="8c84fa94-04c1-424b-9868-57a2d4851a1d" relativeResultsDirectory="431ef811-3549-4c77-9c4f-9ed5b879306c" />
    <UnitTestResult executionId="e8091ef7-2456-42e5-800b-9022b6797bb1" testId="26b5fabf-ab3d-b243-aa81-450d655a5d65" testName="CameraCounterRule_Does_Not_Sample_When_Recording_Server_Is_Down" computerName="DKSR-EFI-04" duration="00:00:00.0096674" startTime="2023-12-22T09:34:01.6683186+01:00" endTime="2023-12-22T09:34:01.6781234+01:00" testType="13cdc9d9-ddb5-4fa4-a97d-d965ccfc6d4b" outcome="Passed" testListId="8c84fa94-04c1-424b-9868-57a2d4851a1d" relativeResultsDirectory="e8091ef7-2456-42e5-800b-9022b6797bb1" />
    <UnitTestResult executionId="8a004ef4-4eb4-46c9-b28d-d8e788ee2b0a" testId="0d55939e-09c9-ad9a-4e63-d7508536a51e" testName="CollectPerformanceCounter_Publish_UnSuccess" computerName="DKSR-EFI-04" duration="00:00:00.0053704" startTime="2023-12-22T09:34:01.9581524+01:00" endTime="2023-12-22T09:34:01.9636738+01:00" testType="13cdc9d9-ddb5-4fa4-a97d-d965ccfc6d4b" outcome="Passed" testListId="8c84fa94-04c1-424b-9868-57a2d4851a1d" relativeResultsDirectory="8a004ef4-4eb4-46c9-b28d-d8e788ee2b0a" />
    <UnitTestResult executionId="24fc6894-36c1-4349-8468-309c7d2a1712" testId="186c13bb-2e67-56c4-3dc6-d5304e8eabec" testName="SampleRulesService_Publish_UnSuccess" computerName="DKSR-EFI-04" duration="00:00:00.0043800" startTime="2023-12-22T09:34:02.1682742+01:00" endTime="2023-12-22T09:34:02.1727771+01:00" testType="13cdc9d9-ddb5-4fa4-a97d-d965ccfc6d4b" outcome="Passed" testListId="8c84fa94-04c1-424b-9868-57a2d4851a1d" relativeResultsDirectory="24fc6894-36c1-4349-8468-309c7d2a1712" />
    <UnitTestResult executionId="d22dba8e-a927-4b6a-9214-6f163ff71909" testId="644c0b9b-f1b3-c077-0fbf-419abcfe5a03" testName="Handle_UpdateNonDefaultExistingDefaultRule_RuleUpdated" computerName="DKSR-EFI-04" duration="00:00:00.0032887" startTime="2023-12-22T09:34:02.3084402+01:00" endTime="2023-12-22T09:34:02.3118329+01:00" testType="13cdc9d9-ddb5-4fa4-a97d-d965ccfc6d4b" outcome="Passed" testListId="8c84fa94-04c1-424b-9868-57a2d4851a1d" relativeResultsDirectory="d22dba8e-a927-4b6a-9214-6f163ff71909" />
    <UnitTestResult executionId="46f9a0f2-6abc-4b6b-be12-8ae8eb9f2bc5" testId="78604b2c-a311-579e-e7c2-9e0672f7ec49" testName="GrpcProfile_Convert_PerformanceCounterInstance_From_gRPC (SingleInstance,CounterDelta64,SingleInstance,CounterDelta64)" computerName="DKSR-EFI-04" duration="00:00:00.0073878" startTime="2023-12-22T09:33:53.9684236+01:00" endTime="2023-12-22T09:33:53.9761684+01:00" testType="13cdc9d9-ddb5-4fa4-a97d-d965ccfc6d4b" outcome="Passed" testListId="8c84fa94-04c1-424b-9868-57a2d4851a1d" relativeResultsDirectory="46f9a0f2-6abc-4b6b-be12-8ae8eb9f2bc5" />
    <UnitTestResult executionId="86b5e6ab-1b19-4123-847c-50cf0368bb08" testId="cce81d0d-7524-14d8-1776-9582b5f767ce" testName="Handle_RuleConfigurationIsEmpty_EventNotPublished" computerName="DKSR-EFI-04" duration="00:00:00.0071338" startTime="2023-12-22T09:34:02.3118638+01:00" endTime="2023-12-22T09:34:02.3191651+01:00" testType="13cdc9d9-ddb5-4fa4-a97d-d965ccfc6d4b" outcome="Passed" testListId="8c84fa94-04c1-424b-9868-57a2d4851a1d" relativeResultsDirectory="86b5e6ab-1b19-4123-847c-50cf0368bb08" />
    <UnitTestResult executionId="18800678-a58d-45b6-8a31-1e72119fdf62" testId="65e7a117-e8ad-0e02-af6a-d0d040856dbf" testName="Handle_OneMultiRuleCounterRule_OneRulesAddedMulitRuleRegistered" computerName="DKSR-EFI-04" duration="00:00:00.0051864" startTime="2023-12-22T09:34:02.2865218+01:00" endTime="2023-12-22T09:34:02.2918163+01:00" testType="13cdc9d9-ddb5-4fa4-a97d-d965ccfc6d4b" outcome="Passed" testListId="8c84fa94-04c1-424b-9868-57a2d4851a1d" relativeResultsDirectory="18800678-a58d-45b6-8a31-1e72119fdf62" />
    <UnitTestResult executionId="cc177b95-72a4-4d50-ad1d-3c0ffc082ead" testId="5eef7678-3658-a360-7c66-155012753cc6" testName="GrpcProfile_Convert_PerformanceCounterInstance_To_gRPC (SingleInstance,CounterMultiTimer100NsInverse,SingleInstance,CounterMultiTimer100NsInverse)" computerName="DKSR-EFI-04" duration="00:00:00.0060406" startTime="2023-12-22T09:33:54.2294175+01:00" endTime="2023-12-22T09:33:54.2356788+01:00" testType="13cdc9d9-ddb5-4fa4-a97d-d965ccfc6d4b" outcome="Passed" testListId="8c84fa94-04c1-424b-9868-57a2d4851a1d" relativeResultsDirectory="cc177b95-72a4-4d50-ad1d-3c0ffc082ead" />
    <UnitTestResult executionId="30058e65-ba01-4122-8c53-205a5a503024" testId="1ee1d707-a255-abb7-f51f-4bda160bf7ba" testName="PerformanceCounterInstancesService_CategoryType_is_MultiInstance_InstanceName_IsNotNullOrEmpty_empty_instanceNames" computerName="DKSR-EFI-04" duration="00:00:00.0016643" startTime="2023-12-22T09:34:02.0361588+01:00" endTime="2023-12-22T09:34:02.0379003+01:00" testType="13cdc9d9-ddb5-4fa4-a97d-d965ccfc6d4b" outcome="Passed" testListId="8c84fa94-04c1-424b-9868-57a2d4851a1d" relativeResultsDirectory="30058e65-ba01-4122-8c53-205a5a503024" />
    <UnitTestResult executionId="c4253fc2-29ad-488b-8065-26b661f14c9b" testId="84baf05c-9eb8-f1b8-ce32-e89043e0c1ec" testName="ExponentialBackOff_Delay_MsAboveMax_Success" computerName="DKSR-EFI-04" duration="00:00:00.0014301" startTime="2023-12-22T09:34:02.5329614+01:00" endTime="2023-12-22T09:34:02.5344853+01:00" testType="13cdc9d9-ddb5-4fa4-a97d-d965ccfc6d4b" outcome="Passed" testListId="8c84fa94-04c1-424b-9868-57a2d4851a1d" relativeResultsDirectory="c4253fc2-29ad-488b-8065-26b661f14c9b" />
    <UnitTestResult executionId="36f2833a-5468-4e2c-b61d-27365a60b701" testId="96e62a72-4051-2184-ae6e-4a7352950c94" testName="MultiCounterRule_RegisterPerformanceCounterInstance_performanceCounterInstancePath_NullCheck" computerName="DKSR-EFI-04" duration="00:00:00.0003998" startTime="2023-12-22T09:34:02.3440134+01:00" endTime="2023-12-22T09:34:02.3444868+01:00" testType="13cdc9d9-ddb5-4fa4-a97d-d965ccfc6d4b" outcome="Passed" testListId="8c84fa94-04c1-424b-9868-57a2d4851a1d" relativeResultsDirectory="36f2833a-5468-4e2c-b61d-27365a60b701" />
    <UnitTestResult executionId="4cf30a89-e1c2-4c59-a858-dd4606465758" testId="87641036-3581-f60b-2504-66a6d5fadf8e" testName="StatePerValue_AddStateChange_StateChange_Handled" computerName="DKSR-EFI-04" duration="00:00:00.0038603" startTime="2023-12-22T09:34:01.7371967+01:00" endTime="2023-12-22T09:34:01.7411243+01:00" testType="13cdc9d9-ddb5-4fa4-a97d-d965ccfc6d4b" outcome="Passed" testListId="8c84fa94-04c1-424b-9868-57a2d4851a1d" relativeResultsDirectory="4cf30a89-e1c2-4c59-a858-dd4606465758" />
    <UnitTestResult executionId="cdb34a7d-6e98-4838-a755-c0de4c5d7a3a" testId="77825dbc-4b5a-3e6f-372e-709f2c66eab6" testName="MultiCounterRule_AddStateChanged_NotAllCountersAreReported_NoStateChangeSend" computerName="DKSR-EFI-04" duration="00:00:00.0006035" startTime="2023-12-22T09:34:02.3549580+01:00" endTime="2023-12-22T09:34:02.3556475+01:00" testType="13cdc9d9-ddb5-4fa4-a97d-d965ccfc6d4b" outcome="Passed" testListId="8c84fa94-04c1-424b-9868-57a2d4851a1d" relativeResultsDirectory="cdb34a7d-6e98-4838-a755-c0de4c5d7a3a" />
    <UnitTestResult executionId="9135d120-e9b2-4fab-8361-efc015043df3" testId="e4c42926-42ae-b6a7-8938-185ff57f96ce" testName="GrpcProfile_Convert_PerformanceCounterInstance_From_gRPC (SingleInstance,CounterMultiTimerInverse,SingleInstance,CounterMultiTimerInverse)" computerName="DKSR-EFI-04" duration="00:00:00.0065966" startTime="2023-12-22T09:33:54.0151554+01:00" endTime="2023-12-22T09:33:54.0219992+01:00" testType="13cdc9d9-ddb5-4fa4-a97d-d965ccfc6d4b" outcome="Passed" testListId="8c84fa94-04c1-424b-9868-57a2d4851a1d" relativeResultsDirectory="9135d120-e9b2-4fab-8361-efc015043df3" />
    <UnitTestResult executionId="9ab4732c-2eb6-4622-b108-c4c147b46618" testId="03c52b9d-1a4a-3caa-7e64-4adf92c9079c" testName="GrpcProfile_Convert_PerformanceCounterInstance_From_gRPC (SingleInstance,CounterMultiTimer100Ns,SingleInstance,CounterMultiTimer100Ns)" computerName="DKSR-EFI-04" duration="00:00:00.0067826" startTime="2023-12-22T09:33:54.0013122+01:00" endTime="2023-12-22T09:33:54.0083654+01:00" testType="13cdc9d9-ddb5-4fa4-a97d-d965ccfc6d4b" outcome="Passed" testListId="8c84fa94-04c1-424b-9868-57a2d4851a1d" relativeResultsDirectory="9ab4732c-2eb6-4622-b108-c4c147b46618" />
    <UnitTestResult executionId="85ad8908-49a4-4f74-9536-c9a1eb3d9575" testId="d8191e3e-fdbe-95df-6929-5e8da32e536e" testName="RuleConfigurationChangeEventHandler_Handle_UpdateRule_NoneDefault_Success" computerName="DKSR-EFI-04" duration="00:00:00.0036494" startTime="2023-12-22T09:34:01.7795250+01:00" endTime="2023-12-22T09:34:01.7832848+01:00" testType="13cdc9d9-ddb5-4fa4-a97d-d965ccfc6d4b" outcome="Passed" testListId="8c84fa94-04c1-424b-9868-57a2d4851a1d" relativeResultsDirectory="85ad8908-49a4-4f74-9536-c9a1eb3d9575" />
    <UnitTestResult executionId="321fb0a3-733e-4dfc-8872-6f2855de83d4" testId="be7a1e43-41d6-ff2e-2b1d-0be81a83588e" testName="TestAddCounterValue" computerName="DKSR-EFI-04" duration="00:00:00.0006931" startTime="2023-12-22T09:34:01.7142572+01:00" endTime="2023-12-22T09:34:01.7150960+01:00" testType="13cdc9d9-ddb5-4fa4-a97d-d965ccfc6d4b" outcome="Passed" testListId="8c84fa94-04c1-424b-9868-57a2d4851a1d" relativeResultsDirectory="321fb0a3-733e-4dfc-8872-6f2855de83d4" />
    <UnitTestResult executionId="52a19e2a-65c9-4889-a7f5-b42eb3fc7949" testId="4bf1a41f-44d0-1eff-0232-2c87f1dda1c3" testName="GetState_ChangesFromCriticalToWarningWithoutLatency_On0AsLatency" computerName="DKSR-EFI-04" duration="00:00:00.0004752" startTime="2023-12-22T09:34:01.7061442+01:00" endTime="2023-12-22T09:34:01.7066826+01:00" testType="13cdc9d9-ddb5-4fa4-a97d-d965ccfc6d4b" outcome="Passed" testListId="8c84fa94-04c1-424b-9868-57a2d4851a1d" relativeResultsDirectory="52a19e2a-65c9-4889-a7f5-b42eb3fc7949" />
    <UnitTestResult executionId="9522576f-a7ad-4c34-9abe-0d082ca5ab06" testId="faf77f42-28b5-8cc7-1919-733d9606a624" testName="GrpcProfile_Convert_PerformanceCounterInstance_From_gRPC (SingleInstance,CounterDelta32,SingleInstance,CounterDelta32)" computerName="DKSR-EFI-04" duration="00:00:00.0064347" startTime="2023-12-22T09:33:53.9132884+01:00" endTime="2023-12-22T09:33:53.9199344+01:00" testType="13cdc9d9-ddb5-4fa4-a97d-d965ccfc6d4b" outcome="Passed" testListId="8c84fa94-04c1-424b-9868-57a2d4851a1d" relativeResultsDirectory="9522576f-a7ad-4c34-9abe-0d082ca5ab06" />
    <UnitTestResult executionId="41fd7e46-d6d5-400b-9dd2-02384c3948e5" testId="6d356566-2d30-1013-0e60-6f433ad05d1c" testName="MultiCounterRule_AddStateChanged_state_NullCheck" computerName="DKSR-EFI-04" duration="00:00:00.0006154" startTime="2023-12-22T09:34:02.3433122+01:00" endTime="2023-12-22T09:34:02.3439888+01:00" testType="13cdc9d9-ddb5-4fa4-a97d-d965ccfc6d4b" outcome="Passed" testListId="8c84fa94-04c1-424b-9868-57a2d4851a1d" relativeResultsDirectory="41fd7e46-d6d5-400b-9dd2-02384c3948e5" />
    <UnitTestResult executionId="c4caed1b-d5e2-4fdd-9623-a56b5d7a3021" testId="501f756b-c317-73bb-beb6-0e2cbd503059" testName="ReportGpuCounterInstancesService_ExecuteAsync_HasHACapability_False_Success" computerName="DKSR-EFI-04" duration="00:00:00.0047514" startTime="2023-12-22T09:34:02.0986395+01:00" endTime="2023-12-22T09:34:02.1035091+01:00" testType="13cdc9d9-ddb5-4fa4-a97d-d965ccfc6d4b" outcome="Passed" testListId="8c84fa94-04c1-424b-9868-57a2d4851a1d" relativeResultsDirectory="c4caed1b-d5e2-4fdd-9623-a56b5d7a3021" />
    <UnitTestResult executionId="a5e8c928-b57b-444b-b0ce-d60cefb53c8b" testId="788cedb0-2991-afe2-64ae-a1902da32320" testName="GrpcProfile_Convert_PerformanceCounterInstance_From_gRPC (SingleInstance,AverageTimer32,SingleInstance,AverageTimer32)" computerName="DKSR-EFI-04" duration="00:00:00.0065816" startTime="2023-12-22T09:33:53.9064306+01:00" endTime="2023-12-22T09:33:53.9132239+01:00" testType="13cdc9d9-ddb5-4fa4-a97d-d965ccfc6d4b" outcome="Passed" testListId="8c84fa94-04c1-424b-9868-57a2d4851a1d" relativeResultsDirectory="a5e8c928-b57b-444b-b0ce-d60cefb53c8b" />
    <UnitTestResult executionId="da603c69-c953-4657-97d9-518dee0e7a03" testId="cdb86832-64e6-236f-44cb-7c8df3c7157e" testName="GrpcProfile_Convert_PerformanceCounterInstance_To_gRPC (SingleInstance,NumberOfItems32,SingleInstance,NumberOfItems32)" computerName="DKSR-EFI-04" duration="00:00:00.0061847" startTime="2023-12-22T09:33:54.2983524+01:00" endTime="2023-12-22T09:33:54.3047996+01:00" testType="13cdc9d9-ddb5-4fa4-a97d-d965ccfc6d4b" outcome="Passed" testListId="8c84fa94-04c1-424b-9868-57a2d4851a1d" relativeResultsDirectory="da603c69-c953-4657-97d9-518dee0e7a03" />
    <UnitTestResult executionId="f5a8ffa0-2fc1-4e55-9c7d-e2f8a9f104f3" testId="d3520677-fe4d-39f1-9066-c64d1760fa85" testName="TestGetSampleOk" computerName="DKSR-EFI-04" duration="00:00:06.5228205" startTime="2023-12-22T09:33:54.9297808+01:00" endTime="2023-12-22T09:34:01.4528492+01:00" testType="13cdc9d9-ddb5-4fa4-a97d-d965ccfc6d4b" outcome="Passed" testListId="8c84fa94-04c1-424b-9868-57a2d4851a1d" relativeResultsDirectory="f5a8ffa0-2fc1-4e55-9c7d-e2f8a9f104f3" />
    <UnitTestResult executionId="1e289c4d-a85d-4431-9873-f42b55099488" testId="cb8513ef-d253-8f8d-c8ca-038ef0c934ab" testName="Handle_ExceptionCaughtAndReturnedAsResponse" computerName="DKSR-EFI-04" duration="00:00:00.0027131" startTime="2023-12-22T09:34:02.5042344+01:00" endTime="2023-12-22T09:34:02.5070325+01:00" testType="13cdc9d9-ddb5-4fa4-a97d-d965ccfc6d4b" outcome="Passed" testListId="8c84fa94-04c1-424b-9868-57a2d4851a1d" relativeResultsDirectory="1e289c4d-a85d-4431-9873-f42b55099488" />
    <UnitTestResult executionId="f673aa37-bf4f-497d-9de5-e3c2a25d8d18" testId="9c9fbf0b-dbf5-5e05-7bb6-8bef9c13570d" testName="GetState_DoesNotChangeFromCriticalToNormal_OnCriticalEqualWarningAndValuesWithinBuffer" computerName="DKSR-EFI-04" duration="00:00:00.0004672" startTime="2023-12-22T09:34:01.7067072+01:00" endTime="2023-12-22T09:34:01.7072378+01:00" testType="13cdc9d9-ddb5-4fa4-a97d-d965ccfc6d4b" outcome="Passed" testListId="8c84fa94-04c1-424b-9868-57a2d4851a1d" relativeResultsDirectory="f673aa37-bf4f-497d-9de5-e3c2a25d8d18" />
    <UnitTestResult executionId="0ae63a33-e786-456c-ab79-a88090131803" testId="8395b262-31d0-82cb-0058-22ea34a69ca0" testName="OnRecordingServerIsUp_Is_Not_Called_On_Normal_State_Change_For_Management_Server" computerName="DKSR-EFI-04" duration="00:00:00.0022106" startTime="2023-12-22T09:34:01.7288302+01:00" endTime="2023-12-22T09:34:01.7311251+01:00" testType="13cdc9d9-ddb5-4fa4-a97d-d965ccfc6d4b" outcome="Passed" testListId="8c84fa94-04c1-424b-9868-57a2d4851a1d" relativeResultsDirectory="0ae63a33-e786-456c-ab79-a88090131803" />
    <UnitTestResult executionId="1aa47ce3-2a68-439b-82db-0ecc45871f2b" testId="941ab43f-fa60-c35d-f02a-430777c437e2" testName="MultiCounterRule_AddStateChanged_StateChangeSend" computerName="DKSR-EFI-04" duration="00:00:00.0014760" startTime="2023-12-22T09:34:02.3525235+01:00" endTime="2023-12-22T09:34:02.3541594+01:00" testType="13cdc9d9-ddb5-4fa4-a97d-d965ccfc6d4b" outcome="Passed" testListId="8c84fa94-04c1-424b-9868-57a2d4851a1d" relativeResultsDirectory="1aa47ce3-2a68-439b-82db-0ecc45871f2b" />
    <UnitTestResult executionId="cc727eed-16ef-427a-bc54-a4f6c7227433" testId="51707cbc-1754-a50f-c462-13fcddfc865d" testName="RuleConfigurationChangeEventHandler_Handle_DeleteRule_Default_Success" computerName="DKSR-EFI-04" duration="00:00:00.0029153" startTime="2023-12-22T09:34:01.7833282+01:00" endTime="2023-12-22T09:34:01.7863467+01:00" testType="13cdc9d9-ddb5-4fa4-a97d-d965ccfc6d4b" outcome="Passed" testListId="8c84fa94-04c1-424b-9868-57a2d4851a1d" relativeResultsDirectory="cc727eed-16ef-427a-bc54-a4f6c7227433" />
    <UnitTestResult executionId="3fbdbbe9-194e-4454-8212-6c8528bf9183" testId="09a4dd5a-4bf9-562c-1006-1590b5153f1a" testName="GrpcProfile_Convert_PerformanceCounterInstance_From_gRPC (SingleInstance,CounterMultiBase,SingleInstance,CounterMultiBase)" computerName="DKSR-EFI-04" duration="00:00:00.0073826" startTime="2023-12-22T09:33:53.9762389+01:00" endTime="2023-12-22T09:33:53.9839171+01:00" testType="13cdc9d9-ddb5-4fa4-a97d-d965ccfc6d4b" outcome="Passed" testListId="8c84fa94-04c1-424b-9868-57a2d4851a1d" relativeResultsDirectory="3fbdbbe9-194e-4454-8212-6c8528bf9183" />
    <UnitTestResult executionId="4aca3226-0dfa-46ae-bcc2-f0902cedb023" testId="f9fe0745-dfe2-f07e-22a8-1c70db29181c" testName="GrpcProfile_Configuration_IsValid" computerName="DKSR-EFI-04" duration="00:00:00.3109447" startTime="2023-12-22T09:33:53.4569886+01:00" endTime="2023-12-22T09:33:53.8005844+01:00" testType="13cdc9d9-ddb5-4fa4-a97d-d965ccfc6d4b" outcome="Passed" testListId="8c84fa94-04c1-424b-9868-57a2d4851a1d" relativeResultsDirectory="4aca3226-0dfa-46ae-bcc2-f0902cedb023" />
    <UnitTestResult executionId="e846f9d6-fe20-4628-9213-953d8f833a36" testId="f678ddae-f688-572b-51ed-2c6959a3b96b" testName="TestNormalToWarning_CriticalIsLow" computerName="DKSR-EFI-04" duration="00:00:00.0006499" startTime="2023-12-22T09:34:01.7035189+01:00" endTime="2023-12-22T09:34:01.7042295+01:00" testType="13cdc9d9-ddb5-4fa4-a97d-d965ccfc6d4b" outcome="Passed" testListId="8c84fa94-04c1-424b-9868-57a2d4851a1d" relativeResultsDirectory="e846f9d6-fe20-4628-9213-953d8f833a36" />
    <UnitTestResult executionId="82c0d098-d13f-4f82-b4c0-4b00f8938c34" testId="8d05599b-cac3-45de-1dde-00e83e4032c6" testName="GrpcProfile_Convert_PerformanceCounterInstance_From_gRPC (SingleInstance,NumberOfItems32,SingleInstance,NumberOfItems32)" computerName="DKSR-EFI-04" duration="00:00:00.0093259" startTime="2023-12-22T09:33:54.0582628+01:00" endTime="2023-12-22T09:33:54.0682249+01:00" testType="13cdc9d9-ddb5-4fa4-a97d-d965ccfc6d4b" outcome="Passed" testListId="8c84fa94-04c1-424b-9868-57a2d4851a1d" relativeResultsDirectory="82c0d098-d13f-4f82-b4c0-4b00f8938c34" />
    <UnitTestResult executionId="31b87455-5907-444e-a748-43699e881be3" testId="7eb971a4-7004-7bb9-da83-ad36f68ae629" testName="CameraCounterRule_Sends_State_Changes_When_Recording_Server_Is_Up_Again" computerName="DKSR-EFI-04" duration="00:00:00.0025521" startTime="2023-12-22T09:34:01.6781854+01:00" endTime="2023-12-22T09:34:01.6808257+01:00" testType="13cdc9d9-ddb5-4fa4-a97d-d965ccfc6d4b" outcome="Passed" testListId="8c84fa94-04c1-424b-9868-57a2d4851a1d" relativeResultsDirectory="31b87455-5907-444e-a748-43699e881be3" />
    <UnitTestResult executionId="a44b811b-7fca-43cc-95f3-a0ee9dff27bb" testId="a07db3a2-dced-b2c8-29d6-d33928641529" testName="GrpcProfile_Convert_PerformanceCounterInstance_To_gRPC (SingleInstance,Timer100Ns,SingleInstance,Timer100Ns)" computerName="DKSR-EFI-04" duration="00:00:00.0069196" startTime="2023-12-22T09:33:54.3799188+01:00" endTime="2023-12-22T09:33:54.3870927+01:00" testType="13cdc9d9-ddb5-4fa4-a97d-d965ccfc6d4b" outcome="Passed" testListId="8c84fa94-04c1-424b-9868-57a2d4851a1d" relativeResultsDirectory="a44b811b-7fca-43cc-95f3-a0ee9dff27bb" />
    <UnitTestResult executionId="bc3e0c21-e889-4c49-8418-76ad4ca8f69f" testId="88dee885-4a0b-1acb-3cc4-64e9e6d8f232" testName="MultiCounterRule_AddStateChanged_CounterNotRegistered_NoStateChangeSend" computerName="DKSR-EFI-04" duration="00:00:00.0006171" startTime="2023-12-22T09:34:02.3542074+01:00" endTime="2023-12-22T09:34:02.3549267+01:00" testType="13cdc9d9-ddb5-4fa4-a97d-d965ccfc6d4b" outcome="Passed" testListId="8c84fa94-04c1-424b-9868-57a2d4851a1d" relativeResultsDirectory="bc3e0c21-e889-4c49-8418-76ad4ca8f69f" />
    <UnitTestResult executionId="d4b67921-733f-4f31-b5bc-d2c506e139a6" testId="8d20919f-f7f8-bd56-a9f8-3292aa3f090d" testName="GrpcProfile_Convert_PerformanceCounterInstance_To_gRPC (SingleInstance,CounterDelta64,SingleInstance,CounterDelta64)" computerName="DKSR-EFI-04" duration="00:00:00.0059668" startTime="2023-12-22T09:33:54.2047771+01:00" endTime="2023-12-22T09:33:54.2109636+01:00" testType="13cdc9d9-ddb5-4fa4-a97d-d965ccfc6d4b" outcome="Passed" testListId="8c84fa94-04c1-424b-9868-57a2d4851a1d" relativeResultsDirectory="d4b67921-733f-4f31-b5bc-d2c506e139a6" />
    <UnitTestResult executionId="f62d4ddb-9a54-4479-9a69-d5d0a6614182" testId="f4b5a181-239f-ba4f-6479-f6f8983ad878" testName="MultiCounterRule_AddStateChanged_SameStateAsLast_NoStateChangeSend" computerName="DKSR-EFI-04" duration="00:00:00.0007844" startTime="2023-12-22T09:34:02.3565606+01:00" endTime="2023-12-22T09:34:02.3574299+01:00" testType="13cdc9d9-ddb5-4fa4-a97d-d965ccfc6d4b" outcome="Passed" testListId="8c84fa94-04c1-424b-9868-57a2d4851a1d" relativeResultsDirectory="f62d4ddb-9a54-4479-9a69-d5d0a6614182" />
    <UnitTestResult executionId="09a48e7b-1a7a-4674-b74d-299c8acf0312" testId="2496d861-0a7e-d2ae-5fb7-46627f34e933" testName="RefreshRuleConfigurationEventHandler_Construct_Success" computerName="DKSR-EFI-04" duration="00:00:00.0130133" startTime="2023-12-22T09:34:02.2223009+01:00" endTime="2023-12-22T09:34:02.2355260+01:00" testType="13cdc9d9-ddb5-4fa4-a97d-d965ccfc6d4b" outcome="Passed" testListId="8c84fa94-04c1-424b-9868-57a2d4851a1d" relativeResultsDirectory="09a48e7b-1a7a-4674-b74d-299c8acf0312" />
    <UnitTestResult executionId="582a42b0-b7ad-4e0c-b0a0-2765203f7c04" testId="94710dae-71e3-f97c-7af2-0bd9ab8f45ff" testName="StateSenderService_ExecuteAsync_StateChangeData_Success" computerName="DKSR-EFI-04" duration="00:00:00.0049990" startTime="2023-12-22T09:34:02.2019644+01:00" endTime="2023-12-22T09:34:02.2070900+01:00" testType="13cdc9d9-ddb5-4fa4-a97d-d965ccfc6d4b" outcome="Passed" testListId="8c84fa94-04c1-424b-9868-57a2d4851a1d" relativeResultsDirectory="582a42b0-b7ad-4e0c-b0a0-2765203f7c04" />
    <UnitTestResult executionId="e2916d88-a5f3-4a9e-8b66-642ad643308a" testId="e30a50e4-5fc5-9d5d-10f7-16ecb2e1b63d" testName="RegisterServiceApplicationsService_NotifyCompleteBase_Called_Success" computerName="DKSR-EFI-04" duration="00:00:00.0093248" startTime="2023-12-22T09:34:02.0547402+01:00" endTime="2023-12-22T09:34:02.0641827+01:00" testType="13cdc9d9-ddb5-4fa4-a97d-d965ccfc6d4b" outcome="Passed" testListId="8c84fa94-04c1-424b-9868-57a2d4851a1d" relativeResultsDirectory="e2916d88-a5f3-4a9e-8b66-642ad643308a" />
    <UnitTestResult executionId="c6e4e67c-442a-4085-b9d7-a5b30b3b4fdb" testId="d7553a73-609b-31b3-8296-8251fbab72df" testName="GrpcProfile_Convert_PerformanceCounterInstance_From_gRPC (SingleInstance,CounterMultiTimer100NsInverse,SingleInstance,CounterMultiTimer100NsInverse)" computerName="DKSR-EFI-04" duration="00:00:00.0064295" startTime="2023-12-22T09:33:54.0084293+01:00" endTime="2023-12-22T09:33:54.0150871+01:00" testType="13cdc9d9-ddb5-4fa4-a97d-d965ccfc6d4b" outcome="Passed" testListId="8c84fa94-04c1-424b-9868-57a2d4851a1d" relativeResultsDirectory="c6e4e67c-442a-4085-b9d7-a5b30b3b4fdb" />
    <UnitTestResult executionId="b4e5ac97-1c42-4ce0-a9d8-2a449373f25a" testId="b74bbce8-76ae-b494-3531-735db43046c1" testName="GrpcProfile_Convert_PerformanceCounterInstance_From_gRPC (SingleInstance,Timer100NsInverse,SingleInstance,Timer100NsInverse)" computerName="DKSR-EFI-04" duration="00:00:00.0054793" startTime="2023-12-22T09:33:54.1577782+01:00" endTime="2023-12-22T09:33:54.1635009+01:00" testType="13cdc9d9-ddb5-4fa4-a97d-d965ccfc6d4b" outcome="Passed" testListId="8c84fa94-04c1-424b-9868-57a2d4851a1d" relativeResultsDirectory="b4e5ac97-1c42-4ce0-a9d8-2a449373f25a" />
    <UnitTestResult executionId="b0baaade-8610-44fd-a125-73b15ee081d4" testId="682f39ff-c527-cc70-f782-4a8356476033" testName="MultiCounterRule_Constructor_DefaultValuesCorrect" computerName="DKSR-EFI-04" duration="00:00:00.0003224" startTime="2023-12-22T09:34:02.3412951+01:00" endTime="2023-12-22T09:34:02.3417989+01:00" testType="13cdc9d9-ddb5-4fa4-a97d-d965ccfc6d4b" outcome="Passed" testListId="8c84fa94-04c1-424b-9868-57a2d4851a1d" relativeResultsDirectory="b0baaade-8610-44fd-a125-73b15ee081d4" />
    <UnitTestResult executionId="17f44256-90bc-48ff-852c-55abdc5255b9" testId="190d2d53-1b4e-0dc3-9c07-b8d5bab45c24" testName="GrpcProfile_Convert_PerformanceCounterInstance_To_gRPC (SingleInstance,SampleBase,SingleInstance,SampleBase)" computerName="DKSR-EFI-04" duration="00:00:00.0077292" startTime="2023-12-22T09:33:54.3573452+01:00" endTime="2023-12-22T09:33:54.3653105+01:00" testType="13cdc9d9-ddb5-4fa4-a97d-d965ccfc6d4b" outcome="Passed" testListId="8c84fa94-04c1-424b-9868-57a2d4851a1d" relativeResultsDirectory="17f44256-90bc-48ff-852c-55abdc5255b9" />
    <UnitTestResult executionId="42abd1e8-be90-40f0-8577-b26dac479793" testId="7ec75eb2-96db-bb40-1a70-8f9387bcf4e8" testName="PerformanceCounterInstancesService_CategoryType_is_NotMultiInstanc_InstanceName_IsNullOrEmpty_different_instanceNames" computerName="DKSR-EFI-04" duration="00:00:00.0019411" startTime="2023-12-22T09:34:02.0427714+01:00" endTime="2023-12-22T09:34:02.0448222+01:00" testType="13cdc9d9-ddb5-4fa4-a97d-d965ccfc6d4b" outcome="Passed" testListId="8c84fa94-04c1-424b-9868-57a2d4851a1d" relativeResultsDirectory="42abd1e8-be90-40f0-8577-b26dac479793" />
    <UnitTestResult executionId="e5eab991-3609-4d8a-846f-2972d7c35ad2" testId="5920768f-a09b-6c0f-417f-b3ee6ae36445" testName="ReportMachinePropertiesServiceTests_ExecuteAsync_NoCounterStateRules_Logging_Success" computerName="DKSR-EFI-04" duration="00:00:00.0110092" startTime="2023-12-22T09:34:02.1035567+01:00" endTime="2023-12-22T09:34:02.1147427+01:00" testType="13cdc9d9-ddb5-4fa4-a97d-d965ccfc6d4b" outcome="Passed" testListId="8c84fa94-04c1-424b-9868-57a2d4851a1d" relativeResultsDirectory="e5eab991-3609-4d8a-846f-2972d7c35ad2" />
    <UnitTestResult executionId="3941fab4-abc4-4b48-962d-876a350e9a66" testId="8724891d-a3de-bc9f-bddf-a6e41d5fb0b7" testName="ConfigurationRefreshService_ExecuteAsync_Publish_Success" computerName="DKSR-EFI-04" duration="00:00:00.0084592" startTime="2023-12-22T09:34:02.0103740+01:00" endTime="2023-12-22T09:34:02.0189598+01:00" testType="13cdc9d9-ddb5-4fa4-a97d-d965ccfc6d4b" outcome="Passed" testListId="8c84fa94-04c1-424b-9868-57a2d4851a1d" relativeResultsDirectory="3941fab4-abc4-4b48-962d-876a350e9a66" />
    <UnitTestResult executionId="22bfa0e3-3e07-43b0-97ea-c785459dc6ab" testId="52def85d-81ac-9b7f-ee30-945ebfbe2838" testName="TestCriticalToWarning" computerName="DKSR-EFI-04" duration="00:00:00.0004967" startTime="2023-12-22T09:34:01.7010987+01:00" endTime="2023-12-22T09:34:01.7016698+01:00" testType="13cdc9d9-ddb5-4fa4-a97d-d965ccfc6d4b" outcome="Passed" testListId="8c84fa94-04c1-424b-9868-57a2d4851a1d" relativeResultsDirectory="22bfa0e3-3e07-43b0-97ea-c785459dc6ab" />
    <UnitTestResult executionId="a136f872-1320-417f-b805-0be9486a17f8" testId="0da96e81-bcfd-8493-6a94-d056dcc4529c" testName="Create_Device_Storage_Counter_Rule_As_CameraStateCounterRule" computerName="DKSR-EFI-04" duration="00:00:00.0010173" startTime="2023-12-22T09:34:01.6584433+01:00" endTime="2023-12-22T09:34:01.6595281+01:00" testType="13cdc9d9-ddb5-4fa4-a97d-d965ccfc6d4b" outcome="Passed" testListId="8c84fa94-04c1-424b-9868-57a2d4851a1d" relativeResultsDirectory="a136f872-1320-417f-b805-0be9486a17f8" />
    <UnitTestResult executionId="08a5d200-0a83-4027-8a23-19267aae3b0d" testId="e4391781-a192-ebbd-41be-41a67e46b978" testName="ReportMachinePropertiesServerCommandHandler_Handle_Success" computerName="DKSR-EFI-04" duration="00:00:00.3005065" startTime="2023-12-22T09:33:54.6197951+01:00" endTime="2023-12-22T09:33:54.9205930+01:00" testType="13cdc9d9-ddb5-4fa4-a97d-d965ccfc6d4b" outcome="Passed" testListId="8c84fa94-04c1-424b-9868-57a2d4851a1d" relativeResultsDirectory="08a5d200-0a83-4027-8a23-19267aae3b0d" />
    <UnitTestResult executionId="24ee189b-f377-4bf3-ba0e-9ea7d36e7eea" testId="694f79c7-ac74-8a87-349f-231c28d7dd63" testName="ServiceAvailableRule_Of_Type_Recorder_Sends_State_Changes_When_Recording_Server_Is_Down" computerName="DKSR-EFI-04" duration="00:00:00.0017840" startTime="2023-12-22T09:34:01.7311554+01:00" endTime="2023-12-22T09:34:01.7330862+01:00" testType="13cdc9d9-ddb5-4fa4-a97d-d965ccfc6d4b" outcome="Passed" testListId="8c84fa94-04c1-424b-9868-57a2d4851a1d" relativeResultsDirectory="24ee189b-f377-4bf3-ba0e-9ea7d36e7eea" />
    <UnitTestResult executionId="4a10e8da-a1d9-460f-82aa-a0911619a824" testId="b642fba7-8689-3412-10ea-3f6f9e68b79c" testName="TestEnterCriticalMode" computerName="DKSR-EFI-04" duration="00:00:00.0006858" startTime="2023-12-22T09:34:01.7151215+01:00" endTime="2023-12-22T09:34:01.7158671+01:00" testType="13cdc9d9-ddb5-4fa4-a97d-d965ccfc6d4b" outcome="Passed" testListId="8c84fa94-04c1-424b-9868-57a2d4851a1d" relativeResultsDirectory="4a10e8da-a1d9-460f-82aa-a0911619a824" />
    <UnitTestResult executionId="04ccb09e-1d8f-4a25-930b-108c3e9c3979" testId="4ed78ddb-e516-1ff4-e25c-3c424ea71b42" testName="ReportGpuCounterInstancesService_ExecuteAsync_HasHACapability_True_Success" computerName="DKSR-EFI-04" duration="00:00:00.0341576" startTime="2023-12-22T09:34:02.0642329+01:00" endTime="2023-12-22T09:34:02.0985844+01:00" testType="13cdc9d9-ddb5-4fa4-a97d-d965ccfc6d4b" outcome="Passed" testListId="8c84fa94-04c1-424b-9868-57a2d4851a1d" relativeResultsDirectory="04ccb09e-1d8f-4a25-930b-108c3e9c3979" />
    <UnitTestResult executionId="637eb933-9919-47b8-bd95-d576ae41a1da" testId="bbb98ce1-8155-9818-a92c-741f2fe74e75" testName="ConfigurationRefreshService_ExecuteAsync_ConfigurationInError_LoggingOrPublishNotCalled_Success" computerName="DKSR-EFI-04" duration="00:00:00.0078341" startTime="2023-12-22T09:34:02.0023551+01:00" endTime="2023-12-22T09:34:02.0103175+01:00" testType="13cdc9d9-ddb5-4fa4-a97d-d965ccfc6d4b" outcome="Passed" testListId="8c84fa94-04c1-424b-9868-57a2d4851a1d" relativeResultsDirectory="637eb933-9919-47b8-bd95-d576ae41a1da" />
    <UnitTestResult executionId="5d754c68-f314-46b2-b8b9-90ee67ea1f9b" testId="131c3b44-8b74-3b18-021b-51f93e473e84" testName="BatchSenderService_ExecuteAsync_OperationCanceledException_Handled" computerName="DKSR-EFI-04" duration="00:00:00.0053318" startTime="2023-12-22T09:34:01.9122412+01:00" endTime="2023-12-22T09:34:01.9177282+01:00" testType="13cdc9d9-ddb5-4fa4-a97d-d965ccfc6d4b" outcome="Passed" testListId="8c84fa94-04c1-424b-9868-57a2d4851a1d" relativeResultsDirectory="5d754c68-f314-46b2-b8b9-90ee67ea1f9b" />
    <UnitTestResult executionId="e01c4fcd-80b4-440a-8334-2eb3af3a91eb" testId="7eabb075-ff83-f5cd-546c-65e688fd5d4e" testName="AddPerformanceCounterDataWithConfigRefreshServerCommandHandler_Handle_Success" computerName="DKSR-EFI-04" duration="00:00:00.0047201" startTime="2023-12-22T09:34:02.3638658+01:00" endTime="2023-12-22T09:34:02.3687598+01:00" testType="13cdc9d9-ddb5-4fa4-a97d-d965ccfc6d4b" outcome="Passed" testListId="8c84fa94-04c1-424b-9868-57a2d4851a1d" relativeResultsDirectory="e01c4fcd-80b4-440a-8334-2eb3af3a91eb" />
    <UnitTestResult executionId="5fd4b0f3-6679-41e6-a402-54fa8c583041" testId="b968cc6f-353f-a351-2f3d-7ec20d9cb73c" testName="Handle_OneMultiRuleCounterRuleDeleted_RuleDeletedMulitRuleUnRegistered" computerName="DKSR-EFI-04" duration="00:00:00.0043656" startTime="2023-12-22T09:34:02.2918656+01:00" endTime="2023-12-22T09:34:02.2963374+01:00" testType="13cdc9d9-ddb5-4fa4-a97d-d965ccfc6d4b" outcome="Passed" testListId="8c84fa94-04c1-424b-9868-57a2d4851a1d" relativeResultsDirectory="5fd4b0f3-6679-41e6-a402-54fa8c583041" />
    <UnitTestResult executionId="b09f0658-0f9d-41c6-8e3a-ea08414f3bc9" testId="cd5a3630-cfe8-4a8a-2127-10d71912a605" testName="CameraUsedSpaceCounterRule_Send_Camera_State_Changes_And_Block_When_Recording_Server_Is_Down" computerName="DKSR-EFI-04" duration="00:00:00.0029079" startTime="2023-12-22T09:34:02.3381961+01:00" endTime="2023-12-22T09:34:02.3412596+01:00" testType="13cdc9d9-ddb5-4fa4-a97d-d965ccfc6d4b" outcome="Passed" testListId="8c84fa94-04c1-424b-9868-57a2d4851a1d" relativeResultsDirectory="b09f0658-0f9d-41c6-8e3a-ea08414f3bc9" />
    <UnitTestResult executionId="2925b790-fc3a-4b44-b4ef-98a9f1a11b45" testId="7d3a8a97-1c1c-ccde-6683-75a79a53c5fa" testName="DeleteStateServerCommandCommandHandler_Handle_Success" computerName="DKSR-EFI-04" duration="00:00:00.0053431" startTime="2023-12-22T09:34:02.3251868+01:00" endTime="2023-12-22T09:34:02.3306991+01:00" testType="13cdc9d9-ddb5-4fa4-a97d-d965ccfc6d4b" outcome="Passed" testListId="8c84fa94-04c1-424b-9868-57a2d4851a1d" relativeResultsDirectory="2925b790-fc3a-4b44-b4ef-98a9f1a11b45" />
    <UnitTestResult executionId="692ee9f6-6a6d-43f9-a538-3131ac472bf2" testId="bd80aa3a-9b4a-acf7-fad9-f68c8d5790bd" testName="Handle_OneDefaultCounterRule_OneRulesAdded" computerName="DKSR-EFI-04" duration="00:00:00.0045200" startTime="2023-12-22T09:34:02.2817475+01:00" endTime="2023-12-22T09:34:02.2864723+01:00" testType="13cdc9d9-ddb5-4fa4-a97d-d965ccfc6d4b" outcome="Passed" testListId="8c84fa94-04c1-424b-9868-57a2d4851a1d" relativeResultsDirectory="692ee9f6-6a6d-43f9-a538-3131ac472bf2" />
    <UnitTestResult executionId="9a459feb-20e4-44dd-9164-b82bbf5480e9" testId="699c5c0a-646e-a9ec-cfbc-59a1a2373f7b" testName="RuleConfigurationRefreshService_ExecuteAsync_Exception_Unhandled" computerName="DKSR-EFI-04" duration="00:00:00.0051095" startTime="2023-12-22T09:34:02.1397163+01:00" endTime="2023-12-22T09:34:02.1449331+01:00" testType="13cdc9d9-ddb5-4fa4-a97d-d965ccfc6d4b" outcome="Passed" testListId="8c84fa94-04c1-424b-9868-57a2d4851a1d" relativeResultsDirectory="9a459feb-20e4-44dd-9164-b82bbf5480e9" />
    <UnitTestResult executionId="3dde1657-f9f9-43a1-a739-1fdecd5b115f" testId="fab3a637-2ec9-b6e4-89b8-705e3693c98f" testName="Convert_FromPerformanceCounterValueListToGetPerformanceCounterValuesResponse_Success" computerName="DKSR-EFI-04" duration="00:00:00.2007156" startTime="2023-12-22T09:33:54.4186506+01:00" endTime="2023-12-22T09:33:54.6197197+01:00" testType="13cdc9d9-ddb5-4fa4-a97d-d965ccfc6d4b" outcome="Passed" testListId="8c84fa94-04c1-424b-9868-57a2d4851a1d" relativeResultsDirectory="3dde1657-f9f9-43a1-a739-1fdecd5b115f" />
    <UnitTestResult executionId="b4f4db71-6064-4fb4-878b-812ba58d40bd" testId="dd0bf543-8588-64d8-5d95-f86fa3760bc1" testName="GrpcProfile_Convert_PerformanceCounterInstance_From_gRPC (SingleInstance,RateOfCountsPerSecond64,SingleInstance,RateOfCountsPerSecond64)" computerName="DKSR-EFI-04" duration="00:00:00.0067053" startTime="2023-12-22T09:33:54.1013313+01:00" endTime="2023-12-22T09:33:54.1083974+01:00" testType="13cdc9d9-ddb5-4fa4-a97d-d965ccfc6d4b" outcome="Passed" testListId="8c84fa94-04c1-424b-9868-57a2d4851a1d" relativeResultsDirectory="b4f4db71-6064-4fb4-878b-812ba58d40bd" />
    <UnitTestResult executionId="1c64aae4-0c2e-43b2-9817-07b79d2a9c10" testId="4a8ff443-cd35-ffb1-1a11-5b5a0918f861" testName="DeleteNonActiveStatesServerCommandHandler_Handle_Success" computerName="DKSR-EFI-04" duration="00:00:00.0032154" startTime="2023-12-22T09:34:02.3217567+01:00" endTime="2023-12-22T09:34:02.3251452+01:00" testType="13cdc9d9-ddb5-4fa4-a97d-d965ccfc6d4b" outcome="Passed" testListId="8c84fa94-04c1-424b-9868-57a2d4851a1d" relativeResultsDirectory="1c64aae4-0c2e-43b2-9817-07b79d2a9c10" />
    <UnitTestResult executionId="ccf2b16e-70d9-456a-af70-f995f96315ff" testId="e407e0ba-6cb1-0800-b521-2ff79d107d24" testName="Handle_HandledExceptionTypes_ExceptionReturnedAsResponseAndLogged (System.Threading.ThreadInterruptedException,Thread was interrupted from a waiting state.)" computerName="DKSR-EFI-04" duration="00:00:00.0052580" startTime="2023-12-22T09:34:02.4954063+01:00" endTime="2023-12-22T09:34:02.5041835+01:00" testType="13cdc9d9-ddb5-4fa4-a97d-d965ccfc6d4b" outcome="Passed" testListId="8c84fa94-04c1-424b-9868-57a2d4851a1d" relativeResultsDirectory="ccf2b16e-70d9-456a-af70-f995f96315ff" />
    <UnitTestResult executionId="cddaca18-3625-430e-97a1-79dcac8a8970" testId="fd00792d-20b1-587f-ae4f-a969fa97761d" testName="GrpcProfile_Convert_CounterStateRulesConfigurationUpdate_From_gRPC" computerName="DKSR-EFI-04" duration="00:00:00.0157343" startTime="2023-12-22T09:33:54.3931705+01:00" endTime="2023-12-22T09:33:54.4090573+01:00" testType="13cdc9d9-ddb5-4fa4-a97d-d965ccfc6d4b" outcome="Passed" testListId="8c84fa94-04c1-424b-9868-57a2d4851a1d" relativeResultsDirectory="cddaca18-3625-430e-97a1-79dcac8a8970" />
    <UnitTestResult executionId="27496ae8-ad6d-4d63-ad18-bf0948cf8eb6" testId="b6945496-a8c9-3335-844f-a4bb7af7778d" testName="CounterRule_Samples_When_Recording_Server_Is_Down" computerName="DKSR-EFI-04" duration="00:00:00.0021825" startTime="2023-12-22T09:34:01.7119730+01:00" endTime="2023-12-22T09:34:01.7142310+01:00" testType="13cdc9d9-ddb5-4fa4-a97d-d965ccfc6d4b" outcome="Passed" testListId="8c84fa94-04c1-424b-9868-57a2d4851a1d" relativeResultsDirectory="27496ae8-ad6d-4d63-ad18-bf0948cf8eb6" />
    <UnitTestResult executionId="e19c74cf-dc5e-476f-a679-092781888cfe" testId="69bce976-2948-5bce-e392-f7dabb085718" testName="RequestBaseResponse_EnsureResponseIsOfTypeResult_Succeeds" computerName="DKSR-EFI-04" duration="00:00:00.1435399" startTime="2023-12-22T09:34:01.4958220+01:00" endTime="2023-12-22T09:34:01.6397398+01:00" testType="13cdc9d9-ddb5-4fa4-a97d-d965ccfc6d4b" outcome="Passed" testListId="8c84fa94-04c1-424b-9868-57a2d4851a1d" relativeResultsDirectory="e19c74cf-dc5e-476f-a679-092781888cfe" />
    <UnitTestResult executionId="5d38ddfb-8d8b-4850-9019-037a2d99269f" testId="ff9adbab-55b1-7cc5-e2f5-26ac977840fc" testName="AddBackOffFactoryExtension_AddExponentialBackOffFactory_Success" computerName="DKSR-EFI-04" duration="00:00:00.0060797" startTime="2023-12-22T09:34:02.5179678+01:00" endTime="2023-12-22T09:34:02.5242353+01:00" testType="13cdc9d9-ddb5-4fa4-a97d-d965ccfc6d4b" outcome="Passed" testListId="8c84fa94-04c1-424b-9868-57a2d4851a1d" relativeResultsDirectory="5d38ddfb-8d8b-4850-9019-037a2d99269f" />
    <UnitTestResult executionId="dc25226b-d62b-498b-afc7-53d1062b96c3" testId="8c325ed6-65e2-d5e0-7146-93fb614d7bdc" testName="TestWarningNotToNormal" computerName="DKSR-EFI-04" duration="00:00:00.0004807" startTime="2023-12-22T09:34:01.7029544+01:00" endTime="2023-12-22T09:34:01.7034944+01:00" testType="13cdc9d9-ddb5-4fa4-a97d-d965ccfc6d4b" outcome="Passed" testListId="8c84fa94-04c1-424b-9868-57a2d4851a1d" relativeResultsDirectory="dc25226b-d62b-498b-afc7-53d1062b96c3" />
    <UnitTestResult executionId="e5bbe223-8c95-441a-965c-ac5a256488f5" testId="4aa86a56-21a3-5305-cf5e-b07bff289215" testName="CameraStateCounterRule_Send_Camera_State_Changes_And_Block_When_Recording_Server_Is_Down" computerName="DKSR-EFI-04" duration="00:00:00.0007891" startTime="2023-12-22T09:34:02.3372627+01:00" endTime="2023-12-22T09:34:02.3381686+01:00" testType="13cdc9d9-ddb5-4fa4-a97d-d965ccfc6d4b" outcome="Passed" testListId="8c84fa94-04c1-424b-9868-57a2d4851a1d" relativeResultsDirectory="e5bbe223-8c95-441a-965c-ac5a256488f5" />
    <UnitTestResult executionId="bfea2808-2fb7-458c-ab07-4079bd7409e4" testId="042a5e53-8165-ed7f-c2f5-93ab16a213e4" testName="RuleConfigurationChangeEventHandler_Handle_UpdateRule_Default_Success" computerName="DKSR-EFI-04" duration="00:00:00.0092362" startTime="2023-12-22T09:34:01.7700612+01:00" endTime="2023-12-22T09:34:01.7794776+01:00" testType="13cdc9d9-ddb5-4fa4-a97d-d965ccfc6d4b" outcome="Passed" testListId="8c84fa94-04c1-424b-9868-57a2d4851a1d" relativeResultsDirectory="bfea2808-2fb7-458c-ab07-4079bd7409e4" />
    <UnitTestResult executionId="4e6d3184-8651-447d-92f8-0532a1fdb560" testId="909c7173-0a37-a622-9d5e-5b69f5417c9f" testName="StateChangeEventHandlerTests_Handle_MultiruleStateChanged_Success" computerName="DKSR-EFI-04" duration="00:00:00.0175734" startTime="2023-12-22T09:34:01.7898808+01:00" endTime="2023-12-22T09:34:01.8076411+01:00" testType="13cdc9d9-ddb5-4fa4-a97d-d965ccfc6d4b" outcome="Passed" testListId="8c84fa94-04c1-424b-9868-57a2d4851a1d" relativeResultsDirectory="4e6d3184-8651-447d-92f8-0532a1fdb560" />
    <UnitTestResult executionId="b26cb433-7af0-4715-a9be-2b4ff9cd5ab4" testId="c9b7057a-351a-cd8b-be9b-a46229782806" testName="MultiCounterRule_Constructor_counterPath_NullCheck" computerName="DKSR-EFI-04" duration="00:00:00.0010805" startTime="2023-12-22T09:34:02.3418257+01:00" endTime="2023-12-22T09:34:02.3429897+01:00" testType="13cdc9d9-ddb5-4fa4-a97d-d965ccfc6d4b" outcome="Passed" testListId="8c84fa94-04c1-424b-9868-57a2d4851a1d" relativeResultsDirectory="b26cb433-7af0-4715-a9be-2b4ff9cd5ab4" />
    <UnitTestResult executionId="0e5fc233-65d8-4847-ba8c-62c551086a34" testId="ab1d4923-a026-1795-5755-522e048944a7" testName="RegisterServiceApplicationsServerCommandHandler_Handle_NonCluster_Success" computerName="DKSR-EFI-04" duration="00:00:00.0060671" startTime="2023-12-22T09:34:02.4089813+01:00" endTime="2023-12-22T09:34:02.4152497+01:00" testType="13cdc9d9-ddb5-4fa4-a97d-d965ccfc6d4b" outcome="Passed" testListId="8c84fa94-04c1-424b-9868-57a2d4851a1d" relativeResultsDirectory="0e5fc233-65d8-4847-ba8c-62c551086a34" />
    <UnitTestResult executionId="37ece129-38f0-4fd5-8fd5-37c8f741d143" testId="857a0cd9-34cd-f527-db93-a9c2863f1f6f" testName="GrpcProfile_Convert_PerformanceCounterInstance_To_gRPC (Unknown,AverageBase,Unknown,AverageBase)" computerName="DKSR-EFI-04" duration="00:00:00.0060757" startTime="2023-12-22T09:33:54.1770699+01:00" endTime="2023-12-22T09:33:54.1833778+01:00" testType="13cdc9d9-ddb5-4fa4-a97d-d965ccfc6d4b" outcome="Passed" testListId="8c84fa94-04c1-424b-9868-57a2d4851a1d" relativeResultsDirectory="37ece129-38f0-4fd5-8fd5-37c8f741d143" />
    <UnitTestResult executionId="2c7e169c-90b3-432d-9c56-34064a9eafa5" testId="b2bf6d26-899b-8a2a-7aeb-d236f401a560" testName="TestWarningToCritical" computerName="DKSR-EFI-04" duration="00:00:00.0004136" startTime="2023-12-22T09:34:01.6996283+01:00" endTime="2023-12-22T09:34:01.7000919+01:00" testType="13cdc9d9-ddb5-4fa4-a97d-d965ccfc6d4b" outcome="Passed" testListId="8c84fa94-04c1-424b-9868-57a2d4851a1d" relativeResultsDirectory="2c7e169c-90b3-432d-9c56-34064a9eafa5" />
    <UnitTestResult executionId="8c814e47-c2f2-4ac9-8a19-57aee5206bbc" testId="c3fd3bc7-273f-e43c-863e-a58d2266df8f" testName="StateChangeEventHandlerTests_Handle_NotMultiRule_Success" computerName="DKSR-EFI-04" duration="00:00:00.0023855" startTime="2023-12-22T09:34:01.8111363+01:00" endTime="2023-12-22T09:34:01.8136222+01:00" testType="13cdc9d9-ddb5-4fa4-a97d-d965ccfc6d4b" outcome="Passed" testListId="8c84fa94-04c1-424b-9868-57a2d4851a1d" relativeResultsDirectory="8c814e47-c2f2-4ac9-8a19-57aee5206bbc" />
    <UnitTestResult executionId="2369c4c8-fa5e-44b0-adbd-4d8c607d7e7c" testId="139433f1-14bb-597a-2547-28af946a96f4" testName="ServiceAvailableRule_Sends_State_Changes_When_Management_Server_Is_Down" computerName="DKSR-EFI-04" duration="00:00:00.0015940" startTime="2023-12-22T09:34:01.7331148+01:00" endTime="2023-12-22T09:34:01.7347823+01:00" testType="13cdc9d9-ddb5-4fa4-a97d-d965ccfc6d4b" outcome="Passed" testListId="8c84fa94-04c1-424b-9868-57a2d4851a1d" relativeResultsDirectory="2369c4c8-fa5e-44b0-adbd-4d8c607d7e7c" />
    <UnitTestResult executionId="ce5b5249-370c-4a6b-98af-b89df28013e4" testId="26dcfa33-6247-a37b-79c8-56ac74769800" testName="StateSenderService_ExecuteAsync_DeleteStateChangeData_Success" computerName="DKSR-EFI-04" duration="00:00:00.0176677" startTime="2023-12-22T09:34:02.1840351+01:00" endTime="2023-12-22T09:34:02.2019013+01:00" testType="13cdc9d9-ddb5-4fa4-a97d-d965ccfc6d4b" outcome="Passed" testListId="8c84fa94-04c1-424b-9868-57a2d4851a1d" relativeResultsDirectory="ce5b5249-370c-4a6b-98af-b89df28013e4" />
    <UnitTestResult executionId="ee737692-616f-42fc-9036-e099d66a94dc" testId="2817a6c5-4772-d668-f0ed-19f73668e12e" testName="StateSenderService_ExecuteAsync_Exception_Unhandled" computerName="DKSR-EFI-04" duration="00:00:00.0053408" startTime="2023-12-22T09:34:02.2110898+01:00" endTime="2023-12-22T09:34:02.2165459+01:00" testType="13cdc9d9-ddb5-4fa4-a97d-d965ccfc6d4b" outcome="Passed" testListId="8c84fa94-04c1-424b-9868-57a2d4851a1d" relativeResultsDirectory="ee737692-616f-42fc-9036-e099d66a94dc" />
    <UnitTestResult executionId="6d005deb-0c83-446b-9117-efe52ffea53f" testId="0d952583-9938-dbda-2675-8e1752504066" testName="Create_Processor_Counter_Rule_As_CounterRule" computerName="DKSR-EFI-04" duration="00:00:00.0010528" startTime="2023-12-22T09:34:01.6524443+01:00" endTime="2023-12-22T09:34:01.6535949+01:00" testType="13cdc9d9-ddb5-4fa4-a97d-d965ccfc6d4b" outcome="Passed" testListId="8c84fa94-04c1-424b-9868-57a2d4851a1d" relativeResultsDirectory="6d005deb-0c83-446b-9117-efe52ffea53f" />
    <UnitTestResult executionId="4300e98f-9cf0-4fdc-b6a3-854e7d32c9ba" testId="8fe8d5db-8f0f-6a86-3d21-19ce71a5128c" testName="GrpcProfile_Convert_PerformanceCounterInstance_To_gRPC (SingleInstance,RawFraction,SingleInstance,RawFraction)" computerName="DKSR-EFI-04" duration="00:00:00.0079016" startTime="2023-12-22T09:33:54.3491307+01:00" endTime="2023-12-22T09:33:54.3572805+01:00" testType="13cdc9d9-ddb5-4fa4-a97d-d965ccfc6d4b" outcome="Passed" testListId="8c84fa94-04c1-424b-9868-57a2d4851a1d" relativeResultsDirectory="4300e98f-9cf0-4fdc-b6a3-854e7d32c9ba" />
    <UnitTestResult executionId="a08cb1f8-3d70-45b8-a67f-5b3e66f69321" testId="6d97cd94-2168-d955-149b-ef7afef44406" testName="RegisterInstalledServicesService_EnumServiceApplicationsInDevelopment_AllServicesInstalled" computerName="DKSR-EFI-04" duration="00:00:00.0193236" startTime="2023-12-22T09:34:02.3796939+01:00" endTime="2023-12-22T09:34:02.3991824+01:00" testType="13cdc9d9-ddb5-4fa4-a97d-d965ccfc6d4b" outcome="Passed" testListId="8c84fa94-04c1-424b-9868-57a2d4851a1d" relativeResultsDirectory="a08cb1f8-3d70-45b8-a67f-5b3e66f69321" />
    <UnitTestResult executionId="3f1f3d04-91c4-4be1-99db-4e8a00a9b77e" testId="5ae78c04-a37e-09c3-cedb-5577bb18cf57" testName="SendBatchToServerServerCommandHandler_Handle_Success" computerName="DKSR-EFI-04" duration="00:00:00.0043749" startTime="2023-12-22T09:34:02.2165954+01:00" endTime="2023-12-22T09:34:02.2211558+01:00" testType="13cdc9d9-ddb5-4fa4-a97d-d965ccfc6d4b" outcome="Passed" testListId="8c84fa94-04c1-424b-9868-57a2d4851a1d" relativeResultsDirectory="3f1f3d04-91c4-4be1-99db-4e8a00a9b77e" />
    <UnitTestResult executionId="688188ed-fd41-493b-b759-1d3ac42fe4d4" testId="5b34268e-1ae9-16aa-0f1f-cc66b2f8a847" testName="GrpcProfile_Convert_PerformanceCounterInstance_From_gRPC (SingleInstance,CountPerTimeInterval32,SingleInstance,CountPerTimeInterval32)" computerName="DKSR-EFI-04" duration="00:00:00.0072337" startTime="2023-12-22T09:33:54.0362253+01:00" endTime="2023-12-22T09:33:54.0437120+01:00" testType="13cdc9d9-ddb5-4fa4-a97d-d965ccfc6d4b" outcome="Passed" testListId="8c84fa94-04c1-424b-9868-57a2d4851a1d" relativeResultsDirectory="688188ed-fd41-493b-b759-1d3ac42fe4d4" />
    <UnitTestResult executionId="f56ee8fb-76f2-4fcd-9f5a-fb4b3263f611" testId="89a2dc9c-9c27-c927-4a9e-4946a4dde683" testName="Handle_RequestHasBeenCancelled_ResponseIsError" computerName="DKSR-EFI-04" duration="00:00:00.0080095" startTime="2023-12-22T09:34:02.4548901+01:00" endTime="2023-12-22T09:34:02.4629653+01:00" testType="13cdc9d9-ddb5-4fa4-a97d-d965ccfc6d4b" outcome="Passed" testListId="8c84fa94-04c1-424b-9868-57a2d4851a1d" relativeResultsDirectory="f56ee8fb-76f2-4fcd-9f5a-fb4b3263f611" />
    <UnitTestResult executionId="39b66754-d179-4a34-8793-1213da628609" testId="0a70eb16-4944-b00d-d000-856a83d548eb" testName="Constructor_CorrectArguments_Success" computerName="DKSR-EFI-04" duration="00:00:00.0002186" startTime="2023-12-22T09:34:02.4545716+01:00" endTime="2023-12-22T09:34:02.4548657+01:00" testType="13cdc9d9-ddb5-4fa4-a97d-d965ccfc6d4b" outcome="Passed" testListId="8c84fa94-04c1-424b-9868-57a2d4851a1d" relativeResultsDirectory="39b66754-d179-4a34-8793-1213da628609" />
    <UnitTestResult executionId="3a7ee6a6-64d9-47d8-bb88-1249ebebe2de" testId="7bc469cf-da7d-24b4-5617-2bba68ec0484" testName="GetState_ShouldBeNormal_OnWarningNegativeOneAndBelowCriticalThreshold" computerName="DKSR-EFI-04" duration="00:00:00.0004702" startTime="2023-12-22T09:34:01.7089041+01:00" endTime="2023-12-22T09:34:01.7094333+01:00" testType="13cdc9d9-ddb5-4fa4-a97d-d965ccfc6d4b" outcome="Passed" testListId="8c84fa94-04c1-424b-9868-57a2d4851a1d" relativeResultsDirectory="3a7ee6a6-64d9-47d8-bb88-1249ebebe2de" />
    <UnitTestResult executionId="f1cf5562-6255-4933-b0d6-6d2dc30a3ed3" testId="ae86d6e1-ef94-3aa8-522e-f9723d06c0a7" testName="BatchSenderService_ExecuteAsync_Exception_Unhandled" computerName="DKSR-EFI-04" duration="00:00:00.0146678" startTime="2023-12-22T09:34:01.9177845+01:00" endTime="2023-12-22T09:34:01.9325752+01:00" testType="13cdc9d9-ddb5-4fa4-a97d-d965ccfc6d4b" outcome="Passed" testListId="8c84fa94-04c1-424b-9868-57a2d4851a1d" relativeResultsDirectory="f1cf5562-6255-4933-b0d6-6d2dc30a3ed3" />
    <UnitTestResult executionId="59678eda-53b1-4fe4-a5b6-97ce055ebaff" testId="076dda98-8eb1-8934-c4c9-8add82f9c600" testName="ConfigurationRefreshService_ExecuteAsync_OperationCanceledException_Handled" computerName="DKSR-EFI-04" duration="00:00:00.0040246" startTime="2023-12-22T09:34:02.0190177+01:00" endTime="2023-12-22T09:34:02.0231628+01:00" testType="13cdc9d9-ddb5-4fa4-a97d-d965ccfc6d4b" outcome="Passed" testListId="8c84fa94-04c1-424b-9868-57a2d4851a1d" relativeResultsDirectory="59678eda-53b1-4fe4-a5b6-97ce055ebaff" />
    <UnitTestResult executionId="8fb8a140-f42d-4686-a37c-95fe40c1b7de" testId="02b6ef18-d677-896e-9b82-b0ae72b5b818" testName="Validate_CameraCounterRule_With_InValid_Path" computerName="DKSR-EFI-04" duration="00:00:00.0002895" startTime="2023-12-22T09:34:01.6602108+01:00" endTime="2023-12-22T09:34:01.6605657+01:00" testType="13cdc9d9-ddb5-4fa4-a97d-d965ccfc6d4b" outcome="Passed" testListId="8c84fa94-04c1-424b-9868-57a2d4851a1d" relativeResultsDirectory="8fb8a140-f42d-4686-a37c-95fe40c1b7de" />
    <UnitTestResult executionId="c92237da-c0b6-4b26-a9b3-26fac54bb319" testId="d056c79e-705c-f316-51ce-9a6d4e940388" testName="TestGetSampleInstanceNotFound" computerName="DKSR-EFI-04" duration="00:00:00.0020623" startTime="2023-12-22T09:34:01.4909222+01:00" endTime="2023-12-22T09:34:01.4930753+01:00" testType="13cdc9d9-ddb5-4fa4-a97d-d965ccfc6d4b" outcome="Passed" testListId="8c84fa94-04c1-424b-9868-57a2d4851a1d" relativeResultsDirectory="c92237da-c0b6-4b26-a9b3-26fac54bb319" />
    <UnitTestResult executionId="6d8f4033-866a-4ee7-9e16-75fd6597a6fd" testId="dc47a361-5bda-b35a-500d-ce5be7526334" testName="CameraCounterRule_Send_Camera_State_Changes_And_Block_When_Recording_Server_Is_Down" computerName="DKSR-EFI-04" duration="00:00:00.0041545" startTime="2023-12-22T09:34:01.6639541+01:00" endTime="2023-12-22T09:34:01.6682651+01:00" testType="13cdc9d9-ddb5-4fa4-a97d-d965ccfc6d4b" outcome="Passed" testListId="8c84fa94-04c1-424b-9868-57a2d4851a1d" relativeResultsDirectory="6d8f4033-866a-4ee7-9e16-75fd6597a6fd" />
    <UnitTestResult executionId="a91efa33-2a82-4a4c-8dcf-cb9f1e240cb2" testId="809ff856-d48d-4675-1b0a-c039ce7b4019" testName="GrpcProfile_Convert_PerformanceCounterInstance_To_gRPC (SingleInstance,CounterDelta32,SingleInstance,CounterDelta32)" computerName="DKSR-EFI-04" duration="00:00:00.0060942" startTime="2023-12-22T09:33:54.1984012+01:00" endTime="2023-12-22T09:33:54.2047175+01:00" testType="13cdc9d9-ddb5-4fa4-a97d-d965ccfc6d4b" outcome="Passed" testListId="8c84fa94-04c1-424b-9868-57a2d4851a1d" relativeResultsDirectory="a91efa33-2a82-4a4c-8dcf-cb9f1e240cb2" />
    <UnitTestResult executionId="b85a8250-cc87-4ab5-af0b-882aa95a6b00" testId="1d9c3ea7-5e42-64d7-db55-99f408b9a03c" testName="CollectPerformanceCounter_Publish_Success" computerName="DKSR-EFI-04" duration="00:00:00.0252296" startTime="2023-12-22T09:34:01.9326330+01:00" endTime="2023-12-22T09:34:01.9580900+01:00" testType="13cdc9d9-ddb5-4fa4-a97d-d965ccfc6d4b" outcome="Passed" testListId="8c84fa94-04c1-424b-9868-57a2d4851a1d" relativeResultsDirectory="b85a8250-cc87-4ab5-af0b-882aa95a6b00" />
    <UnitTestResult executionId="848a0551-404e-4116-9b88-8e254d1fabec" testId="287ee013-9707-f5ff-696c-4235086b68bf" testName="GrpcProfile_Convert_PerformanceCounterInstance_To_gRPC (SingleInstance,CounterMultiTimerInverse,SingleInstance,CounterMultiTimerInverse)" computerName="DKSR-EFI-04" duration="00:00:00.0061284" startTime="2023-12-22T09:33:54.2357392+01:00" endTime="2023-12-22T09:33:54.2420925+01:00" testType="13cdc9d9-ddb5-4fa4-a97d-d965ccfc6d4b" outcome="Passed" testListId="8c84fa94-04c1-424b-9868-57a2d4851a1d" relativeResultsDirectory="848a0551-404e-4116-9b88-8e254d1fabec" />
    <UnitTestResult executionId="e6d2244f-eb77-4776-95cd-68efb303d2ad" testId="f6d448c5-4148-7e4d-d3e4-ca66f13de697" testName="GrpcProfile_Convert_PerformanceCounterInstance_From_gRPC (SingleInstance,CounterTimerInverse,SingleInstance,CounterTimerInverse)" computerName="DKSR-EFI-04" duration="00:00:00.0069157" startTime="2023-12-22T09:33:54.0289961+01:00" endTime="2023-12-22T09:33:54.0361565+01:00" testType="13cdc9d9-ddb5-4fa4-a97d-d965ccfc6d4b" outcome="Passed" testListId="8c84fa94-04c1-424b-9868-57a2d4851a1d" relativeResultsDirectory="e6d2244f-eb77-4776-95cd-68efb303d2ad" />
    <UnitTestResult executionId="22efa084-7086-4445-9c57-5a4c48e6e265" testId="f95052db-bfc6-9a6c-303c-0d71fdbf7ece" testName="OnRecordingServerIsDown_Is_Not_Called_On_Critical_State_Change_For_Management_Server" computerName="DKSR-EFI-04" duration="00:00:00.0022152" startTime="2023-12-22T09:34:01.7241900+01:00" endTime="2023-12-22T09:34:01.7265152+01:00" testType="13cdc9d9-ddb5-4fa4-a97d-d965ccfc6d4b" outcome="Passed" testListId="8c84fa94-04c1-424b-9868-57a2d4851a1d" relativeResultsDirectory="22efa084-7086-4445-9c57-5a4c48e6e265" />
    <UnitTestResult executionId="62f1b338-a825-4998-9923-041b9e915151" testId="59fbf208-5128-2ef3-ad86-e4eb64ea7808" testName="PerformanceCounterInstancesService_CategoryType_is_MultiInstance_InstanceName_IsNullOrEmpty_instanceNames_hasAName" computerName="DKSR-EFI-04" duration="00:00:00.0017215" startTime="2023-12-22T09:34:02.0343112+01:00" endTime="2023-12-22T09:34:02.0361253+01:00" testType="13cdc9d9-ddb5-4fa4-a97d-d965ccfc6d4b" outcome="Passed" testListId="8c84fa94-04c1-424b-9868-57a2d4851a1d" relativeResultsDirectory="62f1b338-a825-4998-9923-041b9e915151" />
    <UnitTestResult executionId="2c35b9f4-e3ea-4362-a6b2-b01dbdf07da8" testId="342a4ac3-a8c1-9d9f-adb8-d835ef932b07" testName="Create_Device_Counter_Rule_As_CameraCounterRule" computerName="DKSR-EFI-04" duration="00:00:00.0009233" startTime="2023-12-22T09:34:01.6549602+01:00" endTime="2023-12-22T09:34:01.6559507+01:00" testType="13cdc9d9-ddb5-4fa4-a97d-d965ccfc6d4b" outcome="Passed" testListId="8c84fa94-04c1-424b-9868-57a2d4851a1d" relativeResultsDirectory="2c35b9f4-e3ea-4362-a6b2-b01dbdf07da8" />
    <UnitTestResult executionId="1d6bf76e-bbc8-4e70-9e56-cd9ed9c94b13" testId="e10aba01-7cba-4c4d-7ec5-82c3ac4838b3" testName="GrpcProfile_Convert_PerformanceCounterInstance_To_gRPC (SingleInstance,CounterTimerInverse,SingleInstance,CounterTimerInverse)" computerName="DKSR-EFI-04" duration="00:00:00.0082909" startTime="2023-12-22T09:33:54.2757653+01:00" endTime="2023-12-22T09:33:54.2843842+01:00" testType="13cdc9d9-ddb5-4fa4-a97d-d965ccfc6d4b" outcome="Passed" testListId="8c84fa94-04c1-424b-9868-57a2d4851a1d" relativeResultsDirectory="1d6bf76e-bbc8-4e70-9e56-cd9ed9c94b13" />
    <UnitTestResult executionId="e0e079f4-71ce-40ee-a899-914a4761da7b" testId="f826e7d1-3719-7040-7120-6417618730ca" testName="GetState_ChangesFromWarningToNormalWithoutLatency_On0AsLatency" computerName="DKSR-EFI-04" duration="00:00:00.0012561" startTime="2023-12-22T09:34:01.7047812+01:00" endTime="2023-12-22T09:34:01.7061168+01:00" testType="13cdc9d9-ddb5-4fa4-a97d-d965ccfc6d4b" outcome="Passed" testListId="8c84fa94-04c1-424b-9868-57a2d4851a1d" relativeResultsDirectory="e0e079f4-71ce-40ee-a899-914a4761da7b" />
    <UnitTestResult executionId="0ba61c3c-f595-43f3-9a9c-32d00aab508d" testId="ee6b1c5a-7f98-a1ab-4d57-40ff040030c4" testName="GrpcProfile_Convert_PerformanceCounterInstance_From_gRPC (SingleInstance,RawBase,SingleInstance,RawBase)" computerName="DKSR-EFI-04" duration="00:00:00.0065301" startTime="2023-12-22T09:33:54.1084629+01:00" endTime="2023-12-22T09:33:54.1152337+01:00" testType="13cdc9d9-ddb5-4fa4-a97d-d965ccfc6d4b" outcome="Passed" testListId="8c84fa94-04c1-424b-9868-57a2d4851a1d" relativeResultsDirectory="0ba61c3c-f595-43f3-9a9c-32d00aab508d" />
    <UnitTestResult executionId="d6434fe5-99b0-4669-8a2e-e55a2afc25be" testId="471ffcc3-efc9-aca3-7a59-8e2bb0d7ea49" testName="GrpcProfile_Convert_PerformanceCounterInstance_To_gRPC (SingleInstance,CountPerTimeInterval32,SingleInstance,CountPerTimeInterval32)" computerName="DKSR-EFI-04" duration="00:00:00.0066691" startTime="2023-12-22T09:33:54.2844538+01:00" endTime="2023-12-22T09:33:54.2913819+01:00" testType="13cdc9d9-ddb5-4fa4-a97d-d965ccfc6d4b" outcome="Passed" testListId="8c84fa94-04c1-424b-9868-57a2d4851a1d" relativeResultsDirectory="d6434fe5-99b0-4669-8a2e-e55a2afc25be" />
    <UnitTestResult executionId="abe6e2fc-693d-4897-ac70-fcbf081cc688" testId="1aa99af3-5b2b-befc-03e8-003e181380d2" testName="ReportGpuCounterInstancesServerCommandHandler_Handle_Success" computerName="DKSR-EFI-04" duration="00:00:00.0059671" startTime="2023-12-22T09:34:02.3735378+01:00" endTime="2023-12-22T09:34:02.3796554+01:00" testType="13cdc9d9-ddb5-4fa4-a97d-d965ccfc6d4b" outcome="Passed" testListId="8c84fa94-04c1-424b-9868-57a2d4851a1d" relativeResultsDirectory="abe6e2fc-693d-4897-ac70-fcbf081cc688" />
    <UnitTestResult executionId="d40ad953-ef66-4835-b06f-5f0125a258b0" testId="0503af60-8d2b-c980-ab41-b1e27fcf70e4" testName="CounterStateHandler_SetUndefined_StateChange_Handled" computerName="DKSR-EFI-04" duration="00:00:00.0003752" startTime="2023-12-22T09:34:02.3345217+01:00" endTime="2023-12-22T09:34:02.3349701+01:00" testType="13cdc9d9-ddb5-4fa4-a97d-d965ccfc6d4b" outcome="Passed" testListId="8c84fa94-04c1-424b-9868-57a2d4851a1d" relativeResultsDirectory="d40ad953-ef66-4835-b06f-5f0125a258b0" />
    <UnitTestResult executionId="3babfd5b-eb82-4f29-aec7-952e34d781d5" testId="796fd013-af86-e3bd-e6ae-0bf7213f8fc8" testName="Create_StateHandler_TriggerValue_Is_triggerPerValue_Creates_StatePerValueHandler" computerName="DKSR-EFI-04" duration="00:00:00.0001699" startTime="2023-12-22T09:34:02.3367312+01:00" endTime="2023-12-22T09:34:02.3370674+01:00" testType="13cdc9d9-ddb5-4fa4-a97d-d965ccfc6d4b" outcome="Passed" testListId="8c84fa94-04c1-424b-9868-57a2d4851a1d" relativeResultsDirectory="3babfd5b-eb82-4f29-aec7-952e34d781d5" />
    <UnitTestResult executionId="297a1df7-ebb2-4c16-868b-0726dae85ba2" testId="aa47cb56-64ce-90a9-4ca6-827a19920b9b" testName="StatePerValue_SetUndefined_StateChange_Handled" computerName="DKSR-EFI-04" duration="00:00:00.0003981" startTime="2023-12-22T09:34:01.7411546+01:00" endTime="2023-12-22T09:34:01.7416236+01:00" testType="13cdc9d9-ddb5-4fa4-a97d-d965ccfc6d4b" outcome="Passed" testListId="8c84fa94-04c1-424b-9868-57a2d4851a1d" relativeResultsDirectory="297a1df7-ebb2-4c16-868b-0726dae85ba2" />
    <UnitTestResult executionId="5d7db89c-c92e-4e94-b9e5-a698d602a979" testId="a32af513-828f-588a-e45d-a5de408bd415" testName="GrpcProfile_Convert_PerformanceCounterInstance_From_gRPC (MultiInstance,AverageBase,MultiInstance,AverageBase)" computerName="DKSR-EFI-04" duration="00:00:00.0067983" startTime="2023-12-22T09:33:53.8859877+01:00" endTime="2023-12-22T09:33:53.8930094+01:00" testType="13cdc9d9-ddb5-4fa4-a97d-d965ccfc6d4b" outcome="Passed" testListId="8c84fa94-04c1-424b-9868-57a2d4851a1d" relativeResultsDirectory="5d7db89c-c92e-4e94-b9e5-a698d602a979" />
    <UnitTestResult executionId="6f20e747-d409-4d15-976a-82dd4749f97d" testId="b5d7b95d-112e-8d26-5ade-40d842cbbe1e" testName="RecordingServerChangeStateEventHandler_Handle_Up_Success" computerName="DKSR-EFI-04" duration="00:00:00.0168793" startTime="2023-12-22T09:34:01.7430362+01:00" endTime="2023-12-22T09:34:01.7600775+01:00" testType="13cdc9d9-ddb5-4fa4-a97d-d965ccfc6d4b" outcome="Passed" testListId="8c84fa94-04c1-424b-9868-57a2d4851a1d" relativeResultsDirectory="6f20e747-d409-4d15-976a-82dd4749f97d" />
    <UnitTestResult executionId="f65ba3ca-2602-4062-9b2b-9c2e6f9c505b" testId="3b419f55-e93b-1d0e-5adb-d071b66960b5" testName="GrpcProfile_Convert_PerformanceCounterInstance_From_gRPC (SingleInstance,SampleFraction,SingleInstance,SampleFraction)" computerName="DKSR-EFI-04" duration="00:00:00.0068070" startTime="2023-12-22T09:33:54.1436265+01:00" endTime="2023-12-22T09:33:54.1506812+01:00" testType="13cdc9d9-ddb5-4fa4-a97d-d965ccfc6d4b" outcome="Passed" testListId="8c84fa94-04c1-424b-9868-57a2d4851a1d" relativeResultsDirectory="f65ba3ca-2602-4062-9b2b-9c2e6f9c505b" />
    <UnitTestResult executionId="bfbed8a2-9074-4b31-9086-940da3ab1aec" testId="6ab406ac-04f6-71cf-9e87-769a779fa02d" testName="GrpcProfile_Convert_PerformanceCounterInstance_From_gRPC (SingleInstance,CounterMultiTimer,SingleInstance,CounterMultiTimer)" computerName="DKSR-EFI-04" duration="00:00:00.0169714" startTime="2023-12-22T09:33:53.9839834+01:00" endTime="2023-12-22T09:33:54.0012364+01:00" testType="13cdc9d9-ddb5-4fa4-a97d-d965ccfc6d4b" outcome="Passed" testListId="8c84fa94-04c1-424b-9868-57a2d4851a1d" relativeResultsDirectory="bfbed8a2-9074-4b31-9086-940da3ab1aec" />
    <UnitTestResult executionId="828d8fdc-8218-441a-8ba7-1279d7bddeff" testId="bab43349-a77e-018f-86ef-d25471b79009" testName="GrpcProfile_Convert_PerformanceCounterInstance_From_gRPC (SingleInstance,AverageBase,SingleInstance,AverageBase)" computerName="DKSR-EFI-04" duration="00:00:00.0112704" startTime="2023-12-22T09:33:53.8683289+01:00" endTime="2023-12-22T09:33:53.8859158+01:00" testType="13cdc9d9-ddb5-4fa4-a97d-d965ccfc6d4b" outcome="Passed" testListId="8c84fa94-04c1-424b-9868-57a2d4851a1d" relativeResultsDirectory="828d8fdc-8218-441a-8ba7-1279d7bddeff" />
    <UnitTestResult executionId="494f28e1-02f1-438d-956a-de83ca0f8504" testId="42316c48-ee5d-5729-b9d2-4ff148ed11a2" testName="GrpcProfile_Convert_PerformanceCounterInstance_From_gRPC (SingleInstance,SampleBase,SingleInstance,SampleBase)" computerName="DKSR-EFI-04" duration="00:00:00.0111239" startTime="2023-12-22T09:33:54.1251324+01:00" endTime="2023-12-22T09:33:54.1365518+01:00" testType="13cdc9d9-ddb5-4fa4-a97d-d965ccfc6d4b" outcome="Passed" testListId="8c84fa94-04c1-424b-9868-57a2d4851a1d" relativeResultsDirectory="494f28e1-02f1-438d-956a-de83ca0f8504" />
    <UnitTestResult executionId="4e7fbddd-5acb-4895-853f-281a1c8b2d45" testId="5c19205c-85fc-e78c-412b-c8c8e351e5f3" testName="GrpcProfile_Convert_PerformanceCounterInstance_To_gRPC (SingleInstance,SampleCounter,SingleInstance,SampleCounter)" computerName="DKSR-EFI-04" duration="00:00:00.0067524" startTime="2023-12-22T09:33:54.3661846+01:00" endTime="2023-12-22T09:33:54.3732257+01:00" testType="13cdc9d9-ddb5-4fa4-a97d-d965ccfc6d4b" outcome="Passed" testListId="8c84fa94-04c1-424b-9868-57a2d4851a1d" relativeResultsDirectory="4e7fbddd-5acb-4895-853f-281a1c8b2d45" />
    <UnitTestResult executionId="536c1cd5-fe1a-4465-9c8e-b9e5bca011a6" testId="b34ca0cd-72b0-3ff2-ec3f-457ea3c361eb" testName="TestGetSampleSameSample" computerName="DKSR-EFI-04" duration="00:00:00.0025700" startTime="2023-12-22T09:34:01.4931150+01:00" endTime="2023-12-22T09:34:01.4957852+01:00" testType="13cdc9d9-ddb5-4fa4-a97d-d965ccfc6d4b" outcome="Passed" testListId="8c84fa94-04c1-424b-9868-57a2d4851a1d" relativeResultsDirectory="536c1cd5-fe1a-4465-9c8e-b9e5bca011a6" />
    <UnitTestResult executionId="bb3c5ce8-b160-40f6-a3fa-98f73b1a4226" testId="a8c107af-3352-df4a-728f-4c5ddc42080f" testName="GrpcProfile_Convert_PerformanceCounterInstance_From_gRPC (SingleInstance,AverageCount64,SingleInstance,AverageCount64)" computerName="DKSR-EFI-04" duration="00:00:00.0066436" startTime="2023-12-22T09:33:53.8995142+01:00" endTime="2023-12-22T09:33:53.9063686+01:00" testType="13cdc9d9-ddb5-4fa4-a97d-d965ccfc6d4b" outcome="Passed" testListId="8c84fa94-04c1-424b-9868-57a2d4851a1d" relativeResultsDirectory="bb3c5ce8-b160-40f6-a3fa-98f73b1a4226" />
    <UnitTestResult executionId="e1788938-8f36-47a7-940e-898705a9becc" testId="902bbf88-4e29-fd06-d68b-0cddbb134dce" testName="RegisterDataCollectorServerCommandHandler_Handle_Cluster_Success" computerName="DKSR-EFI-04" duration="00:00:00.0032929" startTime="2023-12-22T09:34:02.4219905+01:00" endTime="2023-12-22T09:34:02.4254116+01:00" testType="13cdc9d9-ddb5-4fa4-a97d-d965ccfc6d4b" outcome="Passed" testListId="8c84fa94-04c1-424b-9868-57a2d4851a1d" relativeResultsDirectory="e1788938-8f36-47a7-940e-898705a9becc" />
    <UnitTestResult executionId="ea6f15e6-be4f-4a4d-a73f-a8bfe3a16f0d" testId="524bf257-5f2b-f6e2-5ce1-cec57274d201" testName="PerformanceCounterInstancesService_CategoryType_is_NotMultiInstanc_InstanceName_IsNullOrEmpty" computerName="DKSR-EFI-04" duration="00:00:00.0032320" startTime="2023-12-22T09:34:02.0379301+01:00" endTime="2023-12-22T09:34:02.0412419+01:00" testType="13cdc9d9-ddb5-4fa4-a97d-d965ccfc6d4b" outcome="Passed" testListId="8c84fa94-04c1-424b-9868-57a2d4851a1d" relativeResultsDirectory="ea6f15e6-be4f-4a4d-a73f-a8bfe3a16f0d" />
    <UnitTestResult executionId="e611469f-fece-4245-92c9-8edadc74a790" testId="4bd864ad-4a8e-5ea6-48e1-1f435ef947e3" testName="GrpcProfile_Convert_PerformanceCounterInstance_To_gRPC (SingleInstance,CounterTimer,SingleInstance,CounterTimer)" computerName="DKSR-EFI-04" duration="00:00:00.0306433" startTime="2023-12-22T09:33:54.2421558+01:00" endTime="2023-12-22T09:33:54.2730715+01:00" testType="13cdc9d9-ddb5-4fa4-a97d-d965ccfc6d4b" outcome="Passed" testListId="8c84fa94-04c1-424b-9868-57a2d4851a1d" relativeResultsDirectory="e611469f-fece-4245-92c9-8edadc74a790" />
    <UnitTestResult executionId="ae181a48-fcac-4894-948a-91bc50997755" testId="21cb5c60-64d5-5d19-8eff-cc677e0c10c3" testName="GrpcProfile_Convert_CounterStateRulesConfigurationUpdate_To_gRPC" computerName="DKSR-EFI-04" duration="00:00:00.0070776" startTime="2023-12-22T09:33:54.4091564+01:00" endTime="2023-12-22T09:33:54.4164120+01:00" testType="13cdc9d9-ddb5-4fa4-a97d-d965ccfc6d4b" outcome="Passed" testListId="8c84fa94-04c1-424b-9868-57a2d4851a1d" relativeResultsDirectory="ae181a48-fcac-4894-948a-91bc50997755" />
    <UnitTestResult executionId="9ea03d45-2896-4335-a518-0b4a58138446" testId="252033a3-469b-11d7-5c8f-eaf363c3f6fc" testName="GrpcProfile_Convert_PerformanceCounterInstance_To_gRPC (SingleInstance,RateOfCountsPerSecond32,SingleInstance,RateOfCountsPerSecond32)" computerName="DKSR-EFI-04" duration="00:00:00.0070856" startTime="2023-12-22T09:33:54.3248224+01:00" endTime="2023-12-22T09:33:54.3323442+01:00" testType="13cdc9d9-ddb5-4fa4-a97d-d965ccfc6d4b" outcome="Passed" testListId="8c84fa94-04c1-424b-9868-57a2d4851a1d" relativeResultsDirectory="9ea03d45-2896-4335-a518-0b4a58138446" />
    <UnitTestResult executionId="a4aa9bef-d149-4a7e-8166-fcdbf70c63b6" testId="9e94664e-1aa4-f1f5-c169-2b1dfa809ec5" testName="GrpcProfile_Convert_PerformanceCounterInstance_From_gRPC (SingleInstance,NumberOfItemsHex64,SingleInstance,NumberOfItemsHEX64)" computerName="DKSR-EFI-04" duration="00:00:00.0067766" startTime="2023-12-22T09:33:54.0867285+01:00" endTime="2023-12-22T09:33:54.0937523+01:00" testType="13cdc9d9-ddb5-4fa4-a97d-d965ccfc6d4b" outcome="Passed" testListId="8c84fa94-04c1-424b-9868-57a2d4851a1d" relativeResultsDirectory="a4aa9bef-d149-4a7e-8166-fcdbf70c63b6" />
    <UnitTestResult executionId="4dc67ffc-fab0-49c5-85b1-3a592e6641c9" testId="dd1c4a81-c46a-ac35-7ff0-413023a13cef" testName="GrpcProfile_Convert_PerformanceCounterValue_From_gRPC" computerName="DKSR-EFI-04" duration="00:00:00.0504767" startTime="2023-12-22T09:33:53.8103632+01:00" endTime="2023-12-22T09:33:53.8611043+01:00" testType="13cdc9d9-ddb5-4fa4-a97d-d965ccfc6d4b" outcome="Passed" testListId="8c84fa94-04c1-424b-9868-57a2d4851a1d" relativeResultsDirectory="4dc67ffc-fab0-49c5-85b1-3a592e6641c9" />
    <UnitTestResult executionId="b184146b-9f4b-4194-9cdd-ed6dc3779fc5" testId="c6f3b6c8-101f-a1cf-07e8-bfd6ab743a4c" testName="MultiCounterRule_GetMaxState_NoRegisteredCounters_DontSendStateChange" computerName="DKSR-EFI-04" duration="00:00:00.0007950" startTime="2023-12-22T09:34:02.3622009+01:00" endTime="2023-12-22T09:34:02.3630879+01:00" testType="13cdc9d9-ddb5-4fa4-a97d-d965ccfc6d4b" outcome="Passed" testListId="8c84fa94-04c1-424b-9868-57a2d4851a1d" relativeResultsDirectory="b184146b-9f4b-4194-9cdd-ed6dc3779fc5" />
    <UnitTestResult executionId="20ea629e-b682-44d8-bd15-602e6b44cb14" testId="90d00d3c-5a17-5435-916a-8796d63151fb" testName="Create_ServiceAvailableRule_For_Recording_Server_With_State_Handler" computerName="DKSR-EFI-04" duration="00:00:00.0002478" startTime="2023-12-22T09:34:01.6625717+01:00" endTime="2023-12-22T09:34:01.6628794+01:00" testType="13cdc9d9-ddb5-4fa4-a97d-d965ccfc6d4b" outcome="Passed" testListId="8c84fa94-04c1-424b-9868-57a2d4851a1d" relativeResultsDirectory="20ea629e-b682-44d8-bd15-602e6b44cb14" />
    <UnitTestResult executionId="7b01262b-0b99-40b8-8306-f24feb8e8276" testId="6b473336-f7ca-9b64-0b0a-5dd5c43c4241" testName="GrpcProfile_Convert_PerformanceCounterInstance_From_gRPC (SingleInstance,Timer100Ns,SingleInstance,Timer100Ns)" computerName="DKSR-EFI-04" duration="00:00:00.0067170" startTime="2023-12-22T09:33:54.1507496+01:00" endTime="2023-12-22T09:33:54.1577088+01:00" testType="13cdc9d9-ddb5-4fa4-a97d-d965ccfc6d4b" outcome="Passed" testListId="8c84fa94-04c1-424b-9868-57a2d4851a1d" relativeResultsDirectory="7b01262b-0b99-40b8-8306-f24feb8e8276" />
    <UnitTestResult executionId="9e7024d4-51fc-407b-99e7-d5820a491ab9" testId="0a92acaa-237b-9010-da51-d3b6eebbfd99" testName="GrpcProfile_Convert_PerformanceCounterInstance_To_gRPC (SingleInstance,AverageBase,SingleInstance,AverageBase)" computerName="DKSR-EFI-04" duration="00:00:00.0068640" startTime="2023-12-22T09:33:54.1635606+01:00" endTime="2023-12-22T09:33:54.1706430+01:00" testType="13cdc9d9-ddb5-4fa4-a97d-d965ccfc6d4b" outcome="Passed" testListId="8c84fa94-04c1-424b-9868-57a2d4851a1d" relativeResultsDirectory="9e7024d4-51fc-407b-99e7-d5820a491ab9" />
    <UnitTestResult executionId="6869d276-0aa4-4b09-a286-40f8ecca0b80" testId="5b79a8f1-056f-95e5-e7fc-9f35e65639c0" testName="GrpcProfile_Convert_PerformanceCounterInstance_To_gRPC (SingleInstance,AverageTimer32,SingleInstance,AverageTimer32)" computerName="DKSR-EFI-04" duration="00:00:00.0059554" startTime="2023-12-22T09:33:54.1921538+01:00" endTime="2023-12-22T09:33:54.1983450+01:00" testType="13cdc9d9-ddb5-4fa4-a97d-d965ccfc6d4b" outcome="Passed" testListId="8c84fa94-04c1-424b-9868-57a2d4851a1d" relativeResultsDirectory="6869d276-0aa4-4b09-a286-40f8ecca0b80" />
    <UnitTestResult executionId="e7dfc141-8f25-49a3-80ed-a4af966d0d75" testId="a4806210-62d6-ff3e-6e60-0c66e6eb5e0d" testName="Handle_UnhandledException_ExceptionRethrown" computerName="DKSR-EFI-04" duration="00:00:00.0039788" startTime="2023-12-22T09:34:02.4913188+01:00" endTime="2023-12-22T09:34:02.4953737+01:00" testType="13cdc9d9-ddb5-4fa4-a97d-d965ccfc6d4b" outcome="Passed" testListId="8c84fa94-04c1-424b-9868-57a2d4851a1d" relativeResultsDirectory="e7dfc141-8f25-49a3-80ed-a4af966d0d75" />
    <UnitTestResult executionId="2be18aea-fb46-4b66-a7c8-cf696ee81cc1" testId="d56de8d0-9997-d5e0-64c8-890a55ed7029" testName="Handle_UpdateExistingDefaultRule_RuleUpdated" computerName="DKSR-EFI-04" duration="00:00:00.0042111" startTime="2023-12-22T09:34:02.2999617+01:00" endTime="2023-12-22T09:34:02.3042726+01:00" testType="13cdc9d9-ddb5-4fa4-a97d-d965ccfc6d4b" outcome="Passed" testListId="8c84fa94-04c1-424b-9868-57a2d4851a1d" relativeResultsDirectory="2be18aea-fb46-4b66-a7c8-cf696ee81cc1" />
    <UnitTestResult executionId="24bcd4aa-0679-4bbe-907a-e68ce7921a1a" testId="e407e0ba-6cb1-0800-b521-2ff79d107d24" testName="Handle_HandledExceptionTypes_ExceptionReturnedAsResponseAndLogged (System.TimeoutException,The operation has timed out.)" computerName="DKSR-EFI-04" duration="00:00:00.0012127" startTime="2023-12-22T09:34:02.4954063+01:00" endTime="2023-12-22T09:34:02.5041835+01:00" testType="13cdc9d9-ddb5-4fa4-a97d-d965ccfc6d4b" outcome="Passed" testListId="8c84fa94-04c1-424b-9868-57a2d4851a1d" relativeResultsDirectory="24bcd4aa-0679-4bbe-907a-e68ce7921a1a" />
    <UnitTestResult executionId="3eecd7d5-e5ad-4fa4-9313-ae8511cb703f" testId="3d9398db-df57-73bc-4a2e-215e36ba5401" testName="GrpcProfile_Convert_PerformanceCounterInstance_To_gRPC (SingleInstance,RawBase,SingleInstance,RawBase)" computerName="DKSR-EFI-04" duration="00:00:00.0072425" startTime="2023-12-22T09:33:54.3415073+01:00" endTime="2023-12-22T09:33:54.3490636+01:00" testType="13cdc9d9-ddb5-4fa4-a97d-d965ccfc6d4b" outcome="Passed" testListId="8c84fa94-04c1-424b-9868-57a2d4851a1d" relativeResultsDirectory="3eecd7d5-e5ad-4fa4-9313-ae8511cb703f" />
    <UnitTestResult executionId="de40c6b7-a34d-4589-9548-9de2a63a3cbf" testId="050900e9-d020-3c80-737a-afef16311f06" testName="Handle_RetryMultipleTimes_ExceptionsReturnedAsResponse" computerName="DKSR-EFI-04" duration="00:00:00.0096934" startTime="2023-12-22T09:34:02.5070666+01:00" endTime="2023-12-22T09:34:02.5168467+01:00" testType="13cdc9d9-ddb5-4fa4-a97d-d965ccfc6d4b" outcome="Passed" testListId="8c84fa94-04c1-424b-9868-57a2d4851a1d" relativeResultsDirectory="de40c6b7-a34d-4589-9548-9de2a63a3cbf" />
    <UnitTestResult executionId="fa2ebd03-a32d-4647-872c-9989e324aede" testId="1869ce70-495a-a648-db54-a24bcfbcef06" testName="CounterStateHandler_AddStateChange_StateChange_Handled_And_Log_Is_Written" computerName="DKSR-EFI-04" duration="00:00:00.0003500" startTime="2023-12-22T09:34:02.3339400+01:00" endTime="2023-12-22T09:34:02.3344855+01:00" testType="13cdc9d9-ddb5-4fa4-a97d-d965ccfc6d4b" outcome="Passed" testListId="8c84fa94-04c1-424b-9868-57a2d4851a1d" relativeResultsDirectory="fa2ebd03-a32d-4647-872c-9989e324aede" />
    <UnitTestResult executionId="469d51dd-dbec-45d6-9519-b238237cb9f0" testId="59bfeec6-7245-f81a-3c33-386829388bc3" testName="Handle_RuleConfigurationNotEmpty_EventPublished" computerName="DKSR-EFI-04" duration="00:00:00.0024233" startTime="2023-12-22T09:34:02.3192058+01:00" endTime="2023-12-22T09:34:02.3217220+01:00" testType="13cdc9d9-ddb5-4fa4-a97d-d965ccfc6d4b" outcome="Passed" testListId="8c84fa94-04c1-424b-9868-57a2d4851a1d" relativeResultsDirectory="469d51dd-dbec-45d6-9519-b238237cb9f0" />
    <UnitTestResult executionId="56241c90-d283-49c4-9873-27c31ce9706e" testId="fb2d4765-0ebb-6e35-d5c6-1e29ed2ebac6" testName="GetState_ShouldBeCritical_OnCurrentCriticalAndValueBelowThresholdLatency" computerName="DKSR-EFI-04" duration="00:00:00.0004520" startTime="2023-12-22T09:34:01.7094575+01:00" endTime="2023-12-22T09:34:01.7099677+01:00" testType="13cdc9d9-ddb5-4fa4-a97d-d965ccfc6d4b" outcome="Passed" testListId="8c84fa94-04c1-424b-9868-57a2d4851a1d" relativeResultsDirectory="56241c90-d283-49c4-9873-27c31ce9706e" />
    <UnitTestResult executionId="81147e47-e890-4bc7-b229-afdb099a740c" testId="a8f964f2-548d-90a4-8a93-883768f2145c" testName="MultiCounterRule_UnRegisterPerformanceCounterInstance_RemovedCounterWithHighestState_SendStateChange" computerName="DKSR-EFI-04" duration="00:00:00.0010203" startTime="2023-12-22T09:34:02.3587161+01:00" endTime="2023-12-22T09:34:02.3598225+01:00" testType="13cdc9d9-ddb5-4fa4-a97d-d965ccfc6d4b" outcome="Passed" testListId="8c84fa94-04c1-424b-9868-57a2d4851a1d" relativeResultsDirectory="81147e47-e890-4bc7-b229-afdb099a740c" />
    <UnitTestResult executionId="af90ee0f-556c-4f8e-8627-3137266573e1" testId="9f61c951-fadc-e9ef-ee1e-bd9e51bf0f74" testName="CollectPerformanceCounter_Exception_Caught_Success" computerName="DKSR-EFI-04" duration="00:00:00.0058432" startTime="2023-12-22T09:34:01.9687027+01:00" endTime="2023-12-22T09:34:01.9746606+01:00" testType="13cdc9d9-ddb5-4fa4-a97d-d965ccfc6d4b" outcome="Passed" testListId="8c84fa94-04c1-424b-9868-57a2d4851a1d" relativeResultsDirectory="af90ee0f-556c-4f8e-8627-3137266573e1" />
    <UnitTestResult executionId="e3b040de-ecfc-4193-a351-7b7a857dc44d" testId="100400f3-50d7-d1a2-f3a8-8269bbcfb1d1" testName="TestWarningToCritical_CriticalIsLow" computerName="DKSR-EFI-04" duration="00:00:00.0004463" startTime="2023-12-22T09:34:01.7042537+01:00" endTime="2023-12-22T09:34:01.7047564+01:00" testType="13cdc9d9-ddb5-4fa4-a97d-d965ccfc6d4b" outcome="Passed" testListId="8c84fa94-04c1-424b-9868-57a2d4851a1d" relativeResultsDirectory="e3b040de-ecfc-4193-a351-7b7a857dc44d" />
    <UnitTestResult executionId="ab2d7a0a-0dc3-44fe-8062-8c1a6c1da297" testId="21d5b105-c48e-478f-afe5-7273fd94b294" testName="GrpcProfile_Convert_PerformanceCounterInstance_From_gRPC (SingleInstance,ElapsedTime,SingleInstance,ElapsedTime)" computerName="DKSR-EFI-04" duration="00:00:00.0104495" startTime="2023-12-22T09:33:54.0474393+01:00" endTime="2023-12-22T09:33:54.0581874+01:00" testType="13cdc9d9-ddb5-4fa4-a97d-d965ccfc6d4b" outcome="Passed" testListId="8c84fa94-04c1-424b-9868-57a2d4851a1d" relativeResultsDirectory="ab2d7a0a-0dc3-44fe-8062-8c1a6c1da297" />
    <UnitTestResult executionId="39fc69e0-8344-4578-b197-1db8f1cb76b9" testId="ba664a7e-4c20-57c4-bf65-0145ddbc63b9" testName="LoggingBehaviour_Constructor_Success" computerName="DKSR-EFI-04" duration="00:00:00.0028412" startTime="2023-12-22T09:34:02.4264342+01:00" endTime="2023-12-22T09:34:02.4293562+01:00" testType="13cdc9d9-ddb5-4fa4-a97d-d965ccfc6d4b" outcome="Passed" testListId="8c84fa94-04c1-424b-9868-57a2d4851a1d" relativeResultsDirectory="39fc69e0-8344-4578-b197-1db8f1cb76b9" />
    <UnitTestResult executionId="f2505faa-d29c-493f-b1ca-67060bfb864b" testId="2575a366-6143-d60e-ba4e-a90a09fa25c2" testName="Create_ServiceAvailableRule_For_Recording_Server" computerName="DKSR-EFI-04" duration="00:00:00.0002836" startTime="2023-12-22T09:34:01.6619089+01:00" endTime="2023-12-22T09:34:01.6622566+01:00" testType="13cdc9d9-ddb5-4fa4-a97d-d965ccfc6d4b" outcome="Passed" testListId="8c84fa94-04c1-424b-9868-57a2d4851a1d" relativeResultsDirectory="f2505faa-d29c-493f-b1ca-67060bfb864b" />
    <UnitTestResult executionId="d0a0cac5-0cbe-4cf8-85c3-573273985910" testId="37330e53-6e04-9cd4-8720-f6cabc4be29f" testName="StateChangeEventHandlerTests_Handle_MultiruleStateNotChanged_Success" computerName="DKSR-EFI-04" duration="00:00:00.0021715" startTime="2023-12-22T09:34:01.8087887+01:00" endTime="2023-12-22T09:34:01.8110966+01:00" testType="13cdc9d9-ddb5-4fa4-a97d-d965ccfc6d4b" outcome="Passed" testListId="8c84fa94-04c1-424b-9868-57a2d4851a1d" relativeResultsDirectory="d0a0cac5-0cbe-4cf8-85c3-573273985910" />
    <UnitTestResult executionId="ddd0e11f-f2c3-4833-a7c0-85ccba763494" testId="99edfc35-2f96-0b90-4d4a-6309cd5e3ffe" testName="StatePerValue_TestAddCounterValue" computerName="DKSR-EFI-04" duration="00:00:00.0011446" startTime="2023-12-22T09:34:01.7348105+01:00" endTime="2023-12-22T09:34:01.7361440+01:00" testType="13cdc9d9-ddb5-4fa4-a97d-d965ccfc6d4b" outcome="Passed" testListId="8c84fa94-04c1-424b-9868-57a2d4851a1d" relativeResultsDirectory="ddd0e11f-f2c3-4833-a7c0-85ccba763494" />
    <UnitTestResult executionId="78c4ade6-7161-4950-8de1-d04e3809801c" testId="88fafd61-dbd1-a3ce-1b29-1097985d504d" testName="MultiCounterRule_Constructor_ruleId_NullCheck" computerName="DKSR-EFI-04" duration="00:00:00.0002002" startTime="2023-12-22T09:34:02.3430159+01:00" endTime="2023-12-22T09:34:02.3432896+01:00" testType="13cdc9d9-ddb5-4fa4-a97d-d965ccfc6d4b" outcome="Passed" testListId="8c84fa94-04c1-424b-9868-57a2d4851a1d" relativeResultsDirectory="78c4ade6-7161-4950-8de1-d04e3809801c" />
    <UnitTestResult executionId="b1187511-c7a7-465f-8aee-46319b71063f" testId="91a7071d-6cde-a83f-1943-144c4bda1c81" testName="MultiCounterRule_UnRegisterPerformanceCounterInstance_performanceCounterInstancePath_NullCheck" computerName="DKSR-EFI-04" duration="00:00:00.0006405" startTime="2023-12-22T09:34:02.3631148+01:00" endTime="2023-12-22T09:34:02.3638384+01:00" testType="13cdc9d9-ddb5-4fa4-a97d-d965ccfc6d4b" outcome="Passed" testListId="8c84fa94-04c1-424b-9868-57a2d4851a1d" relativeResultsDirectory="b1187511-c7a7-465f-8aee-46319b71063f" />
    <UnitTestResult executionId="86c4c69e-038b-40ef-a89b-6dcc92d4e66a" testId="9e09f71a-052d-94fc-78a4-53d7c080ab6b" testName="GrpcProfile_Convert_PerformanceCounterInstance_From_gRPC (SingleInstance,CounterTimer,SingleInstance,CounterTimer)" computerName="DKSR-EFI-04" duration="00:00:00.0066283" startTime="2023-12-22T09:33:54.0220655+01:00" endTime="2023-12-22T09:33:54.0289293+01:00" testType="13cdc9d9-ddb5-4fa4-a97d-d965ccfc6d4b" outcome="Passed" testListId="8c84fa94-04c1-424b-9868-57a2d4851a1d" relativeResultsDirectory="86c4c69e-038b-40ef-a89b-6dcc92d4e66a" />
    <UnitTestResult executionId="92d46555-022b-48bc-8e04-19685a9389ae" testId="f127edc5-dd3f-24f5-9ab5-93382f82f4dc" testName="RuleConfigurationRefreshService_ExecuteAsync_ConfigurationInError_LoggingOrPublishNotCalled_Success" computerName="DKSR-EFI-04" duration="00:00:00.0207313" startTime="2023-12-22T09:34:02.1147898+01:00" endTime="2023-12-22T09:34:02.1357614+01:00" testType="13cdc9d9-ddb5-4fa4-a97d-d965ccfc6d4b" outcome="Passed" testListId="8c84fa94-04c1-424b-9868-57a2d4851a1d" relativeResultsDirectory="92d46555-022b-48bc-8e04-19685a9389ae" />
    <UnitTestResult executionId="a43f5652-477d-4f34-9ccc-0310b7630c2d" testId="373036f4-7342-2e4f-6d71-bdbf33c5b337" testName="MultiCounterRule_RegisterPerformanceCounterInstance_RegisterSame_NoRegistration" computerName="DKSR-EFI-04" duration="00:00:00.0001847" startTime="2023-12-22T09:34:02.3574557+01:00" endTime="2023-12-22T09:34:02.3577105+01:00" testType="13cdc9d9-ddb5-4fa4-a97d-d965ccfc6d4b" outcome="Passed" testListId="8c84fa94-04c1-424b-9868-57a2d4851a1d" relativeResultsDirectory="a43f5652-477d-4f34-9ccc-0310b7630c2d" />
    <UnitTestResult executionId="2184ec7c-88e9-4154-ae3c-9ffc20757b66" testId="19f9fff7-3ec2-7c1f-5e02-d355e2992c56" testName="RecordingServerChangeStateEventHandler_Handle_DomainNotification_Published_Success" computerName="DKSR-EFI-04" duration="00:00:00.0080293" startTime="2023-12-22T09:34:01.7618917+01:00" endTime="2023-12-22T09:34:01.7700176+01:00" testType="13cdc9d9-ddb5-4fa4-a97d-d965ccfc6d4b" outcome="Passed" testListId="8c84fa94-04c1-424b-9868-57a2d4851a1d" relativeResultsDirectory="2184ec7c-88e9-4154-ae3c-9ffc20757b66" />
    <UnitTestResult executionId="cc00eb9a-9550-408c-96a9-243a028d8793" testId="0b5213e6-f3d0-cfe2-c00a-4945764c4e95" testName="CameraCounterRule_Samples_When_Recording_Server_Is_Up_Again" computerName="DKSR-EFI-04" duration="00:00:00.0127433" startTime="2023-12-22T09:34:01.6808637+01:00" endTime="2023-12-22T09:34:01.6937100+01:00" testType="13cdc9d9-ddb5-4fa4-a97d-d965ccfc6d4b" outcome="Passed" testListId="8c84fa94-04c1-424b-9868-57a2d4851a1d" relativeResultsDirectory="cc00eb9a-9550-408c-96a9-243a028d8793" />
    <UnitTestResult executionId="20b03b1b-5099-4236-8597-1b3e76f82005" testId="557ef4e8-39fd-d137-95c5-8bef3c54f326" testName="ConfigurationRefreshService_ExecuteAsync_NoConfiguredCounters_Logging_Success" computerName="DKSR-EFI-04" duration="00:00:00.0262640" startTime="2023-12-22T09:34:01.9758169+01:00" endTime="2023-12-22T09:34:02.0022968+01:00" testType="13cdc9d9-ddb5-4fa4-a97d-d965ccfc6d4b" outcome="Passed" testListId="8c84fa94-04c1-424b-9868-57a2d4851a1d" relativeResultsDirectory="20b03b1b-5099-4236-8597-1b3e76f82005" />
    <UnitTestResult executionId="22191f0f-79d6-4ffb-82ac-552053132146" testId="97e622c5-348e-4563-ba18-61bcce370c8a" testName="BatchSenderService_ExecuteAsync_Batch_Success" computerName="DKSR-EFI-04" duration="00:00:00.0983227" startTime="2023-12-22T09:34:01.8136598+01:00" endTime="2023-12-22T09:34:01.9121791+01:00" testType="13cdc9d9-ddb5-4fa4-a97d-d965ccfc6d4b" outcome="Passed" testListId="8c84fa94-04c1-424b-9868-57a2d4851a1d" relativeResultsDirectory="22191f0f-79d6-4ffb-82ac-552053132146" />
    <UnitTestResult executionId="2f072d59-f52d-4a96-9596-3bc4c6f21439" testId="2cfae5a8-554a-ea14-0f71-99846a4d8601" testName="GrpcProfile_Convert_PerformanceCounterInstance_To_gRPC (SingleInstance,ElapsedTime,SingleInstance,ElapsedTime)" computerName="DKSR-EFI-04" duration="00:00:00.0065340" startTime="2023-12-22T09:33:54.2914922+01:00" endTime="2023-12-22T09:33:54.2982767+01:00" testType="13cdc9d9-ddb5-4fa4-a97d-d965ccfc6d4b" outcome="Passed" testListId="8c84fa94-04c1-424b-9868-57a2d4851a1d" relativeResultsDirectory="2f072d59-f52d-4a96-9596-3bc4c6f21439" />
    <UnitTestResult executionId="0b236eed-0a46-49ed-85ae-20ab197cc26c" testId="d552dcf5-c6d8-64f8-7da8-09767b90ad29" testName="Handle_RequestPropertiesSet_BackOffCreatedWithValuesFromRequest" computerName="DKSR-EFI-04" duration="00:00:00.0007355" startTime="2023-12-22T09:34:02.4904551+01:00" endTime="2023-12-22T09:34:02.4912863+01:00" testType="13cdc9d9-ddb5-4fa4-a97d-d965ccfc6d4b" outcome="Passed" testListId="8c84fa94-04c1-424b-9868-57a2d4851a1d" relativeResultsDirectory="0b236eed-0a46-49ed-85ae-20ab197cc26c" />
    <UnitTestResult executionId="ca371f5c-00fe-4cc7-8887-54418ef5d4df" testId="da66804f-9292-7a48-256c-ba41e030d24c" testName="GetConfigurationServerQueryHandler_Handle_Success" computerName="DKSR-EFI-04" duration="00:00:00.0021185" startTime="2023-12-22T09:34:02.3712405+01:00" endTime="2023-12-22T09:34:02.3735057+01:00" testType="13cdc9d9-ddb5-4fa4-a97d-d965ccfc6d4b" outcome="Passed" testListId="8c84fa94-04c1-424b-9868-57a2d4851a1d" relativeResultsDirectory="ca371f5c-00fe-4cc7-8887-54418ef5d4df" />
    <UnitTestResult executionId="b0bac801-0cf1-4a51-946e-72e83025df1e" testId="ba1922fb-f4a5-c453-323e-5d9cc6299bff" testName="MultiCounterRule_AddStateChanged_MaxStateIsSend" computerName="DKSR-EFI-04" duration="00:00:00.0007751" startTime="2023-12-22T09:34:02.3556754+01:00" endTime="2023-12-22T09:34:02.3565333+01:00" testType="13cdc9d9-ddb5-4fa4-a97d-d965ccfc6d4b" outcome="Passed" testListId="8c84fa94-04c1-424b-9868-57a2d4851a1d" relativeResultsDirectory="b0bac801-0cf1-4a51-946e-72e83025df1e" />
    <UnitTestResult executionId="a3b1f5f7-af2a-4bba-9c91-4a5bd0eefec3" testId="6bf0a02e-004a-8c82-9e6d-67d9a5184011" testName="MultiCounterRule_ResetState" computerName="DKSR-EFI-04" duration="00:00:00.0008760" startTime="2023-12-22T09:34:02.3577375+01:00" endTime="2023-12-22T09:34:02.3586887+01:00" testType="13cdc9d9-ddb5-4fa4-a97d-d965ccfc6d4b" outcome="Passed" testListId="8c84fa94-04c1-424b-9868-57a2d4851a1d" relativeResultsDirectory="a3b1f5f7-af2a-4bba-9c91-4a5bd0eefec3" />
    <UnitTestResult executionId="11aada48-dc62-4445-af60-a35a62f8a3a0" testId="40496898-05ae-0acc-c822-9247bd0ce28c" testName="CollectPerformanceCounter_OperationCanceledException_Caught_Success" computerName="DKSR-EFI-04" duration="00:00:00.0047851" startTime="2023-12-22T09:34:01.9637333+01:00" endTime="2023-12-22T09:34:01.9686476+01:00" testType="13cdc9d9-ddb5-4fa4-a97d-d965ccfc6d4b" outcome="Passed" testListId="8c84fa94-04c1-424b-9868-57a2d4851a1d" relativeResultsDirectory="11aada48-dc62-4445-af60-a35a62f8a3a0" />
    <UnitTestResult executionId="800627b8-f052-47b6-8b15-9eebf8a2a688" testId="3b235b78-660c-5cff-b1c5-9df1f10a54f9" testName="Handle_DeleteExistingDefaultRule_RuleDeleted" computerName="DKSR-EFI-04" duration="00:00:00.0029112" startTime="2023-12-22T09:34:02.3043096+01:00" endTime="2023-12-22T09:34:02.3073136+01:00" testType="13cdc9d9-ddb5-4fa4-a97d-d965ccfc6d4b" outcome="Passed" testListId="8c84fa94-04c1-424b-9868-57a2d4851a1d" relativeResultsDirectory="800627b8-f052-47b6-8b15-9eebf8a2a688" />
    <UnitTestResult executionId="402dd9f3-1de8-4cc2-9dfb-4a4df7ff3a68" testId="dd36d99d-3b27-213e-65da-dde1af73ed6f" testName="GrpcProfile_Convert_PerformanceCounterInstance_To_gRPC (SingleInstance,AverageCount64,SingleInstance,AverageCount64)" computerName="DKSR-EFI-04" duration="00:00:00.0058697" startTime="2023-12-22T09:33:54.1834372+01:00" endTime="2023-12-22T09:33:54.1895755+01:00" testType="13cdc9d9-ddb5-4fa4-a97d-d965ccfc6d4b" outcome="Passed" testListId="8c84fa94-04c1-424b-9868-57a2d4851a1d" relativeResultsDirectory="402dd9f3-1de8-4cc2-9dfb-4a4df7ff3a68" />
    <UnitTestResult executionId="62294a8c-581d-458a-8e04-cab5a557357e" testId="9ba489bf-222a-8ed2-d240-7c0686ea1a38" testName="TestNormalToCritical" computerName="DKSR-EFI-04" duration="00:00:00.0004265" startTime="2023-12-22T09:34:01.6991248+01:00" endTime="2023-12-22T09:34:01.6996068+01:00" testType="13cdc9d9-ddb5-4fa4-a97d-d965ccfc6d4b" outcome="Passed" testListId="8c84fa94-04c1-424b-9868-57a2d4851a1d" relativeResultsDirectory="62294a8c-581d-458a-8e04-cab5a557357e" />
    <UnitTestResult executionId="236ae283-8f04-4be0-bf69-d567381f1831" testId="1dc28d7e-d555-5653-80cd-2cb0c1c68684" testName="Validate_CameraCounterRule_With_Valid_Path" computerName="DKSR-EFI-04" duration="00:00:00.0005637" startTime="2023-12-22T09:34:01.6595554+01:00" endTime="2023-12-22T09:34:01.6601841+01:00" testType="13cdc9d9-ddb5-4fa4-a97d-d965ccfc6d4b" outcome="Passed" testListId="8c84fa94-04c1-424b-9868-57a2d4851a1d" relativeResultsDirectory="236ae283-8f04-4be0-bf69-d567381f1831" />
    <UnitTestResult executionId="bcc34be6-9511-4852-9b31-f9ee3b06f233" testId="d5a597e5-4735-2e24-938b-c1be607b5d33" testName="GrpcProfile_Convert_PerformanceCounterInstance_To_gRPC (MultiInstance,AverageBase,MultiInstance,AverageBase)" computerName="DKSR-EFI-04" duration="00:00:00.0060531" startTime="2023-12-22T09:33:54.1707158+01:00" endTime="2023-12-22T09:33:54.1770056+01:00" testType="13cdc9d9-ddb5-4fa4-a97d-d965ccfc6d4b" outcome="Passed" testListId="8c84fa94-04c1-424b-9868-57a2d4851a1d" relativeResultsDirectory="bcc34be6-9511-4852-9b31-f9ee3b06f233" />
    <UnitTestResult executionId="99d0953f-06f3-4fcb-b090-1118f2c6e66b" testId="ef59779a-d069-c0d9-0ab2-d8a0d9346466" testName="TestGetSampleCounterNotFound" computerName="DKSR-EFI-04" duration="00:00:00.0029730" startTime="2023-12-22T09:34:01.4877747+01:00" endTime="2023-12-22T09:34:01.4908660+01:00" testType="13cdc9d9-ddb5-4fa4-a97d-d965ccfc6d4b" outcome="Passed" testListId="8c84fa94-04c1-424b-9868-57a2d4851a1d" relativeResultsDirectory="99d0953f-06f3-4fcb-b090-1118f2c6e66b" />
    <UnitTestResult executionId="ac3b9b38-8c83-42a8-975d-dffeaed88a35" testId="4576983a-065f-bfee-1585-2b61784b9f3c" testName="RuleConfigurationRefreshService_ExecuteAsync_OperationCanceledException_Handled" computerName="DKSR-EFI-04" duration="00:00:00.0037336" startTime="2023-12-22T09:34:02.1358170+01:00" endTime="2023-12-22T09:34:02.1396668+01:00" testType="13cdc9d9-ddb5-4fa4-a97d-d965ccfc6d4b" outcome="Passed" testListId="8c84fa94-04c1-424b-9868-57a2d4851a1d" relativeResultsDirectory="ac3b9b38-8c83-42a8-975d-dffeaed88a35" />
  </Results>
  <TestDefinitions>
    <UnitTest name="CounterStateHandler_SetUndefined_StateChange_Only_Send_Once" storage="d:\actions-runner\_work\xpco\xpco\allsolutions\..\datacollector\service\tst\videoos.datacollector.service.unittests\bin\x64\debug\net6.0-windows\videoos.datacollector.service.unittests.dll" id="13df1741-1a53-698f-7d33-131b880acdc6">
      <Execution id="9a0d6ba9-482a-4efd-8633-375d84890ddf" />
      <TestMethod codeBase="D:\actions-runner\_work\XPCO\XPCO\AllSolutions\..\DataCollector\Service\tst\VideoOS.DataCollector.Service.UnitTests\bin\x64\Debug\net6.0-windows\VideoOS.DataCollector.Service.UnitTests.dll" adapterTypeName="executor://mstestadapter/v2" className="VideoOS.DataCollector.Service.UnitTests.StateHandlers.CounterStateHandlerTest" name="CounterStateHandler_SetUndefined_StateChange_Only_Send_Once" />
    </UnitTest>
    <UnitTest name="Create_ServiceAvailableRule_For_Management_Server_With_State_Handler" storage="d:\actions-runner\_work\xpco\xpco\allsolutions\..\datacollector\service\tst\videoos.datacollector.service.unittests\bin\x64\debug\net6.0-windows\videoos.datacollector.service.unittests.dll" id="40f520a3-3017-d882-ff6f-8c7e3f57b2ec">
      <Execution id="25195b2f-533d-44fe-9586-0a83f7f0d639" />
      <TestMethod codeBase="D:\actions-runner\_work\XPCO\XPCO\AllSolutions\..\DataCollector\Service\tst\VideoOS.DataCollector.Service.UnitTests\bin\x64\Debug\net6.0-windows\VideoOS.DataCollector.Service.UnitTests.dll" adapterTypeName="executor://mstestadapter/v2" className="VideoOS.DataCollector.Service.UnitTests.ServiceAvailableRuleFactoryUnitTest" name="Create_ServiceAvailableRule_For_Management_Server_With_State_Handler" />
    </UnitTest>
    <UnitTest name="GrpcProfile_Configuration_IsValid" storage="d:\actions-runner\_work\xpco\xpco\allsolutions\..\datacollector\service\tst\videoos.datacollector.service.unittests\bin\x64\debug\net6.0-windows\videoos.datacollector.service.unittests.dll" id="f9fe0745-dfe2-f07e-22a8-1c70db29181c">
      <Execution id="4aca3226-0dfa-46ae-bcc2-f0902cedb023" />
      <TestMethod codeBase="D:\actions-runner\_work\XPCO\XPCO\AllSolutions\..\DataCollector\Service\tst\VideoOS.DataCollector.Service.UnitTests\bin\x64\Debug\net6.0-windows\VideoOS.DataCollector.Service.UnitTests.dll" adapterTypeName="executor://mstestadapter/v2" className="VideoOS.DataCollector.Service.UnitTests.GrpcProfileTest" name="GrpcProfile_Configuration_IsValid" />
    </UnitTest>
    <UnitTest name="GrpcProfile_Convert_PerformanceCounterInstance_To_gRPC (SingleInstance,CounterMultiTimer100NsInverse,SingleInstance,CounterMultiTimer100NsInverse)" storage="d:\actions-runner\_work\xpco\xpco\allsolutions\..\datacollector\service\tst\videoos.datacollector.service.unittests\bin\x64\debug\net6.0-windows\videoos.datacollector.service.unittests.dll" id="5eef7678-3658-a360-7c66-155012753cc6">
      <Execution id="cc177b95-72a4-4d50-ad1d-3c0ffc082ead" />
      <TestMethod codeBase="D:\actions-runner\_work\XPCO\XPCO\AllSolutions\..\DataCollector\Service\tst\VideoOS.DataCollector.Service.UnitTests\bin\x64\Debug\net6.0-windows\VideoOS.DataCollector.Service.UnitTests.dll" adapterTypeName="executor://mstestadapter/v2" className="VideoOS.DataCollector.Service.UnitTests.GrpcProfileTest" name="GrpcProfile_Convert_PerformanceCounterInstance_To_gRPC" />
    </UnitTest>
    <UnitTest name="ServiceAvailableRule_Of_Type_Recorder_Sends_State_Changes_When_Recording_Server_Is_Down" storage="d:\actions-runner\_work\xpco\xpco\allsolutions\..\datacollector\service\tst\videoos.datacollector.service.unittests\bin\x64\debug\net6.0-windows\videoos.datacollector.service.unittests.dll" id="694f79c7-ac74-8a87-349f-231c28d7dd63">
      <Execution id="24ee189b-f377-4bf3-ba0e-9ea7d36e7eea" />
      <TestMethod codeBase="D:\actions-runner\_work\XPCO\XPCO\AllSolutions\..\DataCollector\Service\tst\VideoOS.DataCollector.Service.UnitTests\bin\x64\Debug\net6.0-windows\VideoOS.DataCollector.Service.UnitTests.dll" adapterTypeName="executor://mstestadapter/v2" className="VideoOS.DataCollector.Service.UnitTests.ServiceAvailableRuleUnitTest" name="ServiceAvailableRule_Of_Type_Recorder_Sends_State_Changes_When_Recording_Server_Is_Down" />
    </UnitTest>
    <UnitTest name="GrpcProfile_Convert_PerformanceCounterInstance_From_gRPC (SingleInstance,CountPerTimeInterval32,SingleInstance,CountPerTimeInterval32)" storage="d:\actions-runner\_work\xpco\xpco\allsolutions\..\datacollector\service\tst\videoos.datacollector.service.unittests\bin\x64\debug\net6.0-windows\videoos.datacollector.service.unittests.dll" id="5b34268e-1ae9-16aa-0f1f-cc66b2f8a847">
      <Execution id="688188ed-fd41-493b-b759-1d3ac42fe4d4" />
      <TestMethod codeBase="D:\actions-runner\_work\XPCO\XPCO\AllSolutions\..\DataCollector\Service\tst\VideoOS.DataCollector.Service.UnitTests\bin\x64\Debug\net6.0-windows\VideoOS.DataCollector.Service.UnitTests.dll" adapterTypeName="executor://mstestadapter/v2" className="VideoOS.DataCollector.Service.UnitTests.GrpcProfileTest" name="GrpcProfile_Convert_PerformanceCounterInstance_From_gRPC" />
    </UnitTest>
    <UnitTest name="GrpcProfile_Convert_PerformanceCounterInstance_To_gRPC (SingleInstance,SampleBase,SingleInstance,SampleBase)" storage="d:\actions-runner\_work\xpco\xpco\allsolutions\..\datacollector\service\tst\videoos.datacollector.service.unittests\bin\x64\debug\net6.0-windows\videoos.datacollector.service.unittests.dll" id="190d2d53-1b4e-0dc3-9c07-b8d5bab45c24">
      <Execution id="17f44256-90bc-48ff-852c-55abdc5255b9" />
      <TestMethod codeBase="D:\actions-runner\_work\XPCO\XPCO\AllSolutions\..\DataCollector\Service\tst\VideoOS.DataCollector.Service.UnitTests\bin\x64\Debug\net6.0-windows\VideoOS.DataCollector.Service.UnitTests.dll" adapterTypeName="executor://mstestadapter/v2" className="VideoOS.DataCollector.Service.UnitTests.GrpcProfileTest" name="GrpcProfile_Convert_PerformanceCounterInstance_To_gRPC" />
    </UnitTest>
    <UnitTest name="MultiCounterRule_AddStateChanged_state_NullCheck" storage="d:\actions-runner\_work\xpco\xpco\allsolutions\..\datacollector\service\tst\videoos.datacollector.service.unittests\bin\x64\debug\net6.0-windows\videoos.datacollector.service.unittests.dll" id="6d356566-2d30-1013-0e60-6f433ad05d1c">
      <Execution id="41fd7e46-d6d5-400b-9dd2-02384c3948e5" />
      <TestMethod codeBase="D:\actions-runner\_work\XPCO\XPCO\AllSolutions\..\DataCollector\Service\tst\VideoOS.DataCollector.Service.UnitTests\bin\x64\Debug\net6.0-windows\VideoOS.DataCollector.Service.UnitTests.dll" adapterTypeName="executor://mstestadapter/v2" className="VideoOS.DataCollector.Service.UnitTests.Rules.MultiCounterRuleTest" name="MultiCounterRule_AddStateChanged_state_NullCheck" />
    </UnitTest>
    <UnitTest name="StateChangeEventHandlerTests_Handle_MultiruleStateChanged_Success" storage="d:\actions-runner\_work\xpco\xpco\allsolutions\..\datacollector\service\tst\videoos.datacollector.service.unittests\bin\x64\debug\net6.0-windows\videoos.datacollector.service.unittests.dll" id="909c7173-0a37-a622-9d5e-5b69f5417c9f">
      <Execution id="4e6d3184-8651-447d-92f8-0532a1fdb560" />
      <TestMethod codeBase="D:\actions-runner\_work\XPCO\XPCO\AllSolutions\..\DataCollector\Service\tst\VideoOS.DataCollector.Service.UnitTests\bin\x64\Debug\net6.0-windows\VideoOS.DataCollector.Service.UnitTests.dll" adapterTypeName="executor://mstestadapter/v2" className="VideoOS.DataCollector.Service.UnitTests.StateChangeEventHandlerTests" name="StateChangeEventHandlerTests_Handle_MultiruleStateChanged_Success" />
    </UnitTest>
    <UnitTest name="GrpcProfile_Convert_PerformanceCounterInstance_From_gRPC (Unknown,AverageBase,Unknown,AverageBase)" storage="d:\actions-runner\_work\xpco\xpco\allsolutions\..\datacollector\service\tst\videoos.datacollector.service.unittests\bin\x64\debug\net6.0-windows\videoos.datacollector.service.unittests.dll" id="4f974434-3fcb-64ab-2f1f-df2d4526d151">
      <Execution id="431ef811-3549-4c77-9c4f-9ed5b879306c" />
      <TestMethod codeBase="D:\actions-runner\_work\XPCO\XPCO\AllSolutions\..\DataCollector\Service\tst\VideoOS.DataCollector.Service.UnitTests\bin\x64\Debug\net6.0-windows\VideoOS.DataCollector.Service.UnitTests.dll" adapterTypeName="executor://mstestadapter/v2" className="VideoOS.DataCollector.Service.UnitTests.GrpcProfileTest" name="GrpcProfile_Convert_PerformanceCounterInstance_From_gRPC" />
    </UnitTest>
    <UnitTest name="PerformanceCounterInstancesService_CategoryType_is_MultiInstance_InstanceName_IsNotNullOrEmpty_empty_instanceNames" storage="d:\actions-runner\_work\xpco\xpco\allsolutions\..\datacollector\service\tst\videoos.datacollector.service.unittests\bin\x64\debug\net6.0-windows\videoos.datacollector.service.unittests.dll" id="1ee1d707-a255-abb7-f51f-4bda160bf7ba">
      <Execution id="30058e65-ba01-4122-8c53-205a5a503024" />
      <TestMethod codeBase="D:\actions-runner\_work\XPCO\XPCO\AllSolutions\..\DataCollector\Service\tst\VideoOS.DataCollector.Service.UnitTests\bin\x64\Debug\net6.0-windows\VideoOS.DataCollector.Service.UnitTests.dll" adapterTypeName="executor://mstestadapter/v2" className="VideoOS.DataCollector.Service.UnitTests.Services.PerformanceCounterInstancesServiceTests" name="PerformanceCounterInstancesService_CategoryType_is_MultiInstance_InstanceName_IsNotNullOrEmpty_empty_instanceNames" />
    </UnitTest>
    <UnitTest name="GrpcProfile_Convert_PerformanceCounterInstance_To_gRPC (MultiInstance,AverageBase,MultiInstance,AverageBase)" storage="d:\actions-runner\_work\xpco\xpco\allsolutions\..\datacollector\service\tst\videoos.datacollector.service.unittests\bin\x64\debug\net6.0-windows\videoos.datacollector.service.unittests.dll" id="d5a597e5-4735-2e24-938b-c1be607b5d33">
      <Execution id="bcc34be6-9511-4852-9b31-f9ee3b06f233" />
      <TestMethod codeBase="D:\actions-runner\_work\XPCO\XPCO\AllSolutions\..\DataCollector\Service\tst\VideoOS.DataCollector.Service.UnitTests\bin\x64\Debug\net6.0-windows\VideoOS.DataCollector.Service.UnitTests.dll" adapterTypeName="executor://mstestadapter/v2" className="VideoOS.DataCollector.Service.UnitTests.GrpcProfileTest" name="GrpcProfile_Convert_PerformanceCounterInstance_To_gRPC" />
    </UnitTest>
    <UnitTest name="RegisterInstalledServicesService_EnumServiceApplicationsInDevelopment_AllServicesInstalled" storage="d:\actions-runner\_work\xpco\xpco\allsolutions\..\datacollector\service\tst\videoos.datacollector.service.unittests\bin\x64\debug\net6.0-windows\videoos.datacollector.service.unittests.dll" id="6d97cd94-2168-d955-149b-ef7afef44406">
      <Execution id="a08cb1f8-3d70-45b8-a67f-5b3e66f69321" />
      <TestMethod codeBase="D:\actions-runner\_work\XPCO\XPCO\AllSolutions\..\DataCollector\Service\tst\VideoOS.DataCollector.Service.UnitTests\bin\x64\Debug\net6.0-windows\VideoOS.DataCollector.Service.UnitTests.dll" adapterTypeName="executor://mstestadapter/v2" className="VideoOS.DataCollector.Service.UnitTests.PerfCounterConfiguration.Commands.RegisterServiceApplications.RegisterInstalledServicesServiceTests" name="RegisterInstalledServicesService_EnumServiceApplicationsInDevelopment_AllServicesInstalled" />
    </UnitTest>
    <UnitTest name="RecordingServerChangeStateEventHandler_Handle_Up_Success" storage="d:\actions-runner\_work\xpco\xpco\allsolutions\..\datacollector\service\tst\videoos.datacollector.service.unittests\bin\x64\debug\net6.0-windows\videoos.datacollector.service.unittests.dll" id="b5d7b95d-112e-8d26-5ade-40d842cbbe1e">
      <Execution id="6f20e747-d409-4d15-976a-82dd4749f97d" />
      <TestMethod codeBase="D:\actions-runner\_work\XPCO\XPCO\AllSolutions\..\DataCollector\Service\tst\VideoOS.DataCollector.Service.UnitTests\bin\x64\Debug\net6.0-windows\VideoOS.DataCollector.Service.UnitTests.dll" adapterTypeName="executor://mstestadapter/v2" className="VideoOS.DataCollector.Service.UnitTests.RecordingServerChangeStateEventHandlerTests" name="RecordingServerChangeStateEventHandler_Handle_Up_Success" />
    </UnitTest>
    <UnitTest name="PerformanceCounterInstancesService_CategoryType_is_NotMultiInstanc_InstanceName_IsNullOrEmpty" storage="d:\actions-runner\_work\xpco\xpco\allsolutions\..\datacollector\service\tst\videoos.datacollector.service.unittests\bin\x64\debug\net6.0-windows\videoos.datacollector.service.unittests.dll" id="524bf257-5f2b-f6e2-5ce1-cec57274d201">
      <Execution id="ea6f15e6-be4f-4a4d-a73f-a8bfe3a16f0d" />
      <TestMethod codeBase="D:\actions-runner\_work\XPCO\XPCO\AllSolutions\..\DataCollector\Service\tst\VideoOS.DataCollector.Service.UnitTests\bin\x64\Debug\net6.0-windows\VideoOS.DataCollector.Service.UnitTests.dll" adapterTypeName="executor://mstestadapter/v2" className="VideoOS.DataCollector.Service.UnitTests.Services.PerformanceCounterInstancesServiceTests" name="PerformanceCounterInstancesService_CategoryType_is_NotMultiInstanc_InstanceName_IsNullOrEmpty" />
    </UnitTest>
    <UnitTest name="CollectPerformanceCounter_OperationCanceledException_Caught_Success" storage="d:\actions-runner\_work\xpco\xpco\allsolutions\..\datacollector\service\tst\videoos.datacollector.service.unittests\bin\x64\debug\net6.0-windows\videoos.datacollector.service.unittests.dll" id="40496898-05ae-0acc-c822-9247bd0ce28c">
      <Execution id="11aada48-dc62-4445-af60-a35a62f8a3a0" />
      <TestMethod codeBase="D:\actions-runner\_work\XPCO\XPCO\AllSolutions\..\DataCollector\Service\tst\VideoOS.DataCollector.Service.UnitTests\bin\x64\Debug\net6.0-windows\VideoOS.DataCollector.Service.UnitTests.dll" adapterTypeName="executor://mstestadapter/v2" className="VideoOS.DataCollector.Service.UnitTests.Services.CollectPerformanceCounterTests" name="CollectPerformanceCounter_OperationCanceledException_Caught_Success" />
    </UnitTest>
    <UnitTest name="TestNormalToWarning_CriticalIsLow" storage="d:\actions-runner\_work\xpco\xpco\allsolutions\..\datacollector\service\tst\videoos.datacollector.service.unittests\bin\x64\debug\net6.0-windows\videoos.datacollector.service.unittests.dll" id="f678ddae-f688-572b-51ed-2c6959a3b96b">
      <Execution id="e846f9d6-fe20-4628-9213-953d8f833a36" />
      <TestMethod codeBase="D:\actions-runner\_work\XPCO\XPCO\AllSolutions\..\DataCollector\Service\tst\VideoOS.DataCollector.Service.UnitTests\bin\x64\Debug\net6.0-windows\VideoOS.DataCollector.Service.UnitTests.dll" adapterTypeName="executor://mstestadapter/v2" className="VideoOS.DataCollector.Service.UnitTests.CounterRuleTest" name="TestNormalToWarning_CriticalIsLow" />
    </UnitTest>
    <UnitTest name="CameraUsedSpaceCounterRule_Send_Camera_State_Changes_And_Block_When_Recording_Server_Is_Down" storage="d:\actions-runner\_work\xpco\xpco\allsolutions\..\datacollector\service\tst\videoos.datacollector.service.unittests\bin\x64\debug\net6.0-windows\videoos.datacollector.service.unittests.dll" id="cd5a3630-cfe8-4a8a-2127-10d71912a605">
      <Execution id="b09f0658-0f9d-41c6-8e3a-ea08414f3bc9" />
      <TestMethod codeBase="D:\actions-runner\_work\XPCO\XPCO\AllSolutions\..\DataCollector\Service\tst\VideoOS.DataCollector.Service.UnitTests\bin\x64\Debug\net6.0-windows\VideoOS.DataCollector.Service.UnitTests.dll" adapterTypeName="executor://mstestadapter/v2" className="VideoOS.DataCollector.Service.UnitTests.Rules.CameraUsedSpaceCounterRuleTest" name="CameraUsedSpaceCounterRule_Send_Camera_State_Changes_And_Block_When_Recording_Server_Is_Down" />
    </UnitTest>
    <UnitTest name="OnRecordingServerIsUp_Is_Called_On_Normal_State_Change_For_Recording_Server" storage="d:\actions-runner\_work\xpco\xpco\allsolutions\..\datacollector\service\tst\videoos.datacollector.service.unittests\bin\x64\debug\net6.0-windows\videoos.datacollector.service.unittests.dll" id="5a8604b3-108b-2269-ce4e-71b51927bc2c">
      <Execution id="cf9c7a0f-dd71-478f-bb8e-4f7408590714" />
      <TestMethod codeBase="D:\actions-runner\_work\XPCO\XPCO\AllSolutions\..\DataCollector\Service\tst\VideoOS.DataCollector.Service.UnitTests\bin\x64\Debug\net6.0-windows\VideoOS.DataCollector.Service.UnitTests.dll" adapterTypeName="executor://mstestadapter/v2" className="VideoOS.DataCollector.Service.UnitTests.RecordingServiceAvailableRuleUnitTest" name="OnRecordingServerIsUp_Is_Called_On_Normal_State_Change_For_Recording_Server" />
    </UnitTest>
    <UnitTest name="GrpcProfile_Convert_PerformanceCounterInstance_To_gRPC (SingleInstance,RawBase,SingleInstance,RawBase)" storage="d:\actions-runner\_work\xpco\xpco\allsolutions\..\datacollector\service\tst\videoos.datacollector.service.unittests\bin\x64\debug\net6.0-windows\videoos.datacollector.service.unittests.dll" id="3d9398db-df57-73bc-4a2e-215e36ba5401">
      <Execution id="3eecd7d5-e5ad-4fa4-9313-ae8511cb703f" />
      <TestMethod codeBase="D:\actions-runner\_work\XPCO\XPCO\AllSolutions\..\DataCollector\Service\tst\VideoOS.DataCollector.Service.UnitTests\bin\x64\Debug\net6.0-windows\VideoOS.DataCollector.Service.UnitTests.dll" adapterTypeName="executor://mstestadapter/v2" className="VideoOS.DataCollector.Service.UnitTests.GrpcProfileTest" name="GrpcProfile_Convert_PerformanceCounterInstance_To_gRPC" />
    </UnitTest>
    <UnitTest name="TestEnterCriticalMode" storage="d:\actions-runner\_work\xpco\xpco\allsolutions\..\datacollector\service\tst\videoos.datacollector.service.unittests\bin\x64\debug\net6.0-windows\videoos.datacollector.service.unittests.dll" id="b642fba7-8689-3412-10ea-3f6f9e68b79c">
      <Execution id="4a10e8da-a1d9-460f-82aa-a0911619a824" />
      <TestMethod codeBase="D:\actions-runner\_work\XPCO\XPCO\AllSolutions\..\DataCollector\Service\tst\VideoOS.DataCollector.Service.UnitTests\bin\x64\Debug\net6.0-windows\VideoOS.DataCollector.Service.UnitTests.dll" adapterTypeName="executor://mstestadapter/v2" className="VideoOS.DataCollector.Service.UnitTests.CounterStateTest" name="TestEnterCriticalMode" />
    </UnitTest>
    <UnitTest name="GrpcProfile_Convert_PerformanceCounterInstance_From_gRPC (MultiInstance,AverageBase,MultiInstance,AverageBase)" storage="d:\actions-runner\_work\xpco\xpco\allsolutions\..\datacollector\service\tst\videoos.datacollector.service.unittests\bin\x64\debug\net6.0-windows\videoos.datacollector.service.unittests.dll" id="a32af513-828f-588a-e45d-a5de408bd415">
      <Execution id="5d7db89c-c92e-4e94-b9e5-a698d602a979" />
      <TestMethod codeBase="D:\actions-runner\_work\XPCO\XPCO\AllSolutions\..\DataCollector\Service\tst\VideoOS.DataCollector.Service.UnitTests\bin\x64\Debug\net6.0-windows\VideoOS.DataCollector.Service.UnitTests.dll" adapterTypeName="executor://mstestadapter/v2" className="VideoOS.DataCollector.Service.UnitTests.GrpcProfileTest" name="GrpcProfile_Convert_PerformanceCounterInstance_From_gRPC" />
    </UnitTest>
    <UnitTest name="SampleRulesService_Exception_Caught_Success" storage="d:\actions-runner\_work\xpco\xpco\allsolutions\..\datacollector\service\tst\videoos.datacollector.service.unittests\bin\x64\debug\net6.0-windows\videoos.datacollector.service.unittests.dll" id="bd3a1bf0-04bb-6a3b-e085-e797e51122fa">
      <Execution id="a8c10bb4-b3e7-4049-b465-2f2c499d1f27" />
      <TestMethod codeBase="D:\actions-runner\_work\XPCO\XPCO\AllSolutions\..\DataCollector\Service\tst\VideoOS.DataCollector.Service.UnitTests\bin\x64\Debug\net6.0-windows\VideoOS.DataCollector.Service.UnitTests.dll" adapterTypeName="executor://mstestadapter/v2" className="VideoOS.DataCollector.Service.UnitTests.Services.SampleRulesServiceTests" name="SampleRulesService_Exception_Caught_Success" />
    </UnitTest>
    <UnitTest name="GrpcProfile_Convert_PerformanceCounterInstance_To_gRPC (SingleInstance,ElapsedTime,SingleInstance,ElapsedTime)" storage="d:\actions-runner\_work\xpco\xpco\allsolutions\..\datacollector\service\tst\videoos.datacollector.service.unittests\bin\x64\debug\net6.0-windows\videoos.datacollector.service.unittests.dll" id="2cfae5a8-554a-ea14-0f71-99846a4d8601">
      <Execution id="2f072d59-f52d-4a96-9596-3bc4c6f21439" />
      <TestMethod codeBase="D:\actions-runner\_work\XPCO\XPCO\AllSolutions\..\DataCollector\Service\tst\VideoOS.DataCollector.Service.UnitTests\bin\x64\Debug\net6.0-windows\VideoOS.DataCollector.Service.UnitTests.dll" adapterTypeName="executor://mstestadapter/v2" className="VideoOS.DataCollector.Service.UnitTests.GrpcProfileTest" name="GrpcProfile_Convert_PerformanceCounterInstance_To_gRPC" />
    </UnitTest>
    <UnitTest name="Create_ServiceAvailableRule_For_Recording_Server" storage="d:\actions-runner\_work\xpco\xpco\allsolutions\..\datacollector\service\tst\videoos.datacollector.service.unittests\bin\x64\debug\net6.0-windows\videoos.datacollector.service.unittests.dll" id="2575a366-6143-d60e-ba4e-a90a09fa25c2">
      <Execution id="f2505faa-d29c-493f-b1ca-67060bfb864b" />
      <TestMethod codeBase="D:\actions-runner\_work\XPCO\XPCO\AllSolutions\..\DataCollector\Service\tst\VideoOS.DataCollector.Service.UnitTests\bin\x64\Debug\net6.0-windows\VideoOS.DataCollector.Service.UnitTests.dll" adapterTypeName="executor://mstestadapter/v2" className="VideoOS.DataCollector.Service.UnitTests.ServiceAvailableRuleFactoryUnitTest" name="Create_ServiceAvailableRule_For_Recording_Server" />
    </UnitTest>
    <UnitTest name="RuleConfigurationRefreshService_ExecuteAsync_OperationCanceledException_Handled" storage="d:\actions-runner\_work\xpco\xpco\allsolutions\..\datacollector\service\tst\videoos.datacollector.service.unittests\bin\x64\debug\net6.0-windows\videoos.datacollector.service.unittests.dll" id="4576983a-065f-bfee-1585-2b61784b9f3c">
      <Execution id="ac3b9b38-8c83-42a8-975d-dffeaed88a35" />
      <TestMethod codeBase="D:\actions-runner\_work\XPCO\XPCO\AllSolutions\..\DataCollector\Service\tst\VideoOS.DataCollector.Service.UnitTests\bin\x64\Debug\net6.0-windows\VideoOS.DataCollector.Service.UnitTests.dll" adapterTypeName="executor://mstestadapter/v2" className="VideoOS.DataCollector.Service.UnitTests.Services.RuleConfigurationRefreshServiceTests" name="RuleConfigurationRefreshService_ExecuteAsync_OperationCanceledException_Handled" />
    </UnitTest>
    <UnitTest name="MultiCounterRule_GetMaxState_NoRegisteredCounters_DontSendStateChange" storage="d:\actions-runner\_work\xpco\xpco\allsolutions\..\datacollector\service\tst\videoos.datacollector.service.unittests\bin\x64\debug\net6.0-windows\videoos.datacollector.service.unittests.dll" id="c6f3b6c8-101f-a1cf-07e8-bfd6ab743a4c">
      <Execution id="b184146b-9f4b-4194-9cdd-ed6dc3779fc5" />
      <TestMethod codeBase="D:\actions-runner\_work\XPCO\XPCO\AllSolutions\..\DataCollector\Service\tst\VideoOS.DataCollector.Service.UnitTests\bin\x64\Debug\net6.0-windows\VideoOS.DataCollector.Service.UnitTests.dll" adapterTypeName="executor://mstestadapter/v2" className="VideoOS.DataCollector.Service.UnitTests.Rules.MultiCounterRuleTest" name="MultiCounterRule_GetMaxState_NoRegisteredCounters_DontSendStateChange" />
    </UnitTest>
    <UnitTest name="BatchSenderService_ExecuteAsync_Batch_Success" storage="d:\actions-runner\_work\xpco\xpco\allsolutions\..\datacollector\service\tst\videoos.datacollector.service.unittests\bin\x64\debug\net6.0-windows\videoos.datacollector.service.unittests.dll" id="97e622c5-348e-4563-ba18-61bcce370c8a">
      <Execution id="22191f0f-79d6-4ffb-82ac-552053132146" />
      <TestMethod codeBase="D:\actions-runner\_work\XPCO\XPCO\AllSolutions\..\DataCollector\Service\tst\VideoOS.DataCollector.Service.UnitTests\bin\x64\Debug\net6.0-windows\VideoOS.DataCollector.Service.UnitTests.dll" adapterTypeName="executor://mstestadapter/v2" className="VideoOS.DataCollector.Service.UnitTests.Services.BatchSenderServiceTests" name="BatchSenderService_ExecuteAsync_Batch_Success" />
    </UnitTest>
    <UnitTest name="StateChangeCommandHandler_Handle_Success" storage="d:\actions-runner\_work\xpco\xpco\allsolutions\..\datacollector\service\tst\videoos.datacollector.service.unittests\bin\x64\debug\net6.0-windows\videoos.datacollector.service.unittests.dll" id="f1c38f3f-1d18-880a-5591-3ac2f4b0650e">
      <Execution id="24b4cfb0-e286-4fba-9c5d-531ff1f2752a" />
      <TestMethod codeBase="D:\actions-runner\_work\XPCO\XPCO\AllSolutions\..\DataCollector\Service\tst\VideoOS.DataCollector.Service.UnitTests\bin\x64\Debug\net6.0-windows\VideoOS.DataCollector.Service.UnitTests.dll" adapterTypeName="executor://mstestadapter/v2" className="VideoOS.DataCollector.Service.UnitTests.Rule.RuleConfiguration.Commands.StateChangeServerCommandTests" name="StateChangeCommandHandler_Handle_Success" />
    </UnitTest>
    <UnitTest name="Handle_DeleteExistingDefaultRule_RuleDeleted" storage="d:\actions-runner\_work\xpco\xpco\allsolutions\..\datacollector\service\tst\videoos.datacollector.service.unittests\bin\x64\debug\net6.0-windows\videoos.datacollector.service.unittests.dll" id="3b235b78-660c-5cff-b1c5-9df1f10a54f9">
      <Execution id="800627b8-f052-47b6-8b15-9eebf8a2a688" />
      <TestMethod codeBase="D:\actions-runner\_work\XPCO\XPCO\AllSolutions\..\DataCollector\Service\tst\VideoOS.DataCollector.Service.UnitTests\bin\x64\Debug\net6.0-windows\VideoOS.DataCollector.Service.UnitTests.dll" adapterTypeName="executor://mstestadapter/v2" className="VideoOS.DataCollector.Service.UnitTests.CounterState.RefreshRuleConfigurationEventHandlerTests" name="Handle_DeleteExistingDefaultRule_RuleDeleted" />
    </UnitTest>
    <UnitTest name="BatchSenderService_ExecuteAsync_Exception_Unhandled" storage="d:\actions-runner\_work\xpco\xpco\allsolutions\..\datacollector\service\tst\videoos.datacollector.service.unittests\bin\x64\debug\net6.0-windows\videoos.datacollector.service.unittests.dll" id="ae86d6e1-ef94-3aa8-522e-f9723d06c0a7">
      <Execution id="f1cf5562-6255-4933-b0d6-6d2dc30a3ed3" />
      <TestMethod codeBase="D:\actions-runner\_work\XPCO\XPCO\AllSolutions\..\DataCollector\Service\tst\VideoOS.DataCollector.Service.UnitTests\bin\x64\Debug\net6.0-windows\VideoOS.DataCollector.Service.UnitTests.dll" adapterTypeName="executor://mstestadapter/v2" className="VideoOS.DataCollector.Service.UnitTests.Services.BatchSenderServiceTests" name="BatchSenderService_ExecuteAsync_Exception_Unhandled" />
    </UnitTest>
    <UnitTest name="Handle_RuleConfigurationIsEmpty_EventNotPublished" storage="d:\actions-runner\_work\xpco\xpco\allsolutions\..\datacollector\service\tst\videoos.datacollector.service.unittests\bin\x64\debug\net6.0-windows\videoos.datacollector.service.unittests.dll" id="cce81d0d-7524-14d8-1776-9582b5f767ce">
      <Execution id="86b5e6ab-1b19-4123-847c-50cf0368bb08" />
      <TestMethod codeBase="D:\actions-runner\_work\XPCO\XPCO\AllSolutions\..\DataCollector\Service\tst\VideoOS.DataCollector.Service.UnitTests\bin\x64\Debug\net6.0-windows\VideoOS.DataCollector.Service.UnitTests.dll" adapterTypeName="executor://mstestadapter/v2" className="VideoOS.DataCollector.Service.UnitTests.Rule.RuleConfiguration.Queries.GetRuleConfigurationServerQueryTests" name="Handle_RuleConfigurationIsEmpty_EventNotPublished" />
    </UnitTest>
    <UnitTest name="MultiCounterRule_Constructor_ruleId_NullCheck" storage="d:\actions-runner\_work\xpco\xpco\allsolutions\..\datacollector\service\tst\videoos.datacollector.service.unittests\bin\x64\debug\net6.0-windows\videoos.datacollector.service.unittests.dll" id="88fafd61-dbd1-a3ce-1b29-1097985d504d">
      <Execution id="78c4ade6-7161-4950-8de1-d04e3809801c" />
      <TestMethod codeBase="D:\actions-runner\_work\XPCO\XPCO\AllSolutions\..\DataCollector\Service\tst\VideoOS.DataCollector.Service.UnitTests\bin\x64\Debug\net6.0-windows\VideoOS.DataCollector.Service.UnitTests.dll" adapterTypeName="executor://mstestadapter/v2" className="VideoOS.DataCollector.Service.UnitTests.Rules.MultiCounterRuleTest" name="MultiCounterRule_Constructor_ruleId_NullCheck" />
    </UnitTest>
    <UnitTest name="TestWarningNotToNormal" storage="d:\actions-runner\_work\xpco\xpco\allsolutions\..\datacollector\service\tst\videoos.datacollector.service.unittests\bin\x64\debug\net6.0-windows\videoos.datacollector.service.unittests.dll" id="8c325ed6-65e2-d5e0-7146-93fb614d7bdc">
      <Execution id="dc25226b-d62b-498b-afc7-53d1062b96c3" />
      <TestMethod codeBase="D:\actions-runner\_work\XPCO\XPCO\AllSolutions\..\DataCollector\Service\tst\VideoOS.DataCollector.Service.UnitTests\bin\x64\Debug\net6.0-windows\VideoOS.DataCollector.Service.UnitTests.dll" adapterTypeName="executor://mstestadapter/v2" className="VideoOS.DataCollector.Service.UnitTests.CounterRuleTest" name="TestWarningNotToNormal" />
    </UnitTest>
    <UnitTest name="Handle_HandledExceptionTypes_ExceptionReturnedAsResponseAndLogged" storage="d:\actions-runner\_work\xpco\xpco\allsolutions\..\datacollector\service\tst\videoos.datacollector.service.unittests\bin\x64\debug\net6.0-windows\videoos.datacollector.service.unittests.dll" id="e407e0ba-6cb1-0800-b521-2ff79d107d24">
      <Execution id="ccf2b16e-70d9-456a-af70-f995f96315ff" />
      <TestMethod codeBase="D:\actions-runner\_work\XPCO\XPCO\AllSolutions\..\DataCollector\Service\tst\VideoOS.DataCollector.Service.UnitTests\bin\x64\Debug\net6.0-windows\VideoOS.DataCollector.Service.UnitTests.dll" adapterTypeName="executor://mstestadapter/v2" className="VideoOS.DataCollector.Service.UnitTests.Common.Behaviours.RetryBehaviourUnitTest" name="Handle_HandledExceptionTypes_ExceptionReturnedAsResponseAndLogged" />
    </UnitTest>
    <UnitTest name="ReportMachinePropertiesServerCommandHandler_Handle_Success" storage="d:\actions-runner\_work\xpco\xpco\allsolutions\..\datacollector\service\tst\videoos.datacollector.service.unittests\bin\x64\debug\net6.0-windows\videoos.datacollector.service.unittests.dll" id="e4391781-a192-ebbd-41be-41a67e46b978">
      <Execution id="08a5d200-0a83-4027-8a23-19267aae3b0d" />
      <TestMethod codeBase="D:\actions-runner\_work\XPCO\XPCO\AllSolutions\..\DataCollector\Service\tst\VideoOS.DataCollector.Service.UnitTests\bin\x64\Debug\net6.0-windows\VideoOS.DataCollector.Service.UnitTests.dll" adapterTypeName="executor://mstestadapter/v2" className="VideoOS.DataCollector.Service.UnitTests.ReportMachinePropertiesServerCommandTests" name="ReportMachinePropertiesServerCommandHandler_Handle_Success" />
    </UnitTest>
    <UnitTest name="TestGetSampleInstanceNotFound" storage="d:\actions-runner\_work\xpco\xpco\allsolutions\..\datacollector\service\tst\videoos.datacollector.service.unittests\bin\x64\debug\net6.0-windows\videoos.datacollector.service.unittests.dll" id="d056c79e-705c-f316-51ce-9a6d4e940388">
      <Execution id="c92237da-c0b6-4b26-a9b3-26fac54bb319" />
      <TestMethod codeBase="D:\actions-runner\_work\XPCO\XPCO\AllSolutions\..\DataCollector\Service\tst\VideoOS.DataCollector.Service.UnitTests\bin\x64\Debug\net6.0-windows\VideoOS.DataCollector.Service.UnitTests.dll" adapterTypeName="executor://mstestadapter/v2" className="VideoOS.DataCollector.Service.UnitTests.PerformanceCounterReaderTest" name="TestGetSampleInstanceNotFound" />
    </UnitTest>
    <UnitTest name="StateChangeEventHandlerTests_Handle_MultiruleStateNotChanged_Success" storage="d:\actions-runner\_work\xpco\xpco\allsolutions\..\datacollector\service\tst\videoos.datacollector.service.unittests\bin\x64\debug\net6.0-windows\videoos.datacollector.service.unittests.dll" id="37330e53-6e04-9cd4-8720-f6cabc4be29f">
      <Execution id="d0a0cac5-0cbe-4cf8-85c3-573273985910" />
      <TestMethod codeBase="D:\actions-runner\_work\XPCO\XPCO\AllSolutions\..\DataCollector\Service\tst\VideoOS.DataCollector.Service.UnitTests\bin\x64\Debug\net6.0-windows\VideoOS.DataCollector.Service.UnitTests.dll" adapterTypeName="executor://mstestadapter/v2" className="VideoOS.DataCollector.Service.UnitTests.StateChangeEventHandlerTests" name="StateChangeEventHandlerTests_Handle_MultiruleStateNotChanged_Success" />
    </UnitTest>
    <UnitTest name="Constructor_NullBackoffFactory_ArgumentNullExceptionThrown" storage="d:\actions-runner\_work\xpco\xpco\allsolutions\..\datacollector\service\tst\videoos.datacollector.service.unittests\bin\x64\debug\net6.0-windows\videoos.datacollector.service.unittests.dll" id="ed111a96-f7df-f477-c96d-714e23ca5010">
      <Execution id="afc379ee-a51f-49b9-acf2-98e3ad469262" />
      <TestMethod codeBase="D:\actions-runner\_work\XPCO\XPCO\AllSolutions\..\DataCollector\Service\tst\VideoOS.DataCollector.Service.UnitTests\bin\x64\Debug\net6.0-windows\VideoOS.DataCollector.Service.UnitTests.dll" adapterTypeName="executor://mstestadapter/v2" className="VideoOS.DataCollector.Service.UnitTests.Common.Behaviours.RetryBehaviourUnitTest" name="Constructor_NullBackoffFactory_ArgumentNullExceptionThrown" />
    </UnitTest>
    <UnitTest name="Handle_OneMultiRuleCounterRuleDeleted_RuleDeletedMulitRuleUnRegistered" storage="d:\actions-runner\_work\xpco\xpco\allsolutions\..\datacollector\service\tst\videoos.datacollector.service.unittests\bin\x64\debug\net6.0-windows\videoos.datacollector.service.unittests.dll" id="b968cc6f-353f-a351-2f3d-7ec20d9cb73c">
      <Execution id="5fd4b0f3-6679-41e6-a402-54fa8c583041" />
      <TestMethod codeBase="D:\actions-runner\_work\XPCO\XPCO\AllSolutions\..\DataCollector\Service\tst\VideoOS.DataCollector.Service.UnitTests\bin\x64\Debug\net6.0-windows\VideoOS.DataCollector.Service.UnitTests.dll" adapterTypeName="executor://mstestadapter/v2" className="VideoOS.DataCollector.Service.UnitTests.CounterState.RefreshRuleConfigurationEventHandlerTests" name="Handle_OneMultiRuleCounterRuleDeleted_RuleDeletedMulitRuleUnRegistered" />
    </UnitTest>
    <UnitTest name="Handle_UpdateExistingDefaultRule_RuleUpdated" storage="d:\actions-runner\_work\xpco\xpco\allsolutions\..\datacollector\service\tst\videoos.datacollector.service.unittests\bin\x64\debug\net6.0-windows\videoos.datacollector.service.unittests.dll" id="d56de8d0-9997-d5e0-64c8-890a55ed7029">
      <Execution id="2be18aea-fb46-4b66-a7c8-cf696ee81cc1" />
      <TestMethod codeBase="D:\actions-runner\_work\XPCO\XPCO\AllSolutions\..\DataCollector\Service\tst\VideoOS.DataCollector.Service.UnitTests\bin\x64\Debug\net6.0-windows\VideoOS.DataCollector.Service.UnitTests.dll" adapterTypeName="executor://mstestadapter/v2" className="VideoOS.DataCollector.Service.UnitTests.CounterState.RefreshRuleConfigurationEventHandlerTests" name="Handle_UpdateExistingDefaultRule_RuleUpdated" />
    </UnitTest>
    <UnitTest name="Handle_NullRuleConfiguration_NoRulesAdded" storage="d:\actions-runner\_work\xpco\xpco\allsolutions\..\datacollector\service\tst\videoos.datacollector.service.unittests\bin\x64\debug\net6.0-windows\videoos.datacollector.service.unittests.dll" id="6f1fb882-916d-1895-6294-8813e5471572">
      <Execution id="a6ddbb0e-219b-4b08-8e0e-5f70ddadefcd" />
      <TestMethod codeBase="D:\actions-runner\_work\XPCO\XPCO\AllSolutions\..\DataCollector\Service\tst\VideoOS.DataCollector.Service.UnitTests\bin\x64\Debug\net6.0-windows\VideoOS.DataCollector.Service.UnitTests.dll" adapterTypeName="executor://mstestadapter/v2" className="VideoOS.DataCollector.Service.UnitTests.CounterState.RefreshRuleConfigurationEventHandlerTests" name="Handle_NullRuleConfiguration_NoRulesAdded" />
    </UnitTest>
    <UnitTest name="GrpcProfile_Convert_PerformanceCounterInstance_From_gRPC (SingleInstance,Timer100NsInverse,SingleInstance,Timer100NsInverse)" storage="d:\actions-runner\_work\xpco\xpco\allsolutions\..\datacollector\service\tst\videoos.datacollector.service.unittests\bin\x64\debug\net6.0-windows\videoos.datacollector.service.unittests.dll" id="b74bbce8-76ae-b494-3531-735db43046c1">
      <Execution id="b4e5ac97-1c42-4ce0-a9d8-2a449373f25a" />
      <TestMethod codeBase="D:\actions-runner\_work\XPCO\XPCO\AllSolutions\..\DataCollector\Service\tst\VideoOS.DataCollector.Service.UnitTests\bin\x64\Debug\net6.0-windows\VideoOS.DataCollector.Service.UnitTests.dll" adapterTypeName="executor://mstestadapter/v2" className="VideoOS.DataCollector.Service.UnitTests.GrpcProfileTest" name="GrpcProfile_Convert_PerformanceCounterInstance_From_gRPC" />
    </UnitTest>
    <UnitTest name="GrpcProfile_Convert_PerformanceCounterInstance_To_gRPC (SingleInstance,SampleFraction,SingleInstance,SampleFraction)" storage="d:\actions-runner\_work\xpco\xpco\allsolutions\..\datacollector\service\tst\videoos.datacollector.service.unittests\bin\x64\debug\net6.0-windows\videoos.datacollector.service.unittests.dll" id="31ec9322-88c3-2d98-23fa-4c1b8ed065d4">
      <Execution id="6cd174b4-187d-40d6-9a10-ddda743404a6" />
      <TestMethod codeBase="D:\actions-runner\_work\XPCO\XPCO\AllSolutions\..\DataCollector\Service\tst\VideoOS.DataCollector.Service.UnitTests\bin\x64\Debug\net6.0-windows\VideoOS.DataCollector.Service.UnitTests.dll" adapterTypeName="executor://mstestadapter/v2" className="VideoOS.DataCollector.Service.UnitTests.GrpcProfileTest" name="GrpcProfile_Convert_PerformanceCounterInstance_To_gRPC" />
    </UnitTest>
    <UnitTest name="Constructor_CorrectArguments_Success" storage="d:\actions-runner\_work\xpco\xpco\allsolutions\..\datacollector\service\tst\videoos.datacollector.service.unittests\bin\x64\debug\net6.0-windows\videoos.datacollector.service.unittests.dll" id="0a70eb16-4944-b00d-d000-856a83d548eb">
      <Execution id="39b66754-d179-4a34-8793-1213da628609" />
      <TestMethod codeBase="D:\actions-runner\_work\XPCO\XPCO\AllSolutions\..\DataCollector\Service\tst\VideoOS.DataCollector.Service.UnitTests\bin\x64\Debug\net6.0-windows\VideoOS.DataCollector.Service.UnitTests.dll" adapterTypeName="executor://mstestadapter/v2" className="VideoOS.DataCollector.Service.UnitTests.Common.Behaviours.RetryBehaviourUnitTest" name="Constructor_CorrectArguments_Success" />
    </UnitTest>
    <UnitTest name="GetState_ChangesFromWarningToNormalWithoutLatency_On0AsLatency" storage="d:\actions-runner\_work\xpco\xpco\allsolutions\..\datacollector\service\tst\videoos.datacollector.service.unittests\bin\x64\debug\net6.0-windows\videoos.datacollector.service.unittests.dll" id="f826e7d1-3719-7040-7120-6417618730ca">
      <Execution id="e0e079f4-71ce-40ee-a899-914a4761da7b" />
      <TestMethod codeBase="D:\actions-runner\_work\XPCO\XPCO\AllSolutions\..\DataCollector\Service\tst\VideoOS.DataCollector.Service.UnitTests\bin\x64\Debug\net6.0-windows\VideoOS.DataCollector.Service.UnitTests.dll" adapterTypeName="executor://mstestadapter/v2" className="VideoOS.DataCollector.Service.UnitTests.CounterRuleTest" name="GetState_ChangesFromWarningToNormalWithoutLatency_On0AsLatency" />
    </UnitTest>
    <UnitTest name="GrpcProfile_Convert_PerformanceCounterInstance_From_gRPC (SingleInstance,RawFraction,SingleInstance,RawFraction)" storage="d:\actions-runner\_work\xpco\xpco\allsolutions\..\datacollector\service\tst\videoos.datacollector.service.unittests\bin\x64\debug\net6.0-windows\videoos.datacollector.service.unittests.dll" id="5de2d137-d2f4-fce6-2df0-ed84248827c1">
      <Execution id="312f09df-07ac-4b0f-8aac-3f5839209e1b" />
      <TestMethod codeBase="D:\actions-runner\_work\XPCO\XPCO\AllSolutions\..\DataCollector\Service\tst\VideoOS.DataCollector.Service.UnitTests\bin\x64\Debug\net6.0-windows\VideoOS.DataCollector.Service.UnitTests.dll" adapterTypeName="executor://mstestadapter/v2" className="VideoOS.DataCollector.Service.UnitTests.GrpcProfileTest" name="GrpcProfile_Convert_PerformanceCounterInstance_From_gRPC" />
    </UnitTest>
    <UnitTest name="GrpcProfile_Convert_PerformanceCounterInstance_From_gRPC (SingleInstance,SampleBase,SingleInstance,SampleBase)" storage="d:\actions-runner\_work\xpco\xpco\allsolutions\..\datacollector\service\tst\videoos.datacollector.service.unittests\bin\x64\debug\net6.0-windows\videoos.datacollector.service.unittests.dll" id="42316c48-ee5d-5729-b9d2-4ff148ed11a2">
      <Execution id="494f28e1-02f1-438d-956a-de83ca0f8504" />
      <TestMethod codeBase="D:\actions-runner\_work\XPCO\XPCO\AllSolutions\..\DataCollector\Service\tst\VideoOS.DataCollector.Service.UnitTests\bin\x64\Debug\net6.0-windows\VideoOS.DataCollector.Service.UnitTests.dll" adapterTypeName="executor://mstestadapter/v2" className="VideoOS.DataCollector.Service.UnitTests.GrpcProfileTest" name="GrpcProfile_Convert_PerformanceCounterInstance_From_gRPC" />
    </UnitTest>
    <UnitTest name="Handle_OneDefaultCounterRule_OneRulesAdded" storage="d:\actions-runner\_work\xpco\xpco\allsolutions\..\datacollector\service\tst\videoos.datacollector.service.unittests\bin\x64\debug\net6.0-windows\videoos.datacollector.service.unittests.dll" id="bd80aa3a-9b4a-acf7-fad9-f68c8d5790bd">
      <Execution id="692ee9f6-6a6d-43f9-a538-3131ac472bf2" />
      <TestMethod codeBase="D:\actions-runner\_work\XPCO\XPCO\AllSolutions\..\DataCollector\Service\tst\VideoOS.DataCollector.Service.UnitTests\bin\x64\Debug\net6.0-windows\VideoOS.DataCollector.Service.UnitTests.dll" adapterTypeName="executor://mstestadapter/v2" className="VideoOS.DataCollector.Service.UnitTests.CounterState.RefreshRuleConfigurationEventHandlerTests" name="Handle_OneDefaultCounterRule_OneRulesAdded" />
    </UnitTest>
    <UnitTest name="GrpcProfile_Convert_PerformanceCounterInstance_From_gRPC (SingleInstance,CounterMultiTimer100Ns,SingleInstance,CounterMultiTimer100Ns)" storage="d:\actions-runner\_work\xpco\xpco\allsolutions\..\datacollector\service\tst\videoos.datacollector.service.unittests\bin\x64\debug\net6.0-windows\videoos.datacollector.service.unittests.dll" id="03c52b9d-1a4a-3caa-7e64-4adf92c9079c">
      <Execution id="9ab4732c-2eb6-4622-b108-c4c147b46618" />
      <TestMethod codeBase="D:\actions-runner\_work\XPCO\XPCO\AllSolutions\..\DataCollector\Service\tst\VideoOS.DataCollector.Service.UnitTests\bin\x64\Debug\net6.0-windows\VideoOS.DataCollector.Service.UnitTests.dll" adapterTypeName="executor://mstestadapter/v2" className="VideoOS.DataCollector.Service.UnitTests.GrpcProfileTest" name="GrpcProfile_Convert_PerformanceCounterInstance_From_gRPC" />
    </UnitTest>
    <UnitTest name="ConfigurationRefreshService_ExecuteAsync_NoConfiguredCounters_Logging_Success" storage="d:\actions-runner\_work\xpco\xpco\allsolutions\..\datacollector\service\tst\videoos.datacollector.service.unittests\bin\x64\debug\net6.0-windows\videoos.datacollector.service.unittests.dll" id="557ef4e8-39fd-d137-95c5-8bef3c54f326">
      <Execution id="20b03b1b-5099-4236-8597-1b3e76f82005" />
      <TestMethod codeBase="D:\actions-runner\_work\XPCO\XPCO\AllSolutions\..\DataCollector\Service\tst\VideoOS.DataCollector.Service.UnitTests\bin\x64\Debug\net6.0-windows\VideoOS.DataCollector.Service.UnitTests.dll" adapterTypeName="executor://mstestadapter/v2" className="VideoOS.DataCollector.Service.UnitTests.Services.ConfigurationRefreshServiceTests" name="ConfigurationRefreshService_ExecuteAsync_NoConfiguredCounters_Logging_Success" />
    </UnitTest>
    <UnitTest name="Create_Device_Storage_Counter_Rule_As_CameraUsedSpaceCounterRule" storage="d:\actions-runner\_work\xpco\xpco\allsolutions\..\datacollector\service\tst\videoos.datacollector.service.unittests\bin\x64\debug\net6.0-windows\videoos.datacollector.service.unittests.dll" id="0822bdb3-4823-de26-65fa-a5f87beaa1f3">
      <Execution id="619f189c-0e3a-4989-98b8-d7f1a0236cdc" />
      <TestMethod codeBase="D:\actions-runner\_work\XPCO\XPCO\AllSolutions\..\DataCollector\Service\tst\VideoOS.DataCollector.Service.UnitTests\bin\x64\Debug\net6.0-windows\VideoOS.DataCollector.Service.UnitTests.dll" adapterTypeName="executor://mstestadapter/v2" className="VideoOS.DataCollector.Service.UnitTests.CounterRuleFactoryUnitTest" name="Create_Device_Storage_Counter_Rule_As_CameraUsedSpaceCounterRule" />
    </UnitTest>
    <UnitTest name="GrpcProfile_Convert_PerformanceCounterInstance_To_gRPC (SingleInstance,CounterMultiTimerInverse,SingleInstance,CounterMultiTimerInverse)" storage="d:\actions-runner\_work\xpco\xpco\allsolutions\..\datacollector\service\tst\videoos.datacollector.service.unittests\bin\x64\debug\net6.0-windows\videoos.datacollector.service.unittests.dll" id="287ee013-9707-f5ff-696c-4235086b68bf">
      <Execution id="848a0551-404e-4116-9b88-8e254d1fabec" />
      <TestMethod codeBase="D:\actions-runner\_work\XPCO\XPCO\AllSolutions\..\DataCollector\Service\tst\VideoOS.DataCollector.Service.UnitTests\bin\x64\Debug\net6.0-windows\VideoOS.DataCollector.Service.UnitTests.dll" adapterTypeName="executor://mstestadapter/v2" className="VideoOS.DataCollector.Service.UnitTests.GrpcProfileTest" name="GrpcProfile_Convert_PerformanceCounterInstance_To_gRPC" />
    </UnitTest>
    <UnitTest name="GrpcProfile_Convert_PerformanceCounterInstance_From_gRPC (SingleInstance,SampleCounter,SingleInstance,SampleCounter)" storage="d:\actions-runner\_work\xpco\xpco\allsolutions\..\datacollector\service\tst\videoos.datacollector.service.unittests\bin\x64\debug\net6.0-windows\videoos.datacollector.service.unittests.dll" id="fb90590a-c277-92da-137f-fa508c6dd199">
      <Execution id="e08f8b09-546f-4cb7-ac46-d8821816f8c7" />
      <TestMethod codeBase="D:\actions-runner\_work\XPCO\XPCO\AllSolutions\..\DataCollector\Service\tst\VideoOS.DataCollector.Service.UnitTests\bin\x64\Debug\net6.0-windows\VideoOS.DataCollector.Service.UnitTests.dll" adapterTypeName="executor://mstestadapter/v2" className="VideoOS.DataCollector.Service.UnitTests.GrpcProfileTest" name="GrpcProfile_Convert_PerformanceCounterInstance_From_gRPC" />
    </UnitTest>
    <UnitTest name="GrpcProfile_Convert_PerformanceCounterValue_From_gRPC" storage="d:\actions-runner\_work\xpco\xpco\allsolutions\..\datacollector\service\tst\videoos.datacollector.service.unittests\bin\x64\debug\net6.0-windows\videoos.datacollector.service.unittests.dll" id="dd1c4a81-c46a-ac35-7ff0-413023a13cef">
      <Execution id="4dc67ffc-fab0-49c5-85b1-3a592e6641c9" />
      <TestMethod codeBase="D:\actions-runner\_work\XPCO\XPCO\AllSolutions\..\DataCollector\Service\tst\VideoOS.DataCollector.Service.UnitTests\bin\x64\Debug\net6.0-windows\VideoOS.DataCollector.Service.UnitTests.dll" adapterTypeName="executor://mstestadapter/v2" className="VideoOS.DataCollector.Service.UnitTests.GrpcProfileTest" name="GrpcProfile_Convert_PerformanceCounterValue_From_gRPC" />
    </UnitTest>
    <UnitTest name="MultiCounterRule_Constructor_DefaultValuesCorrect" storage="d:\actions-runner\_work\xpco\xpco\allsolutions\..\datacollector\service\tst\videoos.datacollector.service.unittests\bin\x64\debug\net6.0-windows\videoos.datacollector.service.unittests.dll" id="682f39ff-c527-cc70-f782-4a8356476033">
      <Execution id="b0baaade-8610-44fd-a125-73b15ee081d4" />
      <TestMethod codeBase="D:\actions-runner\_work\XPCO\XPCO\AllSolutions\..\DataCollector\Service\tst\VideoOS.DataCollector.Service.UnitTests\bin\x64\Debug\net6.0-windows\VideoOS.DataCollector.Service.UnitTests.dll" adapterTypeName="executor://mstestadapter/v2" className="VideoOS.DataCollector.Service.UnitTests.Rules.MultiCounterRuleTest" name="MultiCounterRule_Constructor_DefaultValuesCorrect" />
    </UnitTest>
    <UnitTest name="StateChangeEventHandlerTests_Handle_NotMultiRule_Success" storage="d:\actions-runner\_work\xpco\xpco\allsolutions\..\datacollector\service\tst\videoos.datacollector.service.unittests\bin\x64\debug\net6.0-windows\videoos.datacollector.service.unittests.dll" id="c3fd3bc7-273f-e43c-863e-a58d2266df8f">
      <Execution id="8c814e47-c2f2-4ac9-8a19-57aee5206bbc" />
      <TestMethod codeBase="D:\actions-runner\_work\XPCO\XPCO\AllSolutions\..\DataCollector\Service\tst\VideoOS.DataCollector.Service.UnitTests\bin\x64\Debug\net6.0-windows\VideoOS.DataCollector.Service.UnitTests.dll" adapterTypeName="executor://mstestadapter/v2" className="VideoOS.DataCollector.Service.UnitTests.StateChangeEventHandlerTests" name="StateChangeEventHandlerTests_Handle_NotMultiRule_Success" />
    </UnitTest>
    <UnitTest name="MultiCounterRule_UnRegisterPerformanceCounterInstance_RemovedCounterWithLowestState_DontSendStateChange" storage="d:\actions-runner\_work\xpco\xpco\allsolutions\..\datacollector\service\tst\videoos.datacollector.service.unittests\bin\x64\debug\net6.0-windows\videoos.datacollector.service.unittests.dll" id="f5fb82a1-6da4-4bd9-ef2b-71b66a17093e">
      <Execution id="3795690e-3037-4e68-bd79-d50a32114c44" />
      <TestMethod codeBase="D:\actions-runner\_work\XPCO\XPCO\AllSolutions\..\DataCollector\Service\tst\VideoOS.DataCollector.Service.UnitTests\bin\x64\Debug\net6.0-windows\VideoOS.DataCollector.Service.UnitTests.dll" adapterTypeName="executor://mstestadapter/v2" className="VideoOS.DataCollector.Service.UnitTests.Rules.MultiCounterRuleTest" name="MultiCounterRule_UnRegisterPerformanceCounterInstance_RemovedCounterWithLowestState_DontSendStateChange" />
    </UnitTest>
    <UnitTest name="GrpcProfile_Convert_PerformanceCounterInstance_From_gRPC (SingleInstance,AverageTimer32,SingleInstance,AverageTimer32)" storage="d:\actions-runner\_work\xpco\xpco\allsolutions\..\datacollector\service\tst\videoos.datacollector.service.unittests\bin\x64\debug\net6.0-windows\videoos.datacollector.service.unittests.dll" id="788cedb0-2991-afe2-64ae-a1902da32320">
      <Execution id="a5e8c928-b57b-444b-b0ce-d60cefb53c8b" />
      <TestMethod codeBase="D:\actions-runner\_work\XPCO\XPCO\AllSolutions\..\DataCollector\Service\tst\VideoOS.DataCollector.Service.UnitTests\bin\x64\Debug\net6.0-windows\VideoOS.DataCollector.Service.UnitTests.dll" adapterTypeName="executor://mstestadapter/v2" className="VideoOS.DataCollector.Service.UnitTests.GrpcProfileTest" name="GrpcProfile_Convert_PerformanceCounterInstance_From_gRPC" />
    </UnitTest>
    <UnitTest name="GrpcProfile_Convert_PerformanceCounterInstance_From_gRPC (SingleInstance,CounterTimerInverse,SingleInstance,CounterTimerInverse)" storage="d:\actions-runner\_work\xpco\xpco\allsolutions\..\datacollector\service\tst\videoos.datacollector.service.unittests\bin\x64\debug\net6.0-windows\videoos.datacollector.service.unittests.dll" id="f6d448c5-4148-7e4d-d3e4-ca66f13de697">
      <Execution id="e6d2244f-eb77-4776-95cd-68efb303d2ad" />
      <TestMethod codeBase="D:\actions-runner\_work\XPCO\XPCO\AllSolutions\..\DataCollector\Service\tst\VideoOS.DataCollector.Service.UnitTests\bin\x64\Debug\net6.0-windows\VideoOS.DataCollector.Service.UnitTests.dll" adapterTypeName="executor://mstestadapter/v2" className="VideoOS.DataCollector.Service.UnitTests.GrpcProfileTest" name="GrpcProfile_Convert_PerformanceCounterInstance_From_gRPC" />
    </UnitTest>
    <UnitTest name="GrpcProfile_Convert_PerformanceCounterInstance_To_gRPC (SingleInstance,CounterMultiTimer100Ns,SingleInstance,CounterMultiTimer100Ns)" storage="d:\actions-runner\_work\xpco\xpco\allsolutions\..\datacollector\service\tst\videoos.datacollector.service.unittests\bin\x64\debug\net6.0-windows\videoos.datacollector.service.unittests.dll" id="14852a73-acbe-6609-0a9f-9b103af673e9">
      <Execution id="7ea127f9-e3ed-46b9-97d7-7987f11b566d" />
      <TestMethod codeBase="D:\actions-runner\_work\XPCO\XPCO\AllSolutions\..\DataCollector\Service\tst\VideoOS.DataCollector.Service.UnitTests\bin\x64\Debug\net6.0-windows\VideoOS.DataCollector.Service.UnitTests.dll" adapterTypeName="executor://mstestadapter/v2" className="VideoOS.DataCollector.Service.UnitTests.GrpcProfileTest" name="GrpcProfile_Convert_PerformanceCounterInstance_To_gRPC" />
    </UnitTest>
    <UnitTest name="RegisterDataCollectorServerCommandHandler_Handle_NonCluster_Success" storage="d:\actions-runner\_work\xpco\xpco\allsolutions\..\datacollector\service\tst\videoos.datacollector.service.unittests\bin\x64\debug\net6.0-windows\videoos.datacollector.service.unittests.dll" id="b5fa3831-4714-0f6b-2d7d-2f33b08e97b8">
      <Execution id="b75a2adc-3796-4041-be43-3b9b9f199fe5" />
      <TestMethod codeBase="D:\actions-runner\_work\XPCO\XPCO\AllSolutions\..\DataCollector\Service\tst\VideoOS.DataCollector.Service.UnitTests\bin\x64\Debug\net6.0-windows\VideoOS.DataCollector.Service.UnitTests.dll" adapterTypeName="executor://mstestadapter/v2" className="VideoOS.DataCollector.Service.UnitTests.PerfCounterConfiguration.Commands.RegisterDataCollector.RegisterDataCollectorServerCommandTests" name="RegisterDataCollectorServerCommandHandler_Handle_NonCluster_Success" />
    </UnitTest>
    <UnitTest name="GrpcProfile_Convert_PerformanceCounterInstance_To_gRPC (SingleInstance,RawFraction,SingleInstance,RawFraction)" storage="d:\actions-runner\_work\xpco\xpco\allsolutions\..\datacollector\service\tst\videoos.datacollector.service.unittests\bin\x64\debug\net6.0-windows\videoos.datacollector.service.unittests.dll" id="8fe8d5db-8f0f-6a86-3d21-19ce71a5128c">
      <Execution id="4300e98f-9cf0-4fdc-b6a3-854e7d32c9ba" />
      <TestMethod codeBase="D:\actions-runner\_work\XPCO\XPCO\AllSolutions\..\DataCollector\Service\tst\VideoOS.DataCollector.Service.UnitTests\bin\x64\Debug\net6.0-windows\VideoOS.DataCollector.Service.UnitTests.dll" adapterTypeName="executor://mstestadapter/v2" className="VideoOS.DataCollector.Service.UnitTests.GrpcProfileTest" name="GrpcProfile_Convert_PerformanceCounterInstance_To_gRPC" />
    </UnitTest>
    <UnitTest name="RegisterServiceApplicationsServerCommandHandler_Handle_NonCluster_Success" storage="d:\actions-runner\_work\xpco\xpco\allsolutions\..\datacollector\service\tst\videoos.datacollector.service.unittests\bin\x64\debug\net6.0-windows\videoos.datacollector.service.unittests.dll" id="ab1d4923-a026-1795-5755-522e048944a7">
      <Execution id="0e5fc233-65d8-4847-ba8c-62c551086a34" />
      <TestMethod codeBase="D:\actions-runner\_work\XPCO\XPCO\AllSolutions\..\DataCollector\Service\tst\VideoOS.DataCollector.Service.UnitTests\bin\x64\Debug\net6.0-windows\VideoOS.DataCollector.Service.UnitTests.dll" adapterTypeName="executor://mstestadapter/v2" className="VideoOS.DataCollector.Service.UnitTests.PerfCounterConfiguration.Commands.RegisterServiceApplications.RegisterServiceApplicationsServerCommandTests" name="RegisterServiceApplicationsServerCommandHandler_Handle_NonCluster_Success" />
    </UnitTest>
    <UnitTest name="GrpcProfile_Convert_PerformanceCounterInstance_To_gRPC (SingleInstance,CounterDelta64,SingleInstance,CounterDelta64)" storage="d:\actions-runner\_work\xpco\xpco\allsolutions\..\datacollector\service\tst\videoos.datacollector.service.unittests\bin\x64\debug\net6.0-windows\videoos.datacollector.service.unittests.dll" id="8d20919f-f7f8-bd56-a9f8-3292aa3f090d">
      <Execution id="d4b67921-733f-4f31-b5bc-d2c506e139a6" />
      <TestMethod codeBase="D:\actions-runner\_work\XPCO\XPCO\AllSolutions\..\DataCollector\Service\tst\VideoOS.DataCollector.Service.UnitTests\bin\x64\Debug\net6.0-windows\VideoOS.DataCollector.Service.UnitTests.dll" adapterTypeName="executor://mstestadapter/v2" className="VideoOS.DataCollector.Service.UnitTests.GrpcProfileTest" name="GrpcProfile_Convert_PerformanceCounterInstance_To_gRPC" />
    </UnitTest>
    <UnitTest name="GetState_DoesNotChangeFromCriticalToNormal_OnCriticalEqualWarningAndValuesWithinBuffer" storage="d:\actions-runner\_work\xpco\xpco\allsolutions\..\datacollector\service\tst\videoos.datacollector.service.unittests\bin\x64\debug\net6.0-windows\videoos.datacollector.service.unittests.dll" id="9c9fbf0b-dbf5-5e05-7bb6-8bef9c13570d">
      <Execution id="f673aa37-bf4f-497d-9de5-e3c2a25d8d18" />
      <TestMethod codeBase="D:\actions-runner\_work\XPCO\XPCO\AllSolutions\..\DataCollector\Service\tst\VideoOS.DataCollector.Service.UnitTests\bin\x64\Debug\net6.0-windows\VideoOS.DataCollector.Service.UnitTests.dll" adapterTypeName="executor://mstestadapter/v2" className="VideoOS.DataCollector.Service.UnitTests.CounterRuleTest" name="GetState_DoesNotChangeFromCriticalToNormal_OnCriticalEqualWarningAndValuesWithinBuffer" />
    </UnitTest>
    <UnitTest name="ExponentialBackOff_Delay_MsBelowMax_Success" storage="d:\actions-runner\_work\xpco\xpco\allsolutions\..\datacollector\service\tst\videoos.datacollector.service.unittests\bin\x64\debug\net6.0-windows\videoos.datacollector.service.unittests.dll" id="0a386c2e-17de-5f27-247d-8c6b74cf3e5a">
      <Execution id="a4044728-f9a5-4ab7-98e3-a2951ce6886b" />
      <TestMethod codeBase="D:\actions-runner\_work\XPCO\XPCO\AllSolutions\..\DataCollector\Service\tst\VideoOS.DataCollector.Service.UnitTests\bin\x64\Debug\net6.0-windows\VideoOS.DataCollector.Service.UnitTests.dll" adapterTypeName="executor://mstestadapter/v2" className="VideoOS.DataCollector.Service.UnitTests.Common.BackOff.ExponentialBackOffUnitTest" name="ExponentialBackOff_Delay_MsBelowMax_Success" />
    </UnitTest>
    <UnitTest name="MultiCounterRule_AddStateChanged_StateChangeSend" storage="d:\actions-runner\_work\xpco\xpco\allsolutions\..\datacollector\service\tst\videoos.datacollector.service.unittests\bin\x64\debug\net6.0-windows\videoos.datacollector.service.unittests.dll" id="941ab43f-fa60-c35d-f02a-430777c437e2">
      <Execution id="1aa47ce3-2a68-439b-82db-0ecc45871f2b" />
      <TestMethod codeBase="D:\actions-runner\_work\XPCO\XPCO\AllSolutions\..\DataCollector\Service\tst\VideoOS.DataCollector.Service.UnitTests\bin\x64\Debug\net6.0-windows\VideoOS.DataCollector.Service.UnitTests.dll" adapterTypeName="executor://mstestadapter/v2" className="VideoOS.DataCollector.Service.UnitTests.Rules.MultiCounterRuleTest" name="MultiCounterRule_AddStateChanged_StateChangeSend" />
    </UnitTest>
    <UnitTest name="StatePerValue_AddStateChange_StateChange_Handled" storage="d:\actions-runner\_work\xpco\xpco\allsolutions\..\datacollector\service\tst\videoos.datacollector.service.unittests\bin\x64\debug\net6.0-windows\videoos.datacollector.service.unittests.dll" id="87641036-3581-f60b-2504-66a6d5fadf8e">
      <Execution id="4cf30a89-e1c2-4c59-a858-dd4606465758" />
      <TestMethod codeBase="D:\actions-runner\_work\XPCO\XPCO\AllSolutions\..\DataCollector\Service\tst\VideoOS.DataCollector.Service.UnitTests\bin\x64\Debug\net6.0-windows\VideoOS.DataCollector.Service.UnitTests.dll" adapterTypeName="executor://mstestadapter/v2" className="VideoOS.DataCollector.Service.UnitTests.StatePerValueHandlerTest" name="StatePerValue_AddStateChange_StateChange_Handled" />
    </UnitTest>
    <UnitTest name="PerformanceCounterInstancesService_CategoryType_is_MultiInstance_InstanceName_IsNullOrEmpty_instanceNames_hasAName" storage="d:\actions-runner\_work\xpco\xpco\allsolutions\..\datacollector\service\tst\videoos.datacollector.service.unittests\bin\x64\debug\net6.0-windows\videoos.datacollector.service.unittests.dll" id="59fbf208-5128-2ef3-ad86-e4eb64ea7808">
      <Execution id="62f1b338-a825-4998-9923-041b9e915151" />
      <TestMethod codeBase="D:\actions-runner\_work\XPCO\XPCO\AllSolutions\..\DataCollector\Service\tst\VideoOS.DataCollector.Service.UnitTests\bin\x64\Debug\net6.0-windows\VideoOS.DataCollector.Service.UnitTests.dll" adapterTypeName="executor://mstestadapter/v2" className="VideoOS.DataCollector.Service.UnitTests.Services.PerformanceCounterInstancesServiceTests" name="PerformanceCounterInstancesService_CategoryType_is_MultiInstance_InstanceName_IsNullOrEmpty_instanceNames_hasAName" />
    </UnitTest>
    <UnitTest name="GetState_ShouldBeWarning_OnCriticalNegativeOneAndAboveWarningThreshold" storage="d:\actions-runner\_work\xpco\xpco\allsolutions\..\datacollector\service\tst\videoos.datacollector.service.unittests\bin\x64\debug\net6.0-windows\videoos.datacollector.service.unittests.dll" id="c966ddf0-a4fb-5c40-04ce-47e83e1dcdb5">
      <Execution id="58b060bd-6de9-431b-bcd6-37e8be0cc0bb" />
      <TestMethod codeBase="D:\actions-runner\_work\XPCO\XPCO\AllSolutions\..\DataCollector\Service\tst\VideoOS.DataCollector.Service.UnitTests\bin\x64\Debug\net6.0-windows\VideoOS.DataCollector.Service.UnitTests.dll" adapterTypeName="executor://mstestadapter/v2" className="VideoOS.DataCollector.Service.UnitTests.CounterRuleTest" name="GetState_ShouldBeWarning_OnCriticalNegativeOneAndAboveWarningThreshold" />
    </UnitTest>
    <UnitTest name="DeleteNonActiveStatesServerCommandHandler_Handle_Success" storage="d:\actions-runner\_work\xpco\xpco\allsolutions\..\datacollector\service\tst\videoos.datacollector.service.unittests\bin\x64\debug\net6.0-windows\videoos.datacollector.service.unittests.dll" id="4a8ff443-cd35-ffb1-1a11-5b5a0918f861">
      <Execution id="1c64aae4-0c2e-43b2-9817-07b79d2a9c10" />
      <TestMethod codeBase="D:\actions-runner\_work\XPCO\XPCO\AllSolutions\..\DataCollector\Service\tst\VideoOS.DataCollector.Service.UnitTests\bin\x64\Debug\net6.0-windows\VideoOS.DataCollector.Service.UnitTests.dll" adapterTypeName="executor://mstestadapter/v2" className="VideoOS.DataCollector.Service.UnitTests.Rule.RuleConfiguration.Commands.DeleteNonActiveStatesServerCommandTests" name="DeleteNonActiveStatesServerCommandHandler_Handle_Success" />
    </UnitTest>
    <UnitTest name="GrpcProfile_Convert_PerformanceCounterInstance_From_gRPC (SingleInstance,RateOfCountsPerSecond32,SingleInstance,RateOfCountsPerSecond32)" storage="d:\actions-runner\_work\xpco\xpco\allsolutions\..\datacollector\service\tst\videoos.datacollector.service.unittests\bin\x64\debug\net6.0-windows\videoos.datacollector.service.unittests.dll" id="51fe990d-f9b5-9650-8a46-30e36f885a83">
      <Execution id="30ed4793-2eb1-47b2-97b6-6d359b145f28" />
      <TestMethod codeBase="D:\actions-runner\_work\XPCO\XPCO\AllSolutions\..\DataCollector\Service\tst\VideoOS.DataCollector.Service.UnitTests\bin\x64\Debug\net6.0-windows\VideoOS.DataCollector.Service.UnitTests.dll" adapterTypeName="executor://mstestadapter/v2" className="VideoOS.DataCollector.Service.UnitTests.GrpcProfileTest" name="GrpcProfile_Convert_PerformanceCounterInstance_From_gRPC" />
    </UnitTest>
    <UnitTest name="TestWarningToNormal" storage="d:\actions-runner\_work\xpco\xpco\allsolutions\..\datacollector\service\tst\videoos.datacollector.service.unittests\bin\x64\debug\net6.0-windows\videoos.datacollector.service.unittests.dll" id="7b33cd1b-30f8-4c46-5f24-f8c6eccff7d6">
      <Execution id="d2dcead1-24ab-4f9d-b1f8-3e9e5f1271a4" />
      <TestMethod codeBase="D:\actions-runner\_work\XPCO\XPCO\AllSolutions\..\DataCollector\Service\tst\VideoOS.DataCollector.Service.UnitTests\bin\x64\Debug\net6.0-windows\VideoOS.DataCollector.Service.UnitTests.dll" adapterTypeName="executor://mstestadapter/v2" className="VideoOS.DataCollector.Service.UnitTests.CounterRuleTest" name="TestWarningToNormal" />
    </UnitTest>
    <UnitTest name="OnRecordingServerIsDown_Is_Not_Called_On_Critical_State_Change_For_Management_Server" storage="d:\actions-runner\_work\xpco\xpco\allsolutions\..\datacollector\service\tst\videoos.datacollector.service.unittests\bin\x64\debug\net6.0-windows\videoos.datacollector.service.unittests.dll" id="f95052db-bfc6-9a6c-303c-0d71fdbf7ece">
      <Execution id="22efa084-7086-4445-9c57-5a4c48e6e265" />
      <TestMethod codeBase="D:\actions-runner\_work\XPCO\XPCO\AllSolutions\..\DataCollector\Service\tst\VideoOS.DataCollector.Service.UnitTests\bin\x64\Debug\net6.0-windows\VideoOS.DataCollector.Service.UnitTests.dll" adapterTypeName="executor://mstestadapter/v2" className="VideoOS.DataCollector.Service.UnitTests.RecordingServiceAvailableRuleUnitTest" name="OnRecordingServerIsDown_Is_Not_Called_On_Critical_State_Change_For_Management_Server" />
    </UnitTest>
    <UnitTest name="GrpcProfile_Convert_PerformanceCounterInstance_To_gRPC (SingleInstance,CounterTimerInverse,SingleInstance,CounterTimerInverse)" storage="d:\actions-runner\_work\xpco\xpco\allsolutions\..\datacollector\service\tst\videoos.datacollector.service.unittests\bin\x64\debug\net6.0-windows\videoos.datacollector.service.unittests.dll" id="e10aba01-7cba-4c4d-7ec5-82c3ac4838b3">
      <Execution id="1d6bf76e-bbc8-4e70-9e56-cd9ed9c94b13" />
      <TestMethod codeBase="D:\actions-runner\_work\XPCO\XPCO\AllSolutions\..\DataCollector\Service\tst\VideoOS.DataCollector.Service.UnitTests\bin\x64\Debug\net6.0-windows\VideoOS.DataCollector.Service.UnitTests.dll" adapterTypeName="executor://mstestadapter/v2" className="VideoOS.DataCollector.Service.UnitTests.GrpcProfileTest" name="GrpcProfile_Convert_PerformanceCounterInstance_To_gRPC" />
    </UnitTest>
    <UnitTest name="SampleRulesService_Publish_UnSuccess" storage="d:\actions-runner\_work\xpco\xpco\allsolutions\..\datacollector\service\tst\videoos.datacollector.service.unittests\bin\x64\debug\net6.0-windows\videoos.datacollector.service.unittests.dll" id="186c13bb-2e67-56c4-3dc6-d5304e8eabec">
      <Execution id="24fc6894-36c1-4349-8468-309c7d2a1712" />
      <TestMethod codeBase="D:\actions-runner\_work\XPCO\XPCO\AllSolutions\..\DataCollector\Service\tst\VideoOS.DataCollector.Service.UnitTests\bin\x64\Debug\net6.0-windows\VideoOS.DataCollector.Service.UnitTests.dll" adapterTypeName="executor://mstestadapter/v2" className="VideoOS.DataCollector.Service.UnitTests.Services.SampleRulesServiceTests" name="SampleRulesService_Publish_UnSuccess" />
    </UnitTest>
    <UnitTest name="CameraCounterRule_Sends_State_Changes_When_Recording_Server_Is_Up_Again" storage="d:\actions-runner\_work\xpco\xpco\allsolutions\..\datacollector\service\tst\videoos.datacollector.service.unittests\bin\x64\debug\net6.0-windows\videoos.datacollector.service.unittests.dll" id="7eb971a4-7004-7bb9-da83-ad36f68ae629">
      <Execution id="31b87455-5907-444e-a748-43699e881be3" />
      <TestMethod codeBase="D:\actions-runner\_work\XPCO\XPCO\AllSolutions\..\DataCollector\Service\tst\VideoOS.DataCollector.Service.UnitTests\bin\x64\Debug\net6.0-windows\VideoOS.DataCollector.Service.UnitTests.dll" adapterTypeName="executor://mstestadapter/v2" className="VideoOS.DataCollector.Service.UnitTests.CameraCounterRuleUnitTest" name="CameraCounterRule_Sends_State_Changes_When_Recording_Server_Is_Up_Again" />
    </UnitTest>
    <UnitTest name="TestGetSampleCategoryNotFound" storage="d:\actions-runner\_work\xpco\xpco\allsolutions\..\datacollector\service\tst\videoos.datacollector.service.unittests\bin\x64\debug\net6.0-windows\videoos.datacollector.service.unittests.dll" id="b6a25432-9560-0c57-a1de-29fd3ace9d4e">
      <Execution id="5429dc26-ffca-4f4a-b1e6-083d173829dc" />
      <TestMethod codeBase="D:\actions-runner\_work\XPCO\XPCO\AllSolutions\..\DataCollector\Service\tst\VideoOS.DataCollector.Service.UnitTests\bin\x64\Debug\net6.0-windows\VideoOS.DataCollector.Service.UnitTests.dll" adapterTypeName="executor://mstestadapter/v2" className="VideoOS.DataCollector.Service.UnitTests.PerformanceCounterReaderTest" name="TestGetSampleCategoryNotFound" />
    </UnitTest>
    <UnitTest name="TestWarningToCritical_CriticalIsLow" storage="d:\actions-runner\_work\xpco\xpco\allsolutions\..\datacollector\service\tst\videoos.datacollector.service.unittests\bin\x64\debug\net6.0-windows\videoos.datacollector.service.unittests.dll" id="100400f3-50d7-d1a2-f3a8-8269bbcfb1d1">
      <Execution id="e3b040de-ecfc-4193-a351-7b7a857dc44d" />
      <TestMethod codeBase="D:\actions-runner\_work\XPCO\XPCO\AllSolutions\..\DataCollector\Service\tst\VideoOS.DataCollector.Service.UnitTests\bin\x64\Debug\net6.0-windows\VideoOS.DataCollector.Service.UnitTests.dll" adapterTypeName="executor://mstestadapter/v2" className="VideoOS.DataCollector.Service.UnitTests.CounterRuleTest" name="TestWarningToCritical_CriticalIsLow" />
    </UnitTest>
    <UnitTest name="TestNormalToCritical" storage="d:\actions-runner\_work\xpco\xpco\allsolutions\..\datacollector\service\tst\videoos.datacollector.service.unittests\bin\x64\debug\net6.0-windows\videoos.datacollector.service.unittests.dll" id="9ba489bf-222a-8ed2-d240-7c0686ea1a38">
      <Execution id="62294a8c-581d-458a-8e04-cab5a557357e" />
      <TestMethod codeBase="D:\actions-runner\_work\XPCO\XPCO\AllSolutions\..\DataCollector\Service\tst\VideoOS.DataCollector.Service.UnitTests\bin\x64\Debug\net6.0-windows\VideoOS.DataCollector.Service.UnitTests.dll" adapterTypeName="executor://mstestadapter/v2" className="VideoOS.DataCollector.Service.UnitTests.CounterRuleTest" name="TestNormalToCritical" />
    </UnitTest>
    <UnitTest name="CounterStateHandler_AddStateChange_StateChange_Handled_And_Log_Is_Written" storage="d:\actions-runner\_work\xpco\xpco\allsolutions\..\datacollector\service\tst\videoos.datacollector.service.unittests\bin\x64\debug\net6.0-windows\videoos.datacollector.service.unittests.dll" id="1869ce70-495a-a648-db54-a24bcfbcef06">
      <Execution id="fa2ebd03-a32d-4647-872c-9989e324aede" />
      <TestMethod codeBase="D:\actions-runner\_work\XPCO\XPCO\AllSolutions\..\DataCollector\Service\tst\VideoOS.DataCollector.Service.UnitTests\bin\x64\Debug\net6.0-windows\VideoOS.DataCollector.Service.UnitTests.dll" adapterTypeName="executor://mstestadapter/v2" className="VideoOS.DataCollector.Service.UnitTests.StateHandlers.CounterStateHandlerTest" name="CounterStateHandler_AddStateChange_StateChange_Handled_And_Log_Is_Written" />
    </UnitTest>
    <UnitTest name="GetState_ShouldBeCritical_OnCurrentCriticalAndValueBelowThresholdLatency" storage="d:\actions-runner\_work\xpco\xpco\allsolutions\..\datacollector\service\tst\videoos.datacollector.service.unittests\bin\x64\debug\net6.0-windows\videoos.datacollector.service.unittests.dll" id="fb2d4765-0ebb-6e35-d5c6-1e29ed2ebac6">
      <Execution id="56241c90-d283-49c4-9873-27c31ce9706e" />
      <TestMethod codeBase="D:\actions-runner\_work\XPCO\XPCO\AllSolutions\..\DataCollector\Service\tst\VideoOS.DataCollector.Service.UnitTests\bin\x64\Debug\net6.0-windows\VideoOS.DataCollector.Service.UnitTests.dll" adapterTypeName="executor://mstestadapter/v2" className="VideoOS.DataCollector.Service.UnitTests.CounterRuleTest" name="GetState_ShouldBeCritical_OnCurrentCriticalAndValueBelowThresholdLatency" />
    </UnitTest>
    <UnitTest name="BackOffFactory_Create_Success" storage="d:\actions-runner\_work\xpco\xpco\allsolutions\..\datacollector\service\tst\videoos.datacollector.service.unittests\bin\x64\debug\net6.0-windows\videoos.datacollector.service.unittests.dll" id="9d69fcea-7798-2d17-c961-c204596a5e96">
      <Execution id="de895aa2-4a95-4bd4-8899-7945a87335cf" />
      <TestMethod codeBase="D:\actions-runner\_work\XPCO\XPCO\AllSolutions\..\DataCollector\Service\tst\VideoOS.DataCollector.Service.UnitTests\bin\x64\Debug\net6.0-windows\VideoOS.DataCollector.Service.UnitTests.dll" adapterTypeName="executor://mstestadapter/v2" className="VideoOS.DataCollector.Service.UnitTests.Common.BackOff.BackOffFactoryUnitTest" name="BackOffFactory_Create_Success" />
    </UnitTest>
    <UnitTest name="MultiCounterRule_AddStateChanged_CounterNotRegistered_NoStateChangeSend" storage="d:\actions-runner\_work\xpco\xpco\allsolutions\..\datacollector\service\tst\videoos.datacollector.service.unittests\bin\x64\debug\net6.0-windows\videoos.datacollector.service.unittests.dll" id="88dee885-4a0b-1acb-3cc4-64e9e6d8f232">
      <Execution id="bc3e0c21-e889-4c49-8418-76ad4ca8f69f" />
      <TestMethod codeBase="D:\actions-runner\_work\XPCO\XPCO\AllSolutions\..\DataCollector\Service\tst\VideoOS.DataCollector.Service.UnitTests\bin\x64\Debug\net6.0-windows\VideoOS.DataCollector.Service.UnitTests.dll" adapterTypeName="executor://mstestadapter/v2" className="VideoOS.DataCollector.Service.UnitTests.Rules.MultiCounterRuleTest" name="MultiCounterRule_AddStateChanged_CounterNotRegistered_NoStateChangeSend" />
    </UnitTest>
    <UnitTest name="MultiCounterRule_AddStateChanged_NotAllCountersAreReported_NoStateChangeSend" storage="d:\actions-runner\_work\xpco\xpco\allsolutions\..\datacollector\service\tst\videoos.datacollector.service.unittests\bin\x64\debug\net6.0-windows\videoos.datacollector.service.unittests.dll" id="77825dbc-4b5a-3e6f-372e-709f2c66eab6">
      <Execution id="cdb34a7d-6e98-4838-a755-c0de4c5d7a3a" />
      <TestMethod codeBase="D:\actions-runner\_work\XPCO\XPCO\AllSolutions\..\DataCollector\Service\tst\VideoOS.DataCollector.Service.UnitTests\bin\x64\Debug\net6.0-windows\VideoOS.DataCollector.Service.UnitTests.dll" adapterTypeName="executor://mstestadapter/v2" className="VideoOS.DataCollector.Service.UnitTests.Rules.MultiCounterRuleTest" name="MultiCounterRule_AddStateChanged_NotAllCountersAreReported_NoStateChangeSend" />
    </UnitTest>
    <UnitTest name="MultiCounterRule_RegisterPerformanceCounterInstance_performanceCounterInstancePath_NullCheck" storage="d:\actions-runner\_work\xpco\xpco\allsolutions\..\datacollector\service\tst\videoos.datacollector.service.unittests\bin\x64\debug\net6.0-windows\videoos.datacollector.service.unittests.dll" id="96e62a72-4051-2184-ae6e-4a7352950c94">
      <Execution id="36f2833a-5468-4e2c-b61d-27365a60b701" />
      <TestMethod codeBase="D:\actions-runner\_work\XPCO\XPCO\AllSolutions\..\DataCollector\Service\tst\VideoOS.DataCollector.Service.UnitTests\bin\x64\Debug\net6.0-windows\VideoOS.DataCollector.Service.UnitTests.dll" adapterTypeName="executor://mstestadapter/v2" className="VideoOS.DataCollector.Service.UnitTests.Rules.MultiCounterRuleTest" name="MultiCounterRule_RegisterPerformanceCounterInstance_performanceCounterInstancePath_NullCheck" />
    </UnitTest>
    <UnitTest name="TestCriticalToWarning" storage="d:\actions-runner\_work\xpco\xpco\allsolutions\..\datacollector\service\tst\videoos.datacollector.service.unittests\bin\x64\debug\net6.0-windows\videoos.datacollector.service.unittests.dll" id="52def85d-81ac-9b7f-ee30-945ebfbe2838">
      <Execution id="22bfa0e3-3e07-43b0-97ea-c785459dc6ab" />
      <TestMethod codeBase="D:\actions-runner\_work\XPCO\XPCO\AllSolutions\..\DataCollector\Service\tst\VideoOS.DataCollector.Service.UnitTests\bin\x64\Debug\net6.0-windows\VideoOS.DataCollector.Service.UnitTests.dll" adapterTypeName="executor://mstestadapter/v2" className="VideoOS.DataCollector.Service.UnitTests.CounterRuleTest" name="TestCriticalToWarning" />
    </UnitTest>
    <UnitTest name="TestGetSampleOk" storage="d:\actions-runner\_work\xpco\xpco\allsolutions\..\datacollector\service\tst\videoos.datacollector.service.unittests\bin\x64\debug\net6.0-windows\videoos.datacollector.service.unittests.dll" id="d3520677-fe4d-39f1-9066-c64d1760fa85">
      <Execution id="f5a8ffa0-2fc1-4e55-9c7d-e2f8a9f104f3" />
      <TestMethod codeBase="D:\actions-runner\_work\XPCO\XPCO\AllSolutions\..\DataCollector\Service\tst\VideoOS.DataCollector.Service.UnitTests\bin\x64\Debug\net6.0-windows\VideoOS.DataCollector.Service.UnitTests.dll" adapterTypeName="executor://mstestadapter/v2" className="VideoOS.DataCollector.Service.UnitTests.PerformanceCounterReaderTest" name="TestGetSampleOk" />
    </UnitTest>
    <UnitTest name="CounterRule_Sends_State_Changes_When_Recording_Server_Is_Down" storage="d:\actions-runner\_work\xpco\xpco\allsolutions\..\datacollector\service\tst\videoos.datacollector.service.unittests\bin\x64\debug\net6.0-windows\videoos.datacollector.service.unittests.dll" id="a39c56c7-808d-952d-8864-fb995e5ddfc5">
      <Execution id="1e7a1b49-221b-487e-b0e4-efee31379a79" />
      <TestMethod codeBase="D:\actions-runner\_work\XPCO\XPCO\AllSolutions\..\DataCollector\Service\tst\VideoOS.DataCollector.Service.UnitTests\bin\x64\Debug\net6.0-windows\VideoOS.DataCollector.Service.UnitTests.dll" adapterTypeName="executor://mstestadapter/v2" className="VideoOS.DataCollector.Service.UnitTests.CounterRuleTest" name="CounterRule_Sends_State_Changes_When_Recording_Server_Is_Down" />
    </UnitTest>
    <UnitTest name="GrpcProfile_Convert_PerformanceCounterValue_To_gRPC" storage="d:\actions-runner\_work\xpco\xpco\allsolutions\..\datacollector\service\tst\videoos.datacollector.service.unittests\bin\x64\debug\net6.0-windows\videoos.datacollector.service.unittests.dll" id="8d0207db-c164-2a4c-d7a6-dbae16e75c03">
      <Execution id="35abb66d-caf1-4769-bec4-df94e7e5a0db" />
      <TestMethod codeBase="D:\actions-runner\_work\XPCO\XPCO\AllSolutions\..\DataCollector\Service\tst\VideoOS.DataCollector.Service.UnitTests\bin\x64\Debug\net6.0-windows\VideoOS.DataCollector.Service.UnitTests.dll" adapterTypeName="executor://mstestadapter/v2" className="VideoOS.DataCollector.Service.UnitTests.GrpcProfileTest" name="GrpcProfile_Convert_PerformanceCounterValue_To_gRPC" />
    </UnitTest>
    <UnitTest name="TestAddCounterValue" storage="d:\actions-runner\_work\xpco\xpco\allsolutions\..\datacollector\service\tst\videoos.datacollector.service.unittests\bin\x64\debug\net6.0-windows\videoos.datacollector.service.unittests.dll" id="be7a1e43-41d6-ff2e-2b1d-0be81a83588e">
      <Execution id="321fb0a3-733e-4dfc-8872-6f2855de83d4" />
      <TestMethod codeBase="D:\actions-runner\_work\XPCO\XPCO\AllSolutions\..\DataCollector\Service\tst\VideoOS.DataCollector.Service.UnitTests\bin\x64\Debug\net6.0-windows\VideoOS.DataCollector.Service.UnitTests.dll" adapterTypeName="executor://mstestadapter/v2" className="VideoOS.DataCollector.Service.UnitTests.CounterStateTest" name="TestAddCounterValue" />
    </UnitTest>
    <UnitTest name="SampleRulesService_OperationCanceledException_Caught_Success" storage="d:\actions-runner\_work\xpco\xpco\allsolutions\..\datacollector\service\tst\videoos.datacollector.service.unittests\bin\x64\debug\net6.0-windows\videoos.datacollector.service.unittests.dll" id="7b04f4b0-345d-30c4-0431-4c5d010db15f">
      <Execution id="f5a9fda2-8481-49df-8a69-7088d42dd1c3" />
      <TestMethod codeBase="D:\actions-runner\_work\XPCO\XPCO\AllSolutions\..\DataCollector\Service\tst\VideoOS.DataCollector.Service.UnitTests\bin\x64\Debug\net6.0-windows\VideoOS.DataCollector.Service.UnitTests.dll" adapterTypeName="executor://mstestadapter/v2" className="VideoOS.DataCollector.Service.UnitTests.Services.SampleRulesServiceTests" name="SampleRulesService_OperationCanceledException_Caught_Success" />
    </UnitTest>
    <UnitTest name="Create_Device_Storage_Counter_Rule_As_CameraStateCounterRule" storage="d:\actions-runner\_work\xpco\xpco\allsolutions\..\datacollector\service\tst\videoos.datacollector.service.unittests\bin\x64\debug\net6.0-windows\videoos.datacollector.service.unittests.dll" id="0da96e81-bcfd-8493-6a94-d056dcc4529c">
      <Execution id="a136f872-1320-417f-b805-0be9486a17f8" />
      <TestMethod codeBase="D:\actions-runner\_work\XPCO\XPCO\AllSolutions\..\DataCollector\Service\tst\VideoOS.DataCollector.Service.UnitTests\bin\x64\Debug\net6.0-windows\VideoOS.DataCollector.Service.UnitTests.dll" adapterTypeName="executor://mstestadapter/v2" className="VideoOS.DataCollector.Service.UnitTests.CounterRuleFactoryUnitTest" name="Create_Device_Storage_Counter_Rule_As_CameraStateCounterRule" />
    </UnitTest>
    <UnitTest name="TestGetSampleSameSample" storage="d:\actions-runner\_work\xpco\xpco\allsolutions\..\datacollector\service\tst\videoos.datacollector.service.unittests\bin\x64\debug\net6.0-windows\videoos.datacollector.service.unittests.dll" id="b34ca0cd-72b0-3ff2-ec3f-457ea3c361eb">
      <Execution id="536c1cd5-fe1a-4465-9c8e-b9e5bca011a6" />
      <TestMethod codeBase="D:\actions-runner\_work\XPCO\XPCO\AllSolutions\..\DataCollector\Service\tst\VideoOS.DataCollector.Service.UnitTests\bin\x64\Debug\net6.0-windows\VideoOS.DataCollector.Service.UnitTests.dll" adapterTypeName="executor://mstestadapter/v2" className="VideoOS.DataCollector.Service.UnitTests.PerformanceCounterReaderTest" name="TestGetSampleSameSample" />
    </UnitTest>
    <UnitTest name="RuleConfigurationRefreshService_ExecuteAsync_ConfigurationInError_LoggingOrPublishNotCalled_Success" storage="d:\actions-runner\_work\xpco\xpco\allsolutions\..\datacollector\service\tst\videoos.datacollector.service.unittests\bin\x64\debug\net6.0-windows\videoos.datacollector.service.unittests.dll" id="f127edc5-dd3f-24f5-9ab5-93382f82f4dc">
      <Execution id="92d46555-022b-48bc-8e04-19685a9389ae" />
      <TestMethod codeBase="D:\actions-runner\_work\XPCO\XPCO\AllSolutions\..\DataCollector\Service\tst\VideoOS.DataCollector.Service.UnitTests\bin\x64\Debug\net6.0-windows\VideoOS.DataCollector.Service.UnitTests.dll" adapterTypeName="executor://mstestadapter/v2" className="VideoOS.DataCollector.Service.UnitTests.Services.RuleConfigurationRefreshServiceTests" name="RuleConfigurationRefreshService_ExecuteAsync_ConfigurationInError_LoggingOrPublishNotCalled_Success" />
    </UnitTest>
    <UnitTest name="CameraCounterRule_Samples_When_Recording_Server_Is_Up_Again" storage="d:\actions-runner\_work\xpco\xpco\allsolutions\..\datacollector\service\tst\videoos.datacollector.service.unittests\bin\x64\debug\net6.0-windows\videoos.datacollector.service.unittests.dll" id="0b5213e6-f3d0-cfe2-c00a-4945764c4e95">
      <Execution id="cc00eb9a-9550-408c-96a9-243a028d8793" />
      <TestMethod codeBase="D:\actions-runner\_work\XPCO\XPCO\AllSolutions\..\DataCollector\Service\tst\VideoOS.DataCollector.Service.UnitTests\bin\x64\Debug\net6.0-windows\VideoOS.DataCollector.Service.UnitTests.dll" adapterTypeName="executor://mstestadapter/v2" className="VideoOS.DataCollector.Service.UnitTests.CameraCounterRuleUnitTest" name="CameraCounterRule_Samples_When_Recording_Server_Is_Up_Again" />
    </UnitTest>
    <UnitTest name="GrpcProfile_Convert_PerformanceCounterInstance_To_gRPC (Unknown,AverageBase,Unknown,AverageBase)" storage="d:\actions-runner\_work\xpco\xpco\allsolutions\..\datacollector\service\tst\videoos.datacollector.service.unittests\bin\x64\debug\net6.0-windows\videoos.datacollector.service.unittests.dll" id="857a0cd9-34cd-f527-db93-a9c2863f1f6f">
      <Execution id="37ece129-38f0-4fd5-8fd5-37c8f741d143" />
      <TestMethod codeBase="D:\actions-runner\_work\XPCO\XPCO\AllSolutions\..\DataCollector\Service\tst\VideoOS.DataCollector.Service.UnitTests\bin\x64\Debug\net6.0-windows\VideoOS.DataCollector.Service.UnitTests.dll" adapterTypeName="executor://mstestadapter/v2" className="VideoOS.DataCollector.Service.UnitTests.GrpcProfileTest" name="GrpcProfile_Convert_PerformanceCounterInstance_To_gRPC" />
    </UnitTest>
    <UnitTest name="CameraStateCounterRule_Send_Camera_State_Changes_And_Block_When_Recording_Server_Is_Down" storage="d:\actions-runner\_work\xpco\xpco\allsolutions\..\datacollector\service\tst\videoos.datacollector.service.unittests\bin\x64\debug\net6.0-windows\videoos.datacollector.service.unittests.dll" id="4aa86a56-21a3-5305-cf5e-b07bff289215">
      <Execution id="e5bbe223-8c95-441a-965c-ac5a256488f5" />
      <TestMethod codeBase="D:\actions-runner\_work\XPCO\XPCO\AllSolutions\..\DataCollector\Service\tst\VideoOS.DataCollector.Service.UnitTests\bin\x64\Debug\net6.0-windows\VideoOS.DataCollector.Service.UnitTests.dll" adapterTypeName="executor://mstestadapter/v2" className="VideoOS.DataCollector.Service.UnitTests.Rules.CameraStateCounterRuleTest" name="CameraStateCounterRule_Send_Camera_State_Changes_And_Block_When_Recording_Server_Is_Down" />
    </UnitTest>
    <UnitTest name="StatePerValue_TestEnterCriticalMode" storage="d:\actions-runner\_work\xpco\xpco\allsolutions\..\datacollector\service\tst\videoos.datacollector.service.unittests\bin\x64\debug\net6.0-windows\videoos.datacollector.service.unittests.dll" id="77c0c2a4-401b-4a7f-2331-9bcd27dbbb81">
      <Execution id="1b01d5c0-d05b-4975-9054-a4da18d1d2f5" />
      <TestMethod codeBase="D:\actions-runner\_work\XPCO\XPCO\AllSolutions\..\DataCollector\Service\tst\VideoOS.DataCollector.Service.UnitTests\bin\x64\Debug\net6.0-windows\VideoOS.DataCollector.Service.UnitTests.dll" adapterTypeName="executor://mstestadapter/v2" className="VideoOS.DataCollector.Service.UnitTests.StatePerValueHandlerTest" name="StatePerValue_TestEnterCriticalMode" />
    </UnitTest>
    <UnitTest name="LoggingBehaviour_ConstructorNullLogger_ArgumentNullExceptionThrown" storage="d:\actions-runner\_work\xpco\xpco\allsolutions\..\datacollector\service\tst\videoos.datacollector.service.unittests\bin\x64\debug\net6.0-windows\videoos.datacollector.service.unittests.dll" id="3c71c40b-6170-5f8a-f386-842b55317fee">
      <Execution id="a64a19e0-be7c-4568-98b4-bc5afcaa4086" />
      <TestMethod codeBase="D:\actions-runner\_work\XPCO\XPCO\AllSolutions\..\DataCollector\Service\tst\VideoOS.DataCollector.Service.UnitTests\bin\x64\Debug\net6.0-windows\VideoOS.DataCollector.Service.UnitTests.dll" adapterTypeName="executor://mstestadapter/v2" className="VideoOS.DataCollector.Service.UnitTests.Common.Behaviours.LoggingBehaviourUnitTest" name="LoggingBehaviour_ConstructorNullLogger_ArgumentNullExceptionThrown" />
    </UnitTest>
    <UnitTest name="RecordingServerChangeStateEventHandler_Handle_Down_Success" storage="d:\actions-runner\_work\xpco\xpco\allsolutions\..\datacollector\service\tst\videoos.datacollector.service.unittests\bin\x64\debug\net6.0-windows\videoos.datacollector.service.unittests.dll" id="a0c02d32-d7f1-81ae-38ce-a590cbc85742">
      <Execution id="2691ef34-e4f2-4a88-b5a2-eaa9989ca692" />
      <TestMethod codeBase="D:\actions-runner\_work\XPCO\XPCO\AllSolutions\..\DataCollector\Service\tst\VideoOS.DataCollector.Service.UnitTests\bin\x64\Debug\net6.0-windows\VideoOS.DataCollector.Service.UnitTests.dll" adapterTypeName="executor://mstestadapter/v2" className="VideoOS.DataCollector.Service.UnitTests.RecordingServerChangeStateEventHandlerTests" name="RecordingServerChangeStateEventHandler_Handle_Down_Success" />
    </UnitTest>
    <UnitTest name="RegisterDataCollectorServerCommandHandler_Handle_Cluster_Success" storage="d:\actions-runner\_work\xpco\xpco\allsolutions\..\datacollector\service\tst\videoos.datacollector.service.unittests\bin\x64\debug\net6.0-windows\videoos.datacollector.service.unittests.dll" id="902bbf88-4e29-fd06-d68b-0cddbb134dce">
      <Execution id="e1788938-8f36-47a7-940e-898705a9becc" />
      <TestMethod codeBase="D:\actions-runner\_work\XPCO\XPCO\AllSolutions\..\DataCollector\Service\tst\VideoOS.DataCollector.Service.UnitTests\bin\x64\Debug\net6.0-windows\VideoOS.DataCollector.Service.UnitTests.dll" adapterTypeName="executor://mstestadapter/v2" className="VideoOS.DataCollector.Service.UnitTests.PerfCounterConfiguration.Commands.RegisterDataCollector.RegisterDataCollectorServerCommandTests" name="RegisterDataCollectorServerCommandHandler_Handle_Cluster_Success" />
    </UnitTest>
    <UnitTest name="RegisterServiceApplicationsService_NotifyCompleteBase_Called_Success" storage="d:\actions-runner\_work\xpco\xpco\allsolutions\..\datacollector\service\tst\videoos.datacollector.service.unittests\bin\x64\debug\net6.0-windows\videoos.datacollector.service.unittests.dll" id="e30a50e4-5fc5-9d5d-10f7-16ecb2e1b63d">
      <Execution id="e2916d88-a5f3-4a9e-8b66-642ad643308a" />
      <TestMethod codeBase="D:\actions-runner\_work\XPCO\XPCO\AllSolutions\..\DataCollector\Service\tst\VideoOS.DataCollector.Service.UnitTests\bin\x64\Debug\net6.0-windows\VideoOS.DataCollector.Service.UnitTests.dll" adapterTypeName="executor://mstestadapter/v2" className="VideoOS.DataCollector.Service.UnitTests.Services.RegisterServiceApplicationsServiceTests" name="RegisterServiceApplicationsService_NotifyCompleteBase_Called_Success" />
    </UnitTest>
    <UnitTest name="PerformanceCounterInstancesService_CategoryType_is_SingleInstance_InstanceName_IsNotNullOrEmpty" storage="d:\actions-runner\_work\xpco\xpco\allsolutions\..\datacollector\service\tst\videoos.datacollector.service.unittests\bin\x64\debug\net6.0-windows\videoos.datacollector.service.unittests.dll" id="8104b72a-5aa9-a261-3a08-5e52e4e7075a">
      <Execution id="8aaada3e-3a1a-4f73-9d96-6b58c08b951d" />
      <TestMethod codeBase="D:\actions-runner\_work\XPCO\XPCO\AllSolutions\..\DataCollector\Service\tst\VideoOS.DataCollector.Service.UnitTests\bin\x64\Debug\net6.0-windows\VideoOS.DataCollector.Service.UnitTests.dll" adapterTypeName="executor://mstestadapter/v2" className="VideoOS.DataCollector.Service.UnitTests.Services.PerformanceCounterInstancesServiceTests" name="PerformanceCounterInstancesService_CategoryType_is_SingleInstance_InstanceName_IsNotNullOrEmpty" />
    </UnitTest>
    <UnitTest name="LoggingBehaviour_Constructor_Success" storage="d:\actions-runner\_work\xpco\xpco\allsolutions\..\datacollector\service\tst\videoos.datacollector.service.unittests\bin\x64\debug\net6.0-windows\videoos.datacollector.service.unittests.dll" id="ba664a7e-4c20-57c4-bf65-0145ddbc63b9">
      <Execution id="39fc69e0-8344-4578-b197-1db8f1cb76b9" />
      <TestMethod codeBase="D:\actions-runner\_work\XPCO\XPCO\AllSolutions\..\DataCollector\Service\tst\VideoOS.DataCollector.Service.UnitTests\bin\x64\Debug\net6.0-windows\VideoOS.DataCollector.Service.UnitTests.dll" adapterTypeName="executor://mstestadapter/v2" className="VideoOS.DataCollector.Service.UnitTests.Common.Behaviours.LoggingBehaviourUnitTest" name="LoggingBehaviour_Constructor_Success" />
    </UnitTest>
    <UnitTest name="Create_ServiceAvailableRule_For_Management_Server" storage="d:\actions-runner\_work\xpco\xpco\allsolutions\..\datacollector\service\tst\videoos.datacollector.service.unittests\bin\x64\debug\net6.0-windows\videoos.datacollector.service.unittests.dll" id="6ff8ce12-3a89-4c23-4057-6feda1935cde">
      <Execution id="df4be462-eb68-4b2b-a886-717875d9a222" />
      <TestMethod codeBase="D:\actions-runner\_work\XPCO\XPCO\AllSolutions\..\DataCollector\Service\tst\VideoOS.DataCollector.Service.UnitTests\bin\x64\Debug\net6.0-windows\VideoOS.DataCollector.Service.UnitTests.dll" adapterTypeName="executor://mstestadapter/v2" className="VideoOS.DataCollector.Service.UnitTests.ServiceAvailableRuleFactoryUnitTest" name="Create_ServiceAvailableRule_For_Management_Server" />
    </UnitTest>
    <UnitTest name="MultiCounterRule_Constructor_counterPath_NullCheck" storage="d:\actions-runner\_work\xpco\xpco\allsolutions\..\datacollector\service\tst\videoos.datacollector.service.unittests\bin\x64\debug\net6.0-windows\videoos.datacollector.service.unittests.dll" id="c9b7057a-351a-cd8b-be9b-a46229782806">
      <Execution id="b26cb433-7af0-4715-a9be-2b4ff9cd5ab4" />
      <TestMethod codeBase="D:\actions-runner\_work\XPCO\XPCO\AllSolutions\..\DataCollector\Service\tst\VideoOS.DataCollector.Service.UnitTests\bin\x64\Debug\net6.0-windows\VideoOS.DataCollector.Service.UnitTests.dll" adapterTypeName="executor://mstestadapter/v2" className="VideoOS.DataCollector.Service.UnitTests.Rules.MultiCounterRuleTest" name="MultiCounterRule_Constructor_counterPath_NullCheck" />
    </UnitTest>
    <UnitTest name="Validate_Processor_Counter" storage="d:\actions-runner\_work\xpco\xpco\allsolutions\..\datacollector\service\tst\videoos.datacollector.service.unittests\bin\x64\debug\net6.0-windows\videoos.datacollector.service.unittests.dll" id="0c5ad630-49d7-c45f-2f30-c0be9074f68a">
      <Execution id="6ba97fce-e08f-47ed-b417-2303eb76ddd9" />
      <TestMethod codeBase="D:\actions-runner\_work\XPCO\XPCO\AllSolutions\..\DataCollector\Service\tst\VideoOS.DataCollector.Service.UnitTests\bin\x64\Debug\net6.0-windows\VideoOS.DataCollector.Service.UnitTests.dll" adapterTypeName="executor://mstestadapter/v2" className="VideoOS.DataCollector.Service.UnitTests.CounterRuleFactoryUnitTest" name="Validate_Processor_Counter" />
    </UnitTest>
    <UnitTest name="RuleConfigurationRefreshService_ExecuteAsync_Exception_Unhandled" storage="d:\actions-runner\_work\xpco\xpco\allsolutions\..\datacollector\service\tst\videoos.datacollector.service.unittests\bin\x64\debug\net6.0-windows\videoos.datacollector.service.unittests.dll" id="699c5c0a-646e-a9ec-cfbc-59a1a2373f7b">
      <Execution id="9a459feb-20e4-44dd-9164-b82bbf5480e9" />
      <TestMethod codeBase="D:\actions-runner\_work\XPCO\XPCO\AllSolutions\..\DataCollector\Service\tst\VideoOS.DataCollector.Service.UnitTests\bin\x64\Debug\net6.0-windows\VideoOS.DataCollector.Service.UnitTests.dll" adapterTypeName="executor://mstestadapter/v2" className="VideoOS.DataCollector.Service.UnitTests.Services.RuleConfigurationRefreshServiceTests" name="RuleConfigurationRefreshService_ExecuteAsync_Exception_Unhandled" />
    </UnitTest>
    <UnitTest name="SendBatchToServerServerCommandHandler_Handle_Success" storage="d:\actions-runner\_work\xpco\xpco\allsolutions\..\datacollector\service\tst\videoos.datacollector.service.unittests\bin\x64\debug\net6.0-windows\videoos.datacollector.service.unittests.dll" id="5ae78c04-a37e-09c3-cedb-5577bb18cf57">
      <Execution id="3f1f3d04-91c4-4be1-99db-4e8a00a9b77e" />
      <TestMethod codeBase="D:\actions-runner\_work\XPCO\XPCO\AllSolutions\..\DataCollector\Service\tst\VideoOS.DataCollector.Service.UnitTests\bin\x64\Debug\net6.0-windows\VideoOS.DataCollector.Service.UnitTests.dll" adapterTypeName="executor://mstestadapter/v2" className="VideoOS.DataCollector.Service.UnitTests.Sample.EventHandlers.Historical.SendBatchToServerServerCommandTests" name="SendBatchToServerServerCommandHandler_Handle_Success" />
    </UnitTest>
    <UnitTest name="RuleConfigurationChangeEventHandler_Handle_UpdateRule_NoneDefault_Success" storage="d:\actions-runner\_work\xpco\xpco\allsolutions\..\datacollector\service\tst\videoos.datacollector.service.unittests\bin\x64\debug\net6.0-windows\videoos.datacollector.service.unittests.dll" id="d8191e3e-fdbe-95df-6929-5e8da32e536e">
      <Execution id="85ad8908-49a4-4f74-9536-c9a1eb3d9575" />
      <TestMethod codeBase="D:\actions-runner\_work\XPCO\XPCO\AllSolutions\..\DataCollector\Service\tst\VideoOS.DataCollector.Service.UnitTests\bin\x64\Debug\net6.0-windows\VideoOS.DataCollector.Service.UnitTests.dll" adapterTypeName="executor://mstestadapter/v2" className="VideoOS.DataCollector.Service.UnitTests.RuleConfigurationChangeEventHandlerTests" name="RuleConfigurationChangeEventHandler_Handle_UpdateRule_NoneDefault_Success" />
    </UnitTest>
    <UnitTest name="GrpcProfile_Convert_PerformanceCounterInstance_To_gRPC (SingleInstance,CounterDelta32,SingleInstance,CounterDelta32)" storage="d:\actions-runner\_work\xpco\xpco\allsolutions\..\datacollector\service\tst\videoos.datacollector.service.unittests\bin\x64\debug\net6.0-windows\videoos.datacollector.service.unittests.dll" id="809ff856-d48d-4675-1b0a-c039ce7b4019">
      <Execution id="a91efa33-2a82-4a4c-8dcf-cb9f1e240cb2" />
      <TestMethod codeBase="D:\actions-runner\_work\XPCO\XPCO\AllSolutions\..\DataCollector\Service\tst\VideoOS.DataCollector.Service.UnitTests\bin\x64\Debug\net6.0-windows\VideoOS.DataCollector.Service.UnitTests.dll" adapterTypeName="executor://mstestadapter/v2" className="VideoOS.DataCollector.Service.UnitTests.GrpcProfileTest" name="GrpcProfile_Convert_PerformanceCounterInstance_To_gRPC" />
    </UnitTest>
    <UnitTest name="RegisterInstalledServicesService_EnumServiceApplicationsInProduction_NotAllServicesInstalled" storage="d:\actions-runner\_work\xpco\xpco\allsolutions\..\datacollector\service\tst\videoos.datacollector.service.unittests\bin\x64\debug\net6.0-windows\videoos.datacollector.service.unittests.dll" id="d39805b4-9af2-d9c8-2587-94814a3faf9e">
      <Execution id="15edc3f4-33b0-4b0a-bc59-bfecd7389d3d" />
      <TestMethod codeBase="D:\actions-runner\_work\XPCO\XPCO\AllSolutions\..\DataCollector\Service\tst\VideoOS.DataCollector.Service.UnitTests\bin\x64\Debug\net6.0-windows\VideoOS.DataCollector.Service.UnitTests.dll" adapterTypeName="executor://mstestadapter/v2" className="VideoOS.DataCollector.Service.UnitTests.PerfCounterConfiguration.Commands.RegisterServiceApplications.RegisterInstalledServicesServiceTests" name="RegisterInstalledServicesService_EnumServiceApplicationsInProduction_NotAllServicesInstalled" />
    </UnitTest>
    <UnitTest name="GrpcProfile_Convert_PerformanceCounterInstance_To_gRPC (SingleInstance,RateOfCountsPerSecond32,SingleInstance,RateOfCountsPerSecond32)" storage="d:\actions-runner\_work\xpco\xpco\allsolutions\..\datacollector\service\tst\videoos.datacollector.service.unittests\bin\x64\debug\net6.0-windows\videoos.datacollector.service.unittests.dll" id="252033a3-469b-11d7-5c8f-eaf363c3f6fc">
      <Execution id="9ea03d45-2896-4335-a518-0b4a58138446" />
      <TestMethod codeBase="D:\actions-runner\_work\XPCO\XPCO\AllSolutions\..\DataCollector\Service\tst\VideoOS.DataCollector.Service.UnitTests\bin\x64\Debug\net6.0-windows\VideoOS.DataCollector.Service.UnitTests.dll" adapterTypeName="executor://mstestadapter/v2" className="VideoOS.DataCollector.Service.UnitTests.GrpcProfileTest" name="GrpcProfile_Convert_PerformanceCounterInstance_To_gRPC" />
    </UnitTest>
    <UnitTest name="Create_Driver_Counter_Rule_As_CameraCounterRule" storage="d:\actions-runner\_work\xpco\xpco\allsolutions\..\datacollector\service\tst\videoos.datacollector.service.unittests\bin\x64\debug\net6.0-windows\videoos.datacollector.service.unittests.dll" id="a8401168-cf5f-d238-0313-98e819903c1d">
      <Execution id="ae1e4ac5-0e16-4ac9-af46-185052539e36" />
      <TestMethod codeBase="D:\actions-runner\_work\XPCO\XPCO\AllSolutions\..\DataCollector\Service\tst\VideoOS.DataCollector.Service.UnitTests\bin\x64\Debug\net6.0-windows\VideoOS.DataCollector.Service.UnitTests.dll" adapterTypeName="executor://mstestadapter/v2" className="VideoOS.DataCollector.Service.UnitTests.CounterRuleFactoryUnitTest" name="Create_Driver_Counter_Rule_As_CameraCounterRule" />
    </UnitTest>
    <UnitTest name="ReportMachinePropertiesServiceTests_ExecuteAsync_NoCounterStateRules_Logging_Success" storage="d:\actions-runner\_work\xpco\xpco\allsolutions\..\datacollector\service\tst\videoos.datacollector.service.unittests\bin\x64\debug\net6.0-windows\videoos.datacollector.service.unittests.dll" id="5920768f-a09b-6c0f-417f-b3ee6ae36445">
      <Execution id="e5eab991-3609-4d8a-846f-2972d7c35ad2" />
      <TestMethod codeBase="D:\actions-runner\_work\XPCO\XPCO\AllSolutions\..\DataCollector\Service\tst\VideoOS.DataCollector.Service.UnitTests\bin\x64\Debug\net6.0-windows\VideoOS.DataCollector.Service.UnitTests.dll" adapterTypeName="executor://mstestadapter/v2" className="VideoOS.DataCollector.Service.UnitTests.Services.ReportMachinePropertiesServiceTests" name="ReportMachinePropertiesServiceTests_ExecuteAsync_NoCounterStateRules_Logging_Success" />
    </UnitTest>
    <UnitTest name="GrpcProfile_Convert_PerformanceCounterInstance_From_gRPC (SingleInstance,CounterDelta32,SingleInstance,CounterDelta32)" storage="d:\actions-runner\_work\xpco\xpco\allsolutions\..\datacollector\service\tst\videoos.datacollector.service.unittests\bin\x64\debug\net6.0-windows\videoos.datacollector.service.unittests.dll" id="faf77f42-28b5-8cc7-1919-733d9606a624">
      <Execution id="9522576f-a7ad-4c34-9abe-0d082ca5ab06" />
      <TestMethod codeBase="D:\actions-runner\_work\XPCO\XPCO\AllSolutions\..\DataCollector\Service\tst\VideoOS.DataCollector.Service.UnitTests\bin\x64\Debug\net6.0-windows\VideoOS.DataCollector.Service.UnitTests.dll" adapterTypeName="executor://mstestadapter/v2" className="VideoOS.DataCollector.Service.UnitTests.GrpcProfileTest" name="GrpcProfile_Convert_PerformanceCounterInstance_From_gRPC" />
    </UnitTest>
    <UnitTest name="StatePerValue_SetUndefined_StateChange_Handled" storage="d:\actions-runner\_work\xpco\xpco\allsolutions\..\datacollector\service\tst\videoos.datacollector.service.unittests\bin\x64\debug\net6.0-windows\videoos.datacollector.service.unittests.dll" id="aa47cb56-64ce-90a9-4ca6-827a19920b9b">
      <Execution id="297a1df7-ebb2-4c16-868b-0726dae85ba2" />
      <TestMethod codeBase="D:\actions-runner\_work\XPCO\XPCO\AllSolutions\..\DataCollector\Service\tst\VideoOS.DataCollector.Service.UnitTests\bin\x64\Debug\net6.0-windows\VideoOS.DataCollector.Service.UnitTests.dll" adapterTypeName="executor://mstestadapter/v2" className="VideoOS.DataCollector.Service.UnitTests.StatePerValueHandlerTest" name="StatePerValue_SetUndefined_StateChange_Handled" />
    </UnitTest>
    <UnitTest name="DeleteStateServerCommandCommandHandler_Handle_Success" storage="d:\actions-runner\_work\xpco\xpco\allsolutions\..\datacollector\service\tst\videoos.datacollector.service.unittests\bin\x64\debug\net6.0-windows\videoos.datacollector.service.unittests.dll" id="7d3a8a97-1c1c-ccde-6683-75a79a53c5fa">
      <Execution id="2925b790-fc3a-4b44-b4ef-98a9f1a11b45" />
      <TestMethod codeBase="D:\actions-runner\_work\XPCO\XPCO\AllSolutions\..\DataCollector\Service\tst\VideoOS.DataCollector.Service.UnitTests\bin\x64\Debug\net6.0-windows\VideoOS.DataCollector.Service.UnitTests.dll" adapterTypeName="executor://mstestadapter/v2" className="VideoOS.DataCollector.Service.UnitTests.Rule.RuleConfiguration.Commands.DeleteStateServerCommandTests" name="DeleteStateServerCommandCommandHandler_Handle_Success" />
    </UnitTest>
    <UnitTest name="GrpcProfile_Convert_PerformanceCounterInstance_To_gRPC (SingleInstance,RateOfCountsPerSecond64,SingleInstance,RateOfCountsPerSecond64)" storage="d:\actions-runner\_work\xpco\xpco\allsolutions\..\datacollector\service\tst\videoos.datacollector.service.unittests\bin\x64\debug\net6.0-windows\videoos.datacollector.service.unittests.dll" id="2c736a54-7b4d-031a-7122-f0b8680b10d8">
      <Execution id="72ff6a05-9ccb-43c7-a9c3-20207c74ae67" />
      <TestMethod codeBase="D:\actions-runner\_work\XPCO\XPCO\AllSolutions\..\DataCollector\Service\tst\VideoOS.DataCollector.Service.UnitTests\bin\x64\Debug\net6.0-windows\VideoOS.DataCollector.Service.UnitTests.dll" adapterTypeName="executor://mstestadapter/v2" className="VideoOS.DataCollector.Service.UnitTests.GrpcProfileTest" name="GrpcProfile_Convert_PerformanceCounterInstance_To_gRPC" />
    </UnitTest>
    <UnitTest name="StateSenderService_ExecuteAsync_Exception_Unhandled" storage="d:\actions-runner\_work\xpco\xpco\allsolutions\..\datacollector\service\tst\videoos.datacollector.service.unittests\bin\x64\debug\net6.0-windows\videoos.datacollector.service.unittests.dll" id="2817a6c5-4772-d668-f0ed-19f73668e12e">
      <Execution id="ee737692-616f-42fc-9036-e099d66a94dc" />
      <TestMethod codeBase="D:\actions-runner\_work\XPCO\XPCO\AllSolutions\..\DataCollector\Service\tst\VideoOS.DataCollector.Service.UnitTests\bin\x64\Debug\net6.0-windows\VideoOS.DataCollector.Service.UnitTests.dll" adapterTypeName="executor://mstestadapter/v2" className="VideoOS.DataCollector.Service.UnitTests.Services.StateSenderServiceTests" name="StateSenderService_ExecuteAsync_Exception_Unhandled" />
    </UnitTest>
    <UnitTest name="SampleRulesService_Publish_Success" storage="d:\actions-runner\_work\xpco\xpco\allsolutions\..\datacollector\service\tst\videoos.datacollector.service.unittests\bin\x64\debug\net6.0-windows\videoos.datacollector.service.unittests.dll" id="394effe9-ad44-7aba-d158-767cbd9d0d80">
      <Execution id="776f7214-63b9-477c-b6af-6410b3003938" />
      <TestMethod codeBase="D:\actions-runner\_work\XPCO\XPCO\AllSolutions\..\DataCollector\Service\tst\VideoOS.DataCollector.Service.UnitTests\bin\x64\Debug\net6.0-windows\VideoOS.DataCollector.Service.UnitTests.dll" adapterTypeName="executor://mstestadapter/v2" className="VideoOS.DataCollector.Service.UnitTests.Services.SampleRulesServiceTests" name="SampleRulesService_Publish_Success" />
    </UnitTest>
    <UnitTest name="GrpcProfile_Convert_PerformanceCounterInstance_From_gRPC (SingleInstance,AverageBase,SingleInstance,AverageBase)" storage="d:\actions-runner\_work\xpco\xpco\allsolutions\..\datacollector\service\tst\videoos.datacollector.service.unittests\bin\x64\debug\net6.0-windows\videoos.datacollector.service.unittests.dll" id="bab43349-a77e-018f-86ef-d25471b79009">
      <Execution id="828d8fdc-8218-441a-8ba7-1279d7bddeff" />
      <TestMethod codeBase="D:\actions-runner\_work\XPCO\XPCO\AllSolutions\..\DataCollector\Service\tst\VideoOS.DataCollector.Service.UnitTests\bin\x64\Debug\net6.0-windows\VideoOS.DataCollector.Service.UnitTests.dll" adapterTypeName="executor://mstestadapter/v2" className="VideoOS.DataCollector.Service.UnitTests.GrpcProfileTest" name="GrpcProfile_Convert_PerformanceCounterInstance_From_gRPC" />
    </UnitTest>
    <UnitTest name="ConfigurationRefreshService_ExecuteAsync_ConfigurationInError_LoggingOrPublishNotCalled_Success" storage="d:\actions-runner\_work\xpco\xpco\allsolutions\..\datacollector\service\tst\videoos.datacollector.service.unittests\bin\x64\debug\net6.0-windows\videoos.datacollector.service.unittests.dll" id="bbb98ce1-8155-9818-a92c-741f2fe74e75">
      <Execution id="637eb933-9919-47b8-bd95-d576ae41a1da" />
      <TestMethod codeBase="D:\actions-runner\_work\XPCO\XPCO\AllSolutions\..\DataCollector\Service\tst\VideoOS.DataCollector.Service.UnitTests\bin\x64\Debug\net6.0-windows\VideoOS.DataCollector.Service.UnitTests.dll" adapterTypeName="executor://mstestadapter/v2" className="VideoOS.DataCollector.Service.UnitTests.Services.ConfigurationRefreshServiceTests" name="ConfigurationRefreshService_ExecuteAsync_ConfigurationInError_LoggingOrPublishNotCalled_Success" />
    </UnitTest>
    <UnitTest name="GrpcProfile_Convert_PerformanceCounterInstance_To_gRPC (SingleInstance,SampleCounter,SingleInstance,SampleCounter)" storage="d:\actions-runner\_work\xpco\xpco\allsolutions\..\datacollector\service\tst\videoos.datacollector.service.unittests\bin\x64\debug\net6.0-windows\videoos.datacollector.service.unittests.dll" id="5c19205c-85fc-e78c-412b-c8c8e351e5f3">
      <Execution id="4e7fbddd-5acb-4895-853f-281a1c8b2d45" />
      <TestMethod codeBase="D:\actions-runner\_work\XPCO\XPCO\AllSolutions\..\DataCollector\Service\tst\VideoOS.DataCollector.Service.UnitTests\bin\x64\Debug\net6.0-windows\VideoOS.DataCollector.Service.UnitTests.dll" adapterTypeName="executor://mstestadapter/v2" className="VideoOS.DataCollector.Service.UnitTests.GrpcProfileTest" name="GrpcProfile_Convert_PerformanceCounterInstance_To_gRPC" />
    </UnitTest>
    <UnitTest name="ReportGpuCounterInstancesServerCommandHandler_Handle_Success" storage="d:\actions-runner\_work\xpco\xpco\allsolutions\..\datacollector\service\tst\videoos.datacollector.service.unittests\bin\x64\debug\net6.0-windows\videoos.datacollector.service.unittests.dll" id="1aa99af3-5b2b-befc-03e8-003e181380d2">
      <Execution id="abe6e2fc-693d-4897-ac70-fcbf081cc688" />
      <TestMethod codeBase="D:\actions-runner\_work\XPCO\XPCO\AllSolutions\..\DataCollector\Service\tst\VideoOS.DataCollector.Service.UnitTests\bin\x64\Debug\net6.0-windows\VideoOS.DataCollector.Service.UnitTests.dll" adapterTypeName="executor://mstestadapter/v2" className="VideoOS.DataCollector.Service.UnitTests.PerfCounterConfiguration.Commands.ReportGpuCounterInstances.ReportGpuCounterInstancesServerCommandTests" name="ReportGpuCounterInstancesServerCommandHandler_Handle_Success" />
    </UnitTest>
    <UnitTest name="Handle_RuleConfigurationLoaded_NoChanges" storage="d:\actions-runner\_work\xpco\xpco\allsolutions\..\datacollector\service\tst\videoos.datacollector.service.unittests\bin\x64\debug\net6.0-windows\videoos.datacollector.service.unittests.dll" id="95a53348-d67e-f981-788d-1359fd87f28d">
      <Execution id="29451d51-e30a-43ca-962b-422f1e29e861" />
      <TestMethod codeBase="D:\actions-runner\_work\XPCO\XPCO\AllSolutions\..\DataCollector\Service\tst\VideoOS.DataCollector.Service.UnitTests\bin\x64\Debug\net6.0-windows\VideoOS.DataCollector.Service.UnitTests.dll" adapterTypeName="executor://mstestadapter/v2" className="VideoOS.DataCollector.Service.UnitTests.CounterState.RefreshRuleConfigurationEventHandlerTests" name="Handle_RuleConfigurationLoaded_NoChanges" />
    </UnitTest>
    <UnitTest name="GrpcProfile_Convert_PerformanceCounterInstance_From_gRPC (SingleInstance,RawBase,SingleInstance,RawBase)" storage="d:\actions-runner\_work\xpco\xpco\allsolutions\..\datacollector\service\tst\videoos.datacollector.service.unittests\bin\x64\debug\net6.0-windows\videoos.datacollector.service.unittests.dll" id="ee6b1c5a-7f98-a1ab-4d57-40ff040030c4">
      <Execution id="0ba61c3c-f595-43f3-9a9c-32d00aab508d" />
      <TestMethod codeBase="D:\actions-runner\_work\XPCO\XPCO\AllSolutions\..\DataCollector\Service\tst\VideoOS.DataCollector.Service.UnitTests\bin\x64\Debug\net6.0-windows\VideoOS.DataCollector.Service.UnitTests.dll" adapterTypeName="executor://mstestadapter/v2" className="VideoOS.DataCollector.Service.UnitTests.GrpcProfileTest" name="GrpcProfile_Convert_PerformanceCounterInstance_From_gRPC" />
    </UnitTest>
    <UnitTest name="StateSenderService_ExecuteAsync_DeleteStateChangeData_Success" storage="d:\actions-runner\_work\xpco\xpco\allsolutions\..\datacollector\service\tst\videoos.datacollector.service.unittests\bin\x64\debug\net6.0-windows\videoos.datacollector.service.unittests.dll" id="26dcfa33-6247-a37b-79c8-56ac74769800">
      <Execution id="ce5b5249-370c-4a6b-98af-b89df28013e4" />
      <TestMethod codeBase="D:\actions-runner\_work\XPCO\XPCO\AllSolutions\..\DataCollector\Service\tst\VideoOS.DataCollector.Service.UnitTests\bin\x64\Debug\net6.0-windows\VideoOS.DataCollector.Service.UnitTests.dll" adapterTypeName="executor://mstestadapter/v2" className="VideoOS.DataCollector.Service.UnitTests.Services.StateSenderServiceTests" name="StateSenderService_ExecuteAsync_DeleteStateChangeData_Success" />
    </UnitTest>
    <UnitTest name="GetConfigurationServerQueryHandler_Handle_Success" storage="d:\actions-runner\_work\xpco\xpco\allsolutions\..\datacollector\service\tst\videoos.datacollector.service.unittests\bin\x64\debug\net6.0-windows\videoos.datacollector.service.unittests.dll" id="da66804f-9292-7a48-256c-ba41e030d24c">
      <Execution id="ca371f5c-00fe-4cc7-8887-54418ef5d4df" />
      <TestMethod codeBase="D:\actions-runner\_work\XPCO\XPCO\AllSolutions\..\DataCollector\Service\tst\VideoOS.DataCollector.Service.UnitTests\bin\x64\Debug\net6.0-windows\VideoOS.DataCollector.Service.UnitTests.dll" adapterTypeName="executor://mstestadapter/v2" className="VideoOS.DataCollector.Service.UnitTests.PerfCounterConfiguration.Queries.GetConfigurationServerQueryTests" name="GetConfigurationServerQueryHandler_Handle_Success" />
    </UnitTest>
    <UnitTest name="GrpcProfile_Convert_CounterStateRulesConfigurationUpdate_To_gRPC" storage="d:\actions-runner\_work\xpco\xpco\allsolutions\..\datacollector\service\tst\videoos.datacollector.service.unittests\bin\x64\debug\net6.0-windows\videoos.datacollector.service.unittests.dll" id="21cb5c60-64d5-5d19-8eff-cc677e0c10c3">
      <Execution id="ae181a48-fcac-4894-948a-91bc50997755" />
      <TestMethod codeBase="D:\actions-runner\_work\XPCO\XPCO\AllSolutions\..\DataCollector\Service\tst\VideoOS.DataCollector.Service.UnitTests\bin\x64\Debug\net6.0-windows\VideoOS.DataCollector.Service.UnitTests.dll" adapterTypeName="executor://mstestadapter/v2" className="VideoOS.DataCollector.Service.UnitTests.GrpcProfileTest" name="GrpcProfile_Convert_CounterStateRulesConfigurationUpdate_To_gRPC" />
    </UnitTest>
    <UnitTest name="Handle_UnhandledException_ExceptionRethrown" storage="d:\actions-runner\_work\xpco\xpco\allsolutions\..\datacollector\service\tst\videoos.datacollector.service.unittests\bin\x64\debug\net6.0-windows\videoos.datacollector.service.unittests.dll" id="a4806210-62d6-ff3e-6e60-0c66e6eb5e0d">
      <Execution id="e7dfc141-8f25-49a3-80ed-a4af966d0d75" />
      <TestMethod codeBase="D:\actions-runner\_work\XPCO\XPCO\AllSolutions\..\DataCollector\Service\tst\VideoOS.DataCollector.Service.UnitTests\bin\x64\Debug\net6.0-windows\VideoOS.DataCollector.Service.UnitTests.dll" adapterTypeName="executor://mstestadapter/v2" className="VideoOS.DataCollector.Service.UnitTests.Common.Behaviours.RetryBehaviourUnitTest" name="Handle_UnhandledException_ExceptionRethrown" />
    </UnitTest>
    <UnitTest name="Create_Processor_Counter_Rule_As_CounterRule" storage="d:\actions-runner\_work\xpco\xpco\allsolutions\..\datacollector\service\tst\videoos.datacollector.service.unittests\bin\x64\debug\net6.0-windows\videoos.datacollector.service.unittests.dll" id="0d952583-9938-dbda-2675-8e1752504066">
      <Execution id="6d005deb-0c83-446b-9117-efe52ffea53f" />
      <TestMethod codeBase="D:\actions-runner\_work\XPCO\XPCO\AllSolutions\..\DataCollector\Service\tst\VideoOS.DataCollector.Service.UnitTests\bin\x64\Debug\net6.0-windows\VideoOS.DataCollector.Service.UnitTests.dll" adapterTypeName="executor://mstestadapter/v2" className="VideoOS.DataCollector.Service.UnitTests.CounterRuleFactoryUnitTest" name="Create_Processor_Counter_Rule_As_CounterRule" />
    </UnitTest>
    <UnitTest name="StateSenderService_ExecuteAsync_OperationCanceledException_Handled" storage="d:\actions-runner\_work\xpco\xpco\allsolutions\..\datacollector\service\tst\videoos.datacollector.service.unittests\bin\x64\debug\net6.0-windows\videoos.datacollector.service.unittests.dll" id="ce2df477-3a8c-f091-650b-7baec3091038">
      <Execution id="38a68a9a-9370-4324-a10e-ae6e5fa72759" />
      <TestMethod codeBase="D:\actions-runner\_work\XPCO\XPCO\AllSolutions\..\DataCollector\Service\tst\VideoOS.DataCollector.Service.UnitTests\bin\x64\Debug\net6.0-windows\VideoOS.DataCollector.Service.UnitTests.dll" adapterTypeName="executor://mstestadapter/v2" className="VideoOS.DataCollector.Service.UnitTests.Services.StateSenderServiceTests" name="StateSenderService_ExecuteAsync_OperationCanceledException_Handled" />
    </UnitTest>
    <UnitTest name="TestWarningToCritical" storage="d:\actions-runner\_work\xpco\xpco\allsolutions\..\datacollector\service\tst\videoos.datacollector.service.unittests\bin\x64\debug\net6.0-windows\videoos.datacollector.service.unittests.dll" id="b2bf6d26-899b-8a2a-7aeb-d236f401a560">
      <Execution id="2c7e169c-90b3-432d-9c56-34064a9eafa5" />
      <TestMethod codeBase="D:\actions-runner\_work\XPCO\XPCO\AllSolutions\..\DataCollector\Service\tst\VideoOS.DataCollector.Service.UnitTests\bin\x64\Debug\net6.0-windows\VideoOS.DataCollector.Service.UnitTests.dll" adapterTypeName="executor://mstestadapter/v2" className="VideoOS.DataCollector.Service.UnitTests.CounterRuleTest" name="TestWarningToCritical" />
    </UnitTest>
    <UnitTest name="Constructor_NullLogger_ArgumentNullExceptionThrown" storage="d:\actions-runner\_work\xpco\xpco\allsolutions\..\datacollector\service\tst\videoos.datacollector.service.unittests\bin\x64\debug\net6.0-windows\videoos.datacollector.service.unittests.dll" id="5c6cc811-6f41-a882-5dc7-406cdd8aefeb">
      <Execution id="67c0e156-47c3-4c25-afb8-51580de4b4e5" />
      <TestMethod codeBase="D:\actions-runner\_work\XPCO\XPCO\AllSolutions\..\DataCollector\Service\tst\VideoOS.DataCollector.Service.UnitTests\bin\x64\Debug\net6.0-windows\VideoOS.DataCollector.Service.UnitTests.dll" adapterTypeName="executor://mstestadapter/v2" className="VideoOS.DataCollector.Service.UnitTests.Common.Behaviours.RetryBehaviourUnitTest" name="Constructor_NullLogger_ArgumentNullExceptionThrown" />
    </UnitTest>
    <UnitTest name="ConfigurationRefreshService_ExecuteAsync_OperationCanceledException_Handled" storage="d:\actions-runner\_work\xpco\xpco\allsolutions\..\datacollector\service\tst\videoos.datacollector.service.unittests\bin\x64\debug\net6.0-windows\videoos.datacollector.service.unittests.dll" id="076dda98-8eb1-8934-c4c9-8add82f9c600">
      <Execution id="59678eda-53b1-4fe4-a5b6-97ce055ebaff" />
      <TestMethod codeBase="D:\actions-runner\_work\XPCO\XPCO\AllSolutions\..\DataCollector\Service\tst\VideoOS.DataCollector.Service.UnitTests\bin\x64\Debug\net6.0-windows\VideoOS.DataCollector.Service.UnitTests.dll" adapterTypeName="executor://mstestadapter/v2" className="VideoOS.DataCollector.Service.UnitTests.Services.ConfigurationRefreshServiceTests" name="ConfigurationRefreshService_ExecuteAsync_OperationCanceledException_Handled" />
    </UnitTest>
    <UnitTest name="OnRecordingServerIsUp_Is_Not_Called_On_Normal_State_Change_For_Management_Server" storage="d:\actions-runner\_work\xpco\xpco\allsolutions\..\datacollector\service\tst\videoos.datacollector.service.unittests\bin\x64\debug\net6.0-windows\videoos.datacollector.service.unittests.dll" id="8395b262-31d0-82cb-0058-22ea34a69ca0">
      <Execution id="0ae63a33-e786-456c-ab79-a88090131803" />
      <TestMethod codeBase="D:\actions-runner\_work\XPCO\XPCO\AllSolutions\..\DataCollector\Service\tst\VideoOS.DataCollector.Service.UnitTests\bin\x64\Debug\net6.0-windows\VideoOS.DataCollector.Service.UnitTests.dll" adapterTypeName="executor://mstestadapter/v2" className="VideoOS.DataCollector.Service.UnitTests.RecordingServiceAvailableRuleUnitTest" name="OnRecordingServerIsUp_Is_Not_Called_On_Normal_State_Change_For_Management_Server" />
    </UnitTest>
    <UnitTest name="Handle_CustomMaxRetryCount_InfiniteBehaviorVerified" storage="d:\actions-runner\_work\xpco\xpco\allsolutions\..\datacollector\service\tst\videoos.datacollector.service.unittests\bin\x64\debug\net6.0-windows\videoos.datacollector.service.unittests.dll" id="9878484b-2244-d61c-e2e1-4fab767ee101">
      <Execution id="239a882e-6d9f-448a-a3ca-9e513173ace3" />
      <TestMethod codeBase="D:\actions-runner\_work\XPCO\XPCO\AllSolutions\..\DataCollector\Service\tst\VideoOS.DataCollector.Service.UnitTests\bin\x64\Debug\net6.0-windows\VideoOS.DataCollector.Service.UnitTests.dll" adapterTypeName="executor://mstestadapter/v2" className="VideoOS.DataCollector.Service.UnitTests.Common.Behaviours.RetryBehaviourUnitTest" name="Handle_CustomMaxRetryCount_InfiniteBehaviorVerified" />
    </UnitTest>
    <UnitTest name="ReportGpuCounterInstancesService_ExecuteAsync_HasHACapability_True_Success" storage="d:\actions-runner\_work\xpco\xpco\allsolutions\..\datacollector\service\tst\videoos.datacollector.service.unittests\bin\x64\debug\net6.0-windows\videoos.datacollector.service.unittests.dll" id="4ed78ddb-e516-1ff4-e25c-3c424ea71b42">
      <Execution id="04ccb09e-1d8f-4a25-930b-108c3e9c3979" />
      <TestMethod codeBase="D:\actions-runner\_work\XPCO\XPCO\AllSolutions\..\DataCollector\Service\tst\VideoOS.DataCollector.Service.UnitTests\bin\x64\Debug\net6.0-windows\VideoOS.DataCollector.Service.UnitTests.dll" adapterTypeName="executor://mstestadapter/v2" className="VideoOS.DataCollector.Service.UnitTests.Services.ReportGpuCounterInstancesServiceTests" name="ReportGpuCounterInstancesService_ExecuteAsync_HasHACapability_True_Success" />
    </UnitTest>
    <UnitTest name="OnRecordingServerIsDown_Is_Called_On_Critical_State_Change_For_Recording_Server" storage="d:\actions-runner\_work\xpco\xpco\allsolutions\..\datacollector\service\tst\videoos.datacollector.service.unittests\bin\x64\debug\net6.0-windows\videoos.datacollector.service.unittests.dll" id="621a0c71-93b0-e84d-5586-20a6819504ef">
      <Execution id="d58b1e6c-866b-42d1-a62f-19508c466766" />
      <TestMethod codeBase="D:\actions-runner\_work\XPCO\XPCO\AllSolutions\..\DataCollector\Service\tst\VideoOS.DataCollector.Service.UnitTests\bin\x64\Debug\net6.0-windows\VideoOS.DataCollector.Service.UnitTests.dll" adapterTypeName="executor://mstestadapter/v2" className="VideoOS.DataCollector.Service.UnitTests.RecordingServiceAvailableRuleUnitTest" name="OnRecordingServerIsDown_Is_Called_On_Critical_State_Change_For_Recording_Server" />
    </UnitTest>
    <UnitTest name="Create_Device_Counter_Rule_As_CameraCounterRule" storage="d:\actions-runner\_work\xpco\xpco\allsolutions\..\datacollector\service\tst\videoos.datacollector.service.unittests\bin\x64\debug\net6.0-windows\videoos.datacollector.service.unittests.dll" id="342a4ac3-a8c1-9d9f-adb8-d835ef932b07">
      <Execution id="2c35b9f4-e3ea-4362-a6b2-b01dbdf07da8" />
      <TestMethod codeBase="D:\actions-runner\_work\XPCO\XPCO\AllSolutions\..\DataCollector\Service\tst\VideoOS.DataCollector.Service.UnitTests\bin\x64\Debug\net6.0-windows\VideoOS.DataCollector.Service.UnitTests.dll" adapterTypeName="executor://mstestadapter/v2" className="VideoOS.DataCollector.Service.UnitTests.CounterRuleFactoryUnitTest" name="Create_Device_Counter_Rule_As_CameraCounterRule" />
    </UnitTest>
    <UnitTest name="GrpcProfile_Convert_PerformanceCounterInstance_From_gRPC (SingleInstance,NumberOfItems32,SingleInstance,NumberOfItems32)" storage="d:\actions-runner\_work\xpco\xpco\allsolutions\..\datacollector\service\tst\videoos.datacollector.service.unittests\bin\x64\debug\net6.0-windows\videoos.datacollector.service.unittests.dll" id="8d05599b-cac3-45de-1dde-00e83e4032c6">
      <Execution id="82c0d098-d13f-4f82-b4c0-4b00f8938c34" />
      <TestMethod codeBase="D:\actions-runner\_work\XPCO\XPCO\AllSolutions\..\DataCollector\Service\tst\VideoOS.DataCollector.Service.UnitTests\bin\x64\Debug\net6.0-windows\VideoOS.DataCollector.Service.UnitTests.dll" adapterTypeName="executor://mstestadapter/v2" className="VideoOS.DataCollector.Service.UnitTests.GrpcProfileTest" name="GrpcProfile_Convert_PerformanceCounterInstance_From_gRPC" />
    </UnitTest>
    <UnitTest name="GrpcProfile_Convert_CounterStateRulesConfigurationUpdate_From_gRPC" storage="d:\actions-runner\_work\xpco\xpco\allsolutions\..\datacollector\service\tst\videoos.datacollector.service.unittests\bin\x64\debug\net6.0-windows\videoos.datacollector.service.unittests.dll" id="fd00792d-20b1-587f-ae4f-a969fa97761d">
      <Execution id="cddaca18-3625-430e-97a1-79dcac8a8970" />
      <TestMethod codeBase="D:\actions-runner\_work\XPCO\XPCO\AllSolutions\..\DataCollector\Service\tst\VideoOS.DataCollector.Service.UnitTests\bin\x64\Debug\net6.0-windows\VideoOS.DataCollector.Service.UnitTests.dll" adapterTypeName="executor://mstestadapter/v2" className="VideoOS.DataCollector.Service.UnitTests.GrpcProfileTest" name="GrpcProfile_Convert_CounterStateRulesConfigurationUpdate_From_gRPC" />
    </UnitTest>
    <UnitTest name="Handle_DefaultRetryCount_CorrectResponseReturned" storage="d:\actions-runner\_work\xpco\xpco\allsolutions\..\datacollector\service\tst\videoos.datacollector.service.unittests\bin\x64\debug\net6.0-windows\videoos.datacollector.service.unittests.dll" id="4f3ab489-6a94-8b65-0bc9-84cf7be0bcea">
      <Execution id="a127d1ce-74cd-435a-b1b9-b686a555dcb8" />
      <TestMethod codeBase="D:\actions-runner\_work\XPCO\XPCO\AllSolutions\..\DataCollector\Service\tst\VideoOS.DataCollector.Service.UnitTests\bin\x64\Debug\net6.0-windows\VideoOS.DataCollector.Service.UnitTests.dll" adapterTypeName="executor://mstestadapter/v2" className="VideoOS.DataCollector.Service.UnitTests.Common.Behaviours.RetryBehaviourUnitTest" name="Handle_DefaultRetryCount_CorrectResponseReturned" />
    </UnitTest>
    <UnitTest name="GrpcProfile_Convert_PerformanceCounterInstance_From_gRPC (SingleInstance,NumberOfItems64,SingleInstance,NumberOfItems64)" storage="d:\actions-runner\_work\xpco\xpco\allsolutions\..\datacollector\service\tst\videoos.datacollector.service.unittests\bin\x64\debug\net6.0-windows\videoos.datacollector.service.unittests.dll" id="05c3c7ea-576f-7698-2fcc-7a8ca5e69771">
      <Execution id="d591e122-a668-42c8-a24f-9ced7272e388" />
      <TestMethod codeBase="D:\actions-runner\_work\XPCO\XPCO\AllSolutions\..\DataCollector\Service\tst\VideoOS.DataCollector.Service.UnitTests\bin\x64\Debug\net6.0-windows\VideoOS.DataCollector.Service.UnitTests.dll" adapterTypeName="executor://mstestadapter/v2" className="VideoOS.DataCollector.Service.UnitTests.GrpcProfileTest" name="GrpcProfile_Convert_PerformanceCounterInstance_From_gRPC" />
    </UnitTest>
    <UnitTest name="Handle_OneMultiRuleCounterRule_OneRulesAddedMulitRuleRegistered" storage="d:\actions-runner\_work\xpco\xpco\allsolutions\..\datacollector\service\tst\videoos.datacollector.service.unittests\bin\x64\debug\net6.0-windows\videoos.datacollector.service.unittests.dll" id="65e7a117-e8ad-0e02-af6a-d0d040856dbf">
      <Execution id="18800678-a58d-45b6-8a31-1e72119fdf62" />
      <TestMethod codeBase="D:\actions-runner\_work\XPCO\XPCO\AllSolutions\..\DataCollector\Service\tst\VideoOS.DataCollector.Service.UnitTests\bin\x64\Debug\net6.0-windows\VideoOS.DataCollector.Service.UnitTests.dll" adapterTypeName="executor://mstestadapter/v2" className="VideoOS.DataCollector.Service.UnitTests.CounterState.RefreshRuleConfigurationEventHandlerTests" name="Handle_OneMultiRuleCounterRule_OneRulesAddedMulitRuleRegistered" />
    </UnitTest>
    <UnitTest name="ExponentialBackOff_Delay_Retry_Success" storage="d:\actions-runner\_work\xpco\xpco\allsolutions\..\datacollector\service\tst\videoos.datacollector.service.unittests\bin\x64\debug\net6.0-windows\videoos.datacollector.service.unittests.dll" id="60147f0c-9412-3711-dcf4-d0d937b3ad7b">
      <Execution id="c163c300-2013-4af1-88be-967b988db5ac" />
      <TestMethod codeBase="D:\actions-runner\_work\XPCO\XPCO\AllSolutions\..\DataCollector\Service\tst\VideoOS.DataCollector.Service.UnitTests\bin\x64\Debug\net6.0-windows\VideoOS.DataCollector.Service.UnitTests.dll" adapterTypeName="executor://mstestadapter/v2" className="VideoOS.DataCollector.Service.UnitTests.Common.BackOff.ExponentialBackOffUnitTest" name="ExponentialBackOff_Delay_Retry_Success" />
    </UnitTest>
    <UnitTest name="Validate_CameraCounterRule_With_Valid_Path" storage="d:\actions-runner\_work\xpco\xpco\allsolutions\..\datacollector\service\tst\videoos.datacollector.service.unittests\bin\x64\debug\net6.0-windows\videoos.datacollector.service.unittests.dll" id="1dc28d7e-d555-5653-80cd-2cb0c1c68684">
      <Execution id="236ae283-8f04-4be0-bf69-d567381f1831" />
      <TestMethod codeBase="D:\actions-runner\_work\XPCO\XPCO\AllSolutions\..\DataCollector\Service\tst\VideoOS.DataCollector.Service.UnitTests\bin\x64\Debug\net6.0-windows\VideoOS.DataCollector.Service.UnitTests.dll" adapterTypeName="executor://mstestadapter/v2" className="VideoOS.DataCollector.Service.UnitTests.CounterRuleFactoryUnitTest" name="Validate_CameraCounterRule_With_Valid_Path" />
    </UnitTest>
    <UnitTest name="Handle_UpdateNonDefaultExistingDefaultRule_RuleUpdated" storage="d:\actions-runner\_work\xpco\xpco\allsolutions\..\datacollector\service\tst\videoos.datacollector.service.unittests\bin\x64\debug\net6.0-windows\videoos.datacollector.service.unittests.dll" id="644c0b9b-f1b3-c077-0fbf-419abcfe5a03">
      <Execution id="d22dba8e-a927-4b6a-9214-6f163ff71909" />
      <TestMethod codeBase="D:\actions-runner\_work\XPCO\XPCO\AllSolutions\..\DataCollector\Service\tst\VideoOS.DataCollector.Service.UnitTests\bin\x64\Debug\net6.0-windows\VideoOS.DataCollector.Service.UnitTests.dll" adapterTypeName="executor://mstestadapter/v2" className="VideoOS.DataCollector.Service.UnitTests.CounterState.RefreshRuleConfigurationEventHandlerTests" name="Handle_UpdateNonDefaultExistingDefaultRule_RuleUpdated" />
    </UnitTest>
    <UnitTest name="MarkPerformanceCounterDataAsObsoleteServerCommandHandler_Handle_Success" storage="d:\actions-runner\_work\xpco\xpco\allsolutions\..\datacollector\service\tst\videoos.datacollector.service.unittests\bin\x64\debug\net6.0-windows\videoos.datacollector.service.unittests.dll" id="7c7e7f62-0284-09e7-f394-f2903730bdce">
      <Execution id="78ff8877-1c55-4077-87c1-a3104af34592" />
      <TestMethod codeBase="D:\actions-runner\_work\XPCO\XPCO\AllSolutions\..\DataCollector\Service\tst\VideoOS.DataCollector.Service.UnitTests\bin\x64\Debug\net6.0-windows\VideoOS.DataCollector.Service.UnitTests.dll" adapterTypeName="executor://mstestadapter/v2" className="VideoOS.DataCollector.Service.UnitTests.PerfCounterConfiguration.Refresh.EventHandlers.RefreshActivePerformanceCounters.MarkPerformanceCounterDataAsObsoleteServerCommandTests" name="MarkPerformanceCounterDataAsObsoleteServerCommandHandler_Handle_Success" />
    </UnitTest>
    <UnitTest name="GrpcProfile_Convert_PerformanceCounterInstance_To_gRPC (SingleInstance,NumberOfItemsHex64,SingleInstance,NumberOfItemsHEX64)" storage="d:\actions-runner\_work\xpco\xpco\allsolutions\..\datacollector\service\tst\videoos.datacollector.service.unittests\bin\x64\debug\net6.0-windows\videoos.datacollector.service.unittests.dll" id="fd32e51c-403f-f3b6-fcc4-3e06c0478349">
      <Execution id="29a90fed-fa61-4ee9-8777-4792cd47850c" />
      <TestMethod codeBase="D:\actions-runner\_work\XPCO\XPCO\AllSolutions\..\DataCollector\Service\tst\VideoOS.DataCollector.Service.UnitTests\bin\x64\Debug\net6.0-windows\VideoOS.DataCollector.Service.UnitTests.dll" adapterTypeName="executor://mstestadapter/v2" className="VideoOS.DataCollector.Service.UnitTests.GrpcProfileTest" name="GrpcProfile_Convert_PerformanceCounterInstance_To_gRPC" />
    </UnitTest>
    <UnitTest name="CollectPerformanceCounter_Exception_Caught_Success" storage="d:\actions-runner\_work\xpco\xpco\allsolutions\..\datacollector\service\tst\videoos.datacollector.service.unittests\bin\x64\debug\net6.0-windows\videoos.datacollector.service.unittests.dll" id="9f61c951-fadc-e9ef-ee1e-bd9e51bf0f74">
      <Execution id="af90ee0f-556c-4f8e-8627-3137266573e1" />
      <TestMethod codeBase="D:\actions-runner\_work\XPCO\XPCO\AllSolutions\..\DataCollector\Service\tst\VideoOS.DataCollector.Service.UnitTests\bin\x64\Debug\net6.0-windows\VideoOS.DataCollector.Service.UnitTests.dll" adapterTypeName="executor://mstestadapter/v2" className="VideoOS.DataCollector.Service.UnitTests.Services.CollectPerformanceCounterTests" name="CollectPerformanceCounter_Exception_Caught_Success" />
    </UnitTest>
    <UnitTest name="ReportGpuCounterInstancesService_ExecuteAsync_HasHACapability_False_Success" storage="d:\actions-runner\_work\xpco\xpco\allsolutions\..\datacollector\service\tst\videoos.datacollector.service.unittests\bin\x64\debug\net6.0-windows\videoos.datacollector.service.unittests.dll" id="501f756b-c317-73bb-beb6-0e2cbd503059">
      <Execution id="c4caed1b-d5e2-4fdd-9623-a56b5d7a3021" />
      <TestMethod codeBase="D:\actions-runner\_work\XPCO\XPCO\AllSolutions\..\DataCollector\Service\tst\VideoOS.DataCollector.Service.UnitTests\bin\x64\Debug\net6.0-windows\VideoOS.DataCollector.Service.UnitTests.dll" adapterTypeName="executor://mstestadapter/v2" className="VideoOS.DataCollector.Service.UnitTests.Services.ReportGpuCounterInstancesServiceTests" name="ReportGpuCounterInstancesService_ExecuteAsync_HasHACapability_False_Success" />
    </UnitTest>
    <UnitTest name="CounterRule_Samples_When_Recording_Server_Is_Down" storage="d:\actions-runner\_work\xpco\xpco\allsolutions\..\datacollector\service\tst\videoos.datacollector.service.unittests\bin\x64\debug\net6.0-windows\videoos.datacollector.service.unittests.dll" id="b6945496-a8c9-3335-844f-a4bb7af7778d">
      <Execution id="27496ae8-ad6d-4d63-ad18-bf0948cf8eb6" />
      <TestMethod codeBase="D:\actions-runner\_work\XPCO\XPCO\AllSolutions\..\DataCollector\Service\tst\VideoOS.DataCollector.Service.UnitTests\bin\x64\Debug\net6.0-windows\VideoOS.DataCollector.Service.UnitTests.dll" adapterTypeName="executor://mstestadapter/v2" className="VideoOS.DataCollector.Service.UnitTests.CounterRuleTest" name="CounterRule_Samples_When_Recording_Server_Is_Down" />
    </UnitTest>
    <UnitTest name="RequestBaseResponse_EnsureResponseIsOfTypeResult_Succeeds" storage="d:\actions-runner\_work\xpco\xpco\allsolutions\..\datacollector\service\tst\videoos.datacollector.service.unittests\bin\x64\debug\net6.0-windows\videoos.datacollector.service.unittests.dll" id="69bce976-2948-5bce-e392-f7dabb085718">
      <Execution id="e19c74cf-dc5e-476f-a679-092781888cfe" />
      <TestMethod codeBase="D:\actions-runner\_work\XPCO\XPCO\AllSolutions\..\DataCollector\Service\tst\VideoOS.DataCollector.Service.UnitTests\bin\x64\Debug\net6.0-windows\VideoOS.DataCollector.Service.UnitTests.dll" adapterTypeName="executor://mstestadapter/v2" className="VideoOS.DataCollector.Service.UnitTests.RequestBaseResponseTests" name="RequestBaseResponse_EnsureResponseIsOfTypeResult_Succeeds" />
    </UnitTest>
    <UnitTest name="RuleConfigurationChangeEventHandler_Handle_DeleteRule_NoneDefault_Success" storage="d:\actions-runner\_work\xpco\xpco\allsolutions\..\datacollector\service\tst\videoos.datacollector.service.unittests\bin\x64\debug\net6.0-windows\videoos.datacollector.service.unittests.dll" id="534b6e09-1000-34e5-4da1-0f5fee87066e">
      <Execution id="c2c70e7c-a6cb-459f-adfc-4d06575cd0ed" />
      <TestMethod codeBase="D:\actions-runner\_work\XPCO\XPCO\AllSolutions\..\DataCollector\Service\tst\VideoOS.DataCollector.Service.UnitTests\bin\x64\Debug\net6.0-windows\VideoOS.DataCollector.Service.UnitTests.dll" adapterTypeName="executor://mstestadapter/v2" className="VideoOS.DataCollector.Service.UnitTests.RuleConfigurationChangeEventHandlerTests" name="RuleConfigurationChangeEventHandler_Handle_DeleteRule_NoneDefault_Success" />
    </UnitTest>
    <UnitTest name="GrpcProfile_Convert_PerformanceCounterInstance_To_gRPC (SingleInstance,NumberOfItems64,SingleInstance,NumberOfItems64)" storage="d:\actions-runner\_work\xpco\xpco\allsolutions\..\datacollector\service\tst\videoos.datacollector.service.unittests\bin\x64\debug\net6.0-windows\videoos.datacollector.service.unittests.dll" id="f8f5f4ba-83aa-c1f9-accd-1d94ea6f027d">
      <Execution id="325e6a23-c520-45ef-bb21-19b8b75355ac" />
      <TestMethod codeBase="D:\actions-runner\_work\XPCO\XPCO\AllSolutions\..\DataCollector\Service\tst\VideoOS.DataCollector.Service.UnitTests\bin\x64\Debug\net6.0-windows\VideoOS.DataCollector.Service.UnitTests.dll" adapterTypeName="executor://mstestadapter/v2" className="VideoOS.DataCollector.Service.UnitTests.GrpcProfileTest" name="GrpcProfile_Convert_PerformanceCounterInstance_To_gRPC" />
    </UnitTest>
    <UnitTest name="Convert_FromPerformanceCounterValueListToGetPerformanceCounterValuesResponse_Success" storage="d:\actions-runner\_work\xpco\xpco\allsolutions\..\datacollector\service\tst\videoos.datacollector.service.unittests\bin\x64\debug\net6.0-windows\videoos.datacollector.service.unittests.dll" id="fab3a637-2ec9-b6e4-89b8-705e3693c98f">
      <Execution id="3dde1657-f9f9-43a1-a739-1fdecd5b115f" />
      <TestMethod codeBase="D:\actions-runner\_work\XPCO\XPCO\AllSolutions\..\DataCollector\Service\tst\VideoOS.DataCollector.Service.UnitTests\bin\x64\Debug\net6.0-windows\VideoOS.DataCollector.Service.UnitTests.dll" adapterTypeName="executor://mstestadapter/v2" className="VideoOS.DataCollector.Service.UnitTests.GrpcProfileTest" name="Convert_FromPerformanceCounterValueListToGetPerformanceCounterValuesResponse_Success" />
    </UnitTest>
    <UnitTest name="CameraCounterRule_Enforce_State_Change_ON_Recorder_Down" storage="d:\actions-runner\_work\xpco\xpco\allsolutions\..\datacollector\service\tst\videoos.datacollector.service.unittests\bin\x64\debug\net6.0-windows\videoos.datacollector.service.unittests.dll" id="17286508-494d-df5f-0ebd-96492dc6bfa2">
      <Execution id="163fee35-9a3c-4fd1-a9c3-0d2f77502232" />
      <TestMethod codeBase="D:\actions-runner\_work\XPCO\XPCO\AllSolutions\..\DataCollector\Service\tst\VideoOS.DataCollector.Service.UnitTests\bin\x64\Debug\net6.0-windows\VideoOS.DataCollector.Service.UnitTests.dll" adapterTypeName="executor://mstestadapter/v2" className="VideoOS.DataCollector.Service.UnitTests.CameraCounterRuleUnitTest" name="CameraCounterRule_Enforce_State_Change_ON_Recorder_Down" />
    </UnitTest>
    <UnitTest name="RuleConfigurationChangeEventHandler_Handle_DeleteRule_Default_Success" storage="d:\actions-runner\_work\xpco\xpco\allsolutions\..\datacollector\service\tst\videoos.datacollector.service.unittests\bin\x64\debug\net6.0-windows\videoos.datacollector.service.unittests.dll" id="51707cbc-1754-a50f-c462-13fcddfc865d">
      <Execution id="cc727eed-16ef-427a-bc54-a4f6c7227433" />
      <TestMethod codeBase="D:\actions-runner\_work\XPCO\XPCO\AllSolutions\..\DataCollector\Service\tst\VideoOS.DataCollector.Service.UnitTests\bin\x64\Debug\net6.0-windows\VideoOS.DataCollector.Service.UnitTests.dll" adapterTypeName="executor://mstestadapter/v2" className="VideoOS.DataCollector.Service.UnitTests.RuleConfigurationChangeEventHandlerTests" name="RuleConfigurationChangeEventHandler_Handle_DeleteRule_Default_Success" />
    </UnitTest>
    <UnitTest name="Create_ServiceAvailableRule_For_Recording_Server_With_State_Handler" storage="d:\actions-runner\_work\xpco\xpco\allsolutions\..\datacollector\service\tst\videoos.datacollector.service.unittests\bin\x64\debug\net6.0-windows\videoos.datacollector.service.unittests.dll" id="90d00d3c-5a17-5435-916a-8796d63151fb">
      <Execution id="20ea629e-b682-44d8-bd15-602e6b44cb14" />
      <TestMethod codeBase="D:\actions-runner\_work\XPCO\XPCO\AllSolutions\..\DataCollector\Service\tst\VideoOS.DataCollector.Service.UnitTests\bin\x64\Debug\net6.0-windows\VideoOS.DataCollector.Service.UnitTests.dll" adapterTypeName="executor://mstestadapter/v2" className="VideoOS.DataCollector.Service.UnitTests.ServiceAvailableRuleFactoryUnitTest" name="Create_ServiceAvailableRule_For_Recording_Server_With_State_Handler" />
    </UnitTest>
    <UnitTest name="GrpcProfile_Convert_PerformanceCounterInstance_To_gRPC (SingleInstance,AverageBase,SingleInstance,AverageBase)" storage="d:\actions-runner\_work\xpco\xpco\allsolutions\..\datacollector\service\tst\videoos.datacollector.service.unittests\bin\x64\debug\net6.0-windows\videoos.datacollector.service.unittests.dll" id="0a92acaa-237b-9010-da51-d3b6eebbfd99">
      <Execution id="9e7024d4-51fc-407b-99e7-d5820a491ab9" />
      <TestMethod codeBase="D:\actions-runner\_work\XPCO\XPCO\AllSolutions\..\DataCollector\Service\tst\VideoOS.DataCollector.Service.UnitTests\bin\x64\Debug\net6.0-windows\VideoOS.DataCollector.Service.UnitTests.dll" adapterTypeName="executor://mstestadapter/v2" className="VideoOS.DataCollector.Service.UnitTests.GrpcProfileTest" name="GrpcProfile_Convert_PerformanceCounterInstance_To_gRPC" />
    </UnitTest>
    <UnitTest name="GrpcProfile_Convert_PerformanceCounterInstance_From_gRPC (SingleInstance,SampleFraction,SingleInstance,SampleFraction)" storage="d:\actions-runner\_work\xpco\xpco\allsolutions\..\datacollector\service\tst\videoos.datacollector.service.unittests\bin\x64\debug\net6.0-windows\videoos.datacollector.service.unittests.dll" id="3b419f55-e93b-1d0e-5adb-d071b66960b5">
      <Execution id="f65ba3ca-2602-4062-9b2b-9c2e6f9c505b" />
      <TestMethod codeBase="D:\actions-runner\_work\XPCO\XPCO\AllSolutions\..\DataCollector\Service\tst\VideoOS.DataCollector.Service.UnitTests\bin\x64\Debug\net6.0-windows\VideoOS.DataCollector.Service.UnitTests.dll" adapterTypeName="executor://mstestadapter/v2" className="VideoOS.DataCollector.Service.UnitTests.GrpcProfileTest" name="GrpcProfile_Convert_PerformanceCounterInstance_From_gRPC" />
    </UnitTest>
    <UnitTest name="GrpcProfile_Convert_PerformanceCounterInstance_From_gRPC (SingleInstance,RateOfCountsPerSecond64,SingleInstance,RateOfCountsPerSecond64)" storage="d:\actions-runner\_work\xpco\xpco\allsolutions\..\datacollector\service\tst\videoos.datacollector.service.unittests\bin\x64\debug\net6.0-windows\videoos.datacollector.service.unittests.dll" id="dd0bf543-8588-64d8-5d95-f86fa3760bc1">
      <Execution id="b4f4db71-6064-4fb4-878b-812ba58d40bd" />
      <TestMethod codeBase="D:\actions-runner\_work\XPCO\XPCO\AllSolutions\..\DataCollector\Service\tst\VideoOS.DataCollector.Service.UnitTests\bin\x64\Debug\net6.0-windows\VideoOS.DataCollector.Service.UnitTests.dll" adapterTypeName="executor://mstestadapter/v2" className="VideoOS.DataCollector.Service.UnitTests.GrpcProfileTest" name="GrpcProfile_Convert_PerformanceCounterInstance_From_gRPC" />
    </UnitTest>
    <UnitTest name="TestNormalToWarning" storage="d:\actions-runner\_work\xpco\xpco\allsolutions\..\datacollector\service\tst\videoos.datacollector.service.unittests\bin\x64\debug\net6.0-windows\videoos.datacollector.service.unittests.dll" id="cd8b0a52-9793-956d-e372-f95eb99c5c07">
      <Execution id="a258ef81-84dd-4899-bf7e-9abe1690e275" />
      <TestMethod codeBase="D:\actions-runner\_work\XPCO\XPCO\AllSolutions\..\DataCollector\Service\tst\VideoOS.DataCollector.Service.UnitTests\bin\x64\Debug\net6.0-windows\VideoOS.DataCollector.Service.UnitTests.dll" adapterTypeName="executor://mstestadapter/v2" className="VideoOS.DataCollector.Service.UnitTests.CounterRuleTest" name="TestNormalToWarning" />
    </UnitTest>
    <UnitTest name="GrpcProfile_Convert_PerformanceCounterInstance_To_gRPC (SingleInstance,Timer100NsInverse,SingleInstance,Timer100NsInverse)" storage="d:\actions-runner\_work\xpco\xpco\allsolutions\..\datacollector\service\tst\videoos.datacollector.service.unittests\bin\x64\debug\net6.0-windows\videoos.datacollector.service.unittests.dll" id="d80fbf44-1a6a-2a2f-6d1c-978e3d12eeb6">
      <Execution id="4f8e7e1f-9ad5-46a2-a9c0-7bb61d3f6e5d" />
      <TestMethod codeBase="D:\actions-runner\_work\XPCO\XPCO\AllSolutions\..\DataCollector\Service\tst\VideoOS.DataCollector.Service.UnitTests\bin\x64\Debug\net6.0-windows\VideoOS.DataCollector.Service.UnitTests.dll" adapterTypeName="executor://mstestadapter/v2" className="VideoOS.DataCollector.Service.UnitTests.GrpcProfileTest" name="GrpcProfile_Convert_PerformanceCounterInstance_To_gRPC" />
    </UnitTest>
    <UnitTest name="GrpcProfile_Convert_PerformanceCounterInstance_To_gRPC (SingleInstance,AverageTimer32,SingleInstance,AverageTimer32)" storage="d:\actions-runner\_work\xpco\xpco\allsolutions\..\datacollector\service\tst\videoos.datacollector.service.unittests\bin\x64\debug\net6.0-windows\videoos.datacollector.service.unittests.dll" id="5b79a8f1-056f-95e5-e7fc-9f35e65639c0">
      <Execution id="6869d276-0aa4-4b09-a286-40f8ecca0b80" />
      <TestMethod codeBase="D:\actions-runner\_work\XPCO\XPCO\AllSolutions\..\DataCollector\Service\tst\VideoOS.DataCollector.Service.UnitTests\bin\x64\Debug\net6.0-windows\VideoOS.DataCollector.Service.UnitTests.dll" adapterTypeName="executor://mstestadapter/v2" className="VideoOS.DataCollector.Service.UnitTests.GrpcProfileTest" name="GrpcProfile_Convert_PerformanceCounterInstance_To_gRPC" />
    </UnitTest>
    <UnitTest name="GrpcProfile_Convert_PerformanceCounterInstance_From_gRPC (SingleInstance,NumberOfItemsHex64,SingleInstance,NumberOfItemsHEX64)" storage="d:\actions-runner\_work\xpco\xpco\allsolutions\..\datacollector\service\tst\videoos.datacollector.service.unittests\bin\x64\debug\net6.0-windows\videoos.datacollector.service.unittests.dll" id="9e94664e-1aa4-f1f5-c169-2b1dfa809ec5">
      <Execution id="a4aa9bef-d149-4a7e-8166-fcdbf70c63b6" />
      <TestMethod codeBase="D:\actions-runner\_work\XPCO\XPCO\AllSolutions\..\DataCollector\Service\tst\VideoOS.DataCollector.Service.UnitTests\bin\x64\Debug\net6.0-windows\VideoOS.DataCollector.Service.UnitTests.dll" adapterTypeName="executor://mstestadapter/v2" className="VideoOS.DataCollector.Service.UnitTests.GrpcProfileTest" name="GrpcProfile_Convert_PerformanceCounterInstance_From_gRPC" />
    </UnitTest>
    <UnitTest name="Handle_ExceptionCaughtAndReturnedAsResponse" storage="d:\actions-runner\_work\xpco\xpco\allsolutions\..\datacollector\service\tst\videoos.datacollector.service.unittests\bin\x64\debug\net6.0-windows\videoos.datacollector.service.unittests.dll" id="cb8513ef-d253-8f8d-c8ca-038ef0c934ab">
      <Execution id="1e289c4d-a85d-4431-9873-f42b55099488" />
      <TestMethod codeBase="D:\actions-runner\_work\XPCO\XPCO\AllSolutions\..\DataCollector\Service\tst\VideoOS.DataCollector.Service.UnitTests\bin\x64\Debug\net6.0-windows\VideoOS.DataCollector.Service.UnitTests.dll" adapterTypeName="executor://mstestadapter/v2" className="VideoOS.DataCollector.Service.UnitTests.Common.Behaviours.RetryBehaviourUnitTest" name="Handle_ExceptionCaughtAndReturnedAsResponse" />
    </UnitTest>
    <UnitTest name="MultiCounterRule_RegisterPerformanceCounterInstance_RegisterSame_NoRegistration" storage="d:\actions-runner\_work\xpco\xpco\allsolutions\..\datacollector\service\tst\videoos.datacollector.service.unittests\bin\x64\debug\net6.0-windows\videoos.datacollector.service.unittests.dll" id="373036f4-7342-2e4f-6d71-bdbf33c5b337">
      <Execution id="a43f5652-477d-4f34-9ccc-0310b7630c2d" />
      <TestMethod codeBase="D:\actions-runner\_work\XPCO\XPCO\AllSolutions\..\DataCollector\Service\tst\VideoOS.DataCollector.Service.UnitTests\bin\x64\Debug\net6.0-windows\VideoOS.DataCollector.Service.UnitTests.dll" adapterTypeName="executor://mstestadapter/v2" className="VideoOS.DataCollector.Service.UnitTests.Rules.MultiCounterRuleTest" name="MultiCounterRule_RegisterPerformanceCounterInstance_RegisterSame_NoRegistration" />
    </UnitTest>
    <UnitTest name="GrpcProfile_Convert_PerformanceCounterInstance_From_gRPC (SingleInstance,CounterMultiBase,SingleInstance,CounterMultiBase)" storage="d:\actions-runner\_work\xpco\xpco\allsolutions\..\datacollector\service\tst\videoos.datacollector.service.unittests\bin\x64\debug\net6.0-windows\videoos.datacollector.service.unittests.dll" id="09a4dd5a-4bf9-562c-1006-1590b5153f1a">
      <Execution id="3fbdbbe9-194e-4454-8212-6c8528bf9183" />
      <TestMethod codeBase="D:\actions-runner\_work\XPCO\XPCO\AllSolutions\..\DataCollector\Service\tst\VideoOS.DataCollector.Service.UnitTests\bin\x64\Debug\net6.0-windows\VideoOS.DataCollector.Service.UnitTests.dll" adapterTypeName="executor://mstestadapter/v2" className="VideoOS.DataCollector.Service.UnitTests.GrpcProfileTest" name="GrpcProfile_Convert_PerformanceCounterInstance_From_gRPC" />
    </UnitTest>
    <UnitTest name="RefreshRuleConfigurationEventHandler_Construct_Success" storage="d:\actions-runner\_work\xpco\xpco\allsolutions\..\datacollector\service\tst\videoos.datacollector.service.unittests\bin\x64\debug\net6.0-windows\videoos.datacollector.service.unittests.dll" id="2496d861-0a7e-d2ae-5fb7-46627f34e933">
      <Execution id="09a48e7b-1a7a-4674-b74d-299c8acf0312" />
      <TestMethod codeBase="D:\actions-runner\_work\XPCO\XPCO\AllSolutions\..\DataCollector\Service\tst\VideoOS.DataCollector.Service.UnitTests\bin\x64\Debug\net6.0-windows\VideoOS.DataCollector.Service.UnitTests.dll" adapterTypeName="executor://mstestadapter/v2" className="VideoOS.DataCollector.Service.UnitTests.CounterState.RefreshRuleConfigurationEventHandlerTests" name="RefreshRuleConfigurationEventHandler_Construct_Success" />
    </UnitTest>
    <UnitTest name="ServiceAvailableRule_Sends_State_Changes_When_Management_Server_Is_Down" storage="d:\actions-runner\_work\xpco\xpco\allsolutions\..\datacollector\service\tst\videoos.datacollector.service.unittests\bin\x64\debug\net6.0-windows\videoos.datacollector.service.unittests.dll" id="139433f1-14bb-597a-2547-28af946a96f4">
      <Execution id="2369c4c8-fa5e-44b0-adbd-4d8c607d7e7c" />
      <TestMethod codeBase="D:\actions-runner\_work\XPCO\XPCO\AllSolutions\..\DataCollector\Service\tst\VideoOS.DataCollector.Service.UnitTests\bin\x64\Debug\net6.0-windows\VideoOS.DataCollector.Service.UnitTests.dll" adapterTypeName="executor://mstestadapter/v2" className="VideoOS.DataCollector.Service.UnitTests.ServiceAvailableRuleUnitTest" name="ServiceAvailableRule_Sends_State_Changes_When_Management_Server_Is_Down" />
    </UnitTest>
    <UnitTest name="GrpcProfile_Convert_PerformanceCounterInstance_From_gRPC (SingleInstance,AverageCount64,SingleInstance,AverageCount64)" storage="d:\actions-runner\_work\xpco\xpco\allsolutions\..\datacollector\service\tst\videoos.datacollector.service.unittests\bin\x64\debug\net6.0-windows\videoos.datacollector.service.unittests.dll" id="a8c107af-3352-df4a-728f-4c5ddc42080f">
      <Execution id="bb3c5ce8-b160-40f6-a3fa-98f73b1a4226" />
      <TestMethod codeBase="D:\actions-runner\_work\XPCO\XPCO\AllSolutions\..\DataCollector\Service\tst\VideoOS.DataCollector.Service.UnitTests\bin\x64\Debug\net6.0-windows\VideoOS.DataCollector.Service.UnitTests.dll" adapterTypeName="executor://mstestadapter/v2" className="VideoOS.DataCollector.Service.UnitTests.GrpcProfileTest" name="GrpcProfile_Convert_PerformanceCounterInstance_From_gRPC" />
    </UnitTest>
    <UnitTest name="GrpcProfile_Convert_PerformanceCounterInstance_To_gRPC (SingleInstance,Timer100Ns,SingleInstance,Timer100Ns)" storage="d:\actions-runner\_work\xpco\xpco\allsolutions\..\datacollector\service\tst\videoos.datacollector.service.unittests\bin\x64\debug\net6.0-windows\videoos.datacollector.service.unittests.dll" id="a07db3a2-dced-b2c8-29d6-d33928641529">
      <Execution id="a44b811b-7fca-43cc-95f3-a0ee9dff27bb" />
      <TestMethod codeBase="D:\actions-runner\_work\XPCO\XPCO\AllSolutions\..\DataCollector\Service\tst\VideoOS.DataCollector.Service.UnitTests\bin\x64\Debug\net6.0-windows\VideoOS.DataCollector.Service.UnitTests.dll" adapterTypeName="executor://mstestadapter/v2" className="VideoOS.DataCollector.Service.UnitTests.GrpcProfileTest" name="GrpcProfile_Convert_PerformanceCounterInstance_To_gRPC" />
    </UnitTest>
    <UnitTest name="GetState_ShouldBeWarning_OnCurrentCriticalAndValueAboveThresholdLatency" storage="d:\actions-runner\_work\xpco\xpco\allsolutions\..\datacollector\service\tst\videoos.datacollector.service.unittests\bin\x64\debug\net6.0-windows\videoos.datacollector.service.unittests.dll" id="746b6909-3c6e-0d84-2e74-f3abfa52daa4">
      <Execution id="19504690-6b40-4559-bebb-c945f2311312" />
      <TestMethod codeBase="D:\actions-runner\_work\XPCO\XPCO\AllSolutions\..\DataCollector\Service\tst\VideoOS.DataCollector.Service.UnitTests\bin\x64\Debug\net6.0-windows\VideoOS.DataCollector.Service.UnitTests.dll" adapterTypeName="executor://mstestadapter/v2" className="VideoOS.DataCollector.Service.UnitTests.CounterRuleTest" name="GetState_ShouldBeWarning_OnCurrentCriticalAndValueAboveThresholdLatency" />
    </UnitTest>
    <UnitTest name="CollectPerformanceCounter_Publish_Success" storage="d:\actions-runner\_work\xpco\xpco\allsolutions\..\datacollector\service\tst\videoos.datacollector.service.unittests\bin\x64\debug\net6.0-windows\videoos.datacollector.service.unittests.dll" id="1d9c3ea7-5e42-64d7-db55-99f408b9a03c">
      <Execution id="b85a8250-cc87-4ab5-af0b-882aa95a6b00" />
      <TestMethod codeBase="D:\actions-runner\_work\XPCO\XPCO\AllSolutions\..\DataCollector\Service\tst\VideoOS.DataCollector.Service.UnitTests\bin\x64\Debug\net6.0-windows\VideoOS.DataCollector.Service.UnitTests.dll" adapterTypeName="executor://mstestadapter/v2" className="VideoOS.DataCollector.Service.UnitTests.Services.CollectPerformanceCounterTests" name="CollectPerformanceCounter_Publish_Success" />
    </UnitTest>
    <UnitTest name="CollectPerformanceCounter_Publish_UnSuccess" storage="d:\actions-runner\_work\xpco\xpco\allsolutions\..\datacollector\service\tst\videoos.datacollector.service.unittests\bin\x64\debug\net6.0-windows\videoos.datacollector.service.unittests.dll" id="0d55939e-09c9-ad9a-4e63-d7508536a51e">
      <Execution id="8a004ef4-4eb4-46c9-b28d-d8e788ee2b0a" />
      <TestMethod codeBase="D:\actions-runner\_work\XPCO\XPCO\AllSolutions\..\DataCollector\Service\tst\VideoOS.DataCollector.Service.UnitTests\bin\x64\Debug\net6.0-windows\VideoOS.DataCollector.Service.UnitTests.dll" adapterTypeName="executor://mstestadapter/v2" className="VideoOS.DataCollector.Service.UnitTests.Services.CollectPerformanceCounterTests" name="CollectPerformanceCounter_Publish_UnSuccess" />
    </UnitTest>
    <UnitTest name="LoggingBehaviour_Handle_InformationIsLogged" storage="d:\actions-runner\_work\xpco\xpco\allsolutions\..\datacollector\service\tst\videoos.datacollector.service.unittests\bin\x64\debug\net6.0-windows\videoos.datacollector.service.unittests.dll" id="d8af3955-1959-3197-37fa-1fadbfaa5e1b">
      <Execution id="29d9e82e-7cb5-4521-82dd-c05e39ba75c3" />
      <TestMethod codeBase="D:\actions-runner\_work\XPCO\XPCO\AllSolutions\..\DataCollector\Service\tst\VideoOS.DataCollector.Service.UnitTests\bin\x64\Debug\net6.0-windows\VideoOS.DataCollector.Service.UnitTests.dll" adapterTypeName="executor://mstestadapter/v2" className="VideoOS.DataCollector.Service.UnitTests.Common.Behaviours.LoggingBehaviourUnitTest" name="LoggingBehaviour_Handle_InformationIsLogged" />
    </UnitTest>
    <UnitTest name="TestGetSampleCounterNotFound" storage="d:\actions-runner\_work\xpco\xpco\allsolutions\..\datacollector\service\tst\videoos.datacollector.service.unittests\bin\x64\debug\net6.0-windows\videoos.datacollector.service.unittests.dll" id="ef59779a-d069-c0d9-0ab2-d8a0d9346466">
      <Execution id="99d0953f-06f3-4fcb-b090-1118f2c6e66b" />
      <TestMethod codeBase="D:\actions-runner\_work\XPCO\XPCO\AllSolutions\..\DataCollector\Service\tst\VideoOS.DataCollector.Service.UnitTests\bin\x64\Debug\net6.0-windows\VideoOS.DataCollector.Service.UnitTests.dll" adapterTypeName="executor://mstestadapter/v2" className="VideoOS.DataCollector.Service.UnitTests.PerformanceCounterReaderTest" name="TestGetSampleCounterNotFound" />
    </UnitTest>
    <UnitTest name="StateSenderService_ExecuteAsync_StateChangeData_Success" storage="d:\actions-runner\_work\xpco\xpco\allsolutions\..\datacollector\service\tst\videoos.datacollector.service.unittests\bin\x64\debug\net6.0-windows\videoos.datacollector.service.unittests.dll" id="94710dae-71e3-f97c-7af2-0bd9ab8f45ff">
      <Execution id="582a42b0-b7ad-4e0c-b0a0-2765203f7c04" />
      <TestMethod codeBase="D:\actions-runner\_work\XPCO\XPCO\AllSolutions\..\DataCollector\Service\tst\VideoOS.DataCollector.Service.UnitTests\bin\x64\Debug\net6.0-windows\VideoOS.DataCollector.Service.UnitTests.dll" adapterTypeName="executor://mstestadapter/v2" className="VideoOS.DataCollector.Service.UnitTests.Services.StateSenderServiceTests" name="StateSenderService_ExecuteAsync_StateChangeData_Success" />
    </UnitTest>
    <UnitTest name="AddPerformanceCounterDataWithConfigRefreshServerCommandHandler_Handle_Success" storage="d:\actions-runner\_work\xpco\xpco\allsolutions\..\datacollector\service\tst\videoos.datacollector.service.unittests\bin\x64\debug\net6.0-windows\videoos.datacollector.service.unittests.dll" id="7eabb075-ff83-f5cd-546c-65e688fd5d4e">
      <Execution id="e01c4fcd-80b4-440a-8334-2eb3af3a91eb" />
      <TestMethod codeBase="D:\actions-runner\_work\XPCO\XPCO\AllSolutions\..\DataCollector\Service\tst\VideoOS.DataCollector.Service.UnitTests\bin\x64\Debug\net6.0-windows\VideoOS.DataCollector.Service.UnitTests.dll" adapterTypeName="executor://mstestadapter/v2" className="VideoOS.DataCollector.Service.UnitTests.PerfCounterConfiguration.Refresh.EventHandlers.RefreshActivePerformanceCounters.AddPerformanceCounterDataWithConfigRefreshServerCommandTests" name="AddPerformanceCounterDataWithConfigRefreshServerCommandHandler_Handle_Success" />
    </UnitTest>
    <UnitTest name="Create_StateHandler_TriggerValue_Is_Not_triggerPerValue_Creates_StatePerValueHandler" storage="d:\actions-runner\_work\xpco\xpco\allsolutions\..\datacollector\service\tst\videoos.datacollector.service.unittests\bin\x64\debug\net6.0-windows\videoos.datacollector.service.unittests.dll" id="36b559f5-8398-d86d-0a3a-91c8fe91f990">
      <Execution id="c30e9cc4-a97a-4895-a32c-bc28cd204bca" />
      <TestMethod codeBase="D:\actions-runner\_work\XPCO\XPCO\AllSolutions\..\DataCollector\Service\tst\VideoOS.DataCollector.Service.UnitTests\bin\x64\Debug\net6.0-windows\VideoOS.DataCollector.Service.UnitTests.dll" adapterTypeName="executor://mstestadapter/v2" className="VideoOS.DataCollector.Service.UnitTests.StateHandlers.StateHandlerFactoryTest" name="Create_StateHandler_TriggerValue_Is_Not_triggerPerValue_Creates_StatePerValueHandler" />
    </UnitTest>
    <UnitTest name="GrpcProfile_Convert_PerformanceCounterInstance_From_gRPC (SingleInstance,CounterMultiTimerInverse,SingleInstance,CounterMultiTimerInverse)" storage="d:\actions-runner\_work\xpco\xpco\allsolutions\..\datacollector\service\tst\videoos.datacollector.service.unittests\bin\x64\debug\net6.0-windows\videoos.datacollector.service.unittests.dll" id="e4c42926-42ae-b6a7-8938-185ff57f96ce">
      <Execution id="9135d120-e9b2-4fab-8361-efc015043df3" />
      <TestMethod codeBase="D:\actions-runner\_work\XPCO\XPCO\AllSolutions\..\DataCollector\Service\tst\VideoOS.DataCollector.Service.UnitTests\bin\x64\Debug\net6.0-windows\VideoOS.DataCollector.Service.UnitTests.dll" adapterTypeName="executor://mstestadapter/v2" className="VideoOS.DataCollector.Service.UnitTests.GrpcProfileTest" name="GrpcProfile_Convert_PerformanceCounterInstance_From_gRPC" />
    </UnitTest>
    <UnitTest name="RuleConfigurationChangeEventHandler_Handle_UpdateRule_Default_Success" storage="d:\actions-runner\_work\xpco\xpco\allsolutions\..\datacollector\service\tst\videoos.datacollector.service.unittests\bin\x64\debug\net6.0-windows\videoos.datacollector.service.unittests.dll" id="042a5e53-8165-ed7f-c2f5-93ab16a213e4">
      <Execution id="bfea2808-2fb7-458c-ab07-4079bd7409e4" />
      <TestMethod codeBase="D:\actions-runner\_work\XPCO\XPCO\AllSolutions\..\DataCollector\Service\tst\VideoOS.DataCollector.Service.UnitTests\bin\x64\Debug\net6.0-windows\VideoOS.DataCollector.Service.UnitTests.dll" adapterTypeName="executor://mstestadapter/v2" className="VideoOS.DataCollector.Service.UnitTests.RuleConfigurationChangeEventHandlerTests" name="RuleConfigurationChangeEventHandler_Handle_UpdateRule_Default_Success" />
    </UnitTest>
    <UnitTest name="MultiCounterRule_ResetState" storage="d:\actions-runner\_work\xpco\xpco\allsolutions\..\datacollector\service\tst\videoos.datacollector.service.unittests\bin\x64\debug\net6.0-windows\videoos.datacollector.service.unittests.dll" id="6bf0a02e-004a-8c82-9e6d-67d9a5184011">
      <Execution id="a3b1f5f7-af2a-4bba-9c91-4a5bd0eefec3" />
      <TestMethod codeBase="D:\actions-runner\_work\XPCO\XPCO\AllSolutions\..\DataCollector\Service\tst\VideoOS.DataCollector.Service.UnitTests\bin\x64\Debug\net6.0-windows\VideoOS.DataCollector.Service.UnitTests.dll" adapterTypeName="executor://mstestadapter/v2" className="VideoOS.DataCollector.Service.UnitTests.Rules.MultiCounterRuleTest" name="MultiCounterRule_ResetState" />
    </UnitTest>
    <UnitTest name="Handle_RuleConfigurationNotEmpty_EventPublished" storage="d:\actions-runner\_work\xpco\xpco\allsolutions\..\datacollector\service\tst\videoos.datacollector.service.unittests\bin\x64\debug\net6.0-windows\videoos.datacollector.service.unittests.dll" id="59bfeec6-7245-f81a-3c33-386829388bc3">
      <Execution id="469d51dd-dbec-45d6-9519-b238237cb9f0" />
      <TestMethod codeBase="D:\actions-runner\_work\XPCO\XPCO\AllSolutions\..\DataCollector\Service\tst\VideoOS.DataCollector.Service.UnitTests\bin\x64\Debug\net6.0-windows\VideoOS.DataCollector.Service.UnitTests.dll" adapterTypeName="executor://mstestadapter/v2" className="VideoOS.DataCollector.Service.UnitTests.Rule.RuleConfiguration.Queries.GetRuleConfigurationServerQueryTests" name="Handle_RuleConfigurationNotEmpty_EventPublished" />
    </UnitTest>
    <UnitTest name="ConfigurationRefreshService_ExecuteAsync_Publish_Success" storage="d:\actions-runner\_work\xpco\xpco\allsolutions\..\datacollector\service\tst\videoos.datacollector.service.unittests\bin\x64\debug\net6.0-windows\videoos.datacollector.service.unittests.dll" id="8724891d-a3de-bc9f-bddf-a6e41d5fb0b7">
      <Execution id="3941fab4-abc4-4b48-962d-876a350e9a66" />
      <TestMethod codeBase="D:\actions-runner\_work\XPCO\XPCO\AllSolutions\..\DataCollector\Service\tst\VideoOS.DataCollector.Service.UnitTests\bin\x64\Debug\net6.0-windows\VideoOS.DataCollector.Service.UnitTests.dll" adapterTypeName="executor://mstestadapter/v2" className="VideoOS.DataCollector.Service.UnitTests.Services.ConfigurationRefreshServiceTests" name="ConfigurationRefreshService_ExecuteAsync_Publish_Success" />
    </UnitTest>
    <UnitTest name="Handle_RetryMultipleTimes_ExceptionsReturnedAsResponse" storage="d:\actions-runner\_work\xpco\xpco\allsolutions\..\datacollector\service\tst\videoos.datacollector.service.unittests\bin\x64\debug\net6.0-windows\videoos.datacollector.service.unittests.dll" id="050900e9-d020-3c80-737a-afef16311f06">
      <Execution id="de40c6b7-a34d-4589-9548-9de2a63a3cbf" />
      <TestMethod codeBase="D:\actions-runner\_work\XPCO\XPCO\AllSolutions\..\DataCollector\Service\tst\VideoOS.DataCollector.Service.UnitTests\bin\x64\Debug\net6.0-windows\VideoOS.DataCollector.Service.UnitTests.dll" adapterTypeName="executor://mstestadapter/v2" className="VideoOS.DataCollector.Service.UnitTests.Common.Behaviours.RetryBehaviourUnitTest" name="Handle_RetryMultipleTimes_ExceptionsReturnedAsResponse" />
    </UnitTest>
    <UnitTest name="MultiCounterRule_UnRegisterPerformanceCounterInstance_performanceCounterInstancePath_NullCheck" storage="d:\actions-runner\_work\xpco\xpco\allsolutions\..\datacollector\service\tst\videoos.datacollector.service.unittests\bin\x64\debug\net6.0-windows\videoos.datacollector.service.unittests.dll" id="91a7071d-6cde-a83f-1943-144c4bda1c81">
      <Execution id="b1187511-c7a7-465f-8aee-46319b71063f" />
      <TestMethod codeBase="D:\actions-runner\_work\XPCO\XPCO\AllSolutions\..\DataCollector\Service\tst\VideoOS.DataCollector.Service.UnitTests\bin\x64\Debug\net6.0-windows\VideoOS.DataCollector.Service.UnitTests.dll" adapterTypeName="executor://mstestadapter/v2" className="VideoOS.DataCollector.Service.UnitTests.Rules.MultiCounterRuleTest" name="MultiCounterRule_UnRegisterPerformanceCounterInstance_performanceCounterInstancePath_NullCheck" />
    </UnitTest>
    <UnitTest name="GrpcProfile_Convert_PerformanceCounterInstance_To_gRPC (SingleInstance,CountPerTimeInterval32,SingleInstance,CountPerTimeInterval32)" storage="d:\actions-runner\_work\xpco\xpco\allsolutions\..\datacollector\service\tst\videoos.datacollector.service.unittests\bin\x64\debug\net6.0-windows\videoos.datacollector.service.unittests.dll" id="471ffcc3-efc9-aca3-7a59-8e2bb0d7ea49">
      <Execution id="d6434fe5-99b0-4669-8a2e-e55a2afc25be" />
      <TestMethod codeBase="D:\actions-runner\_work\XPCO\XPCO\AllSolutions\..\DataCollector\Service\tst\VideoOS.DataCollector.Service.UnitTests\bin\x64\Debug\net6.0-windows\VideoOS.DataCollector.Service.UnitTests.dll" adapterTypeName="executor://mstestadapter/v2" className="VideoOS.DataCollector.Service.UnitTests.GrpcProfileTest" name="GrpcProfile_Convert_PerformanceCounterInstance_To_gRPC" />
    </UnitTest>
    <UnitTest name="StatePerValue_TestAddCounterValue" storage="d:\actions-runner\_work\xpco\xpco\allsolutions\..\datacollector\service\tst\videoos.datacollector.service.unittests\bin\x64\debug\net6.0-windows\videoos.datacollector.service.unittests.dll" id="99edfc35-2f96-0b90-4d4a-6309cd5e3ffe">
      <Execution id="ddd0e11f-f2c3-4833-a7c0-85ccba763494" />
      <TestMethod codeBase="D:\actions-runner\_work\XPCO\XPCO\AllSolutions\..\DataCollector\Service\tst\VideoOS.DataCollector.Service.UnitTests\bin\x64\Debug\net6.0-windows\VideoOS.DataCollector.Service.UnitTests.dll" adapterTypeName="executor://mstestadapter/v2" className="VideoOS.DataCollector.Service.UnitTests.StatePerValueHandlerTest" name="StatePerValue_TestAddCounterValue" />
    </UnitTest>
    <UnitTest name="GrpcProfile_Convert_PerformanceCounterInstance_To_gRPC (SingleInstance,NumberOfItemsHex32,SingleInstance,NumberOfItemsHEX32)" storage="d:\actions-runner\_work\xpco\xpco\allsolutions\..\datacollector\service\tst\videoos.datacollector.service.unittests\bin\x64\debug\net6.0-windows\videoos.datacollector.service.unittests.dll" id="aa5e2281-3afb-ed7c-2886-9ddf322db0bb">
      <Execution id="a0a59139-3d83-4553-a903-09b9216c32f1" />
      <TestMethod codeBase="D:\actions-runner\_work\XPCO\XPCO\AllSolutions\..\DataCollector\Service\tst\VideoOS.DataCollector.Service.UnitTests\bin\x64\Debug\net6.0-windows\VideoOS.DataCollector.Service.UnitTests.dll" adapterTypeName="executor://mstestadapter/v2" className="VideoOS.DataCollector.Service.UnitTests.GrpcProfileTest" name="GrpcProfile_Convert_PerformanceCounterInstance_To_gRPC" />
    </UnitTest>
    <UnitTest name="GrpcProfile_Convert_PerformanceCounterInstance_From_gRPC (SingleInstance,CounterDelta64,SingleInstance,CounterDelta64)" storage="d:\actions-runner\_work\xpco\xpco\allsolutions\..\datacollector\service\tst\videoos.datacollector.service.unittests\bin\x64\debug\net6.0-windows\videoos.datacollector.service.unittests.dll" id="78604b2c-a311-579e-e7c2-9e0672f7ec49">
      <Execution id="46f9a0f2-6abc-4b6b-be12-8ae8eb9f2bc5" />
      <TestMethod codeBase="D:\actions-runner\_work\XPCO\XPCO\AllSolutions\..\DataCollector\Service\tst\VideoOS.DataCollector.Service.UnitTests\bin\x64\Debug\net6.0-windows\VideoOS.DataCollector.Service.UnitTests.dll" adapterTypeName="executor://mstestadapter/v2" className="VideoOS.DataCollector.Service.UnitTests.GrpcProfileTest" name="GrpcProfile_Convert_PerformanceCounterInstance_From_gRPC" />
    </UnitTest>
    <UnitTest name="RegisterServiceApplicationsService_GetOrAddDataCollectorIdAsync_Send_Success" storage="d:\actions-runner\_work\xpco\xpco\allsolutions\..\datacollector\service\tst\videoos.datacollector.service.unittests\bin\x64\debug\net6.0-windows\videoos.datacollector.service.unittests.dll" id="3fd0b113-a622-e2d1-9fcf-6a446896efbf">
      <Execution id="9c651bdb-d148-4e35-8843-1dc9d3fc8a2d" />
      <TestMethod codeBase="D:\actions-runner\_work\XPCO\XPCO\AllSolutions\..\DataCollector\Service\tst\VideoOS.DataCollector.Service.UnitTests\bin\x64\Debug\net6.0-windows\VideoOS.DataCollector.Service.UnitTests.dll" adapterTypeName="executor://mstestadapter/v2" className="VideoOS.DataCollector.Service.UnitTests.Services.RegisterServiceApplicationsServiceTests" name="RegisterServiceApplicationsService_GetOrAddDataCollectorIdAsync_Send_Success" />
    </UnitTest>
    <UnitTest name="GrpcProfile_Convert_PerformanceCounterInstance_From_gRPC (SingleInstance,NumberOfItemsHex32,SingleInstance,NumberOfItemsHEX32)" storage="d:\actions-runner\_work\xpco\xpco\allsolutions\..\datacollector\service\tst\videoos.datacollector.service.unittests\bin\x64\debug\net6.0-windows\videoos.datacollector.service.unittests.dll" id="3a40255c-2ed2-6fd7-2c13-00bcb12423ef">
      <Execution id="2954dc3c-396b-4c06-89bd-79325b55b9cc" />
      <TestMethod codeBase="D:\actions-runner\_work\XPCO\XPCO\AllSolutions\..\DataCollector\Service\tst\VideoOS.DataCollector.Service.UnitTests\bin\x64\Debug\net6.0-windows\VideoOS.DataCollector.Service.UnitTests.dll" adapterTypeName="executor://mstestadapter/v2" className="VideoOS.DataCollector.Service.UnitTests.GrpcProfileTest" name="GrpcProfile_Convert_PerformanceCounterInstance_From_gRPC" />
    </UnitTest>
    <UnitTest name="GrpcProfile_Convert_PerformanceCounterInstance_To_gRPC (SingleInstance,CounterMultiBase,SingleInstance,CounterMultiBase)" storage="d:\actions-runner\_work\xpco\xpco\allsolutions\..\datacollector\service\tst\videoos.datacollector.service.unittests\bin\x64\debug\net6.0-windows\videoos.datacollector.service.unittests.dll" id="3fc1a07a-70e5-da81-03c5-8db3f80bd9b9">
      <Execution id="9e828410-01b8-4265-af66-2754da521c30" />
      <TestMethod codeBase="D:\actions-runner\_work\XPCO\XPCO\AllSolutions\..\DataCollector\Service\tst\VideoOS.DataCollector.Service.UnitTests\bin\x64\Debug\net6.0-windows\VideoOS.DataCollector.Service.UnitTests.dll" adapterTypeName="executor://mstestadapter/v2" className="VideoOS.DataCollector.Service.UnitTests.GrpcProfileTest" name="GrpcProfile_Convert_PerformanceCounterInstance_To_gRPC" />
    </UnitTest>
    <UnitTest name="PerformanceCounterInstancesService_CategoryType_is_NotMultiInstanc_InstanceName_IsNullOrEmpty_different_instanceNames" storage="d:\actions-runner\_work\xpco\xpco\allsolutions\..\datacollector\service\tst\videoos.datacollector.service.unittests\bin\x64\debug\net6.0-windows\videoos.datacollector.service.unittests.dll" id="7ec75eb2-96db-bb40-1a70-8f9387bcf4e8">
      <Execution id="42abd1e8-be90-40f0-8577-b26dac479793" />
      <TestMethod codeBase="D:\actions-runner\_work\XPCO\XPCO\AllSolutions\..\DataCollector\Service\tst\VideoOS.DataCollector.Service.UnitTests\bin\x64\Debug\net6.0-windows\VideoOS.DataCollector.Service.UnitTests.dll" adapterTypeName="executor://mstestadapter/v2" className="VideoOS.DataCollector.Service.UnitTests.Services.PerformanceCounterInstancesServiceTests" name="PerformanceCounterInstancesService_CategoryType_is_NotMultiInstanc_InstanceName_IsNullOrEmpty_different_instanceNames" />
    </UnitTest>
    <UnitTest name="GrpcProfile_Convert_PerformanceCounterInstance_To_gRPC (SingleInstance,AverageCount64,SingleInstance,AverageCount64)" storage="d:\actions-runner\_work\xpco\xpco\allsolutions\..\datacollector\service\tst\videoos.datacollector.service.unittests\bin\x64\debug\net6.0-windows\videoos.datacollector.service.unittests.dll" id="dd36d99d-3b27-213e-65da-dde1af73ed6f">
      <Execution id="402dd9f3-1de8-4cc2-9dfb-4a4df7ff3a68" />
      <TestMethod codeBase="D:\actions-runner\_work\XPCO\XPCO\AllSolutions\..\DataCollector\Service\tst\VideoOS.DataCollector.Service.UnitTests\bin\x64\Debug\net6.0-windows\VideoOS.DataCollector.Service.UnitTests.dll" adapterTypeName="executor://mstestadapter/v2" className="VideoOS.DataCollector.Service.UnitTests.GrpcProfileTest" name="GrpcProfile_Convert_PerformanceCounterInstance_To_gRPC" />
    </UnitTest>
    <UnitTest name="MultiCounterRule_AddStateChanged_SameStateAsLast_NoStateChangeSend" storage="d:\actions-runner\_work\xpco\xpco\allsolutions\..\datacollector\service\tst\videoos.datacollector.service.unittests\bin\x64\debug\net6.0-windows\videoos.datacollector.service.unittests.dll" id="f4b5a181-239f-ba4f-6479-f6f8983ad878">
      <Execution id="f62d4ddb-9a54-4479-9a69-d5d0a6614182" />
      <TestMethod codeBase="D:\actions-runner\_work\XPCO\XPCO\AllSolutions\..\DataCollector\Service\tst\VideoOS.DataCollector.Service.UnitTests\bin\x64\Debug\net6.0-windows\VideoOS.DataCollector.Service.UnitTests.dll" adapterTypeName="executor://mstestadapter/v2" className="VideoOS.DataCollector.Service.UnitTests.Rules.MultiCounterRuleTest" name="MultiCounterRule_AddStateChanged_SameStateAsLast_NoStateChangeSend" />
    </UnitTest>
    <UnitTest name="TestCreatePerformanceCounterReader" storage="d:\actions-runner\_work\xpco\xpco\allsolutions\..\datacollector\service\tst\videoos.datacollector.service.unittests\bin\x64\debug\net6.0-windows\videoos.datacollector.service.unittests.dll" id="4d29305b-5fa7-d7aa-a128-fa58b9004e5d">
      <Execution id="63330c37-9ab1-49ef-a67c-1eecaf96d54e" />
      <TestMethod codeBase="D:\actions-runner\_work\XPCO\XPCO\AllSolutions\..\DataCollector\Service\tst\VideoOS.DataCollector.Service.UnitTests\bin\x64\Debug\net6.0-windows\VideoOS.DataCollector.Service.UnitTests.dll" adapterTypeName="executor://mstestadapter/v2" className="VideoOS.DataCollector.Service.UnitTests.PerformanceCounterReaderTest" name="TestCreatePerformanceCounterReader" />
    </UnitTest>
    <UnitTest name="GrpcProfile_Convert_PerformanceCounterInstance_To_gRPC (SingleInstance,NumberOfItems32,SingleInstance,NumberOfItems32)" storage="d:\actions-runner\_work\xpco\xpco\allsolutions\..\datacollector\service\tst\videoos.datacollector.service.unittests\bin\x64\debug\net6.0-windows\videoos.datacollector.service.unittests.dll" id="cdb86832-64e6-236f-44cb-7c8df3c7157e">
      <Execution id="da603c69-c953-4657-97d9-518dee0e7a03" />
      <TestMethod codeBase="D:\actions-runner\_work\XPCO\XPCO\AllSolutions\..\DataCollector\Service\tst\VideoOS.DataCollector.Service.UnitTests\bin\x64\Debug\net6.0-windows\VideoOS.DataCollector.Service.UnitTests.dll" adapterTypeName="executor://mstestadapter/v2" className="VideoOS.DataCollector.Service.UnitTests.GrpcProfileTest" name="GrpcProfile_Convert_PerformanceCounterInstance_To_gRPC" />
    </UnitTest>
    <UnitTest name="Create_Memory_Counter_Rule_As_CounterRule" storage="d:\actions-runner\_work\xpco\xpco\allsolutions\..\datacollector\service\tst\videoos.datacollector.service.unittests\bin\x64\debug\net6.0-windows\videoos.datacollector.service.unittests.dll" id="01774bf6-791d-98de-0a36-e129c4b4d38a">
      <Execution id="d04dd5ad-f66c-463e-9909-8f675781968a" />
      <TestMethod codeBase="D:\actions-runner\_work\XPCO\XPCO\AllSolutions\..\DataCollector\Service\tst\VideoOS.DataCollector.Service.UnitTests\bin\x64\Debug\net6.0-windows\VideoOS.DataCollector.Service.UnitTests.dll" adapterTypeName="executor://mstestadapter/v2" className="VideoOS.DataCollector.Service.UnitTests.CounterRuleFactoryUnitTest" name="Create_Memory_Counter_Rule_As_CounterRule" />
    </UnitTest>
    <UnitTest name="Create_StateHandler_TriggerValue_Is_triggerPerValue_Creates_StatePerValueHandler" storage="d:\actions-runner\_work\xpco\xpco\allsolutions\..\datacollector\service\tst\videoos.datacollector.service.unittests\bin\x64\debug\net6.0-windows\videoos.datacollector.service.unittests.dll" id="796fd013-af86-e3bd-e6ae-0bf7213f8fc8">
      <Execution id="3babfd5b-eb82-4f29-aec7-952e34d781d5" />
      <TestMethod codeBase="D:\actions-runner\_work\XPCO\XPCO\AllSolutions\..\DataCollector\Service\tst\VideoOS.DataCollector.Service.UnitTests\bin\x64\Debug\net6.0-windows\VideoOS.DataCollector.Service.UnitTests.dll" adapterTypeName="executor://mstestadapter/v2" className="VideoOS.DataCollector.Service.UnitTests.StateHandlers.StateHandlerFactoryTest" name="Create_StateHandler_TriggerValue_Is_triggerPerValue_Creates_StatePerValueHandler" />
    </UnitTest>
    <UnitTest name="Handle_OneNonDefaultCounterRule_OneRulesAdded" storage="d:\actions-runner\_work\xpco\xpco\allsolutions\..\datacollector\service\tst\videoos.datacollector.service.unittests\bin\x64\debug\net6.0-windows\videoos.datacollector.service.unittests.dll" id="979aed07-ddc5-6740-187a-79d618223fed">
      <Execution id="a118e2d2-edde-451c-bcee-48e49bbb1bf5" />
      <TestMethod codeBase="D:\actions-runner\_work\XPCO\XPCO\AllSolutions\..\DataCollector\Service\tst\VideoOS.DataCollector.Service.UnitTests\bin\x64\Debug\net6.0-windows\VideoOS.DataCollector.Service.UnitTests.dll" adapterTypeName="executor://mstestadapter/v2" className="VideoOS.DataCollector.Service.UnitTests.CounterState.RefreshRuleConfigurationEventHandlerTests" name="Handle_OneNonDefaultCounterRule_OneRulesAdded" />
    </UnitTest>
    <UnitTest name="TestRemoveObsoleteValues" storage="d:\actions-runner\_work\xpco\xpco\allsolutions\..\datacollector\service\tst\videoos.datacollector.service.unittests\bin\x64\debug\net6.0-windows\videoos.datacollector.service.unittests.dll" id="7598c1de-410a-1893-04e5-2e7ff9ebca6e">
      <Execution id="b67853ae-b44d-4d66-92ad-77704ec9ba76" />
      <TestMethod codeBase="D:\actions-runner\_work\XPCO\XPCO\AllSolutions\..\DataCollector\Service\tst\VideoOS.DataCollector.Service.UnitTests\bin\x64\Debug\net6.0-windows\VideoOS.DataCollector.Service.UnitTests.dll" adapterTypeName="executor://mstestadapter/v2" className="VideoOS.DataCollector.Service.UnitTests.CounterRuleTest" name="TestRemoveObsoleteValues" />
    </UnitTest>
    <UnitTest name="CounterStateHandler_SetUndefined_StateChange_Handled" storage="d:\actions-runner\_work\xpco\xpco\allsolutions\..\datacollector\service\tst\videoos.datacollector.service.unittests\bin\x64\debug\net6.0-windows\videoos.datacollector.service.unittests.dll" id="0503af60-8d2b-c980-ab41-b1e27fcf70e4">
      <Execution id="d40ad953-ef66-4835-b06f-5f0125a258b0" />
      <TestMethod codeBase="D:\actions-runner\_work\XPCO\XPCO\AllSolutions\..\DataCollector\Service\tst\VideoOS.DataCollector.Service.UnitTests\bin\x64\Debug\net6.0-windows\VideoOS.DataCollector.Service.UnitTests.dll" adapterTypeName="executor://mstestadapter/v2" className="VideoOS.DataCollector.Service.UnitTests.StateHandlers.CounterStateHandlerTest" name="CounterStateHandler_SetUndefined_StateChange_Handled" />
    </UnitTest>
    <UnitTest name="MultiCounterRule_AddStateChanged_MaxStateIsSend" storage="d:\actions-runner\_work\xpco\xpco\allsolutions\..\datacollector\service\tst\videoos.datacollector.service.unittests\bin\x64\debug\net6.0-windows\videoos.datacollector.service.unittests.dll" id="ba1922fb-f4a5-c453-323e-5d9cc6299bff">
      <Execution id="b0bac801-0cf1-4a51-946e-72e83025df1e" />
      <TestMethod codeBase="D:\actions-runner\_work\XPCO\XPCO\AllSolutions\..\DataCollector\Service\tst\VideoOS.DataCollector.Service.UnitTests\bin\x64\Debug\net6.0-windows\VideoOS.DataCollector.Service.UnitTests.dll" adapterTypeName="executor://mstestadapter/v2" className="VideoOS.DataCollector.Service.UnitTests.Rules.MultiCounterRuleTest" name="MultiCounterRule_AddStateChanged_MaxStateIsSend" />
    </UnitTest>
    <UnitTest name="GrpcProfile_Convert_PerformanceCounterInstance_To_gRPC (SingleInstance,CounterTimer,SingleInstance,CounterTimer)" storage="d:\actions-runner\_work\xpco\xpco\allsolutions\..\datacollector\service\tst\videoos.datacollector.service.unittests\bin\x64\debug\net6.0-windows\videoos.datacollector.service.unittests.dll" id="4bd864ad-4a8e-5ea6-48e1-1f435ef947e3">
      <Execution id="e611469f-fece-4245-92c9-8edadc74a790" />
      <TestMethod codeBase="D:\actions-runner\_work\XPCO\XPCO\AllSolutions\..\DataCollector\Service\tst\VideoOS.DataCollector.Service.UnitTests\bin\x64\Debug\net6.0-windows\VideoOS.DataCollector.Service.UnitTests.dll" adapterTypeName="executor://mstestadapter/v2" className="VideoOS.DataCollector.Service.UnitTests.GrpcProfileTest" name="GrpcProfile_Convert_PerformanceCounterInstance_To_gRPC" />
    </UnitTest>
    <UnitTest name="BatchSenderService_ExecuteAsync_OperationCanceledException_Handled" storage="d:\actions-runner\_work\xpco\xpco\allsolutions\..\datacollector\service\tst\videoos.datacollector.service.unittests\bin\x64\debug\net6.0-windows\videoos.datacollector.service.unittests.dll" id="131c3b44-8b74-3b18-021b-51f93e473e84">
      <Execution id="5d754c68-f314-46b2-b8b9-90ee67ea1f9b" />
      <TestMethod codeBase="D:\actions-runner\_work\XPCO\XPCO\AllSolutions\..\DataCollector\Service\tst\VideoOS.DataCollector.Service.UnitTests\bin\x64\Debug\net6.0-windows\VideoOS.DataCollector.Service.UnitTests.dll" adapterTypeName="executor://mstestadapter/v2" className="VideoOS.DataCollector.Service.UnitTests.Services.BatchSenderServiceTests" name="BatchSenderService_ExecuteAsync_OperationCanceledException_Handled" />
    </UnitTest>
    <UnitTest name="ExponentialBackOff_Delay_MsAboveMax_Success" storage="d:\actions-runner\_work\xpco\xpco\allsolutions\..\datacollector\service\tst\videoos.datacollector.service.unittests\bin\x64\debug\net6.0-windows\videoos.datacollector.service.unittests.dll" id="84baf05c-9eb8-f1b8-ce32-e89043e0c1ec">
      <Execution id="c4253fc2-29ad-488b-8065-26b661f14c9b" />
      <TestMethod codeBase="D:\actions-runner\_work\XPCO\XPCO\AllSolutions\..\DataCollector\Service\tst\VideoOS.DataCollector.Service.UnitTests\bin\x64\Debug\net6.0-windows\VideoOS.DataCollector.Service.UnitTests.dll" adapterTypeName="executor://mstestadapter/v2" className="VideoOS.DataCollector.Service.UnitTests.Common.BackOff.ExponentialBackOffUnitTest" name="ExponentialBackOff_Delay_MsAboveMax_Success" />
    </UnitTest>
    <UnitTest name="RecordingServerChangeStateEventHandler_Handle_DomainNotification_Published_Success" storage="d:\actions-runner\_work\xpco\xpco\allsolutions\..\datacollector\service\tst\videoos.datacollector.service.unittests\bin\x64\debug\net6.0-windows\videoos.datacollector.service.unittests.dll" id="19f9fff7-3ec2-7c1f-5e02-d355e2992c56">
      <Execution id="2184ec7c-88e9-4154-ae3c-9ffc20757b66" />
      <TestMethod codeBase="D:\actions-runner\_work\XPCO\XPCO\AllSolutions\..\DataCollector\Service\tst\VideoOS.DataCollector.Service.UnitTests\bin\x64\Debug\net6.0-windows\VideoOS.DataCollector.Service.UnitTests.dll" adapterTypeName="executor://mstestadapter/v2" className="VideoOS.DataCollector.Service.UnitTests.RecordingServerChangeStateEventHandlerTests" name="RecordingServerChangeStateEventHandler_Handle_DomainNotification_Published_Success" />
    </UnitTest>
    <UnitTest name="GetState_ChangesFromCriticalToWarningWithoutLatency_On0AsLatency" storage="d:\actions-runner\_work\xpco\xpco\allsolutions\..\datacollector\service\tst\videoos.datacollector.service.unittests\bin\x64\debug\net6.0-windows\videoos.datacollector.service.unittests.dll" id="4bf1a41f-44d0-1eff-0232-2c87f1dda1c3">
      <Execution id="52a19e2a-65c9-4889-a7f5-b42eb3fc7949" />
      <TestMethod codeBase="D:\actions-runner\_work\XPCO\XPCO\AllSolutions\..\DataCollector\Service\tst\VideoOS.DataCollector.Service.UnitTests\bin\x64\Debug\net6.0-windows\VideoOS.DataCollector.Service.UnitTests.dll" adapterTypeName="executor://mstestadapter/v2" className="VideoOS.DataCollector.Service.UnitTests.CounterRuleTest" name="GetState_ChangesFromCriticalToWarningWithoutLatency_On0AsLatency" />
    </UnitTest>
    <UnitTest name="GrpcProfile_Convert_PerformanceCounterInstance_To_gRPC (SingleInstance,CounterMultiTimer,SingleInstance,CounterMultiTimer)" storage="d:\actions-runner\_work\xpco\xpco\allsolutions\..\datacollector\service\tst\videoos.datacollector.service.unittests\bin\x64\debug\net6.0-windows\videoos.datacollector.service.unittests.dll" id="c7534ef6-fb72-fbf8-d769-e5462d171dcf">
      <Execution id="f8dbf7fb-415b-4b48-801b-759e7dd232c5" />
      <TestMethod codeBase="D:\actions-runner\_work\XPCO\XPCO\AllSolutions\..\DataCollector\Service\tst\VideoOS.DataCollector.Service.UnitTests\bin\x64\Debug\net6.0-windows\VideoOS.DataCollector.Service.UnitTests.dll" adapterTypeName="executor://mstestadapter/v2" className="VideoOS.DataCollector.Service.UnitTests.GrpcProfileTest" name="GrpcProfile_Convert_PerformanceCounterInstance_To_gRPC" />
    </UnitTest>
    <UnitTest name="MultiCounterRule_UnRegisterPerformanceCounterInstance_RemovedCounterWithHighestState_SendStateChange" storage="d:\actions-runner\_work\xpco\xpco\allsolutions\..\datacollector\service\tst\videoos.datacollector.service.unittests\bin\x64\debug\net6.0-windows\videoos.datacollector.service.unittests.dll" id="a8f964f2-548d-90a4-8a93-883768f2145c">
      <Execution id="81147e47-e890-4bc7-b229-afdb099a740c" />
      <TestMethod codeBase="D:\actions-runner\_work\XPCO\XPCO\AllSolutions\..\DataCollector\Service\tst\VideoOS.DataCollector.Service.UnitTests\bin\x64\Debug\net6.0-windows\VideoOS.DataCollector.Service.UnitTests.dll" adapterTypeName="executor://mstestadapter/v2" className="VideoOS.DataCollector.Service.UnitTests.Rules.MultiCounterRuleTest" name="MultiCounterRule_UnRegisterPerformanceCounterInstance_RemovedCounterWithHighestState_SendStateChange" />
    </UnitTest>
    <UnitTest name="AddBackOffFactoryExtension_AddExponentialBackOffFactory_Success" storage="d:\actions-runner\_work\xpco\xpco\allsolutions\..\datacollector\service\tst\videoos.datacollector.service.unittests\bin\x64\debug\net6.0-windows\videoos.datacollector.service.unittests.dll" id="ff9adbab-55b1-7cc5-e2f5-26ac977840fc">
      <Execution id="5d38ddfb-8d8b-4850-9019-037a2d99269f" />
      <TestMethod codeBase="D:\actions-runner\_work\XPCO\XPCO\AllSolutions\..\DataCollector\Service\tst\VideoOS.DataCollector.Service.UnitTests\bin\x64\Debug\net6.0-windows\VideoOS.DataCollector.Service.UnitTests.dll" adapterTypeName="executor://mstestadapter/v2" className="VideoOS.DataCollector.Service.UnitTests.Common.BackOff.AddBackOffFactoryExtensionUnitTest" name="AddBackOffFactoryExtension_AddExponentialBackOffFactory_Success" />
    </UnitTest>
    <UnitTest name="StatePerValue_SetUndefined_StateChange_Only_Send_Once" storage="d:\actions-runner\_work\xpco\xpco\allsolutions\..\datacollector\service\tst\videoos.datacollector.service.unittests\bin\x64\debug\net6.0-windows\videoos.datacollector.service.unittests.dll" id="9256554f-b662-6b9d-7360-771a182192f5">
      <Execution id="3ada5ef0-0134-41b5-9344-db0126606891" />
      <TestMethod codeBase="D:\actions-runner\_work\XPCO\XPCO\AllSolutions\..\DataCollector\Service\tst\VideoOS.DataCollector.Service.UnitTests\bin\x64\Debug\net6.0-windows\VideoOS.DataCollector.Service.UnitTests.dll" adapterTypeName="executor://mstestadapter/v2" className="VideoOS.DataCollector.Service.UnitTests.StatePerValueHandlerTest" name="StatePerValue_SetUndefined_StateChange_Only_Send_Once" />
    </UnitTest>
    <UnitTest name="Handle_RequestHasBeenCancelled_ResponseIsError" storage="d:\actions-runner\_work\xpco\xpco\allsolutions\..\datacollector\service\tst\videoos.datacollector.service.unittests\bin\x64\debug\net6.0-windows\videoos.datacollector.service.unittests.dll" id="89a2dc9c-9c27-c927-4a9e-4946a4dde683">
      <Execution id="f56ee8fb-76f2-4fcd-9f5a-fb4b3263f611" />
      <TestMethod codeBase="D:\actions-runner\_work\XPCO\XPCO\AllSolutions\..\DataCollector\Service\tst\VideoOS.DataCollector.Service.UnitTests\bin\x64\Debug\net6.0-windows\VideoOS.DataCollector.Service.UnitTests.dll" adapterTypeName="executor://mstestadapter/v2" className="VideoOS.DataCollector.Service.UnitTests.Common.Behaviours.RetryBehaviourUnitTest" name="Handle_RequestHasBeenCancelled_ResponseIsError" />
    </UnitTest>
    <UnitTest name="GrpcProfile_Convert_PerformanceCounterInstance_From_gRPC (SingleInstance,ElapsedTime,SingleInstance,ElapsedTime)" storage="d:\actions-runner\_work\xpco\xpco\allsolutions\..\datacollector\service\tst\videoos.datacollector.service.unittests\bin\x64\debug\net6.0-windows\videoos.datacollector.service.unittests.dll" id="21d5b105-c48e-478f-afe5-7273fd94b294">
      <Execution id="ab2d7a0a-0dc3-44fe-8062-8c1a6c1da297" />
      <TestMethod codeBase="D:\actions-runner\_work\XPCO\XPCO\AllSolutions\..\DataCollector\Service\tst\VideoOS.DataCollector.Service.UnitTests\bin\x64\Debug\net6.0-windows\VideoOS.DataCollector.Service.UnitTests.dll" adapterTypeName="executor://mstestadapter/v2" className="VideoOS.DataCollector.Service.UnitTests.GrpcProfileTest" name="GrpcProfile_Convert_PerformanceCounterInstance_From_gRPC" />
    </UnitTest>
    <UnitTest name="CameraCounterRule_Does_Not_Sample_When_Recording_Server_Is_Down" storage="d:\actions-runner\_work\xpco\xpco\allsolutions\..\datacollector\service\tst\videoos.datacollector.service.unittests\bin\x64\debug\net6.0-windows\videoos.datacollector.service.unittests.dll" id="26b5fabf-ab3d-b243-aa81-450d655a5d65">
      <Execution id="e8091ef7-2456-42e5-800b-9022b6797bb1" />
      <TestMethod codeBase="D:\actions-runner\_work\XPCO\XPCO\AllSolutions\..\DataCollector\Service\tst\VideoOS.DataCollector.Service.UnitTests\bin\x64\Debug\net6.0-windows\VideoOS.DataCollector.Service.UnitTests.dll" adapterTypeName="executor://mstestadapter/v2" className="VideoOS.DataCollector.Service.UnitTests.CameraCounterRuleUnitTest" name="CameraCounterRule_Does_Not_Sample_When_Recording_Server_Is_Down" />
    </UnitTest>
    <UnitTest name="Validate_CameraCounterRule_With_InValid_Path" storage="d:\actions-runner\_work\xpco\xpco\allsolutions\..\datacollector\service\tst\videoos.datacollector.service.unittests\bin\x64\debug\net6.0-windows\videoos.datacollector.service.unittests.dll" id="02b6ef18-d677-896e-9b82-b0ae72b5b818">
      <Execution id="8fb8a140-f42d-4686-a37c-95fe40c1b7de" />
      <TestMethod codeBase="D:\actions-runner\_work\XPCO\XPCO\AllSolutions\..\DataCollector\Service\tst\VideoOS.DataCollector.Service.UnitTests\bin\x64\Debug\net6.0-windows\VideoOS.DataCollector.Service.UnitTests.dll" adapterTypeName="executor://mstestadapter/v2" className="VideoOS.DataCollector.Service.UnitTests.CounterRuleFactoryUnitTest" name="Validate_CameraCounterRule_With_InValid_Path" />
    </UnitTest>
    <UnitTest name="TestCriticalNotToWarning" storage="d:\actions-runner\_work\xpco\xpco\allsolutions\..\datacollector\service\tst\videoos.datacollector.service.unittests\bin\x64\debug\net6.0-windows\videoos.datacollector.service.unittests.dll" id="4acb5623-d1ea-82c4-b6ca-1bf8f3a5b619">
      <Execution id="98465106-c2b6-4b03-a6a0-4ac7dcf25454" />
      <TestMethod codeBase="D:\actions-runner\_work\XPCO\XPCO\AllSolutions\..\DataCollector\Service\tst\VideoOS.DataCollector.Service.UnitTests\bin\x64\Debug\net6.0-windows\VideoOS.DataCollector.Service.UnitTests.dll" adapterTypeName="executor://mstestadapter/v2" className="VideoOS.DataCollector.Service.UnitTests.CounterRuleTest" name="TestCriticalNotToWarning" />
    </UnitTest>
    <UnitTest name="ConfigurationRefreshService_ExecuteAsync_Exception_Unhandled" storage="d:\actions-runner\_work\xpco\xpco\allsolutions\..\datacollector\service\tst\videoos.datacollector.service.unittests\bin\x64\debug\net6.0-windows\videoos.datacollector.service.unittests.dll" id="33724228-8fbe-8060-8962-32945507552e">
      <Execution id="e9011e7d-7d94-4500-a819-ac1b05322308" />
      <TestMethod codeBase="D:\actions-runner\_work\XPCO\XPCO\AllSolutions\..\DataCollector\Service\tst\VideoOS.DataCollector.Service.UnitTests\bin\x64\Debug\net6.0-windows\VideoOS.DataCollector.Service.UnitTests.dll" adapterTypeName="executor://mstestadapter/v2" className="VideoOS.DataCollector.Service.UnitTests.Services.ConfigurationRefreshServiceTests" name="ConfigurationRefreshService_ExecuteAsync_Exception_Unhandled" />
    </UnitTest>
    <UnitTest name="Handle_RequestPropertiesSet_BackOffCreatedWithValuesFromRequest" storage="d:\actions-runner\_work\xpco\xpco\allsolutions\..\datacollector\service\tst\videoos.datacollector.service.unittests\bin\x64\debug\net6.0-windows\videoos.datacollector.service.unittests.dll" id="d552dcf5-c6d8-64f8-7da8-09767b90ad29">
      <Execution id="0b236eed-0a46-49ed-85ae-20ab197cc26c" />
      <TestMethod codeBase="D:\actions-runner\_work\XPCO\XPCO\AllSolutions\..\DataCollector\Service\tst\VideoOS.DataCollector.Service.UnitTests\bin\x64\Debug\net6.0-windows\VideoOS.DataCollector.Service.UnitTests.dll" adapterTypeName="executor://mstestadapter/v2" className="VideoOS.DataCollector.Service.UnitTests.Common.Behaviours.RetryBehaviourUnitTest" name="Handle_RequestPropertiesSet_BackOffCreatedWithValuesFromRequest" />
    </UnitTest>
    <UnitTest name="GrpcProfile_Convert_PerformanceCounterInstance_From_gRPC (SingleInstance,Timer100Ns,SingleInstance,Timer100Ns)" storage="d:\actions-runner\_work\xpco\xpco\allsolutions\..\datacollector\service\tst\videoos.datacollector.service.unittests\bin\x64\debug\net6.0-windows\videoos.datacollector.service.unittests.dll" id="6b473336-f7ca-9b64-0b0a-5dd5c43c4241">
      <Execution id="7b01262b-0b99-40b8-8306-f24feb8e8276" />
      <TestMethod codeBase="D:\actions-runner\_work\XPCO\XPCO\AllSolutions\..\DataCollector\Service\tst\VideoOS.DataCollector.Service.UnitTests\bin\x64\Debug\net6.0-windows\VideoOS.DataCollector.Service.UnitTests.dll" adapterTypeName="executor://mstestadapter/v2" className="VideoOS.DataCollector.Service.UnitTests.GrpcProfileTest" name="GrpcProfile_Convert_PerformanceCounterInstance_From_gRPC" />
    </UnitTest>
    <UnitTest name="GrpcProfile_Convert_PerformanceCounterInstance_From_gRPC (SingleInstance,CounterMultiTimer100NsInverse,SingleInstance,CounterMultiTimer100NsInverse)" storage="d:\actions-runner\_work\xpco\xpco\allsolutions\..\datacollector\service\tst\videoos.datacollector.service.unittests\bin\x64\debug\net6.0-windows\videoos.datacollector.service.unittests.dll" id="d7553a73-609b-31b3-8296-8251fbab72df">
      <Execution id="c6e4e67c-442a-4085-b9d7-a5b30b3b4fdb" />
      <TestMethod codeBase="D:\actions-runner\_work\XPCO\XPCO\AllSolutions\..\DataCollector\Service\tst\VideoOS.DataCollector.Service.UnitTests\bin\x64\Debug\net6.0-windows\VideoOS.DataCollector.Service.UnitTests.dll" adapterTypeName="executor://mstestadapter/v2" className="VideoOS.DataCollector.Service.UnitTests.GrpcProfileTest" name="GrpcProfile_Convert_PerformanceCounterInstance_From_gRPC" />
    </UnitTest>
    <UnitTest name="GetState_ShouldBeNormal_OnWarningNegativeOneAndBelowCriticalThreshold" storage="d:\actions-runner\_work\xpco\xpco\allsolutions\..\datacollector\service\tst\videoos.datacollector.service.unittests\bin\x64\debug\net6.0-windows\videoos.datacollector.service.unittests.dll" id="7bc469cf-da7d-24b4-5617-2bba68ec0484">
      <Execution id="3a7ee6a6-64d9-47d8-bb88-1249ebebe2de" />
      <TestMethod codeBase="D:\actions-runner\_work\XPCO\XPCO\AllSolutions\..\DataCollector\Service\tst\VideoOS.DataCollector.Service.UnitTests\bin\x64\Debug\net6.0-windows\VideoOS.DataCollector.Service.UnitTests.dll" adapterTypeName="executor://mstestadapter/v2" className="VideoOS.DataCollector.Service.UnitTests.CounterRuleTest" name="GetState_ShouldBeNormal_OnWarningNegativeOneAndBelowCriticalThreshold" />
    </UnitTest>
    <UnitTest name="CameraCounterRule_Send_Camera_State_Changes_And_Block_When_Recording_Server_Is_Down" storage="d:\actions-runner\_work\xpco\xpco\allsolutions\..\datacollector\service\tst\videoos.datacollector.service.unittests\bin\x64\debug\net6.0-windows\videoos.datacollector.service.unittests.dll" id="dc47a361-5bda-b35a-500d-ce5be7526334">
      <Execution id="6d8f4033-866a-4ee7-9e16-75fd6597a6fd" />
      <TestMethod codeBase="D:\actions-runner\_work\XPCO\XPCO\AllSolutions\..\DataCollector\Service\tst\VideoOS.DataCollector.Service.UnitTests\bin\x64\Debug\net6.0-windows\VideoOS.DataCollector.Service.UnitTests.dll" adapterTypeName="executor://mstestadapter/v2" className="VideoOS.DataCollector.Service.UnitTests.CameraCounterRuleUnitTest" name="CameraCounterRule_Send_Camera_State_Changes_And_Block_When_Recording_Server_Is_Down" />
    </UnitTest>
    <UnitTest name="GrpcProfile_Convert_PerformanceCounterInstance_From_gRPC (SingleInstance,CounterMultiTimer,SingleInstance,CounterMultiTimer)" storage="d:\actions-runner\_work\xpco\xpco\allsolutions\..\datacollector\service\tst\videoos.datacollector.service.unittests\bin\x64\debug\net6.0-windows\videoos.datacollector.service.unittests.dll" id="6ab406ac-04f6-71cf-9e87-769a779fa02d">
      <Execution id="bfbed8a2-9074-4b31-9086-940da3ab1aec" />
      <TestMethod codeBase="D:\actions-runner\_work\XPCO\XPCO\AllSolutions\..\DataCollector\Service\tst\VideoOS.DataCollector.Service.UnitTests\bin\x64\Debug\net6.0-windows\VideoOS.DataCollector.Service.UnitTests.dll" adapterTypeName="executor://mstestadapter/v2" className="VideoOS.DataCollector.Service.UnitTests.GrpcProfileTest" name="GrpcProfile_Convert_PerformanceCounterInstance_From_gRPC" />
    </UnitTest>
    <UnitTest name="GrpcProfile_Convert_PerformanceCounterInstance_From_gRPC (SingleInstance,CounterTimer,SingleInstance,CounterTimer)" storage="d:\actions-runner\_work\xpco\xpco\allsolutions\..\datacollector\service\tst\videoos.datacollector.service.unittests\bin\x64\debug\net6.0-windows\videoos.datacollector.service.unittests.dll" id="9e09f71a-052d-94fc-78a4-53d7c080ab6b">
      <Execution id="86c4c69e-038b-40ef-a89b-6dcc92d4e66a" />
      <TestMethod codeBase="D:\actions-runner\_work\XPCO\XPCO\AllSolutions\..\DataCollector\Service\tst\VideoOS.DataCollector.Service.UnitTests\bin\x64\Debug\net6.0-windows\VideoOS.DataCollector.Service.UnitTests.dll" adapterTypeName="executor://mstestadapter/v2" className="VideoOS.DataCollector.Service.UnitTests.GrpcProfileTest" name="GrpcProfile_Convert_PerformanceCounterInstance_From_gRPC" />
    </UnitTest>
  </TestDefinitions>
  <TestEntries>
    <TestEntry testId="bd3a1bf0-04bb-6a3b-e085-e797e51122fa" executionId="a8c10bb4-b3e7-4049-b465-2f2c499d1f27" testListId="8c84fa94-04c1-424b-9868-57a2d4851a1d" />
    <TestEntry testId="f1c38f3f-1d18-880a-5591-3ac2f4b0650e" executionId="24b4cfb0-e286-4fba-9c5d-531ff1f2752a" testListId="8c84fa94-04c1-424b-9868-57a2d4851a1d" />
    <TestEntry testId="d39805b4-9af2-d9c8-2587-94814a3faf9e" executionId="15edc3f4-33b0-4b0a-bc59-bfecd7389d3d" testListId="8c84fa94-04c1-424b-9868-57a2d4851a1d" />
    <TestEntry testId="33724228-8fbe-8060-8962-32945507552e" executionId="e9011e7d-7d94-4500-a819-ac1b05322308" testListId="8c84fa94-04c1-424b-9868-57a2d4851a1d" />
    <TestEntry testId="3a40255c-2ed2-6fd7-2c13-00bcb12423ef" executionId="2954dc3c-396b-4c06-89bd-79325b55b9cc" testListId="8c84fa94-04c1-424b-9868-57a2d4851a1d" />
    <TestEntry testId="8104b72a-5aa9-a261-3a08-5e52e4e7075a" executionId="8aaada3e-3a1a-4f73-9d96-6b58c08b951d" testListId="8c84fa94-04c1-424b-9868-57a2d4851a1d" />
    <TestEntry testId="979aed07-ddc5-6740-187a-79d618223fed" executionId="a118e2d2-edde-451c-bcee-48e49bbb1bf5" testListId="8c84fa94-04c1-424b-9868-57a2d4851a1d" />
    <TestEntry testId="01774bf6-791d-98de-0a36-e129c4b4d38a" executionId="d04dd5ad-f66c-463e-9909-8f675781968a" testListId="8c84fa94-04c1-424b-9868-57a2d4851a1d" />
    <TestEntry testId="4acb5623-d1ea-82c4-b6ca-1bf8f3a5b619" executionId="98465106-c2b6-4b03-a6a0-4ac7dcf25454" testListId="8c84fa94-04c1-424b-9868-57a2d4851a1d" />
    <TestEntry testId="7598c1de-410a-1893-04e5-2e7ff9ebca6e" executionId="b67853ae-b44d-4d66-92ad-77704ec9ba76" testListId="8c84fa94-04c1-424b-9868-57a2d4851a1d" />
    <TestEntry testId="17286508-494d-df5f-0ebd-96492dc6bfa2" executionId="163fee35-9a3c-4fd1-a9c3-0d2f77502232" testListId="8c84fa94-04c1-424b-9868-57a2d4851a1d" />
    <TestEntry testId="5c6cc811-6f41-a882-5dc7-406cdd8aefeb" executionId="67c0e156-47c3-4c25-afb8-51580de4b4e5" testListId="8c84fa94-04c1-424b-9868-57a2d4851a1d" />
    <TestEntry testId="77c0c2a4-401b-4a7f-2331-9bcd27dbbb81" executionId="1b01d5c0-d05b-4975-9054-a4da18d1d2f5" testListId="8c84fa94-04c1-424b-9868-57a2d4851a1d" />
    <TestEntry testId="f8f5f4ba-83aa-c1f9-accd-1d94ea6f027d" executionId="325e6a23-c520-45ef-bb21-19b8b75355ac" testListId="8c84fa94-04c1-424b-9868-57a2d4851a1d" />
    <TestEntry testId="2c736a54-7b4d-031a-7122-f0b8680b10d8" executionId="72ff6a05-9ccb-43c7-a9c3-20207c74ae67" testListId="8c84fa94-04c1-424b-9868-57a2d4851a1d" />
    <TestEntry testId="8d0207db-c164-2a4c-d7a6-dbae16e75c03" executionId="35abb66d-caf1-4769-bec4-df94e7e5a0db" testListId="8c84fa94-04c1-424b-9868-57a2d4851a1d" />
    <TestEntry testId="3fd0b113-a622-e2d1-9fcf-6a446896efbf" executionId="9c651bdb-d148-4e35-8843-1dc9d3fc8a2d" testListId="8c84fa94-04c1-424b-9868-57a2d4851a1d" />
    <TestEntry testId="b6a25432-9560-0c57-a1de-29fd3ace9d4e" executionId="5429dc26-ffca-4f4a-b1e6-083d173829dc" testListId="8c84fa94-04c1-424b-9868-57a2d4851a1d" />
    <TestEntry testId="f5fb82a1-6da4-4bd9-ef2b-71b66a17093e" executionId="3795690e-3037-4e68-bd79-d50a32114c44" testListId="8c84fa94-04c1-424b-9868-57a2d4851a1d" />
    <TestEntry testId="534b6e09-1000-34e5-4da1-0f5fee87066e" executionId="c2c70e7c-a6cb-459f-adfc-4d06575cd0ed" testListId="8c84fa94-04c1-424b-9868-57a2d4851a1d" />
    <TestEntry testId="cd8b0a52-9793-956d-e372-f95eb99c5c07" executionId="a258ef81-84dd-4899-bf7e-9abe1690e275" testListId="8c84fa94-04c1-424b-9868-57a2d4851a1d" />
    <TestEntry testId="05c3c7ea-576f-7698-2fcc-7a8ca5e69771" executionId="d591e122-a668-42c8-a24f-9ced7272e388" testListId="8c84fa94-04c1-424b-9868-57a2d4851a1d" />
    <TestEntry testId="5de2d137-d2f4-fce6-2df0-ed84248827c1" executionId="312f09df-07ac-4b0f-8aac-3f5839209e1b" testListId="8c84fa94-04c1-424b-9868-57a2d4851a1d" />
    <TestEntry testId="40f520a3-3017-d882-ff6f-8c7e3f57b2ec" executionId="25195b2f-533d-44fe-9586-0a83f7f0d639" testListId="8c84fa94-04c1-424b-9868-57a2d4851a1d" />
    <TestEntry testId="e407e0ba-6cb1-0800-b521-2ff79d107d24" executionId="260098b6-f472-4e44-9ec9-6eff94ca92b6" testListId="8c84fa94-04c1-424b-9868-57a2d4851a1d" />
    <TestEntry testId="7b04f4b0-345d-30c4-0431-4c5d010db15f" executionId="f5a9fda2-8481-49df-8a69-7088d42dd1c3" testListId="8c84fa94-04c1-424b-9868-57a2d4851a1d" />
    <TestEntry testId="95a53348-d67e-f981-788d-1359fd87f28d" executionId="29451d51-e30a-43ca-962b-422f1e29e861" testListId="8c84fa94-04c1-424b-9868-57a2d4851a1d" />
    <TestEntry testId="0822bdb3-4823-de26-65fa-a5f87beaa1f3" executionId="619f189c-0e3a-4989-98b8-d7f1a0236cdc" testListId="8c84fa94-04c1-424b-9868-57a2d4851a1d" />
    <TestEntry testId="394effe9-ad44-7aba-d158-767cbd9d0d80" executionId="776f7214-63b9-477c-b6af-6410b3003938" testListId="8c84fa94-04c1-424b-9868-57a2d4851a1d" />
    <TestEntry testId="7c7e7f62-0284-09e7-f394-f2903730bdce" executionId="78ff8877-1c55-4077-87c1-a3104af34592" testListId="8c84fa94-04c1-424b-9868-57a2d4851a1d" />
    <TestEntry testId="c966ddf0-a4fb-5c40-04ce-47e83e1dcdb5" executionId="58b060bd-6de9-431b-bcd6-37e8be0cc0bb" testListId="8c84fa94-04c1-424b-9868-57a2d4851a1d" />
    <TestEntry testId="13df1741-1a53-698f-7d33-131b880acdc6" executionId="9a0d6ba9-482a-4efd-8633-375d84890ddf" testListId="8c84fa94-04c1-424b-9868-57a2d4851a1d" />
    <TestEntry testId="746b6909-3c6e-0d84-2e74-f3abfa52daa4" executionId="19504690-6b40-4559-bebb-c945f2311312" testListId="8c84fa94-04c1-424b-9868-57a2d4851a1d" />
    <TestEntry testId="3fc1a07a-70e5-da81-03c5-8db3f80bd9b9" executionId="9e828410-01b8-4265-af66-2754da521c30" testListId="8c84fa94-04c1-424b-9868-57a2d4851a1d" />
    <TestEntry testId="a0c02d32-d7f1-81ae-38ce-a590cbc85742" executionId="2691ef34-e4f2-4a88-b5a2-eaa9989ca692" testListId="8c84fa94-04c1-424b-9868-57a2d4851a1d" />
    <TestEntry testId="d80fbf44-1a6a-2a2f-6d1c-978e3d12eeb6" executionId="4f8e7e1f-9ad5-46a2-a9c0-7bb61d3f6e5d" testListId="8c84fa94-04c1-424b-9868-57a2d4851a1d" />
    <TestEntry testId="fd32e51c-403f-f3b6-fcc4-3e06c0478349" executionId="29a90fed-fa61-4ee9-8777-4792cd47850c" testListId="8c84fa94-04c1-424b-9868-57a2d4851a1d" />
    <TestEntry testId="4d29305b-5fa7-d7aa-a128-fa58b9004e5d" executionId="63330c37-9ab1-49ef-a67c-1eecaf96d54e" testListId="8c84fa94-04c1-424b-9868-57a2d4851a1d" />
    <TestEntry testId="ce2df477-3a8c-f091-650b-7baec3091038" executionId="38a68a9a-9370-4324-a10e-ae6e5fa72759" testListId="8c84fa94-04c1-424b-9868-57a2d4851a1d" />
    <TestEntry testId="9d69fcea-7798-2d17-c961-c204596a5e96" executionId="de895aa2-4a95-4bd4-8899-7945a87335cf" testListId="8c84fa94-04c1-424b-9868-57a2d4851a1d" />
    <TestEntry testId="b5fa3831-4714-0f6b-2d7d-2f33b08e97b8" executionId="b75a2adc-3796-4041-be43-3b9b9f199fe5" testListId="8c84fa94-04c1-424b-9868-57a2d4851a1d" />
    <TestEntry testId="fb90590a-c277-92da-137f-fa508c6dd199" executionId="e08f8b09-546f-4cb7-ac46-d8821816f8c7" testListId="8c84fa94-04c1-424b-9868-57a2d4851a1d" />
    <TestEntry testId="a8401168-cf5f-d238-0313-98e819903c1d" executionId="ae1e4ac5-0e16-4ac9-af46-185052539e36" testListId="8c84fa94-04c1-424b-9868-57a2d4851a1d" />
    <TestEntry testId="9878484b-2244-d61c-e2e1-4fab767ee101" executionId="239a882e-6d9f-448a-a3ca-9e513173ace3" testListId="8c84fa94-04c1-424b-9868-57a2d4851a1d" />
    <TestEntry testId="4f3ab489-6a94-8b65-0bc9-84cf7be0bcea" executionId="a127d1ce-74cd-435a-b1b9-b686a555dcb8" testListId="8c84fa94-04c1-424b-9868-57a2d4851a1d" />
    <TestEntry testId="3c71c40b-6170-5f8a-f386-842b55317fee" executionId="a64a19e0-be7c-4568-98b4-bc5afcaa4086" testListId="8c84fa94-04c1-424b-9868-57a2d4851a1d" />
    <TestEntry testId="6f1fb882-916d-1895-6294-8813e5471572" executionId="a6ddbb0e-219b-4b08-8e0e-5f70ddadefcd" testListId="8c84fa94-04c1-424b-9868-57a2d4851a1d" />
    <TestEntry testId="36b559f5-8398-d86d-0a3a-91c8fe91f990" executionId="c30e9cc4-a97a-4895-a32c-bc28cd204bca" testListId="8c84fa94-04c1-424b-9868-57a2d4851a1d" />
    <TestEntry testId="d8af3955-1959-3197-37fa-1fadbfaa5e1b" executionId="29d9e82e-7cb5-4521-82dd-c05e39ba75c3" testListId="8c84fa94-04c1-424b-9868-57a2d4851a1d" />
    <TestEntry testId="621a0c71-93b0-e84d-5586-20a6819504ef" executionId="d58b1e6c-866b-42d1-a62f-19508c466766" testListId="8c84fa94-04c1-424b-9868-57a2d4851a1d" />
    <TestEntry testId="0a386c2e-17de-5f27-247d-8c6b74cf3e5a" executionId="a4044728-f9a5-4ab7-98e3-a2951ce6886b" testListId="8c84fa94-04c1-424b-9868-57a2d4851a1d" />
    <TestEntry testId="0c5ad630-49d7-c45f-2f30-c0be9074f68a" executionId="6ba97fce-e08f-47ed-b417-2303eb76ddd9" testListId="8c84fa94-04c1-424b-9868-57a2d4851a1d" />
    <TestEntry testId="a39c56c7-808d-952d-8864-fb995e5ddfc5" executionId="1e7a1b49-221b-487e-b0e4-efee31379a79" testListId="8c84fa94-04c1-424b-9868-57a2d4851a1d" />
    <TestEntry testId="5a8604b3-108b-2269-ce4e-71b51927bc2c" executionId="cf9c7a0f-dd71-478f-bb8e-4f7408590714" testListId="8c84fa94-04c1-424b-9868-57a2d4851a1d" />
    <TestEntry testId="14852a73-acbe-6609-0a9f-9b103af673e9" executionId="7ea127f9-e3ed-46b9-97d7-7987f11b566d" testListId="8c84fa94-04c1-424b-9868-57a2d4851a1d" />
    <TestEntry testId="9256554f-b662-6b9d-7360-771a182192f5" executionId="3ada5ef0-0134-41b5-9344-db0126606891" testListId="8c84fa94-04c1-424b-9868-57a2d4851a1d" />
    <TestEntry testId="aa5e2281-3afb-ed7c-2886-9ddf322db0bb" executionId="a0a59139-3d83-4553-a903-09b9216c32f1" testListId="8c84fa94-04c1-424b-9868-57a2d4851a1d" />
    <TestEntry testId="31ec9322-88c3-2d98-23fa-4c1b8ed065d4" executionId="6cd174b4-187d-40d6-9a10-ddda743404a6" testListId="8c84fa94-04c1-424b-9868-57a2d4851a1d" />
    <TestEntry testId="60147f0c-9412-3711-dcf4-d0d937b3ad7b" executionId="c163c300-2013-4af1-88be-967b988db5ac" testListId="8c84fa94-04c1-424b-9868-57a2d4851a1d" />
    <TestEntry testId="c7534ef6-fb72-fbf8-d769-e5462d171dcf" executionId="f8dbf7fb-415b-4b48-801b-759e7dd232c5" testListId="8c84fa94-04c1-424b-9868-57a2d4851a1d" />
    <TestEntry testId="ed111a96-f7df-f477-c96d-714e23ca5010" executionId="afc379ee-a51f-49b9-acf2-98e3ad469262" testListId="8c84fa94-04c1-424b-9868-57a2d4851a1d" />
    <TestEntry testId="6ff8ce12-3a89-4c23-4057-6feda1935cde" executionId="df4be462-eb68-4b2b-a886-717875d9a222" testListId="8c84fa94-04c1-424b-9868-57a2d4851a1d" />
    <TestEntry testId="7b33cd1b-30f8-4c46-5f24-f8c6eccff7d6" executionId="d2dcead1-24ab-4f9d-b1f8-3e9e5f1271a4" testListId="8c84fa94-04c1-424b-9868-57a2d4851a1d" />
    <TestEntry testId="51fe990d-f9b5-9650-8a46-30e36f885a83" executionId="30ed4793-2eb1-47b2-97b6-6d359b145f28" testListId="8c84fa94-04c1-424b-9868-57a2d4851a1d" />
    <TestEntry testId="4f974434-3fcb-64ab-2f1f-df2d4526d151" executionId="431ef811-3549-4c77-9c4f-9ed5b879306c" testListId="8c84fa94-04c1-424b-9868-57a2d4851a1d" />
    <TestEntry testId="26b5fabf-ab3d-b243-aa81-450d655a5d65" executionId="e8091ef7-2456-42e5-800b-9022b6797bb1" testListId="8c84fa94-04c1-424b-9868-57a2d4851a1d" />
    <TestEntry testId="0d55939e-09c9-ad9a-4e63-d7508536a51e" executionId="8a004ef4-4eb4-46c9-b28d-d8e788ee2b0a" testListId="8c84fa94-04c1-424b-9868-57a2d4851a1d" />
    <TestEntry testId="186c13bb-2e67-56c4-3dc6-d5304e8eabec" executionId="24fc6894-36c1-4349-8468-309c7d2a1712" testListId="8c84fa94-04c1-424b-9868-57a2d4851a1d" />
    <TestEntry testId="644c0b9b-f1b3-c077-0fbf-419abcfe5a03" executionId="d22dba8e-a927-4b6a-9214-6f163ff71909" testListId="8c84fa94-04c1-424b-9868-57a2d4851a1d" />
    <TestEntry testId="78604b2c-a311-579e-e7c2-9e0672f7ec49" executionId="46f9a0f2-6abc-4b6b-be12-8ae8eb9f2bc5" testListId="8c84fa94-04c1-424b-9868-57a2d4851a1d" />
    <TestEntry testId="cce81d0d-7524-14d8-1776-9582b5f767ce" executionId="86b5e6ab-1b19-4123-847c-50cf0368bb08" testListId="8c84fa94-04c1-424b-9868-57a2d4851a1d" />
    <TestEntry testId="65e7a117-e8ad-0e02-af6a-d0d040856dbf" executionId="18800678-a58d-45b6-8a31-1e72119fdf62" testListId="8c84fa94-04c1-424b-9868-57a2d4851a1d" />
    <TestEntry testId="5eef7678-3658-a360-7c66-155012753cc6" executionId="cc177b95-72a4-4d50-ad1d-3c0ffc082ead" testListId="8c84fa94-04c1-424b-9868-57a2d4851a1d" />
    <TestEntry testId="1ee1d707-a255-abb7-f51f-4bda160bf7ba" executionId="30058e65-ba01-4122-8c53-205a5a503024" testListId="8c84fa94-04c1-424b-9868-57a2d4851a1d" />
    <TestEntry testId="84baf05c-9eb8-f1b8-ce32-e89043e0c1ec" executionId="c4253fc2-29ad-488b-8065-26b661f14c9b" testListId="8c84fa94-04c1-424b-9868-57a2d4851a1d" />
    <TestEntry testId="96e62a72-4051-2184-ae6e-4a7352950c94" executionId="36f2833a-5468-4e2c-b61d-27365a60b701" testListId="8c84fa94-04c1-424b-9868-57a2d4851a1d" />
    <TestEntry testId="87641036-3581-f60b-2504-66a6d5fadf8e" executionId="4cf30a89-e1c2-4c59-a858-dd4606465758" testListId="8c84fa94-04c1-424b-9868-57a2d4851a1d" />
    <TestEntry testId="77825dbc-4b5a-3e6f-372e-709f2c66eab6" executionId="cdb34a7d-6e98-4838-a755-c0de4c5d7a3a" testListId="8c84fa94-04c1-424b-9868-57a2d4851a1d" />
    <TestEntry testId="e4c42926-42ae-b6a7-8938-185ff57f96ce" executionId="9135d120-e9b2-4fab-8361-efc015043df3" testListId="8c84fa94-04c1-424b-9868-57a2d4851a1d" />
    <TestEntry testId="03c52b9d-1a4a-3caa-7e64-4adf92c9079c" executionId="9ab4732c-2eb6-4622-b108-c4c147b46618" testListId="8c84fa94-04c1-424b-9868-57a2d4851a1d" />
    <TestEntry testId="d8191e3e-fdbe-95df-6929-5e8da32e536e" executionId="85ad8908-49a4-4f74-9536-c9a1eb3d9575" testListId="8c84fa94-04c1-424b-9868-57a2d4851a1d" />
    <TestEntry testId="be7a1e43-41d6-ff2e-2b1d-0be81a83588e" executionId="321fb0a3-733e-4dfc-8872-6f2855de83d4" testListId="8c84fa94-04c1-424b-9868-57a2d4851a1d" />
    <TestEntry testId="4bf1a41f-44d0-1eff-0232-2c87f1dda1c3" executionId="52a19e2a-65c9-4889-a7f5-b42eb3fc7949" testListId="8c84fa94-04c1-424b-9868-57a2d4851a1d" />
    <TestEntry testId="faf77f42-28b5-8cc7-1919-733d9606a624" executionId="9522576f-a7ad-4c34-9abe-0d082ca5ab06" testListId="8c84fa94-04c1-424b-9868-57a2d4851a1d" />
    <TestEntry testId="6d356566-2d30-1013-0e60-6f433ad05d1c" executionId="41fd7e46-d6d5-400b-9dd2-02384c3948e5" testListId="8c84fa94-04c1-424b-9868-57a2d4851a1d" />
    <TestEntry testId="501f756b-c317-73bb-beb6-0e2cbd503059" executionId="c4caed1b-d5e2-4fdd-9623-a56b5d7a3021" testListId="8c84fa94-04c1-424b-9868-57a2d4851a1d" />
    <TestEntry testId="788cedb0-2991-afe2-64ae-a1902da32320" executionId="a5e8c928-b57b-444b-b0ce-d60cefb53c8b" testListId="8c84fa94-04c1-424b-9868-57a2d4851a1d" />
    <TestEntry testId="cdb86832-64e6-236f-44cb-7c8df3c7157e" executionId="da603c69-c953-4657-97d9-518dee0e7a03" testListId="8c84fa94-04c1-424b-9868-57a2d4851a1d" />
    <TestEntry testId="d3520677-fe4d-39f1-9066-c64d1760fa85" executionId="f5a8ffa0-2fc1-4e55-9c7d-e2f8a9f104f3" testListId="8c84fa94-04c1-424b-9868-57a2d4851a1d" />
    <TestEntry testId="cb8513ef-d253-8f8d-c8ca-038ef0c934ab" executionId="1e289c4d-a85d-4431-9873-f42b55099488" testListId="8c84fa94-04c1-424b-9868-57a2d4851a1d" />
    <TestEntry testId="9c9fbf0b-dbf5-5e05-7bb6-8bef9c13570d" executionId="f673aa37-bf4f-497d-9de5-e3c2a25d8d18" testListId="8c84fa94-04c1-424b-9868-57a2d4851a1d" />
    <TestEntry testId="8395b262-31d0-82cb-0058-22ea34a69ca0" executionId="0ae63a33-e786-456c-ab79-a88090131803" testListId="8c84fa94-04c1-424b-9868-57a2d4851a1d" />
    <TestEntry testId="941ab43f-fa60-c35d-f02a-430777c437e2" executionId="1aa47ce3-2a68-439b-82db-0ecc45871f2b" testListId="8c84fa94-04c1-424b-9868-57a2d4851a1d" />
    <TestEntry testId="51707cbc-1754-a50f-c462-13fcddfc865d" executionId="cc727eed-16ef-427a-bc54-a4f6c7227433" testListId="8c84fa94-04c1-424b-9868-57a2d4851a1d" />
    <TestEntry testId="09a4dd5a-4bf9-562c-1006-1590b5153f1a" executionId="3fbdbbe9-194e-4454-8212-6c8528bf9183" testListId="8c84fa94-04c1-424b-9868-57a2d4851a1d" />
    <TestEntry testId="f9fe0745-dfe2-f07e-22a8-1c70db29181c" executionId="4aca3226-0dfa-46ae-bcc2-f0902cedb023" testListId="8c84fa94-04c1-424b-9868-57a2d4851a1d" />
    <TestEntry testId="f678ddae-f688-572b-51ed-2c6959a3b96b" executionId="e846f9d6-fe20-4628-9213-953d8f833a36" testListId="8c84fa94-04c1-424b-9868-57a2d4851a1d" />
    <TestEntry testId="8d05599b-cac3-45de-1dde-00e83e4032c6" executionId="82c0d098-d13f-4f82-b4c0-4b00f8938c34" testListId="8c84fa94-04c1-424b-9868-57a2d4851a1d" />
    <TestEntry testId="7eb971a4-7004-7bb9-da83-ad36f68ae629" executionId="31b87455-5907-444e-a748-43699e881be3" testListId="8c84fa94-04c1-424b-9868-57a2d4851a1d" />
    <TestEntry testId="a07db3a2-dced-b2c8-29d6-d33928641529" executionId="a44b811b-7fca-43cc-95f3-a0ee9dff27bb" testListId="8c84fa94-04c1-424b-9868-57a2d4851a1d" />
    <TestEntry testId="88dee885-4a0b-1acb-3cc4-64e9e6d8f232" executionId="bc3e0c21-e889-4c49-8418-76ad4ca8f69f" testListId="8c84fa94-04c1-424b-9868-57a2d4851a1d" />
    <TestEntry testId="8d20919f-f7f8-bd56-a9f8-3292aa3f090d" executionId="d4b67921-733f-4f31-b5bc-d2c506e139a6" testListId="8c84fa94-04c1-424b-9868-57a2d4851a1d" />
    <TestEntry testId="f4b5a181-239f-ba4f-6479-f6f8983ad878" executionId="f62d4ddb-9a54-4479-9a69-d5d0a6614182" testListId="8c84fa94-04c1-424b-9868-57a2d4851a1d" />
    <TestEntry testId="2496d861-0a7e-d2ae-5fb7-46627f34e933" executionId="09a48e7b-1a7a-4674-b74d-299c8acf0312" testListId="8c84fa94-04c1-424b-9868-57a2d4851a1d" />
    <TestEntry testId="94710dae-71e3-f97c-7af2-0bd9ab8f45ff" executionId="582a42b0-b7ad-4e0c-b0a0-2765203f7c04" testListId="8c84fa94-04c1-424b-9868-57a2d4851a1d" />
    <TestEntry testId="e30a50e4-5fc5-9d5d-10f7-16ecb2e1b63d" executionId="e2916d88-a5f3-4a9e-8b66-642ad643308a" testListId="8c84fa94-04c1-424b-9868-57a2d4851a1d" />
    <TestEntry testId="d7553a73-609b-31b3-8296-8251fbab72df" executionId="c6e4e67c-442a-4085-b9d7-a5b30b3b4fdb" testListId="8c84fa94-04c1-424b-9868-57a2d4851a1d" />
    <TestEntry testId="b74bbce8-76ae-b494-3531-735db43046c1" executionId="b4e5ac97-1c42-4ce0-a9d8-2a449373f25a" testListId="8c84fa94-04c1-424b-9868-57a2d4851a1d" />
    <TestEntry testId="682f39ff-c527-cc70-f782-4a8356476033" executionId="b0baaade-8610-44fd-a125-73b15ee081d4" testListId="8c84fa94-04c1-424b-9868-57a2d4851a1d" />
    <TestEntry testId="190d2d53-1b4e-0dc3-9c07-b8d5bab45c24" executionId="17f44256-90bc-48ff-852c-55abdc5255b9" testListId="8c84fa94-04c1-424b-9868-57a2d4851a1d" />
    <TestEntry testId="7ec75eb2-96db-bb40-1a70-8f9387bcf4e8" executionId="42abd1e8-be90-40f0-8577-b26dac479793" testListId="8c84fa94-04c1-424b-9868-57a2d4851a1d" />
    <TestEntry testId="5920768f-a09b-6c0f-417f-b3ee6ae36445" executionId="e5eab991-3609-4d8a-846f-2972d7c35ad2" testListId="8c84fa94-04c1-424b-9868-57a2d4851a1d" />
    <TestEntry testId="8724891d-a3de-bc9f-bddf-a6e41d5fb0b7" executionId="3941fab4-abc4-4b48-962d-876a350e9a66" testListId="8c84fa94-04c1-424b-9868-57a2d4851a1d" />
    <TestEntry testId="52def85d-81ac-9b7f-ee30-945ebfbe2838" executionId="22bfa0e3-3e07-43b0-97ea-c785459dc6ab" testListId="8c84fa94-04c1-424b-9868-57a2d4851a1d" />
    <TestEntry testId="0da96e81-bcfd-8493-6a94-d056dcc4529c" executionId="a136f872-1320-417f-b805-0be9486a17f8" testListId="8c84fa94-04c1-424b-9868-57a2d4851a1d" />
    <TestEntry testId="e4391781-a192-ebbd-41be-41a67e46b978" executionId="08a5d200-0a83-4027-8a23-19267aae3b0d" testListId="8c84fa94-04c1-424b-9868-57a2d4851a1d" />
    <TestEntry testId="694f79c7-ac74-8a87-349f-231c28d7dd63" executionId="24ee189b-f377-4bf3-ba0e-9ea7d36e7eea" testListId="8c84fa94-04c1-424b-9868-57a2d4851a1d" />
    <TestEntry testId="b642fba7-8689-3412-10ea-3f6f9e68b79c" executionId="4a10e8da-a1d9-460f-82aa-a0911619a824" testListId="8c84fa94-04c1-424b-9868-57a2d4851a1d" />
    <TestEntry testId="4ed78ddb-e516-1ff4-e25c-3c424ea71b42" executionId="04ccb09e-1d8f-4a25-930b-108c3e9c3979" testListId="8c84fa94-04c1-424b-9868-57a2d4851a1d" />
    <TestEntry testId="bbb98ce1-8155-9818-a92c-741f2fe74e75" executionId="637eb933-9919-47b8-bd95-d576ae41a1da" testListId="8c84fa94-04c1-424b-9868-57a2d4851a1d" />
    <TestEntry testId="131c3b44-8b74-3b18-021b-51f93e473e84" executionId="5d754c68-f314-46b2-b8b9-90ee67ea1f9b" testListId="8c84fa94-04c1-424b-9868-57a2d4851a1d" />
    <TestEntry testId="7eabb075-ff83-f5cd-546c-65e688fd5d4e" executionId="e01c4fcd-80b4-440a-8334-2eb3af3a91eb" testListId="8c84fa94-04c1-424b-9868-57a2d4851a1d" />
    <TestEntry testId="b968cc6f-353f-a351-2f3d-7ec20d9cb73c" executionId="5fd4b0f3-6679-41e6-a402-54fa8c583041" testListId="8c84fa94-04c1-424b-9868-57a2d4851a1d" />
    <TestEntry testId="cd5a3630-cfe8-4a8a-2127-10d71912a605" executionId="b09f0658-0f9d-41c6-8e3a-ea08414f3bc9" testListId="8c84fa94-04c1-424b-9868-57a2d4851a1d" />
    <TestEntry testId="7d3a8a97-1c1c-ccde-6683-75a79a53c5fa" executionId="2925b790-fc3a-4b44-b4ef-98a9f1a11b45" testListId="8c84fa94-04c1-424b-9868-57a2d4851a1d" />
    <TestEntry testId="bd80aa3a-9b4a-acf7-fad9-f68c8d5790bd" executionId="692ee9f6-6a6d-43f9-a538-3131ac472bf2" testListId="8c84fa94-04c1-424b-9868-57a2d4851a1d" />
    <TestEntry testId="699c5c0a-646e-a9ec-cfbc-59a1a2373f7b" executionId="9a459feb-20e4-44dd-9164-b82bbf5480e9" testListId="8c84fa94-04c1-424b-9868-57a2d4851a1d" />
    <TestEntry testId="fab3a637-2ec9-b6e4-89b8-705e3693c98f" executionId="3dde1657-f9f9-43a1-a739-1fdecd5b115f" testListId="8c84fa94-04c1-424b-9868-57a2d4851a1d" />
    <TestEntry testId="dd0bf543-8588-64d8-5d95-f86fa3760bc1" executionId="b4f4db71-6064-4fb4-878b-812ba58d40bd" testListId="8c84fa94-04c1-424b-9868-57a2d4851a1d" />
    <TestEntry testId="4a8ff443-cd35-ffb1-1a11-5b5a0918f861" executionId="1c64aae4-0c2e-43b2-9817-07b79d2a9c10" testListId="8c84fa94-04c1-424b-9868-57a2d4851a1d" />
    <TestEntry testId="e407e0ba-6cb1-0800-b521-2ff79d107d24" executionId="ccf2b16e-70d9-456a-af70-f995f96315ff" testListId="8c84fa94-04c1-424b-9868-57a2d4851a1d" />
    <TestEntry testId="fd00792d-20b1-587f-ae4f-a969fa97761d" executionId="cddaca18-3625-430e-97a1-79dcac8a8970" testListId="8c84fa94-04c1-424b-9868-57a2d4851a1d" />
    <TestEntry testId="b6945496-a8c9-3335-844f-a4bb7af7778d" executionId="27496ae8-ad6d-4d63-ad18-bf0948cf8eb6" testListId="8c84fa94-04c1-424b-9868-57a2d4851a1d" />
    <TestEntry testId="69bce976-2948-5bce-e392-f7dabb085718" executionId="e19c74cf-dc5e-476f-a679-092781888cfe" testListId="8c84fa94-04c1-424b-9868-57a2d4851a1d" />
    <TestEntry testId="ff9adbab-55b1-7cc5-e2f5-26ac977840fc" executionId="5d38ddfb-8d8b-4850-9019-037a2d99269f" testListId="8c84fa94-04c1-424b-9868-57a2d4851a1d" />
    <TestEntry testId="8c325ed6-65e2-d5e0-7146-93fb614d7bdc" executionId="dc25226b-d62b-498b-afc7-53d1062b96c3" testListId="8c84fa94-04c1-424b-9868-57a2d4851a1d" />
    <TestEntry testId="4aa86a56-21a3-5305-cf5e-b07bff289215" executionId="e5bbe223-8c95-441a-965c-ac5a256488f5" testListId="8c84fa94-04c1-424b-9868-57a2d4851a1d" />
    <TestEntry testId="042a5e53-8165-ed7f-c2f5-93ab16a213e4" executionId="bfea2808-2fb7-458c-ab07-4079bd7409e4" testListId="8c84fa94-04c1-424b-9868-57a2d4851a1d" />
    <TestEntry testId="909c7173-0a37-a622-9d5e-5b69f5417c9f" executionId="4e6d3184-8651-447d-92f8-0532a1fdb560" testListId="8c84fa94-04c1-424b-9868-57a2d4851a1d" />
    <TestEntry testId="c9b7057a-351a-cd8b-be9b-a46229782806" executionId="b26cb433-7af0-4715-a9be-2b4ff9cd5ab4" testListId="8c84fa94-04c1-424b-9868-57a2d4851a1d" />
    <TestEntry testId="ab1d4923-a026-1795-5755-522e048944a7" executionId="0e5fc233-65d8-4847-ba8c-62c551086a34" testListId="8c84fa94-04c1-424b-9868-57a2d4851a1d" />
    <TestEntry testId="857a0cd9-34cd-f527-db93-a9c2863f1f6f" executionId="37ece129-38f0-4fd5-8fd5-37c8f741d143" testListId="8c84fa94-04c1-424b-9868-57a2d4851a1d" />
    <TestEntry testId="b2bf6d26-899b-8a2a-7aeb-d236f401a560" executionId="2c7e169c-90b3-432d-9c56-34064a9eafa5" testListId="8c84fa94-04c1-424b-9868-57a2d4851a1d" />
    <TestEntry testId="c3fd3bc7-273f-e43c-863e-a58d2266df8f" executionId="8c814e47-c2f2-4ac9-8a19-57aee5206bbc" testListId="8c84fa94-04c1-424b-9868-57a2d4851a1d" />
    <TestEntry testId="139433f1-14bb-597a-2547-28af946a96f4" executionId="2369c4c8-fa5e-44b0-adbd-4d8c607d7e7c" testListId="8c84fa94-04c1-424b-9868-57a2d4851a1d" />
    <TestEntry testId="26dcfa33-6247-a37b-79c8-56ac74769800" executionId="ce5b5249-370c-4a6b-98af-b89df28013e4" testListId="8c84fa94-04c1-424b-9868-57a2d4851a1d" />
    <TestEntry testId="2817a6c5-4772-d668-f0ed-19f73668e12e" executionId="ee737692-616f-42fc-9036-e099d66a94dc" testListId="8c84fa94-04c1-424b-9868-57a2d4851a1d" />
    <TestEntry testId="0d952583-9938-dbda-2675-8e1752504066" executionId="6d005deb-0c83-446b-9117-efe52ffea53f" testListId="8c84fa94-04c1-424b-9868-57a2d4851a1d" />
    <TestEntry testId="8fe8d5db-8f0f-6a86-3d21-19ce71a5128c" executionId="4300e98f-9cf0-4fdc-b6a3-854e7d32c9ba" testListId="8c84fa94-04c1-424b-9868-57a2d4851a1d" />
    <TestEntry testId="6d97cd94-2168-d955-149b-ef7afef44406" executionId="a08cb1f8-3d70-45b8-a67f-5b3e66f69321" testListId="8c84fa94-04c1-424b-9868-57a2d4851a1d" />
    <TestEntry testId="5ae78c04-a37e-09c3-cedb-5577bb18cf57" executionId="3f1f3d04-91c4-4be1-99db-4e8a00a9b77e" testListId="8c84fa94-04c1-424b-9868-57a2d4851a1d" />
    <TestEntry testId="5b34268e-1ae9-16aa-0f1f-cc66b2f8a847" executionId="688188ed-fd41-493b-b759-1d3ac42fe4d4" testListId="8c84fa94-04c1-424b-9868-57a2d4851a1d" />
    <TestEntry testId="89a2dc9c-9c27-c927-4a9e-4946a4dde683" executionId="f56ee8fb-76f2-4fcd-9f5a-fb4b3263f611" testListId="8c84fa94-04c1-424b-9868-57a2d4851a1d" />
    <TestEntry testId="0a70eb16-4944-b00d-d000-856a83d548eb" executionId="39b66754-d179-4a34-8793-1213da628609" testListId="8c84fa94-04c1-424b-9868-57a2d4851a1d" />
    <TestEntry testId="7bc469cf-da7d-24b4-5617-2bba68ec0484" executionId="3a7ee6a6-64d9-47d8-bb88-1249ebebe2de" testListId="8c84fa94-04c1-424b-9868-57a2d4851a1d" />
    <TestEntry testId="ae86d6e1-ef94-3aa8-522e-f9723d06c0a7" executionId="f1cf5562-6255-4933-b0d6-6d2dc30a3ed3" testListId="8c84fa94-04c1-424b-9868-57a2d4851a1d" />
    <TestEntry testId="076dda98-8eb1-8934-c4c9-8add82f9c600" executionId="59678eda-53b1-4fe4-a5b6-97ce055ebaff" testListId="8c84fa94-04c1-424b-9868-57a2d4851a1d" />
    <TestEntry testId="02b6ef18-d677-896e-9b82-b0ae72b5b818" executionId="8fb8a140-f42d-4686-a37c-95fe40c1b7de" testListId="8c84fa94-04c1-424b-9868-57a2d4851a1d" />
    <TestEntry testId="d056c79e-705c-f316-51ce-9a6d4e940388" executionId="c92237da-c0b6-4b26-a9b3-26fac54bb319" testListId="8c84fa94-04c1-424b-9868-57a2d4851a1d" />
    <TestEntry testId="dc47a361-5bda-b35a-500d-ce5be7526334" executionId="6d8f4033-866a-4ee7-9e16-75fd6597a6fd" testListId="8c84fa94-04c1-424b-9868-57a2d4851a1d" />
    <TestEntry testId="809ff856-d48d-4675-1b0a-c039ce7b4019" executionId="a91efa33-2a82-4a4c-8dcf-cb9f1e240cb2" testListId="8c84fa94-04c1-424b-9868-57a2d4851a1d" />
    <TestEntry testId="1d9c3ea7-5e42-64d7-db55-99f408b9a03c" executionId="b85a8250-cc87-4ab5-af0b-882aa95a6b00" testListId="8c84fa94-04c1-424b-9868-57a2d4851a1d" />
    <TestEntry testId="287ee013-9707-f5ff-696c-4235086b68bf" executionId="848a0551-404e-4116-9b88-8e254d1fabec" testListId="8c84fa94-04c1-424b-9868-57a2d4851a1d" />
    <TestEntry testId="f6d448c5-4148-7e4d-d3e4-ca66f13de697" executionId="e6d2244f-eb77-4776-95cd-68efb303d2ad" testListId="8c84fa94-04c1-424b-9868-57a2d4851a1d" />
    <TestEntry testId="f95052db-bfc6-9a6c-303c-0d71fdbf7ece" executionId="22efa084-7086-4445-9c57-5a4c48e6e265" testListId="8c84fa94-04c1-424b-9868-57a2d4851a1d" />
    <TestEntry testId="59fbf208-5128-2ef3-ad86-e4eb64ea7808" executionId="62f1b338-a825-4998-9923-041b9e915151" testListId="8c84fa94-04c1-424b-9868-57a2d4851a1d" />
    <TestEntry testId="342a4ac3-a8c1-9d9f-adb8-d835ef932b07" executionId="2c35b9f4-e3ea-4362-a6b2-b01dbdf07da8" testListId="8c84fa94-04c1-424b-9868-57a2d4851a1d" />
    <TestEntry testId="e10aba01-7cba-4c4d-7ec5-82c3ac4838b3" executionId="1d6bf76e-bbc8-4e70-9e56-cd9ed9c94b13" testListId="8c84fa94-04c1-424b-9868-57a2d4851a1d" />
    <TestEntry testId="f826e7d1-3719-7040-7120-6417618730ca" executionId="e0e079f4-71ce-40ee-a899-914a4761da7b" testListId="8c84fa94-04c1-424b-9868-57a2d4851a1d" />
    <TestEntry testId="ee6b1c5a-7f98-a1ab-4d57-40ff040030c4" executionId="0ba61c3c-f595-43f3-9a9c-32d00aab508d" testListId="8c84fa94-04c1-424b-9868-57a2d4851a1d" />
    <TestEntry testId="471ffcc3-efc9-aca3-7a59-8e2bb0d7ea49" executionId="d6434fe5-99b0-4669-8a2e-e55a2afc25be" testListId="8c84fa94-04c1-424b-9868-57a2d4851a1d" />
    <TestEntry testId="1aa99af3-5b2b-befc-03e8-003e181380d2" executionId="abe6e2fc-693d-4897-ac70-fcbf081cc688" testListId="8c84fa94-04c1-424b-9868-57a2d4851a1d" />
    <TestEntry testId="0503af60-8d2b-c980-ab41-b1e27fcf70e4" executionId="d40ad953-ef66-4835-b06f-5f0125a258b0" testListId="8c84fa94-04c1-424b-9868-57a2d4851a1d" />
    <TestEntry testId="796fd013-af86-e3bd-e6ae-0bf7213f8fc8" executionId="3babfd5b-eb82-4f29-aec7-952e34d781d5" testListId="8c84fa94-04c1-424b-9868-57a2d4851a1d" />
    <TestEntry testId="aa47cb56-64ce-90a9-4ca6-827a19920b9b" executionId="297a1df7-ebb2-4c16-868b-0726dae85ba2" testListId="8c84fa94-04c1-424b-9868-57a2d4851a1d" />
    <TestEntry testId="a32af513-828f-588a-e45d-a5de408bd415" executionId="5d7db89c-c92e-4e94-b9e5-a698d602a979" testListId="8c84fa94-04c1-424b-9868-57a2d4851a1d" />
    <TestEntry testId="b5d7b95d-112e-8d26-5ade-40d842cbbe1e" executionId="6f20e747-d409-4d15-976a-82dd4749f97d" testListId="8c84fa94-04c1-424b-9868-57a2d4851a1d" />
    <TestEntry testId="3b419f55-e93b-1d0e-5adb-d071b66960b5" executionId="f65ba3ca-2602-4062-9b2b-9c2e6f9c505b" testListId="8c84fa94-04c1-424b-9868-57a2d4851a1d" />
    <TestEntry testId="6ab406ac-04f6-71cf-9e87-769a779fa02d" executionId="bfbed8a2-9074-4b31-9086-940da3ab1aec" testListId="8c84fa94-04c1-424b-9868-57a2d4851a1d" />
    <TestEntry testId="bab43349-a77e-018f-86ef-d25471b79009" executionId="828d8fdc-8218-441a-8ba7-1279d7bddeff" testListId="8c84fa94-04c1-424b-9868-57a2d4851a1d" />
    <TestEntry testId="42316c48-ee5d-5729-b9d2-4ff148ed11a2" executionId="494f28e1-02f1-438d-956a-de83ca0f8504" testListId="8c84fa94-04c1-424b-9868-57a2d4851a1d" />
    <TestEntry testId="5c19205c-85fc-e78c-412b-c8c8e351e5f3" executionId="4e7fbddd-5acb-4895-853f-281a1c8b2d45" testListId="8c84fa94-04c1-424b-9868-57a2d4851a1d" />
    <TestEntry testId="b34ca0cd-72b0-3ff2-ec3f-457ea3c361eb" executionId="536c1cd5-fe1a-4465-9c8e-b9e5bca011a6" testListId="8c84fa94-04c1-424b-9868-57a2d4851a1d" />
    <TestEntry testId="a8c107af-3352-df4a-728f-4c5ddc42080f" executionId="bb3c5ce8-b160-40f6-a3fa-98f73b1a4226" testListId="8c84fa94-04c1-424b-9868-57a2d4851a1d" />
    <TestEntry testId="902bbf88-4e29-fd06-d68b-0cddbb134dce" executionId="e1788938-8f36-47a7-940e-898705a9becc" testListId="8c84fa94-04c1-424b-9868-57a2d4851a1d" />
    <TestEntry testId="524bf257-5f2b-f6e2-5ce1-cec57274d201" executionId="ea6f15e6-be4f-4a4d-a73f-a8bfe3a16f0d" testListId="8c84fa94-04c1-424b-9868-57a2d4851a1d" />
    <TestEntry testId="4bd864ad-4a8e-5ea6-48e1-1f435ef947e3" executionId="e611469f-fece-4245-92c9-8edadc74a790" testListId="8c84fa94-04c1-424b-9868-57a2d4851a1d" />
    <TestEntry testId="21cb5c60-64d5-5d19-8eff-cc677e0c10c3" executionId="ae181a48-fcac-4894-948a-91bc50997755" testListId="8c84fa94-04c1-424b-9868-57a2d4851a1d" />
    <TestEntry testId="252033a3-469b-11d7-5c8f-eaf363c3f6fc" executionId="9ea03d45-2896-4335-a518-0b4a58138446" testListId="8c84fa94-04c1-424b-9868-57a2d4851a1d" />
    <TestEntry testId="9e94664e-1aa4-f1f5-c169-2b1dfa809ec5" executionId="a4aa9bef-d149-4a7e-8166-fcdbf70c63b6" testListId="8c84fa94-04c1-424b-9868-57a2d4851a1d" />
    <TestEntry testId="dd1c4a81-c46a-ac35-7ff0-413023a13cef" executionId="4dc67ffc-fab0-49c5-85b1-3a592e6641c9" testListId="8c84fa94-04c1-424b-9868-57a2d4851a1d" />
    <TestEntry testId="c6f3b6c8-101f-a1cf-07e8-bfd6ab743a4c" executionId="b184146b-9f4b-4194-9cdd-ed6dc3779fc5" testListId="8c84fa94-04c1-424b-9868-57a2d4851a1d" />
    <TestEntry testId="90d00d3c-5a17-5435-916a-8796d63151fb" executionId="20ea629e-b682-44d8-bd15-602e6b44cb14" testListId="8c84fa94-04c1-424b-9868-57a2d4851a1d" />
    <TestEntry testId="6b473336-f7ca-9b64-0b0a-5dd5c43c4241" executionId="7b01262b-0b99-40b8-8306-f24feb8e8276" testListId="8c84fa94-04c1-424b-9868-57a2d4851a1d" />
    <TestEntry testId="0a92acaa-237b-9010-da51-d3b6eebbfd99" executionId="9e7024d4-51fc-407b-99e7-d5820a491ab9" testListId="8c84fa94-04c1-424b-9868-57a2d4851a1d" />
    <TestEntry testId="5b79a8f1-056f-95e5-e7fc-9f35e65639c0" executionId="6869d276-0aa4-4b09-a286-40f8ecca0b80" testListId="8c84fa94-04c1-424b-9868-57a2d4851a1d" />
    <TestEntry testId="a4806210-62d6-ff3e-6e60-0c66e6eb5e0d" executionId="e7dfc141-8f25-49a3-80ed-a4af966d0d75" testListId="8c84fa94-04c1-424b-9868-57a2d4851a1d" />
    <TestEntry testId="d56de8d0-9997-d5e0-64c8-890a55ed7029" executionId="2be18aea-fb46-4b66-a7c8-cf696ee81cc1" testListId="8c84fa94-04c1-424b-9868-57a2d4851a1d" />
    <TestEntry testId="e407e0ba-6cb1-0800-b521-2ff79d107d24" executionId="24bcd4aa-0679-4bbe-907a-e68ce7921a1a" testListId="8c84fa94-04c1-424b-9868-57a2d4851a1d" />
    <TestEntry testId="3d9398db-df57-73bc-4a2e-215e36ba5401" executionId="3eecd7d5-e5ad-4fa4-9313-ae8511cb703f" testListId="8c84fa94-04c1-424b-9868-57a2d4851a1d" />
    <TestEntry testId="050900e9-d020-3c80-737a-afef16311f06" executionId="de40c6b7-a34d-4589-9548-9de2a63a3cbf" testListId="8c84fa94-04c1-424b-9868-57a2d4851a1d" />
    <TestEntry testId="1869ce70-495a-a648-db54-a24bcfbcef06" executionId="fa2ebd03-a32d-4647-872c-9989e324aede" testListId="8c84fa94-04c1-424b-9868-57a2d4851a1d" />
    <TestEntry testId="59bfeec6-7245-f81a-3c33-386829388bc3" executionId="469d51dd-dbec-45d6-9519-b238237cb9f0" testListId="8c84fa94-04c1-424b-9868-57a2d4851a1d" />
    <TestEntry testId="fb2d4765-0ebb-6e35-d5c6-1e29ed2ebac6" executionId="56241c90-d283-49c4-9873-27c31ce9706e" testListId="8c84fa94-04c1-424b-9868-57a2d4851a1d" />
    <TestEntry testId="a8f964f2-548d-90a4-8a93-883768f2145c" executionId="81147e47-e890-4bc7-b229-afdb099a740c" testListId="8c84fa94-04c1-424b-9868-57a2d4851a1d" />
    <TestEntry testId="9f61c951-fadc-e9ef-ee1e-bd9e51bf0f74" executionId="af90ee0f-556c-4f8e-8627-3137266573e1" testListId="8c84fa94-04c1-424b-9868-57a2d4851a1d" />
    <TestEntry testId="100400f3-50d7-d1a2-f3a8-8269bbcfb1d1" executionId="e3b040de-ecfc-4193-a351-7b7a857dc44d" testListId="8c84fa94-04c1-424b-9868-57a2d4851a1d" />
    <TestEntry testId="21d5b105-c48e-478f-afe5-7273fd94b294" executionId="ab2d7a0a-0dc3-44fe-8062-8c1a6c1da297" testListId="8c84fa94-04c1-424b-9868-57a2d4851a1d" />
    <TestEntry testId="ba664a7e-4c20-57c4-bf65-0145ddbc63b9" executionId="39fc69e0-8344-4578-b197-1db8f1cb76b9" testListId="8c84fa94-04c1-424b-9868-57a2d4851a1d" />
    <TestEntry testId="2575a366-6143-d60e-ba4e-a90a09fa25c2" executionId="f2505faa-d29c-493f-b1ca-67060bfb864b" testListId="8c84fa94-04c1-424b-9868-57a2d4851a1d" />
    <TestEntry testId="37330e53-6e04-9cd4-8720-f6cabc4be29f" executionId="d0a0cac5-0cbe-4cf8-85c3-573273985910" testListId="8c84fa94-04c1-424b-9868-57a2d4851a1d" />
    <TestEntry testId="99edfc35-2f96-0b90-4d4a-6309cd5e3ffe" executionId="ddd0e11f-f2c3-4833-a7c0-85ccba763494" testListId="8c84fa94-04c1-424b-9868-57a2d4851a1d" />
    <TestEntry testId="88fafd61-dbd1-a3ce-1b29-1097985d504d" executionId="78c4ade6-7161-4950-8de1-d04e3809801c" testListId="8c84fa94-04c1-424b-9868-57a2d4851a1d" />
    <TestEntry testId="91a7071d-6cde-a83f-1943-144c4bda1c81" executionId="b1187511-c7a7-465f-8aee-46319b71063f" testListId="8c84fa94-04c1-424b-9868-57a2d4851a1d" />
    <TestEntry testId="9e09f71a-052d-94fc-78a4-53d7c080ab6b" executionId="86c4c69e-038b-40ef-a89b-6dcc92d4e66a" testListId="8c84fa94-04c1-424b-9868-57a2d4851a1d" />
    <TestEntry testId="f127edc5-dd3f-24f5-9ab5-93382f82f4dc" executionId="92d46555-022b-48bc-8e04-19685a9389ae" testListId="8c84fa94-04c1-424b-9868-57a2d4851a1d" />
    <TestEntry testId="373036f4-7342-2e4f-6d71-bdbf33c5b337" executionId="a43f5652-477d-4f34-9ccc-0310b7630c2d" testListId="8c84fa94-04c1-424b-9868-57a2d4851a1d" />
    <TestEntry testId="19f9fff7-3ec2-7c1f-5e02-d355e2992c56" executionId="2184ec7c-88e9-4154-ae3c-9ffc20757b66" testListId="8c84fa94-04c1-424b-9868-57a2d4851a1d" />
    <TestEntry testId="0b5213e6-f3d0-cfe2-c00a-4945764c4e95" executionId="cc00eb9a-9550-408c-96a9-243a028d8793" testListId="8c84fa94-04c1-424b-9868-57a2d4851a1d" />
    <TestEntry testId="557ef4e8-39fd-d137-95c5-8bef3c54f326" executionId="20b03b1b-5099-4236-8597-1b3e76f82005" testListId="8c84fa94-04c1-424b-9868-57a2d4851a1d" />
    <TestEntry testId="97e622c5-348e-4563-ba18-61bcce370c8a" executionId="22191f0f-79d6-4ffb-82ac-552053132146" testListId="8c84fa94-04c1-424b-9868-57a2d4851a1d" />
    <TestEntry testId="2cfae5a8-554a-ea14-0f71-99846a4d8601" executionId="2f072d59-f52d-4a96-9596-3bc4c6f21439" testListId="8c84fa94-04c1-424b-9868-57a2d4851a1d" />
    <TestEntry testId="d552dcf5-c6d8-64f8-7da8-09767b90ad29" executionId="0b236eed-0a46-49ed-85ae-20ab197cc26c" testListId="8c84fa94-04c1-424b-9868-57a2d4851a1d" />
    <TestEntry testId="da66804f-9292-7a48-256c-ba41e030d24c" executionId="ca371f5c-00fe-4cc7-8887-54418ef5d4df" testListId="8c84fa94-04c1-424b-9868-57a2d4851a1d" />
    <TestEntry testId="ba1922fb-f4a5-c453-323e-5d9cc6299bff" executionId="b0bac801-0cf1-4a51-946e-72e83025df1e" testListId="8c84fa94-04c1-424b-9868-57a2d4851a1d" />
    <TestEntry testId="6bf0a02e-004a-8c82-9e6d-67d9a5184011" executionId="a3b1f5f7-af2a-4bba-9c91-4a5bd0eefec3" testListId="8c84fa94-04c1-424b-9868-57a2d4851a1d" />
    <TestEntry testId="40496898-05ae-0acc-c822-9247bd0ce28c" executionId="11aada48-dc62-4445-af60-a35a62f8a3a0" testListId="8c84fa94-04c1-424b-9868-57a2d4851a1d" />
    <TestEntry testId="3b235b78-660c-5cff-b1c5-9df1f10a54f9" executionId="800627b8-f052-47b6-8b15-9eebf8a2a688" testListId="8c84fa94-04c1-424b-9868-57a2d4851a1d" />
    <TestEntry testId="dd36d99d-3b27-213e-65da-dde1af73ed6f" executionId="402dd9f3-1de8-4cc2-9dfb-4a4df7ff3a68" testListId="8c84fa94-04c1-424b-9868-57a2d4851a1d" />
    <TestEntry testId="9ba489bf-222a-8ed2-d240-7c0686ea1a38" executionId="62294a8c-581d-458a-8e04-cab5a557357e" testListId="8c84fa94-04c1-424b-9868-57a2d4851a1d" />
    <TestEntry testId="1dc28d7e-d555-5653-80cd-2cb0c1c68684" executionId="236ae283-8f04-4be0-bf69-d567381f1831" testListId="8c84fa94-04c1-424b-9868-57a2d4851a1d" />
    <TestEntry testId="d5a597e5-4735-2e24-938b-c1be607b5d33" executionId="bcc34be6-9511-4852-9b31-f9ee3b06f233" testListId="8c84fa94-04c1-424b-9868-57a2d4851a1d" />
    <TestEntry testId="ef59779a-d069-c0d9-0ab2-d8a0d9346466" executionId="99d0953f-06f3-4fcb-b090-1118f2c6e66b" testListId="8c84fa94-04c1-424b-9868-57a2d4851a1d" />
    <TestEntry testId="4576983a-065f-bfee-1585-2b61784b9f3c" executionId="ac3b9b38-8c83-42a8-975d-dffeaed88a35" testListId="8c84fa94-04c1-424b-9868-57a2d4851a1d" />
  </TestEntries>
  <TestLists>
    <TestList name="Results Not in a List" id="8c84fa94-04c1-424b-9868-57a2d4851a1d" />
    <TestList name="All Loaded Results" id="19431567-8539-422a-85d7-44ee4e166bda" />
  </TestLists>
  <ResultSummary outcome="Completed">
    <Counters total="234" executed="234" passed="234" failed="0" error="0" timeout="0" aborted="0" inconclusive="0" passedButRunAborted="0" notRunnable="0" notExecuted="0" disconnected="0" warning="0" completed="0" inProgress="0" pending="0" />
  </ResultSummary>
</TestRun>