<?xml version="1.0" encoding="utf-8"?>
<TestRun id="70811baa-fea7-4152-86c3-67695b035ee0" name="DKSR-EFI-04$@DKSR-EFI-04 2023-12-22 09:32:53" runUser="NT AUTHORITY\NETWORK SERVICE" xmlns="http://microsoft.com/schemas/VisualStudio/TeamTest/2010">
  <Times creation="2023-12-22T09:32:53.5685616+01:00" queuing="2023-12-22T09:32:53.5685616+01:00" start="2023-12-22T09:32:42.9122640+01:00" finish="2023-12-22T09:32:54.9904436+01:00" />
  <TestSettings name="default" id="0eb674bc-2202-4236-8596-7666c0c0a49b">
    <Deployment runDeploymentRoot="DKSR-EFI-04$_DKSR-EFI-04_2023-12-22_09_32_53" />
  </TestSettings>
  <Results>
    <UnitTestResult executionId="ba7122b9-4064-45c5-8afc-7f4c238a78e2" testId="698dddba-19a1-c74d-b57e-e145461a60b8" testName="WebServiceManagerBase_Constructor_User_Password_Null" computerName="DKSR-EFI-04" duration="00:00:00.0007681" startTime="2023-12-22T09:32:53.0060586+01:00" endTime="2023-12-22T09:32:53.0060586+01:00" testType="13cdc9d9-ddb5-4fa4-a97d-d965ccfc6d4b" outcome="Passed" testListId="8c84fa94-04c1-424b-9868-57a2d4851a1d" relativeResultsDirectory="ba7122b9-4064-45c5-8afc-7f4c238a78e2" />
    <UnitTestResult executionId="1776fb93-5b69-44a6-93bb-494835ce686c" testId="fcd02a09-fc7b-8318-dd65-00fb25cec535" testName="WebServiceManagerBase_CallWithRetry_MethodAction_ArgumentNullException" computerName="DKSR-EFI-04" duration="00:00:00.0021195" startTime="2023-12-22T09:32:53.5685616+01:00" endTime="2023-12-22T09:32:53.5685616+01:00" testType="13cdc9d9-ddb5-4fa4-a97d-d965ccfc6d4b" outcome="Passed" testListId="8c84fa94-04c1-424b-9868-57a2d4851a1d" relativeResultsDirectory="1776fb93-5b69-44a6-93bb-494835ce686c" />
    <UnitTestResult executionId="35ed76a5-94ee-44e4-8519-a077151794c7" testId="f20345f4-0ccf-bb67-d76b-0f14bac098d0" testName="WebServiceManagerBase_Constructor_User_UserName_Null" computerName="DKSR-EFI-04" duration="00:00:00.0068371" startTime="2023-12-22T09:32:53.0060586+01:00" endTime="2023-12-22T09:32:53.0060586+01:00" testType="13cdc9d9-ddb5-4fa4-a97d-d965ccfc6d4b" outcome="Passed" testListId="8c84fa94-04c1-424b-9868-57a2d4851a1d" relativeResultsDirectory="35ed76a5-94ee-44e4-8519-a077151794c7" />
    <UnitTestResult executionId="9dd780c9-aed4-4a24-83dd-fd35d657558a" testId="ae8327f2-968d-1d4d-0555-b5c1cc1b0744" testName="WebServiceManagerBase_Constructor_WindowsUser" computerName="DKSR-EFI-04" duration="00:00:00.0017464" startTime="2023-12-22T09:32:52.9904350+01:00" endTime="2023-12-22T09:32:52.9904350+01:00" testType="13cdc9d9-ddb5-4fa4-a97d-d965ccfc6d4b" outcome="Passed" testListId="8c84fa94-04c1-424b-9868-57a2d4851a1d" relativeResultsDirectory="9dd780c9-aed4-4a24-83dd-fd35d657558a" />
    <UnitTestResult executionId="d3c8d741-2a23-438d-a0a4-61886d757257" testId="3b215014-a658-8db2-1568-8beb2bb99c41" testName="WebServiceManagerBase_Initialize_BasicUser" computerName="DKSR-EFI-04" duration="00:00:00.0033363" startTime="2023-12-22T09:32:53.5529368+01:00" endTime="2023-12-22T09:32:53.5529368+01:00" testType="13cdc9d9-ddb5-4fa4-a97d-d965ccfc6d4b" outcome="Passed" testListId="8c84fa94-04c1-424b-9868-57a2d4851a1d" relativeResultsDirectory="d3c8d741-2a23-438d-a0a4-61886d757257" />
    <UnitTestResult executionId="1c38da26-e486-450a-8aa8-45f192c2cb38" testId="3b884967-d8d0-4df7-c2d6-6e329674dab3" testName="ManagementServerWcfHelper_ConfigureCredential_LegacyWindowsNullClientCredential_ThrowException" computerName="DKSR-EFI-04" duration="00:00:00.0002811" startTime="2023-12-22T09:32:53.8498144+01:00" endTime="2023-12-22T09:32:53.8498144+01:00" testType="13cdc9d9-ddb5-4fa4-a97d-d965ccfc6d4b" outcome="Passed" testListId="8c84fa94-04c1-424b-9868-57a2d4851a1d" relativeResultsDirectory="1c38da26-e486-450a-8aa8-45f192c2cb38" />
    <UnitTestResult executionId="47ee44c1-9d40-40d2-b3d7-c034f6c0e3a3" testId="f599e2ac-b159-2bd5-61ca-1c1df56f3c55" testName="ManagementServerWcfHelper_ConfigureCredential_LegacyWindowsCurrentUserNullPassword_Success" computerName="DKSR-EFI-04" duration="00:00:00.0001632" startTime="2023-12-22T09:32:53.8341885+01:00" endTime="2023-12-22T09:32:53.8341885+01:00" testType="13cdc9d9-ddb5-4fa4-a97d-d965ccfc6d4b" outcome="Passed" testListId="8c84fa94-04c1-424b-9868-57a2d4851a1d" relativeResultsDirectory="47ee44c1-9d40-40d2-b3d7-c034f6c0e3a3" />
    <UnitTestResult executionId="4930431f-d1ff-4994-971b-efbf80c6a060" testId="e7662e93-d89a-b923-fa1f-10c2c67809ff" testName="SpnFactory_GetSpn_NotLocalhost" computerName="DKSR-EFI-04" duration="00:00:00.0001599" startTime="2023-12-22T09:32:54.0060645+01:00" endTime="2023-12-22T09:32:54.0060645+01:00" testType="13cdc9d9-ddb5-4fa4-a97d-d965ccfc6d4b" outcome="Passed" testListId="8c84fa94-04c1-424b-9868-57a2d4851a1d" relativeResultsDirectory="4930431f-d1ff-4994-971b-efbf80c6a060" />
    <UnitTestResult executionId="fb19044d-1eea-49ba-85c0-bde70b40b8c0" testId="f4dc2cd7-25f1-2620-14d7-e21534aa2fd0" testName="ManagementServerWcfHelper_ConfigureCredential_LegacyWindowsCurrentUserNullUsernamePassword_Success" computerName="DKSR-EFI-04" duration="00:00:00.0041119" startTime="2023-12-22T09:32:53.8341885+01:00" endTime="2023-12-22T09:32:53.8341885+01:00" testType="13cdc9d9-ddb5-4fa4-a97d-d965ccfc6d4b" outcome="Passed" testListId="8c84fa94-04c1-424b-9868-57a2d4851a1d" relativeResultsDirectory="fb19044d-1eea-49ba-85c0-bde70b40b8c0" />
    <UnitTestResult executionId="18ceaad1-3db3-4043-a551-466be3c01f5e" testId="27251ebd-a906-115f-e194-888fdeae78a0" testName="WebServiceManagerBase_ExceptionHandling_Manual_Handler" computerName="DKSR-EFI-04" duration="00:00:00.0023731" startTime="2023-12-22T09:32:53.7716885+01:00" endTime="2023-12-22T09:32:53.7716885+01:00" testType="13cdc9d9-ddb5-4fa4-a97d-d965ccfc6d4b" outcome="Passed" testListId="8c84fa94-04c1-424b-9868-57a2d4851a1d" relativeResultsDirectory="18ceaad1-3db3-4043-a551-466be3c01f5e" />
    <UnitTestResult executionId="42b23139-bb1d-4e32-8dbf-482cfad6d960" testId="65e32d54-a78a-06e7-0b2a-a7b33efa75c4" testName="WebServiceManagerBase_Constructor_Token_Unsecure" computerName="DKSR-EFI-04" duration="00:00:00.0017098" startTime="2023-12-22T09:32:53.0216839+01:00" endTime="2023-12-22T09:32:53.0216839+01:00" testType="13cdc9d9-ddb5-4fa4-a97d-d965ccfc6d4b" outcome="Passed" testListId="8c84fa94-04c1-424b-9868-57a2d4851a1d" relativeResultsDirectory="42b23139-bb1d-4e32-8dbf-482cfad6d960" />
    <UnitTestResult executionId="682c0bed-0e1d-4504-8d51-45e49ba66ed6" testId="2063c2aa-16ab-ca7d-a163-864058f25498" testName="WebServiceManagerBase_Constructor_Token_Secure" computerName="DKSR-EFI-04" duration="00:00:00.0004198" startTime="2023-12-22T09:32:53.0216839+01:00" endTime="2023-12-22T09:32:53.0216839+01:00" testType="13cdc9d9-ddb5-4fa4-a97d-d965ccfc6d4b" outcome="Passed" testListId="8c84fa94-04c1-424b-9868-57a2d4851a1d" relativeResultsDirectory="682c0bed-0e1d-4504-8d51-45e49ba66ed6" />
    <UnitTestResult executionId="eb71e9c4-3701-4fa7-b88a-16087453b0f2" testId="c83d7024-acd4-4618-c7c0-ce4b53f044cc" testName="Initialize_FactoryIsNull_FactoryIsSet" computerName="DKSR-EFI-04" duration="00:00:00.0370929" startTime="2023-12-22T09:32:54.0060645+01:00" endTime="2023-12-22T09:32:54.0373129+01:00" testType="13cdc9d9-ddb5-4fa4-a97d-d965ccfc6d4b" outcome="Passed" testListId="8c84fa94-04c1-424b-9868-57a2d4851a1d" relativeResultsDirectory="eb71e9c4-3701-4fa7-b88a-16087453b0f2" />
    <UnitTestResult executionId="c47e15ff-bfb5-42e2-8bc1-dacca1fa42e5" testId="058ccf36-343e-f8a4-2d8e-5195d43003d3" testName="ManagementServerWcfHelper_ConfigureCredential_LegacyWindowsNullPassword_ThrowException" computerName="DKSR-EFI-04" duration="00:00:00.0003345" startTime="2023-12-22T09:32:53.8654391+01:00" endTime="2023-12-22T09:32:53.8654391+01:00" testType="13cdc9d9-ddb5-4fa4-a97d-d965ccfc6d4b" outcome="Passed" testListId="8c84fa94-04c1-424b-9868-57a2d4851a1d" relativeResultsDirectory="c47e15ff-bfb5-42e2-8bc1-dacca1fa42e5" />
    <UnitTestResult executionId="5be7c1dc-6ded-4335-ad6a-bbef99e3663a" testId="211f2ba6-9227-d868-4d19-f97687042449" testName="SpnFactory_GetSpn_Localhost" computerName="DKSR-EFI-04" duration="00:00:00.0003523" startTime="2023-12-22T09:32:54.0060645+01:00" endTime="2023-12-22T09:32:54.0060645+01:00" testType="13cdc9d9-ddb5-4fa4-a97d-d965ccfc6d4b" outcome="Passed" testListId="8c84fa94-04c1-424b-9868-57a2d4851a1d" relativeResultsDirectory="5be7c1dc-6ded-4335-ad6a-bbef99e3663a" />
    <UnitTestResult executionId="c667e7be-461a-4e81-9a2b-155c9eb8fe24" testId="0d6c3018-8651-f775-1bcc-e2f4831219ea" testName="WebServiceManagerBase_CallWithRetry_Retry_MessageSecurityException_InnerIdp_NoRetry" computerName="DKSR-EFI-04" duration="00:00:00.0049086" startTime="2023-12-22T09:32:53.7404373+01:00" endTime="2023-12-22T09:32:53.7404373+01:00" testType="13cdc9d9-ddb5-4fa4-a97d-d965ccfc6d4b" outcome="Passed" testListId="8c84fa94-04c1-424b-9868-57a2d4851a1d" relativeResultsDirectory="c667e7be-461a-4e81-9a2b-155c9eb8fe24" />
    <UnitTestResult executionId="27132955-3435-409e-a6d0-6fc1eee9eaa1" testId="f5aeb169-8d5c-8ae4-c41f-e75c0667f88c" testName="WebServiceManagerBase_Constructor_CurrentUser" computerName="DKSR-EFI-04" duration="00:00:00.5058962" startTime="2023-12-22T09:32:52.0373046+01:00" endTime="2023-12-22T09:32:52.9279322+01:00" testType="13cdc9d9-ddb5-4fa4-a97d-d965ccfc6d4b" outcome="Passed" testListId="8c84fa94-04c1-424b-9868-57a2d4851a1d" relativeResultsDirectory="27132955-3435-409e-a6d0-6fc1eee9eaa1" />
    <UnitTestResult executionId="b49e064e-9290-4511-b7a8-fe1b61d8816e" testId="3aa66891-0927-06ff-f572-32558746d1dd" testName="WebServiceManagerBase_Initialize_OAuthUnsecure" computerName="DKSR-EFI-04" duration="00:00:00.0010178" startTime="2023-12-22T09:32:53.5529368+01:00" endTime="2023-12-22T09:32:53.5529368+01:00" testType="13cdc9d9-ddb5-4fa4-a97d-d965ccfc6d4b" outcome="Passed" testListId="8c84fa94-04c1-424b-9868-57a2d4851a1d" relativeResultsDirectory="b49e064e-9290-4511-b7a8-fe1b61d8816e" />
    <UnitTestResult executionId="cc569f45-d08b-4139-b07b-43db6c62a907" testId="9585d6bc-56eb-698b-3a16-a729500d8a93" testName="ProxyClientFactory_CreateService_WithTokenCache" computerName="DKSR-EFI-04" duration="00:00:00.2620904" startTime="2023-12-22T09:32:54.0373129+01:00" endTime="2023-12-22T09:32:54.3185670+01:00" testType="13cdc9d9-ddb5-4fa4-a97d-d965ccfc6d4b" outcome="Passed" testListId="8c84fa94-04c1-424b-9868-57a2d4851a1d" relativeResultsDirectory="cc569f45-d08b-4139-b07b-43db6c62a907" />
    <UnitTestResult executionId="8d4ed14d-97a9-4926-b7d4-3fdfe9b2ec72" testId="1bbfb0f3-ab23-3029-01e8-54c798ce2b00" testName="ManagementServerWcfHelper_ConfigureCredential_LegacyWindowsNullUsername_ThrowException" computerName="DKSR-EFI-04" duration="00:00:00.0005188" startTime="2023-12-22T09:32:53.8498144+01:00" endTime="2023-12-22T09:32:53.8654391+01:00" testType="13cdc9d9-ddb5-4fa4-a97d-d965ccfc6d4b" outcome="Passed" testListId="8c84fa94-04c1-424b-9868-57a2d4851a1d" relativeResultsDirectory="8d4ed14d-97a9-4926-b7d4-3fdfe9b2ec72" />
    <UnitTestResult executionId="316dec06-0234-4c85-b263-721ea9a7b17d" testId="a95bb1bd-eb07-be70-37c8-ade000bafcae" testName="ManagementServerWcfHelper_GetBinding_LegacyWindowsCurrentUser" computerName="DKSR-EFI-04" duration="00:00:00.0047972" startTime="2023-12-22T09:32:53.8029379+01:00" endTime="2023-12-22T09:32:53.8029379+01:00" testType="13cdc9d9-ddb5-4fa4-a97d-d965ccfc6d4b" outcome="Passed" testListId="8c84fa94-04c1-424b-9868-57a2d4851a1d" relativeResultsDirectory="316dec06-0234-4c85-b263-721ea9a7b17d" />
    <UnitTestResult executionId="44f03e95-2a97-4a9b-b9c2-6313c82d33d6" testId="c908d8e8-2438-04db-a0e0-67533ab91b11" testName="ManagementServerWcfHelper_GetEndpointAddress_OAuthSecure" computerName="DKSR-EFI-04" duration="00:00:00.0001831" startTime="2023-12-22T09:32:53.9904382+01:00" endTime="2023-12-22T09:32:53.9904382+01:00" testType="13cdc9d9-ddb5-4fa4-a97d-d965ccfc6d4b" outcome="Passed" testListId="8c84fa94-04c1-424b-9868-57a2d4851a1d" relativeResultsDirectory="44f03e95-2a97-4a9b-b9c2-6313c82d33d6" />
    <UnitTestResult executionId="4ab0f1a2-c642-4662-b5dd-cc8594d43077" testId="b5986743-9922-08f5-fa11-aec8890e5849" testName="WebServiceManagerBase_CallWithRetry_MethodAction_Success" computerName="DKSR-EFI-04" duration="00:00:00.1255885" startTime="2023-12-22T09:32:53.5685616+01:00" endTime="2023-12-22T09:32:53.6935626+01:00" testType="13cdc9d9-ddb5-4fa4-a97d-d965ccfc6d4b" outcome="Passed" testListId="8c84fa94-04c1-424b-9868-57a2d4851a1d" relativeResultsDirectory="4ab0f1a2-c642-4662-b5dd-cc8594d43077" />
    <UnitTestResult executionId="1a848492-566c-4d55-a5a7-b3f84a7e6884" testId="0946643e-22f3-e9fc-13b4-a55730d5cf1a" testName="ManagementServerWcfHelper_ConfigureCredential_LegacyBasicNullUsername_ThrowException" computerName="DKSR-EFI-04" duration="00:00:00.0003328" startTime="2023-12-22T09:32:53.8654391+01:00" endTime="2023-12-22T09:32:53.8654391+01:00" testType="13cdc9d9-ddb5-4fa4-a97d-d965ccfc6d4b" outcome="Passed" testListId="8c84fa94-04c1-424b-9868-57a2d4851a1d" relativeResultsDirectory="1a848492-566c-4d55-a5a7-b3f84a7e6884" />
    <UnitTestResult executionId="19a18aa1-eb58-4a5f-9226-b22cfe729dc6" testId="ad2cd101-e9de-73f7-7dd1-9388cd5dbc7b" testName="WebServiceManagerBase_CallWithRetry_Retry_CommunicationException_Success" computerName="DKSR-EFI-04" duration="00:00:00.0101566" startTime="2023-12-22T09:32:53.7091883+01:00" endTime="2023-12-22T09:32:53.7091883+01:00" testType="13cdc9d9-ddb5-4fa4-a97d-d965ccfc6d4b" outcome="Passed" testListId="8c84fa94-04c1-424b-9868-57a2d4851a1d" relativeResultsDirectory="19a18aa1-eb58-4a5f-9226-b22cfe729dc6" />
    <UnitTestResult executionId="41200920-3c7a-4c79-802b-2410bcdffca9" testId="f0d93962-9ac2-80b2-3134-ca5f213e0035" testName="WebServiceManagerBase_ExceptionHandling_Overall_Handler" computerName="DKSR-EFI-04" duration="00:00:00.0057485" startTime="2023-12-22T09:32:53.7716885+01:00" endTime="2023-12-22T09:32:53.7716885+01:00" testType="13cdc9d9-ddb5-4fa4-a97d-d965ccfc6d4b" outcome="Passed" testListId="8c84fa94-04c1-424b-9868-57a2d4851a1d" relativeResultsDirectory="41200920-3c7a-4c79-802b-2410bcdffca9" />
    <UnitTestResult executionId="d5feeffb-0345-40a2-a60c-6a7b66112da4" testId="36de7592-463f-47f7-983d-c5f5eecbe17d" testName="ManagementServerWcfHelper_ConfigureCredential_LegacyBasicNullPassword_ThrowException" computerName="DKSR-EFI-04" duration="00:00:00.0003586" startTime="2023-12-22T09:32:53.8810654+01:00" endTime="2023-12-22T09:32:53.8810654+01:00" testType="13cdc9d9-ddb5-4fa4-a97d-d965ccfc6d4b" outcome="Passed" testListId="8c84fa94-04c1-424b-9868-57a2d4851a1d" relativeResultsDirectory="d5feeffb-0345-40a2-a60c-6a7b66112da4" />
    <UnitTestResult executionId="13c9485a-7ede-4340-ba4e-71b71a4199dd" testId="1a633edc-caab-7ec3-e3d7-31517620e296" testName="ManagementServerWcfHelper_GetEndpointAddress_NonExistentServerAuth" computerName="DKSR-EFI-04" duration="00:00:00.0009705" startTime="2023-12-22T09:32:53.9904382+01:00" endTime="2023-12-22T09:32:53.9904382+01:00" testType="13cdc9d9-ddb5-4fa4-a97d-d965ccfc6d4b" outcome="Passed" testListId="8c84fa94-04c1-424b-9868-57a2d4851a1d" relativeResultsDirectory="13c9485a-7ede-4340-ba4e-71b71a4199dd" />
    <UnitTestResult executionId="d3dcfc3e-7dca-484b-9305-ad1814a35b22" testId="6b09f188-1d85-7471-47b5-8d443de27ab4" testName="WebServiceManagerBase_CallWithRetry_Retry_CommunicationExceptionWithInnerIdpException_NoRetry" computerName="DKSR-EFI-04" duration="00:00:00.0023941" startTime="2023-12-22T09:32:53.7560633+01:00" endTime="2023-12-22T09:32:53.7560633+01:00" testType="13cdc9d9-ddb5-4fa4-a97d-d965ccfc6d4b" outcome="Passed" testListId="8c84fa94-04c1-424b-9868-57a2d4851a1d" relativeResultsDirectory="d3dcfc3e-7dca-484b-9305-ad1814a35b22" />
    <UnitTestResult executionId="0ecbd02f-c899-4359-accd-8c11a1fe3679" testId="c560296b-50a2-51d5-e7f1-4e6f2e3766c0" testName="ManagementServerWcfHelper_GetEndpointAddress_LegacyWindowsCurrentUser" computerName="DKSR-EFI-04" duration="00:00:00.0002148" startTime="2023-12-22T09:32:53.9904382+01:00" endTime="2023-12-22T09:32:53.9904382+01:00" testType="13cdc9d9-ddb5-4fa4-a97d-d965ccfc6d4b" outcome="Passed" testListId="8c84fa94-04c1-424b-9868-57a2d4851a1d" relativeResultsDirectory="0ecbd02f-c899-4359-accd-8c11a1fe3679" />
    <UnitTestResult executionId="fe85f731-822f-4c4e-86e6-8afb96b0606e" testId="0e8a9888-78cb-f9ea-461d-ec1ac194c346" testName="WebServiceManagerBase_CallWithRetry_MethodFunction_ArgumentNullException" computerName="DKSR-EFI-04" duration="00:00:00.0026125" startTime="2023-12-22T09:32:53.5685616+01:00" endTime="2023-12-22T09:32:53.5685616+01:00" testType="13cdc9d9-ddb5-4fa4-a97d-d965ccfc6d4b" outcome="Passed" testListId="8c84fa94-04c1-424b-9868-57a2d4851a1d" relativeResultsDirectory="fe85f731-822f-4c4e-86e6-8afb96b0606e" />
    <UnitTestResult executionId="a4314bca-6323-4855-80d7-8a1cd0c85ffa" testId="7ad15d50-6b1a-5f37-ff81-15e62021567f" testName="WebServiceManagerBase_CallWithRetry_Retry_ObjectDisposedException_Success" computerName="DKSR-EFI-04" duration="00:00:00.0033635" startTime="2023-12-22T09:32:53.7248127+01:00" endTime="2023-12-22T09:32:53.7248127+01:00" testType="13cdc9d9-ddb5-4fa4-a97d-d965ccfc6d4b" outcome="Passed" testListId="8c84fa94-04c1-424b-9868-57a2d4851a1d" relativeResultsDirectory="a4314bca-6323-4855-80d7-8a1cd0c85ffa" />
    <UnitTestResult executionId="149aeb84-d0af-4b26-8b88-5781532364d4" testId="b3fa6a9d-3bcf-e0ea-143d-ffe3580b1fbf" testName="ManagementServerWcfHelper_GetBinding_LegacyBasic" computerName="DKSR-EFI-04" duration="00:00:00.0004113" startTime="2023-12-22T09:32:53.8185629+01:00" endTime="2023-12-22T09:32:53.8185629+01:00" testType="13cdc9d9-ddb5-4fa4-a97d-d965ccfc6d4b" outcome="Passed" testListId="8c84fa94-04c1-424b-9868-57a2d4851a1d" relativeResultsDirectory="149aeb84-d0af-4b26-8b88-5781532364d4" />
    <UnitTestResult executionId="1040bdfa-5240-40d6-bb7a-dc3b983da781" testId="bf5663e2-96fc-b02a-68fb-c3ca9cca605c" testName="WebServiceManagerBase_CallWithRetry_Retry_FaultException_NoRetry" computerName="DKSR-EFI-04" duration="00:00:00.0064362" startTime="2023-12-22T09:32:53.7248127+01:00" endTime="2023-12-22T09:32:53.7248127+01:00" testType="13cdc9d9-ddb5-4fa4-a97d-d965ccfc6d4b" outcome="Passed" testListId="8c84fa94-04c1-424b-9868-57a2d4851a1d" relativeResultsDirectory="1040bdfa-5240-40d6-bb7a-dc3b983da781" />
    <UnitTestResult executionId="7ed69e2e-3ee9-46b2-8d35-3cb5aa1d07d1" testId="ffb44ac4-938a-32ba-75a0-091497d8af06" testName="ManagementServerWcfHelper_GetBinding_LegacyWindows" computerName="DKSR-EFI-04" duration="00:00:00.0002341" startTime="2023-12-22T09:32:53.8185629+01:00" endTime="2023-12-22T09:32:53.8185629+01:00" testType="13cdc9d9-ddb5-4fa4-a97d-d965ccfc6d4b" outcome="Passed" testListId="8c84fa94-04c1-424b-9868-57a2d4851a1d" relativeResultsDirectory="7ed69e2e-3ee9-46b2-8d35-3cb5aa1d07d1" />
    <UnitTestResult executionId="3be1da08-36cf-432e-8533-d9e781e38864" testId="61bb9a23-0abb-174e-cc77-8c5cd220ceab" testName="WebServiceManagerBase_Constructor_Token_TokenNull" computerName="DKSR-EFI-04" duration="00:00:00.0007613" startTime="2023-12-22T09:32:53.0216839+01:00" endTime="2023-12-22T09:32:53.0373097+01:00" testType="13cdc9d9-ddb5-4fa4-a97d-d965ccfc6d4b" outcome="Passed" testListId="8c84fa94-04c1-424b-9868-57a2d4851a1d" relativeResultsDirectory="3be1da08-36cf-432e-8533-d9e781e38864" />
    <UnitTestResult executionId="c7d0e782-0a29-45ec-837a-05082e9aabce" testId="d04747e5-9a44-aaf2-82d0-afed2e329e0b" testName="ManagementServerWcfHelper_ConfigureCredential_LegacyBasic_Success" computerName="DKSR-EFI-04" duration="00:00:00.0030754" startTime="2023-12-22T09:32:53.8654391+01:00" endTime="2023-12-22T09:32:53.8654391+01:00" testType="13cdc9d9-ddb5-4fa4-a97d-d965ccfc6d4b" outcome="Passed" testListId="8c84fa94-04c1-424b-9868-57a2d4851a1d" relativeResultsDirectory="c7d0e782-0a29-45ec-837a-05082e9aabce" />
    <UnitTestResult executionId="1b97ddaa-1b44-442c-a448-80d0b166e9bd" testId="87ffa1c4-ac48-03ca-4642-af3a8feedc2b" testName="ManagementServerWcfHelper_ConfigureCredential_LegacyWindowsWithDomain_Success" computerName="DKSR-EFI-04" duration="00:00:00.0004849" startTime="2023-12-22T09:32:53.8498144+01:00" endTime="2023-12-22T09:32:53.8498144+01:00" testType="13cdc9d9-ddb5-4fa4-a97d-d965ccfc6d4b" outcome="Passed" testListId="8c84fa94-04c1-424b-9868-57a2d4851a1d" relativeResultsDirectory="1b97ddaa-1b44-442c-a448-80d0b166e9bd" />
    <UnitTestResult executionId="30e0d1f1-e001-4ac0-a38b-c5c6534c4501" testId="c5e925e3-a83d-9739-edcd-4b49a31fc387" testName="ManagementServerWcfHelper_ConfigureCredential_LegacyWindowsCurrentUserNullUsername_Success" computerName="DKSR-EFI-04" duration="00:00:00.0001676" startTime="2023-12-22T09:32:53.8341885+01:00" endTime="2023-12-22T09:32:53.8341885+01:00" testType="13cdc9d9-ddb5-4fa4-a97d-d965ccfc6d4b" outcome="Passed" testListId="8c84fa94-04c1-424b-9868-57a2d4851a1d" relativeResultsDirectory="30e0d1f1-e001-4ac0-a38b-c5c6534c4501" />
    <UnitTestResult executionId="720b8e15-4bec-4426-adb0-a4ef3ce6c185" testId="9839b810-cf39-0a9f-fc16-86e9b230c9d9" testName="ManagementServerWcfHelper_GetBinding_NonExistentServerAuth" computerName="DKSR-EFI-04" duration="00:00:00.0021853" startTime="2023-12-22T09:32:53.8185629+01:00" endTime="2023-12-22T09:32:53.8185629+01:00" testType="13cdc9d9-ddb5-4fa4-a97d-d965ccfc6d4b" outcome="Passed" testListId="8c84fa94-04c1-424b-9868-57a2d4851a1d" relativeResultsDirectory="720b8e15-4bec-4426-adb0-a4ef3ce6c185" />
    <UnitTestResult executionId="20155a9b-e644-493a-9246-df3f6582b74e" testId="22f5ea1c-ceb7-4cdb-99e5-c16fb385ccc9" testName="WebServiceManagerBase_Initialize_CurrentUser" computerName="DKSR-EFI-04" duration="00:00:00.4959271" startTime="2023-12-22T09:32:53.0373097+01:00" endTime="2023-12-22T09:32:53.5216861+01:00" testType="13cdc9d9-ddb5-4fa4-a97d-d965ccfc6d4b" outcome="Passed" testListId="8c84fa94-04c1-424b-9868-57a2d4851a1d" relativeResultsDirectory="20155a9b-e644-493a-9246-df3f6582b74e" />
    <UnitTestResult executionId="3183be77-263a-42d4-95eb-2c431939d864" testId="c254d256-647a-2bc7-95b3-2f4c4b3935c2" testName="ManagementServerWcfHelper_GetEndpointAddress_LegacyBasic" computerName="DKSR-EFI-04" duration="00:00:00.0002154" startTime="2023-12-22T09:32:53.8810654+01:00" endTime="2023-12-22T09:32:53.8810654+01:00" testType="13cdc9d9-ddb5-4fa4-a97d-d965ccfc6d4b" outcome="Passed" testListId="8c84fa94-04c1-424b-9868-57a2d4851a1d" relativeResultsDirectory="3183be77-263a-42d4-95eb-2c431939d864" />
    <UnitTestResult executionId="83ec6f4b-3d1a-4f04-a6f2-fe104389ee51" testId="10da0836-323e-7559-1cec-599818240865" testName="WebServiceManagerBase_CallWithRetry_Retry_EndpointNotFoundException_Retry" computerName="DKSR-EFI-04" duration="00:00:00.0021514" startTime="2023-12-22T09:32:53.7404373+01:00" endTime="2023-12-22T09:32:53.7560633+01:00" testType="13cdc9d9-ddb5-4fa4-a97d-d965ccfc6d4b" outcome="Passed" testListId="8c84fa94-04c1-424b-9868-57a2d4851a1d" relativeResultsDirectory="83ec6f4b-3d1a-4f04-a6f2-fe104389ee51" />
    <UnitTestResult executionId="eb27f5a3-00d0-4636-9774-392dedd31605" testId="661d4809-df56-de3b-70f4-9df0730c7f23" testName="ManagementServerWcfHelper_GetEndpointAddress_OAuthNonsecure" computerName="DKSR-EFI-04" duration="00:00:00.0001802" startTime="2023-12-22T09:32:53.9904382+01:00" endTime="2023-12-22T09:32:53.9904382+01:00" testType="13cdc9d9-ddb5-4fa4-a97d-d965ccfc6d4b" outcome="Passed" testListId="8c84fa94-04c1-424b-9868-57a2d4851a1d" relativeResultsDirectory="eb27f5a3-00d0-4636-9774-392dedd31605" />
    <UnitTestResult executionId="1d099f32-eb2f-4d3d-8df0-cd129232c7bb" testId="5b8c592e-bcba-79a1-05fe-8d65aa8331f9" testName="ManagementServerWcfHelper_ConfigureCredential_LegacyWindowsCurrentUserNullClientCredential_ThrowException" computerName="DKSR-EFI-04" duration="00:00:00.0007180" startTime="2023-12-22T09:32:53.8341885+01:00" endTime="2023-12-22T09:32:53.8341885+01:00" testType="13cdc9d9-ddb5-4fa4-a97d-d965ccfc6d4b" outcome="Passed" testListId="8c84fa94-04c1-424b-9868-57a2d4851a1d" relativeResultsDirectory="1d099f32-eb2f-4d3d-8df0-cd129232c7bb" />
    <UnitTestResult executionId="b1d0000a-d4fe-4d3d-acb6-a5c2a4bdf130" testId="71c8e0fc-fc04-4ed8-d612-1f1d50f9e5ef" testName="WebServiceManagerBase_CallWithRetry_Retry_SecurityNegotiationException_NoRetry" computerName="DKSR-EFI-04" duration="00:00:00.0033794" startTime="2023-12-22T09:32:53.7404373+01:00" endTime="2023-12-22T09:32:53.7404373+01:00" testType="13cdc9d9-ddb5-4fa4-a97d-d965ccfc6d4b" outcome="Passed" testListId="8c84fa94-04c1-424b-9868-57a2d4851a1d" relativeResultsDirectory="b1d0000a-d4fe-4d3d-acb6-a5c2a4bdf130" />
    <UnitTestResult executionId="dc9340de-1ebc-42f3-8ea1-c17b55f58877" testId="fcf4d902-43f6-a7d5-a380-fb4c3de428d2" testName="ManagementServerWcfHelper_ConfigureCredential_LegacyBasicNullClientCredential_ThrowException" computerName="DKSR-EFI-04" duration="00:00:00.0003186" startTime="2023-12-22T09:32:53.8654391+01:00" endTime="2023-12-22T09:32:53.8654391+01:00" testType="13cdc9d9-ddb5-4fa4-a97d-d965ccfc6d4b" outcome="Passed" testListId="8c84fa94-04c1-424b-9868-57a2d4851a1d" relativeResultsDirectory="dc9340de-1ebc-42f3-8ea1-c17b55f58877" />
    <UnitTestResult executionId="25e20c4e-d9ab-4cff-8611-0aed944e9533" testId="c457d864-609e-2fd7-6d20-d69d335734fa" testName="WebServiceManagerBase_CallWithRetry_MethodFunction_Success" computerName="DKSR-EFI-04" duration="00:00:00.0026437" startTime="2023-12-22T09:32:53.6935626+01:00" endTime="2023-12-22T09:32:53.7091883+01:00" testType="13cdc9d9-ddb5-4fa4-a97d-d965ccfc6d4b" outcome="Passed" testListId="8c84fa94-04c1-424b-9868-57a2d4851a1d" relativeResultsDirectory="25e20c4e-d9ab-4cff-8611-0aed944e9533" />
    <UnitTestResult executionId="631edb06-8465-44e0-9317-f37cfd4e5d48" testId="504a2307-b7ce-eaed-530d-2730d9a41e66" testName="WebServiceManagerBase_Initialize_WindowsUser" computerName="DKSR-EFI-04" duration="00:00:00.0011740" startTime="2023-12-22T09:32:53.5529368+01:00" endTime="2023-12-22T09:32:53.5529368+01:00" testType="13cdc9d9-ddb5-4fa4-a97d-d965ccfc6d4b" outcome="Passed" testListId="8c84fa94-04c1-424b-9868-57a2d4851a1d" relativeResultsDirectory="631edb06-8465-44e0-9317-f37cfd4e5d48" />
    <UnitTestResult executionId="93ca27b7-d13d-4c9d-9924-bd3de9268e90" testId="f0a6b858-f8e7-5df8-f607-10274d56bfe9" testName="SpnFactory_GetSpn_ArgumentNullException" computerName="DKSR-EFI-04" duration="00:00:00.0006222" startTime="2023-12-22T09:32:53.9904382+01:00" endTime="2023-12-22T09:32:53.9904382+01:00" testType="13cdc9d9-ddb5-4fa4-a97d-d965ccfc6d4b" outcome="Passed" testListId="8c84fa94-04c1-424b-9868-57a2d4851a1d" relativeResultsDirectory="93ca27b7-d13d-4c9d-9924-bd3de9268e90" />
    <UnitTestResult executionId="a834d2e4-1da4-4b3a-ad35-d3f869ab1488" testId="2ef55bec-f5c1-b4c0-8380-a597edee66e2" testName="ManagementServerWcfHelper_GetEndpointAddress_LegacyWindows" computerName="DKSR-EFI-04" duration="00:00:00.1039663" startTime="2023-12-22T09:32:53.8810654+01:00" endTime="2023-12-22T09:32:53.9904382+01:00" testType="13cdc9d9-ddb5-4fa4-a97d-d965ccfc6d4b" outcome="Passed" testListId="8c84fa94-04c1-424b-9868-57a2d4851a1d" relativeResultsDirectory="a834d2e4-1da4-4b3a-ad35-d3f869ab1488" />
    <UnitTestResult executionId="1af7056c-a6a4-46c3-b02c-73f27f9226ad" testId="a5fb6c15-79c9-60c2-f754-b9ba01a4a6c3" testName="WebServiceManagerBase_Initialize_OAuthSecure" computerName="DKSR-EFI-04" duration="00:00:00.0012843" startTime="2023-12-22T09:32:53.5529368+01:00" endTime="2023-12-22T09:32:53.5529368+01:00" testType="13cdc9d9-ddb5-4fa4-a97d-d965ccfc6d4b" outcome="Passed" testListId="8c84fa94-04c1-424b-9868-57a2d4851a1d" relativeResultsDirectory="1af7056c-a6a4-46c3-b02c-73f27f9226ad" />
    <UnitTestResult executionId="3572fb1e-af22-46d6-82b1-7a1dd2c7cdbe" testId="f4743cca-e1c7-35b4-e90a-2c2c06210594" testName="WebServiceManagerBase_CallWithRetry_Retry_CommunicationExceptionWithInnerIdentityServerTokenException_NoRetry" computerName="DKSR-EFI-04" duration="00:00:00.0021155" startTime="2023-12-22T09:32:53.7560633+01:00" endTime="2023-12-22T09:32:53.7560633+01:00" testType="13cdc9d9-ddb5-4fa4-a97d-d965ccfc6d4b" outcome="Passed" testListId="8c84fa94-04c1-424b-9868-57a2d4851a1d" relativeResultsDirectory="3572fb1e-af22-46d6-82b1-7a1dd2c7cdbe" />
    <UnitTestResult executionId="6da78cfb-9304-42b1-89e0-13a1be7c8877" testId="23a3d23e-4cc3-5c2c-b48f-a3e09a62fa8d" testName="ManagementServerWcfHelper_GetBinding_OAuthUnsecure" computerName="DKSR-EFI-04" duration="00:00:00.0002405" startTime="2023-12-22T09:32:53.8185629+01:00" endTime="2023-12-22T09:32:53.8185629+01:00" testType="13cdc9d9-ddb5-4fa4-a97d-d965ccfc6d4b" outcome="Passed" testListId="8c84fa94-04c1-424b-9868-57a2d4851a1d" relativeResultsDirectory="6da78cfb-9304-42b1-89e0-13a1be7c8877" />
    <UnitTestResult executionId="21aafc04-3d2d-4201-847d-fb61531c0000" testId="852e0e6e-a20e-56a1-39f9-cb7c3bc00ac3" testName="WebServiceManagerBase_Constructor_BasicUser" computerName="DKSR-EFI-04" duration="00:00:00.0018034" startTime="2023-12-22T09:32:52.9904350+01:00" endTime="2023-12-22T09:32:52.9904350+01:00" testType="13cdc9d9-ddb5-4fa4-a97d-d965ccfc6d4b" outcome="Passed" testListId="8c84fa94-04c1-424b-9868-57a2d4851a1d" relativeResultsDirectory="21aafc04-3d2d-4201-847d-fb61531c0000" />
    <UnitTestResult executionId="948cf9eb-d119-4916-9a1b-5c3ceba2e900" testId="89c46a30-f165-8104-083a-52f425e60046" testName="ManagementServerUrlFactory_OauthEndpoint_CorrectScheme" computerName="DKSR-EFI-04" duration="00:00:00.0005410" startTime="2023-12-22T09:32:53.8029379+01:00" endTime="2023-12-22T09:32:53.8029379+01:00" testType="13cdc9d9-ddb5-4fa4-a97d-d965ccfc6d4b" outcome="Passed" testListId="8c84fa94-04c1-424b-9868-57a2d4851a1d" relativeResultsDirectory="948cf9eb-d119-4916-9a1b-5c3ceba2e900" />
    <UnitTestResult executionId="7b647571-d97e-45bd-89e8-2b544610fdd1" testId="55014148-0a15-f395-f4f1-8e2df30bce6f" testName="ManagementServerWcfHelper_ConfigureCredential_LegacyWindows_Success" computerName="DKSR-EFI-04" duration="00:00:00.0064137" startTime="2023-12-22T09:32:53.8498144+01:00" endTime="2023-12-22T09:32:53.8498144+01:00" testType="13cdc9d9-ddb5-4fa4-a97d-d965ccfc6d4b" outcome="Passed" testListId="8c84fa94-04c1-424b-9868-57a2d4851a1d" relativeResultsDirectory="7b647571-d97e-45bd-89e8-2b544610fdd1" />
    <UnitTestResult executionId="4d7de31f-e95b-4c12-9478-1d6ed67d0d78" testId="cbae54c5-2e94-b8bf-a5c5-3eb4c950edb5" testName="ManagementServerUrlFactory_LegacyEndpoint_CorrectScheme" computerName="DKSR-EFI-04" duration="00:00:00.0124982" startTime="2023-12-22T09:32:53.7873131+01:00" endTime="2023-12-22T09:32:53.8029379+01:00" testType="13cdc9d9-ddb5-4fa4-a97d-d965ccfc6d4b" outcome="Passed" testListId="8c84fa94-04c1-424b-9868-57a2d4851a1d" relativeResultsDirectory="4d7de31f-e95b-4c12-9478-1d6ed67d0d78" />
    <UnitTestResult executionId="3b9977a3-f1ec-4e5b-8450-097be45001e8" testId="214ab9f4-3721-4591-db50-390ba9b50adb" testName="ManagementServerWcfHelper_GetBinding_OAuthSecure" computerName="DKSR-EFI-04" duration="00:00:00.0002896" startTime="2023-12-22T09:32:53.8185629+01:00" endTime="2023-12-22T09:32:53.8341885+01:00" testType="13cdc9d9-ddb5-4fa4-a97d-d965ccfc6d4b" outcome="Passed" testListId="8c84fa94-04c1-424b-9868-57a2d4851a1d" relativeResultsDirectory="3b9977a3-f1ec-4e5b-8450-097be45001e8" />
  </Results>
  <TestDefinitions>
    <UnitTest name="WebServiceManagerBase_ExceptionHandling_Overall_Handler" storage="d:\actions-runner\_work\xpco\xpco\common\videoos.webservice.common\tst\videoos.webservice.common.unittests\bin\debug\net47\videoos.webservice.common.unittests.dll" id="f0d93962-9ac2-80b2-3134-ca5f213e0035">
      <Execution id="41200920-3c7a-4c79-802b-2410bcdffca9" />
      <TestMethod codeBase="D:\actions-runner\_work\XPCO\XPCO\Common\VideoOS.Webservice.Common\tst\VideoOS.WebService.Common.UnitTests\bin\Debug\net47\VideoOS.WebService.Common.UnitTests.dll" adapterTypeName="executor://mstestadapter/v2" className="VideoOS.WebService.Common.UnitTests.WebServiceManagerBaseTest" name="WebServiceManagerBase_ExceptionHandling_Overall_Handler" />
    </UnitTest>
    <UnitTest name="ManagementServerWcfHelper_ConfigureCredential_LegacyWindowsCurrentUserNullClientCredential_ThrowException" storage="d:\actions-runner\_work\xpco\xpco\common\videoos.webservice.common\tst\videoos.webservice.common.unittests\bin\debug\net47\videoos.webservice.common.unittests.dll" id="5b8c592e-bcba-79a1-05fe-8d65aa8331f9">
      <Execution id="1d099f32-eb2f-4d3d-8df0-cd129232c7bb" />
      <TestMethod codeBase="D:\actions-runner\_work\XPCO\XPCO\Common\VideoOS.Webservice.Common\tst\VideoOS.WebService.Common.UnitTests\bin\Debug\net47\VideoOS.WebService.Common.UnitTests.dll" adapterTypeName="executor://mstestadapter/v2" className="VideoOS.WebService.Common.UnitTests.Framework.ManagementServerWcfHelperTest" name="ManagementServerWcfHelper_ConfigureCredential_LegacyWindowsCurrentUserNullClientCredential_ThrowException" />
    </UnitTest>
    <UnitTest name="WebServiceManagerBase_CallWithRetry_MethodAction_Success" storage="d:\actions-runner\_work\xpco\xpco\common\videoos.webservice.common\tst\videoos.webservice.common.unittests\bin\debug\net47\videoos.webservice.common.unittests.dll" id="b5986743-9922-08f5-fa11-aec8890e5849">
      <Execution id="4ab0f1a2-c642-4662-b5dd-cc8594d43077" />
      <TestMethod codeBase="D:\actions-runner\_work\XPCO\XPCO\Common\VideoOS.Webservice.Common\tst\VideoOS.WebService.Common.UnitTests\bin\Debug\net47\VideoOS.WebService.Common.UnitTests.dll" adapterTypeName="executor://mstestadapter/v2" className="VideoOS.WebService.Common.UnitTests.WebServiceManagerBaseTest" name="WebServiceManagerBase_CallWithRetry_MethodAction_Success" />
    </UnitTest>
    <UnitTest name="ManagementServerWcfHelper_ConfigureCredential_LegacyWindowsCurrentUserNullUsername_Success" storage="d:\actions-runner\_work\xpco\xpco\common\videoos.webservice.common\tst\videoos.webservice.common.unittests\bin\debug\net47\videoos.webservice.common.unittests.dll" id="c5e925e3-a83d-9739-edcd-4b49a31fc387">
      <Execution id="30e0d1f1-e001-4ac0-a38b-c5c6534c4501" />
      <TestMethod codeBase="D:\actions-runner\_work\XPCO\XPCO\Common\VideoOS.Webservice.Common\tst\VideoOS.WebService.Common.UnitTests\bin\Debug\net47\VideoOS.WebService.Common.UnitTests.dll" adapterTypeName="executor://mstestadapter/v2" className="VideoOS.WebService.Common.UnitTests.Framework.ManagementServerWcfHelperTest" name="ManagementServerWcfHelper_ConfigureCredential_LegacyWindowsCurrentUserNullUsername_Success" />
    </UnitTest>
    <UnitTest name="WebServiceManagerBase_Constructor_Token_Unsecure" storage="d:\actions-runner\_work\xpco\xpco\common\videoos.webservice.common\tst\videoos.webservice.common.unittests\bin\debug\net47\videoos.webservice.common.unittests.dll" id="65e32d54-a78a-06e7-0b2a-a7b33efa75c4">
      <Execution id="42b23139-bb1d-4e32-8dbf-482cfad6d960" />
      <TestMethod codeBase="D:\actions-runner\_work\XPCO\XPCO\Common\VideoOS.Webservice.Common\tst\VideoOS.WebService.Common.UnitTests\bin\Debug\net47\VideoOS.WebService.Common.UnitTests.dll" adapterTypeName="executor://mstestadapter/v2" className="VideoOS.WebService.Common.UnitTests.WebServiceManagerBaseTest" name="WebServiceManagerBase_Constructor_Token_Unsecure" />
    </UnitTest>
    <UnitTest name="WebServiceManagerBase_CallWithRetry_Retry_FaultException_NoRetry" storage="d:\actions-runner\_work\xpco\xpco\common\videoos.webservice.common\tst\videoos.webservice.common.unittests\bin\debug\net47\videoos.webservice.common.unittests.dll" id="bf5663e2-96fc-b02a-68fb-c3ca9cca605c">
      <Execution id="1040bdfa-5240-40d6-bb7a-dc3b983da781" />
      <TestMethod codeBase="D:\actions-runner\_work\XPCO\XPCO\Common\VideoOS.Webservice.Common\tst\VideoOS.WebService.Common.UnitTests\bin\Debug\net47\VideoOS.WebService.Common.UnitTests.dll" adapterTypeName="executor://mstestadapter/v2" className="VideoOS.WebService.Common.UnitTests.WebServiceManagerBaseTest" name="WebServiceManagerBase_CallWithRetry_Retry_FaultException_NoRetry" />
    </UnitTest>
    <UnitTest name="ManagementServerWcfHelper_ConfigureCredential_LegacyWindows_Success" storage="d:\actions-runner\_work\xpco\xpco\common\videoos.webservice.common\tst\videoos.webservice.common.unittests\bin\debug\net47\videoos.webservice.common.unittests.dll" id="55014148-0a15-f395-f4f1-8e2df30bce6f">
      <Execution id="7b647571-d97e-45bd-89e8-2b544610fdd1" />
      <TestMethod codeBase="D:\actions-runner\_work\XPCO\XPCO\Common\VideoOS.Webservice.Common\tst\VideoOS.WebService.Common.UnitTests\bin\Debug\net47\VideoOS.WebService.Common.UnitTests.dll" adapterTypeName="executor://mstestadapter/v2" className="VideoOS.WebService.Common.UnitTests.Framework.ManagementServerWcfHelperTest" name="ManagementServerWcfHelper_ConfigureCredential_LegacyWindows_Success" />
    </UnitTest>
    <UnitTest name="ManagementServerWcfHelper_GetBinding_NonExistentServerAuth" storage="d:\actions-runner\_work\xpco\xpco\common\videoos.webservice.common\tst\videoos.webservice.common.unittests\bin\debug\net47\videoos.webservice.common.unittests.dll" id="9839b810-cf39-0a9f-fc16-86e9b230c9d9">
      <Execution id="720b8e15-4bec-4426-adb0-a4ef3ce6c185" />
      <TestMethod codeBase="D:\actions-runner\_work\XPCO\XPCO\Common\VideoOS.Webservice.Common\tst\VideoOS.WebService.Common.UnitTests\bin\Debug\net47\VideoOS.WebService.Common.UnitTests.dll" adapterTypeName="executor://mstestadapter/v2" className="VideoOS.WebService.Common.UnitTests.Framework.ManagementServerWcfHelperTest" name="ManagementServerWcfHelper_GetBinding_NonExistentServerAuth" />
    </UnitTest>
    <UnitTest name="ManagementServerWcfHelper_GetBinding_LegacyWindowsCurrentUser" storage="d:\actions-runner\_work\xpco\xpco\common\videoos.webservice.common\tst\videoos.webservice.common.unittests\bin\debug\net47\videoos.webservice.common.unittests.dll" id="a95bb1bd-eb07-be70-37c8-ade000bafcae">
      <Execution id="316dec06-0234-4c85-b263-721ea9a7b17d" />
      <TestMethod codeBase="D:\actions-runner\_work\XPCO\XPCO\Common\VideoOS.Webservice.Common\tst\VideoOS.WebService.Common.UnitTests\bin\Debug\net47\VideoOS.WebService.Common.UnitTests.dll" adapterTypeName="executor://mstestadapter/v2" className="VideoOS.WebService.Common.UnitTests.Framework.ManagementServerWcfHelperTest" name="ManagementServerWcfHelper_GetBinding_LegacyWindowsCurrentUser" />
    </UnitTest>
    <UnitTest name="ManagementServerWcfHelper_ConfigureCredential_LegacyBasicNullUsername_ThrowException" storage="d:\actions-runner\_work\xpco\xpco\common\videoos.webservice.common\tst\videoos.webservice.common.unittests\bin\debug\net47\videoos.webservice.common.unittests.dll" id="0946643e-22f3-e9fc-13b4-a55730d5cf1a">
      <Execution id="1a848492-566c-4d55-a5a7-b3f84a7e6884" />
      <TestMethod codeBase="D:\actions-runner\_work\XPCO\XPCO\Common\VideoOS.Webservice.Common\tst\VideoOS.WebService.Common.UnitTests\bin\Debug\net47\VideoOS.WebService.Common.UnitTests.dll" adapterTypeName="executor://mstestadapter/v2" className="VideoOS.WebService.Common.UnitTests.Framework.ManagementServerWcfHelperTest" name="ManagementServerWcfHelper_ConfigureCredential_LegacyBasicNullUsername_ThrowException" />
    </UnitTest>
    <UnitTest name="ManagementServerWcfHelper_GetEndpointAddress_LegacyWindowsCurrentUser" storage="d:\actions-runner\_work\xpco\xpco\common\videoos.webservice.common\tst\videoos.webservice.common.unittests\bin\debug\net47\videoos.webservice.common.unittests.dll" id="c560296b-50a2-51d5-e7f1-4e6f2e3766c0">
      <Execution id="0ecbd02f-c899-4359-accd-8c11a1fe3679" />
      <TestMethod codeBase="D:\actions-runner\_work\XPCO\XPCO\Common\VideoOS.Webservice.Common\tst\VideoOS.WebService.Common.UnitTests\bin\Debug\net47\VideoOS.WebService.Common.UnitTests.dll" adapterTypeName="executor://mstestadapter/v2" className="VideoOS.WebService.Common.UnitTests.Framework.ManagementServerWcfHelperTest" name="ManagementServerWcfHelper_GetEndpointAddress_LegacyWindowsCurrentUser" />
    </UnitTest>
    <UnitTest name="WebServiceManagerBase_CallWithRetry_Retry_CommunicationExceptionWithInnerIdpException_NoRetry" storage="d:\actions-runner\_work\xpco\xpco\common\videoos.webservice.common\tst\videoos.webservice.common.unittests\bin\debug\net47\videoos.webservice.common.unittests.dll" id="6b09f188-1d85-7471-47b5-8d443de27ab4">
      <Execution id="d3dcfc3e-7dca-484b-9305-ad1814a35b22" />
      <TestMethod codeBase="D:\actions-runner\_work\XPCO\XPCO\Common\VideoOS.Webservice.Common\tst\VideoOS.WebService.Common.UnitTests\bin\Debug\net47\VideoOS.WebService.Common.UnitTests.dll" adapterTypeName="executor://mstestadapter/v2" className="VideoOS.WebService.Common.UnitTests.WebServiceManagerBaseTest" name="WebServiceManagerBase_CallWithRetry_Retry_CommunicationExceptionWithInnerIdpException_NoRetry" />
    </UnitTest>
    <UnitTest name="ManagementServerWcfHelper_GetEndpointAddress_OAuthSecure" storage="d:\actions-runner\_work\xpco\xpco\common\videoos.webservice.common\tst\videoos.webservice.common.unittests\bin\debug\net47\videoos.webservice.common.unittests.dll" id="c908d8e8-2438-04db-a0e0-67533ab91b11">
      <Execution id="44f03e95-2a97-4a9b-b9c2-6313c82d33d6" />
      <TestMethod codeBase="D:\actions-runner\_work\XPCO\XPCO\Common\VideoOS.Webservice.Common\tst\VideoOS.WebService.Common.UnitTests\bin\Debug\net47\VideoOS.WebService.Common.UnitTests.dll" adapterTypeName="executor://mstestadapter/v2" className="VideoOS.WebService.Common.UnitTests.Framework.ManagementServerWcfHelperTest" name="ManagementServerWcfHelper_GetEndpointAddress_OAuthSecure" />
    </UnitTest>
    <UnitTest name="WebServiceManagerBase_Constructor_Token_Secure" storage="d:\actions-runner\_work\xpco\xpco\common\videoos.webservice.common\tst\videoos.webservice.common.unittests\bin\debug\net47\videoos.webservice.common.unittests.dll" id="2063c2aa-16ab-ca7d-a163-864058f25498">
      <Execution id="682c0bed-0e1d-4504-8d51-45e49ba66ed6" />
      <TestMethod codeBase="D:\actions-runner\_work\XPCO\XPCO\Common\VideoOS.Webservice.Common\tst\VideoOS.WebService.Common.UnitTests\bin\Debug\net47\VideoOS.WebService.Common.UnitTests.dll" adapterTypeName="executor://mstestadapter/v2" className="VideoOS.WebService.Common.UnitTests.WebServiceManagerBaseTest" name="WebServiceManagerBase_Constructor_Token_Secure" />
    </UnitTest>
    <UnitTest name="ManagementServerWcfHelper_GetBinding_LegacyWindows" storage="d:\actions-runner\_work\xpco\xpco\common\videoos.webservice.common\tst\videoos.webservice.common.unittests\bin\debug\net47\videoos.webservice.common.unittests.dll" id="ffb44ac4-938a-32ba-75a0-091497d8af06">
      <Execution id="7ed69e2e-3ee9-46b2-8d35-3cb5aa1d07d1" />
      <TestMethod codeBase="D:\actions-runner\_work\XPCO\XPCO\Common\VideoOS.Webservice.Common\tst\VideoOS.WebService.Common.UnitTests\bin\Debug\net47\VideoOS.WebService.Common.UnitTests.dll" adapterTypeName="executor://mstestadapter/v2" className="VideoOS.WebService.Common.UnitTests.Framework.ManagementServerWcfHelperTest" name="ManagementServerWcfHelper_GetBinding_LegacyWindows" />
    </UnitTest>
    <UnitTest name="WebServiceManagerBase_Constructor_User_UserName_Null" storage="d:\actions-runner\_work\xpco\xpco\common\videoos.webservice.common\tst\videoos.webservice.common.unittests\bin\debug\net47\videoos.webservice.common.unittests.dll" id="f20345f4-0ccf-bb67-d76b-0f14bac098d0">
      <Execution id="35ed76a5-94ee-44e4-8519-a077151794c7" />
      <TestMethod codeBase="D:\actions-runner\_work\XPCO\XPCO\Common\VideoOS.Webservice.Common\tst\VideoOS.WebService.Common.UnitTests\bin\Debug\net47\VideoOS.WebService.Common.UnitTests.dll" adapterTypeName="executor://mstestadapter/v2" className="VideoOS.WebService.Common.UnitTests.WebServiceManagerBaseTest" name="WebServiceManagerBase_Constructor_User_UserName_Null" />
    </UnitTest>
    <UnitTest name="ManagementServerWcfHelper_GetBinding_OAuthUnsecure" storage="d:\actions-runner\_work\xpco\xpco\common\videoos.webservice.common\tst\videoos.webservice.common.unittests\bin\debug\net47\videoos.webservice.common.unittests.dll" id="23a3d23e-4cc3-5c2c-b48f-a3e09a62fa8d">
      <Execution id="6da78cfb-9304-42b1-89e0-13a1be7c8877" />
      <TestMethod codeBase="D:\actions-runner\_work\XPCO\XPCO\Common\VideoOS.Webservice.Common\tst\VideoOS.WebService.Common.UnitTests\bin\Debug\net47\VideoOS.WebService.Common.UnitTests.dll" adapterTypeName="executor://mstestadapter/v2" className="VideoOS.WebService.Common.UnitTests.Framework.ManagementServerWcfHelperTest" name="ManagementServerWcfHelper_GetBinding_OAuthUnsecure" />
    </UnitTest>
    <UnitTest name="WebServiceManagerBase_Constructor_Token_TokenNull" storage="d:\actions-runner\_work\xpco\xpco\common\videoos.webservice.common\tst\videoos.webservice.common.unittests\bin\debug\net47\videoos.webservice.common.unittests.dll" id="61bb9a23-0abb-174e-cc77-8c5cd220ceab">
      <Execution id="3be1da08-36cf-432e-8533-d9e781e38864" />
      <TestMethod codeBase="D:\actions-runner\_work\XPCO\XPCO\Common\VideoOS.Webservice.Common\tst\VideoOS.WebService.Common.UnitTests\bin\Debug\net47\VideoOS.WebService.Common.UnitTests.dll" adapterTypeName="executor://mstestadapter/v2" className="VideoOS.WebService.Common.UnitTests.WebServiceManagerBaseTest" name="WebServiceManagerBase_Constructor_Token_TokenNull" />
    </UnitTest>
    <UnitTest name="WebServiceManagerBase_Initialize_BasicUser" storage="d:\actions-runner\_work\xpco\xpco\common\videoos.webservice.common\tst\videoos.webservice.common.unittests\bin\debug\net47\videoos.webservice.common.unittests.dll" id="3b215014-a658-8db2-1568-8beb2bb99c41">
      <Execution id="d3c8d741-2a23-438d-a0a4-61886d757257" />
      <TestMethod codeBase="D:\actions-runner\_work\XPCO\XPCO\Common\VideoOS.Webservice.Common\tst\VideoOS.WebService.Common.UnitTests\bin\Debug\net47\VideoOS.WebService.Common.UnitTests.dll" adapterTypeName="executor://mstestadapter/v2" className="VideoOS.WebService.Common.UnitTests.WebServiceManagerBaseTest" name="WebServiceManagerBase_Initialize_BasicUser" />
    </UnitTest>
    <UnitTest name="ManagementServerWcfHelper_GetEndpointAddress_OAuthNonsecure" storage="d:\actions-runner\_work\xpco\xpco\common\videoos.webservice.common\tst\videoos.webservice.common.unittests\bin\debug\net47\videoos.webservice.common.unittests.dll" id="661d4809-df56-de3b-70f4-9df0730c7f23">
      <Execution id="eb27f5a3-00d0-4636-9774-392dedd31605" />
      <TestMethod codeBase="D:\actions-runner\_work\XPCO\XPCO\Common\VideoOS.Webservice.Common\tst\VideoOS.WebService.Common.UnitTests\bin\Debug\net47\VideoOS.WebService.Common.UnitTests.dll" adapterTypeName="executor://mstestadapter/v2" className="VideoOS.WebService.Common.UnitTests.Framework.ManagementServerWcfHelperTest" name="ManagementServerWcfHelper_GetEndpointAddress_OAuthNonsecure" />
    </UnitTest>
    <UnitTest name="ProxyClientFactory_CreateService_WithTokenCache" storage="d:\actions-runner\_work\xpco\xpco\common\videoos.webservice.common\tst\videoos.webservice.common.unittests\bin\debug\net47\videoos.webservice.common.unittests.dll" id="9585d6bc-56eb-698b-3a16-a729500d8a93">
      <Execution id="cc569f45-d08b-4139-b07b-43db6c62a907" />
      <TestMethod codeBase="D:\actions-runner\_work\XPCO\XPCO\Common\VideoOS.Webservice.Common\tst\VideoOS.WebService.Common.UnitTests\bin\Debug\net47\VideoOS.WebService.Common.UnitTests.dll" adapterTypeName="executor://mstestadapter/v2" className="VideoOS.WebService.Common.UnitTests.Framework.ChannelFactory.ProxyClientFactoryTests" name="ProxyClientFactory_CreateService_WithTokenCache" />
    </UnitTest>
    <UnitTest name="WebServiceManagerBase_Initialize_OAuthSecure" storage="d:\actions-runner\_work\xpco\xpco\common\videoos.webservice.common\tst\videoos.webservice.common.unittests\bin\debug\net47\videoos.webservice.common.unittests.dll" id="a5fb6c15-79c9-60c2-f754-b9ba01a4a6c3">
      <Execution id="1af7056c-a6a4-46c3-b02c-73f27f9226ad" />
      <TestMethod codeBase="D:\actions-runner\_work\XPCO\XPCO\Common\VideoOS.Webservice.Common\tst\VideoOS.WebService.Common.UnitTests\bin\Debug\net47\VideoOS.WebService.Common.UnitTests.dll" adapterTypeName="executor://mstestadapter/v2" className="VideoOS.WebService.Common.UnitTests.WebServiceManagerBaseTest" name="WebServiceManagerBase_Initialize_OAuthSecure" />
    </UnitTest>
    <UnitTest name="WebServiceManagerBase_CallWithRetry_Retry_MessageSecurityException_InnerIdp_NoRetry" storage="d:\actions-runner\_work\xpco\xpco\common\videoos.webservice.common\tst\videoos.webservice.common.unittests\bin\debug\net47\videoos.webservice.common.unittests.dll" id="0d6c3018-8651-f775-1bcc-e2f4831219ea">
      <Execution id="c667e7be-461a-4e81-9a2b-155c9eb8fe24" />
      <TestMethod codeBase="D:\actions-runner\_work\XPCO\XPCO\Common\VideoOS.Webservice.Common\tst\VideoOS.WebService.Common.UnitTests\bin\Debug\net47\VideoOS.WebService.Common.UnitTests.dll" adapterTypeName="executor://mstestadapter/v2" className="VideoOS.WebService.Common.UnitTests.WebServiceManagerBaseTest" name="WebServiceManagerBase_CallWithRetry_Retry_MessageSecurityException_InnerIdp_NoRetry" />
    </UnitTest>
    <UnitTest name="ManagementServerWcfHelper_GetEndpointAddress_LegacyWindows" storage="d:\actions-runner\_work\xpco\xpco\common\videoos.webservice.common\tst\videoos.webservice.common.unittests\bin\debug\net47\videoos.webservice.common.unittests.dll" id="2ef55bec-f5c1-b4c0-8380-a597edee66e2">
      <Execution id="a834d2e4-1da4-4b3a-ad35-d3f869ab1488" />
      <TestMethod codeBase="D:\actions-runner\_work\XPCO\XPCO\Common\VideoOS.Webservice.Common\tst\VideoOS.WebService.Common.UnitTests\bin\Debug\net47\VideoOS.WebService.Common.UnitTests.dll" adapterTypeName="executor://mstestadapter/v2" className="VideoOS.WebService.Common.UnitTests.Framework.ManagementServerWcfHelperTest" name="ManagementServerWcfHelper_GetEndpointAddress_LegacyWindows" />
    </UnitTest>
    <UnitTest name="WebServiceManagerBase_Initialize_WindowsUser" storage="d:\actions-runner\_work\xpco\xpco\common\videoos.webservice.common\tst\videoos.webservice.common.unittests\bin\debug\net47\videoos.webservice.common.unittests.dll" id="504a2307-b7ce-eaed-530d-2730d9a41e66">
      <Execution id="631edb06-8465-44e0-9317-f37cfd4e5d48" />
      <TestMethod codeBase="D:\actions-runner\_work\XPCO\XPCO\Common\VideoOS.Webservice.Common\tst\VideoOS.WebService.Common.UnitTests\bin\Debug\net47\VideoOS.WebService.Common.UnitTests.dll" adapterTypeName="executor://mstestadapter/v2" className="VideoOS.WebService.Common.UnitTests.WebServiceManagerBaseTest" name="WebServiceManagerBase_Initialize_WindowsUser" />
    </UnitTest>
    <UnitTest name="ManagementServerWcfHelper_GetEndpointAddress_NonExistentServerAuth" storage="d:\actions-runner\_work\xpco\xpco\common\videoos.webservice.common\tst\videoos.webservice.common.unittests\bin\debug\net47\videoos.webservice.common.unittests.dll" id="1a633edc-caab-7ec3-e3d7-31517620e296">
      <Execution id="13c9485a-7ede-4340-ba4e-71b71a4199dd" />
      <TestMethod codeBase="D:\actions-runner\_work\XPCO\XPCO\Common\VideoOS.Webservice.Common\tst\VideoOS.WebService.Common.UnitTests\bin\Debug\net47\VideoOS.WebService.Common.UnitTests.dll" adapterTypeName="executor://mstestadapter/v2" className="VideoOS.WebService.Common.UnitTests.Framework.ManagementServerWcfHelperTest" name="ManagementServerWcfHelper_GetEndpointAddress_NonExistentServerAuth" />
    </UnitTest>
    <UnitTest name="ManagementServerWcfHelper_ConfigureCredential_LegacyWindowsCurrentUserNullUsernamePassword_Success" storage="d:\actions-runner\_work\xpco\xpco\common\videoos.webservice.common\tst\videoos.webservice.common.unittests\bin\debug\net47\videoos.webservice.common.unittests.dll" id="f4dc2cd7-25f1-2620-14d7-e21534aa2fd0">
      <Execution id="fb19044d-1eea-49ba-85c0-bde70b40b8c0" />
      <TestMethod codeBase="D:\actions-runner\_work\XPCO\XPCO\Common\VideoOS.Webservice.Common\tst\VideoOS.WebService.Common.UnitTests\bin\Debug\net47\VideoOS.WebService.Common.UnitTests.dll" adapterTypeName="executor://mstestadapter/v2" className="VideoOS.WebService.Common.UnitTests.Framework.ManagementServerWcfHelperTest" name="ManagementServerWcfHelper_ConfigureCredential_LegacyWindowsCurrentUserNullUsernamePassword_Success" />
    </UnitTest>
    <UnitTest name="SpnFactory_GetSpn_Localhost" storage="d:\actions-runner\_work\xpco\xpco\common\videoos.webservice.common\tst\videoos.webservice.common.unittests\bin\debug\net47\videoos.webservice.common.unittests.dll" id="211f2ba6-9227-d868-4d19-f97687042449">
      <Execution id="5be7c1dc-6ded-4335-ad6a-bbef99e3663a" />
      <TestMethod codeBase="D:\actions-runner\_work\XPCO\XPCO\Common\VideoOS.Webservice.Common\tst\VideoOS.WebService.Common.UnitTests\bin\Debug\net47\VideoOS.WebService.Common.UnitTests.dll" adapterTypeName="executor://mstestadapter/v2" className="VideoOS.WebService.Common.UnitTests.Framework.SpnFactoryTests" name="SpnFactory_GetSpn_Localhost" />
    </UnitTest>
    <UnitTest name="WebServiceManagerBase_Initialize_OAuthUnsecure" storage="d:\actions-runner\_work\xpco\xpco\common\videoos.webservice.common\tst\videoos.webservice.common.unittests\bin\debug\net47\videoos.webservice.common.unittests.dll" id="3aa66891-0927-06ff-f572-32558746d1dd">
      <Execution id="b49e064e-9290-4511-b7a8-fe1b61d8816e" />
      <TestMethod codeBase="D:\actions-runner\_work\XPCO\XPCO\Common\VideoOS.Webservice.Common\tst\VideoOS.WebService.Common.UnitTests\bin\Debug\net47\VideoOS.WebService.Common.UnitTests.dll" adapterTypeName="executor://mstestadapter/v2" className="VideoOS.WebService.Common.UnitTests.WebServiceManagerBaseTest" name="WebServiceManagerBase_Initialize_OAuthUnsecure" />
    </UnitTest>
    <UnitTest name="WebServiceManagerBase_CallWithRetry_Retry_CommunicationExceptionWithInnerIdentityServerTokenException_NoRetry" storage="d:\actions-runner\_work\xpco\xpco\common\videoos.webservice.common\tst\videoos.webservice.common.unittests\bin\debug\net47\videoos.webservice.common.unittests.dll" id="f4743cca-e1c7-35b4-e90a-2c2c06210594">
      <Execution id="3572fb1e-af22-46d6-82b1-7a1dd2c7cdbe" />
      <TestMethod codeBase="D:\actions-runner\_work\XPCO\XPCO\Common\VideoOS.Webservice.Common\tst\VideoOS.WebService.Common.UnitTests\bin\Debug\net47\VideoOS.WebService.Common.UnitTests.dll" adapterTypeName="executor://mstestadapter/v2" className="VideoOS.WebService.Common.UnitTests.WebServiceManagerBaseTest" name="WebServiceManagerBase_CallWithRetry_Retry_CommunicationExceptionWithInnerIdentityServerTokenException_NoRetry" />
    </UnitTest>
    <UnitTest name="WebServiceManagerBase_CallWithRetry_MethodFunction_ArgumentNullException" storage="d:\actions-runner\_work\xpco\xpco\common\videoos.webservice.common\tst\videoos.webservice.common.unittests\bin\debug\net47\videoos.webservice.common.unittests.dll" id="0e8a9888-78cb-f9ea-461d-ec1ac194c346">
      <Execution id="fe85f731-822f-4c4e-86e6-8afb96b0606e" />
      <TestMethod codeBase="D:\actions-runner\_work\XPCO\XPCO\Common\VideoOS.Webservice.Common\tst\VideoOS.WebService.Common.UnitTests\bin\Debug\net47\VideoOS.WebService.Common.UnitTests.dll" adapterTypeName="executor://mstestadapter/v2" className="VideoOS.WebService.Common.UnitTests.WebServiceManagerBaseTest" name="WebServiceManagerBase_CallWithRetry_MethodFunction_ArgumentNullException" />
    </UnitTest>
    <UnitTest name="ManagementServerWcfHelper_ConfigureCredential_LegacyWindowsNullClientCredential_ThrowException" storage="d:\actions-runner\_work\xpco\xpco\common\videoos.webservice.common\tst\videoos.webservice.common.unittests\bin\debug\net47\videoos.webservice.common.unittests.dll" id="3b884967-d8d0-4df7-c2d6-6e329674dab3">
      <Execution id="1c38da26-e486-450a-8aa8-45f192c2cb38" />
      <TestMethod codeBase="D:\actions-runner\_work\XPCO\XPCO\Common\VideoOS.Webservice.Common\tst\VideoOS.WebService.Common.UnitTests\bin\Debug\net47\VideoOS.WebService.Common.UnitTests.dll" adapterTypeName="executor://mstestadapter/v2" className="VideoOS.WebService.Common.UnitTests.Framework.ManagementServerWcfHelperTest" name="ManagementServerWcfHelper_ConfigureCredential_LegacyWindowsNullClientCredential_ThrowException" />
    </UnitTest>
    <UnitTest name="WebServiceManagerBase_CallWithRetry_MethodAction_ArgumentNullException" storage="d:\actions-runner\_work\xpco\xpco\common\videoos.webservice.common\tst\videoos.webservice.common.unittests\bin\debug\net47\videoos.webservice.common.unittests.dll" id="fcd02a09-fc7b-8318-dd65-00fb25cec535">
      <Execution id="1776fb93-5b69-44a6-93bb-494835ce686c" />
      <TestMethod codeBase="D:\actions-runner\_work\XPCO\XPCO\Common\VideoOS.Webservice.Common\tst\VideoOS.WebService.Common.UnitTests\bin\Debug\net47\VideoOS.WebService.Common.UnitTests.dll" adapterTypeName="executor://mstestadapter/v2" className="VideoOS.WebService.Common.UnitTests.WebServiceManagerBaseTest" name="WebServiceManagerBase_CallWithRetry_MethodAction_ArgumentNullException" />
    </UnitTest>
    <UnitTest name="ManagementServerWcfHelper_ConfigureCredential_LegacyBasicNullClientCredential_ThrowException" storage="d:\actions-runner\_work\xpco\xpco\common\videoos.webservice.common\tst\videoos.webservice.common.unittests\bin\debug\net47\videoos.webservice.common.unittests.dll" id="fcf4d902-43f6-a7d5-a380-fb4c3de428d2">
      <Execution id="dc9340de-1ebc-42f3-8ea1-c17b55f58877" />
      <TestMethod codeBase="D:\actions-runner\_work\XPCO\XPCO\Common\VideoOS.Webservice.Common\tst\VideoOS.WebService.Common.UnitTests\bin\Debug\net47\VideoOS.WebService.Common.UnitTests.dll" adapterTypeName="executor://mstestadapter/v2" className="VideoOS.WebService.Common.UnitTests.Framework.ManagementServerWcfHelperTest" name="ManagementServerWcfHelper_ConfigureCredential_LegacyBasicNullClientCredential_ThrowException" />
    </UnitTest>
    <UnitTest name="ManagementServerWcfHelper_ConfigureCredential_LegacyWindowsWithDomain_Success" storage="d:\actions-runner\_work\xpco\xpco\common\videoos.webservice.common\tst\videoos.webservice.common.unittests\bin\debug\net47\videoos.webservice.common.unittests.dll" id="87ffa1c4-ac48-03ca-4642-af3a8feedc2b">
      <Execution id="1b97ddaa-1b44-442c-a448-80d0b166e9bd" />
      <TestMethod codeBase="D:\actions-runner\_work\XPCO\XPCO\Common\VideoOS.Webservice.Common\tst\VideoOS.WebService.Common.UnitTests\bin\Debug\net47\VideoOS.WebService.Common.UnitTests.dll" adapterTypeName="executor://mstestadapter/v2" className="VideoOS.WebService.Common.UnitTests.Framework.ManagementServerWcfHelperTest" name="ManagementServerWcfHelper_ConfigureCredential_LegacyWindowsWithDomain_Success" />
    </UnitTest>
    <UnitTest name="SpnFactory_GetSpn_ArgumentNullException" storage="d:\actions-runner\_work\xpco\xpco\common\videoos.webservice.common\tst\videoos.webservice.common.unittests\bin\debug\net47\videoos.webservice.common.unittests.dll" id="f0a6b858-f8e7-5df8-f607-10274d56bfe9">
      <Execution id="93ca27b7-d13d-4c9d-9924-bd3de9268e90" />
      <TestMethod codeBase="D:\actions-runner\_work\XPCO\XPCO\Common\VideoOS.Webservice.Common\tst\VideoOS.WebService.Common.UnitTests\bin\Debug\net47\VideoOS.WebService.Common.UnitTests.dll" adapterTypeName="executor://mstestadapter/v2" className="VideoOS.WebService.Common.UnitTests.Framework.SpnFactoryTests" name="SpnFactory_GetSpn_ArgumentNullException" />
    </UnitTest>
    <UnitTest name="WebServiceManagerBase_CallWithRetry_MethodFunction_Success" storage="d:\actions-runner\_work\xpco\xpco\common\videoos.webservice.common\tst\videoos.webservice.common.unittests\bin\debug\net47\videoos.webservice.common.unittests.dll" id="c457d864-609e-2fd7-6d20-d69d335734fa">
      <Execution id="25e20c4e-d9ab-4cff-8611-0aed944e9533" />
      <TestMethod codeBase="D:\actions-runner\_work\XPCO\XPCO\Common\VideoOS.Webservice.Common\tst\VideoOS.WebService.Common.UnitTests\bin\Debug\net47\VideoOS.WebService.Common.UnitTests.dll" adapterTypeName="executor://mstestadapter/v2" className="VideoOS.WebService.Common.UnitTests.WebServiceManagerBaseTest" name="WebServiceManagerBase_CallWithRetry_MethodFunction_Success" />
    </UnitTest>
    <UnitTest name="WebServiceManagerBase_CallWithRetry_Retry_CommunicationException_Success" storage="d:\actions-runner\_work\xpco\xpco\common\videoos.webservice.common\tst\videoos.webservice.common.unittests\bin\debug\net47\videoos.webservice.common.unittests.dll" id="ad2cd101-e9de-73f7-7dd1-9388cd5dbc7b">
      <Execution id="19a18aa1-eb58-4a5f-9226-b22cfe729dc6" />
      <TestMethod codeBase="D:\actions-runner\_work\XPCO\XPCO\Common\VideoOS.Webservice.Common\tst\VideoOS.WebService.Common.UnitTests\bin\Debug\net47\VideoOS.WebService.Common.UnitTests.dll" adapterTypeName="executor://mstestadapter/v2" className="VideoOS.WebService.Common.UnitTests.WebServiceManagerBaseTest" name="WebServiceManagerBase_CallWithRetry_Retry_CommunicationException_Success" />
    </UnitTest>
    <UnitTest name="WebServiceManagerBase_Constructor_User_Password_Null" storage="d:\actions-runner\_work\xpco\xpco\common\videoos.webservice.common\tst\videoos.webservice.common.unittests\bin\debug\net47\videoos.webservice.common.unittests.dll" id="698dddba-19a1-c74d-b57e-e145461a60b8">
      <Execution id="ba7122b9-4064-45c5-8afc-7f4c238a78e2" />
      <TestMethod codeBase="D:\actions-runner\_work\XPCO\XPCO\Common\VideoOS.Webservice.Common\tst\VideoOS.WebService.Common.UnitTests\bin\Debug\net47\VideoOS.WebService.Common.UnitTests.dll" adapterTypeName="executor://mstestadapter/v2" className="VideoOS.WebService.Common.UnitTests.WebServiceManagerBaseTest" name="WebServiceManagerBase_Constructor_User_Password_Null" />
    </UnitTest>
    <UnitTest name="ManagementServerWcfHelper_ConfigureCredential_LegacyBasicNullPassword_ThrowException" storage="d:\actions-runner\_work\xpco\xpco\common\videoos.webservice.common\tst\videoos.webservice.common.unittests\bin\debug\net47\videoos.webservice.common.unittests.dll" id="36de7592-463f-47f7-983d-c5f5eecbe17d">
      <Execution id="d5feeffb-0345-40a2-a60c-6a7b66112da4" />
      <TestMethod codeBase="D:\actions-runner\_work\XPCO\XPCO\Common\VideoOS.Webservice.Common\tst\VideoOS.WebService.Common.UnitTests\bin\Debug\net47\VideoOS.WebService.Common.UnitTests.dll" adapterTypeName="executor://mstestadapter/v2" className="VideoOS.WebService.Common.UnitTests.Framework.ManagementServerWcfHelperTest" name="ManagementServerWcfHelper_ConfigureCredential_LegacyBasicNullPassword_ThrowException" />
    </UnitTest>
    <UnitTest name="ManagementServerWcfHelper_GetEndpointAddress_LegacyBasic" storage="d:\actions-runner\_work\xpco\xpco\common\videoos.webservice.common\tst\videoos.webservice.common.unittests\bin\debug\net47\videoos.webservice.common.unittests.dll" id="c254d256-647a-2bc7-95b3-2f4c4b3935c2">
      <Execution id="3183be77-263a-42d4-95eb-2c431939d864" />
      <TestMethod codeBase="D:\actions-runner\_work\XPCO\XPCO\Common\VideoOS.Webservice.Common\tst\VideoOS.WebService.Common.UnitTests\bin\Debug\net47\VideoOS.WebService.Common.UnitTests.dll" adapterTypeName="executor://mstestadapter/v2" className="VideoOS.WebService.Common.UnitTests.Framework.ManagementServerWcfHelperTest" name="ManagementServerWcfHelper_GetEndpointAddress_LegacyBasic" />
    </UnitTest>
    <UnitTest name="ManagementServerWcfHelper_ConfigureCredential_LegacyWindowsNullPassword_ThrowException" storage="d:\actions-runner\_work\xpco\xpco\common\videoos.webservice.common\tst\videoos.webservice.common.unittests\bin\debug\net47\videoos.webservice.common.unittests.dll" id="058ccf36-343e-f8a4-2d8e-5195d43003d3">
      <Execution id="c47e15ff-bfb5-42e2-8bc1-dacca1fa42e5" />
      <TestMethod codeBase="D:\actions-runner\_work\XPCO\XPCO\Common\VideoOS.Webservice.Common\tst\VideoOS.WebService.Common.UnitTests\bin\Debug\net47\VideoOS.WebService.Common.UnitTests.dll" adapterTypeName="executor://mstestadapter/v2" className="VideoOS.WebService.Common.UnitTests.Framework.ManagementServerWcfHelperTest" name="ManagementServerWcfHelper_ConfigureCredential_LegacyWindowsNullPassword_ThrowException" />
    </UnitTest>
    <UnitTest name="ManagementServerWcfHelper_GetBinding_OAuthSecure" storage="d:\actions-runner\_work\xpco\xpco\common\videoos.webservice.common\tst\videoos.webservice.common.unittests\bin\debug\net47\videoos.webservice.common.unittests.dll" id="214ab9f4-3721-4591-db50-390ba9b50adb">
      <Execution id="3b9977a3-f1ec-4e5b-8450-097be45001e8" />
      <TestMethod codeBase="D:\actions-runner\_work\XPCO\XPCO\Common\VideoOS.Webservice.Common\tst\VideoOS.WebService.Common.UnitTests\bin\Debug\net47\VideoOS.WebService.Common.UnitTests.dll" adapterTypeName="executor://mstestadapter/v2" className="VideoOS.WebService.Common.UnitTests.Framework.ManagementServerWcfHelperTest" name="ManagementServerWcfHelper_GetBinding_OAuthSecure" />
    </UnitTest>
    <UnitTest name="ManagementServerWcfHelper_ConfigureCredential_LegacyBasic_Success" storage="d:\actions-runner\_work\xpco\xpco\common\videoos.webservice.common\tst\videoos.webservice.common.unittests\bin\debug\net47\videoos.webservice.common.unittests.dll" id="d04747e5-9a44-aaf2-82d0-afed2e329e0b">
      <Execution id="c7d0e782-0a29-45ec-837a-05082e9aabce" />
      <TestMethod codeBase="D:\actions-runner\_work\XPCO\XPCO\Common\VideoOS.Webservice.Common\tst\VideoOS.WebService.Common.UnitTests\bin\Debug\net47\VideoOS.WebService.Common.UnitTests.dll" adapterTypeName="executor://mstestadapter/v2" className="VideoOS.WebService.Common.UnitTests.Framework.ManagementServerWcfHelperTest" name="ManagementServerWcfHelper_ConfigureCredential_LegacyBasic_Success" />
    </UnitTest>
    <UnitTest name="WebServiceManagerBase_Constructor_BasicUser" storage="d:\actions-runner\_work\xpco\xpco\common\videoos.webservice.common\tst\videoos.webservice.common.unittests\bin\debug\net47\videoos.webservice.common.unittests.dll" id="852e0e6e-a20e-56a1-39f9-cb7c3bc00ac3">
      <Execution id="21aafc04-3d2d-4201-847d-fb61531c0000" />
      <TestMethod codeBase="D:\actions-runner\_work\XPCO\XPCO\Common\VideoOS.Webservice.Common\tst\VideoOS.WebService.Common.UnitTests\bin\Debug\net47\VideoOS.WebService.Common.UnitTests.dll" adapterTypeName="executor://mstestadapter/v2" className="VideoOS.WebService.Common.UnitTests.WebServiceManagerBaseTest" name="WebServiceManagerBase_Constructor_BasicUser" />
    </UnitTest>
    <UnitTest name="WebServiceManagerBase_CallWithRetry_Retry_ObjectDisposedException_Success" storage="d:\actions-runner\_work\xpco\xpco\common\videoos.webservice.common\tst\videoos.webservice.common.unittests\bin\debug\net47\videoos.webservice.common.unittests.dll" id="7ad15d50-6b1a-5f37-ff81-15e62021567f">
      <Execution id="a4314bca-6323-4855-80d7-8a1cd0c85ffa" />
      <TestMethod codeBase="D:\actions-runner\_work\XPCO\XPCO\Common\VideoOS.Webservice.Common\tst\VideoOS.WebService.Common.UnitTests\bin\Debug\net47\VideoOS.WebService.Common.UnitTests.dll" adapterTypeName="executor://mstestadapter/v2" className="VideoOS.WebService.Common.UnitTests.WebServiceManagerBaseTest" name="WebServiceManagerBase_CallWithRetry_Retry_ObjectDisposedException_Success" />
    </UnitTest>
    <UnitTest name="WebServiceManagerBase_Initialize_CurrentUser" storage="d:\actions-runner\_work\xpco\xpco\common\videoos.webservice.common\tst\videoos.webservice.common.unittests\bin\debug\net47\videoos.webservice.common.unittests.dll" id="22f5ea1c-ceb7-4cdb-99e5-c16fb385ccc9">
      <Execution id="20155a9b-e644-493a-9246-df3f6582b74e" />
      <TestMethod codeBase="D:\actions-runner\_work\XPCO\XPCO\Common\VideoOS.Webservice.Common\tst\VideoOS.WebService.Common.UnitTests\bin\Debug\net47\VideoOS.WebService.Common.UnitTests.dll" adapterTypeName="executor://mstestadapter/v2" className="VideoOS.WebService.Common.UnitTests.WebServiceManagerBaseTest" name="WebServiceManagerBase_Initialize_CurrentUser" />
    </UnitTest>
    <UnitTest name="ManagementServerWcfHelper_ConfigureCredential_LegacyWindowsNullUsername_ThrowException" storage="d:\actions-runner\_work\xpco\xpco\common\videoos.webservice.common\tst\videoos.webservice.common.unittests\bin\debug\net47\videoos.webservice.common.unittests.dll" id="1bbfb0f3-ab23-3029-01e8-54c798ce2b00">
      <Execution id="8d4ed14d-97a9-4926-b7d4-3fdfe9b2ec72" />
      <TestMethod codeBase="D:\actions-runner\_work\XPCO\XPCO\Common\VideoOS.Webservice.Common\tst\VideoOS.WebService.Common.UnitTests\bin\Debug\net47\VideoOS.WebService.Common.UnitTests.dll" adapterTypeName="executor://mstestadapter/v2" className="VideoOS.WebService.Common.UnitTests.Framework.ManagementServerWcfHelperTest" name="ManagementServerWcfHelper_ConfigureCredential_LegacyWindowsNullUsername_ThrowException" />
    </UnitTest>
    <UnitTest name="Initialize_FactoryIsNull_FactoryIsSet" storage="d:\actions-runner\_work\xpco\xpco\common\videoos.webservice.common\tst\videoos.webservice.common.unittests\bin\debug\net47\videoos.webservice.common.unittests.dll" id="c83d7024-acd4-4618-c7c0-ce4b53f044cc">
      <Execution id="eb71e9c4-3701-4fa7-b88a-16087453b0f2" />
      <TestMethod codeBase="D:\actions-runner\_work\XPCO\XPCO\Common\VideoOS.Webservice.Common\tst\VideoOS.WebService.Common.UnitTests\bin\Debug\net47\VideoOS.WebService.Common.UnitTests.dll" adapterTypeName="executor://mstestadapter/v2" className="VideoOS.WebService.Common.UnitTests.Framework.ChannelFactory.ChannelFactoryManagerBaseTests" name="Initialize_FactoryIsNull_FactoryIsSet" />
    </UnitTest>
    <UnitTest name="ManagementServerUrlFactory_OauthEndpoint_CorrectScheme" storage="d:\actions-runner\_work\xpco\xpco\common\videoos.webservice.common\tst\videoos.webservice.common.unittests\bin\debug\net47\videoos.webservice.common.unittests.dll" id="89c46a30-f165-8104-083a-52f425e60046">
      <Execution id="948cf9eb-d119-4916-9a1b-5c3ceba2e900" />
      <TestMethod codeBase="D:\actions-runner\_work\XPCO\XPCO\Common\VideoOS.Webservice.Common\tst\VideoOS.WebService.Common.UnitTests\bin\Debug\net47\VideoOS.WebService.Common.UnitTests.dll" adapterTypeName="executor://mstestadapter/v2" className="VideoOS.WebService.Common.UnitTests.Framework.ManagementServerUrlFactoryTests" name="ManagementServerUrlFactory_OauthEndpoint_CorrectScheme" />
    </UnitTest>
    <UnitTest name="WebServiceManagerBase_CallWithRetry_Retry_SecurityNegotiationException_NoRetry" storage="d:\actions-runner\_work\xpco\xpco\common\videoos.webservice.common\tst\videoos.webservice.common.unittests\bin\debug\net47\videoos.webservice.common.unittests.dll" id="71c8e0fc-fc04-4ed8-d612-1f1d50f9e5ef">
      <Execution id="b1d0000a-d4fe-4d3d-acb6-a5c2a4bdf130" />
      <TestMethod codeBase="D:\actions-runner\_work\XPCO\XPCO\Common\VideoOS.Webservice.Common\tst\VideoOS.WebService.Common.UnitTests\bin\Debug\net47\VideoOS.WebService.Common.UnitTests.dll" adapterTypeName="executor://mstestadapter/v2" className="VideoOS.WebService.Common.UnitTests.WebServiceManagerBaseTest" name="WebServiceManagerBase_CallWithRetry_Retry_SecurityNegotiationException_NoRetry" />
    </UnitTest>
    <UnitTest name="WebServiceManagerBase_CallWithRetry_Retry_EndpointNotFoundException_Retry" storage="d:\actions-runner\_work\xpco\xpco\common\videoos.webservice.common\tst\videoos.webservice.common.unittests\bin\debug\net47\videoos.webservice.common.unittests.dll" id="10da0836-323e-7559-1cec-599818240865">
      <Execution id="83ec6f4b-3d1a-4f04-a6f2-fe104389ee51" />
      <TestMethod codeBase="D:\actions-runner\_work\XPCO\XPCO\Common\VideoOS.Webservice.Common\tst\VideoOS.WebService.Common.UnitTests\bin\Debug\net47\VideoOS.WebService.Common.UnitTests.dll" adapterTypeName="executor://mstestadapter/v2" className="VideoOS.WebService.Common.UnitTests.WebServiceManagerBaseTest" name="WebServiceManagerBase_CallWithRetry_Retry_EndpointNotFoundException_Retry" />
    </UnitTest>
    <UnitTest name="ManagementServerUrlFactory_LegacyEndpoint_CorrectScheme" storage="d:\actions-runner\_work\xpco\xpco\common\videoos.webservice.common\tst\videoos.webservice.common.unittests\bin\debug\net47\videoos.webservice.common.unittests.dll" id="cbae54c5-2e94-b8bf-a5c5-3eb4c950edb5">
      <Execution id="4d7de31f-e95b-4c12-9478-1d6ed67d0d78" />
      <TestMethod codeBase="D:\actions-runner\_work\XPCO\XPCO\Common\VideoOS.Webservice.Common\tst\VideoOS.WebService.Common.UnitTests\bin\Debug\net47\VideoOS.WebService.Common.UnitTests.dll" adapterTypeName="executor://mstestadapter/v2" className="VideoOS.WebService.Common.UnitTests.Framework.ManagementServerUrlFactoryTests" name="ManagementServerUrlFactory_LegacyEndpoint_CorrectScheme" />
    </UnitTest>
    <UnitTest name="WebServiceManagerBase_ExceptionHandling_Manual_Handler" storage="d:\actions-runner\_work\xpco\xpco\common\videoos.webservice.common\tst\videoos.webservice.common.unittests\bin\debug\net47\videoos.webservice.common.unittests.dll" id="27251ebd-a906-115f-e194-888fdeae78a0">
      <Execution id="18ceaad1-3db3-4043-a551-466be3c01f5e" />
      <TestMethod codeBase="D:\actions-runner\_work\XPCO\XPCO\Common\VideoOS.Webservice.Common\tst\VideoOS.WebService.Common.UnitTests\bin\Debug\net47\VideoOS.WebService.Common.UnitTests.dll" adapterTypeName="executor://mstestadapter/v2" className="VideoOS.WebService.Common.UnitTests.WebServiceManagerBaseTest" name="WebServiceManagerBase_ExceptionHandling_Manual_Handler" />
    </UnitTest>
    <UnitTest name="ManagementServerWcfHelper_ConfigureCredential_LegacyWindowsCurrentUserNullPassword_Success" storage="d:\actions-runner\_work\xpco\xpco\common\videoos.webservice.common\tst\videoos.webservice.common.unittests\bin\debug\net47\videoos.webservice.common.unittests.dll" id="f599e2ac-b159-2bd5-61ca-1c1df56f3c55">
      <Execution id="47ee44c1-9d40-40d2-b3d7-c034f6c0e3a3" />
      <TestMethod codeBase="D:\actions-runner\_work\XPCO\XPCO\Common\VideoOS.Webservice.Common\tst\VideoOS.WebService.Common.UnitTests\bin\Debug\net47\VideoOS.WebService.Common.UnitTests.dll" adapterTypeName="executor://mstestadapter/v2" className="VideoOS.WebService.Common.UnitTests.Framework.ManagementServerWcfHelperTest" name="ManagementServerWcfHelper_ConfigureCredential_LegacyWindowsCurrentUserNullPassword_Success" />
    </UnitTest>
    <UnitTest name="WebServiceManagerBase_Constructor_WindowsUser" storage="d:\actions-runner\_work\xpco\xpco\common\videoos.webservice.common\tst\videoos.webservice.common.unittests\bin\debug\net47\videoos.webservice.common.unittests.dll" id="ae8327f2-968d-1d4d-0555-b5c1cc1b0744">
      <Execution id="9dd780c9-aed4-4a24-83dd-fd35d657558a" />
      <TestMethod codeBase="D:\actions-runner\_work\XPCO\XPCO\Common\VideoOS.Webservice.Common\tst\VideoOS.WebService.Common.UnitTests\bin\Debug\net47\VideoOS.WebService.Common.UnitTests.dll" adapterTypeName="executor://mstestadapter/v2" className="VideoOS.WebService.Common.UnitTests.WebServiceManagerBaseTest" name="WebServiceManagerBase_Constructor_WindowsUser" />
    </UnitTest>
    <UnitTest name="ManagementServerWcfHelper_GetBinding_LegacyBasic" storage="d:\actions-runner\_work\xpco\xpco\common\videoos.webservice.common\tst\videoos.webservice.common.unittests\bin\debug\net47\videoos.webservice.common.unittests.dll" id="b3fa6a9d-3bcf-e0ea-143d-ffe3580b1fbf">
      <Execution id="149aeb84-d0af-4b26-8b88-5781532364d4" />
      <TestMethod codeBase="D:\actions-runner\_work\XPCO\XPCO\Common\VideoOS.Webservice.Common\tst\VideoOS.WebService.Common.UnitTests\bin\Debug\net47\VideoOS.WebService.Common.UnitTests.dll" adapterTypeName="executor://mstestadapter/v2" className="VideoOS.WebService.Common.UnitTests.Framework.ManagementServerWcfHelperTest" name="ManagementServerWcfHelper_GetBinding_LegacyBasic" />
    </UnitTest>
    <UnitTest name="WebServiceManagerBase_Constructor_CurrentUser" storage="d:\actions-runner\_work\xpco\xpco\common\videoos.webservice.common\tst\videoos.webservice.common.unittests\bin\debug\net47\videoos.webservice.common.unittests.dll" id="f5aeb169-8d5c-8ae4-c41f-e75c0667f88c">
      <Execution id="27132955-3435-409e-a6d0-6fc1eee9eaa1" />
      <TestMethod codeBase="D:\actions-runner\_work\XPCO\XPCO\Common\VideoOS.Webservice.Common\tst\VideoOS.WebService.Common.UnitTests\bin\Debug\net47\VideoOS.WebService.Common.UnitTests.dll" adapterTypeName="executor://mstestadapter/v2" className="VideoOS.WebService.Common.UnitTests.WebServiceManagerBaseTest" name="WebServiceManagerBase_Constructor_CurrentUser" />
    </UnitTest>
    <UnitTest name="SpnFactory_GetSpn_NotLocalhost" storage="d:\actions-runner\_work\xpco\xpco\common\videoos.webservice.common\tst\videoos.webservice.common.unittests\bin\debug\net47\videoos.webservice.common.unittests.dll" id="e7662e93-d89a-b923-fa1f-10c2c67809ff">
      <Execution id="4930431f-d1ff-4994-971b-efbf80c6a060" />
      <TestMethod codeBase="D:\actions-runner\_work\XPCO\XPCO\Common\VideoOS.Webservice.Common\tst\VideoOS.WebService.Common.UnitTests\bin\Debug\net47\VideoOS.WebService.Common.UnitTests.dll" adapterTypeName="executor://mstestadapter/v2" className="VideoOS.WebService.Common.UnitTests.Framework.SpnFactoryTests" name="SpnFactory_GetSpn_NotLocalhost" />
    </UnitTest>
  </TestDefinitions>
  <TestEntries>
    <TestEntry testId="698dddba-19a1-c74d-b57e-e145461a60b8" executionId="ba7122b9-4064-45c5-8afc-7f4c238a78e2" testListId="8c84fa94-04c1-424b-9868-57a2d4851a1d" />
    <TestEntry testId="fcd02a09-fc7b-8318-dd65-00fb25cec535" executionId="1776fb93-5b69-44a6-93bb-494835ce686c" testListId="8c84fa94-04c1-424b-9868-57a2d4851a1d" />
    <TestEntry testId="f20345f4-0ccf-bb67-d76b-0f14bac098d0" executionId="35ed76a5-94ee-44e4-8519-a077151794c7" testListId="8c84fa94-04c1-424b-9868-57a2d4851a1d" />
    <TestEntry testId="ae8327f2-968d-1d4d-0555-b5c1cc1b0744" executionId="9dd780c9-aed4-4a24-83dd-fd35d657558a" testListId="8c84fa94-04c1-424b-9868-57a2d4851a1d" />
    <TestEntry testId="3b215014-a658-8db2-1568-8beb2bb99c41" executionId="d3c8d741-2a23-438d-a0a4-61886d757257" testListId="8c84fa94-04c1-424b-9868-57a2d4851a1d" />
    <TestEntry testId="3b884967-d8d0-4df7-c2d6-6e329674dab3" executionId="1c38da26-e486-450a-8aa8-45f192c2cb38" testListId="8c84fa94-04c1-424b-9868-57a2d4851a1d" />
    <TestEntry testId="f599e2ac-b159-2bd5-61ca-1c1df56f3c55" executionId="47ee44c1-9d40-40d2-b3d7-c034f6c0e3a3" testListId="8c84fa94-04c1-424b-9868-57a2d4851a1d" />
    <TestEntry testId="e7662e93-d89a-b923-fa1f-10c2c67809ff" executionId="4930431f-d1ff-4994-971b-efbf80c6a060" testListId="8c84fa94-04c1-424b-9868-57a2d4851a1d" />
    <TestEntry testId="f4dc2cd7-25f1-2620-14d7-e21534aa2fd0" executionId="fb19044d-1eea-49ba-85c0-bde70b40b8c0" testListId="8c84fa94-04c1-424b-9868-57a2d4851a1d" />
    <TestEntry testId="27251ebd-a906-115f-e194-888fdeae78a0" executionId="18ceaad1-3db3-4043-a551-466be3c01f5e" testListId="8c84fa94-04c1-424b-9868-57a2d4851a1d" />
    <TestEntry testId="65e32d54-a78a-06e7-0b2a-a7b33efa75c4" executionId="42b23139-bb1d-4e32-8dbf-482cfad6d960" testListId="8c84fa94-04c1-424b-9868-57a2d4851a1d" />
    <TestEntry testId="2063c2aa-16ab-ca7d-a163-864058f25498" executionId="682c0bed-0e1d-4504-8d51-45e49ba66ed6" testListId="8c84fa94-04c1-424b-9868-57a2d4851a1d" />
    <TestEntry testId="c83d7024-acd4-4618-c7c0-ce4b53f044cc" executionId="eb71e9c4-3701-4fa7-b88a-16087453b0f2" testListId="8c84fa94-04c1-424b-9868-57a2d4851a1d" />
    <TestEntry testId="058ccf36-343e-f8a4-2d8e-5195d43003d3" executionId="c47e15ff-bfb5-42e2-8bc1-dacca1fa42e5" testListId="8c84fa94-04c1-424b-9868-57a2d4851a1d" />
    <TestEntry testId="211f2ba6-9227-d868-4d19-f97687042449" executionId="5be7c1dc-6ded-4335-ad6a-bbef99e3663a" testListId="8c84fa94-04c1-424b-9868-57a2d4851a1d" />
    <TestEntry testId="0d6c3018-8651-f775-1bcc-e2f4831219ea" executionId="c667e7be-461a-4e81-9a2b-155c9eb8fe24" testListId="8c84fa94-04c1-424b-9868-57a2d4851a1d" />
    <TestEntry testId="f5aeb169-8d5c-8ae4-c41f-e75c0667f88c" executionId="27132955-3435-409e-a6d0-6fc1eee9eaa1" testListId="8c84fa94-04c1-424b-9868-57a2d4851a1d" />
    <TestEntry testId="3aa66891-0927-06ff-f572-32558746d1dd" executionId="b49e064e-9290-4511-b7a8-fe1b61d8816e" testListId="8c84fa94-04c1-424b-9868-57a2d4851a1d" />
    <TestEntry testId="9585d6bc-56eb-698b-3a16-a729500d8a93" executionId="cc569f45-d08b-4139-b07b-43db6c62a907" testListId="8c84fa94-04c1-424b-9868-57a2d4851a1d" />
    <TestEntry testId="1bbfb0f3-ab23-3029-01e8-54c798ce2b00" executionId="8d4ed14d-97a9-4926-b7d4-3fdfe9b2ec72" testListId="8c84fa94-04c1-424b-9868-57a2d4851a1d" />
    <TestEntry testId="a95bb1bd-eb07-be70-37c8-ade000bafcae" executionId="316dec06-0234-4c85-b263-721ea9a7b17d" testListId="8c84fa94-04c1-424b-9868-57a2d4851a1d" />
    <TestEntry testId="c908d8e8-2438-04db-a0e0-67533ab91b11" executionId="44f03e95-2a97-4a9b-b9c2-6313c82d33d6" testListId="8c84fa94-04c1-424b-9868-57a2d4851a1d" />
    <TestEntry testId="b5986743-9922-08f5-fa11-aec8890e5849" executionId="4ab0f1a2-c642-4662-b5dd-cc8594d43077" testListId="8c84fa94-04c1-424b-9868-57a2d4851a1d" />
    <TestEntry testId="0946643e-22f3-e9fc-13b4-a55730d5cf1a" executionId="1a848492-566c-4d55-a5a7-b3f84a7e6884" testListId="8c84fa94-04c1-424b-9868-57a2d4851a1d" />
    <TestEntry testId="ad2cd101-e9de-73f7-7dd1-9388cd5dbc7b" executionId="19a18aa1-eb58-4a5f-9226-b22cfe729dc6" testListId="8c84fa94-04c1-424b-9868-57a2d4851a1d" />
    <TestEntry testId="f0d93962-9ac2-80b2-3134-ca5f213e0035" executionId="41200920-3c7a-4c79-802b-2410bcdffca9" testListId="8c84fa94-04c1-424b-9868-57a2d4851a1d" />
    <TestEntry testId="36de7592-463f-47f7-983d-c5f5eecbe17d" executionId="d5feeffb-0345-40a2-a60c-6a7b66112da4" testListId="8c84fa94-04c1-424b-9868-57a2d4851a1d" />
    <TestEntry testId="1a633edc-caab-7ec3-e3d7-31517620e296" executionId="13c9485a-7ede-4340-ba4e-71b71a4199dd" testListId="8c84fa94-04c1-424b-9868-57a2d4851a1d" />
    <TestEntry testId="6b09f188-1d85-7471-47b5-8d443de27ab4" executionId="d3dcfc3e-7dca-484b-9305-ad1814a35b22" testListId="8c84fa94-04c1-424b-9868-57a2d4851a1d" />
    <TestEntry testId="c560296b-50a2-51d5-e7f1-4e6f2e3766c0" executionId="0ecbd02f-c899-4359-accd-8c11a1fe3679" testListId="8c84fa94-04c1-424b-9868-57a2d4851a1d" />
    <TestEntry testId="0e8a9888-78cb-f9ea-461d-ec1ac194c346" executionId="fe85f731-822f-4c4e-86e6-8afb96b0606e" testListId="8c84fa94-04c1-424b-9868-57a2d4851a1d" />
    <TestEntry testId="7ad15d50-6b1a-5f37-ff81-15e62021567f" executionId="a4314bca-6323-4855-80d7-8a1cd0c85ffa" testListId="8c84fa94-04c1-424b-9868-57a2d4851a1d" />
    <TestEntry testId="b3fa6a9d-3bcf-e0ea-143d-ffe3580b1fbf" executionId="149aeb84-d0af-4b26-8b88-5781532364d4" testListId="8c84fa94-04c1-424b-9868-57a2d4851a1d" />
    <TestEntry testId="bf5663e2-96fc-b02a-68fb-c3ca9cca605c" executionId="1040bdfa-5240-40d6-bb7a-dc3b983da781" testListId="8c84fa94-04c1-424b-9868-57a2d4851a1d" />
    <TestEntry testId="ffb44ac4-938a-32ba-75a0-091497d8af06" executionId="7ed69e2e-3ee9-46b2-8d35-3cb5aa1d07d1" testListId="8c84fa94-04c1-424b-9868-57a2d4851a1d" />
    <TestEntry testId="61bb9a23-0abb-174e-cc77-8c5cd220ceab" executionId="3be1da08-36cf-432e-8533-d9e781e38864" testListId="8c84fa94-04c1-424b-9868-57a2d4851a1d" />
    <TestEntry testId="d04747e5-9a44-aaf2-82d0-afed2e329e0b" executionId="c7d0e782-0a29-45ec-837a-05082e9aabce" testListId="8c84fa94-04c1-424b-9868-57a2d4851a1d" />
    <TestEntry testId="87ffa1c4-ac48-03ca-4642-af3a8feedc2b" executionId="1b97ddaa-1b44-442c-a448-80d0b166e9bd" testListId="8c84fa94-04c1-424b-9868-57a2d4851a1d" />
    <TestEntry testId="c5e925e3-a83d-9739-edcd-4b49a31fc387" executionId="30e0d1f1-e001-4ac0-a38b-c5c6534c4501" testListId="8c84fa94-04c1-424b-9868-57a2d4851a1d" />
    <TestEntry testId="9839b810-cf39-0a9f-fc16-86e9b230c9d9" executionId="720b8e15-4bec-4426-adb0-a4ef3ce6c185" testListId="8c84fa94-04c1-424b-9868-57a2d4851a1d" />
    <TestEntry testId="22f5ea1c-ceb7-4cdb-99e5-c16fb385ccc9" executionId="20155a9b-e644-493a-9246-df3f6582b74e" testListId="8c84fa94-04c1-424b-9868-57a2d4851a1d" />
    <TestEntry testId="c254d256-647a-2bc7-95b3-2f4c4b3935c2" executionId="3183be77-263a-42d4-95eb-2c431939d864" testListId="8c84fa94-04c1-424b-9868-57a2d4851a1d" />
    <TestEntry testId="10da0836-323e-7559-1cec-599818240865" executionId="83ec6f4b-3d1a-4f04-a6f2-fe104389ee51" testListId="8c84fa94-04c1-424b-9868-57a2d4851a1d" />
    <TestEntry testId="661d4809-df56-de3b-70f4-9df0730c7f23" executionId="eb27f5a3-00d0-4636-9774-392dedd31605" testListId="8c84fa94-04c1-424b-9868-57a2d4851a1d" />
    <TestEntry testId="5b8c592e-bcba-79a1-05fe-8d65aa8331f9" executionId="1d099f32-eb2f-4d3d-8df0-cd129232c7bb" testListId="8c84fa94-04c1-424b-9868-57a2d4851a1d" />
    <TestEntry testId="71c8e0fc-fc04-4ed8-d612-1f1d50f9e5ef" executionId="b1d0000a-d4fe-4d3d-acb6-a5c2a4bdf130" testListId="8c84fa94-04c1-424b-9868-57a2d4851a1d" />
    <TestEntry testId="fcf4d902-43f6-a7d5-a380-fb4c3de428d2" executionId="dc9340de-1ebc-42f3-8ea1-c17b55f58877" testListId="8c84fa94-04c1-424b-9868-57a2d4851a1d" />
    <TestEntry testId="c457d864-609e-2fd7-6d20-d69d335734fa" executionId="25e20c4e-d9ab-4cff-8611-0aed944e9533" testListId="8c84fa94-04c1-424b-9868-57a2d4851a1d" />
    <TestEntry testId="504a2307-b7ce-eaed-530d-2730d9a41e66" executionId="631edb06-8465-44e0-9317-f37cfd4e5d48" testListId="8c84fa94-04c1-424b-9868-57a2d4851a1d" />
    <TestEntry testId="f0a6b858-f8e7-5df8-f607-10274d56bfe9" executionId="93ca27b7-d13d-4c9d-9924-bd3de9268e90" testListId="8c84fa94-04c1-424b-9868-57a2d4851a1d" />
    <TestEntry testId="2ef55bec-f5c1-b4c0-8380-a597edee66e2" executionId="a834d2e4-1da4-4b3a-ad35-d3f869ab1488" testListId="8c84fa94-04c1-424b-9868-57a2d4851a1d" />
    <TestEntry testId="a5fb6c15-79c9-60c2-f754-b9ba01a4a6c3" executionId="1af7056c-a6a4-46c3-b02c-73f27f9226ad" testListId="8c84fa94-04c1-424b-9868-57a2d4851a1d" />
    <TestEntry testId="f4743cca-e1c7-35b4-e90a-2c2c06210594" executionId="3572fb1e-af22-46d6-82b1-7a1dd2c7cdbe" testListId="8c84fa94-04c1-424b-9868-57a2d4851a1d" />
    <TestEntry testId="23a3d23e-4cc3-5c2c-b48f-a3e09a62fa8d" executionId="6da78cfb-9304-42b1-89e0-13a1be7c8877" testListId="8c84fa94-04c1-424b-9868-57a2d4851a1d" />
    <TestEntry testId="852e0e6e-a20e-56a1-39f9-cb7c3bc00ac3" executionId="21aafc04-3d2d-4201-847d-fb61531c0000" testListId="8c84fa94-04c1-424b-9868-57a2d4851a1d" />
    <TestEntry testId="89c46a30-f165-8104-083a-52f425e60046" executionId="948cf9eb-d119-4916-9a1b-5c3ceba2e900" testListId="8c84fa94-04c1-424b-9868-57a2d4851a1d" />
    <TestEntry testId="55014148-0a15-f395-f4f1-8e2df30bce6f" executionId="7b647571-d97e-45bd-89e8-2b544610fdd1" testListId="8c84fa94-04c1-424b-9868-57a2d4851a1d" />
    <TestEntry testId="cbae54c5-2e94-b8bf-a5c5-3eb4c950edb5" executionId="4d7de31f-e95b-4c12-9478-1d6ed67d0d78" testListId="8c84fa94-04c1-424b-9868-57a2d4851a1d" />
    <TestEntry testId="214ab9f4-3721-4591-db50-390ba9b50adb" executionId="3b9977a3-f1ec-4e5b-8450-097be45001e8" testListId="8c84fa94-04c1-424b-9868-57a2d4851a1d" />
  </TestEntries>
  <TestLists>
    <TestList name="Results Not in a List" id="8c84fa94-04c1-424b-9868-57a2d4851a1d" />
    <TestList name="All Loaded Results" id="19431567-8539-422a-85d7-44ee4e166bda" />
  </TestLists>
  <ResultSummary outcome="Completed">
    <Counters total="59" executed="59" passed="59" failed="0" error="0" timeout="0" aborted="0" inconclusive="0" passedButRunAborted="0" notRunnable="0" notExecuted="0" disconnected="0" warning="0" completed="0" inProgress="0" pending="0" />
  </ResultSummary>
</TestRun>