<?xml version="1.0" encoding="utf-8"?>
<TestRun id="2c6f7056-bb16-43f8-bf4d-15d1f1dd96f7" name="DKSR-EFI-04$@DKSR-EFI-04 2023-12-22 09:33:03" runUser="NT AUTHORITY\NETWORK SERVICE" xmlns="http://microsoft.com/schemas/VisualStudio/TeamTest/2010">
  <Times creation="2023-12-22T09:33:03.5373587+01:00" queuing="2023-12-22T09:33:03.5373587+01:00" start="2023-12-22T09:32:52.8498095+01:00" finish="2023-12-22T09:33:04.5373631+01:00" />
  <TestSettings name="default" id="875b6508-2952-46c1-a1b5-e83ec43f4c1a">
    <Deployment runDeploymentRoot="DKSR-EFI-04$_DKSR-EFI-04_2023-12-22_09_33_03" />
  </TestSettings>
  <Results>
    <UnitTestResult executionId="8249f868-c030-44f9-b805-a97cc98a16ae" testId="dcd090ac-9f7a-f384-b0e6-84829886abaf" testName="LogMessage_FormatsLog_Correct" computerName="DKSR-EFI-04" duration="00:00:00.0034546" startTime="2023-12-22T09:33:03.6154858+01:00" endTime="2023-12-22T09:33:03.6154858+01:00" testType="13cdc9d9-ddb5-4fa4-a97d-d965ccfc6d4b" outcome="Passed" testListId="8c84fa94-04c1-424b-9868-57a2d4851a1d" relativeResultsDirectory="8249f868-c030-44f9-b805-a97cc98a16ae" />
    <UnitTestResult executionId="15121818-d8e8-41a9-9180-5c53417d002f" testId="9e630efb-7229-53bd-478a-a9a26f91eff3" testName="Ctor_SetsDriverContextInDriverProcessServiceImplementation" computerName="DKSR-EFI-04" duration="00:00:00.1890616" startTime="2023-12-22T09:33:02.9748558+01:00" endTime="2023-12-22T09:33:03.1623581+01:00" testType="13cdc9d9-ddb5-4fa4-a97d-d965ccfc6d4b" outcome="Passed" testListId="8c84fa94-04c1-424b-9868-57a2d4851a1d" relativeResultsDirectory="15121818-d8e8-41a9-9180-5c53417d002f">
      <Output>
        <StdOut>DriverProcessService ...&#xD;
DriverProcessService.Stop called</StdOut>
      </Output>
    </UnitTestResult>
    <UnitTestResult executionId="b92579b5-1ed0-4bc6-a4d1-869d55c7eff4" testId="ca6c86e6-380d-2dc7-7e55-392818bcb78e" testName="FindPlugins_WhenReadPluginNamesThrowsException_ReturnsEmtyArray" computerName="DKSR-EFI-04" duration="00:00:00.0027632" startTime="2023-12-22T09:33:03.8342381+01:00" endTime="2023-12-22T09:33:03.8342381+01:00" testType="13cdc9d9-ddb5-4fa4-a97d-d965ccfc6d4b" outcome="Passed" testListId="8c84fa94-04c1-424b-9868-57a2d4851a1d" relativeResultsDirectory="b92579b5-1ed0-4bc6-a4d1-869d55c7eff4" />
    <UnitTestResult executionId="859ee050-6b27-46a4-ae70-bf49e50975cb" testId="f3705504-187d-5e65-45a9-66ef1349f94b" testName="LoadFromFolder_WhenDefDirectoryIsEmpty_ReturnsEmptyArray" computerName="DKSR-EFI-04" duration="00:00:00.0047812" startTime="2023-12-22T09:33:03.7873615+01:00" endTime="2023-12-22T09:33:03.7873615+01:00" testType="13cdc9d9-ddb5-4fa4-a97d-d965ccfc6d4b" outcome="Passed" testListId="8c84fa94-04c1-424b-9868-57a2d4851a1d" relativeResultsDirectory="859ee050-6b27-46a4-ae70-bf49e50975cb" />
    <UnitTestResult executionId="804cd9bf-b98b-42cb-95ef-ca9ac1ba175d" testId="77b36c3a-cb52-a25b-db3f-acb9986844cc" testName="LoadFromFolder_WhenDirectoryHasNoFiles_ReturnsZeroPlugin" computerName="DKSR-EFI-04" duration="00:00:00.0019632" startTime="2023-12-22T09:33:03.8029876+01:00" endTime="2023-12-22T09:33:03.8029876+01:00" testType="13cdc9d9-ddb5-4fa4-a97d-d965ccfc6d4b" outcome="Passed" testListId="8c84fa94-04c1-424b-9868-57a2d4851a1d" relativeResultsDirectory="804cd9bf-b98b-42cb-95ef-ca9ac1ba175d" />
    <UnitTestResult executionId="a09dd2aa-8326-45cc-ba0d-5996fc3357fb" testId="578bd8e6-7554-c896-99ea-1c63017fbc6e" testName="Ctor_When2ndArgumentIsNull_Exception" computerName="DKSR-EFI-04" duration="00:00:00.0045053" startTime="2023-12-22T09:33:03.7092347+01:00" endTime="2023-12-22T09:33:03.7092347+01:00" testType="13cdc9d9-ddb5-4fa4-a97d-d965ccfc6d4b" outcome="Passed" testListId="8c84fa94-04c1-424b-9868-57a2d4851a1d" relativeResultsDirectory="a09dd2aa-8326-45cc-ba0d-5996fc3357fb" />
    <UnitTestResult executionId="e015dad1-a98f-4be4-b6ed-43650c6c6dd5" testId="32950cc1-1b30-7479-b42b-d0f76cf41c3b" testName="FindPlugins_WhenReadPluginThrowsException_ReturnsEmtyArray" computerName="DKSR-EFI-04" duration="00:00:00.0058509" startTime="2023-12-22T09:33:03.8186096+01:00" endTime="2023-12-22T09:33:03.8186096+01:00" testType="13cdc9d9-ddb5-4fa4-a97d-d965ccfc6d4b" outcome="Passed" testListId="8c84fa94-04c1-424b-9868-57a2d4851a1d" relativeResultsDirectory="e015dad1-a98f-4be4-b6ed-43650c6c6dd5" />
    <UnitTestResult executionId="ecec0405-7c49-4eff-9a55-3ce0e72f2a9b" testId="c3182316-cf65-841f-5cfc-e766b99e3800" testName="WriteEntry_WhenArchiveFolderDoesNotExist_ArchiveFolderIsCreated" computerName="DKSR-EFI-04" duration="00:00:00.0028713" startTime="2023-12-22T09:33:03.9592365+01:00" endTime="2023-12-22T09:33:03.9592365+01:00" testType="13cdc9d9-ddb5-4fa4-a97d-d965ccfc6d4b" outcome="Passed" testListId="8c84fa94-04c1-424b-9868-57a2d4851a1d" relativeResultsDirectory="ecec0405-7c49-4eff-9a55-3ce0e72f2a9b" />
    <UnitTestResult executionId="cb1bfc2f-eed4-4b7e-88d8-36d1f78a4a11" testId="2ea8ebaf-82c4-d918-b522-cd214722e56a" testName="Ctor_When1stArgumentIsNull_Exception" computerName="DKSR-EFI-04" duration="00:00:00.0078028" startTime="2023-12-22T09:33:03.6936098+01:00" endTime="2023-12-22T09:33:03.7092347+01:00" testType="13cdc9d9-ddb5-4fa4-a97d-d965ccfc6d4b" outcome="Passed" testListId="8c84fa94-04c1-424b-9868-57a2d4851a1d" relativeResultsDirectory="cb1bfc2f-eed4-4b7e-88d8-36d1f78a4a11" />
    <UnitTestResult executionId="7933d824-9280-45f7-a654-726f19bc70a1" testId="7f5c6bf5-c744-7281-1c8c-99657a1b488e" testName="LoadFromFolder_WhenDirectoryHasMultiplePlugins_ReturnsMultiplePluginInfo" computerName="DKSR-EFI-04" duration="00:00:00.0621479" startTime="2023-12-22T09:33:03.7248602+01:00" endTime="2023-12-22T09:33:03.7873615+01:00" testType="13cdc9d9-ddb5-4fa4-a97d-d965ccfc6d4b" outcome="Passed" testListId="8c84fa94-04c1-424b-9868-57a2d4851a1d" relativeResultsDirectory="7933d824-9280-45f7-a654-726f19bc70a1" />
    <UnitTestResult executionId="a7cec835-a90b-422f-b936-b75e7a885692" testId="cd014c38-42d4-217f-006c-b5959d6d6d0a" testName="SendMessage_Levels_Work" computerName="DKSR-EFI-04" duration="00:00:00.0557004" startTime="2023-12-22T09:33:03.6311155+01:00" endTime="2023-12-22T09:33:03.6936098+01:00" testType="13cdc9d9-ddb5-4fa4-a97d-d965ccfc6d4b" outcome="Passed" testListId="8c84fa94-04c1-424b-9868-57a2d4851a1d" relativeResultsDirectory="a7cec835-a90b-422f-b936-b75e7a885692" />
    <UnitTestResult executionId="48f01f83-9d20-4278-8a2d-968a39888891" testId="aa053123-a9c8-d1ff-99c6-6468433e6241" testName="FindPlugins_WhenReadPluginNamesReturnsNull_ReturnsEmtyArray" computerName="DKSR-EFI-04" duration="00:00:00.0027790" startTime="2023-12-22T09:33:03.8342381+01:00" endTime="2023-12-22T09:33:03.8342381+01:00" testType="13cdc9d9-ddb5-4fa4-a97d-d965ccfc6d4b" outcome="Passed" testListId="8c84fa94-04c1-424b-9868-57a2d4851a1d" relativeResultsDirectory="48f01f83-9d20-4278-8a2d-968a39888891" />
    <UnitTestResult executionId="ce6c760b-a6eb-43c9-93cd-884705fd97a1" testId="25cb1cea-54db-3010-015f-e2b198a4ea9a" testName="LogMessage_SetsCurrentTimestamp_Correct" computerName="DKSR-EFI-04" duration="00:00:00.0077561" startTime="2023-12-22T09:33:03.6154858+01:00" endTime="2023-12-22T09:33:03.6311155+01:00" testType="13cdc9d9-ddb5-4fa4-a97d-d965ccfc6d4b" outcome="Passed" testListId="8c84fa94-04c1-424b-9868-57a2d4851a1d" relativeResultsDirectory="ce6c760b-a6eb-43c9-93cd-884705fd97a1" />
    <UnitTestResult executionId="095bc6c3-8f58-46b8-a666-9102b5c90f5a" testId="72094a50-e003-2e77-8579-30bb5a2abd73" testName="Dispose_WhenCalled_ServiceHostIsClosed" computerName="DKSR-EFI-04" duration="00:00:00.0009073" startTime="2023-12-22T09:33:03.2873567+01:00" endTime="2023-12-22T09:33:03.2873567+01:00" testType="13cdc9d9-ddb5-4fa4-a97d-d965ccfc6d4b" outcome="Passed" testListId="8c84fa94-04c1-424b-9868-57a2d4851a1d" relativeResultsDirectory="095bc6c3-8f58-46b8-a666-9102b5c90f5a">
      <Output>
        <StdOut>DriverProcessService ...&#xD;
DriverProcessService.Stop called</StdOut>
      </Output>
    </UnitTestResult>
    <UnitTestResult executionId="e1b392f4-a243-4388-aee0-6ed90b7ad2fd" testId="ccf5d4b4-c1a8-f083-bcf6-aa510d512f2f" testName="FindPlugins_WhenReadPluginReturnsNull_ReturnsEmtyArray" computerName="DKSR-EFI-04" duration="00:00:00.0043941" startTime="2023-12-22T09:33:03.8342381+01:00" endTime="2023-12-22T09:33:03.8498635+01:00" testType="13cdc9d9-ddb5-4fa4-a97d-d965ccfc6d4b" outcome="Passed" testListId="8c84fa94-04c1-424b-9868-57a2d4851a1d" relativeResultsDirectory="e1b392f4-a243-4388-aee0-6ed90b7ad2fd" />
    <UnitTestResult executionId="99acef9c-cd07-401f-bd4a-7c807b6deaf3" testId="c950f5a9-e9fd-e8a8-78b2-4e120ef1d493" testName="FindPlugins_ByDllFile_ReturnPluginInfo" computerName="DKSR-EFI-04" duration="00:00:00.0062591" startTime="2023-12-22T09:33:03.8029876+01:00" endTime="2023-12-22T09:33:03.8029876+01:00" testType="13cdc9d9-ddb5-4fa4-a97d-d965ccfc6d4b" outcome="Passed" testListId="8c84fa94-04c1-424b-9868-57a2d4851a1d" relativeResultsDirectory="99acef9c-cd07-401f-bd4a-7c807b6deaf3" />
    <UnitTestResult executionId="a689515c-f0e1-4803-b6c6-531ad999bdb4" testId="9e25bd4e-bfaf-5411-fbe8-5b319a7b38b8" testName="LogMessage_FormatsString_Correct" computerName="DKSR-EFI-04" duration="00:00:00.0034065" startTime="2023-12-22T09:33:03.6311155+01:00" endTime="2023-12-22T09:33:03.6311155+01:00" testType="13cdc9d9-ddb5-4fa4-a97d-d965ccfc6d4b" outcome="Passed" testListId="8c84fa94-04c1-424b-9868-57a2d4851a1d" relativeResultsDirectory="a689515c-f0e1-4803-b6c6-531ad999bdb4" />
    <UnitTestResult executionId="29a376e6-3af2-410c-8d52-dc6bc5396e49" testId="b3752cb1-1ed0-8ee8-9829-6f2df69043ba" testName="LogMessage_WhenSynchronizerRejected_NoLog" computerName="DKSR-EFI-04" duration="00:00:00.2162215" startTime="2023-12-22T09:33:03.3967349+01:00" endTime="2023-12-22T09:33:03.6154858+01:00" testType="13cdc9d9-ddb5-4fa4-a97d-d965ccfc6d4b" outcome="Passed" testListId="8c84fa94-04c1-424b-9868-57a2d4851a1d" relativeResultsDirectory="29a376e6-3af2-410c-8d52-dc6bc5396e49" />
    <UnitTestResult executionId="d1297051-7b57-4c78-9360-570a1aa9b973" testId="0a2c5ad4-658c-7c32-eaaf-b34a73fc7daa" testName="IsAlive_WhenProxyOpen_ReturnsTrue" computerName="DKSR-EFI-04" duration="00:00:00.0247135" startTime="2023-12-22T09:33:03.2561084+01:00" endTime="2023-12-22T09:33:03.2873567+01:00" testType="13cdc9d9-ddb5-4fa4-a97d-d965ccfc6d4b" outcome="Passed" testListId="8c84fa94-04c1-424b-9868-57a2d4851a1d" relativeResultsDirectory="d1297051-7b57-4c78-9360-570a1aa9b973">
      <Output>
        <StdOut>DriverProcessService ...&#xD;
DriverProcessService.Stop called</StdOut>
      </Output>
    </UnitTestResult>
    <UnitTestResult executionId="d1d6303f-5a0b-4656-9582-994f65ca9a03" testId="0588a584-8596-9a1e-b3c6-43c99f6f9d8d" testName="LogMessage_WhenSynchronizerPassed_Logs" computerName="DKSR-EFI-04" duration="00:00:00.0989029" startTime="2023-12-22T09:33:03.2873567+01:00" endTime="2023-12-22T09:33:03.3967349+01:00" testType="13cdc9d9-ddb5-4fa4-a97d-d965ccfc6d4b" outcome="Passed" testListId="8c84fa94-04c1-424b-9868-57a2d4851a1d" relativeResultsDirectory="d1d6303f-5a0b-4656-9582-994f65ca9a03" />
    <UnitTestResult executionId="062d12da-76dd-484c-82b8-6a429d18f4f2" testId="e6c75f8e-28ad-f89e-6ebf-e5fb33a0a98e" testName="FindPlugins_ByDefFile_ReturnPluginInfo" computerName="DKSR-EFI-04" duration="00:00:00.0072657" startTime="2023-12-22T09:33:03.8029876+01:00" endTime="2023-12-22T09:33:03.8186096+01:00" testType="13cdc9d9-ddb5-4fa4-a97d-d965ccfc6d4b" outcome="Passed" testListId="8c84fa94-04c1-424b-9868-57a2d4851a1d" relativeResultsDirectory="062d12da-76dd-484c-82b8-6a429d18f4f2" />
    <UnitTestResult executionId="1b2665a2-d9cf-46ef-93f6-d84e0646a241" testId="2b28b594-3851-6047-73e1-5280ad8a2b9c" testName="WriteEntry_WhenTextPassed_WritesTextToFile" computerName="DKSR-EFI-04" duration="00:00:00.0074891" startTime="2023-12-22T09:33:03.8498635+01:00" endTime="2023-12-22T09:33:03.8654856+01:00" testType="13cdc9d9-ddb5-4fa4-a97d-d965ccfc6d4b" outcome="Passed" testListId="8c84fa94-04c1-424b-9868-57a2d4851a1d" relativeResultsDirectory="1b2665a2-d9cf-46ef-93f6-d84e0646a241" />
    <UnitTestResult executionId="f39b6ab2-1bdc-4d29-8732-cb20d6d4cce3" testId="4d0bda90-d919-116c-a318-f9bb2da8b7ee" testName="IsAlive_WhenProxyNotOpen_ReturnsFalse" computerName="DKSR-EFI-04" duration="00:00:00.0009789" startTime="2023-12-22T09:33:03.2873567+01:00" endTime="2023-12-22T09:33:03.2873567+01:00" testType="13cdc9d9-ddb5-4fa4-a97d-d965ccfc6d4b" outcome="Passed" testListId="8c84fa94-04c1-424b-9868-57a2d4851a1d" relativeResultsDirectory="f39b6ab2-1bdc-4d29-8732-cb20d6d4cce3">
      <Output>
        <StdOut>DriverProcessService ...&#xD;
DriverProcessService.Stop called</StdOut>
      </Output>
    </UnitTestResult>
    <UnitTestResult executionId="f9229f56-92ae-4c91-a783-7027e997ee32" testId="831d2676-6512-f108-1cf3-7d8e9cdaa287" testName="Ctor_When3rdArgumentIsNull_Exception" computerName="DKSR-EFI-04" duration="00:00:00.0006870" startTime="2023-12-22T09:33:03.7248602+01:00" endTime="2023-12-22T09:33:03.7248602+01:00" testType="13cdc9d9-ddb5-4fa4-a97d-d965ccfc6d4b" outcome="Passed" testListId="8c84fa94-04c1-424b-9868-57a2d4851a1d" relativeResultsDirectory="f9229f56-92ae-4c91-a783-7027e997ee32" />
    <UnitTestResult executionId="dfe931bb-598b-483a-bca5-aae44ddd990b" testId="dae95f5b-8cf8-86c1-762b-dff7fd1e7c89" testName="Ctor_WhenFirstArgumentIsNull_Exception" computerName="DKSR-EFI-04" duration="00:00:00.5446524" startTime="2023-12-22T09:33:02.0217318+01:00" endTime="2023-12-22T09:33:02.9123591+01:00" testType="13cdc9d9-ddb5-4fa4-a97d-d965ccfc6d4b" outcome="Passed" testListId="8c84fa94-04c1-424b-9868-57a2d4851a1d" relativeResultsDirectory="dfe931bb-598b-483a-bca5-aae44ddd990b" />
    <UnitTestResult executionId="608b1d34-058d-4287-b3f3-4c19446d3a7d" testId="f81790d3-db4e-3c87-01dd-ffbee53eaec8" testName="WriteEntry_WhenFileIsLargerThanArchivingSize_FileIsMovedToArchive" computerName="DKSR-EFI-04" duration="00:00:00.0887570" startTime="2023-12-22T09:33:03.8654856+01:00" endTime="2023-12-22T09:33:03.9592365+01:00" testType="13cdc9d9-ddb5-4fa4-a97d-d965ccfc6d4b" outcome="Passed" testListId="8c84fa94-04c1-424b-9868-57a2d4851a1d" relativeResultsDirectory="608b1d34-058d-4287-b3f3-4c19446d3a7d" />
    <UnitTestResult executionId="95890ea2-199b-4d3c-aaa3-6b388829c0f8" testId="93add095-1bbd-16a0-d9f9-e6b7ff5e1a28" testName="Stop_WhenCalled_ServiceHostIsClosed" computerName="DKSR-EFI-04" duration="00:00:00.0009906" startTime="2023-12-22T09:33:03.2404827+01:00" endTime="2023-12-22T09:33:03.2404827+01:00" testType="13cdc9d9-ddb5-4fa4-a97d-d965ccfc6d4b" outcome="Passed" testListId="8c84fa94-04c1-424b-9868-57a2d4851a1d" relativeResultsDirectory="95890ea2-199b-4d3c-aaa3-6b388829c0f8">
      <Output>
        <StdOut>DriverProcessService ...&#xD;
DriverProcessService.Stop called&#xD;
DriverProcessService.Stop called</StdOut>
      </Output>
    </UnitTestResult>
    <UnitTestResult executionId="5ab25473-8c2d-41c1-ae3e-06b5b0b8571e" testId="7f6dfd42-690d-e5e0-0fb8-93a3a525ee22" testName="Start_WhenCalled_ServiceHostIsOpened" computerName="DKSR-EFI-04" duration="00:00:00.0472239" startTime="2023-12-22T09:33:03.1779838+01:00" endTime="2023-12-22T09:33:03.2248578+01:00" testType="13cdc9d9-ddb5-4fa4-a97d-d965ccfc6d4b" outcome="Passed" testListId="8c84fa94-04c1-424b-9868-57a2d4851a1d" relativeResultsDirectory="5ab25473-8c2d-41c1-ae3e-06b5b0b8571e">
      <Output>
        <StdOut>DriverProcessService ...&#xD;
DriverProcessService.Start called&#xD;
DriverProcessService.Stop called</StdOut>
      </Output>
    </UnitTestResult>
  </Results>
  <TestDefinitions>
    <UnitTest name="WriteEntry_WhenFileIsLargerThanArchivingSize_FileIsMovedToArchive" storage="d:\actions-runner\_work\xpco\xpco\corporate\recordingserver\recorderservice\tst\videoos.io.drivers.driverframeworkprocess.unittests\bin\x64\debug\net472\videoos.io.drivers.driverframeworkprocess.unittests.dll" id="f81790d3-db4e-3c87-01dd-ffbee53eaec8">
      <Execution id="608b1d34-058d-4287-b3f3-4c19446d3a7d" />
      <TestMethod codeBase="D:\actions-runner\_work\XPCO\XPCO\Corporate\RecordingServer\RecorderService\tst\VideoOS.IO.Drivers.DriverFrameworkProcess.UnitTests\bin\x64\Debug\net472\VideoOS.IO.Drivers.DriverFrameworkProcess.UnitTests.dll" adapterTypeName="executor://mstestadapter/v2" className="VideoOS.IO.Drivers.DriverFrameworkProcess.UnitTests.Util.Log.ArchivingEnabledFileWriterTest" name="WriteEntry_WhenFileIsLargerThanArchivingSize_FileIsMovedToArchive" />
    </UnitTest>
    <UnitTest name="Ctor_When3rdArgumentIsNull_Exception" storage="d:\actions-runner\_work\xpco\xpco\corporate\recordingserver\recorderservice\tst\videoos.io.drivers.driverframeworkprocess.unittests\bin\x64\debug\net472\videoos.io.drivers.driverframeworkprocess.unittests.dll" id="831d2676-6512-f108-1cf3-7d8e9cdaa287">
      <Execution id="f9229f56-92ae-4c91-a783-7027e997ee32" />
      <TestMethod codeBase="D:\actions-runner\_work\XPCO\XPCO\Corporate\RecordingServer\RecorderService\tst\VideoOS.IO.Drivers.DriverFrameworkProcess.UnitTests\bin\x64\Debug\net472\VideoOS.IO.Drivers.DriverFrameworkProcess.UnitTests.dll" adapterTypeName="executor://mstestadapter/v2" className="VideoOS.IO.Drivers.DriverFrameworkProcess.UnitTests.Util.PluginLoaderTest" name="Ctor_When3rdArgumentIsNull_Exception" />
    </UnitTest>
    <UnitTest name="FindPlugins_WhenReadPluginNamesThrowsException_ReturnsEmtyArray" storage="d:\actions-runner\_work\xpco\xpco\corporate\recordingserver\recorderservice\tst\videoos.io.drivers.driverframeworkprocess.unittests\bin\x64\debug\net472\videoos.io.drivers.driverframeworkprocess.unittests.dll" id="ca6c86e6-380d-2dc7-7e55-392818bcb78e">
      <Execution id="b92579b5-1ed0-4bc6-a4d1-869d55c7eff4" />
      <TestMethod codeBase="D:\actions-runner\_work\XPCO\XPCO\Corporate\RecordingServer\RecorderService\tst\VideoOS.IO.Drivers.DriverFrameworkProcess.UnitTests\bin\x64\Debug\net472\VideoOS.IO.Drivers.DriverFrameworkProcess.UnitTests.dll" adapterTypeName="executor://mstestadapter/v2" className="VideoOS.IO.Drivers.DriverFrameworkProcess.UnitTests.Util.PluginLoaderTest" name="FindPlugins_WhenReadPluginNamesThrowsException_ReturnsEmtyArray" />
    </UnitTest>
    <UnitTest name="WriteEntry_WhenArchiveFolderDoesNotExist_ArchiveFolderIsCreated" storage="d:\actions-runner\_work\xpco\xpco\corporate\recordingserver\recorderservice\tst\videoos.io.drivers.driverframeworkprocess.unittests\bin\x64\debug\net472\videoos.io.drivers.driverframeworkprocess.unittests.dll" id="c3182316-cf65-841f-5cfc-e766b99e3800">
      <Execution id="ecec0405-7c49-4eff-9a55-3ce0e72f2a9b" />
      <TestMethod codeBase="D:\actions-runner\_work\XPCO\XPCO\Corporate\RecordingServer\RecorderService\tst\VideoOS.IO.Drivers.DriverFrameworkProcess.UnitTests\bin\x64\Debug\net472\VideoOS.IO.Drivers.DriverFrameworkProcess.UnitTests.dll" adapterTypeName="executor://mstestadapter/v2" className="VideoOS.IO.Drivers.DriverFrameworkProcess.UnitTests.Util.Log.ArchivingEnabledFileWriterTest" name="WriteEntry_WhenArchiveFolderDoesNotExist_ArchiveFolderIsCreated" />
    </UnitTest>
    <UnitTest name="FindPlugins_ByDefFile_ReturnPluginInfo" storage="d:\actions-runner\_work\xpco\xpco\corporate\recordingserver\recorderservice\tst\videoos.io.drivers.driverframeworkprocess.unittests\bin\x64\debug\net472\videoos.io.drivers.driverframeworkprocess.unittests.dll" id="e6c75f8e-28ad-f89e-6ebf-e5fb33a0a98e">
      <Execution id="062d12da-76dd-484c-82b8-6a429d18f4f2" />
      <TestMethod codeBase="D:\actions-runner\_work\XPCO\XPCO\Corporate\RecordingServer\RecorderService\tst\VideoOS.IO.Drivers.DriverFrameworkProcess.UnitTests\bin\x64\Debug\net472\VideoOS.IO.Drivers.DriverFrameworkProcess.UnitTests.dll" adapterTypeName="executor://mstestadapter/v2" className="VideoOS.IO.Drivers.DriverFrameworkProcess.UnitTests.Util.PluginLoaderTest" name="FindPlugins_ByDefFile_ReturnPluginInfo" />
    </UnitTest>
    <UnitTest name="LoadFromFolder_WhenDefDirectoryIsEmpty_ReturnsEmptyArray" storage="d:\actions-runner\_work\xpco\xpco\corporate\recordingserver\recorderservice\tst\videoos.io.drivers.driverframeworkprocess.unittests\bin\x64\debug\net472\videoos.io.drivers.driverframeworkprocess.unittests.dll" id="f3705504-187d-5e65-45a9-66ef1349f94b">
      <Execution id="859ee050-6b27-46a4-ae70-bf49e50975cb" />
      <TestMethod codeBase="D:\actions-runner\_work\XPCO\XPCO\Corporate\RecordingServer\RecorderService\tst\VideoOS.IO.Drivers.DriverFrameworkProcess.UnitTests\bin\x64\Debug\net472\VideoOS.IO.Drivers.DriverFrameworkProcess.UnitTests.dll" adapterTypeName="executor://mstestadapter/v2" className="VideoOS.IO.Drivers.DriverFrameworkProcess.UnitTests.Util.PluginLoaderTest" name="LoadFromFolder_WhenDefDirectoryIsEmpty_ReturnsEmptyArray" />
    </UnitTest>
    <UnitTest name="FindPlugins_WhenReadPluginNamesReturnsNull_ReturnsEmtyArray" storage="d:\actions-runner\_work\xpco\xpco\corporate\recordingserver\recorderservice\tst\videoos.io.drivers.driverframeworkprocess.unittests\bin\x64\debug\net472\videoos.io.drivers.driverframeworkprocess.unittests.dll" id="aa053123-a9c8-d1ff-99c6-6468433e6241">
      <Execution id="48f01f83-9d20-4278-8a2d-968a39888891" />
      <TestMethod codeBase="D:\actions-runner\_work\XPCO\XPCO\Corporate\RecordingServer\RecorderService\tst\VideoOS.IO.Drivers.DriverFrameworkProcess.UnitTests\bin\x64\Debug\net472\VideoOS.IO.Drivers.DriverFrameworkProcess.UnitTests.dll" adapterTypeName="executor://mstestadapter/v2" className="VideoOS.IO.Drivers.DriverFrameworkProcess.UnitTests.Util.PluginLoaderTest" name="FindPlugins_WhenReadPluginNamesReturnsNull_ReturnsEmtyArray" />
    </UnitTest>
    <UnitTest name="Stop_WhenCalled_ServiceHostIsClosed" storage="d:\actions-runner\_work\xpco\xpco\corporate\recordingserver\recorderservice\tst\videoos.io.drivers.driverframeworkprocess.unittests\bin\x64\debug\net472\videoos.io.drivers.driverframeworkprocess.unittests.dll" id="93add095-1bbd-16a0-d9f9-e6b7ff5e1a28">
      <Execution id="95890ea2-199b-4d3c-aaa3-6b388829c0f8" />
      <TestMethod codeBase="D:\actions-runner\_work\XPCO\XPCO\Corporate\RecordingServer\RecorderService\tst\VideoOS.IO.Drivers.DriverFrameworkProcess.UnitTests\bin\x64\Debug\net472\VideoOS.IO.Drivers.DriverFrameworkProcess.UnitTests.dll" adapterTypeName="executor://mstestadapter/v2" className="VideoOS.IO.Drivers.DriverFrameworkProcess.UnitTests.DriverProcessServiceTest" name="Stop_WhenCalled_ServiceHostIsClosed" />
    </UnitTest>
    <UnitTest name="FindPlugins_WhenReadPluginThrowsException_ReturnsEmtyArray" storage="d:\actions-runner\_work\xpco\xpco\corporate\recordingserver\recorderservice\tst\videoos.io.drivers.driverframeworkprocess.unittests\bin\x64\debug\net472\videoos.io.drivers.driverframeworkprocess.unittests.dll" id="32950cc1-1b30-7479-b42b-d0f76cf41c3b">
      <Execution id="e015dad1-a98f-4be4-b6ed-43650c6c6dd5" />
      <TestMethod codeBase="D:\actions-runner\_work\XPCO\XPCO\Corporate\RecordingServer\RecorderService\tst\VideoOS.IO.Drivers.DriverFrameworkProcess.UnitTests\bin\x64\Debug\net472\VideoOS.IO.Drivers.DriverFrameworkProcess.UnitTests.dll" adapterTypeName="executor://mstestadapter/v2" className="VideoOS.IO.Drivers.DriverFrameworkProcess.UnitTests.Util.PluginLoaderTest" name="FindPlugins_WhenReadPluginThrowsException_ReturnsEmtyArray" />
    </UnitTest>
    <UnitTest name="IsAlive_WhenProxyNotOpen_ReturnsFalse" storage="d:\actions-runner\_work\xpco\xpco\corporate\recordingserver\recorderservice\tst\videoos.io.drivers.driverframeworkprocess.unittests\bin\x64\debug\net472\videoos.io.drivers.driverframeworkprocess.unittests.dll" id="4d0bda90-d919-116c-a318-f9bb2da8b7ee">
      <Execution id="f39b6ab2-1bdc-4d29-8732-cb20d6d4cce3" />
      <TestMethod codeBase="D:\actions-runner\_work\XPCO\XPCO\Corporate\RecordingServer\RecorderService\tst\VideoOS.IO.Drivers.DriverFrameworkProcess.UnitTests\bin\x64\Debug\net472\VideoOS.IO.Drivers.DriverFrameworkProcess.UnitTests.dll" adapterTypeName="executor://mstestadapter/v2" className="VideoOS.IO.Drivers.DriverFrameworkProcess.UnitTests.DriverProcessServiceTest" name="IsAlive_WhenProxyNotOpen_ReturnsFalse" />
    </UnitTest>
    <UnitTest name="IsAlive_WhenProxyOpen_ReturnsTrue" storage="d:\actions-runner\_work\xpco\xpco\corporate\recordingserver\recorderservice\tst\videoos.io.drivers.driverframeworkprocess.unittests\bin\x64\debug\net472\videoos.io.drivers.driverframeworkprocess.unittests.dll" id="0a2c5ad4-658c-7c32-eaaf-b34a73fc7daa">
      <Execution id="d1297051-7b57-4c78-9360-570a1aa9b973" />
      <TestMethod codeBase="D:\actions-runner\_work\XPCO\XPCO\Corporate\RecordingServer\RecorderService\tst\VideoOS.IO.Drivers.DriverFrameworkProcess.UnitTests\bin\x64\Debug\net472\VideoOS.IO.Drivers.DriverFrameworkProcess.UnitTests.dll" adapterTypeName="executor://mstestadapter/v2" className="VideoOS.IO.Drivers.DriverFrameworkProcess.UnitTests.DriverProcessServiceTest" name="IsAlive_WhenProxyOpen_ReturnsTrue" />
    </UnitTest>
    <UnitTest name="LogMessage_FormatsLog_Correct" storage="d:\actions-runner\_work\xpco\xpco\corporate\recordingserver\recorderservice\tst\videoos.io.drivers.driverframeworkprocess.unittests\bin\x64\debug\net472\videoos.io.drivers.driverframeworkprocess.unittests.dll" id="dcd090ac-9f7a-f384-b0e6-84829886abaf">
      <Execution id="8249f868-c030-44f9-b805-a97cc98a16ae" />
      <TestMethod codeBase="D:\actions-runner\_work\XPCO\XPCO\Corporate\RecordingServer\RecorderService\tst\VideoOS.IO.Drivers.DriverFrameworkProcess.UnitTests\bin\x64\Debug\net472\VideoOS.IO.Drivers.DriverFrameworkProcess.UnitTests.dll" adapterTypeName="executor://mstestadapter/v2" className="VideoOS.IO.Drivers.DriverFrameworkProcess.UnitTests.Util.SynchronizedLoggerTests" name="LogMessage_FormatsLog_Correct" />
    </UnitTest>
    <UnitTest name="Ctor_SetsDriverContextInDriverProcessServiceImplementation" storage="d:\actions-runner\_work\xpco\xpco\corporate\recordingserver\recorderservice\tst\videoos.io.drivers.driverframeworkprocess.unittests\bin\x64\debug\net472\videoos.io.drivers.driverframeworkprocess.unittests.dll" id="9e630efb-7229-53bd-478a-a9a26f91eff3">
      <Execution id="15121818-d8e8-41a9-9180-5c53417d002f" />
      <TestMethod codeBase="D:\actions-runner\_work\XPCO\XPCO\Corporate\RecordingServer\RecorderService\tst\VideoOS.IO.Drivers.DriverFrameworkProcess.UnitTests\bin\x64\Debug\net472\VideoOS.IO.Drivers.DriverFrameworkProcess.UnitTests.dll" adapterTypeName="executor://mstestadapter/v2" className="VideoOS.IO.Drivers.DriverFrameworkProcess.UnitTests.DriverProcessServiceTest" name="Ctor_SetsDriverContextInDriverProcessServiceImplementation" />
    </UnitTest>
    <UnitTest name="LogMessage_WhenSynchronizerPassed_Logs" storage="d:\actions-runner\_work\xpco\xpco\corporate\recordingserver\recorderservice\tst\videoos.io.drivers.driverframeworkprocess.unittests\bin\x64\debug\net472\videoos.io.drivers.driverframeworkprocess.unittests.dll" id="0588a584-8596-9a1e-b3c6-43c99f6f9d8d">
      <Execution id="d1d6303f-5a0b-4656-9582-994f65ca9a03" />
      <TestMethod codeBase="D:\actions-runner\_work\XPCO\XPCO\Corporate\RecordingServer\RecorderService\tst\VideoOS.IO.Drivers.DriverFrameworkProcess.UnitTests\bin\x64\Debug\net472\VideoOS.IO.Drivers.DriverFrameworkProcess.UnitTests.dll" adapterTypeName="executor://mstestadapter/v2" className="VideoOS.IO.Drivers.DriverFrameworkProcess.UnitTests.Util.SynchronizedLoggerTests" name="LogMessage_WhenSynchronizerPassed_Logs" />
    </UnitTest>
    <UnitTest name="SendMessage_Levels_Work" storage="d:\actions-runner\_work\xpco\xpco\corporate\recordingserver\recorderservice\tst\videoos.io.drivers.driverframeworkprocess.unittests\bin\x64\debug\net472\videoos.io.drivers.driverframeworkprocess.unittests.dll" id="cd014c38-42d4-217f-006c-b5959d6d6d0a">
      <Execution id="a7cec835-a90b-422f-b936-b75e7a885692" />
      <TestMethod codeBase="D:\actions-runner\_work\XPCO\XPCO\Corporate\RecordingServer\RecorderService\tst\VideoOS.IO.Drivers.DriverFrameworkProcess.UnitTests\bin\x64\Debug\net472\VideoOS.IO.Drivers.DriverFrameworkProcess.UnitTests.dll" adapterTypeName="executor://mstestadapter/v2" className="VideoOS.IO.Drivers.DriverFrameworkProcess.UnitTests.Util.SynchronizedLoggerTests" name="SendMessage_Levels_Work" />
    </UnitTest>
    <UnitTest name="LoadFromFolder_WhenDirectoryHasNoFiles_ReturnsZeroPlugin" storage="d:\actions-runner\_work\xpco\xpco\corporate\recordingserver\recorderservice\tst\videoos.io.drivers.driverframeworkprocess.unittests\bin\x64\debug\net472\videoos.io.drivers.driverframeworkprocess.unittests.dll" id="77b36c3a-cb52-a25b-db3f-acb9986844cc">
      <Execution id="804cd9bf-b98b-42cb-95ef-ca9ac1ba175d" />
      <TestMethod codeBase="D:\actions-runner\_work\XPCO\XPCO\Corporate\RecordingServer\RecorderService\tst\VideoOS.IO.Drivers.DriverFrameworkProcess.UnitTests\bin\x64\Debug\net472\VideoOS.IO.Drivers.DriverFrameworkProcess.UnitTests.dll" adapterTypeName="executor://mstestadapter/v2" className="VideoOS.IO.Drivers.DriverFrameworkProcess.UnitTests.Util.PluginLoaderTest" name="LoadFromFolder_WhenDirectoryHasNoFiles_ReturnsZeroPlugin" />
    </UnitTest>
    <UnitTest name="WriteEntry_WhenTextPassed_WritesTextToFile" storage="d:\actions-runner\_work\xpco\xpco\corporate\recordingserver\recorderservice\tst\videoos.io.drivers.driverframeworkprocess.unittests\bin\x64\debug\net472\videoos.io.drivers.driverframeworkprocess.unittests.dll" id="2b28b594-3851-6047-73e1-5280ad8a2b9c">
      <Execution id="1b2665a2-d9cf-46ef-93f6-d84e0646a241" />
      <TestMethod codeBase="D:\actions-runner\_work\XPCO\XPCO\Corporate\RecordingServer\RecorderService\tst\VideoOS.IO.Drivers.DriverFrameworkProcess.UnitTests\bin\x64\Debug\net472\VideoOS.IO.Drivers.DriverFrameworkProcess.UnitTests.dll" adapterTypeName="executor://mstestadapter/v2" className="VideoOS.IO.Drivers.DriverFrameworkProcess.UnitTests.Util.Log.ArchivingEnabledFileWriterTest" name="WriteEntry_WhenTextPassed_WritesTextToFile" />
    </UnitTest>
    <UnitTest name="LoadFromFolder_WhenDirectoryHasMultiplePlugins_ReturnsMultiplePluginInfo" storage="d:\actions-runner\_work\xpco\xpco\corporate\recordingserver\recorderservice\tst\videoos.io.drivers.driverframeworkprocess.unittests\bin\x64\debug\net472\videoos.io.drivers.driverframeworkprocess.unittests.dll" id="7f5c6bf5-c744-7281-1c8c-99657a1b488e">
      <Execution id="7933d824-9280-45f7-a654-726f19bc70a1" />
      <TestMethod codeBase="D:\actions-runner\_work\XPCO\XPCO\Corporate\RecordingServer\RecorderService\tst\VideoOS.IO.Drivers.DriverFrameworkProcess.UnitTests\bin\x64\Debug\net472\VideoOS.IO.Drivers.DriverFrameworkProcess.UnitTests.dll" adapterTypeName="executor://mstestadapter/v2" className="VideoOS.IO.Drivers.DriverFrameworkProcess.UnitTests.Util.PluginLoaderTest" name="LoadFromFolder_WhenDirectoryHasMultiplePlugins_ReturnsMultiplePluginInfo" />
    </UnitTest>
    <UnitTest name="Ctor_When1stArgumentIsNull_Exception" storage="d:\actions-runner\_work\xpco\xpco\corporate\recordingserver\recorderservice\tst\videoos.io.drivers.driverframeworkprocess.unittests\bin\x64\debug\net472\videoos.io.drivers.driverframeworkprocess.unittests.dll" id="2ea8ebaf-82c4-d918-b522-cd214722e56a">
      <Execution id="cb1bfc2f-eed4-4b7e-88d8-36d1f78a4a11" />
      <TestMethod codeBase="D:\actions-runner\_work\XPCO\XPCO\Corporate\RecordingServer\RecorderService\tst\VideoOS.IO.Drivers.DriverFrameworkProcess.UnitTests\bin\x64\Debug\net472\VideoOS.IO.Drivers.DriverFrameworkProcess.UnitTests.dll" adapterTypeName="executor://mstestadapter/v2" className="VideoOS.IO.Drivers.DriverFrameworkProcess.UnitTests.Util.PluginLoaderTest" name="Ctor_When1stArgumentIsNull_Exception" />
    </UnitTest>
    <UnitTest name="FindPlugins_ByDllFile_ReturnPluginInfo" storage="d:\actions-runner\_work\xpco\xpco\corporate\recordingserver\recorderservice\tst\videoos.io.drivers.driverframeworkprocess.unittests\bin\x64\debug\net472\videoos.io.drivers.driverframeworkprocess.unittests.dll" id="c950f5a9-e9fd-e8a8-78b2-4e120ef1d493">
      <Execution id="99acef9c-cd07-401f-bd4a-7c807b6deaf3" />
      <TestMethod codeBase="D:\actions-runner\_work\XPCO\XPCO\Corporate\RecordingServer\RecorderService\tst\VideoOS.IO.Drivers.DriverFrameworkProcess.UnitTests\bin\x64\Debug\net472\VideoOS.IO.Drivers.DriverFrameworkProcess.UnitTests.dll" adapterTypeName="executor://mstestadapter/v2" className="VideoOS.IO.Drivers.DriverFrameworkProcess.UnitTests.Util.PluginLoaderTest" name="FindPlugins_ByDllFile_ReturnPluginInfo" />
    </UnitTest>
    <UnitTest name="LogMessage_WhenSynchronizerRejected_NoLog" storage="d:\actions-runner\_work\xpco\xpco\corporate\recordingserver\recorderservice\tst\videoos.io.drivers.driverframeworkprocess.unittests\bin\x64\debug\net472\videoos.io.drivers.driverframeworkprocess.unittests.dll" id="b3752cb1-1ed0-8ee8-9829-6f2df69043ba">
      <Execution id="29a376e6-3af2-410c-8d52-dc6bc5396e49" />
      <TestMethod codeBase="D:\actions-runner\_work\XPCO\XPCO\Corporate\RecordingServer\RecorderService\tst\VideoOS.IO.Drivers.DriverFrameworkProcess.UnitTests\bin\x64\Debug\net472\VideoOS.IO.Drivers.DriverFrameworkProcess.UnitTests.dll" adapterTypeName="executor://mstestadapter/v2" className="VideoOS.IO.Drivers.DriverFrameworkProcess.UnitTests.Util.SynchronizedLoggerTests" name="LogMessage_WhenSynchronizerRejected_NoLog" />
    </UnitTest>
    <UnitTest name="LogMessage_FormatsString_Correct" storage="d:\actions-runner\_work\xpco\xpco\corporate\recordingserver\recorderservice\tst\videoos.io.drivers.driverframeworkprocess.unittests\bin\x64\debug\net472\videoos.io.drivers.driverframeworkprocess.unittests.dll" id="9e25bd4e-bfaf-5411-fbe8-5b319a7b38b8">
      <Execution id="a689515c-f0e1-4803-b6c6-531ad999bdb4" />
      <TestMethod codeBase="D:\actions-runner\_work\XPCO\XPCO\Corporate\RecordingServer\RecorderService\tst\VideoOS.IO.Drivers.DriverFrameworkProcess.UnitTests\bin\x64\Debug\net472\VideoOS.IO.Drivers.DriverFrameworkProcess.UnitTests.dll" adapterTypeName="executor://mstestadapter/v2" className="VideoOS.IO.Drivers.DriverFrameworkProcess.UnitTests.Util.SynchronizedLoggerTests" name="LogMessage_FormatsString_Correct" />
    </UnitTest>
    <UnitTest name="Ctor_When2ndArgumentIsNull_Exception" storage="d:\actions-runner\_work\xpco\xpco\corporate\recordingserver\recorderservice\tst\videoos.io.drivers.driverframeworkprocess.unittests\bin\x64\debug\net472\videoos.io.drivers.driverframeworkprocess.unittests.dll" id="578bd8e6-7554-c896-99ea-1c63017fbc6e">
      <Execution id="a09dd2aa-8326-45cc-ba0d-5996fc3357fb" />
      <TestMethod codeBase="D:\actions-runner\_work\XPCO\XPCO\Corporate\RecordingServer\RecorderService\tst\VideoOS.IO.Drivers.DriverFrameworkProcess.UnitTests\bin\x64\Debug\net472\VideoOS.IO.Drivers.DriverFrameworkProcess.UnitTests.dll" adapterTypeName="executor://mstestadapter/v2" className="VideoOS.IO.Drivers.DriverFrameworkProcess.UnitTests.Util.PluginLoaderTest" name="Ctor_When2ndArgumentIsNull_Exception" />
    </UnitTest>
    <UnitTest name="Ctor_WhenFirstArgumentIsNull_Exception" storage="d:\actions-runner\_work\xpco\xpco\corporate\recordingserver\recorderservice\tst\videoos.io.drivers.driverframeworkprocess.unittests\bin\x64\debug\net472\videoos.io.drivers.driverframeworkprocess.unittests.dll" id="dae95f5b-8cf8-86c1-762b-dff7fd1e7c89">
      <Execution id="dfe931bb-598b-483a-bca5-aae44ddd990b" />
      <TestMethod codeBase="D:\actions-runner\_work\XPCO\XPCO\Corporate\RecordingServer\RecorderService\tst\VideoOS.IO.Drivers.DriverFrameworkProcess.UnitTests\bin\x64\Debug\net472\VideoOS.IO.Drivers.DriverFrameworkProcess.UnitTests.dll" adapterTypeName="executor://mstestadapter/v2" className="VideoOS.IO.Drivers.DriverFrameworkProcess.UnitTests.DriverProcessServiceTest" name="Ctor_WhenFirstArgumentIsNull_Exception" />
    </UnitTest>
    <UnitTest name="LogMessage_SetsCurrentTimestamp_Correct" storage="d:\actions-runner\_work\xpco\xpco\corporate\recordingserver\recorderservice\tst\videoos.io.drivers.driverframeworkprocess.unittests\bin\x64\debug\net472\videoos.io.drivers.driverframeworkprocess.unittests.dll" id="25cb1cea-54db-3010-015f-e2b198a4ea9a">
      <Execution id="ce6c760b-a6eb-43c9-93cd-884705fd97a1" />
      <TestMethod codeBase="D:\actions-runner\_work\XPCO\XPCO\Corporate\RecordingServer\RecorderService\tst\VideoOS.IO.Drivers.DriverFrameworkProcess.UnitTests\bin\x64\Debug\net472\VideoOS.IO.Drivers.DriverFrameworkProcess.UnitTests.dll" adapterTypeName="executor://mstestadapter/v2" className="VideoOS.IO.Drivers.DriverFrameworkProcess.UnitTests.Util.SynchronizedLoggerTests" name="LogMessage_SetsCurrentTimestamp_Correct" />
    </UnitTest>
    <UnitTest name="FindPlugins_WhenReadPluginReturnsNull_ReturnsEmtyArray" storage="d:\actions-runner\_work\xpco\xpco\corporate\recordingserver\recorderservice\tst\videoos.io.drivers.driverframeworkprocess.unittests\bin\x64\debug\net472\videoos.io.drivers.driverframeworkprocess.unittests.dll" id="ccf5d4b4-c1a8-f083-bcf6-aa510d512f2f">
      <Execution id="e1b392f4-a243-4388-aee0-6ed90b7ad2fd" />
      <TestMethod codeBase="D:\actions-runner\_work\XPCO\XPCO\Corporate\RecordingServer\RecorderService\tst\VideoOS.IO.Drivers.DriverFrameworkProcess.UnitTests\bin\x64\Debug\net472\VideoOS.IO.Drivers.DriverFrameworkProcess.UnitTests.dll" adapterTypeName="executor://mstestadapter/v2" className="VideoOS.IO.Drivers.DriverFrameworkProcess.UnitTests.Util.PluginLoaderTest" name="FindPlugins_WhenReadPluginReturnsNull_ReturnsEmtyArray" />
    </UnitTest>
    <UnitTest name="Dispose_WhenCalled_ServiceHostIsClosed" storage="d:\actions-runner\_work\xpco\xpco\corporate\recordingserver\recorderservice\tst\videoos.io.drivers.driverframeworkprocess.unittests\bin\x64\debug\net472\videoos.io.drivers.driverframeworkprocess.unittests.dll" id="72094a50-e003-2e77-8579-30bb5a2abd73">
      <Execution id="095bc6c3-8f58-46b8-a666-9102b5c90f5a" />
      <TestMethod codeBase="D:\actions-runner\_work\XPCO\XPCO\Corporate\RecordingServer\RecorderService\tst\VideoOS.IO.Drivers.DriverFrameworkProcess.UnitTests\bin\x64\Debug\net472\VideoOS.IO.Drivers.DriverFrameworkProcess.UnitTests.dll" adapterTypeName="executor://mstestadapter/v2" className="VideoOS.IO.Drivers.DriverFrameworkProcess.UnitTests.DriverProcessServiceTest" name="Dispose_WhenCalled_ServiceHostIsClosed" />
    </UnitTest>
    <UnitTest name="Start_WhenCalled_ServiceHostIsOpened" storage="d:\actions-runner\_work\xpco\xpco\corporate\recordingserver\recorderservice\tst\videoos.io.drivers.driverframeworkprocess.unittests\bin\x64\debug\net472\videoos.io.drivers.driverframeworkprocess.unittests.dll" id="7f6dfd42-690d-e5e0-0fb8-93a3a525ee22">
      <Execution id="5ab25473-8c2d-41c1-ae3e-06b5b0b8571e" />
      <TestMethod codeBase="D:\actions-runner\_work\XPCO\XPCO\Corporate\RecordingServer\RecorderService\tst\VideoOS.IO.Drivers.DriverFrameworkProcess.UnitTests\bin\x64\Debug\net472\VideoOS.IO.Drivers.DriverFrameworkProcess.UnitTests.dll" adapterTypeName="executor://mstestadapter/v2" className="VideoOS.IO.Drivers.DriverFrameworkProcess.UnitTests.DriverProcessServiceTest" name="Start_WhenCalled_ServiceHostIsOpened" />
    </UnitTest>
  </TestDefinitions>
  <TestEntries>
    <TestEntry testId="dcd090ac-9f7a-f384-b0e6-84829886abaf" executionId="8249f868-c030-44f9-b805-a97cc98a16ae" testListId="8c84fa94-04c1-424b-9868-57a2d4851a1d" />
    <TestEntry testId="9e630efb-7229-53bd-478a-a9a26f91eff3" executionId="15121818-d8e8-41a9-9180-5c53417d002f" testListId="8c84fa94-04c1-424b-9868-57a2d4851a1d" />
    <TestEntry testId="ca6c86e6-380d-2dc7-7e55-392818bcb78e" executionId="b92579b5-1ed0-4bc6-a4d1-869d55c7eff4" testListId="8c84fa94-04c1-424b-9868-57a2d4851a1d" />
    <TestEntry testId="f3705504-187d-5e65-45a9-66ef1349f94b" executionId="859ee050-6b27-46a4-ae70-bf49e50975cb" testListId="8c84fa94-04c1-424b-9868-57a2d4851a1d" />
    <TestEntry testId="77b36c3a-cb52-a25b-db3f-acb9986844cc" executionId="804cd9bf-b98b-42cb-95ef-ca9ac1ba175d" testListId="8c84fa94-04c1-424b-9868-57a2d4851a1d" />
    <TestEntry testId="578bd8e6-7554-c896-99ea-1c63017fbc6e" executionId="a09dd2aa-8326-45cc-ba0d-5996fc3357fb" testListId="8c84fa94-04c1-424b-9868-57a2d4851a1d" />
    <TestEntry testId="32950cc1-1b30-7479-b42b-d0f76cf41c3b" executionId="e015dad1-a98f-4be4-b6ed-43650c6c6dd5" testListId="8c84fa94-04c1-424b-9868-57a2d4851a1d" />
    <TestEntry testId="c3182316-cf65-841f-5cfc-e766b99e3800" executionId="ecec0405-7c49-4eff-9a55-3ce0e72f2a9b" testListId="8c84fa94-04c1-424b-9868-57a2d4851a1d" />
    <TestEntry testId="2ea8ebaf-82c4-d918-b522-cd214722e56a" executionId="cb1bfc2f-eed4-4b7e-88d8-36d1f78a4a11" testListId="8c84fa94-04c1-424b-9868-57a2d4851a1d" />
    <TestEntry testId="7f5c6bf5-c744-7281-1c8c-99657a1b488e" executionId="7933d824-9280-45f7-a654-726f19bc70a1" testListId="8c84fa94-04c1-424b-9868-57a2d4851a1d" />
    <TestEntry testId="cd014c38-42d4-217f-006c-b5959d6d6d0a" executionId="a7cec835-a90b-422f-b936-b75e7a885692" testListId="8c84fa94-04c1-424b-9868-57a2d4851a1d" />
    <TestEntry testId="aa053123-a9c8-d1ff-99c6-6468433e6241" executionId="48f01f83-9d20-4278-8a2d-968a39888891" testListId="8c84fa94-04c1-424b-9868-57a2d4851a1d" />
    <TestEntry testId="25cb1cea-54db-3010-015f-e2b198a4ea9a" executionId="ce6c760b-a6eb-43c9-93cd-884705fd97a1" testListId="8c84fa94-04c1-424b-9868-57a2d4851a1d" />
    <TestEntry testId="72094a50-e003-2e77-8579-30bb5a2abd73" executionId="095bc6c3-8f58-46b8-a666-9102b5c90f5a" testListId="8c84fa94-04c1-424b-9868-57a2d4851a1d" />
    <TestEntry testId="ccf5d4b4-c1a8-f083-bcf6-aa510d512f2f" executionId="e1b392f4-a243-4388-aee0-6ed90b7ad2fd" testListId="8c84fa94-04c1-424b-9868-57a2d4851a1d" />
    <TestEntry testId="c950f5a9-e9fd-e8a8-78b2-4e120ef1d493" executionId="99acef9c-cd07-401f-bd4a-7c807b6deaf3" testListId="8c84fa94-04c1-424b-9868-57a2d4851a1d" />
    <TestEntry testId="9e25bd4e-bfaf-5411-fbe8-5b319a7b38b8" executionId="a689515c-f0e1-4803-b6c6-531ad999bdb4" testListId="8c84fa94-04c1-424b-9868-57a2d4851a1d" />
    <TestEntry testId="b3752cb1-1ed0-8ee8-9829-6f2df69043ba" executionId="29a376e6-3af2-410c-8d52-dc6bc5396e49" testListId="8c84fa94-04c1-424b-9868-57a2d4851a1d" />
    <TestEntry testId="0a2c5ad4-658c-7c32-eaaf-b34a73fc7daa" executionId="d1297051-7b57-4c78-9360-570a1aa9b973" testListId="8c84fa94-04c1-424b-9868-57a2d4851a1d" />
    <TestEntry testId="0588a584-8596-9a1e-b3c6-43c99f6f9d8d" executionId="d1d6303f-5a0b-4656-9582-994f65ca9a03" testListId="8c84fa94-04c1-424b-9868-57a2d4851a1d" />
    <TestEntry testId="e6c75f8e-28ad-f89e-6ebf-e5fb33a0a98e" executionId="062d12da-76dd-484c-82b8-6a429d18f4f2" testListId="8c84fa94-04c1-424b-9868-57a2d4851a1d" />
    <TestEntry testId="2b28b594-3851-6047-73e1-5280ad8a2b9c" executionId="1b2665a2-d9cf-46ef-93f6-d84e0646a241" testListId="8c84fa94-04c1-424b-9868-57a2d4851a1d" />
    <TestEntry testId="4d0bda90-d919-116c-a318-f9bb2da8b7ee" executionId="f39b6ab2-1bdc-4d29-8732-cb20d6d4cce3" testListId="8c84fa94-04c1-424b-9868-57a2d4851a1d" />
    <TestEntry testId="831d2676-6512-f108-1cf3-7d8e9cdaa287" executionId="f9229f56-92ae-4c91-a783-7027e997ee32" testListId="8c84fa94-04c1-424b-9868-57a2d4851a1d" />
    <TestEntry testId="dae95f5b-8cf8-86c1-762b-dff7fd1e7c89" executionId="dfe931bb-598b-483a-bca5-aae44ddd990b" testListId="8c84fa94-04c1-424b-9868-57a2d4851a1d" />
    <TestEntry testId="f81790d3-db4e-3c87-01dd-ffbee53eaec8" executionId="608b1d34-058d-4287-b3f3-4c19446d3a7d" testListId="8c84fa94-04c1-424b-9868-57a2d4851a1d" />
    <TestEntry testId="93add095-1bbd-16a0-d9f9-e6b7ff5e1a28" executionId="95890ea2-199b-4d3c-aaa3-6b388829c0f8" testListId="8c84fa94-04c1-424b-9868-57a2d4851a1d" />
    <TestEntry testId="7f6dfd42-690d-e5e0-0fb8-93a3a525ee22" executionId="5ab25473-8c2d-41c1-ae3e-06b5b0b8571e" testListId="8c84fa94-04c1-424b-9868-57a2d4851a1d" />
  </TestEntries>
  <TestLists>
    <TestList name="Results Not in a List" id="8c84fa94-04c1-424b-9868-57a2d4851a1d" />
    <TestList name="All Loaded Results" id="19431567-8539-422a-85d7-44ee4e166bda" />
  </TestLists>
  <ResultSummary outcome="Completed">
    <Counters total="28" executed="28" passed="28" failed="0" error="0" timeout="0" aborted="0" inconclusive="0" passedButRunAborted="0" notRunnable="0" notExecuted="0" disconnected="0" warning="0" completed="0" inProgress="0" pending="0" />
  </ResultSummary>
</TestRun>