<?xml version="1.0" encoding="utf-8"?>
<TestRun id="43ed76d8-1f80-4652-8414-1b3551a40a52" name="DKSR-EFI-04$@DKSR-EFI-04 2023-12-22 09:33:24" runUser="NT AUTHORITY\NETWORK SERVICE" xmlns="http://microsoft.com/schemas/VisualStudio/TeamTest/2010">
  <Times creation="2023-12-22T09:33:24.9437121+01:00" queuing="2023-12-22T09:33:24.9437121+01:00" start="2023-12-22T09:33:14.4124120+01:00" finish="2023-12-22T09:33:37.8656505+01:00" />
  <TestSettings name="default" id="1d5e30d8-f034-423d-97d2-2c3e6caebfd7">
    <Deployment runDeploymentRoot="DKSR-EFI-04$_DKSR-EFI-04_2023-12-22_09_33_24" />
  </TestSettings>
  <Results>
    <UnitTestResult executionId="04f2dab8-e093-4ed7-b22c-a56d61976504" testId="e0691838-f63c-9c2c-801b-be6097f82146" testName="DeviceStreamsPresenter_Activate_OneDevice_CtrlPressed_DefinitionXmlButton_Visible" computerName="DKSR-EFI-04" duration="00:00:00.0158094" startTime="2023-12-22T09:33:28.0531034+01:00" endTime="2023-12-22T09:33:28.0687297+01:00" testType="13cdc9d9-ddb5-4fa4-a97d-d965ccfc6d4b" outcome="Passed" testListId="8c84fa94-04c1-424b-9868-57a2d4851a1d" relativeResultsDirectory="04f2dab8-e093-4ed7-b22c-a56d61976504" />
    <UnitTestResult executionId="f18a0309-6c76-4ada-945e-3c8b359a449c" testId="d205b5b6-ec71-41b4-0268-845eb78bb24d" testName="SystemDashboard_TestExtensionMethodsReturnsAllServerTypes" computerName="DKSR-EFI-04" duration="00:00:00.0002359" startTime="2023-12-22T09:33:29.7562366+01:00" endTime="2023-12-22T09:33:29.7562366+01:00" testType="13cdc9d9-ddb5-4fa4-a97d-d965ccfc6d4b" outcome="Passed" testListId="8c84fa94-04c1-424b-9868-57a2d4851a1d" relativeResultsDirectory="f18a0309-6c76-4ada-945e-3c8b359a449c" />
    <UnitTestResult executionId="e4cccf70-b326-42f7-8269-affff7de0596" testId="2eee81e5-7eba-ad1a-fe8f-bb0def0a1289" testName="ExecuteReplaceHardware_ThrowsArgumentNullException_OnNullAsParameters" computerName="DKSR-EFI-04" duration="00:00:00.0201434" startTime="2023-12-22T09:33:30.9906183+01:00" endTime="2023-12-22T09:33:31.0062413+01:00" testType="13cdc9d9-ddb5-4fa4-a97d-d965ccfc6d4b" outcome="Passed" testListId="8c84fa94-04c1-424b-9868-57a2d4851a1d" relativeResultsDirectory="e4cccf70-b326-42f7-8269-affff7de0596">
      <Output>
        <StdOut>Debug Trace:&#xD;
Fail: Argument parameters is null.</StdOut>
      </Output>
    </UnitTestResult>
    <UnitTestResult executionId="ef199e6a-1c50-450f-a54c-088724b818e2" testId="816db9f9-3df5-e262-9b7e-249748721d30" testName="SystemDashboard_TestConfigTypeExtensionMethodsReturnCorrectCollection" computerName="DKSR-EFI-04" duration="00:00:00.0130674" startTime="2023-12-22T09:33:29.7249838+01:00" endTime="2023-12-22T09:33:29.7406104+01:00" testType="13cdc9d9-ddb5-4fa4-a97d-d965ccfc6d4b" outcome="Passed" testListId="8c84fa94-04c1-424b-9868-57a2d4851a1d" relativeResultsDirectory="ef199e6a-1c50-450f-a54c-088724b818e2" />
    <UnitTestResult executionId="2635d691-a919-4a6c-880c-069531f8396f" testId="2ee4f7d8-9044-e199-e31c-2b7c0ca03fcd" testName="AddOptionsDialogProperties_AddsParentHeader_OnParentProperty" computerName="DKSR-EFI-04" duration="00:00:00.0008642" startTime="2023-12-22T09:33:36.7093944+01:00" endTime="2023-12-22T09:33:36.7093944+01:00" testType="13cdc9d9-ddb5-4fa4-a97d-d965ccfc6d4b" outcome="Passed" testListId="8c84fa94-04c1-424b-9868-57a2d4851a1d" relativeResultsDirectory="2635d691-a919-4a6c-880c-069531f8396f" />
    <UnitTestResult executionId="7aa0e474-6378-4b3f-bbb8-0a87497ed6b0" testId="d1f1df85-77bf-3e9f-3cbb-d16cb9a4f51a" testName="MayHaveOldData_Single_Track" computerName="DKSR-EFI-04" duration="00:00:00.0067329" startTime="2023-12-22T09:33:27.3030971+01:00" endTime="2023-12-22T09:33:27.3187231+01:00" testType="13cdc9d9-ddb5-4fa4-a97d-d965ccfc6d4b" outcome="Passed" testListId="8c84fa94-04c1-424b-9868-57a2d4851a1d" relativeResultsDirectory="7aa0e474-6378-4b3f-bbb8-0a87497ed6b0" />
    <UnitTestResult executionId="0cebc0b8-ebd9-4370-b0b1-701b6fd2af0e" testId="77f3f50f-d827-5f5e-a510-cf94da642b48" testName="AddAppointmentConfiguration_CreatesProperSection_OnAllDayAppointment" computerName="DKSR-EFI-04" duration="00:00:00.0011899" startTime="2023-12-22T09:33:30.8343652+01:00" endTime="2023-12-22T09:33:30.8343652+01:00" testType="13cdc9d9-ddb5-4fa4-a97d-d965ccfc6d4b" outcome="Passed" testListId="8c84fa94-04c1-424b-9868-57a2d4851a1d" relativeResultsDirectory="0cebc0b8-ebd9-4370-b0b1-701b6fd2af0e" />
    <UnitTestResult executionId="ab4d2c34-eaad-429d-9496-f945e9c6b49d" testId="5fde95c3-7e30-e8c4-e680-fa0ae9e4a267" testName="Compare_ThrowsArgumentNullException_OnNullAsY" computerName="DKSR-EFI-04" duration="00:00:00.0006386" startTime="2023-12-22T09:33:30.0843605+01:00" endTime="2023-12-22T09:33:30.0843605+01:00" testType="13cdc9d9-ddb5-4fa4-a97d-d965ccfc6d4b" outcome="Passed" testListId="8c84fa94-04c1-424b-9868-57a2d4851a1d" relativeResultsDirectory="ab4d2c34-eaad-429d-9496-f945e9c6b49d" />
    <UnitTestResult executionId="32a95b14-e5ec-4d75-8d82-763a735ace15" testId="31386553-c8b5-4c61-cfd2-0a7434f2e8d1" testName="AddAppointmentConfiguration_AddsRecurenceRangeStopToTable_OnAppointmentWithRecurrenceWithNoLimit" computerName="DKSR-EFI-04" duration="00:00:00.0005511" startTime="2023-12-22T09:33:30.6781169+01:00" endTime="2023-12-22T09:33:30.6781169+01:00" testType="13cdc9d9-ddb5-4fa4-a97d-d965ccfc6d4b" outcome="Passed" testListId="8c84fa94-04c1-424b-9868-57a2d4851a1d" relativeResultsDirectory="32a95b14-e5ec-4d75-8d82-763a735ace15" />
    <UnitTestResult executionId="8f20fb43-d8b2-4855-9e46-cc7a4606eac7" testId="b0035aff-0a64-7183-8033-0d6eed9b36c2" testName="DirectionFieldOfViewDepthControls_ShouldBeVisible_WhenDeviceIsCamera" computerName="DKSR-EFI-04" duration="00:00:00.0281842" startTime="2023-12-22T09:33:31.9281199+01:00" endTime="2023-12-22T09:33:31.9593706+01:00" testType="13cdc9d9-ddb5-4fa4-a97d-d965ccfc6d4b" outcome="Passed" testListId="8c84fa94-04c1-424b-9868-57a2d4851a1d" relativeResultsDirectory="8f20fb43-d8b2-4855-9e46-cc7a4606eac7" />
    <UnitTestResult executionId="48c24748-9f0d-4d1a-8040-a8ec80786a95" testId="59feefb7-7ed7-9ff6-28ef-0f38d488e861" testName="GetWeeklyPatternText_ThrowsArgumentNullException_OnNullAsRecurrence" computerName="DKSR-EFI-04" duration="00:00:00.0009014" startTime="2023-12-22T09:33:30.8187414+01:00" endTime="2023-12-22T09:33:30.8187414+01:00" testType="13cdc9d9-ddb5-4fa4-a97d-d965ccfc6d4b" outcome="Passed" testListId="8c84fa94-04c1-424b-9868-57a2d4851a1d" relativeResultsDirectory="48c24748-9f0d-4d1a-8040-a8ec80786a95">
      <Output>
        <StdOut>Debug Trace:&#xD;
Fail: Argument is null.</StdOut>
      </Output>
    </UnitTestResult>
    <UnitTestResult executionId="c54d7f27-38af-4a71-a2a6-27a0a66a354b" testId="ead1a04d-99dc-65f4-886b-441a8539b09e" testName="TestPreviewImageEditor_ClearPenOverlayRemovesPenOverlay" computerName="DKSR-EFI-04" duration="00:00:00.0012698" startTime="2023-12-22T09:33:25.1937151+01:00" endTime="2023-12-22T09:33:25.1937151+01:00" testType="13cdc9d9-ddb5-4fa4-a97d-d965ccfc6d4b" outcome="Passed" testListId="8c84fa94-04c1-424b-9868-57a2d4851a1d" relativeResultsDirectory="c54d7f27-38af-4a71-a2a6-27a0a66a354b" />
    <UnitTestResult executionId="cc94c372-a027-403e-a496-cc892bc46df9" testId="3167ebd5-9d03-cc65-8ee5-1b043d4db54a" testName="TestCompositeGrid_SetRegionOnPopulatedMaskSetsTheRightCells" computerName="DKSR-EFI-04" duration="00:00:00.0008653" startTime="2023-12-22T09:33:32.0999963+01:00" endTime="2023-12-22T09:33:32.0999963+01:00" testType="13cdc9d9-ddb5-4fa4-a97d-d965ccfc6d4b" outcome="Passed" testListId="8c84fa94-04c1-424b-9868-57a2d4851a1d" relativeResultsDirectory="cc94c372-a027-403e-a496-cc892bc46df9" />
    <UnitTestResult executionId="4db8d7c8-524b-48e4-ac62-aa8cf24df16f" testId="ca945573-50d6-c4af-770e-2f53e1db0531" testName="AutoDiscovery_HardwareSetupInfoManager_HardwareSetupInfoSetupResponseReceived_WhenHardwareUnsupported" computerName="DKSR-EFI-04" duration="00:00:00.0025559" startTime="2023-12-22T09:33:36.2875155+01:00" endTime="2023-12-22T09:33:36.2875155+01:00" testType="13cdc9d9-ddb5-4fa4-a97d-d965ccfc6d4b" outcome="Passed" testListId="8c84fa94-04c1-424b-9868-57a2d4851a1d" relativeResultsDirectory="4db8d7c8-524b-48e4-ac62-aa8cf24df16f" />
    <UnitTestResult executionId="fb1f2bf3-8ae9-4aaa-9c89-f273ce994685" testId="00d2f1d3-46d8-9209-35b6-4972a34aca8b" testName="AddpluginProperties_AddsHeading_OnPluginWithOneItemNode" computerName="DKSR-EFI-04" duration="00:00:00.0063015" startTime="2023-12-22T09:33:36.7562695+01:00" endTime="2023-12-22T09:33:36.7718962+01:00" testType="13cdc9d9-ddb5-4fa4-a97d-d965ccfc6d4b" outcome="Passed" testListId="8c84fa94-04c1-424b-9868-57a2d4851a1d" relativeResultsDirectory="fb1f2bf3-8ae9-4aaa-9c89-f273ce994685" />
    <UnitTestResult executionId="18077ce8-efb4-46b5-818b-e5a2fd30c7e2" testId="fdbaf56a-5bc5-416b-fa57-9c223bbbe13e" testName="GetDisplayString_ReturnsHourAndMinutePartOfTimeString_OnProperlyFormatedTimeString" computerName="DKSR-EFI-04" duration="00:00:00.0001786" startTime="2023-12-22T09:33:37.0218960+01:00" endTime="2023-12-22T09:33:37.0218960+01:00" testType="13cdc9d9-ddb5-4fa4-a97d-d965ccfc6d4b" outcome="Passed" testListId="8c84fa94-04c1-424b-9868-57a2d4851a1d" relativeResultsDirectory="18077ce8-efb4-46b5-818b-e5a2fd30c7e2" />
    <UnitTestResult executionId="fac5c6b2-1851-4e04-b3b0-046c25bb79ca" testId="01db9139-6521-222f-7e21-ee6dd73b9893" testName="AutoDiscovery_HardwareSetupInfoManager_HardwareSetupInfoSetupResponseReceived_WhenNoResponse" computerName="DKSR-EFI-04" duration="00:00:00.0025872" startTime="2023-12-22T09:33:36.2718913+01:00" endTime="2023-12-22T09:33:36.2875155+01:00" testType="13cdc9d9-ddb5-4fa4-a97d-d965ccfc6d4b" outcome="Passed" testListId="8c84fa94-04c1-424b-9868-57a2d4851a1d" relativeResultsDirectory="fac5c6b2-1851-4e04-b3b0-046c25bb79ca" />
    <UnitTestResult executionId="98cc46a2-2460-402b-a7ab-3188a358f601" testId="1f6c3780-0b46-10b6-5aa8-308026cf9edc" testName="TestPreviewImageEditor_ResizeGridWithDifferentSizePreviewImage" computerName="DKSR-EFI-04" duration="00:00:00.0014204" startTime="2023-12-22T09:33:25.1780891+01:00" endTime="2023-12-22T09:33:25.1780891+01:00" testType="13cdc9d9-ddb5-4fa4-a97d-d965ccfc6d4b" outcome="Passed" testListId="8c84fa94-04c1-424b-9868-57a2d4851a1d" relativeResultsDirectory="98cc46a2-2460-402b-a7ab-3188a358f601" />
    <UnitTestResult executionId="6a839812-719e-4ec9-8b04-9352074cd150" testId="848b4923-32c0-958d-351a-b85722593610" testName="AddAppointmentConfiguration_CreatesProperSection_OnNonAllDayAppointment" computerName="DKSR-EFI-04" duration="00:00:00.0008641" startTime="2023-12-22T09:33:30.8499893+01:00" endTime="2023-12-22T09:33:30.8499893+01:00" testType="13cdc9d9-ddb5-4fa4-a97d-d965ccfc6d4b" outcome="Passed" testListId="8c84fa94-04c1-424b-9868-57a2d4851a1d" relativeResultsDirectory="6a839812-719e-4ec9-8b04-9352074cd150" />
    <UnitTestResult executionId="f73f3df3-cda0-45c9-95c0-110d4c49f265" testId="9f158034-f8de-d402-0e7e-1781465a67b8" testName="TestPreviewImageEditor_ResizePreviewImageWithoutPreviewImage" computerName="DKSR-EFI-04" duration="00:00:00.0010286" startTime="2023-12-22T09:33:25.0999629+01:00" endTime="2023-12-22T09:33:25.0999629+01:00" testType="13cdc9d9-ddb5-4fa4-a97d-d965ccfc6d4b" outcome="Passed" testListId="8c84fa94-04c1-424b-9868-57a2d4851a1d" relativeResultsDirectory="f73f3df3-cda0-45c9-95c0-110d4c49f265" />
    <UnitTestResult executionId="9f0d6fa1-a8cf-41cf-8ddf-191632beff59" testId="cd00c760-ba4d-a11a-4ba7-33c8001ee884" testName="MayHaveOldData_Multi_Track_Track" computerName="DKSR-EFI-04" duration="00:00:00.0118635" startTime="2023-12-22T09:33:27.4437247+01:00" endTime="2023-12-22T09:33:27.4593529+01:00" testType="13cdc9d9-ddb5-4fa4-a97d-d965ccfc6d4b" outcome="Passed" testListId="8c84fa94-04c1-424b-9868-57a2d4851a1d" relativeResultsDirectory="9f0d6fa1-a8cf-41cf-8ddf-191632beff59" />
    <UnitTestResult executionId="40651fbb-7831-4a2d-bbcb-e93775cd7299" testId="7b07e1c7-c876-da1c-0172-ec61196dc8c0" testName="Compare_Returns0_OnAVsA" computerName="DKSR-EFI-04" duration="00:00:00.0001772" startTime="2023-12-22T09:33:30.0999863+01:00" endTime="2023-12-22T09:33:30.0999863+01:00" testType="13cdc9d9-ddb5-4fa4-a97d-d965ccfc6d4b" outcome="Passed" testListId="8c84fa94-04c1-424b-9868-57a2d4851a1d" relativeResultsDirectory="40651fbb-7831-4a2d-bbcb-e93775cd7299" />
    <UnitTestResult executionId="34532baa-86ae-4a19-af1b-a273b67702ad" testId="a6c31964-485a-e928-74c1-038e4111cf4c" testName="SystemDashboard_TestExtensionMethodsReturnsAllCameraGroupings" computerName="DKSR-EFI-04" duration="00:00:00.0001933" startTime="2023-12-22T09:33:29.7562366+01:00" endTime="2023-12-22T09:33:29.7562366+01:00" testType="13cdc9d9-ddb5-4fa4-a97d-d965ccfc6d4b" outcome="Passed" testListId="8c84fa94-04c1-424b-9868-57a2d4851a1d" relativeResultsDirectory="34532baa-86ae-4a19-af1b-a273b67702ad" />
    <UnitTestResult executionId="e6b94624-80a1-4302-98df-10393a8c84f6" testId="6a725ab5-45a8-bb8a-d5f6-58afcfa9801b" testName="AutoDiscovery_HardwareSetupInfoManager_HardwareSetupInfoSetupResponseReceived_WhenCanceled" computerName="DKSR-EFI-04" duration="00:00:00.0059462" startTime="2023-12-22T09:33:36.2718913+01:00" endTime="2023-12-22T09:33:36.2718913+01:00" testType="13cdc9d9-ddb5-4fa4-a97d-d965ccfc6d4b" outcome="Passed" testListId="8c84fa94-04c1-424b-9868-57a2d4851a1d" relativeResultsDirectory="e6b94624-80a1-4302-98df-10393a8c84f6" />
    <UnitTestResult executionId="124a3815-faa1-4a23-b403-1b4fd2f229ac" testId="e2c0a451-86f5-7ec7-6eba-69b3ea02205c" testName="MatchDevices_newDevicesAreNull_ShouldReturnEmptyList" computerName="DKSR-EFI-04" duration="00:00:00.0001828" startTime="2023-12-22T09:33:32.0531223+01:00" endTime="2023-12-22T09:33:32.0531223+01:00" testType="13cdc9d9-ddb5-4fa4-a97d-d965ccfc6d4b" outcome="Passed" testListId="8c84fa94-04c1-424b-9868-57a2d4851a1d" relativeResultsDirectory="124a3815-faa1-4a23-b403-1b4fd2f229ac" />
    <UnitTestResult executionId="f38100a3-7066-470c-9475-1fc63dfd154a" testId="9c14c648-cefb-cf9c-8e24-b3c4687d3d5b" testName="PlatformTree_SetState_ToActive" computerName="DKSR-EFI-04" duration="00:00:00.0002343" startTime="2023-12-22T09:33:36.9906450+01:00" endTime="2023-12-22T09:33:36.9906450+01:00" testType="13cdc9d9-ddb5-4fa4-a97d-d965ccfc6d4b" outcome="Passed" testListId="8c84fa94-04c1-424b-9868-57a2d4851a1d" relativeResultsDirectory="f38100a3-7066-470c-9475-1fc63dfd154a" />
    <UnitTestResult executionId="36a4c1a9-a0d3-44c6-8746-87be425ae422" testId="dc2d1873-40af-1880-a3e9-cd70e47c3b9b" testName="TestPreviewImageEditor_UpdatePreviewImageWithoutGridOverlay" computerName="DKSR-EFI-04" duration="00:00:00.0105256" startTime="2023-12-22T09:33:25.1155865+01:00" endTime="2023-12-22T09:33:25.1155865+01:00" testType="13cdc9d9-ddb5-4fa4-a97d-d965ccfc6d4b" outcome="Passed" testListId="8c84fa94-04c1-424b-9868-57a2d4851a1d" relativeResultsDirectory="36a4c1a9-a0d3-44c6-8746-87be425ae422" />
    <UnitTestResult executionId="928c5eb3-1354-464a-98ba-60f6f09e864d" testId="048a50cc-0f82-5d3d-1a4b-cd9e0cb698fc" testName="ConfigurationLookupHelperTest_TestSourceProviderGetAllfailoverServers_EmptyResult" computerName="DKSR-EFI-04" duration="00:00:00.0105159" startTime="2023-12-22T09:33:32.0218711+01:00" endTime="2023-12-22T09:33:32.0218711+01:00" testType="13cdc9d9-ddb5-4fa4-a97d-d965ccfc6d4b" outcome="Passed" testListId="8c84fa94-04c1-424b-9868-57a2d4851a1d" relativeResultsDirectory="928c5eb3-1354-464a-98ba-60f6f09e864d" />
    <UnitTestResult executionId="6eb2185c-32cb-4b8d-b108-a95c8ac2197b" testId="b25051d6-3bcd-4a50-34aa-d755cd1b4e2c" testName="AddOptionsDialogProperties_DoesNotChangeReport_OnToolsOptionsDialogPluginReturningNull" computerName="DKSR-EFI-04" duration="00:00:00.0015393" startTime="2023-12-22T09:33:36.6625183+01:00" endTime="2023-12-22T09:33:36.6625183+01:00" testType="13cdc9d9-ddb5-4fa4-a97d-d965ccfc6d4b" outcome="Passed" testListId="8c84fa94-04c1-424b-9868-57a2d4851a1d" relativeResultsDirectory="6eb2185c-32cb-4b8d-b108-a95c8ac2197b" />
    <UnitTestResult executionId="8dddbd70-fc5b-466f-b2b3-2756e9aaa9e0" testId="8b267344-1f62-9889-3188-a6f2b5e607b7" testName="ServerPickerXmlConverter_ConvertFromXml_Success" computerName="DKSR-EFI-04" duration="00:00:00.0039171" startTime="2023-12-22T09:33:37.0062702+01:00" endTime="2023-12-22T09:33:37.0062702+01:00" testType="13cdc9d9-ddb5-4fa4-a97d-d965ccfc6d4b" outcome="Passed" testListId="8c84fa94-04c1-424b-9868-57a2d4851a1d" relativeResultsDirectory="8dddbd70-fc5b-466f-b2b3-2756e9aaa9e0" />
    <UnitTestResult executionId="28a3ee8e-d810-4a86-8120-0f27629a434a" testId="98e89c7c-e44a-309e-df1a-ac3d03646028" testName="TestPreviewImageEditor_UpdatePreviewImageWithGrid" computerName="DKSR-EFI-04" duration="00:00:00.0121387" startTime="2023-12-22T09:33:25.1155865+01:00" endTime="2023-12-22T09:33:25.1312155+01:00" testType="13cdc9d9-ddb5-4fa4-a97d-d965ccfc6d4b" outcome="Passed" testListId="8c84fa94-04c1-424b-9868-57a2d4851a1d" relativeResultsDirectory="28a3ee8e-d810-4a86-8120-0f27629a434a" />
    <UnitTestResult executionId="d96c1c74-3fa5-464f-9af0-d26855660fa9" testId="dc4a964a-8aea-3cf4-92b2-b3bdaf29744b" testName="DeviceStreamsPresenter_ValidateAndSave_Success" computerName="DKSR-EFI-04" duration="00:00:00.0244887" startTime="2023-12-22T09:33:28.5531051+01:00" endTime="2023-12-22T09:33:28.5843576+01:00" testType="13cdc9d9-ddb5-4fa4-a97d-d965ccfc6d4b" outcome="Passed" testListId="8c84fa94-04c1-424b-9868-57a2d4851a1d" relativeResultsDirectory="d96c1c74-3fa5-464f-9af0-d26855660fa9" />
    <UnitTestResult executionId="09f25536-7cc9-4d29-962d-f6d51257239b" testId="48e0767c-a71a-e1b7-4d50-9bd70b568e17" testName="RecursiveFindFirstDeviceInDeviceGroup_ThrowsArgumentNullException_OnNullAsDeviceGroup" computerName="DKSR-EFI-04" duration="00:00:00.0114285" startTime="2023-12-22T09:33:30.8656150+01:00" endTime="2023-12-22T09:33:30.8656150+01:00" testType="13cdc9d9-ddb5-4fa4-a97d-d965ccfc6d4b" outcome="Passed" testListId="8c84fa94-04c1-424b-9868-57a2d4851a1d" relativeResultsDirectory="09f25536-7cc9-4d29-962d-f6d51257239b">
      <Output>
        <StdOut>Debug Trace:&#xD;
Fail: Argument is null.</StdOut>
      </Output>
    </UnitTestResult>
    <UnitTestResult executionId="6089586c-8089-4045-b7c5-c2274925e44e" testId="80e5731c-d5fc-e94f-306e-58f2a404c823" testName="TestPreviewImageEditor_ClearPenOverlayWithoutHavingAPenOverlay" computerName="DKSR-EFI-04" duration="00:00:00.0005430" startTime="2023-12-22T09:33:25.1937151+01:00" endTime="2023-12-22T09:33:25.1937151+01:00" testType="13cdc9d9-ddb5-4fa4-a97d-d965ccfc6d4b" outcome="Passed" testListId="8c84fa94-04c1-424b-9868-57a2d4851a1d" relativeResultsDirectory="6089586c-8089-4045-b7c5-c2274925e44e" />
    <UnitTestResult executionId="ecb0beab-f56f-450b-b80c-fd679ae3746e" testId="6e5313e3-85cd-2b26-05f8-a3e6e87d3022" testName="DeviceStreamsPresenter_StreamGridCellChange_SelectRecordToSecondaryWithoutPrimary_NotAllowed" computerName="DKSR-EFI-04" duration="00:00:00.0098743" startTime="2023-12-22T09:33:28.2249797+01:00" endTime="2023-12-22T09:33:28.2406036+01:00" testType="13cdc9d9-ddb5-4fa4-a97d-d965ccfc6d4b" outcome="Passed" testListId="8c84fa94-04c1-424b-9868-57a2d4851a1d" relativeResultsDirectory="ecb0beab-f56f-450b-b80c-fd679ae3746e" />
    <UnitTestResult executionId="2eba4696-34d5-426d-9a35-c63ddac237c9" testId="bd56244a-4df2-568c-9200-398d9e2a3308" testName="GetDailyPatternText_ReturnsEveryXDays_OnPattern" computerName="DKSR-EFI-04" duration="00:00:00.0002721" startTime="2023-12-22T09:33:30.8187414+01:00" endTime="2023-12-22T09:33:30.8187414+01:00" testType="13cdc9d9-ddb5-4fa4-a97d-d965ccfc6d4b" outcome="Passed" testListId="8c84fa94-04c1-424b-9868-57a2d4851a1d" relativeResultsDirectory="2eba4696-34d5-426d-9a35-c63ddac237c9" />
    <UnitTestResult executionId="c0eb6f53-a5a7-47f9-b8d4-96e03a0a8a86" testId="36be9ed2-eaa8-c998-6851-9c139f670027" testName="AddAppointmentConfiguration_AddsRecurenceRangeStartToTable_OnAppointmentWithRecurrence" computerName="DKSR-EFI-04" duration="00:00:00.0003309" startTime="2023-12-22T09:33:30.6781169+01:00" endTime="2023-12-22T09:33:30.6781169+01:00" testType="13cdc9d9-ddb5-4fa4-a97d-d965ccfc6d4b" outcome="Passed" testListId="8c84fa94-04c1-424b-9868-57a2d4851a1d" relativeResultsDirectory="c0eb6f53-a5a7-47f9-b8d4-96e03a0a8a86" />
    <UnitTestResult executionId="0d63d24e-8f7f-4161-8c15-fafcd88d0779" testId="97e68eba-2053-f7dd-778b-d27d1d343c88" testName="AddpluginProperties_DoesNotChangeAnything_OnPluginWithNoItems" computerName="DKSR-EFI-04" duration="00:00:00.0008996" startTime="2023-12-22T09:33:36.8187709+01:00" endTime="2023-12-22T09:33:36.8187709+01:00" testType="13cdc9d9-ddb5-4fa4-a97d-d965ccfc6d4b" outcome="Passed" testListId="8c84fa94-04c1-424b-9868-57a2d4851a1d" relativeResultsDirectory="0d63d24e-8f7f-4161-8c15-fafcd88d0779" />
    <UnitTestResult executionId="88973b0d-4a9f-47a0-ad49-fd7511ee4979" testId="d994edcd-7824-9182-32a2-9c0ce8e65fdc" testName="AutoDiscovery_HardwareSetupInfoManager_HardwareSetupInfoSetupResponseReceived_WhenException" computerName="DKSR-EFI-04" duration="00:00:00.0149221" startTime="2023-12-22T09:33:36.3187680+01:00" endTime="2023-12-22T09:33:36.3343927+01:00" testType="13cdc9d9-ddb5-4fa4-a97d-d965ccfc6d4b" outcome="Passed" testListId="8c84fa94-04c1-424b-9868-57a2d4851a1d" relativeResultsDirectory="88973b0d-4a9f-47a0-ad49-fd7511ee4979" />
    <UnitTestResult executionId="8a35ac10-e794-4975-8f69-ec67a46bb639" testId="14ba3501-276c-588b-c9bf-cc95a4f9486d" testName="Compare_ReturnsNegative1_OnNullAsXTag" computerName="DKSR-EFI-04" duration="00:00:00.0002631" startTime="2023-12-22T09:33:30.0999863+01:00" endTime="2023-12-22T09:33:30.1156107+01:00" testType="13cdc9d9-ddb5-4fa4-a97d-d965ccfc6d4b" outcome="Passed" testListId="8c84fa94-04c1-424b-9868-57a2d4851a1d" relativeResultsDirectory="8a35ac10-e794-4975-8f69-ec67a46bb639" />
    <UnitTestResult executionId="f6043c5a-e974-407a-930b-50dfd8b40402" testId="2261a751-4664-f3d2-ac16-d6207f18ec2d" testName="AutoDiscovery_HardwareSetupInfoManager_ProcessTasksResults_Success_NonDefault" computerName="DKSR-EFI-04" duration="00:00:00.0077390" startTime="2023-12-22T09:33:36.2406408+01:00" endTime="2023-12-22T09:33:36.2406408+01:00" testType="13cdc9d9-ddb5-4fa4-a97d-d965ccfc6d4b" outcome="Passed" testListId="8c84fa94-04c1-424b-9868-57a2d4851a1d" relativeResultsDirectory="f6043c5a-e974-407a-930b-50dfd8b40402" />
    <UnitTestResult executionId="f44c1d9c-b579-460b-9c5c-663e82bd3eac" testId="c3bcac8f-bb02-bb3d-6d2e-754b50d6d0dd" testName="MatchDevices_MultipleCameraReplace_ShouldGetTheCorrectMappingBack" computerName="DKSR-EFI-04" duration="00:00:00.0004198" startTime="2023-12-22T09:33:32.0531223+01:00" endTime="2023-12-22T09:33:32.0531223+01:00" testType="13cdc9d9-ddb5-4fa4-a97d-d965ccfc6d4b" outcome="Passed" testListId="8c84fa94-04c1-424b-9868-57a2d4851a1d" relativeResultsDirectory="f44c1d9c-b579-460b-9c5c-663e82bd3eac" />
    <UnitTestResult executionId="c2300028-dcb3-436c-a3ec-bb10c9600471" testId="133ee20b-c8c5-ff53-28c7-1a6b45e07fb6" testName="AddAppointmentConfiguration_ThrowsArgumentNullException_OnNullAsAppointment" computerName="DKSR-EFI-04" duration="00:00:00.0064497" startTime="2023-12-22T09:33:30.8499893+01:00" endTime="2023-12-22T09:33:30.8499893+01:00" testType="13cdc9d9-ddb5-4fa4-a97d-d965ccfc6d4b" outcome="Passed" testListId="8c84fa94-04c1-424b-9868-57a2d4851a1d" relativeResultsDirectory="c2300028-dcb3-436c-a3ec-bb10c9600471">
      <Output>
        <StdOut>Debug Trace:&#xD;
Fail: Argument is null.</StdOut>
      </Output>
    </UnitTestResult>
    <UnitTestResult executionId="36ac002c-cba5-4e29-9857-dcbd0fab264f" testId="2c35c50a-a23b-af15-227f-ab717cc0242d" testName="TestOneRemovableNoMotion" computerName="DKSR-EFI-04" duration="00:00:00.0001501" startTime="2023-12-22T09:33:25.0218366+01:00" endTime="2023-12-22T09:33:25.0218366+01:00" testType="13cdc9d9-ddb5-4fa4-a97d-d965ccfc6d4b" outcome="Passed" testListId="8c84fa94-04c1-424b-9868-57a2d4851a1d" relativeResultsDirectory="36ac002c-cba5-4e29-9857-dcbd0fab264f" />
    <UnitTestResult executionId="d4b296e5-f80c-46dc-91b9-73581ea6efa2" testId="e2bdb57c-0bc2-b757-029c-eb5f73777daf" testName="TestPreviewImageEditor_CreatePenOverlayWithoutPreviewImage" computerName="DKSR-EFI-04" duration="00:00:00.0016038" startTime="2023-12-22T09:33:25.0999629+01:00" endTime="2023-12-22T09:33:25.0999629+01:00" testType="13cdc9d9-ddb5-4fa4-a97d-d965ccfc6d4b" outcome="Passed" testListId="8c84fa94-04c1-424b-9868-57a2d4851a1d" relativeResultsDirectory="d4b296e5-f80c-46dc-91b9-73581ea6efa2" />
    <UnitTestResult executionId="5562f7ce-4e2d-4b9d-aad4-8fddcdf195d5" testId="2de94246-b1b3-666f-9a49-52db0735f8ec" testName="AddpluginProperties_AddsHeader2_OnPluginWithNestedItemsWithParentProperty" computerName="DKSR-EFI-04" duration="00:00:00.0013325" startTime="2023-12-22T09:33:36.8656434+01:00" endTime="2023-12-22T09:33:36.8656434+01:00" testType="13cdc9d9-ddb5-4fa4-a97d-d965ccfc6d4b" outcome="Passed" testListId="8c84fa94-04c1-424b-9868-57a2d4851a1d" relativeResultsDirectory="5562f7ce-4e2d-4b9d-aad4-8fddcdf195d5" />
    <UnitTestResult executionId="df024a7f-ccbd-4729-9d0c-de4f9d9c9289" testId="7990ea68-3a48-cc6c-6b53-7408abbf3474" testName="AddOptionsDialogProperties_AddsTwoRows_OnMultipleSectionsWithSameKeys" computerName="DKSR-EFI-04" duration="00:00:00.0009662" startTime="2023-12-22T09:33:36.7250212+01:00" endTime="2023-12-22T09:33:36.7250212+01:00" testType="13cdc9d9-ddb5-4fa4-a97d-d965ccfc6d4b" outcome="Passed" testListId="8c84fa94-04c1-424b-9868-57a2d4851a1d" relativeResultsDirectory="df024a7f-ccbd-4729-9d0c-de4f9d9c9289" />
    <UnitTestResult executionId="c0cc6486-6319-42a9-82c6-085a69d08fe0" testId="c9d0430e-4ae6-2282-ef9f-12706c632bd8" testName="PlatformTree_SetState_ToWarningAsError" computerName="DKSR-EFI-04" duration="00:00:00.0001778" startTime="2023-12-22T09:33:36.9906450+01:00" endTime="2023-12-22T09:33:36.9906450+01:00" testType="13cdc9d9-ddb5-4fa4-a97d-d965ccfc6d4b" outcome="Passed" testListId="8c84fa94-04c1-424b-9868-57a2d4851a1d" relativeResultsDirectory="c0cc6486-6319-42a9-82c6-085a69d08fe0" />
    <UnitTestResult executionId="ce0c7aa0-e947-4796-8d72-9150be0f269c" testId="afad45a8-44b0-6a4f-cb1c-e80558b45d48" testName="AddAppointmentConfiguration_DoesNotChangeTable_OnAppointmentWithRecurrence" computerName="DKSR-EFI-04" duration="00:00:00.0018408" startTime="2023-12-22T09:33:30.8187414+01:00" endTime="2023-12-22T09:33:30.8343652+01:00" testType="13cdc9d9-ddb5-4fa4-a97d-d965ccfc6d4b" outcome="Passed" testListId="8c84fa94-04c1-424b-9868-57a2d4851a1d" relativeResultsDirectory="ce0c7aa0-e947-4796-8d72-9150be0f269c" />
    <UnitTestResult executionId="bff23640-b154-4a75-bd3a-2e1f88d69db9" testId="d7ea0b97-0362-b71d-a237-a315ab00de7c" testName="DeviceStreamsPresenter_StreamGridCellChange_SelectLiveModeNever_ResetsValueIfNoOtherRow" computerName="DKSR-EFI-04" duration="00:00:00.0098145" startTime="2023-12-22T09:33:28.2718529+01:00" endTime="2023-12-22T09:33:28.2874800+01:00" testType="13cdc9d9-ddb5-4fa4-a97d-d965ccfc6d4b" outcome="Passed" testListId="8c84fa94-04c1-424b-9868-57a2d4851a1d" relativeResultsDirectory="bff23640-b154-4a75-bd3a-2e1f88d69db9" />
    <UnitTestResult executionId="5b48dcc1-affc-4057-91f3-e9c991eb5d54" testId="d714e552-e383-72bf-c7e2-bdff415c312f" testName="AddAppointmentConfiguration_AddsRecurenceRangeStopToTable_OnAppointmentWithRecurrenceWithLimitByDate" computerName="DKSR-EFI-04" duration="00:00:00.0010847" startTime="2023-12-22T09:33:30.6937412+01:00" endTime="2023-12-22T09:33:30.6937412+01:00" testType="13cdc9d9-ddb5-4fa4-a97d-d965ccfc6d4b" outcome="Passed" testListId="8c84fa94-04c1-424b-9868-57a2d4851a1d" relativeResultsDirectory="5b48dcc1-affc-4057-91f3-e9c991eb5d54" />
    <UnitTestResult executionId="9c980256-111c-4b15-a66c-9313de995cbf" testId="5f6f4ffa-af7a-85f4-ed87-e5d7524e3550" testName="Constructor_ThrowsArgumentNullException_OnNullAsUiSetting" computerName="DKSR-EFI-04" duration="00:00:00.0220322" startTime="2023-12-22T09:33:24.9124629+01:00" endTime="2023-12-22T09:33:24.9437121+01:00" testType="13cdc9d9-ddb5-4fa4-a97d-d965ccfc6d4b" outcome="Passed" testListId="8c84fa94-04c1-424b-9868-57a2d4851a1d" relativeResultsDirectory="9c980256-111c-4b15-a66c-9313de995cbf" />
    <UnitTestResult executionId="c1d99741-1c99-4465-9bdd-68cbe286dc8f" testId="e4add18a-55af-d630-149f-d01b50eb176b" testName="TestOneRemovableAndOnePermanent" computerName="DKSR-EFI-04" duration="00:00:00.0001569" startTime="2023-12-22T09:33:25.0374620+01:00" endTime="2023-12-22T09:33:25.0374620+01:00" testType="13cdc9d9-ddb5-4fa4-a97d-d965ccfc6d4b" outcome="Passed" testListId="8c84fa94-04c1-424b-9868-57a2d4851a1d" relativeResultsDirectory="c1d99741-1c99-4465-9bdd-68cbe286dc8f" />
    <UnitTestResult executionId="1174263c-141a-4ea9-8c3c-2384d4bc5139" testId="e2637a74-d2c7-a2d5-ee31-d7217619f4e7" testName="DeviceStreamsPresenter_RefreshData_NotSamenumberOfStreams_ShowsErrorText" computerName="DKSR-EFI-04" duration="00:00:00.0104012" startTime="2023-12-22T09:33:28.1937302+01:00" endTime="2023-12-22T09:33:28.1937302+01:00" testType="13cdc9d9-ddb5-4fa4-a97d-d965ccfc6d4b" outcome="Passed" testListId="8c84fa94-04c1-424b-9868-57a2d4851a1d" relativeResultsDirectory="1174263c-141a-4ea9-8c3c-2384d4bc5139" />
    <UnitTestResult executionId="0f939ecd-81bb-44d3-8125-eafa1735f878" testId="f64b4e1d-0d2d-21cd-0557-43fefafba861" testName="Compare_ReturnsNegative1_OnSelectDeviceVsNone" computerName="DKSR-EFI-04" duration="00:00:00.0009495" startTime="2023-12-22T09:33:30.1156107+01:00" endTime="2023-12-22T09:33:30.1156107+01:00" testType="13cdc9d9-ddb5-4fa4-a97d-d965ccfc6d4b" outcome="Passed" testListId="8c84fa94-04c1-424b-9868-57a2d4851a1d" relativeResultsDirectory="0f939ecd-81bb-44d3-8125-eafa1735f878" />
    <UnitTestResult executionId="c1820863-22db-4fba-989f-8fe658b924fa" testId="eac9c4da-8035-175d-2282-ea21532e2ba0" testName="AutoDiscovery_HardwareSetupInfoManager_HardwareSetupInfoSetupResponseReceived_WhenSetupError" computerName="DKSR-EFI-04" duration="00:00:00.0023644" startTime="2023-12-22T09:33:36.3031432+01:00" endTime="2023-12-22T09:33:36.3031432+01:00" testType="13cdc9d9-ddb5-4fa4-a97d-d965ccfc6d4b" outcome="Passed" testListId="8c84fa94-04c1-424b-9868-57a2d4851a1d" relativeResultsDirectory="c1820863-22db-4fba-989f-8fe658b924fa" />
    <UnitTestResult executionId="1a937ed1-ff06-4425-ba7d-3795bc56d0d4" testId="a539a26d-f2fe-fe9d-67c9-e42d10dc11d9" testName="TestCompositeGrid_SetMasksPopulatesMaskCells" computerName="DKSR-EFI-04" duration="00:00:00.0058956" startTime="2023-12-22T09:33:32.0843714+01:00" endTime="2023-12-22T09:33:32.0999963+01:00" testType="13cdc9d9-ddb5-4fa4-a97d-d965ccfc6d4b" outcome="Passed" testListId="8c84fa94-04c1-424b-9868-57a2d4851a1d" relativeResultsDirectory="1a937ed1-ff06-4425-ba7d-3795bc56d0d4" />
    <UnitTestResult executionId="19a62f97-5c01-4afd-b255-4f8587814270" testId="7b16ddbc-47bb-b448-722e-c63c4914fa66" testName="Compare_Returns1_OnNullAsYTag" computerName="DKSR-EFI-04" duration="00:00:00.0001706" startTime="2023-12-22T09:33:30.1156107+01:00" endTime="2023-12-22T09:33:30.1156107+01:00" testType="13cdc9d9-ddb5-4fa4-a97d-d965ccfc6d4b" outcome="Passed" testListId="8c84fa94-04c1-424b-9868-57a2d4851a1d" relativeResultsDirectory="19a62f97-5c01-4afd-b255-4f8587814270" />
    <UnitTestResult executionId="8afaafca-ad64-4e33-8098-d6cd30fef607" testId="d7928b7c-0303-69b6-8652-b6f02f92daa1" testName="Systemdashboard_ConfigurationProviderGetServerTiles" computerName="DKSR-EFI-04" duration="00:00:00.0270028" startTime="2023-12-22T09:33:29.7093595+01:00" endTime="2023-12-22T09:33:29.7249838+01:00" testType="13cdc9d9-ddb5-4fa4-a97d-d965ccfc6d4b" outcome="Passed" testListId="8c84fa94-04c1-424b-9868-57a2d4851a1d" relativeResultsDirectory="8afaafca-ad64-4e33-8098-d6cd30fef607" />
    <UnitTestResult executionId="cf1a840e-e2c7-4286-b8b2-14efd1a3c5d4" testId="0bed5dd6-c7fb-8d65-4dba-b1353a0b8d02" testName="DeviceStreamsPresenter_Activate_NotSameStreamCombinations_AllDisabled" computerName="DKSR-EFI-04" duration="00:00:00.0134368" startTime="2023-12-22T09:33:28.1156048+01:00" endTime="2023-12-22T09:33:28.1312260+01:00" testType="13cdc9d9-ddb5-4fa4-a97d-d965ccfc6d4b" outcome="Passed" testListId="8c84fa94-04c1-424b-9868-57a2d4851a1d" relativeResultsDirectory="cf1a840e-e2c7-4286-b8b2-14efd1a3c5d4" />
    <UnitTestResult executionId="1fb868fc-008c-43d5-8d10-373f9436e3ad" testId="8fdbc734-ce75-d69b-30b0-43444bb48d63" testName="AddAppointmentConfiguration_AddsOriginalStartDateToTable_OnAppointmentWithVariance" computerName="DKSR-EFI-04" duration="00:00:00.1144415" startTime="2023-12-22T09:33:30.6937412+01:00" endTime="2023-12-22T09:33:30.8031154+01:00" testType="13cdc9d9-ddb5-4fa4-a97d-d965ccfc6d4b" outcome="Passed" testListId="8c84fa94-04c1-424b-9868-57a2d4851a1d" relativeResultsDirectory="1fb868fc-008c-43d5-8d10-373f9436e3ad" />
    <UnitTestResult executionId="e44b4b6e-994f-4db5-99b9-8ebe478d725c" testId="e7bff3a4-3778-0185-da6a-cc55a6beedae" testName="ConfigurationLookupHelperTest_TestSourceProviderGetAllfailoverServers_ResultWithServersOnlyEnabled" computerName="DKSR-EFI-04" duration="00:00:00.0088909" startTime="2023-12-22T09:33:32.0218711+01:00" endTime="2023-12-22T09:33:32.0374965+01:00" testType="13cdc9d9-ddb5-4fa4-a97d-d965ccfc6d4b" outcome="Passed" testListId="8c84fa94-04c1-424b-9868-57a2d4851a1d" relativeResultsDirectory="e44b4b6e-994f-4db5-99b9-8ebe478d725c" />
    <UnitTestResult executionId="1e7c905c-774c-4c72-9205-eba327c86a4d" testId="c2b9a82a-d5ea-ad02-7929-177ecd74eb3b" testName="ClientBasicUserCollection_ValidateBasicUser_NameIllegalCharacters" computerName="DKSR-EFI-04" duration="00:00:00.0001660" startTime="2023-12-22T09:33:24.8812111+01:00" endTime="2023-12-22T09:33:24.8812111+01:00" testType="13cdc9d9-ddb5-4fa4-a97d-d965ccfc6d4b" outcome="Passed" testListId="8c84fa94-04c1-424b-9868-57a2d4851a1d" relativeResultsDirectory="1e7c905c-774c-4c72-9205-eba327c86a4d" />
    <UnitTestResult executionId="a8d32787-d0bf-4b70-8a4f-639b454e1379" testId="bcc6c74e-4cf8-7264-2b6c-bbfa0a489e09" testName="AddPluginRoles_DoesNotChangeReport_OnPluginWithItemsWithSecurityActions" computerName="DKSR-EFI-04" duration="00:00:00.0010469" startTime="2023-12-22T09:33:36.8812711+01:00" endTime="2023-12-22T09:33:36.8812711+01:00" testType="13cdc9d9-ddb5-4fa4-a97d-d965ccfc6d4b" outcome="Passed" testListId="8c84fa94-04c1-424b-9868-57a2d4851a1d" relativeResultsDirectory="a8d32787-d0bf-4b70-8a4f-639b454e1379" />
    <UnitTestResult executionId="6ea3973f-d036-423a-b514-fafaa1d4e6aa" testId="423d0959-f82e-bbae-7a54-488500a6c350" testName="PlatformTree_GetPropertyDisableState_IsDisabledWithYes" computerName="DKSR-EFI-04" duration="00:00:00.0673593" startTime="2023-12-22T09:33:36.8812711+01:00" endTime="2023-12-22T09:33:36.9593958+01:00" testType="13cdc9d9-ddb5-4fa4-a97d-d965ccfc6d4b" outcome="Passed" testListId="8c84fa94-04c1-424b-9868-57a2d4851a1d" relativeResultsDirectory="6ea3973f-d036-423a-b514-fafaa1d4e6aa" />
    <UnitTestResult executionId="adaec1a6-d4a9-49af-bbaa-e6d7bb3c0582" testId="78c740ae-56fc-6b0c-39c4-3eff9e7a3742" testName="TestCompositeGrid_ClearAllClearsCells" computerName="DKSR-EFI-04" duration="00:00:00.0006643" startTime="2023-12-22T09:33:32.0999963+01:00" endTime="2023-12-22T09:33:32.0999963+01:00" testType="13cdc9d9-ddb5-4fa4-a97d-d965ccfc6d4b" outcome="Passed" testListId="8c84fa94-04c1-424b-9868-57a2d4851a1d" relativeResultsDirectory="adaec1a6-d4a9-49af-bbaa-e6d7bb3c0582" />
    <UnitTestResult executionId="04e16d19-b9d9-4d8a-8174-382d96774621" testId="d29c4645-c75e-91c9-94e2-eba71b12d2da" testName="TestCompositeGrid_SetRegionClearsPopulatedCellsOfOtherGrid" computerName="DKSR-EFI-04" duration="00:00:00.0005554" startTime="2023-12-22T09:33:32.1156223+01:00" endTime="2023-12-22T09:33:32.1156223+01:00" testType="13cdc9d9-ddb5-4fa4-a97d-d965ccfc6d4b" outcome="Passed" testListId="8c84fa94-04c1-424b-9868-57a2d4851a1d" relativeResultsDirectory="04e16d19-b9d9-4d8a-8174-382d96774621" />
    <UnitTestResult executionId="40eba534-6679-4ef7-81b5-dab186bd4820" testId="4503a5ff-6554-1559-d979-738d496923a6" testName="Compare_Returns0_OnNoneVsNone" computerName="DKSR-EFI-04" duration="00:00:00.0002036" startTime="2023-12-22T09:33:30.1156107+01:00" endTime="2023-12-22T09:33:30.1156107+01:00" testType="13cdc9d9-ddb5-4fa4-a97d-d965ccfc6d4b" outcome="Passed" testListId="8c84fa94-04c1-424b-9868-57a2d4851a1d" relativeResultsDirectory="40eba534-6679-4ef7-81b5-dab186bd4820" />
    <UnitTestResult executionId="4e7037a6-7c53-4710-942c-dff37cbe94cf" testId="485a5b3b-c137-6439-9f85-d40bb4be04d1" testName="TestPreviewImageEditor_UpdatePreviewImageWithMaskAndNoGrid" computerName="DKSR-EFI-04" duration="00:00:00.0085279" startTime="2023-12-22T09:33:25.1468366+01:00" endTime="2023-12-22T09:33:25.1468366+01:00" testType="13cdc9d9-ddb5-4fa4-a97d-d965ccfc6d4b" outcome="Passed" testListId="8c84fa94-04c1-424b-9868-57a2d4851a1d" relativeResultsDirectory="4e7037a6-7c53-4710-942c-dff37cbe94cf" />
    <UnitTestResult executionId="4949111f-c6c1-4b99-a9e5-b82b3ac5b50c" testId="aa7aab18-444b-15c3-320f-2524528aedca" testName="DeviceStreamsPresenter_RefreshData_DifferentStreamValues_ShowsTriState" computerName="DKSR-EFI-04" duration="00:00:00.0126124" startTime="2023-12-22T09:33:28.1468536+01:00" endTime="2023-12-22T09:33:28.1624922+01:00" testType="13cdc9d9-ddb5-4fa4-a97d-d965ccfc6d4b" outcome="Passed" testListId="8c84fa94-04c1-424b-9868-57a2d4851a1d" relativeResultsDirectory="4949111f-c6c1-4b99-a9e5-b82b3ac5b50c" />
    <UnitTestResult executionId="05b042b4-364a-470b-9c7f-b3325d53b806" testId="3353e4ef-4067-7c75-fb9a-33e1a501dd12" testName="DeviceStreamsPresenter_AcceptControls_TooManyDevices_SetsDevicesNullAndShowsTab" computerName="DKSR-EFI-04" duration="00:00:00.0507202" startTime="2023-12-22T09:33:27.5843517+01:00" endTime="2023-12-22T09:33:27.6468536+01:00" testType="13cdc9d9-ddb5-4fa4-a97d-d965ccfc6d4b" outcome="Passed" testListId="8c84fa94-04c1-424b-9868-57a2d4851a1d" relativeResultsDirectory="05b042b4-364a-470b-9c7f-b3325d53b806" />
    <UnitTestResult executionId="c8a6bdaf-84ed-4d73-ab80-47f9b28492ab" testId="3bbb3909-084e-73c4-7d53-31023b64f14e" testName="TestOnePermanentWithMotion" computerName="DKSR-EFI-04" duration="00:00:00.0004297" startTime="2023-12-22T09:33:25.0218366+01:00" endTime="2023-12-22T09:33:25.0218366+01:00" testType="13cdc9d9-ddb5-4fa4-a97d-d965ccfc6d4b" outcome="Passed" testListId="8c84fa94-04c1-424b-9868-57a2d4851a1d" relativeResultsDirectory="c8a6bdaf-84ed-4d73-ab80-47f9b28492ab" />
    <UnitTestResult executionId="99673815-6418-4198-95ad-58bd6e0ec2b4" testId="3cbccd1f-d730-4881-c2b4-01c0a09f176d" testName="SystemDashboard_TestDataProviderGetCameraGroups" computerName="DKSR-EFI-04" duration="00:00:00.0009488" startTime="2023-12-22T09:33:29.7562366+01:00" endTime="2023-12-22T09:33:29.7562366+01:00" testType="13cdc9d9-ddb5-4fa4-a97d-d965ccfc6d4b" outcome="Passed" testListId="8c84fa94-04c1-424b-9868-57a2d4851a1d" relativeResultsDirectory="99673815-6418-4198-95ad-58bd6e0ec2b4" />
    <UnitTestResult executionId="5718806d-8e51-4fbc-a65f-a788240a19e0" testId="f66b097e-1272-7bc4-fa1a-597a4f227afe" testName="DeviceStreamsPresenter_ValidateAndSave_MayHaveOldData_RecordingToSecondary_HasOldData_No" computerName="DKSR-EFI-04" duration="00:00:00.0172102" startTime="2023-12-22T09:33:28.5062305+01:00" endTime="2023-12-22T09:33:28.5218546+01:00" testType="13cdc9d9-ddb5-4fa4-a97d-d965ccfc6d4b" outcome="Passed" testListId="8c84fa94-04c1-424b-9868-57a2d4851a1d" relativeResultsDirectory="5718806d-8e51-4fbc-a65f-a788240a19e0" />
    <UnitTestResult executionId="2e20e9fa-18dc-4e34-84a8-a819beef200e" testId="06aa8121-e41e-fa43-fdec-4e6f9e738b15" testName="DeviceStreamsPresenter_StreamGridCellChange_DisableRecording_EnsuresValidSettings" computerName="DKSR-EFI-04" duration="00:00:00.0118502" startTime="2023-12-22T09:33:28.2406036+01:00" endTime="2023-12-22T09:33:28.2562289+01:00" testType="13cdc9d9-ddb5-4fa4-a97d-d965ccfc6d4b" outcome="Passed" testListId="8c84fa94-04c1-424b-9868-57a2d4851a1d" relativeResultsDirectory="2e20e9fa-18dc-4e34-84a8-a819beef200e" />
    <UnitTestResult executionId="8f6354f4-f02c-41e7-8066-0524b2d6d8aa" testId="2a54071a-b705-d3bb-11fa-fd12943859ee" testName="GetDailyPatternText_ReturnsEveryWeekday_OnAllWeekdaysPattern" computerName="DKSR-EFI-04" duration="00:00:00.0008904" startTime="2023-12-22T09:33:30.8187414+01:00" endTime="2023-12-22T09:33:30.8187414+01:00" testType="13cdc9d9-ddb5-4fa4-a97d-d965ccfc6d4b" outcome="Passed" testListId="8c84fa94-04c1-424b-9868-57a2d4851a1d" relativeResultsDirectory="8f6354f4-f02c-41e7-8066-0524b2d6d8aa" />
    <UnitTestResult executionId="5f2ada3c-c2d2-42cf-bc16-970d86dd7f20" testId="2533b661-cdc0-47b0-a375-3f670ed6ea3d" testName="TestCompositeGrid_SetMaskSizeClearsGridsAndSetsTheirSize" computerName="DKSR-EFI-04" duration="00:00:00.0009918" startTime="2023-12-22T09:33:32.1156223+01:00" endTime="2023-12-22T09:33:32.1156223+01:00" testType="13cdc9d9-ddb5-4fa4-a97d-d965ccfc6d4b" outcome="Passed" testListId="8c84fa94-04c1-424b-9868-57a2d4851a1d" relativeResultsDirectory="5f2ada3c-c2d2-42cf-bc16-970d86dd7f20" />
    <UnitTestResult executionId="56cdec96-7737-4125-ba2a-9aebffa76408" testId="297810fa-c5a5-d04b-910d-1053a0cf93f7" testName="AddpluginProperties_AddsHeading1_OnPluginWithItemNodeAllowMany" computerName="DKSR-EFI-04" duration="00:00:00.0050731" startTime="2023-12-22T09:33:36.8187709+01:00" endTime="2023-12-22T09:33:36.8343952+01:00" testType="13cdc9d9-ddb5-4fa4-a97d-d965ccfc6d4b" outcome="Passed" testListId="8c84fa94-04c1-424b-9868-57a2d4851a1d" relativeResultsDirectory="56cdec96-7737-4125-ba2a-9aebffa76408" />
    <UnitTestResult executionId="ebc24826-dd55-4b74-8b27-0cb90278f983" testId="258285e9-8080-ce92-afdd-7f157ca38382" testName="TestPreviewImageEditor_CreatePenImageWithPreviewImage" computerName="DKSR-EFI-04" duration="00:00:00.0021753" startTime="2023-12-22T09:33:25.1780891+01:00" endTime="2023-12-22T09:33:25.1780891+01:00" testType="13cdc9d9-ddb5-4fa4-a97d-d965ccfc6d4b" outcome="Passed" testListId="8c84fa94-04c1-424b-9868-57a2d4851a1d" relativeResultsDirectory="ebc24826-dd55-4b74-8b27-0cb90278f983" />
    <UnitTestResult executionId="89e30e48-bc95-47bf-bac0-01224c8d73f3" testId="739b122e-08d0-b9e4-0c25-7c7d8712dcf6" testName="TestTwoRemovable" computerName="DKSR-EFI-04" duration="00:00:00.0001934" startTime="2023-12-22T09:33:25.0374620+01:00" endTime="2023-12-22T09:33:25.0374620+01:00" testType="13cdc9d9-ddb5-4fa4-a97d-d965ccfc6d4b" outcome="Passed" testListId="8c84fa94-04c1-424b-9868-57a2d4851a1d" relativeResultsDirectory="89e30e48-bc95-47bf-bac0-01224c8d73f3" />
    <UnitTestResult executionId="44803093-4d2f-4e72-bd96-3b295e299816" testId="66ed3156-bf8d-aa92-ed56-2f7b44c38c99" testName="AddOptionsDialogProperties_AddsSectionWithOptionsNameToReport_OnOptionsReturningSections" computerName="DKSR-EFI-04" duration="00:00:00.0078927" startTime="2023-12-22T09:33:36.6625183+01:00" endTime="2023-12-22T09:33:36.6625183+01:00" testType="13cdc9d9-ddb5-4fa4-a97d-d965ccfc6d4b" outcome="Passed" testListId="8c84fa94-04c1-424b-9868-57a2d4851a1d" relativeResultsDirectory="44803093-4d2f-4e72-bd96-3b295e299816" />
    <UnitTestResult executionId="bb2efd39-e9fc-4fdb-82c3-54c9f5c3bc88" testId="8ef95593-692e-4744-9e3b-63c07b13acca" testName="DeviceStreamsPresenter_StreamGridCellChange_ChangeprimaryStream_NotAllowed" computerName="DKSR-EFI-04" duration="00:00:00.0207857" startTime="2023-12-22T09:33:28.1937302+01:00" endTime="2023-12-22T09:33:28.2249797+01:00" testType="13cdc9d9-ddb5-4fa4-a97d-d965ccfc6d4b" outcome="Passed" testListId="8c84fa94-04c1-424b-9868-57a2d4851a1d" relativeResultsDirectory="bb2efd39-e9fc-4fdb-82c3-54c9f5c3bc88" />
    <UnitTestResult executionId="8ad2ebbc-513d-4def-b293-baa2c1ff4237" testId="14b38e06-29e8-d5e7-7956-37acde06019e" testName="SystemDashboard_TestSourceProviderGetAllfailoverServers_ResultWithServersWithDuplicates" computerName="DKSR-EFI-04" duration="00:00:00.0011050" startTime="2023-12-22T09:33:32.0374965+01:00" endTime="2023-12-22T09:33:32.0531223+01:00" testType="13cdc9d9-ddb5-4fa4-a97d-d965ccfc6d4b" outcome="Passed" testListId="8c84fa94-04c1-424b-9868-57a2d4851a1d" relativeResultsDirectory="8ad2ebbc-513d-4def-b293-baa2c1ff4237" />
    <UnitTestResult executionId="1c946d60-eb39-48bb-bcd8-dddef5dc2cf4" testId="34021b18-ba6c-db12-002b-2d5c139a7d84" testName="TestPreviewImageEditor_CreatePenImageWithPreviewImageWithGrid" computerName="DKSR-EFI-04" duration="00:00:00.0011164" startTime="2023-12-22T09:33:25.1780891+01:00" endTime="2023-12-22T09:33:25.1780891+01:00" testType="13cdc9d9-ddb5-4fa4-a97d-d965ccfc6d4b" outcome="Passed" testListId="8c84fa94-04c1-424b-9868-57a2d4851a1d" relativeResultsDirectory="1c946d60-eb39-48bb-bcd8-dddef5dc2cf4" />
    <UnitTestResult executionId="8e08c225-ecee-4bc6-b49a-81c31154d3d6" testId="442bfdb8-6755-dd70-6925-c250c18089b5" testName="AutoDiscovery_HardwareSetupInfoManager_HardwareSetupInfoSetupResponseReceived_WhenArgumentException" computerName="DKSR-EFI-04" duration="00:00:00.0014098" startTime="2023-12-22T09:33:36.3343927+01:00" endTime="2023-12-22T09:33:36.3343927+01:00" testType="13cdc9d9-ddb5-4fa4-a97d-d965ccfc6d4b" outcome="Passed" testListId="8c84fa94-04c1-424b-9868-57a2d4851a1d" relativeResultsDirectory="8e08c225-ecee-4bc6-b49a-81c31154d3d6" />
    <UnitTestResult executionId="bc986877-2057-4807-8b2c-698bcacb95a1" testId="09865393-2685-41de-b0c3-1e0e79b25fa7" testName="AddAppointmentConfiguration_AddsRecurenceDurationToTable_OnAppointmentWithRecurrence" computerName="DKSR-EFI-04" duration="00:00:00.0003548" startTime="2023-12-22T09:33:30.6468662+01:00" endTime="2023-12-22T09:33:30.6468662+01:00" testType="13cdc9d9-ddb5-4fa4-a97d-d965ccfc6d4b" outcome="Passed" testListId="8c84fa94-04c1-424b-9868-57a2d4851a1d" relativeResultsDirectory="bc986877-2057-4807-8b2c-698bcacb95a1" />
    <UnitTestResult executionId="16e44c98-581b-4c76-9f8c-8e1cd44fe46a" testId="5b67e5a6-de18-0cc4-3118-000a26175608" testName="DeviceStreamsPresenter_StreamGridCellChange_SelectNewPrimary_SwapsRecordingSettings" computerName="DKSR-EFI-04" duration="00:00:00.0162628" startTime="2023-12-22T09:33:28.2562289+01:00" endTime="2023-12-22T09:33:28.2718529+01:00" testType="13cdc9d9-ddb5-4fa4-a97d-d965ccfc6d4b" outcome="Passed" testListId="8c84fa94-04c1-424b-9868-57a2d4851a1d" relativeResultsDirectory="16e44c98-581b-4c76-9f8c-8e1cd44fe46a" />
    <UnitTestResult executionId="6dc27b59-31a5-4ac0-8ca0-866e0cadc828" testId="cbc6e47f-7fee-cb6a-5700-5eccce3b02a3" testName="DevicePositionWithCoordinates_ShouldBeVisible_WhenDeviceIsCamera" computerName="DKSR-EFI-04" duration="00:00:00.8466683" startTime="2023-12-22T09:33:31.0218645+01:00" endTime="2023-12-22T09:33:31.8656186+01:00" testType="13cdc9d9-ddb5-4fa4-a97d-d965ccfc6d4b" outcome="Passed" testListId="8c84fa94-04c1-424b-9868-57a2d4851a1d" relativeResultsDirectory="6dc27b59-31a5-4ac0-8ca0-866e0cadc828" />
    <UnitTestResult executionId="9c2c04ff-96d4-4cb8-83d6-1d3b79824db3" testId="ce0d5b66-b440-5a00-230c-7d167b6fb70b" testName="AddAppointmentConfiguration_AddsNewStartDateToTable_OnAppointmentWithVariance" computerName="DKSR-EFI-04" duration="00:00:00.0006783" startTime="2023-12-22T09:33:30.8031154+01:00" endTime="2023-12-22T09:33:30.8031154+01:00" testType="13cdc9d9-ddb5-4fa4-a97d-d965ccfc6d4b" outcome="Passed" testListId="8c84fa94-04c1-424b-9868-57a2d4851a1d" relativeResultsDirectory="9c2c04ff-96d4-4cb8-83d6-1d3b79824db3" />
    <UnitTestResult executionId="b4a6e661-492d-497c-94c3-6864c8807486" testId="75d8c852-b7d8-0cc7-1134-e19af6772209" testName="ServerPickerXmlConverter_ConvertToXml_Success" computerName="DKSR-EFI-04" duration="00:00:00.0015489" startTime="2023-12-22T09:33:37.0062702+01:00" endTime="2023-12-22T09:33:37.0062702+01:00" testType="13cdc9d9-ddb5-4fa4-a97d-d965ccfc6d4b" outcome="Passed" testListId="8c84fa94-04c1-424b-9868-57a2d4851a1d" relativeResultsDirectory="b4a6e661-492d-497c-94c3-6864c8807486" />
    <UnitTestResult executionId="2e076003-05d9-4c98-870d-e18e59518e96" testId="b0e3554c-f4d1-e9ca-6fc1-7a48502da924" testName="ClientBasicUserCollection_ValidateBasicUser_NameEmpty" computerName="DKSR-EFI-04" duration="00:00:00.0006236" startTime="2023-12-22T09:33:24.8812111+01:00" endTime="2023-12-22T09:33:24.8812111+01:00" testType="13cdc9d9-ddb5-4fa4-a97d-d965ccfc6d4b" outcome="Passed" testListId="8c84fa94-04c1-424b-9868-57a2d4851a1d" relativeResultsDirectory="2e076003-05d9-4c98-870d-e18e59518e96" />
    <UnitTestResult executionId="689f4cb0-e187-4da4-8d0f-abec5ee57a9f" testId="aaab42ce-021d-bb5a-442c-e190c87332cd" testName="Compare_Returns1_OnNoneVsSelectDevice" computerName="DKSR-EFI-04" duration="00:00:00.0001973" startTime="2023-12-22T09:33:30.1156107+01:00" endTime="2023-12-22T09:33:30.1156107+01:00" testType="13cdc9d9-ddb5-4fa4-a97d-d965ccfc6d4b" outcome="Passed" testListId="8c84fa94-04c1-424b-9868-57a2d4851a1d" relativeResultsDirectory="689f4cb0-e187-4da4-8d0f-abec5ee57a9f" />
    <UnitTestResult executionId="402d8264-c816-44c2-a0a8-10750667ca78" testId="febdf3e9-ec49-56d7-404a-70b300c99417" testName="RecursiveFindFirstDeviceInDeviceGroup_FindsDevice_InFlatGroup" computerName="DKSR-EFI-04" duration="00:00:00.0882160" startTime="2023-12-22T09:33:30.8656150+01:00" endTime="2023-12-22T09:33:30.9593681+01:00" testType="13cdc9d9-ddb5-4fa4-a97d-d965ccfc6d4b" outcome="Passed" testListId="8c84fa94-04c1-424b-9868-57a2d4851a1d" relativeResultsDirectory="402d8264-c816-44c2-a0a8-10750667ca78" />
    <UnitTestResult executionId="cebe94c0-242e-4a8d-861d-9bc325e568d3" testId="bddf2e55-2ff0-2d11-b640-20a93e13ac96" testName="DeviceStreamsPresenter_InitializeStreamGridLayout_AllFeatureFlags_Success" computerName="DKSR-EFI-04" duration="00:00:00.1087596" startTime="2023-12-22T09:33:27.6468536+01:00" endTime="2023-12-22T09:33:27.7562269+01:00" testType="13cdc9d9-ddb5-4fa4-a97d-d965ccfc6d4b" outcome="Passed" testListId="8c84fa94-04c1-424b-9868-57a2d4851a1d" relativeResultsDirectory="cebe94c0-242e-4a8d-861d-9bc325e568d3" />
    <UnitTestResult executionId="0c2729da-40c3-4adc-bc5b-6837861738f8" testId="31984ec1-238e-0674-147d-5ec0b3186381" testName="MayHaveOldData_Multi_None_None" computerName="DKSR-EFI-04" duration="00:00:00.0160709" startTime="2023-12-22T09:33:27.3187231+01:00" endTime="2023-12-22T09:33:27.4124743+01:00" testType="13cdc9d9-ddb5-4fa4-a97d-d965ccfc6d4b" outcome="Passed" testListId="8c84fa94-04c1-424b-9868-57a2d4851a1d" relativeResultsDirectory="0c2729da-40c3-4adc-bc5b-6837861738f8" />
    <UnitTestResult executionId="a4318429-ca1b-4065-bd1f-1ef220a46b0b" testId="e60dd502-090e-6bc9-80c1-8580ba16b757" testName="AddAppointmentConfiguration_AddsRecurencePatternToTable_OnAppointmentWithRecurrenceWeekly" computerName="DKSR-EFI-04" duration="00:00:00.0003236" startTime="2023-12-22T09:33:30.6624887+01:00" endTime="2023-12-22T09:33:30.6624887+01:00" testType="13cdc9d9-ddb5-4fa4-a97d-d965ccfc6d4b" outcome="Passed" testListId="8c84fa94-04c1-424b-9868-57a2d4851a1d" relativeResultsDirectory="a4318429-ca1b-4065-bd1f-1ef220a46b0b" />
    <UnitTestResult executionId="3126186a-a433-41f2-a526-662b98186bda" testId="b45eb3be-71f9-57a0-1d25-5dc91f0f2aed" testName="MatchDevices_oldDevicesAreNull_ShouldReturnEmptyList" computerName="DKSR-EFI-04" duration="00:00:00.0001987" startTime="2023-12-22T09:33:32.0687467+01:00" endTime="2023-12-22T09:33:32.0687467+01:00" testType="13cdc9d9-ddb5-4fa4-a97d-d965ccfc6d4b" outcome="Passed" testListId="8c84fa94-04c1-424b-9868-57a2d4851a1d" relativeResultsDirectory="3126186a-a433-41f2-a526-662b98186bda" />
    <UnitTestResult executionId="3f22d39b-6b42-426f-b4f9-c0210a02a6c1" testId="02412441-f508-cc91-7f3f-04251c5aaa0a" testName="AutoDiscovery_HardwareSetupInfoManager_HardwareSetupInfoSetupResponseReceived_WhenTimeout" computerName="DKSR-EFI-04" duration="00:00:00.0013916" startTime="2023-12-22T09:33:36.3031432+01:00" endTime="2023-12-22T09:33:36.3187680+01:00" testType="13cdc9d9-ddb5-4fa4-a97d-d965ccfc6d4b" outcome="Passed" testListId="8c84fa94-04c1-424b-9868-57a2d4851a1d" relativeResultsDirectory="3f22d39b-6b42-426f-b4f9-c0210a02a6c1" />
    <UnitTestResult executionId="2fcbd4b3-06a0-44c8-8653-7480f822916b" testId="d6b1f0a3-8492-3235-db6f-76c7ca864e4b" testName="AddAppointmentConfiguration_DoesNotChangeTable_OnAppointmentWithVariance" computerName="DKSR-EFI-04" duration="00:00:00.0008590" startTime="2023-12-22T09:33:30.8343652+01:00" endTime="2023-12-22T09:33:30.8343652+01:00" testType="13cdc9d9-ddb5-4fa4-a97d-d965ccfc6d4b" outcome="Passed" testListId="8c84fa94-04c1-424b-9868-57a2d4851a1d" relativeResultsDirectory="2fcbd4b3-06a0-44c8-8653-7480f822916b" />
    <UnitTestResult executionId="88a17448-f314-410a-8e73-476061740897" testId="56af3ff4-df9a-1400-5c85-ca0175f3d2f2" testName="SystemDashboard_TestExtensionMethodsCorrectlyResolvesCategory" computerName="DKSR-EFI-04" duration="00:00:00.1137399" startTime="2023-12-22T09:33:28.6781066+01:00" endTime="2023-12-22T09:33:28.8031044+01:00" testType="13cdc9d9-ddb5-4fa4-a97d-d965ccfc6d4b" outcome="Passed" testListId="8c84fa94-04c1-424b-9868-57a2d4851a1d" relativeResultsDirectory="88a17448-f314-410a-8e73-476061740897" />
    <UnitTestResult executionId="b581be9f-4987-403d-9688-a4538e264441" testId="997e4eb9-4728-01ff-76d8-787842115312" testName="TestPreviewImageEditor_CreateGridOverwritesPreviousGrid" computerName="DKSR-EFI-04" duration="00:00:00.0039073" startTime="2023-12-22T09:33:25.1624640+01:00" endTime="2023-12-22T09:33:25.1624640+01:00" testType="13cdc9d9-ddb5-4fa4-a97d-d965ccfc6d4b" outcome="Passed" testListId="8c84fa94-04c1-424b-9868-57a2d4851a1d" relativeResultsDirectory="b581be9f-4987-403d-9688-a4538e264441" />
    <UnitTestResult executionId="1e12ebb2-10d5-426f-a36e-c7b54e14a92f" testId="b37c16ee-9521-5547-578e-a98e3534c451" testName="DeviceStreamsPresenter_RefreshData_DifferentTrackValues_ShowsTriState" computerName="DKSR-EFI-04" duration="00:00:00.0213534" startTime="2023-12-22T09:33:28.1624922+01:00" endTime="2023-12-22T09:33:28.1781052+01:00" testType="13cdc9d9-ddb5-4fa4-a97d-d965ccfc6d4b" outcome="Passed" testListId="8c84fa94-04c1-424b-9868-57a2d4851a1d" relativeResultsDirectory="1e12ebb2-10d5-426f-a36e-c7b54e14a92f" />
    <UnitTestResult executionId="1fd915c6-0fc1-4ef2-a7de-6004055cb9ad" testId="4d6504e7-4cec-f28a-1c3a-cefa756f93bf" testName="DeviceStreamsPresenter_Activate_SimilarStreams_Success" computerName="DKSR-EFI-04" duration="00:00:00.1168639" startTime="2023-12-22T09:33:27.9281017+01:00" endTime="2023-12-22T09:33:28.0531034+01:00" testType="13cdc9d9-ddb5-4fa4-a97d-d965ccfc6d4b" outcome="Passed" testListId="8c84fa94-04c1-424b-9868-57a2d4851a1d" relativeResultsDirectory="1fd915c6-0fc1-4ef2-a7de-6004055cb9ad" />
    <UnitTestResult executionId="53b6f08a-e9ae-4268-a7c3-dec54677e638" testId="d1cc468a-060a-e82e-7ac6-2d01aaae31c7" testName="ClientBasicUserCollection_ValidateBasicUser_PasswordTooLong" computerName="DKSR-EFI-04" duration="00:00:00.0001708" startTime="2023-12-22T09:33:24.8968375+01:00" endTime="2023-12-22T09:33:24.8968375+01:00" testType="13cdc9d9-ddb5-4fa4-a97d-d965ccfc6d4b" outcome="Passed" testListId="8c84fa94-04c1-424b-9868-57a2d4851a1d" relativeResultsDirectory="53b6f08a-e9ae-4268-a7c3-dec54677e638" />
    <UnitTestResult executionId="2186dde6-d92d-4fda-9125-dbb20aafc67b" testId="ffc37fdc-62b4-d63c-0d9c-2b83861cd6c5" testName="DeviceStreamsPresenter_Init_WithoutAdaptivePlaybackFeatureFlag_PrimaryAndNoneItemsAddedToRecordToValueList" computerName="DKSR-EFI-04" duration="00:00:00.0145148" startTime="2023-12-22T09:33:27.5218503+01:00" endTime="2023-12-22T09:33:27.5374777+01:00" testType="13cdc9d9-ddb5-4fa4-a97d-d965ccfc6d4b" outcome="Passed" testListId="8c84fa94-04c1-424b-9868-57a2d4851a1d" relativeResultsDirectory="2186dde6-d92d-4fda-9125-dbb20aafc67b" />
    <UnitTestResult executionId="ca66ceb6-956a-4eda-b7a4-889f964e3948" testId="9f3493b8-a151-61a6-cb0a-dc5a367ecb41" testName="AddpluginProperties_AddsTextNoItemsDefinedToReport_OnPluginWithItemNodeAllowManyAndNoProperties" computerName="DKSR-EFI-04" duration="00:00:00.0014882" startTime="2023-12-22T09:33:36.8343952+01:00" endTime="2023-12-22T09:33:36.8343952+01:00" testType="13cdc9d9-ddb5-4fa4-a97d-d965ccfc6d4b" outcome="Passed" testListId="8c84fa94-04c1-424b-9868-57a2d4851a1d" relativeResultsDirectory="ca66ceb6-956a-4eda-b7a4-889f964e3948" />
    <UnitTestResult executionId="9c8f1a49-ea3e-4e5c-aee7-f0de6ecb379a" testId="24aca85a-ff16-31ac-5ddb-21acea6b05b5" testName="DeviceStreamsPresenter_AcceptControls_Success" computerName="DKSR-EFI-04" duration="00:00:00.0476914" startTime="2023-12-22T09:33:27.5374777+01:00" endTime="2023-12-22T09:33:27.5843517+01:00" testType="13cdc9d9-ddb5-4fa4-a97d-d965ccfc6d4b" outcome="Passed" testListId="8c84fa94-04c1-424b-9868-57a2d4851a1d" relativeResultsDirectory="9c8f1a49-ea3e-4e5c-aee7-f0de6ecb379a" />
    <UnitTestResult executionId="787150c2-afa7-4e64-a78e-e4e3e2d8bd18" testId="da7c98aa-1ebe-36e9-d686-cfd1c29f699f" testName="AddOptionsDialogPlugin_ThrowsArgumentNullException_OnNullAsOptionsPlugin" computerName="DKSR-EFI-04" duration="00:00:00.2349070" startTime="2023-12-22T09:33:36.3343927+01:00" endTime="2023-12-22T09:33:36.5843946+01:00" testType="13cdc9d9-ddb5-4fa4-a97d-d965ccfc6d4b" outcome="Passed" testListId="8c84fa94-04c1-424b-9868-57a2d4851a1d" relativeResultsDirectory="787150c2-afa7-4e64-a78e-e4e3e2d8bd18" />
    <UnitTestResult executionId="a4c1bea1-dca0-45b5-8fef-867778bbe497" testId="90b10b14-7a78-1738-3007-39368c3d3e19" testName="PlatformTree_SetState_ToError" computerName="DKSR-EFI-04" duration="00:00:00.0002571" startTime="2023-12-22T09:33:36.9906450+01:00" endTime="2023-12-22T09:33:36.9906450+01:00" testType="13cdc9d9-ddb5-4fa4-a97d-d965ccfc6d4b" outcome="Passed" testListId="8c84fa94-04c1-424b-9868-57a2d4851a1d" relativeResultsDirectory="a4c1bea1-dca0-45b5-8fef-867778bbe497" />
    <UnitTestResult executionId="77146c84-d029-4956-b356-80e1be1d30c4" testId="1aa147f2-e102-9aaa-e9f8-44c7e878bb61" testName="ClientBasicUserCollection_ValidateBasicUser_PasswordEmpty" computerName="DKSR-EFI-04" duration="00:00:00.0001520" startTime="2023-12-22T09:33:24.8968375+01:00" endTime="2023-12-22T09:33:24.8968375+01:00" testType="13cdc9d9-ddb5-4fa4-a97d-d965ccfc6d4b" outcome="Passed" testListId="8c84fa94-04c1-424b-9868-57a2d4851a1d" relativeResultsDirectory="77146c84-d029-4956-b356-80e1be1d30c4" />
    <UnitTestResult executionId="85483638-0c2d-4bc2-9f29-02e586717db5" testId="42e4f450-7395-f6d6-eea8-b0480cfd707c" testName="AutoDiscovery_HardwareSetupInfoManager_HardwareSetupInfoSetupResponseReceived_WhenAlreadyAdded" computerName="DKSR-EFI-04" duration="00:00:00.0013825" startTime="2023-12-22T09:33:36.2875155+01:00" endTime="2023-12-22T09:33:36.2875155+01:00" testType="13cdc9d9-ddb5-4fa4-a97d-d965ccfc6d4b" outcome="Passed" testListId="8c84fa94-04c1-424b-9868-57a2d4851a1d" relativeResultsDirectory="85483638-0c2d-4bc2-9f29-02e586717db5" />
    <UnitTestResult executionId="38421598-6754-42ef-b988-8b3bbd1a2aa1" testId="c3daa3bb-63f2-57a5-abd0-5c64029f3945" testName="ClientBasicUserCollection_ValidateBasicUser_PasswordsDoNotMatch" computerName="DKSR-EFI-04" duration="00:00:00.0001562" startTime="2023-12-22T09:33:24.8968375+01:00" endTime="2023-12-22T09:33:24.8968375+01:00" testType="13cdc9d9-ddb5-4fa4-a97d-d965ccfc6d4b" outcome="Passed" testListId="8c84fa94-04c1-424b-9868-57a2d4851a1d" relativeResultsDirectory="38421598-6754-42ef-b988-8b3bbd1a2aa1" />
    <UnitTestResult executionId="20934147-fc5e-47f8-bc48-7595c87bba9b" testId="580d30cb-ccf6-691e-cd10-eef749e065e9" testName="DeviceStreamsPresenter_InitializeStreamGridLayout_FeatureMissing_LiveMultistreaming_Success" computerName="DKSR-EFI-04" duration="00:00:00.0557413" startTime="2023-12-22T09:33:27.8187252+01:00" endTime="2023-12-22T09:33:27.8656033+01:00" testType="13cdc9d9-ddb5-4fa4-a97d-d965ccfc6d4b" outcome="Passed" testListId="8c84fa94-04c1-424b-9868-57a2d4851a1d" relativeResultsDirectory="20934147-fc5e-47f8-bc48-7595c87bba9b" />
    <UnitTestResult executionId="538d69ff-eaf0-44b3-b035-5e8e6a109d49" testId="6c8206a6-76e4-da8d-7694-d5c127025a20" testName="PlatformTree_GetPropertyDisableState_IsEnabledWithTrue" computerName="DKSR-EFI-04" duration="00:00:00.0001713" startTime="2023-12-22T09:33:36.9593958+01:00" endTime="2023-12-22T09:33:36.9593958+01:00" testType="13cdc9d9-ddb5-4fa4-a97d-d965ccfc6d4b" outcome="Passed" testListId="8c84fa94-04c1-424b-9868-57a2d4851a1d" relativeResultsDirectory="538d69ff-eaf0-44b3-b035-5e8e6a109d49" />
    <UnitTestResult executionId="2e6b4023-5bc3-4521-bfe4-3a5dbfd21f90" testId="d05060fe-2d33-d934-bbb6-c0108725388a" testName="TestCompositeGrid_InitializedWithNoMethodsHasNoCells" computerName="DKSR-EFI-04" duration="00:00:00.0130140" startTime="2023-12-22T09:33:32.0687467+01:00" endTime="2023-12-22T09:33:32.0843714+01:00" testType="13cdc9d9-ddb5-4fa4-a97d-d965ccfc6d4b" outcome="Passed" testListId="8c84fa94-04c1-424b-9868-57a2d4851a1d" relativeResultsDirectory="2e6b4023-5bc3-4521-bfe4-3a5dbfd21f90" />
    <UnitTestResult executionId="93bc2f5d-8e0a-4473-9e50-8c769e4cd33c" testId="78f8ab4a-e141-8916-c5a5-1e06931af0cb" testName="MayHaveOldData_Multi_Track_StreamAndTrack" computerName="DKSR-EFI-04" duration="00:00:00.0071420" startTime="2023-12-22T09:33:27.4593529+01:00" endTime="2023-12-22T09:33:27.4593529+01:00" testType="13cdc9d9-ddb5-4fa4-a97d-d965ccfc6d4b" outcome="Passed" testListId="8c84fa94-04c1-424b-9868-57a2d4851a1d" relativeResultsDirectory="93bc2f5d-8e0a-4473-9e50-8c769e4cd33c" />
    <UnitTestResult executionId="2b2d9df3-fe89-46ae-b74a-d8e0b6bb551f" testId="88b6b6f5-1948-7766-0826-2aefcab9d158" testName="AddAppointmentConfiguration_AddsRecurencePatternToTable_OnAppointmentWithRecurrenceDaily" computerName="DKSR-EFI-04" duration="00:00:00.0052485" startTime="2023-12-22T09:33:30.6624887+01:00" endTime="2023-12-22T09:33:30.6624887+01:00" testType="13cdc9d9-ddb5-4fa4-a97d-d965ccfc6d4b" outcome="Passed" testListId="8c84fa94-04c1-424b-9868-57a2d4851a1d" relativeResultsDirectory="2b2d9df3-fe89-46ae-b74a-d8e0b6bb551f" />
    <UnitTestResult executionId="4ae28898-90f7-4ad1-a688-fd2fec97a4d5" testId="ac3e0731-6373-c543-ed7c-0c7470f823a1" testName="ValidateSelectionExists_ReturnsTrue_Always" computerName="DKSR-EFI-04" duration="00:00:00.0002416" startTime="2023-12-22T09:33:37.0218960+01:00" endTime="2023-12-22T09:33:37.0375214+01:00" testType="13cdc9d9-ddb5-4fa4-a97d-d965ccfc6d4b" outcome="Passed" testListId="8c84fa94-04c1-424b-9868-57a2d4851a1d" relativeResultsDirectory="4ae28898-90f7-4ad1-a688-fd2fec97a4d5" />
    <UnitTestResult executionId="f36d4312-7662-4eab-945b-9f51395fbacb" testId="12589cad-d78c-ddf3-e49f-67ef09d53045" testName="TestOnePermanentNoMotion" computerName="DKSR-EFI-04" duration="00:00:00.0038018" startTime="2023-12-22T09:33:25.0062126+01:00" endTime="2023-12-22T09:33:25.0218366+01:00" testType="13cdc9d9-ddb5-4fa4-a97d-d965ccfc6d4b" outcome="Passed" testListId="8c84fa94-04c1-424b-9868-57a2d4851a1d" relativeResultsDirectory="f36d4312-7662-4eab-945b-9f51395fbacb" />
    <UnitTestResult executionId="cf54cb83-ff7d-44ca-9d3e-616d1bb55c39" testId="e1de146d-0315-4d50-2d29-c81b4f938225" testName="AutoDiscovery_HardwareSetupInfoManager_ProcessTasksResults_Success_Default" computerName="DKSR-EFI-04" duration="00:00:00.0215141" startTime="2023-12-22T09:33:36.2406408+01:00" endTime="2023-12-22T09:33:36.2718913+01:00" testType="13cdc9d9-ddb5-4fa4-a97d-d965ccfc6d4b" outcome="Passed" testListId="8c84fa94-04c1-424b-9868-57a2d4851a1d" relativeResultsDirectory="cf54cb83-ff7d-44ca-9d3e-616d1bb55c39" />
    <UnitTestResult executionId="5c14c3d4-22b0-49ad-bed3-4fb6d55c2a5b" testId="a1f30fa6-c9a3-b761-1470-5912e445ddb0" testName="MayHaveOldData_Single_None" computerName="DKSR-EFI-04" duration="00:00:02.0806121" startTime="2023-12-22T09:33:25.1937151+01:00" endTime="2023-12-22T09:33:27.2718478+01:00" testType="13cdc9d9-ddb5-4fa4-a97d-d965ccfc6d4b" outcome="Passed" testListId="8c84fa94-04c1-424b-9868-57a2d4851a1d" relativeResultsDirectory="5c14c3d4-22b0-49ad-bed3-4fb6d55c2a5b" />
    <UnitTestResult executionId="e4b2e99b-397b-4458-b1ef-a941e69b9212" testId="6ff0101c-097f-b373-25ef-4c9e69478d15" testName="DeviceStreamsPresenter_AddStream_Success" computerName="DKSR-EFI-04" duration="00:00:00.0177668" startTime="2023-12-22T09:33:28.2874800+01:00" endTime="2023-12-22T09:33:28.3031027+01:00" testType="13cdc9d9-ddb5-4fa4-a97d-d965ccfc6d4b" outcome="Passed" testListId="8c84fa94-04c1-424b-9868-57a2d4851a1d" relativeResultsDirectory="e4b2e99b-397b-4458-b1ef-a941e69b9212" />
    <UnitTestResult executionId="ae3d2576-1e5b-4f30-a881-645507868543" testId="9896299e-af3d-82ea-8005-b83fb3576796" testName="AddpluginProperties_DoesNotAddHeading2_OnChildItemWithNoProperties" computerName="DKSR-EFI-04" duration="00:00:00.0014154" startTime="2023-12-22T09:33:36.8500190+01:00" endTime="2023-12-22T09:33:36.8500190+01:00" testType="13cdc9d9-ddb5-4fa4-a97d-d965ccfc6d4b" outcome="Passed" testListId="8c84fa94-04c1-424b-9868-57a2d4851a1d" relativeResultsDirectory="ae3d2576-1e5b-4f30-a881-645507868543" />
    <UnitTestResult executionId="e077d322-2957-45c8-bea1-c7fa5129eab6" testId="fbdd3912-5b94-1ff4-6d2d-766e2bd6338d" testName="AddAppointmentConfiguration_ThrowsArgumentNullException_OnNullAsAppointment" computerName="DKSR-EFI-04" duration="00:00:00.4238466" startTime="2023-12-22T09:33:30.1312368+01:00" endTime="2023-12-22T09:33:30.5531147+01:00" testType="13cdc9d9-ddb5-4fa4-a97d-d965ccfc6d4b" outcome="Passed" testListId="8c84fa94-04c1-424b-9868-57a2d4851a1d" relativeResultsDirectory="e077d322-2957-45c8-bea1-c7fa5129eab6">
      <Output>
        <StdOut>Debug Trace:&#xD;
Fail: Argument null</StdOut>
      </Output>
    </UnitTestResult>
    <UnitTestResult executionId="498c781b-f712-4c73-b427-9dbb1787516f" testId="f466102f-ba2f-6676-6bab-97ec4d1b20b0" testName="AddpluginProperties_DoesNotAddHeading2_OnParentItemWithNoProperties" computerName="DKSR-EFI-04" duration="00:00:00.0013431" startTime="2023-12-22T09:33:36.8500190+01:00" endTime="2023-12-22T09:33:36.8500190+01:00" testType="13cdc9d9-ddb5-4fa4-a97d-d965ccfc6d4b" outcome="Passed" testListId="8c84fa94-04c1-424b-9868-57a2d4851a1d" relativeResultsDirectory="498c781b-f712-4c73-b427-9dbb1787516f" />
    <UnitTestResult executionId="d4b2255d-3d39-44b8-8b55-54a5ae564742" testId="6059e5c4-a90d-5ac2-0d2b-936594909c1a" testName="DeviceStreamsPresenter_ValidateAndSave_MayHaveOldData_RecordingToSecondary_NoOldData" computerName="DKSR-EFI-04" duration="00:00:00.0211666" startTime="2023-12-22T09:33:28.4437282+01:00" endTime="2023-12-22T09:33:28.4593556+01:00" testType="13cdc9d9-ddb5-4fa4-a97d-d965ccfc6d4b" outcome="Passed" testListId="8c84fa94-04c1-424b-9868-57a2d4851a1d" relativeResultsDirectory="d4b2255d-3d39-44b8-8b55-54a5ae564742" />
    <UnitTestResult executionId="bfc24126-4993-47b5-90bb-d18b78786cfe" testId="12d5671b-1d95-5f19-2343-7d0d9f6e0359" testName="DevicePositionWithCoordinates_ShouldBeVisible_WhenDeviceIsInput" computerName="DKSR-EFI-04" duration="00:00:00.0271426" startTime="2023-12-22T09:33:31.8656186+01:00" endTime="2023-12-22T09:33:31.8968715+01:00" testType="13cdc9d9-ddb5-4fa4-a97d-d965ccfc6d4b" outcome="Passed" testListId="8c84fa94-04c1-424b-9868-57a2d4851a1d" relativeResultsDirectory="bfc24126-4993-47b5-90bb-d18b78786cfe" />
    <UnitTestResult executionId="7699d8fe-d1a9-4111-9fd4-56d088617503" testId="984bf51f-490b-1308-062f-bc23bccd35f4" testName="ApplyCellStyleToEditingControl_ThrowsArgumentNullException_OnNullAsDataGridViewCellStyle" computerName="DKSR-EFI-04" duration="00:00:00.3021397" startTime="2023-12-22T09:33:29.7718593+01:00" endTime="2023-12-22T09:33:30.0687371+01:00" testType="13cdc9d9-ddb5-4fa4-a97d-d965ccfc6d4b" outcome="Passed" testListId="8c84fa94-04c1-424b-9868-57a2d4851a1d" relativeResultsDirectory="7699d8fe-d1a9-4111-9fd4-56d088617503" />
    <UnitTestResult executionId="a44b1dd5-3fc0-4fc5-bce7-dba2aafb7271" testId="1c9aef6c-248a-4757-8721-f1bedbbcdc0f" testName="TestTwoPermanent" computerName="DKSR-EFI-04" duration="00:00:00.0018904" startTime="2023-12-22T09:33:25.0218366+01:00" endTime="2023-12-22T09:33:25.0374620+01:00" testType="13cdc9d9-ddb5-4fa4-a97d-d965ccfc6d4b" outcome="Passed" testListId="8c84fa94-04c1-424b-9868-57a2d4851a1d" relativeResultsDirectory="a44b1dd5-3fc0-4fc5-bce7-dba2aafb7271" />
    <UnitTestResult executionId="9bb9069a-8972-445d-8ca3-faade3b8060e" testId="609020b8-93d4-48eb-f83d-82e6dd75431d" testName="MatchDevices_OldDeviceIsNotSameType_ShouldNotDoAMapping" computerName="DKSR-EFI-04" duration="00:00:00.0003121" startTime="2023-12-22T09:33:32.0531223+01:00" endTime="2023-12-22T09:33:32.0531223+01:00" testType="13cdc9d9-ddb5-4fa4-a97d-d965ccfc6d4b" outcome="Passed" testListId="8c84fa94-04c1-424b-9868-57a2d4851a1d" relativeResultsDirectory="9bb9069a-8972-445d-8ca3-faade3b8060e" />
    <UnitTestResult executionId="4d9e15f6-d7fc-4729-a907-84fe80b5f288" testId="2d26ee27-05eb-1568-69f4-f42799c9a19e" testName="AddOptionsDialogProperties_AddsDifferentTable_OnPropertiesWithNotSameKeys" computerName="DKSR-EFI-04" duration="00:00:00.0044318" startTime="2023-12-22T09:33:36.7093944+01:00" endTime="2023-12-22T09:33:36.7093944+01:00" testType="13cdc9d9-ddb5-4fa4-a97d-d965ccfc6d4b" outcome="Passed" testListId="8c84fa94-04c1-424b-9868-57a2d4851a1d" relativeResultsDirectory="4d9e15f6-d7fc-4729-a907-84fe80b5f288" />
    <UnitTestResult executionId="256210bd-5e0a-4b56-93b5-09a159c44e25" testId="0526b310-2792-1b6e-9d26-cb5911e354d4" testName="GetDisplayString_ThrowsArgumentNullException_OnNullAsSelection" computerName="DKSR-EFI-04" duration="00:00:00.0046974" startTime="2023-12-22T09:33:37.0218960+01:00" endTime="2023-12-22T09:33:37.0218960+01:00" testType="13cdc9d9-ddb5-4fa4-a97d-d965ccfc6d4b" outcome="Passed" testListId="8c84fa94-04c1-424b-9868-57a2d4851a1d" relativeResultsDirectory="256210bd-5e0a-4b56-93b5-09a159c44e25">
      <Output>
        <StdOut>Debug Trace:&#xD;
Fail: Argument is null.</StdOut>
      </Output>
    </UnitTestResult>
    <UnitTestResult executionId="a669846c-508b-492b-88c1-8b8fa2cecf1a" testId="6052c099-a9d5-02de-7729-5b4b41817cea" testName="ClientBasicUserCollection_ValidatePassword_PasswordTooLong" computerName="DKSR-EFI-04" duration="00:00:00.0001701" startTime="2023-12-22T09:33:24.8655865+01:00" endTime="2023-12-22T09:33:24.8655865+01:00" testType="13cdc9d9-ddb5-4fa4-a97d-d965ccfc6d4b" outcome="Passed" testListId="8c84fa94-04c1-424b-9868-57a2d4851a1d" relativeResultsDirectory="a669846c-508b-492b-88c1-8b8fa2cecf1a" />
    <UnitTestResult executionId="138cba97-aee8-4860-901e-588379255e21" testId="02c8a322-7cd5-dff6-349e-70fc3ef9fea3" testName="DevicePositionWithCoordinates_ShouldBeVisible_WhenDeviceIsMicrophone" computerName="DKSR-EFI-04" duration="00:00:00.0218383" startTime="2023-12-22T09:33:31.8968715+01:00" endTime="2023-12-22T09:33:31.9281199+01:00" testType="13cdc9d9-ddb5-4fa4-a97d-d965ccfc6d4b" outcome="Passed" testListId="8c84fa94-04c1-424b-9868-57a2d4851a1d" relativeResultsDirectory="138cba97-aee8-4860-901e-588379255e21" />
    <UnitTestResult executionId="05ed4ec3-9e00-417e-bed1-eb07354e78ad" testId="3b06ea4a-1ca1-14f8-3345-6575847cb053" testName="AutoDiscovery_HardwareSetupInfoManager_HardwareSetupInfoSetupResponseReceived_WhenRecorderUnavailable" computerName="DKSR-EFI-04" duration="00:00:00.0014976" startTime="2023-12-22T09:33:36.3031432+01:00" endTime="2023-12-22T09:33:36.3031432+01:00" testType="13cdc9d9-ddb5-4fa4-a97d-d965ccfc6d4b" outcome="Passed" testListId="8c84fa94-04c1-424b-9868-57a2d4851a1d" relativeResultsDirectory="05ed4ec3-9e00-417e-bed1-eb07354e78ad" />
    <UnitTestResult executionId="cd0032bd-8db7-4e85-9289-2c1b8ff9e24f" testId="f9140294-7161-930e-3488-b421ac84fa57" testName="MayHaveOldData_Multi_None_Track" computerName="DKSR-EFI-04" duration="00:00:00.0088362" startTime="2023-12-22T09:33:27.4124743+01:00" endTime="2023-12-22T09:33:27.4281001+01:00" testType="13cdc9d9-ddb5-4fa4-a97d-d965ccfc6d4b" outcome="Passed" testListId="8c84fa94-04c1-424b-9868-57a2d4851a1d" relativeResultsDirectory="cd0032bd-8db7-4e85-9289-2c1b8ff9e24f" />
    <UnitTestResult executionId="3e3484b6-a15c-40be-a506-b312c2e59adc" testId="334f1489-c2f9-bc48-0959-9df7a5f60a9c" testName="ClientBasicUserCollection_ValidateBasicUser_NameTooLong" computerName="DKSR-EFI-04" duration="00:00:00.0001440" startTime="2023-12-22T09:33:24.8812111+01:00" endTime="2023-12-22T09:33:24.8812111+01:00" testType="13cdc9d9-ddb5-4fa4-a97d-d965ccfc6d4b" outcome="Passed" testListId="8c84fa94-04c1-424b-9868-57a2d4851a1d" relativeResultsDirectory="3e3484b6-a15c-40be-a506-b312c2e59adc" />
    <UnitTestResult executionId="ba130e8c-6f18-47e0-9c5b-446a479bb786" testId="d8b5a97c-c4a4-b191-75bc-2aac0600303f" testName="PlatformTree_ToolTip_HasText" computerName="DKSR-EFI-04" duration="00:00:00.0002535" startTime="2023-12-22T09:33:37.0062702+01:00" endTime="2023-12-22T09:33:37.0062702+01:00" testType="13cdc9d9-ddb5-4fa4-a97d-d965ccfc6d4b" outcome="Passed" testListId="8c84fa94-04c1-424b-9868-57a2d4851a1d" relativeResultsDirectory="ba130e8c-6f18-47e0-9c5b-446a479bb786" />
    <UnitTestResult executionId="fb0bdf0d-1c0c-40cd-a283-22a5cc69a82e" testId="43dfe9cb-5587-aaa5-bc68-4d765dd0b91a" testName="SystemDashboard_TestExtensionsAllServersMustReturnAllServers" computerName="DKSR-EFI-04" duration="00:00:00.0918407" startTime="2023-12-22T09:33:28.5843576+01:00" endTime="2023-12-22T09:33:28.6781066+01:00" testType="13cdc9d9-ddb5-4fa4-a97d-d965ccfc6d4b" outcome="Passed" testListId="8c84fa94-04c1-424b-9868-57a2d4851a1d" relativeResultsDirectory="fb0bdf0d-1c0c-40cd-a283-22a5cc69a82e" />
    <UnitTestResult executionId="ee6bccbb-9283-4892-9ba4-821597c7bc69" testId="3ca7c303-3c9f-d1db-d70b-50a9ddfb84c3" testName="TestPreviewImageEditor_UpdatePreviewImageWithHiddenGrid" computerName="DKSR-EFI-04" duration="00:00:00.0051060" startTime="2023-12-22T09:33:25.1312155+01:00" endTime="2023-12-22T09:33:25.1468366+01:00" testType="13cdc9d9-ddb5-4fa4-a97d-d965ccfc6d4b" outcome="Passed" testListId="8c84fa94-04c1-424b-9868-57a2d4851a1d" relativeResultsDirectory="ee6bccbb-9283-4892-9ba4-821597c7bc69" />
    <UnitTestResult executionId="f52a9bdf-7ddb-4c40-954d-d9eb7693a877" testId="cf4240f6-b776-f2e0-168e-f6203ba14593" testName="DirectionFieldOfViewDepthControls_ShouldNotBeVisible_WhenDeviceIsMicrophone" computerName="DKSR-EFI-04" duration="00:00:00.0217197" startTime="2023-12-22T09:33:31.9906209+01:00" endTime="2023-12-22T09:33:32.0062460+01:00" testType="13cdc9d9-ddb5-4fa4-a97d-d965ccfc6d4b" outcome="Passed" testListId="8c84fa94-04c1-424b-9868-57a2d4851a1d" relativeResultsDirectory="f52a9bdf-7ddb-4c40-954d-d9eb7693a877" />
    <UnitTestResult executionId="12938714-396e-4a71-8e50-f980d70c9e97" testId="3b4bf237-9a3e-c44c-1049-12240268cdb9" testName="AddAppointmentConfiguration_AddsRecurenceStartTimeToTable_OnAppointmentWithRecurrence" computerName="DKSR-EFI-04" duration="00:00:00.0727285" startTime="2023-12-22T09:33:30.5843650+01:00" endTime="2023-12-22T09:33:30.6468662+01:00" testType="13cdc9d9-ddb5-4fa4-a97d-d965ccfc6d4b" outcome="Passed" testListId="8c84fa94-04c1-424b-9868-57a2d4851a1d" relativeResultsDirectory="12938714-396e-4a71-8e50-f980d70c9e97" />
    <UnitTestResult executionId="6d796616-5ffb-4cfe-b7aa-283083c85286" testId="ad2eced8-c5b4-046f-24ae-008dc9a23201" testName="Compare_Returns1_OnBVsA" computerName="DKSR-EFI-04" duration="00:00:00.0002104" startTime="2023-12-22T09:33:30.0999863+01:00" endTime="2023-12-22T09:33:30.0999863+01:00" testType="13cdc9d9-ddb5-4fa4-a97d-d965ccfc6d4b" outcome="Passed" testListId="8c84fa94-04c1-424b-9868-57a2d4851a1d" relativeResultsDirectory="6d796616-5ffb-4cfe-b7aa-283083c85286" />
    <UnitTestResult executionId="d8a7ec21-edb8-479a-94c7-8cfe96b2a1cd" testId="27238eef-dad2-add6-2bf1-77c38305634a" testName="AddAppointmentConfiguration_AddsRecurencePatternToTable_OnAppointmentWithRecurrenceMonthly" computerName="DKSR-EFI-04" duration="00:00:00.0008298" startTime="2023-12-22T09:33:30.6624887+01:00" endTime="2023-12-22T09:33:30.6624887+01:00" testType="13cdc9d9-ddb5-4fa4-a97d-d965ccfc6d4b" outcome="Passed" testListId="8c84fa94-04c1-424b-9868-57a2d4851a1d" relativeResultsDirectory="d8a7ec21-edb8-479a-94c7-8cfe96b2a1cd" />
    <UnitTestResult executionId="3aa76f59-e3b0-4907-b993-4a9f98d8eccb" testId="05a00ee4-7a4d-ac83-34a5-cf512c0b0b96" testName="DeviceStreamsPresenter_InitializeStreamGridLayout_FeatureMissing_MultistreamRecording_Success" computerName="DKSR-EFI-04" duration="00:00:00.0559664" startTime="2023-12-22T09:33:27.8812263+01:00" endTime="2023-12-22T09:33:27.9281017+01:00" testType="13cdc9d9-ddb5-4fa4-a97d-d965ccfc6d4b" outcome="Passed" testListId="8c84fa94-04c1-424b-9868-57a2d4851a1d" relativeResultsDirectory="3aa76f59-e3b0-4907-b993-4a9f98d8eccb" />
    <UnitTestResult executionId="8118af5f-3266-43fa-96c2-2669fe39b8bb" testId="d0d9baf6-7db9-959d-2b1c-6f4701c0a77d" testName="AddpluginProperties_AddsTextNoItemsDefinedToReport_OnItemWithNullProperties" computerName="DKSR-EFI-04" duration="00:00:00.0010474" startTime="2023-12-22T09:33:36.8500190+01:00" endTime="2023-12-22T09:33:36.8500190+01:00" testType="13cdc9d9-ddb5-4fa4-a97d-d965ccfc6d4b" outcome="Passed" testListId="8c84fa94-04c1-424b-9868-57a2d4851a1d" relativeResultsDirectory="8118af5f-3266-43fa-96c2-2669fe39b8bb" />
    <UnitTestResult executionId="526989e9-f024-4df9-9c23-1ef076f9a8f0" testId="7fdd4702-2384-7b12-4515-ceca6e498b2b" testName="PlatformTree_GetPropertyDisableState_IsDisabledWithTrue" computerName="DKSR-EFI-04" duration="00:00:00.0001875" startTime="2023-12-22T09:33:36.9593958+01:00" endTime="2023-12-22T09:33:36.9593958+01:00" testType="13cdc9d9-ddb5-4fa4-a97d-d965ccfc6d4b" outcome="Passed" testListId="8c84fa94-04c1-424b-9868-57a2d4851a1d" relativeResultsDirectory="526989e9-f024-4df9-9c23-1ef076f9a8f0" />
    <UnitTestResult executionId="73f8bfc8-87c8-453e-b5b3-226e477a8fb8" testId="eeef213d-0eab-1239-bede-9bafb27d7832" testName="AddOptionsDialogProperties_AddsParentsRow_OnPropertiesWithNotSameKeys" computerName="DKSR-EFI-04" duration="00:00:00.0010428" startTime="2023-12-22T09:33:36.7250212+01:00" endTime="2023-12-22T09:33:36.7250212+01:00" testType="13cdc9d9-ddb5-4fa4-a97d-d965ccfc6d4b" outcome="Passed" testListId="8c84fa94-04c1-424b-9868-57a2d4851a1d" relativeResultsDirectory="73f8bfc8-87c8-453e-b5b3-226e477a8fb8" />
    <UnitTestResult executionId="c9cabbbb-8cc9-423d-9dd0-058f086744be" testId="514a0ad8-deb8-9870-fd96-a41b49aa3f85" testName="SystemDashboard_TestDataProviderGetCameraGroupsWithChild" computerName="DKSR-EFI-04" duration="00:00:00.0094785" startTime="2023-12-22T09:33:29.7562366+01:00" endTime="2023-12-22T09:33:29.7718593+01:00" testType="13cdc9d9-ddb5-4fa4-a97d-d965ccfc6d4b" outcome="Passed" testListId="8c84fa94-04c1-424b-9868-57a2d4851a1d" relativeResultsDirectory="c9cabbbb-8cc9-423d-9dd0-058f086744be" />
    <UnitTestResult executionId="2387d3ff-03f6-4ff7-9b54-228ef9ba3074" testId="b451113a-3d92-c47f-b131-c2d284c790cc" testName="AddOptionsDialogProperties_AddsTableToReport_OnExistingPropertiesInSections" computerName="DKSR-EFI-04" duration="00:00:00.0043010" startTime="2023-12-22T09:33:36.6937678+01:00" endTime="2023-12-22T09:33:36.7093944+01:00" testType="13cdc9d9-ddb5-4fa4-a97d-d965ccfc6d4b" outcome="Passed" testListId="8c84fa94-04c1-424b-9868-57a2d4851a1d" relativeResultsDirectory="2387d3ff-03f6-4ff7-9b54-228ef9ba3074" />
    <UnitTestResult executionId="9ec9f1d0-72ee-463f-98e7-ede1efafff65" testId="2aee9aa6-1898-d9fb-01b3-44175bf4d857" testName="SystemDashboard_TestExtensionMethodsReturnsAllCameraGroupings" computerName="DKSR-EFI-04" duration="00:00:00.0001877" startTime="2023-12-22T09:33:28.8031044+01:00" endTime="2023-12-22T09:33:28.8031044+01:00" testType="13cdc9d9-ddb5-4fa4-a97d-d965ccfc6d4b" outcome="Passed" testListId="8c84fa94-04c1-424b-9868-57a2d4851a1d" relativeResultsDirectory="9ec9f1d0-72ee-463f-98e7-ede1efafff65" />
    <UnitTestResult executionId="57bf50be-d9e8-4eae-a3f6-fe00f164f018" testId="4a4110f9-105b-7a23-764b-de4d4e22f663" testName="DeviceStreamsPresenter_InitializeStreamGridLayout_FeatureMissing_EdgeStorage_Success" computerName="DKSR-EFI-04" duration="00:00:00.0550191" startTime="2023-12-22T09:33:27.7562269+01:00" endTime="2023-12-22T09:33:27.8187252+01:00" testType="13cdc9d9-ddb5-4fa4-a97d-d965ccfc6d4b" outcome="Passed" testListId="8c84fa94-04c1-424b-9868-57a2d4851a1d" relativeResultsDirectory="57bf50be-d9e8-4eae-a3f6-fe00f164f018" />
    <UnitTestResult executionId="3bd239c1-966b-43b9-a6ff-8bbd1c63e23e" testId="7092392a-e837-1385-d4a6-796abc0cc02b" testName="AddpluginProperties_DoesNothing_OnPluginWithNoItems" computerName="DKSR-EFI-04" duration="00:00:00.0226594" startTime="2023-12-22T09:33:36.7406440+01:00" endTime="2023-12-22T09:33:36.7562695+01:00" testType="13cdc9d9-ddb5-4fa4-a97d-d965ccfc6d4b" outcome="Passed" testListId="8c84fa94-04c1-424b-9868-57a2d4851a1d" relativeResultsDirectory="3bd239c1-966b-43b9-a6ff-8bbd1c63e23e" />
    <UnitTestResult executionId="af972f8c-9906-40ff-9297-83ca66f5719b" testId="0b6ba4fa-0368-c614-1c99-ed17355eaa34" testName="Compare_ThrowsArgumentNullException_OnNullAsX" computerName="DKSR-EFI-04" duration="00:00:00.0019106" startTime="2023-12-22T09:33:30.0843605+01:00" endTime="2023-12-22T09:33:30.0843605+01:00" testType="13cdc9d9-ddb5-4fa4-a97d-d965ccfc6d4b" outcome="Passed" testListId="8c84fa94-04c1-424b-9868-57a2d4851a1d" relativeResultsDirectory="af972f8c-9906-40ff-9297-83ca66f5719b" />
    <UnitTestResult executionId="8a167c24-fcb6-4cf3-8723-f5fbe3156f5e" testId="c3a60e42-27af-dba3-1b50-1ad194a69dea" testName="AddPluginRoles_DoesNotChangeReport_OnPluginWithNoSecurityActions" computerName="DKSR-EFI-04" duration="00:00:00.0051979" startTime="2023-12-22T09:33:36.8812711+01:00" endTime="2023-12-22T09:33:36.8812711+01:00" testType="13cdc9d9-ddb5-4fa4-a97d-d965ccfc6d4b" outcome="Passed" testListId="8c84fa94-04c1-424b-9868-57a2d4851a1d" relativeResultsDirectory="8a167c24-fcb6-4cf3-8723-f5fbe3156f5e" />
    <UnitTestResult executionId="3de44556-93e6-4002-9d24-28516c8af763" testId="055efc15-27d5-5515-2e81-5e5597c90307" testName="TestPreviewImageEditor_ResizeGridWithSameSizePreviewImage" computerName="DKSR-EFI-04" duration="00:00:00.0017072" startTime="2023-12-22T09:33:25.1624640+01:00" endTime="2023-12-22T09:33:25.1624640+01:00" testType="13cdc9d9-ddb5-4fa4-a97d-d965ccfc6d4b" outcome="Passed" testListId="8c84fa94-04c1-424b-9868-57a2d4851a1d" relativeResultsDirectory="3de44556-93e6-4002-9d24-28516c8af763" />
    <UnitTestResult executionId="9021fb1f-1f8e-444c-ad76-62c0d8cadd64" testId="b2ad83b7-2e90-ae72-fc64-fb1c022d591e" testName="DeviceStreamsPresenter_ValidateAndSave_MayHaveOldData_RecordingToSecondary_HasOldData_Cancel" computerName="DKSR-EFI-04" duration="00:00:00.0292885" startTime="2023-12-22T09:33:28.5218546+01:00" endTime="2023-12-22T09:33:28.5531051+01:00" testType="13cdc9d9-ddb5-4fa4-a97d-d965ccfc6d4b" outcome="Passed" testListId="8c84fa94-04c1-424b-9868-57a2d4851a1d" relativeResultsDirectory="9021fb1f-1f8e-444c-ad76-62c0d8cadd64" />
    <UnitTestResult executionId="44094e6a-ffab-44f9-9129-69e89b09c8bd" testId="a154d89e-01c3-c51d-81db-c847361f4fc8" testName="AddAppointmentConfiguration_AddsRecurenceRangeStopToTable_OnAppointmentWithRecurrenceWithLimitByNumberOfOccurrences" computerName="DKSR-EFI-04" duration="00:00:00.0008396" startTime="2023-12-22T09:33:30.6781169+01:00" endTime="2023-12-22T09:33:30.6937412+01:00" testType="13cdc9d9-ddb5-4fa4-a97d-d965ccfc6d4b" outcome="Passed" testListId="8c84fa94-04c1-424b-9868-57a2d4851a1d" relativeResultsDirectory="44094e6a-ffab-44f9-9129-69e89b09c8bd" />
    <UnitTestResult executionId="bc4c3a54-3b1c-442f-a3b0-2ff93826412f" testId="d87943c2-f834-070b-282c-eacad2ab688c" testName="TestOneRemovableWithMotion" computerName="DKSR-EFI-04" duration="00:00:00.0001541" startTime="2023-12-22T09:33:25.0218366+01:00" endTime="2023-12-22T09:33:25.0218366+01:00" testType="13cdc9d9-ddb5-4fa4-a97d-d965ccfc6d4b" outcome="Passed" testListId="8c84fa94-04c1-424b-9868-57a2d4851a1d" relativeResultsDirectory="bc4c3a54-3b1c-442f-a3b0-2ff93826412f" />
    <UnitTestResult executionId="407351c4-d228-44a4-9699-c5aec55c1493" testId="a259bf75-7269-f535-97b0-91a8c4089edd" testName="RecursiveFindFirstDeviceInDeviceGroup_FindsDevice_InSubGroup" computerName="DKSR-EFI-04" duration="00:00:00.0117144" startTime="2023-12-22T09:33:30.9593681+01:00" endTime="2023-12-22T09:33:30.9749916+01:00" testType="13cdc9d9-ddb5-4fa4-a97d-d965ccfc6d4b" outcome="Passed" testListId="8c84fa94-04c1-424b-9868-57a2d4851a1d" relativeResultsDirectory="407351c4-d228-44a4-9699-c5aec55c1493" />
    <UnitTestResult executionId="4d42f0a7-1082-495f-9a30-cd1c6561570f" testId="36aa9169-7f41-7d09-b98a-9d05f10266bc" testName="ClientBasicUserCollection_ValidatePassword_PasswordEmpty" computerName="DKSR-EFI-04" duration="00:00:00.0120659" startTime="2023-12-22T09:33:24.2562095+01:00" endTime="2023-12-22T09:33:24.8030859+01:00" testType="13cdc9d9-ddb5-4fa4-a97d-d965ccfc6d4b" outcome="Passed" testListId="8c84fa94-04c1-424b-9868-57a2d4851a1d" relativeResultsDirectory="4d42f0a7-1082-495f-9a30-cd1c6561570f" />
    <UnitTestResult executionId="9e55e8f2-c34c-45a3-8959-dca098bddf14" testId="9126e5b8-7a8d-f9bb-e86d-5d103a7d2977" testName="Compare_ReturnsNegative1_OnAVsB" computerName="DKSR-EFI-04" duration="00:00:00.0004687" startTime="2023-12-22T09:33:30.0999863+01:00" endTime="2023-12-22T09:33:30.0999863+01:00" testType="13cdc9d9-ddb5-4fa4-a97d-d965ccfc6d4b" outcome="Passed" testListId="8c84fa94-04c1-424b-9868-57a2d4851a1d" relativeResultsDirectory="9e55e8f2-c34c-45a3-8959-dca098bddf14" />
    <UnitTestResult executionId="1be2be0e-cede-40b4-a5d2-8ea30f15fe97" testId="8bad3e4a-372d-2ca0-3e74-b96394cb0915" testName="MayHaveOldData_Multi_StreamAndTrack_StreamAndTrack" computerName="DKSR-EFI-04" duration="00:00:00.0124353" startTime="2023-12-22T09:33:27.4593529+01:00" endTime="2023-12-22T09:33:27.4749749+01:00" testType="13cdc9d9-ddb5-4fa4-a97d-d965ccfc6d4b" outcome="Passed" testListId="8c84fa94-04c1-424b-9868-57a2d4851a1d" relativeResultsDirectory="1be2be0e-cede-40b4-a5d2-8ea30f15fe97" />
    <UnitTestResult executionId="ba763dde-901d-41cf-a5ae-4c13b54906e5" testId="1a25d0f4-5d08-a936-d313-a4a67de0d687" testName="TestCompositeGrid_ClearRegionClearsTheRightCells" computerName="DKSR-EFI-04" duration="00:00:00.0008025" startTime="2023-12-22T09:33:32.1156223+01:00" endTime="2023-12-22T09:33:32.1156223+01:00" testType="13cdc9d9-ddb5-4fa4-a97d-d965ccfc6d4b" outcome="Passed" testListId="8c84fa94-04c1-424b-9868-57a2d4851a1d" relativeResultsDirectory="ba763dde-901d-41cf-a5ae-4c13b54906e5" />
    <UnitTestResult executionId="5affe64c-2cc0-4d0e-a636-a75e1b6aae45" testId="33b61c67-5ec6-6bc8-3deb-30367c0dcdbc" testName="TestPreviewImageEditor_GetRenderedImageWithoutPreviewImage" computerName="DKSR-EFI-04" duration="00:00:00.0542809" startTime="2023-12-22T09:33:25.0374620+01:00" endTime="2023-12-22T09:33:25.0999629+01:00" testType="13cdc9d9-ddb5-4fa4-a97d-d965ccfc6d4b" outcome="Passed" testListId="8c84fa94-04c1-424b-9868-57a2d4851a1d" relativeResultsDirectory="5affe64c-2cc0-4d0e-a636-a75e1b6aae45" />
    <UnitTestResult executionId="70dcd647-7419-44a7-ab3c-a43b13daf846" testId="fe94e50d-5f10-f617-1695-551f3ed53b35" testName="AddOptionsDialogProperties_GetsPropertiesFromOptionsPlugin_OnExistingSections" computerName="DKSR-EFI-04" duration="00:00:00.0036908" startTime="2023-12-22T09:33:36.6937678+01:00" endTime="2023-12-22T09:33:36.6937678+01:00" testType="13cdc9d9-ddb5-4fa4-a97d-d965ccfc6d4b" outcome="Passed" testListId="8c84fa94-04c1-424b-9868-57a2d4851a1d" relativeResultsDirectory="70dcd647-7419-44a7-ab3c-a43b13daf846" />
    <UnitTestResult executionId="73d4a20d-781b-4484-a89e-8a4bfaa17f9a" testId="809b756f-a304-6843-42ee-c3e40925e811" testName="SystemDashboard_TestExtensionMethodsReturnsAllServerTypes" computerName="DKSR-EFI-04" duration="00:00:00.0002282" startTime="2023-12-22T09:33:28.8031044+01:00" endTime="2023-12-22T09:33:28.8031044+01:00" testType="13cdc9d9-ddb5-4fa4-a97d-d965ccfc6d4b" outcome="Passed" testListId="8c84fa94-04c1-424b-9868-57a2d4851a1d" relativeResultsDirectory="73d4a20d-781b-4484-a89e-8a4bfaa17f9a" />
    <UnitTestResult executionId="15a3f295-277c-4114-8681-4f3e42f50101" testId="d9e3bfdf-cafc-02f3-1aba-0606c2a09b1c" testName="MayHaveOldData_Multi_None_StreamAndTrack" computerName="DKSR-EFI-04" duration="00:00:00.0088152" startTime="2023-12-22T09:33:27.4281001+01:00" endTime="2023-12-22T09:33:27.4437247+01:00" testType="13cdc9d9-ddb5-4fa4-a97d-d965ccfc6d4b" outcome="Passed" testListId="8c84fa94-04c1-424b-9868-57a2d4851a1d" relativeResultsDirectory="15a3f295-277c-4114-8681-4f3e42f50101" />
    <UnitTestResult executionId="ca66161f-64f3-4d8a-9678-7f2a9054c7d9" testId="3a8e1017-0d51-ce6c-52e9-8305badaada1" testName="AddpluginProperties_AddsHeading2_OnPluginWithNestedItems" computerName="DKSR-EFI-04" duration="00:00:00.0052445" startTime="2023-12-22T09:33:36.8343952+01:00" endTime="2023-12-22T09:33:36.8343952+01:00" testType="13cdc9d9-ddb5-4fa4-a97d-d965ccfc6d4b" outcome="Passed" testListId="8c84fa94-04c1-424b-9868-57a2d4851a1d" relativeResultsDirectory="ca66161f-64f3-4d8a-9678-7f2a9054c7d9" />
    <UnitTestResult executionId="9b4cdc50-7e06-4f27-9c02-18945e757732" testId="dfcd69f2-1e94-be49-18d9-6be156f39fd0" testName="PlatformTree_SetState_ToDisabled" computerName="DKSR-EFI-04" duration="00:00:00.0011583" startTime="2023-12-22T09:33:36.9906450+01:00" endTime="2023-12-22T09:33:36.9906450+01:00" testType="13cdc9d9-ddb5-4fa4-a97d-d965ccfc6d4b" outcome="Passed" testListId="8c84fa94-04c1-424b-9868-57a2d4851a1d" relativeResultsDirectory="9b4cdc50-7e06-4f27-9c02-18945e757732" />
    <UnitTestResult executionId="c12992b0-950f-4675-9ffe-5b43f96582bb" testId="9e0b4438-b56e-0df4-f0e3-4f25eb81fbea" testName="AutoDiscovery_HardwareSetupInfoManager_HardwareSetupInfoSetupResponseReceived_WhenGeneral" computerName="DKSR-EFI-04" duration="00:00:00.0014255" startTime="2023-12-22T09:33:36.3343927+01:00" endTime="2023-12-22T09:33:36.3343927+01:00" testType="13cdc9d9-ddb5-4fa4-a97d-d965ccfc6d4b" outcome="Passed" testListId="8c84fa94-04c1-424b-9868-57a2d4851a1d" relativeResultsDirectory="c12992b0-950f-4675-9ffe-5b43f96582bb" />
    <UnitTestResult executionId="030d93d1-797d-41e1-bc53-e231ef2e9583" testId="bec3b721-a798-d418-3c9e-7f91976e895b" testName="AddPluginProperties_ThrowsArgumentNullException_OnNullAsPluginDefinition" computerName="DKSR-EFI-04" duration="00:00:00.0065063" startTime="2023-12-22T09:33:36.7250212+01:00" endTime="2023-12-22T09:33:36.7250212+01:00" testType="13cdc9d9-ddb5-4fa4-a97d-d965ccfc6d4b" outcome="Passed" testListId="8c84fa94-04c1-424b-9868-57a2d4851a1d" relativeResultsDirectory="030d93d1-797d-41e1-bc53-e231ef2e9583">
      <Output>
        <StdOut>Debug Trace:&#xD;
Fail: Argument is null.</StdOut>
      </Output>
    </UnitTestResult>
    <UnitTestResult executionId="31688648-e09c-436a-830e-b01166148d3b" testId="adb1002c-4889-6c5e-b1c9-58fa4e94c40d" testName="AutoDiscovery_HardwareSetupInfoManager_ProcessFailedTaskResults_Simple" computerName="DKSR-EFI-04" duration="00:00:00.0165858" startTime="2023-12-22T09:33:32.6781265+01:00" endTime="2023-12-22T09:33:32.6937511+01:00" testType="13cdc9d9-ddb5-4fa4-a97d-d965ccfc6d4b" outcome="Passed" testListId="8c84fa94-04c1-424b-9868-57a2d4851a1d" relativeResultsDirectory="31688648-e09c-436a-830e-b01166148d3b" />
    <UnitTestResult executionId="76f0460b-dad5-4f09-80cb-5255c02a4e91" testId="c826b01f-e3ec-b1ec-acd4-b7353f03ec0d" testName="DeviceStreamsPresenter_DeviceStreamsPresenterTests_Init_WithAdaptivePlaybackFeatureFlag_AllItemsAddedToRecordToValueList" computerName="DKSR-EFI-04" duration="00:00:00.0325843" startTime="2023-12-22T09:33:27.4749749+01:00" endTime="2023-12-22T09:33:27.5218503+01:00" testType="13cdc9d9-ddb5-4fa4-a97d-d965ccfc6d4b" outcome="Passed" testListId="8c84fa94-04c1-424b-9868-57a2d4851a1d" relativeResultsDirectory="76f0460b-dad5-4f09-80cb-5255c02a4e91" />
    <UnitTestResult executionId="377f9c27-9f32-4d62-99b8-93b40e65793f" testId="f3b71662-5e08-c3cc-b6ca-65a4fdb93aab" testName="SystemDashboard_TestExtensionMethodsReturnsAllServerGroupings" computerName="DKSR-EFI-04" duration="00:00:00.0001786" startTime="2023-12-22T09:33:29.7562366+01:00" endTime="2023-12-22T09:33:29.7562366+01:00" testType="13cdc9d9-ddb5-4fa4-a97d-d965ccfc6d4b" outcome="Passed" testListId="8c84fa94-04c1-424b-9868-57a2d4851a1d" relativeResultsDirectory="377f9c27-9f32-4d62-99b8-93b40e65793f" />
    <UnitTestResult executionId="e3bccc25-aeb8-4396-aa75-c3b6b37c6fa1" testId="2bd02458-d550-fa9e-3de3-a4475dfb9e65" testName="AutoDiscovery_HardwareSetupInfoManager_HardwareSetupInfoSetupResponseReceived_WhenSucceeded" computerName="DKSR-EFI-04" duration="00:00:00.0011770" startTime="2023-12-22T09:33:36.2875155+01:00" endTime="2023-12-22T09:33:36.2875155+01:00" testType="13cdc9d9-ddb5-4fa4-a97d-d965ccfc6d4b" outcome="Passed" testListId="8c84fa94-04c1-424b-9868-57a2d4851a1d" relativeResultsDirectory="e3bccc25-aeb8-4396-aa75-c3b6b37c6fa1" />
    <UnitTestResult executionId="5ecd9b8e-5c17-4a5e-9e1d-01689debd295" testId="e96adb18-02dd-6406-900d-53269c403156" testName="MayHaveOldData_Single_StreamAndTrack" computerName="DKSR-EFI-04" duration="00:00:00.0127627" startTime="2023-12-22T09:33:27.2718478+01:00" endTime="2023-12-22T09:33:27.2874714+01:00" testType="13cdc9d9-ddb5-4fa4-a97d-d965ccfc6d4b" outcome="Passed" testListId="8c84fa94-04c1-424b-9868-57a2d4851a1d" relativeResultsDirectory="5ecd9b8e-5c17-4a5e-9e1d-01689debd295" />
    <UnitTestResult executionId="65479ee0-e04b-4643-8cad-3cbe9f19f3c9" testId="d97b1898-351b-38c7-fcb4-9c796f3cafb2" testName="ApplyCellStyleToEditingControl_ThrowsArgumentNullException_OnNullAsDataGridViewCellStyle" computerName="DKSR-EFI-04" duration="00:00:00.0027657" startTime="2023-12-22T09:33:30.0843605+01:00" endTime="2023-12-22T09:33:30.0843605+01:00" testType="13cdc9d9-ddb5-4fa4-a97d-d965ccfc6d4b" outcome="Passed" testListId="8c84fa94-04c1-424b-9868-57a2d4851a1d" relativeResultsDirectory="65479ee0-e04b-4643-8cad-3cbe9f19f3c9" />
    <UnitTestResult executionId="b9ccb938-3b66-4e2a-a6bd-6aedbe3b382d" testId="66c63a3a-0eff-85d0-9045-500df9c0da41" testName="TestEmptyMask" computerName="DKSR-EFI-04" duration="00:00:00.0307085" startTime="2023-12-22T09:33:24.9749622+01:00" endTime="2023-12-22T09:33:25.0062126+01:00" testType="13cdc9d9-ddb5-4fa4-a97d-d965ccfc6d4b" outcome="Passed" testListId="8c84fa94-04c1-424b-9868-57a2d4851a1d" relativeResultsDirectory="b9ccb938-3b66-4e2a-a6bd-6aedbe3b382d" />
    <UnitTestResult executionId="8e4dcbde-4b8d-4ffd-8f3e-1b6805937c5e" testId="3c6a3fd6-1062-1815-8bfd-6cc43579db2a" testName="MatchDevices_SingleCameraReplace_ShouldGetTheCorrectMappingBack" computerName="DKSR-EFI-04" duration="00:00:00.0025787" startTime="2023-12-22T09:33:32.0531223+01:00" endTime="2023-12-22T09:33:32.0531223+01:00" testType="13cdc9d9-ddb5-4fa4-a97d-d965ccfc6d4b" outcome="Passed" testListId="8c84fa94-04c1-424b-9868-57a2d4851a1d" relativeResultsDirectory="8e4dcbde-4b8d-4ffd-8f3e-1b6805937c5e" />
    <UnitTestResult executionId="c07d12b8-4a7f-43a9-b65b-c3f4e2315d00" testId="2ef6b5e7-17a9-3359-e633-61bd61ff5610" testName="DeviceStreamsPresenter_RefreshData_TwoIdenticalStreams_Success" computerName="DKSR-EFI-04" duration="00:00:00.0135628" startTime="2023-12-22T09:33:28.1312260+01:00" endTime="2023-12-22T09:33:28.1468536+01:00" testType="13cdc9d9-ddb5-4fa4-a97d-d965ccfc6d4b" outcome="Passed" testListId="8c84fa94-04c1-424b-9868-57a2d4851a1d" relativeResultsDirectory="c07d12b8-4a7f-43a9-b65b-c3f4e2315d00" />
    <UnitTestResult executionId="3c01e249-6139-4ae0-ade3-1f6e2923a2c3" testId="ef93a57e-b7be-340d-72dc-1100e7d56472" testName="TestThreeMethods" computerName="DKSR-EFI-04" duration="00:00:00.0001544" startTime="2023-12-22T09:33:25.0374620+01:00" endTime="2023-12-22T09:33:25.0374620+01:00" testType="13cdc9d9-ddb5-4fa4-a97d-d965ccfc6d4b" outcome="Passed" testListId="8c84fa94-04c1-424b-9868-57a2d4851a1d" relativeResultsDirectory="3c01e249-6139-4ae0-ade3-1f6e2923a2c3" />
    <UnitTestResult executionId="cd22eff7-aaea-4794-bc27-e05695d0dc2d" testId="9ec4b0d4-9ad8-32ab-1fa2-78b17c347e87" testName="SystemDashboard_TestExtensionMethodsReturnsAllServerGroupings" computerName="DKSR-EFI-04" duration="00:00:00.0002016" startTime="2023-12-22T09:33:28.8031044+01:00" endTime="2023-12-22T09:33:28.8031044+01:00" testType="13cdc9d9-ddb5-4fa4-a97d-d965ccfc6d4b" outcome="Passed" testListId="8c84fa94-04c1-424b-9868-57a2d4851a1d" relativeResultsDirectory="cd22eff7-aaea-4794-bc27-e05695d0dc2d" />
    <UnitTestResult executionId="79ed9afd-1aca-445c-aa3c-6f2d4bdf9fb7" testId="ee011022-d762-a525-f47c-ef2d97d268b5" testName="RecursiveFindFirstDeviceInDeviceGroup_ReturnsNull_OnEmptyGroup" computerName="DKSR-EFI-04" duration="00:00:00.0050579" startTime="2023-12-22T09:33:30.9906183+01:00" endTime="2023-12-22T09:33:30.9906183+01:00" testType="13cdc9d9-ddb5-4fa4-a97d-d965ccfc6d4b" outcome="Passed" testListId="8c84fa94-04c1-424b-9868-57a2d4851a1d" relativeResultsDirectory="79ed9afd-1aca-445c-aa3c-6f2d4bdf9fb7" />
    <UnitTestResult executionId="518e166e-bdab-4e54-b3d9-9f58d3c122dd" testId="b74dc70c-cfb8-1da4-afab-054363fc7a41" testName="Systemdashboard_ConfigurationProviderGetCamerasTiles" computerName="DKSR-EFI-04" duration="00:00:00.8908120" startTime="2023-12-22T09:33:28.8031044+01:00" endTime="2023-12-22T09:33:29.6937344+01:00" testType="13cdc9d9-ddb5-4fa4-a97d-d965ccfc6d4b" outcome="Passed" testListId="8c84fa94-04c1-424b-9868-57a2d4851a1d" relativeResultsDirectory="518e166e-bdab-4e54-b3d9-9f58d3c122dd" />
    <UnitTestResult executionId="fb333159-7169-4e3a-afee-3e6455f8885b" testId="595bf762-4f20-f45f-ee3e-614e3940d1fc" testName="AutoDiscovery_HardwareSetupInfoManager_HardwareSetupInfoSetupResponseReceived_WhenRecorderNotSupported" computerName="DKSR-EFI-04" duration="00:00:00.0017093" startTime="2023-12-22T09:33:36.3031432+01:00" endTime="2023-12-22T09:33:36.3031432+01:00" testType="13cdc9d9-ddb5-4fa4-a97d-d965ccfc6d4b" outcome="Passed" testListId="8c84fa94-04c1-424b-9868-57a2d4851a1d" relativeResultsDirectory="fb333159-7169-4e3a-afee-3e6455f8885b" />
    <UnitTestResult executionId="748b095b-af7b-48c4-a5ae-50a5dda1476a" testId="9f3f81a0-56f3-5453-9f09-600ca79ac433" testName="AutoDiscovery_HardwareSetupInfoManager_ProcessFailedTaskResults_Mixed" computerName="DKSR-EFI-04" duration="00:00:03.5235354" startTime="2023-12-22T09:33:32.6937511+01:00" endTime="2023-12-22T09:33:36.2093910+01:00" testType="13cdc9d9-ddb5-4fa4-a97d-d965ccfc6d4b" outcome="Passed" testListId="8c84fa94-04c1-424b-9868-57a2d4851a1d" relativeResultsDirectory="748b095b-af7b-48c4-a5ae-50a5dda1476a" />
    <UnitTestResult executionId="fcd74ab5-5511-4fc7-af20-0559c4c7aa87" testId="5c6ca79f-4c79-7428-457c-4d969b38020c" testName="AddOptionsDialogPlugin_ThrowsArgumentNullException_OnNullAsReport" computerName="DKSR-EFI-04" duration="00:00:00.0122279" startTime="2023-12-22T09:33:36.5843946+01:00" endTime="2023-12-22T09:33:36.5843946+01:00" testType="13cdc9d9-ddb5-4fa4-a97d-d965ccfc6d4b" outcome="Passed" testListId="8c84fa94-04c1-424b-9868-57a2d4851a1d" relativeResultsDirectory="fcd74ab5-5511-4fc7-af20-0559c4c7aa87" />
    <UnitTestResult executionId="db948608-d87b-49a2-a096-ec06edff2461" testId="85c48bc5-ebdd-89d0-9036-49258a1d39d0" testName="AddPluginRoles_ThrowsArgumentNullException_OnNullAsPlugin" computerName="DKSR-EFI-04" duration="00:00:00.0061254" startTime="2023-12-22T09:33:36.8656434+01:00" endTime="2023-12-22T09:33:36.8656434+01:00" testType="13cdc9d9-ddb5-4fa4-a97d-d965ccfc6d4b" outcome="Passed" testListId="8c84fa94-04c1-424b-9868-57a2d4851a1d" relativeResultsDirectory="db948608-d87b-49a2-a096-ec06edff2461">
      <Output>
        <StdOut>Debug Trace:&#xD;
Fail: Argument is null.</StdOut>
      </Output>
    </UnitTestResult>
    <UnitTestResult executionId="1c399bdd-1a56-442c-af75-46252f5dc2de" testId="a35de4fe-a1e0-4d26-83b9-814d09c3b805" testName="AddOptionsDialogProperties_AddsBulletCollection_OnEmptySections" computerName="DKSR-EFI-04" duration="00:00:00.0011678" startTime="2023-12-22T09:33:36.7093944+01:00" endTime="2023-12-22T09:33:36.7093944+01:00" testType="13cdc9d9-ddb5-4fa4-a97d-d965ccfc6d4b" outcome="Passed" testListId="8c84fa94-04c1-424b-9868-57a2d4851a1d" relativeResultsDirectory="1c399bdd-1a56-442c-af75-46252f5dc2de" />
    <UnitTestResult executionId="60c6da4f-ee84-41b3-8706-11ab6a3e286f" testId="3e7efb41-9631-9df0-70eb-f6bd078ef626" testName="TestPreviewImageEditor_CreatePenOverwritesPreviousPen" computerName="DKSR-EFI-04" duration="00:00:00.0011631" startTime="2023-12-22T09:33:25.1780891+01:00" endTime="2023-12-22T09:33:25.1780891+01:00" testType="13cdc9d9-ddb5-4fa4-a97d-d965ccfc6d4b" outcome="Passed" testListId="8c84fa94-04c1-424b-9868-57a2d4851a1d" relativeResultsDirectory="60c6da4f-ee84-41b3-8706-11ab6a3e286f" />
    <UnitTestResult executionId="6089f615-e38d-4294-8e14-1dd86e0fd729" testId="f9440018-3f05-25c4-2466-c0b847591a22" testName="DeviceStreamsPresenter_ValidateAndSave_MayHaveOldData_NotRecordingToSecondary_NoOldData" computerName="DKSR-EFI-04" duration="00:00:00.1378280" startTime="2023-12-22T09:33:28.3031027+01:00" endTime="2023-12-22T09:33:28.4437282+01:00" testType="13cdc9d9-ddb5-4fa4-a97d-d965ccfc6d4b" outcome="Passed" testListId="8c84fa94-04c1-424b-9868-57a2d4851a1d" relativeResultsDirectory="6089f615-e38d-4294-8e14-1dd86e0fd729" />
    <UnitTestResult executionId="f24586ec-0f8b-4462-b48e-bafedf3e33b8" testId="d3efadd8-95cd-1580-0927-a88a679218cb" testName="MayHaveOldData_Single_StreamAndTrack_None" computerName="DKSR-EFI-04" duration="00:00:00.0081082" startTime="2023-12-22T09:33:27.3030971+01:00" endTime="2023-12-22T09:33:27.3030971+01:00" testType="13cdc9d9-ddb5-4fa4-a97d-d965ccfc6d4b" outcome="Passed" testListId="8c84fa94-04c1-424b-9868-57a2d4851a1d" relativeResultsDirectory="f24586ec-0f8b-4462-b48e-bafedf3e33b8" />
    <UnitTestResult executionId="a90f7a1a-d265-4399-a9b9-0773c01aaee2" testId="0438abe8-4439-c3c9-60ea-78deff67b8aa" testName="TestPreviewImageEditor_RenderImageWithUnsupportedMask" computerName="DKSR-EFI-04" duration="00:00:00.0008933" startTime="2023-12-22T09:33:25.1624640+01:00" endTime="2023-12-22T09:33:25.1624640+01:00" testType="13cdc9d9-ddb5-4fa4-a97d-d965ccfc6d4b" outcome="Passed" testListId="8c84fa94-04c1-424b-9868-57a2d4851a1d" relativeResultsDirectory="a90f7a1a-d265-4399-a9b9-0773c01aaee2" />
    <UnitTestResult executionId="27cd0183-0fcb-487c-a49e-dca0c88bdebf" testId="205c44b8-741b-f6b2-a52e-5ae9760750da" testName="TestPreviewImageEditor_CreateGridWithoutPreviewImage" computerName="DKSR-EFI-04" duration="00:00:00.0014116" startTime="2023-12-22T09:33:25.0999629+01:00" endTime="2023-12-22T09:33:25.0999629+01:00" testType="13cdc9d9-ddb5-4fa4-a97d-d965ccfc6d4b" outcome="Passed" testListId="8c84fa94-04c1-424b-9868-57a2d4851a1d" relativeResultsDirectory="27cd0183-0fcb-487c-a49e-dca0c88bdebf" />
    <UnitTestResult executionId="86f20a74-c22b-48cb-9b6b-0d33ab0e2304" testId="1efa6998-b9f4-c890-919c-1266e785772c" testName="AddAppointmentConfiguration_ThrowsArgumentNullException_OnNullAsTable" computerName="DKSR-EFI-04" duration="00:00:00.0009777" startTime="2023-12-22T09:33:30.8499893+01:00" endTime="2023-12-22T09:33:30.8499893+01:00" testType="13cdc9d9-ddb5-4fa4-a97d-d965ccfc6d4b" outcome="Passed" testListId="8c84fa94-04c1-424b-9868-57a2d4851a1d" relativeResultsDirectory="86f20a74-c22b-48cb-9b6b-0d33ab0e2304">
      <Output>
        <StdOut>Debug Trace:&#xD;
Fail: Argument is null.</StdOut>
      </Output>
    </UnitTestResult>
    <UnitTestResult executionId="8b7b8330-033a-444f-b013-4d36e61c7a5e" testId="0058f803-7ee6-3257-54ef-5fae891b8cf0" testName="DeviceStreamsPresenter_Activate_DevicesSetToNull_AllDisabled" computerName="DKSR-EFI-04" duration="00:00:00.0227371" startTime="2023-12-22T09:33:28.0687297+01:00" endTime="2023-12-22T09:33:28.0999781+01:00" testType="13cdc9d9-ddb5-4fa4-a97d-d965ccfc6d4b" outcome="Passed" testListId="8c84fa94-04c1-424b-9868-57a2d4851a1d" relativeResultsDirectory="8b7b8330-033a-444f-b013-4d36e61c7a5e" />
    <UnitTestResult executionId="9c70f267-937c-4d49-879d-ea0dbe7da70d" testId="8a93785e-b67c-78df-ce08-d7a40c6a823a" testName="ConfigurationLookupHelperTest_TestSourceProviderGetAllfailoverServers_ResultWithServersWithDisabled" computerName="DKSR-EFI-04" duration="00:00:00.0011459" startTime="2023-12-22T09:33:32.0374965+01:00" endTime="2023-12-22T09:33:32.0374965+01:00" testType="13cdc9d9-ddb5-4fa4-a97d-d965ccfc6d4b" outcome="Passed" testListId="8c84fa94-04c1-424b-9868-57a2d4851a1d" relativeResultsDirectory="9c70f267-937c-4d49-879d-ea0dbe7da70d" />
    <UnitTestResult executionId="1266f5cf-07ca-4aa0-ba03-27e5e625da46" testId="50f5190c-77aa-73fd-8fa6-6084f385f6e3" testName="GetDailyPatternText_ThrowsArgumentNullException_OnNullAsRecurrence" computerName="DKSR-EFI-04" duration="00:00:00.0012816" startTime="2023-12-22T09:33:30.8187414+01:00" endTime="2023-12-22T09:33:30.8187414+01:00" testType="13cdc9d9-ddb5-4fa4-a97d-d965ccfc6d4b" outcome="Passed" testListId="8c84fa94-04c1-424b-9868-57a2d4851a1d" relativeResultsDirectory="1266f5cf-07ca-4aa0-ba03-27e5e625da46">
      <Output>
        <StdOut>Debug Trace:&#xD;
Fail: Argument is null.</StdOut>
      </Output>
    </UnitTestResult>
    <UnitTestResult executionId="4a9acf13-b568-45cf-8c40-5d4442d836e2" testId="5de9e7c2-cf27-73b7-c670-2d53060c1776" testName="DeviceStreamsPresenter_Activate_NotAllDevicesSupportStreams_AllDisabled" computerName="DKSR-EFI-04" duration="00:00:00.0107939" startTime="2023-12-22T09:33:28.0999781+01:00" endTime="2023-12-22T09:33:28.1156048+01:00" testType="13cdc9d9-ddb5-4fa4-a97d-d965ccfc6d4b" outcome="Passed" testListId="8c84fa94-04c1-424b-9868-57a2d4851a1d" relativeResultsDirectory="4a9acf13-b568-45cf-8c40-5d4442d836e2" />
    <UnitTestResult executionId="5dd55d3a-0355-4852-b00b-10f0cec59cc4" testId="c36390f4-3d98-5929-30ec-ae65368da11b" testName="PlatformTree_ToolTip_Blank" computerName="DKSR-EFI-04" duration="00:00:00.0003874" startTime="2023-12-22T09:33:37.0062702+01:00" endTime="2023-12-22T09:33:37.0062702+01:00" testType="13cdc9d9-ddb5-4fa4-a97d-d965ccfc6d4b" outcome="Passed" testListId="8c84fa94-04c1-424b-9868-57a2d4851a1d" relativeResultsDirectory="5dd55d3a-0355-4852-b00b-10f0cec59cc4" />
    <UnitTestResult executionId="48f7d001-50ec-4cec-92dc-062e55a53b9a" testId="177d3627-df9b-2bf0-2355-7c340f69220d" testName="ExecuteReplaceHardware_ThrowsArgumentNullException_OnNullAsLocals" computerName="DKSR-EFI-04" duration="00:00:00.0009984" startTime="2023-12-22T09:33:31.0218645+01:00" endTime="2023-12-22T09:33:31.0218645+01:00" testType="13cdc9d9-ddb5-4fa4-a97d-d965ccfc6d4b" outcome="Passed" testListId="8c84fa94-04c1-424b-9868-57a2d4851a1d" relativeResultsDirectory="48f7d001-50ec-4cec-92dc-062e55a53b9a">
      <Output>
        <StdOut>Debug Trace:&#xD;
Fail: Argument locals is null.</StdOut>
      </Output>
    </UnitTestResult>
    <UnitTestResult executionId="362bebbd-b77b-49ed-9aa9-b88db70febe1" testId="69c85b93-6859-1da4-27cb-3c2cd3053a10" testName="DeviceStreamsPresenter_ValidateAndSave_MayHaveOldData_RecordingToSecondary_HasOldData_Yes" computerName="DKSR-EFI-04" duration="00:00:00.0323012" startTime="2023-12-22T09:33:28.4749797+01:00" endTime="2023-12-22T09:33:28.5062305+01:00" testType="13cdc9d9-ddb5-4fa4-a97d-d965ccfc6d4b" outcome="Passed" testListId="8c84fa94-04c1-424b-9868-57a2d4851a1d" relativeResultsDirectory="362bebbd-b77b-49ed-9aa9-b88db70febe1" />
    <UnitTestResult executionId="1d9c27b2-d00a-4c59-92fe-400063d71f8f" testId="b451a66e-6907-9f0e-c2b9-29c121d49944" testName="AddAppointmentConfiguration_AddsRecurencePatternToTable_OnAppointmentWithRecurrenceYearly" computerName="DKSR-EFI-04" duration="00:00:00.0031139" startTime="2023-12-22T09:33:30.6624887+01:00" endTime="2023-12-22T09:33:30.6781169+01:00" testType="13cdc9d9-ddb5-4fa4-a97d-d965ccfc6d4b" outcome="Passed" testListId="8c84fa94-04c1-424b-9868-57a2d4851a1d" relativeResultsDirectory="1d9c27b2-d00a-4c59-92fe-400063d71f8f" />
    <UnitTestResult executionId="21c92ca0-a877-4ec2-8ff1-0e84ab1d4e65" testId="443d67b8-e23b-0f13-7f54-4950709f5f25" testName="AddpluginProperties_AddsHeader2_OnPluginWithNestedItems" computerName="DKSR-EFI-04" duration="00:00:00.0017091" startTime="2023-12-22T09:33:36.8500190+01:00" endTime="2023-12-22T09:33:36.8500190+01:00" testType="13cdc9d9-ddb5-4fa4-a97d-d965ccfc6d4b" outcome="Passed" testListId="8c84fa94-04c1-424b-9868-57a2d4851a1d" relativeResultsDirectory="21c92ca0-a877-4ec2-8ff1-0e84ab1d4e65" />
    <UnitTestResult executionId="ec00580c-9d21-4f7d-8c27-5c8d18f3a1eb" testId="91921f2f-5579-b93c-04e8-b92625907831" testName="Compare_Returns0_OnNullAsTagsAndUnexpectedNames" computerName="DKSR-EFI-04" duration="00:00:00.0002931" startTime="2023-12-22T09:33:30.1156107+01:00" endTime="2023-12-22T09:33:30.1156107+01:00" testType="13cdc9d9-ddb5-4fa4-a97d-d965ccfc6d4b" outcome="Passed" testListId="8c84fa94-04c1-424b-9868-57a2d4851a1d" relativeResultsDirectory="ec00580c-9d21-4f7d-8c27-5c8d18f3a1eb" />
    <UnitTestResult executionId="c8ebed91-cefa-4e78-8ca2-122e39f09b2a" testId="fdfab0bf-3e18-0233-5156-85cb86bbcb98" testName="SystemDashboard_TestExtensionMethodsCorrectlyResolvesCategory" computerName="DKSR-EFI-04" duration="00:00:00.0005785" startTime="2023-12-22T09:33:29.7406104+01:00" endTime="2023-12-22T09:33:29.7562366+01:00" testType="13cdc9d9-ddb5-4fa4-a97d-d965ccfc6d4b" outcome="Passed" testListId="8c84fa94-04c1-424b-9868-57a2d4851a1d" relativeResultsDirectory="c8ebed91-cefa-4e78-8ca2-122e39f09b2a" />
    <UnitTestResult executionId="8b21f7b1-04a1-40d6-89b3-e82e0605a767" testId="6409a730-a78d-db1f-453b-079e31e5d99c" testName="AddPluginRoles_ThrowsArgumentNullException_OnNullAsReport" computerName="DKSR-EFI-04" duration="00:00:00.0026490" startTime="2023-12-22T09:33:36.8656434+01:00" endTime="2023-12-22T09:33:36.8812711+01:00" testType="13cdc9d9-ddb5-4fa4-a97d-d965ccfc6d4b" outcome="Passed" testListId="8c84fa94-04c1-424b-9868-57a2d4851a1d" relativeResultsDirectory="8b21f7b1-04a1-40d6-89b3-e82e0605a767">
      <Output>
        <StdOut>Debug Trace:&#xD;
Fail: Argument is null.</StdOut>
      </Output>
    </UnitTestResult>
    <UnitTestResult executionId="a4a98d33-6b64-4f65-9b6a-62a9a08ea59d" testId="35ffa1c9-ba11-4e3f-2c66-a6646cb06b03" testName="ClientBasicUserCollection_ValidatePassword_PasswordsDoNotMatch" computerName="DKSR-EFI-04" duration="00:00:00.0001332" startTime="2023-12-22T09:33:24.8812111+01:00" endTime="2023-12-22T09:33:24.8812111+01:00" testType="13cdc9d9-ddb5-4fa4-a97d-d965ccfc6d4b" outcome="Passed" testListId="8c84fa94-04c1-424b-9868-57a2d4851a1d" relativeResultsDirectory="a4a98d33-6b64-4f65-9b6a-62a9a08ea59d" />
    <UnitTestResult executionId="40a01a2a-0589-4d91-8f84-36ff48f9287d" testId="6a5956a2-c4d2-d63c-41fc-3c6c32670a09" testName="TestCompositeGrid_SetRegionSetsTheRightCells" computerName="DKSR-EFI-04" duration="00:00:00.0043694" startTime="2023-12-22T09:33:32.0843714+01:00" endTime="2023-12-22T09:33:32.0843714+01:00" testType="13cdc9d9-ddb5-4fa4-a97d-d965ccfc6d4b" outcome="Passed" testListId="8c84fa94-04c1-424b-9868-57a2d4851a1d" relativeResultsDirectory="40a01a2a-0589-4d91-8f84-36ff48f9287d" />
    <UnitTestResult executionId="338278ee-ae5f-4077-aea2-78fb8d042c66" testId="f4fe30d8-81ff-91b6-381c-716ded86139d" testName="DirectionFieldOfViewDepthControls_ShouldNotBeVisible_WhenDeviceIsInput" computerName="DKSR-EFI-04" duration="00:00:00.0218754" startTime="2023-12-22T09:33:31.9593706+01:00" endTime="2023-12-22T09:33:31.9906209+01:00" testType="13cdc9d9-ddb5-4fa4-a97d-d965ccfc6d4b" outcome="Passed" testListId="8c84fa94-04c1-424b-9868-57a2d4851a1d" relativeResultsDirectory="338278ee-ae5f-4077-aea2-78fb8d042c66" />
    <UnitTestResult executionId="baee1505-ac4e-47d0-9a40-1c142a5f719f" testId="e419550c-f228-e320-39cd-e5cc15bd206b" testName="AutoDiscovery_HardwareSetupInfoManager_TaskThrowException" computerName="DKSR-EFI-04" duration="00:00:00.5488058" startTime="2023-12-22T09:33:32.1156223+01:00" endTime="2023-12-22T09:33:32.6781265+01:00" testType="13cdc9d9-ddb5-4fa4-a97d-d965ccfc6d4b" outcome="Passed" testListId="8c84fa94-04c1-424b-9868-57a2d4851a1d" relativeResultsDirectory="baee1505-ac4e-47d0-9a40-1c142a5f719f" />
  </Results>
  <TestDefinitions>
    <UnitTest name="SystemDashboard_TestExtensionMethodsCorrectlyResolvesCategory" storage="d:\actions-runner\_work\xpco\xpco\corporate\videoos.administration.addin.unittests\bin\x64\debug\videoos.administration.addin.unittests.dll" id="56af3ff4-df9a-1400-5c85-ca0175f3d2f2">
      <Execution id="88a17448-f314-410a-8e73-476061740897" />
      <TestMethod codeBase="D:\actions-runner\_work\XPCO\XPCO\Corporate\VideoOS.Administration.AddIn.UnitTests\bin\x64\Debug\VideoOS.Administration.AddIn.UnitTests.dll" adapterTypeName="executor://mstestadapter/v2" className="VideoOS.Administration.AddIn.UnitTests.SystemsDashboardExtensionsTest" name="SystemDashboard_TestExtensionMethodsCorrectlyResolvesCategory" />
    </UnitTest>
    <UnitTest name="TestCompositeGrid_ClearRegionClearsTheRightCells" storage="d:\actions-runner\_work\xpco\xpco\corporate\videoos.administration.addin.unittests\bin\x64\debug\videoos.administration.addin.unittests.dll" id="1a25d0f4-5d08-a936-d313-a4a67de0d687">
      <Execution id="ba763dde-901d-41cf-a5ae-4c13b54906e5" />
      <TestMethod codeBase="D:\actions-runner\_work\XPCO\XPCO\Corporate\VideoOS.Administration.AddIn.UnitTests\bin\x64\Debug\VideoOS.Administration.AddIn.UnitTests.dll" adapterTypeName="executor://mstestadapter/v2" className="VideoOS.Administration.AddIn.UnitTests.RecorderAddIn.PrivacyProtectionHelpers.CompositeGridTests" name="TestCompositeGrid_ClearRegionClearsTheRightCells" />
    </UnitTest>
    <UnitTest name="MatchDevices_OldDeviceIsNotSameType_ShouldNotDoAMapping" storage="d:\actions-runner\_work\xpco\xpco\corporate\videoos.administration.addin.unittests\bin\x64\debug\videoos.administration.addin.unittests.dll" id="609020b8-93d4-48eb-f83d-82e6dd75431d">
      <Execution id="9bb9069a-8972-445d-8ca3-faade3b8060e" />
      <TestMethod codeBase="D:\actions-runner\_work\XPCO\XPCO\Corporate\VideoOS.Administration.AddIn.UnitTests\bin\x64\Debug\VideoOS.Administration.AddIn.UnitTests.dll" adapterTypeName="executor://mstestadapter/v2" className="VideoOS.Administration.AddIn.UnitTests.RecorderAddIn.ReplaceHardware.HardwareMapperTests" name="MatchDevices_OldDeviceIsNotSameType_ShouldNotDoAMapping" />
    </UnitTest>
    <UnitTest name="DevicePositionWithCoordinates_ShouldBeVisible_WhenDeviceIsCamera" storage="d:\actions-runner\_work\xpco\xpco\corporate\videoos.administration.addin.unittests\bin\x64\debug\videoos.administration.addin.unittests.dll" id="cbc6e47f-7fee-cb6a-5700-5eccce3b02a3">
      <Execution id="6dc27b59-31a5-4ac0-8ca0-866e0cadc828" />
      <TestMethod codeBase="D:\actions-runner\_work\XPCO\XPCO\Corporate\VideoOS.Administration.AddIn.UnitTests\bin\x64\Debug\VideoOS.Administration.AddIn.UnitTests.dll" adapterTypeName="executor://mstestadapter/v2" className="VideoOS.Administration.AddIn.UnitTests.UserControlDeviceInfoTests" name="DevicePositionWithCoordinates_ShouldBeVisible_WhenDeviceIsCamera" />
    </UnitTest>
    <UnitTest name="AddpluginProperties_AddsHeading2_OnPluginWithNestedItems" storage="d:\actions-runner\_work\xpco\xpco\corporate\videoos.administration.addin.unittests\bin\x64\debug\videoos.administration.addin.unittests.dll" id="3a8e1017-0d51-ce6c-52e9-8305badaada1">
      <TestCategory>
        <TestCategoryItem TestCategory="Platform" />
      </TestCategory>
      <Execution id="ca66161f-64f3-4d8a-9678-7f2a9054c7d9" />
      <TestMethod codeBase="D:\actions-runner\_work\XPCO\XPCO\Corporate\VideoOS.Administration.AddIn.UnitTests\bin\x64\Debug\VideoOS.Administration.AddIn.UnitTests.dll" adapterTypeName="executor://mstestadapter/v2" className="VideoOS.Administration.AddIn.UnitTests.PlatformAddin.PlatformConfigReportTests" name="AddpluginProperties_AddsHeading2_OnPluginWithNestedItems" />
    </UnitTest>
    <UnitTest name="DeviceStreamsPresenter_ValidateAndSave_MayHaveOldData_RecordingToSecondary_HasOldData_Cancel" storage="d:\actions-runner\_work\xpco\xpco\corporate\videoos.administration.addin.unittests\bin\x64\debug\videoos.administration.addin.unittests.dll" id="b2ad83b7-2e90-ae72-fc64-fb1c022d591e">
      <Execution id="9021fb1f-1f8e-444c-ad76-62c0d8cadd64" />
      <TestMethod codeBase="D:\actions-runner\_work\XPCO\XPCO\Corporate\VideoOS.Administration.AddIn.UnitTests\bin\x64\Debug\VideoOS.Administration.AddIn.UnitTests.dll" adapterTypeName="executor://mstestadapter/v2" className="VideoOS.Administration.AddIn.UnitTests.DeviceStreamsPresenterTests" name="DeviceStreamsPresenter_ValidateAndSave_MayHaveOldData_RecordingToSecondary_HasOldData_Cancel" />
    </UnitTest>
    <UnitTest name="PlatformTree_GetPropertyDisableState_IsDisabledWithYes" storage="d:\actions-runner\_work\xpco\xpco\corporate\videoos.administration.addin.unittests\bin\x64\debug\videoos.administration.addin.unittests.dll" id="423d0959-f82e-bbae-7a54-488500a6c350">
      <TestCategory>
        <TestCategoryItem TestCategory="PlatformTree" />
      </TestCategory>
      <Execution id="6ea3973f-d036-423a-b514-fafaa1d4e6aa" />
      <TestMethod codeBase="D:\actions-runner\_work\XPCO\XPCO\Corporate\VideoOS.Administration.AddIn.UnitTests\bin\x64\Debug\VideoOS.Administration.AddIn.UnitTests.dll" adapterTypeName="executor://mstestadapter/v2" className="VideoOS.Administration.AddIn.UnitTests.PlatformAddin.PlatformTreeTest" name="PlatformTree_GetPropertyDisableState_IsDisabledWithYes" />
    </UnitTest>
    <UnitTest name="SystemDashboard_TestExtensionMethodsReturnsAllServerGroupings" storage="d:\actions-runner\_work\xpco\xpco\corporate\videoos.administration.addin.unittests\bin\x64\debug\videoos.administration.addin.unittests.dll" id="9ec4b0d4-9ad8-32ab-1fa2-78b17c347e87">
      <Execution id="cd22eff7-aaea-4794-bc27-e05695d0dc2d" />
      <TestMethod codeBase="D:\actions-runner\_work\XPCO\XPCO\Corporate\VideoOS.Administration.AddIn.UnitTests\bin\x64\Debug\VideoOS.Administration.AddIn.UnitTests.dll" adapterTypeName="executor://mstestadapter/v2" className="VideoOS.Administration.AddIn.UnitTests.SystemsDashboardExtensionsTest" name="SystemDashboard_TestExtensionMethodsReturnsAllServerGroupings" />
    </UnitTest>
    <UnitTest name="AutoDiscovery_HardwareSetupInfoManager_ProcessTasksResults_Success_Default" storage="d:\actions-runner\_work\xpco\xpco\corporate\videoos.administration.addin.unittests\bin\x64\debug\videoos.administration.addin.unittests.dll" id="e1de146d-0315-4d50-2d29-c81b4f938225">
      <TestCategory>
        <TestCategoryItem TestCategory="AutoDiscovery_HardwareSetupInfoManager" />
      </TestCategory>
      <Execution id="cf54cb83-ff7d-44ca-9d3e-616d1bb55c39" />
      <TestMethod codeBase="D:\actions-runner\_work\XPCO\XPCO\Corporate\VideoOS.Administration.AddIn.UnitTests\bin\x64\Debug\VideoOS.Administration.AddIn.UnitTests.dll" adapterTypeName="executor://mstestadapter/v2" className="VideoOS.Administration.AddIn.UnitTests.RecorderAddIn.HardwareLocator.AutoDiscovery_HardwareSetupInfoManagerUnittest" name="AutoDiscovery_HardwareSetupInfoManager_ProcessTasksResults_Success_Default" />
    </UnitTest>
    <UnitTest name="DeviceStreamsPresenter_StreamGridCellChange_ChangeprimaryStream_NotAllowed" storage="d:\actions-runner\_work\xpco\xpco\corporate\videoos.administration.addin.unittests\bin\x64\debug\videoos.administration.addin.unittests.dll" id="8ef95593-692e-4744-9e3b-63c07b13acca">
      <Execution id="bb2efd39-e9fc-4fdb-82c3-54c9f5c3bc88" />
      <TestMethod codeBase="D:\actions-runner\_work\XPCO\XPCO\Corporate\VideoOS.Administration.AddIn.UnitTests\bin\x64\Debug\VideoOS.Administration.AddIn.UnitTests.dll" adapterTypeName="executor://mstestadapter/v2" className="VideoOS.Administration.AddIn.UnitTests.DeviceStreamsPresenterTests" name="DeviceStreamsPresenter_StreamGridCellChange_ChangeprimaryStream_NotAllowed" />
    </UnitTest>
    <UnitTest name="AddAppointmentConfiguration_DoesNotChangeTable_OnAppointmentWithRecurrence" storage="d:\actions-runner\_work\xpco\xpco\corporate\videoos.administration.addin.unittests\bin\x64\debug\videoos.administration.addin.unittests.dll" id="afad45a8-44b0-6a4f-cb1c-e80558b45d48">
      <TestCategory>
        <TestCategoryItem TestCategory="Time profile" />
      </TestCategory>
      <Execution id="ce0c7aa0-e947-4796-8d72-9150be0f269c" />
      <TestMethod codeBase="D:\actions-runner\_work\XPCO\XPCO\Corporate\VideoOS.Administration.AddIn.UnitTests\bin\x64\Debug\VideoOS.Administration.AddIn.UnitTests.dll" adapterTypeName="executor://mstestadapter/v2" className="VideoOS.Administration.AddIn.UnitTests.DialogSelectSingleTimeTests" name="AddAppointmentConfiguration_DoesNotChangeTable_OnAppointmentWithRecurrence" />
    </UnitTest>
    <UnitTest name="SystemDashboard_TestExtensionMethodsReturnsAllServerGroupings" storage="d:\actions-runner\_work\xpco\xpco\corporate\videoos.administration.addin.unittests\bin\x64\debug\videoos.administration.addin.unittests.dll" id="f3b71662-5e08-c3cc-b6ca-65a4fdb93aab">
      <Execution id="377f9c27-9f32-4d62-99b8-93b40e65793f" />
      <TestMethod codeBase="D:\actions-runner\_work\XPCO\XPCO\Corporate\VideoOS.Administration.AddIn.UnitTests\bin\x64\Debug\VideoOS.Administration.AddIn.UnitTests.dll" adapterTypeName="executor://mstestadapter/v2" className="VideoOS.Administration.AddIn.UnitTests.SystemDashboardDataProviderTests" name="SystemDashboard_TestExtensionMethodsReturnsAllServerGroupings" />
    </UnitTest>
    <UnitTest name="ServerPickerXmlConverter_ConvertFromXml_Success" storage="d:\actions-runner\_work\xpco\xpco\corporate\videoos.administration.addin.unittests\bin\x64\debug\videoos.administration.addin.unittests.dll" id="8b267344-1f62-9889-3188-a6f2b5e607b7">
      <Execution id="8dddbd70-fc5b-466f-b2b3-2756e9aaa9e0" />
      <TestMethod codeBase="D:\actions-runner\_work\XPCO\XPCO\Corporate\VideoOS.Administration.AddIn.UnitTests\bin\x64\Debug\VideoOS.Administration.AddIn.UnitTests.dll" adapterTypeName="executor://mstestadapter/v2" className="VideoOS.Administration.AddIn.UnitTests.Pickers.ServerPickerXmlConverterTest" name="ServerPickerXmlConverter_ConvertFromXml_Success" />
    </UnitTest>
    <UnitTest name="TestCompositeGrid_SetMasksPopulatesMaskCells" storage="d:\actions-runner\_work\xpco\xpco\corporate\videoos.administration.addin.unittests\bin\x64\debug\videoos.administration.addin.unittests.dll" id="a539a26d-f2fe-fe9d-67c9-e42d10dc11d9">
      <Execution id="1a937ed1-ff06-4425-ba7d-3795bc56d0d4" />
      <TestMethod codeBase="D:\actions-runner\_work\XPCO\XPCO\Corporate\VideoOS.Administration.AddIn.UnitTests\bin\x64\Debug\VideoOS.Administration.AddIn.UnitTests.dll" adapterTypeName="executor://mstestadapter/v2" className="VideoOS.Administration.AddIn.UnitTests.RecorderAddIn.PrivacyProtectionHelpers.CompositeGridTests" name="TestCompositeGrid_SetMasksPopulatesMaskCells" />
    </UnitTest>
    <UnitTest name="DirectionFieldOfViewDepthControls_ShouldBeVisible_WhenDeviceIsCamera" storage="d:\actions-runner\_work\xpco\xpco\corporate\videoos.administration.addin.unittests\bin\x64\debug\videoos.administration.addin.unittests.dll" id="b0035aff-0a64-7183-8033-0d6eed9b36c2">
      <Execution id="8f20fb43-d8b2-4855-9e46-cc7a4606eac7" />
      <TestMethod codeBase="D:\actions-runner\_work\XPCO\XPCO\Corporate\VideoOS.Administration.AddIn.UnitTests\bin\x64\Debug\VideoOS.Administration.AddIn.UnitTests.dll" adapterTypeName="executor://mstestadapter/v2" className="VideoOS.Administration.AddIn.UnitTests.UserControlDeviceInfoTests" name="DirectionFieldOfViewDepthControls_ShouldBeVisible_WhenDeviceIsCamera" />
    </UnitTest>
    <UnitTest name="AddPluginRoles_ThrowsArgumentNullException_OnNullAsPlugin" storage="d:\actions-runner\_work\xpco\xpco\corporate\videoos.administration.addin.unittests\bin\x64\debug\videoos.administration.addin.unittests.dll" id="85c48bc5-ebdd-89d0-9036-49258a1d39d0">
      <TestCategory>
        <TestCategoryItem TestCategory="Platform" />
      </TestCategory>
      <Execution id="db948608-d87b-49a2-a096-ec06edff2461" />
      <TestMethod codeBase="D:\actions-runner\_work\XPCO\XPCO\Corporate\VideoOS.Administration.AddIn.UnitTests\bin\x64\Debug\VideoOS.Administration.AddIn.UnitTests.dll" adapterTypeName="executor://mstestadapter/v2" className="VideoOS.Administration.AddIn.UnitTests.PlatformAddin.PlatformConfigReportTests" name="AddPluginRoles_ThrowsArgumentNullException_OnNullAsPlugin" />
    </UnitTest>
    <UnitTest name="ClientBasicUserCollection_ValidateBasicUser_PasswordsDoNotMatch" storage="d:\actions-runner\_work\xpco\xpco\corporate\videoos.administration.addin.unittests\bin\x64\debug\videoos.administration.addin.unittests.dll" id="c3daa3bb-63f2-57a5-abd0-5c64029f3945">
      <Execution id="38421598-6754-42ef-b988-8b3bbd1a2aa1" />
      <TestMethod codeBase="D:\actions-runner\_work\XPCO\XPCO\Corporate\VideoOS.Administration.AddIn.UnitTests\bin\x64\Debug\VideoOS.Administration.AddIn.UnitTests.dll" adapterTypeName="executor://mstestadapter/v2" className="VideoOS.Administration.AddIn.UnitTests.DialogNewBasicUserTest" name="ClientBasicUserCollection_ValidateBasicUser_PasswordsDoNotMatch" />
    </UnitTest>
    <UnitTest name="ConfigurationLookupHelperTest_TestSourceProviderGetAllfailoverServers_ResultWithServersOnlyEnabled" storage="d:\actions-runner\_work\xpco\xpco\corporate\videoos.administration.addin.unittests\bin\x64\debug\videoos.administration.addin.unittests.dll" id="e7bff3a4-3778-0185-da6a-cc55a6beedae">
      <Execution id="e44b4b6e-994f-4db5-99b9-8ebe478d725c" />
      <TestMethod codeBase="D:\actions-runner\_work\XPCO\XPCO\Corporate\VideoOS.Administration.AddIn.UnitTests\bin\x64\Debug\VideoOS.Administration.AddIn.UnitTests.dll" adapterTypeName="executor://mstestadapter/v2" className="VideoOS.Administration.AddIn.UnitTests.SystemMonitorDashboard.ConfigurationLookupHelperTest" name="ConfigurationLookupHelperTest_TestSourceProviderGetAllfailoverServers_ResultWithServersOnlyEnabled" />
    </UnitTest>
    <UnitTest name="TestPreviewImageEditor_CreateGridWithoutPreviewImage" storage="d:\actions-runner\_work\xpco\xpco\corporate\videoos.administration.addin.unittests\bin\x64\debug\videoos.administration.addin.unittests.dll" id="205c44b8-741b-f6b2-a52e-5ae9760750da">
      <Execution id="27cd0183-0fcb-487c-a49e-dca0c88bdebf" />
      <TestMethod codeBase="D:\actions-runner\_work\XPCO\XPCO\Corporate\VideoOS.Administration.AddIn.UnitTests\bin\x64\Debug\VideoOS.Administration.AddIn.UnitTests.dll" adapterTypeName="executor://mstestadapter/v2" className="VideoOS.Administration.AddIn.UnitTests.PreviewImageEditorTests" name="TestPreviewImageEditor_CreateGridWithoutPreviewImage" />
    </UnitTest>
    <UnitTest name="TestPreviewImageEditor_CreatePenImageWithPreviewImageWithGrid" storage="d:\actions-runner\_work\xpco\xpco\corporate\videoos.administration.addin.unittests\bin\x64\debug\videoos.administration.addin.unittests.dll" id="34021b18-ba6c-db12-002b-2d5c139a7d84">
      <Execution id="1c946d60-eb39-48bb-bcd8-dddef5dc2cf4" />
      <TestMethod codeBase="D:\actions-runner\_work\XPCO\XPCO\Corporate\VideoOS.Administration.AddIn.UnitTests\bin\x64\Debug\VideoOS.Administration.AddIn.UnitTests.dll" adapterTypeName="executor://mstestadapter/v2" className="VideoOS.Administration.AddIn.UnitTests.PreviewImageEditorTests" name="TestPreviewImageEditor_CreatePenImageWithPreviewImageWithGrid" />
    </UnitTest>
    <UnitTest name="PlatformTree_ToolTip_HasText" storage="d:\actions-runner\_work\xpco\xpco\corporate\videoos.administration.addin.unittests\bin\x64\debug\videoos.administration.addin.unittests.dll" id="d8b5a97c-c4a4-b191-75bc-2aac0600303f">
      <TestCategory>
        <TestCategoryItem TestCategory="PlatformTree" />
      </TestCategory>
      <Execution id="ba130e8c-6f18-47e0-9c5b-446a479bb786" />
      <TestMethod codeBase="D:\actions-runner\_work\XPCO\XPCO\Corporate\VideoOS.Administration.AddIn.UnitTests\bin\x64\Debug\VideoOS.Administration.AddIn.UnitTests.dll" adapterTypeName="executor://mstestadapter/v2" className="VideoOS.Administration.AddIn.UnitTests.PlatformAddin.PlatformTreeTest" name="PlatformTree_ToolTip_HasText" />
    </UnitTest>
    <UnitTest name="AddOptionsDialogPlugin_ThrowsArgumentNullException_OnNullAsOptionsPlugin" storage="d:\actions-runner\_work\xpco\xpco\corporate\videoos.administration.addin.unittests\bin\x64\debug\videoos.administration.addin.unittests.dll" id="da7c98aa-1ebe-36e9-d686-cfd1c29f699f">
      <TestCategory>
        <TestCategoryItem TestCategory="Platform" />
      </TestCategory>
      <Execution id="787150c2-afa7-4e64-a78e-e4e3e2d8bd18" />
      <TestMethod codeBase="D:\actions-runner\_work\XPCO\XPCO\Corporate\VideoOS.Administration.AddIn.UnitTests\bin\x64\Debug\VideoOS.Administration.AddIn.UnitTests.dll" adapterTypeName="executor://mstestadapter/v2" className="VideoOS.Administration.AddIn.UnitTests.PlatformAddin.PlatformConfigReportTests" name="AddOptionsDialogPlugin_ThrowsArgumentNullException_OnNullAsOptionsPlugin" />
    </UnitTest>
    <UnitTest name="RecursiveFindFirstDeviceInDeviceGroup_FindsDevice_InSubGroup" storage="d:\actions-runner\_work\xpco\xpco\corporate\videoos.administration.addin.unittests\bin\x64\debug\videoos.administration.addin.unittests.dll" id="a259bf75-7269-f535-97b0-91a8c4089edd">
      <TestCategory>
        <TestCategoryItem TestCategory="Pickers" />
      </TestCategory>
      <Execution id="407351c4-d228-44a4-9699-c5aec55c1493" />
      <TestMethod codeBase="D:\actions-runner\_work\XPCO\XPCO\Corporate\VideoOS.Administration.AddIn.UnitTests\bin\x64\Debug\VideoOS.Administration.AddIn.UnitTests.dll" adapterTypeName="executor://mstestadapter/v2" className="VideoOS.Administration.AddIn.UnitTests.PickerSettingsTests" name="RecursiveFindFirstDeviceInDeviceGroup_FindsDevice_InSubGroup" />
    </UnitTest>
    <UnitTest name="TestPreviewImageEditor_CreatePenOverwritesPreviousPen" storage="d:\actions-runner\_work\xpco\xpco\corporate\videoos.administration.addin.unittests\bin\x64\debug\videoos.administration.addin.unittests.dll" id="3e7efb41-9631-9df0-70eb-f6bd078ef626">
      <Execution id="60c6da4f-ee84-41b3-8706-11ab6a3e286f" />
      <TestMethod codeBase="D:\actions-runner\_work\XPCO\XPCO\Corporate\VideoOS.Administration.AddIn.UnitTests\bin\x64\Debug\VideoOS.Administration.AddIn.UnitTests.dll" adapterTypeName="executor://mstestadapter/v2" className="VideoOS.Administration.AddIn.UnitTests.PreviewImageEditorTests" name="TestPreviewImageEditor_CreatePenOverwritesPreviousPen" />
    </UnitTest>
    <UnitTest name="TestOneRemovableWithMotion" storage="d:\actions-runner\_work\xpco\xpco\corporate\videoos.administration.addin.unittests\bin\x64\debug\videoos.administration.addin.unittests.dll" id="d87943c2-f834-070b-282c-eacad2ab688c">
      <Execution id="bc4c3a54-3b1c-442f-a3b0-2ff93826412f" />
      <TestMethod codeBase="D:\actions-runner\_work\XPCO\XPCO\Corporate\VideoOS.Administration.AddIn.UnitTests\bin\x64\Debug\VideoOS.Administration.AddIn.UnitTests.dll" adapterTypeName="executor://mstestadapter/v2" className="VideoOS.Administration.AddIn.UnitTests.PrivacyProtectionValidatorTests" name="TestOneRemovableWithMotion" />
    </UnitTest>
    <UnitTest name="DeviceStreamsPresenter_RefreshData_DifferentStreamValues_ShowsTriState" storage="d:\actions-runner\_work\xpco\xpco\corporate\videoos.administration.addin.unittests\bin\x64\debug\videoos.administration.addin.unittests.dll" id="aa7aab18-444b-15c3-320f-2524528aedca">
      <Execution id="4949111f-c6c1-4b99-a9e5-b82b3ac5b50c" />
      <TestMethod codeBase="D:\actions-runner\_work\XPCO\XPCO\Corporate\VideoOS.Administration.AddIn.UnitTests\bin\x64\Debug\VideoOS.Administration.AddIn.UnitTests.dll" adapterTypeName="executor://mstestadapter/v2" className="VideoOS.Administration.AddIn.UnitTests.DeviceStreamsPresenterTests" name="DeviceStreamsPresenter_RefreshData_DifferentStreamValues_ShowsTriState" />
    </UnitTest>
    <UnitTest name="DeviceStreamsPresenter_StreamGridCellChange_SelectRecordToSecondaryWithoutPrimary_NotAllowed" storage="d:\actions-runner\_work\xpco\xpco\corporate\videoos.administration.addin.unittests\bin\x64\debug\videoos.administration.addin.unittests.dll" id="6e5313e3-85cd-2b26-05f8-a3e6e87d3022">
      <Execution id="ecb0beab-f56f-450b-b80c-fd679ae3746e" />
      <TestMethod codeBase="D:\actions-runner\_work\XPCO\XPCO\Corporate\VideoOS.Administration.AddIn.UnitTests\bin\x64\Debug\VideoOS.Administration.AddIn.UnitTests.dll" adapterTypeName="executor://mstestadapter/v2" className="VideoOS.Administration.AddIn.UnitTests.DeviceStreamsPresenterTests" name="DeviceStreamsPresenter_StreamGridCellChange_SelectRecordToSecondaryWithoutPrimary_NotAllowed" />
    </UnitTest>
    <UnitTest name="GetDisplayString_ReturnsHourAndMinutePartOfTimeString_OnProperlyFormatedTimeString" storage="d:\actions-runner\_work\xpco\xpco\corporate\videoos.administration.addin.unittests\bin\x64\debug\videoos.administration.addin.unittests.dll" id="fdbaf56a-5bc5-416b-fa57-9c223bbbe13e">
      <TestCategory>
        <TestCategoryItem TestCategory="Pickers" />
      </TestCategory>
      <Execution id="18077ce8-efb4-46b5-818b-e5a2fd30c7e2" />
      <TestMethod codeBase="D:\actions-runner\_work\XPCO\XPCO\Corporate\VideoOS.Administration.AddIn.UnitTests\bin\x64\Debug\VideoOS.Administration.AddIn.UnitTests.dll" adapterTypeName="executor://mstestadapter/v2" className="VideoOS.Administration.AddIn.UnitTests.Pickers.PickerTimeOfDayTests" name="GetDisplayString_ReturnsHourAndMinutePartOfTimeString_OnProperlyFormatedTimeString" />
    </UnitTest>
    <UnitTest name="AddOptionsDialogProperties_AddsDifferentTable_OnPropertiesWithNotSameKeys" storage="d:\actions-runner\_work\xpco\xpco\corporate\videoos.administration.addin.unittests\bin\x64\debug\videoos.administration.addin.unittests.dll" id="2d26ee27-05eb-1568-69f4-f42799c9a19e">
      <TestCategory>
        <TestCategoryItem TestCategory="Platform" />
      </TestCategory>
      <Execution id="4d9e15f6-d7fc-4729-a907-84fe80b5f288" />
      <TestMethod codeBase="D:\actions-runner\_work\XPCO\XPCO\Corporate\VideoOS.Administration.AddIn.UnitTests\bin\x64\Debug\VideoOS.Administration.AddIn.UnitTests.dll" adapterTypeName="executor://mstestadapter/v2" className="VideoOS.Administration.AddIn.UnitTests.PlatformAddin.PlatformConfigReportTests" name="AddOptionsDialogProperties_AddsDifferentTable_OnPropertiesWithNotSameKeys" />
    </UnitTest>
    <UnitTest name="DeviceStreamsPresenter_InitializeStreamGridLayout_FeatureMissing_MultistreamRecording_Success" storage="d:\actions-runner\_work\xpco\xpco\corporate\videoos.administration.addin.unittests\bin\x64\debug\videoos.administration.addin.unittests.dll" id="05a00ee4-7a4d-ac83-34a5-cf512c0b0b96">
      <Execution id="3aa76f59-e3b0-4907-b993-4a9f98d8eccb" />
      <TestMethod codeBase="D:\actions-runner\_work\XPCO\XPCO\Corporate\VideoOS.Administration.AddIn.UnitTests\bin\x64\Debug\VideoOS.Administration.AddIn.UnitTests.dll" adapterTypeName="executor://mstestadapter/v2" className="VideoOS.Administration.AddIn.UnitTests.DeviceStreamsPresenterTests" name="DeviceStreamsPresenter_InitializeStreamGridLayout_FeatureMissing_MultistreamRecording_Success" />
    </UnitTest>
    <UnitTest name="PlatformTree_GetPropertyDisableState_IsEnabledWithTrue" storage="d:\actions-runner\_work\xpco\xpco\corporate\videoos.administration.addin.unittests\bin\x64\debug\videoos.administration.addin.unittests.dll" id="6c8206a6-76e4-da8d-7694-d5c127025a20">
      <TestCategory>
        <TestCategoryItem TestCategory="PlatformTree" />
      </TestCategory>
      <Execution id="538d69ff-eaf0-44b3-b035-5e8e6a109d49" />
      <TestMethod codeBase="D:\actions-runner\_work\XPCO\XPCO\Corporate\VideoOS.Administration.AddIn.UnitTests\bin\x64\Debug\VideoOS.Administration.AddIn.UnitTests.dll" adapterTypeName="executor://mstestadapter/v2" className="VideoOS.Administration.AddIn.UnitTests.PlatformAddin.PlatformTreeTest" name="PlatformTree_GetPropertyDisableState_IsEnabledWithTrue" />
    </UnitTest>
    <UnitTest name="Constructor_ThrowsArgumentNullException_OnNullAsUiSetting" storage="d:\actions-runner\_work\xpco\xpco\corporate\videoos.administration.addin.unittests\bin\x64\debug\videoos.administration.addin.unittests.dll" id="5f6f4ffa-af7a-85f4-ed87-e5d7524e3550">
      <TestCategory>
        <TestCategoryItem TestCategory="Report?" />
      </TestCategory>
      <Execution id="9c980256-111c-4b15-a66c-9313de995cbf" />
      <TestMethod codeBase="D:\actions-runner\_work\XPCO\XPCO\Corporate\VideoOS.Administration.AddIn.UnitTests\bin\x64\Debug\VideoOS.Administration.AddIn.UnitTests.dll" adapterTypeName="executor://mstestadapter/v2" className="VideoOS.Administration.AddIn.UnitTests.ClientProfileSettingReportEntryTests" name="Constructor_ThrowsArgumentNullException_OnNullAsUiSetting" />
    </UnitTest>
    <UnitTest name="AddOptionsDialogProperties_GetsPropertiesFromOptionsPlugin_OnExistingSections" storage="d:\actions-runner\_work\xpco\xpco\corporate\videoos.administration.addin.unittests\bin\x64\debug\videoos.administration.addin.unittests.dll" id="fe94e50d-5f10-f617-1695-551f3ed53b35">
      <TestCategory>
        <TestCategoryItem TestCategory="Platform" />
      </TestCategory>
      <Execution id="70dcd647-7419-44a7-ab3c-a43b13daf846" />
      <TestMethod codeBase="D:\actions-runner\_work\XPCO\XPCO\Corporate\VideoOS.Administration.AddIn.UnitTests\bin\x64\Debug\VideoOS.Administration.AddIn.UnitTests.dll" adapterTypeName="executor://mstestadapter/v2" className="VideoOS.Administration.AddIn.UnitTests.PlatformAddin.PlatformConfigReportTests" name="AddOptionsDialogProperties_GetsPropertiesFromOptionsPlugin_OnExistingSections" />
    </UnitTest>
    <UnitTest name="ClientBasicUserCollection_ValidateBasicUser_PasswordEmpty" storage="d:\actions-runner\_work\xpco\xpco\corporate\videoos.administration.addin.unittests\bin\x64\debug\videoos.administration.addin.unittests.dll" id="1aa147f2-e102-9aaa-e9f8-44c7e878bb61">
      <Execution id="77146c84-d029-4956-b356-80e1be1d30c4" />
      <TestMethod codeBase="D:\actions-runner\_work\XPCO\XPCO\Corporate\VideoOS.Administration.AddIn.UnitTests\bin\x64\Debug\VideoOS.Administration.AddIn.UnitTests.dll" adapterTypeName="executor://mstestadapter/v2" className="VideoOS.Administration.AddIn.UnitTests.DialogNewBasicUserTest" name="ClientBasicUserCollection_ValidateBasicUser_PasswordEmpty" />
    </UnitTest>
    <UnitTest name="TestCompositeGrid_InitializedWithNoMethodsHasNoCells" storage="d:\actions-runner\_work\xpco\xpco\corporate\videoos.administration.addin.unittests\bin\x64\debug\videoos.administration.addin.unittests.dll" id="d05060fe-2d33-d934-bbb6-c0108725388a">
      <Execution id="2e6b4023-5bc3-4521-bfe4-3a5dbfd21f90" />
      <TestMethod codeBase="D:\actions-runner\_work\XPCO\XPCO\Corporate\VideoOS.Administration.AddIn.UnitTests\bin\x64\Debug\VideoOS.Administration.AddIn.UnitTests.dll" adapterTypeName="executor://mstestadapter/v2" className="VideoOS.Administration.AddIn.UnitTests.RecorderAddIn.PrivacyProtectionHelpers.CompositeGridTests" name="TestCompositeGrid_InitializedWithNoMethodsHasNoCells" />
    </UnitTest>
    <UnitTest name="AddAppointmentConfiguration_DoesNotChangeTable_OnAppointmentWithVariance" storage="d:\actions-runner\_work\xpco\xpco\corporate\videoos.administration.addin.unittests\bin\x64\debug\videoos.administration.addin.unittests.dll" id="d6b1f0a3-8492-3235-db6f-76c7ca864e4b">
      <TestCategory>
        <TestCategoryItem TestCategory="Time profile" />
      </TestCategory>
      <Execution id="2fcbd4b3-06a0-44c8-8653-7480f822916b" />
      <TestMethod codeBase="D:\actions-runner\_work\XPCO\XPCO\Corporate\VideoOS.Administration.AddIn.UnitTests\bin\x64\Debug\VideoOS.Administration.AddIn.UnitTests.dll" adapterTypeName="executor://mstestadapter/v2" className="VideoOS.Administration.AddIn.UnitTests.DialogSelectSingleTimeTests" name="AddAppointmentConfiguration_DoesNotChangeTable_OnAppointmentWithVariance" />
    </UnitTest>
    <UnitTest name="TestPreviewImageEditor_GetRenderedImageWithoutPreviewImage" storage="d:\actions-runner\_work\xpco\xpco\corporate\videoos.administration.addin.unittests\bin\x64\debug\videoos.administration.addin.unittests.dll" id="33b61c67-5ec6-6bc8-3deb-30367c0dcdbc">
      <Execution id="5affe64c-2cc0-4d0e-a636-a75e1b6aae45" />
      <TestMethod codeBase="D:\actions-runner\_work\XPCO\XPCO\Corporate\VideoOS.Administration.AddIn.UnitTests\bin\x64\Debug\VideoOS.Administration.AddIn.UnitTests.dll" adapterTypeName="executor://mstestadapter/v2" className="VideoOS.Administration.AddIn.UnitTests.PreviewImageEditorTests" name="TestPreviewImageEditor_GetRenderedImageWithoutPreviewImage" />
    </UnitTest>
    <UnitTest name="AddAppointmentConfiguration_AddsRecurenceRangeStopToTable_OnAppointmentWithRecurrenceWithLimitByDate" storage="d:\actions-runner\_work\xpco\xpco\corporate\videoos.administration.addin.unittests\bin\x64\debug\videoos.administration.addin.unittests.dll" id="d714e552-e383-72bf-c7e2-bdff415c312f">
      <TestCategory>
        <TestCategoryItem TestCategory="Time profile" />
      </TestCategory>
      <Execution id="5b48dcc1-affc-4057-91f3-e9c991eb5d54" />
      <TestMethod codeBase="D:\actions-runner\_work\XPCO\XPCO\Corporate\VideoOS.Administration.AddIn.UnitTests\bin\x64\Debug\VideoOS.Administration.AddIn.UnitTests.dll" adapterTypeName="executor://mstestadapter/v2" className="VideoOS.Administration.AddIn.UnitTests.DialogSelectRecurrenceTests" name="AddAppointmentConfiguration_AddsRecurenceRangeStopToTable_OnAppointmentWithRecurrenceWithLimitByDate" />
    </UnitTest>
    <UnitTest name="ServerPickerXmlConverter_ConvertToXml_Success" storage="d:\actions-runner\_work\xpco\xpco\corporate\videoos.administration.addin.unittests\bin\x64\debug\videoos.administration.addin.unittests.dll" id="75d8c852-b7d8-0cc7-1134-e19af6772209">
      <Execution id="b4a6e661-492d-497c-94c3-6864c8807486" />
      <TestMethod codeBase="D:\actions-runner\_work\XPCO\XPCO\Corporate\VideoOS.Administration.AddIn.UnitTests\bin\x64\Debug\VideoOS.Administration.AddIn.UnitTests.dll" adapterTypeName="executor://mstestadapter/v2" className="VideoOS.Administration.AddIn.UnitTests.Pickers.ServerPickerXmlConverterTest" name="ServerPickerXmlConverter_ConvertToXml_Success" />
    </UnitTest>
    <UnitTest name="AddAppointmentConfiguration_ThrowsArgumentNullException_OnNullAsAppointment" storage="d:\actions-runner\_work\xpco\xpco\corporate\videoos.administration.addin.unittests\bin\x64\debug\videoos.administration.addin.unittests.dll" id="133ee20b-c8c5-ff53-28c7-1a6b45e07fb6">
      <TestCategory>
        <TestCategoryItem TestCategory="Time profile" />
      </TestCategory>
      <Execution id="c2300028-dcb3-436c-a3ec-bb10c9600471" />
      <TestMethod codeBase="D:\actions-runner\_work\XPCO\XPCO\Corporate\VideoOS.Administration.AddIn.UnitTests\bin\x64\Debug\VideoOS.Administration.AddIn.UnitTests.dll" adapterTypeName="executor://mstestadapter/v2" className="VideoOS.Administration.AddIn.UnitTests.DialogSelectSingleTimeTests" name="AddAppointmentConfiguration_ThrowsArgumentNullException_OnNullAsAppointment" />
    </UnitTest>
    <UnitTest name="TestTwoPermanent" storage="d:\actions-runner\_work\xpco\xpco\corporate\videoos.administration.addin.unittests\bin\x64\debug\videoos.administration.addin.unittests.dll" id="1c9aef6c-248a-4757-8721-f1bedbbcdc0f">
      <Execution id="a44b1dd5-3fc0-4fc5-bce7-dba2aafb7271" />
      <TestMethod codeBase="D:\actions-runner\_work\XPCO\XPCO\Corporate\VideoOS.Administration.AddIn.UnitTests\bin\x64\Debug\VideoOS.Administration.AddIn.UnitTests.dll" adapterTypeName="executor://mstestadapter/v2" className="VideoOS.Administration.AddIn.UnitTests.PrivacyProtectionValidatorTests" name="TestTwoPermanent" />
    </UnitTest>
    <UnitTest name="AddpluginProperties_AddsHeader2_OnPluginWithNestedItemsWithParentProperty" storage="d:\actions-runner\_work\xpco\xpco\corporate\videoos.administration.addin.unittests\bin\x64\debug\videoos.administration.addin.unittests.dll" id="2de94246-b1b3-666f-9a49-52db0735f8ec">
      <TestCategory>
        <TestCategoryItem TestCategory="Platform" />
      </TestCategory>
      <Execution id="5562f7ce-4e2d-4b9d-aad4-8fddcdf195d5" />
      <TestMethod codeBase="D:\actions-runner\_work\XPCO\XPCO\Corporate\VideoOS.Administration.AddIn.UnitTests\bin\x64\Debug\VideoOS.Administration.AddIn.UnitTests.dll" adapterTypeName="executor://mstestadapter/v2" className="VideoOS.Administration.AddIn.UnitTests.PlatformAddin.PlatformConfigReportTests" name="AddpluginProperties_AddsHeader2_OnPluginWithNestedItemsWithParentProperty" />
    </UnitTest>
    <UnitTest name="TestCompositeGrid_SetRegionOnPopulatedMaskSetsTheRightCells" storage="d:\actions-runner\_work\xpco\xpco\corporate\videoos.administration.addin.unittests\bin\x64\debug\videoos.administration.addin.unittests.dll" id="3167ebd5-9d03-cc65-8ee5-1b043d4db54a">
      <Execution id="cc94c372-a027-403e-a496-cc892bc46df9" />
      <TestMethod codeBase="D:\actions-runner\_work\XPCO\XPCO\Corporate\VideoOS.Administration.AddIn.UnitTests\bin\x64\Debug\VideoOS.Administration.AddIn.UnitTests.dll" adapterTypeName="executor://mstestadapter/v2" className="VideoOS.Administration.AddIn.UnitTests.RecorderAddIn.PrivacyProtectionHelpers.CompositeGridTests" name="TestCompositeGrid_SetRegionOnPopulatedMaskSetsTheRightCells" />
    </UnitTest>
    <UnitTest name="DeviceStreamsPresenter_ValidateAndSave_MayHaveOldData_RecordingToSecondary_HasOldData_No" storage="d:\actions-runner\_work\xpco\xpco\corporate\videoos.administration.addin.unittests\bin\x64\debug\videoos.administration.addin.unittests.dll" id="f66b097e-1272-7bc4-fa1a-597a4f227afe">
      <Execution id="5718806d-8e51-4fbc-a65f-a788240a19e0" />
      <TestMethod codeBase="D:\actions-runner\_work\XPCO\XPCO\Corporate\VideoOS.Administration.AddIn.UnitTests\bin\x64\Debug\VideoOS.Administration.AddIn.UnitTests.dll" adapterTypeName="executor://mstestadapter/v2" className="VideoOS.Administration.AddIn.UnitTests.DeviceStreamsPresenterTests" name="DeviceStreamsPresenter_ValidateAndSave_MayHaveOldData_RecordingToSecondary_HasOldData_No" />
    </UnitTest>
    <UnitTest name="DeviceStreamsPresenter_ValidateAndSave_MayHaveOldData_RecordingToSecondary_NoOldData" storage="d:\actions-runner\_work\xpco\xpco\corporate\videoos.administration.addin.unittests\bin\x64\debug\videoos.administration.addin.unittests.dll" id="6059e5c4-a90d-5ac2-0d2b-936594909c1a">
      <Execution id="d4b2255d-3d39-44b8-8b55-54a5ae564742" />
      <TestMethod codeBase="D:\actions-runner\_work\XPCO\XPCO\Corporate\VideoOS.Administration.AddIn.UnitTests\bin\x64\Debug\VideoOS.Administration.AddIn.UnitTests.dll" adapterTypeName="executor://mstestadapter/v2" className="VideoOS.Administration.AddIn.UnitTests.DeviceStreamsPresenterTests" name="DeviceStreamsPresenter_ValidateAndSave_MayHaveOldData_RecordingToSecondary_NoOldData" />
    </UnitTest>
    <UnitTest name="PlatformTree_SetState_ToError" storage="d:\actions-runner\_work\xpco\xpco\corporate\videoos.administration.addin.unittests\bin\x64\debug\videoos.administration.addin.unittests.dll" id="90b10b14-7a78-1738-3007-39368c3d3e19">
      <TestCategory>
        <TestCategoryItem TestCategory="PlatformTree" />
      </TestCategory>
      <Execution id="a4c1bea1-dca0-45b5-8fef-867778bbe497" />
      <TestMethod codeBase="D:\actions-runner\_work\XPCO\XPCO\Corporate\VideoOS.Administration.AddIn.UnitTests\bin\x64\Debug\VideoOS.Administration.AddIn.UnitTests.dll" adapterTypeName="executor://mstestadapter/v2" className="VideoOS.Administration.AddIn.UnitTests.PlatformAddin.PlatformTreeTest" name="PlatformTree_SetState_ToError" />
    </UnitTest>
    <UnitTest name="DeviceStreamsPresenter_StreamGridCellChange_SelectNewPrimary_SwapsRecordingSettings" storage="d:\actions-runner\_work\xpco\xpco\corporate\videoos.administration.addin.unittests\bin\x64\debug\videoos.administration.addin.unittests.dll" id="5b67e5a6-de18-0cc4-3118-000a26175608">
      <Execution id="16e44c98-581b-4c76-9f8c-8e1cd44fe46a" />
      <TestMethod codeBase="D:\actions-runner\_work\XPCO\XPCO\Corporate\VideoOS.Administration.AddIn.UnitTests\bin\x64\Debug\VideoOS.Administration.AddIn.UnitTests.dll" adapterTypeName="executor://mstestadapter/v2" className="VideoOS.Administration.AddIn.UnitTests.DeviceStreamsPresenterTests" name="DeviceStreamsPresenter_StreamGridCellChange_SelectNewPrimary_SwapsRecordingSettings" />
    </UnitTest>
    <UnitTest name="AutoDiscovery_HardwareSetupInfoManager_ProcessTasksResults_Success_NonDefault" storage="d:\actions-runner\_work\xpco\xpco\corporate\videoos.administration.addin.unittests\bin\x64\debug\videoos.administration.addin.unittests.dll" id="2261a751-4664-f3d2-ac16-d6207f18ec2d">
      <TestCategory>
        <TestCategoryItem TestCategory="AutoDiscovery_HardwareSetupInfoManager" />
      </TestCategory>
      <Execution id="f6043c5a-e974-407a-930b-50dfd8b40402" />
      <TestMethod codeBase="D:\actions-runner\_work\XPCO\XPCO\Corporate\VideoOS.Administration.AddIn.UnitTests\bin\x64\Debug\VideoOS.Administration.AddIn.UnitTests.dll" adapterTypeName="executor://mstestadapter/v2" className="VideoOS.Administration.AddIn.UnitTests.RecorderAddIn.HardwareLocator.AutoDiscovery_HardwareSetupInfoManagerUnittest" name="AutoDiscovery_HardwareSetupInfoManager_ProcessTasksResults_Success_NonDefault" />
    </UnitTest>
    <UnitTest name="GetDailyPatternText_ThrowsArgumentNullException_OnNullAsRecurrence" storage="d:\actions-runner\_work\xpco\xpco\corporate\videoos.administration.addin.unittests\bin\x64\debug\videoos.administration.addin.unittests.dll" id="50f5190c-77aa-73fd-8fa6-6084f385f6e3">
      <TestCategory>
        <TestCategoryItem TestCategory="Time profile" />
      </TestCategory>
      <Execution id="1266f5cf-07ca-4aa0-ba03-27e5e625da46" />
      <TestMethod codeBase="D:\actions-runner\_work\XPCO\XPCO\Corporate\VideoOS.Administration.AddIn.UnitTests\bin\x64\Debug\VideoOS.Administration.AddIn.UnitTests.dll" adapterTypeName="executor://mstestadapter/v2" className="VideoOS.Administration.AddIn.UnitTests.DialogSelectRecurrenceTests" name="GetDailyPatternText_ThrowsArgumentNullException_OnNullAsRecurrence" />
    </UnitTest>
    <UnitTest name="SystemDashboard_TestDataProviderGetCameraGroupsWithChild" storage="d:\actions-runner\_work\xpco\xpco\corporate\videoos.administration.addin.unittests\bin\x64\debug\videoos.administration.addin.unittests.dll" id="514a0ad8-deb8-9870-fd96-a41b49aa3f85">
      <Execution id="c9cabbbb-8cc9-423d-9dd0-058f086744be" />
      <TestMethod codeBase="D:\actions-runner\_work\XPCO\XPCO\Corporate\VideoOS.Administration.AddIn.UnitTests\bin\x64\Debug\VideoOS.Administration.AddIn.UnitTests.dll" adapterTypeName="executor://mstestadapter/v2" className="VideoOS.Administration.AddIn.UnitTests.SystemDashboardDataProviderTests" name="SystemDashboard_TestDataProviderGetCameraGroupsWithChild" />
    </UnitTest>
    <UnitTest name="AutoDiscovery_HardwareSetupInfoManager_HardwareSetupInfoSetupResponseReceived_WhenRecorderUnavailable" storage="d:\actions-runner\_work\xpco\xpco\corporate\videoos.administration.addin.unittests\bin\x64\debug\videoos.administration.addin.unittests.dll" id="3b06ea4a-1ca1-14f8-3345-6575847cb053">
      <TestCategory>
        <TestCategoryItem TestCategory="AutoDiscovery_HardwareSetupInfoManager" />
      </TestCategory>
      <Execution id="05ed4ec3-9e00-417e-bed1-eb07354e78ad" />
      <TestMethod codeBase="D:\actions-runner\_work\XPCO\XPCO\Corporate\VideoOS.Administration.AddIn.UnitTests\bin\x64\Debug\VideoOS.Administration.AddIn.UnitTests.dll" adapterTypeName="executor://mstestadapter/v2" className="VideoOS.Administration.AddIn.UnitTests.RecorderAddIn.HardwareLocator.AutoDiscovery_HardwareSetupInfoManagerUnittest" name="AutoDiscovery_HardwareSetupInfoManager_HardwareSetupInfoSetupResponseReceived_WhenRecorderUnavailable" />
    </UnitTest>
    <UnitTest name="DevicePositionWithCoordinates_ShouldBeVisible_WhenDeviceIsInput" storage="d:\actions-runner\_work\xpco\xpco\corporate\videoos.administration.addin.unittests\bin\x64\debug\videoos.administration.addin.unittests.dll" id="12d5671b-1d95-5f19-2343-7d0d9f6e0359">
      <Execution id="bfc24126-4993-47b5-90bb-d18b78786cfe" />
      <TestMethod codeBase="D:\actions-runner\_work\XPCO\XPCO\Corporate\VideoOS.Administration.AddIn.UnitTests\bin\x64\Debug\VideoOS.Administration.AddIn.UnitTests.dll" adapterTypeName="executor://mstestadapter/v2" className="VideoOS.Administration.AddIn.UnitTests.UserControlDeviceInfoTests" name="DevicePositionWithCoordinates_ShouldBeVisible_WhenDeviceIsInput" />
    </UnitTest>
    <UnitTest name="AutoDiscovery_HardwareSetupInfoManager_HardwareSetupInfoSetupResponseReceived_WhenRecorderNotSupported" storage="d:\actions-runner\_work\xpco\xpco\corporate\videoos.administration.addin.unittests\bin\x64\debug\videoos.administration.addin.unittests.dll" id="595bf762-4f20-f45f-ee3e-614e3940d1fc">
      <TestCategory>
        <TestCategoryItem TestCategory="AutoDiscovery_HardwareSetupInfoManager" />
      </TestCategory>
      <Execution id="fb333159-7169-4e3a-afee-3e6455f8885b" />
      <TestMethod codeBase="D:\actions-runner\_work\XPCO\XPCO\Corporate\VideoOS.Administration.AddIn.UnitTests\bin\x64\Debug\VideoOS.Administration.AddIn.UnitTests.dll" adapterTypeName="executor://mstestadapter/v2" className="VideoOS.Administration.AddIn.UnitTests.RecorderAddIn.HardwareLocator.AutoDiscovery_HardwareSetupInfoManagerUnittest" name="AutoDiscovery_HardwareSetupInfoManager_HardwareSetupInfoSetupResponseReceived_WhenRecorderNotSupported" />
    </UnitTest>
    <UnitTest name="Compare_Returns1_OnNoneVsSelectDevice" storage="d:\actions-runner\_work\xpco\xpco\corporate\videoos.administration.addin.unittests\bin\x64\debug\videoos.administration.addin.unittests.dll" id="aaab42ce-021d-bb5a-442c-e190c87332cd">
      <TestCategory>
        <TestCategoryItem TestCategory="Replace Hardware" />
      </TestCategory>
      <Execution id="689f4cb0-e187-4da4-8d0f-abec5ee57a9f" />
      <TestMethod codeBase="D:\actions-runner\_work\XPCO\XPCO\Corporate\VideoOS.Administration.AddIn.UnitTests\bin\x64\Debug\VideoOS.Administration.AddIn.UnitTests.dll" adapterTypeName="executor://mstestadapter/v2" className="VideoOS.Administration.AddIn.UnitTests.ComboBoxItemComparerTests" name="Compare_Returns1_OnNoneVsSelectDevice" />
    </UnitTest>
    <UnitTest name="DeviceStreamsPresenter_Activate_NotAllDevicesSupportStreams_AllDisabled" storage="d:\actions-runner\_work\xpco\xpco\corporate\videoos.administration.addin.unittests\bin\x64\debug\videoos.administration.addin.unittests.dll" id="5de9e7c2-cf27-73b7-c670-2d53060c1776">
      <Execution id="4a9acf13-b568-45cf-8c40-5d4442d836e2" />
      <TestMethod codeBase="D:\actions-runner\_work\XPCO\XPCO\Corporate\VideoOS.Administration.AddIn.UnitTests\bin\x64\Debug\VideoOS.Administration.AddIn.UnitTests.dll" adapterTypeName="executor://mstestadapter/v2" className="VideoOS.Administration.AddIn.UnitTests.DeviceStreamsPresenterTests" name="DeviceStreamsPresenter_Activate_NotAllDevicesSupportStreams_AllDisabled" />
    </UnitTest>
    <UnitTest name="ClientBasicUserCollection_ValidatePassword_PasswordsDoNotMatch" storage="d:\actions-runner\_work\xpco\xpco\corporate\videoos.administration.addin.unittests\bin\x64\debug\videoos.administration.addin.unittests.dll" id="35ffa1c9-ba11-4e3f-2c66-a6646cb06b03">
      <Execution id="a4a98d33-6b64-4f65-9b6a-62a9a08ea59d" />
      <TestMethod codeBase="D:\actions-runner\_work\XPCO\XPCO\Corporate\VideoOS.Administration.AddIn.UnitTests\bin\x64\Debug\VideoOS.Administration.AddIn.UnitTests.dll" adapterTypeName="executor://mstestadapter/v2" className="VideoOS.Administration.AddIn.UnitTests.DialogChangePasswordTest" name="ClientBasicUserCollection_ValidatePassword_PasswordsDoNotMatch" />
    </UnitTest>
    <UnitTest name="TestPreviewImageEditor_ResizePreviewImageWithoutPreviewImage" storage="d:\actions-runner\_work\xpco\xpco\corporate\videoos.administration.addin.unittests\bin\x64\debug\videoos.administration.addin.unittests.dll" id="9f158034-f8de-d402-0e7e-1781465a67b8">
      <Execution id="f73f3df3-cda0-45c9-95c0-110d4c49f265" />
      <TestMethod codeBase="D:\actions-runner\_work\XPCO\XPCO\Corporate\VideoOS.Administration.AddIn.UnitTests\bin\x64\Debug\VideoOS.Administration.AddIn.UnitTests.dll" adapterTypeName="executor://mstestadapter/v2" className="VideoOS.Administration.AddIn.UnitTests.PreviewImageEditorTests" name="TestPreviewImageEditor_ResizePreviewImageWithoutPreviewImage" />
    </UnitTest>
    <UnitTest name="DeviceStreamsPresenter_RefreshData_NotSamenumberOfStreams_ShowsErrorText" storage="d:\actions-runner\_work\xpco\xpco\corporate\videoos.administration.addin.unittests\bin\x64\debug\videoos.administration.addin.unittests.dll" id="e2637a74-d2c7-a2d5-ee31-d7217619f4e7">
      <Execution id="1174263c-141a-4ea9-8c3c-2384d4bc5139" />
      <TestMethod codeBase="D:\actions-runner\_work\XPCO\XPCO\Corporate\VideoOS.Administration.AddIn.UnitTests\bin\x64\Debug\VideoOS.Administration.AddIn.UnitTests.dll" adapterTypeName="executor://mstestadapter/v2" className="VideoOS.Administration.AddIn.UnitTests.DeviceStreamsPresenterTests" name="DeviceStreamsPresenter_RefreshData_NotSamenumberOfStreams_ShowsErrorText" />
    </UnitTest>
    <UnitTest name="AddAppointmentConfiguration_AddsNewStartDateToTable_OnAppointmentWithVariance" storage="d:\actions-runner\_work\xpco\xpco\corporate\videoos.administration.addin.unittests\bin\x64\debug\videoos.administration.addin.unittests.dll" id="ce0d5b66-b440-5a00-230c-7d167b6fb70b">
      <TestCategory>
        <TestCategoryItem TestCategory="Time profile" />
      </TestCategory>
      <Execution id="9c2c04ff-96d4-4cb8-83d6-1d3b79824db3" />
      <TestMethod codeBase="D:\actions-runner\_work\XPCO\XPCO\Corporate\VideoOS.Administration.AddIn.UnitTests\bin\x64\Debug\VideoOS.Administration.AddIn.UnitTests.dll" adapterTypeName="executor://mstestadapter/v2" className="VideoOS.Administration.AddIn.UnitTests.DialogSelectRecurrenceTests" name="AddAppointmentConfiguration_AddsNewStartDateToTable_OnAppointmentWithVariance" />
    </UnitTest>
    <UnitTest name="ClientBasicUserCollection_ValidatePassword_PasswordTooLong" storage="d:\actions-runner\_work\xpco\xpco\corporate\videoos.administration.addin.unittests\bin\x64\debug\videoos.administration.addin.unittests.dll" id="6052c099-a9d5-02de-7729-5b4b41817cea">
      <Execution id="a669846c-508b-492b-88c1-8b8fa2cecf1a" />
      <TestMethod codeBase="D:\actions-runner\_work\XPCO\XPCO\Corporate\VideoOS.Administration.AddIn.UnitTests\bin\x64\Debug\VideoOS.Administration.AddIn.UnitTests.dll" adapterTypeName="executor://mstestadapter/v2" className="VideoOS.Administration.AddIn.UnitTests.DialogChangePasswordTest" name="ClientBasicUserCollection_ValidatePassword_PasswordTooLong" />
    </UnitTest>
    <UnitTest name="AddpluginProperties_DoesNotChangeAnything_OnPluginWithNoItems" storage="d:\actions-runner\_work\xpco\xpco\corporate\videoos.administration.addin.unittests\bin\x64\debug\videoos.administration.addin.unittests.dll" id="97e68eba-2053-f7dd-778b-d27d1d343c88">
      <TestCategory>
        <TestCategoryItem TestCategory="Platform" />
      </TestCategory>
      <Execution id="0d63d24e-8f7f-4161-8c15-fafcd88d0779" />
      <TestMethod codeBase="D:\actions-runner\_work\XPCO\XPCO\Corporate\VideoOS.Administration.AddIn.UnitTests\bin\x64\Debug\VideoOS.Administration.AddIn.UnitTests.dll" adapterTypeName="executor://mstestadapter/v2" className="VideoOS.Administration.AddIn.UnitTests.PlatformAddin.PlatformConfigReportTests" name="AddpluginProperties_DoesNotChangeAnything_OnPluginWithNoItems" />
    </UnitTest>
    <UnitTest name="AddOptionsDialogProperties_AddsParentHeader_OnParentProperty" storage="d:\actions-runner\_work\xpco\xpco\corporate\videoos.administration.addin.unittests\bin\x64\debug\videoos.administration.addin.unittests.dll" id="2ee4f7d8-9044-e199-e31c-2b7c0ca03fcd">
      <TestCategory>
        <TestCategoryItem TestCategory="Platform" />
      </TestCategory>
      <Execution id="2635d691-a919-4a6c-880c-069531f8396f" />
      <TestMethod codeBase="D:\actions-runner\_work\XPCO\XPCO\Corporate\VideoOS.Administration.AddIn.UnitTests\bin\x64\Debug\VideoOS.Administration.AddIn.UnitTests.dll" adapterTypeName="executor://mstestadapter/v2" className="VideoOS.Administration.AddIn.UnitTests.PlatformAddin.PlatformConfigReportTests" name="AddOptionsDialogProperties_AddsParentHeader_OnParentProperty" />
    </UnitTest>
    <UnitTest name="DeviceStreamsPresenter_StreamGridCellChange_DisableRecording_EnsuresValidSettings" storage="d:\actions-runner\_work\xpco\xpco\corporate\videoos.administration.addin.unittests\bin\x64\debug\videoos.administration.addin.unittests.dll" id="06aa8121-e41e-fa43-fdec-4e6f9e738b15">
      <Execution id="2e20e9fa-18dc-4e34-84a8-a819beef200e" />
      <TestMethod codeBase="D:\actions-runner\_work\XPCO\XPCO\Corporate\VideoOS.Administration.AddIn.UnitTests\bin\x64\Debug\VideoOS.Administration.AddIn.UnitTests.dll" adapterTypeName="executor://mstestadapter/v2" className="VideoOS.Administration.AddIn.UnitTests.DeviceStreamsPresenterTests" name="DeviceStreamsPresenter_StreamGridCellChange_DisableRecording_EnsuresValidSettings" />
    </UnitTest>
    <UnitTest name="AddAppointmentConfiguration_ThrowsArgumentNullException_OnNullAsAppointment" storage="d:\actions-runner\_work\xpco\xpco\corporate\videoos.administration.addin.unittests\bin\x64\debug\videoos.administration.addin.unittests.dll" id="fbdd3912-5b94-1ff4-6d2d-766e2bd6338d">
      <TestCategory>
        <TestCategoryItem TestCategory="Time profile" />
      </TestCategory>
      <Execution id="e077d322-2957-45c8-bea1-c7fa5129eab6" />
      <TestMethod codeBase="D:\actions-runner\_work\XPCO\XPCO\Corporate\VideoOS.Administration.AddIn.UnitTests\bin\x64\Debug\VideoOS.Administration.AddIn.UnitTests.dll" adapterTypeName="executor://mstestadapter/v2" className="VideoOS.Administration.AddIn.UnitTests.DialogSelectRecurrenceTests" name="AddAppointmentConfiguration_ThrowsArgumentNullException_OnNullAsAppointment" />
    </UnitTest>
    <UnitTest name="DirectionFieldOfViewDepthControls_ShouldNotBeVisible_WhenDeviceIsMicrophone" storage="d:\actions-runner\_work\xpco\xpco\corporate\videoos.administration.addin.unittests\bin\x64\debug\videoos.administration.addin.unittests.dll" id="cf4240f6-b776-f2e0-168e-f6203ba14593">
      <Execution id="f52a9bdf-7ddb-4c40-954d-d9eb7693a877" />
      <TestMethod codeBase="D:\actions-runner\_work\XPCO\XPCO\Corporate\VideoOS.Administration.AddIn.UnitTests\bin\x64\Debug\VideoOS.Administration.AddIn.UnitTests.dll" adapterTypeName="executor://mstestadapter/v2" className="VideoOS.Administration.AddIn.UnitTests.UserControlDeviceInfoTests" name="DirectionFieldOfViewDepthControls_ShouldNotBeVisible_WhenDeviceIsMicrophone" />
    </UnitTest>
    <UnitTest name="AutoDiscovery_HardwareSetupInfoManager_HardwareSetupInfoSetupResponseReceived_WhenArgumentException" storage="d:\actions-runner\_work\xpco\xpco\corporate\videoos.administration.addin.unittests\bin\x64\debug\videoos.administration.addin.unittests.dll" id="442bfdb8-6755-dd70-6925-c250c18089b5">
      <TestCategory>
        <TestCategoryItem TestCategory="AutoDiscovery_HardwareSetupInfoManager" />
      </TestCategory>
      <Execution id="8e08c225-ecee-4bc6-b49a-81c31154d3d6" />
      <TestMethod codeBase="D:\actions-runner\_work\XPCO\XPCO\Corporate\VideoOS.Administration.AddIn.UnitTests\bin\x64\Debug\VideoOS.Administration.AddIn.UnitTests.dll" adapterTypeName="executor://mstestadapter/v2" className="VideoOS.Administration.AddIn.UnitTests.RecorderAddIn.HardwareLocator.AutoDiscovery_HardwareSetupInfoManagerUnittest" name="AutoDiscovery_HardwareSetupInfoManager_HardwareSetupInfoSetupResponseReceived_WhenArgumentException" />
    </UnitTest>
    <UnitTest name="MatchDevices_newDevicesAreNull_ShouldReturnEmptyList" storage="d:\actions-runner\_work\xpco\xpco\corporate\videoos.administration.addin.unittests\bin\x64\debug\videoos.administration.addin.unittests.dll" id="e2c0a451-86f5-7ec7-6eba-69b3ea02205c">
      <Execution id="124a3815-faa1-4a23-b403-1b4fd2f229ac" />
      <TestMethod codeBase="D:\actions-runner\_work\XPCO\XPCO\Corporate\VideoOS.Administration.AddIn.UnitTests\bin\x64\Debug\VideoOS.Administration.AddIn.UnitTests.dll" adapterTypeName="executor://mstestadapter/v2" className="VideoOS.Administration.AddIn.UnitTests.RecorderAddIn.ReplaceHardware.HardwareMapperTests" name="MatchDevices_newDevicesAreNull_ShouldReturnEmptyList" />
    </UnitTest>
    <UnitTest name="AddOptionsDialogPlugin_ThrowsArgumentNullException_OnNullAsReport" storage="d:\actions-runner\_work\xpco\xpco\corporate\videoos.administration.addin.unittests\bin\x64\debug\videoos.administration.addin.unittests.dll" id="5c6ca79f-4c79-7428-457c-4d969b38020c">
      <TestCategory>
        <TestCategoryItem TestCategory="Platform" />
      </TestCategory>
      <Execution id="fcd74ab5-5511-4fc7-af20-0559c4c7aa87" />
      <TestMethod codeBase="D:\actions-runner\_work\XPCO\XPCO\Corporate\VideoOS.Administration.AddIn.UnitTests\bin\x64\Debug\VideoOS.Administration.AddIn.UnitTests.dll" adapterTypeName="executor://mstestadapter/v2" className="VideoOS.Administration.AddIn.UnitTests.PlatformAddin.PlatformConfigReportTests" name="AddOptionsDialogPlugin_ThrowsArgumentNullException_OnNullAsReport" />
    </UnitTest>
    <UnitTest name="TestPreviewImageEditor_ResizeGridWithSameSizePreviewImage" storage="d:\actions-runner\_work\xpco\xpco\corporate\videoos.administration.addin.unittests\bin\x64\debug\videoos.administration.addin.unittests.dll" id="055efc15-27d5-5515-2e81-5e5597c90307">
      <Execution id="3de44556-93e6-4002-9d24-28516c8af763" />
      <TestMethod codeBase="D:\actions-runner\_work\XPCO\XPCO\Corporate\VideoOS.Administration.AddIn.UnitTests\bin\x64\Debug\VideoOS.Administration.AddIn.UnitTests.dll" adapterTypeName="executor://mstestadapter/v2" className="VideoOS.Administration.AddIn.UnitTests.PreviewImageEditorTests" name="TestPreviewImageEditor_ResizeGridWithSameSizePreviewImage" />
    </UnitTest>
    <UnitTest name="MayHaveOldData_Multi_None_Track" storage="d:\actions-runner\_work\xpco\xpco\corporate\videoos.administration.addin.unittests\bin\x64\debug\videoos.administration.addin.unittests.dll" id="f9140294-7161-930e-3488-b421ac84fa57">
      <Execution id="cd0032bd-8db7-4e85-9289-2c1b8ff9e24f" />
      <TestMethod codeBase="D:\actions-runner\_work\XPCO\XPCO\Corporate\VideoOS.Administration.AddIn.UnitTests\bin\x64\Debug\VideoOS.Administration.AddIn.UnitTests.dll" adapterTypeName="executor://mstestadapter/v2" className="VideoOS.Administration.AddIn.UnitTests.DeviceStreamQueryTests" name="MayHaveOldData_Multi_None_Track" />
    </UnitTest>
    <UnitTest name="Compare_Returns1_OnBVsA" storage="d:\actions-runner\_work\xpco\xpco\corporate\videoos.administration.addin.unittests\bin\x64\debug\videoos.administration.addin.unittests.dll" id="ad2eced8-c5b4-046f-24ae-008dc9a23201">
      <TestCategory>
        <TestCategoryItem TestCategory="Replace Hardware" />
      </TestCategory>
      <Execution id="6d796616-5ffb-4cfe-b7aa-283083c85286" />
      <TestMethod codeBase="D:\actions-runner\_work\XPCO\XPCO\Corporate\VideoOS.Administration.AddIn.UnitTests\bin\x64\Debug\VideoOS.Administration.AddIn.UnitTests.dll" adapterTypeName="executor://mstestadapter/v2" className="VideoOS.Administration.AddIn.UnitTests.ComboBoxItemComparerTests" name="Compare_Returns1_OnBVsA" />
    </UnitTest>
    <UnitTest name="AddOptionsDialogProperties_DoesNotChangeReport_OnToolsOptionsDialogPluginReturningNull" storage="d:\actions-runner\_work\xpco\xpco\corporate\videoos.administration.addin.unittests\bin\x64\debug\videoos.administration.addin.unittests.dll" id="b25051d6-3bcd-4a50-34aa-d755cd1b4e2c">
      <TestCategory>
        <TestCategoryItem TestCategory="Platform" />
      </TestCategory>
      <Execution id="6eb2185c-32cb-4b8d-b108-a95c8ac2197b" />
      <TestMethod codeBase="D:\actions-runner\_work\XPCO\XPCO\Corporate\VideoOS.Administration.AddIn.UnitTests\bin\x64\Debug\VideoOS.Administration.AddIn.UnitTests.dll" adapterTypeName="executor://mstestadapter/v2" className="VideoOS.Administration.AddIn.UnitTests.PlatformAddin.PlatformConfigReportTests" name="AddOptionsDialogProperties_DoesNotChangeReport_OnToolsOptionsDialogPluginReturningNull" />
    </UnitTest>
    <UnitTest name="GetDailyPatternText_ReturnsEveryXDays_OnPattern" storage="d:\actions-runner\_work\xpco\xpco\corporate\videoos.administration.addin.unittests\bin\x64\debug\videoos.administration.addin.unittests.dll" id="bd56244a-4df2-568c-9200-398d9e2a3308">
      <TestCategory>
        <TestCategoryItem TestCategory="Time profile" />
      </TestCategory>
      <Execution id="2eba4696-34d5-426d-9a35-c63ddac237c9" />
      <TestMethod codeBase="D:\actions-runner\_work\XPCO\XPCO\Corporate\VideoOS.Administration.AddIn.UnitTests\bin\x64\Debug\VideoOS.Administration.AddIn.UnitTests.dll" adapterTypeName="executor://mstestadapter/v2" className="VideoOS.Administration.AddIn.UnitTests.DialogSelectRecurrenceTests" name="GetDailyPatternText_ReturnsEveryXDays_OnPattern" />
    </UnitTest>
    <UnitTest name="Compare_ReturnsNegative1_OnAVsB" storage="d:\actions-runner\_work\xpco\xpco\corporate\videoos.administration.addin.unittests\bin\x64\debug\videoos.administration.addin.unittests.dll" id="9126e5b8-7a8d-f9bb-e86d-5d103a7d2977">
      <TestCategory>
        <TestCategoryItem TestCategory="Replace Hardware" />
      </TestCategory>
      <Execution id="9e55e8f2-c34c-45a3-8959-dca098bddf14" />
      <TestMethod codeBase="D:\actions-runner\_work\XPCO\XPCO\Corporate\VideoOS.Administration.AddIn.UnitTests\bin\x64\Debug\VideoOS.Administration.AddIn.UnitTests.dll" adapterTypeName="executor://mstestadapter/v2" className="VideoOS.Administration.AddIn.UnitTests.ComboBoxItemComparerTests" name="Compare_ReturnsNegative1_OnAVsB" />
    </UnitTest>
    <UnitTest name="DirectionFieldOfViewDepthControls_ShouldNotBeVisible_WhenDeviceIsInput" storage="d:\actions-runner\_work\xpco\xpco\corporate\videoos.administration.addin.unittests\bin\x64\debug\videoos.administration.addin.unittests.dll" id="f4fe30d8-81ff-91b6-381c-716ded86139d">
      <Execution id="338278ee-ae5f-4077-aea2-78fb8d042c66" />
      <TestMethod codeBase="D:\actions-runner\_work\XPCO\XPCO\Corporate\VideoOS.Administration.AddIn.UnitTests\bin\x64\Debug\VideoOS.Administration.AddIn.UnitTests.dll" adapterTypeName="executor://mstestadapter/v2" className="VideoOS.Administration.AddIn.UnitTests.UserControlDeviceInfoTests" name="DirectionFieldOfViewDepthControls_ShouldNotBeVisible_WhenDeviceIsInput" />
    </UnitTest>
    <UnitTest name="TestThreeMethods" storage="d:\actions-runner\_work\xpco\xpco\corporate\videoos.administration.addin.unittests\bin\x64\debug\videoos.administration.addin.unittests.dll" id="ef93a57e-b7be-340d-72dc-1100e7d56472">
      <Execution id="3c01e249-6139-4ae0-ade3-1f6e2923a2c3" />
      <TestMethod codeBase="D:\actions-runner\_work\XPCO\XPCO\Corporate\VideoOS.Administration.AddIn.UnitTests\bin\x64\Debug\VideoOS.Administration.AddIn.UnitTests.dll" adapterTypeName="executor://mstestadapter/v2" className="VideoOS.Administration.AddIn.UnitTests.PrivacyProtectionValidatorTests" name="TestThreeMethods" />
    </UnitTest>
    <UnitTest name="TestPreviewImageEditor_ResizeGridWithDifferentSizePreviewImage" storage="d:\actions-runner\_work\xpco\xpco\corporate\videoos.administration.addin.unittests\bin\x64\debug\videoos.administration.addin.unittests.dll" id="1f6c3780-0b46-10b6-5aa8-308026cf9edc">
      <Execution id="98cc46a2-2460-402b-a7ab-3188a358f601" />
      <TestMethod codeBase="D:\actions-runner\_work\XPCO\XPCO\Corporate\VideoOS.Administration.AddIn.UnitTests\bin\x64\Debug\VideoOS.Administration.AddIn.UnitTests.dll" adapterTypeName="executor://mstestadapter/v2" className="VideoOS.Administration.AddIn.UnitTests.PreviewImageEditorTests" name="TestPreviewImageEditor_ResizeGridWithDifferentSizePreviewImage" />
    </UnitTest>
    <UnitTest name="DeviceStreamsPresenter_Activate_DevicesSetToNull_AllDisabled" storage="d:\actions-runner\_work\xpco\xpco\corporate\videoos.administration.addin.unittests\bin\x64\debug\videoos.administration.addin.unittests.dll" id="0058f803-7ee6-3257-54ef-5fae891b8cf0">
      <Execution id="8b7b8330-033a-444f-b013-4d36e61c7a5e" />
      <TestMethod codeBase="D:\actions-runner\_work\XPCO\XPCO\Corporate\VideoOS.Administration.AddIn.UnitTests\bin\x64\Debug\VideoOS.Administration.AddIn.UnitTests.dll" adapterTypeName="executor://mstestadapter/v2" className="VideoOS.Administration.AddIn.UnitTests.DeviceStreamsPresenterTests" name="DeviceStreamsPresenter_Activate_DevicesSetToNull_AllDisabled" />
    </UnitTest>
    <UnitTest name="DeviceStreamsPresenter_RefreshData_DifferentTrackValues_ShowsTriState" storage="d:\actions-runner\_work\xpco\xpco\corporate\videoos.administration.addin.unittests\bin\x64\debug\videoos.administration.addin.unittests.dll" id="b37c16ee-9521-5547-578e-a98e3534c451">
      <Execution id="1e12ebb2-10d5-426f-a36e-c7b54e14a92f" />
      <TestMethod codeBase="D:\actions-runner\_work\XPCO\XPCO\Corporate\VideoOS.Administration.AddIn.UnitTests\bin\x64\Debug\VideoOS.Administration.AddIn.UnitTests.dll" adapterTypeName="executor://mstestadapter/v2" className="VideoOS.Administration.AddIn.UnitTests.DeviceStreamsPresenterTests" name="DeviceStreamsPresenter_RefreshData_DifferentTrackValues_ShowsTriState" />
    </UnitTest>
    <UnitTest name="TestOnePermanentWithMotion" storage="d:\actions-runner\_work\xpco\xpco\corporate\videoos.administration.addin.unittests\bin\x64\debug\videoos.administration.addin.unittests.dll" id="3bbb3909-084e-73c4-7d53-31023b64f14e">
      <Execution id="c8a6bdaf-84ed-4d73-ab80-47f9b28492ab" />
      <TestMethod codeBase="D:\actions-runner\_work\XPCO\XPCO\Corporate\VideoOS.Administration.AddIn.UnitTests\bin\x64\Debug\VideoOS.Administration.AddIn.UnitTests.dll" adapterTypeName="executor://mstestadapter/v2" className="VideoOS.Administration.AddIn.UnitTests.PrivacyProtectionValidatorTests" name="TestOnePermanentWithMotion" />
    </UnitTest>
    <UnitTest name="TestOneRemovableAndOnePermanent" storage="d:\actions-runner\_work\xpco\xpco\corporate\videoos.administration.addin.unittests\bin\x64\debug\videoos.administration.addin.unittests.dll" id="e4add18a-55af-d630-149f-d01b50eb176b">
      <Execution id="c1d99741-1c99-4465-9bdd-68cbe286dc8f" />
      <TestMethod codeBase="D:\actions-runner\_work\XPCO\XPCO\Corporate\VideoOS.Administration.AddIn.UnitTests\bin\x64\Debug\VideoOS.Administration.AddIn.UnitTests.dll" adapterTypeName="executor://mstestadapter/v2" className="VideoOS.Administration.AddIn.UnitTests.PrivacyProtectionValidatorTests" name="TestOneRemovableAndOnePermanent" />
    </UnitTest>
    <UnitTest name="MayHaveOldData_Multi_Track_StreamAndTrack" storage="d:\actions-runner\_work\xpco\xpco\corporate\videoos.administration.addin.unittests\bin\x64\debug\videoos.administration.addin.unittests.dll" id="78f8ab4a-e141-8916-c5a5-1e06931af0cb">
      <Execution id="93bc2f5d-8e0a-4473-9e50-8c769e4cd33c" />
      <TestMethod codeBase="D:\actions-runner\_work\XPCO\XPCO\Corporate\VideoOS.Administration.AddIn.UnitTests\bin\x64\Debug\VideoOS.Administration.AddIn.UnitTests.dll" adapterTypeName="executor://mstestadapter/v2" className="VideoOS.Administration.AddIn.UnitTests.DeviceStreamQueryTests" name="MayHaveOldData_Multi_Track_StreamAndTrack" />
    </UnitTest>
    <UnitTest name="ClientBasicUserCollection_ValidateBasicUser_PasswordTooLong" storage="d:\actions-runner\_work\xpco\xpco\corporate\videoos.administration.addin.unittests\bin\x64\debug\videoos.administration.addin.unittests.dll" id="d1cc468a-060a-e82e-7ac6-2d01aaae31c7">
      <Execution id="53b6f08a-e9ae-4268-a7c3-dec54677e638" />
      <TestMethod codeBase="D:\actions-runner\_work\XPCO\XPCO\Corporate\VideoOS.Administration.AddIn.UnitTests\bin\x64\Debug\VideoOS.Administration.AddIn.UnitTests.dll" adapterTypeName="executor://mstestadapter/v2" className="VideoOS.Administration.AddIn.UnitTests.DialogNewBasicUserTest" name="ClientBasicUserCollection_ValidateBasicUser_PasswordTooLong" />
    </UnitTest>
    <UnitTest name="Systemdashboard_ConfigurationProviderGetServerTiles" storage="d:\actions-runner\_work\xpco\xpco\corporate\videoos.administration.addin.unittests\bin\x64\debug\videoos.administration.addin.unittests.dll" id="d7928b7c-0303-69b6-8652-b6f02f92daa1">
      <Execution id="8afaafca-ad64-4e33-8098-d6cd30fef607" />
      <TestMethod codeBase="D:\actions-runner\_work\XPCO\XPCO\Corporate\VideoOS.Administration.AddIn.UnitTests\bin\x64\Debug\VideoOS.Administration.AddIn.UnitTests.dll" adapterTypeName="executor://mstestadapter/v2" className="VideoOS.Administration.AddIn.UnitTests.SystemDashboardConfigurationProviderTests" name="Systemdashboard_ConfigurationProviderGetServerTiles" />
    </UnitTest>
    <UnitTest name="AddpluginProperties_DoesNotAddHeading2_OnParentItemWithNoProperties" storage="d:\actions-runner\_work\xpco\xpco\corporate\videoos.administration.addin.unittests\bin\x64\debug\videoos.administration.addin.unittests.dll" id="f466102f-ba2f-6676-6bab-97ec4d1b20b0">
      <TestCategory>
        <TestCategoryItem TestCategory="Platform" />
      </TestCategory>
      <Execution id="498c781b-f712-4c73-b427-9dbb1787516f" />
      <TestMethod codeBase="D:\actions-runner\_work\XPCO\XPCO\Corporate\VideoOS.Administration.AddIn.UnitTests\bin\x64\Debug\VideoOS.Administration.AddIn.UnitTests.dll" adapterTypeName="executor://mstestadapter/v2" className="VideoOS.Administration.AddIn.UnitTests.PlatformAddin.PlatformConfigReportTests" name="AddpluginProperties_DoesNotAddHeading2_OnParentItemWithNoProperties" />
    </UnitTest>
    <UnitTest name="GetDailyPatternText_ReturnsEveryWeekday_OnAllWeekdaysPattern" storage="d:\actions-runner\_work\xpco\xpco\corporate\videoos.administration.addin.unittests\bin\x64\debug\videoos.administration.addin.unittests.dll" id="2a54071a-b705-d3bb-11fa-fd12943859ee">
      <TestCategory>
        <TestCategoryItem TestCategory="Time profile" />
      </TestCategory>
      <Execution id="8f6354f4-f02c-41e7-8066-0524b2d6d8aa" />
      <TestMethod codeBase="D:\actions-runner\_work\XPCO\XPCO\Corporate\VideoOS.Administration.AddIn.UnitTests\bin\x64\Debug\VideoOS.Administration.AddIn.UnitTests.dll" adapterTypeName="executor://mstestadapter/v2" className="VideoOS.Administration.AddIn.UnitTests.DialogSelectRecurrenceTests" name="GetDailyPatternText_ReturnsEveryWeekday_OnAllWeekdaysPattern" />
    </UnitTest>
    <UnitTest name="TestPreviewImageEditor_UpdatePreviewImageWithoutGridOverlay" storage="d:\actions-runner\_work\xpco\xpco\corporate\videoos.administration.addin.unittests\bin\x64\debug\videoos.administration.addin.unittests.dll" id="dc2d1873-40af-1880-a3e9-cd70e47c3b9b">
      <Execution id="36a4c1a9-a0d3-44c6-8746-87be425ae422" />
      <TestMethod codeBase="D:\actions-runner\_work\XPCO\XPCO\Corporate\VideoOS.Administration.AddIn.UnitTests\bin\x64\Debug\VideoOS.Administration.AddIn.UnitTests.dll" adapterTypeName="executor://mstestadapter/v2" className="VideoOS.Administration.AddIn.UnitTests.PreviewImageEditorTests" name="TestPreviewImageEditor_UpdatePreviewImageWithoutGridOverlay" />
    </UnitTest>
    <UnitTest name="AddAppointmentConfiguration_CreatesProperSection_OnNonAllDayAppointment" storage="d:\actions-runner\_work\xpco\xpco\corporate\videoos.administration.addin.unittests\bin\x64\debug\videoos.administration.addin.unittests.dll" id="848b4923-32c0-958d-351a-b85722593610">
      <TestCategory>
        <TestCategoryItem TestCategory="Time profile" />
      </TestCategory>
      <Execution id="6a839812-719e-4ec9-8b04-9352074cd150" />
      <TestMethod codeBase="D:\actions-runner\_work\XPCO\XPCO\Corporate\VideoOS.Administration.AddIn.UnitTests\bin\x64\Debug\VideoOS.Administration.AddIn.UnitTests.dll" adapterTypeName="executor://mstestadapter/v2" className="VideoOS.Administration.AddIn.UnitTests.DialogSelectSingleTimeTests" name="AddAppointmentConfiguration_CreatesProperSection_OnNonAllDayAppointment" />
    </UnitTest>
    <UnitTest name="DeviceStreamsPresenter_ValidateAndSave_Success" storage="d:\actions-runner\_work\xpco\xpco\corporate\videoos.administration.addin.unittests\bin\x64\debug\videoos.administration.addin.unittests.dll" id="dc4a964a-8aea-3cf4-92b2-b3bdaf29744b">
      <Execution id="d96c1c74-3fa5-464f-9af0-d26855660fa9" />
      <TestMethod codeBase="D:\actions-runner\_work\XPCO\XPCO\Corporate\VideoOS.Administration.AddIn.UnitTests\bin\x64\Debug\VideoOS.Administration.AddIn.UnitTests.dll" adapterTypeName="executor://mstestadapter/v2" className="VideoOS.Administration.AddIn.UnitTests.DeviceStreamsPresenterTests" name="DeviceStreamsPresenter_ValidateAndSave_Success" />
    </UnitTest>
    <UnitTest name="SystemDashboard_TestConfigTypeExtensionMethodsReturnCorrectCollection" storage="d:\actions-runner\_work\xpco\xpco\corporate\videoos.administration.addin.unittests\bin\x64\debug\videoos.administration.addin.unittests.dll" id="816db9f9-3df5-e262-9b7e-249748721d30">
      <Execution id="ef199e6a-1c50-450f-a54c-088724b818e2" />
      <TestMethod codeBase="D:\actions-runner\_work\XPCO\XPCO\Corporate\VideoOS.Administration.AddIn.UnitTests\bin\x64\Debug\VideoOS.Administration.AddIn.UnitTests.dll" adapterTypeName="executor://mstestadapter/v2" className="VideoOS.Administration.AddIn.UnitTests.SystemDashboardDataProviderTests" name="SystemDashboard_TestConfigTypeExtensionMethodsReturnCorrectCollection" />
    </UnitTest>
    <UnitTest name="AutoDiscovery_HardwareSetupInfoManager_ProcessFailedTaskResults_Mixed" storage="d:\actions-runner\_work\xpco\xpco\corporate\videoos.administration.addin.unittests\bin\x64\debug\videoos.administration.addin.unittests.dll" id="9f3f81a0-56f3-5453-9f09-600ca79ac433">
      <TestCategory>
        <TestCategoryItem TestCategory="AutoDiscovery_HardwareSetupInfoManager" />
      </TestCategory>
      <Execution id="748b095b-af7b-48c4-a5ae-50a5dda1476a" />
      <TestMethod codeBase="D:\actions-runner\_work\XPCO\XPCO\Corporate\VideoOS.Administration.AddIn.UnitTests\bin\x64\Debug\VideoOS.Administration.AddIn.UnitTests.dll" adapterTypeName="executor://mstestadapter/v2" className="VideoOS.Administration.AddIn.UnitTests.RecorderAddIn.HardwareLocator.AutoDiscovery_HardwareSetupInfoManagerUnittest" name="AutoDiscovery_HardwareSetupInfoManager_ProcessFailedTaskResults_Mixed" />
    </UnitTest>
    <UnitTest name="AddAppointmentConfiguration_AddsRecurencePatternToTable_OnAppointmentWithRecurrenceDaily" storage="d:\actions-runner\_work\xpco\xpco\corporate\videoos.administration.addin.unittests\bin\x64\debug\videoos.administration.addin.unittests.dll" id="88b6b6f5-1948-7766-0826-2aefcab9d158">
      <TestCategory>
        <TestCategoryItem TestCategory="Time profile" />
      </TestCategory>
      <Execution id="2b2d9df3-fe89-46ae-b74a-d8e0b6bb551f" />
      <TestMethod codeBase="D:\actions-runner\_work\XPCO\XPCO\Corporate\VideoOS.Administration.AddIn.UnitTests\bin\x64\Debug\VideoOS.Administration.AddIn.UnitTests.dll" adapterTypeName="executor://mstestadapter/v2" className="VideoOS.Administration.AddIn.UnitTests.DialogSelectRecurrenceTests" name="AddAppointmentConfiguration_AddsRecurencePatternToTable_OnAppointmentWithRecurrenceDaily" />
    </UnitTest>
    <UnitTest name="DeviceStreamsPresenter_StreamGridCellChange_SelectLiveModeNever_ResetsValueIfNoOtherRow" storage="d:\actions-runner\_work\xpco\xpco\corporate\videoos.administration.addin.unittests\bin\x64\debug\videoos.administration.addin.unittests.dll" id="d7ea0b97-0362-b71d-a237-a315ab00de7c">
      <Execution id="bff23640-b154-4a75-bd3a-2e1f88d69db9" />
      <TestMethod codeBase="D:\actions-runner\_work\XPCO\XPCO\Corporate\VideoOS.Administration.AddIn.UnitTests\bin\x64\Debug\VideoOS.Administration.AddIn.UnitTests.dll" adapterTypeName="executor://mstestadapter/v2" className="VideoOS.Administration.AddIn.UnitTests.DeviceStreamsPresenterTests" name="DeviceStreamsPresenter_StreamGridCellChange_SelectLiveModeNever_ResetsValueIfNoOtherRow" />
    </UnitTest>
    <UnitTest name="MatchDevices_SingleCameraReplace_ShouldGetTheCorrectMappingBack" storage="d:\actions-runner\_work\xpco\xpco\corporate\videoos.administration.addin.unittests\bin\x64\debug\videoos.administration.addin.unittests.dll" id="3c6a3fd6-1062-1815-8bfd-6cc43579db2a">
      <Execution id="8e4dcbde-4b8d-4ffd-8f3e-1b6805937c5e" />
      <TestMethod codeBase="D:\actions-runner\_work\XPCO\XPCO\Corporate\VideoOS.Administration.AddIn.UnitTests\bin\x64\Debug\VideoOS.Administration.AddIn.UnitTests.dll" adapterTypeName="executor://mstestadapter/v2" className="VideoOS.Administration.AddIn.UnitTests.RecorderAddIn.ReplaceHardware.HardwareMapperTests" name="MatchDevices_SingleCameraReplace_ShouldGetTheCorrectMappingBack" />
    </UnitTest>
    <UnitTest name="TestPreviewImageEditor_RenderImageWithUnsupportedMask" storage="d:\actions-runner\_work\xpco\xpco\corporate\videoos.administration.addin.unittests\bin\x64\debug\videoos.administration.addin.unittests.dll" id="0438abe8-4439-c3c9-60ea-78deff67b8aa">
      <Execution id="a90f7a1a-d265-4399-a9b9-0773c01aaee2" />
      <TestMethod codeBase="D:\actions-runner\_work\XPCO\XPCO\Corporate\VideoOS.Administration.AddIn.UnitTests\bin\x64\Debug\VideoOS.Administration.AddIn.UnitTests.dll" adapterTypeName="executor://mstestadapter/v2" className="VideoOS.Administration.AddIn.UnitTests.PreviewImageEditorTests" name="TestPreviewImageEditor_RenderImageWithUnsupportedMask" />
    </UnitTest>
    <UnitTest name="Compare_ThrowsArgumentNullException_OnNullAsY" storage="d:\actions-runner\_work\xpco\xpco\corporate\videoos.administration.addin.unittests\bin\x64\debug\videoos.administration.addin.unittests.dll" id="5fde95c3-7e30-e8c4-e680-fa0ae9e4a267">
      <TestCategory>
        <TestCategoryItem TestCategory="Replace Hardware" />
      </TestCategory>
      <Execution id="ab4d2c34-eaad-429d-9496-f945e9c6b49d" />
      <TestMethod codeBase="D:\actions-runner\_work\XPCO\XPCO\Corporate\VideoOS.Administration.AddIn.UnitTests\bin\x64\Debug\VideoOS.Administration.AddIn.UnitTests.dll" adapterTypeName="executor://mstestadapter/v2" className="VideoOS.Administration.AddIn.UnitTests.ComboBoxItemComparerTests" name="Compare_ThrowsArgumentNullException_OnNullAsY" />
    </UnitTest>
    <UnitTest name="DeviceStreamsPresenter_InitializeStreamGridLayout_FeatureMissing_LiveMultistreaming_Success" storage="d:\actions-runner\_work\xpco\xpco\corporate\videoos.administration.addin.unittests\bin\x64\debug\videoos.administration.addin.unittests.dll" id="580d30cb-ccf6-691e-cd10-eef749e065e9">
      <Execution id="20934147-fc5e-47f8-bc48-7595c87bba9b" />
      <TestMethod codeBase="D:\actions-runner\_work\XPCO\XPCO\Corporate\VideoOS.Administration.AddIn.UnitTests\bin\x64\Debug\VideoOS.Administration.AddIn.UnitTests.dll" adapterTypeName="executor://mstestadapter/v2" className="VideoOS.Administration.AddIn.UnitTests.DeviceStreamsPresenterTests" name="DeviceStreamsPresenter_InitializeStreamGridLayout_FeatureMissing_LiveMultistreaming_Success" />
    </UnitTest>
    <UnitTest name="SystemDashboard_TestExtensionMethodsReturnsAllServerTypes" storage="d:\actions-runner\_work\xpco\xpco\corporate\videoos.administration.addin.unittests\bin\x64\debug\videoos.administration.addin.unittests.dll" id="d205b5b6-ec71-41b4-0268-845eb78bb24d">
      <Execution id="f18a0309-6c76-4ada-945e-3c8b359a449c" />
      <TestMethod codeBase="D:\actions-runner\_work\XPCO\XPCO\Corporate\VideoOS.Administration.AddIn.UnitTests\bin\x64\Debug\VideoOS.Administration.AddIn.UnitTests.dll" adapterTypeName="executor://mstestadapter/v2" className="VideoOS.Administration.AddIn.UnitTests.SystemDashboardDataProviderTests" name="SystemDashboard_TestExtensionMethodsReturnsAllServerTypes" />
    </UnitTest>
    <UnitTest name="DevicePositionWithCoordinates_ShouldBeVisible_WhenDeviceIsMicrophone" storage="d:\actions-runner\_work\xpco\xpco\corporate\videoos.administration.addin.unittests\bin\x64\debug\videoos.administration.addin.unittests.dll" id="02c8a322-7cd5-dff6-349e-70fc3ef9fea3">
      <Execution id="138cba97-aee8-4860-901e-588379255e21" />
      <TestMethod codeBase="D:\actions-runner\_work\XPCO\XPCO\Corporate\VideoOS.Administration.AddIn.UnitTests\bin\x64\Debug\VideoOS.Administration.AddIn.UnitTests.dll" adapterTypeName="executor://mstestadapter/v2" className="VideoOS.Administration.AddIn.UnitTests.UserControlDeviceInfoTests" name="DevicePositionWithCoordinates_ShouldBeVisible_WhenDeviceIsMicrophone" />
    </UnitTest>
    <UnitTest name="AutoDiscovery_HardwareSetupInfoManager_HardwareSetupInfoSetupResponseReceived_WhenAlreadyAdded" storage="d:\actions-runner\_work\xpco\xpco\corporate\videoos.administration.addin.unittests\bin\x64\debug\videoos.administration.addin.unittests.dll" id="42e4f450-7395-f6d6-eea8-b0480cfd707c">
      <TestCategory>
        <TestCategoryItem TestCategory="AutoDiscovery_HardwareSetupInfoManager" />
      </TestCategory>
      <Execution id="85483638-0c2d-4bc2-9f29-02e586717db5" />
      <TestMethod codeBase="D:\actions-runner\_work\XPCO\XPCO\Corporate\VideoOS.Administration.AddIn.UnitTests\bin\x64\Debug\VideoOS.Administration.AddIn.UnitTests.dll" adapterTypeName="executor://mstestadapter/v2" className="VideoOS.Administration.AddIn.UnitTests.RecorderAddIn.HardwareLocator.AutoDiscovery_HardwareSetupInfoManagerUnittest" name="AutoDiscovery_HardwareSetupInfoManager_HardwareSetupInfoSetupResponseReceived_WhenAlreadyAdded" />
    </UnitTest>
    <UnitTest name="SystemDashboard_TestExtensionsAllServersMustReturnAllServers" storage="d:\actions-runner\_work\xpco\xpco\corporate\videoos.administration.addin.unittests\bin\x64\debug\videoos.administration.addin.unittests.dll" id="43dfe9cb-5587-aaa5-bc68-4d765dd0b91a">
      <Execution id="fb0bdf0d-1c0c-40cd-a283-22a5cc69a82e" />
      <TestMethod codeBase="D:\actions-runner\_work\XPCO\XPCO\Corporate\VideoOS.Administration.AddIn.UnitTests\bin\x64\Debug\VideoOS.Administration.AddIn.UnitTests.dll" adapterTypeName="executor://mstestadapter/v2" className="VideoOS.Administration.AddIn.UnitTests.SystemsDashboardExtensionsTest" name="SystemDashboard_TestExtensionsAllServersMustReturnAllServers" />
    </UnitTest>
    <UnitTest name="AddAppointmentConfiguration_AddsRecurenceStartTimeToTable_OnAppointmentWithRecurrence" storage="d:\actions-runner\_work\xpco\xpco\corporate\videoos.administration.addin.unittests\bin\x64\debug\videoos.administration.addin.unittests.dll" id="3b4bf237-9a3e-c44c-1049-12240268cdb9">
      <TestCategory>
        <TestCategoryItem TestCategory="Time profile" />
      </TestCategory>
      <Execution id="12938714-396e-4a71-8e50-f980d70c9e97" />
      <TestMethod codeBase="D:\actions-runner\_work\XPCO\XPCO\Corporate\VideoOS.Administration.AddIn.UnitTests\bin\x64\Debug\VideoOS.Administration.AddIn.UnitTests.dll" adapterTypeName="executor://mstestadapter/v2" className="VideoOS.Administration.AddIn.UnitTests.DialogSelectRecurrenceTests" name="AddAppointmentConfiguration_AddsRecurenceStartTimeToTable_OnAppointmentWithRecurrence" />
    </UnitTest>
    <UnitTest name="AddAppointmentConfiguration_ThrowsArgumentNullException_OnNullAsTable" storage="d:\actions-runner\_work\xpco\xpco\corporate\videoos.administration.addin.unittests\bin\x64\debug\videoos.administration.addin.unittests.dll" id="1efa6998-b9f4-c890-919c-1266e785772c">
      <TestCategory>
        <TestCategoryItem TestCategory="Time profile" />
      </TestCategory>
      <Execution id="86f20a74-c22b-48cb-9b6b-0d33ab0e2304" />
      <TestMethod codeBase="D:\actions-runner\_work\XPCO\XPCO\Corporate\VideoOS.Administration.AddIn.UnitTests\bin\x64\Debug\VideoOS.Administration.AddIn.UnitTests.dll" adapterTypeName="executor://mstestadapter/v2" className="VideoOS.Administration.AddIn.UnitTests.DialogSelectSingleTimeTests" name="AddAppointmentConfiguration_ThrowsArgumentNullException_OnNullAsTable" />
    </UnitTest>
    <UnitTest name="Compare_ThrowsArgumentNullException_OnNullAsX" storage="d:\actions-runner\_work\xpco\xpco\corporate\videoos.administration.addin.unittests\bin\x64\debug\videoos.administration.addin.unittests.dll" id="0b6ba4fa-0368-c614-1c99-ed17355eaa34">
      <TestCategory>
        <TestCategoryItem TestCategory="Replace Hardware" />
      </TestCategory>
      <Execution id="af972f8c-9906-40ff-9297-83ca66f5719b" />
      <TestMethod codeBase="D:\actions-runner\_work\XPCO\XPCO\Corporate\VideoOS.Administration.AddIn.UnitTests\bin\x64\Debug\VideoOS.Administration.AddIn.UnitTests.dll" adapterTypeName="executor://mstestadapter/v2" className="VideoOS.Administration.AddIn.UnitTests.ComboBoxItemComparerTests" name="Compare_ThrowsArgumentNullException_OnNullAsX" />
    </UnitTest>
    <UnitTest name="PlatformTree_SetState_ToDisabled" storage="d:\actions-runner\_work\xpco\xpco\corporate\videoos.administration.addin.unittests\bin\x64\debug\videoos.administration.addin.unittests.dll" id="dfcd69f2-1e94-be49-18d9-6be156f39fd0">
      <TestCategory>
        <TestCategoryItem TestCategory="PlatformTree" />
      </TestCategory>
      <Execution id="9b4cdc50-7e06-4f27-9c02-18945e757732" />
      <TestMethod codeBase="D:\actions-runner\_work\XPCO\XPCO\Corporate\VideoOS.Administration.AddIn.UnitTests\bin\x64\Debug\VideoOS.Administration.AddIn.UnitTests.dll" adapterTypeName="executor://mstestadapter/v2" className="VideoOS.Administration.AddIn.UnitTests.PlatformAddin.PlatformTreeTest" name="PlatformTree_SetState_ToDisabled" />
    </UnitTest>
    <UnitTest name="DeviceStreamsPresenter_AcceptControls_Success" storage="d:\actions-runner\_work\xpco\xpco\corporate\videoos.administration.addin.unittests\bin\x64\debug\videoos.administration.addin.unittests.dll" id="24aca85a-ff16-31ac-5ddb-21acea6b05b5">
      <Execution id="9c8f1a49-ea3e-4e5c-aee7-f0de6ecb379a" />
      <TestMethod codeBase="D:\actions-runner\_work\XPCO\XPCO\Corporate\VideoOS.Administration.AddIn.UnitTests\bin\x64\Debug\VideoOS.Administration.AddIn.UnitTests.dll" adapterTypeName="executor://mstestadapter/v2" className="VideoOS.Administration.AddIn.UnitTests.DeviceStreamsPresenterTests" name="DeviceStreamsPresenter_AcceptControls_Success" />
    </UnitTest>
    <UnitTest name="DeviceStreamsPresenter_InitializeStreamGridLayout_FeatureMissing_EdgeStorage_Success" storage="d:\actions-runner\_work\xpco\xpco\corporate\videoos.administration.addin.unittests\bin\x64\debug\videoos.administration.addin.unittests.dll" id="4a4110f9-105b-7a23-764b-de4d4e22f663">
      <Execution id="57bf50be-d9e8-4eae-a3f6-fe00f164f018" />
      <TestMethod codeBase="D:\actions-runner\_work\XPCO\XPCO\Corporate\VideoOS.Administration.AddIn.UnitTests\bin\x64\Debug\VideoOS.Administration.AddIn.UnitTests.dll" adapterTypeName="executor://mstestadapter/v2" className="VideoOS.Administration.AddIn.UnitTests.DeviceStreamsPresenterTests" name="DeviceStreamsPresenter_InitializeStreamGridLayout_FeatureMissing_EdgeStorage_Success" />
    </UnitTest>
    <UnitTest name="AutoDiscovery_HardwareSetupInfoManager_HardwareSetupInfoSetupResponseReceived_WhenGeneral" storage="d:\actions-runner\_work\xpco\xpco\corporate\videoos.administration.addin.unittests\bin\x64\debug\videoos.administration.addin.unittests.dll" id="9e0b4438-b56e-0df4-f0e3-4f25eb81fbea">
      <TestCategory>
        <TestCategoryItem TestCategory="AutoDiscovery_HardwareSetupInfoManager" />
      </TestCategory>
      <Execution id="c12992b0-950f-4675-9ffe-5b43f96582bb" />
      <TestMethod codeBase="D:\actions-runner\_work\XPCO\XPCO\Corporate\VideoOS.Administration.AddIn.UnitTests\bin\x64\Debug\VideoOS.Administration.AddIn.UnitTests.dll" adapterTypeName="executor://mstestadapter/v2" className="VideoOS.Administration.AddIn.UnitTests.RecorderAddIn.HardwareLocator.AutoDiscovery_HardwareSetupInfoManagerUnittest" name="AutoDiscovery_HardwareSetupInfoManager_HardwareSetupInfoSetupResponseReceived_WhenGeneral" />
    </UnitTest>
    <UnitTest name="AddpluginProperties_AddsTextNoItemsDefinedToReport_OnPluginWithItemNodeAllowManyAndNoProperties" storage="d:\actions-runner\_work\xpco\xpco\corporate\videoos.administration.addin.unittests\bin\x64\debug\videoos.administration.addin.unittests.dll" id="9f3493b8-a151-61a6-cb0a-dc5a367ecb41">
      <TestCategory>
        <TestCategoryItem TestCategory="Platform" />
      </TestCategory>
      <Execution id="ca66ceb6-956a-4eda-b7a4-889f964e3948" />
      <TestMethod codeBase="D:\actions-runner\_work\XPCO\XPCO\Corporate\VideoOS.Administration.AddIn.UnitTests\bin\x64\Debug\VideoOS.Administration.AddIn.UnitTests.dll" adapterTypeName="executor://mstestadapter/v2" className="VideoOS.Administration.AddIn.UnitTests.PlatformAddin.PlatformConfigReportTests" name="AddpluginProperties_AddsTextNoItemsDefinedToReport_OnPluginWithItemNodeAllowManyAndNoProperties" />
    </UnitTest>
    <UnitTest name="TestPreviewImageEditor_UpdatePreviewImageWithMaskAndNoGrid" storage="d:\actions-runner\_work\xpco\xpco\corporate\videoos.administration.addin.unittests\bin\x64\debug\videoos.administration.addin.unittests.dll" id="485a5b3b-c137-6439-9f85-d40bb4be04d1">
      <Execution id="4e7037a6-7c53-4710-942c-dff37cbe94cf" />
      <TestMethod codeBase="D:\actions-runner\_work\XPCO\XPCO\Corporate\VideoOS.Administration.AddIn.UnitTests\bin\x64\Debug\VideoOS.Administration.AddIn.UnitTests.dll" adapterTypeName="executor://mstestadapter/v2" className="VideoOS.Administration.AddIn.UnitTests.PreviewImageEditorTests" name="TestPreviewImageEditor_UpdatePreviewImageWithMaskAndNoGrid" />
    </UnitTest>
    <UnitTest name="TestOnePermanentNoMotion" storage="d:\actions-runner\_work\xpco\xpco\corporate\videoos.administration.addin.unittests\bin\x64\debug\videoos.administration.addin.unittests.dll" id="12589cad-d78c-ddf3-e49f-67ef09d53045">
      <Execution id="f36d4312-7662-4eab-945b-9f51395fbacb" />
      <TestMethod codeBase="D:\actions-runner\_work\XPCO\XPCO\Corporate\VideoOS.Administration.AddIn.UnitTests\bin\x64\Debug\VideoOS.Administration.AddIn.UnitTests.dll" adapterTypeName="executor://mstestadapter/v2" className="VideoOS.Administration.AddIn.UnitTests.PrivacyProtectionValidatorTests" name="TestOnePermanentNoMotion" />
    </UnitTest>
    <UnitTest name="TestPreviewImageEditor_UpdatePreviewImageWithGrid" storage="d:\actions-runner\_work\xpco\xpco\corporate\videoos.administration.addin.unittests\bin\x64\debug\videoos.administration.addin.unittests.dll" id="98e89c7c-e44a-309e-df1a-ac3d03646028">
      <Execution id="28a3ee8e-d810-4a86-8120-0f27629a434a" />
      <TestMethod codeBase="D:\actions-runner\_work\XPCO\XPCO\Corporate\VideoOS.Administration.AddIn.UnitTests\bin\x64\Debug\VideoOS.Administration.AddIn.UnitTests.dll" adapterTypeName="executor://mstestadapter/v2" className="VideoOS.Administration.AddIn.UnitTests.PreviewImageEditorTests" name="TestPreviewImageEditor_UpdatePreviewImageWithGrid" />
    </UnitTest>
    <UnitTest name="SystemDashboard_TestExtensionMethodsReturnsAllCameraGroupings" storage="d:\actions-runner\_work\xpco\xpco\corporate\videoos.administration.addin.unittests\bin\x64\debug\videoos.administration.addin.unittests.dll" id="2aee9aa6-1898-d9fb-01b3-44175bf4d857">
      <Execution id="9ec9f1d0-72ee-463f-98e7-ede1efafff65" />
      <TestMethod codeBase="D:\actions-runner\_work\XPCO\XPCO\Corporate\VideoOS.Administration.AddIn.UnitTests\bin\x64\Debug\VideoOS.Administration.AddIn.UnitTests.dll" adapterTypeName="executor://mstestadapter/v2" className="VideoOS.Administration.AddIn.UnitTests.SystemsDashboardExtensionsTest" name="SystemDashboard_TestExtensionMethodsReturnsAllCameraGroupings" />
    </UnitTest>
    <UnitTest name="MayHaveOldData_Single_StreamAndTrack" storage="d:\actions-runner\_work\xpco\xpco\corporate\videoos.administration.addin.unittests\bin\x64\debug\videoos.administration.addin.unittests.dll" id="e96adb18-02dd-6406-900d-53269c403156">
      <Execution id="5ecd9b8e-5c17-4a5e-9e1d-01689debd295" />
      <TestMethod codeBase="D:\actions-runner\_work\XPCO\XPCO\Corporate\VideoOS.Administration.AddIn.UnitTests\bin\x64\Debug\VideoOS.Administration.AddIn.UnitTests.dll" adapterTypeName="executor://mstestadapter/v2" className="VideoOS.Administration.AddIn.UnitTests.DeviceStreamQueryTests" name="MayHaveOldData_Single_StreamAndTrack" />
    </UnitTest>
    <UnitTest name="AddOptionsDialogProperties_AddsBulletCollection_OnEmptySections" storage="d:\actions-runner\_work\xpco\xpco\corporate\videoos.administration.addin.unittests\bin\x64\debug\videoos.administration.addin.unittests.dll" id="a35de4fe-a1e0-4d26-83b9-814d09c3b805">
      <TestCategory>
        <TestCategoryItem TestCategory="Platform" />
      </TestCategory>
      <Execution id="1c399bdd-1a56-442c-af75-46252f5dc2de" />
      <TestMethod codeBase="D:\actions-runner\_work\XPCO\XPCO\Corporate\VideoOS.Administration.AddIn.UnitTests\bin\x64\Debug\VideoOS.Administration.AddIn.UnitTests.dll" adapterTypeName="executor://mstestadapter/v2" className="VideoOS.Administration.AddIn.UnitTests.PlatformAddin.PlatformConfigReportTests" name="AddOptionsDialogProperties_AddsBulletCollection_OnEmptySections" />
    </UnitTest>
    <UnitTest name="ExecuteReplaceHardware_ThrowsArgumentNullException_OnNullAsLocals" storage="d:\actions-runner\_work\xpco\xpco\corporate\videoos.administration.addin.unittests\bin\x64\debug\videoos.administration.addin.unittests.dll" id="177d3627-df9b-2bf0-2355-7c340f69220d">
      <TestCategory>
        <TestCategoryItem TestCategory="Replace Hardware" />
      </TestCategory>
      <Execution id="48f7d001-50ec-4cec-92dc-062e55a53b9a" />
      <TestMethod codeBase="D:\actions-runner\_work\XPCO\XPCO\Corporate\VideoOS.Administration.AddIn.UnitTests\bin\x64\Debug\VideoOS.Administration.AddIn.UnitTests.dll" adapterTypeName="executor://mstestadapter/v2" className="VideoOS.Administration.AddIn.UnitTests.ReplaceHardwareToolsTests" name="ExecuteReplaceHardware_ThrowsArgumentNullException_OnNullAsLocals" />
    </UnitTest>
    <UnitTest name="MatchDevices_MultipleCameraReplace_ShouldGetTheCorrectMappingBack" storage="d:\actions-runner\_work\xpco\xpco\corporate\videoos.administration.addin.unittests\bin\x64\debug\videoos.administration.addin.unittests.dll" id="c3bcac8f-bb02-bb3d-6d2e-754b50d6d0dd">
      <Execution id="f44c1d9c-b579-460b-9c5c-663e82bd3eac" />
      <TestMethod codeBase="D:\actions-runner\_work\XPCO\XPCO\Corporate\VideoOS.Administration.AddIn.UnitTests\bin\x64\Debug\VideoOS.Administration.AddIn.UnitTests.dll" adapterTypeName="executor://mstestadapter/v2" className="VideoOS.Administration.AddIn.UnitTests.RecorderAddIn.ReplaceHardware.HardwareMapperTests" name="MatchDevices_MultipleCameraReplace_ShouldGetTheCorrectMappingBack" />
    </UnitTest>
    <UnitTest name="AddAppointmentConfiguration_AddsRecurenceRangeStopToTable_OnAppointmentWithRecurrenceWithNoLimit" storage="d:\actions-runner\_work\xpco\xpco\corporate\videoos.administration.addin.unittests\bin\x64\debug\videoos.administration.addin.unittests.dll" id="31386553-c8b5-4c61-cfd2-0a7434f2e8d1">
      <TestCategory>
        <TestCategoryItem TestCategory="Time profile" />
      </TestCategory>
      <Execution id="32a95b14-e5ec-4d75-8d82-763a735ace15" />
      <TestMethod codeBase="D:\actions-runner\_work\XPCO\XPCO\Corporate\VideoOS.Administration.AddIn.UnitTests\bin\x64\Debug\VideoOS.Administration.AddIn.UnitTests.dll" adapterTypeName="executor://mstestadapter/v2" className="VideoOS.Administration.AddIn.UnitTests.DialogSelectRecurrenceTests" name="AddAppointmentConfiguration_AddsRecurenceRangeStopToTable_OnAppointmentWithRecurrenceWithNoLimit" />
    </UnitTest>
    <UnitTest name="Compare_Returns0_OnNoneVsNone" storage="d:\actions-runner\_work\xpco\xpco\corporate\videoos.administration.addin.unittests\bin\x64\debug\videoos.administration.addin.unittests.dll" id="4503a5ff-6554-1559-d979-738d496923a6">
      <TestCategory>
        <TestCategoryItem TestCategory="Replace Hardware" />
      </TestCategory>
      <Execution id="40eba534-6679-4ef7-81b5-dab186bd4820" />
      <TestMethod codeBase="D:\actions-runner\_work\XPCO\XPCO\Corporate\VideoOS.Administration.AddIn.UnitTests\bin\x64\Debug\VideoOS.Administration.AddIn.UnitTests.dll" adapterTypeName="executor://mstestadapter/v2" className="VideoOS.Administration.AddIn.UnitTests.ComboBoxItemComparerTests" name="Compare_Returns0_OnNoneVsNone" />
    </UnitTest>
    <UnitTest name="AddpluginProperties_DoesNotAddHeading2_OnChildItemWithNoProperties" storage="d:\actions-runner\_work\xpco\xpco\corporate\videoos.administration.addin.unittests\bin\x64\debug\videoos.administration.addin.unittests.dll" id="9896299e-af3d-82ea-8005-b83fb3576796">
      <TestCategory>
        <TestCategoryItem TestCategory="Platform" />
      </TestCategory>
      <Execution id="ae3d2576-1e5b-4f30-a881-645507868543" />
      <TestMethod codeBase="D:\actions-runner\_work\XPCO\XPCO\Corporate\VideoOS.Administration.AddIn.UnitTests\bin\x64\Debug\VideoOS.Administration.AddIn.UnitTests.dll" adapterTypeName="executor://mstestadapter/v2" className="VideoOS.Administration.AddIn.UnitTests.PlatformAddin.PlatformConfigReportTests" name="AddpluginProperties_DoesNotAddHeading2_OnChildItemWithNoProperties" />
    </UnitTest>
    <UnitTest name="AddOptionsDialogProperties_AddsTableToReport_OnExistingPropertiesInSections" storage="d:\actions-runner\_work\xpco\xpco\corporate\videoos.administration.addin.unittests\bin\x64\debug\videoos.administration.addin.unittests.dll" id="b451113a-3d92-c47f-b131-c2d284c790cc">
      <TestCategory>
        <TestCategoryItem TestCategory="Platform" />
      </TestCategory>
      <Execution id="2387d3ff-03f6-4ff7-9b54-228ef9ba3074" />
      <TestMethod codeBase="D:\actions-runner\_work\XPCO\XPCO\Corporate\VideoOS.Administration.AddIn.UnitTests\bin\x64\Debug\VideoOS.Administration.AddIn.UnitTests.dll" adapterTypeName="executor://mstestadapter/v2" className="VideoOS.Administration.AddIn.UnitTests.PlatformAddin.PlatformConfigReportTests" name="AddOptionsDialogProperties_AddsTableToReport_OnExistingPropertiesInSections" />
    </UnitTest>
    <UnitTest name="MayHaveOldData_Single_None" storage="d:\actions-runner\_work\xpco\xpco\corporate\videoos.administration.addin.unittests\bin\x64\debug\videoos.administration.addin.unittests.dll" id="a1f30fa6-c9a3-b761-1470-5912e445ddb0">
      <Execution id="5c14c3d4-22b0-49ad-bed3-4fb6d55c2a5b" />
      <TestMethod codeBase="D:\actions-runner\_work\XPCO\XPCO\Corporate\VideoOS.Administration.AddIn.UnitTests\bin\x64\Debug\VideoOS.Administration.AddIn.UnitTests.dll" adapterTypeName="executor://mstestadapter/v2" className="VideoOS.Administration.AddIn.UnitTests.DeviceStreamQueryTests" name="MayHaveOldData_Single_None" />
    </UnitTest>
    <UnitTest name="AddPluginProperties_ThrowsArgumentNullException_OnNullAsPluginDefinition" storage="d:\actions-runner\_work\xpco\xpco\corporate\videoos.administration.addin.unittests\bin\x64\debug\videoos.administration.addin.unittests.dll" id="bec3b721-a798-d418-3c9e-7f91976e895b">
      <TestCategory>
        <TestCategoryItem TestCategory="Platform" />
      </TestCategory>
      <Execution id="030d93d1-797d-41e1-bc53-e231ef2e9583" />
      <TestMethod codeBase="D:\actions-runner\_work\XPCO\XPCO\Corporate\VideoOS.Administration.AddIn.UnitTests\bin\x64\Debug\VideoOS.Administration.AddIn.UnitTests.dll" adapterTypeName="executor://mstestadapter/v2" className="VideoOS.Administration.AddIn.UnitTests.PlatformAddin.PlatformConfigReportTests" name="AddPluginProperties_ThrowsArgumentNullException_OnNullAsPluginDefinition" />
    </UnitTest>
    <UnitTest name="AddAppointmentConfiguration_AddsRecurenceRangeStopToTable_OnAppointmentWithRecurrenceWithLimitByNumberOfOccurrences" storage="d:\actions-runner\_work\xpco\xpco\corporate\videoos.administration.addin.unittests\bin\x64\debug\videoos.administration.addin.unittests.dll" id="a154d89e-01c3-c51d-81db-c847361f4fc8">
      <TestCategory>
        <TestCategoryItem TestCategory="Time profile" />
      </TestCategory>
      <Execution id="44094e6a-ffab-44f9-9129-69e89b09c8bd" />
      <TestMethod codeBase="D:\actions-runner\_work\XPCO\XPCO\Corporate\VideoOS.Administration.AddIn.UnitTests\bin\x64\Debug\VideoOS.Administration.AddIn.UnitTests.dll" adapterTypeName="executor://mstestadapter/v2" className="VideoOS.Administration.AddIn.UnitTests.DialogSelectRecurrenceTests" name="AddAppointmentConfiguration_AddsRecurenceRangeStopToTable_OnAppointmentWithRecurrenceWithLimitByNumberOfOccurrences" />
    </UnitTest>
    <UnitTest name="PlatformTree_GetPropertyDisableState_IsDisabledWithTrue" storage="d:\actions-runner\_work\xpco\xpco\corporate\videoos.administration.addin.unittests\bin\x64\debug\videoos.administration.addin.unittests.dll" id="7fdd4702-2384-7b12-4515-ceca6e498b2b">
      <TestCategory>
        <TestCategoryItem TestCategory="PlatformTree" />
      </TestCategory>
      <Execution id="526989e9-f024-4df9-9c23-1ef076f9a8f0" />
      <TestMethod codeBase="D:\actions-runner\_work\XPCO\XPCO\Corporate\VideoOS.Administration.AddIn.UnitTests\bin\x64\Debug\VideoOS.Administration.AddIn.UnitTests.dll" adapterTypeName="executor://mstestadapter/v2" className="VideoOS.Administration.AddIn.UnitTests.PlatformAddin.PlatformTreeTest" name="PlatformTree_GetPropertyDisableState_IsDisabledWithTrue" />
    </UnitTest>
    <UnitTest name="RecursiveFindFirstDeviceInDeviceGroup_ReturnsNull_OnEmptyGroup" storage="d:\actions-runner\_work\xpco\xpco\corporate\videoos.administration.addin.unittests\bin\x64\debug\videoos.administration.addin.unittests.dll" id="ee011022-d762-a525-f47c-ef2d97d268b5">
      <TestCategory>
        <TestCategoryItem TestCategory="Pickers" />
      </TestCategory>
      <Execution id="79ed9afd-1aca-445c-aa3c-6f2d4bdf9fb7" />
      <TestMethod codeBase="D:\actions-runner\_work\XPCO\XPCO\Corporate\VideoOS.Administration.AddIn.UnitTests\bin\x64\Debug\VideoOS.Administration.AddIn.UnitTests.dll" adapterTypeName="executor://mstestadapter/v2" className="VideoOS.Administration.AddIn.UnitTests.PickerSettingsTests" name="RecursiveFindFirstDeviceInDeviceGroup_ReturnsNull_OnEmptyGroup" />
    </UnitTest>
    <UnitTest name="ApplyCellStyleToEditingControl_ThrowsArgumentNullException_OnNullAsDataGridViewCellStyle" storage="d:\actions-runner\_work\xpco\xpco\corporate\videoos.administration.addin.unittests\bin\x64\debug\videoos.administration.addin.unittests.dll" id="d97b1898-351b-38c7-fcb4-9c796f3cafb2">
      <TestCategory>
        <TestCategoryItem TestCategory="Generic Control" />
      </TestCategory>
      <Execution id="65479ee0-e04b-4643-8cad-3cbe9f19f3c9" />
      <TestMethod codeBase="D:\actions-runner\_work\XPCO\XPCO\Corporate\VideoOS.Administration.AddIn.UnitTests\bin\x64\Debug\VideoOS.Administration.AddIn.UnitTests.dll" adapterTypeName="executor://mstestadapter/v2" className="VideoOS.Administration.AddIn.UnitTests.TextEditingControlTests" name="ApplyCellStyleToEditingControl_ThrowsArgumentNullException_OnNullAsDataGridViewCellStyle" />
    </UnitTest>
    <UnitTest name="ConfigurationLookupHelperTest_TestSourceProviderGetAllfailoverServers_EmptyResult" storage="d:\actions-runner\_work\xpco\xpco\corporate\videoos.administration.addin.unittests\bin\x64\debug\videoos.administration.addin.unittests.dll" id="048a50cc-0f82-5d3d-1a4b-cd9e0cb698fc">
      <Execution id="928c5eb3-1354-464a-98ba-60f6f09e864d" />
      <TestMethod codeBase="D:\actions-runner\_work\XPCO\XPCO\Corporate\VideoOS.Administration.AddIn.UnitTests\bin\x64\Debug\VideoOS.Administration.AddIn.UnitTests.dll" adapterTypeName="executor://mstestadapter/v2" className="VideoOS.Administration.AddIn.UnitTests.SystemMonitorDashboard.ConfigurationLookupHelperTest" name="ConfigurationLookupHelperTest_TestSourceProviderGetAllfailoverServers_EmptyResult" />
    </UnitTest>
    <UnitTest name="AutoDiscovery_HardwareSetupInfoManager_HardwareSetupInfoSetupResponseReceived_WhenSetupError" storage="d:\actions-runner\_work\xpco\xpco\corporate\videoos.administration.addin.unittests\bin\x64\debug\videoos.administration.addin.unittests.dll" id="eac9c4da-8035-175d-2282-ea21532e2ba0">
      <TestCategory>
        <TestCategoryItem TestCategory="AutoDiscovery_HardwareSetupInfoManager" />
      </TestCategory>
      <Execution id="c1820863-22db-4fba-989f-8fe658b924fa" />
      <TestMethod codeBase="D:\actions-runner\_work\XPCO\XPCO\Corporate\VideoOS.Administration.AddIn.UnitTests\bin\x64\Debug\VideoOS.Administration.AddIn.UnitTests.dll" adapterTypeName="executor://mstestadapter/v2" className="VideoOS.Administration.AddIn.UnitTests.RecorderAddIn.HardwareLocator.AutoDiscovery_HardwareSetupInfoManagerUnittest" name="AutoDiscovery_HardwareSetupInfoManager_HardwareSetupInfoSetupResponseReceived_WhenSetupError" />
    </UnitTest>
    <UnitTest name="AutoDiscovery_HardwareSetupInfoManager_HardwareSetupInfoSetupResponseReceived_WhenTimeout" storage="d:\actions-runner\_work\xpco\xpco\corporate\videoos.administration.addin.unittests\bin\x64\debug\videoos.administration.addin.unittests.dll" id="02412441-f508-cc91-7f3f-04251c5aaa0a">
      <TestCategory>
        <TestCategoryItem TestCategory="AutoDiscovery_HardwareSetupInfoManager" />
      </TestCategory>
      <Execution id="3f22d39b-6b42-426f-b4f9-c0210a02a6c1" />
      <TestMethod codeBase="D:\actions-runner\_work\XPCO\XPCO\Corporate\VideoOS.Administration.AddIn.UnitTests\bin\x64\Debug\VideoOS.Administration.AddIn.UnitTests.dll" adapterTypeName="executor://mstestadapter/v2" className="VideoOS.Administration.AddIn.UnitTests.RecorderAddIn.HardwareLocator.AutoDiscovery_HardwareSetupInfoManagerUnittest" name="AutoDiscovery_HardwareSetupInfoManager_HardwareSetupInfoSetupResponseReceived_WhenTimeout" />
    </UnitTest>
    <UnitTest name="TestCompositeGrid_SetRegionClearsPopulatedCellsOfOtherGrid" storage="d:\actions-runner\_work\xpco\xpco\corporate\videoos.administration.addin.unittests\bin\x64\debug\videoos.administration.addin.unittests.dll" id="d29c4645-c75e-91c9-94e2-eba71b12d2da">
      <Execution id="04e16d19-b9d9-4d8a-8174-382d96774621" />
      <TestMethod codeBase="D:\actions-runner\_work\XPCO\XPCO\Corporate\VideoOS.Administration.AddIn.UnitTests\bin\x64\Debug\VideoOS.Administration.AddIn.UnitTests.dll" adapterTypeName="executor://mstestadapter/v2" className="VideoOS.Administration.AddIn.UnitTests.RecorderAddIn.PrivacyProtectionHelpers.CompositeGridTests" name="TestCompositeGrid_SetRegionClearsPopulatedCellsOfOtherGrid" />
    </UnitTest>
    <UnitTest name="TestPreviewImageEditor_CreatePenOverlayWithoutPreviewImage" storage="d:\actions-runner\_work\xpco\xpco\corporate\videoos.administration.addin.unittests\bin\x64\debug\videoos.administration.addin.unittests.dll" id="e2bdb57c-0bc2-b757-029c-eb5f73777daf">
      <Execution id="d4b296e5-f80c-46dc-91b9-73581ea6efa2" />
      <TestMethod codeBase="D:\actions-runner\_work\XPCO\XPCO\Corporate\VideoOS.Administration.AddIn.UnitTests\bin\x64\Debug\VideoOS.Administration.AddIn.UnitTests.dll" adapterTypeName="executor://mstestadapter/v2" className="VideoOS.Administration.AddIn.UnitTests.PreviewImageEditorTests" name="TestPreviewImageEditor_CreatePenOverlayWithoutPreviewImage" />
    </UnitTest>
    <UnitTest name="TestOneRemovableNoMotion" storage="d:\actions-runner\_work\xpco\xpco\corporate\videoos.administration.addin.unittests\bin\x64\debug\videoos.administration.addin.unittests.dll" id="2c35c50a-a23b-af15-227f-ab717cc0242d">
      <Execution id="36ac002c-cba5-4e29-9857-dcbd0fab264f" />
      <TestMethod codeBase="D:\actions-runner\_work\XPCO\XPCO\Corporate\VideoOS.Administration.AddIn.UnitTests\bin\x64\Debug\VideoOS.Administration.AddIn.UnitTests.dll" adapterTypeName="executor://mstestadapter/v2" className="VideoOS.Administration.AddIn.UnitTests.PrivacyProtectionValidatorTests" name="TestOneRemovableNoMotion" />
    </UnitTest>
    <UnitTest name="SystemDashboard_TestExtensionMethodsReturnsAllCameraGroupings" storage="d:\actions-runner\_work\xpco\xpco\corporate\videoos.administration.addin.unittests\bin\x64\debug\videoos.administration.addin.unittests.dll" id="a6c31964-485a-e928-74c1-038e4111cf4c">
      <Execution id="34532baa-86ae-4a19-af1b-a273b67702ad" />
      <TestMethod codeBase="D:\actions-runner\_work\XPCO\XPCO\Corporate\VideoOS.Administration.AddIn.UnitTests\bin\x64\Debug\VideoOS.Administration.AddIn.UnitTests.dll" adapterTypeName="executor://mstestadapter/v2" className="VideoOS.Administration.AddIn.UnitTests.SystemDashboardDataProviderTests" name="SystemDashboard_TestExtensionMethodsReturnsAllCameraGroupings" />
    </UnitTest>
    <UnitTest name="AddPluginRoles_ThrowsArgumentNullException_OnNullAsReport" storage="d:\actions-runner\_work\xpco\xpco\corporate\videoos.administration.addin.unittests\bin\x64\debug\videoos.administration.addin.unittests.dll" id="6409a730-a78d-db1f-453b-079e31e5d99c">
      <TestCategory>
        <TestCategoryItem TestCategory="Platform" />
      </TestCategory>
      <Execution id="8b21f7b1-04a1-40d6-89b3-e82e0605a767" />
      <TestMethod codeBase="D:\actions-runner\_work\XPCO\XPCO\Corporate\VideoOS.Administration.AddIn.UnitTests\bin\x64\Debug\VideoOS.Administration.AddIn.UnitTests.dll" adapterTypeName="executor://mstestadapter/v2" className="VideoOS.Administration.AddIn.UnitTests.PlatformAddin.PlatformConfigReportTests" name="AddPluginRoles_ThrowsArgumentNullException_OnNullAsReport" />
    </UnitTest>
    <UnitTest name="DeviceStreamsPresenter_ValidateAndSave_MayHaveOldData_RecordingToSecondary_HasOldData_Yes" storage="d:\actions-runner\_work\xpco\xpco\corporate\videoos.administration.addin.unittests\bin\x64\debug\videoos.administration.addin.unittests.dll" id="69c85b93-6859-1da4-27cb-3c2cd3053a10">
      <Execution id="362bebbd-b77b-49ed-9aa9-b88db70febe1" />
      <TestMethod codeBase="D:\actions-runner\_work\XPCO\XPCO\Corporate\VideoOS.Administration.AddIn.UnitTests\bin\x64\Debug\VideoOS.Administration.AddIn.UnitTests.dll" adapterTypeName="executor://mstestadapter/v2" className="VideoOS.Administration.AddIn.UnitTests.DeviceStreamsPresenterTests" name="DeviceStreamsPresenter_ValidateAndSave_MayHaveOldData_RecordingToSecondary_HasOldData_Yes" />
    </UnitTest>
    <UnitTest name="AddpluginProperties_AddsHeader2_OnPluginWithNestedItems" storage="d:\actions-runner\_work\xpco\xpco\corporate\videoos.administration.addin.unittests\bin\x64\debug\videoos.administration.addin.unittests.dll" id="443d67b8-e23b-0f13-7f54-4950709f5f25">
      <TestCategory>
        <TestCategoryItem TestCategory="Platform" />
      </TestCategory>
      <Execution id="21c92ca0-a877-4ec2-8ff1-0e84ab1d4e65" />
      <TestMethod codeBase="D:\actions-runner\_work\XPCO\XPCO\Corporate\VideoOS.Administration.AddIn.UnitTests\bin\x64\Debug\VideoOS.Administration.AddIn.UnitTests.dll" adapterTypeName="executor://mstestadapter/v2" className="VideoOS.Administration.AddIn.UnitTests.PlatformAddin.PlatformConfigReportTests" name="AddpluginProperties_AddsHeader2_OnPluginWithNestedItems" />
    </UnitTest>
    <UnitTest name="AddAppointmentConfiguration_CreatesProperSection_OnAllDayAppointment" storage="d:\actions-runner\_work\xpco\xpco\corporate\videoos.administration.addin.unittests\bin\x64\debug\videoos.administration.addin.unittests.dll" id="77f3f50f-d827-5f5e-a510-cf94da642b48">
      <TestCategory>
        <TestCategoryItem TestCategory="Time profile" />
      </TestCategory>
      <Execution id="0cebc0b8-ebd9-4370-b0b1-701b6fd2af0e" />
      <TestMethod codeBase="D:\actions-runner\_work\XPCO\XPCO\Corporate\VideoOS.Administration.AddIn.UnitTests\bin\x64\Debug\VideoOS.Administration.AddIn.UnitTests.dll" adapterTypeName="executor://mstestadapter/v2" className="VideoOS.Administration.AddIn.UnitTests.DialogSelectSingleTimeTests" name="AddAppointmentConfiguration_CreatesProperSection_OnAllDayAppointment" />
    </UnitTest>
    <UnitTest name="DeviceStreamsPresenter_Init_WithoutAdaptivePlaybackFeatureFlag_PrimaryAndNoneItemsAddedToRecordToValueList" storage="d:\actions-runner\_work\xpco\xpco\corporate\videoos.administration.addin.unittests\bin\x64\debug\videoos.administration.addin.unittests.dll" id="ffc37fdc-62b4-d63c-0d9c-2b83861cd6c5">
      <Execution id="2186dde6-d92d-4fda-9125-dbb20aafc67b" />
      <TestMethod codeBase="D:\actions-runner\_work\XPCO\XPCO\Corporate\VideoOS.Administration.AddIn.UnitTests\bin\x64\Debug\VideoOS.Administration.AddIn.UnitTests.dll" adapterTypeName="executor://mstestadapter/v2" className="VideoOS.Administration.AddIn.UnitTests.DeviceStreamsPresenterTests" name="DeviceStreamsPresenter_Init_WithoutAdaptivePlaybackFeatureFlag_PrimaryAndNoneItemsAddedToRecordToValueList" />
    </UnitTest>
    <UnitTest name="PlatformTree_SetState_ToWarningAsError" storage="d:\actions-runner\_work\xpco\xpco\corporate\videoos.administration.addin.unittests\bin\x64\debug\videoos.administration.addin.unittests.dll" id="c9d0430e-4ae6-2282-ef9f-12706c632bd8">
      <TestCategory>
        <TestCategoryItem TestCategory="PlatformTree" />
      </TestCategory>
      <Execution id="c0cc6486-6319-42a9-82c6-085a69d08fe0" />
      <TestMethod codeBase="D:\actions-runner\_work\XPCO\XPCO\Corporate\VideoOS.Administration.AddIn.UnitTests\bin\x64\Debug\VideoOS.Administration.AddIn.UnitTests.dll" adapterTypeName="executor://mstestadapter/v2" className="VideoOS.Administration.AddIn.UnitTests.PlatformAddin.PlatformTreeTest" name="PlatformTree_SetState_ToWarningAsError" />
    </UnitTest>
    <UnitTest name="DeviceStreamsPresenter_ValidateAndSave_MayHaveOldData_NotRecordingToSecondary_NoOldData" storage="d:\actions-runner\_work\xpco\xpco\corporate\videoos.administration.addin.unittests\bin\x64\debug\videoos.administration.addin.unittests.dll" id="f9440018-3f05-25c4-2466-c0b847591a22">
      <Execution id="6089f615-e38d-4294-8e14-1dd86e0fd729" />
      <TestMethod codeBase="D:\actions-runner\_work\XPCO\XPCO\Corporate\VideoOS.Administration.AddIn.UnitTests\bin\x64\Debug\VideoOS.Administration.AddIn.UnitTests.dll" adapterTypeName="executor://mstestadapter/v2" className="VideoOS.Administration.AddIn.UnitTests.DeviceStreamsPresenterTests" name="DeviceStreamsPresenter_ValidateAndSave_MayHaveOldData_NotRecordingToSecondary_NoOldData" />
    </UnitTest>
    <UnitTest name="AddAppointmentConfiguration_AddsOriginalStartDateToTable_OnAppointmentWithVariance" storage="d:\actions-runner\_work\xpco\xpco\corporate\videoos.administration.addin.unittests\bin\x64\debug\videoos.administration.addin.unittests.dll" id="8fdbc734-ce75-d69b-30b0-43444bb48d63">
      <TestCategory>
        <TestCategoryItem TestCategory="Time profile" />
      </TestCategory>
      <Execution id="1fb868fc-008c-43d5-8d10-373f9436e3ad" />
      <TestMethod codeBase="D:\actions-runner\_work\XPCO\XPCO\Corporate\VideoOS.Administration.AddIn.UnitTests\bin\x64\Debug\VideoOS.Administration.AddIn.UnitTests.dll" adapterTypeName="executor://mstestadapter/v2" className="VideoOS.Administration.AddIn.UnitTests.DialogSelectRecurrenceTests" name="AddAppointmentConfiguration_AddsOriginalStartDateToTable_OnAppointmentWithVariance" />
    </UnitTest>
    <UnitTest name="AddpluginProperties_AddsHeading1_OnPluginWithItemNodeAllowMany" storage="d:\actions-runner\_work\xpco\xpco\corporate\videoos.administration.addin.unittests\bin\x64\debug\videoos.administration.addin.unittests.dll" id="297810fa-c5a5-d04b-910d-1053a0cf93f7">
      <TestCategory>
        <TestCategoryItem TestCategory="Platform" />
      </TestCategory>
      <Execution id="56cdec96-7737-4125-ba2a-9aebffa76408" />
      <TestMethod codeBase="D:\actions-runner\_work\XPCO\XPCO\Corporate\VideoOS.Administration.AddIn.UnitTests\bin\x64\Debug\VideoOS.Administration.AddIn.UnitTests.dll" adapterTypeName="executor://mstestadapter/v2" className="VideoOS.Administration.AddIn.UnitTests.PlatformAddin.PlatformConfigReportTests" name="AddpluginProperties_AddsHeading1_OnPluginWithItemNodeAllowMany" />
    </UnitTest>
    <UnitTest name="AutoDiscovery_HardwareSetupInfoManager_ProcessFailedTaskResults_Simple" storage="d:\actions-runner\_work\xpco\xpco\corporate\videoos.administration.addin.unittests\bin\x64\debug\videoos.administration.addin.unittests.dll" id="adb1002c-4889-6c5e-b1c9-58fa4e94c40d">
      <TestCategory>
        <TestCategoryItem TestCategory="AutoDiscovery_HardwareSetupInfoManager" />
      </TestCategory>
      <Execution id="31688648-e09c-436a-830e-b01166148d3b" />
      <TestMethod codeBase="D:\actions-runner\_work\XPCO\XPCO\Corporate\VideoOS.Administration.AddIn.UnitTests\bin\x64\Debug\VideoOS.Administration.AddIn.UnitTests.dll" adapterTypeName="executor://mstestadapter/v2" className="VideoOS.Administration.AddIn.UnitTests.RecorderAddIn.HardwareLocator.AutoDiscovery_HardwareSetupInfoManagerUnittest" name="AutoDiscovery_HardwareSetupInfoManager_ProcessFailedTaskResults_Simple" />
    </UnitTest>
    <UnitTest name="AddAppointmentConfiguration_AddsRecurenceRangeStartToTable_OnAppointmentWithRecurrence" storage="d:\actions-runner\_work\xpco\xpco\corporate\videoos.administration.addin.unittests\bin\x64\debug\videoos.administration.addin.unittests.dll" id="36be9ed2-eaa8-c998-6851-9c139f670027">
      <TestCategory>
        <TestCategoryItem TestCategory="Time profile" />
      </TestCategory>
      <Execution id="c0eb6f53-a5a7-47f9-b8d4-96e03a0a8a86" />
      <TestMethod codeBase="D:\actions-runner\_work\XPCO\XPCO\Corporate\VideoOS.Administration.AddIn.UnitTests\bin\x64\Debug\VideoOS.Administration.AddIn.UnitTests.dll" adapterTypeName="executor://mstestadapter/v2" className="VideoOS.Administration.AddIn.UnitTests.DialogSelectRecurrenceTests" name="AddAppointmentConfiguration_AddsRecurenceRangeStartToTable_OnAppointmentWithRecurrence" />
    </UnitTest>
    <UnitTest name="TestPreviewImageEditor_CreateGridOverwritesPreviousGrid" storage="d:\actions-runner\_work\xpco\xpco\corporate\videoos.administration.addin.unittests\bin\x64\debug\videoos.administration.addin.unittests.dll" id="997e4eb9-4728-01ff-76d8-787842115312">
      <Execution id="b581be9f-4987-403d-9688-a4538e264441" />
      <TestMethod codeBase="D:\actions-runner\_work\XPCO\XPCO\Corporate\VideoOS.Administration.AddIn.UnitTests\bin\x64\Debug\VideoOS.Administration.AddIn.UnitTests.dll" adapterTypeName="executor://mstestadapter/v2" className="VideoOS.Administration.AddIn.UnitTests.PreviewImageEditorTests" name="TestPreviewImageEditor_CreateGridOverwritesPreviousGrid" />
    </UnitTest>
    <UnitTest name="ExecuteReplaceHardware_ThrowsArgumentNullException_OnNullAsParameters" storage="d:\actions-runner\_work\xpco\xpco\corporate\videoos.administration.addin.unittests\bin\x64\debug\videoos.administration.addin.unittests.dll" id="2eee81e5-7eba-ad1a-fe8f-bb0def0a1289">
      <TestCategory>
        <TestCategoryItem TestCategory="Replace Hardware" />
      </TestCategory>
      <Execution id="e4cccf70-b326-42f7-8269-affff7de0596" />
      <TestMethod codeBase="D:\actions-runner\_work\XPCO\XPCO\Corporate\VideoOS.Administration.AddIn.UnitTests\bin\x64\Debug\VideoOS.Administration.AddIn.UnitTests.dll" adapterTypeName="executor://mstestadapter/v2" className="VideoOS.Administration.AddIn.UnitTests.ReplaceHardwareToolsTests" name="ExecuteReplaceHardware_ThrowsArgumentNullException_OnNullAsParameters" />
    </UnitTest>
    <UnitTest name="DeviceStreamsPresenter_Activate_NotSameStreamCombinations_AllDisabled" storage="d:\actions-runner\_work\xpco\xpco\corporate\videoos.administration.addin.unittests\bin\x64\debug\videoos.administration.addin.unittests.dll" id="0bed5dd6-c7fb-8d65-4dba-b1353a0b8d02">
      <Execution id="cf1a840e-e2c7-4286-b8b2-14efd1a3c5d4" />
      <TestMethod codeBase="D:\actions-runner\_work\XPCO\XPCO\Corporate\VideoOS.Administration.AddIn.UnitTests\bin\x64\Debug\VideoOS.Administration.AddIn.UnitTests.dll" adapterTypeName="executor://mstestadapter/v2" className="VideoOS.Administration.AddIn.UnitTests.DeviceStreamsPresenterTests" name="DeviceStreamsPresenter_Activate_NotSameStreamCombinations_AllDisabled" />
    </UnitTest>
    <UnitTest name="MayHaveOldData_Single_Track" storage="d:\actions-runner\_work\xpco\xpco\corporate\videoos.administration.addin.unittests\bin\x64\debug\videoos.administration.addin.unittests.dll" id="d1f1df85-77bf-3e9f-3cbb-d16cb9a4f51a">
      <Execution id="7aa0e474-6378-4b3f-bbb8-0a87497ed6b0" />
      <TestMethod codeBase="D:\actions-runner\_work\XPCO\XPCO\Corporate\VideoOS.Administration.AddIn.UnitTests\bin\x64\Debug\VideoOS.Administration.AddIn.UnitTests.dll" adapterTypeName="executor://mstestadapter/v2" className="VideoOS.Administration.AddIn.UnitTests.DeviceStreamQueryTests" name="MayHaveOldData_Single_Track" />
    </UnitTest>
    <UnitTest name="AddOptionsDialogProperties_AddsTwoRows_OnMultipleSectionsWithSameKeys" storage="d:\actions-runner\_work\xpco\xpco\corporate\videoos.administration.addin.unittests\bin\x64\debug\videoos.administration.addin.unittests.dll" id="7990ea68-3a48-cc6c-6b53-7408abbf3474">
      <TestCategory>
        <TestCategoryItem TestCategory="Platform" />
      </TestCategory>
      <Execution id="df024a7f-ccbd-4729-9d0c-de4f9d9c9289" />
      <TestMethod codeBase="D:\actions-runner\_work\XPCO\XPCO\Corporate\VideoOS.Administration.AddIn.UnitTests\bin\x64\Debug\VideoOS.Administration.AddIn.UnitTests.dll" adapterTypeName="executor://mstestadapter/v2" className="VideoOS.Administration.AddIn.UnitTests.PlatformAddin.PlatformConfigReportTests" name="AddOptionsDialogProperties_AddsTwoRows_OnMultipleSectionsWithSameKeys" />
    </UnitTest>
    <UnitTest name="TestPreviewImageEditor_ClearPenOverlayWithoutHavingAPenOverlay" storage="d:\actions-runner\_work\xpco\xpco\corporate\videoos.administration.addin.unittests\bin\x64\debug\videoos.administration.addin.unittests.dll" id="80e5731c-d5fc-e94f-306e-58f2a404c823">
      <Execution id="6089586c-8089-4045-b7c5-c2274925e44e" />
      <TestMethod codeBase="D:\actions-runner\_work\XPCO\XPCO\Corporate\VideoOS.Administration.AddIn.UnitTests\bin\x64\Debug\VideoOS.Administration.AddIn.UnitTests.dll" adapterTypeName="executor://mstestadapter/v2" className="VideoOS.Administration.AddIn.UnitTests.PreviewImageEditorTests" name="TestPreviewImageEditor_ClearPenOverlayWithoutHavingAPenOverlay" />
    </UnitTest>
    <UnitTest name="AddOptionsDialogProperties_AddsParentsRow_OnPropertiesWithNotSameKeys" storage="d:\actions-runner\_work\xpco\xpco\corporate\videoos.administration.addin.unittests\bin\x64\debug\videoos.administration.addin.unittests.dll" id="eeef213d-0eab-1239-bede-9bafb27d7832">
      <TestCategory>
        <TestCategoryItem TestCategory="Platform" />
      </TestCategory>
      <Execution id="73f8bfc8-87c8-453e-b5b3-226e477a8fb8" />
      <TestMethod codeBase="D:\actions-runner\_work\XPCO\XPCO\Corporate\VideoOS.Administration.AddIn.UnitTests\bin\x64\Debug\VideoOS.Administration.AddIn.UnitTests.dll" adapterTypeName="executor://mstestadapter/v2" className="VideoOS.Administration.AddIn.UnitTests.PlatformAddin.PlatformConfigReportTests" name="AddOptionsDialogProperties_AddsParentsRow_OnPropertiesWithNotSameKeys" />
    </UnitTest>
    <UnitTest name="MayHaveOldData_Multi_StreamAndTrack_StreamAndTrack" storage="d:\actions-runner\_work\xpco\xpco\corporate\videoos.administration.addin.unittests\bin\x64\debug\videoos.administration.addin.unittests.dll" id="8bad3e4a-372d-2ca0-3e74-b96394cb0915">
      <Execution id="1be2be0e-cede-40b4-a5d2-8ea30f15fe97" />
      <TestMethod codeBase="D:\actions-runner\_work\XPCO\XPCO\Corporate\VideoOS.Administration.AddIn.UnitTests\bin\x64\Debug\VideoOS.Administration.AddIn.UnitTests.dll" adapterTypeName="executor://mstestadapter/v2" className="VideoOS.Administration.AddIn.UnitTests.DeviceStreamQueryTests" name="MayHaveOldData_Multi_StreamAndTrack_StreamAndTrack" />
    </UnitTest>
    <UnitTest name="ClientBasicUserCollection_ValidatePassword_PasswordEmpty" storage="d:\actions-runner\_work\xpco\xpco\corporate\videoos.administration.addin.unittests\bin\x64\debug\videoos.administration.addin.unittests.dll" id="36aa9169-7f41-7d09-b98a-9d05f10266bc">
      <Execution id="4d42f0a7-1082-495f-9a30-cd1c6561570f" />
      <TestMethod codeBase="D:\actions-runner\_work\XPCO\XPCO\Corporate\VideoOS.Administration.AddIn.UnitTests\bin\x64\Debug\VideoOS.Administration.AddIn.UnitTests.dll" adapterTypeName="executor://mstestadapter/v2" className="VideoOS.Administration.AddIn.UnitTests.DialogChangePasswordTest" name="ClientBasicUserCollection_ValidatePassword_PasswordEmpty" />
    </UnitTest>
    <UnitTest name="MayHaveOldData_Multi_Track_Track" storage="d:\actions-runner\_work\xpco\xpco\corporate\videoos.administration.addin.unittests\bin\x64\debug\videoos.administration.addin.unittests.dll" id="cd00c760-ba4d-a11a-4ba7-33c8001ee884">
      <Execution id="9f0d6fa1-a8cf-41cf-8ddf-191632beff59" />
      <TestMethod codeBase="D:\actions-runner\_work\XPCO\XPCO\Corporate\VideoOS.Administration.AddIn.UnitTests\bin\x64\Debug\VideoOS.Administration.AddIn.UnitTests.dll" adapterTypeName="executor://mstestadapter/v2" className="VideoOS.Administration.AddIn.UnitTests.DeviceStreamQueryTests" name="MayHaveOldData_Multi_Track_Track" />
    </UnitTest>
    <UnitTest name="AutoDiscovery_HardwareSetupInfoManager_HardwareSetupInfoSetupResponseReceived_WhenCanceled" storage="d:\actions-runner\_work\xpco\xpco\corporate\videoos.administration.addin.unittests\bin\x64\debug\videoos.administration.addin.unittests.dll" id="6a725ab5-45a8-bb8a-d5f6-58afcfa9801b">
      <TestCategory>
        <TestCategoryItem TestCategory="AutoDiscovery_HardwareSetupInfoManager" />
      </TestCategory>
      <Execution id="e6b94624-80a1-4302-98df-10393a8c84f6" />
      <TestMethod codeBase="D:\actions-runner\_work\XPCO\XPCO\Corporate\VideoOS.Administration.AddIn.UnitTests\bin\x64\Debug\VideoOS.Administration.AddIn.UnitTests.dll" adapterTypeName="executor://mstestadapter/v2" className="VideoOS.Administration.AddIn.UnitTests.RecorderAddIn.HardwareLocator.AutoDiscovery_HardwareSetupInfoManagerUnittest" name="AutoDiscovery_HardwareSetupInfoManager_HardwareSetupInfoSetupResponseReceived_WhenCanceled" />
    </UnitTest>
    <UnitTest name="AddpluginProperties_DoesNothing_OnPluginWithNoItems" storage="d:\actions-runner\_work\xpco\xpco\corporate\videoos.administration.addin.unittests\bin\x64\debug\videoos.administration.addin.unittests.dll" id="7092392a-e837-1385-d4a6-796abc0cc02b">
      <TestCategory>
        <TestCategoryItem TestCategory="Platform" />
      </TestCategory>
      <Execution id="3bd239c1-966b-43b9-a6ff-8bbd1c63e23e" />
      <TestMethod codeBase="D:\actions-runner\_work\XPCO\XPCO\Corporate\VideoOS.Administration.AddIn.UnitTests\bin\x64\Debug\VideoOS.Administration.AddIn.UnitTests.dll" adapterTypeName="executor://mstestadapter/v2" className="VideoOS.Administration.AddIn.UnitTests.PlatformAddin.PlatformConfigReportTests" name="AddpluginProperties_DoesNothing_OnPluginWithNoItems" />
    </UnitTest>
    <UnitTest name="TestPreviewImageEditor_CreatePenImageWithPreviewImage" storage="d:\actions-runner\_work\xpco\xpco\corporate\videoos.administration.addin.unittests\bin\x64\debug\videoos.administration.addin.unittests.dll" id="258285e9-8080-ce92-afdd-7f157ca38382">
      <Execution id="ebc24826-dd55-4b74-8b27-0cb90278f983" />
      <TestMethod codeBase="D:\actions-runner\_work\XPCO\XPCO\Corporate\VideoOS.Administration.AddIn.UnitTests\bin\x64\Debug\VideoOS.Administration.AddIn.UnitTests.dll" adapterTypeName="executor://mstestadapter/v2" className="VideoOS.Administration.AddIn.UnitTests.PreviewImageEditorTests" name="TestPreviewImageEditor_CreatePenImageWithPreviewImage" />
    </UnitTest>
    <UnitTest name="ConfigurationLookupHelperTest_TestSourceProviderGetAllfailoverServers_ResultWithServersWithDisabled" storage="d:\actions-runner\_work\xpco\xpco\corporate\videoos.administration.addin.unittests\bin\x64\debug\videoos.administration.addin.unittests.dll" id="8a93785e-b67c-78df-ce08-d7a40c6a823a">
      <Execution id="9c70f267-937c-4d49-879d-ea0dbe7da70d" />
      <TestMethod codeBase="D:\actions-runner\_work\XPCO\XPCO\Corporate\VideoOS.Administration.AddIn.UnitTests\bin\x64\Debug\VideoOS.Administration.AddIn.UnitTests.dll" adapterTypeName="executor://mstestadapter/v2" className="VideoOS.Administration.AddIn.UnitTests.SystemMonitorDashboard.ConfigurationLookupHelperTest" name="ConfigurationLookupHelperTest_TestSourceProviderGetAllfailoverServers_ResultWithServersWithDisabled" />
    </UnitTest>
    <UnitTest name="DeviceStreamsPresenter_AcceptControls_TooManyDevices_SetsDevicesNullAndShowsTab" storage="d:\actions-runner\_work\xpco\xpco\corporate\videoos.administration.addin.unittests\bin\x64\debug\videoos.administration.addin.unittests.dll" id="3353e4ef-4067-7c75-fb9a-33e1a501dd12">
      <Execution id="05b042b4-364a-470b-9c7f-b3325d53b806" />
      <TestMethod codeBase="D:\actions-runner\_work\XPCO\XPCO\Corporate\VideoOS.Administration.AddIn.UnitTests\bin\x64\Debug\VideoOS.Administration.AddIn.UnitTests.dll" adapterTypeName="executor://mstestadapter/v2" className="VideoOS.Administration.AddIn.UnitTests.DeviceStreamsPresenterTests" name="DeviceStreamsPresenter_AcceptControls_TooManyDevices_SetsDevicesNullAndShowsTab" />
    </UnitTest>
    <UnitTest name="Compare_ReturnsNegative1_OnNullAsXTag" storage="d:\actions-runner\_work\xpco\xpco\corporate\videoos.administration.addin.unittests\bin\x64\debug\videoos.administration.addin.unittests.dll" id="14ba3501-276c-588b-c9bf-cc95a4f9486d">
      <TestCategory>
        <TestCategoryItem TestCategory="Replace Hardware" />
      </TestCategory>
      <Execution id="8a35ac10-e794-4975-8f69-ec67a46bb639" />
      <TestMethod codeBase="D:\actions-runner\_work\XPCO\XPCO\Corporate\VideoOS.Administration.AddIn.UnitTests\bin\x64\Debug\VideoOS.Administration.AddIn.UnitTests.dll" adapterTypeName="executor://mstestadapter/v2" className="VideoOS.Administration.AddIn.UnitTests.ComboBoxItemComparerTests" name="Compare_ReturnsNegative1_OnNullAsXTag" />
    </UnitTest>
    <UnitTest name="DeviceStreamsPresenter_Activate_SimilarStreams_Success" storage="d:\actions-runner\_work\xpco\xpco\corporate\videoos.administration.addin.unittests\bin\x64\debug\videoos.administration.addin.unittests.dll" id="4d6504e7-4cec-f28a-1c3a-cefa756f93bf">
      <Execution id="1fd915c6-0fc1-4ef2-a7de-6004055cb9ad" />
      <TestMethod codeBase="D:\actions-runner\_work\XPCO\XPCO\Corporate\VideoOS.Administration.AddIn.UnitTests\bin\x64\Debug\VideoOS.Administration.AddIn.UnitTests.dll" adapterTypeName="executor://mstestadapter/v2" className="VideoOS.Administration.AddIn.UnitTests.DeviceStreamsPresenterTests" name="DeviceStreamsPresenter_Activate_SimilarStreams_Success" />
    </UnitTest>
    <UnitTest name="GetWeeklyPatternText_ThrowsArgumentNullException_OnNullAsRecurrence" storage="d:\actions-runner\_work\xpco\xpco\corporate\videoos.administration.addin.unittests\bin\x64\debug\videoos.administration.addin.unittests.dll" id="59feefb7-7ed7-9ff6-28ef-0f38d488e861">
      <TestCategory>
        <TestCategoryItem TestCategory="Time profile" />
      </TestCategory>
      <Execution id="48c24748-9f0d-4d1a-8040-a8ec80786a95" />
      <TestMethod codeBase="D:\actions-runner\_work\XPCO\XPCO\Corporate\VideoOS.Administration.AddIn.UnitTests\bin\x64\Debug\VideoOS.Administration.AddIn.UnitTests.dll" adapterTypeName="executor://mstestadapter/v2" className="VideoOS.Administration.AddIn.UnitTests.DialogSelectRecurrenceTests" name="GetWeeklyPatternText_ThrowsArgumentNullException_OnNullAsRecurrence" />
    </UnitTest>
    <UnitTest name="RecursiveFindFirstDeviceInDeviceGroup_ThrowsArgumentNullException_OnNullAsDeviceGroup" storage="d:\actions-runner\_work\xpco\xpco\corporate\videoos.administration.addin.unittests\bin\x64\debug\videoos.administration.addin.unittests.dll" id="48e0767c-a71a-e1b7-4d50-9bd70b568e17">
      <TestCategory>
        <TestCategoryItem TestCategory="Pickers" />
      </TestCategory>
      <Execution id="09f25536-7cc9-4d29-962d-f6d51257239b" />
      <TestMethod codeBase="D:\actions-runner\_work\XPCO\XPCO\Corporate\VideoOS.Administration.AddIn.UnitTests\bin\x64\Debug\VideoOS.Administration.AddIn.UnitTests.dll" adapterTypeName="executor://mstestadapter/v2" className="VideoOS.Administration.AddIn.UnitTests.PickerSettingsTests" name="RecursiveFindFirstDeviceInDeviceGroup_ThrowsArgumentNullException_OnNullAsDeviceGroup" />
    </UnitTest>
    <UnitTest name="ApplyCellStyleToEditingControl_ThrowsArgumentNullException_OnNullAsDataGridViewCellStyle" storage="d:\actions-runner\_work\xpco\xpco\corporate\videoos.administration.addin.unittests\bin\x64\debug\videoos.administration.addin.unittests.dll" id="984bf51f-490b-1308-062f-bc23bccd35f4">
      <TestCategory>
        <TestCategoryItem TestCategory="Generic Control" />
      </TestCategory>
      <Execution id="7699d8fe-d1a9-4111-9fd4-56d088617503" />
      <TestMethod codeBase="D:\actions-runner\_work\XPCO\XPCO\Corporate\VideoOS.Administration.AddIn.UnitTests\bin\x64\Debug\VideoOS.Administration.AddIn.UnitTests.dll" adapterTypeName="executor://mstestadapter/v2" className="VideoOS.Administration.AddIn.UnitTests.TextBoxButtonControlTests" name="ApplyCellStyleToEditingControl_ThrowsArgumentNullException_OnNullAsDataGridViewCellStyle" />
    </UnitTest>
    <UnitTest name="SystemDashboard_TestExtensionMethodsCorrectlyResolvesCategory" storage="d:\actions-runner\_work\xpco\xpco\corporate\videoos.administration.addin.unittests\bin\x64\debug\videoos.administration.addin.unittests.dll" id="fdfab0bf-3e18-0233-5156-85cb86bbcb98">
      <Execution id="c8ebed91-cefa-4e78-8ca2-122e39f09b2a" />
      <TestMethod codeBase="D:\actions-runner\_work\XPCO\XPCO\Corporate\VideoOS.Administration.AddIn.UnitTests\bin\x64\Debug\VideoOS.Administration.AddIn.UnitTests.dll" adapterTypeName="executor://mstestadapter/v2" className="VideoOS.Administration.AddIn.UnitTests.SystemDashboardDataProviderTests" name="SystemDashboard_TestExtensionMethodsCorrectlyResolvesCategory" />
    </UnitTest>
    <UnitTest name="Systemdashboard_ConfigurationProviderGetCamerasTiles" storage="d:\actions-runner\_work\xpco\xpco\corporate\videoos.administration.addin.unittests\bin\x64\debug\videoos.administration.addin.unittests.dll" id="b74dc70c-cfb8-1da4-afab-054363fc7a41">
      <Execution id="518e166e-bdab-4e54-b3d9-9f58d3c122dd" />
      <TestMethod codeBase="D:\actions-runner\_work\XPCO\XPCO\Corporate\VideoOS.Administration.AddIn.UnitTests\bin\x64\Debug\VideoOS.Administration.AddIn.UnitTests.dll" adapterTypeName="executor://mstestadapter/v2" className="VideoOS.Administration.AddIn.UnitTests.SystemDashboardConfigurationProviderTests" name="Systemdashboard_ConfigurationProviderGetCamerasTiles" />
    </UnitTest>
    <UnitTest name="ClientBasicUserCollection_ValidateBasicUser_NameTooLong" storage="d:\actions-runner\_work\xpco\xpco\corporate\videoos.administration.addin.unittests\bin\x64\debug\videoos.administration.addin.unittests.dll" id="334f1489-c2f9-bc48-0959-9df7a5f60a9c">
      <Execution id="3e3484b6-a15c-40be-a506-b312c2e59adc" />
      <TestMethod codeBase="D:\actions-runner\_work\XPCO\XPCO\Corporate\VideoOS.Administration.AddIn.UnitTests\bin\x64\Debug\VideoOS.Administration.AddIn.UnitTests.dll" adapterTypeName="executor://mstestadapter/v2" className="VideoOS.Administration.AddIn.UnitTests.DialogNewBasicUserTest" name="ClientBasicUserCollection_ValidateBasicUser_NameTooLong" />
    </UnitTest>
    <UnitTest name="TestCompositeGrid_SetRegionSetsTheRightCells" storage="d:\actions-runner\_work\xpco\xpco\corporate\videoos.administration.addin.unittests\bin\x64\debug\videoos.administration.addin.unittests.dll" id="6a5956a2-c4d2-d63c-41fc-3c6c32670a09">
      <Execution id="40a01a2a-0589-4d91-8f84-36ff48f9287d" />
      <TestMethod codeBase="D:\actions-runner\_work\XPCO\XPCO\Corporate\VideoOS.Administration.AddIn.UnitTests\bin\x64\Debug\VideoOS.Administration.AddIn.UnitTests.dll" adapterTypeName="executor://mstestadapter/v2" className="VideoOS.Administration.AddIn.UnitTests.RecorderAddIn.PrivacyProtectionHelpers.CompositeGridTests" name="TestCompositeGrid_SetRegionSetsTheRightCells" />
    </UnitTest>
    <UnitTest name="SystemDashboard_TestExtensionMethodsReturnsAllServerTypes" storage="d:\actions-runner\_work\xpco\xpco\corporate\videoos.administration.addin.unittests\bin\x64\debug\videoos.administration.addin.unittests.dll" id="809b756f-a304-6843-42ee-c3e40925e811">
      <Execution id="73d4a20d-781b-4484-a89e-8a4bfaa17f9a" />
      <TestMethod codeBase="D:\actions-runner\_work\XPCO\XPCO\Corporate\VideoOS.Administration.AddIn.UnitTests\bin\x64\Debug\VideoOS.Administration.AddIn.UnitTests.dll" adapterTypeName="executor://mstestadapter/v2" className="VideoOS.Administration.AddIn.UnitTests.SystemsDashboardExtensionsTest" name="SystemDashboard_TestExtensionMethodsReturnsAllServerTypes" />
    </UnitTest>
    <UnitTest name="RecursiveFindFirstDeviceInDeviceGroup_FindsDevice_InFlatGroup" storage="d:\actions-runner\_work\xpco\xpco\corporate\videoos.administration.addin.unittests\bin\x64\debug\videoos.administration.addin.unittests.dll" id="febdf3e9-ec49-56d7-404a-70b300c99417">
      <TestCategory>
        <TestCategoryItem TestCategory="Pickers" />
      </TestCategory>
      <Execution id="402d8264-c816-44c2-a0a8-10750667ca78" />
      <TestMethod codeBase="D:\actions-runner\_work\XPCO\XPCO\Corporate\VideoOS.Administration.AddIn.UnitTests\bin\x64\Debug\VideoOS.Administration.AddIn.UnitTests.dll" adapterTypeName="executor://mstestadapter/v2" className="VideoOS.Administration.AddIn.UnitTests.PickerSettingsTests" name="RecursiveFindFirstDeviceInDeviceGroup_FindsDevice_InFlatGroup" />
    </UnitTest>
    <UnitTest name="TestPreviewImageEditor_ClearPenOverlayRemovesPenOverlay" storage="d:\actions-runner\_work\xpco\xpco\corporate\videoos.administration.addin.unittests\bin\x64\debug\videoos.administration.addin.unittests.dll" id="ead1a04d-99dc-65f4-886b-441a8539b09e">
      <Execution id="c54d7f27-38af-4a71-a2a6-27a0a66a354b" />
      <TestMethod codeBase="D:\actions-runner\_work\XPCO\XPCO\Corporate\VideoOS.Administration.AddIn.UnitTests\bin\x64\Debug\VideoOS.Administration.AddIn.UnitTests.dll" adapterTypeName="executor://mstestadapter/v2" className="VideoOS.Administration.AddIn.UnitTests.PreviewImageEditorTests" name="TestPreviewImageEditor_ClearPenOverlayRemovesPenOverlay" />
    </UnitTest>
    <UnitTest name="AddpluginProperties_AddsHeading_OnPluginWithOneItemNode" storage="d:\actions-runner\_work\xpco\xpco\corporate\videoos.administration.addin.unittests\bin\x64\debug\videoos.administration.addin.unittests.dll" id="00d2f1d3-46d8-9209-35b6-4972a34aca8b">
      <TestCategory>
        <TestCategoryItem TestCategory="Platform" />
      </TestCategory>
      <Execution id="fb1f2bf3-8ae9-4aaa-9c89-f273ce994685" />
      <TestMethod codeBase="D:\actions-runner\_work\XPCO\XPCO\Corporate\VideoOS.Administration.AddIn.UnitTests\bin\x64\Debug\VideoOS.Administration.AddIn.UnitTests.dll" adapterTypeName="executor://mstestadapter/v2" className="VideoOS.Administration.AddIn.UnitTests.PlatformAddin.PlatformConfigReportTests" name="AddpluginProperties_AddsHeading_OnPluginWithOneItemNode" />
    </UnitTest>
    <UnitTest name="Compare_Returns1_OnNullAsYTag" storage="d:\actions-runner\_work\xpco\xpco\corporate\videoos.administration.addin.unittests\bin\x64\debug\videoos.administration.addin.unittests.dll" id="7b16ddbc-47bb-b448-722e-c63c4914fa66">
      <TestCategory>
        <TestCategoryItem TestCategory="Replace Hardware" />
      </TestCategory>
      <Execution id="19a62f97-5c01-4afd-b255-4f8587814270" />
      <TestMethod codeBase="D:\actions-runner\_work\XPCO\XPCO\Corporate\VideoOS.Administration.AddIn.UnitTests\bin\x64\Debug\VideoOS.Administration.AddIn.UnitTests.dll" adapterTypeName="executor://mstestadapter/v2" className="VideoOS.Administration.AddIn.UnitTests.ComboBoxItemComparerTests" name="Compare_Returns1_OnNullAsYTag" />
    </UnitTest>
    <UnitTest name="AddPluginRoles_DoesNotChangeReport_OnPluginWithItemsWithSecurityActions" storage="d:\actions-runner\_work\xpco\xpco\corporate\videoos.administration.addin.unittests\bin\x64\debug\videoos.administration.addin.unittests.dll" id="bcc6c74e-4cf8-7264-2b6c-bbfa0a489e09">
      <TestCategory>
        <TestCategoryItem TestCategory="Platform" />
      </TestCategory>
      <Execution id="a8d32787-d0bf-4b70-8a4f-639b454e1379" />
      <TestMethod codeBase="D:\actions-runner\_work\XPCO\XPCO\Corporate\VideoOS.Administration.AddIn.UnitTests\bin\x64\Debug\VideoOS.Administration.AddIn.UnitTests.dll" adapterTypeName="executor://mstestadapter/v2" className="VideoOS.Administration.AddIn.UnitTests.PlatformAddin.PlatformConfigReportTests" name="AddPluginRoles_DoesNotChangeReport_OnPluginWithItemsWithSecurityActions" />
    </UnitTest>
    <UnitTest name="DeviceStreamsPresenter_AddStream_Success" storage="d:\actions-runner\_work\xpco\xpco\corporate\videoos.administration.addin.unittests\bin\x64\debug\videoos.administration.addin.unittests.dll" id="6ff0101c-097f-b373-25ef-4c9e69478d15">
      <Execution id="e4b2e99b-397b-4458-b1ef-a941e69b9212" />
      <TestMethod codeBase="D:\actions-runner\_work\XPCO\XPCO\Corporate\VideoOS.Administration.AddIn.UnitTests\bin\x64\Debug\VideoOS.Administration.AddIn.UnitTests.dll" adapterTypeName="executor://mstestadapter/v2" className="VideoOS.Administration.AddIn.UnitTests.DeviceStreamsPresenterTests" name="DeviceStreamsPresenter_AddStream_Success" />
    </UnitTest>
    <UnitTest name="TestTwoRemovable" storage="d:\actions-runner\_work\xpco\xpco\corporate\videoos.administration.addin.unittests\bin\x64\debug\videoos.administration.addin.unittests.dll" id="739b122e-08d0-b9e4-0c25-7c7d8712dcf6">
      <Execution id="89e30e48-bc95-47bf-bac0-01224c8d73f3" />
      <TestMethod codeBase="D:\actions-runner\_work\XPCO\XPCO\Corporate\VideoOS.Administration.AddIn.UnitTests\bin\x64\Debug\VideoOS.Administration.AddIn.UnitTests.dll" adapterTypeName="executor://mstestadapter/v2" className="VideoOS.Administration.AddIn.UnitTests.PrivacyProtectionValidatorTests" name="TestTwoRemovable" />
    </UnitTest>
    <UnitTest name="AddAppointmentConfiguration_AddsRecurencePatternToTable_OnAppointmentWithRecurrenceMonthly" storage="d:\actions-runner\_work\xpco\xpco\corporate\videoos.administration.addin.unittests\bin\x64\debug\videoos.administration.addin.unittests.dll" id="27238eef-dad2-add6-2bf1-77c38305634a">
      <TestCategory>
        <TestCategoryItem TestCategory="Time profile" />
      </TestCategory>
      <Execution id="d8a7ec21-edb8-479a-94c7-8cfe96b2a1cd" />
      <TestMethod codeBase="D:\actions-runner\_work\XPCO\XPCO\Corporate\VideoOS.Administration.AddIn.UnitTests\bin\x64\Debug\VideoOS.Administration.AddIn.UnitTests.dll" adapterTypeName="executor://mstestadapter/v2" className="VideoOS.Administration.AddIn.UnitTests.DialogSelectRecurrenceTests" name="AddAppointmentConfiguration_AddsRecurencePatternToTable_OnAppointmentWithRecurrenceMonthly" />
    </UnitTest>
    <UnitTest name="MayHaveOldData_Multi_None_StreamAndTrack" storage="d:\actions-runner\_work\xpco\xpco\corporate\videoos.administration.addin.unittests\bin\x64\debug\videoos.administration.addin.unittests.dll" id="d9e3bfdf-cafc-02f3-1aba-0606c2a09b1c">
      <Execution id="15a3f295-277c-4114-8681-4f3e42f50101" />
      <TestMethod codeBase="D:\actions-runner\_work\XPCO\XPCO\Corporate\VideoOS.Administration.AddIn.UnitTests\bin\x64\Debug\VideoOS.Administration.AddIn.UnitTests.dll" adapterTypeName="executor://mstestadapter/v2" className="VideoOS.Administration.AddIn.UnitTests.DeviceStreamQueryTests" name="MayHaveOldData_Multi_None_StreamAndTrack" />
    </UnitTest>
    <UnitTest name="GetDisplayString_ThrowsArgumentNullException_OnNullAsSelection" storage="d:\actions-runner\_work\xpco\xpco\corporate\videoos.administration.addin.unittests\bin\x64\debug\videoos.administration.addin.unittests.dll" id="0526b310-2792-1b6e-9d26-cb5911e354d4">
      <TestCategory>
        <TestCategoryItem TestCategory="Pickers" />
      </TestCategory>
      <Execution id="256210bd-5e0a-4b56-93b5-09a159c44e25" />
      <TestMethod codeBase="D:\actions-runner\_work\XPCO\XPCO\Corporate\VideoOS.Administration.AddIn.UnitTests\bin\x64\Debug\VideoOS.Administration.AddIn.UnitTests.dll" adapterTypeName="executor://mstestadapter/v2" className="VideoOS.Administration.AddIn.UnitTests.Pickers.PickerTimeOfDayTests" name="GetDisplayString_ThrowsArgumentNullException_OnNullAsSelection" />
    </UnitTest>
    <UnitTest name="Compare_ReturnsNegative1_OnSelectDeviceVsNone" storage="d:\actions-runner\_work\xpco\xpco\corporate\videoos.administration.addin.unittests\bin\x64\debug\videoos.administration.addin.unittests.dll" id="f64b4e1d-0d2d-21cd-0557-43fefafba861">
      <TestCategory>
        <TestCategoryItem TestCategory="Replace Hardware" />
      </TestCategory>
      <Execution id="0f939ecd-81bb-44d3-8125-eafa1735f878" />
      <TestMethod codeBase="D:\actions-runner\_work\XPCO\XPCO\Corporate\VideoOS.Administration.AddIn.UnitTests\bin\x64\Debug\VideoOS.Administration.AddIn.UnitTests.dll" adapterTypeName="executor://mstestadapter/v2" className="VideoOS.Administration.AddIn.UnitTests.ComboBoxItemComparerTests" name="Compare_ReturnsNegative1_OnSelectDeviceVsNone" />
    </UnitTest>
    <UnitTest name="TestPreviewImageEditor_UpdatePreviewImageWithHiddenGrid" storage="d:\actions-runner\_work\xpco\xpco\corporate\videoos.administration.addin.unittests\bin\x64\debug\videoos.administration.addin.unittests.dll" id="3ca7c303-3c9f-d1db-d70b-50a9ddfb84c3">
      <Execution id="ee6bccbb-9283-4892-9ba4-821597c7bc69" />
      <TestMethod codeBase="D:\actions-runner\_work\XPCO\XPCO\Corporate\VideoOS.Administration.AddIn.UnitTests\bin\x64\Debug\VideoOS.Administration.AddIn.UnitTests.dll" adapterTypeName="executor://mstestadapter/v2" className="VideoOS.Administration.AddIn.UnitTests.PreviewImageEditorTests" name="TestPreviewImageEditor_UpdatePreviewImageWithHiddenGrid" />
    </UnitTest>
    <UnitTest name="Compare_Returns0_OnAVsA" storage="d:\actions-runner\_work\xpco\xpco\corporate\videoos.administration.addin.unittests\bin\x64\debug\videoos.administration.addin.unittests.dll" id="7b07e1c7-c876-da1c-0172-ec61196dc8c0">
      <TestCategory>
        <TestCategoryItem TestCategory="Replace Hardware" />
      </TestCategory>
      <Execution id="40651fbb-7831-4a2d-bbcb-e93775cd7299" />
      <TestMethod codeBase="D:\actions-runner\_work\XPCO\XPCO\Corporate\VideoOS.Administration.AddIn.UnitTests\bin\x64\Debug\VideoOS.Administration.AddIn.UnitTests.dll" adapterTypeName="executor://mstestadapter/v2" className="VideoOS.Administration.AddIn.UnitTests.ComboBoxItemComparerTests" name="Compare_Returns0_OnAVsA" />
    </UnitTest>
    <UnitTest name="AutoDiscovery_HardwareSetupInfoManager_HardwareSetupInfoSetupResponseReceived_WhenHardwareUnsupported" storage="d:\actions-runner\_work\xpco\xpco\corporate\videoos.administration.addin.unittests\bin\x64\debug\videoos.administration.addin.unittests.dll" id="ca945573-50d6-c4af-770e-2f53e1db0531">
      <TestCategory>
        <TestCategoryItem TestCategory="AutoDiscovery_HardwareSetupInfoManager" />
      </TestCategory>
      <Execution id="4db8d7c8-524b-48e4-ac62-aa8cf24df16f" />
      <TestMethod codeBase="D:\actions-runner\_work\XPCO\XPCO\Corporate\VideoOS.Administration.AddIn.UnitTests\bin\x64\Debug\VideoOS.Administration.AddIn.UnitTests.dll" adapterTypeName="executor://mstestadapter/v2" className="VideoOS.Administration.AddIn.UnitTests.RecorderAddIn.HardwareLocator.AutoDiscovery_HardwareSetupInfoManagerUnittest" name="AutoDiscovery_HardwareSetupInfoManager_HardwareSetupInfoSetupResponseReceived_WhenHardwareUnsupported" />
    </UnitTest>
    <UnitTest name="AddPluginRoles_DoesNotChangeReport_OnPluginWithNoSecurityActions" storage="d:\actions-runner\_work\xpco\xpco\corporate\videoos.administration.addin.unittests\bin\x64\debug\videoos.administration.addin.unittests.dll" id="c3a60e42-27af-dba3-1b50-1ad194a69dea">
      <TestCategory>
        <TestCategoryItem TestCategory="Platform" />
      </TestCategory>
      <Execution id="8a167c24-fcb6-4cf3-8723-f5fbe3156f5e" />
      <TestMethod codeBase="D:\actions-runner\_work\XPCO\XPCO\Corporate\VideoOS.Administration.AddIn.UnitTests\bin\x64\Debug\VideoOS.Administration.AddIn.UnitTests.dll" adapterTypeName="executor://mstestadapter/v2" className="VideoOS.Administration.AddIn.UnitTests.PlatformAddin.PlatformConfigReportTests" name="AddPluginRoles_DoesNotChangeReport_OnPluginWithNoSecurityActions" />
    </UnitTest>
    <UnitTest name="MayHaveOldData_Multi_None_None" storage="d:\actions-runner\_work\xpco\xpco\corporate\videoos.administration.addin.unittests\bin\x64\debug\videoos.administration.addin.unittests.dll" id="31984ec1-238e-0674-147d-5ec0b3186381">
      <Execution id="0c2729da-40c3-4adc-bc5b-6837861738f8" />
      <TestMethod codeBase="D:\actions-runner\_work\XPCO\XPCO\Corporate\VideoOS.Administration.AddIn.UnitTests\bin\x64\Debug\VideoOS.Administration.AddIn.UnitTests.dll" adapterTypeName="executor://mstestadapter/v2" className="VideoOS.Administration.AddIn.UnitTests.DeviceStreamQueryTests" name="MayHaveOldData_Multi_None_None" />
    </UnitTest>
    <UnitTest name="DeviceStreamsPresenter_InitializeStreamGridLayout_AllFeatureFlags_Success" storage="d:\actions-runner\_work\xpco\xpco\corporate\videoos.administration.addin.unittests\bin\x64\debug\videoos.administration.addin.unittests.dll" id="bddf2e55-2ff0-2d11-b640-20a93e13ac96">
      <Execution id="cebe94c0-242e-4a8d-861d-9bc325e568d3" />
      <TestMethod codeBase="D:\actions-runner\_work\XPCO\XPCO\Corporate\VideoOS.Administration.AddIn.UnitTests\bin\x64\Debug\VideoOS.Administration.AddIn.UnitTests.dll" adapterTypeName="executor://mstestadapter/v2" className="VideoOS.Administration.AddIn.UnitTests.DeviceStreamsPresenterTests" name="DeviceStreamsPresenter_InitializeStreamGridLayout_AllFeatureFlags_Success" />
    </UnitTest>
    <UnitTest name="DeviceStreamsPresenter_RefreshData_TwoIdenticalStreams_Success" storage="d:\actions-runner\_work\xpco\xpco\corporate\videoos.administration.addin.unittests\bin\x64\debug\videoos.administration.addin.unittests.dll" id="2ef6b5e7-17a9-3359-e633-61bd61ff5610">
      <Execution id="c07d12b8-4a7f-43a9-b65b-c3f4e2315d00" />
      <TestMethod codeBase="D:\actions-runner\_work\XPCO\XPCO\Corporate\VideoOS.Administration.AddIn.UnitTests\bin\x64\Debug\VideoOS.Administration.AddIn.UnitTests.dll" adapterTypeName="executor://mstestadapter/v2" className="VideoOS.Administration.AddIn.UnitTests.DeviceStreamsPresenterTests" name="DeviceStreamsPresenter_RefreshData_TwoIdenticalStreams_Success" />
    </UnitTest>
    <UnitTest name="ClientBasicUserCollection_ValidateBasicUser_NameIllegalCharacters" storage="d:\actions-runner\_work\xpco\xpco\corporate\videoos.administration.addin.unittests\bin\x64\debug\videoos.administration.addin.unittests.dll" id="c2b9a82a-d5ea-ad02-7929-177ecd74eb3b">
      <Execution id="1e7c905c-774c-4c72-9205-eba327c86a4d" />
      <TestMethod codeBase="D:\actions-runner\_work\XPCO\XPCO\Corporate\VideoOS.Administration.AddIn.UnitTests\bin\x64\Debug\VideoOS.Administration.AddIn.UnitTests.dll" adapterTypeName="executor://mstestadapter/v2" className="VideoOS.Administration.AddIn.UnitTests.DialogNewBasicUserTest" name="ClientBasicUserCollection_ValidateBasicUser_NameIllegalCharacters" />
    </UnitTest>
    <UnitTest name="AutoDiscovery_HardwareSetupInfoManager_HardwareSetupInfoSetupResponseReceived_WhenNoResponse" storage="d:\actions-runner\_work\xpco\xpco\corporate\videoos.administration.addin.unittests\bin\x64\debug\videoos.administration.addin.unittests.dll" id="01db9139-6521-222f-7e21-ee6dd73b9893">
      <TestCategory>
        <TestCategoryItem TestCategory="AutoDiscovery_HardwareSetupInfoManager" />
      </TestCategory>
      <Execution id="fac5c6b2-1851-4e04-b3b0-046c25bb79ca" />
      <TestMethod codeBase="D:\actions-runner\_work\XPCO\XPCO\Corporate\VideoOS.Administration.AddIn.UnitTests\bin\x64\Debug\VideoOS.Administration.AddIn.UnitTests.dll" adapterTypeName="executor://mstestadapter/v2" className="VideoOS.Administration.AddIn.UnitTests.RecorderAddIn.HardwareLocator.AutoDiscovery_HardwareSetupInfoManagerUnittest" name="AutoDiscovery_HardwareSetupInfoManager_HardwareSetupInfoSetupResponseReceived_WhenNoResponse" />
    </UnitTest>
    <UnitTest name="PlatformTree_ToolTip_Blank" storage="d:\actions-runner\_work\xpco\xpco\corporate\videoos.administration.addin.unittests\bin\x64\debug\videoos.administration.addin.unittests.dll" id="c36390f4-3d98-5929-30ec-ae65368da11b">
      <TestCategory>
        <TestCategoryItem TestCategory="PlatformTree" />
      </TestCategory>
      <Execution id="5dd55d3a-0355-4852-b00b-10f0cec59cc4" />
      <TestMethod codeBase="D:\actions-runner\_work\XPCO\XPCO\Corporate\VideoOS.Administration.AddIn.UnitTests\bin\x64\Debug\VideoOS.Administration.AddIn.UnitTests.dll" adapterTypeName="executor://mstestadapter/v2" className="VideoOS.Administration.AddIn.UnitTests.PlatformAddin.PlatformTreeTest" name="PlatformTree_ToolTip_Blank" />
    </UnitTest>
    <UnitTest name="TestCompositeGrid_ClearAllClearsCells" storage="d:\actions-runner\_work\xpco\xpco\corporate\videoos.administration.addin.unittests\bin\x64\debug\videoos.administration.addin.unittests.dll" id="78c740ae-56fc-6b0c-39c4-3eff9e7a3742">
      <Execution id="adaec1a6-d4a9-49af-bbaa-e6d7bb3c0582" />
      <TestMethod codeBase="D:\actions-runner\_work\XPCO\XPCO\Corporate\VideoOS.Administration.AddIn.UnitTests\bin\x64\Debug\VideoOS.Administration.AddIn.UnitTests.dll" adapterTypeName="executor://mstestadapter/v2" className="VideoOS.Administration.AddIn.UnitTests.RecorderAddIn.PrivacyProtectionHelpers.CompositeGridTests" name="TestCompositeGrid_ClearAllClearsCells" />
    </UnitTest>
    <UnitTest name="PlatformTree_SetState_ToActive" storage="d:\actions-runner\_work\xpco\xpco\corporate\videoos.administration.addin.unittests\bin\x64\debug\videoos.administration.addin.unittests.dll" id="9c14c648-cefb-cf9c-8e24-b3c4687d3d5b">
      <TestCategory>
        <TestCategoryItem TestCategory="PlatformTree" />
      </TestCategory>
      <Execution id="f38100a3-7066-470c-9475-1fc63dfd154a" />
      <TestMethod codeBase="D:\actions-runner\_work\XPCO\XPCO\Corporate\VideoOS.Administration.AddIn.UnitTests\bin\x64\Debug\VideoOS.Administration.AddIn.UnitTests.dll" adapterTypeName="executor://mstestadapter/v2" className="VideoOS.Administration.AddIn.UnitTests.PlatformAddin.PlatformTreeTest" name="PlatformTree_SetState_ToActive" />
    </UnitTest>
    <UnitTest name="AutoDiscovery_HardwareSetupInfoManager_TaskThrowException" storage="d:\actions-runner\_work\xpco\xpco\corporate\videoos.administration.addin.unittests\bin\x64\debug\videoos.administration.addin.unittests.dll" id="e419550c-f228-e320-39cd-e5cc15bd206b">
      <TestCategory>
        <TestCategoryItem TestCategory="AutoDiscovery_HardwareSetupInfoManager" />
      </TestCategory>
      <Execution id="baee1505-ac4e-47d0-9a40-1c142a5f719f" />
      <TestMethod codeBase="D:\actions-runner\_work\XPCO\XPCO\Corporate\VideoOS.Administration.AddIn.UnitTests\bin\x64\Debug\VideoOS.Administration.AddIn.UnitTests.dll" adapterTypeName="executor://mstestadapter/v2" className="VideoOS.Administration.AddIn.UnitTests.RecorderAddIn.HardwareLocator.AutoDiscovery_HardwareSetupInfoManagerUnittest" name="AutoDiscovery_HardwareSetupInfoManager_TaskThrowException" />
    </UnitTest>
    <UnitTest name="AddAppointmentConfiguration_AddsRecurenceDurationToTable_OnAppointmentWithRecurrence" storage="d:\actions-runner\_work\xpco\xpco\corporate\videoos.administration.addin.unittests\bin\x64\debug\videoos.administration.addin.unittests.dll" id="09865393-2685-41de-b0c3-1e0e79b25fa7">
      <TestCategory>
        <TestCategoryItem TestCategory="Time profile" />
      </TestCategory>
      <Execution id="bc986877-2057-4807-8b2c-698bcacb95a1" />
      <TestMethod codeBase="D:\actions-runner\_work\XPCO\XPCO\Corporate\VideoOS.Administration.AddIn.UnitTests\bin\x64\Debug\VideoOS.Administration.AddIn.UnitTests.dll" adapterTypeName="executor://mstestadapter/v2" className="VideoOS.Administration.AddIn.UnitTests.DialogSelectRecurrenceTests" name="AddAppointmentConfiguration_AddsRecurenceDurationToTable_OnAppointmentWithRecurrence" />
    </UnitTest>
    <UnitTest name="ValidateSelectionExists_ReturnsTrue_Always" storage="d:\actions-runner\_work\xpco\xpco\corporate\videoos.administration.addin.unittests\bin\x64\debug\videoos.administration.addin.unittests.dll" id="ac3e0731-6373-c543-ed7c-0c7470f823a1">
      <TestCategory>
        <TestCategoryItem TestCategory="Pickers" />
      </TestCategory>
      <Execution id="4ae28898-90f7-4ad1-a688-fd2fec97a4d5" />
      <TestMethod codeBase="D:\actions-runner\_work\XPCO\XPCO\Corporate\VideoOS.Administration.AddIn.UnitTests\bin\x64\Debug\VideoOS.Administration.AddIn.UnitTests.dll" adapterTypeName="executor://mstestadapter/v2" className="VideoOS.Administration.AddIn.UnitTests.Pickers.PickerTimeOfDayTests" name="ValidateSelectionExists_ReturnsTrue_Always" />
    </UnitTest>
    <UnitTest name="MayHaveOldData_Single_StreamAndTrack_None" storage="d:\actions-runner\_work\xpco\xpco\corporate\videoos.administration.addin.unittests\bin\x64\debug\videoos.administration.addin.unittests.dll" id="d3efadd8-95cd-1580-0927-a88a679218cb">
      <Execution id="f24586ec-0f8b-4462-b48e-bafedf3e33b8" />
      <TestMethod codeBase="D:\actions-runner\_work\XPCO\XPCO\Corporate\VideoOS.Administration.AddIn.UnitTests\bin\x64\Debug\VideoOS.Administration.AddIn.UnitTests.dll" adapterTypeName="executor://mstestadapter/v2" className="VideoOS.Administration.AddIn.UnitTests.DeviceStreamQueryTests" name="MayHaveOldData_Single_StreamAndTrack_None" />
    </UnitTest>
    <UnitTest name="ClientBasicUserCollection_ValidateBasicUser_NameEmpty" storage="d:\actions-runner\_work\xpco\xpco\corporate\videoos.administration.addin.unittests\bin\x64\debug\videoos.administration.addin.unittests.dll" id="b0e3554c-f4d1-e9ca-6fc1-7a48502da924">
      <Execution id="2e076003-05d9-4c98-870d-e18e59518e96" />
      <TestMethod codeBase="D:\actions-runner\_work\XPCO\XPCO\Corporate\VideoOS.Administration.AddIn.UnitTests\bin\x64\Debug\VideoOS.Administration.AddIn.UnitTests.dll" adapterTypeName="executor://mstestadapter/v2" className="VideoOS.Administration.AddIn.UnitTests.DialogNewBasicUserTest" name="ClientBasicUserCollection_ValidateBasicUser_NameEmpty" />
    </UnitTest>
    <UnitTest name="AddpluginProperties_AddsTextNoItemsDefinedToReport_OnItemWithNullProperties" storage="d:\actions-runner\_work\xpco\xpco\corporate\videoos.administration.addin.unittests\bin\x64\debug\videoos.administration.addin.unittests.dll" id="d0d9baf6-7db9-959d-2b1c-6f4701c0a77d">
      <TestCategory>
        <TestCategoryItem TestCategory="Platform" />
      </TestCategory>
      <Execution id="8118af5f-3266-43fa-96c2-2669fe39b8bb" />
      <TestMethod codeBase="D:\actions-runner\_work\XPCO\XPCO\Corporate\VideoOS.Administration.AddIn.UnitTests\bin\x64\Debug\VideoOS.Administration.AddIn.UnitTests.dll" adapterTypeName="executor://mstestadapter/v2" className="VideoOS.Administration.AddIn.UnitTests.PlatformAddin.PlatformConfigReportTests" name="AddpluginProperties_AddsTextNoItemsDefinedToReport_OnItemWithNullProperties" />
    </UnitTest>
    <UnitTest name="AddAppointmentConfiguration_AddsRecurencePatternToTable_OnAppointmentWithRecurrenceWeekly" storage="d:\actions-runner\_work\xpco\xpco\corporate\videoos.administration.addin.unittests\bin\x64\debug\videoos.administration.addin.unittests.dll" id="e60dd502-090e-6bc9-80c1-8580ba16b757">
      <TestCategory>
        <TestCategoryItem TestCategory="Time profile" />
      </TestCategory>
      <Execution id="a4318429-ca1b-4065-bd1f-1ef220a46b0b" />
      <TestMethod codeBase="D:\actions-runner\_work\XPCO\XPCO\Corporate\VideoOS.Administration.AddIn.UnitTests\bin\x64\Debug\VideoOS.Administration.AddIn.UnitTests.dll" adapterTypeName="executor://mstestadapter/v2" className="VideoOS.Administration.AddIn.UnitTests.DialogSelectRecurrenceTests" name="AddAppointmentConfiguration_AddsRecurencePatternToTable_OnAppointmentWithRecurrenceWeekly" />
    </UnitTest>
    <UnitTest name="SystemDashboard_TestDataProviderGetCameraGroups" storage="d:\actions-runner\_work\xpco\xpco\corporate\videoos.administration.addin.unittests\bin\x64\debug\videoos.administration.addin.unittests.dll" id="3cbccd1f-d730-4881-c2b4-01c0a09f176d">
      <Execution id="99673815-6418-4198-95ad-58bd6e0ec2b4" />
      <TestMethod codeBase="D:\actions-runner\_work\XPCO\XPCO\Corporate\VideoOS.Administration.AddIn.UnitTests\bin\x64\Debug\VideoOS.Administration.AddIn.UnitTests.dll" adapterTypeName="executor://mstestadapter/v2" className="VideoOS.Administration.AddIn.UnitTests.SystemDashboardDataProviderTests" name="SystemDashboard_TestDataProviderGetCameraGroups" />
    </UnitTest>
    <UnitTest name="MatchDevices_oldDevicesAreNull_ShouldReturnEmptyList" storage="d:\actions-runner\_work\xpco\xpco\corporate\videoos.administration.addin.unittests\bin\x64\debug\videoos.administration.addin.unittests.dll" id="b45eb3be-71f9-57a0-1d25-5dc91f0f2aed">
      <Execution id="3126186a-a433-41f2-a526-662b98186bda" />
      <TestMethod codeBase="D:\actions-runner\_work\XPCO\XPCO\Corporate\VideoOS.Administration.AddIn.UnitTests\bin\x64\Debug\VideoOS.Administration.AddIn.UnitTests.dll" adapterTypeName="executor://mstestadapter/v2" className="VideoOS.Administration.AddIn.UnitTests.RecorderAddIn.ReplaceHardware.HardwareMapperTests" name="MatchDevices_oldDevicesAreNull_ShouldReturnEmptyList" />
    </UnitTest>
    <UnitTest name="TestCompositeGrid_SetMaskSizeClearsGridsAndSetsTheirSize" storage="d:\actions-runner\_work\xpco\xpco\corporate\videoos.administration.addin.unittests\bin\x64\debug\videoos.administration.addin.unittests.dll" id="2533b661-cdc0-47b0-a375-3f670ed6ea3d">
      <Execution id="5f2ada3c-c2d2-42cf-bc16-970d86dd7f20" />
      <TestMethod codeBase="D:\actions-runner\_work\XPCO\XPCO\Corporate\VideoOS.Administration.AddIn.UnitTests\bin\x64\Debug\VideoOS.Administration.AddIn.UnitTests.dll" adapterTypeName="executor://mstestadapter/v2" className="VideoOS.Administration.AddIn.UnitTests.RecorderAddIn.PrivacyProtectionHelpers.CompositeGridTests" name="TestCompositeGrid_SetMaskSizeClearsGridsAndSetsTheirSize" />
    </UnitTest>
    <UnitTest name="AutoDiscovery_HardwareSetupInfoManager_HardwareSetupInfoSetupResponseReceived_WhenException" storage="d:\actions-runner\_work\xpco\xpco\corporate\videoos.administration.addin.unittests\bin\x64\debug\videoos.administration.addin.unittests.dll" id="d994edcd-7824-9182-32a2-9c0ce8e65fdc">
      <TestCategory>
        <TestCategoryItem TestCategory="AutoDiscovery_HardwareSetupInfoManager" />
      </TestCategory>
      <Execution id="88973b0d-4a9f-47a0-ad49-fd7511ee4979" />
      <TestMethod codeBase="D:\actions-runner\_work\XPCO\XPCO\Corporate\VideoOS.Administration.AddIn.UnitTests\bin\x64\Debug\VideoOS.Administration.AddIn.UnitTests.dll" adapterTypeName="executor://mstestadapter/v2" className="VideoOS.Administration.AddIn.UnitTests.RecorderAddIn.HardwareLocator.AutoDiscovery_HardwareSetupInfoManagerUnittest" name="AutoDiscovery_HardwareSetupInfoManager_HardwareSetupInfoSetupResponseReceived_WhenException" />
    </UnitTest>
    <UnitTest name="DeviceStreamsPresenter_Activate_OneDevice_CtrlPressed_DefinitionXmlButton_Visible" storage="d:\actions-runner\_work\xpco\xpco\corporate\videoos.administration.addin.unittests\bin\x64\debug\videoos.administration.addin.unittests.dll" id="e0691838-f63c-9c2c-801b-be6097f82146">
      <Execution id="04f2dab8-e093-4ed7-b22c-a56d61976504" />
      <TestMethod codeBase="D:\actions-runner\_work\XPCO\XPCO\Corporate\VideoOS.Administration.AddIn.UnitTests\bin\x64\Debug\VideoOS.Administration.AddIn.UnitTests.dll" adapterTypeName="executor://mstestadapter/v2" className="VideoOS.Administration.AddIn.UnitTests.DeviceStreamsPresenterTests" name="DeviceStreamsPresenter_Activate_OneDevice_CtrlPressed_DefinitionXmlButton_Visible" />
    </UnitTest>
    <UnitTest name="SystemDashboard_TestSourceProviderGetAllfailoverServers_ResultWithServersWithDuplicates" storage="d:\actions-runner\_work\xpco\xpco\corporate\videoos.administration.addin.unittests\bin\x64\debug\videoos.administration.addin.unittests.dll" id="14b38e06-29e8-d5e7-7956-37acde06019e">
      <Execution id="8ad2ebbc-513d-4def-b293-baa2c1ff4237" />
      <TestMethod codeBase="D:\actions-runner\_work\XPCO\XPCO\Corporate\VideoOS.Administration.AddIn.UnitTests\bin\x64\Debug\VideoOS.Administration.AddIn.UnitTests.dll" adapterTypeName="executor://mstestadapter/v2" className="VideoOS.Administration.AddIn.UnitTests.SystemMonitorDashboard.ConfigurationLookupHelperTest" name="SystemDashboard_TestSourceProviderGetAllfailoverServers_ResultWithServersWithDuplicates" />
    </UnitTest>
    <UnitTest name="AddAppointmentConfiguration_AddsRecurencePatternToTable_OnAppointmentWithRecurrenceYearly" storage="d:\actions-runner\_work\xpco\xpco\corporate\videoos.administration.addin.unittests\bin\x64\debug\videoos.administration.addin.unittests.dll" id="b451a66e-6907-9f0e-c2b9-29c121d49944">
      <TestCategory>
        <TestCategoryItem TestCategory="Time profile" />
      </TestCategory>
      <Execution id="1d9c27b2-d00a-4c59-92fe-400063d71f8f" />
      <TestMethod codeBase="D:\actions-runner\_work\XPCO\XPCO\Corporate\VideoOS.Administration.AddIn.UnitTests\bin\x64\Debug\VideoOS.Administration.AddIn.UnitTests.dll" adapterTypeName="executor://mstestadapter/v2" className="VideoOS.Administration.AddIn.UnitTests.DialogSelectRecurrenceTests" name="AddAppointmentConfiguration_AddsRecurencePatternToTable_OnAppointmentWithRecurrenceYearly" />
    </UnitTest>
    <UnitTest name="AddOptionsDialogProperties_AddsSectionWithOptionsNameToReport_OnOptionsReturningSections" storage="d:\actions-runner\_work\xpco\xpco\corporate\videoos.administration.addin.unittests\bin\x64\debug\videoos.administration.addin.unittests.dll" id="66ed3156-bf8d-aa92-ed56-2f7b44c38c99">
      <TestCategory>
        <TestCategoryItem TestCategory="Platform" />
      </TestCategory>
      <Execution id="44803093-4d2f-4e72-bd96-3b295e299816" />
      <TestMethod codeBase="D:\actions-runner\_work\XPCO\XPCO\Corporate\VideoOS.Administration.AddIn.UnitTests\bin\x64\Debug\VideoOS.Administration.AddIn.UnitTests.dll" adapterTypeName="executor://mstestadapter/v2" className="VideoOS.Administration.AddIn.UnitTests.PlatformAddin.PlatformConfigReportTests" name="AddOptionsDialogProperties_AddsSectionWithOptionsNameToReport_OnOptionsReturningSections" />
    </UnitTest>
    <UnitTest name="AutoDiscovery_HardwareSetupInfoManager_HardwareSetupInfoSetupResponseReceived_WhenSucceeded" storage="d:\actions-runner\_work\xpco\xpco\corporate\videoos.administration.addin.unittests\bin\x64\debug\videoos.administration.addin.unittests.dll" id="2bd02458-d550-fa9e-3de3-a4475dfb9e65">
      <TestCategory>
        <TestCategoryItem TestCategory="AutoDiscovery_HardwareSetupInfoManager" />
      </TestCategory>
      <Execution id="e3bccc25-aeb8-4396-aa75-c3b6b37c6fa1" />
      <TestMethod codeBase="D:\actions-runner\_work\XPCO\XPCO\Corporate\VideoOS.Administration.AddIn.UnitTests\bin\x64\Debug\VideoOS.Administration.AddIn.UnitTests.dll" adapterTypeName="executor://mstestadapter/v2" className="VideoOS.Administration.AddIn.UnitTests.RecorderAddIn.HardwareLocator.AutoDiscovery_HardwareSetupInfoManagerUnittest" name="AutoDiscovery_HardwareSetupInfoManager_HardwareSetupInfoSetupResponseReceived_WhenSucceeded" />
    </UnitTest>
    <UnitTest name="DeviceStreamsPresenter_DeviceStreamsPresenterTests_Init_WithAdaptivePlaybackFeatureFlag_AllItemsAddedToRecordToValueList" storage="d:\actions-runner\_work\xpco\xpco\corporate\videoos.administration.addin.unittests\bin\x64\debug\videoos.administration.addin.unittests.dll" id="c826b01f-e3ec-b1ec-acd4-b7353f03ec0d">
      <Execution id="76f0460b-dad5-4f09-80cb-5255c02a4e91" />
      <TestMethod codeBase="D:\actions-runner\_work\XPCO\XPCO\Corporate\VideoOS.Administration.AddIn.UnitTests\bin\x64\Debug\VideoOS.Administration.AddIn.UnitTests.dll" adapterTypeName="executor://mstestadapter/v2" className="VideoOS.Administration.AddIn.UnitTests.DeviceStreamsPresenterTests" name="DeviceStreamsPresenter_DeviceStreamsPresenterTests_Init_WithAdaptivePlaybackFeatureFlag_AllItemsAddedToRecordToValueList" />
    </UnitTest>
    <UnitTest name="TestEmptyMask" storage="d:\actions-runner\_work\xpco\xpco\corporate\videoos.administration.addin.unittests\bin\x64\debug\videoos.administration.addin.unittests.dll" id="66c63a3a-0eff-85d0-9045-500df9c0da41">
      <Execution id="b9ccb938-3b66-4e2a-a6bd-6aedbe3b382d" />
      <TestMethod codeBase="D:\actions-runner\_work\XPCO\XPCO\Corporate\VideoOS.Administration.AddIn.UnitTests\bin\x64\Debug\VideoOS.Administration.AddIn.UnitTests.dll" adapterTypeName="executor://mstestadapter/v2" className="VideoOS.Administration.AddIn.UnitTests.PrivacyProtectionValidatorTests" name="TestEmptyMask" />
    </UnitTest>
    <UnitTest name="Compare_Returns0_OnNullAsTagsAndUnexpectedNames" storage="d:\actions-runner\_work\xpco\xpco\corporate\videoos.administration.addin.unittests\bin\x64\debug\videoos.administration.addin.unittests.dll" id="91921f2f-5579-b93c-04e8-b92625907831">
      <TestCategory>
        <TestCategoryItem TestCategory="Replace Hardware" />
      </TestCategory>
      <Execution id="ec00580c-9d21-4f7d-8c27-5c8d18f3a1eb" />
      <TestMethod codeBase="D:\actions-runner\_work\XPCO\XPCO\Corporate\VideoOS.Administration.AddIn.UnitTests\bin\x64\Debug\VideoOS.Administration.AddIn.UnitTests.dll" adapterTypeName="executor://mstestadapter/v2" className="VideoOS.Administration.AddIn.UnitTests.ComboBoxItemComparerTests" name="Compare_Returns0_OnNullAsTagsAndUnexpectedNames" />
    </UnitTest>
  </TestDefinitions>
  <TestEntries>
    <TestEntry testId="e0691838-f63c-9c2c-801b-be6097f82146" executionId="04f2dab8-e093-4ed7-b22c-a56d61976504" testListId="8c84fa94-04c1-424b-9868-57a2d4851a1d" />
    <TestEntry testId="d205b5b6-ec71-41b4-0268-845eb78bb24d" executionId="f18a0309-6c76-4ada-945e-3c8b359a449c" testListId="8c84fa94-04c1-424b-9868-57a2d4851a1d" />
    <TestEntry testId="2eee81e5-7eba-ad1a-fe8f-bb0def0a1289" executionId="e4cccf70-b326-42f7-8269-affff7de0596" testListId="8c84fa94-04c1-424b-9868-57a2d4851a1d" />
    <TestEntry testId="816db9f9-3df5-e262-9b7e-249748721d30" executionId="ef199e6a-1c50-450f-a54c-088724b818e2" testListId="8c84fa94-04c1-424b-9868-57a2d4851a1d" />
    <TestEntry testId="2ee4f7d8-9044-e199-e31c-2b7c0ca03fcd" executionId="2635d691-a919-4a6c-880c-069531f8396f" testListId="8c84fa94-04c1-424b-9868-57a2d4851a1d" />
    <TestEntry testId="d1f1df85-77bf-3e9f-3cbb-d16cb9a4f51a" executionId="7aa0e474-6378-4b3f-bbb8-0a87497ed6b0" testListId="8c84fa94-04c1-424b-9868-57a2d4851a1d" />
    <TestEntry testId="77f3f50f-d827-5f5e-a510-cf94da642b48" executionId="0cebc0b8-ebd9-4370-b0b1-701b6fd2af0e" testListId="8c84fa94-04c1-424b-9868-57a2d4851a1d" />
    <TestEntry testId="5fde95c3-7e30-e8c4-e680-fa0ae9e4a267" executionId="ab4d2c34-eaad-429d-9496-f945e9c6b49d" testListId="8c84fa94-04c1-424b-9868-57a2d4851a1d" />
    <TestEntry testId="31386553-c8b5-4c61-cfd2-0a7434f2e8d1" executionId="32a95b14-e5ec-4d75-8d82-763a735ace15" testListId="8c84fa94-04c1-424b-9868-57a2d4851a1d" />
    <TestEntry testId="b0035aff-0a64-7183-8033-0d6eed9b36c2" executionId="8f20fb43-d8b2-4855-9e46-cc7a4606eac7" testListId="8c84fa94-04c1-424b-9868-57a2d4851a1d" />
    <TestEntry testId="59feefb7-7ed7-9ff6-28ef-0f38d488e861" executionId="48c24748-9f0d-4d1a-8040-a8ec80786a95" testListId="8c84fa94-04c1-424b-9868-57a2d4851a1d" />
    <TestEntry testId="ead1a04d-99dc-65f4-886b-441a8539b09e" executionId="c54d7f27-38af-4a71-a2a6-27a0a66a354b" testListId="8c84fa94-04c1-424b-9868-57a2d4851a1d" />
    <TestEntry testId="3167ebd5-9d03-cc65-8ee5-1b043d4db54a" executionId="cc94c372-a027-403e-a496-cc892bc46df9" testListId="8c84fa94-04c1-424b-9868-57a2d4851a1d" />
    <TestEntry testId="ca945573-50d6-c4af-770e-2f53e1db0531" executionId="4db8d7c8-524b-48e4-ac62-aa8cf24df16f" testListId="8c84fa94-04c1-424b-9868-57a2d4851a1d" />
    <TestEntry testId="00d2f1d3-46d8-9209-35b6-4972a34aca8b" executionId="fb1f2bf3-8ae9-4aaa-9c89-f273ce994685" testListId="8c84fa94-04c1-424b-9868-57a2d4851a1d" />
    <TestEntry testId="fdbaf56a-5bc5-416b-fa57-9c223bbbe13e" executionId="18077ce8-efb4-46b5-818b-e5a2fd30c7e2" testListId="8c84fa94-04c1-424b-9868-57a2d4851a1d" />
    <TestEntry testId="01db9139-6521-222f-7e21-ee6dd73b9893" executionId="fac5c6b2-1851-4e04-b3b0-046c25bb79ca" testListId="8c84fa94-04c1-424b-9868-57a2d4851a1d" />
    <TestEntry testId="1f6c3780-0b46-10b6-5aa8-308026cf9edc" executionId="98cc46a2-2460-402b-a7ab-3188a358f601" testListId="8c84fa94-04c1-424b-9868-57a2d4851a1d" />
    <TestEntry testId="848b4923-32c0-958d-351a-b85722593610" executionId="6a839812-719e-4ec9-8b04-9352074cd150" testListId="8c84fa94-04c1-424b-9868-57a2d4851a1d" />
    <TestEntry testId="9f158034-f8de-d402-0e7e-1781465a67b8" executionId="f73f3df3-cda0-45c9-95c0-110d4c49f265" testListId="8c84fa94-04c1-424b-9868-57a2d4851a1d" />
    <TestEntry testId="cd00c760-ba4d-a11a-4ba7-33c8001ee884" executionId="9f0d6fa1-a8cf-41cf-8ddf-191632beff59" testListId="8c84fa94-04c1-424b-9868-57a2d4851a1d" />
    <TestEntry testId="7b07e1c7-c876-da1c-0172-ec61196dc8c0" executionId="40651fbb-7831-4a2d-bbcb-e93775cd7299" testListId="8c84fa94-04c1-424b-9868-57a2d4851a1d" />
    <TestEntry testId="a6c31964-485a-e928-74c1-038e4111cf4c" executionId="34532baa-86ae-4a19-af1b-a273b67702ad" testListId="8c84fa94-04c1-424b-9868-57a2d4851a1d" />
    <TestEntry testId="6a725ab5-45a8-bb8a-d5f6-58afcfa9801b" executionId="e6b94624-80a1-4302-98df-10393a8c84f6" testListId="8c84fa94-04c1-424b-9868-57a2d4851a1d" />
    <TestEntry testId="e2c0a451-86f5-7ec7-6eba-69b3ea02205c" executionId="124a3815-faa1-4a23-b403-1b4fd2f229ac" testListId="8c84fa94-04c1-424b-9868-57a2d4851a1d" />
    <TestEntry testId="9c14c648-cefb-cf9c-8e24-b3c4687d3d5b" executionId="f38100a3-7066-470c-9475-1fc63dfd154a" testListId="8c84fa94-04c1-424b-9868-57a2d4851a1d" />
    <TestEntry testId="dc2d1873-40af-1880-a3e9-cd70e47c3b9b" executionId="36a4c1a9-a0d3-44c6-8746-87be425ae422" testListId="8c84fa94-04c1-424b-9868-57a2d4851a1d" />
    <TestEntry testId="048a50cc-0f82-5d3d-1a4b-cd9e0cb698fc" executionId="928c5eb3-1354-464a-98ba-60f6f09e864d" testListId="8c84fa94-04c1-424b-9868-57a2d4851a1d" />
    <TestEntry testId="b25051d6-3bcd-4a50-34aa-d755cd1b4e2c" executionId="6eb2185c-32cb-4b8d-b108-a95c8ac2197b" testListId="8c84fa94-04c1-424b-9868-57a2d4851a1d" />
    <TestEntry testId="8b267344-1f62-9889-3188-a6f2b5e607b7" executionId="8dddbd70-fc5b-466f-b2b3-2756e9aaa9e0" testListId="8c84fa94-04c1-424b-9868-57a2d4851a1d" />
    <TestEntry testId="98e89c7c-e44a-309e-df1a-ac3d03646028" executionId="28a3ee8e-d810-4a86-8120-0f27629a434a" testListId="8c84fa94-04c1-424b-9868-57a2d4851a1d" />
    <TestEntry testId="dc4a964a-8aea-3cf4-92b2-b3bdaf29744b" executionId="d96c1c74-3fa5-464f-9af0-d26855660fa9" testListId="8c84fa94-04c1-424b-9868-57a2d4851a1d" />
    <TestEntry testId="48e0767c-a71a-e1b7-4d50-9bd70b568e17" executionId="09f25536-7cc9-4d29-962d-f6d51257239b" testListId="8c84fa94-04c1-424b-9868-57a2d4851a1d" />
    <TestEntry testId="80e5731c-d5fc-e94f-306e-58f2a404c823" executionId="6089586c-8089-4045-b7c5-c2274925e44e" testListId="8c84fa94-04c1-424b-9868-57a2d4851a1d" />
    <TestEntry testId="6e5313e3-85cd-2b26-05f8-a3e6e87d3022" executionId="ecb0beab-f56f-450b-b80c-fd679ae3746e" testListId="8c84fa94-04c1-424b-9868-57a2d4851a1d" />
    <TestEntry testId="bd56244a-4df2-568c-9200-398d9e2a3308" executionId="2eba4696-34d5-426d-9a35-c63ddac237c9" testListId="8c84fa94-04c1-424b-9868-57a2d4851a1d" />
    <TestEntry testId="36be9ed2-eaa8-c998-6851-9c139f670027" executionId="c0eb6f53-a5a7-47f9-b8d4-96e03a0a8a86" testListId="8c84fa94-04c1-424b-9868-57a2d4851a1d" />
    <TestEntry testId="97e68eba-2053-f7dd-778b-d27d1d343c88" executionId="0d63d24e-8f7f-4161-8c15-fafcd88d0779" testListId="8c84fa94-04c1-424b-9868-57a2d4851a1d" />
    <TestEntry testId="d994edcd-7824-9182-32a2-9c0ce8e65fdc" executionId="88973b0d-4a9f-47a0-ad49-fd7511ee4979" testListId="8c84fa94-04c1-424b-9868-57a2d4851a1d" />
    <TestEntry testId="14ba3501-276c-588b-c9bf-cc95a4f9486d" executionId="8a35ac10-e794-4975-8f69-ec67a46bb639" testListId="8c84fa94-04c1-424b-9868-57a2d4851a1d" />
    <TestEntry testId="2261a751-4664-f3d2-ac16-d6207f18ec2d" executionId="f6043c5a-e974-407a-930b-50dfd8b40402" testListId="8c84fa94-04c1-424b-9868-57a2d4851a1d" />
    <TestEntry testId="c3bcac8f-bb02-bb3d-6d2e-754b50d6d0dd" executionId="f44c1d9c-b579-460b-9c5c-663e82bd3eac" testListId="8c84fa94-04c1-424b-9868-57a2d4851a1d" />
    <TestEntry testId="133ee20b-c8c5-ff53-28c7-1a6b45e07fb6" executionId="c2300028-dcb3-436c-a3ec-bb10c9600471" testListId="8c84fa94-04c1-424b-9868-57a2d4851a1d" />
    <TestEntry testId="2c35c50a-a23b-af15-227f-ab717cc0242d" executionId="36ac002c-cba5-4e29-9857-dcbd0fab264f" testListId="8c84fa94-04c1-424b-9868-57a2d4851a1d" />
    <TestEntry testId="e2bdb57c-0bc2-b757-029c-eb5f73777daf" executionId="d4b296e5-f80c-46dc-91b9-73581ea6efa2" testListId="8c84fa94-04c1-424b-9868-57a2d4851a1d" />
    <TestEntry testId="2de94246-b1b3-666f-9a49-52db0735f8ec" executionId="5562f7ce-4e2d-4b9d-aad4-8fddcdf195d5" testListId="8c84fa94-04c1-424b-9868-57a2d4851a1d" />
    <TestEntry testId="7990ea68-3a48-cc6c-6b53-7408abbf3474" executionId="df024a7f-ccbd-4729-9d0c-de4f9d9c9289" testListId="8c84fa94-04c1-424b-9868-57a2d4851a1d" />
    <TestEntry testId="c9d0430e-4ae6-2282-ef9f-12706c632bd8" executionId="c0cc6486-6319-42a9-82c6-085a69d08fe0" testListId="8c84fa94-04c1-424b-9868-57a2d4851a1d" />
    <TestEntry testId="afad45a8-44b0-6a4f-cb1c-e80558b45d48" executionId="ce0c7aa0-e947-4796-8d72-9150be0f269c" testListId="8c84fa94-04c1-424b-9868-57a2d4851a1d" />
    <TestEntry testId="d7ea0b97-0362-b71d-a237-a315ab00de7c" executionId="bff23640-b154-4a75-bd3a-2e1f88d69db9" testListId="8c84fa94-04c1-424b-9868-57a2d4851a1d" />
    <TestEntry testId="d714e552-e383-72bf-c7e2-bdff415c312f" executionId="5b48dcc1-affc-4057-91f3-e9c991eb5d54" testListId="8c84fa94-04c1-424b-9868-57a2d4851a1d" />
    <TestEntry testId="5f6f4ffa-af7a-85f4-ed87-e5d7524e3550" executionId="9c980256-111c-4b15-a66c-9313de995cbf" testListId="8c84fa94-04c1-424b-9868-57a2d4851a1d" />
    <TestEntry testId="e4add18a-55af-d630-149f-d01b50eb176b" executionId="c1d99741-1c99-4465-9bdd-68cbe286dc8f" testListId="8c84fa94-04c1-424b-9868-57a2d4851a1d" />
    <TestEntry testId="e2637a74-d2c7-a2d5-ee31-d7217619f4e7" executionId="1174263c-141a-4ea9-8c3c-2384d4bc5139" testListId="8c84fa94-04c1-424b-9868-57a2d4851a1d" />
    <TestEntry testId="f64b4e1d-0d2d-21cd-0557-43fefafba861" executionId="0f939ecd-81bb-44d3-8125-eafa1735f878" testListId="8c84fa94-04c1-424b-9868-57a2d4851a1d" />
    <TestEntry testId="eac9c4da-8035-175d-2282-ea21532e2ba0" executionId="c1820863-22db-4fba-989f-8fe658b924fa" testListId="8c84fa94-04c1-424b-9868-57a2d4851a1d" />
    <TestEntry testId="a539a26d-f2fe-fe9d-67c9-e42d10dc11d9" executionId="1a937ed1-ff06-4425-ba7d-3795bc56d0d4" testListId="8c84fa94-04c1-424b-9868-57a2d4851a1d" />
    <TestEntry testId="7b16ddbc-47bb-b448-722e-c63c4914fa66" executionId="19a62f97-5c01-4afd-b255-4f8587814270" testListId="8c84fa94-04c1-424b-9868-57a2d4851a1d" />
    <TestEntry testId="d7928b7c-0303-69b6-8652-b6f02f92daa1" executionId="8afaafca-ad64-4e33-8098-d6cd30fef607" testListId="8c84fa94-04c1-424b-9868-57a2d4851a1d" />
    <TestEntry testId="0bed5dd6-c7fb-8d65-4dba-b1353a0b8d02" executionId="cf1a840e-e2c7-4286-b8b2-14efd1a3c5d4" testListId="8c84fa94-04c1-424b-9868-57a2d4851a1d" />
    <TestEntry testId="8fdbc734-ce75-d69b-30b0-43444bb48d63" executionId="1fb868fc-008c-43d5-8d10-373f9436e3ad" testListId="8c84fa94-04c1-424b-9868-57a2d4851a1d" />
    <TestEntry testId="e7bff3a4-3778-0185-da6a-cc55a6beedae" executionId="e44b4b6e-994f-4db5-99b9-8ebe478d725c" testListId="8c84fa94-04c1-424b-9868-57a2d4851a1d" />
    <TestEntry testId="c2b9a82a-d5ea-ad02-7929-177ecd74eb3b" executionId="1e7c905c-774c-4c72-9205-eba327c86a4d" testListId="8c84fa94-04c1-424b-9868-57a2d4851a1d" />
    <TestEntry testId="bcc6c74e-4cf8-7264-2b6c-bbfa0a489e09" executionId="a8d32787-d0bf-4b70-8a4f-639b454e1379" testListId="8c84fa94-04c1-424b-9868-57a2d4851a1d" />
    <TestEntry testId="423d0959-f82e-bbae-7a54-488500a6c350" executionId="6ea3973f-d036-423a-b514-fafaa1d4e6aa" testListId="8c84fa94-04c1-424b-9868-57a2d4851a1d" />
    <TestEntry testId="78c740ae-56fc-6b0c-39c4-3eff9e7a3742" executionId="adaec1a6-d4a9-49af-bbaa-e6d7bb3c0582" testListId="8c84fa94-04c1-424b-9868-57a2d4851a1d" />
    <TestEntry testId="d29c4645-c75e-91c9-94e2-eba71b12d2da" executionId="04e16d19-b9d9-4d8a-8174-382d96774621" testListId="8c84fa94-04c1-424b-9868-57a2d4851a1d" />
    <TestEntry testId="4503a5ff-6554-1559-d979-738d496923a6" executionId="40eba534-6679-4ef7-81b5-dab186bd4820" testListId="8c84fa94-04c1-424b-9868-57a2d4851a1d" />
    <TestEntry testId="485a5b3b-c137-6439-9f85-d40bb4be04d1" executionId="4e7037a6-7c53-4710-942c-dff37cbe94cf" testListId="8c84fa94-04c1-424b-9868-57a2d4851a1d" />
    <TestEntry testId="aa7aab18-444b-15c3-320f-2524528aedca" executionId="4949111f-c6c1-4b99-a9e5-b82b3ac5b50c" testListId="8c84fa94-04c1-424b-9868-57a2d4851a1d" />
    <TestEntry testId="3353e4ef-4067-7c75-fb9a-33e1a501dd12" executionId="05b042b4-364a-470b-9c7f-b3325d53b806" testListId="8c84fa94-04c1-424b-9868-57a2d4851a1d" />
    <TestEntry testId="3bbb3909-084e-73c4-7d53-31023b64f14e" executionId="c8a6bdaf-84ed-4d73-ab80-47f9b28492ab" testListId="8c84fa94-04c1-424b-9868-57a2d4851a1d" />
    <TestEntry testId="3cbccd1f-d730-4881-c2b4-01c0a09f176d" executionId="99673815-6418-4198-95ad-58bd6e0ec2b4" testListId="8c84fa94-04c1-424b-9868-57a2d4851a1d" />
    <TestEntry testId="f66b097e-1272-7bc4-fa1a-597a4f227afe" executionId="5718806d-8e51-4fbc-a65f-a788240a19e0" testListId="8c84fa94-04c1-424b-9868-57a2d4851a1d" />
    <TestEntry testId="06aa8121-e41e-fa43-fdec-4e6f9e738b15" executionId="2e20e9fa-18dc-4e34-84a8-a819beef200e" testListId="8c84fa94-04c1-424b-9868-57a2d4851a1d" />
    <TestEntry testId="2a54071a-b705-d3bb-11fa-fd12943859ee" executionId="8f6354f4-f02c-41e7-8066-0524b2d6d8aa" testListId="8c84fa94-04c1-424b-9868-57a2d4851a1d" />
    <TestEntry testId="2533b661-cdc0-47b0-a375-3f670ed6ea3d" executionId="5f2ada3c-c2d2-42cf-bc16-970d86dd7f20" testListId="8c84fa94-04c1-424b-9868-57a2d4851a1d" />
    <TestEntry testId="297810fa-c5a5-d04b-910d-1053a0cf93f7" executionId="56cdec96-7737-4125-ba2a-9aebffa76408" testListId="8c84fa94-04c1-424b-9868-57a2d4851a1d" />
    <TestEntry testId="258285e9-8080-ce92-afdd-7f157ca38382" executionId="ebc24826-dd55-4b74-8b27-0cb90278f983" testListId="8c84fa94-04c1-424b-9868-57a2d4851a1d" />
    <TestEntry testId="739b122e-08d0-b9e4-0c25-7c7d8712dcf6" executionId="89e30e48-bc95-47bf-bac0-01224c8d73f3" testListId="8c84fa94-04c1-424b-9868-57a2d4851a1d" />
    <TestEntry testId="66ed3156-bf8d-aa92-ed56-2f7b44c38c99" executionId="44803093-4d2f-4e72-bd96-3b295e299816" testListId="8c84fa94-04c1-424b-9868-57a2d4851a1d" />
    <TestEntry testId="8ef95593-692e-4744-9e3b-63c07b13acca" executionId="bb2efd39-e9fc-4fdb-82c3-54c9f5c3bc88" testListId="8c84fa94-04c1-424b-9868-57a2d4851a1d" />
    <TestEntry testId="14b38e06-29e8-d5e7-7956-37acde06019e" executionId="8ad2ebbc-513d-4def-b293-baa2c1ff4237" testListId="8c84fa94-04c1-424b-9868-57a2d4851a1d" />
    <TestEntry testId="34021b18-ba6c-db12-002b-2d5c139a7d84" executionId="1c946d60-eb39-48bb-bcd8-dddef5dc2cf4" testListId="8c84fa94-04c1-424b-9868-57a2d4851a1d" />
    <TestEntry testId="442bfdb8-6755-dd70-6925-c250c18089b5" executionId="8e08c225-ecee-4bc6-b49a-81c31154d3d6" testListId="8c84fa94-04c1-424b-9868-57a2d4851a1d" />
    <TestEntry testId="09865393-2685-41de-b0c3-1e0e79b25fa7" executionId="bc986877-2057-4807-8b2c-698bcacb95a1" testListId="8c84fa94-04c1-424b-9868-57a2d4851a1d" />
    <TestEntry testId="5b67e5a6-de18-0cc4-3118-000a26175608" executionId="16e44c98-581b-4c76-9f8c-8e1cd44fe46a" testListId="8c84fa94-04c1-424b-9868-57a2d4851a1d" />
    <TestEntry testId="cbc6e47f-7fee-cb6a-5700-5eccce3b02a3" executionId="6dc27b59-31a5-4ac0-8ca0-866e0cadc828" testListId="8c84fa94-04c1-424b-9868-57a2d4851a1d" />
    <TestEntry testId="ce0d5b66-b440-5a00-230c-7d167b6fb70b" executionId="9c2c04ff-96d4-4cb8-83d6-1d3b79824db3" testListId="8c84fa94-04c1-424b-9868-57a2d4851a1d" />
    <TestEntry testId="75d8c852-b7d8-0cc7-1134-e19af6772209" executionId="b4a6e661-492d-497c-94c3-6864c8807486" testListId="8c84fa94-04c1-424b-9868-57a2d4851a1d" />
    <TestEntry testId="b0e3554c-f4d1-e9ca-6fc1-7a48502da924" executionId="2e076003-05d9-4c98-870d-e18e59518e96" testListId="8c84fa94-04c1-424b-9868-57a2d4851a1d" />
    <TestEntry testId="aaab42ce-021d-bb5a-442c-e190c87332cd" executionId="689f4cb0-e187-4da4-8d0f-abec5ee57a9f" testListId="8c84fa94-04c1-424b-9868-57a2d4851a1d" />
    <TestEntry testId="febdf3e9-ec49-56d7-404a-70b300c99417" executionId="402d8264-c816-44c2-a0a8-10750667ca78" testListId="8c84fa94-04c1-424b-9868-57a2d4851a1d" />
    <TestEntry testId="bddf2e55-2ff0-2d11-b640-20a93e13ac96" executionId="cebe94c0-242e-4a8d-861d-9bc325e568d3" testListId="8c84fa94-04c1-424b-9868-57a2d4851a1d" />
    <TestEntry testId="31984ec1-238e-0674-147d-5ec0b3186381" executionId="0c2729da-40c3-4adc-bc5b-6837861738f8" testListId="8c84fa94-04c1-424b-9868-57a2d4851a1d" />
    <TestEntry testId="e60dd502-090e-6bc9-80c1-8580ba16b757" executionId="a4318429-ca1b-4065-bd1f-1ef220a46b0b" testListId="8c84fa94-04c1-424b-9868-57a2d4851a1d" />
    <TestEntry testId="b45eb3be-71f9-57a0-1d25-5dc91f0f2aed" executionId="3126186a-a433-41f2-a526-662b98186bda" testListId="8c84fa94-04c1-424b-9868-57a2d4851a1d" />
    <TestEntry testId="02412441-f508-cc91-7f3f-04251c5aaa0a" executionId="3f22d39b-6b42-426f-b4f9-c0210a02a6c1" testListId="8c84fa94-04c1-424b-9868-57a2d4851a1d" />
    <TestEntry testId="d6b1f0a3-8492-3235-db6f-76c7ca864e4b" executionId="2fcbd4b3-06a0-44c8-8653-7480f822916b" testListId="8c84fa94-04c1-424b-9868-57a2d4851a1d" />
    <TestEntry testId="56af3ff4-df9a-1400-5c85-ca0175f3d2f2" executionId="88a17448-f314-410a-8e73-476061740897" testListId="8c84fa94-04c1-424b-9868-57a2d4851a1d" />
    <TestEntry testId="997e4eb9-4728-01ff-76d8-787842115312" executionId="b581be9f-4987-403d-9688-a4538e264441" testListId="8c84fa94-04c1-424b-9868-57a2d4851a1d" />
    <TestEntry testId="b37c16ee-9521-5547-578e-a98e3534c451" executionId="1e12ebb2-10d5-426f-a36e-c7b54e14a92f" testListId="8c84fa94-04c1-424b-9868-57a2d4851a1d" />
    <TestEntry testId="4d6504e7-4cec-f28a-1c3a-cefa756f93bf" executionId="1fd915c6-0fc1-4ef2-a7de-6004055cb9ad" testListId="8c84fa94-04c1-424b-9868-57a2d4851a1d" />
    <TestEntry testId="d1cc468a-060a-e82e-7ac6-2d01aaae31c7" executionId="53b6f08a-e9ae-4268-a7c3-dec54677e638" testListId="8c84fa94-04c1-424b-9868-57a2d4851a1d" />
    <TestEntry testId="ffc37fdc-62b4-d63c-0d9c-2b83861cd6c5" executionId="2186dde6-d92d-4fda-9125-dbb20aafc67b" testListId="8c84fa94-04c1-424b-9868-57a2d4851a1d" />
    <TestEntry testId="9f3493b8-a151-61a6-cb0a-dc5a367ecb41" executionId="ca66ceb6-956a-4eda-b7a4-889f964e3948" testListId="8c84fa94-04c1-424b-9868-57a2d4851a1d" />
    <TestEntry testId="24aca85a-ff16-31ac-5ddb-21acea6b05b5" executionId="9c8f1a49-ea3e-4e5c-aee7-f0de6ecb379a" testListId="8c84fa94-04c1-424b-9868-57a2d4851a1d" />
    <TestEntry testId="da7c98aa-1ebe-36e9-d686-cfd1c29f699f" executionId="787150c2-afa7-4e64-a78e-e4e3e2d8bd18" testListId="8c84fa94-04c1-424b-9868-57a2d4851a1d" />
    <TestEntry testId="90b10b14-7a78-1738-3007-39368c3d3e19" executionId="a4c1bea1-dca0-45b5-8fef-867778bbe497" testListId="8c84fa94-04c1-424b-9868-57a2d4851a1d" />
    <TestEntry testId="1aa147f2-e102-9aaa-e9f8-44c7e878bb61" executionId="77146c84-d029-4956-b356-80e1be1d30c4" testListId="8c84fa94-04c1-424b-9868-57a2d4851a1d" />
    <TestEntry testId="42e4f450-7395-f6d6-eea8-b0480cfd707c" executionId="85483638-0c2d-4bc2-9f29-02e586717db5" testListId="8c84fa94-04c1-424b-9868-57a2d4851a1d" />
    <TestEntry testId="c3daa3bb-63f2-57a5-abd0-5c64029f3945" executionId="38421598-6754-42ef-b988-8b3bbd1a2aa1" testListId="8c84fa94-04c1-424b-9868-57a2d4851a1d" />
    <TestEntry testId="580d30cb-ccf6-691e-cd10-eef749e065e9" executionId="20934147-fc5e-47f8-bc48-7595c87bba9b" testListId="8c84fa94-04c1-424b-9868-57a2d4851a1d" />
    <TestEntry testId="6c8206a6-76e4-da8d-7694-d5c127025a20" executionId="538d69ff-eaf0-44b3-b035-5e8e6a109d49" testListId="8c84fa94-04c1-424b-9868-57a2d4851a1d" />
    <TestEntry testId="d05060fe-2d33-d934-bbb6-c0108725388a" executionId="2e6b4023-5bc3-4521-bfe4-3a5dbfd21f90" testListId="8c84fa94-04c1-424b-9868-57a2d4851a1d" />
    <TestEntry testId="78f8ab4a-e141-8916-c5a5-1e06931af0cb" executionId="93bc2f5d-8e0a-4473-9e50-8c769e4cd33c" testListId="8c84fa94-04c1-424b-9868-57a2d4851a1d" />
    <TestEntry testId="88b6b6f5-1948-7766-0826-2aefcab9d158" executionId="2b2d9df3-fe89-46ae-b74a-d8e0b6bb551f" testListId="8c84fa94-04c1-424b-9868-57a2d4851a1d" />
    <TestEntry testId="ac3e0731-6373-c543-ed7c-0c7470f823a1" executionId="4ae28898-90f7-4ad1-a688-fd2fec97a4d5" testListId="8c84fa94-04c1-424b-9868-57a2d4851a1d" />
    <TestEntry testId="12589cad-d78c-ddf3-e49f-67ef09d53045" executionId="f36d4312-7662-4eab-945b-9f51395fbacb" testListId="8c84fa94-04c1-424b-9868-57a2d4851a1d" />
    <TestEntry testId="e1de146d-0315-4d50-2d29-c81b4f938225" executionId="cf54cb83-ff7d-44ca-9d3e-616d1bb55c39" testListId="8c84fa94-04c1-424b-9868-57a2d4851a1d" />
    <TestEntry testId="a1f30fa6-c9a3-b761-1470-5912e445ddb0" executionId="5c14c3d4-22b0-49ad-bed3-4fb6d55c2a5b" testListId="8c84fa94-04c1-424b-9868-57a2d4851a1d" />
    <TestEntry testId="6ff0101c-097f-b373-25ef-4c9e69478d15" executionId="e4b2e99b-397b-4458-b1ef-a941e69b9212" testListId="8c84fa94-04c1-424b-9868-57a2d4851a1d" />
    <TestEntry testId="9896299e-af3d-82ea-8005-b83fb3576796" executionId="ae3d2576-1e5b-4f30-a881-645507868543" testListId="8c84fa94-04c1-424b-9868-57a2d4851a1d" />
    <TestEntry testId="fbdd3912-5b94-1ff4-6d2d-766e2bd6338d" executionId="e077d322-2957-45c8-bea1-c7fa5129eab6" testListId="8c84fa94-04c1-424b-9868-57a2d4851a1d" />
    <TestEntry testId="f466102f-ba2f-6676-6bab-97ec4d1b20b0" executionId="498c781b-f712-4c73-b427-9dbb1787516f" testListId="8c84fa94-04c1-424b-9868-57a2d4851a1d" />
    <TestEntry testId="6059e5c4-a90d-5ac2-0d2b-936594909c1a" executionId="d4b2255d-3d39-44b8-8b55-54a5ae564742" testListId="8c84fa94-04c1-424b-9868-57a2d4851a1d" />
    <TestEntry testId="12d5671b-1d95-5f19-2343-7d0d9f6e0359" executionId="bfc24126-4993-47b5-90bb-d18b78786cfe" testListId="8c84fa94-04c1-424b-9868-57a2d4851a1d" />
    <TestEntry testId="984bf51f-490b-1308-062f-bc23bccd35f4" executionId="7699d8fe-d1a9-4111-9fd4-56d088617503" testListId="8c84fa94-04c1-424b-9868-57a2d4851a1d" />
    <TestEntry testId="1c9aef6c-248a-4757-8721-f1bedbbcdc0f" executionId="a44b1dd5-3fc0-4fc5-bce7-dba2aafb7271" testListId="8c84fa94-04c1-424b-9868-57a2d4851a1d" />
    <TestEntry testId="609020b8-93d4-48eb-f83d-82e6dd75431d" executionId="9bb9069a-8972-445d-8ca3-faade3b8060e" testListId="8c84fa94-04c1-424b-9868-57a2d4851a1d" />
    <TestEntry testId="2d26ee27-05eb-1568-69f4-f42799c9a19e" executionId="4d9e15f6-d7fc-4729-a907-84fe80b5f288" testListId="8c84fa94-04c1-424b-9868-57a2d4851a1d" />
    <TestEntry testId="0526b310-2792-1b6e-9d26-cb5911e354d4" executionId="256210bd-5e0a-4b56-93b5-09a159c44e25" testListId="8c84fa94-04c1-424b-9868-57a2d4851a1d" />
    <TestEntry testId="6052c099-a9d5-02de-7729-5b4b41817cea" executionId="a669846c-508b-492b-88c1-8b8fa2cecf1a" testListId="8c84fa94-04c1-424b-9868-57a2d4851a1d" />
    <TestEntry testId="02c8a322-7cd5-dff6-349e-70fc3ef9fea3" executionId="138cba97-aee8-4860-901e-588379255e21" testListId="8c84fa94-04c1-424b-9868-57a2d4851a1d" />
    <TestEntry testId="3b06ea4a-1ca1-14f8-3345-6575847cb053" executionId="05ed4ec3-9e00-417e-bed1-eb07354e78ad" testListId="8c84fa94-04c1-424b-9868-57a2d4851a1d" />
    <TestEntry testId="f9140294-7161-930e-3488-b421ac84fa57" executionId="cd0032bd-8db7-4e85-9289-2c1b8ff9e24f" testListId="8c84fa94-04c1-424b-9868-57a2d4851a1d" />
    <TestEntry testId="334f1489-c2f9-bc48-0959-9df7a5f60a9c" executionId="3e3484b6-a15c-40be-a506-b312c2e59adc" testListId="8c84fa94-04c1-424b-9868-57a2d4851a1d" />
    <TestEntry testId="d8b5a97c-c4a4-b191-75bc-2aac0600303f" executionId="ba130e8c-6f18-47e0-9c5b-446a479bb786" testListId="8c84fa94-04c1-424b-9868-57a2d4851a1d" />
    <TestEntry testId="43dfe9cb-5587-aaa5-bc68-4d765dd0b91a" executionId="fb0bdf0d-1c0c-40cd-a283-22a5cc69a82e" testListId="8c84fa94-04c1-424b-9868-57a2d4851a1d" />
    <TestEntry testId="3ca7c303-3c9f-d1db-d70b-50a9ddfb84c3" executionId="ee6bccbb-9283-4892-9ba4-821597c7bc69" testListId="8c84fa94-04c1-424b-9868-57a2d4851a1d" />
    <TestEntry testId="cf4240f6-b776-f2e0-168e-f6203ba14593" executionId="f52a9bdf-7ddb-4c40-954d-d9eb7693a877" testListId="8c84fa94-04c1-424b-9868-57a2d4851a1d" />
    <TestEntry testId="3b4bf237-9a3e-c44c-1049-12240268cdb9" executionId="12938714-396e-4a71-8e50-f980d70c9e97" testListId="8c84fa94-04c1-424b-9868-57a2d4851a1d" />
    <TestEntry testId="ad2eced8-c5b4-046f-24ae-008dc9a23201" executionId="6d796616-5ffb-4cfe-b7aa-283083c85286" testListId="8c84fa94-04c1-424b-9868-57a2d4851a1d" />
    <TestEntry testId="27238eef-dad2-add6-2bf1-77c38305634a" executionId="d8a7ec21-edb8-479a-94c7-8cfe96b2a1cd" testListId="8c84fa94-04c1-424b-9868-57a2d4851a1d" />
    <TestEntry testId="05a00ee4-7a4d-ac83-34a5-cf512c0b0b96" executionId="3aa76f59-e3b0-4907-b993-4a9f98d8eccb" testListId="8c84fa94-04c1-424b-9868-57a2d4851a1d" />
    <TestEntry testId="d0d9baf6-7db9-959d-2b1c-6f4701c0a77d" executionId="8118af5f-3266-43fa-96c2-2669fe39b8bb" testListId="8c84fa94-04c1-424b-9868-57a2d4851a1d" />
    <TestEntry testId="7fdd4702-2384-7b12-4515-ceca6e498b2b" executionId="526989e9-f024-4df9-9c23-1ef076f9a8f0" testListId="8c84fa94-04c1-424b-9868-57a2d4851a1d" />
    <TestEntry testId="eeef213d-0eab-1239-bede-9bafb27d7832" executionId="73f8bfc8-87c8-453e-b5b3-226e477a8fb8" testListId="8c84fa94-04c1-424b-9868-57a2d4851a1d" />
    <TestEntry testId="514a0ad8-deb8-9870-fd96-a41b49aa3f85" executionId="c9cabbbb-8cc9-423d-9dd0-058f086744be" testListId="8c84fa94-04c1-424b-9868-57a2d4851a1d" />
    <TestEntry testId="b451113a-3d92-c47f-b131-c2d284c790cc" executionId="2387d3ff-03f6-4ff7-9b54-228ef9ba3074" testListId="8c84fa94-04c1-424b-9868-57a2d4851a1d" />
    <TestEntry testId="2aee9aa6-1898-d9fb-01b3-44175bf4d857" executionId="9ec9f1d0-72ee-463f-98e7-ede1efafff65" testListId="8c84fa94-04c1-424b-9868-57a2d4851a1d" />
    <TestEntry testId="4a4110f9-105b-7a23-764b-de4d4e22f663" executionId="57bf50be-d9e8-4eae-a3f6-fe00f164f018" testListId="8c84fa94-04c1-424b-9868-57a2d4851a1d" />
    <TestEntry testId="7092392a-e837-1385-d4a6-796abc0cc02b" executionId="3bd239c1-966b-43b9-a6ff-8bbd1c63e23e" testListId="8c84fa94-04c1-424b-9868-57a2d4851a1d" />
    <TestEntry testId="0b6ba4fa-0368-c614-1c99-ed17355eaa34" executionId="af972f8c-9906-40ff-9297-83ca66f5719b" testListId="8c84fa94-04c1-424b-9868-57a2d4851a1d" />
    <TestEntry testId="c3a60e42-27af-dba3-1b50-1ad194a69dea" executionId="8a167c24-fcb6-4cf3-8723-f5fbe3156f5e" testListId="8c84fa94-04c1-424b-9868-57a2d4851a1d" />
    <TestEntry testId="055efc15-27d5-5515-2e81-5e5597c90307" executionId="3de44556-93e6-4002-9d24-28516c8af763" testListId="8c84fa94-04c1-424b-9868-57a2d4851a1d" />
    <TestEntry testId="b2ad83b7-2e90-ae72-fc64-fb1c022d591e" executionId="9021fb1f-1f8e-444c-ad76-62c0d8cadd64" testListId="8c84fa94-04c1-424b-9868-57a2d4851a1d" />
    <TestEntry testId="a154d89e-01c3-c51d-81db-c847361f4fc8" executionId="44094e6a-ffab-44f9-9129-69e89b09c8bd" testListId="8c84fa94-04c1-424b-9868-57a2d4851a1d" />
    <TestEntry testId="d87943c2-f834-070b-282c-eacad2ab688c" executionId="bc4c3a54-3b1c-442f-a3b0-2ff93826412f" testListId="8c84fa94-04c1-424b-9868-57a2d4851a1d" />
    <TestEntry testId="a259bf75-7269-f535-97b0-91a8c4089edd" executionId="407351c4-d228-44a4-9699-c5aec55c1493" testListId="8c84fa94-04c1-424b-9868-57a2d4851a1d" />
    <TestEntry testId="36aa9169-7f41-7d09-b98a-9d05f10266bc" executionId="4d42f0a7-1082-495f-9a30-cd1c6561570f" testListId="8c84fa94-04c1-424b-9868-57a2d4851a1d" />
    <TestEntry testId="9126e5b8-7a8d-f9bb-e86d-5d103a7d2977" executionId="9e55e8f2-c34c-45a3-8959-dca098bddf14" testListId="8c84fa94-04c1-424b-9868-57a2d4851a1d" />
    <TestEntry testId="8bad3e4a-372d-2ca0-3e74-b96394cb0915" executionId="1be2be0e-cede-40b4-a5d2-8ea30f15fe97" testListId="8c84fa94-04c1-424b-9868-57a2d4851a1d" />
    <TestEntry testId="1a25d0f4-5d08-a936-d313-a4a67de0d687" executionId="ba763dde-901d-41cf-a5ae-4c13b54906e5" testListId="8c84fa94-04c1-424b-9868-57a2d4851a1d" />
    <TestEntry testId="33b61c67-5ec6-6bc8-3deb-30367c0dcdbc" executionId="5affe64c-2cc0-4d0e-a636-a75e1b6aae45" testListId="8c84fa94-04c1-424b-9868-57a2d4851a1d" />
    <TestEntry testId="fe94e50d-5f10-f617-1695-551f3ed53b35" executionId="70dcd647-7419-44a7-ab3c-a43b13daf846" testListId="8c84fa94-04c1-424b-9868-57a2d4851a1d" />
    <TestEntry testId="809b756f-a304-6843-42ee-c3e40925e811" executionId="73d4a20d-781b-4484-a89e-8a4bfaa17f9a" testListId="8c84fa94-04c1-424b-9868-57a2d4851a1d" />
    <TestEntry testId="d9e3bfdf-cafc-02f3-1aba-0606c2a09b1c" executionId="15a3f295-277c-4114-8681-4f3e42f50101" testListId="8c84fa94-04c1-424b-9868-57a2d4851a1d" />
    <TestEntry testId="3a8e1017-0d51-ce6c-52e9-8305badaada1" executionId="ca66161f-64f3-4d8a-9678-7f2a9054c7d9" testListId="8c84fa94-04c1-424b-9868-57a2d4851a1d" />
    <TestEntry testId="dfcd69f2-1e94-be49-18d9-6be156f39fd0" executionId="9b4cdc50-7e06-4f27-9c02-18945e757732" testListId="8c84fa94-04c1-424b-9868-57a2d4851a1d" />
    <TestEntry testId="9e0b4438-b56e-0df4-f0e3-4f25eb81fbea" executionId="c12992b0-950f-4675-9ffe-5b43f96582bb" testListId="8c84fa94-04c1-424b-9868-57a2d4851a1d" />
    <TestEntry testId="bec3b721-a798-d418-3c9e-7f91976e895b" executionId="030d93d1-797d-41e1-bc53-e231ef2e9583" testListId="8c84fa94-04c1-424b-9868-57a2d4851a1d" />
    <TestEntry testId="adb1002c-4889-6c5e-b1c9-58fa4e94c40d" executionId="31688648-e09c-436a-830e-b01166148d3b" testListId="8c84fa94-04c1-424b-9868-57a2d4851a1d" />
    <TestEntry testId="c826b01f-e3ec-b1ec-acd4-b7353f03ec0d" executionId="76f0460b-dad5-4f09-80cb-5255c02a4e91" testListId="8c84fa94-04c1-424b-9868-57a2d4851a1d" />
    <TestEntry testId="f3b71662-5e08-c3cc-b6ca-65a4fdb93aab" executionId="377f9c27-9f32-4d62-99b8-93b40e65793f" testListId="8c84fa94-04c1-424b-9868-57a2d4851a1d" />
    <TestEntry testId="2bd02458-d550-fa9e-3de3-a4475dfb9e65" executionId="e3bccc25-aeb8-4396-aa75-c3b6b37c6fa1" testListId="8c84fa94-04c1-424b-9868-57a2d4851a1d" />
    <TestEntry testId="e96adb18-02dd-6406-900d-53269c403156" executionId="5ecd9b8e-5c17-4a5e-9e1d-01689debd295" testListId="8c84fa94-04c1-424b-9868-57a2d4851a1d" />
    <TestEntry testId="d97b1898-351b-38c7-fcb4-9c796f3cafb2" executionId="65479ee0-e04b-4643-8cad-3cbe9f19f3c9" testListId="8c84fa94-04c1-424b-9868-57a2d4851a1d" />
    <TestEntry testId="66c63a3a-0eff-85d0-9045-500df9c0da41" executionId="b9ccb938-3b66-4e2a-a6bd-6aedbe3b382d" testListId="8c84fa94-04c1-424b-9868-57a2d4851a1d" />
    <TestEntry testId="3c6a3fd6-1062-1815-8bfd-6cc43579db2a" executionId="8e4dcbde-4b8d-4ffd-8f3e-1b6805937c5e" testListId="8c84fa94-04c1-424b-9868-57a2d4851a1d" />
    <TestEntry testId="2ef6b5e7-17a9-3359-e633-61bd61ff5610" executionId="c07d12b8-4a7f-43a9-b65b-c3f4e2315d00" testListId="8c84fa94-04c1-424b-9868-57a2d4851a1d" />
    <TestEntry testId="ef93a57e-b7be-340d-72dc-1100e7d56472" executionId="3c01e249-6139-4ae0-ade3-1f6e2923a2c3" testListId="8c84fa94-04c1-424b-9868-57a2d4851a1d" />
    <TestEntry testId="9ec4b0d4-9ad8-32ab-1fa2-78b17c347e87" executionId="cd22eff7-aaea-4794-bc27-e05695d0dc2d" testListId="8c84fa94-04c1-424b-9868-57a2d4851a1d" />
    <TestEntry testId="ee011022-d762-a525-f47c-ef2d97d268b5" executionId="79ed9afd-1aca-445c-aa3c-6f2d4bdf9fb7" testListId="8c84fa94-04c1-424b-9868-57a2d4851a1d" />
    <TestEntry testId="b74dc70c-cfb8-1da4-afab-054363fc7a41" executionId="518e166e-bdab-4e54-b3d9-9f58d3c122dd" testListId="8c84fa94-04c1-424b-9868-57a2d4851a1d" />
    <TestEntry testId="595bf762-4f20-f45f-ee3e-614e3940d1fc" executionId="fb333159-7169-4e3a-afee-3e6455f8885b" testListId="8c84fa94-04c1-424b-9868-57a2d4851a1d" />
    <TestEntry testId="9f3f81a0-56f3-5453-9f09-600ca79ac433" executionId="748b095b-af7b-48c4-a5ae-50a5dda1476a" testListId="8c84fa94-04c1-424b-9868-57a2d4851a1d" />
    <TestEntry testId="5c6ca79f-4c79-7428-457c-4d969b38020c" executionId="fcd74ab5-5511-4fc7-af20-0559c4c7aa87" testListId="8c84fa94-04c1-424b-9868-57a2d4851a1d" />
    <TestEntry testId="85c48bc5-ebdd-89d0-9036-49258a1d39d0" executionId="db948608-d87b-49a2-a096-ec06edff2461" testListId="8c84fa94-04c1-424b-9868-57a2d4851a1d" />
    <TestEntry testId="a35de4fe-a1e0-4d26-83b9-814d09c3b805" executionId="1c399bdd-1a56-442c-af75-46252f5dc2de" testListId="8c84fa94-04c1-424b-9868-57a2d4851a1d" />
    <TestEntry testId="3e7efb41-9631-9df0-70eb-f6bd078ef626" executionId="60c6da4f-ee84-41b3-8706-11ab6a3e286f" testListId="8c84fa94-04c1-424b-9868-57a2d4851a1d" />
    <TestEntry testId="f9440018-3f05-25c4-2466-c0b847591a22" executionId="6089f615-e38d-4294-8e14-1dd86e0fd729" testListId="8c84fa94-04c1-424b-9868-57a2d4851a1d" />
    <TestEntry testId="d3efadd8-95cd-1580-0927-a88a679218cb" executionId="f24586ec-0f8b-4462-b48e-bafedf3e33b8" testListId="8c84fa94-04c1-424b-9868-57a2d4851a1d" />
    <TestEntry testId="0438abe8-4439-c3c9-60ea-78deff67b8aa" executionId="a90f7a1a-d265-4399-a9b9-0773c01aaee2" testListId="8c84fa94-04c1-424b-9868-57a2d4851a1d" />
    <TestEntry testId="205c44b8-741b-f6b2-a52e-5ae9760750da" executionId="27cd0183-0fcb-487c-a49e-dca0c88bdebf" testListId="8c84fa94-04c1-424b-9868-57a2d4851a1d" />
    <TestEntry testId="1efa6998-b9f4-c890-919c-1266e785772c" executionId="86f20a74-c22b-48cb-9b6b-0d33ab0e2304" testListId="8c84fa94-04c1-424b-9868-57a2d4851a1d" />
    <TestEntry testId="0058f803-7ee6-3257-54ef-5fae891b8cf0" executionId="8b7b8330-033a-444f-b013-4d36e61c7a5e" testListId="8c84fa94-04c1-424b-9868-57a2d4851a1d" />
    <TestEntry testId="8a93785e-b67c-78df-ce08-d7a40c6a823a" executionId="9c70f267-937c-4d49-879d-ea0dbe7da70d" testListId="8c84fa94-04c1-424b-9868-57a2d4851a1d" />
    <TestEntry testId="50f5190c-77aa-73fd-8fa6-6084f385f6e3" executionId="1266f5cf-07ca-4aa0-ba03-27e5e625da46" testListId="8c84fa94-04c1-424b-9868-57a2d4851a1d" />
    <TestEntry testId="5de9e7c2-cf27-73b7-c670-2d53060c1776" executionId="4a9acf13-b568-45cf-8c40-5d4442d836e2" testListId="8c84fa94-04c1-424b-9868-57a2d4851a1d" />
    <TestEntry testId="c36390f4-3d98-5929-30ec-ae65368da11b" executionId="5dd55d3a-0355-4852-b00b-10f0cec59cc4" testListId="8c84fa94-04c1-424b-9868-57a2d4851a1d" />
    <TestEntry testId="177d3627-df9b-2bf0-2355-7c340f69220d" executionId="48f7d001-50ec-4cec-92dc-062e55a53b9a" testListId="8c84fa94-04c1-424b-9868-57a2d4851a1d" />
    <TestEntry testId="69c85b93-6859-1da4-27cb-3c2cd3053a10" executionId="362bebbd-b77b-49ed-9aa9-b88db70febe1" testListId="8c84fa94-04c1-424b-9868-57a2d4851a1d" />
    <TestEntry testId="b451a66e-6907-9f0e-c2b9-29c121d49944" executionId="1d9c27b2-d00a-4c59-92fe-400063d71f8f" testListId="8c84fa94-04c1-424b-9868-57a2d4851a1d" />
    <TestEntry testId="443d67b8-e23b-0f13-7f54-4950709f5f25" executionId="21c92ca0-a877-4ec2-8ff1-0e84ab1d4e65" testListId="8c84fa94-04c1-424b-9868-57a2d4851a1d" />
    <TestEntry testId="91921f2f-5579-b93c-04e8-b92625907831" executionId="ec00580c-9d21-4f7d-8c27-5c8d18f3a1eb" testListId="8c84fa94-04c1-424b-9868-57a2d4851a1d" />
    <TestEntry testId="fdfab0bf-3e18-0233-5156-85cb86bbcb98" executionId="c8ebed91-cefa-4e78-8ca2-122e39f09b2a" testListId="8c84fa94-04c1-424b-9868-57a2d4851a1d" />
    <TestEntry testId="6409a730-a78d-db1f-453b-079e31e5d99c" executionId="8b21f7b1-04a1-40d6-89b3-e82e0605a767" testListId="8c84fa94-04c1-424b-9868-57a2d4851a1d" />
    <TestEntry testId="35ffa1c9-ba11-4e3f-2c66-a6646cb06b03" executionId="a4a98d33-6b64-4f65-9b6a-62a9a08ea59d" testListId="8c84fa94-04c1-424b-9868-57a2d4851a1d" />
    <TestEntry testId="6a5956a2-c4d2-d63c-41fc-3c6c32670a09" executionId="40a01a2a-0589-4d91-8f84-36ff48f9287d" testListId="8c84fa94-04c1-424b-9868-57a2d4851a1d" />
    <TestEntry testId="f4fe30d8-81ff-91b6-381c-716ded86139d" executionId="338278ee-ae5f-4077-aea2-78fb8d042c66" testListId="8c84fa94-04c1-424b-9868-57a2d4851a1d" />
    <TestEntry testId="e419550c-f228-e320-39cd-e5cc15bd206b" executionId="baee1505-ac4e-47d0-9a40-1c142a5f719f" testListId="8c84fa94-04c1-424b-9868-57a2d4851a1d" />
  </TestEntries>
  <TestLists>
    <TestList name="Results Not in a List" id="8c84fa94-04c1-424b-9868-57a2d4851a1d" />
    <TestList name="All Loaded Results" id="19431567-8539-422a-85d7-44ee4e166bda" />
  </TestLists>
  <ResultSummary outcome="Completed">
    <Counters total="212" executed="212" passed="212" failed="0" error="0" timeout="0" aborted="0" inconclusive="0" passedButRunAborted="0" notRunnable="0" notExecuted="0" disconnected="0" warning="0" completed="0" inProgress="0" pending="0" />
  </ResultSummary>
</TestRun>