<?xml version="1.0" encoding="utf-8"?>
<TestRun id="2038e3f7-880b-4c21-98cb-a95faf014162" name="DKSR-EFI-04$@DKSR-EFI-04 2023-12-22 09:34:54" runUser="NT AUTHORITY\NETWORK SERVICE" xmlns="http://microsoft.com/schemas/VisualStudio/TeamTest/2010">
  <Times creation="2023-12-22T09:34:54.3035332+01:00" queuing="2023-12-22T09:34:54.3035332+01:00" start="2023-12-22T09:34:43.2097244+01:00" finish="2023-12-22T09:34:57.8504242+01:00" />
  <TestSettings name="default" id="ec6f27ff-0173-4bda-9ef1-4df9d5d72948">
    <Deployment runDeploymentRoot="DKSR-EFI-04$_DKSR-EFI-04_2023-12-22_09_34_54" />
  </TestSettings>
  <Results>
    <UnitTestResult executionId="65966642-dc54-4a55-ba5e-5310019d4266" testId="2d33a752-c4a2-d97d-558a-e6ea8edee9f9" testName="Given_AContentCollectionWithTwoClientEndpoints_WhenInitializeIsCalled_ThenTheTwoClientEndpointsAreAddedToDataModel" computerName="DKSR-EFI-04" duration="00:00:00.0152010" startTime="2023-12-22T09:34:54.2097828+01:00" endTime="2023-12-22T09:34:54.2254095+01:00" testType="13cdc9d9-ddb5-4fa4-a97d-d965ccfc6d4b" outcome="Passed" testListId="8c84fa94-04c1-424b-9868-57a2d4851a1d" relativeResultsDirectory="65966642-dc54-4a55-ba5e-5310019d4266" />
    <UnitTestResult executionId="ac08a625-acfa-4a88-a138-934db78a6a43" testId="af4e06bb-8a3d-f42a-3895-df7f6d5c95d6" testName="PrepareInstallation_ShouldFailIfFinalizeMode_AndInstallerIsNotXpcoVms" computerName="DKSR-EFI-04" duration="00:00:00.0326529" startTime="2023-12-22T09:34:55.4288539+01:00" endTime="2023-12-22T09:34:55.4597885+01:00" testType="13cdc9d9-ddb5-4fa4-a97d-d965ccfc6d4b" outcome="Passed" testListId="8c84fa94-04c1-424b-9868-57a2d4851a1d" relativeResultsDirectory="ac08a625-acfa-4a88-a138-934db78a6a43" />
    <UnitTestResult executionId="3283c83c-d126-462b-adbc-ee87e17c3ad8" testId="ded2c89a-b62a-9aa3-e298-47558403d996" testName="PrepareInstallation_ShouldFail_WhenLoadingHardwareManufacturerInfoFails" computerName="DKSR-EFI-04" duration="00:00:00.0014606" startTime="2023-12-22T09:34:56.1941677+01:00" endTime="2023-12-22T09:34:56.2097929+01:00" testType="13cdc9d9-ddb5-4fa4-a97d-d965ccfc6d4b" outcome="Passed" testListId="8c84fa94-04c1-424b-9868-57a2d4851a1d" relativeResultsDirectory="3283c83c-d126-462b-adbc-ee87e17c3ad8" />
    <UnitTestResult executionId="ee2da881-de87-45fd-9288-3a3c7bb636b4" testId="0d30e7c8-dbd6-7deb-b043-ba0cdaafd565" testName="LoadSubscriptionPlugins_ShouldFail_IfSubscriptionIdsAreNotUnique" computerName="DKSR-EFI-04" duration="00:00:00.0017506" startTime="2023-12-22T09:34:57.2097968+01:00" endTime="2023-12-22T09:34:57.2097968+01:00" testType="13cdc9d9-ddb5-4fa4-a97d-d965ccfc6d4b" outcome="Passed" testListId="8c84fa94-04c1-424b-9868-57a2d4851a1d" relativeResultsDirectory="ee2da881-de87-45fd-9288-3a3c7bb636b4">
      <Output>
        <StdOut>Debug Trace:
Subscription VideoOS.Installer.Manager.UnitTests, Version=1.0.0.0, Culture=neutral, PublicKeyToken=bc60fba4a7969f89 with type VideoOS.Installer.Manager.UnitTests.WarningSubscriptionStub1 was loaded.Subscription VideoOS.Installer.Manager.UnitTests, Version=1.0.0.0, Culture=neutral, PublicKeyToken=bc60fba4a7969f89 with type VideoOS.Installer.Manager.UnitTests.WarningSubscriptionStub1Copy was loaded.</StdOut>
      </Output>
    </UnitTestResult>
    <UnitTestResult executionId="db926fcc-c558-48f5-ab96-95f0bb337078" testId="849f8aad-74e3-7b94-0fe0-78e1198cd9ef" testName="Given_PresenterIsCreated_When_PresentingTitleAndSubTitle_Then_ThePresenterReturnsProperStrings" computerName="DKSR-EFI-04" duration="00:00:00.0021660" startTime="2023-12-22T09:34:57.1316723+01:00" endTime="2023-12-22T09:34:57.1316723+01:00" testType="13cdc9d9-ddb5-4fa4-a97d-d965ccfc6d4b" outcome="Passed" testListId="8c84fa94-04c1-424b-9868-57a2d4851a1d" relativeResultsDirectory="db926fcc-c558-48f5-ab96-95f0bb337078" />
    <UnitTestResult executionId="37470cb5-08ae-494c-85c6-5b82a77acf33" testId="57828b07-798a-efe7-8f42-6b2b4ca0f0d9" testName="InstallerManager_OSInformationReader_ShouldReturnOSInformation" computerName="DKSR-EFI-04" startTime="2023-12-22T09:34:56.2254184+01:00" endTime="2023-12-22T09:34:56.2254184+01:00" testType="13cdc9d9-ddb5-4fa4-a97d-d965ccfc6d4b" outcome="NotExecuted" testListId="8c84fa94-04c1-424b-9868-57a2d4851a1d" relativeResultsDirectory="37470cb5-08ae-494c-85c6-5b82a77acf33" />
    <UnitTestResult executionId="41fa4540-bfca-4ecb-9a99-5de60452e147" testId="d55203cc-985c-697d-07a9-c985f4ce9a2e" testName="Given_PresenterIsCreated_When_PresentingAnUnknownKey_Then_ThePresenterReturnsTheKeyPrefixedWithNotTranslated" computerName="DKSR-EFI-04" duration="00:00:00.0007455" startTime="2023-12-22T09:34:57.1316723+01:00" endTime="2023-12-22T09:34:57.1316723+01:00" testType="13cdc9d9-ddb5-4fa4-a97d-d965ccfc6d4b" outcome="Passed" testListId="8c84fa94-04c1-424b-9868-57a2d4851a1d" relativeResultsDirectory="41fa4540-bfca-4ecb-9a99-5de60452e147" />
    <UnitTestResult executionId="232901eb-2ec9-4f30-8793-8c791246e423" testId="17310292-782a-1f44-a41f-bb05b264a0d7" testName="InstallerManager_UpdateParameters" computerName="DKSR-EFI-04" duration="00:00:00.0126175" startTime="2023-12-22T09:34:55.3816642+01:00" endTime="2023-12-22T09:34:55.3972884+01:00" testType="13cdc9d9-ddb5-4fa4-a97d-d965ccfc6d4b" outcome="Passed" testListId="8c84fa94-04c1-424b-9868-57a2d4851a1d" relativeResultsDirectory="232901eb-2ec9-4f30-8793-8c791246e423" />
    <UnitTestResult executionId="7de4b6c2-4e7d-4784-aa3b-d8b631512779" testId="95add604-4160-bdd0-cb0f-51a06b900ad8" testName="Given_AContentCollectionWithMultipleSystemConfigurations_WhenInitializeIsCalled_ThenMultipleServerConfiguratorSystemConfigurationElementsAreSet" computerName="DKSR-EFI-04" duration="00:00:00.0049591" startTime="2023-12-22T09:34:54.2879070+01:00" endTime="2023-12-22T09:34:54.2879070+01:00" testType="13cdc9d9-ddb5-4fa4-a97d-d965ccfc6d4b" outcome="Passed" testListId="8c84fa94-04c1-424b-9868-57a2d4851a1d" relativeResultsDirectory="7de4b6c2-4e7d-4784-aa3b-d8b631512779" />
    <UnitTestResult executionId="d820008d-f293-4a80-ba48-f3d582040e75" testId="156ccb03-318d-3d19-b8f0-74bf26eb28eb" testName="LoadSubscriptionPlugins_ShouldFail_IfPluginAssemblyIsNotUnique_IgnoringCase" computerName="DKSR-EFI-04" duration="00:00:00.0023082" startTime="2023-12-22T09:34:57.1941735+01:00" endTime="2023-12-22T09:34:57.1941735+01:00" testType="13cdc9d9-ddb5-4fa4-a97d-d965ccfc6d4b" outcome="Passed" testListId="8c84fa94-04c1-424b-9868-57a2d4851a1d" relativeResultsDirectory="d820008d-f293-4a80-ba48-f3d582040e75" />
    <UnitTestResult executionId="a8ec60db-3503-4577-8a37-fd43eb897a98" testId="ab3a4a0f-1b9c-faa7-9a70-c0e4767f991f" testName="GIVEN_InstallerConfigWithoutSupressInArgumentsFile_WHEN_ExctractingArgumentsFile_THEN_TheArgumentsFileContainsAllParamtersInTheConfigFile" computerName="DKSR-EFI-04" duration="00:00:00.6848518" startTime="2023-12-22T09:34:56.4129198+01:00" endTime="2023-12-22T09:34:57.0847985+01:00" testType="13cdc9d9-ddb5-4fa4-a97d-d965ccfc6d4b" outcome="Passed" testListId="8c84fa94-04c1-424b-9868-57a2d4851a1d" relativeResultsDirectory="a8ec60db-3503-4577-8a37-fd43eb897a98">
      <Output>
        <StdOut>Debug Trace:
Loading XML file... InstallerConfig.xmlLoading D:\actions-runner\_work\XPCO\XPCO\InstallerFramework\VideoOS.Installer.Manager.UnitTests\bin\Debug\InstallerConfig.xml...Loading D:\actions-runner\_work\XPCO\XPCO\InstallerFramework\VideoOS.Installer.Manager.UnitTests\bin\Debug\IISProduct\Product.xml...XML file loaded.</StdOut>
      </Output>
    </UnitTestResult>
    <UnitTestResult executionId="aacbebad-ff0f-4004-b129-45fdcd2d9785" testId="be2d94bd-7351-c472-46f2-2a3782e029fb" testName="InstallerManager_DoPrepareFinalizeOnClose_DoNotDoCreateStartup_WhenHardwareManufactureModeFinishes" computerName="DKSR-EFI-04" duration="00:00:00.0035630" startTime="2023-12-22T09:34:56.3816681+01:00" endTime="2023-12-22T09:34:56.3816681+01:00" testType="13cdc9d9-ddb5-4fa4-a97d-d965ccfc6d4b" outcome="Passed" testListId="8c84fa94-04c1-424b-9868-57a2d4851a1d" relativeResultsDirectory="aacbebad-ff0f-4004-b129-45fdcd2d9785" />
    <UnitTestResult executionId="611b0d10-c36d-4085-ad00-6037097db06d" testId="f7b9ccd8-71a2-9239-2fa1-12c739667520" testName="SubscriptionBypassFilter_ShouldNotFailWhenNoConditionsDefined" computerName="DKSR-EFI-04" duration="00:00:00.0010956" startTime="2023-12-22T09:34:57.1785481+01:00" endTime="2023-12-22T09:34:57.1785481+01:00" testType="13cdc9d9-ddb5-4fa4-a97d-d965ccfc6d4b" outcome="Passed" testListId="8c84fa94-04c1-424b-9868-57a2d4851a1d" relativeResultsDirectory="611b0d10-c36d-4085-ad00-6037097db06d" />
    <UnitTestResult executionId="d4ff6665-2f75-4056-8fb8-9643be51c9ff" testId="05ac2499-8e13-dad7-8e7d-c5c9df9931a2" testName="InstallerManager_CreateUpdateSoftwareEntryAndDeleteOldFolders" computerName="DKSR-EFI-04" startTime="2023-12-22T09:34:54.7097857+01:00" endTime="2023-12-22T09:34:54.7097857+01:00" testType="13cdc9d9-ddb5-4fa4-a97d-d965ccfc6d4b" outcome="NotExecuted" testListId="8c84fa94-04c1-424b-9868-57a2d4851a1d" relativeResultsDirectory="d4ff6665-2f75-4056-8fb8-9643be51c9ff" />
    <UnitTestResult executionId="6e8ce0e3-ee55-4d3c-b6e9-bc64d7aa17d8" testId="ed02d880-7fc9-615d-6a86-ace66056d62b" testName="Given_AContentCollectionWithTwoClientEndpointsDependentOnDifferentGroups_WhenInitializeIsCalled_AnExceptionIsThrown" computerName="DKSR-EFI-04" duration="00:00:00.0034664" startTime="2023-12-22T09:34:54.3660341+01:00" endTime="2023-12-22T09:34:54.3660341+01:00" testType="13cdc9d9-ddb5-4fa4-a97d-d965ccfc6d4b" outcome="Passed" testListId="8c84fa94-04c1-424b-9868-57a2d4851a1d" relativeResultsDirectory="6e8ce0e3-ee55-4d3c-b6e9-bc64d7aa17d8" />
    <UnitTestResult executionId="97d96588-4d39-41a6-a321-8d137ce9fc18" testId="ca1e6709-8ac7-3fbc-9f8e-ddb40821affc" testName="Given_AContentCollectionWithMultipleSystemConfigurationsWithAtLeastOneInvalidConfigurationPurpose_WhenInitializeIsCalled_ThenThrowArgumentException" computerName="DKSR-EFI-04" duration="00:00:00.0029811" startTime="2023-12-22T09:34:54.3660341+01:00" endTime="2023-12-22T09:34:54.3660341+01:00" testType="13cdc9d9-ddb5-4fa4-a97d-d965ccfc6d4b" outcome="Passed" testListId="8c84fa94-04c1-424b-9868-57a2d4851a1d" relativeResultsDirectory="97d96588-4d39-41a6-a321-8d137ce9fc18" />
    <UnitTestResult executionId="c41fc8ab-776c-434b-9dcb-12591671a7c8" testId="869cd1eb-db5a-bebc-6d07-5406846c0ce5" testName="InstallerManager_TargetPlatformCheck_X86" computerName="DKSR-EFI-04" duration="00:00:00.0018853" startTime="2023-12-22T09:34:54.3972849+01:00" endTime="2023-12-22T09:34:54.3972849+01:00" testType="13cdc9d9-ddb5-4fa4-a97d-d965ccfc6d4b" outcome="Passed" testListId="8c84fa94-04c1-424b-9868-57a2d4851a1d" relativeResultsDirectory="c41fc8ab-776c-434b-9dcb-12591671a7c8" />
    <UnitTestResult executionId="80bc0bc1-8f16-4f12-9d64-1f1173b3dd39" testId="bb0be2da-29db-0a52-6943-1adc55cb9fb8" testName="Given_AContentCollectionWithTwoServerToServerGroupsWithInconsistentEnableEncryptionParameterKey_WhenInitializeIsCalled_AnExceptionIsThrown" computerName="DKSR-EFI-04" duration="00:00:00.0113555" startTime="2023-12-22T09:34:54.3504081+01:00" endTime="2023-12-22T09:34:54.3660341+01:00" testType="13cdc9d9-ddb5-4fa4-a97d-d965ccfc6d4b" outcome="Passed" testListId="8c84fa94-04c1-424b-9868-57a2d4851a1d" relativeResultsDirectory="80bc0bc1-8f16-4f12-9d64-1f1173b3dd39" />
    <UnitTestResult executionId="87973348-d5a0-4413-aa5e-bb236ebef235" testId="c3466fae-4509-bae6-9a4f-c859dfd06cf0" testName="Given_AContentCollectionWithTwoServerEndpointsOneThetDependsOnNoGroup_WhenInitializeIsCalled_ThenTheTwoServerEndpointsAreAddedToDataModel" computerName="DKSR-EFI-04" duration="00:00:00.0085338" startTime="2023-12-22T09:34:54.2410317+01:00" endTime="2023-12-22T09:34:54.2566571+01:00" testType="13cdc9d9-ddb5-4fa4-a97d-d965ccfc6d4b" outcome="Passed" testListId="8c84fa94-04c1-424b-9868-57a2d4851a1d" relativeResultsDirectory="87973348-d5a0-4413-aa5e-bb236ebef235" />
    <UnitTestResult executionId="792cc26c-64df-4280-a3d9-9df628d9cdb9" testId="495ec9f3-0800-5263-a360-8439abe0cffd" testName="InstallerManager_Constructor_FormatAndVerifyLanguage" computerName="DKSR-EFI-04" duration="00:00:00.0074978" startTime="2023-12-22T09:34:54.3816588+01:00" endTime="2023-12-22T09:34:54.3972849+01:00" testType="13cdc9d9-ddb5-4fa4-a97d-d965ccfc6d4b" outcome="Passed" testListId="8c84fa94-04c1-424b-9868-57a2d4851a1d" relativeResultsDirectory="792cc26c-64df-4280-a3d9-9df628d9cdb9" />
    <UnitTestResult executionId="d3d08971-e3aa-47ee-9ec3-da73a5e97045" testId="dff5efb0-0c5b-c3d4-3ceb-e94122bed333" testName="Given_nothing_When_Nothing_Then_TheServerToserverCommunicationGroupDefinitionContainsTheDefinitionOfThePresenterClass" computerName="DKSR-EFI-04" duration="00:00:00.0054839" startTime="2023-12-22T09:34:57.1160472+01:00" endTime="2023-12-22T09:34:57.1160472+01:00" testType="13cdc9d9-ddb5-4fa4-a97d-d965ccfc6d4b" outcome="Passed" testListId="8c84fa94-04c1-424b-9868-57a2d4851a1d" relativeResultsDirectory="d3d08971-e3aa-47ee-9ec3-da73a5e97045" />
    <UnitTestResult executionId="ec9a1a9b-c553-4094-9bb7-d252bb032eab" testId="9c30a61b-9e2f-8917-dc30-c7daa8670589" testName="InstallerManager_TargetPlatformCheck_X64" computerName="DKSR-EFI-04" duration="00:00:00.0004589" startTime="2023-12-22T09:34:54.3972849+01:00" endTime="2023-12-22T09:34:54.3972849+01:00" testType="13cdc9d9-ddb5-4fa4-a97d-d965ccfc6d4b" outcome="Passed" testListId="8c84fa94-04c1-424b-9868-57a2d4851a1d" relativeResultsDirectory="ec9a1a9b-c553-4094-9bb7-d252bb032eab" />
    <UnitTestResult executionId="f169cf9d-cd76-405c-a5f1-8f16fa65c4d2" testId="d25150de-9575-f219-4fb9-35e7fd3539ef" testName="Given_AContentCollectionWithTwoServerEndpoints_WhenInitializeIsCalled_ThenTheTwoServerEndpointsAreAddedToDataModel" computerName="DKSR-EFI-04" duration="00:00:00.0117363" startTime="2023-12-22T09:34:54.2254095+01:00" endTime="2023-12-22T09:34:54.2410317+01:00" testType="13cdc9d9-ddb5-4fa4-a97d-d965ccfc6d4b" outcome="Passed" testListId="8c84fa94-04c1-424b-9868-57a2d4851a1d" relativeResultsDirectory="f169cf9d-cd76-405c-a5f1-8f16fa65c4d2" />
    <UnitTestResult executionId="115a69c7-caba-455a-b3be-fee38d5254dd" testId="c3d52a63-f563-ad95-f38f-b7d1949cacf9" testName="InstallerManager_CreateNewEntryOrDeleteOldFolders_CreateNewEntry" computerName="DKSR-EFI-04" duration="00:00:00.0040191" startTime="2023-12-22T09:34:54.8504108+01:00" endTime="2023-12-22T09:34:54.8504108+01:00" testType="13cdc9d9-ddb5-4fa4-a97d-d965ccfc6d4b" outcome="Passed" testListId="8c84fa94-04c1-424b-9868-57a2d4851a1d" relativeResultsDirectory="115a69c7-caba-455a-b3be-fee38d5254dd" />
    <UnitTestResult executionId="04777ba2-128d-4d33-951a-55f988baf638" testId="9e84eddd-2027-3a81-2517-c980c8d032fc" testName="Given_AContentCollectionWithTwoServerToServerGroupsOneWithLegacyProviderThatCannotObtainLegacyConfigurationAndAnEmptyDataModel_WhenInitializeIsCalled_ThenOneInstanceOfServerGroupIsAddedToDataModelWithDefaultSettings" computerName="DKSR-EFI-04" duration="00:00:00.0154182" startTime="2023-12-22T09:34:54.1629070+01:00" endTime="2023-12-22T09:34:54.1785330+01:00" testType="13cdc9d9-ddb5-4fa4-a97d-d965ccfc6d4b" outcome="Passed" testListId="8c84fa94-04c1-424b-9868-57a2d4851a1d" relativeResultsDirectory="04777ba2-128d-4d33-951a-55f988baf638" />
    <UnitTestResult executionId="060c5a16-df43-45f7-9910-afe485a87eda" testId="1f110d66-a369-a893-b902-9457e145e83b" testName="InstallerManager_CreatePublisherEntry" computerName="DKSR-EFI-04" startTime="2023-12-22T09:34:54.7097857+01:00" endTime="2023-12-22T09:34:54.7097857+01:00" testType="13cdc9d9-ddb5-4fa4-a97d-d965ccfc6d4b" outcome="NotExecuted" testListId="8c84fa94-04c1-424b-9868-57a2d4851a1d" relativeResultsDirectory="060c5a16-df43-45f7-9910-afe485a87eda" />
    <UnitTestResult executionId="4e77af96-5429-47d2-91d6-b133f79fcd5c" testId="a3d9f23c-b5be-4bb3-6d42-e0a3ff37e3dc" testName="InstallerManager_RunCheckLicense_FromLinceseCustomization" computerName="DKSR-EFI-04" startTime="2023-12-22T09:34:55.3816642+01:00" endTime="2023-12-22T09:34:55.3816642+01:00" testType="13cdc9d9-ddb5-4fa4-a97d-d965ccfc6d4b" outcome="NotExecuted" testListId="8c84fa94-04c1-424b-9868-57a2d4851a1d" relativeResultsDirectory="4e77af96-5429-47d2-91d6-b133f79fcd5c" />
    <UnitTestResult executionId="02f90c33-6fc0-4c4e-8a43-17c5952907fb" testId="a537f19a-1bb7-c144-dda4-e3248d0b7f73" testName="InstallerManager_SetupFinishParams_SetupWhyUninstallParams" computerName="DKSR-EFI-04" duration="00:00:00.0109069" startTime="2023-12-22T09:34:55.4129131+01:00" endTime="2023-12-22T09:34:55.4288539+01:00" testType="13cdc9d9-ddb5-4fa4-a97d-d965ccfc6d4b" outcome="Passed" testListId="8c84fa94-04c1-424b-9868-57a2d4851a1d" relativeResultsDirectory="02f90c33-6fc0-4c4e-8a43-17c5952907fb" />
    <UnitTestResult executionId="7d8ded84-f28a-4388-9595-b3b93db1fbac" testId="cbecc23f-ca1f-7aea-6176-ccac667d1a61" testName="CreateInstallerConfigStringWithSubscriptions" computerName="DKSR-EFI-04" startTime="2023-12-22T09:34:57.2097968+01:00" endTime="2023-12-22T09:34:57.2097968+01:00" testType="13cdc9d9-ddb5-4fa4-a97d-d965ccfc6d4b" outcome="NotExecuted" testListId="8c84fa94-04c1-424b-9868-57a2d4851a1d" relativeResultsDirectory="7d8ded84-f28a-4388-9595-b3b93db1fbac" />
    <UnitTestResult executionId="b086304b-3379-4894-905a-4abd2251138c" testId="9abb00a7-1a9f-4dd4-c444-9493acd1d9f0" testName="Given_AContentCollectionWithOneSystemConfiguration_WhenInitializeIsCalled_ThenOneServerConfiguratorSystemConfigurationElementIsSet" computerName="DKSR-EFI-04" duration="00:00:00.0072410" startTime="2023-12-22T09:34:54.2566571+01:00" endTime="2023-12-22T09:34:54.2566571+01:00" testType="13cdc9d9-ddb5-4fa4-a97d-d965ccfc6d4b" outcome="Passed" testListId="8c84fa94-04c1-424b-9868-57a2d4851a1d" relativeResultsDirectory="b086304b-3379-4894-905a-4abd2251138c" />
    <UnitTestResult executionId="c9d6da4e-579e-46ea-90d0-8204d5103d59" testId="416974ba-4294-baf2-7a86-75597b55bf8f" testName="LoadPlugins_ShouldNotFailWhenNoPluginAssembliesDefined" computerName="DKSR-EFI-04" duration="00:00:00.0002743" startTime="2023-12-22T09:34:57.1941735+01:00" endTime="2023-12-22T09:34:57.1941735+01:00" testType="13cdc9d9-ddb5-4fa4-a97d-d965ccfc6d4b" outcome="Passed" testListId="8c84fa94-04c1-424b-9868-57a2d4851a1d" relativeResultsDirectory="c9d6da4e-579e-46ea-90d0-8204d5103d59" />
    <UnitTestResult executionId="4dfd0f18-63e1-4ac2-999d-86b719299a47" testId="d015c9f4-03ea-c911-c93b-c61170552ff4" testName="InstallerManager_CollectParametersAndValues_ExpandEvironmantVariables" computerName="DKSR-EFI-04" duration="00:00:00.2127014" startTime="2023-12-22T09:34:54.3972849+01:00" endTime="2023-12-22T09:34:54.6160350+01:00" testType="13cdc9d9-ddb5-4fa4-a97d-d965ccfc6d4b" outcome="Passed" testListId="8c84fa94-04c1-424b-9868-57a2d4851a1d" relativeResultsDirectory="4dfd0f18-63e1-4ac2-999d-86b719299a47" />
    <UnitTestResult executionId="d4d0e485-7d48-4b54-87f3-01f0250909e5" testId="5d7aec64-c6b3-dd2d-8abf-86de73a8c3f2" testName="PrepareInstallation_ShouldSucceed_WhenRegistryDoesNotContainManufacturerInfo" computerName="DKSR-EFI-04" duration="00:00:00.0024725" startTime="2023-12-22T09:34:56.1941677+01:00" endTime="2023-12-22T09:34:56.1941677+01:00" testType="13cdc9d9-ddb5-4fa4-a97d-d965ccfc6d4b" outcome="Passed" testListId="8c84fa94-04c1-424b-9868-57a2d4851a1d" relativeResultsDirectory="d4d0e485-7d48-4b54-87f3-01f0250909e5" />
    <UnitTestResult executionId="a1236681-0b98-4ee5-acb7-2a7f9aaf049b" testId="ea8cf89c-1a61-71b8-b63d-481f5fcd674a" testName="Given_AContentCollectionWithTwoServerToServerGroupsOneWithLegacyProviderAndAnEmptyDataModel_WhenInitializeIsCalled_ThenOneInstanceOfServerGroupIsAddedToDataModelAndThumbPrintIsSetCorrect" computerName="DKSR-EFI-04" duration="00:00:00.9627075" startTime="2023-12-22T09:34:53.0379025+01:00" endTime="2023-12-22T09:34:54.1004071+01:00" testType="13cdc9d9-ddb5-4fa4-a97d-d965ccfc6d4b" outcome="Passed" testListId="8c84fa94-04c1-424b-9868-57a2d4851a1d" relativeResultsDirectory="a1236681-0b98-4ee5-acb7-2a7f9aaf049b" />
    <UnitTestResult executionId="17798333-4ff8-49f0-99ff-92288ea1d264" testId="5cd35a4f-5261-acc6-6372-0b2336cd08ac" testName="LoadSubscriptionPlugins_InstallerConfigurationWithoutSubscriptions" computerName="DKSR-EFI-04" duration="00:00:00.0004566" startTime="2023-12-22T09:34:57.2097968+01:00" endTime="2023-12-22T09:34:57.2097968+01:00" testType="13cdc9d9-ddb5-4fa4-a97d-d965ccfc6d4b" outcome="Passed" testListId="8c84fa94-04c1-424b-9868-57a2d4851a1d" relativeResultsDirectory="17798333-4ff8-49f0-99ff-92288ea1d264" />
    <UnitTestResult executionId="fb4aceb4-0f8d-444a-863b-863527ccbc4b" testId="fd6046af-1f4c-f558-4ea6-fb216f97c820" testName="LoadCustomPageSetup_ShouldCreateCustomPageInstances" computerName="DKSR-EFI-04" duration="00:00:00.0018012" startTime="2023-12-22T09:34:57.2097968+01:00" endTime="2023-12-22T09:34:57.2097968+01:00" testType="13cdc9d9-ddb5-4fa4-a97d-d965ccfc6d4b" outcome="Passed" testListId="8c84fa94-04c1-424b-9868-57a2d4851a1d" relativeResultsDirectory="fb4aceb4-0f8d-444a-863b-863527ccbc4b">
      <Output>
        <StdOut>Debug Trace:
Plug-in VideoOS.Installer.Manager.UnitTests.dll with type PageName1 was loaded.Plug-in VideoOS.Installer.Manager.UnitTests.dll with type PageName2 was loaded.Plug-in VideoOS.Installer.Manager.UnitTests.dll with type PageName3 was loaded.</StdOut>
      </Output>
    </UnitTestResult>
    <UnitTestResult executionId="75ed5eb2-4418-487f-ac3f-737990e8a62b" testId="0d6717ef-e4de-733a-a19d-7e58150cd810" testName="InstallerManager_SaveInstalledPackages" computerName="DKSR-EFI-04" duration="00:00:00.0050639" startTime="2023-12-22T09:34:55.3035380+01:00" endTime="2023-12-22T09:34:55.3035380+01:00" testType="13cdc9d9-ddb5-4fa4-a97d-d965ccfc6d4b" outcome="Passed" testListId="8c84fa94-04c1-424b-9868-57a2d4851a1d" relativeResultsDirectory="75ed5eb2-4418-487f-ac3f-737990e8a62b" />
    <UnitTestResult executionId="ff137e80-765c-4ab2-ade9-c69718186d35" testId="afcc2065-301a-dc0e-f2c3-06c1cc3c9a9e" testName="SubscriptionBypassFilter_ShouldFailWhenUsingUnsupportedCondition" computerName="DKSR-EFI-04" duration="00:00:00.0012529" startTime="2023-12-22T09:34:57.1785481+01:00" endTime="2023-12-22T09:34:57.1785481+01:00" testType="13cdc9d9-ddb5-4fa4-a97d-d965ccfc6d4b" outcome="Passed" testListId="8c84fa94-04c1-424b-9868-57a2d4851a1d" relativeResultsDirectory="ff137e80-765c-4ab2-ade9-c69718186d35" />
    <UnitTestResult executionId="b22e9119-6cd0-4ee6-b2e2-5e67696e39d3" testId="a9cd81f7-356d-a19a-42fe-b562940a5280" testName="GIVEN_InstallerConfigWithSupressInArgumentsFile_WHEN_ExctractingArgumentsFile_THEN_TheArgumentsFileContainsAllParamtersInTheConfigFileExceptTheSuppressedOnes" computerName="DKSR-EFI-04" duration="00:00:00.0139493" startTime="2023-12-22T09:34:57.1004229+01:00" endTime="2023-12-22T09:34:57.1004229+01:00" testType="13cdc9d9-ddb5-4fa4-a97d-d965ccfc6d4b" outcome="Passed" testListId="8c84fa94-04c1-424b-9868-57a2d4851a1d" relativeResultsDirectory="b22e9119-6cd0-4ee6-b2e2-5e67696e39d3">
      <Output>
        <StdOut>Debug Trace:
Loading XML file... InstallerConfig.xmlLoading D:\actions-runner\_work\XPCO\XPCO\InstallerFramework\VideoOS.Installer.Manager.UnitTests\bin\Debug\InstallerConfig.xml...Loading D:\actions-runner\_work\XPCO\XPCO\InstallerFramework\VideoOS.Installer.Manager.UnitTests\bin\Debug\IISProduct\Product.xml...XML file loaded.</StdOut>
      </Output>
    </UnitTestResult>
    <UnitTestResult executionId="a0965309-3075-4972-90fa-52803975c899" testId="1d795d06-c7d4-c538-9eda-aa033b5adeb4" testName="InstallerManager_DoPrepareFinalizeOnClose_DoCreateStartup_WhenHardwareManufactureModeFinishes" computerName="DKSR-EFI-04" duration="00:00:00.1572315" startTime="2023-12-22T09:34:56.2254184+01:00" endTime="2023-12-22T09:34:56.3816681+01:00" testType="13cdc9d9-ddb5-4fa4-a97d-d965ccfc6d4b" outcome="Passed" testListId="8c84fa94-04c1-424b-9868-57a2d4851a1d" relativeResultsDirectory="a0965309-3075-4972-90fa-52803975c899" />
    <UnitTestResult executionId="7541eaf3-be58-4df5-9537-c9eae19e4f6c" testId="53fcbbbb-399a-2acc-ec04-eb6dc1b3fcef" testName="SubscriptionBypassFilter_TestSupportedConditions" computerName="DKSR-EFI-04" duration="00:00:00.0005052" startTime="2023-12-22T09:34:57.1785481+01:00" endTime="2023-12-22T09:34:57.1785481+01:00" testType="13cdc9d9-ddb5-4fa4-a97d-d965ccfc6d4b" outcome="Passed" testListId="8c84fa94-04c1-424b-9868-57a2d4851a1d" relativeResultsDirectory="7541eaf3-be58-4df5-9537-c9eae19e4f6c" />
    <UnitTestResult executionId="b6d68c56-0f9f-4335-9a3a-3116086a07cb" testId="196694f8-4524-f06e-ed06-c17d53be8e34" testName="CreateInstallerConfigStringWithSubscriptions" computerName="DKSR-EFI-04" startTime="2023-12-22T09:34:57.1472977+01:00" endTime="2023-12-22T09:34:57.1472977+01:00" testType="13cdc9d9-ddb5-4fa4-a97d-d965ccfc6d4b" outcome="NotExecuted" testListId="8c84fa94-04c1-424b-9868-57a2d4851a1d" relativeResultsDirectory="b6d68c56-0f9f-4335-9a3a-3116086a07cb" />
    <UnitTestResult executionId="12b3e967-d6e6-43b9-9f21-30185d9d8256" testId="13040bdc-b750-cea2-f836-86fde27723d4" testName="Given_AContentCollectionWithTwoServerEndpointsWithSameId_WhenInitializeIsCalled_AnExceptionIsThrown" computerName="DKSR-EFI-04" duration="00:00:00.0016793" startTime="2023-12-22T09:34:54.3816588+01:00" endTime="2023-12-22T09:34:54.3816588+01:00" testType="13cdc9d9-ddb5-4fa4-a97d-d965ccfc6d4b" outcome="Passed" testListId="8c84fa94-04c1-424b-9868-57a2d4851a1d" relativeResultsDirectory="12b3e967-d6e6-43b9-9f21-30185d9d8256" />
    <UnitTestResult executionId="c8217e35-fa18-4cf4-accc-7774b7f5a870" testId="0d01e442-3432-82c3-b6f2-f94b458f7416" testName="InstallerManager_DoRemoveInstallLog_WhenHardwareManufactureModeFinishes" computerName="DKSR-EFI-04" duration="00:00:00.0079621" startTime="2023-12-22T09:34:56.3972936+01:00" endTime="2023-12-22T09:34:56.3972936+01:00" testType="13cdc9d9-ddb5-4fa4-a97d-d965ccfc6d4b" outcome="Passed" testListId="8c84fa94-04c1-424b-9868-57a2d4851a1d" relativeResultsDirectory="c8217e35-fa18-4cf4-accc-7774b7f5a870" />
    <UnitTestResult executionId="819e8e1a-7543-4e49-85ba-5e7498aa21fc" testId="8e1bbec5-10b8-44f9-d87b-a8966ec8ffd9" testName="InstallerManager_RunCheckLicense_WithProductKeyAndDisplayName" computerName="DKSR-EFI-04" duration="00:00:00.0598892" startTime="2023-12-22T09:34:55.3035380+01:00" endTime="2023-12-22T09:34:55.3660387+01:00" testType="13cdc9d9-ddb5-4fa4-a97d-d965ccfc6d4b" outcome="Passed" testListId="8c84fa94-04c1-424b-9868-57a2d4851a1d" relativeResultsDirectory="819e8e1a-7543-4e49-85ba-5e7498aa21fc" />
    <UnitTestResult executionId="0df29798-dfd6-4724-812f-5de84c2ea200" testId="e0f8c160-af9c-0ad8-7e36-4adfe33b811e" testName="Given_AContentCollectionWithAServerToServerGroupsWithLegacyProviderThatHasNoThumbPrintAndModelDoesNotContainServerGroupAndIsUpgradeIsFalse_WhenInitializeIsCalled_Then_TheDataModelIsSetToDefaultEncryptionButNoCertificate" computerName="DKSR-EFI-04" duration="00:00:00.0052801" startTime="2023-12-22T09:34:54.1941585+01:00" endTime="2023-12-22T09:34:54.1941585+01:00" testType="13cdc9d9-ddb5-4fa4-a97d-d965ccfc6d4b" outcome="Passed" testListId="8c84fa94-04c1-424b-9868-57a2d4851a1d" relativeResultsDirectory="0df29798-dfd6-4724-812f-5de84c2ea200" />
    <UnitTestResult executionId="85c7c252-cb27-4576-bc34-105264d2293a" testId="b34319b5-322e-e713-8223-d7fea149edab" testName="SubscriptionBypassFilter_ShouldOnlyBypassSubscriptionWhenRelatedPackageIsSkipped" computerName="DKSR-EFI-04" duration="00:00:00.0090898" startTime="2023-12-22T09:34:57.1316723+01:00" endTime="2023-12-22T09:34:57.1472977+01:00" testType="13cdc9d9-ddb5-4fa4-a97d-d965ccfc6d4b" outcome="Passed" testListId="8c84fa94-04c1-424b-9868-57a2d4851a1d" relativeResultsDirectory="85c7c252-cb27-4576-bc34-105264d2293a">
      <Output>
        <StdOut>Debug Trace:
Bypassing subscription with Id: f04a1781-3b47-4d52-af13-db728e803836. Reason: associated PackageId: cc4fba3b-83af-48a6-84d3-d2d5d2657655 will not be installed.</StdOut>
      </Output>
    </UnitTestResult>
    <UnitTestResult executionId="22fc046f-256a-4d95-a619-20d1d9abae97" testId="b155d23a-fcc6-0354-438c-623c87bc89b0" testName="InstallerManager_IsWindowsVersionSupported_ShouldFail_WhenOSVersionHasBeenExcluded" computerName="DKSR-EFI-04" duration="00:00:00.0115394" startTime="2023-12-22T09:34:56.2097929+01:00" endTime="2023-12-22T09:34:56.2097929+01:00" testType="13cdc9d9-ddb5-4fa4-a97d-d965ccfc6d4b" outcome="Passed" testListId="8c84fa94-04c1-424b-9868-57a2d4851a1d" relativeResultsDirectory="22fc046f-256a-4d95-a619-20d1d9abae97">
      <Output>
        <StdOut>Debug Trace:
Version read from the environment: 5.0, product type: WorkstationUnable to install, OS version is not supported.Version read from the environment: 5.1, product type: ServerUnable to install, OS version is not supported.Version read from the environment: 6.1, product type: WorkstationUnable to install, OS version is not supported.Version read from the environment: 6.1.5, product type: WorkstationUnable to install, OS version is not supported.Version read from the environment: 6.2, product type: WorkstationUnable to install, OS version is not supported.Version read from the environment: 6.2, product type: ServerUnable to install, OS version is not supported.Version read from the environment: 6.3, product type: WorkstationUnable to install, OS version is not supported.Version read from the environment: 6.3, product type: ServerUnable to install, OS version is not supported.Version read from the environment: 7.1.2, product type: ServerUnable to install, OS version is not supported.Version read from the environment: 8.0.1.2, product type: ServerUnable to install, OS version is not supported.Version read from the environment: 10.0.14393, product type: ServerVersion read from the environment: 10.0.19043, product type: WorkstationVersion read from the environment: 10.0.22000, product type: Workstation</StdOut>
      </Output>
    </UnitTestResult>
    <UnitTestResult executionId="3cd5e416-ad4c-40a7-862e-b52544eac28e" testId="1a638ee1-24c4-da18-4aa7-44d47aee78c3" testName="LoadSubscriptionPlugins_ShouldCreateSubscriptionInstances" computerName="DKSR-EFI-04" duration="00:00:00.0052918" startTime="2023-12-22T09:34:57.1941735+01:00" endTime="2023-12-22T09:34:57.1941735+01:00" testType="13cdc9d9-ddb5-4fa4-a97d-d965ccfc6d4b" outcome="Passed" testListId="8c84fa94-04c1-424b-9868-57a2d4851a1d" relativeResultsDirectory="3cd5e416-ad4c-40a7-862e-b52544eac28e">
      <Output>
        <StdOut>Debug Trace:
Subscription VideoOS.Installer.Manager.UnitTests, Version=1.0.0.0, Culture=neutral, PublicKeyToken=bc60fba4a7969f89 with type VideoOS.Installer.Manager.UnitTests.CertificateSubscriptionStub1 was loaded.Subscription VideoOS.Installer.Manager.UnitTests, Version=1.0.0.0, Culture=neutral, PublicKeyToken=bc60fba4a7969f89 with type VideoOS.Installer.Manager.UnitTests.CertificateSubscriptionStub2 was loaded.Subscription VideoOS.Installer.Manager.UnitTests, Version=1.0.0.0, Culture=neutral, PublicKeyToken=bc60fba4a7969f89 with type VideoOS.Installer.Manager.UnitTests.CertificateSubscriptionStub3 was loaded.Subscription VideoOS.Installer.Manager.UnitTests, Version=1.0.0.0, Culture=neutral, PublicKeyToken=bc60fba4a7969f89 with type VideoOS.Installer.Manager.UnitTests.CertificateSubscriptionStub4 was loaded.Subscription VideoOS.Installer.Manager.UnitTests, Version=1.0.0.0, Culture=neutral, PublicKeyToken=bc60fba4a7969f89 with type VideoOS.Installer.Manager.UnitTests.ServiceUserSubscriptionStub1 was loaded.Subscription VideoOS.Installer.Manager.UnitTests, Version=1.0.0.0, Culture=neutral, PublicKeyToken=bc60fba4a7969f89 with type VideoOS.Installer.Manager.UnitTests.ServiceUserSubscriptionStub2 was loaded.Subscription VideoOS.Installer.Manager.UnitTests, Version=1.0.0.0, Culture=neutral, PublicKeyToken=bc60fba4a7969f89 with type VideoOS.Installer.Manager.UnitTests.WarningSubscriptionStub1 was loaded.Subscription VideoOS.Installer.Manager.UnitTests, Version=1.0.0.0, Culture=neutral, PublicKeyToken=bc60fba4a7969f89 with type VideoOS.Installer.Manager.UnitTests.WarningSubscriptionStub2 was loaded.Subscription VideoOS.Installer.Manager.UnitTests, Version=1.0.0.0, Culture=neutral, PublicKeyToken=bc60fba4a7969f89 with type VideoOS.Installer.Manager.UnitTests.WarningSubscriptionStub3 was loaded.</StdOut>
      </Output>
    </UnitTestResult>
    <UnitTestResult executionId="89506daa-945d-4e16-b207-49c7a2f6e699" testId="16f11343-3606-e124-804b-dae5a010435c" testName="LoadCustomPageSetup_ShouldNotFailWhenNoCustomPageAssembliesDefined" computerName="DKSR-EFI-04" duration="00:00:00.0009443" startTime="2023-12-22T09:34:57.2097968+01:00" endTime="2023-12-22T09:34:57.2097968+01:00" testType="13cdc9d9-ddb5-4fa4-a97d-d965ccfc6d4b" outcome="Passed" testListId="8c84fa94-04c1-424b-9868-57a2d4851a1d" relativeResultsDirectory="89506daa-945d-4e16-b207-49c7a2f6e699" />
    <UnitTestResult executionId="d701fa2a-78b1-46bc-bdfe-a3769ccc389d" testId="300e3c22-372c-9366-7d20-a6374ece97d9" testName="Given_ASecureManagementServerUri_WhenInitializedIsCalled_ThenEncryptionIsLocked" computerName="DKSR-EFI-04" duration="00:00:00.0077974" startTime="2023-12-22T09:34:54.2879070+01:00" endTime="2023-12-22T09:34:54.3035332+01:00" testType="13cdc9d9-ddb5-4fa4-a97d-d965ccfc6d4b" outcome="Passed" testListId="8c84fa94-04c1-424b-9868-57a2d4851a1d" relativeResultsDirectory="d701fa2a-78b1-46bc-bdfe-a3769ccc389d" />
    <UnitTestResult executionId="7e13d40c-09b8-4513-a4f7-1c8f727ac4e5" testId="4b480d4b-fcbb-5987-0d48-e2a7145be0d5" testName="Given_AContentCollectionWithTwoClientEndpointsWhereOneDependsOnNoGroup_WhenInitializeIsCalled_ThenTheTwoClientEndpointsAreAddedToDataModel" computerName="DKSR-EFI-04" duration="00:00:00.0086492" startTime="2023-12-22T09:34:54.2254095+01:00" endTime="2023-12-22T09:34:54.2254095+01:00" testType="13cdc9d9-ddb5-4fa4-a97d-d965ccfc6d4b" outcome="Passed" testListId="8c84fa94-04c1-424b-9868-57a2d4851a1d" relativeResultsDirectory="7e13d40c-09b8-4513-a4f7-1c8f727ac4e5" />
    <UnitTestResult executionId="da66f779-71fe-4638-9463-e041f5f94986" testId="ef9f071c-6e2d-1671-91b5-7c1705fdb802" testName="LoadPlugins_ShouldCreatePluginInstances" computerName="DKSR-EFI-04" duration="00:00:00.0046721" startTime="2023-12-22T09:34:57.1785481+01:00" endTime="2023-12-22T09:34:57.1941735+01:00" testType="13cdc9d9-ddb5-4fa4-a97d-d965ccfc6d4b" outcome="Passed" testListId="8c84fa94-04c1-424b-9868-57a2d4851a1d" relativeResultsDirectory="da66f779-71fe-4638-9463-e041f5f94986">
      <Output>
        <StdOut>Debug Trace:
Plug-in DummyFilename with type VideoOS.Installer.Interfaces.Fakes.StubIWizardPageProvider was loaded.Plug-in DummyFilename with type VideoOS.Installer.Interfaces.Fakes.StubIWizardPageProvider was loaded.Plug-in DummyFilename2 with type VideoOS.Installer.Interfaces.Fakes.StubIWizardPageProvider was loaded.</StdOut>
      </Output>
    </UnitTestResult>
    <UnitTestResult executionId="0a719aa7-dda7-45c4-a2f4-12400deadd9a" testId="bbda981f-ade2-e8c3-39a9-b616430e6271" testName="SubscriptionBypassFilter_IsModify_BypassSubscriptionWhenRelatedPackageIsNotInstalled" computerName="DKSR-EFI-04" duration="00:00:00.0031242" startTime="2023-12-22T09:34:57.1472977+01:00" endTime="2023-12-22T09:34:57.1629225+01:00" testType="13cdc9d9-ddb5-4fa4-a97d-d965ccfc6d4b" outcome="Passed" testListId="8c84fa94-04c1-424b-9868-57a2d4851a1d" relativeResultsDirectory="0a719aa7-dda7-45c4-a2f4-12400deadd9a">
      <Output>
        <StdOut>Debug Trace:
Bypassing subscription with Id: f04a1781-3b47-4d52-af13-db728e803836. Reason: associated PackageId: cc4fba3b-83af-48a6-84d3-d2d5d2657655 will not be installed.</StdOut>
      </Output>
    </UnitTestResult>
    <UnitTestResult executionId="eb0061a9-e1a3-43c5-b290-fccf0507566d" testId="042ca1f7-be63-fb46-b43d-965365f41214" testName="PrepareInstallation_ShouldLoadManufacturerInfoFromRegistry_WhenHardwareManufacturerInfoPathIsNotSpecified" computerName="DKSR-EFI-04" duration="00:00:00.0050501" startTime="2023-12-22T09:34:56.1941677+01:00" endTime="2023-12-22T09:34:56.1941677+01:00" testType="13cdc9d9-ddb5-4fa4-a97d-d965ccfc6d4b" outcome="Passed" testListId="8c84fa94-04c1-424b-9868-57a2d4851a1d" relativeResultsDirectory="eb0061a9-e1a3-43c5-b290-fccf0507566d" />
    <UnitTestResult executionId="6cd730a2-2e24-4bfc-b2c4-7a4497160ec2" testId="8b6b1c2f-13e1-78de-ccd1-7ceaa782bfd5" testName="Given_ParametersContainsUnsecureAndSecureMs_When_Initialize_Then_AddressesAreSetInDataModel" computerName="DKSR-EFI-04" duration="00:00:00.0398700" startTime="2023-12-22T09:34:54.3035332+01:00" endTime="2023-12-22T09:34:54.3504081+01:00" testType="13cdc9d9-ddb5-4fa4-a97d-d965ccfc6d4b" outcome="Passed" testListId="8c84fa94-04c1-424b-9868-57a2d4851a1d" relativeResultsDirectory="6cd730a2-2e24-4bfc-b2c4-7a4497160ec2" />
    <UnitTestResult executionId="916787a2-b182-4fd3-bdc8-0ead062e2f16" testId="d1982d86-2cda-6e12-e925-d6194a5896f7" testName="InstallerManager_UpdatePackageParameters" computerName="DKSR-EFI-04" duration="00:00:00.0691192" startTime="2023-12-22T09:34:54.6160350+01:00" endTime="2023-12-22T09:34:54.6941591+01:00" testType="13cdc9d9-ddb5-4fa4-a97d-d965ccfc6d4b" outcome="Passed" testListId="8c84fa94-04c1-424b-9868-57a2d4851a1d" relativeResultsDirectory="916787a2-b182-4fd3-bdc8-0ead062e2f16" />
    <UnitTestResult executionId="d55f5ee2-d1fc-4fc8-930b-19a8f6ef1914" testId="6f057b52-a4ef-1941-b314-67a9361be640" testName="InstallerManager_GetRequiredSpaceByInstaller" computerName="DKSR-EFI-04" duration="00:00:00.0125245" startTime="2023-12-22T09:34:54.6941591+01:00" endTime="2023-12-22T09:34:54.7097857+01:00" testType="13cdc9d9-ddb5-4fa4-a97d-d965ccfc6d4b" outcome="Passed" testListId="8c84fa94-04c1-424b-9868-57a2d4851a1d" relativeResultsDirectory="d55f5ee2-d1fc-4fc8-930b-19a8f6ef1914" />
    <UnitTestResult executionId="641c556a-0a54-4483-a389-22098a68e96c" testId="8d9e392a-c343-676a-d3af-5186796fea05" testName="InstallerManager_SavePackages" computerName="DKSR-EFI-04" duration="00:00:00.4394481" startTime="2023-12-22T09:34:54.8504108+01:00" endTime="2023-12-22T09:34:55.3035380+01:00" testType="13cdc9d9-ddb5-4fa4-a97d-d965ccfc6d4b" outcome="Passed" testListId="8c84fa94-04c1-424b-9868-57a2d4851a1d" relativeResultsDirectory="641c556a-0a54-4483-a389-22098a68e96c" />
    <UnitTestResult executionId="f902dc0f-25ae-4a4e-b326-016b461ae289" testId="f7dba121-2c59-69cf-c5ee-6da61dedfd50" testName="InstallerManager_CreateNewEntryOrDeleteOldFolders_DeleteOldFolders" computerName="DKSR-EFI-04" duration="00:00:00.1318031" startTime="2023-12-22T09:34:54.7097857+01:00" endTime="2023-12-22T09:34:54.8504108+01:00" testType="13cdc9d9-ddb5-4fa4-a97d-d965ccfc6d4b" outcome="Passed" testListId="8c84fa94-04c1-424b-9868-57a2d4851a1d" relativeResultsDirectory="f902dc0f-25ae-4a4e-b326-016b461ae289" />
    <UnitTestResult executionId="5f8e1a57-bc1e-47ca-8a95-6a8f19a4973b" testId="794397c5-acd4-a276-2cbf-50f997d2709b" testName="PrepareInstallation_ShouldLoadManufacturerInfo_WhenHardwareManufacturerInfoPathIsSpecified" computerName="DKSR-EFI-04" duration="00:00:00.7240739" startTime="2023-12-22T09:34:55.4597885+01:00" endTime="2023-12-22T09:34:56.1785433+01:00" testType="13cdc9d9-ddb5-4fa4-a97d-d965ccfc6d4b" outcome="Passed" testListId="8c84fa94-04c1-424b-9868-57a2d4851a1d" relativeResultsDirectory="5f8e1a57-bc1e-47ca-8a95-6a8f19a4973b" />
    <UnitTestResult executionId="9d615564-061b-4730-b01e-009522218f8b" testId="ab65de86-73a8-32d4-25b9-9e244ac60634" testName="Given_AContentCollectionWithAServerToServerGroupsWithLegacyProviderAndADataModelThatAlreadyHasTheGroup_WhenInitializeIsCalled_Then_TheDataModelIsNotUpdatedByTheLegacyProvider" computerName="DKSR-EFI-04" duration="00:00:00.0050446" startTime="2023-12-22T09:34:54.1941585+01:00" endTime="2023-12-22T09:34:54.1941585+01:00" testType="13cdc9d9-ddb5-4fa4-a97d-d965ccfc6d4b" outcome="Passed" testListId="8c84fa94-04c1-424b-9868-57a2d4851a1d" relativeResultsDirectory="9d615564-061b-4730-b01e-009522218f8b" />
    <UnitTestResult executionId="3d6013ae-99de-440c-ba02-3d2ce09db65d" testId="1ebc1254-f9d9-7fd8-2058-770cb04bda04" testName="InstallerManager_DoNotDoPrepareFinalizeOnClose_NotInHardwareManufactureMode" computerName="DKSR-EFI-04" duration="00:00:00.0030315" startTime="2023-12-22T09:34:56.3816681+01:00" endTime="2023-12-22T09:34:56.3816681+01:00" testType="13cdc9d9-ddb5-4fa4-a97d-d965ccfc6d4b" outcome="Passed" testListId="8c84fa94-04c1-424b-9868-57a2d4851a1d" relativeResultsDirectory="3d6013ae-99de-440c-ba02-3d2ce09db65d" />
  </Results>
  <TestDefinitions>
    <UnitTest name="SubscriptionBypassFilter_ShouldOnlyBypassSubscriptionWhenRelatedPackageIsSkipped" storage="d:\actions-runner\_work\xpco\xpco\installerframework\videoos.installer.manager.unittests\bin\debug\videoos.installer.manager.unittests.dll" id="b34319b5-322e-e713-8223-d7fea149edab">
      <Execution id="85c7c252-cb27-4576-bc34-105264d2293a" />
      <TestMethod codeBase="D:\actions-runner\_work\XPCO\XPCO\InstallerFramework\VideoOS.Installer.Manager.UnitTests\bin\Debug\VideoOS.Installer.Manager.UnitTests.dll" adapterTypeName="executor://mstestadapter/v1" className="VideoOS.Installer.Manager.UnitTests.SubscriptionBypassFilterUnitTest" name="SubscriptionBypassFilter_ShouldOnlyBypassSubscriptionWhenRelatedPackageIsSkipped" />
    </UnitTest>
    <UnitTest name="Given_AContentCollectionWithTwoServerToServerGroupsOneWithLegacyProviderAndAnEmptyDataModel_WhenInitializeIsCalled_ThenOneInstanceOfServerGroupIsAddedToDataModelAndThumbPrintIsSetCorrect" storage="d:\actions-runner\_work\xpco\xpco\installerframework\videoos.installer.manager.unittests\bin\debug\videoos.installer.manager.unittests.dll" id="ea8cf89c-1a61-71b8-b63d-481f5fcd674a">
      <Execution id="a1236681-0b98-4ee5-acb7-2a7f9aaf049b" />
      <TestMethod codeBase="D:\actions-runner\_work\XPCO\XPCO\InstallerFramework\VideoOS.Installer.Manager.UnitTests\bin\Debug\VideoOS.Installer.Manager.UnitTests.dll" adapterTypeName="executor://mstestadapter/v1" className="VideoOS.Installer.Manager.UnitTests.CertificateModelInitializerTest" name="Given_AContentCollectionWithTwoServerToServerGroupsOneWithLegacyProviderAndAnEmptyDataModel_WhenInitializeIsCalled_ThenOneInstanceOfServerGroupIsAddedToDataModelAndThumbPrintIsSetCorrect" />
    </UnitTest>
    <UnitTest name="GIVEN_InstallerConfigWithoutSupressInArgumentsFile_WHEN_ExctractingArgumentsFile_THEN_TheArgumentsFileContainsAllParamtersInTheConfigFile" storage="d:\actions-runner\_work\xpco\xpco\installerframework\videoos.installer.manager.unittests\bin\debug\videoos.installer.manager.unittests.dll" id="ab3a4a0f-1b9c-faa7-9a70-c0e4767f991f">
      <Execution id="a8ec60db-3503-4577-8a37-fd43eb897a98" />
      <TestMethod codeBase="D:\actions-runner\_work\XPCO\XPCO\InstallerFramework\VideoOS.Installer.Manager.UnitTests\bin\Debug\VideoOS.Installer.Manager.UnitTests.dll" adapterTypeName="executor://mstestadapter/v1" className="VideoOS.Installer.Manager.UnitTests.InstallerManagerUnitTest" name="GIVEN_InstallerConfigWithoutSupressInArgumentsFile_WHEN_ExctractingArgumentsFile_THEN_TheArgumentsFileContainsAllParamtersInTheConfigFile" />
    </UnitTest>
    <UnitTest name="Given_PresenterIsCreated_When_PresentingAnUnknownKey_Then_ThePresenterReturnsTheKeyPrefixedWithNotTranslated" storage="d:\actions-runner\_work\xpco\xpco\installerframework\videoos.installer.manager.unittests\bin\debug\videoos.installer.manager.unittests.dll" id="d55203cc-985c-697d-07a9-c985f4ce9a2e">
      <Execution id="41fa4540-bfca-4ecb-9a99-5de60452e147" />
      <TestMethod codeBase="D:\actions-runner\_work\XPCO\XPCO\InstallerFramework\VideoOS.Installer.Manager.UnitTests\bin\Debug\VideoOS.Installer.Manager.UnitTests.dll" adapterTypeName="executor://mstestadapter/v1" className="VideoOS.Installer.Manager.UnitTests.ServerToServerGroupUnitTest" name="Given_PresenterIsCreated_When_PresentingAnUnknownKey_Then_ThePresenterReturnsTheKeyPrefixedWithNotTranslated" />
    </UnitTest>
    <UnitTest name="InstallerManager_DoNotDoPrepareFinalizeOnClose_NotInHardwareManufactureMode" storage="d:\actions-runner\_work\xpco\xpco\installerframework\videoos.installer.manager.unittests\bin\debug\videoos.installer.manager.unittests.dll" id="1ebc1254-f9d9-7fd8-2058-770cb04bda04">
      <Execution id="3d6013ae-99de-440c-ba02-3d2ce09db65d" />
      <TestMethod codeBase="D:\actions-runner\_work\XPCO\XPCO\InstallerFramework\VideoOS.Installer.Manager.UnitTests\bin\Debug\VideoOS.Installer.Manager.UnitTests.dll" adapterTypeName="executor://mstestadapter/v1" className="VideoOS.Installer.Manager.UnitTests.InstallerManagerUnitTest" name="InstallerManager_DoNotDoPrepareFinalizeOnClose_NotInHardwareManufactureMode" />
    </UnitTest>
    <UnitTest name="InstallerManager_CreateNewEntryOrDeleteOldFolders_DeleteOldFolders" storage="d:\actions-runner\_work\xpco\xpco\installerframework\videoos.installer.manager.unittests\bin\debug\videoos.installer.manager.unittests.dll" id="f7dba121-2c59-69cf-c5ee-6da61dedfd50">
      <Execution id="f902dc0f-25ae-4a4e-b326-016b461ae289" />
      <TestMethod codeBase="D:\actions-runner\_work\XPCO\XPCO\InstallerFramework\VideoOS.Installer.Manager.UnitTests\bin\Debug\VideoOS.Installer.Manager.UnitTests.dll" adapterTypeName="executor://mstestadapter/v1" className="VideoOS.Installer.Manager.UnitTests.InstallerManagerUnitTest" name="InstallerManager_CreateNewEntryOrDeleteOldFolders_DeleteOldFolders" />
    </UnitTest>
    <UnitTest name="Given_ASecureManagementServerUri_WhenInitializedIsCalled_ThenEncryptionIsLocked" storage="d:\actions-runner\_work\xpco\xpco\installerframework\videoos.installer.manager.unittests\bin\debug\videoos.installer.manager.unittests.dll" id="300e3c22-372c-9366-7d20-a6374ece97d9">
      <Execution id="d701fa2a-78b1-46bc-bdfe-a3769ccc389d" />
      <TestMethod codeBase="D:\actions-runner\_work\XPCO\XPCO\InstallerFramework\VideoOS.Installer.Manager.UnitTests\bin\Debug\VideoOS.Installer.Manager.UnitTests.dll" adapterTypeName="executor://mstestadapter/v1" className="VideoOS.Installer.Manager.UnitTests.CertificateModelInitializerTest" name="Given_ASecureManagementServerUri_WhenInitializedIsCalled_ThenEncryptionIsLocked" />
    </UnitTest>
    <UnitTest name="InstallerManager_RunCheckLicense_FromLinceseCustomization" storage="d:\actions-runner\_work\xpco\xpco\installerframework\videoos.installer.manager.unittests\bin\debug\videoos.installer.manager.unittests.dll" id="a3d9f23c-b5be-4bb3-6d42-e0a3ff37e3dc">
      <Execution id="4e77af96-5429-47d2-91d6-b133f79fcd5c" />
      <TestMethod codeBase="D:\actions-runner\_work\XPCO\XPCO\InstallerFramework\VideoOS.Installer.Manager.UnitTests\bin\Debug\VideoOS.Installer.Manager.UnitTests.dll" adapterTypeName="executor://mstestadapter/v1" className="VideoOS.Installer.Manager.UnitTests.InstallerManagerUnitTest" name="InstallerManager_RunCheckLicense_FromLinceseCustomization" />
    </UnitTest>
    <UnitTest name="Given_AContentCollectionWithMultipleSystemConfigurations_WhenInitializeIsCalled_ThenMultipleServerConfiguratorSystemConfigurationElementsAreSet" storage="d:\actions-runner\_work\xpco\xpco\installerframework\videoos.installer.manager.unittests\bin\debug\videoos.installer.manager.unittests.dll" id="95add604-4160-bdd0-cb0f-51a06b900ad8">
      <Execution id="7de4b6c2-4e7d-4784-aa3b-d8b631512779" />
      <TestMethod codeBase="D:\actions-runner\_work\XPCO\XPCO\InstallerFramework\VideoOS.Installer.Manager.UnitTests\bin\Debug\VideoOS.Installer.Manager.UnitTests.dll" adapterTypeName="executor://mstestadapter/v1" className="VideoOS.Installer.Manager.UnitTests.CertificateModelInitializerTest" name="Given_AContentCollectionWithMultipleSystemConfigurations_WhenInitializeIsCalled_ThenMultipleServerConfiguratorSystemConfigurationElementsAreSet" />
    </UnitTest>
    <UnitTest name="InstallerManager_CreateNewEntryOrDeleteOldFolders_CreateNewEntry" storage="d:\actions-runner\_work\xpco\xpco\installerframework\videoos.installer.manager.unittests\bin\debug\videoos.installer.manager.unittests.dll" id="c3d52a63-f563-ad95-f38f-b7d1949cacf9">
      <Execution id="115a69c7-caba-455a-b3be-fee38d5254dd" />
      <TestMethod codeBase="D:\actions-runner\_work\XPCO\XPCO\InstallerFramework\VideoOS.Installer.Manager.UnitTests\bin\Debug\VideoOS.Installer.Manager.UnitTests.dll" adapterTypeName="executor://mstestadapter/v1" className="VideoOS.Installer.Manager.UnitTests.InstallerManagerUnitTest" name="InstallerManager_CreateNewEntryOrDeleteOldFolders_CreateNewEntry" />
    </UnitTest>
    <UnitTest name="PrepareInstallation_ShouldFailIfFinalizeMode_AndInstallerIsNotXpcoVms" storage="d:\actions-runner\_work\xpco\xpco\installerframework\videoos.installer.manager.unittests\bin\debug\videoos.installer.manager.unittests.dll" id="af4e06bb-8a3d-f42a-3895-df7f6d5c95d6">
      <Execution id="ac08a625-acfa-4a88-a138-934db78a6a43" />
      <TestMethod codeBase="D:\actions-runner\_work\XPCO\XPCO\InstallerFramework\VideoOS.Installer.Manager.UnitTests\bin\Debug\VideoOS.Installer.Manager.UnitTests.dll" adapterTypeName="executor://mstestadapter/v1" className="VideoOS.Installer.Manager.UnitTests.InstallerManagerUnitTest" name="PrepareInstallation_ShouldFailIfFinalizeMode_AndInstallerIsNotXpcoVms" />
    </UnitTest>
    <UnitTest name="Given_AContentCollectionWithTwoClientEndpointsDependentOnDifferentGroups_WhenInitializeIsCalled_AnExceptionIsThrown" storage="d:\actions-runner\_work\xpco\xpco\installerframework\videoos.installer.manager.unittests\bin\debug\videoos.installer.manager.unittests.dll" id="ed02d880-7fc9-615d-6a86-ace66056d62b">
      <Execution id="6e8ce0e3-ee55-4d3c-b6e9-bc64d7aa17d8" />
      <TestMethod codeBase="D:\actions-runner\_work\XPCO\XPCO\InstallerFramework\VideoOS.Installer.Manager.UnitTests\bin\Debug\VideoOS.Installer.Manager.UnitTests.dll" adapterTypeName="executor://mstestadapter/v1" className="VideoOS.Installer.Manager.UnitTests.CertificateModelInitializerTest" name="Given_AContentCollectionWithTwoClientEndpointsDependentOnDifferentGroups_WhenInitializeIsCalled_AnExceptionIsThrown" />
    </UnitTest>
    <UnitTest name="CreateInstallerConfigStringWithSubscriptions" storage="d:\actions-runner\_work\xpco\xpco\installerframework\videoos.installer.manager.unittests\bin\debug\videoos.installer.manager.unittests.dll" id="cbecc23f-ca1f-7aea-6176-ccac667d1a61">
      <Execution id="7d8ded84-f28a-4388-9595-b3b93db1fbac" />
      <TestMethod codeBase="D:\actions-runner\_work\XPCO\XPCO\InstallerFramework\VideoOS.Installer.Manager.UnitTests\bin\Debug\VideoOS.Installer.Manager.UnitTests.dll" adapterTypeName="executor://mstestadapter/v1" className="VideoOS.Installer.Manager.UnitTests.PluginLoaderUnitTest" name="CreateInstallerConfigStringWithSubscriptions" />
    </UnitTest>
    <UnitTest name="Given_AContentCollectionWithTwoServerToServerGroupsOneWithLegacyProviderThatCannotObtainLegacyConfigurationAndAnEmptyDataModel_WhenInitializeIsCalled_ThenOneInstanceOfServerGroupIsAddedToDataModelWithDefaultSettings" storage="d:\actions-runner\_work\xpco\xpco\installerframework\videoos.installer.manager.unittests\bin\debug\videoos.installer.manager.unittests.dll" id="9e84eddd-2027-3a81-2517-c980c8d032fc">
      <Execution id="04777ba2-128d-4d33-951a-55f988baf638" />
      <TestMethod codeBase="D:\actions-runner\_work\XPCO\XPCO\InstallerFramework\VideoOS.Installer.Manager.UnitTests\bin\Debug\VideoOS.Installer.Manager.UnitTests.dll" adapterTypeName="executor://mstestadapter/v1" className="VideoOS.Installer.Manager.UnitTests.CertificateModelInitializerTest" name="Given_AContentCollectionWithTwoServerToServerGroupsOneWithLegacyProviderThatCannotObtainLegacyConfigurationAndAnEmptyDataModel_WhenInitializeIsCalled_ThenOneInstanceOfServerGroupIsAddedToDataModelWithDefaultSettings" />
    </UnitTest>
    <UnitTest name="Given_AContentCollectionWithAServerToServerGroupsWithLegacyProviderThatHasNoThumbPrintAndModelDoesNotContainServerGroupAndIsUpgradeIsFalse_WhenInitializeIsCalled_Then_TheDataModelIsSetToDefaultEncryptionButNoCertificate" storage="d:\actions-runner\_work\xpco\xpco\installerframework\videoos.installer.manager.unittests\bin\debug\videoos.installer.manager.unittests.dll" id="e0f8c160-af9c-0ad8-7e36-4adfe33b811e">
      <Execution id="0df29798-dfd6-4724-812f-5de84c2ea200" />
      <TestMethod codeBase="D:\actions-runner\_work\XPCO\XPCO\InstallerFramework\VideoOS.Installer.Manager.UnitTests\bin\Debug\VideoOS.Installer.Manager.UnitTests.dll" adapterTypeName="executor://mstestadapter/v1" className="VideoOS.Installer.Manager.UnitTests.CertificateModelInitializerTest" name="Given_AContentCollectionWithAServerToServerGroupsWithLegacyProviderThatHasNoThumbPrintAndModelDoesNotContainServerGroupAndIsUpgradeIsFalse_WhenInitializeIsCalled_Then_TheDataModelIsSetToDefaultEncryptionButNoCertificate" />
    </UnitTest>
    <UnitTest name="LoadCustomPageSetup_ShouldNotFailWhenNoCustomPageAssembliesDefined" storage="d:\actions-runner\_work\xpco\xpco\installerframework\videoos.installer.manager.unittests\bin\debug\videoos.installer.manager.unittests.dll" id="16f11343-3606-e124-804b-dae5a010435c">
      <Execution id="89506daa-945d-4e16-b207-49c7a2f6e699" />
      <TestMethod codeBase="D:\actions-runner\_work\XPCO\XPCO\InstallerFramework\VideoOS.Installer.Manager.UnitTests\bin\Debug\VideoOS.Installer.Manager.UnitTests.dll" adapterTypeName="executor://mstestadapter/v1" className="VideoOS.Installer.Manager.UnitTests.PluginLoaderUnitTest" name="LoadCustomPageSetup_ShouldNotFailWhenNoCustomPageAssembliesDefined" />
    </UnitTest>
    <UnitTest name="Given_AContentCollectionWithTwoServerToServerGroupsWithInconsistentEnableEncryptionParameterKey_WhenInitializeIsCalled_AnExceptionIsThrown" storage="d:\actions-runner\_work\xpco\xpco\installerframework\videoos.installer.manager.unittests\bin\debug\videoos.installer.manager.unittests.dll" id="bb0be2da-29db-0a52-6943-1adc55cb9fb8">
      <Execution id="80bc0bc1-8f16-4f12-9d64-1f1173b3dd39" />
      <TestMethod codeBase="D:\actions-runner\_work\XPCO\XPCO\InstallerFramework\VideoOS.Installer.Manager.UnitTests\bin\Debug\VideoOS.Installer.Manager.UnitTests.dll" adapterTypeName="executor://mstestadapter/v1" className="VideoOS.Installer.Manager.UnitTests.CertificateModelInitializerTest" name="Given_AContentCollectionWithTwoServerToServerGroupsWithInconsistentEnableEncryptionParameterKey_WhenInitializeIsCalled_AnExceptionIsThrown" />
    </UnitTest>
    <UnitTest name="InstallerManager_DoRemoveInstallLog_WhenHardwareManufactureModeFinishes" storage="d:\actions-runner\_work\xpco\xpco\installerframework\videoos.installer.manager.unittests\bin\debug\videoos.installer.manager.unittests.dll" id="0d01e442-3432-82c3-b6f2-f94b458f7416">
      <Execution id="c8217e35-fa18-4cf4-accc-7774b7f5a870" />
      <TestMethod codeBase="D:\actions-runner\_work\XPCO\XPCO\InstallerFramework\VideoOS.Installer.Manager.UnitTests\bin\Debug\VideoOS.Installer.Manager.UnitTests.dll" adapterTypeName="executor://mstestadapter/v1" className="VideoOS.Installer.Manager.UnitTests.InstallerManagerUnitTest" name="InstallerManager_DoRemoveInstallLog_WhenHardwareManufactureModeFinishes" />
    </UnitTest>
    <UnitTest name="Given_AContentCollectionWithOneSystemConfiguration_WhenInitializeIsCalled_ThenOneServerConfiguratorSystemConfigurationElementIsSet" storage="d:\actions-runner\_work\xpco\xpco\installerframework\videoos.installer.manager.unittests\bin\debug\videoos.installer.manager.unittests.dll" id="9abb00a7-1a9f-4dd4-c444-9493acd1d9f0">
      <Execution id="b086304b-3379-4894-905a-4abd2251138c" />
      <TestMethod codeBase="D:\actions-runner\_work\XPCO\XPCO\InstallerFramework\VideoOS.Installer.Manager.UnitTests\bin\Debug\VideoOS.Installer.Manager.UnitTests.dll" adapterTypeName="executor://mstestadapter/v1" className="VideoOS.Installer.Manager.UnitTests.CertificateModelInitializerTest" name="Given_AContentCollectionWithOneSystemConfiguration_WhenInitializeIsCalled_ThenOneServerConfiguratorSystemConfigurationElementIsSet" />
    </UnitTest>
    <UnitTest name="LoadPlugins_ShouldCreatePluginInstances" storage="d:\actions-runner\_work\xpco\xpco\installerframework\videoos.installer.manager.unittests\bin\debug\videoos.installer.manager.unittests.dll" id="ef9f071c-6e2d-1671-91b5-7c1705fdb802">
      <Execution id="da66f779-71fe-4638-9463-e041f5f94986" />
      <TestMethod codeBase="D:\actions-runner\_work\XPCO\XPCO\InstallerFramework\VideoOS.Installer.Manager.UnitTests\bin\Debug\VideoOS.Installer.Manager.UnitTests.dll" adapterTypeName="executor://mstestadapter/v1" className="VideoOS.Installer.Manager.UnitTests.PluginLoaderUnitTest" name="LoadPlugins_ShouldCreatePluginInstances" />
    </UnitTest>
    <UnitTest name="InstallerManager_GetRequiredSpaceByInstaller" storage="d:\actions-runner\_work\xpco\xpco\installerframework\videoos.installer.manager.unittests\bin\debug\videoos.installer.manager.unittests.dll" id="6f057b52-a4ef-1941-b314-67a9361be640">
      <Execution id="d55f5ee2-d1fc-4fc8-930b-19a8f6ef1914" />
      <TestMethod codeBase="D:\actions-runner\_work\XPCO\XPCO\InstallerFramework\VideoOS.Installer.Manager.UnitTests\bin\Debug\VideoOS.Installer.Manager.UnitTests.dll" adapterTypeName="executor://mstestadapter/v1" className="VideoOS.Installer.Manager.UnitTests.InstallerManagerUnitTest" name="InstallerManager_GetRequiredSpaceByInstaller" />
    </UnitTest>
    <UnitTest name="PrepareInstallation_ShouldLoadManufacturerInfo_WhenHardwareManufacturerInfoPathIsSpecified" storage="d:\actions-runner\_work\xpco\xpco\installerframework\videoos.installer.manager.unittests\bin\debug\videoos.installer.manager.unittests.dll" id="794397c5-acd4-a276-2cbf-50f997d2709b">
      <Execution id="5f8e1a57-bc1e-47ca-8a95-6a8f19a4973b" />
      <TestMethod codeBase="D:\actions-runner\_work\XPCO\XPCO\InstallerFramework\VideoOS.Installer.Manager.UnitTests\bin\Debug\VideoOS.Installer.Manager.UnitTests.dll" adapterTypeName="executor://mstestadapter/v1" className="VideoOS.Installer.Manager.UnitTests.InstallerManagerUnitTest" name="PrepareInstallation_ShouldLoadManufacturerInfo_WhenHardwareManufacturerInfoPathIsSpecified" />
    </UnitTest>
    <UnitTest name="InstallerManager_TargetPlatformCheck_X64" storage="d:\actions-runner\_work\xpco\xpco\installerframework\videoos.installer.manager.unittests\bin\debug\videoos.installer.manager.unittests.dll" id="9c30a61b-9e2f-8917-dc30-c7daa8670589">
      <Execution id="ec9a1a9b-c553-4094-9bb7-d252bb032eab" />
      <TestMethod codeBase="D:\actions-runner\_work\XPCO\XPCO\InstallerFramework\VideoOS.Installer.Manager.UnitTests\bin\Debug\VideoOS.Installer.Manager.UnitTests.dll" adapterTypeName="executor://mstestadapter/v1" className="VideoOS.Installer.Manager.UnitTests.InstallerManagerUnitTest" name="InstallerManager_TargetPlatformCheck_X64" />
    </UnitTest>
    <UnitTest name="GIVEN_InstallerConfigWithSupressInArgumentsFile_WHEN_ExctractingArgumentsFile_THEN_TheArgumentsFileContainsAllParamtersInTheConfigFileExceptTheSuppressedOnes" storage="d:\actions-runner\_work\xpco\xpco\installerframework\videoos.installer.manager.unittests\bin\debug\videoos.installer.manager.unittests.dll" id="a9cd81f7-356d-a19a-42fe-b562940a5280">
      <Execution id="b22e9119-6cd0-4ee6-b2e2-5e67696e39d3" />
      <TestMethod codeBase="D:\actions-runner\_work\XPCO\XPCO\InstallerFramework\VideoOS.Installer.Manager.UnitTests\bin\Debug\VideoOS.Installer.Manager.UnitTests.dll" adapterTypeName="executor://mstestadapter/v1" className="VideoOS.Installer.Manager.UnitTests.InstallerManagerUnitTest" name="GIVEN_InstallerConfigWithSupressInArgumentsFile_WHEN_ExctractingArgumentsFile_THEN_TheArgumentsFileContainsAllParamtersInTheConfigFileExceptTheSuppressedOnes" />
    </UnitTest>
    <UnitTest name="PrepareInstallation_ShouldSucceed_WhenRegistryDoesNotContainManufacturerInfo" storage="d:\actions-runner\_work\xpco\xpco\installerframework\videoos.installer.manager.unittests\bin\debug\videoos.installer.manager.unittests.dll" id="5d7aec64-c6b3-dd2d-8abf-86de73a8c3f2">
      <Execution id="d4d0e485-7d48-4b54-87f3-01f0250909e5" />
      <TestMethod codeBase="D:\actions-runner\_work\XPCO\XPCO\InstallerFramework\VideoOS.Installer.Manager.UnitTests\bin\Debug\VideoOS.Installer.Manager.UnitTests.dll" adapterTypeName="executor://mstestadapter/v1" className="VideoOS.Installer.Manager.UnitTests.InstallerManagerUnitTest" name="PrepareInstallation_ShouldSucceed_WhenRegistryDoesNotContainManufacturerInfo" />
    </UnitTest>
    <UnitTest name="InstallerManager_UpdateParameters" storage="d:\actions-runner\_work\xpco\xpco\installerframework\videoos.installer.manager.unittests\bin\debug\videoos.installer.manager.unittests.dll" id="17310292-782a-1f44-a41f-bb05b264a0d7">
      <Execution id="232901eb-2ec9-4f30-8793-8c791246e423" />
      <TestMethod codeBase="D:\actions-runner\_work\XPCO\XPCO\InstallerFramework\VideoOS.Installer.Manager.UnitTests\bin\Debug\VideoOS.Installer.Manager.UnitTests.dll" adapterTypeName="executor://mstestadapter/v1" className="VideoOS.Installer.Manager.UnitTests.InstallerManagerUnitTest" name="InstallerManager_UpdateParameters" />
    </UnitTest>
    <UnitTest name="InstallerManager_Constructor_FormatAndVerifyLanguage" storage="d:\actions-runner\_work\xpco\xpco\installerframework\videoos.installer.manager.unittests\bin\debug\videoos.installer.manager.unittests.dll" id="495ec9f3-0800-5263-a360-8439abe0cffd">
      <Execution id="792cc26c-64df-4280-a3d9-9df628d9cdb9" />
      <TestMethod codeBase="D:\actions-runner\_work\XPCO\XPCO\InstallerFramework\VideoOS.Installer.Manager.UnitTests\bin\Debug\VideoOS.Installer.Manager.UnitTests.dll" adapterTypeName="executor://mstestadapter/v1" className="VideoOS.Installer.Manager.UnitTests.InstallerManagerUnitTest" name="InstallerManager_Constructor_FormatAndVerifyLanguage" />
    </UnitTest>
    <UnitTest name="LoadCustomPageSetup_ShouldCreateCustomPageInstances" storage="d:\actions-runner\_work\xpco\xpco\installerframework\videoos.installer.manager.unittests\bin\debug\videoos.installer.manager.unittests.dll" id="fd6046af-1f4c-f558-4ea6-fb216f97c820">
      <Execution id="fb4aceb4-0f8d-444a-863b-863527ccbc4b" />
      <TestMethod codeBase="D:\actions-runner\_work\XPCO\XPCO\InstallerFramework\VideoOS.Installer.Manager.UnitTests\bin\Debug\VideoOS.Installer.Manager.UnitTests.dll" adapterTypeName="executor://mstestadapter/v1" className="VideoOS.Installer.Manager.UnitTests.PluginLoaderUnitTest" name="LoadCustomPageSetup_ShouldCreateCustomPageInstances" />
    </UnitTest>
    <UnitTest name="SubscriptionBypassFilter_IsModify_BypassSubscriptionWhenRelatedPackageIsNotInstalled" storage="d:\actions-runner\_work\xpco\xpco\installerframework\videoos.installer.manager.unittests\bin\debug\videoos.installer.manager.unittests.dll" id="bbda981f-ade2-e8c3-39a9-b616430e6271">
      <Execution id="0a719aa7-dda7-45c4-a2f4-12400deadd9a" />
      <TestMethod codeBase="D:\actions-runner\_work\XPCO\XPCO\InstallerFramework\VideoOS.Installer.Manager.UnitTests\bin\Debug\VideoOS.Installer.Manager.UnitTests.dll" adapterTypeName="executor://mstestadapter/v1" className="VideoOS.Installer.Manager.UnitTests.SubscriptionBypassFilterUnitTest" name="SubscriptionBypassFilter_IsModify_BypassSubscriptionWhenRelatedPackageIsNotInstalled" />
    </UnitTest>
    <UnitTest name="Given_PresenterIsCreated_When_PresentingTitleAndSubTitle_Then_ThePresenterReturnsProperStrings" storage="d:\actions-runner\_work\xpco\xpco\installerframework\videoos.installer.manager.unittests\bin\debug\videoos.installer.manager.unittests.dll" id="849f8aad-74e3-7b94-0fe0-78e1198cd9ef">
      <Execution id="db926fcc-c558-48f5-ab96-95f0bb337078" />
      <TestMethod codeBase="D:\actions-runner\_work\XPCO\XPCO\InstallerFramework\VideoOS.Installer.Manager.UnitTests\bin\Debug\VideoOS.Installer.Manager.UnitTests.dll" adapterTypeName="executor://mstestadapter/v1" className="VideoOS.Installer.Manager.UnitTests.ServerToServerGroupUnitTest" name="Given_PresenterIsCreated_When_PresentingTitleAndSubTitle_Then_ThePresenterReturnsProperStrings" />
    </UnitTest>
    <UnitTest name="InstallerManager_OSInformationReader_ShouldReturnOSInformation" storage="d:\actions-runner\_work\xpco\xpco\installerframework\videoos.installer.manager.unittests\bin\debug\videoos.installer.manager.unittests.dll" id="57828b07-798a-efe7-8f42-6b2b4ca0f0d9">
      <Execution id="37470cb5-08ae-494c-85c6-5b82a77acf33" />
      <TestMethod codeBase="D:\actions-runner\_work\XPCO\XPCO\InstallerFramework\VideoOS.Installer.Manager.UnitTests\bin\Debug\VideoOS.Installer.Manager.UnitTests.dll" adapterTypeName="executor://mstestadapter/v1" className="VideoOS.Installer.Manager.UnitTests.InstallerManagerUnitTest" name="InstallerManager_OSInformationReader_ShouldReturnOSInformation" />
    </UnitTest>
    <UnitTest name="InstallerManager_SetupFinishParams_SetupWhyUninstallParams" storage="d:\actions-runner\_work\xpco\xpco\installerframework\videoos.installer.manager.unittests\bin\debug\videoos.installer.manager.unittests.dll" id="a537f19a-1bb7-c144-dda4-e3248d0b7f73">
      <Execution id="02f90c33-6fc0-4c4e-8a43-17c5952907fb" />
      <TestMethod codeBase="D:\actions-runner\_work\XPCO\XPCO\InstallerFramework\VideoOS.Installer.Manager.UnitTests\bin\Debug\VideoOS.Installer.Manager.UnitTests.dll" adapterTypeName="executor://mstestadapter/v1" className="VideoOS.Installer.Manager.UnitTests.InstallerManagerUnitTest" name="InstallerManager_SetupFinishParams_SetupWhyUninstallParams" />
    </UnitTest>
    <UnitTest name="PrepareInstallation_ShouldLoadManufacturerInfoFromRegistry_WhenHardwareManufacturerInfoPathIsNotSpecified" storage="d:\actions-runner\_work\xpco\xpco\installerframework\videoos.installer.manager.unittests\bin\debug\videoos.installer.manager.unittests.dll" id="042ca1f7-be63-fb46-b43d-965365f41214">
      <Execution id="eb0061a9-e1a3-43c5-b290-fccf0507566d" />
      <TestMethod codeBase="D:\actions-runner\_work\XPCO\XPCO\InstallerFramework\VideoOS.Installer.Manager.UnitTests\bin\Debug\VideoOS.Installer.Manager.UnitTests.dll" adapterTypeName="executor://mstestadapter/v1" className="VideoOS.Installer.Manager.UnitTests.InstallerManagerUnitTest" name="PrepareInstallation_ShouldLoadManufacturerInfoFromRegistry_WhenHardwareManufacturerInfoPathIsNotSpecified" />
    </UnitTest>
    <UnitTest name="Given_AContentCollectionWithTwoServerEndpointsOneThetDependsOnNoGroup_WhenInitializeIsCalled_ThenTheTwoServerEndpointsAreAddedToDataModel" storage="d:\actions-runner\_work\xpco\xpco\installerframework\videoos.installer.manager.unittests\bin\debug\videoos.installer.manager.unittests.dll" id="c3466fae-4509-bae6-9a4f-c859dfd06cf0">
      <Execution id="87973348-d5a0-4413-aa5e-bb236ebef235" />
      <TestMethod codeBase="D:\actions-runner\_work\XPCO\XPCO\InstallerFramework\VideoOS.Installer.Manager.UnitTests\bin\Debug\VideoOS.Installer.Manager.UnitTests.dll" adapterTypeName="executor://mstestadapter/v1" className="VideoOS.Installer.Manager.UnitTests.CertificateModelInitializerTest" name="Given_AContentCollectionWithTwoServerEndpointsOneThetDependsOnNoGroup_WhenInitializeIsCalled_ThenTheTwoServerEndpointsAreAddedToDataModel" />
    </UnitTest>
    <UnitTest name="Given_AContentCollectionWithMultipleSystemConfigurationsWithAtLeastOneInvalidConfigurationPurpose_WhenInitializeIsCalled_ThenThrowArgumentException" storage="d:\actions-runner\_work\xpco\xpco\installerframework\videoos.installer.manager.unittests\bin\debug\videoos.installer.manager.unittests.dll" id="ca1e6709-8ac7-3fbc-9f8e-ddb40821affc">
      <Execution id="97d96588-4d39-41a6-a321-8d137ce9fc18" />
      <TestMethod codeBase="D:\actions-runner\_work\XPCO\XPCO\InstallerFramework\VideoOS.Installer.Manager.UnitTests\bin\Debug\VideoOS.Installer.Manager.UnitTests.dll" adapterTypeName="executor://mstestadapter/v1" className="VideoOS.Installer.Manager.UnitTests.CertificateModelInitializerTest" name="Given_AContentCollectionWithMultipleSystemConfigurationsWithAtLeastOneInvalidConfigurationPurpose_WhenInitializeIsCalled_ThenThrowArgumentException" />
    </UnitTest>
    <UnitTest name="SubscriptionBypassFilter_TestSupportedConditions" storage="d:\actions-runner\_work\xpco\xpco\installerframework\videoos.installer.manager.unittests\bin\debug\videoos.installer.manager.unittests.dll" id="53fcbbbb-399a-2acc-ec04-eb6dc1b3fcef">
      <Execution id="7541eaf3-be58-4df5-9537-c9eae19e4f6c" />
      <TestMethod codeBase="D:\actions-runner\_work\XPCO\XPCO\InstallerFramework\VideoOS.Installer.Manager.UnitTests\bin\Debug\VideoOS.Installer.Manager.UnitTests.dll" adapterTypeName="executor://mstestadapter/v1" className="VideoOS.Installer.Manager.UnitTests.SubscriptionBypassFilterUnitTest" name="SubscriptionBypassFilter_TestSupportedConditions" />
    </UnitTest>
    <UnitTest name="CreateInstallerConfigStringWithSubscriptions" storage="d:\actions-runner\_work\xpco\xpco\installerframework\videoos.installer.manager.unittests\bin\debug\videoos.installer.manager.unittests.dll" id="196694f8-4524-f06e-ed06-c17d53be8e34">
      <Execution id="b6d68c56-0f9f-4335-9a3a-3116086a07cb" />
      <TestMethod codeBase="D:\actions-runner\_work\XPCO\XPCO\InstallerFramework\VideoOS.Installer.Manager.UnitTests\bin\Debug\VideoOS.Installer.Manager.UnitTests.dll" adapterTypeName="executor://mstestadapter/v1" className="VideoOS.Installer.Manager.UnitTests.SubscriptionBypassFilterUnitTest" name="CreateInstallerConfigStringWithSubscriptions" />
    </UnitTest>
    <UnitTest name="Given_AContentCollectionWithAServerToServerGroupsWithLegacyProviderAndADataModelThatAlreadyHasTheGroup_WhenInitializeIsCalled_Then_TheDataModelIsNotUpdatedByTheLegacyProvider" storage="d:\actions-runner\_work\xpco\xpco\installerframework\videoos.installer.manager.unittests\bin\debug\videoos.installer.manager.unittests.dll" id="ab65de86-73a8-32d4-25b9-9e244ac60634">
      <Execution id="9d615564-061b-4730-b01e-009522218f8b" />
      <TestMethod codeBase="D:\actions-runner\_work\XPCO\XPCO\InstallerFramework\VideoOS.Installer.Manager.UnitTests\bin\Debug\VideoOS.Installer.Manager.UnitTests.dll" adapterTypeName="executor://mstestadapter/v1" className="VideoOS.Installer.Manager.UnitTests.CertificateModelInitializerTest" name="Given_AContentCollectionWithAServerToServerGroupsWithLegacyProviderAndADataModelThatAlreadyHasTheGroup_WhenInitializeIsCalled_Then_TheDataModelIsNotUpdatedByTheLegacyProvider" />
    </UnitTest>
    <UnitTest name="InstallerManager_SavePackages" storage="d:\actions-runner\_work\xpco\xpco\installerframework\videoos.installer.manager.unittests\bin\debug\videoos.installer.manager.unittests.dll" id="8d9e392a-c343-676a-d3af-5186796fea05">
      <Execution id="641c556a-0a54-4483-a389-22098a68e96c" />
      <TestMethod codeBase="D:\actions-runner\_work\XPCO\XPCO\InstallerFramework\VideoOS.Installer.Manager.UnitTests\bin\Debug\VideoOS.Installer.Manager.UnitTests.dll" adapterTypeName="executor://mstestadapter/v1" className="VideoOS.Installer.Manager.UnitTests.InstallerManagerUnitTest" name="InstallerManager_SavePackages" />
    </UnitTest>
    <UnitTest name="InstallerManager_TargetPlatformCheck_X86" storage="d:\actions-runner\_work\xpco\xpco\installerframework\videoos.installer.manager.unittests\bin\debug\videoos.installer.manager.unittests.dll" id="869cd1eb-db5a-bebc-6d07-5406846c0ce5">
      <Execution id="c41fc8ab-776c-434b-9dcb-12591671a7c8" />
      <TestMethod codeBase="D:\actions-runner\_work\XPCO\XPCO\InstallerFramework\VideoOS.Installer.Manager.UnitTests\bin\Debug\VideoOS.Installer.Manager.UnitTests.dll" adapterTypeName="executor://mstestadapter/v1" className="VideoOS.Installer.Manager.UnitTests.InstallerManagerUnitTest" name="InstallerManager_TargetPlatformCheck_X86" />
    </UnitTest>
    <UnitTest name="Given_AContentCollectionWithTwoClientEndpoints_WhenInitializeIsCalled_ThenTheTwoClientEndpointsAreAddedToDataModel" storage="d:\actions-runner\_work\xpco\xpco\installerframework\videoos.installer.manager.unittests\bin\debug\videoos.installer.manager.unittests.dll" id="2d33a752-c4a2-d97d-558a-e6ea8edee9f9">
      <Execution id="65966642-dc54-4a55-ba5e-5310019d4266" />
      <TestMethod codeBase="D:\actions-runner\_work\XPCO\XPCO\InstallerFramework\VideoOS.Installer.Manager.UnitTests\bin\Debug\VideoOS.Installer.Manager.UnitTests.dll" adapterTypeName="executor://mstestadapter/v1" className="VideoOS.Installer.Manager.UnitTests.CertificateModelInitializerTest" name="Given_AContentCollectionWithTwoClientEndpoints_WhenInitializeIsCalled_ThenTheTwoClientEndpointsAreAddedToDataModel" />
    </UnitTest>
    <UnitTest name="InstallerManager_IsWindowsVersionSupported_ShouldFail_WhenOSVersionHasBeenExcluded" storage="d:\actions-runner\_work\xpco\xpco\installerframework\videoos.installer.manager.unittests\bin\debug\videoos.installer.manager.unittests.dll" id="b155d23a-fcc6-0354-438c-623c87bc89b0">
      <Execution id="22fc046f-256a-4d95-a619-20d1d9abae97" />
      <TestMethod codeBase="D:\actions-runner\_work\XPCO\XPCO\InstallerFramework\VideoOS.Installer.Manager.UnitTests\bin\Debug\VideoOS.Installer.Manager.UnitTests.dll" adapterTypeName="executor://mstestadapter/v1" className="VideoOS.Installer.Manager.UnitTests.InstallerManagerUnitTest" name="InstallerManager_IsWindowsVersionSupported_ShouldFail_WhenOSVersionHasBeenExcluded" />
    </UnitTest>
    <UnitTest name="SubscriptionBypassFilter_ShouldFailWhenUsingUnsupportedCondition" storage="d:\actions-runner\_work\xpco\xpco\installerframework\videoos.installer.manager.unittests\bin\debug\videoos.installer.manager.unittests.dll" id="afcc2065-301a-dc0e-f2c3-06c1cc3c9a9e">
      <Execution id="ff137e80-765c-4ab2-ade9-c69718186d35" />
      <TestMethod codeBase="D:\actions-runner\_work\XPCO\XPCO\InstallerFramework\VideoOS.Installer.Manager.UnitTests\bin\Debug\VideoOS.Installer.Manager.UnitTests.dll" adapterTypeName="executor://mstestadapter/v1" className="VideoOS.Installer.Manager.UnitTests.SubscriptionBypassFilterUnitTest" name="SubscriptionBypassFilter_ShouldFailWhenUsingUnsupportedCondition" />
    </UnitTest>
    <UnitTest name="Given_AContentCollectionWithTwoServerEndpointsWithSameId_WhenInitializeIsCalled_AnExceptionIsThrown" storage="d:\actions-runner\_work\xpco\xpco\installerframework\videoos.installer.manager.unittests\bin\debug\videoos.installer.manager.unittests.dll" id="13040bdc-b750-cea2-f836-86fde27723d4">
      <Execution id="12b3e967-d6e6-43b9-9f21-30185d9d8256" />
      <TestMethod codeBase="D:\actions-runner\_work\XPCO\XPCO\InstallerFramework\VideoOS.Installer.Manager.UnitTests\bin\Debug\VideoOS.Installer.Manager.UnitTests.dll" adapterTypeName="executor://mstestadapter/v1" className="VideoOS.Installer.Manager.UnitTests.CertificateModelInitializerTest" name="Given_AContentCollectionWithTwoServerEndpointsWithSameId_WhenInitializeIsCalled_AnExceptionIsThrown" />
    </UnitTest>
    <UnitTest name="InstallerManager_SaveInstalledPackages" storage="d:\actions-runner\_work\xpco\xpco\installerframework\videoos.installer.manager.unittests\bin\debug\videoos.installer.manager.unittests.dll" id="0d6717ef-e4de-733a-a19d-7e58150cd810">
      <Execution id="75ed5eb2-4418-487f-ac3f-737990e8a62b" />
      <TestMethod codeBase="D:\actions-runner\_work\XPCO\XPCO\InstallerFramework\VideoOS.Installer.Manager.UnitTests\bin\Debug\VideoOS.Installer.Manager.UnitTests.dll" adapterTypeName="executor://mstestadapter/v1" className="VideoOS.Installer.Manager.UnitTests.InstallerManagerUnitTest" name="InstallerManager_SaveInstalledPackages" />
    </UnitTest>
    <UnitTest name="LoadSubscriptionPlugins_InstallerConfigurationWithoutSubscriptions" storage="d:\actions-runner\_work\xpco\xpco\installerframework\videoos.installer.manager.unittests\bin\debug\videoos.installer.manager.unittests.dll" id="5cd35a4f-5261-acc6-6372-0b2336cd08ac">
      <Execution id="17798333-4ff8-49f0-99ff-92288ea1d264" />
      <TestMethod codeBase="D:\actions-runner\_work\XPCO\XPCO\InstallerFramework\VideoOS.Installer.Manager.UnitTests\bin\Debug\VideoOS.Installer.Manager.UnitTests.dll" adapterTypeName="executor://mstestadapter/v1" className="VideoOS.Installer.Manager.UnitTests.PluginLoaderUnitTest" name="LoadSubscriptionPlugins_InstallerConfigurationWithoutSubscriptions" />
    </UnitTest>
    <UnitTest name="InstallerManager_UpdatePackageParameters" storage="d:\actions-runner\_work\xpco\xpco\installerframework\videoos.installer.manager.unittests\bin\debug\videoos.installer.manager.unittests.dll" id="d1982d86-2cda-6e12-e925-d6194a5896f7">
      <Execution id="916787a2-b182-4fd3-bdc8-0ead062e2f16" />
      <TestMethod codeBase="D:\actions-runner\_work\XPCO\XPCO\InstallerFramework\VideoOS.Installer.Manager.UnitTests\bin\Debug\VideoOS.Installer.Manager.UnitTests.dll" adapterTypeName="executor://mstestadapter/v1" className="VideoOS.Installer.Manager.UnitTests.InstallerManagerUnitTest" name="InstallerManager_UpdatePackageParameters" />
    </UnitTest>
    <UnitTest name="Given_AContentCollectionWithTwoClientEndpointsWhereOneDependsOnNoGroup_WhenInitializeIsCalled_ThenTheTwoClientEndpointsAreAddedToDataModel" storage="d:\actions-runner\_work\xpco\xpco\installerframework\videoos.installer.manager.unittests\bin\debug\videoos.installer.manager.unittests.dll" id="4b480d4b-fcbb-5987-0d48-e2a7145be0d5">
      <Execution id="7e13d40c-09b8-4513-a4f7-1c8f727ac4e5" />
      <TestMethod codeBase="D:\actions-runner\_work\XPCO\XPCO\InstallerFramework\VideoOS.Installer.Manager.UnitTests\bin\Debug\VideoOS.Installer.Manager.UnitTests.dll" adapterTypeName="executor://mstestadapter/v1" className="VideoOS.Installer.Manager.UnitTests.CertificateModelInitializerTest" name="Given_AContentCollectionWithTwoClientEndpointsWhereOneDependsOnNoGroup_WhenInitializeIsCalled_ThenTheTwoClientEndpointsAreAddedToDataModel" />
    </UnitTest>
    <UnitTest name="LoadPlugins_ShouldNotFailWhenNoPluginAssembliesDefined" storage="d:\actions-runner\_work\xpco\xpco\installerframework\videoos.installer.manager.unittests\bin\debug\videoos.installer.manager.unittests.dll" id="416974ba-4294-baf2-7a86-75597b55bf8f">
      <Execution id="c9d6da4e-579e-46ea-90d0-8204d5103d59" />
      <TestMethod codeBase="D:\actions-runner\_work\XPCO\XPCO\InstallerFramework\VideoOS.Installer.Manager.UnitTests\bin\Debug\VideoOS.Installer.Manager.UnitTests.dll" adapterTypeName="executor://mstestadapter/v1" className="VideoOS.Installer.Manager.UnitTests.PluginLoaderUnitTest" name="LoadPlugins_ShouldNotFailWhenNoPluginAssembliesDefined" />
    </UnitTest>
    <UnitTest name="LoadSubscriptionPlugins_ShouldFail_IfPluginAssemblyIsNotUnique_IgnoringCase" storage="d:\actions-runner\_work\xpco\xpco\installerframework\videoos.installer.manager.unittests\bin\debug\videoos.installer.manager.unittests.dll" id="156ccb03-318d-3d19-b8f0-74bf26eb28eb">
      <Execution id="d820008d-f293-4a80-ba48-f3d582040e75" />
      <TestMethod codeBase="D:\actions-runner\_work\XPCO\XPCO\InstallerFramework\VideoOS.Installer.Manager.UnitTests\bin\Debug\VideoOS.Installer.Manager.UnitTests.dll" adapterTypeName="executor://mstestadapter/v1" className="VideoOS.Installer.Manager.UnitTests.PluginLoaderUnitTest" name="LoadSubscriptionPlugins_ShouldFail_IfPluginAssemblyIsNotUnique_IgnoringCase" />
    </UnitTest>
    <UnitTest name="Given_AContentCollectionWithTwoServerEndpoints_WhenInitializeIsCalled_ThenTheTwoServerEndpointsAreAddedToDataModel" storage="d:\actions-runner\_work\xpco\xpco\installerframework\videoos.installer.manager.unittests\bin\debug\videoos.installer.manager.unittests.dll" id="d25150de-9575-f219-4fb9-35e7fd3539ef">
      <Execution id="f169cf9d-cd76-405c-a5f1-8f16fa65c4d2" />
      <TestMethod codeBase="D:\actions-runner\_work\XPCO\XPCO\InstallerFramework\VideoOS.Installer.Manager.UnitTests\bin\Debug\VideoOS.Installer.Manager.UnitTests.dll" adapterTypeName="executor://mstestadapter/v1" className="VideoOS.Installer.Manager.UnitTests.CertificateModelInitializerTest" name="Given_AContentCollectionWithTwoServerEndpoints_WhenInitializeIsCalled_ThenTheTwoServerEndpointsAreAddedToDataModel" />
    </UnitTest>
    <UnitTest name="LoadSubscriptionPlugins_ShouldCreateSubscriptionInstances" storage="d:\actions-runner\_work\xpco\xpco\installerframework\videoos.installer.manager.unittests\bin\debug\videoos.installer.manager.unittests.dll" id="1a638ee1-24c4-da18-4aa7-44d47aee78c3">
      <Execution id="3cd5e416-ad4c-40a7-862e-b52544eac28e" />
      <TestMethod codeBase="D:\actions-runner\_work\XPCO\XPCO\InstallerFramework\VideoOS.Installer.Manager.UnitTests\bin\Debug\VideoOS.Installer.Manager.UnitTests.dll" adapterTypeName="executor://mstestadapter/v1" className="VideoOS.Installer.Manager.UnitTests.PluginLoaderUnitTest" name="LoadSubscriptionPlugins_ShouldCreateSubscriptionInstances" />
    </UnitTest>
    <UnitTest name="Given_nothing_When_Nothing_Then_TheServerToserverCommunicationGroupDefinitionContainsTheDefinitionOfThePresenterClass" storage="d:\actions-runner\_work\xpco\xpco\installerframework\videoos.installer.manager.unittests\bin\debug\videoos.installer.manager.unittests.dll" id="dff5efb0-0c5b-c3d4-3ceb-e94122bed333">
      <Execution id="d3d08971-e3aa-47ee-9ec3-da73a5e97045" />
      <TestMethod codeBase="D:\actions-runner\_work\XPCO\XPCO\InstallerFramework\VideoOS.Installer.Manager.UnitTests\bin\Debug\VideoOS.Installer.Manager.UnitTests.dll" adapterTypeName="executor://mstestadapter/v1" className="VideoOS.Installer.Manager.UnitTests.ServerToServerGroupUnitTest" name="Given_nothing_When_Nothing_Then_TheServerToserverCommunicationGroupDefinitionContainsTheDefinitionOfThePresenterClass" />
    </UnitTest>
    <UnitTest name="InstallerManager_DoPrepareFinalizeOnClose_DoCreateStartup_WhenHardwareManufactureModeFinishes" storage="d:\actions-runner\_work\xpco\xpco\installerframework\videoos.installer.manager.unittests\bin\debug\videoos.installer.manager.unittests.dll" id="1d795d06-c7d4-c538-9eda-aa033b5adeb4">
      <Execution id="a0965309-3075-4972-90fa-52803975c899" />
      <TestMethod codeBase="D:\actions-runner\_work\XPCO\XPCO\InstallerFramework\VideoOS.Installer.Manager.UnitTests\bin\Debug\VideoOS.Installer.Manager.UnitTests.dll" adapterTypeName="executor://mstestadapter/v1" className="VideoOS.Installer.Manager.UnitTests.InstallerManagerUnitTest" name="InstallerManager_DoPrepareFinalizeOnClose_DoCreateStartup_WhenHardwareManufactureModeFinishes" />
    </UnitTest>
    <UnitTest name="PrepareInstallation_ShouldFail_WhenLoadingHardwareManufacturerInfoFails" storage="d:\actions-runner\_work\xpco\xpco\installerframework\videoos.installer.manager.unittests\bin\debug\videoos.installer.manager.unittests.dll" id="ded2c89a-b62a-9aa3-e298-47558403d996">
      <Execution id="3283c83c-d126-462b-adbc-ee87e17c3ad8" />
      <TestMethod codeBase="D:\actions-runner\_work\XPCO\XPCO\InstallerFramework\VideoOS.Installer.Manager.UnitTests\bin\Debug\VideoOS.Installer.Manager.UnitTests.dll" adapterTypeName="executor://mstestadapter/v1" className="VideoOS.Installer.Manager.UnitTests.InstallerManagerUnitTest" name="PrepareInstallation_ShouldFail_WhenLoadingHardwareManufacturerInfoFails" />
    </UnitTest>
    <UnitTest name="InstallerManager_CreateUpdateSoftwareEntryAndDeleteOldFolders" storage="d:\actions-runner\_work\xpco\xpco\installerframework\videoos.installer.manager.unittests\bin\debug\videoos.installer.manager.unittests.dll" id="05ac2499-8e13-dad7-8e7d-c5c9df9931a2">
      <Execution id="d4ff6665-2f75-4056-8fb8-9643be51c9ff" />
      <TestMethod codeBase="D:\actions-runner\_work\XPCO\XPCO\InstallerFramework\VideoOS.Installer.Manager.UnitTests\bin\Debug\VideoOS.Installer.Manager.UnitTests.dll" adapterTypeName="executor://mstestadapter/v1" className="VideoOS.Installer.Manager.UnitTests.InstallerManagerUnitTest" name="InstallerManager_CreateUpdateSoftwareEntryAndDeleteOldFolders" />
    </UnitTest>
    <UnitTest name="SubscriptionBypassFilter_ShouldNotFailWhenNoConditionsDefined" storage="d:\actions-runner\_work\xpco\xpco\installerframework\videoos.installer.manager.unittests\bin\debug\videoos.installer.manager.unittests.dll" id="f7b9ccd8-71a2-9239-2fa1-12c739667520">
      <Execution id="611b0d10-c36d-4085-ad00-6037097db06d" />
      <TestMethod codeBase="D:\actions-runner\_work\XPCO\XPCO\InstallerFramework\VideoOS.Installer.Manager.UnitTests\bin\Debug\VideoOS.Installer.Manager.UnitTests.dll" adapterTypeName="executor://mstestadapter/v1" className="VideoOS.Installer.Manager.UnitTests.SubscriptionBypassFilterUnitTest" name="SubscriptionBypassFilter_ShouldNotFailWhenNoConditionsDefined" />
    </UnitTest>
    <UnitTest name="InstallerManager_DoPrepareFinalizeOnClose_DoNotDoCreateStartup_WhenHardwareManufactureModeFinishes" storage="d:\actions-runner\_work\xpco\xpco\installerframework\videoos.installer.manager.unittests\bin\debug\videoos.installer.manager.unittests.dll" id="be2d94bd-7351-c472-46f2-2a3782e029fb">
      <Execution id="aacbebad-ff0f-4004-b129-45fdcd2d9785" />
      <TestMethod codeBase="D:\actions-runner\_work\XPCO\XPCO\InstallerFramework\VideoOS.Installer.Manager.UnitTests\bin\Debug\VideoOS.Installer.Manager.UnitTests.dll" adapterTypeName="executor://mstestadapter/v1" className="VideoOS.Installer.Manager.UnitTests.InstallerManagerUnitTest" name="InstallerManager_DoPrepareFinalizeOnClose_DoNotDoCreateStartup_WhenHardwareManufactureModeFinishes" />
    </UnitTest>
    <UnitTest name="Given_ParametersContainsUnsecureAndSecureMs_When_Initialize_Then_AddressesAreSetInDataModel" storage="d:\actions-runner\_work\xpco\xpco\installerframework\videoos.installer.manager.unittests\bin\debug\videoos.installer.manager.unittests.dll" id="8b6b1c2f-13e1-78de-ccd1-7ceaa782bfd5">
      <Execution id="6cd730a2-2e24-4bfc-b2c4-7a4497160ec2" />
      <TestMethod codeBase="D:\actions-runner\_work\XPCO\XPCO\InstallerFramework\VideoOS.Installer.Manager.UnitTests\bin\Debug\VideoOS.Installer.Manager.UnitTests.dll" adapterTypeName="executor://mstestadapter/v1" className="VideoOS.Installer.Manager.UnitTests.CertificateModelInitializerTest" name="Given_ParametersContainsUnsecureAndSecureMs_When_Initialize_Then_AddressesAreSetInDataModel" />
    </UnitTest>
    <UnitTest name="InstallerManager_CollectParametersAndValues_ExpandEvironmantVariables" storage="d:\actions-runner\_work\xpco\xpco\installerframework\videoos.installer.manager.unittests\bin\debug\videoos.installer.manager.unittests.dll" id="d015c9f4-03ea-c911-c93b-c61170552ff4">
      <Execution id="4dfd0f18-63e1-4ac2-999d-86b719299a47" />
      <TestMethod codeBase="D:\actions-runner\_work\XPCO\XPCO\InstallerFramework\VideoOS.Installer.Manager.UnitTests\bin\Debug\VideoOS.Installer.Manager.UnitTests.dll" adapterTypeName="executor://mstestadapter/v1" className="VideoOS.Installer.Manager.UnitTests.InstallerManagerUnitTest" name="InstallerManager_CollectParametersAndValues_ExpandEvironmantVariables" />
    </UnitTest>
    <UnitTest name="InstallerManager_CreatePublisherEntry" storage="d:\actions-runner\_work\xpco\xpco\installerframework\videoos.installer.manager.unittests\bin\debug\videoos.installer.manager.unittests.dll" id="1f110d66-a369-a893-b902-9457e145e83b">
      <Execution id="060c5a16-df43-45f7-9910-afe485a87eda" />
      <TestMethod codeBase="D:\actions-runner\_work\XPCO\XPCO\InstallerFramework\VideoOS.Installer.Manager.UnitTests\bin\Debug\VideoOS.Installer.Manager.UnitTests.dll" adapterTypeName="executor://mstestadapter/v1" className="VideoOS.Installer.Manager.UnitTests.InstallerManagerUnitTest" name="InstallerManager_CreatePublisherEntry" />
    </UnitTest>
    <UnitTest name="LoadSubscriptionPlugins_ShouldFail_IfSubscriptionIdsAreNotUnique" storage="d:\actions-runner\_work\xpco\xpco\installerframework\videoos.installer.manager.unittests\bin\debug\videoos.installer.manager.unittests.dll" id="0d30e7c8-dbd6-7deb-b043-ba0cdaafd565">
      <Execution id="ee2da881-de87-45fd-9288-3a3c7bb636b4" />
      <TestMethod codeBase="D:\actions-runner\_work\XPCO\XPCO\InstallerFramework\VideoOS.Installer.Manager.UnitTests\bin\Debug\VideoOS.Installer.Manager.UnitTests.dll" adapterTypeName="executor://mstestadapter/v1" className="VideoOS.Installer.Manager.UnitTests.PluginLoaderUnitTest" name="LoadSubscriptionPlugins_ShouldFail_IfSubscriptionIdsAreNotUnique" />
    </UnitTest>
    <UnitTest name="InstallerManager_RunCheckLicense_WithProductKeyAndDisplayName" storage="d:\actions-runner\_work\xpco\xpco\installerframework\videoos.installer.manager.unittests\bin\debug\videoos.installer.manager.unittests.dll" id="8e1bbec5-10b8-44f9-d87b-a8966ec8ffd9">
      <Execution id="819e8e1a-7543-4e49-85ba-5e7498aa21fc" />
      <TestMethod codeBase="D:\actions-runner\_work\XPCO\XPCO\InstallerFramework\VideoOS.Installer.Manager.UnitTests\bin\Debug\VideoOS.Installer.Manager.UnitTests.dll" adapterTypeName="executor://mstestadapter/v1" className="VideoOS.Installer.Manager.UnitTests.InstallerManagerUnitTest" name="InstallerManager_RunCheckLicense_WithProductKeyAndDisplayName" />
    </UnitTest>
  </TestDefinitions>
  <TestEntries>
    <TestEntry testId="2d33a752-c4a2-d97d-558a-e6ea8edee9f9" executionId="65966642-dc54-4a55-ba5e-5310019d4266" testListId="8c84fa94-04c1-424b-9868-57a2d4851a1d" />
    <TestEntry testId="af4e06bb-8a3d-f42a-3895-df7f6d5c95d6" executionId="ac08a625-acfa-4a88-a138-934db78a6a43" testListId="8c84fa94-04c1-424b-9868-57a2d4851a1d" />
    <TestEntry testId="ded2c89a-b62a-9aa3-e298-47558403d996" executionId="3283c83c-d126-462b-adbc-ee87e17c3ad8" testListId="8c84fa94-04c1-424b-9868-57a2d4851a1d" />
    <TestEntry testId="0d30e7c8-dbd6-7deb-b043-ba0cdaafd565" executionId="ee2da881-de87-45fd-9288-3a3c7bb636b4" testListId="8c84fa94-04c1-424b-9868-57a2d4851a1d" />
    <TestEntry testId="849f8aad-74e3-7b94-0fe0-78e1198cd9ef" executionId="db926fcc-c558-48f5-ab96-95f0bb337078" testListId="8c84fa94-04c1-424b-9868-57a2d4851a1d" />
    <TestEntry testId="57828b07-798a-efe7-8f42-6b2b4ca0f0d9" executionId="37470cb5-08ae-494c-85c6-5b82a77acf33" testListId="8c84fa94-04c1-424b-9868-57a2d4851a1d" />
    <TestEntry testId="d55203cc-985c-697d-07a9-c985f4ce9a2e" executionId="41fa4540-bfca-4ecb-9a99-5de60452e147" testListId="8c84fa94-04c1-424b-9868-57a2d4851a1d" />
    <TestEntry testId="17310292-782a-1f44-a41f-bb05b264a0d7" executionId="232901eb-2ec9-4f30-8793-8c791246e423" testListId="8c84fa94-04c1-424b-9868-57a2d4851a1d" />
    <TestEntry testId="95add604-4160-bdd0-cb0f-51a06b900ad8" executionId="7de4b6c2-4e7d-4784-aa3b-d8b631512779" testListId="8c84fa94-04c1-424b-9868-57a2d4851a1d" />
    <TestEntry testId="156ccb03-318d-3d19-b8f0-74bf26eb28eb" executionId="d820008d-f293-4a80-ba48-f3d582040e75" testListId="8c84fa94-04c1-424b-9868-57a2d4851a1d" />
    <TestEntry testId="ab3a4a0f-1b9c-faa7-9a70-c0e4767f991f" executionId="a8ec60db-3503-4577-8a37-fd43eb897a98" testListId="8c84fa94-04c1-424b-9868-57a2d4851a1d" />
    <TestEntry testId="be2d94bd-7351-c472-46f2-2a3782e029fb" executionId="aacbebad-ff0f-4004-b129-45fdcd2d9785" testListId="8c84fa94-04c1-424b-9868-57a2d4851a1d" />
    <TestEntry testId="f7b9ccd8-71a2-9239-2fa1-12c739667520" executionId="611b0d10-c36d-4085-ad00-6037097db06d" testListId="8c84fa94-04c1-424b-9868-57a2d4851a1d" />
    <TestEntry testId="05ac2499-8e13-dad7-8e7d-c5c9df9931a2" executionId="d4ff6665-2f75-4056-8fb8-9643be51c9ff" testListId="8c84fa94-04c1-424b-9868-57a2d4851a1d" />
    <TestEntry testId="ed02d880-7fc9-615d-6a86-ace66056d62b" executionId="6e8ce0e3-ee55-4d3c-b6e9-bc64d7aa17d8" testListId="8c84fa94-04c1-424b-9868-57a2d4851a1d" />
    <TestEntry testId="ca1e6709-8ac7-3fbc-9f8e-ddb40821affc" executionId="97d96588-4d39-41a6-a321-8d137ce9fc18" testListId="8c84fa94-04c1-424b-9868-57a2d4851a1d" />
    <TestEntry testId="869cd1eb-db5a-bebc-6d07-5406846c0ce5" executionId="c41fc8ab-776c-434b-9dcb-12591671a7c8" testListId="8c84fa94-04c1-424b-9868-57a2d4851a1d" />
    <TestEntry testId="bb0be2da-29db-0a52-6943-1adc55cb9fb8" executionId="80bc0bc1-8f16-4f12-9d64-1f1173b3dd39" testListId="8c84fa94-04c1-424b-9868-57a2d4851a1d" />
    <TestEntry testId="c3466fae-4509-bae6-9a4f-c859dfd06cf0" executionId="87973348-d5a0-4413-aa5e-bb236ebef235" testListId="8c84fa94-04c1-424b-9868-57a2d4851a1d" />
    <TestEntry testId="495ec9f3-0800-5263-a360-8439abe0cffd" executionId="792cc26c-64df-4280-a3d9-9df628d9cdb9" testListId="8c84fa94-04c1-424b-9868-57a2d4851a1d" />
    <TestEntry testId="dff5efb0-0c5b-c3d4-3ceb-e94122bed333" executionId="d3d08971-e3aa-47ee-9ec3-da73a5e97045" testListId="8c84fa94-04c1-424b-9868-57a2d4851a1d" />
    <TestEntry testId="9c30a61b-9e2f-8917-dc30-c7daa8670589" executionId="ec9a1a9b-c553-4094-9bb7-d252bb032eab" testListId="8c84fa94-04c1-424b-9868-57a2d4851a1d" />
    <TestEntry testId="d25150de-9575-f219-4fb9-35e7fd3539ef" executionId="f169cf9d-cd76-405c-a5f1-8f16fa65c4d2" testListId="8c84fa94-04c1-424b-9868-57a2d4851a1d" />
    <TestEntry testId="c3d52a63-f563-ad95-f38f-b7d1949cacf9" executionId="115a69c7-caba-455a-b3be-fee38d5254dd" testListId="8c84fa94-04c1-424b-9868-57a2d4851a1d" />
    <TestEntry testId="9e84eddd-2027-3a81-2517-c980c8d032fc" executionId="04777ba2-128d-4d33-951a-55f988baf638" testListId="8c84fa94-04c1-424b-9868-57a2d4851a1d" />
    <TestEntry testId="1f110d66-a369-a893-b902-9457e145e83b" executionId="060c5a16-df43-45f7-9910-afe485a87eda" testListId="8c84fa94-04c1-424b-9868-57a2d4851a1d" />
    <TestEntry testId="a3d9f23c-b5be-4bb3-6d42-e0a3ff37e3dc" executionId="4e77af96-5429-47d2-91d6-b133f79fcd5c" testListId="8c84fa94-04c1-424b-9868-57a2d4851a1d" />
    <TestEntry testId="a537f19a-1bb7-c144-dda4-e3248d0b7f73" executionId="02f90c33-6fc0-4c4e-8a43-17c5952907fb" testListId="8c84fa94-04c1-424b-9868-57a2d4851a1d" />
    <TestEntry testId="cbecc23f-ca1f-7aea-6176-ccac667d1a61" executionId="7d8ded84-f28a-4388-9595-b3b93db1fbac" testListId="8c84fa94-04c1-424b-9868-57a2d4851a1d" />
    <TestEntry testId="9abb00a7-1a9f-4dd4-c444-9493acd1d9f0" executionId="b086304b-3379-4894-905a-4abd2251138c" testListId="8c84fa94-04c1-424b-9868-57a2d4851a1d" />
    <TestEntry testId="416974ba-4294-baf2-7a86-75597b55bf8f" executionId="c9d6da4e-579e-46ea-90d0-8204d5103d59" testListId="8c84fa94-04c1-424b-9868-57a2d4851a1d" />
    <TestEntry testId="d015c9f4-03ea-c911-c93b-c61170552ff4" executionId="4dfd0f18-63e1-4ac2-999d-86b719299a47" testListId="8c84fa94-04c1-424b-9868-57a2d4851a1d" />
    <TestEntry testId="5d7aec64-c6b3-dd2d-8abf-86de73a8c3f2" executionId="d4d0e485-7d48-4b54-87f3-01f0250909e5" testListId="8c84fa94-04c1-424b-9868-57a2d4851a1d" />
    <TestEntry testId="ea8cf89c-1a61-71b8-b63d-481f5fcd674a" executionId="a1236681-0b98-4ee5-acb7-2a7f9aaf049b" testListId="8c84fa94-04c1-424b-9868-57a2d4851a1d" />
    <TestEntry testId="5cd35a4f-5261-acc6-6372-0b2336cd08ac" executionId="17798333-4ff8-49f0-99ff-92288ea1d264" testListId="8c84fa94-04c1-424b-9868-57a2d4851a1d" />
    <TestEntry testId="fd6046af-1f4c-f558-4ea6-fb216f97c820" executionId="fb4aceb4-0f8d-444a-863b-863527ccbc4b" testListId="8c84fa94-04c1-424b-9868-57a2d4851a1d" />
    <TestEntry testId="0d6717ef-e4de-733a-a19d-7e58150cd810" executionId="75ed5eb2-4418-487f-ac3f-737990e8a62b" testListId="8c84fa94-04c1-424b-9868-57a2d4851a1d" />
    <TestEntry testId="afcc2065-301a-dc0e-f2c3-06c1cc3c9a9e" executionId="ff137e80-765c-4ab2-ade9-c69718186d35" testListId="8c84fa94-04c1-424b-9868-57a2d4851a1d" />
    <TestEntry testId="a9cd81f7-356d-a19a-42fe-b562940a5280" executionId="b22e9119-6cd0-4ee6-b2e2-5e67696e39d3" testListId="8c84fa94-04c1-424b-9868-57a2d4851a1d" />
    <TestEntry testId="1d795d06-c7d4-c538-9eda-aa033b5adeb4" executionId="a0965309-3075-4972-90fa-52803975c899" testListId="8c84fa94-04c1-424b-9868-57a2d4851a1d" />
    <TestEntry testId="53fcbbbb-399a-2acc-ec04-eb6dc1b3fcef" executionId="7541eaf3-be58-4df5-9537-c9eae19e4f6c" testListId="8c84fa94-04c1-424b-9868-57a2d4851a1d" />
    <TestEntry testId="196694f8-4524-f06e-ed06-c17d53be8e34" executionId="b6d68c56-0f9f-4335-9a3a-3116086a07cb" testListId="8c84fa94-04c1-424b-9868-57a2d4851a1d" />
    <TestEntry testId="13040bdc-b750-cea2-f836-86fde27723d4" executionId="12b3e967-d6e6-43b9-9f21-30185d9d8256" testListId="8c84fa94-04c1-424b-9868-57a2d4851a1d" />
    <TestEntry testId="0d01e442-3432-82c3-b6f2-f94b458f7416" executionId="c8217e35-fa18-4cf4-accc-7774b7f5a870" testListId="8c84fa94-04c1-424b-9868-57a2d4851a1d" />
    <TestEntry testId="8e1bbec5-10b8-44f9-d87b-a8966ec8ffd9" executionId="819e8e1a-7543-4e49-85ba-5e7498aa21fc" testListId="8c84fa94-04c1-424b-9868-57a2d4851a1d" />
    <TestEntry testId="e0f8c160-af9c-0ad8-7e36-4adfe33b811e" executionId="0df29798-dfd6-4724-812f-5de84c2ea200" testListId="8c84fa94-04c1-424b-9868-57a2d4851a1d" />
    <TestEntry testId="b34319b5-322e-e713-8223-d7fea149edab" executionId="85c7c252-cb27-4576-bc34-105264d2293a" testListId="8c84fa94-04c1-424b-9868-57a2d4851a1d" />
    <TestEntry testId="b155d23a-fcc6-0354-438c-623c87bc89b0" executionId="22fc046f-256a-4d95-a619-20d1d9abae97" testListId="8c84fa94-04c1-424b-9868-57a2d4851a1d" />
    <TestEntry testId="1a638ee1-24c4-da18-4aa7-44d47aee78c3" executionId="3cd5e416-ad4c-40a7-862e-b52544eac28e" testListId="8c84fa94-04c1-424b-9868-57a2d4851a1d" />
    <TestEntry testId="16f11343-3606-e124-804b-dae5a010435c" executionId="89506daa-945d-4e16-b207-49c7a2f6e699" testListId="8c84fa94-04c1-424b-9868-57a2d4851a1d" />
    <TestEntry testId="300e3c22-372c-9366-7d20-a6374ece97d9" executionId="d701fa2a-78b1-46bc-bdfe-a3769ccc389d" testListId="8c84fa94-04c1-424b-9868-57a2d4851a1d" />
    <TestEntry testId="4b480d4b-fcbb-5987-0d48-e2a7145be0d5" executionId="7e13d40c-09b8-4513-a4f7-1c8f727ac4e5" testListId="8c84fa94-04c1-424b-9868-57a2d4851a1d" />
    <TestEntry testId="ef9f071c-6e2d-1671-91b5-7c1705fdb802" executionId="da66f779-71fe-4638-9463-e041f5f94986" testListId="8c84fa94-04c1-424b-9868-57a2d4851a1d" />
    <TestEntry testId="bbda981f-ade2-e8c3-39a9-b616430e6271" executionId="0a719aa7-dda7-45c4-a2f4-12400deadd9a" testListId="8c84fa94-04c1-424b-9868-57a2d4851a1d" />
    <TestEntry testId="042ca1f7-be63-fb46-b43d-965365f41214" executionId="eb0061a9-e1a3-43c5-b290-fccf0507566d" testListId="8c84fa94-04c1-424b-9868-57a2d4851a1d" />
    <TestEntry testId="8b6b1c2f-13e1-78de-ccd1-7ceaa782bfd5" executionId="6cd730a2-2e24-4bfc-b2c4-7a4497160ec2" testListId="8c84fa94-04c1-424b-9868-57a2d4851a1d" />
    <TestEntry testId="d1982d86-2cda-6e12-e925-d6194a5896f7" executionId="916787a2-b182-4fd3-bdc8-0ead062e2f16" testListId="8c84fa94-04c1-424b-9868-57a2d4851a1d" />
    <TestEntry testId="6f057b52-a4ef-1941-b314-67a9361be640" executionId="d55f5ee2-d1fc-4fc8-930b-19a8f6ef1914" testListId="8c84fa94-04c1-424b-9868-57a2d4851a1d" />
    <TestEntry testId="8d9e392a-c343-676a-d3af-5186796fea05" executionId="641c556a-0a54-4483-a389-22098a68e96c" testListId="8c84fa94-04c1-424b-9868-57a2d4851a1d" />
    <TestEntry testId="f7dba121-2c59-69cf-c5ee-6da61dedfd50" executionId="f902dc0f-25ae-4a4e-b326-016b461ae289" testListId="8c84fa94-04c1-424b-9868-57a2d4851a1d" />
    <TestEntry testId="794397c5-acd4-a276-2cbf-50f997d2709b" executionId="5f8e1a57-bc1e-47ca-8a95-6a8f19a4973b" testListId="8c84fa94-04c1-424b-9868-57a2d4851a1d" />
    <TestEntry testId="ab65de86-73a8-32d4-25b9-9e244ac60634" executionId="9d615564-061b-4730-b01e-009522218f8b" testListId="8c84fa94-04c1-424b-9868-57a2d4851a1d" />
    <TestEntry testId="1ebc1254-f9d9-7fd8-2058-770cb04bda04" executionId="3d6013ae-99de-440c-ba02-3d2ce09db65d" testListId="8c84fa94-04c1-424b-9868-57a2d4851a1d" />
  </TestEntries>
  <TestLists>
    <TestList name="Results Not in a List" id="8c84fa94-04c1-424b-9868-57a2d4851a1d" />
    <TestList name="All Loaded Results" id="19431567-8539-422a-85d7-44ee4e166bda" />
  </TestLists>
  <ResultSummary outcome="Completed">
    <Counters total="63" executed="57" passed="57" failed="0" error="0" timeout="0" aborted="0" inconclusive="0" passedButRunAborted="0" notRunnable="0" notExecuted="0" disconnected="0" warning="0" completed="0" inProgress="0" pending="0" />
    <Output>
      <StdOut>Test 'InstallerManager_CreatePublisherEntry' was skipped in the test run.&#xD;
Test 'InstallerManager_CreateUpdateSoftwareEntryAndDeleteOldFolders' was skipped in the test run.&#xD;
Test 'InstallerManager_RunCheckLicense_FromLinceseCustomization' was skipped in the test run.&#xD;
Test 'InstallerManager_OSInformationReader_ShouldReturnOSInformation' was skipped in the test run.&#xD;
Test 'CreateInstallerConfigStringWithSubscriptions' was skipped in the test run.&#xD;
Test 'CreateInstallerConfigStringWithSubscriptions' was skipped in the test run.&#xD;
</StdOut>
    </Output>
  </ResultSummary>
</TestRun>