<?xml version="1.0" encoding="utf-8"?>
<TestRun id="7e4dc6fb-9b5e-4869-b955-695f8a99cde3" name="DKSR-EFI-04$@DKSR-EFI-04 2023-12-22 09:34:47" runUser="NT AUTHORITY\NETWORK SERVICE" xmlns="http://microsoft.com/schemas/VisualStudio/TeamTest/2010">
  <Times creation="2023-12-22T09:34:47.9910016+01:00" queuing="2023-12-22T09:34:47.9910016+01:00" start="2023-12-22T09:34:38.4440768+01:00" finish="2023-12-22T09:34:49.5535089+01:00" />
  <TestSettings name="default" id="68d0ac66-5a96-46d7-8275-3e42d070ee49">
    <Deployment runDeploymentRoot="DKSR-EFI-04$_DKSR-EFI-04_2023-12-22_09_34_47" />
  </TestSettings>
  <Results>
    <UnitTestResult executionId="836a681b-d01c-489b-a258-0a4fc03134f1" testId="f415170a-fd98-821f-90b3-f3732685e8e7" testName="Given_AModelRepsositoryExistWithOneRegisteredImplementationOfAnInterface_When_RegisteringTheSameImplementationAgain_Then_AnExceptionIsThrownAndTheErrorIsLogged" computerName="DKSR-EFI-04" duration="00:00:00.0017879" startTime="2023-12-22T09:34:49.1316326+01:00" endTime="2023-12-22T09:34:49.1472559+01:00" testType="13cdc9d9-ddb5-4fa4-a97d-d965ccfc6d4b" outcome="Passed" testListId="8c84fa94-04c1-424b-9868-57a2d4851a1d" relativeResultsDirectory="836a681b-d01c-489b-a258-0a4fc03134f1" />
    <UnitTestResult executionId="f3daf9e2-7856-4cbb-a858-88bb638cea9f" testId="1af8ea80-c592-1d2d-76ab-e4a6d322aa1d" testName="LoadFromFile_ShouldFail_WhenXmlIsInvalid" computerName="DKSR-EFI-04" duration="00:00:00.0029744" startTime="2023-12-22T09:34:48.6160046+01:00" endTime="2023-12-22T09:34:48.6316294+01:00" testType="13cdc9d9-ddb5-4fa4-a97d-d965ccfc6d4b" outcome="Passed" testListId="8c84fa94-04c1-424b-9868-57a2d4851a1d" relativeResultsDirectory="f3daf9e2-7856-4cbb-a858-88bb638cea9f" />
    <UnitTestResult executionId="4514aacc-b540-4b98-8c63-9af77a3d2665" testId="1f54dcdc-dd00-4f5f-c4e7-fd7699610643" testName="Given_AModelRepsositoryWithARegisteredInterfaceImplementationPreparedForReboot_When_GettingTheInterfaceImplementation_Then_AnExceptionIsThrownAndTheErrorIsLogged" computerName="DKSR-EFI-04" duration="00:00:00.0020487" startTime="2023-12-22T09:34:49.1472559+01:00" endTime="2023-12-22T09:34:49.1472559+01:00" testType="13cdc9d9-ddb5-4fa4-a97d-d965ccfc6d4b" outcome="Passed" testListId="8c84fa94-04c1-424b-9868-57a2d4851a1d" relativeResultsDirectory="4514aacc-b540-4b98-8c63-9af77a3d2665" />
    <UnitTestResult executionId="6fc6a262-1316-49ff-9acc-4c1652dd3ba4" testId="d518fc8c-ea58-a049-a9e9-4aa4bd325374" testName="Given_AModelRepsositoryWithAMultipleModelsSomeWithCQRS_When_PrepareForRebootAndResumeFromRebootIsCalled_Then_AllModelContainersAndModelsAreRestored" computerName="DKSR-EFI-04" duration="00:00:00.0010983" startTime="2023-12-22T09:34:49.0066307+01:00" endTime="2023-12-22T09:34:49.0066307+01:00" testType="13cdc9d9-ddb5-4fa4-a97d-d965ccfc6d4b" outcome="Passed" testListId="8c84fa94-04c1-424b-9868-57a2d4851a1d" relativeResultsDirectory="6fc6a262-1316-49ff-9acc-4c1652dd3ba4" />
    <UnitTestResult executionId="ef8f2d1d-37a2-4b7e-ad15-2001e09722a6" testId="fbb3f168-e4bd-d4af-5619-92b1f6767a24" testName="InstallerConfig_VerifyWinVersionsToExclude" computerName="DKSR-EFI-04" duration="00:00:00.4304923" startTime="2023-12-22T09:34:48.1003765+01:00" endTime="2023-12-22T09:34:48.5222543+01:00" testType="13cdc9d9-ddb5-4fa4-a97d-d965ccfc6d4b" outcome="Passed" testListId="8c84fa94-04c1-424b-9868-57a2d4851a1d" relativeResultsDirectory="ef8f2d1d-37a2-4b7e-ad15-2001e09722a6" />
    <UnitTestResult executionId="b97cd699-8b5a-41d5-8922-cdaf3e566271" testId="1a8a16ff-8af6-8710-25f0-f50a5fad375f" testName="LoadFromFile_ShouldFail_WhenNameIsEmpty" computerName="DKSR-EFI-04" duration="00:00:00.0015612" startTime="2023-12-22T09:34:48.6003807+01:00" endTime="2023-12-22T09:34:48.6003807+01:00" testType="13cdc9d9-ddb5-4fa4-a97d-d965ccfc6d4b" outcome="Passed" testListId="8c84fa94-04c1-424b-9868-57a2d4851a1d" relativeResultsDirectory="b97cd699-8b5a-41d5-8922-cdaf3e566271" />
    <UnitTestResult executionId="aebb09ee-7b59-4bd1-8dc5-4cfce7c273e1" testId="8df875c3-8527-7ff3-e3d8-1389b76937db" testName="LoadFromFile_ShouldFail_WhenSkuIsEmpty" computerName="DKSR-EFI-04" duration="00:00:00.0026008" startTime="2023-12-22T09:34:48.6160046+01:00" endTime="2023-12-22T09:34:48.6160046+01:00" testType="13cdc9d9-ddb5-4fa4-a97d-d965ccfc6d4b" outcome="Passed" testListId="8c84fa94-04c1-424b-9868-57a2d4851a1d" relativeResultsDirectory="aebb09ee-7b59-4bd1-8dc5-4cfce7c273e1" />
    <UnitTestResult executionId="50fa94f4-e247-463b-ae88-b2a75b473eb8" testId="4bc1cbb6-2141-997e-d0da-2da9751100fa" testName="Given_AModelRepsositoryExistd_When_AddingAMOdel_Then_ItIsPossibleToGetItsIntefaces" computerName="DKSR-EFI-04" duration="00:00:00.2615509" startTime="2023-12-22T09:34:48.6472571+01:00" endTime="2023-12-22T09:34:48.9128817+01:00" testType="13cdc9d9-ddb5-4fa4-a97d-d965ccfc6d4b" outcome="Passed" testListId="8c84fa94-04c1-424b-9868-57a2d4851a1d" relativeResultsDirectory="50fa94f4-e247-463b-ae88-b2a75b473eb8" />
    <UnitTestResult executionId="46ce77f3-bc21-41ad-bdae-bf3761e65c99" testId="c77275d4-c694-b493-3951-f8e5cb9328ce" testName="LoadFromFile_ShouldFail_WhenGuidIsEmpty" computerName="DKSR-EFI-04" duration="00:00:00.0018520" startTime="2023-12-22T09:34:48.5847565+01:00" endTime="2023-12-22T09:34:48.5847565+01:00" testType="13cdc9d9-ddb5-4fa4-a97d-d965ccfc6d4b" outcome="Passed" testListId="8c84fa94-04c1-424b-9868-57a2d4851a1d" relativeResultsDirectory="46ce77f3-bc21-41ad-bdae-bf3761e65c99" />
    <UnitTestResult executionId="8cd5b9a0-a196-4081-a5bd-c9023a71ef64" testId="24051016-72f6-2e0f-159b-4a909b813d11" testName="Given_AModelRepsositoryWithAModelContainer_When_PrepareForRebootAndResumeFromRebootIsCalled_Then_TheModelContainerIsRestored" computerName="DKSR-EFI-04" duration="00:00:00.0589032" startTime="2023-12-22T09:34:48.9128817+01:00" endTime="2023-12-22T09:34:48.9753816+01:00" testType="13cdc9d9-ddb5-4fa4-a97d-d965ccfc6d4b" outcome="Passed" testListId="8c84fa94-04c1-424b-9868-57a2d4851a1d" relativeResultsDirectory="8cd5b9a0-a196-4081-a5bd-c9023a71ef64" />
    <UnitTestResult executionId="570af613-3fe4-4fb0-9813-f50eb6879414" testId="d3f2f819-7177-1f18-c6e0-2ebc1b84613a" testName="LoadFromRegistry_ShouldReturnNull_WhenRegistryDoesNotContainManufacturerInfo" computerName="DKSR-EFI-04" duration="00:00:00.0008654" startTime="2023-12-22T09:34:48.6472571+01:00" endTime="2023-12-22T09:34:48.6472571+01:00" testType="13cdc9d9-ddb5-4fa4-a97d-d965ccfc6d4b" outcome="Passed" testListId="8c84fa94-04c1-424b-9868-57a2d4851a1d" relativeResultsDirectory="570af613-3fe4-4fb0-9813-f50eb6879414" />
    <UnitTestResult executionId="34e3956e-55f8-442a-a50a-c8cb9d42d576" testId="ca6f6ba9-238f-57e8-cf5f-2ab0e196b187" testName="LoadFromRegistry_ShouldReturnInfo_WhenSavedToRegitryWasCalled" computerName="DKSR-EFI-04" startTime="2023-12-22T09:34:48.6472571+01:00" endTime="2023-12-22T09:34:48.6472571+01:00" testType="13cdc9d9-ddb5-4fa4-a97d-d965ccfc6d4b" outcome="NotExecuted" testListId="8c84fa94-04c1-424b-9868-57a2d4851a1d" relativeResultsDirectory="34e3956e-55f8-442a-a50a-c8cb9d42d576">
      <Output></Output>
    </UnitTestResult>
    <UnitTestResult executionId="0ea33652-b423-45b9-8823-56311d5ed059" testId="4691368a-e9e5-ed61-70d6-6180419aeff4" testName="Given_AModelRepsositoryExist_When_AddingAModelThatDoesNotRegisterAnyInterfaces_Then_AnExceptionIsThrownAndTheErrorIsLogged" computerName="DKSR-EFI-04" duration="00:00:00.0017340" startTime="2023-12-22T09:34:49.1472559+01:00" endTime="2023-12-22T09:34:49.1472559+01:00" testType="13cdc9d9-ddb5-4fa4-a97d-d965ccfc6d4b" outcome="Passed" testListId="8c84fa94-04c1-424b-9868-57a2d4851a1d" relativeResultsDirectory="0ea33652-b423-45b9-8823-56311d5ed059" />
    <UnitTestResult executionId="2d5cbae7-6b20-4952-859a-4fe3f1869596" testId="d8fcc8a4-0389-6200-d754-58da618a93e4" testName="Test_With_XmlFileInV1_When_InterpretingTheXml_Then_TheParametersAreCorrect" computerName="DKSR-EFI-04" duration="00:00:01.9891491" startTime="2023-12-22T09:34:45.3503637+01:00" endTime="2023-12-22T09:34:47.8660012+01:00" testType="13cdc9d9-ddb5-4fa4-a97d-d965ccfc6d4b" outcome="Passed" testListId="8c84fa94-04c1-424b-9868-57a2d4851a1d" relativeResultsDirectory="2d5cbae7-6b20-4952-859a-4fe3f1869596">
      <Output>
        <StdOut>Debug Trace:&#xD;
Loading C:\Windows\ServiceProfiles\NetworkService\AppData\Local\Temp\tmpDF29.tmp...</StdOut>
      </Output>
    </UnitTestResult>
    <UnitTestResult executionId="7e2fae9a-176b-4ac9-8d24-a7ba31ddacd8" testId="2df690d8-8d55-ebbc-57f1-e2ee0a2c9ced" testName="Given_AModelRepsositoryExistWithOneRegisteredImplementationOfAnInterface_When_AddingAnotherModelThatAlsoRegisteresForTheSameInterface_Then_AnExceptionIsThrownAndTheErrorIsLogged" computerName="DKSR-EFI-04" duration="00:00:00.0020065" startTime="2023-12-22T09:34:49.1316326+01:00" endTime="2023-12-22T09:34:49.1316326+01:00" testType="13cdc9d9-ddb5-4fa4-a97d-d965ccfc6d4b" outcome="Passed" testListId="8c84fa94-04c1-424b-9868-57a2d4851a1d" relativeResultsDirectory="7e2fae9a-176b-4ac9-8d24-a7ba31ddacd8" />
    <UnitTestResult executionId="773d1afa-e966-4671-b545-a972125461d0" testId="de6d6259-7bb4-ea3c-0ccd-6343cd2d96d9" testName="ApplyGlobalPrerequisites_NoError" computerName="DKSR-EFI-04" duration="00:00:00.0852462" startTime="2023-12-22T09:34:47.9910016+01:00" endTime="2023-12-22T09:34:48.0691251+01:00" testType="13cdc9d9-ddb5-4fa4-a97d-d965ccfc6d4b" outcome="Passed" testListId="8c84fa94-04c1-424b-9868-57a2d4851a1d" relativeResultsDirectory="773d1afa-e966-4671-b545-a972125461d0" />
    <UnitTestResult executionId="08901b3f-ac16-4d90-a0be-3f98aec4eb1e" testId="0c8b0b7e-ee2e-05ad-0460-af4ad0a50443" testName="LoadFromFile_ShouldFail_WhenNameContainsInvalidCharacters" computerName="DKSR-EFI-04" duration="00:00:00.0017664" startTime="2023-12-22T09:34:48.6003807+01:00" endTime="2023-12-22T09:34:48.6160046+01:00" testType="13cdc9d9-ddb5-4fa4-a97d-d965ccfc6d4b" outcome="Passed" testListId="8c84fa94-04c1-424b-9868-57a2d4851a1d" relativeResultsDirectory="08901b3f-ac16-4d90-a0be-3f98aec4eb1e" />
    <UnitTestResult executionId="ada66d42-d6cf-4e2b-a3af-f9e564864a68" testId="63352fc3-f3b5-95ce-56de-93c65ebf377c" testName="Given_AModelRepsositoryWithAModelContainer_When_ResumeFromRebootIsCalled_Then_AnExceptionIsThrownAndTheErrorIsLogged" computerName="DKSR-EFI-04" duration="00:00:00.0030063" startTime="2023-12-22T09:34:49.1628820+01:00" endTime="2023-12-22T09:34:49.1628820+01:00" testType="13cdc9d9-ddb5-4fa4-a97d-d965ccfc6d4b" outcome="Passed" testListId="8c84fa94-04c1-424b-9868-57a2d4851a1d" relativeResultsDirectory="ada66d42-d6cf-4e2b-a3af-f9e564864a68" />
    <UnitTestResult executionId="12acbe83-968f-4f9e-b26a-c4b0b5bfdc96" testId="8ffc3ff2-2cc6-4b2e-1d83-281093e60f7d" testName="LoadFromFile_ShouldSucceed_WhenXmlIsValid" computerName="DKSR-EFI-04" duration="00:00:00.0485486" startTime="2023-12-22T09:34:48.5222543+01:00" endTime="2023-12-22T09:34:48.5691290+01:00" testType="13cdc9d9-ddb5-4fa4-a97d-d965ccfc6d4b" outcome="Passed" testListId="8c84fa94-04c1-424b-9868-57a2d4851a1d" relativeResultsDirectory="12acbe83-968f-4f9e-b26a-c4b0b5bfdc96" />
    <UnitTestResult executionId="e30c7c1d-498c-4506-9d1d-755a18ede257" testId="d6031d17-9639-960d-68c0-3905950886ef" testName="Given_AModelRepsositoryWithAModelContainerWithACQRSModel_When_PrepareForRebootAndResumeFromRebootIsCalled_Then_TheModelContainerAndModelIsRestored" computerName="DKSR-EFI-04" duration="00:00:00.0151726" startTime="2023-12-22T09:34:48.9753816+01:00" endTime="2023-12-22T09:34:48.9910063+01:00" testType="13cdc9d9-ddb5-4fa4-a97d-d965ccfc6d4b" outcome="Passed" testListId="8c84fa94-04c1-424b-9868-57a2d4851a1d" relativeResultsDirectory="e30c7c1d-498c-4506-9d1d-755a18ede257" />
    <UnitTestResult executionId="1d6414a7-4613-48c3-b48f-77334e76b8a3" testId="7c54f3d1-dede-eb05-22da-81fbd111be04" testName="LoadFromFile_ShouldFail_WhenGuidIsInvalid" computerName="DKSR-EFI-04" duration="00:00:00.0067333" startTime="2023-12-22T09:34:48.5847565+01:00" endTime="2023-12-22T09:34:48.6003807+01:00" testType="13cdc9d9-ddb5-4fa4-a97d-d965ccfc6d4b" outcome="Passed" testListId="8c84fa94-04c1-424b-9868-57a2d4851a1d" relativeResultsDirectory="1d6414a7-4613-48c3-b48f-77334e76b8a3" />
    <UnitTestResult executionId="99dd7f6a-b0d1-438d-b072-9af1235c66cb" testId="0555b117-f85d-93ef-e19b-8bed4bf03f56" testName="LoadFromFile_ShouldFail_WhenSkuContainsInvalidCharacters" computerName="DKSR-EFI-04" duration="00:00:00.0015044" startTime="2023-12-22T09:34:48.6160046+01:00" endTime="2023-12-22T09:34:48.6160046+01:00" testType="13cdc9d9-ddb5-4fa4-a97d-d965ccfc6d4b" outcome="Passed" testListId="8c84fa94-04c1-424b-9868-57a2d4851a1d" relativeResultsDirectory="99dd7f6a-b0d1-438d-b072-9af1235c66cb" />
    <UnitTestResult executionId="aa956a66-2ff8-4347-9260-78def2ea8273" testId="e279c773-019a-3211-851f-5d059140519e" testName="ApplyGlobalPrerequisites_FileNotFoundException" computerName="DKSR-EFI-04" duration="00:00:00.0061673" startTime="2023-12-22T09:34:48.0847522+01:00" endTime="2023-12-22T09:34:48.0847522+01:00" testType="13cdc9d9-ddb5-4fa4-a97d-d965ccfc6d4b" outcome="Passed" testListId="8c84fa94-04c1-424b-9868-57a2d4851a1d" relativeResultsDirectory="aa956a66-2ff8-4347-9260-78def2ea8273">
      <Output>
        <StdOut>Debug Trace:&#xD;
Load of XML file failed: FileNotFoundException: Could not find file 'D:\actions-runner\_work\XPCO\XPCO\InstallerFramework\VideoOS.Installer.Configuration.UnitTests\bin\Debug\TestData\MyInstallerConfig.xml'..</StdOut>
      </Output>
    </UnitTestResult>
    <UnitTestResult executionId="14a01393-1b79-4ba4-982a-83c1cabf4338" testId="bf8e1142-2b45-9318-57a7-aa932f915b12" testName="Given_AModelRepsositoryIsPreparedForReboot_When_RegisteringAModelContainer_Then_AnExceptionIsThrownAndTheErrorIsLogged" computerName="DKSR-EFI-04" duration="00:00:00.0017987" startTime="2023-12-22T09:34:49.1472559+01:00" endTime="2023-12-22T09:34:49.1472559+01:00" testType="13cdc9d9-ddb5-4fa4-a97d-d965ccfc6d4b" outcome="Passed" testListId="8c84fa94-04c1-424b-9868-57a2d4851a1d" relativeResultsDirectory="14a01393-1b79-4ba4-982a-83c1cabf4338" />
    <UnitTestResult executionId="021bd535-359c-4461-bb79-b21b7b098381" testId="cc2e3293-34e3-696c-36f3-c9498cf2fd0c" testName="ApplyGlobalPrerequisites_InstalleConfigHasNoPrerequisites" computerName="DKSR-EFI-04" duration="00:00:00.0047020" startTime="2023-12-22T09:34:48.0847522+01:00" endTime="2023-12-22T09:34:48.0847522+01:00" testType="13cdc9d9-ddb5-4fa4-a97d-d965ccfc6d4b" outcome="Passed" testListId="8c84fa94-04c1-424b-9868-57a2d4851a1d" relativeResultsDirectory="021bd535-359c-4461-bb79-b21b7b098381" />
    <UnitTestResult executionId="34295710-0e89-485b-9de8-91b8dd1e38d2" testId="fa2d6ac8-f5cc-4ba5-5cc8-2fbbd3610c2e" testName="Given_AModelRepsositoryExist_When_AddingAModelThatDoesNotImplementTheInterfaceItClaims_Then_AnExceptionIsThrownAndTheErrorIsLogged" computerName="DKSR-EFI-04" duration="00:00:00.1243607" startTime="2023-12-22T09:34:49.0066307+01:00" endTime="2023-12-22T09:34:49.1316326+01:00" testType="13cdc9d9-ddb5-4fa4-a97d-d965ccfc6d4b" outcome="Passed" testListId="8c84fa94-04c1-424b-9868-57a2d4851a1d" relativeResultsDirectory="34295710-0e89-485b-9de8-91b8dd1e38d2" />
    <UnitTestResult executionId="dbe43565-c0cc-411c-bd0c-e81d3594dbed" testId="6ba4066a-375d-5fc7-da74-178f68b5af1e" testName="LoadFromFile_ShouldFail_WhenPathIsInvalid" computerName="DKSR-EFI-04" duration="00:00:00.0017754" startTime="2023-12-22T09:34:48.5847565+01:00" endTime="2023-12-22T09:34:48.5847565+01:00" testType="13cdc9d9-ddb5-4fa4-a97d-d965ccfc6d4b" outcome="Passed" testListId="8c84fa94-04c1-424b-9868-57a2d4851a1d" relativeResultsDirectory="dbe43565-c0cc-411c-bd0c-e81d3594dbed" />
  </Results>
  <TestDefinitions>
    <UnitTest name="Given_AModelRepsositoryExistd_When_AddingAMOdel_Then_ItIsPossibleToGetItsIntefaces" storage="d:\actions-runner\_work\xpco\xpco\installerframework\videoos.installer.configuration.unittests\bin\debug\videoos.installer.configuration.unittests.dll" id="4bc1cbb6-2141-997e-d0da-2da9751100fa">
      <Execution id="50fa94f4-e247-463b-ae88-b2a75b473eb8" />
      <TestMethod codeBase="D:\actions-runner\_work\XPCO\XPCO\InstallerFramework\VideoOS.Installer.Configuration.UnitTests\bin\Debug\VideoOS.Installer.Configuration.UnitTests.dll" adapterTypeName="executor://mstestadapter/v2" className="VideoOS.Installer.Configuration.UnitTests.ModelRepositoryUnitTest" name="Given_AModelRepsositoryExistd_When_AddingAMOdel_Then_ItIsPossibleToGetItsIntefaces" />
    </UnitTest>
    <UnitTest name="Given_AModelRepsositoryIsPreparedForReboot_When_RegisteringAModelContainer_Then_AnExceptionIsThrownAndTheErrorIsLogged" storage="d:\actions-runner\_work\xpco\xpco\installerframework\videoos.installer.configuration.unittests\bin\debug\videoos.installer.configuration.unittests.dll" id="bf8e1142-2b45-9318-57a7-aa932f915b12">
      <Execution id="14a01393-1b79-4ba4-982a-83c1cabf4338" />
      <TestMethod codeBase="D:\actions-runner\_work\XPCO\XPCO\InstallerFramework\VideoOS.Installer.Configuration.UnitTests\bin\Debug\VideoOS.Installer.Configuration.UnitTests.dll" adapterTypeName="executor://mstestadapter/v2" className="VideoOS.Installer.Configuration.UnitTests.ModelRepositoryUnitTest" name="Given_AModelRepsositoryIsPreparedForReboot_When_RegisteringAModelContainer_Then_AnExceptionIsThrownAndTheErrorIsLogged" />
    </UnitTest>
    <UnitTest name="LoadFromFile_ShouldFail_WhenGuidIsEmpty" storage="d:\actions-runner\_work\xpco\xpco\installerframework\videoos.installer.configuration.unittests\bin\debug\videoos.installer.configuration.unittests.dll" id="c77275d4-c694-b493-3951-f8e5cb9328ce">
      <Execution id="46ce77f3-bc21-41ad-bdae-bf3761e65c99" />
      <TestMethod codeBase="D:\actions-runner\_work\XPCO\XPCO\InstallerFramework\VideoOS.Installer.Configuration.UnitTests\bin\Debug\VideoOS.Installer.Configuration.UnitTests.dll" adapterTypeName="executor://mstestadapter/v2" className="VideoOS.Installer.Configuration.UnitTests.ManufacturerInfoTests" name="LoadFromFile_ShouldFail_WhenGuidIsEmpty" />
    </UnitTest>
    <UnitTest name="Given_AModelRepsositoryWithAModelContainer_When_ResumeFromRebootIsCalled_Then_AnExceptionIsThrownAndTheErrorIsLogged" storage="d:\actions-runner\_work\xpco\xpco\installerframework\videoos.installer.configuration.unittests\bin\debug\videoos.installer.configuration.unittests.dll" id="63352fc3-f3b5-95ce-56de-93c65ebf377c">
      <Execution id="ada66d42-d6cf-4e2b-a3af-f9e564864a68" />
      <TestMethod codeBase="D:\actions-runner\_work\XPCO\XPCO\InstallerFramework\VideoOS.Installer.Configuration.UnitTests\bin\Debug\VideoOS.Installer.Configuration.UnitTests.dll" adapterTypeName="executor://mstestadapter/v2" className="VideoOS.Installer.Configuration.UnitTests.ModelRepositoryUnitTest" name="Given_AModelRepsositoryWithAModelContainer_When_ResumeFromRebootIsCalled_Then_AnExceptionIsThrownAndTheErrorIsLogged" />
    </UnitTest>
    <UnitTest name="Given_AModelRepsositoryExistWithOneRegisteredImplementationOfAnInterface_When_AddingAnotherModelThatAlsoRegisteresForTheSameInterface_Then_AnExceptionIsThrownAndTheErrorIsLogged" storage="d:\actions-runner\_work\xpco\xpco\installerframework\videoos.installer.configuration.unittests\bin\debug\videoos.installer.configuration.unittests.dll" id="2df690d8-8d55-ebbc-57f1-e2ee0a2c9ced">
      <Execution id="7e2fae9a-176b-4ac9-8d24-a7ba31ddacd8" />
      <TestMethod codeBase="D:\actions-runner\_work\XPCO\XPCO\InstallerFramework\VideoOS.Installer.Configuration.UnitTests\bin\Debug\VideoOS.Installer.Configuration.UnitTests.dll" adapterTypeName="executor://mstestadapter/v2" className="VideoOS.Installer.Configuration.UnitTests.ModelRepositoryUnitTest" name="Given_AModelRepsositoryExistWithOneRegisteredImplementationOfAnInterface_When_AddingAnotherModelThatAlsoRegisteresForTheSameInterface_Then_AnExceptionIsThrownAndTheErrorIsLogged" />
    </UnitTest>
    <UnitTest name="Given_AModelRepsositoryWithAModelContainer_When_PrepareForRebootAndResumeFromRebootIsCalled_Then_TheModelContainerIsRestored" storage="d:\actions-runner\_work\xpco\xpco\installerframework\videoos.installer.configuration.unittests\bin\debug\videoos.installer.configuration.unittests.dll" id="24051016-72f6-2e0f-159b-4a909b813d11">
      <Execution id="8cd5b9a0-a196-4081-a5bd-c9023a71ef64" />
      <TestMethod codeBase="D:\actions-runner\_work\XPCO\XPCO\InstallerFramework\VideoOS.Installer.Configuration.UnitTests\bin\Debug\VideoOS.Installer.Configuration.UnitTests.dll" adapterTypeName="executor://mstestadapter/v2" className="VideoOS.Installer.Configuration.UnitTests.ModelRepositoryUnitTest" name="Given_AModelRepsositoryWithAModelContainer_When_PrepareForRebootAndResumeFromRebootIsCalled_Then_TheModelContainerIsRestored" />
    </UnitTest>
    <UnitTest name="Given_AModelRepsositoryWithAMultipleModelsSomeWithCQRS_When_PrepareForRebootAndResumeFromRebootIsCalled_Then_AllModelContainersAndModelsAreRestored" storage="d:\actions-runner\_work\xpco\xpco\installerframework\videoos.installer.configuration.unittests\bin\debug\videoos.installer.configuration.unittests.dll" id="d518fc8c-ea58-a049-a9e9-4aa4bd325374">
      <Execution id="6fc6a262-1316-49ff-9acc-4c1652dd3ba4" />
      <TestMethod codeBase="D:\actions-runner\_work\XPCO\XPCO\InstallerFramework\VideoOS.Installer.Configuration.UnitTests\bin\Debug\VideoOS.Installer.Configuration.UnitTests.dll" adapterTypeName="executor://mstestadapter/v2" className="VideoOS.Installer.Configuration.UnitTests.ModelRepositoryUnitTest" name="Given_AModelRepsositoryWithAMultipleModelsSomeWithCQRS_When_PrepareForRebootAndResumeFromRebootIsCalled_Then_AllModelContainersAndModelsAreRestored" />
    </UnitTest>
    <UnitTest name="ApplyGlobalPrerequisites_InstalleConfigHasNoPrerequisites" storage="d:\actions-runner\_work\xpco\xpco\installerframework\videoos.installer.configuration.unittests\bin\debug\videoos.installer.configuration.unittests.dll" id="cc2e3293-34e3-696c-36f3-c9498cf2fd0c">
      <Execution id="021bd535-359c-4461-bb79-b21b7b098381" />
      <TestMethod codeBase="D:\actions-runner\_work\XPCO\XPCO\InstallerFramework\VideoOS.Installer.Configuration.UnitTests\bin\Debug\VideoOS.Installer.Configuration.UnitTests.dll" adapterTypeName="executor://mstestadapter/v2" className="VideoOS.Installer.Configuration.UnitTests.GlobalPrerequisitesUnitTest" name="ApplyGlobalPrerequisites_InstalleConfigHasNoPrerequisites" />
    </UnitTest>
    <UnitTest name="Given_AModelRepsositoryWithARegisteredInterfaceImplementationPreparedForReboot_When_GettingTheInterfaceImplementation_Then_AnExceptionIsThrownAndTheErrorIsLogged" storage="d:\actions-runner\_work\xpco\xpco\installerframework\videoos.installer.configuration.unittests\bin\debug\videoos.installer.configuration.unittests.dll" id="1f54dcdc-dd00-4f5f-c4e7-fd7699610643">
      <Execution id="4514aacc-b540-4b98-8c63-9af77a3d2665" />
      <TestMethod codeBase="D:\actions-runner\_work\XPCO\XPCO\InstallerFramework\VideoOS.Installer.Configuration.UnitTests\bin\Debug\VideoOS.Installer.Configuration.UnitTests.dll" adapterTypeName="executor://mstestadapter/v2" className="VideoOS.Installer.Configuration.UnitTests.ModelRepositoryUnitTest" name="Given_AModelRepsositoryWithARegisteredInterfaceImplementationPreparedForReboot_When_GettingTheInterfaceImplementation_Then_AnExceptionIsThrownAndTheErrorIsLogged" />
    </UnitTest>
    <UnitTest name="LoadFromFile_ShouldFail_WhenNameIsEmpty" storage="d:\actions-runner\_work\xpco\xpco\installerframework\videoos.installer.configuration.unittests\bin\debug\videoos.installer.configuration.unittests.dll" id="1a8a16ff-8af6-8710-25f0-f50a5fad375f">
      <Execution id="b97cd699-8b5a-41d5-8922-cdaf3e566271" />
      <TestMethod codeBase="D:\actions-runner\_work\XPCO\XPCO\InstallerFramework\VideoOS.Installer.Configuration.UnitTests\bin\Debug\VideoOS.Installer.Configuration.UnitTests.dll" adapterTypeName="executor://mstestadapter/v2" className="VideoOS.Installer.Configuration.UnitTests.ManufacturerInfoTests" name="LoadFromFile_ShouldFail_WhenNameIsEmpty" />
    </UnitTest>
    <UnitTest name="Given_AModelRepsositoryExist_When_AddingAModelThatDoesNotImplementTheInterfaceItClaims_Then_AnExceptionIsThrownAndTheErrorIsLogged" storage="d:\actions-runner\_work\xpco\xpco\installerframework\videoos.installer.configuration.unittests\bin\debug\videoos.installer.configuration.unittests.dll" id="fa2d6ac8-f5cc-4ba5-5cc8-2fbbd3610c2e">
      <Execution id="34295710-0e89-485b-9de8-91b8dd1e38d2" />
      <TestMethod codeBase="D:\actions-runner\_work\XPCO\XPCO\InstallerFramework\VideoOS.Installer.Configuration.UnitTests\bin\Debug\VideoOS.Installer.Configuration.UnitTests.dll" adapterTypeName="executor://mstestadapter/v2" className="VideoOS.Installer.Configuration.UnitTests.ModelRepositoryUnitTest" name="Given_AModelRepsositoryExist_When_AddingAModelThatDoesNotImplementTheInterfaceItClaims_Then_AnExceptionIsThrownAndTheErrorIsLogged" />
    </UnitTest>
    <UnitTest name="LoadFromFile_ShouldFail_WhenSkuContainsInvalidCharacters" storage="d:\actions-runner\_work\xpco\xpco\installerframework\videoos.installer.configuration.unittests\bin\debug\videoos.installer.configuration.unittests.dll" id="0555b117-f85d-93ef-e19b-8bed4bf03f56">
      <Execution id="99dd7f6a-b0d1-438d-b072-9af1235c66cb" />
      <TestMethod codeBase="D:\actions-runner\_work\XPCO\XPCO\InstallerFramework\VideoOS.Installer.Configuration.UnitTests\bin\Debug\VideoOS.Installer.Configuration.UnitTests.dll" adapterTypeName="executor://mstestadapter/v2" className="VideoOS.Installer.Configuration.UnitTests.ManufacturerInfoTests" name="LoadFromFile_ShouldFail_WhenSkuContainsInvalidCharacters" />
    </UnitTest>
    <UnitTest name="LoadFromFile_ShouldFail_WhenNameContainsInvalidCharacters" storage="d:\actions-runner\_work\xpco\xpco\installerframework\videoos.installer.configuration.unittests\bin\debug\videoos.installer.configuration.unittests.dll" id="0c8b0b7e-ee2e-05ad-0460-af4ad0a50443">
      <Execution id="08901b3f-ac16-4d90-a0be-3f98aec4eb1e" />
      <TestMethod codeBase="D:\actions-runner\_work\XPCO\XPCO\InstallerFramework\VideoOS.Installer.Configuration.UnitTests\bin\Debug\VideoOS.Installer.Configuration.UnitTests.dll" adapterTypeName="executor://mstestadapter/v2" className="VideoOS.Installer.Configuration.UnitTests.ManufacturerInfoTests" name="LoadFromFile_ShouldFail_WhenNameContainsInvalidCharacters" />
    </UnitTest>
    <UnitTest name="Given_AModelRepsositoryExistWithOneRegisteredImplementationOfAnInterface_When_RegisteringTheSameImplementationAgain_Then_AnExceptionIsThrownAndTheErrorIsLogged" storage="d:\actions-runner\_work\xpco\xpco\installerframework\videoos.installer.configuration.unittests\bin\debug\videoos.installer.configuration.unittests.dll" id="f415170a-fd98-821f-90b3-f3732685e8e7">
      <Execution id="836a681b-d01c-489b-a258-0a4fc03134f1" />
      <TestMethod codeBase="D:\actions-runner\_work\XPCO\XPCO\InstallerFramework\VideoOS.Installer.Configuration.UnitTests\bin\Debug\VideoOS.Installer.Configuration.UnitTests.dll" adapterTypeName="executor://mstestadapter/v2" className="VideoOS.Installer.Configuration.UnitTests.ModelRepositoryUnitTest" name="Given_AModelRepsositoryExistWithOneRegisteredImplementationOfAnInterface_When_RegisteringTheSameImplementationAgain_Then_AnExceptionIsThrownAndTheErrorIsLogged" />
    </UnitTest>
    <UnitTest name="ApplyGlobalPrerequisites_NoError" storage="d:\actions-runner\_work\xpco\xpco\installerframework\videoos.installer.configuration.unittests\bin\debug\videoos.installer.configuration.unittests.dll" id="de6d6259-7bb4-ea3c-0ccd-6343cd2d96d9">
      <Execution id="773d1afa-e966-4671-b545-a972125461d0" />
      <TestMethod codeBase="D:\actions-runner\_work\XPCO\XPCO\InstallerFramework\VideoOS.Installer.Configuration.UnitTests\bin\Debug\VideoOS.Installer.Configuration.UnitTests.dll" adapterTypeName="executor://mstestadapter/v2" className="VideoOS.Installer.Configuration.UnitTests.GlobalPrerequisitesUnitTest" name="ApplyGlobalPrerequisites_NoError" />
    </UnitTest>
    <UnitTest name="LoadFromFile_ShouldFail_WhenXmlIsInvalid" storage="d:\actions-runner\_work\xpco\xpco\installerframework\videoos.installer.configuration.unittests\bin\debug\videoos.installer.configuration.unittests.dll" id="1af8ea80-c592-1d2d-76ab-e4a6d322aa1d">
      <Execution id="f3daf9e2-7856-4cbb-a858-88bb638cea9f" />
      <TestMethod codeBase="D:\actions-runner\_work\XPCO\XPCO\InstallerFramework\VideoOS.Installer.Configuration.UnitTests\bin\Debug\VideoOS.Installer.Configuration.UnitTests.dll" adapterTypeName="executor://mstestadapter/v2" className="VideoOS.Installer.Configuration.UnitTests.ManufacturerInfoTests" name="LoadFromFile_ShouldFail_WhenXmlIsInvalid" />
    </UnitTest>
    <UnitTest name="LoadFromFile_ShouldFail_WhenPathIsInvalid" storage="d:\actions-runner\_work\xpco\xpco\installerframework\videoos.installer.configuration.unittests\bin\debug\videoos.installer.configuration.unittests.dll" id="6ba4066a-375d-5fc7-da74-178f68b5af1e">
      <Execution id="dbe43565-c0cc-411c-bd0c-e81d3594dbed" />
      <TestMethod codeBase="D:\actions-runner\_work\XPCO\XPCO\InstallerFramework\VideoOS.Installer.Configuration.UnitTests\bin\Debug\VideoOS.Installer.Configuration.UnitTests.dll" adapterTypeName="executor://mstestadapter/v2" className="VideoOS.Installer.Configuration.UnitTests.ManufacturerInfoTests" name="LoadFromFile_ShouldFail_WhenPathIsInvalid" />
    </UnitTest>
    <UnitTest name="InstallerConfig_VerifyWinVersionsToExclude" storage="d:\actions-runner\_work\xpco\xpco\installerframework\videoos.installer.configuration.unittests\bin\debug\videoos.installer.configuration.unittests.dll" id="fbb3f168-e4bd-d4af-5619-92b1f6767a24">
      <Execution id="ef8f2d1d-37a2-4b7e-ad15-2001e09722a6" />
      <TestMethod codeBase="D:\actions-runner\_work\XPCO\XPCO\InstallerFramework\VideoOS.Installer.Configuration.UnitTests\bin\Debug\VideoOS.Installer.Configuration.UnitTests.dll" adapterTypeName="executor://mstestadapter/v2" className="VideoOS.Installer.Configuration.UnitTests.InstallerConfigTests" name="InstallerConfig_VerifyWinVersionsToExclude" />
    </UnitTest>
    <UnitTest name="LoadFromFile_ShouldSucceed_WhenXmlIsValid" storage="d:\actions-runner\_work\xpco\xpco\installerframework\videoos.installer.configuration.unittests\bin\debug\videoos.installer.configuration.unittests.dll" id="8ffc3ff2-2cc6-4b2e-1d83-281093e60f7d">
      <Execution id="12acbe83-968f-4f9e-b26a-c4b0b5bfdc96" />
      <TestMethod codeBase="D:\actions-runner\_work\XPCO\XPCO\InstallerFramework\VideoOS.Installer.Configuration.UnitTests\bin\Debug\VideoOS.Installer.Configuration.UnitTests.dll" adapterTypeName="executor://mstestadapter/v2" className="VideoOS.Installer.Configuration.UnitTests.ManufacturerInfoTests" name="LoadFromFile_ShouldSucceed_WhenXmlIsValid" />
    </UnitTest>
    <UnitTest name="Test_With_XmlFileInV1_When_InterpretingTheXml_Then_TheParametersAreCorrect" storage="d:\actions-runner\_work\xpco\xpco\installerframework\videoos.installer.configuration.unittests\bin\debug\videoos.installer.configuration.unittests.dll" id="d8fcc8a4-0389-6200-d754-58da618a93e4">
      <Execution id="2d5cbae7-6b20-4952-859a-4fe3f1869596" />
      <TestMethod codeBase="D:\actions-runner\_work\XPCO\XPCO\InstallerFramework\VideoOS.Installer.Configuration.UnitTests\bin\Debug\VideoOS.Installer.Configuration.UnitTests.dll" adapterTypeName="executor://mstestadapter/v2" className="VideoOS.Installer.Configuration.UnitTests.ArgumentsUnitTest" name="Test_With_XmlFileInV1_When_InterpretingTheXml_Then_TheParametersAreCorrect" />
    </UnitTest>
    <UnitTest name="LoadFromRegistry_ShouldReturnInfo_WhenSavedToRegitryWasCalled" storage="d:\actions-runner\_work\xpco\xpco\installerframework\videoos.installer.configuration.unittests\bin\debug\videoos.installer.configuration.unittests.dll" id="ca6f6ba9-238f-57e8-cf5f-2ab0e196b187">
      <Execution id="34e3956e-55f8-442a-a50a-c8cb9d42d576" />
      <TestMethod codeBase="D:\actions-runner\_work\XPCO\XPCO\InstallerFramework\VideoOS.Installer.Configuration.UnitTests\bin\Debug\VideoOS.Installer.Configuration.UnitTests.dll" adapterTypeName="executor://mstestadapter/v2" className="VideoOS.Installer.Configuration.UnitTests.ManufacturerInfoTests" name="LoadFromRegistry_ShouldReturnInfo_WhenSavedToRegitryWasCalled" />
    </UnitTest>
    <UnitTest name="LoadFromFile_ShouldFail_WhenSkuIsEmpty" storage="d:\actions-runner\_work\xpco\xpco\installerframework\videoos.installer.configuration.unittests\bin\debug\videoos.installer.configuration.unittests.dll" id="8df875c3-8527-7ff3-e3d8-1389b76937db">
      <Execution id="aebb09ee-7b59-4bd1-8dc5-4cfce7c273e1" />
      <TestMethod codeBase="D:\actions-runner\_work\XPCO\XPCO\InstallerFramework\VideoOS.Installer.Configuration.UnitTests\bin\Debug\VideoOS.Installer.Configuration.UnitTests.dll" adapterTypeName="executor://mstestadapter/v2" className="VideoOS.Installer.Configuration.UnitTests.ManufacturerInfoTests" name="LoadFromFile_ShouldFail_WhenSkuIsEmpty" />
    </UnitTest>
    <UnitTest name="Given_AModelRepsositoryWithAModelContainerWithACQRSModel_When_PrepareForRebootAndResumeFromRebootIsCalled_Then_TheModelContainerAndModelIsRestored" storage="d:\actions-runner\_work\xpco\xpco\installerframework\videoos.installer.configuration.unittests\bin\debug\videoos.installer.configuration.unittests.dll" id="d6031d17-9639-960d-68c0-3905950886ef">
      <Execution id="e30c7c1d-498c-4506-9d1d-755a18ede257" />
      <TestMethod codeBase="D:\actions-runner\_work\XPCO\XPCO\InstallerFramework\VideoOS.Installer.Configuration.UnitTests\bin\Debug\VideoOS.Installer.Configuration.UnitTests.dll" adapterTypeName="executor://mstestadapter/v2" className="VideoOS.Installer.Configuration.UnitTests.ModelRepositoryUnitTest" name="Given_AModelRepsositoryWithAModelContainerWithACQRSModel_When_PrepareForRebootAndResumeFromRebootIsCalled_Then_TheModelContainerAndModelIsRestored" />
    </UnitTest>
    <UnitTest name="LoadFromFile_ShouldFail_WhenGuidIsInvalid" storage="d:\actions-runner\_work\xpco\xpco\installerframework\videoos.installer.configuration.unittests\bin\debug\videoos.installer.configuration.unittests.dll" id="7c54f3d1-dede-eb05-22da-81fbd111be04">
      <Execution id="1d6414a7-4613-48c3-b48f-77334e76b8a3" />
      <TestMethod codeBase="D:\actions-runner\_work\XPCO\XPCO\InstallerFramework\VideoOS.Installer.Configuration.UnitTests\bin\Debug\VideoOS.Installer.Configuration.UnitTests.dll" adapterTypeName="executor://mstestadapter/v2" className="VideoOS.Installer.Configuration.UnitTests.ManufacturerInfoTests" name="LoadFromFile_ShouldFail_WhenGuidIsInvalid" />
    </UnitTest>
    <UnitTest name="ApplyGlobalPrerequisites_FileNotFoundException" storage="d:\actions-runner\_work\xpco\xpco\installerframework\videoos.installer.configuration.unittests\bin\debug\videoos.installer.configuration.unittests.dll" id="e279c773-019a-3211-851f-5d059140519e">
      <Execution id="aa956a66-2ff8-4347-9260-78def2ea8273" />
      <TestMethod codeBase="D:\actions-runner\_work\XPCO\XPCO\InstallerFramework\VideoOS.Installer.Configuration.UnitTests\bin\Debug\VideoOS.Installer.Configuration.UnitTests.dll" adapterTypeName="executor://mstestadapter/v2" className="VideoOS.Installer.Configuration.UnitTests.GlobalPrerequisitesUnitTest" name="ApplyGlobalPrerequisites_FileNotFoundException" />
    </UnitTest>
    <UnitTest name="Given_AModelRepsositoryExist_When_AddingAModelThatDoesNotRegisterAnyInterfaces_Then_AnExceptionIsThrownAndTheErrorIsLogged" storage="d:\actions-runner\_work\xpco\xpco\installerframework\videoos.installer.configuration.unittests\bin\debug\videoos.installer.configuration.unittests.dll" id="4691368a-e9e5-ed61-70d6-6180419aeff4">
      <Execution id="0ea33652-b423-45b9-8823-56311d5ed059" />
      <TestMethod codeBase="D:\actions-runner\_work\XPCO\XPCO\InstallerFramework\VideoOS.Installer.Configuration.UnitTests\bin\Debug\VideoOS.Installer.Configuration.UnitTests.dll" adapterTypeName="executor://mstestadapter/v2" className="VideoOS.Installer.Configuration.UnitTests.ModelRepositoryUnitTest" name="Given_AModelRepsositoryExist_When_AddingAModelThatDoesNotRegisterAnyInterfaces_Then_AnExceptionIsThrownAndTheErrorIsLogged" />
    </UnitTest>
    <UnitTest name="LoadFromRegistry_ShouldReturnNull_WhenRegistryDoesNotContainManufacturerInfo" storage="d:\actions-runner\_work\xpco\xpco\installerframework\videoos.installer.configuration.unittests\bin\debug\videoos.installer.configuration.unittests.dll" id="d3f2f819-7177-1f18-c6e0-2ebc1b84613a">
      <Execution id="570af613-3fe4-4fb0-9813-f50eb6879414" />
      <TestMethod codeBase="D:\actions-runner\_work\XPCO\XPCO\InstallerFramework\VideoOS.Installer.Configuration.UnitTests\bin\Debug\VideoOS.Installer.Configuration.UnitTests.dll" adapterTypeName="executor://mstestadapter/v2" className="VideoOS.Installer.Configuration.UnitTests.ManufacturerInfoTests" name="LoadFromRegistry_ShouldReturnNull_WhenRegistryDoesNotContainManufacturerInfo" />
    </UnitTest>
  </TestDefinitions>
  <TestEntries>
    <TestEntry testId="f415170a-fd98-821f-90b3-f3732685e8e7" executionId="836a681b-d01c-489b-a258-0a4fc03134f1" testListId="8c84fa94-04c1-424b-9868-57a2d4851a1d" />
    <TestEntry testId="1af8ea80-c592-1d2d-76ab-e4a6d322aa1d" executionId="f3daf9e2-7856-4cbb-a858-88bb638cea9f" testListId="8c84fa94-04c1-424b-9868-57a2d4851a1d" />
    <TestEntry testId="1f54dcdc-dd00-4f5f-c4e7-fd7699610643" executionId="4514aacc-b540-4b98-8c63-9af77a3d2665" testListId="8c84fa94-04c1-424b-9868-57a2d4851a1d" />
    <TestEntry testId="d518fc8c-ea58-a049-a9e9-4aa4bd325374" executionId="6fc6a262-1316-49ff-9acc-4c1652dd3ba4" testListId="8c84fa94-04c1-424b-9868-57a2d4851a1d" />
    <TestEntry testId="fbb3f168-e4bd-d4af-5619-92b1f6767a24" executionId="ef8f2d1d-37a2-4b7e-ad15-2001e09722a6" testListId="8c84fa94-04c1-424b-9868-57a2d4851a1d" />
    <TestEntry testId="1a8a16ff-8af6-8710-25f0-f50a5fad375f" executionId="b97cd699-8b5a-41d5-8922-cdaf3e566271" testListId="8c84fa94-04c1-424b-9868-57a2d4851a1d" />
    <TestEntry testId="8df875c3-8527-7ff3-e3d8-1389b76937db" executionId="aebb09ee-7b59-4bd1-8dc5-4cfce7c273e1" testListId="8c84fa94-04c1-424b-9868-57a2d4851a1d" />
    <TestEntry testId="4bc1cbb6-2141-997e-d0da-2da9751100fa" executionId="50fa94f4-e247-463b-ae88-b2a75b473eb8" testListId="8c84fa94-04c1-424b-9868-57a2d4851a1d" />
    <TestEntry testId="c77275d4-c694-b493-3951-f8e5cb9328ce" executionId="46ce77f3-bc21-41ad-bdae-bf3761e65c99" testListId="8c84fa94-04c1-424b-9868-57a2d4851a1d" />
    <TestEntry testId="24051016-72f6-2e0f-159b-4a909b813d11" executionId="8cd5b9a0-a196-4081-a5bd-c9023a71ef64" testListId="8c84fa94-04c1-424b-9868-57a2d4851a1d" />
    <TestEntry testId="d3f2f819-7177-1f18-c6e0-2ebc1b84613a" executionId="570af613-3fe4-4fb0-9813-f50eb6879414" testListId="8c84fa94-04c1-424b-9868-57a2d4851a1d" />
    <TestEntry testId="ca6f6ba9-238f-57e8-cf5f-2ab0e196b187" executionId="34e3956e-55f8-442a-a50a-c8cb9d42d576" testListId="8c84fa94-04c1-424b-9868-57a2d4851a1d" />
    <TestEntry testId="4691368a-e9e5-ed61-70d6-6180419aeff4" executionId="0ea33652-b423-45b9-8823-56311d5ed059" testListId="8c84fa94-04c1-424b-9868-57a2d4851a1d" />
    <TestEntry testId="d8fcc8a4-0389-6200-d754-58da618a93e4" executionId="2d5cbae7-6b20-4952-859a-4fe3f1869596" testListId="8c84fa94-04c1-424b-9868-57a2d4851a1d" />
    <TestEntry testId="2df690d8-8d55-ebbc-57f1-e2ee0a2c9ced" executionId="7e2fae9a-176b-4ac9-8d24-a7ba31ddacd8" testListId="8c84fa94-04c1-424b-9868-57a2d4851a1d" />
    <TestEntry testId="de6d6259-7bb4-ea3c-0ccd-6343cd2d96d9" executionId="773d1afa-e966-4671-b545-a972125461d0" testListId="8c84fa94-04c1-424b-9868-57a2d4851a1d" />
    <TestEntry testId="0c8b0b7e-ee2e-05ad-0460-af4ad0a50443" executionId="08901b3f-ac16-4d90-a0be-3f98aec4eb1e" testListId="8c84fa94-04c1-424b-9868-57a2d4851a1d" />
    <TestEntry testId="63352fc3-f3b5-95ce-56de-93c65ebf377c" executionId="ada66d42-d6cf-4e2b-a3af-f9e564864a68" testListId="8c84fa94-04c1-424b-9868-57a2d4851a1d" />
    <TestEntry testId="8ffc3ff2-2cc6-4b2e-1d83-281093e60f7d" executionId="12acbe83-968f-4f9e-b26a-c4b0b5bfdc96" testListId="8c84fa94-04c1-424b-9868-57a2d4851a1d" />
    <TestEntry testId="d6031d17-9639-960d-68c0-3905950886ef" executionId="e30c7c1d-498c-4506-9d1d-755a18ede257" testListId="8c84fa94-04c1-424b-9868-57a2d4851a1d" />
    <TestEntry testId="7c54f3d1-dede-eb05-22da-81fbd111be04" executionId="1d6414a7-4613-48c3-b48f-77334e76b8a3" testListId="8c84fa94-04c1-424b-9868-57a2d4851a1d" />
    <TestEntry testId="0555b117-f85d-93ef-e19b-8bed4bf03f56" executionId="99dd7f6a-b0d1-438d-b072-9af1235c66cb" testListId="8c84fa94-04c1-424b-9868-57a2d4851a1d" />
    <TestEntry testId="e279c773-019a-3211-851f-5d059140519e" executionId="aa956a66-2ff8-4347-9260-78def2ea8273" testListId="8c84fa94-04c1-424b-9868-57a2d4851a1d" />
    <TestEntry testId="bf8e1142-2b45-9318-57a7-aa932f915b12" executionId="14a01393-1b79-4ba4-982a-83c1cabf4338" testListId="8c84fa94-04c1-424b-9868-57a2d4851a1d" />
    <TestEntry testId="cc2e3293-34e3-696c-36f3-c9498cf2fd0c" executionId="021bd535-359c-4461-bb79-b21b7b098381" testListId="8c84fa94-04c1-424b-9868-57a2d4851a1d" />
    <TestEntry testId="fa2d6ac8-f5cc-4ba5-5cc8-2fbbd3610c2e" executionId="34295710-0e89-485b-9de8-91b8dd1e38d2" testListId="8c84fa94-04c1-424b-9868-57a2d4851a1d" />
    <TestEntry testId="6ba4066a-375d-5fc7-da74-178f68b5af1e" executionId="dbe43565-c0cc-411c-bd0c-e81d3594dbed" testListId="8c84fa94-04c1-424b-9868-57a2d4851a1d" />
  </TestEntries>
  <TestLists>
    <TestList name="Results Not in a List" id="8c84fa94-04c1-424b-9868-57a2d4851a1d" />
    <TestList name="All Loaded Results" id="19431567-8539-422a-85d7-44ee4e166bda" />
  </TestLists>
  <ResultSummary outcome="Completed">
    <Counters total="27" executed="26" passed="26" failed="0" error="0" timeout="0" aborted="0" inconclusive="0" passedButRunAborted="0" notRunnable="0" notExecuted="0" disconnected="0" warning="0" completed="0" inProgress="0" pending="0" />
    <Output>
      <StdOut>Test 'LoadFromRegistry_ShouldReturnInfo_WhenSavedToRegitryWasCalled' was skipped in the test run.&#xD;
</StdOut>
    </Output>
  </ResultSummary>
</TestRun>