<?xml version="1.0" encoding="utf-8"?>
<TestRun id="21973164-3a0f-463c-a5db-ce3fd0808521" name="DKSR-EFI-04$@DKSR-EFI-04 2023-12-22 09:34:20" runUser="NT AUTHORITY\NETWORK SERVICE" xmlns="http://microsoft.com/schemas/VisualStudio/TeamTest/2010">
  <Times creation="2023-12-22T09:34:20.9127372+01:00" queuing="2023-12-22T09:34:20.9127372+01:00" start="2023-12-22T09:34:18.8814775+01:00" finish="2023-12-22T09:34:21.4127402+01:00" />
  <TestSettings name="default" id="cb2383bd-68e3-4cb1-b769-6b8e85f09db5">
    <Deployment runDeploymentRoot="DKSR-EFI-04$_DKSR-EFI-04_2023-12-22_09_34_20" />
  </TestSettings>
  <Results>
    <UnitTestResult executionId="bfce0d0b-b45a-4dc7-be24-39bf4e3f1237" testId="decb0d49-c1a5-deaf-c47f-d8b604e513ff" testName="FilterBy_ParsesAndUnparsesCorrectly_WhenParsingGoodFilterStrings (VideoOS.EventServer.Common.RestApi.Helpers.FiltersByString, '''single'' ''value'' ''with'' ''quotes''' ,equals:'''single'' ''value'' ''with'' ''quotes''')" computerName="DKSR-EFI-04" duration="00:00:00.0034338" startTime="2023-12-22T09:34:20.6471114+01:00" endTime="2023-12-22T09:34:20.8814864+01:00" testType="13cdc9d9-ddb5-4fa4-a97d-d965ccfc6d4b" outcome="Passed" testListId="8c84fa94-04c1-424b-9868-57a2d4851a1d" relativeResultsDirectory="bfce0d0b-b45a-4dc7-be24-39bf4e3f1237" />
    <UnitTestResult executionId="2b0596de-8a1a-4ade-a55c-f23511961458" testId="cc5a1e3d-784a-ff32-5688-0f4b7ca76895" testName="OrderBy_ReturnsOperatorsInOrder_WhenValid" computerName="DKSR-EFI-04" duration="00:00:00.0004520" startTime="2023-12-22T09:34:21.0377374+01:00" endTime="2023-12-22T09:34:21.0377374+01:00" testType="13cdc9d9-ddb5-4fa4-a97d-d965ccfc6d4b" outcome="Passed" testListId="8c84fa94-04c1-424b-9868-57a2d4851a1d" relativeResultsDirectory="2b0596de-8a1a-4ade-a55c-f23511961458" />
    <UnitTestResult executionId="db32d08c-328d-4406-ab6b-3b1ffc92974c" testId="1f6f174a-444d-4b09-1141-5dabefe4d045" testName="Iso8601Datetime_Accepts_ValidTimestamps (2023-02-28T21:44:31.3806759Z,True)" computerName="DKSR-EFI-04" duration="00:00:00.0000170" startTime="2023-12-22T09:34:21.0064868+01:00" endTime="2023-12-22T09:34:21.0064868+01:00" testType="13cdc9d9-ddb5-4fa4-a97d-d965ccfc6d4b" outcome="Passed" testListId="8c84fa94-04c1-424b-9868-57a2d4851a1d" relativeResultsDirectory="db32d08c-328d-4406-ab6b-3b1ffc92974c" />
    <UnitTestResult executionId="2cac7f7a-3f27-4f66-86e2-2a49a2d02e01" testId="7cccab50-51d2-ac52-9e37-0ce7ae6a5d89" testName="FilterBy_ThrowsException_WhenParsingBadFilterStrings (VideoOS.EventServer.Common.RestApi.Helpers.FiltersByInt,'2',System.FormatException)" computerName="DKSR-EFI-04" duration="00:00:00.0000529" startTime="2023-12-22T09:34:20.8971130+01:00" endTime="2023-12-22T09:34:20.8971130+01:00" testType="13cdc9d9-ddb5-4fa4-a97d-d965ccfc6d4b" outcome="Passed" testListId="8c84fa94-04c1-424b-9868-57a2d4851a1d" relativeResultsDirectory="2cac7f7a-3f27-4f66-86e2-2a49a2d02e01" />
    <UnitTestResult executionId="4327cffe-19ca-4fd4-982e-17b177dee1c8" testId="7cccab50-51d2-ac52-9e37-0ce7ae6a5d89" testName="FilterBy_ThrowsException_WhenParsingBadFilterStrings (VideoOS.EventServer.Common.RestApi.Helpers.FiltersByInt,oneOf:(1, 'str2'),System.FormatException)" computerName="DKSR-EFI-04" duration="00:00:00.0005520" startTime="2023-12-22T09:34:20.8971130+01:00" endTime="2023-12-22T09:34:20.8971130+01:00" testType="13cdc9d9-ddb5-4fa4-a97d-d965ccfc6d4b" outcome="Passed" testListId="8c84fa94-04c1-424b-9868-57a2d4851a1d" relativeResultsDirectory="4327cffe-19ca-4fd4-982e-17b177dee1c8" />
    <UnitTestResult executionId="7cd1f3f1-e53b-40e8-8e70-ef9ba6d02f59" testId="0b190f7d-5f76-6ca9-7713-2e5514ae8c20" testName="Pagination_ReturnsPrevAndNextLinks_WhenPaginationNeededAndNoAdditionalQueryParameters" computerName="DKSR-EFI-04" duration="00:00:00.0017122" startTime="2023-12-22T09:34:21.1783652+01:00" endTime="2023-12-22T09:34:21.1939900+01:00" testType="13cdc9d9-ddb5-4fa4-a97d-d965ccfc6d4b" outcome="Passed" testListId="8c84fa94-04c1-424b-9868-57a2d4851a1d" relativeResultsDirectory="7cd1f3f1-e53b-40e8-8e70-ef9ba6d02f59" />
    <UnitTestResult executionId="528b9b7a-33a4-42e4-802c-71009fa82e2d" testId="457c5a90-315c-5aca-98fc-f5d3d7f53a75" testName="OrderBy_ReturnsOperatorAndValue_WhenValid (asc:'asdfdf',Ascending,asdfdf)" computerName="DKSR-EFI-04" duration="00:00:00.0000151" startTime="2023-12-22T09:34:21.0377374+01:00" endTime="2023-12-22T09:34:21.0377374+01:00" testType="13cdc9d9-ddb5-4fa4-a97d-d965ccfc6d4b" outcome="Passed" testListId="8c84fa94-04c1-424b-9868-57a2d4851a1d" relativeResultsDirectory="528b9b7a-33a4-42e4-802c-71009fa82e2d" />
    <UnitTestResult executionId="8a1a9928-6c25-4711-ad84-014d2e8ff77d" testId="b4bd1df9-f838-333b-ceb6-4e36ba67adc8" testName="FiltersBy_ReturnsOperatorAndValue_WhenValid (VideoOS.EventServer.Common.RestApi.Helpers.FiltersByInt,equals:3,Equals,3)" computerName="DKSR-EFI-04" duration="00:00:00.0000826" startTime="2023-12-22T09:34:20.8971130+01:00" endTime="2023-12-22T09:34:20.9283618+01:00" testType="13cdc9d9-ddb5-4fa4-a97d-d965ccfc6d4b" outcome="Passed" testListId="8c84fa94-04c1-424b-9868-57a2d4851a1d" relativeResultsDirectory="8a1a9928-6c25-4711-ad84-014d2e8ff77d" />
    <UnitTestResult executionId="71399b7f-8f2a-41b5-af74-e8c6f2c21534" testId="b4bd1df9-f838-333b-ceb6-4e36ba67adc8" testName="FiltersBy_ReturnsOperatorAndValue_WhenValid (VideoOS.EventServer.Common.RestApi.Helpers.FiltersByString,notEquals:'abcde',NotEquals,abcde)" computerName="DKSR-EFI-04" duration="00:00:00.0001225" startTime="2023-12-22T09:34:20.8971130+01:00" endTime="2023-12-22T09:34:20.9283618+01:00" testType="13cdc9d9-ddb5-4fa4-a97d-d965ccfc6d4b" outcome="Passed" testListId="8c84fa94-04c1-424b-9868-57a2d4851a1d" relativeResultsDirectory="71399b7f-8f2a-41b5-af74-e8c6f2c21534" />
    <UnitTestResult executionId="ec3f6ea1-da12-4d2f-bd92-4bc783ae1ac3" testId="b4bd1df9-f838-333b-ceb6-4e36ba67adc8" testName="FiltersBy_ReturnsOperatorAndValue_WhenValid (VideoOS.EventServer.Common.RestApi.Helpers.FiltersByString,oneOf:('Scarlett O''Hara', 'John ''doe''', ''),OneOf,System.String[])" computerName="DKSR-EFI-04" duration="00:00:00.0000994" startTime="2023-12-22T09:34:20.8971130+01:00" endTime="2023-12-22T09:34:20.9283618+01:00" testType="13cdc9d9-ddb5-4fa4-a97d-d965ccfc6d4b" outcome="Passed" testListId="8c84fa94-04c1-424b-9868-57a2d4851a1d" relativeResultsDirectory="ec3f6ea1-da12-4d2f-bd92-4bc783ae1ac3" />
    <UnitTestResult executionId="b9b509d9-22f6-487a-9cab-367625b6a850" testId="ca3c6706-474d-cdda-4365-82da14b65e2b" testName="OrderBy_IgnoresOperators_WhenUnknown" computerName="DKSR-EFI-04" duration="00:00:00.0209096" startTime="2023-12-22T09:34:21.0064868+01:00" endTime="2023-12-22T09:34:21.0221123+01:00" testType="13cdc9d9-ddb5-4fa4-a97d-d965ccfc6d4b" outcome="Passed" testListId="8c84fa94-04c1-424b-9868-57a2d4851a1d" relativeResultsDirectory="b9b509d9-22f6-487a-9cab-367625b6a850" />
    <UnitTestResult executionId="d23cd4ef-d301-47ea-881b-adb232374f43" testId="b4bd1df9-f838-333b-ceb6-4e36ba67adc8" testName="FiltersBy_ReturnsOperatorAndValue_WhenValid (VideoOS.EventServer.Common.RestApi.Helpers.FiltersByInt,oneOf:(8,9,10),OneOf,System.Int32[])" computerName="DKSR-EFI-04" duration="00:00:00.0027931" startTime="2023-12-22T09:34:20.8971130+01:00" endTime="2023-12-22T09:34:20.9283618+01:00" testType="13cdc9d9-ddb5-4fa4-a97d-d965ccfc6d4b" outcome="Passed" testListId="8c84fa94-04c1-424b-9868-57a2d4851a1d" relativeResultsDirectory="d23cd4ef-d301-47ea-881b-adb232374f43" />
    <UnitTestResult executionId="a5b03cd0-e2e9-49ea-9184-0fc3a16b9ba9" testId="b4bd1df9-f838-333b-ceb6-4e36ba67adc8" testName="FiltersBy_ReturnsOperatorAndValue_WhenValid (VideoOS.EventServer.Common.RestApi.Helpers.FiltersByString,contains:'abcdefg',Contains,abcdefg)" computerName="DKSR-EFI-04" duration="00:00:00.0000937" startTime="2023-12-22T09:34:20.8971130+01:00" endTime="2023-12-22T09:34:20.9283618+01:00" testType="13cdc9d9-ddb5-4fa4-a97d-d965ccfc6d4b" outcome="Passed" testListId="8c84fa94-04c1-424b-9868-57a2d4851a1d" relativeResultsDirectory="a5b03cd0-e2e9-49ea-9184-0fc3a16b9ba9" />
    <UnitTestResult executionId="71ebc577-5960-4cef-9053-63577515e267" testId="decb0d49-c1a5-deaf-c47f-d8b604e513ff" testName="FilterBy_ParsesAndUnparsesCorrectly_WhenParsingGoodFilterStrings (VideoOS.EventServer.Common.RestApi.Helpers.FiltersByString,contains:'Scarlett O''Hara', oneOf: ('str1', 'str2' ,  'str3' )  , lt: '',contains:'Scarlett O''Hara',oneOf:('str1','str2','str3'),lt:'')" computerName="DKSR-EFI-04" duration="00:00:00.0028100" startTime="2023-12-22T09:34:20.6471114+01:00" endTime="2023-12-22T09:34:20.8814864+01:00" testType="13cdc9d9-ddb5-4fa4-a97d-d965ccfc6d4b" outcome="Passed" testListId="8c84fa94-04c1-424b-9868-57a2d4851a1d" relativeResultsDirectory="71ebc577-5960-4cef-9053-63577515e267" />
    <UnitTestResult executionId="779a368e-17e6-464a-b893-8ba9b2c5571f" testId="7cccab50-51d2-ac52-9e37-0ce7ae6a5d89" testName="FilterBy_ThrowsException_WhenParsingBadFilterStrings (VideoOS.EventServer.Common.RestApi.Helpers.FiltersByDateTime,lt:'2023-01-01T00:00:00.000Z',gt:'bad datetime format',System.FormatException)" computerName="DKSR-EFI-04" duration="00:00:00.0007529" startTime="2023-12-22T09:34:20.8971130+01:00" endTime="2023-12-22T09:34:20.8971130+01:00" testType="13cdc9d9-ddb5-4fa4-a97d-d965ccfc6d4b" outcome="Passed" testListId="8c84fa94-04c1-424b-9868-57a2d4851a1d" relativeResultsDirectory="779a368e-17e6-464a-b893-8ba9b2c5571f" />
    <UnitTestResult executionId="392b6217-fb16-4b5f-bc51-b984e48788f7" testId="b4bd1df9-f838-333b-ceb6-4e36ba67adc8" testName="FiltersBy_ReturnsOperatorAndValue_WhenValid (VideoOS.EventServer.Common.RestApi.Helpers.FiltersByDateTime,lt:'1970-01-02T03:04:05.678Z',LessThan,1/2/1970 4:04:05 AM)" computerName="DKSR-EFI-04" duration="00:00:00.0001669" startTime="2023-12-22T09:34:20.8971130+01:00" endTime="2023-12-22T09:34:20.9283618+01:00" testType="13cdc9d9-ddb5-4fa4-a97d-d965ccfc6d4b" outcome="Passed" testListId="8c84fa94-04c1-424b-9868-57a2d4851a1d" relativeResultsDirectory="392b6217-fb16-4b5f-bc51-b984e48788f7" />
    <UnitTestResult executionId="4b1ebc00-db9a-43c1-9f88-ffab4278fd06" testId="b4bd1df9-f838-333b-ceb6-4e36ba67adc8" testName="FiltersBy_ReturnsOperatorAndValue_WhenValid (VideoOS.EventServer.Common.RestApi.Helpers.FiltersByInt,notEquals:5,NotEquals,5)" computerName="DKSR-EFI-04" duration="00:00:00.0000544" startTime="2023-12-22T09:34:20.8971130+01:00" endTime="2023-12-22T09:34:20.9283618+01:00" testType="13cdc9d9-ddb5-4fa4-a97d-d965ccfc6d4b" outcome="Passed" testListId="8c84fa94-04c1-424b-9868-57a2d4851a1d" relativeResultsDirectory="4b1ebc00-db9a-43c1-9f88-ffab4278fd06" />
    <UnitTestResult executionId="16eace98-d9aa-48fd-9c17-64f8b68d2206" testId="decb0d49-c1a5-deaf-c47f-d8b604e513ff" testName="FilterBy_ParsesAndUnparsesCorrectly_WhenParsingGoodFilterStrings (VideoOS.EventServer.Common.RestApi.Helpers.FiltersByString,contains:'more quotes ''in'' the middle', lt:'and ''more''', startsWith:'quotes ''in'' the middle',contains:'more quotes ''in'' the middle',lt:'and ''more''',startsWith:'quotes ''in'' the middle')" computerName="DKSR-EFI-04" duration="00:00:00.0070226" startTime="2023-12-22T09:34:20.6471114+01:00" endTime="2023-12-22T09:34:20.8814864+01:00" testType="13cdc9d9-ddb5-4fa4-a97d-d965ccfc6d4b" outcome="Passed" testListId="8c84fa94-04c1-424b-9868-57a2d4851a1d" relativeResultsDirectory="16eace98-d9aa-48fd-9c17-64f8b68d2206" />
    <UnitTestResult executionId="668de0e3-df13-45dc-9278-13a867eda48b" testId="865fc926-db19-adf5-0ed5-ebb64cd1b099" testName="IncludeQueryParameter_InitializesCorrecltyDataMember_OnDifferentInput" computerName="DKSR-EFI-04" duration="00:00:00.0033437" startTime="2023-12-22T09:34:20.9283618+01:00" endTime="2023-12-22T09:34:20.9283618+01:00" testType="13cdc9d9-ddb5-4fa4-a97d-d965ccfc6d4b" outcome="Passed" testListId="8c84fa94-04c1-424b-9868-57a2d4851a1d" relativeResultsDirectory="668de0e3-df13-45dc-9278-13a867eda48b" />
    <UnitTestResult executionId="6702b053-c1e4-4e6e-8a9f-ec89c2acad8f" testId="b0b6730b-f4b4-acab-8b74-5729f2f9d1bb" testName="OrderBy_ReturnsOperatorAndValue_WhenValid (desc:'asdfdf',Descending,asdfdf)" computerName="DKSR-EFI-04" duration="00:00:00.0000113" startTime="2023-12-22T09:34:21.0377374+01:00" endTime="2023-12-22T09:34:21.0377374+01:00" testType="13cdc9d9-ddb5-4fa4-a97d-d965ccfc6d4b" outcome="Passed" testListId="8c84fa94-04c1-424b-9868-57a2d4851a1d" relativeResultsDirectory="6702b053-c1e4-4e6e-8a9f-ec89c2acad8f" />
    <UnitTestResult executionId="5ba2ea0a-06c2-4203-87f8-1d398185172c" testId="797a4298-07fd-73ee-e51f-69458c3e52e2" testName="Iso8601Datetime_Accepts_ValidTimestamps (2023-02-28T21:44,True)" computerName="DKSR-EFI-04" duration="00:00:00.0000103" startTime="2023-12-22T09:34:21.0064868+01:00" endTime="2023-12-22T09:34:21.0064868+01:00" testType="13cdc9d9-ddb5-4fa4-a97d-d965ccfc6d4b" outcome="Passed" testListId="8c84fa94-04c1-424b-9868-57a2d4851a1d" relativeResultsDirectory="5ba2ea0a-06c2-4203-87f8-1d398185172c" />
    <UnitTestResult executionId="c6a0dbd8-a83a-4d05-a5e2-f9e1f012be64" testId="ede3a1ec-fbf5-3b53-6f08-daba88a4daa5" testName="OrderBy_ReturnsOperatorAndValue_WhenValid (asc:'1',Ascending,1)" computerName="DKSR-EFI-04" duration="00:00:00.0014371" startTime="2023-12-22T09:34:21.0221123+01:00" endTime="2023-12-22T09:34:21.0377374+01:00" testType="13cdc9d9-ddb5-4fa4-a97d-d965ccfc6d4b" outcome="Passed" testListId="8c84fa94-04c1-424b-9868-57a2d4851a1d" relativeResultsDirectory="c6a0dbd8-a83a-4d05-a5e2-f9e1f012be64" />
    <UnitTestResult executionId="0d7319e4-460b-4fde-a155-9b0c8ec39a83" testId="b4bd1df9-f838-333b-ceb6-4e36ba67adc8" testName="FiltersBy_ReturnsOperatorAndValue_WhenValid (VideoOS.EventServer.Common.RestApi.Helpers.FiltersByString,gt:'ab',GreaterThan,ab)" computerName="DKSR-EFI-04" duration="00:00:00.0001128" startTime="2023-12-22T09:34:20.8971130+01:00" endTime="2023-12-22T09:34:20.9283618+01:00" testType="13cdc9d9-ddb5-4fa4-a97d-d965ccfc6d4b" outcome="Passed" testListId="8c84fa94-04c1-424b-9868-57a2d4851a1d" relativeResultsDirectory="0d7319e4-460b-4fde-a155-9b0c8ec39a83" />
    <UnitTestResult executionId="8a364e95-e9e6-4772-b6bc-9a788501166b" testId="b4bd1df9-f838-333b-ceb6-4e36ba67adc8" testName="FiltersBy_ReturnsOperatorAndValue_WhenValid (VideoOS.EventServer.Common.RestApi.Helpers.FiltersByString,equals:'abc',Equals,abc)" computerName="DKSR-EFI-04" duration="00:00:00.0000881" startTime="2023-12-22T09:34:20.8971130+01:00" endTime="2023-12-22T09:34:20.9283618+01:00" testType="13cdc9d9-ddb5-4fa4-a97d-d965ccfc6d4b" outcome="Passed" testListId="8c84fa94-04c1-424b-9868-57a2d4851a1d" relativeResultsDirectory="8a364e95-e9e6-4772-b6bc-9a788501166b" />
    <UnitTestResult executionId="ff22114b-046a-4093-a74f-16fe08f1d28f" testId="b4bd1df9-f838-333b-ceb6-4e36ba67adc8" testName="FiltersBy_ReturnsOperatorAndValue_WhenValid (VideoOS.EventServer.Common.RestApi.Helpers.FiltersByString,lt:'Scarlett O''Hara',LessThan,Scarlett O'Hara)" computerName="DKSR-EFI-04" duration="00:00:00.0002072" startTime="2023-12-22T09:34:20.8971130+01:00" endTime="2023-12-22T09:34:20.9283618+01:00" testType="13cdc9d9-ddb5-4fa4-a97d-d965ccfc6d4b" outcome="Passed" testListId="8c84fa94-04c1-424b-9868-57a2d4851a1d" relativeResultsDirectory="ff22114b-046a-4093-a74f-16fe08f1d28f" />
    <UnitTestResult executionId="b20e40e4-16b6-478d-86c2-67dab862272a" testId="7cccab50-51d2-ac52-9e37-0ce7ae6a5d89" testName="FilterBy_ThrowsException_WhenParsingBadFilterStrings (VideoOS.EventServer.Common.RestApi.Helpers.FiltersByString,startsWith:'quotes 'in' the middle',contains:'more quotes 'in' the middle',System.FormatException)" computerName="DKSR-EFI-04" duration="00:00:00.0000750" startTime="2023-12-22T09:34:20.8971130+01:00" endTime="2023-12-22T09:34:20.8971130+01:00" testType="13cdc9d9-ddb5-4fa4-a97d-d965ccfc6d4b" outcome="Passed" testListId="8c84fa94-04c1-424b-9868-57a2d4851a1d" relativeResultsDirectory="b20e40e4-16b6-478d-86c2-67dab862272a" />
    <UnitTestResult executionId="e2753cb4-aa19-4286-867d-406f89200cf7" testId="b4bd1df9-f838-333b-ceb6-4e36ba67adc8" testName="FiltersBy_ReturnsOperatorAndValue_WhenValid (VideoOS.EventServer.Common.RestApi.Helpers.FiltersByDateTime,gt:'1970-12-21T13:14:15.876Z',GreaterThan,12/21/1970 2:14:15 PM)" computerName="DKSR-EFI-04" duration="00:00:00.0001415" startTime="2023-12-22T09:34:20.8971130+01:00" endTime="2023-12-22T09:34:20.9283618+01:00" testType="13cdc9d9-ddb5-4fa4-a97d-d965ccfc6d4b" outcome="Passed" testListId="8c84fa94-04c1-424b-9868-57a2d4851a1d" relativeResultsDirectory="e2753cb4-aa19-4286-867d-406f89200cf7" />
    <UnitTestResult executionId="4d583b7b-baa9-4f47-bc21-5e0bdbce7cb1" testId="b4bd1df9-f838-333b-ceb6-4e36ba67adc8" testName="FiltersBy_ReturnsOperatorAndValue_WhenValid (VideoOS.EventServer.Common.RestApi.Helpers.FiltersByInt,lt:1,LessThan,1)" computerName="DKSR-EFI-04" duration="00:00:00.0103685" startTime="2023-12-22T09:34:20.8971130+01:00" endTime="2023-12-22T09:34:20.9283618+01:00" testType="13cdc9d9-ddb5-4fa4-a97d-d965ccfc6d4b" outcome="Passed" testListId="8c84fa94-04c1-424b-9868-57a2d4851a1d" relativeResultsDirectory="4d583b7b-baa9-4f47-bc21-5e0bdbce7cb1" />
    <UnitTestResult executionId="c7747294-f490-4296-84ce-b9817b6d14af" testId="6e30856c-2d9e-138f-7906-123d83939ea2" testName="Iso8601Datetime_Accepts_ValidTimestamps (2023-02-28T21:44:31Z,True)" computerName="DKSR-EFI-04" duration="00:00:00.0026390" startTime="2023-12-22T09:34:20.9283618+01:00" endTime="2023-12-22T09:34:21.0064868+01:00" testType="13cdc9d9-ddb5-4fa4-a97d-d965ccfc6d4b" outcome="Passed" testListId="8c84fa94-04c1-424b-9868-57a2d4851a1d" relativeResultsDirectory="c7747294-f490-4296-84ce-b9817b6d14af" />
    <UnitTestResult executionId="dcbfc349-ee66-4f4e-983e-7946a3b3cf59" testId="9c8fb289-d9d8-c023-b014-1810d6f1fd3d" testName="Iso8601Datetime_Accepts_ValidTimestamps (123,False)" computerName="DKSR-EFI-04" duration="00:00:00.0000063" startTime="2023-12-22T09:34:21.0064868+01:00" endTime="2023-12-22T09:34:21.0064868+01:00" testType="13cdc9d9-ddb5-4fa4-a97d-d965ccfc6d4b" outcome="Passed" testListId="8c84fa94-04c1-424b-9868-57a2d4851a1d" relativeResultsDirectory="dcbfc349-ee66-4f4e-983e-7946a3b3cf59" />
    <UnitTestResult executionId="1a394e4b-2fa4-47bf-9e38-8b32fdf085a8" testId="decb0d49-c1a5-deaf-c47f-d8b604e513ff" testName="FilterBy_ParsesAndUnparsesCorrectly_WhenParsingGoodFilterStrings (VideoOS.EventServer.Common.RestApi.Helpers.FiltersByDateTime, '1970-01-01T12:59:59.999Z',equals:'1970-01-01T12:59:59.9990000Z')" computerName="DKSR-EFI-04" duration="00:00:00.0043226" startTime="2023-12-22T09:34:20.6471114+01:00" endTime="2023-12-22T09:34:20.8814864+01:00" testType="13cdc9d9-ddb5-4fa4-a97d-d965ccfc6d4b" outcome="Passed" testListId="8c84fa94-04c1-424b-9868-57a2d4851a1d" relativeResultsDirectory="1a394e4b-2fa4-47bf-9e38-8b32fdf085a8" />
    <UnitTestResult executionId="159d707f-200b-461a-aa6e-51b85a824601" testId="b4bd1df9-f838-333b-ceb6-4e36ba67adc8" testName="FiltersBy_ReturnsOperatorAndValue_WhenValid (VideoOS.EventServer.Common.RestApi.Helpers.FiltersByInt,gt:2,GreaterThan,2)" computerName="DKSR-EFI-04" duration="00:00:00.0002123" startTime="2023-12-22T09:34:20.8971130+01:00" endTime="2023-12-22T09:34:20.9283618+01:00" testType="13cdc9d9-ddb5-4fa4-a97d-d965ccfc6d4b" outcome="Passed" testListId="8c84fa94-04c1-424b-9868-57a2d4851a1d" relativeResultsDirectory="159d707f-200b-461a-aa6e-51b85a824601" />
    <UnitTestResult executionId="8b06f17e-6857-46fc-8ccf-5f686da36e38" testId="b4bd1df9-f838-333b-ceb6-4e36ba67adc8" testName="FiltersBy_ReturnsOperatorAndValue_WhenValid (VideoOS.EventServer.Common.RestApi.Helpers.FiltersByString,'Scarlett O''Hara',Equals,Scarlett O'Hara)" computerName="DKSR-EFI-04" duration="00:00:00.0000674" startTime="2023-12-22T09:34:20.8971130+01:00" endTime="2023-12-22T09:34:20.9283618+01:00" testType="13cdc9d9-ddb5-4fa4-a97d-d965ccfc6d4b" outcome="Passed" testListId="8c84fa94-04c1-424b-9868-57a2d4851a1d" relativeResultsDirectory="8b06f17e-6857-46fc-8ccf-5f686da36e38" />
    <UnitTestResult executionId="178add4a-75b5-466c-8965-deae335c891c" testId="42915373-00f8-dc44-b01f-ebc687455343" testName="OrderBy_ReturnsTheNumberOfFilters_WhenValid" computerName="DKSR-EFI-04" duration="00:00:00.0006503" startTime="2023-12-22T09:34:21.0221123+01:00" endTime="2023-12-22T09:34:21.0221123+01:00" testType="13cdc9d9-ddb5-4fa4-a97d-d965ccfc6d4b" outcome="Passed" testListId="8c84fa94-04c1-424b-9868-57a2d4851a1d" relativeResultsDirectory="178add4a-75b5-466c-8965-deae335c891c" />
    <UnitTestResult executionId="fc03684a-b4ac-4943-aaf2-66cfd06409a1" testId="7cccab50-51d2-ac52-9e37-0ce7ae6a5d89" testName="FilterBy_ThrowsException_WhenParsingBadFilterStrings (VideoOS.EventServer.Common.RestApi.Helpers.FiltersByString,startsWith:whatever,System.FormatException)" computerName="DKSR-EFI-04" duration="00:00:00.0000474" startTime="2023-12-22T09:34:20.8971130+01:00" endTime="2023-12-22T09:34:20.8971130+01:00" testType="13cdc9d9-ddb5-4fa4-a97d-d965ccfc6d4b" outcome="Passed" testListId="8c84fa94-04c1-424b-9868-57a2d4851a1d" relativeResultsDirectory="fc03684a-b4ac-4943-aaf2-66cfd06409a1" />
    <UnitTestResult executionId="1dba3bb9-45e0-4283-b7a2-08c8e9712566" testId="decb0d49-c1a5-deaf-c47f-d8b604e513ff" testName="FilterBy_ParsesAndUnparsesCorrectly_WhenParsingGoodFilterStrings (VideoOS.EventServer.Common.RestApi.Helpers.FiltersByInt, 123 ,equals:123)" computerName="DKSR-EFI-04" duration="00:00:00.0535442" startTime="2023-12-22T09:34:20.6471114+01:00" endTime="2023-12-22T09:34:20.8814864+01:00" testType="13cdc9d9-ddb5-4fa4-a97d-d965ccfc6d4b" outcome="Passed" testListId="8c84fa94-04c1-424b-9868-57a2d4851a1d" relativeResultsDirectory="1dba3bb9-45e0-4283-b7a2-08c8e9712566" />
    <UnitTestResult executionId="1f88f03d-afb4-4b69-9dc6-5465544d2583" testId="b0d5cf61-9d67-afc1-7580-11cd9f87fcbc" testName="OrderBy_ReturnsOperatorAndValue_WhenValid (desc:'2',Descending,2)" computerName="DKSR-EFI-04" duration="00:00:00.0000446" startTime="2023-12-22T09:34:21.0377374+01:00" endTime="2023-12-22T09:34:21.0377374+01:00" testType="13cdc9d9-ddb5-4fa4-a97d-d965ccfc6d4b" outcome="Passed" testListId="8c84fa94-04c1-424b-9868-57a2d4851a1d" relativeResultsDirectory="1f88f03d-afb4-4b69-9dc6-5465544d2583" />
    <UnitTestResult executionId="bb2fd69f-f1df-4201-95c9-a906a48dd478" testId="b4bd1df9-f838-333b-ceb6-4e36ba67adc8" testName="FiltersBy_ReturnsOperatorAndValue_WhenValid (VideoOS.EventServer.Common.RestApi.Helpers.FiltersByInt,4,Equals,4)" computerName="DKSR-EFI-04" duration="00:00:00.0000242" startTime="2023-12-22T09:34:20.8971130+01:00" endTime="2023-12-22T09:34:20.9283618+01:00" testType="13cdc9d9-ddb5-4fa4-a97d-d965ccfc6d4b" outcome="Passed" testListId="8c84fa94-04c1-424b-9868-57a2d4851a1d" relativeResultsDirectory="bb2fd69f-f1df-4201-95c9-a906a48dd478" />
    <UnitTestResult executionId="9755cec8-9771-4460-8c54-d809e10e03b3" testId="7cccab50-51d2-ac52-9e37-0ce7ae6a5d89" testName="FilterBy_ThrowsException_WhenParsingBadFilterStrings (VideoOS.EventServer.Common.RestApi.Helpers.FiltersByInt,lt:1,gt:'2',System.FormatException)" computerName="DKSR-EFI-04" duration="00:00:00.0000669" startTime="2023-12-22T09:34:20.8971130+01:00" endTime="2023-12-22T09:34:20.8971130+01:00" testType="13cdc9d9-ddb5-4fa4-a97d-d965ccfc6d4b" outcome="Passed" testListId="8c84fa94-04c1-424b-9868-57a2d4851a1d" relativeResultsDirectory="9755cec8-9771-4460-8c54-d809e10e03b3" />
    <UnitTestResult executionId="950497a9-8e82-4ba3-873f-eb2427d325c9" testId="026b51b5-e2e9-2204-dac5-2099a7e66106" testName="Pagination_ReturnsNullPrevLink_WhenFirstPage" computerName="DKSR-EFI-04" duration="00:00:00.0002514" startTime="2023-12-22T09:34:21.1783652+01:00" endTime="2023-12-22T09:34:21.1783652+01:00" testType="13cdc9d9-ddb5-4fa4-a97d-d965ccfc6d4b" outcome="Passed" testListId="8c84fa94-04c1-424b-9868-57a2d4851a1d" relativeResultsDirectory="950497a9-8e82-4ba3-873f-eb2427d325c9" />
    <UnitTestResult executionId="c115fe50-e316-4800-8e7c-19d31635e22a" testId="d8aa7ea8-147e-3cd6-79ba-854fd1a7e76f" testName="OrderBy_IgnoresOperators_WhenNoQuotes" computerName="DKSR-EFI-04" duration="00:00:00.0002187" startTime="2023-12-22T09:34:21.0221123+01:00" endTime="2023-12-22T09:34:21.0221123+01:00" testType="13cdc9d9-ddb5-4fa4-a97d-d965ccfc6d4b" outcome="Passed" testListId="8c84fa94-04c1-424b-9868-57a2d4851a1d" relativeResultsDirectory="c115fe50-e316-4800-8e7c-19d31635e22a" />
    <UnitTestResult executionId="9709edca-b14f-43b0-b591-8b08be24ed67" testId="7cccab50-51d2-ac52-9e37-0ce7ae6a5d89" testName="FilterBy_ThrowsException_WhenParsingBadFilterStrings (VideoOS.EventServer.Common.RestApi.Helpers.FiltersByInt,lt:1,gt:2,unknownOperator:3,equals:4,System.ArgumentException)" computerName="DKSR-EFI-04" duration="00:00:00.0008777" startTime="2023-12-22T09:34:20.8971130+01:00" endTime="2023-12-22T09:34:20.8971130+01:00" testType="13cdc9d9-ddb5-4fa4-a97d-d965ccfc6d4b" outcome="Passed" testListId="8c84fa94-04c1-424b-9868-57a2d4851a1d" relativeResultsDirectory="9709edca-b14f-43b0-b591-8b08be24ed67" />
    <UnitTestResult executionId="20122293-4f8e-4c0f-b303-a55255d0aa60" testId="989d114a-2675-0d03-c3da-aba0b0b24967" testName="Pagination_ReturnsNullNextLink_WhenNoFurtherItems" computerName="DKSR-EFI-04" duration="00:00:00.1398835" startTime="2023-12-22T09:34:21.0377374+01:00" endTime="2023-12-22T09:34:21.1783652+01:00" testType="13cdc9d9-ddb5-4fa4-a97d-d965ccfc6d4b" outcome="Passed" testListId="8c84fa94-04c1-424b-9868-57a2d4851a1d" relativeResultsDirectory="20122293-4f8e-4c0f-b303-a55255d0aa60" />
    <UnitTestResult executionId="a531e43b-2eb4-41d2-b912-a052b7acb7a6" testId="944103d6-5479-39fe-21cf-eb00e927e907" testName="Pagination_ReturnsPrevAndNextLinks_WhenPaginationNeededAndAdditionalQueryParameters" computerName="DKSR-EFI-04" duration="00:00:00.0417170" startTime="2023-12-22T09:34:21.1939900+01:00" endTime="2023-12-22T09:34:21.2252381+01:00" testType="13cdc9d9-ddb5-4fa4-a97d-d965ccfc6d4b" outcome="Passed" testListId="8c84fa94-04c1-424b-9868-57a2d4851a1d" relativeResultsDirectory="a531e43b-2eb4-41d2-b912-a052b7acb7a6" />
    <UnitTestResult executionId="2637af88-7a16-4ca4-99fb-9d526fcb12f3" testId="b4bd1df9-f838-333b-ceb6-4e36ba67adc8" testName="FiltersBy_ReturnsOperatorAndValue_WhenValid (VideoOS.EventServer.Common.RestApi.Helpers.FiltersByString,startsWith:'abcdef',BeginsWith,abcdef)" computerName="DKSR-EFI-04" duration="00:00:00.0000940" startTime="2023-12-22T09:34:20.8971130+01:00" endTime="2023-12-22T09:34:20.9283618+01:00" testType="13cdc9d9-ddb5-4fa4-a97d-d965ccfc6d4b" outcome="Passed" testListId="8c84fa94-04c1-424b-9868-57a2d4851a1d" relativeResultsDirectory="2637af88-7a16-4ca4-99fb-9d526fcb12f3" />
  </Results>
  <TestDefinitions>
    <UnitTest name="Iso8601Datetime_Accepts_ValidTimestamps (2023-02-28T21:44:31Z,True)" storage="d:\actions-runner\_work\xpco\xpco\eventserver\server\components\central\videoos.eventserver.common.restapi.unittest\bin\debug\net472\videoos.eventserver.common.restapi.unittest.dll" id="6e30856c-2d9e-138f-7906-123d83939ea2">
      <Execution id="c7747294-f490-4296-84ce-b9817b6d14af" />
      <TestMethod codeBase="D:\actions-runner\_work\XPCO\XPCO\EventServer\Server\Components\Central\VideoOS.EventServer.Common.RestApi.UnitTest\bin\Debug\net472\VideoOS.EventServer.Common.RestApi.UnitTest.dll" adapterTypeName="executor://mstestadapter/v2" className="VideoOS.EventServer.Common.RestApi.UnitTest.Helpers.Iso8601DatetimeTest" name="Iso8601Datetime_Accepts_ValidTimestamps" />
    </UnitTest>
    <UnitTest name="FiltersBy_ReturnsOperatorAndValue_WhenValid" storage="d:\actions-runner\_work\xpco\xpco\eventserver\server\components\central\videoos.eventserver.common.restapi.unittest\bin\debug\net472\videoos.eventserver.common.restapi.unittest.dll" id="b4bd1df9-f838-333b-ceb6-4e36ba67adc8">
      <Execution id="4d583b7b-baa9-4f47-bc21-5e0bdbce7cb1" />
      <TestMethod codeBase="D:\actions-runner\_work\XPCO\XPCO\EventServer\Server\Components\Central\VideoOS.EventServer.Common.RestApi.UnitTest\bin\Debug\net472\VideoOS.EventServer.Common.RestApi.UnitTest.dll" adapterTypeName="executor://mstestadapter/v2" className="VideoOS.EventServer.Common.RestApi.UnitTest.Helpers.FiltersByTest" name="FiltersBy_ReturnsOperatorAndValue_WhenValid" />
    </UnitTest>
    <UnitTest name="FilterBy_ThrowsException_WhenParsingBadFilterStrings" storage="d:\actions-runner\_work\xpco\xpco\eventserver\server\components\central\videoos.eventserver.common.restapi.unittest\bin\debug\net472\videoos.eventserver.common.restapi.unittest.dll" id="7cccab50-51d2-ac52-9e37-0ce7ae6a5d89">
      <Execution id="9709edca-b14f-43b0-b591-8b08be24ed67" />
      <TestMethod codeBase="D:\actions-runner\_work\XPCO\XPCO\EventServer\Server\Components\Central\VideoOS.EventServer.Common.RestApi.UnitTest\bin\Debug\net472\VideoOS.EventServer.Common.RestApi.UnitTest.dll" adapterTypeName="executor://mstestadapter/v2" className="VideoOS.EventServer.Common.RestApi.UnitTest.Helpers.FiltersByTest" name="FilterBy_ThrowsException_WhenParsingBadFilterStrings" />
    </UnitTest>
    <UnitTest name="OrderBy_IgnoresOperators_WhenUnknown" storage="d:\actions-runner\_work\xpco\xpco\eventserver\server\components\central\videoos.eventserver.common.restapi.unittest\bin\debug\net472\videoos.eventserver.common.restapi.unittest.dll" id="ca3c6706-474d-cdda-4365-82da14b65e2b">
      <Execution id="b9b509d9-22f6-487a-9cab-367625b6a850" />
      <TestMethod codeBase="D:\actions-runner\_work\XPCO\XPCO\EventServer\Server\Components\Central\VideoOS.EventServer.Common.RestApi.UnitTest\bin\Debug\net472\VideoOS.EventServer.Common.RestApi.UnitTest.dll" adapterTypeName="executor://mstestadapter/v2" className="VideoOS.EventServer.Common.RestApi.UnitTest.Helpers.OrderByTest" name="OrderBy_IgnoresOperators_WhenUnknown" />
    </UnitTest>
    <UnitTest name="Iso8601Datetime_Accepts_ValidTimestamps (123,False)" storage="d:\actions-runner\_work\xpco\xpco\eventserver\server\components\central\videoos.eventserver.common.restapi.unittest\bin\debug\net472\videoos.eventserver.common.restapi.unittest.dll" id="9c8fb289-d9d8-c023-b014-1810d6f1fd3d">
      <Execution id="dcbfc349-ee66-4f4e-983e-7946a3b3cf59" />
      <TestMethod codeBase="D:\actions-runner\_work\XPCO\XPCO\EventServer\Server\Components\Central\VideoOS.EventServer.Common.RestApi.UnitTest\bin\Debug\net472\VideoOS.EventServer.Common.RestApi.UnitTest.dll" adapterTypeName="executor://mstestadapter/v2" className="VideoOS.EventServer.Common.RestApi.UnitTest.Helpers.Iso8601DatetimeTest" name="Iso8601Datetime_Accepts_ValidTimestamps" />
    </UnitTest>
    <UnitTest name="OrderBy_IgnoresOperators_WhenNoQuotes" storage="d:\actions-runner\_work\xpco\xpco\eventserver\server\components\central\videoos.eventserver.common.restapi.unittest\bin\debug\net472\videoos.eventserver.common.restapi.unittest.dll" id="d8aa7ea8-147e-3cd6-79ba-854fd1a7e76f">
      <Execution id="c115fe50-e316-4800-8e7c-19d31635e22a" />
      <TestMethod codeBase="D:\actions-runner\_work\XPCO\XPCO\EventServer\Server\Components\Central\VideoOS.EventServer.Common.RestApi.UnitTest\bin\Debug\net472\VideoOS.EventServer.Common.RestApi.UnitTest.dll" adapterTypeName="executor://mstestadapter/v2" className="VideoOS.EventServer.Common.RestApi.UnitTest.Helpers.OrderByTest" name="OrderBy_IgnoresOperators_WhenNoQuotes" />
    </UnitTest>
    <UnitTest name="OrderBy_ReturnsOperatorAndValue_WhenValid (desc:'2',Descending,2)" storage="d:\actions-runner\_work\xpco\xpco\eventserver\server\components\central\videoos.eventserver.common.restapi.unittest\bin\debug\net472\videoos.eventserver.common.restapi.unittest.dll" id="b0d5cf61-9d67-afc1-7580-11cd9f87fcbc">
      <Execution id="1f88f03d-afb4-4b69-9dc6-5465544d2583" />
      <TestMethod codeBase="D:\actions-runner\_work\XPCO\XPCO\EventServer\Server\Components\Central\VideoOS.EventServer.Common.RestApi.UnitTest\bin\Debug\net472\VideoOS.EventServer.Common.RestApi.UnitTest.dll" adapterTypeName="executor://mstestadapter/v2" className="VideoOS.EventServer.Common.RestApi.UnitTest.Helpers.OrderByTest" name="OrderBy_ReturnsOperatorAndValue_WhenValid" />
    </UnitTest>
    <UnitTest name="OrderBy_ReturnsTheNumberOfFilters_WhenValid" storage="d:\actions-runner\_work\xpco\xpco\eventserver\server\components\central\videoos.eventserver.common.restapi.unittest\bin\debug\net472\videoos.eventserver.common.restapi.unittest.dll" id="42915373-00f8-dc44-b01f-ebc687455343">
      <Execution id="178add4a-75b5-466c-8965-deae335c891c" />
      <TestMethod codeBase="D:\actions-runner\_work\XPCO\XPCO\EventServer\Server\Components\Central\VideoOS.EventServer.Common.RestApi.UnitTest\bin\Debug\net472\VideoOS.EventServer.Common.RestApi.UnitTest.dll" adapterTypeName="executor://mstestadapter/v2" className="VideoOS.EventServer.Common.RestApi.UnitTest.Helpers.OrderByTest" name="OrderBy_ReturnsTheNumberOfFilters_WhenValid" />
    </UnitTest>
    <UnitTest name="Iso8601Datetime_Accepts_ValidTimestamps (2023-02-28T21:44,True)" storage="d:\actions-runner\_work\xpco\xpco\eventserver\server\components\central\videoos.eventserver.common.restapi.unittest\bin\debug\net472\videoos.eventserver.common.restapi.unittest.dll" id="797a4298-07fd-73ee-e51f-69458c3e52e2">
      <Execution id="5ba2ea0a-06c2-4203-87f8-1d398185172c" />
      <TestMethod codeBase="D:\actions-runner\_work\XPCO\XPCO\EventServer\Server\Components\Central\VideoOS.EventServer.Common.RestApi.UnitTest\bin\Debug\net472\VideoOS.EventServer.Common.RestApi.UnitTest.dll" adapterTypeName="executor://mstestadapter/v2" className="VideoOS.EventServer.Common.RestApi.UnitTest.Helpers.Iso8601DatetimeTest" name="Iso8601Datetime_Accepts_ValidTimestamps" />
    </UnitTest>
    <UnitTest name="Pagination_ReturnsPrevAndNextLinks_WhenPaginationNeededAndAdditionalQueryParameters" storage="d:\actions-runner\_work\xpco\xpco\eventserver\server\components\central\videoos.eventserver.common.restapi.unittest\bin\debug\net472\videoos.eventserver.common.restapi.unittest.dll" id="944103d6-5479-39fe-21cf-eb00e927e907">
      <Execution id="a531e43b-2eb4-41d2-b912-a052b7acb7a6" />
      <TestMethod codeBase="D:\actions-runner\_work\XPCO\XPCO\EventServer\Server\Components\Central\VideoOS.EventServer.Common.RestApi.UnitTest\bin\Debug\net472\VideoOS.EventServer.Common.RestApi.UnitTest.dll" adapterTypeName="executor://mstestadapter/v2" className="VideoOS.EventServer.Common.RestApi.UnitTest.Helpers.PaginationTest" name="Pagination_ReturnsPrevAndNextLinks_WhenPaginationNeededAndAdditionalQueryParameters" />
    </UnitTest>
    <UnitTest name="Pagination_ReturnsNullNextLink_WhenNoFurtherItems" storage="d:\actions-runner\_work\xpco\xpco\eventserver\server\components\central\videoos.eventserver.common.restapi.unittest\bin\debug\net472\videoos.eventserver.common.restapi.unittest.dll" id="989d114a-2675-0d03-c3da-aba0b0b24967">
      <Execution id="20122293-4f8e-4c0f-b303-a55255d0aa60" />
      <TestMethod codeBase="D:\actions-runner\_work\XPCO\XPCO\EventServer\Server\Components\Central\VideoOS.EventServer.Common.RestApi.UnitTest\bin\Debug\net472\VideoOS.EventServer.Common.RestApi.UnitTest.dll" adapterTypeName="executor://mstestadapter/v2" className="VideoOS.EventServer.Common.RestApi.UnitTest.Helpers.PaginationTest" name="Pagination_ReturnsNullNextLink_WhenNoFurtherItems" />
    </UnitTest>
    <UnitTest name="OrderBy_ReturnsOperatorAndValue_WhenValid (asc:'asdfdf',Ascending,asdfdf)" storage="d:\actions-runner\_work\xpco\xpco\eventserver\server\components\central\videoos.eventserver.common.restapi.unittest\bin\debug\net472\videoos.eventserver.common.restapi.unittest.dll" id="457c5a90-315c-5aca-98fc-f5d3d7f53a75">
      <Execution id="528b9b7a-33a4-42e4-802c-71009fa82e2d" />
      <TestMethod codeBase="D:\actions-runner\_work\XPCO\XPCO\EventServer\Server\Components\Central\VideoOS.EventServer.Common.RestApi.UnitTest\bin\Debug\net472\VideoOS.EventServer.Common.RestApi.UnitTest.dll" adapterTypeName="executor://mstestadapter/v2" className="VideoOS.EventServer.Common.RestApi.UnitTest.Helpers.OrderByTest" name="OrderBy_ReturnsOperatorAndValue_WhenValid" />
    </UnitTest>
    <UnitTest name="OrderBy_ReturnsOperatorsInOrder_WhenValid" storage="d:\actions-runner\_work\xpco\xpco\eventserver\server\components\central\videoos.eventserver.common.restapi.unittest\bin\debug\net472\videoos.eventserver.common.restapi.unittest.dll" id="cc5a1e3d-784a-ff32-5688-0f4b7ca76895">
      <Execution id="2b0596de-8a1a-4ade-a55c-f23511961458" />
      <TestMethod codeBase="D:\actions-runner\_work\XPCO\XPCO\EventServer\Server\Components\Central\VideoOS.EventServer.Common.RestApi.UnitTest\bin\Debug\net472\VideoOS.EventServer.Common.RestApi.UnitTest.dll" adapterTypeName="executor://mstestadapter/v2" className="VideoOS.EventServer.Common.RestApi.UnitTest.Helpers.OrderByTest" name="OrderBy_ReturnsOperatorsInOrder_WhenValid" />
    </UnitTest>
    <UnitTest name="OrderBy_ReturnsOperatorAndValue_WhenValid (desc:'asdfdf',Descending,asdfdf)" storage="d:\actions-runner\_work\xpco\xpco\eventserver\server\components\central\videoos.eventserver.common.restapi.unittest\bin\debug\net472\videoos.eventserver.common.restapi.unittest.dll" id="b0b6730b-f4b4-acab-8b74-5729f2f9d1bb">
      <Execution id="6702b053-c1e4-4e6e-8a9f-ec89c2acad8f" />
      <TestMethod codeBase="D:\actions-runner\_work\XPCO\XPCO\EventServer\Server\Components\Central\VideoOS.EventServer.Common.RestApi.UnitTest\bin\Debug\net472\VideoOS.EventServer.Common.RestApi.UnitTest.dll" adapterTypeName="executor://mstestadapter/v2" className="VideoOS.EventServer.Common.RestApi.UnitTest.Helpers.OrderByTest" name="OrderBy_ReturnsOperatorAndValue_WhenValid" />
    </UnitTest>
    <UnitTest name="FilterBy_ParsesAndUnparsesCorrectly_WhenParsingGoodFilterStrings" storage="d:\actions-runner\_work\xpco\xpco\eventserver\server\components\central\videoos.eventserver.common.restapi.unittest\bin\debug\net472\videoos.eventserver.common.restapi.unittest.dll" id="decb0d49-c1a5-deaf-c47f-d8b604e513ff">
      <Execution id="1dba3bb9-45e0-4283-b7a2-08c8e9712566" />
      <TestMethod codeBase="D:\actions-runner\_work\XPCO\XPCO\EventServer\Server\Components\Central\VideoOS.EventServer.Common.RestApi.UnitTest\bin\Debug\net472\VideoOS.EventServer.Common.RestApi.UnitTest.dll" adapterTypeName="executor://mstestadapter/v2" className="VideoOS.EventServer.Common.RestApi.UnitTest.Helpers.FiltersByTest" name="FilterBy_ParsesAndUnparsesCorrectly_WhenParsingGoodFilterStrings" />
    </UnitTest>
    <UnitTest name="Pagination_ReturnsNullPrevLink_WhenFirstPage" storage="d:\actions-runner\_work\xpco\xpco\eventserver\server\components\central\videoos.eventserver.common.restapi.unittest\bin\debug\net472\videoos.eventserver.common.restapi.unittest.dll" id="026b51b5-e2e9-2204-dac5-2099a7e66106">
      <Execution id="950497a9-8e82-4ba3-873f-eb2427d325c9" />
      <TestMethod codeBase="D:\actions-runner\_work\XPCO\XPCO\EventServer\Server\Components\Central\VideoOS.EventServer.Common.RestApi.UnitTest\bin\Debug\net472\VideoOS.EventServer.Common.RestApi.UnitTest.dll" adapterTypeName="executor://mstestadapter/v2" className="VideoOS.EventServer.Common.RestApi.UnitTest.Helpers.PaginationTest" name="Pagination_ReturnsNullPrevLink_WhenFirstPage" />
    </UnitTest>
    <UnitTest name="IncludeQueryParameter_InitializesCorrecltyDataMember_OnDifferentInput" storage="d:\actions-runner\_work\xpco\xpco\eventserver\server\components\central\videoos.eventserver.common.restapi.unittest\bin\debug\net472\videoos.eventserver.common.restapi.unittest.dll" id="865fc926-db19-adf5-0ed5-ebb64cd1b099">
      <Execution id="668de0e3-df13-45dc-9278-13a867eda48b" />
      <TestMethod codeBase="D:\actions-runner\_work\XPCO\XPCO\EventServer\Server\Components\Central\VideoOS.EventServer.Common.RestApi.UnitTest\bin\Debug\net472\VideoOS.EventServer.Common.RestApi.UnitTest.dll" adapterTypeName="executor://mstestadapter/v2" className="VideoOS.EventServer.Common.RestApi.UnitTest.Helpers.IncludeQueryParameterTest" name="IncludeQueryParameter_InitializesCorrecltyDataMember_OnDifferentInput" />
    </UnitTest>
    <UnitTest name="Iso8601Datetime_Accepts_ValidTimestamps (2023-02-28T21:44:31.3806759Z,True)" storage="d:\actions-runner\_work\xpco\xpco\eventserver\server\components\central\videoos.eventserver.common.restapi.unittest\bin\debug\net472\videoos.eventserver.common.restapi.unittest.dll" id="1f6f174a-444d-4b09-1141-5dabefe4d045">
      <Execution id="db32d08c-328d-4406-ab6b-3b1ffc92974c" />
      <TestMethod codeBase="D:\actions-runner\_work\XPCO\XPCO\EventServer\Server\Components\Central\VideoOS.EventServer.Common.RestApi.UnitTest\bin\Debug\net472\VideoOS.EventServer.Common.RestApi.UnitTest.dll" adapterTypeName="executor://mstestadapter/v2" className="VideoOS.EventServer.Common.RestApi.UnitTest.Helpers.Iso8601DatetimeTest" name="Iso8601Datetime_Accepts_ValidTimestamps" />
    </UnitTest>
    <UnitTest name="Pagination_ReturnsPrevAndNextLinks_WhenPaginationNeededAndNoAdditionalQueryParameters" storage="d:\actions-runner\_work\xpco\xpco\eventserver\server\components\central\videoos.eventserver.common.restapi.unittest\bin\debug\net472\videoos.eventserver.common.restapi.unittest.dll" id="0b190f7d-5f76-6ca9-7713-2e5514ae8c20">
      <Execution id="7cd1f3f1-e53b-40e8-8e70-ef9ba6d02f59" />
      <TestMethod codeBase="D:\actions-runner\_work\XPCO\XPCO\EventServer\Server\Components\Central\VideoOS.EventServer.Common.RestApi.UnitTest\bin\Debug\net472\VideoOS.EventServer.Common.RestApi.UnitTest.dll" adapterTypeName="executor://mstestadapter/v2" className="VideoOS.EventServer.Common.RestApi.UnitTest.Helpers.PaginationTest" name="Pagination_ReturnsPrevAndNextLinks_WhenPaginationNeededAndNoAdditionalQueryParameters" />
    </UnitTest>
    <UnitTest name="OrderBy_ReturnsOperatorAndValue_WhenValid (asc:'1',Ascending,1)" storage="d:\actions-runner\_work\xpco\xpco\eventserver\server\components\central\videoos.eventserver.common.restapi.unittest\bin\debug\net472\videoos.eventserver.common.restapi.unittest.dll" id="ede3a1ec-fbf5-3b53-6f08-daba88a4daa5">
      <Execution id="c6a0dbd8-a83a-4d05-a5e2-f9e1f012be64" />
      <TestMethod codeBase="D:\actions-runner\_work\XPCO\XPCO\EventServer\Server\Components\Central\VideoOS.EventServer.Common.RestApi.UnitTest\bin\Debug\net472\VideoOS.EventServer.Common.RestApi.UnitTest.dll" adapterTypeName="executor://mstestadapter/v2" className="VideoOS.EventServer.Common.RestApi.UnitTest.Helpers.OrderByTest" name="OrderBy_ReturnsOperatorAndValue_WhenValid" />
    </UnitTest>
  </TestDefinitions>
  <TestEntries>
    <TestEntry testId="decb0d49-c1a5-deaf-c47f-d8b604e513ff" executionId="bfce0d0b-b45a-4dc7-be24-39bf4e3f1237" testListId="8c84fa94-04c1-424b-9868-57a2d4851a1d" />
    <TestEntry testId="cc5a1e3d-784a-ff32-5688-0f4b7ca76895" executionId="2b0596de-8a1a-4ade-a55c-f23511961458" testListId="8c84fa94-04c1-424b-9868-57a2d4851a1d" />
    <TestEntry testId="1f6f174a-444d-4b09-1141-5dabefe4d045" executionId="db32d08c-328d-4406-ab6b-3b1ffc92974c" testListId="8c84fa94-04c1-424b-9868-57a2d4851a1d" />
    <TestEntry testId="7cccab50-51d2-ac52-9e37-0ce7ae6a5d89" executionId="2cac7f7a-3f27-4f66-86e2-2a49a2d02e01" testListId="8c84fa94-04c1-424b-9868-57a2d4851a1d" />
    <TestEntry testId="7cccab50-51d2-ac52-9e37-0ce7ae6a5d89" executionId="4327cffe-19ca-4fd4-982e-17b177dee1c8" testListId="8c84fa94-04c1-424b-9868-57a2d4851a1d" />
    <TestEntry testId="0b190f7d-5f76-6ca9-7713-2e5514ae8c20" executionId="7cd1f3f1-e53b-40e8-8e70-ef9ba6d02f59" testListId="8c84fa94-04c1-424b-9868-57a2d4851a1d" />
    <TestEntry testId="457c5a90-315c-5aca-98fc-f5d3d7f53a75" executionId="528b9b7a-33a4-42e4-802c-71009fa82e2d" testListId="8c84fa94-04c1-424b-9868-57a2d4851a1d" />
    <TestEntry testId="b4bd1df9-f838-333b-ceb6-4e36ba67adc8" executionId="8a1a9928-6c25-4711-ad84-014d2e8ff77d" testListId="8c84fa94-04c1-424b-9868-57a2d4851a1d" />
    <TestEntry testId="b4bd1df9-f838-333b-ceb6-4e36ba67adc8" executionId="71399b7f-8f2a-41b5-af74-e8c6f2c21534" testListId="8c84fa94-04c1-424b-9868-57a2d4851a1d" />
    <TestEntry testId="b4bd1df9-f838-333b-ceb6-4e36ba67adc8" executionId="ec3f6ea1-da12-4d2f-bd92-4bc783ae1ac3" testListId="8c84fa94-04c1-424b-9868-57a2d4851a1d" />
    <TestEntry testId="ca3c6706-474d-cdda-4365-82da14b65e2b" executionId="b9b509d9-22f6-487a-9cab-367625b6a850" testListId="8c84fa94-04c1-424b-9868-57a2d4851a1d" />
    <TestEntry testId="b4bd1df9-f838-333b-ceb6-4e36ba67adc8" executionId="d23cd4ef-d301-47ea-881b-adb232374f43" testListId="8c84fa94-04c1-424b-9868-57a2d4851a1d" />
    <TestEntry testId="b4bd1df9-f838-333b-ceb6-4e36ba67adc8" executionId="a5b03cd0-e2e9-49ea-9184-0fc3a16b9ba9" testListId="8c84fa94-04c1-424b-9868-57a2d4851a1d" />
    <TestEntry testId="decb0d49-c1a5-deaf-c47f-d8b604e513ff" executionId="71ebc577-5960-4cef-9053-63577515e267" testListId="8c84fa94-04c1-424b-9868-57a2d4851a1d" />
    <TestEntry testId="7cccab50-51d2-ac52-9e37-0ce7ae6a5d89" executionId="779a368e-17e6-464a-b893-8ba9b2c5571f" testListId="8c84fa94-04c1-424b-9868-57a2d4851a1d" />
    <TestEntry testId="b4bd1df9-f838-333b-ceb6-4e36ba67adc8" executionId="392b6217-fb16-4b5f-bc51-b984e48788f7" testListId="8c84fa94-04c1-424b-9868-57a2d4851a1d" />
    <TestEntry testId="b4bd1df9-f838-333b-ceb6-4e36ba67adc8" executionId="4b1ebc00-db9a-43c1-9f88-ffab4278fd06" testListId="8c84fa94-04c1-424b-9868-57a2d4851a1d" />
    <TestEntry testId="decb0d49-c1a5-deaf-c47f-d8b604e513ff" executionId="16eace98-d9aa-48fd-9c17-64f8b68d2206" testListId="8c84fa94-04c1-424b-9868-57a2d4851a1d" />
    <TestEntry testId="865fc926-db19-adf5-0ed5-ebb64cd1b099" executionId="668de0e3-df13-45dc-9278-13a867eda48b" testListId="8c84fa94-04c1-424b-9868-57a2d4851a1d" />
    <TestEntry testId="b0b6730b-f4b4-acab-8b74-5729f2f9d1bb" executionId="6702b053-c1e4-4e6e-8a9f-ec89c2acad8f" testListId="8c84fa94-04c1-424b-9868-57a2d4851a1d" />
    <TestEntry testId="797a4298-07fd-73ee-e51f-69458c3e52e2" executionId="5ba2ea0a-06c2-4203-87f8-1d398185172c" testListId="8c84fa94-04c1-424b-9868-57a2d4851a1d" />
    <TestEntry testId="ede3a1ec-fbf5-3b53-6f08-daba88a4daa5" executionId="c6a0dbd8-a83a-4d05-a5e2-f9e1f012be64" testListId="8c84fa94-04c1-424b-9868-57a2d4851a1d" />
    <TestEntry testId="b4bd1df9-f838-333b-ceb6-4e36ba67adc8" executionId="0d7319e4-460b-4fde-a155-9b0c8ec39a83" testListId="8c84fa94-04c1-424b-9868-57a2d4851a1d" />
    <TestEntry testId="b4bd1df9-f838-333b-ceb6-4e36ba67adc8" executionId="8a364e95-e9e6-4772-b6bc-9a788501166b" testListId="8c84fa94-04c1-424b-9868-57a2d4851a1d" />
    <TestEntry testId="b4bd1df9-f838-333b-ceb6-4e36ba67adc8" executionId="ff22114b-046a-4093-a74f-16fe08f1d28f" testListId="8c84fa94-04c1-424b-9868-57a2d4851a1d" />
    <TestEntry testId="7cccab50-51d2-ac52-9e37-0ce7ae6a5d89" executionId="b20e40e4-16b6-478d-86c2-67dab862272a" testListId="8c84fa94-04c1-424b-9868-57a2d4851a1d" />
    <TestEntry testId="b4bd1df9-f838-333b-ceb6-4e36ba67adc8" executionId="e2753cb4-aa19-4286-867d-406f89200cf7" testListId="8c84fa94-04c1-424b-9868-57a2d4851a1d" />
    <TestEntry testId="b4bd1df9-f838-333b-ceb6-4e36ba67adc8" executionId="4d583b7b-baa9-4f47-bc21-5e0bdbce7cb1" testListId="8c84fa94-04c1-424b-9868-57a2d4851a1d" />
    <TestEntry testId="6e30856c-2d9e-138f-7906-123d83939ea2" executionId="c7747294-f490-4296-84ce-b9817b6d14af" testListId="8c84fa94-04c1-424b-9868-57a2d4851a1d" />
    <TestEntry testId="9c8fb289-d9d8-c023-b014-1810d6f1fd3d" executionId="dcbfc349-ee66-4f4e-983e-7946a3b3cf59" testListId="8c84fa94-04c1-424b-9868-57a2d4851a1d" />
    <TestEntry testId="decb0d49-c1a5-deaf-c47f-d8b604e513ff" executionId="1a394e4b-2fa4-47bf-9e38-8b32fdf085a8" testListId="8c84fa94-04c1-424b-9868-57a2d4851a1d" />
    <TestEntry testId="b4bd1df9-f838-333b-ceb6-4e36ba67adc8" executionId="159d707f-200b-461a-aa6e-51b85a824601" testListId="8c84fa94-04c1-424b-9868-57a2d4851a1d" />
    <TestEntry testId="b4bd1df9-f838-333b-ceb6-4e36ba67adc8" executionId="8b06f17e-6857-46fc-8ccf-5f686da36e38" testListId="8c84fa94-04c1-424b-9868-57a2d4851a1d" />
    <TestEntry testId="42915373-00f8-dc44-b01f-ebc687455343" executionId="178add4a-75b5-466c-8965-deae335c891c" testListId="8c84fa94-04c1-424b-9868-57a2d4851a1d" />
    <TestEntry testId="7cccab50-51d2-ac52-9e37-0ce7ae6a5d89" executionId="fc03684a-b4ac-4943-aaf2-66cfd06409a1" testListId="8c84fa94-04c1-424b-9868-57a2d4851a1d" />
    <TestEntry testId="decb0d49-c1a5-deaf-c47f-d8b604e513ff" executionId="1dba3bb9-45e0-4283-b7a2-08c8e9712566" testListId="8c84fa94-04c1-424b-9868-57a2d4851a1d" />
    <TestEntry testId="b0d5cf61-9d67-afc1-7580-11cd9f87fcbc" executionId="1f88f03d-afb4-4b69-9dc6-5465544d2583" testListId="8c84fa94-04c1-424b-9868-57a2d4851a1d" />
    <TestEntry testId="b4bd1df9-f838-333b-ceb6-4e36ba67adc8" executionId="bb2fd69f-f1df-4201-95c9-a906a48dd478" testListId="8c84fa94-04c1-424b-9868-57a2d4851a1d" />
    <TestEntry testId="7cccab50-51d2-ac52-9e37-0ce7ae6a5d89" executionId="9755cec8-9771-4460-8c54-d809e10e03b3" testListId="8c84fa94-04c1-424b-9868-57a2d4851a1d" />
    <TestEntry testId="026b51b5-e2e9-2204-dac5-2099a7e66106" executionId="950497a9-8e82-4ba3-873f-eb2427d325c9" testListId="8c84fa94-04c1-424b-9868-57a2d4851a1d" />
    <TestEntry testId="d8aa7ea8-147e-3cd6-79ba-854fd1a7e76f" executionId="c115fe50-e316-4800-8e7c-19d31635e22a" testListId="8c84fa94-04c1-424b-9868-57a2d4851a1d" />
    <TestEntry testId="7cccab50-51d2-ac52-9e37-0ce7ae6a5d89" executionId="9709edca-b14f-43b0-b591-8b08be24ed67" testListId="8c84fa94-04c1-424b-9868-57a2d4851a1d" />
    <TestEntry testId="989d114a-2675-0d03-c3da-aba0b0b24967" executionId="20122293-4f8e-4c0f-b303-a55255d0aa60" testListId="8c84fa94-04c1-424b-9868-57a2d4851a1d" />
    <TestEntry testId="944103d6-5479-39fe-21cf-eb00e927e907" executionId="a531e43b-2eb4-41d2-b912-a052b7acb7a6" testListId="8c84fa94-04c1-424b-9868-57a2d4851a1d" />
    <TestEntry testId="b4bd1df9-f838-333b-ceb6-4e36ba67adc8" executionId="2637af88-7a16-4ca4-99fb-9d526fcb12f3" testListId="8c84fa94-04c1-424b-9868-57a2d4851a1d" />
  </TestEntries>
  <TestLists>
    <TestList name="Results Not in a List" id="8c84fa94-04c1-424b-9868-57a2d4851a1d" />
    <TestList name="All Loaded Results" id="19431567-8539-422a-85d7-44ee4e166bda" />
  </TestLists>
  <ResultSummary outcome="Completed">
    <Counters total="45" executed="45" passed="45" failed="0" error="0" timeout="0" aborted="0" inconclusive="0" passedButRunAborted="0" notRunnable="0" notExecuted="0" disconnected="0" warning="0" completed="0" inProgress="0" pending="0" />
  </ResultSummary>
</TestRun>