<?xml version="1.0" encoding="utf-8"?>
<TestRun id="cd82837f-67a8-41f9-89a3-3b6ad43d655b" name="DKSR-EFI-04$@DKSR-EFI-04 2023-12-22 09:34:27" runUser="NT AUTHORITY\NETWORK SERVICE" xmlns="http://microsoft.com/schemas/VisualStudio/TeamTest/2010">
  <Times creation="2023-12-22T09:34:27.6471460+01:00" queuing="2023-12-22T09:34:27.6471460+01:00" start="2023-12-22T09:34:26.7252660+01:00" finish="2023-12-22T09:34:27.7252730+01:00" />
  <TestSettings name="default" id="99822574-c587-4258-8f69-24c707a2697c">
    <Deployment runDeploymentRoot="DKSR-EFI-04$_DKSR-EFI-04_2023-12-22_09_34_27" />
  </TestSettings>
  <Results>
    <UnitTestResult executionId="0426cbb8-8b52-43c6-876d-7090a8fdaee6" testId="1cfc2f26-c47a-a574-c8a1-157f05e6f0fb" testName="TestSingleIntAggregation" computerName="DKSR-EFI-04" duration="00:00:00.0291640" startTime="2023-12-22T09:34:27.3971463+01:00" endTime="2023-12-22T09:34:27.4596442+01:00" testType="13cdc9d9-ddb5-4fa4-a97d-d965ccfc6d4b" outcome="Passed" testListId="8c84fa94-04c1-424b-9868-57a2d4851a1d" relativeResultsDirectory="0426cbb8-8b52-43c6-876d-7090a8fdaee6" />
    <UnitTestResult executionId="89b240c3-cf62-4a04-9f56-e93bc4d4a635" testId="636ba3c7-748f-f5fa-d7fd-c0416bf4d65e" testName="TestMultpleStringsAndExceptionsAggregation" computerName="DKSR-EFI-04" duration="00:00:00.0208069" startTime="2023-12-22T09:34:27.5221463+01:00" endTime="2023-12-22T09:34:27.5377719+01:00" testType="13cdc9d9-ddb5-4fa4-a97d-d965ccfc6d4b" outcome="Passed" testListId="8c84fa94-04c1-424b-9868-57a2d4851a1d" relativeResultsDirectory="89b240c3-cf62-4a04-9f56-e93bc4d4a635" />
    <UnitTestResult executionId="696365d9-2bd3-435a-9d15-c2f9ec372dbd" testId="7b73f3cb-e521-b1d8-0255-c8c946de37f8" testName="TestSingleStringAggregation" computerName="DKSR-EFI-04" duration="00:00:00.0056818" startTime="2023-12-22T09:34:27.4908955+01:00" endTime="2023-12-22T09:34:27.4908955+01:00" testType="13cdc9d9-ddb5-4fa4-a97d-d965ccfc6d4b" outcome="Passed" testListId="8c84fa94-04c1-424b-9868-57a2d4851a1d" relativeResultsDirectory="696365d9-2bd3-435a-9d15-c2f9ec372dbd" />
    <UnitTestResult executionId="57cace29-4053-4a31-84b6-0e8e64fe8b33" testId="cfee7a8f-28c4-5e8c-a5ca-296a0938fbba" testName="TestMultpleStringsAggregation" computerName="DKSR-EFI-04" duration="00:00:00.0176960" startTime="2023-12-22T09:34:27.4908955+01:00" endTime="2023-12-22T09:34:27.5221463+01:00" testType="13cdc9d9-ddb5-4fa4-a97d-d965ccfc6d4b" outcome="Passed" testListId="8c84fa94-04c1-424b-9868-57a2d4851a1d" relativeResultsDirectory="57cace29-4053-4a31-84b6-0e8e64fe8b33" />
    <UnitTestResult executionId="e10fbd02-5294-49e6-a74d-2c5ceb77cf96" testId="44460e6a-a1eb-2979-67e6-57fb1977478f" testName="TestSingleStringExceptionAggregation" computerName="DKSR-EFI-04" duration="00:00:00.0014907" startTime="2023-12-22T09:34:27.4908955+01:00" endTime="2023-12-22T09:34:27.4908955+01:00" testType="13cdc9d9-ddb5-4fa4-a97d-d965ccfc6d4b" outcome="Passed" testListId="8c84fa94-04c1-424b-9868-57a2d4851a1d" relativeResultsDirectory="e10fbd02-5294-49e6-a74d-2c5ceb77cf96" />
    <UnitTestResult executionId="8e3822f4-11fc-4346-8e53-fd095ccc337c" testId="a12d7672-9c41-5bd8-c119-0574524e9f8b" testName="TestSingleIntExceptionAggregation" computerName="DKSR-EFI-04" duration="00:00:00.0083747" startTime="2023-12-22T09:34:27.4752710+01:00" endTime="2023-12-22T09:34:27.4908955+01:00" testType="13cdc9d9-ddb5-4fa4-a97d-d965ccfc6d4b" outcome="Passed" testListId="8c84fa94-04c1-424b-9868-57a2d4851a1d" relativeResultsDirectory="8e3822f4-11fc-4346-8e53-fd095ccc337c" />
    <UnitTestResult executionId="14107df8-c4b8-4e7e-a95a-a326163a2d4a" testId="bd73d9a2-970a-3ebf-8b1c-29d8355fc4a3" testName="TestMultpleIntsAggregation" computerName="DKSR-EFI-04" duration="00:00:00.0035425" startTime="2023-12-22T09:34:27.4908955+01:00" endTime="2023-12-22T09:34:27.4908955+01:00" testType="13cdc9d9-ddb5-4fa4-a97d-d965ccfc6d4b" outcome="Passed" testListId="8c84fa94-04c1-424b-9868-57a2d4851a1d" relativeResultsDirectory="14107df8-c4b8-4e7e-a95a-a326163a2d4a" />
  </Results>
  <TestDefinitions>
    <UnitTest name="TestMultpleStringsAndExceptionsAggregation" storage="d:\actions-runner\_work\xpco\xpco\eventserver\shared\dotnet\eventservershared\unittest\bin\debug\videoos.eventserver.shared.unittest.dll" id="636ba3c7-748f-f5fa-d7fd-c0416bf4d65e">
      <Execution id="89b240c3-cf62-4a04-9f56-e93bc4d4a635" />
      <TestMethod codeBase="D:\actions-runner\_work\XPCO\XPCO\EventServer\Shared\dotNet\EventServerShared\UnitTest\bin\Debug\VideoOS.EventServer.Shared.UnitTest.dll" adapterTypeName="executor://mstestadapter/v1" className="VideoOS.EventServer.Shared.Aggregation.AggregationHelperTest" name="TestMultpleStringsAndExceptionsAggregation" />
    </UnitTest>
    <UnitTest name="TestSingleStringExceptionAggregation" storage="d:\actions-runner\_work\xpco\xpco\eventserver\shared\dotnet\eventservershared\unittest\bin\debug\videoos.eventserver.shared.unittest.dll" id="44460e6a-a1eb-2979-67e6-57fb1977478f">
      <Execution id="e10fbd02-5294-49e6-a74d-2c5ceb77cf96" />
      <TestMethod codeBase="D:\actions-runner\_work\XPCO\XPCO\EventServer\Shared\dotNet\EventServerShared\UnitTest\bin\Debug\VideoOS.EventServer.Shared.UnitTest.dll" adapterTypeName="executor://mstestadapter/v1" className="VideoOS.EventServer.Shared.Aggregation.AggregationHelperTest" name="TestSingleStringExceptionAggregation" />
    </UnitTest>
    <UnitTest name="TestMultpleIntsAggregation" storage="d:\actions-runner\_work\xpco\xpco\eventserver\shared\dotnet\eventservershared\unittest\bin\debug\videoos.eventserver.shared.unittest.dll" id="bd73d9a2-970a-3ebf-8b1c-29d8355fc4a3">
      <Execution id="14107df8-c4b8-4e7e-a95a-a326163a2d4a" />
      <TestMethod codeBase="D:\actions-runner\_work\XPCO\XPCO\EventServer\Shared\dotNet\EventServerShared\UnitTest\bin\Debug\VideoOS.EventServer.Shared.UnitTest.dll" adapterTypeName="executor://mstestadapter/v1" className="VideoOS.EventServer.Shared.Aggregation.AggregationHelperTest" name="TestMultpleIntsAggregation" />
    </UnitTest>
    <UnitTest name="TestMultpleStringsAggregation" storage="d:\actions-runner\_work\xpco\xpco\eventserver\shared\dotnet\eventservershared\unittest\bin\debug\videoos.eventserver.shared.unittest.dll" id="cfee7a8f-28c4-5e8c-a5ca-296a0938fbba">
      <Execution id="57cace29-4053-4a31-84b6-0e8e64fe8b33" />
      <TestMethod codeBase="D:\actions-runner\_work\XPCO\XPCO\EventServer\Shared\dotNet\EventServerShared\UnitTest\bin\Debug\VideoOS.EventServer.Shared.UnitTest.dll" adapterTypeName="executor://mstestadapter/v1" className="VideoOS.EventServer.Shared.Aggregation.AggregationHelperTest" name="TestMultpleStringsAggregation" />
    </UnitTest>
    <UnitTest name="TestSingleStringAggregation" storage="d:\actions-runner\_work\xpco\xpco\eventserver\shared\dotnet\eventservershared\unittest\bin\debug\videoos.eventserver.shared.unittest.dll" id="7b73f3cb-e521-b1d8-0255-c8c946de37f8">
      <Execution id="696365d9-2bd3-435a-9d15-c2f9ec372dbd" />
      <TestMethod codeBase="D:\actions-runner\_work\XPCO\XPCO\EventServer\Shared\dotNet\EventServerShared\UnitTest\bin\Debug\VideoOS.EventServer.Shared.UnitTest.dll" adapterTypeName="executor://mstestadapter/v1" className="VideoOS.EventServer.Shared.Aggregation.AggregationHelperTest" name="TestSingleStringAggregation" />
    </UnitTest>
    <UnitTest name="TestSingleIntAggregation" storage="d:\actions-runner\_work\xpco\xpco\eventserver\shared\dotnet\eventservershared\unittest\bin\debug\videoos.eventserver.shared.unittest.dll" id="1cfc2f26-c47a-a574-c8a1-157f05e6f0fb">
      <Execution id="0426cbb8-8b52-43c6-876d-7090a8fdaee6" />
      <TestMethod codeBase="D:\actions-runner\_work\XPCO\XPCO\EventServer\Shared\dotNet\EventServerShared\UnitTest\bin\Debug\VideoOS.EventServer.Shared.UnitTest.dll" adapterTypeName="executor://mstestadapter/v1" className="VideoOS.EventServer.Shared.Aggregation.AggregationHelperTest" name="TestSingleIntAggregation" />
    </UnitTest>
    <UnitTest name="TestSingleIntExceptionAggregation" storage="d:\actions-runner\_work\xpco\xpco\eventserver\shared\dotnet\eventservershared\unittest\bin\debug\videoos.eventserver.shared.unittest.dll" id="a12d7672-9c41-5bd8-c119-0574524e9f8b">
      <Execution id="8e3822f4-11fc-4346-8e53-fd095ccc337c" />
      <TestMethod codeBase="D:\actions-runner\_work\XPCO\XPCO\EventServer\Shared\dotNet\EventServerShared\UnitTest\bin\Debug\VideoOS.EventServer.Shared.UnitTest.dll" adapterTypeName="executor://mstestadapter/v1" className="VideoOS.EventServer.Shared.Aggregation.AggregationHelperTest" name="TestSingleIntExceptionAggregation" />
    </UnitTest>
  </TestDefinitions>
  <TestEntries>
    <TestEntry testId="1cfc2f26-c47a-a574-c8a1-157f05e6f0fb" executionId="0426cbb8-8b52-43c6-876d-7090a8fdaee6" testListId="8c84fa94-04c1-424b-9868-57a2d4851a1d" />
    <TestEntry testId="636ba3c7-748f-f5fa-d7fd-c0416bf4d65e" executionId="89b240c3-cf62-4a04-9f56-e93bc4d4a635" testListId="8c84fa94-04c1-424b-9868-57a2d4851a1d" />
    <TestEntry testId="7b73f3cb-e521-b1d8-0255-c8c946de37f8" executionId="696365d9-2bd3-435a-9d15-c2f9ec372dbd" testListId="8c84fa94-04c1-424b-9868-57a2d4851a1d" />
    <TestEntry testId="cfee7a8f-28c4-5e8c-a5ca-296a0938fbba" executionId="57cace29-4053-4a31-84b6-0e8e64fe8b33" testListId="8c84fa94-04c1-424b-9868-57a2d4851a1d" />
    <TestEntry testId="44460e6a-a1eb-2979-67e6-57fb1977478f" executionId="e10fbd02-5294-49e6-a74d-2c5ceb77cf96" testListId="8c84fa94-04c1-424b-9868-57a2d4851a1d" />
    <TestEntry testId="a12d7672-9c41-5bd8-c119-0574524e9f8b" executionId="8e3822f4-11fc-4346-8e53-fd095ccc337c" testListId="8c84fa94-04c1-424b-9868-57a2d4851a1d" />
    <TestEntry testId="bd73d9a2-970a-3ebf-8b1c-29d8355fc4a3" executionId="14107df8-c4b8-4e7e-a95a-a326163a2d4a" testListId="8c84fa94-04c1-424b-9868-57a2d4851a1d" />
  </TestEntries>
  <TestLists>
    <TestList name="Results Not in a List" id="8c84fa94-04c1-424b-9868-57a2d4851a1d" />
    <TestList name="All Loaded Results" id="19431567-8539-422a-85d7-44ee4e166bda" />
  </TestLists>
  <ResultSummary outcome="Completed">
    <Counters total="7" executed="7" passed="7" failed="0" error="0" timeout="0" aborted="0" inconclusive="0" passedButRunAborted="0" notRunnable="0" notExecuted="0" disconnected="0" warning="0" completed="0" inProgress="0" pending="0" />
  </ResultSummary>
</TestRun>