<?xml version="1.0" encoding="utf-8"?>
<TestRun id="89fc6f92-5e8f-42cd-a6d1-4d6b14fe9d65" name="DKSR-EFI-04$@DKSR-EFI-04 2023-12-22 09:35:18" runUser="NT AUTHORITY\NETWORK SERVICE" xmlns="http://microsoft.com/schemas/VisualStudio/TeamTest/2010">
  <Times creation="2023-12-22T09:35:18.8817863+01:00" queuing="2023-12-22T09:35:18.8817863+01:00" start="2023-12-22T09:35:06.3192202+01:00" finish="2023-12-22T09:36:48.2260065+01:00" />
  <TestSettings name="default" id="0a90a43f-c1fd-407f-bbd1-70fd2c27f3b9">
    <Deployment runDeploymentRoot="DKSR-EFI-04$_DKSR-EFI-04_2023-12-22_09_35_18" />
  </TestSettings>
  <Results>
    <UnitTestResult executionId="99c0fd7b-10c0-40bb-ad5b-d4d094d821cb" testId="3d0614d6-566e-2a0b-aa48-d33230f47a0b" testName="AddServer_WhenParentUriNotNull_UseUserCredentialCache" computerName="DKSR-EFI-04" duration="00:00:00.0256651" startTime="2023-12-22T09:35:19.3505377+01:00" endTime="2023-12-22T09:35:19.3817877+01:00" testType="13cdc9d9-ddb5-4fa4-a97d-d965ccfc6d4b" outcome="Passed" testListId="8c84fa94-04c1-424b-9868-57a2d4851a1d" relativeResultsDirectory="99c0fd7b-10c0-40bb-ad5b-d4d094d821cb" />
    <UnitTestResult executionId="c8d0b39d-d857-4aa1-b2bc-2dbdcbc89a77" testId="0f702e68-d31d-e48d-5cda-ae2e55caa68e" testName="Login_WhenNotLoggedIn_ThrowConfigurationLastException" computerName="DKSR-EFI-04" duration="00:00:00.0111764" startTime="2023-12-22T09:35:19.0849120+01:00" endTime="2023-12-22T09:35:19.1005356+01:00" testType="13cdc9d9-ddb5-4fa4-a97d-d965ccfc6d4b" outcome="Passed" testListId="8c84fa94-04c1-424b-9868-57a2d4851a1d" relativeResultsDirectory="c8d0b39d-d857-4aa1-b2bc-2dbdcbc89a77" />
    <UnitTestResult executionId="96846b55-ed76-46f9-9644-d8a1a31031c7" testId="eeca07d2-7091-cff0-76b8-61f9e4981fb9" testName="PlaybackStop_ConnectedAndPlayingPlayback_DelegatesCallsToToolkit" computerName="DKSR-EFI-04" duration="00:00:00.0091982" startTime="2023-12-22T09:36:47.5853787+01:00" endTime="2023-12-22T09:36:47.5853787+01:00" testType="13cdc9d9-ddb5-4fa4-a97d-d965ccfc6d4b" outcome="Passed" testListId="8c84fa94-04c1-424b-9868-57a2d4851a1d" relativeResultsDirectory="96846b55-ed76-46f9-9644-d8a1a31031c7" />
    <UnitTestResult executionId="7cdedb84-784a-42ce-96ac-8aef405ddcda" testId="c903125e-f7c2-67eb-8a1a-5d7644a51082" testName="HandleStateChanged_StateLostConnection_ConnectedIsFalseAndEventFired" computerName="DKSR-EFI-04" duration="00:00:00.0007331" startTime="2023-12-22T09:36:47.4916304+01:00" endTime="2023-12-22T09:36:47.4916304+01:00" testType="13cdc9d9-ddb5-4fa4-a97d-d965ccfc6d4b" outcome="Passed" testListId="8c84fa94-04c1-424b-9868-57a2d4851a1d" relativeResultsDirectory="7cdedb84-784a-42ce-96ac-8aef405ddcda" />
    <UnitTestResult executionId="424b871a-f08c-4b1e-8e28-6c3b809e036c" testId="bb377a2c-95c3-9aad-404f-5afa18de69c7" testName="LoginWithRegistration_LoginFail_ThrowDefaultException" computerName="DKSR-EFI-04" duration="00:00:00.0037857" startTime="2023-12-22T09:35:19.1318475+01:00" endTime="2023-12-22T09:35:19.1474512+01:00" testType="13cdc9d9-ddb5-4fa4-a97d-d965ccfc6d4b" outcome="Passed" testListId="8c84fa94-04c1-424b-9868-57a2d4851a1d" relativeResultsDirectory="424b871a-f08c-4b1e-8e28-6c3b809e036c" />
    <UnitTestResult executionId="3712baba-9df0-4c9b-a003-47f92c4a762f" testId="9855177d-3c89-e00d-59db-a565da891164" testName="HandleAudioData_VolumeSetPrematurely_LocalVolumeAndAppliedDuringConstruction" computerName="DKSR-EFI-04" duration="00:00:00.0050019" startTime="2023-12-22T09:36:47.6791289+01:00" endTime="2023-12-22T09:36:47.6791289+01:00" testType="13cdc9d9-ddb5-4fa4-a97d-d965ccfc6d4b" outcome="Passed" testListId="8c84fa94-04c1-424b-9868-57a2d4851a1d" relativeResultsDirectory="3712baba-9df0-4c9b-a003-47f92c4a762f" />
    <UnitTestResult executionId="6306cc34-2b25-46a8-a8a4-a5490ff3df91" testId="da1dce8b-3a10-e5c9-618b-cbfea5058c69" testName="TestSubscription" computerName="DKSR-EFI-04" duration="00:00:00.0650749" startTime="2023-12-22T09:36:15.8195840+01:00" endTime="2023-12-22T09:36:15.8820839+01:00" testType="13cdc9d9-ddb5-4fa4-a97d-d965ccfc6d4b" outcome="Passed" testListId="8c84fa94-04c1-424b-9868-57a2d4851a1d" relativeResultsDirectory="6306cc34-2b25-46a8-a8a4-a5490ff3df91" />
    <UnitTestResult executionId="6b5dd347-f3a5-4537-8923-2d9a4db6fe54" testId="2282d201-fae3-68ca-fb9b-da7ba770e221" testName="OAuthServerIsOnline" computerName="DKSR-EFI-04" duration="00:00:01.5799821" startTime="2023-12-22T09:36:12.0695630+01:00" endTime="2023-12-22T09:36:13.6633261+01:00" testType="13cdc9d9-ddb5-4fa4-a97d-d965ccfc6d4b" outcome="Passed" testListId="8c84fa94-04c1-424b-9868-57a2d4851a1d" relativeResultsDirectory="6b5dd347-f3a5-4537-8923-2d9a4db6fe54" />
    <UnitTestResult executionId="c915a665-cbf0-4c3b-9b71-b9ba970fa5b7" testId="853af3f4-f013-afe1-e51f-9f0386bea5b2" testName="Givent_MessageContainingEventWithData_When_CallingGetDataOfInCorrectTypeThatIsNotSeserializable_Then_MipExceptionIsThrown" computerName="DKSR-EFI-04" duration="00:00:00.0219288" startTime="2023-12-22T09:36:15.9758346+01:00" endTime="2023-12-22T09:36:15.9914589+01:00" testType="13cdc9d9-ddb5-4fa4-a97d-d965ccfc6d4b" outcome="Passed" testListId="8c84fa94-04c1-424b-9868-57a2d4851a1d" relativeResultsDirectory="c915a665-cbf0-4c3b-9b71-b9ba970fa5b7" />
    <UnitTestResult executionId="3632b5b1-714e-47ac-84ad-259b5d6933fb" testId="13db86b8-d705-e0c0-8e48-91f126870b66" testName="InitializeTwice_ShouldCallServiceInitOnce" computerName="DKSR-EFI-04" duration="00:00:00.0015345" startTime="2023-12-22T09:35:19.9755879+01:00" endTime="2023-12-22T09:35:19.9911656+01:00" testType="13cdc9d9-ddb5-4fa4-a97d-d965ccfc6d4b" outcome="Passed" testListId="8c84fa94-04c1-424b-9868-57a2d4851a1d" relativeResultsDirectory="3632b5b1-714e-47ac-84ad-259b5d6933fb" />
    <UnitTestResult executionId="7cbb0751-6bb0-4fbe-a922-f55b69408fd1" testId="ef02471d-d90f-d7cc-ccc2-806bfb1ff8c0" testName="LoadConfiguration_Correct" computerName="DKSR-EFI-04" duration="00:00:00.0054547" startTime="2023-12-22T09:35:19.0224102+01:00" endTime="2023-12-22T09:35:19.0224102+01:00" testType="13cdc9d9-ddb5-4fa4-a97d-d965ccfc6d4b" outcome="Passed" testListId="8c84fa94-04c1-424b-9868-57a2d4851a1d" relativeResultsDirectory="7cbb0751-6bb0-4fbe-a922-f55b69408fd1" />
    <UnitTestResult executionId="10b3ae5c-24af-4a5c-9707-99674efb0307" testId="88488b59-2cdb-e146-c42b-5fca1493d9a4" testName="SetVolume_NotMuted_VolumeChanged" computerName="DKSR-EFI-04" duration="00:00:00.0317331" startTime="2023-12-22T09:36:47.6010045+01:00" endTime="2023-12-22T09:36:47.6322547+01:00" testType="13cdc9d9-ddb5-4fa4-a97d-d965ccfc6d4b" outcome="Passed" testListId="8c84fa94-04c1-424b-9868-57a2d4851a1d" relativeResultsDirectory="10b3ae5c-24af-4a5c-9707-99674efb0307" />
    <UnitTestResult executionId="584b5c32-78d3-48bf-90aa-3859a5f36bef" testId="ca527ff0-e8d3-ed62-5f44-c8e5eb7d34bb" testName="Free_ShouldDoNothing_WhenAudioRecorderIsNotInitialized" computerName="DKSR-EFI-04" duration="00:00:00.0005675" startTime="2023-12-22T09:36:47.3822520+01:00" endTime="2023-12-22T09:36:47.3822520+01:00" testType="13cdc9d9-ddb5-4fa4-a97d-d965ccfc6d4b" outcome="Passed" testListId="8c84fa94-04c1-424b-9868-57a2d4851a1d" relativeResultsDirectory="584b5c32-78d3-48bf-90aa-3859a5f36bef" />
    <UnitTestResult executionId="5429772d-cc4c-4d0e-b029-7deeaf7bb2e7" testId="29d47194-990a-053d-d2b1-814ca76f50ce" testName="HandleAudioData_DoNot_CalculateAudioMeterValue_When_Subscribed_And_Muted" computerName="DKSR-EFI-04" duration="00:00:00.0019553" startTime="2023-12-22T09:36:47.6635044+01:00" endTime="2023-12-22T09:36:47.6635044+01:00" testType="13cdc9d9-ddb5-4fa4-a97d-d965ccfc6d4b" outcome="Passed" testListId="8c84fa94-04c1-424b-9868-57a2d4851a1d" relativeResultsDirectory="5429772d-cc4c-4d0e-b029-7deeaf7bb2e7" />
    <UnitTestResult executionId="3f854b8d-c7d1-4a64-961f-ff5887677b13" testId="c49e78b9-66ce-7f33-7d97-f70d020ce9e7" testName="XpcoLoginAndGetConfguration" computerName="DKSR-EFI-04" duration="00:00:03.4516081" startTime="2023-12-22T09:36:15.9914589+01:00" endTime="2023-12-22T09:36:19.4446033+01:00" testType="13cdc9d9-ddb5-4fa4-a97d-d965ccfc6d4b" outcome="Passed" testListId="8c84fa94-04c1-424b-9868-57a2d4851a1d" relativeResultsDirectory="3f854b8d-c7d1-4a64-961f-ff5887677b13">
      <Output>
        <StdOut>Debug Trace:&#xD;
TopLevelControl returns null. PostMessage may have problems&#xD;
MIP: Error: ConfigurationApiItemWrapper (): ConfigAPI GetItem(): System.NotImplementedException, The method or operation is not implemented.&#xD;
MIP: Error: Factory.IsItemTypeSupported (): Exception source:      VideoOS.Platform.SDK.UnitTests&#xD;
Exception type:        System.NotImplementedException&#xD;
Exception message:     The method or operation is not implemented.&#xD;
Exception target site: GetItem&#xD;
   at VideoOS.Platform.SDKUnittest.EnvironmentTests.TestConfigurationClientService.GetItem(String path) in D:\actions-runner\_work\XPCO\XPCO\MIP\MIPSDK\tst\VideoOS.Platform.SDK.UnitTests\EnvironmentTests\TestsWithCorporateShimsBase.cs:line 227&#xD;
   at VideoOS.Platform.Proxy.ConfigApi.ConfigurationApiItemWrapper..ctor(ServerId serverId, String path) in D:\actions-runner\_work\XPCO\XPCO\MIP\PlatformPlugin\VideoOS.Platform\src\Proxy\ConfigApi\ConfigurationApiItemWrapper.cs:line 110&#xD;
   at VideoOS.Platform.ConfigurationItems.Factory.IsItemTypeSupported(ServerId serverId, String itemType) in D:\actions-runner\_work\XPCO\XPCO\MIP\PlatformPlugin\VideoOS.Platform\src\ConfigurationItems\Factory.cs:line 464&#xD;
&#xD;
Factory.IsItemTypeSupportedFactory.IsItemTypeSupported ()The method or operation is not implemented.   at VideoOS.Platform.SDKUnittest.EnvironmentTests.TestConfigurationClientService.GetItem(String path) in D:\actions-runner\_work\XPCO\XPCO\MIP\MIPSDK\tst\VideoOS.Platform.SDK.UnitTests\EnvironmentTests\TestsWithCorporateShimsBase.cs:line 227&#xD;
   at VideoOS.Platform.Proxy.ConfigApi.ConfigurationApiItemWrapper..ctor(ServerId serverId, String path) in D:\actions-runner\_work\XPCO\XPCO\MIP\PlatformPlugin\VideoOS.Platform\src\Proxy\ConfigApi\ConfigurationApiItemWrapper.cs:line 110&#xD;
   at VideoOS.Platform.ConfigurationItems.Factory.IsItemTypeSupported(ServerId serverId, String itemType) in D:\actions-runner\_work\XPCO\XPCO\MIP\PlatformPlugin\VideoOS.Platform\src\ConfigurationItems\Factory.cs:line 464&#xD;
MIP: Error: GetConfiguration (): CustomSetting not found for the given platformDefinitionId: e145597a-ecaf-40a1-99e6-14bb9d45a09e&#xD;
MIP: Error: ConfigurationApiItemWrapper (): ConfigAPI GetItem(): System.NotImplementedException, The method or operation is not implemented.&#xD;
MIP: Error: Factory.IsItemTypeSupported (): Exception source:      VideoOS.Platform.SDK.UnitTests&#xD;
Exception type:        System.NotImplementedException&#xD;
Exception message:     The method or operation is not implemented.&#xD;
Exception target site: GetItem&#xD;
   at VideoOS.Platform.SDKUnittest.EnvironmentTests.TestConfigurationClientService.GetItem(String path) in D:\actions-runner\_work\XPCO\XPCO\MIP\MIPSDK\tst\VideoOS.Platform.SDK.UnitTests\EnvironmentTests\TestsWithCorporateShimsBase.cs:line 227&#xD;
   at VideoOS.Platform.Proxy.ConfigApi.ConfigurationApiItemWrapper..ctor(ServerId serverId, String path) in D:\actions-runner\_work\XPCO\XPCO\MIP\PlatformPlugin\VideoOS.Platform\src\Proxy\ConfigApi\ConfigurationApiItemWrapper.cs:line 110&#xD;
   at VideoOS.Platform.ConfigurationItems.Factory.IsItemTypeSupported(ServerId serverId, String itemType) in D:\actions-runner\_work\XPCO\XPCO\MIP\PlatformPlugin\VideoOS.Platform\src\ConfigurationItems\Factory.cs:line 464&#xD;
&#xD;
Factory.IsItemTypeSupportedFactory.IsItemTypeSupported ()The method or operation is not implemented.   at VideoOS.Platform.SDKUnittest.EnvironmentTests.TestConfigurationClientService.GetItem(String path) in D:\actions-runner\_work\XPCO\XPCO\MIP\MIPSDK\tst\VideoOS.Platform.SDK.UnitTests\EnvironmentTests\TestsWithCorporateShimsBase.cs:line 227&#xD;
   at VideoOS.Platform.Proxy.ConfigApi.ConfigurationApiItemWrapper..ctor(ServerId serverId, String path) in D:\actions-runner\_work\XPCO\XPCO\MIP\PlatformPlugin\VideoOS.Platform\src\Proxy\ConfigApi\ConfigurationApiItemWrapper.cs:line 110&#xD;
   at VideoOS.Platform.ConfigurationItems.Factory.IsItemTypeSupported(ServerId serverId, String itemType) in D:\actions-runner\_work\XPCO\XPCO\MIP\PlatformPlugin\VideoOS.Platform\src\ConfigurationItems\Factory.cs:line 464&#xD;
MIP: Error: LoginServerOauth (): https://1.2.3.5:55/ManagementServer/ServerCommandServiceOAuth.svc The method or operation is not implemented.&#xD;
MIP: Error: ConfigurationApiItemWrapper (): ConfigAPI GetItem(): System.NotImplementedException, The method or operation is not implemented.&#xD;
MIP: Error: Factory.IsItemTypeSupported (): Exception source:      VideoOS.Platform.SDK.UnitTests&#xD;
Exception type:        System.NotImplementedException&#xD;
Exception message:     The method or operation is not implemented.&#xD;
Exception target site: GetItem&#xD;
   at VideoOS.Platform.SDKUnittest.EnvironmentTests.TestConfigurationClientService.GetItem(String path) in D:\actions-runner\_work\XPCO\XPCO\MIP\MIPSDK\tst\VideoOS.Platform.SDK.UnitTests\EnvironmentTests\TestsWithCorporateShimsBase.cs:line 227&#xD;
   at VideoOS.Platform.Proxy.ConfigApi.ConfigurationApiItemWrapper..ctor(ServerId serverId, String path) in D:\actions-runner\_work\XPCO\XPCO\MIP\PlatformPlugin\VideoOS.Platform\src\Proxy\ConfigApi\ConfigurationApiItemWrapper.cs:line 110&#xD;
   at VideoOS.Platform.ConfigurationItems.Factory.IsItemTypeSupported(ServerId serverId, String itemType) in D:\actions-runner\_work\XPCO\XPCO\MIP\PlatformPlugin\VideoOS.Platform\src\ConfigurationItems\Factory.cs:line 464&#xD;
&#xD;
Factory.IsItemTypeSupportedFactory.IsItemTypeSupported ()The method or operation is not implemented.   at VideoOS.Platform.SDKUnittest.EnvironmentTests.TestConfigurationClientService.GetItem(String path) in D:\actions-runner\_work\XPCO\XPCO\MIP\MIPSDK\tst\VideoOS.Platform.SDK.UnitTests\EnvironmentTests\TestsWithCorporateShimsBase.cs:line 227&#xD;
   at VideoOS.Platform.Proxy.ConfigApi.ConfigurationApiItemWrapper..ctor(ServerId serverId, String path) in D:\actions-runner\_work\XPCO\XPCO\MIP\PlatformPlugin\VideoOS.Platform\src\Proxy\ConfigApi\ConfigurationApiItemWrapper.cs:line 110&#xD;
   at VideoOS.Platform.ConfigurationItems.Factory.IsItemTypeSupported(ServerId serverId, String itemType) in D:\actions-runner\_work\XPCO\XPCO\MIP\PlatformPlugin\VideoOS.Platform\src\ConfigurationItems\Factory.cs:line 464&#xD;
MIP: Error: GetConfiguration (): CustomSetting not found for the given platformDefinitionId: e145597a-ecaf-40a1-99e6-14bb9d45a09e&#xD;
MIP: Error: ConfigurationApiItemWrapper (): ConfigAPI GetItem(): System.NotImplementedException, The method or operation is not implemented.&#xD;
MIP: Error: Factory.IsItemTypeSupported (): Exception source:      VideoOS.Platform.SDK.UnitTests&#xD;
Exception type:        System.NotImplementedException&#xD;
Exception message:     The method or operation is not implemented.&#xD;
Exception target site: GetItem&#xD;
   at VideoOS.Platform.SDKUnittest.EnvironmentTests.TestConfigurationClientService.GetItem(String path) in D:\actions-runner\_work\XPCO\XPCO\MIP\MIPSDK\tst\VideoOS.Platform.SDK.UnitTests\EnvironmentTests\TestsWithCorporateShimsBase.cs:line 227&#xD;
   at VideoOS.Platform.Proxy.ConfigApi.ConfigurationApiItemWrapper..ctor(ServerId serverId, String path) in D:\actions-runner\_work\XPCO\XPCO\MIP\PlatformPlugin\VideoOS.Platform\src\Proxy\ConfigApi\ConfigurationApiItemWrapper.cs:line 110&#xD;
   at VideoOS.Platform.ConfigurationItems.Factory.IsItemTypeSupported(ServerId serverId, String itemType) in D:\actions-runner\_work\XPCO\XPCO\MIP\PlatformPlugin\VideoOS.Platform\src\ConfigurationItems\Factory.cs:line 464&#xD;
&#xD;
Factory.IsItemTypeSupportedFactory.IsItemTypeSupported ()The method or operation is not implemented.   at VideoOS.Platform.SDKUnittest.EnvironmentTests.TestConfigurationClientService.GetItem(String path) in D:\actions-runner\_work\XPCO\XPCO\MIP\MIPSDK\tst\VideoOS.Platform.SDK.UnitTests\EnvironmentTests\TestsWithCorporateShimsBase.cs:line 227&#xD;
   at VideoOS.Platform.Proxy.ConfigApi.ConfigurationApiItemWrapper..ctor(ServerId serverId, String path) in D:\actions-runner\_work\XPCO\XPCO\MIP\PlatformPlugin\VideoOS.Platform\src\Proxy\ConfigApi\ConfigurationApiItemWrapper.cs:line 110&#xD;
   at VideoOS.Platform.ConfigurationItems.Factory.IsItemTypeSupported(ServerId serverId, String itemType) in D:\actions-runner\_work\XPCO\XPCO\MIP\PlatformPlugin\VideoOS.Platform\src\ConfigurationItems\Factory.cs:line 464&#xD;
MIP: Error: LoginServerOauth (): https://1.2.3.5:55/ManagementServer/ServerCommandServiceOAuth.svc The method or operation is not implemented.&#xD;
MIP: Error: ConfigurationApiItemWrapper (): ConfigAPI GetItem(): System.NotImplementedException, The method or operation is not implemented.&#xD;
MIP: Error: Factory.IsItemTypeSupported (): Exception source:      VideoOS.Platform.SDK.UnitTests&#xD;
Exception type:        System.NotImplementedException&#xD;
Exception message:     The method or operation is not implemented.&#xD;
Exception target site: GetItem&#xD;
   at VideoOS.Platform.SDKUnittest.EnvironmentTests.TestConfigurationClientService.GetItem(String path) in D:\actions-runner\_work\XPCO\XPCO\MIP\MIPSDK\tst\VideoOS.Platform.SDK.UnitTests\EnvironmentTests\TestsWithCorporateShimsBase.cs:line 227&#xD;
   at VideoOS.Platform.Proxy.ConfigApi.ConfigurationApiItemWrapper..ctor(ServerId serverId, String path) in D:\actions-runner\_work\XPCO\XPCO\MIP\PlatformPlugin\VideoOS.Platform\src\Proxy\ConfigApi\ConfigurationApiItemWrapper.cs:line 110&#xD;
   at VideoOS.Platform.ConfigurationItems.Factory.IsItemTypeSupported(ServerId serverId, String itemType) in D:\actions-runner\_work\XPCO\XPCO\MIP\PlatformPlugin\VideoOS.Platform\src\ConfigurationItems\Factory.cs:line 464&#xD;
&#xD;
Factory.IsItemTypeSupportedFactory.IsItemTypeSupported ()The method or operation is not implemented.   at VideoOS.Platform.SDKUnittest.EnvironmentTests.TestConfigurationClientService.GetItem(String path) in D:\actions-runner\_work\XPCO\XPCO\MIP\MIPSDK\tst\VideoOS.Platform.SDK.UnitTests\EnvironmentTests\TestsWithCorporateShimsBase.cs:line 227&#xD;
   at VideoOS.Platform.Proxy.ConfigApi.ConfigurationApiItemWrapper..ctor(ServerId serverId, String path) in D:\actions-runner\_work\XPCO\XPCO\MIP\PlatformPlugin\VideoOS.Platform\src\Proxy\ConfigApi\ConfigurationApiItemWrapper.cs:line 110&#xD;
   at VideoOS.Platform.ConfigurationItems.Factory.IsItemTypeSupported(ServerId serverId, String itemType) in D:\actions-runner\_work\XPCO\XPCO\MIP\PlatformPlugin\VideoOS.Platform\src\ConfigurationItems\Factory.cs:line 464&#xD;
MIP: Error: ConfigurationApiItemWrapper (): ConfigAPI GetItem(): System.NotImplementedException, The method or operation is not implemented.&#xD;
MIP: Error: Factory.IsItemTypeSupported (): Exception source:      VideoOS.Platform.SDK.UnitTests&#xD;
Exception type:        System.NotImplementedException&#xD;
Exception message:     The method or operation is not implemented.&#xD;
Exception target site: GetItem&#xD;
   at VideoOS.Platform.SDKUnittest.EnvironmentTests.TestConfigurationClientService.GetItem(String path) in D:\actions-runner\_work\XPCO\XPCO\MIP\MIPSDK\tst\VideoOS.Platform.SDK.UnitTests\EnvironmentTests\TestsWithCorporateShimsBase.cs:line 227&#xD;
   at VideoOS.Platform.Proxy.ConfigApi.ConfigurationApiItemWrapper..ctor(ServerId serverId, String path) in D:\actions-runner\_work\XPCO\XPCO\MIP\PlatformPlugin\VideoOS.Platform\src\Proxy\ConfigApi\ConfigurationApiItemWrapper.cs:line 110&#xD;
   at VideoOS.Platform.ConfigurationItems.Factory.IsItemTypeSupported(ServerId serverId, String itemType) in D:\actions-runner\_work\XPCO\XPCO\MIP\PlatformPlugin\VideoOS.Platform\src\ConfigurationItems\Factory.cs:line 464&#xD;
&#xD;
Factory.IsItemTypeSupportedFactory.IsItemTypeSupported ()The method or operation is not implemented.   at VideoOS.Platform.SDKUnittest.EnvironmentTests.TestConfigurationClientService.GetItem(String path) in D:\actions-runner\_work\XPCO\XPCO\MIP\MIPSDK\tst\VideoOS.Platform.SDK.UnitTests\EnvironmentTests\TestsWithCorporateShimsBase.cs:line 227&#xD;
   at VideoOS.Platform.Proxy.ConfigApi.ConfigurationApiItemWrapper..ctor(ServerId serverId, String path) in D:\actions-runner\_work\XPCO\XPCO\MIP\PlatformPlugin\VideoOS.Platform\src\Proxy\ConfigApi\ConfigurationApiItemWrapper.cs:line 110&#xD;
   at VideoOS.Platform.ConfigurationItems.Factory.IsItemTypeSupported(ServerId serverId, String itemType) in D:\actions-runner\_work\XPCO\XPCO\MIP\PlatformPlugin\VideoOS.Platform\src\ConfigurationItems\Factory.cs:line 464&#xD;
MIP: Error: LoginServerOauth (): https://1.2.3.5:55/ManagementServer/ServerCommandServiceOAuth.svc The method or operation is not implemented.&#xD;
MIP: Error: ConfigurationApiItemWrapper (): ConfigAPI GetItem(): System.NotImplementedException, The method or operation is not implemented.&#xD;
MIP: Error: Factory.IsItemTypeSupported (): Exception source:      VideoOS.Platform.SDK.UnitTests&#xD;
Exception type:        System.NotImplementedException&#xD;
Exception message:     The method or operation is not implemented.&#xD;
Exception target site: GetItem&#xD;
   at VideoOS.Platform.SDKUnittest.EnvironmentTests.TestConfigurationClientService.GetItem(String path) in D:\actions-runner\_work\XPCO\XPCO\MIP\MIPSDK\tst\VideoOS.Platform.SDK.UnitTests\EnvironmentTests\TestsWithCorporateShimsBase.cs:line 227&#xD;
   at VideoOS.Platform.Proxy.ConfigApi.ConfigurationApiItemWrapper..ctor(ServerId serverId, String path) in D:\actions-runner\_work\XPCO\XPCO\MIP\PlatformPlugin\VideoOS.Platform\src\Proxy\ConfigApi\ConfigurationApiItemWrapper.cs:line 110&#xD;
   at VideoOS.Platform.ConfigurationItems.Factory.IsItemTypeSupported(ServerId serverId, String itemType) in D:\actions-runner\_work\XPCO\XPCO\MIP\PlatformPlugin\VideoOS.Platform\src\ConfigurationItems\Factory.cs:line 464&#xD;
&#xD;
Factory.IsItemTypeSupportedFactory.IsItemTypeSupported ()The method or operation is not implemented.   at VideoOS.Platform.SDKUnittest.EnvironmentTests.TestConfigurationClientService.GetItem(String path) in D:\actions-runner\_work\XPCO\XPCO\MIP\MIPSDK\tst\VideoOS.Platform.SDK.UnitTests\EnvironmentTests\TestsWithCorporateShimsBase.cs:line 227&#xD;
   at VideoOS.Platform.Proxy.ConfigApi.ConfigurationApiItemWrapper..ctor(ServerId serverId, String path) in D:\actions-runner\_work\XPCO\XPCO\MIP\PlatformPlugin\VideoOS.Platform\src\Proxy\ConfigApi\ConfigurationApiItemWrapper.cs:line 110&#xD;
   at VideoOS.Platform.ConfigurationItems.Factory.IsItemTypeSupported(ServerId serverId, String itemType) in D:\actions-runner\_work\XPCO\XPCO\MIP\PlatformPlugin\VideoOS.Platform\src\ConfigurationItems\Factory.cs:line 464&#xD;
MIP: Error: GetConfiguration (): CustomSetting not found for the given platformDefinitionId: e145597a-ecaf-40a1-99e6-14bb9d45a09e&#xD;
MIP: Error: ConfigurationApiItemWrapper (): ConfigAPI GetItem(): System.NotImplementedException, The method or operation is not implemented.&#xD;
MIP: Error: Factory.IsItemTypeSupported (): Exception source:      VideoOS.Platform.SDK.UnitTests&#xD;
Exception type:        System.NotImplementedException&#xD;
Exception message:     The method or operation is not implemented.&#xD;
Exception target site: GetItem&#xD;
   at VideoOS.Platform.SDKUnittest.EnvironmentTests.TestConfigurationClientService.GetItem(String path) in D:\actions-runner\_work\XPCO\XPCO\MIP\MIPSDK\tst\VideoOS.Platform.SDK.UnitTests\EnvironmentTests\TestsWithCorporateShimsBase.cs:line 227&#xD;
   at VideoOS.Platform.Proxy.ConfigApi.ConfigurationApiItemWrapper..ctor(ServerId serverId, String path) in D:\actions-runner\_work\XPCO\XPCO\MIP\PlatformPlugin\VideoOS.Platform\src\Proxy\ConfigApi\ConfigurationApiItemWrapper.cs:line 110&#xD;
   at VideoOS.Platform.ConfigurationItems.Factory.IsItemTypeSupported(ServerId serverId, String itemType) in D:\actions-runner\_work\XPCO\XPCO\MIP\PlatformPlugin\VideoOS.Platform\src\ConfigurationItems\Factory.cs:line 464&#xD;
&#xD;
Factory.IsItemTypeSupportedFactory.IsItemTypeSupported ()The method or operation is not implemented.   at VideoOS.Platform.SDKUnittest.EnvironmentTests.TestConfigurationClientService.GetItem(String path) in D:\actions-runner\_work\XPCO\XPCO\MIP\MIPSDK\tst\VideoOS.Platform.SDK.UnitTests\EnvironmentTests\TestsWithCorporateShimsBase.cs:line 227&#xD;
   at VideoOS.Platform.Proxy.ConfigApi.ConfigurationApiItemWrapper..ctor(ServerId serverId, String path) in D:\actions-runner\_work\XPCO\XPCO\MIP\PlatformPlugin\VideoOS.Platform\src\Proxy\ConfigApi\ConfigurationApiItemWrapper.cs:line 110&#xD;
   at VideoOS.Platform.ConfigurationItems.Factory.IsItemTypeSupported(ServerId serverId, String itemType) in D:\actions-runner\_work\XPCO\XPCO\MIP\PlatformPlugin\VideoOS.Platform\src\ConfigurationItems\Factory.cs:line 464&#xD;
MIP: Error: LoginServerOauth (): https://1.2.3.5:55/ManagementServer/ServerCommandServiceOAuth.svc The method or operation is not implemented.&#xD;
MIP: Error: ConfigurationApiItemWrapper (): ConfigAPI GetItem(): System.NotImplementedException, The method or operation is not implemented.&#xD;
MIP: Error: Factory.IsItemTypeSupported (): Exception source:      VideoOS.Platform.SDK.UnitTests&#xD;
Exception type:        System.NotImplementedException&#xD;
Exception message:     The method or operation is not implemented.&#xD;
Exception target site: GetItem&#xD;
   at VideoOS.Platform.SDKUnittest.EnvironmentTests.TestConfigurationClientService.GetItem(String path) in D:\actions-runner\_work\XPCO\XPCO\MIP\MIPSDK\tst\VideoOS.Platform.SDK.UnitTests\EnvironmentTests\TestsWithCorporateShimsBase.cs:line 227&#xD;
   at VideoOS.Platform.Proxy.ConfigApi.ConfigurationApiItemWrapper..ctor(ServerId serverId, String path) in D:\actions-runner\_work\XPCO\XPCO\MIP\PlatformPlugin\VideoOS.Platform\src\Proxy\ConfigApi\ConfigurationApiItemWrapper.cs:line 110&#xD;
   at VideoOS.Platform.ConfigurationItems.Factory.IsItemTypeSupported(ServerId serverId, String itemType) in D:\actions-runner\_work\XPCO\XPCO\MIP\PlatformPlugin\VideoOS.Platform\src\ConfigurationItems\Factory.cs:line 464&#xD;
&#xD;
Factory.IsItemTypeSupportedFactory.IsItemTypeSupported ()The method or operation is not implemented.   at VideoOS.Platform.SDKUnittest.EnvironmentTests.TestConfigurationClientService.GetItem(String path) in D:\actions-runner\_work\XPCO\XPCO\MIP\MIPSDK\tst\VideoOS.Platform.SDK.UnitTests\EnvironmentTests\TestsWithCorporateShimsBase.cs:line 227&#xD;
   at VideoOS.Platform.Proxy.ConfigApi.ConfigurationApiItemWrapper..ctor(ServerId serverId, String path) in D:\actions-runner\_work\XPCO\XPCO\MIP\PlatformPlugin\VideoOS.Platform\src\Proxy\ConfigApi\ConfigurationApiItemWrapper.cs:line 110&#xD;
   at VideoOS.Platform.ConfigurationItems.Factory.IsItemTypeSupported(ServerId serverId, String itemType) in D:\actions-runner\_work\XPCO\XPCO\MIP\PlatformPlugin\VideoOS.Platform\src\ConfigurationItems\Factory.cs:line 464&#xD;
MIP: Error: ConfigurationApiItemWrapper (): ConfigAPI GetItem(): System.NotImplementedException, The method or operation is not implemented.&#xD;
MIP: Error: Factory.IsItemTypeSupported (): Exception source:      VideoOS.Platform.SDK.UnitTests&#xD;
Exception type:        System.NotImplementedException&#xD;
Exception message:     The method or operation is not implemented.&#xD;
Exception target site: GetItem&#xD;
   at VideoOS.Platform.SDKUnittest.EnvironmentTests.TestConfigurationClientService.GetItem(String path) in D:\actions-runner\_work\XPCO\XPCO\MIP\MIPSDK\tst\VideoOS.Platform.SDK.UnitTests\EnvironmentTests\TestsWithCorporateShimsBase.cs:line 227&#xD;
   at VideoOS.Platform.Proxy.ConfigApi.ConfigurationApiItemWrapper..ctor(ServerId serverId, String path) in D:\actions-runner\_work\XPCO\XPCO\MIP\PlatformPlugin\VideoOS.Platform\src\Proxy\ConfigApi\ConfigurationApiItemWrapper.cs:line 110&#xD;
   at VideoOS.Platform.ConfigurationItems.Factory.IsItemTypeSupported(ServerId serverId, String itemType) in D:\actions-runner\_work\XPCO\XPCO\MIP\PlatformPlugin\VideoOS.Platform\src\ConfigurationItems\Factory.cs:line 464&#xD;
&#xD;
Factory.IsItemTypeSupportedFactory.IsItemTypeSupported ()The method or operation is not implemented.   at VideoOS.Platform.SDKUnittest.EnvironmentTests.TestConfigurationClientService.GetItem(String path) in D:\actions-runner\_work\XPCO\XPCO\MIP\MIPSDK\tst\VideoOS.Platform.SDK.UnitTests\EnvironmentTests\TestsWithCorporateShimsBase.cs:line 227&#xD;
   at VideoOS.Platform.Proxy.ConfigApi.ConfigurationApiItemWrapper..ctor(ServerId serverId, String path) in D:\actions-runner\_work\XPCO\XPCO\MIP\PlatformPlugin\VideoOS.Platform\src\Proxy\ConfigApi\ConfigurationApiItemWrapper.cs:line 110&#xD;
   at VideoOS.Platform.ConfigurationItems.Factory.IsItemTypeSupported(ServerId serverId, String itemType) in D:\actions-runner\_work\XPCO\XPCO\MIP\PlatformPlugin\VideoOS.Platform\src\ConfigurationItems\Factory.cs:line 464&#xD;
MIP: Error: LoginServerOauth (): https://1.2.3.5:55/ManagementServer/ServerCommandServiceOAuth.svc The method or operation is not implemented.&#xD;
MIP: Error: ConfigurationApiItemWrapper (): ConfigAPI GetItem(): System.NotImplementedException, The method or operation is not implemented.&#xD;
MIP: Error: Factory.IsItemTypeSupported (): Exception source:      VideoOS.Platform.SDK.UnitTests&#xD;
Exception type:        System.NotImplementedException&#xD;
Exception message:     The method or operation is not implemented.&#xD;
Exception target site: GetItem&#xD;
   at VideoOS.Platform.SDKUnittest.EnvironmentTests.TestConfigurationClientService.GetItem(String path) in D:\actions-runner\_work\XPCO\XPCO\MIP\MIPSDK\tst\VideoOS.Platform.SDK.UnitTests\EnvironmentTests\TestsWithCorporateShimsBase.cs:line 227&#xD;
   at VideoOS.Platform.Proxy.ConfigApi.ConfigurationApiItemWrapper..ctor(ServerId serverId, String path) in D:\actions-runner\_work\XPCO\XPCO\MIP\PlatformPlugin\VideoOS.Platform\src\Proxy\ConfigApi\ConfigurationApiItemWrapper.cs:line 110&#xD;
   at VideoOS.Platform.ConfigurationItems.Factory.IsItemTypeSupported(ServerId serverId, String itemType) in D:\actions-runner\_work\XPCO\XPCO\MIP\PlatformPlugin\VideoOS.Platform\src\ConfigurationItems\Factory.cs:line 464&#xD;
&#xD;
Factory.IsItemTypeSupportedFactory.IsItemTypeSupported ()The method or operation is not implemented.   at VideoOS.Platform.SDKUnittest.EnvironmentTests.TestConfigurationClientService.GetItem(String path) in D:\actions-runner\_work\XPCO\XPCO\MIP\MIPSDK\tst\VideoOS.Platform.SDK.UnitTests\EnvironmentTests\TestsWithCorporateShimsBase.cs:line 227&#xD;
   at VideoOS.Platform.Proxy.ConfigApi.ConfigurationApiItemWrapper..ctor(ServerId serverId, String path) in D:\actions-runner\_work\XPCO\XPCO\MIP\PlatformPlugin\VideoOS.Platform\src\Proxy\ConfigApi\ConfigurationApiItemWrapper.cs:line 110&#xD;
   at VideoOS.Platform.ConfigurationItems.Factory.IsItemTypeSupported(ServerId serverId, String itemType) in D:\actions-runner\_work\XPCO\XPCO\MIP\PlatformPlugin\VideoOS.Platform\src\ConfigurationItems\Factory.cs:line 464&#xD;
MIP: Error: GetConfiguration (): CustomSetting not found for the given platformDefinitionId: e145597a-ecaf-40a1-99e6-14bb9d45a09e&#xD;
MIP: Error: ConfigurationApiItemWrapper (): ConfigAPI GetItem(): System.NotImplementedException, The method or operation is not implemented.&#xD;
MIP: Error: Factory.IsItemTypeSupported (): Exception source:      VideoOS.Platform.SDK.UnitTests&#xD;
Exception type:        System.NotImplementedException&#xD;
Exception message:     The method or operation is not implemented.&#xD;
Exception target site: GetItem&#xD;
   at VideoOS.Platform.SDKUnittest.EnvironmentTests.TestConfigurationClientService.GetItem(String path) in D:\actions-runner\_work\XPCO\XPCO\MIP\MIPSDK\tst\VideoOS.Platform.SDK.UnitTests\EnvironmentTests\TestsWithCorporateShimsBase.cs:line 227&#xD;
   at VideoOS.Platform.Proxy.ConfigApi.ConfigurationApiItemWrapper..ctor(ServerId serverId, String path) in D:\actions-runner\_work\XPCO\XPCO\MIP\PlatformPlugin\VideoOS.Platform\src\Proxy\ConfigApi\ConfigurationApiItemWrapper.cs:line 110&#xD;
   at VideoOS.Platform.ConfigurationItems.Factory.IsItemTypeSupported(ServerId serverId, String itemType) in D:\actions-runner\_work\XPCO\XPCO\MIP\PlatformPlugin\VideoOS.Platform\src\ConfigurationItems\Factory.cs:line 464&#xD;
&#xD;
Factory.IsItemTypeSupportedFactory.IsItemTypeSupported ()The method or operation is not implemented.   at VideoOS.Platform.SDKUnittest.EnvironmentTests.TestConfigurationClientService.GetItem(String path) in D:\actions-runner\_work\XPCO\XPCO\MIP\MIPSDK\tst\VideoOS.Platform.SDK.UnitTests\EnvironmentTests\TestsWithCorporateShimsBase.cs:line 227&#xD;
   at VideoOS.Platform.Proxy.ConfigApi.ConfigurationApiItemWrapper..ctor(ServerId serverId, String path) in D:\actions-runner\_work\XPCO\XPCO\MIP\PlatformPlugin\VideoOS.Platform\src\Proxy\ConfigApi\ConfigurationApiItemWrapper.cs:line 110&#xD;
   at VideoOS.Platform.ConfigurationItems.Factory.IsItemTypeSupported(ServerId serverId, String itemType) in D:\actions-runner\_work\XPCO\XPCO\MIP\PlatformPlugin\VideoOS.Platform\src\ConfigurationItems\Factory.cs:line 464&#xD;
MIP: Error: LoginServerOauth (): https://1.2.3.5:55/ManagementServer/ServerCommandServiceOAuth.svc The method or operation is not implemented.&#xD;
MIP: Error: ConfigurationApiItemWrapper (): ConfigAPI GetItem(): System.NotImplementedException, The method or operation is not implemented.&#xD;
MIP: Error: Factory.IsItemTypeSupported (): Exception source:      VideoOS.Platform.SDK.UnitTests&#xD;
Exception type:        System.NotImplementedException&#xD;
Exception message:     The method or operation is not implemented.&#xD;
Exception target site: GetItem&#xD;
   at VideoOS.Platform.SDKUnittest.EnvironmentTests.TestConfigurationClientService.GetItem(String path) in D:\actions-runner\_work\XPCO\XPCO\MIP\MIPSDK\tst\VideoOS.Platform.SDK.UnitTests\EnvironmentTests\TestsWithCorporateShimsBase.cs:line 227&#xD;
   at VideoOS.Platform.Proxy.ConfigApi.ConfigurationApiItemWrapper..ctor(ServerId serverId, String path) in D:\actions-runner\_work\XPCO\XPCO\MIP\PlatformPlugin\VideoOS.Platform\src\Proxy\ConfigApi\ConfigurationApiItemWrapper.cs:line 110&#xD;
   at VideoOS.Platform.ConfigurationItems.Factory.IsItemTypeSupported(ServerId serverId, String itemType) in D:\actions-runner\_work\XPCO\XPCO\MIP\PlatformPlugin\VideoOS.Platform\src\ConfigurationItems\Factory.cs:line 464&#xD;
&#xD;
Factory.IsItemTypeSupportedFactory.IsItemTypeSupported ()The method or operation is not implemented.   at VideoOS.Platform.SDKUnittest.EnvironmentTests.TestConfigurationClientService.GetItem(String path) in D:\actions-runner\_work\XPCO\XPCO\MIP\MIPSDK\tst\VideoOS.Platform.SDK.UnitTests\EnvironmentTests\TestsWithCorporateShimsBase.cs:line 227&#xD;
   at VideoOS.Platform.Proxy.ConfigApi.ConfigurationApiItemWrapper..ctor(ServerId serverId, String path) in D:\actions-runner\_work\XPCO\XPCO\MIP\PlatformPlugin\VideoOS.Platform\src\Proxy\ConfigApi\ConfigurationApiItemWrapper.cs:line 110&#xD;
   at VideoOS.Platform.ConfigurationItems.Factory.IsItemTypeSupported(ServerId serverId, String itemType) in D:\actions-runner\_work\XPCO\XPCO\MIP\PlatformPlugin\VideoOS.Platform\src\ConfigurationItems\Factory.cs:line 464&#xD;
MIP: Error: ConfigurationApiItemWrapper (): ConfigAPI GetItem(): System.NotImplementedException, The method or operation is not implemented.&#xD;
MIP: Error: Factory.IsItemTypeSupported (): Exception source:      VideoOS.Platform.SDK.UnitTests&#xD;
Exception type:        System.NotImplementedException&#xD;
Exception message:     The method or operation is not implemented.&#xD;
Exception target site: GetItem&#xD;
   at VideoOS.Platform.SDKUnittest.EnvironmentTests.TestConfigurationClientService.GetItem(String path) in D:\actions-runner\_work\XPCO\XPCO\MIP\MIPSDK\tst\VideoOS.Platform.SDK.UnitTests\EnvironmentTests\TestsWithCorporateShimsBase.cs:line 227&#xD;
   at VideoOS.Platform.Proxy.ConfigApi.ConfigurationApiItemWrapper..ctor(ServerId serverId, String path) in D:\actions-runner\_work\XPCO\XPCO\MIP\PlatformPlugin\VideoOS.Platform\src\Proxy\ConfigApi\ConfigurationApiItemWrapper.cs:line 110&#xD;
   at VideoOS.Platform.ConfigurationItems.Factory.IsItemTypeSupported(ServerId serverId, String itemType) in D:\actions-runner\_work\XPCO\XPCO\MIP\PlatformPlugin\VideoOS.Platform\src\ConfigurationItems\Factory.cs:line 464&#xD;
&#xD;
Factory.IsItemTypeSupportedFactory.IsItemTypeSupported ()The method or operation is not implemented.   at VideoOS.Platform.SDKUnittest.EnvironmentTests.TestConfigurationClientService.GetItem(String path) in D:\actions-runner\_work\XPCO\XPCO\MIP\MIPSDK\tst\VideoOS.Platform.SDK.UnitTests\EnvironmentTests\TestsWithCorporateShimsBase.cs:line 227&#xD;
   at VideoOS.Platform.Proxy.ConfigApi.ConfigurationApiItemWrapper..ctor(ServerId serverId, String path) in D:\actions-runner\_work\XPCO\XPCO\MIP\PlatformPlugin\VideoOS.Platform\src\Proxy\ConfigApi\ConfigurationApiItemWrapper.cs:line 110&#xD;
   at VideoOS.Platform.ConfigurationItems.Factory.IsItemTypeSupported(ServerId serverId, String itemType) in D:\actions-runner\_work\XPCO\XPCO\MIP\PlatformPlugin\VideoOS.Platform\src\ConfigurationItems\Factory.cs:line 464&#xD;
MIP: Error: LoginServerOauth (): https://1.2.3.5:55/ManagementServer/ServerCommandServiceOAuth.svc The method or operation is not implemented.&#xD;
MIP: Error: ConfigurationApiItemWrapper (): ConfigAPI GetItem(): System.NotImplementedException, The method or operation is not implemented.&#xD;
MIP: Error: Factory.IsItemTypeSupported (): Exception source:      VideoOS.Platform.SDK.UnitTests&#xD;
Exception type:        System.NotImplementedException&#xD;
Exception message:     The method or operation is not implemented.&#xD;
Exception target site: GetItem&#xD;
   at VideoOS.Platform.SDKUnittest.EnvironmentTests.TestConfigurationClientService.GetItem(String path) in D:\actions-runner\_work\XPCO\XPCO\MIP\MIPSDK\tst\VideoOS.Platform.SDK.UnitTests\EnvironmentTests\TestsWithCorporateShimsBase.cs:line 227&#xD;
   at VideoOS.Platform.Proxy.ConfigApi.ConfigurationApiItemWrapper..ctor(ServerId serverId, String path) in D:\actions-runner\_work\XPCO\XPCO\MIP\PlatformPlugin\VideoOS.Platform\src\Proxy\ConfigApi\ConfigurationApiItemWrapper.cs:line 110&#xD;
   at VideoOS.Platform.ConfigurationItems.Factory.IsItemTypeSupported(ServerId serverId, String itemType) in D:\actions-runner\_work\XPCO\XPCO\MIP\PlatformPlugin\VideoOS.Platform\src\ConfigurationItems\Factory.cs:line 464&#xD;
&#xD;
Factory.IsItemTypeSupportedFactory.IsItemTypeSupported ()The method or operation is not implemented.   at VideoOS.Platform.SDKUnittest.EnvironmentTests.TestConfigurationClientService.GetItem(String path) in D:\actions-runner\_work\XPCO\XPCO\MIP\MIPSDK\tst\VideoOS.Platform.SDK.UnitTests\EnvironmentTests\TestsWithCorporateShimsBase.cs:line 227&#xD;
   at VideoOS.Platform.Proxy.ConfigApi.ConfigurationApiItemWrapper..ctor(ServerId serverId, String path) in D:\actions-runner\_work\XPCO\XPCO\MIP\PlatformPlugin\VideoOS.Platform\src\Proxy\ConfigApi\ConfigurationApiItemWrapper.cs:line 110&#xD;
   at VideoOS.Platform.ConfigurationItems.Factory.IsItemTypeSupported(ServerId serverId, String itemType) in D:\actions-runner\_work\XPCO\XPCO\MIP\PlatformPlugin\VideoOS.Platform\src\ConfigurationItems\Factory.cs:line 464&#xD;
MIP: Error: GetConfiguration (): CustomSetting not found for the given platformDefinitionId: e145597a-ecaf-40a1-99e6-14bb9d45a09e&#xD;
MIP: Error: ConfigurationApiItemWrapper (): ConfigAPI GetItem(): System.NotImplementedException, The method or operation is not implemented.&#xD;
MIP: Error: Factory.IsItemTypeSupported (): Exception source:      VideoOS.Platform.SDK.UnitTests&#xD;
Exception type:        System.NotImplementedException&#xD;
Exception message:     The method or operation is not implemented.&#xD;
Exception target site: GetItem&#xD;
   at VideoOS.Platform.SDKUnittest.EnvironmentTests.TestConfigurationClientService.GetItem(String path) in D:\actions-runner\_work\XPCO\XPCO\MIP\MIPSDK\tst\VideoOS.Platform.SDK.UnitTests\EnvironmentTests\TestsWithCorporateShimsBase.cs:line 227&#xD;
   at VideoOS.Platform.Proxy.ConfigApi.ConfigurationApiItemWrapper..ctor(ServerId serverId, String path) in D:\actions-runner\_work\XPCO\XPCO\MIP\PlatformPlugin\VideoOS.Platform\src\Proxy\ConfigApi\ConfigurationApiItemWrapper.cs:line 110&#xD;
   at VideoOS.Platform.ConfigurationItems.Factory.IsItemTypeSupported(ServerId serverId, String itemType) in D:\actions-runner\_work\XPCO\XPCO\MIP\PlatformPlugin\VideoOS.Platform\src\ConfigurationItems\Factory.cs:line 464&#xD;
&#xD;
Factory.IsItemTypeSupportedFactory.IsItemTypeSupported ()The method or operation is not implemented.   at VideoOS.Platform.SDKUnittest.EnvironmentTests.TestConfigurationClientService.GetItem(String path) in D:\actions-runner\_work\XPCO\XPCO\MIP\MIPSDK\tst\VideoOS.Platform.SDK.UnitTests\EnvironmentTests\TestsWithCorporateShimsBase.cs:line 227&#xD;
   at VideoOS.Platform.Proxy.ConfigApi.ConfigurationApiItemWrapper..ctor(ServerId serverId, String path) in D:\actions-runner\_work\XPCO\XPCO\MIP\PlatformPlugin\VideoOS.Platform\src\Proxy\ConfigApi\ConfigurationApiItemWrapper.cs:line 110&#xD;
   at VideoOS.Platform.ConfigurationItems.Factory.IsItemTypeSupported(ServerId serverId, String itemType) in D:\actions-runner\_work\XPCO\XPCO\MIP\PlatformPlugin\VideoOS.Platform\src\ConfigurationItems\Factory.cs:line 464&#xD;
MIP: Error: LoginServerOauth (): https://1.2.3.5:55/ManagementServer/ServerCommandServiceOAuth.svc The method or operation is not implemented.</StdOut>
      </Output>
    </UnitTestResult>
    <UnitTestResult executionId="ce8ef174-0342-495c-a7ee-3ab6ac111589" testId="c99c839d-4d5b-c45c-4faf-632197d463b3" testName="Initialize_ShouldSetInstancesFromContainer" computerName="DKSR-EFI-04" duration="00:00:00.2306813" startTime="2023-12-22T09:35:19.7411643+01:00" endTime="2023-12-22T09:35:19.9755879+01:00" testType="13cdc9d9-ddb5-4fa4-a97d-d965ccfc6d4b" outcome="Passed" testListId="8c84fa94-04c1-424b-9868-57a2d4851a1d" relativeResultsDirectory="ce8ef174-0342-495c-a7ee-3ab6ac111589" />
    <UnitTestResult executionId="17388bf6-d40f-4447-9a54-f9f9c8712517" testId="3512c4ea-c42c-dc19-86d1-3085820f9234" testName="Given_Nothing_When_EventHandlerIsCreated_Then_ItRegistersItselfToTheMessageDispatcher" computerName="DKSR-EFI-04" duration="00:00:00.0075763" startTime="2023-12-22T09:36:15.2102070+01:00" endTime="2023-12-22T09:36:15.2258318+01:00" testType="13cdc9d9-ddb5-4fa4-a97d-d965ccfc6d4b" outcome="Passed" testListId="8c84fa94-04c1-424b-9868-57a2d4851a1d" relativeResultsDirectory="17388bf6-d40f-4447-9a54-f9f9c8712517" />
    <UnitTestResult executionId="5e9af390-6228-4e1c-8b2a-0804ad411c95" testId="eee97d95-67c8-3d03-776d-c5c6f362f535" testName="ConnectionTask_ShouldNotResumeNewSession_WhenConnectionIsBroken_AndResumeFails_AndResubscribeFails" computerName="DKSR-EFI-04" duration="00:00:00.0181620" startTime="2023-12-22T09:36:15.5539584+01:00" endTime="2023-12-22T09:36:15.5695833+01:00" testType="13cdc9d9-ddb5-4fa4-a97d-d965ccfc6d4b" outcome="Passed" testListId="8c84fa94-04c1-424b-9868-57a2d4851a1d" relativeResultsDirectory="5e9af390-6228-4e1c-8b2a-0804ad411c95" />
    <UnitTestResult executionId="a8fc7dd1-8fa4-455d-9961-b6d4dbf26eb6" testId="cba02d2f-4f19-49c0-1575-9037f596fa95" testName="XpcoServerConnectedFail" computerName="DKSR-EFI-04" duration="00:00:00.1531909" startTime="2023-12-22T09:36:38.5540786+01:00" endTime="2023-12-22T09:36:38.6947061+01:00" testType="13cdc9d9-ddb5-4fa4-a97d-d965ccfc6d4b" outcome="Passed" testListId="8c84fa94-04c1-424b-9868-57a2d4851a1d" relativeResultsDirectory="a8fc7dd1-8fa4-455d-9961-b6d4dbf26eb6" />
    <UnitTestResult executionId="fae7949d-5a9b-4c60-8a45-5cc0c0f40899" testId="a48a4aa2-5c0d-5259-9846-1ccc3607484c" testName="Given_Nothing_When_ReceivingAnUnknownMessage_Then_FirstPartOfTheMessgeIsLoggedInAWarning" computerName="DKSR-EFI-04" duration="00:00:00.0078602" startTime="2023-12-22T09:36:15.7883334+01:00" endTime="2023-12-22T09:36:15.7883334+01:00" testType="13cdc9d9-ddb5-4fa4-a97d-d965ccfc6d4b" outcome="Passed" testListId="8c84fa94-04c1-424b-9868-57a2d4851a1d" relativeResultsDirectory="fae7949d-5a9b-4c60-8a45-5cc0c0f40899" />
    <UnitTestResult executionId="e72d9121-a937-4a25-a860-c15bfcc51872" testId="c0865429-3866-2dd1-bc73-a54af982297e" testName="DisposingBeforeConnectIsDone_ShouldNotThrowException" computerName="DKSR-EFI-04" duration="00:00:00.0066256" startTime="2023-12-22T09:36:15.5070839+01:00" endTime="2023-12-22T09:36:15.5070839+01:00" testType="13cdc9d9-ddb5-4fa4-a97d-d965ccfc6d4b" outcome="Passed" testListId="8c84fa94-04c1-424b-9868-57a2d4851a1d" relativeResultsDirectory="e72d9121-a937-4a25-a860-c15bfcc51872" />
    <UnitTestResult executionId="feec6352-ed38-40a4-803a-4d6da3357647" testId="e480450b-9f62-5e54-a1f5-cc1228ba5cde" testName="Free_ShouldStopRecording_WhenRecordingIsStarted" computerName="DKSR-EFI-04" duration="00:00:00.0011691" startTime="2023-12-22T09:36:47.3978792+01:00" endTime="2023-12-22T09:36:47.3978792+01:00" testType="13cdc9d9-ddb5-4fa4-a97d-d965ccfc6d4b" outcome="Passed" testListId="8c84fa94-04c1-424b-9868-57a2d4851a1d" relativeResultsDirectory="feec6352-ed38-40a4-803a-4d6da3357647" />
    <UnitTestResult executionId="f5098f39-cf73-4355-9284-ff745b96230a" testId="0d04ce70-8f8e-5be6-d205-e559df63652c" testName="Given_Connected_When_AddSubscriptionSuccesful_Then_ASubscriptionIdIsReturned" computerName="DKSR-EFI-04" duration="00:00:00.0161681" startTime="2023-12-22T09:36:15.3508316+01:00" endTime="2023-12-22T09:36:15.3664585+01:00" testType="13cdc9d9-ddb5-4fa4-a97d-d965ccfc6d4b" outcome="Passed" testListId="8c84fa94-04c1-424b-9868-57a2d4851a1d" relativeResultsDirectory="f5098f39-cf73-4355-9284-ff745b96230a" />
    <UnitTestResult executionId="9fe06389-fd84-4ad6-82ce-caf1c44f4b5d" testId="578ff933-7ee9-6ffc-c871-a9d0960055b8" testName="XpcoLoginAndGetConfguration" computerName="DKSR-EFI-04" duration="00:00:01.7172276" startTime="2023-12-22T09:36:33.9759303+01:00" endTime="2023-12-22T09:36:35.6946906+01:00" testType="13cdc9d9-ddb5-4fa4-a97d-d965ccfc6d4b" outcome="Passed" testListId="8c84fa94-04c1-424b-9868-57a2d4851a1d" relativeResultsDirectory="9fe06389-fd84-4ad6-82ce-caf1c44f4b5d">
      <Output>
        <StdOut>Debug Trace:&#xD;
TopLevelControl returns null. PostMessage may have problems&#xD;
MIP: Error: ConfigurationApiItemWrapper (): ConfigAPI GetItem(): System.NotImplementedException, The method or operation is not implemented.&#xD;
MIP: Error: Factory.IsItemTypeSupported (): Exception source:      VideoOS.Platform.SDK.UnitTests&#xD;
Exception type:        System.NotImplementedException&#xD;
Exception message:     The method or operation is not implemented.&#xD;
Exception target site: GetItem&#xD;
   at VideoOS.Platform.SDKUnittest.EnvironmentTests.TestConfigurationClientService.GetItem(String path) in D:\actions-runner\_work\XPCO\XPCO\MIP\MIPSDK\tst\VideoOS.Platform.SDK.UnitTests\EnvironmentTests\TestsWithCorporateShimsBase.cs:line 227&#xD;
   at VideoOS.Platform.Proxy.ConfigApi.ConfigurationApiItemWrapper..ctor(ServerId serverId, String path) in D:\actions-runner\_work\XPCO\XPCO\MIP\PlatformPlugin\VideoOS.Platform\src\Proxy\ConfigApi\ConfigurationApiItemWrapper.cs:line 110&#xD;
   at VideoOS.Platform.ConfigurationItems.Factory.IsItemTypeSupported(ServerId serverId, String itemType) in D:\actions-runner\_work\XPCO\XPCO\MIP\PlatformPlugin\VideoOS.Platform\src\ConfigurationItems\Factory.cs:line 464&#xD;
&#xD;
Factory.IsItemTypeSupportedFactory.IsItemTypeSupported ()The method or operation is not implemented.   at VideoOS.Platform.SDKUnittest.EnvironmentTests.TestConfigurationClientService.GetItem(String path) in D:\actions-runner\_work\XPCO\XPCO\MIP\MIPSDK\tst\VideoOS.Platform.SDK.UnitTests\EnvironmentTests\TestsWithCorporateShimsBase.cs:line 227&#xD;
   at VideoOS.Platform.Proxy.ConfigApi.ConfigurationApiItemWrapper..ctor(ServerId serverId, String path) in D:\actions-runner\_work\XPCO\XPCO\MIP\PlatformPlugin\VideoOS.Platform\src\Proxy\ConfigApi\ConfigurationApiItemWrapper.cs:line 110&#xD;
   at VideoOS.Platform.ConfigurationItems.Factory.IsItemTypeSupported(ServerId serverId, String itemType) in D:\actions-runner\_work\XPCO\XPCO\MIP\PlatformPlugin\VideoOS.Platform\src\ConfigurationItems\Factory.cs:line 464&#xD;
MIP: Error: GetConfiguration (): CustomSetting not found for the given platformDefinitionId: e145597a-ecaf-40a1-99e6-14bb9d45a09e&#xD;
MIP: Error: ConfigurationApiItemWrapper (): ConfigAPI GetItem(): System.NotImplementedException, The method or operation is not implemented.&#xD;
MIP: Error: Factory.IsItemTypeSupported (): Exception source:      VideoOS.Platform.SDK.UnitTests&#xD;
Exception type:        System.NotImplementedException&#xD;
Exception message:     The method or operation is not implemented.&#xD;
Exception target site: GetItem&#xD;
   at VideoOS.Platform.SDKUnittest.EnvironmentTests.TestConfigurationClientService.GetItem(String path) in D:\actions-runner\_work\XPCO\XPCO\MIP\MIPSDK\tst\VideoOS.Platform.SDK.UnitTests\EnvironmentTests\TestsWithCorporateShimsBase.cs:line 227&#xD;
   at VideoOS.Platform.Proxy.ConfigApi.ConfigurationApiItemWrapper..ctor(ServerId serverId, String path) in D:\actions-runner\_work\XPCO\XPCO\MIP\PlatformPlugin\VideoOS.Platform\src\Proxy\ConfigApi\ConfigurationApiItemWrapper.cs:line 110&#xD;
   at VideoOS.Platform.ConfigurationItems.Factory.IsItemTypeSupported(ServerId serverId, String itemType) in D:\actions-runner\_work\XPCO\XPCO\MIP\PlatformPlugin\VideoOS.Platform\src\ConfigurationItems\Factory.cs:line 464&#xD;
&#xD;
Factory.IsItemTypeSupportedFactory.IsItemTypeSupported ()The method or operation is not implemented.   at VideoOS.Platform.SDKUnittest.EnvironmentTests.TestConfigurationClientService.GetItem(String path) in D:\actions-runner\_work\XPCO\XPCO\MIP\MIPSDK\tst\VideoOS.Platform.SDK.UnitTests\EnvironmentTests\TestsWithCorporateShimsBase.cs:line 227&#xD;
   at VideoOS.Platform.Proxy.ConfigApi.ConfigurationApiItemWrapper..ctor(ServerId serverId, String path) in D:\actions-runner\_work\XPCO\XPCO\MIP\PlatformPlugin\VideoOS.Platform\src\Proxy\ConfigApi\ConfigurationApiItemWrapper.cs:line 110&#xD;
   at VideoOS.Platform.ConfigurationItems.Factory.IsItemTypeSupported(ServerId serverId, String itemType) in D:\actions-runner\_work\XPCO\XPCO\MIP\PlatformPlugin\VideoOS.Platform\src\ConfigurationItems\Factory.cs:line 464&#xD;
MIP: Error: LoginServerOauth (): https://1.2.3.5:55/ManagementServer/ServerCommandServiceOAuth.svc The method or operation is not implemented.&#xD;
MIP: Error: ConfigurationApiItemWrapper (): ConfigAPI GetItem(): System.NotImplementedException, The method or operation is not implemented.&#xD;
MIP: Error: Factory.IsItemTypeSupported (): Exception source:      VideoOS.Platform.SDK.UnitTests&#xD;
Exception type:        System.NotImplementedException&#xD;
Exception message:     The method or operation is not implemented.&#xD;
Exception target site: GetItem&#xD;
   at VideoOS.Platform.SDKUnittest.EnvironmentTests.TestConfigurationClientService.GetItem(String path) in D:\actions-runner\_work\XPCO\XPCO\MIP\MIPSDK\tst\VideoOS.Platform.SDK.UnitTests\EnvironmentTests\TestsWithCorporateShimsBase.cs:line 227&#xD;
   at VideoOS.Platform.Proxy.ConfigApi.ConfigurationApiItemWrapper..ctor(ServerId serverId, String path) in D:\actions-runner\_work\XPCO\XPCO\MIP\PlatformPlugin\VideoOS.Platform\src\Proxy\ConfigApi\ConfigurationApiItemWrapper.cs:line 110&#xD;
   at VideoOS.Platform.ConfigurationItems.Factory.IsItemTypeSupported(ServerId serverId, String itemType) in D:\actions-runner\_work\XPCO\XPCO\MIP\PlatformPlugin\VideoOS.Platform\src\ConfigurationItems\Factory.cs:line 464&#xD;
&#xD;
Factory.IsItemTypeSupportedFactory.IsItemTypeSupported ()The method or operation is not implemented.   at VideoOS.Platform.SDKUnittest.EnvironmentTests.TestConfigurationClientService.GetItem(String path) in D:\actions-runner\_work\XPCO\XPCO\MIP\MIPSDK\tst\VideoOS.Platform.SDK.UnitTests\EnvironmentTests\TestsWithCorporateShimsBase.cs:line 227&#xD;
   at VideoOS.Platform.Proxy.ConfigApi.ConfigurationApiItemWrapper..ctor(ServerId serverId, String path) in D:\actions-runner\_work\XPCO\XPCO\MIP\PlatformPlugin\VideoOS.Platform\src\Proxy\ConfigApi\ConfigurationApiItemWrapper.cs:line 110&#xD;
   at VideoOS.Platform.ConfigurationItems.Factory.IsItemTypeSupported(ServerId serverId, String itemType) in D:\actions-runner\_work\XPCO\XPCO\MIP\PlatformPlugin\VideoOS.Platform\src\ConfigurationItems\Factory.cs:line 464&#xD;
MIP: Error: GetConfiguration (): CustomSetting not found for the given platformDefinitionId: e145597a-ecaf-40a1-99e6-14bb9d45a09e&#xD;
MIP: Error: ConfigurationApiItemWrapper (): ConfigAPI GetItem(): System.NotImplementedException, The method or operation is not implemented.&#xD;
MIP: Error: Factory.IsItemTypeSupported (): Exception source:      VideoOS.Platform.SDK.UnitTests&#xD;
Exception type:        System.NotImplementedException&#xD;
Exception message:     The method or operation is not implemented.&#xD;
Exception target site: GetItem&#xD;
   at VideoOS.Platform.SDKUnittest.EnvironmentTests.TestConfigurationClientService.GetItem(String path) in D:\actions-runner\_work\XPCO\XPCO\MIP\MIPSDK\tst\VideoOS.Platform.SDK.UnitTests\EnvironmentTests\TestsWithCorporateShimsBase.cs:line 227&#xD;
   at VideoOS.Platform.Proxy.ConfigApi.ConfigurationApiItemWrapper..ctor(ServerId serverId, String path) in D:\actions-runner\_work\XPCO\XPCO\MIP\PlatformPlugin\VideoOS.Platform\src\Proxy\ConfigApi\ConfigurationApiItemWrapper.cs:line 110&#xD;
   at VideoOS.Platform.ConfigurationItems.Factory.IsItemTypeSupported(ServerId serverId, String itemType) in D:\actions-runner\_work\XPCO\XPCO\MIP\PlatformPlugin\VideoOS.Platform\src\ConfigurationItems\Factory.cs:line 464&#xD;
&#xD;
Factory.IsItemTypeSupportedFactory.IsItemTypeSupported ()The method or operation is not implemented.   at VideoOS.Platform.SDKUnittest.EnvironmentTests.TestConfigurationClientService.GetItem(String path) in D:\actions-runner\_work\XPCO\XPCO\MIP\MIPSDK\tst\VideoOS.Platform.SDK.UnitTests\EnvironmentTests\TestsWithCorporateShimsBase.cs:line 227&#xD;
   at VideoOS.Platform.Proxy.ConfigApi.ConfigurationApiItemWrapper..ctor(ServerId serverId, String path) in D:\actions-runner\_work\XPCO\XPCO\MIP\PlatformPlugin\VideoOS.Platform\src\Proxy\ConfigApi\ConfigurationApiItemWrapper.cs:line 110&#xD;
   at VideoOS.Platform.ConfigurationItems.Factory.IsItemTypeSupported(ServerId serverId, String itemType) in D:\actions-runner\_work\XPCO\XPCO\MIP\PlatformPlugin\VideoOS.Platform\src\ConfigurationItems\Factory.cs:line 464&#xD;
MIP: Error: LoginServerOauth (): https://1.2.3.5:55/ManagementServer/ServerCommandServiceOAuth.svc The method or operation is not implemented.&#xD;
MIP: Error: ConfigurationApiItemWrapper (): ConfigAPI GetItem(): System.NotImplementedException, The method or operation is not implemented.&#xD;
MIP: Error: Factory.IsItemTypeSupported (): Exception source:      VideoOS.Platform.SDK.UnitTests&#xD;
Exception type:        System.NotImplementedException&#xD;
Exception message:     The method or operation is not implemented.&#xD;
Exception target site: GetItem&#xD;
   at VideoOS.Platform.SDKUnittest.EnvironmentTests.TestConfigurationClientService.GetItem(String path) in D:\actions-runner\_work\XPCO\XPCO\MIP\MIPSDK\tst\VideoOS.Platform.SDK.UnitTests\EnvironmentTests\TestsWithCorporateShimsBase.cs:line 227&#xD;
   at VideoOS.Platform.Proxy.ConfigApi.ConfigurationApiItemWrapper..ctor(ServerId serverId, String path) in D:\actions-runner\_work\XPCO\XPCO\MIP\PlatformPlugin\VideoOS.Platform\src\Proxy\ConfigApi\ConfigurationApiItemWrapper.cs:line 110&#xD;
   at VideoOS.Platform.ConfigurationItems.Factory.IsItemTypeSupported(ServerId serverId, String itemType) in D:\actions-runner\_work\XPCO\XPCO\MIP\PlatformPlugin\VideoOS.Platform\src\ConfigurationItems\Factory.cs:line 464&#xD;
&#xD;
Factory.IsItemTypeSupportedFactory.IsItemTypeSupported ()The method or operation is not implemented.   at VideoOS.Platform.SDKUnittest.EnvironmentTests.TestConfigurationClientService.GetItem(String path) in D:\actions-runner\_work\XPCO\XPCO\MIP\MIPSDK\tst\VideoOS.Platform.SDK.UnitTests\EnvironmentTests\TestsWithCorporateShimsBase.cs:line 227&#xD;
   at VideoOS.Platform.Proxy.ConfigApi.ConfigurationApiItemWrapper..ctor(ServerId serverId, String path) in D:\actions-runner\_work\XPCO\XPCO\MIP\PlatformPlugin\VideoOS.Platform\src\Proxy\ConfigApi\ConfigurationApiItemWrapper.cs:line 110&#xD;
   at VideoOS.Platform.ConfigurationItems.Factory.IsItemTypeSupported(ServerId serverId, String itemType) in D:\actions-runner\_work\XPCO\XPCO\MIP\PlatformPlugin\VideoOS.Platform\src\ConfigurationItems\Factory.cs:line 464&#xD;
MIP: Error: ConfigurationApiItemWrapper (): ConfigAPI GetItem(): System.NotImplementedException, The method or operation is not implemented.&#xD;
MIP: Error: Factory.IsItemTypeSupported (): Exception source:      VideoOS.Platform.SDK.UnitTests&#xD;
Exception type:        System.NotImplementedException&#xD;
Exception message:     The method or operation is not implemented.&#xD;
Exception target site: GetItem&#xD;
   at VideoOS.Platform.SDKUnittest.EnvironmentTests.TestConfigurationClientService.GetItem(String path) in D:\actions-runner\_work\XPCO\XPCO\MIP\MIPSDK\tst\VideoOS.Platform.SDK.UnitTests\EnvironmentTests\TestsWithCorporateShimsBase.cs:line 227&#xD;
   at VideoOS.Platform.Proxy.ConfigApi.ConfigurationApiItemWrapper..ctor(ServerId serverId, String path) in D:\actions-runner\_work\XPCO\XPCO\MIP\PlatformPlugin\VideoOS.Platform\src\Proxy\ConfigApi\ConfigurationApiItemWrapper.cs:line 110&#xD;
   at VideoOS.Platform.ConfigurationItems.Factory.IsItemTypeSupported(ServerId serverId, String itemType) in D:\actions-runner\_work\XPCO\XPCO\MIP\PlatformPlugin\VideoOS.Platform\src\ConfigurationItems\Factory.cs:line 464&#xD;
&#xD;
Factory.IsItemTypeSupportedFactory.IsItemTypeSupported ()The method or operation is not implemented.   at VideoOS.Platform.SDKUnittest.EnvironmentTests.TestConfigurationClientService.GetItem(String path) in D:\actions-runner\_work\XPCO\XPCO\MIP\MIPSDK\tst\VideoOS.Platform.SDK.UnitTests\EnvironmentTests\TestsWithCorporateShimsBase.cs:line 227&#xD;
   at VideoOS.Platform.Proxy.ConfigApi.ConfigurationApiItemWrapper..ctor(ServerId serverId, String path) in D:\actions-runner\_work\XPCO\XPCO\MIP\PlatformPlugin\VideoOS.Platform\src\Proxy\ConfigApi\ConfigurationApiItemWrapper.cs:line 110&#xD;
   at VideoOS.Platform.ConfigurationItems.Factory.IsItemTypeSupported(ServerId serverId, String itemType) in D:\actions-runner\_work\XPCO\XPCO\MIP\PlatformPlugin\VideoOS.Platform\src\ConfigurationItems\Factory.cs:line 464&#xD;
MIP: Error: LoginServerOauth (): https://1.2.3.5:55/ManagementServer/ServerCommandServiceOAuth.svc The method or operation is not implemented.&#xD;
MIP: Error: ConfigurationApiItemWrapper (): ConfigAPI GetItem(): System.NotImplementedException, The method or operation is not implemented.&#xD;
MIP: Error: Factory.IsItemTypeSupported (): Exception source:      VideoOS.Platform.SDK.UnitTests&#xD;
Exception type:        System.NotImplementedException&#xD;
Exception message:     The method or operation is not implemented.&#xD;
Exception target site: GetItem&#xD;
   at VideoOS.Platform.SDKUnittest.EnvironmentTests.TestConfigurationClientService.GetItem(String path) in D:\actions-runner\_work\XPCO\XPCO\MIP\MIPSDK\tst\VideoOS.Platform.SDK.UnitTests\EnvironmentTests\TestsWithCorporateShimsBase.cs:line 227&#xD;
   at VideoOS.Platform.Proxy.ConfigApi.ConfigurationApiItemWrapper..ctor(ServerId serverId, String path) in D:\actions-runner\_work\XPCO\XPCO\MIP\PlatformPlugin\VideoOS.Platform\src\Proxy\ConfigApi\ConfigurationApiItemWrapper.cs:line 110&#xD;
   at VideoOS.Platform.ConfigurationItems.Factory.IsItemTypeSupported(ServerId serverId, String itemType) in D:\actions-runner\_work\XPCO\XPCO\MIP\PlatformPlugin\VideoOS.Platform\src\ConfigurationItems\Factory.cs:line 464&#xD;
&#xD;
Factory.IsItemTypeSupportedFactory.IsItemTypeSupported ()The method or operation is not implemented.   at VideoOS.Platform.SDKUnittest.EnvironmentTests.TestConfigurationClientService.GetItem(String path) in D:\actions-runner\_work\XPCO\XPCO\MIP\MIPSDK\tst\VideoOS.Platform.SDK.UnitTests\EnvironmentTests\TestsWithCorporateShimsBase.cs:line 227&#xD;
   at VideoOS.Platform.Proxy.ConfigApi.ConfigurationApiItemWrapper..ctor(ServerId serverId, String path) in D:\actions-runner\_work\XPCO\XPCO\MIP\PlatformPlugin\VideoOS.Platform\src\Proxy\ConfigApi\ConfigurationApiItemWrapper.cs:line 110&#xD;
   at VideoOS.Platform.ConfigurationItems.Factory.IsItemTypeSupported(ServerId serverId, String itemType) in D:\actions-runner\_work\XPCO\XPCO\MIP\PlatformPlugin\VideoOS.Platform\src\ConfigurationItems\Factory.cs:line 464&#xD;
MIP: Error: GetConfiguration (): CustomSetting not found for the given platformDefinitionId: e145597a-ecaf-40a1-99e6-14bb9d45a09e&#xD;
MIP: Error: ConfigurationApiItemWrapper (): ConfigAPI GetItem(): System.NotImplementedException, The method or operation is not implemented.&#xD;
MIP: Error: Factory.IsItemTypeSupported (): Exception source:      VideoOS.Platform.SDK.UnitTests&#xD;
Exception type:        System.NotImplementedException&#xD;
Exception message:     The method or operation is not implemented.&#xD;
Exception target site: GetItem&#xD;
   at VideoOS.Platform.SDKUnittest.EnvironmentTests.TestConfigurationClientService.GetItem(String path) in D:\actions-runner\_work\XPCO\XPCO\MIP\MIPSDK\tst\VideoOS.Platform.SDK.UnitTests\EnvironmentTests\TestsWithCorporateShimsBase.cs:line 227&#xD;
   at VideoOS.Platform.Proxy.ConfigApi.ConfigurationApiItemWrapper..ctor(ServerId serverId, String path) in D:\actions-runner\_work\XPCO\XPCO\MIP\PlatformPlugin\VideoOS.Platform\src\Proxy\ConfigApi\ConfigurationApiItemWrapper.cs:line 110&#xD;
   at VideoOS.Platform.ConfigurationItems.Factory.IsItemTypeSupported(ServerId serverId, String itemType) in D:\actions-runner\_work\XPCO\XPCO\MIP\PlatformPlugin\VideoOS.Platform\src\ConfigurationItems\Factory.cs:line 464&#xD;
&#xD;
Factory.IsItemTypeSupportedFactory.IsItemTypeSupported ()The method or operation is not implemented.   at VideoOS.Platform.SDKUnittest.EnvironmentTests.TestConfigurationClientService.GetItem(String path) in D:\actions-runner\_work\XPCO\XPCO\MIP\MIPSDK\tst\VideoOS.Platform.SDK.UnitTests\EnvironmentTests\TestsWithCorporateShimsBase.cs:line 227&#xD;
   at VideoOS.Platform.Proxy.ConfigApi.ConfigurationApiItemWrapper..ctor(ServerId serverId, String path) in D:\actions-runner\_work\XPCO\XPCO\MIP\PlatformPlugin\VideoOS.Platform\src\Proxy\ConfigApi\ConfigurationApiItemWrapper.cs:line 110&#xD;
   at VideoOS.Platform.ConfigurationItems.Factory.IsItemTypeSupported(ServerId serverId, String itemType) in D:\actions-runner\_work\XPCO\XPCO\MIP\PlatformPlugin\VideoOS.Platform\src\ConfigurationItems\Factory.cs:line 464&#xD;
MIP: Error: LoginServerOauth (): https://1.2.3.5:55/ManagementServer/ServerCommandServiceOAuth.svc The method or operation is not implemented.&#xD;
MIP: Error: ConfigurationApiItemWrapper (): ConfigAPI GetItem(): System.NotImplementedException, The method or operation is not implemented.&#xD;
MIP: Error: Factory.IsItemTypeSupported (): Exception source:      VideoOS.Platform.SDK.UnitTests&#xD;
Exception type:        System.NotImplementedException&#xD;
Exception message:     The method or operation is not implemented.&#xD;
Exception target site: GetItem&#xD;
   at VideoOS.Platform.SDKUnittest.EnvironmentTests.TestConfigurationClientService.GetItem(String path) in D:\actions-runner\_work\XPCO\XPCO\MIP\MIPSDK\tst\VideoOS.Platform.SDK.UnitTests\EnvironmentTests\TestsWithCorporateShimsBase.cs:line 227&#xD;
   at VideoOS.Platform.Proxy.ConfigApi.ConfigurationApiItemWrapper..ctor(ServerId serverId, String path) in D:\actions-runner\_work\XPCO\XPCO\MIP\PlatformPlugin\VideoOS.Platform\src\Proxy\ConfigApi\ConfigurationApiItemWrapper.cs:line 110&#xD;
   at VideoOS.Platform.ConfigurationItems.Factory.IsItemTypeSupported(ServerId serverId, String itemType) in D:\actions-runner\_work\XPCO\XPCO\MIP\PlatformPlugin\VideoOS.Platform\src\ConfigurationItems\Factory.cs:line 464&#xD;
&#xD;
Factory.IsItemTypeSupportedFactory.IsItemTypeSupported ()The method or operation is not implemented.   at VideoOS.Platform.SDKUnittest.EnvironmentTests.TestConfigurationClientService.GetItem(String path) in D:\actions-runner\_work\XPCO\XPCO\MIP\MIPSDK\tst\VideoOS.Platform.SDK.UnitTests\EnvironmentTests\TestsWithCorporateShimsBase.cs:line 227&#xD;
   at VideoOS.Platform.Proxy.ConfigApi.ConfigurationApiItemWrapper..ctor(ServerId serverId, String path) in D:\actions-runner\_work\XPCO\XPCO\MIP\PlatformPlugin\VideoOS.Platform\src\Proxy\ConfigApi\ConfigurationApiItemWrapper.cs:line 110&#xD;
   at VideoOS.Platform.ConfigurationItems.Factory.IsItemTypeSupported(ServerId serverId, String itemType) in D:\actions-runner\_work\XPCO\XPCO\MIP\PlatformPlugin\VideoOS.Platform\src\ConfigurationItems\Factory.cs:line 464&#xD;
MIP: Error: ConfigurationApiItemWrapper (): ConfigAPI GetItem(): System.NotImplementedException, The method or operation is not implemented.&#xD;
MIP: Error: Factory.IsItemTypeSupported (): Exception source:      VideoOS.Platform.SDK.UnitTests&#xD;
Exception type:        System.NotImplementedException&#xD;
Exception message:     The method or operation is not implemented.&#xD;
Exception target site: GetItem&#xD;
   at VideoOS.Platform.SDKUnittest.EnvironmentTests.TestConfigurationClientService.GetItem(String path) in D:\actions-runner\_work\XPCO\XPCO\MIP\MIPSDK\tst\VideoOS.Platform.SDK.UnitTests\EnvironmentTests\TestsWithCorporateShimsBase.cs:line 227&#xD;
   at VideoOS.Platform.Proxy.ConfigApi.ConfigurationApiItemWrapper..ctor(ServerId serverId, String path) in D:\actions-runner\_work\XPCO\XPCO\MIP\PlatformPlugin\VideoOS.Platform\src\Proxy\ConfigApi\ConfigurationApiItemWrapper.cs:line 110&#xD;
   at VideoOS.Platform.ConfigurationItems.Factory.IsItemTypeSupported(ServerId serverId, String itemType) in D:\actions-runner\_work\XPCO\XPCO\MIP\PlatformPlugin\VideoOS.Platform\src\ConfigurationItems\Factory.cs:line 464&#xD;
&#xD;
Factory.IsItemTypeSupportedFactory.IsItemTypeSupported ()The method or operation is not implemented.   at VideoOS.Platform.SDKUnittest.EnvironmentTests.TestConfigurationClientService.GetItem(String path) in D:\actions-runner\_work\XPCO\XPCO\MIP\MIPSDK\tst\VideoOS.Platform.SDK.UnitTests\EnvironmentTests\TestsWithCorporateShimsBase.cs:line 227&#xD;
   at VideoOS.Platform.Proxy.ConfigApi.ConfigurationApiItemWrapper..ctor(ServerId serverId, String path) in D:\actions-runner\_work\XPCO\XPCO\MIP\PlatformPlugin\VideoOS.Platform\src\Proxy\ConfigApi\ConfigurationApiItemWrapper.cs:line 110&#xD;
   at VideoOS.Platform.ConfigurationItems.Factory.IsItemTypeSupported(ServerId serverId, String itemType) in D:\actions-runner\_work\XPCO\XPCO\MIP\PlatformPlugin\VideoOS.Platform\src\ConfigurationItems\Factory.cs:line 464&#xD;
MIP: Error: LoginServerOauth (): https://1.2.3.5:55/ManagementServer/ServerCommandServiceOAuth.svc The method or operation is not implemented.&#xD;
MIP: Error: ConfigurationApiItemWrapper (): ConfigAPI GetItem(): System.NotImplementedException, The method or operation is not implemented.&#xD;
MIP: Error: Factory.IsItemTypeSupported (): Exception source:      VideoOS.Platform.SDK.UnitTests&#xD;
Exception type:        System.NotImplementedException&#xD;
Exception message:     The method or operation is not implemented.&#xD;
Exception target site: GetItem&#xD;
   at VideoOS.Platform.SDKUnittest.EnvironmentTests.TestConfigurationClientService.GetItem(String path) in D:\actions-runner\_work\XPCO\XPCO\MIP\MIPSDK\tst\VideoOS.Platform.SDK.UnitTests\EnvironmentTests\TestsWithCorporateShimsBase.cs:line 227&#xD;
   at VideoOS.Platform.Proxy.ConfigApi.ConfigurationApiItemWrapper..ctor(ServerId serverId, String path) in D:\actions-runner\_work\XPCO\XPCO\MIP\PlatformPlugin\VideoOS.Platform\src\Proxy\ConfigApi\ConfigurationApiItemWrapper.cs:line 110&#xD;
   at VideoOS.Platform.ConfigurationItems.Factory.IsItemTypeSupported(ServerId serverId, String itemType) in D:\actions-runner\_work\XPCO\XPCO\MIP\PlatformPlugin\VideoOS.Platform\src\ConfigurationItems\Factory.cs:line 464&#xD;
&#xD;
Factory.IsItemTypeSupportedFactory.IsItemTypeSupported ()The method or operation is not implemented.   at VideoOS.Platform.SDKUnittest.EnvironmentTests.TestConfigurationClientService.GetItem(String path) in D:\actions-runner\_work\XPCO\XPCO\MIP\MIPSDK\tst\VideoOS.Platform.SDK.UnitTests\EnvironmentTests\TestsWithCorporateShimsBase.cs:line 227&#xD;
   at VideoOS.Platform.Proxy.ConfigApi.ConfigurationApiItemWrapper..ctor(ServerId serverId, String path) in D:\actions-runner\_work\XPCO\XPCO\MIP\PlatformPlugin\VideoOS.Platform\src\Proxy\ConfigApi\ConfigurationApiItemWrapper.cs:line 110&#xD;
   at VideoOS.Platform.ConfigurationItems.Factory.IsItemTypeSupported(ServerId serverId, String itemType) in D:\actions-runner\_work\XPCO\XPCO\MIP\PlatformPlugin\VideoOS.Platform\src\ConfigurationItems\Factory.cs:line 464&#xD;
MIP: Error: GetConfiguration (): CustomSetting not found for the given platformDefinitionId: e145597a-ecaf-40a1-99e6-14bb9d45a09e&#xD;
MIP: Error: ConfigurationApiItemWrapper (): ConfigAPI GetItem(): System.NotImplementedException, The method or operation is not implemented.&#xD;
MIP: Error: Factory.IsItemTypeSupported (): Exception source:      VideoOS.Platform.SDK.UnitTests&#xD;
Exception type:        System.NotImplementedException&#xD;
Exception message:     The method or operation is not implemented.&#xD;
Exception target site: GetItem&#xD;
   at VideoOS.Platform.SDKUnittest.EnvironmentTests.TestConfigurationClientService.GetItem(String path) in D:\actions-runner\_work\XPCO\XPCO\MIP\MIPSDK\tst\VideoOS.Platform.SDK.UnitTests\EnvironmentTests\TestsWithCorporateShimsBase.cs:line 227&#xD;
   at VideoOS.Platform.Proxy.ConfigApi.ConfigurationApiItemWrapper..ctor(ServerId serverId, String path) in D:\actions-runner\_work\XPCO\XPCO\MIP\PlatformPlugin\VideoOS.Platform\src\Proxy\ConfigApi\ConfigurationApiItemWrapper.cs:line 110&#xD;
   at VideoOS.Platform.ConfigurationItems.Factory.IsItemTypeSupported(ServerId serverId, String itemType) in D:\actions-runner\_work\XPCO\XPCO\MIP\PlatformPlugin\VideoOS.Platform\src\ConfigurationItems\Factory.cs:line 464&#xD;
&#xD;
Factory.IsItemTypeSupportedFactory.IsItemTypeSupported ()The method or operation is not implemented.   at VideoOS.Platform.SDKUnittest.EnvironmentTests.TestConfigurationClientService.GetItem(String path) in D:\actions-runner\_work\XPCO\XPCO\MIP\MIPSDK\tst\VideoOS.Platform.SDK.UnitTests\EnvironmentTests\TestsWithCorporateShimsBase.cs:line 227&#xD;
   at VideoOS.Platform.Proxy.ConfigApi.ConfigurationApiItemWrapper..ctor(ServerId serverId, String path) in D:\actions-runner\_work\XPCO\XPCO\MIP\PlatformPlugin\VideoOS.Platform\src\Proxy\ConfigApi\ConfigurationApiItemWrapper.cs:line 110&#xD;
   at VideoOS.Platform.ConfigurationItems.Factory.IsItemTypeSupported(ServerId serverId, String itemType) in D:\actions-runner\_work\XPCO\XPCO\MIP\PlatformPlugin\VideoOS.Platform\src\ConfigurationItems\Factory.cs:line 464&#xD;
MIP: Error: LoginServerOauth (): https://1.2.3.5:55/ManagementServer/ServerCommandServiceOAuth.svc The method or operation is not implemented.&#xD;
MIP: Error: ConfigurationApiItemWrapper (): ConfigAPI GetItem(): System.NotImplementedException, The method or operation is not implemented.&#xD;
MIP: Error: Factory.IsItemTypeSupported (): Exception source:      VideoOS.Platform.SDK.UnitTests&#xD;
Exception type:        System.NotImplementedException&#xD;
Exception message:     The method or operation is not implemented.&#xD;
Exception target site: GetItem&#xD;
   at VideoOS.Platform.SDKUnittest.EnvironmentTests.TestConfigurationClientService.GetItem(String path) in D:\actions-runner\_work\XPCO\XPCO\MIP\MIPSDK\tst\VideoOS.Platform.SDK.UnitTests\EnvironmentTests\TestsWithCorporateShimsBase.cs:line 227&#xD;
   at VideoOS.Platform.Proxy.ConfigApi.ConfigurationApiItemWrapper..ctor(ServerId serverId, String path) in D:\actions-runner\_work\XPCO\XPCO\MIP\PlatformPlugin\VideoOS.Platform\src\Proxy\ConfigApi\ConfigurationApiItemWrapper.cs:line 110&#xD;
   at VideoOS.Platform.ConfigurationItems.Factory.IsItemTypeSupported(ServerId serverId, String itemType) in D:\actions-runner\_work\XPCO\XPCO\MIP\PlatformPlugin\VideoOS.Platform\src\ConfigurationItems\Factory.cs:line 464&#xD;
&#xD;
Factory.IsItemTypeSupportedFactory.IsItemTypeSupported ()The method or operation is not implemented.   at VideoOS.Platform.SDKUnittest.EnvironmentTests.TestConfigurationClientService.GetItem(String path) in D:\actions-runner\_work\XPCO\XPCO\MIP\MIPSDK\tst\VideoOS.Platform.SDK.UnitTests\EnvironmentTests\TestsWithCorporateShimsBase.cs:line 227&#xD;
   at VideoOS.Platform.Proxy.ConfigApi.ConfigurationApiItemWrapper..ctor(ServerId serverId, String path) in D:\actions-runner\_work\XPCO\XPCO\MIP\PlatformPlugin\VideoOS.Platform\src\Proxy\ConfigApi\ConfigurationApiItemWrapper.cs:line 110&#xD;
   at VideoOS.Platform.ConfigurationItems.Factory.IsItemTypeSupported(ServerId serverId, String itemType) in D:\actions-runner\_work\XPCO\XPCO\MIP\PlatformPlugin\VideoOS.Platform\src\ConfigurationItems\Factory.cs:line 464&#xD;
MIP: Error: ConfigurationApiItemWrapper (): ConfigAPI GetItem(): System.NotImplementedException, The method or operation is not implemented.&#xD;
MIP: Error: Factory.IsItemTypeSupported (): Exception source:      VideoOS.Platform.SDK.UnitTests&#xD;
Exception type:        System.NotImplementedException&#xD;
Exception message:     The method or operation is not implemented.&#xD;
Exception target site: GetItem&#xD;
   at VideoOS.Platform.SDKUnittest.EnvironmentTests.TestConfigurationClientService.GetItem(String path) in D:\actions-runner\_work\XPCO\XPCO\MIP\MIPSDK\tst\VideoOS.Platform.SDK.UnitTests\EnvironmentTests\TestsWithCorporateShimsBase.cs:line 227&#xD;
   at VideoOS.Platform.Proxy.ConfigApi.ConfigurationApiItemWrapper..ctor(ServerId serverId, String path) in D:\actions-runner\_work\XPCO\XPCO\MIP\PlatformPlugin\VideoOS.Platform\src\Proxy\ConfigApi\ConfigurationApiItemWrapper.cs:line 110&#xD;
   at VideoOS.Platform.ConfigurationItems.Factory.IsItemTypeSupported(ServerId serverId, String itemType) in D:\actions-runner\_work\XPCO\XPCO\MIP\PlatformPlugin\VideoOS.Platform\src\ConfigurationItems\Factory.cs:line 464&#xD;
&#xD;
Factory.IsItemTypeSupportedFactory.IsItemTypeSupported ()The method or operation is not implemented.   at VideoOS.Platform.SDKUnittest.EnvironmentTests.TestConfigurationClientService.GetItem(String path) in D:\actions-runner\_work\XPCO\XPCO\MIP\MIPSDK\tst\VideoOS.Platform.SDK.UnitTests\EnvironmentTests\TestsWithCorporateShimsBase.cs:line 227&#xD;
   at VideoOS.Platform.Proxy.ConfigApi.ConfigurationApiItemWrapper..ctor(ServerId serverId, String path) in D:\actions-runner\_work\XPCO\XPCO\MIP\PlatformPlugin\VideoOS.Platform\src\Proxy\ConfigApi\ConfigurationApiItemWrapper.cs:line 110&#xD;
   at VideoOS.Platform.ConfigurationItems.Factory.IsItemTypeSupported(ServerId serverId, String itemType) in D:\actions-runner\_work\XPCO\XPCO\MIP\PlatformPlugin\VideoOS.Platform\src\ConfigurationItems\Factory.cs:line 464&#xD;
MIP: Error: LoginServerOauth (): https://1.2.3.5:55/ManagementServer/ServerCommandServiceOAuth.svc The method or operation is not implemented.&#xD;
MIP: Error: ConfigurationApiItemWrapper (): ConfigAPI GetItem(): System.NotImplementedException, The method or operation is not implemented.&#xD;
MIP: Error: Factory.IsItemTypeSupported (): Exception source:      VideoOS.Platform.SDK.UnitTests&#xD;
Exception type:        System.NotImplementedException&#xD;
Exception message:     The method or operation is not implemented.&#xD;
Exception target site: GetItem&#xD;
   at VideoOS.Platform.SDKUnittest.EnvironmentTests.TestConfigurationClientService.GetItem(String path) in D:\actions-runner\_work\XPCO\XPCO\MIP\MIPSDK\tst\VideoOS.Platform.SDK.UnitTests\EnvironmentTests\TestsWithCorporateShimsBase.cs:line 227&#xD;
   at VideoOS.Platform.Proxy.ConfigApi.ConfigurationApiItemWrapper..ctor(ServerId serverId, String path) in D:\actions-runner\_work\XPCO\XPCO\MIP\PlatformPlugin\VideoOS.Platform\src\Proxy\ConfigApi\ConfigurationApiItemWrapper.cs:line 110&#xD;
   at VideoOS.Platform.ConfigurationItems.Factory.IsItemTypeSupported(ServerId serverId, String itemType) in D:\actions-runner\_work\XPCO\XPCO\MIP\PlatformPlugin\VideoOS.Platform\src\ConfigurationItems\Factory.cs:line 464&#xD;
&#xD;
Factory.IsItemTypeSupportedFactory.IsItemTypeSupported ()The method or operation is not implemented.   at VideoOS.Platform.SDKUnittest.EnvironmentTests.TestConfigurationClientService.GetItem(String path) in D:\actions-runner\_work\XPCO\XPCO\MIP\MIPSDK\tst\VideoOS.Platform.SDK.UnitTests\EnvironmentTests\TestsWithCorporateShimsBase.cs:line 227&#xD;
   at VideoOS.Platform.Proxy.ConfigApi.ConfigurationApiItemWrapper..ctor(ServerId serverId, String path) in D:\actions-runner\_work\XPCO\XPCO\MIP\PlatformPlugin\VideoOS.Platform\src\Proxy\ConfigApi\ConfigurationApiItemWrapper.cs:line 110&#xD;
   at VideoOS.Platform.ConfigurationItems.Factory.IsItemTypeSupported(ServerId serverId, String itemType) in D:\actions-runner\_work\XPCO\XPCO\MIP\PlatformPlugin\VideoOS.Platform\src\ConfigurationItems\Factory.cs:line 464&#xD;
MIP: Error: GetConfiguration (): CustomSetting not found for the given platformDefinitionId: e145597a-ecaf-40a1-99e6-14bb9d45a09e&#xD;
MIP: Error: ConfigurationApiItemWrapper (): ConfigAPI GetItem(): System.NotImplementedException, The method or operation is not implemented.&#xD;
MIP: Error: Factory.IsItemTypeSupported (): Exception source:      VideoOS.Platform.SDK.UnitTests&#xD;
Exception type:        System.NotImplementedException&#xD;
Exception message:     The method or operation is not implemented.&#xD;
Exception target site: GetItem&#xD;
   at VideoOS.Platform.SDKUnittest.EnvironmentTests.TestConfigurationClientService.GetItem(String path) in D:\actions-runner\_work\XPCO\XPCO\MIP\MIPSDK\tst\VideoOS.Platform.SDK.UnitTests\EnvironmentTests\TestsWithCorporateShimsBase.cs:line 227&#xD;
   at VideoOS.Platform.Proxy.ConfigApi.ConfigurationApiItemWrapper..ctor(ServerId serverId, String path) in D:\actions-runner\_work\XPCO\XPCO\MIP\PlatformPlugin\VideoOS.Platform\src\Proxy\ConfigApi\ConfigurationApiItemWrapper.cs:line 110&#xD;
   at VideoOS.Platform.ConfigurationItems.Factory.IsItemTypeSupported(ServerId serverId, String itemType) in D:\actions-runner\_work\XPCO\XPCO\MIP\PlatformPlugin\VideoOS.Platform\src\ConfigurationItems\Factory.cs:line 464&#xD;
&#xD;
Factory.IsItemTypeSupportedFactory.IsItemTypeSupported ()The method or operation is not implemented.   at VideoOS.Platform.SDKUnittest.EnvironmentTests.TestConfigurationClientService.GetItem(String path) in D:\actions-runner\_work\XPCO\XPCO\MIP\MIPSDK\tst\VideoOS.Platform.SDK.UnitTests\EnvironmentTests\TestsWithCorporateShimsBase.cs:line 227&#xD;
   at VideoOS.Platform.Proxy.ConfigApi.ConfigurationApiItemWrapper..ctor(ServerId serverId, String path) in D:\actions-runner\_work\XPCO\XPCO\MIP\PlatformPlugin\VideoOS.Platform\src\Proxy\ConfigApi\ConfigurationApiItemWrapper.cs:line 110&#xD;
   at VideoOS.Platform.ConfigurationItems.Factory.IsItemTypeSupported(ServerId serverId, String itemType) in D:\actions-runner\_work\XPCO\XPCO\MIP\PlatformPlugin\VideoOS.Platform\src\ConfigurationItems\Factory.cs:line 464&#xD;
MIP: Error: LoginServerOauth (): https://1.2.3.5:55/ManagementServer/ServerCommandServiceOAuth.svc The method or operation is not implemented.&#xD;
MIP: Error: ConfigurationApiItemWrapper (): ConfigAPI GetItem(): System.NotImplementedException, The method or operation is not implemented.&#xD;
MIP: Error: ConfigurationAsync::BuildTopLevelItems LoadPlugin Loop (): Exception source:      VideoOS.Platform.SDK.UnitTests&#xD;
Exception type:        System.NotImplementedException&#xD;
Exception message:     The method or operation is not implemented.&#xD;
Exception target site: GetItem&#xD;
   at VideoOS.Platform.SDKUnittest.EnvironmentTests.TestConfigurationClientService.GetItem(String path) in D:\actions-runner\_work\XPCO\XPCO\MIP\MIPSDK\tst\VideoOS.Platform.SDK.UnitTests\EnvironmentTests\TestsWithCorporateShimsBase.cs:line 227&#xD;
   at VideoOS.Platform.Proxy.ConfigApi.ConfigurationApiItemWrapper..ctor(ServerId serverId, String path) in D:\actions-runner\_work\XPCO\XPCO\MIP\PlatformPlugin\VideoOS.Platform\src\Proxy\ConfigApi\ConfigurationApiItemWrapper.cs:line 110&#xD;
   at VideoOS.Platform.Util.VideoWall.LayoutGroupItemManager.GetItem(FQID fqid) in D:\actions-runner\_work\XPCO\XPCO\MIP\PlatformPlugin\VideoOS.Platform\src\Util\VideoWall\LayoutGroupItemManager.cs:line 57&#xD;
   at VideoOS.Platform.SDK.Platform.ConfigurationAsync.GetItems(Guid kind, ItemHierarchy itemHierarchy) in D:\actions-runner\_work\XPCO\XPCO\MIP\MIPSDK\prod\VideoOS.Platform.SDK\Platform\ConfigurationAsync.cs:line 163&#xD;
&#xD;
ConfigurationAsync::BuildTopLevelItems LoadPlugin LoopConfigurationAsync::BuildTopLevelItems LoadPlugin Loop ()The method or operation is not implemented.   at VideoOS.Platform.SDKUnittest.EnvironmentTests.TestConfigurationClientService.GetItem(String path) in D:\actions-runner\_work\XPCO\XPCO\MIP\MIPSDK\tst\VideoOS.Platform.SDK.UnitTests\EnvironmentTests\TestsWithCorporateShimsBase.cs:line 227&#xD;
   at VideoOS.Platform.Proxy.ConfigApi.ConfigurationApiItemWrapper..ctor(ServerId serverId, String path) in D:\actions-runner\_work\XPCO\XPCO\MIP\PlatformPlugin\VideoOS.Platform\src\Proxy\ConfigApi\ConfigurationApiItemWrapper.cs:line 110&#xD;
   at VideoOS.Platform.Util.VideoWall.LayoutGroupItemManager.GetItem(FQID fqid) in D:\actions-runner\_work\XPCO\XPCO\MIP\PlatformPlugin\VideoOS.Platform\src\Util\VideoWall\LayoutGroupItemManager.cs:line 57&#xD;
   at VideoOS.Platform.SDK.Platform.ConfigurationAsync.GetItems(Guid kind, ItemHierarchy itemHierarchy) in D:\actions-runner\_work\XPCO\XPCO\MIP\MIPSDK\prod\VideoOS.Platform.SDK\Platform\ConfigurationAsync.cs:line 163&#xD;
MIP: Error: ConfigurationApiItemWrapper (): ConfigAPI GetItem(): System.NotImplementedException, The method or operation is not implemented.&#xD;
MIP: Error: ConfigurationAsync::BuildTopLevelItems LoadPlugin Loop (): Exception source:      VideoOS.Platform.SDK.UnitTests&#xD;
Exception type:        System.NotImplementedException&#xD;
Exception message:     The method or operation is not implemented.&#xD;
Exception target site: GetItem&#xD;
   at VideoOS.Platform.SDKUnittest.EnvironmentTests.TestConfigurationClientService.GetItem(String path) in D:\actions-runner\_work\XPCO\XPCO\MIP\MIPSDK\tst\VideoOS.Platform.SDK.UnitTests\EnvironmentTests\TestsWithCorporateShimsBase.cs:line 227&#xD;
   at VideoOS.Platform.Proxy.ConfigApi.ConfigurationApiItemWrapper..ctor(ServerId serverId, String path) in D:\actions-runner\_work\XPCO\XPCO\MIP\PlatformPlugin\VideoOS.Platform\src\Proxy\ConfigApi\ConfigurationApiItemWrapper.cs:line 110&#xD;
   at VideoOS.Platform.Util.VideoWall.LayoutGroupItemManager.GetItem(FQID fqid) in D:\actions-runner\_work\XPCO\XPCO\MIP\PlatformPlugin\VideoOS.Platform\src\Util\VideoWall\LayoutGroupItemManager.cs:line 57&#xD;
   at VideoOS.Platform.SDK.Platform.ConfigurationAsync.GetItems(Guid kind, ItemHierarchy itemHierarchy) in D:\actions-runner\_work\XPCO\XPCO\MIP\MIPSDK\prod\VideoOS.Platform.SDK\Platform\ConfigurationAsync.cs:line 163&#xD;
&#xD;
ConfigurationAsync::BuildTopLevelItems LoadPlugin LoopConfigurationAsync::BuildTopLevelItems LoadPlugin Loop ()The method or operation is not implemented.   at VideoOS.Platform.SDKUnittest.EnvironmentTests.TestConfigurationClientService.GetItem(String path) in D:\actions-runner\_work\XPCO\XPCO\MIP\MIPSDK\tst\VideoOS.Platform.SDK.UnitTests\EnvironmentTests\TestsWithCorporateShimsBase.cs:line 227&#xD;
   at VideoOS.Platform.Proxy.ConfigApi.ConfigurationApiItemWrapper..ctor(ServerId serverId, String path) in D:\actions-runner\_work\XPCO\XPCO\MIP\PlatformPlugin\VideoOS.Platform\src\Proxy\ConfigApi\ConfigurationApiItemWrapper.cs:line 110&#xD;
   at VideoOS.Platform.Util.VideoWall.LayoutGroupItemManager.GetItem(FQID fqid) in D:\actions-runner\_work\XPCO\XPCO\MIP\PlatformPlugin\VideoOS.Platform\src\Util\VideoWall\LayoutGroupItemManager.cs:line 57&#xD;
   at VideoOS.Platform.SDK.Platform.ConfigurationAsync.GetItems(Guid kind, ItemHierarchy itemHierarchy) in D:\actions-runner\_work\XPCO\XPCO\MIP\MIPSDK\prod\VideoOS.Platform.SDK\Platform\ConfigurationAsync.cs:line 163&#xD;
MIP: Error: ConfigurationApiItemWrapper (): ConfigAPI GetItem(): System.NotImplementedException, The method or operation is not implemented.&#xD;
MIP: Error: Factory.IsItemTypeSupported (): Exception source:      VideoOS.Platform.SDK.UnitTests&#xD;
Exception type:        System.NotImplementedException&#xD;
Exception message:     The method or operation is not implemented.&#xD;
Exception target site: GetItem&#xD;
   at VideoOS.Platform.SDKUnittest.EnvironmentTests.TestConfigurationClientService.GetItem(String path) in D:\actions-runner\_work\XPCO\XPCO\MIP\MIPSDK\tst\VideoOS.Platform.SDK.UnitTests\EnvironmentTests\TestsWithCorporateShimsBase.cs:line 227&#xD;
   at VideoOS.Platform.Proxy.ConfigApi.ConfigurationApiItemWrapper..ctor(ServerId serverId, String path) in D:\actions-runner\_work\XPCO\XPCO\MIP\PlatformPlugin\VideoOS.Platform\src\Proxy\ConfigApi\ConfigurationApiItemWrapper.cs:line 110&#xD;
   at VideoOS.Platform.ConfigurationItems.Factory.IsItemTypeSupported(ServerId serverId, String itemType) in D:\actions-runner\_work\XPCO\XPCO\MIP\PlatformPlugin\VideoOS.Platform\src\ConfigurationItems\Factory.cs:line 464&#xD;
&#xD;
Factory.IsItemTypeSupportedFactory.IsItemTypeSupported ()The method or operation is not implemented.   at VideoOS.Platform.SDKUnittest.EnvironmentTests.TestConfigurationClientService.GetItem(String path) in D:\actions-runner\_work\XPCO\XPCO\MIP\MIPSDK\tst\VideoOS.Platform.SDK.UnitTests\EnvironmentTests\TestsWithCorporateShimsBase.cs:line 227&#xD;
   at VideoOS.Platform.Proxy.ConfigApi.ConfigurationApiItemWrapper..ctor(ServerId serverId, String path) in D:\actions-runner\_work\XPCO\XPCO\MIP\PlatformPlugin\VideoOS.Platform\src\Proxy\ConfigApi\ConfigurationApiItemWrapper.cs:line 110&#xD;
   at VideoOS.Platform.ConfigurationItems.Factory.IsItemTypeSupported(ServerId serverId, String itemType) in D:\actions-runner\_work\XPCO\XPCO\MIP\PlatformPlugin\VideoOS.Platform\src\ConfigurationItems\Factory.cs:line 464&#xD;
MIP: Error: ConfigurationApiItemWrapper (): ConfigAPI GetItem(): System.NotImplementedException, The method or operation is not implemented.&#xD;
MIP: Error: Factory.IsItemTypeSupported (): Exception source:      VideoOS.Platform.SDK.UnitTests&#xD;
Exception type:        System.NotImplementedException&#xD;
Exception message:     The method or operation is not implemented.&#xD;
Exception target site: GetItem&#xD;
   at VideoOS.Platform.SDKUnittest.EnvironmentTests.TestConfigurationClientService.GetItem(String path) in D:\actions-runner\_work\XPCO\XPCO\MIP\MIPSDK\tst\VideoOS.Platform.SDK.UnitTests\EnvironmentTests\TestsWithCorporateShimsBase.cs:line 227&#xD;
   at VideoOS.Platform.Proxy.ConfigApi.ConfigurationApiItemWrapper..ctor(ServerId serverId, String path) in D:\actions-runner\_work\XPCO\XPCO\MIP\PlatformPlugin\VideoOS.Platform\src\Proxy\ConfigApi\ConfigurationApiItemWrapper.cs:line 110&#xD;
   at VideoOS.Platform.ConfigurationItems.Factory.IsItemTypeSupported(ServerId serverId, String itemType) in D:\actions-runner\_work\XPCO\XPCO\MIP\PlatformPlugin\VideoOS.Platform\src\ConfigurationItems\Factory.cs:line 464&#xD;
&#xD;
Factory.IsItemTypeSupportedFactory.IsItemTypeSupported ()The method or operation is not implemented.   at VideoOS.Platform.SDKUnittest.EnvironmentTests.TestConfigurationClientService.GetItem(String path) in D:\actions-runner\_work\XPCO\XPCO\MIP\MIPSDK\tst\VideoOS.Platform.SDK.UnitTests\EnvironmentTests\TestsWithCorporateShimsBase.cs:line 227&#xD;
   at VideoOS.Platform.Proxy.ConfigApi.ConfigurationApiItemWrapper..ctor(ServerId serverId, String path) in D:\actions-runner\_work\XPCO\XPCO\MIP\PlatformPlugin\VideoOS.Platform\src\Proxy\ConfigApi\ConfigurationApiItemWrapper.cs:line 110&#xD;
   at VideoOS.Platform.ConfigurationItems.Factory.IsItemTypeSupported(ServerId serverId, String itemType) in D:\actions-runner\_work\XPCO\XPCO\MIP\PlatformPlugin\VideoOS.Platform\src\ConfigurationItems\Factory.cs:line 464&#xD;
MIP: Error: ConfigurationApiItemWrapper (): ConfigAPI GetItem(): System.NotImplementedException, The method or operation is not implemented.&#xD;
MIP: Error: Factory.IsItemTypeSupported (): Exception source:      VideoOS.Platform.SDK.UnitTests&#xD;
Exception type:        System.NotImplementedException&#xD;
Exception message:     The method or operation is not implemented.&#xD;
Exception target site: GetItem&#xD;
   at VideoOS.Platform.SDKUnittest.EnvironmentTests.TestConfigurationClientService.GetItem(String path) in D:\actions-runner\_work\XPCO\XPCO\MIP\MIPSDK\tst\VideoOS.Platform.SDK.UnitTests\EnvironmentTests\TestsWithCorporateShimsBase.cs:line 227&#xD;
   at VideoOS.Platform.Proxy.ConfigApi.ConfigurationApiItemWrapper..ctor(ServerId serverId, String path) in D:\actions-runner\_work\XPCO\XPCO\MIP\PlatformPlugin\VideoOS.Platform\src\Proxy\ConfigApi\ConfigurationApiItemWrapper.cs:line 110&#xD;
   at VideoOS.Platform.ConfigurationItems.Factory.IsItemTypeSupported(ServerId serverId, String itemType) in D:\actions-runner\_work\XPCO\XPCO\MIP\PlatformPlugin\VideoOS.Platform\src\ConfigurationItems\Factory.cs:line 464&#xD;
&#xD;
Factory.IsItemTypeSupportedFactory.IsItemTypeSupported ()The method or operation is not implemented.   at VideoOS.Platform.SDKUnittest.EnvironmentTests.TestConfigurationClientService.GetItem(String path) in D:\actions-runner\_work\XPCO\XPCO\MIP\MIPSDK\tst\VideoOS.Platform.SDK.UnitTests\EnvironmentTests\TestsWithCorporateShimsBase.cs:line 227&#xD;
   at VideoOS.Platform.Proxy.ConfigApi.ConfigurationApiItemWrapper..ctor(ServerId serverId, String path) in D:\actions-runner\_work\XPCO\XPCO\MIP\PlatformPlugin\VideoOS.Platform\src\Proxy\ConfigApi\ConfigurationApiItemWrapper.cs:line 110&#xD;
   at VideoOS.Platform.ConfigurationItems.Factory.IsItemTypeSupported(ServerId serverId, String itemType) in D:\actions-runner\_work\XPCO\XPCO\MIP\PlatformPlugin\VideoOS.Platform\src\ConfigurationItems\Factory.cs:line 464&#xD;
MIP: Error: ConfigurationApiItemWrapper (): ConfigAPI GetItem(): System.NotImplementedException, The method or operation is not implemented.&#xD;
MIP: Error: Factory.IsItemTypeSupported (): Exception source:      VideoOS.Platform.SDK.UnitTests&#xD;
Exception type:        System.NotImplementedException&#xD;
Exception message:     The method or operation is not implemented.&#xD;
Exception target site: GetItem&#xD;
   at VideoOS.Platform.SDKUnittest.EnvironmentTests.TestConfigurationClientService.GetItem(String path) in D:\actions-runner\_work\XPCO\XPCO\MIP\MIPSDK\tst\VideoOS.Platform.SDK.UnitTests\EnvironmentTests\TestsWithCorporateShimsBase.cs:line 227&#xD;
   at VideoOS.Platform.Proxy.ConfigApi.ConfigurationApiItemWrapper..ctor(ServerId serverId, String path) in D:\actions-runner\_work\XPCO\XPCO\MIP\PlatformPlugin\VideoOS.Platform\src\Proxy\ConfigApi\ConfigurationApiItemWrapper.cs:line 110&#xD;
   at VideoOS.Platform.ConfigurationItems.Factory.IsItemTypeSupported(ServerId serverId, String itemType) in D:\actions-runner\_work\XPCO\XPCO\MIP\PlatformPlugin\VideoOS.Platform\src\ConfigurationItems\Factory.cs:line 464&#xD;
&#xD;
Factory.IsItemTypeSupportedFactory.IsItemTypeSupported ()The method or operation is not implemented.   at VideoOS.Platform.SDKUnittest.EnvironmentTests.TestConfigurationClientService.GetItem(String path) in D:\actions-runner\_work\XPCO\XPCO\MIP\MIPSDK\tst\VideoOS.Platform.SDK.UnitTests\EnvironmentTests\TestsWithCorporateShimsBase.cs:line 227&#xD;
   at VideoOS.Platform.Proxy.ConfigApi.ConfigurationApiItemWrapper..ctor(ServerId serverId, String path) in D:\actions-runner\_work\XPCO\XPCO\MIP\PlatformPlugin\VideoOS.Platform\src\Proxy\ConfigApi\ConfigurationApiItemWrapper.cs:line 110&#xD;
   at VideoOS.Platform.ConfigurationItems.Factory.IsItemTypeSupported(ServerId serverId, String itemType) in D:\actions-runner\_work\XPCO\XPCO\MIP\PlatformPlugin\VideoOS.Platform\src\ConfigurationItems\Factory.cs:line 464&#xD;
MIP: Error: ConfigurationApiItemWrapper (): ConfigAPI GetItem(): System.NotImplementedException, The method or operation is not implemented.&#xD;
MIP: Error: Factory.IsItemTypeSupported (): Exception source:      VideoOS.Platform.SDK.UnitTests&#xD;
Exception type:        System.NotImplementedException&#xD;
Exception message:     The method or operation is not implemented.&#xD;
Exception target site: GetItem&#xD;
   at VideoOS.Platform.SDKUnittest.EnvironmentTests.TestConfigurationClientService.GetItem(String path) in D:\actions-runner\_work\XPCO\XPCO\MIP\MIPSDK\tst\VideoOS.Platform.SDK.UnitTests\EnvironmentTests\TestsWithCorporateShimsBase.cs:line 227&#xD;
   at VideoOS.Platform.Proxy.ConfigApi.ConfigurationApiItemWrapper..ctor(ServerId serverId, String path) in D:\actions-runner\_work\XPCO\XPCO\MIP\PlatformPlugin\VideoOS.Platform\src\Proxy\ConfigApi\ConfigurationApiItemWrapper.cs:line 110&#xD;
   at VideoOS.Platform.ConfigurationItems.Factory.IsItemTypeSupported(ServerId serverId, String itemType) in D:\actions-runner\_work\XPCO\XPCO\MIP\PlatformPlugin\VideoOS.Platform\src\ConfigurationItems\Factory.cs:line 464&#xD;
&#xD;
Factory.IsItemTypeSupportedFactory.IsItemTypeSupported ()The method or operation is not implemented.   at VideoOS.Platform.SDKUnittest.EnvironmentTests.TestConfigurationClientService.GetItem(String path) in D:\actions-runner\_work\XPCO\XPCO\MIP\MIPSDK\tst\VideoOS.Platform.SDK.UnitTests\EnvironmentTests\TestsWithCorporateShimsBase.cs:line 227&#xD;
   at VideoOS.Platform.Proxy.ConfigApi.ConfigurationApiItemWrapper..ctor(ServerId serverId, String path) in D:\actions-runner\_work\XPCO\XPCO\MIP\PlatformPlugin\VideoOS.Platform\src\Proxy\ConfigApi\ConfigurationApiItemWrapper.cs:line 110&#xD;
   at VideoOS.Platform.ConfigurationItems.Factory.IsItemTypeSupported(ServerId serverId, String itemType) in D:\actions-runner\_work\XPCO\XPCO\MIP\PlatformPlugin\VideoOS.Platform\src\ConfigurationItems\Factory.cs:line 464&#xD;
MIP: Error: ConfigurationApiItemWrapper (): ConfigAPI GetItem(): System.NotImplementedException, The method or operation is not implemented.&#xD;
MIP: Error: ConfigurationAsync::BuildTopLevelItems LoadPlugin Loop (): Exception source:      VideoOS.Platform.SDK.UnitTests&#xD;
Exception type:        System.NotImplementedException&#xD;
Exception message:     The method or operation is not implemented.&#xD;
Exception target site: GetItem&#xD;
   at VideoOS.Platform.SDKUnittest.EnvironmentTests.TestConfigurationClientService.GetItem(String path) in D:\actions-runner\_work\XPCO\XPCO\MIP\MIPSDK\tst\VideoOS.Platform.SDK.UnitTests\EnvironmentTests\TestsWithCorporateShimsBase.cs:line 227&#xD;
   at VideoOS.Platform.Proxy.ConfigApi.ConfigurationApiItemWrapper..ctor(ServerId serverId, String path) in D:\actions-runner\_work\XPCO\XPCO\MIP\PlatformPlugin\VideoOS.Platform\src\Proxy\ConfigApi\ConfigurationApiItemWrapper.cs:line 110&#xD;
   at VideoOS.Platform.Util.VideoWall.LayoutGroupItemManager.GetItem(FQID fqid) in D:\actions-runner\_work\XPCO\XPCO\MIP\PlatformPlugin\VideoOS.Platform\src\Util\VideoWall\LayoutGroupItemManager.cs:line 57&#xD;
   at VideoOS.Platform.SDK.Platform.ConfigurationAsync.GetItems(Guid kind, ItemHierarchy itemHierarchy) in D:\actions-runner\_work\XPCO\XPCO\MIP\MIPSDK\prod\VideoOS.Platform.SDK\Platform\ConfigurationAsync.cs:line 163&#xD;
&#xD;
ConfigurationAsync::BuildTopLevelItems LoadPlugin LoopConfigurationAsync::BuildTopLevelItems LoadPlugin Loop ()The method or operation is not implemented.   at VideoOS.Platform.SDKUnittest.EnvironmentTests.TestConfigurationClientService.GetItem(String path) in D:\actions-runner\_work\XPCO\XPCO\MIP\MIPSDK\tst\VideoOS.Platform.SDK.UnitTests\EnvironmentTests\TestsWithCorporateShimsBase.cs:line 227&#xD;
   at VideoOS.Platform.Proxy.ConfigApi.ConfigurationApiItemWrapper..ctor(ServerId serverId, String path) in D:\actions-runner\_work\XPCO\XPCO\MIP\PlatformPlugin\VideoOS.Platform\src\Proxy\ConfigApi\ConfigurationApiItemWrapper.cs:line 110&#xD;
   at VideoOS.Platform.Util.VideoWall.LayoutGroupItemManager.GetItem(FQID fqid) in D:\actions-runner\_work\XPCO\XPCO\MIP\PlatformPlugin\VideoOS.Platform\src\Util\VideoWall\LayoutGroupItemManager.cs:line 57&#xD;
   at VideoOS.Platform.SDK.Platform.ConfigurationAsync.GetItems(Guid kind, ItemHierarchy itemHierarchy) in D:\actions-runner\_work\XPCO\XPCO\MIP\MIPSDK\prod\VideoOS.Platform.SDK\Platform\ConfigurationAsync.cs:line 163</StdOut>
      </Output>
    </UnitTestResult>
    <UnitTestResult executionId="d09ca8ee-2244-488c-bddf-142dd7a14927" testId="170542a8-dc94-1eae-8e61-7f4921b86749" testName="Remove_Correct" computerName="DKSR-EFI-04" duration="00:00:00.0011481" startTime="2023-12-22T09:36:14.7883302+01:00" endTime="2023-12-22T09:36:14.8039550+01:00" testType="13cdc9d9-ddb5-4fa4-a97d-d965ccfc6d4b" outcome="Passed" testListId="8c84fa94-04c1-424b-9868-57a2d4851a1d" relativeResultsDirectory="d09ca8ee-2244-488c-bddf-142dd7a14927" />
    <UnitTestResult executionId="c1e46289-c7eb-446e-9058-f2ebeaf0fe0b" testId="ae1a8ec4-a4d5-6c99-ef64-cbab96674e4c" testName="MergeCredentialCache_WhenNegotiateAuth_Merges" computerName="DKSR-EFI-04" duration="00:00:00.0047005" startTime="2023-12-22T09:36:14.4758281+01:00" endTime="2023-12-22T09:36:14.4758281+01:00" testType="13cdc9d9-ddb5-4fa4-a97d-d965ccfc6d4b" outcome="Passed" testListId="8c84fa94-04c1-424b-9868-57a2d4851a1d" relativeResultsDirectory="c1e46289-c7eb-446e-9058-f2ebeaf0fe0b" />
    <UnitTestResult executionId="6f45ae4f-60ee-4bb6-b434-e0dd18e96459" testId="e2220ea1-70c7-777c-8e0a-b82f127b0354" testName="Initialize_ShouldReturnTrue_WhenMoreThanOneRecordingDeviceIsAvailable" computerName="DKSR-EFI-04" duration="00:00:00.0007972" startTime="2023-12-22T09:36:47.3510013+01:00" endTime="2023-12-22T09:36:47.3510013+01:00" testType="13cdc9d9-ddb5-4fa4-a97d-d965ccfc6d4b" outcome="Passed" testListId="8c84fa94-04c1-424b-9868-57a2d4851a1d" relativeResultsDirectory="6f45ae4f-60ee-4bb6-b434-e0dd18e96459" />
    <UnitTestResult executionId="742af966-e5d8-40af-8f35-706fe4bc89ca" testId="ffdb0d83-235f-7713-020c-369ea19b66a1" testName="RemoveServer_WithUriWhenLoginSettingsNotNull_Correct" computerName="DKSR-EFI-04" duration="00:00:00.0177200" startTime="2023-12-22T09:35:19.4130379+01:00" endTime="2023-12-22T09:35:19.4286632+01:00" testType="13cdc9d9-ddb5-4fa4-a97d-d965ccfc6d4b" outcome="Passed" testListId="8c84fa94-04c1-424b-9868-57a2d4851a1d" relativeResultsDirectory="742af966-e5d8-40af-8f35-706fe4bc89ca" />
    <UnitTestResult executionId="86d1efe7-477c-4120-8d66-a2adc7b5da9b" testId="77eef133-6232-6ffd-513d-bce5ef28eb6d" testName="GetDisabledDevices_Success" computerName="DKSR-EFI-04" duration="00:00:00.0045679" startTime="2023-12-22T09:35:19.4599431+01:00" endTime="2023-12-22T09:35:19.4755374+01:00" testType="13cdc9d9-ddb5-4fa4-a97d-d965ccfc6d4b" outcome="Passed" testListId="8c84fa94-04c1-424b-9868-57a2d4851a1d" relativeResultsDirectory="86d1efe7-477c-4120-8d66-a2adc7b5da9b" />
    <UnitTestResult executionId="b23383bf-dc13-4c58-8b9a-c240b82ca685" testId="c7a3417f-3205-4b9e-be6a-d435c0a3e965" testName="CheckInvalidFromString" computerName="DKSR-EFI-04" duration="00:00:00.0325757" startTime="2023-12-22T09:36:14.5852030+01:00" endTime="2023-12-22T09:36:14.6164531+01:00" testType="13cdc9d9-ddb5-4fa4-a97d-d965ccfc6d4b" outcome="Passed" testListId="8c84fa94-04c1-424b-9868-57a2d4851a1d" relativeResultsDirectory="b23383bf-dc13-4c58-8b9a-c240b82ca685" />
    <UnitTestResult executionId="80860b03-381b-44fd-9c59-18b4b2bed14b" testId="c7cfb557-b7c6-e2f2-6240-c10413062e2b" testName="Given_Connected_When_CreateSessionSuccesful_Then_ASessionIdIsReturned" computerName="DKSR-EFI-04" duration="00:00:00.0023144" startTime="2023-12-22T09:36:15.3195802+01:00" endTime="2023-12-22T09:36:15.3195802+01:00" testType="13cdc9d9-ddb5-4fa4-a97d-d965ccfc6d4b" outcome="Passed" testListId="8c84fa94-04c1-424b-9868-57a2d4851a1d" relativeResultsDirectory="80860b03-381b-44fd-9c59-18b4b2bed14b" />
    <UnitTestResult executionId="734c2ac0-e091-4ca9-93ee-1585b51b3045" testId="85afdadd-d6c2-2083-0346-abf07f63d82d" testName="XpcoMultiLoginSuccess" computerName="DKSR-EFI-04" duration="00:00:00.3526096" startTime="2023-12-22T09:36:19.4602270+01:00" endTime="2023-12-22T09:36:19.8039781+01:00" testType="13cdc9d9-ddb5-4fa4-a97d-d965ccfc6d4b" outcome="Passed" testListId="8c84fa94-04c1-424b-9868-57a2d4851a1d" relativeResultsDirectory="734c2ac0-e091-4ca9-93ee-1585b51b3045">
      <Output>
        <StdOut>Debug Trace:&#xD;
TopLevelControl returns null. PostMessage may have problems</StdOut>
      </Output>
    </UnitTestResult>
    <UnitTestResult executionId="8cd8c040-becc-4738-b486-f1661b4ba98b" testId="a251cec6-75d2-c3ac-bfd1-10289d5753e0" testName="XpcoAddServerViaSiteItem" computerName="DKSR-EFI-04" duration="00:00:01.6136097" startTime="2023-12-22T09:36:38.6947061+01:00" endTime="2023-12-22T09:36:40.3197148+01:00" testType="13cdc9d9-ddb5-4fa4-a97d-d965ccfc6d4b" outcome="Passed" testListId="8c84fa94-04c1-424b-9868-57a2d4851a1d" relativeResultsDirectory="8cd8c040-becc-4738-b486-f1661b4ba98b">
      <Output>
        <StdOut>Debug Trace:&#xD;
TopLevelControl returns null. PostMessage may have problems&#xD;
MIP: Error: ConfigurationApiItemWrapper (): ConfigAPI GetItem(): System.NotImplementedException, The method or operation is not implemented.&#xD;
MIP: Error: Factory.IsItemTypeSupported (): Exception source:      VideoOS.Platform.SDK.UnitTests&#xD;
Exception type:        System.NotImplementedException&#xD;
Exception message:     The method or operation is not implemented.&#xD;
Exception target site: GetItem&#xD;
   at VideoOS.Platform.SDKUnittest.EnvironmentTests.TestConfigurationClientService.GetItem(String path) in D:\actions-runner\_work\XPCO\XPCO\MIP\MIPSDK\tst\VideoOS.Platform.SDK.UnitTests\EnvironmentTests\TestsWithCorporateShimsBase.cs:line 227&#xD;
   at VideoOS.Platform.Proxy.ConfigApi.ConfigurationApiItemWrapper..ctor(ServerId serverId, String path) in D:\actions-runner\_work\XPCO\XPCO\MIP\PlatformPlugin\VideoOS.Platform\src\Proxy\ConfigApi\ConfigurationApiItemWrapper.cs:line 110&#xD;
   at VideoOS.Platform.ConfigurationItems.Factory.IsItemTypeSupported(ServerId serverId, String itemType) in D:\actions-runner\_work\XPCO\XPCO\MIP\PlatformPlugin\VideoOS.Platform\src\ConfigurationItems\Factory.cs:line 464&#xD;
&#xD;
Factory.IsItemTypeSupportedFactory.IsItemTypeSupported ()The method or operation is not implemented.   at VideoOS.Platform.SDKUnittest.EnvironmentTests.TestConfigurationClientService.GetItem(String path) in D:\actions-runner\_work\XPCO\XPCO\MIP\MIPSDK\tst\VideoOS.Platform.SDK.UnitTests\EnvironmentTests\TestsWithCorporateShimsBase.cs:line 227&#xD;
   at VideoOS.Platform.Proxy.ConfigApi.ConfigurationApiItemWrapper..ctor(ServerId serverId, String path) in D:\actions-runner\_work\XPCO\XPCO\MIP\PlatformPlugin\VideoOS.Platform\src\Proxy\ConfigApi\ConfigurationApiItemWrapper.cs:line 110&#xD;
   at VideoOS.Platform.ConfigurationItems.Factory.IsItemTypeSupported(ServerId serverId, String itemType) in D:\actions-runner\_work\XPCO\XPCO\MIP\PlatformPlugin\VideoOS.Platform\src\ConfigurationItems\Factory.cs:line 464&#xD;
MIP: Error: GetConfiguration (): CustomSetting not found for the given platformDefinitionId: e145597a-ecaf-40a1-99e6-14bb9d45a09e&#xD;
MIP: Error: ConfigurationApiItemWrapper (): ConfigAPI GetItem(): System.NotImplementedException, The method or operation is not implemented.&#xD;
MIP: Error: Factory.IsItemTypeSupported (): Exception source:      VideoOS.Platform.SDK.UnitTests&#xD;
Exception type:        System.NotImplementedException&#xD;
Exception message:     The method or operation is not implemented.&#xD;
Exception target site: GetItem&#xD;
   at VideoOS.Platform.SDKUnittest.EnvironmentTests.TestConfigurationClientService.GetItem(String path) in D:\actions-runner\_work\XPCO\XPCO\MIP\MIPSDK\tst\VideoOS.Platform.SDK.UnitTests\EnvironmentTests\TestsWithCorporateShimsBase.cs:line 227&#xD;
   at VideoOS.Platform.Proxy.ConfigApi.ConfigurationApiItemWrapper..ctor(ServerId serverId, String path) in D:\actions-runner\_work\XPCO\XPCO\MIP\PlatformPlugin\VideoOS.Platform\src\Proxy\ConfigApi\ConfigurationApiItemWrapper.cs:line 110&#xD;
   at VideoOS.Platform.ConfigurationItems.Factory.IsItemTypeSupported(ServerId serverId, String itemType) in D:\actions-runner\_work\XPCO\XPCO\MIP\PlatformPlugin\VideoOS.Platform\src\ConfigurationItems\Factory.cs:line 464&#xD;
&#xD;
Factory.IsItemTypeSupportedFactory.IsItemTypeSupported ()The method or operation is not implemented.   at VideoOS.Platform.SDKUnittest.EnvironmentTests.TestConfigurationClientService.GetItem(String path) in D:\actions-runner\_work\XPCO\XPCO\MIP\MIPSDK\tst\VideoOS.Platform.SDK.UnitTests\EnvironmentTests\TestsWithCorporateShimsBase.cs:line 227&#xD;
   at VideoOS.Platform.Proxy.ConfigApi.ConfigurationApiItemWrapper..ctor(ServerId serverId, String path) in D:\actions-runner\_work\XPCO\XPCO\MIP\PlatformPlugin\VideoOS.Platform\src\Proxy\ConfigApi\ConfigurationApiItemWrapper.cs:line 110&#xD;
   at VideoOS.Platform.ConfigurationItems.Factory.IsItemTypeSupported(ServerId serverId, String itemType) in D:\actions-runner\_work\XPCO\XPCO\MIP\PlatformPlugin\VideoOS.Platform\src\ConfigurationItems\Factory.cs:line 464&#xD;
MIP: Error: LoginServerOauth (): https://1.2.3.5:55/ManagementServer/ServerCommandServiceOAuth.svc The method or operation is not implemented.&#xD;
MIP: Error: ConfigurationApiItemWrapper (): ConfigAPI GetItem(): System.NotImplementedException, The method or operation is not implemented.&#xD;
MIP: Error: Factory.IsItemTypeSupported (): Exception source:      VideoOS.Platform.SDK.UnitTests&#xD;
Exception type:        System.NotImplementedException&#xD;
Exception message:     The method or operation is not implemented.&#xD;
Exception target site: GetItem&#xD;
   at VideoOS.Platform.SDKUnittest.EnvironmentTests.TestConfigurationClientService.GetItem(String path) in D:\actions-runner\_work\XPCO\XPCO\MIP\MIPSDK\tst\VideoOS.Platform.SDK.UnitTests\EnvironmentTests\TestsWithCorporateShimsBase.cs:line 227&#xD;
   at VideoOS.Platform.Proxy.ConfigApi.ConfigurationApiItemWrapper..ctor(ServerId serverId, String path) in D:\actions-runner\_work\XPCO\XPCO\MIP\PlatformPlugin\VideoOS.Platform\src\Proxy\ConfigApi\ConfigurationApiItemWrapper.cs:line 110&#xD;
   at VideoOS.Platform.ConfigurationItems.Factory.IsItemTypeSupported(ServerId serverId, String itemType) in D:\actions-runner\_work\XPCO\XPCO\MIP\PlatformPlugin\VideoOS.Platform\src\ConfigurationItems\Factory.cs:line 464&#xD;
&#xD;
Factory.IsItemTypeSupportedFactory.IsItemTypeSupported ()The method or operation is not implemented.   at VideoOS.Platform.SDKUnittest.EnvironmentTests.TestConfigurationClientService.GetItem(String path) in D:\actions-runner\_work\XPCO\XPCO\MIP\MIPSDK\tst\VideoOS.Platform.SDK.UnitTests\EnvironmentTests\TestsWithCorporateShimsBase.cs:line 227&#xD;
   at VideoOS.Platform.Proxy.ConfigApi.ConfigurationApiItemWrapper..ctor(ServerId serverId, String path) in D:\actions-runner\_work\XPCO\XPCO\MIP\PlatformPlugin\VideoOS.Platform\src\Proxy\ConfigApi\ConfigurationApiItemWrapper.cs:line 110&#xD;
   at VideoOS.Platform.ConfigurationItems.Factory.IsItemTypeSupported(ServerId serverId, String itemType) in D:\actions-runner\_work\XPCO\XPCO\MIP\PlatformPlugin\VideoOS.Platform\src\ConfigurationItems\Factory.cs:line 464&#xD;
MIP: Error: GetConfiguration (): CustomSetting not found for the given platformDefinitionId: e145597a-ecaf-40a1-99e6-14bb9d45a09e&#xD;
MIP: Error: ConfigurationApiItemWrapper (): ConfigAPI GetItem(): System.NotImplementedException, The method or operation is not implemented.&#xD;
MIP: Error: Factory.IsItemTypeSupported (): Exception source:      VideoOS.Platform.SDK.UnitTests&#xD;
Exception type:        System.NotImplementedException&#xD;
Exception message:     The method or operation is not implemented.&#xD;
Exception target site: GetItem&#xD;
   at VideoOS.Platform.SDKUnittest.EnvironmentTests.TestConfigurationClientService.GetItem(String path) in D:\actions-runner\_work\XPCO\XPCO\MIP\MIPSDK\tst\VideoOS.Platform.SDK.UnitTests\EnvironmentTests\TestsWithCorporateShimsBase.cs:line 227&#xD;
   at VideoOS.Platform.Proxy.ConfigApi.ConfigurationApiItemWrapper..ctor(ServerId serverId, String path) in D:\actions-runner\_work\XPCO\XPCO\MIP\PlatformPlugin\VideoOS.Platform\src\Proxy\ConfigApi\ConfigurationApiItemWrapper.cs:line 110&#xD;
   at VideoOS.Platform.ConfigurationItems.Factory.IsItemTypeSupported(ServerId serverId, String itemType) in D:\actions-runner\_work\XPCO\XPCO\MIP\PlatformPlugin\VideoOS.Platform\src\ConfigurationItems\Factory.cs:line 464&#xD;
&#xD;
Factory.IsItemTypeSupportedFactory.IsItemTypeSupported ()The method or operation is not implemented.   at VideoOS.Platform.SDKUnittest.EnvironmentTests.TestConfigurationClientService.GetItem(String path) in D:\actions-runner\_work\XPCO\XPCO\MIP\MIPSDK\tst\VideoOS.Platform.SDK.UnitTests\EnvironmentTests\TestsWithCorporateShimsBase.cs:line 227&#xD;
   at VideoOS.Platform.Proxy.ConfigApi.ConfigurationApiItemWrapper..ctor(ServerId serverId, String path) in D:\actions-runner\_work\XPCO\XPCO\MIP\PlatformPlugin\VideoOS.Platform\src\Proxy\ConfigApi\ConfigurationApiItemWrapper.cs:line 110&#xD;
   at VideoOS.Platform.ConfigurationItems.Factory.IsItemTypeSupported(ServerId serverId, String itemType) in D:\actions-runner\_work\XPCO\XPCO\MIP\PlatformPlugin\VideoOS.Platform\src\ConfigurationItems\Factory.cs:line 464&#xD;
MIP: Error: LoginServerOauth (): https://1.2.3.5:55/ManagementServer/ServerCommandServiceOAuth.svc The method or operation is not implemented.&#xD;
MIP: Error: ConfigurationApiItemWrapper (): ConfigAPI GetItem(): System.NotImplementedException, The method or operation is not implemented.&#xD;
MIP: Error: Factory.IsItemTypeSupported (): Exception source:      VideoOS.Platform.SDK.UnitTests&#xD;
Exception type:        System.NotImplementedException&#xD;
Exception message:     The method or operation is not implemented.&#xD;
Exception target site: GetItem&#xD;
   at VideoOS.Platform.SDKUnittest.EnvironmentTests.TestConfigurationClientService.GetItem(String path) in D:\actions-runner\_work\XPCO\XPCO\MIP\MIPSDK\tst\VideoOS.Platform.SDK.UnitTests\EnvironmentTests\TestsWithCorporateShimsBase.cs:line 227&#xD;
   at VideoOS.Platform.Proxy.ConfigApi.ConfigurationApiItemWrapper..ctor(ServerId serverId, String path) in D:\actions-runner\_work\XPCO\XPCO\MIP\PlatformPlugin\VideoOS.Platform\src\Proxy\ConfigApi\ConfigurationApiItemWrapper.cs:line 110&#xD;
   at VideoOS.Platform.ConfigurationItems.Factory.IsItemTypeSupported(ServerId serverId, String itemType) in D:\actions-runner\_work\XPCO\XPCO\MIP\PlatformPlugin\VideoOS.Platform\src\ConfigurationItems\Factory.cs:line 464&#xD;
&#xD;
Factory.IsItemTypeSupportedFactory.IsItemTypeSupported ()The method or operation is not implemented.   at VideoOS.Platform.SDKUnittest.EnvironmentTests.TestConfigurationClientService.GetItem(String path) in D:\actions-runner\_work\XPCO\XPCO\MIP\MIPSDK\tst\VideoOS.Platform.SDK.UnitTests\EnvironmentTests\TestsWithCorporateShimsBase.cs:line 227&#xD;
   at VideoOS.Platform.Proxy.ConfigApi.ConfigurationApiItemWrapper..ctor(ServerId serverId, String path) in D:\actions-runner\_work\XPCO\XPCO\MIP\PlatformPlugin\VideoOS.Platform\src\Proxy\ConfigApi\ConfigurationApiItemWrapper.cs:line 110&#xD;
   at VideoOS.Platform.ConfigurationItems.Factory.IsItemTypeSupported(ServerId serverId, String itemType) in D:\actions-runner\_work\XPCO\XPCO\MIP\PlatformPlugin\VideoOS.Platform\src\ConfigurationItems\Factory.cs:line 464&#xD;
MIP: Error: ConfigurationApiItemWrapper (): ConfigAPI GetItem(): System.NotImplementedException, The method or operation is not implemented.&#xD;
MIP: Error: Factory.IsItemTypeSupported (): Exception source:      VideoOS.Platform.SDK.UnitTests&#xD;
Exception type:        System.NotImplementedException&#xD;
Exception message:     The method or operation is not implemented.&#xD;
Exception target site: GetItem&#xD;
   at VideoOS.Platform.SDKUnittest.EnvironmentTests.TestConfigurationClientService.GetItem(String path) in D:\actions-runner\_work\XPCO\XPCO\MIP\MIPSDK\tst\VideoOS.Platform.SDK.UnitTests\EnvironmentTests\TestsWithCorporateShimsBase.cs:line 227&#xD;
   at VideoOS.Platform.Proxy.ConfigApi.ConfigurationApiItemWrapper..ctor(ServerId serverId, String path) in D:\actions-runner\_work\XPCO\XPCO\MIP\PlatformPlugin\VideoOS.Platform\src\Proxy\ConfigApi\ConfigurationApiItemWrapper.cs:line 110&#xD;
   at VideoOS.Platform.ConfigurationItems.Factory.IsItemTypeSupported(ServerId serverId, String itemType) in D:\actions-runner\_work\XPCO\XPCO\MIP\PlatformPlugin\VideoOS.Platform\src\ConfigurationItems\Factory.cs:line 464&#xD;
&#xD;
Factory.IsItemTypeSupportedFactory.IsItemTypeSupported ()The method or operation is not implemented.   at VideoOS.Platform.SDKUnittest.EnvironmentTests.TestConfigurationClientService.GetItem(String path) in D:\actions-runner\_work\XPCO\XPCO\MIP\MIPSDK\tst\VideoOS.Platform.SDK.UnitTests\EnvironmentTests\TestsWithCorporateShimsBase.cs:line 227&#xD;
   at VideoOS.Platform.Proxy.ConfigApi.ConfigurationApiItemWrapper..ctor(ServerId serverId, String path) in D:\actions-runner\_work\XPCO\XPCO\MIP\PlatformPlugin\VideoOS.Platform\src\Proxy\ConfigApi\ConfigurationApiItemWrapper.cs:line 110&#xD;
   at VideoOS.Platform.ConfigurationItems.Factory.IsItemTypeSupported(ServerId serverId, String itemType) in D:\actions-runner\_work\XPCO\XPCO\MIP\PlatformPlugin\VideoOS.Platform\src\ConfigurationItems\Factory.cs:line 464&#xD;
MIP: Error: LoginServerOauth (): https://1.2.3.5:55/ManagementServer/ServerCommandServiceOAuth.svc The method or operation is not implemented.&#xD;
MIP: Error: ConfigurationApiItemWrapper (): ConfigAPI GetItem(): System.NotImplementedException, The method or operation is not implemented.&#xD;
MIP: Error: Factory.IsItemTypeSupported (): Exception source:      VideoOS.Platform.SDK.UnitTests&#xD;
Exception type:        System.NotImplementedException&#xD;
Exception message:     The method or operation is not implemented.&#xD;
Exception target site: GetItem&#xD;
   at VideoOS.Platform.SDKUnittest.EnvironmentTests.TestConfigurationClientService.GetItem(String path) in D:\actions-runner\_work\XPCO\XPCO\MIP\MIPSDK\tst\VideoOS.Platform.SDK.UnitTests\EnvironmentTests\TestsWithCorporateShimsBase.cs:line 227&#xD;
   at VideoOS.Platform.Proxy.ConfigApi.ConfigurationApiItemWrapper..ctor(ServerId serverId, String path) in D:\actions-runner\_work\XPCO\XPCO\MIP\PlatformPlugin\VideoOS.Platform\src\Proxy\ConfigApi\ConfigurationApiItemWrapper.cs:line 110&#xD;
   at VideoOS.Platform.ConfigurationItems.Factory.IsItemTypeSupported(ServerId serverId, String itemType) in D:\actions-runner\_work\XPCO\XPCO\MIP\PlatformPlugin\VideoOS.Platform\src\ConfigurationItems\Factory.cs:line 464&#xD;
&#xD;
Factory.IsItemTypeSupportedFactory.IsItemTypeSupported ()The method or operation is not implemented.   at VideoOS.Platform.SDKUnittest.EnvironmentTests.TestConfigurationClientService.GetItem(String path) in D:\actions-runner\_work\XPCO\XPCO\MIP\MIPSDK\tst\VideoOS.Platform.SDK.UnitTests\EnvironmentTests\TestsWithCorporateShimsBase.cs:line 227&#xD;
   at VideoOS.Platform.Proxy.ConfigApi.ConfigurationApiItemWrapper..ctor(ServerId serverId, String path) in D:\actions-runner\_work\XPCO\XPCO\MIP\PlatformPlugin\VideoOS.Platform\src\Proxy\ConfigApi\ConfigurationApiItemWrapper.cs:line 110&#xD;
   at VideoOS.Platform.ConfigurationItems.Factory.IsItemTypeSupported(ServerId serverId, String itemType) in D:\actions-runner\_work\XPCO\XPCO\MIP\PlatformPlugin\VideoOS.Platform\src\ConfigurationItems\Factory.cs:line 464&#xD;
MIP: Error: GetConfiguration (): CustomSetting not found for the given platformDefinitionId: e145597a-ecaf-40a1-99e6-14bb9d45a09e&#xD;
MIP: Error: ConfigurationApiItemWrapper (): ConfigAPI GetItem(): System.NotImplementedException, The method or operation is not implemented.&#xD;
MIP: Error: Factory.IsItemTypeSupported (): Exception source:      VideoOS.Platform.SDK.UnitTests&#xD;
Exception type:        System.NotImplementedException&#xD;
Exception message:     The method or operation is not implemented.&#xD;
Exception target site: GetItem&#xD;
   at VideoOS.Platform.SDKUnittest.EnvironmentTests.TestConfigurationClientService.GetItem(String path) in D:\actions-runner\_work\XPCO\XPCO\MIP\MIPSDK\tst\VideoOS.Platform.SDK.UnitTests\EnvironmentTests\TestsWithCorporateShimsBase.cs:line 227&#xD;
   at VideoOS.Platform.Proxy.ConfigApi.ConfigurationApiItemWrapper..ctor(ServerId serverId, String path) in D:\actions-runner\_work\XPCO\XPCO\MIP\PlatformPlugin\VideoOS.Platform\src\Proxy\ConfigApi\ConfigurationApiItemWrapper.cs:line 110&#xD;
   at VideoOS.Platform.ConfigurationItems.Factory.IsItemTypeSupported(ServerId serverId, String itemType) in D:\actions-runner\_work\XPCO\XPCO\MIP\PlatformPlugin\VideoOS.Platform\src\ConfigurationItems\Factory.cs:line 464&#xD;
&#xD;
Factory.IsItemTypeSupportedFactory.IsItemTypeSupported ()The method or operation is not implemented.   at VideoOS.Platform.SDKUnittest.EnvironmentTests.TestConfigurationClientService.GetItem(String path) in D:\actions-runner\_work\XPCO\XPCO\MIP\MIPSDK\tst\VideoOS.Platform.SDK.UnitTests\EnvironmentTests\TestsWithCorporateShimsBase.cs:line 227&#xD;
   at VideoOS.Platform.Proxy.ConfigApi.ConfigurationApiItemWrapper..ctor(ServerId serverId, String path) in D:\actions-runner\_work\XPCO\XPCO\MIP\PlatformPlugin\VideoOS.Platform\src\Proxy\ConfigApi\ConfigurationApiItemWrapper.cs:line 110&#xD;
   at VideoOS.Platform.ConfigurationItems.Factory.IsItemTypeSupported(ServerId serverId, String itemType) in D:\actions-runner\_work\XPCO\XPCO\MIP\PlatformPlugin\VideoOS.Platform\src\ConfigurationItems\Factory.cs:line 464&#xD;
MIP: Error: LoginServerOauth (): https://1.2.3.5:55/ManagementServer/ServerCommandServiceOAuth.svc The method or operation is not implemented.&#xD;
MIP: Error: ConfigurationApiItemWrapper (): ConfigAPI GetItem(): System.NotImplementedException, The method or operation is not implemented.&#xD;
MIP: Error: Factory.IsItemTypeSupported (): Exception source:      VideoOS.Platform.SDK.UnitTests&#xD;
Exception type:        System.NotImplementedException&#xD;
Exception message:     The method or operation is not implemented.&#xD;
Exception target site: GetItem&#xD;
   at VideoOS.Platform.SDKUnittest.EnvironmentTests.TestConfigurationClientService.GetItem(String path) in D:\actions-runner\_work\XPCO\XPCO\MIP\MIPSDK\tst\VideoOS.Platform.SDK.UnitTests\EnvironmentTests\TestsWithCorporateShimsBase.cs:line 227&#xD;
   at VideoOS.Platform.Proxy.ConfigApi.ConfigurationApiItemWrapper..ctor(ServerId serverId, String path) in D:\actions-runner\_work\XPCO\XPCO\MIP\PlatformPlugin\VideoOS.Platform\src\Proxy\ConfigApi\ConfigurationApiItemWrapper.cs:line 110&#xD;
   at VideoOS.Platform.ConfigurationItems.Factory.IsItemTypeSupported(ServerId serverId, String itemType) in D:\actions-runner\_work\XPCO\XPCO\MIP\PlatformPlugin\VideoOS.Platform\src\ConfigurationItems\Factory.cs:line 464&#xD;
&#xD;
Factory.IsItemTypeSupportedFactory.IsItemTypeSupported ()The method or operation is not implemented.   at VideoOS.Platform.SDKUnittest.EnvironmentTests.TestConfigurationClientService.GetItem(String path) in D:\actions-runner\_work\XPCO\XPCO\MIP\MIPSDK\tst\VideoOS.Platform.SDK.UnitTests\EnvironmentTests\TestsWithCorporateShimsBase.cs:line 227&#xD;
   at VideoOS.Platform.Proxy.ConfigApi.ConfigurationApiItemWrapper..ctor(ServerId serverId, String path) in D:\actions-runner\_work\XPCO\XPCO\MIP\PlatformPlugin\VideoOS.Platform\src\Proxy\ConfigApi\ConfigurationApiItemWrapper.cs:line 110&#xD;
   at VideoOS.Platform.ConfigurationItems.Factory.IsItemTypeSupported(ServerId serverId, String itemType) in D:\actions-runner\_work\XPCO\XPCO\MIP\PlatformPlugin\VideoOS.Platform\src\ConfigurationItems\Factory.cs:line 464&#xD;
MIP: Error: ConfigurationApiItemWrapper (): ConfigAPI GetItem(): System.NotImplementedException, The method or operation is not implemented.&#xD;
MIP: Error: Factory.IsItemTypeSupported (): Exception source:      VideoOS.Platform.SDK.UnitTests&#xD;
Exception type:        System.NotImplementedException&#xD;
Exception message:     The method or operation is not implemented.&#xD;
Exception target site: GetItem&#xD;
   at VideoOS.Platform.SDKUnittest.EnvironmentTests.TestConfigurationClientService.GetItem(String path) in D:\actions-runner\_work\XPCO\XPCO\MIP\MIPSDK\tst\VideoOS.Platform.SDK.UnitTests\EnvironmentTests\TestsWithCorporateShimsBase.cs:line 227&#xD;
   at VideoOS.Platform.Proxy.ConfigApi.ConfigurationApiItemWrapper..ctor(ServerId serverId, String path) in D:\actions-runner\_work\XPCO\XPCO\MIP\PlatformPlugin\VideoOS.Platform\src\Proxy\ConfigApi\ConfigurationApiItemWrapper.cs:line 110&#xD;
   at VideoOS.Platform.ConfigurationItems.Factory.IsItemTypeSupported(ServerId serverId, String itemType) in D:\actions-runner\_work\XPCO\XPCO\MIP\PlatformPlugin\VideoOS.Platform\src\ConfigurationItems\Factory.cs:line 464&#xD;
&#xD;
Factory.IsItemTypeSupportedFactory.IsItemTypeSupported ()The method or operation is not implemented.   at VideoOS.Platform.SDKUnittest.EnvironmentTests.TestConfigurationClientService.GetItem(String path) in D:\actions-runner\_work\XPCO\XPCO\MIP\MIPSDK\tst\VideoOS.Platform.SDK.UnitTests\EnvironmentTests\TestsWithCorporateShimsBase.cs:line 227&#xD;
   at VideoOS.Platform.Proxy.ConfigApi.ConfigurationApiItemWrapper..ctor(ServerId serverId, String path) in D:\actions-runner\_work\XPCO\XPCO\MIP\PlatformPlugin\VideoOS.Platform\src\Proxy\ConfigApi\ConfigurationApiItemWrapper.cs:line 110&#xD;
   at VideoOS.Platform.ConfigurationItems.Factory.IsItemTypeSupported(ServerId serverId, String itemType) in D:\actions-runner\_work\XPCO\XPCO\MIP\PlatformPlugin\VideoOS.Platform\src\ConfigurationItems\Factory.cs:line 464&#xD;
MIP: Error: LoginServerOauth (): https://1.2.3.5:55/ManagementServer/ServerCommandServiceOAuth.svc The method or operation is not implemented.&#xD;
MIP: Error: ConfigurationApiItemWrapper (): ConfigAPI GetItem(): System.NotImplementedException, The method or operation is not implemented.&#xD;
MIP: Error: Factory.IsItemTypeSupported (): Exception source:      VideoOS.Platform.SDK.UnitTests&#xD;
Exception type:        System.NotImplementedException&#xD;
Exception message:     The method or operation is not implemented.&#xD;
Exception target site: GetItem&#xD;
   at VideoOS.Platform.SDKUnittest.EnvironmentTests.TestConfigurationClientService.GetItem(String path) in D:\actions-runner\_work\XPCO\XPCO\MIP\MIPSDK\tst\VideoOS.Platform.SDK.UnitTests\EnvironmentTests\TestsWithCorporateShimsBase.cs:line 227&#xD;
   at VideoOS.Platform.Proxy.ConfigApi.ConfigurationApiItemWrapper..ctor(ServerId serverId, String path) in D:\actions-runner\_work\XPCO\XPCO\MIP\PlatformPlugin\VideoOS.Platform\src\Proxy\ConfigApi\ConfigurationApiItemWrapper.cs:line 110&#xD;
   at VideoOS.Platform.ConfigurationItems.Factory.IsItemTypeSupported(ServerId serverId, String itemType) in D:\actions-runner\_work\XPCO\XPCO\MIP\PlatformPlugin\VideoOS.Platform\src\ConfigurationItems\Factory.cs:line 464&#xD;
&#xD;
Factory.IsItemTypeSupportedFactory.IsItemTypeSupported ()The method or operation is not implemented.   at VideoOS.Platform.SDKUnittest.EnvironmentTests.TestConfigurationClientService.GetItem(String path) in D:\actions-runner\_work\XPCO\XPCO\MIP\MIPSDK\tst\VideoOS.Platform.SDK.UnitTests\EnvironmentTests\TestsWithCorporateShimsBase.cs:line 227&#xD;
   at VideoOS.Platform.Proxy.ConfigApi.ConfigurationApiItemWrapper..ctor(ServerId serverId, String path) in D:\actions-runner\_work\XPCO\XPCO\MIP\PlatformPlugin\VideoOS.Platform\src\Proxy\ConfigApi\ConfigurationApiItemWrapper.cs:line 110&#xD;
   at VideoOS.Platform.ConfigurationItems.Factory.IsItemTypeSupported(ServerId serverId, String itemType) in D:\actions-runner\_work\XPCO\XPCO\MIP\PlatformPlugin\VideoOS.Platform\src\ConfigurationItems\Factory.cs:line 464&#xD;
MIP: Error: GetConfiguration (): CustomSetting not found for the given platformDefinitionId: e145597a-ecaf-40a1-99e6-14bb9d45a09e&#xD;
MIP: Error: ConfigurationApiItemWrapper (): ConfigAPI GetItem(): System.NotImplementedException, The method or operation is not implemented.&#xD;
MIP: Error: Factory.IsItemTypeSupported (): Exception source:      VideoOS.Platform.SDK.UnitTests&#xD;
Exception type:        System.NotImplementedException&#xD;
Exception message:     The method or operation is not implemented.&#xD;
Exception target site: GetItem&#xD;
   at VideoOS.Platform.SDKUnittest.EnvironmentTests.TestConfigurationClientService.GetItem(String path) in D:\actions-runner\_work\XPCO\XPCO\MIP\MIPSDK\tst\VideoOS.Platform.SDK.UnitTests\EnvironmentTests\TestsWithCorporateShimsBase.cs:line 227&#xD;
   at VideoOS.Platform.Proxy.ConfigApi.ConfigurationApiItemWrapper..ctor(ServerId serverId, String path) in D:\actions-runner\_work\XPCO\XPCO\MIP\PlatformPlugin\VideoOS.Platform\src\Proxy\ConfigApi\ConfigurationApiItemWrapper.cs:line 110&#xD;
   at VideoOS.Platform.ConfigurationItems.Factory.IsItemTypeSupported(ServerId serverId, String itemType) in D:\actions-runner\_work\XPCO\XPCO\MIP\PlatformPlugin\VideoOS.Platform\src\ConfigurationItems\Factory.cs:line 464&#xD;
&#xD;
Factory.IsItemTypeSupportedFactory.IsItemTypeSupported ()The method or operation is not implemented.   at VideoOS.Platform.SDKUnittest.EnvironmentTests.TestConfigurationClientService.GetItem(String path) in D:\actions-runner\_work\XPCO\XPCO\MIP\MIPSDK\tst\VideoOS.Platform.SDK.UnitTests\EnvironmentTests\TestsWithCorporateShimsBase.cs:line 227&#xD;
   at VideoOS.Platform.Proxy.ConfigApi.ConfigurationApiItemWrapper..ctor(ServerId serverId, String path) in D:\actions-runner\_work\XPCO\XPCO\MIP\PlatformPlugin\VideoOS.Platform\src\Proxy\ConfigApi\ConfigurationApiItemWrapper.cs:line 110&#xD;
   at VideoOS.Platform.ConfigurationItems.Factory.IsItemTypeSupported(ServerId serverId, String itemType) in D:\actions-runner\_work\XPCO\XPCO\MIP\PlatformPlugin\VideoOS.Platform\src\ConfigurationItems\Factory.cs:line 464&#xD;
MIP: Error: LoginServerOauth (): https://1.2.3.5:55/ManagementServer/ServerCommandServiceOAuth.svc The method or operation is not implemented.&#xD;
MIP: Error: ConfigurationApiItemWrapper (): ConfigAPI GetItem(): System.NotImplementedException, The method or operation is not implemented.&#xD;
MIP: Error: Factory.IsItemTypeSupported (): Exception source:      VideoOS.Platform.SDK.UnitTests&#xD;
Exception type:        System.NotImplementedException&#xD;
Exception message:     The method or operation is not implemented.&#xD;
Exception target site: GetItem&#xD;
   at VideoOS.Platform.SDKUnittest.EnvironmentTests.TestConfigurationClientService.GetItem(String path) in D:\actions-runner\_work\XPCO\XPCO\MIP\MIPSDK\tst\VideoOS.Platform.SDK.UnitTests\EnvironmentTests\TestsWithCorporateShimsBase.cs:line 227&#xD;
   at VideoOS.Platform.Proxy.ConfigApi.ConfigurationApiItemWrapper..ctor(ServerId serverId, String path) in D:\actions-runner\_work\XPCO\XPCO\MIP\PlatformPlugin\VideoOS.Platform\src\Proxy\ConfigApi\ConfigurationApiItemWrapper.cs:line 110&#xD;
   at VideoOS.Platform.ConfigurationItems.Factory.IsItemTypeSupported(ServerId serverId, String itemType) in D:\actions-runner\_work\XPCO\XPCO\MIP\PlatformPlugin\VideoOS.Platform\src\ConfigurationItems\Factory.cs:line 464&#xD;
&#xD;
Factory.IsItemTypeSupportedFactory.IsItemTypeSupported ()The method or operation is not implemented.   at VideoOS.Platform.SDKUnittest.EnvironmentTests.TestConfigurationClientService.GetItem(String path) in D:\actions-runner\_work\XPCO\XPCO\MIP\MIPSDK\tst\VideoOS.Platform.SDK.UnitTests\EnvironmentTests\TestsWithCorporateShimsBase.cs:line 227&#xD;
   at VideoOS.Platform.Proxy.ConfigApi.ConfigurationApiItemWrapper..ctor(ServerId serverId, String path) in D:\actions-runner\_work\XPCO\XPCO\MIP\PlatformPlugin\VideoOS.Platform\src\Proxy\ConfigApi\ConfigurationApiItemWrapper.cs:line 110&#xD;
   at VideoOS.Platform.ConfigurationItems.Factory.IsItemTypeSupported(ServerId serverId, String itemType) in D:\actions-runner\_work\XPCO\XPCO\MIP\PlatformPlugin\VideoOS.Platform\src\ConfigurationItems\Factory.cs:line 464&#xD;
MIP: Error: ConfigurationApiItemWrapper (): ConfigAPI GetItem(): System.NotImplementedException, The method or operation is not implemented.&#xD;
MIP: Error: Factory.IsItemTypeSupported (): Exception source:      VideoOS.Platform.SDK.UnitTests&#xD;
Exception type:        System.NotImplementedException&#xD;
Exception message:     The method or operation is not implemented.&#xD;
Exception target site: GetItem&#xD;
   at VideoOS.Platform.SDKUnittest.EnvironmentTests.TestConfigurationClientService.GetItem(String path) in D:\actions-runner\_work\XPCO\XPCO\MIP\MIPSDK\tst\VideoOS.Platform.SDK.UnitTests\EnvironmentTests\TestsWithCorporateShimsBase.cs:line 227&#xD;
   at VideoOS.Platform.Proxy.ConfigApi.ConfigurationApiItemWrapper..ctor(ServerId serverId, String path) in D:\actions-runner\_work\XPCO\XPCO\MIP\PlatformPlugin\VideoOS.Platform\src\Proxy\ConfigApi\ConfigurationApiItemWrapper.cs:line 110&#xD;
   at VideoOS.Platform.ConfigurationItems.Factory.IsItemTypeSupported(ServerId serverId, String itemType) in D:\actions-runner\_work\XPCO\XPCO\MIP\PlatformPlugin\VideoOS.Platform\src\ConfigurationItems\Factory.cs:line 464&#xD;
&#xD;
Factory.IsItemTypeSupportedFactory.IsItemTypeSupported ()The method or operation is not implemented.   at VideoOS.Platform.SDKUnittest.EnvironmentTests.TestConfigurationClientService.GetItem(String path) in D:\actions-runner\_work\XPCO\XPCO\MIP\MIPSDK\tst\VideoOS.Platform.SDK.UnitTests\EnvironmentTests\TestsWithCorporateShimsBase.cs:line 227&#xD;
   at VideoOS.Platform.Proxy.ConfigApi.ConfigurationApiItemWrapper..ctor(ServerId serverId, String path) in D:\actions-runner\_work\XPCO\XPCO\MIP\PlatformPlugin\VideoOS.Platform\src\Proxy\ConfigApi\ConfigurationApiItemWrapper.cs:line 110&#xD;
   at VideoOS.Platform.ConfigurationItems.Factory.IsItemTypeSupported(ServerId serverId, String itemType) in D:\actions-runner\_work\XPCO\XPCO\MIP\PlatformPlugin\VideoOS.Platform\src\ConfigurationItems\Factory.cs:line 464&#xD;
MIP: Error: LoginServerOauth (): https://1.2.3.5:55/ManagementServer/ServerCommandServiceOAuth.svc The method or operation is not implemented.&#xD;
MIP: Error: ConfigurationApiItemWrapper (): ConfigAPI GetItem(): System.NotImplementedException, The method or operation is not implemented.&#xD;
MIP: Error: Factory.IsItemTypeSupported (): Exception source:      VideoOS.Platform.SDK.UnitTests&#xD;
Exception type:        System.NotImplementedException&#xD;
Exception message:     The method or operation is not implemented.&#xD;
Exception target site: GetItem&#xD;
   at VideoOS.Platform.SDKUnittest.EnvironmentTests.TestConfigurationClientService.GetItem(String path) in D:\actions-runner\_work\XPCO\XPCO\MIP\MIPSDK\tst\VideoOS.Platform.SDK.UnitTests\EnvironmentTests\TestsWithCorporateShimsBase.cs:line 227&#xD;
   at VideoOS.Platform.Proxy.ConfigApi.ConfigurationApiItemWrapper..ctor(ServerId serverId, String path) in D:\actions-runner\_work\XPCO\XPCO\MIP\PlatformPlugin\VideoOS.Platform\src\Proxy\ConfigApi\ConfigurationApiItemWrapper.cs:line 110&#xD;
   at VideoOS.Platform.ConfigurationItems.Factory.IsItemTypeSupported(ServerId serverId, String itemType) in D:\actions-runner\_work\XPCO\XPCO\MIP\PlatformPlugin\VideoOS.Platform\src\ConfigurationItems\Factory.cs:line 464&#xD;
&#xD;
Factory.IsItemTypeSupportedFactory.IsItemTypeSupported ()The method or operation is not implemented.   at VideoOS.Platform.SDKUnittest.EnvironmentTests.TestConfigurationClientService.GetItem(String path) in D:\actions-runner\_work\XPCO\XPCO\MIP\MIPSDK\tst\VideoOS.Platform.SDK.UnitTests\EnvironmentTests\TestsWithCorporateShimsBase.cs:line 227&#xD;
   at VideoOS.Platform.Proxy.ConfigApi.ConfigurationApiItemWrapper..ctor(ServerId serverId, String path) in D:\actions-runner\_work\XPCO\XPCO\MIP\PlatformPlugin\VideoOS.Platform\src\Proxy\ConfigApi\ConfigurationApiItemWrapper.cs:line 110&#xD;
   at VideoOS.Platform.ConfigurationItems.Factory.IsItemTypeSupported(ServerId serverId, String itemType) in D:\actions-runner\_work\XPCO\XPCO\MIP\PlatformPlugin\VideoOS.Platform\src\ConfigurationItems\Factory.cs:line 464&#xD;
MIP: Error: GetConfiguration (): CustomSetting not found for the given platformDefinitionId: e145597a-ecaf-40a1-99e6-14bb9d45a09e&#xD;
MIP: Error: ConfigurationApiItemWrapper (): ConfigAPI GetItem(): System.NotImplementedException, The method or operation is not implemented.&#xD;
MIP: Error: Factory.IsItemTypeSupported (): Exception source:      VideoOS.Platform.SDK.UnitTests&#xD;
Exception type:        System.NotImplementedException&#xD;
Exception message:     The method or operation is not implemented.&#xD;
Exception target site: GetItem&#xD;
   at VideoOS.Platform.SDKUnittest.EnvironmentTests.TestConfigurationClientService.GetItem(String path) in D:\actions-runner\_work\XPCO\XPCO\MIP\MIPSDK\tst\VideoOS.Platform.SDK.UnitTests\EnvironmentTests\TestsWithCorporateShimsBase.cs:line 227&#xD;
   at VideoOS.Platform.Proxy.ConfigApi.ConfigurationApiItemWrapper..ctor(ServerId serverId, String path) in D:\actions-runner\_work\XPCO\XPCO\MIP\PlatformPlugin\VideoOS.Platform\src\Proxy\ConfigApi\ConfigurationApiItemWrapper.cs:line 110&#xD;
   at VideoOS.Platform.ConfigurationItems.Factory.IsItemTypeSupported(ServerId serverId, String itemType) in D:\actions-runner\_work\XPCO\XPCO\MIP\PlatformPlugin\VideoOS.Platform\src\ConfigurationItems\Factory.cs:line 464&#xD;
&#xD;
Factory.IsItemTypeSupportedFactory.IsItemTypeSupported ()The method or operation is not implemented.   at VideoOS.Platform.SDKUnittest.EnvironmentTests.TestConfigurationClientService.GetItem(String path) in D:\actions-runner\_work\XPCO\XPCO\MIP\MIPSDK\tst\VideoOS.Platform.SDK.UnitTests\EnvironmentTests\TestsWithCorporateShimsBase.cs:line 227&#xD;
   at VideoOS.Platform.Proxy.ConfigApi.ConfigurationApiItemWrapper..ctor(ServerId serverId, String path) in D:\actions-runner\_work\XPCO\XPCO\MIP\PlatformPlugin\VideoOS.Platform\src\Proxy\ConfigApi\ConfigurationApiItemWrapper.cs:line 110&#xD;
   at VideoOS.Platform.ConfigurationItems.Factory.IsItemTypeSupported(ServerId serverId, String itemType) in D:\actions-runner\_work\XPCO\XPCO\MIP\PlatformPlugin\VideoOS.Platform\src\ConfigurationItems\Factory.cs:line 464&#xD;
MIP: Error: LoginServerOauth (): https://1.2.3.5:55/ManagementServer/ServerCommandServiceOAuth.svc The method or operation is not implemented.&#xD;
MIP: Error: ConfigurationApiItemWrapper (): ConfigAPI GetItem(): System.NotImplementedException, The method or operation is not implemented.&#xD;
MIP: Error: Factory.IsItemTypeSupported (): Exception source:      VideoOS.Platform.SDK.UnitTests&#xD;
Exception type:        System.NotImplementedException&#xD;
Exception message:     The method or operation is not implemented.&#xD;
Exception target site: GetItem&#xD;
   at VideoOS.Platform.SDKUnittest.EnvironmentTests.TestConfigurationClientService.GetItem(String path) in D:\actions-runner\_work\XPCO\XPCO\MIP\MIPSDK\tst\VideoOS.Platform.SDK.UnitTests\EnvironmentTests\TestsWithCorporateShimsBase.cs:line 227&#xD;
   at VideoOS.Platform.Proxy.ConfigApi.ConfigurationApiItemWrapper..ctor(ServerId serverId, String path) in D:\actions-runner\_work\XPCO\XPCO\MIP\PlatformPlugin\VideoOS.Platform\src\Proxy\ConfigApi\ConfigurationApiItemWrapper.cs:line 110&#xD;
   at VideoOS.Platform.ConfigurationItems.Factory.IsItemTypeSupported(ServerId serverId, String itemType) in D:\actions-runner\_work\XPCO\XPCO\MIP\PlatformPlugin\VideoOS.Platform\src\ConfigurationItems\Factory.cs:line 464&#xD;
&#xD;
Factory.IsItemTypeSupportedFactory.IsItemTypeSupported ()The method or operation is not implemented.   at VideoOS.Platform.SDKUnittest.EnvironmentTests.TestConfigurationClientService.GetItem(String path) in D:\actions-runner\_work\XPCO\XPCO\MIP\MIPSDK\tst\VideoOS.Platform.SDK.UnitTests\EnvironmentTests\TestsWithCorporateShimsBase.cs:line 227&#xD;
   at VideoOS.Platform.Proxy.ConfigApi.ConfigurationApiItemWrapper..ctor(ServerId serverId, String path) in D:\actions-runner\_work\XPCO\XPCO\MIP\PlatformPlugin\VideoOS.Platform\src\Proxy\ConfigApi\ConfigurationApiItemWrapper.cs:line 110&#xD;
   at VideoOS.Platform.ConfigurationItems.Factory.IsItemTypeSupported(ServerId serverId, String itemType) in D:\actions-runner\_work\XPCO\XPCO\MIP\PlatformPlugin\VideoOS.Platform\src\ConfigurationItems\Factory.cs:line 464&#xD;
MIP: Error: ConfigurationApiItemWrapper (): ConfigAPI GetItem(): System.NotImplementedException, The method or operation is not implemented.&#xD;
MIP: Error: Factory.IsItemTypeSupported (): Exception source:      VideoOS.Platform.SDK.UnitTests&#xD;
Exception type:        System.NotImplementedException&#xD;
Exception message:     The method or operation is not implemented.&#xD;
Exception target site: GetItem&#xD;
   at VideoOS.Platform.SDKUnittest.EnvironmentTests.TestConfigurationClientService.GetItem(String path) in D:\actions-runner\_work\XPCO\XPCO\MIP\MIPSDK\tst\VideoOS.Platform.SDK.UnitTests\EnvironmentTests\TestsWithCorporateShimsBase.cs:line 227&#xD;
   at VideoOS.Platform.Proxy.ConfigApi.ConfigurationApiItemWrapper..ctor(ServerId serverId, String path) in D:\actions-runner\_work\XPCO\XPCO\MIP\PlatformPlugin\VideoOS.Platform\src\Proxy\ConfigApi\ConfigurationApiItemWrapper.cs:line 110&#xD;
   at VideoOS.Platform.ConfigurationItems.Factory.IsItemTypeSupported(ServerId serverId, String itemType) in D:\actions-runner\_work\XPCO\XPCO\MIP\PlatformPlugin\VideoOS.Platform\src\ConfigurationItems\Factory.cs:line 464&#xD;
&#xD;
Factory.IsItemTypeSupportedFactory.IsItemTypeSupported ()The method or operation is not implemented.   at VideoOS.Platform.SDKUnittest.EnvironmentTests.TestConfigurationClientService.GetItem(String path) in D:\actions-runner\_work\XPCO\XPCO\MIP\MIPSDK\tst\VideoOS.Platform.SDK.UnitTests\EnvironmentTests\TestsWithCorporateShimsBase.cs:line 227&#xD;
   at VideoOS.Platform.Proxy.ConfigApi.ConfigurationApiItemWrapper..ctor(ServerId serverId, String path) in D:\actions-runner\_work\XPCO\XPCO\MIP\PlatformPlugin\VideoOS.Platform\src\Proxy\ConfigApi\ConfigurationApiItemWrapper.cs:line 110&#xD;
   at VideoOS.Platform.ConfigurationItems.Factory.IsItemTypeSupported(ServerId serverId, String itemType) in D:\actions-runner\_work\XPCO\XPCO\MIP\PlatformPlugin\VideoOS.Platform\src\ConfigurationItems\Factory.cs:line 464&#xD;
MIP: Error: LoginServerOauth (): https://1.2.3.5:55/ManagementServer/ServerCommandServiceOAuth.svc The method or operation is not implemented.&#xD;
MIP: Error: ConfigurationApiItemWrapper (): ConfigAPI GetItem(): System.NotImplementedException, The method or operation is not implemented.&#xD;
MIP: Error: Factory.IsItemTypeSupported (): Exception source:      VideoOS.Platform.SDK.UnitTests&#xD;
Exception type:        System.NotImplementedException&#xD;
Exception message:     The method or operation is not implemented.&#xD;
Exception target site: GetItem&#xD;
   at VideoOS.Platform.SDKUnittest.EnvironmentTests.TestConfigurationClientService.GetItem(String path) in D:\actions-runner\_work\XPCO\XPCO\MIP\MIPSDK\tst\VideoOS.Platform.SDK.UnitTests\EnvironmentTests\TestsWithCorporateShimsBase.cs:line 227&#xD;
   at VideoOS.Platform.Proxy.ConfigApi.ConfigurationApiItemWrapper..ctor(ServerId serverId, String path) in D:\actions-runner\_work\XPCO\XPCO\MIP\PlatformPlugin\VideoOS.Platform\src\Proxy\ConfigApi\ConfigurationApiItemWrapper.cs:line 110&#xD;
   at VideoOS.Platform.ConfigurationItems.Factory.IsItemTypeSupported(ServerId serverId, String itemType) in D:\actions-runner\_work\XPCO\XPCO\MIP\PlatformPlugin\VideoOS.Platform\src\ConfigurationItems\Factory.cs:line 464&#xD;
&#xD;
Factory.IsItemTypeSupportedFactory.IsItemTypeSupported ()The method or operation is not implemented.   at VideoOS.Platform.SDKUnittest.EnvironmentTests.TestConfigurationClientService.GetItem(String path) in D:\actions-runner\_work\XPCO\XPCO\MIP\MIPSDK\tst\VideoOS.Platform.SDK.UnitTests\EnvironmentTests\TestsWithCorporateShimsBase.cs:line 227&#xD;
   at VideoOS.Platform.Proxy.ConfigApi.ConfigurationApiItemWrapper..ctor(ServerId serverId, String path) in D:\actions-runner\_work\XPCO\XPCO\MIP\PlatformPlugin\VideoOS.Platform\src\Proxy\ConfigApi\ConfigurationApiItemWrapper.cs:line 110&#xD;
   at VideoOS.Platform.ConfigurationItems.Factory.IsItemTypeSupported(ServerId serverId, String itemType) in D:\actions-runner\_work\XPCO\XPCO\MIP\PlatformPlugin\VideoOS.Platform\src\ConfigurationItems\Factory.cs:line 464&#xD;
MIP: Error: GetConfiguration (): CustomSetting not found for the given platformDefinitionId: e145597a-ecaf-40a1-99e6-14bb9d45a09e&#xD;
MIP: Error: ConfigurationApiItemWrapper (): ConfigAPI GetItem(): System.NotImplementedException, The method or operation is not implemented.&#xD;
MIP: Error: Factory.IsItemTypeSupported (): Exception source:      VideoOS.Platform.SDK.UnitTests&#xD;
Exception type:        System.NotImplementedException&#xD;
Exception message:     The method or operation is not implemented.&#xD;
Exception target site: GetItem&#xD;
   at VideoOS.Platform.SDKUnittest.EnvironmentTests.TestConfigurationClientService.GetItem(String path) in D:\actions-runner\_work\XPCO\XPCO\MIP\MIPSDK\tst\VideoOS.Platform.SDK.UnitTests\EnvironmentTests\TestsWithCorporateShimsBase.cs:line 227&#xD;
   at VideoOS.Platform.Proxy.ConfigApi.ConfigurationApiItemWrapper..ctor(ServerId serverId, String path) in D:\actions-runner\_work\XPCO\XPCO\MIP\PlatformPlugin\VideoOS.Platform\src\Proxy\ConfigApi\ConfigurationApiItemWrapper.cs:line 110&#xD;
   at VideoOS.Platform.ConfigurationItems.Factory.IsItemTypeSupported(ServerId serverId, String itemType) in D:\actions-runner\_work\XPCO\XPCO\MIP\PlatformPlugin\VideoOS.Platform\src\ConfigurationItems\Factory.cs:line 464&#xD;
&#xD;
Factory.IsItemTypeSupportedFactory.IsItemTypeSupported ()The method or operation is not implemented.   at VideoOS.Platform.SDKUnittest.EnvironmentTests.TestConfigurationClientService.GetItem(String path) in D:\actions-runner\_work\XPCO\XPCO\MIP\MIPSDK\tst\VideoOS.Platform.SDK.UnitTests\EnvironmentTests\TestsWithCorporateShimsBase.cs:line 227&#xD;
   at VideoOS.Platform.Proxy.ConfigApi.ConfigurationApiItemWrapper..ctor(ServerId serverId, String path) in D:\actions-runner\_work\XPCO\XPCO\MIP\PlatformPlugin\VideoOS.Platform\src\Proxy\ConfigApi\ConfigurationApiItemWrapper.cs:line 110&#xD;
   at VideoOS.Platform.ConfigurationItems.Factory.IsItemTypeSupported(ServerId serverId, String itemType) in D:\actions-runner\_work\XPCO\XPCO\MIP\PlatformPlugin\VideoOS.Platform\src\ConfigurationItems\Factory.cs:line 464&#xD;
MIP: Error: LoginServerOauth (): https://1.2.3.5:55/ManagementServer/ServerCommandServiceOAuth.svc The method or operation is not implemented.&#xD;
MIP: Error: ConfigurationApiItemWrapper (): ConfigAPI GetItem(): System.NotImplementedException, The method or operation is not implemented.&#xD;
MIP: Error: ConfigurationAsync::BuildTopLevelItems LoadPlugin Loop (): Exception source:      VideoOS.Platform.SDK.UnitTests&#xD;
Exception type:        System.NotImplementedException&#xD;
Exception message:     The method or operation is not implemented.&#xD;
Exception target site: GetItem&#xD;
   at VideoOS.Platform.SDKUnittest.EnvironmentTests.TestConfigurationClientService.GetItem(String path) in D:\actions-runner\_work\XPCO\XPCO\MIP\MIPSDK\tst\VideoOS.Platform.SDK.UnitTests\EnvironmentTests\TestsWithCorporateShimsBase.cs:line 227&#xD;
   at VideoOS.Platform.Proxy.ConfigApi.ConfigurationApiItemWrapper..ctor(ServerId serverId, String path) in D:\actions-runner\_work\XPCO\XPCO\MIP\PlatformPlugin\VideoOS.Platform\src\Proxy\ConfigApi\ConfigurationApiItemWrapper.cs:line 110&#xD;
   at VideoOS.Platform.Util.VideoWall.LayoutGroupItemManager.GetItem(FQID fqid) in D:\actions-runner\_work\XPCO\XPCO\MIP\PlatformPlugin\VideoOS.Platform\src\Util\VideoWall\LayoutGroupItemManager.cs:line 57&#xD;
   at VideoOS.Platform.SDK.Platform.ConfigurationAsync.GetItems(Guid kind, ItemHierarchy itemHierarchy) in D:\actions-runner\_work\XPCO\XPCO\MIP\MIPSDK\prod\VideoOS.Platform.SDK\Platform\ConfigurationAsync.cs:line 163&#xD;
&#xD;
ConfigurationAsync::BuildTopLevelItems LoadPlugin LoopConfigurationAsync::BuildTopLevelItems LoadPlugin Loop ()The method or operation is not implemented.   at VideoOS.Platform.SDKUnittest.EnvironmentTests.TestConfigurationClientService.GetItem(String path) in D:\actions-runner\_work\XPCO\XPCO\MIP\MIPSDK\tst\VideoOS.Platform.SDK.UnitTests\EnvironmentTests\TestsWithCorporateShimsBase.cs:line 227&#xD;
   at VideoOS.Platform.Proxy.ConfigApi.ConfigurationApiItemWrapper..ctor(ServerId serverId, String path) in D:\actions-runner\_work\XPCO\XPCO\MIP\PlatformPlugin\VideoOS.Platform\src\Proxy\ConfigApi\ConfigurationApiItemWrapper.cs:line 110&#xD;
   at VideoOS.Platform.Util.VideoWall.LayoutGroupItemManager.GetItem(FQID fqid) in D:\actions-runner\_work\XPCO\XPCO\MIP\PlatformPlugin\VideoOS.Platform\src\Util\VideoWall\LayoutGroupItemManager.cs:line 57&#xD;
   at VideoOS.Platform.SDK.Platform.ConfigurationAsync.GetItems(Guid kind, ItemHierarchy itemHierarchy) in D:\actions-runner\_work\XPCO\XPCO\MIP\MIPSDK\prod\VideoOS.Platform.SDK\Platform\ConfigurationAsync.cs:line 163</StdOut>
      </Output>
    </UnitTestResult>
    <UnitTestResult executionId="acb561ec-9e33-41f9-be5a-780129b45254" testId="92a0043a-eb95-e604-ef36-165e1d731356" testName="AddServer_WithCredentialCache_MasterOnlyTrue_CorrectlyPassed" computerName="DKSR-EFI-04" duration="00:00:00.0022632" startTime="2023-12-22T09:35:19.3505377+01:00" endTime="2023-12-22T09:35:19.3505377+01:00" testType="13cdc9d9-ddb5-4fa4-a97d-d965ccfc6d4b" outcome="Passed" testListId="8c84fa94-04c1-424b-9868-57a2d4851a1d" relativeResultsDirectory="acb561ec-9e33-41f9-be5a-780129b45254" />
    <UnitTestResult executionId="608f6da4-69cc-4fac-988e-a313c8a57e21" testId="3b02602f-f204-4a9f-ecbf-a1d700af8e33" testName="Disconnect_ConnectedAndInvokedTwice_DisconnectsAudioToolkitOnceAndAvoidsToolkitReentry" computerName="DKSR-EFI-04" duration="00:00:00.0025949" startTime="2023-12-22T09:36:47.5228798+01:00" endTime="2023-12-22T09:36:47.5385043+01:00" testType="13cdc9d9-ddb5-4fa4-a97d-d965ccfc6d4b" outcome="Passed" testListId="8c84fa94-04c1-424b-9868-57a2d4851a1d" relativeResultsDirectory="608f6da4-69cc-4fac-988e-a313c8a57e21" />
    <UnitTestResult executionId="7e7496d6-1d36-4250-a6d0-6b60893dca1d" testId="ec1b8724-7d12-203f-4036-aea2a965aaa8" testName="OutgoingAudioWaveFormatSamplesPerSecond_ShouldBeSet_WhenValueIsAllowed" computerName="DKSR-EFI-04" duration="00:00:00.0004247" startTime="2023-12-22T09:36:47.3510013+01:00" endTime="2023-12-22T09:36:47.3510013+01:00" testType="13cdc9d9-ddb5-4fa4-a97d-d965ccfc6d4b" outcome="Passed" testListId="8c84fa94-04c1-424b-9868-57a2d4851a1d" relativeResultsDirectory="7e7496d6-1d36-4250-a6d0-6b60893dca1d" />
    <UnitTestResult executionId="bf6e693a-b9c8-4497-95bb-81498d33f91d" testId="3fc2f323-2eb1-98df-4545-bd5563c5cdc9" testName="When_MipTokenCacheIsNotSet_BearerTokenBehaviourNotAdded" computerName="DKSR-EFI-04" duration="00:00:00.0091370" startTime="2023-12-22T09:36:14.3820781+01:00" endTime="2023-12-22T09:36:14.3977041+01:00" testType="13cdc9d9-ddb5-4fa4-a97d-d965ccfc6d4b" outcome="Passed" testListId="8c84fa94-04c1-424b-9868-57a2d4851a1d" relativeResultsDirectory="bf6e693a-b9c8-4497-95bb-81498d33f91d" />
    <UnitTestResult executionId="039cd8c0-77e5-4188-8d1a-69ce5c70f50f" testId="ffbbaaff-f4f0-e891-e766-d016df06c7aa" testName="LiveStop_ConnectedAndPlayingLive_DelegatesCallsToToolkit" computerName="DKSR-EFI-04" duration="00:00:00.0051218" startTime="2023-12-22T09:36:47.5541295+01:00" endTime="2023-12-22T09:36:47.5541295+01:00" testType="13cdc9d9-ddb5-4fa4-a97d-d965ccfc6d4b" outcome="Passed" testListId="8c84fa94-04c1-424b-9868-57a2d4851a1d" relativeResultsDirectory="039cd8c0-77e5-4188-8d1a-69ce5c70f50f" />
    <UnitTestResult executionId="cf580c46-2fcd-43a3-82e8-ba52b8f074ec" testId="385258c3-bf69-84a9-6b96-32d51034c910" testName="CheckToStringWithTandZ" computerName="DKSR-EFI-04" duration="00:00:00.0015156" startTime="2023-12-22T09:36:14.6633285+01:00" endTime="2023-12-22T09:36:14.6633285+01:00" testType="13cdc9d9-ddb5-4fa4-a97d-d965ccfc6d4b" outcome="Passed" testListId="8c84fa94-04c1-424b-9868-57a2d4851a1d" relativeResultsDirectory="cf580c46-2fcd-43a3-82e8-ba52b8f074ec" />
    <UnitTestResult executionId="3d7a5900-64e6-4f16-9b42-65c84aa45e2b" testId="08174d10-eed4-6921-ad50-4948b695fb55" testName="Givent_MessageContainingEventWithData_When_ConvertingToEvents_Then_NoElementsAreOfNewtonSoftJsonType" computerName="DKSR-EFI-04" duration="00:00:00.0314785" startTime="2023-12-22T09:36:15.8977082+01:00" endTime="2023-12-22T09:36:15.9289590+01:00" testType="13cdc9d9-ddb5-4fa4-a97d-d965ccfc6d4b" outcome="Passed" testListId="8c84fa94-04c1-424b-9868-57a2d4851a1d" relativeResultsDirectory="3d7a5900-64e6-4f16-9b42-65c84aa45e2b" />
    <UnitTestResult executionId="a22ff5d7-a188-41f6-ae0e-6dea43ae732b" testId="7fe1ef40-9ce0-1e32-d490-dcfb0a7df207" testName="XpcoMultiLoginLoadConfiguration" computerName="DKSR-EFI-04" duration="00:00:00.5832088" startTime="2023-12-22T09:36:19.8039781+01:00" endTime="2023-12-22T09:36:20.3977344+01:00" testType="13cdc9d9-ddb5-4fa4-a97d-d965ccfc6d4b" outcome="Passed" testListId="8c84fa94-04c1-424b-9868-57a2d4851a1d" relativeResultsDirectory="a22ff5d7-a188-41f6-ae0e-6dea43ae732b">
      <Output>
        <StdOut>Debug Trace:&#xD;
TopLevelControl returns null. PostMessage may have problems&#xD;
MIP: Error: LicenseManager (): Login settings not found. EnvironmentType: Standalone&#xD;
MIP: Error: License Load (): Exception source:      VideoOS.Platform&#xD;
Exception type:        VideoOS.Platform.MIPException&#xD;
Exception message:     Login settings not found.&#xD;
Exception target site: GetCompatibilityHandler&#xD;
   at VideoOS.Platform.License.LicenseManager.GetCompatibilityHandler() in D:\actions-runner\_work\XPCO\XPCO\MIP\PlatformPlugin\VideoOS.Platform\src\License\LicenseManager.Internal.cs:line 568&#xD;
   at VideoOS.Platform.License.LicenseManager.LoadLicenseInformation() in D:\actions-runner\_work\XPCO\XPCO\MIP\PlatformPlugin\VideoOS.Platform\src\License\LicenseManager.Internal.cs:line 75&#xD;
&#xD;
License LoadLicense Load ()Login settings not found.   at VideoOS.Platform.License.LicenseManager.GetCompatibilityHandler() in D:\actions-runner\_work\XPCO\XPCO\MIP\PlatformPlugin\VideoOS.Platform\src\License\LicenseManager.Internal.cs:line 568&#xD;
   at VideoOS.Platform.License.LicenseManager.LoadLicenseInformation() in D:\actions-runner\_work\XPCO\XPCO\MIP\PlatformPlugin\VideoOS.Platform\src\License\LicenseManager.Internal.cs:line 75</StdOut>
      </Output>
    </UnitTestResult>
    <UnitTestResult executionId="f2842c43-6506-4e3c-bfd2-9022180aee8a" testId="d9ca8b92-f19f-e9c9-3fff-9ecc10403148" testName="VerifyServerFoundThroughOriginalUri_throughUri" computerName="DKSR-EFI-04" duration="00:00:00.0055020" startTime="2023-12-22T09:36:12.0695630+01:00" endTime="2023-12-22T09:36:12.0695630+01:00" testType="13cdc9d9-ddb5-4fa4-a97d-d965ccfc6d4b" outcome="Passed" testListId="8c84fa94-04c1-424b-9868-57a2d4851a1d" relativeResultsDirectory="f2842c43-6506-4e3c-bfd2-9022180aee8a" />
    <UnitTestResult executionId="967dc23c-1e36-4a3c-a42d-6095a676eee8" testId="1898017e-0a0a-9fff-c891-5b794811d9ca" testName="IsServerConnected_Correct" computerName="DKSR-EFI-04" duration="00:00:00.0130773" startTime="2023-12-22T09:35:19.0067858+01:00" endTime="2023-12-22T09:35:19.0067858+01:00" testType="13cdc9d9-ddb5-4fa4-a97d-d965ccfc6d4b" outcome="Passed" testListId="8c84fa94-04c1-424b-9868-57a2d4851a1d" relativeResultsDirectory="967dc23c-1e36-4a3c-a42d-6095a676eee8" />
    <UnitTestResult executionId="a46f8b5b-a696-4c23-9e94-2376749e6f2c" testId="8cf85ff1-edc7-caee-ed6c-a1ccfa277329" testName="Given_Nothing_When_ReceivingACommandResponse_Then_ItIsDispatchedToTheCommandHandler" computerName="DKSR-EFI-04" duration="00:00:00.0294147" startTime="2023-12-22T09:36:15.7570844+01:00" endTime="2023-12-22T09:36:15.7883334+01:00" testType="13cdc9d9-ddb5-4fa4-a97d-d965ccfc6d4b" outcome="Passed" testListId="8c84fa94-04c1-424b-9868-57a2d4851a1d" relativeResultsDirectory="a46f8b5b-a696-4c23-9e94-2376749e6f2c" />
    <UnitTestResult executionId="1f93262e-e7e9-4eae-8462-7ec9888c8c0b" testId="1c378be1-6602-2c62-b3de-426ce05f22b8" testName="RemoveServer_WithIdWhenLoginSettingsNotNull_Correct" computerName="DKSR-EFI-04" duration="00:00:00.0076671" startTime="2023-12-22T09:35:19.4599431+01:00" endTime="2023-12-22T09:35:19.4599431+01:00" testType="13cdc9d9-ddb5-4fa4-a97d-d965ccfc6d4b" outcome="Passed" testListId="8c84fa94-04c1-424b-9868-57a2d4851a1d" relativeResultsDirectory="1f93262e-e7e9-4eae-8462-7ec9888c8c0b" />
    <UnitTestResult executionId="9d53cbfa-ca71-4ef9-9c8b-e0f6e95f1009" testId="83cbf933-84bf-7103-92a3-8f3ecb1d233c" testName="PlaybackStart_Connected_DelegatesCallsToToolkit" computerName="DKSR-EFI-04" duration="00:00:00.0055940" startTime="2023-12-22T09:36:47.5697542+01:00" endTime="2023-12-22T09:36:47.5697542+01:00" testType="13cdc9d9-ddb5-4fa4-a97d-d965ccfc6d4b" outcome="Passed" testListId="8c84fa94-04c1-424b-9868-57a2d4851a1d" relativeResultsDirectory="9d53cbfa-ca71-4ef9-9c8b-e0f6e95f1009" />
    <UnitTestResult executionId="d9af4876-f695-4284-9671-80eac30fef29" testId="517e0e3b-7634-80b0-69a7-bd9c7f21e593" testName="RemoveAllServers_Success" computerName="DKSR-EFI-04" duration="00:00:00.0062928" startTime="2023-12-22T09:35:19.2255359+01:00" endTime="2023-12-22T09:35:19.2411615+01:00" testType="13cdc9d9-ddb5-4fa4-a97d-d965ccfc6d4b" outcome="Passed" testListId="8c84fa94-04c1-424b-9868-57a2d4851a1d" relativeResultsDirectory="d9af4876-f695-4284-9671-80eac30fef29" />
    <UnitTestResult executionId="cc4fdf10-f998-462c-a956-0d388d6ac13a" testId="23cb9265-dcc3-9671-caf3-1996fff5aba1" testName="LoginWithRegistration_Success" computerName="DKSR-EFI-04" duration="00:00:00.0245789" startTime="2023-12-22T09:35:19.1161625+01:00" endTime="2023-12-22T09:35:19.1318475+01:00" testType="13cdc9d9-ddb5-4fa4-a97d-d965ccfc6d4b" outcome="Passed" testListId="8c84fa94-04c1-424b-9868-57a2d4851a1d" relativeResultsDirectory="cc4fdf10-f998-462c-a956-0d388d6ac13a" />
    <UnitTestResult executionId="1452e4fe-e42a-4898-a536-796a1caae698" testId="6afb3563-c986-73d9-429e-d345f8912c2c" testName="XpcoGroupCheck" computerName="DKSR-EFI-04" duration="00:00:01.8656382" startTime="2023-12-22T09:36:45.3978721+01:00" endTime="2023-12-22T09:36:47.2572517+01:00" testType="13cdc9d9-ddb5-4fa4-a97d-d965ccfc6d4b" outcome="Passed" testListId="8c84fa94-04c1-424b-9868-57a2d4851a1d" relativeResultsDirectory="1452e4fe-e42a-4898-a536-796a1caae698">
      <Output>
        <StdOut>Debug Trace:&#xD;
TopLevelControl returns null. PostMessage may have problems&#xD;
MIP: Error: ConfigurationApiItemWrapper (): ConfigAPI GetItem(): System.NotImplementedException, The method or operation is not implemented.&#xD;
MIP: Error: Factory.IsItemTypeSupported (): Exception source:      VideoOS.Platform.SDK.UnitTests&#xD;
Exception type:        System.NotImplementedException&#xD;
Exception message:     The method or operation is not implemented.&#xD;
Exception target site: GetItem&#xD;
   at VideoOS.Platform.SDKUnittest.EnvironmentTests.TestConfigurationClientService.GetItem(String path) in D:\actions-runner\_work\XPCO\XPCO\MIP\MIPSDK\tst\VideoOS.Platform.SDK.UnitTests\EnvironmentTests\TestsWithCorporateShimsBase.cs:line 227&#xD;
   at VideoOS.Platform.Proxy.ConfigApi.ConfigurationApiItemWrapper..ctor(ServerId serverId, String path) in D:\actions-runner\_work\XPCO\XPCO\MIP\PlatformPlugin\VideoOS.Platform\src\Proxy\ConfigApi\ConfigurationApiItemWrapper.cs:line 110&#xD;
   at VideoOS.Platform.ConfigurationItems.Factory.IsItemTypeSupported(ServerId serverId, String itemType) in D:\actions-runner\_work\XPCO\XPCO\MIP\PlatformPlugin\VideoOS.Platform\src\ConfigurationItems\Factory.cs:line 464&#xD;
&#xD;
Factory.IsItemTypeSupportedFactory.IsItemTypeSupported ()The method or operation is not implemented.   at VideoOS.Platform.SDKUnittest.EnvironmentTests.TestConfigurationClientService.GetItem(String path) in D:\actions-runner\_work\XPCO\XPCO\MIP\MIPSDK\tst\VideoOS.Platform.SDK.UnitTests\EnvironmentTests\TestsWithCorporateShimsBase.cs:line 227&#xD;
   at VideoOS.Platform.Proxy.ConfigApi.ConfigurationApiItemWrapper..ctor(ServerId serverId, String path) in D:\actions-runner\_work\XPCO\XPCO\MIP\PlatformPlugin\VideoOS.Platform\src\Proxy\ConfigApi\ConfigurationApiItemWrapper.cs:line 110&#xD;
   at VideoOS.Platform.ConfigurationItems.Factory.IsItemTypeSupported(ServerId serverId, String itemType) in D:\actions-runner\_work\XPCO\XPCO\MIP\PlatformPlugin\VideoOS.Platform\src\ConfigurationItems\Factory.cs:line 464&#xD;
MIP: Error: GetConfiguration (): CustomSetting not found for the given platformDefinitionId: e145597a-ecaf-40a1-99e6-14bb9d45a09e&#xD;
MIP: Error: ConfigurationApiItemWrapper (): ConfigAPI GetItem(): System.NotImplementedException, The method or operation is not implemented.&#xD;
MIP: Error: Factory.IsItemTypeSupported (): Exception source:      VideoOS.Platform.SDK.UnitTests&#xD;
Exception type:        System.NotImplementedException&#xD;
Exception message:     The method or operation is not implemented.&#xD;
Exception target site: GetItem&#xD;
   at VideoOS.Platform.SDKUnittest.EnvironmentTests.TestConfigurationClientService.GetItem(String path) in D:\actions-runner\_work\XPCO\XPCO\MIP\MIPSDK\tst\VideoOS.Platform.SDK.UnitTests\EnvironmentTests\TestsWithCorporateShimsBase.cs:line 227&#xD;
   at VideoOS.Platform.Proxy.ConfigApi.ConfigurationApiItemWrapper..ctor(ServerId serverId, String path) in D:\actions-runner\_work\XPCO\XPCO\MIP\PlatformPlugin\VideoOS.Platform\src\Proxy\ConfigApi\ConfigurationApiItemWrapper.cs:line 110&#xD;
   at VideoOS.Platform.ConfigurationItems.Factory.IsItemTypeSupported(ServerId serverId, String itemType) in D:\actions-runner\_work\XPCO\XPCO\MIP\PlatformPlugin\VideoOS.Platform\src\ConfigurationItems\Factory.cs:line 464&#xD;
&#xD;
Factory.IsItemTypeSupportedFactory.IsItemTypeSupported ()The method or operation is not implemented.   at VideoOS.Platform.SDKUnittest.EnvironmentTests.TestConfigurationClientService.GetItem(String path) in D:\actions-runner\_work\XPCO\XPCO\MIP\MIPSDK\tst\VideoOS.Platform.SDK.UnitTests\EnvironmentTests\TestsWithCorporateShimsBase.cs:line 227&#xD;
   at VideoOS.Platform.Proxy.ConfigApi.ConfigurationApiItemWrapper..ctor(ServerId serverId, String path) in D:\actions-runner\_work\XPCO\XPCO\MIP\PlatformPlugin\VideoOS.Platform\src\Proxy\ConfigApi\ConfigurationApiItemWrapper.cs:line 110&#xD;
   at VideoOS.Platform.ConfigurationItems.Factory.IsItemTypeSupported(ServerId serverId, String itemType) in D:\actions-runner\_work\XPCO\XPCO\MIP\PlatformPlugin\VideoOS.Platform\src\ConfigurationItems\Factory.cs:line 464&#xD;
MIP: Error: LoginServerOauth (): https://1.2.3.5:55/ManagementServer/ServerCommandServiceOAuth.svc The method or operation is not implemented.&#xD;
MIP: Error: ConfigurationApiItemWrapper (): ConfigAPI GetItem(): System.NotImplementedException, The method or operation is not implemented.&#xD;
MIP: Error: Factory.IsItemTypeSupported (): Exception source:      VideoOS.Platform.SDK.UnitTests&#xD;
Exception type:        System.NotImplementedException&#xD;
Exception message:     The method or operation is not implemented.&#xD;
Exception target site: GetItem&#xD;
   at VideoOS.Platform.SDKUnittest.EnvironmentTests.TestConfigurationClientService.GetItem(String path) in D:\actions-runner\_work\XPCO\XPCO\MIP\MIPSDK\tst\VideoOS.Platform.SDK.UnitTests\EnvironmentTests\TestsWithCorporateShimsBase.cs:line 227&#xD;
   at VideoOS.Platform.Proxy.ConfigApi.ConfigurationApiItemWrapper..ctor(ServerId serverId, String path) in D:\actions-runner\_work\XPCO\XPCO\MIP\PlatformPlugin\VideoOS.Platform\src\Proxy\ConfigApi\ConfigurationApiItemWrapper.cs:line 110&#xD;
   at VideoOS.Platform.ConfigurationItems.Factory.IsItemTypeSupported(ServerId serverId, String itemType) in D:\actions-runner\_work\XPCO\XPCO\MIP\PlatformPlugin\VideoOS.Platform\src\ConfigurationItems\Factory.cs:line 464&#xD;
&#xD;
Factory.IsItemTypeSupportedFactory.IsItemTypeSupported ()The method or operation is not implemented.   at VideoOS.Platform.SDKUnittest.EnvironmentTests.TestConfigurationClientService.GetItem(String path) in D:\actions-runner\_work\XPCO\XPCO\MIP\MIPSDK\tst\VideoOS.Platform.SDK.UnitTests\EnvironmentTests\TestsWithCorporateShimsBase.cs:line 227&#xD;
   at VideoOS.Platform.Proxy.ConfigApi.ConfigurationApiItemWrapper..ctor(ServerId serverId, String path) in D:\actions-runner\_work\XPCO\XPCO\MIP\PlatformPlugin\VideoOS.Platform\src\Proxy\ConfigApi\ConfigurationApiItemWrapper.cs:line 110&#xD;
   at VideoOS.Platform.ConfigurationItems.Factory.IsItemTypeSupported(ServerId serverId, String itemType) in D:\actions-runner\_work\XPCO\XPCO\MIP\PlatformPlugin\VideoOS.Platform\src\ConfigurationItems\Factory.cs:line 464&#xD;
MIP: Error: GetConfiguration (): CustomSetting not found for the given platformDefinitionId: e145597a-ecaf-40a1-99e6-14bb9d45a09e&#xD;
MIP: Error: ConfigurationApiItemWrapper (): ConfigAPI GetItem(): System.NotImplementedException, The method or operation is not implemented.&#xD;
MIP: Error: Factory.IsItemTypeSupported (): Exception source:      VideoOS.Platform.SDK.UnitTests&#xD;
Exception type:        System.NotImplementedException&#xD;
Exception message:     The method or operation is not implemented.&#xD;
Exception target site: GetItem&#xD;
   at VideoOS.Platform.SDKUnittest.EnvironmentTests.TestConfigurationClientService.GetItem(String path) in D:\actions-runner\_work\XPCO\XPCO\MIP\MIPSDK\tst\VideoOS.Platform.SDK.UnitTests\EnvironmentTests\TestsWithCorporateShimsBase.cs:line 227&#xD;
   at VideoOS.Platform.Proxy.ConfigApi.ConfigurationApiItemWrapper..ctor(ServerId serverId, String path) in D:\actions-runner\_work\XPCO\XPCO\MIP\PlatformPlugin\VideoOS.Platform\src\Proxy\ConfigApi\ConfigurationApiItemWrapper.cs:line 110&#xD;
   at VideoOS.Platform.ConfigurationItems.Factory.IsItemTypeSupported(ServerId serverId, String itemType) in D:\actions-runner\_work\XPCO\XPCO\MIP\PlatformPlugin\VideoOS.Platform\src\ConfigurationItems\Factory.cs:line 464&#xD;
&#xD;
Factory.IsItemTypeSupportedFactory.IsItemTypeSupported ()The method or operation is not implemented.   at VideoOS.Platform.SDKUnittest.EnvironmentTests.TestConfigurationClientService.GetItem(String path) in D:\actions-runner\_work\XPCO\XPCO\MIP\MIPSDK\tst\VideoOS.Platform.SDK.UnitTests\EnvironmentTests\TestsWithCorporateShimsBase.cs:line 227&#xD;
   at VideoOS.Platform.Proxy.ConfigApi.ConfigurationApiItemWrapper..ctor(ServerId serverId, String path) in D:\actions-runner\_work\XPCO\XPCO\MIP\PlatformPlugin\VideoOS.Platform\src\Proxy\ConfigApi\ConfigurationApiItemWrapper.cs:line 110&#xD;
   at VideoOS.Platform.ConfigurationItems.Factory.IsItemTypeSupported(ServerId serverId, String itemType) in D:\actions-runner\_work\XPCO\XPCO\MIP\PlatformPlugin\VideoOS.Platform\src\ConfigurationItems\Factory.cs:line 464&#xD;
MIP: Error: LoginServerOauth (): https://1.2.3.5:55/ManagementServer/ServerCommandServiceOAuth.svc The method or operation is not implemented.&#xD;
MIP: Error: ConfigurationApiItemWrapper (): ConfigAPI GetItem(): System.NotImplementedException, The method or operation is not implemented.&#xD;
MIP: Error: Factory.IsItemTypeSupported (): Exception source:      VideoOS.Platform.SDK.UnitTests&#xD;
Exception type:        System.NotImplementedException&#xD;
Exception message:     The method or operation is not implemented.&#xD;
Exception target site: GetItem&#xD;
   at VideoOS.Platform.SDKUnittest.EnvironmentTests.TestConfigurationClientService.GetItem(String path) in D:\actions-runner\_work\XPCO\XPCO\MIP\MIPSDK\tst\VideoOS.Platform.SDK.UnitTests\EnvironmentTests\TestsWithCorporateShimsBase.cs:line 227&#xD;
   at VideoOS.Platform.Proxy.ConfigApi.ConfigurationApiItemWrapper..ctor(ServerId serverId, String path) in D:\actions-runner\_work\XPCO\XPCO\MIP\PlatformPlugin\VideoOS.Platform\src\Proxy\ConfigApi\ConfigurationApiItemWrapper.cs:line 110&#xD;
   at VideoOS.Platform.ConfigurationItems.Factory.IsItemTypeSupported(ServerId serverId, String itemType) in D:\actions-runner\_work\XPCO\XPCO\MIP\PlatformPlugin\VideoOS.Platform\src\ConfigurationItems\Factory.cs:line 464&#xD;
&#xD;
Factory.IsItemTypeSupportedFactory.IsItemTypeSupported ()The method or operation is not implemented.   at VideoOS.Platform.SDKUnittest.EnvironmentTests.TestConfigurationClientService.GetItem(String path) in D:\actions-runner\_work\XPCO\XPCO\MIP\MIPSDK\tst\VideoOS.Platform.SDK.UnitTests\EnvironmentTests\TestsWithCorporateShimsBase.cs:line 227&#xD;
   at VideoOS.Platform.Proxy.ConfigApi.ConfigurationApiItemWrapper..ctor(ServerId serverId, String path) in D:\actions-runner\_work\XPCO\XPCO\MIP\PlatformPlugin\VideoOS.Platform\src\Proxy\ConfigApi\ConfigurationApiItemWrapper.cs:line 110&#xD;
   at VideoOS.Platform.ConfigurationItems.Factory.IsItemTypeSupported(ServerId serverId, String itemType) in D:\actions-runner\_work\XPCO\XPCO\MIP\PlatformPlugin\VideoOS.Platform\src\ConfigurationItems\Factory.cs:line 464&#xD;
MIP: Error: ConfigurationApiItemWrapper (): ConfigAPI GetItem(): System.NotImplementedException, The method or operation is not implemented.&#xD;
MIP: Error: Factory.IsItemTypeSupported (): Exception source:      VideoOS.Platform.SDK.UnitTests&#xD;
Exception type:        System.NotImplementedException&#xD;
Exception message:     The method or operation is not implemented.&#xD;
Exception target site: GetItem&#xD;
   at VideoOS.Platform.SDKUnittest.EnvironmentTests.TestConfigurationClientService.GetItem(String path) in D:\actions-runner\_work\XPCO\XPCO\MIP\MIPSDK\tst\VideoOS.Platform.SDK.UnitTests\EnvironmentTests\TestsWithCorporateShimsBase.cs:line 227&#xD;
   at VideoOS.Platform.Proxy.ConfigApi.ConfigurationApiItemWrapper..ctor(ServerId serverId, String path) in D:\actions-runner\_work\XPCO\XPCO\MIP\PlatformPlugin\VideoOS.Platform\src\Proxy\ConfigApi\ConfigurationApiItemWrapper.cs:line 110&#xD;
   at VideoOS.Platform.ConfigurationItems.Factory.IsItemTypeSupported(ServerId serverId, String itemType) in D:\actions-runner\_work\XPCO\XPCO\MIP\PlatformPlugin\VideoOS.Platform\src\ConfigurationItems\Factory.cs:line 464&#xD;
&#xD;
Factory.IsItemTypeSupportedFactory.IsItemTypeSupported ()The method or operation is not implemented.   at VideoOS.Platform.SDKUnittest.EnvironmentTests.TestConfigurationClientService.GetItem(String path) in D:\actions-runner\_work\XPCO\XPCO\MIP\MIPSDK\tst\VideoOS.Platform.SDK.UnitTests\EnvironmentTests\TestsWithCorporateShimsBase.cs:line 227&#xD;
   at VideoOS.Platform.Proxy.ConfigApi.ConfigurationApiItemWrapper..ctor(ServerId serverId, String path) in D:\actions-runner\_work\XPCO\XPCO\MIP\PlatformPlugin\VideoOS.Platform\src\Proxy\ConfigApi\ConfigurationApiItemWrapper.cs:line 110&#xD;
   at VideoOS.Platform.ConfigurationItems.Factory.IsItemTypeSupported(ServerId serverId, String itemType) in D:\actions-runner\_work\XPCO\XPCO\MIP\PlatformPlugin\VideoOS.Platform\src\ConfigurationItems\Factory.cs:line 464&#xD;
MIP: Error: LoginServerOauth (): https://1.2.3.5:55/ManagementServer/ServerCommandServiceOAuth.svc The method or operation is not implemented.&#xD;
MIP: Error: ConfigurationApiItemWrapper (): ConfigAPI GetItem(): System.NotImplementedException, The method or operation is not implemented.&#xD;
MIP: Error: Factory.IsItemTypeSupported (): Exception source:      VideoOS.Platform.SDK.UnitTests&#xD;
Exception type:        System.NotImplementedException&#xD;
Exception message:     The method or operation is not implemented.&#xD;
Exception target site: GetItem&#xD;
   at VideoOS.Platform.SDKUnittest.EnvironmentTests.TestConfigurationClientService.GetItem(String path) in D:\actions-runner\_work\XPCO\XPCO\MIP\MIPSDK\tst\VideoOS.Platform.SDK.UnitTests\EnvironmentTests\TestsWithCorporateShimsBase.cs:line 227&#xD;
   at VideoOS.Platform.Proxy.ConfigApi.ConfigurationApiItemWrapper..ctor(ServerId serverId, String path) in D:\actions-runner\_work\XPCO\XPCO\MIP\PlatformPlugin\VideoOS.Platform\src\Proxy\ConfigApi\ConfigurationApiItemWrapper.cs:line 110&#xD;
   at VideoOS.Platform.ConfigurationItems.Factory.IsItemTypeSupported(ServerId serverId, String itemType) in D:\actions-runner\_work\XPCO\XPCO\MIP\PlatformPlugin\VideoOS.Platform\src\ConfigurationItems\Factory.cs:line 464&#xD;
&#xD;
Factory.IsItemTypeSupportedFactory.IsItemTypeSupported ()The method or operation is not implemented.   at VideoOS.Platform.SDKUnittest.EnvironmentTests.TestConfigurationClientService.GetItem(String path) in D:\actions-runner\_work\XPCO\XPCO\MIP\MIPSDK\tst\VideoOS.Platform.SDK.UnitTests\EnvironmentTests\TestsWithCorporateShimsBase.cs:line 227&#xD;
   at VideoOS.Platform.Proxy.ConfigApi.ConfigurationApiItemWrapper..ctor(ServerId serverId, String path) in D:\actions-runner\_work\XPCO\XPCO\MIP\PlatformPlugin\VideoOS.Platform\src\Proxy\ConfigApi\ConfigurationApiItemWrapper.cs:line 110&#xD;
   at VideoOS.Platform.ConfigurationItems.Factory.IsItemTypeSupported(ServerId serverId, String itemType) in D:\actions-runner\_work\XPCO\XPCO\MIP\PlatformPlugin\VideoOS.Platform\src\ConfigurationItems\Factory.cs:line 464&#xD;
MIP: Error: GetConfiguration (): CustomSetting not found for the given platformDefinitionId: e145597a-ecaf-40a1-99e6-14bb9d45a09e&#xD;
MIP: Error: ConfigurationApiItemWrapper (): ConfigAPI GetItem(): System.NotImplementedException, The method or operation is not implemented.&#xD;
MIP: Error: Factory.IsItemTypeSupported (): Exception source:      VideoOS.Platform.SDK.UnitTests&#xD;
Exception type:        System.NotImplementedException&#xD;
Exception message:     The method or operation is not implemented.&#xD;
Exception target site: GetItem&#xD;
   at VideoOS.Platform.SDKUnittest.EnvironmentTests.TestConfigurationClientService.GetItem(String path) in D:\actions-runner\_work\XPCO\XPCO\MIP\MIPSDK\tst\VideoOS.Platform.SDK.UnitTests\EnvironmentTests\TestsWithCorporateShimsBase.cs:line 227&#xD;
   at VideoOS.Platform.Proxy.ConfigApi.ConfigurationApiItemWrapper..ctor(ServerId serverId, String path) in D:\actions-runner\_work\XPCO\XPCO\MIP\PlatformPlugin\VideoOS.Platform\src\Proxy\ConfigApi\ConfigurationApiItemWrapper.cs:line 110&#xD;
   at VideoOS.Platform.ConfigurationItems.Factory.IsItemTypeSupported(ServerId serverId, String itemType) in D:\actions-runner\_work\XPCO\XPCO\MIP\PlatformPlugin\VideoOS.Platform\src\ConfigurationItems\Factory.cs:line 464&#xD;
&#xD;
Factory.IsItemTypeSupportedFactory.IsItemTypeSupported ()The method or operation is not implemented.   at VideoOS.Platform.SDKUnittest.EnvironmentTests.TestConfigurationClientService.GetItem(String path) in D:\actions-runner\_work\XPCO\XPCO\MIP\MIPSDK\tst\VideoOS.Platform.SDK.UnitTests\EnvironmentTests\TestsWithCorporateShimsBase.cs:line 227&#xD;
   at VideoOS.Platform.Proxy.ConfigApi.ConfigurationApiItemWrapper..ctor(ServerId serverId, String path) in D:\actions-runner\_work\XPCO\XPCO\MIP\PlatformPlugin\VideoOS.Platform\src\Proxy\ConfigApi\ConfigurationApiItemWrapper.cs:line 110&#xD;
   at VideoOS.Platform.ConfigurationItems.Factory.IsItemTypeSupported(ServerId serverId, String itemType) in D:\actions-runner\_work\XPCO\XPCO\MIP\PlatformPlugin\VideoOS.Platform\src\ConfigurationItems\Factory.cs:line 464&#xD;
MIP: Error: LoginServerOauth (): https://1.2.3.5:55/ManagementServer/ServerCommandServiceOAuth.svc The method or operation is not implemented.&#xD;
MIP: Error: ConfigurationApiItemWrapper (): ConfigAPI GetItem(): System.NotImplementedException, The method or operation is not implemented.&#xD;
MIP: Error: Factory.IsItemTypeSupported (): Exception source:      VideoOS.Platform.SDK.UnitTests&#xD;
Exception type:        System.NotImplementedException&#xD;
Exception message:     The method or operation is not implemented.&#xD;
Exception target site: GetItem&#xD;
   at VideoOS.Platform.SDKUnittest.EnvironmentTests.TestConfigurationClientService.GetItem(String path) in D:\actions-runner\_work\XPCO\XPCO\MIP\MIPSDK\tst\VideoOS.Platform.SDK.UnitTests\EnvironmentTests\TestsWithCorporateShimsBase.cs:line 227&#xD;
   at VideoOS.Platform.Proxy.ConfigApi.ConfigurationApiItemWrapper..ctor(ServerId serverId, String path) in D:\actions-runner\_work\XPCO\XPCO\MIP\PlatformPlugin\VideoOS.Platform\src\Proxy\ConfigApi\ConfigurationApiItemWrapper.cs:line 110&#xD;
   at VideoOS.Platform.ConfigurationItems.Factory.IsItemTypeSupported(ServerId serverId, String itemType) in D:\actions-runner\_work\XPCO\XPCO\MIP\PlatformPlugin\VideoOS.Platform\src\ConfigurationItems\Factory.cs:line 464&#xD;
&#xD;
Factory.IsItemTypeSupportedFactory.IsItemTypeSupported ()The method or operation is not implemented.   at VideoOS.Platform.SDKUnittest.EnvironmentTests.TestConfigurationClientService.GetItem(String path) in D:\actions-runner\_work\XPCO\XPCO\MIP\MIPSDK\tst\VideoOS.Platform.SDK.UnitTests\EnvironmentTests\TestsWithCorporateShimsBase.cs:line 227&#xD;
   at VideoOS.Platform.Proxy.ConfigApi.ConfigurationApiItemWrapper..ctor(ServerId serverId, String path) in D:\actions-runner\_work\XPCO\XPCO\MIP\PlatformPlugin\VideoOS.Platform\src\Proxy\ConfigApi\ConfigurationApiItemWrapper.cs:line 110&#xD;
   at VideoOS.Platform.ConfigurationItems.Factory.IsItemTypeSupported(ServerId serverId, String itemType) in D:\actions-runner\_work\XPCO\XPCO\MIP\PlatformPlugin\VideoOS.Platform\src\ConfigurationItems\Factory.cs:line 464&#xD;
MIP: Error: ConfigurationApiItemWrapper (): ConfigAPI GetItem(): System.NotImplementedException, The method or operation is not implemented.&#xD;
MIP: Error: Factory.IsItemTypeSupported (): Exception source:      VideoOS.Platform.SDK.UnitTests&#xD;
Exception type:        System.NotImplementedException&#xD;
Exception message:     The method or operation is not implemented.&#xD;
Exception target site: GetItem&#xD;
   at VideoOS.Platform.SDKUnittest.EnvironmentTests.TestConfigurationClientService.GetItem(String path) in D:\actions-runner\_work\XPCO\XPCO\MIP\MIPSDK\tst\VideoOS.Platform.SDK.UnitTests\EnvironmentTests\TestsWithCorporateShimsBase.cs:line 227&#xD;
   at VideoOS.Platform.Proxy.ConfigApi.ConfigurationApiItemWrapper..ctor(ServerId serverId, String path) in D:\actions-runner\_work\XPCO\XPCO\MIP\PlatformPlugin\VideoOS.Platform\src\Proxy\ConfigApi\ConfigurationApiItemWrapper.cs:line 110&#xD;
   at VideoOS.Platform.ConfigurationItems.Factory.IsItemTypeSupported(ServerId serverId, String itemType) in D:\actions-runner\_work\XPCO\XPCO\MIP\PlatformPlugin\VideoOS.Platform\src\ConfigurationItems\Factory.cs:line 464&#xD;
&#xD;
Factory.IsItemTypeSupportedFactory.IsItemTypeSupported ()The method or operation is not implemented.   at VideoOS.Platform.SDKUnittest.EnvironmentTests.TestConfigurationClientService.GetItem(String path) in D:\actions-runner\_work\XPCO\XPCO\MIP\MIPSDK\tst\VideoOS.Platform.SDK.UnitTests\EnvironmentTests\TestsWithCorporateShimsBase.cs:line 227&#xD;
   at VideoOS.Platform.Proxy.ConfigApi.ConfigurationApiItemWrapper..ctor(ServerId serverId, String path) in D:\actions-runner\_work\XPCO\XPCO\MIP\PlatformPlugin\VideoOS.Platform\src\Proxy\ConfigApi\ConfigurationApiItemWrapper.cs:line 110&#xD;
   at VideoOS.Platform.ConfigurationItems.Factory.IsItemTypeSupported(ServerId serverId, String itemType) in D:\actions-runner\_work\XPCO\XPCO\MIP\PlatformPlugin\VideoOS.Platform\src\ConfigurationItems\Factory.cs:line 464&#xD;
MIP: Error: LoginServerOauth (): https://1.2.3.5:55/ManagementServer/ServerCommandServiceOAuth.svc The method or operation is not implemented.&#xD;
MIP: Error: ConfigurationApiItemWrapper (): ConfigAPI GetItem(): System.NotImplementedException, The method or operation is not implemented.&#xD;
MIP: Error: Factory.IsItemTypeSupported (): Exception source:      VideoOS.Platform.SDK.UnitTests&#xD;
Exception type:        System.NotImplementedException&#xD;
Exception message:     The method or operation is not implemented.&#xD;
Exception target site: GetItem&#xD;
   at VideoOS.Platform.SDKUnittest.EnvironmentTests.TestConfigurationClientService.GetItem(String path) in D:\actions-runner\_work\XPCO\XPCO\MIP\MIPSDK\tst\VideoOS.Platform.SDK.UnitTests\EnvironmentTests\TestsWithCorporateShimsBase.cs:line 227&#xD;
   at VideoOS.Platform.Proxy.ConfigApi.ConfigurationApiItemWrapper..ctor(ServerId serverId, String path) in D:\actions-runner\_work\XPCO\XPCO\MIP\PlatformPlugin\VideoOS.Platform\src\Proxy\ConfigApi\ConfigurationApiItemWrapper.cs:line 110&#xD;
   at VideoOS.Platform.ConfigurationItems.Factory.IsItemTypeSupported(ServerId serverId, String itemType) in D:\actions-runner\_work\XPCO\XPCO\MIP\PlatformPlugin\VideoOS.Platform\src\ConfigurationItems\Factory.cs:line 464&#xD;
&#xD;
Factory.IsItemTypeSupportedFactory.IsItemTypeSupported ()The method or operation is not implemented.   at VideoOS.Platform.SDKUnittest.EnvironmentTests.TestConfigurationClientService.GetItem(String path) in D:\actions-runner\_work\XPCO\XPCO\MIP\MIPSDK\tst\VideoOS.Platform.SDK.UnitTests\EnvironmentTests\TestsWithCorporateShimsBase.cs:line 227&#xD;
   at VideoOS.Platform.Proxy.ConfigApi.ConfigurationApiItemWrapper..ctor(ServerId serverId, String path) in D:\actions-runner\_work\XPCO\XPCO\MIP\PlatformPlugin\VideoOS.Platform\src\Proxy\ConfigApi\ConfigurationApiItemWrapper.cs:line 110&#xD;
   at VideoOS.Platform.ConfigurationItems.Factory.IsItemTypeSupported(ServerId serverId, String itemType) in D:\actions-runner\_work\XPCO\XPCO\MIP\PlatformPlugin\VideoOS.Platform\src\ConfigurationItems\Factory.cs:line 464&#xD;
MIP: Error: GetConfiguration (): CustomSetting not found for the given platformDefinitionId: e145597a-ecaf-40a1-99e6-14bb9d45a09e&#xD;
MIP: Error: ConfigurationApiItemWrapper (): ConfigAPI GetItem(): System.NotImplementedException, The method or operation is not implemented.&#xD;
MIP: Error: Factory.IsItemTypeSupported (): Exception source:      VideoOS.Platform.SDK.UnitTests&#xD;
Exception type:        System.NotImplementedException&#xD;
Exception message:     The method or operation is not implemented.&#xD;
Exception target site: GetItem&#xD;
   at VideoOS.Platform.SDKUnittest.EnvironmentTests.TestConfigurationClientService.GetItem(String path) in D:\actions-runner\_work\XPCO\XPCO\MIP\MIPSDK\tst\VideoOS.Platform.SDK.UnitTests\EnvironmentTests\TestsWithCorporateShimsBase.cs:line 227&#xD;
   at VideoOS.Platform.Proxy.ConfigApi.ConfigurationApiItemWrapper..ctor(ServerId serverId, String path) in D:\actions-runner\_work\XPCO\XPCO\MIP\PlatformPlugin\VideoOS.Platform\src\Proxy\ConfigApi\ConfigurationApiItemWrapper.cs:line 110&#xD;
   at VideoOS.Platform.ConfigurationItems.Factory.IsItemTypeSupported(ServerId serverId, String itemType) in D:\actions-runner\_work\XPCO\XPCO\MIP\PlatformPlugin\VideoOS.Platform\src\ConfigurationItems\Factory.cs:line 464&#xD;
&#xD;
Factory.IsItemTypeSupportedFactory.IsItemTypeSupported ()The method or operation is not implemented.   at VideoOS.Platform.SDKUnittest.EnvironmentTests.TestConfigurationClientService.GetItem(String path) in D:\actions-runner\_work\XPCO\XPCO\MIP\MIPSDK\tst\VideoOS.Platform.SDK.UnitTests\EnvironmentTests\TestsWithCorporateShimsBase.cs:line 227&#xD;
   at VideoOS.Platform.Proxy.ConfigApi.ConfigurationApiItemWrapper..ctor(ServerId serverId, String path) in D:\actions-runner\_work\XPCO\XPCO\MIP\PlatformPlugin\VideoOS.Platform\src\Proxy\ConfigApi\ConfigurationApiItemWrapper.cs:line 110&#xD;
   at VideoOS.Platform.ConfigurationItems.Factory.IsItemTypeSupported(ServerId serverId, String itemType) in D:\actions-runner\_work\XPCO\XPCO\MIP\PlatformPlugin\VideoOS.Platform\src\ConfigurationItems\Factory.cs:line 464&#xD;
MIP: Error: LoginServerOauth (): https://1.2.3.5:55/ManagementServer/ServerCommandServiceOAuth.svc The method or operation is not implemented.&#xD;
MIP: Error: ConfigurationApiItemWrapper (): ConfigAPI GetItem(): System.NotImplementedException, The method or operation is not implemented.&#xD;
MIP: Error: Factory.IsItemTypeSupported (): Exception source:      VideoOS.Platform.SDK.UnitTests&#xD;
Exception type:        System.NotImplementedException&#xD;
Exception message:     The method or operation is not implemented.&#xD;
Exception target site: GetItem&#xD;
   at VideoOS.Platform.SDKUnittest.EnvironmentTests.TestConfigurationClientService.GetItem(String path) in D:\actions-runner\_work\XPCO\XPCO\MIP\MIPSDK\tst\VideoOS.Platform.SDK.UnitTests\EnvironmentTests\TestsWithCorporateShimsBase.cs:line 227&#xD;
   at VideoOS.Platform.Proxy.ConfigApi.ConfigurationApiItemWrapper..ctor(ServerId serverId, String path) in D:\actions-runner\_work\XPCO\XPCO\MIP\PlatformPlugin\VideoOS.Platform\src\Proxy\ConfigApi\ConfigurationApiItemWrapper.cs:line 110&#xD;
   at VideoOS.Platform.ConfigurationItems.Factory.IsItemTypeSupported(ServerId serverId, String itemType) in D:\actions-runner\_work\XPCO\XPCO\MIP\PlatformPlugin\VideoOS.Platform\src\ConfigurationItems\Factory.cs:line 464&#xD;
&#xD;
Factory.IsItemTypeSupportedFactory.IsItemTypeSupported ()The method or operation is not implemented.   at VideoOS.Platform.SDKUnittest.EnvironmentTests.TestConfigurationClientService.GetItem(String path) in D:\actions-runner\_work\XPCO\XPCO\MIP\MIPSDK\tst\VideoOS.Platform.SDK.UnitTests\EnvironmentTests\TestsWithCorporateShimsBase.cs:line 227&#xD;
   at VideoOS.Platform.Proxy.ConfigApi.ConfigurationApiItemWrapper..ctor(ServerId serverId, String path) in D:\actions-runner\_work\XPCO\XPCO\MIP\PlatformPlugin\VideoOS.Platform\src\Proxy\ConfigApi\ConfigurationApiItemWrapper.cs:line 110&#xD;
   at VideoOS.Platform.ConfigurationItems.Factory.IsItemTypeSupported(ServerId serverId, String itemType) in D:\actions-runner\_work\XPCO\XPCO\MIP\PlatformPlugin\VideoOS.Platform\src\ConfigurationItems\Factory.cs:line 464&#xD;
MIP: Error: ConfigurationApiItemWrapper (): ConfigAPI GetItem(): System.NotImplementedException, The method or operation is not implemented.&#xD;
MIP: Error: Factory.IsItemTypeSupported (): Exception source:      VideoOS.Platform.SDK.UnitTests&#xD;
Exception type:        System.NotImplementedException&#xD;
Exception message:     The method or operation is not implemented.&#xD;
Exception target site: GetItem&#xD;
   at VideoOS.Platform.SDKUnittest.EnvironmentTests.TestConfigurationClientService.GetItem(String path) in D:\actions-runner\_work\XPCO\XPCO\MIP\MIPSDK\tst\VideoOS.Platform.SDK.UnitTests\EnvironmentTests\TestsWithCorporateShimsBase.cs:line 227&#xD;
   at VideoOS.Platform.Proxy.ConfigApi.ConfigurationApiItemWrapper..ctor(ServerId serverId, String path) in D:\actions-runner\_work\XPCO\XPCO\MIP\PlatformPlugin\VideoOS.Platform\src\Proxy\ConfigApi\ConfigurationApiItemWrapper.cs:line 110&#xD;
   at VideoOS.Platform.ConfigurationItems.Factory.IsItemTypeSupported(ServerId serverId, String itemType) in D:\actions-runner\_work\XPCO\XPCO\MIP\PlatformPlugin\VideoOS.Platform\src\ConfigurationItems\Factory.cs:line 464&#xD;
&#xD;
Factory.IsItemTypeSupportedFactory.IsItemTypeSupported ()The method or operation is not implemented.   at VideoOS.Platform.SDKUnittest.EnvironmentTests.TestConfigurationClientService.GetItem(String path) in D:\actions-runner\_work\XPCO\XPCO\MIP\MIPSDK\tst\VideoOS.Platform.SDK.UnitTests\EnvironmentTests\TestsWithCorporateShimsBase.cs:line 227&#xD;
   at VideoOS.Platform.Proxy.ConfigApi.ConfigurationApiItemWrapper..ctor(ServerId serverId, String path) in D:\actions-runner\_work\XPCO\XPCO\MIP\PlatformPlugin\VideoOS.Platform\src\Proxy\ConfigApi\ConfigurationApiItemWrapper.cs:line 110&#xD;
   at VideoOS.Platform.ConfigurationItems.Factory.IsItemTypeSupported(ServerId serverId, String itemType) in D:\actions-runner\_work\XPCO\XPCO\MIP\PlatformPlugin\VideoOS.Platform\src\ConfigurationItems\Factory.cs:line 464&#xD;
MIP: Error: LoginServerOauth (): https://1.2.3.5:55/ManagementServer/ServerCommandServiceOAuth.svc The method or operation is not implemented.&#xD;
MIP: Error: ConfigurationApiItemWrapper (): ConfigAPI GetItem(): System.NotImplementedException, The method or operation is not implemented.&#xD;
MIP: Error: Factory.IsItemTypeSupported (): Exception source:      VideoOS.Platform.SDK.UnitTests&#xD;
Exception type:        System.NotImplementedException&#xD;
Exception message:     The method or operation is not implemented.&#xD;
Exception target site: GetItem&#xD;
   at VideoOS.Platform.SDKUnittest.EnvironmentTests.TestConfigurationClientService.GetItem(String path) in D:\actions-runner\_work\XPCO\XPCO\MIP\MIPSDK\tst\VideoOS.Platform.SDK.UnitTests\EnvironmentTests\TestsWithCorporateShimsBase.cs:line 227&#xD;
   at VideoOS.Platform.Proxy.ConfigApi.ConfigurationApiItemWrapper..ctor(ServerId serverId, String path) in D:\actions-runner\_work\XPCO\XPCO\MIP\PlatformPlugin\VideoOS.Platform\src\Proxy\ConfigApi\ConfigurationApiItemWrapper.cs:line 110&#xD;
   at VideoOS.Platform.ConfigurationItems.Factory.IsItemTypeSupported(ServerId serverId, String itemType) in D:\actions-runner\_work\XPCO\XPCO\MIP\PlatformPlugin\VideoOS.Platform\src\ConfigurationItems\Factory.cs:line 464&#xD;
&#xD;
Factory.IsItemTypeSupportedFactory.IsItemTypeSupported ()The method or operation is not implemented.   at VideoOS.Platform.SDKUnittest.EnvironmentTests.TestConfigurationClientService.GetItem(String path) in D:\actions-runner\_work\XPCO\XPCO\MIP\MIPSDK\tst\VideoOS.Platform.SDK.UnitTests\EnvironmentTests\TestsWithCorporateShimsBase.cs:line 227&#xD;
   at VideoOS.Platform.Proxy.ConfigApi.ConfigurationApiItemWrapper..ctor(ServerId serverId, String path) in D:\actions-runner\_work\XPCO\XPCO\MIP\PlatformPlugin\VideoOS.Platform\src\Proxy\ConfigApi\ConfigurationApiItemWrapper.cs:line 110&#xD;
   at VideoOS.Platform.ConfigurationItems.Factory.IsItemTypeSupported(ServerId serverId, String itemType) in D:\actions-runner\_work\XPCO\XPCO\MIP\PlatformPlugin\VideoOS.Platform\src\ConfigurationItems\Factory.cs:line 464&#xD;
MIP: Error: GetConfiguration (): CustomSetting not found for the given platformDefinitionId: e145597a-ecaf-40a1-99e6-14bb9d45a09e&#xD;
MIP: Error: ConfigurationApiItemWrapper (): ConfigAPI GetItem(): System.NotImplementedException, The method or operation is not implemented.&#xD;
MIP: Error: Factory.IsItemTypeSupported (): Exception source:      VideoOS.Platform.SDK.UnitTests&#xD;
Exception type:        System.NotImplementedException&#xD;
Exception message:     The method or operation is not implemented.&#xD;
Exception target site: GetItem&#xD;
   at VideoOS.Platform.SDKUnittest.EnvironmentTests.TestConfigurationClientService.GetItem(String path) in D:\actions-runner\_work\XPCO\XPCO\MIP\MIPSDK\tst\VideoOS.Platform.SDK.UnitTests\EnvironmentTests\TestsWithCorporateShimsBase.cs:line 227&#xD;
   at VideoOS.Platform.Proxy.ConfigApi.ConfigurationApiItemWrapper..ctor(ServerId serverId, String path) in D:\actions-runner\_work\XPCO\XPCO\MIP\PlatformPlugin\VideoOS.Platform\src\Proxy\ConfigApi\ConfigurationApiItemWrapper.cs:line 110&#xD;
   at VideoOS.Platform.ConfigurationItems.Factory.IsItemTypeSupported(ServerId serverId, String itemType) in D:\actions-runner\_work\XPCO\XPCO\MIP\PlatformPlugin\VideoOS.Platform\src\ConfigurationItems\Factory.cs:line 464&#xD;
&#xD;
Factory.IsItemTypeSupportedFactory.IsItemTypeSupported ()The method or operation is not implemented.   at VideoOS.Platform.SDKUnittest.EnvironmentTests.TestConfigurationClientService.GetItem(String path) in D:\actions-runner\_work\XPCO\XPCO\MIP\MIPSDK\tst\VideoOS.Platform.SDK.UnitTests\EnvironmentTests\TestsWithCorporateShimsBase.cs:line 227&#xD;
   at VideoOS.Platform.Proxy.ConfigApi.ConfigurationApiItemWrapper..ctor(ServerId serverId, String path) in D:\actions-runner\_work\XPCO\XPCO\MIP\PlatformPlugin\VideoOS.Platform\src\Proxy\ConfigApi\ConfigurationApiItemWrapper.cs:line 110&#xD;
   at VideoOS.Platform.ConfigurationItems.Factory.IsItemTypeSupported(ServerId serverId, String itemType) in D:\actions-runner\_work\XPCO\XPCO\MIP\PlatformPlugin\VideoOS.Platform\src\ConfigurationItems\Factory.cs:line 464&#xD;
MIP: Error: LoginServerOauth (): https://1.2.3.5:55/ManagementServer/ServerCommandServiceOAuth.svc The method or operation is not implemented.&#xD;
MIP: Error: ConfigurationApiItemWrapper (): ConfigAPI GetItem(): System.NotImplementedException, The method or operation is not implemented.&#xD;
MIP: Error: Factory.IsItemTypeSupported (): Exception source:      VideoOS.Platform.SDK.UnitTests&#xD;
Exception type:        System.NotImplementedException&#xD;
Exception message:     The method or operation is not implemented.&#xD;
Exception target site: GetItem&#xD;
   at VideoOS.Platform.SDKUnittest.EnvironmentTests.TestConfigurationClientService.GetItem(String path) in D:\actions-runner\_work\XPCO\XPCO\MIP\MIPSDK\tst\VideoOS.Platform.SDK.UnitTests\EnvironmentTests\TestsWithCorporateShimsBase.cs:line 227&#xD;
   at VideoOS.Platform.Proxy.ConfigApi.ConfigurationApiItemWrapper..ctor(ServerId serverId, String path) in D:\actions-runner\_work\XPCO\XPCO\MIP\PlatformPlugin\VideoOS.Platform\src\Proxy\ConfigApi\ConfigurationApiItemWrapper.cs:line 110&#xD;
   at VideoOS.Platform.ConfigurationItems.Factory.IsItemTypeSupported(ServerId serverId, String itemType) in D:\actions-runner\_work\XPCO\XPCO\MIP\PlatformPlugin\VideoOS.Platform\src\ConfigurationItems\Factory.cs:line 464&#xD;
&#xD;
Factory.IsItemTypeSupportedFactory.IsItemTypeSupported ()The method or operation is not implemented.   at VideoOS.Platform.SDKUnittest.EnvironmentTests.TestConfigurationClientService.GetItem(String path) in D:\actions-runner\_work\XPCO\XPCO\MIP\MIPSDK\tst\VideoOS.Platform.SDK.UnitTests\EnvironmentTests\TestsWithCorporateShimsBase.cs:line 227&#xD;
   at VideoOS.Platform.Proxy.ConfigApi.ConfigurationApiItemWrapper..ctor(ServerId serverId, String path) in D:\actions-runner\_work\XPCO\XPCO\MIP\PlatformPlugin\VideoOS.Platform\src\Proxy\ConfigApi\ConfigurationApiItemWrapper.cs:line 110&#xD;
   at VideoOS.Platform.ConfigurationItems.Factory.IsItemTypeSupported(ServerId serverId, String itemType) in D:\actions-runner\_work\XPCO\XPCO\MIP\PlatformPlugin\VideoOS.Platform\src\ConfigurationItems\Factory.cs:line 464&#xD;
MIP: Error: ConfigurationApiItemWrapper (): ConfigAPI GetItem(): System.NotImplementedException, The method or operation is not implemented.&#xD;
MIP: Error: Factory.IsItemTypeSupported (): Exception source:      VideoOS.Platform.SDK.UnitTests&#xD;
Exception type:        System.NotImplementedException&#xD;
Exception message:     The method or operation is not implemented.&#xD;
Exception target site: GetItem&#xD;
   at VideoOS.Platform.SDKUnittest.EnvironmentTests.TestConfigurationClientService.GetItem(String path) in D:\actions-runner\_work\XPCO\XPCO\MIP\MIPSDK\tst\VideoOS.Platform.SDK.UnitTests\EnvironmentTests\TestsWithCorporateShimsBase.cs:line 227&#xD;
   at VideoOS.Platform.Proxy.ConfigApi.ConfigurationApiItemWrapper..ctor(ServerId serverId, String path) in D:\actions-runner\_work\XPCO\XPCO\MIP\PlatformPlugin\VideoOS.Platform\src\Proxy\ConfigApi\ConfigurationApiItemWrapper.cs:line 110&#xD;
   at VideoOS.Platform.ConfigurationItems.Factory.IsItemTypeSupported(ServerId serverId, String itemType) in D:\actions-runner\_work\XPCO\XPCO\MIP\PlatformPlugin\VideoOS.Platform\src\ConfigurationItems\Factory.cs:line 464&#xD;
&#xD;
Factory.IsItemTypeSupportedFactory.IsItemTypeSupported ()The method or operation is not implemented.   at VideoOS.Platform.SDKUnittest.EnvironmentTests.TestConfigurationClientService.GetItem(String path) in D:\actions-runner\_work\XPCO\XPCO\MIP\MIPSDK\tst\VideoOS.Platform.SDK.UnitTests\EnvironmentTests\TestsWithCorporateShimsBase.cs:line 227&#xD;
   at VideoOS.Platform.Proxy.ConfigApi.ConfigurationApiItemWrapper..ctor(ServerId serverId, String path) in D:\actions-runner\_work\XPCO\XPCO\MIP\PlatformPlugin\VideoOS.Platform\src\Proxy\ConfigApi\ConfigurationApiItemWrapper.cs:line 110&#xD;
   at VideoOS.Platform.ConfigurationItems.Factory.IsItemTypeSupported(ServerId serverId, String itemType) in D:\actions-runner\_work\XPCO\XPCO\MIP\PlatformPlugin\VideoOS.Platform\src\ConfigurationItems\Factory.cs:line 464&#xD;
MIP: Error: LoginServerOauth (): https://1.2.3.5:55/ManagementServer/ServerCommandServiceOAuth.svc The method or operation is not implemented.&#xD;
MIP: Error: ConfigurationApiItemWrapper (): ConfigAPI GetItem(): System.NotImplementedException, The method or operation is not implemented.&#xD;
MIP: Error: Factory.IsItemTypeSupported (): Exception source:      VideoOS.Platform.SDK.UnitTests&#xD;
Exception type:        System.NotImplementedException&#xD;
Exception message:     The method or operation is not implemented.&#xD;
Exception target site: GetItem&#xD;
   at VideoOS.Platform.SDKUnittest.EnvironmentTests.TestConfigurationClientService.GetItem(String path) in D:\actions-runner\_work\XPCO\XPCO\MIP\MIPSDK\tst\VideoOS.Platform.SDK.UnitTests\EnvironmentTests\TestsWithCorporateShimsBase.cs:line 227&#xD;
   at VideoOS.Platform.Proxy.ConfigApi.ConfigurationApiItemWrapper..ctor(ServerId serverId, String path) in D:\actions-runner\_work\XPCO\XPCO\MIP\PlatformPlugin\VideoOS.Platform\src\Proxy\ConfigApi\ConfigurationApiItemWrapper.cs:line 110&#xD;
   at VideoOS.Platform.ConfigurationItems.Factory.IsItemTypeSupported(ServerId serverId, String itemType) in D:\actions-runner\_work\XPCO\XPCO\MIP\PlatformPlugin\VideoOS.Platform\src\ConfigurationItems\Factory.cs:line 464&#xD;
&#xD;
Factory.IsItemTypeSupportedFactory.IsItemTypeSupported ()The method or operation is not implemented.   at VideoOS.Platform.SDKUnittest.EnvironmentTests.TestConfigurationClientService.GetItem(String path) in D:\actions-runner\_work\XPCO\XPCO\MIP\MIPSDK\tst\VideoOS.Platform.SDK.UnitTests\EnvironmentTests\TestsWithCorporateShimsBase.cs:line 227&#xD;
   at VideoOS.Platform.Proxy.ConfigApi.ConfigurationApiItemWrapper..ctor(ServerId serverId, String path) in D:\actions-runner\_work\XPCO\XPCO\MIP\PlatformPlugin\VideoOS.Platform\src\Proxy\ConfigApi\ConfigurationApiItemWrapper.cs:line 110&#xD;
   at VideoOS.Platform.ConfigurationItems.Factory.IsItemTypeSupported(ServerId serverId, String itemType) in D:\actions-runner\_work\XPCO\XPCO\MIP\PlatformPlugin\VideoOS.Platform\src\ConfigurationItems\Factory.cs:line 464&#xD;
MIP: Error: GetConfiguration (): CustomSetting not found for the given platformDefinitionId: e145597a-ecaf-40a1-99e6-14bb9d45a09e&#xD;
MIP: Error: ConfigurationApiItemWrapper (): ConfigAPI GetItem(): System.NotImplementedException, The method or operation is not implemented.&#xD;
MIP: Error: Factory.IsItemTypeSupported (): Exception source:      VideoOS.Platform.SDK.UnitTests&#xD;
Exception type:        System.NotImplementedException&#xD;
Exception message:     The method or operation is not implemented.&#xD;
Exception target site: GetItem&#xD;
   at VideoOS.Platform.SDKUnittest.EnvironmentTests.TestConfigurationClientService.GetItem(String path) in D:\actions-runner\_work\XPCO\XPCO\MIP\MIPSDK\tst\VideoOS.Platform.SDK.UnitTests\EnvironmentTests\TestsWithCorporateShimsBase.cs:line 227&#xD;
   at VideoOS.Platform.Proxy.ConfigApi.ConfigurationApiItemWrapper..ctor(ServerId serverId, String path) in D:\actions-runner\_work\XPCO\XPCO\MIP\PlatformPlugin\VideoOS.Platform\src\Proxy\ConfigApi\ConfigurationApiItemWrapper.cs:line 110&#xD;
   at VideoOS.Platform.ConfigurationItems.Factory.IsItemTypeSupported(ServerId serverId, String itemType) in D:\actions-runner\_work\XPCO\XPCO\MIP\PlatformPlugin\VideoOS.Platform\src\ConfigurationItems\Factory.cs:line 464&#xD;
&#xD;
Factory.IsItemTypeSupportedFactory.IsItemTypeSupported ()The method or operation is not implemented.   at VideoOS.Platform.SDKUnittest.EnvironmentTests.TestConfigurationClientService.GetItem(String path) in D:\actions-runner\_work\XPCO\XPCO\MIP\MIPSDK\tst\VideoOS.Platform.SDK.UnitTests\EnvironmentTests\TestsWithCorporateShimsBase.cs:line 227&#xD;
   at VideoOS.Platform.Proxy.ConfigApi.ConfigurationApiItemWrapper..ctor(ServerId serverId, String path) in D:\actions-runner\_work\XPCO\XPCO\MIP\PlatformPlugin\VideoOS.Platform\src\Proxy\ConfigApi\ConfigurationApiItemWrapper.cs:line 110&#xD;
   at VideoOS.Platform.ConfigurationItems.Factory.IsItemTypeSupported(ServerId serverId, String itemType) in D:\actions-runner\_work\XPCO\XPCO\MIP\PlatformPlugin\VideoOS.Platform\src\ConfigurationItems\Factory.cs:line 464&#xD;
MIP: Error: LoginServerOauth (): https://1.2.3.5:55/ManagementServer/ServerCommandServiceOAuth.svc The method or operation is not implemented.&#xD;
MIP: Error: ConfigurationApiItemWrapper (): ConfigAPI GetItem(): System.NotImplementedException, The method or operation is not implemented.&#xD;
MIP: Error: Factory.IsItemTypeSupported (): Exception source:      VideoOS.Platform.SDK.UnitTests&#xD;
Exception type:        System.NotImplementedException&#xD;
Exception message:     The method or operation is not implemented.&#xD;
Exception target site: GetItem&#xD;
   at VideoOS.Platform.SDKUnittest.EnvironmentTests.TestConfigurationClientService.GetItem(String path) in D:\actions-runner\_work\XPCO\XPCO\MIP\MIPSDK\tst\VideoOS.Platform.SDK.UnitTests\EnvironmentTests\TestsWithCorporateShimsBase.cs:line 227&#xD;
   at VideoOS.Platform.Proxy.ConfigApi.ConfigurationApiItemWrapper..ctor(ServerId serverId, String path) in D:\actions-runner\_work\XPCO\XPCO\MIP\PlatformPlugin\VideoOS.Platform\src\Proxy\ConfigApi\ConfigurationApiItemWrapper.cs:line 110&#xD;
   at VideoOS.Platform.ConfigurationItems.Factory.IsItemTypeSupported(ServerId serverId, String itemType) in D:\actions-runner\_work\XPCO\XPCO\MIP\PlatformPlugin\VideoOS.Platform\src\ConfigurationItems\Factory.cs:line 464&#xD;
&#xD;
Factory.IsItemTypeSupportedFactory.IsItemTypeSupported ()The method or operation is not implemented.   at VideoOS.Platform.SDKUnittest.EnvironmentTests.TestConfigurationClientService.GetItem(String path) in D:\actions-runner\_work\XPCO\XPCO\MIP\MIPSDK\tst\VideoOS.Platform.SDK.UnitTests\EnvironmentTests\TestsWithCorporateShimsBase.cs:line 227&#xD;
   at VideoOS.Platform.Proxy.ConfigApi.ConfigurationApiItemWrapper..ctor(ServerId serverId, String path) in D:\actions-runner\_work\XPCO\XPCO\MIP\PlatformPlugin\VideoOS.Platform\src\Proxy\ConfigApi\ConfigurationApiItemWrapper.cs:line 110&#xD;
   at VideoOS.Platform.ConfigurationItems.Factory.IsItemTypeSupported(ServerId serverId, String itemType) in D:\actions-runner\_work\XPCO\XPCO\MIP\PlatformPlugin\VideoOS.Platform\src\ConfigurationItems\Factory.cs:line 464&#xD;
MIP: Error: ConfigurationApiItemWrapper (): ConfigAPI GetItem(): System.NotImplementedException, The method or operation is not implemented.&#xD;
MIP: Error: Factory.IsItemTypeSupported (): Exception source:      VideoOS.Platform.SDK.UnitTests&#xD;
Exception type:        System.NotImplementedException&#xD;
Exception message:     The method or operation is not implemented.&#xD;
Exception target site: GetItem&#xD;
   at VideoOS.Platform.SDKUnittest.EnvironmentTests.TestConfigurationClientService.GetItem(String path) in D:\actions-runner\_work\XPCO\XPCO\MIP\MIPSDK\tst\VideoOS.Platform.SDK.UnitTests\EnvironmentTests\TestsWithCorporateShimsBase.cs:line 227&#xD;
   at VideoOS.Platform.Proxy.ConfigApi.ConfigurationApiItemWrapper..ctor(ServerId serverId, String path) in D:\actions-runner\_work\XPCO\XPCO\MIP\PlatformPlugin\VideoOS.Platform\src\Proxy\ConfigApi\ConfigurationApiItemWrapper.cs:line 110&#xD;
   at VideoOS.Platform.ConfigurationItems.Factory.IsItemTypeSupported(ServerId serverId, String itemType) in D:\actions-runner\_work\XPCO\XPCO\MIP\PlatformPlugin\VideoOS.Platform\src\ConfigurationItems\Factory.cs:line 464&#xD;
&#xD;
Factory.IsItemTypeSupportedFactory.IsItemTypeSupported ()The method or operation is not implemented.   at VideoOS.Platform.SDKUnittest.EnvironmentTests.TestConfigurationClientService.GetItem(String path) in D:\actions-runner\_work\XPCO\XPCO\MIP\MIPSDK\tst\VideoOS.Platform.SDK.UnitTests\EnvironmentTests\TestsWithCorporateShimsBase.cs:line 227&#xD;
   at VideoOS.Platform.Proxy.ConfigApi.ConfigurationApiItemWrapper..ctor(ServerId serverId, String path) in D:\actions-runner\_work\XPCO\XPCO\MIP\PlatformPlugin\VideoOS.Platform\src\Proxy\ConfigApi\ConfigurationApiItemWrapper.cs:line 110&#xD;
   at VideoOS.Platform.ConfigurationItems.Factory.IsItemTypeSupported(ServerId serverId, String itemType) in D:\actions-runner\_work\XPCO\XPCO\MIP\PlatformPlugin\VideoOS.Platform\src\ConfigurationItems\Factory.cs:line 464&#xD;
MIP: Error: ConfigurationApiItemWrapper (): ConfigAPI GetItem(): System.NotImplementedException, The method or operation is not implemented.&#xD;
MIP: Error: Factory.IsItemTypeSupported (): Exception source:      VideoOS.Platform.SDK.UnitTests&#xD;
Exception type:        System.NotImplementedException&#xD;
Exception message:     The method or operation is not implemented.&#xD;
Exception target site: GetItem&#xD;
   at VideoOS.Platform.SDKUnittest.EnvironmentTests.TestConfigurationClientService.GetItem(String path) in D:\actions-runner\_work\XPCO\XPCO\MIP\MIPSDK\tst\VideoOS.Platform.SDK.UnitTests\EnvironmentTests\TestsWithCorporateShimsBase.cs:line 227&#xD;
   at VideoOS.Platform.Proxy.ConfigApi.ConfigurationApiItemWrapper..ctor(ServerId serverId, String path) in D:\actions-runner\_work\XPCO\XPCO\MIP\PlatformPlugin\VideoOS.Platform\src\Proxy\ConfigApi\ConfigurationApiItemWrapper.cs:line 110&#xD;
   at VideoOS.Platform.ConfigurationItems.Factory.IsItemTypeSupported(ServerId serverId, String itemType) in D:\actions-runner\_work\XPCO\XPCO\MIP\PlatformPlugin\VideoOS.Platform\src\ConfigurationItems\Factory.cs:line 464&#xD;
&#xD;
Factory.IsItemTypeSupportedFactory.IsItemTypeSupported ()The method or operation is not implemented.   at VideoOS.Platform.SDKUnittest.EnvironmentTests.TestConfigurationClientService.GetItem(String path) in D:\actions-runner\_work\XPCO\XPCO\MIP\MIPSDK\tst\VideoOS.Platform.SDK.UnitTests\EnvironmentTests\TestsWithCorporateShimsBase.cs:line 227&#xD;
   at VideoOS.Platform.Proxy.ConfigApi.ConfigurationApiItemWrapper..ctor(ServerId serverId, String path) in D:\actions-runner\_work\XPCO\XPCO\MIP\PlatformPlugin\VideoOS.Platform\src\Proxy\ConfigApi\ConfigurationApiItemWrapper.cs:line 110&#xD;
   at VideoOS.Platform.ConfigurationItems.Factory.IsItemTypeSupported(ServerId serverId, String itemType) in D:\actions-runner\_work\XPCO\XPCO\MIP\PlatformPlugin\VideoOS.Platform\src\ConfigurationItems\Factory.cs:line 464&#xD;
MIP: Error: ConfigurationApiItemWrapper (): ConfigAPI GetItem(): System.NotImplementedException, The method or operation is not implemented.&#xD;
MIP: Error: Factory.IsItemTypeSupported (): Exception source:      VideoOS.Platform.SDK.UnitTests&#xD;
Exception type:        System.NotImplementedException&#xD;
Exception message:     The method or operation is not implemented.&#xD;
Exception target site: GetItem&#xD;
   at VideoOS.Platform.SDKUnittest.EnvironmentTests.TestConfigurationClientService.GetItem(String path) in D:\actions-runner\_work\XPCO\XPCO\MIP\MIPSDK\tst\VideoOS.Platform.SDK.UnitTests\EnvironmentTests\TestsWithCorporateShimsBase.cs:line 227&#xD;
   at VideoOS.Platform.Proxy.ConfigApi.ConfigurationApiItemWrapper..ctor(ServerId serverId, String path) in D:\actions-runner\_work\XPCO\XPCO\MIP\PlatformPlugin\VideoOS.Platform\src\Proxy\ConfigApi\ConfigurationApiItemWrapper.cs:line 110&#xD;
   at VideoOS.Platform.ConfigurationItems.Factory.IsItemTypeSupported(ServerId serverId, String itemType) in D:\actions-runner\_work\XPCO\XPCO\MIP\PlatformPlugin\VideoOS.Platform\src\ConfigurationItems\Factory.cs:line 464&#xD;
&#xD;
Factory.IsItemTypeSupportedFactory.IsItemTypeSupported ()The method or operation is not implemented.   at VideoOS.Platform.SDKUnittest.EnvironmentTests.TestConfigurationClientService.GetItem(String path) in D:\actions-runner\_work\XPCO\XPCO\MIP\MIPSDK\tst\VideoOS.Platform.SDK.UnitTests\EnvironmentTests\TestsWithCorporateShimsBase.cs:line 227&#xD;
   at VideoOS.Platform.Proxy.ConfigApi.ConfigurationApiItemWrapper..ctor(ServerId serverId, String path) in D:\actions-runner\_work\XPCO\XPCO\MIP\PlatformPlugin\VideoOS.Platform\src\Proxy\ConfigApi\ConfigurationApiItemWrapper.cs:line 110&#xD;
   at VideoOS.Platform.ConfigurationItems.Factory.IsItemTypeSupported(ServerId serverId, String itemType) in D:\actions-runner\_work\XPCO\XPCO\MIP\PlatformPlugin\VideoOS.Platform\src\ConfigurationItems\Factory.cs:line 464&#xD;
MIP: Error: ConfigurationApiItemWrapper (): ConfigAPI GetItem(): System.NotImplementedException, The method or operation is not implemented.&#xD;
MIP: Error: Factory.IsItemTypeSupported (): Exception source:      VideoOS.Platform.SDK.UnitTests&#xD;
Exception type:        System.NotImplementedException&#xD;
Exception message:     The method or operation is not implemented.&#xD;
Exception target site: GetItem&#xD;
   at VideoOS.Platform.SDKUnittest.EnvironmentTests.TestConfigurationClientService.GetItem(String path) in D:\actions-runner\_work\XPCO\XPCO\MIP\MIPSDK\tst\VideoOS.Platform.SDK.UnitTests\EnvironmentTests\TestsWithCorporateShimsBase.cs:line 227&#xD;
   at VideoOS.Platform.Proxy.ConfigApi.ConfigurationApiItemWrapper..ctor(ServerId serverId, String path) in D:\actions-runner\_work\XPCO\XPCO\MIP\PlatformPlugin\VideoOS.Platform\src\Proxy\ConfigApi\ConfigurationApiItemWrapper.cs:line 110&#xD;
   at VideoOS.Platform.ConfigurationItems.Factory.IsItemTypeSupported(ServerId serverId, String itemType) in D:\actions-runner\_work\XPCO\XPCO\MIP\PlatformPlugin\VideoOS.Platform\src\ConfigurationItems\Factory.cs:line 464&#xD;
&#xD;
Factory.IsItemTypeSupportedFactory.IsItemTypeSupported ()The method or operation is not implemented.   at VideoOS.Platform.SDKUnittest.EnvironmentTests.TestConfigurationClientService.GetItem(String path) in D:\actions-runner\_work\XPCO\XPCO\MIP\MIPSDK\tst\VideoOS.Platform.SDK.UnitTests\EnvironmentTests\TestsWithCorporateShimsBase.cs:line 227&#xD;
   at VideoOS.Platform.Proxy.ConfigApi.ConfigurationApiItemWrapper..ctor(ServerId serverId, String path) in D:\actions-runner\_work\XPCO\XPCO\MIP\PlatformPlugin\VideoOS.Platform\src\Proxy\ConfigApi\ConfigurationApiItemWrapper.cs:line 110&#xD;
   at VideoOS.Platform.ConfigurationItems.Factory.IsItemTypeSupported(ServerId serverId, String itemType) in D:\actions-runner\_work\XPCO\XPCO\MIP\PlatformPlugin\VideoOS.Platform\src\ConfigurationItems\Factory.cs:line 464&#xD;
MIP: Error: ConfigurationApiItemWrapper (): ConfigAPI GetItem(): System.NotImplementedException, The method or operation is not implemented.&#xD;
MIP: Error: Factory.IsItemTypeSupported (): Exception source:      VideoOS.Platform.SDK.UnitTests&#xD;
Exception type:        System.NotImplementedException&#xD;
Exception message:     The method or operation is not implemented.&#xD;
Exception target site: GetItem&#xD;
   at VideoOS.Platform.SDKUnittest.EnvironmentTests.TestConfigurationClientService.GetItem(String path) in D:\actions-runner\_work\XPCO\XPCO\MIP\MIPSDK\tst\VideoOS.Platform.SDK.UnitTests\EnvironmentTests\TestsWithCorporateShimsBase.cs:line 227&#xD;
   at VideoOS.Platform.Proxy.ConfigApi.ConfigurationApiItemWrapper..ctor(ServerId serverId, String path) in D:\actions-runner\_work\XPCO\XPCO\MIP\PlatformPlugin\VideoOS.Platform\src\Proxy\ConfigApi\ConfigurationApiItemWrapper.cs:line 110&#xD;
   at VideoOS.Platform.ConfigurationItems.Factory.IsItemTypeSupported(ServerId serverId, String itemType) in D:\actions-runner\_work\XPCO\XPCO\MIP\PlatformPlugin\VideoOS.Platform\src\ConfigurationItems\Factory.cs:line 464&#xD;
&#xD;
Factory.IsItemTypeSupportedFactory.IsItemTypeSupported ()The method or operation is not implemented.   at VideoOS.Platform.SDKUnittest.EnvironmentTests.TestConfigurationClientService.GetItem(String path) in D:\actions-runner\_work\XPCO\XPCO\MIP\MIPSDK\tst\VideoOS.Platform.SDK.UnitTests\EnvironmentTests\TestsWithCorporateShimsBase.cs:line 227&#xD;
   at VideoOS.Platform.Proxy.ConfigApi.ConfigurationApiItemWrapper..ctor(ServerId serverId, String path) in D:\actions-runner\_work\XPCO\XPCO\MIP\PlatformPlugin\VideoOS.Platform\src\Proxy\ConfigApi\ConfigurationApiItemWrapper.cs:line 110&#xD;
   at VideoOS.Platform.ConfigurationItems.Factory.IsItemTypeSupported(ServerId serverId, String itemType) in D:\actions-runner\_work\XPCO\XPCO\MIP\PlatformPlugin\VideoOS.Platform\src\ConfigurationItems\Factory.cs:line 464&#xD;
MIP: Error: ConfigurationApiItemWrapper (): ConfigAPI GetItem(): System.NotImplementedException, The method or operation is not implemented.&#xD;
MIP: Error: Factory.IsItemTypeSupported (): Exception source:      VideoOS.Platform.SDK.UnitTests&#xD;
Exception type:        System.NotImplementedException&#xD;
Exception message:     The method or operation is not implemented.&#xD;
Exception target site: GetItem&#xD;
   at VideoOS.Platform.SDKUnittest.EnvironmentTests.TestConfigurationClientService.GetItem(String path) in D:\actions-runner\_work\XPCO\XPCO\MIP\MIPSDK\tst\VideoOS.Platform.SDK.UnitTests\EnvironmentTests\TestsWithCorporateShimsBase.cs:line 227&#xD;
   at VideoOS.Platform.Proxy.ConfigApi.ConfigurationApiItemWrapper..ctor(ServerId serverId, String path) in D:\actions-runner\_work\XPCO\XPCO\MIP\PlatformPlugin\VideoOS.Platform\src\Proxy\ConfigApi\ConfigurationApiItemWrapper.cs:line 110&#xD;
   at VideoOS.Platform.ConfigurationItems.Factory.IsItemTypeSupported(ServerId serverId, String itemType) in D:\actions-runner\_work\XPCO\XPCO\MIP\PlatformPlugin\VideoOS.Platform\src\ConfigurationItems\Factory.cs:line 464&#xD;
&#xD;
Factory.IsItemTypeSupportedFactory.IsItemTypeSupported ()The method or operation is not implemented.   at VideoOS.Platform.SDKUnittest.EnvironmentTests.TestConfigurationClientService.GetItem(String path) in D:\actions-runner\_work\XPCO\XPCO\MIP\MIPSDK\tst\VideoOS.Platform.SDK.UnitTests\EnvironmentTests\TestsWithCorporateShimsBase.cs:line 227&#xD;
   at VideoOS.Platform.Proxy.ConfigApi.ConfigurationApiItemWrapper..ctor(ServerId serverId, String path) in D:\actions-runner\_work\XPCO\XPCO\MIP\PlatformPlugin\VideoOS.Platform\src\Proxy\ConfigApi\ConfigurationApiItemWrapper.cs:line 110&#xD;
   at VideoOS.Platform.ConfigurationItems.Factory.IsItemTypeSupported(ServerId serverId, String itemType) in D:\actions-runner\_work\XPCO\XPCO\MIP\PlatformPlugin\VideoOS.Platform\src\ConfigurationItems\Factory.cs:line 464&#xD;
MIP: Error: ConfigurationApiItemWrapper (): ConfigAPI GetItem(): System.NotImplementedException, The method or operation is not implemented.&#xD;
MIP: Error: Factory.IsItemTypeSupported (): Exception source:      VideoOS.Platform.SDK.UnitTests&#xD;
Exception type:        System.NotImplementedException&#xD;
Exception message:     The method or operation is not implemented.&#xD;
Exception target site: GetItem&#xD;
   at VideoOS.Platform.SDKUnittest.EnvironmentTests.TestConfigurationClientService.GetItem(String path) in D:\actions-runner\_work\XPCO\XPCO\MIP\MIPSDK\tst\VideoOS.Platform.SDK.UnitTests\EnvironmentTests\TestsWithCorporateShimsBase.cs:line 227&#xD;
   at VideoOS.Platform.Proxy.ConfigApi.ConfigurationApiItemWrapper..ctor(ServerId serverId, String path) in D:\actions-runner\_work\XPCO\XPCO\MIP\PlatformPlugin\VideoOS.Platform\src\Proxy\ConfigApi\ConfigurationApiItemWrapper.cs:line 110&#xD;
   at VideoOS.Platform.ConfigurationItems.Factory.IsItemTypeSupported(ServerId serverId, String itemType) in D:\actions-runner\_work\XPCO\XPCO\MIP\PlatformPlugin\VideoOS.Platform\src\ConfigurationItems\Factory.cs:line 464&#xD;
&#xD;
Factory.IsItemTypeSupportedFactory.IsItemTypeSupported ()The method or operation is not implemented.   at VideoOS.Platform.SDKUnittest.EnvironmentTests.TestConfigurationClientService.GetItem(String path) in D:\actions-runner\_work\XPCO\XPCO\MIP\MIPSDK\tst\VideoOS.Platform.SDK.UnitTests\EnvironmentTests\TestsWithCorporateShimsBase.cs:line 227&#xD;
   at VideoOS.Platform.Proxy.ConfigApi.ConfigurationApiItemWrapper..ctor(ServerId serverId, String path) in D:\actions-runner\_work\XPCO\XPCO\MIP\PlatformPlugin\VideoOS.Platform\src\Proxy\ConfigApi\ConfigurationApiItemWrapper.cs:line 110&#xD;
   at VideoOS.Platform.ConfigurationItems.Factory.IsItemTypeSupported(ServerId serverId, String itemType) in D:\actions-runner\_work\XPCO\XPCO\MIP\PlatformPlugin\VideoOS.Platform\src\ConfigurationItems\Factory.cs:line 464</StdOut>
      </Output>
    </UnitTestResult>
    <UnitTestResult executionId="36526444-fc37-42a6-8dae-fa4800b10cc1" testId="ba5b86d5-401c-4e0a-f138-2c19e1e02c7f" testName="Unitialize_ShouldCallServiceReset" computerName="DKSR-EFI-04" duration="00:00:00.0015710" startTime="2023-12-22T09:35:19.9911656+01:00" endTime="2023-12-22T09:35:19.9911656+01:00" testType="13cdc9d9-ddb5-4fa4-a97d-d965ccfc6d4b" outcome="Passed" testListId="8c84fa94-04c1-424b-9868-57a2d4851a1d" relativeResultsDirectory="36526444-fc37-42a6-8dae-fa4800b10cc1" />
    <UnitTestResult executionId="046aec05-f978-4881-8970-0de5ce7caa87" testId="0692d415-cb51-e036-3177-b14298f4c3a2" testName="StopRecording_ShouldDoNothing_WhenRecordingIsAlreadyStopped" computerName="DKSR-EFI-04" duration="00:00:00.0010290" startTime="2023-12-22T09:36:47.3822520+01:00" endTime="2023-12-22T09:36:47.3822520+01:00" testType="13cdc9d9-ddb5-4fa4-a97d-d965ccfc6d4b" outcome="Passed" testListId="8c84fa94-04c1-424b-9868-57a2d4851a1d" relativeResultsDirectory="046aec05-f978-4881-8970-0de5ce7caa87" />
    <UnitTestResult executionId="c2d5770d-5ed5-4c7c-85bb-341b21b776c4" testId="4592a7b7-193a-d11d-ddb3-2a2e9e4e2370" testName="IgnorePortCompareOk" computerName="DKSR-EFI-04" duration="00:00:00.0010116" startTime="2023-12-22T09:36:14.6789527+01:00" endTime="2023-12-22T09:36:14.6789527+01:00" testType="13cdc9d9-ddb5-4fa4-a97d-d965ccfc6d4b" outcome="Passed" testListId="8c84fa94-04c1-424b-9868-57a2d4851a1d" relativeResultsDirectory="c2d5770d-5ed5-4c7c-85bb-341b21b776c4" />
    <UnitTestResult executionId="6e9977cf-11fd-44e3-bdf1-5d3330dee5ff" testId="e0a5e776-29a3-f806-618e-c50f5461dfdb" testName="Given_ReceivedMessageIsProperJson_When_Parsing_Then_JObjectIsReturned" computerName="DKSR-EFI-04" duration="00:00:00.0056530" startTime="2023-12-22T09:36:15.8039584+01:00" endTime="2023-12-22T09:36:15.8195840+01:00" testType="13cdc9d9-ddb5-4fa4-a97d-d965ccfc6d4b" outcome="Passed" testListId="8c84fa94-04c1-424b-9868-57a2d4851a1d" relativeResultsDirectory="6e9977cf-11fd-44e3-bdf1-5d3330dee5ff" />
    <UnitTestResult executionId="bcc5ab2e-5860-4f2d-bf53-91003fe239df" testId="dd88292e-70c4-42bd-a16e-4296bf8609a3" testName="CheckBaseTime1970FromString" computerName="DKSR-EFI-04" duration="00:00:00.0062797" startTime="2023-12-22T09:36:14.5852030+01:00" endTime="2023-12-22T09:36:14.5852030+01:00" testType="13cdc9d9-ddb5-4fa4-a97d-d965ccfc6d4b" outcome="Passed" testListId="8c84fa94-04c1-424b-9868-57a2d4851a1d" relativeResultsDirectory="bcc5ab2e-5860-4f2d-bf53-91003fe239df" />
    <UnitTestResult executionId="2fde3fd2-fb4b-4f31-8a81-0bb4db846d85" testId="5ca6c285-b0f8-2ebf-22ac-22244ebbf44b" testName="Given_AcommandIsSent_When_ReceivingAResponseForAnotherCommandding_Then_TheSentCommandTimesOut" computerName="DKSR-EFI-04" duration="00:00:00.0859294" startTime="2023-12-22T09:36:14.9289540+01:00" endTime="2023-12-22T09:36:15.0227048+01:00" testType="13cdc9d9-ddb5-4fa4-a97d-d965ccfc6d4b" outcome="Passed" testListId="8c84fa94-04c1-424b-9868-57a2d4851a1d" relativeResultsDirectory="2fde3fd2-fb4b-4f31-8a81-0bb4db846d85" />
    <UnitTestResult executionId="f4f2e721-d32f-4aca-8df7-27da9caf8e10" testId="da0d6c3d-ad33-93ae-336e-57f6ca95658e" testName="LiveStop_ConnectedAndNotPlayingPlayback_AvoidsToolkitReentry" computerName="DKSR-EFI-04" duration="00:00:00.0047512" startTime="2023-12-22T09:36:47.6010045+01:00" endTime="2023-12-22T09:36:47.6010045+01:00" testType="13cdc9d9-ddb5-4fa4-a97d-d965ccfc6d4b" outcome="Passed" testListId="8c84fa94-04c1-424b-9868-57a2d4851a1d" relativeResultsDirectory="f4f2e721-d32f-4aca-8df7-27da9caf8e10" />
    <UnitTestResult executionId="11d0d111-8d0d-4934-998c-7fdd185b2b03" testId="207a3d78-df6f-77e7-ea7b-416c6af70bf7" testName="LiveStop_NotConnected_DoesNotCrash" computerName="DKSR-EFI-04" duration="00:00:00.0008829" startTime="2023-12-22T09:36:47.5385043+01:00" endTime="2023-12-22T09:36:47.5541295+01:00" testType="13cdc9d9-ddb5-4fa4-a97d-d965ccfc6d4b" outcome="Passed" testListId="8c84fa94-04c1-424b-9868-57a2d4851a1d" relativeResultsDirectory="11d0d111-8d0d-4934-998c-7fdd185b2b03" />
    <UnitTestResult executionId="2ef68fd6-8418-4706-baf5-7c8e278fef17" testId="56d2e303-9191-fd62-30a9-ea9298b86cd6" testName="Initialize_ShouldNotSetApplicationStateOn" computerName="DKSR-EFI-04" duration="00:00:00.0015300" startTime="2023-12-22T09:35:19.7411643+01:00" endTime="2023-12-22T09:35:19.7411643+01:00" testType="13cdc9d9-ddb5-4fa4-a97d-d965ccfc6d4b" outcome="Passed" testListId="8c84fa94-04c1-424b-9868-57a2d4851a1d" relativeResultsDirectory="2ef68fd6-8418-4706-baf5-7c8e278fef17" />
    <UnitTestResult executionId="af7699e2-1a3d-4b45-a9aa-21f2cdb1a0a0" testId="1558a173-bd2e-9fca-670c-2c3987fbd631" testName="AddServer_WhenParentUriNull_UseCredentialCache" computerName="DKSR-EFI-04" duration="00:00:00.0081724" startTime="2023-12-22T09:35:19.3817877+01:00" endTime="2023-12-22T09:35:19.3974112+01:00" testType="13cdc9d9-ddb5-4fa4-a97d-d965ccfc6d4b" outcome="Passed" testListId="8c84fa94-04c1-424b-9868-57a2d4851a1d" relativeResultsDirectory="af7699e2-1a3d-4b45-a9aa-21f2cdb1a0a0" />
    <UnitTestResult executionId="b750a8c6-bcb1-4805-adc5-b23dc178c116" testId="0762669f-0ef8-d6fa-dd94-0659f0ba0a43" testName="IgnoreDomainCompareOk" computerName="DKSR-EFI-04" duration="00:00:00.0010649" startTime="2023-12-22T09:36:14.6633285+01:00" endTime="2023-12-22T09:36:14.6789527+01:00" testType="13cdc9d9-ddb5-4fa4-a97d-d965ccfc6d4b" outcome="Passed" testListId="8c84fa94-04c1-424b-9868-57a2d4851a1d" relativeResultsDirectory="b750a8c6-bcb1-4805-adc5-b23dc178c116" />
    <UnitTestResult executionId="54488796-3fb4-4927-ac19-67a86386686c" testId="a8963d66-96b1-b26d-9572-0832732d3cea" testName="MergeCredentialCache_WhenBasicAuth_Merges" computerName="DKSR-EFI-04" duration="00:00:00.0018418" startTime="2023-12-22T09:36:14.4758281+01:00" endTime="2023-12-22T09:36:14.4758281+01:00" testType="13cdc9d9-ddb5-4fa4-a97d-d965ccfc6d4b" outcome="Passed" testListId="8c84fa94-04c1-424b-9868-57a2d4851a1d" relativeResultsDirectory="54488796-3fb4-4927-ac19-67a86386686c" />
    <UnitTestResult executionId="ef65f5f9-06d9-4a9d-b7fc-9dfb59e17ddf" testId="9e96d681-4077-c58a-c79c-4c329c7488ff" testName="Initialize_ShouldReturnFalse_WhenNoRecordingDeviceIsAvailable" computerName="DKSR-EFI-04" duration="00:00:00.0374195" startTime="2023-12-22T09:36:47.2728785+01:00" endTime="2023-12-22T09:36:47.3041275+01:00" testType="13cdc9d9-ddb5-4fa4-a97d-d965ccfc6d4b" outcome="Passed" testListId="8c84fa94-04c1-424b-9868-57a2d4851a1d" relativeResultsDirectory="ef65f5f9-06d9-4a9d-b7fc-9dfb59e17ddf" />
    <UnitTestResult executionId="d9622696-d3bd-412c-a3ff-80ecf226e1f5" testId="56497288-6a33-5a75-f21c-09bd940b969b" testName="XpcoSiteInfoUriCorrectServerType" computerName="DKSR-EFI-04" duration="00:00:00.0727418" startTime="2023-12-22T09:36:21.3196123+01:00" endTime="2023-12-22T09:36:21.3977388+01:00" testType="13cdc9d9-ddb5-4fa4-a97d-d965ccfc6d4b" outcome="Passed" testListId="8c84fa94-04c1-424b-9868-57a2d4851a1d" relativeResultsDirectory="d9622696-d3bd-412c-a3ff-80ecf226e1f5" />
    <UnitTestResult executionId="5e5caa48-9c59-4648-8aae-c165d05557d8" testId="1d9f532a-78eb-f4e1-0dd2-c5f03d1be90f" testName="StripXmlHeader_WhenHeaderPresent_StripsItOut" computerName="DKSR-EFI-04" duration="00:00:00.0087852" startTime="2023-12-22T09:36:12.0539385+01:00" endTime="2023-12-22T09:36:12.0539385+01:00" testType="13cdc9d9-ddb5-4fa4-a97d-d965ccfc6d4b" outcome="Passed" testListId="8c84fa94-04c1-424b-9868-57a2d4851a1d" relativeResultsDirectory="5e5caa48-9c59-4648-8aae-c165d05557d8" />
    <UnitTestResult executionId="87b2059d-486a-47b3-87a7-f923e7741583" testId="4268d692-ba59-3896-72d4-485c21f3df3f" testName="GetJpegFirstNetworkDb" computerName="DKSR-EFI-04" duration="00:00:07.9422050" startTime="2023-12-22T09:35:44.8194204+01:00" endTime="2023-12-22T09:35:52.7569638+01:00" testType="13cdc9d9-ddb5-4fa4-a97d-d965ccfc6d4b" outcome="Passed" testListId="8c84fa94-04c1-424b-9868-57a2d4851a1d" relativeResultsDirectory="87b2059d-486a-47b3-87a7-f923e7741583">
      <Output>
        <StdOut>Debug Trace:&#xD;
MIP: Error: GetConfiguration (): CustomSetting not found for the given platformDefinitionId: e145597a-ecaf-40a1-99e6-14bb9d45a09e&#xD;
MIP: Error: GetConfiguration (): CustomSetting not found for the given platformDefinitionId: e145597a-ecaf-40a1-99e6-14bb9d45a09e&#xD;
MIP: Error: GetConfiguration (): CustomSetting not found for the given platformDefinitionId: e145597a-ecaf-40a1-99e6-14bb9d45a09e&#xD;
---- Stream count=0, thread=2</StdOut>
      </Output>
    </UnitTestResult>
    <UnitTestResult executionId="c6d8b39c-ed38-4edb-b6fc-61f19dbd7be2" testId="8c87c707-72c3-2fe1-cc37-40bdc36a6ffa" testName="HandleAudioData_NotMuted_SamplesAdded" computerName="DKSR-EFI-04" duration="00:00:00.0034377" startTime="2023-12-22T09:36:47.6478794+01:00" endTime="2023-12-22T09:36:47.6478794+01:00" testType="13cdc9d9-ddb5-4fa4-a97d-d965ccfc6d4b" outcome="Passed" testListId="8c84fa94-04c1-424b-9868-57a2d4851a1d" relativeResultsDirectory="c6d8b39c-ed38-4edb-b6fc-61f19dbd7be2" />
    <UnitTestResult executionId="cf84b301-8584-4eed-91d2-7e743dec9993" testId="d389fe94-fff2-4d0c-61e3-1873fab89725" testName="ReloadConfiguration_WhenServerIdNull_NotCallRefreshServer" computerName="DKSR-EFI-04" duration="00:00:00.0021058" startTime="2023-12-22T09:35:19.0381253+01:00" endTime="2023-12-22T09:35:19.0381253+01:00" testType="13cdc9d9-ddb5-4fa4-a97d-d965ccfc6d4b" outcome="Passed" testListId="8c84fa94-04c1-424b-9868-57a2d4851a1d" relativeResultsDirectory="cf84b301-8584-4eed-91d2-7e743dec9993" />
    <UnitTestResult executionId="5c1e0cb1-3e3b-4d22-bd29-58e36c733b89" testId="10274018-72a2-7e54-f67f-3e3dab8a3913" testName="Unitialize_ShouldResetInstances" computerName="DKSR-EFI-04" duration="00:00:00.0011500" startTime="2023-12-22T09:35:19.9911656+01:00" endTime="2023-12-22T09:35:20.0067919+01:00" testType="13cdc9d9-ddb5-4fa4-a97d-d965ccfc6d4b" outcome="Passed" testListId="8c84fa94-04c1-424b-9868-57a2d4851a1d" relativeResultsDirectory="5c1e0cb1-3e3b-4d22-bd29-58e36c733b89" />
    <UnitTestResult executionId="522e9c6e-3426-4894-ad71-0c5d26dda863" testId="00438590-3f13-5776-381f-1df4bd82c07f" testName="StartRecording_ShouldDoNothing_WhenRecordingIsAlreadyStarted" computerName="DKSR-EFI-04" duration="00:00:00.0009809" startTime="2023-12-22T09:36:47.3666283+01:00" endTime="2023-12-22T09:36:47.3666283+01:00" testType="13cdc9d9-ddb5-4fa4-a97d-d965ccfc6d4b" outcome="Passed" testListId="8c84fa94-04c1-424b-9868-57a2d4851a1d" relativeResultsDirectory="522e9c6e-3426-4894-ad71-0c5d26dda863" />
    <UnitTestResult executionId="7819108f-a995-4358-a678-fa92d19ac08d" testId="c9e3fbeb-75b1-7c7b-7b60-e4644d8dd577" testName="Given_ReceivedMessageContainsSuccessStatus_When_IsSuccessStatusCode_ThenResultFollowingStatusIsReturned" computerName="DKSR-EFI-04" duration="00:00:00.0018261" startTime="2023-12-22T09:36:15.8039584+01:00" endTime="2023-12-22T09:36:15.8039584+01:00" testType="13cdc9d9-ddb5-4fa4-a97d-d965ccfc6d4b" outcome="Passed" testListId="8c84fa94-04c1-424b-9868-57a2d4851a1d" relativeResultsDirectory="7819108f-a995-4358-a678-fa92d19ac08d" />
    <UnitTestResult executionId="44f32cb1-4ba8-4267-99e3-6c59d48376c0" testId="d2f3bae5-4b87-92ba-8e82-de1dd6dbd488" testName="XpcoMultiUserLoginServerList" computerName="DKSR-EFI-04" duration="00:00:02.3888284" startTime="2023-12-22T09:36:26.0227650+01:00" endTime="2023-12-22T09:36:28.4133997+01:00" testType="13cdc9d9-ddb5-4fa4-a97d-d965ccfc6d4b" outcome="Passed" testListId="8c84fa94-04c1-424b-9868-57a2d4851a1d" relativeResultsDirectory="44f32cb1-4ba8-4267-99e3-6c59d48376c0">
      <Output>
        <StdOut>Debug Trace:&#xD;
TopLevelControl returns null. PostMessage may have problems&#xD;
12/22/2023 9:36:26 AMFindBestAddress - Start for: http://4.4.4.4:55/, type=XPCO&#xD;
ConnectionCheck for:http://4.4.4.4:55/, Took:0ms&#xD;
12/22/2023 9:36:26 AMFindBestAddress - End for: http://4.4.4.4:55/, type=XPCO&#xD;
MIP: Error: ConfigurationApiItemWrapper (): ConfigAPI GetItem(): System.NotImplementedException, The method or operation is not implemented.&#xD;
MIP: Error: Factory.IsItemTypeSupported (): Exception source:      VideoOS.Platform.SDK.UnitTests&#xD;
Exception type:        System.NotImplementedException&#xD;
Exception message:     The method or operation is not implemented.&#xD;
Exception target site: GetItem&#xD;
   at VideoOS.Platform.SDKUnittest.EnvironmentTests.TestConfigurationClientService.GetItem(String path) in D:\actions-runner\_work\XPCO\XPCO\MIP\MIPSDK\tst\VideoOS.Platform.SDK.UnitTests\EnvironmentTests\TestsWithCorporateShimsBase.cs:line 227&#xD;
   at VideoOS.Platform.Proxy.ConfigApi.ConfigurationApiItemWrapper..ctor(ServerId serverId, String path) in D:\actions-runner\_work\XPCO\XPCO\MIP\PlatformPlugin\VideoOS.Platform\src\Proxy\ConfigApi\ConfigurationApiItemWrapper.cs:line 110&#xD;
   at VideoOS.Platform.ConfigurationItems.Factory.IsItemTypeSupported(ServerId serverId, String itemType) in D:\actions-runner\_work\XPCO\XPCO\MIP\PlatformPlugin\VideoOS.Platform\src\ConfigurationItems\Factory.cs:line 464&#xD;
&#xD;
Factory.IsItemTypeSupportedFactory.IsItemTypeSupported ()The method or operation is not implemented.   at VideoOS.Platform.SDKUnittest.EnvironmentTests.TestConfigurationClientService.GetItem(String path) in D:\actions-runner\_work\XPCO\XPCO\MIP\MIPSDK\tst\VideoOS.Platform.SDK.UnitTests\EnvironmentTests\TestsWithCorporateShimsBase.cs:line 227&#xD;
   at VideoOS.Platform.Proxy.ConfigApi.ConfigurationApiItemWrapper..ctor(ServerId serverId, String path) in D:\actions-runner\_work\XPCO\XPCO\MIP\PlatformPlugin\VideoOS.Platform\src\Proxy\ConfigApi\ConfigurationApiItemWrapper.cs:line 110&#xD;
   at VideoOS.Platform.ConfigurationItems.Factory.IsItemTypeSupported(ServerId serverId, String itemType) in D:\actions-runner\_work\XPCO\XPCO\MIP\PlatformPlugin\VideoOS.Platform\src\ConfigurationItems\Factory.cs:line 464&#xD;
MIP: Error: GetConfiguration (): CustomSetting not found for the given platformDefinitionId: e145597a-ecaf-40a1-99e6-14bb9d45a09e&#xD;
MIP: Error: ConfigurationApiItemWrapper (): ConfigAPI GetItem(): System.NotImplementedException, The method or operation is not implemented.&#xD;
MIP: Error: Factory.IsItemTypeSupported (): Exception source:      VideoOS.Platform.SDK.UnitTests&#xD;
Exception type:        System.NotImplementedException&#xD;
Exception message:     The method or operation is not implemented.&#xD;
Exception target site: GetItem&#xD;
   at VideoOS.Platform.SDKUnittest.EnvironmentTests.TestConfigurationClientService.GetItem(String path) in D:\actions-runner\_work\XPCO\XPCO\MIP\MIPSDK\tst\VideoOS.Platform.SDK.UnitTests\EnvironmentTests\TestsWithCorporateShimsBase.cs:line 227&#xD;
   at VideoOS.Platform.Proxy.ConfigApi.ConfigurationApiItemWrapper..ctor(ServerId serverId, String path) in D:\actions-runner\_work\XPCO\XPCO\MIP\PlatformPlugin\VideoOS.Platform\src\Proxy\ConfigApi\ConfigurationApiItemWrapper.cs:line 110&#xD;
   at VideoOS.Platform.ConfigurationItems.Factory.IsItemTypeSupported(ServerId serverId, String itemType) in D:\actions-runner\_work\XPCO\XPCO\MIP\PlatformPlugin\VideoOS.Platform\src\ConfigurationItems\Factory.cs:line 464&#xD;
&#xD;
Factory.IsItemTypeSupportedFactory.IsItemTypeSupported ()The method or operation is not implemented.   at VideoOS.Platform.SDKUnittest.EnvironmentTests.TestConfigurationClientService.GetItem(String path) in D:\actions-runner\_work\XPCO\XPCO\MIP\MIPSDK\tst\VideoOS.Platform.SDK.UnitTests\EnvironmentTests\TestsWithCorporateShimsBase.cs:line 227&#xD;
   at VideoOS.Platform.Proxy.ConfigApi.ConfigurationApiItemWrapper..ctor(ServerId serverId, String path) in D:\actions-runner\_work\XPCO\XPCO\MIP\PlatformPlugin\VideoOS.Platform\src\Proxy\ConfigApi\ConfigurationApiItemWrapper.cs:line 110&#xD;
   at VideoOS.Platform.ConfigurationItems.Factory.IsItemTypeSupported(ServerId serverId, String itemType) in D:\actions-runner\_work\XPCO\XPCO\MIP\PlatformPlugin\VideoOS.Platform\src\ConfigurationItems\Factory.cs:line 464&#xD;
MIP: Error: LoginServerOauth (): https://1.2.3.5:55/ManagementServer/ServerCommandServiceOAuth.svc The method or operation is not implemented.&#xD;
MIP: Error: ConfigurationApiItemWrapper (): ConfigAPI GetItem(): System.NotImplementedException, The method or operation is not implemented.&#xD;
MIP: Error: Factory.IsItemTypeSupported (): Exception source:      VideoOS.Platform.SDK.UnitTests&#xD;
Exception type:        System.NotImplementedException&#xD;
Exception message:     The method or operation is not implemented.&#xD;
Exception target site: GetItem&#xD;
   at VideoOS.Platform.SDKUnittest.EnvironmentTests.TestConfigurationClientService.GetItem(String path) in D:\actions-runner\_work\XPCO\XPCO\MIP\MIPSDK\tst\VideoOS.Platform.SDK.UnitTests\EnvironmentTests\TestsWithCorporateShimsBase.cs:line 227&#xD;
   at VideoOS.Platform.Proxy.ConfigApi.ConfigurationApiItemWrapper..ctor(ServerId serverId, String path) in D:\actions-runner\_work\XPCO\XPCO\MIP\PlatformPlugin\VideoOS.Platform\src\Proxy\ConfigApi\ConfigurationApiItemWrapper.cs:line 110&#xD;
   at VideoOS.Platform.ConfigurationItems.Factory.IsItemTypeSupported(ServerId serverId, String itemType) in D:\actions-runner\_work\XPCO\XPCO\MIP\PlatformPlugin\VideoOS.Platform\src\ConfigurationItems\Factory.cs:line 464&#xD;
&#xD;
Factory.IsItemTypeSupportedFactory.IsItemTypeSupported ()The method or operation is not implemented.   at VideoOS.Platform.SDKUnittest.EnvironmentTests.TestConfigurationClientService.GetItem(String path) in D:\actions-runner\_work\XPCO\XPCO\MIP\MIPSDK\tst\VideoOS.Platform.SDK.UnitTests\EnvironmentTests\TestsWithCorporateShimsBase.cs:line 227&#xD;
   at VideoOS.Platform.Proxy.ConfigApi.ConfigurationApiItemWrapper..ctor(ServerId serverId, String path) in D:\actions-runner\_work\XPCO\XPCO\MIP\PlatformPlugin\VideoOS.Platform\src\Proxy\ConfigApi\ConfigurationApiItemWrapper.cs:line 110&#xD;
   at VideoOS.Platform.ConfigurationItems.Factory.IsItemTypeSupported(ServerId serverId, String itemType) in D:\actions-runner\_work\XPCO\XPCO\MIP\PlatformPlugin\VideoOS.Platform\src\ConfigurationItems\Factory.cs:line 464&#xD;
MIP: Error: GetConfiguration (): CustomSetting not found for the given platformDefinitionId: e145597a-ecaf-40a1-99e6-14bb9d45a09e&#xD;
MIP: Error: ConfigurationApiItemWrapper (): ConfigAPI GetItem(): System.NotImplementedException, The method or operation is not implemented.&#xD;
MIP: Error: Factory.IsItemTypeSupported (): Exception source:      VideoOS.Platform.SDK.UnitTests&#xD;
Exception type:        System.NotImplementedException&#xD;
Exception message:     The method or operation is not implemented.&#xD;
Exception target site: GetItem&#xD;
   at VideoOS.Platform.SDKUnittest.EnvironmentTests.TestConfigurationClientService.GetItem(String path) in D:\actions-runner\_work\XPCO\XPCO\MIP\MIPSDK\tst\VideoOS.Platform.SDK.UnitTests\EnvironmentTests\TestsWithCorporateShimsBase.cs:line 227&#xD;
   at VideoOS.Platform.Proxy.ConfigApi.ConfigurationApiItemWrapper..ctor(ServerId serverId, String path) in D:\actions-runner\_work\XPCO\XPCO\MIP\PlatformPlugin\VideoOS.Platform\src\Proxy\ConfigApi\ConfigurationApiItemWrapper.cs:line 110&#xD;
   at VideoOS.Platform.ConfigurationItems.Factory.IsItemTypeSupported(ServerId serverId, String itemType) in D:\actions-runner\_work\XPCO\XPCO\MIP\PlatformPlugin\VideoOS.Platform\src\ConfigurationItems\Factory.cs:line 464&#xD;
&#xD;
Factory.IsItemTypeSupportedFactory.IsItemTypeSupported ()The method or operation is not implemented.   at VideoOS.Platform.SDKUnittest.EnvironmentTests.TestConfigurationClientService.GetItem(String path) in D:\actions-runner\_work\XPCO\XPCO\MIP\MIPSDK\tst\VideoOS.Platform.SDK.UnitTests\EnvironmentTests\TestsWithCorporateShimsBase.cs:line 227&#xD;
   at VideoOS.Platform.Proxy.ConfigApi.ConfigurationApiItemWrapper..ctor(ServerId serverId, String path) in D:\actions-runner\_work\XPCO\XPCO\MIP\PlatformPlugin\VideoOS.Platform\src\Proxy\ConfigApi\ConfigurationApiItemWrapper.cs:line 110&#xD;
   at VideoOS.Platform.ConfigurationItems.Factory.IsItemTypeSupported(ServerId serverId, String itemType) in D:\actions-runner\_work\XPCO\XPCO\MIP\PlatformPlugin\VideoOS.Platform\src\ConfigurationItems\Factory.cs:line 464&#xD;
MIP: Error: LoginServerOauth (): https://1.2.3.5:55/ManagementServer/ServerCommandServiceOAuth.svc The method or operation is not implemented.&#xD;
MIP: Error: ConfigurationApiItemWrapper (): ConfigAPI GetItem(): System.NotImplementedException, The method or operation is not implemented.&#xD;
MIP: Error: Factory.IsItemTypeSupported (): Exception source:      VideoOS.Platform.SDK.UnitTests&#xD;
Exception type:        System.NotImplementedException&#xD;
Exception message:     The method or operation is not implemented.&#xD;
Exception target site: GetItem&#xD;
   at VideoOS.Platform.SDKUnittest.EnvironmentTests.TestConfigurationClientService.GetItem(String path) in D:\actions-runner\_work\XPCO\XPCO\MIP\MIPSDK\tst\VideoOS.Platform.SDK.UnitTests\EnvironmentTests\TestsWithCorporateShimsBase.cs:line 227&#xD;
   at VideoOS.Platform.Proxy.ConfigApi.ConfigurationApiItemWrapper..ctor(ServerId serverId, String path) in D:\actions-runner\_work\XPCO\XPCO\MIP\PlatformPlugin\VideoOS.Platform\src\Proxy\ConfigApi\ConfigurationApiItemWrapper.cs:line 110&#xD;
   at VideoOS.Platform.ConfigurationItems.Factory.IsItemTypeSupported(ServerId serverId, String itemType) in D:\actions-runner\_work\XPCO\XPCO\MIP\PlatformPlugin\VideoOS.Platform\src\ConfigurationItems\Factory.cs:line 464&#xD;
&#xD;
Factory.IsItemTypeSupportedFactory.IsItemTypeSupported ()The method or operation is not implemented.   at VideoOS.Platform.SDKUnittest.EnvironmentTests.TestConfigurationClientService.GetItem(String path) in D:\actions-runner\_work\XPCO\XPCO\MIP\MIPSDK\tst\VideoOS.Platform.SDK.UnitTests\EnvironmentTests\TestsWithCorporateShimsBase.cs:line 227&#xD;
   at VideoOS.Platform.Proxy.ConfigApi.ConfigurationApiItemWrapper..ctor(ServerId serverId, String path) in D:\actions-runner\_work\XPCO\XPCO\MIP\PlatformPlugin\VideoOS.Platform\src\Proxy\ConfigApi\ConfigurationApiItemWrapper.cs:line 110&#xD;
   at VideoOS.Platform.ConfigurationItems.Factory.IsItemTypeSupported(ServerId serverId, String itemType) in D:\actions-runner\_work\XPCO\XPCO\MIP\PlatformPlugin\VideoOS.Platform\src\ConfigurationItems\Factory.cs:line 464&#xD;
MIP: Error: ConfigurationApiItemWrapper (): ConfigAPI GetItem(): System.NotImplementedException, The method or operation is not implemented.&#xD;
MIP: Error: Factory.IsItemTypeSupported (): Exception source:      VideoOS.Platform.SDK.UnitTests&#xD;
Exception type:        System.NotImplementedException&#xD;
Exception message:     The method or operation is not implemented.&#xD;
Exception target site: GetItem&#xD;
   at VideoOS.Platform.SDKUnittest.EnvironmentTests.TestConfigurationClientService.GetItem(String path) in D:\actions-runner\_work\XPCO\XPCO\MIP\MIPSDK\tst\VideoOS.Platform.SDK.UnitTests\EnvironmentTests\TestsWithCorporateShimsBase.cs:line 227&#xD;
   at VideoOS.Platform.Proxy.ConfigApi.ConfigurationApiItemWrapper..ctor(ServerId serverId, String path) in D:\actions-runner\_work\XPCO\XPCO\MIP\PlatformPlugin\VideoOS.Platform\src\Proxy\ConfigApi\ConfigurationApiItemWrapper.cs:line 110&#xD;
   at VideoOS.Platform.ConfigurationItems.Factory.IsItemTypeSupported(ServerId serverId, String itemType) in D:\actions-runner\_work\XPCO\XPCO\MIP\PlatformPlugin\VideoOS.Platform\src\ConfigurationItems\Factory.cs:line 464&#xD;
&#xD;
Factory.IsItemTypeSupportedFactory.IsItemTypeSupported ()The method or operation is not implemented.   at VideoOS.Platform.SDKUnittest.EnvironmentTests.TestConfigurationClientService.GetItem(String path) in D:\actions-runner\_work\XPCO\XPCO\MIP\MIPSDK\tst\VideoOS.Platform.SDK.UnitTests\EnvironmentTests\TestsWithCorporateShimsBase.cs:line 227&#xD;
   at VideoOS.Platform.Proxy.ConfigApi.ConfigurationApiItemWrapper..ctor(ServerId serverId, String path) in D:\actions-runner\_work\XPCO\XPCO\MIP\PlatformPlugin\VideoOS.Platform\src\Proxy\ConfigApi\ConfigurationApiItemWrapper.cs:line 110&#xD;
   at VideoOS.Platform.ConfigurationItems.Factory.IsItemTypeSupported(ServerId serverId, String itemType) in D:\actions-runner\_work\XPCO\XPCO\MIP\PlatformPlugin\VideoOS.Platform\src\ConfigurationItems\Factory.cs:line 464&#xD;
MIP: Error: LoginServerOauth (): https://1.2.3.5:55/ManagementServer/ServerCommandServiceOAuth.svc The method or operation is not implemented.&#xD;
MIP: Error: ConfigurationApiItemWrapper (): ConfigAPI GetItem(): System.NotImplementedException, The method or operation is not implemented.&#xD;
MIP: Error: Factory.IsItemTypeSupported (): Exception source:      VideoOS.Platform.SDK.UnitTests&#xD;
Exception type:        System.NotImplementedException&#xD;
Exception message:     The method or operation is not implemented.&#xD;
Exception target site: GetItem&#xD;
   at VideoOS.Platform.SDKUnittest.EnvironmentTests.TestConfigurationClientService.GetItem(String path) in D:\actions-runner\_work\XPCO\XPCO\MIP\MIPSDK\tst\VideoOS.Platform.SDK.UnitTests\EnvironmentTests\TestsWithCorporateShimsBase.cs:line 227&#xD;
   at VideoOS.Platform.Proxy.ConfigApi.ConfigurationApiItemWrapper..ctor(ServerId serverId, String path) in D:\actions-runner\_work\XPCO\XPCO\MIP\PlatformPlugin\VideoOS.Platform\src\Proxy\ConfigApi\ConfigurationApiItemWrapper.cs:line 110&#xD;
   at VideoOS.Platform.ConfigurationItems.Factory.IsItemTypeSupported(ServerId serverId, String itemType) in D:\actions-runner\_work\XPCO\XPCO\MIP\PlatformPlugin\VideoOS.Platform\src\ConfigurationItems\Factory.cs:line 464&#xD;
&#xD;
Factory.IsItemTypeSupportedFactory.IsItemTypeSupported ()The method or operation is not implemented.   at VideoOS.Platform.SDKUnittest.EnvironmentTests.TestConfigurationClientService.GetItem(String path) in D:\actions-runner\_work\XPCO\XPCO\MIP\MIPSDK\tst\VideoOS.Platform.SDK.UnitTests\EnvironmentTests\TestsWithCorporateShimsBase.cs:line 227&#xD;
   at VideoOS.Platform.Proxy.ConfigApi.ConfigurationApiItemWrapper..ctor(ServerId serverId, String path) in D:\actions-runner\_work\XPCO\XPCO\MIP\PlatformPlugin\VideoOS.Platform\src\Proxy\ConfigApi\ConfigurationApiItemWrapper.cs:line 110&#xD;
   at VideoOS.Platform.ConfigurationItems.Factory.IsItemTypeSupported(ServerId serverId, String itemType) in D:\actions-runner\_work\XPCO\XPCO\MIP\PlatformPlugin\VideoOS.Platform\src\ConfigurationItems\Factory.cs:line 464&#xD;
MIP: Error: GetConfiguration (): CustomSetting not found for the given platformDefinitionId: e145597a-ecaf-40a1-99e6-14bb9d45a09e&#xD;
MIP: Error: ConfigurationApiItemWrapper (): ConfigAPI GetItem(): System.NotImplementedException, The method or operation is not implemented.&#xD;
MIP: Error: Factory.IsItemTypeSupported (): Exception source:      VideoOS.Platform.SDK.UnitTests&#xD;
Exception type:        System.NotImplementedException&#xD;
Exception message:     The method or operation is not implemented.&#xD;
Exception target site: GetItem&#xD;
   at VideoOS.Platform.SDKUnittest.EnvironmentTests.TestConfigurationClientService.GetItem(String path) in D:\actions-runner\_work\XPCO\XPCO\MIP\MIPSDK\tst\VideoOS.Platform.SDK.UnitTests\EnvironmentTests\TestsWithCorporateShimsBase.cs:line 227&#xD;
   at VideoOS.Platform.Proxy.ConfigApi.ConfigurationApiItemWrapper..ctor(ServerId serverId, String path) in D:\actions-runner\_work\XPCO\XPCO\MIP\PlatformPlugin\VideoOS.Platform\src\Proxy\ConfigApi\ConfigurationApiItemWrapper.cs:line 110&#xD;
   at VideoOS.Platform.ConfigurationItems.Factory.IsItemTypeSupported(ServerId serverId, String itemType) in D:\actions-runner\_work\XPCO\XPCO\MIP\PlatformPlugin\VideoOS.Platform\src\ConfigurationItems\Factory.cs:line 464&#xD;
&#xD;
Factory.IsItemTypeSupportedFactory.IsItemTypeSupported ()The method or operation is not implemented.   at VideoOS.Platform.SDKUnittest.EnvironmentTests.TestConfigurationClientService.GetItem(String path) in D:\actions-runner\_work\XPCO\XPCO\MIP\MIPSDK\tst\VideoOS.Platform.SDK.UnitTests\EnvironmentTests\TestsWithCorporateShimsBase.cs:line 227&#xD;
   at VideoOS.Platform.Proxy.ConfigApi.ConfigurationApiItemWrapper..ctor(ServerId serverId, String path) in D:\actions-runner\_work\XPCO\XPCO\MIP\PlatformPlugin\VideoOS.Platform\src\Proxy\ConfigApi\ConfigurationApiItemWrapper.cs:line 110&#xD;
   at VideoOS.Platform.ConfigurationItems.Factory.IsItemTypeSupported(ServerId serverId, String itemType) in D:\actions-runner\_work\XPCO\XPCO\MIP\PlatformPlugin\VideoOS.Platform\src\ConfigurationItems\Factory.cs:line 464&#xD;
MIP: Error: LoginServerOauth (): https://1.2.3.5:55/ManagementServer/ServerCommandServiceOAuth.svc The method or operation is not implemented.&#xD;
MIP: Error: ConfigurationApiItemWrapper (): ConfigAPI GetItem(): System.NotImplementedException, The method or operation is not implemented.&#xD;
MIP: Error: Factory.IsItemTypeSupported (): Exception source:      VideoOS.Platform.SDK.UnitTests&#xD;
Exception type:        System.NotImplementedException&#xD;
Exception message:     The method or operation is not implemented.&#xD;
Exception target site: GetItem&#xD;
   at VideoOS.Platform.SDKUnittest.EnvironmentTests.TestConfigurationClientService.GetItem(String path) in D:\actions-runner\_work\XPCO\XPCO\MIP\MIPSDK\tst\VideoOS.Platform.SDK.UnitTests\EnvironmentTests\TestsWithCorporateShimsBase.cs:line 227&#xD;
   at VideoOS.Platform.Proxy.ConfigApi.ConfigurationApiItemWrapper..ctor(ServerId serverId, String path) in D:\actions-runner\_work\XPCO\XPCO\MIP\PlatformPlugin\VideoOS.Platform\src\Proxy\ConfigApi\ConfigurationApiItemWrapper.cs:line 110&#xD;
   at VideoOS.Platform.ConfigurationItems.Factory.IsItemTypeSupported(ServerId serverId, String itemType) in D:\actions-runner\_work\XPCO\XPCO\MIP\PlatformPlugin\VideoOS.Platform\src\ConfigurationItems\Factory.cs:line 464&#xD;
&#xD;
Factory.IsItemTypeSupportedFactory.IsItemTypeSupported ()The method or operation is not implemented.   at VideoOS.Platform.SDKUnittest.EnvironmentTests.TestConfigurationClientService.GetItem(String path) in D:\actions-runner\_work\XPCO\XPCO\MIP\MIPSDK\tst\VideoOS.Platform.SDK.UnitTests\EnvironmentTests\TestsWithCorporateShimsBase.cs:line 227&#xD;
   at VideoOS.Platform.Proxy.ConfigApi.ConfigurationApiItemWrapper..ctor(ServerId serverId, String path) in D:\actions-runner\_work\XPCO\XPCO\MIP\PlatformPlugin\VideoOS.Platform\src\Proxy\ConfigApi\ConfigurationApiItemWrapper.cs:line 110&#xD;
   at VideoOS.Platform.ConfigurationItems.Factory.IsItemTypeSupported(ServerId serverId, String itemType) in D:\actions-runner\_work\XPCO\XPCO\MIP\PlatformPlugin\VideoOS.Platform\src\ConfigurationItems\Factory.cs:line 464&#xD;
MIP: Error: GetConfiguration (): CustomSetting not found for the given platformDefinitionId: e145597a-ecaf-40a1-99e6-14bb9d45a09e&#xD;
MIP: Error: ConfigurationApiItemWrapper (): ConfigAPI GetItem(): System.NotImplementedException, The method or operation is not implemented.&#xD;
MIP: Error: Factory.IsItemTypeSupported (): Exception source:      VideoOS.Platform.SDK.UnitTests&#xD;
Exception type:        System.NotImplementedException&#xD;
Exception message:     The method or operation is not implemented.&#xD;
Exception target site: GetItem&#xD;
   at VideoOS.Platform.SDKUnittest.EnvironmentTests.TestConfigurationClientService.GetItem(String path) in D:\actions-runner\_work\XPCO\XPCO\MIP\MIPSDK\tst\VideoOS.Platform.SDK.UnitTests\EnvironmentTests\TestsWithCorporateShimsBase.cs:line 227&#xD;
   at VideoOS.Platform.Proxy.ConfigApi.ConfigurationApiItemWrapper..ctor(ServerId serverId, String path) in D:\actions-runner\_work\XPCO\XPCO\MIP\PlatformPlugin\VideoOS.Platform\src\Proxy\ConfigApi\ConfigurationApiItemWrapper.cs:line 110&#xD;
   at VideoOS.Platform.ConfigurationItems.Factory.IsItemTypeSupported(ServerId serverId, String itemType) in D:\actions-runner\_work\XPCO\XPCO\MIP\PlatformPlugin\VideoOS.Platform\src\ConfigurationItems\Factory.cs:line 464&#xD;
&#xD;
Factory.IsItemTypeSupportedFactory.IsItemTypeSupported ()The method or operation is not implemented.   at VideoOS.Platform.SDKUnittest.EnvironmentTests.TestConfigurationClientService.GetItem(String path) in D:\actions-runner\_work\XPCO\XPCO\MIP\MIPSDK\tst\VideoOS.Platform.SDK.UnitTests\EnvironmentTests\TestsWithCorporateShimsBase.cs:line 227&#xD;
   at VideoOS.Platform.Proxy.ConfigApi.ConfigurationApiItemWrapper..ctor(ServerId serverId, String path) in D:\actions-runner\_work\XPCO\XPCO\MIP\PlatformPlugin\VideoOS.Platform\src\Proxy\ConfigApi\ConfigurationApiItemWrapper.cs:line 110&#xD;
   at VideoOS.Platform.ConfigurationItems.Factory.IsItemTypeSupported(ServerId serverId, String itemType) in D:\actions-runner\_work\XPCO\XPCO\MIP\PlatformPlugin\VideoOS.Platform\src\ConfigurationItems\Factory.cs:line 464&#xD;
MIP: Error: LoginServerOauth (): https://1.2.3.5:55/ManagementServer/ServerCommandServiceOAuth.svc The method or operation is not implemented.&#xD;
MIP: Error: ConfigurationApiItemWrapper (): ConfigAPI GetItem(): System.NotImplementedException, The method or operation is not implemented.&#xD;
MIP: Error: Factory.IsItemTypeSupported (): Exception source:      VideoOS.Platform.SDK.UnitTests&#xD;
Exception type:        System.NotImplementedException&#xD;
Exception message:     The method or operation is not implemented.&#xD;
Exception target site: GetItem&#xD;
   at VideoOS.Platform.SDKUnittest.EnvironmentTests.TestConfigurationClientService.GetItem(String path) in D:\actions-runner\_work\XPCO\XPCO\MIP\MIPSDK\tst\VideoOS.Platform.SDK.UnitTests\EnvironmentTests\TestsWithCorporateShimsBase.cs:line 227&#xD;
   at VideoOS.Platform.Proxy.ConfigApi.ConfigurationApiItemWrapper..ctor(ServerId serverId, String path) in D:\actions-runner\_work\XPCO\XPCO\MIP\PlatformPlugin\VideoOS.Platform\src\Proxy\ConfigApi\ConfigurationApiItemWrapper.cs:line 110&#xD;
   at VideoOS.Platform.ConfigurationItems.Factory.IsItemTypeSupported(ServerId serverId, String itemType) in D:\actions-runner\_work\XPCO\XPCO\MIP\PlatformPlugin\VideoOS.Platform\src\ConfigurationItems\Factory.cs:line 464&#xD;
&#xD;
Factory.IsItemTypeSupportedFactory.IsItemTypeSupported ()The method or operation is not implemented.   at VideoOS.Platform.SDKUnittest.EnvironmentTests.TestConfigurationClientService.GetItem(String path) in D:\actions-runner\_work\XPCO\XPCO\MIP\MIPSDK\tst\VideoOS.Platform.SDK.UnitTests\EnvironmentTests\TestsWithCorporateShimsBase.cs:line 227&#xD;
   at VideoOS.Platform.Proxy.ConfigApi.ConfigurationApiItemWrapper..ctor(ServerId serverId, String path) in D:\actions-runner\_work\XPCO\XPCO\MIP\PlatformPlugin\VideoOS.Platform\src\Proxy\ConfigApi\ConfigurationApiItemWrapper.cs:line 110&#xD;
   at VideoOS.Platform.ConfigurationItems.Factory.IsItemTypeSupported(ServerId serverId, String itemType) in D:\actions-runner\_work\XPCO\XPCO\MIP\PlatformPlugin\VideoOS.Platform\src\ConfigurationItems\Factory.cs:line 464&#xD;
MIP: Error: GetConfiguration (): CustomSetting not found for the given platformDefinitionId: e145597a-ecaf-40a1-99e6-14bb9d45a09e&#xD;
MIP: Error: ConfigurationApiItemWrapper (): ConfigAPI GetItem(): System.NotImplementedException, The method or operation is not implemented.&#xD;
MIP: Error: Factory.IsItemTypeSupported (): Exception source:      VideoOS.Platform.SDK.UnitTests&#xD;
Exception type:        System.NotImplementedException&#xD;
Exception message:     The method or operation is not implemented.&#xD;
Exception target site: GetItem&#xD;
   at VideoOS.Platform.SDKUnittest.EnvironmentTests.TestConfigurationClientService.GetItem(String path) in D:\actions-runner\_work\XPCO\XPCO\MIP\MIPSDK\tst\VideoOS.Platform.SDK.UnitTests\EnvironmentTests\TestsWithCorporateShimsBase.cs:line 227&#xD;
   at VideoOS.Platform.Proxy.ConfigApi.ConfigurationApiItemWrapper..ctor(ServerId serverId, String path) in D:\actions-runner\_work\XPCO\XPCO\MIP\PlatformPlugin\VideoOS.Platform\src\Proxy\ConfigApi\ConfigurationApiItemWrapper.cs:line 110&#xD;
   at VideoOS.Platform.ConfigurationItems.Factory.IsItemTypeSupported(ServerId serverId, String itemType) in D:\actions-runner\_work\XPCO\XPCO\MIP\PlatformPlugin\VideoOS.Platform\src\ConfigurationItems\Factory.cs:line 464&#xD;
&#xD;
Factory.IsItemTypeSupportedFactory.IsItemTypeSupported ()The method or operation is not implemented.   at VideoOS.Platform.SDKUnittest.EnvironmentTests.TestConfigurationClientService.GetItem(String path) in D:\actions-runner\_work\XPCO\XPCO\MIP\MIPSDK\tst\VideoOS.Platform.SDK.UnitTests\EnvironmentTests\TestsWithCorporateShimsBase.cs:line 227&#xD;
   at VideoOS.Platform.Proxy.ConfigApi.ConfigurationApiItemWrapper..ctor(ServerId serverId, String path) in D:\actions-runner\_work\XPCO\XPCO\MIP\PlatformPlugin\VideoOS.Platform\src\Proxy\ConfigApi\ConfigurationApiItemWrapper.cs:line 110&#xD;
   at VideoOS.Platform.ConfigurationItems.Factory.IsItemTypeSupported(ServerId serverId, String itemType) in D:\actions-runner\_work\XPCO\XPCO\MIP\PlatformPlugin\VideoOS.Platform\src\ConfigurationItems\Factory.cs:line 464&#xD;
MIP: Error: LoginServerOauth (): https://1.2.3.5:55/ManagementServer/ServerCommandServiceOAuth.svc The method or operation is not implemented.&#xD;
MIP: Error: ConfigurationApiItemWrapper (): ConfigAPI GetItem(): System.NotImplementedException, The method or operation is not implemented.&#xD;
MIP: Error: Factory.IsItemTypeSupported (): Exception source:      VideoOS.Platform.SDK.UnitTests&#xD;
Exception type:        System.NotImplementedException&#xD;
Exception message:     The method or operation is not implemented.&#xD;
Exception target site: GetItem&#xD;
   at VideoOS.Platform.SDKUnittest.EnvironmentTests.TestConfigurationClientService.GetItem(String path) in D:\actions-runner\_work\XPCO\XPCO\MIP\MIPSDK\tst\VideoOS.Platform.SDK.UnitTests\EnvironmentTests\TestsWithCorporateShimsBase.cs:line 227&#xD;
   at VideoOS.Platform.Proxy.ConfigApi.ConfigurationApiItemWrapper..ctor(ServerId serverId, String path) in D:\actions-runner\_work\XPCO\XPCO\MIP\PlatformPlugin\VideoOS.Platform\src\Proxy\ConfigApi\ConfigurationApiItemWrapper.cs:line 110&#xD;
   at VideoOS.Platform.ConfigurationItems.Factory.IsItemTypeSupported(ServerId serverId, String itemType) in D:\actions-runner\_work\XPCO\XPCO\MIP\PlatformPlugin\VideoOS.Platform\src\ConfigurationItems\Factory.cs:line 464&#xD;
&#xD;
Factory.IsItemTypeSupportedFactory.IsItemTypeSupported ()The method or operation is not implemented.   at VideoOS.Platform.SDKUnittest.EnvironmentTests.TestConfigurationClientService.GetItem(String path) in D:\actions-runner\_work\XPCO\XPCO\MIP\MIPSDK\tst\VideoOS.Platform.SDK.UnitTests\EnvironmentTests\TestsWithCorporateShimsBase.cs:line 227&#xD;
   at VideoOS.Platform.Proxy.ConfigApi.ConfigurationApiItemWrapper..ctor(ServerId serverId, String path) in D:\actions-runner\_work\XPCO\XPCO\MIP\PlatformPlugin\VideoOS.Platform\src\Proxy\ConfigApi\ConfigurationApiItemWrapper.cs:line 110&#xD;
   at VideoOS.Platform.ConfigurationItems.Factory.IsItemTypeSupported(ServerId serverId, String itemType) in D:\actions-runner\_work\XPCO\XPCO\MIP\PlatformPlugin\VideoOS.Platform\src\ConfigurationItems\Factory.cs:line 464&#xD;
MIP: Error: ConfigurationApiItemWrapper (): ConfigAPI GetItem(): System.NotImplementedException, The method or operation is not implemented.&#xD;
MIP: Error: Factory.IsItemTypeSupported (): Exception source:      VideoOS.Platform.SDK.UnitTests&#xD;
Exception type:        System.NotImplementedException&#xD;
Exception message:     The method or operation is not implemented.&#xD;
Exception target site: GetItem&#xD;
   at VideoOS.Platform.SDKUnittest.EnvironmentTests.TestConfigurationClientService.GetItem(String path) in D:\actions-runner\_work\XPCO\XPCO\MIP\MIPSDK\tst\VideoOS.Platform.SDK.UnitTests\EnvironmentTests\TestsWithCorporateShimsBase.cs:line 227&#xD;
   at VideoOS.Platform.Proxy.ConfigApi.ConfigurationApiItemWrapper..ctor(ServerId serverId, String path) in D:\actions-runner\_work\XPCO\XPCO\MIP\PlatformPlugin\VideoOS.Platform\src\Proxy\ConfigApi\ConfigurationApiItemWrapper.cs:line 110&#xD;
   at VideoOS.Platform.ConfigurationItems.Factory.IsItemTypeSupported(ServerId serverId, String itemType) in D:\actions-runner\_work\XPCO\XPCO\MIP\PlatformPlugin\VideoOS.Platform\src\ConfigurationItems\Factory.cs:line 464&#xD;
&#xD;
Factory.IsItemTypeSupportedFactory.IsItemTypeSupported ()The method or operation is not implemented.   at VideoOS.Platform.SDKUnittest.EnvironmentTests.TestConfigurationClientService.GetItem(String path) in D:\actions-runner\_work\XPCO\XPCO\MIP\MIPSDK\tst\VideoOS.Platform.SDK.UnitTests\EnvironmentTests\TestsWithCorporateShimsBase.cs:line 227&#xD;
   at VideoOS.Platform.Proxy.ConfigApi.ConfigurationApiItemWrapper..ctor(ServerId serverId, String path) in D:\actions-runner\_work\XPCO\XPCO\MIP\PlatformPlugin\VideoOS.Platform\src\Proxy\ConfigApi\ConfigurationApiItemWrapper.cs:line 110&#xD;
   at VideoOS.Platform.ConfigurationItems.Factory.IsItemTypeSupported(ServerId serverId, String itemType) in D:\actions-runner\_work\XPCO\XPCO\MIP\PlatformPlugin\VideoOS.Platform\src\ConfigurationItems\Factory.cs:line 464&#xD;
MIP: Error: LoginServerOauth (): https://1.2.3.5:55/ManagementServer/ServerCommandServiceOAuth.svc The method or operation is not implemented.&#xD;
MIP: Error: ConfigurationApiItemWrapper (): ConfigAPI GetItem(): System.NotImplementedException, The method or operation is not implemented.&#xD;
MIP: Error: Factory.IsItemTypeSupported (): Exception source:      VideoOS.Platform.SDK.UnitTests&#xD;
Exception type:        System.NotImplementedException&#xD;
Exception message:     The method or operation is not implemented.&#xD;
Exception target site: GetItem&#xD;
   at VideoOS.Platform.SDKUnittest.EnvironmentTests.TestConfigurationClientService.GetItem(String path) in D:\actions-runner\_work\XPCO\XPCO\MIP\MIPSDK\tst\VideoOS.Platform.SDK.UnitTests\EnvironmentTests\TestsWithCorporateShimsBase.cs:line 227&#xD;
   at VideoOS.Platform.Proxy.ConfigApi.ConfigurationApiItemWrapper..ctor(ServerId serverId, String path) in D:\actions-runner\_work\XPCO\XPCO\MIP\PlatformPlugin\VideoOS.Platform\src\Proxy\ConfigApi\ConfigurationApiItemWrapper.cs:line 110&#xD;
   at VideoOS.Platform.ConfigurationItems.Factory.IsItemTypeSupported(ServerId serverId, String itemType) in D:\actions-runner\_work\XPCO\XPCO\MIP\PlatformPlugin\VideoOS.Platform\src\ConfigurationItems\Factory.cs:line 464&#xD;
&#xD;
Factory.IsItemTypeSupportedFactory.IsItemTypeSupported ()The method or operation is not implemented.   at VideoOS.Platform.SDKUnittest.EnvironmentTests.TestConfigurationClientService.GetItem(String path) in D:\actions-runner\_work\XPCO\XPCO\MIP\MIPSDK\tst\VideoOS.Platform.SDK.UnitTests\EnvironmentTests\TestsWithCorporateShimsBase.cs:line 227&#xD;
   at VideoOS.Platform.Proxy.ConfigApi.ConfigurationApiItemWrapper..ctor(ServerId serverId, String path) in D:\actions-runner\_work\XPCO\XPCO\MIP\PlatformPlugin\VideoOS.Platform\src\Proxy\ConfigApi\ConfigurationApiItemWrapper.cs:line 110&#xD;
   at VideoOS.Platform.ConfigurationItems.Factory.IsItemTypeSupported(ServerId serverId, String itemType) in D:\actions-runner\_work\XPCO\XPCO\MIP\PlatformPlugin\VideoOS.Platform\src\ConfigurationItems\Factory.cs:line 464&#xD;
MIP: Error: GetConfiguration (): CustomSetting not found for the given platformDefinitionId: e145597a-ecaf-40a1-99e6-14bb9d45a09e&#xD;
MIP: Error: ConfigurationApiItemWrapper (): ConfigAPI GetItem(): System.NotImplementedException, The method or operation is not implemented.&#xD;
MIP: Error: Factory.IsItemTypeSupported (): Exception source:      VideoOS.Platform.SDK.UnitTests&#xD;
Exception type:        System.NotImplementedException&#xD;
Exception message:     The method or operation is not implemented.&#xD;
Exception target site: GetItem&#xD;
   at VideoOS.Platform.SDKUnittest.EnvironmentTests.TestConfigurationClientService.GetItem(String path) in D:\actions-runner\_work\XPCO\XPCO\MIP\MIPSDK\tst\VideoOS.Platform.SDK.UnitTests\EnvironmentTests\TestsWithCorporateShimsBase.cs:line 227&#xD;
   at VideoOS.Platform.Proxy.ConfigApi.ConfigurationApiItemWrapper..ctor(ServerId serverId, String path) in D:\actions-runner\_work\XPCO\XPCO\MIP\PlatformPlugin\VideoOS.Platform\src\Proxy\ConfigApi\ConfigurationApiItemWrapper.cs:line 110&#xD;
   at VideoOS.Platform.ConfigurationItems.Factory.IsItemTypeSupported(ServerId serverId, String itemType) in D:\actions-runner\_work\XPCO\XPCO\MIP\PlatformPlugin\VideoOS.Platform\src\ConfigurationItems\Factory.cs:line 464&#xD;
&#xD;
Factory.IsItemTypeSupportedFactory.IsItemTypeSupported ()The method or operation is not implemented.   at VideoOS.Platform.SDKUnittest.EnvironmentTests.TestConfigurationClientService.GetItem(String path) in D:\actions-runner\_work\XPCO\XPCO\MIP\MIPSDK\tst\VideoOS.Platform.SDK.UnitTests\EnvironmentTests\TestsWithCorporateShimsBase.cs:line 227&#xD;
   at VideoOS.Platform.Proxy.ConfigApi.ConfigurationApiItemWrapper..ctor(ServerId serverId, String path) in D:\actions-runner\_work\XPCO\XPCO\MIP\PlatformPlugin\VideoOS.Platform\src\Proxy\ConfigApi\ConfigurationApiItemWrapper.cs:line 110&#xD;
   at VideoOS.Platform.ConfigurationItems.Factory.IsItemTypeSupported(ServerId serverId, String itemType) in D:\actions-runner\_work\XPCO\XPCO\MIP\PlatformPlugin\VideoOS.Platform\src\ConfigurationItems\Factory.cs:line 464&#xD;
MIP: Error: LoginServerOauth (): https://1.2.3.5:55/ManagementServer/ServerCommandServiceOAuth.svc The method or operation is not implemented.&#xD;
MIP: Error: ConfigurationApiItemWrapper (): ConfigAPI GetItem(): System.NotImplementedException, The method or operation is not implemented.&#xD;
MIP: Error: Factory.IsItemTypeSupported (): Exception source:      VideoOS.Platform.SDK.UnitTests&#xD;
Exception type:        System.NotImplementedException&#xD;
Exception message:     The method or operation is not implemented.&#xD;
Exception target site: GetItem&#xD;
   at VideoOS.Platform.SDKUnittest.EnvironmentTests.TestConfigurationClientService.GetItem(String path) in D:\actions-runner\_work\XPCO\XPCO\MIP\MIPSDK\tst\VideoOS.Platform.SDK.UnitTests\EnvironmentTests\TestsWithCorporateShimsBase.cs:line 227&#xD;
   at VideoOS.Platform.Proxy.ConfigApi.ConfigurationApiItemWrapper..ctor(ServerId serverId, String path) in D:\actions-runner\_work\XPCO\XPCO\MIP\PlatformPlugin\VideoOS.Platform\src\Proxy\ConfigApi\ConfigurationApiItemWrapper.cs:line 110&#xD;
   at VideoOS.Platform.ConfigurationItems.Factory.IsItemTypeSupported(ServerId serverId, String itemType) in D:\actions-runner\_work\XPCO\XPCO\MIP\PlatformPlugin\VideoOS.Platform\src\ConfigurationItems\Factory.cs:line 464&#xD;
&#xD;
Factory.IsItemTypeSupportedFactory.IsItemTypeSupported ()The method or operation is not implemented.   at VideoOS.Platform.SDKUnittest.EnvironmentTests.TestConfigurationClientService.GetItem(String path) in D:\actions-runner\_work\XPCO\XPCO\MIP\MIPSDK\tst\VideoOS.Platform.SDK.UnitTests\EnvironmentTests\TestsWithCorporateShimsBase.cs:line 227&#xD;
   at VideoOS.Platform.Proxy.ConfigApi.ConfigurationApiItemWrapper..ctor(ServerId serverId, String path) in D:\actions-runner\_work\XPCO\XPCO\MIP\PlatformPlugin\VideoOS.Platform\src\Proxy\ConfigApi\ConfigurationApiItemWrapper.cs:line 110&#xD;
   at VideoOS.Platform.ConfigurationItems.Factory.IsItemTypeSupported(ServerId serverId, String itemType) in D:\actions-runner\_work\XPCO\XPCO\MIP\PlatformPlugin\VideoOS.Platform\src\ConfigurationItems\Factory.cs:line 464&#xD;
MIP: Error: ConfigurationApiItemWrapper (): ConfigAPI GetItem(): System.NotImplementedException, The method or operation is not implemented.&#xD;
MIP: Error: Factory.IsItemTypeSupported (): Exception source:      VideoOS.Platform.SDK.UnitTests&#xD;
Exception type:        System.NotImplementedException&#xD;
Exception message:     The method or operation is not implemented.&#xD;
Exception target site: GetItem&#xD;
   at VideoOS.Platform.SDKUnittest.EnvironmentTests.TestConfigurationClientService.GetItem(String path) in D:\actions-runner\_work\XPCO\XPCO\MIP\MIPSDK\tst\VideoOS.Platform.SDK.UnitTests\EnvironmentTests\TestsWithCorporateShimsBase.cs:line 227&#xD;
   at VideoOS.Platform.Proxy.ConfigApi.ConfigurationApiItemWrapper..ctor(ServerId serverId, String path) in D:\actions-runner\_work\XPCO\XPCO\MIP\PlatformPlugin\VideoOS.Platform\src\Proxy\ConfigApi\ConfigurationApiItemWrapper.cs:line 110&#xD;
   at VideoOS.Platform.ConfigurationItems.Factory.IsItemTypeSupported(ServerId serverId, String itemType) in D:\actions-runner\_work\XPCO\XPCO\MIP\PlatformPlugin\VideoOS.Platform\src\ConfigurationItems\Factory.cs:line 464&#xD;
&#xD;
Factory.IsItemTypeSupportedFactory.IsItemTypeSupported ()The method or operation is not implemented.   at VideoOS.Platform.SDKUnittest.EnvironmentTests.TestConfigurationClientService.GetItem(String path) in D:\actions-runner\_work\XPCO\XPCO\MIP\MIPSDK\tst\VideoOS.Platform.SDK.UnitTests\EnvironmentTests\TestsWithCorporateShimsBase.cs:line 227&#xD;
   at VideoOS.Platform.Proxy.ConfigApi.ConfigurationApiItemWrapper..ctor(ServerId serverId, String path) in D:\actions-runner\_work\XPCO\XPCO\MIP\PlatformPlugin\VideoOS.Platform\src\Proxy\ConfigApi\ConfigurationApiItemWrapper.cs:line 110&#xD;
   at VideoOS.Platform.ConfigurationItems.Factory.IsItemTypeSupported(ServerId serverId, String itemType) in D:\actions-runner\_work\XPCO\XPCO\MIP\PlatformPlugin\VideoOS.Platform\src\ConfigurationItems\Factory.cs:line 464&#xD;
MIP: Error: ConfigurationApiItemWrapper (): ConfigAPI GetItem(): System.NotImplementedException, The method or operation is not implemented.&#xD;
MIP: Error: Factory.IsItemTypeSupported (): Exception source:      VideoOS.Platform.SDK.UnitTests&#xD;
Exception type:        System.NotImplementedException&#xD;
Exception message:     The method or operation is not implemented.&#xD;
Exception target site: GetItem&#xD;
   at VideoOS.Platform.SDKUnittest.EnvironmentTests.TestConfigurationClientService.GetItem(String path) in D:\actions-runner\_work\XPCO\XPCO\MIP\MIPSDK\tst\VideoOS.Platform.SDK.UnitTests\EnvironmentTests\TestsWithCorporateShimsBase.cs:line 227&#xD;
   at VideoOS.Platform.Proxy.ConfigApi.ConfigurationApiItemWrapper..ctor(ServerId serverId, String path) in D:\actions-runner\_work\XPCO\XPCO\MIP\PlatformPlugin\VideoOS.Platform\src\Proxy\ConfigApi\ConfigurationApiItemWrapper.cs:line 110&#xD;
   at VideoOS.Platform.ConfigurationItems.Factory.IsItemTypeSupported(ServerId serverId, String itemType) in D:\actions-runner\_work\XPCO\XPCO\MIP\PlatformPlugin\VideoOS.Platform\src\ConfigurationItems\Factory.cs:line 464&#xD;
&#xD;
Factory.IsItemTypeSupportedFactory.IsItemTypeSupported ()The method or operation is not implemented.   at VideoOS.Platform.SDKUnittest.EnvironmentTests.TestConfigurationClientService.GetItem(String path) in D:\actions-runner\_work\XPCO\XPCO\MIP\MIPSDK\tst\VideoOS.Platform.SDK.UnitTests\EnvironmentTests\TestsWithCorporateShimsBase.cs:line 227&#xD;
   at VideoOS.Platform.Proxy.ConfigApi.ConfigurationApiItemWrapper..ctor(ServerId serverId, String path) in D:\actions-runner\_work\XPCO\XPCO\MIP\PlatformPlugin\VideoOS.Platform\src\Proxy\ConfigApi\ConfigurationApiItemWrapper.cs:line 110&#xD;
   at VideoOS.Platform.ConfigurationItems.Factory.IsItemTypeSupported(ServerId serverId, String itemType) in D:\actions-runner\_work\XPCO\XPCO\MIP\PlatformPlugin\VideoOS.Platform\src\ConfigurationItems\Factory.cs:line 464&#xD;
MIP: Error: ConfigurationApiItemWrapper (): ConfigAPI GetItem(): System.NotImplementedException, The method or operation is not implemented.&#xD;
MIP: Error: Factory.IsItemTypeSupported (): Exception source:      VideoOS.Platform.SDK.UnitTests&#xD;
Exception type:        System.NotImplementedException&#xD;
Exception message:     The method or operation is not implemented.&#xD;
Exception target site: GetItem&#xD;
   at VideoOS.Platform.SDKUnittest.EnvironmentTests.TestConfigurationClientService.GetItem(String path) in D:\actions-runner\_work\XPCO\XPCO\MIP\MIPSDK\tst\VideoOS.Platform.SDK.UnitTests\EnvironmentTests\TestsWithCorporateShimsBase.cs:line 227&#xD;
   at VideoOS.Platform.Proxy.ConfigApi.ConfigurationApiItemWrapper..ctor(ServerId serverId, String path) in D:\actions-runner\_work\XPCO\XPCO\MIP\PlatformPlugin\VideoOS.Platform\src\Proxy\ConfigApi\ConfigurationApiItemWrapper.cs:line 110&#xD;
   at VideoOS.Platform.ConfigurationItems.Factory.IsItemTypeSupported(ServerId serverId, String itemType) in D:\actions-runner\_work\XPCO\XPCO\MIP\PlatformPlugin\VideoOS.Platform\src\ConfigurationItems\Factory.cs:line 464&#xD;
&#xD;
Factory.IsItemTypeSupportedFactory.IsItemTypeSupported ()The method or operation is not implemented.   at VideoOS.Platform.SDKUnittest.EnvironmentTests.TestConfigurationClientService.GetItem(String path) in D:\actions-runner\_work\XPCO\XPCO\MIP\MIPSDK\tst\VideoOS.Platform.SDK.UnitTests\EnvironmentTests\TestsWithCorporateShimsBase.cs:line 227&#xD;
   at VideoOS.Platform.Proxy.ConfigApi.ConfigurationApiItemWrapper..ctor(ServerId serverId, String path) in D:\actions-runner\_work\XPCO\XPCO\MIP\PlatformPlugin\VideoOS.Platform\src\Proxy\ConfigApi\ConfigurationApiItemWrapper.cs:line 110&#xD;
   at VideoOS.Platform.ConfigurationItems.Factory.IsItemTypeSupported(ServerId serverId, String itemType) in D:\actions-runner\_work\XPCO\XPCO\MIP\PlatformPlugin\VideoOS.Platform\src\ConfigurationItems\Factory.cs:line 464&#xD;
MIP: Error: ConfigurationApiItemWrapper (): ConfigAPI GetItem(): System.NotImplementedException, The method or operation is not implemented.&#xD;
MIP: Error: Factory.IsItemTypeSupported (): Exception source:      VideoOS.Platform.SDK.UnitTests&#xD;
Exception type:        System.NotImplementedException&#xD;
Exception message:     The method or operation is not implemented.&#xD;
Exception target site: GetItem&#xD;
   at VideoOS.Platform.SDKUnittest.EnvironmentTests.TestConfigurationClientService.GetItem(String path) in D:\actions-runner\_work\XPCO\XPCO\MIP\MIPSDK\tst\VideoOS.Platform.SDK.UnitTests\EnvironmentTests\TestsWithCorporateShimsBase.cs:line 227&#xD;
   at VideoOS.Platform.Proxy.ConfigApi.ConfigurationApiItemWrapper..ctor(ServerId serverId, String path) in D:\actions-runner\_work\XPCO\XPCO\MIP\PlatformPlugin\VideoOS.Platform\src\Proxy\ConfigApi\ConfigurationApiItemWrapper.cs:line 110&#xD;
   at VideoOS.Platform.ConfigurationItems.Factory.IsItemTypeSupported(ServerId serverId, String itemType) in D:\actions-runner\_work\XPCO\XPCO\MIP\PlatformPlugin\VideoOS.Platform\src\ConfigurationItems\Factory.cs:line 464&#xD;
&#xD;
Factory.IsItemTypeSupportedFactory.IsItemTypeSupported ()The method or operation is not implemented.   at VideoOS.Platform.SDKUnittest.EnvironmentTests.TestConfigurationClientService.GetItem(String path) in D:\actions-runner\_work\XPCO\XPCO\MIP\MIPSDK\tst\VideoOS.Platform.SDK.UnitTests\EnvironmentTests\TestsWithCorporateShimsBase.cs:line 227&#xD;
   at VideoOS.Platform.Proxy.ConfigApi.ConfigurationApiItemWrapper..ctor(ServerId serverId, String path) in D:\actions-runner\_work\XPCO\XPCO\MIP\PlatformPlugin\VideoOS.Platform\src\Proxy\ConfigApi\ConfigurationApiItemWrapper.cs:line 110&#xD;
   at VideoOS.Platform.ConfigurationItems.Factory.IsItemTypeSupported(ServerId serverId, String itemType) in D:\actions-runner\_work\XPCO\XPCO\MIP\PlatformPlugin\VideoOS.Platform\src\ConfigurationItems\Factory.cs:line 464</StdOut>
      </Output>
    </UnitTestResult>
    <UnitTestResult executionId="22e80401-4dee-48c7-86bd-fcdc34a4cec1" testId="9e508b96-cfd4-c55d-5eaa-c8158310f114" testName="HandleStateChanged_StateDisconnected_ConnectedIsFalseAndEventFired" computerName="DKSR-EFI-04" duration="00:00:00.0025626" startTime="2023-12-22T09:36:47.4760035+01:00" endTime="2023-12-22T09:36:47.4760035+01:00" testType="13cdc9d9-ddb5-4fa4-a97d-d965ccfc6d4b" outcome="Passed" testListId="8c84fa94-04c1-424b-9868-57a2d4851a1d" relativeResultsDirectory="22e80401-4dee-48c7-86bd-fcdc34a4cec1" />
    <UnitTestResult executionId="c602be3d-1717-425d-a440-62da0ca278dc" testId="26f9b70e-5804-b406-9eb3-8ec45170e496" testName="ConnectUsingConfiguration_EmptyConfiguration_Throws" computerName="DKSR-EFI-04" duration="00:00:00.0007957" startTime="2023-12-22T09:36:47.4916304+01:00" endTime="2023-12-22T09:36:47.4916304+01:00" testType="13cdc9d9-ddb5-4fa4-a97d-d965ccfc6d4b" outcome="Passed" testListId="8c84fa94-04c1-424b-9868-57a2d4851a1d" relativeResultsDirectory="c602be3d-1717-425d-a440-62da0ca278dc" />
    <UnitTestResult executionId="a9506346-7c56-4c16-9d58-0b4f61471650" testId="25427a6e-425e-4512-33a3-c00f4877572d" testName="Disconnect_Connected_DisconnectsAudioToolkit" computerName="DKSR-EFI-04" duration="00:00:00.0030004" startTime="2023-12-22T09:36:47.5228798+01:00" endTime="2023-12-22T09:36:47.5228798+01:00" testType="13cdc9d9-ddb5-4fa4-a97d-d965ccfc6d4b" outcome="Passed" testListId="8c84fa94-04c1-424b-9868-57a2d4851a1d" relativeResultsDirectory="a9506346-7c56-4c16-9d58-0b4f61471650" />
    <UnitTestResult executionId="e7f1bda3-9812-4e91-8b8c-274cec926c1a" testId="2c92124b-c5f5-19a5-8432-332f4bcae799" testName="CheckToDouble" computerName="DKSR-EFI-04" duration="00:00:00.0044726" startTime="2023-12-22T09:36:14.6320766+01:00" endTime="2023-12-22T09:36:14.6320766+01:00" testType="13cdc9d9-ddb5-4fa4-a97d-d965ccfc6d4b" outcome="Passed" testListId="8c84fa94-04c1-424b-9868-57a2d4851a1d" relativeResultsDirectory="e7f1bda3-9812-4e91-8b8c-274cec926c1a" />
    <UnitTestResult executionId="de28e682-a974-4f83-ad0b-7b1ad92561e8" testId="14ccb560-6f46-d233-ecde-9735c641af80" testName="GetRawVideo" computerName="DKSR-EFI-04" duration="00:00:03.6975621" startTime="2023-12-22T09:35:41.1162774+01:00" endTime="2023-12-22T09:35:44.8194204+01:00" testType="13cdc9d9-ddb5-4fa4-a97d-d965ccfc6d4b" outcome="Passed" testListId="8c84fa94-04c1-424b-9868-57a2d4851a1d" relativeResultsDirectory="de28e682-a974-4f83-ad0b-7b1ad92561e8">
      <Output>
        <StdOut>Debug Trace:&#xD;
MIP: Error: GetConfiguration (): CustomSetting not found for the given platformDefinitionId: e145597a-ecaf-40a1-99e6-14bb9d45a09e&#xD;
MIP: Error: GetConfiguration (): CustomSetting not found for the given platformDefinitionId: e145597a-ecaf-40a1-99e6-14bb9d45a09e&#xD;
MIP: Error: GetConfiguration (): CustomSetting not found for the given platformDefinitionId: e145597a-ecaf-40a1-99e6-14bb9d45a09e</StdOut>
      </Output>
    </UnitTestResult>
    <UnitTestResult executionId="faf6abf6-3166-4a5f-8d68-9220c1443fa3" testId="8504aea4-e8b5-8e2d-e4a6-d01e2cfbb43b" testName="ImplementsIDisposable_Success" computerName="DKSR-EFI-04" duration="00:00:00.0451360" startTime="2023-12-22T09:36:47.3978792+01:00" endTime="2023-12-22T09:36:47.4447551+01:00" testType="13cdc9d9-ddb5-4fa4-a97d-d965ccfc6d4b" outcome="Passed" testListId="8c84fa94-04c1-424b-9868-57a2d4851a1d" relativeResultsDirectory="faf6abf6-3166-4a5f-8d68-9220c1443fa3" />
    <UnitTestResult executionId="bd4670ed-5eca-44f4-aa3a-c2a3ac286188" testId="425d7606-d05b-43b7-5f3e-aef51500fc4a" testName="Init_Success" computerName="DKSR-EFI-04" duration="00:00:00.8686645" startTime="2023-12-22T09:35:17.3817768+01:00" endTime="2023-12-22T09:35:18.7880367+01:00" testType="13cdc9d9-ddb5-4fa4-a97d-d965ccfc6d4b" outcome="Passed" testListId="8c84fa94-04c1-424b-9868-57a2d4851a1d" relativeResultsDirectory="bd4670ed-5eca-44f4-aa3a-c2a3ac286188" />
    <UnitTestResult executionId="fb25bbee-490c-4684-94cc-5c15d5c97508" testId="f830c93a-4e43-13d6-c3ab-367476959177" testName="Close_WhenNotNull_Success" computerName="DKSR-EFI-04" duration="00:00:00.0939974" startTime="2023-12-22T09:36:14.6789527+01:00" endTime="2023-12-22T09:36:14.7883302+01:00" testType="13cdc9d9-ddb5-4fa4-a97d-d965ccfc6d4b" outcome="Passed" testListId="8c84fa94-04c1-424b-9868-57a2d4851a1d" relativeResultsDirectory="fb25bbee-490c-4684-94cc-5c15d5c97508" />
    <UnitTestResult executionId="d075462c-09a3-450d-b55c-7d6dc313fe35" testId="48cf9cec-86cd-b055-9df4-4490d5d29676" testName="XpcoSiteInfoUriNoSuccessBasic" computerName="DKSR-EFI-04" duration="00:00:00.4600101" startTime="2023-12-22T09:36:20.8508604+01:00" endTime="2023-12-22T09:36:21.3196123+01:00" testType="13cdc9d9-ddb5-4fa4-a97d-d965ccfc6d4b" outcome="Passed" testListId="8c84fa94-04c1-424b-9868-57a2d4851a1d" relativeResultsDirectory="d075462c-09a3-450d-b55c-7d6dc313fe35">
      <Output>
        <StdOut>Debug Trace:&#xD;
12/22/2023 9:36:20 AMFindBestAddress - Start for: https://4.4.4.4:55/, type=XPCO&#xD;
12/22/2023 9:36:21 AMFindBestAddress - Start for: http://4.4.4.4:55/, type=XPCO&#xD;
ConnectionCheck:https://4.4.4.4:55/  :The method or operation is not implemented.&#xD;
ConnectionCheck for:https://4.4.4.4:55/, Took:203ms&#xD;
12/22/2023 9:36:21 AMFindBestAddress - End for: https://4.4.4.4:55/, type=XPCO&#xD;
ConnectionCheck:http://4.4.4.4:55/  :The method or operation is not implemented.&#xD;
ConnectionCheck for:http://4.4.4.4:55/, Took:203ms&#xD;
12/22/2023 9:36:21 AMFindBestAddress - End for: http://4.4.4.4:55/, type=XPCO&#xD;
MIP: Error: FindBestAddress (): No server found on address: http://4.4.4.4:55/&#xD;
ConstructLoginServer: Unable to identify server type:4.4.4.4</StdOut>
      </Output>
    </UnitTestResult>
    <UnitTestResult executionId="8c8f47ce-2759-42d1-ac6f-6f29eb6b699b" testId="346fbfa0-3649-8251-d8d1-a07b030b1578" testName="Given_Connected_When_CreateSessionTimesOut_Then_AnExceptionIsThrown" computerName="DKSR-EFI-04" duration="00:00:00.0035094" startTime="2023-12-22T09:36:15.3352064+01:00" endTime="2023-12-22T09:36:15.3508316+01:00" testType="13cdc9d9-ddb5-4fa4-a97d-d965ccfc6d4b" outcome="Passed" testListId="8c84fa94-04c1-424b-9868-57a2d4851a1d" relativeResultsDirectory="8c8f47ce-2759-42d1-ac6f-6f29eb6b699b" />
    <UnitTestResult executionId="0826e62b-8397-4a14-b2da-688b1e39c9a6" testId="b4915057-6c4f-8190-48c2-5491b3a35473" testName="HandleStateChanged_StateConnectionFailed_ConnectedIsFalseAndEventFired" computerName="DKSR-EFI-04" duration="00:00:00.0007926" startTime="2023-12-22T09:36:47.4760035+01:00" endTime="2023-12-22T09:36:47.4760035+01:00" testType="13cdc9d9-ddb5-4fa4-a97d-d965ccfc6d4b" outcome="Passed" testListId="8c84fa94-04c1-424b-9868-57a2d4851a1d" relativeResultsDirectory="0826e62b-8397-4a14-b2da-688b1e39c9a6" />
    <UnitTestResult executionId="2be287ef-7340-4f4a-a20d-9abfe8434031" testId="486bf095-ef80-8760-1ed9-25c366babe7b" testName="Given_Connected_When_ResumeSessionUnsuccessful_Then_NoSuccessAndNewSessionIdIsReturned" computerName="DKSR-EFI-04" duration="00:00:00.0034241" startTime="2023-12-22T09:36:15.3352064+01:00" endTime="2023-12-22T09:36:15.3352064+01:00" testType="13cdc9d9-ddb5-4fa4-a97d-d965ccfc6d4b" outcome="Passed" testListId="8c84fa94-04c1-424b-9868-57a2d4851a1d" relativeResultsDirectory="2be287ef-7340-4f4a-a20d-9abfe8434031" />
    <UnitTestResult executionId="c2b0ef2d-f489-40b6-af11-36ba33bc41a2" testId="b4cef04e-2d44-bef8-05c3-d2ca96c4a23e" testName="Givent_MessageContainingEventWithData_When_ConvertingToEvents_Then_DataIsOfType_JsonHandling_JSonObject" computerName="DKSR-EFI-04" duration="00:00:00.0005844" startTime="2023-12-22T09:36:15.9289590+01:00" endTime="2023-12-22T09:36:15.9289590+01:00" testType="13cdc9d9-ddb5-4fa4-a97d-d965ccfc6d4b" outcome="Passed" testListId="8c84fa94-04c1-424b-9868-57a2d4851a1d" relativeResultsDirectory="c2b0ef2d-f489-40b6-af11-36ba33bc41a2" />
    <UnitTestResult executionId="0b7a372f-33cb-4a22-a633-dd886d476aa5" testId="9a32c8de-c721-c8df-01b2-8fdff9dd18ca" testName="Given_EventHandlerIsCreated_When_ReceivingEventMessage_Then_EventsAreSentToAllReceivers" computerName="DKSR-EFI-04" duration="00:00:00.0493103" startTime="2023-12-22T09:36:15.2258318+01:00" endTime="2023-12-22T09:36:15.2727099+01:00" testType="13cdc9d9-ddb5-4fa4-a97d-d965ccfc6d4b" outcome="Passed" testListId="8c84fa94-04c1-424b-9868-57a2d4851a1d" relativeResultsDirectory="0b7a372f-33cb-4a22-a633-dd886d476aa5" />
    <UnitTestResult executionId="2d211aad-98e8-4d70-82dc-d5e5699b143e" testId="12830b4f-7828-9fc9-0289-1b8030e1633a" testName="CreateSession_ShouldStartSession_AndDispose_ShouldStopSession" computerName="DKSR-EFI-04" duration="00:00:00.0637198" startTime="2023-12-22T09:36:15.4289580+01:00" endTime="2023-12-22T09:36:15.5070839+01:00" testType="13cdc9d9-ddb5-4fa4-a97d-d965ccfc6d4b" outcome="Passed" testListId="8c84fa94-04c1-424b-9868-57a2d4851a1d" relativeResultsDirectory="2d211aad-98e8-4d70-82dc-d5e5699b143e" />
    <UnitTestResult executionId="1eb1423c-89d7-4bca-b90c-af97301a5674" testId="c6c8e4f0-4405-665a-2542-a321d8677d46" testName="TryCreateParentUri_WhenSecondUrlKeyPresent_ReturnsIt" computerName="DKSR-EFI-04" duration="00:00:00.0077967" startTime="2023-12-22T09:36:14.4445767+01:00" endTime="2023-12-22T09:36:14.4445767+01:00" testType="13cdc9d9-ddb5-4fa4-a97d-d965ccfc6d4b" outcome="Passed" testListId="8c84fa94-04c1-424b-9868-57a2d4851a1d" relativeResultsDirectory="1eb1423c-89d7-4bca-b90c-af97301a5674" />
    <UnitTestResult executionId="c6d27734-d0b8-402b-bbc4-b6247d5c52e2" testId="a4c6d443-fa01-dcc3-6d3b-7e396f5ee185" testName="Initialize_ShouldSetUserContextConfiguration" computerName="DKSR-EFI-04" duration="00:00:00.0020044" startTime="2023-12-22T09:35:19.9755879+01:00" endTime="2023-12-22T09:35:19.9755879+01:00" testType="13cdc9d9-ddb5-4fa4-a97d-d965ccfc6d4b" outcome="Passed" testListId="8c84fa94-04c1-424b-9868-57a2d4851a1d" relativeResultsDirectory="c6d27734-d0b8-402b-bbc4-b6247d5c52e2" />
    <UnitTestResult executionId="21c31283-54f6-4424-b62e-7dcc6846a798" testId="7c979667-6bd9-aaa8-412d-d36319ef5eef" testName="Initialize_ShouldCallServiceInit" computerName="DKSR-EFI-04" duration="00:00:00.0018415" startTime="2023-12-22T09:35:19.9755879+01:00" endTime="2023-12-22T09:35:19.9755879+01:00" testType="13cdc9d9-ddb5-4fa4-a97d-d965ccfc6d4b" outcome="Passed" testListId="8c84fa94-04c1-424b-9868-57a2d4851a1d" relativeResultsDirectory="21c31283-54f6-4424-b62e-7dcc6846a798" />
    <UnitTestResult executionId="7de42b9c-0c16-4d31-b4e7-012398cef588" testId="ee90d5bb-7cd0-4c31-23ba-b62d71f38c15" testName="CheckToLong" computerName="DKSR-EFI-04" duration="00:00:00.0053402" startTime="2023-12-22T09:36:14.6320766+01:00" endTime="2023-12-22T09:36:14.6320766+01:00" testType="13cdc9d9-ddb5-4fa4-a97d-d965ccfc6d4b" outcome="Passed" testListId="8c84fa94-04c1-424b-9868-57a2d4851a1d" relativeResultsDirectory="7de42b9c-0c16-4d31-b4e7-012398cef588" />
    <UnitTestResult executionId="001049a6-3c04-41dc-aca0-3cfd1159ba9c" testId="e02a3aff-4b0e-8be7-4f14-51de7ab4670f" testName="TryCreateParentUri_WhenBasicAuthHasCredential_ReturnsUrl" computerName="DKSR-EFI-04" duration="00:00:00.0009158" startTime="2023-12-22T09:36:14.4602080+01:00" endTime="2023-12-22T09:36:14.4602080+01:00" testType="13cdc9d9-ddb5-4fa4-a97d-d965ccfc6d4b" outcome="Passed" testListId="8c84fa94-04c1-424b-9868-57a2d4851a1d" relativeResultsDirectory="001049a6-3c04-41dc-aca0-3cfd1159ba9c" />
    <UnitTestResult executionId="f51054ba-144d-44ed-9f57-9acf2e890942" testId="abb380df-0143-5b3d-b581-a7e745551e8c" testName="Disconnect_NotConnected_DoesNothing" computerName="DKSR-EFI-04" duration="00:00:00.0009105" startTime="2023-12-22T09:36:47.5228798+01:00" endTime="2023-12-22T09:36:47.5228798+01:00" testType="13cdc9d9-ddb5-4fa4-a97d-d965ccfc6d4b" outcome="Passed" testListId="8c84fa94-04c1-424b-9868-57a2d4851a1d" relativeResultsDirectory="f51054ba-144d-44ed-9f57-9acf2e890942" />
    <UnitTestResult executionId="87b9c660-7a19-456f-9e95-a738659f781f" testId="a3bd6fcc-4145-24ec-1080-3545ed86b8b7" testName="RemoveServer_WithIdWhenLoginSettingsNull_Correct" computerName="DKSR-EFI-04" duration="00:00:00.0117803" startTime="2023-12-22T09:35:19.4442878+01:00" endTime="2023-12-22T09:35:19.4442878+01:00" testType="13cdc9d9-ddb5-4fa4-a97d-d965ccfc6d4b" outcome="Passed" testListId="8c84fa94-04c1-424b-9868-57a2d4851a1d" relativeResultsDirectory="87b9c660-7a19-456f-9e95-a738659f781f" />
    <UnitTestResult executionId="60fb9e2f-da79-41e6-b3fb-fa7e23c5a01d" testId="dd33ce32-62c4-dfb3-4f9b-fce87ba0013c" testName="Given_Connected_When_CreateSessionSuccesful_Then_ASessionIdAndDefaultInactiveTimeoutIsReturned" computerName="DKSR-EFI-04" duration="00:00:00.0343802" startTime="2023-12-22T09:36:15.2883320+01:00" endTime="2023-12-22T09:36:15.3195802+01:00" testType="13cdc9d9-ddb5-4fa4-a97d-d965ccfc6d4b" outcome="Passed" testListId="8c84fa94-04c1-424b-9868-57a2d4851a1d" relativeResultsDirectory="60fb9e2f-da79-41e6-b3fb-fa7e23c5a01d" />
    <UnitTestResult executionId="4d1e9ea1-63ab-4713-857b-9bd3c0648dc1" testId="0793f3e7-1a84-232a-72f7-77f9de3f59e4" testName="StripXmlHeader_WhenNull_ReturnsNull" computerName="DKSR-EFI-04" duration="00:00:00.0001186" startTime="2023-12-22T09:36:12.0695630+01:00" endTime="2023-12-22T09:36:12.0695630+01:00" testType="13cdc9d9-ddb5-4fa4-a97d-d965ccfc6d4b" outcome="Passed" testListId="8c84fa94-04c1-424b-9868-57a2d4851a1d" relativeResultsDirectory="4d1e9ea1-63ab-4713-857b-9bd3c0648dc1" />
    <UnitTestResult executionId="b8d81f5b-78d4-43a0-9ce8-3d47edbe5d0f" testId="5c75fd4c-e523-4c4d-59cb-37282a3e3596" testName="XpcoServerConnectedSuccess" computerName="DKSR-EFI-04" duration="00:00:00.1696487" startTime="2023-12-22T09:36:38.3665773+01:00" endTime="2023-12-22T09:36:38.5384522+01:00" testType="13cdc9d9-ddb5-4fa4-a97d-d965ccfc6d4b" outcome="Passed" testListId="8c84fa94-04c1-424b-9868-57a2d4851a1d" relativeResultsDirectory="b8d81f5b-78d4-43a0-9ce8-3d47edbe5d0f" />
    <UnitTestResult executionId="46a1ec02-7d77-43cd-8d69-24a12f602750" testId="d0433bb2-5994-e95a-66cb-00cffc215684" testName="TryCreateParentUri_WhenNoUrlKeyPresent_ReturnsNull" computerName="DKSR-EFI-04" duration="00:00:00.0012781" startTime="2023-12-22T09:36:14.4602080+01:00" endTime="2023-12-22T09:36:14.4602080+01:00" testType="13cdc9d9-ddb5-4fa4-a97d-d965ccfc6d4b" outcome="Passed" testListId="8c84fa94-04c1-424b-9868-57a2d4851a1d" relativeResultsDirectory="46a1ec02-7d77-43cd-8d69-24a12f602750" />
    <UnitTestResult executionId="b14de125-0efe-4096-bb94-5e7ce5ba507d" testId="40843798-41bf-fb8a-959c-ba732aa831ed" testName="Reset_Success" computerName="DKSR-EFI-04" duration="00:00:00.0046756" startTime="2023-12-22T09:35:18.8661586+01:00" endTime="2023-12-22T09:35:18.8817863+01:00" testType="13cdc9d9-ddb5-4fa4-a97d-d965ccfc6d4b" outcome="Passed" testListId="8c84fa94-04c1-424b-9868-57a2d4851a1d" relativeResultsDirectory="b14de125-0efe-4096-bb94-5e7ce5ba507d" />
    <UnitTestResult executionId="7a289905-58bb-494a-9640-b9f9c990acef" testId="b2e4eadd-d448-b487-733b-d5563cb70924" testName="XpcoMultiUserLoginCurrentCredentialsSuccess" computerName="DKSR-EFI-04" duration="00:00:02.1977321" startTime="2023-12-22T09:36:23.8196280+01:00" endTime="2023-12-22T09:36:26.0227650+01:00" testType="13cdc9d9-ddb5-4fa4-a97d-d965ccfc6d4b" outcome="Passed" testListId="8c84fa94-04c1-424b-9868-57a2d4851a1d" relativeResultsDirectory="7a289905-58bb-494a-9640-b9f9c990acef">
      <Output>
        <StdOut>Debug Trace:&#xD;
TopLevelControl returns null. PostMessage may have problems&#xD;
MIP: Error: ConfigurationApiItemWrapper (): ConfigAPI GetItem(): System.NotImplementedException, The method or operation is not implemented.&#xD;
MIP: Error: Factory.IsItemTypeSupported (): Exception source:      VideoOS.Platform.SDK.UnitTests&#xD;
Exception type:        System.NotImplementedException&#xD;
Exception message:     The method or operation is not implemented.&#xD;
Exception target site: GetItem&#xD;
   at VideoOS.Platform.SDKUnittest.EnvironmentTests.TestConfigurationClientService.GetItem(String path) in D:\actions-runner\_work\XPCO\XPCO\MIP\MIPSDK\tst\VideoOS.Platform.SDK.UnitTests\EnvironmentTests\TestsWithCorporateShimsBase.cs:line 227&#xD;
   at VideoOS.Platform.Proxy.ConfigApi.ConfigurationApiItemWrapper..ctor(ServerId serverId, String path) in D:\actions-runner\_work\XPCO\XPCO\MIP\PlatformPlugin\VideoOS.Platform\src\Proxy\ConfigApi\ConfigurationApiItemWrapper.cs:line 110&#xD;
   at VideoOS.Platform.ConfigurationItems.Factory.IsItemTypeSupported(ServerId serverId, String itemType) in D:\actions-runner\_work\XPCO\XPCO\MIP\PlatformPlugin\VideoOS.Platform\src\ConfigurationItems\Factory.cs:line 464&#xD;
&#xD;
Factory.IsItemTypeSupportedFactory.IsItemTypeSupported ()The method or operation is not implemented.   at VideoOS.Platform.SDKUnittest.EnvironmentTests.TestConfigurationClientService.GetItem(String path) in D:\actions-runner\_work\XPCO\XPCO\MIP\MIPSDK\tst\VideoOS.Platform.SDK.UnitTests\EnvironmentTests\TestsWithCorporateShimsBase.cs:line 227&#xD;
   at VideoOS.Platform.Proxy.ConfigApi.ConfigurationApiItemWrapper..ctor(ServerId serverId, String path) in D:\actions-runner\_work\XPCO\XPCO\MIP\PlatformPlugin\VideoOS.Platform\src\Proxy\ConfigApi\ConfigurationApiItemWrapper.cs:line 110&#xD;
   at VideoOS.Platform.ConfigurationItems.Factory.IsItemTypeSupported(ServerId serverId, String itemType) in D:\actions-runner\_work\XPCO\XPCO\MIP\PlatformPlugin\VideoOS.Platform\src\ConfigurationItems\Factory.cs:line 464&#xD;
MIP: Error: GetConfiguration (): CustomSetting not found for the given platformDefinitionId: e145597a-ecaf-40a1-99e6-14bb9d45a09e&#xD;
MIP: Error: ConfigurationApiItemWrapper (): ConfigAPI GetItem(): System.NotImplementedException, The method or operation is not implemented.&#xD;
MIP: Error: Factory.IsItemTypeSupported (): Exception source:      VideoOS.Platform.SDK.UnitTests&#xD;
Exception type:        System.NotImplementedException&#xD;
Exception message:     The method or operation is not implemented.&#xD;
Exception target site: GetItem&#xD;
   at VideoOS.Platform.SDKUnittest.EnvironmentTests.TestConfigurationClientService.GetItem(String path) in D:\actions-runner\_work\XPCO\XPCO\MIP\MIPSDK\tst\VideoOS.Platform.SDK.UnitTests\EnvironmentTests\TestsWithCorporateShimsBase.cs:line 227&#xD;
   at VideoOS.Platform.Proxy.ConfigApi.ConfigurationApiItemWrapper..ctor(ServerId serverId, String path) in D:\actions-runner\_work\XPCO\XPCO\MIP\PlatformPlugin\VideoOS.Platform\src\Proxy\ConfigApi\ConfigurationApiItemWrapper.cs:line 110&#xD;
   at VideoOS.Platform.ConfigurationItems.Factory.IsItemTypeSupported(ServerId serverId, String itemType) in D:\actions-runner\_work\XPCO\XPCO\MIP\PlatformPlugin\VideoOS.Platform\src\ConfigurationItems\Factory.cs:line 464&#xD;
&#xD;
Factory.IsItemTypeSupportedFactory.IsItemTypeSupported ()The method or operation is not implemented.   at VideoOS.Platform.SDKUnittest.EnvironmentTests.TestConfigurationClientService.GetItem(String path) in D:\actions-runner\_work\XPCO\XPCO\MIP\MIPSDK\tst\VideoOS.Platform.SDK.UnitTests\EnvironmentTests\TestsWithCorporateShimsBase.cs:line 227&#xD;
   at VideoOS.Platform.Proxy.ConfigApi.ConfigurationApiItemWrapper..ctor(ServerId serverId, String path) in D:\actions-runner\_work\XPCO\XPCO\MIP\PlatformPlugin\VideoOS.Platform\src\Proxy\ConfigApi\ConfigurationApiItemWrapper.cs:line 110&#xD;
   at VideoOS.Platform.ConfigurationItems.Factory.IsItemTypeSupported(ServerId serverId, String itemType) in D:\actions-runner\_work\XPCO\XPCO\MIP\PlatformPlugin\VideoOS.Platform\src\ConfigurationItems\Factory.cs:line 464&#xD;
MIP: Error: LoginServerOauth (): https://1.2.3.5:55/ManagementServer/ServerCommandServiceOAuth.svc The method or operation is not implemented.&#xD;
MIP: Error: ConfigurationApiItemWrapper (): ConfigAPI GetItem(): System.NotImplementedException, The method or operation is not implemented.&#xD;
MIP: Error: Factory.IsItemTypeSupported (): Exception source:      VideoOS.Platform.SDK.UnitTests&#xD;
Exception type:        System.NotImplementedException&#xD;
Exception message:     The method or operation is not implemented.&#xD;
Exception target site: GetItem&#xD;
   at VideoOS.Platform.SDKUnittest.EnvironmentTests.TestConfigurationClientService.GetItem(String path) in D:\actions-runner\_work\XPCO\XPCO\MIP\MIPSDK\tst\VideoOS.Platform.SDK.UnitTests\EnvironmentTests\TestsWithCorporateShimsBase.cs:line 227&#xD;
   at VideoOS.Platform.Proxy.ConfigApi.ConfigurationApiItemWrapper..ctor(ServerId serverId, String path) in D:\actions-runner\_work\XPCO\XPCO\MIP\PlatformPlugin\VideoOS.Platform\src\Proxy\ConfigApi\ConfigurationApiItemWrapper.cs:line 110&#xD;
   at VideoOS.Platform.ConfigurationItems.Factory.IsItemTypeSupported(ServerId serverId, String itemType) in D:\actions-runner\_work\XPCO\XPCO\MIP\PlatformPlugin\VideoOS.Platform\src\ConfigurationItems\Factory.cs:line 464&#xD;
&#xD;
Factory.IsItemTypeSupportedFactory.IsItemTypeSupported ()The method or operation is not implemented.   at VideoOS.Platform.SDKUnittest.EnvironmentTests.TestConfigurationClientService.GetItem(String path) in D:\actions-runner\_work\XPCO\XPCO\MIP\MIPSDK\tst\VideoOS.Platform.SDK.UnitTests\EnvironmentTests\TestsWithCorporateShimsBase.cs:line 227&#xD;
   at VideoOS.Platform.Proxy.ConfigApi.ConfigurationApiItemWrapper..ctor(ServerId serverId, String path) in D:\actions-runner\_work\XPCO\XPCO\MIP\PlatformPlugin\VideoOS.Platform\src\Proxy\ConfigApi\ConfigurationApiItemWrapper.cs:line 110&#xD;
   at VideoOS.Platform.ConfigurationItems.Factory.IsItemTypeSupported(ServerId serverId, String itemType) in D:\actions-runner\_work\XPCO\XPCO\MIP\PlatformPlugin\VideoOS.Platform\src\ConfigurationItems\Factory.cs:line 464&#xD;
MIP: Error: GetConfiguration (): CustomSetting not found for the given platformDefinitionId: e145597a-ecaf-40a1-99e6-14bb9d45a09e&#xD;
MIP: Error: ConfigurationApiItemWrapper (): ConfigAPI GetItem(): System.NotImplementedException, The method or operation is not implemented.&#xD;
MIP: Error: Factory.IsItemTypeSupported (): Exception source:      VideoOS.Platform.SDK.UnitTests&#xD;
Exception type:        System.NotImplementedException&#xD;
Exception message:     The method or operation is not implemented.&#xD;
Exception target site: GetItem&#xD;
   at VideoOS.Platform.SDKUnittest.EnvironmentTests.TestConfigurationClientService.GetItem(String path) in D:\actions-runner\_work\XPCO\XPCO\MIP\MIPSDK\tst\VideoOS.Platform.SDK.UnitTests\EnvironmentTests\TestsWithCorporateShimsBase.cs:line 227&#xD;
   at VideoOS.Platform.Proxy.ConfigApi.ConfigurationApiItemWrapper..ctor(ServerId serverId, String path) in D:\actions-runner\_work\XPCO\XPCO\MIP\PlatformPlugin\VideoOS.Platform\src\Proxy\ConfigApi\ConfigurationApiItemWrapper.cs:line 110&#xD;
   at VideoOS.Platform.ConfigurationItems.Factory.IsItemTypeSupported(ServerId serverId, String itemType) in D:\actions-runner\_work\XPCO\XPCO\MIP\PlatformPlugin\VideoOS.Platform\src\ConfigurationItems\Factory.cs:line 464&#xD;
&#xD;
Factory.IsItemTypeSupportedFactory.IsItemTypeSupported ()The method or operation is not implemented.   at VideoOS.Platform.SDKUnittest.EnvironmentTests.TestConfigurationClientService.GetItem(String path) in D:\actions-runner\_work\XPCO\XPCO\MIP\MIPSDK\tst\VideoOS.Platform.SDK.UnitTests\EnvironmentTests\TestsWithCorporateShimsBase.cs:line 227&#xD;
   at VideoOS.Platform.Proxy.ConfigApi.ConfigurationApiItemWrapper..ctor(ServerId serverId, String path) in D:\actions-runner\_work\XPCO\XPCO\MIP\PlatformPlugin\VideoOS.Platform\src\Proxy\ConfigApi\ConfigurationApiItemWrapper.cs:line 110&#xD;
   at VideoOS.Platform.ConfigurationItems.Factory.IsItemTypeSupported(ServerId serverId, String itemType) in D:\actions-runner\_work\XPCO\XPCO\MIP\PlatformPlugin\VideoOS.Platform\src\ConfigurationItems\Factory.cs:line 464&#xD;
MIP: Error: LoginServerOauth (): https://1.2.3.5:55/ManagementServer/ServerCommandServiceOAuth.svc The method or operation is not implemented.&#xD;
MIP: Error: ConfigurationApiItemWrapper (): ConfigAPI GetItem(): System.NotImplementedException, The method or operation is not implemented.&#xD;
MIP: Error: Factory.IsItemTypeSupported (): Exception source:      VideoOS.Platform.SDK.UnitTests&#xD;
Exception type:        System.NotImplementedException&#xD;
Exception message:     The method or operation is not implemented.&#xD;
Exception target site: GetItem&#xD;
   at VideoOS.Platform.SDKUnittest.EnvironmentTests.TestConfigurationClientService.GetItem(String path) in D:\actions-runner\_work\XPCO\XPCO\MIP\MIPSDK\tst\VideoOS.Platform.SDK.UnitTests\EnvironmentTests\TestsWithCorporateShimsBase.cs:line 227&#xD;
   at VideoOS.Platform.Proxy.ConfigApi.ConfigurationApiItemWrapper..ctor(ServerId serverId, String path) in D:\actions-runner\_work\XPCO\XPCO\MIP\PlatformPlugin\VideoOS.Platform\src\Proxy\ConfigApi\ConfigurationApiItemWrapper.cs:line 110&#xD;
   at VideoOS.Platform.ConfigurationItems.Factory.IsItemTypeSupported(ServerId serverId, String itemType) in D:\actions-runner\_work\XPCO\XPCO\MIP\PlatformPlugin\VideoOS.Platform\src\ConfigurationItems\Factory.cs:line 464&#xD;
&#xD;
Factory.IsItemTypeSupportedFactory.IsItemTypeSupported ()The method or operation is not implemented.   at VideoOS.Platform.SDKUnittest.EnvironmentTests.TestConfigurationClientService.GetItem(String path) in D:\actions-runner\_work\XPCO\XPCO\MIP\MIPSDK\tst\VideoOS.Platform.SDK.UnitTests\EnvironmentTests\TestsWithCorporateShimsBase.cs:line 227&#xD;
   at VideoOS.Platform.Proxy.ConfigApi.ConfigurationApiItemWrapper..ctor(ServerId serverId, String path) in D:\actions-runner\_work\XPCO\XPCO\MIP\PlatformPlugin\VideoOS.Platform\src\Proxy\ConfigApi\ConfigurationApiItemWrapper.cs:line 110&#xD;
   at VideoOS.Platform.ConfigurationItems.Factory.IsItemTypeSupported(ServerId serverId, String itemType) in D:\actions-runner\_work\XPCO\XPCO\MIP\PlatformPlugin\VideoOS.Platform\src\ConfigurationItems\Factory.cs:line 464&#xD;
MIP: Error: ConfigurationApiItemWrapper (): ConfigAPI GetItem(): System.NotImplementedException, The method or operation is not implemented.&#xD;
MIP: Error: Factory.IsItemTypeSupported (): Exception source:      VideoOS.Platform.SDK.UnitTests&#xD;
Exception type:        System.NotImplementedException&#xD;
Exception message:     The method or operation is not implemented.&#xD;
Exception target site: GetItem&#xD;
   at VideoOS.Platform.SDKUnittest.EnvironmentTests.TestConfigurationClientService.GetItem(String path) in D:\actions-runner\_work\XPCO\XPCO\MIP\MIPSDK\tst\VideoOS.Platform.SDK.UnitTests\EnvironmentTests\TestsWithCorporateShimsBase.cs:line 227&#xD;
   at VideoOS.Platform.Proxy.ConfigApi.ConfigurationApiItemWrapper..ctor(ServerId serverId, String path) in D:\actions-runner\_work\XPCO\XPCO\MIP\PlatformPlugin\VideoOS.Platform\src\Proxy\ConfigApi\ConfigurationApiItemWrapper.cs:line 110&#xD;
   at VideoOS.Platform.ConfigurationItems.Factory.IsItemTypeSupported(ServerId serverId, String itemType) in D:\actions-runner\_work\XPCO\XPCO\MIP\PlatformPlugin\VideoOS.Platform\src\ConfigurationItems\Factory.cs:line 464&#xD;
&#xD;
Factory.IsItemTypeSupportedFactory.IsItemTypeSupported ()The method or operation is not implemented.   at VideoOS.Platform.SDKUnittest.EnvironmentTests.TestConfigurationClientService.GetItem(String path) in D:\actions-runner\_work\XPCO\XPCO\MIP\MIPSDK\tst\VideoOS.Platform.SDK.UnitTests\EnvironmentTests\TestsWithCorporateShimsBase.cs:line 227&#xD;
   at VideoOS.Platform.Proxy.ConfigApi.ConfigurationApiItemWrapper..ctor(ServerId serverId, String path) in D:\actions-runner\_work\XPCO\XPCO\MIP\PlatformPlugin\VideoOS.Platform\src\Proxy\ConfigApi\ConfigurationApiItemWrapper.cs:line 110&#xD;
   at VideoOS.Platform.ConfigurationItems.Factory.IsItemTypeSupported(ServerId serverId, String itemType) in D:\actions-runner\_work\XPCO\XPCO\MIP\PlatformPlugin\VideoOS.Platform\src\ConfigurationItems\Factory.cs:line 464&#xD;
MIP: Error: LoginServerOauth (): https://1.2.3.5:55/ManagementServer/ServerCommandServiceOAuth.svc The method or operation is not implemented.&#xD;
MIP: Error: ConfigurationApiItemWrapper (): ConfigAPI GetItem(): System.NotImplementedException, The method or operation is not implemented.&#xD;
MIP: Error: Factory.IsItemTypeSupported (): Exception source:      VideoOS.Platform.SDK.UnitTests&#xD;
Exception type:        System.NotImplementedException&#xD;
Exception message:     The method or operation is not implemented.&#xD;
Exception target site: GetItem&#xD;
   at VideoOS.Platform.SDKUnittest.EnvironmentTests.TestConfigurationClientService.GetItem(String path) in D:\actions-runner\_work\XPCO\XPCO\MIP\MIPSDK\tst\VideoOS.Platform.SDK.UnitTests\EnvironmentTests\TestsWithCorporateShimsBase.cs:line 227&#xD;
   at VideoOS.Platform.Proxy.ConfigApi.ConfigurationApiItemWrapper..ctor(ServerId serverId, String path) in D:\actions-runner\_work\XPCO\XPCO\MIP\PlatformPlugin\VideoOS.Platform\src\Proxy\ConfigApi\ConfigurationApiItemWrapper.cs:line 110&#xD;
   at VideoOS.Platform.ConfigurationItems.Factory.IsItemTypeSupported(ServerId serverId, String itemType) in D:\actions-runner\_work\XPCO\XPCO\MIP\PlatformPlugin\VideoOS.Platform\src\ConfigurationItems\Factory.cs:line 464&#xD;
&#xD;
Factory.IsItemTypeSupportedFactory.IsItemTypeSupported ()The method or operation is not implemented.   at VideoOS.Platform.SDKUnittest.EnvironmentTests.TestConfigurationClientService.GetItem(String path) in D:\actions-runner\_work\XPCO\XPCO\MIP\MIPSDK\tst\VideoOS.Platform.SDK.UnitTests\EnvironmentTests\TestsWithCorporateShimsBase.cs:line 227&#xD;
   at VideoOS.Platform.Proxy.ConfigApi.ConfigurationApiItemWrapper..ctor(ServerId serverId, String path) in D:\actions-runner\_work\XPCO\XPCO\MIP\PlatformPlugin\VideoOS.Platform\src\Proxy\ConfigApi\ConfigurationApiItemWrapper.cs:line 110&#xD;
   at VideoOS.Platform.ConfigurationItems.Factory.IsItemTypeSupported(ServerId serverId, String itemType) in D:\actions-runner\_work\XPCO\XPCO\MIP\PlatformPlugin\VideoOS.Platform\src\ConfigurationItems\Factory.cs:line 464&#xD;
MIP: Error: GetConfiguration (): CustomSetting not found for the given platformDefinitionId: e145597a-ecaf-40a1-99e6-14bb9d45a09e&#xD;
MIP: Error: ConfigurationApiItemWrapper (): ConfigAPI GetItem(): System.NotImplementedException, The method or operation is not implemented.&#xD;
MIP: Error: Factory.IsItemTypeSupported (): Exception source:      VideoOS.Platform.SDK.UnitTests&#xD;
Exception type:        System.NotImplementedException&#xD;
Exception message:     The method or operation is not implemented.&#xD;
Exception target site: GetItem&#xD;
   at VideoOS.Platform.SDKUnittest.EnvironmentTests.TestConfigurationClientService.GetItem(String path) in D:\actions-runner\_work\XPCO\XPCO\MIP\MIPSDK\tst\VideoOS.Platform.SDK.UnitTests\EnvironmentTests\TestsWithCorporateShimsBase.cs:line 227&#xD;
   at VideoOS.Platform.Proxy.ConfigApi.ConfigurationApiItemWrapper..ctor(ServerId serverId, String path) in D:\actions-runner\_work\XPCO\XPCO\MIP\PlatformPlugin\VideoOS.Platform\src\Proxy\ConfigApi\ConfigurationApiItemWrapper.cs:line 110&#xD;
   at VideoOS.Platform.ConfigurationItems.Factory.IsItemTypeSupported(ServerId serverId, String itemType) in D:\actions-runner\_work\XPCO\XPCO\MIP\PlatformPlugin\VideoOS.Platform\src\ConfigurationItems\Factory.cs:line 464&#xD;
&#xD;
Factory.IsItemTypeSupportedFactory.IsItemTypeSupported ()The method or operation is not implemented.   at VideoOS.Platform.SDKUnittest.EnvironmentTests.TestConfigurationClientService.GetItem(String path) in D:\actions-runner\_work\XPCO\XPCO\MIP\MIPSDK\tst\VideoOS.Platform.SDK.UnitTests\EnvironmentTests\TestsWithCorporateShimsBase.cs:line 227&#xD;
   at VideoOS.Platform.Proxy.ConfigApi.ConfigurationApiItemWrapper..ctor(ServerId serverId, String path) in D:\actions-runner\_work\XPCO\XPCO\MIP\PlatformPlugin\VideoOS.Platform\src\Proxy\ConfigApi\ConfigurationApiItemWrapper.cs:line 110&#xD;
   at VideoOS.Platform.ConfigurationItems.Factory.IsItemTypeSupported(ServerId serverId, String itemType) in D:\actions-runner\_work\XPCO\XPCO\MIP\PlatformPlugin\VideoOS.Platform\src\ConfigurationItems\Factory.cs:line 464&#xD;
MIP: Error: LoginServerOauth (): https://1.2.3.5:55/ManagementServer/ServerCommandServiceOAuth.svc The method or operation is not implemented.&#xD;
MIP: Error: ConfigurationApiItemWrapper (): ConfigAPI GetItem(): System.NotImplementedException, The method or operation is not implemented.&#xD;
MIP: Error: Factory.IsItemTypeSupported (): Exception source:      VideoOS.Platform.SDK.UnitTests&#xD;
Exception type:        System.NotImplementedException&#xD;
Exception message:     The method or operation is not implemented.&#xD;
Exception target site: GetItem&#xD;
   at VideoOS.Platform.SDKUnittest.EnvironmentTests.TestConfigurationClientService.GetItem(String path) in D:\actions-runner\_work\XPCO\XPCO\MIP\MIPSDK\tst\VideoOS.Platform.SDK.UnitTests\EnvironmentTests\TestsWithCorporateShimsBase.cs:line 227&#xD;
   at VideoOS.Platform.Proxy.ConfigApi.ConfigurationApiItemWrapper..ctor(ServerId serverId, String path) in D:\actions-runner\_work\XPCO\XPCO\MIP\PlatformPlugin\VideoOS.Platform\src\Proxy\ConfigApi\ConfigurationApiItemWrapper.cs:line 110&#xD;
   at VideoOS.Platform.ConfigurationItems.Factory.IsItemTypeSupported(ServerId serverId, String itemType) in D:\actions-runner\_work\XPCO\XPCO\MIP\PlatformPlugin\VideoOS.Platform\src\ConfigurationItems\Factory.cs:line 464&#xD;
&#xD;
Factory.IsItemTypeSupportedFactory.IsItemTypeSupported ()The method or operation is not implemented.   at VideoOS.Platform.SDKUnittest.EnvironmentTests.TestConfigurationClientService.GetItem(String path) in D:\actions-runner\_work\XPCO\XPCO\MIP\MIPSDK\tst\VideoOS.Platform.SDK.UnitTests\EnvironmentTests\TestsWithCorporateShimsBase.cs:line 227&#xD;
   at VideoOS.Platform.Proxy.ConfigApi.ConfigurationApiItemWrapper..ctor(ServerId serverId, String path) in D:\actions-runner\_work\XPCO\XPCO\MIP\PlatformPlugin\VideoOS.Platform\src\Proxy\ConfigApi\ConfigurationApiItemWrapper.cs:line 110&#xD;
   at VideoOS.Platform.ConfigurationItems.Factory.IsItemTypeSupported(ServerId serverId, String itemType) in D:\actions-runner\_work\XPCO\XPCO\MIP\PlatformPlugin\VideoOS.Platform\src\ConfigurationItems\Factory.cs:line 464&#xD;
MIP: Error: GetConfiguration (): CustomSetting not found for the given platformDefinitionId: e145597a-ecaf-40a1-99e6-14bb9d45a09e&#xD;
MIP: Error: ConfigurationApiItemWrapper (): ConfigAPI GetItem(): System.NotImplementedException, The method or operation is not implemented.&#xD;
MIP: Error: Factory.IsItemTypeSupported (): Exception source:      VideoOS.Platform.SDK.UnitTests&#xD;
Exception type:        System.NotImplementedException&#xD;
Exception message:     The method or operation is not implemented.&#xD;
Exception target site: GetItem&#xD;
   at VideoOS.Platform.SDKUnittest.EnvironmentTests.TestConfigurationClientService.GetItem(String path) in D:\actions-runner\_work\XPCO\XPCO\MIP\MIPSDK\tst\VideoOS.Platform.SDK.UnitTests\EnvironmentTests\TestsWithCorporateShimsBase.cs:line 227&#xD;
   at VideoOS.Platform.Proxy.ConfigApi.ConfigurationApiItemWrapper..ctor(ServerId serverId, String path) in D:\actions-runner\_work\XPCO\XPCO\MIP\PlatformPlugin\VideoOS.Platform\src\Proxy\ConfigApi\ConfigurationApiItemWrapper.cs:line 110&#xD;
   at VideoOS.Platform.ConfigurationItems.Factory.IsItemTypeSupported(ServerId serverId, String itemType) in D:\actions-runner\_work\XPCO\XPCO\MIP\PlatformPlugin\VideoOS.Platform\src\ConfigurationItems\Factory.cs:line 464&#xD;
&#xD;
Factory.IsItemTypeSupportedFactory.IsItemTypeSupported ()The method or operation is not implemented.   at VideoOS.Platform.SDKUnittest.EnvironmentTests.TestConfigurationClientService.GetItem(String path) in D:\actions-runner\_work\XPCO\XPCO\MIP\MIPSDK\tst\VideoOS.Platform.SDK.UnitTests\EnvironmentTests\TestsWithCorporateShimsBase.cs:line 227&#xD;
   at VideoOS.Platform.Proxy.ConfigApi.ConfigurationApiItemWrapper..ctor(ServerId serverId, String path) in D:\actions-runner\_work\XPCO\XPCO\MIP\PlatformPlugin\VideoOS.Platform\src\Proxy\ConfigApi\ConfigurationApiItemWrapper.cs:line 110&#xD;
   at VideoOS.Platform.ConfigurationItems.Factory.IsItemTypeSupported(ServerId serverId, String itemType) in D:\actions-runner\_work\XPCO\XPCO\MIP\PlatformPlugin\VideoOS.Platform\src\ConfigurationItems\Factory.cs:line 464&#xD;
MIP: Error: LoginServerOauth (): https://1.2.3.5:55/ManagementServer/ServerCommandServiceOAuth.svc The method or operation is not implemented.&#xD;
MIP: Error: ConfigurationApiItemWrapper (): ConfigAPI GetItem(): System.NotImplementedException, The method or operation is not implemented.&#xD;
MIP: Error: Factory.IsItemTypeSupported (): Exception source:      VideoOS.Platform.SDK.UnitTests&#xD;
Exception type:        System.NotImplementedException&#xD;
Exception message:     The method or operation is not implemented.&#xD;
Exception target site: GetItem&#xD;
   at VideoOS.Platform.SDKUnittest.EnvironmentTests.TestConfigurationClientService.GetItem(String path) in D:\actions-runner\_work\XPCO\XPCO\MIP\MIPSDK\tst\VideoOS.Platform.SDK.UnitTests\EnvironmentTests\TestsWithCorporateShimsBase.cs:line 227&#xD;
   at VideoOS.Platform.Proxy.ConfigApi.ConfigurationApiItemWrapper..ctor(ServerId serverId, String path) in D:\actions-runner\_work\XPCO\XPCO\MIP\PlatformPlugin\VideoOS.Platform\src\Proxy\ConfigApi\ConfigurationApiItemWrapper.cs:line 110&#xD;
   at VideoOS.Platform.ConfigurationItems.Factory.IsItemTypeSupported(ServerId serverId, String itemType) in D:\actions-runner\_work\XPCO\XPCO\MIP\PlatformPlugin\VideoOS.Platform\src\ConfigurationItems\Factory.cs:line 464&#xD;
&#xD;
Factory.IsItemTypeSupportedFactory.IsItemTypeSupported ()The method or operation is not implemented.   at VideoOS.Platform.SDKUnittest.EnvironmentTests.TestConfigurationClientService.GetItem(String path) in D:\actions-runner\_work\XPCO\XPCO\MIP\MIPSDK\tst\VideoOS.Platform.SDK.UnitTests\EnvironmentTests\TestsWithCorporateShimsBase.cs:line 227&#xD;
   at VideoOS.Platform.Proxy.ConfigApi.ConfigurationApiItemWrapper..ctor(ServerId serverId, String path) in D:\actions-runner\_work\XPCO\XPCO\MIP\PlatformPlugin\VideoOS.Platform\src\Proxy\ConfigApi\ConfigurationApiItemWrapper.cs:line 110&#xD;
   at VideoOS.Platform.ConfigurationItems.Factory.IsItemTypeSupported(ServerId serverId, String itemType) in D:\actions-runner\_work\XPCO\XPCO\MIP\PlatformPlugin\VideoOS.Platform\src\ConfigurationItems\Factory.cs:line 464&#xD;
MIP: Error: GetConfiguration (): CustomSetting not found for the given platformDefinitionId: e145597a-ecaf-40a1-99e6-14bb9d45a09e&#xD;
MIP: Error: ConfigurationApiItemWrapper (): ConfigAPI GetItem(): System.NotImplementedException, The method or operation is not implemented.&#xD;
MIP: Error: Factory.IsItemTypeSupported (): Exception source:      VideoOS.Platform.SDK.UnitTests&#xD;
Exception type:        System.NotImplementedException&#xD;
Exception message:     The method or operation is not implemented.&#xD;
Exception target site: GetItem&#xD;
   at VideoOS.Platform.SDKUnittest.EnvironmentTests.TestConfigurationClientService.GetItem(String path) in D:\actions-runner\_work\XPCO\XPCO\MIP\MIPSDK\tst\VideoOS.Platform.SDK.UnitTests\EnvironmentTests\TestsWithCorporateShimsBase.cs:line 227&#xD;
   at VideoOS.Platform.Proxy.ConfigApi.ConfigurationApiItemWrapper..ctor(ServerId serverId, String path) in D:\actions-runner\_work\XPCO\XPCO\MIP\PlatformPlugin\VideoOS.Platform\src\Proxy\ConfigApi\ConfigurationApiItemWrapper.cs:line 110&#xD;
   at VideoOS.Platform.ConfigurationItems.Factory.IsItemTypeSupported(ServerId serverId, String itemType) in D:\actions-runner\_work\XPCO\XPCO\MIP\PlatformPlugin\VideoOS.Platform\src\ConfigurationItems\Factory.cs:line 464&#xD;
&#xD;
Factory.IsItemTypeSupportedFactory.IsItemTypeSupported ()The method or operation is not implemented.   at VideoOS.Platform.SDKUnittest.EnvironmentTests.TestConfigurationClientService.GetItem(String path) in D:\actions-runner\_work\XPCO\XPCO\MIP\MIPSDK\tst\VideoOS.Platform.SDK.UnitTests\EnvironmentTests\TestsWithCorporateShimsBase.cs:line 227&#xD;
   at VideoOS.Platform.Proxy.ConfigApi.ConfigurationApiItemWrapper..ctor(ServerId serverId, String path) in D:\actions-runner\_work\XPCO\XPCO\MIP\PlatformPlugin\VideoOS.Platform\src\Proxy\ConfigApi\ConfigurationApiItemWrapper.cs:line 110&#xD;
   at VideoOS.Platform.ConfigurationItems.Factory.IsItemTypeSupported(ServerId serverId, String itemType) in D:\actions-runner\_work\XPCO\XPCO\MIP\PlatformPlugin\VideoOS.Platform\src\ConfigurationItems\Factory.cs:line 464&#xD;
MIP: Error: LoginServerOauth (): https://1.2.3.5:55/ManagementServer/ServerCommandServiceOAuth.svc The method or operation is not implemented.&#xD;
MIP: Error: ConfigurationApiItemWrapper (): ConfigAPI GetItem(): System.NotImplementedException, The method or operation is not implemented.&#xD;
MIP: Error: Factory.IsItemTypeSupported (): Exception source:      VideoOS.Platform.SDK.UnitTests&#xD;
Exception type:        System.NotImplementedException&#xD;
Exception message:     The method or operation is not implemented.&#xD;
Exception target site: GetItem&#xD;
   at VideoOS.Platform.SDKUnittest.EnvironmentTests.TestConfigurationClientService.GetItem(String path) in D:\actions-runner\_work\XPCO\XPCO\MIP\MIPSDK\tst\VideoOS.Platform.SDK.UnitTests\EnvironmentTests\TestsWithCorporateShimsBase.cs:line 227&#xD;
   at VideoOS.Platform.Proxy.ConfigApi.ConfigurationApiItemWrapper..ctor(ServerId serverId, String path) in D:\actions-runner\_work\XPCO\XPCO\MIP\PlatformPlugin\VideoOS.Platform\src\Proxy\ConfigApi\ConfigurationApiItemWrapper.cs:line 110&#xD;
   at VideoOS.Platform.ConfigurationItems.Factory.IsItemTypeSupported(ServerId serverId, String itemType) in D:\actions-runner\_work\XPCO\XPCO\MIP\PlatformPlugin\VideoOS.Platform\src\ConfigurationItems\Factory.cs:line 464&#xD;
&#xD;
Factory.IsItemTypeSupportedFactory.IsItemTypeSupported ()The method or operation is not implemented.   at VideoOS.Platform.SDKUnittest.EnvironmentTests.TestConfigurationClientService.GetItem(String path) in D:\actions-runner\_work\XPCO\XPCO\MIP\MIPSDK\tst\VideoOS.Platform.SDK.UnitTests\EnvironmentTests\TestsWithCorporateShimsBase.cs:line 227&#xD;
   at VideoOS.Platform.Proxy.ConfigApi.ConfigurationApiItemWrapper..ctor(ServerId serverId, String path) in D:\actions-runner\_work\XPCO\XPCO\MIP\PlatformPlugin\VideoOS.Platform\src\Proxy\ConfigApi\ConfigurationApiItemWrapper.cs:line 110&#xD;
   at VideoOS.Platform.ConfigurationItems.Factory.IsItemTypeSupported(ServerId serverId, String itemType) in D:\actions-runner\_work\XPCO\XPCO\MIP\PlatformPlugin\VideoOS.Platform\src\ConfigurationItems\Factory.cs:line 464&#xD;
MIP: Error: ConfigurationApiItemWrapper (): ConfigAPI GetItem(): System.NotImplementedException, The method or operation is not implemented.&#xD;
MIP: Error: Factory.IsItemTypeSupported (): Exception source:      VideoOS.Platform.SDK.UnitTests&#xD;
Exception type:        System.NotImplementedException&#xD;
Exception message:     The method or operation is not implemented.&#xD;
Exception target site: GetItem&#xD;
   at VideoOS.Platform.SDKUnittest.EnvironmentTests.TestConfigurationClientService.GetItem(String path) in D:\actions-runner\_work\XPCO\XPCO\MIP\MIPSDK\tst\VideoOS.Platform.SDK.UnitTests\EnvironmentTests\TestsWithCorporateShimsBase.cs:line 227&#xD;
   at VideoOS.Platform.Proxy.ConfigApi.ConfigurationApiItemWrapper..ctor(ServerId serverId, String path) in D:\actions-runner\_work\XPCO\XPCO\MIP\PlatformPlugin\VideoOS.Platform\src\Proxy\ConfigApi\ConfigurationApiItemWrapper.cs:line 110&#xD;
   at VideoOS.Platform.ConfigurationItems.Factory.IsItemTypeSupported(ServerId serverId, String itemType) in D:\actions-runner\_work\XPCO\XPCO\MIP\PlatformPlugin\VideoOS.Platform\src\ConfigurationItems\Factory.cs:line 464&#xD;
&#xD;
Factory.IsItemTypeSupportedFactory.IsItemTypeSupported ()The method or operation is not implemented.   at VideoOS.Platform.SDKUnittest.EnvironmentTests.TestConfigurationClientService.GetItem(String path) in D:\actions-runner\_work\XPCO\XPCO\MIP\MIPSDK\tst\VideoOS.Platform.SDK.UnitTests\EnvironmentTests\TestsWithCorporateShimsBase.cs:line 227&#xD;
   at VideoOS.Platform.Proxy.ConfigApi.ConfigurationApiItemWrapper..ctor(ServerId serverId, String path) in D:\actions-runner\_work\XPCO\XPCO\MIP\PlatformPlugin\VideoOS.Platform\src\Proxy\ConfigApi\ConfigurationApiItemWrapper.cs:line 110&#xD;
   at VideoOS.Platform.ConfigurationItems.Factory.IsItemTypeSupported(ServerId serverId, String itemType) in D:\actions-runner\_work\XPCO\XPCO\MIP\PlatformPlugin\VideoOS.Platform\src\ConfigurationItems\Factory.cs:line 464&#xD;
MIP: Error: LoginServerOauth (): https://1.2.3.5:55/ManagementServer/ServerCommandServiceOAuth.svc The method or operation is not implemented.&#xD;
MIP: Error: ConfigurationApiItemWrapper (): ConfigAPI GetItem(): System.NotImplementedException, The method or operation is not implemented.&#xD;
MIP: Error: Factory.IsItemTypeSupported (): Exception source:      VideoOS.Platform.SDK.UnitTests&#xD;
Exception type:        System.NotImplementedException&#xD;
Exception message:     The method or operation is not implemented.&#xD;
Exception target site: GetItem&#xD;
   at VideoOS.Platform.SDKUnittest.EnvironmentTests.TestConfigurationClientService.GetItem(String path) in D:\actions-runner\_work\XPCO\XPCO\MIP\MIPSDK\tst\VideoOS.Platform.SDK.UnitTests\EnvironmentTests\TestsWithCorporateShimsBase.cs:line 227&#xD;
   at VideoOS.Platform.Proxy.ConfigApi.ConfigurationApiItemWrapper..ctor(ServerId serverId, String path) in D:\actions-runner\_work\XPCO\XPCO\MIP\PlatformPlugin\VideoOS.Platform\src\Proxy\ConfigApi\ConfigurationApiItemWrapper.cs:line 110&#xD;
   at VideoOS.Platform.ConfigurationItems.Factory.IsItemTypeSupported(ServerId serverId, String itemType) in D:\actions-runner\_work\XPCO\XPCO\MIP\PlatformPlugin\VideoOS.Platform\src\ConfigurationItems\Factory.cs:line 464&#xD;
&#xD;
Factory.IsItemTypeSupportedFactory.IsItemTypeSupported ()The method or operation is not implemented.   at VideoOS.Platform.SDKUnittest.EnvironmentTests.TestConfigurationClientService.GetItem(String path) in D:\actions-runner\_work\XPCO\XPCO\MIP\MIPSDK\tst\VideoOS.Platform.SDK.UnitTests\EnvironmentTests\TestsWithCorporateShimsBase.cs:line 227&#xD;
   at VideoOS.Platform.Proxy.ConfigApi.ConfigurationApiItemWrapper..ctor(ServerId serverId, String path) in D:\actions-runner\_work\XPCO\XPCO\MIP\PlatformPlugin\VideoOS.Platform\src\Proxy\ConfigApi\ConfigurationApiItemWrapper.cs:line 110&#xD;
   at VideoOS.Platform.ConfigurationItems.Factory.IsItemTypeSupported(ServerId serverId, String itemType) in D:\actions-runner\_work\XPCO\XPCO\MIP\PlatformPlugin\VideoOS.Platform\src\ConfigurationItems\Factory.cs:line 464&#xD;
MIP: Error: GetConfiguration (): CustomSetting not found for the given platformDefinitionId: e145597a-ecaf-40a1-99e6-14bb9d45a09e&#xD;
MIP: Error: ConfigurationApiItemWrapper (): ConfigAPI GetItem(): System.NotImplementedException, The method or operation is not implemented.&#xD;
MIP: Error: Factory.IsItemTypeSupported (): Exception source:      VideoOS.Platform.SDK.UnitTests&#xD;
Exception type:        System.NotImplementedException&#xD;
Exception message:     The method or operation is not implemented.&#xD;
Exception target site: GetItem&#xD;
   at VideoOS.Platform.SDKUnittest.EnvironmentTests.TestConfigurationClientService.GetItem(String path) in D:\actions-runner\_work\XPCO\XPCO\MIP\MIPSDK\tst\VideoOS.Platform.SDK.UnitTests\EnvironmentTests\TestsWithCorporateShimsBase.cs:line 227&#xD;
   at VideoOS.Platform.Proxy.ConfigApi.ConfigurationApiItemWrapper..ctor(ServerId serverId, String path) in D:\actions-runner\_work\XPCO\XPCO\MIP\PlatformPlugin\VideoOS.Platform\src\Proxy\ConfigApi\ConfigurationApiItemWrapper.cs:line 110&#xD;
   at VideoOS.Platform.ConfigurationItems.Factory.IsItemTypeSupported(ServerId serverId, String itemType) in D:\actions-runner\_work\XPCO\XPCO\MIP\PlatformPlugin\VideoOS.Platform\src\ConfigurationItems\Factory.cs:line 464&#xD;
&#xD;
Factory.IsItemTypeSupportedFactory.IsItemTypeSupported ()The method or operation is not implemented.   at VideoOS.Platform.SDKUnittest.EnvironmentTests.TestConfigurationClientService.GetItem(String path) in D:\actions-runner\_work\XPCO\XPCO\MIP\MIPSDK\tst\VideoOS.Platform.SDK.UnitTests\EnvironmentTests\TestsWithCorporateShimsBase.cs:line 227&#xD;
   at VideoOS.Platform.Proxy.ConfigApi.ConfigurationApiItemWrapper..ctor(ServerId serverId, String path) in D:\actions-runner\_work\XPCO\XPCO\MIP\PlatformPlugin\VideoOS.Platform\src\Proxy\ConfigApi\ConfigurationApiItemWrapper.cs:line 110&#xD;
   at VideoOS.Platform.ConfigurationItems.Factory.IsItemTypeSupported(ServerId serverId, String itemType) in D:\actions-runner\_work\XPCO\XPCO\MIP\PlatformPlugin\VideoOS.Platform\src\ConfigurationItems\Factory.cs:line 464&#xD;
MIP: Error: LoginServerOauth (): https://1.2.3.5:55/ManagementServer/ServerCommandServiceOAuth.svc The method or operation is not implemented.&#xD;
MIP: Error: ConfigurationApiItemWrapper (): ConfigAPI GetItem(): System.NotImplementedException, The method or operation is not implemented.&#xD;
MIP: Error: Factory.IsItemTypeSupported (): Exception source:      VideoOS.Platform.SDK.UnitTests&#xD;
Exception type:        System.NotImplementedException&#xD;
Exception message:     The method or operation is not implemented.&#xD;
Exception target site: GetItem&#xD;
   at VideoOS.Platform.SDKUnittest.EnvironmentTests.TestConfigurationClientService.GetItem(String path) in D:\actions-runner\_work\XPCO\XPCO\MIP\MIPSDK\tst\VideoOS.Platform.SDK.UnitTests\EnvironmentTests\TestsWithCorporateShimsBase.cs:line 227&#xD;
   at VideoOS.Platform.Proxy.ConfigApi.ConfigurationApiItemWrapper..ctor(ServerId serverId, String path) in D:\actions-runner\_work\XPCO\XPCO\MIP\PlatformPlugin\VideoOS.Platform\src\Proxy\ConfigApi\ConfigurationApiItemWrapper.cs:line 110&#xD;
   at VideoOS.Platform.ConfigurationItems.Factory.IsItemTypeSupported(ServerId serverId, String itemType) in D:\actions-runner\_work\XPCO\XPCO\MIP\PlatformPlugin\VideoOS.Platform\src\ConfigurationItems\Factory.cs:line 464&#xD;
&#xD;
Factory.IsItemTypeSupportedFactory.IsItemTypeSupported ()The method or operation is not implemented.   at VideoOS.Platform.SDKUnittest.EnvironmentTests.TestConfigurationClientService.GetItem(String path) in D:\actions-runner\_work\XPCO\XPCO\MIP\MIPSDK\tst\VideoOS.Platform.SDK.UnitTests\EnvironmentTests\TestsWithCorporateShimsBase.cs:line 227&#xD;
   at VideoOS.Platform.Proxy.ConfigApi.ConfigurationApiItemWrapper..ctor(ServerId serverId, String path) in D:\actions-runner\_work\XPCO\XPCO\MIP\PlatformPlugin\VideoOS.Platform\src\Proxy\ConfigApi\ConfigurationApiItemWrapper.cs:line 110&#xD;
   at VideoOS.Platform.ConfigurationItems.Factory.IsItemTypeSupported(ServerId serverId, String itemType) in D:\actions-runner\_work\XPCO\XPCO\MIP\PlatformPlugin\VideoOS.Platform\src\ConfigurationItems\Factory.cs:line 464&#xD;
MIP: Error: ConfigurationApiItemWrapper (): ConfigAPI GetItem(): System.NotImplementedException, The method or operation is not implemented.&#xD;
MIP: Error: Factory.IsItemTypeSupported (): Exception source:      VideoOS.Platform.SDK.UnitTests&#xD;
Exception type:        System.NotImplementedException&#xD;
Exception message:     The method or operation is not implemented.&#xD;
Exception target site: GetItem&#xD;
   at VideoOS.Platform.SDKUnittest.EnvironmentTests.TestConfigurationClientService.GetItem(String path) in D:\actions-runner\_work\XPCO\XPCO\MIP\MIPSDK\tst\VideoOS.Platform.SDK.UnitTests\EnvironmentTests\TestsWithCorporateShimsBase.cs:line 227&#xD;
   at VideoOS.Platform.Proxy.ConfigApi.ConfigurationApiItemWrapper..ctor(ServerId serverId, String path) in D:\actions-runner\_work\XPCO\XPCO\MIP\PlatformPlugin\VideoOS.Platform\src\Proxy\ConfigApi\ConfigurationApiItemWrapper.cs:line 110&#xD;
   at VideoOS.Platform.ConfigurationItems.Factory.IsItemTypeSupported(ServerId serverId, String itemType) in D:\actions-runner\_work\XPCO\XPCO\MIP\PlatformPlugin\VideoOS.Platform\src\ConfigurationItems\Factory.cs:line 464&#xD;
&#xD;
Factory.IsItemTypeSupportedFactory.IsItemTypeSupported ()The method or operation is not implemented.   at VideoOS.Platform.SDKUnittest.EnvironmentTests.TestConfigurationClientService.GetItem(String path) in D:\actions-runner\_work\XPCO\XPCO\MIP\MIPSDK\tst\VideoOS.Platform.SDK.UnitTests\EnvironmentTests\TestsWithCorporateShimsBase.cs:line 227&#xD;
   at VideoOS.Platform.Proxy.ConfigApi.ConfigurationApiItemWrapper..ctor(ServerId serverId, String path) in D:\actions-runner\_work\XPCO\XPCO\MIP\PlatformPlugin\VideoOS.Platform\src\Proxy\ConfigApi\ConfigurationApiItemWrapper.cs:line 110&#xD;
   at VideoOS.Platform.ConfigurationItems.Factory.IsItemTypeSupported(ServerId serverId, String itemType) in D:\actions-runner\_work\XPCO\XPCO\MIP\PlatformPlugin\VideoOS.Platform\src\ConfigurationItems\Factory.cs:line 464&#xD;
MIP: Error: ConfigurationApiItemWrapper (): ConfigAPI GetItem(): System.NotImplementedException, The method or operation is not implemented.&#xD;
MIP: Error: Factory.IsItemTypeSupported (): Exception source:      VideoOS.Platform.SDK.UnitTests&#xD;
Exception type:        System.NotImplementedException&#xD;
Exception message:     The method or operation is not implemented.&#xD;
Exception target site: GetItem&#xD;
   at VideoOS.Platform.SDKUnittest.EnvironmentTests.TestConfigurationClientService.GetItem(String path) in D:\actions-runner\_work\XPCO\XPCO\MIP\MIPSDK\tst\VideoOS.Platform.SDK.UnitTests\EnvironmentTests\TestsWithCorporateShimsBase.cs:line 227&#xD;
   at VideoOS.Platform.Proxy.ConfigApi.ConfigurationApiItemWrapper..ctor(ServerId serverId, String path) in D:\actions-runner\_work\XPCO\XPCO\MIP\PlatformPlugin\VideoOS.Platform\src\Proxy\ConfigApi\ConfigurationApiItemWrapper.cs:line 110&#xD;
   at VideoOS.Platform.ConfigurationItems.Factory.IsItemTypeSupported(ServerId serverId, String itemType) in D:\actions-runner\_work\XPCO\XPCO\MIP\PlatformPlugin\VideoOS.Platform\src\ConfigurationItems\Factory.cs:line 464&#xD;
&#xD;
Factory.IsItemTypeSupportedFactory.IsItemTypeSupported ()The method or operation is not implemented.   at VideoOS.Platform.SDKUnittest.EnvironmentTests.TestConfigurationClientService.GetItem(String path) in D:\actions-runner\_work\XPCO\XPCO\MIP\MIPSDK\tst\VideoOS.Platform.SDK.UnitTests\EnvironmentTests\TestsWithCorporateShimsBase.cs:line 227&#xD;
   at VideoOS.Platform.Proxy.ConfigApi.ConfigurationApiItemWrapper..ctor(ServerId serverId, String path) in D:\actions-runner\_work\XPCO\XPCO\MIP\PlatformPlugin\VideoOS.Platform\src\Proxy\ConfigApi\ConfigurationApiItemWrapper.cs:line 110&#xD;
   at VideoOS.Platform.ConfigurationItems.Factory.IsItemTypeSupported(ServerId serverId, String itemType) in D:\actions-runner\_work\XPCO\XPCO\MIP\PlatformPlugin\VideoOS.Platform\src\ConfigurationItems\Factory.cs:line 464&#xD;
MIP: Error: ConfigurationApiItemWrapper (): ConfigAPI GetItem(): System.NotImplementedException, The method or operation is not implemented.&#xD;
MIP: Error: Factory.IsItemTypeSupported (): Exception source:      VideoOS.Platform.SDK.UnitTests&#xD;
Exception type:        System.NotImplementedException&#xD;
Exception message:     The method or operation is not implemented.&#xD;
Exception target site: GetItem&#xD;
   at VideoOS.Platform.SDKUnittest.EnvironmentTests.TestConfigurationClientService.GetItem(String path) in D:\actions-runner\_work\XPCO\XPCO\MIP\MIPSDK\tst\VideoOS.Platform.SDK.UnitTests\EnvironmentTests\TestsWithCorporateShimsBase.cs:line 227&#xD;
   at VideoOS.Platform.Proxy.ConfigApi.ConfigurationApiItemWrapper..ctor(ServerId serverId, String path) in D:\actions-runner\_work\XPCO\XPCO\MIP\PlatformPlugin\VideoOS.Platform\src\Proxy\ConfigApi\ConfigurationApiItemWrapper.cs:line 110&#xD;
   at VideoOS.Platform.ConfigurationItems.Factory.IsItemTypeSupported(ServerId serverId, String itemType) in D:\actions-runner\_work\XPCO\XPCO\MIP\PlatformPlugin\VideoOS.Platform\src\ConfigurationItems\Factory.cs:line 464&#xD;
&#xD;
Factory.IsItemTypeSupportedFactory.IsItemTypeSupported ()The method or operation is not implemented.   at VideoOS.Platform.SDKUnittest.EnvironmentTests.TestConfigurationClientService.GetItem(String path) in D:\actions-runner\_work\XPCO\XPCO\MIP\MIPSDK\tst\VideoOS.Platform.SDK.UnitTests\EnvironmentTests\TestsWithCorporateShimsBase.cs:line 227&#xD;
   at VideoOS.Platform.Proxy.ConfigApi.ConfigurationApiItemWrapper..ctor(ServerId serverId, String path) in D:\actions-runner\_work\XPCO\XPCO\MIP\PlatformPlugin\VideoOS.Platform\src\Proxy\ConfigApi\ConfigurationApiItemWrapper.cs:line 110&#xD;
   at VideoOS.Platform.ConfigurationItems.Factory.IsItemTypeSupported(ServerId serverId, String itemType) in D:\actions-runner\_work\XPCO\XPCO\MIP\PlatformPlugin\VideoOS.Platform\src\ConfigurationItems\Factory.cs:line 464&#xD;
MIP: Error: ConfigurationApiItemWrapper (): ConfigAPI GetItem(): System.NotImplementedException, The method or operation is not implemented.&#xD;
MIP: Error: Factory.IsItemTypeSupported (): Exception source:      VideoOS.Platform.SDK.UnitTests&#xD;
Exception type:        System.NotImplementedException&#xD;
Exception message:     The method or operation is not implemented.&#xD;
Exception target site: GetItem&#xD;
   at VideoOS.Platform.SDKUnittest.EnvironmentTests.TestConfigurationClientService.GetItem(String path) in D:\actions-runner\_work\XPCO\XPCO\MIP\MIPSDK\tst\VideoOS.Platform.SDK.UnitTests\EnvironmentTests\TestsWithCorporateShimsBase.cs:line 227&#xD;
   at VideoOS.Platform.Proxy.ConfigApi.ConfigurationApiItemWrapper..ctor(ServerId serverId, String path) in D:\actions-runner\_work\XPCO\XPCO\MIP\PlatformPlugin\VideoOS.Platform\src\Proxy\ConfigApi\ConfigurationApiItemWrapper.cs:line 110&#xD;
   at VideoOS.Platform.ConfigurationItems.Factory.IsItemTypeSupported(ServerId serverId, String itemType) in D:\actions-runner\_work\XPCO\XPCO\MIP\PlatformPlugin\VideoOS.Platform\src\ConfigurationItems\Factory.cs:line 464&#xD;
&#xD;
Factory.IsItemTypeSupportedFactory.IsItemTypeSupported ()The method or operation is not implemented.   at VideoOS.Platform.SDKUnittest.EnvironmentTests.TestConfigurationClientService.GetItem(String path) in D:\actions-runner\_work\XPCO\XPCO\MIP\MIPSDK\tst\VideoOS.Platform.SDK.UnitTests\EnvironmentTests\TestsWithCorporateShimsBase.cs:line 227&#xD;
   at VideoOS.Platform.Proxy.ConfigApi.ConfigurationApiItemWrapper..ctor(ServerId serverId, String path) in D:\actions-runner\_work\XPCO\XPCO\MIP\PlatformPlugin\VideoOS.Platform\src\Proxy\ConfigApi\ConfigurationApiItemWrapper.cs:line 110&#xD;
   at VideoOS.Platform.ConfigurationItems.Factory.IsItemTypeSupported(ServerId serverId, String itemType) in D:\actions-runner\_work\XPCO\XPCO\MIP\PlatformPlugin\VideoOS.Platform\src\ConfigurationItems\Factory.cs:line 464</StdOut>
      </Output>
    </UnitTestResult>
    <UnitTestResult executionId="53fbf774-447e-4188-88eb-bea20995ddbc" testId="373252f1-976f-baf6-24a1-d0fc41da5a58" testName="LiveStart_NotConnected_DoesNotCrash" computerName="DKSR-EFI-04" duration="00:00:00.0002748" startTime="2023-12-22T09:36:47.5385043+01:00" endTime="2023-12-22T09:36:47.5385043+01:00" testType="13cdc9d9-ddb5-4fa4-a97d-d965ccfc6d4b" outcome="Passed" testListId="8c84fa94-04c1-424b-9868-57a2d4851a1d" relativeResultsDirectory="53fbf774-447e-4188-88eb-bea20995ddbc" />
    <UnitTestResult executionId="650a8e82-b020-4a5c-bf59-e1dd54286d1d" testId="4c636ed3-7a97-56f4-5f09-90e82a59bb70" testName="XpcoMultiUserLoginTwoServersBasic" computerName="DKSR-EFI-04" duration="00:00:01.9132376" startTime="2023-12-22T09:36:28.4133997+01:00" endTime="2023-12-22T09:36:30.3352846+01:00" testType="13cdc9d9-ddb5-4fa4-a97d-d965ccfc6d4b" outcome="Passed" testListId="8c84fa94-04c1-424b-9868-57a2d4851a1d" relativeResultsDirectory="650a8e82-b020-4a5c-bf59-e1dd54286d1d">
      <Output>
        <StdOut>Debug Trace:&#xD;
TopLevelControl returns null. PostMessage may have problems&#xD;
MIP: Error: ConfigurationApiItemWrapper (): ConfigAPI GetItem(): System.NotImplementedException, The method or operation is not implemented.&#xD;
MIP: Error: Factory.IsItemTypeSupported (): Exception source:      VideoOS.Platform.SDK.UnitTests&#xD;
Exception type:        System.NotImplementedException&#xD;
Exception message:     The method or operation is not implemented.&#xD;
Exception target site: GetItem&#xD;
   at VideoOS.Platform.SDKUnittest.EnvironmentTests.TestConfigurationClientService.GetItem(String path) in D:\actions-runner\_work\XPCO\XPCO\MIP\MIPSDK\tst\VideoOS.Platform.SDK.UnitTests\EnvironmentTests\TestsWithCorporateShimsBase.cs:line 227&#xD;
   at VideoOS.Platform.Proxy.ConfigApi.ConfigurationApiItemWrapper..ctor(ServerId serverId, String path) in D:\actions-runner\_work\XPCO\XPCO\MIP\PlatformPlugin\VideoOS.Platform\src\Proxy\ConfigApi\ConfigurationApiItemWrapper.cs:line 110&#xD;
   at VideoOS.Platform.ConfigurationItems.Factory.IsItemTypeSupported(ServerId serverId, String itemType) in D:\actions-runner\_work\XPCO\XPCO\MIP\PlatformPlugin\VideoOS.Platform\src\ConfigurationItems\Factory.cs:line 464&#xD;
&#xD;
Factory.IsItemTypeSupportedFactory.IsItemTypeSupported ()The method or operation is not implemented.   at VideoOS.Platform.SDKUnittest.EnvironmentTests.TestConfigurationClientService.GetItem(String path) in D:\actions-runner\_work\XPCO\XPCO\MIP\MIPSDK\tst\VideoOS.Platform.SDK.UnitTests\EnvironmentTests\TestsWithCorporateShimsBase.cs:line 227&#xD;
   at VideoOS.Platform.Proxy.ConfigApi.ConfigurationApiItemWrapper..ctor(ServerId serverId, String path) in D:\actions-runner\_work\XPCO\XPCO\MIP\PlatformPlugin\VideoOS.Platform\src\Proxy\ConfigApi\ConfigurationApiItemWrapper.cs:line 110&#xD;
   at VideoOS.Platform.ConfigurationItems.Factory.IsItemTypeSupported(ServerId serverId, String itemType) in D:\actions-runner\_work\XPCO\XPCO\MIP\PlatformPlugin\VideoOS.Platform\src\ConfigurationItems\Factory.cs:line 464&#xD;
MIP: Error: GetConfiguration (): CustomSetting not found for the given platformDefinitionId: e145597a-ecaf-40a1-99e6-14bb9d45a09e&#xD;
MIP: Error: ConfigurationApiItemWrapper (): ConfigAPI GetItem(): System.NotImplementedException, The method or operation is not implemented.&#xD;
MIP: Error: Factory.IsItemTypeSupported (): Exception source:      VideoOS.Platform.SDK.UnitTests&#xD;
Exception type:        System.NotImplementedException&#xD;
Exception message:     The method or operation is not implemented.&#xD;
Exception target site: GetItem&#xD;
   at VideoOS.Platform.SDKUnittest.EnvironmentTests.TestConfigurationClientService.GetItem(String path) in D:\actions-runner\_work\XPCO\XPCO\MIP\MIPSDK\tst\VideoOS.Platform.SDK.UnitTests\EnvironmentTests\TestsWithCorporateShimsBase.cs:line 227&#xD;
   at VideoOS.Platform.Proxy.ConfigApi.ConfigurationApiItemWrapper..ctor(ServerId serverId, String path) in D:\actions-runner\_work\XPCO\XPCO\MIP\PlatformPlugin\VideoOS.Platform\src\Proxy\ConfigApi\ConfigurationApiItemWrapper.cs:line 110&#xD;
   at VideoOS.Platform.ConfigurationItems.Factory.IsItemTypeSupported(ServerId serverId, String itemType) in D:\actions-runner\_work\XPCO\XPCO\MIP\PlatformPlugin\VideoOS.Platform\src\ConfigurationItems\Factory.cs:line 464&#xD;
&#xD;
Factory.IsItemTypeSupportedFactory.IsItemTypeSupported ()The method or operation is not implemented.   at VideoOS.Platform.SDKUnittest.EnvironmentTests.TestConfigurationClientService.GetItem(String path) in D:\actions-runner\_work\XPCO\XPCO\MIP\MIPSDK\tst\VideoOS.Platform.SDK.UnitTests\EnvironmentTests\TestsWithCorporateShimsBase.cs:line 227&#xD;
   at VideoOS.Platform.Proxy.ConfigApi.ConfigurationApiItemWrapper..ctor(ServerId serverId, String path) in D:\actions-runner\_work\XPCO\XPCO\MIP\PlatformPlugin\VideoOS.Platform\src\Proxy\ConfigApi\ConfigurationApiItemWrapper.cs:line 110&#xD;
   at VideoOS.Platform.ConfigurationItems.Factory.IsItemTypeSupported(ServerId serverId, String itemType) in D:\actions-runner\_work\XPCO\XPCO\MIP\PlatformPlugin\VideoOS.Platform\src\ConfigurationItems\Factory.cs:line 464&#xD;
MIP: Error: ConfigurationApiItemWrapper (): ConfigAPI GetItem(): System.NotImplementedException, The method or operation is not implemented.&#xD;
MIP: Error: Factory.IsItemTypeSupported (): Exception source:      VideoOS.Platform.SDK.UnitTests&#xD;
Exception type:        System.NotImplementedException&#xD;
Exception message:     The method or operation is not implemented.&#xD;
Exception target site: GetItem&#xD;
   at VideoOS.Platform.SDKUnittest.EnvironmentTests.TestConfigurationClientService.GetItem(String path) in D:\actions-runner\_work\XPCO\XPCO\MIP\MIPSDK\tst\VideoOS.Platform.SDK.UnitTests\EnvironmentTests\TestsWithCorporateShimsBase.cs:line 227&#xD;
   at VideoOS.Platform.Proxy.ConfigApi.ConfigurationApiItemWrapper..ctor(ServerId serverId, String path) in D:\actions-runner\_work\XPCO\XPCO\MIP\PlatformPlugin\VideoOS.Platform\src\Proxy\ConfigApi\ConfigurationApiItemWrapper.cs:line 110&#xD;
   at VideoOS.Platform.ConfigurationItems.Factory.IsItemTypeSupported(ServerId serverId, String itemType) in D:\actions-runner\_work\XPCO\XPCO\MIP\PlatformPlugin\VideoOS.Platform\src\ConfigurationItems\Factory.cs:line 464&#xD;
&#xD;
Factory.IsItemTypeSupportedFactory.IsItemTypeSupported ()The method or operation is not implemented.   at VideoOS.Platform.SDKUnittest.EnvironmentTests.TestConfigurationClientService.GetItem(String path) in D:\actions-runner\_work\XPCO\XPCO\MIP\MIPSDK\tst\VideoOS.Platform.SDK.UnitTests\EnvironmentTests\TestsWithCorporateShimsBase.cs:line 227&#xD;
   at VideoOS.Platform.Proxy.ConfigApi.ConfigurationApiItemWrapper..ctor(ServerId serverId, String path) in D:\actions-runner\_work\XPCO\XPCO\MIP\PlatformPlugin\VideoOS.Platform\src\Proxy\ConfigApi\ConfigurationApiItemWrapper.cs:line 110&#xD;
   at VideoOS.Platform.ConfigurationItems.Factory.IsItemTypeSupported(ServerId serverId, String itemType) in D:\actions-runner\_work\XPCO\XPCO\MIP\PlatformPlugin\VideoOS.Platform\src\ConfigurationItems\Factory.cs:line 464&#xD;
MIP: Error: ConfigurationApiItemWrapper (): ConfigAPI GetItem(): System.NotImplementedException, The method or operation is not implemented.&#xD;
MIP: Error: Factory.IsItemTypeSupported (): Exception source:      VideoOS.Platform.SDK.UnitTests&#xD;
Exception type:        System.NotImplementedException&#xD;
Exception message:     The method or operation is not implemented.&#xD;
Exception target site: GetItem&#xD;
   at VideoOS.Platform.SDKUnittest.EnvironmentTests.TestConfigurationClientService.GetItem(String path) in D:\actions-runner\_work\XPCO\XPCO\MIP\MIPSDK\tst\VideoOS.Platform.SDK.UnitTests\EnvironmentTests\TestsWithCorporateShimsBase.cs:line 227&#xD;
   at VideoOS.Platform.Proxy.ConfigApi.ConfigurationApiItemWrapper..ctor(ServerId serverId, String path) in D:\actions-runner\_work\XPCO\XPCO\MIP\PlatformPlugin\VideoOS.Platform\src\Proxy\ConfigApi\ConfigurationApiItemWrapper.cs:line 110&#xD;
   at VideoOS.Platform.ConfigurationItems.Factory.IsItemTypeSupported(ServerId serverId, String itemType) in D:\actions-runner\_work\XPCO\XPCO\MIP\PlatformPlugin\VideoOS.Platform\src\ConfigurationItems\Factory.cs:line 464&#xD;
&#xD;
Factory.IsItemTypeSupportedFactory.IsItemTypeSupported ()The method or operation is not implemented.   at VideoOS.Platform.SDKUnittest.EnvironmentTests.TestConfigurationClientService.GetItem(String path) in D:\actions-runner\_work\XPCO\XPCO\MIP\MIPSDK\tst\VideoOS.Platform.SDK.UnitTests\EnvironmentTests\TestsWithCorporateShimsBase.cs:line 227&#xD;
   at VideoOS.Platform.Proxy.ConfigApi.ConfigurationApiItemWrapper..ctor(ServerId serverId, String path) in D:\actions-runner\_work\XPCO\XPCO\MIP\PlatformPlugin\VideoOS.Platform\src\Proxy\ConfigApi\ConfigurationApiItemWrapper.cs:line 110&#xD;
   at VideoOS.Platform.ConfigurationItems.Factory.IsItemTypeSupported(ServerId serverId, String itemType) in D:\actions-runner\_work\XPCO\XPCO\MIP\PlatformPlugin\VideoOS.Platform\src\ConfigurationItems\Factory.cs:line 464&#xD;
MIP: Error: LoginServerOauth (): https://1.2.3.5:55/ManagementServer/ServerCommandServiceOAuth.svc The method or operation is not implemented.&#xD;
MIP: Error: ConfigurationApiItemWrapper (): ConfigAPI GetItem(): System.NotImplementedException, The method or operation is not implemented.&#xD;
MIP: Error: Factory.IsItemTypeSupported (): Exception source:      VideoOS.Platform.SDK.UnitTests&#xD;
Exception type:        System.NotImplementedException&#xD;
Exception message:     The method or operation is not implemented.&#xD;
Exception target site: GetItem&#xD;
   at VideoOS.Platform.SDKUnittest.EnvironmentTests.TestConfigurationClientService.GetItem(String path) in D:\actions-runner\_work\XPCO\XPCO\MIP\MIPSDK\tst\VideoOS.Platform.SDK.UnitTests\EnvironmentTests\TestsWithCorporateShimsBase.cs:line 227&#xD;
   at VideoOS.Platform.Proxy.ConfigApi.ConfigurationApiItemWrapper..ctor(ServerId serverId, String path) in D:\actions-runner\_work\XPCO\XPCO\MIP\PlatformPlugin\VideoOS.Platform\src\Proxy\ConfigApi\ConfigurationApiItemWrapper.cs:line 110&#xD;
   at VideoOS.Platform.ConfigurationItems.Factory.IsItemTypeSupported(ServerId serverId, String itemType) in D:\actions-runner\_work\XPCO\XPCO\MIP\PlatformPlugin\VideoOS.Platform\src\ConfigurationItems\Factory.cs:line 464&#xD;
&#xD;
Factory.IsItemTypeSupportedFactory.IsItemTypeSupported ()The method or operation is not implemented.   at VideoOS.Platform.SDKUnittest.EnvironmentTests.TestConfigurationClientService.GetItem(String path) in D:\actions-runner\_work\XPCO\XPCO\MIP\MIPSDK\tst\VideoOS.Platform.SDK.UnitTests\EnvironmentTests\TestsWithCorporateShimsBase.cs:line 227&#xD;
   at VideoOS.Platform.Proxy.ConfigApi.ConfigurationApiItemWrapper..ctor(ServerId serverId, String path) in D:\actions-runner\_work\XPCO\XPCO\MIP\PlatformPlugin\VideoOS.Platform\src\Proxy\ConfigApi\ConfigurationApiItemWrapper.cs:line 110&#xD;
   at VideoOS.Platform.ConfigurationItems.Factory.IsItemTypeSupported(ServerId serverId, String itemType) in D:\actions-runner\_work\XPCO\XPCO\MIP\PlatformPlugin\VideoOS.Platform\src\ConfigurationItems\Factory.cs:line 464&#xD;
MIP: Error: LoginServerOauth (): https://1.2.3.5:55/ManagementServer/ServerCommandServiceOAuth.svc The method or operation is not implemented.&#xD;
MIP: Error: ConfigurationApiItemWrapper (): ConfigAPI GetItem(): System.NotImplementedException, The method or operation is not implemented.&#xD;
MIP: Error: GetConfiguration (): CustomSetting not found for the given platformDefinitionId: e145597a-ecaf-40a1-99e6-14bb9d45a09e&#xD;
MIP: Error: ConfigurationApiItemWrapper (): ConfigAPI GetItem(): System.NotImplementedException, The method or operation is not implemented.&#xD;
MIP: Error: Factory.IsItemTypeSupported (): Exception source:      VideoOS.Platform.SDK.UnitTests&#xD;
Exception type:        System.NotImplementedException&#xD;
Exception message:     The method or operation is not implemented.&#xD;
Exception target site: GetItem&#xD;
   at VideoOS.Platform.SDKUnittest.EnvironmentTests.TestConfigurationClientService.GetItem(String path) in D:\actions-runner\_work\XPCO\XPCO\MIP\MIPSDK\tst\VideoOS.Platform.SDK.UnitTests\EnvironmentTests\TestsWithCorporateShimsBase.cs:line 227&#xD;
   at VideoOS.Platform.Proxy.ConfigApi.ConfigurationApiItemWrapper..ctor(ServerId serverId, String path) in D:\actions-runner\_work\XPCO\XPCO\MIP\PlatformPlugin\VideoOS.Platform\src\Proxy\ConfigApi\ConfigurationApiItemWrapper.cs:line 110&#xD;
   at VideoOS.Platform.ConfigurationItems.Factory.IsItemTypeSupported(ServerId serverId, String itemType) in D:\actions-runner\_work\XPCO\XPCO\MIP\PlatformPlugin\VideoOS.Platform\src\ConfigurationItems\Factory.cs:line 464&#xD;
&#xD;
Factory.IsItemTypeSupportedFactory.IsItemTypeSupported ()The method or operation is not implemented.   at VideoOS.Platform.SDKUnittest.EnvironmentTests.TestConfigurationClientService.GetItem(String path) in D:\actions-runner\_work\XPCO\XPCO\MIP\MIPSDK\tst\VideoOS.Platform.SDK.UnitTests\EnvironmentTests\TestsWithCorporateShimsBase.cs:line 227&#xD;
   at VideoOS.Platform.Proxy.ConfigApi.ConfigurationApiItemWrapper..ctor(ServerId serverId, String path) in D:\actions-runner\_work\XPCO\XPCO\MIP\PlatformPlugin\VideoOS.Platform\src\Proxy\ConfigApi\ConfigurationApiItemWrapper.cs:line 110&#xD;
   at VideoOS.Platform.ConfigurationItems.Factory.IsItemTypeSupported(ServerId serverId, String itemType) in D:\actions-runner\_work\XPCO\XPCO\MIP\PlatformPlugin\VideoOS.Platform\src\ConfigurationItems\Factory.cs:line 464&#xD;
MIP: Error: Factory.IsItemTypeSupported (): Exception source:      VideoOS.Platform.SDK.UnitTests&#xD;
Exception type:        System.NotImplementedException&#xD;
Exception message:     The method or operation is not implemented.&#xD;
Exception target site: GetItem&#xD;
   at VideoOS.Platform.SDKUnittest.EnvironmentTests.TestConfigurationClientService.GetItem(String path) in D:\actions-runner\_work\XPCO\XPCO\MIP\MIPSDK\tst\VideoOS.Platform.SDK.UnitTests\EnvironmentTests\TestsWithCorporateShimsBase.cs:line 227&#xD;
   at VideoOS.Platform.Proxy.ConfigApi.ConfigurationApiItemWrapper..ctor(ServerId serverId, String path) in D:\actions-runner\_work\XPCO\XPCO\MIP\PlatformPlugin\VideoOS.Platform\src\Proxy\ConfigApi\ConfigurationApiItemWrapper.cs:line 110&#xD;
   at VideoOS.Platform.ConfigurationItems.Factory.IsItemTypeSupported(ServerId serverId, String itemType) in D:\actions-runner\_work\XPCO\XPCO\MIP\PlatformPlugin\VideoOS.Platform\src\ConfigurationItems\Factory.cs:line 464&#xD;
&#xD;
Factory.IsItemTypeSupportedFactory.IsItemTypeSupported ()The method or operation is not implemented.   at VideoOS.Platform.SDKUnittest.EnvironmentTests.TestConfigurationClientService.GetItem(String path) in D:\actions-runner\_work\XPCO\XPCO\MIP\MIPSDK\tst\VideoOS.Platform.SDK.UnitTests\EnvironmentTests\TestsWithCorporateShimsBase.cs:line 227&#xD;
   at VideoOS.Platform.Proxy.ConfigApi.ConfigurationApiItemWrapper..ctor(ServerId serverId, String path) in D:\actions-runner\_work\XPCO\XPCO\MIP\PlatformPlugin\VideoOS.Platform\src\Proxy\ConfigApi\ConfigurationApiItemWrapper.cs:line 110&#xD;
   at VideoOS.Platform.ConfigurationItems.Factory.IsItemTypeSupported(ServerId serverId, String itemType) in D:\actions-runner\_work\XPCO\XPCO\MIP\PlatformPlugin\VideoOS.Platform\src\ConfigurationItems\Factory.cs:line 464&#xD;
MIP: Error: ConfigurationApiItemWrapper (): ConfigAPI GetItem(): System.NotImplementedException, The method or operation is not implemented.&#xD;
MIP: Error: Factory.IsItemTypeSupported (): Exception source:      VideoOS.Platform.SDK.UnitTests&#xD;
Exception type:        System.NotImplementedException&#xD;
Exception message:     The method or operation is not implemented.&#xD;
Exception target site: GetItem&#xD;
   at VideoOS.Platform.SDKUnittest.EnvironmentTests.TestConfigurationClientService.GetItem(String path) in D:\actions-runner\_work\XPCO\XPCO\MIP\MIPSDK\tst\VideoOS.Platform.SDK.UnitTests\EnvironmentTests\TestsWithCorporateShimsBase.cs:line 227&#xD;
   at VideoOS.Platform.Proxy.ConfigApi.ConfigurationApiItemWrapper..ctor(ServerId serverId, String path) in D:\actions-runner\_work\XPCO\XPCO\MIP\PlatformPlugin\VideoOS.Platform\src\Proxy\ConfigApi\ConfigurationApiItemWrapper.cs:line 110&#xD;
   at VideoOS.Platform.ConfigurationItems.Factory.IsItemTypeSupported(ServerId serverId, String itemType) in D:\actions-runner\_work\XPCO\XPCO\MIP\PlatformPlugin\VideoOS.Platform\src\ConfigurationItems\Factory.cs:line 464&#xD;
&#xD;
Factory.IsItemTypeSupportedFactory.IsItemTypeSupported ()The method or operation is not implemented.   at VideoOS.Platform.SDKUnittest.EnvironmentTests.TestConfigurationClientService.GetItem(String path) in D:\actions-runner\_work\XPCO\XPCO\MIP\MIPSDK\tst\VideoOS.Platform.SDK.UnitTests\EnvironmentTests\TestsWithCorporateShimsBase.cs:line 227&#xD;
   at VideoOS.Platform.Proxy.ConfigApi.ConfigurationApiItemWrapper..ctor(ServerId serverId, String path) in D:\actions-runner\_work\XPCO\XPCO\MIP\PlatformPlugin\VideoOS.Platform\src\Proxy\ConfigApi\ConfigurationApiItemWrapper.cs:line 110&#xD;
   at VideoOS.Platform.ConfigurationItems.Factory.IsItemTypeSupported(ServerId serverId, String itemType) in D:\actions-runner\_work\XPCO\XPCO\MIP\PlatformPlugin\VideoOS.Platform\src\ConfigurationItems\Factory.cs:line 464&#xD;
MIP: Error: LoginServerOauth (): https://1.2.3.5:55/ManagementServer/ServerCommandServiceOAuth.svc The method or operation is not implemented.&#xD;
MIP: Error: ConfigurationApiItemWrapper (): ConfigAPI GetItem(): System.NotImplementedException, The method or operation is not implemented.&#xD;
MIP: Error: Factory.IsItemTypeSupported (): Exception source:      VideoOS.Platform.SDK.UnitTests&#xD;
Exception type:        System.NotImplementedException&#xD;
Exception message:     The method or operation is not implemented.&#xD;
Exception target site: GetItem&#xD;
   at VideoOS.Platform.SDKUnittest.EnvironmentTests.TestConfigurationClientService.GetItem(String path) in D:\actions-runner\_work\XPCO\XPCO\MIP\MIPSDK\tst\VideoOS.Platform.SDK.UnitTests\EnvironmentTests\TestsWithCorporateShimsBase.cs:line 227&#xD;
   at VideoOS.Platform.Proxy.ConfigApi.ConfigurationApiItemWrapper..ctor(ServerId serverId, String path) in D:\actions-runner\_work\XPCO\XPCO\MIP\PlatformPlugin\VideoOS.Platform\src\Proxy\ConfigApi\ConfigurationApiItemWrapper.cs:line 110&#xD;
   at VideoOS.Platform.ConfigurationItems.Factory.IsItemTypeSupported(ServerId serverId, String itemType) in D:\actions-runner\_work\XPCO\XPCO\MIP\PlatformPlugin\VideoOS.Platform\src\ConfigurationItems\Factory.cs:line 464&#xD;
&#xD;
Factory.IsItemTypeSupportedFactory.IsItemTypeSupported ()The method or operation is not implemented.   at VideoOS.Platform.SDKUnittest.EnvironmentTests.TestConfigurationClientService.GetItem(String path) in D:\actions-runner\_work\XPCO\XPCO\MIP\MIPSDK\tst\VideoOS.Platform.SDK.UnitTests\EnvironmentTests\TestsWithCorporateShimsBase.cs:line 227&#xD;
   at VideoOS.Platform.Proxy.ConfigApi.ConfigurationApiItemWrapper..ctor(ServerId serverId, String path) in D:\actions-runner\_work\XPCO\XPCO\MIP\PlatformPlugin\VideoOS.Platform\src\Proxy\ConfigApi\ConfigurationApiItemWrapper.cs:line 110&#xD;
   at VideoOS.Platform.ConfigurationItems.Factory.IsItemTypeSupported(ServerId serverId, String itemType) in D:\actions-runner\_work\XPCO\XPCO\MIP\PlatformPlugin\VideoOS.Platform\src\ConfigurationItems\Factory.cs:line 464&#xD;
MIP: Error: ConfigurationApiItemWrapper (): ConfigAPI GetItem(): System.NotImplementedException, The method or operation is not implemented.&#xD;
MIP: Error: Factory.IsItemTypeSupported (): Exception source:      VideoOS.Platform.SDK.UnitTests&#xD;
Exception type:        System.NotImplementedException&#xD;
Exception message:     The method or operation is not implemented.&#xD;
Exception target site: GetItem&#xD;
   at VideoOS.Platform.SDKUnittest.EnvironmentTests.TestConfigurationClientService.GetItem(String path) in D:\actions-runner\_work\XPCO\XPCO\MIP\MIPSDK\tst\VideoOS.Platform.SDK.UnitTests\EnvironmentTests\TestsWithCorporateShimsBase.cs:line 227&#xD;
   at VideoOS.Platform.Proxy.ConfigApi.ConfigurationApiItemWrapper..ctor(ServerId serverId, String path) in D:\actions-runner\_work\XPCO\XPCO\MIP\PlatformPlugin\VideoOS.Platform\src\Proxy\ConfigApi\ConfigurationApiItemWrapper.cs:line 110&#xD;
   at VideoOS.Platform.ConfigurationItems.Factory.IsItemTypeSupported(ServerId serverId, String itemType) in D:\actions-runner\_work\XPCO\XPCO\MIP\PlatformPlugin\VideoOS.Platform\src\ConfigurationItems\Factory.cs:line 464&#xD;
&#xD;
Factory.IsItemTypeSupportedFactory.IsItemTypeSupported ()The method or operation is not implemented.   at VideoOS.Platform.SDKUnittest.EnvironmentTests.TestConfigurationClientService.GetItem(String path) in D:\actions-runner\_work\XPCO\XPCO\MIP\MIPSDK\tst\VideoOS.Platform.SDK.UnitTests\EnvironmentTests\TestsWithCorporateShimsBase.cs:line 227&#xD;
   at VideoOS.Platform.Proxy.ConfigApi.ConfigurationApiItemWrapper..ctor(ServerId serverId, String path) in D:\actions-runner\_work\XPCO\XPCO\MIP\PlatformPlugin\VideoOS.Platform\src\Proxy\ConfigApi\ConfigurationApiItemWrapper.cs:line 110&#xD;
   at VideoOS.Platform.ConfigurationItems.Factory.IsItemTypeSupported(ServerId serverId, String itemType) in D:\actions-runner\_work\XPCO\XPCO\MIP\PlatformPlugin\VideoOS.Platform\src\ConfigurationItems\Factory.cs:line 464&#xD;
MIP: Error: LoginServerOauth (): https://1.2.3.5:55/ManagementServer/ServerCommandServiceOAuth.svc The method or operation is not implemented.&#xD;
MIP: Error: ConfigurationApiItemWrapper (): ConfigAPI GetItem(): System.NotImplementedException, The method or operation is not implemented.&#xD;
MIP: Error: Factory.IsItemTypeSupported (): Exception source:      VideoOS.Platform.SDK.UnitTests&#xD;
Exception type:        System.NotImplementedException&#xD;
Exception message:     The method or operation is not implemented.&#xD;
Exception target site: GetItem&#xD;
   at VideoOS.Platform.SDKUnittest.EnvironmentTests.TestConfigurationClientService.GetItem(String path) in D:\actions-runner\_work\XPCO\XPCO\MIP\MIPSDK\tst\VideoOS.Platform.SDK.UnitTests\EnvironmentTests\TestsWithCorporateShimsBase.cs:line 227&#xD;
   at VideoOS.Platform.Proxy.ConfigApi.ConfigurationApiItemWrapper..ctor(ServerId serverId, String path) in D:\actions-runner\_work\XPCO\XPCO\MIP\PlatformPlugin\VideoOS.Platform\src\Proxy\ConfigApi\ConfigurationApiItemWrapper.cs:line 110&#xD;
   at VideoOS.Platform.ConfigurationItems.Factory.IsItemTypeSupported(ServerId serverId, String itemType) in D:\actions-runner\_work\XPCO\XPCO\MIP\PlatformPlugin\VideoOS.Platform\src\ConfigurationItems\Factory.cs:line 464&#xD;
&#xD;
Factory.IsItemTypeSupportedFactory.IsItemTypeSupported ()The method or operation is not implemented.   at VideoOS.Platform.SDKUnittest.EnvironmentTests.TestConfigurationClientService.GetItem(String path) in D:\actions-runner\_work\XPCO\XPCO\MIP\MIPSDK\tst\VideoOS.Platform.SDK.UnitTests\EnvironmentTests\TestsWithCorporateShimsBase.cs:line 227&#xD;
   at VideoOS.Platform.Proxy.ConfigApi.ConfigurationApiItemWrapper..ctor(ServerId serverId, String path) in D:\actions-runner\_work\XPCO\XPCO\MIP\PlatformPlugin\VideoOS.Platform\src\Proxy\ConfigApi\ConfigurationApiItemWrapper.cs:line 110&#xD;
   at VideoOS.Platform.ConfigurationItems.Factory.IsItemTypeSupported(ServerId serverId, String itemType) in D:\actions-runner\_work\XPCO\XPCO\MIP\PlatformPlugin\VideoOS.Platform\src\ConfigurationItems\Factory.cs:line 464&#xD;
MIP: Error: ConfigurationApiItemWrapper (): ConfigAPI GetItem(): System.NotImplementedException, The method or operation is not implemented.&#xD;
MIP: Error: Factory.IsItemTypeSupported (): Exception source:      VideoOS.Platform.SDK.UnitTests&#xD;
Exception type:        System.NotImplementedException&#xD;
Exception message:     The method or operation is not implemented.&#xD;
Exception target site: GetItem&#xD;
   at VideoOS.Platform.SDKUnittest.EnvironmentTests.TestConfigurationClientService.GetItem(String path) in D:\actions-runner\_work\XPCO\XPCO\MIP\MIPSDK\tst\VideoOS.Platform.SDK.UnitTests\EnvironmentTests\TestsWithCorporateShimsBase.cs:line 227&#xD;
   at VideoOS.Platform.Proxy.ConfigApi.ConfigurationApiItemWrapper..ctor(ServerId serverId, String path) in D:\actions-runner\_work\XPCO\XPCO\MIP\PlatformPlugin\VideoOS.Platform\src\Proxy\ConfigApi\ConfigurationApiItemWrapper.cs:line 110&#xD;
   at VideoOS.Platform.ConfigurationItems.Factory.IsItemTypeSupported(ServerId serverId, String itemType) in D:\actions-runner\_work\XPCO\XPCO\MIP\PlatformPlugin\VideoOS.Platform\src\ConfigurationItems\Factory.cs:line 464&#xD;
&#xD;
Factory.IsItemTypeSupportedFactory.IsItemTypeSupported ()The method or operation is not implemented.   at VideoOS.Platform.SDKUnittest.EnvironmentTests.TestConfigurationClientService.GetItem(String path) in D:\actions-runner\_work\XPCO\XPCO\MIP\MIPSDK\tst\VideoOS.Platform.SDK.UnitTests\EnvironmentTests\TestsWithCorporateShimsBase.cs:line 227&#xD;
   at VideoOS.Platform.Proxy.ConfigApi.ConfigurationApiItemWrapper..ctor(ServerId serverId, String path) in D:\actions-runner\_work\XPCO\XPCO\MIP\PlatformPlugin\VideoOS.Platform\src\Proxy\ConfigApi\ConfigurationApiItemWrapper.cs:line 110&#xD;
   at VideoOS.Platform.ConfigurationItems.Factory.IsItemTypeSupported(ServerId serverId, String itemType) in D:\actions-runner\_work\XPCO\XPCO\MIP\PlatformPlugin\VideoOS.Platform\src\ConfigurationItems\Factory.cs:line 464&#xD;
MIP: Error: LoginServerOauth (): https://1.2.3.5:55/ManagementServer/ServerCommandServiceOAuth.svc The method or operation is not implemented.&#xD;
MIP: Error: ConfigurationApiItemWrapper (): ConfigAPI GetItem(): System.NotImplementedException, The method or operation is not implemented.&#xD;
MIP: Error: Factory.IsItemTypeSupported (): Exception source:      VideoOS.Platform.SDK.UnitTests&#xD;
Exception type:        System.NotImplementedException&#xD;
Exception message:     The method or operation is not implemented.&#xD;
Exception target site: GetItem&#xD;
   at VideoOS.Platform.SDKUnittest.EnvironmentTests.TestConfigurationClientService.GetItem(String path) in D:\actions-runner\_work\XPCO\XPCO\MIP\MIPSDK\tst\VideoOS.Platform.SDK.UnitTests\EnvironmentTests\TestsWithCorporateShimsBase.cs:line 227&#xD;
   at VideoOS.Platform.Proxy.ConfigApi.ConfigurationApiItemWrapper..ctor(ServerId serverId, String path) in D:\actions-runner\_work\XPCO\XPCO\MIP\PlatformPlugin\VideoOS.Platform\src\Proxy\ConfigApi\ConfigurationApiItemWrapper.cs:line 110&#xD;
   at VideoOS.Platform.ConfigurationItems.Factory.IsItemTypeSupported(ServerId serverId, String itemType) in D:\actions-runner\_work\XPCO\XPCO\MIP\PlatformPlugin\VideoOS.Platform\src\ConfigurationItems\Factory.cs:line 464&#xD;
&#xD;
Factory.IsItemTypeSupportedFactory.IsItemTypeSupported ()The method or operation is not implemented.   at VideoOS.Platform.SDKUnittest.EnvironmentTests.TestConfigurationClientService.GetItem(String path) in D:\actions-runner\_work\XPCO\XPCO\MIP\MIPSDK\tst\VideoOS.Platform.SDK.UnitTests\EnvironmentTests\TestsWithCorporateShimsBase.cs:line 227&#xD;
   at VideoOS.Platform.Proxy.ConfigApi.ConfigurationApiItemWrapper..ctor(ServerId serverId, String path) in D:\actions-runner\_work\XPCO\XPCO\MIP\PlatformPlugin\VideoOS.Platform\src\Proxy\ConfigApi\ConfigurationApiItemWrapper.cs:line 110&#xD;
   at VideoOS.Platform.ConfigurationItems.Factory.IsItemTypeSupported(ServerId serverId, String itemType) in D:\actions-runner\_work\XPCO\XPCO\MIP\PlatformPlugin\VideoOS.Platform\src\ConfigurationItems\Factory.cs:line 464&#xD;
MIP: Error: LoginServerOauth (): https://1.2.3.5:55/ManagementServer/ServerCommandServiceOAuth.svc The method or operation is not implemented.&#xD;
MIP: Error: GetConfiguration (): CustomSetting not found for the given platformDefinitionId: e145597a-ecaf-40a1-99e6-14bb9d45a09e&#xD;
MIP: Error: ConfigurationApiItemWrapper (): ConfigAPI GetItem(): System.NotImplementedException, The method or operation is not implemented.&#xD;
MIP: Error: ConfigurationApiItemWrapper (): ConfigAPI GetItem(): System.NotImplementedException, The method or operation is not implemented.&#xD;
MIP: Error: Factory.IsItemTypeSupported (): Exception source:      VideoOS.Platform.SDK.UnitTests&#xD;
Exception type:        System.NotImplementedException&#xD;
Exception message:     The method or operation is not implemented.&#xD;
Exception target site: GetItem&#xD;
   at VideoOS.Platform.SDKUnittest.EnvironmentTests.TestConfigurationClientService.GetItem(String path) in D:\actions-runner\_work\XPCO\XPCO\MIP\MIPSDK\tst\VideoOS.Platform.SDK.UnitTests\EnvironmentTests\TestsWithCorporateShimsBase.cs:line 227&#xD;
   at VideoOS.Platform.Proxy.ConfigApi.ConfigurationApiItemWrapper..ctor(ServerId serverId, String path) in D:\actions-runner\_work\XPCO\XPCO\MIP\PlatformPlugin\VideoOS.Platform\src\Proxy\ConfigApi\ConfigurationApiItemWrapper.cs:line 110&#xD;
   at VideoOS.Platform.ConfigurationItems.Factory.IsItemTypeSupported(ServerId serverId, String itemType) in D:\actions-runner\_work\XPCO\XPCO\MIP\PlatformPlugin\VideoOS.Platform\src\ConfigurationItems\Factory.cs:line 464&#xD;
&#xD;
Factory.IsItemTypeSupportedFactory.IsItemTypeSupported ()The method or operation is not implemented.   at VideoOS.Platform.SDKUnittest.EnvironmentTests.TestConfigurationClientService.GetItem(String path) in D:\actions-runner\_work\XPCO\XPCO\MIP\MIPSDK\tst\VideoOS.Platform.SDK.UnitTests\EnvironmentTests\TestsWithCorporateShimsBase.cs:line 227&#xD;
   at VideoOS.Platform.Proxy.ConfigApi.ConfigurationApiItemWrapper..ctor(ServerId serverId, String path) in D:\actions-runner\_work\XPCO\XPCO\MIP\PlatformPlugin\VideoOS.Platform\src\Proxy\ConfigApi\ConfigurationApiItemWrapper.cs:line 110&#xD;
   at VideoOS.Platform.ConfigurationItems.Factory.IsItemTypeSupported(ServerId serverId, String itemType) in D:\actions-runner\_work\XPCO\XPCO\MIP\PlatformPlugin\VideoOS.Platform\src\ConfigurationItems\Factory.cs:line 464&#xD;
MIP: Error: ConfigurationApiItemWrapper (): ConfigAPI GetItem(): System.NotImplementedException, The method or operation is not implemented.&#xD;
MIP: Error: Factory.IsItemTypeSupported (): Exception source:      VideoOS.Platform.SDK.UnitTests&#xD;
Exception type:        System.NotImplementedException&#xD;
Exception message:     The method or operation is not implemented.&#xD;
Exception target site: GetItem&#xD;
   at VideoOS.Platform.SDKUnittest.EnvironmentTests.TestConfigurationClientService.GetItem(String path) in D:\actions-runner\_work\XPCO\XPCO\MIP\MIPSDK\tst\VideoOS.Platform.SDK.UnitTests\EnvironmentTests\TestsWithCorporateShimsBase.cs:line 227&#xD;
   at VideoOS.Platform.Proxy.ConfigApi.ConfigurationApiItemWrapper..ctor(ServerId serverId, String path) in D:\actions-runner\_work\XPCO\XPCO\MIP\PlatformPlugin\VideoOS.Platform\src\Proxy\ConfigApi\ConfigurationApiItemWrapper.cs:line 110&#xD;
   at VideoOS.Platform.ConfigurationItems.Factory.IsItemTypeSupported(ServerId serverId, String itemType) in D:\actions-runner\_work\XPCO\XPCO\MIP\PlatformPlugin\VideoOS.Platform\src\ConfigurationItems\Factory.cs:line 464&#xD;
&#xD;
Factory.IsItemTypeSupportedFactory.IsItemTypeSupported ()The method or operation is not implemented.   at VideoOS.Platform.SDKUnittest.EnvironmentTests.TestConfigurationClientService.GetItem(String path) in D:\actions-runner\_work\XPCO\XPCO\MIP\MIPSDK\tst\VideoOS.Platform.SDK.UnitTests\EnvironmentTests\TestsWithCorporateShimsBase.cs:line 227&#xD;
   at VideoOS.Platform.Proxy.ConfigApi.ConfigurationApiItemWrapper..ctor(ServerId serverId, String path) in D:\actions-runner\_work\XPCO\XPCO\MIP\PlatformPlugin\VideoOS.Platform\src\Proxy\ConfigApi\ConfigurationApiItemWrapper.cs:line 110&#xD;
   at VideoOS.Platform.ConfigurationItems.Factory.IsItemTypeSupported(ServerId serverId, String itemType) in D:\actions-runner\_work\XPCO\XPCO\MIP\PlatformPlugin\VideoOS.Platform\src\ConfigurationItems\Factory.cs:line 464&#xD;
MIP: Error: Factory.IsItemTypeSupported (): Exception source:      VideoOS.Platform.SDK.UnitTests&#xD;
Exception type:        System.NotImplementedException&#xD;
Exception message:     The method or operation is not implemented.&#xD;
Exception target site: GetItem&#xD;
   at VideoOS.Platform.SDKUnittest.EnvironmentTests.TestConfigurationClientService.GetItem(String path) in D:\actions-runner\_work\XPCO\XPCO\MIP\MIPSDK\tst\VideoOS.Platform.SDK.UnitTests\EnvironmentTests\TestsWithCorporateShimsBase.cs:line 227&#xD;
   at VideoOS.Platform.Proxy.ConfigApi.ConfigurationApiItemWrapper..ctor(ServerId serverId, String path) in D:\actions-runner\_work\XPCO\XPCO\MIP\PlatformPlugin\VideoOS.Platform\src\Proxy\ConfigApi\ConfigurationApiItemWrapper.cs:line 110&#xD;
   at VideoOS.Platform.ConfigurationItems.Factory.IsItemTypeSupported(ServerId serverId, String itemType) in D:\actions-runner\_work\XPCO\XPCO\MIP\PlatformPlugin\VideoOS.Platform\src\ConfigurationItems\Factory.cs:line 464&#xD;
&#xD;
Factory.IsItemTypeSupportedFactory.IsItemTypeSupported ()The method or operation is not implemented.   at VideoOS.Platform.SDKUnittest.EnvironmentTests.TestConfigurationClientService.GetItem(String path) in D:\actions-runner\_work\XPCO\XPCO\MIP\MIPSDK\tst\VideoOS.Platform.SDK.UnitTests\EnvironmentTests\TestsWithCorporateShimsBase.cs:line 227&#xD;
   at VideoOS.Platform.Proxy.ConfigApi.ConfigurationApiItemWrapper..ctor(ServerId serverId, String path) in D:\actions-runner\_work\XPCO\XPCO\MIP\PlatformPlugin\VideoOS.Platform\src\Proxy\ConfigApi\ConfigurationApiItemWrapper.cs:line 110&#xD;
   at VideoOS.Platform.ConfigurationItems.Factory.IsItemTypeSupported(ServerId serverId, String itemType) in D:\actions-runner\_work\XPCO\XPCO\MIP\PlatformPlugin\VideoOS.Platform\src\ConfigurationItems\Factory.cs:line 464&#xD;
MIP: Error: LoginServerOauth (): https://1.2.3.5:55/ManagementServer/ServerCommandServiceOAuth.svc The method or operation is not implemented.&#xD;
MIP: Error: LoginServerOauth (): https://1.2.3.5:55/ManagementServer/ServerCommandServiceOAuth.svc The method or operation is not implemented.</StdOut>
      </Output>
    </UnitTestResult>
    <UnitTestResult executionId="91fe0c7c-3283-47f0-8dfd-b338a1f82c40" testId="99f228e6-630e-dc8e-e51f-6fbc781ddda8" testName="ConnectUsingConfiguration_SecondCallClosesPreviousToolkit_Success" computerName="DKSR-EFI-04" duration="00:00:00.0027345" startTime="2023-12-22T09:36:47.5072542+01:00" endTime="2023-12-22T09:36:47.5072542+01:00" testType="13cdc9d9-ddb5-4fa4-a97d-d965ccfc6d4b" outcome="Passed" testListId="8c84fa94-04c1-424b-9868-57a2d4851a1d" relativeResultsDirectory="91fe0c7c-3283-47f0-8dfd-b338a1f82c40" />
    <UnitTestResult executionId="041c81c1-008d-477f-b152-bec0dae23c41" testId="f71a8f3c-6ec8-1514-8d34-be3746728018" testName="XpcoCameraChecks" computerName="DKSR-EFI-04" duration="00:00:01.7337771" startTime="2023-12-22T09:36:41.8665986+01:00" endTime="2023-12-22T09:36:43.6009825+01:00" testType="13cdc9d9-ddb5-4fa4-a97d-d965ccfc6d4b" outcome="Passed" testListId="8c84fa94-04c1-424b-9868-57a2d4851a1d" relativeResultsDirectory="041c81c1-008d-477f-b152-bec0dae23c41">
      <Output>
        <StdOut>Debug Trace:&#xD;
TopLevelControl returns null. PostMessage may have problems&#xD;
MIP: Error: ConfigurationApiItemWrapper (): ConfigAPI GetItem(): System.NotImplementedException, The method or operation is not implemented.&#xD;
MIP: Error: Factory.IsItemTypeSupported (): Exception source:      VideoOS.Platform.SDK.UnitTests&#xD;
Exception type:        System.NotImplementedException&#xD;
Exception message:     The method or operation is not implemented.&#xD;
Exception target site: GetItem&#xD;
   at VideoOS.Platform.SDKUnittest.EnvironmentTests.TestConfigurationClientService.GetItem(String path) in D:\actions-runner\_work\XPCO\XPCO\MIP\MIPSDK\tst\VideoOS.Platform.SDK.UnitTests\EnvironmentTests\TestsWithCorporateShimsBase.cs:line 227&#xD;
   at VideoOS.Platform.Proxy.ConfigApi.ConfigurationApiItemWrapper..ctor(ServerId serverId, String path) in D:\actions-runner\_work\XPCO\XPCO\MIP\PlatformPlugin\VideoOS.Platform\src\Proxy\ConfigApi\ConfigurationApiItemWrapper.cs:line 110&#xD;
   at VideoOS.Platform.ConfigurationItems.Factory.IsItemTypeSupported(ServerId serverId, String itemType) in D:\actions-runner\_work\XPCO\XPCO\MIP\PlatformPlugin\VideoOS.Platform\src\ConfigurationItems\Factory.cs:line 464&#xD;
&#xD;
Factory.IsItemTypeSupportedFactory.IsItemTypeSupported ()The method or operation is not implemented.   at VideoOS.Platform.SDKUnittest.EnvironmentTests.TestConfigurationClientService.GetItem(String path) in D:\actions-runner\_work\XPCO\XPCO\MIP\MIPSDK\tst\VideoOS.Platform.SDK.UnitTests\EnvironmentTests\TestsWithCorporateShimsBase.cs:line 227&#xD;
   at VideoOS.Platform.Proxy.ConfigApi.ConfigurationApiItemWrapper..ctor(ServerId serverId, String path) in D:\actions-runner\_work\XPCO\XPCO\MIP\PlatformPlugin\VideoOS.Platform\src\Proxy\ConfigApi\ConfigurationApiItemWrapper.cs:line 110&#xD;
   at VideoOS.Platform.ConfigurationItems.Factory.IsItemTypeSupported(ServerId serverId, String itemType) in D:\actions-runner\_work\XPCO\XPCO\MIP\PlatformPlugin\VideoOS.Platform\src\ConfigurationItems\Factory.cs:line 464&#xD;
MIP: Error: GetConfiguration (): CustomSetting not found for the given platformDefinitionId: e145597a-ecaf-40a1-99e6-14bb9d45a09e&#xD;
MIP: Error: ConfigurationApiItemWrapper (): ConfigAPI GetItem(): System.NotImplementedException, The method or operation is not implemented.&#xD;
MIP: Error: Factory.IsItemTypeSupported (): Exception source:      VideoOS.Platform.SDK.UnitTests&#xD;
Exception type:        System.NotImplementedException&#xD;
Exception message:     The method or operation is not implemented.&#xD;
Exception target site: GetItem&#xD;
   at VideoOS.Platform.SDKUnittest.EnvironmentTests.TestConfigurationClientService.GetItem(String path) in D:\actions-runner\_work\XPCO\XPCO\MIP\MIPSDK\tst\VideoOS.Platform.SDK.UnitTests\EnvironmentTests\TestsWithCorporateShimsBase.cs:line 227&#xD;
   at VideoOS.Platform.Proxy.ConfigApi.ConfigurationApiItemWrapper..ctor(ServerId serverId, String path) in D:\actions-runner\_work\XPCO\XPCO\MIP\PlatformPlugin\VideoOS.Platform\src\Proxy\ConfigApi\ConfigurationApiItemWrapper.cs:line 110&#xD;
   at VideoOS.Platform.ConfigurationItems.Factory.IsItemTypeSupported(ServerId serverId, String itemType) in D:\actions-runner\_work\XPCO\XPCO\MIP\PlatformPlugin\VideoOS.Platform\src\ConfigurationItems\Factory.cs:line 464&#xD;
&#xD;
Factory.IsItemTypeSupportedFactory.IsItemTypeSupported ()The method or operation is not implemented.   at VideoOS.Platform.SDKUnittest.EnvironmentTests.TestConfigurationClientService.GetItem(String path) in D:\actions-runner\_work\XPCO\XPCO\MIP\MIPSDK\tst\VideoOS.Platform.SDK.UnitTests\EnvironmentTests\TestsWithCorporateShimsBase.cs:line 227&#xD;
   at VideoOS.Platform.Proxy.ConfigApi.ConfigurationApiItemWrapper..ctor(ServerId serverId, String path) in D:\actions-runner\_work\XPCO\XPCO\MIP\PlatformPlugin\VideoOS.Platform\src\Proxy\ConfigApi\ConfigurationApiItemWrapper.cs:line 110&#xD;
   at VideoOS.Platform.ConfigurationItems.Factory.IsItemTypeSupported(ServerId serverId, String itemType) in D:\actions-runner\_work\XPCO\XPCO\MIP\PlatformPlugin\VideoOS.Platform\src\ConfigurationItems\Factory.cs:line 464&#xD;
MIP: Error: LoginServerOauth (): https://1.2.3.5:55/ManagementServer/ServerCommandServiceOAuth.svc The method or operation is not implemented.&#xD;
MIP: Error: ConfigurationApiItemWrapper (): ConfigAPI GetItem(): System.NotImplementedException, The method or operation is not implemented.&#xD;
MIP: Error: Factory.IsItemTypeSupported (): Exception source:      VideoOS.Platform.SDK.UnitTests&#xD;
Exception type:        System.NotImplementedException&#xD;
Exception message:     The method or operation is not implemented.&#xD;
Exception target site: GetItem&#xD;
   at VideoOS.Platform.SDKUnittest.EnvironmentTests.TestConfigurationClientService.GetItem(String path) in D:\actions-runner\_work\XPCO\XPCO\MIP\MIPSDK\tst\VideoOS.Platform.SDK.UnitTests\EnvironmentTests\TestsWithCorporateShimsBase.cs:line 227&#xD;
   at VideoOS.Platform.Proxy.ConfigApi.ConfigurationApiItemWrapper..ctor(ServerId serverId, String path) in D:\actions-runner\_work\XPCO\XPCO\MIP\PlatformPlugin\VideoOS.Platform\src\Proxy\ConfigApi\ConfigurationApiItemWrapper.cs:line 110&#xD;
   at VideoOS.Platform.ConfigurationItems.Factory.IsItemTypeSupported(ServerId serverId, String itemType) in D:\actions-runner\_work\XPCO\XPCO\MIP\PlatformPlugin\VideoOS.Platform\src\ConfigurationItems\Factory.cs:line 464&#xD;
&#xD;
Factory.IsItemTypeSupportedFactory.IsItemTypeSupported ()The method or operation is not implemented.   at VideoOS.Platform.SDKUnittest.EnvironmentTests.TestConfigurationClientService.GetItem(String path) in D:\actions-runner\_work\XPCO\XPCO\MIP\MIPSDK\tst\VideoOS.Platform.SDK.UnitTests\EnvironmentTests\TestsWithCorporateShimsBase.cs:line 227&#xD;
   at VideoOS.Platform.Proxy.ConfigApi.ConfigurationApiItemWrapper..ctor(ServerId serverId, String path) in D:\actions-runner\_work\XPCO\XPCO\MIP\PlatformPlugin\VideoOS.Platform\src\Proxy\ConfigApi\ConfigurationApiItemWrapper.cs:line 110&#xD;
   at VideoOS.Platform.ConfigurationItems.Factory.IsItemTypeSupported(ServerId serverId, String itemType) in D:\actions-runner\_work\XPCO\XPCO\MIP\PlatformPlugin\VideoOS.Platform\src\ConfigurationItems\Factory.cs:line 464&#xD;
MIP: Error: GetConfiguration (): CustomSetting not found for the given platformDefinitionId: e145597a-ecaf-40a1-99e6-14bb9d45a09e&#xD;
MIP: Error: ConfigurationApiItemWrapper (): ConfigAPI GetItem(): System.NotImplementedException, The method or operation is not implemented.&#xD;
MIP: Error: Factory.IsItemTypeSupported (): Exception source:      VideoOS.Platform.SDK.UnitTests&#xD;
Exception type:        System.NotImplementedException&#xD;
Exception message:     The method or operation is not implemented.&#xD;
Exception target site: GetItem&#xD;
   at VideoOS.Platform.SDKUnittest.EnvironmentTests.TestConfigurationClientService.GetItem(String path) in D:\actions-runner\_work\XPCO\XPCO\MIP\MIPSDK\tst\VideoOS.Platform.SDK.UnitTests\EnvironmentTests\TestsWithCorporateShimsBase.cs:line 227&#xD;
   at VideoOS.Platform.Proxy.ConfigApi.ConfigurationApiItemWrapper..ctor(ServerId serverId, String path) in D:\actions-runner\_work\XPCO\XPCO\MIP\PlatformPlugin\VideoOS.Platform\src\Proxy\ConfigApi\ConfigurationApiItemWrapper.cs:line 110&#xD;
   at VideoOS.Platform.ConfigurationItems.Factory.IsItemTypeSupported(ServerId serverId, String itemType) in D:\actions-runner\_work\XPCO\XPCO\MIP\PlatformPlugin\VideoOS.Platform\src\ConfigurationItems\Factory.cs:line 464&#xD;
&#xD;
Factory.IsItemTypeSupportedFactory.IsItemTypeSupported ()The method or operation is not implemented.   at VideoOS.Platform.SDKUnittest.EnvironmentTests.TestConfigurationClientService.GetItem(String path) in D:\actions-runner\_work\XPCO\XPCO\MIP\MIPSDK\tst\VideoOS.Platform.SDK.UnitTests\EnvironmentTests\TestsWithCorporateShimsBase.cs:line 227&#xD;
   at VideoOS.Platform.Proxy.ConfigApi.ConfigurationApiItemWrapper..ctor(ServerId serverId, String path) in D:\actions-runner\_work\XPCO\XPCO\MIP\PlatformPlugin\VideoOS.Platform\src\Proxy\ConfigApi\ConfigurationApiItemWrapper.cs:line 110&#xD;
   at VideoOS.Platform.ConfigurationItems.Factory.IsItemTypeSupported(ServerId serverId, String itemType) in D:\actions-runner\_work\XPCO\XPCO\MIP\PlatformPlugin\VideoOS.Platform\src\ConfigurationItems\Factory.cs:line 464&#xD;
MIP: Error: LoginServerOauth (): https://1.2.3.5:55/ManagementServer/ServerCommandServiceOAuth.svc The method or operation is not implemented.&#xD;
MIP: Error: ConfigurationApiItemWrapper (): ConfigAPI GetItem(): System.NotImplementedException, The method or operation is not implemented.&#xD;
MIP: Error: Factory.IsItemTypeSupported (): Exception source:      VideoOS.Platform.SDK.UnitTests&#xD;
Exception type:        System.NotImplementedException&#xD;
Exception message:     The method or operation is not implemented.&#xD;
Exception target site: GetItem&#xD;
   at VideoOS.Platform.SDKUnittest.EnvironmentTests.TestConfigurationClientService.GetItem(String path) in D:\actions-runner\_work\XPCO\XPCO\MIP\MIPSDK\tst\VideoOS.Platform.SDK.UnitTests\EnvironmentTests\TestsWithCorporateShimsBase.cs:line 227&#xD;
   at VideoOS.Platform.Proxy.ConfigApi.ConfigurationApiItemWrapper..ctor(ServerId serverId, String path) in D:\actions-runner\_work\XPCO\XPCO\MIP\PlatformPlugin\VideoOS.Platform\src\Proxy\ConfigApi\ConfigurationApiItemWrapper.cs:line 110&#xD;
   at VideoOS.Platform.ConfigurationItems.Factory.IsItemTypeSupported(ServerId serverId, String itemType) in D:\actions-runner\_work\XPCO\XPCO\MIP\PlatformPlugin\VideoOS.Platform\src\ConfigurationItems\Factory.cs:line 464&#xD;
&#xD;
Factory.IsItemTypeSupportedFactory.IsItemTypeSupported ()The method or operation is not implemented.   at VideoOS.Platform.SDKUnittest.EnvironmentTests.TestConfigurationClientService.GetItem(String path) in D:\actions-runner\_work\XPCO\XPCO\MIP\MIPSDK\tst\VideoOS.Platform.SDK.UnitTests\EnvironmentTests\TestsWithCorporateShimsBase.cs:line 227&#xD;
   at VideoOS.Platform.Proxy.ConfigApi.ConfigurationApiItemWrapper..ctor(ServerId serverId, String path) in D:\actions-runner\_work\XPCO\XPCO\MIP\PlatformPlugin\VideoOS.Platform\src\Proxy\ConfigApi\ConfigurationApiItemWrapper.cs:line 110&#xD;
   at VideoOS.Platform.ConfigurationItems.Factory.IsItemTypeSupported(ServerId serverId, String itemType) in D:\actions-runner\_work\XPCO\XPCO\MIP\PlatformPlugin\VideoOS.Platform\src\ConfigurationItems\Factory.cs:line 464&#xD;
MIP: Error: ConfigurationApiItemWrapper (): ConfigAPI GetItem(): System.NotImplementedException, The method or operation is not implemented.&#xD;
MIP: Error: Factory.IsItemTypeSupported (): Exception source:      VideoOS.Platform.SDK.UnitTests&#xD;
Exception type:        System.NotImplementedException&#xD;
Exception message:     The method or operation is not implemented.&#xD;
Exception target site: GetItem&#xD;
   at VideoOS.Platform.SDKUnittest.EnvironmentTests.TestConfigurationClientService.GetItem(String path) in D:\actions-runner\_work\XPCO\XPCO\MIP\MIPSDK\tst\VideoOS.Platform.SDK.UnitTests\EnvironmentTests\TestsWithCorporateShimsBase.cs:line 227&#xD;
   at VideoOS.Platform.Proxy.ConfigApi.ConfigurationApiItemWrapper..ctor(ServerId serverId, String path) in D:\actions-runner\_work\XPCO\XPCO\MIP\PlatformPlugin\VideoOS.Platform\src\Proxy\ConfigApi\ConfigurationApiItemWrapper.cs:line 110&#xD;
   at VideoOS.Platform.ConfigurationItems.Factory.IsItemTypeSupported(ServerId serverId, String itemType) in D:\actions-runner\_work\XPCO\XPCO\MIP\PlatformPlugin\VideoOS.Platform\src\ConfigurationItems\Factory.cs:line 464&#xD;
&#xD;
Factory.IsItemTypeSupportedFactory.IsItemTypeSupported ()The method or operation is not implemented.   at VideoOS.Platform.SDKUnittest.EnvironmentTests.TestConfigurationClientService.GetItem(String path) in D:\actions-runner\_work\XPCO\XPCO\MIP\MIPSDK\tst\VideoOS.Platform.SDK.UnitTests\EnvironmentTests\TestsWithCorporateShimsBase.cs:line 227&#xD;
   at VideoOS.Platform.Proxy.ConfigApi.ConfigurationApiItemWrapper..ctor(ServerId serverId, String path) in D:\actions-runner\_work\XPCO\XPCO\MIP\PlatformPlugin\VideoOS.Platform\src\Proxy\ConfigApi\ConfigurationApiItemWrapper.cs:line 110&#xD;
   at VideoOS.Platform.ConfigurationItems.Factory.IsItemTypeSupported(ServerId serverId, String itemType) in D:\actions-runner\_work\XPCO\XPCO\MIP\PlatformPlugin\VideoOS.Platform\src\ConfigurationItems\Factory.cs:line 464&#xD;
MIP: Error: LoginServerOauth (): https://1.2.3.5:55/ManagementServer/ServerCommandServiceOAuth.svc The method or operation is not implemented.&#xD;
MIP: Error: ConfigurationApiItemWrapper (): ConfigAPI GetItem(): System.NotImplementedException, The method or operation is not implemented.&#xD;
MIP: Error: Factory.IsItemTypeSupported (): Exception source:      VideoOS.Platform.SDK.UnitTests&#xD;
Exception type:        System.NotImplementedException&#xD;
Exception message:     The method or operation is not implemented.&#xD;
Exception target site: GetItem&#xD;
   at VideoOS.Platform.SDKUnittest.EnvironmentTests.TestConfigurationClientService.GetItem(String path) in D:\actions-runner\_work\XPCO\XPCO\MIP\MIPSDK\tst\VideoOS.Platform.SDK.UnitTests\EnvironmentTests\TestsWithCorporateShimsBase.cs:line 227&#xD;
   at VideoOS.Platform.Proxy.ConfigApi.ConfigurationApiItemWrapper..ctor(ServerId serverId, String path) in D:\actions-runner\_work\XPCO\XPCO\MIP\PlatformPlugin\VideoOS.Platform\src\Proxy\ConfigApi\ConfigurationApiItemWrapper.cs:line 110&#xD;
   at VideoOS.Platform.ConfigurationItems.Factory.IsItemTypeSupported(ServerId serverId, String itemType) in D:\actions-runner\_work\XPCO\XPCO\MIP\PlatformPlugin\VideoOS.Platform\src\ConfigurationItems\Factory.cs:line 464&#xD;
&#xD;
Factory.IsItemTypeSupportedFactory.IsItemTypeSupported ()The method or operation is not implemented.   at VideoOS.Platform.SDKUnittest.EnvironmentTests.TestConfigurationClientService.GetItem(String path) in D:\actions-runner\_work\XPCO\XPCO\MIP\MIPSDK\tst\VideoOS.Platform.SDK.UnitTests\EnvironmentTests\TestsWithCorporateShimsBase.cs:line 227&#xD;
   at VideoOS.Platform.Proxy.ConfigApi.ConfigurationApiItemWrapper..ctor(ServerId serverId, String path) in D:\actions-runner\_work\XPCO\XPCO\MIP\PlatformPlugin\VideoOS.Platform\src\Proxy\ConfigApi\ConfigurationApiItemWrapper.cs:line 110&#xD;
   at VideoOS.Platform.ConfigurationItems.Factory.IsItemTypeSupported(ServerId serverId, String itemType) in D:\actions-runner\_work\XPCO\XPCO\MIP\PlatformPlugin\VideoOS.Platform\src\ConfigurationItems\Factory.cs:line 464&#xD;
MIP: Error: GetConfiguration (): CustomSetting not found for the given platformDefinitionId: e145597a-ecaf-40a1-99e6-14bb9d45a09e&#xD;
MIP: Error: ConfigurationApiItemWrapper (): ConfigAPI GetItem(): System.NotImplementedException, The method or operation is not implemented.&#xD;
MIP: Error: Factory.IsItemTypeSupported (): Exception source:      VideoOS.Platform.SDK.UnitTests&#xD;
Exception type:        System.NotImplementedException&#xD;
Exception message:     The method or operation is not implemented.&#xD;
Exception target site: GetItem&#xD;
   at VideoOS.Platform.SDKUnittest.EnvironmentTests.TestConfigurationClientService.GetItem(String path) in D:\actions-runner\_work\XPCO\XPCO\MIP\MIPSDK\tst\VideoOS.Platform.SDK.UnitTests\EnvironmentTests\TestsWithCorporateShimsBase.cs:line 227&#xD;
   at VideoOS.Platform.Proxy.ConfigApi.ConfigurationApiItemWrapper..ctor(ServerId serverId, String path) in D:\actions-runner\_work\XPCO\XPCO\MIP\PlatformPlugin\VideoOS.Platform\src\Proxy\ConfigApi\ConfigurationApiItemWrapper.cs:line 110&#xD;
   at VideoOS.Platform.ConfigurationItems.Factory.IsItemTypeSupported(ServerId serverId, String itemType) in D:\actions-runner\_work\XPCO\XPCO\MIP\PlatformPlugin\VideoOS.Platform\src\ConfigurationItems\Factory.cs:line 464&#xD;
&#xD;
Factory.IsItemTypeSupportedFactory.IsItemTypeSupported ()The method or operation is not implemented.   at VideoOS.Platform.SDKUnittest.EnvironmentTests.TestConfigurationClientService.GetItem(String path) in D:\actions-runner\_work\XPCO\XPCO\MIP\MIPSDK\tst\VideoOS.Platform.SDK.UnitTests\EnvironmentTests\TestsWithCorporateShimsBase.cs:line 227&#xD;
   at VideoOS.Platform.Proxy.ConfigApi.ConfigurationApiItemWrapper..ctor(ServerId serverId, String path) in D:\actions-runner\_work\XPCO\XPCO\MIP\PlatformPlugin\VideoOS.Platform\src\Proxy\ConfigApi\ConfigurationApiItemWrapper.cs:line 110&#xD;
   at VideoOS.Platform.ConfigurationItems.Factory.IsItemTypeSupported(ServerId serverId, String itemType) in D:\actions-runner\_work\XPCO\XPCO\MIP\PlatformPlugin\VideoOS.Platform\src\ConfigurationItems\Factory.cs:line 464&#xD;
MIP: Error: LoginServerOauth (): https://1.2.3.5:55/ManagementServer/ServerCommandServiceOAuth.svc The method or operation is not implemented.&#xD;
MIP: Error: ConfigurationApiItemWrapper (): ConfigAPI GetItem(): System.NotImplementedException, The method or operation is not implemented.&#xD;
MIP: Error: Factory.IsItemTypeSupported (): Exception source:      VideoOS.Platform.SDK.UnitTests&#xD;
Exception type:        System.NotImplementedException&#xD;
Exception message:     The method or operation is not implemented.&#xD;
Exception target site: GetItem&#xD;
   at VideoOS.Platform.SDKUnittest.EnvironmentTests.TestConfigurationClientService.GetItem(String path) in D:\actions-runner\_work\XPCO\XPCO\MIP\MIPSDK\tst\VideoOS.Platform.SDK.UnitTests\EnvironmentTests\TestsWithCorporateShimsBase.cs:line 227&#xD;
   at VideoOS.Platform.Proxy.ConfigApi.ConfigurationApiItemWrapper..ctor(ServerId serverId, String path) in D:\actions-runner\_work\XPCO\XPCO\MIP\PlatformPlugin\VideoOS.Platform\src\Proxy\ConfigApi\ConfigurationApiItemWrapper.cs:line 110&#xD;
   at VideoOS.Platform.ConfigurationItems.Factory.IsItemTypeSupported(ServerId serverId, String itemType) in D:\actions-runner\_work\XPCO\XPCO\MIP\PlatformPlugin\VideoOS.Platform\src\ConfigurationItems\Factory.cs:line 464&#xD;
&#xD;
Factory.IsItemTypeSupportedFactory.IsItemTypeSupported ()The method or operation is not implemented.   at VideoOS.Platform.SDKUnittest.EnvironmentTests.TestConfigurationClientService.GetItem(String path) in D:\actions-runner\_work\XPCO\XPCO\MIP\MIPSDK\tst\VideoOS.Platform.SDK.UnitTests\EnvironmentTests\TestsWithCorporateShimsBase.cs:line 227&#xD;
   at VideoOS.Platform.Proxy.ConfigApi.ConfigurationApiItemWrapper..ctor(ServerId serverId, String path) in D:\actions-runner\_work\XPCO\XPCO\MIP\PlatformPlugin\VideoOS.Platform\src\Proxy\ConfigApi\ConfigurationApiItemWrapper.cs:line 110&#xD;
   at VideoOS.Platform.ConfigurationItems.Factory.IsItemTypeSupported(ServerId serverId, String itemType) in D:\actions-runner\_work\XPCO\XPCO\MIP\PlatformPlugin\VideoOS.Platform\src\ConfigurationItems\Factory.cs:line 464&#xD;
MIP: Error: ConfigurationApiItemWrapper (): ConfigAPI GetItem(): System.NotImplementedException, The method or operation is not implemented.&#xD;
MIP: Error: Factory.IsItemTypeSupported (): Exception source:      VideoOS.Platform.SDK.UnitTests&#xD;
Exception type:        System.NotImplementedException&#xD;
Exception message:     The method or operation is not implemented.&#xD;
Exception target site: GetItem&#xD;
   at VideoOS.Platform.SDKUnittest.EnvironmentTests.TestConfigurationClientService.GetItem(String path) in D:\actions-runner\_work\XPCO\XPCO\MIP\MIPSDK\tst\VideoOS.Platform.SDK.UnitTests\EnvironmentTests\TestsWithCorporateShimsBase.cs:line 227&#xD;
   at VideoOS.Platform.Proxy.ConfigApi.ConfigurationApiItemWrapper..ctor(ServerId serverId, String path) in D:\actions-runner\_work\XPCO\XPCO\MIP\PlatformPlugin\VideoOS.Platform\src\Proxy\ConfigApi\ConfigurationApiItemWrapper.cs:line 110&#xD;
   at VideoOS.Platform.ConfigurationItems.Factory.IsItemTypeSupported(ServerId serverId, String itemType) in D:\actions-runner\_work\XPCO\XPCO\MIP\PlatformPlugin\VideoOS.Platform\src\ConfigurationItems\Factory.cs:line 464&#xD;
&#xD;
Factory.IsItemTypeSupportedFactory.IsItemTypeSupported ()The method or operation is not implemented.   at VideoOS.Platform.SDKUnittest.EnvironmentTests.TestConfigurationClientService.GetItem(String path) in D:\actions-runner\_work\XPCO\XPCO\MIP\MIPSDK\tst\VideoOS.Platform.SDK.UnitTests\EnvironmentTests\TestsWithCorporateShimsBase.cs:line 227&#xD;
   at VideoOS.Platform.Proxy.ConfigApi.ConfigurationApiItemWrapper..ctor(ServerId serverId, String path) in D:\actions-runner\_work\XPCO\XPCO\MIP\PlatformPlugin\VideoOS.Platform\src\Proxy\ConfigApi\ConfigurationApiItemWrapper.cs:line 110&#xD;
   at VideoOS.Platform.ConfigurationItems.Factory.IsItemTypeSupported(ServerId serverId, String itemType) in D:\actions-runner\_work\XPCO\XPCO\MIP\PlatformPlugin\VideoOS.Platform\src\ConfigurationItems\Factory.cs:line 464&#xD;
MIP: Error: LoginServerOauth (): https://1.2.3.5:55/ManagementServer/ServerCommandServiceOAuth.svc The method or operation is not implemented.&#xD;
MIP: Error: ConfigurationApiItemWrapper (): ConfigAPI GetItem(): System.NotImplementedException, The method or operation is not implemented.&#xD;
MIP: Error: Factory.IsItemTypeSupported (): Exception source:      VideoOS.Platform.SDK.UnitTests&#xD;
Exception type:        System.NotImplementedException&#xD;
Exception message:     The method or operation is not implemented.&#xD;
Exception target site: GetItem&#xD;
   at VideoOS.Platform.SDKUnittest.EnvironmentTests.TestConfigurationClientService.GetItem(String path) in D:\actions-runner\_work\XPCO\XPCO\MIP\MIPSDK\tst\VideoOS.Platform.SDK.UnitTests\EnvironmentTests\TestsWithCorporateShimsBase.cs:line 227&#xD;
   at VideoOS.Platform.Proxy.ConfigApi.ConfigurationApiItemWrapper..ctor(ServerId serverId, String path) in D:\actions-runner\_work\XPCO\XPCO\MIP\PlatformPlugin\VideoOS.Platform\src\Proxy\ConfigApi\ConfigurationApiItemWrapper.cs:line 110&#xD;
   at VideoOS.Platform.ConfigurationItems.Factory.IsItemTypeSupported(ServerId serverId, String itemType) in D:\actions-runner\_work\XPCO\XPCO\MIP\PlatformPlugin\VideoOS.Platform\src\ConfigurationItems\Factory.cs:line 464&#xD;
&#xD;
Factory.IsItemTypeSupportedFactory.IsItemTypeSupported ()The method or operation is not implemented.   at VideoOS.Platform.SDKUnittest.EnvironmentTests.TestConfigurationClientService.GetItem(String path) in D:\actions-runner\_work\XPCO\XPCO\MIP\MIPSDK\tst\VideoOS.Platform.SDK.UnitTests\EnvironmentTests\TestsWithCorporateShimsBase.cs:line 227&#xD;
   at VideoOS.Platform.Proxy.ConfigApi.ConfigurationApiItemWrapper..ctor(ServerId serverId, String path) in D:\actions-runner\_work\XPCO\XPCO\MIP\PlatformPlugin\VideoOS.Platform\src\Proxy\ConfigApi\ConfigurationApiItemWrapper.cs:line 110&#xD;
   at VideoOS.Platform.ConfigurationItems.Factory.IsItemTypeSupported(ServerId serverId, String itemType) in D:\actions-runner\_work\XPCO\XPCO\MIP\PlatformPlugin\VideoOS.Platform\src\ConfigurationItems\Factory.cs:line 464&#xD;
MIP: Error: GetConfiguration (): CustomSetting not found for the given platformDefinitionId: e145597a-ecaf-40a1-99e6-14bb9d45a09e&#xD;
MIP: Error: ConfigurationApiItemWrapper (): ConfigAPI GetItem(): System.NotImplementedException, The method or operation is not implemented.&#xD;
MIP: Error: Factory.IsItemTypeSupported (): Exception source:      VideoOS.Platform.SDK.UnitTests&#xD;
Exception type:        System.NotImplementedException&#xD;
Exception message:     The method or operation is not implemented.&#xD;
Exception target site: GetItem&#xD;
   at VideoOS.Platform.SDKUnittest.EnvironmentTests.TestConfigurationClientService.GetItem(String path) in D:\actions-runner\_work\XPCO\XPCO\MIP\MIPSDK\tst\VideoOS.Platform.SDK.UnitTests\EnvironmentTests\TestsWithCorporateShimsBase.cs:line 227&#xD;
   at VideoOS.Platform.Proxy.ConfigApi.ConfigurationApiItemWrapper..ctor(ServerId serverId, String path) in D:\actions-runner\_work\XPCO\XPCO\MIP\PlatformPlugin\VideoOS.Platform\src\Proxy\ConfigApi\ConfigurationApiItemWrapper.cs:line 110&#xD;
   at VideoOS.Platform.ConfigurationItems.Factory.IsItemTypeSupported(ServerId serverId, String itemType) in D:\actions-runner\_work\XPCO\XPCO\MIP\PlatformPlugin\VideoOS.Platform\src\ConfigurationItems\Factory.cs:line 464&#xD;
&#xD;
Factory.IsItemTypeSupportedFactory.IsItemTypeSupported ()The method or operation is not implemented.   at VideoOS.Platform.SDKUnittest.EnvironmentTests.TestConfigurationClientService.GetItem(String path) in D:\actions-runner\_work\XPCO\XPCO\MIP\MIPSDK\tst\VideoOS.Platform.SDK.UnitTests\EnvironmentTests\TestsWithCorporateShimsBase.cs:line 227&#xD;
   at VideoOS.Platform.Proxy.ConfigApi.ConfigurationApiItemWrapper..ctor(ServerId serverId, String path) in D:\actions-runner\_work\XPCO\XPCO\MIP\PlatformPlugin\VideoOS.Platform\src\Proxy\ConfigApi\ConfigurationApiItemWrapper.cs:line 110&#xD;
   at VideoOS.Platform.ConfigurationItems.Factory.IsItemTypeSupported(ServerId serverId, String itemType) in D:\actions-runner\_work\XPCO\XPCO\MIP\PlatformPlugin\VideoOS.Platform\src\ConfigurationItems\Factory.cs:line 464&#xD;
MIP: Error: LoginServerOauth (): https://1.2.3.5:55/ManagementServer/ServerCommandServiceOAuth.svc The method or operation is not implemented.&#xD;
MIP: Error: ConfigurationApiItemWrapper (): ConfigAPI GetItem(): System.NotImplementedException, The method or operation is not implemented.&#xD;
MIP: Error: Factory.IsItemTypeSupported (): Exception source:      VideoOS.Platform.SDK.UnitTests&#xD;
Exception type:        System.NotImplementedException&#xD;
Exception message:     The method or operation is not implemented.&#xD;
Exception target site: GetItem&#xD;
   at VideoOS.Platform.SDKUnittest.EnvironmentTests.TestConfigurationClientService.GetItem(String path) in D:\actions-runner\_work\XPCO\XPCO\MIP\MIPSDK\tst\VideoOS.Platform.SDK.UnitTests\EnvironmentTests\TestsWithCorporateShimsBase.cs:line 227&#xD;
   at VideoOS.Platform.Proxy.ConfigApi.ConfigurationApiItemWrapper..ctor(ServerId serverId, String path) in D:\actions-runner\_work\XPCO\XPCO\MIP\PlatformPlugin\VideoOS.Platform\src\Proxy\ConfigApi\ConfigurationApiItemWrapper.cs:line 110&#xD;
   at VideoOS.Platform.ConfigurationItems.Factory.IsItemTypeSupported(ServerId serverId, String itemType) in D:\actions-runner\_work\XPCO\XPCO\MIP\PlatformPlugin\VideoOS.Platform\src\ConfigurationItems\Factory.cs:line 464&#xD;
&#xD;
Factory.IsItemTypeSupportedFactory.IsItemTypeSupported ()The method or operation is not implemented.   at VideoOS.Platform.SDKUnittest.EnvironmentTests.TestConfigurationClientService.GetItem(String path) in D:\actions-runner\_work\XPCO\XPCO\MIP\MIPSDK\tst\VideoOS.Platform.SDK.UnitTests\EnvironmentTests\TestsWithCorporateShimsBase.cs:line 227&#xD;
   at VideoOS.Platform.Proxy.ConfigApi.ConfigurationApiItemWrapper..ctor(ServerId serverId, String path) in D:\actions-runner\_work\XPCO\XPCO\MIP\PlatformPlugin\VideoOS.Platform\src\Proxy\ConfigApi\ConfigurationApiItemWrapper.cs:line 110&#xD;
   at VideoOS.Platform.ConfigurationItems.Factory.IsItemTypeSupported(ServerId serverId, String itemType) in D:\actions-runner\_work\XPCO\XPCO\MIP\PlatformPlugin\VideoOS.Platform\src\ConfigurationItems\Factory.cs:line 464&#xD;
MIP: Error: ConfigurationApiItemWrapper (): ConfigAPI GetItem(): System.NotImplementedException, The method or operation is not implemented.&#xD;
MIP: Error: Factory.IsItemTypeSupported (): Exception source:      VideoOS.Platform.SDK.UnitTests&#xD;
Exception type:        System.NotImplementedException&#xD;
Exception message:     The method or operation is not implemented.&#xD;
Exception target site: GetItem&#xD;
   at VideoOS.Platform.SDKUnittest.EnvironmentTests.TestConfigurationClientService.GetItem(String path) in D:\actions-runner\_work\XPCO\XPCO\MIP\MIPSDK\tst\VideoOS.Platform.SDK.UnitTests\EnvironmentTests\TestsWithCorporateShimsBase.cs:line 227&#xD;
   at VideoOS.Platform.Proxy.ConfigApi.ConfigurationApiItemWrapper..ctor(ServerId serverId, String path) in D:\actions-runner\_work\XPCO\XPCO\MIP\PlatformPlugin\VideoOS.Platform\src\Proxy\ConfigApi\ConfigurationApiItemWrapper.cs:line 110&#xD;
   at VideoOS.Platform.ConfigurationItems.Factory.IsItemTypeSupported(ServerId serverId, String itemType) in D:\actions-runner\_work\XPCO\XPCO\MIP\PlatformPlugin\VideoOS.Platform\src\ConfigurationItems\Factory.cs:line 464&#xD;
&#xD;
Factory.IsItemTypeSupportedFactory.IsItemTypeSupported ()The method or operation is not implemented.   at VideoOS.Platform.SDKUnittest.EnvironmentTests.TestConfigurationClientService.GetItem(String path) in D:\actions-runner\_work\XPCO\XPCO\MIP\MIPSDK\tst\VideoOS.Platform.SDK.UnitTests\EnvironmentTests\TestsWithCorporateShimsBase.cs:line 227&#xD;
   at VideoOS.Platform.Proxy.ConfigApi.ConfigurationApiItemWrapper..ctor(ServerId serverId, String path) in D:\actions-runner\_work\XPCO\XPCO\MIP\PlatformPlugin\VideoOS.Platform\src\Proxy\ConfigApi\ConfigurationApiItemWrapper.cs:line 110&#xD;
   at VideoOS.Platform.ConfigurationItems.Factory.IsItemTypeSupported(ServerId serverId, String itemType) in D:\actions-runner\_work\XPCO\XPCO\MIP\PlatformPlugin\VideoOS.Platform\src\ConfigurationItems\Factory.cs:line 464&#xD;
MIP: Error: LoginServerOauth (): https://1.2.3.5:55/ManagementServer/ServerCommandServiceOAuth.svc The method or operation is not implemented.&#xD;
MIP: Error: ConfigurationApiItemWrapper (): ConfigAPI GetItem(): System.NotImplementedException, The method or operation is not implemented.&#xD;
MIP: Error: Factory.IsItemTypeSupported (): Exception source:      VideoOS.Platform.SDK.UnitTests&#xD;
Exception type:        System.NotImplementedException&#xD;
Exception message:     The method or operation is not implemented.&#xD;
Exception target site: GetItem&#xD;
   at VideoOS.Platform.SDKUnittest.EnvironmentTests.TestConfigurationClientService.GetItem(String path) in D:\actions-runner\_work\XPCO\XPCO\MIP\MIPSDK\tst\VideoOS.Platform.SDK.UnitTests\EnvironmentTests\TestsWithCorporateShimsBase.cs:line 227&#xD;
   at VideoOS.Platform.Proxy.ConfigApi.ConfigurationApiItemWrapper..ctor(ServerId serverId, String path) in D:\actions-runner\_work\XPCO\XPCO\MIP\PlatformPlugin\VideoOS.Platform\src\Proxy\ConfigApi\ConfigurationApiItemWrapper.cs:line 110&#xD;
   at VideoOS.Platform.ConfigurationItems.Factory.IsItemTypeSupported(ServerId serverId, String itemType) in D:\actions-runner\_work\XPCO\XPCO\MIP\PlatformPlugin\VideoOS.Platform\src\ConfigurationItems\Factory.cs:line 464&#xD;
&#xD;
Factory.IsItemTypeSupportedFactory.IsItemTypeSupported ()The method or operation is not implemented.   at VideoOS.Platform.SDKUnittest.EnvironmentTests.TestConfigurationClientService.GetItem(String path) in D:\actions-runner\_work\XPCO\XPCO\MIP\MIPSDK\tst\VideoOS.Platform.SDK.UnitTests\EnvironmentTests\TestsWithCorporateShimsBase.cs:line 227&#xD;
   at VideoOS.Platform.Proxy.ConfigApi.ConfigurationApiItemWrapper..ctor(ServerId serverId, String path) in D:\actions-runner\_work\XPCO\XPCO\MIP\PlatformPlugin\VideoOS.Platform\src\Proxy\ConfigApi\ConfigurationApiItemWrapper.cs:line 110&#xD;
   at VideoOS.Platform.ConfigurationItems.Factory.IsItemTypeSupported(ServerId serverId, String itemType) in D:\actions-runner\_work\XPCO\XPCO\MIP\PlatformPlugin\VideoOS.Platform\src\ConfigurationItems\Factory.cs:line 464&#xD;
MIP: Error: GetConfiguration (): CustomSetting not found for the given platformDefinitionId: e145597a-ecaf-40a1-99e6-14bb9d45a09e&#xD;
MIP: Error: ConfigurationApiItemWrapper (): ConfigAPI GetItem(): System.NotImplementedException, The method or operation is not implemented.&#xD;
MIP: Error: Factory.IsItemTypeSupported (): Exception source:      VideoOS.Platform.SDK.UnitTests&#xD;
Exception type:        System.NotImplementedException&#xD;
Exception message:     The method or operation is not implemented.&#xD;
Exception target site: GetItem&#xD;
   at VideoOS.Platform.SDKUnittest.EnvironmentTests.TestConfigurationClientService.GetItem(String path) in D:\actions-runner\_work\XPCO\XPCO\MIP\MIPSDK\tst\VideoOS.Platform.SDK.UnitTests\EnvironmentTests\TestsWithCorporateShimsBase.cs:line 227&#xD;
   at VideoOS.Platform.Proxy.ConfigApi.ConfigurationApiItemWrapper..ctor(ServerId serverId, String path) in D:\actions-runner\_work\XPCO\XPCO\MIP\PlatformPlugin\VideoOS.Platform\src\Proxy\ConfigApi\ConfigurationApiItemWrapper.cs:line 110&#xD;
   at VideoOS.Platform.ConfigurationItems.Factory.IsItemTypeSupported(ServerId serverId, String itemType) in D:\actions-runner\_work\XPCO\XPCO\MIP\PlatformPlugin\VideoOS.Platform\src\ConfigurationItems\Factory.cs:line 464&#xD;
&#xD;
Factory.IsItemTypeSupportedFactory.IsItemTypeSupported ()The method or operation is not implemented.   at VideoOS.Platform.SDKUnittest.EnvironmentTests.TestConfigurationClientService.GetItem(String path) in D:\actions-runner\_work\XPCO\XPCO\MIP\MIPSDK\tst\VideoOS.Platform.SDK.UnitTests\EnvironmentTests\TestsWithCorporateShimsBase.cs:line 227&#xD;
   at VideoOS.Platform.Proxy.ConfigApi.ConfigurationApiItemWrapper..ctor(ServerId serverId, String path) in D:\actions-runner\_work\XPCO\XPCO\MIP\PlatformPlugin\VideoOS.Platform\src\Proxy\ConfigApi\ConfigurationApiItemWrapper.cs:line 110&#xD;
   at VideoOS.Platform.ConfigurationItems.Factory.IsItemTypeSupported(ServerId serverId, String itemType) in D:\actions-runner\_work\XPCO\XPCO\MIP\PlatformPlugin\VideoOS.Platform\src\ConfigurationItems\Factory.cs:line 464&#xD;
MIP: Error: LoginServerOauth (): https://1.2.3.5:55/ManagementServer/ServerCommandServiceOAuth.svc The method or operation is not implemented.&#xD;
MIP: Error: ConfigurationApiItemWrapper (): ConfigAPI GetItem(): System.NotImplementedException, The method or operation is not implemented.&#xD;
MIP: Error: Factory.IsItemTypeSupported (): Exception source:      VideoOS.Platform.SDK.UnitTests&#xD;
Exception type:        System.NotImplementedException&#xD;
Exception message:     The method or operation is not implemented.&#xD;
Exception target site: GetItem&#xD;
   at VideoOS.Platform.SDKUnittest.EnvironmentTests.TestConfigurationClientService.GetItem(String path) in D:\actions-runner\_work\XPCO\XPCO\MIP\MIPSDK\tst\VideoOS.Platform.SDK.UnitTests\EnvironmentTests\TestsWithCorporateShimsBase.cs:line 227&#xD;
   at VideoOS.Platform.Proxy.ConfigApi.ConfigurationApiItemWrapper..ctor(ServerId serverId, String path) in D:\actions-runner\_work\XPCO\XPCO\MIP\PlatformPlugin\VideoOS.Platform\src\Proxy\ConfigApi\ConfigurationApiItemWrapper.cs:line 110&#xD;
   at VideoOS.Platform.ConfigurationItems.Factory.IsItemTypeSupported(ServerId serverId, String itemType) in D:\actions-runner\_work\XPCO\XPCO\MIP\PlatformPlugin\VideoOS.Platform\src\ConfigurationItems\Factory.cs:line 464&#xD;
&#xD;
Factory.IsItemTypeSupportedFactory.IsItemTypeSupported ()The method or operation is not implemented.   at VideoOS.Platform.SDKUnittest.EnvironmentTests.TestConfigurationClientService.GetItem(String path) in D:\actions-runner\_work\XPCO\XPCO\MIP\MIPSDK\tst\VideoOS.Platform.SDK.UnitTests\EnvironmentTests\TestsWithCorporateShimsBase.cs:line 227&#xD;
   at VideoOS.Platform.Proxy.ConfigApi.ConfigurationApiItemWrapper..ctor(ServerId serverId, String path) in D:\actions-runner\_work\XPCO\XPCO\MIP\PlatformPlugin\VideoOS.Platform\src\Proxy\ConfigApi\ConfigurationApiItemWrapper.cs:line 110&#xD;
   at VideoOS.Platform.ConfigurationItems.Factory.IsItemTypeSupported(ServerId serverId, String itemType) in D:\actions-runner\_work\XPCO\XPCO\MIP\PlatformPlugin\VideoOS.Platform\src\ConfigurationItems\Factory.cs:line 464&#xD;
MIP: Error: ConfigurationApiItemWrapper (): ConfigAPI GetItem(): System.NotImplementedException, The method or operation is not implemented.&#xD;
MIP: Error: Factory.IsItemTypeSupported (): Exception source:      VideoOS.Platform.SDK.UnitTests&#xD;
Exception type:        System.NotImplementedException&#xD;
Exception message:     The method or operation is not implemented.&#xD;
Exception target site: GetItem&#xD;
   at VideoOS.Platform.SDKUnittest.EnvironmentTests.TestConfigurationClientService.GetItem(String path) in D:\actions-runner\_work\XPCO\XPCO\MIP\MIPSDK\tst\VideoOS.Platform.SDK.UnitTests\EnvironmentTests\TestsWithCorporateShimsBase.cs:line 227&#xD;
   at VideoOS.Platform.Proxy.ConfigApi.ConfigurationApiItemWrapper..ctor(ServerId serverId, String path) in D:\actions-runner\_work\XPCO\XPCO\MIP\PlatformPlugin\VideoOS.Platform\src\Proxy\ConfigApi\ConfigurationApiItemWrapper.cs:line 110&#xD;
   at VideoOS.Platform.ConfigurationItems.Factory.IsItemTypeSupported(ServerId serverId, String itemType) in D:\actions-runner\_work\XPCO\XPCO\MIP\PlatformPlugin\VideoOS.Platform\src\ConfigurationItems\Factory.cs:line 464&#xD;
&#xD;
Factory.IsItemTypeSupportedFactory.IsItemTypeSupported ()The method or operation is not implemented.   at VideoOS.Platform.SDKUnittest.EnvironmentTests.TestConfigurationClientService.GetItem(String path) in D:\actions-runner\_work\XPCO\XPCO\MIP\MIPSDK\tst\VideoOS.Platform.SDK.UnitTests\EnvironmentTests\TestsWithCorporateShimsBase.cs:line 227&#xD;
   at VideoOS.Platform.Proxy.ConfigApi.ConfigurationApiItemWrapper..ctor(ServerId serverId, String path) in D:\actions-runner\_work\XPCO\XPCO\MIP\PlatformPlugin\VideoOS.Platform\src\Proxy\ConfigApi\ConfigurationApiItemWrapper.cs:line 110&#xD;
   at VideoOS.Platform.ConfigurationItems.Factory.IsItemTypeSupported(ServerId serverId, String itemType) in D:\actions-runner\_work\XPCO\XPCO\MIP\PlatformPlugin\VideoOS.Platform\src\ConfigurationItems\Factory.cs:line 464&#xD;
MIP: Error: LoginServerOauth (): https://1.2.3.5:55/ManagementServer/ServerCommandServiceOAuth.svc The method or operation is not implemented.&#xD;
MIP: Error: ConfigurationApiItemWrapper (): ConfigAPI GetItem(): System.NotImplementedException, The method or operation is not implemented.&#xD;
MIP: Error: Factory.IsItemTypeSupported (): Exception source:      VideoOS.Platform.SDK.UnitTests&#xD;
Exception type:        System.NotImplementedException&#xD;
Exception message:     The method or operation is not implemented.&#xD;
Exception target site: GetItem&#xD;
   at VideoOS.Platform.SDKUnittest.EnvironmentTests.TestConfigurationClientService.GetItem(String path) in D:\actions-runner\_work\XPCO\XPCO\MIP\MIPSDK\tst\VideoOS.Platform.SDK.UnitTests\EnvironmentTests\TestsWithCorporateShimsBase.cs:line 227&#xD;
   at VideoOS.Platform.Proxy.ConfigApi.ConfigurationApiItemWrapper..ctor(ServerId serverId, String path) in D:\actions-runner\_work\XPCO\XPCO\MIP\PlatformPlugin\VideoOS.Platform\src\Proxy\ConfigApi\ConfigurationApiItemWrapper.cs:line 110&#xD;
   at VideoOS.Platform.ConfigurationItems.Factory.IsItemTypeSupported(ServerId serverId, String itemType) in D:\actions-runner\_work\XPCO\XPCO\MIP\PlatformPlugin\VideoOS.Platform\src\ConfigurationItems\Factory.cs:line 464&#xD;
&#xD;
Factory.IsItemTypeSupportedFactory.IsItemTypeSupported ()The method or operation is not implemented.   at VideoOS.Platform.SDKUnittest.EnvironmentTests.TestConfigurationClientService.GetItem(String path) in D:\actions-runner\_work\XPCO\XPCO\MIP\MIPSDK\tst\VideoOS.Platform.SDK.UnitTests\EnvironmentTests\TestsWithCorporateShimsBase.cs:line 227&#xD;
   at VideoOS.Platform.Proxy.ConfigApi.ConfigurationApiItemWrapper..ctor(ServerId serverId, String path) in D:\actions-runner\_work\XPCO\XPCO\MIP\PlatformPlugin\VideoOS.Platform\src\Proxy\ConfigApi\ConfigurationApiItemWrapper.cs:line 110&#xD;
   at VideoOS.Platform.ConfigurationItems.Factory.IsItemTypeSupported(ServerId serverId, String itemType) in D:\actions-runner\_work\XPCO\XPCO\MIP\PlatformPlugin\VideoOS.Platform\src\ConfigurationItems\Factory.cs:line 464&#xD;
MIP: Error: GetConfiguration (): CustomSetting not found for the given platformDefinitionId: e145597a-ecaf-40a1-99e6-14bb9d45a09e&#xD;
MIP: Error: ConfigurationApiItemWrapper (): ConfigAPI GetItem(): System.NotImplementedException, The method or operation is not implemented.&#xD;
MIP: Error: Factory.IsItemTypeSupported (): Exception source:      VideoOS.Platform.SDK.UnitTests&#xD;
Exception type:        System.NotImplementedException&#xD;
Exception message:     The method or operation is not implemented.&#xD;
Exception target site: GetItem&#xD;
   at VideoOS.Platform.SDKUnittest.EnvironmentTests.TestConfigurationClientService.GetItem(String path) in D:\actions-runner\_work\XPCO\XPCO\MIP\MIPSDK\tst\VideoOS.Platform.SDK.UnitTests\EnvironmentTests\TestsWithCorporateShimsBase.cs:line 227&#xD;
   at VideoOS.Platform.Proxy.ConfigApi.ConfigurationApiItemWrapper..ctor(ServerId serverId, String path) in D:\actions-runner\_work\XPCO\XPCO\MIP\PlatformPlugin\VideoOS.Platform\src\Proxy\ConfigApi\ConfigurationApiItemWrapper.cs:line 110&#xD;
   at VideoOS.Platform.ConfigurationItems.Factory.IsItemTypeSupported(ServerId serverId, String itemType) in D:\actions-runner\_work\XPCO\XPCO\MIP\PlatformPlugin\VideoOS.Platform\src\ConfigurationItems\Factory.cs:line 464&#xD;
&#xD;
Factory.IsItemTypeSupportedFactory.IsItemTypeSupported ()The method or operation is not implemented.   at VideoOS.Platform.SDKUnittest.EnvironmentTests.TestConfigurationClientService.GetItem(String path) in D:\actions-runner\_work\XPCO\XPCO\MIP\MIPSDK\tst\VideoOS.Platform.SDK.UnitTests\EnvironmentTests\TestsWithCorporateShimsBase.cs:line 227&#xD;
   at VideoOS.Platform.Proxy.ConfigApi.ConfigurationApiItemWrapper..ctor(ServerId serverId, String path) in D:\actions-runner\_work\XPCO\XPCO\MIP\PlatformPlugin\VideoOS.Platform\src\Proxy\ConfigApi\ConfigurationApiItemWrapper.cs:line 110&#xD;
   at VideoOS.Platform.ConfigurationItems.Factory.IsItemTypeSupported(ServerId serverId, String itemType) in D:\actions-runner\_work\XPCO\XPCO\MIP\PlatformPlugin\VideoOS.Platform\src\ConfigurationItems\Factory.cs:line 464&#xD;
MIP: Error: LoginServerOauth (): https://1.2.3.5:55/ManagementServer/ServerCommandServiceOAuth.svc The method or operation is not implemented.</StdOut>
      </Output>
    </UnitTestResult>
    <UnitTestResult executionId="d9a1e7bb-09bf-478b-84db-6ab4f767359c" testId="6d93dbe9-2cce-d9d5-7c9f-910853d500ab" testName="XpcoLoadSiteItemWithServerAdded" computerName="DKSR-EFI-04" duration="00:00:00.8890203" startTime="2023-12-22T09:36:37.3821971+01:00" endTime="2023-12-22T09:36:38.2728301+01:00" testType="13cdc9d9-ddb5-4fa4-a97d-d965ccfc6d4b" outcome="Passed" testListId="8c84fa94-04c1-424b-9868-57a2d4851a1d" relativeResultsDirectory="d9a1e7bb-09bf-478b-84db-6ab4f767359c">
      <Output>
        <StdOut>Debug Trace:&#xD;
TopLevelControl returns null. PostMessage may have problems&#xD;
MIP: Error: ConfigurationApiItemWrapper (): ConfigAPI GetItem(): System.NotImplementedException, The method or operation is not implemented.&#xD;
MIP: Error: Factory.IsItemTypeSupported (): Exception source:      VideoOS.Platform.SDK.UnitTests&#xD;
Exception type:        System.NotImplementedException&#xD;
Exception message:     The method or operation is not implemented.&#xD;
Exception target site: GetItem&#xD;
   at VideoOS.Platform.SDKUnittest.EnvironmentTests.TestConfigurationClientService.GetItem(String path) in D:\actions-runner\_work\XPCO\XPCO\MIP\MIPSDK\tst\VideoOS.Platform.SDK.UnitTests\EnvironmentTests\TestsWithCorporateShimsBase.cs:line 227&#xD;
   at VideoOS.Platform.Proxy.ConfigApi.ConfigurationApiItemWrapper..ctor(ServerId serverId, String path) in D:\actions-runner\_work\XPCO\XPCO\MIP\PlatformPlugin\VideoOS.Platform\src\Proxy\ConfigApi\ConfigurationApiItemWrapper.cs:line 110&#xD;
   at VideoOS.Platform.ConfigurationItems.Factory.IsItemTypeSupported(ServerId serverId, String itemType) in D:\actions-runner\_work\XPCO\XPCO\MIP\PlatformPlugin\VideoOS.Platform\src\ConfigurationItems\Factory.cs:line 464&#xD;
&#xD;
Factory.IsItemTypeSupportedFactory.IsItemTypeSupported ()The method or operation is not implemented.   at VideoOS.Platform.SDKUnittest.EnvironmentTests.TestConfigurationClientService.GetItem(String path) in D:\actions-runner\_work\XPCO\XPCO\MIP\MIPSDK\tst\VideoOS.Platform.SDK.UnitTests\EnvironmentTests\TestsWithCorporateShimsBase.cs:line 227&#xD;
   at VideoOS.Platform.Proxy.ConfigApi.ConfigurationApiItemWrapper..ctor(ServerId serverId, String path) in D:\actions-runner\_work\XPCO\XPCO\MIP\PlatformPlugin\VideoOS.Platform\src\Proxy\ConfigApi\ConfigurationApiItemWrapper.cs:line 110&#xD;
   at VideoOS.Platform.ConfigurationItems.Factory.IsItemTypeSupported(ServerId serverId, String itemType) in D:\actions-runner\_work\XPCO\XPCO\MIP\PlatformPlugin\VideoOS.Platform\src\ConfigurationItems\Factory.cs:line 464&#xD;
MIP: Error: GetConfiguration (): CustomSetting not found for the given platformDefinitionId: e145597a-ecaf-40a1-99e6-14bb9d45a09e&#xD;
MIP: Error: ConfigurationApiItemWrapper (): ConfigAPI GetItem(): System.NotImplementedException, The method or operation is not implemented.&#xD;
MIP: Error: Factory.IsItemTypeSupported (): Exception source:      VideoOS.Platform.SDK.UnitTests&#xD;
Exception type:        System.NotImplementedException&#xD;
Exception message:     The method or operation is not implemented.&#xD;
Exception target site: GetItem&#xD;
   at VideoOS.Platform.SDKUnittest.EnvironmentTests.TestConfigurationClientService.GetItem(String path) in D:\actions-runner\_work\XPCO\XPCO\MIP\MIPSDK\tst\VideoOS.Platform.SDK.UnitTests\EnvironmentTests\TestsWithCorporateShimsBase.cs:line 227&#xD;
   at VideoOS.Platform.Proxy.ConfigApi.ConfigurationApiItemWrapper..ctor(ServerId serverId, String path) in D:\actions-runner\_work\XPCO\XPCO\MIP\PlatformPlugin\VideoOS.Platform\src\Proxy\ConfigApi\ConfigurationApiItemWrapper.cs:line 110&#xD;
   at VideoOS.Platform.ConfigurationItems.Factory.IsItemTypeSupported(ServerId serverId, String itemType) in D:\actions-runner\_work\XPCO\XPCO\MIP\PlatformPlugin\VideoOS.Platform\src\ConfigurationItems\Factory.cs:line 464&#xD;
&#xD;
Factory.IsItemTypeSupportedFactory.IsItemTypeSupported ()The method or operation is not implemented.   at VideoOS.Platform.SDKUnittest.EnvironmentTests.TestConfigurationClientService.GetItem(String path) in D:\actions-runner\_work\XPCO\XPCO\MIP\MIPSDK\tst\VideoOS.Platform.SDK.UnitTests\EnvironmentTests\TestsWithCorporateShimsBase.cs:line 227&#xD;
   at VideoOS.Platform.Proxy.ConfigApi.ConfigurationApiItemWrapper..ctor(ServerId serverId, String path) in D:\actions-runner\_work\XPCO\XPCO\MIP\PlatformPlugin\VideoOS.Platform\src\Proxy\ConfigApi\ConfigurationApiItemWrapper.cs:line 110&#xD;
   at VideoOS.Platform.ConfigurationItems.Factory.IsItemTypeSupported(ServerId serverId, String itemType) in D:\actions-runner\_work\XPCO\XPCO\MIP\PlatformPlugin\VideoOS.Platform\src\ConfigurationItems\Factory.cs:line 464&#xD;
MIP: Error: LoginServerOauth (): https://1.2.3.5:55/ManagementServer/ServerCommandServiceOAuth.svc The method or operation is not implemented.&#xD;
MIP: Error: ConfigurationApiItemWrapper (): ConfigAPI GetItem(): System.NotImplementedException, The method or operation is not implemented.&#xD;
MIP: Error: Factory.IsItemTypeSupported (): Exception source:      VideoOS.Platform.SDK.UnitTests&#xD;
Exception type:        System.NotImplementedException&#xD;
Exception message:     The method or operation is not implemented.&#xD;
Exception target site: GetItem&#xD;
   at VideoOS.Platform.SDKUnittest.EnvironmentTests.TestConfigurationClientService.GetItem(String path) in D:\actions-runner\_work\XPCO\XPCO\MIP\MIPSDK\tst\VideoOS.Platform.SDK.UnitTests\EnvironmentTests\TestsWithCorporateShimsBase.cs:line 227&#xD;
   at VideoOS.Platform.Proxy.ConfigApi.ConfigurationApiItemWrapper..ctor(ServerId serverId, String path) in D:\actions-runner\_work\XPCO\XPCO\MIP\PlatformPlugin\VideoOS.Platform\src\Proxy\ConfigApi\ConfigurationApiItemWrapper.cs:line 110&#xD;
   at VideoOS.Platform.ConfigurationItems.Factory.IsItemTypeSupported(ServerId serverId, String itemType) in D:\actions-runner\_work\XPCO\XPCO\MIP\PlatformPlugin\VideoOS.Platform\src\ConfigurationItems\Factory.cs:line 464&#xD;
&#xD;
Factory.IsItemTypeSupportedFactory.IsItemTypeSupported ()The method or operation is not implemented.   at VideoOS.Platform.SDKUnittest.EnvironmentTests.TestConfigurationClientService.GetItem(String path) in D:\actions-runner\_work\XPCO\XPCO\MIP\MIPSDK\tst\VideoOS.Platform.SDK.UnitTests\EnvironmentTests\TestsWithCorporateShimsBase.cs:line 227&#xD;
   at VideoOS.Platform.Proxy.ConfigApi.ConfigurationApiItemWrapper..ctor(ServerId serverId, String path) in D:\actions-runner\_work\XPCO\XPCO\MIP\PlatformPlugin\VideoOS.Platform\src\Proxy\ConfigApi\ConfigurationApiItemWrapper.cs:line 110&#xD;
   at VideoOS.Platform.ConfigurationItems.Factory.IsItemTypeSupported(ServerId serverId, String itemType) in D:\actions-runner\_work\XPCO\XPCO\MIP\PlatformPlugin\VideoOS.Platform\src\ConfigurationItems\Factory.cs:line 464&#xD;
MIP: Error: GetConfiguration (): CustomSetting not found for the given platformDefinitionId: e145597a-ecaf-40a1-99e6-14bb9d45a09e&#xD;
MIP: Error: ConfigurationApiItemWrapper (): ConfigAPI GetItem(): System.NotImplementedException, The method or operation is not implemented.&#xD;
MIP: Error: Factory.IsItemTypeSupported (): Exception source:      VideoOS.Platform.SDK.UnitTests&#xD;
Exception type:        System.NotImplementedException&#xD;
Exception message:     The method or operation is not implemented.&#xD;
Exception target site: GetItem&#xD;
   at VideoOS.Platform.SDKUnittest.EnvironmentTests.TestConfigurationClientService.GetItem(String path) in D:\actions-runner\_work\XPCO\XPCO\MIP\MIPSDK\tst\VideoOS.Platform.SDK.UnitTests\EnvironmentTests\TestsWithCorporateShimsBase.cs:line 227&#xD;
   at VideoOS.Platform.Proxy.ConfigApi.ConfigurationApiItemWrapper..ctor(ServerId serverId, String path) in D:\actions-runner\_work\XPCO\XPCO\MIP\PlatformPlugin\VideoOS.Platform\src\Proxy\ConfigApi\ConfigurationApiItemWrapper.cs:line 110&#xD;
   at VideoOS.Platform.ConfigurationItems.Factory.IsItemTypeSupported(ServerId serverId, String itemType) in D:\actions-runner\_work\XPCO\XPCO\MIP\PlatformPlugin\VideoOS.Platform\src\ConfigurationItems\Factory.cs:line 464&#xD;
&#xD;
Factory.IsItemTypeSupportedFactory.IsItemTypeSupported ()The method or operation is not implemented.   at VideoOS.Platform.SDKUnittest.EnvironmentTests.TestConfigurationClientService.GetItem(String path) in D:\actions-runner\_work\XPCO\XPCO\MIP\MIPSDK\tst\VideoOS.Platform.SDK.UnitTests\EnvironmentTests\TestsWithCorporateShimsBase.cs:line 227&#xD;
   at VideoOS.Platform.Proxy.ConfigApi.ConfigurationApiItemWrapper..ctor(ServerId serverId, String path) in D:\actions-runner\_work\XPCO\XPCO\MIP\PlatformPlugin\VideoOS.Platform\src\Proxy\ConfigApi\ConfigurationApiItemWrapper.cs:line 110&#xD;
   at VideoOS.Platform.ConfigurationItems.Factory.IsItemTypeSupported(ServerId serverId, String itemType) in D:\actions-runner\_work\XPCO\XPCO\MIP\PlatformPlugin\VideoOS.Platform\src\ConfigurationItems\Factory.cs:line 464&#xD;
MIP: Error: LoginServerOauth (): https://1.2.3.5:55/ManagementServer/ServerCommandServiceOAuth.svc The method or operation is not implemented.&#xD;
MIP: Error: ConfigurationApiItemWrapper (): ConfigAPI GetItem(): System.NotImplementedException, The method or operation is not implemented.&#xD;
MIP: Error: Factory.IsItemTypeSupported (): Exception source:      VideoOS.Platform.SDK.UnitTests&#xD;
Exception type:        System.NotImplementedException&#xD;
Exception message:     The method or operation is not implemented.&#xD;
Exception target site: GetItem&#xD;
   at VideoOS.Platform.SDKUnittest.EnvironmentTests.TestConfigurationClientService.GetItem(String path) in D:\actions-runner\_work\XPCO\XPCO\MIP\MIPSDK\tst\VideoOS.Platform.SDK.UnitTests\EnvironmentTests\TestsWithCorporateShimsBase.cs:line 227&#xD;
   at VideoOS.Platform.Proxy.ConfigApi.ConfigurationApiItemWrapper..ctor(ServerId serverId, String path) in D:\actions-runner\_work\XPCO\XPCO\MIP\PlatformPlugin\VideoOS.Platform\src\Proxy\ConfigApi\ConfigurationApiItemWrapper.cs:line 110&#xD;
   at VideoOS.Platform.ConfigurationItems.Factory.IsItemTypeSupported(ServerId serverId, String itemType) in D:\actions-runner\_work\XPCO\XPCO\MIP\PlatformPlugin\VideoOS.Platform\src\ConfigurationItems\Factory.cs:line 464&#xD;
&#xD;
Factory.IsItemTypeSupportedFactory.IsItemTypeSupported ()The method or operation is not implemented.   at VideoOS.Platform.SDKUnittest.EnvironmentTests.TestConfigurationClientService.GetItem(String path) in D:\actions-runner\_work\XPCO\XPCO\MIP\MIPSDK\tst\VideoOS.Platform.SDK.UnitTests\EnvironmentTests\TestsWithCorporateShimsBase.cs:line 227&#xD;
   at VideoOS.Platform.Proxy.ConfigApi.ConfigurationApiItemWrapper..ctor(ServerId serverId, String path) in D:\actions-runner\_work\XPCO\XPCO\MIP\PlatformPlugin\VideoOS.Platform\src\Proxy\ConfigApi\ConfigurationApiItemWrapper.cs:line 110&#xD;
   at VideoOS.Platform.ConfigurationItems.Factory.IsItemTypeSupported(ServerId serverId, String itemType) in D:\actions-runner\_work\XPCO\XPCO\MIP\PlatformPlugin\VideoOS.Platform\src\ConfigurationItems\Factory.cs:line 464&#xD;
MIP: Error: ConfigurationApiItemWrapper (): ConfigAPI GetItem(): System.NotImplementedException, The method or operation is not implemented.&#xD;
MIP: Error: Factory.IsItemTypeSupported (): Exception source:      VideoOS.Platform.SDK.UnitTests&#xD;
Exception type:        System.NotImplementedException&#xD;
Exception message:     The method or operation is not implemented.&#xD;
Exception target site: GetItem&#xD;
   at VideoOS.Platform.SDKUnittest.EnvironmentTests.TestConfigurationClientService.GetItem(String path) in D:\actions-runner\_work\XPCO\XPCO\MIP\MIPSDK\tst\VideoOS.Platform.SDK.UnitTests\EnvironmentTests\TestsWithCorporateShimsBase.cs:line 227&#xD;
   at VideoOS.Platform.Proxy.ConfigApi.ConfigurationApiItemWrapper..ctor(ServerId serverId, String path) in D:\actions-runner\_work\XPCO\XPCO\MIP\PlatformPlugin\VideoOS.Platform\src\Proxy\ConfigApi\ConfigurationApiItemWrapper.cs:line 110&#xD;
   at VideoOS.Platform.ConfigurationItems.Factory.IsItemTypeSupported(ServerId serverId, String itemType) in D:\actions-runner\_work\XPCO\XPCO\MIP\PlatformPlugin\VideoOS.Platform\src\ConfigurationItems\Factory.cs:line 464&#xD;
&#xD;
Factory.IsItemTypeSupportedFactory.IsItemTypeSupported ()The method or operation is not implemented.   at VideoOS.Platform.SDKUnittest.EnvironmentTests.TestConfigurationClientService.GetItem(String path) in D:\actions-runner\_work\XPCO\XPCO\MIP\MIPSDK\tst\VideoOS.Platform.SDK.UnitTests\EnvironmentTests\TestsWithCorporateShimsBase.cs:line 227&#xD;
   at VideoOS.Platform.Proxy.ConfigApi.ConfigurationApiItemWrapper..ctor(ServerId serverId, String path) in D:\actions-runner\_work\XPCO\XPCO\MIP\PlatformPlugin\VideoOS.Platform\src\Proxy\ConfigApi\ConfigurationApiItemWrapper.cs:line 110&#xD;
   at VideoOS.Platform.ConfigurationItems.Factory.IsItemTypeSupported(ServerId serverId, String itemType) in D:\actions-runner\_work\XPCO\XPCO\MIP\PlatformPlugin\VideoOS.Platform\src\ConfigurationItems\Factory.cs:line 464&#xD;
MIP: Error: LoginServerOauth (): https://1.2.3.5:55/ManagementServer/ServerCommandServiceOAuth.svc The method or operation is not implemented.&#xD;
MIP: Error: ConfigurationApiItemWrapper (): ConfigAPI GetItem(): System.NotImplementedException, The method or operation is not implemented.&#xD;
MIP: Error: Factory.IsItemTypeSupported (): Exception source:      VideoOS.Platform.SDK.UnitTests&#xD;
Exception type:        System.NotImplementedException&#xD;
Exception message:     The method or operation is not implemented.&#xD;
Exception target site: GetItem&#xD;
   at VideoOS.Platform.SDKUnittest.EnvironmentTests.TestConfigurationClientService.GetItem(String path) in D:\actions-runner\_work\XPCO\XPCO\MIP\MIPSDK\tst\VideoOS.Platform.SDK.UnitTests\EnvironmentTests\TestsWithCorporateShimsBase.cs:line 227&#xD;
   at VideoOS.Platform.Proxy.ConfigApi.ConfigurationApiItemWrapper..ctor(ServerId serverId, String path) in D:\actions-runner\_work\XPCO\XPCO\MIP\PlatformPlugin\VideoOS.Platform\src\Proxy\ConfigApi\ConfigurationApiItemWrapper.cs:line 110&#xD;
   at VideoOS.Platform.ConfigurationItems.Factory.IsItemTypeSupported(ServerId serverId, String itemType) in D:\actions-runner\_work\XPCO\XPCO\MIP\PlatformPlugin\VideoOS.Platform\src\ConfigurationItems\Factory.cs:line 464&#xD;
&#xD;
Factory.IsItemTypeSupportedFactory.IsItemTypeSupported ()The method or operation is not implemented.   at VideoOS.Platform.SDKUnittest.EnvironmentTests.TestConfigurationClientService.GetItem(String path) in D:\actions-runner\_work\XPCO\XPCO\MIP\MIPSDK\tst\VideoOS.Platform.SDK.UnitTests\EnvironmentTests\TestsWithCorporateShimsBase.cs:line 227&#xD;
   at VideoOS.Platform.Proxy.ConfigApi.ConfigurationApiItemWrapper..ctor(ServerId serverId, String path) in D:\actions-runner\_work\XPCO\XPCO\MIP\PlatformPlugin\VideoOS.Platform\src\Proxy\ConfigApi\ConfigurationApiItemWrapper.cs:line 110&#xD;
   at VideoOS.Platform.ConfigurationItems.Factory.IsItemTypeSupported(ServerId serverId, String itemType) in D:\actions-runner\_work\XPCO\XPCO\MIP\PlatformPlugin\VideoOS.Platform\src\ConfigurationItems\Factory.cs:line 464&#xD;
MIP: Error: GetConfiguration (): CustomSetting not found for the given platformDefinitionId: e145597a-ecaf-40a1-99e6-14bb9d45a09e&#xD;
MIP: Error: ConfigurationApiItemWrapper (): ConfigAPI GetItem(): System.NotImplementedException, The method or operation is not implemented.&#xD;
MIP: Error: Factory.IsItemTypeSupported (): Exception source:      VideoOS.Platform.SDK.UnitTests&#xD;
Exception type:        System.NotImplementedException&#xD;
Exception message:     The method or operation is not implemented.&#xD;
Exception target site: GetItem&#xD;
   at VideoOS.Platform.SDKUnittest.EnvironmentTests.TestConfigurationClientService.GetItem(String path) in D:\actions-runner\_work\XPCO\XPCO\MIP\MIPSDK\tst\VideoOS.Platform.SDK.UnitTests\EnvironmentTests\TestsWithCorporateShimsBase.cs:line 227&#xD;
   at VideoOS.Platform.Proxy.ConfigApi.ConfigurationApiItemWrapper..ctor(ServerId serverId, String path) in D:\actions-runner\_work\XPCO\XPCO\MIP\PlatformPlugin\VideoOS.Platform\src\Proxy\ConfigApi\ConfigurationApiItemWrapper.cs:line 110&#xD;
   at VideoOS.Platform.ConfigurationItems.Factory.IsItemTypeSupported(ServerId serverId, String itemType) in D:\actions-runner\_work\XPCO\XPCO\MIP\PlatformPlugin\VideoOS.Platform\src\ConfigurationItems\Factory.cs:line 464&#xD;
&#xD;
Factory.IsItemTypeSupportedFactory.IsItemTypeSupported ()The method or operation is not implemented.   at VideoOS.Platform.SDKUnittest.EnvironmentTests.TestConfigurationClientService.GetItem(String path) in D:\actions-runner\_work\XPCO\XPCO\MIP\MIPSDK\tst\VideoOS.Platform.SDK.UnitTests\EnvironmentTests\TestsWithCorporateShimsBase.cs:line 227&#xD;
   at VideoOS.Platform.Proxy.ConfigApi.ConfigurationApiItemWrapper..ctor(ServerId serverId, String path) in D:\actions-runner\_work\XPCO\XPCO\MIP\PlatformPlugin\VideoOS.Platform\src\Proxy\ConfigApi\ConfigurationApiItemWrapper.cs:line 110&#xD;
   at VideoOS.Platform.ConfigurationItems.Factory.IsItemTypeSupported(ServerId serverId, String itemType) in D:\actions-runner\_work\XPCO\XPCO\MIP\PlatformPlugin\VideoOS.Platform\src\ConfigurationItems\Factory.cs:line 464&#xD;
MIP: Error: LoginServerOauth (): https://1.2.3.5:55/ManagementServer/ServerCommandServiceOAuth.svc The method or operation is not implemented.</StdOut>
      </Output>
    </UnitTestResult>
    <UnitTestResult executionId="522c6a67-56a0-4f17-9596-8538f4e6c2c1" testId="96c1c139-ef84-2793-7b75-ec53f5430e80" testName="CompareFail" computerName="DKSR-EFI-04" duration="00:00:00.0016330" startTime="2023-12-22T09:36:14.6789527+01:00" endTime="2023-12-22T09:36:14.6789527+01:00" testType="13cdc9d9-ddb5-4fa4-a97d-d965ccfc6d4b" outcome="Passed" testListId="8c84fa94-04c1-424b-9868-57a2d4851a1d" relativeResultsDirectory="522c6a67-56a0-4f17-9596-8538f4e6c2c1" />
    <UnitTestResult executionId="0d0b748a-70eb-4943-9654-b50ce6eb916b" testId="fc1cab11-50e0-2822-11d6-8684a843d351" testName="LiveStop_ConnectedAndNotPlayingLive_AvoidsToolkitReentry" computerName="DKSR-EFI-04" duration="00:00:00.0025257" startTime="2023-12-22T09:36:47.5541295+01:00" endTime="2023-12-22T09:36:47.5541295+01:00" testType="13cdc9d9-ddb5-4fa4-a97d-d965ccfc6d4b" outcome="Passed" testListId="8c84fa94-04c1-424b-9868-57a2d4851a1d" relativeResultsDirectory="0d0b748a-70eb-4943-9654-b50ce6eb916b" />
    <UnitTestResult executionId="5688cdee-7950-43f4-a3f2-ad60a15c49cb" testId="9af23bea-fd93-7994-bffe-1ae6f1f880df" testName="Login_MasterOnly_Passed" computerName="DKSR-EFI-04" duration="00:00:00.0036825" startTime="2023-12-22T09:35:19.0692854+01:00" endTime="2023-12-22T09:35:19.0849120+01:00" testType="13cdc9d9-ddb5-4fa4-a97d-d965ccfc6d4b" outcome="Passed" testListId="8c84fa94-04c1-424b-9868-57a2d4851a1d" relativeResultsDirectory="5688cdee-7950-43f4-a3f2-ad60a15c49cb" />
    <UnitTestResult executionId="7c13fa07-8218-4eaf-b955-7ccedfaa4626" testId="f1181353-771a-42f2-9df1-c384eac48176" testName="OAuthServerIsOffline" computerName="DKSR-EFI-04" duration="00:00:00.0037658" startTime="2023-12-22T09:36:13.6633261+01:00" endTime="2023-12-22T09:36:13.6633261+01:00" testType="13cdc9d9-ddb5-4fa4-a97d-d965ccfc6d4b" outcome="Passed" testListId="8c84fa94-04c1-424b-9868-57a2d4851a1d" relativeResultsDirectory="7c13fa07-8218-4eaf-b955-7ccedfaa4626" />
    <UnitTestResult executionId="a27b2003-4a5d-45de-831a-cffc683bbd29" testId="b42b975b-0563-7dc6-8812-756fcc2bafe7" testName="Given_ReceivedMessageContainsCommandId_When_GetCommandId_ThenCommandIdIsReturned" computerName="DKSR-EFI-04" duration="00:00:00.0033558" startTime="2023-12-22T09:36:15.8039584+01:00" endTime="2023-12-22T09:36:15.8039584+01:00" testType="13cdc9d9-ddb5-4fa4-a97d-d965ccfc6d4b" outcome="Passed" testListId="8c84fa94-04c1-424b-9868-57a2d4851a1d" relativeResultsDirectory="a27b2003-4a5d-45de-831a-cffc683bbd29" />
    <UnitTestResult executionId="d793318e-e4f6-4592-aef3-8c78ddaa32be" testId="7f6a3e30-0edb-cef4-24b2-03a61d04ff8b" testName="Givent_MessageContainingEventWithData_When_CallingGetDataOfInCorrectType_Then_NOTE_NOTE_NOTE_ACompleteObjectIsReturned" computerName="DKSR-EFI-04" duration="00:00:00.0082262" startTime="2023-12-22T09:36:15.9445832+01:00" endTime="2023-12-22T09:36:15.9602098+01:00" testType="13cdc9d9-ddb5-4fa4-a97d-d965ccfc6d4b" outcome="Passed" testListId="8c84fa94-04c1-424b-9868-57a2d4851a1d" relativeResultsDirectory="d793318e-e4f6-4592-aef3-8c78ddaa32be" />
    <UnitTestResult executionId="d4d6c871-7b33-4a96-afdd-e5be4d3b9e11" testId="01728557-d0ee-3bd0-5338-38b6c6daa989" testName="Close_WhenNull_NoException" computerName="DKSR-EFI-04" duration="00:00:00.0001791" startTime="2023-12-22T09:36:14.7883302+01:00" endTime="2023-12-22T09:36:14.7883302+01:00" testType="13cdc9d9-ddb5-4fa4-a97d-d965ccfc6d4b" outcome="Passed" testListId="8c84fa94-04c1-424b-9868-57a2d4851a1d" relativeResultsDirectory="d4d6c871-7b33-4a96-afdd-e5be4d3b9e11" />
    <UnitTestResult executionId="895eaa2c-6369-4422-b706-4457901edcd4" testId="09fc8d6b-6a94-4ed4-f299-82508673b16a" testName="PlaybackStop_NotConnected_DoesNotCrash" computerName="DKSR-EFI-04" duration="00:00:00.0007916" startTime="2023-12-22T09:36:47.5853787+01:00" endTime="2023-12-22T09:36:47.5853787+01:00" testType="13cdc9d9-ddb5-4fa4-a97d-d965ccfc6d4b" outcome="Passed" testListId="8c84fa94-04c1-424b-9868-57a2d4851a1d" relativeResultsDirectory="895eaa2c-6369-4422-b706-4457901edcd4" />
    <UnitTestResult executionId="e56b9c08-b231-494a-8912-07ab505ee5a3" testId="3298a0bb-4507-4949-b804-b0b1ba735235" testName="XpcoLoginAndGetConfgurationBasic" computerName="DKSR-EFI-04" duration="00:00:01.6886536" startTime="2023-12-22T09:36:35.6946906+01:00" endTime="2023-12-22T09:36:37.3821971+01:00" testType="13cdc9d9-ddb5-4fa4-a97d-d965ccfc6d4b" outcome="Passed" testListId="8c84fa94-04c1-424b-9868-57a2d4851a1d" relativeResultsDirectory="e56b9c08-b231-494a-8912-07ab505ee5a3">
      <Output>
        <StdOut>Debug Trace:&#xD;
TopLevelControl returns null. PostMessage may have problems&#xD;
MIP: Error: ConfigurationApiItemWrapper (): ConfigAPI GetItem(): System.NotImplementedException, The method or operation is not implemented.&#xD;
MIP: Error: Factory.IsItemTypeSupported (): Exception source:      VideoOS.Platform.SDK.UnitTests&#xD;
Exception type:        System.NotImplementedException&#xD;
Exception message:     The method or operation is not implemented.&#xD;
Exception target site: GetItem&#xD;
   at VideoOS.Platform.SDKUnittest.EnvironmentTests.TestConfigurationClientService.GetItem(String path) in D:\actions-runner\_work\XPCO\XPCO\MIP\MIPSDK\tst\VideoOS.Platform.SDK.UnitTests\EnvironmentTests\TestsWithCorporateShimsBase.cs:line 227&#xD;
   at VideoOS.Platform.Proxy.ConfigApi.ConfigurationApiItemWrapper..ctor(ServerId serverId, String path) in D:\actions-runner\_work\XPCO\XPCO\MIP\PlatformPlugin\VideoOS.Platform\src\Proxy\ConfigApi\ConfigurationApiItemWrapper.cs:line 110&#xD;
   at VideoOS.Platform.ConfigurationItems.Factory.IsItemTypeSupported(ServerId serverId, String itemType) in D:\actions-runner\_work\XPCO\XPCO\MIP\PlatformPlugin\VideoOS.Platform\src\ConfigurationItems\Factory.cs:line 464&#xD;
&#xD;
Factory.IsItemTypeSupportedFactory.IsItemTypeSupported ()The method or operation is not implemented.   at VideoOS.Platform.SDKUnittest.EnvironmentTests.TestConfigurationClientService.GetItem(String path) in D:\actions-runner\_work\XPCO\XPCO\MIP\MIPSDK\tst\VideoOS.Platform.SDK.UnitTests\EnvironmentTests\TestsWithCorporateShimsBase.cs:line 227&#xD;
   at VideoOS.Platform.Proxy.ConfigApi.ConfigurationApiItemWrapper..ctor(ServerId serverId, String path) in D:\actions-runner\_work\XPCO\XPCO\MIP\PlatformPlugin\VideoOS.Platform\src\Proxy\ConfigApi\ConfigurationApiItemWrapper.cs:line 110&#xD;
   at VideoOS.Platform.ConfigurationItems.Factory.IsItemTypeSupported(ServerId serverId, String itemType) in D:\actions-runner\_work\XPCO\XPCO\MIP\PlatformPlugin\VideoOS.Platform\src\ConfigurationItems\Factory.cs:line 464&#xD;
MIP: Error: GetConfiguration (): CustomSetting not found for the given platformDefinitionId: e145597a-ecaf-40a1-99e6-14bb9d45a09e&#xD;
MIP: Error: ConfigurationApiItemWrapper (): ConfigAPI GetItem(): System.NotImplementedException, The method or operation is not implemented.&#xD;
MIP: Error: Factory.IsItemTypeSupported (): Exception source:      VideoOS.Platform.SDK.UnitTests&#xD;
Exception type:        System.NotImplementedException&#xD;
Exception message:     The method or operation is not implemented.&#xD;
Exception target site: GetItem&#xD;
   at VideoOS.Platform.SDKUnittest.EnvironmentTests.TestConfigurationClientService.GetItem(String path) in D:\actions-runner\_work\XPCO\XPCO\MIP\MIPSDK\tst\VideoOS.Platform.SDK.UnitTests\EnvironmentTests\TestsWithCorporateShimsBase.cs:line 227&#xD;
   at VideoOS.Platform.Proxy.ConfigApi.ConfigurationApiItemWrapper..ctor(ServerId serverId, String path) in D:\actions-runner\_work\XPCO\XPCO\MIP\PlatformPlugin\VideoOS.Platform\src\Proxy\ConfigApi\ConfigurationApiItemWrapper.cs:line 110&#xD;
   at VideoOS.Platform.ConfigurationItems.Factory.IsItemTypeSupported(ServerId serverId, String itemType) in D:\actions-runner\_work\XPCO\XPCO\MIP\PlatformPlugin\VideoOS.Platform\src\ConfigurationItems\Factory.cs:line 464&#xD;
&#xD;
Factory.IsItemTypeSupportedFactory.IsItemTypeSupported ()The method or operation is not implemented.   at VideoOS.Platform.SDKUnittest.EnvironmentTests.TestConfigurationClientService.GetItem(String path) in D:\actions-runner\_work\XPCO\XPCO\MIP\MIPSDK\tst\VideoOS.Platform.SDK.UnitTests\EnvironmentTests\TestsWithCorporateShimsBase.cs:line 227&#xD;
   at VideoOS.Platform.Proxy.ConfigApi.ConfigurationApiItemWrapper..ctor(ServerId serverId, String path) in D:\actions-runner\_work\XPCO\XPCO\MIP\PlatformPlugin\VideoOS.Platform\src\Proxy\ConfigApi\ConfigurationApiItemWrapper.cs:line 110&#xD;
   at VideoOS.Platform.ConfigurationItems.Factory.IsItemTypeSupported(ServerId serverId, String itemType) in D:\actions-runner\_work\XPCO\XPCO\MIP\PlatformPlugin\VideoOS.Platform\src\ConfigurationItems\Factory.cs:line 464&#xD;
MIP: Error: LoginServerOauth (): https://1.2.3.5:55/ManagementServer/ServerCommandServiceOAuth.svc The method or operation is not implemented.&#xD;
MIP: Error: ConfigurationApiItemWrapper (): ConfigAPI GetItem(): System.NotImplementedException, The method or operation is not implemented.&#xD;
MIP: Error: Factory.IsItemTypeSupported (): Exception source:      VideoOS.Platform.SDK.UnitTests&#xD;
Exception type:        System.NotImplementedException&#xD;
Exception message:     The method or operation is not implemented.&#xD;
Exception target site: GetItem&#xD;
   at VideoOS.Platform.SDKUnittest.EnvironmentTests.TestConfigurationClientService.GetItem(String path) in D:\actions-runner\_work\XPCO\XPCO\MIP\MIPSDK\tst\VideoOS.Platform.SDK.UnitTests\EnvironmentTests\TestsWithCorporateShimsBase.cs:line 227&#xD;
   at VideoOS.Platform.Proxy.ConfigApi.ConfigurationApiItemWrapper..ctor(ServerId serverId, String path) in D:\actions-runner\_work\XPCO\XPCO\MIP\PlatformPlugin\VideoOS.Platform\src\Proxy\ConfigApi\ConfigurationApiItemWrapper.cs:line 110&#xD;
   at VideoOS.Platform.ConfigurationItems.Factory.IsItemTypeSupported(ServerId serverId, String itemType) in D:\actions-runner\_work\XPCO\XPCO\MIP\PlatformPlugin\VideoOS.Platform\src\ConfigurationItems\Factory.cs:line 464&#xD;
&#xD;
Factory.IsItemTypeSupportedFactory.IsItemTypeSupported ()The method or operation is not implemented.   at VideoOS.Platform.SDKUnittest.EnvironmentTests.TestConfigurationClientService.GetItem(String path) in D:\actions-runner\_work\XPCO\XPCO\MIP\MIPSDK\tst\VideoOS.Platform.SDK.UnitTests\EnvironmentTests\TestsWithCorporateShimsBase.cs:line 227&#xD;
   at VideoOS.Platform.Proxy.ConfigApi.ConfigurationApiItemWrapper..ctor(ServerId serverId, String path) in D:\actions-runner\_work\XPCO\XPCO\MIP\PlatformPlugin\VideoOS.Platform\src\Proxy\ConfigApi\ConfigurationApiItemWrapper.cs:line 110&#xD;
   at VideoOS.Platform.ConfigurationItems.Factory.IsItemTypeSupported(ServerId serverId, String itemType) in D:\actions-runner\_work\XPCO\XPCO\MIP\PlatformPlugin\VideoOS.Platform\src\ConfigurationItems\Factory.cs:line 464&#xD;
MIP: Error: GetConfiguration (): CustomSetting not found for the given platformDefinitionId: e145597a-ecaf-40a1-99e6-14bb9d45a09e&#xD;
MIP: Error: ConfigurationApiItemWrapper (): ConfigAPI GetItem(): System.NotImplementedException, The method or operation is not implemented.&#xD;
MIP: Error: Factory.IsItemTypeSupported (): Exception source:      VideoOS.Platform.SDK.UnitTests&#xD;
Exception type:        System.NotImplementedException&#xD;
Exception message:     The method or operation is not implemented.&#xD;
Exception target site: GetItem&#xD;
   at VideoOS.Platform.SDKUnittest.EnvironmentTests.TestConfigurationClientService.GetItem(String path) in D:\actions-runner\_work\XPCO\XPCO\MIP\MIPSDK\tst\VideoOS.Platform.SDK.UnitTests\EnvironmentTests\TestsWithCorporateShimsBase.cs:line 227&#xD;
   at VideoOS.Platform.Proxy.ConfigApi.ConfigurationApiItemWrapper..ctor(ServerId serverId, String path) in D:\actions-runner\_work\XPCO\XPCO\MIP\PlatformPlugin\VideoOS.Platform\src\Proxy\ConfigApi\ConfigurationApiItemWrapper.cs:line 110&#xD;
   at VideoOS.Platform.ConfigurationItems.Factory.IsItemTypeSupported(ServerId serverId, String itemType) in D:\actions-runner\_work\XPCO\XPCO\MIP\PlatformPlugin\VideoOS.Platform\src\ConfigurationItems\Factory.cs:line 464&#xD;
&#xD;
Factory.IsItemTypeSupportedFactory.IsItemTypeSupported ()The method or operation is not implemented.   at VideoOS.Platform.SDKUnittest.EnvironmentTests.TestConfigurationClientService.GetItem(String path) in D:\actions-runner\_work\XPCO\XPCO\MIP\MIPSDK\tst\VideoOS.Platform.SDK.UnitTests\EnvironmentTests\TestsWithCorporateShimsBase.cs:line 227&#xD;
   at VideoOS.Platform.Proxy.ConfigApi.ConfigurationApiItemWrapper..ctor(ServerId serverId, String path) in D:\actions-runner\_work\XPCO\XPCO\MIP\PlatformPlugin\VideoOS.Platform\src\Proxy\ConfigApi\ConfigurationApiItemWrapper.cs:line 110&#xD;
   at VideoOS.Platform.ConfigurationItems.Factory.IsItemTypeSupported(ServerId serverId, String itemType) in D:\actions-runner\_work\XPCO\XPCO\MIP\PlatformPlugin\VideoOS.Platform\src\ConfigurationItems\Factory.cs:line 464&#xD;
MIP: Error: LoginServerOauth (): https://1.2.3.5:55/ManagementServer/ServerCommandServiceOAuth.svc The method or operation is not implemented.&#xD;
MIP: Error: ConfigurationApiItemWrapper (): ConfigAPI GetItem(): System.NotImplementedException, The method or operation is not implemented.&#xD;
MIP: Error: Factory.IsItemTypeSupported (): Exception source:      VideoOS.Platform.SDK.UnitTests&#xD;
Exception type:        System.NotImplementedException&#xD;
Exception message:     The method or operation is not implemented.&#xD;
Exception target site: GetItem&#xD;
   at VideoOS.Platform.SDKUnittest.EnvironmentTests.TestConfigurationClientService.GetItem(String path) in D:\actions-runner\_work\XPCO\XPCO\MIP\MIPSDK\tst\VideoOS.Platform.SDK.UnitTests\EnvironmentTests\TestsWithCorporateShimsBase.cs:line 227&#xD;
   at VideoOS.Platform.Proxy.ConfigApi.ConfigurationApiItemWrapper..ctor(ServerId serverId, String path) in D:\actions-runner\_work\XPCO\XPCO\MIP\PlatformPlugin\VideoOS.Platform\src\Proxy\ConfigApi\ConfigurationApiItemWrapper.cs:line 110&#xD;
   at VideoOS.Platform.ConfigurationItems.Factory.IsItemTypeSupported(ServerId serverId, String itemType) in D:\actions-runner\_work\XPCO\XPCO\MIP\PlatformPlugin\VideoOS.Platform\src\ConfigurationItems\Factory.cs:line 464&#xD;
&#xD;
Factory.IsItemTypeSupportedFactory.IsItemTypeSupported ()The method or operation is not implemented.   at VideoOS.Platform.SDKUnittest.EnvironmentTests.TestConfigurationClientService.GetItem(String path) in D:\actions-runner\_work\XPCO\XPCO\MIP\MIPSDK\tst\VideoOS.Platform.SDK.UnitTests\EnvironmentTests\TestsWithCorporateShimsBase.cs:line 227&#xD;
   at VideoOS.Platform.Proxy.ConfigApi.ConfigurationApiItemWrapper..ctor(ServerId serverId, String path) in D:\actions-runner\_work\XPCO\XPCO\MIP\PlatformPlugin\VideoOS.Platform\src\Proxy\ConfigApi\ConfigurationApiItemWrapper.cs:line 110&#xD;
   at VideoOS.Platform.ConfigurationItems.Factory.IsItemTypeSupported(ServerId serverId, String itemType) in D:\actions-runner\_work\XPCO\XPCO\MIP\PlatformPlugin\VideoOS.Platform\src\ConfigurationItems\Factory.cs:line 464&#xD;
MIP: Error: ConfigurationApiItemWrapper (): ConfigAPI GetItem(): System.NotImplementedException, The method or operation is not implemented.&#xD;
MIP: Error: Factory.IsItemTypeSupported (): Exception source:      VideoOS.Platform.SDK.UnitTests&#xD;
Exception type:        System.NotImplementedException&#xD;
Exception message:     The method or operation is not implemented.&#xD;
Exception target site: GetItem&#xD;
   at VideoOS.Platform.SDKUnittest.EnvironmentTests.TestConfigurationClientService.GetItem(String path) in D:\actions-runner\_work\XPCO\XPCO\MIP\MIPSDK\tst\VideoOS.Platform.SDK.UnitTests\EnvironmentTests\TestsWithCorporateShimsBase.cs:line 227&#xD;
   at VideoOS.Platform.Proxy.ConfigApi.ConfigurationApiItemWrapper..ctor(ServerId serverId, String path) in D:\actions-runner\_work\XPCO\XPCO\MIP\PlatformPlugin\VideoOS.Platform\src\Proxy\ConfigApi\ConfigurationApiItemWrapper.cs:line 110&#xD;
   at VideoOS.Platform.ConfigurationItems.Factory.IsItemTypeSupported(ServerId serverId, String itemType) in D:\actions-runner\_work\XPCO\XPCO\MIP\PlatformPlugin\VideoOS.Platform\src\ConfigurationItems\Factory.cs:line 464&#xD;
&#xD;
Factory.IsItemTypeSupportedFactory.IsItemTypeSupported ()The method or operation is not implemented.   at VideoOS.Platform.SDKUnittest.EnvironmentTests.TestConfigurationClientService.GetItem(String path) in D:\actions-runner\_work\XPCO\XPCO\MIP\MIPSDK\tst\VideoOS.Platform.SDK.UnitTests\EnvironmentTests\TestsWithCorporateShimsBase.cs:line 227&#xD;
   at VideoOS.Platform.Proxy.ConfigApi.ConfigurationApiItemWrapper..ctor(ServerId serverId, String path) in D:\actions-runner\_work\XPCO\XPCO\MIP\PlatformPlugin\VideoOS.Platform\src\Proxy\ConfigApi\ConfigurationApiItemWrapper.cs:line 110&#xD;
   at VideoOS.Platform.ConfigurationItems.Factory.IsItemTypeSupported(ServerId serverId, String itemType) in D:\actions-runner\_work\XPCO\XPCO\MIP\PlatformPlugin\VideoOS.Platform\src\ConfigurationItems\Factory.cs:line 464&#xD;
MIP: Error: LoginServerOauth (): https://1.2.3.5:55/ManagementServer/ServerCommandServiceOAuth.svc The method or operation is not implemented.&#xD;
MIP: Error: ConfigurationApiItemWrapper (): ConfigAPI GetItem(): System.NotImplementedException, The method or operation is not implemented.&#xD;
MIP: Error: Factory.IsItemTypeSupported (): Exception source:      VideoOS.Platform.SDK.UnitTests&#xD;
Exception type:        System.NotImplementedException&#xD;
Exception message:     The method or operation is not implemented.&#xD;
Exception target site: GetItem&#xD;
   at VideoOS.Platform.SDKUnittest.EnvironmentTests.TestConfigurationClientService.GetItem(String path) in D:\actions-runner\_work\XPCO\XPCO\MIP\MIPSDK\tst\VideoOS.Platform.SDK.UnitTests\EnvironmentTests\TestsWithCorporateShimsBase.cs:line 227&#xD;
   at VideoOS.Platform.Proxy.ConfigApi.ConfigurationApiItemWrapper..ctor(ServerId serverId, String path) in D:\actions-runner\_work\XPCO\XPCO\MIP\PlatformPlugin\VideoOS.Platform\src\Proxy\ConfigApi\ConfigurationApiItemWrapper.cs:line 110&#xD;
   at VideoOS.Platform.ConfigurationItems.Factory.IsItemTypeSupported(ServerId serverId, String itemType) in D:\actions-runner\_work\XPCO\XPCO\MIP\PlatformPlugin\VideoOS.Platform\src\ConfigurationItems\Factory.cs:line 464&#xD;
&#xD;
Factory.IsItemTypeSupportedFactory.IsItemTypeSupported ()The method or operation is not implemented.   at VideoOS.Platform.SDKUnittest.EnvironmentTests.TestConfigurationClientService.GetItem(String path) in D:\actions-runner\_work\XPCO\XPCO\MIP\MIPSDK\tst\VideoOS.Platform.SDK.UnitTests\EnvironmentTests\TestsWithCorporateShimsBase.cs:line 227&#xD;
   at VideoOS.Platform.Proxy.ConfigApi.ConfigurationApiItemWrapper..ctor(ServerId serverId, String path) in D:\actions-runner\_work\XPCO\XPCO\MIP\PlatformPlugin\VideoOS.Platform\src\Proxy\ConfigApi\ConfigurationApiItemWrapper.cs:line 110&#xD;
   at VideoOS.Platform.ConfigurationItems.Factory.IsItemTypeSupported(ServerId serverId, String itemType) in D:\actions-runner\_work\XPCO\XPCO\MIP\PlatformPlugin\VideoOS.Platform\src\ConfigurationItems\Factory.cs:line 464&#xD;
MIP: Error: GetConfiguration (): CustomSetting not found for the given platformDefinitionId: e145597a-ecaf-40a1-99e6-14bb9d45a09e&#xD;
MIP: Error: ConfigurationApiItemWrapper (): ConfigAPI GetItem(): System.NotImplementedException, The method or operation is not implemented.&#xD;
MIP: Error: Factory.IsItemTypeSupported (): Exception source:      VideoOS.Platform.SDK.UnitTests&#xD;
Exception type:        System.NotImplementedException&#xD;
Exception message:     The method or operation is not implemented.&#xD;
Exception target site: GetItem&#xD;
   at VideoOS.Platform.SDKUnittest.EnvironmentTests.TestConfigurationClientService.GetItem(String path) in D:\actions-runner\_work\XPCO\XPCO\MIP\MIPSDK\tst\VideoOS.Platform.SDK.UnitTests\EnvironmentTests\TestsWithCorporateShimsBase.cs:line 227&#xD;
   at VideoOS.Platform.Proxy.ConfigApi.ConfigurationApiItemWrapper..ctor(ServerId serverId, String path) in D:\actions-runner\_work\XPCO\XPCO\MIP\PlatformPlugin\VideoOS.Platform\src\Proxy\ConfigApi\ConfigurationApiItemWrapper.cs:line 110&#xD;
   at VideoOS.Platform.ConfigurationItems.Factory.IsItemTypeSupported(ServerId serverId, String itemType) in D:\actions-runner\_work\XPCO\XPCO\MIP\PlatformPlugin\VideoOS.Platform\src\ConfigurationItems\Factory.cs:line 464&#xD;
&#xD;
Factory.IsItemTypeSupportedFactory.IsItemTypeSupported ()The method or operation is not implemented.   at VideoOS.Platform.SDKUnittest.EnvironmentTests.TestConfigurationClientService.GetItem(String path) in D:\actions-runner\_work\XPCO\XPCO\MIP\MIPSDK\tst\VideoOS.Platform.SDK.UnitTests\EnvironmentTests\TestsWithCorporateShimsBase.cs:line 227&#xD;
   at VideoOS.Platform.Proxy.ConfigApi.ConfigurationApiItemWrapper..ctor(ServerId serverId, String path) in D:\actions-runner\_work\XPCO\XPCO\MIP\PlatformPlugin\VideoOS.Platform\src\Proxy\ConfigApi\ConfigurationApiItemWrapper.cs:line 110&#xD;
   at VideoOS.Platform.ConfigurationItems.Factory.IsItemTypeSupported(ServerId serverId, String itemType) in D:\actions-runner\_work\XPCO\XPCO\MIP\PlatformPlugin\VideoOS.Platform\src\ConfigurationItems\Factory.cs:line 464&#xD;
MIP: Error: LoginServerOauth (): https://1.2.3.5:55/ManagementServer/ServerCommandServiceOAuth.svc The method or operation is not implemented.&#xD;
MIP: Error: ConfigurationApiItemWrapper (): ConfigAPI GetItem(): System.NotImplementedException, The method or operation is not implemented.&#xD;
MIP: Error: Factory.IsItemTypeSupported (): Exception source:      VideoOS.Platform.SDK.UnitTests&#xD;
Exception type:        System.NotImplementedException&#xD;
Exception message:     The method or operation is not implemented.&#xD;
Exception target site: GetItem&#xD;
   at VideoOS.Platform.SDKUnittest.EnvironmentTests.TestConfigurationClientService.GetItem(String path) in D:\actions-runner\_work\XPCO\XPCO\MIP\MIPSDK\tst\VideoOS.Platform.SDK.UnitTests\EnvironmentTests\TestsWithCorporateShimsBase.cs:line 227&#xD;
   at VideoOS.Platform.Proxy.ConfigApi.ConfigurationApiItemWrapper..ctor(ServerId serverId, String path) in D:\actions-runner\_work\XPCO\XPCO\MIP\PlatformPlugin\VideoOS.Platform\src\Proxy\ConfigApi\ConfigurationApiItemWrapper.cs:line 110&#xD;
   at VideoOS.Platform.ConfigurationItems.Factory.IsItemTypeSupported(ServerId serverId, String itemType) in D:\actions-runner\_work\XPCO\XPCO\MIP\PlatformPlugin\VideoOS.Platform\src\ConfigurationItems\Factory.cs:line 464&#xD;
&#xD;
Factory.IsItemTypeSupportedFactory.IsItemTypeSupported ()The method or operation is not implemented.   at VideoOS.Platform.SDKUnittest.EnvironmentTests.TestConfigurationClientService.GetItem(String path) in D:\actions-runner\_work\XPCO\XPCO\MIP\MIPSDK\tst\VideoOS.Platform.SDK.UnitTests\EnvironmentTests\TestsWithCorporateShimsBase.cs:line 227&#xD;
   at VideoOS.Platform.Proxy.ConfigApi.ConfigurationApiItemWrapper..ctor(ServerId serverId, String path) in D:\actions-runner\_work\XPCO\XPCO\MIP\PlatformPlugin\VideoOS.Platform\src\Proxy\ConfigApi\ConfigurationApiItemWrapper.cs:line 110&#xD;
   at VideoOS.Platform.ConfigurationItems.Factory.IsItemTypeSupported(ServerId serverId, String itemType) in D:\actions-runner\_work\XPCO\XPCO\MIP\PlatformPlugin\VideoOS.Platform\src\ConfigurationItems\Factory.cs:line 464&#xD;
MIP: Error: ConfigurationApiItemWrapper (): ConfigAPI GetItem(): System.NotImplementedException, The method or operation is not implemented.&#xD;
MIP: Error: Factory.IsItemTypeSupported (): Exception source:      VideoOS.Platform.SDK.UnitTests&#xD;
Exception type:        System.NotImplementedException&#xD;
Exception message:     The method or operation is not implemented.&#xD;
Exception target site: GetItem&#xD;
   at VideoOS.Platform.SDKUnittest.EnvironmentTests.TestConfigurationClientService.GetItem(String path) in D:\actions-runner\_work\XPCO\XPCO\MIP\MIPSDK\tst\VideoOS.Platform.SDK.UnitTests\EnvironmentTests\TestsWithCorporateShimsBase.cs:line 227&#xD;
   at VideoOS.Platform.Proxy.ConfigApi.ConfigurationApiItemWrapper..ctor(ServerId serverId, String path) in D:\actions-runner\_work\XPCO\XPCO\MIP\PlatformPlugin\VideoOS.Platform\src\Proxy\ConfigApi\ConfigurationApiItemWrapper.cs:line 110&#xD;
   at VideoOS.Platform.ConfigurationItems.Factory.IsItemTypeSupported(ServerId serverId, String itemType) in D:\actions-runner\_work\XPCO\XPCO\MIP\PlatformPlugin\VideoOS.Platform\src\ConfigurationItems\Factory.cs:line 464&#xD;
&#xD;
Factory.IsItemTypeSupportedFactory.IsItemTypeSupported ()The method or operation is not implemented.   at VideoOS.Platform.SDKUnittest.EnvironmentTests.TestConfigurationClientService.GetItem(String path) in D:\actions-runner\_work\XPCO\XPCO\MIP\MIPSDK\tst\VideoOS.Platform.SDK.UnitTests\EnvironmentTests\TestsWithCorporateShimsBase.cs:line 227&#xD;
   at VideoOS.Platform.Proxy.ConfigApi.ConfigurationApiItemWrapper..ctor(ServerId serverId, String path) in D:\actions-runner\_work\XPCO\XPCO\MIP\PlatformPlugin\VideoOS.Platform\src\Proxy\ConfigApi\ConfigurationApiItemWrapper.cs:line 110&#xD;
   at VideoOS.Platform.ConfigurationItems.Factory.IsItemTypeSupported(ServerId serverId, String itemType) in D:\actions-runner\_work\XPCO\XPCO\MIP\PlatformPlugin\VideoOS.Platform\src\ConfigurationItems\Factory.cs:line 464&#xD;
MIP: Error: LoginServerOauth (): https://1.2.3.5:55/ManagementServer/ServerCommandServiceOAuth.svc The method or operation is not implemented.&#xD;
MIP: Error: ConfigurationApiItemWrapper (): ConfigAPI GetItem(): System.NotImplementedException, The method or operation is not implemented.&#xD;
MIP: Error: Factory.IsItemTypeSupported (): Exception source:      VideoOS.Platform.SDK.UnitTests&#xD;
Exception type:        System.NotImplementedException&#xD;
Exception message:     The method or operation is not implemented.&#xD;
Exception target site: GetItem&#xD;
   at VideoOS.Platform.SDKUnittest.EnvironmentTests.TestConfigurationClientService.GetItem(String path) in D:\actions-runner\_work\XPCO\XPCO\MIP\MIPSDK\tst\VideoOS.Platform.SDK.UnitTests\EnvironmentTests\TestsWithCorporateShimsBase.cs:line 227&#xD;
   at VideoOS.Platform.Proxy.ConfigApi.ConfigurationApiItemWrapper..ctor(ServerId serverId, String path) in D:\actions-runner\_work\XPCO\XPCO\MIP\PlatformPlugin\VideoOS.Platform\src\Proxy\ConfigApi\ConfigurationApiItemWrapper.cs:line 110&#xD;
   at VideoOS.Platform.ConfigurationItems.Factory.IsItemTypeSupported(ServerId serverId, String itemType) in D:\actions-runner\_work\XPCO\XPCO\MIP\PlatformPlugin\VideoOS.Platform\src\ConfigurationItems\Factory.cs:line 464&#xD;
&#xD;
Factory.IsItemTypeSupportedFactory.IsItemTypeSupported ()The method or operation is not implemented.   at VideoOS.Platform.SDKUnittest.EnvironmentTests.TestConfigurationClientService.GetItem(String path) in D:\actions-runner\_work\XPCO\XPCO\MIP\MIPSDK\tst\VideoOS.Platform.SDK.UnitTests\EnvironmentTests\TestsWithCorporateShimsBase.cs:line 227&#xD;
   at VideoOS.Platform.Proxy.ConfigApi.ConfigurationApiItemWrapper..ctor(ServerId serverId, String path) in D:\actions-runner\_work\XPCO\XPCO\MIP\PlatformPlugin\VideoOS.Platform\src\Proxy\ConfigApi\ConfigurationApiItemWrapper.cs:line 110&#xD;
   at VideoOS.Platform.ConfigurationItems.Factory.IsItemTypeSupported(ServerId serverId, String itemType) in D:\actions-runner\_work\XPCO\XPCO\MIP\PlatformPlugin\VideoOS.Platform\src\ConfigurationItems\Factory.cs:line 464&#xD;
MIP: Error: GetConfiguration (): CustomSetting not found for the given platformDefinitionId: e145597a-ecaf-40a1-99e6-14bb9d45a09e&#xD;
MIP: Error: ConfigurationApiItemWrapper (): ConfigAPI GetItem(): System.NotImplementedException, The method or operation is not implemented.&#xD;
MIP: Error: Factory.IsItemTypeSupported (): Exception source:      VideoOS.Platform.SDK.UnitTests&#xD;
Exception type:        System.NotImplementedException&#xD;
Exception message:     The method or operation is not implemented.&#xD;
Exception target site: GetItem&#xD;
   at VideoOS.Platform.SDKUnittest.EnvironmentTests.TestConfigurationClientService.GetItem(String path) in D:\actions-runner\_work\XPCO\XPCO\MIP\MIPSDK\tst\VideoOS.Platform.SDK.UnitTests\EnvironmentTests\TestsWithCorporateShimsBase.cs:line 227&#xD;
   at VideoOS.Platform.Proxy.ConfigApi.ConfigurationApiItemWrapper..ctor(ServerId serverId, String path) in D:\actions-runner\_work\XPCO\XPCO\MIP\PlatformPlugin\VideoOS.Platform\src\Proxy\ConfigApi\ConfigurationApiItemWrapper.cs:line 110&#xD;
   at VideoOS.Platform.ConfigurationItems.Factory.IsItemTypeSupported(ServerId serverId, String itemType) in D:\actions-runner\_work\XPCO\XPCO\MIP\PlatformPlugin\VideoOS.Platform\src\ConfigurationItems\Factory.cs:line 464&#xD;
&#xD;
Factory.IsItemTypeSupportedFactory.IsItemTypeSupported ()The method or operation is not implemented.   at VideoOS.Platform.SDKUnittest.EnvironmentTests.TestConfigurationClientService.GetItem(String path) in D:\actions-runner\_work\XPCO\XPCO\MIP\MIPSDK\tst\VideoOS.Platform.SDK.UnitTests\EnvironmentTests\TestsWithCorporateShimsBase.cs:line 227&#xD;
   at VideoOS.Platform.Proxy.ConfigApi.ConfigurationApiItemWrapper..ctor(ServerId serverId, String path) in D:\actions-runner\_work\XPCO\XPCO\MIP\PlatformPlugin\VideoOS.Platform\src\Proxy\ConfigApi\ConfigurationApiItemWrapper.cs:line 110&#xD;
   at VideoOS.Platform.ConfigurationItems.Factory.IsItemTypeSupported(ServerId serverId, String itemType) in D:\actions-runner\_work\XPCO\XPCO\MIP\PlatformPlugin\VideoOS.Platform\src\ConfigurationItems\Factory.cs:line 464&#xD;
MIP: Error: LoginServerOauth (): https://1.2.3.5:55/ManagementServer/ServerCommandServiceOAuth.svc The method or operation is not implemented.&#xD;
MIP: Error: ConfigurationApiItemWrapper (): ConfigAPI GetItem(): System.NotImplementedException, The method or operation is not implemented.&#xD;
MIP: Error: Factory.IsItemTypeSupported (): Exception source:      VideoOS.Platform.SDK.UnitTests&#xD;
Exception type:        System.NotImplementedException&#xD;
Exception message:     The method or operation is not implemented.&#xD;
Exception target site: GetItem&#xD;
   at VideoOS.Platform.SDKUnittest.EnvironmentTests.TestConfigurationClientService.GetItem(String path) in D:\actions-runner\_work\XPCO\XPCO\MIP\MIPSDK\tst\VideoOS.Platform.SDK.UnitTests\EnvironmentTests\TestsWithCorporateShimsBase.cs:line 227&#xD;
   at VideoOS.Platform.Proxy.ConfigApi.ConfigurationApiItemWrapper..ctor(ServerId serverId, String path) in D:\actions-runner\_work\XPCO\XPCO\MIP\PlatformPlugin\VideoOS.Platform\src\Proxy\ConfigApi\ConfigurationApiItemWrapper.cs:line 110&#xD;
   at VideoOS.Platform.ConfigurationItems.Factory.IsItemTypeSupported(ServerId serverId, String itemType) in D:\actions-runner\_work\XPCO\XPCO\MIP\PlatformPlugin\VideoOS.Platform\src\ConfigurationItems\Factory.cs:line 464&#xD;
&#xD;
Factory.IsItemTypeSupportedFactory.IsItemTypeSupported ()The method or operation is not implemented.   at VideoOS.Platform.SDKUnittest.EnvironmentTests.TestConfigurationClientService.GetItem(String path) in D:\actions-runner\_work\XPCO\XPCO\MIP\MIPSDK\tst\VideoOS.Platform.SDK.UnitTests\EnvironmentTests\TestsWithCorporateShimsBase.cs:line 227&#xD;
   at VideoOS.Platform.Proxy.ConfigApi.ConfigurationApiItemWrapper..ctor(ServerId serverId, String path) in D:\actions-runner\_work\XPCO\XPCO\MIP\PlatformPlugin\VideoOS.Platform\src\Proxy\ConfigApi\ConfigurationApiItemWrapper.cs:line 110&#xD;
   at VideoOS.Platform.ConfigurationItems.Factory.IsItemTypeSupported(ServerId serverId, String itemType) in D:\actions-runner\_work\XPCO\XPCO\MIP\PlatformPlugin\VideoOS.Platform\src\ConfigurationItems\Factory.cs:line 464&#xD;
MIP: Error: ConfigurationApiItemWrapper (): ConfigAPI GetItem(): System.NotImplementedException, The method or operation is not implemented.&#xD;
MIP: Error: Factory.IsItemTypeSupported (): Exception source:      VideoOS.Platform.SDK.UnitTests&#xD;
Exception type:        System.NotImplementedException&#xD;
Exception message:     The method or operation is not implemented.&#xD;
Exception target site: GetItem&#xD;
   at VideoOS.Platform.SDKUnittest.EnvironmentTests.TestConfigurationClientService.GetItem(String path) in D:\actions-runner\_work\XPCO\XPCO\MIP\MIPSDK\tst\VideoOS.Platform.SDK.UnitTests\EnvironmentTests\TestsWithCorporateShimsBase.cs:line 227&#xD;
   at VideoOS.Platform.Proxy.ConfigApi.ConfigurationApiItemWrapper..ctor(ServerId serverId, String path) in D:\actions-runner\_work\XPCO\XPCO\MIP\PlatformPlugin\VideoOS.Platform\src\Proxy\ConfigApi\ConfigurationApiItemWrapper.cs:line 110&#xD;
   at VideoOS.Platform.ConfigurationItems.Factory.IsItemTypeSupported(ServerId serverId, String itemType) in D:\actions-runner\_work\XPCO\XPCO\MIP\PlatformPlugin\VideoOS.Platform\src\ConfigurationItems\Factory.cs:line 464&#xD;
&#xD;
Factory.IsItemTypeSupportedFactory.IsItemTypeSupported ()The method or operation is not implemented.   at VideoOS.Platform.SDKUnittest.EnvironmentTests.TestConfigurationClientService.GetItem(String path) in D:\actions-runner\_work\XPCO\XPCO\MIP\MIPSDK\tst\VideoOS.Platform.SDK.UnitTests\EnvironmentTests\TestsWithCorporateShimsBase.cs:line 227&#xD;
   at VideoOS.Platform.Proxy.ConfigApi.ConfigurationApiItemWrapper..ctor(ServerId serverId, String path) in D:\actions-runner\_work\XPCO\XPCO\MIP\PlatformPlugin\VideoOS.Platform\src\Proxy\ConfigApi\ConfigurationApiItemWrapper.cs:line 110&#xD;
   at VideoOS.Platform.ConfigurationItems.Factory.IsItemTypeSupported(ServerId serverId, String itemType) in D:\actions-runner\_work\XPCO\XPCO\MIP\PlatformPlugin\VideoOS.Platform\src\ConfigurationItems\Factory.cs:line 464&#xD;
MIP: Error: LoginServerOauth (): https://1.2.3.5:55/ManagementServer/ServerCommandServiceOAuth.svc The method or operation is not implemented.&#xD;
MIP: Error: ConfigurationApiItemWrapper (): ConfigAPI GetItem(): System.NotImplementedException, The method or operation is not implemented.&#xD;
MIP: Error: Factory.IsItemTypeSupported (): Exception source:      VideoOS.Platform.SDK.UnitTests&#xD;
Exception type:        System.NotImplementedException&#xD;
Exception message:     The method or operation is not implemented.&#xD;
Exception target site: GetItem&#xD;
   at VideoOS.Platform.SDKUnittest.EnvironmentTests.TestConfigurationClientService.GetItem(String path) in D:\actions-runner\_work\XPCO\XPCO\MIP\MIPSDK\tst\VideoOS.Platform.SDK.UnitTests\EnvironmentTests\TestsWithCorporateShimsBase.cs:line 227&#xD;
   at VideoOS.Platform.Proxy.ConfigApi.ConfigurationApiItemWrapper..ctor(ServerId serverId, String path) in D:\actions-runner\_work\XPCO\XPCO\MIP\PlatformPlugin\VideoOS.Platform\src\Proxy\ConfigApi\ConfigurationApiItemWrapper.cs:line 110&#xD;
   at VideoOS.Platform.ConfigurationItems.Factory.IsItemTypeSupported(ServerId serverId, String itemType) in D:\actions-runner\_work\XPCO\XPCO\MIP\PlatformPlugin\VideoOS.Platform\src\ConfigurationItems\Factory.cs:line 464&#xD;
&#xD;
Factory.IsItemTypeSupportedFactory.IsItemTypeSupported ()The method or operation is not implemented.   at VideoOS.Platform.SDKUnittest.EnvironmentTests.TestConfigurationClientService.GetItem(String path) in D:\actions-runner\_work\XPCO\XPCO\MIP\MIPSDK\tst\VideoOS.Platform.SDK.UnitTests\EnvironmentTests\TestsWithCorporateShimsBase.cs:line 227&#xD;
   at VideoOS.Platform.Proxy.ConfigApi.ConfigurationApiItemWrapper..ctor(ServerId serverId, String path) in D:\actions-runner\_work\XPCO\XPCO\MIP\PlatformPlugin\VideoOS.Platform\src\Proxy\ConfigApi\ConfigurationApiItemWrapper.cs:line 110&#xD;
   at VideoOS.Platform.ConfigurationItems.Factory.IsItemTypeSupported(ServerId serverId, String itemType) in D:\actions-runner\_work\XPCO\XPCO\MIP\PlatformPlugin\VideoOS.Platform\src\ConfigurationItems\Factory.cs:line 464&#xD;
MIP: Error: GetConfiguration (): CustomSetting not found for the given platformDefinitionId: e145597a-ecaf-40a1-99e6-14bb9d45a09e&#xD;
MIP: Error: ConfigurationApiItemWrapper (): ConfigAPI GetItem(): System.NotImplementedException, The method or operation is not implemented.&#xD;
MIP: Error: Factory.IsItemTypeSupported (): Exception source:      VideoOS.Platform.SDK.UnitTests&#xD;
Exception type:        System.NotImplementedException&#xD;
Exception message:     The method or operation is not implemented.&#xD;
Exception target site: GetItem&#xD;
   at VideoOS.Platform.SDKUnittest.EnvironmentTests.TestConfigurationClientService.GetItem(String path) in D:\actions-runner\_work\XPCO\XPCO\MIP\MIPSDK\tst\VideoOS.Platform.SDK.UnitTests\EnvironmentTests\TestsWithCorporateShimsBase.cs:line 227&#xD;
   at VideoOS.Platform.Proxy.ConfigApi.ConfigurationApiItemWrapper..ctor(ServerId serverId, String path) in D:\actions-runner\_work\XPCO\XPCO\MIP\PlatformPlugin\VideoOS.Platform\src\Proxy\ConfigApi\ConfigurationApiItemWrapper.cs:line 110&#xD;
   at VideoOS.Platform.ConfigurationItems.Factory.IsItemTypeSupported(ServerId serverId, String itemType) in D:\actions-runner\_work\XPCO\XPCO\MIP\PlatformPlugin\VideoOS.Platform\src\ConfigurationItems\Factory.cs:line 464&#xD;
&#xD;
Factory.IsItemTypeSupportedFactory.IsItemTypeSupported ()The method or operation is not implemented.   at VideoOS.Platform.SDKUnittest.EnvironmentTests.TestConfigurationClientService.GetItem(String path) in D:\actions-runner\_work\XPCO\XPCO\MIP\MIPSDK\tst\VideoOS.Platform.SDK.UnitTests\EnvironmentTests\TestsWithCorporateShimsBase.cs:line 227&#xD;
   at VideoOS.Platform.Proxy.ConfigApi.ConfigurationApiItemWrapper..ctor(ServerId serverId, String path) in D:\actions-runner\_work\XPCO\XPCO\MIP\PlatformPlugin\VideoOS.Platform\src\Proxy\ConfigApi\ConfigurationApiItemWrapper.cs:line 110&#xD;
   at VideoOS.Platform.ConfigurationItems.Factory.IsItemTypeSupported(ServerId serverId, String itemType) in D:\actions-runner\_work\XPCO\XPCO\MIP\PlatformPlugin\VideoOS.Platform\src\ConfigurationItems\Factory.cs:line 464&#xD;
MIP: Error: LoginServerOauth (): https://1.2.3.5:55/ManagementServer/ServerCommandServiceOAuth.svc The method or operation is not implemented.&#xD;
MIP: Error: ConfigurationApiItemWrapper (): ConfigAPI GetItem(): System.NotImplementedException, The method or operation is not implemented.&#xD;
MIP: Error: ConfigurationAsync::BuildTopLevelItems LoadPlugin Loop (): Exception source:      VideoOS.Platform.SDK.UnitTests&#xD;
Exception type:        System.NotImplementedException&#xD;
Exception message:     The method or operation is not implemented.&#xD;
Exception target site: GetItem&#xD;
   at VideoOS.Platform.SDKUnittest.EnvironmentTests.TestConfigurationClientService.GetItem(String path) in D:\actions-runner\_work\XPCO\XPCO\MIP\MIPSDK\tst\VideoOS.Platform.SDK.UnitTests\EnvironmentTests\TestsWithCorporateShimsBase.cs:line 227&#xD;
   at VideoOS.Platform.Proxy.ConfigApi.ConfigurationApiItemWrapper..ctor(ServerId serverId, String path) in D:\actions-runner\_work\XPCO\XPCO\MIP\PlatformPlugin\VideoOS.Platform\src\Proxy\ConfigApi\ConfigurationApiItemWrapper.cs:line 110&#xD;
   at VideoOS.Platform.Util.VideoWall.LayoutGroupItemManager.GetItem(FQID fqid) in D:\actions-runner\_work\XPCO\XPCO\MIP\PlatformPlugin\VideoOS.Platform\src\Util\VideoWall\LayoutGroupItemManager.cs:line 57&#xD;
   at VideoOS.Platform.SDK.Platform.ConfigurationAsync.GetItems(Guid kind, ItemHierarchy itemHierarchy) in D:\actions-runner\_work\XPCO\XPCO\MIP\MIPSDK\prod\VideoOS.Platform.SDK\Platform\ConfigurationAsync.cs:line 163&#xD;
&#xD;
ConfigurationAsync::BuildTopLevelItems LoadPlugin LoopConfigurationAsync::BuildTopLevelItems LoadPlugin Loop ()The method or operation is not implemented.   at VideoOS.Platform.SDKUnittest.EnvironmentTests.TestConfigurationClientService.GetItem(String path) in D:\actions-runner\_work\XPCO\XPCO\MIP\MIPSDK\tst\VideoOS.Platform.SDK.UnitTests\EnvironmentTests\TestsWithCorporateShimsBase.cs:line 227&#xD;
   at VideoOS.Platform.Proxy.ConfigApi.ConfigurationApiItemWrapper..ctor(ServerId serverId, String path) in D:\actions-runner\_work\XPCO\XPCO\MIP\PlatformPlugin\VideoOS.Platform\src\Proxy\ConfigApi\ConfigurationApiItemWrapper.cs:line 110&#xD;
   at VideoOS.Platform.Util.VideoWall.LayoutGroupItemManager.GetItem(FQID fqid) in D:\actions-runner\_work\XPCO\XPCO\MIP\PlatformPlugin\VideoOS.Platform\src\Util\VideoWall\LayoutGroupItemManager.cs:line 57&#xD;
   at VideoOS.Platform.SDK.Platform.ConfigurationAsync.GetItems(Guid kind, ItemHierarchy itemHierarchy) in D:\actions-runner\_work\XPCO\XPCO\MIP\MIPSDK\prod\VideoOS.Platform.SDK\Platform\ConfigurationAsync.cs:line 163&#xD;
MIP: Error: ConfigurationApiItemWrapper (): ConfigAPI GetItem(): System.NotImplementedException, The method or operation is not implemented.&#xD;
MIP: Error: ConfigurationAsync::BuildTopLevelItems LoadPlugin Loop (): Exception source:      VideoOS.Platform.SDK.UnitTests&#xD;
Exception type:        System.NotImplementedException&#xD;
Exception message:     The method or operation is not implemented.&#xD;
Exception target site: GetItem&#xD;
   at VideoOS.Platform.SDKUnittest.EnvironmentTests.TestConfigurationClientService.GetItem(String path) in D:\actions-runner\_work\XPCO\XPCO\MIP\MIPSDK\tst\VideoOS.Platform.SDK.UnitTests\EnvironmentTests\TestsWithCorporateShimsBase.cs:line 227&#xD;
   at VideoOS.Platform.Proxy.ConfigApi.ConfigurationApiItemWrapper..ctor(ServerId serverId, String path) in D:\actions-runner\_work\XPCO\XPCO\MIP\PlatformPlugin\VideoOS.Platform\src\Proxy\ConfigApi\ConfigurationApiItemWrapper.cs:line 110&#xD;
   at VideoOS.Platform.Util.VideoWall.LayoutGroupItemManager.GetItem(FQID fqid) in D:\actions-runner\_work\XPCO\XPCO\MIP\PlatformPlugin\VideoOS.Platform\src\Util\VideoWall\LayoutGroupItemManager.cs:line 57&#xD;
   at VideoOS.Platform.SDK.Platform.ConfigurationAsync.GetItems(Guid kind, ItemHierarchy itemHierarchy) in D:\actions-runner\_work\XPCO\XPCO\MIP\MIPSDK\prod\VideoOS.Platform.SDK\Platform\ConfigurationAsync.cs:line 163&#xD;
&#xD;
ConfigurationAsync::BuildTopLevelItems LoadPlugin LoopConfigurationAsync::BuildTopLevelItems LoadPlugin Loop ()The method or operation is not implemented.   at VideoOS.Platform.SDKUnittest.EnvironmentTests.TestConfigurationClientService.GetItem(String path) in D:\actions-runner\_work\XPCO\XPCO\MIP\MIPSDK\tst\VideoOS.Platform.SDK.UnitTests\EnvironmentTests\TestsWithCorporateShimsBase.cs:line 227&#xD;
   at VideoOS.Platform.Proxy.ConfigApi.ConfigurationApiItemWrapper..ctor(ServerId serverId, String path) in D:\actions-runner\_work\XPCO\XPCO\MIP\PlatformPlugin\VideoOS.Platform\src\Proxy\ConfigApi\ConfigurationApiItemWrapper.cs:line 110&#xD;
   at VideoOS.Platform.Util.VideoWall.LayoutGroupItemManager.GetItem(FQID fqid) in D:\actions-runner\_work\XPCO\XPCO\MIP\PlatformPlugin\VideoOS.Platform\src\Util\VideoWall\LayoutGroupItemManager.cs:line 57&#xD;
   at VideoOS.Platform.SDK.Platform.ConfigurationAsync.GetItems(Guid kind, ItemHierarchy itemHierarchy) in D:\actions-runner\_work\XPCO\XPCO\MIP\MIPSDK\prod\VideoOS.Platform.SDK\Platform\ConfigurationAsync.cs:line 163&#xD;
MIP: Error: ConfigurationApiItemWrapper (): ConfigAPI GetItem(): System.NotImplementedException, The method or operation is not implemented.&#xD;
MIP: Error: Factory.IsItemTypeSupported (): Exception source:      VideoOS.Platform.SDK.UnitTests&#xD;
Exception type:        System.NotImplementedException&#xD;
Exception message:     The method or operation is not implemented.&#xD;
Exception target site: GetItem&#xD;
   at VideoOS.Platform.SDKUnittest.EnvironmentTests.TestConfigurationClientService.GetItem(String path) in D:\actions-runner\_work\XPCO\XPCO\MIP\MIPSDK\tst\VideoOS.Platform.SDK.UnitTests\EnvironmentTests\TestsWithCorporateShimsBase.cs:line 227&#xD;
   at VideoOS.Platform.Proxy.ConfigApi.ConfigurationApiItemWrapper..ctor(ServerId serverId, String path) in D:\actions-runner\_work\XPCO\XPCO\MIP\PlatformPlugin\VideoOS.Platform\src\Proxy\ConfigApi\ConfigurationApiItemWrapper.cs:line 110&#xD;
   at VideoOS.Platform.ConfigurationItems.Factory.IsItemTypeSupported(ServerId serverId, String itemType) in D:\actions-runner\_work\XPCO\XPCO\MIP\PlatformPlugin\VideoOS.Platform\src\ConfigurationItems\Factory.cs:line 464&#xD;
&#xD;
Factory.IsItemTypeSupportedFactory.IsItemTypeSupported ()The method or operation is not implemented.   at VideoOS.Platform.SDKUnittest.EnvironmentTests.TestConfigurationClientService.GetItem(String path) in D:\actions-runner\_work\XPCO\XPCO\MIP\MIPSDK\tst\VideoOS.Platform.SDK.UnitTests\EnvironmentTests\TestsWithCorporateShimsBase.cs:line 227&#xD;
   at VideoOS.Platform.Proxy.ConfigApi.ConfigurationApiItemWrapper..ctor(ServerId serverId, String path) in D:\actions-runner\_work\XPCO\XPCO\MIP\PlatformPlugin\VideoOS.Platform\src\Proxy\ConfigApi\ConfigurationApiItemWrapper.cs:line 110&#xD;
   at VideoOS.Platform.ConfigurationItems.Factory.IsItemTypeSupported(ServerId serverId, String itemType) in D:\actions-runner\_work\XPCO\XPCO\MIP\PlatformPlugin\VideoOS.Platform\src\ConfigurationItems\Factory.cs:line 464&#xD;
MIP: Error: ConfigurationApiItemWrapper (): ConfigAPI GetItem(): System.NotImplementedException, The method or operation is not implemented.&#xD;
MIP: Error: Factory.IsItemTypeSupported (): Exception source:      VideoOS.Platform.SDK.UnitTests&#xD;
Exception type:        System.NotImplementedException&#xD;
Exception message:     The method or operation is not implemented.&#xD;
Exception target site: GetItem&#xD;
   at VideoOS.Platform.SDKUnittest.EnvironmentTests.TestConfigurationClientService.GetItem(String path) in D:\actions-runner\_work\XPCO\XPCO\MIP\MIPSDK\tst\VideoOS.Platform.SDK.UnitTests\EnvironmentTests\TestsWithCorporateShimsBase.cs:line 227&#xD;
   at VideoOS.Platform.Proxy.ConfigApi.ConfigurationApiItemWrapper..ctor(ServerId serverId, String path) in D:\actions-runner\_work\XPCO\XPCO\MIP\PlatformPlugin\VideoOS.Platform\src\Proxy\ConfigApi\ConfigurationApiItemWrapper.cs:line 110&#xD;
   at VideoOS.Platform.ConfigurationItems.Factory.IsItemTypeSupported(ServerId serverId, String itemType) in D:\actions-runner\_work\XPCO\XPCO\MIP\PlatformPlugin\VideoOS.Platform\src\ConfigurationItems\Factory.cs:line 464&#xD;
&#xD;
Factory.IsItemTypeSupportedFactory.IsItemTypeSupported ()The method or operation is not implemented.   at VideoOS.Platform.SDKUnittest.EnvironmentTests.TestConfigurationClientService.GetItem(String path) in D:\actions-runner\_work\XPCO\XPCO\MIP\MIPSDK\tst\VideoOS.Platform.SDK.UnitTests\EnvironmentTests\TestsWithCorporateShimsBase.cs:line 227&#xD;
   at VideoOS.Platform.Proxy.ConfigApi.ConfigurationApiItemWrapper..ctor(ServerId serverId, String path) in D:\actions-runner\_work\XPCO\XPCO\MIP\PlatformPlugin\VideoOS.Platform\src\Proxy\ConfigApi\ConfigurationApiItemWrapper.cs:line 110&#xD;
   at VideoOS.Platform.ConfigurationItems.Factory.IsItemTypeSupported(ServerId serverId, String itemType) in D:\actions-runner\_work\XPCO\XPCO\MIP\PlatformPlugin\VideoOS.Platform\src\ConfigurationItems\Factory.cs:line 464&#xD;
MIP: Error: ConfigurationApiItemWrapper (): ConfigAPI GetItem(): System.NotImplementedException, The method or operation is not implemented.&#xD;
MIP: Error: Factory.IsItemTypeSupported (): Exception source:      VideoOS.Platform.SDK.UnitTests&#xD;
Exception type:        System.NotImplementedException&#xD;
Exception message:     The method or operation is not implemented.&#xD;
Exception target site: GetItem&#xD;
   at VideoOS.Platform.SDKUnittest.EnvironmentTests.TestConfigurationClientService.GetItem(String path) in D:\actions-runner\_work\XPCO\XPCO\MIP\MIPSDK\tst\VideoOS.Platform.SDK.UnitTests\EnvironmentTests\TestsWithCorporateShimsBase.cs:line 227&#xD;
   at VideoOS.Platform.Proxy.ConfigApi.ConfigurationApiItemWrapper..ctor(ServerId serverId, String path) in D:\actions-runner\_work\XPCO\XPCO\MIP\PlatformPlugin\VideoOS.Platform\src\Proxy\ConfigApi\ConfigurationApiItemWrapper.cs:line 110&#xD;
   at VideoOS.Platform.ConfigurationItems.Factory.IsItemTypeSupported(ServerId serverId, String itemType) in D:\actions-runner\_work\XPCO\XPCO\MIP\PlatformPlugin\VideoOS.Platform\src\ConfigurationItems\Factory.cs:line 464&#xD;
&#xD;
Factory.IsItemTypeSupportedFactory.IsItemTypeSupported ()The method or operation is not implemented.   at VideoOS.Platform.SDKUnittest.EnvironmentTests.TestConfigurationClientService.GetItem(String path) in D:\actions-runner\_work\XPCO\XPCO\MIP\MIPSDK\tst\VideoOS.Platform.SDK.UnitTests\EnvironmentTests\TestsWithCorporateShimsBase.cs:line 227&#xD;
   at VideoOS.Platform.Proxy.ConfigApi.ConfigurationApiItemWrapper..ctor(ServerId serverId, String path) in D:\actions-runner\_work\XPCO\XPCO\MIP\PlatformPlugin\VideoOS.Platform\src\Proxy\ConfigApi\ConfigurationApiItemWrapper.cs:line 110&#xD;
   at VideoOS.Platform.ConfigurationItems.Factory.IsItemTypeSupported(ServerId serverId, String itemType) in D:\actions-runner\_work\XPCO\XPCO\MIP\PlatformPlugin\VideoOS.Platform\src\ConfigurationItems\Factory.cs:line 464&#xD;
MIP: Error: ConfigurationApiItemWrapper (): ConfigAPI GetItem(): System.NotImplementedException, The method or operation is not implemented.&#xD;
MIP: Error: Factory.IsItemTypeSupported (): Exception source:      VideoOS.Platform.SDK.UnitTests&#xD;
Exception type:        System.NotImplementedException&#xD;
Exception message:     The method or operation is not implemented.&#xD;
Exception target site: GetItem&#xD;
   at VideoOS.Platform.SDKUnittest.EnvironmentTests.TestConfigurationClientService.GetItem(String path) in D:\actions-runner\_work\XPCO\XPCO\MIP\MIPSDK\tst\VideoOS.Platform.SDK.UnitTests\EnvironmentTests\TestsWithCorporateShimsBase.cs:line 227&#xD;
   at VideoOS.Platform.Proxy.ConfigApi.ConfigurationApiItemWrapper..ctor(ServerId serverId, String path) in D:\actions-runner\_work\XPCO\XPCO\MIP\PlatformPlugin\VideoOS.Platform\src\Proxy\ConfigApi\ConfigurationApiItemWrapper.cs:line 110&#xD;
   at VideoOS.Platform.ConfigurationItems.Factory.IsItemTypeSupported(ServerId serverId, String itemType) in D:\actions-runner\_work\XPCO\XPCO\MIP\PlatformPlugin\VideoOS.Platform\src\ConfigurationItems\Factory.cs:line 464&#xD;
&#xD;
Factory.IsItemTypeSupportedFactory.IsItemTypeSupported ()The method or operation is not implemented.   at VideoOS.Platform.SDKUnittest.EnvironmentTests.TestConfigurationClientService.GetItem(String path) in D:\actions-runner\_work\XPCO\XPCO\MIP\MIPSDK\tst\VideoOS.Platform.SDK.UnitTests\EnvironmentTests\TestsWithCorporateShimsBase.cs:line 227&#xD;
   at VideoOS.Platform.Proxy.ConfigApi.ConfigurationApiItemWrapper..ctor(ServerId serverId, String path) in D:\actions-runner\_work\XPCO\XPCO\MIP\PlatformPlugin\VideoOS.Platform\src\Proxy\ConfigApi\ConfigurationApiItemWrapper.cs:line 110&#xD;
   at VideoOS.Platform.ConfigurationItems.Factory.IsItemTypeSupported(ServerId serverId, String itemType) in D:\actions-runner\_work\XPCO\XPCO\MIP\PlatformPlugin\VideoOS.Platform\src\ConfigurationItems\Factory.cs:line 464&#xD;
MIP: Error: ConfigurationApiItemWrapper (): ConfigAPI GetItem(): System.NotImplementedException, The method or operation is not implemented.&#xD;
MIP: Error: Factory.IsItemTypeSupported (): Exception source:      VideoOS.Platform.SDK.UnitTests&#xD;
Exception type:        System.NotImplementedException&#xD;
Exception message:     The method or operation is not implemented.&#xD;
Exception target site: GetItem&#xD;
   at VideoOS.Platform.SDKUnittest.EnvironmentTests.TestConfigurationClientService.GetItem(String path) in D:\actions-runner\_work\XPCO\XPCO\MIP\MIPSDK\tst\VideoOS.Platform.SDK.UnitTests\EnvironmentTests\TestsWithCorporateShimsBase.cs:line 227&#xD;
   at VideoOS.Platform.Proxy.ConfigApi.ConfigurationApiItemWrapper..ctor(ServerId serverId, String path) in D:\actions-runner\_work\XPCO\XPCO\MIP\PlatformPlugin\VideoOS.Platform\src\Proxy\ConfigApi\ConfigurationApiItemWrapper.cs:line 110&#xD;
   at VideoOS.Platform.ConfigurationItems.Factory.IsItemTypeSupported(ServerId serverId, String itemType) in D:\actions-runner\_work\XPCO\XPCO\MIP\PlatformPlugin\VideoOS.Platform\src\ConfigurationItems\Factory.cs:line 464&#xD;
&#xD;
Factory.IsItemTypeSupportedFactory.IsItemTypeSupported ()The method or operation is not implemented.   at VideoOS.Platform.SDKUnittest.EnvironmentTests.TestConfigurationClientService.GetItem(String path) in D:\actions-runner\_work\XPCO\XPCO\MIP\MIPSDK\tst\VideoOS.Platform.SDK.UnitTests\EnvironmentTests\TestsWithCorporateShimsBase.cs:line 227&#xD;
   at VideoOS.Platform.Proxy.ConfigApi.ConfigurationApiItemWrapper..ctor(ServerId serverId, String path) in D:\actions-runner\_work\XPCO\XPCO\MIP\PlatformPlugin\VideoOS.Platform\src\Proxy\ConfigApi\ConfigurationApiItemWrapper.cs:line 110&#xD;
   at VideoOS.Platform.ConfigurationItems.Factory.IsItemTypeSupported(ServerId serverId, String itemType) in D:\actions-runner\_work\XPCO\XPCO\MIP\PlatformPlugin\VideoOS.Platform\src\ConfigurationItems\Factory.cs:line 464&#xD;
MIP: Error: ConfigurationApiItemWrapper (): ConfigAPI GetItem(): System.NotImplementedException, The method or operation is not implemented.&#xD;
MIP: Error: ConfigurationAsync::BuildTopLevelItems LoadPlugin Loop (): Exception source:      VideoOS.Platform.SDK.UnitTests&#xD;
Exception type:        System.NotImplementedException&#xD;
Exception message:     The method or operation is not implemented.&#xD;
Exception target site: GetItem&#xD;
   at VideoOS.Platform.SDKUnittest.EnvironmentTests.TestConfigurationClientService.GetItem(String path) in D:\actions-runner\_work\XPCO\XPCO\MIP\MIPSDK\tst\VideoOS.Platform.SDK.UnitTests\EnvironmentTests\TestsWithCorporateShimsBase.cs:line 227&#xD;
   at VideoOS.Platform.Proxy.ConfigApi.ConfigurationApiItemWrapper..ctor(ServerId serverId, String path) in D:\actions-runner\_work\XPCO\XPCO\MIP\PlatformPlugin\VideoOS.Platform\src\Proxy\ConfigApi\ConfigurationApiItemWrapper.cs:line 110&#xD;
   at VideoOS.Platform.Util.VideoWall.LayoutGroupItemManager.GetItem(FQID fqid) in D:\actions-runner\_work\XPCO\XPCO\MIP\PlatformPlugin\VideoOS.Platform\src\Util\VideoWall\LayoutGroupItemManager.cs:line 57&#xD;
   at VideoOS.Platform.SDK.Platform.ConfigurationAsync.GetItems(Guid kind, ItemHierarchy itemHierarchy) in D:\actions-runner\_work\XPCO\XPCO\MIP\MIPSDK\prod\VideoOS.Platform.SDK\Platform\ConfigurationAsync.cs:line 163&#xD;
&#xD;
ConfigurationAsync::BuildTopLevelItems LoadPlugin LoopConfigurationAsync::BuildTopLevelItems LoadPlugin Loop ()The method or operation is not implemented.   at VideoOS.Platform.SDKUnittest.EnvironmentTests.TestConfigurationClientService.GetItem(String path) in D:\actions-runner\_work\XPCO\XPCO\MIP\MIPSDK\tst\VideoOS.Platform.SDK.UnitTests\EnvironmentTests\TestsWithCorporateShimsBase.cs:line 227&#xD;
   at VideoOS.Platform.Proxy.ConfigApi.ConfigurationApiItemWrapper..ctor(ServerId serverId, String path) in D:\actions-runner\_work\XPCO\XPCO\MIP\PlatformPlugin\VideoOS.Platform\src\Proxy\ConfigApi\ConfigurationApiItemWrapper.cs:line 110&#xD;
   at VideoOS.Platform.Util.VideoWall.LayoutGroupItemManager.GetItem(FQID fqid) in D:\actions-runner\_work\XPCO\XPCO\MIP\PlatformPlugin\VideoOS.Platform\src\Util\VideoWall\LayoutGroupItemManager.cs:line 57&#xD;
   at VideoOS.Platform.SDK.Platform.ConfigurationAsync.GetItems(Guid kind, ItemHierarchy itemHierarchy) in D:\actions-runner\_work\XPCO\XPCO\MIP\MIPSDK\prod\VideoOS.Platform.SDK\Platform\ConfigurationAsync.cs:line 163</StdOut>
      </Output>
    </UnitTestResult>
    <UnitTestResult executionId="3e1d8afe-bddc-4d4f-b98c-c58bb471a611" testId="d19447d6-1286-80a0-b9eb-927576af8553" testName="XpcoCameraConfigTests" computerName="DKSR-EFI-04" duration="00:00:01.7841944" startTime="2023-12-22T09:36:43.6167784+01:00" endTime="2023-12-22T09:36:45.3978721+01:00" testType="13cdc9d9-ddb5-4fa4-a97d-d965ccfc6d4b" outcome="Passed" testListId="8c84fa94-04c1-424b-9868-57a2d4851a1d" relativeResultsDirectory="3e1d8afe-bddc-4d4f-b98c-c58bb471a611">
      <Output>
        <StdOut>Debug Trace:&#xD;
TopLevelControl returns null. PostMessage may have problems&#xD;
MIP: Error: ConfigurationApiItemWrapper (): ConfigAPI GetItem(): System.NotImplementedException, The method or operation is not implemented.&#xD;
MIP: Error: Factory.IsItemTypeSupported (): Exception source:      VideoOS.Platform.SDK.UnitTests&#xD;
Exception type:        System.NotImplementedException&#xD;
Exception message:     The method or operation is not implemented.&#xD;
Exception target site: GetItem&#xD;
   at VideoOS.Platform.SDKUnittest.EnvironmentTests.TestConfigurationClientService.GetItem(String path) in D:\actions-runner\_work\XPCO\XPCO\MIP\MIPSDK\tst\VideoOS.Platform.SDK.UnitTests\EnvironmentTests\TestsWithCorporateShimsBase.cs:line 227&#xD;
   at VideoOS.Platform.Proxy.ConfigApi.ConfigurationApiItemWrapper..ctor(ServerId serverId, String path) in D:\actions-runner\_work\XPCO\XPCO\MIP\PlatformPlugin\VideoOS.Platform\src\Proxy\ConfigApi\ConfigurationApiItemWrapper.cs:line 110&#xD;
   at VideoOS.Platform.ConfigurationItems.Factory.IsItemTypeSupported(ServerId serverId, String itemType) in D:\actions-runner\_work\XPCO\XPCO\MIP\PlatformPlugin\VideoOS.Platform\src\ConfigurationItems\Factory.cs:line 464&#xD;
&#xD;
Factory.IsItemTypeSupportedFactory.IsItemTypeSupported ()The method or operation is not implemented.   at VideoOS.Platform.SDKUnittest.EnvironmentTests.TestConfigurationClientService.GetItem(String path) in D:\actions-runner\_work\XPCO\XPCO\MIP\MIPSDK\tst\VideoOS.Platform.SDK.UnitTests\EnvironmentTests\TestsWithCorporateShimsBase.cs:line 227&#xD;
   at VideoOS.Platform.Proxy.ConfigApi.ConfigurationApiItemWrapper..ctor(ServerId serverId, String path) in D:\actions-runner\_work\XPCO\XPCO\MIP\PlatformPlugin\VideoOS.Platform\src\Proxy\ConfigApi\ConfigurationApiItemWrapper.cs:line 110&#xD;
   at VideoOS.Platform.ConfigurationItems.Factory.IsItemTypeSupported(ServerId serverId, String itemType) in D:\actions-runner\_work\XPCO\XPCO\MIP\PlatformPlugin\VideoOS.Platform\src\ConfigurationItems\Factory.cs:line 464&#xD;
MIP: Error: GetConfiguration (): CustomSetting not found for the given platformDefinitionId: e145597a-ecaf-40a1-99e6-14bb9d45a09e&#xD;
MIP: Error: ConfigurationApiItemWrapper (): ConfigAPI GetItem(): System.NotImplementedException, The method or operation is not implemented.&#xD;
MIP: Error: Factory.IsItemTypeSupported (): Exception source:      VideoOS.Platform.SDK.UnitTests&#xD;
Exception type:        System.NotImplementedException&#xD;
Exception message:     The method or operation is not implemented.&#xD;
Exception target site: GetItem&#xD;
   at VideoOS.Platform.SDKUnittest.EnvironmentTests.TestConfigurationClientService.GetItem(String path) in D:\actions-runner\_work\XPCO\XPCO\MIP\MIPSDK\tst\VideoOS.Platform.SDK.UnitTests\EnvironmentTests\TestsWithCorporateShimsBase.cs:line 227&#xD;
   at VideoOS.Platform.Proxy.ConfigApi.ConfigurationApiItemWrapper..ctor(ServerId serverId, String path) in D:\actions-runner\_work\XPCO\XPCO\MIP\PlatformPlugin\VideoOS.Platform\src\Proxy\ConfigApi\ConfigurationApiItemWrapper.cs:line 110&#xD;
   at VideoOS.Platform.ConfigurationItems.Factory.IsItemTypeSupported(ServerId serverId, String itemType) in D:\actions-runner\_work\XPCO\XPCO\MIP\PlatformPlugin\VideoOS.Platform\src\ConfigurationItems\Factory.cs:line 464&#xD;
&#xD;
Factory.IsItemTypeSupportedFactory.IsItemTypeSupported ()The method or operation is not implemented.   at VideoOS.Platform.SDKUnittest.EnvironmentTests.TestConfigurationClientService.GetItem(String path) in D:\actions-runner\_work\XPCO\XPCO\MIP\MIPSDK\tst\VideoOS.Platform.SDK.UnitTests\EnvironmentTests\TestsWithCorporateShimsBase.cs:line 227&#xD;
   at VideoOS.Platform.Proxy.ConfigApi.ConfigurationApiItemWrapper..ctor(ServerId serverId, String path) in D:\actions-runner\_work\XPCO\XPCO\MIP\PlatformPlugin\VideoOS.Platform\src\Proxy\ConfigApi\ConfigurationApiItemWrapper.cs:line 110&#xD;
   at VideoOS.Platform.ConfigurationItems.Factory.IsItemTypeSupported(ServerId serverId, String itemType) in D:\actions-runner\_work\XPCO\XPCO\MIP\PlatformPlugin\VideoOS.Platform\src\ConfigurationItems\Factory.cs:line 464&#xD;
MIP: Error: LoginServerOauth (): https://1.2.3.5:55/ManagementServer/ServerCommandServiceOAuth.svc The method or operation is not implemented.&#xD;
MIP: Error: ConfigurationApiItemWrapper (): ConfigAPI GetItem(): System.NotImplementedException, The method or operation is not implemented.&#xD;
MIP: Error: Factory.IsItemTypeSupported (): Exception source:      VideoOS.Platform.SDK.UnitTests&#xD;
Exception type:        System.NotImplementedException&#xD;
Exception message:     The method or operation is not implemented.&#xD;
Exception target site: GetItem&#xD;
   at VideoOS.Platform.SDKUnittest.EnvironmentTests.TestConfigurationClientService.GetItem(String path) in D:\actions-runner\_work\XPCO\XPCO\MIP\MIPSDK\tst\VideoOS.Platform.SDK.UnitTests\EnvironmentTests\TestsWithCorporateShimsBase.cs:line 227&#xD;
   at VideoOS.Platform.Proxy.ConfigApi.ConfigurationApiItemWrapper..ctor(ServerId serverId, String path) in D:\actions-runner\_work\XPCO\XPCO\MIP\PlatformPlugin\VideoOS.Platform\src\Proxy\ConfigApi\ConfigurationApiItemWrapper.cs:line 110&#xD;
   at VideoOS.Platform.ConfigurationItems.Factory.IsItemTypeSupported(ServerId serverId, String itemType) in D:\actions-runner\_work\XPCO\XPCO\MIP\PlatformPlugin\VideoOS.Platform\src\ConfigurationItems\Factory.cs:line 464&#xD;
&#xD;
Factory.IsItemTypeSupportedFactory.IsItemTypeSupported ()The method or operation is not implemented.   at VideoOS.Platform.SDKUnittest.EnvironmentTests.TestConfigurationClientService.GetItem(String path) in D:\actions-runner\_work\XPCO\XPCO\MIP\MIPSDK\tst\VideoOS.Platform.SDK.UnitTests\EnvironmentTests\TestsWithCorporateShimsBase.cs:line 227&#xD;
   at VideoOS.Platform.Proxy.ConfigApi.ConfigurationApiItemWrapper..ctor(ServerId serverId, String path) in D:\actions-runner\_work\XPCO\XPCO\MIP\PlatformPlugin\VideoOS.Platform\src\Proxy\ConfigApi\ConfigurationApiItemWrapper.cs:line 110&#xD;
   at VideoOS.Platform.ConfigurationItems.Factory.IsItemTypeSupported(ServerId serverId, String itemType) in D:\actions-runner\_work\XPCO\XPCO\MIP\PlatformPlugin\VideoOS.Platform\src\ConfigurationItems\Factory.cs:line 464&#xD;
MIP: Error: GetConfiguration (): CustomSetting not found for the given platformDefinitionId: e145597a-ecaf-40a1-99e6-14bb9d45a09e&#xD;
MIP: Error: ConfigurationApiItemWrapper (): ConfigAPI GetItem(): System.NotImplementedException, The method or operation is not implemented.&#xD;
MIP: Error: Factory.IsItemTypeSupported (): Exception source:      VideoOS.Platform.SDK.UnitTests&#xD;
Exception type:        System.NotImplementedException&#xD;
Exception message:     The method or operation is not implemented.&#xD;
Exception target site: GetItem&#xD;
   at VideoOS.Platform.SDKUnittest.EnvironmentTests.TestConfigurationClientService.GetItem(String path) in D:\actions-runner\_work\XPCO\XPCO\MIP\MIPSDK\tst\VideoOS.Platform.SDK.UnitTests\EnvironmentTests\TestsWithCorporateShimsBase.cs:line 227&#xD;
   at VideoOS.Platform.Proxy.ConfigApi.ConfigurationApiItemWrapper..ctor(ServerId serverId, String path) in D:\actions-runner\_work\XPCO\XPCO\MIP\PlatformPlugin\VideoOS.Platform\src\Proxy\ConfigApi\ConfigurationApiItemWrapper.cs:line 110&#xD;
   at VideoOS.Platform.ConfigurationItems.Factory.IsItemTypeSupported(ServerId serverId, String itemType) in D:\actions-runner\_work\XPCO\XPCO\MIP\PlatformPlugin\VideoOS.Platform\src\ConfigurationItems\Factory.cs:line 464&#xD;
&#xD;
Factory.IsItemTypeSupportedFactory.IsItemTypeSupported ()The method or operation is not implemented.   at VideoOS.Platform.SDKUnittest.EnvironmentTests.TestConfigurationClientService.GetItem(String path) in D:\actions-runner\_work\XPCO\XPCO\MIP\MIPSDK\tst\VideoOS.Platform.SDK.UnitTests\EnvironmentTests\TestsWithCorporateShimsBase.cs:line 227&#xD;
   at VideoOS.Platform.Proxy.ConfigApi.ConfigurationApiItemWrapper..ctor(ServerId serverId, String path) in D:\actions-runner\_work\XPCO\XPCO\MIP\PlatformPlugin\VideoOS.Platform\src\Proxy\ConfigApi\ConfigurationApiItemWrapper.cs:line 110&#xD;
   at VideoOS.Platform.ConfigurationItems.Factory.IsItemTypeSupported(ServerId serverId, String itemType) in D:\actions-runner\_work\XPCO\XPCO\MIP\PlatformPlugin\VideoOS.Platform\src\ConfigurationItems\Factory.cs:line 464&#xD;
MIP: Error: LoginServerOauth (): https://1.2.3.5:55/ManagementServer/ServerCommandServiceOAuth.svc The method or operation is not implemented.&#xD;
MIP: Error: ConfigurationApiItemWrapper (): ConfigAPI GetItem(): System.NotImplementedException, The method or operation is not implemented.&#xD;
MIP: Error: Factory.IsItemTypeSupported (): Exception source:      VideoOS.Platform.SDK.UnitTests&#xD;
Exception type:        System.NotImplementedException&#xD;
Exception message:     The method or operation is not implemented.&#xD;
Exception target site: GetItem&#xD;
   at VideoOS.Platform.SDKUnittest.EnvironmentTests.TestConfigurationClientService.GetItem(String path) in D:\actions-runner\_work\XPCO\XPCO\MIP\MIPSDK\tst\VideoOS.Platform.SDK.UnitTests\EnvironmentTests\TestsWithCorporateShimsBase.cs:line 227&#xD;
   at VideoOS.Platform.Proxy.ConfigApi.ConfigurationApiItemWrapper..ctor(ServerId serverId, String path) in D:\actions-runner\_work\XPCO\XPCO\MIP\PlatformPlugin\VideoOS.Platform\src\Proxy\ConfigApi\ConfigurationApiItemWrapper.cs:line 110&#xD;
   at VideoOS.Platform.ConfigurationItems.Factory.IsItemTypeSupported(ServerId serverId, String itemType) in D:\actions-runner\_work\XPCO\XPCO\MIP\PlatformPlugin\VideoOS.Platform\src\ConfigurationItems\Factory.cs:line 464&#xD;
&#xD;
Factory.IsItemTypeSupportedFactory.IsItemTypeSupported ()The method or operation is not implemented.   at VideoOS.Platform.SDKUnittest.EnvironmentTests.TestConfigurationClientService.GetItem(String path) in D:\actions-runner\_work\XPCO\XPCO\MIP\MIPSDK\tst\VideoOS.Platform.SDK.UnitTests\EnvironmentTests\TestsWithCorporateShimsBase.cs:line 227&#xD;
   at VideoOS.Platform.Proxy.ConfigApi.ConfigurationApiItemWrapper..ctor(ServerId serverId, String path) in D:\actions-runner\_work\XPCO\XPCO\MIP\PlatformPlugin\VideoOS.Platform\src\Proxy\ConfigApi\ConfigurationApiItemWrapper.cs:line 110&#xD;
   at VideoOS.Platform.ConfigurationItems.Factory.IsItemTypeSupported(ServerId serverId, String itemType) in D:\actions-runner\_work\XPCO\XPCO\MIP\PlatformPlugin\VideoOS.Platform\src\ConfigurationItems\Factory.cs:line 464&#xD;
MIP: Error: ConfigurationApiItemWrapper (): ConfigAPI GetItem(): System.NotImplementedException, The method or operation is not implemented.&#xD;
MIP: Error: Factory.IsItemTypeSupported (): Exception source:      VideoOS.Platform.SDK.UnitTests&#xD;
Exception type:        System.NotImplementedException&#xD;
Exception message:     The method or operation is not implemented.&#xD;
Exception target site: GetItem&#xD;
   at VideoOS.Platform.SDKUnittest.EnvironmentTests.TestConfigurationClientService.GetItem(String path) in D:\actions-runner\_work\XPCO\XPCO\MIP\MIPSDK\tst\VideoOS.Platform.SDK.UnitTests\EnvironmentTests\TestsWithCorporateShimsBase.cs:line 227&#xD;
   at VideoOS.Platform.Proxy.ConfigApi.ConfigurationApiItemWrapper..ctor(ServerId serverId, String path) in D:\actions-runner\_work\XPCO\XPCO\MIP\PlatformPlugin\VideoOS.Platform\src\Proxy\ConfigApi\ConfigurationApiItemWrapper.cs:line 110&#xD;
   at VideoOS.Platform.ConfigurationItems.Factory.IsItemTypeSupported(ServerId serverId, String itemType) in D:\actions-runner\_work\XPCO\XPCO\MIP\PlatformPlugin\VideoOS.Platform\src\ConfigurationItems\Factory.cs:line 464&#xD;
&#xD;
Factory.IsItemTypeSupportedFactory.IsItemTypeSupported ()The method or operation is not implemented.   at VideoOS.Platform.SDKUnittest.EnvironmentTests.TestConfigurationClientService.GetItem(String path) in D:\actions-runner\_work\XPCO\XPCO\MIP\MIPSDK\tst\VideoOS.Platform.SDK.UnitTests\EnvironmentTests\TestsWithCorporateShimsBase.cs:line 227&#xD;
   at VideoOS.Platform.Proxy.ConfigApi.ConfigurationApiItemWrapper..ctor(ServerId serverId, String path) in D:\actions-runner\_work\XPCO\XPCO\MIP\PlatformPlugin\VideoOS.Platform\src\Proxy\ConfigApi\ConfigurationApiItemWrapper.cs:line 110&#xD;
   at VideoOS.Platform.ConfigurationItems.Factory.IsItemTypeSupported(ServerId serverId, String itemType) in D:\actions-runner\_work\XPCO\XPCO\MIP\PlatformPlugin\VideoOS.Platform\src\ConfigurationItems\Factory.cs:line 464&#xD;
MIP: Error: LoginServerOauth (): https://1.2.3.5:55/ManagementServer/ServerCommandServiceOAuth.svc The method or operation is not implemented.&#xD;
MIP: Error: ConfigurationApiItemWrapper (): ConfigAPI GetItem(): System.NotImplementedException, The method or operation is not implemented.&#xD;
MIP: Error: Factory.IsItemTypeSupported (): Exception source:      VideoOS.Platform.SDK.UnitTests&#xD;
Exception type:        System.NotImplementedException&#xD;
Exception message:     The method or operation is not implemented.&#xD;
Exception target site: GetItem&#xD;
   at VideoOS.Platform.SDKUnittest.EnvironmentTests.TestConfigurationClientService.GetItem(String path) in D:\actions-runner\_work\XPCO\XPCO\MIP\MIPSDK\tst\VideoOS.Platform.SDK.UnitTests\EnvironmentTests\TestsWithCorporateShimsBase.cs:line 227&#xD;
   at VideoOS.Platform.Proxy.ConfigApi.ConfigurationApiItemWrapper..ctor(ServerId serverId, String path) in D:\actions-runner\_work\XPCO\XPCO\MIP\PlatformPlugin\VideoOS.Platform\src\Proxy\ConfigApi\ConfigurationApiItemWrapper.cs:line 110&#xD;
   at VideoOS.Platform.ConfigurationItems.Factory.IsItemTypeSupported(ServerId serverId, String itemType) in D:\actions-runner\_work\XPCO\XPCO\MIP\PlatformPlugin\VideoOS.Platform\src\ConfigurationItems\Factory.cs:line 464&#xD;
&#xD;
Factory.IsItemTypeSupportedFactory.IsItemTypeSupported ()The method or operation is not implemented.   at VideoOS.Platform.SDKUnittest.EnvironmentTests.TestConfigurationClientService.GetItem(String path) in D:\actions-runner\_work\XPCO\XPCO\MIP\MIPSDK\tst\VideoOS.Platform.SDK.UnitTests\EnvironmentTests\TestsWithCorporateShimsBase.cs:line 227&#xD;
   at VideoOS.Platform.Proxy.ConfigApi.ConfigurationApiItemWrapper..ctor(ServerId serverId, String path) in D:\actions-runner\_work\XPCO\XPCO\MIP\PlatformPlugin\VideoOS.Platform\src\Proxy\ConfigApi\ConfigurationApiItemWrapper.cs:line 110&#xD;
   at VideoOS.Platform.ConfigurationItems.Factory.IsItemTypeSupported(ServerId serverId, String itemType) in D:\actions-runner\_work\XPCO\XPCO\MIP\PlatformPlugin\VideoOS.Platform\src\ConfigurationItems\Factory.cs:line 464&#xD;
MIP: Error: GetConfiguration (): CustomSetting not found for the given platformDefinitionId: e145597a-ecaf-40a1-99e6-14bb9d45a09e&#xD;
MIP: Error: ConfigurationApiItemWrapper (): ConfigAPI GetItem(): System.NotImplementedException, The method or operation is not implemented.&#xD;
MIP: Error: Factory.IsItemTypeSupported (): Exception source:      VideoOS.Platform.SDK.UnitTests&#xD;
Exception type:        System.NotImplementedException&#xD;
Exception message:     The method or operation is not implemented.&#xD;
Exception target site: GetItem&#xD;
   at VideoOS.Platform.SDKUnittest.EnvironmentTests.TestConfigurationClientService.GetItem(String path) in D:\actions-runner\_work\XPCO\XPCO\MIP\MIPSDK\tst\VideoOS.Platform.SDK.UnitTests\EnvironmentTests\TestsWithCorporateShimsBase.cs:line 227&#xD;
   at VideoOS.Platform.Proxy.ConfigApi.ConfigurationApiItemWrapper..ctor(ServerId serverId, String path) in D:\actions-runner\_work\XPCO\XPCO\MIP\PlatformPlugin\VideoOS.Platform\src\Proxy\ConfigApi\ConfigurationApiItemWrapper.cs:line 110&#xD;
   at VideoOS.Platform.ConfigurationItems.Factory.IsItemTypeSupported(ServerId serverId, String itemType) in D:\actions-runner\_work\XPCO\XPCO\MIP\PlatformPlugin\VideoOS.Platform\src\ConfigurationItems\Factory.cs:line 464&#xD;
&#xD;
Factory.IsItemTypeSupportedFactory.IsItemTypeSupported ()The method or operation is not implemented.   at VideoOS.Platform.SDKUnittest.EnvironmentTests.TestConfigurationClientService.GetItem(String path) in D:\actions-runner\_work\XPCO\XPCO\MIP\MIPSDK\tst\VideoOS.Platform.SDK.UnitTests\EnvironmentTests\TestsWithCorporateShimsBase.cs:line 227&#xD;
   at VideoOS.Platform.Proxy.ConfigApi.ConfigurationApiItemWrapper..ctor(ServerId serverId, String path) in D:\actions-runner\_work\XPCO\XPCO\MIP\PlatformPlugin\VideoOS.Platform\src\Proxy\ConfigApi\ConfigurationApiItemWrapper.cs:line 110&#xD;
   at VideoOS.Platform.ConfigurationItems.Factory.IsItemTypeSupported(ServerId serverId, String itemType) in D:\actions-runner\_work\XPCO\XPCO\MIP\PlatformPlugin\VideoOS.Platform\src\ConfigurationItems\Factory.cs:line 464&#xD;
MIP: Error: LoginServerOauth (): https://1.2.3.5:55/ManagementServer/ServerCommandServiceOAuth.svc The method or operation is not implemented.&#xD;
MIP: Error: ConfigurationApiItemWrapper (): ConfigAPI GetItem(): System.NotImplementedException, The method or operation is not implemented.&#xD;
MIP: Error: Factory.IsItemTypeSupported (): Exception source:      VideoOS.Platform.SDK.UnitTests&#xD;
Exception type:        System.NotImplementedException&#xD;
Exception message:     The method or operation is not implemented.&#xD;
Exception target site: GetItem&#xD;
   at VideoOS.Platform.SDKUnittest.EnvironmentTests.TestConfigurationClientService.GetItem(String path) in D:\actions-runner\_work\XPCO\XPCO\MIP\MIPSDK\tst\VideoOS.Platform.SDK.UnitTests\EnvironmentTests\TestsWithCorporateShimsBase.cs:line 227&#xD;
   at VideoOS.Platform.Proxy.ConfigApi.ConfigurationApiItemWrapper..ctor(ServerId serverId, String path) in D:\actions-runner\_work\XPCO\XPCO\MIP\PlatformPlugin\VideoOS.Platform\src\Proxy\ConfigApi\ConfigurationApiItemWrapper.cs:line 110&#xD;
   at VideoOS.Platform.ConfigurationItems.Factory.IsItemTypeSupported(ServerId serverId, String itemType) in D:\actions-runner\_work\XPCO\XPCO\MIP\PlatformPlugin\VideoOS.Platform\src\ConfigurationItems\Factory.cs:line 464&#xD;
&#xD;
Factory.IsItemTypeSupportedFactory.IsItemTypeSupported ()The method or operation is not implemented.   at VideoOS.Platform.SDKUnittest.EnvironmentTests.TestConfigurationClientService.GetItem(String path) in D:\actions-runner\_work\XPCO\XPCO\MIP\MIPSDK\tst\VideoOS.Platform.SDK.UnitTests\EnvironmentTests\TestsWithCorporateShimsBase.cs:line 227&#xD;
   at VideoOS.Platform.Proxy.ConfigApi.ConfigurationApiItemWrapper..ctor(ServerId serverId, String path) in D:\actions-runner\_work\XPCO\XPCO\MIP\PlatformPlugin\VideoOS.Platform\src\Proxy\ConfigApi\ConfigurationApiItemWrapper.cs:line 110&#xD;
   at VideoOS.Platform.ConfigurationItems.Factory.IsItemTypeSupported(ServerId serverId, String itemType) in D:\actions-runner\_work\XPCO\XPCO\MIP\PlatformPlugin\VideoOS.Platform\src\ConfigurationItems\Factory.cs:line 464&#xD;
MIP: Error: ConfigurationApiItemWrapper (): ConfigAPI GetItem(): System.NotImplementedException, The method or operation is not implemented.&#xD;
MIP: Error: Factory.IsItemTypeSupported (): Exception source:      VideoOS.Platform.SDK.UnitTests&#xD;
Exception type:        System.NotImplementedException&#xD;
Exception message:     The method or operation is not implemented.&#xD;
Exception target site: GetItem&#xD;
   at VideoOS.Platform.SDKUnittest.EnvironmentTests.TestConfigurationClientService.GetItem(String path) in D:\actions-runner\_work\XPCO\XPCO\MIP\MIPSDK\tst\VideoOS.Platform.SDK.UnitTests\EnvironmentTests\TestsWithCorporateShimsBase.cs:line 227&#xD;
   at VideoOS.Platform.Proxy.ConfigApi.ConfigurationApiItemWrapper..ctor(ServerId serverId, String path) in D:\actions-runner\_work\XPCO\XPCO\MIP\PlatformPlugin\VideoOS.Platform\src\Proxy\ConfigApi\ConfigurationApiItemWrapper.cs:line 110&#xD;
   at VideoOS.Platform.ConfigurationItems.Factory.IsItemTypeSupported(ServerId serverId, String itemType) in D:\actions-runner\_work\XPCO\XPCO\MIP\PlatformPlugin\VideoOS.Platform\src\ConfigurationItems\Factory.cs:line 464&#xD;
&#xD;
Factory.IsItemTypeSupportedFactory.IsItemTypeSupported ()The method or operation is not implemented.   at VideoOS.Platform.SDKUnittest.EnvironmentTests.TestConfigurationClientService.GetItem(String path) in D:\actions-runner\_work\XPCO\XPCO\MIP\MIPSDK\tst\VideoOS.Platform.SDK.UnitTests\EnvironmentTests\TestsWithCorporateShimsBase.cs:line 227&#xD;
   at VideoOS.Platform.Proxy.ConfigApi.ConfigurationApiItemWrapper..ctor(ServerId serverId, String path) in D:\actions-runner\_work\XPCO\XPCO\MIP\PlatformPlugin\VideoOS.Platform\src\Proxy\ConfigApi\ConfigurationApiItemWrapper.cs:line 110&#xD;
   at VideoOS.Platform.ConfigurationItems.Factory.IsItemTypeSupported(ServerId serverId, String itemType) in D:\actions-runner\_work\XPCO\XPCO\MIP\PlatformPlugin\VideoOS.Platform\src\ConfigurationItems\Factory.cs:line 464&#xD;
MIP: Error: LoginServerOauth (): https://1.2.3.5:55/ManagementServer/ServerCommandServiceOAuth.svc The method or operation is not implemented.&#xD;
MIP: Error: ConfigurationApiItemWrapper (): ConfigAPI GetItem(): System.NotImplementedException, The method or operation is not implemented.&#xD;
MIP: Error: Factory.IsItemTypeSupported (): Exception source:      VideoOS.Platform.SDK.UnitTests&#xD;
Exception type:        System.NotImplementedException&#xD;
Exception message:     The method or operation is not implemented.&#xD;
Exception target site: GetItem&#xD;
   at VideoOS.Platform.SDKUnittest.EnvironmentTests.TestConfigurationClientService.GetItem(String path) in D:\actions-runner\_work\XPCO\XPCO\MIP\MIPSDK\tst\VideoOS.Platform.SDK.UnitTests\EnvironmentTests\TestsWithCorporateShimsBase.cs:line 227&#xD;
   at VideoOS.Platform.Proxy.ConfigApi.ConfigurationApiItemWrapper..ctor(ServerId serverId, String path) in D:\actions-runner\_work\XPCO\XPCO\MIP\PlatformPlugin\VideoOS.Platform\src\Proxy\ConfigApi\ConfigurationApiItemWrapper.cs:line 110&#xD;
   at VideoOS.Platform.ConfigurationItems.Factory.IsItemTypeSupported(ServerId serverId, String itemType) in D:\actions-runner\_work\XPCO\XPCO\MIP\PlatformPlugin\VideoOS.Platform\src\ConfigurationItems\Factory.cs:line 464&#xD;
&#xD;
Factory.IsItemTypeSupportedFactory.IsItemTypeSupported ()The method or operation is not implemented.   at VideoOS.Platform.SDKUnittest.EnvironmentTests.TestConfigurationClientService.GetItem(String path) in D:\actions-runner\_work\XPCO\XPCO\MIP\MIPSDK\tst\VideoOS.Platform.SDK.UnitTests\EnvironmentTests\TestsWithCorporateShimsBase.cs:line 227&#xD;
   at VideoOS.Platform.Proxy.ConfigApi.ConfigurationApiItemWrapper..ctor(ServerId serverId, String path) in D:\actions-runner\_work\XPCO\XPCO\MIP\PlatformPlugin\VideoOS.Platform\src\Proxy\ConfigApi\ConfigurationApiItemWrapper.cs:line 110&#xD;
   at VideoOS.Platform.ConfigurationItems.Factory.IsItemTypeSupported(ServerId serverId, String itemType) in D:\actions-runner\_work\XPCO\XPCO\MIP\PlatformPlugin\VideoOS.Platform\src\ConfigurationItems\Factory.cs:line 464&#xD;
MIP: Error: GetConfiguration (): CustomSetting not found for the given platformDefinitionId: e145597a-ecaf-40a1-99e6-14bb9d45a09e&#xD;
MIP: Error: ConfigurationApiItemWrapper (): ConfigAPI GetItem(): System.NotImplementedException, The method or operation is not implemented.&#xD;
MIP: Error: Factory.IsItemTypeSupported (): Exception source:      VideoOS.Platform.SDK.UnitTests&#xD;
Exception type:        System.NotImplementedException&#xD;
Exception message:     The method or operation is not implemented.&#xD;
Exception target site: GetItem&#xD;
   at VideoOS.Platform.SDKUnittest.EnvironmentTests.TestConfigurationClientService.GetItem(String path) in D:\actions-runner\_work\XPCO\XPCO\MIP\MIPSDK\tst\VideoOS.Platform.SDK.UnitTests\EnvironmentTests\TestsWithCorporateShimsBase.cs:line 227&#xD;
   at VideoOS.Platform.Proxy.ConfigApi.ConfigurationApiItemWrapper..ctor(ServerId serverId, String path) in D:\actions-runner\_work\XPCO\XPCO\MIP\PlatformPlugin\VideoOS.Platform\src\Proxy\ConfigApi\ConfigurationApiItemWrapper.cs:line 110&#xD;
   at VideoOS.Platform.ConfigurationItems.Factory.IsItemTypeSupported(ServerId serverId, String itemType) in D:\actions-runner\_work\XPCO\XPCO\MIP\PlatformPlugin\VideoOS.Platform\src\ConfigurationItems\Factory.cs:line 464&#xD;
&#xD;
Factory.IsItemTypeSupportedFactory.IsItemTypeSupported ()The method or operation is not implemented.   at VideoOS.Platform.SDKUnittest.EnvironmentTests.TestConfigurationClientService.GetItem(String path) in D:\actions-runner\_work\XPCO\XPCO\MIP\MIPSDK\tst\VideoOS.Platform.SDK.UnitTests\EnvironmentTests\TestsWithCorporateShimsBase.cs:line 227&#xD;
   at VideoOS.Platform.Proxy.ConfigApi.ConfigurationApiItemWrapper..ctor(ServerId serverId, String path) in D:\actions-runner\_work\XPCO\XPCO\MIP\PlatformPlugin\VideoOS.Platform\src\Proxy\ConfigApi\ConfigurationApiItemWrapper.cs:line 110&#xD;
   at VideoOS.Platform.ConfigurationItems.Factory.IsItemTypeSupported(ServerId serverId, String itemType) in D:\actions-runner\_work\XPCO\XPCO\MIP\PlatformPlugin\VideoOS.Platform\src\ConfigurationItems\Factory.cs:line 464&#xD;
MIP: Error: LoginServerOauth (): https://1.2.3.5:55/ManagementServer/ServerCommandServiceOAuth.svc The method or operation is not implemented.&#xD;
MIP: Error: ConfigurationApiItemWrapper (): ConfigAPI GetItem(): System.NotImplementedException, The method or operation is not implemented.&#xD;
MIP: Error: Factory.IsItemTypeSupported (): Exception source:      VideoOS.Platform.SDK.UnitTests&#xD;
Exception type:        System.NotImplementedException&#xD;
Exception message:     The method or operation is not implemented.&#xD;
Exception target site: GetItem&#xD;
   at VideoOS.Platform.SDKUnittest.EnvironmentTests.TestConfigurationClientService.GetItem(String path) in D:\actions-runner\_work\XPCO\XPCO\MIP\MIPSDK\tst\VideoOS.Platform.SDK.UnitTests\EnvironmentTests\TestsWithCorporateShimsBase.cs:line 227&#xD;
   at VideoOS.Platform.Proxy.ConfigApi.ConfigurationApiItemWrapper..ctor(ServerId serverId, String path) in D:\actions-runner\_work\XPCO\XPCO\MIP\PlatformPlugin\VideoOS.Platform\src\Proxy\ConfigApi\ConfigurationApiItemWrapper.cs:line 110&#xD;
   at VideoOS.Platform.ConfigurationItems.Factory.IsItemTypeSupported(ServerId serverId, String itemType) in D:\actions-runner\_work\XPCO\XPCO\MIP\PlatformPlugin\VideoOS.Platform\src\ConfigurationItems\Factory.cs:line 464&#xD;
&#xD;
Factory.IsItemTypeSupportedFactory.IsItemTypeSupported ()The method or operation is not implemented.   at VideoOS.Platform.SDKUnittest.EnvironmentTests.TestConfigurationClientService.GetItem(String path) in D:\actions-runner\_work\XPCO\XPCO\MIP\MIPSDK\tst\VideoOS.Platform.SDK.UnitTests\EnvironmentTests\TestsWithCorporateShimsBase.cs:line 227&#xD;
   at VideoOS.Platform.Proxy.ConfigApi.ConfigurationApiItemWrapper..ctor(ServerId serverId, String path) in D:\actions-runner\_work\XPCO\XPCO\MIP\PlatformPlugin\VideoOS.Platform\src\Proxy\ConfigApi\ConfigurationApiItemWrapper.cs:line 110&#xD;
   at VideoOS.Platform.ConfigurationItems.Factory.IsItemTypeSupported(ServerId serverId, String itemType) in D:\actions-runner\_work\XPCO\XPCO\MIP\PlatformPlugin\VideoOS.Platform\src\ConfigurationItems\Factory.cs:line 464&#xD;
MIP: Error: ConfigurationApiItemWrapper (): ConfigAPI GetItem(): System.NotImplementedException, The method or operation is not implemented.&#xD;
MIP: Error: Factory.IsItemTypeSupported (): Exception source:      VideoOS.Platform.SDK.UnitTests&#xD;
Exception type:        System.NotImplementedException&#xD;
Exception message:     The method or operation is not implemented.&#xD;
Exception target site: GetItem&#xD;
   at VideoOS.Platform.SDKUnittest.EnvironmentTests.TestConfigurationClientService.GetItem(String path) in D:\actions-runner\_work\XPCO\XPCO\MIP\MIPSDK\tst\VideoOS.Platform.SDK.UnitTests\EnvironmentTests\TestsWithCorporateShimsBase.cs:line 227&#xD;
   at VideoOS.Platform.Proxy.ConfigApi.ConfigurationApiItemWrapper..ctor(ServerId serverId, String path) in D:\actions-runner\_work\XPCO\XPCO\MIP\PlatformPlugin\VideoOS.Platform\src\Proxy\ConfigApi\ConfigurationApiItemWrapper.cs:line 110&#xD;
   at VideoOS.Platform.ConfigurationItems.Factory.IsItemTypeSupported(ServerId serverId, String itemType) in D:\actions-runner\_work\XPCO\XPCO\MIP\PlatformPlugin\VideoOS.Platform\src\ConfigurationItems\Factory.cs:line 464&#xD;
&#xD;
Factory.IsItemTypeSupportedFactory.IsItemTypeSupported ()The method or operation is not implemented.   at VideoOS.Platform.SDKUnittest.EnvironmentTests.TestConfigurationClientService.GetItem(String path) in D:\actions-runner\_work\XPCO\XPCO\MIP\MIPSDK\tst\VideoOS.Platform.SDK.UnitTests\EnvironmentTests\TestsWithCorporateShimsBase.cs:line 227&#xD;
   at VideoOS.Platform.Proxy.ConfigApi.ConfigurationApiItemWrapper..ctor(ServerId serverId, String path) in D:\actions-runner\_work\XPCO\XPCO\MIP\PlatformPlugin\VideoOS.Platform\src\Proxy\ConfigApi\ConfigurationApiItemWrapper.cs:line 110&#xD;
   at VideoOS.Platform.ConfigurationItems.Factory.IsItemTypeSupported(ServerId serverId, String itemType) in D:\actions-runner\_work\XPCO\XPCO\MIP\PlatformPlugin\VideoOS.Platform\src\ConfigurationItems\Factory.cs:line 464&#xD;
MIP: Error: LoginServerOauth (): https://1.2.3.5:55/ManagementServer/ServerCommandServiceOAuth.svc The method or operation is not implemented.&#xD;
MIP: Error: ConfigurationApiItemWrapper (): ConfigAPI GetItem(): System.NotImplementedException, The method or operation is not implemented.&#xD;
MIP: Error: Factory.IsItemTypeSupported (): Exception source:      VideoOS.Platform.SDK.UnitTests&#xD;
Exception type:        System.NotImplementedException&#xD;
Exception message:     The method or operation is not implemented.&#xD;
Exception target site: GetItem&#xD;
   at VideoOS.Platform.SDKUnittest.EnvironmentTests.TestConfigurationClientService.GetItem(String path) in D:\actions-runner\_work\XPCO\XPCO\MIP\MIPSDK\tst\VideoOS.Platform.SDK.UnitTests\EnvironmentTests\TestsWithCorporateShimsBase.cs:line 227&#xD;
   at VideoOS.Platform.Proxy.ConfigApi.ConfigurationApiItemWrapper..ctor(ServerId serverId, String path) in D:\actions-runner\_work\XPCO\XPCO\MIP\PlatformPlugin\VideoOS.Platform\src\Proxy\ConfigApi\ConfigurationApiItemWrapper.cs:line 110&#xD;
   at VideoOS.Platform.ConfigurationItems.Factory.IsItemTypeSupported(ServerId serverId, String itemType) in D:\actions-runner\_work\XPCO\XPCO\MIP\PlatformPlugin\VideoOS.Platform\src\ConfigurationItems\Factory.cs:line 464&#xD;
&#xD;
Factory.IsItemTypeSupportedFactory.IsItemTypeSupported ()The method or operation is not implemented.   at VideoOS.Platform.SDKUnittest.EnvironmentTests.TestConfigurationClientService.GetItem(String path) in D:\actions-runner\_work\XPCO\XPCO\MIP\MIPSDK\tst\VideoOS.Platform.SDK.UnitTests\EnvironmentTests\TestsWithCorporateShimsBase.cs:line 227&#xD;
   at VideoOS.Platform.Proxy.ConfigApi.ConfigurationApiItemWrapper..ctor(ServerId serverId, String path) in D:\actions-runner\_work\XPCO\XPCO\MIP\PlatformPlugin\VideoOS.Platform\src\Proxy\ConfigApi\ConfigurationApiItemWrapper.cs:line 110&#xD;
   at VideoOS.Platform.ConfigurationItems.Factory.IsItemTypeSupported(ServerId serverId, String itemType) in D:\actions-runner\_work\XPCO\XPCO\MIP\PlatformPlugin\VideoOS.Platform\src\ConfigurationItems\Factory.cs:line 464&#xD;
MIP: Error: GetConfiguration (): CustomSetting not found for the given platformDefinitionId: e145597a-ecaf-40a1-99e6-14bb9d45a09e&#xD;
MIP: Error: ConfigurationApiItemWrapper (): ConfigAPI GetItem(): System.NotImplementedException, The method or operation is not implemented.&#xD;
MIP: Error: Factory.IsItemTypeSupported (): Exception source:      VideoOS.Platform.SDK.UnitTests&#xD;
Exception type:        System.NotImplementedException&#xD;
Exception message:     The method or operation is not implemented.&#xD;
Exception target site: GetItem&#xD;
   at VideoOS.Platform.SDKUnittest.EnvironmentTests.TestConfigurationClientService.GetItem(String path) in D:\actions-runner\_work\XPCO\XPCO\MIP\MIPSDK\tst\VideoOS.Platform.SDK.UnitTests\EnvironmentTests\TestsWithCorporateShimsBase.cs:line 227&#xD;
   at VideoOS.Platform.Proxy.ConfigApi.ConfigurationApiItemWrapper..ctor(ServerId serverId, String path) in D:\actions-runner\_work\XPCO\XPCO\MIP\PlatformPlugin\VideoOS.Platform\src\Proxy\ConfigApi\ConfigurationApiItemWrapper.cs:line 110&#xD;
   at VideoOS.Platform.ConfigurationItems.Factory.IsItemTypeSupported(ServerId serverId, String itemType) in D:\actions-runner\_work\XPCO\XPCO\MIP\PlatformPlugin\VideoOS.Platform\src\ConfigurationItems\Factory.cs:line 464&#xD;
&#xD;
Factory.IsItemTypeSupportedFactory.IsItemTypeSupported ()The method or operation is not implemented.   at VideoOS.Platform.SDKUnittest.EnvironmentTests.TestConfigurationClientService.GetItem(String path) in D:\actions-runner\_work\XPCO\XPCO\MIP\MIPSDK\tst\VideoOS.Platform.SDK.UnitTests\EnvironmentTests\TestsWithCorporateShimsBase.cs:line 227&#xD;
   at VideoOS.Platform.Proxy.ConfigApi.ConfigurationApiItemWrapper..ctor(ServerId serverId, String path) in D:\actions-runner\_work\XPCO\XPCO\MIP\PlatformPlugin\VideoOS.Platform\src\Proxy\ConfigApi\ConfigurationApiItemWrapper.cs:line 110&#xD;
   at VideoOS.Platform.ConfigurationItems.Factory.IsItemTypeSupported(ServerId serverId, String itemType) in D:\actions-runner\_work\XPCO\XPCO\MIP\PlatformPlugin\VideoOS.Platform\src\ConfigurationItems\Factory.cs:line 464&#xD;
MIP: Error: LoginServerOauth (): https://1.2.3.5:55/ManagementServer/ServerCommandServiceOAuth.svc The method or operation is not implemented.&#xD;
MIP: Error: ConfigurationApiItemWrapper (): ConfigAPI GetItem(): System.NotImplementedException, The method or operation is not implemented.&#xD;
MIP: Error: Factory.IsItemTypeSupported (): Exception source:      VideoOS.Platform.SDK.UnitTests&#xD;
Exception type:        System.NotImplementedException&#xD;
Exception message:     The method or operation is not implemented.&#xD;
Exception target site: GetItem&#xD;
   at VideoOS.Platform.SDKUnittest.EnvironmentTests.TestConfigurationClientService.GetItem(String path) in D:\actions-runner\_work\XPCO\XPCO\MIP\MIPSDK\tst\VideoOS.Platform.SDK.UnitTests\EnvironmentTests\TestsWithCorporateShimsBase.cs:line 227&#xD;
   at VideoOS.Platform.Proxy.ConfigApi.ConfigurationApiItemWrapper..ctor(ServerId serverId, String path) in D:\actions-runner\_work\XPCO\XPCO\MIP\PlatformPlugin\VideoOS.Platform\src\Proxy\ConfigApi\ConfigurationApiItemWrapper.cs:line 110&#xD;
   at VideoOS.Platform.ConfigurationItems.Factory.IsItemTypeSupported(ServerId serverId, String itemType) in D:\actions-runner\_work\XPCO\XPCO\MIP\PlatformPlugin\VideoOS.Platform\src\ConfigurationItems\Factory.cs:line 464&#xD;
&#xD;
Factory.IsItemTypeSupportedFactory.IsItemTypeSupported ()The method or operation is not implemented.   at VideoOS.Platform.SDKUnittest.EnvironmentTests.TestConfigurationClientService.GetItem(String path) in D:\actions-runner\_work\XPCO\XPCO\MIP\MIPSDK\tst\VideoOS.Platform.SDK.UnitTests\EnvironmentTests\TestsWithCorporateShimsBase.cs:line 227&#xD;
   at VideoOS.Platform.Proxy.ConfigApi.ConfigurationApiItemWrapper..ctor(ServerId serverId, String path) in D:\actions-runner\_work\XPCO\XPCO\MIP\PlatformPlugin\VideoOS.Platform\src\Proxy\ConfigApi\ConfigurationApiItemWrapper.cs:line 110&#xD;
   at VideoOS.Platform.ConfigurationItems.Factory.IsItemTypeSupported(ServerId serverId, String itemType) in D:\actions-runner\_work\XPCO\XPCO\MIP\PlatformPlugin\VideoOS.Platform\src\ConfigurationItems\Factory.cs:line 464&#xD;
MIP: Error: ConfigurationApiItemWrapper (): ConfigAPI GetItem(): System.NotImplementedException, The method or operation is not implemented.&#xD;
MIP: Error: Factory.IsItemTypeSupported (): Exception source:      VideoOS.Platform.SDK.UnitTests&#xD;
Exception type:        System.NotImplementedException&#xD;
Exception message:     The method or operation is not implemented.&#xD;
Exception target site: GetItem&#xD;
   at VideoOS.Platform.SDKUnittest.EnvironmentTests.TestConfigurationClientService.GetItem(String path) in D:\actions-runner\_work\XPCO\XPCO\MIP\MIPSDK\tst\VideoOS.Platform.SDK.UnitTests\EnvironmentTests\TestsWithCorporateShimsBase.cs:line 227&#xD;
   at VideoOS.Platform.Proxy.ConfigApi.ConfigurationApiItemWrapper..ctor(ServerId serverId, String path) in D:\actions-runner\_work\XPCO\XPCO\MIP\PlatformPlugin\VideoOS.Platform\src\Proxy\ConfigApi\ConfigurationApiItemWrapper.cs:line 110&#xD;
   at VideoOS.Platform.ConfigurationItems.Factory.IsItemTypeSupported(ServerId serverId, String itemType) in D:\actions-runner\_work\XPCO\XPCO\MIP\PlatformPlugin\VideoOS.Platform\src\ConfigurationItems\Factory.cs:line 464&#xD;
&#xD;
Factory.IsItemTypeSupportedFactory.IsItemTypeSupported ()The method or operation is not implemented.   at VideoOS.Platform.SDKUnittest.EnvironmentTests.TestConfigurationClientService.GetItem(String path) in D:\actions-runner\_work\XPCO\XPCO\MIP\MIPSDK\tst\VideoOS.Platform.SDK.UnitTests\EnvironmentTests\TestsWithCorporateShimsBase.cs:line 227&#xD;
   at VideoOS.Platform.Proxy.ConfigApi.ConfigurationApiItemWrapper..ctor(ServerId serverId, String path) in D:\actions-runner\_work\XPCO\XPCO\MIP\PlatformPlugin\VideoOS.Platform\src\Proxy\ConfigApi\ConfigurationApiItemWrapper.cs:line 110&#xD;
   at VideoOS.Platform.ConfigurationItems.Factory.IsItemTypeSupported(ServerId serverId, String itemType) in D:\actions-runner\_work\XPCO\XPCO\MIP\PlatformPlugin\VideoOS.Platform\src\ConfigurationItems\Factory.cs:line 464&#xD;
MIP: Error: LoginServerOauth (): https://1.2.3.5:55/ManagementServer/ServerCommandServiceOAuth.svc The method or operation is not implemented.&#xD;
MIP: Error: ConfigurationApiItemWrapper (): ConfigAPI GetItem(): System.NotImplementedException, The method or operation is not implemented.&#xD;
MIP: Error: Factory.IsItemTypeSupported (): Exception source:      VideoOS.Platform.SDK.UnitTests&#xD;
Exception type:        System.NotImplementedException&#xD;
Exception message:     The method or operation is not implemented.&#xD;
Exception target site: GetItem&#xD;
   at VideoOS.Platform.SDKUnittest.EnvironmentTests.TestConfigurationClientService.GetItem(String path) in D:\actions-runner\_work\XPCO\XPCO\MIP\MIPSDK\tst\VideoOS.Platform.SDK.UnitTests\EnvironmentTests\TestsWithCorporateShimsBase.cs:line 227&#xD;
   at VideoOS.Platform.Proxy.ConfigApi.ConfigurationApiItemWrapper..ctor(ServerId serverId, String path) in D:\actions-runner\_work\XPCO\XPCO\MIP\PlatformPlugin\VideoOS.Platform\src\Proxy\ConfigApi\ConfigurationApiItemWrapper.cs:line 110&#xD;
   at VideoOS.Platform.ConfigurationItems.Factory.IsItemTypeSupported(ServerId serverId, String itemType) in D:\actions-runner\_work\XPCO\XPCO\MIP\PlatformPlugin\VideoOS.Platform\src\ConfigurationItems\Factory.cs:line 464&#xD;
&#xD;
Factory.IsItemTypeSupportedFactory.IsItemTypeSupported ()The method or operation is not implemented.   at VideoOS.Platform.SDKUnittest.EnvironmentTests.TestConfigurationClientService.GetItem(String path) in D:\actions-runner\_work\XPCO\XPCO\MIP\MIPSDK\tst\VideoOS.Platform.SDK.UnitTests\EnvironmentTests\TestsWithCorporateShimsBase.cs:line 227&#xD;
   at VideoOS.Platform.Proxy.ConfigApi.ConfigurationApiItemWrapper..ctor(ServerId serverId, String path) in D:\actions-runner\_work\XPCO\XPCO\MIP\PlatformPlugin\VideoOS.Platform\src\Proxy\ConfigApi\ConfigurationApiItemWrapper.cs:line 110&#xD;
   at VideoOS.Platform.ConfigurationItems.Factory.IsItemTypeSupported(ServerId serverId, String itemType) in D:\actions-runner\_work\XPCO\XPCO\MIP\PlatformPlugin\VideoOS.Platform\src\ConfigurationItems\Factory.cs:line 464&#xD;
MIP: Error: GetConfiguration (): CustomSetting not found for the given platformDefinitionId: e145597a-ecaf-40a1-99e6-14bb9d45a09e&#xD;
MIP: Error: ConfigurationApiItemWrapper (): ConfigAPI GetItem(): System.NotImplementedException, The method or operation is not implemented.&#xD;
MIP: Error: Factory.IsItemTypeSupported (): Exception source:      VideoOS.Platform.SDK.UnitTests&#xD;
Exception type:        System.NotImplementedException&#xD;
Exception message:     The method or operation is not implemented.&#xD;
Exception target site: GetItem&#xD;
   at VideoOS.Platform.SDKUnittest.EnvironmentTests.TestConfigurationClientService.GetItem(String path) in D:\actions-runner\_work\XPCO\XPCO\MIP\MIPSDK\tst\VideoOS.Platform.SDK.UnitTests\EnvironmentTests\TestsWithCorporateShimsBase.cs:line 227&#xD;
   at VideoOS.Platform.Proxy.ConfigApi.ConfigurationApiItemWrapper..ctor(ServerId serverId, String path) in D:\actions-runner\_work\XPCO\XPCO\MIP\PlatformPlugin\VideoOS.Platform\src\Proxy\ConfigApi\ConfigurationApiItemWrapper.cs:line 110&#xD;
   at VideoOS.Platform.ConfigurationItems.Factory.IsItemTypeSupported(ServerId serverId, String itemType) in D:\actions-runner\_work\XPCO\XPCO\MIP\PlatformPlugin\VideoOS.Platform\src\ConfigurationItems\Factory.cs:line 464&#xD;
&#xD;
Factory.IsItemTypeSupportedFactory.IsItemTypeSupported ()The method or operation is not implemented.   at VideoOS.Platform.SDKUnittest.EnvironmentTests.TestConfigurationClientService.GetItem(String path) in D:\actions-runner\_work\XPCO\XPCO\MIP\MIPSDK\tst\VideoOS.Platform.SDK.UnitTests\EnvironmentTests\TestsWithCorporateShimsBase.cs:line 227&#xD;
   at VideoOS.Platform.Proxy.ConfigApi.ConfigurationApiItemWrapper..ctor(ServerId serverId, String path) in D:\actions-runner\_work\XPCO\XPCO\MIP\PlatformPlugin\VideoOS.Platform\src\Proxy\ConfigApi\ConfigurationApiItemWrapper.cs:line 110&#xD;
   at VideoOS.Platform.ConfigurationItems.Factory.IsItemTypeSupported(ServerId serverId, String itemType) in D:\actions-runner\_work\XPCO\XPCO\MIP\PlatformPlugin\VideoOS.Platform\src\ConfigurationItems\Factory.cs:line 464&#xD;
MIP: Error: LoginServerOauth (): https://1.2.3.5:55/ManagementServer/ServerCommandServiceOAuth.svc The method or operation is not implemented.</StdOut>
      </Output>
    </UnitTestResult>
    <UnitTestResult executionId="62c38481-be9f-4919-ad9f-7302bf4e69bb" testId="56cbaa9d-4f02-3ab9-a0f7-ef1ee9ad216c" testName="XpcoSiteInfoUriWithType" computerName="DKSR-EFI-04" duration="00:00:00.1881601" startTime="2023-12-22T09:36:33.6165541+01:00" endTime="2023-12-22T09:36:33.8040566+01:00" testType="13cdc9d9-ddb5-4fa4-a97d-d965ccfc6d4b" outcome="Passed" testListId="8c84fa94-04c1-424b-9868-57a2d4851a1d" relativeResultsDirectory="62c38481-be9f-4919-ad9f-7302bf4e69bb">
      <Output>
        <StdOut>Debug Trace:&#xD;
TopLevelControl returns null. PostMessage may have problems</StdOut>
      </Output>
    </UnitTestResult>
    <UnitTestResult executionId="5c38df8a-4977-4479-ada0-f890c248d371" testId="ae70990e-978a-6321-3b73-faa00506386d" testName="StartRecording_ShouldThrowException_WhenAudioRecorderIsNotInitialized" computerName="DKSR-EFI-04" duration="00:00:00.0012129" startTime="2023-12-22T09:36:47.3510013+01:00" endTime="2023-12-22T09:36:47.3510013+01:00" testType="13cdc9d9-ddb5-4fa4-a97d-d965ccfc6d4b" outcome="Passed" testListId="8c84fa94-04c1-424b-9868-57a2d4851a1d" relativeResultsDirectory="5c38df8a-4977-4479-ada0-f890c248d371" />
    <UnitTestResult executionId="2734c971-6cfe-4a93-b8dc-25703386527d" testId="52b4d95e-92b1-ab9e-b0b4-d924fa19acdb" testName="TryCreateParentUri_WhenNogotiateAuthHasCredential_ReturnsUrl" computerName="DKSR-EFI-04" duration="00:00:00.0009732" startTime="2023-12-22T09:36:14.4602080+01:00" endTime="2023-12-22T09:36:14.4602080+01:00" testType="13cdc9d9-ddb5-4fa4-a97d-d965ccfc6d4b" outcome="Passed" testListId="8c84fa94-04c1-424b-9868-57a2d4851a1d" relativeResultsDirectory="2734c971-6cfe-4a93-b8dc-25703386527d" />
    <UnitTestResult executionId="bae77ee8-d1ca-471f-a7c0-acd4bd51ff21" testId="2103768b-e3ae-bb7b-a558-43eb22b0beac" testName="GetBitmapFirst" computerName="DKSR-EFI-04" duration="00:00:02.5096712" startTime="2023-12-22T09:35:38.6006391+01:00" endTime="2023-12-22T09:35:41.1162774+01:00" testType="13cdc9d9-ddb5-4fa4-a97d-d965ccfc6d4b" outcome="Passed" testListId="8c84fa94-04c1-424b-9868-57a2d4851a1d" relativeResultsDirectory="bae77ee8-d1ca-471f-a7c0-acd4bd51ff21">
      <Output>
        <StdOut>Debug Trace:&#xD;
MIP: Error: GetConfiguration (): CustomSetting not found for the given platformDefinitionId: e145597a-ecaf-40a1-99e6-14bb9d45a09e&#xD;
MIP: Error: GetConfiguration (): CustomSetting not found for the given platformDefinitionId: e145597a-ecaf-40a1-99e6-14bb9d45a09e&#xD;
MIP: Error: GetConfiguration (): CustomSetting not found for the given platformDefinitionId: e145597a-ecaf-40a1-99e6-14bb9d45a09e&#xD;
---- Stream count=0, thread=2</StdOut>
      </Output>
    </UnitTestResult>
    <UnitTestResult executionId="b2262fbb-1fbc-49a3-b291-f01e7e6e1d8f" testId="05f781d9-9be7-1af3-c443-40faaa2345fc" testName="CheckToMilisecString" computerName="DKSR-EFI-04" duration="00:00:00.0017656" startTime="2023-12-22T09:36:14.6477035+01:00" endTime="2023-12-22T09:36:14.6477035+01:00" testType="13cdc9d9-ddb5-4fa4-a97d-d965ccfc6d4b" outcome="Passed" testListId="8c84fa94-04c1-424b-9868-57a2d4851a1d" relativeResultsDirectory="b2262fbb-1fbc-49a3-b291-f01e7e6e1d8f" />
    <UnitTestResult executionId="3448c1a8-07e0-4bac-b1eb-d19da5d9b02a" testId="507edd3e-d589-f46c-9a31-6fd66195d4a0" testName="StartRecording_ShouldThrowException_WhenFreeIsCalled" computerName="DKSR-EFI-04" duration="00:00:00.0018667" startTime="2023-12-22T09:36:47.3666283+01:00" endTime="2023-12-22T09:36:47.3822520+01:00" testType="13cdc9d9-ddb5-4fa4-a97d-d965ccfc6d4b" outcome="Passed" testListId="8c84fa94-04c1-424b-9868-57a2d4851a1d" relativeResultsDirectory="3448c1a8-07e0-4bac-b1eb-d19da5d9b02a" />
    <UnitTestResult executionId="36621ad0-b153-48b0-856b-f882c02e426a" testId="fbaf1dda-566e-cc79-d509-7e9e6a1689d9" testName="PlaybackStart_AlreadyPlayingPlayback_AvoidsToolkitReentry" computerName="DKSR-EFI-04" duration="00:00:00.0037448" startTime="2023-12-22T09:36:47.5697542+01:00" endTime="2023-12-22T09:36:47.5853787+01:00" testType="13cdc9d9-ddb5-4fa4-a97d-d965ccfc6d4b" outcome="Passed" testListId="8c84fa94-04c1-424b-9868-57a2d4851a1d" relativeResultsDirectory="36621ad0-b153-48b0-856b-f882c02e426a" />
    <UnitTestResult executionId="47ddc340-bab8-4aea-9846-a5bec9799318" testId="4cc2af54-3704-7ced-d419-f08afbf26159" testName="StartRecording_ShouldStartRecording_WhenAudioRecorderIsInitialized" computerName="DKSR-EFI-04" duration="00:00:00.0021757" startTime="2023-12-22T09:36:47.3666283+01:00" endTime="2023-12-22T09:36:47.3666283+01:00" testType="13cdc9d9-ddb5-4fa4-a97d-d965ccfc6d4b" outcome="Passed" testListId="8c84fa94-04c1-424b-9868-57a2d4851a1d" relativeResultsDirectory="47ddc340-bab8-4aea-9846-a5bec9799318" />
    <UnitTestResult executionId="72d93789-35ae-4c21-9180-2e9f312feb15" testId="1731feec-b95b-cd41-dc58-17e0973fdc80" testName="XpcoMultiUserLoginSingleServerIsOnline" computerName="DKSR-EFI-04" duration="00:00:01.0844303" startTime="2023-12-22T09:36:32.3352967+01:00" endTime="2023-12-22T09:36:33.4290538+01:00" testType="13cdc9d9-ddb5-4fa4-a97d-d965ccfc6d4b" outcome="Passed" testListId="8c84fa94-04c1-424b-9868-57a2d4851a1d" relativeResultsDirectory="72d93789-35ae-4c21-9180-2e9f312feb15">
      <Output>
        <StdOut>Debug Trace:&#xD;
TopLevelControl returns null. PostMessage may have problems&#xD;
MIP: Error: ConfigurationApiItemWrapper (): ConfigAPI GetItem(): System.NotImplementedException, The method or operation is not implemented.&#xD;
MIP: Error: Factory.IsItemTypeSupported (): Exception source:      VideoOS.Platform.SDK.UnitTests&#xD;
Exception type:        System.NotImplementedException&#xD;
Exception message:     The method or operation is not implemented.&#xD;
Exception target site: GetItem&#xD;
   at VideoOS.Platform.SDKUnittest.EnvironmentTests.TestConfigurationClientService.GetItem(String path) in D:\actions-runner\_work\XPCO\XPCO\MIP\MIPSDK\tst\VideoOS.Platform.SDK.UnitTests\EnvironmentTests\TestsWithCorporateShimsBase.cs:line 227&#xD;
   at VideoOS.Platform.Proxy.ConfigApi.ConfigurationApiItemWrapper..ctor(ServerId serverId, String path) in D:\actions-runner\_work\XPCO\XPCO\MIP\PlatformPlugin\VideoOS.Platform\src\Proxy\ConfigApi\ConfigurationApiItemWrapper.cs:line 110&#xD;
   at VideoOS.Platform.ConfigurationItems.Factory.IsItemTypeSupported(ServerId serverId, String itemType) in D:\actions-runner\_work\XPCO\XPCO\MIP\PlatformPlugin\VideoOS.Platform\src\ConfigurationItems\Factory.cs:line 464&#xD;
&#xD;
Factory.IsItemTypeSupportedFactory.IsItemTypeSupported ()The method or operation is not implemented.   at VideoOS.Platform.SDKUnittest.EnvironmentTests.TestConfigurationClientService.GetItem(String path) in D:\actions-runner\_work\XPCO\XPCO\MIP\MIPSDK\tst\VideoOS.Platform.SDK.UnitTests\EnvironmentTests\TestsWithCorporateShimsBase.cs:line 227&#xD;
   at VideoOS.Platform.Proxy.ConfigApi.ConfigurationApiItemWrapper..ctor(ServerId serverId, String path) in D:\actions-runner\_work\XPCO\XPCO\MIP\PlatformPlugin\VideoOS.Platform\src\Proxy\ConfigApi\ConfigurationApiItemWrapper.cs:line 110&#xD;
   at VideoOS.Platform.ConfigurationItems.Factory.IsItemTypeSupported(ServerId serverId, String itemType) in D:\actions-runner\_work\XPCO\XPCO\MIP\PlatformPlugin\VideoOS.Platform\src\ConfigurationItems\Factory.cs:line 464&#xD;
MIP: Error: GetConfiguration (): CustomSetting not found for the given platformDefinitionId: e145597a-ecaf-40a1-99e6-14bb9d45a09e&#xD;
MIP: Error: ConfigurationApiItemWrapper (): ConfigAPI GetItem(): System.NotImplementedException, The method or operation is not implemented.&#xD;
MIP: Error: Factory.IsItemTypeSupported (): Exception source:      VideoOS.Platform.SDK.UnitTests&#xD;
Exception type:        System.NotImplementedException&#xD;
Exception message:     The method or operation is not implemented.&#xD;
Exception target site: GetItem&#xD;
   at VideoOS.Platform.SDKUnittest.EnvironmentTests.TestConfigurationClientService.GetItem(String path) in D:\actions-runner\_work\XPCO\XPCO\MIP\MIPSDK\tst\VideoOS.Platform.SDK.UnitTests\EnvironmentTests\TestsWithCorporateShimsBase.cs:line 227&#xD;
   at VideoOS.Platform.Proxy.ConfigApi.ConfigurationApiItemWrapper..ctor(ServerId serverId, String path) in D:\actions-runner\_work\XPCO\XPCO\MIP\PlatformPlugin\VideoOS.Platform\src\Proxy\ConfigApi\ConfigurationApiItemWrapper.cs:line 110&#xD;
   at VideoOS.Platform.ConfigurationItems.Factory.IsItemTypeSupported(ServerId serverId, String itemType) in D:\actions-runner\_work\XPCO\XPCO\MIP\PlatformPlugin\VideoOS.Platform\src\ConfigurationItems\Factory.cs:line 464&#xD;
&#xD;
Factory.IsItemTypeSupportedFactory.IsItemTypeSupported ()The method or operation is not implemented.   at VideoOS.Platform.SDKUnittest.EnvironmentTests.TestConfigurationClientService.GetItem(String path) in D:\actions-runner\_work\XPCO\XPCO\MIP\MIPSDK\tst\VideoOS.Platform.SDK.UnitTests\EnvironmentTests\TestsWithCorporateShimsBase.cs:line 227&#xD;
   at VideoOS.Platform.Proxy.ConfigApi.ConfigurationApiItemWrapper..ctor(ServerId serverId, String path) in D:\actions-runner\_work\XPCO\XPCO\MIP\PlatformPlugin\VideoOS.Platform\src\Proxy\ConfigApi\ConfigurationApiItemWrapper.cs:line 110&#xD;
   at VideoOS.Platform.ConfigurationItems.Factory.IsItemTypeSupported(ServerId serverId, String itemType) in D:\actions-runner\_work\XPCO\XPCO\MIP\PlatformPlugin\VideoOS.Platform\src\ConfigurationItems\Factory.cs:line 464&#xD;
MIP: Error: LoginServerOauth (): https://1.2.3.5:55/ManagementServer/ServerCommandServiceOAuth.svc The method or operation is not implemented.&#xD;
MIP: Error: ConfigurationApiItemWrapper (): ConfigAPI GetItem(): System.NotImplementedException, The method or operation is not implemented.&#xD;
MIP: Error: Factory.IsItemTypeSupported (): Exception source:      VideoOS.Platform.SDK.UnitTests&#xD;
Exception type:        System.NotImplementedException&#xD;
Exception message:     The method or operation is not implemented.&#xD;
Exception target site: GetItem&#xD;
   at VideoOS.Platform.SDKUnittest.EnvironmentTests.TestConfigurationClientService.GetItem(String path) in D:\actions-runner\_work\XPCO\XPCO\MIP\MIPSDK\tst\VideoOS.Platform.SDK.UnitTests\EnvironmentTests\TestsWithCorporateShimsBase.cs:line 227&#xD;
   at VideoOS.Platform.Proxy.ConfigApi.ConfigurationApiItemWrapper..ctor(ServerId serverId, String path) in D:\actions-runner\_work\XPCO\XPCO\MIP\PlatformPlugin\VideoOS.Platform\src\Proxy\ConfigApi\ConfigurationApiItemWrapper.cs:line 110&#xD;
   at VideoOS.Platform.ConfigurationItems.Factory.IsItemTypeSupported(ServerId serverId, String itemType) in D:\actions-runner\_work\XPCO\XPCO\MIP\PlatformPlugin\VideoOS.Platform\src\ConfigurationItems\Factory.cs:line 464&#xD;
&#xD;
Factory.IsItemTypeSupportedFactory.IsItemTypeSupported ()The method or operation is not implemented.   at VideoOS.Platform.SDKUnittest.EnvironmentTests.TestConfigurationClientService.GetItem(String path) in D:\actions-runner\_work\XPCO\XPCO\MIP\MIPSDK\tst\VideoOS.Platform.SDK.UnitTests\EnvironmentTests\TestsWithCorporateShimsBase.cs:line 227&#xD;
   at VideoOS.Platform.Proxy.ConfigApi.ConfigurationApiItemWrapper..ctor(ServerId serverId, String path) in D:\actions-runner\_work\XPCO\XPCO\MIP\PlatformPlugin\VideoOS.Platform\src\Proxy\ConfigApi\ConfigurationApiItemWrapper.cs:line 110&#xD;
   at VideoOS.Platform.ConfigurationItems.Factory.IsItemTypeSupported(ServerId serverId, String itemType) in D:\actions-runner\_work\XPCO\XPCO\MIP\PlatformPlugin\VideoOS.Platform\src\ConfigurationItems\Factory.cs:line 464&#xD;
MIP: Error: GetConfiguration (): CustomSetting not found for the given platformDefinitionId: e145597a-ecaf-40a1-99e6-14bb9d45a09e&#xD;
MIP: Error: ConfigurationApiItemWrapper (): ConfigAPI GetItem(): System.NotImplementedException, The method or operation is not implemented.&#xD;
MIP: Error: Factory.IsItemTypeSupported (): Exception source:      VideoOS.Platform.SDK.UnitTests&#xD;
Exception type:        System.NotImplementedException&#xD;
Exception message:     The method or operation is not implemented.&#xD;
Exception target site: GetItem&#xD;
   at VideoOS.Platform.SDKUnittest.EnvironmentTests.TestConfigurationClientService.GetItem(String path) in D:\actions-runner\_work\XPCO\XPCO\MIP\MIPSDK\tst\VideoOS.Platform.SDK.UnitTests\EnvironmentTests\TestsWithCorporateShimsBase.cs:line 227&#xD;
   at VideoOS.Platform.Proxy.ConfigApi.ConfigurationApiItemWrapper..ctor(ServerId serverId, String path) in D:\actions-runner\_work\XPCO\XPCO\MIP\PlatformPlugin\VideoOS.Platform\src\Proxy\ConfigApi\ConfigurationApiItemWrapper.cs:line 110&#xD;
   at VideoOS.Platform.ConfigurationItems.Factory.IsItemTypeSupported(ServerId serverId, String itemType) in D:\actions-runner\_work\XPCO\XPCO\MIP\PlatformPlugin\VideoOS.Platform\src\ConfigurationItems\Factory.cs:line 464&#xD;
&#xD;
Factory.IsItemTypeSupportedFactory.IsItemTypeSupported ()The method or operation is not implemented.   at VideoOS.Platform.SDKUnittest.EnvironmentTests.TestConfigurationClientService.GetItem(String path) in D:\actions-runner\_work\XPCO\XPCO\MIP\MIPSDK\tst\VideoOS.Platform.SDK.UnitTests\EnvironmentTests\TestsWithCorporateShimsBase.cs:line 227&#xD;
   at VideoOS.Platform.Proxy.ConfigApi.ConfigurationApiItemWrapper..ctor(ServerId serverId, String path) in D:\actions-runner\_work\XPCO\XPCO\MIP\PlatformPlugin\VideoOS.Platform\src\Proxy\ConfigApi\ConfigurationApiItemWrapper.cs:line 110&#xD;
   at VideoOS.Platform.ConfigurationItems.Factory.IsItemTypeSupported(ServerId serverId, String itemType) in D:\actions-runner\_work\XPCO\XPCO\MIP\PlatformPlugin\VideoOS.Platform\src\ConfigurationItems\Factory.cs:line 464&#xD;
MIP: Error: LoginServerOauth (): https://1.2.3.5:55/ManagementServer/ServerCommandServiceOAuth.svc The method or operation is not implemented.&#xD;
MIP: Error: ConfigurationApiItemWrapper (): ConfigAPI GetItem(): System.NotImplementedException, The method or operation is not implemented.&#xD;
MIP: Error: Factory.IsItemTypeSupported (): Exception source:      VideoOS.Platform.SDK.UnitTests&#xD;
Exception type:        System.NotImplementedException&#xD;
Exception message:     The method or operation is not implemented.&#xD;
Exception target site: GetItem&#xD;
   at VideoOS.Platform.SDKUnittest.EnvironmentTests.TestConfigurationClientService.GetItem(String path) in D:\actions-runner\_work\XPCO\XPCO\MIP\MIPSDK\tst\VideoOS.Platform.SDK.UnitTests\EnvironmentTests\TestsWithCorporateShimsBase.cs:line 227&#xD;
   at VideoOS.Platform.Proxy.ConfigApi.ConfigurationApiItemWrapper..ctor(ServerId serverId, String path) in D:\actions-runner\_work\XPCO\XPCO\MIP\PlatformPlugin\VideoOS.Platform\src\Proxy\ConfigApi\ConfigurationApiItemWrapper.cs:line 110&#xD;
   at VideoOS.Platform.ConfigurationItems.Factory.IsItemTypeSupported(ServerId serverId, String itemType) in D:\actions-runner\_work\XPCO\XPCO\MIP\PlatformPlugin\VideoOS.Platform\src\ConfigurationItems\Factory.cs:line 464&#xD;
&#xD;
Factory.IsItemTypeSupportedFactory.IsItemTypeSupported ()The method or operation is not implemented.   at VideoOS.Platform.SDKUnittest.EnvironmentTests.TestConfigurationClientService.GetItem(String path) in D:\actions-runner\_work\XPCO\XPCO\MIP\MIPSDK\tst\VideoOS.Platform.SDK.UnitTests\EnvironmentTests\TestsWithCorporateShimsBase.cs:line 227&#xD;
   at VideoOS.Platform.Proxy.ConfigApi.ConfigurationApiItemWrapper..ctor(ServerId serverId, String path) in D:\actions-runner\_work\XPCO\XPCO\MIP\PlatformPlugin\VideoOS.Platform\src\Proxy\ConfigApi\ConfigurationApiItemWrapper.cs:line 110&#xD;
   at VideoOS.Platform.ConfigurationItems.Factory.IsItemTypeSupported(ServerId serverId, String itemType) in D:\actions-runner\_work\XPCO\XPCO\MIP\PlatformPlugin\VideoOS.Platform\src\ConfigurationItems\Factory.cs:line 464&#xD;
MIP: Error: ConfigurationApiItemWrapper (): ConfigAPI GetItem(): System.NotImplementedException, The method or operation is not implemented.&#xD;
MIP: Error: Factory.IsItemTypeSupported (): Exception source:      VideoOS.Platform.SDK.UnitTests&#xD;
Exception type:        System.NotImplementedException&#xD;
Exception message:     The method or operation is not implemented.&#xD;
Exception target site: GetItem&#xD;
   at VideoOS.Platform.SDKUnittest.EnvironmentTests.TestConfigurationClientService.GetItem(String path) in D:\actions-runner\_work\XPCO\XPCO\MIP\MIPSDK\tst\VideoOS.Platform.SDK.UnitTests\EnvironmentTests\TestsWithCorporateShimsBase.cs:line 227&#xD;
   at VideoOS.Platform.Proxy.ConfigApi.ConfigurationApiItemWrapper..ctor(ServerId serverId, String path) in D:\actions-runner\_work\XPCO\XPCO\MIP\PlatformPlugin\VideoOS.Platform\src\Proxy\ConfigApi\ConfigurationApiItemWrapper.cs:line 110&#xD;
   at VideoOS.Platform.ConfigurationItems.Factory.IsItemTypeSupported(ServerId serverId, String itemType) in D:\actions-runner\_work\XPCO\XPCO\MIP\PlatformPlugin\VideoOS.Platform\src\ConfigurationItems\Factory.cs:line 464&#xD;
&#xD;
Factory.IsItemTypeSupportedFactory.IsItemTypeSupported ()The method or operation is not implemented.   at VideoOS.Platform.SDKUnittest.EnvironmentTests.TestConfigurationClientService.GetItem(String path) in D:\actions-runner\_work\XPCO\XPCO\MIP\MIPSDK\tst\VideoOS.Platform.SDK.UnitTests\EnvironmentTests\TestsWithCorporateShimsBase.cs:line 227&#xD;
   at VideoOS.Platform.Proxy.ConfigApi.ConfigurationApiItemWrapper..ctor(ServerId serverId, String path) in D:\actions-runner\_work\XPCO\XPCO\MIP\PlatformPlugin\VideoOS.Platform\src\Proxy\ConfigApi\ConfigurationApiItemWrapper.cs:line 110&#xD;
   at VideoOS.Platform.ConfigurationItems.Factory.IsItemTypeSupported(ServerId serverId, String itemType) in D:\actions-runner\_work\XPCO\XPCO\MIP\PlatformPlugin\VideoOS.Platform\src\ConfigurationItems\Factory.cs:line 464&#xD;
MIP: Error: LoginServerOauth (): https://1.2.3.5:55/ManagementServer/ServerCommandServiceOAuth.svc The method or operation is not implemented.&#xD;
MIP: Error: ConfigurationApiItemWrapper (): ConfigAPI GetItem(): System.NotImplementedException, The method or operation is not implemented.&#xD;
MIP: Error: Factory.IsItemTypeSupported (): Exception source:      VideoOS.Platform.SDK.UnitTests&#xD;
Exception type:        System.NotImplementedException&#xD;
Exception message:     The method or operation is not implemented.&#xD;
Exception target site: GetItem&#xD;
   at VideoOS.Platform.SDKUnittest.EnvironmentTests.TestConfigurationClientService.GetItem(String path) in D:\actions-runner\_work\XPCO\XPCO\MIP\MIPSDK\tst\VideoOS.Platform.SDK.UnitTests\EnvironmentTests\TestsWithCorporateShimsBase.cs:line 227&#xD;
   at VideoOS.Platform.Proxy.ConfigApi.ConfigurationApiItemWrapper..ctor(ServerId serverId, String path) in D:\actions-runner\_work\XPCO\XPCO\MIP\PlatformPlugin\VideoOS.Platform\src\Proxy\ConfigApi\ConfigurationApiItemWrapper.cs:line 110&#xD;
   at VideoOS.Platform.ConfigurationItems.Factory.IsItemTypeSupported(ServerId serverId, String itemType) in D:\actions-runner\_work\XPCO\XPCO\MIP\PlatformPlugin\VideoOS.Platform\src\ConfigurationItems\Factory.cs:line 464&#xD;
&#xD;
Factory.IsItemTypeSupportedFactory.IsItemTypeSupported ()The method or operation is not implemented.   at VideoOS.Platform.SDKUnittest.EnvironmentTests.TestConfigurationClientService.GetItem(String path) in D:\actions-runner\_work\XPCO\XPCO\MIP\MIPSDK\tst\VideoOS.Platform.SDK.UnitTests\EnvironmentTests\TestsWithCorporateShimsBase.cs:line 227&#xD;
   at VideoOS.Platform.Proxy.ConfigApi.ConfigurationApiItemWrapper..ctor(ServerId serverId, String path) in D:\actions-runner\_work\XPCO\XPCO\MIP\PlatformPlugin\VideoOS.Platform\src\Proxy\ConfigApi\ConfigurationApiItemWrapper.cs:line 110&#xD;
   at VideoOS.Platform.ConfigurationItems.Factory.IsItemTypeSupported(ServerId serverId, String itemType) in D:\actions-runner\_work\XPCO\XPCO\MIP\PlatformPlugin\VideoOS.Platform\src\ConfigurationItems\Factory.cs:line 464&#xD;
MIP: Error: GetConfiguration (): CustomSetting not found for the given platformDefinitionId: e145597a-ecaf-40a1-99e6-14bb9d45a09e&#xD;
MIP: Error: ConfigurationApiItemWrapper (): ConfigAPI GetItem(): System.NotImplementedException, The method or operation is not implemented.&#xD;
MIP: Error: Factory.IsItemTypeSupported (): Exception source:      VideoOS.Platform.SDK.UnitTests&#xD;
Exception type:        System.NotImplementedException&#xD;
Exception message:     The method or operation is not implemented.&#xD;
Exception target site: GetItem&#xD;
   at VideoOS.Platform.SDKUnittest.EnvironmentTests.TestConfigurationClientService.GetItem(String path) in D:\actions-runner\_work\XPCO\XPCO\MIP\MIPSDK\tst\VideoOS.Platform.SDK.UnitTests\EnvironmentTests\TestsWithCorporateShimsBase.cs:line 227&#xD;
   at VideoOS.Platform.Proxy.ConfigApi.ConfigurationApiItemWrapper..ctor(ServerId serverId, String path) in D:\actions-runner\_work\XPCO\XPCO\MIP\PlatformPlugin\VideoOS.Platform\src\Proxy\ConfigApi\ConfigurationApiItemWrapper.cs:line 110&#xD;
   at VideoOS.Platform.ConfigurationItems.Factory.IsItemTypeSupported(ServerId serverId, String itemType) in D:\actions-runner\_work\XPCO\XPCO\MIP\PlatformPlugin\VideoOS.Platform\src\ConfigurationItems\Factory.cs:line 464&#xD;
&#xD;
Factory.IsItemTypeSupportedFactory.IsItemTypeSupported ()The method or operation is not implemented.   at VideoOS.Platform.SDKUnittest.EnvironmentTests.TestConfigurationClientService.GetItem(String path) in D:\actions-runner\_work\XPCO\XPCO\MIP\MIPSDK\tst\VideoOS.Platform.SDK.UnitTests\EnvironmentTests\TestsWithCorporateShimsBase.cs:line 227&#xD;
   at VideoOS.Platform.Proxy.ConfigApi.ConfigurationApiItemWrapper..ctor(ServerId serverId, String path) in D:\actions-runner\_work\XPCO\XPCO\MIP\PlatformPlugin\VideoOS.Platform\src\Proxy\ConfigApi\ConfigurationApiItemWrapper.cs:line 110&#xD;
   at VideoOS.Platform.ConfigurationItems.Factory.IsItemTypeSupported(ServerId serverId, String itemType) in D:\actions-runner\_work\XPCO\XPCO\MIP\PlatformPlugin\VideoOS.Platform\src\ConfigurationItems\Factory.cs:line 464&#xD;
MIP: Error: LoginServerOauth (): https://1.2.3.5:55/ManagementServer/ServerCommandServiceOAuth.svc The method or operation is not implemented.</StdOut>
      </Output>
    </UnitTestResult>
    <UnitTestResult executionId="433aa2af-473a-472e-b51d-e64a5efe958b" testId="e8d9f86f-c2bc-d844-07f3-5ecc6e65044b" testName="GetLoginSettings_Correct" computerName="DKSR-EFI-04" duration="00:00:00.0017161" startTime="2023-12-22T09:36:14.7883302+01:00" endTime="2023-12-22T09:36:14.7883302+01:00" testType="13cdc9d9-ddb5-4fa4-a97d-d965ccfc6d4b" outcome="Passed" testListId="8c84fa94-04c1-424b-9868-57a2d4851a1d" relativeResultsDirectory="433aa2af-473a-472e-b51d-e64a5efe958b" />
    <UnitTestResult executionId="7a6b2198-1061-4b77-a770-1a1ba29eb3c2" testId="6e531b1c-7ba0-4ec7-9a5b-ff77c5daf1ae" testName="XpcoSiteInfoUri" computerName="DKSR-EFI-04" duration="00:00:00.1806588" startTime="2023-12-22T09:36:33.4290538+01:00" endTime="2023-12-22T09:36:33.6009311+01:00" testType="13cdc9d9-ddb5-4fa4-a97d-d965ccfc6d4b" outcome="Passed" testListId="8c84fa94-04c1-424b-9868-57a2d4851a1d" relativeResultsDirectory="7a6b2198-1061-4b77-a770-1a1ba29eb3c2">
      <Output>
        <StdOut>Debug Trace:&#xD;
TopLevelControl returns null. PostMessage may have problems</StdOut>
      </Output>
    </UnitTestResult>
    <UnitTestResult executionId="0fce76b6-dbea-4b42-91e3-cce6282ec961" testId="f232c283-5c67-bba8-153c-a9bb7624a0ae" testName="XpcoSiteInfoUriNoSuccessActiveDirectory" computerName="DKSR-EFI-04" duration="00:00:00.3572960" startTime="2023-12-22T09:36:20.4914855+01:00" endTime="2023-12-22T09:36:20.8508604+01:00" testType="13cdc9d9-ddb5-4fa4-a97d-d965ccfc6d4b" outcome="Passed" testListId="8c84fa94-04c1-424b-9868-57a2d4851a1d" relativeResultsDirectory="0fce76b6-dbea-4b42-91e3-cce6282ec961">
      <Output>
        <StdOut>Debug Trace:&#xD;
12/22/2023 9:36:20 AMFindBestAddress - Start for: https://4.4.4.4:55/, type=XPCO&#xD;
12/22/2023 9:36:20 AMFindBestAddress - Start for: http://4.4.4.4:55/, type=XPCO&#xD;
ConnectionCheck:https://4.4.4.4:55/  :The method or operation is not implemented.&#xD;
ConnectionCheck for:https://4.4.4.4:55/, Took:265ms&#xD;
12/22/2023 9:36:20 AMFindBestAddress - End for: https://4.4.4.4:55/, type=XPCO&#xD;
ConnectionCheck:http://4.4.4.4:55/  :The method or operation is not implemented.&#xD;
ConnectionCheck for:http://4.4.4.4:55/, Took:250ms&#xD;
12/22/2023 9:36:20 AMFindBestAddress - End for: http://4.4.4.4:55/, type=XPCO&#xD;
MIP: Error: FindBestAddress (): No server found on address: http://4.4.4.4:55/&#xD;
ConstructLoginServer: Unable to identify server type:4.4.4.4</StdOut>
      </Output>
    </UnitTestResult>
    <UnitTestResult executionId="72ad06be-089a-42cc-8ead-de608ba7b104" testId="892ffa70-f349-35d4-9ae8-df9e08b6a0a5" testName="MergeCredentialCache_WhenException_Logs" computerName="DKSR-EFI-04" duration="00:00:00.0057296" startTime="2023-12-22T09:36:14.4914519+01:00" endTime="2023-12-22T09:36:14.4914519+01:00" testType="13cdc9d9-ddb5-4fa4-a97d-d965ccfc6d4b" outcome="Passed" testListId="8c84fa94-04c1-424b-9868-57a2d4851a1d" relativeResultsDirectory="72ad06be-089a-42cc-8ead-de608ba7b104" />
    <UnitTestResult executionId="30817b85-33e9-49d9-b583-af6abf932bab" testId="b83b8ad4-ac25-cb04-0854-f08db09e6b81" testName="HandleAudioData_Muted_SamplesAdded" computerName="DKSR-EFI-04" duration="00:00:00.0016372" startTime="2023-12-22T09:36:47.6635044+01:00" endTime="2023-12-22T09:36:47.6635044+01:00" testType="13cdc9d9-ddb5-4fa4-a97d-d965ccfc6d4b" outcome="Passed" testListId="8c84fa94-04c1-424b-9868-57a2d4851a1d" relativeResultsDirectory="30817b85-33e9-49d9-b583-af6abf932bab" />
    <UnitTestResult executionId="e1dd19b1-5404-4eb0-803a-752194659266" testId="15ad8216-9c14-c256-63f8-389788086f93" testName="When_MipTokenCacheIsSet_BearerTokenBehaviourIsAdded" computerName="DKSR-EFI-04" duration="00:00:00.7136424" startTime="2023-12-22T09:36:13.6633261+01:00" endTime="2023-12-22T09:36:14.3820781+01:00" testType="13cdc9d9-ddb5-4fa4-a97d-d965ccfc6d4b" outcome="Passed" testListId="8c84fa94-04c1-424b-9868-57a2d4851a1d" relativeResultsDirectory="e1dd19b1-5404-4eb0-803a-752194659266" />
    <UnitTestResult executionId="487a74cd-b6a7-45e3-a821-74a95adb9ea9" testId="4775d5be-0ebd-4836-7626-4829a69cf7bb" testName="Given_Nothing_When_ConnectSuccessful_Then_NoException" computerName="DKSR-EFI-04" duration="00:00:00.0197359" startTime="2023-12-22T09:36:15.3977092+01:00" endTime="2023-12-22T09:36:15.4133322+01:00" testType="13cdc9d9-ddb5-4fa4-a97d-d965ccfc6d4b" outcome="Passed" testListId="8c84fa94-04c1-424b-9868-57a2d4851a1d" relativeResultsDirectory="487a74cd-b6a7-45e3-a821-74a95adb9ea9" />
    <UnitTestResult executionId="d738ef2b-9648-461c-8bb0-3160c0332ca5" testId="7a5a60cf-65df-425a-ef34-31b7542d0324" testName="Given_TwoPendingCommands_When_ReceivingResponsesForBothCommans_Then_ResponsesArePairedWithCorrectCommand" computerName="DKSR-EFI-04" duration="00:00:00.0380328" startTime="2023-12-22T09:36:15.0227048+01:00" endTime="2023-12-22T09:36:15.0695817+01:00" testType="13cdc9d9-ddb5-4fa4-a97d-d965ccfc6d4b" outcome="Passed" testListId="8c84fa94-04c1-424b-9868-57a2d4851a1d" relativeResultsDirectory="d738ef2b-9648-461c-8bb0-3160c0332ca5" />
    <UnitTestResult executionId="ac5f5263-1599-49b7-bc82-669746a58bea" testId="b4e531fb-82d4-9ed8-d68f-599b17f00f1b" testName="Remove_WhenNotBasicUser_RemovesWithNegotiateAuth" computerName="DKSR-EFI-04" duration="00:00:00.0018534" startTime="2023-12-22T09:36:14.5070776+01:00" endTime="2023-12-22T09:36:14.5070776+01:00" testType="13cdc9d9-ddb5-4fa4-a97d-d965ccfc6d4b" outcome="Passed" testListId="8c84fa94-04c1-424b-9868-57a2d4851a1d" relativeResultsDirectory="ac5f5263-1599-49b7-bc82-669746a58bea" />
    <UnitTestResult executionId="037738f0-07ab-4be9-bf4b-09826b452e09" testId="28d03c63-4b7f-6f07-1925-95fd992db754" testName="ReloadConfiguration_CallsRefreshServer" computerName="DKSR-EFI-04" duration="00:00:00.0039409" startTime="2023-12-22T09:35:19.0381253+01:00" endTime="2023-12-22T09:35:19.0381253+01:00" testType="13cdc9d9-ddb5-4fa4-a97d-d965ccfc6d4b" outcome="Passed" testListId="8c84fa94-04c1-424b-9868-57a2d4851a1d" relativeResultsDirectory="037738f0-07ab-4be9-bf4b-09826b452e09" />
    <UnitTestResult executionId="2f4b13f2-e2bb-4b44-97fb-3061d4c99f5f" testId="bc335d91-1297-3bd7-e46e-c0c3ae74878f" testName="LoadSiteItem_WithServerType_Success" computerName="DKSR-EFI-04" duration="00:00:00.0076809" startTime="2023-12-22T09:35:18.9286586+01:00" endTime="2023-12-22T09:35:18.9286586+01:00" testType="13cdc9d9-ddb5-4fa4-a97d-d965ccfc6d4b" outcome="Passed" testListId="8c84fa94-04c1-424b-9868-57a2d4851a1d" relativeResultsDirectory="2f4b13f2-e2bb-4b44-97fb-3061d4c99f5f" />
    <UnitTestResult executionId="bef43b59-e46c-4504-aee2-8eac8d5d3976" testId="42bdc251-86a2-3f22-7f1a-f6d4ae2e2647" testName="XpcoLoadSiteItemWithNoServerAdded" computerName="DKSR-EFI-04" duration="00:00:00.0716712" startTime="2023-12-22T09:36:38.2728301+01:00" endTime="2023-12-22T09:36:38.3509541+01:00" testType="13cdc9d9-ddb5-4fa4-a97d-d965ccfc6d4b" outcome="Passed" testListId="8c84fa94-04c1-424b-9868-57a2d4851a1d" relativeResultsDirectory="bef43b59-e46c-4504-aee2-8eac8d5d3976" />
    <UnitTestResult executionId="9a09f7b0-907c-4715-b9d1-9f2f4baf3ecc" testId="6921a09d-04ff-2013-2cd1-d68e7b47c780" testName="LoadSiteItem_Success" computerName="DKSR-EFI-04" duration="00:00:00.0401534" startTime="2023-12-22T09:35:18.8817863+01:00" endTime="2023-12-22T09:35:18.9286586+01:00" testType="13cdc9d9-ddb5-4fa4-a97d-d965ccfc6d4b" outcome="Passed" testListId="8c84fa94-04c1-424b-9868-57a2d4851a1d" relativeResultsDirectory="9a09f7b0-907c-4715-b9d1-9f2f4baf3ecc" />
    <UnitTestResult executionId="8b0f7d57-cd20-4e4c-8d44-5f0e8df9e7ce" testId="e7459368-bf71-df4a-32b1-79ab60633652" testName="TryCreateParentUri_WhenFirstUrlKeyPresent_ReturnsIt" computerName="DKSR-EFI-04" duration="00:00:00.0451221" startTime="2023-12-22T09:36:14.3977041+01:00" endTime="2023-12-22T09:36:14.4445767+01:00" testType="13cdc9d9-ddb5-4fa4-a97d-d965ccfc6d4b" outcome="Passed" testListId="8c84fa94-04c1-424b-9868-57a2d4851a1d" relativeResultsDirectory="8b0f7d57-cd20-4e4c-8d44-5f0e8df9e7ce" />
    <UnitTestResult executionId="72ba527f-fdd5-4eaf-a3c9-0c391651e698" testId="efb5b669-69b9-a95a-d1ac-b0ef16a5052e" testName="LiveStart_AlreadyPlayingLive_AvoidsToolkitReentry" computerName="DKSR-EFI-04" duration="00:00:00.0024630" startTime="2023-12-22T09:36:47.5385043+01:00" endTime="2023-12-22T09:36:47.5385043+01:00" testType="13cdc9d9-ddb5-4fa4-a97d-d965ccfc6d4b" outcome="Passed" testListId="8c84fa94-04c1-424b-9868-57a2d4851a1d" relativeResultsDirectory="72ba527f-fdd5-4eaf-a3c9-0c391651e698" />
    <UnitTestResult executionId="f04bb584-8eae-4122-8e61-e2e4b3cc22dd" testId="fb5100d5-9a8d-d95c-0716-79d1d251b3ac" testName="Given_Connected_When_AResponseIsUnSuccesful_Then_AnExceptionIsThrown" computerName="DKSR-EFI-04" duration="00:00:00.1383576" startTime="2023-12-22T09:36:15.0695817+01:00" endTime="2023-12-22T09:36:15.2102070+01:00" testType="13cdc9d9-ddb5-4fa4-a97d-d965ccfc6d4b" outcome="Passed" testListId="8c84fa94-04c1-424b-9868-57a2d4851a1d" relativeResultsDirectory="f04bb584-8eae-4122-8e61-e2e4b3cc22dd" />
    <UnitTestResult executionId="5430718d-f1d0-43a2-ae47-e7e0f2ab7a9d" testId="e630de82-fafd-ad10-afe7-e93e9dd1df87" testName="CheckBaseTime1970FromDouble" computerName="DKSR-EFI-04" duration="00:00:00.0110125" startTime="2023-12-22T09:36:14.5539518+01:00" endTime="2023-12-22T09:36:14.5695779+01:00" testType="13cdc9d9-ddb5-4fa4-a97d-d965ccfc6d4b" outcome="Passed" testListId="8c84fa94-04c1-424b-9868-57a2d4851a1d" relativeResultsDirectory="5430718d-f1d0-43a2-ae47-e7e0f2ab7a9d" />
    <UnitTestResult executionId="9bfb2711-2f8e-40de-a4c3-e2a80aba0398" testId="4df6750c-aff6-44b1-13dd-4de227a8986b" testName="InitializeUnitializeInitialize_ShouldCallServiceInitTwice" computerName="DKSR-EFI-04" duration="00:00:00.0023911" startTime="2023-12-22T09:35:19.9911656+01:00" endTime="2023-12-22T09:35:19.9911656+01:00" testType="13cdc9d9-ddb5-4fa4-a97d-d965ccfc6d4b" outcome="Passed" testListId="8c84fa94-04c1-424b-9868-57a2d4851a1d" relativeResultsDirectory="9bfb2711-2f8e-40de-a4c3-e2a80aba0398" />
    <UnitTestResult executionId="cfaf787a-5d6a-461d-bbb6-88c9d6d77a17" testId="9af294cd-fee0-58b0-3d1f-b496c687f868" testName="Remove_WhenBasicUser_RemovesWithBasicAuth" computerName="DKSR-EFI-04" duration="00:00:00.0064894" startTime="2023-12-22T09:36:14.4914519+01:00" endTime="2023-12-22T09:36:14.5070776+01:00" testType="13cdc9d9-ddb5-4fa4-a97d-d965ccfc6d4b" outcome="Passed" testListId="8c84fa94-04c1-424b-9868-57a2d4851a1d" relativeResultsDirectory="cfaf787a-5d6a-461d-bbb6-88c9d6d77a17" />
    <UnitTestResult executionId="66b6d1ef-09c7-4fe0-a11f-cf080b0628c6" testId="7ab3ecbd-68d0-4cbf-9bde-72fb304bcae6" testName="Remove_WhenCacheHasNoCredential_DoesNothing" computerName="DKSR-EFI-04" duration="00:00:00.0494744" startTime="2023-12-22T09:36:14.5070776+01:00" endTime="2023-12-22T09:36:14.5539518+01:00" testType="13cdc9d9-ddb5-4fa4-a97d-d965ccfc6d4b" outcome="Passed" testListId="8c84fa94-04c1-424b-9868-57a2d4851a1d" relativeResultsDirectory="66b6d1ef-09c7-4fe0-a11f-cf080b0628c6" />
    <UnitTestResult executionId="3656a507-6b1f-4120-90e1-f69f561e34df" testId="0adf935d-caf6-29b9-4c8c-8321341fd342" testName="GetSequencesForMicrophone" computerName="DKSR-EFI-04" duration="00:00:02.2651442" startTime="2023-12-22T09:36:09.7726777+01:00" endTime="2023-12-22T09:36:12.0383141+01:00" testType="13cdc9d9-ddb5-4fa4-a97d-d965ccfc6d4b" outcome="Passed" testListId="8c84fa94-04c1-424b-9868-57a2d4851a1d" relativeResultsDirectory="3656a507-6b1f-4120-90e1-f69f561e34df">
      <Output>
        <StdOut>Debug Trace:&#xD;
MIP: Error: GetConfiguration (): CustomSetting not found for the given platformDefinitionId: e145597a-ecaf-40a1-99e6-14bb9d45a09e&#xD;
MIP: Error: GetConfiguration (): CustomSetting not found for the given platformDefinitionId: e145597a-ecaf-40a1-99e6-14bb9d45a09e&#xD;
MIP: Error: GetConfiguration (): CustomSetting not found for the given platformDefinitionId: e145597a-ecaf-40a1-99e6-14bb9d45a09e</StdOut>
      </Output>
    </UnitTestResult>
    <UnitTestResult executionId="45cfd528-f460-495e-8f57-6e463bd5836a" testId="5519d1bd-8158-0fd7-095a-0bdee9a3940c" testName="ConnectUsingConfiguration_NotCurrentlyPlaying_Success" computerName="DKSR-EFI-04" duration="00:00:00.0038209" startTime="2023-12-22T09:36:47.4916304+01:00" endTime="2023-12-22T09:36:47.4916304+01:00" testType="13cdc9d9-ddb5-4fa4-a97d-d965ccfc6d4b" outcome="Passed" testListId="8c84fa94-04c1-424b-9868-57a2d4851a1d" relativeResultsDirectory="45cfd528-f460-495e-8f57-6e463bd5836a" />
    <UnitTestResult executionId="09b8156b-d1ad-45dd-8e28-9f555ca2ed7b" testId="b65005d3-1361-e0b7-9c4d-43d19b2fd72f" testName="Free_ShouldNotChangeRecordingStatus_WhenRecordingIsStopped" computerName="DKSR-EFI-04" duration="00:00:00.0013751" startTime="2023-12-22T09:36:47.3978792+01:00" endTime="2023-12-22T09:36:47.3978792+01:00" testType="13cdc9d9-ddb5-4fa4-a97d-d965ccfc6d4b" outcome="Passed" testListId="8c84fa94-04c1-424b-9868-57a2d4851a1d" relativeResultsDirectory="09b8156b-d1ad-45dd-8e28-9f555ca2ed7b" />
    <UnitTestResult executionId="25c7c841-1e3c-44dd-85d7-a074e759a218" testId="ed60ffe8-498e-b9e0-cb5e-701cf0899e33" testName="AddServer_WithCredentialCache_Correct" computerName="DKSR-EFI-04" duration="00:00:00.0636776" startTime="2023-12-22T09:35:19.2880370+01:00" endTime="2023-12-22T09:35:19.3505377+01:00" testType="13cdc9d9-ddb5-4fa4-a97d-d965ccfc6d4b" outcome="Passed" testListId="8c84fa94-04c1-424b-9868-57a2d4851a1d" relativeResultsDirectory="25c7c841-1e3c-44dd-85d7-a074e759a218" />
    <UnitTestResult executionId="64a45301-48b2-4961-96f1-c974e4472797" testId="15bcd984-07b3-3ad0-b259-4c4f5e06c1bd" testName="IsLoggedIn_Correct" computerName="DKSR-EFI-04" duration="00:00:00.0053409" startTime="2023-12-22T09:35:19.0224102+01:00" endTime="2023-12-22T09:35:19.0224102+01:00" testType="13cdc9d9-ddb5-4fa4-a97d-d965ccfc6d4b" outcome="Passed" testListId="8c84fa94-04c1-424b-9868-57a2d4851a1d" relativeResultsDirectory="64a45301-48b2-4961-96f1-c974e4472797" />
    <UnitTestResult executionId="d357f394-a368-4bdb-b5d5-836547068d67" testId="2509f740-7111-f1e6-910d-8d9558b1e027" testName="Given_ReceivedMessageIsBadlyFormedJson_When_Parsing_Then_ErrorDescriptionIsReturned" computerName="DKSR-EFI-04" duration="00:00:00.0053126" startTime="2023-12-22T09:36:15.8195840+01:00" endTime="2023-12-22T09:36:15.8195840+01:00" testType="13cdc9d9-ddb5-4fa4-a97d-d965ccfc6d4b" outcome="Passed" testListId="8c84fa94-04c1-424b-9868-57a2d4851a1d" relativeResultsDirectory="d357f394-a368-4bdb-b5d5-836547068d67" />
    <UnitTestResult executionId="6d61bc1c-d6b3-4268-a729-2332944eccac" testId="60409c99-de38-bfcd-7919-8dbdd2d23a16" testName="XpcoIdentificationAndLoginSuccess" computerName="DKSR-EFI-04" duration="00:00:00.1703791" startTime="2023-12-22T09:36:33.8040566+01:00" endTime="2023-12-22T09:36:33.9759303+01:00" testType="13cdc9d9-ddb5-4fa4-a97d-d965ccfc6d4b" outcome="Passed" testListId="8c84fa94-04c1-424b-9868-57a2d4851a1d" relativeResultsDirectory="6d61bc1c-d6b3-4268-a729-2332944eccac">
      <Output>
        <StdOut>Debug Trace:&#xD;
TopLevelControl returns null. PostMessage may have problems</StdOut>
      </Output>
    </UnitTestResult>
    <UnitTestResult executionId="bf193853-26f4-4777-8063-3363744ab2e3" testId="638fe5d5-83ae-859e-df2b-f9eef240ca6f" testName="LogoutByUri_WhenSystemInfoNull_CallsOnlyConfigurationLogout" computerName="DKSR-EFI-04" duration="00:00:00.0083652" startTime="2023-12-22T09:35:19.1474512+01:00" endTime="2023-12-22T09:35:19.1474512+01:00" testType="13cdc9d9-ddb5-4fa4-a97d-d965ccfc6d4b" outcome="Passed" testListId="8c84fa94-04c1-424b-9868-57a2d4851a1d" relativeResultsDirectory="bf193853-26f4-4777-8063-3363744ab2e3" />
    <UnitTestResult executionId="93448031-73b4-43e3-b9b1-163802056dc5" testId="3795da59-268b-cf4c-19da-1cfedc7c684a" testName="IgnoreCaseCompareOk" computerName="DKSR-EFI-04" duration="00:00:00.0015636" startTime="2023-12-22T09:36:14.6633285+01:00" endTime="2023-12-22T09:36:14.6633285+01:00" testType="13cdc9d9-ddb5-4fa4-a97d-d965ccfc6d4b" outcome="Passed" testListId="8c84fa94-04c1-424b-9868-57a2d4851a1d" relativeResultsDirectory="93448031-73b4-43e3-b9b1-163802056dc5" />
    <UnitTestResult executionId="c7257a68-ad97-4f7e-b4cc-23e8f543b0f6" testId="e5fc20b5-92e7-3e56-1ed6-e269e15a74db" testName="Clear_Correct" computerName="DKSR-EFI-04" duration="00:00:00.0006996" startTime="2023-12-22T09:36:14.8039550+01:00" endTime="2023-12-22T09:36:14.8039550+01:00" testType="13cdc9d9-ddb5-4fa4-a97d-d965ccfc6d4b" outcome="Passed" testListId="8c84fa94-04c1-424b-9868-57a2d4851a1d" relativeResultsDirectory="c7257a68-ad97-4f7e-b4cc-23e8f543b0f6" />
    <UnitTestResult executionId="54c056e4-c5ca-40ce-8404-108a7e0183af" testId="d3ce4a46-9062-5855-70fd-ebbcc2b0eafc" testName="TryCreateParentUri_WhenNoAuthHasCredential_ReturnsNull" computerName="DKSR-EFI-04" duration="00:00:00.0015132" startTime="2023-12-22T09:36:14.4602080+01:00" endTime="2023-12-22T09:36:14.4758281+01:00" testType="13cdc9d9-ddb5-4fa4-a97d-d965ccfc6d4b" outcome="Passed" testListId="8c84fa94-04c1-424b-9868-57a2d4851a1d" relativeResultsDirectory="54c056e4-c5ca-40ce-8404-108a7e0183af" />
    <UnitTestResult executionId="b7128e6e-7c7b-4279-bb2a-234a8bdcff29" testId="e7650ef8-614d-7abe-3813-4e9e0ee43d28" testName="Regression_AfterUnInitialize_InstancesNotSame" computerName="DKSR-EFI-04" duration="00:00:00.0017954" startTime="2023-12-22T09:35:20.0067919+01:00" endTime="2023-12-22T09:35:20.0067919+01:00" testType="13cdc9d9-ddb5-4fa4-a97d-d965ccfc6d4b" outcome="Passed" testListId="8c84fa94-04c1-424b-9868-57a2d4851a1d" relativeResultsDirectory="b7128e6e-7c7b-4279-bb2a-234a8bdcff29" />
    <UnitTestResult executionId="3520be37-8dbd-4cd4-beb0-d6971255bb91" testId="1444c9ca-e73b-a5e6-f01f-53b0839e824f" testName="Given_Eventreceirveradded_When_EventReceiverRemoved_Then_EventsAreSentnoLongerSent" computerName="DKSR-EFI-04" duration="00:00:00.0054280" startTime="2023-12-22T09:36:15.2727099+01:00" endTime="2023-12-22T09:36:15.2883320+01:00" testType="13cdc9d9-ddb5-4fa4-a97d-d965ccfc6d4b" outcome="Passed" testListId="8c84fa94-04c1-424b-9868-57a2d4851a1d" relativeResultsDirectory="3520be37-8dbd-4cd4-beb0-d6971255bb91" />
    <UnitTestResult executionId="cb34e3b7-ab49-4b71-9885-8bd75da4903c" testId="17db813c-1206-cc8b-2aec-429272188567" testName="Givent_MessageContainingEventWithData_When_CallingGetDataOfInCorrectType_Then_APartialOrEmptyObjectIsReturned2" computerName="DKSR-EFI-04" duration="00:00:00.0095653" startTime="2023-12-22T09:36:15.9602098+01:00" endTime="2023-12-22T09:36:15.9758346+01:00" testType="13cdc9d9-ddb5-4fa4-a97d-d965ccfc6d4b" outcome="Passed" testListId="8c84fa94-04c1-424b-9868-57a2d4851a1d" relativeResultsDirectory="cb34e3b7-ab49-4b71-9885-8bd75da4903c" />
    <UnitTestResult executionId="6981daa8-89da-426b-a309-cfa868a5c291" testId="ee8aafb9-8c92-aa71-b2c5-a50c80f89ffa" testName="GetRawVideoNetworkDb" computerName="DKSR-EFI-04" duration="00:00:05.8676717" startTime="2023-12-22T09:35:55.9601079+01:00" endTime="2023-12-22T09:36:01.8351339+01:00" testType="13cdc9d9-ddb5-4fa4-a97d-d965ccfc6d4b" outcome="Passed" testListId="8c84fa94-04c1-424b-9868-57a2d4851a1d" relativeResultsDirectory="6981daa8-89da-426b-a309-cfa868a5c291">
      <Output>
        <StdOut>Debug Trace:&#xD;
MIP: Error: GetConfiguration (): CustomSetting not found for the given platformDefinitionId: e145597a-ecaf-40a1-99e6-14bb9d45a09e&#xD;
MIP: Error: GetConfiguration (): CustomSetting not found for the given platformDefinitionId: e145597a-ecaf-40a1-99e6-14bb9d45a09e&#xD;
MIP: Error: GetConfiguration (): CustomSetting not found for the given platformDefinitionId: e145597a-ecaf-40a1-99e6-14bb9d45a09e</StdOut>
      </Output>
    </UnitTestResult>
    <UnitTestResult executionId="28ecc497-8b4a-4b05-b36d-edfb1eacd167" testId="7c7003ad-ad8b-027f-7da8-4c4339185c93" testName="GetSequences" computerName="DKSR-EFI-04" duration="00:00:04.1733492" startTime="2023-12-22T09:36:05.6007787+01:00" endTime="2023-12-22T09:36:09.7726777+01:00" testType="13cdc9d9-ddb5-4fa4-a97d-d965ccfc6d4b" outcome="Passed" testListId="8c84fa94-04c1-424b-9868-57a2d4851a1d" relativeResultsDirectory="28ecc497-8b4a-4b05-b36d-edfb1eacd167">
      <Output>
        <StdOut>Debug Trace:&#xD;
MIP: Error: GetConfiguration (): CustomSetting not found for the given platformDefinitionId: e145597a-ecaf-40a1-99e6-14bb9d45a09e&#xD;
MIP: Error: GetConfiguration (): CustomSetting not found for the given platformDefinitionId: e145597a-ecaf-40a1-99e6-14bb9d45a09e&#xD;
MIP: Error: GetConfiguration (): CustomSetting not found for the given platformDefinitionId: e145597a-ecaf-40a1-99e6-14bb9d45a09e</StdOut>
      </Output>
    </UnitTestResult>
    <UnitTestResult executionId="6ad131b5-f3f1-487d-894a-a260526bf645" testId="00962e3e-83d9-46ce-082c-5ce3071a9a13" testName="StartRecording_ShouldStartRecording_WhenRecordingIsStopped" computerName="DKSR-EFI-04" duration="00:00:00.0018486" startTime="2023-12-22T09:36:47.3666283+01:00" endTime="2023-12-22T09:36:47.3666283+01:00" testType="13cdc9d9-ddb5-4fa4-a97d-d965ccfc6d4b" outcome="Passed" testListId="8c84fa94-04c1-424b-9868-57a2d4851a1d" relativeResultsDirectory="6ad131b5-f3f1-487d-894a-a260526bf645" />
    <UnitTestResult executionId="0ad939f9-3496-4049-9342-3406bd6eaf22" testId="4dfbe4c0-1bce-f685-302b-c39ffaaec33c" testName="RemoveServer_WithUriWhenLoginSettingsNull_Correct" computerName="DKSR-EFI-04" duration="00:00:00.0141906" startTime="2023-12-22T09:35:19.3974112+01:00" endTime="2023-12-22T09:35:19.4130379+01:00" testType="13cdc9d9-ddb5-4fa4-a97d-d965ccfc6d4b" outcome="Passed" testListId="8c84fa94-04c1-424b-9868-57a2d4851a1d" relativeResultsDirectory="0ad939f9-3496-4049-9342-3406bd6eaf22" />
    <UnitTestResult executionId="6ee01e63-0287-4474-ba7b-70967a560a91" testId="1e673d72-09b3-76fe-7a9c-ca4edce9473e" testName="LogoutByUri_WhenSystemInfoNotNull_AlsoCallsEnvironmentManagerLogout" computerName="DKSR-EFI-04" duration="00:00:00.0422428" startTime="2023-12-22T09:35:19.1630374+01:00" endTime="2023-12-22T09:35:19.1942871+01:00" testType="13cdc9d9-ddb5-4fa4-a97d-d965ccfc6d4b" outcome="Passed" testListId="8c84fa94-04c1-424b-9868-57a2d4851a1d" relativeResultsDirectory="6ee01e63-0287-4474-ba7b-70967a560a91" />
    <UnitTestResult executionId="c0b2c07a-8590-4b13-ac4e-594c875f619f" testId="8ffc533e-dbe2-a04a-622a-b6eb34e0e1a2" testName="XpcoSiteInfoUri" computerName="DKSR-EFI-04" duration="00:00:00.0989527" startTime="2023-12-22T09:36:20.3977344+01:00" endTime="2023-12-22T09:36:20.4914855+01:00" testType="13cdc9d9-ddb5-4fa4-a97d-d965ccfc6d4b" outcome="Passed" testListId="8c84fa94-04c1-424b-9868-57a2d4851a1d" relativeResultsDirectory="c0b2c07a-8590-4b13-ac4e-594c875f619f" />
    <UnitTestResult executionId="358e5b35-3a67-4908-a5d3-a4a84f536735" testId="cb92a75a-3d75-fb02-ff9b-54b25c8156f2" testName="CheckBaseTime1970ToInt" computerName="DKSR-EFI-04" duration="00:00:00.0033660" startTime="2023-12-22T09:36:14.6633285+01:00" endTime="2023-12-22T09:36:14.6633285+01:00" testType="13cdc9d9-ddb5-4fa4-a97d-d965ccfc6d4b" outcome="Passed" testListId="8c84fa94-04c1-424b-9868-57a2d4851a1d" relativeResultsDirectory="358e5b35-3a67-4908-a5d3-a4a84f536735">
      <Output>
        <StdOut>Debug Trace:&#xD;
MIP: Error: TimeConverter (): ToInt() loosing significant value: Consider to use ToLong()</StdOut>
      </Output>
    </UnitTestResult>
    <UnitTestResult executionId="51c91b5d-3999-4416-9aa5-b1c9f0252aa9" testId="4bb35674-bcae-db3f-8d79-6da9552ffd66" testName="CheckBaseTime1970FromInt" computerName="DKSR-EFI-04" duration="00:00:00.0020261" startTime="2023-12-22T09:36:14.5695779+01:00" endTime="2023-12-22T09:36:14.5852030+01:00" testType="13cdc9d9-ddb5-4fa4-a97d-d965ccfc6d4b" outcome="Passed" testListId="8c84fa94-04c1-424b-9868-57a2d4851a1d" relativeResultsDirectory="51c91b5d-3999-4416-9aa5-b1c9f0252aa9" />
    <UnitTestResult executionId="b6cc5d82-e33a-460f-8f8a-9a3ede9e017a" testId="5db9cdb8-0fa4-0c5c-b336-2c08e8318f3a" testName="RemoveServer_WithUriWhenSystemInfoListNotEmpty_NotSettingApploggedStateToFalse" computerName="DKSR-EFI-04" duration="00:00:00.0027461" startTime="2023-12-22T09:35:19.4130379+01:00" endTime="2023-12-22T09:35:19.4130379+01:00" testType="13cdc9d9-ddb5-4fa4-a97d-d965ccfc6d4b" outcome="Passed" testListId="8c84fa94-04c1-424b-9868-57a2d4851a1d" relativeResultsDirectory="b6cc5d82-e33a-460f-8f8a-9a3ede9e017a" />
    <UnitTestResult executionId="1efd0fd1-e483-4272-a6f3-feb9ec9c54a8" testId="2f9fe530-9f9a-4708-4a26-7c6564c4fadd" testName="XpcoNotLoggedinDueToInvalidUri" computerName="DKSR-EFI-04" duration="00:00:00.0175815" startTime="2023-12-22T09:36:38.3509541+01:00" endTime="2023-12-22T09:36:38.3665773+01:00" testType="13cdc9d9-ddb5-4fa4-a97d-d965ccfc6d4b" outcome="Passed" testListId="8c84fa94-04c1-424b-9868-57a2d4851a1d" relativeResultsDirectory="1efd0fd1-e483-4272-a6f3-feb9ec9c54a8">
      <Output>
        <StdOut>Debug Trace:&#xD;
MIP: Error: SDKConfiguration.Login(Uri) (): Unable to login on server URI=http://9.8.7.6:88/</StdOut>
      </Output>
    </UnitTestResult>
    <UnitTestResult executionId="51534051-2008-45af-bdd9-3c486b83a27b" testId="9303c8a3-4457-dd53-a1ee-73373e6854b4" testName="Login_Success" computerName="DKSR-EFI-04" duration="00:00:00.0255555" startTime="2023-12-22T09:35:19.0381253+01:00" endTime="2023-12-22T09:35:19.0692854+01:00" testType="13cdc9d9-ddb5-4fa4-a97d-d965ccfc6d4b" outcome="Passed" testListId="8c84fa94-04c1-424b-9868-57a2d4851a1d" relativeResultsDirectory="51534051-2008-45af-bdd9-3c486b83a27b" />
    <UnitTestResult executionId="8163b39a-fd30-48a7-b6c3-867683e3ad45" testId="fb9222b4-352e-53d2-a6a0-c25767f137de" testName="AddServer_WithLoginSettings_Correct" computerName="DKSR-EFI-04" duration="00:00:00.0297754" startTime="2023-12-22T09:35:19.2411615+01:00" endTime="2023-12-22T09:35:19.2724116+01:00" testType="13cdc9d9-ddb5-4fa4-a97d-d965ccfc6d4b" outcome="Passed" testListId="8c84fa94-04c1-424b-9868-57a2d4851a1d" relativeResultsDirectory="8163b39a-fd30-48a7-b6c3-867683e3ad45" />
    <UnitTestResult executionId="501d6bed-37e9-4409-93e8-44dcc7283096" testId="4c36fbe1-f8de-13b2-bcb1-e7ce9596a021" testName="Given_Nothing_When_SendingACommand_Then_CommandReturnsWhenResponseIsReceived" computerName="DKSR-EFI-04" duration="00:00:00.1266762" startTime="2023-12-22T09:36:14.8039550+01:00" endTime="2023-12-22T09:36:14.9289540+01:00" testType="13cdc9d9-ddb5-4fa4-a97d-d965ccfc6d4b" outcome="Passed" testListId="8c84fa94-04c1-424b-9868-57a2d4851a1d" relativeResultsDirectory="501d6bed-37e9-4409-93e8-44dcc7283096" />
    <UnitTestResult executionId="99cbf42a-beb3-41cd-ae3e-79fc98c52206" testId="5456b4a7-0c13-564f-de65-ea8a9df057cb" testName="CloseCheckForStandalone_Success" computerName="DKSR-EFI-04" duration="00:00:00.0008468" startTime="2023-12-22T09:36:14.8039550+01:00" endTime="2023-12-22T09:36:14.8039550+01:00" testType="13cdc9d9-ddb5-4fa4-a97d-d965ccfc6d4b" outcome="Passed" testListId="8c84fa94-04c1-424b-9868-57a2d4851a1d" relativeResultsDirectory="99cbf42a-beb3-41cd-ae3e-79fc98c52206" />
    <UnitTestResult executionId="8e899d5a-112f-4241-888f-3d4f2d2f7c3e" testId="55eddf56-140c-fc12-8881-b40e3de6fdf2" testName="HandleStateChanged_StateConnected_ConnectedIsTrueAndEventFired" computerName="DKSR-EFI-04" duration="00:00:00.0057239" startTime="2023-12-22T09:36:47.4447551+01:00" endTime="2023-12-22T09:36:47.4603790+01:00" testType="13cdc9d9-ddb5-4fa4-a97d-d965ccfc6d4b" outcome="Passed" testListId="8c84fa94-04c1-424b-9868-57a2d4851a1d" relativeResultsDirectory="8e899d5a-112f-4241-888f-3d4f2d2f7c3e" />
    <UnitTestResult executionId="96397217-a2d1-49af-aaff-885dffbacf5e" testId="e0c41eb4-ca64-4ddf-9983-492652c1f0d6" testName="Given_SubScriptionAdded_When_RemoveSubscriptionSuccesful_Then_MethodSucceeds" computerName="DKSR-EFI-04" duration="00:00:00.0038068" startTime="2023-12-22T09:36:15.3664585+01:00" endTime="2023-12-22T09:36:15.3664585+01:00" testType="13cdc9d9-ddb5-4fa4-a97d-d965ccfc6d4b" outcome="Passed" testListId="8c84fa94-04c1-424b-9868-57a2d4851a1d" relativeResultsDirectory="96397217-a2d1-49af-aaff-885dffbacf5e" />
    <UnitTestResult executionId="5fe9334a-7355-4486-9931-dfdfcfa11148" testId="60cda89b-764e-8c9e-bc30-1e3457534948" testName="ConnectUsingConfiguration_NullConfiguration_Throws" computerName="DKSR-EFI-04" duration="00:00:00.0009708" startTime="2023-12-22T09:36:47.4916304+01:00" endTime="2023-12-22T09:36:47.4916304+01:00" testType="13cdc9d9-ddb5-4fa4-a97d-d965ccfc6d4b" outcome="Passed" testListId="8c84fa94-04c1-424b-9868-57a2d4851a1d" relativeResultsDirectory="5fe9334a-7355-4486-9931-dfdfcfa11148" />
    <UnitTestResult executionId="7a14a4fd-6b8a-478d-b415-b96cb1830bbf" testId="27438331-c0fe-4d15-65b5-fb3f4b12375a" testName="Given_Nothing_When_SendingTheSessionThroughAllStates_Then_ConnectionStatesAreSendAndPropertyUpdated2" computerName="DKSR-EFI-04" duration="00:00:00.1828590" startTime="2023-12-22T09:36:15.5695833+01:00" endTime="2023-12-22T09:36:15.7570844+01:00" testType="13cdc9d9-ddb5-4fa4-a97d-d965ccfc6d4b" outcome="Passed" testListId="8c84fa94-04c1-424b-9868-57a2d4851a1d" relativeResultsDirectory="7a14a4fd-6b8a-478d-b415-b96cb1830bbf" />
    <UnitTestResult executionId="d47b6cec-959e-419c-b3a0-4a2c67419a7e" testId="a8f489fb-4bcd-8cf4-eb18-2db2a9c9dea0" testName="PlaybackStart_NotConnected_DoesNotCrash" computerName="DKSR-EFI-04" duration="00:00:00.0015617" startTime="2023-12-22T09:36:47.5697542+01:00" endTime="2023-12-22T09:36:47.5697542+01:00" testType="13cdc9d9-ddb5-4fa4-a97d-d965ccfc6d4b" outcome="Passed" testListId="8c84fa94-04c1-424b-9868-57a2d4851a1d" relativeResultsDirectory="d47b6cec-959e-419c-b3a0-4a2c67419a7e" />
    <UnitTestResult executionId="ae3107a1-8089-4cbb-b8cf-0a6001440bb9" testId="3ef0c418-2089-c3e6-4e94-e0341e36e810" testName="Contains_Correct" computerName="DKSR-EFI-04" duration="00:00:00.0019996" startTime="2023-12-22T09:36:14.7883302+01:00" endTime="2023-12-22T09:36:14.7883302+01:00" testType="13cdc9d9-ddb5-4fa4-a97d-d965ccfc6d4b" outcome="Passed" testListId="8c84fa94-04c1-424b-9868-57a2d4851a1d" relativeResultsDirectory="ae3107a1-8089-4cbb-b8cf-0a6001440bb9" />
    <UnitTestResult executionId="587323c7-6094-46b8-9b2a-98687e9a4faf" testId="b0b9d0a0-9158-c0ad-cbda-c08da553577d" testName="XpcoMultiUserLoginSuccess" computerName="DKSR-EFI-04" duration="00:00:02.4168106" startTime="2023-12-22T09:36:21.3977388+01:00" endTime="2023-12-22T09:36:23.8196280+01:00" testType="13cdc9d9-ddb5-4fa4-a97d-d965ccfc6d4b" outcome="Passed" testListId="8c84fa94-04c1-424b-9868-57a2d4851a1d" relativeResultsDirectory="587323c7-6094-46b8-9b2a-98687e9a4faf">
      <Output>
        <StdOut>Debug Trace:&#xD;
TopLevelControl returns null. PostMessage may have problems&#xD;
MIP: Error: ConfigurationApiItemWrapper (): ConfigAPI GetItem(): System.NotImplementedException, The method or operation is not implemented.&#xD;
MIP: Error: Factory.IsItemTypeSupported (): Exception source:      VideoOS.Platform.SDK.UnitTests&#xD;
Exception type:        System.NotImplementedException&#xD;
Exception message:     The method or operation is not implemented.&#xD;
Exception target site: GetItem&#xD;
   at VideoOS.Platform.SDKUnittest.EnvironmentTests.TestConfigurationClientService.GetItem(String path) in D:\actions-runner\_work\XPCO\XPCO\MIP\MIPSDK\tst\VideoOS.Platform.SDK.UnitTests\EnvironmentTests\TestsWithCorporateShimsBase.cs:line 227&#xD;
   at VideoOS.Platform.Proxy.ConfigApi.ConfigurationApiItemWrapper..ctor(ServerId serverId, String path) in D:\actions-runner\_work\XPCO\XPCO\MIP\PlatformPlugin\VideoOS.Platform\src\Proxy\ConfigApi\ConfigurationApiItemWrapper.cs:line 110&#xD;
   at VideoOS.Platform.ConfigurationItems.Factory.IsItemTypeSupported(ServerId serverId, String itemType) in D:\actions-runner\_work\XPCO\XPCO\MIP\PlatformPlugin\VideoOS.Platform\src\ConfigurationItems\Factory.cs:line 464&#xD;
&#xD;
Factory.IsItemTypeSupportedFactory.IsItemTypeSupported ()The method or operation is not implemented.   at VideoOS.Platform.SDKUnittest.EnvironmentTests.TestConfigurationClientService.GetItem(String path) in D:\actions-runner\_work\XPCO\XPCO\MIP\MIPSDK\tst\VideoOS.Platform.SDK.UnitTests\EnvironmentTests\TestsWithCorporateShimsBase.cs:line 227&#xD;
   at VideoOS.Platform.Proxy.ConfigApi.ConfigurationApiItemWrapper..ctor(ServerId serverId, String path) in D:\actions-runner\_work\XPCO\XPCO\MIP\PlatformPlugin\VideoOS.Platform\src\Proxy\ConfigApi\ConfigurationApiItemWrapper.cs:line 110&#xD;
   at VideoOS.Platform.ConfigurationItems.Factory.IsItemTypeSupported(ServerId serverId, String itemType) in D:\actions-runner\_work\XPCO\XPCO\MIP\PlatformPlugin\VideoOS.Platform\src\ConfigurationItems\Factory.cs:line 464&#xD;
MIP: Error: GetConfiguration (): CustomSetting not found for the given platformDefinitionId: e145597a-ecaf-40a1-99e6-14bb9d45a09e&#xD;
MIP: Error: ConfigurationApiItemWrapper (): ConfigAPI GetItem(): System.NotImplementedException, The method or operation is not implemented.&#xD;
MIP: Error: Factory.IsItemTypeSupported (): Exception source:      VideoOS.Platform.SDK.UnitTests&#xD;
Exception type:        System.NotImplementedException&#xD;
Exception message:     The method or operation is not implemented.&#xD;
Exception target site: GetItem&#xD;
   at VideoOS.Platform.SDKUnittest.EnvironmentTests.TestConfigurationClientService.GetItem(String path) in D:\actions-runner\_work\XPCO\XPCO\MIP\MIPSDK\tst\VideoOS.Platform.SDK.UnitTests\EnvironmentTests\TestsWithCorporateShimsBase.cs:line 227&#xD;
   at VideoOS.Platform.Proxy.ConfigApi.ConfigurationApiItemWrapper..ctor(ServerId serverId, String path) in D:\actions-runner\_work\XPCO\XPCO\MIP\PlatformPlugin\VideoOS.Platform\src\Proxy\ConfigApi\ConfigurationApiItemWrapper.cs:line 110&#xD;
   at VideoOS.Platform.ConfigurationItems.Factory.IsItemTypeSupported(ServerId serverId, String itemType) in D:\actions-runner\_work\XPCO\XPCO\MIP\PlatformPlugin\VideoOS.Platform\src\ConfigurationItems\Factory.cs:line 464&#xD;
&#xD;
Factory.IsItemTypeSupportedFactory.IsItemTypeSupported ()The method or operation is not implemented.   at VideoOS.Platform.SDKUnittest.EnvironmentTests.TestConfigurationClientService.GetItem(String path) in D:\actions-runner\_work\XPCO\XPCO\MIP\MIPSDK\tst\VideoOS.Platform.SDK.UnitTests\EnvironmentTests\TestsWithCorporateShimsBase.cs:line 227&#xD;
   at VideoOS.Platform.Proxy.ConfigApi.ConfigurationApiItemWrapper..ctor(ServerId serverId, String path) in D:\actions-runner\_work\XPCO\XPCO\MIP\PlatformPlugin\VideoOS.Platform\src\Proxy\ConfigApi\ConfigurationApiItemWrapper.cs:line 110&#xD;
   at VideoOS.Platform.ConfigurationItems.Factory.IsItemTypeSupported(ServerId serverId, String itemType) in D:\actions-runner\_work\XPCO\XPCO\MIP\PlatformPlugin\VideoOS.Platform\src\ConfigurationItems\Factory.cs:line 464&#xD;
MIP: Error: LoginServerOauth (): https://1.2.3.5:55/ManagementServer/ServerCommandServiceOAuth.svc The method or operation is not implemented.&#xD;
MIP: Error: ConfigurationApiItemWrapper (): ConfigAPI GetItem(): System.NotImplementedException, The method or operation is not implemented.&#xD;
MIP: Error: Factory.IsItemTypeSupported (): Exception source:      VideoOS.Platform.SDK.UnitTests&#xD;
Exception type:        System.NotImplementedException&#xD;
Exception message:     The method or operation is not implemented.&#xD;
Exception target site: GetItem&#xD;
   at VideoOS.Platform.SDKUnittest.EnvironmentTests.TestConfigurationClientService.GetItem(String path) in D:\actions-runner\_work\XPCO\XPCO\MIP\MIPSDK\tst\VideoOS.Platform.SDK.UnitTests\EnvironmentTests\TestsWithCorporateShimsBase.cs:line 227&#xD;
   at VideoOS.Platform.Proxy.ConfigApi.ConfigurationApiItemWrapper..ctor(ServerId serverId, String path) in D:\actions-runner\_work\XPCO\XPCO\MIP\PlatformPlugin\VideoOS.Platform\src\Proxy\ConfigApi\ConfigurationApiItemWrapper.cs:line 110&#xD;
   at VideoOS.Platform.ConfigurationItems.Factory.IsItemTypeSupported(ServerId serverId, String itemType) in D:\actions-runner\_work\XPCO\XPCO\MIP\PlatformPlugin\VideoOS.Platform\src\ConfigurationItems\Factory.cs:line 464&#xD;
&#xD;
Factory.IsItemTypeSupportedFactory.IsItemTypeSupported ()The method or operation is not implemented.   at VideoOS.Platform.SDKUnittest.EnvironmentTests.TestConfigurationClientService.GetItem(String path) in D:\actions-runner\_work\XPCO\XPCO\MIP\MIPSDK\tst\VideoOS.Platform.SDK.UnitTests\EnvironmentTests\TestsWithCorporateShimsBase.cs:line 227&#xD;
   at VideoOS.Platform.Proxy.ConfigApi.ConfigurationApiItemWrapper..ctor(ServerId serverId, String path) in D:\actions-runner\_work\XPCO\XPCO\MIP\PlatformPlugin\VideoOS.Platform\src\Proxy\ConfigApi\ConfigurationApiItemWrapper.cs:line 110&#xD;
   at VideoOS.Platform.ConfigurationItems.Factory.IsItemTypeSupported(ServerId serverId, String itemType) in D:\actions-runner\_work\XPCO\XPCO\MIP\PlatformPlugin\VideoOS.Platform\src\ConfigurationItems\Factory.cs:line 464&#xD;
MIP: Error: GetConfiguration (): CustomSetting not found for the given platformDefinitionId: e145597a-ecaf-40a1-99e6-14bb9d45a09e&#xD;
MIP: Error: ConfigurationApiItemWrapper (): ConfigAPI GetItem(): System.NotImplementedException, The method or operation is not implemented.&#xD;
MIP: Error: Factory.IsItemTypeSupported (): Exception source:      VideoOS.Platform.SDK.UnitTests&#xD;
Exception type:        System.NotImplementedException&#xD;
Exception message:     The method or operation is not implemented.&#xD;
Exception target site: GetItem&#xD;
   at VideoOS.Platform.SDKUnittest.EnvironmentTests.TestConfigurationClientService.GetItem(String path) in D:\actions-runner\_work\XPCO\XPCO\MIP\MIPSDK\tst\VideoOS.Platform.SDK.UnitTests\EnvironmentTests\TestsWithCorporateShimsBase.cs:line 227&#xD;
   at VideoOS.Platform.Proxy.ConfigApi.ConfigurationApiItemWrapper..ctor(ServerId serverId, String path) in D:\actions-runner\_work\XPCO\XPCO\MIP\PlatformPlugin\VideoOS.Platform\src\Proxy\ConfigApi\ConfigurationApiItemWrapper.cs:line 110&#xD;
   at VideoOS.Platform.ConfigurationItems.Factory.IsItemTypeSupported(ServerId serverId, String itemType) in D:\actions-runner\_work\XPCO\XPCO\MIP\PlatformPlugin\VideoOS.Platform\src\ConfigurationItems\Factory.cs:line 464&#xD;
&#xD;
Factory.IsItemTypeSupportedFactory.IsItemTypeSupported ()The method or operation is not implemented.   at VideoOS.Platform.SDKUnittest.EnvironmentTests.TestConfigurationClientService.GetItem(String path) in D:\actions-runner\_work\XPCO\XPCO\MIP\MIPSDK\tst\VideoOS.Platform.SDK.UnitTests\EnvironmentTests\TestsWithCorporateShimsBase.cs:line 227&#xD;
   at VideoOS.Platform.Proxy.ConfigApi.ConfigurationApiItemWrapper..ctor(ServerId serverId, String path) in D:\actions-runner\_work\XPCO\XPCO\MIP\PlatformPlugin\VideoOS.Platform\src\Proxy\ConfigApi\ConfigurationApiItemWrapper.cs:line 110&#xD;
   at VideoOS.Platform.ConfigurationItems.Factory.IsItemTypeSupported(ServerId serverId, String itemType) in D:\actions-runner\_work\XPCO\XPCO\MIP\PlatformPlugin\VideoOS.Platform\src\ConfigurationItems\Factory.cs:line 464&#xD;
MIP: Error: LoginServerOauth (): https://1.2.3.5:55/ManagementServer/ServerCommandServiceOAuth.svc The method or operation is not implemented.&#xD;
MIP: Error: ConfigurationApiItemWrapper (): ConfigAPI GetItem(): System.NotImplementedException, The method or operation is not implemented.&#xD;
MIP: Error: Factory.IsItemTypeSupported (): Exception source:      VideoOS.Platform.SDK.UnitTests&#xD;
Exception type:        System.NotImplementedException&#xD;
Exception message:     The method or operation is not implemented.&#xD;
Exception target site: GetItem&#xD;
   at VideoOS.Platform.SDKUnittest.EnvironmentTests.TestConfigurationClientService.GetItem(String path) in D:\actions-runner\_work\XPCO\XPCO\MIP\MIPSDK\tst\VideoOS.Platform.SDK.UnitTests\EnvironmentTests\TestsWithCorporateShimsBase.cs:line 227&#xD;
   at VideoOS.Platform.Proxy.ConfigApi.ConfigurationApiItemWrapper..ctor(ServerId serverId, String path) in D:\actions-runner\_work\XPCO\XPCO\MIP\PlatformPlugin\VideoOS.Platform\src\Proxy\ConfigApi\ConfigurationApiItemWrapper.cs:line 110&#xD;
   at VideoOS.Platform.ConfigurationItems.Factory.IsItemTypeSupported(ServerId serverId, String itemType) in D:\actions-runner\_work\XPCO\XPCO\MIP\PlatformPlugin\VideoOS.Platform\src\ConfigurationItems\Factory.cs:line 464&#xD;
&#xD;
Factory.IsItemTypeSupportedFactory.IsItemTypeSupported ()The method or operation is not implemented.   at VideoOS.Platform.SDKUnittest.EnvironmentTests.TestConfigurationClientService.GetItem(String path) in D:\actions-runner\_work\XPCO\XPCO\MIP\MIPSDK\tst\VideoOS.Platform.SDK.UnitTests\EnvironmentTests\TestsWithCorporateShimsBase.cs:line 227&#xD;
   at VideoOS.Platform.Proxy.ConfigApi.ConfigurationApiItemWrapper..ctor(ServerId serverId, String path) in D:\actions-runner\_work\XPCO\XPCO\MIP\PlatformPlugin\VideoOS.Platform\src\Proxy\ConfigApi\ConfigurationApiItemWrapper.cs:line 110&#xD;
   at VideoOS.Platform.ConfigurationItems.Factory.IsItemTypeSupported(ServerId serverId, String itemType) in D:\actions-runner\_work\XPCO\XPCO\MIP\PlatformPlugin\VideoOS.Platform\src\ConfigurationItems\Factory.cs:line 464&#xD;
MIP: Error: ConfigurationApiItemWrapper (): ConfigAPI GetItem(): System.NotImplementedException, The method or operation is not implemented.&#xD;
MIP: Error: Factory.IsItemTypeSupported (): Exception source:      VideoOS.Platform.SDK.UnitTests&#xD;
Exception type:        System.NotImplementedException&#xD;
Exception message:     The method or operation is not implemented.&#xD;
Exception target site: GetItem&#xD;
   at VideoOS.Platform.SDKUnittest.EnvironmentTests.TestConfigurationClientService.GetItem(String path) in D:\actions-runner\_work\XPCO\XPCO\MIP\MIPSDK\tst\VideoOS.Platform.SDK.UnitTests\EnvironmentTests\TestsWithCorporateShimsBase.cs:line 227&#xD;
   at VideoOS.Platform.Proxy.ConfigApi.ConfigurationApiItemWrapper..ctor(ServerId serverId, String path) in D:\actions-runner\_work\XPCO\XPCO\MIP\PlatformPlugin\VideoOS.Platform\src\Proxy\ConfigApi\ConfigurationApiItemWrapper.cs:line 110&#xD;
   at VideoOS.Platform.ConfigurationItems.Factory.IsItemTypeSupported(ServerId serverId, String itemType) in D:\actions-runner\_work\XPCO\XPCO\MIP\PlatformPlugin\VideoOS.Platform\src\ConfigurationItems\Factory.cs:line 464&#xD;
&#xD;
Factory.IsItemTypeSupportedFactory.IsItemTypeSupported ()The method or operation is not implemented.   at VideoOS.Platform.SDKUnittest.EnvironmentTests.TestConfigurationClientService.GetItem(String path) in D:\actions-runner\_work\XPCO\XPCO\MIP\MIPSDK\tst\VideoOS.Platform.SDK.UnitTests\EnvironmentTests\TestsWithCorporateShimsBase.cs:line 227&#xD;
   at VideoOS.Platform.Proxy.ConfigApi.ConfigurationApiItemWrapper..ctor(ServerId serverId, String path) in D:\actions-runner\_work\XPCO\XPCO\MIP\PlatformPlugin\VideoOS.Platform\src\Proxy\ConfigApi\ConfigurationApiItemWrapper.cs:line 110&#xD;
   at VideoOS.Platform.ConfigurationItems.Factory.IsItemTypeSupported(ServerId serverId, String itemType) in D:\actions-runner\_work\XPCO\XPCO\MIP\PlatformPlugin\VideoOS.Platform\src\ConfigurationItems\Factory.cs:line 464&#xD;
MIP: Error: LoginServerOauth (): https://1.2.3.5:55/ManagementServer/ServerCommandServiceOAuth.svc The method or operation is not implemented.&#xD;
MIP: Error: ConfigurationApiItemWrapper (): ConfigAPI GetItem(): System.NotImplementedException, The method or operation is not implemented.&#xD;
MIP: Error: Factory.IsItemTypeSupported (): Exception source:      VideoOS.Platform.SDK.UnitTests&#xD;
Exception type:        System.NotImplementedException&#xD;
Exception message:     The method or operation is not implemented.&#xD;
Exception target site: GetItem&#xD;
   at VideoOS.Platform.SDKUnittest.EnvironmentTests.TestConfigurationClientService.GetItem(String path) in D:\actions-runner\_work\XPCO\XPCO\MIP\MIPSDK\tst\VideoOS.Platform.SDK.UnitTests\EnvironmentTests\TestsWithCorporateShimsBase.cs:line 227&#xD;
   at VideoOS.Platform.Proxy.ConfigApi.ConfigurationApiItemWrapper..ctor(ServerId serverId, String path) in D:\actions-runner\_work\XPCO\XPCO\MIP\PlatformPlugin\VideoOS.Platform\src\Proxy\ConfigApi\ConfigurationApiItemWrapper.cs:line 110&#xD;
   at VideoOS.Platform.ConfigurationItems.Factory.IsItemTypeSupported(ServerId serverId, String itemType) in D:\actions-runner\_work\XPCO\XPCO\MIP\PlatformPlugin\VideoOS.Platform\src\ConfigurationItems\Factory.cs:line 464&#xD;
&#xD;
Factory.IsItemTypeSupportedFactory.IsItemTypeSupported ()The method or operation is not implemented.   at VideoOS.Platform.SDKUnittest.EnvironmentTests.TestConfigurationClientService.GetItem(String path) in D:\actions-runner\_work\XPCO\XPCO\MIP\MIPSDK\tst\VideoOS.Platform.SDK.UnitTests\EnvironmentTests\TestsWithCorporateShimsBase.cs:line 227&#xD;
   at VideoOS.Platform.Proxy.ConfigApi.ConfigurationApiItemWrapper..ctor(ServerId serverId, String path) in D:\actions-runner\_work\XPCO\XPCO\MIP\PlatformPlugin\VideoOS.Platform\src\Proxy\ConfigApi\ConfigurationApiItemWrapper.cs:line 110&#xD;
   at VideoOS.Platform.ConfigurationItems.Factory.IsItemTypeSupported(ServerId serverId, String itemType) in D:\actions-runner\_work\XPCO\XPCO\MIP\PlatformPlugin\VideoOS.Platform\src\ConfigurationItems\Factory.cs:line 464&#xD;
MIP: Error: GetConfiguration (): CustomSetting not found for the given platformDefinitionId: e145597a-ecaf-40a1-99e6-14bb9d45a09e&#xD;
MIP: Error: ConfigurationApiItemWrapper (): ConfigAPI GetItem(): System.NotImplementedException, The method or operation is not implemented.&#xD;
MIP: Error: Factory.IsItemTypeSupported (): Exception source:      VideoOS.Platform.SDK.UnitTests&#xD;
Exception type:        System.NotImplementedException&#xD;
Exception message:     The method or operation is not implemented.&#xD;
Exception target site: GetItem&#xD;
   at VideoOS.Platform.SDKUnittest.EnvironmentTests.TestConfigurationClientService.GetItem(String path) in D:\actions-runner\_work\XPCO\XPCO\MIP\MIPSDK\tst\VideoOS.Platform.SDK.UnitTests\EnvironmentTests\TestsWithCorporateShimsBase.cs:line 227&#xD;
   at VideoOS.Platform.Proxy.ConfigApi.ConfigurationApiItemWrapper..ctor(ServerId serverId, String path) in D:\actions-runner\_work\XPCO\XPCO\MIP\PlatformPlugin\VideoOS.Platform\src\Proxy\ConfigApi\ConfigurationApiItemWrapper.cs:line 110&#xD;
   at VideoOS.Platform.ConfigurationItems.Factory.IsItemTypeSupported(ServerId serverId, String itemType) in D:\actions-runner\_work\XPCO\XPCO\MIP\PlatformPlugin\VideoOS.Platform\src\ConfigurationItems\Factory.cs:line 464&#xD;
&#xD;
Factory.IsItemTypeSupportedFactory.IsItemTypeSupported ()The method or operation is not implemented.   at VideoOS.Platform.SDKUnittest.EnvironmentTests.TestConfigurationClientService.GetItem(String path) in D:\actions-runner\_work\XPCO\XPCO\MIP\MIPSDK\tst\VideoOS.Platform.SDK.UnitTests\EnvironmentTests\TestsWithCorporateShimsBase.cs:line 227&#xD;
   at VideoOS.Platform.Proxy.ConfigApi.ConfigurationApiItemWrapper..ctor(ServerId serverId, String path) in D:\actions-runner\_work\XPCO\XPCO\MIP\PlatformPlugin\VideoOS.Platform\src\Proxy\ConfigApi\ConfigurationApiItemWrapper.cs:line 110&#xD;
   at VideoOS.Platform.ConfigurationItems.Factory.IsItemTypeSupported(ServerId serverId, String itemType) in D:\actions-runner\_work\XPCO\XPCO\MIP\PlatformPlugin\VideoOS.Platform\src\ConfigurationItems\Factory.cs:line 464&#xD;
MIP: Error: LoginServerOauth (): https://1.2.3.5:55/ManagementServer/ServerCommandServiceOAuth.svc The method or operation is not implemented.&#xD;
MIP: Error: ConfigurationApiItemWrapper (): ConfigAPI GetItem(): System.NotImplementedException, The method or operation is not implemented.&#xD;
MIP: Error: Factory.IsItemTypeSupported (): Exception source:      VideoOS.Platform.SDK.UnitTests&#xD;
Exception type:        System.NotImplementedException&#xD;
Exception message:     The method or operation is not implemented.&#xD;
Exception target site: GetItem&#xD;
   at VideoOS.Platform.SDKUnittest.EnvironmentTests.TestConfigurationClientService.GetItem(String path) in D:\actions-runner\_work\XPCO\XPCO\MIP\MIPSDK\tst\VideoOS.Platform.SDK.UnitTests\EnvironmentTests\TestsWithCorporateShimsBase.cs:line 227&#xD;
   at VideoOS.Platform.Proxy.ConfigApi.ConfigurationApiItemWrapper..ctor(ServerId serverId, String path) in D:\actions-runner\_work\XPCO\XPCO\MIP\PlatformPlugin\VideoOS.Platform\src\Proxy\ConfigApi\ConfigurationApiItemWrapper.cs:line 110&#xD;
   at VideoOS.Platform.ConfigurationItems.Factory.IsItemTypeSupported(ServerId serverId, String itemType) in D:\actions-runner\_work\XPCO\XPCO\MIP\PlatformPlugin\VideoOS.Platform\src\ConfigurationItems\Factory.cs:line 464&#xD;
&#xD;
Factory.IsItemTypeSupportedFactory.IsItemTypeSupported ()The method or operation is not implemented.   at VideoOS.Platform.SDKUnittest.EnvironmentTests.TestConfigurationClientService.GetItem(String path) in D:\actions-runner\_work\XPCO\XPCO\MIP\MIPSDK\tst\VideoOS.Platform.SDK.UnitTests\EnvironmentTests\TestsWithCorporateShimsBase.cs:line 227&#xD;
   at VideoOS.Platform.Proxy.ConfigApi.ConfigurationApiItemWrapper..ctor(ServerId serverId, String path) in D:\actions-runner\_work\XPCO\XPCO\MIP\PlatformPlugin\VideoOS.Platform\src\Proxy\ConfigApi\ConfigurationApiItemWrapper.cs:line 110&#xD;
   at VideoOS.Platform.ConfigurationItems.Factory.IsItemTypeSupported(ServerId serverId, String itemType) in D:\actions-runner\_work\XPCO\XPCO\MIP\PlatformPlugin\VideoOS.Platform\src\ConfigurationItems\Factory.cs:line 464&#xD;
MIP: Error: GetConfiguration (): CustomSetting not found for the given platformDefinitionId: e145597a-ecaf-40a1-99e6-14bb9d45a09e&#xD;
MIP: Error: ConfigurationApiItemWrapper (): ConfigAPI GetItem(): System.NotImplementedException, The method or operation is not implemented.&#xD;
MIP: Error: Factory.IsItemTypeSupported (): Exception source:      VideoOS.Platform.SDK.UnitTests&#xD;
Exception type:        System.NotImplementedException&#xD;
Exception message:     The method or operation is not implemented.&#xD;
Exception target site: GetItem&#xD;
   at VideoOS.Platform.SDKUnittest.EnvironmentTests.TestConfigurationClientService.GetItem(String path) in D:\actions-runner\_work\XPCO\XPCO\MIP\MIPSDK\tst\VideoOS.Platform.SDK.UnitTests\EnvironmentTests\TestsWithCorporateShimsBase.cs:line 227&#xD;
   at VideoOS.Platform.Proxy.ConfigApi.ConfigurationApiItemWrapper..ctor(ServerId serverId, String path) in D:\actions-runner\_work\XPCO\XPCO\MIP\PlatformPlugin\VideoOS.Platform\src\Proxy\ConfigApi\ConfigurationApiItemWrapper.cs:line 110&#xD;
   at VideoOS.Platform.ConfigurationItems.Factory.IsItemTypeSupported(ServerId serverId, String itemType) in D:\actions-runner\_work\XPCO\XPCO\MIP\PlatformPlugin\VideoOS.Platform\src\ConfigurationItems\Factory.cs:line 464&#xD;
&#xD;
Factory.IsItemTypeSupportedFactory.IsItemTypeSupported ()The method or operation is not implemented.   at VideoOS.Platform.SDKUnittest.EnvironmentTests.TestConfigurationClientService.GetItem(String path) in D:\actions-runner\_work\XPCO\XPCO\MIP\MIPSDK\tst\VideoOS.Platform.SDK.UnitTests\EnvironmentTests\TestsWithCorporateShimsBase.cs:line 227&#xD;
   at VideoOS.Platform.Proxy.ConfigApi.ConfigurationApiItemWrapper..ctor(ServerId serverId, String path) in D:\actions-runner\_work\XPCO\XPCO\MIP\PlatformPlugin\VideoOS.Platform\src\Proxy\ConfigApi\ConfigurationApiItemWrapper.cs:line 110&#xD;
   at VideoOS.Platform.ConfigurationItems.Factory.IsItemTypeSupported(ServerId serverId, String itemType) in D:\actions-runner\_work\XPCO\XPCO\MIP\PlatformPlugin\VideoOS.Platform\src\ConfigurationItems\Factory.cs:line 464&#xD;
MIP: Error: LoginServerOauth (): https://1.2.3.5:55/ManagementServer/ServerCommandServiceOAuth.svc The method or operation is not implemented.&#xD;
MIP: Error: ConfigurationApiItemWrapper (): ConfigAPI GetItem(): System.NotImplementedException, The method or operation is not implemented.&#xD;
MIP: Error: Factory.IsItemTypeSupported (): Exception source:      VideoOS.Platform.SDK.UnitTests&#xD;
Exception type:        System.NotImplementedException&#xD;
Exception message:     The method or operation is not implemented.&#xD;
Exception target site: GetItem&#xD;
   at VideoOS.Platform.SDKUnittest.EnvironmentTests.TestConfigurationClientService.GetItem(String path) in D:\actions-runner\_work\XPCO\XPCO\MIP\MIPSDK\tst\VideoOS.Platform.SDK.UnitTests\EnvironmentTests\TestsWithCorporateShimsBase.cs:line 227&#xD;
   at VideoOS.Platform.Proxy.ConfigApi.ConfigurationApiItemWrapper..ctor(ServerId serverId, String path) in D:\actions-runner\_work\XPCO\XPCO\MIP\PlatformPlugin\VideoOS.Platform\src\Proxy\ConfigApi\ConfigurationApiItemWrapper.cs:line 110&#xD;
   at VideoOS.Platform.ConfigurationItems.Factory.IsItemTypeSupported(ServerId serverId, String itemType) in D:\actions-runner\_work\XPCO\XPCO\MIP\PlatformPlugin\VideoOS.Platform\src\ConfigurationItems\Factory.cs:line 464&#xD;
&#xD;
Factory.IsItemTypeSupportedFactory.IsItemTypeSupported ()The method or operation is not implemented.   at VideoOS.Platform.SDKUnittest.EnvironmentTests.TestConfigurationClientService.GetItem(String path) in D:\actions-runner\_work\XPCO\XPCO\MIP\MIPSDK\tst\VideoOS.Platform.SDK.UnitTests\EnvironmentTests\TestsWithCorporateShimsBase.cs:line 227&#xD;
   at VideoOS.Platform.Proxy.ConfigApi.ConfigurationApiItemWrapper..ctor(ServerId serverId, String path) in D:\actions-runner\_work\XPCO\XPCO\MIP\PlatformPlugin\VideoOS.Platform\src\Proxy\ConfigApi\ConfigurationApiItemWrapper.cs:line 110&#xD;
   at VideoOS.Platform.ConfigurationItems.Factory.IsItemTypeSupported(ServerId serverId, String itemType) in D:\actions-runner\_work\XPCO\XPCO\MIP\PlatformPlugin\VideoOS.Platform\src\ConfigurationItems\Factory.cs:line 464&#xD;
MIP: Error: GetConfiguration (): CustomSetting not found for the given platformDefinitionId: e145597a-ecaf-40a1-99e6-14bb9d45a09e&#xD;
MIP: Error: ConfigurationApiItemWrapper (): ConfigAPI GetItem(): System.NotImplementedException, The method or operation is not implemented.&#xD;
MIP: Error: Factory.IsItemTypeSupported (): Exception source:      VideoOS.Platform.SDK.UnitTests&#xD;
Exception type:        System.NotImplementedException&#xD;
Exception message:     The method or operation is not implemented.&#xD;
Exception target site: GetItem&#xD;
   at VideoOS.Platform.SDKUnittest.EnvironmentTests.TestConfigurationClientService.GetItem(String path) in D:\actions-runner\_work\XPCO\XPCO\MIP\MIPSDK\tst\VideoOS.Platform.SDK.UnitTests\EnvironmentTests\TestsWithCorporateShimsBase.cs:line 227&#xD;
   at VideoOS.Platform.Proxy.ConfigApi.ConfigurationApiItemWrapper..ctor(ServerId serverId, String path) in D:\actions-runner\_work\XPCO\XPCO\MIP\PlatformPlugin\VideoOS.Platform\src\Proxy\ConfigApi\ConfigurationApiItemWrapper.cs:line 110&#xD;
   at VideoOS.Platform.ConfigurationItems.Factory.IsItemTypeSupported(ServerId serverId, String itemType) in D:\actions-runner\_work\XPCO\XPCO\MIP\PlatformPlugin\VideoOS.Platform\src\ConfigurationItems\Factory.cs:line 464&#xD;
&#xD;
Factory.IsItemTypeSupportedFactory.IsItemTypeSupported ()The method or operation is not implemented.   at VideoOS.Platform.SDKUnittest.EnvironmentTests.TestConfigurationClientService.GetItem(String path) in D:\actions-runner\_work\XPCO\XPCO\MIP\MIPSDK\tst\VideoOS.Platform.SDK.UnitTests\EnvironmentTests\TestsWithCorporateShimsBase.cs:line 227&#xD;
   at VideoOS.Platform.Proxy.ConfigApi.ConfigurationApiItemWrapper..ctor(ServerId serverId, String path) in D:\actions-runner\_work\XPCO\XPCO\MIP\PlatformPlugin\VideoOS.Platform\src\Proxy\ConfigApi\ConfigurationApiItemWrapper.cs:line 110&#xD;
   at VideoOS.Platform.ConfigurationItems.Factory.IsItemTypeSupported(ServerId serverId, String itemType) in D:\actions-runner\_work\XPCO\XPCO\MIP\PlatformPlugin\VideoOS.Platform\src\ConfigurationItems\Factory.cs:line 464&#xD;
MIP: Error: LoginServerOauth (): https://1.2.3.5:55/ManagementServer/ServerCommandServiceOAuth.svc The method or operation is not implemented.&#xD;
MIP: Error: ConfigurationApiItemWrapper (): ConfigAPI GetItem(): System.NotImplementedException, The method or operation is not implemented.&#xD;
MIP: Error: Factory.IsItemTypeSupported (): Exception source:      VideoOS.Platform.SDK.UnitTests&#xD;
Exception type:        System.NotImplementedException&#xD;
Exception message:     The method or operation is not implemented.&#xD;
Exception target site: GetItem&#xD;
   at VideoOS.Platform.SDKUnittest.EnvironmentTests.TestConfigurationClientService.GetItem(String path) in D:\actions-runner\_work\XPCO\XPCO\MIP\MIPSDK\tst\VideoOS.Platform.SDK.UnitTests\EnvironmentTests\TestsWithCorporateShimsBase.cs:line 227&#xD;
   at VideoOS.Platform.Proxy.ConfigApi.ConfigurationApiItemWrapper..ctor(ServerId serverId, String path) in D:\actions-runner\_work\XPCO\XPCO\MIP\PlatformPlugin\VideoOS.Platform\src\Proxy\ConfigApi\ConfigurationApiItemWrapper.cs:line 110&#xD;
   at VideoOS.Platform.ConfigurationItems.Factory.IsItemTypeSupported(ServerId serverId, String itemType) in D:\actions-runner\_work\XPCO\XPCO\MIP\PlatformPlugin\VideoOS.Platform\src\ConfigurationItems\Factory.cs:line 464&#xD;
&#xD;
Factory.IsItemTypeSupportedFactory.IsItemTypeSupported ()The method or operation is not implemented.   at VideoOS.Platform.SDKUnittest.EnvironmentTests.TestConfigurationClientService.GetItem(String path) in D:\actions-runner\_work\XPCO\XPCO\MIP\MIPSDK\tst\VideoOS.Platform.SDK.UnitTests\EnvironmentTests\TestsWithCorporateShimsBase.cs:line 227&#xD;
   at VideoOS.Platform.Proxy.ConfigApi.ConfigurationApiItemWrapper..ctor(ServerId serverId, String path) in D:\actions-runner\_work\XPCO\XPCO\MIP\PlatformPlugin\VideoOS.Platform\src\Proxy\ConfigApi\ConfigurationApiItemWrapper.cs:line 110&#xD;
   at VideoOS.Platform.ConfigurationItems.Factory.IsItemTypeSupported(ServerId serverId, String itemType) in D:\actions-runner\_work\XPCO\XPCO\MIP\PlatformPlugin\VideoOS.Platform\src\ConfigurationItems\Factory.cs:line 464&#xD;
MIP: Error: ConfigurationApiItemWrapper (): ConfigAPI GetItem(): System.NotImplementedException, The method or operation is not implemented.&#xD;
MIP: Error: Factory.IsItemTypeSupported (): Exception source:      VideoOS.Platform.SDK.UnitTests&#xD;
Exception type:        System.NotImplementedException&#xD;
Exception message:     The method or operation is not implemented.&#xD;
Exception target site: GetItem&#xD;
   at VideoOS.Platform.SDKUnittest.EnvironmentTests.TestConfigurationClientService.GetItem(String path) in D:\actions-runner\_work\XPCO\XPCO\MIP\MIPSDK\tst\VideoOS.Platform.SDK.UnitTests\EnvironmentTests\TestsWithCorporateShimsBase.cs:line 227&#xD;
   at VideoOS.Platform.Proxy.ConfigApi.ConfigurationApiItemWrapper..ctor(ServerId serverId, String path) in D:\actions-runner\_work\XPCO\XPCO\MIP\PlatformPlugin\VideoOS.Platform\src\Proxy\ConfigApi\ConfigurationApiItemWrapper.cs:line 110&#xD;
   at VideoOS.Platform.ConfigurationItems.Factory.IsItemTypeSupported(ServerId serverId, String itemType) in D:\actions-runner\_work\XPCO\XPCO\MIP\PlatformPlugin\VideoOS.Platform\src\ConfigurationItems\Factory.cs:line 464&#xD;
&#xD;
Factory.IsItemTypeSupportedFactory.IsItemTypeSupported ()The method or operation is not implemented.   at VideoOS.Platform.SDKUnittest.EnvironmentTests.TestConfigurationClientService.GetItem(String path) in D:\actions-runner\_work\XPCO\XPCO\MIP\MIPSDK\tst\VideoOS.Platform.SDK.UnitTests\EnvironmentTests\TestsWithCorporateShimsBase.cs:line 227&#xD;
   at VideoOS.Platform.Proxy.ConfigApi.ConfigurationApiItemWrapper..ctor(ServerId serverId, String path) in D:\actions-runner\_work\XPCO\XPCO\MIP\PlatformPlugin\VideoOS.Platform\src\Proxy\ConfigApi\ConfigurationApiItemWrapper.cs:line 110&#xD;
   at VideoOS.Platform.ConfigurationItems.Factory.IsItemTypeSupported(ServerId serverId, String itemType) in D:\actions-runner\_work\XPCO\XPCO\MIP\PlatformPlugin\VideoOS.Platform\src\ConfigurationItems\Factory.cs:line 464&#xD;
MIP: Error: LoginServerOauth (): https://1.2.3.5:55/ManagementServer/ServerCommandServiceOAuth.svc The method or operation is not implemented.&#xD;
MIP: Error: ConfigurationApiItemWrapper (): ConfigAPI GetItem(): System.NotImplementedException, The method or operation is not implemented.&#xD;
MIP: Error: Factory.IsItemTypeSupported (): Exception source:      VideoOS.Platform.SDK.UnitTests&#xD;
Exception type:        System.NotImplementedException&#xD;
Exception message:     The method or operation is not implemented.&#xD;
Exception target site: GetItem&#xD;
   at VideoOS.Platform.SDKUnittest.EnvironmentTests.TestConfigurationClientService.GetItem(String path) in D:\actions-runner\_work\XPCO\XPCO\MIP\MIPSDK\tst\VideoOS.Platform.SDK.UnitTests\EnvironmentTests\TestsWithCorporateShimsBase.cs:line 227&#xD;
   at VideoOS.Platform.Proxy.ConfigApi.ConfigurationApiItemWrapper..ctor(ServerId serverId, String path) in D:\actions-runner\_work\XPCO\XPCO\MIP\PlatformPlugin\VideoOS.Platform\src\Proxy\ConfigApi\ConfigurationApiItemWrapper.cs:line 110&#xD;
   at VideoOS.Platform.ConfigurationItems.Factory.IsItemTypeSupported(ServerId serverId, String itemType) in D:\actions-runner\_work\XPCO\XPCO\MIP\PlatformPlugin\VideoOS.Platform\src\ConfigurationItems\Factory.cs:line 464&#xD;
&#xD;
Factory.IsItemTypeSupportedFactory.IsItemTypeSupported ()The method or operation is not implemented.   at VideoOS.Platform.SDKUnittest.EnvironmentTests.TestConfigurationClientService.GetItem(String path) in D:\actions-runner\_work\XPCO\XPCO\MIP\MIPSDK\tst\VideoOS.Platform.SDK.UnitTests\EnvironmentTests\TestsWithCorporateShimsBase.cs:line 227&#xD;
   at VideoOS.Platform.Proxy.ConfigApi.ConfigurationApiItemWrapper..ctor(ServerId serverId, String path) in D:\actions-runner\_work\XPCO\XPCO\MIP\PlatformPlugin\VideoOS.Platform\src\Proxy\ConfigApi\ConfigurationApiItemWrapper.cs:line 110&#xD;
   at VideoOS.Platform.ConfigurationItems.Factory.IsItemTypeSupported(ServerId serverId, String itemType) in D:\actions-runner\_work\XPCO\XPCO\MIP\PlatformPlugin\VideoOS.Platform\src\ConfigurationItems\Factory.cs:line 464&#xD;
MIP: Error: GetConfiguration (): CustomSetting not found for the given platformDefinitionId: e145597a-ecaf-40a1-99e6-14bb9d45a09e&#xD;
MIP: Error: ConfigurationApiItemWrapper (): ConfigAPI GetItem(): System.NotImplementedException, The method or operation is not implemented.&#xD;
MIP: Error: Factory.IsItemTypeSupported (): Exception source:      VideoOS.Platform.SDK.UnitTests&#xD;
Exception type:        System.NotImplementedException&#xD;
Exception message:     The method or operation is not implemented.&#xD;
Exception target site: GetItem&#xD;
   at VideoOS.Platform.SDKUnittest.EnvironmentTests.TestConfigurationClientService.GetItem(String path) in D:\actions-runner\_work\XPCO\XPCO\MIP\MIPSDK\tst\VideoOS.Platform.SDK.UnitTests\EnvironmentTests\TestsWithCorporateShimsBase.cs:line 227&#xD;
   at VideoOS.Platform.Proxy.ConfigApi.ConfigurationApiItemWrapper..ctor(ServerId serverId, String path) in D:\actions-runner\_work\XPCO\XPCO\MIP\PlatformPlugin\VideoOS.Platform\src\Proxy\ConfigApi\ConfigurationApiItemWrapper.cs:line 110&#xD;
   at VideoOS.Platform.ConfigurationItems.Factory.IsItemTypeSupported(ServerId serverId, String itemType) in D:\actions-runner\_work\XPCO\XPCO\MIP\PlatformPlugin\VideoOS.Platform\src\ConfigurationItems\Factory.cs:line 464&#xD;
&#xD;
Factory.IsItemTypeSupportedFactory.IsItemTypeSupported ()The method or operation is not implemented.   at VideoOS.Platform.SDKUnittest.EnvironmentTests.TestConfigurationClientService.GetItem(String path) in D:\actions-runner\_work\XPCO\XPCO\MIP\MIPSDK\tst\VideoOS.Platform.SDK.UnitTests\EnvironmentTests\TestsWithCorporateShimsBase.cs:line 227&#xD;
   at VideoOS.Platform.Proxy.ConfigApi.ConfigurationApiItemWrapper..ctor(ServerId serverId, String path) in D:\actions-runner\_work\XPCO\XPCO\MIP\PlatformPlugin\VideoOS.Platform\src\Proxy\ConfigApi\ConfigurationApiItemWrapper.cs:line 110&#xD;
   at VideoOS.Platform.ConfigurationItems.Factory.IsItemTypeSupported(ServerId serverId, String itemType) in D:\actions-runner\_work\XPCO\XPCO\MIP\PlatformPlugin\VideoOS.Platform\src\ConfigurationItems\Factory.cs:line 464&#xD;
MIP: Error: LoginServerOauth (): https://1.2.3.5:55/ManagementServer/ServerCommandServiceOAuth.svc The method or operation is not implemented.&#xD;
MIP: Error: ConfigurationApiItemWrapper (): ConfigAPI GetItem(): System.NotImplementedException, The method or operation is not implemented.&#xD;
MIP: Error: Factory.IsItemTypeSupported (): Exception source:      VideoOS.Platform.SDK.UnitTests&#xD;
Exception type:        System.NotImplementedException&#xD;
Exception message:     The method or operation is not implemented.&#xD;
Exception target site: GetItem&#xD;
   at VideoOS.Platform.SDKUnittest.EnvironmentTests.TestConfigurationClientService.GetItem(String path) in D:\actions-runner\_work\XPCO\XPCO\MIP\MIPSDK\tst\VideoOS.Platform.SDK.UnitTests\EnvironmentTests\TestsWithCorporateShimsBase.cs:line 227&#xD;
   at VideoOS.Platform.Proxy.ConfigApi.ConfigurationApiItemWrapper..ctor(ServerId serverId, String path) in D:\actions-runner\_work\XPCO\XPCO\MIP\PlatformPlugin\VideoOS.Platform\src\Proxy\ConfigApi\ConfigurationApiItemWrapper.cs:line 110&#xD;
   at VideoOS.Platform.ConfigurationItems.Factory.IsItemTypeSupported(ServerId serverId, String itemType) in D:\actions-runner\_work\XPCO\XPCO\MIP\PlatformPlugin\VideoOS.Platform\src\ConfigurationItems\Factory.cs:line 464&#xD;
&#xD;
Factory.IsItemTypeSupportedFactory.IsItemTypeSupported ()The method or operation is not implemented.   at VideoOS.Platform.SDKUnittest.EnvironmentTests.TestConfigurationClientService.GetItem(String path) in D:\actions-runner\_work\XPCO\XPCO\MIP\MIPSDK\tst\VideoOS.Platform.SDK.UnitTests\EnvironmentTests\TestsWithCorporateShimsBase.cs:line 227&#xD;
   at VideoOS.Platform.Proxy.ConfigApi.ConfigurationApiItemWrapper..ctor(ServerId serverId, String path) in D:\actions-runner\_work\XPCO\XPCO\MIP\PlatformPlugin\VideoOS.Platform\src\Proxy\ConfigApi\ConfigurationApiItemWrapper.cs:line 110&#xD;
   at VideoOS.Platform.ConfigurationItems.Factory.IsItemTypeSupported(ServerId serverId, String itemType) in D:\actions-runner\_work\XPCO\XPCO\MIP\PlatformPlugin\VideoOS.Platform\src\ConfigurationItems\Factory.cs:line 464&#xD;
MIP: Error: ConfigurationApiItemWrapper (): ConfigAPI GetItem(): System.NotImplementedException, The method or operation is not implemented.&#xD;
MIP: Error: Factory.IsItemTypeSupported (): Exception source:      VideoOS.Platform.SDK.UnitTests&#xD;
Exception type:        System.NotImplementedException&#xD;
Exception message:     The method or operation is not implemented.&#xD;
Exception target site: GetItem&#xD;
   at VideoOS.Platform.SDKUnittest.EnvironmentTests.TestConfigurationClientService.GetItem(String path) in D:\actions-runner\_work\XPCO\XPCO\MIP\MIPSDK\tst\VideoOS.Platform.SDK.UnitTests\EnvironmentTests\TestsWithCorporateShimsBase.cs:line 227&#xD;
   at VideoOS.Platform.Proxy.ConfigApi.ConfigurationApiItemWrapper..ctor(ServerId serverId, String path) in D:\actions-runner\_work\XPCO\XPCO\MIP\PlatformPlugin\VideoOS.Platform\src\Proxy\ConfigApi\ConfigurationApiItemWrapper.cs:line 110&#xD;
   at VideoOS.Platform.ConfigurationItems.Factory.IsItemTypeSupported(ServerId serverId, String itemType) in D:\actions-runner\_work\XPCO\XPCO\MIP\PlatformPlugin\VideoOS.Platform\src\ConfigurationItems\Factory.cs:line 464&#xD;
&#xD;
Factory.IsItemTypeSupportedFactory.IsItemTypeSupported ()The method or operation is not implemented.   at VideoOS.Platform.SDKUnittest.EnvironmentTests.TestConfigurationClientService.GetItem(String path) in D:\actions-runner\_work\XPCO\XPCO\MIP\MIPSDK\tst\VideoOS.Platform.SDK.UnitTests\EnvironmentTests\TestsWithCorporateShimsBase.cs:line 227&#xD;
   at VideoOS.Platform.Proxy.ConfigApi.ConfigurationApiItemWrapper..ctor(ServerId serverId, String path) in D:\actions-runner\_work\XPCO\XPCO\MIP\PlatformPlugin\VideoOS.Platform\src\Proxy\ConfigApi\ConfigurationApiItemWrapper.cs:line 110&#xD;
   at VideoOS.Platform.ConfigurationItems.Factory.IsItemTypeSupported(ServerId serverId, String itemType) in D:\actions-runner\_work\XPCO\XPCO\MIP\PlatformPlugin\VideoOS.Platform\src\ConfigurationItems\Factory.cs:line 464&#xD;
MIP: Error: ConfigurationApiItemWrapper (): ConfigAPI GetItem(): System.NotImplementedException, The method or operation is not implemented.&#xD;
MIP: Error: Factory.IsItemTypeSupported (): Exception source:      VideoOS.Platform.SDK.UnitTests&#xD;
Exception type:        System.NotImplementedException&#xD;
Exception message:     The method or operation is not implemented.&#xD;
Exception target site: GetItem&#xD;
   at VideoOS.Platform.SDKUnittest.EnvironmentTests.TestConfigurationClientService.GetItem(String path) in D:\actions-runner\_work\XPCO\XPCO\MIP\MIPSDK\tst\VideoOS.Platform.SDK.UnitTests\EnvironmentTests\TestsWithCorporateShimsBase.cs:line 227&#xD;
   at VideoOS.Platform.Proxy.ConfigApi.ConfigurationApiItemWrapper..ctor(ServerId serverId, String path) in D:\actions-runner\_work\XPCO\XPCO\MIP\PlatformPlugin\VideoOS.Platform\src\Proxy\ConfigApi\ConfigurationApiItemWrapper.cs:line 110&#xD;
   at VideoOS.Platform.ConfigurationItems.Factory.IsItemTypeSupported(ServerId serverId, String itemType) in D:\actions-runner\_work\XPCO\XPCO\MIP\PlatformPlugin\VideoOS.Platform\src\ConfigurationItems\Factory.cs:line 464&#xD;
&#xD;
Factory.IsItemTypeSupportedFactory.IsItemTypeSupported ()The method or operation is not implemented.   at VideoOS.Platform.SDKUnittest.EnvironmentTests.TestConfigurationClientService.GetItem(String path) in D:\actions-runner\_work\XPCO\XPCO\MIP\MIPSDK\tst\VideoOS.Platform.SDK.UnitTests\EnvironmentTests\TestsWithCorporateShimsBase.cs:line 227&#xD;
   at VideoOS.Platform.Proxy.ConfigApi.ConfigurationApiItemWrapper..ctor(ServerId serverId, String path) in D:\actions-runner\_work\XPCO\XPCO\MIP\PlatformPlugin\VideoOS.Platform\src\Proxy\ConfigApi\ConfigurationApiItemWrapper.cs:line 110&#xD;
   at VideoOS.Platform.ConfigurationItems.Factory.IsItemTypeSupported(ServerId serverId, String itemType) in D:\actions-runner\_work\XPCO\XPCO\MIP\PlatformPlugin\VideoOS.Platform\src\ConfigurationItems\Factory.cs:line 464&#xD;
MIP: Error: ConfigurationApiItemWrapper (): ConfigAPI GetItem(): System.NotImplementedException, The method or operation is not implemented.&#xD;
MIP: Error: Factory.IsItemTypeSupported (): Exception source:      VideoOS.Platform.SDK.UnitTests&#xD;
Exception type:        System.NotImplementedException&#xD;
Exception message:     The method or operation is not implemented.&#xD;
Exception target site: GetItem&#xD;
   at VideoOS.Platform.SDKUnittest.EnvironmentTests.TestConfigurationClientService.GetItem(String path) in D:\actions-runner\_work\XPCO\XPCO\MIP\MIPSDK\tst\VideoOS.Platform.SDK.UnitTests\EnvironmentTests\TestsWithCorporateShimsBase.cs:line 227&#xD;
   at VideoOS.Platform.Proxy.ConfigApi.ConfigurationApiItemWrapper..ctor(ServerId serverId, String path) in D:\actions-runner\_work\XPCO\XPCO\MIP\PlatformPlugin\VideoOS.Platform\src\Proxy\ConfigApi\ConfigurationApiItemWrapper.cs:line 110&#xD;
   at VideoOS.Platform.ConfigurationItems.Factory.IsItemTypeSupported(ServerId serverId, String itemType) in D:\actions-runner\_work\XPCO\XPCO\MIP\PlatformPlugin\VideoOS.Platform\src\ConfigurationItems\Factory.cs:line 464&#xD;
&#xD;
Factory.IsItemTypeSupportedFactory.IsItemTypeSupported ()The method or operation is not implemented.   at VideoOS.Platform.SDKUnittest.EnvironmentTests.TestConfigurationClientService.GetItem(String path) in D:\actions-runner\_work\XPCO\XPCO\MIP\MIPSDK\tst\VideoOS.Platform.SDK.UnitTests\EnvironmentTests\TestsWithCorporateShimsBase.cs:line 227&#xD;
   at VideoOS.Platform.Proxy.ConfigApi.ConfigurationApiItemWrapper..ctor(ServerId serverId, String path) in D:\actions-runner\_work\XPCO\XPCO\MIP\PlatformPlugin\VideoOS.Platform\src\Proxy\ConfigApi\ConfigurationApiItemWrapper.cs:line 110&#xD;
   at VideoOS.Platform.ConfigurationItems.Factory.IsItemTypeSupported(ServerId serverId, String itemType) in D:\actions-runner\_work\XPCO\XPCO\MIP\PlatformPlugin\VideoOS.Platform\src\ConfigurationItems\Factory.cs:line 464&#xD;
MIP: Error: ConfigurationApiItemWrapper (): ConfigAPI GetItem(): System.NotImplementedException, The method or operation is not implemented.&#xD;
MIP: Error: Factory.IsItemTypeSupported (): Exception source:      VideoOS.Platform.SDK.UnitTests&#xD;
Exception type:        System.NotImplementedException&#xD;
Exception message:     The method or operation is not implemented.&#xD;
Exception target site: GetItem&#xD;
   at VideoOS.Platform.SDKUnittest.EnvironmentTests.TestConfigurationClientService.GetItem(String path) in D:\actions-runner\_work\XPCO\XPCO\MIP\MIPSDK\tst\VideoOS.Platform.SDK.UnitTests\EnvironmentTests\TestsWithCorporateShimsBase.cs:line 227&#xD;
   at VideoOS.Platform.Proxy.ConfigApi.ConfigurationApiItemWrapper..ctor(ServerId serverId, String path) in D:\actions-runner\_work\XPCO\XPCO\MIP\PlatformPlugin\VideoOS.Platform\src\Proxy\ConfigApi\ConfigurationApiItemWrapper.cs:line 110&#xD;
   at VideoOS.Platform.ConfigurationItems.Factory.IsItemTypeSupported(ServerId serverId, String itemType) in D:\actions-runner\_work\XPCO\XPCO\MIP\PlatformPlugin\VideoOS.Platform\src\ConfigurationItems\Factory.cs:line 464&#xD;
&#xD;
Factory.IsItemTypeSupportedFactory.IsItemTypeSupported ()The method or operation is not implemented.   at VideoOS.Platform.SDKUnittest.EnvironmentTests.TestConfigurationClientService.GetItem(String path) in D:\actions-runner\_work\XPCO\XPCO\MIP\MIPSDK\tst\VideoOS.Platform.SDK.UnitTests\EnvironmentTests\TestsWithCorporateShimsBase.cs:line 227&#xD;
   at VideoOS.Platform.Proxy.ConfigApi.ConfigurationApiItemWrapper..ctor(ServerId serverId, String path) in D:\actions-runner\_work\XPCO\XPCO\MIP\PlatformPlugin\VideoOS.Platform\src\Proxy\ConfigApi\ConfigurationApiItemWrapper.cs:line 110&#xD;
   at VideoOS.Platform.ConfigurationItems.Factory.IsItemTypeSupported(ServerId serverId, String itemType) in D:\actions-runner\_work\XPCO\XPCO\MIP\PlatformPlugin\VideoOS.Platform\src\ConfigurationItems\Factory.cs:line 464</StdOut>
      </Output>
    </UnitTestResult>
    <UnitTestResult executionId="32ab1f66-676a-48e8-b0c5-fe6b39f1b91c" testId="8dfedf8d-5ced-b051-67b1-f21d8190aa73" testName="VerifyServerFoundThroughOriginalUri_throughLoginSettings" computerName="DKSR-EFI-04" duration="00:00:00.0013766" startTime="2023-12-22T09:36:12.0695630+01:00" endTime="2023-12-22T09:36:12.0695630+01:00" testType="13cdc9d9-ddb5-4fa4-a97d-d965ccfc6d4b" outcome="Passed" testListId="8c84fa94-04c1-424b-9868-57a2d4851a1d" relativeResultsDirectory="32ab1f66-676a-48e8-b0c5-fe6b39f1b91c" />
    <UnitTestResult executionId="9b6c283e-af38-4959-91e1-815ac4665cc7" testId="853f6915-20e9-72f8-b144-6b6c2f45bce5" testName="ConnectionTask_ShouldNotResubscribe_WhenConnectionIsBroken_AndResumeSucceeds" computerName="DKSR-EFI-04" duration="00:00:00.0197115" startTime="2023-12-22T09:36:15.5070839+01:00" endTime="2023-12-22T09:36:15.5383328+01:00" testType="13cdc9d9-ddb5-4fa4-a97d-d965ccfc6d4b" outcome="Passed" testListId="8c84fa94-04c1-424b-9868-57a2d4851a1d" relativeResultsDirectory="9b6c283e-af38-4959-91e1-815ac4665cc7" />
    <UnitTestResult executionId="3467a92b-ff85-46c5-8581-e9c0d0a88648" testId="23b8a97d-73db-ca9d-ee8d-e27bad17d5d3" testName="Given_Nothing_When_AMessageCannotBeParsed_Then_ItIsLoggedAsWarning" computerName="DKSR-EFI-04" duration="00:00:00.0042068" startTime="2023-12-22T09:36:15.0695817+01:00" endTime="2023-12-22T09:36:15.0695817+01:00" testType="13cdc9d9-ddb5-4fa4-a97d-d965ccfc6d4b" outcome="Passed" testListId="8c84fa94-04c1-424b-9868-57a2d4851a1d" relativeResultsDirectory="3467a92b-ff85-46c5-8581-e9c0d0a88648" />
    <UnitTestResult executionId="e65f54d1-628a-4a3e-a620-c449df5c4292" testId="c3573399-21f3-d171-85a6-ea212493cb14" testName="ConnectionTask_ShouldResubscribe_WhenConnectionIsBroken_AndResumeFails" computerName="DKSR-EFI-04" duration="00:00:00.0111044" startTime="2023-12-22T09:36:15.5383328+01:00" endTime="2023-12-22T09:36:15.5383328+01:00" testType="13cdc9d9-ddb5-4fa4-a97d-d965ccfc6d4b" outcome="Passed" testListId="8c84fa94-04c1-424b-9868-57a2d4851a1d" relativeResultsDirectory="e65f54d1-628a-4a3e-a620-c449df5c4292" />
    <UnitTestResult executionId="03143f94-af9a-4997-a1ea-0c20a0627049" testId="6c2774fd-5517-8aea-be70-fd37a3cf85af" testName="Given_Connected_When_GetCurrentStateSuccesful_Then_StatesAreReturned" computerName="DKSR-EFI-04" duration="00:00:00.0246237" startTime="2023-12-22T09:36:15.3664585+01:00" endTime="2023-12-22T09:36:15.3977092+01:00" testType="13cdc9d9-ddb5-4fa4-a97d-d965ccfc6d4b" outcome="Passed" testListId="8c84fa94-04c1-424b-9868-57a2d4851a1d" relativeResultsDirectory="03143f94-af9a-4997-a1ea-0c20a0627049" />
    <UnitTestResult executionId="02e3d81d-49d6-44a5-869d-d4b8655e55be" testId="24f8123c-e826-303b-a65a-9364447f6890" testName="XpcoMultiUserLoginSingleServer" computerName="DKSR-EFI-04" duration="00:00:02.0016661" startTime="2023-12-22T09:36:30.3352846+01:00" endTime="2023-12-22T09:36:32.3352967+01:00" testType="13cdc9d9-ddb5-4fa4-a97d-d965ccfc6d4b" outcome="Passed" testListId="8c84fa94-04c1-424b-9868-57a2d4851a1d" relativeResultsDirectory="02e3d81d-49d6-44a5-869d-d4b8655e55be">
      <Output>
        <StdOut>Debug Trace:&#xD;
TopLevelControl returns null. PostMessage may have problems&#xD;
MIP: Error: ConfigurationApiItemWrapper (): ConfigAPI GetItem(): System.NotImplementedException, The method or operation is not implemented.&#xD;
MIP: Error: Factory.IsItemTypeSupported (): Exception source:      VideoOS.Platform.SDK.UnitTests&#xD;
Exception type:        System.NotImplementedException&#xD;
Exception message:     The method or operation is not implemented.&#xD;
Exception target site: GetItem&#xD;
   at VideoOS.Platform.SDKUnittest.EnvironmentTests.TestConfigurationClientService.GetItem(String path) in D:\actions-runner\_work\XPCO\XPCO\MIP\MIPSDK\tst\VideoOS.Platform.SDK.UnitTests\EnvironmentTests\TestsWithCorporateShimsBase.cs:line 227&#xD;
   at VideoOS.Platform.Proxy.ConfigApi.ConfigurationApiItemWrapper..ctor(ServerId serverId, String path) in D:\actions-runner\_work\XPCO\XPCO\MIP\PlatformPlugin\VideoOS.Platform\src\Proxy\ConfigApi\ConfigurationApiItemWrapper.cs:line 110&#xD;
   at VideoOS.Platform.ConfigurationItems.Factory.IsItemTypeSupported(ServerId serverId, String itemType) in D:\actions-runner\_work\XPCO\XPCO\MIP\PlatformPlugin\VideoOS.Platform\src\ConfigurationItems\Factory.cs:line 464&#xD;
&#xD;
Factory.IsItemTypeSupportedFactory.IsItemTypeSupported ()The method or operation is not implemented.   at VideoOS.Platform.SDKUnittest.EnvironmentTests.TestConfigurationClientService.GetItem(String path) in D:\actions-runner\_work\XPCO\XPCO\MIP\MIPSDK\tst\VideoOS.Platform.SDK.UnitTests\EnvironmentTests\TestsWithCorporateShimsBase.cs:line 227&#xD;
   at VideoOS.Platform.Proxy.ConfigApi.ConfigurationApiItemWrapper..ctor(ServerId serverId, String path) in D:\actions-runner\_work\XPCO\XPCO\MIP\PlatformPlugin\VideoOS.Platform\src\Proxy\ConfigApi\ConfigurationApiItemWrapper.cs:line 110&#xD;
   at VideoOS.Platform.ConfigurationItems.Factory.IsItemTypeSupported(ServerId serverId, String itemType) in D:\actions-runner\_work\XPCO\XPCO\MIP\PlatformPlugin\VideoOS.Platform\src\ConfigurationItems\Factory.cs:line 464&#xD;
MIP: Error: GetConfiguration (): CustomSetting not found for the given platformDefinitionId: e145597a-ecaf-40a1-99e6-14bb9d45a09e&#xD;
MIP: Error: ConfigurationApiItemWrapper (): ConfigAPI GetItem(): System.NotImplementedException, The method or operation is not implemented.&#xD;
MIP: Error: Factory.IsItemTypeSupported (): Exception source:      VideoOS.Platform.SDK.UnitTests&#xD;
Exception type:        System.NotImplementedException&#xD;
Exception message:     The method or operation is not implemented.&#xD;
Exception target site: GetItem&#xD;
   at VideoOS.Platform.SDKUnittest.EnvironmentTests.TestConfigurationClientService.GetItem(String path) in D:\actions-runner\_work\XPCO\XPCO\MIP\MIPSDK\tst\VideoOS.Platform.SDK.UnitTests\EnvironmentTests\TestsWithCorporateShimsBase.cs:line 227&#xD;
   at VideoOS.Platform.Proxy.ConfigApi.ConfigurationApiItemWrapper..ctor(ServerId serverId, String path) in D:\actions-runner\_work\XPCO\XPCO\MIP\PlatformPlugin\VideoOS.Platform\src\Proxy\ConfigApi\ConfigurationApiItemWrapper.cs:line 110&#xD;
   at VideoOS.Platform.ConfigurationItems.Factory.IsItemTypeSupported(ServerId serverId, String itemType) in D:\actions-runner\_work\XPCO\XPCO\MIP\PlatformPlugin\VideoOS.Platform\src\ConfigurationItems\Factory.cs:line 464&#xD;
&#xD;
Factory.IsItemTypeSupportedFactory.IsItemTypeSupported ()The method or operation is not implemented.   at VideoOS.Platform.SDKUnittest.EnvironmentTests.TestConfigurationClientService.GetItem(String path) in D:\actions-runner\_work\XPCO\XPCO\MIP\MIPSDK\tst\VideoOS.Platform.SDK.UnitTests\EnvironmentTests\TestsWithCorporateShimsBase.cs:line 227&#xD;
   at VideoOS.Platform.Proxy.ConfigApi.ConfigurationApiItemWrapper..ctor(ServerId serverId, String path) in D:\actions-runner\_work\XPCO\XPCO\MIP\PlatformPlugin\VideoOS.Platform\src\Proxy\ConfigApi\ConfigurationApiItemWrapper.cs:line 110&#xD;
   at VideoOS.Platform.ConfigurationItems.Factory.IsItemTypeSupported(ServerId serverId, String itemType) in D:\actions-runner\_work\XPCO\XPCO\MIP\PlatformPlugin\VideoOS.Platform\src\ConfigurationItems\Factory.cs:line 464&#xD;
MIP: Error: LoginServerOauth (): https://1.2.3.5:55/ManagementServer/ServerCommandServiceOAuth.svc The method or operation is not implemented.&#xD;
MIP: Error: ConfigurationApiItemWrapper (): ConfigAPI GetItem(): System.NotImplementedException, The method or operation is not implemented.&#xD;
MIP: Error: Factory.IsItemTypeSupported (): Exception source:      VideoOS.Platform.SDK.UnitTests&#xD;
Exception type:        System.NotImplementedException&#xD;
Exception message:     The method or operation is not implemented.&#xD;
Exception target site: GetItem&#xD;
   at VideoOS.Platform.SDKUnittest.EnvironmentTests.TestConfigurationClientService.GetItem(String path) in D:\actions-runner\_work\XPCO\XPCO\MIP\MIPSDK\tst\VideoOS.Platform.SDK.UnitTests\EnvironmentTests\TestsWithCorporateShimsBase.cs:line 227&#xD;
   at VideoOS.Platform.Proxy.ConfigApi.ConfigurationApiItemWrapper..ctor(ServerId serverId, String path) in D:\actions-runner\_work\XPCO\XPCO\MIP\PlatformPlugin\VideoOS.Platform\src\Proxy\ConfigApi\ConfigurationApiItemWrapper.cs:line 110&#xD;
   at VideoOS.Platform.ConfigurationItems.Factory.IsItemTypeSupported(ServerId serverId, String itemType) in D:\actions-runner\_work\XPCO\XPCO\MIP\PlatformPlugin\VideoOS.Platform\src\ConfigurationItems\Factory.cs:line 464&#xD;
&#xD;
Factory.IsItemTypeSupportedFactory.IsItemTypeSupported ()The method or operation is not implemented.   at VideoOS.Platform.SDKUnittest.EnvironmentTests.TestConfigurationClientService.GetItem(String path) in D:\actions-runner\_work\XPCO\XPCO\MIP\MIPSDK\tst\VideoOS.Platform.SDK.UnitTests\EnvironmentTests\TestsWithCorporateShimsBase.cs:line 227&#xD;
   at VideoOS.Platform.Proxy.ConfigApi.ConfigurationApiItemWrapper..ctor(ServerId serverId, String path) in D:\actions-runner\_work\XPCO\XPCO\MIP\PlatformPlugin\VideoOS.Platform\src\Proxy\ConfigApi\ConfigurationApiItemWrapper.cs:line 110&#xD;
   at VideoOS.Platform.ConfigurationItems.Factory.IsItemTypeSupported(ServerId serverId, String itemType) in D:\actions-runner\_work\XPCO\XPCO\MIP\PlatformPlugin\VideoOS.Platform\src\ConfigurationItems\Factory.cs:line 464&#xD;
MIP: Error: GetConfiguration (): CustomSetting not found for the given platformDefinitionId: e145597a-ecaf-40a1-99e6-14bb9d45a09e&#xD;
MIP: Error: ConfigurationApiItemWrapper (): ConfigAPI GetItem(): System.NotImplementedException, The method or operation is not implemented.&#xD;
MIP: Error: Factory.IsItemTypeSupported (): Exception source:      VideoOS.Platform.SDK.UnitTests&#xD;
Exception type:        System.NotImplementedException&#xD;
Exception message:     The method or operation is not implemented.&#xD;
Exception target site: GetItem&#xD;
   at VideoOS.Platform.SDKUnittest.EnvironmentTests.TestConfigurationClientService.GetItem(String path) in D:\actions-runner\_work\XPCO\XPCO\MIP\MIPSDK\tst\VideoOS.Platform.SDK.UnitTests\EnvironmentTests\TestsWithCorporateShimsBase.cs:line 227&#xD;
   at VideoOS.Platform.Proxy.ConfigApi.ConfigurationApiItemWrapper..ctor(ServerId serverId, String path) in D:\actions-runner\_work\XPCO\XPCO\MIP\PlatformPlugin\VideoOS.Platform\src\Proxy\ConfigApi\ConfigurationApiItemWrapper.cs:line 110&#xD;
   at VideoOS.Platform.ConfigurationItems.Factory.IsItemTypeSupported(ServerId serverId, String itemType) in D:\actions-runner\_work\XPCO\XPCO\MIP\PlatformPlugin\VideoOS.Platform\src\ConfigurationItems\Factory.cs:line 464&#xD;
&#xD;
Factory.IsItemTypeSupportedFactory.IsItemTypeSupported ()The method or operation is not implemented.   at VideoOS.Platform.SDKUnittest.EnvironmentTests.TestConfigurationClientService.GetItem(String path) in D:\actions-runner\_work\XPCO\XPCO\MIP\MIPSDK\tst\VideoOS.Platform.SDK.UnitTests\EnvironmentTests\TestsWithCorporateShimsBase.cs:line 227&#xD;
   at VideoOS.Platform.Proxy.ConfigApi.ConfigurationApiItemWrapper..ctor(ServerId serverId, String path) in D:\actions-runner\_work\XPCO\XPCO\MIP\PlatformPlugin\VideoOS.Platform\src\Proxy\ConfigApi\ConfigurationApiItemWrapper.cs:line 110&#xD;
   at VideoOS.Platform.ConfigurationItems.Factory.IsItemTypeSupported(ServerId serverId, String itemType) in D:\actions-runner\_work\XPCO\XPCO\MIP\PlatformPlugin\VideoOS.Platform\src\ConfigurationItems\Factory.cs:line 464&#xD;
MIP: Error: LoginServerOauth (): https://1.2.3.5:55/ManagementServer/ServerCommandServiceOAuth.svc The method or operation is not implemented.&#xD;
MIP: Error: ConfigurationApiItemWrapper (): ConfigAPI GetItem(): System.NotImplementedException, The method or operation is not implemented.&#xD;
MIP: Error: Factory.IsItemTypeSupported (): Exception source:      VideoOS.Platform.SDK.UnitTests&#xD;
Exception type:        System.NotImplementedException&#xD;
Exception message:     The method or operation is not implemented.&#xD;
Exception target site: GetItem&#xD;
   at VideoOS.Platform.SDKUnittest.EnvironmentTests.TestConfigurationClientService.GetItem(String path) in D:\actions-runner\_work\XPCO\XPCO\MIP\MIPSDK\tst\VideoOS.Platform.SDK.UnitTests\EnvironmentTests\TestsWithCorporateShimsBase.cs:line 227&#xD;
   at VideoOS.Platform.Proxy.ConfigApi.ConfigurationApiItemWrapper..ctor(ServerId serverId, String path) in D:\actions-runner\_work\XPCO\XPCO\MIP\PlatformPlugin\VideoOS.Platform\src\Proxy\ConfigApi\ConfigurationApiItemWrapper.cs:line 110&#xD;
   at VideoOS.Platform.ConfigurationItems.Factory.IsItemTypeSupported(ServerId serverId, String itemType) in D:\actions-runner\_work\XPCO\XPCO\MIP\PlatformPlugin\VideoOS.Platform\src\ConfigurationItems\Factory.cs:line 464&#xD;
&#xD;
Factory.IsItemTypeSupportedFactory.IsItemTypeSupported ()The method or operation is not implemented.   at VideoOS.Platform.SDKUnittest.EnvironmentTests.TestConfigurationClientService.GetItem(String path) in D:\actions-runner\_work\XPCO\XPCO\MIP\MIPSDK\tst\VideoOS.Platform.SDK.UnitTests\EnvironmentTests\TestsWithCorporateShimsBase.cs:line 227&#xD;
   at VideoOS.Platform.Proxy.ConfigApi.ConfigurationApiItemWrapper..ctor(ServerId serverId, String path) in D:\actions-runner\_work\XPCO\XPCO\MIP\PlatformPlugin\VideoOS.Platform\src\Proxy\ConfigApi\ConfigurationApiItemWrapper.cs:line 110&#xD;
   at VideoOS.Platform.ConfigurationItems.Factory.IsItemTypeSupported(ServerId serverId, String itemType) in D:\actions-runner\_work\XPCO\XPCO\MIP\PlatformPlugin\VideoOS.Platform\src\ConfigurationItems\Factory.cs:line 464&#xD;
MIP: Error: ConfigurationApiItemWrapper (): ConfigAPI GetItem(): System.NotImplementedException, The method or operation is not implemented.&#xD;
MIP: Error: Factory.IsItemTypeSupported (): Exception source:      VideoOS.Platform.SDK.UnitTests&#xD;
Exception type:        System.NotImplementedException&#xD;
Exception message:     The method or operation is not implemented.&#xD;
Exception target site: GetItem&#xD;
   at VideoOS.Platform.SDKUnittest.EnvironmentTests.TestConfigurationClientService.GetItem(String path) in D:\actions-runner\_work\XPCO\XPCO\MIP\MIPSDK\tst\VideoOS.Platform.SDK.UnitTests\EnvironmentTests\TestsWithCorporateShimsBase.cs:line 227&#xD;
   at VideoOS.Platform.Proxy.ConfigApi.ConfigurationApiItemWrapper..ctor(ServerId serverId, String path) in D:\actions-runner\_work\XPCO\XPCO\MIP\PlatformPlugin\VideoOS.Platform\src\Proxy\ConfigApi\ConfigurationApiItemWrapper.cs:line 110&#xD;
   at VideoOS.Platform.ConfigurationItems.Factory.IsItemTypeSupported(ServerId serverId, String itemType) in D:\actions-runner\_work\XPCO\XPCO\MIP\PlatformPlugin\VideoOS.Platform\src\ConfigurationItems\Factory.cs:line 464&#xD;
&#xD;
Factory.IsItemTypeSupportedFactory.IsItemTypeSupported ()The method or operation is not implemented.   at VideoOS.Platform.SDKUnittest.EnvironmentTests.TestConfigurationClientService.GetItem(String path) in D:\actions-runner\_work\XPCO\XPCO\MIP\MIPSDK\tst\VideoOS.Platform.SDK.UnitTests\EnvironmentTests\TestsWithCorporateShimsBase.cs:line 227&#xD;
   at VideoOS.Platform.Proxy.ConfigApi.ConfigurationApiItemWrapper..ctor(ServerId serverId, String path) in D:\actions-runner\_work\XPCO\XPCO\MIP\PlatformPlugin\VideoOS.Platform\src\Proxy\ConfigApi\ConfigurationApiItemWrapper.cs:line 110&#xD;
   at VideoOS.Platform.ConfigurationItems.Factory.IsItemTypeSupported(ServerId serverId, String itemType) in D:\actions-runner\_work\XPCO\XPCO\MIP\PlatformPlugin\VideoOS.Platform\src\ConfigurationItems\Factory.cs:line 464&#xD;
MIP: Error: LoginServerOauth (): https://1.2.3.5:55/ManagementServer/ServerCommandServiceOAuth.svc The method or operation is not implemented.&#xD;
MIP: Error: ConfigurationApiItemWrapper (): ConfigAPI GetItem(): System.NotImplementedException, The method or operation is not implemented.&#xD;
MIP: Error: Factory.IsItemTypeSupported (): Exception source:      VideoOS.Platform.SDK.UnitTests&#xD;
Exception type:        System.NotImplementedException&#xD;
Exception message:     The method or operation is not implemented.&#xD;
Exception target site: GetItem&#xD;
   at VideoOS.Platform.SDKUnittest.EnvironmentTests.TestConfigurationClientService.GetItem(String path) in D:\actions-runner\_work\XPCO\XPCO\MIP\MIPSDK\tst\VideoOS.Platform.SDK.UnitTests\EnvironmentTests\TestsWithCorporateShimsBase.cs:line 227&#xD;
   at VideoOS.Platform.Proxy.ConfigApi.ConfigurationApiItemWrapper..ctor(ServerId serverId, String path) in D:\actions-runner\_work\XPCO\XPCO\MIP\PlatformPlugin\VideoOS.Platform\src\Proxy\ConfigApi\ConfigurationApiItemWrapper.cs:line 110&#xD;
   at VideoOS.Platform.ConfigurationItems.Factory.IsItemTypeSupported(ServerId serverId, String itemType) in D:\actions-runner\_work\XPCO\XPCO\MIP\PlatformPlugin\VideoOS.Platform\src\ConfigurationItems\Factory.cs:line 464&#xD;
&#xD;
Factory.IsItemTypeSupportedFactory.IsItemTypeSupported ()The method or operation is not implemented.   at VideoOS.Platform.SDKUnittest.EnvironmentTests.TestConfigurationClientService.GetItem(String path) in D:\actions-runner\_work\XPCO\XPCO\MIP\MIPSDK\tst\VideoOS.Platform.SDK.UnitTests\EnvironmentTests\TestsWithCorporateShimsBase.cs:line 227&#xD;
   at VideoOS.Platform.Proxy.ConfigApi.ConfigurationApiItemWrapper..ctor(ServerId serverId, String path) in D:\actions-runner\_work\XPCO\XPCO\MIP\PlatformPlugin\VideoOS.Platform\src\Proxy\ConfigApi\ConfigurationApiItemWrapper.cs:line 110&#xD;
   at VideoOS.Platform.ConfigurationItems.Factory.IsItemTypeSupported(ServerId serverId, String itemType) in D:\actions-runner\_work\XPCO\XPCO\MIP\PlatformPlugin\VideoOS.Platform\src\ConfigurationItems\Factory.cs:line 464&#xD;
MIP: Error: GetConfiguration (): CustomSetting not found for the given platformDefinitionId: e145597a-ecaf-40a1-99e6-14bb9d45a09e&#xD;
MIP: Error: ConfigurationApiItemWrapper (): ConfigAPI GetItem(): System.NotImplementedException, The method or operation is not implemented.&#xD;
MIP: Error: Factory.IsItemTypeSupported (): Exception source:      VideoOS.Platform.SDK.UnitTests&#xD;
Exception type:        System.NotImplementedException&#xD;
Exception message:     The method or operation is not implemented.&#xD;
Exception target site: GetItem&#xD;
   at VideoOS.Platform.SDKUnittest.EnvironmentTests.TestConfigurationClientService.GetItem(String path) in D:\actions-runner\_work\XPCO\XPCO\MIP\MIPSDK\tst\VideoOS.Platform.SDK.UnitTests\EnvironmentTests\TestsWithCorporateShimsBase.cs:line 227&#xD;
   at VideoOS.Platform.Proxy.ConfigApi.ConfigurationApiItemWrapper..ctor(ServerId serverId, String path) in D:\actions-runner\_work\XPCO\XPCO\MIP\PlatformPlugin\VideoOS.Platform\src\Proxy\ConfigApi\ConfigurationApiItemWrapper.cs:line 110&#xD;
   at VideoOS.Platform.ConfigurationItems.Factory.IsItemTypeSupported(ServerId serverId, String itemType) in D:\actions-runner\_work\XPCO\XPCO\MIP\PlatformPlugin\VideoOS.Platform\src\ConfigurationItems\Factory.cs:line 464&#xD;
&#xD;
Factory.IsItemTypeSupportedFactory.IsItemTypeSupported ()The method or operation is not implemented.   at VideoOS.Platform.SDKUnittest.EnvironmentTests.TestConfigurationClientService.GetItem(String path) in D:\actions-runner\_work\XPCO\XPCO\MIP\MIPSDK\tst\VideoOS.Platform.SDK.UnitTests\EnvironmentTests\TestsWithCorporateShimsBase.cs:line 227&#xD;
   at VideoOS.Platform.Proxy.ConfigApi.ConfigurationApiItemWrapper..ctor(ServerId serverId, String path) in D:\actions-runner\_work\XPCO\XPCO\MIP\PlatformPlugin\VideoOS.Platform\src\Proxy\ConfigApi\ConfigurationApiItemWrapper.cs:line 110&#xD;
   at VideoOS.Platform.ConfigurationItems.Factory.IsItemTypeSupported(ServerId serverId, String itemType) in D:\actions-runner\_work\XPCO\XPCO\MIP\PlatformPlugin\VideoOS.Platform\src\ConfigurationItems\Factory.cs:line 464&#xD;
MIP: Error: LoginServerOauth (): https://1.2.3.5:55/ManagementServer/ServerCommandServiceOAuth.svc The method or operation is not implemented.&#xD;
MIP: Error: ConfigurationApiItemWrapper (): ConfigAPI GetItem(): System.NotImplementedException, The method or operation is not implemented.&#xD;
MIP: Error: Factory.IsItemTypeSupported (): Exception source:      VideoOS.Platform.SDK.UnitTests&#xD;
Exception type:        System.NotImplementedException&#xD;
Exception message:     The method or operation is not implemented.&#xD;
Exception target site: GetItem&#xD;
   at VideoOS.Platform.SDKUnittest.EnvironmentTests.TestConfigurationClientService.GetItem(String path) in D:\actions-runner\_work\XPCO\XPCO\MIP\MIPSDK\tst\VideoOS.Platform.SDK.UnitTests\EnvironmentTests\TestsWithCorporateShimsBase.cs:line 227&#xD;
   at VideoOS.Platform.Proxy.ConfigApi.ConfigurationApiItemWrapper..ctor(ServerId serverId, String path) in D:\actions-runner\_work\XPCO\XPCO\MIP\PlatformPlugin\VideoOS.Platform\src\Proxy\ConfigApi\ConfigurationApiItemWrapper.cs:line 110&#xD;
   at VideoOS.Platform.ConfigurationItems.Factory.IsItemTypeSupported(ServerId serverId, String itemType) in D:\actions-runner\_work\XPCO\XPCO\MIP\PlatformPlugin\VideoOS.Platform\src\ConfigurationItems\Factory.cs:line 464&#xD;
&#xD;
Factory.IsItemTypeSupportedFactory.IsItemTypeSupported ()The method or operation is not implemented.   at VideoOS.Platform.SDKUnittest.EnvironmentTests.TestConfigurationClientService.GetItem(String path) in D:\actions-runner\_work\XPCO\XPCO\MIP\MIPSDK\tst\VideoOS.Platform.SDK.UnitTests\EnvironmentTests\TestsWithCorporateShimsBase.cs:line 227&#xD;
   at VideoOS.Platform.Proxy.ConfigApi.ConfigurationApiItemWrapper..ctor(ServerId serverId, String path) in D:\actions-runner\_work\XPCO\XPCO\MIP\PlatformPlugin\VideoOS.Platform\src\Proxy\ConfigApi\ConfigurationApiItemWrapper.cs:line 110&#xD;
   at VideoOS.Platform.ConfigurationItems.Factory.IsItemTypeSupported(ServerId serverId, String itemType) in D:\actions-runner\_work\XPCO\XPCO\MIP\PlatformPlugin\VideoOS.Platform\src\ConfigurationItems\Factory.cs:line 464&#xD;
MIP: Error: GetConfiguration (): CustomSetting not found for the given platformDefinitionId: e145597a-ecaf-40a1-99e6-14bb9d45a09e&#xD;
MIP: Error: ConfigurationApiItemWrapper (): ConfigAPI GetItem(): System.NotImplementedException, The method or operation is not implemented.&#xD;
MIP: Error: Factory.IsItemTypeSupported (): Exception source:      VideoOS.Platform.SDK.UnitTests&#xD;
Exception type:        System.NotImplementedException&#xD;
Exception message:     The method or operation is not implemented.&#xD;
Exception target site: GetItem&#xD;
   at VideoOS.Platform.SDKUnittest.EnvironmentTests.TestConfigurationClientService.GetItem(String path) in D:\actions-runner\_work\XPCO\XPCO\MIP\MIPSDK\tst\VideoOS.Platform.SDK.UnitTests\EnvironmentTests\TestsWithCorporateShimsBase.cs:line 227&#xD;
   at VideoOS.Platform.Proxy.ConfigApi.ConfigurationApiItemWrapper..ctor(ServerId serverId, String path) in D:\actions-runner\_work\XPCO\XPCO\MIP\PlatformPlugin\VideoOS.Platform\src\Proxy\ConfigApi\ConfigurationApiItemWrapper.cs:line 110&#xD;
   at VideoOS.Platform.ConfigurationItems.Factory.IsItemTypeSupported(ServerId serverId, String itemType) in D:\actions-runner\_work\XPCO\XPCO\MIP\PlatformPlugin\VideoOS.Platform\src\ConfigurationItems\Factory.cs:line 464&#xD;
&#xD;
Factory.IsItemTypeSupportedFactory.IsItemTypeSupported ()The method or operation is not implemented.   at VideoOS.Platform.SDKUnittest.EnvironmentTests.TestConfigurationClientService.GetItem(String path) in D:\actions-runner\_work\XPCO\XPCO\MIP\MIPSDK\tst\VideoOS.Platform.SDK.UnitTests\EnvironmentTests\TestsWithCorporateShimsBase.cs:line 227&#xD;
   at VideoOS.Platform.Proxy.ConfigApi.ConfigurationApiItemWrapper..ctor(ServerId serverId, String path) in D:\actions-runner\_work\XPCO\XPCO\MIP\PlatformPlugin\VideoOS.Platform\src\Proxy\ConfigApi\ConfigurationApiItemWrapper.cs:line 110&#xD;
   at VideoOS.Platform.ConfigurationItems.Factory.IsItemTypeSupported(ServerId serverId, String itemType) in D:\actions-runner\_work\XPCO\XPCO\MIP\PlatformPlugin\VideoOS.Platform\src\ConfigurationItems\Factory.cs:line 464&#xD;
MIP: Error: LoginServerOauth (): https://1.2.3.5:55/ManagementServer/ServerCommandServiceOAuth.svc The method or operation is not implemented.&#xD;
MIP: Error: ConfigurationApiItemWrapper (): ConfigAPI GetItem(): System.NotImplementedException, The method or operation is not implemented.&#xD;
MIP: Error: Factory.IsItemTypeSupported (): Exception source:      VideoOS.Platform.SDK.UnitTests&#xD;
Exception type:        System.NotImplementedException&#xD;
Exception message:     The method or operation is not implemented.&#xD;
Exception target site: GetItem&#xD;
   at VideoOS.Platform.SDKUnittest.EnvironmentTests.TestConfigurationClientService.GetItem(String path) in D:\actions-runner\_work\XPCO\XPCO\MIP\MIPSDK\tst\VideoOS.Platform.SDK.UnitTests\EnvironmentTests\TestsWithCorporateShimsBase.cs:line 227&#xD;
   at VideoOS.Platform.Proxy.ConfigApi.ConfigurationApiItemWrapper..ctor(ServerId serverId, String path) in D:\actions-runner\_work\XPCO\XPCO\MIP\PlatformPlugin\VideoOS.Platform\src\Proxy\ConfigApi\ConfigurationApiItemWrapper.cs:line 110&#xD;
   at VideoOS.Platform.ConfigurationItems.Factory.IsItemTypeSupported(ServerId serverId, String itemType) in D:\actions-runner\_work\XPCO\XPCO\MIP\PlatformPlugin\VideoOS.Platform\src\ConfigurationItems\Factory.cs:line 464&#xD;
&#xD;
Factory.IsItemTypeSupportedFactory.IsItemTypeSupported ()The method or operation is not implemented.   at VideoOS.Platform.SDKUnittest.EnvironmentTests.TestConfigurationClientService.GetItem(String path) in D:\actions-runner\_work\XPCO\XPCO\MIP\MIPSDK\tst\VideoOS.Platform.SDK.UnitTests\EnvironmentTests\TestsWithCorporateShimsBase.cs:line 227&#xD;
   at VideoOS.Platform.Proxy.ConfigApi.ConfigurationApiItemWrapper..ctor(ServerId serverId, String path) in D:\actions-runner\_work\XPCO\XPCO\MIP\PlatformPlugin\VideoOS.Platform\src\Proxy\ConfigApi\ConfigurationApiItemWrapper.cs:line 110&#xD;
   at VideoOS.Platform.ConfigurationItems.Factory.IsItemTypeSupported(ServerId serverId, String itemType) in D:\actions-runner\_work\XPCO\XPCO\MIP\PlatformPlugin\VideoOS.Platform\src\ConfigurationItems\Factory.cs:line 464&#xD;
MIP: Error: GetConfiguration (): CustomSetting not found for the given platformDefinitionId: e145597a-ecaf-40a1-99e6-14bb9d45a09e&#xD;
MIP: Error: ConfigurationApiItemWrapper (): ConfigAPI GetItem(): System.NotImplementedException, The method or operation is not implemented.&#xD;
MIP: Error: Factory.IsItemTypeSupported (): Exception source:      VideoOS.Platform.SDK.UnitTests&#xD;
Exception type:        System.NotImplementedException&#xD;
Exception message:     The method or operation is not implemented.&#xD;
Exception target site: GetItem&#xD;
   at VideoOS.Platform.SDKUnittest.EnvironmentTests.TestConfigurationClientService.GetItem(String path) in D:\actions-runner\_work\XPCO\XPCO\MIP\MIPSDK\tst\VideoOS.Platform.SDK.UnitTests\EnvironmentTests\TestsWithCorporateShimsBase.cs:line 227&#xD;
   at VideoOS.Platform.Proxy.ConfigApi.ConfigurationApiItemWrapper..ctor(ServerId serverId, String path) in D:\actions-runner\_work\XPCO\XPCO\MIP\PlatformPlugin\VideoOS.Platform\src\Proxy\ConfigApi\ConfigurationApiItemWrapper.cs:line 110&#xD;
   at VideoOS.Platform.ConfigurationItems.Factory.IsItemTypeSupported(ServerId serverId, String itemType) in D:\actions-runner\_work\XPCO\XPCO\MIP\PlatformPlugin\VideoOS.Platform\src\ConfigurationItems\Factory.cs:line 464&#xD;
&#xD;
Factory.IsItemTypeSupportedFactory.IsItemTypeSupported ()The method or operation is not implemented.   at VideoOS.Platform.SDKUnittest.EnvironmentTests.TestConfigurationClientService.GetItem(String path) in D:\actions-runner\_work\XPCO\XPCO\MIP\MIPSDK\tst\VideoOS.Platform.SDK.UnitTests\EnvironmentTests\TestsWithCorporateShimsBase.cs:line 227&#xD;
   at VideoOS.Platform.Proxy.ConfigApi.ConfigurationApiItemWrapper..ctor(ServerId serverId, String path) in D:\actions-runner\_work\XPCO\XPCO\MIP\PlatformPlugin\VideoOS.Platform\src\Proxy\ConfigApi\ConfigurationApiItemWrapper.cs:line 110&#xD;
   at VideoOS.Platform.ConfigurationItems.Factory.IsItemTypeSupported(ServerId serverId, String itemType) in D:\actions-runner\_work\XPCO\XPCO\MIP\PlatformPlugin\VideoOS.Platform\src\ConfigurationItems\Factory.cs:line 464&#xD;
MIP: Error: LoginServerOauth (): https://1.2.3.5:55/ManagementServer/ServerCommandServiceOAuth.svc The method or operation is not implemented.&#xD;
MIP: Error: ConfigurationApiItemWrapper (): ConfigAPI GetItem(): System.NotImplementedException, The method or operation is not implemented.&#xD;
MIP: Error: Factory.IsItemTypeSupported (): Exception source:      VideoOS.Platform.SDK.UnitTests&#xD;
Exception type:        System.NotImplementedException&#xD;
Exception message:     The method or operation is not implemented.&#xD;
Exception target site: GetItem&#xD;
   at VideoOS.Platform.SDKUnittest.EnvironmentTests.TestConfigurationClientService.GetItem(String path) in D:\actions-runner\_work\XPCO\XPCO\MIP\MIPSDK\tst\VideoOS.Platform.SDK.UnitTests\EnvironmentTests\TestsWithCorporateShimsBase.cs:line 227&#xD;
   at VideoOS.Platform.Proxy.ConfigApi.ConfigurationApiItemWrapper..ctor(ServerId serverId, String path) in D:\actions-runner\_work\XPCO\XPCO\MIP\PlatformPlugin\VideoOS.Platform\src\Proxy\ConfigApi\ConfigurationApiItemWrapper.cs:line 110&#xD;
   at VideoOS.Platform.ConfigurationItems.Factory.IsItemTypeSupported(ServerId serverId, String itemType) in D:\actions-runner\_work\XPCO\XPCO\MIP\PlatformPlugin\VideoOS.Platform\src\ConfigurationItems\Factory.cs:line 464&#xD;
&#xD;
Factory.IsItemTypeSupportedFactory.IsItemTypeSupported ()The method or operation is not implemented.   at VideoOS.Platform.SDKUnittest.EnvironmentTests.TestConfigurationClientService.GetItem(String path) in D:\actions-runner\_work\XPCO\XPCO\MIP\MIPSDK\tst\VideoOS.Platform.SDK.UnitTests\EnvironmentTests\TestsWithCorporateShimsBase.cs:line 227&#xD;
   at VideoOS.Platform.Proxy.ConfigApi.ConfigurationApiItemWrapper..ctor(ServerId serverId, String path) in D:\actions-runner\_work\XPCO\XPCO\MIP\PlatformPlugin\VideoOS.Platform\src\Proxy\ConfigApi\ConfigurationApiItemWrapper.cs:line 110&#xD;
   at VideoOS.Platform.ConfigurationItems.Factory.IsItemTypeSupported(ServerId serverId, String itemType) in D:\actions-runner\_work\XPCO\XPCO\MIP\PlatformPlugin\VideoOS.Platform\src\ConfigurationItems\Factory.cs:line 464&#xD;
MIP: Error: ConfigurationApiItemWrapper (): ConfigAPI GetItem(): System.NotImplementedException, The method or operation is not implemented.&#xD;
MIP: Error: Factory.IsItemTypeSupported (): Exception source:      VideoOS.Platform.SDK.UnitTests&#xD;
Exception type:        System.NotImplementedException&#xD;
Exception message:     The method or operation is not implemented.&#xD;
Exception target site: GetItem&#xD;
   at VideoOS.Platform.SDKUnittest.EnvironmentTests.TestConfigurationClientService.GetItem(String path) in D:\actions-runner\_work\XPCO\XPCO\MIP\MIPSDK\tst\VideoOS.Platform.SDK.UnitTests\EnvironmentTests\TestsWithCorporateShimsBase.cs:line 227&#xD;
   at VideoOS.Platform.Proxy.ConfigApi.ConfigurationApiItemWrapper..ctor(ServerId serverId, String path) in D:\actions-runner\_work\XPCO\XPCO\MIP\PlatformPlugin\VideoOS.Platform\src\Proxy\ConfigApi\ConfigurationApiItemWrapper.cs:line 110&#xD;
   at VideoOS.Platform.ConfigurationItems.Factory.IsItemTypeSupported(ServerId serverId, String itemType) in D:\actions-runner\_work\XPCO\XPCO\MIP\PlatformPlugin\VideoOS.Platform\src\ConfigurationItems\Factory.cs:line 464&#xD;
&#xD;
Factory.IsItemTypeSupportedFactory.IsItemTypeSupported ()The method or operation is not implemented.   at VideoOS.Platform.SDKUnittest.EnvironmentTests.TestConfigurationClientService.GetItem(String path) in D:\actions-runner\_work\XPCO\XPCO\MIP\MIPSDK\tst\VideoOS.Platform.SDK.UnitTests\EnvironmentTests\TestsWithCorporateShimsBase.cs:line 227&#xD;
   at VideoOS.Platform.Proxy.ConfigApi.ConfigurationApiItemWrapper..ctor(ServerId serverId, String path) in D:\actions-runner\_work\XPCO\XPCO\MIP\PlatformPlugin\VideoOS.Platform\src\Proxy\ConfigApi\ConfigurationApiItemWrapper.cs:line 110&#xD;
   at VideoOS.Platform.ConfigurationItems.Factory.IsItemTypeSupported(ServerId serverId, String itemType) in D:\actions-runner\_work\XPCO\XPCO\MIP\PlatformPlugin\VideoOS.Platform\src\ConfigurationItems\Factory.cs:line 464&#xD;
MIP: Error: LoginServerOauth (): https://1.2.3.5:55/ManagementServer/ServerCommandServiceOAuth.svc The method or operation is not implemented.&#xD;
MIP: Error: ConfigurationApiItemWrapper (): ConfigAPI GetItem(): System.NotImplementedException, The method or operation is not implemented.&#xD;
MIP: Error: Factory.IsItemTypeSupported (): Exception source:      VideoOS.Platform.SDK.UnitTests&#xD;
Exception type:        System.NotImplementedException&#xD;
Exception message:     The method or operation is not implemented.&#xD;
Exception target site: GetItem&#xD;
   at VideoOS.Platform.SDKUnittest.EnvironmentTests.TestConfigurationClientService.GetItem(String path) in D:\actions-runner\_work\XPCO\XPCO\MIP\MIPSDK\tst\VideoOS.Platform.SDK.UnitTests\EnvironmentTests\TestsWithCorporateShimsBase.cs:line 227&#xD;
   at VideoOS.Platform.Proxy.ConfigApi.ConfigurationApiItemWrapper..ctor(ServerId serverId, String path) in D:\actions-runner\_work\XPCO\XPCO\MIP\PlatformPlugin\VideoOS.Platform\src\Proxy\ConfigApi\ConfigurationApiItemWrapper.cs:line 110&#xD;
   at VideoOS.Platform.ConfigurationItems.Factory.IsItemTypeSupported(ServerId serverId, String itemType) in D:\actions-runner\_work\XPCO\XPCO\MIP\PlatformPlugin\VideoOS.Platform\src\ConfigurationItems\Factory.cs:line 464&#xD;
&#xD;
Factory.IsItemTypeSupportedFactory.IsItemTypeSupported ()The method or operation is not implemented.   at VideoOS.Platform.SDKUnittest.EnvironmentTests.TestConfigurationClientService.GetItem(String path) in D:\actions-runner\_work\XPCO\XPCO\MIP\MIPSDK\tst\VideoOS.Platform.SDK.UnitTests\EnvironmentTests\TestsWithCorporateShimsBase.cs:line 227&#xD;
   at VideoOS.Platform.Proxy.ConfigApi.ConfigurationApiItemWrapper..ctor(ServerId serverId, String path) in D:\actions-runner\_work\XPCO\XPCO\MIP\PlatformPlugin\VideoOS.Platform\src\Proxy\ConfigApi\ConfigurationApiItemWrapper.cs:line 110&#xD;
   at VideoOS.Platform.ConfigurationItems.Factory.IsItemTypeSupported(ServerId serverId, String itemType) in D:\actions-runner\_work\XPCO\XPCO\MIP\PlatformPlugin\VideoOS.Platform\src\ConfigurationItems\Factory.cs:line 464&#xD;
MIP: Error: GetConfiguration (): CustomSetting not found for the given platformDefinitionId: e145597a-ecaf-40a1-99e6-14bb9d45a09e&#xD;
MIP: Error: ConfigurationApiItemWrapper (): ConfigAPI GetItem(): System.NotImplementedException, The method or operation is not implemented.&#xD;
MIP: Error: Factory.IsItemTypeSupported (): Exception source:      VideoOS.Platform.SDK.UnitTests&#xD;
Exception type:        System.NotImplementedException&#xD;
Exception message:     The method or operation is not implemented.&#xD;
Exception target site: GetItem&#xD;
   at VideoOS.Platform.SDKUnittest.EnvironmentTests.TestConfigurationClientService.GetItem(String path) in D:\actions-runner\_work\XPCO\XPCO\MIP\MIPSDK\tst\VideoOS.Platform.SDK.UnitTests\EnvironmentTests\TestsWithCorporateShimsBase.cs:line 227&#xD;
   at VideoOS.Platform.Proxy.ConfigApi.ConfigurationApiItemWrapper..ctor(ServerId serverId, String path) in D:\actions-runner\_work\XPCO\XPCO\MIP\PlatformPlugin\VideoOS.Platform\src\Proxy\ConfigApi\ConfigurationApiItemWrapper.cs:line 110&#xD;
   at VideoOS.Platform.ConfigurationItems.Factory.IsItemTypeSupported(ServerId serverId, String itemType) in D:\actions-runner\_work\XPCO\XPCO\MIP\PlatformPlugin\VideoOS.Platform\src\ConfigurationItems\Factory.cs:line 464&#xD;
&#xD;
Factory.IsItemTypeSupportedFactory.IsItemTypeSupported ()The method or operation is not implemented.   at VideoOS.Platform.SDKUnittest.EnvironmentTests.TestConfigurationClientService.GetItem(String path) in D:\actions-runner\_work\XPCO\XPCO\MIP\MIPSDK\tst\VideoOS.Platform.SDK.UnitTests\EnvironmentTests\TestsWithCorporateShimsBase.cs:line 227&#xD;
   at VideoOS.Platform.Proxy.ConfigApi.ConfigurationApiItemWrapper..ctor(ServerId serverId, String path) in D:\actions-runner\_work\XPCO\XPCO\MIP\PlatformPlugin\VideoOS.Platform\src\Proxy\ConfigApi\ConfigurationApiItemWrapper.cs:line 110&#xD;
   at VideoOS.Platform.ConfigurationItems.Factory.IsItemTypeSupported(ServerId serverId, String itemType) in D:\actions-runner\_work\XPCO\XPCO\MIP\PlatformPlugin\VideoOS.Platform\src\ConfigurationItems\Factory.cs:line 464&#xD;
MIP: Error: LoginServerOauth (): https://1.2.3.5:55/ManagementServer/ServerCommandServiceOAuth.svc The method or operation is not implemented.&#xD;
MIP: Error: ConfigurationApiItemWrapper (): ConfigAPI GetItem(): System.NotImplementedException, The method or operation is not implemented.&#xD;
MIP: Error: Factory.IsItemTypeSupported (): Exception source:      VideoOS.Platform.SDK.UnitTests&#xD;
Exception type:        System.NotImplementedException&#xD;
Exception message:     The method or operation is not implemented.&#xD;
Exception target site: GetItem&#xD;
   at VideoOS.Platform.SDKUnittest.EnvironmentTests.TestConfigurationClientService.GetItem(String path) in D:\actions-runner\_work\XPCO\XPCO\MIP\MIPSDK\tst\VideoOS.Platform.SDK.UnitTests\EnvironmentTests\TestsWithCorporateShimsBase.cs:line 227&#xD;
   at VideoOS.Platform.Proxy.ConfigApi.ConfigurationApiItemWrapper..ctor(ServerId serverId, String path) in D:\actions-runner\_work\XPCO\XPCO\MIP\PlatformPlugin\VideoOS.Platform\src\Proxy\ConfigApi\ConfigurationApiItemWrapper.cs:line 110&#xD;
   at VideoOS.Platform.ConfigurationItems.Factory.IsItemTypeSupported(ServerId serverId, String itemType) in D:\actions-runner\_work\XPCO\XPCO\MIP\PlatformPlugin\VideoOS.Platform\src\ConfigurationItems\Factory.cs:line 464&#xD;
&#xD;
Factory.IsItemTypeSupportedFactory.IsItemTypeSupported ()The method or operation is not implemented.   at VideoOS.Platform.SDKUnittest.EnvironmentTests.TestConfigurationClientService.GetItem(String path) in D:\actions-runner\_work\XPCO\XPCO\MIP\MIPSDK\tst\VideoOS.Platform.SDK.UnitTests\EnvironmentTests\TestsWithCorporateShimsBase.cs:line 227&#xD;
   at VideoOS.Platform.Proxy.ConfigApi.ConfigurationApiItemWrapper..ctor(ServerId serverId, String path) in D:\actions-runner\_work\XPCO\XPCO\MIP\PlatformPlugin\VideoOS.Platform\src\Proxy\ConfigApi\ConfigurationApiItemWrapper.cs:line 110&#xD;
   at VideoOS.Platform.ConfigurationItems.Factory.IsItemTypeSupported(ServerId serverId, String itemType) in D:\actions-runner\_work\XPCO\XPCO\MIP\PlatformPlugin\VideoOS.Platform\src\ConfigurationItems\Factory.cs:line 464&#xD;
MIP: Error: ConfigurationApiItemWrapper (): ConfigAPI GetItem(): System.NotImplementedException, The method or operation is not implemented.&#xD;
MIP: Error: Factory.IsItemTypeSupported (): Exception source:      VideoOS.Platform.SDK.UnitTests&#xD;
Exception type:        System.NotImplementedException&#xD;
Exception message:     The method or operation is not implemented.&#xD;
Exception target site: GetItem&#xD;
   at VideoOS.Platform.SDKUnittest.EnvironmentTests.TestConfigurationClientService.GetItem(String path) in D:\actions-runner\_work\XPCO\XPCO\MIP\MIPSDK\tst\VideoOS.Platform.SDK.UnitTests\EnvironmentTests\TestsWithCorporateShimsBase.cs:line 227&#xD;
   at VideoOS.Platform.Proxy.ConfigApi.ConfigurationApiItemWrapper..ctor(ServerId serverId, String path) in D:\actions-runner\_work\XPCO\XPCO\MIP\PlatformPlugin\VideoOS.Platform\src\Proxy\ConfigApi\ConfigurationApiItemWrapper.cs:line 110&#xD;
   at VideoOS.Platform.ConfigurationItems.Factory.IsItemTypeSupported(ServerId serverId, String itemType) in D:\actions-runner\_work\XPCO\XPCO\MIP\PlatformPlugin\VideoOS.Platform\src\ConfigurationItems\Factory.cs:line 464&#xD;
&#xD;
Factory.IsItemTypeSupportedFactory.IsItemTypeSupported ()The method or operation is not implemented.   at VideoOS.Platform.SDKUnittest.EnvironmentTests.TestConfigurationClientService.GetItem(String path) in D:\actions-runner\_work\XPCO\XPCO\MIP\MIPSDK\tst\VideoOS.Platform.SDK.UnitTests\EnvironmentTests\TestsWithCorporateShimsBase.cs:line 227&#xD;
   at VideoOS.Platform.Proxy.ConfigApi.ConfigurationApiItemWrapper..ctor(ServerId serverId, String path) in D:\actions-runner\_work\XPCO\XPCO\MIP\PlatformPlugin\VideoOS.Platform\src\Proxy\ConfigApi\ConfigurationApiItemWrapper.cs:line 110&#xD;
   at VideoOS.Platform.ConfigurationItems.Factory.IsItemTypeSupported(ServerId serverId, String itemType) in D:\actions-runner\_work\XPCO\XPCO\MIP\PlatformPlugin\VideoOS.Platform\src\ConfigurationItems\Factory.cs:line 464&#xD;
MIP: Error: ConfigurationApiItemWrapper (): ConfigAPI GetItem(): System.NotImplementedException, The method or operation is not implemented.&#xD;
MIP: Error: Factory.IsItemTypeSupported (): Exception source:      VideoOS.Platform.SDK.UnitTests&#xD;
Exception type:        System.NotImplementedException&#xD;
Exception message:     The method or operation is not implemented.&#xD;
Exception target site: GetItem&#xD;
   at VideoOS.Platform.SDKUnittest.EnvironmentTests.TestConfigurationClientService.GetItem(String path) in D:\actions-runner\_work\XPCO\XPCO\MIP\MIPSDK\tst\VideoOS.Platform.SDK.UnitTests\EnvironmentTests\TestsWithCorporateShimsBase.cs:line 227&#xD;
   at VideoOS.Platform.Proxy.ConfigApi.ConfigurationApiItemWrapper..ctor(ServerId serverId, String path) in D:\actions-runner\_work\XPCO\XPCO\MIP\PlatformPlugin\VideoOS.Platform\src\Proxy\ConfigApi\ConfigurationApiItemWrapper.cs:line 110&#xD;
   at VideoOS.Platform.ConfigurationItems.Factory.IsItemTypeSupported(ServerId serverId, String itemType) in D:\actions-runner\_work\XPCO\XPCO\MIP\PlatformPlugin\VideoOS.Platform\src\ConfigurationItems\Factory.cs:line 464&#xD;
&#xD;
Factory.IsItemTypeSupportedFactory.IsItemTypeSupported ()The method or operation is not implemented.   at VideoOS.Platform.SDKUnittest.EnvironmentTests.TestConfigurationClientService.GetItem(String path) in D:\actions-runner\_work\XPCO\XPCO\MIP\MIPSDK\tst\VideoOS.Platform.SDK.UnitTests\EnvironmentTests\TestsWithCorporateShimsBase.cs:line 227&#xD;
   at VideoOS.Platform.Proxy.ConfigApi.ConfigurationApiItemWrapper..ctor(ServerId serverId, String path) in D:\actions-runner\_work\XPCO\XPCO\MIP\PlatformPlugin\VideoOS.Platform\src\Proxy\ConfigApi\ConfigurationApiItemWrapper.cs:line 110&#xD;
   at VideoOS.Platform.ConfigurationItems.Factory.IsItemTypeSupported(ServerId serverId, String itemType) in D:\actions-runner\_work\XPCO\XPCO\MIP\PlatformPlugin\VideoOS.Platform\src\ConfigurationItems\Factory.cs:line 464&#xD;
MIP: Error: ConfigurationApiItemWrapper (): ConfigAPI GetItem(): System.NotImplementedException, The method or operation is not implemented.&#xD;
MIP: Error: Factory.IsItemTypeSupported (): Exception source:      VideoOS.Platform.SDK.UnitTests&#xD;
Exception type:        System.NotImplementedException&#xD;
Exception message:     The method or operation is not implemented.&#xD;
Exception target site: GetItem&#xD;
   at VideoOS.Platform.SDKUnittest.EnvironmentTests.TestConfigurationClientService.GetItem(String path) in D:\actions-runner\_work\XPCO\XPCO\MIP\MIPSDK\tst\VideoOS.Platform.SDK.UnitTests\EnvironmentTests\TestsWithCorporateShimsBase.cs:line 227&#xD;
   at VideoOS.Platform.Proxy.ConfigApi.ConfigurationApiItemWrapper..ctor(ServerId serverId, String path) in D:\actions-runner\_work\XPCO\XPCO\MIP\PlatformPlugin\VideoOS.Platform\src\Proxy\ConfigApi\ConfigurationApiItemWrapper.cs:line 110&#xD;
   at VideoOS.Platform.ConfigurationItems.Factory.IsItemTypeSupported(ServerId serverId, String itemType) in D:\actions-runner\_work\XPCO\XPCO\MIP\PlatformPlugin\VideoOS.Platform\src\ConfigurationItems\Factory.cs:line 464&#xD;
&#xD;
Factory.IsItemTypeSupportedFactory.IsItemTypeSupported ()The method or operation is not implemented.   at VideoOS.Platform.SDKUnittest.EnvironmentTests.TestConfigurationClientService.GetItem(String path) in D:\actions-runner\_work\XPCO\XPCO\MIP\MIPSDK\tst\VideoOS.Platform.SDK.UnitTests\EnvironmentTests\TestsWithCorporateShimsBase.cs:line 227&#xD;
   at VideoOS.Platform.Proxy.ConfigApi.ConfigurationApiItemWrapper..ctor(ServerId serverId, String path) in D:\actions-runner\_work\XPCO\XPCO\MIP\PlatformPlugin\VideoOS.Platform\src\Proxy\ConfigApi\ConfigurationApiItemWrapper.cs:line 110&#xD;
   at VideoOS.Platform.ConfigurationItems.Factory.IsItemTypeSupported(ServerId serverId, String itemType) in D:\actions-runner\_work\XPCO\XPCO\MIP\PlatformPlugin\VideoOS.Platform\src\ConfigurationItems\Factory.cs:line 464&#xD;
MIP: Error: ConfigurationApiItemWrapper (): ConfigAPI GetItem(): System.NotImplementedException, The method or operation is not implemented.&#xD;
MIP: Error: Factory.IsItemTypeSupported (): Exception source:      VideoOS.Platform.SDK.UnitTests&#xD;
Exception type:        System.NotImplementedException&#xD;
Exception message:     The method or operation is not implemented.&#xD;
Exception target site: GetItem&#xD;
   at VideoOS.Platform.SDKUnittest.EnvironmentTests.TestConfigurationClientService.GetItem(String path) in D:\actions-runner\_work\XPCO\XPCO\MIP\MIPSDK\tst\VideoOS.Platform.SDK.UnitTests\EnvironmentTests\TestsWithCorporateShimsBase.cs:line 227&#xD;
   at VideoOS.Platform.Proxy.ConfigApi.ConfigurationApiItemWrapper..ctor(ServerId serverId, String path) in D:\actions-runner\_work\XPCO\XPCO\MIP\PlatformPlugin\VideoOS.Platform\src\Proxy\ConfigApi\ConfigurationApiItemWrapper.cs:line 110&#xD;
   at VideoOS.Platform.ConfigurationItems.Factory.IsItemTypeSupported(ServerId serverId, String itemType) in D:\actions-runner\_work\XPCO\XPCO\MIP\PlatformPlugin\VideoOS.Platform\src\ConfigurationItems\Factory.cs:line 464&#xD;
&#xD;
Factory.IsItemTypeSupportedFactory.IsItemTypeSupported ()The method or operation is not implemented.   at VideoOS.Platform.SDKUnittest.EnvironmentTests.TestConfigurationClientService.GetItem(String path) in D:\actions-runner\_work\XPCO\XPCO\MIP\MIPSDK\tst\VideoOS.Platform.SDK.UnitTests\EnvironmentTests\TestsWithCorporateShimsBase.cs:line 227&#xD;
   at VideoOS.Platform.Proxy.ConfigApi.ConfigurationApiItemWrapper..ctor(ServerId serverId, String path) in D:\actions-runner\_work\XPCO\XPCO\MIP\PlatformPlugin\VideoOS.Platform\src\Proxy\ConfigApi\ConfigurationApiItemWrapper.cs:line 110&#xD;
   at VideoOS.Platform.ConfigurationItems.Factory.IsItemTypeSupported(ServerId serverId, String itemType) in D:\actions-runner\_work\XPCO\XPCO\MIP\PlatformPlugin\VideoOS.Platform\src\ConfigurationItems\Factory.cs:line 464</StdOut>
      </Output>
    </UnitTestResult>
    <UnitTestResult executionId="4d48e11c-b8dc-4801-b548-f77932e91007" testId="3b3bc144-1799-7620-fe3c-04bad5ec1510" testName="XpcoGroupCheckInvalidParameters" computerName="DKSR-EFI-04" duration="00:00:01.5528412" startTime="2023-12-22T09:36:40.3197148+01:00" endTime="2023-12-22T09:36:41.8665986+01:00" testType="13cdc9d9-ddb5-4fa4-a97d-d965ccfc6d4b" outcome="Passed" testListId="8c84fa94-04c1-424b-9868-57a2d4851a1d" relativeResultsDirectory="4d48e11c-b8dc-4801-b548-f77932e91007">
      <Output>
        <StdOut>Debug Trace:&#xD;
TopLevelControl returns null. PostMessage may have problems&#xD;
MIP: Error: ConfigurationApiItemWrapper (): ConfigAPI GetItem(): System.NotImplementedException, The method or operation is not implemented.&#xD;
MIP: Error: Factory.IsItemTypeSupported (): Exception source:      VideoOS.Platform.SDK.UnitTests&#xD;
Exception type:        System.NotImplementedException&#xD;
Exception message:     The method or operation is not implemented.&#xD;
Exception target site: GetItem&#xD;
   at VideoOS.Platform.SDKUnittest.EnvironmentTests.TestConfigurationClientService.GetItem(String path) in D:\actions-runner\_work\XPCO\XPCO\MIP\MIPSDK\tst\VideoOS.Platform.SDK.UnitTests\EnvironmentTests\TestsWithCorporateShimsBase.cs:line 227&#xD;
   at VideoOS.Platform.Proxy.ConfigApi.ConfigurationApiItemWrapper..ctor(ServerId serverId, String path) in D:\actions-runner\_work\XPCO\XPCO\MIP\PlatformPlugin\VideoOS.Platform\src\Proxy\ConfigApi\ConfigurationApiItemWrapper.cs:line 110&#xD;
   at VideoOS.Platform.ConfigurationItems.Factory.IsItemTypeSupported(ServerId serverId, String itemType) in D:\actions-runner\_work\XPCO\XPCO\MIP\PlatformPlugin\VideoOS.Platform\src\ConfigurationItems\Factory.cs:line 464&#xD;
&#xD;
Factory.IsItemTypeSupportedFactory.IsItemTypeSupported ()The method or operation is not implemented.   at VideoOS.Platform.SDKUnittest.EnvironmentTests.TestConfigurationClientService.GetItem(String path) in D:\actions-runner\_work\XPCO\XPCO\MIP\MIPSDK\tst\VideoOS.Platform.SDK.UnitTests\EnvironmentTests\TestsWithCorporateShimsBase.cs:line 227&#xD;
   at VideoOS.Platform.Proxy.ConfigApi.ConfigurationApiItemWrapper..ctor(ServerId serverId, String path) in D:\actions-runner\_work\XPCO\XPCO\MIP\PlatformPlugin\VideoOS.Platform\src\Proxy\ConfigApi\ConfigurationApiItemWrapper.cs:line 110&#xD;
   at VideoOS.Platform.ConfigurationItems.Factory.IsItemTypeSupported(ServerId serverId, String itemType) in D:\actions-runner\_work\XPCO\XPCO\MIP\PlatformPlugin\VideoOS.Platform\src\ConfigurationItems\Factory.cs:line 464&#xD;
MIP: Error: GetConfiguration (): CustomSetting not found for the given platformDefinitionId: e145597a-ecaf-40a1-99e6-14bb9d45a09e&#xD;
MIP: Error: ConfigurationApiItemWrapper (): ConfigAPI GetItem(): System.NotImplementedException, The method or operation is not implemented.&#xD;
MIP: Error: Factory.IsItemTypeSupported (): Exception source:      VideoOS.Platform.SDK.UnitTests&#xD;
Exception type:        System.NotImplementedException&#xD;
Exception message:     The method or operation is not implemented.&#xD;
Exception target site: GetItem&#xD;
   at VideoOS.Platform.SDKUnittest.EnvironmentTests.TestConfigurationClientService.GetItem(String path) in D:\actions-runner\_work\XPCO\XPCO\MIP\MIPSDK\tst\VideoOS.Platform.SDK.UnitTests\EnvironmentTests\TestsWithCorporateShimsBase.cs:line 227&#xD;
   at VideoOS.Platform.Proxy.ConfigApi.ConfigurationApiItemWrapper..ctor(ServerId serverId, String path) in D:\actions-runner\_work\XPCO\XPCO\MIP\PlatformPlugin\VideoOS.Platform\src\Proxy\ConfigApi\ConfigurationApiItemWrapper.cs:line 110&#xD;
   at VideoOS.Platform.ConfigurationItems.Factory.IsItemTypeSupported(ServerId serverId, String itemType) in D:\actions-runner\_work\XPCO\XPCO\MIP\PlatformPlugin\VideoOS.Platform\src\ConfigurationItems\Factory.cs:line 464&#xD;
&#xD;
Factory.IsItemTypeSupportedFactory.IsItemTypeSupported ()The method or operation is not implemented.   at VideoOS.Platform.SDKUnittest.EnvironmentTests.TestConfigurationClientService.GetItem(String path) in D:\actions-runner\_work\XPCO\XPCO\MIP\MIPSDK\tst\VideoOS.Platform.SDK.UnitTests\EnvironmentTests\TestsWithCorporateShimsBase.cs:line 227&#xD;
   at VideoOS.Platform.Proxy.ConfigApi.ConfigurationApiItemWrapper..ctor(ServerId serverId, String path) in D:\actions-runner\_work\XPCO\XPCO\MIP\PlatformPlugin\VideoOS.Platform\src\Proxy\ConfigApi\ConfigurationApiItemWrapper.cs:line 110&#xD;
   at VideoOS.Platform.ConfigurationItems.Factory.IsItemTypeSupported(ServerId serverId, String itemType) in D:\actions-runner\_work\XPCO\XPCO\MIP\PlatformPlugin\VideoOS.Platform\src\ConfigurationItems\Factory.cs:line 464&#xD;
MIP: Error: LoginServerOauth (): https://1.2.3.5:55/ManagementServer/ServerCommandServiceOAuth.svc The method or operation is not implemented.&#xD;
MIP: Error: ConfigurationApiItemWrapper (): ConfigAPI GetItem(): System.NotImplementedException, The method or operation is not implemented.&#xD;
MIP: Error: Factory.IsItemTypeSupported (): Exception source:      VideoOS.Platform.SDK.UnitTests&#xD;
Exception type:        System.NotImplementedException&#xD;
Exception message:     The method or operation is not implemented.&#xD;
Exception target site: GetItem&#xD;
   at VideoOS.Platform.SDKUnittest.EnvironmentTests.TestConfigurationClientService.GetItem(String path) in D:\actions-runner\_work\XPCO\XPCO\MIP\MIPSDK\tst\VideoOS.Platform.SDK.UnitTests\EnvironmentTests\TestsWithCorporateShimsBase.cs:line 227&#xD;
   at VideoOS.Platform.Proxy.ConfigApi.ConfigurationApiItemWrapper..ctor(ServerId serverId, String path) in D:\actions-runner\_work\XPCO\XPCO\MIP\PlatformPlugin\VideoOS.Platform\src\Proxy\ConfigApi\ConfigurationApiItemWrapper.cs:line 110&#xD;
   at VideoOS.Platform.ConfigurationItems.Factory.IsItemTypeSupported(ServerId serverId, String itemType) in D:\actions-runner\_work\XPCO\XPCO\MIP\PlatformPlugin\VideoOS.Platform\src\ConfigurationItems\Factory.cs:line 464&#xD;
&#xD;
Factory.IsItemTypeSupportedFactory.IsItemTypeSupported ()The method or operation is not implemented.   at VideoOS.Platform.SDKUnittest.EnvironmentTests.TestConfigurationClientService.GetItem(String path) in D:\actions-runner\_work\XPCO\XPCO\MIP\MIPSDK\tst\VideoOS.Platform.SDK.UnitTests\EnvironmentTests\TestsWithCorporateShimsBase.cs:line 227&#xD;
   at VideoOS.Platform.Proxy.ConfigApi.ConfigurationApiItemWrapper..ctor(ServerId serverId, String path) in D:\actions-runner\_work\XPCO\XPCO\MIP\PlatformPlugin\VideoOS.Platform\src\Proxy\ConfigApi\ConfigurationApiItemWrapper.cs:line 110&#xD;
   at VideoOS.Platform.ConfigurationItems.Factory.IsItemTypeSupported(ServerId serverId, String itemType) in D:\actions-runner\_work\XPCO\XPCO\MIP\PlatformPlugin\VideoOS.Platform\src\ConfigurationItems\Factory.cs:line 464&#xD;
MIP: Error: GetConfiguration (): CustomSetting not found for the given platformDefinitionId: e145597a-ecaf-40a1-99e6-14bb9d45a09e&#xD;
MIP: Error: ConfigurationApiItemWrapper (): ConfigAPI GetItem(): System.NotImplementedException, The method or operation is not implemented.&#xD;
MIP: Error: Factory.IsItemTypeSupported (): Exception source:      VideoOS.Platform.SDK.UnitTests&#xD;
Exception type:        System.NotImplementedException&#xD;
Exception message:     The method or operation is not implemented.&#xD;
Exception target site: GetItem&#xD;
   at VideoOS.Platform.SDKUnittest.EnvironmentTests.TestConfigurationClientService.GetItem(String path) in D:\actions-runner\_work\XPCO\XPCO\MIP\MIPSDK\tst\VideoOS.Platform.SDK.UnitTests\EnvironmentTests\TestsWithCorporateShimsBase.cs:line 227&#xD;
   at VideoOS.Platform.Proxy.ConfigApi.ConfigurationApiItemWrapper..ctor(ServerId serverId, String path) in D:\actions-runner\_work\XPCO\XPCO\MIP\PlatformPlugin\VideoOS.Platform\src\Proxy\ConfigApi\ConfigurationApiItemWrapper.cs:line 110&#xD;
   at VideoOS.Platform.ConfigurationItems.Factory.IsItemTypeSupported(ServerId serverId, String itemType) in D:\actions-runner\_work\XPCO\XPCO\MIP\PlatformPlugin\VideoOS.Platform\src\ConfigurationItems\Factory.cs:line 464&#xD;
&#xD;
Factory.IsItemTypeSupportedFactory.IsItemTypeSupported ()The method or operation is not implemented.   at VideoOS.Platform.SDKUnittest.EnvironmentTests.TestConfigurationClientService.GetItem(String path) in D:\actions-runner\_work\XPCO\XPCO\MIP\MIPSDK\tst\VideoOS.Platform.SDK.UnitTests\EnvironmentTests\TestsWithCorporateShimsBase.cs:line 227&#xD;
   at VideoOS.Platform.Proxy.ConfigApi.ConfigurationApiItemWrapper..ctor(ServerId serverId, String path) in D:\actions-runner\_work\XPCO\XPCO\MIP\PlatformPlugin\VideoOS.Platform\src\Proxy\ConfigApi\ConfigurationApiItemWrapper.cs:line 110&#xD;
   at VideoOS.Platform.ConfigurationItems.Factory.IsItemTypeSupported(ServerId serverId, String itemType) in D:\actions-runner\_work\XPCO\XPCO\MIP\PlatformPlugin\VideoOS.Platform\src\ConfigurationItems\Factory.cs:line 464&#xD;
MIP: Error: LoginServerOauth (): https://1.2.3.5:55/ManagementServer/ServerCommandServiceOAuth.svc The method or operation is not implemented.&#xD;
MIP: Error: ConfigurationApiItemWrapper (): ConfigAPI GetItem(): System.NotImplementedException, The method or operation is not implemented.&#xD;
MIP: Error: Factory.IsItemTypeSupported (): Exception source:      VideoOS.Platform.SDK.UnitTests&#xD;
Exception type:        System.NotImplementedException&#xD;
Exception message:     The method or operation is not implemented.&#xD;
Exception target site: GetItem&#xD;
   at VideoOS.Platform.SDKUnittest.EnvironmentTests.TestConfigurationClientService.GetItem(String path) in D:\actions-runner\_work\XPCO\XPCO\MIP\MIPSDK\tst\VideoOS.Platform.SDK.UnitTests\EnvironmentTests\TestsWithCorporateShimsBase.cs:line 227&#xD;
   at VideoOS.Platform.Proxy.ConfigApi.ConfigurationApiItemWrapper..ctor(ServerId serverId, String path) in D:\actions-runner\_work\XPCO\XPCO\MIP\PlatformPlugin\VideoOS.Platform\src\Proxy\ConfigApi\ConfigurationApiItemWrapper.cs:line 110&#xD;
   at VideoOS.Platform.ConfigurationItems.Factory.IsItemTypeSupported(ServerId serverId, String itemType) in D:\actions-runner\_work\XPCO\XPCO\MIP\PlatformPlugin\VideoOS.Platform\src\ConfigurationItems\Factory.cs:line 464&#xD;
&#xD;
Factory.IsItemTypeSupportedFactory.IsItemTypeSupported ()The method or operation is not implemented.   at VideoOS.Platform.SDKUnittest.EnvironmentTests.TestConfigurationClientService.GetItem(String path) in D:\actions-runner\_work\XPCO\XPCO\MIP\MIPSDK\tst\VideoOS.Platform.SDK.UnitTests\EnvironmentTests\TestsWithCorporateShimsBase.cs:line 227&#xD;
   at VideoOS.Platform.Proxy.ConfigApi.ConfigurationApiItemWrapper..ctor(ServerId serverId, String path) in D:\actions-runner\_work\XPCO\XPCO\MIP\PlatformPlugin\VideoOS.Platform\src\Proxy\ConfigApi\ConfigurationApiItemWrapper.cs:line 110&#xD;
   at VideoOS.Platform.ConfigurationItems.Factory.IsItemTypeSupported(ServerId serverId, String itemType) in D:\actions-runner\_work\XPCO\XPCO\MIP\PlatformPlugin\VideoOS.Platform\src\ConfigurationItems\Factory.cs:line 464&#xD;
MIP: Error: ConfigurationApiItemWrapper (): ConfigAPI GetItem(): System.NotImplementedException, The method or operation is not implemented.&#xD;
MIP: Error: Factory.IsItemTypeSupported (): Exception source:      VideoOS.Platform.SDK.UnitTests&#xD;
Exception type:        System.NotImplementedException&#xD;
Exception message:     The method or operation is not implemented.&#xD;
Exception target site: GetItem&#xD;
   at VideoOS.Platform.SDKUnittest.EnvironmentTests.TestConfigurationClientService.GetItem(String path) in D:\actions-runner\_work\XPCO\XPCO\MIP\MIPSDK\tst\VideoOS.Platform.SDK.UnitTests\EnvironmentTests\TestsWithCorporateShimsBase.cs:line 227&#xD;
   at VideoOS.Platform.Proxy.ConfigApi.ConfigurationApiItemWrapper..ctor(ServerId serverId, String path) in D:\actions-runner\_work\XPCO\XPCO\MIP\PlatformPlugin\VideoOS.Platform\src\Proxy\ConfigApi\ConfigurationApiItemWrapper.cs:line 110&#xD;
   at VideoOS.Platform.ConfigurationItems.Factory.IsItemTypeSupported(ServerId serverId, String itemType) in D:\actions-runner\_work\XPCO\XPCO\MIP\PlatformPlugin\VideoOS.Platform\src\ConfigurationItems\Factory.cs:line 464&#xD;
&#xD;
Factory.IsItemTypeSupportedFactory.IsItemTypeSupported ()The method or operation is not implemented.   at VideoOS.Platform.SDKUnittest.EnvironmentTests.TestConfigurationClientService.GetItem(String path) in D:\actions-runner\_work\XPCO\XPCO\MIP\MIPSDK\tst\VideoOS.Platform.SDK.UnitTests\EnvironmentTests\TestsWithCorporateShimsBase.cs:line 227&#xD;
   at VideoOS.Platform.Proxy.ConfigApi.ConfigurationApiItemWrapper..ctor(ServerId serverId, String path) in D:\actions-runner\_work\XPCO\XPCO\MIP\PlatformPlugin\VideoOS.Platform\src\Proxy\ConfigApi\ConfigurationApiItemWrapper.cs:line 110&#xD;
   at VideoOS.Platform.ConfigurationItems.Factory.IsItemTypeSupported(ServerId serverId, String itemType) in D:\actions-runner\_work\XPCO\XPCO\MIP\PlatformPlugin\VideoOS.Platform\src\ConfigurationItems\Factory.cs:line 464&#xD;
MIP: Error: LoginServerOauth (): https://1.2.3.5:55/ManagementServer/ServerCommandServiceOAuth.svc The method or operation is not implemented.&#xD;
MIP: Error: ConfigurationApiItemWrapper (): ConfigAPI GetItem(): System.NotImplementedException, The method or operation is not implemented.&#xD;
MIP: Error: Factory.IsItemTypeSupported (): Exception source:      VideoOS.Platform.SDK.UnitTests&#xD;
Exception type:        System.NotImplementedException&#xD;
Exception message:     The method or operation is not implemented.&#xD;
Exception target site: GetItem&#xD;
   at VideoOS.Platform.SDKUnittest.EnvironmentTests.TestConfigurationClientService.GetItem(String path) in D:\actions-runner\_work\XPCO\XPCO\MIP\MIPSDK\tst\VideoOS.Platform.SDK.UnitTests\EnvironmentTests\TestsWithCorporateShimsBase.cs:line 227&#xD;
   at VideoOS.Platform.Proxy.ConfigApi.ConfigurationApiItemWrapper..ctor(ServerId serverId, String path) in D:\actions-runner\_work\XPCO\XPCO\MIP\PlatformPlugin\VideoOS.Platform\src\Proxy\ConfigApi\ConfigurationApiItemWrapper.cs:line 110&#xD;
   at VideoOS.Platform.ConfigurationItems.Factory.IsItemTypeSupported(ServerId serverId, String itemType) in D:\actions-runner\_work\XPCO\XPCO\MIP\PlatformPlugin\VideoOS.Platform\src\ConfigurationItems\Factory.cs:line 464&#xD;
&#xD;
Factory.IsItemTypeSupportedFactory.IsItemTypeSupported ()The method or operation is not implemented.   at VideoOS.Platform.SDKUnittest.EnvironmentTests.TestConfigurationClientService.GetItem(String path) in D:\actions-runner\_work\XPCO\XPCO\MIP\MIPSDK\tst\VideoOS.Platform.SDK.UnitTests\EnvironmentTests\TestsWithCorporateShimsBase.cs:line 227&#xD;
   at VideoOS.Platform.Proxy.ConfigApi.ConfigurationApiItemWrapper..ctor(ServerId serverId, String path) in D:\actions-runner\_work\XPCO\XPCO\MIP\PlatformPlugin\VideoOS.Platform\src\Proxy\ConfigApi\ConfigurationApiItemWrapper.cs:line 110&#xD;
   at VideoOS.Platform.ConfigurationItems.Factory.IsItemTypeSupported(ServerId serverId, String itemType) in D:\actions-runner\_work\XPCO\XPCO\MIP\PlatformPlugin\VideoOS.Platform\src\ConfigurationItems\Factory.cs:line 464&#xD;
MIP: Error: GetConfiguration (): CustomSetting not found for the given platformDefinitionId: e145597a-ecaf-40a1-99e6-14bb9d45a09e&#xD;
MIP: Error: ConfigurationApiItemWrapper (): ConfigAPI GetItem(): System.NotImplementedException, The method or operation is not implemented.&#xD;
MIP: Error: Factory.IsItemTypeSupported (): Exception source:      VideoOS.Platform.SDK.UnitTests&#xD;
Exception type:        System.NotImplementedException&#xD;
Exception message:     The method or operation is not implemented.&#xD;
Exception target site: GetItem&#xD;
   at VideoOS.Platform.SDKUnittest.EnvironmentTests.TestConfigurationClientService.GetItem(String path) in D:\actions-runner\_work\XPCO\XPCO\MIP\MIPSDK\tst\VideoOS.Platform.SDK.UnitTests\EnvironmentTests\TestsWithCorporateShimsBase.cs:line 227&#xD;
   at VideoOS.Platform.Proxy.ConfigApi.ConfigurationApiItemWrapper..ctor(ServerId serverId, String path) in D:\actions-runner\_work\XPCO\XPCO\MIP\PlatformPlugin\VideoOS.Platform\src\Proxy\ConfigApi\ConfigurationApiItemWrapper.cs:line 110&#xD;
   at VideoOS.Platform.ConfigurationItems.Factory.IsItemTypeSupported(ServerId serverId, String itemType) in D:\actions-runner\_work\XPCO\XPCO\MIP\PlatformPlugin\VideoOS.Platform\src\ConfigurationItems\Factory.cs:line 464&#xD;
&#xD;
Factory.IsItemTypeSupportedFactory.IsItemTypeSupported ()The method or operation is not implemented.   at VideoOS.Platform.SDKUnittest.EnvironmentTests.TestConfigurationClientService.GetItem(String path) in D:\actions-runner\_work\XPCO\XPCO\MIP\MIPSDK\tst\VideoOS.Platform.SDK.UnitTests\EnvironmentTests\TestsWithCorporateShimsBase.cs:line 227&#xD;
   at VideoOS.Platform.Proxy.ConfigApi.ConfigurationApiItemWrapper..ctor(ServerId serverId, String path) in D:\actions-runner\_work\XPCO\XPCO\MIP\PlatformPlugin\VideoOS.Platform\src\Proxy\ConfigApi\ConfigurationApiItemWrapper.cs:line 110&#xD;
   at VideoOS.Platform.ConfigurationItems.Factory.IsItemTypeSupported(ServerId serverId, String itemType) in D:\actions-runner\_work\XPCO\XPCO\MIP\PlatformPlugin\VideoOS.Platform\src\ConfigurationItems\Factory.cs:line 464&#xD;
MIP: Error: LoginServerOauth (): https://1.2.3.5:55/ManagementServer/ServerCommandServiceOAuth.svc The method or operation is not implemented.&#xD;
MIP: Error: ConfigurationApiItemWrapper (): ConfigAPI GetItem(): System.NotImplementedException, The method or operation is not implemented.&#xD;
MIP: Error: Factory.IsItemTypeSupported (): Exception source:      VideoOS.Platform.SDK.UnitTests&#xD;
Exception type:        System.NotImplementedException&#xD;
Exception message:     The method or operation is not implemented.&#xD;
Exception target site: GetItem&#xD;
   at VideoOS.Platform.SDKUnittest.EnvironmentTests.TestConfigurationClientService.GetItem(String path) in D:\actions-runner\_work\XPCO\XPCO\MIP\MIPSDK\tst\VideoOS.Platform.SDK.UnitTests\EnvironmentTests\TestsWithCorporateShimsBase.cs:line 227&#xD;
   at VideoOS.Platform.Proxy.ConfigApi.ConfigurationApiItemWrapper..ctor(ServerId serverId, String path) in D:\actions-runner\_work\XPCO\XPCO\MIP\PlatformPlugin\VideoOS.Platform\src\Proxy\ConfigApi\ConfigurationApiItemWrapper.cs:line 110&#xD;
   at VideoOS.Platform.ConfigurationItems.Factory.IsItemTypeSupported(ServerId serverId, String itemType) in D:\actions-runner\_work\XPCO\XPCO\MIP\PlatformPlugin\VideoOS.Platform\src\ConfigurationItems\Factory.cs:line 464&#xD;
&#xD;
Factory.IsItemTypeSupportedFactory.IsItemTypeSupported ()The method or operation is not implemented.   at VideoOS.Platform.SDKUnittest.EnvironmentTests.TestConfigurationClientService.GetItem(String path) in D:\actions-runner\_work\XPCO\XPCO\MIP\MIPSDK\tst\VideoOS.Platform.SDK.UnitTests\EnvironmentTests\TestsWithCorporateShimsBase.cs:line 227&#xD;
   at VideoOS.Platform.Proxy.ConfigApi.ConfigurationApiItemWrapper..ctor(ServerId serverId, String path) in D:\actions-runner\_work\XPCO\XPCO\MIP\PlatformPlugin\VideoOS.Platform\src\Proxy\ConfigApi\ConfigurationApiItemWrapper.cs:line 110&#xD;
   at VideoOS.Platform.ConfigurationItems.Factory.IsItemTypeSupported(ServerId serverId, String itemType) in D:\actions-runner\_work\XPCO\XPCO\MIP\PlatformPlugin\VideoOS.Platform\src\ConfigurationItems\Factory.cs:line 464&#xD;
MIP: Error: ConfigurationApiItemWrapper (): ConfigAPI GetItem(): System.NotImplementedException, The method or operation is not implemented.&#xD;
MIP: Error: Factory.IsItemTypeSupported (): Exception source:      VideoOS.Platform.SDK.UnitTests&#xD;
Exception type:        System.NotImplementedException&#xD;
Exception message:     The method or operation is not implemented.&#xD;
Exception target site: GetItem&#xD;
   at VideoOS.Platform.SDKUnittest.EnvironmentTests.TestConfigurationClientService.GetItem(String path) in D:\actions-runner\_work\XPCO\XPCO\MIP\MIPSDK\tst\VideoOS.Platform.SDK.UnitTests\EnvironmentTests\TestsWithCorporateShimsBase.cs:line 227&#xD;
   at VideoOS.Platform.Proxy.ConfigApi.ConfigurationApiItemWrapper..ctor(ServerId serverId, String path) in D:\actions-runner\_work\XPCO\XPCO\MIP\PlatformPlugin\VideoOS.Platform\src\Proxy\ConfigApi\ConfigurationApiItemWrapper.cs:line 110&#xD;
   at VideoOS.Platform.ConfigurationItems.Factory.IsItemTypeSupported(ServerId serverId, String itemType) in D:\actions-runner\_work\XPCO\XPCO\MIP\PlatformPlugin\VideoOS.Platform\src\ConfigurationItems\Factory.cs:line 464&#xD;
&#xD;
Factory.IsItemTypeSupportedFactory.IsItemTypeSupported ()The method or operation is not implemented.   at VideoOS.Platform.SDKUnittest.EnvironmentTests.TestConfigurationClientService.GetItem(String path) in D:\actions-runner\_work\XPCO\XPCO\MIP\MIPSDK\tst\VideoOS.Platform.SDK.UnitTests\EnvironmentTests\TestsWithCorporateShimsBase.cs:line 227&#xD;
   at VideoOS.Platform.Proxy.ConfigApi.ConfigurationApiItemWrapper..ctor(ServerId serverId, String path) in D:\actions-runner\_work\XPCO\XPCO\MIP\PlatformPlugin\VideoOS.Platform\src\Proxy\ConfigApi\ConfigurationApiItemWrapper.cs:line 110&#xD;
   at VideoOS.Platform.ConfigurationItems.Factory.IsItemTypeSupported(ServerId serverId, String itemType) in D:\actions-runner\_work\XPCO\XPCO\MIP\PlatformPlugin\VideoOS.Platform\src\ConfigurationItems\Factory.cs:line 464&#xD;
MIP: Error: LoginServerOauth (): https://1.2.3.5:55/ManagementServer/ServerCommandServiceOAuth.svc The method or operation is not implemented.&#xD;
MIP: Error: ConfigurationApiItemWrapper (): ConfigAPI GetItem(): System.NotImplementedException, The method or operation is not implemented.&#xD;
MIP: Error: Factory.IsItemTypeSupported (): Exception source:      VideoOS.Platform.SDK.UnitTests&#xD;
Exception type:        System.NotImplementedException&#xD;
Exception message:     The method or operation is not implemented.&#xD;
Exception target site: GetItem&#xD;
   at VideoOS.Platform.SDKUnittest.EnvironmentTests.TestConfigurationClientService.GetItem(String path) in D:\actions-runner\_work\XPCO\XPCO\MIP\MIPSDK\tst\VideoOS.Platform.SDK.UnitTests\EnvironmentTests\TestsWithCorporateShimsBase.cs:line 227&#xD;
   at VideoOS.Platform.Proxy.ConfigApi.ConfigurationApiItemWrapper..ctor(ServerId serverId, String path) in D:\actions-runner\_work\XPCO\XPCO\MIP\PlatformPlugin\VideoOS.Platform\src\Proxy\ConfigApi\ConfigurationApiItemWrapper.cs:line 110&#xD;
   at VideoOS.Platform.ConfigurationItems.Factory.IsItemTypeSupported(ServerId serverId, String itemType) in D:\actions-runner\_work\XPCO\XPCO\MIP\PlatformPlugin\VideoOS.Platform\src\ConfigurationItems\Factory.cs:line 464&#xD;
&#xD;
Factory.IsItemTypeSupportedFactory.IsItemTypeSupported ()The method or operation is not implemented.   at VideoOS.Platform.SDKUnittest.EnvironmentTests.TestConfigurationClientService.GetItem(String path) in D:\actions-runner\_work\XPCO\XPCO\MIP\MIPSDK\tst\VideoOS.Platform.SDK.UnitTests\EnvironmentTests\TestsWithCorporateShimsBase.cs:line 227&#xD;
   at VideoOS.Platform.Proxy.ConfigApi.ConfigurationApiItemWrapper..ctor(ServerId serverId, String path) in D:\actions-runner\_work\XPCO\XPCO\MIP\PlatformPlugin\VideoOS.Platform\src\Proxy\ConfigApi\ConfigurationApiItemWrapper.cs:line 110&#xD;
   at VideoOS.Platform.ConfigurationItems.Factory.IsItemTypeSupported(ServerId serverId, String itemType) in D:\actions-runner\_work\XPCO\XPCO\MIP\PlatformPlugin\VideoOS.Platform\src\ConfigurationItems\Factory.cs:line 464&#xD;
MIP: Error: GetConfiguration (): CustomSetting not found for the given platformDefinitionId: e145597a-ecaf-40a1-99e6-14bb9d45a09e&#xD;
MIP: Error: ConfigurationApiItemWrapper (): ConfigAPI GetItem(): System.NotImplementedException, The method or operation is not implemented.&#xD;
MIP: Error: Factory.IsItemTypeSupported (): Exception source:      VideoOS.Platform.SDK.UnitTests&#xD;
Exception type:        System.NotImplementedException&#xD;
Exception message:     The method or operation is not implemented.&#xD;
Exception target site: GetItem&#xD;
   at VideoOS.Platform.SDKUnittest.EnvironmentTests.TestConfigurationClientService.GetItem(String path) in D:\actions-runner\_work\XPCO\XPCO\MIP\MIPSDK\tst\VideoOS.Platform.SDK.UnitTests\EnvironmentTests\TestsWithCorporateShimsBase.cs:line 227&#xD;
   at VideoOS.Platform.Proxy.ConfigApi.ConfigurationApiItemWrapper..ctor(ServerId serverId, String path) in D:\actions-runner\_work\XPCO\XPCO\MIP\PlatformPlugin\VideoOS.Platform\src\Proxy\ConfigApi\ConfigurationApiItemWrapper.cs:line 110&#xD;
   at VideoOS.Platform.ConfigurationItems.Factory.IsItemTypeSupported(ServerId serverId, String itemType) in D:\actions-runner\_work\XPCO\XPCO\MIP\PlatformPlugin\VideoOS.Platform\src\ConfigurationItems\Factory.cs:line 464&#xD;
&#xD;
Factory.IsItemTypeSupportedFactory.IsItemTypeSupported ()The method or operation is not implemented.   at VideoOS.Platform.SDKUnittest.EnvironmentTests.TestConfigurationClientService.GetItem(String path) in D:\actions-runner\_work\XPCO\XPCO\MIP\MIPSDK\tst\VideoOS.Platform.SDK.UnitTests\EnvironmentTests\TestsWithCorporateShimsBase.cs:line 227&#xD;
   at VideoOS.Platform.Proxy.ConfigApi.ConfigurationApiItemWrapper..ctor(ServerId serverId, String path) in D:\actions-runner\_work\XPCO\XPCO\MIP\PlatformPlugin\VideoOS.Platform\src\Proxy\ConfigApi\ConfigurationApiItemWrapper.cs:line 110&#xD;
   at VideoOS.Platform.ConfigurationItems.Factory.IsItemTypeSupported(ServerId serverId, String itemType) in D:\actions-runner\_work\XPCO\XPCO\MIP\PlatformPlugin\VideoOS.Platform\src\ConfigurationItems\Factory.cs:line 464&#xD;
MIP: Error: LoginServerOauth (): https://1.2.3.5:55/ManagementServer/ServerCommandServiceOAuth.svc The method or operation is not implemented.&#xD;
MIP: Error: ConfigurationApiItemWrapper (): ConfigAPI GetItem(): System.NotImplementedException, The method or operation is not implemented.&#xD;
MIP: Error: Factory.IsItemTypeSupported (): Exception source:      VideoOS.Platform.SDK.UnitTests&#xD;
Exception type:        System.NotImplementedException&#xD;
Exception message:     The method or operation is not implemented.&#xD;
Exception target site: GetItem&#xD;
   at VideoOS.Platform.SDKUnittest.EnvironmentTests.TestConfigurationClientService.GetItem(String path) in D:\actions-runner\_work\XPCO\XPCO\MIP\MIPSDK\tst\VideoOS.Platform.SDK.UnitTests\EnvironmentTests\TestsWithCorporateShimsBase.cs:line 227&#xD;
   at VideoOS.Platform.Proxy.ConfigApi.ConfigurationApiItemWrapper..ctor(ServerId serverId, String path) in D:\actions-runner\_work\XPCO\XPCO\MIP\PlatformPlugin\VideoOS.Platform\src\Proxy\ConfigApi\ConfigurationApiItemWrapper.cs:line 110&#xD;
   at VideoOS.Platform.ConfigurationItems.Factory.IsItemTypeSupported(ServerId serverId, String itemType) in D:\actions-runner\_work\XPCO\XPCO\MIP\PlatformPlugin\VideoOS.Platform\src\ConfigurationItems\Factory.cs:line 464&#xD;
&#xD;
Factory.IsItemTypeSupportedFactory.IsItemTypeSupported ()The method or operation is not implemented.   at VideoOS.Platform.SDKUnittest.EnvironmentTests.TestConfigurationClientService.GetItem(String path) in D:\actions-runner\_work\XPCO\XPCO\MIP\MIPSDK\tst\VideoOS.Platform.SDK.UnitTests\EnvironmentTests\TestsWithCorporateShimsBase.cs:line 227&#xD;
   at VideoOS.Platform.Proxy.ConfigApi.ConfigurationApiItemWrapper..ctor(ServerId serverId, String path) in D:\actions-runner\_work\XPCO\XPCO\MIP\PlatformPlugin\VideoOS.Platform\src\Proxy\ConfigApi\ConfigurationApiItemWrapper.cs:line 110&#xD;
   at VideoOS.Platform.ConfigurationItems.Factory.IsItemTypeSupported(ServerId serverId, String itemType) in D:\actions-runner\_work\XPCO\XPCO\MIP\PlatformPlugin\VideoOS.Platform\src\ConfigurationItems\Factory.cs:line 464&#xD;
MIP: Error: ConfigurationApiItemWrapper (): ConfigAPI GetItem(): System.NotImplementedException, The method or operation is not implemented.&#xD;
MIP: Error: Factory.IsItemTypeSupported (): Exception source:      VideoOS.Platform.SDK.UnitTests&#xD;
Exception type:        System.NotImplementedException&#xD;
Exception message:     The method or operation is not implemented.&#xD;
Exception target site: GetItem&#xD;
   at VideoOS.Platform.SDKUnittest.EnvironmentTests.TestConfigurationClientService.GetItem(String path) in D:\actions-runner\_work\XPCO\XPCO\MIP\MIPSDK\tst\VideoOS.Platform.SDK.UnitTests\EnvironmentTests\TestsWithCorporateShimsBase.cs:line 227&#xD;
   at VideoOS.Platform.Proxy.ConfigApi.ConfigurationApiItemWrapper..ctor(ServerId serverId, String path) in D:\actions-runner\_work\XPCO\XPCO\MIP\PlatformPlugin\VideoOS.Platform\src\Proxy\ConfigApi\ConfigurationApiItemWrapper.cs:line 110&#xD;
   at VideoOS.Platform.ConfigurationItems.Factory.IsItemTypeSupported(ServerId serverId, String itemType) in D:\actions-runner\_work\XPCO\XPCO\MIP\PlatformPlugin\VideoOS.Platform\src\ConfigurationItems\Factory.cs:line 464&#xD;
&#xD;
Factory.IsItemTypeSupportedFactory.IsItemTypeSupported ()The method or operation is not implemented.   at VideoOS.Platform.SDKUnittest.EnvironmentTests.TestConfigurationClientService.GetItem(String path) in D:\actions-runner\_work\XPCO\XPCO\MIP\MIPSDK\tst\VideoOS.Platform.SDK.UnitTests\EnvironmentTests\TestsWithCorporateShimsBase.cs:line 227&#xD;
   at VideoOS.Platform.Proxy.ConfigApi.ConfigurationApiItemWrapper..ctor(ServerId serverId, String path) in D:\actions-runner\_work\XPCO\XPCO\MIP\PlatformPlugin\VideoOS.Platform\src\Proxy\ConfigApi\ConfigurationApiItemWrapper.cs:line 110&#xD;
   at VideoOS.Platform.ConfigurationItems.Factory.IsItemTypeSupported(ServerId serverId, String itemType) in D:\actions-runner\_work\XPCO\XPCO\MIP\PlatformPlugin\VideoOS.Platform\src\ConfigurationItems\Factory.cs:line 464&#xD;
MIP: Error: LoginServerOauth (): https://1.2.3.5:55/ManagementServer/ServerCommandServiceOAuth.svc The method or operation is not implemented.&#xD;
MIP: Error: ConfigurationApiItemWrapper (): ConfigAPI GetItem(): System.NotImplementedException, The method or operation is not implemented.&#xD;
MIP: Error: Factory.IsItemTypeSupported (): Exception source:      VideoOS.Platform.SDK.UnitTests&#xD;
Exception type:        System.NotImplementedException&#xD;
Exception message:     The method or operation is not implemented.&#xD;
Exception target site: GetItem&#xD;
   at VideoOS.Platform.SDKUnittest.EnvironmentTests.TestConfigurationClientService.GetItem(String path) in D:\actions-runner\_work\XPCO\XPCO\MIP\MIPSDK\tst\VideoOS.Platform.SDK.UnitTests\EnvironmentTests\TestsWithCorporateShimsBase.cs:line 227&#xD;
   at VideoOS.Platform.Proxy.ConfigApi.ConfigurationApiItemWrapper..ctor(ServerId serverId, String path) in D:\actions-runner\_work\XPCO\XPCO\MIP\PlatformPlugin\VideoOS.Platform\src\Proxy\ConfigApi\ConfigurationApiItemWrapper.cs:line 110&#xD;
   at VideoOS.Platform.ConfigurationItems.Factory.IsItemTypeSupported(ServerId serverId, String itemType) in D:\actions-runner\_work\XPCO\XPCO\MIP\PlatformPlugin\VideoOS.Platform\src\ConfigurationItems\Factory.cs:line 464&#xD;
&#xD;
Factory.IsItemTypeSupportedFactory.IsItemTypeSupported ()The method or operation is not implemented.   at VideoOS.Platform.SDKUnittest.EnvironmentTests.TestConfigurationClientService.GetItem(String path) in D:\actions-runner\_work\XPCO\XPCO\MIP\MIPSDK\tst\VideoOS.Platform.SDK.UnitTests\EnvironmentTests\TestsWithCorporateShimsBase.cs:line 227&#xD;
   at VideoOS.Platform.Proxy.ConfigApi.ConfigurationApiItemWrapper..ctor(ServerId serverId, String path) in D:\actions-runner\_work\XPCO\XPCO\MIP\PlatformPlugin\VideoOS.Platform\src\Proxy\ConfigApi\ConfigurationApiItemWrapper.cs:line 110&#xD;
   at VideoOS.Platform.ConfigurationItems.Factory.IsItemTypeSupported(ServerId serverId, String itemType) in D:\actions-runner\_work\XPCO\XPCO\MIP\PlatformPlugin\VideoOS.Platform\src\ConfigurationItems\Factory.cs:line 464&#xD;
MIP: Error: GetConfiguration (): CustomSetting not found for the given platformDefinitionId: e145597a-ecaf-40a1-99e6-14bb9d45a09e&#xD;
MIP: Error: ConfigurationApiItemWrapper (): ConfigAPI GetItem(): System.NotImplementedException, The method or operation is not implemented.&#xD;
MIP: Error: Factory.IsItemTypeSupported (): Exception source:      VideoOS.Platform.SDK.UnitTests&#xD;
Exception type:        System.NotImplementedException&#xD;
Exception message:     The method or operation is not implemented.&#xD;
Exception target site: GetItem&#xD;
   at VideoOS.Platform.SDKUnittest.EnvironmentTests.TestConfigurationClientService.GetItem(String path) in D:\actions-runner\_work\XPCO\XPCO\MIP\MIPSDK\tst\VideoOS.Platform.SDK.UnitTests\EnvironmentTests\TestsWithCorporateShimsBase.cs:line 227&#xD;
   at VideoOS.Platform.Proxy.ConfigApi.ConfigurationApiItemWrapper..ctor(ServerId serverId, String path) in D:\actions-runner\_work\XPCO\XPCO\MIP\PlatformPlugin\VideoOS.Platform\src\Proxy\ConfigApi\ConfigurationApiItemWrapper.cs:line 110&#xD;
   at VideoOS.Platform.ConfigurationItems.Factory.IsItemTypeSupported(ServerId serverId, String itemType) in D:\actions-runner\_work\XPCO\XPCO\MIP\PlatformPlugin\VideoOS.Platform\src\ConfigurationItems\Factory.cs:line 464&#xD;
&#xD;
Factory.IsItemTypeSupportedFactory.IsItemTypeSupported ()The method or operation is not implemented.   at VideoOS.Platform.SDKUnittest.EnvironmentTests.TestConfigurationClientService.GetItem(String path) in D:\actions-runner\_work\XPCO\XPCO\MIP\MIPSDK\tst\VideoOS.Platform.SDK.UnitTests\EnvironmentTests\TestsWithCorporateShimsBase.cs:line 227&#xD;
   at VideoOS.Platform.Proxy.ConfigApi.ConfigurationApiItemWrapper..ctor(ServerId serverId, String path) in D:\actions-runner\_work\XPCO\XPCO\MIP\PlatformPlugin\VideoOS.Platform\src\Proxy\ConfigApi\ConfigurationApiItemWrapper.cs:line 110&#xD;
   at VideoOS.Platform.ConfigurationItems.Factory.IsItemTypeSupported(ServerId serverId, String itemType) in D:\actions-runner\_work\XPCO\XPCO\MIP\PlatformPlugin\VideoOS.Platform\src\ConfigurationItems\Factory.cs:line 464&#xD;
MIP: Error: LoginServerOauth (): https://1.2.3.5:55/ManagementServer/ServerCommandServiceOAuth.svc The method or operation is not implemented.&#xD;
MIP: Error: ConfigurationApiItemWrapper (): ConfigAPI GetItem(): System.NotImplementedException, The method or operation is not implemented.&#xD;
MIP: Error: Factory.IsItemTypeSupported (): Exception source:      VideoOS.Platform.SDK.UnitTests&#xD;
Exception type:        System.NotImplementedException&#xD;
Exception message:     The method or operation is not implemented.&#xD;
Exception target site: GetItem&#xD;
   at VideoOS.Platform.SDKUnittest.EnvironmentTests.TestConfigurationClientService.GetItem(String path) in D:\actions-runner\_work\XPCO\XPCO\MIP\MIPSDK\tst\VideoOS.Platform.SDK.UnitTests\EnvironmentTests\TestsWithCorporateShimsBase.cs:line 227&#xD;
   at VideoOS.Platform.Proxy.ConfigApi.ConfigurationApiItemWrapper..ctor(ServerId serverId, String path) in D:\actions-runner\_work\XPCO\XPCO\MIP\PlatformPlugin\VideoOS.Platform\src\Proxy\ConfigApi\ConfigurationApiItemWrapper.cs:line 110&#xD;
   at VideoOS.Platform.ConfigurationItems.Factory.IsItemTypeSupported(ServerId serverId, String itemType) in D:\actions-runner\_work\XPCO\XPCO\MIP\PlatformPlugin\VideoOS.Platform\src\ConfigurationItems\Factory.cs:line 464&#xD;
&#xD;
Factory.IsItemTypeSupportedFactory.IsItemTypeSupported ()The method or operation is not implemented.   at VideoOS.Platform.SDKUnittest.EnvironmentTests.TestConfigurationClientService.GetItem(String path) in D:\actions-runner\_work\XPCO\XPCO\MIP\MIPSDK\tst\VideoOS.Platform.SDK.UnitTests\EnvironmentTests\TestsWithCorporateShimsBase.cs:line 227&#xD;
   at VideoOS.Platform.Proxy.ConfigApi.ConfigurationApiItemWrapper..ctor(ServerId serverId, String path) in D:\actions-runner\_work\XPCO\XPCO\MIP\PlatformPlugin\VideoOS.Platform\src\Proxy\ConfigApi\ConfigurationApiItemWrapper.cs:line 110&#xD;
   at VideoOS.Platform.ConfigurationItems.Factory.IsItemTypeSupported(ServerId serverId, String itemType) in D:\actions-runner\_work\XPCO\XPCO\MIP\PlatformPlugin\VideoOS.Platform\src\ConfigurationItems\Factory.cs:line 464&#xD;
MIP: Error: ConfigurationApiItemWrapper (): ConfigAPI GetItem(): System.NotImplementedException, The method or operation is not implemented.&#xD;
MIP: Error: Factory.IsItemTypeSupported (): Exception source:      VideoOS.Platform.SDK.UnitTests&#xD;
Exception type:        System.NotImplementedException&#xD;
Exception message:     The method or operation is not implemented.&#xD;
Exception target site: GetItem&#xD;
   at VideoOS.Platform.SDKUnittest.EnvironmentTests.TestConfigurationClientService.GetItem(String path) in D:\actions-runner\_work\XPCO\XPCO\MIP\MIPSDK\tst\VideoOS.Platform.SDK.UnitTests\EnvironmentTests\TestsWithCorporateShimsBase.cs:line 227&#xD;
   at VideoOS.Platform.Proxy.ConfigApi.ConfigurationApiItemWrapper..ctor(ServerId serverId, String path) in D:\actions-runner\_work\XPCO\XPCO\MIP\PlatformPlugin\VideoOS.Platform\src\Proxy\ConfigApi\ConfigurationApiItemWrapper.cs:line 110&#xD;
   at VideoOS.Platform.ConfigurationItems.Factory.IsItemTypeSupported(ServerId serverId, String itemType) in D:\actions-runner\_work\XPCO\XPCO\MIP\PlatformPlugin\VideoOS.Platform\src\ConfigurationItems\Factory.cs:line 464&#xD;
&#xD;
Factory.IsItemTypeSupportedFactory.IsItemTypeSupported ()The method or operation is not implemented.   at VideoOS.Platform.SDKUnittest.EnvironmentTests.TestConfigurationClientService.GetItem(String path) in D:\actions-runner\_work\XPCO\XPCO\MIP\MIPSDK\tst\VideoOS.Platform.SDK.UnitTests\EnvironmentTests\TestsWithCorporateShimsBase.cs:line 227&#xD;
   at VideoOS.Platform.Proxy.ConfigApi.ConfigurationApiItemWrapper..ctor(ServerId serverId, String path) in D:\actions-runner\_work\XPCO\XPCO\MIP\PlatformPlugin\VideoOS.Platform\src\Proxy\ConfigApi\ConfigurationApiItemWrapper.cs:line 110&#xD;
   at VideoOS.Platform.ConfigurationItems.Factory.IsItemTypeSupported(ServerId serverId, String itemType) in D:\actions-runner\_work\XPCO\XPCO\MIP\PlatformPlugin\VideoOS.Platform\src\ConfigurationItems\Factory.cs:line 464&#xD;
MIP: Error: LoginServerOauth (): https://1.2.3.5:55/ManagementServer/ServerCommandServiceOAuth.svc The method or operation is not implemented.&#xD;
MIP: Error: ConfigurationApiItemWrapper (): ConfigAPI GetItem(): System.NotImplementedException, The method or operation is not implemented.&#xD;
MIP: Error: Factory.IsItemTypeSupported (): Exception source:      VideoOS.Platform.SDK.UnitTests&#xD;
Exception type:        System.NotImplementedException&#xD;
Exception message:     The method or operation is not implemented.&#xD;
Exception target site: GetItem&#xD;
   at VideoOS.Platform.SDKUnittest.EnvironmentTests.TestConfigurationClientService.GetItem(String path) in D:\actions-runner\_work\XPCO\XPCO\MIP\MIPSDK\tst\VideoOS.Platform.SDK.UnitTests\EnvironmentTests\TestsWithCorporateShimsBase.cs:line 227&#xD;
   at VideoOS.Platform.Proxy.ConfigApi.ConfigurationApiItemWrapper..ctor(ServerId serverId, String path) in D:\actions-runner\_work\XPCO\XPCO\MIP\PlatformPlugin\VideoOS.Platform\src\Proxy\ConfigApi\ConfigurationApiItemWrapper.cs:line 110&#xD;
   at VideoOS.Platform.ConfigurationItems.Factory.IsItemTypeSupported(ServerId serverId, String itemType) in D:\actions-runner\_work\XPCO\XPCO\MIP\PlatformPlugin\VideoOS.Platform\src\ConfigurationItems\Factory.cs:line 464&#xD;
&#xD;
Factory.IsItemTypeSupportedFactory.IsItemTypeSupported ()The method or operation is not implemented.   at VideoOS.Platform.SDKUnittest.EnvironmentTests.TestConfigurationClientService.GetItem(String path) in D:\actions-runner\_work\XPCO\XPCO\MIP\MIPSDK\tst\VideoOS.Platform.SDK.UnitTests\EnvironmentTests\TestsWithCorporateShimsBase.cs:line 227&#xD;
   at VideoOS.Platform.Proxy.ConfigApi.ConfigurationApiItemWrapper..ctor(ServerId serverId, String path) in D:\actions-runner\_work\XPCO\XPCO\MIP\PlatformPlugin\VideoOS.Platform\src\Proxy\ConfigApi\ConfigurationApiItemWrapper.cs:line 110&#xD;
   at VideoOS.Platform.ConfigurationItems.Factory.IsItemTypeSupported(ServerId serverId, String itemType) in D:\actions-runner\_work\XPCO\XPCO\MIP\PlatformPlugin\VideoOS.Platform\src\ConfigurationItems\Factory.cs:line 464&#xD;
MIP: Error: GetConfiguration (): CustomSetting not found for the given platformDefinitionId: e145597a-ecaf-40a1-99e6-14bb9d45a09e&#xD;
MIP: Error: ConfigurationApiItemWrapper (): ConfigAPI GetItem(): System.NotImplementedException, The method or operation is not implemented.&#xD;
MIP: Error: Factory.IsItemTypeSupported (): Exception source:      VideoOS.Platform.SDK.UnitTests&#xD;
Exception type:        System.NotImplementedException&#xD;
Exception message:     The method or operation is not implemented.&#xD;
Exception target site: GetItem&#xD;
   at VideoOS.Platform.SDKUnittest.EnvironmentTests.TestConfigurationClientService.GetItem(String path) in D:\actions-runner\_work\XPCO\XPCO\MIP\MIPSDK\tst\VideoOS.Platform.SDK.UnitTests\EnvironmentTests\TestsWithCorporateShimsBase.cs:line 227&#xD;
   at VideoOS.Platform.Proxy.ConfigApi.ConfigurationApiItemWrapper..ctor(ServerId serverId, String path) in D:\actions-runner\_work\XPCO\XPCO\MIP\PlatformPlugin\VideoOS.Platform\src\Proxy\ConfigApi\ConfigurationApiItemWrapper.cs:line 110&#xD;
   at VideoOS.Platform.ConfigurationItems.Factory.IsItemTypeSupported(ServerId serverId, String itemType) in D:\actions-runner\_work\XPCO\XPCO\MIP\PlatformPlugin\VideoOS.Platform\src\ConfigurationItems\Factory.cs:line 464&#xD;
&#xD;
Factory.IsItemTypeSupportedFactory.IsItemTypeSupported ()The method or operation is not implemented.   at VideoOS.Platform.SDKUnittest.EnvironmentTests.TestConfigurationClientService.GetItem(String path) in D:\actions-runner\_work\XPCO\XPCO\MIP\MIPSDK\tst\VideoOS.Platform.SDK.UnitTests\EnvironmentTests\TestsWithCorporateShimsBase.cs:line 227&#xD;
   at VideoOS.Platform.Proxy.ConfigApi.ConfigurationApiItemWrapper..ctor(ServerId serverId, String path) in D:\actions-runner\_work\XPCO\XPCO\MIP\PlatformPlugin\VideoOS.Platform\src\Proxy\ConfigApi\ConfigurationApiItemWrapper.cs:line 110&#xD;
   at VideoOS.Platform.ConfigurationItems.Factory.IsItemTypeSupported(ServerId serverId, String itemType) in D:\actions-runner\_work\XPCO\XPCO\MIP\PlatformPlugin\VideoOS.Platform\src\ConfigurationItems\Factory.cs:line 464&#xD;
MIP: Error: LoginServerOauth (): https://1.2.3.5:55/ManagementServer/ServerCommandServiceOAuth.svc The method or operation is not implemented.</StdOut>
      </Output>
    </UnitTestResult>
    <UnitTestResult executionId="b22a1acf-b64c-4b09-af69-d720b00f6594" testId="f9063bff-e7ba-c028-46f9-189d14a707c0" testName="Logout_Success" computerName="DKSR-EFI-04" duration="00:00:00.0243050" startTime="2023-12-22T09:35:19.2099116+01:00" endTime="2023-12-22T09:35:19.2255359+01:00" testType="13cdc9d9-ddb5-4fa4-a97d-d965ccfc6d4b" outcome="Passed" testListId="8c84fa94-04c1-424b-9868-57a2d4851a1d" relativeResultsDirectory="b22a1acf-b64c-4b09-af69-d720b00f6594" />
    <UnitTestResult executionId="74459d83-81b9-4c1d-ad56-82b991bb30bf" testId="ab93ee62-5f81-8ef5-1c0d-f4b76290680a" testName="LiveStart_Connected_DelegatesCallsToToolkit" computerName="DKSR-EFI-04" duration="00:00:00.0025184" startTime="2023-12-22T09:36:47.5385043+01:00" endTime="2023-12-22T09:36:47.5385043+01:00" testType="13cdc9d9-ddb5-4fa4-a97d-d965ccfc6d4b" outcome="Passed" testListId="8c84fa94-04c1-424b-9868-57a2d4851a1d" relativeResultsDirectory="74459d83-81b9-4c1d-ad56-82b991bb30bf" />
    <UnitTestResult executionId="460a324a-f2d0-48ef-a254-6b81ab5a293c" testId="b302fa2d-031c-4f71-4afe-c81ca1b4659c" testName="HandleAudioData_CalculateAudioMeterValue_When_Subscribed_And_Unmuted" computerName="DKSR-EFI-04" duration="00:00:00.0050114" startTime="2023-12-22T09:36:47.6478794+01:00" endTime="2023-12-22T09:36:47.6635044+01:00" testType="13cdc9d9-ddb5-4fa4-a97d-d965ccfc6d4b" outcome="Passed" testListId="8c84fa94-04c1-424b-9868-57a2d4851a1d" relativeResultsDirectory="460a324a-f2d0-48ef-a254-6b81ab5a293c" />
    <UnitTestResult executionId="b043e382-5e56-4848-a9a5-1f799baa6407" testId="0bbb508b-fd28-af7a-61a4-81cd8ad41d08" testName="Login_WhenNotLoggedIn_NoLastException_ThrowDefaultException" computerName="DKSR-EFI-04" duration="00:00:00.0067593" startTime="2023-12-22T09:35:19.1005356+01:00" endTime="2023-12-22T09:35:19.1005356+01:00" testType="13cdc9d9-ddb5-4fa4-a97d-d965ccfc6d4b" outcome="Passed" testListId="8c84fa94-04c1-424b-9868-57a2d4851a1d" relativeResultsDirectory="b043e382-5e56-4848-a9a5-1f799baa6407" />
    <UnitTestResult executionId="39d3f811-52e5-46e7-ac54-1435cce91f0b" testId="b6dd1d7b-fa80-5930-3fa2-3201c6345ce9" testName="GetJpegFirst" computerName="DKSR-EFI-04" duration="00:00:09.5099970" startTime="2023-12-22T09:35:20.0067919+01:00" endTime="2023-12-22T09:35:29.5224660+01:00" testType="13cdc9d9-ddb5-4fa4-a97d-d965ccfc6d4b" outcome="Passed" testListId="8c84fa94-04c1-424b-9868-57a2d4851a1d" relativeResultsDirectory="39d3f811-52e5-46e7-ac54-1435cce91f0b">
      <Output>
        <StdOut>Debug Trace:&#xD;
MIP: Error: GetConfiguration (): CustomSetting not found for the given platformDefinitionId: e145597a-ecaf-40a1-99e6-14bb9d45a09e&#xD;
MIP: Error: GetConfiguration (): CustomSetting not found for the given platformDefinitionId: e145597a-ecaf-40a1-99e6-14bb9d45a09e&#xD;
MIP: Error: GetConfiguration (): CustomSetting not found for the given platformDefinitionId: e145597a-ecaf-40a1-99e6-14bb9d45a09e&#xD;
---- Stream count=0, thread=2</StdOut>
      </Output>
    </UnitTestResult>
    <UnitTestResult executionId="7182efe4-06f9-4f33-983c-3a8db573522e" testId="58703ce4-1c67-ed97-f1a4-1af1a3003de0" testName="Givent_MessageContainingEventWithData_When_CallingGetDataOfCorrectType_Then_ACompleteObjectIsReturned" computerName="DKSR-EFI-04" duration="00:00:00.0198319" startTime="2023-12-22T09:36:15.9289590+01:00" endTime="2023-12-22T09:36:15.9445832+01:00" testType="13cdc9d9-ddb5-4fa4-a97d-d965ccfc6d4b" outcome="Passed" testListId="8c84fa94-04c1-424b-9868-57a2d4851a1d" relativeResultsDirectory="7182efe4-06f9-4f33-983c-3a8db573522e" />
    <UnitTestResult executionId="dfa2c220-2857-4e5c-a511-f8c0b539f970" testId="f4f1f3cd-b04f-c623-3d30-8c01b6f83066" testName="AddServer_WithLoginSettings_MasterOnlyTrue_CorrectlyPassed" computerName="DKSR-EFI-04" duration="00:00:00.0032546" startTime="2023-12-22T09:35:19.2724116+01:00" endTime="2023-12-22T09:35:19.2724116+01:00" testType="13cdc9d9-ddb5-4fa4-a97d-d965ccfc6d4b" outcome="Passed" testListId="8c84fa94-04c1-424b-9868-57a2d4851a1d" relativeResultsDirectory="dfa2c220-2857-4e5c-a511-f8c0b539f970" />
    <UnitTestResult executionId="bc310fd3-a413-4d94-a17c-6ebc6bd09818" testId="6eb5e2ab-2e52-184d-9e36-3b40855937d4" testName="ScheduleDeletionOfToolkit_FactoryDeletesToolkitInstance" computerName="DKSR-EFI-04" duration="00:00:00.0099303" startTime="2023-12-22T09:36:47.5072542+01:00" endTime="2023-12-22T09:36:47.5228798+01:00" testType="13cdc9d9-ddb5-4fa4-a97d-d965ccfc6d4b" outcome="Passed" testListId="8c84fa94-04c1-424b-9868-57a2d4851a1d" relativeResultsDirectory="bc310fd3-a413-4d94-a17c-6ebc6bd09818" />
    <UnitTestResult executionId="490d61d0-52f6-400f-84bf-fefd42d0cf9b" testId="6e75c7b2-82c6-9596-e538-6098a4826ccc" testName="Initialize_ShouldSetInstances" computerName="DKSR-EFI-04" duration="00:00:00.2611855" startTime="2023-12-22T09:35:19.4755374+01:00" endTime="2023-12-22T09:35:19.7411643+01:00" testType="13cdc9d9-ddb5-4fa4-a97d-d965ccfc6d4b" outcome="Passed" testListId="8c84fa94-04c1-424b-9868-57a2d4851a1d" relativeResultsDirectory="490d61d0-52f6-400f-84bf-fefd42d0cf9b" />
    <UnitTestResult executionId="daea05cb-a5b2-4ec2-8a73-21ebbdf3847d" testId="6906b320-58cc-fbbb-8560-616a393b863e" testName="Initialize_ShouldReturnTrue_WhenARecordingDeviceIsAvailable" computerName="DKSR-EFI-04" duration="00:00:00.0379955" startTime="2023-12-22T09:36:47.3041275+01:00" endTime="2023-12-22T09:36:47.3510013+01:00" testType="13cdc9d9-ddb5-4fa4-a97d-d965ccfc6d4b" outcome="Passed" testListId="8c84fa94-04c1-424b-9868-57a2d4851a1d" relativeResultsDirectory="daea05cb-a5b2-4ec2-8a73-21ebbdf3847d" />
    <UnitTestResult executionId="44aa0c45-3659-48ff-917c-ba7efc8a8c58" testId="8bf87499-b2a7-b230-9a08-9f844ded294c" testName="HandleStateChanged_StateReconnectedWhilePlayingLive_ConnectedIsTrueAndEventFiredAndLiveAudioRestarted" computerName="DKSR-EFI-04" duration="00:00:00.0137681" startTime="2023-12-22T09:36:47.4603790+01:00" endTime="2023-12-22T09:36:47.4760035+01:00" testType="13cdc9d9-ddb5-4fa4-a97d-d965ccfc6d4b" outcome="Passed" testListId="8c84fa94-04c1-424b-9868-57a2d4851a1d" relativeResultsDirectory="44aa0c45-3659-48ff-917c-ba7efc8a8c58" />
    <UnitTestResult executionId="829896f9-4712-43f7-a867-4035f911e927" testId="704ef10a-b575-fe4f-2673-b021ecba942f" testName="StripXmlHeader_WhenEmptyString_ReturnsEmpty" computerName="DKSR-EFI-04" duration="00:00:00.0001615" startTime="2023-12-22T09:36:12.0539385+01:00" endTime="2023-12-22T09:36:12.0539385+01:00" testType="13cdc9d9-ddb5-4fa4-a97d-d965ccfc6d4b" outcome="Passed" testListId="8c84fa94-04c1-424b-9868-57a2d4851a1d" relativeResultsDirectory="829896f9-4712-43f7-a867-4035f911e927" />
    <UnitTestResult executionId="6b48d073-c360-4d8b-bf6c-329af71092ff" testId="ccb2b6db-3973-b90d-56a9-3d38c12b2b8f" testName="Given_Nothing_When_ConnectUnSuccessful_Then_AnExceptionIsThrown" computerName="DKSR-EFI-04" duration="00:00:00.0033115" startTime="2023-12-22T09:36:15.4289580+01:00" endTime="2023-12-22T09:36:15.4289580+01:00" testType="13cdc9d9-ddb5-4fa4-a97d-d965ccfc6d4b" outcome="Passed" testListId="8c84fa94-04c1-424b-9868-57a2d4851a1d" relativeResultsDirectory="6b48d073-c360-4d8b-bf6c-329af71092ff" />
    <UnitTestResult executionId="e5b5b2ae-2fe7-44d7-8eb6-60f62762ccb6" testId="d1e2ee3a-5497-84fa-1720-32c96fcd92e7" testName="MergeCredentialCache_WhenAlreadyHasCredential_DoesntMerge" computerName="DKSR-EFI-04" duration="00:00:00.0009814" startTime="2023-12-22T09:36:14.4758281+01:00" endTime="2023-12-22T09:36:14.4758281+01:00" testType="13cdc9d9-ddb5-4fa4-a97d-d965ccfc6d4b" outcome="Passed" testListId="8c84fa94-04c1-424b-9868-57a2d4851a1d" relativeResultsDirectory="e5b5b2ae-2fe7-44d7-8eb6-60f62762ccb6" />
    <UnitTestResult executionId="983ce6aa-b27b-44bb-a129-ed5b8304de23" testId="c46fb142-69b0-d140-f581-d0b790df6efa" testName="DomainCompareFail" computerName="DKSR-EFI-04" duration="00:00:00.0009791" startTime="2023-12-22T09:36:14.6789527+01:00" endTime="2023-12-22T09:36:14.6789527+01:00" testType="13cdc9d9-ddb5-4fa4-a97d-d965ccfc6d4b" outcome="Passed" testListId="8c84fa94-04c1-424b-9868-57a2d4851a1d" relativeResultsDirectory="983ce6aa-b27b-44bb-a129-ed5b8304de23" />
    <UnitTestResult executionId="71930edd-d511-461b-a221-50c9ad3215fd" testId="2cd289e6-be4f-74c1-cee0-00532b6125f7" testName="OutgoingAudioWaveFormatSamplesPerSecond_ShouldNotBeSet_WhenValueIsNotAllowed" computerName="DKSR-EFI-04" duration="00:00:00.0010759" startTime="2023-12-22T09:36:47.3510013+01:00" endTime="2023-12-22T09:36:47.3510013+01:00" testType="13cdc9d9-ddb5-4fa4-a97d-d965ccfc6d4b" outcome="Passed" testListId="8c84fa94-04c1-424b-9868-57a2d4851a1d" relativeResultsDirectory="71930edd-d511-461b-a221-50c9ad3215fd" />
    <UnitTestResult executionId="a4af15e0-04c0-49d5-ab6e-f81424ae92b3" testId="729fea51-614b-2ba9-1dd4-6b49891d7c46" testName="GetBitmapFirstNetworkDb" computerName="DKSR-EFI-04" duration="00:00:03.1962786" startTime="2023-12-22T09:35:52.7725858+01:00" endTime="2023-12-22T09:35:55.9601079+01:00" testType="13cdc9d9-ddb5-4fa4-a97d-d965ccfc6d4b" outcome="Passed" testListId="8c84fa94-04c1-424b-9868-57a2d4851a1d" relativeResultsDirectory="a4af15e0-04c0-49d5-ab6e-f81424ae92b3">
      <Output>
        <StdOut>Debug Trace:&#xD;
MIP: Error: GetConfiguration (): CustomSetting not found for the given platformDefinitionId: e145597a-ecaf-40a1-99e6-14bb9d45a09e&#xD;
MIP: Error: GetConfiguration (): CustomSetting not found for the given platformDefinitionId: e145597a-ecaf-40a1-99e6-14bb9d45a09e&#xD;
MIP: Error: GetConfiguration (): CustomSetting not found for the given platformDefinitionId: e145597a-ecaf-40a1-99e6-14bb9d45a09e&#xD;
---- Stream count=0, thread=2</StdOut>
      </Output>
    </UnitTestResult>
    <UnitTestResult executionId="513a9b22-bb99-4151-9a81-8223066a0707" testId="6326290f-8e50-bc28-9f9e-5ff9f9bd3c53" testName="Given_Connected_When_ResumeSessionSuccesful_Then_ASuccessAndSessionIdIsReturned" computerName="DKSR-EFI-04" duration="00:00:00.0060393" startTime="2023-12-22T09:36:15.3195802+01:00" endTime="2023-12-22T09:36:15.3352064+01:00" testType="13cdc9d9-ddb5-4fa4-a97d-d965ccfc6d4b" outcome="Passed" testListId="8c84fa94-04c1-424b-9868-57a2d4851a1d" relativeResultsDirectory="513a9b22-bb99-4151-9a81-8223066a0707" />
    <UnitTestResult executionId="64ed9da2-3e2d-491e-8b11-689417cda6ab" testId="b814b31f-9b44-c1f8-a1b3-268a53a57d26" testName="SetVolume_Muted_UnMutedAndVolumeChanged" computerName="DKSR-EFI-04" duration="00:00:00.0050347" startTime="2023-12-22T09:36:47.6322547+01:00" endTime="2023-12-22T09:36:47.6478794+01:00" testType="13cdc9d9-ddb5-4fa4-a97d-d965ccfc6d4b" outcome="Passed" testListId="8c84fa94-04c1-424b-9868-57a2d4851a1d" relativeResultsDirectory="64ed9da2-3e2d-491e-8b11-689417cda6ab" />
    <UnitTestResult executionId="da9051f7-1245-4a1b-a2db-c594093c7201" testId="30a8f6e6-2142-3d73-ed24-70819eedb975" testName="GetRawAudioFromMicrophone" computerName="DKSR-EFI-04" duration="00:00:03.7640123" startTime="2023-12-22T09:36:01.8351339+01:00" endTime="2023-12-22T09:36:05.6007787+01:00" testType="13cdc9d9-ddb5-4fa4-a97d-d965ccfc6d4b" outcome="Passed" testListId="8c84fa94-04c1-424b-9868-57a2d4851a1d" relativeResultsDirectory="da9051f7-1245-4a1b-a2db-c594093c7201">
      <Output>
        <StdOut>Debug Trace:&#xD;
MIP: Error: GetConfiguration (): CustomSetting not found for the given platformDefinitionId: e145597a-ecaf-40a1-99e6-14bb9d45a09e&#xD;
MIP: Error: GetConfiguration (): CustomSetting not found for the given platformDefinitionId: e145597a-ecaf-40a1-99e6-14bb9d45a09e&#xD;
MIP: Error: GetConfiguration (): CustomSetting not found for the given platformDefinitionId: e145597a-ecaf-40a1-99e6-14bb9d45a09e</StdOut>
      </Output>
    </UnitTestResult>
    <UnitTestResult executionId="dd7a712b-b380-4f3e-b0f7-3c2194ded91f" testId="2bc0ce96-c350-d094-ddf7-a0dcbcc01a25" testName="StopRecording_ShouldStopRecording_WhenRecordingIsStarted" computerName="DKSR-EFI-04" duration="00:00:00.0009971" startTime="2023-12-22T09:36:47.3822520+01:00" endTime="2023-12-22T09:36:47.3822520+01:00" testType="13cdc9d9-ddb5-4fa4-a97d-d965ccfc6d4b" outcome="Passed" testListId="8c84fa94-04c1-424b-9868-57a2d4851a1d" relativeResultsDirectory="dd7a712b-b380-4f3e-b0f7-3c2194ded91f" />
    <UnitTestResult executionId="c1fd28ff-8651-4df2-b874-419af6e97e05" testId="170c026e-6a95-4bb2-d08c-c04ad61f24e2" testName="CheckToMillisecString" computerName="DKSR-EFI-04" duration="00:00:00.0086125" startTime="2023-12-22T09:36:14.6477035+01:00" endTime="2023-12-22T09:36:14.6477035+01:00" testType="13cdc9d9-ddb5-4fa4-a97d-d965ccfc6d4b" outcome="Passed" testListId="8c84fa94-04c1-424b-9868-57a2d4851a1d" relativeResultsDirectory="c1fd28ff-8651-4df2-b874-419af6e97e05" />
    <UnitTestResult executionId="b37107ee-5ee0-474c-956b-fe4ef0d38fe7" testId="09ad567a-bf9b-551a-1680-c5ab6247ecc6" testName="SchemeCompareOk" computerName="DKSR-EFI-04" duration="00:00:00.0010497" startTime="2023-12-22T09:36:14.6789527+01:00" endTime="2023-12-22T09:36:14.6789527+01:00" testType="13cdc9d9-ddb5-4fa4-a97d-d965ccfc6d4b" outcome="Passed" testListId="8c84fa94-04c1-424b-9868-57a2d4851a1d" relativeResultsDirectory="b37107ee-5ee0-474c-956b-fe4ef0d38fe7" />
    <UnitTestResult executionId="0d6be11e-12d2-40da-9c5b-2601b5b02c24" testId="48cb99ba-5270-df3c-8533-76671ff09a4c" testName="Free_ShouldNotChangeRecordingStatus_WhenRecordingIsNotStarted" computerName="DKSR-EFI-04" duration="00:00:00.0010711" startTime="2023-12-22T09:36:47.3978792+01:00" endTime="2023-12-22T09:36:47.3978792+01:00" testType="13cdc9d9-ddb5-4fa4-a97d-d965ccfc6d4b" outcome="Passed" testListId="8c84fa94-04c1-424b-9868-57a2d4851a1d" relativeResultsDirectory="0d6be11e-12d2-40da-9c5b-2601b5b02c24" />
    <UnitTestResult executionId="8f80a2fb-00df-431c-9fe7-7e730d8aba2d" testId="8539d4fd-7e67-da82-911e-4911873c1bd9" testName="GetJpegFirstSpacePath" computerName="DKSR-EFI-04" duration="00:00:09.0715871" startTime="2023-12-22T09:35:29.5380926+01:00" endTime="2023-12-22T09:35:38.6006391+01:00" testType="13cdc9d9-ddb5-4fa4-a97d-d965ccfc6d4b" outcome="Passed" testListId="8c84fa94-04c1-424b-9868-57a2d4851a1d" relativeResultsDirectory="8f80a2fb-00df-431c-9fe7-7e730d8aba2d">
      <Output>
        <StdOut>Debug Trace:&#xD;
MIP: Error: GetConfiguration (): CustomSetting not found for the given platformDefinitionId: e145597a-ecaf-40a1-99e6-14bb9d45a09e&#xD;
MIP: Error: GetConfiguration (): CustomSetting not found for the given platformDefinitionId: e145597a-ecaf-40a1-99e6-14bb9d45a09e&#xD;
MIP: Error: GetConfiguration (): CustomSetting not found for the given platformDefinitionId: e145597a-ecaf-40a1-99e6-14bb9d45a09e&#xD;
---- Stream count=0, thread=2</StdOut>
      </Output>
    </UnitTestResult>
    <UnitTestResult executionId="055ab92d-b31d-45fb-8ee4-fba2a271c2ab" testId="21868baf-ff05-ff85-7303-76deb1e29922" testName="StopRecording_ShouldDoNothing_WhenRecordingIsNotStarted" computerName="DKSR-EFI-04" duration="00:00:00.0008647" startTime="2023-12-22T09:36:47.3822520+01:00" endTime="2023-12-22T09:36:47.3822520+01:00" testType="13cdc9d9-ddb5-4fa4-a97d-d965ccfc6d4b" outcome="Passed" testListId="8c84fa94-04c1-424b-9868-57a2d4851a1d" relativeResultsDirectory="055ab92d-b31d-45fb-8ee4-fba2a271c2ab" />
  </Results>
  <TestDefinitions>
    <UnitTest name="ReloadConfiguration_WhenServerIdNull_NotCallRefreshServer" storage="d:\actions-runner\_work\xpco\xpco\mip\mipsdk\tst\videoos.platform.sdk.unittests\bin\x64\debug\net472\videoos.platform.sdk.unittests.dll" id="d389fe94-fff2-4d0c-61e3-1873fab89725">
      <Execution id="cf84b301-8584-4eed-91d2-7e743dec9993" />
      <TestMethod codeBase="D:\actions-runner\_work\XPCO\XPCO\MIP\MIPSDK\tst\VideoOS.Platform.SDK.UnitTests\bin\x64\Debug\net472\VideoOS.Platform.SDK.UnitTests.dll" adapterTypeName="executor://mstestadapter/v2" className="VideoOS.Platform.SDKUnittest.EnvironmentServiceTest" name="ReloadConfiguration_WhenServerIdNull_NotCallRefreshServer" />
    </UnitTest>
    <UnitTest name="XpcoCameraChecks" storage="d:\actions-runner\_work\xpco\xpco\mip\mipsdk\tst\videoos.platform.sdk.unittests\bin\x64\debug\net472\videoos.platform.sdk.unittests.dll" id="f71a8f3c-6ec8-1514-8d34-be3746728018">
      <Execution id="041c81c1-008d-477f-b152-bec0dae23c41" />
      <TestMethod codeBase="D:\actions-runner\_work\XPCO\XPCO\MIP\MIPSDK\tst\VideoOS.Platform.SDK.UnitTests\bin\x64\Debug\net472\VideoOS.Platform.SDK.UnitTests.dll" adapterTypeName="executor://mstestadapter/v2" className="VideoOS.Platform.SDKUnittest.Configuration.XpcoConfigurationTest" name="XpcoCameraChecks" />
    </UnitTest>
    <UnitTest name="HandleAudioData_Muted_SamplesAdded" storage="d:\actions-runner\_work\xpco\xpco\mip\mipsdk\tst\videoos.platform.sdk.unittests\bin\x64\debug\net472\videoos.platform.sdk.unittests.dll" id="b83b8ad4-ac25-cb04-0854-f08db09e6b81">
      <TestCategory>
        <TestCategoryItem TestCategory="NAudioPlayerComponent" />
      </TestCategory>
      <Execution id="30817b85-33e9-49d9-b583-af6abf932bab" />
      <TestMethod codeBase="D:\actions-runner\_work\XPCO\XPCO\MIP\MIPSDK\tst\VideoOS.Platform.SDK.UnitTests\bin\x64\Debug\net472\VideoOS.Platform.SDK.UnitTests.dll" adapterTypeName="executor://mstestadapter/v2" className="VideoOS.Platform.SDKUnittest.Audio.NAudioPlayerComponentTest" name="HandleAudioData_Muted_SamplesAdded" />
    </UnitTest>
    <UnitTest name="AddServer_WhenParentUriNotNull_UseUserCredentialCache" storage="d:\actions-runner\_work\xpco\xpco\mip\mipsdk\tst\videoos.platform.sdk.unittests\bin\x64\debug\net472\videoos.platform.sdk.unittests.dll" id="3d0614d6-566e-2a0b-aa48-d33230f47a0b">
      <Execution id="99c0fd7b-10c0-40bb-ad5b-d4d094d821cb" />
      <TestMethod codeBase="D:\actions-runner\_work\XPCO\XPCO\MIP\MIPSDK\tst\VideoOS.Platform.SDK.UnitTests\bin\x64\Debug\net472\VideoOS.Platform.SDK.UnitTests.dll" adapterTypeName="executor://mstestadapter/v2" className="VideoOS.Platform.SDKUnittest.EnvironmentServiceTest" name="AddServer_WhenParentUriNotNull_UseUserCredentialCache" />
    </UnitTest>
    <UnitTest name="XpcoMultiLoginLoadConfiguration" storage="d:\actions-runner\_work\xpco\xpco\mip\mipsdk\tst\videoos.platform.sdk.unittests\bin\x64\debug\net472\videoos.platform.sdk.unittests.dll" id="7fe1ef40-9ce0-1e32-d490-dcfb0a7df207">
      <Execution id="a22ff5d7-a188-41f6-ae0e-6dea43ae732b" />
      <TestMethod codeBase="D:\actions-runner\_work\XPCO\XPCO\MIP\MIPSDK\tst\VideoOS.Platform.SDK.UnitTests\bin\x64\Debug\net472\VideoOS.Platform.SDK.UnitTests.dll" adapterTypeName="executor://mstestadapter/v2" className="VideoOS.Platform.SDKUnittest.EnvironmentTests.MultiEnvironmentTests" name="XpcoMultiLoginLoadConfiguration" />
    </UnitTest>
    <UnitTest name="CheckToMilisecString" storage="d:\actions-runner\_work\xpco\xpco\mip\mipsdk\tst\videoos.platform.sdk.unittests\bin\x64\debug\net472\videoos.platform.sdk.unittests.dll" id="05f781d9-9be7-1af3-c443-40faaa2345fc">
      <Execution id="b2262fbb-1fbc-49a3-b291-f01e7e6e1d8f" />
      <TestMethod codeBase="D:\actions-runner\_work\XPCO\XPCO\MIP\MIPSDK\tst\VideoOS.Platform.SDK.UnitTests\bin\x64\Debug\net472\VideoOS.Platform.SDK.UnitTests.dll" adapterTypeName="executor://mstestadapter/v2" className="VideoOS.Platform.SDKUnittest.FeatureTests.TimeConverterTests" name="CheckToMilisecString" />
    </UnitTest>
    <UnitTest name="XpcoServerConnectedFail" storage="d:\actions-runner\_work\xpco\xpco\mip\mipsdk\tst\videoos.platform.sdk.unittests\bin\x64\debug\net472\videoos.platform.sdk.unittests.dll" id="cba02d2f-4f19-49c0-1575-9037f596fa95">
      <Execution id="a8fc7dd1-8fa4-455d-9961-b6d4dbf26eb6" />
      <TestMethod codeBase="D:\actions-runner\_work\XPCO\XPCO\MIP\MIPSDK\tst\VideoOS.Platform.SDK.UnitTests\bin\x64\Debug\net472\VideoOS.Platform.SDK.UnitTests.dll" adapterTypeName="executor://mstestadapter/v2" className="VideoOS.Platform.SDKUnittest.Configuration.XpcoConfigurationTest" name="XpcoServerConnectedFail" />
    </UnitTest>
    <UnitTest name="InitializeTwice_ShouldCallServiceInitOnce" storage="d:\actions-runner\_work\xpco\xpco\mip\mipsdk\tst\videoos.platform.sdk.unittests\bin\x64\debug\net472\videoos.platform.sdk.unittests.dll" id="13db86b8-d705-e0c0-8e48-91f126870b66">
      <Execution id="3632b5b1-714e-47ac-84ad-259b5d6933fb" />
      <TestMethod codeBase="D:\actions-runner\_work\XPCO\XPCO\MIP\MIPSDK\tst\VideoOS.Platform.SDK.UnitTests\bin\x64\Debug\net472\VideoOS.Platform.SDK.UnitTests.dll" adapterTypeName="executor://mstestadapter/v2" className="VideoOS.Platform.SDKUnittest.EnvironmentTest" name="InitializeTwice_ShouldCallServiceInitOnce" />
    </UnitTest>
    <UnitTest name="Initialize_ShouldNotSetApplicationStateOn" storage="d:\actions-runner\_work\xpco\xpco\mip\mipsdk\tst\videoos.platform.sdk.unittests\bin\x64\debug\net472\videoos.platform.sdk.unittests.dll" id="56d2e303-9191-fd62-30a9-ea9298b86cd6">
      <Execution id="2ef68fd6-8418-4706-baf5-7c8e278fef17" />
      <TestMethod codeBase="D:\actions-runner\_work\XPCO\XPCO\MIP\MIPSDK\tst\VideoOS.Platform.SDK.UnitTests\bin\x64\Debug\net472\VideoOS.Platform.SDK.UnitTests.dll" adapterTypeName="executor://mstestadapter/v2" className="VideoOS.Platform.SDKUnittest.EnvironmentTest" name="Initialize_ShouldNotSetApplicationStateOn" />
    </UnitTest>
    <UnitTest name="CheckBaseTime1970FromDouble" storage="d:\actions-runner\_work\xpco\xpco\mip\mipsdk\tst\videoos.platform.sdk.unittests\bin\x64\debug\net472\videoos.platform.sdk.unittests.dll" id="e630de82-fafd-ad10-afe7-e93e9dd1df87">
      <Execution id="5430718d-f1d0-43a2-ae47-e7e0f2ab7a9d" />
      <TestMethod codeBase="D:\actions-runner\_work\XPCO\XPCO\MIP\MIPSDK\tst\VideoOS.Platform.SDK.UnitTests\bin\x64\Debug\net472\VideoOS.Platform.SDK.UnitTests.dll" adapterTypeName="executor://mstestadapter/v2" className="VideoOS.Platform.SDKUnittest.FeatureTests.TimeConverterTests" name="CheckBaseTime1970FromDouble" />
    </UnitTest>
    <UnitTest name="Givent_MessageContainingEventWithData_When_CallingGetDataOfCorrectType_Then_ACompleteObjectIsReturned" storage="d:\actions-runner\_work\xpco\xpco\mip\mipsdk\tst\videoos.platform.sdk.unittests\bin\x64\debug\net472\videoos.platform.sdk.unittests.dll" id="58703ce4-1c67-ed97-f1a4-1af1a3003de0">
      <Execution id="7182efe4-06f9-4f33-983c-3a8db573522e" />
      <TestMethod codeBase="D:\actions-runner\_work\XPCO\XPCO\MIP\MIPSDK\tst\VideoOS.Platform.SDK.UnitTests\bin\x64\Debug\net472\VideoOS.Platform.SDK.UnitTests.dll" adapterTypeName="executor://mstestadapter/v2" className="VideoOS.Platform.SDKUnittest.EventsAndState.SerializationTests" name="Givent_MessageContainingEventWithData_When_CallingGetDataOfCorrectType_Then_ACompleteObjectIsReturned" />
    </UnitTest>
    <UnitTest name="Reset_Success" storage="d:\actions-runner\_work\xpco\xpco\mip\mipsdk\tst\videoos.platform.sdk.unittests\bin\x64\debug\net472\videoos.platform.sdk.unittests.dll" id="40843798-41bf-fb8a-959c-ba732aa831ed">
      <Execution id="b14de125-0efe-4096-bb94-5e7ce5ba507d" />
      <TestMethod codeBase="D:\actions-runner\_work\XPCO\XPCO\MIP\MIPSDK\tst\VideoOS.Platform.SDK.UnitTests\bin\x64\Debug\net472\VideoOS.Platform.SDK.UnitTests.dll" adapterTypeName="executor://mstestadapter/v2" className="VideoOS.Platform.SDKUnittest.EnvironmentServiceTest" name="Reset_Success" />
    </UnitTest>
    <UnitTest name="Givent_MessageContainingEventWithData_When_ConvertingToEvents_Then_NoElementsAreOfNewtonSoftJsonType" storage="d:\actions-runner\_work\xpco\xpco\mip\mipsdk\tst\videoos.platform.sdk.unittests\bin\x64\debug\net472\videoos.platform.sdk.unittests.dll" id="08174d10-eed4-6921-ad50-4948b695fb55">
      <Execution id="3d7a5900-64e6-4f16-9b42-65c84aa45e2b" />
      <TestMethod codeBase="D:\actions-runner\_work\XPCO\XPCO\MIP\MIPSDK\tst\VideoOS.Platform.SDK.UnitTests\bin\x64\Debug\net472\VideoOS.Platform.SDK.UnitTests.dll" adapterTypeName="executor://mstestadapter/v2" className="VideoOS.Platform.SDKUnittest.EventsAndState.SerializationTests" name="Givent_MessageContainingEventWithData_When_ConvertingToEvents_Then_NoElementsAreOfNewtonSoftJsonType" />
    </UnitTest>
    <UnitTest name="Given_Connected_When_GetCurrentStateSuccesful_Then_StatesAreReturned" storage="d:\actions-runner\_work\xpco\xpco\mip\mipsdk\tst\videoos.platform.sdk.unittests\bin\x64\debug\net472\videoos.platform.sdk.unittests.dll" id="6c2774fd-5517-8aea-be70-fd37a3cf85af">
      <Execution id="03143f94-af9a-4997-a1ea-0c20a0627049" />
      <TestMethod codeBase="D:\actions-runner\_work\XPCO\XPCO\MIP\MIPSDK\tst\VideoOS.Platform.SDK.UnitTests\bin\x64\Debug\net472\VideoOS.Platform.SDK.UnitTests.dll" adapterTypeName="executor://mstestadapter/v2" className="VideoOS.Platform.SDKUnittest.EventsAndState.EventsAndStateClientTest" name="Given_Connected_When_GetCurrentStateSuccesful_Then_StatesAreReturned" />
    </UnitTest>
    <UnitTest name="ConnectUsingConfiguration_NotCurrentlyPlaying_Success" storage="d:\actions-runner\_work\xpco\xpco\mip\mipsdk\tst\videoos.platform.sdk.unittests\bin\x64\debug\net472\videoos.platform.sdk.unittests.dll" id="5519d1bd-8158-0fd7-095a-0bdee9a3940c">
      <TestCategory>
        <TestCategoryItem TestCategory="NAudioPlayerComponent" />
      </TestCategory>
      <Execution id="45cfd528-f460-495e-8f57-6e463bd5836a" />
      <TestMethod codeBase="D:\actions-runner\_work\XPCO\XPCO\MIP\MIPSDK\tst\VideoOS.Platform.SDK.UnitTests\bin\x64\Debug\net472\VideoOS.Platform.SDK.UnitTests.dll" adapterTypeName="executor://mstestadapter/v2" className="VideoOS.Platform.SDKUnittest.Audio.NAudioPlayerComponentTest" name="ConnectUsingConfiguration_NotCurrentlyPlaying_Success" />
    </UnitTest>
    <UnitTest name="XpcoMultiUserLoginSuccess" storage="d:\actions-runner\_work\xpco\xpco\mip\mipsdk\tst\videoos.platform.sdk.unittests\bin\x64\debug\net472\videoos.platform.sdk.unittests.dll" id="b0b9d0a0-9158-c0ad-cbda-c08da553577d">
      <Execution id="587323c7-6094-46b8-9b2a-98687e9a4faf" />
      <TestMethod codeBase="D:\actions-runner\_work\XPCO\XPCO\MIP\MIPSDK\tst\VideoOS.Platform.SDK.UnitTests\bin\x64\Debug\net472\VideoOS.Platform.SDK.UnitTests.dll" adapterTypeName="executor://mstestadapter/v2" className="VideoOS.Platform.SDKUnittest.EnvironmentTests.MultiUserEnvironmentTests" name="XpcoMultiUserLoginSuccess" />
    </UnitTest>
    <UnitTest name="Contains_Correct" storage="d:\actions-runner\_work\xpco\xpco\mip\mipsdk\tst\videoos.platform.sdk.unittests\bin\x64\debug\net472\videoos.platform.sdk.unittests.dll" id="3ef0c418-2089-c3e6-4e94-e0341e36e810">
      <Execution id="ae3107a1-8089-4cbb-b8cf-0a6001440bb9" />
      <TestMethod codeBase="D:\actions-runner\_work\XPCO\XPCO\MIP\MIPSDK\tst\VideoOS.Platform.SDK.UnitTests\bin\x64\Debug\net472\VideoOS.Platform.SDK.UnitTests.dll" adapterTypeName="executor://mstestadapter/v2" className="VideoOS.Platform.SDKUnittest.Facades.LoginSettingsCacheFacadeTest" name="Contains_Correct" />
    </UnitTest>
    <UnitTest name="GetRawAudioFromMicrophone" storage="d:\actions-runner\_work\xpco\xpco\mip\mipsdk\tst\videoos.platform.sdk.unittests\bin\x64\debug\net472\videoos.platform.sdk.unittests.dll" id="30a8f6e6-2142-3d73-ed24-70819eedb975">
      <Execution id="da9051f7-1245-4a1b-a2db-c594093c7201" />
      <TestMethod codeBase="D:\actions-runner\_work\XPCO\XPCO\MIP\MIPSDK\tst\VideoOS.Platform.SDK.UnitTests\bin\x64\Debug\net472\VideoOS.Platform.SDK.UnitTests.dll" adapterTypeName="executor://mstestadapter/v2" className="VideoOS.Platform.SDKUnittest.VideoTest.MediaTests" name="GetRawAudioFromMicrophone" />
    </UnitTest>
    <UnitTest name="DomainCompareFail" storage="d:\actions-runner\_work\xpco\xpco\mip\mipsdk\tst\videoos.platform.sdk.unittests\bin\x64\debug\net472\videoos.platform.sdk.unittests.dll" id="c46fb142-69b0-d140-f581-d0b790df6efa">
      <Execution id="983ce6aa-b27b-44bb-a129-ed5b8304de23" />
      <TestMethod codeBase="D:\actions-runner\_work\XPCO\XPCO\MIP\MIPSDK\tst\VideoOS.Platform.SDK.UnitTests\bin\x64\Debug\net472\VideoOS.Platform.SDK.UnitTests.dll" adapterTypeName="executor://mstestadapter/v2" className="VideoOS.Platform.SDKUnittest.FeatureTests.UriUtilTest" name="DomainCompareFail" />
    </UnitTest>
    <UnitTest name="Given_Nothing_When_EventHandlerIsCreated_Then_ItRegistersItselfToTheMessageDispatcher" storage="d:\actions-runner\_work\xpco\xpco\mip\mipsdk\tst\videoos.platform.sdk.unittests\bin\x64\debug\net472\videoos.platform.sdk.unittests.dll" id="3512c4ea-c42c-dc19-86d1-3085820f9234">
      <Execution id="17388bf6-d40f-4447-9a54-f9f9c8712517" />
      <TestMethod codeBase="D:\actions-runner\_work\XPCO\XPCO\MIP\MIPSDK\tst\VideoOS.Platform.SDK.UnitTests\bin\x64\Debug\net472\VideoOS.Platform.SDK.UnitTests.dll" adapterTypeName="executor://mstestadapter/v2" className="VideoOS.Platform.SDKUnittest.EventsAndState.EventHandlerTest" name="Given_Nothing_When_EventHandlerIsCreated_Then_ItRegistersItselfToTheMessageDispatcher" />
    </UnitTest>
    <UnitTest name="Unitialize_ShouldCallServiceReset" storage="d:\actions-runner\_work\xpco\xpco\mip\mipsdk\tst\videoos.platform.sdk.unittests\bin\x64\debug\net472\videoos.platform.sdk.unittests.dll" id="ba5b86d5-401c-4e0a-f138-2c19e1e02c7f">
      <Execution id="36526444-fc37-42a6-8dae-fa4800b10cc1" />
      <TestMethod codeBase="D:\actions-runner\_work\XPCO\XPCO\MIP\MIPSDK\tst\VideoOS.Platform.SDK.UnitTests\bin\x64\Debug\net472\VideoOS.Platform.SDK.UnitTests.dll" adapterTypeName="executor://mstestadapter/v2" className="VideoOS.Platform.SDKUnittest.EnvironmentTest" name="Unitialize_ShouldCallServiceReset" />
    </UnitTest>
    <UnitTest name="IgnoreDomainCompareOk" storage="d:\actions-runner\_work\xpco\xpco\mip\mipsdk\tst\videoos.platform.sdk.unittests\bin\x64\debug\net472\videoos.platform.sdk.unittests.dll" id="0762669f-0ef8-d6fa-dd94-0659f0ba0a43">
      <Execution id="b750a8c6-bcb1-4805-adc5-b23dc178c116" />
      <TestMethod codeBase="D:\actions-runner\_work\XPCO\XPCO\MIP\MIPSDK\tst\VideoOS.Platform.SDK.UnitTests\bin\x64\Debug\net472\VideoOS.Platform.SDK.UnitTests.dll" adapterTypeName="executor://mstestadapter/v2" className="VideoOS.Platform.SDKUnittest.FeatureTests.UriUtilTest" name="IgnoreDomainCompareOk" />
    </UnitTest>
    <UnitTest name="StopRecording_ShouldDoNothing_WhenRecordingIsNotStarted" storage="d:\actions-runner\_work\xpco\xpco\mip\mipsdk\tst\videoos.platform.sdk.unittests\bin\x64\debug\net472\videoos.platform.sdk.unittests.dll" id="21868baf-ff05-ff85-7303-76deb1e29922">
      <TestCategory>
        <TestCategoryItem TestCategory="AudioRecorder" />
      </TestCategory>
      <Execution id="055ab92d-b31d-45fb-8ee4-fba2a271c2ab" />
      <TestMethod codeBase="D:\actions-runner\_work\XPCO\XPCO\MIP\MIPSDK\tst\VideoOS.Platform.SDK.UnitTests\bin\x64\Debug\net472\VideoOS.Platform.SDK.UnitTests.dll" adapterTypeName="executor://mstestadapter/v2" className="VideoOS.Platform.SDKUnittest.Audio.AudioRecorderTests" name="StopRecording_ShouldDoNothing_WhenRecordingIsNotStarted" />
    </UnitTest>
    <UnitTest name="Logout_Success" storage="d:\actions-runner\_work\xpco\xpco\mip\mipsdk\tst\videoos.platform.sdk.unittests\bin\x64\debug\net472\videoos.platform.sdk.unittests.dll" id="f9063bff-e7ba-c028-46f9-189d14a707c0">
      <Execution id="b22a1acf-b64c-4b09-af69-d720b00f6594" />
      <TestMethod codeBase="D:\actions-runner\_work\XPCO\XPCO\MIP\MIPSDK\tst\VideoOS.Platform.SDK.UnitTests\bin\x64\Debug\net472\VideoOS.Platform.SDK.UnitTests.dll" adapterTypeName="executor://mstestadapter/v2" className="VideoOS.Platform.SDKUnittest.EnvironmentServiceTest" name="Logout_Success" />
    </UnitTest>
    <UnitTest name="Given_Nothing_When_ConnectUnSuccessful_Then_AnExceptionIsThrown" storage="d:\actions-runner\_work\xpco\xpco\mip\mipsdk\tst\videoos.platform.sdk.unittests\bin\x64\debug\net472\videoos.platform.sdk.unittests.dll" id="ccb2b6db-3973-b90d-56a9-3d38c12b2b8f">
      <Execution id="6b48d073-c360-4d8b-bf6c-329af71092ff" />
      <TestMethod codeBase="D:\actions-runner\_work\XPCO\XPCO\MIP\MIPSDK\tst\VideoOS.Platform.SDK.UnitTests\bin\x64\Debug\net472\VideoOS.Platform.SDK.UnitTests.dll" adapterTypeName="executor://mstestadapter/v2" className="VideoOS.Platform.SDKUnittest.EventsAndState.EventsAndStateClientTest" name="Given_Nothing_When_ConnectUnSuccessful_Then_AnExceptionIsThrown" />
    </UnitTest>
    <UnitTest name="GetBitmapFirst" storage="d:\actions-runner\_work\xpco\xpco\mip\mipsdk\tst\videoos.platform.sdk.unittests\bin\x64\debug\net472\videoos.platform.sdk.unittests.dll" id="2103768b-e3ae-bb7b-a558-43eb22b0beac">
      <Execution id="bae77ee8-d1ca-471f-a7c0-acd4bd51ff21" />
      <TestMethod codeBase="D:\actions-runner\_work\XPCO\XPCO\MIP\MIPSDK\tst\VideoOS.Platform.SDK.UnitTests\bin\x64\Debug\net472\VideoOS.Platform.SDK.UnitTests.dll" adapterTypeName="executor://mstestadapter/v2" className="VideoOS.Platform.SDKUnittest.VideoTest.MediaTests" name="GetBitmapFirst" />
    </UnitTest>
    <UnitTest name="AddServer_WhenParentUriNull_UseCredentialCache" storage="d:\actions-runner\_work\xpco\xpco\mip\mipsdk\tst\videoos.platform.sdk.unittests\bin\x64\debug\net472\videoos.platform.sdk.unittests.dll" id="1558a173-bd2e-9fca-670c-2c3987fbd631">
      <Execution id="af7699e2-1a3d-4b45-a9aa-21f2cdb1a0a0" />
      <TestMethod codeBase="D:\actions-runner\_work\XPCO\XPCO\MIP\MIPSDK\tst\VideoOS.Platform.SDK.UnitTests\bin\x64\Debug\net472\VideoOS.Platform.SDK.UnitTests.dll" adapterTypeName="executor://mstestadapter/v2" className="VideoOS.Platform.SDKUnittest.EnvironmentServiceTest" name="AddServer_WhenParentUriNull_UseCredentialCache" />
    </UnitTest>
    <UnitTest name="Given_Nothing_When_SendingTheSessionThroughAllStates_Then_ConnectionStatesAreSendAndPropertyUpdated2" storage="d:\actions-runner\_work\xpco\xpco\mip\mipsdk\tst\videoos.platform.sdk.unittests\bin\x64\debug\net472\videoos.platform.sdk.unittests.dll" id="27438331-c0fe-4d15-65b5-fb3f4b12375a">
      <Execution id="7a14a4fd-6b8a-478d-b415-b96cb1830bbf" />
      <TestMethod codeBase="D:\actions-runner\_work\XPCO\XPCO\MIP\MIPSDK\tst\VideoOS.Platform.SDK.UnitTests\bin\x64\Debug\net472\VideoOS.Platform.SDK.UnitTests.dll" adapterTypeName="executor://mstestadapter/v2" className="VideoOS.Platform.SDKUnittest.EventsAndState.EventsAndStateSessionTest" name="Given_Nothing_When_SendingTheSessionThroughAllStates_Then_ConnectionStatesAreSendAndPropertyUpdated2" />
    </UnitTest>
    <UnitTest name="LoginWithRegistration_Success" storage="d:\actions-runner\_work\xpco\xpco\mip\mipsdk\tst\videoos.platform.sdk.unittests\bin\x64\debug\net472\videoos.platform.sdk.unittests.dll" id="23cb9265-dcc3-9671-caf3-1996fff5aba1">
      <Execution id="cc4fdf10-f998-462c-a956-0d388d6ac13a" />
      <TestMethod codeBase="D:\actions-runner\_work\XPCO\XPCO\MIP\MIPSDK\tst\VideoOS.Platform.SDK.UnitTests\bin\x64\Debug\net472\VideoOS.Platform.SDK.UnitTests.dll" adapterTypeName="executor://mstestadapter/v2" className="VideoOS.Platform.SDKUnittest.EnvironmentServiceTest" name="LoginWithRegistration_Success" />
    </UnitTest>
    <UnitTest name="Free_ShouldNotChangeRecordingStatus_WhenRecordingIsStopped" storage="d:\actions-runner\_work\xpco\xpco\mip\mipsdk\tst\videoos.platform.sdk.unittests\bin\x64\debug\net472\videoos.platform.sdk.unittests.dll" id="b65005d3-1361-e0b7-9c4d-43d19b2fd72f">
      <TestCategory>
        <TestCategoryItem TestCategory="AudioRecorder" />
      </TestCategory>
      <Execution id="09b8156b-d1ad-45dd-8e28-9f555ca2ed7b" />
      <TestMethod codeBase="D:\actions-runner\_work\XPCO\XPCO\MIP\MIPSDK\tst\VideoOS.Platform.SDK.UnitTests\bin\x64\Debug\net472\VideoOS.Platform.SDK.UnitTests.dll" adapterTypeName="executor://mstestadapter/v2" className="VideoOS.Platform.SDKUnittest.Audio.AudioRecorderTests" name="Free_ShouldNotChangeRecordingStatus_WhenRecordingIsStopped" />
    </UnitTest>
    <UnitTest name="Given_TwoPendingCommands_When_ReceivingResponsesForBothCommans_Then_ResponsesArePairedWithCorrectCommand" storage="d:\actions-runner\_work\xpco\xpco\mip\mipsdk\tst\videoos.platform.sdk.unittests\bin\x64\debug\net472\videoos.platform.sdk.unittests.dll" id="7a5a60cf-65df-425a-ef34-31b7542d0324">
      <Execution id="d738ef2b-9648-461c-8bb0-3160c0332ca5" />
      <TestMethod codeBase="D:\actions-runner\_work\XPCO\XPCO\MIP\MIPSDK\tst\VideoOS.Platform.SDK.UnitTests\bin\x64\Debug\net472\VideoOS.Platform.SDK.UnitTests.dll" adapterTypeName="executor://mstestadapter/v2" className="VideoOS.Platform.SDKUnittest.EventsAndState.CommandHandlerTest" name="Given_TwoPendingCommands_When_ReceivingResponsesForBothCommans_Then_ResponsesArePairedWithCorrectCommand" />
    </UnitTest>
    <UnitTest name="XpcoSiteInfoUriNoSuccessActiveDirectory" storage="d:\actions-runner\_work\xpco\xpco\mip\mipsdk\tst\videoos.platform.sdk.unittests\bin\x64\debug\net472\videoos.platform.sdk.unittests.dll" id="f232c283-5c67-bba8-153c-a9bb7624a0ae">
      <Execution id="0fce76b6-dbea-4b42-91e3-cce6282ec961" />
      <TestMethod codeBase="D:\actions-runner\_work\XPCO\XPCO\MIP\MIPSDK\tst\VideoOS.Platform.SDK.UnitTests\bin\x64\Debug\net472\VideoOS.Platform.SDK.UnitTests.dll" adapterTypeName="executor://mstestadapter/v2" className="VideoOS.Platform.SDKUnittest.EnvironmentTests.MultiEnvironmentTests" name="XpcoSiteInfoUriNoSuccessActiveDirectory" />
    </UnitTest>
    <UnitTest name="XpcoSiteInfoUri" storage="d:\actions-runner\_work\xpco\xpco\mip\mipsdk\tst\videoos.platform.sdk.unittests\bin\x64\debug\net472\videoos.platform.sdk.unittests.dll" id="8ffc533e-dbe2-a04a-622a-b6eb34e0e1a2">
      <Execution id="c0b2c07a-8590-4b13-ac4e-594c875f619f" />
      <TestMethod codeBase="D:\actions-runner\_work\XPCO\XPCO\MIP\MIPSDK\tst\VideoOS.Platform.SDK.UnitTests\bin\x64\Debug\net472\VideoOS.Platform.SDK.UnitTests.dll" adapterTypeName="executor://mstestadapter/v2" className="VideoOS.Platform.SDKUnittest.EnvironmentTests.MultiEnvironmentTests" name="XpcoSiteInfoUri" />
    </UnitTest>
    <UnitTest name="HandleStateChanged_StateReconnectedWhilePlayingLive_ConnectedIsTrueAndEventFiredAndLiveAudioRestarted" storage="d:\actions-runner\_work\xpco\xpco\mip\mipsdk\tst\videoos.platform.sdk.unittests\bin\x64\debug\net472\videoos.platform.sdk.unittests.dll" id="8bf87499-b2a7-b230-9a08-9f844ded294c">
      <TestCategory>
        <TestCategoryItem TestCategory="NAudioPlayerComponent" />
      </TestCategory>
      <Execution id="44aa0c45-3659-48ff-917c-ba7efc8a8c58" />
      <TestMethod codeBase="D:\actions-runner\_work\XPCO\XPCO\MIP\MIPSDK\tst\VideoOS.Platform.SDK.UnitTests\bin\x64\Debug\net472\VideoOS.Platform.SDK.UnitTests.dll" adapterTypeName="executor://mstestadapter/v2" className="VideoOS.Platform.SDKUnittest.Audio.NAudioPlayerComponentTest" name="HandleStateChanged_StateReconnectedWhilePlayingLive_ConnectedIsTrueAndEventFiredAndLiveAudioRestarted" />
    </UnitTest>
    <UnitTest name="AddServer_WithCredentialCache_MasterOnlyTrue_CorrectlyPassed" storage="d:\actions-runner\_work\xpco\xpco\mip\mipsdk\tst\videoos.platform.sdk.unittests\bin\x64\debug\net472\videoos.platform.sdk.unittests.dll" id="92a0043a-eb95-e604-ef36-165e1d731356">
      <Execution id="acb561ec-9e33-41f9-be5a-780129b45254" />
      <TestMethod codeBase="D:\actions-runner\_work\XPCO\XPCO\MIP\MIPSDK\tst\VideoOS.Platform.SDK.UnitTests\bin\x64\Debug\net472\VideoOS.Platform.SDK.UnitTests.dll" adapterTypeName="executor://mstestadapter/v2" className="VideoOS.Platform.SDKUnittest.EnvironmentServiceTest" name="AddServer_WithCredentialCache_MasterOnlyTrue_CorrectlyPassed" />
    </UnitTest>
    <UnitTest name="Login_WhenNotLoggedIn_NoLastException_ThrowDefaultException" storage="d:\actions-runner\_work\xpco\xpco\mip\mipsdk\tst\videoos.platform.sdk.unittests\bin\x64\debug\net472\videoos.platform.sdk.unittests.dll" id="0bbb508b-fd28-af7a-61a4-81cd8ad41d08">
      <Execution id="b043e382-5e56-4848-a9a5-1f799baa6407" />
      <TestMethod codeBase="D:\actions-runner\_work\XPCO\XPCO\MIP\MIPSDK\tst\VideoOS.Platform.SDK.UnitTests\bin\x64\Debug\net472\VideoOS.Platform.SDK.UnitTests.dll" adapterTypeName="executor://mstestadapter/v2" className="VideoOS.Platform.SDKUnittest.EnvironmentServiceTest" name="Login_WhenNotLoggedIn_NoLastException_ThrowDefaultException" />
    </UnitTest>
    <UnitTest name="XpcoLoadSiteItemWithServerAdded" storage="d:\actions-runner\_work\xpco\xpco\mip\mipsdk\tst\videoos.platform.sdk.unittests\bin\x64\debug\net472\videoos.platform.sdk.unittests.dll" id="6d93dbe9-2cce-d9d5-7c9f-910853d500ab">
      <Execution id="d9a1e7bb-09bf-478b-84db-6ab4f767359c" />
      <TestMethod codeBase="D:\actions-runner\_work\XPCO\XPCO\MIP\MIPSDK\tst\VideoOS.Platform.SDK.UnitTests\bin\x64\Debug\net472\VideoOS.Platform.SDK.UnitTests.dll" adapterTypeName="executor://mstestadapter/v2" className="VideoOS.Platform.SDKUnittest.Configuration.XpcoConfigurationTest" name="XpcoLoadSiteItemWithServerAdded" />
    </UnitTest>
    <UnitTest name="StripXmlHeader_WhenEmptyString_ReturnsEmpty" storage="d:\actions-runner\_work\xpco\xpco\mip\mipsdk\tst\videoos.platform.sdk.unittests\bin\x64\debug\net472\videoos.platform.sdk.unittests.dll" id="704ef10a-b575-fe4f-2673-b021ecba942f">
      <Execution id="829896f9-4712-43f7-a867-4035f911e927" />
      <TestMethod codeBase="D:\actions-runner\_work\XPCO\XPCO\MIP\MIPSDK\tst\VideoOS.Platform.SDK.UnitTests\bin\x64\Debug\net472\VideoOS.Platform.SDK.UnitTests.dll" adapterTypeName="executor://mstestadapter/v2" className="VideoOS.Platform.SDKUnittest.Util.ConfigUtilTest" name="StripXmlHeader_WhenEmptyString_ReturnsEmpty" />
    </UnitTest>
    <UnitTest name="MergeCredentialCache_WhenBasicAuth_Merges" storage="d:\actions-runner\_work\xpco\xpco\mip\mipsdk\tst\videoos.platform.sdk.unittests\bin\x64\debug\net472\videoos.platform.sdk.unittests.dll" id="a8963d66-96b1-b26d-9572-0832732d3cea">
      <Execution id="54488796-3fb4-4927-ac19-67a86386686c" />
      <TestMethod codeBase="D:\actions-runner\_work\XPCO\XPCO\MIP\MIPSDK\tst\VideoOS.Platform.SDK.UnitTests\bin\x64\Debug\net472\VideoOS.Platform.SDK.UnitTests.dll" adapterTypeName="executor://mstestadapter/v2" className="VideoOS.Platform.SDKUnittest.PlatformTests.CredentialCacheServiceTest" name="MergeCredentialCache_WhenBasicAuth_Merges" />
    </UnitTest>
    <UnitTest name="GetJpegFirstNetworkDb" storage="d:\actions-runner\_work\xpco\xpco\mip\mipsdk\tst\videoos.platform.sdk.unittests\bin\x64\debug\net472\videoos.platform.sdk.unittests.dll" id="4268d692-ba59-3896-72d4-485c21f3df3f">
      <Execution id="87b2059d-486a-47b3-87a7-f923e7741583" />
      <TestMethod codeBase="D:\actions-runner\_work\XPCO\XPCO\MIP\MIPSDK\tst\VideoOS.Platform.SDK.UnitTests\bin\x64\Debug\net472\VideoOS.Platform.SDK.UnitTests.dll" adapterTypeName="executor://mstestadapter/v2" className="VideoOS.Platform.SDKUnittest.VideoTest.MediaTests" name="GetJpegFirstNetworkDb" />
    </UnitTest>
    <UnitTest name="PlaybackStart_Connected_DelegatesCallsToToolkit" storage="d:\actions-runner\_work\xpco\xpco\mip\mipsdk\tst\videoos.platform.sdk.unittests\bin\x64\debug\net472\videoos.platform.sdk.unittests.dll" id="83cbf933-84bf-7103-92a3-8f3ecb1d233c">
      <TestCategory>
        <TestCategoryItem TestCategory="NAudioPlayerComponent" />
      </TestCategory>
      <Execution id="9d53cbfa-ca71-4ef9-9c8b-e0f6e95f1009" />
      <TestMethod codeBase="D:\actions-runner\_work\XPCO\XPCO\MIP\MIPSDK\tst\VideoOS.Platform.SDK.UnitTests\bin\x64\Debug\net472\VideoOS.Platform.SDK.UnitTests.dll" adapterTypeName="executor://mstestadapter/v2" className="VideoOS.Platform.SDKUnittest.Audio.NAudioPlayerComponentTest" name="PlaybackStart_Connected_DelegatesCallsToToolkit" />
    </UnitTest>
    <UnitTest name="XpcoAddServerViaSiteItem" storage="d:\actions-runner\_work\xpco\xpco\mip\mipsdk\tst\videoos.platform.sdk.unittests\bin\x64\debug\net472\videoos.platform.sdk.unittests.dll" id="a251cec6-75d2-c3ac-bfd1-10289d5753e0">
      <Execution id="8cd8c040-becc-4738-b486-f1661b4ba98b" />
      <TestMethod codeBase="D:\actions-runner\_work\XPCO\XPCO\MIP\MIPSDK\tst\VideoOS.Platform.SDK.UnitTests\bin\x64\Debug\net472\VideoOS.Platform.SDK.UnitTests.dll" adapterTypeName="executor://mstestadapter/v2" className="VideoOS.Platform.SDKUnittest.Configuration.XpcoConfigurationTest" name="XpcoAddServerViaSiteItem" />
    </UnitTest>
    <UnitTest name="RemoveServer_WithIdWhenLoginSettingsNull_Correct" storage="d:\actions-runner\_work\xpco\xpco\mip\mipsdk\tst\videoos.platform.sdk.unittests\bin\x64\debug\net472\videoos.platform.sdk.unittests.dll" id="a3bd6fcc-4145-24ec-1080-3545ed86b8b7">
      <Execution id="87b9c660-7a19-456f-9e95-a738659f781f" />
      <TestMethod codeBase="D:\actions-runner\_work\XPCO\XPCO\MIP\MIPSDK\tst\VideoOS.Platform.SDK.UnitTests\bin\x64\Debug\net472\VideoOS.Platform.SDK.UnitTests.dll" adapterTypeName="executor://mstestadapter/v2" className="VideoOS.Platform.SDKUnittest.EnvironmentServiceTest" name="RemoveServer_WithIdWhenLoginSettingsNull_Correct" />
    </UnitTest>
    <UnitTest name="CheckToLong" storage="d:\actions-runner\_work\xpco\xpco\mip\mipsdk\tst\videoos.platform.sdk.unittests\bin\x64\debug\net472\videoos.platform.sdk.unittests.dll" id="ee90d5bb-7cd0-4c31-23ba-b62d71f38c15">
      <Execution id="7de42b9c-0c16-4d31-b4e7-012398cef588" />
      <TestMethod codeBase="D:\actions-runner\_work\XPCO\XPCO\MIP\MIPSDK\tst\VideoOS.Platform.SDK.UnitTests\bin\x64\Debug\net472\VideoOS.Platform.SDK.UnitTests.dll" adapterTypeName="executor://mstestadapter/v2" className="VideoOS.Platform.SDKUnittest.FeatureTests.TimeConverterTests" name="CheckToLong" />
    </UnitTest>
    <UnitTest name="GetJpegFirst" storage="d:\actions-runner\_work\xpco\xpco\mip\mipsdk\tst\videoos.platform.sdk.unittests\bin\x64\debug\net472\videoos.platform.sdk.unittests.dll" id="b6dd1d7b-fa80-5930-3fa2-3201c6345ce9">
      <Execution id="39d3f811-52e5-46e7-ac54-1435cce91f0b" />
      <TestMethod codeBase="D:\actions-runner\_work\XPCO\XPCO\MIP\MIPSDK\tst\VideoOS.Platform.SDK.UnitTests\bin\x64\Debug\net472\VideoOS.Platform.SDK.UnitTests.dll" adapterTypeName="executor://mstestadapter/v2" className="VideoOS.Platform.SDKUnittest.VideoTest.MediaTests" name="GetJpegFirst" />
    </UnitTest>
    <UnitTest name="LiveStart_AlreadyPlayingLive_AvoidsToolkitReentry" storage="d:\actions-runner\_work\xpco\xpco\mip\mipsdk\tst\videoos.platform.sdk.unittests\bin\x64\debug\net472\videoos.platform.sdk.unittests.dll" id="efb5b669-69b9-a95a-d1ac-b0ef16a5052e">
      <TestCategory>
        <TestCategoryItem TestCategory="NAudioPlayerComponent" />
      </TestCategory>
      <Execution id="72ba527f-fdd5-4eaf-a3c9-0c391651e698" />
      <TestMethod codeBase="D:\actions-runner\_work\XPCO\XPCO\MIP\MIPSDK\tst\VideoOS.Platform.SDK.UnitTests\bin\x64\Debug\net472\VideoOS.Platform.SDK.UnitTests.dll" adapterTypeName="executor://mstestadapter/v2" className="VideoOS.Platform.SDKUnittest.Audio.NAudioPlayerComponentTest" name="LiveStart_AlreadyPlayingLive_AvoidsToolkitReentry" />
    </UnitTest>
    <UnitTest name="StopRecording_ShouldDoNothing_WhenRecordingIsAlreadyStopped" storage="d:\actions-runner\_work\xpco\xpco\mip\mipsdk\tst\videoos.platform.sdk.unittests\bin\x64\debug\net472\videoos.platform.sdk.unittests.dll" id="0692d415-cb51-e036-3177-b14298f4c3a2">
      <TestCategory>
        <TestCategoryItem TestCategory="AudioRecorder" />
      </TestCategory>
      <Execution id="046aec05-f978-4881-8970-0de5ce7caa87" />
      <TestMethod codeBase="D:\actions-runner\_work\XPCO\XPCO\MIP\MIPSDK\tst\VideoOS.Platform.SDK.UnitTests\bin\x64\Debug\net472\VideoOS.Platform.SDK.UnitTests.dll" adapterTypeName="executor://mstestadapter/v2" className="VideoOS.Platform.SDKUnittest.Audio.AudioRecorderTests" name="StopRecording_ShouldDoNothing_WhenRecordingIsAlreadyStopped" />
    </UnitTest>
    <UnitTest name="InitializeUnitializeInitialize_ShouldCallServiceInitTwice" storage="d:\actions-runner\_work\xpco\xpco\mip\mipsdk\tst\videoos.platform.sdk.unittests\bin\x64\debug\net472\videoos.platform.sdk.unittests.dll" id="4df6750c-aff6-44b1-13dd-4de227a8986b">
      <Execution id="9bfb2711-2f8e-40de-a4c3-e2a80aba0398" />
      <TestMethod codeBase="D:\actions-runner\_work\XPCO\XPCO\MIP\MIPSDK\tst\VideoOS.Platform.SDK.UnitTests\bin\x64\Debug\net472\VideoOS.Platform.SDK.UnitTests.dll" adapterTypeName="executor://mstestadapter/v2" className="VideoOS.Platform.SDKUnittest.EnvironmentTest" name="InitializeUnitializeInitialize_ShouldCallServiceInitTwice" />
    </UnitTest>
    <UnitTest name="Given_Nothing_When_ConnectSuccessful_Then_NoException" storage="d:\actions-runner\_work\xpco\xpco\mip\mipsdk\tst\videoos.platform.sdk.unittests\bin\x64\debug\net472\videoos.platform.sdk.unittests.dll" id="4775d5be-0ebd-4836-7626-4829a69cf7bb">
      <Execution id="487a74cd-b6a7-45e3-a821-74a95adb9ea9" />
      <TestMethod codeBase="D:\actions-runner\_work\XPCO\XPCO\MIP\MIPSDK\tst\VideoOS.Platform.SDK.UnitTests\bin\x64\Debug\net472\VideoOS.Platform.SDK.UnitTests.dll" adapterTypeName="executor://mstestadapter/v2" className="VideoOS.Platform.SDKUnittest.EventsAndState.EventsAndStateClientTest" name="Given_Nothing_When_ConnectSuccessful_Then_NoException" />
    </UnitTest>
    <UnitTest name="IsServerConnected_Correct" storage="d:\actions-runner\_work\xpco\xpco\mip\mipsdk\tst\videoos.platform.sdk.unittests\bin\x64\debug\net472\videoos.platform.sdk.unittests.dll" id="1898017e-0a0a-9fff-c891-5b794811d9ca">
      <Execution id="967dc23c-1e36-4a3c-a42d-6095a676eee8" />
      <TestMethod codeBase="D:\actions-runner\_work\XPCO\XPCO\MIP\MIPSDK\tst\VideoOS.Platform.SDK.UnitTests\bin\x64\Debug\net472\VideoOS.Platform.SDK.UnitTests.dll" adapterTypeName="executor://mstestadapter/v2" className="VideoOS.Platform.SDKUnittest.EnvironmentServiceTest" name="IsServerConnected_Correct" />
    </UnitTest>
    <UnitTest name="CheckInvalidFromString" storage="d:\actions-runner\_work\xpco\xpco\mip\mipsdk\tst\videoos.platform.sdk.unittests\bin\x64\debug\net472\videoos.platform.sdk.unittests.dll" id="c7a3417f-3205-4b9e-be6a-d435c0a3e965">
      <Execution id="b23383bf-dc13-4c58-8b9a-c240b82ca685" />
      <TestMethod codeBase="D:\actions-runner\_work\XPCO\XPCO\MIP\MIPSDK\tst\VideoOS.Platform.SDK.UnitTests\bin\x64\Debug\net472\VideoOS.Platform.SDK.UnitTests.dll" adapterTypeName="executor://mstestadapter/v2" className="VideoOS.Platform.SDKUnittest.FeatureTests.TimeConverterTests" name="CheckInvalidFromString" />
    </UnitTest>
    <UnitTest name="StartRecording_ShouldDoNothing_WhenRecordingIsAlreadyStarted" storage="d:\actions-runner\_work\xpco\xpco\mip\mipsdk\tst\videoos.platform.sdk.unittests\bin\x64\debug\net472\videoos.platform.sdk.unittests.dll" id="00438590-3f13-5776-381f-1df4bd82c07f">
      <TestCategory>
        <TestCategoryItem TestCategory="AudioRecorder" />
      </TestCategory>
      <Execution id="522e9c6e-3426-4894-ad71-0c5d26dda863" />
      <TestMethod codeBase="D:\actions-runner\_work\XPCO\XPCO\MIP\MIPSDK\tst\VideoOS.Platform.SDK.UnitTests\bin\x64\Debug\net472\VideoOS.Platform.SDK.UnitTests.dll" adapterTypeName="executor://mstestadapter/v2" className="VideoOS.Platform.SDKUnittest.Audio.AudioRecorderTests" name="StartRecording_ShouldDoNothing_WhenRecordingIsAlreadyStarted" />
    </UnitTest>
    <UnitTest name="Given_Nothing_When_ReceivingAnUnknownMessage_Then_FirstPartOfTheMessgeIsLoggedInAWarning" storage="d:\actions-runner\_work\xpco\xpco\mip\mipsdk\tst\videoos.platform.sdk.unittests\bin\x64\debug\net472\videoos.platform.sdk.unittests.dll" id="a48a4aa2-5c0d-5259-9846-1ccc3607484c">
      <Execution id="fae7949d-5a9b-4c60-8a45-5cc0c0f40899" />
      <TestMethod codeBase="D:\actions-runner\_work\XPCO\XPCO\MIP\MIPSDK\tst\VideoOS.Platform.SDK.UnitTests\bin\x64\Debug\net472\VideoOS.Platform.SDK.UnitTests.dll" adapterTypeName="executor://mstestadapter/v2" className="VideoOS.Platform.SDKUnittest.EventsAndState.MessageDispatcherTest" name="Given_Nothing_When_ReceivingAnUnknownMessage_Then_FirstPartOfTheMessgeIsLoggedInAWarning" />
    </UnitTest>
    <UnitTest name="TryCreateParentUri_WhenBasicAuthHasCredential_ReturnsUrl" storage="d:\actions-runner\_work\xpco\xpco\mip\mipsdk\tst\videoos.platform.sdk.unittests\bin\x64\debug\net472\videoos.platform.sdk.unittests.dll" id="e02a3aff-4b0e-8be7-4f14-51de7ab4670f">
      <Execution id="001049a6-3c04-41dc-aca0-3cfd1159ba9c" />
      <TestMethod codeBase="D:\actions-runner\_work\XPCO\XPCO\MIP\MIPSDK\tst\VideoOS.Platform.SDK.UnitTests\bin\x64\Debug\net472\VideoOS.Platform.SDK.UnitTests.dll" adapterTypeName="executor://mstestadapter/v2" className="VideoOS.Platform.SDKUnittest.PlatformTests.CredentialCacheServiceTest" name="TryCreateParentUri_WhenBasicAuthHasCredential_ReturnsUrl" />
    </UnitTest>
    <UnitTest name="ConnectionTask_ShouldNotResubscribe_WhenConnectionIsBroken_AndResumeSucceeds" storage="d:\actions-runner\_work\xpco\xpco\mip\mipsdk\tst\videoos.platform.sdk.unittests\bin\x64\debug\net472\videoos.platform.sdk.unittests.dll" id="853f6915-20e9-72f8-b144-6b6c2f45bce5">
      <Execution id="9b6c283e-af38-4959-91e1-815ac4665cc7" />
      <TestMethod codeBase="D:\actions-runner\_work\XPCO\XPCO\MIP\MIPSDK\tst\VideoOS.Platform.SDK.UnitTests\bin\x64\Debug\net472\VideoOS.Platform.SDK.UnitTests.dll" adapterTypeName="executor://mstestadapter/v2" className="VideoOS.Platform.SDKUnittest.EventsAndState.EventsAndStateSessionTest" name="ConnectionTask_ShouldNotResubscribe_WhenConnectionIsBroken_AndResumeSucceeds" />
    </UnitTest>
    <UnitTest name="Disconnect_ConnectedAndInvokedTwice_DisconnectsAudioToolkitOnceAndAvoidsToolkitReentry" storage="d:\actions-runner\_work\xpco\xpco\mip\mipsdk\tst\videoos.platform.sdk.unittests\bin\x64\debug\net472\videoos.platform.sdk.unittests.dll" id="3b02602f-f204-4a9f-ecbf-a1d700af8e33">
      <TestCategory>
        <TestCategoryItem TestCategory="NAudioPlayerComponent" />
      </TestCategory>
      <Execution id="608f6da4-69cc-4fac-988e-a313c8a57e21" />
      <TestMethod codeBase="D:\actions-runner\_work\XPCO\XPCO\MIP\MIPSDK\tst\VideoOS.Platform.SDK.UnitTests\bin\x64\Debug\net472\VideoOS.Platform.SDK.UnitTests.dll" adapterTypeName="executor://mstestadapter/v2" className="VideoOS.Platform.SDKUnittest.Audio.NAudioPlayerComponentTest" name="Disconnect_ConnectedAndInvokedTwice_DisconnectsAudioToolkitOnceAndAvoidsToolkitReentry" />
    </UnitTest>
    <UnitTest name="LiveStart_Connected_DelegatesCallsToToolkit" storage="d:\actions-runner\_work\xpco\xpco\mip\mipsdk\tst\videoos.platform.sdk.unittests\bin\x64\debug\net472\videoos.platform.sdk.unittests.dll" id="ab93ee62-5f81-8ef5-1c0d-f4b76290680a">
      <TestCategory>
        <TestCategoryItem TestCategory="NAudioPlayerComponent" />
      </TestCategory>
      <Execution id="74459d83-81b9-4c1d-ad56-82b991bb30bf" />
      <TestMethod codeBase="D:\actions-runner\_work\XPCO\XPCO\MIP\MIPSDK\tst\VideoOS.Platform.SDK.UnitTests\bin\x64\Debug\net472\VideoOS.Platform.SDK.UnitTests.dll" adapterTypeName="executor://mstestadapter/v2" className="VideoOS.Platform.SDKUnittest.Audio.NAudioPlayerComponentTest" name="LiveStart_Connected_DelegatesCallsToToolkit" />
    </UnitTest>
    <UnitTest name="HandleAudioData_VolumeSetPrematurely_LocalVolumeAndAppliedDuringConstruction" storage="d:\actions-runner\_work\xpco\xpco\mip\mipsdk\tst\videoos.platform.sdk.unittests\bin\x64\debug\net472\videoos.platform.sdk.unittests.dll" id="9855177d-3c89-e00d-59db-a565da891164">
      <TestCategory>
        <TestCategoryItem TestCategory="NAudioPlayerComponent" />
      </TestCategory>
      <Execution id="3712baba-9df0-4c9b-a003-47f92c4a762f" />
      <TestMethod codeBase="D:\actions-runner\_work\XPCO\XPCO\MIP\MIPSDK\tst\VideoOS.Platform.SDK.UnitTests\bin\x64\Debug\net472\VideoOS.Platform.SDK.UnitTests.dll" adapterTypeName="executor://mstestadapter/v2" className="VideoOS.Platform.SDKUnittest.Audio.NAudioPlayerComponentTest" name="HandleAudioData_VolumeSetPrematurely_LocalVolumeAndAppliedDuringConstruction" />
    </UnitTest>
    <UnitTest name="ConnectionTask_ShouldResubscribe_WhenConnectionIsBroken_AndResumeFails" storage="d:\actions-runner\_work\xpco\xpco\mip\mipsdk\tst\videoos.platform.sdk.unittests\bin\x64\debug\net472\videoos.platform.sdk.unittests.dll" id="c3573399-21f3-d171-85a6-ea212493cb14">
      <Execution id="e65f54d1-628a-4a3e-a620-c449df5c4292" />
      <TestMethod codeBase="D:\actions-runner\_work\XPCO\XPCO\MIP\MIPSDK\tst\VideoOS.Platform.SDK.UnitTests\bin\x64\Debug\net472\VideoOS.Platform.SDK.UnitTests.dll" adapterTypeName="executor://mstestadapter/v2" className="VideoOS.Platform.SDKUnittest.EventsAndState.EventsAndStateSessionTest" name="ConnectionTask_ShouldResubscribe_WhenConnectionIsBroken_AndResumeFails" />
    </UnitTest>
    <UnitTest name="XpcoNotLoggedinDueToInvalidUri" storage="d:\actions-runner\_work\xpco\xpco\mip\mipsdk\tst\videoos.platform.sdk.unittests\bin\x64\debug\net472\videoos.platform.sdk.unittests.dll" id="2f9fe530-9f9a-4708-4a26-7c6564c4fadd">
      <Execution id="1efd0fd1-e483-4272-a6f3-feb9ec9c54a8" />
      <TestMethod codeBase="D:\actions-runner\_work\XPCO\XPCO\MIP\MIPSDK\tst\VideoOS.Platform.SDK.UnitTests\bin\x64\Debug\net472\VideoOS.Platform.SDK.UnitTests.dll" adapterTypeName="executor://mstestadapter/v2" className="VideoOS.Platform.SDKUnittest.Configuration.XpcoConfigurationTest" name="XpcoNotLoggedinDueToInvalidUri" />
    </UnitTest>
    <UnitTest name="CheckToStringWithTandZ" storage="d:\actions-runner\_work\xpco\xpco\mip\mipsdk\tst\videoos.platform.sdk.unittests\bin\x64\debug\net472\videoos.platform.sdk.unittests.dll" id="385258c3-bf69-84a9-6b96-32d51034c910">
      <Execution id="cf580c46-2fcd-43a3-82e8-ba52b8f074ec" />
      <TestMethod codeBase="D:\actions-runner\_work\XPCO\XPCO\MIP\MIPSDK\tst\VideoOS.Platform.SDK.UnitTests\bin\x64\Debug\net472\VideoOS.Platform.SDK.UnitTests.dll" adapterTypeName="executor://mstestadapter/v2" className="VideoOS.Platform.SDKUnittest.FeatureTests.TimeConverterTests" name="CheckToStringWithTandZ" />
    </UnitTest>
    <UnitTest name="XpcoMultiLoginSuccess" storage="d:\actions-runner\_work\xpco\xpco\mip\mipsdk\tst\videoos.platform.sdk.unittests\bin\x64\debug\net472\videoos.platform.sdk.unittests.dll" id="85afdadd-d6c2-2083-0346-abf07f63d82d">
      <Execution id="734c2ac0-e091-4ca9-93ee-1585b51b3045" />
      <TestMethod codeBase="D:\actions-runner\_work\XPCO\XPCO\MIP\MIPSDK\tst\VideoOS.Platform.SDK.UnitTests\bin\x64\Debug\net472\VideoOS.Platform.SDK.UnitTests.dll" adapterTypeName="executor://mstestadapter/v2" className="VideoOS.Platform.SDKUnittest.EnvironmentTests.MultiEnvironmentTests" name="XpcoMultiLoginSuccess" />
    </UnitTest>
    <UnitTest name="Givent_MessageContainingEventWithData_When_CallingGetDataOfInCorrectType_Then_NOTE_NOTE_NOTE_ACompleteObjectIsReturned" storage="d:\actions-runner\_work\xpco\xpco\mip\mipsdk\tst\videoos.platform.sdk.unittests\bin\x64\debug\net472\videoos.platform.sdk.unittests.dll" id="7f6a3e30-0edb-cef4-24b2-03a61d04ff8b">
      <Execution id="d793318e-e4f6-4592-aef3-8c78ddaa32be" />
      <TestMethod codeBase="D:\actions-runner\_work\XPCO\XPCO\MIP\MIPSDK\tst\VideoOS.Platform.SDK.UnitTests\bin\x64\Debug\net472\VideoOS.Platform.SDK.UnitTests.dll" adapterTypeName="executor://mstestadapter/v2" className="VideoOS.Platform.SDKUnittest.EventsAndState.SerializationTests" name="Givent_MessageContainingEventWithData_When_CallingGetDataOfInCorrectType_Then_NOTE_NOTE_NOTE_ACompleteObjectIsReturned" />
    </UnitTest>
    <UnitTest name="LiveStart_NotConnected_DoesNotCrash" storage="d:\actions-runner\_work\xpco\xpco\mip\mipsdk\tst\videoos.platform.sdk.unittests\bin\x64\debug\net472\videoos.platform.sdk.unittests.dll" id="373252f1-976f-baf6-24a1-d0fc41da5a58">
      <TestCategory>
        <TestCategoryItem TestCategory="NAudioPlayerComponent" />
      </TestCategory>
      <Execution id="53fbf774-447e-4188-88eb-bea20995ddbc" />
      <TestMethod codeBase="D:\actions-runner\_work\XPCO\XPCO\MIP\MIPSDK\tst\VideoOS.Platform.SDK.UnitTests\bin\x64\Debug\net472\VideoOS.Platform.SDK.UnitTests.dll" adapterTypeName="executor://mstestadapter/v2" className="VideoOS.Platform.SDKUnittest.Audio.NAudioPlayerComponentTest" name="LiveStart_NotConnected_DoesNotCrash" />
    </UnitTest>
    <UnitTest name="LiveStop_NotConnected_DoesNotCrash" storage="d:\actions-runner\_work\xpco\xpco\mip\mipsdk\tst\videoos.platform.sdk.unittests\bin\x64\debug\net472\videoos.platform.sdk.unittests.dll" id="207a3d78-df6f-77e7-ea7b-416c6af70bf7">
      <TestCategory>
        <TestCategoryItem TestCategory="NAudioPlayerComponent" />
      </TestCategory>
      <Execution id="11d0d111-8d0d-4934-998c-7fdd185b2b03" />
      <TestMethod codeBase="D:\actions-runner\_work\XPCO\XPCO\MIP\MIPSDK\tst\VideoOS.Platform.SDK.UnitTests\bin\x64\Debug\net472\VideoOS.Platform.SDK.UnitTests.dll" adapterTypeName="executor://mstestadapter/v2" className="VideoOS.Platform.SDKUnittest.Audio.NAudioPlayerComponentTest" name="LiveStop_NotConnected_DoesNotCrash" />
    </UnitTest>
    <UnitTest name="ConnectUsingConfiguration_EmptyConfiguration_Throws" storage="d:\actions-runner\_work\xpco\xpco\mip\mipsdk\tst\videoos.platform.sdk.unittests\bin\x64\debug\net472\videoos.platform.sdk.unittests.dll" id="26f9b70e-5804-b406-9eb3-8ec45170e496">
      <TestCategory>
        <TestCategoryItem TestCategory="NAudioPlayerComponent" />
      </TestCategory>
      <Execution id="c602be3d-1717-425d-a440-62da0ca278dc" />
      <TestMethod codeBase="D:\actions-runner\_work\XPCO\XPCO\MIP\MIPSDK\tst\VideoOS.Platform.SDK.UnitTests\bin\x64\Debug\net472\VideoOS.Platform.SDK.UnitTests.dll" adapterTypeName="executor://mstestadapter/v2" className="VideoOS.Platform.SDKUnittest.Audio.NAudioPlayerComponentTest" name="ConnectUsingConfiguration_EmptyConfiguration_Throws" />
    </UnitTest>
    <UnitTest name="HandleStateChanged_StateConnected_ConnectedIsTrueAndEventFired" storage="d:\actions-runner\_work\xpco\xpco\mip\mipsdk\tst\videoos.platform.sdk.unittests\bin\x64\debug\net472\videoos.platform.sdk.unittests.dll" id="55eddf56-140c-fc12-8881-b40e3de6fdf2">
      <TestCategory>
        <TestCategoryItem TestCategory="NAudioPlayerComponent" />
      </TestCategory>
      <Execution id="8e899d5a-112f-4241-888f-3d4f2d2f7c3e" />
      <TestMethod codeBase="D:\actions-runner\_work\XPCO\XPCO\MIP\MIPSDK\tst\VideoOS.Platform.SDK.UnitTests\bin\x64\Debug\net472\VideoOS.Platform.SDK.UnitTests.dll" adapterTypeName="executor://mstestadapter/v2" className="VideoOS.Platform.SDKUnittest.Audio.NAudioPlayerComponentTest" name="HandleStateChanged_StateConnected_ConnectedIsTrueAndEventFired" />
    </UnitTest>
    <UnitTest name="CheckBaseTime1970FromString" storage="d:\actions-runner\_work\xpco\xpco\mip\mipsdk\tst\videoos.platform.sdk.unittests\bin\x64\debug\net472\videoos.platform.sdk.unittests.dll" id="dd88292e-70c4-42bd-a16e-4296bf8609a3">
      <Execution id="bcc5ab2e-5860-4f2d-bf53-91003fe239df" />
      <TestMethod codeBase="D:\actions-runner\_work\XPCO\XPCO\MIP\MIPSDK\tst\VideoOS.Platform.SDK.UnitTests\bin\x64\Debug\net472\VideoOS.Platform.SDK.UnitTests.dll" adapterTypeName="executor://mstestadapter/v2" className="VideoOS.Platform.SDKUnittest.FeatureTests.TimeConverterTests" name="CheckBaseTime1970FromString" />
    </UnitTest>
    <UnitTest name="Login_Success" storage="d:\actions-runner\_work\xpco\xpco\mip\mipsdk\tst\videoos.platform.sdk.unittests\bin\x64\debug\net472\videoos.platform.sdk.unittests.dll" id="9303c8a3-4457-dd53-a1ee-73373e6854b4">
      <Execution id="51534051-2008-45af-bdd9-3c486b83a27b" />
      <TestMethod codeBase="D:\actions-runner\_work\XPCO\XPCO\MIP\MIPSDK\tst\VideoOS.Platform.SDK.UnitTests\bin\x64\Debug\net472\VideoOS.Platform.SDK.UnitTests.dll" adapterTypeName="executor://mstestadapter/v2" className="VideoOS.Platform.SDKUnittest.EnvironmentServiceTest" name="Login_Success" />
    </UnitTest>
    <UnitTest name="StartRecording_ShouldStartRecording_WhenAudioRecorderIsInitialized" storage="d:\actions-runner\_work\xpco\xpco\mip\mipsdk\tst\videoos.platform.sdk.unittests\bin\x64\debug\net472\videoos.platform.sdk.unittests.dll" id="4cc2af54-3704-7ced-d419-f08afbf26159">
      <TestCategory>
        <TestCategoryItem TestCategory="AudioRecorder" />
      </TestCategory>
      <Execution id="47ddc340-bab8-4aea-9846-a5bec9799318" />
      <TestMethod codeBase="D:\actions-runner\_work\XPCO\XPCO\MIP\MIPSDK\tst\VideoOS.Platform.SDK.UnitTests\bin\x64\Debug\net472\VideoOS.Platform.SDK.UnitTests.dll" adapterTypeName="executor://mstestadapter/v2" className="VideoOS.Platform.SDKUnittest.Audio.AudioRecorderTests" name="StartRecording_ShouldStartRecording_WhenAudioRecorderIsInitialized" />
    </UnitTest>
    <UnitTest name="XpcoSiteInfoUriCorrectServerType" storage="d:\actions-runner\_work\xpco\xpco\mip\mipsdk\tst\videoos.platform.sdk.unittests\bin\x64\debug\net472\videoos.platform.sdk.unittests.dll" id="56497288-6a33-5a75-f21c-09bd940b969b">
      <Execution id="d9622696-d3bd-412c-a3ff-80ecf226e1f5" />
      <TestMethod codeBase="D:\actions-runner\_work\XPCO\XPCO\MIP\MIPSDK\tst\VideoOS.Platform.SDK.UnitTests\bin\x64\Debug\net472\VideoOS.Platform.SDK.UnitTests.dll" adapterTypeName="executor://mstestadapter/v2" className="VideoOS.Platform.SDKUnittest.EnvironmentTests.MultiEnvironmentTests" name="XpcoSiteInfoUriCorrectServerType" />
    </UnitTest>
    <UnitTest name="XpcoLoadSiteItemWithNoServerAdded" storage="d:\actions-runner\_work\xpco\xpco\mip\mipsdk\tst\videoos.platform.sdk.unittests\bin\x64\debug\net472\videoos.platform.sdk.unittests.dll" id="42bdc251-86a2-3f22-7f1a-f6d4ae2e2647">
      <Execution id="bef43b59-e46c-4504-aee2-8eac8d5d3976" />
      <TestMethod codeBase="D:\actions-runner\_work\XPCO\XPCO\MIP\MIPSDK\tst\VideoOS.Platform.SDK.UnitTests\bin\x64\Debug\net472\VideoOS.Platform.SDK.UnitTests.dll" adapterTypeName="executor://mstestadapter/v2" className="VideoOS.Platform.SDKUnittest.Configuration.XpcoConfigurationTest" name="XpcoLoadSiteItemWithNoServerAdded" />
    </UnitTest>
    <UnitTest name="HandleAudioData_DoNot_CalculateAudioMeterValue_When_Subscribed_And_Muted" storage="d:\actions-runner\_work\xpco\xpco\mip\mipsdk\tst\videoos.platform.sdk.unittests\bin\x64\debug\net472\videoos.platform.sdk.unittests.dll" id="29d47194-990a-053d-d2b1-814ca76f50ce">
      <TestCategory>
        <TestCategoryItem TestCategory="NAudioPlayerComponent" />
      </TestCategory>
      <Execution id="5429772d-cc4c-4d0e-b029-7deeaf7bb2e7" />
      <TestMethod codeBase="D:\actions-runner\_work\XPCO\XPCO\MIP\MIPSDK\tst\VideoOS.Platform.SDK.UnitTests\bin\x64\Debug\net472\VideoOS.Platform.SDK.UnitTests.dll" adapterTypeName="executor://mstestadapter/v2" className="VideoOS.Platform.SDKUnittest.Audio.NAudioPlayerComponentTest" name="HandleAudioData_DoNot_CalculateAudioMeterValue_When_Subscribed_And_Muted" />
    </UnitTest>
    <UnitTest name="Close_WhenNotNull_Success" storage="d:\actions-runner\_work\xpco\xpco\mip\mipsdk\tst\videoos.platform.sdk.unittests\bin\x64\debug\net472\videoos.platform.sdk.unittests.dll" id="f830c93a-4e43-13d6-c3ab-367476959177">
      <Execution id="fb25bbee-490c-4684-94cc-5c15d5c97508" />
      <TestMethod codeBase="D:\actions-runner\_work\XPCO\XPCO\MIP\MIPSDK\tst\VideoOS.Platform.SDK.UnitTests\bin\x64\Debug\net472\VideoOS.Platform.SDK.UnitTests.dll" adapterTypeName="executor://mstestadapter/v2" className="VideoOS.Platform.SDKUnittest.Facades.ClientControlFacadeTest" name="Close_WhenNotNull_Success" />
    </UnitTest>
    <UnitTest name="SchemeCompareOk" storage="d:\actions-runner\_work\xpco\xpco\mip\mipsdk\tst\videoos.platform.sdk.unittests\bin\x64\debug\net472\videoos.platform.sdk.unittests.dll" id="09ad567a-bf9b-551a-1680-c5ab6247ecc6">
      <Execution id="b37107ee-5ee0-474c-956b-fe4ef0d38fe7" />
      <TestMethod codeBase="D:\actions-runner\_work\XPCO\XPCO\MIP\MIPSDK\tst\VideoOS.Platform.SDK.UnitTests\bin\x64\Debug\net472\VideoOS.Platform.SDK.UnitTests.dll" adapterTypeName="executor://mstestadapter/v2" className="VideoOS.Platform.SDKUnittest.FeatureTests.UriUtilTest" name="SchemeCompareOk" />
    </UnitTest>
    <UnitTest name="Givent_MessageContainingEventWithData_When_ConvertingToEvents_Then_DataIsOfType_JsonHandling_JSonObject" storage="d:\actions-runner\_work\xpco\xpco\mip\mipsdk\tst\videoos.platform.sdk.unittests\bin\x64\debug\net472\videoos.platform.sdk.unittests.dll" id="b4cef04e-2d44-bef8-05c3-d2ca96c4a23e">
      <Execution id="c2b0ef2d-f489-40b6-af11-36ba33bc41a2" />
      <TestMethod codeBase="D:\actions-runner\_work\XPCO\XPCO\MIP\MIPSDK\tst\VideoOS.Platform.SDK.UnitTests\bin\x64\Debug\net472\VideoOS.Platform.SDK.UnitTests.dll" adapterTypeName="executor://mstestadapter/v2" className="VideoOS.Platform.SDKUnittest.EventsAndState.SerializationTests" name="Givent_MessageContainingEventWithData_When_ConvertingToEvents_Then_DataIsOfType_JsonHandling_JSonObject" />
    </UnitTest>
    <UnitTest name="Givent_MessageContainingEventWithData_When_CallingGetDataOfInCorrectType_Then_APartialOrEmptyObjectIsReturned2" storage="d:\actions-runner\_work\xpco\xpco\mip\mipsdk\tst\videoos.platform.sdk.unittests\bin\x64\debug\net472\videoos.platform.sdk.unittests.dll" id="17db813c-1206-cc8b-2aec-429272188567">
      <Execution id="cb34e3b7-ab49-4b71-9885-8bd75da4903c" />
      <TestMethod codeBase="D:\actions-runner\_work\XPCO\XPCO\MIP\MIPSDK\tst\VideoOS.Platform.SDK.UnitTests\bin\x64\Debug\net472\VideoOS.Platform.SDK.UnitTests.dll" adapterTypeName="executor://mstestadapter/v2" className="VideoOS.Platform.SDKUnittest.EventsAndState.SerializationTests" name="Givent_MessageContainingEventWithData_When_CallingGetDataOfInCorrectType_Then_APartialOrEmptyObjectIsReturned2" />
    </UnitTest>
    <UnitTest name="Free_ShouldDoNothing_WhenAudioRecorderIsNotInitialized" storage="d:\actions-runner\_work\xpco\xpco\mip\mipsdk\tst\videoos.platform.sdk.unittests\bin\x64\debug\net472\videoos.platform.sdk.unittests.dll" id="ca527ff0-e8d3-ed62-5f44-c8e5eb7d34bb">
      <TestCategory>
        <TestCategoryItem TestCategory="AudioRecorder" />
      </TestCategory>
      <Execution id="584b5c32-78d3-48bf-90aa-3859a5f36bef" />
      <TestMethod codeBase="D:\actions-runner\_work\XPCO\XPCO\MIP\MIPSDK\tst\VideoOS.Platform.SDK.UnitTests\bin\x64\Debug\net472\VideoOS.Platform.SDK.UnitTests.dll" adapterTypeName="executor://mstestadapter/v2" className="VideoOS.Platform.SDKUnittest.Audio.AudioRecorderTests" name="Free_ShouldDoNothing_WhenAudioRecorderIsNotInitialized" />
    </UnitTest>
    <UnitTest name="LoginWithRegistration_LoginFail_ThrowDefaultException" storage="d:\actions-runner\_work\xpco\xpco\mip\mipsdk\tst\videoos.platform.sdk.unittests\bin\x64\debug\net472\videoos.platform.sdk.unittests.dll" id="bb377a2c-95c3-9aad-404f-5afa18de69c7">
      <Execution id="424b871a-f08c-4b1e-8e28-6c3b809e036c" />
      <TestMethod codeBase="D:\actions-runner\_work\XPCO\XPCO\MIP\MIPSDK\tst\VideoOS.Platform.SDK.UnitTests\bin\x64\Debug\net472\VideoOS.Platform.SDK.UnitTests.dll" adapterTypeName="executor://mstestadapter/v2" className="VideoOS.Platform.SDKUnittest.EnvironmentServiceTest" name="LoginWithRegistration_LoginFail_ThrowDefaultException" />
    </UnitTest>
    <UnitTest name="GetLoginSettings_Correct" storage="d:\actions-runner\_work\xpco\xpco\mip\mipsdk\tst\videoos.platform.sdk.unittests\bin\x64\debug\net472\videoos.platform.sdk.unittests.dll" id="e8d9f86f-c2bc-d844-07f3-5ecc6e65044b">
      <Execution id="433aa2af-473a-472e-b51d-e64a5efe958b" />
      <TestMethod codeBase="D:\actions-runner\_work\XPCO\XPCO\MIP\MIPSDK\tst\VideoOS.Platform.SDK.UnitTests\bin\x64\Debug\net472\VideoOS.Platform.SDK.UnitTests.dll" adapterTypeName="executor://mstestadapter/v2" className="VideoOS.Platform.SDKUnittest.Facades.LoginSettingsCacheFacadeTest" name="GetLoginSettings_Correct" />
    </UnitTest>
    <UnitTest name="CreateSession_ShouldStartSession_AndDispose_ShouldStopSession" storage="d:\actions-runner\_work\xpco\xpco\mip\mipsdk\tst\videoos.platform.sdk.unittests\bin\x64\debug\net472\videoos.platform.sdk.unittests.dll" id="12830b4f-7828-9fc9-0289-1b8030e1633a">
      <Execution id="2d211aad-98e8-4d70-82dc-d5e5699b143e" />
      <TestMethod codeBase="D:\actions-runner\_work\XPCO\XPCO\MIP\MIPSDK\tst\VideoOS.Platform.SDK.UnitTests\bin\x64\Debug\net472\VideoOS.Platform.SDK.UnitTests.dll" adapterTypeName="executor://mstestadapter/v2" className="VideoOS.Platform.SDKUnittest.EventsAndState.EventsAndStateSessionTest" name="CreateSession_ShouldStartSession_AndDispose_ShouldStopSession" />
    </UnitTest>
    <UnitTest name="XpcoMultiUserLoginServerList" storage="d:\actions-runner\_work\xpco\xpco\mip\mipsdk\tst\videoos.platform.sdk.unittests\bin\x64\debug\net472\videoos.platform.sdk.unittests.dll" id="d2f3bae5-4b87-92ba-8e82-de1dd6dbd488">
      <Execution id="44f32cb1-4ba8-4267-99e3-6c59d48376c0" />
      <TestMethod codeBase="D:\actions-runner\_work\XPCO\XPCO\MIP\MIPSDK\tst\VideoOS.Platform.SDK.UnitTests\bin\x64\Debug\net472\VideoOS.Platform.SDK.UnitTests.dll" adapterTypeName="executor://mstestadapter/v2" className="VideoOS.Platform.SDKUnittest.EnvironmentTests.MultiUserEnvironmentTests" name="XpcoMultiUserLoginServerList" />
    </UnitTest>
    <UnitTest name="RemoveAllServers_Success" storage="d:\actions-runner\_work\xpco\xpco\mip\mipsdk\tst\videoos.platform.sdk.unittests\bin\x64\debug\net472\videoos.platform.sdk.unittests.dll" id="517e0e3b-7634-80b0-69a7-bd9c7f21e593">
      <Execution id="d9af4876-f695-4284-9671-80eac30fef29" />
      <TestMethod codeBase="D:\actions-runner\_work\XPCO\XPCO\MIP\MIPSDK\tst\VideoOS.Platform.SDK.UnitTests\bin\x64\Debug\net472\VideoOS.Platform.SDK.UnitTests.dll" adapterTypeName="executor://mstestadapter/v2" className="VideoOS.Platform.SDKUnittest.EnvironmentServiceTest" name="RemoveAllServers_Success" />
    </UnitTest>
    <UnitTest name="LogoutByUri_WhenSystemInfoNotNull_AlsoCallsEnvironmentManagerLogout" storage="d:\actions-runner\_work\xpco\xpco\mip\mipsdk\tst\videoos.platform.sdk.unittests\bin\x64\debug\net472\videoos.platform.sdk.unittests.dll" id="1e673d72-09b3-76fe-7a9c-ca4edce9473e">
      <Execution id="6ee01e63-0287-4474-ba7b-70967a560a91" />
      <TestMethod codeBase="D:\actions-runner\_work\XPCO\XPCO\MIP\MIPSDK\tst\VideoOS.Platform.SDK.UnitTests\bin\x64\Debug\net472\VideoOS.Platform.SDK.UnitTests.dll" adapterTypeName="executor://mstestadapter/v2" className="VideoOS.Platform.SDKUnittest.EnvironmentServiceTest" name="LogoutByUri_WhenSystemInfoNotNull_AlsoCallsEnvironmentManagerLogout" />
    </UnitTest>
    <UnitTest name="XpcoGroupCheckInvalidParameters" storage="d:\actions-runner\_work\xpco\xpco\mip\mipsdk\tst\videoos.platform.sdk.unittests\bin\x64\debug\net472\videoos.platform.sdk.unittests.dll" id="3b3bc144-1799-7620-fe3c-04bad5ec1510">
      <Execution id="4d48e11c-b8dc-4801-b548-f77932e91007" />
      <TestMethod codeBase="D:\actions-runner\_work\XPCO\XPCO\MIP\MIPSDK\tst\VideoOS.Platform.SDK.UnitTests\bin\x64\Debug\net472\VideoOS.Platform.SDK.UnitTests.dll" adapterTypeName="executor://mstestadapter/v2" className="VideoOS.Platform.SDKUnittest.Configuration.XpcoConfigurationTest" name="XpcoGroupCheckInvalidParameters" />
    </UnitTest>
    <UnitTest name="PlaybackStart_AlreadyPlayingPlayback_AvoidsToolkitReentry" storage="d:\actions-runner\_work\xpco\xpco\mip\mipsdk\tst\videoos.platform.sdk.unittests\bin\x64\debug\net472\videoos.platform.sdk.unittests.dll" id="fbaf1dda-566e-cc79-d509-7e9e6a1689d9">
      <TestCategory>
        <TestCategoryItem TestCategory="NAudioPlayerComponent" />
      </TestCategory>
      <Execution id="36621ad0-b153-48b0-856b-f882c02e426a" />
      <TestMethod codeBase="D:\actions-runner\_work\XPCO\XPCO\MIP\MIPSDK\tst\VideoOS.Platform.SDK.UnitTests\bin\x64\Debug\net472\VideoOS.Platform.SDK.UnitTests.dll" adapterTypeName="executor://mstestadapter/v2" className="VideoOS.Platform.SDKUnittest.Audio.NAudioPlayerComponentTest" name="PlaybackStart_AlreadyPlayingPlayback_AvoidsToolkitReentry" />
    </UnitTest>
    <UnitTest name="Unitialize_ShouldResetInstances" storage="d:\actions-runner\_work\xpco\xpco\mip\mipsdk\tst\videoos.platform.sdk.unittests\bin\x64\debug\net472\videoos.platform.sdk.unittests.dll" id="10274018-72a2-7e54-f67f-3e3dab8a3913">
      <Execution id="5c1e0cb1-3e3b-4d22-bd29-58e36c733b89" />
      <TestMethod codeBase="D:\actions-runner\_work\XPCO\XPCO\MIP\MIPSDK\tst\VideoOS.Platform.SDK.UnitTests\bin\x64\Debug\net472\VideoOS.Platform.SDK.UnitTests.dll" adapterTypeName="executor://mstestadapter/v2" className="VideoOS.Platform.SDKUnittest.EnvironmentTest" name="Unitialize_ShouldResetInstances" />
    </UnitTest>
    <UnitTest name="StripXmlHeader_WhenNull_ReturnsNull" storage="d:\actions-runner\_work\xpco\xpco\mip\mipsdk\tst\videoos.platform.sdk.unittests\bin\x64\debug\net472\videoos.platform.sdk.unittests.dll" id="0793f3e7-1a84-232a-72f7-77f9de3f59e4">
      <Execution id="4d1e9ea1-63ab-4713-857b-9bd3c0648dc1" />
      <TestMethod codeBase="D:\actions-runner\_work\XPCO\XPCO\MIP\MIPSDK\tst\VideoOS.Platform.SDK.UnitTests\bin\x64\Debug\net472\VideoOS.Platform.SDK.UnitTests.dll" adapterTypeName="executor://mstestadapter/v2" className="VideoOS.Platform.SDKUnittest.Util.ConfigUtilTest" name="StripXmlHeader_WhenNull_ReturnsNull" />
    </UnitTest>
    <UnitTest name="TryCreateParentUri_WhenNoAuthHasCredential_ReturnsNull" storage="d:\actions-runner\_work\xpco\xpco\mip\mipsdk\tst\videoos.platform.sdk.unittests\bin\x64\debug\net472\videoos.platform.sdk.unittests.dll" id="d3ce4a46-9062-5855-70fd-ebbcc2b0eafc">
      <Execution id="54c056e4-c5ca-40ce-8404-108a7e0183af" />
      <TestMethod codeBase="D:\actions-runner\_work\XPCO\XPCO\MIP\MIPSDK\tst\VideoOS.Platform.SDK.UnitTests\bin\x64\Debug\net472\VideoOS.Platform.SDK.UnitTests.dll" adapterTypeName="executor://mstestadapter/v2" className="VideoOS.Platform.SDKUnittest.PlatformTests.CredentialCacheServiceTest" name="TryCreateParentUri_WhenNoAuthHasCredential_ReturnsNull" />
    </UnitTest>
    <UnitTest name="ConnectUsingConfiguration_NullConfiguration_Throws" storage="d:\actions-runner\_work\xpco\xpco\mip\mipsdk\tst\videoos.platform.sdk.unittests\bin\x64\debug\net472\videoos.platform.sdk.unittests.dll" id="60cda89b-764e-8c9e-bc30-1e3457534948">
      <TestCategory>
        <TestCategoryItem TestCategory="NAudioPlayerComponent" />
      </TestCategory>
      <Execution id="5fe9334a-7355-4486-9931-dfdfcfa11148" />
      <TestMethod codeBase="D:\actions-runner\_work\XPCO\XPCO\MIP\MIPSDK\tst\VideoOS.Platform.SDK.UnitTests\bin\x64\Debug\net472\VideoOS.Platform.SDK.UnitTests.dll" adapterTypeName="executor://mstestadapter/v2" className="VideoOS.Platform.SDKUnittest.Audio.NAudioPlayerComponentTest" name="ConnectUsingConfiguration_NullConfiguration_Throws" />
    </UnitTest>
    <UnitTest name="Given_Nothing_When_ReceivingACommandResponse_Then_ItIsDispatchedToTheCommandHandler" storage="d:\actions-runner\_work\xpco\xpco\mip\mipsdk\tst\videoos.platform.sdk.unittests\bin\x64\debug\net472\videoos.platform.sdk.unittests.dll" id="8cf85ff1-edc7-caee-ed6c-a1ccfa277329">
      <Execution id="a46f8b5b-a696-4c23-9e94-2376749e6f2c" />
      <TestMethod codeBase="D:\actions-runner\_work\XPCO\XPCO\MIP\MIPSDK\tst\VideoOS.Platform.SDK.UnitTests\bin\x64\Debug\net472\VideoOS.Platform.SDK.UnitTests.dll" adapterTypeName="executor://mstestadapter/v2" className="VideoOS.Platform.SDKUnittest.EventsAndState.MessageDispatcherTest" name="Given_Nothing_When_ReceivingACommandResponse_Then_ItIsDispatchedToTheCommandHandler" />
    </UnitTest>
    <UnitTest name="Initialize_ShouldReturnTrue_WhenARecordingDeviceIsAvailable" storage="d:\actions-runner\_work\xpco\xpco\mip\mipsdk\tst\videoos.platform.sdk.unittests\bin\x64\debug\net472\videoos.platform.sdk.unittests.dll" id="6906b320-58cc-fbbb-8560-616a393b863e">
      <TestCategory>
        <TestCategoryItem TestCategory="AudioRecorder" />
      </TestCategory>
      <Execution id="daea05cb-a5b2-4ec2-8a73-21ebbdf3847d" />
      <TestMethod codeBase="D:\actions-runner\_work\XPCO\XPCO\MIP\MIPSDK\tst\VideoOS.Platform.SDK.UnitTests\bin\x64\Debug\net472\VideoOS.Platform.SDK.UnitTests.dll" adapterTypeName="executor://mstestadapter/v2" className="VideoOS.Platform.SDKUnittest.Audio.AudioRecorderTests" name="Initialize_ShouldReturnTrue_WhenARecordingDeviceIsAvailable" />
    </UnitTest>
    <UnitTest name="LogoutByUri_WhenSystemInfoNull_CallsOnlyConfigurationLogout" storage="d:\actions-runner\_work\xpco\xpco\mip\mipsdk\tst\videoos.platform.sdk.unittests\bin\x64\debug\net472\videoos.platform.sdk.unittests.dll" id="638fe5d5-83ae-859e-df2b-f9eef240ca6f">
      <Execution id="bf193853-26f4-4777-8063-3363744ab2e3" />
      <TestMethod codeBase="D:\actions-runner\_work\XPCO\XPCO\MIP\MIPSDK\tst\VideoOS.Platform.SDK.UnitTests\bin\x64\Debug\net472\VideoOS.Platform.SDK.UnitTests.dll" adapterTypeName="executor://mstestadapter/v2" className="VideoOS.Platform.SDKUnittest.EnvironmentServiceTest" name="LogoutByUri_WhenSystemInfoNull_CallsOnlyConfigurationLogout" />
    </UnitTest>
    <UnitTest name="GetRawVideoNetworkDb" storage="d:\actions-runner\_work\xpco\xpco\mip\mipsdk\tst\videoos.platform.sdk.unittests\bin\x64\debug\net472\videoos.platform.sdk.unittests.dll" id="ee8aafb9-8c92-aa71-b2c5-a50c80f89ffa">
      <Execution id="6981daa8-89da-426b-a309-cfa868a5c291" />
      <TestMethod codeBase="D:\actions-runner\_work\XPCO\XPCO\MIP\MIPSDK\tst\VideoOS.Platform.SDK.UnitTests\bin\x64\Debug\net472\VideoOS.Platform.SDK.UnitTests.dll" adapterTypeName="executor://mstestadapter/v2" className="VideoOS.Platform.SDKUnittest.VideoTest.MediaTests" name="GetRawVideoNetworkDb" />
    </UnitTest>
    <UnitTest name="GetBitmapFirstNetworkDb" storage="d:\actions-runner\_work\xpco\xpco\mip\mipsdk\tst\videoos.platform.sdk.unittests\bin\x64\debug\net472\videoos.platform.sdk.unittests.dll" id="729fea51-614b-2ba9-1dd4-6b49891d7c46">
      <Execution id="a4af15e0-04c0-49d5-ab6e-f81424ae92b3" />
      <TestMethod codeBase="D:\actions-runner\_work\XPCO\XPCO\MIP\MIPSDK\tst\VideoOS.Platform.SDK.UnitTests\bin\x64\Debug\net472\VideoOS.Platform.SDK.UnitTests.dll" adapterTypeName="executor://mstestadapter/v2" className="VideoOS.Platform.SDKUnittest.VideoTest.MediaTests" name="GetBitmapFirstNetworkDb" />
    </UnitTest>
    <UnitTest name="Given_ReceivedMessageContainsSuccessStatus_When_IsSuccessStatusCode_ThenResultFollowingStatusIsReturned" storage="d:\actions-runner\_work\xpco\xpco\mip\mipsdk\tst\videoos.platform.sdk.unittests\bin\x64\debug\net472\videoos.platform.sdk.unittests.dll" id="c9e3fbeb-75b1-7c7b-7b60-e4644d8dd577">
      <Execution id="7819108f-a995-4358-a678-fa92d19ac08d" />
      <TestMethod codeBase="D:\actions-runner\_work\XPCO\XPCO\MIP\MIPSDK\tst\VideoOS.Platform.SDK.UnitTests\bin\x64\Debug\net472\VideoOS.Platform.SDK.UnitTests.dll" adapterTypeName="executor://mstestadapter/v2" className="VideoOS.Platform.SDKUnittest.EventsAndState.MessageParserTests" name="Given_ReceivedMessageContainsSuccessStatus_When_IsSuccessStatusCode_ThenResultFollowingStatusIsReturned" />
    </UnitTest>
    <UnitTest name="OAuthServerIsOffline" storage="d:\actions-runner\_work\xpco\xpco\mip\mipsdk\tst\videoos.platform.sdk.unittests\bin\x64\debug\net472\videoos.platform.sdk.unittests.dll" id="f1181353-771a-42f2-9df1-c384eac48176">
      <Execution id="7c13fa07-8218-4eaf-b955-7ccedfaa4626" />
      <TestMethod codeBase="D:\actions-runner\_work\XPCO\XPCO\MIP\MIPSDK\tst\VideoOS.Platform.SDK.UnitTests\bin\x64\Debug\net472\VideoOS.Platform.SDK.UnitTests.dll" adapterTypeName="executor://mstestadapter/v2" className="VideoOS.Platform.SDKUnittest.Server.ConnectTest" name="OAuthServerIsOffline" />
    </UnitTest>
    <UnitTest name="XpcoMultiUserLoginSingleServer" storage="d:\actions-runner\_work\xpco\xpco\mip\mipsdk\tst\videoos.platform.sdk.unittests\bin\x64\debug\net472\videoos.platform.sdk.unittests.dll" id="24f8123c-e826-303b-a65a-9364447f6890">
      <Execution id="02e3d81d-49d6-44a5-869d-d4b8655e55be" />
      <TestMethod codeBase="D:\actions-runner\_work\XPCO\XPCO\MIP\MIPSDK\tst\VideoOS.Platform.SDK.UnitTests\bin\x64\Debug\net472\VideoOS.Platform.SDK.UnitTests.dll" adapterTypeName="executor://mstestadapter/v2" className="VideoOS.Platform.SDKUnittest.EnvironmentTests.MultiUserEnvironmentTests" name="XpcoMultiUserLoginSingleServer" />
    </UnitTest>
    <UnitTest name="XpcoLoginAndGetConfgurationBasic" storage="d:\actions-runner\_work\xpco\xpco\mip\mipsdk\tst\videoos.platform.sdk.unittests\bin\x64\debug\net472\videoos.platform.sdk.unittests.dll" id="3298a0bb-4507-4949-b804-b0b1ba735235">
      <Execution id="e56b9c08-b231-494a-8912-07ab505ee5a3" />
      <TestMethod codeBase="D:\actions-runner\_work\XPCO\XPCO\MIP\MIPSDK\tst\VideoOS.Platform.SDK.UnitTests\bin\x64\Debug\net472\VideoOS.Platform.SDK.UnitTests.dll" adapterTypeName="executor://mstestadapter/v2" className="VideoOS.Platform.SDKUnittest.Configuration.XpcoConfigurationTest" name="XpcoLoginAndGetConfgurationBasic" />
    </UnitTest>
    <UnitTest name="SetVolume_Muted_UnMutedAndVolumeChanged" storage="d:\actions-runner\_work\xpco\xpco\mip\mipsdk\tst\videoos.platform.sdk.unittests\bin\x64\debug\net472\videoos.platform.sdk.unittests.dll" id="b814b31f-9b44-c1f8-a1b3-268a53a57d26">
      <TestCategory>
        <TestCategoryItem TestCategory="NAudioPlayerComponent" />
      </TestCategory>
      <Execution id="64ed9da2-3e2d-491e-8b11-689417cda6ab" />
      <TestMethod codeBase="D:\actions-runner\_work\XPCO\XPCO\MIP\MIPSDK\tst\VideoOS.Platform.SDK.UnitTests\bin\x64\Debug\net472\VideoOS.Platform.SDK.UnitTests.dll" adapterTypeName="executor://mstestadapter/v2" className="VideoOS.Platform.SDKUnittest.Audio.NAudioPlayerComponentTest" name="SetVolume_Muted_UnMutedAndVolumeChanged" />
    </UnitTest>
    <UnitTest name="HandleStateChanged_StateLostConnection_ConnectedIsFalseAndEventFired" storage="d:\actions-runner\_work\xpco\xpco\mip\mipsdk\tst\videoos.platform.sdk.unittests\bin\x64\debug\net472\videoos.platform.sdk.unittests.dll" id="c903125e-f7c2-67eb-8a1a-5d7644a51082">
      <TestCategory>
        <TestCategoryItem TestCategory="NAudioPlayerComponent" />
      </TestCategory>
      <Execution id="7cdedb84-784a-42ce-96ac-8aef405ddcda" />
      <TestMethod codeBase="D:\actions-runner\_work\XPCO\XPCO\MIP\MIPSDK\tst\VideoOS.Platform.SDK.UnitTests\bin\x64\Debug\net472\VideoOS.Platform.SDK.UnitTests.dll" adapterTypeName="executor://mstestadapter/v2" className="VideoOS.Platform.SDKUnittest.Audio.NAudioPlayerComponentTest" name="HandleStateChanged_StateLostConnection_ConnectedIsFalseAndEventFired" />
    </UnitTest>
    <UnitTest name="LoadSiteItem_WithServerType_Success" storage="d:\actions-runner\_work\xpco\xpco\mip\mipsdk\tst\videoos.platform.sdk.unittests\bin\x64\debug\net472\videoos.platform.sdk.unittests.dll" id="bc335d91-1297-3bd7-e46e-c0c3ae74878f">
      <Execution id="2f4b13f2-e2bb-4b44-97fb-3061d4c99f5f" />
      <TestMethod codeBase="D:\actions-runner\_work\XPCO\XPCO\MIP\MIPSDK\tst\VideoOS.Platform.SDK.UnitTests\bin\x64\Debug\net472\VideoOS.Platform.SDK.UnitTests.dll" adapterTypeName="executor://mstestadapter/v2" className="VideoOS.Platform.SDKUnittest.EnvironmentServiceTest" name="LoadSiteItem_WithServerType_Success" />
    </UnitTest>
    <UnitTest name="GetRawVideo" storage="d:\actions-runner\_work\xpco\xpco\mip\mipsdk\tst\videoos.platform.sdk.unittests\bin\x64\debug\net472\videoos.platform.sdk.unittests.dll" id="14ccb560-6f46-d233-ecde-9735c641af80">
      <Execution id="de28e682-a974-4f83-ad0b-7b1ad92561e8" />
      <TestMethod codeBase="D:\actions-runner\_work\XPCO\XPCO\MIP\MIPSDK\tst\VideoOS.Platform.SDK.UnitTests\bin\x64\Debug\net472\VideoOS.Platform.SDK.UnitTests.dll" adapterTypeName="executor://mstestadapter/v2" className="VideoOS.Platform.SDKUnittest.VideoTest.MediaTests" name="GetRawVideo" />
    </UnitTest>
    <UnitTest name="VerifyServerFoundThroughOriginalUri_throughLoginSettings" storage="d:\actions-runner\_work\xpco\xpco\mip\mipsdk\tst\videoos.platform.sdk.unittests\bin\x64\debug\net472\videoos.platform.sdk.unittests.dll" id="8dfedf8d-5ced-b051-67b1-f21d8190aa73">
      <Execution id="32ab1f66-676a-48e8-b0c5-fe6b39f1b91c" />
      <TestMethod codeBase="D:\actions-runner\_work\XPCO\XPCO\MIP\MIPSDK\tst\VideoOS.Platform.SDK.UnitTests\bin\x64\Debug\net472\VideoOS.Platform.SDK.UnitTests.dll" adapterTypeName="executor://mstestadapter/v2" className="VideoOS.Platform.SDKUnittest.Util.ServerTypeCacheTest" name="VerifyServerFoundThroughOriginalUri_throughLoginSettings" />
    </UnitTest>
    <UnitTest name="ReloadConfiguration_CallsRefreshServer" storage="d:\actions-runner\_work\xpco\xpco\mip\mipsdk\tst\videoos.platform.sdk.unittests\bin\x64\debug\net472\videoos.platform.sdk.unittests.dll" id="28d03c63-4b7f-6f07-1925-95fd992db754">
      <Execution id="037738f0-07ab-4be9-bf4b-09826b452e09" />
      <TestMethod codeBase="D:\actions-runner\_work\XPCO\XPCO\MIP\MIPSDK\tst\VideoOS.Platform.SDK.UnitTests\bin\x64\Debug\net472\VideoOS.Platform.SDK.UnitTests.dll" adapterTypeName="executor://mstestadapter/v2" className="VideoOS.Platform.SDKUnittest.EnvironmentServiceTest" name="ReloadConfiguration_CallsRefreshServer" />
    </UnitTest>
    <UnitTest name="Given_Connected_When_CreateSessionSuccesful_Then_ASessionIdAndDefaultInactiveTimeoutIsReturned" storage="d:\actions-runner\_work\xpco\xpco\mip\mipsdk\tst\videoos.platform.sdk.unittests\bin\x64\debug\net472\videoos.platform.sdk.unittests.dll" id="dd33ce32-62c4-dfb3-4f9b-fce87ba0013c">
      <Execution id="60fb9e2f-da79-41e6-b3fb-fa7e23c5a01d" />
      <TestMethod codeBase="D:\actions-runner\_work\XPCO\XPCO\MIP\MIPSDK\tst\VideoOS.Platform.SDK.UnitTests\bin\x64\Debug\net472\VideoOS.Platform.SDK.UnitTests.dll" adapterTypeName="executor://mstestadapter/v2" className="VideoOS.Platform.SDKUnittest.EventsAndState.EventsAndStateClientTest" name="Given_Connected_When_CreateSessionSuccesful_Then_ASessionIdAndDefaultInactiveTimeoutIsReturned" />
    </UnitTest>
    <UnitTest name="HandleAudioData_CalculateAudioMeterValue_When_Subscribed_And_Unmuted" storage="d:\actions-runner\_work\xpco\xpco\mip\mipsdk\tst\videoos.platform.sdk.unittests\bin\x64\debug\net472\videoos.platform.sdk.unittests.dll" id="b302fa2d-031c-4f71-4afe-c81ca1b4659c">
      <TestCategory>
        <TestCategoryItem TestCategory="NAudioPlayerComponent" />
      </TestCategory>
      <Execution id="460a324a-f2d0-48ef-a254-6b81ab5a293c" />
      <TestMethod codeBase="D:\actions-runner\_work\XPCO\XPCO\MIP\MIPSDK\tst\VideoOS.Platform.SDK.UnitTests\bin\x64\Debug\net472\VideoOS.Platform.SDK.UnitTests.dll" adapterTypeName="executor://mstestadapter/v2" className="VideoOS.Platform.SDKUnittest.Audio.NAudioPlayerComponentTest" name="HandleAudioData_CalculateAudioMeterValue_When_Subscribed_And_Unmuted" />
    </UnitTest>
    <UnitTest name="XpcoMultiUserLoginCurrentCredentialsSuccess" storage="d:\actions-runner\_work\xpco\xpco\mip\mipsdk\tst\videoos.platform.sdk.unittests\bin\x64\debug\net472\videoos.platform.sdk.unittests.dll" id="b2e4eadd-d448-b487-733b-d5563cb70924">
      <Execution id="7a289905-58bb-494a-9640-b9f9c990acef" />
      <TestMethod codeBase="D:\actions-runner\_work\XPCO\XPCO\MIP\MIPSDK\tst\VideoOS.Platform.SDK.UnitTests\bin\x64\Debug\net472\VideoOS.Platform.SDK.UnitTests.dll" adapterTypeName="executor://mstestadapter/v2" className="VideoOS.Platform.SDKUnittest.EnvironmentTests.MultiUserEnvironmentTests" name="XpcoMultiUserLoginCurrentCredentialsSuccess" />
    </UnitTest>
    <UnitTest name="OutgoingAudioWaveFormatSamplesPerSecond_ShouldBeSet_WhenValueIsAllowed" storage="d:\actions-runner\_work\xpco\xpco\mip\mipsdk\tst\videoos.platform.sdk.unittests\bin\x64\debug\net472\videoos.platform.sdk.unittests.dll" id="ec1b8724-7d12-203f-4036-aea2a965aaa8">
      <TestCategory>
        <TestCategoryItem TestCategory="AudioRecorder" />
      </TestCategory>
      <Execution id="7e7496d6-1d36-4250-a6d0-6b60893dca1d" />
      <TestMethod codeBase="D:\actions-runner\_work\XPCO\XPCO\MIP\MIPSDK\tst\VideoOS.Platform.SDK.UnitTests\bin\x64\Debug\net472\VideoOS.Platform.SDK.UnitTests.dll" adapterTypeName="executor://mstestadapter/v2" className="VideoOS.Platform.SDKUnittest.Audio.AudioRecorderTests" name="OutgoingAudioWaveFormatSamplesPerSecond_ShouldBeSet_WhenValueIsAllowed" />
    </UnitTest>
    <UnitTest name="RemoveServer_WithUriWhenLoginSettingsNull_Correct" storage="d:\actions-runner\_work\xpco\xpco\mip\mipsdk\tst\videoos.platform.sdk.unittests\bin\x64\debug\net472\videoos.platform.sdk.unittests.dll" id="4dfbe4c0-1bce-f685-302b-c39ffaaec33c">
      <Execution id="0ad939f9-3496-4049-9342-3406bd6eaf22" />
      <TestMethod codeBase="D:\actions-runner\_work\XPCO\XPCO\MIP\MIPSDK\tst\VideoOS.Platform.SDK.UnitTests\bin\x64\Debug\net472\VideoOS.Platform.SDK.UnitTests.dll" adapterTypeName="executor://mstestadapter/v2" className="VideoOS.Platform.SDKUnittest.EnvironmentServiceTest" name="RemoveServer_WithUriWhenLoginSettingsNull_Correct" />
    </UnitTest>
    <UnitTest name="XpcoSiteInfoUriNoSuccessBasic" storage="d:\actions-runner\_work\xpco\xpco\mip\mipsdk\tst\videoos.platform.sdk.unittests\bin\x64\debug\net472\videoos.platform.sdk.unittests.dll" id="48cf9cec-86cd-b055-9df4-4490d5d29676">
      <Execution id="d075462c-09a3-450d-b55c-7d6dc313fe35" />
      <TestMethod codeBase="D:\actions-runner\_work\XPCO\XPCO\MIP\MIPSDK\tst\VideoOS.Platform.SDK.UnitTests\bin\x64\Debug\net472\VideoOS.Platform.SDK.UnitTests.dll" adapterTypeName="executor://mstestadapter/v2" className="VideoOS.Platform.SDKUnittest.EnvironmentTests.MultiEnvironmentTests" name="XpcoSiteInfoUriNoSuccessBasic" />
    </UnitTest>
    <UnitTest name="SetVolume_NotMuted_VolumeChanged" storage="d:\actions-runner\_work\xpco\xpco\mip\mipsdk\tst\videoos.platform.sdk.unittests\bin\x64\debug\net472\videoos.platform.sdk.unittests.dll" id="88488b59-2cdb-e146-c42b-5fca1493d9a4">
      <TestCategory>
        <TestCategoryItem TestCategory="NAudioPlayerComponent" />
      </TestCategory>
      <Execution id="10b3ae5c-24af-4a5c-9707-99674efb0307" />
      <TestMethod codeBase="D:\actions-runner\_work\XPCO\XPCO\MIP\MIPSDK\tst\VideoOS.Platform.SDK.UnitTests\bin\x64\Debug\net472\VideoOS.Platform.SDK.UnitTests.dll" adapterTypeName="executor://mstestadapter/v2" className="VideoOS.Platform.SDKUnittest.Audio.NAudioPlayerComponentTest" name="SetVolume_NotMuted_VolumeChanged" />
    </UnitTest>
    <UnitTest name="GetDisabledDevices_Success" storage="d:\actions-runner\_work\xpco\xpco\mip\mipsdk\tst\videoos.platform.sdk.unittests\bin\x64\debug\net472\videoos.platform.sdk.unittests.dll" id="77eef133-6232-6ffd-513d-bce5ef28eb6d">
      <Execution id="86d1efe7-477c-4120-8d66-a2adc7b5da9b" />
      <TestMethod codeBase="D:\actions-runner\_work\XPCO\XPCO\MIP\MIPSDK\tst\VideoOS.Platform.SDK.UnitTests\bin\x64\Debug\net472\VideoOS.Platform.SDK.UnitTests.dll" adapterTypeName="executor://mstestadapter/v2" className="VideoOS.Platform.SDKUnittest.EnvironmentServiceTest" name="GetDisabledDevices_Success" />
    </UnitTest>
    <UnitTest name="Login_MasterOnly_Passed" storage="d:\actions-runner\_work\xpco\xpco\mip\mipsdk\tst\videoos.platform.sdk.unittests\bin\x64\debug\net472\videoos.platform.sdk.unittests.dll" id="9af23bea-fd93-7994-bffe-1ae6f1f880df">
      <Execution id="5688cdee-7950-43f4-a3f2-ad60a15c49cb" />
      <TestMethod codeBase="D:\actions-runner\_work\XPCO\XPCO\MIP\MIPSDK\tst\VideoOS.Platform.SDK.UnitTests\bin\x64\Debug\net472\VideoOS.Platform.SDK.UnitTests.dll" adapterTypeName="executor://mstestadapter/v2" className="VideoOS.Platform.SDKUnittest.EnvironmentServiceTest" name="Login_MasterOnly_Passed" />
    </UnitTest>
    <UnitTest name="XpcoMultiUserLoginTwoServersBasic" storage="d:\actions-runner\_work\xpco\xpco\mip\mipsdk\tst\videoos.platform.sdk.unittests\bin\x64\debug\net472\videoos.platform.sdk.unittests.dll" id="4c636ed3-7a97-56f4-5f09-90e82a59bb70">
      <Execution id="650a8e82-b020-4a5c-bf59-e1dd54286d1d" />
      <TestMethod codeBase="D:\actions-runner\_work\XPCO\XPCO\MIP\MIPSDK\tst\VideoOS.Platform.SDK.UnitTests\bin\x64\Debug\net472\VideoOS.Platform.SDK.UnitTests.dll" adapterTypeName="executor://mstestadapter/v2" className="VideoOS.Platform.SDKUnittest.EnvironmentTests.MultiUserEnvironmentTests" name="XpcoMultiUserLoginTwoServersBasic" />
    </UnitTest>
    <UnitTest name="Given_ReceivedMessageContainsCommandId_When_GetCommandId_ThenCommandIdIsReturned" storage="d:\actions-runner\_work\xpco\xpco\mip\mipsdk\tst\videoos.platform.sdk.unittests\bin\x64\debug\net472\videoos.platform.sdk.unittests.dll" id="b42b975b-0563-7dc6-8812-756fcc2bafe7">
      <Execution id="a27b2003-4a5d-45de-831a-cffc683bbd29" />
      <TestMethod codeBase="D:\actions-runner\_work\XPCO\XPCO\MIP\MIPSDK\tst\VideoOS.Platform.SDK.UnitTests\bin\x64\Debug\net472\VideoOS.Platform.SDK.UnitTests.dll" adapterTypeName="executor://mstestadapter/v2" className="VideoOS.Platform.SDKUnittest.EventsAndState.MessageParserTests" name="Given_ReceivedMessageContainsCommandId_When_GetCommandId_ThenCommandIdIsReturned" />
    </UnitTest>
    <UnitTest name="ConnectionTask_ShouldNotResumeNewSession_WhenConnectionIsBroken_AndResumeFails_AndResubscribeFails" storage="d:\actions-runner\_work\xpco\xpco\mip\mipsdk\tst\videoos.platform.sdk.unittests\bin\x64\debug\net472\videoos.platform.sdk.unittests.dll" id="eee97d95-67c8-3d03-776d-c5c6f362f535">
      <Execution id="5e9af390-6228-4e1c-8b2a-0804ad411c95" />
      <TestMethod codeBase="D:\actions-runner\_work\XPCO\XPCO\MIP\MIPSDK\tst\VideoOS.Platform.SDK.UnitTests\bin\x64\Debug\net472\VideoOS.Platform.SDK.UnitTests.dll" adapterTypeName="executor://mstestadapter/v2" className="VideoOS.Platform.SDKUnittest.EventsAndState.EventsAndStateSessionTest" name="ConnectionTask_ShouldNotResumeNewSession_WhenConnectionIsBroken_AndResumeFails_AndResubscribeFails" />
    </UnitTest>
    <UnitTest name="StartRecording_ShouldStartRecording_WhenRecordingIsStopped" storage="d:\actions-runner\_work\xpco\xpco\mip\mipsdk\tst\videoos.platform.sdk.unittests\bin\x64\debug\net472\videoos.platform.sdk.unittests.dll" id="00962e3e-83d9-46ce-082c-5ce3071a9a13">
      <TestCategory>
        <TestCategoryItem TestCategory="AudioRecorder" />
      </TestCategory>
      <Execution id="6ad131b5-f3f1-487d-894a-a260526bf645" />
      <TestMethod codeBase="D:\actions-runner\_work\XPCO\XPCO\MIP\MIPSDK\tst\VideoOS.Platform.SDK.UnitTests\bin\x64\Debug\net472\VideoOS.Platform.SDK.UnitTests.dll" adapterTypeName="executor://mstestadapter/v2" className="VideoOS.Platform.SDKUnittest.Audio.AudioRecorderTests" name="StartRecording_ShouldStartRecording_WhenRecordingIsStopped" />
    </UnitTest>
    <UnitTest name="Given_Connected_When_AddSubscriptionSuccesful_Then_ASubscriptionIdIsReturned" storage="d:\actions-runner\_work\xpco\xpco\mip\mipsdk\tst\videoos.platform.sdk.unittests\bin\x64\debug\net472\videoos.platform.sdk.unittests.dll" id="0d04ce70-8f8e-5be6-d205-e559df63652c">
      <Execution id="f5098f39-cf73-4355-9284-ff745b96230a" />
      <TestMethod codeBase="D:\actions-runner\_work\XPCO\XPCO\MIP\MIPSDK\tst\VideoOS.Platform.SDK.UnitTests\bin\x64\Debug\net472\VideoOS.Platform.SDK.UnitTests.dll" adapterTypeName="executor://mstestadapter/v2" className="VideoOS.Platform.SDKUnittest.EventsAndState.EventsAndStateClientTest" name="Given_Connected_When_AddSubscriptionSuccesful_Then_ASubscriptionIdIsReturned" />
    </UnitTest>
    <UnitTest name="LiveStop_ConnectedAndNotPlayingPlayback_AvoidsToolkitReentry" storage="d:\actions-runner\_work\xpco\xpco\mip\mipsdk\tst\videoos.platform.sdk.unittests\bin\x64\debug\net472\videoos.platform.sdk.unittests.dll" id="da0d6c3d-ad33-93ae-336e-57f6ca95658e">
      <TestCategory>
        <TestCategoryItem TestCategory="NAudioPlayerComponent" />
      </TestCategory>
      <Execution id="f4f2e721-d32f-4aca-8df7-27da9caf8e10" />
      <TestMethod codeBase="D:\actions-runner\_work\XPCO\XPCO\MIP\MIPSDK\tst\VideoOS.Platform.SDK.UnitTests\bin\x64\Debug\net472\VideoOS.Platform.SDK.UnitTests.dll" adapterTypeName="executor://mstestadapter/v2" className="VideoOS.Platform.SDKUnittest.Audio.NAudioPlayerComponentTest" name="LiveStop_ConnectedAndNotPlayingPlayback_AvoidsToolkitReentry" />
    </UnitTest>
    <UnitTest name="Regression_AfterUnInitialize_InstancesNotSame" storage="d:\actions-runner\_work\xpco\xpco\mip\mipsdk\tst\videoos.platform.sdk.unittests\bin\x64\debug\net472\videoos.platform.sdk.unittests.dll" id="e7650ef8-614d-7abe-3813-4e9e0ee43d28">
      <Execution id="b7128e6e-7c7b-4279-bb2a-234a8bdcff29" />
      <TestMethod codeBase="D:\actions-runner\_work\XPCO\XPCO\MIP\MIPSDK\tst\VideoOS.Platform.SDK.UnitTests\bin\x64\Debug\net472\VideoOS.Platform.SDK.UnitTests.dll" adapterTypeName="executor://mstestadapter/v2" className="VideoOS.Platform.SDKUnittest.EnvironmentTest" name="Regression_AfterUnInitialize_InstancesNotSame" />
    </UnitTest>
    <UnitTest name="VerifyServerFoundThroughOriginalUri_throughUri" storage="d:\actions-runner\_work\xpco\xpco\mip\mipsdk\tst\videoos.platform.sdk.unittests\bin\x64\debug\net472\videoos.platform.sdk.unittests.dll" id="d9ca8b92-f19f-e9c9-3fff-9ecc10403148">
      <Execution id="f2842c43-6506-4e3c-bfd2-9022180aee8a" />
      <TestMethod codeBase="D:\actions-runner\_work\XPCO\XPCO\MIP\MIPSDK\tst\VideoOS.Platform.SDK.UnitTests\bin\x64\Debug\net472\VideoOS.Platform.SDK.UnitTests.dll" adapterTypeName="executor://mstestadapter/v2" className="VideoOS.Platform.SDKUnittest.Util.ServerTypeCacheTest" name="VerifyServerFoundThroughOriginalUri_throughUri" />
    </UnitTest>
    <UnitTest name="Initialize_ShouldSetInstancesFromContainer" storage="d:\actions-runner\_work\xpco\xpco\mip\mipsdk\tst\videoos.platform.sdk.unittests\bin\x64\debug\net472\videoos.platform.sdk.unittests.dll" id="c99c839d-4d5b-c45c-4faf-632197d463b3">
      <Execution id="ce8ef174-0342-495c-a7ee-3ab6ac111589" />
      <TestMethod codeBase="D:\actions-runner\_work\XPCO\XPCO\MIP\MIPSDK\tst\VideoOS.Platform.SDK.UnitTests\bin\x64\Debug\net472\VideoOS.Platform.SDK.UnitTests.dll" adapterTypeName="executor://mstestadapter/v2" className="VideoOS.Platform.SDKUnittest.EnvironmentTest" name="Initialize_ShouldSetInstancesFromContainer" />
    </UnitTest>
    <UnitTest name="LiveStop_ConnectedAndPlayingLive_DelegatesCallsToToolkit" storage="d:\actions-runner\_work\xpco\xpco\mip\mipsdk\tst\videoos.platform.sdk.unittests\bin\x64\debug\net472\videoos.platform.sdk.unittests.dll" id="ffbbaaff-f4f0-e891-e766-d016df06c7aa">
      <TestCategory>
        <TestCategoryItem TestCategory="NAudioPlayerComponent" />
      </TestCategory>
      <Execution id="039cd8c0-77e5-4188-8d1a-69ce5c70f50f" />
      <TestMethod codeBase="D:\actions-runner\_work\XPCO\XPCO\MIP\MIPSDK\tst\VideoOS.Platform.SDK.UnitTests\bin\x64\Debug\net472\VideoOS.Platform.SDK.UnitTests.dll" adapterTypeName="executor://mstestadapter/v2" className="VideoOS.Platform.SDKUnittest.Audio.NAudioPlayerComponentTest" name="LiveStop_ConnectedAndPlayingLive_DelegatesCallsToToolkit" />
    </UnitTest>
    <UnitTest name="Given_Eventreceirveradded_When_EventReceiverRemoved_Then_EventsAreSentnoLongerSent" storage="d:\actions-runner\_work\xpco\xpco\mip\mipsdk\tst\videoos.platform.sdk.unittests\bin\x64\debug\net472\videoos.platform.sdk.unittests.dll" id="1444c9ca-e73b-a5e6-f01f-53b0839e824f">
      <Execution id="3520be37-8dbd-4cd4-beb0-d6971255bb91" />
      <TestMethod codeBase="D:\actions-runner\_work\XPCO\XPCO\MIP\MIPSDK\tst\VideoOS.Platform.SDK.UnitTests\bin\x64\Debug\net472\VideoOS.Platform.SDK.UnitTests.dll" adapterTypeName="executor://mstestadapter/v2" className="VideoOS.Platform.SDKUnittest.EventsAndState.EventHandlerTest" name="Given_Eventreceirveradded_When_EventReceiverRemoved_Then_EventsAreSentnoLongerSent" />
    </UnitTest>
    <UnitTest name="CheckBaseTime1970ToInt" storage="d:\actions-runner\_work\xpco\xpco\mip\mipsdk\tst\videoos.platform.sdk.unittests\bin\x64\debug\net472\videoos.platform.sdk.unittests.dll" id="cb92a75a-3d75-fb02-ff9b-54b25c8156f2">
      <Execution id="358e5b35-3a67-4908-a5d3-a4a84f536735" />
      <TestMethod codeBase="D:\actions-runner\_work\XPCO\XPCO\MIP\MIPSDK\tst\VideoOS.Platform.SDK.UnitTests\bin\x64\Debug\net472\VideoOS.Platform.SDK.UnitTests.dll" adapterTypeName="executor://mstestadapter/v2" className="VideoOS.Platform.SDKUnittest.FeatureTests.TimeConverterTests" name="CheckBaseTime1970ToInt" />
    </UnitTest>
    <UnitTest name="ImplementsIDisposable_Success" storage="d:\actions-runner\_work\xpco\xpco\mip\mipsdk\tst\videoos.platform.sdk.unittests\bin\x64\debug\net472\videoos.platform.sdk.unittests.dll" id="8504aea4-e8b5-8e2d-e4a6-d01e2cfbb43b">
      <TestCategory>
        <TestCategoryItem TestCategory="NAudioPlayerComponent" />
      </TestCategory>
      <Execution id="faf6abf6-3166-4a5f-8d68-9220c1443fa3" />
      <TestMethod codeBase="D:\actions-runner\_work\XPCO\XPCO\MIP\MIPSDK\tst\VideoOS.Platform.SDK.UnitTests\bin\x64\Debug\net472\VideoOS.Platform.SDK.UnitTests.dll" adapterTypeName="executor://mstestadapter/v2" className="VideoOS.Platform.SDKUnittest.Audio.NAudioPlayerComponentTest" name="ImplementsIDisposable_Success" />
    </UnitTest>
    <UnitTest name="XpcoMultiUserLoginSingleServerIsOnline" storage="d:\actions-runner\_work\xpco\xpco\mip\mipsdk\tst\videoos.platform.sdk.unittests\bin\x64\debug\net472\videoos.platform.sdk.unittests.dll" id="1731feec-b95b-cd41-dc58-17e0973fdc80">
      <Execution id="72d93789-35ae-4c21-9180-2e9f312feb15" />
      <TestMethod codeBase="D:\actions-runner\_work\XPCO\XPCO\MIP\MIPSDK\tst\VideoOS.Platform.SDK.UnitTests\bin\x64\Debug\net472\VideoOS.Platform.SDK.UnitTests.dll" adapterTypeName="executor://mstestadapter/v2" className="VideoOS.Platform.SDKUnittest.EnvironmentTests.MultiUserEnvironmentTests" name="XpcoMultiUserLoginSingleServerIsOnline" />
    </UnitTest>
    <UnitTest name="AddServer_WithCredentialCache_Correct" storage="d:\actions-runner\_work\xpco\xpco\mip\mipsdk\tst\videoos.platform.sdk.unittests\bin\x64\debug\net472\videoos.platform.sdk.unittests.dll" id="ed60ffe8-498e-b9e0-cb5e-701cf0899e33">
      <Execution id="25c7c841-1e3c-44dd-85d7-a074e759a218" />
      <TestMethod codeBase="D:\actions-runner\_work\XPCO\XPCO\MIP\MIPSDK\tst\VideoOS.Platform.SDK.UnitTests\bin\x64\Debug\net472\VideoOS.Platform.SDK.UnitTests.dll" adapterTypeName="executor://mstestadapter/v2" className="VideoOS.Platform.SDKUnittest.EnvironmentServiceTest" name="AddServer_WithCredentialCache_Correct" />
    </UnitTest>
    <UnitTest name="MergeCredentialCache_WhenNegotiateAuth_Merges" storage="d:\actions-runner\_work\xpco\xpco\mip\mipsdk\tst\videoos.platform.sdk.unittests\bin\x64\debug\net472\videoos.platform.sdk.unittests.dll" id="ae1a8ec4-a4d5-6c99-ef64-cbab96674e4c">
      <Execution id="c1e46289-c7eb-446e-9058-f2ebeaf0fe0b" />
      <TestMethod codeBase="D:\actions-runner\_work\XPCO\XPCO\MIP\MIPSDK\tst\VideoOS.Platform.SDK.UnitTests\bin\x64\Debug\net472\VideoOS.Platform.SDK.UnitTests.dll" adapterTypeName="executor://mstestadapter/v2" className="VideoOS.Platform.SDKUnittest.PlatformTests.CredentialCacheServiceTest" name="MergeCredentialCache_WhenNegotiateAuth_Merges" />
    </UnitTest>
    <UnitTest name="TryCreateParentUri_WhenNoUrlKeyPresent_ReturnsNull" storage="d:\actions-runner\_work\xpco\xpco\mip\mipsdk\tst\videoos.platform.sdk.unittests\bin\x64\debug\net472\videoos.platform.sdk.unittests.dll" id="d0433bb2-5994-e95a-66cb-00cffc215684">
      <Execution id="46a1ec02-7d77-43cd-8d69-24a12f602750" />
      <TestMethod codeBase="D:\actions-runner\_work\XPCO\XPCO\MIP\MIPSDK\tst\VideoOS.Platform.SDK.UnitTests\bin\x64\Debug\net472\VideoOS.Platform.SDK.UnitTests.dll" adapterTypeName="executor://mstestadapter/v2" className="VideoOS.Platform.SDKUnittest.PlatformTests.CredentialCacheServiceTest" name="TryCreateParentUri_WhenNoUrlKeyPresent_ReturnsNull" />
    </UnitTest>
    <UnitTest name="OutgoingAudioWaveFormatSamplesPerSecond_ShouldNotBeSet_WhenValueIsNotAllowed" storage="d:\actions-runner\_work\xpco\xpco\mip\mipsdk\tst\videoos.platform.sdk.unittests\bin\x64\debug\net472\videoos.platform.sdk.unittests.dll" id="2cd289e6-be4f-74c1-cee0-00532b6125f7">
      <TestCategory>
        <TestCategoryItem TestCategory="AudioRecorder" />
      </TestCategory>
      <Execution id="71930edd-d511-461b-a221-50c9ad3215fd" />
      <TestMethod codeBase="D:\actions-runner\_work\XPCO\XPCO\MIP\MIPSDK\tst\VideoOS.Platform.SDK.UnitTests\bin\x64\Debug\net472\VideoOS.Platform.SDK.UnitTests.dll" adapterTypeName="executor://mstestadapter/v2" className="VideoOS.Platform.SDKUnittest.Audio.AudioRecorderTests" name="OutgoingAudioWaveFormatSamplesPerSecond_ShouldNotBeSet_WhenValueIsNotAllowed" />
    </UnitTest>
    <UnitTest name="IgnoreCaseCompareOk" storage="d:\actions-runner\_work\xpco\xpco\mip\mipsdk\tst\videoos.platform.sdk.unittests\bin\x64\debug\net472\videoos.platform.sdk.unittests.dll" id="3795da59-268b-cf4c-19da-1cfedc7c684a">
      <Execution id="93448031-73b4-43e3-b9b1-163802056dc5" />
      <TestMethod codeBase="D:\actions-runner\_work\XPCO\XPCO\MIP\MIPSDK\tst\VideoOS.Platform.SDK.UnitTests\bin\x64\Debug\net472\VideoOS.Platform.SDK.UnitTests.dll" adapterTypeName="executor://mstestadapter/v2" className="VideoOS.Platform.SDKUnittest.FeatureTests.UriUtilTest" name="IgnoreCaseCompareOk" />
    </UnitTest>
    <UnitTest name="GetSequences" storage="d:\actions-runner\_work\xpco\xpco\mip\mipsdk\tst\videoos.platform.sdk.unittests\bin\x64\debug\net472\videoos.platform.sdk.unittests.dll" id="7c7003ad-ad8b-027f-7da8-4c4339185c93">
      <Execution id="28ecc497-8b4a-4b05-b36d-edfb1eacd167" />
      <TestMethod codeBase="D:\actions-runner\_work\XPCO\XPCO\MIP\MIPSDK\tst\VideoOS.Platform.SDK.UnitTests\bin\x64\Debug\net472\VideoOS.Platform.SDK.UnitTests.dll" adapterTypeName="executor://mstestadapter/v2" className="VideoOS.Platform.SDKUnittest.VideoTest.MediaTests" name="GetSequences" />
    </UnitTest>
    <UnitTest name="Initialize_ShouldCallServiceInit" storage="d:\actions-runner\_work\xpco\xpco\mip\mipsdk\tst\videoos.platform.sdk.unittests\bin\x64\debug\net472\videoos.platform.sdk.unittests.dll" id="7c979667-6bd9-aaa8-412d-d36319ef5eef">
      <Execution id="21c31283-54f6-4424-b62e-7dcc6846a798" />
      <TestMethod codeBase="D:\actions-runner\_work\XPCO\XPCO\MIP\MIPSDK\tst\VideoOS.Platform.SDK.UnitTests\bin\x64\Debug\net472\VideoOS.Platform.SDK.UnitTests.dll" adapterTypeName="executor://mstestadapter/v2" className="VideoOS.Platform.SDKUnittest.EnvironmentTest" name="Initialize_ShouldCallServiceInit" />
    </UnitTest>
    <UnitTest name="StopRecording_ShouldStopRecording_WhenRecordingIsStarted" storage="d:\actions-runner\_work\xpco\xpco\mip\mipsdk\tst\videoos.platform.sdk.unittests\bin\x64\debug\net472\videoos.platform.sdk.unittests.dll" id="2bc0ce96-c350-d094-ddf7-a0dcbcc01a25">
      <TestCategory>
        <TestCategoryItem TestCategory="AudioRecorder" />
      </TestCategory>
      <Execution id="dd7a712b-b380-4f3e-b0f7-3c2194ded91f" />
      <TestMethod codeBase="D:\actions-runner\_work\XPCO\XPCO\MIP\MIPSDK\tst\VideoOS.Platform.SDK.UnitTests\bin\x64\Debug\net472\VideoOS.Platform.SDK.UnitTests.dll" adapterTypeName="executor://mstestadapter/v2" className="VideoOS.Platform.SDKUnittest.Audio.AudioRecorderTests" name="StopRecording_ShouldStopRecording_WhenRecordingIsStarted" />
    </UnitTest>
    <UnitTest name="CloseCheckForStandalone_Success" storage="d:\actions-runner\_work\xpco\xpco\mip\mipsdk\tst\videoos.platform.sdk.unittests\bin\x64\debug\net472\videoos.platform.sdk.unittests.dll" id="5456b4a7-0c13-564f-de65-ea8a9df057cb">
      <Execution id="99cbf42a-beb3-41cd-ae3e-79fc98c52206" />
      <TestMethod codeBase="D:\actions-runner\_work\XPCO\XPCO\MIP\MIPSDK\tst\VideoOS.Platform.SDK.UnitTests\bin\x64\Debug\net472\VideoOS.Platform.SDK.UnitTests.dll" adapterTypeName="executor://mstestadapter/v2" className="VideoOS.Platform.SDKUnittest.Facades.PluginManagerFacadeTest" name="CloseCheckForStandalone_Success" />
    </UnitTest>
    <UnitTest name="Given_SubScriptionAdded_When_RemoveSubscriptionSuccesful_Then_MethodSucceeds" storage="d:\actions-runner\_work\xpco\xpco\mip\mipsdk\tst\videoos.platform.sdk.unittests\bin\x64\debug\net472\videoos.platform.sdk.unittests.dll" id="e0c41eb4-ca64-4ddf-9983-492652c1f0d6">
      <Execution id="96397217-a2d1-49af-aaff-885dffbacf5e" />
      <TestMethod codeBase="D:\actions-runner\_work\XPCO\XPCO\MIP\MIPSDK\tst\VideoOS.Platform.SDK.UnitTests\bin\x64\Debug\net472\VideoOS.Platform.SDK.UnitTests.dll" adapterTypeName="executor://mstestadapter/v2" className="VideoOS.Platform.SDKUnittest.EventsAndState.EventsAndStateClientTest" name="Given_SubScriptionAdded_When_RemoveSubscriptionSuccesful_Then_MethodSucceeds" />
    </UnitTest>
    <UnitTest name="When_MipTokenCacheIsSet_BearerTokenBehaviourIsAdded" storage="d:\actions-runner\_work\xpco\xpco\mip\mipsdk\tst\videoos.platform.sdk.unittests\bin\x64\debug\net472\videoos.platform.sdk.unittests.dll" id="15ad8216-9c14-c256-63f8-389788086f93">
      <Execution id="e1dd19b1-5404-4eb0-803a-752194659266" />
      <TestMethod codeBase="D:\actions-runner\_work\XPCO\XPCO\MIP\MIPSDK\tst\VideoOS.Platform.SDK.UnitTests\bin\x64\Debug\net472\VideoOS.Platform.SDK.UnitTests.dll" adapterTypeName="executor://mstestadapter/v2" className="VideoOS.Platform.SDKUnittest.Server.ServerClientTest" name="When_MipTokenCacheIsSet_BearerTokenBehaviourIsAdded" />
    </UnitTest>
    <UnitTest name="Given_AcommandIsSent_When_ReceivingAResponseForAnotherCommandding_Then_TheSentCommandTimesOut" storage="d:\actions-runner\_work\xpco\xpco\mip\mipsdk\tst\videoos.platform.sdk.unittests\bin\x64\debug\net472\videoos.platform.sdk.unittests.dll" id="5ca6c285-b0f8-2ebf-22ac-22244ebbf44b">
      <Execution id="2fde3fd2-fb4b-4f31-8a81-0bb4db846d85" />
      <TestMethod codeBase="D:\actions-runner\_work\XPCO\XPCO\MIP\MIPSDK\tst\VideoOS.Platform.SDK.UnitTests\bin\x64\Debug\net472\VideoOS.Platform.SDK.UnitTests.dll" adapterTypeName="executor://mstestadapter/v2" className="VideoOS.Platform.SDKUnittest.EventsAndState.CommandHandlerTest" name="Given_AcommandIsSent_When_ReceivingAResponseForAnotherCommandding_Then_TheSentCommandTimesOut" />
    </UnitTest>
    <UnitTest name="Close_WhenNull_NoException" storage="d:\actions-runner\_work\xpco\xpco\mip\mipsdk\tst\videoos.platform.sdk.unittests\bin\x64\debug\net472\videoos.platform.sdk.unittests.dll" id="01728557-d0ee-3bd0-5338-38b6c6daa989">
      <Execution id="d4d6c871-7b33-4a96-afdd-e5be4d3b9e11" />
      <TestMethod codeBase="D:\actions-runner\_work\XPCO\XPCO\MIP\MIPSDK\tst\VideoOS.Platform.SDK.UnitTests\bin\x64\Debug\net472\VideoOS.Platform.SDK.UnitTests.dll" adapterTypeName="executor://mstestadapter/v2" className="VideoOS.Platform.SDKUnittest.Facades.ClientControlFacadeTest" name="Close_WhenNull_NoException" />
    </UnitTest>
    <UnitTest name="Initialize_ShouldReturnFalse_WhenNoRecordingDeviceIsAvailable" storage="d:\actions-runner\_work\xpco\xpco\mip\mipsdk\tst\videoos.platform.sdk.unittests\bin\x64\debug\net472\videoos.platform.sdk.unittests.dll" id="9e96d681-4077-c58a-c79c-4c329c7488ff">
      <TestCategory>
        <TestCategoryItem TestCategory="AudioRecorder" />
      </TestCategory>
      <Execution id="ef65f5f9-06d9-4a9d-b7fc-9dfb59e17ddf" />
      <TestMethod codeBase="D:\actions-runner\_work\XPCO\XPCO\MIP\MIPSDK\tst\VideoOS.Platform.SDK.UnitTests\bin\x64\Debug\net472\VideoOS.Platform.SDK.UnitTests.dll" adapterTypeName="executor://mstestadapter/v2" className="VideoOS.Platform.SDKUnittest.Audio.AudioRecorderTests" name="Initialize_ShouldReturnFalse_WhenNoRecordingDeviceIsAvailable" />
    </UnitTest>
    <UnitTest name="LiveStop_ConnectedAndNotPlayingLive_AvoidsToolkitReentry" storage="d:\actions-runner\_work\xpco\xpco\mip\mipsdk\tst\videoos.platform.sdk.unittests\bin\x64\debug\net472\videoos.platform.sdk.unittests.dll" id="fc1cab11-50e0-2822-11d6-8684a843d351">
      <TestCategory>
        <TestCategoryItem TestCategory="NAudioPlayerComponent" />
      </TestCategory>
      <Execution id="0d0b748a-70eb-4943-9654-b50ce6eb916b" />
      <TestMethod codeBase="D:\actions-runner\_work\XPCO\XPCO\MIP\MIPSDK\tst\VideoOS.Platform.SDK.UnitTests\bin\x64\Debug\net472\VideoOS.Platform.SDK.UnitTests.dll" adapterTypeName="executor://mstestadapter/v2" className="VideoOS.Platform.SDKUnittest.Audio.NAudioPlayerComponentTest" name="LiveStop_ConnectedAndNotPlayingLive_AvoidsToolkitReentry" />
    </UnitTest>
    <UnitTest name="Given_Nothing_When_AMessageCannotBeParsed_Then_ItIsLoggedAsWarning" storage="d:\actions-runner\_work\xpco\xpco\mip\mipsdk\tst\videoos.platform.sdk.unittests\bin\x64\debug\net472\videoos.platform.sdk.unittests.dll" id="23b8a97d-73db-ca9d-ee8d-e27bad17d5d3">
      <Execution id="3467a92b-ff85-46c5-8581-e9c0d0a88648" />
      <TestMethod codeBase="D:\actions-runner\_work\XPCO\XPCO\MIP\MIPSDK\tst\VideoOS.Platform.SDK.UnitTests\bin\x64\Debug\net472\VideoOS.Platform.SDK.UnitTests.dll" adapterTypeName="executor://mstestadapter/v2" className="VideoOS.Platform.SDKUnittest.EventsAndState.CommandHandlerTest" name="Given_Nothing_When_AMessageCannotBeParsed_Then_ItIsLoggedAsWarning" />
    </UnitTest>
    <UnitTest name="Given_Connected_When_CreateSessionSuccesful_Then_ASessionIdIsReturned" storage="d:\actions-runner\_work\xpco\xpco\mip\mipsdk\tst\videoos.platform.sdk.unittests\bin\x64\debug\net472\videoos.platform.sdk.unittests.dll" id="c7cfb557-b7c6-e2f2-6240-c10413062e2b">
      <Execution id="80860b03-381b-44fd-9c59-18b4b2bed14b" />
      <TestMethod codeBase="D:\actions-runner\_work\XPCO\XPCO\MIP\MIPSDK\tst\VideoOS.Platform.SDK.UnitTests\bin\x64\Debug\net472\VideoOS.Platform.SDK.UnitTests.dll" adapterTypeName="executor://mstestadapter/v2" className="VideoOS.Platform.SDKUnittest.EventsAndState.EventsAndStateClientTest" name="Given_Connected_When_CreateSessionSuccesful_Then_ASessionIdIsReturned" />
    </UnitTest>
    <UnitTest name="XpcoGroupCheck" storage="d:\actions-runner\_work\xpco\xpco\mip\mipsdk\tst\videoos.platform.sdk.unittests\bin\x64\debug\net472\videoos.platform.sdk.unittests.dll" id="6afb3563-c986-73d9-429e-d345f8912c2c">
      <Execution id="1452e4fe-e42a-4898-a536-796a1caae698" />
      <TestMethod codeBase="D:\actions-runner\_work\XPCO\XPCO\MIP\MIPSDK\tst\VideoOS.Platform.SDK.UnitTests\bin\x64\Debug\net472\VideoOS.Platform.SDK.UnitTests.dll" adapterTypeName="executor://mstestadapter/v2" className="VideoOS.Platform.SDKUnittest.Configuration.XpcoConfigurationTest" name="XpcoGroupCheck" />
    </UnitTest>
    <UnitTest name="Remove_WhenCacheHasNoCredential_DoesNothing" storage="d:\actions-runner\_work\xpco\xpco\mip\mipsdk\tst\videoos.platform.sdk.unittests\bin\x64\debug\net472\videoos.platform.sdk.unittests.dll" id="7ab3ecbd-68d0-4cbf-9bde-72fb304bcae6">
      <Execution id="66b6d1ef-09c7-4fe0-a11f-cf080b0628c6" />
      <TestMethod codeBase="D:\actions-runner\_work\XPCO\XPCO\MIP\MIPSDK\tst\VideoOS.Platform.SDK.UnitTests\bin\x64\Debug\net472\VideoOS.Platform.SDK.UnitTests.dll" adapterTypeName="executor://mstestadapter/v2" className="VideoOS.Platform.SDKUnittest.PlatformTests.CredentialCacheServiceTest" name="Remove_WhenCacheHasNoCredential_DoesNothing" />
    </UnitTest>
    <UnitTest name="StartRecording_ShouldThrowException_WhenFreeIsCalled" storage="d:\actions-runner\_work\xpco\xpco\mip\mipsdk\tst\videoos.platform.sdk.unittests\bin\x64\debug\net472\videoos.platform.sdk.unittests.dll" id="507edd3e-d589-f46c-9a31-6fd66195d4a0">
      <TestCategory>
        <TestCategoryItem TestCategory="AudioRecorder" />
      </TestCategory>
      <Execution id="3448c1a8-07e0-4bac-b1eb-d19da5d9b02a" />
      <TestMethod codeBase="D:\actions-runner\_work\XPCO\XPCO\MIP\MIPSDK\tst\VideoOS.Platform.SDK.UnitTests\bin\x64\Debug\net472\VideoOS.Platform.SDK.UnitTests.dll" adapterTypeName="executor://mstestadapter/v2" className="VideoOS.Platform.SDKUnittest.Audio.AudioRecorderTests" name="StartRecording_ShouldThrowException_WhenFreeIsCalled" />
    </UnitTest>
    <UnitTest name="RemoveServer_WithIdWhenLoginSettingsNotNull_Correct" storage="d:\actions-runner\_work\xpco\xpco\mip\mipsdk\tst\videoos.platform.sdk.unittests\bin\x64\debug\net472\videoos.platform.sdk.unittests.dll" id="1c378be1-6602-2c62-b3de-426ce05f22b8">
      <Execution id="1f93262e-e7e9-4eae-8462-7ec9888c8c0b" />
      <TestMethod codeBase="D:\actions-runner\_work\XPCO\XPCO\MIP\MIPSDK\tst\VideoOS.Platform.SDK.UnitTests\bin\x64\Debug\net472\VideoOS.Platform.SDK.UnitTests.dll" adapterTypeName="executor://mstestadapter/v2" className="VideoOS.Platform.SDKUnittest.EnvironmentServiceTest" name="RemoveServer_WithIdWhenLoginSettingsNotNull_Correct" />
    </UnitTest>
    <UnitTest name="Clear_Correct" storage="d:\actions-runner\_work\xpco\xpco\mip\mipsdk\tst\videoos.platform.sdk.unittests\bin\x64\debug\net472\videoos.platform.sdk.unittests.dll" id="e5fc20b5-92e7-3e56-1ed6-e269e15a74db">
      <Execution id="c7257a68-ad97-4f7e-b4cc-23e8f543b0f6" />
      <TestMethod codeBase="D:\actions-runner\_work\XPCO\XPCO\MIP\MIPSDK\tst\VideoOS.Platform.SDK.UnitTests\bin\x64\Debug\net472\VideoOS.Platform.SDK.UnitTests.dll" adapterTypeName="executor://mstestadapter/v2" className="VideoOS.Platform.SDKUnittest.Facades.LoginSettingsCacheFacadeTest" name="Clear_Correct" />
    </UnitTest>
    <UnitTest name="Given_ReceivedMessageIsBadlyFormedJson_When_Parsing_Then_ErrorDescriptionIsReturned" storage="d:\actions-runner\_work\xpco\xpco\mip\mipsdk\tst\videoos.platform.sdk.unittests\bin\x64\debug\net472\videoos.platform.sdk.unittests.dll" id="2509f740-7111-f1e6-910d-8d9558b1e027">
      <Execution id="d357f394-a368-4bdb-b5d5-836547068d67" />
      <TestMethod codeBase="D:\actions-runner\_work\XPCO\XPCO\MIP\MIPSDK\tst\VideoOS.Platform.SDK.UnitTests\bin\x64\Debug\net472\VideoOS.Platform.SDK.UnitTests.dll" adapterTypeName="executor://mstestadapter/v2" className="VideoOS.Platform.SDKUnittest.EventsAndState.MessageParserTests" name="Given_ReceivedMessageIsBadlyFormedJson_When_Parsing_Then_ErrorDescriptionIsReturned" />
    </UnitTest>
    <UnitTest name="TryCreateParentUri_WhenNogotiateAuthHasCredential_ReturnsUrl" storage="d:\actions-runner\_work\xpco\xpco\mip\mipsdk\tst\videoos.platform.sdk.unittests\bin\x64\debug\net472\videoos.platform.sdk.unittests.dll" id="52b4d95e-92b1-ab9e-b0b4-d924fa19acdb">
      <Execution id="2734c971-6cfe-4a93-b8dc-25703386527d" />
      <TestMethod codeBase="D:\actions-runner\_work\XPCO\XPCO\MIP\MIPSDK\tst\VideoOS.Platform.SDK.UnitTests\bin\x64\Debug\net472\VideoOS.Platform.SDK.UnitTests.dll" adapterTypeName="executor://mstestadapter/v2" className="VideoOS.Platform.SDKUnittest.PlatformTests.CredentialCacheServiceTest" name="TryCreateParentUri_WhenNogotiateAuthHasCredential_ReturnsUrl" />
    </UnitTest>
    <UnitTest name="XpcoCameraConfigTests" storage="d:\actions-runner\_work\xpco\xpco\mip\mipsdk\tst\videoos.platform.sdk.unittests\bin\x64\debug\net472\videoos.platform.sdk.unittests.dll" id="d19447d6-1286-80a0-b9eb-927576af8553">
      <Execution id="3e1d8afe-bddc-4d4f-b98c-c58bb471a611" />
      <TestMethod codeBase="D:\actions-runner\_work\XPCO\XPCO\MIP\MIPSDK\tst\VideoOS.Platform.SDK.UnitTests\bin\x64\Debug\net472\VideoOS.Platform.SDK.UnitTests.dll" adapterTypeName="executor://mstestadapter/v2" className="VideoOS.Platform.SDKUnittest.Configuration.XpcoConfigurationTest" name="XpcoCameraConfigTests" />
    </UnitTest>
    <UnitTest name="Remove_WhenNotBasicUser_RemovesWithNegotiateAuth" storage="d:\actions-runner\_work\xpco\xpco\mip\mipsdk\tst\videoos.platform.sdk.unittests\bin\x64\debug\net472\videoos.platform.sdk.unittests.dll" id="b4e531fb-82d4-9ed8-d68f-599b17f00f1b">
      <Execution id="ac5f5263-1599-49b7-bc82-669746a58bea" />
      <TestMethod codeBase="D:\actions-runner\_work\XPCO\XPCO\MIP\MIPSDK\tst\VideoOS.Platform.SDK.UnitTests\bin\x64\Debug\net472\VideoOS.Platform.SDK.UnitTests.dll" adapterTypeName="executor://mstestadapter/v2" className="VideoOS.Platform.SDKUnittest.PlatformTests.CredentialCacheServiceTest" name="Remove_WhenNotBasicUser_RemovesWithNegotiateAuth" />
    </UnitTest>
    <UnitTest name="Init_Success" storage="d:\actions-runner\_work\xpco\xpco\mip\mipsdk\tst\videoos.platform.sdk.unittests\bin\x64\debug\net472\videoos.platform.sdk.unittests.dll" id="425d7606-d05b-43b7-5f3e-aef51500fc4a">
      <Execution id="bd4670ed-5eca-44f4-aa3a-c2a3ac286188" />
      <TestMethod codeBase="D:\actions-runner\_work\XPCO\XPCO\MIP\MIPSDK\tst\VideoOS.Platform.SDK.UnitTests\bin\x64\Debug\net472\VideoOS.Platform.SDK.UnitTests.dll" adapterTypeName="executor://mstestadapter/v2" className="VideoOS.Platform.SDKUnittest.EnvironmentServiceTest" name="Init_Success" />
    </UnitTest>
    <UnitTest name="Remove_Correct" storage="d:\actions-runner\_work\xpco\xpco\mip\mipsdk\tst\videoos.platform.sdk.unittests\bin\x64\debug\net472\videoos.platform.sdk.unittests.dll" id="170542a8-dc94-1eae-8e61-7f4921b86749">
      <Execution id="d09ca8ee-2244-488c-bddf-142dd7a14927" />
      <TestMethod codeBase="D:\actions-runner\_work\XPCO\XPCO\MIP\MIPSDK\tst\VideoOS.Platform.SDK.UnitTests\bin\x64\Debug\net472\VideoOS.Platform.SDK.UnitTests.dll" adapterTypeName="executor://mstestadapter/v2" className="VideoOS.Platform.SDKUnittest.Facades.LoginSettingsCacheFacadeTest" name="Remove_Correct" />
    </UnitTest>
    <UnitTest name="CheckToMillisecString" storage="d:\actions-runner\_work\xpco\xpco\mip\mipsdk\tst\videoos.platform.sdk.unittests\bin\x64\debug\net472\videoos.platform.sdk.unittests.dll" id="170c026e-6a95-4bb2-d08c-c04ad61f24e2">
      <Execution id="c1fd28ff-8651-4df2-b874-419af6e97e05" />
      <TestMethod codeBase="D:\actions-runner\_work\XPCO\XPCO\MIP\MIPSDK\tst\VideoOS.Platform.SDK.UnitTests\bin\x64\Debug\net472\VideoOS.Platform.SDK.UnitTests.dll" adapterTypeName="executor://mstestadapter/v2" className="VideoOS.Platform.SDKUnittest.FeatureTests.TimeConverterTests" name="CheckToMillisecString" />
    </UnitTest>
    <UnitTest name="OAuthServerIsOnline" storage="d:\actions-runner\_work\xpco\xpco\mip\mipsdk\tst\videoos.platform.sdk.unittests\bin\x64\debug\net472\videoos.platform.sdk.unittests.dll" id="2282d201-fae3-68ca-fb9b-da7ba770e221">
      <Execution id="6b5dd347-f3a5-4537-8923-2d9a4db6fe54" />
      <TestMethod codeBase="D:\actions-runner\_work\XPCO\XPCO\MIP\MIPSDK\tst\VideoOS.Platform.SDK.UnitTests\bin\x64\Debug\net472\VideoOS.Platform.SDK.UnitTests.dll" adapterTypeName="executor://mstestadapter/v2" className="VideoOS.Platform.SDKUnittest.Server.ConnectTest" name="OAuthServerIsOnline" />
    </UnitTest>
    <UnitTest name="CompareFail" storage="d:\actions-runner\_work\xpco\xpco\mip\mipsdk\tst\videoos.platform.sdk.unittests\bin\x64\debug\net472\videoos.platform.sdk.unittests.dll" id="96c1c139-ef84-2793-7b75-ec53f5430e80">
      <Execution id="522c6a67-56a0-4f17-9596-8538f4e6c2c1" />
      <TestMethod codeBase="D:\actions-runner\_work\XPCO\XPCO\MIP\MIPSDK\tst\VideoOS.Platform.SDK.UnitTests\bin\x64\Debug\net472\VideoOS.Platform.SDK.UnitTests.dll" adapterTypeName="executor://mstestadapter/v2" className="VideoOS.Platform.SDKUnittest.FeatureTests.UriUtilTest" name="CompareFail" />
    </UnitTest>
    <UnitTest name="LoadConfiguration_Correct" storage="d:\actions-runner\_work\xpco\xpco\mip\mipsdk\tst\videoos.platform.sdk.unittests\bin\x64\debug\net472\videoos.platform.sdk.unittests.dll" id="ef02471d-d90f-d7cc-ccc2-806bfb1ff8c0">
      <Execution id="7cbb0751-6bb0-4fbe-a922-f55b69408fd1" />
      <TestMethod codeBase="D:\actions-runner\_work\XPCO\XPCO\MIP\MIPSDK\tst\VideoOS.Platform.SDK.UnitTests\bin\x64\Debug\net472\VideoOS.Platform.SDK.UnitTests.dll" adapterTypeName="executor://mstestadapter/v2" className="VideoOS.Platform.SDKUnittest.EnvironmentServiceTest" name="LoadConfiguration_Correct" />
    </UnitTest>
    <UnitTest name="TryCreateParentUri_WhenFirstUrlKeyPresent_ReturnsIt" storage="d:\actions-runner\_work\xpco\xpco\mip\mipsdk\tst\videoos.platform.sdk.unittests\bin\x64\debug\net472\videoos.platform.sdk.unittests.dll" id="e7459368-bf71-df4a-32b1-79ab60633652">
      <Execution id="8b0f7d57-cd20-4e4c-8d44-5f0e8df9e7ce" />
      <TestMethod codeBase="D:\actions-runner\_work\XPCO\XPCO\MIP\MIPSDK\tst\VideoOS.Platform.SDK.UnitTests\bin\x64\Debug\net472\VideoOS.Platform.SDK.UnitTests.dll" adapterTypeName="executor://mstestadapter/v2" className="VideoOS.Platform.SDKUnittest.PlatformTests.CredentialCacheServiceTest" name="TryCreateParentUri_WhenFirstUrlKeyPresent_ReturnsIt" />
    </UnitTest>
    <UnitTest name="StartRecording_ShouldThrowException_WhenAudioRecorderIsNotInitialized" storage="d:\actions-runner\_work\xpco\xpco\mip\mipsdk\tst\videoos.platform.sdk.unittests\bin\x64\debug\net472\videoos.platform.sdk.unittests.dll" id="ae70990e-978a-6321-3b73-faa00506386d">
      <TestCategory>
        <TestCategoryItem TestCategory="AudioRecorder" />
      </TestCategory>
      <Execution id="5c38df8a-4977-4479-ada0-f890c248d371" />
      <TestMethod codeBase="D:\actions-runner\_work\XPCO\XPCO\MIP\MIPSDK\tst\VideoOS.Platform.SDK.UnitTests\bin\x64\Debug\net472\VideoOS.Platform.SDK.UnitTests.dll" adapterTypeName="executor://mstestadapter/v2" className="VideoOS.Platform.SDKUnittest.Audio.AudioRecorderTests" name="StartRecording_ShouldThrowException_WhenAudioRecorderIsNotInitialized" />
    </UnitTest>
    <UnitTest name="MergeCredentialCache_WhenAlreadyHasCredential_DoesntMerge" storage="d:\actions-runner\_work\xpco\xpco\mip\mipsdk\tst\videoos.platform.sdk.unittests\bin\x64\debug\net472\videoos.platform.sdk.unittests.dll" id="d1e2ee3a-5497-84fa-1720-32c96fcd92e7">
      <Execution id="e5b5b2ae-2fe7-44d7-8eb6-60f62762ccb6" />
      <TestMethod codeBase="D:\actions-runner\_work\XPCO\XPCO\MIP\MIPSDK\tst\VideoOS.Platform.SDK.UnitTests\bin\x64\Debug\net472\VideoOS.Platform.SDK.UnitTests.dll" adapterTypeName="executor://mstestadapter/v2" className="VideoOS.Platform.SDKUnittest.PlatformTests.CredentialCacheServiceTest" name="MergeCredentialCache_WhenAlreadyHasCredential_DoesntMerge" />
    </UnitTest>
    <UnitTest name="StripXmlHeader_WhenHeaderPresent_StripsItOut" storage="d:\actions-runner\_work\xpco\xpco\mip\mipsdk\tst\videoos.platform.sdk.unittests\bin\x64\debug\net472\videoos.platform.sdk.unittests.dll" id="1d9f532a-78eb-f4e1-0dd2-c5f03d1be90f">
      <Execution id="5e5caa48-9c59-4648-8aae-c165d05557d8" />
      <TestMethod codeBase="D:\actions-runner\_work\XPCO\XPCO\MIP\MIPSDK\tst\VideoOS.Platform.SDK.UnitTests\bin\x64\Debug\net472\VideoOS.Platform.SDK.UnitTests.dll" adapterTypeName="executor://mstestadapter/v2" className="VideoOS.Platform.SDKUnittest.Util.ConfigUtilTest" name="StripXmlHeader_WhenHeaderPresent_StripsItOut" />
    </UnitTest>
    <UnitTest name="HandleStateChanged_StateConnectionFailed_ConnectedIsFalseAndEventFired" storage="d:\actions-runner\_work\xpco\xpco\mip\mipsdk\tst\videoos.platform.sdk.unittests\bin\x64\debug\net472\videoos.platform.sdk.unittests.dll" id="b4915057-6c4f-8190-48c2-5491b3a35473">
      <TestCategory>
        <TestCategoryItem TestCategory="NAudioPlayerComponent" />
      </TestCategory>
      <Execution id="0826e62b-8397-4a14-b2da-688b1e39c9a6" />
      <TestMethod codeBase="D:\actions-runner\_work\XPCO\XPCO\MIP\MIPSDK\tst\VideoOS.Platform.SDK.UnitTests\bin\x64\Debug\net472\VideoOS.Platform.SDK.UnitTests.dll" adapterTypeName="executor://mstestadapter/v2" className="VideoOS.Platform.SDKUnittest.Audio.NAudioPlayerComponentTest" name="HandleStateChanged_StateConnectionFailed_ConnectedIsFalseAndEventFired" />
    </UnitTest>
    <UnitTest name="ScheduleDeletionOfToolkit_FactoryDeletesToolkitInstance" storage="d:\actions-runner\_work\xpco\xpco\mip\mipsdk\tst\videoos.platform.sdk.unittests\bin\x64\debug\net472\videoos.platform.sdk.unittests.dll" id="6eb5e2ab-2e52-184d-9e36-3b40855937d4">
      <TestCategory>
        <TestCategoryItem TestCategory="NAudioPlayerComponent" />
      </TestCategory>
      <Execution id="bc310fd3-a413-4d94-a17c-6ebc6bd09818" />
      <TestMethod codeBase="D:\actions-runner\_work\XPCO\XPCO\MIP\MIPSDK\tst\VideoOS.Platform.SDK.UnitTests\bin\x64\Debug\net472\VideoOS.Platform.SDK.UnitTests.dll" adapterTypeName="executor://mstestadapter/v2" className="VideoOS.Platform.SDKUnittest.Audio.NAudioPlayerComponentTest" name="ScheduleDeletionOfToolkit_FactoryDeletesToolkitInstance" />
    </UnitTest>
    <UnitTest name="Free_ShouldNotChangeRecordingStatus_WhenRecordingIsNotStarted" storage="d:\actions-runner\_work\xpco\xpco\mip\mipsdk\tst\videoos.platform.sdk.unittests\bin\x64\debug\net472\videoos.platform.sdk.unittests.dll" id="48cb99ba-5270-df3c-8533-76671ff09a4c">
      <TestCategory>
        <TestCategoryItem TestCategory="AudioRecorder" />
      </TestCategory>
      <Execution id="0d6be11e-12d2-40da-9c5b-2601b5b02c24" />
      <TestMethod codeBase="D:\actions-runner\_work\XPCO\XPCO\MIP\MIPSDK\tst\VideoOS.Platform.SDK.UnitTests\bin\x64\Debug\net472\VideoOS.Platform.SDK.UnitTests.dll" adapterTypeName="executor://mstestadapter/v2" className="VideoOS.Platform.SDKUnittest.Audio.AudioRecorderTests" name="Free_ShouldNotChangeRecordingStatus_WhenRecordingIsNotStarted" />
    </UnitTest>
    <UnitTest name="CheckToDouble" storage="d:\actions-runner\_work\xpco\xpco\mip\mipsdk\tst\videoos.platform.sdk.unittests\bin\x64\debug\net472\videoos.platform.sdk.unittests.dll" id="2c92124b-c5f5-19a5-8432-332f4bcae799">
      <Execution id="e7f1bda3-9812-4e91-8b8c-274cec926c1a" />
      <TestMethod codeBase="D:\actions-runner\_work\XPCO\XPCO\MIP\MIPSDK\tst\VideoOS.Platform.SDK.UnitTests\bin\x64\Debug\net472\VideoOS.Platform.SDK.UnitTests.dll" adapterTypeName="executor://mstestadapter/v2" className="VideoOS.Platform.SDKUnittest.FeatureTests.TimeConverterTests" name="CheckToDouble" />
    </UnitTest>
    <UnitTest name="Given_Connected_When_AResponseIsUnSuccesful_Then_AnExceptionIsThrown" storage="d:\actions-runner\_work\xpco\xpco\mip\mipsdk\tst\videoos.platform.sdk.unittests\bin\x64\debug\net472\videoos.platform.sdk.unittests.dll" id="fb5100d5-9a8d-d95c-0716-79d1d251b3ac">
      <Execution id="f04bb584-8eae-4122-8e61-e2e4b3cc22dd" />
      <TestMethod codeBase="D:\actions-runner\_work\XPCO\XPCO\MIP\MIPSDK\tst\VideoOS.Platform.SDK.UnitTests\bin\x64\Debug\net472\VideoOS.Platform.SDK.UnitTests.dll" adapterTypeName="executor://mstestadapter/v2" className="VideoOS.Platform.SDKUnittest.EventsAndState.CommandHandlerTest" name="Given_Connected_When_AResponseIsUnSuccesful_Then_AnExceptionIsThrown" />
    </UnitTest>
    <UnitTest name="MergeCredentialCache_WhenException_Logs" storage="d:\actions-runner\_work\xpco\xpco\mip\mipsdk\tst\videoos.platform.sdk.unittests\bin\x64\debug\net472\videoos.platform.sdk.unittests.dll" id="892ffa70-f349-35d4-9ae8-df9e08b6a0a5">
      <Execution id="72ad06be-089a-42cc-8ead-de608ba7b104" />
      <TestMethod codeBase="D:\actions-runner\_work\XPCO\XPCO\MIP\MIPSDK\tst\VideoOS.Platform.SDK.UnitTests\bin\x64\Debug\net472\VideoOS.Platform.SDK.UnitTests.dll" adapterTypeName="executor://mstestadapter/v2" className="VideoOS.Platform.SDKUnittest.PlatformTests.CredentialCacheServiceTest" name="MergeCredentialCache_WhenException_Logs" />
    </UnitTest>
    <UnitTest name="Given_Nothing_When_SendingACommand_Then_CommandReturnsWhenResponseIsReceived" storage="d:\actions-runner\_work\xpco\xpco\mip\mipsdk\tst\videoos.platform.sdk.unittests\bin\x64\debug\net472\videoos.platform.sdk.unittests.dll" id="4c36fbe1-f8de-13b2-bcb1-e7ce9596a021">
      <Execution id="501d6bed-37e9-4409-93e8-44dcc7283096" />
      <TestMethod codeBase="D:\actions-runner\_work\XPCO\XPCO\MIP\MIPSDK\tst\VideoOS.Platform.SDK.UnitTests\bin\x64\Debug\net472\VideoOS.Platform.SDK.UnitTests.dll" adapterTypeName="executor://mstestadapter/v2" className="VideoOS.Platform.SDKUnittest.EventsAndState.CommandHandlerTest" name="Given_Nothing_When_SendingACommand_Then_CommandReturnsWhenResponseIsReceived" />
    </UnitTest>
    <UnitTest name="Given_EventHandlerIsCreated_When_ReceivingEventMessage_Then_EventsAreSentToAllReceivers" storage="d:\actions-runner\_work\xpco\xpco\mip\mipsdk\tst\videoos.platform.sdk.unittests\bin\x64\debug\net472\videoos.platform.sdk.unittests.dll" id="9a32c8de-c721-c8df-01b2-8fdff9dd18ca">
      <Execution id="0b7a372f-33cb-4a22-a633-dd886d476aa5" />
      <TestMethod codeBase="D:\actions-runner\_work\XPCO\XPCO\MIP\MIPSDK\tst\VideoOS.Platform.SDK.UnitTests\bin\x64\Debug\net472\VideoOS.Platform.SDK.UnitTests.dll" adapterTypeName="executor://mstestadapter/v2" className="VideoOS.Platform.SDKUnittest.EventsAndState.EventHandlerTest" name="Given_EventHandlerIsCreated_When_ReceivingEventMessage_Then_EventsAreSentToAllReceivers" />
    </UnitTest>
    <UnitTest name="Given_Connected_When_CreateSessionTimesOut_Then_AnExceptionIsThrown" storage="d:\actions-runner\_work\xpco\xpco\mip\mipsdk\tst\videoos.platform.sdk.unittests\bin\x64\debug\net472\videoos.platform.sdk.unittests.dll" id="346fbfa0-3649-8251-d8d1-a07b030b1578">
      <Execution id="8c8f47ce-2759-42d1-ac6f-6f29eb6b699b" />
      <TestMethod codeBase="D:\actions-runner\_work\XPCO\XPCO\MIP\MIPSDK\tst\VideoOS.Platform.SDK.UnitTests\bin\x64\Debug\net472\VideoOS.Platform.SDK.UnitTests.dll" adapterTypeName="executor://mstestadapter/v2" className="VideoOS.Platform.SDKUnittest.EventsAndState.EventsAndStateClientTest" name="Given_Connected_When_CreateSessionTimesOut_Then_AnExceptionIsThrown" />
    </UnitTest>
    <UnitTest name="TestSubscription" storage="d:\actions-runner\_work\xpco\xpco\mip\mipsdk\tst\videoos.platform.sdk.unittests\bin\x64\debug\net472\videoos.platform.sdk.unittests.dll" id="da1dce8b-3a10-e5c9-618b-cbfea5058c69">
      <Execution id="6306cc34-2b25-46a8-a8a4-a5490ff3df91" />
      <TestMethod codeBase="D:\actions-runner\_work\XPCO\XPCO\MIP\MIPSDK\tst\VideoOS.Platform.SDK.UnitTests\bin\x64\Debug\net472\VideoOS.Platform.SDK.UnitTests.dll" adapterTypeName="executor://mstestadapter/v2" className="VideoOS.Platform.SDKUnittest.EventsAndState.SerializationTests" name="TestSubscription" />
    </UnitTest>
    <UnitTest name="AddServer_WithLoginSettings_MasterOnlyTrue_CorrectlyPassed" storage="d:\actions-runner\_work\xpco\xpco\mip\mipsdk\tst\videoos.platform.sdk.unittests\bin\x64\debug\net472\videoos.platform.sdk.unittests.dll" id="f4f1f3cd-b04f-c623-3d30-8c01b6f83066">
      <Execution id="dfa2c220-2857-4e5c-a511-f8c0b539f970" />
      <TestMethod codeBase="D:\actions-runner\_work\XPCO\XPCO\MIP\MIPSDK\tst\VideoOS.Platform.SDK.UnitTests\bin\x64\Debug\net472\VideoOS.Platform.SDK.UnitTests.dll" adapterTypeName="executor://mstestadapter/v2" className="VideoOS.Platform.SDKUnittest.EnvironmentServiceTest" name="AddServer_WithLoginSettings_MasterOnlyTrue_CorrectlyPassed" />
    </UnitTest>
    <UnitTest name="Initialize_ShouldSetInstances" storage="d:\actions-runner\_work\xpco\xpco\mip\mipsdk\tst\videoos.platform.sdk.unittests\bin\x64\debug\net472\videoos.platform.sdk.unittests.dll" id="6e75c7b2-82c6-9596-e538-6098a4826ccc">
      <Execution id="490d61d0-52f6-400f-84bf-fefd42d0cf9b" />
      <TestMethod codeBase="D:\actions-runner\_work\XPCO\XPCO\MIP\MIPSDK\tst\VideoOS.Platform.SDK.UnitTests\bin\x64\Debug\net472\VideoOS.Platform.SDK.UnitTests.dll" adapterTypeName="executor://mstestadapter/v2" className="VideoOS.Platform.SDKUnittest.EnvironmentTest" name="Initialize_ShouldSetInstances" />
    </UnitTest>
    <UnitTest name="LoadSiteItem_Success" storage="d:\actions-runner\_work\xpco\xpco\mip\mipsdk\tst\videoos.platform.sdk.unittests\bin\x64\debug\net472\videoos.platform.sdk.unittests.dll" id="6921a09d-04ff-2013-2cd1-d68e7b47c780">
      <Execution id="9a09f7b0-907c-4715-b9d1-9f2f4baf3ecc" />
      <TestMethod codeBase="D:\actions-runner\_work\XPCO\XPCO\MIP\MIPSDK\tst\VideoOS.Platform.SDK.UnitTests\bin\x64\Debug\net472\VideoOS.Platform.SDK.UnitTests.dll" adapterTypeName="executor://mstestadapter/v2" className="VideoOS.Platform.SDKUnittest.EnvironmentServiceTest" name="LoadSiteItem_Success" />
    </UnitTest>
    <UnitTest name="RemoveServer_WithUriWhenLoginSettingsNotNull_Correct" storage="d:\actions-runner\_work\xpco\xpco\mip\mipsdk\tst\videoos.platform.sdk.unittests\bin\x64\debug\net472\videoos.platform.sdk.unittests.dll" id="ffdb0d83-235f-7713-020c-369ea19b66a1">
      <Execution id="742af966-e5d8-40af-8f35-706fe4bc89ca" />
      <TestMethod codeBase="D:\actions-runner\_work\XPCO\XPCO\MIP\MIPSDK\tst\VideoOS.Platform.SDK.UnitTests\bin\x64\Debug\net472\VideoOS.Platform.SDK.UnitTests.dll" adapterTypeName="executor://mstestadapter/v2" className="VideoOS.Platform.SDKUnittest.EnvironmentServiceTest" name="RemoveServer_WithUriWhenLoginSettingsNotNull_Correct" />
    </UnitTest>
    <UnitTest name="GetSequencesForMicrophone" storage="d:\actions-runner\_work\xpco\xpco\mip\mipsdk\tst\videoos.platform.sdk.unittests\bin\x64\debug\net472\videoos.platform.sdk.unittests.dll" id="0adf935d-caf6-29b9-4c8c-8321341fd342">
      <Execution id="3656a507-6b1f-4120-90e1-f69f561e34df" />
      <TestMethod codeBase="D:\actions-runner\_work\XPCO\XPCO\MIP\MIPSDK\tst\VideoOS.Platform.SDK.UnitTests\bin\x64\Debug\net472\VideoOS.Platform.SDK.UnitTests.dll" adapterTypeName="executor://mstestadapter/v2" className="VideoOS.Platform.SDKUnittest.VideoTest.MediaTests" name="GetSequencesForMicrophone" />
    </UnitTest>
    <UnitTest name="IsLoggedIn_Correct" storage="d:\actions-runner\_work\xpco\xpco\mip\mipsdk\tst\videoos.platform.sdk.unittests\bin\x64\debug\net472\videoos.platform.sdk.unittests.dll" id="15bcd984-07b3-3ad0-b259-4c4f5e06c1bd">
      <Execution id="64a45301-48b2-4961-96f1-c974e4472797" />
      <TestMethod codeBase="D:\actions-runner\_work\XPCO\XPCO\MIP\MIPSDK\tst\VideoOS.Platform.SDK.UnitTests\bin\x64\Debug\net472\VideoOS.Platform.SDK.UnitTests.dll" adapterTypeName="executor://mstestadapter/v2" className="VideoOS.Platform.SDKUnittest.EnvironmentServiceTest" name="IsLoggedIn_Correct" />
    </UnitTest>
    <UnitTest name="XpcoServerConnectedSuccess" storage="d:\actions-runner\_work\xpco\xpco\mip\mipsdk\tst\videoos.platform.sdk.unittests\bin\x64\debug\net472\videoos.platform.sdk.unittests.dll" id="5c75fd4c-e523-4c4d-59cb-37282a3e3596">
      <Execution id="b8d81f5b-78d4-43a0-9ce8-3d47edbe5d0f" />
      <TestMethod codeBase="D:\actions-runner\_work\XPCO\XPCO\MIP\MIPSDK\tst\VideoOS.Platform.SDK.UnitTests\bin\x64\Debug\net472\VideoOS.Platform.SDK.UnitTests.dll" adapterTypeName="executor://mstestadapter/v2" className="VideoOS.Platform.SDKUnittest.Configuration.XpcoConfigurationTest" name="XpcoServerConnectedSuccess" />
    </UnitTest>
    <UnitTest name="When_MipTokenCacheIsNotSet_BearerTokenBehaviourNotAdded" storage="d:\actions-runner\_work\xpco\xpco\mip\mipsdk\tst\videoos.platform.sdk.unittests\bin\x64\debug\net472\videoos.platform.sdk.unittests.dll" id="3fc2f323-2eb1-98df-4545-bd5563c5cdc9">
      <Execution id="bf6e693a-b9c8-4497-95bb-81498d33f91d" />
      <TestMethod codeBase="D:\actions-runner\_work\XPCO\XPCO\MIP\MIPSDK\tst\VideoOS.Platform.SDK.UnitTests\bin\x64\Debug\net472\VideoOS.Platform.SDK.UnitTests.dll" adapterTypeName="executor://mstestadapter/v2" className="VideoOS.Platform.SDKUnittest.Server.ServerClientTest" name="When_MipTokenCacheIsNotSet_BearerTokenBehaviourNotAdded" />
    </UnitTest>
    <UnitTest name="Initialize_ShouldSetUserContextConfiguration" storage="d:\actions-runner\_work\xpco\xpco\mip\mipsdk\tst\videoos.platform.sdk.unittests\bin\x64\debug\net472\videoos.platform.sdk.unittests.dll" id="a4c6d443-fa01-dcc3-6d3b-7e396f5ee185">
      <Execution id="c6d27734-d0b8-402b-bbc4-b6247d5c52e2" />
      <TestMethod codeBase="D:\actions-runner\_work\XPCO\XPCO\MIP\MIPSDK\tst\VideoOS.Platform.SDK.UnitTests\bin\x64\Debug\net472\VideoOS.Platform.SDK.UnitTests.dll" adapterTypeName="executor://mstestadapter/v2" className="VideoOS.Platform.SDKUnittest.EnvironmentTest" name="Initialize_ShouldSetUserContextConfiguration" />
    </UnitTest>
    <UnitTest name="PlaybackStart_NotConnected_DoesNotCrash" storage="d:\actions-runner\_work\xpco\xpco\mip\mipsdk\tst\videoos.platform.sdk.unittests\bin\x64\debug\net472\videoos.platform.sdk.unittests.dll" id="a8f489fb-4bcd-8cf4-eb18-2db2a9c9dea0">
      <TestCategory>
        <TestCategoryItem TestCategory="NAudioPlayerComponent" />
      </TestCategory>
      <Execution id="d47b6cec-959e-419c-b3a0-4a2c67419a7e" />
      <TestMethod codeBase="D:\actions-runner\_work\XPCO\XPCO\MIP\MIPSDK\tst\VideoOS.Platform.SDK.UnitTests\bin\x64\Debug\net472\VideoOS.Platform.SDK.UnitTests.dll" adapterTypeName="executor://mstestadapter/v2" className="VideoOS.Platform.SDKUnittest.Audio.NAudioPlayerComponentTest" name="PlaybackStart_NotConnected_DoesNotCrash" />
    </UnitTest>
    <UnitTest name="RemoveServer_WithUriWhenSystemInfoListNotEmpty_NotSettingApploggedStateToFalse" storage="d:\actions-runner\_work\xpco\xpco\mip\mipsdk\tst\videoos.platform.sdk.unittests\bin\x64\debug\net472\videoos.platform.sdk.unittests.dll" id="5db9cdb8-0fa4-0c5c-b336-2c08e8318f3a">
      <Execution id="b6cc5d82-e33a-460f-8f8a-9a3ede9e017a" />
      <TestMethod codeBase="D:\actions-runner\_work\XPCO\XPCO\MIP\MIPSDK\tst\VideoOS.Platform.SDK.UnitTests\bin\x64\Debug\net472\VideoOS.Platform.SDK.UnitTests.dll" adapterTypeName="executor://mstestadapter/v2" className="VideoOS.Platform.SDKUnittest.EnvironmentServiceTest" name="RemoveServer_WithUriWhenSystemInfoListNotEmpty_NotSettingApploggedStateToFalse" />
    </UnitTest>
    <UnitTest name="GetJpegFirstSpacePath" storage="d:\actions-runner\_work\xpco\xpco\mip\mipsdk\tst\videoos.platform.sdk.unittests\bin\x64\debug\net472\videoos.platform.sdk.unittests.dll" id="8539d4fd-7e67-da82-911e-4911873c1bd9">
      <Execution id="8f80a2fb-00df-431c-9fe7-7e730d8aba2d" />
      <TestMethod codeBase="D:\actions-runner\_work\XPCO\XPCO\MIP\MIPSDK\tst\VideoOS.Platform.SDK.UnitTests\bin\x64\Debug\net472\VideoOS.Platform.SDK.UnitTests.dll" adapterTypeName="executor://mstestadapter/v2" className="VideoOS.Platform.SDKUnittest.VideoTest.MediaTests" name="GetJpegFirstSpacePath" />
    </UnitTest>
    <UnitTest name="Login_WhenNotLoggedIn_ThrowConfigurationLastException" storage="d:\actions-runner\_work\xpco\xpco\mip\mipsdk\tst\videoos.platform.sdk.unittests\bin\x64\debug\net472\videoos.platform.sdk.unittests.dll" id="0f702e68-d31d-e48d-5cda-ae2e55caa68e">
      <Execution id="c8d0b39d-d857-4aa1-b2bc-2dbdcbc89a77" />
      <TestMethod codeBase="D:\actions-runner\_work\XPCO\XPCO\MIP\MIPSDK\tst\VideoOS.Platform.SDK.UnitTests\bin\x64\Debug\net472\VideoOS.Platform.SDK.UnitTests.dll" adapterTypeName="executor://mstestadapter/v2" className="VideoOS.Platform.SDKUnittest.EnvironmentServiceTest" name="Login_WhenNotLoggedIn_ThrowConfigurationLastException" />
    </UnitTest>
    <UnitTest name="XpcoSiteInfoUriWithType" storage="d:\actions-runner\_work\xpco\xpco\mip\mipsdk\tst\videoos.platform.sdk.unittests\bin\x64\debug\net472\videoos.platform.sdk.unittests.dll" id="56cbaa9d-4f02-3ab9-a0f7-ef1ee9ad216c">
      <Execution id="62c38481-be9f-4919-ad9f-7302bf4e69bb" />
      <TestMethod codeBase="D:\actions-runner\_work\XPCO\XPCO\MIP\MIPSDK\tst\VideoOS.Platform.SDK.UnitTests\bin\x64\Debug\net472\VideoOS.Platform.SDK.UnitTests.dll" adapterTypeName="executor://mstestadapter/v2" className="VideoOS.Platform.SDKUnittest.EnvironmentTests.MultiUserEnvironmentTests" name="XpcoSiteInfoUriWithType" />
    </UnitTest>
    <UnitTest name="DisposingBeforeConnectIsDone_ShouldNotThrowException" storage="d:\actions-runner\_work\xpco\xpco\mip\mipsdk\tst\videoos.platform.sdk.unittests\bin\x64\debug\net472\videoos.platform.sdk.unittests.dll" id="c0865429-3866-2dd1-bc73-a54af982297e">
      <Execution id="e72d9121-a937-4a25-a860-c15bfcc51872" />
      <TestMethod codeBase="D:\actions-runner\_work\XPCO\XPCO\MIP\MIPSDK\tst\VideoOS.Platform.SDK.UnitTests\bin\x64\Debug\net472\VideoOS.Platform.SDK.UnitTests.dll" adapterTypeName="executor://mstestadapter/v2" className="VideoOS.Platform.SDKUnittest.EventsAndState.EventsAndStateSessionTest" name="DisposingBeforeConnectIsDone_ShouldNotThrowException" />
    </UnitTest>
    <UnitTest name="HandleStateChanged_StateDisconnected_ConnectedIsFalseAndEventFired" storage="d:\actions-runner\_work\xpco\xpco\mip\mipsdk\tst\videoos.platform.sdk.unittests\bin\x64\debug\net472\videoos.platform.sdk.unittests.dll" id="9e508b96-cfd4-c55d-5eaa-c8158310f114">
      <TestCategory>
        <TestCategoryItem TestCategory="NAudioPlayerComponent" />
      </TestCategory>
      <Execution id="22e80401-4dee-48c7-86bd-fcdc34a4cec1" />
      <TestMethod codeBase="D:\actions-runner\_work\XPCO\XPCO\MIP\MIPSDK\tst\VideoOS.Platform.SDK.UnitTests\bin\x64\Debug\net472\VideoOS.Platform.SDK.UnitTests.dll" adapterTypeName="executor://mstestadapter/v2" className="VideoOS.Platform.SDKUnittest.Audio.NAudioPlayerComponentTest" name="HandleStateChanged_StateDisconnected_ConnectedIsFalseAndEventFired" />
    </UnitTest>
    <UnitTest name="Given_Connected_When_ResumeSessionSuccesful_Then_ASuccessAndSessionIdIsReturned" storage="d:\actions-runner\_work\xpco\xpco\mip\mipsdk\tst\videoos.platform.sdk.unittests\bin\x64\debug\net472\videoos.platform.sdk.unittests.dll" id="6326290f-8e50-bc28-9f9e-5ff9f9bd3c53">
      <Execution id="513a9b22-bb99-4151-9a81-8223066a0707" />
      <TestMethod codeBase="D:\actions-runner\_work\XPCO\XPCO\MIP\MIPSDK\tst\VideoOS.Platform.SDK.UnitTests\bin\x64\Debug\net472\VideoOS.Platform.SDK.UnitTests.dll" adapterTypeName="executor://mstestadapter/v2" className="VideoOS.Platform.SDKUnittest.EventsAndState.EventsAndStateClientTest" name="Given_Connected_When_ResumeSessionSuccesful_Then_ASuccessAndSessionIdIsReturned" />
    </UnitTest>
    <UnitTest name="CheckBaseTime1970FromInt" storage="d:\actions-runner\_work\xpco\xpco\mip\mipsdk\tst\videoos.platform.sdk.unittests\bin\x64\debug\net472\videoos.platform.sdk.unittests.dll" id="4bb35674-bcae-db3f-8d79-6da9552ffd66">
      <Execution id="51c91b5d-3999-4416-9aa5-b1c9f0252aa9" />
      <TestMethod codeBase="D:\actions-runner\_work\XPCO\XPCO\MIP\MIPSDK\tst\VideoOS.Platform.SDK.UnitTests\bin\x64\Debug\net472\VideoOS.Platform.SDK.UnitTests.dll" adapterTypeName="executor://mstestadapter/v2" className="VideoOS.Platform.SDKUnittest.FeatureTests.TimeConverterTests" name="CheckBaseTime1970FromInt" />
    </UnitTest>
    <UnitTest name="IgnorePortCompareOk" storage="d:\actions-runner\_work\xpco\xpco\mip\mipsdk\tst\videoos.platform.sdk.unittests\bin\x64\debug\net472\videoos.platform.sdk.unittests.dll" id="4592a7b7-193a-d11d-ddb3-2a2e9e4e2370">
      <Execution id="c2d5770d-5ed5-4c7c-85bb-341b21b776c4" />
      <TestMethod codeBase="D:\actions-runner\_work\XPCO\XPCO\MIP\MIPSDK\tst\VideoOS.Platform.SDK.UnitTests\bin\x64\Debug\net472\VideoOS.Platform.SDK.UnitTests.dll" adapterTypeName="executor://mstestadapter/v2" className="VideoOS.Platform.SDKUnittest.FeatureTests.UriUtilTest" name="IgnorePortCompareOk" />
    </UnitTest>
    <UnitTest name="PlaybackStop_NotConnected_DoesNotCrash" storage="d:\actions-runner\_work\xpco\xpco\mip\mipsdk\tst\videoos.platform.sdk.unittests\bin\x64\debug\net472\videoos.platform.sdk.unittests.dll" id="09fc8d6b-6a94-4ed4-f299-82508673b16a">
      <TestCategory>
        <TestCategoryItem TestCategory="NAudioPlayerComponent" />
      </TestCategory>
      <Execution id="895eaa2c-6369-4422-b706-4457901edcd4" />
      <TestMethod codeBase="D:\actions-runner\_work\XPCO\XPCO\MIP\MIPSDK\tst\VideoOS.Platform.SDK.UnitTests\bin\x64\Debug\net472\VideoOS.Platform.SDK.UnitTests.dll" adapterTypeName="executor://mstestadapter/v2" className="VideoOS.Platform.SDKUnittest.Audio.NAudioPlayerComponentTest" name="PlaybackStop_NotConnected_DoesNotCrash" />
    </UnitTest>
    <UnitTest name="Free_ShouldStopRecording_WhenRecordingIsStarted" storage="d:\actions-runner\_work\xpco\xpco\mip\mipsdk\tst\videoos.platform.sdk.unittests\bin\x64\debug\net472\videoos.platform.sdk.unittests.dll" id="e480450b-9f62-5e54-a1f5-cc1228ba5cde">
      <TestCategory>
        <TestCategoryItem TestCategory="AudioRecorder" />
      </TestCategory>
      <Execution id="feec6352-ed38-40a4-803a-4d6da3357647" />
      <TestMethod codeBase="D:\actions-runner\_work\XPCO\XPCO\MIP\MIPSDK\tst\VideoOS.Platform.SDK.UnitTests\bin\x64\Debug\net472\VideoOS.Platform.SDK.UnitTests.dll" adapterTypeName="executor://mstestadapter/v2" className="VideoOS.Platform.SDKUnittest.Audio.AudioRecorderTests" name="Free_ShouldStopRecording_WhenRecordingIsStarted" />
    </UnitTest>
    <UnitTest name="Initialize_ShouldReturnTrue_WhenMoreThanOneRecordingDeviceIsAvailable" storage="d:\actions-runner\_work\xpco\xpco\mip\mipsdk\tst\videoos.platform.sdk.unittests\bin\x64\debug\net472\videoos.platform.sdk.unittests.dll" id="e2220ea1-70c7-777c-8e0a-b82f127b0354">
      <TestCategory>
        <TestCategoryItem TestCategory="AudioRecorder" />
      </TestCategory>
      <Execution id="6f45ae4f-60ee-4bb6-b434-e0dd18e96459" />
      <TestMethod codeBase="D:\actions-runner\_work\XPCO\XPCO\MIP\MIPSDK\tst\VideoOS.Platform.SDK.UnitTests\bin\x64\Debug\net472\VideoOS.Platform.SDK.UnitTests.dll" adapterTypeName="executor://mstestadapter/v2" className="VideoOS.Platform.SDKUnittest.Audio.AudioRecorderTests" name="Initialize_ShouldReturnTrue_WhenMoreThanOneRecordingDeviceIsAvailable" />
    </UnitTest>
    <UnitTest name="Given_ReceivedMessageIsProperJson_When_Parsing_Then_JObjectIsReturned" storage="d:\actions-runner\_work\xpco\xpco\mip\mipsdk\tst\videoos.platform.sdk.unittests\bin\x64\debug\net472\videoos.platform.sdk.unittests.dll" id="e0a5e776-29a3-f806-618e-c50f5461dfdb">
      <Execution id="6e9977cf-11fd-44e3-bdf1-5d3330dee5ff" />
      <TestMethod codeBase="D:\actions-runner\_work\XPCO\XPCO\MIP\MIPSDK\tst\VideoOS.Platform.SDK.UnitTests\bin\x64\Debug\net472\VideoOS.Platform.SDK.UnitTests.dll" adapterTypeName="executor://mstestadapter/v2" className="VideoOS.Platform.SDKUnittest.EventsAndState.MessageParserTests" name="Given_ReceivedMessageIsProperJson_When_Parsing_Then_JObjectIsReturned" />
    </UnitTest>
    <UnitTest name="AddServer_WithLoginSettings_Correct" storage="d:\actions-runner\_work\xpco\xpco\mip\mipsdk\tst\videoos.platform.sdk.unittests\bin\x64\debug\net472\videoos.platform.sdk.unittests.dll" id="fb9222b4-352e-53d2-a6a0-c25767f137de">
      <Execution id="8163b39a-fd30-48a7-b6c3-867683e3ad45" />
      <TestMethod codeBase="D:\actions-runner\_work\XPCO\XPCO\MIP\MIPSDK\tst\VideoOS.Platform.SDK.UnitTests\bin\x64\Debug\net472\VideoOS.Platform.SDK.UnitTests.dll" adapterTypeName="executor://mstestadapter/v2" className="VideoOS.Platform.SDKUnittest.EnvironmentServiceTest" name="AddServer_WithLoginSettings_Correct" />
    </UnitTest>
    <UnitTest name="ConnectUsingConfiguration_SecondCallClosesPreviousToolkit_Success" storage="d:\actions-runner\_work\xpco\xpco\mip\mipsdk\tst\videoos.platform.sdk.unittests\bin\x64\debug\net472\videoos.platform.sdk.unittests.dll" id="99f228e6-630e-dc8e-e51f-6fbc781ddda8">
      <TestCategory>
        <TestCategoryItem TestCategory="NAudioPlayerComponent" />
      </TestCategory>
      <Execution id="91fe0c7c-3283-47f0-8dfd-b338a1f82c40" />
      <TestMethod codeBase="D:\actions-runner\_work\XPCO\XPCO\MIP\MIPSDK\tst\VideoOS.Platform.SDK.UnitTests\bin\x64\Debug\net472\VideoOS.Platform.SDK.UnitTests.dll" adapterTypeName="executor://mstestadapter/v2" className="VideoOS.Platform.SDKUnittest.Audio.NAudioPlayerComponentTest" name="ConnectUsingConfiguration_SecondCallClosesPreviousToolkit_Success" />
    </UnitTest>
    <UnitTest name="Given_Connected_When_ResumeSessionUnsuccessful_Then_NoSuccessAndNewSessionIdIsReturned" storage="d:\actions-runner\_work\xpco\xpco\mip\mipsdk\tst\videoos.platform.sdk.unittests\bin\x64\debug\net472\videoos.platform.sdk.unittests.dll" id="486bf095-ef80-8760-1ed9-25c366babe7b">
      <Execution id="2be287ef-7340-4f4a-a20d-9abfe8434031" />
      <TestMethod codeBase="D:\actions-runner\_work\XPCO\XPCO\MIP\MIPSDK\tst\VideoOS.Platform.SDK.UnitTests\bin\x64\Debug\net472\VideoOS.Platform.SDK.UnitTests.dll" adapterTypeName="executor://mstestadapter/v2" className="VideoOS.Platform.SDKUnittest.EventsAndState.EventsAndStateClientTest" name="Given_Connected_When_ResumeSessionUnsuccessful_Then_NoSuccessAndNewSessionIdIsReturned" />
    </UnitTest>
    <UnitTest name="HandleAudioData_NotMuted_SamplesAdded" storage="d:\actions-runner\_work\xpco\xpco\mip\mipsdk\tst\videoos.platform.sdk.unittests\bin\x64\debug\net472\videoos.platform.sdk.unittests.dll" id="8c87c707-72c3-2fe1-cc37-40bdc36a6ffa">
      <TestCategory>
        <TestCategoryItem TestCategory="NAudioPlayerComponent" />
      </TestCategory>
      <Execution id="c6d8b39c-ed38-4edb-b6fc-61f19dbd7be2" />
      <TestMethod codeBase="D:\actions-runner\_work\XPCO\XPCO\MIP\MIPSDK\tst\VideoOS.Platform.SDK.UnitTests\bin\x64\Debug\net472\VideoOS.Platform.SDK.UnitTests.dll" adapterTypeName="executor://mstestadapter/v2" className="VideoOS.Platform.SDKUnittest.Audio.NAudioPlayerComponentTest" name="HandleAudioData_NotMuted_SamplesAdded" />
    </UnitTest>
    <UnitTest name="XpcoLoginAndGetConfguration" storage="d:\actions-runner\_work\xpco\xpco\mip\mipsdk\tst\videoos.platform.sdk.unittests\bin\x64\debug\net472\videoos.platform.sdk.unittests.dll" id="578ff933-7ee9-6ffc-c871-a9d0960055b8">
      <Execution id="9fe06389-fd84-4ad6-82ce-caf1c44f4b5d" />
      <TestMethod codeBase="D:\actions-runner\_work\XPCO\XPCO\MIP\MIPSDK\tst\VideoOS.Platform.SDK.UnitTests\bin\x64\Debug\net472\VideoOS.Platform.SDK.UnitTests.dll" adapterTypeName="executor://mstestadapter/v2" className="VideoOS.Platform.SDKUnittest.Configuration.XpcoConfigurationTest" name="XpcoLoginAndGetConfguration" />
    </UnitTest>
    <UnitTest name="Remove_WhenBasicUser_RemovesWithBasicAuth" storage="d:\actions-runner\_work\xpco\xpco\mip\mipsdk\tst\videoos.platform.sdk.unittests\bin\x64\debug\net472\videoos.platform.sdk.unittests.dll" id="9af294cd-fee0-58b0-3d1f-b496c687f868">
      <Execution id="cfaf787a-5d6a-461d-bbb6-88c9d6d77a17" />
      <TestMethod codeBase="D:\actions-runner\_work\XPCO\XPCO\MIP\MIPSDK\tst\VideoOS.Platform.SDK.UnitTests\bin\x64\Debug\net472\VideoOS.Platform.SDK.UnitTests.dll" adapterTypeName="executor://mstestadapter/v2" className="VideoOS.Platform.SDKUnittest.PlatformTests.CredentialCacheServiceTest" name="Remove_WhenBasicUser_RemovesWithBasicAuth" />
    </UnitTest>
    <UnitTest name="PlaybackStop_ConnectedAndPlayingPlayback_DelegatesCallsToToolkit" storage="d:\actions-runner\_work\xpco\xpco\mip\mipsdk\tst\videoos.platform.sdk.unittests\bin\x64\debug\net472\videoos.platform.sdk.unittests.dll" id="eeca07d2-7091-cff0-76b8-61f9e4981fb9">
      <TestCategory>
        <TestCategoryItem TestCategory="NAudioPlayerComponent" />
      </TestCategory>
      <Execution id="96846b55-ed76-46f9-9644-d8a1a31031c7" />
      <TestMethod codeBase="D:\actions-runner\_work\XPCO\XPCO\MIP\MIPSDK\tst\VideoOS.Platform.SDK.UnitTests\bin\x64\Debug\net472\VideoOS.Platform.SDK.UnitTests.dll" adapterTypeName="executor://mstestadapter/v2" className="VideoOS.Platform.SDKUnittest.Audio.NAudioPlayerComponentTest" name="PlaybackStop_ConnectedAndPlayingPlayback_DelegatesCallsToToolkit" />
    </UnitTest>
    <UnitTest name="XpcoSiteInfoUri" storage="d:\actions-runner\_work\xpco\xpco\mip\mipsdk\tst\videoos.platform.sdk.unittests\bin\x64\debug\net472\videoos.platform.sdk.unittests.dll" id="6e531b1c-7ba0-4ec7-9a5b-ff77c5daf1ae">
      <Execution id="7a6b2198-1061-4b77-a770-1a1ba29eb3c2" />
      <TestMethod codeBase="D:\actions-runner\_work\XPCO\XPCO\MIP\MIPSDK\tst\VideoOS.Platform.SDK.UnitTests\bin\x64\Debug\net472\VideoOS.Platform.SDK.UnitTests.dll" adapterTypeName="executor://mstestadapter/v2" className="VideoOS.Platform.SDKUnittest.EnvironmentTests.MultiUserEnvironmentTests" name="XpcoSiteInfoUri" />
    </UnitTest>
    <UnitTest name="XpcoLoginAndGetConfguration" storage="d:\actions-runner\_work\xpco\xpco\mip\mipsdk\tst\videoos.platform.sdk.unittests\bin\x64\debug\net472\videoos.platform.sdk.unittests.dll" id="c49e78b9-66ce-7f33-7d97-f70d020ce9e7">
      <Execution id="3f854b8d-c7d1-4a64-961f-ff5887677b13" />
      <TestMethod codeBase="D:\actions-runner\_work\XPCO\XPCO\MIP\MIPSDK\tst\VideoOS.Platform.SDK.UnitTests\bin\x64\Debug\net472\VideoOS.Platform.SDK.UnitTests.dll" adapterTypeName="executor://mstestadapter/v2" className="VideoOS.Platform.SDKUnittest.EnvironmentTests.MessageTests" name="XpcoLoginAndGetConfguration" />
    </UnitTest>
    <UnitTest name="Disconnect_Connected_DisconnectsAudioToolkit" storage="d:\actions-runner\_work\xpco\xpco\mip\mipsdk\tst\videoos.platform.sdk.unittests\bin\x64\debug\net472\videoos.platform.sdk.unittests.dll" id="25427a6e-425e-4512-33a3-c00f4877572d">
      <TestCategory>
        <TestCategoryItem TestCategory="NAudioPlayerComponent" />
      </TestCategory>
      <Execution id="a9506346-7c56-4c16-9d58-0b4f61471650" />
      <TestMethod codeBase="D:\actions-runner\_work\XPCO\XPCO\MIP\MIPSDK\tst\VideoOS.Platform.SDK.UnitTests\bin\x64\Debug\net472\VideoOS.Platform.SDK.UnitTests.dll" adapterTypeName="executor://mstestadapter/v2" className="VideoOS.Platform.SDKUnittest.Audio.NAudioPlayerComponentTest" name="Disconnect_Connected_DisconnectsAudioToolkit" />
    </UnitTest>
    <UnitTest name="TryCreateParentUri_WhenSecondUrlKeyPresent_ReturnsIt" storage="d:\actions-runner\_work\xpco\xpco\mip\mipsdk\tst\videoos.platform.sdk.unittests\bin\x64\debug\net472\videoos.platform.sdk.unittests.dll" id="c6c8e4f0-4405-665a-2542-a321d8677d46">
      <Execution id="1eb1423c-89d7-4bca-b90c-af97301a5674" />
      <TestMethod codeBase="D:\actions-runner\_work\XPCO\XPCO\MIP\MIPSDK\tst\VideoOS.Platform.SDK.UnitTests\bin\x64\Debug\net472\VideoOS.Platform.SDK.UnitTests.dll" adapterTypeName="executor://mstestadapter/v2" className="VideoOS.Platform.SDKUnittest.PlatformTests.CredentialCacheServiceTest" name="TryCreateParentUri_WhenSecondUrlKeyPresent_ReturnsIt" />
    </UnitTest>
    <UnitTest name="XpcoIdentificationAndLoginSuccess" storage="d:\actions-runner\_work\xpco\xpco\mip\mipsdk\tst\videoos.platform.sdk.unittests\bin\x64\debug\net472\videoos.platform.sdk.unittests.dll" id="60409c99-de38-bfcd-7919-8dbdd2d23a16">
      <Execution id="6d61bc1c-d6b3-4268-a729-2332944eccac" />
      <TestMethod codeBase="D:\actions-runner\_work\XPCO\XPCO\MIP\MIPSDK\tst\VideoOS.Platform.SDK.UnitTests\bin\x64\Debug\net472\VideoOS.Platform.SDK.UnitTests.dll" adapterTypeName="executor://mstestadapter/v2" className="VideoOS.Platform.SDKUnittest.Configuration.XpcoConfigurationTest" name="XpcoIdentificationAndLoginSuccess" />
    </UnitTest>
    <UnitTest name="Disconnect_NotConnected_DoesNothing" storage="d:\actions-runner\_work\xpco\xpco\mip\mipsdk\tst\videoos.platform.sdk.unittests\bin\x64\debug\net472\videoos.platform.sdk.unittests.dll" id="abb380df-0143-5b3d-b581-a7e745551e8c">
      <TestCategory>
        <TestCategoryItem TestCategory="NAudioPlayerComponent" />
      </TestCategory>
      <Execution id="f51054ba-144d-44ed-9f57-9acf2e890942" />
      <TestMethod codeBase="D:\actions-runner\_work\XPCO\XPCO\MIP\MIPSDK\tst\VideoOS.Platform.SDK.UnitTests\bin\x64\Debug\net472\VideoOS.Platform.SDK.UnitTests.dll" adapterTypeName="executor://mstestadapter/v2" className="VideoOS.Platform.SDKUnittest.Audio.NAudioPlayerComponentTest" name="Disconnect_NotConnected_DoesNothing" />
    </UnitTest>
    <UnitTest name="Givent_MessageContainingEventWithData_When_CallingGetDataOfInCorrectTypeThatIsNotSeserializable_Then_MipExceptionIsThrown" storage="d:\actions-runner\_work\xpco\xpco\mip\mipsdk\tst\videoos.platform.sdk.unittests\bin\x64\debug\net472\videoos.platform.sdk.unittests.dll" id="853af3f4-f013-afe1-e51f-9f0386bea5b2">
      <Execution id="c915a665-cbf0-4c3b-9b71-b9ba970fa5b7" />
      <TestMethod codeBase="D:\actions-runner\_work\XPCO\XPCO\MIP\MIPSDK\tst\VideoOS.Platform.SDK.UnitTests\bin\x64\Debug\net472\VideoOS.Platform.SDK.UnitTests.dll" adapterTypeName="executor://mstestadapter/v2" className="VideoOS.Platform.SDKUnittest.EventsAndState.SerializationTests" name="Givent_MessageContainingEventWithData_When_CallingGetDataOfInCorrectTypeThatIsNotSeserializable_Then_MipExceptionIsThrown" />
    </UnitTest>
  </TestDefinitions>
  <TestEntries>
    <TestEntry testId="3d0614d6-566e-2a0b-aa48-d33230f47a0b" executionId="99c0fd7b-10c0-40bb-ad5b-d4d094d821cb" testListId="8c84fa94-04c1-424b-9868-57a2d4851a1d" />
    <TestEntry testId="0f702e68-d31d-e48d-5cda-ae2e55caa68e" executionId="c8d0b39d-d857-4aa1-b2bc-2dbdcbc89a77" testListId="8c84fa94-04c1-424b-9868-57a2d4851a1d" />
    <TestEntry testId="eeca07d2-7091-cff0-76b8-61f9e4981fb9" executionId="96846b55-ed76-46f9-9644-d8a1a31031c7" testListId="8c84fa94-04c1-424b-9868-57a2d4851a1d" />
    <TestEntry testId="c903125e-f7c2-67eb-8a1a-5d7644a51082" executionId="7cdedb84-784a-42ce-96ac-8aef405ddcda" testListId="8c84fa94-04c1-424b-9868-57a2d4851a1d" />
    <TestEntry testId="bb377a2c-95c3-9aad-404f-5afa18de69c7" executionId="424b871a-f08c-4b1e-8e28-6c3b809e036c" testListId="8c84fa94-04c1-424b-9868-57a2d4851a1d" />
    <TestEntry testId="9855177d-3c89-e00d-59db-a565da891164" executionId="3712baba-9df0-4c9b-a003-47f92c4a762f" testListId="8c84fa94-04c1-424b-9868-57a2d4851a1d" />
    <TestEntry testId="da1dce8b-3a10-e5c9-618b-cbfea5058c69" executionId="6306cc34-2b25-46a8-a8a4-a5490ff3df91" testListId="8c84fa94-04c1-424b-9868-57a2d4851a1d" />
    <TestEntry testId="2282d201-fae3-68ca-fb9b-da7ba770e221" executionId="6b5dd347-f3a5-4537-8923-2d9a4db6fe54" testListId="8c84fa94-04c1-424b-9868-57a2d4851a1d" />
    <TestEntry testId="853af3f4-f013-afe1-e51f-9f0386bea5b2" executionId="c915a665-cbf0-4c3b-9b71-b9ba970fa5b7" testListId="8c84fa94-04c1-424b-9868-57a2d4851a1d" />
    <TestEntry testId="13db86b8-d705-e0c0-8e48-91f126870b66" executionId="3632b5b1-714e-47ac-84ad-259b5d6933fb" testListId="8c84fa94-04c1-424b-9868-57a2d4851a1d" />
    <TestEntry testId="ef02471d-d90f-d7cc-ccc2-806bfb1ff8c0" executionId="7cbb0751-6bb0-4fbe-a922-f55b69408fd1" testListId="8c84fa94-04c1-424b-9868-57a2d4851a1d" />
    <TestEntry testId="88488b59-2cdb-e146-c42b-5fca1493d9a4" executionId="10b3ae5c-24af-4a5c-9707-99674efb0307" testListId="8c84fa94-04c1-424b-9868-57a2d4851a1d" />
    <TestEntry testId="ca527ff0-e8d3-ed62-5f44-c8e5eb7d34bb" executionId="584b5c32-78d3-48bf-90aa-3859a5f36bef" testListId="8c84fa94-04c1-424b-9868-57a2d4851a1d" />
    <TestEntry testId="29d47194-990a-053d-d2b1-814ca76f50ce" executionId="5429772d-cc4c-4d0e-b029-7deeaf7bb2e7" testListId="8c84fa94-04c1-424b-9868-57a2d4851a1d" />
    <TestEntry testId="c49e78b9-66ce-7f33-7d97-f70d020ce9e7" executionId="3f854b8d-c7d1-4a64-961f-ff5887677b13" testListId="8c84fa94-04c1-424b-9868-57a2d4851a1d" />
    <TestEntry testId="c99c839d-4d5b-c45c-4faf-632197d463b3" executionId="ce8ef174-0342-495c-a7ee-3ab6ac111589" testListId="8c84fa94-04c1-424b-9868-57a2d4851a1d" />
    <TestEntry testId="3512c4ea-c42c-dc19-86d1-3085820f9234" executionId="17388bf6-d40f-4447-9a54-f9f9c8712517" testListId="8c84fa94-04c1-424b-9868-57a2d4851a1d" />
    <TestEntry testId="eee97d95-67c8-3d03-776d-c5c6f362f535" executionId="5e9af390-6228-4e1c-8b2a-0804ad411c95" testListId="8c84fa94-04c1-424b-9868-57a2d4851a1d" />
    <TestEntry testId="cba02d2f-4f19-49c0-1575-9037f596fa95" executionId="a8fc7dd1-8fa4-455d-9961-b6d4dbf26eb6" testListId="8c84fa94-04c1-424b-9868-57a2d4851a1d" />
    <TestEntry testId="a48a4aa2-5c0d-5259-9846-1ccc3607484c" executionId="fae7949d-5a9b-4c60-8a45-5cc0c0f40899" testListId="8c84fa94-04c1-424b-9868-57a2d4851a1d" />
    <TestEntry testId="c0865429-3866-2dd1-bc73-a54af982297e" executionId="e72d9121-a937-4a25-a860-c15bfcc51872" testListId="8c84fa94-04c1-424b-9868-57a2d4851a1d" />
    <TestEntry testId="e480450b-9f62-5e54-a1f5-cc1228ba5cde" executionId="feec6352-ed38-40a4-803a-4d6da3357647" testListId="8c84fa94-04c1-424b-9868-57a2d4851a1d" />
    <TestEntry testId="0d04ce70-8f8e-5be6-d205-e559df63652c" executionId="f5098f39-cf73-4355-9284-ff745b96230a" testListId="8c84fa94-04c1-424b-9868-57a2d4851a1d" />
    <TestEntry testId="578ff933-7ee9-6ffc-c871-a9d0960055b8" executionId="9fe06389-fd84-4ad6-82ce-caf1c44f4b5d" testListId="8c84fa94-04c1-424b-9868-57a2d4851a1d" />
    <TestEntry testId="170542a8-dc94-1eae-8e61-7f4921b86749" executionId="d09ca8ee-2244-488c-bddf-142dd7a14927" testListId="8c84fa94-04c1-424b-9868-57a2d4851a1d" />
    <TestEntry testId="ae1a8ec4-a4d5-6c99-ef64-cbab96674e4c" executionId="c1e46289-c7eb-446e-9058-f2ebeaf0fe0b" testListId="8c84fa94-04c1-424b-9868-57a2d4851a1d" />
    <TestEntry testId="e2220ea1-70c7-777c-8e0a-b82f127b0354" executionId="6f45ae4f-60ee-4bb6-b434-e0dd18e96459" testListId="8c84fa94-04c1-424b-9868-57a2d4851a1d" />
    <TestEntry testId="ffdb0d83-235f-7713-020c-369ea19b66a1" executionId="742af966-e5d8-40af-8f35-706fe4bc89ca" testListId="8c84fa94-04c1-424b-9868-57a2d4851a1d" />
    <TestEntry testId="77eef133-6232-6ffd-513d-bce5ef28eb6d" executionId="86d1efe7-477c-4120-8d66-a2adc7b5da9b" testListId="8c84fa94-04c1-424b-9868-57a2d4851a1d" />
    <TestEntry testId="c7a3417f-3205-4b9e-be6a-d435c0a3e965" executionId="b23383bf-dc13-4c58-8b9a-c240b82ca685" testListId="8c84fa94-04c1-424b-9868-57a2d4851a1d" />
    <TestEntry testId="c7cfb557-b7c6-e2f2-6240-c10413062e2b" executionId="80860b03-381b-44fd-9c59-18b4b2bed14b" testListId="8c84fa94-04c1-424b-9868-57a2d4851a1d" />
    <TestEntry testId="85afdadd-d6c2-2083-0346-abf07f63d82d" executionId="734c2ac0-e091-4ca9-93ee-1585b51b3045" testListId="8c84fa94-04c1-424b-9868-57a2d4851a1d" />
    <TestEntry testId="a251cec6-75d2-c3ac-bfd1-10289d5753e0" executionId="8cd8c040-becc-4738-b486-f1661b4ba98b" testListId="8c84fa94-04c1-424b-9868-57a2d4851a1d" />
    <TestEntry testId="92a0043a-eb95-e604-ef36-165e1d731356" executionId="acb561ec-9e33-41f9-be5a-780129b45254" testListId="8c84fa94-04c1-424b-9868-57a2d4851a1d" />
    <TestEntry testId="3b02602f-f204-4a9f-ecbf-a1d700af8e33" executionId="608f6da4-69cc-4fac-988e-a313c8a57e21" testListId="8c84fa94-04c1-424b-9868-57a2d4851a1d" />
    <TestEntry testId="ec1b8724-7d12-203f-4036-aea2a965aaa8" executionId="7e7496d6-1d36-4250-a6d0-6b60893dca1d" testListId="8c84fa94-04c1-424b-9868-57a2d4851a1d" />
    <TestEntry testId="3fc2f323-2eb1-98df-4545-bd5563c5cdc9" executionId="bf6e693a-b9c8-4497-95bb-81498d33f91d" testListId="8c84fa94-04c1-424b-9868-57a2d4851a1d" />
    <TestEntry testId="ffbbaaff-f4f0-e891-e766-d016df06c7aa" executionId="039cd8c0-77e5-4188-8d1a-69ce5c70f50f" testListId="8c84fa94-04c1-424b-9868-57a2d4851a1d" />
    <TestEntry testId="385258c3-bf69-84a9-6b96-32d51034c910" executionId="cf580c46-2fcd-43a3-82e8-ba52b8f074ec" testListId="8c84fa94-04c1-424b-9868-57a2d4851a1d" />
    <TestEntry testId="08174d10-eed4-6921-ad50-4948b695fb55" executionId="3d7a5900-64e6-4f16-9b42-65c84aa45e2b" testListId="8c84fa94-04c1-424b-9868-57a2d4851a1d" />
    <TestEntry testId="7fe1ef40-9ce0-1e32-d490-dcfb0a7df207" executionId="a22ff5d7-a188-41f6-ae0e-6dea43ae732b" testListId="8c84fa94-04c1-424b-9868-57a2d4851a1d" />
    <TestEntry testId="d9ca8b92-f19f-e9c9-3fff-9ecc10403148" executionId="f2842c43-6506-4e3c-bfd2-9022180aee8a" testListId="8c84fa94-04c1-424b-9868-57a2d4851a1d" />
    <TestEntry testId="1898017e-0a0a-9fff-c891-5b794811d9ca" executionId="967dc23c-1e36-4a3c-a42d-6095a676eee8" testListId="8c84fa94-04c1-424b-9868-57a2d4851a1d" />
    <TestEntry testId="8cf85ff1-edc7-caee-ed6c-a1ccfa277329" executionId="a46f8b5b-a696-4c23-9e94-2376749e6f2c" testListId="8c84fa94-04c1-424b-9868-57a2d4851a1d" />
    <TestEntry testId="1c378be1-6602-2c62-b3de-426ce05f22b8" executionId="1f93262e-e7e9-4eae-8462-7ec9888c8c0b" testListId="8c84fa94-04c1-424b-9868-57a2d4851a1d" />
    <TestEntry testId="83cbf933-84bf-7103-92a3-8f3ecb1d233c" executionId="9d53cbfa-ca71-4ef9-9c8b-e0f6e95f1009" testListId="8c84fa94-04c1-424b-9868-57a2d4851a1d" />
    <TestEntry testId="517e0e3b-7634-80b0-69a7-bd9c7f21e593" executionId="d9af4876-f695-4284-9671-80eac30fef29" testListId="8c84fa94-04c1-424b-9868-57a2d4851a1d" />
    <TestEntry testId="23cb9265-dcc3-9671-caf3-1996fff5aba1" executionId="cc4fdf10-f998-462c-a956-0d388d6ac13a" testListId="8c84fa94-04c1-424b-9868-57a2d4851a1d" />
    <TestEntry testId="6afb3563-c986-73d9-429e-d345f8912c2c" executionId="1452e4fe-e42a-4898-a536-796a1caae698" testListId="8c84fa94-04c1-424b-9868-57a2d4851a1d" />
    <TestEntry testId="ba5b86d5-401c-4e0a-f138-2c19e1e02c7f" executionId="36526444-fc37-42a6-8dae-fa4800b10cc1" testListId="8c84fa94-04c1-424b-9868-57a2d4851a1d" />
    <TestEntry testId="0692d415-cb51-e036-3177-b14298f4c3a2" executionId="046aec05-f978-4881-8970-0de5ce7caa87" testListId="8c84fa94-04c1-424b-9868-57a2d4851a1d" />
    <TestEntry testId="4592a7b7-193a-d11d-ddb3-2a2e9e4e2370" executionId="c2d5770d-5ed5-4c7c-85bb-341b21b776c4" testListId="8c84fa94-04c1-424b-9868-57a2d4851a1d" />
    <TestEntry testId="e0a5e776-29a3-f806-618e-c50f5461dfdb" executionId="6e9977cf-11fd-44e3-bdf1-5d3330dee5ff" testListId="8c84fa94-04c1-424b-9868-57a2d4851a1d" />
    <TestEntry testId="dd88292e-70c4-42bd-a16e-4296bf8609a3" executionId="bcc5ab2e-5860-4f2d-bf53-91003fe239df" testListId="8c84fa94-04c1-424b-9868-57a2d4851a1d" />
    <TestEntry testId="5ca6c285-b0f8-2ebf-22ac-22244ebbf44b" executionId="2fde3fd2-fb4b-4f31-8a81-0bb4db846d85" testListId="8c84fa94-04c1-424b-9868-57a2d4851a1d" />
    <TestEntry testId="da0d6c3d-ad33-93ae-336e-57f6ca95658e" executionId="f4f2e721-d32f-4aca-8df7-27da9caf8e10" testListId="8c84fa94-04c1-424b-9868-57a2d4851a1d" />
    <TestEntry testId="207a3d78-df6f-77e7-ea7b-416c6af70bf7" executionId="11d0d111-8d0d-4934-998c-7fdd185b2b03" testListId="8c84fa94-04c1-424b-9868-57a2d4851a1d" />
    <TestEntry testId="56d2e303-9191-fd62-30a9-ea9298b86cd6" executionId="2ef68fd6-8418-4706-baf5-7c8e278fef17" testListId="8c84fa94-04c1-424b-9868-57a2d4851a1d" />
    <TestEntry testId="1558a173-bd2e-9fca-670c-2c3987fbd631" executionId="af7699e2-1a3d-4b45-a9aa-21f2cdb1a0a0" testListId="8c84fa94-04c1-424b-9868-57a2d4851a1d" />
    <TestEntry testId="0762669f-0ef8-d6fa-dd94-0659f0ba0a43" executionId="b750a8c6-bcb1-4805-adc5-b23dc178c116" testListId="8c84fa94-04c1-424b-9868-57a2d4851a1d" />
    <TestEntry testId="a8963d66-96b1-b26d-9572-0832732d3cea" executionId="54488796-3fb4-4927-ac19-67a86386686c" testListId="8c84fa94-04c1-424b-9868-57a2d4851a1d" />
    <TestEntry testId="9e96d681-4077-c58a-c79c-4c329c7488ff" executionId="ef65f5f9-06d9-4a9d-b7fc-9dfb59e17ddf" testListId="8c84fa94-04c1-424b-9868-57a2d4851a1d" />
    <TestEntry testId="56497288-6a33-5a75-f21c-09bd940b969b" executionId="d9622696-d3bd-412c-a3ff-80ecf226e1f5" testListId="8c84fa94-04c1-424b-9868-57a2d4851a1d" />
    <TestEntry testId="1d9f532a-78eb-f4e1-0dd2-c5f03d1be90f" executionId="5e5caa48-9c59-4648-8aae-c165d05557d8" testListId="8c84fa94-04c1-424b-9868-57a2d4851a1d" />
    <TestEntry testId="4268d692-ba59-3896-72d4-485c21f3df3f" executionId="87b2059d-486a-47b3-87a7-f923e7741583" testListId="8c84fa94-04c1-424b-9868-57a2d4851a1d" />
    <TestEntry testId="8c87c707-72c3-2fe1-cc37-40bdc36a6ffa" executionId="c6d8b39c-ed38-4edb-b6fc-61f19dbd7be2" testListId="8c84fa94-04c1-424b-9868-57a2d4851a1d" />
    <TestEntry testId="d389fe94-fff2-4d0c-61e3-1873fab89725" executionId="cf84b301-8584-4eed-91d2-7e743dec9993" testListId="8c84fa94-04c1-424b-9868-57a2d4851a1d" />
    <TestEntry testId="10274018-72a2-7e54-f67f-3e3dab8a3913" executionId="5c1e0cb1-3e3b-4d22-bd29-58e36c733b89" testListId="8c84fa94-04c1-424b-9868-57a2d4851a1d" />
    <TestEntry testId="00438590-3f13-5776-381f-1df4bd82c07f" executionId="522e9c6e-3426-4894-ad71-0c5d26dda863" testListId="8c84fa94-04c1-424b-9868-57a2d4851a1d" />
    <TestEntry testId="c9e3fbeb-75b1-7c7b-7b60-e4644d8dd577" executionId="7819108f-a995-4358-a678-fa92d19ac08d" testListId="8c84fa94-04c1-424b-9868-57a2d4851a1d" />
    <TestEntry testId="d2f3bae5-4b87-92ba-8e82-de1dd6dbd488" executionId="44f32cb1-4ba8-4267-99e3-6c59d48376c0" testListId="8c84fa94-04c1-424b-9868-57a2d4851a1d" />
    <TestEntry testId="9e508b96-cfd4-c55d-5eaa-c8158310f114" executionId="22e80401-4dee-48c7-86bd-fcdc34a4cec1" testListId="8c84fa94-04c1-424b-9868-57a2d4851a1d" />
    <TestEntry testId="26f9b70e-5804-b406-9eb3-8ec45170e496" executionId="c602be3d-1717-425d-a440-62da0ca278dc" testListId="8c84fa94-04c1-424b-9868-57a2d4851a1d" />
    <TestEntry testId="25427a6e-425e-4512-33a3-c00f4877572d" executionId="a9506346-7c56-4c16-9d58-0b4f61471650" testListId="8c84fa94-04c1-424b-9868-57a2d4851a1d" />
    <TestEntry testId="2c92124b-c5f5-19a5-8432-332f4bcae799" executionId="e7f1bda3-9812-4e91-8b8c-274cec926c1a" testListId="8c84fa94-04c1-424b-9868-57a2d4851a1d" />
    <TestEntry testId="14ccb560-6f46-d233-ecde-9735c641af80" executionId="de28e682-a974-4f83-ad0b-7b1ad92561e8" testListId="8c84fa94-04c1-424b-9868-57a2d4851a1d" />
    <TestEntry testId="8504aea4-e8b5-8e2d-e4a6-d01e2cfbb43b" executionId="faf6abf6-3166-4a5f-8d68-9220c1443fa3" testListId="8c84fa94-04c1-424b-9868-57a2d4851a1d" />
    <TestEntry testId="425d7606-d05b-43b7-5f3e-aef51500fc4a" executionId="bd4670ed-5eca-44f4-aa3a-c2a3ac286188" testListId="8c84fa94-04c1-424b-9868-57a2d4851a1d" />
    <TestEntry testId="f830c93a-4e43-13d6-c3ab-367476959177" executionId="fb25bbee-490c-4684-94cc-5c15d5c97508" testListId="8c84fa94-04c1-424b-9868-57a2d4851a1d" />
    <TestEntry testId="48cf9cec-86cd-b055-9df4-4490d5d29676" executionId="d075462c-09a3-450d-b55c-7d6dc313fe35" testListId="8c84fa94-04c1-424b-9868-57a2d4851a1d" />
    <TestEntry testId="346fbfa0-3649-8251-d8d1-a07b030b1578" executionId="8c8f47ce-2759-42d1-ac6f-6f29eb6b699b" testListId="8c84fa94-04c1-424b-9868-57a2d4851a1d" />
    <TestEntry testId="b4915057-6c4f-8190-48c2-5491b3a35473" executionId="0826e62b-8397-4a14-b2da-688b1e39c9a6" testListId="8c84fa94-04c1-424b-9868-57a2d4851a1d" />
    <TestEntry testId="486bf095-ef80-8760-1ed9-25c366babe7b" executionId="2be287ef-7340-4f4a-a20d-9abfe8434031" testListId="8c84fa94-04c1-424b-9868-57a2d4851a1d" />
    <TestEntry testId="b4cef04e-2d44-bef8-05c3-d2ca96c4a23e" executionId="c2b0ef2d-f489-40b6-af11-36ba33bc41a2" testListId="8c84fa94-04c1-424b-9868-57a2d4851a1d" />
    <TestEntry testId="9a32c8de-c721-c8df-01b2-8fdff9dd18ca" executionId="0b7a372f-33cb-4a22-a633-dd886d476aa5" testListId="8c84fa94-04c1-424b-9868-57a2d4851a1d" />
    <TestEntry testId="12830b4f-7828-9fc9-0289-1b8030e1633a" executionId="2d211aad-98e8-4d70-82dc-d5e5699b143e" testListId="8c84fa94-04c1-424b-9868-57a2d4851a1d" />
    <TestEntry testId="c6c8e4f0-4405-665a-2542-a321d8677d46" executionId="1eb1423c-89d7-4bca-b90c-af97301a5674" testListId="8c84fa94-04c1-424b-9868-57a2d4851a1d" />
    <TestEntry testId="a4c6d443-fa01-dcc3-6d3b-7e396f5ee185" executionId="c6d27734-d0b8-402b-bbc4-b6247d5c52e2" testListId="8c84fa94-04c1-424b-9868-57a2d4851a1d" />
    <TestEntry testId="7c979667-6bd9-aaa8-412d-d36319ef5eef" executionId="21c31283-54f6-4424-b62e-7dcc6846a798" testListId="8c84fa94-04c1-424b-9868-57a2d4851a1d" />
    <TestEntry testId="ee90d5bb-7cd0-4c31-23ba-b62d71f38c15" executionId="7de42b9c-0c16-4d31-b4e7-012398cef588" testListId="8c84fa94-04c1-424b-9868-57a2d4851a1d" />
    <TestEntry testId="e02a3aff-4b0e-8be7-4f14-51de7ab4670f" executionId="001049a6-3c04-41dc-aca0-3cfd1159ba9c" testListId="8c84fa94-04c1-424b-9868-57a2d4851a1d" />
    <TestEntry testId="abb380df-0143-5b3d-b581-a7e745551e8c" executionId="f51054ba-144d-44ed-9f57-9acf2e890942" testListId="8c84fa94-04c1-424b-9868-57a2d4851a1d" />
    <TestEntry testId="a3bd6fcc-4145-24ec-1080-3545ed86b8b7" executionId="87b9c660-7a19-456f-9e95-a738659f781f" testListId="8c84fa94-04c1-424b-9868-57a2d4851a1d" />
    <TestEntry testId="dd33ce32-62c4-dfb3-4f9b-fce87ba0013c" executionId="60fb9e2f-da79-41e6-b3fb-fa7e23c5a01d" testListId="8c84fa94-04c1-424b-9868-57a2d4851a1d" />
    <TestEntry testId="0793f3e7-1a84-232a-72f7-77f9de3f59e4" executionId="4d1e9ea1-63ab-4713-857b-9bd3c0648dc1" testListId="8c84fa94-04c1-424b-9868-57a2d4851a1d" />
    <TestEntry testId="5c75fd4c-e523-4c4d-59cb-37282a3e3596" executionId="b8d81f5b-78d4-43a0-9ce8-3d47edbe5d0f" testListId="8c84fa94-04c1-424b-9868-57a2d4851a1d" />
    <TestEntry testId="d0433bb2-5994-e95a-66cb-00cffc215684" executionId="46a1ec02-7d77-43cd-8d69-24a12f602750" testListId="8c84fa94-04c1-424b-9868-57a2d4851a1d" />
    <TestEntry testId="40843798-41bf-fb8a-959c-ba732aa831ed" executionId="b14de125-0efe-4096-bb94-5e7ce5ba507d" testListId="8c84fa94-04c1-424b-9868-57a2d4851a1d" />
    <TestEntry testId="b2e4eadd-d448-b487-733b-d5563cb70924" executionId="7a289905-58bb-494a-9640-b9f9c990acef" testListId="8c84fa94-04c1-424b-9868-57a2d4851a1d" />
    <TestEntry testId="373252f1-976f-baf6-24a1-d0fc41da5a58" executionId="53fbf774-447e-4188-88eb-bea20995ddbc" testListId="8c84fa94-04c1-424b-9868-57a2d4851a1d" />
    <TestEntry testId="4c636ed3-7a97-56f4-5f09-90e82a59bb70" executionId="650a8e82-b020-4a5c-bf59-e1dd54286d1d" testListId="8c84fa94-04c1-424b-9868-57a2d4851a1d" />
    <TestEntry testId="99f228e6-630e-dc8e-e51f-6fbc781ddda8" executionId="91fe0c7c-3283-47f0-8dfd-b338a1f82c40" testListId="8c84fa94-04c1-424b-9868-57a2d4851a1d" />
    <TestEntry testId="f71a8f3c-6ec8-1514-8d34-be3746728018" executionId="041c81c1-008d-477f-b152-bec0dae23c41" testListId="8c84fa94-04c1-424b-9868-57a2d4851a1d" />
    <TestEntry testId="6d93dbe9-2cce-d9d5-7c9f-910853d500ab" executionId="d9a1e7bb-09bf-478b-84db-6ab4f767359c" testListId="8c84fa94-04c1-424b-9868-57a2d4851a1d" />
    <TestEntry testId="96c1c139-ef84-2793-7b75-ec53f5430e80" executionId="522c6a67-56a0-4f17-9596-8538f4e6c2c1" testListId="8c84fa94-04c1-424b-9868-57a2d4851a1d" />
    <TestEntry testId="fc1cab11-50e0-2822-11d6-8684a843d351" executionId="0d0b748a-70eb-4943-9654-b50ce6eb916b" testListId="8c84fa94-04c1-424b-9868-57a2d4851a1d" />
    <TestEntry testId="9af23bea-fd93-7994-bffe-1ae6f1f880df" executionId="5688cdee-7950-43f4-a3f2-ad60a15c49cb" testListId="8c84fa94-04c1-424b-9868-57a2d4851a1d" />
    <TestEntry testId="f1181353-771a-42f2-9df1-c384eac48176" executionId="7c13fa07-8218-4eaf-b955-7ccedfaa4626" testListId="8c84fa94-04c1-424b-9868-57a2d4851a1d" />
    <TestEntry testId="b42b975b-0563-7dc6-8812-756fcc2bafe7" executionId="a27b2003-4a5d-45de-831a-cffc683bbd29" testListId="8c84fa94-04c1-424b-9868-57a2d4851a1d" />
    <TestEntry testId="7f6a3e30-0edb-cef4-24b2-03a61d04ff8b" executionId="d793318e-e4f6-4592-aef3-8c78ddaa32be" testListId="8c84fa94-04c1-424b-9868-57a2d4851a1d" />
    <TestEntry testId="01728557-d0ee-3bd0-5338-38b6c6daa989" executionId="d4d6c871-7b33-4a96-afdd-e5be4d3b9e11" testListId="8c84fa94-04c1-424b-9868-57a2d4851a1d" />
    <TestEntry testId="09fc8d6b-6a94-4ed4-f299-82508673b16a" executionId="895eaa2c-6369-4422-b706-4457901edcd4" testListId="8c84fa94-04c1-424b-9868-57a2d4851a1d" />
    <TestEntry testId="3298a0bb-4507-4949-b804-b0b1ba735235" executionId="e56b9c08-b231-494a-8912-07ab505ee5a3" testListId="8c84fa94-04c1-424b-9868-57a2d4851a1d" />
    <TestEntry testId="d19447d6-1286-80a0-b9eb-927576af8553" executionId="3e1d8afe-bddc-4d4f-b98c-c58bb471a611" testListId="8c84fa94-04c1-424b-9868-57a2d4851a1d" />
    <TestEntry testId="56cbaa9d-4f02-3ab9-a0f7-ef1ee9ad216c" executionId="62c38481-be9f-4919-ad9f-7302bf4e69bb" testListId="8c84fa94-04c1-424b-9868-57a2d4851a1d" />
    <TestEntry testId="ae70990e-978a-6321-3b73-faa00506386d" executionId="5c38df8a-4977-4479-ada0-f890c248d371" testListId="8c84fa94-04c1-424b-9868-57a2d4851a1d" />
    <TestEntry testId="52b4d95e-92b1-ab9e-b0b4-d924fa19acdb" executionId="2734c971-6cfe-4a93-b8dc-25703386527d" testListId="8c84fa94-04c1-424b-9868-57a2d4851a1d" />
    <TestEntry testId="2103768b-e3ae-bb7b-a558-43eb22b0beac" executionId="bae77ee8-d1ca-471f-a7c0-acd4bd51ff21" testListId="8c84fa94-04c1-424b-9868-57a2d4851a1d" />
    <TestEntry testId="05f781d9-9be7-1af3-c443-40faaa2345fc" executionId="b2262fbb-1fbc-49a3-b291-f01e7e6e1d8f" testListId="8c84fa94-04c1-424b-9868-57a2d4851a1d" />
    <TestEntry testId="507edd3e-d589-f46c-9a31-6fd66195d4a0" executionId="3448c1a8-07e0-4bac-b1eb-d19da5d9b02a" testListId="8c84fa94-04c1-424b-9868-57a2d4851a1d" />
    <TestEntry testId="fbaf1dda-566e-cc79-d509-7e9e6a1689d9" executionId="36621ad0-b153-48b0-856b-f882c02e426a" testListId="8c84fa94-04c1-424b-9868-57a2d4851a1d" />
    <TestEntry testId="4cc2af54-3704-7ced-d419-f08afbf26159" executionId="47ddc340-bab8-4aea-9846-a5bec9799318" testListId="8c84fa94-04c1-424b-9868-57a2d4851a1d" />
    <TestEntry testId="1731feec-b95b-cd41-dc58-17e0973fdc80" executionId="72d93789-35ae-4c21-9180-2e9f312feb15" testListId="8c84fa94-04c1-424b-9868-57a2d4851a1d" />
    <TestEntry testId="e8d9f86f-c2bc-d844-07f3-5ecc6e65044b" executionId="433aa2af-473a-472e-b51d-e64a5efe958b" testListId="8c84fa94-04c1-424b-9868-57a2d4851a1d" />
    <TestEntry testId="6e531b1c-7ba0-4ec7-9a5b-ff77c5daf1ae" executionId="7a6b2198-1061-4b77-a770-1a1ba29eb3c2" testListId="8c84fa94-04c1-424b-9868-57a2d4851a1d" />
    <TestEntry testId="f232c283-5c67-bba8-153c-a9bb7624a0ae" executionId="0fce76b6-dbea-4b42-91e3-cce6282ec961" testListId="8c84fa94-04c1-424b-9868-57a2d4851a1d" />
    <TestEntry testId="892ffa70-f349-35d4-9ae8-df9e08b6a0a5" executionId="72ad06be-089a-42cc-8ead-de608ba7b104" testListId="8c84fa94-04c1-424b-9868-57a2d4851a1d" />
    <TestEntry testId="b83b8ad4-ac25-cb04-0854-f08db09e6b81" executionId="30817b85-33e9-49d9-b583-af6abf932bab" testListId="8c84fa94-04c1-424b-9868-57a2d4851a1d" />
    <TestEntry testId="15ad8216-9c14-c256-63f8-389788086f93" executionId="e1dd19b1-5404-4eb0-803a-752194659266" testListId="8c84fa94-04c1-424b-9868-57a2d4851a1d" />
    <TestEntry testId="4775d5be-0ebd-4836-7626-4829a69cf7bb" executionId="487a74cd-b6a7-45e3-a821-74a95adb9ea9" testListId="8c84fa94-04c1-424b-9868-57a2d4851a1d" />
    <TestEntry testId="7a5a60cf-65df-425a-ef34-31b7542d0324" executionId="d738ef2b-9648-461c-8bb0-3160c0332ca5" testListId="8c84fa94-04c1-424b-9868-57a2d4851a1d" />
    <TestEntry testId="b4e531fb-82d4-9ed8-d68f-599b17f00f1b" executionId="ac5f5263-1599-49b7-bc82-669746a58bea" testListId="8c84fa94-04c1-424b-9868-57a2d4851a1d" />
    <TestEntry testId="28d03c63-4b7f-6f07-1925-95fd992db754" executionId="037738f0-07ab-4be9-bf4b-09826b452e09" testListId="8c84fa94-04c1-424b-9868-57a2d4851a1d" />
    <TestEntry testId="bc335d91-1297-3bd7-e46e-c0c3ae74878f" executionId="2f4b13f2-e2bb-4b44-97fb-3061d4c99f5f" testListId="8c84fa94-04c1-424b-9868-57a2d4851a1d" />
    <TestEntry testId="42bdc251-86a2-3f22-7f1a-f6d4ae2e2647" executionId="bef43b59-e46c-4504-aee2-8eac8d5d3976" testListId="8c84fa94-04c1-424b-9868-57a2d4851a1d" />
    <TestEntry testId="6921a09d-04ff-2013-2cd1-d68e7b47c780" executionId="9a09f7b0-907c-4715-b9d1-9f2f4baf3ecc" testListId="8c84fa94-04c1-424b-9868-57a2d4851a1d" />
    <TestEntry testId="e7459368-bf71-df4a-32b1-79ab60633652" executionId="8b0f7d57-cd20-4e4c-8d44-5f0e8df9e7ce" testListId="8c84fa94-04c1-424b-9868-57a2d4851a1d" />
    <TestEntry testId="efb5b669-69b9-a95a-d1ac-b0ef16a5052e" executionId="72ba527f-fdd5-4eaf-a3c9-0c391651e698" testListId="8c84fa94-04c1-424b-9868-57a2d4851a1d" />
    <TestEntry testId="fb5100d5-9a8d-d95c-0716-79d1d251b3ac" executionId="f04bb584-8eae-4122-8e61-e2e4b3cc22dd" testListId="8c84fa94-04c1-424b-9868-57a2d4851a1d" />
    <TestEntry testId="e630de82-fafd-ad10-afe7-e93e9dd1df87" executionId="5430718d-f1d0-43a2-ae47-e7e0f2ab7a9d" testListId="8c84fa94-04c1-424b-9868-57a2d4851a1d" />
    <TestEntry testId="4df6750c-aff6-44b1-13dd-4de227a8986b" executionId="9bfb2711-2f8e-40de-a4c3-e2a80aba0398" testListId="8c84fa94-04c1-424b-9868-57a2d4851a1d" />
    <TestEntry testId="9af294cd-fee0-58b0-3d1f-b496c687f868" executionId="cfaf787a-5d6a-461d-bbb6-88c9d6d77a17" testListId="8c84fa94-04c1-424b-9868-57a2d4851a1d" />
    <TestEntry testId="7ab3ecbd-68d0-4cbf-9bde-72fb304bcae6" executionId="66b6d1ef-09c7-4fe0-a11f-cf080b0628c6" testListId="8c84fa94-04c1-424b-9868-57a2d4851a1d" />
    <TestEntry testId="0adf935d-caf6-29b9-4c8c-8321341fd342" executionId="3656a507-6b1f-4120-90e1-f69f561e34df" testListId="8c84fa94-04c1-424b-9868-57a2d4851a1d" />
    <TestEntry testId="5519d1bd-8158-0fd7-095a-0bdee9a3940c" executionId="45cfd528-f460-495e-8f57-6e463bd5836a" testListId="8c84fa94-04c1-424b-9868-57a2d4851a1d" />
    <TestEntry testId="b65005d3-1361-e0b7-9c4d-43d19b2fd72f" executionId="09b8156b-d1ad-45dd-8e28-9f555ca2ed7b" testListId="8c84fa94-04c1-424b-9868-57a2d4851a1d" />
    <TestEntry testId="ed60ffe8-498e-b9e0-cb5e-701cf0899e33" executionId="25c7c841-1e3c-44dd-85d7-a074e759a218" testListId="8c84fa94-04c1-424b-9868-57a2d4851a1d" />
    <TestEntry testId="15bcd984-07b3-3ad0-b259-4c4f5e06c1bd" executionId="64a45301-48b2-4961-96f1-c974e4472797" testListId="8c84fa94-04c1-424b-9868-57a2d4851a1d" />
    <TestEntry testId="2509f740-7111-f1e6-910d-8d9558b1e027" executionId="d357f394-a368-4bdb-b5d5-836547068d67" testListId="8c84fa94-04c1-424b-9868-57a2d4851a1d" />
    <TestEntry testId="60409c99-de38-bfcd-7919-8dbdd2d23a16" executionId="6d61bc1c-d6b3-4268-a729-2332944eccac" testListId="8c84fa94-04c1-424b-9868-57a2d4851a1d" />
    <TestEntry testId="638fe5d5-83ae-859e-df2b-f9eef240ca6f" executionId="bf193853-26f4-4777-8063-3363744ab2e3" testListId="8c84fa94-04c1-424b-9868-57a2d4851a1d" />
    <TestEntry testId="3795da59-268b-cf4c-19da-1cfedc7c684a" executionId="93448031-73b4-43e3-b9b1-163802056dc5" testListId="8c84fa94-04c1-424b-9868-57a2d4851a1d" />
    <TestEntry testId="e5fc20b5-92e7-3e56-1ed6-e269e15a74db" executionId="c7257a68-ad97-4f7e-b4cc-23e8f543b0f6" testListId="8c84fa94-04c1-424b-9868-57a2d4851a1d" />
    <TestEntry testId="d3ce4a46-9062-5855-70fd-ebbcc2b0eafc" executionId="54c056e4-c5ca-40ce-8404-108a7e0183af" testListId="8c84fa94-04c1-424b-9868-57a2d4851a1d" />
    <TestEntry testId="e7650ef8-614d-7abe-3813-4e9e0ee43d28" executionId="b7128e6e-7c7b-4279-bb2a-234a8bdcff29" testListId="8c84fa94-04c1-424b-9868-57a2d4851a1d" />
    <TestEntry testId="1444c9ca-e73b-a5e6-f01f-53b0839e824f" executionId="3520be37-8dbd-4cd4-beb0-d6971255bb91" testListId="8c84fa94-04c1-424b-9868-57a2d4851a1d" />
    <TestEntry testId="17db813c-1206-cc8b-2aec-429272188567" executionId="cb34e3b7-ab49-4b71-9885-8bd75da4903c" testListId="8c84fa94-04c1-424b-9868-57a2d4851a1d" />
    <TestEntry testId="ee8aafb9-8c92-aa71-b2c5-a50c80f89ffa" executionId="6981daa8-89da-426b-a309-cfa868a5c291" testListId="8c84fa94-04c1-424b-9868-57a2d4851a1d" />
    <TestEntry testId="7c7003ad-ad8b-027f-7da8-4c4339185c93" executionId="28ecc497-8b4a-4b05-b36d-edfb1eacd167" testListId="8c84fa94-04c1-424b-9868-57a2d4851a1d" />
    <TestEntry testId="00962e3e-83d9-46ce-082c-5ce3071a9a13" executionId="6ad131b5-f3f1-487d-894a-a260526bf645" testListId="8c84fa94-04c1-424b-9868-57a2d4851a1d" />
    <TestEntry testId="4dfbe4c0-1bce-f685-302b-c39ffaaec33c" executionId="0ad939f9-3496-4049-9342-3406bd6eaf22" testListId="8c84fa94-04c1-424b-9868-57a2d4851a1d" />
    <TestEntry testId="1e673d72-09b3-76fe-7a9c-ca4edce9473e" executionId="6ee01e63-0287-4474-ba7b-70967a560a91" testListId="8c84fa94-04c1-424b-9868-57a2d4851a1d" />
    <TestEntry testId="8ffc533e-dbe2-a04a-622a-b6eb34e0e1a2" executionId="c0b2c07a-8590-4b13-ac4e-594c875f619f" testListId="8c84fa94-04c1-424b-9868-57a2d4851a1d" />
    <TestEntry testId="cb92a75a-3d75-fb02-ff9b-54b25c8156f2" executionId="358e5b35-3a67-4908-a5d3-a4a84f536735" testListId="8c84fa94-04c1-424b-9868-57a2d4851a1d" />
    <TestEntry testId="4bb35674-bcae-db3f-8d79-6da9552ffd66" executionId="51c91b5d-3999-4416-9aa5-b1c9f0252aa9" testListId="8c84fa94-04c1-424b-9868-57a2d4851a1d" />
    <TestEntry testId="5db9cdb8-0fa4-0c5c-b336-2c08e8318f3a" executionId="b6cc5d82-e33a-460f-8f8a-9a3ede9e017a" testListId="8c84fa94-04c1-424b-9868-57a2d4851a1d" />
    <TestEntry testId="2f9fe530-9f9a-4708-4a26-7c6564c4fadd" executionId="1efd0fd1-e483-4272-a6f3-feb9ec9c54a8" testListId="8c84fa94-04c1-424b-9868-57a2d4851a1d" />
    <TestEntry testId="9303c8a3-4457-dd53-a1ee-73373e6854b4" executionId="51534051-2008-45af-bdd9-3c486b83a27b" testListId="8c84fa94-04c1-424b-9868-57a2d4851a1d" />
    <TestEntry testId="fb9222b4-352e-53d2-a6a0-c25767f137de" executionId="8163b39a-fd30-48a7-b6c3-867683e3ad45" testListId="8c84fa94-04c1-424b-9868-57a2d4851a1d" />
    <TestEntry testId="4c36fbe1-f8de-13b2-bcb1-e7ce9596a021" executionId="501d6bed-37e9-4409-93e8-44dcc7283096" testListId="8c84fa94-04c1-424b-9868-57a2d4851a1d" />
    <TestEntry testId="5456b4a7-0c13-564f-de65-ea8a9df057cb" executionId="99cbf42a-beb3-41cd-ae3e-79fc98c52206" testListId="8c84fa94-04c1-424b-9868-57a2d4851a1d" />
    <TestEntry testId="55eddf56-140c-fc12-8881-b40e3de6fdf2" executionId="8e899d5a-112f-4241-888f-3d4f2d2f7c3e" testListId="8c84fa94-04c1-424b-9868-57a2d4851a1d" />
    <TestEntry testId="e0c41eb4-ca64-4ddf-9983-492652c1f0d6" executionId="96397217-a2d1-49af-aaff-885dffbacf5e" testListId="8c84fa94-04c1-424b-9868-57a2d4851a1d" />
    <TestEntry testId="60cda89b-764e-8c9e-bc30-1e3457534948" executionId="5fe9334a-7355-4486-9931-dfdfcfa11148" testListId="8c84fa94-04c1-424b-9868-57a2d4851a1d" />
    <TestEntry testId="27438331-c0fe-4d15-65b5-fb3f4b12375a" executionId="7a14a4fd-6b8a-478d-b415-b96cb1830bbf" testListId="8c84fa94-04c1-424b-9868-57a2d4851a1d" />
    <TestEntry testId="a8f489fb-4bcd-8cf4-eb18-2db2a9c9dea0" executionId="d47b6cec-959e-419c-b3a0-4a2c67419a7e" testListId="8c84fa94-04c1-424b-9868-57a2d4851a1d" />
    <TestEntry testId="3ef0c418-2089-c3e6-4e94-e0341e36e810" executionId="ae3107a1-8089-4cbb-b8cf-0a6001440bb9" testListId="8c84fa94-04c1-424b-9868-57a2d4851a1d" />
    <TestEntry testId="b0b9d0a0-9158-c0ad-cbda-c08da553577d" executionId="587323c7-6094-46b8-9b2a-98687e9a4faf" testListId="8c84fa94-04c1-424b-9868-57a2d4851a1d" />
    <TestEntry testId="8dfedf8d-5ced-b051-67b1-f21d8190aa73" executionId="32ab1f66-676a-48e8-b0c5-fe6b39f1b91c" testListId="8c84fa94-04c1-424b-9868-57a2d4851a1d" />
    <TestEntry testId="853f6915-20e9-72f8-b144-6b6c2f45bce5" executionId="9b6c283e-af38-4959-91e1-815ac4665cc7" testListId="8c84fa94-04c1-424b-9868-57a2d4851a1d" />
    <TestEntry testId="23b8a97d-73db-ca9d-ee8d-e27bad17d5d3" executionId="3467a92b-ff85-46c5-8581-e9c0d0a88648" testListId="8c84fa94-04c1-424b-9868-57a2d4851a1d" />
    <TestEntry testId="c3573399-21f3-d171-85a6-ea212493cb14" executionId="e65f54d1-628a-4a3e-a620-c449df5c4292" testListId="8c84fa94-04c1-424b-9868-57a2d4851a1d" />
    <TestEntry testId="6c2774fd-5517-8aea-be70-fd37a3cf85af" executionId="03143f94-af9a-4997-a1ea-0c20a0627049" testListId="8c84fa94-04c1-424b-9868-57a2d4851a1d" />
    <TestEntry testId="24f8123c-e826-303b-a65a-9364447f6890" executionId="02e3d81d-49d6-44a5-869d-d4b8655e55be" testListId="8c84fa94-04c1-424b-9868-57a2d4851a1d" />
    <TestEntry testId="3b3bc144-1799-7620-fe3c-04bad5ec1510" executionId="4d48e11c-b8dc-4801-b548-f77932e91007" testListId="8c84fa94-04c1-424b-9868-57a2d4851a1d" />
    <TestEntry testId="f9063bff-e7ba-c028-46f9-189d14a707c0" executionId="b22a1acf-b64c-4b09-af69-d720b00f6594" testListId="8c84fa94-04c1-424b-9868-57a2d4851a1d" />
    <TestEntry testId="ab93ee62-5f81-8ef5-1c0d-f4b76290680a" executionId="74459d83-81b9-4c1d-ad56-82b991bb30bf" testListId="8c84fa94-04c1-424b-9868-57a2d4851a1d" />
    <TestEntry testId="b302fa2d-031c-4f71-4afe-c81ca1b4659c" executionId="460a324a-f2d0-48ef-a254-6b81ab5a293c" testListId="8c84fa94-04c1-424b-9868-57a2d4851a1d" />
    <TestEntry testId="0bbb508b-fd28-af7a-61a4-81cd8ad41d08" executionId="b043e382-5e56-4848-a9a5-1f799baa6407" testListId="8c84fa94-04c1-424b-9868-57a2d4851a1d" />
    <TestEntry testId="b6dd1d7b-fa80-5930-3fa2-3201c6345ce9" executionId="39d3f811-52e5-46e7-ac54-1435cce91f0b" testListId="8c84fa94-04c1-424b-9868-57a2d4851a1d" />
    <TestEntry testId="58703ce4-1c67-ed97-f1a4-1af1a3003de0" executionId="7182efe4-06f9-4f33-983c-3a8db573522e" testListId="8c84fa94-04c1-424b-9868-57a2d4851a1d" />
    <TestEntry testId="f4f1f3cd-b04f-c623-3d30-8c01b6f83066" executionId="dfa2c220-2857-4e5c-a511-f8c0b539f970" testListId="8c84fa94-04c1-424b-9868-57a2d4851a1d" />
    <TestEntry testId="6eb5e2ab-2e52-184d-9e36-3b40855937d4" executionId="bc310fd3-a413-4d94-a17c-6ebc6bd09818" testListId="8c84fa94-04c1-424b-9868-57a2d4851a1d" />
    <TestEntry testId="6e75c7b2-82c6-9596-e538-6098a4826ccc" executionId="490d61d0-52f6-400f-84bf-fefd42d0cf9b" testListId="8c84fa94-04c1-424b-9868-57a2d4851a1d" />
    <TestEntry testId="6906b320-58cc-fbbb-8560-616a393b863e" executionId="daea05cb-a5b2-4ec2-8a73-21ebbdf3847d" testListId="8c84fa94-04c1-424b-9868-57a2d4851a1d" />
    <TestEntry testId="8bf87499-b2a7-b230-9a08-9f844ded294c" executionId="44aa0c45-3659-48ff-917c-ba7efc8a8c58" testListId="8c84fa94-04c1-424b-9868-57a2d4851a1d" />
    <TestEntry testId="704ef10a-b575-fe4f-2673-b021ecba942f" executionId="829896f9-4712-43f7-a867-4035f911e927" testListId="8c84fa94-04c1-424b-9868-57a2d4851a1d" />
    <TestEntry testId="ccb2b6db-3973-b90d-56a9-3d38c12b2b8f" executionId="6b48d073-c360-4d8b-bf6c-329af71092ff" testListId="8c84fa94-04c1-424b-9868-57a2d4851a1d" />
    <TestEntry testId="d1e2ee3a-5497-84fa-1720-32c96fcd92e7" executionId="e5b5b2ae-2fe7-44d7-8eb6-60f62762ccb6" testListId="8c84fa94-04c1-424b-9868-57a2d4851a1d" />
    <TestEntry testId="c46fb142-69b0-d140-f581-d0b790df6efa" executionId="983ce6aa-b27b-44bb-a129-ed5b8304de23" testListId="8c84fa94-04c1-424b-9868-57a2d4851a1d" />
    <TestEntry testId="2cd289e6-be4f-74c1-cee0-00532b6125f7" executionId="71930edd-d511-461b-a221-50c9ad3215fd" testListId="8c84fa94-04c1-424b-9868-57a2d4851a1d" />
    <TestEntry testId="729fea51-614b-2ba9-1dd4-6b49891d7c46" executionId="a4af15e0-04c0-49d5-ab6e-f81424ae92b3" testListId="8c84fa94-04c1-424b-9868-57a2d4851a1d" />
    <TestEntry testId="6326290f-8e50-bc28-9f9e-5ff9f9bd3c53" executionId="513a9b22-bb99-4151-9a81-8223066a0707" testListId="8c84fa94-04c1-424b-9868-57a2d4851a1d" />
    <TestEntry testId="b814b31f-9b44-c1f8-a1b3-268a53a57d26" executionId="64ed9da2-3e2d-491e-8b11-689417cda6ab" testListId="8c84fa94-04c1-424b-9868-57a2d4851a1d" />
    <TestEntry testId="30a8f6e6-2142-3d73-ed24-70819eedb975" executionId="da9051f7-1245-4a1b-a2db-c594093c7201" testListId="8c84fa94-04c1-424b-9868-57a2d4851a1d" />
    <TestEntry testId="2bc0ce96-c350-d094-ddf7-a0dcbcc01a25" executionId="dd7a712b-b380-4f3e-b0f7-3c2194ded91f" testListId="8c84fa94-04c1-424b-9868-57a2d4851a1d" />
    <TestEntry testId="170c026e-6a95-4bb2-d08c-c04ad61f24e2" executionId="c1fd28ff-8651-4df2-b874-419af6e97e05" testListId="8c84fa94-04c1-424b-9868-57a2d4851a1d" />
    <TestEntry testId="09ad567a-bf9b-551a-1680-c5ab6247ecc6" executionId="b37107ee-5ee0-474c-956b-fe4ef0d38fe7" testListId="8c84fa94-04c1-424b-9868-57a2d4851a1d" />
    <TestEntry testId="48cb99ba-5270-df3c-8533-76671ff09a4c" executionId="0d6be11e-12d2-40da-9c5b-2601b5b02c24" testListId="8c84fa94-04c1-424b-9868-57a2d4851a1d" />
    <TestEntry testId="8539d4fd-7e67-da82-911e-4911873c1bd9" executionId="8f80a2fb-00df-431c-9fe7-7e730d8aba2d" testListId="8c84fa94-04c1-424b-9868-57a2d4851a1d" />
    <TestEntry testId="21868baf-ff05-ff85-7303-76deb1e29922" executionId="055ab92d-b31d-45fb-8ee4-fba2a271c2ab" testListId="8c84fa94-04c1-424b-9868-57a2d4851a1d" />
  </TestEntries>
  <TestLists>
    <TestList name="Results Not in a List" id="8c84fa94-04c1-424b-9868-57a2d4851a1d" />
    <TestList name="All Loaded Results" id="19431567-8539-422a-85d7-44ee4e166bda" />
  </TestLists>
  <ResultSummary outcome="Completed">
    <Counters total="211" executed="211" passed="211" failed="0" error="0" timeout="0" aborted="0" inconclusive="0" passedButRunAborted="0" notRunnable="0" notExecuted="0" disconnected="0" warning="0" completed="0" inProgress="0" pending="0" />
  </ResultSummary>
</TestRun>