<?xml version="1.0" encoding="utf-8"?>
<TestRun id="f57fd550-a3a8-4eab-9653-3ecc70280023" name="DKSR-EFI-04$@DKSR-EFI-04 2023-12-22 09:32:09" runUser="NT AUTHORITY\NETWORK SERVICE" xmlns="http://microsoft.com/schemas/VisualStudio/TeamTest/2010">
  <Times creation="2023-12-22T09:32:09.4277360+01:00" queuing="2023-12-22T09:32:09.4277360+01:00" start="2023-12-22T09:32:06.8183480+01:00" finish="2023-12-22T09:32:10.2558636+01:00" />
  <TestSettings name="default" id="91bc65b5-15a2-4578-a9c0-3bc0e2931d8f">
    <Deployment runDeploymentRoot="DKSR-EFI-04$_DKSR-EFI-04_2023-12-22_09_32_09" />
  </TestSettings>
  <Results>
    <UnitTestResult executionId="d4f56e7c-25ff-406a-a66c-c22fdfab5ed9" testId="fc6c06b4-59f3-4f70-0505-04f713d41fac" testName="WhenSavingOnEditModeItShouldCallUpdateImportanceLevel" computerName="DKSR-EFI-04" duration="00:00:00.0034235" startTime="2023-12-22T09:32:09.4277360+01:00" endTime="2023-12-22T09:32:09.4277360+01:00" testType="13cdc9d9-ddb5-4fa4-a97d-d965ccfc6d4b" outcome="Passed" testListId="8c84fa94-04c1-424b-9868-57a2d4851a1d" relativeResultsDirectory="d4f56e7c-25ff-406a-a66c-c22fdfab5ed9" />
    <UnitTestResult executionId="08766ae0-87a3-4689-9c1c-4b84f9816cae" testId="65292550-e6de-d3a6-3973-3390e92f2ed9" testName="WhenSelectingSecondItemItShouldNotAllowMoveUp" computerName="DKSR-EFI-04" duration="00:00:00.0011718" startTime="2023-12-22T09:32:09.9589866+01:00" endTime="2023-12-22T09:32:09.9589866+01:00" testType="13cdc9d9-ddb5-4fa4-a97d-d965ccfc6d4b" outcome="Passed" testListId="8c84fa94-04c1-424b-9868-57a2d4851a1d" relativeResultsDirectory="08766ae0-87a3-4689-9c1c-4b84f9816cae" />
    <UnitTestResult executionId="441461b0-f0f6-4147-804b-b3661be059da" testId="f0c38276-c310-5155-1b8e-bdae5b142b4b" testName="WhenCategoriesIsBelowMaxAllowedItShouldAllowAdd" computerName="DKSR-EFI-04" duration="00:00:00.0014458" startTime="2023-12-22T09:32:10.0214891+01:00" endTime="2023-12-22T09:32:10.0214891+01:00" testType="13cdc9d9-ddb5-4fa4-a97d-d965ccfc6d4b" outcome="Passed" testListId="8c84fa94-04c1-424b-9868-57a2d4851a1d" relativeResultsDirectory="441461b0-f0f6-4147-804b-b3661be059da" />
    <UnitTestResult executionId="5c0ac7f0-f304-4c60-8800-29f9e75c77e1" testId="ca02ab43-0e33-1dcd-faaf-15c069e3d653" testName="WhenOnAddModeItShouldShowAddResources" computerName="DKSR-EFI-04" duration="00:00:00.2517460" startTime="2023-12-22T09:32:08.7402317+01:00" endTime="2023-12-22T09:32:08.9902338+01:00" testType="13cdc9d9-ddb5-4fa4-a97d-d965ccfc6d4b" outcome="Passed" testListId="8c84fa94-04c1-424b-9868-57a2d4851a1d" relativeResultsDirectory="5c0ac7f0-f304-4c60-8800-29f9e75c77e1" />
    <UnitTestResult executionId="883b8a0d-d4f7-4017-93fd-95bf5fb44231" testId="4e91ed77-e934-8542-60cf-5ef44eb092f5" testName="WhenUpdatingItShouldUpdateItemList" computerName="DKSR-EFI-04" duration="00:00:00.0051548" startTime="2023-12-22T09:32:09.9277387+01:00" endTime="2023-12-22T09:32:09.9433631+01:00" testType="13cdc9d9-ddb5-4fa4-a97d-d965ccfc6d4b" outcome="Passed" testListId="8c84fa94-04c1-424b-9868-57a2d4851a1d" relativeResultsDirectory="883b8a0d-d4f7-4017-93fd-95bf5fb44231" />
    <UnitTestResult executionId="6ad29fe5-54e4-44ce-be30-dabe1ddd7c0b" testId="d43d280c-e267-3d98-f8c7-2db2d97eef98" testName="WhenFillingDataItShouldGetImportanceLevels" computerName="DKSR-EFI-04" duration="00:00:00.0146808" startTime="2023-12-22T09:32:09.9121113+01:00" endTime="2023-12-22T09:32:09.9277387+01:00" testType="13cdc9d9-ddb5-4fa4-a97d-d965ccfc6d4b" outcome="Passed" testListId="8c84fa94-04c1-424b-9868-57a2d4851a1d" relativeResultsDirectory="6ad29fe5-54e4-44ce-be30-dabe1ddd7c0b" />
    <UnitTestResult executionId="72c33433-4b48-4bfa-8abc-82d1d09ca8f2" testId="fb8d6a48-dcc2-89ee-e820-0c7e6877deaa" testName="WhenOnEditModeItShouldShowEditResources" computerName="DKSR-EFI-04" duration="00:00:00.0008815" startTime="2023-12-22T09:32:09.1464843+01:00" endTime="2023-12-22T09:32:09.1464843+01:00" testType="13cdc9d9-ddb5-4fa4-a97d-d965ccfc6d4b" outcome="Passed" testListId="8c84fa94-04c1-424b-9868-57a2d4851a1d" relativeResultsDirectory="72c33433-4b48-4bfa-8abc-82d1d09ca8f2" />
    <UnitTestResult executionId="033854a7-b85a-4ccd-bee2-02ad08e3f5ec" testId="912f3fb4-514e-93e7-56e3-68d9f160458b" testName="WhenRenamingItemsInSameOrderItShouldNotLogOrderChangedEvent" computerName="DKSR-EFI-04" duration="00:00:00.0118688" startTime="2023-12-22T09:32:10.0058615+01:00" endTime="2023-12-22T09:32:10.0214891+01:00" testType="13cdc9d9-ddb5-4fa4-a97d-d965ccfc6d4b" outcome="Passed" testListId="8c84fa94-04c1-424b-9868-57a2d4851a1d" relativeResultsDirectory="033854a7-b85a-4ccd-bee2-02ad08e3f5ec" />
    <UnitTestResult executionId="07cbc6f8-dd21-4672-829a-fd233712a35b" testId="502f7809-2210-4f7d-9e82-a47fa033e57b" testName="WhenAddingItShouldAddItemToTheLast" computerName="DKSR-EFI-04" duration="00:00:00.0036392" startTime="2023-12-22T09:32:09.9277387+01:00" endTime="2023-12-22T09:32:09.9277387+01:00" testType="13cdc9d9-ddb5-4fa4-a97d-d965ccfc6d4b" outcome="Passed" testListId="8c84fa94-04c1-424b-9868-57a2d4851a1d" relativeResultsDirectory="07cbc6f8-dd21-4672-829a-fd233712a35b" />
    <UnitTestResult executionId="dbb46252-eb50-44cd-b1d5-6f5f290381cc" testId="ca0d139b-3d6e-5d04-2be2-abfac5046cfb" testName="WhenCategoriesReachedMaxAllowedItShouldNotAllowAdd" computerName="DKSR-EFI-04" duration="00:00:00.0016230" startTime="2023-12-22T09:32:10.0214891+01:00" endTime="2023-12-22T09:32:10.0214891+01:00" testType="13cdc9d9-ddb5-4fa4-a97d-d965ccfc6d4b" outcome="Passed" testListId="8c84fa94-04c1-424b-9868-57a2d4851a1d" relativeResultsDirectory="dbb46252-eb50-44cd-b1d5-6f5f290381cc" />
    <UnitTestResult executionId="23e41912-09e2-4735-a873-abfc8a88e36e" testId="d4686cea-147c-469e-d034-0bde1af5350a" testName="WhenSelectingOtherItemItShouldAllowEdit" computerName="DKSR-EFI-04" duration="00:00:00.0010402" startTime="2023-12-22T09:32:09.9433631+01:00" endTime="2023-12-22T09:32:09.9433631+01:00" testType="13cdc9d9-ddb5-4fa4-a97d-d965ccfc6d4b" outcome="Passed" testListId="8c84fa94-04c1-424b-9868-57a2d4851a1d" relativeResultsDirectory="23e41912-09e2-4735-a873-abfc8a88e36e" />
    <UnitTestResult executionId="6dbcb5a4-f54e-4ac5-8900-52e5e6a8afc6" testId="89605a8d-9719-2e61-bd18-a5829b648f8b" testName="WhenSelectingThirdItemWith4ItemsItShouldAllowMoveDown" computerName="DKSR-EFI-04" duration="00:00:00.0012159" startTime="2023-12-22T09:32:09.9589866+01:00" endTime="2023-12-22T09:32:09.9589866+01:00" testType="13cdc9d9-ddb5-4fa4-a97d-d965ccfc6d4b" outcome="Passed" testListId="8c84fa94-04c1-424b-9868-57a2d4851a1d" relativeResultsDirectory="6dbcb5a4-f54e-4ac5-8900-52e5e6a8afc6" />
    <UnitTestResult executionId="7f4e273e-7a4d-40e0-bbee-8809d1eba727" testId="27dfd96b-aa5f-08c4-46b9-5d7e0e772c98" testName="WhenSavingWithUpdatedItemOrderItShouldLogOrderChangedEvent" computerName="DKSR-EFI-04" duration="00:00:00.0044229" startTime="2023-12-22T09:32:10.0058615+01:00" endTime="2023-12-22T09:32:10.0058615+01:00" testType="13cdc9d9-ddb5-4fa4-a97d-d965ccfc6d4b" outcome="Passed" testListId="8c84fa94-04c1-424b-9868-57a2d4851a1d" relativeResultsDirectory="7f4e273e-7a4d-40e0-bbee-8809d1eba727" />
    <UnitTestResult executionId="01b9a3ce-2090-4807-8f07-ff8ddcd750b3" testId="b0dc2d50-c9b8-5524-9da8-f4e4e9e671be" testName="WhenStickyNotesAdminIsConstructedItShouldAssignProperties" computerName="DKSR-EFI-04" duration="00:00:00.4779985" startTime="2023-12-22T09:32:08.1152304+01:00" endTime="2023-12-22T09:32:08.7246079+01:00" testType="13cdc9d9-ddb5-4fa4-a97d-d965ccfc6d4b" outcome="Passed" testListId="8c84fa94-04c1-424b-9868-57a2d4851a1d" relativeResultsDirectory="01b9a3ce-2090-4807-8f07-ff8ddcd750b3" />
    <UnitTestResult executionId="c076d63b-c0b8-487e-b4e3-30f7718ddc41" testId="68eb3766-3c74-9b28-9837-1ad47710d680" testName="WhenSavingWithDeletedItemsItShouldLogDeleteEvent" computerName="DKSR-EFI-04" duration="00:00:00.0054689" startTime="2023-12-22T09:32:10.0058615+01:00" endTime="2023-12-22T09:32:10.0058615+01:00" testType="13cdc9d9-ddb5-4fa4-a97d-d965ccfc6d4b" outcome="Passed" testListId="8c84fa94-04c1-424b-9868-57a2d4851a1d" relativeResultsDirectory="c076d63b-c0b8-487e-b4e3-30f7718ddc41" />
    <UnitTestResult executionId="fb7fede7-99ed-4034-aaaf-3c9cd1c3e2da" testId="0725cacc-73c6-d9f6-d92e-a9765512de89" testName="WhenSelectingGeneralItShouldNotAllowDelete" computerName="DKSR-EFI-04" duration="00:00:00.0017782" startTime="2023-12-22T09:32:09.9433631+01:00" endTime="2023-12-22T09:32:09.9433631+01:00" testType="13cdc9d9-ddb5-4fa4-a97d-d965ccfc6d4b" outcome="Passed" testListId="8c84fa94-04c1-424b-9868-57a2d4851a1d" relativeResultsDirectory="fb7fede7-99ed-4034-aaaf-3c9cd1c3e2da" />
    <UnitTestResult executionId="0ba53e13-6f72-4741-a634-c41071ee0073" testId="b2906d44-9c08-6d39-0b46-8f9b3c649a71" testName="WhenSavingWithUpdatedItemsItShouldLogUpdateEvent" computerName="DKSR-EFI-04" duration="00:00:00.0049891" startTime="2023-12-22T09:32:09.9902373+01:00" endTime="2023-12-22T09:32:10.0058615+01:00" testType="13cdc9d9-ddb5-4fa4-a97d-d965ccfc6d4b" outcome="Passed" testListId="8c84fa94-04c1-424b-9868-57a2d4851a1d" relativeResultsDirectory="0ba53e13-6f72-4741-a634-c41071ee0073" />
    <UnitTestResult executionId="a78c06fd-b61c-4851-9dfc-082558c51313" testId="34ea60ed-e1fc-8a3c-1080-7ab908459f08" testName="WhenSavingWithNewItemsItShouldLogAddEvent" computerName="DKSR-EFI-04" duration="00:00:00.0369380" startTime="2023-12-22T09:32:09.9589866+01:00" endTime="2023-12-22T09:32:09.9902373+01:00" testType="13cdc9d9-ddb5-4fa4-a97d-d965ccfc6d4b" outcome="Passed" testListId="8c84fa94-04c1-424b-9868-57a2d4851a1d" relativeResultsDirectory="a78c06fd-b61c-4851-9dfc-082558c51313" />
    <UnitTestResult executionId="cf4bc5b3-e030-4ea2-be07-c972b1c374d0" testId="3443154a-d643-54cb-6bdf-9520d66ff170" testName="WhenSelectingWarningItShouldAllowEdit" computerName="DKSR-EFI-04" duration="00:00:00.0011987" startTime="2023-12-22T09:32:09.9433631+01:00" endTime="2023-12-22T09:32:09.9433631+01:00" testType="13cdc9d9-ddb5-4fa4-a97d-d965ccfc6d4b" outcome="Passed" testListId="8c84fa94-04c1-424b-9868-57a2d4851a1d" relativeResultsDirectory="cf4bc5b3-e030-4ea2-be07-c972b1c374d0" />
    <UnitTestResult executionId="650d3c9e-3e1c-4797-b7b9-24556de202fb" testId="659dcb52-ac17-083c-4e6f-2b6bbef3d029" testName="WhenOnAddModeWithInvalidDataItShouldDisableSave (,Warning)" computerName="DKSR-EFI-04" duration="00:00:00.0004628" startTime="2023-12-22T09:32:09.0839831+01:00" endTime="2023-12-22T09:32:09.0996083+01:00" testType="13cdc9d9-ddb5-4fa4-a97d-d965ccfc6d4b" outcome="Passed" testListId="8c84fa94-04c1-424b-9868-57a2d4851a1d" relativeResultsDirectory="650d3c9e-3e1c-4797-b7b9-24556de202fb" />
    <UnitTestResult executionId="5d2b3fc8-bbcf-4df2-840b-10109e625467" testId="ee7224be-190d-582c-e3d7-445b75d770aa" testName="WhenCreatedItShouldShowResources" computerName="DKSR-EFI-04" duration="00:00:00.4840439" startTime="2023-12-22T09:32:09.4277360+01:00" endTime="2023-12-22T09:32:09.9121113+01:00" testType="13cdc9d9-ddb5-4fa4-a97d-d965ccfc6d4b" outcome="Passed" testListId="8c84fa94-04c1-424b-9868-57a2d4851a1d" relativeResultsDirectory="5d2b3fc8-bbcf-4df2-840b-10109e625467" />
    <UnitTestResult executionId="08d64e5d-1cc2-4536-b711-f8703cea47a4" testId="d4262dbb-9f67-bfb9-7b5a-bb64b2a3686f" testName="WhenRemovingItShouldSetSelectedItemToNull" computerName="DKSR-EFI-04" duration="00:00:00.0020127" startTime="2023-12-22T09:32:09.9589866+01:00" endTime="2023-12-22T09:32:09.9589866+01:00" testType="13cdc9d9-ddb5-4fa4-a97d-d965ccfc6d4b" outcome="Passed" testListId="8c84fa94-04c1-424b-9868-57a2d4851a1d" relativeResultsDirectory="08d64e5d-1cc2-4536-b711-f8703cea47a4" />
    <UnitTestResult executionId="0c541804-7df3-4ce3-ae1a-11fbfa64c31c" testId="a19f3cd0-6ca0-8d8b-6a86-989e0e6c08b7" testName="WhenSelectingGeneralItShouldAllowEdit" computerName="DKSR-EFI-04" duration="00:00:00.0012263" startTime="2023-12-22T09:32:09.9433631+01:00" endTime="2023-12-22T09:32:09.9433631+01:00" testType="13cdc9d9-ddb5-4fa4-a97d-d965ccfc6d4b" outcome="Passed" testListId="8c84fa94-04c1-424b-9868-57a2d4851a1d" relativeResultsDirectory="0c541804-7df3-4ce3-ae1a-11fbfa64c31c" />
    <UnitTestResult executionId="f9bb86b5-71c4-4657-b916-fc287d8ae520" testId="eeac5fa3-45c6-4daa-c795-07bf5eef5dc8" testName="WhenSelectingGeneralItShouldNotAllowMove" computerName="DKSR-EFI-04" duration="00:00:00.0016363" startTime="2023-12-22T09:32:09.9433631+01:00" endTime="2023-12-22T09:32:09.9589866+01:00" testType="13cdc9d9-ddb5-4fa4-a97d-d965ccfc6d4b" outcome="Passed" testListId="8c84fa94-04c1-424b-9868-57a2d4851a1d" relativeResultsDirectory="f9bb86b5-71c4-4657-b916-fc287d8ae520" />
    <UnitTestResult executionId="182e0df1-d7e2-49c5-9a7b-ecbefd4d60ba" testId="a3a32c4e-0ca6-5e80-c0ed-7707121a0543" testName="WhenSelectingOtherItemItShouldAllowDelete" computerName="DKSR-EFI-04" duration="00:00:00.0010905" startTime="2023-12-22T09:32:09.9433631+01:00" endTime="2023-12-22T09:32:09.9433631+01:00" testType="13cdc9d9-ddb5-4fa4-a97d-d965ccfc6d4b" outcome="Passed" testListId="8c84fa94-04c1-424b-9868-57a2d4851a1d" relativeResultsDirectory="182e0df1-d7e2-49c5-9a7b-ecbefd4d60ba" />
    <UnitTestResult executionId="58a11b36-52b6-407e-93b2-819183b83811" testId="8fc9e595-2613-504b-dd32-5b35374b88a8" testName="WhenSavingOnAddModeItShouldCallAddImportanceLevel" computerName="DKSR-EFI-04" duration="00:00:00.2844248" startTime="2023-12-22T09:32:09.1464843+01:00" endTime="2023-12-22T09:32:09.4277360+01:00" testType="13cdc9d9-ddb5-4fa4-a97d-d965ccfc6d4b" outcome="Passed" testListId="8c84fa94-04c1-424b-9868-57a2d4851a1d" relativeResultsDirectory="58a11b36-52b6-407e-93b2-819183b83811" />
    <UnitTestResult executionId="62294e69-29d4-4365-8a07-c4cdd3a593d1" testId="d0d98c60-3506-9a47-4d91-99f2177f8572" testName="WhenSelectingThirdItemWith3ItemsItShouldNotAllowMoveDown" computerName="DKSR-EFI-04" duration="00:00:00.0010352" startTime="2023-12-22T09:32:09.9589866+01:00" endTime="2023-12-22T09:32:09.9589866+01:00" testType="13cdc9d9-ddb5-4fa4-a97d-d965ccfc6d4b" outcome="Passed" testListId="8c84fa94-04c1-424b-9868-57a2d4851a1d" relativeResultsDirectory="62294e69-29d4-4365-8a07-c4cdd3a593d1" />
    <UnitTestResult executionId="6fca423d-92fb-4bea-83eb-e5a7ec916e9a" testId="90261e27-94d2-acb4-9d4f-b0c82743bad8" testName="WhenOnAddModeWithInvalidDataItShouldDisableSave (test,)" computerName="DKSR-EFI-04" duration="00:00:00.0004282" startTime="2023-12-22T09:32:09.0839831+01:00" endTime="2023-12-22T09:32:09.0839831+01:00" testType="13cdc9d9-ddb5-4fa4-a97d-d965ccfc6d4b" outcome="Passed" testListId="8c84fa94-04c1-424b-9868-57a2d4851a1d" relativeResultsDirectory="6fca423d-92fb-4bea-83eb-e5a7ec916e9a" />
    <UnitTestResult executionId="b91cb45a-ff40-409a-b6a0-9af8e14f8733" testId="914d4c4c-8d7b-a605-aa7b-0c731003fe4b" testName="WhenSelectingWarningItShouldAllowDelete" computerName="DKSR-EFI-04" duration="00:00:00.0013984" startTime="2023-12-22T09:32:09.9433631+01:00" endTime="2023-12-22T09:32:09.9433631+01:00" testType="13cdc9d9-ddb5-4fa4-a97d-d965ccfc6d4b" outcome="Passed" testListId="8c84fa94-04c1-424b-9868-57a2d4851a1d" relativeResultsDirectory="b91cb45a-ff40-409a-b6a0-9af8e14f8733" />
    <UnitTestResult executionId="8411f6a9-c8e4-48f9-bf25-d8b3f0cbc3c1" testId="15dfbc72-d1cd-3a7a-3c61-3afc0917ccee" testName="WhenOnAddModeWithInvalidDataItShouldDisableSave (,)" computerName="DKSR-EFI-04" duration="00:00:00.0015624" startTime="2023-12-22T09:32:08.9902338+01:00" endTime="2023-12-22T09:32:09.0839831+01:00" testType="13cdc9d9-ddb5-4fa4-a97d-d965ccfc6d4b" outcome="Passed" testListId="8c84fa94-04c1-424b-9868-57a2d4851a1d" relativeResultsDirectory="8411f6a9-c8e4-48f9-bf25-d8b3f0cbc3c1" />
    <UnitTestResult executionId="1eeb1902-adc4-4194-b22a-26cf02a4cbc3" testId="78a1e3f5-86ca-8984-40a7-d75fc2bbb1ef" testName="WhenOnEditModeItShouldGetUsedColorsExcludingItself" computerName="DKSR-EFI-04" duration="00:00:00.0445878" startTime="2023-12-22T09:32:09.0996083+01:00" endTime="2023-12-22T09:32:09.1464843+01:00" testType="13cdc9d9-ddb5-4fa4-a97d-d965ccfc6d4b" outcome="Passed" testListId="8c84fa94-04c1-424b-9868-57a2d4851a1d" relativeResultsDirectory="1eeb1902-adc4-4194-b22a-26cf02a4cbc3" />
  </Results>
  <TestDefinitions>
    <UnitTest name="WhenSelectingOtherItemItShouldAllowEdit" storage="d:\actions-runner\_work\xpco\xpco\addons\plugins\stickynotes\tst\videoos.plugins.stickynotes.mc.unittests\bin\x64\debug\net472\videoos.plugins.stickynotes.mc.unittests.dll" id="d4686cea-147c-469e-d034-0bde1af5350a">
      <Execution id="23e41912-09e2-4735-a873-abfc8a88e36e" />
      <TestMethod codeBase="D:\actions-runner\_work\XPCO\XPCO\AddOns\Plugins\StickyNotes\tst\VideoOS.Plugins.StickyNotes.MC.UnitTests\bin\x64\Debug\net472\VideoOS.Plugins.StickyNotes.MC.UnitTests.dll" adapterTypeName="executor://mstestadapter/v2" className="VideoOS.Plugins.StickyNotes.MC.UnitTests.StickyNotesConfigurationViewModelTests" name="WhenSelectingOtherItemItShouldAllowEdit" />
    </UnitTest>
    <UnitTest name="WhenSelectingGeneralItShouldAllowEdit" storage="d:\actions-runner\_work\xpco\xpco\addons\plugins\stickynotes\tst\videoos.plugins.stickynotes.mc.unittests\bin\x64\debug\net472\videoos.plugins.stickynotes.mc.unittests.dll" id="a19f3cd0-6ca0-8d8b-6a86-989e0e6c08b7">
      <Execution id="0c541804-7df3-4ce3-ae1a-11fbfa64c31c" />
      <TestMethod codeBase="D:\actions-runner\_work\XPCO\XPCO\AddOns\Plugins\StickyNotes\tst\VideoOS.Plugins.StickyNotes.MC.UnitTests\bin\x64\Debug\net472\VideoOS.Plugins.StickyNotes.MC.UnitTests.dll" adapterTypeName="executor://mstestadapter/v2" className="VideoOS.Plugins.StickyNotes.MC.UnitTests.StickyNotesConfigurationViewModelTests" name="WhenSelectingGeneralItShouldAllowEdit" />
    </UnitTest>
    <UnitTest name="WhenUpdatingItShouldUpdateItemList" storage="d:\actions-runner\_work\xpco\xpco\addons\plugins\stickynotes\tst\videoos.plugins.stickynotes.mc.unittests\bin\x64\debug\net472\videoos.plugins.stickynotes.mc.unittests.dll" id="4e91ed77-e934-8542-60cf-5ef44eb092f5">
      <Execution id="883b8a0d-d4f7-4017-93fd-95bf5fb44231" />
      <TestMethod codeBase="D:\actions-runner\_work\XPCO\XPCO\AddOns\Plugins\StickyNotes\tst\VideoOS.Plugins.StickyNotes.MC.UnitTests\bin\x64\Debug\net472\VideoOS.Plugins.StickyNotes.MC.UnitTests.dll" adapterTypeName="executor://mstestadapter/v2" className="VideoOS.Plugins.StickyNotes.MC.UnitTests.StickyNotesConfigurationViewModelTests" name="WhenUpdatingItShouldUpdateItemList" />
    </UnitTest>
    <UnitTest name="WhenCategoriesIsBelowMaxAllowedItShouldAllowAdd" storage="d:\actions-runner\_work\xpco\xpco\addons\plugins\stickynotes\tst\videoos.plugins.stickynotes.mc.unittests\bin\x64\debug\net472\videoos.plugins.stickynotes.mc.unittests.dll" id="f0c38276-c310-5155-1b8e-bdae5b142b4b">
      <Execution id="441461b0-f0f6-4147-804b-b3661be059da" />
      <TestMethod codeBase="D:\actions-runner\_work\XPCO\XPCO\AddOns\Plugins\StickyNotes\tst\VideoOS.Plugins.StickyNotes.MC.UnitTests\bin\x64\Debug\net472\VideoOS.Plugins.StickyNotes.MC.UnitTests.dll" adapterTypeName="executor://mstestadapter/v2" className="VideoOS.Plugins.StickyNotes.MC.UnitTests.StickyNotesConfigurationViewModelTests" name="WhenCategoriesIsBelowMaxAllowedItShouldAllowAdd" />
    </UnitTest>
    <UnitTest name="WhenSelectingThirdItemWith4ItemsItShouldAllowMoveDown" storage="d:\actions-runner\_work\xpco\xpco\addons\plugins\stickynotes\tst\videoos.plugins.stickynotes.mc.unittests\bin\x64\debug\net472\videoos.plugins.stickynotes.mc.unittests.dll" id="89605a8d-9719-2e61-bd18-a5829b648f8b">
      <Execution id="6dbcb5a4-f54e-4ac5-8900-52e5e6a8afc6" />
      <TestMethod codeBase="D:\actions-runner\_work\XPCO\XPCO\AddOns\Plugins\StickyNotes\tst\VideoOS.Plugins.StickyNotes.MC.UnitTests\bin\x64\Debug\net472\VideoOS.Plugins.StickyNotes.MC.UnitTests.dll" adapterTypeName="executor://mstestadapter/v2" className="VideoOS.Plugins.StickyNotes.MC.UnitTests.StickyNotesConfigurationViewModelTests" name="WhenSelectingThirdItemWith4ItemsItShouldAllowMoveDown" />
    </UnitTest>
    <UnitTest name="WhenSavingWithUpdatedItemOrderItShouldLogOrderChangedEvent" storage="d:\actions-runner\_work\xpco\xpco\addons\plugins\stickynotes\tst\videoos.plugins.stickynotes.mc.unittests\bin\x64\debug\net472\videoos.plugins.stickynotes.mc.unittests.dll" id="27dfd96b-aa5f-08c4-46b9-5d7e0e772c98">
      <Execution id="7f4e273e-7a4d-40e0-bbee-8809d1eba727" />
      <TestMethod codeBase="D:\actions-runner\_work\XPCO\XPCO\AddOns\Plugins\StickyNotes\tst\VideoOS.Plugins.StickyNotes.MC.UnitTests\bin\x64\Debug\net472\VideoOS.Plugins.StickyNotes.MC.UnitTests.dll" adapterTypeName="executor://mstestadapter/v2" className="VideoOS.Plugins.StickyNotes.MC.UnitTests.StickyNotesConfigurationViewModelTests" name="WhenSavingWithUpdatedItemOrderItShouldLogOrderChangedEvent" />
    </UnitTest>
    <UnitTest name="WhenSavingWithNewItemsItShouldLogAddEvent" storage="d:\actions-runner\_work\xpco\xpco\addons\plugins\stickynotes\tst\videoos.plugins.stickynotes.mc.unittests\bin\x64\debug\net472\videoos.plugins.stickynotes.mc.unittests.dll" id="34ea60ed-e1fc-8a3c-1080-7ab908459f08">
      <Execution id="a78c06fd-b61c-4851-9dfc-082558c51313" />
      <TestMethod codeBase="D:\actions-runner\_work\XPCO\XPCO\AddOns\Plugins\StickyNotes\tst\VideoOS.Plugins.StickyNotes.MC.UnitTests\bin\x64\Debug\net472\VideoOS.Plugins.StickyNotes.MC.UnitTests.dll" adapterTypeName="executor://mstestadapter/v2" className="VideoOS.Plugins.StickyNotes.MC.UnitTests.StickyNotesConfigurationViewModelTests" name="WhenSavingWithNewItemsItShouldLogAddEvent" />
    </UnitTest>
    <UnitTest name="WhenCategoriesReachedMaxAllowedItShouldNotAllowAdd" storage="d:\actions-runner\_work\xpco\xpco\addons\plugins\stickynotes\tst\videoos.plugins.stickynotes.mc.unittests\bin\x64\debug\net472\videoos.plugins.stickynotes.mc.unittests.dll" id="ca0d139b-3d6e-5d04-2be2-abfac5046cfb">
      <Execution id="dbb46252-eb50-44cd-b1d5-6f5f290381cc" />
      <TestMethod codeBase="D:\actions-runner\_work\XPCO\XPCO\AddOns\Plugins\StickyNotes\tst\VideoOS.Plugins.StickyNotes.MC.UnitTests\bin\x64\Debug\net472\VideoOS.Plugins.StickyNotes.MC.UnitTests.dll" adapterTypeName="executor://mstestadapter/v2" className="VideoOS.Plugins.StickyNotes.MC.UnitTests.StickyNotesConfigurationViewModelTests" name="WhenCategoriesReachedMaxAllowedItShouldNotAllowAdd" />
    </UnitTest>
    <UnitTest name="WhenSavingOnEditModeItShouldCallUpdateImportanceLevel" storage="d:\actions-runner\_work\xpco\xpco\addons\plugins\stickynotes\tst\videoos.plugins.stickynotes.mc.unittests\bin\x64\debug\net472\videoos.plugins.stickynotes.mc.unittests.dll" id="fc6c06b4-59f3-4f70-0505-04f713d41fac">
      <Execution id="d4f56e7c-25ff-406a-a66c-c22fdfab5ed9" />
      <TestMethod codeBase="D:\actions-runner\_work\XPCO\XPCO\AddOns\Plugins\StickyNotes\tst\VideoOS.Plugins.StickyNotes.MC.UnitTests\bin\x64\Debug\net472\VideoOS.Plugins.StickyNotes.MC.UnitTests.dll" adapterTypeName="executor://mstestadapter/v2" className="VideoOS.Plugins.StickyNotes.MC.UnitTests.StickyNotesConfigurationDialogViewModelTests" name="WhenSavingOnEditModeItShouldCallUpdateImportanceLevel" />
    </UnitTest>
    <UnitTest name="WhenCreatedItShouldShowResources" storage="d:\actions-runner\_work\xpco\xpco\addons\plugins\stickynotes\tst\videoos.plugins.stickynotes.mc.unittests\bin\x64\debug\net472\videoos.plugins.stickynotes.mc.unittests.dll" id="ee7224be-190d-582c-e3d7-445b75d770aa">
      <Execution id="5d2b3fc8-bbcf-4df2-840b-10109e625467" />
      <TestMethod codeBase="D:\actions-runner\_work\XPCO\XPCO\AddOns\Plugins\StickyNotes\tst\VideoOS.Plugins.StickyNotes.MC.UnitTests\bin\x64\Debug\net472\VideoOS.Plugins.StickyNotes.MC.UnitTests.dll" adapterTypeName="executor://mstestadapter/v2" className="VideoOS.Plugins.StickyNotes.MC.UnitTests.StickyNotesConfigurationViewModelTests" name="WhenCreatedItShouldShowResources" />
    </UnitTest>
    <UnitTest name="WhenOnAddModeItShouldShowAddResources" storage="d:\actions-runner\_work\xpco\xpco\addons\plugins\stickynotes\tst\videoos.plugins.stickynotes.mc.unittests\bin\x64\debug\net472\videoos.plugins.stickynotes.mc.unittests.dll" id="ca02ab43-0e33-1dcd-faaf-15c069e3d653">
      <Execution id="5c0ac7f0-f304-4c60-8800-29f9e75c77e1" />
      <TestMethod codeBase="D:\actions-runner\_work\XPCO\XPCO\AddOns\Plugins\StickyNotes\tst\VideoOS.Plugins.StickyNotes.MC.UnitTests\bin\x64\Debug\net472\VideoOS.Plugins.StickyNotes.MC.UnitTests.dll" adapterTypeName="executor://mstestadapter/v2" className="VideoOS.Plugins.StickyNotes.MC.UnitTests.StickyNotesConfigurationDialogViewModelTests" name="WhenOnAddModeItShouldShowAddResources" />
    </UnitTest>
    <UnitTest name="WhenSelectingWarningItShouldAllowEdit" storage="d:\actions-runner\_work\xpco\xpco\addons\plugins\stickynotes\tst\videoos.plugins.stickynotes.mc.unittests\bin\x64\debug\net472\videoos.plugins.stickynotes.mc.unittests.dll" id="3443154a-d643-54cb-6bdf-9520d66ff170">
      <Execution id="cf4bc5b3-e030-4ea2-be07-c972b1c374d0" />
      <TestMethod codeBase="D:\actions-runner\_work\XPCO\XPCO\AddOns\Plugins\StickyNotes\tst\VideoOS.Plugins.StickyNotes.MC.UnitTests\bin\x64\Debug\net472\VideoOS.Plugins.StickyNotes.MC.UnitTests.dll" adapterTypeName="executor://mstestadapter/v2" className="VideoOS.Plugins.StickyNotes.MC.UnitTests.StickyNotesConfigurationViewModelTests" name="WhenSelectingWarningItShouldAllowEdit" />
    </UnitTest>
    <UnitTest name="WhenOnAddModeWithInvalidDataItShouldDisableSave (,Warning)" storage="d:\actions-runner\_work\xpco\xpco\addons\plugins\stickynotes\tst\videoos.plugins.stickynotes.mc.unittests\bin\x64\debug\net472\videoos.plugins.stickynotes.mc.unittests.dll" id="659dcb52-ac17-083c-4e6f-2b6bbef3d029">
      <Execution id="650d3c9e-3e1c-4797-b7b9-24556de202fb" />
      <TestMethod codeBase="D:\actions-runner\_work\XPCO\XPCO\AddOns\Plugins\StickyNotes\tst\VideoOS.Plugins.StickyNotes.MC.UnitTests\bin\x64\Debug\net472\VideoOS.Plugins.StickyNotes.MC.UnitTests.dll" adapterTypeName="executor://mstestadapter/v2" className="VideoOS.Plugins.StickyNotes.MC.UnitTests.StickyNotesConfigurationDialogViewModelTests" name="WhenOnAddModeWithInvalidDataItShouldDisableSave" />
    </UnitTest>
    <UnitTest name="WhenSelectingThirdItemWith3ItemsItShouldNotAllowMoveDown" storage="d:\actions-runner\_work\xpco\xpco\addons\plugins\stickynotes\tst\videoos.plugins.stickynotes.mc.unittests\bin\x64\debug\net472\videoos.plugins.stickynotes.mc.unittests.dll" id="d0d98c60-3506-9a47-4d91-99f2177f8572">
      <Execution id="62294e69-29d4-4365-8a07-c4cdd3a593d1" />
      <TestMethod codeBase="D:\actions-runner\_work\XPCO\XPCO\AddOns\Plugins\StickyNotes\tst\VideoOS.Plugins.StickyNotes.MC.UnitTests\bin\x64\Debug\net472\VideoOS.Plugins.StickyNotes.MC.UnitTests.dll" adapterTypeName="executor://mstestadapter/v2" className="VideoOS.Plugins.StickyNotes.MC.UnitTests.StickyNotesConfigurationViewModelTests" name="WhenSelectingThirdItemWith3ItemsItShouldNotAllowMoveDown" />
    </UnitTest>
    <UnitTest name="WhenSavingWithDeletedItemsItShouldLogDeleteEvent" storage="d:\actions-runner\_work\xpco\xpco\addons\plugins\stickynotes\tst\videoos.plugins.stickynotes.mc.unittests\bin\x64\debug\net472\videoos.plugins.stickynotes.mc.unittests.dll" id="68eb3766-3c74-9b28-9837-1ad47710d680">
      <Execution id="c076d63b-c0b8-487e-b4e3-30f7718ddc41" />
      <TestMethod codeBase="D:\actions-runner\_work\XPCO\XPCO\AddOns\Plugins\StickyNotes\tst\VideoOS.Plugins.StickyNotes.MC.UnitTests\bin\x64\Debug\net472\VideoOS.Plugins.StickyNotes.MC.UnitTests.dll" adapterTypeName="executor://mstestadapter/v2" className="VideoOS.Plugins.StickyNotes.MC.UnitTests.StickyNotesConfigurationViewModelTests" name="WhenSavingWithDeletedItemsItShouldLogDeleteEvent" />
    </UnitTest>
    <UnitTest name="WhenRemovingItShouldSetSelectedItemToNull" storage="d:\actions-runner\_work\xpco\xpco\addons\plugins\stickynotes\tst\videoos.plugins.stickynotes.mc.unittests\bin\x64\debug\net472\videoos.plugins.stickynotes.mc.unittests.dll" id="d4262dbb-9f67-bfb9-7b5a-bb64b2a3686f">
      <Execution id="08d64e5d-1cc2-4536-b711-f8703cea47a4" />
      <TestMethod codeBase="D:\actions-runner\_work\XPCO\XPCO\AddOns\Plugins\StickyNotes\tst\VideoOS.Plugins.StickyNotes.MC.UnitTests\bin\x64\Debug\net472\VideoOS.Plugins.StickyNotes.MC.UnitTests.dll" adapterTypeName="executor://mstestadapter/v2" className="VideoOS.Plugins.StickyNotes.MC.UnitTests.StickyNotesConfigurationViewModelTests" name="WhenRemovingItShouldSetSelectedItemToNull" />
    </UnitTest>
    <UnitTest name="WhenRenamingItemsInSameOrderItShouldNotLogOrderChangedEvent" storage="d:\actions-runner\_work\xpco\xpco\addons\plugins\stickynotes\tst\videoos.plugins.stickynotes.mc.unittests\bin\x64\debug\net472\videoos.plugins.stickynotes.mc.unittests.dll" id="912f3fb4-514e-93e7-56e3-68d9f160458b">
      <Execution id="033854a7-b85a-4ccd-bee2-02ad08e3f5ec" />
      <TestMethod codeBase="D:\actions-runner\_work\XPCO\XPCO\AddOns\Plugins\StickyNotes\tst\VideoOS.Plugins.StickyNotes.MC.UnitTests\bin\x64\Debug\net472\VideoOS.Plugins.StickyNotes.MC.UnitTests.dll" adapterTypeName="executor://mstestadapter/v2" className="VideoOS.Plugins.StickyNotes.MC.UnitTests.StickyNotesConfigurationViewModelTests" name="WhenRenamingItemsInSameOrderItShouldNotLogOrderChangedEvent" />
    </UnitTest>
    <UnitTest name="WhenOnAddModeWithInvalidDataItShouldDisableSave (test,)" storage="d:\actions-runner\_work\xpco\xpco\addons\plugins\stickynotes\tst\videoos.plugins.stickynotes.mc.unittests\bin\x64\debug\net472\videoos.plugins.stickynotes.mc.unittests.dll" id="90261e27-94d2-acb4-9d4f-b0c82743bad8">
      <Execution id="6fca423d-92fb-4bea-83eb-e5a7ec916e9a" />
      <TestMethod codeBase="D:\actions-runner\_work\XPCO\XPCO\AddOns\Plugins\StickyNotes\tst\VideoOS.Plugins.StickyNotes.MC.UnitTests\bin\x64\Debug\net472\VideoOS.Plugins.StickyNotes.MC.UnitTests.dll" adapterTypeName="executor://mstestadapter/v2" className="VideoOS.Plugins.StickyNotes.MC.UnitTests.StickyNotesConfigurationDialogViewModelTests" name="WhenOnAddModeWithInvalidDataItShouldDisableSave" />
    </UnitTest>
    <UnitTest name="WhenOnEditModeItShouldShowEditResources" storage="d:\actions-runner\_work\xpco\xpco\addons\plugins\stickynotes\tst\videoos.plugins.stickynotes.mc.unittests\bin\x64\debug\net472\videoos.plugins.stickynotes.mc.unittests.dll" id="fb8d6a48-dcc2-89ee-e820-0c7e6877deaa">
      <Execution id="72c33433-4b48-4bfa-8abc-82d1d09ca8f2" />
      <TestMethod codeBase="D:\actions-runner\_work\XPCO\XPCO\AddOns\Plugins\StickyNotes\tst\VideoOS.Plugins.StickyNotes.MC.UnitTests\bin\x64\Debug\net472\VideoOS.Plugins.StickyNotes.MC.UnitTests.dll" adapterTypeName="executor://mstestadapter/v2" className="VideoOS.Plugins.StickyNotes.MC.UnitTests.StickyNotesConfigurationDialogViewModelTests" name="WhenOnEditModeItShouldShowEditResources" />
    </UnitTest>
    <UnitTest name="WhenSelectingGeneralItShouldNotAllowMove" storage="d:\actions-runner\_work\xpco\xpco\addons\plugins\stickynotes\tst\videoos.plugins.stickynotes.mc.unittests\bin\x64\debug\net472\videoos.plugins.stickynotes.mc.unittests.dll" id="eeac5fa3-45c6-4daa-c795-07bf5eef5dc8">
      <Execution id="f9bb86b5-71c4-4657-b916-fc287d8ae520" />
      <TestMethod codeBase="D:\actions-runner\_work\XPCO\XPCO\AddOns\Plugins\StickyNotes\tst\VideoOS.Plugins.StickyNotes.MC.UnitTests\bin\x64\Debug\net472\VideoOS.Plugins.StickyNotes.MC.UnitTests.dll" adapterTypeName="executor://mstestadapter/v2" className="VideoOS.Plugins.StickyNotes.MC.UnitTests.StickyNotesConfigurationViewModelTests" name="WhenSelectingGeneralItShouldNotAllowMove" />
    </UnitTest>
    <UnitTest name="WhenSelectingGeneralItShouldNotAllowDelete" storage="d:\actions-runner\_work\xpco\xpco\addons\plugins\stickynotes\tst\videoos.plugins.stickynotes.mc.unittests\bin\x64\debug\net472\videoos.plugins.stickynotes.mc.unittests.dll" id="0725cacc-73c6-d9f6-d92e-a9765512de89">
      <Execution id="fb7fede7-99ed-4034-aaaf-3c9cd1c3e2da" />
      <TestMethod codeBase="D:\actions-runner\_work\XPCO\XPCO\AddOns\Plugins\StickyNotes\tst\VideoOS.Plugins.StickyNotes.MC.UnitTests\bin\x64\Debug\net472\VideoOS.Plugins.StickyNotes.MC.UnitTests.dll" adapterTypeName="executor://mstestadapter/v2" className="VideoOS.Plugins.StickyNotes.MC.UnitTests.StickyNotesConfigurationViewModelTests" name="WhenSelectingGeneralItShouldNotAllowDelete" />
    </UnitTest>
    <UnitTest name="WhenSavingOnAddModeItShouldCallAddImportanceLevel" storage="d:\actions-runner\_work\xpco\xpco\addons\plugins\stickynotes\tst\videoos.plugins.stickynotes.mc.unittests\bin\x64\debug\net472\videoos.plugins.stickynotes.mc.unittests.dll" id="8fc9e595-2613-504b-dd32-5b35374b88a8">
      <Execution id="58a11b36-52b6-407e-93b2-819183b83811" />
      <TestMethod codeBase="D:\actions-runner\_work\XPCO\XPCO\AddOns\Plugins\StickyNotes\tst\VideoOS.Plugins.StickyNotes.MC.UnitTests\bin\x64\Debug\net472\VideoOS.Plugins.StickyNotes.MC.UnitTests.dll" adapterTypeName="executor://mstestadapter/v2" className="VideoOS.Plugins.StickyNotes.MC.UnitTests.StickyNotesConfigurationDialogViewModelTests" name="WhenSavingOnAddModeItShouldCallAddImportanceLevel" />
    </UnitTest>
    <UnitTest name="WhenSavingWithUpdatedItemsItShouldLogUpdateEvent" storage="d:\actions-runner\_work\xpco\xpco\addons\plugins\stickynotes\tst\videoos.plugins.stickynotes.mc.unittests\bin\x64\debug\net472\videoos.plugins.stickynotes.mc.unittests.dll" id="b2906d44-9c08-6d39-0b46-8f9b3c649a71">
      <Execution id="0ba53e13-6f72-4741-a634-c41071ee0073" />
      <TestMethod codeBase="D:\actions-runner\_work\XPCO\XPCO\AddOns\Plugins\StickyNotes\tst\VideoOS.Plugins.StickyNotes.MC.UnitTests\bin\x64\Debug\net472\VideoOS.Plugins.StickyNotes.MC.UnitTests.dll" adapterTypeName="executor://mstestadapter/v2" className="VideoOS.Plugins.StickyNotes.MC.UnitTests.StickyNotesConfigurationViewModelTests" name="WhenSavingWithUpdatedItemsItShouldLogUpdateEvent" />
    </UnitTest>
    <UnitTest name="WhenSelectingOtherItemItShouldAllowDelete" storage="d:\actions-runner\_work\xpco\xpco\addons\plugins\stickynotes\tst\videoos.plugins.stickynotes.mc.unittests\bin\x64\debug\net472\videoos.plugins.stickynotes.mc.unittests.dll" id="a3a32c4e-0ca6-5e80-c0ed-7707121a0543">
      <Execution id="182e0df1-d7e2-49c5-9a7b-ecbefd4d60ba" />
      <TestMethod codeBase="D:\actions-runner\_work\XPCO\XPCO\AddOns\Plugins\StickyNotes\tst\VideoOS.Plugins.StickyNotes.MC.UnitTests\bin\x64\Debug\net472\VideoOS.Plugins.StickyNotes.MC.UnitTests.dll" adapterTypeName="executor://mstestadapter/v2" className="VideoOS.Plugins.StickyNotes.MC.UnitTests.StickyNotesConfigurationViewModelTests" name="WhenSelectingOtherItemItShouldAllowDelete" />
    </UnitTest>
    <UnitTest name="WhenFillingDataItShouldGetImportanceLevels" storage="d:\actions-runner\_work\xpco\xpco\addons\plugins\stickynotes\tst\videoos.plugins.stickynotes.mc.unittests\bin\x64\debug\net472\videoos.plugins.stickynotes.mc.unittests.dll" id="d43d280c-e267-3d98-f8c7-2db2d97eef98">
      <Execution id="6ad29fe5-54e4-44ce-be30-dabe1ddd7c0b" />
      <TestMethod codeBase="D:\actions-runner\_work\XPCO\XPCO\AddOns\Plugins\StickyNotes\tst\VideoOS.Plugins.StickyNotes.MC.UnitTests\bin\x64\Debug\net472\VideoOS.Plugins.StickyNotes.MC.UnitTests.dll" adapterTypeName="executor://mstestadapter/v2" className="VideoOS.Plugins.StickyNotes.MC.UnitTests.StickyNotesConfigurationViewModelTests" name="WhenFillingDataItShouldGetImportanceLevels" />
    </UnitTest>
    <UnitTest name="WhenStickyNotesAdminIsConstructedItShouldAssignProperties" storage="d:\actions-runner\_work\xpco\xpco\addons\plugins\stickynotes\tst\videoos.plugins.stickynotes.mc.unittests\bin\x64\debug\net472\videoos.plugins.stickynotes.mc.unittests.dll" id="b0dc2d50-c9b8-5524-9da8-f4e4e9e671be">
      <Execution id="01b9a3ce-2090-4807-8f07-ff8ddcd750b3" />
      <TestMethod codeBase="D:\actions-runner\_work\XPCO\XPCO\AddOns\Plugins\StickyNotes\tst\VideoOS.Plugins.StickyNotes.MC.UnitTests\bin\x64\Debug\net472\VideoOS.Plugins.StickyNotes.MC.UnitTests.dll" adapterTypeName="executor://mstestadapter/v2" className="VideoOS.Plugins.StickyNotes.MC.UnitTests.StickyNotesAdminTests" name="WhenStickyNotesAdminIsConstructedItShouldAssignProperties" />
    </UnitTest>
    <UnitTest name="WhenSelectingSecondItemItShouldNotAllowMoveUp" storage="d:\actions-runner\_work\xpco\xpco\addons\plugins\stickynotes\tst\videoos.plugins.stickynotes.mc.unittests\bin\x64\debug\net472\videoos.plugins.stickynotes.mc.unittests.dll" id="65292550-e6de-d3a6-3973-3390e92f2ed9">
      <Execution id="08766ae0-87a3-4689-9c1c-4b84f9816cae" />
      <TestMethod codeBase="D:\actions-runner\_work\XPCO\XPCO\AddOns\Plugins\StickyNotes\tst\VideoOS.Plugins.StickyNotes.MC.UnitTests\bin\x64\Debug\net472\VideoOS.Plugins.StickyNotes.MC.UnitTests.dll" adapterTypeName="executor://mstestadapter/v2" className="VideoOS.Plugins.StickyNotes.MC.UnitTests.StickyNotesConfigurationViewModelTests" name="WhenSelectingSecondItemItShouldNotAllowMoveUp" />
    </UnitTest>
    <UnitTest name="WhenSelectingWarningItShouldAllowDelete" storage="d:\actions-runner\_work\xpco\xpco\addons\plugins\stickynotes\tst\videoos.plugins.stickynotes.mc.unittests\bin\x64\debug\net472\videoos.plugins.stickynotes.mc.unittests.dll" id="914d4c4c-8d7b-a605-aa7b-0c731003fe4b">
      <Execution id="b91cb45a-ff40-409a-b6a0-9af8e14f8733" />
      <TestMethod codeBase="D:\actions-runner\_work\XPCO\XPCO\AddOns\Plugins\StickyNotes\tst\VideoOS.Plugins.StickyNotes.MC.UnitTests\bin\x64\Debug\net472\VideoOS.Plugins.StickyNotes.MC.UnitTests.dll" adapterTypeName="executor://mstestadapter/v2" className="VideoOS.Plugins.StickyNotes.MC.UnitTests.StickyNotesConfigurationViewModelTests" name="WhenSelectingWarningItShouldAllowDelete" />
    </UnitTest>
    <UnitTest name="WhenOnAddModeWithInvalidDataItShouldDisableSave (,)" storage="d:\actions-runner\_work\xpco\xpco\addons\plugins\stickynotes\tst\videoos.plugins.stickynotes.mc.unittests\bin\x64\debug\net472\videoos.plugins.stickynotes.mc.unittests.dll" id="15dfbc72-d1cd-3a7a-3c61-3afc0917ccee">
      <Execution id="8411f6a9-c8e4-48f9-bf25-d8b3f0cbc3c1" />
      <TestMethod codeBase="D:\actions-runner\_work\XPCO\XPCO\AddOns\Plugins\StickyNotes\tst\VideoOS.Plugins.StickyNotes.MC.UnitTests\bin\x64\Debug\net472\VideoOS.Plugins.StickyNotes.MC.UnitTests.dll" adapterTypeName="executor://mstestadapter/v2" className="VideoOS.Plugins.StickyNotes.MC.UnitTests.StickyNotesConfigurationDialogViewModelTests" name="WhenOnAddModeWithInvalidDataItShouldDisableSave" />
    </UnitTest>
    <UnitTest name="WhenAddingItShouldAddItemToTheLast" storage="d:\actions-runner\_work\xpco\xpco\addons\plugins\stickynotes\tst\videoos.plugins.stickynotes.mc.unittests\bin\x64\debug\net472\videoos.plugins.stickynotes.mc.unittests.dll" id="502f7809-2210-4f7d-9e82-a47fa033e57b">
      <Execution id="07cbc6f8-dd21-4672-829a-fd233712a35b" />
      <TestMethod codeBase="D:\actions-runner\_work\XPCO\XPCO\AddOns\Plugins\StickyNotes\tst\VideoOS.Plugins.StickyNotes.MC.UnitTests\bin\x64\Debug\net472\VideoOS.Plugins.StickyNotes.MC.UnitTests.dll" adapterTypeName="executor://mstestadapter/v2" className="VideoOS.Plugins.StickyNotes.MC.UnitTests.StickyNotesConfigurationViewModelTests" name="WhenAddingItShouldAddItemToTheLast" />
    </UnitTest>
    <UnitTest name="WhenOnEditModeItShouldGetUsedColorsExcludingItself" storage="d:\actions-runner\_work\xpco\xpco\addons\plugins\stickynotes\tst\videoos.plugins.stickynotes.mc.unittests\bin\x64\debug\net472\videoos.plugins.stickynotes.mc.unittests.dll" id="78a1e3f5-86ca-8984-40a7-d75fc2bbb1ef">
      <Execution id="1eeb1902-adc4-4194-b22a-26cf02a4cbc3" />
      <TestMethod codeBase="D:\actions-runner\_work\XPCO\XPCO\AddOns\Plugins\StickyNotes\tst\VideoOS.Plugins.StickyNotes.MC.UnitTests\bin\x64\Debug\net472\VideoOS.Plugins.StickyNotes.MC.UnitTests.dll" adapterTypeName="executor://mstestadapter/v2" className="VideoOS.Plugins.StickyNotes.MC.UnitTests.StickyNotesConfigurationDialogViewModelTests" name="WhenOnEditModeItShouldGetUsedColorsExcludingItself" />
    </UnitTest>
  </TestDefinitions>
  <TestEntries>
    <TestEntry testId="fc6c06b4-59f3-4f70-0505-04f713d41fac" executionId="d4f56e7c-25ff-406a-a66c-c22fdfab5ed9" testListId="8c84fa94-04c1-424b-9868-57a2d4851a1d" />
    <TestEntry testId="65292550-e6de-d3a6-3973-3390e92f2ed9" executionId="08766ae0-87a3-4689-9c1c-4b84f9816cae" testListId="8c84fa94-04c1-424b-9868-57a2d4851a1d" />
    <TestEntry testId="f0c38276-c310-5155-1b8e-bdae5b142b4b" executionId="441461b0-f0f6-4147-804b-b3661be059da" testListId="8c84fa94-04c1-424b-9868-57a2d4851a1d" />
    <TestEntry testId="ca02ab43-0e33-1dcd-faaf-15c069e3d653" executionId="5c0ac7f0-f304-4c60-8800-29f9e75c77e1" testListId="8c84fa94-04c1-424b-9868-57a2d4851a1d" />
    <TestEntry testId="4e91ed77-e934-8542-60cf-5ef44eb092f5" executionId="883b8a0d-d4f7-4017-93fd-95bf5fb44231" testListId="8c84fa94-04c1-424b-9868-57a2d4851a1d" />
    <TestEntry testId="d43d280c-e267-3d98-f8c7-2db2d97eef98" executionId="6ad29fe5-54e4-44ce-be30-dabe1ddd7c0b" testListId="8c84fa94-04c1-424b-9868-57a2d4851a1d" />
    <TestEntry testId="fb8d6a48-dcc2-89ee-e820-0c7e6877deaa" executionId="72c33433-4b48-4bfa-8abc-82d1d09ca8f2" testListId="8c84fa94-04c1-424b-9868-57a2d4851a1d" />
    <TestEntry testId="912f3fb4-514e-93e7-56e3-68d9f160458b" executionId="033854a7-b85a-4ccd-bee2-02ad08e3f5ec" testListId="8c84fa94-04c1-424b-9868-57a2d4851a1d" />
    <TestEntry testId="502f7809-2210-4f7d-9e82-a47fa033e57b" executionId="07cbc6f8-dd21-4672-829a-fd233712a35b" testListId="8c84fa94-04c1-424b-9868-57a2d4851a1d" />
    <TestEntry testId="ca0d139b-3d6e-5d04-2be2-abfac5046cfb" executionId="dbb46252-eb50-44cd-b1d5-6f5f290381cc" testListId="8c84fa94-04c1-424b-9868-57a2d4851a1d" />
    <TestEntry testId="d4686cea-147c-469e-d034-0bde1af5350a" executionId="23e41912-09e2-4735-a873-abfc8a88e36e" testListId="8c84fa94-04c1-424b-9868-57a2d4851a1d" />
    <TestEntry testId="89605a8d-9719-2e61-bd18-a5829b648f8b" executionId="6dbcb5a4-f54e-4ac5-8900-52e5e6a8afc6" testListId="8c84fa94-04c1-424b-9868-57a2d4851a1d" />
    <TestEntry testId="27dfd96b-aa5f-08c4-46b9-5d7e0e772c98" executionId="7f4e273e-7a4d-40e0-bbee-8809d1eba727" testListId="8c84fa94-04c1-424b-9868-57a2d4851a1d" />
    <TestEntry testId="b0dc2d50-c9b8-5524-9da8-f4e4e9e671be" executionId="01b9a3ce-2090-4807-8f07-ff8ddcd750b3" testListId="8c84fa94-04c1-424b-9868-57a2d4851a1d" />
    <TestEntry testId="68eb3766-3c74-9b28-9837-1ad47710d680" executionId="c076d63b-c0b8-487e-b4e3-30f7718ddc41" testListId="8c84fa94-04c1-424b-9868-57a2d4851a1d" />
    <TestEntry testId="0725cacc-73c6-d9f6-d92e-a9765512de89" executionId="fb7fede7-99ed-4034-aaaf-3c9cd1c3e2da" testListId="8c84fa94-04c1-424b-9868-57a2d4851a1d" />
    <TestEntry testId="b2906d44-9c08-6d39-0b46-8f9b3c649a71" executionId="0ba53e13-6f72-4741-a634-c41071ee0073" testListId="8c84fa94-04c1-424b-9868-57a2d4851a1d" />
    <TestEntry testId="34ea60ed-e1fc-8a3c-1080-7ab908459f08" executionId="a78c06fd-b61c-4851-9dfc-082558c51313" testListId="8c84fa94-04c1-424b-9868-57a2d4851a1d" />
    <TestEntry testId="3443154a-d643-54cb-6bdf-9520d66ff170" executionId="cf4bc5b3-e030-4ea2-be07-c972b1c374d0" testListId="8c84fa94-04c1-424b-9868-57a2d4851a1d" />
    <TestEntry testId="659dcb52-ac17-083c-4e6f-2b6bbef3d029" executionId="650d3c9e-3e1c-4797-b7b9-24556de202fb" testListId="8c84fa94-04c1-424b-9868-57a2d4851a1d" />
    <TestEntry testId="ee7224be-190d-582c-e3d7-445b75d770aa" executionId="5d2b3fc8-bbcf-4df2-840b-10109e625467" testListId="8c84fa94-04c1-424b-9868-57a2d4851a1d" />
    <TestEntry testId="d4262dbb-9f67-bfb9-7b5a-bb64b2a3686f" executionId="08d64e5d-1cc2-4536-b711-f8703cea47a4" testListId="8c84fa94-04c1-424b-9868-57a2d4851a1d" />
    <TestEntry testId="a19f3cd0-6ca0-8d8b-6a86-989e0e6c08b7" executionId="0c541804-7df3-4ce3-ae1a-11fbfa64c31c" testListId="8c84fa94-04c1-424b-9868-57a2d4851a1d" />
    <TestEntry testId="eeac5fa3-45c6-4daa-c795-07bf5eef5dc8" executionId="f9bb86b5-71c4-4657-b916-fc287d8ae520" testListId="8c84fa94-04c1-424b-9868-57a2d4851a1d" />
    <TestEntry testId="a3a32c4e-0ca6-5e80-c0ed-7707121a0543" executionId="182e0df1-d7e2-49c5-9a7b-ecbefd4d60ba" testListId="8c84fa94-04c1-424b-9868-57a2d4851a1d" />
    <TestEntry testId="8fc9e595-2613-504b-dd32-5b35374b88a8" executionId="58a11b36-52b6-407e-93b2-819183b83811" testListId="8c84fa94-04c1-424b-9868-57a2d4851a1d" />
    <TestEntry testId="d0d98c60-3506-9a47-4d91-99f2177f8572" executionId="62294e69-29d4-4365-8a07-c4cdd3a593d1" testListId="8c84fa94-04c1-424b-9868-57a2d4851a1d" />
    <TestEntry testId="90261e27-94d2-acb4-9d4f-b0c82743bad8" executionId="6fca423d-92fb-4bea-83eb-e5a7ec916e9a" testListId="8c84fa94-04c1-424b-9868-57a2d4851a1d" />
    <TestEntry testId="914d4c4c-8d7b-a605-aa7b-0c731003fe4b" executionId="b91cb45a-ff40-409a-b6a0-9af8e14f8733" testListId="8c84fa94-04c1-424b-9868-57a2d4851a1d" />
    <TestEntry testId="15dfbc72-d1cd-3a7a-3c61-3afc0917ccee" executionId="8411f6a9-c8e4-48f9-bf25-d8b3f0cbc3c1" testListId="8c84fa94-04c1-424b-9868-57a2d4851a1d" />
    <TestEntry testId="78a1e3f5-86ca-8984-40a7-d75fc2bbb1ef" executionId="1eeb1902-adc4-4194-b22a-26cf02a4cbc3" testListId="8c84fa94-04c1-424b-9868-57a2d4851a1d" />
  </TestEntries>
  <TestLists>
    <TestList name="Results Not in a List" id="8c84fa94-04c1-424b-9868-57a2d4851a1d" />
    <TestList name="All Loaded Results" id="19431567-8539-422a-85d7-44ee4e166bda" />
  </TestLists>
  <ResultSummary outcome="Completed">
    <Counters total="31" executed="31" passed="31" failed="0" error="0" timeout="0" aborted="0" inconclusive="0" passedButRunAborted="0" notRunnable="0" notExecuted="0" disconnected="0" warning="0" completed="0" inProgress="0" pending="0" />
  </ResultSummary>
</TestRun>