<?xml version="1.0" encoding="utf-8"?>
<TestRun id="d04b3858-e132-4ec7-86e4-4fa3c6b974ad" name="DKSR-EFI-04$@DKSR-EFI-04 2023-12-22 09:32:53" runUser="NT AUTHORITY\NETWORK SERVICE" xmlns="http://microsoft.com/schemas/VisualStudio/TeamTest/2010">
  <Times creation="2023-12-22T09:32:53.3498119+01:00" queuing="2023-12-22T09:32:53.3498119+01:00" start="2023-12-22T09:32:43.6153892+01:00" finish="2023-12-22T09:32:56.3029506+01:00" />
  <TestSettings name="default" id="e3f37bd1-b701-433b-91e4-3db8369b4ae4">
    <Deployment runDeploymentRoot="DKSR-EFI-04$_DKSR-EFI-04_2023-12-22_09_32_53" />
  </TestSettings>
  <Results>
    <UnitTestResult executionId="51989947-3289-48d8-9c0f-3a0c19a677fe" testId="620c3d93-83d6-b637-a7e0-565f057234fd" testName="ConvertToProcessTime_InvalidNumber_Default_Expected_Success" computerName="DKSR-EFI-04" duration="00:00:00.0002173" startTime="2023-12-22T09:32:53.2560619+01:00" endTime="2023-12-22T09:32:53.2560619+01:00" testType="13cdc9d9-ddb5-4fa4-a97d-d965ccfc6d4b" outcome="Passed" testListId="8c84fa94-04c1-424b-9868-57a2d4851a1d" relativeResultsDirectory="51989947-3289-48d8-9c0f-3a0c19a677fe" />
    <UnitTestResult executionId="6f267ee7-2c38-4115-9a6f-ffb39db4baff" testId="4b6ad355-4290-ee92-30aa-744c6e4d08c5" testName="ConvertToProcessTime_Success" computerName="DKSR-EFI-04" duration="00:00:00.0032636" startTime="2023-12-22T09:32:53.2404351+01:00" endTime="2023-12-22T09:32:53.2404351+01:00" testType="13cdc9d9-ddb5-4fa4-a97d-d965ccfc6d4b" outcome="Passed" testListId="8c84fa94-04c1-424b-9868-57a2d4851a1d" relativeResultsDirectory="6f267ee7-2c38-4115-9a6f-ffb39db4baff" />
    <UnitTestResult executionId="d03c6bea-a8bd-4d87-aae6-0ec942b012d0" testId="03623595-5184-255e-bb44-f5ffce862897" testName="GetPrivacyMaskFromXml_NullXmlTest" computerName="DKSR-EFI-04" duration="00:00:00.0001991" startTime="2023-12-22T09:32:55.3029452+01:00" endTime="2023-12-22T09:32:55.3029452+01:00" testType="13cdc9d9-ddb5-4fa4-a97d-d965ccfc6d4b" outcome="Passed" testListId="8c84fa94-04c1-424b-9868-57a2d4851a1d" relativeResultsDirectory="d03c6bea-a8bd-4d87-aae6-0ec942b012d0" />
    <UnitTestResult executionId="8ac207eb-4fc7-4bb0-8b0c-edd45805446c" testId="671b94e7-bc62-d84e-19ce-8c3bc45b716f" testName="NestedPropertyHelper_TryGetNestedPropertyName_ArgumentNullException" computerName="DKSR-EFI-04" duration="00:00:00.0009597" startTime="2023-12-22T09:32:54.3185670+01:00" endTime="2023-12-22T09:32:54.3185670+01:00" testType="13cdc9d9-ddb5-4fa4-a97d-d965ccfc6d4b" outcome="Passed" testListId="8c84fa94-04c1-424b-9868-57a2d4851a1d" relativeResultsDirectory="8ac207eb-4fc7-4bb0-8b0c-edd45805446c">
      <Output>
        <StdOut>Debug Trace:&#xD;
Fail: Argument 'formattedPropertyName' cannot be null</StdOut>
      </Output>
    </UnitTestResult>
    <UnitTestResult executionId="e5136633-92b4-4b50-b2fb-a5bc3ecfce46" testId="84f2c3a6-ef69-aefe-cc69-aed160157f71" testName="RemoveControlCharsKeepWhitespaceCharsTestNull" computerName="DKSR-EFI-04" duration="00:00:00.0005718" startTime="2023-12-22T09:32:55.5373227+01:00" endTime="2023-12-22T09:32:55.5373227+01:00" testType="13cdc9d9-ddb5-4fa4-a97d-d965ccfc6d4b" outcome="Passed" testListId="8c84fa94-04c1-424b-9868-57a2d4851a1d" relativeResultsDirectory="e5136633-92b4-4b50-b2fb-a5bc3ecfce46" />
    <UnitTestResult executionId="2e89f059-7313-4648-bad0-1f7f2a0a345e" testId="bca42966-9fbb-5c1c-b1e2-945c838a37e2" testName="RemoveControlCharsTestNull" computerName="DKSR-EFI-04" duration="00:00:00.0005826" startTime="2023-12-22T09:32:55.5373227+01:00" endTime="2023-12-22T09:32:55.5373227+01:00" testType="13cdc9d9-ddb5-4fa4-a97d-d965ccfc6d4b" outcome="Passed" testListId="8c84fa94-04c1-424b-9868-57a2d4851a1d" relativeResultsDirectory="2e89f059-7313-4648-bad0-1f7f2a0a345e" />
    <UnitTestResult executionId="9c8edb6c-8d97-411f-a553-7d668c6aa9b8" testId="1f87df04-703b-f6b4-3a53-f81d5fc16c67" testName="SetGridSize_increaseNumberOfCells_Is_Null_Exception_Expected" computerName="DKSR-EFI-04" duration="00:00:00.0013344" startTime="2023-12-22T09:32:55.4591964+01:00" endTime="2023-12-22T09:32:55.4591964+01:00" testType="13cdc9d9-ddb5-4fa4-a97d-d965ccfc6d4b" outcome="Passed" testListId="8c84fa94-04c1-424b-9868-57a2d4851a1d" relativeResultsDirectory="9c8edb6c-8d97-411f-a553-7d668c6aa9b8" />
    <UnitTestResult executionId="4b704b4e-5df4-4cf0-893b-c564058d78cc" testId="67df801a-c00e-6e83-e9a1-685ef0783664" testName="TryParseTestSuccess" computerName="DKSR-EFI-04" duration="00:00:00.0013513" startTime="2023-12-22T09:32:55.5060722+01:00" endTime="2023-12-22T09:32:55.5060722+01:00" testType="13cdc9d9-ddb5-4fa4-a97d-d965ccfc6d4b" outcome="Passed" testListId="8c84fa94-04c1-424b-9868-57a2d4851a1d" relativeResultsDirectory="4b704b4e-5df4-4cf0-893b-c564058d78cc" />
    <UnitTestResult executionId="1d426d32-bb15-47a5-b078-9a4978376158" testId="c2dc194a-0c1b-ef6d-1da6-c4e929a00375" testName="GetPrivacyMaskFromXml_InvalidMethodTest" computerName="DKSR-EFI-04" duration="00:00:00.0099637" startTime="2023-12-22T09:32:55.3029452+01:00" endTime="2023-12-22T09:32:55.3185706+01:00" testType="13cdc9d9-ddb5-4fa4-a97d-d965ccfc6d4b" outcome="Passed" testListId="8c84fa94-04c1-424b-9868-57a2d4851a1d" relativeResultsDirectory="1d426d32-bb15-47a5-b078-9a4978376158" />
    <UnitTestResult executionId="b3b321bf-c01e-4470-8998-3ce075cdff5a" testId="cacd61c1-c3a3-cf61-3786-7e17896ec13c" testName="ConvertTwoDimensionalIndexesToOneDimensional_Success" computerName="DKSR-EFI-04" duration="00:00:00.0005163" startTime="2023-12-22T09:32:53.4279364+01:00" endTime="2023-12-22T09:32:53.4279364+01:00" testType="13cdc9d9-ddb5-4fa4-a97d-d965ccfc6d4b" outcome="Passed" testListId="8c84fa94-04c1-424b-9868-57a2d4851a1d" relativeResultsDirectory="b3b321bf-c01e-4470-8998-3ce075cdff5a" />
    <UnitTestResult executionId="baf9948e-40a7-4b74-a9df-f52385f1d711" testId="ca3c00c7-0e2e-e11c-f4cf-d0514c13c85c" testName="SetGridSize_Grid_Increased_Success" computerName="DKSR-EFI-04" duration="00:00:00.0004698" startTime="2023-12-22T09:32:55.4748226+01:00" endTime="2023-12-22T09:32:55.4748226+01:00" testType="13cdc9d9-ddb5-4fa4-a97d-d965ccfc6d4b" outcome="Passed" testListId="8c84fa94-04c1-424b-9868-57a2d4851a1d" relativeResultsDirectory="baf9948e-40a7-4b74-a9df-f52385f1d711" />
    <UnitTestResult executionId="86f46860-e4ff-4444-afee-cd8e63276374" testId="4c13ce60-5293-4111-36b5-e35224527878" testName="TryParseFailed" computerName="DKSR-EFI-04" duration="00:00:00.0001302" startTime="2023-12-22T09:32:55.5060722+01:00" endTime="2023-12-22T09:32:55.5060722+01:00" testType="13cdc9d9-ddb5-4fa4-a97d-d965ccfc6d4b" outcome="Passed" testListId="8c84fa94-04c1-424b-9868-57a2d4851a1d" relativeResultsDirectory="86f46860-e4ff-4444-afee-cd8e63276374" />
    <UnitTestResult executionId="491ab7cd-9d3e-482a-bd15-7ca872bffb9a" testId="d07b3481-696b-820c-a145-13265fb2ffe1" testName="ConvertOneDimensionalIndexToTwoDimensional_Success" computerName="DKSR-EFI-04" duration="00:00:00.0007653" startTime="2023-12-22T09:32:53.4591847+01:00" endTime="2023-12-22T09:32:53.4591847+01:00" testType="13cdc9d9-ddb5-4fa4-a97d-d965ccfc6d4b" outcome="Passed" testListId="8c84fa94-04c1-424b-9868-57a2d4851a1d" relativeResultsDirectory="491ab7cd-9d3e-482a-bd15-7ca872bffb9a" />
    <UnitTestResult executionId="42e4ec09-c7b0-4f62-96a1-fd9df3d441a1" testId="8ec422b9-3ad1-d606-42b8-75e0ad25c07a" testName="TrimAndRemoveControlCharsNull" computerName="DKSR-EFI-04" duration="00:00:00.0005862" startTime="2023-12-22T09:32:55.5373227+01:00" endTime="2023-12-22T09:32:55.5373227+01:00" testType="13cdc9d9-ddb5-4fa4-a97d-d965ccfc6d4b" outcome="Passed" testListId="8c84fa94-04c1-424b-9868-57a2d4851a1d" relativeResultsDirectory="42e4ec09-c7b0-4f62-96a1-fd9df3d441a1" />
    <UnitTestResult executionId="2e92cee7-8674-4280-bf2c-68bba8ba4528" testId="1127995a-f652-d9c5-d666-e4480805eaa4" testName="ServerCredentialsUnitTests_GetAsXml_ServerCameraCredentialArray_Success" computerName="DKSR-EFI-04" duration="00:00:00.0003122" startTime="2023-12-22T09:32:55.3498232+01:00" endTime="2023-12-22T09:32:55.3498232+01:00" testType="13cdc9d9-ddb5-4fa4-a97d-d965ccfc6d4b" outcome="Passed" testListId="8c84fa94-04c1-424b-9868-57a2d4851a1d" relativeResultsDirectory="2e92cee7-8674-4280-bf2c-68bba8ba4528" />
    <UnitTestResult executionId="557ee410-b169-4939-8872-9741df533550" testId="6ce9f66b-c97b-b76c-15d7-ec42fc5d4e16" testName="GetPrivacyMaskAsXml" computerName="DKSR-EFI-04" duration="00:00:00.1158362" startTime="2023-12-22T09:32:55.1623191+01:00" endTime="2023-12-22T09:32:55.2716950+01:00" testType="13cdc9d9-ddb5-4fa4-a97d-d965ccfc6d4b" outcome="Passed" testListId="8c84fa94-04c1-424b-9868-57a2d4851a1d" relativeResultsDirectory="557ee410-b169-4939-8872-9741df533550" />
    <UnitTestResult executionId="adff6fff-5f8c-477b-9a03-c894797f8eb2" testId="daa9a097-6fc7-a99a-2098-2eb65a6f8664" testName="MoveHardwareTaskResult_ToXml_Serialized_Correctly" computerName="DKSR-EFI-04" duration="00:00:00.0220599" startTime="2023-12-22T09:32:54.0998133+01:00" endTime="2023-12-22T09:32:54.1157205+01:00" testType="13cdc9d9-ddb5-4fa4-a97d-d965ccfc6d4b" outcome="Passed" testListId="8c84fa94-04c1-424b-9868-57a2d4851a1d" relativeResultsDirectory="adff6fff-5f8c-477b-9a03-c894797f8eb2" />
    <UnitTestResult executionId="a3570869-c654-4b96-a792-c2dfd1ae36a1" testId="67b74ffc-94eb-aab9-e344-da1184003f95" testName="Cells_Initialize_InvalidAspectRatio" computerName="DKSR-EFI-04" duration="00:00:00.0020202" startTime="2023-12-22T09:32:55.3185706+01:00" endTime="2023-12-22T09:32:55.3185706+01:00" testType="13cdc9d9-ddb5-4fa4-a97d-d965ccfc6d4b" outcome="Passed" testListId="8c84fa94-04c1-424b-9868-57a2d4851a1d" relativeResultsDirectory="a3570869-c654-4b96-a792-c2dfd1ae36a1" />
    <UnitTestResult executionId="0277a941-5f04-4056-b375-b4ed1dd4f92b" testId="81a601fb-b47c-bc71-6b2a-4e7ca1a3a3e1" testName="TaskError_FromXml_Can_Read_Legacy_Format" computerName="DKSR-EFI-04" duration="00:00:00.0194328" startTime="2023-12-22T09:32:55.3810759+01:00" endTime="2023-12-22T09:32:55.4123195+01:00" testType="13cdc9d9-ddb5-4fa4-a97d-d965ccfc6d4b" outcome="Passed" testListId="8c84fa94-04c1-424b-9868-57a2d4851a1d" relativeResultsDirectory="0277a941-5f04-4056-b375-b4ed1dd4f92b" />
    <UnitTestResult executionId="62c421e9-c36f-4e40-940b-84c01605d2ca" testId="d0d055c1-2827-c9f5-2cea-7262b30681b5" testName="NestedPropertyHelper_IsNestedPropertyName_Success" computerName="DKSR-EFI-04" duration="00:00:00.0046954" startTime="2023-12-22T09:32:54.2873173+01:00" endTime="2023-12-22T09:32:54.3029415+01:00" testType="13cdc9d9-ddb5-4fa4-a97d-d965ccfc6d4b" outcome="Passed" testListId="8c84fa94-04c1-424b-9868-57a2d4851a1d" relativeResultsDirectory="62c421e9-c36f-4e40-940b-84c01605d2ca" />
    <UnitTestResult executionId="e1938dd7-1530-4328-875b-0feabb1ee261" testId="2d503272-f502-3299-cb48-8f88fbfb5332" testName="EventDefinition_Modify" computerName="DKSR-EFI-04" duration="00:00:00.0231492" startTime="2023-12-22T09:32:53.3966874+01:00" endTime="2023-12-22T09:32:53.4279364+01:00" testType="13cdc9d9-ddb5-4fa4-a97d-d965ccfc6d4b" outcome="Passed" testListId="8c84fa94-04c1-424b-9868-57a2d4851a1d" relativeResultsDirectory="e1938dd7-1530-4328-875b-0feabb1ee261" />
    <UnitTestResult executionId="2ef23827-1f0f-4fe9-b1c3-dd55b5bd6af8" testId="1ad8a57f-1901-4fc6-6171-3b9a718512cd" testName="GetPrivacyMaskFromXml_DuplicateMethodIdsTest" computerName="DKSR-EFI-04" duration="00:00:00.0009204" startTime="2023-12-22T09:32:55.2873197+01:00" endTime="2023-12-22T09:32:55.3029452+01:00" testType="13cdc9d9-ddb5-4fa4-a97d-d965ccfc6d4b" outcome="Passed" testListId="8c84fa94-04c1-424b-9868-57a2d4851a1d" relativeResultsDirectory="2ef23827-1f0f-4fe9-b1c3-dd55b5bd6af8" />
    <UnitTestResult executionId="fd5b0129-ae12-4731-b784-d1f2989e743f" testId="fab0afff-c432-02b7-5bbb-f66eef7681fb" testName="RemoveControlCharsTest" computerName="DKSR-EFI-04" duration="00:00:00.0056783" startTime="2023-12-22T09:32:55.5216990+01:00" endTime="2023-12-22T09:32:55.5216990+01:00" testType="13cdc9d9-ddb5-4fa4-a97d-d965ccfc6d4b" outcome="Passed" testListId="8c84fa94-04c1-424b-9868-57a2d4851a1d" relativeResultsDirectory="fd5b0129-ae12-4731-b784-d1f2989e743f" />
    <UnitTestResult executionId="889c9ab8-b3a1-4d6d-b4b4-a584231800b3" testId="e81c9e38-1dec-905f-b04d-4f60f0b1c384" testName="GetPrivacyMaskFromXml_EmptyMask" computerName="DKSR-EFI-04" duration="00:00:00.0003508" startTime="2023-12-22T09:32:55.1623191+01:00" endTime="2023-12-22T09:32:55.1623191+01:00" testType="13cdc9d9-ddb5-4fa4-a97d-d965ccfc6d4b" outcome="Passed" testListId="8c84fa94-04c1-424b-9868-57a2d4851a1d" relativeResultsDirectory="889c9ab8-b3a1-4d6d-b4b4-a584231800b3" />
    <UnitTestResult executionId="e7a2fab4-7fc9-4f81-b0ff-9a72a0686c4e" testId="fba0f473-7041-e30a-c5d2-9ca9407b0bf6" testName="IsGuidTestSuccess" computerName="DKSR-EFI-04" duration="00:00:00.0001739" startTime="2023-12-22T09:32:55.5060722+01:00" endTime="2023-12-22T09:32:55.5060722+01:00" testType="13cdc9d9-ddb5-4fa4-a97d-d965ccfc6d4b" outcome="Passed" testListId="8c84fa94-04c1-424b-9868-57a2d4851a1d" relativeResultsDirectory="e7a2fab4-7fc9-4f81-b0ff-9a72a0686c4e" />
    <UnitTestResult executionId="53af0bb3-33c8-4c24-8ae9-0e018300bbdf" testId="4ee3af75-3d32-4ea8-063b-f4bba50bf321" testName="NestedPropertyHelper_TryGetNestedPropertyName_EmptyName_ArgumentException" computerName="DKSR-EFI-04" duration="00:00:00.0008363" startTime="2023-12-22T09:32:54.3185670+01:00" endTime="2023-12-22T09:32:54.3185670+01:00" testType="13cdc9d9-ddb5-4fa4-a97d-d965ccfc6d4b" outcome="Passed" testListId="8c84fa94-04c1-424b-9868-57a2d4851a1d" relativeResultsDirectory="53af0bb3-33c8-4c24-8ae9-0e018300bbdf">
      <Output>
        <StdOut>Debug Trace:&#xD;
Fail: Argument 'formattedPropertyName' cannot be empty</StdOut>
      </Output>
    </UnitTestResult>
    <UnitTestResult executionId="b53078fd-78a6-40fd-8a65-352dfe8894b0" testId="4339f1c0-e66e-ce84-7db2-5484001bba6c" testName="RemovePrivacyMaskCell" computerName="DKSR-EFI-04" duration="00:00:00.0013246" startTime="2023-12-22T09:32:55.2873197+01:00" endTime="2023-12-22T09:32:55.2873197+01:00" testType="13cdc9d9-ddb5-4fa4-a97d-d965ccfc6d4b" outcome="Passed" testListId="8c84fa94-04c1-424b-9868-57a2d4851a1d" relativeResultsDirectory="b53078fd-78a6-40fd-8a65-352dfe8894b0" />
    <UnitTestResult executionId="116ccd32-9a41-4e16-94f3-df942cfba1dc" testId="0090badb-9d50-b7b1-4ee4-1a42dc925e0c" testName="ConvertToGridSize_InvalidNumber_Default_Expected_Success" computerName="DKSR-EFI-04" duration="00:00:00.0001775" startTime="2023-12-22T09:32:55.4435716+01:00" endTime="2023-12-22T09:32:55.4435716+01:00" testType="13cdc9d9-ddb5-4fa4-a97d-d965ccfc6d4b" outcome="Passed" testListId="8c84fa94-04c1-424b-9868-57a2d4851a1d" relativeResultsDirectory="116ccd32-9a41-4e16-94f3-df942cfba1dc" />
    <UnitTestResult executionId="22db7c96-a973-48e0-9e2c-095f042eafd2" testId="5744899b-250c-f37f-a63c-d158648a0e52" testName="SetGridSize_initialize_Is_Null_Exception_Expected" computerName="DKSR-EFI-04" duration="00:00:00.0008378" startTime="2023-12-22T09:32:55.4591964+01:00" endTime="2023-12-22T09:32:55.4591964+01:00" testType="13cdc9d9-ddb5-4fa4-a97d-d965ccfc6d4b" outcome="Passed" testListId="8c84fa94-04c1-424b-9868-57a2d4851a1d" relativeResultsDirectory="22db7c96-a973-48e0-9e2c-095f042eafd2" />
    <UnitTestResult executionId="cde7b8d5-dd1f-4000-b3f4-5c1918f91bfd" testId="c2058a08-5002-1358-bdda-d02f5f51eabf" testName="MoveHardwareTaskResult_Serialization_Two_Warnings_Success" computerName="DKSR-EFI-04" duration="00:00:00.6034737" startTime="2023-12-22T09:32:53.4904355+01:00" endTime="2023-12-22T09:32:54.0841889+01:00" testType="13cdc9d9-ddb5-4fa4-a97d-d965ccfc6d4b" outcome="Passed" testListId="8c84fa94-04c1-424b-9868-57a2d4851a1d" relativeResultsDirectory="cde7b8d5-dd1f-4000-b3f4-5c1918f91bfd" />
    <UnitTestResult executionId="7e199150-f79f-492a-8a75-f1f5ee8fa937" testId="20ac15c7-89b3-c614-b606-49d377992b00" testName="IsGuidTestFailed" computerName="DKSR-EFI-04" duration="00:00:00.0246118" startTime="2023-12-22T09:32:55.4748226+01:00" endTime="2023-12-22T09:32:55.5060722+01:00" testType="13cdc9d9-ddb5-4fa4-a97d-d965ccfc6d4b" outcome="Passed" testListId="8c84fa94-04c1-424b-9868-57a2d4851a1d" relativeResultsDirectory="7e199150-f79f-492a-8a75-f1f5ee8fa937" />
    <UnitTestResult executionId="8769d875-33bb-4e2c-ad75-ec5dabc2fc2c" testId="8914d82a-1269-4fe9-eb45-47d487b479b0" testName="CorporateProductCodes_GetProductCodes_Success" computerName="DKSR-EFI-04" duration="00:00:00.0007126" startTime="2023-12-22T09:32:53.3029356+01:00" endTime="2023-12-22T09:32:53.3029356+01:00" testType="13cdc9d9-ddb5-4fa4-a97d-d965ccfc6d4b" outcome="Passed" testListId="8c84fa94-04c1-424b-9868-57a2d4851a1d" relativeResultsDirectory="8769d875-33bb-4e2c-ad75-ec5dabc2fc2c" />
    <UnitTestResult executionId="cafc475c-d23a-418e-8765-48559ac905f8" testId="3ad2726a-8824-88f7-1608-59e26678827a" testName="TrimAndRemoveControlCharsKeepWhitespaceCharsNull" computerName="DKSR-EFI-04" duration="00:00:00.0006368" startTime="2023-12-22T09:32:55.5529489+01:00" endTime="2023-12-22T09:32:55.5529489+01:00" testType="13cdc9d9-ddb5-4fa4-a97d-d965ccfc6d4b" outcome="Passed" testListId="8c84fa94-04c1-424b-9868-57a2d4851a1d" relativeResultsDirectory="cafc475c-d23a-418e-8765-48559ac905f8" />
    <UnitTestResult executionId="f00bd4bf-aa22-4574-bbed-0f5a182f2329" testId="55900663-5ffb-ae1b-f271-79db886ed37b" testName="ConvertToInt_InvalidNumber_Default_Expected_Success" computerName="DKSR-EFI-04" duration="00:00:00.0001319" startTime="2023-12-22T09:32:53.4748116+01:00" endTime="2023-12-22T09:32:53.4748116+01:00" testType="13cdc9d9-ddb5-4fa4-a97d-d965ccfc6d4b" outcome="Passed" testListId="8c84fa94-04c1-424b-9868-57a2d4851a1d" relativeResultsDirectory="f00bd4bf-aa22-4574-bbed-0f5a182f2329" />
    <UnitTestResult executionId="c534d6b1-37dd-4f6c-ac5a-a1f4264ae025" testId="80d02be0-e5b3-d805-0594-6fce0472bdd1" testName="NestedPropertyHelper_FormatNestedPropertyName_ArgumentNullException" computerName="DKSR-EFI-04" duration="00:00:00.0849394" startTime="2023-12-22T09:32:54.1779420+01:00" endTime="2023-12-22T09:32:54.2560650+01:00" testType="13cdc9d9-ddb5-4fa4-a97d-d965ccfc6d4b" outcome="Passed" testListId="8c84fa94-04c1-424b-9868-57a2d4851a1d" relativeResultsDirectory="c534d6b1-37dd-4f6c-ac5a-a1f4264ae025">
      <Output>
        <StdOut>Debug Trace:&#xD;
Fail: Argument 'propertyName' cannot be null</StdOut>
      </Output>
    </UnitTestResult>
    <UnitTestResult executionId="9a8ec778-4aaf-4f55-bb9f-ce3a257b2838" testId="793f10c3-77a8-a120-88a6-cc1dfcbad8a7" testName="ServerCredentialsUnitTests_GetAsXml_ServerCameraCredentials_ArgumentNull" computerName="DKSR-EFI-04" duration="00:00:00.0153711" startTime="2023-12-22T09:32:55.3341970+01:00" endTime="2023-12-22T09:32:55.3498232+01:00" testType="13cdc9d9-ddb5-4fa4-a97d-d965ccfc6d4b" outcome="Passed" testListId="8c84fa94-04c1-424b-9868-57a2d4851a1d" relativeResultsDirectory="9a8ec778-4aaf-4f55-bb9f-ce3a257b2838">
      <Output>
        <StdOut>Debug Trace:&#xD;
Fail: Argument null.</StdOut>
      </Output>
    </UnitTestResult>
    <UnitTestResult executionId="061c8489-595f-4401-b6ac-69a66fc0fd2c" testId="069f80b7-68ce-0dbf-49a9-88037b3210bc" testName="ConvertToInt_InvalidNumber_Default_Expected_Success" computerName="DKSR-EFI-04" duration="00:00:00.0001832" startTime="2023-12-22T09:32:53.2248102+01:00" endTime="2023-12-22T09:32:53.2248102+01:00" testType="13cdc9d9-ddb5-4fa4-a97d-d965ccfc6d4b" outcome="Passed" testListId="8c84fa94-04c1-424b-9868-57a2d4851a1d" relativeResultsDirectory="061c8489-595f-4401-b6ac-69a66fc0fd2c" />
    <UnitTestResult executionId="34f0ae67-b966-434a-9a0b-2437c937a065" testId="8b0ec7b2-5cbf-3a0c-8dd5-acc3ffb6ac9a" testName="ServerCredentialsUnitTests_GetAsXml_ServerCameraCredentials_Success" computerName="DKSR-EFI-04" duration="00:00:00.0085532" startTime="2023-12-22T09:32:55.3341970+01:00" endTime="2023-12-22T09:32:55.3341970+01:00" testType="13cdc9d9-ddb5-4fa4-a97d-d965ccfc6d4b" outcome="Passed" testListId="8c84fa94-04c1-424b-9868-57a2d4851a1d" relativeResultsDirectory="34f0ae67-b966-434a-9a0b-2437c937a065" />
    <UnitTestResult executionId="667ae1d4-8ffd-4954-bf42-f939256f1399" testId="75fc5143-fe6b-20f0-4ca6-b67370de4903" testName="ConvertTwoDimensionalIndexesToOneDimensional_X_Is_Negative" computerName="DKSR-EFI-04" duration="00:00:00.0008103" startTime="2023-12-22T09:32:53.4279364+01:00" endTime="2023-12-22T09:32:53.4279364+01:00" testType="13cdc9d9-ddb5-4fa4-a97d-d965ccfc6d4b" outcome="Passed" testListId="8c84fa94-04c1-424b-9868-57a2d4851a1d" relativeResultsDirectory="667ae1d4-8ffd-4954-bf42-f939256f1399" />
    <UnitTestResult executionId="ed0c0953-1d0c-4fdd-96e1-7c00b91a9c61" testId="5daf3a73-fd93-3c8b-0382-76d7d7b33fc9" testName="ToGuidFailed" computerName="DKSR-EFI-04" duration="00:00:00.0024048" startTime="2023-12-22T09:32:55.5216990+01:00" endTime="2023-12-22T09:32:55.5216990+01:00" testType="13cdc9d9-ddb5-4fa4-a97d-d965ccfc6d4b" outcome="Passed" testListId="8c84fa94-04c1-424b-9868-57a2d4851a1d" relativeResultsDirectory="ed0c0953-1d0c-4fdd-96e1-7c00b91a9c61" />
    <UnitTestResult executionId="e70acacf-74d5-4fc7-b332-1763dbdd9723" testId="87157f56-f422-38c9-fd63-83a67aeda855" testName="TrimAndRemoveControlCharsKeepWhitespaceCharsTest" computerName="DKSR-EFI-04" duration="00:00:00.0001646" startTime="2023-12-22T09:32:55.5373227+01:00" endTime="2023-12-22T09:32:55.5373227+01:00" testType="13cdc9d9-ddb5-4fa4-a97d-d965ccfc6d4b" outcome="Passed" testListId="8c84fa94-04c1-424b-9868-57a2d4851a1d" relativeResultsDirectory="e70acacf-74d5-4fc7-b332-1763dbdd9723" />
    <UnitTestResult executionId="2b611063-afc5-42be-8c1b-110fe5b3597f" testId="1655a58f-82cd-dfaa-f818-6210834795ce" testName="ConvertTwoDimensionalIndexesToOneDimensional_Y_Is_Larger_Than_Dimension" computerName="DKSR-EFI-04" duration="00:00:00.0005835" startTime="2023-12-22T09:32:53.4435615+01:00" endTime="2023-12-22T09:32:53.4435615+01:00" testType="13cdc9d9-ddb5-4fa4-a97d-d965ccfc6d4b" outcome="Passed" testListId="8c84fa94-04c1-424b-9868-57a2d4851a1d" relativeResultsDirectory="2b611063-afc5-42be-8c1b-110fe5b3597f" />
    <UnitTestResult executionId="8308c45b-4c05-4672-8d2a-abf499b633c4" testId="12fb79ac-ca7a-d90c-70f5-ffadbf93d3cd" testName="TaskError_ToXml_With_ResourceId_Serialized_Correctly" computerName="DKSR-EFI-04" duration="00:00:00.0007923" startTime="2023-12-22T09:32:55.4123195+01:00" endTime="2023-12-22T09:32:55.4123195+01:00" testType="13cdc9d9-ddb5-4fa4-a97d-d965ccfc6d4b" outcome="Passed" testListId="8c84fa94-04c1-424b-9868-57a2d4851a1d" relativeResultsDirectory="8308c45b-4c05-4672-8d2a-abf499b633c4" />
    <UnitTestResult executionId="67298e5b-72d1-47d6-b21d-ffe8943e774b" testId="8815b8fc-a38c-3954-d8a0-8fcab25a9731" testName="MoveHardwareTaskResult_Serialization_No_Warnings_Success" computerName="DKSR-EFI-04" duration="00:00:00.0010807" startTime="2023-12-22T09:32:54.0841889+01:00" endTime="2023-12-22T09:32:54.0998133+01:00" testType="13cdc9d9-ddb5-4fa4-a97d-d965ccfc6d4b" outcome="Passed" testListId="8c84fa94-04c1-424b-9868-57a2d4851a1d" relativeResultsDirectory="67298e5b-72d1-47d6-b21d-ffe8943e774b" />
    <UnitTestResult executionId="312f912f-8e79-4961-b130-b73cfc6ae92c" testId="769e77f8-1c20-6f74-1e65-1d738cf9bb80" testName="CalculateGridLength_Success" computerName="DKSR-EFI-04" duration="00:00:00.0002786" startTime="2023-12-22T09:32:55.4748226+01:00" endTime="2023-12-22T09:32:55.4748226+01:00" testType="13cdc9d9-ddb5-4fa4-a97d-d965ccfc6d4b" outcome="Passed" testListId="8c84fa94-04c1-424b-9868-57a2d4851a1d" relativeResultsDirectory="312f912f-8e79-4961-b130-b73cfc6ae92c" />
    <UnitTestResult executionId="59f92bac-1ecb-4cfc-9f33-8411aa3a85e7" testId="31993171-cd22-0249-bd8a-7a53b439402a" testName="ConvertOneDimensionalIndexToTwoDimensional_Index_Is_Negative" computerName="DKSR-EFI-04" duration="00:00:00.0006169" startTime="2023-12-22T09:32:53.4591847+01:00" endTime="2023-12-22T09:32:53.4591847+01:00" testType="13cdc9d9-ddb5-4fa4-a97d-d965ccfc6d4b" outcome="Passed" testListId="8c84fa94-04c1-424b-9868-57a2d4851a1d" relativeResultsDirectory="59f92bac-1ecb-4cfc-9f33-8411aa3a85e7" />
    <UnitTestResult executionId="da482187-5037-47a5-aa61-38c3010a5e90" testId="caece4eb-6f1c-24a4-7032-7e24377ac199" testName="ConvertToInt_InvalidNumber_Default_Expected_Success" computerName="DKSR-EFI-04" duration="00:00:00.0001800" startTime="2023-12-22T09:32:53.2873113+01:00" endTime="2023-12-22T09:32:53.2873113+01:00" testType="13cdc9d9-ddb5-4fa4-a97d-d965ccfc6d4b" outcome="Passed" testListId="8c84fa94-04c1-424b-9868-57a2d4851a1d" relativeResultsDirectory="da482187-5037-47a5-aa61-38c3010a5e90" />
    <UnitTestResult executionId="e7434ee4-5f55-44db-9c13-daee472b4291" testId="74b752a9-3ab1-cd08-7831-6830396588ed" testName="NestedPropertyHelper_IsNestedPropertyName_ArgumentNullException" computerName="DKSR-EFI-04" duration="00:00:00.0014038" startTime="2023-12-22T09:32:54.3029415+01:00" endTime="2023-12-22T09:32:54.3029415+01:00" testType="13cdc9d9-ddb5-4fa4-a97d-d965ccfc6d4b" outcome="Passed" testListId="8c84fa94-04c1-424b-9868-57a2d4851a1d" relativeResultsDirectory="e7434ee4-5f55-44db-9c13-daee472b4291">
      <Output>
        <StdOut>Debug Trace:&#xD;
Fail: Argument 'propertyName' cannot be null</StdOut>
      </Output>
    </UnitTestResult>
    <UnitTestResult executionId="7d65219b-4071-428a-b7ab-f6d4aef8afb7" testId="33b9cfba-767d-620a-5bc7-446ac3b0a75a" testName="SetGridSize_Initialize_New_Grid_Success" computerName="DKSR-EFI-04" duration="00:00:00.0006399" startTime="2023-12-22T09:32:55.4591964+01:00" endTime="2023-12-22T09:32:55.4591964+01:00" testType="13cdc9d9-ddb5-4fa4-a97d-d965ccfc6d4b" outcome="Passed" testListId="8c84fa94-04c1-424b-9868-57a2d4851a1d" relativeResultsDirectory="7d65219b-4071-428a-b7ab-f6d4aef8afb7" />
    <UnitTestResult executionId="be929f7a-4504-4d06-8131-f6e09316fb4b" testId="4c800bb5-72b9-4506-9120-2410508dc69d" testName="TrimAndRemoveControlCharsTest" computerName="DKSR-EFI-04" duration="00:00:00.0003144" startTime="2023-12-22T09:32:55.5373227+01:00" endTime="2023-12-22T09:32:55.5373227+01:00" testType="13cdc9d9-ddb5-4fa4-a97d-d965ccfc6d4b" outcome="Passed" testListId="8c84fa94-04c1-424b-9868-57a2d4851a1d" relativeResultsDirectory="be929f7a-4504-4d06-8131-f6e09316fb4b" />
    <UnitTestResult executionId="a1fb55f8-90ea-46a2-a88e-d7b01e87cc50" testId="1c1975ac-6c6e-3f5a-db59-5d2d82b44a36" testName="NestedPropertyHelper_TryGetNestedPropertyName_WhiteSpaceName_ArgumentException" computerName="DKSR-EFI-04" duration="00:00:00.0007826" startTime="2023-12-22T09:32:54.3185670+01:00" endTime="2023-12-22T09:32:54.3185670+01:00" testType="13cdc9d9-ddb5-4fa4-a97d-d965ccfc6d4b" outcome="Passed" testListId="8c84fa94-04c1-424b-9868-57a2d4851a1d" relativeResultsDirectory="a1fb55f8-90ea-46a2-a88e-d7b01e87cc50">
      <Output>
        <StdOut>Debug Trace:&#xD;
Fail: Argument 'formattedPropertyName' cannot be empty</StdOut>
      </Output>
    </UnitTestResult>
    <UnitTestResult executionId="a1b93fde-f668-4ef9-80f5-2fdd12300173" testId="d4d350d3-c8d0-e20b-a69c-867669933688" testName="NestedPropertyHelper_IsNestedPropertyName_WhiteSpaceName_ArgumentException" computerName="DKSR-EFI-04" duration="00:00:00.0008531" startTime="2023-12-22T09:32:54.3029415+01:00" endTime="2023-12-22T09:32:54.3029415+01:00" testType="13cdc9d9-ddb5-4fa4-a97d-d965ccfc6d4b" outcome="Passed" testListId="8c84fa94-04c1-424b-9868-57a2d4851a1d" relativeResultsDirectory="a1b93fde-f668-4ef9-80f5-2fdd12300173">
      <Output>
        <StdOut>Debug Trace:&#xD;
Fail: Argument 'propertyName' cannot be empty</StdOut>
      </Output>
    </UnitTestResult>
    <UnitTestResult executionId="4f57bbb6-db97-448b-9111-aa0c421a813e" testId="cfec4fd7-18a7-01bd-0be1-3678eda78f31" testName="NestedPropertyHelper_TryGetNestedPropertyNameTest" computerName="DKSR-EFI-04" duration="00:00:00.0010927" startTime="2023-12-22T09:32:54.3185670+01:00" endTime="2023-12-22T09:32:54.3185670+01:00" testType="13cdc9d9-ddb5-4fa4-a97d-d965ccfc6d4b" outcome="Passed" testListId="8c84fa94-04c1-424b-9868-57a2d4851a1d" relativeResultsDirectory="4f57bbb6-db97-448b-9111-aa0c421a813e" />
    <UnitTestResult executionId="9a04b48d-f754-4225-9961-f8ab87fdd250" testId="71e3c0f5-6fe7-f804-aa6f-415cce565e0e" testName="ConvertToGridSize_Success" computerName="DKSR-EFI-04" duration="00:00:00.0037949" startTime="2023-12-22T09:32:55.4435716+01:00" endTime="2023-12-22T09:32:55.4435716+01:00" testType="13cdc9d9-ddb5-4fa4-a97d-d965ccfc6d4b" outcome="Passed" testListId="8c84fa94-04c1-424b-9868-57a2d4851a1d" relativeResultsDirectory="9a04b48d-f754-4225-9961-f8ab87fdd250" />
    <UnitTestResult executionId="b23736b3-955d-46e5-b448-2cfb98664552" testId="6346fdd8-638a-e5dd-44cb-e4bceb791e3e" testName="ConvertToInt_Success" computerName="DKSR-EFI-04" duration="00:00:00.0097880" startTime="2023-12-22T09:32:52.7404341+01:00" endTime="2023-12-22T09:32:53.1779351+01:00" testType="13cdc9d9-ddb5-4fa4-a97d-d965ccfc6d4b" outcome="Passed" testListId="8c84fa94-04c1-424b-9868-57a2d4851a1d" relativeResultsDirectory="b23736b3-955d-46e5-b448-2cfb98664552" />
    <UnitTestResult executionId="20f82af5-d690-481e-9347-d1ec34debea1" testId="f1e1352b-23ae-c89b-d352-0c7837620f16" testName="ConvertTwoDimensionalIndexesToOneDimensional_Y_Is_Negative" computerName="DKSR-EFI-04" duration="00:00:00.0005486" startTime="2023-12-22T09:32:53.4435615+01:00" endTime="2023-12-22T09:32:53.4435615+01:00" testType="13cdc9d9-ddb5-4fa4-a97d-d965ccfc6d4b" outcome="Passed" testListId="8c84fa94-04c1-424b-9868-57a2d4851a1d" relativeResultsDirectory="20f82af5-d690-481e-9347-d1ec34debea1" />
    <UnitTestResult executionId="33dc5d1e-d7d5-4ef6-899f-8d5678665bc9" testId="2d5cd7fa-cf05-f590-40f1-040770f81bef" testName="ConvertToDetectionMethod_Success" computerName="DKSR-EFI-04" duration="00:00:00.0032037" startTime="2023-12-22T09:32:53.2873113+01:00" endTime="2023-12-22T09:32:53.2873113+01:00" testType="13cdc9d9-ddb5-4fa4-a97d-d965ccfc6d4b" outcome="Passed" testListId="8c84fa94-04c1-424b-9868-57a2d4851a1d" relativeResultsDirectory="33dc5d1e-d7d5-4ef6-899f-8d5678665bc9" />
    <UnitTestResult executionId="bd8e6fd1-1392-47d6-bcf4-228f92313636" testId="ba74e53c-cf5f-47b5-b760-36899466e286" testName="TaskWarning_ToXml_With_ResourceId_Serialized_Correctly" computerName="DKSR-EFI-04" duration="00:00:00.0006048" startTime="2023-12-22T09:32:55.4435716+01:00" endTime="2023-12-22T09:32:55.4435716+01:00" testType="13cdc9d9-ddb5-4fa4-a97d-d965ccfc6d4b" outcome="Passed" testListId="8c84fa94-04c1-424b-9868-57a2d4851a1d" relativeResultsDirectory="bd8e6fd1-1392-47d6-bcf4-228f92313636" />
    <UnitTestResult executionId="1f05c877-80e9-4033-88a2-15e59cfc243e" testId="4439bf50-4700-5306-fd95-c4df8561f625" testName="NestedPropertyHelper_FormatNestedPropertyName_EmptyName_ArgumentException" computerName="DKSR-EFI-04" duration="00:00:00.0009288" startTime="2023-12-22T09:32:54.2716908+01:00" endTime="2023-12-22T09:32:54.2716908+01:00" testType="13cdc9d9-ddb5-4fa4-a97d-d965ccfc6d4b" outcome="Passed" testListId="8c84fa94-04c1-424b-9868-57a2d4851a1d" relativeResultsDirectory="1f05c877-80e9-4033-88a2-15e59cfc243e">
      <Output>
        <StdOut>Debug Trace:&#xD;
Fail: Argument 'propertyName' cannot be empty</StdOut>
      </Output>
    </UnitTestResult>
    <UnitTestResult executionId="05291a84-c739-451e-9991-adab1a9b9ef8" testId="421a56de-5d17-1327-8557-9949a751924e" testName="NestedPropertyHelper_FormatNestedPropertyName_NameStartsWithDollar_ArgumentException" computerName="DKSR-EFI-04" duration="00:00:00.0018268" startTime="2023-12-22T09:32:54.2716908+01:00" endTime="2023-12-22T09:32:54.2716908+01:00" testType="13cdc9d9-ddb5-4fa4-a97d-d965ccfc6d4b" outcome="Passed" testListId="8c84fa94-04c1-424b-9868-57a2d4851a1d" relativeResultsDirectory="05291a84-c739-451e-9991-adab1a9b9ef8">
      <Output>
        <StdOut>Debug Trace:&#xD;
Fail: Argument 'propertyName' cannot start with a '$'</StdOut>
      </Output>
    </UnitTestResult>
    <UnitTestResult executionId="9611a446-f7c1-4d98-8a3b-cd78853b3bfb" testId="882ea91f-28cc-5911-ff61-4a2331948ab9" testName="TaskError_ToXml_No_ResourceId_Serialized_Correctly" computerName="DKSR-EFI-04" duration="00:00:00.0034324" startTime="2023-12-22T09:32:55.4123195+01:00" endTime="2023-12-22T09:32:55.4123195+01:00" testType="13cdc9d9-ddb5-4fa4-a97d-d965ccfc6d4b" outcome="Passed" testListId="8c84fa94-04c1-424b-9868-57a2d4851a1d" relativeResultsDirectory="9611a446-f7c1-4d98-8a3b-cd78853b3bfb" />
    <UnitTestResult executionId="e5ef0055-956c-4d17-8a77-4dca15c8b113" testId="67473bc5-32ce-aabc-ce4f-fee6a8a0a8cf" testName="ConvertToDetectionMethod_InvalidNumber_Default_Expected_Success" computerName="DKSR-EFI-04" duration="00:00:00.0001524" startTime="2023-12-22T09:32:53.2873113+01:00" endTime="2023-12-22T09:32:53.2873113+01:00" testType="13cdc9d9-ddb5-4fa4-a97d-d965ccfc6d4b" outcome="Passed" testListId="8c84fa94-04c1-424b-9868-57a2d4851a1d" relativeResultsDirectory="e5ef0055-956c-4d17-8a77-4dca15c8b113" />
    <UnitTestResult executionId="2dd97387-516f-42f9-951e-51da357e3870" testId="6453653b-0163-a699-39b7-69fa5bbd12b8" testName="ServerCredentialsUnitTests_GetAsXml_ServerCameraCredentialArray_ArgumentNull" computerName="DKSR-EFI-04" duration="00:00:00.0018596" startTime="2023-12-22T09:32:55.3654446+01:00" endTime="2023-12-22T09:32:55.3654446+01:00" testType="13cdc9d9-ddb5-4fa4-a97d-d965ccfc6d4b" outcome="Passed" testListId="8c84fa94-04c1-424b-9868-57a2d4851a1d" relativeResultsDirectory="2dd97387-516f-42f9-951e-51da357e3870">
      <Output>
        <StdOut>Debug Trace:&#xD;
Fail: Argument null.</StdOut>
      </Output>
    </UnitTestResult>
    <UnitTestResult executionId="cd0e238c-d4a7-4ba0-94c7-a31ce24177b6" testId="38778c86-8f06-c771-6326-084dcf9e7ce7" testName="TaskWarning_FromXml_Can_Read_Initial_Format" computerName="DKSR-EFI-04" duration="00:00:00.0149193" startTime="2023-12-22T09:32:55.4123195+01:00" endTime="2023-12-22T09:32:55.4279472+01:00" testType="13cdc9d9-ddb5-4fa4-a97d-d965ccfc6d4b" outcome="Passed" testListId="8c84fa94-04c1-424b-9868-57a2d4851a1d" relativeResultsDirectory="cd0e238c-d4a7-4ba0-94c7-a31ce24177b6" />
    <UnitTestResult executionId="e274ec3c-fc73-41c4-8151-3218eab2d94c" testId="79ef2dd3-5eee-0301-5395-66ec4489fc4f" testName="ConvertFromInt_Success" computerName="DKSR-EFI-04" duration="00:00:00.0031889" startTime="2023-12-22T09:32:53.4748116+01:00" endTime="2023-12-22T09:32:53.4748116+01:00" testType="13cdc9d9-ddb5-4fa4-a97d-d965ccfc6d4b" outcome="Passed" testListId="8c84fa94-04c1-424b-9868-57a2d4851a1d" relativeResultsDirectory="e274ec3c-fc73-41c4-8151-3218eab2d94c" />
    <UnitTestResult executionId="e616b146-7bf3-4466-92d0-ef1db7e56325" testId="afc090fc-9641-de7f-3866-7ea0fcff9c09" testName="RemoveControlCharsKeepWhitespaceCharsTest" computerName="DKSR-EFI-04" duration="00:00:00.0002959" startTime="2023-12-22T09:32:55.5373227+01:00" endTime="2023-12-22T09:32:55.5373227+01:00" testType="13cdc9d9-ddb5-4fa4-a97d-d965ccfc6d4b" outcome="Passed" testListId="8c84fa94-04c1-424b-9868-57a2d4851a1d" relativeResultsDirectory="e616b146-7bf3-4466-92d0-ef1db7e56325" />
    <UnitTestResult executionId="c10e1a0e-dd0b-4425-b750-3c0995f7a497" testId="76e675ce-aeb7-2988-0cf9-b0a9546b75af" testName="CorporateProductCodes_GetProductCodes_NullInput_ThrowsException" computerName="DKSR-EFI-04" duration="00:00:00.0068536" startTime="2023-12-22T09:32:53.3341871+01:00" endTime="2023-12-22T09:32:53.3341871+01:00" testType="13cdc9d9-ddb5-4fa4-a97d-d965ccfc6d4b" outcome="Passed" testListId="8c84fa94-04c1-424b-9868-57a2d4851a1d" relativeResultsDirectory="c10e1a0e-dd0b-4425-b750-3c0995f7a497" />
    <UnitTestResult executionId="dde05831-1563-445d-a1dc-71f16500bc92" testId="37dcfbb4-93cd-3d47-6264-adcf2814bf97" testName="GetPrivacyMaskFromXml_UnknownMethodIdTest" computerName="DKSR-EFI-04" duration="00:00:00.0011170" startTime="2023-12-22T09:32:55.3029452+01:00" endTime="2023-12-22T09:32:55.3029452+01:00" testType="13cdc9d9-ddb5-4fa4-a97d-d965ccfc6d4b" outcome="Passed" testListId="8c84fa94-04c1-424b-9868-57a2d4851a1d" relativeResultsDirectory="dde05831-1563-445d-a1dc-71f16500bc92" />
    <UnitTestResult executionId="7fc1f40d-555f-483c-9312-ce0aafe404ff" testId="3dab1d5a-b2e4-fb94-b594-593da7066a3a" testName="DeviceTypeInfo_IsRecordingDevice_Success" computerName="DKSR-EFI-04" duration="00:00:00.0008926" startTime="2023-12-22T09:32:53.3341871+01:00" endTime="2023-12-22T09:32:53.3341871+01:00" testType="13cdc9d9-ddb5-4fa4-a97d-d965ccfc6d4b" outcome="Passed" testListId="8c84fa94-04c1-424b-9868-57a2d4851a1d" relativeResultsDirectory="7fc1f40d-555f-483c-9312-ce0aafe404ff" />
    <UnitTestResult executionId="075cf5eb-b814-47a2-a53c-6503fc9acee8" testId="a5c6379b-0893-b01d-18e5-f90ab7bcaeec" testName="GetPrivacyMaskFromXml_SunnyDay" computerName="DKSR-EFI-04" duration="00:00:00.8253916" startTime="2023-12-22T09:32:54.3341912+01:00" endTime="2023-12-22T09:32:55.1466951+01:00" testType="13cdc9d9-ddb5-4fa4-a97d-d965ccfc6d4b" outcome="Passed" testListId="8c84fa94-04c1-424b-9868-57a2d4851a1d" relativeResultsDirectory="075cf5eb-b814-47a2-a53c-6503fc9acee8" />
    <UnitTestResult executionId="95d7a533-7807-437d-b2d1-2298fbed241c" testId="b075a10e-5ca1-f9d5-f244-1272d3fa58ee" testName="ServerCredentialsUnitTests_GetFromXml_Success" computerName="DKSR-EFI-04" duration="00:00:00.0015492" startTime="2023-12-22T09:32:55.3810759+01:00" endTime="2023-12-22T09:32:55.3810759+01:00" testType="13cdc9d9-ddb5-4fa4-a97d-d965ccfc6d4b" outcome="Passed" testListId="8c84fa94-04c1-424b-9868-57a2d4851a1d" relativeResultsDirectory="95d7a533-7807-437d-b2d1-2298fbed241c" />
    <UnitTestResult executionId="b0288cca-224f-4f87-81ca-a9afc9a78e67" testId="b4de2156-c43e-124d-28a2-1199362f1247" testName="SetGridSize_GridSize16x16_Same_Size_As_Original_Success" computerName="DKSR-EFI-04" duration="00:00:00.0002739" startTime="2023-12-22T09:32:55.4591964+01:00" endTime="2023-12-22T09:32:55.4591964+01:00" testType="13cdc9d9-ddb5-4fa4-a97d-d965ccfc6d4b" outcome="Passed" testListId="8c84fa94-04c1-424b-9868-57a2d4851a1d" relativeResultsDirectory="b0288cca-224f-4f87-81ca-a9afc9a78e67" />
    <UnitTestResult executionId="7cba744c-dfdb-413a-b73c-9f09c13b211e" testId="649332c7-9fa8-fdfd-3094-2331860467a3" testName="DeviceTypeInfo_IsRecordingDevice_SupportAllTypes" computerName="DKSR-EFI-04" duration="00:00:00.0007891" startTime="2023-12-22T09:32:53.3341871+01:00" endTime="2023-12-22T09:32:53.3341871+01:00" testType="13cdc9d9-ddb5-4fa4-a97d-d965ccfc6d4b" outcome="Passed" testListId="8c84fa94-04c1-424b-9868-57a2d4851a1d" relativeResultsDirectory="7cba744c-dfdb-413a-b73c-9f09c13b211e" />
    <UnitTestResult executionId="37ed6281-a35a-419e-bc3e-370086adad54" testId="89f53efe-f8e9-e247-5d3a-a73d496c1c42" testName="TaskWarning_ToXml_No_ResourceId_Serialized_Correctly" computerName="DKSR-EFI-04" duration="00:00:00.0033395" startTime="2023-12-22T09:32:55.4279472+01:00" endTime="2023-12-22T09:32:55.4435716+01:00" testType="13cdc9d9-ddb5-4fa4-a97d-d965ccfc6d4b" outcome="Passed" testListId="8c84fa94-04c1-424b-9868-57a2d4851a1d" relativeResultsDirectory="37ed6281-a35a-419e-bc3e-370086adad54" />
    <UnitTestResult executionId="7a6af791-065c-4ce3-8f68-8a0b9b35d156" testId="4736f0ce-a73f-860c-f1b7-389e537a1524" testName="NestedPropertyHelper_IsNestedPropertyName_EmptyName_ArgumentException" computerName="DKSR-EFI-04" duration="00:00:00.0008535" startTime="2023-12-22T09:32:54.3029415+01:00" endTime="2023-12-22T09:32:54.3029415+01:00" testType="13cdc9d9-ddb5-4fa4-a97d-d965ccfc6d4b" outcome="Passed" testListId="8c84fa94-04c1-424b-9868-57a2d4851a1d" relativeResultsDirectory="7a6af791-065c-4ce3-8f68-8a0b9b35d156">
      <Output>
        <StdOut>Debug Trace:&#xD;
Fail: Argument 'propertyName' cannot be empty</StdOut>
      </Output>
    </UnitTestResult>
    <UnitTestResult executionId="b00bf2b2-2c73-419c-ada4-84f04aa5cfe2" testId="7c89820e-a98d-4b51-2cef-8b3953fcebd5" testName="NestedPropertyHelper_FormatNestedPropertyName_Success" computerName="DKSR-EFI-04" duration="00:00:00.0423792" startTime="2023-12-22T09:32:54.1310657+01:00" endTime="2023-12-22T09:32:54.1623154+01:00" testType="13cdc9d9-ddb5-4fa4-a97d-d965ccfc6d4b" outcome="Passed" testListId="8c84fa94-04c1-424b-9868-57a2d4851a1d" relativeResultsDirectory="b00bf2b2-2c73-419c-ada4-84f04aa5cfe2" />
    <UnitTestResult executionId="b213c6f1-c5a0-4815-8ccc-a1de1d2f7f1d" testId="e5a9ba03-ae4c-cec5-2077-fbc09e191aa1" testName="NestedPropertyHelper_FormatNestedPropertyName_NameStartsWithSpace_ArgumentException" computerName="DKSR-EFI-04" duration="00:00:00.0008349" startTime="2023-12-22T09:32:54.2716908+01:00" endTime="2023-12-22T09:32:54.2716908+01:00" testType="13cdc9d9-ddb5-4fa4-a97d-d965ccfc6d4b" outcome="Passed" testListId="8c84fa94-04c1-424b-9868-57a2d4851a1d" relativeResultsDirectory="b213c6f1-c5a0-4815-8ccc-a1de1d2f7f1d">
      <Output>
        <StdOut>Debug Trace:&#xD;
Fail: Argument 'propertyName' cannot is not valid</StdOut>
      </Output>
    </UnitTestResult>
    <UnitTestResult executionId="13dd3c04-a79f-4523-8cd5-e34b324ecd94" testId="8853129e-24b6-de83-3ae4-a5c9606a62db" testName="ConvertToInt_Success" computerName="DKSR-EFI-04" duration="00:00:00.0004946" startTime="2023-12-22T09:32:55.4591964+01:00" endTime="2023-12-22T09:32:55.4591964+01:00" testType="13cdc9d9-ddb5-4fa4-a97d-d965ccfc6d4b" outcome="Passed" testListId="8c84fa94-04c1-424b-9868-57a2d4851a1d" relativeResultsDirectory="13dd3c04-a79f-4523-8cd5-e34b324ecd94" />
    <UnitTestResult executionId="cceb711a-c973-4d30-98a7-c9d40035cc75" testId="a0663979-f3fe-02fe-cfb5-57e444822a55" testName="ConvertTwoDimensionalIndexesToOneDimensional_X_Is_Larger_Than_Dimension" computerName="DKSR-EFI-04" duration="00:00:00.0005762" startTime="2023-12-22T09:32:53.4435615+01:00" endTime="2023-12-22T09:32:53.4435615+01:00" testType="13cdc9d9-ddb5-4fa4-a97d-d965ccfc6d4b" outcome="Passed" testListId="8c84fa94-04c1-424b-9868-57a2d4851a1d" relativeResultsDirectory="cceb711a-c973-4d30-98a7-c9d40035cc75" />
    <UnitTestResult executionId="8ff5d236-c3eb-496a-a985-1a23f4b17c43" testId="8e1edec1-7f6e-ac92-a31f-8280b3b1d3c9" testName="EventDefinition_ModifyWithNoStateGroup" computerName="DKSR-EFI-04" duration="00:00:00.0005361" startTime="2023-12-22T09:32:53.4279364+01:00" endTime="2023-12-22T09:32:53.4279364+01:00" testType="13cdc9d9-ddb5-4fa4-a97d-d965ccfc6d4b" outcome="Passed" testListId="8c84fa94-04c1-424b-9868-57a2d4851a1d" relativeResultsDirectory="8ff5d236-c3eb-496a-a985-1a23f4b17c43" />
    <UnitTestResult executionId="fb263b4e-7b33-4f05-8fb8-d04b842ef3bd" testId="bc1f88ff-e2ae-2848-549f-4ddc7ff81f8d" testName="ConvertOneDimensionalIndexToTwoDimensional_Index_Is_Larger_Than_Dimension" computerName="DKSR-EFI-04" duration="00:00:00.0004442" startTime="2023-12-22T09:32:53.4591847+01:00" endTime="2023-12-22T09:32:53.4591847+01:00" testType="13cdc9d9-ddb5-4fa4-a97d-d965ccfc6d4b" outcome="Passed" testListId="8c84fa94-04c1-424b-9868-57a2d4851a1d" relativeResultsDirectory="fb263b4e-7b33-4f05-8fb8-d04b842ef3bd" />
    <UnitTestResult executionId="2fb7def3-e891-4d7e-8686-42a71473944e" testId="8566c2b2-0527-0103-e53d-0a91dfbc88d2" testName="ServerCredentialsUnitTests_GetFromXml_Null_Success" computerName="DKSR-EFI-04" duration="00:00:00.0001680" startTime="2023-12-22T09:32:55.3810759+01:00" endTime="2023-12-22T09:32:55.3810759+01:00" testType="13cdc9d9-ddb5-4fa4-a97d-d965ccfc6d4b" outcome="Passed" testListId="8c84fa94-04c1-424b-9868-57a2d4851a1d" relativeResultsDirectory="2fb7def3-e891-4d7e-8686-42a71473944e" />
    <UnitTestResult executionId="d7797998-423c-406d-8bc9-f3d69f76eb54" testId="de38ffcb-9efb-c16b-04bb-70b26e4003fa" testName="CorporateProductCodes_GetProductCodes_UnknownProductCode" computerName="DKSR-EFI-04" duration="00:00:00.0001242" startTime="2023-12-22T09:32:53.3185596+01:00" endTime="2023-12-22T09:32:53.3185596+01:00" testType="13cdc9d9-ddb5-4fa4-a97d-d965ccfc6d4b" outcome="Passed" testListId="8c84fa94-04c1-424b-9868-57a2d4851a1d" relativeResultsDirectory="d7797998-423c-406d-8bc9-f3d69f76eb54" />
    <UnitTestResult executionId="a71c167d-0f6e-4571-ba12-736f18edfa26" testId="90a4be35-e2c7-5c6a-ca3a-d9a55de74d5d" testName="ConvertToInt_Success" computerName="DKSR-EFI-04" duration="00:00:00.0006911" startTime="2023-12-22T09:32:53.2716880+01:00" endTime="2023-12-22T09:32:53.2716880+01:00" testType="13cdc9d9-ddb5-4fa4-a97d-d965ccfc6d4b" outcome="Passed" testListId="8c84fa94-04c1-424b-9868-57a2d4851a1d" relativeResultsDirectory="a71c167d-0f6e-4571-ba12-736f18edfa26" />
    <UnitTestResult executionId="253d6c83-0c78-43f6-a165-2096706366e2" testId="e35d706a-8fcd-efc0-bddf-81787e2532c8" testName="ConvertFromInt_InvalidNumber_Default_Expected_Success" computerName="DKSR-EFI-04" duration="00:00:00.0002379" startTime="2023-12-22T09:32:53.4748116+01:00" endTime="2023-12-22T09:32:53.4904355+01:00" testType="13cdc9d9-ddb5-4fa4-a97d-d965ccfc6d4b" outcome="Passed" testListId="8c84fa94-04c1-424b-9868-57a2d4851a1d" relativeResultsDirectory="253d6c83-0c78-43f6-a165-2096706366e2" />
    <UnitTestResult executionId="f0df5a50-c897-42b1-8284-db0b5c91a5e5" testId="1919d23e-6873-4d53-05b5-96ba71f62e0f" testName="EventDefinition_XMLConstruct" computerName="DKSR-EFI-04" duration="00:00:00.0537135" startTime="2023-12-22T09:32:53.3498119+01:00" endTime="2023-12-22T09:32:53.3966874+01:00" testType="13cdc9d9-ddb5-4fa4-a97d-d965ccfc6d4b" outcome="Passed" testListId="8c84fa94-04c1-424b-9868-57a2d4851a1d" relativeResultsDirectory="f0df5a50-c897-42b1-8284-db0b5c91a5e5" />
    <UnitTestResult executionId="56d9bed3-2df1-493d-b7a5-a6bda32fd9a4" testId="14af5cfa-37a4-319b-6e36-d994dc5d5968" testName="ConvertToInt_Success" computerName="DKSR-EFI-04" duration="00:00:00.0005154" startTime="2023-12-22T09:32:53.4591847+01:00" endTime="2023-12-22T09:32:53.4748116+01:00" testType="13cdc9d9-ddb5-4fa4-a97d-d965ccfc6d4b" outcome="Passed" testListId="8c84fa94-04c1-424b-9868-57a2d4851a1d" relativeResultsDirectory="56d9bed3-2df1-493d-b7a5-a6bda32fd9a4" />
    <UnitTestResult executionId="ba838a44-3205-49a5-a252-237455ad03e5" testId="0c573ef2-cc3a-5c08-ff6f-cbf662d6d6f2" testName="SetPrivacyMaskMultipleCells" computerName="DKSR-EFI-04" duration="00:00:00.0034686" startTime="2023-12-22T09:32:55.2716950+01:00" endTime="2023-12-22T09:32:55.2873197+01:00" testType="13cdc9d9-ddb5-4fa4-a97d-d965ccfc6d4b" outcome="Passed" testListId="8c84fa94-04c1-424b-9868-57a2d4851a1d" relativeResultsDirectory="ba838a44-3205-49a5-a252-237455ad03e5" />
    <UnitTestResult executionId="a7f94d52-aa4c-4dda-87d1-f7a6600a3b39" testId="f824a3a8-59c5-2e65-7385-79c3d6df0055" testName="GetPrivacyMaskFromXml_DuplicateCellsTest" computerName="DKSR-EFI-04" duration="00:00:00.0027074" startTime="2023-12-22T09:32:55.2873197+01:00" endTime="2023-12-22T09:32:55.2873197+01:00" testType="13cdc9d9-ddb5-4fa4-a97d-d965ccfc6d4b" outcome="Passed" testListId="8c84fa94-04c1-424b-9868-57a2d4851a1d" relativeResultsDirectory="a7f94d52-aa4c-4dda-87d1-f7a6600a3b39" />
    <UnitTestResult executionId="c22cabb8-cf63-4aa9-9e28-b30226f07533" testId="6716d2ac-3134-42cf-ef61-ccb68c5e0d55" testName="IsGuidTestNull" computerName="DKSR-EFI-04" duration="00:00:00.0003822" startTime="2023-12-22T09:32:55.4748226+01:00" endTime="2023-12-22T09:32:55.4748226+01:00" testType="13cdc9d9-ddb5-4fa4-a97d-d965ccfc6d4b" outcome="Passed" testListId="8c84fa94-04c1-424b-9868-57a2d4851a1d" relativeResultsDirectory="c22cabb8-cf63-4aa9-9e28-b30226f07533" />
    <UnitTestResult executionId="9f923425-92a6-463b-9974-6d25de3e0e69" testId="b08ef59e-47a2-4249-0966-cb6c81b388af" testName="NestedPropertyHelper_FormatNestedPropertyName_NameEndsWithSpace_ArgumentException" computerName="DKSR-EFI-04" duration="00:00:00.0009460" startTime="2023-12-22T09:32:54.2873173+01:00" endTime="2023-12-22T09:32:54.2873173+01:00" testType="13cdc9d9-ddb5-4fa4-a97d-d965ccfc6d4b" outcome="Passed" testListId="8c84fa94-04c1-424b-9868-57a2d4851a1d" relativeResultsDirectory="9f923425-92a6-463b-9974-6d25de3e0e69">
      <Output>
        <StdOut>Debug Trace:&#xD;
Fail: Argument 'propertyName' cannot end with a white-space char</StdOut>
      </Output>
    </UnitTestResult>
    <UnitTestResult executionId="13fd5018-ab35-4428-ae92-52318928ae35" testId="93278bfc-88ce-15f6-9300-6fc4994c71f7" testName="Cells_Initialize_UnsupportedSize" computerName="DKSR-EFI-04" duration="00:00:00.0007946" startTime="2023-12-22T09:32:55.3185706+01:00" endTime="2023-12-22T09:32:55.3185706+01:00" testType="13cdc9d9-ddb5-4fa4-a97d-d965ccfc6d4b" outcome="Passed" testListId="8c84fa94-04c1-424b-9868-57a2d4851a1d" relativeResultsDirectory="13fd5018-ab35-4428-ae92-52318928ae35" />
    <UnitTestResult executionId="3e705ecf-eea6-4be7-b559-7f9944358b6d" testId="e143ad55-be30-be27-2198-bf27999b462d" testName="ToGuidTestSuccess" computerName="DKSR-EFI-04" duration="00:00:00.0003206" startTime="2023-12-22T09:32:55.5216990+01:00" endTime="2023-12-22T09:32:55.5216990+01:00" testType="13cdc9d9-ddb5-4fa4-a97d-d965ccfc6d4b" outcome="Passed" testListId="8c84fa94-04c1-424b-9868-57a2d4851a1d" relativeResultsDirectory="3e705ecf-eea6-4be7-b559-7f9944358b6d" />
  </Results>
  <TestDefinitions>
    <UnitTest name="SetGridSize_Grid_Increased_Success" storage="d:\actions-runner\_work\xpco\xpco\corporate\commonapi\videoos.management.common.unittests\bin\debug\net472\videoos.management.common.unittests.dll" id="ca3c00c7-0e2e-e11c-f4cf-d0514c13c85c">
      <Execution id="baf9948e-40a7-4b74-a9df-f52385f1d711" />
      <TestMethod codeBase="D:\actions-runner\_work\XPCO\XPCO\Corporate\CommonAPI\VideoOS.Management.Common.UnitTests\bin\Debug\net472\VideoOS.Management.Common.UnitTests.dll" adapterTypeName="executor://mstestadapter/v2" className="VideoOS.Management.Common.UnitTests.BusinessObjects.DeviceMotionUtils.GridSizeUnitTests" name="SetGridSize_Grid_Increased_Success" />
    </UnitTest>
    <UnitTest name="RemoveControlCharsKeepWhitespaceCharsTest" storage="d:\actions-runner\_work\xpco\xpco\corporate\commonapi\videoos.management.common.unittests\bin\debug\net472\videoos.management.common.unittests.dll" id="afc090fc-9641-de7f-3866-7ea0fcff9c09">
      <Execution id="e616b146-7bf3-4466-92d0-ef1db7e56325" />
      <TestMethod codeBase="D:\actions-runner\_work\XPCO\XPCO\Corporate\CommonAPI\VideoOS.Management.Common.UnitTests\bin\Debug\net472\VideoOS.Management.Common.UnitTests.dll" adapterTypeName="executor://mstestadapter/v2" className="VideoOS.Management.Common.UnitTests.ExtensionMethods.StringExtensionsTests" name="RemoveControlCharsKeepWhitespaceCharsTest" />
    </UnitTest>
    <UnitTest name="MoveHardwareTaskResult_ToXml_Serialized_Correctly" storage="d:\actions-runner\_work\xpco\xpco\corporate\commonapi\videoos.management.common.unittests\bin\debug\net472\videoos.management.common.unittests.dll" id="daa9a097-6fc7-a99a-2098-2eb65a6f8664">
      <Execution id="adff6fff-5f8c-477b-9a03-c894797f8eb2" />
      <TestMethod codeBase="D:\actions-runner\_work\XPCO\XPCO\Corporate\CommonAPI\VideoOS.Management.Common.UnitTests\bin\Debug\net472\VideoOS.Management.Common.UnitTests.dll" adapterTypeName="executor://mstestadapter/v2" className="VideoOS.Management.Common.UnitTests.MoveHardwareTaskResultUnitTests" name="MoveHardwareTaskResult_ToXml_Serialized_Correctly" />
    </UnitTest>
    <UnitTest name="TrimAndRemoveControlCharsTest" storage="d:\actions-runner\_work\xpco\xpco\corporate\commonapi\videoos.management.common.unittests\bin\debug\net472\videoos.management.common.unittests.dll" id="4c800bb5-72b9-4506-9120-2410508dc69d">
      <Execution id="be929f7a-4504-4d06-8131-f6e09316fb4b" />
      <TestMethod codeBase="D:\actions-runner\_work\XPCO\XPCO\Corporate\CommonAPI\VideoOS.Management.Common.UnitTests\bin\Debug\net472\VideoOS.Management.Common.UnitTests.dll" adapterTypeName="executor://mstestadapter/v2" className="VideoOS.Management.Common.UnitTests.ExtensionMethods.StringExtensionsTests" name="TrimAndRemoveControlCharsTest" />
    </UnitTest>
    <UnitTest name="TaskWarning_ToXml_With_ResourceId_Serialized_Correctly" storage="d:\actions-runner\_work\xpco\xpco\corporate\commonapi\videoos.management.common.unittests\bin\debug\net472\videoos.management.common.unittests.dll" id="ba74e53c-cf5f-47b5-b760-36899466e286">
      <Execution id="bd8e6fd1-1392-47d6-bcf4-228f92313636" />
      <TestMethod codeBase="D:\actions-runner\_work\XPCO\XPCO\Corporate\CommonAPI\VideoOS.Management.Common.UnitTests\bin\Debug\net472\VideoOS.Management.Common.UnitTests.dll" adapterTypeName="executor://mstestadapter/v2" className="VideoOS.Management.Common.UnitTests.TaskWarningUnitTests" name="TaskWarning_ToXml_With_ResourceId_Serialized_Correctly" />
    </UnitTest>
    <UnitTest name="ConvertToInt_Success" storage="d:\actions-runner\_work\xpco\xpco\corporate\commonapi\videoos.management.common.unittests\bin\debug\net472\videoos.management.common.unittests.dll" id="6346fdd8-638a-e5dd-44cb-e4bceb791e3e">
      <Execution id="b23736b3-955d-46e5-b448-2cfb98664552" />
      <TestMethod codeBase="D:\actions-runner\_work\XPCO\XPCO\Corporate\CommonAPI\VideoOS.Management.Common.UnitTests\bin\Debug\net472\VideoOS.Management.Common.UnitTests.dll" adapterTypeName="executor://mstestadapter/v2" className="VideoOS.Management.Server.UnitTests.BusinessObjects.ProcessTimeUnitTests" name="ConvertToInt_Success" />
    </UnitTest>
    <UnitTest name="TaskError_ToXml_With_ResourceId_Serialized_Correctly" storage="d:\actions-runner\_work\xpco\xpco\corporate\commonapi\videoos.management.common.unittests\bin\debug\net472\videoos.management.common.unittests.dll" id="12fb79ac-ca7a-d90c-70f5-ffadbf93d3cd">
      <Execution id="8308c45b-4c05-4672-8d2a-abf499b633c4" />
      <TestMethod codeBase="D:\actions-runner\_work\XPCO\XPCO\Corporate\CommonAPI\VideoOS.Management.Common.UnitTests\bin\Debug\net472\VideoOS.Management.Common.UnitTests.dll" adapterTypeName="executor://mstestadapter/v2" className="VideoOS.Management.Common.UnitTests.TaskErrorUnitTests" name="TaskError_ToXml_With_ResourceId_Serialized_Correctly" />
    </UnitTest>
    <UnitTest name="ConvertTwoDimensionalIndexesToOneDimensional_Success" storage="d:\actions-runner\_work\xpco\xpco\corporate\commonapi\videoos.management.common.unittests\bin\debug\net472\videoos.management.common.unittests.dll" id="cacd61c1-c3a3-cf61-3786-7e17896ec13c">
      <Execution id="b3b321bf-c01e-4470-8998-3ce075cdff5a" />
      <TestMethod codeBase="D:\actions-runner\_work\XPCO\XPCO\Corporate\CommonAPI\VideoOS.Management.Common.UnitTests\bin\Debug\net472\VideoOS.Management.Common.UnitTests.dll" adapterTypeName="executor://mstestadapter/v2" className="VideoOS.Management.Common.UnitTests.GridUtilityUnitTests" name="ConvertTwoDimensionalIndexesToOneDimensional_Success" />
    </UnitTest>
    <UnitTest name="TaskWarning_ToXml_No_ResourceId_Serialized_Correctly" storage="d:\actions-runner\_work\xpco\xpco\corporate\commonapi\videoos.management.common.unittests\bin\debug\net472\videoos.management.common.unittests.dll" id="89f53efe-f8e9-e247-5d3a-a73d496c1c42">
      <Execution id="37ed6281-a35a-419e-bc3e-370086adad54" />
      <TestMethod codeBase="D:\actions-runner\_work\XPCO\XPCO\Corporate\CommonAPI\VideoOS.Management.Common.UnitTests\bin\Debug\net472\VideoOS.Management.Common.UnitTests.dll" adapterTypeName="executor://mstestadapter/v2" className="VideoOS.Management.Common.UnitTests.TaskWarningUnitTests" name="TaskWarning_ToXml_No_ResourceId_Serialized_Correctly" />
    </UnitTest>
    <UnitTest name="CorporateProductCodes_GetProductCodes_Success" storage="d:\actions-runner\_work\xpco\xpco\corporate\commonapi\videoos.management.common.unittests\bin\debug\net472\videoos.management.common.unittests.dll" id="8914d82a-1269-4fe9-eb45-47d487b479b0">
      <Execution id="8769d875-33bb-4e2c-ad75-ec5dabc2fc2c" />
      <TestMethod codeBase="D:\actions-runner\_work\XPCO\XPCO\Corporate\CommonAPI\VideoOS.Management.Common.UnitTests\bin\Debug\net472\VideoOS.Management.Common.UnitTests.dll" adapterTypeName="executor://mstestadapter/v2" className="VideoOS.Management.Common.UnitTests.CorporateProductCodesTests" name="CorporateProductCodes_GetProductCodes_Success" />
    </UnitTest>
    <UnitTest name="ConvertToInt_Success" storage="d:\actions-runner\_work\xpco\xpco\corporate\commonapi\videoos.management.common.unittests\bin\debug\net472\videoos.management.common.unittests.dll" id="8853129e-24b6-de83-3ae4-a5c9606a62db">
      <Execution id="13dd3c04-a79f-4523-8cd5-e34b324ecd94" />
      <TestMethod codeBase="D:\actions-runner\_work\XPCO\XPCO\Corporate\CommonAPI\VideoOS.Management.Common.UnitTests\bin\Debug\net472\VideoOS.Management.Common.UnitTests.dll" adapterTypeName="executor://mstestadapter/v2" className="VideoOS.Management.Common.UnitTests.BusinessObjects.DeviceMotionUtils.GridSizeUnitTests" name="ConvertToInt_Success" />
    </UnitTest>
    <UnitTest name="GetPrivacyMaskFromXml_InvalidMethodTest" storage="d:\actions-runner\_work\xpco\xpco\corporate\commonapi\videoos.management.common.unittests\bin\debug\net472\videoos.management.common.unittests.dll" id="c2dc194a-0c1b-ef6d-1da6-c4e929a00375">
      <Execution id="1d426d32-bb15-47a5-b078-9a4978376158" />
      <TestMethod codeBase="D:\actions-runner\_work\XPCO\XPCO\Corporate\CommonAPI\VideoOS.Management.Common.UnitTests\bin\Debug\net472\VideoOS.Management.Common.UnitTests.dll" adapterTypeName="executor://mstestadapter/v2" className="VideoOS.Management.Common.UnitTests.PrivacyMaskUnitTest" name="GetPrivacyMaskFromXml_InvalidMethodTest" />
    </UnitTest>
    <UnitTest name="ConvertTwoDimensionalIndexesToOneDimensional_Y_Is_Negative" storage="d:\actions-runner\_work\xpco\xpco\corporate\commonapi\videoos.management.common.unittests\bin\debug\net472\videoos.management.common.unittests.dll" id="f1e1352b-23ae-c89b-d352-0c7837620f16">
      <Execution id="20f82af5-d690-481e-9347-d1ec34debea1" />
      <TestMethod codeBase="D:\actions-runner\_work\XPCO\XPCO\Corporate\CommonAPI\VideoOS.Management.Common.UnitTests\bin\Debug\net472\VideoOS.Management.Common.UnitTests.dll" adapterTypeName="executor://mstestadapter/v2" className="VideoOS.Management.Common.UnitTests.GridUtilityUnitTests" name="ConvertTwoDimensionalIndexesToOneDimensional_Y_Is_Negative" />
    </UnitTest>
    <UnitTest name="ConvertOneDimensionalIndexToTwoDimensional_Index_Is_Larger_Than_Dimension" storage="d:\actions-runner\_work\xpco\xpco\corporate\commonapi\videoos.management.common.unittests\bin\debug\net472\videoos.management.common.unittests.dll" id="bc1f88ff-e2ae-2848-549f-4ddc7ff81f8d">
      <Execution id="fb263b4e-7b33-4f05-8fb8-d04b842ef3bd" />
      <TestMethod codeBase="D:\actions-runner\_work\XPCO\XPCO\Corporate\CommonAPI\VideoOS.Management.Common.UnitTests\bin\Debug\net472\VideoOS.Management.Common.UnitTests.dll" adapterTypeName="executor://mstestadapter/v2" className="VideoOS.Management.Common.UnitTests.GridUtilityUnitTests" name="ConvertOneDimensionalIndexToTwoDimensional_Index_Is_Larger_Than_Dimension" />
    </UnitTest>
    <UnitTest name="RemoveControlCharsTest" storage="d:\actions-runner\_work\xpco\xpco\corporate\commonapi\videoos.management.common.unittests\bin\debug\net472\videoos.management.common.unittests.dll" id="fab0afff-c432-02b7-5bbb-f66eef7681fb">
      <Execution id="fd5b0129-ae12-4731-b784-d1f2989e743f" />
      <TestMethod codeBase="D:\actions-runner\_work\XPCO\XPCO\Corporate\CommonAPI\VideoOS.Management.Common.UnitTests\bin\Debug\net472\VideoOS.Management.Common.UnitTests.dll" adapterTypeName="executor://mstestadapter/v2" className="VideoOS.Management.Common.UnitTests.ExtensionMethods.StringExtensionsTests" name="RemoveControlCharsTest" />
    </UnitTest>
    <UnitTest name="EventDefinition_ModifyWithNoStateGroup" storage="d:\actions-runner\_work\xpco\xpco\corporate\commonapi\videoos.management.common.unittests\bin\debug\net472\videoos.management.common.unittests.dll" id="8e1edec1-7f6e-ac92-a31f-8280b3b1d3c9">
      <Execution id="8ff5d236-c3eb-496a-a985-1a23f4b17c43" />
      <TestMethod codeBase="D:\actions-runner\_work\XPCO\XPCO\Corporate\CommonAPI\VideoOS.Management.Common.UnitTests\bin\Debug\net472\VideoOS.Management.Common.UnitTests.dll" adapterTypeName="executor://mstestadapter/v2" className="VideoOS.Management.Common.UnitTests.EventDefinitionTests" name="EventDefinition_ModifyWithNoStateGroup" />
    </UnitTest>
    <UnitTest name="TaskError_ToXml_No_ResourceId_Serialized_Correctly" storage="d:\actions-runner\_work\xpco\xpco\corporate\commonapi\videoos.management.common.unittests\bin\debug\net472\videoos.management.common.unittests.dll" id="882ea91f-28cc-5911-ff61-4a2331948ab9">
      <Execution id="9611a446-f7c1-4d98-8a3b-cd78853b3bfb" />
      <TestMethod codeBase="D:\actions-runner\_work\XPCO\XPCO\Corporate\CommonAPI\VideoOS.Management.Common.UnitTests\bin\Debug\net472\VideoOS.Management.Common.UnitTests.dll" adapterTypeName="executor://mstestadapter/v2" className="VideoOS.Management.Common.UnitTests.TaskErrorUnitTests" name="TaskError_ToXml_No_ResourceId_Serialized_Correctly" />
    </UnitTest>
    <UnitTest name="GetPrivacyMaskFromXml_EmptyMask" storage="d:\actions-runner\_work\xpco\xpco\corporate\commonapi\videoos.management.common.unittests\bin\debug\net472\videoos.management.common.unittests.dll" id="e81c9e38-1dec-905f-b04d-4f60f0b1c384">
      <Execution id="889c9ab8-b3a1-4d6d-b4b4-a584231800b3" />
      <TestMethod codeBase="D:\actions-runner\_work\XPCO\XPCO\Corporate\CommonAPI\VideoOS.Management.Common.UnitTests\bin\Debug\net472\VideoOS.Management.Common.UnitTests.dll" adapterTypeName="executor://mstestadapter/v2" className="VideoOS.Management.Common.UnitTests.PrivacyMaskUnitTest" name="GetPrivacyMaskFromXml_EmptyMask" />
    </UnitTest>
    <UnitTest name="ConvertToInt_Success" storage="d:\actions-runner\_work\xpco\xpco\corporate\commonapi\videoos.management.common.unittests\bin\debug\net472\videoos.management.common.unittests.dll" id="90a4be35-e2c7-5c6a-ca3a-d9a55de74d5d">
      <Execution id="a71c167d-0f6e-4571-ba12-736f18edfa26" />
      <TestMethod codeBase="D:\actions-runner\_work\XPCO\XPCO\Corporate\CommonAPI\VideoOS.Management.Common.UnitTests\bin\Debug\net472\VideoOS.Management.Common.UnitTests.dll" adapterTypeName="executor://mstestadapter/v2" className="VideoOS.Management.Server.UnitTests.BusinessObjects.DeviceMotionUtils.DetectionMethodUnitTests" name="ConvertToInt_Success" />
    </UnitTest>
    <UnitTest name="NestedPropertyHelper_TryGetNestedPropertyName_WhiteSpaceName_ArgumentException" storage="d:\actions-runner\_work\xpco\xpco\corporate\commonapi\videoos.management.common.unittests\bin\debug\net472\videoos.management.common.unittests.dll" id="1c1975ac-6c6e-3f5a-db59-5d2d82b44a36">
      <Execution id="a1fb55f8-90ea-46a2-a88e-d7b01e87cc50" />
      <TestMethod codeBase="D:\actions-runner\_work\XPCO\XPCO\Corporate\CommonAPI\VideoOS.Management.Common.UnitTests\bin\Debug\net472\VideoOS.Management.Common.UnitTests.dll" adapterTypeName="executor://mstestadapter/v2" className="VideoOS.Management.Common.UnitTests.NestedPropertyHelperTests" name="NestedPropertyHelper_TryGetNestedPropertyName_WhiteSpaceName_ArgumentException" />
    </UnitTest>
    <UnitTest name="ConvertToProcessTime_Success" storage="d:\actions-runner\_work\xpco\xpco\corporate\commonapi\videoos.management.common.unittests\bin\debug\net472\videoos.management.common.unittests.dll" id="4b6ad355-4290-ee92-30aa-744c6e4d08c5">
      <Execution id="6f267ee7-2c38-4115-9a6f-ffb39db4baff" />
      <TestMethod codeBase="D:\actions-runner\_work\XPCO\XPCO\Corporate\CommonAPI\VideoOS.Management.Common.UnitTests\bin\Debug\net472\VideoOS.Management.Common.UnitTests.dll" adapterTypeName="executor://mstestadapter/v2" className="VideoOS.Management.Server.UnitTests.BusinessObjects.ProcessTimeUnitTests" name="ConvertToProcessTime_Success" />
    </UnitTest>
    <UnitTest name="EventDefinition_Modify" storage="d:\actions-runner\_work\xpco\xpco\corporate\commonapi\videoos.management.common.unittests\bin\debug\net472\videoos.management.common.unittests.dll" id="2d503272-f502-3299-cb48-8f88fbfb5332">
      <Execution id="e1938dd7-1530-4328-875b-0feabb1ee261" />
      <TestMethod codeBase="D:\actions-runner\_work\XPCO\XPCO\Corporate\CommonAPI\VideoOS.Management.Common.UnitTests\bin\Debug\net472\VideoOS.Management.Common.UnitTests.dll" adapterTypeName="executor://mstestadapter/v2" className="VideoOS.Management.Common.UnitTests.EventDefinitionTests" name="EventDefinition_Modify" />
    </UnitTest>
    <UnitTest name="NestedPropertyHelper_FormatNestedPropertyName_EmptyName_ArgumentException" storage="d:\actions-runner\_work\xpco\xpco\corporate\commonapi\videoos.management.common.unittests\bin\debug\net472\videoos.management.common.unittests.dll" id="4439bf50-4700-5306-fd95-c4df8561f625">
      <Execution id="1f05c877-80e9-4033-88a2-15e59cfc243e" />
      <TestMethod codeBase="D:\actions-runner\_work\XPCO\XPCO\Corporate\CommonAPI\VideoOS.Management.Common.UnitTests\bin\Debug\net472\VideoOS.Management.Common.UnitTests.dll" adapterTypeName="executor://mstestadapter/v2" className="VideoOS.Management.Common.UnitTests.NestedPropertyHelperTests" name="NestedPropertyHelper_FormatNestedPropertyName_EmptyName_ArgumentException" />
    </UnitTest>
    <UnitTest name="ConvertToInt_InvalidNumber_Default_Expected_Success" storage="d:\actions-runner\_work\xpco\xpco\corporate\commonapi\videoos.management.common.unittests\bin\debug\net472\videoos.management.common.unittests.dll" id="caece4eb-6f1c-24a4-7032-7e24377ac199">
      <Execution id="da482187-5037-47a5-aa61-38c3010a5e90" />
      <TestMethod codeBase="D:\actions-runner\_work\XPCO\XPCO\Corporate\CommonAPI\VideoOS.Management.Common.UnitTests\bin\Debug\net472\VideoOS.Management.Common.UnitTests.dll" adapterTypeName="executor://mstestadapter/v2" className="VideoOS.Management.Server.UnitTests.BusinessObjects.DeviceMotionUtils.DetectionMethodUnitTests" name="ConvertToInt_InvalidNumber_Default_Expected_Success" />
    </UnitTest>
    <UnitTest name="TrimAndRemoveControlCharsNull" storage="d:\actions-runner\_work\xpco\xpco\corporate\commonapi\videoos.management.common.unittests\bin\debug\net472\videoos.management.common.unittests.dll" id="8ec422b9-3ad1-d606-42b8-75e0ad25c07a">
      <Execution id="42e4ec09-c7b0-4f62-96a1-fd9df3d441a1" />
      <TestMethod codeBase="D:\actions-runner\_work\XPCO\XPCO\Corporate\CommonAPI\VideoOS.Management.Common.UnitTests\bin\Debug\net472\VideoOS.Management.Common.UnitTests.dll" adapterTypeName="executor://mstestadapter/v2" className="VideoOS.Management.Common.UnitTests.ExtensionMethods.StringExtensionsTests" name="TrimAndRemoveControlCharsNull" />
    </UnitTest>
    <UnitTest name="IsGuidTestNull" storage="d:\actions-runner\_work\xpco\xpco\corporate\commonapi\videoos.management.common.unittests\bin\debug\net472\videoos.management.common.unittests.dll" id="6716d2ac-3134-42cf-ef61-ccb68c5e0d55">
      <Execution id="c22cabb8-cf63-4aa9-9e28-b30226f07533" />
      <TestMethod codeBase="D:\actions-runner\_work\XPCO\XPCO\Corporate\CommonAPI\VideoOS.Management.Common.UnitTests\bin\Debug\net472\VideoOS.Management.Common.UnitTests.dll" adapterTypeName="executor://mstestadapter/v2" className="VideoOS.Management.Common.UnitTests.ExtensionMethods.StringExtensionsTests" name="IsGuidTestNull" />
    </UnitTest>
    <UnitTest name="DeviceTypeInfo_IsRecordingDevice_Success" storage="d:\actions-runner\_work\xpco\xpco\corporate\commonapi\videoos.management.common.unittests\bin\debug\net472\videoos.management.common.unittests.dll" id="3dab1d5a-b2e4-fb94-b594-593da7066a3a">
      <Execution id="7fc1f40d-555f-483c-9312-ce0aafe404ff" />
      <TestMethod codeBase="D:\actions-runner\_work\XPCO\XPCO\Corporate\CommonAPI\VideoOS.Management.Common.UnitTests\bin\Debug\net472\VideoOS.Management.Common.UnitTests.dll" adapterTypeName="executor://mstestadapter/v2" className="VideoOS.Management.Common.UnitTests.DeviceTypeInfoUnitTests" name="DeviceTypeInfo_IsRecordingDevice_Success" />
    </UnitTest>
    <UnitTest name="ConvertToDetectionMethod_InvalidNumber_Default_Expected_Success" storage="d:\actions-runner\_work\xpco\xpco\corporate\commonapi\videoos.management.common.unittests\bin\debug\net472\videoos.management.common.unittests.dll" id="67473bc5-32ce-aabc-ce4f-fee6a8a0a8cf">
      <Execution id="e5ef0055-956c-4d17-8a77-4dca15c8b113" />
      <TestMethod codeBase="D:\actions-runner\_work\XPCO\XPCO\Corporate\CommonAPI\VideoOS.Management.Common.UnitTests\bin\Debug\net472\VideoOS.Management.Common.UnitTests.dll" adapterTypeName="executor://mstestadapter/v2" className="VideoOS.Management.Server.UnitTests.BusinessObjects.DeviceMotionUtils.DetectionMethodUnitTests" name="ConvertToDetectionMethod_InvalidNumber_Default_Expected_Success" />
    </UnitTest>
    <UnitTest name="CorporateProductCodes_GetProductCodes_NullInput_ThrowsException" storage="d:\actions-runner\_work\xpco\xpco\corporate\commonapi\videoos.management.common.unittests\bin\debug\net472\videoos.management.common.unittests.dll" id="76e675ce-aeb7-2988-0cf9-b0a9546b75af">
      <Execution id="c10e1a0e-dd0b-4425-b750-3c0995f7a497" />
      <TestMethod codeBase="D:\actions-runner\_work\XPCO\XPCO\Corporate\CommonAPI\VideoOS.Management.Common.UnitTests\bin\Debug\net472\VideoOS.Management.Common.UnitTests.dll" adapterTypeName="executor://mstestadapter/v2" className="VideoOS.Management.Common.UnitTests.CorporateProductCodesTests" name="CorporateProductCodes_GetProductCodes_NullInput_ThrowsException" />
    </UnitTest>
    <UnitTest name="ServerCredentialsUnitTests_GetFromXml_Success" storage="d:\actions-runner\_work\xpco\xpco\corporate\commonapi\videoos.management.common.unittests\bin\debug\net472\videoos.management.common.unittests.dll" id="b075a10e-5ca1-f9d5-f244-1272d3fa58ee">
      <Execution id="95d7a533-7807-437d-b2d1-2298fbed241c" />
      <TestMethod codeBase="D:\actions-runner\_work\XPCO\XPCO\Corporate\CommonAPI\VideoOS.Management.Common.UnitTests\bin\Debug\net472\VideoOS.Management.Common.UnitTests.dll" adapterTypeName="executor://mstestadapter/v2" className="VideoOS.Management.Common.UnitTests.ServerCredentialsUnitTests" name="ServerCredentialsUnitTests_GetFromXml_Success" />
    </UnitTest>
    <UnitTest name="NestedPropertyHelper_TryGetNestedPropertyName_EmptyName_ArgumentException" storage="d:\actions-runner\_work\xpco\xpco\corporate\commonapi\videoos.management.common.unittests\bin\debug\net472\videoos.management.common.unittests.dll" id="4ee3af75-3d32-4ea8-063b-f4bba50bf321">
      <Execution id="53af0bb3-33c8-4c24-8ae9-0e018300bbdf" />
      <TestMethod codeBase="D:\actions-runner\_work\XPCO\XPCO\Corporate\CommonAPI\VideoOS.Management.Common.UnitTests\bin\Debug\net472\VideoOS.Management.Common.UnitTests.dll" adapterTypeName="executor://mstestadapter/v2" className="VideoOS.Management.Common.UnitTests.NestedPropertyHelperTests" name="NestedPropertyHelper_TryGetNestedPropertyName_EmptyName_ArgumentException" />
    </UnitTest>
    <UnitTest name="ConvertTwoDimensionalIndexesToOneDimensional_Y_Is_Larger_Than_Dimension" storage="d:\actions-runner\_work\xpco\xpco\corporate\commonapi\videoos.management.common.unittests\bin\debug\net472\videoos.management.common.unittests.dll" id="1655a58f-82cd-dfaa-f818-6210834795ce">
      <Execution id="2b611063-afc5-42be-8c1b-110fe5b3597f" />
      <TestMethod codeBase="D:\actions-runner\_work\XPCO\XPCO\Corporate\CommonAPI\VideoOS.Management.Common.UnitTests\bin\Debug\net472\VideoOS.Management.Common.UnitTests.dll" adapterTypeName="executor://mstestadapter/v2" className="VideoOS.Management.Common.UnitTests.GridUtilityUnitTests" name="ConvertTwoDimensionalIndexesToOneDimensional_Y_Is_Larger_Than_Dimension" />
    </UnitTest>
    <UnitTest name="SetPrivacyMaskMultipleCells" storage="d:\actions-runner\_work\xpco\xpco\corporate\commonapi\videoos.management.common.unittests\bin\debug\net472\videoos.management.common.unittests.dll" id="0c573ef2-cc3a-5c08-ff6f-cbf662d6d6f2">
      <Execution id="ba838a44-3205-49a5-a252-237455ad03e5" />
      <TestMethod codeBase="D:\actions-runner\_work\XPCO\XPCO\Corporate\CommonAPI\VideoOS.Management.Common.UnitTests\bin\Debug\net472\VideoOS.Management.Common.UnitTests.dll" adapterTypeName="executor://mstestadapter/v2" className="VideoOS.Management.Common.UnitTests.PrivacyMaskUnitTest" name="SetPrivacyMaskMultipleCells" />
    </UnitTest>
    <UnitTest name="ConvertTwoDimensionalIndexesToOneDimensional_X_Is_Larger_Than_Dimension" storage="d:\actions-runner\_work\xpco\xpco\corporate\commonapi\videoos.management.common.unittests\bin\debug\net472\videoos.management.common.unittests.dll" id="a0663979-f3fe-02fe-cfb5-57e444822a55">
      <Execution id="cceb711a-c973-4d30-98a7-c9d40035cc75" />
      <TestMethod codeBase="D:\actions-runner\_work\XPCO\XPCO\Corporate\CommonAPI\VideoOS.Management.Common.UnitTests\bin\Debug\net472\VideoOS.Management.Common.UnitTests.dll" adapterTypeName="executor://mstestadapter/v2" className="VideoOS.Management.Common.UnitTests.GridUtilityUnitTests" name="ConvertTwoDimensionalIndexesToOneDimensional_X_Is_Larger_Than_Dimension" />
    </UnitTest>
    <UnitTest name="ConvertToInt_InvalidNumber_Default_Expected_Success" storage="d:\actions-runner\_work\xpco\xpco\corporate\commonapi\videoos.management.common.unittests\bin\debug\net472\videoos.management.common.unittests.dll" id="55900663-5ffb-ae1b-f271-79db886ed37b">
      <Execution id="f00bd4bf-aa22-4574-bbed-0f5a182f2329" />
      <TestMethod codeBase="D:\actions-runner\_work\XPCO\XPCO\Corporate\CommonAPI\VideoOS.Management.Common.UnitTests\bin\Debug\net472\VideoOS.Management.Common.UnitTests.dll" adapterTypeName="executor://mstestadapter/v2" className="VideoOS.Management.Common.UnitTests.HardwareAccelerationModeUnitTests" name="ConvertToInt_InvalidNumber_Default_Expected_Success" />
    </UnitTest>
    <UnitTest name="ConvertToInt_InvalidNumber_Default_Expected_Success" storage="d:\actions-runner\_work\xpco\xpco\corporate\commonapi\videoos.management.common.unittests\bin\debug\net472\videoos.management.common.unittests.dll" id="069f80b7-68ce-0dbf-49a9-88037b3210bc">
      <Execution id="061c8489-595f-4401-b6ac-69a66fc0fd2c" />
      <TestMethod codeBase="D:\actions-runner\_work\XPCO\XPCO\Corporate\CommonAPI\VideoOS.Management.Common.UnitTests\bin\Debug\net472\VideoOS.Management.Common.UnitTests.dll" adapterTypeName="executor://mstestadapter/v2" className="VideoOS.Management.Server.UnitTests.BusinessObjects.ProcessTimeUnitTests" name="ConvertToInt_InvalidNumber_Default_Expected_Success" />
    </UnitTest>
    <UnitTest name="ConvertToDetectionMethod_Success" storage="d:\actions-runner\_work\xpco\xpco\corporate\commonapi\videoos.management.common.unittests\bin\debug\net472\videoos.management.common.unittests.dll" id="2d5cd7fa-cf05-f590-40f1-040770f81bef">
      <Execution id="33dc5d1e-d7d5-4ef6-899f-8d5678665bc9" />
      <TestMethod codeBase="D:\actions-runner\_work\XPCO\XPCO\Corporate\CommonAPI\VideoOS.Management.Common.UnitTests\bin\Debug\net472\VideoOS.Management.Common.UnitTests.dll" adapterTypeName="executor://mstestadapter/v2" className="VideoOS.Management.Server.UnitTests.BusinessObjects.DeviceMotionUtils.DetectionMethodUnitTests" name="ConvertToDetectionMethod_Success" />
    </UnitTest>
    <UnitTest name="ServerCredentialsUnitTests_GetFromXml_Null_Success" storage="d:\actions-runner\_work\xpco\xpco\corporate\commonapi\videoos.management.common.unittests\bin\debug\net472\videoos.management.common.unittests.dll" id="8566c2b2-0527-0103-e53d-0a91dfbc88d2">
      <Execution id="2fb7def3-e891-4d7e-8686-42a71473944e" />
      <TestMethod codeBase="D:\actions-runner\_work\XPCO\XPCO\Corporate\CommonAPI\VideoOS.Management.Common.UnitTests\bin\Debug\net472\VideoOS.Management.Common.UnitTests.dll" adapterTypeName="executor://mstestadapter/v2" className="VideoOS.Management.Common.UnitTests.ServerCredentialsUnitTests" name="ServerCredentialsUnitTests_GetFromXml_Null_Success" />
    </UnitTest>
    <UnitTest name="GetPrivacyMaskAsXml" storage="d:\actions-runner\_work\xpco\xpco\corporate\commonapi\videoos.management.common.unittests\bin\debug\net472\videoos.management.common.unittests.dll" id="6ce9f66b-c97b-b76c-15d7-ec42fc5d4e16">
      <Execution id="557ee410-b169-4939-8872-9741df533550" />
      <TestMethod codeBase="D:\actions-runner\_work\XPCO\XPCO\Corporate\CommonAPI\VideoOS.Management.Common.UnitTests\bin\Debug\net472\VideoOS.Management.Common.UnitTests.dll" adapterTypeName="executor://mstestadapter/v2" className="VideoOS.Management.Common.UnitTests.PrivacyMaskUnitTest" name="GetPrivacyMaskAsXml" />
    </UnitTest>
    <UnitTest name="GetPrivacyMaskFromXml_NullXmlTest" storage="d:\actions-runner\_work\xpco\xpco\corporate\commonapi\videoos.management.common.unittests\bin\debug\net472\videoos.management.common.unittests.dll" id="03623595-5184-255e-bb44-f5ffce862897">
      <Execution id="d03c6bea-a8bd-4d87-aae6-0ec942b012d0" />
      <TestMethod codeBase="D:\actions-runner\_work\XPCO\XPCO\Corporate\CommonAPI\VideoOS.Management.Common.UnitTests\bin\Debug\net472\VideoOS.Management.Common.UnitTests.dll" adapterTypeName="executor://mstestadapter/v2" className="VideoOS.Management.Common.UnitTests.PrivacyMaskUnitTest" name="GetPrivacyMaskFromXml_NullXmlTest" />
    </UnitTest>
    <UnitTest name="ConvertToGridSize_InvalidNumber_Default_Expected_Success" storage="d:\actions-runner\_work\xpco\xpco\corporate\commonapi\videoos.management.common.unittests\bin\debug\net472\videoos.management.common.unittests.dll" id="0090badb-9d50-b7b1-4ee4-1a42dc925e0c">
      <Execution id="116ccd32-9a41-4e16-94f3-df942cfba1dc" />
      <TestMethod codeBase="D:\actions-runner\_work\XPCO\XPCO\Corporate\CommonAPI\VideoOS.Management.Common.UnitTests\bin\Debug\net472\VideoOS.Management.Common.UnitTests.dll" adapterTypeName="executor://mstestadapter/v2" className="VideoOS.Management.Common.UnitTests.BusinessObjects.DeviceMotionUtils.GridSizeUnitTests" name="ConvertToGridSize_InvalidNumber_Default_Expected_Success" />
    </UnitTest>
    <UnitTest name="ServerCredentialsUnitTests_GetAsXml_ServerCameraCredentialArray_ArgumentNull" storage="d:\actions-runner\_work\xpco\xpco\corporate\commonapi\videoos.management.common.unittests\bin\debug\net472\videoos.management.common.unittests.dll" id="6453653b-0163-a699-39b7-69fa5bbd12b8">
      <Execution id="2dd97387-516f-42f9-951e-51da357e3870" />
      <TestMethod codeBase="D:\actions-runner\_work\XPCO\XPCO\Corporate\CommonAPI\VideoOS.Management.Common.UnitTests\bin\Debug\net472\VideoOS.Management.Common.UnitTests.dll" adapterTypeName="executor://mstestadapter/v2" className="VideoOS.Management.Common.UnitTests.ServerCredentialsUnitTests" name="ServerCredentialsUnitTests_GetAsXml_ServerCameraCredentialArray_ArgumentNull" />
    </UnitTest>
    <UnitTest name="NestedPropertyHelper_IsNestedPropertyName_Success" storage="d:\actions-runner\_work\xpco\xpco\corporate\commonapi\videoos.management.common.unittests\bin\debug\net472\videoos.management.common.unittests.dll" id="d0d055c1-2827-c9f5-2cea-7262b30681b5">
      <Execution id="62c421e9-c36f-4e40-940b-84c01605d2ca" />
      <TestMethod codeBase="D:\actions-runner\_work\XPCO\XPCO\Corporate\CommonAPI\VideoOS.Management.Common.UnitTests\bin\Debug\net472\VideoOS.Management.Common.UnitTests.dll" adapterTypeName="executor://mstestadapter/v2" className="VideoOS.Management.Common.UnitTests.NestedPropertyHelperTests" name="NestedPropertyHelper_IsNestedPropertyName_Success" />
    </UnitTest>
    <UnitTest name="ToGuidFailed" storage="d:\actions-runner\_work\xpco\xpco\corporate\commonapi\videoos.management.common.unittests\bin\debug\net472\videoos.management.common.unittests.dll" id="5daf3a73-fd93-3c8b-0382-76d7d7b33fc9">
      <Execution id="ed0c0953-1d0c-4fdd-96e1-7c00b91a9c61" />
      <TestMethod codeBase="D:\actions-runner\_work\XPCO\XPCO\Corporate\CommonAPI\VideoOS.Management.Common.UnitTests\bin\Debug\net472\VideoOS.Management.Common.UnitTests.dll" adapterTypeName="executor://mstestadapter/v2" className="VideoOS.Management.Common.UnitTests.ExtensionMethods.StringExtensionsTests" name="ToGuidFailed" />
    </UnitTest>
    <UnitTest name="TryParseFailed" storage="d:\actions-runner\_work\xpco\xpco\corporate\commonapi\videoos.management.common.unittests\bin\debug\net472\videoos.management.common.unittests.dll" id="4c13ce60-5293-4111-36b5-e35224527878">
      <Execution id="86f46860-e4ff-4444-afee-cd8e63276374" />
      <TestMethod codeBase="D:\actions-runner\_work\XPCO\XPCO\Corporate\CommonAPI\VideoOS.Management.Common.UnitTests\bin\Debug\net472\VideoOS.Management.Common.UnitTests.dll" adapterTypeName="executor://mstestadapter/v2" className="VideoOS.Management.Common.UnitTests.ExtensionMethods.StringExtensionsTests" name="TryParseFailed" />
    </UnitTest>
    <UnitTest name="GetPrivacyMaskFromXml_UnknownMethodIdTest" storage="d:\actions-runner\_work\xpco\xpco\corporate\commonapi\videoos.management.common.unittests\bin\debug\net472\videoos.management.common.unittests.dll" id="37dcfbb4-93cd-3d47-6264-adcf2814bf97">
      <Execution id="dde05831-1563-445d-a1dc-71f16500bc92" />
      <TestMethod codeBase="D:\actions-runner\_work\XPCO\XPCO\Corporate\CommonAPI\VideoOS.Management.Common.UnitTests\bin\Debug\net472\VideoOS.Management.Common.UnitTests.dll" adapterTypeName="executor://mstestadapter/v2" className="VideoOS.Management.Common.UnitTests.PrivacyMaskUnitTest" name="GetPrivacyMaskFromXml_UnknownMethodIdTest" />
    </UnitTest>
    <UnitTest name="SetGridSize_initialize_Is_Null_Exception_Expected" storage="d:\actions-runner\_work\xpco\xpco\corporate\commonapi\videoos.management.common.unittests\bin\debug\net472\videoos.management.common.unittests.dll" id="5744899b-250c-f37f-a63c-d158648a0e52">
      <Execution id="22db7c96-a973-48e0-9e2c-095f042eafd2" />
      <TestMethod codeBase="D:\actions-runner\_work\XPCO\XPCO\Corporate\CommonAPI\VideoOS.Management.Common.UnitTests\bin\Debug\net472\VideoOS.Management.Common.UnitTests.dll" adapterTypeName="executor://mstestadapter/v2" className="VideoOS.Management.Common.UnitTests.BusinessObjects.DeviceMotionUtils.GridSizeUnitTests" name="SetGridSize_initialize_Is_Null_Exception_Expected" />
    </UnitTest>
    <UnitTest name="ToGuidTestSuccess" storage="d:\actions-runner\_work\xpco\xpco\corporate\commonapi\videoos.management.common.unittests\bin\debug\net472\videoos.management.common.unittests.dll" id="e143ad55-be30-be27-2198-bf27999b462d">
      <Execution id="3e705ecf-eea6-4be7-b559-7f9944358b6d" />
      <TestMethod codeBase="D:\actions-runner\_work\XPCO\XPCO\Corporate\CommonAPI\VideoOS.Management.Common.UnitTests\bin\Debug\net472\VideoOS.Management.Common.UnitTests.dll" adapterTypeName="executor://mstestadapter/v2" className="VideoOS.Management.Common.UnitTests.ExtensionMethods.StringExtensionsTests" name="ToGuidTestSuccess" />
    </UnitTest>
    <UnitTest name="TaskWarning_FromXml_Can_Read_Initial_Format" storage="d:\actions-runner\_work\xpco\xpco\corporate\commonapi\videoos.management.common.unittests\bin\debug\net472\videoos.management.common.unittests.dll" id="38778c86-8f06-c771-6326-084dcf9e7ce7">
      <Execution id="cd0e238c-d4a7-4ba0-94c7-a31ce24177b6" />
      <TestMethod codeBase="D:\actions-runner\_work\XPCO\XPCO\Corporate\CommonAPI\VideoOS.Management.Common.UnitTests\bin\Debug\net472\VideoOS.Management.Common.UnitTests.dll" adapterTypeName="executor://mstestadapter/v2" className="VideoOS.Management.Common.UnitTests.TaskWarningUnitTests" name="TaskWarning_FromXml_Can_Read_Initial_Format" />
    </UnitTest>
    <UnitTest name="NestedPropertyHelper_IsNestedPropertyName_WhiteSpaceName_ArgumentException" storage="d:\actions-runner\_work\xpco\xpco\corporate\commonapi\videoos.management.common.unittests\bin\debug\net472\videoos.management.common.unittests.dll" id="d4d350d3-c8d0-e20b-a69c-867669933688">
      <Execution id="a1b93fde-f668-4ef9-80f5-2fdd12300173" />
      <TestMethod codeBase="D:\actions-runner\_work\XPCO\XPCO\Corporate\CommonAPI\VideoOS.Management.Common.UnitTests\bin\Debug\net472\VideoOS.Management.Common.UnitTests.dll" adapterTypeName="executor://mstestadapter/v2" className="VideoOS.Management.Common.UnitTests.NestedPropertyHelperTests" name="NestedPropertyHelper_IsNestedPropertyName_WhiteSpaceName_ArgumentException" />
    </UnitTest>
    <UnitTest name="ServerCredentialsUnitTests_GetAsXml_ServerCameraCredentials_ArgumentNull" storage="d:\actions-runner\_work\xpco\xpco\corporate\commonapi\videoos.management.common.unittests\bin\debug\net472\videoos.management.common.unittests.dll" id="793f10c3-77a8-a120-88a6-cc1dfcbad8a7">
      <Execution id="9a8ec778-4aaf-4f55-bb9f-ce3a257b2838" />
      <TestMethod codeBase="D:\actions-runner\_work\XPCO\XPCO\Corporate\CommonAPI\VideoOS.Management.Common.UnitTests\bin\Debug\net472\VideoOS.Management.Common.UnitTests.dll" adapterTypeName="executor://mstestadapter/v2" className="VideoOS.Management.Common.UnitTests.ServerCredentialsUnitTests" name="ServerCredentialsUnitTests_GetAsXml_ServerCameraCredentials_ArgumentNull" />
    </UnitTest>
    <UnitTest name="GetPrivacyMaskFromXml_DuplicateMethodIdsTest" storage="d:\actions-runner\_work\xpco\xpco\corporate\commonapi\videoos.management.common.unittests\bin\debug\net472\videoos.management.common.unittests.dll" id="1ad8a57f-1901-4fc6-6171-3b9a718512cd">
      <Execution id="2ef23827-1f0f-4fe9-b1c3-dd55b5bd6af8" />
      <TestMethod codeBase="D:\actions-runner\_work\XPCO\XPCO\Corporate\CommonAPI\VideoOS.Management.Common.UnitTests\bin\Debug\net472\VideoOS.Management.Common.UnitTests.dll" adapterTypeName="executor://mstestadapter/v2" className="VideoOS.Management.Common.UnitTests.PrivacyMaskUnitTest" name="GetPrivacyMaskFromXml_DuplicateMethodIdsTest" />
    </UnitTest>
    <UnitTest name="CorporateProductCodes_GetProductCodes_UnknownProductCode" storage="d:\actions-runner\_work\xpco\xpco\corporate\commonapi\videoos.management.common.unittests\bin\debug\net472\videoos.management.common.unittests.dll" id="de38ffcb-9efb-c16b-04bb-70b26e4003fa">
      <Execution id="d7797998-423c-406d-8bc9-f3d69f76eb54" />
      <TestMethod codeBase="D:\actions-runner\_work\XPCO\XPCO\Corporate\CommonAPI\VideoOS.Management.Common.UnitTests\bin\Debug\net472\VideoOS.Management.Common.UnitTests.dll" adapterTypeName="executor://mstestadapter/v2" className="VideoOS.Management.Common.UnitTests.CorporateProductCodesTests" name="CorporateProductCodes_GetProductCodes_UnknownProductCode" />
    </UnitTest>
    <UnitTest name="CalculateGridLength_Success" storage="d:\actions-runner\_work\xpco\xpco\corporate\commonapi\videoos.management.common.unittests\bin\debug\net472\videoos.management.common.unittests.dll" id="769e77f8-1c20-6f74-1e65-1d738cf9bb80">
      <Execution id="312f912f-8e79-4961-b130-b73cfc6ae92c" />
      <TestMethod codeBase="D:\actions-runner\_work\XPCO\XPCO\Corporate\CommonAPI\VideoOS.Management.Common.UnitTests\bin\Debug\net472\VideoOS.Management.Common.UnitTests.dll" adapterTypeName="executor://mstestadapter/v2" className="VideoOS.Management.Common.UnitTests.BusinessObjects.DeviceMotionUtils.GridSizeUnitTests" name="CalculateGridLength_Success" />
    </UnitTest>
    <UnitTest name="IsGuidTestFailed" storage="d:\actions-runner\_work\xpco\xpco\corporate\commonapi\videoos.management.common.unittests\bin\debug\net472\videoos.management.common.unittests.dll" id="20ac15c7-89b3-c614-b606-49d377992b00">
      <Execution id="7e199150-f79f-492a-8a75-f1f5ee8fa937" />
      <TestMethod codeBase="D:\actions-runner\_work\XPCO\XPCO\Corporate\CommonAPI\VideoOS.Management.Common.UnitTests\bin\Debug\net472\VideoOS.Management.Common.UnitTests.dll" adapterTypeName="executor://mstestadapter/v2" className="VideoOS.Management.Common.UnitTests.ExtensionMethods.StringExtensionsTests" name="IsGuidTestFailed" />
    </UnitTest>
    <UnitTest name="RemoveControlCharsTestNull" storage="d:\actions-runner\_work\xpco\xpco\corporate\commonapi\videoos.management.common.unittests\bin\debug\net472\videoos.management.common.unittests.dll" id="bca42966-9fbb-5c1c-b1e2-945c838a37e2">
      <Execution id="2e89f059-7313-4648-bad0-1f7f2a0a345e" />
      <TestMethod codeBase="D:\actions-runner\_work\XPCO\XPCO\Corporate\CommonAPI\VideoOS.Management.Common.UnitTests\bin\Debug\net472\VideoOS.Management.Common.UnitTests.dll" adapterTypeName="executor://mstestadapter/v2" className="VideoOS.Management.Common.UnitTests.ExtensionMethods.StringExtensionsTests" name="RemoveControlCharsTestNull" />
    </UnitTest>
    <UnitTest name="IsGuidTestSuccess" storage="d:\actions-runner\_work\xpco\xpco\corporate\commonapi\videoos.management.common.unittests\bin\debug\net472\videoos.management.common.unittests.dll" id="fba0f473-7041-e30a-c5d2-9ca9407b0bf6">
      <Execution id="e7a2fab4-7fc9-4f81-b0ff-9a72a0686c4e" />
      <TestMethod codeBase="D:\actions-runner\_work\XPCO\XPCO\Corporate\CommonAPI\VideoOS.Management.Common.UnitTests\bin\Debug\net472\VideoOS.Management.Common.UnitTests.dll" adapterTypeName="executor://mstestadapter/v2" className="VideoOS.Management.Common.UnitTests.ExtensionMethods.StringExtensionsTests" name="IsGuidTestSuccess" />
    </UnitTest>
    <UnitTest name="EventDefinition_XMLConstruct" storage="d:\actions-runner\_work\xpco\xpco\corporate\commonapi\videoos.management.common.unittests\bin\debug\net472\videoos.management.common.unittests.dll" id="1919d23e-6873-4d53-05b5-96ba71f62e0f">
      <Execution id="f0df5a50-c897-42b1-8284-db0b5c91a5e5" />
      <TestMethod codeBase="D:\actions-runner\_work\XPCO\XPCO\Corporate\CommonAPI\VideoOS.Management.Common.UnitTests\bin\Debug\net472\VideoOS.Management.Common.UnitTests.dll" adapterTypeName="executor://mstestadapter/v2" className="VideoOS.Management.Common.UnitTests.EventDefinitionTests" name="EventDefinition_XMLConstruct" />
    </UnitTest>
    <UnitTest name="SetGridSize_increaseNumberOfCells_Is_Null_Exception_Expected" storage="d:\actions-runner\_work\xpco\xpco\corporate\commonapi\videoos.management.common.unittests\bin\debug\net472\videoos.management.common.unittests.dll" id="1f87df04-703b-f6b4-3a53-f81d5fc16c67">
      <Execution id="9c8edb6c-8d97-411f-a553-7d668c6aa9b8" />
      <TestMethod codeBase="D:\actions-runner\_work\XPCO\XPCO\Corporate\CommonAPI\VideoOS.Management.Common.UnitTests\bin\Debug\net472\VideoOS.Management.Common.UnitTests.dll" adapterTypeName="executor://mstestadapter/v2" className="VideoOS.Management.Common.UnitTests.BusinessObjects.DeviceMotionUtils.GridSizeUnitTests" name="SetGridSize_increaseNumberOfCells_Is_Null_Exception_Expected" />
    </UnitTest>
    <UnitTest name="RemovePrivacyMaskCell" storage="d:\actions-runner\_work\xpco\xpco\corporate\commonapi\videoos.management.common.unittests\bin\debug\net472\videoos.management.common.unittests.dll" id="4339f1c0-e66e-ce84-7db2-5484001bba6c">
      <Execution id="b53078fd-78a6-40fd-8a65-352dfe8894b0" />
      <TestMethod codeBase="D:\actions-runner\_work\XPCO\XPCO\Corporate\CommonAPI\VideoOS.Management.Common.UnitTests\bin\Debug\net472\VideoOS.Management.Common.UnitTests.dll" adapterTypeName="executor://mstestadapter/v2" className="VideoOS.Management.Common.UnitTests.PrivacyMaskUnitTest" name="RemovePrivacyMaskCell" />
    </UnitTest>
    <UnitTest name="TrimAndRemoveControlCharsKeepWhitespaceCharsNull" storage="d:\actions-runner\_work\xpco\xpco\corporate\commonapi\videoos.management.common.unittests\bin\debug\net472\videoos.management.common.unittests.dll" id="3ad2726a-8824-88f7-1608-59e26678827a">
      <Execution id="cafc475c-d23a-418e-8765-48559ac905f8" />
      <TestMethod codeBase="D:\actions-runner\_work\XPCO\XPCO\Corporate\CommonAPI\VideoOS.Management.Common.UnitTests\bin\Debug\net472\VideoOS.Management.Common.UnitTests.dll" adapterTypeName="executor://mstestadapter/v2" className="VideoOS.Management.Common.UnitTests.ExtensionMethods.StringExtensionsTests" name="TrimAndRemoveControlCharsKeepWhitespaceCharsNull" />
    </UnitTest>
    <UnitTest name="ServerCredentialsUnitTests_GetAsXml_ServerCameraCredentialArray_Success" storage="d:\actions-runner\_work\xpco\xpco\corporate\commonapi\videoos.management.common.unittests\bin\debug\net472\videoos.management.common.unittests.dll" id="1127995a-f652-d9c5-d666-e4480805eaa4">
      <Execution id="2e92cee7-8674-4280-bf2c-68bba8ba4528" />
      <TestMethod codeBase="D:\actions-runner\_work\XPCO\XPCO\Corporate\CommonAPI\VideoOS.Management.Common.UnitTests\bin\Debug\net472\VideoOS.Management.Common.UnitTests.dll" adapterTypeName="executor://mstestadapter/v2" className="VideoOS.Management.Common.UnitTests.ServerCredentialsUnitTests" name="ServerCredentialsUnitTests_GetAsXml_ServerCameraCredentialArray_Success" />
    </UnitTest>
    <UnitTest name="NestedPropertyHelper_FormatNestedPropertyName_NameStartsWithDollar_ArgumentException" storage="d:\actions-runner\_work\xpco\xpco\corporate\commonapi\videoos.management.common.unittests\bin\debug\net472\videoos.management.common.unittests.dll" id="421a56de-5d17-1327-8557-9949a751924e">
      <Execution id="05291a84-c739-451e-9991-adab1a9b9ef8" />
      <TestMethod codeBase="D:\actions-runner\_work\XPCO\XPCO\Corporate\CommonAPI\VideoOS.Management.Common.UnitTests\bin\Debug\net472\VideoOS.Management.Common.UnitTests.dll" adapterTypeName="executor://mstestadapter/v2" className="VideoOS.Management.Common.UnitTests.NestedPropertyHelperTests" name="NestedPropertyHelper_FormatNestedPropertyName_NameStartsWithDollar_ArgumentException" />
    </UnitTest>
    <UnitTest name="MoveHardwareTaskResult_Serialization_No_Warnings_Success" storage="d:\actions-runner\_work\xpco\xpco\corporate\commonapi\videoos.management.common.unittests\bin\debug\net472\videoos.management.common.unittests.dll" id="8815b8fc-a38c-3954-d8a0-8fcab25a9731">
      <Execution id="67298e5b-72d1-47d6-b21d-ffe8943e774b" />
      <TestMethod codeBase="D:\actions-runner\_work\XPCO\XPCO\Corporate\CommonAPI\VideoOS.Management.Common.UnitTests\bin\Debug\net472\VideoOS.Management.Common.UnitTests.dll" adapterTypeName="executor://mstestadapter/v2" className="VideoOS.Management.Common.UnitTests.MoveHardwareTaskResultUnitTests" name="MoveHardwareTaskResult_Serialization_No_Warnings_Success" />
    </UnitTest>
    <UnitTest name="SetGridSize_GridSize16x16_Same_Size_As_Original_Success" storage="d:\actions-runner\_work\xpco\xpco\corporate\commonapi\videoos.management.common.unittests\bin\debug\net472\videoos.management.common.unittests.dll" id="b4de2156-c43e-124d-28a2-1199362f1247">
      <Execution id="b0288cca-224f-4f87-81ca-a9afc9a78e67" />
      <TestMethod codeBase="D:\actions-runner\_work\XPCO\XPCO\Corporate\CommonAPI\VideoOS.Management.Common.UnitTests\bin\Debug\net472\VideoOS.Management.Common.UnitTests.dll" adapterTypeName="executor://mstestadapter/v2" className="VideoOS.Management.Common.UnitTests.BusinessObjects.DeviceMotionUtils.GridSizeUnitTests" name="SetGridSize_GridSize16x16_Same_Size_As_Original_Success" />
    </UnitTest>
    <UnitTest name="DeviceTypeInfo_IsRecordingDevice_SupportAllTypes" storage="d:\actions-runner\_work\xpco\xpco\corporate\commonapi\videoos.management.common.unittests\bin\debug\net472\videoos.management.common.unittests.dll" id="649332c7-9fa8-fdfd-3094-2331860467a3">
      <Execution id="7cba744c-dfdb-413a-b73c-9f09c13b211e" />
      <TestMethod codeBase="D:\actions-runner\_work\XPCO\XPCO\Corporate\CommonAPI\VideoOS.Management.Common.UnitTests\bin\Debug\net472\VideoOS.Management.Common.UnitTests.dll" adapterTypeName="executor://mstestadapter/v2" className="VideoOS.Management.Common.UnitTests.DeviceTypeInfoUnitTests" name="DeviceTypeInfo_IsRecordingDevice_SupportAllTypes" />
    </UnitTest>
    <UnitTest name="ConvertFromInt_InvalidNumber_Default_Expected_Success" storage="d:\actions-runner\_work\xpco\xpco\corporate\commonapi\videoos.management.common.unittests\bin\debug\net472\videoos.management.common.unittests.dll" id="e35d706a-8fcd-efc0-bddf-81787e2532c8">
      <Execution id="253d6c83-0c78-43f6-a165-2096706366e2" />
      <TestMethod codeBase="D:\actions-runner\_work\XPCO\XPCO\Corporate\CommonAPI\VideoOS.Management.Common.UnitTests\bin\Debug\net472\VideoOS.Management.Common.UnitTests.dll" adapterTypeName="executor://mstestadapter/v2" className="VideoOS.Management.Common.UnitTests.HardwareAccelerationModeUnitTests" name="ConvertFromInt_InvalidNumber_Default_Expected_Success" />
    </UnitTest>
    <UnitTest name="ConvertToInt_Success" storage="d:\actions-runner\_work\xpco\xpco\corporate\commonapi\videoos.management.common.unittests\bin\debug\net472\videoos.management.common.unittests.dll" id="14af5cfa-37a4-319b-6e36-d994dc5d5968">
      <Execution id="56d9bed3-2df1-493d-b7a5-a6bda32fd9a4" />
      <TestMethod codeBase="D:\actions-runner\_work\XPCO\XPCO\Corporate\CommonAPI\VideoOS.Management.Common.UnitTests\bin\Debug\net472\VideoOS.Management.Common.UnitTests.dll" adapterTypeName="executor://mstestadapter/v2" className="VideoOS.Management.Common.UnitTests.HardwareAccelerationModeUnitTests" name="ConvertToInt_Success" />
    </UnitTest>
    <UnitTest name="NestedPropertyHelper_FormatNestedPropertyName_Success" storage="d:\actions-runner\_work\xpco\xpco\corporate\commonapi\videoos.management.common.unittests\bin\debug\net472\videoos.management.common.unittests.dll" id="7c89820e-a98d-4b51-2cef-8b3953fcebd5">
      <Execution id="b00bf2b2-2c73-419c-ada4-84f04aa5cfe2" />
      <TestMethod codeBase="D:\actions-runner\_work\XPCO\XPCO\Corporate\CommonAPI\VideoOS.Management.Common.UnitTests\bin\Debug\net472\VideoOS.Management.Common.UnitTests.dll" adapterTypeName="executor://mstestadapter/v2" className="VideoOS.Management.Common.UnitTests.NestedPropertyHelperTests" name="NestedPropertyHelper_FormatNestedPropertyName_Success" />
    </UnitTest>
    <UnitTest name="TaskError_FromXml_Can_Read_Legacy_Format" storage="d:\actions-runner\_work\xpco\xpco\corporate\commonapi\videoos.management.common.unittests\bin\debug\net472\videoos.management.common.unittests.dll" id="81a601fb-b47c-bc71-6b2a-4e7ca1a3a3e1">
      <Execution id="0277a941-5f04-4056-b375-b4ed1dd4f92b" />
      <TestMethod codeBase="D:\actions-runner\_work\XPCO\XPCO\Corporate\CommonAPI\VideoOS.Management.Common.UnitTests\bin\Debug\net472\VideoOS.Management.Common.UnitTests.dll" adapterTypeName="executor://mstestadapter/v2" className="VideoOS.Management.Common.UnitTests.TaskErrorUnitTests" name="TaskError_FromXml_Can_Read_Legacy_Format" />
    </UnitTest>
    <UnitTest name="GetPrivacyMaskFromXml_DuplicateCellsTest" storage="d:\actions-runner\_work\xpco\xpco\corporate\commonapi\videoos.management.common.unittests\bin\debug\net472\videoos.management.common.unittests.dll" id="f824a3a8-59c5-2e65-7385-79c3d6df0055">
      <Execution id="a7f94d52-aa4c-4dda-87d1-f7a6600a3b39" />
      <TestMethod codeBase="D:\actions-runner\_work\XPCO\XPCO\Corporate\CommonAPI\VideoOS.Management.Common.UnitTests\bin\Debug\net472\VideoOS.Management.Common.UnitTests.dll" adapterTypeName="executor://mstestadapter/v2" className="VideoOS.Management.Common.UnitTests.PrivacyMaskUnitTest" name="GetPrivacyMaskFromXml_DuplicateCellsTest" />
    </UnitTest>
    <UnitTest name="ConvertOneDimensionalIndexToTwoDimensional_Index_Is_Negative" storage="d:\actions-runner\_work\xpco\xpco\corporate\commonapi\videoos.management.common.unittests\bin\debug\net472\videoos.management.common.unittests.dll" id="31993171-cd22-0249-bd8a-7a53b439402a">
      <Execution id="59f92bac-1ecb-4cfc-9f33-8411aa3a85e7" />
      <TestMethod codeBase="D:\actions-runner\_work\XPCO\XPCO\Corporate\CommonAPI\VideoOS.Management.Common.UnitTests\bin\Debug\net472\VideoOS.Management.Common.UnitTests.dll" adapterTypeName="executor://mstestadapter/v2" className="VideoOS.Management.Common.UnitTests.GridUtilityUnitTests" name="ConvertOneDimensionalIndexToTwoDimensional_Index_Is_Negative" />
    </UnitTest>
    <UnitTest name="ConvertOneDimensionalIndexToTwoDimensional_Success" storage="d:\actions-runner\_work\xpco\xpco\corporate\commonapi\videoos.management.common.unittests\bin\debug\net472\videoos.management.common.unittests.dll" id="d07b3481-696b-820c-a145-13265fb2ffe1">
      <Execution id="491ab7cd-9d3e-482a-bd15-7ca872bffb9a" />
      <TestMethod codeBase="D:\actions-runner\_work\XPCO\XPCO\Corporate\CommonAPI\VideoOS.Management.Common.UnitTests\bin\Debug\net472\VideoOS.Management.Common.UnitTests.dll" adapterTypeName="executor://mstestadapter/v2" className="VideoOS.Management.Common.UnitTests.GridUtilityUnitTests" name="ConvertOneDimensionalIndexToTwoDimensional_Success" />
    </UnitTest>
    <UnitTest name="NestedPropertyHelper_TryGetNestedPropertyName_ArgumentNullException" storage="d:\actions-runner\_work\xpco\xpco\corporate\commonapi\videoos.management.common.unittests\bin\debug\net472\videoos.management.common.unittests.dll" id="671b94e7-bc62-d84e-19ce-8c3bc45b716f">
      <Execution id="8ac207eb-4fc7-4bb0-8b0c-edd45805446c" />
      <TestMethod codeBase="D:\actions-runner\_work\XPCO\XPCO\Corporate\CommonAPI\VideoOS.Management.Common.UnitTests\bin\Debug\net472\VideoOS.Management.Common.UnitTests.dll" adapterTypeName="executor://mstestadapter/v2" className="VideoOS.Management.Common.UnitTests.NestedPropertyHelperTests" name="NestedPropertyHelper_TryGetNestedPropertyName_ArgumentNullException" />
    </UnitTest>
    <UnitTest name="SetGridSize_Initialize_New_Grid_Success" storage="d:\actions-runner\_work\xpco\xpco\corporate\commonapi\videoos.management.common.unittests\bin\debug\net472\videoos.management.common.unittests.dll" id="33b9cfba-767d-620a-5bc7-446ac3b0a75a">
      <Execution id="7d65219b-4071-428a-b7ab-f6d4aef8afb7" />
      <TestMethod codeBase="D:\actions-runner\_work\XPCO\XPCO\Corporate\CommonAPI\VideoOS.Management.Common.UnitTests\bin\Debug\net472\VideoOS.Management.Common.UnitTests.dll" adapterTypeName="executor://mstestadapter/v2" className="VideoOS.Management.Common.UnitTests.BusinessObjects.DeviceMotionUtils.GridSizeUnitTests" name="SetGridSize_Initialize_New_Grid_Success" />
    </UnitTest>
    <UnitTest name="NestedPropertyHelper_FormatNestedPropertyName_ArgumentNullException" storage="d:\actions-runner\_work\xpco\xpco\corporate\commonapi\videoos.management.common.unittests\bin\debug\net472\videoos.management.common.unittests.dll" id="80d02be0-e5b3-d805-0594-6fce0472bdd1">
      <Execution id="c534d6b1-37dd-4f6c-ac5a-a1f4264ae025" />
      <TestMethod codeBase="D:\actions-runner\_work\XPCO\XPCO\Corporate\CommonAPI\VideoOS.Management.Common.UnitTests\bin\Debug\net472\VideoOS.Management.Common.UnitTests.dll" adapterTypeName="executor://mstestadapter/v2" className="VideoOS.Management.Common.UnitTests.NestedPropertyHelperTests" name="NestedPropertyHelper_FormatNestedPropertyName_ArgumentNullException" />
    </UnitTest>
    <UnitTest name="NestedPropertyHelper_FormatNestedPropertyName_NameStartsWithSpace_ArgumentException" storage="d:\actions-runner\_work\xpco\xpco\corporate\commonapi\videoos.management.common.unittests\bin\debug\net472\videoos.management.common.unittests.dll" id="e5a9ba03-ae4c-cec5-2077-fbc09e191aa1">
      <Execution id="b213c6f1-c5a0-4815-8ccc-a1de1d2f7f1d" />
      <TestMethod codeBase="D:\actions-runner\_work\XPCO\XPCO\Corporate\CommonAPI\VideoOS.Management.Common.UnitTests\bin\Debug\net472\VideoOS.Management.Common.UnitTests.dll" adapterTypeName="executor://mstestadapter/v2" className="VideoOS.Management.Common.UnitTests.NestedPropertyHelperTests" name="NestedPropertyHelper_FormatNestedPropertyName_NameStartsWithSpace_ArgumentException" />
    </UnitTest>
    <UnitTest name="ConvertToProcessTime_InvalidNumber_Default_Expected_Success" storage="d:\actions-runner\_work\xpco\xpco\corporate\commonapi\videoos.management.common.unittests\bin\debug\net472\videoos.management.common.unittests.dll" id="620c3d93-83d6-b637-a7e0-565f057234fd">
      <Execution id="51989947-3289-48d8-9c0f-3a0c19a677fe" />
      <TestMethod codeBase="D:\actions-runner\_work\XPCO\XPCO\Corporate\CommonAPI\VideoOS.Management.Common.UnitTests\bin\Debug\net472\VideoOS.Management.Common.UnitTests.dll" adapterTypeName="executor://mstestadapter/v2" className="VideoOS.Management.Server.UnitTests.BusinessObjects.ProcessTimeUnitTests" name="ConvertToProcessTime_InvalidNumber_Default_Expected_Success" />
    </UnitTest>
    <UnitTest name="NestedPropertyHelper_FormatNestedPropertyName_NameEndsWithSpace_ArgumentException" storage="d:\actions-runner\_work\xpco\xpco\corporate\commonapi\videoos.management.common.unittests\bin\debug\net472\videoos.management.common.unittests.dll" id="b08ef59e-47a2-4249-0966-cb6c81b388af">
      <Execution id="9f923425-92a6-463b-9974-6d25de3e0e69" />
      <TestMethod codeBase="D:\actions-runner\_work\XPCO\XPCO\Corporate\CommonAPI\VideoOS.Management.Common.UnitTests\bin\Debug\net472\VideoOS.Management.Common.UnitTests.dll" adapterTypeName="executor://mstestadapter/v2" className="VideoOS.Management.Common.UnitTests.NestedPropertyHelperTests" name="NestedPropertyHelper_FormatNestedPropertyName_NameEndsWithSpace_ArgumentException" />
    </UnitTest>
    <UnitTest name="NestedPropertyHelper_IsNestedPropertyName_ArgumentNullException" storage="d:\actions-runner\_work\xpco\xpco\corporate\commonapi\videoos.management.common.unittests\bin\debug\net472\videoos.management.common.unittests.dll" id="74b752a9-3ab1-cd08-7831-6830396588ed">
      <Execution id="e7434ee4-5f55-44db-9c13-daee472b4291" />
      <TestMethod codeBase="D:\actions-runner\_work\XPCO\XPCO\Corporate\CommonAPI\VideoOS.Management.Common.UnitTests\bin\Debug\net472\VideoOS.Management.Common.UnitTests.dll" adapterTypeName="executor://mstestadapter/v2" className="VideoOS.Management.Common.UnitTests.NestedPropertyHelperTests" name="NestedPropertyHelper_IsNestedPropertyName_ArgumentNullException" />
    </UnitTest>
    <UnitTest name="TrimAndRemoveControlCharsKeepWhitespaceCharsTest" storage="d:\actions-runner\_work\xpco\xpco\corporate\commonapi\videoos.management.common.unittests\bin\debug\net472\videoos.management.common.unittests.dll" id="87157f56-f422-38c9-fd63-83a67aeda855">
      <Execution id="e70acacf-74d5-4fc7-b332-1763dbdd9723" />
      <TestMethod codeBase="D:\actions-runner\_work\XPCO\XPCO\Corporate\CommonAPI\VideoOS.Management.Common.UnitTests\bin\Debug\net472\VideoOS.Management.Common.UnitTests.dll" adapterTypeName="executor://mstestadapter/v2" className="VideoOS.Management.Common.UnitTests.ExtensionMethods.StringExtensionsTests" name="TrimAndRemoveControlCharsKeepWhitespaceCharsTest" />
    </UnitTest>
    <UnitTest name="RemoveControlCharsKeepWhitespaceCharsTestNull" storage="d:\actions-runner\_work\xpco\xpco\corporate\commonapi\videoos.management.common.unittests\bin\debug\net472\videoos.management.common.unittests.dll" id="84f2c3a6-ef69-aefe-cc69-aed160157f71">
      <Execution id="e5136633-92b4-4b50-b2fb-a5bc3ecfce46" />
      <TestMethod codeBase="D:\actions-runner\_work\XPCO\XPCO\Corporate\CommonAPI\VideoOS.Management.Common.UnitTests\bin\Debug\net472\VideoOS.Management.Common.UnitTests.dll" adapterTypeName="executor://mstestadapter/v2" className="VideoOS.Management.Common.UnitTests.ExtensionMethods.StringExtensionsTests" name="RemoveControlCharsKeepWhitespaceCharsTestNull" />
    </UnitTest>
    <UnitTest name="TryParseTestSuccess" storage="d:\actions-runner\_work\xpco\xpco\corporate\commonapi\videoos.management.common.unittests\bin\debug\net472\videoos.management.common.unittests.dll" id="67df801a-c00e-6e83-e9a1-685ef0783664">
      <Execution id="4b704b4e-5df4-4cf0-893b-c564058d78cc" />
      <TestMethod codeBase="D:\actions-runner\_work\XPCO\XPCO\Corporate\CommonAPI\VideoOS.Management.Common.UnitTests\bin\Debug\net472\VideoOS.Management.Common.UnitTests.dll" adapterTypeName="executor://mstestadapter/v2" className="VideoOS.Management.Common.UnitTests.ExtensionMethods.StringExtensionsTests" name="TryParseTestSuccess" />
    </UnitTest>
    <UnitTest name="Cells_Initialize_UnsupportedSize" storage="d:\actions-runner\_work\xpco\xpco\corporate\commonapi\videoos.management.common.unittests\bin\debug\net472\videoos.management.common.unittests.dll" id="93278bfc-88ce-15f6-9300-6fc4994c71f7">
      <Execution id="13fd5018-ab35-4428-ae92-52318928ae35" />
      <TestMethod codeBase="D:\actions-runner\_work\XPCO\XPCO\Corporate\CommonAPI\VideoOS.Management.Common.UnitTests\bin\Debug\net472\VideoOS.Management.Common.UnitTests.dll" adapterTypeName="executor://mstestadapter/v2" className="VideoOS.Management.Common.UnitTests.PrivacyMaskUnitTest" name="Cells_Initialize_UnsupportedSize" />
    </UnitTest>
    <UnitTest name="NestedPropertyHelper_TryGetNestedPropertyNameTest" storage="d:\actions-runner\_work\xpco\xpco\corporate\commonapi\videoos.management.common.unittests\bin\debug\net472\videoos.management.common.unittests.dll" id="cfec4fd7-18a7-01bd-0be1-3678eda78f31">
      <Execution id="4f57bbb6-db97-448b-9111-aa0c421a813e" />
      <TestMethod codeBase="D:\actions-runner\_work\XPCO\XPCO\Corporate\CommonAPI\VideoOS.Management.Common.UnitTests\bin\Debug\net472\VideoOS.Management.Common.UnitTests.dll" adapterTypeName="executor://mstestadapter/v2" className="VideoOS.Management.Common.UnitTests.NestedPropertyHelperTests" name="NestedPropertyHelper_TryGetNestedPropertyNameTest" />
    </UnitTest>
    <UnitTest name="MoveHardwareTaskResult_Serialization_Two_Warnings_Success" storage="d:\actions-runner\_work\xpco\xpco\corporate\commonapi\videoos.management.common.unittests\bin\debug\net472\videoos.management.common.unittests.dll" id="c2058a08-5002-1358-bdda-d02f5f51eabf">
      <Execution id="cde7b8d5-dd1f-4000-b3f4-5c1918f91bfd" />
      <TestMethod codeBase="D:\actions-runner\_work\XPCO\XPCO\Corporate\CommonAPI\VideoOS.Management.Common.UnitTests\bin\Debug\net472\VideoOS.Management.Common.UnitTests.dll" adapterTypeName="executor://mstestadapter/v2" className="VideoOS.Management.Common.UnitTests.MoveHardwareTaskResultUnitTests" name="MoveHardwareTaskResult_Serialization_Two_Warnings_Success" />
    </UnitTest>
    <UnitTest name="Cells_Initialize_InvalidAspectRatio" storage="d:\actions-runner\_work\xpco\xpco\corporate\commonapi\videoos.management.common.unittests\bin\debug\net472\videoos.management.common.unittests.dll" id="67b74ffc-94eb-aab9-e344-da1184003f95">
      <Execution id="a3570869-c654-4b96-a792-c2dfd1ae36a1" />
      <TestMethod codeBase="D:\actions-runner\_work\XPCO\XPCO\Corporate\CommonAPI\VideoOS.Management.Common.UnitTests\bin\Debug\net472\VideoOS.Management.Common.UnitTests.dll" adapterTypeName="executor://mstestadapter/v2" className="VideoOS.Management.Common.UnitTests.PrivacyMaskUnitTest" name="Cells_Initialize_InvalidAspectRatio" />
    </UnitTest>
    <UnitTest name="ConvertTwoDimensionalIndexesToOneDimensional_X_Is_Negative" storage="d:\actions-runner\_work\xpco\xpco\corporate\commonapi\videoos.management.common.unittests\bin\debug\net472\videoos.management.common.unittests.dll" id="75fc5143-fe6b-20f0-4ca6-b67370de4903">
      <Execution id="667ae1d4-8ffd-4954-bf42-f939256f1399" />
      <TestMethod codeBase="D:\actions-runner\_work\XPCO\XPCO\Corporate\CommonAPI\VideoOS.Management.Common.UnitTests\bin\Debug\net472\VideoOS.Management.Common.UnitTests.dll" adapterTypeName="executor://mstestadapter/v2" className="VideoOS.Management.Common.UnitTests.GridUtilityUnitTests" name="ConvertTwoDimensionalIndexesToOneDimensional_X_Is_Negative" />
    </UnitTest>
    <UnitTest name="GetPrivacyMaskFromXml_SunnyDay" storage="d:\actions-runner\_work\xpco\xpco\corporate\commonapi\videoos.management.common.unittests\bin\debug\net472\videoos.management.common.unittests.dll" id="a5c6379b-0893-b01d-18e5-f90ab7bcaeec">
      <Execution id="075cf5eb-b814-47a2-a53c-6503fc9acee8" />
      <TestMethod codeBase="D:\actions-runner\_work\XPCO\XPCO\Corporate\CommonAPI\VideoOS.Management.Common.UnitTests\bin\Debug\net472\VideoOS.Management.Common.UnitTests.dll" adapterTypeName="executor://mstestadapter/v2" className="VideoOS.Management.Common.UnitTests.PrivacyMaskUnitTest" name="GetPrivacyMaskFromXml_SunnyDay" />
    </UnitTest>
    <UnitTest name="ConvertToGridSize_Success" storage="d:\actions-runner\_work\xpco\xpco\corporate\commonapi\videoos.management.common.unittests\bin\debug\net472\videoos.management.common.unittests.dll" id="71e3c0f5-6fe7-f804-aa6f-415cce565e0e">
      <Execution id="9a04b48d-f754-4225-9961-f8ab87fdd250" />
      <TestMethod codeBase="D:\actions-runner\_work\XPCO\XPCO\Corporate\CommonAPI\VideoOS.Management.Common.UnitTests\bin\Debug\net472\VideoOS.Management.Common.UnitTests.dll" adapterTypeName="executor://mstestadapter/v2" className="VideoOS.Management.Common.UnitTests.BusinessObjects.DeviceMotionUtils.GridSizeUnitTests" name="ConvertToGridSize_Success" />
    </UnitTest>
    <UnitTest name="ConvertFromInt_Success" storage="d:\actions-runner\_work\xpco\xpco\corporate\commonapi\videoos.management.common.unittests\bin\debug\net472\videoos.management.common.unittests.dll" id="79ef2dd3-5eee-0301-5395-66ec4489fc4f">
      <Execution id="e274ec3c-fc73-41c4-8151-3218eab2d94c" />
      <TestMethod codeBase="D:\actions-runner\_work\XPCO\XPCO\Corporate\CommonAPI\VideoOS.Management.Common.UnitTests\bin\Debug\net472\VideoOS.Management.Common.UnitTests.dll" adapterTypeName="executor://mstestadapter/v2" className="VideoOS.Management.Common.UnitTests.HardwareAccelerationModeUnitTests" name="ConvertFromInt_Success" />
    </UnitTest>
    <UnitTest name="NestedPropertyHelper_IsNestedPropertyName_EmptyName_ArgumentException" storage="d:\actions-runner\_work\xpco\xpco\corporate\commonapi\videoos.management.common.unittests\bin\debug\net472\videoos.management.common.unittests.dll" id="4736f0ce-a73f-860c-f1b7-389e537a1524">
      <Execution id="7a6af791-065c-4ce3-8f68-8a0b9b35d156" />
      <TestMethod codeBase="D:\actions-runner\_work\XPCO\XPCO\Corporate\CommonAPI\VideoOS.Management.Common.UnitTests\bin\Debug\net472\VideoOS.Management.Common.UnitTests.dll" adapterTypeName="executor://mstestadapter/v2" className="VideoOS.Management.Common.UnitTests.NestedPropertyHelperTests" name="NestedPropertyHelper_IsNestedPropertyName_EmptyName_ArgumentException" />
    </UnitTest>
    <UnitTest name="ServerCredentialsUnitTests_GetAsXml_ServerCameraCredentials_Success" storage="d:\actions-runner\_work\xpco\xpco\corporate\commonapi\videoos.management.common.unittests\bin\debug\net472\videoos.management.common.unittests.dll" id="8b0ec7b2-5cbf-3a0c-8dd5-acc3ffb6ac9a">
      <Execution id="34f0ae67-b966-434a-9a0b-2437c937a065" />
      <TestMethod codeBase="D:\actions-runner\_work\XPCO\XPCO\Corporate\CommonAPI\VideoOS.Management.Common.UnitTests\bin\Debug\net472\VideoOS.Management.Common.UnitTests.dll" adapterTypeName="executor://mstestadapter/v2" className="VideoOS.Management.Common.UnitTests.ServerCredentialsUnitTests" name="ServerCredentialsUnitTests_GetAsXml_ServerCameraCredentials_Success" />
    </UnitTest>
  </TestDefinitions>
  <TestEntries>
    <TestEntry testId="620c3d93-83d6-b637-a7e0-565f057234fd" executionId="51989947-3289-48d8-9c0f-3a0c19a677fe" testListId="8c84fa94-04c1-424b-9868-57a2d4851a1d" />
    <TestEntry testId="4b6ad355-4290-ee92-30aa-744c6e4d08c5" executionId="6f267ee7-2c38-4115-9a6f-ffb39db4baff" testListId="8c84fa94-04c1-424b-9868-57a2d4851a1d" />
    <TestEntry testId="03623595-5184-255e-bb44-f5ffce862897" executionId="d03c6bea-a8bd-4d87-aae6-0ec942b012d0" testListId="8c84fa94-04c1-424b-9868-57a2d4851a1d" />
    <TestEntry testId="671b94e7-bc62-d84e-19ce-8c3bc45b716f" executionId="8ac207eb-4fc7-4bb0-8b0c-edd45805446c" testListId="8c84fa94-04c1-424b-9868-57a2d4851a1d" />
    <TestEntry testId="84f2c3a6-ef69-aefe-cc69-aed160157f71" executionId="e5136633-92b4-4b50-b2fb-a5bc3ecfce46" testListId="8c84fa94-04c1-424b-9868-57a2d4851a1d" />
    <TestEntry testId="bca42966-9fbb-5c1c-b1e2-945c838a37e2" executionId="2e89f059-7313-4648-bad0-1f7f2a0a345e" testListId="8c84fa94-04c1-424b-9868-57a2d4851a1d" />
    <TestEntry testId="1f87df04-703b-f6b4-3a53-f81d5fc16c67" executionId="9c8edb6c-8d97-411f-a553-7d668c6aa9b8" testListId="8c84fa94-04c1-424b-9868-57a2d4851a1d" />
    <TestEntry testId="67df801a-c00e-6e83-e9a1-685ef0783664" executionId="4b704b4e-5df4-4cf0-893b-c564058d78cc" testListId="8c84fa94-04c1-424b-9868-57a2d4851a1d" />
    <TestEntry testId="c2dc194a-0c1b-ef6d-1da6-c4e929a00375" executionId="1d426d32-bb15-47a5-b078-9a4978376158" testListId="8c84fa94-04c1-424b-9868-57a2d4851a1d" />
    <TestEntry testId="cacd61c1-c3a3-cf61-3786-7e17896ec13c" executionId="b3b321bf-c01e-4470-8998-3ce075cdff5a" testListId="8c84fa94-04c1-424b-9868-57a2d4851a1d" />
    <TestEntry testId="ca3c00c7-0e2e-e11c-f4cf-d0514c13c85c" executionId="baf9948e-40a7-4b74-a9df-f52385f1d711" testListId="8c84fa94-04c1-424b-9868-57a2d4851a1d" />
    <TestEntry testId="4c13ce60-5293-4111-36b5-e35224527878" executionId="86f46860-e4ff-4444-afee-cd8e63276374" testListId="8c84fa94-04c1-424b-9868-57a2d4851a1d" />
    <TestEntry testId="d07b3481-696b-820c-a145-13265fb2ffe1" executionId="491ab7cd-9d3e-482a-bd15-7ca872bffb9a" testListId="8c84fa94-04c1-424b-9868-57a2d4851a1d" />
    <TestEntry testId="8ec422b9-3ad1-d606-42b8-75e0ad25c07a" executionId="42e4ec09-c7b0-4f62-96a1-fd9df3d441a1" testListId="8c84fa94-04c1-424b-9868-57a2d4851a1d" />
    <TestEntry testId="1127995a-f652-d9c5-d666-e4480805eaa4" executionId="2e92cee7-8674-4280-bf2c-68bba8ba4528" testListId="8c84fa94-04c1-424b-9868-57a2d4851a1d" />
    <TestEntry testId="6ce9f66b-c97b-b76c-15d7-ec42fc5d4e16" executionId="557ee410-b169-4939-8872-9741df533550" testListId="8c84fa94-04c1-424b-9868-57a2d4851a1d" />
    <TestEntry testId="daa9a097-6fc7-a99a-2098-2eb65a6f8664" executionId="adff6fff-5f8c-477b-9a03-c894797f8eb2" testListId="8c84fa94-04c1-424b-9868-57a2d4851a1d" />
    <TestEntry testId="67b74ffc-94eb-aab9-e344-da1184003f95" executionId="a3570869-c654-4b96-a792-c2dfd1ae36a1" testListId="8c84fa94-04c1-424b-9868-57a2d4851a1d" />
    <TestEntry testId="81a601fb-b47c-bc71-6b2a-4e7ca1a3a3e1" executionId="0277a941-5f04-4056-b375-b4ed1dd4f92b" testListId="8c84fa94-04c1-424b-9868-57a2d4851a1d" />
    <TestEntry testId="d0d055c1-2827-c9f5-2cea-7262b30681b5" executionId="62c421e9-c36f-4e40-940b-84c01605d2ca" testListId="8c84fa94-04c1-424b-9868-57a2d4851a1d" />
    <TestEntry testId="2d503272-f502-3299-cb48-8f88fbfb5332" executionId="e1938dd7-1530-4328-875b-0feabb1ee261" testListId="8c84fa94-04c1-424b-9868-57a2d4851a1d" />
    <TestEntry testId="1ad8a57f-1901-4fc6-6171-3b9a718512cd" executionId="2ef23827-1f0f-4fe9-b1c3-dd55b5bd6af8" testListId="8c84fa94-04c1-424b-9868-57a2d4851a1d" />
    <TestEntry testId="fab0afff-c432-02b7-5bbb-f66eef7681fb" executionId="fd5b0129-ae12-4731-b784-d1f2989e743f" testListId="8c84fa94-04c1-424b-9868-57a2d4851a1d" />
    <TestEntry testId="e81c9e38-1dec-905f-b04d-4f60f0b1c384" executionId="889c9ab8-b3a1-4d6d-b4b4-a584231800b3" testListId="8c84fa94-04c1-424b-9868-57a2d4851a1d" />
    <TestEntry testId="fba0f473-7041-e30a-c5d2-9ca9407b0bf6" executionId="e7a2fab4-7fc9-4f81-b0ff-9a72a0686c4e" testListId="8c84fa94-04c1-424b-9868-57a2d4851a1d" />
    <TestEntry testId="4ee3af75-3d32-4ea8-063b-f4bba50bf321" executionId="53af0bb3-33c8-4c24-8ae9-0e018300bbdf" testListId="8c84fa94-04c1-424b-9868-57a2d4851a1d" />
    <TestEntry testId="4339f1c0-e66e-ce84-7db2-5484001bba6c" executionId="b53078fd-78a6-40fd-8a65-352dfe8894b0" testListId="8c84fa94-04c1-424b-9868-57a2d4851a1d" />
    <TestEntry testId="0090badb-9d50-b7b1-4ee4-1a42dc925e0c" executionId="116ccd32-9a41-4e16-94f3-df942cfba1dc" testListId="8c84fa94-04c1-424b-9868-57a2d4851a1d" />
    <TestEntry testId="5744899b-250c-f37f-a63c-d158648a0e52" executionId="22db7c96-a973-48e0-9e2c-095f042eafd2" testListId="8c84fa94-04c1-424b-9868-57a2d4851a1d" />
    <TestEntry testId="c2058a08-5002-1358-bdda-d02f5f51eabf" executionId="cde7b8d5-dd1f-4000-b3f4-5c1918f91bfd" testListId="8c84fa94-04c1-424b-9868-57a2d4851a1d" />
    <TestEntry testId="20ac15c7-89b3-c614-b606-49d377992b00" executionId="7e199150-f79f-492a-8a75-f1f5ee8fa937" testListId="8c84fa94-04c1-424b-9868-57a2d4851a1d" />
    <TestEntry testId="8914d82a-1269-4fe9-eb45-47d487b479b0" executionId="8769d875-33bb-4e2c-ad75-ec5dabc2fc2c" testListId="8c84fa94-04c1-424b-9868-57a2d4851a1d" />
    <TestEntry testId="3ad2726a-8824-88f7-1608-59e26678827a" executionId="cafc475c-d23a-418e-8765-48559ac905f8" testListId="8c84fa94-04c1-424b-9868-57a2d4851a1d" />
    <TestEntry testId="55900663-5ffb-ae1b-f271-79db886ed37b" executionId="f00bd4bf-aa22-4574-bbed-0f5a182f2329" testListId="8c84fa94-04c1-424b-9868-57a2d4851a1d" />
    <TestEntry testId="80d02be0-e5b3-d805-0594-6fce0472bdd1" executionId="c534d6b1-37dd-4f6c-ac5a-a1f4264ae025" testListId="8c84fa94-04c1-424b-9868-57a2d4851a1d" />
    <TestEntry testId="793f10c3-77a8-a120-88a6-cc1dfcbad8a7" executionId="9a8ec778-4aaf-4f55-bb9f-ce3a257b2838" testListId="8c84fa94-04c1-424b-9868-57a2d4851a1d" />
    <TestEntry testId="069f80b7-68ce-0dbf-49a9-88037b3210bc" executionId="061c8489-595f-4401-b6ac-69a66fc0fd2c" testListId="8c84fa94-04c1-424b-9868-57a2d4851a1d" />
    <TestEntry testId="8b0ec7b2-5cbf-3a0c-8dd5-acc3ffb6ac9a" executionId="34f0ae67-b966-434a-9a0b-2437c937a065" testListId="8c84fa94-04c1-424b-9868-57a2d4851a1d" />
    <TestEntry testId="75fc5143-fe6b-20f0-4ca6-b67370de4903" executionId="667ae1d4-8ffd-4954-bf42-f939256f1399" testListId="8c84fa94-04c1-424b-9868-57a2d4851a1d" />
    <TestEntry testId="5daf3a73-fd93-3c8b-0382-76d7d7b33fc9" executionId="ed0c0953-1d0c-4fdd-96e1-7c00b91a9c61" testListId="8c84fa94-04c1-424b-9868-57a2d4851a1d" />
    <TestEntry testId="87157f56-f422-38c9-fd63-83a67aeda855" executionId="e70acacf-74d5-4fc7-b332-1763dbdd9723" testListId="8c84fa94-04c1-424b-9868-57a2d4851a1d" />
    <TestEntry testId="1655a58f-82cd-dfaa-f818-6210834795ce" executionId="2b611063-afc5-42be-8c1b-110fe5b3597f" testListId="8c84fa94-04c1-424b-9868-57a2d4851a1d" />
    <TestEntry testId="12fb79ac-ca7a-d90c-70f5-ffadbf93d3cd" executionId="8308c45b-4c05-4672-8d2a-abf499b633c4" testListId="8c84fa94-04c1-424b-9868-57a2d4851a1d" />
    <TestEntry testId="8815b8fc-a38c-3954-d8a0-8fcab25a9731" executionId="67298e5b-72d1-47d6-b21d-ffe8943e774b" testListId="8c84fa94-04c1-424b-9868-57a2d4851a1d" />
    <TestEntry testId="769e77f8-1c20-6f74-1e65-1d738cf9bb80" executionId="312f912f-8e79-4961-b130-b73cfc6ae92c" testListId="8c84fa94-04c1-424b-9868-57a2d4851a1d" />
    <TestEntry testId="31993171-cd22-0249-bd8a-7a53b439402a" executionId="59f92bac-1ecb-4cfc-9f33-8411aa3a85e7" testListId="8c84fa94-04c1-424b-9868-57a2d4851a1d" />
    <TestEntry testId="caece4eb-6f1c-24a4-7032-7e24377ac199" executionId="da482187-5037-47a5-aa61-38c3010a5e90" testListId="8c84fa94-04c1-424b-9868-57a2d4851a1d" />
    <TestEntry testId="74b752a9-3ab1-cd08-7831-6830396588ed" executionId="e7434ee4-5f55-44db-9c13-daee472b4291" testListId="8c84fa94-04c1-424b-9868-57a2d4851a1d" />
    <TestEntry testId="33b9cfba-767d-620a-5bc7-446ac3b0a75a" executionId="7d65219b-4071-428a-b7ab-f6d4aef8afb7" testListId="8c84fa94-04c1-424b-9868-57a2d4851a1d" />
    <TestEntry testId="4c800bb5-72b9-4506-9120-2410508dc69d" executionId="be929f7a-4504-4d06-8131-f6e09316fb4b" testListId="8c84fa94-04c1-424b-9868-57a2d4851a1d" />
    <TestEntry testId="1c1975ac-6c6e-3f5a-db59-5d2d82b44a36" executionId="a1fb55f8-90ea-46a2-a88e-d7b01e87cc50" testListId="8c84fa94-04c1-424b-9868-57a2d4851a1d" />
    <TestEntry testId="d4d350d3-c8d0-e20b-a69c-867669933688" executionId="a1b93fde-f668-4ef9-80f5-2fdd12300173" testListId="8c84fa94-04c1-424b-9868-57a2d4851a1d" />
    <TestEntry testId="cfec4fd7-18a7-01bd-0be1-3678eda78f31" executionId="4f57bbb6-db97-448b-9111-aa0c421a813e" testListId="8c84fa94-04c1-424b-9868-57a2d4851a1d" />
    <TestEntry testId="71e3c0f5-6fe7-f804-aa6f-415cce565e0e" executionId="9a04b48d-f754-4225-9961-f8ab87fdd250" testListId="8c84fa94-04c1-424b-9868-57a2d4851a1d" />
    <TestEntry testId="6346fdd8-638a-e5dd-44cb-e4bceb791e3e" executionId="b23736b3-955d-46e5-b448-2cfb98664552" testListId="8c84fa94-04c1-424b-9868-57a2d4851a1d" />
    <TestEntry testId="f1e1352b-23ae-c89b-d352-0c7837620f16" executionId="20f82af5-d690-481e-9347-d1ec34debea1" testListId="8c84fa94-04c1-424b-9868-57a2d4851a1d" />
    <TestEntry testId="2d5cd7fa-cf05-f590-40f1-040770f81bef" executionId="33dc5d1e-d7d5-4ef6-899f-8d5678665bc9" testListId="8c84fa94-04c1-424b-9868-57a2d4851a1d" />
    <TestEntry testId="ba74e53c-cf5f-47b5-b760-36899466e286" executionId="bd8e6fd1-1392-47d6-bcf4-228f92313636" testListId="8c84fa94-04c1-424b-9868-57a2d4851a1d" />
    <TestEntry testId="4439bf50-4700-5306-fd95-c4df8561f625" executionId="1f05c877-80e9-4033-88a2-15e59cfc243e" testListId="8c84fa94-04c1-424b-9868-57a2d4851a1d" />
    <TestEntry testId="421a56de-5d17-1327-8557-9949a751924e" executionId="05291a84-c739-451e-9991-adab1a9b9ef8" testListId="8c84fa94-04c1-424b-9868-57a2d4851a1d" />
    <TestEntry testId="882ea91f-28cc-5911-ff61-4a2331948ab9" executionId="9611a446-f7c1-4d98-8a3b-cd78853b3bfb" testListId="8c84fa94-04c1-424b-9868-57a2d4851a1d" />
    <TestEntry testId="67473bc5-32ce-aabc-ce4f-fee6a8a0a8cf" executionId="e5ef0055-956c-4d17-8a77-4dca15c8b113" testListId="8c84fa94-04c1-424b-9868-57a2d4851a1d" />
    <TestEntry testId="6453653b-0163-a699-39b7-69fa5bbd12b8" executionId="2dd97387-516f-42f9-951e-51da357e3870" testListId="8c84fa94-04c1-424b-9868-57a2d4851a1d" />
    <TestEntry testId="38778c86-8f06-c771-6326-084dcf9e7ce7" executionId="cd0e238c-d4a7-4ba0-94c7-a31ce24177b6" testListId="8c84fa94-04c1-424b-9868-57a2d4851a1d" />
    <TestEntry testId="79ef2dd3-5eee-0301-5395-66ec4489fc4f" executionId="e274ec3c-fc73-41c4-8151-3218eab2d94c" testListId="8c84fa94-04c1-424b-9868-57a2d4851a1d" />
    <TestEntry testId="afc090fc-9641-de7f-3866-7ea0fcff9c09" executionId="e616b146-7bf3-4466-92d0-ef1db7e56325" testListId="8c84fa94-04c1-424b-9868-57a2d4851a1d" />
    <TestEntry testId="76e675ce-aeb7-2988-0cf9-b0a9546b75af" executionId="c10e1a0e-dd0b-4425-b750-3c0995f7a497" testListId="8c84fa94-04c1-424b-9868-57a2d4851a1d" />
    <TestEntry testId="37dcfbb4-93cd-3d47-6264-adcf2814bf97" executionId="dde05831-1563-445d-a1dc-71f16500bc92" testListId="8c84fa94-04c1-424b-9868-57a2d4851a1d" />
    <TestEntry testId="3dab1d5a-b2e4-fb94-b594-593da7066a3a" executionId="7fc1f40d-555f-483c-9312-ce0aafe404ff" testListId="8c84fa94-04c1-424b-9868-57a2d4851a1d" />
    <TestEntry testId="a5c6379b-0893-b01d-18e5-f90ab7bcaeec" executionId="075cf5eb-b814-47a2-a53c-6503fc9acee8" testListId="8c84fa94-04c1-424b-9868-57a2d4851a1d" />
    <TestEntry testId="b075a10e-5ca1-f9d5-f244-1272d3fa58ee" executionId="95d7a533-7807-437d-b2d1-2298fbed241c" testListId="8c84fa94-04c1-424b-9868-57a2d4851a1d" />
    <TestEntry testId="b4de2156-c43e-124d-28a2-1199362f1247" executionId="b0288cca-224f-4f87-81ca-a9afc9a78e67" testListId="8c84fa94-04c1-424b-9868-57a2d4851a1d" />
    <TestEntry testId="649332c7-9fa8-fdfd-3094-2331860467a3" executionId="7cba744c-dfdb-413a-b73c-9f09c13b211e" testListId="8c84fa94-04c1-424b-9868-57a2d4851a1d" />
    <TestEntry testId="89f53efe-f8e9-e247-5d3a-a73d496c1c42" executionId="37ed6281-a35a-419e-bc3e-370086adad54" testListId="8c84fa94-04c1-424b-9868-57a2d4851a1d" />
    <TestEntry testId="4736f0ce-a73f-860c-f1b7-389e537a1524" executionId="7a6af791-065c-4ce3-8f68-8a0b9b35d156" testListId="8c84fa94-04c1-424b-9868-57a2d4851a1d" />
    <TestEntry testId="7c89820e-a98d-4b51-2cef-8b3953fcebd5" executionId="b00bf2b2-2c73-419c-ada4-84f04aa5cfe2" testListId="8c84fa94-04c1-424b-9868-57a2d4851a1d" />
    <TestEntry testId="e5a9ba03-ae4c-cec5-2077-fbc09e191aa1" executionId="b213c6f1-c5a0-4815-8ccc-a1de1d2f7f1d" testListId="8c84fa94-04c1-424b-9868-57a2d4851a1d" />
    <TestEntry testId="8853129e-24b6-de83-3ae4-a5c9606a62db" executionId="13dd3c04-a79f-4523-8cd5-e34b324ecd94" testListId="8c84fa94-04c1-424b-9868-57a2d4851a1d" />
    <TestEntry testId="a0663979-f3fe-02fe-cfb5-57e444822a55" executionId="cceb711a-c973-4d30-98a7-c9d40035cc75" testListId="8c84fa94-04c1-424b-9868-57a2d4851a1d" />
    <TestEntry testId="8e1edec1-7f6e-ac92-a31f-8280b3b1d3c9" executionId="8ff5d236-c3eb-496a-a985-1a23f4b17c43" testListId="8c84fa94-04c1-424b-9868-57a2d4851a1d" />
    <TestEntry testId="bc1f88ff-e2ae-2848-549f-4ddc7ff81f8d" executionId="fb263b4e-7b33-4f05-8fb8-d04b842ef3bd" testListId="8c84fa94-04c1-424b-9868-57a2d4851a1d" />
    <TestEntry testId="8566c2b2-0527-0103-e53d-0a91dfbc88d2" executionId="2fb7def3-e891-4d7e-8686-42a71473944e" testListId="8c84fa94-04c1-424b-9868-57a2d4851a1d" />
    <TestEntry testId="de38ffcb-9efb-c16b-04bb-70b26e4003fa" executionId="d7797998-423c-406d-8bc9-f3d69f76eb54" testListId="8c84fa94-04c1-424b-9868-57a2d4851a1d" />
    <TestEntry testId="90a4be35-e2c7-5c6a-ca3a-d9a55de74d5d" executionId="a71c167d-0f6e-4571-ba12-736f18edfa26" testListId="8c84fa94-04c1-424b-9868-57a2d4851a1d" />
    <TestEntry testId="e35d706a-8fcd-efc0-bddf-81787e2532c8" executionId="253d6c83-0c78-43f6-a165-2096706366e2" testListId="8c84fa94-04c1-424b-9868-57a2d4851a1d" />
    <TestEntry testId="1919d23e-6873-4d53-05b5-96ba71f62e0f" executionId="f0df5a50-c897-42b1-8284-db0b5c91a5e5" testListId="8c84fa94-04c1-424b-9868-57a2d4851a1d" />
    <TestEntry testId="14af5cfa-37a4-319b-6e36-d994dc5d5968" executionId="56d9bed3-2df1-493d-b7a5-a6bda32fd9a4" testListId="8c84fa94-04c1-424b-9868-57a2d4851a1d" />
    <TestEntry testId="0c573ef2-cc3a-5c08-ff6f-cbf662d6d6f2" executionId="ba838a44-3205-49a5-a252-237455ad03e5" testListId="8c84fa94-04c1-424b-9868-57a2d4851a1d" />
    <TestEntry testId="f824a3a8-59c5-2e65-7385-79c3d6df0055" executionId="a7f94d52-aa4c-4dda-87d1-f7a6600a3b39" testListId="8c84fa94-04c1-424b-9868-57a2d4851a1d" />
    <TestEntry testId="6716d2ac-3134-42cf-ef61-ccb68c5e0d55" executionId="c22cabb8-cf63-4aa9-9e28-b30226f07533" testListId="8c84fa94-04c1-424b-9868-57a2d4851a1d" />
    <TestEntry testId="b08ef59e-47a2-4249-0966-cb6c81b388af" executionId="9f923425-92a6-463b-9974-6d25de3e0e69" testListId="8c84fa94-04c1-424b-9868-57a2d4851a1d" />
    <TestEntry testId="93278bfc-88ce-15f6-9300-6fc4994c71f7" executionId="13fd5018-ab35-4428-ae92-52318928ae35" testListId="8c84fa94-04c1-424b-9868-57a2d4851a1d" />
    <TestEntry testId="e143ad55-be30-be27-2198-bf27999b462d" executionId="3e705ecf-eea6-4be7-b559-7f9944358b6d" testListId="8c84fa94-04c1-424b-9868-57a2d4851a1d" />
  </TestEntries>
  <TestLists>
    <TestList name="Results Not in a List" id="8c84fa94-04c1-424b-9868-57a2d4851a1d" />
    <TestList name="All Loaded Results" id="19431567-8539-422a-85d7-44ee4e166bda" />
  </TestLists>
  <ResultSummary outcome="Completed">
    <Counters total="93" executed="93" passed="93" failed="0" error="0" timeout="0" aborted="0" inconclusive="0" passedButRunAborted="0" notRunnable="0" notExecuted="0" disconnected="0" warning="0" completed="0" inProgress="0" pending="0" />
  </ResultSummary>
</TestRun>