<?xml version="1.0" encoding="utf-8"?>
<TestRun id="31d35b9e-e1c7-432f-a9d8-6f27346781b3" name="DKSR-EFI-04$@DKSR-EFI-04 2023-12-22 09:32:08" runUser="NT AUTHORITY\NETWORK SERVICE" xmlns="http://microsoft.com/schemas/VisualStudio/TeamTest/2010">
  <Times creation="2023-12-22T09:32:08.7246079+01:00" queuing="2023-12-22T09:32:08.7246079+01:00" start="2023-12-22T09:32:05.3808408+01:00" finish="2023-12-22T09:32:09.2246088+01:00" />
  <TestSettings name="default" id="65a692cd-a992-4046-8c95-9455b837ec9b">
    <Deployment runDeploymentRoot="DKSR-EFI-04$_DKSR-EFI-04_2023-12-22_09_32_08" />
  </TestSettings>
  <Results>
    <UnitTestResult executionId="9aee5514-c9ee-47df-877e-364be6570b5d" testId="1a7090de-483c-f75d-948f-8dfbf47331c3" testName="WhenRoleHasNoWritePermissionItShouldNotAllowToCreate" computerName="DKSR-EFI-04" duration="00:00:00.0115042" startTime="2023-12-22T09:32:08.8808567+01:00" endTime="2023-12-22T09:32:08.8808567+01:00" testType="13cdc9d9-ddb5-4fa4-a97d-d965ccfc6d4b" outcome="Passed" testListId="8c84fa94-04c1-424b-9868-57a2d4851a1d" relativeResultsDirectory="9aee5514-c9ee-47df-877e-364be6570b5d" />
    <UnitTestResult executionId="c1a27d57-683b-42ba-a1d5-69cf3f5272bc" testId="7010153b-1fd2-4f6e-ef06-15513d771b1e" testName="WhenCreateIsCalledItShouldCallSendStickyNoteCreatedEvent" computerName="DKSR-EFI-04" duration="00:00:00.0057659" startTime="2023-12-22T09:32:08.9121065+01:00" endTime="2023-12-22T09:32:08.9277310+01:00" testType="13cdc9d9-ddb5-4fa4-a97d-d965ccfc6d4b" outcome="Passed" testListId="8c84fa94-04c1-424b-9868-57a2d4851a1d" relativeResultsDirectory="c1a27d57-683b-42ba-a1d5-69cf3f5272bc" />
    <UnitTestResult executionId="b7db0e62-7539-4dbc-9e8e-eafbed353913" testId="edf4e059-b275-2d02-fb3e-e3137e51bbb2" testName="WhenAStickyNoteIsUpdatedItShouldBroadcastChangedMessage" computerName="DKSR-EFI-04" duration="00:00:00.0032982" startTime="2023-12-22T09:32:08.8339815+01:00" endTime="2023-12-22T09:32:08.8339815+01:00" testType="13cdc9d9-ddb5-4fa4-a97d-d965ccfc6d4b" outcome="Passed" testListId="8c84fa94-04c1-424b-9868-57a2d4851a1d" relativeResultsDirectory="b7db0e62-7539-4dbc-9e8e-eafbed353913" />
    <UnitTestResult executionId="a0655af4-d482-4ca2-adce-cc7b7f455412" testId="92fb149e-4893-b3a6-b415-9ac6eb0c8dc1" testName="WhenAnStickyNoteIsUpdatedItShouldAuditLog" computerName="DKSR-EFI-04" duration="00:00:00.0048210" startTime="2023-12-22T09:32:08.8183590+01:00" endTime="2023-12-22T09:32:08.8183590+01:00" testType="13cdc9d9-ddb5-4fa4-a97d-d965ccfc6d4b" outcome="Passed" testListId="8c84fa94-04c1-424b-9868-57a2d4851a1d" relativeResultsDirectory="a0655af4-d482-4ca2-adce-cc7b7f455412" />
    <UnitTestResult executionId="f6d58d3e-6efd-4aff-9dbc-2c67a01daa88" testId="7241984f-f1d6-71cf-6238-425e617e970e" testName="WhenCreatedWithSpecificValuesItShouldHaveSpecifiedValues" computerName="DKSR-EFI-04" duration="00:00:00.0091240" startTime="2023-12-22T09:32:08.4121048+01:00" endTime="2023-12-22T09:32:08.4277301+01:00" testType="13cdc9d9-ddb5-4fa4-a97d-d965ccfc6d4b" outcome="Passed" testListId="8c84fa94-04c1-424b-9868-57a2d4851a1d" relativeResultsDirectory="f6d58d3e-6efd-4aff-9dbc-2c67a01daa88" />
    <UnitTestResult executionId="84c0c9dd-e032-46ef-aa2e-e4e438dc00cd" testId="84d16e8a-8951-d3b7-fd1b-9fc5023ec53d" testName="WhenAnStickyNoteIsCreatedItShouldAuditLog" computerName="DKSR-EFI-04" duration="00:00:00.0084671" startTime="2023-12-22T09:32:08.8183590+01:00" endTime="2023-12-22T09:32:08.8183590+01:00" testType="13cdc9d9-ddb5-4fa4-a97d-d965ccfc6d4b" outcome="Passed" testListId="8c84fa94-04c1-424b-9868-57a2d4851a1d" relativeResultsDirectory="84c0c9dd-e032-46ef-aa2e-e4e438dc00cd" />
    <UnitTestResult executionId="d0b8b9c0-30ea-4219-b2aa-e87ac9d15247" testId="9dbfaa99-dbe4-cb10-dc7e-5d613d85df6f" testName="WhenStickyNotesItemIsCreatedLastUpdatedShouldBeInUtc" computerName="DKSR-EFI-04" duration="00:00:00.0038212" startTime="2023-12-22T09:32:08.4277301+01:00" endTime="2023-12-22T09:32:08.4277301+01:00" testType="13cdc9d9-ddb5-4fa4-a97d-d965ccfc6d4b" outcome="Passed" testListId="8c84fa94-04c1-424b-9868-57a2d4851a1d" relativeResultsDirectory="d0b8b9c0-30ea-4219-b2aa-e87ac9d15247" />
    <UnitTestResult executionId="bfd2b949-4b32-4f51-ad5d-6025f5dfd92e" testId="0e70bcc0-c401-2a46-9c22-5cb168c29091" testName="WhenGettingByDeviceItShouldReturnStickyNotesItem" computerName="DKSR-EFI-04" duration="00:00:00.0076509" startTime="2023-12-22T09:32:08.8027335+01:00" endTime="2023-12-22T09:32:08.8027335+01:00" testType="13cdc9d9-ddb5-4fa4-a97d-d965ccfc6d4b" outcome="Passed" testListId="8c84fa94-04c1-424b-9868-57a2d4851a1d" relativeResultsDirectory="bfd2b949-4b32-4f51-ad5d-6025f5dfd92e" />
    <UnitTestResult executionId="bb0f48f5-4d53-451b-a9af-9c6854443ad6" testId="8b1a8b2b-aee2-d0b3-813b-52f3716e6021" testName="WhenGetByDeviceFailedItShouldLog" computerName="DKSR-EFI-04" duration="00:00:00.0062437" startTime="2023-12-22T09:32:08.8027335+01:00" endTime="2023-12-22T09:32:08.8183590+01:00" testType="13cdc9d9-ddb5-4fa4-a97d-d965ccfc6d4b" outcome="Passed" testListId="8c84fa94-04c1-424b-9868-57a2d4851a1d" relativeResultsDirectory="bb0f48f5-4d53-451b-a9af-9c6854443ad6" />
    <UnitTestResult executionId="dd53d763-d429-4b03-9fc9-8ba99e0a7513" testId="8e838d6f-9013-b6c9-6b0d-69f088ab17b5" testName="WhenAnStickyNoteIsDeletedItShouldAuditLog" computerName="DKSR-EFI-04" duration="00:00:00.0053513" startTime="2023-12-22T09:32:08.8183590+01:00" endTime="2023-12-22T09:32:08.8339815+01:00" testType="13cdc9d9-ddb5-4fa4-a97d-d965ccfc6d4b" outcome="Passed" testListId="8c84fa94-04c1-424b-9868-57a2d4851a1d" relativeResultsDirectory="dd53d763-d429-4b03-9fc9-8ba99e0a7513" />
    <UnitTestResult executionId="123afd0b-945e-45d5-b200-d61e5ea777ad" testId="8ef07768-a386-d17d-7254-f2bf859c8bbf" testName="WhenCreatedWithCopyConstructorItShouldHaveSameValues" computerName="DKSR-EFI-04" duration="00:00:00.0004072" startTime="2023-12-22T09:32:08.4277301+01:00" endTime="2023-12-22T09:32:08.4277301+01:00" testType="13cdc9d9-ddb5-4fa4-a97d-d965ccfc6d4b" outcome="Passed" testListId="8c84fa94-04c1-424b-9868-57a2d4851a1d" relativeResultsDirectory="123afd0b-945e-45d5-b200-d61e5ea777ad" />
    <UnitTestResult executionId="3b126a49-4dc4-4f26-ab2f-e901c34d83c0" testId="6387690d-d4ff-3dde-71a1-b8ff786d5033" testName="WhenGettingImportanceLevelByIdItShouldGetImportanceLevel" computerName="DKSR-EFI-04" duration="00:00:00.0070064" startTime="2023-12-22T09:32:08.4121048+01:00" endTime="2023-12-22T09:32:08.4121048+01:00" testType="13cdc9d9-ddb5-4fa4-a97d-d965ccfc6d4b" outcome="Passed" testListId="8c84fa94-04c1-424b-9868-57a2d4851a1d" relativeResultsDirectory="3b126a49-4dc4-4f26-ab2f-e901c34d83c0" />
    <UnitTestResult executionId="e0071182-5f8f-4b7f-815b-8be8808c2ae7" testId="850948ba-797c-eb58-9515-f964ed8ca6b8" testName="WhenRoleHasNoWritePermissionItShouldNotAllowToDelete" computerName="DKSR-EFI-04" duration="00:00:00.0037488" startTime="2023-12-22T09:32:08.8964812+01:00" endTime="2023-12-22T09:32:08.8964812+01:00" testType="13cdc9d9-ddb5-4fa4-a97d-d965ccfc6d4b" outcome="Passed" testListId="8c84fa94-04c1-424b-9868-57a2d4851a1d" relativeResultsDirectory="e0071182-5f8f-4b7f-815b-8be8808c2ae7" />
    <UnitTestResult executionId="e2db67de-b525-4cb0-8cb9-dc4bca3ed9a9" testId="239ba6a3-059a-b6ff-54b5-a45f8d13bbf1" testName="WhenStickyNotesImportanceLevelProviderIsConstructedItShouldSetImportanceLevels" computerName="DKSR-EFI-04" duration="00:00:01.0283928" startTime="2023-12-22T09:32:07.2246001+01:00" endTime="2023-12-22T09:32:08.3964798+01:00" testType="13cdc9d9-ddb5-4fa4-a97d-d965ccfc6d4b" outcome="Passed" testListId="8c84fa94-04c1-424b-9868-57a2d4851a1d" relativeResultsDirectory="e2db67de-b525-4cb0-8cb9-dc4bca3ed9a9" />
    <UnitTestResult executionId="a86c779a-fed6-40c5-afc6-167f77ddce86" testId="12bf7871-c816-5c06-6f7c-320a4d33f2cd" testName="WhenUpdateFailedItShouldLog" computerName="DKSR-EFI-04" duration="00:00:00.0052589" startTime="2023-12-22T09:32:08.7871077+01:00" endTime="2023-12-22T09:32:08.7871077+01:00" testType="13cdc9d9-ddb5-4fa4-a97d-d965ccfc6d4b" outcome="Passed" testListId="8c84fa94-04c1-424b-9868-57a2d4851a1d" relativeResultsDirectory="a86c779a-fed6-40c5-afc6-167f77ddce86" />
    <UnitTestResult executionId="b6bee25a-2e15-4739-9689-0e21690f8a62" testId="dca894ac-8f16-fd39-fc60-dd4ce72aec7d" testName="WhenDeleteIsCalledItShouldCallSendStickyNoteDeletedEvent" computerName="DKSR-EFI-04" duration="00:00:00.0050690" startTime="2023-12-22T09:32:08.9277310+01:00" endTime="2023-12-22T09:32:08.9277310+01:00" testType="13cdc9d9-ddb5-4fa4-a97d-d965ccfc6d4b" outcome="Passed" testListId="8c84fa94-04c1-424b-9868-57a2d4851a1d" relativeResultsDirectory="b6bee25a-2e15-4739-9689-0e21690f8a62" />
    <UnitTestResult executionId="0787b116-9ff4-4959-b99b-1f172c978656" testId="4b5cda93-8327-a470-cc86-b4894c6d2148" testName="WhenUpdateIsCalledItShouldCallMipSaveItemConfiguration" computerName="DKSR-EFI-04" duration="00:00:00.0043758" startTime="2023-12-22T09:32:08.9121065+01:00" endTime="2023-12-22T09:32:08.9121065+01:00" testType="13cdc9d9-ddb5-4fa4-a97d-d965ccfc6d4b" outcome="Passed" testListId="8c84fa94-04c1-424b-9868-57a2d4851a1d" relativeResultsDirectory="0787b116-9ff4-4959-b99b-1f172c978656" />
    <UnitTestResult executionId="8515089b-9418-4e2d-b6ad-44d9b0f77515" testId="855a9391-7482-1028-9412-8d7011bd04ab" testName="WhenAStickyNoteIsDeletedItShouldBroadcastDeletedMessage" computerName="DKSR-EFI-04" duration="00:00:00.0057350" startTime="2023-12-22T09:32:08.8339815+01:00" endTime="2023-12-22T09:32:08.8496073+01:00" testType="13cdc9d9-ddb5-4fa4-a97d-d965ccfc6d4b" outcome="Passed" testListId="8c84fa94-04c1-424b-9868-57a2d4851a1d" relativeResultsDirectory="8515089b-9418-4e2d-b6ad-44d9b0f77515" />
    <UnitTestResult executionId="3647cc38-a75e-4689-8709-cfe7a5ab59f0" testId="5454b93f-f904-d9e7-166b-2ef721050b58" testName="WhenAStickyNoteIsCreatedItShouldBroadcastChangedMessage" computerName="DKSR-EFI-04" duration="00:00:00.0036536" startTime="2023-12-22T09:32:08.8339815+01:00" endTime="2023-12-22T09:32:08.8339815+01:00" testType="13cdc9d9-ddb5-4fa4-a97d-d965ccfc6d4b" outcome="Passed" testListId="8c84fa94-04c1-424b-9868-57a2d4851a1d" relativeResultsDirectory="3647cc38-a75e-4689-8709-cfe7a5ab59f0" />
    <UnitTestResult executionId="a9f3494f-02d1-4b03-a21b-b274fb2ffb63" testId="720b2de4-b7e1-0e44-4f77-94bdb3c19aae" testName="WhenDeleteIsCalledItShouldCallMipDeleteItemConfiguration" computerName="DKSR-EFI-04" duration="00:00:00.0110411" startTime="2023-12-22T09:32:08.8964812+01:00" endTime="2023-12-22T09:32:08.9121065+01:00" testType="13cdc9d9-ddb5-4fa4-a97d-d965ccfc6d4b" outcome="Passed" testListId="8c84fa94-04c1-424b-9868-57a2d4851a1d" relativeResultsDirectory="a9f3494f-02d1-4b03-a21b-b274fb2ffb63" />
    <UnitTestResult executionId="a1666048-b74e-4f24-9741-00925e0b5c4e" testId="212eb063-1d20-8bdf-482a-29ab8dd94bd1" testName="WhenCreateFailedItShouldLog" computerName="DKSR-EFI-04" duration="00:00:00.3473984" startTime="2023-12-22T09:32:08.4277301+01:00" endTime="2023-12-22T09:32:08.7871077+01:00" testType="13cdc9d9-ddb5-4fa4-a97d-d965ccfc6d4b" outcome="Passed" testListId="8c84fa94-04c1-424b-9868-57a2d4851a1d" relativeResultsDirectory="a1666048-b74e-4f24-9741-00925e0b5c4e" />
    <UnitTestResult executionId="bee004d5-f8d1-49d9-9f9a-b1d6d7b53bec" testId="a68df03d-f736-aeb8-5de1-b24ebd63ddc0" testName="WhenEditedItShouldChangeValues" computerName="DKSR-EFI-04" duration="00:00:00.0011416" startTime="2023-12-22T09:32:08.4277301+01:00" endTime="2023-12-22T09:32:08.4277301+01:00" testType="13cdc9d9-ddb5-4fa4-a97d-d965ccfc6d4b" outcome="Passed" testListId="8c84fa94-04c1-424b-9868-57a2d4851a1d" relativeResultsDirectory="bee004d5-f8d1-49d9-9f9a-b1d6d7b53bec" />
    <UnitTestResult executionId="5d3b3940-6e72-4030-bbc1-b0e8cf5be3b3" testId="407e3d5c-c848-6e73-5d0d-5dcecd92f154" testName="WhenRoleHasNoWritePermissionItShouldNotAllowToUpdate" computerName="DKSR-EFI-04" duration="00:00:00.0034503" startTime="2023-12-22T09:32:08.8808567+01:00" endTime="2023-12-22T09:32:08.8964812+01:00" testType="13cdc9d9-ddb5-4fa4-a97d-d965ccfc6d4b" outcome="Passed" testListId="8c84fa94-04c1-424b-9868-57a2d4851a1d" relativeResultsDirectory="5d3b3940-6e72-4030-bbc1-b0e8cf5be3b3" />
    <UnitTestResult executionId="52eca310-bcb3-4f0d-9045-f8e8da76c384" testId="cc6066cd-f1e3-c832-99e5-805d250b3caf" testName="WhenAStickyNoteIsClosedItShouldUnattachFromCommunicationMessageEvents" computerName="DKSR-EFI-04" duration="00:00:00.0055854" startTime="2023-12-22T09:32:08.8652323+01:00" endTime="2023-12-22T09:32:08.8808567+01:00" testType="13cdc9d9-ddb5-4fa4-a97d-d965ccfc6d4b" outcome="Passed" testListId="8c84fa94-04c1-424b-9868-57a2d4851a1d" relativeResultsDirectory="52eca310-bcb3-4f0d-9045-f8e8da76c384" />
    <UnitTestResult executionId="41183c32-f961-4bb0-bb1e-0e739fd193f5" testId="8446860b-fdcd-bb9b-8aa3-c2d0634fcb23" testName="WhenAStickyNoteIsInitializedItShouldAttachToCommunicationMessageEvents" computerName="DKSR-EFI-04" duration="00:00:00.0239441" startTime="2023-12-22T09:32:08.8496073+01:00" endTime="2023-12-22T09:32:08.8652323+01:00" testType="13cdc9d9-ddb5-4fa4-a97d-d965ccfc6d4b" outcome="Passed" testListId="8c84fa94-04c1-424b-9868-57a2d4851a1d" relativeResultsDirectory="41183c32-f961-4bb0-bb1e-0e739fd193f5" />
    <UnitTestResult executionId="32eed434-ac4d-40a1-9e44-66be6050e717" testId="8b94c550-6f8f-0222-a1b6-6745267d0984" testName="WhenUpdateIsCalledItShouldCallSendStickyNoteUpdatedEvent" computerName="DKSR-EFI-04" duration="00:00:00.0051355" startTime="2023-12-22T09:32:08.9277310+01:00" endTime="2023-12-22T09:32:08.9277310+01:00" testType="13cdc9d9-ddb5-4fa4-a97d-d965ccfc6d4b" outcome="Passed" testListId="8c84fa94-04c1-424b-9868-57a2d4851a1d" relativeResultsDirectory="32eed434-ac4d-40a1-9e44-66be6050e717" />
    <UnitTestResult executionId="5cbfd785-54fe-462b-9cb9-127efec5a559" testId="a62b2274-5bba-ed83-efb2-a397bfb2ab40" testName="WhenCreateIsCalledItShouldCallMipSaveItemConfiguration" computerName="DKSR-EFI-04" duration="00:00:00.0035507" startTime="2023-12-22T09:32:08.9121065+01:00" endTime="2023-12-22T09:32:08.9121065+01:00" testType="13cdc9d9-ddb5-4fa4-a97d-d965ccfc6d4b" outcome="Passed" testListId="8c84fa94-04c1-424b-9868-57a2d4851a1d" relativeResultsDirectory="5cbfd785-54fe-462b-9cb9-127efec5a559" />
    <UnitTestResult executionId="c6eb875b-5b26-47f6-941e-3d15e370e36b" testId="e6ffaff1-d7e4-c585-f339-2d4d39faa960" testName="WhenGettingImportanceLevelNameItShouldGetImportanceLevelName" computerName="DKSR-EFI-04" duration="00:00:00.0006648" startTime="2023-12-22T09:32:08.4121048+01:00" endTime="2023-12-22T09:32:08.4121048+01:00" testType="13cdc9d9-ddb5-4fa4-a97d-d965ccfc6d4b" outcome="Passed" testListId="8c84fa94-04c1-424b-9868-57a2d4851a1d" relativeResultsDirectory="c6eb875b-5b26-47f6-941e-3d15e370e36b" />
    <UnitTestResult executionId="46d927e7-23d1-439c-bab9-32a3c10fe4dc" testId="94fdcd30-3e4f-8171-8256-05a8b0016ff8" testName="WhenDeleteFailedItShouldLog" computerName="DKSR-EFI-04" duration="00:00:00.0115890" startTime="2023-12-22T09:32:08.7871077+01:00" endTime="2023-12-22T09:32:08.8027335+01:00" testType="13cdc9d9-ddb5-4fa4-a97d-d965ccfc6d4b" outcome="Passed" testListId="8c84fa94-04c1-424b-9868-57a2d4851a1d" relativeResultsDirectory="46d927e7-23d1-439c-bab9-32a3c10fe4dc" />
  </Results>
  <TestDefinitions>
    <UnitTest name="WhenEditedItShouldChangeValues" storage="d:\actions-runner\_work\xpco\xpco\addons\plugins\stickynotes\tst\videoos.plugins.stickynotes.common.unittests\bin\x64\debug\net472\videoos.plugins.stickynotes.common.unittests.dll" id="a68df03d-f736-aeb8-5de1-b24ebd63ddc0">
      <Execution id="bee004d5-f8d1-49d9-9f9a-b1d6d7b53bec" />
      <TestMethod codeBase="D:\actions-runner\_work\XPCO\XPCO\AddOns\Plugins\StickyNotes\tst\VideoOS.Plugins.StickyNotes.Common.UnitTests\bin\x64\Debug\net472\VideoOS.Plugins.StickyNotes.Common.UnitTests.dll" adapterTypeName="executor://mstestadapter/v2" className="VideoOS.Plugins.StickyNotes.Common.UnitTests.StickyNotesItemTests" name="WhenEditedItShouldChangeValues" />
    </UnitTest>
    <UnitTest name="WhenCreateIsCalledItShouldCallSendStickyNoteCreatedEvent" storage="d:\actions-runner\_work\xpco\xpco\addons\plugins\stickynotes\tst\videoos.plugins.stickynotes.common.unittests\bin\x64\debug\net472\videoos.plugins.stickynotes.common.unittests.dll" id="7010153b-1fd2-4f6e-ef06-15513d771b1e">
      <Execution id="c1a27d57-683b-42ba-a1d5-69cf3f5272bc" />
      <TestMethod codeBase="D:\actions-runner\_work\XPCO\XPCO\AddOns\Plugins\StickyNotes\tst\VideoOS.Plugins.StickyNotes.Common.UnitTests\bin\x64\Debug\net472\VideoOS.Plugins.StickyNotes.Common.UnitTests.dll" adapterTypeName="executor://mstestadapter/v2" className="VideoOS.Plugins.StickyNotes.Common.UnitTests.stickyNotesRepositoryTests" name="WhenCreateIsCalledItShouldCallSendStickyNoteCreatedEvent" />
    </UnitTest>
    <UnitTest name="WhenRoleHasNoWritePermissionItShouldNotAllowToDelete" storage="d:\actions-runner\_work\xpco\xpco\addons\plugins\stickynotes\tst\videoos.plugins.stickynotes.common.unittests\bin\x64\debug\net472\videoos.plugins.stickynotes.common.unittests.dll" id="850948ba-797c-eb58-9515-f964ed8ca6b8">
      <Execution id="e0071182-5f8f-4b7f-815b-8be8808c2ae7" />
      <TestMethod codeBase="D:\actions-runner\_work\XPCO\XPCO\AddOns\Plugins\StickyNotes\tst\VideoOS.Plugins.StickyNotes.Common.UnitTests\bin\x64\Debug\net472\VideoOS.Plugins.StickyNotes.Common.UnitTests.dll" adapterTypeName="executor://mstestadapter/v2" className="VideoOS.Plugins.StickyNotes.Common.UnitTests.stickyNotesRepositoryTests" name="WhenRoleHasNoWritePermissionItShouldNotAllowToDelete" />
    </UnitTest>
    <UnitTest name="WhenUpdateFailedItShouldLog" storage="d:\actions-runner\_work\xpco\xpco\addons\plugins\stickynotes\tst\videoos.plugins.stickynotes.common.unittests\bin\x64\debug\net472\videoos.plugins.stickynotes.common.unittests.dll" id="12bf7871-c816-5c06-6f7c-320a4d33f2cd">
      <Execution id="a86c779a-fed6-40c5-afc6-167f77ddce86" />
      <TestMethod codeBase="D:\actions-runner\_work\XPCO\XPCO\AddOns\Plugins\StickyNotes\tst\VideoOS.Plugins.StickyNotes.Common.UnitTests\bin\x64\Debug\net472\VideoOS.Plugins.StickyNotes.Common.UnitTests.dll" adapterTypeName="executor://mstestadapter/v2" className="VideoOS.Plugins.StickyNotes.Common.UnitTests.stickyNotesRepositoryTests" name="WhenUpdateFailedItShouldLog" />
    </UnitTest>
    <UnitTest name="WhenGettingImportanceLevelNameItShouldGetImportanceLevelName" storage="d:\actions-runner\_work\xpco\xpco\addons\plugins\stickynotes\tst\videoos.plugins.stickynotes.common.unittests\bin\x64\debug\net472\videoos.plugins.stickynotes.common.unittests.dll" id="e6ffaff1-d7e4-c585-f339-2d4d39faa960">
      <Execution id="c6eb875b-5b26-47f6-941e-3d15e370e36b" />
      <TestMethod codeBase="D:\actions-runner\_work\XPCO\XPCO\AddOns\Plugins\StickyNotes\tst\VideoOS.Plugins.StickyNotes.Common.UnitTests\bin\x64\Debug\net472\VideoOS.Plugins.StickyNotes.Common.UnitTests.dll" adapterTypeName="executor://mstestadapter/v2" className="VideoOS.Plugins.StickyNotes.Common.UnitTests.StickyNotesImportanceLevelProviderTests" name="WhenGettingImportanceLevelNameItShouldGetImportanceLevelName" />
    </UnitTest>
    <UnitTest name="WhenAStickyNoteIsDeletedItShouldBroadcastDeletedMessage" storage="d:\actions-runner\_work\xpco\xpco\addons\plugins\stickynotes\tst\videoos.plugins.stickynotes.common.unittests\bin\x64\debug\net472\videoos.plugins.stickynotes.common.unittests.dll" id="855a9391-7482-1028-9412-8d7011bd04ab">
      <Execution id="8515089b-9418-4e2d-b6ad-44d9b0f77515" />
      <TestMethod codeBase="D:\actions-runner\_work\XPCO\XPCO\AddOns\Plugins\StickyNotes\tst\VideoOS.Plugins.StickyNotes.Common.UnitTests\bin\x64\Debug\net472\VideoOS.Plugins.StickyNotes.Common.UnitTests.dll" adapterTypeName="executor://mstestadapter/v2" className="VideoOS.Plugins.StickyNotes.Common.UnitTests.stickyNotesRepositoryTests" name="WhenAStickyNoteIsDeletedItShouldBroadcastDeletedMessage" />
    </UnitTest>
    <UnitTest name="WhenGetByDeviceFailedItShouldLog" storage="d:\actions-runner\_work\xpco\xpco\addons\plugins\stickynotes\tst\videoos.plugins.stickynotes.common.unittests\bin\x64\debug\net472\videoos.plugins.stickynotes.common.unittests.dll" id="8b1a8b2b-aee2-d0b3-813b-52f3716e6021">
      <Execution id="bb0f48f5-4d53-451b-a9af-9c6854443ad6" />
      <TestMethod codeBase="D:\actions-runner\_work\XPCO\XPCO\AddOns\Plugins\StickyNotes\tst\VideoOS.Plugins.StickyNotes.Common.UnitTests\bin\x64\Debug\net472\VideoOS.Plugins.StickyNotes.Common.UnitTests.dll" adapterTypeName="executor://mstestadapter/v2" className="VideoOS.Plugins.StickyNotes.Common.UnitTests.stickyNotesRepositoryTests" name="WhenGetByDeviceFailedItShouldLog" />
    </UnitTest>
    <UnitTest name="WhenGettingByDeviceItShouldReturnStickyNotesItem" storage="d:\actions-runner\_work\xpco\xpco\addons\plugins\stickynotes\tst\videoos.plugins.stickynotes.common.unittests\bin\x64\debug\net472\videoos.plugins.stickynotes.common.unittests.dll" id="0e70bcc0-c401-2a46-9c22-5cb168c29091">
      <Execution id="bfd2b949-4b32-4f51-ad5d-6025f5dfd92e" />
      <TestMethod codeBase="D:\actions-runner\_work\XPCO\XPCO\AddOns\Plugins\StickyNotes\tst\VideoOS.Plugins.StickyNotes.Common.UnitTests\bin\x64\Debug\net472\VideoOS.Plugins.StickyNotes.Common.UnitTests.dll" adapterTypeName="executor://mstestadapter/v2" className="VideoOS.Plugins.StickyNotes.Common.UnitTests.stickyNotesRepositoryTests" name="WhenGettingByDeviceItShouldReturnStickyNotesItem" />
    </UnitTest>
    <UnitTest name="WhenAnStickyNoteIsDeletedItShouldAuditLog" storage="d:\actions-runner\_work\xpco\xpco\addons\plugins\stickynotes\tst\videoos.plugins.stickynotes.common.unittests\bin\x64\debug\net472\videoos.plugins.stickynotes.common.unittests.dll" id="8e838d6f-9013-b6c9-6b0d-69f088ab17b5">
      <Execution id="dd53d763-d429-4b03-9fc9-8ba99e0a7513" />
      <TestMethod codeBase="D:\actions-runner\_work\XPCO\XPCO\AddOns\Plugins\StickyNotes\tst\VideoOS.Plugins.StickyNotes.Common.UnitTests\bin\x64\Debug\net472\VideoOS.Plugins.StickyNotes.Common.UnitTests.dll" adapterTypeName="executor://mstestadapter/v2" className="VideoOS.Plugins.StickyNotes.Common.UnitTests.stickyNotesRepositoryTests" name="WhenAnStickyNoteIsDeletedItShouldAuditLog" />
    </UnitTest>
    <UnitTest name="WhenCreateFailedItShouldLog" storage="d:\actions-runner\_work\xpco\xpco\addons\plugins\stickynotes\tst\videoos.plugins.stickynotes.common.unittests\bin\x64\debug\net472\videoos.plugins.stickynotes.common.unittests.dll" id="212eb063-1d20-8bdf-482a-29ab8dd94bd1">
      <Execution id="a1666048-b74e-4f24-9741-00925e0b5c4e" />
      <TestMethod codeBase="D:\actions-runner\_work\XPCO\XPCO\AddOns\Plugins\StickyNotes\tst\VideoOS.Plugins.StickyNotes.Common.UnitTests\bin\x64\Debug\net472\VideoOS.Plugins.StickyNotes.Common.UnitTests.dll" adapterTypeName="executor://mstestadapter/v2" className="VideoOS.Plugins.StickyNotes.Common.UnitTests.stickyNotesRepositoryTests" name="WhenCreateFailedItShouldLog" />
    </UnitTest>
    <UnitTest name="WhenDeleteIsCalledItShouldCallSendStickyNoteDeletedEvent" storage="d:\actions-runner\_work\xpco\xpco\addons\plugins\stickynotes\tst\videoos.plugins.stickynotes.common.unittests\bin\x64\debug\net472\videoos.plugins.stickynotes.common.unittests.dll" id="dca894ac-8f16-fd39-fc60-dd4ce72aec7d">
      <Execution id="b6bee25a-2e15-4739-9689-0e21690f8a62" />
      <TestMethod codeBase="D:\actions-runner\_work\XPCO\XPCO\AddOns\Plugins\StickyNotes\tst\VideoOS.Plugins.StickyNotes.Common.UnitTests\bin\x64\Debug\net472\VideoOS.Plugins.StickyNotes.Common.UnitTests.dll" adapterTypeName="executor://mstestadapter/v2" className="VideoOS.Plugins.StickyNotes.Common.UnitTests.stickyNotesRepositoryTests" name="WhenDeleteIsCalledItShouldCallSendStickyNoteDeletedEvent" />
    </UnitTest>
    <UnitTest name="WhenRoleHasNoWritePermissionItShouldNotAllowToUpdate" storage="d:\actions-runner\_work\xpco\xpco\addons\plugins\stickynotes\tst\videoos.plugins.stickynotes.common.unittests\bin\x64\debug\net472\videoos.plugins.stickynotes.common.unittests.dll" id="407e3d5c-c848-6e73-5d0d-5dcecd92f154">
      <Execution id="5d3b3940-6e72-4030-bbc1-b0e8cf5be3b3" />
      <TestMethod codeBase="D:\actions-runner\_work\XPCO\XPCO\AddOns\Plugins\StickyNotes\tst\VideoOS.Plugins.StickyNotes.Common.UnitTests\bin\x64\Debug\net472\VideoOS.Plugins.StickyNotes.Common.UnitTests.dll" adapterTypeName="executor://mstestadapter/v2" className="VideoOS.Plugins.StickyNotes.Common.UnitTests.stickyNotesRepositoryTests" name="WhenRoleHasNoWritePermissionItShouldNotAllowToUpdate" />
    </UnitTest>
    <UnitTest name="WhenStickyNotesImportanceLevelProviderIsConstructedItShouldSetImportanceLevels" storage="d:\actions-runner\_work\xpco\xpco\addons\plugins\stickynotes\tst\videoos.plugins.stickynotes.common.unittests\bin\x64\debug\net472\videoos.plugins.stickynotes.common.unittests.dll" id="239ba6a3-059a-b6ff-54b5-a45f8d13bbf1">
      <Execution id="e2db67de-b525-4cb0-8cb9-dc4bca3ed9a9" />
      <TestMethod codeBase="D:\actions-runner\_work\XPCO\XPCO\AddOns\Plugins\StickyNotes\tst\VideoOS.Plugins.StickyNotes.Common.UnitTests\bin\x64\Debug\net472\VideoOS.Plugins.StickyNotes.Common.UnitTests.dll" adapterTypeName="executor://mstestadapter/v2" className="VideoOS.Plugins.StickyNotes.Common.UnitTests.StickyNotesImportanceLevelProviderTests" name="WhenStickyNotesImportanceLevelProviderIsConstructedItShouldSetImportanceLevels" />
    </UnitTest>
    <UnitTest name="WhenAnStickyNoteIsUpdatedItShouldAuditLog" storage="d:\actions-runner\_work\xpco\xpco\addons\plugins\stickynotes\tst\videoos.plugins.stickynotes.common.unittests\bin\x64\debug\net472\videoos.plugins.stickynotes.common.unittests.dll" id="92fb149e-4893-b3a6-b415-9ac6eb0c8dc1">
      <Execution id="a0655af4-d482-4ca2-adce-cc7b7f455412" />
      <TestMethod codeBase="D:\actions-runner\_work\XPCO\XPCO\AddOns\Plugins\StickyNotes\tst\VideoOS.Plugins.StickyNotes.Common.UnitTests\bin\x64\Debug\net472\VideoOS.Plugins.StickyNotes.Common.UnitTests.dll" adapterTypeName="executor://mstestadapter/v2" className="VideoOS.Plugins.StickyNotes.Common.UnitTests.stickyNotesRepositoryTests" name="WhenAnStickyNoteIsUpdatedItShouldAuditLog" />
    </UnitTest>
    <UnitTest name="WhenCreatedWithCopyConstructorItShouldHaveSameValues" storage="d:\actions-runner\_work\xpco\xpco\addons\plugins\stickynotes\tst\videoos.plugins.stickynotes.common.unittests\bin\x64\debug\net472\videoos.plugins.stickynotes.common.unittests.dll" id="8ef07768-a386-d17d-7254-f2bf859c8bbf">
      <Execution id="123afd0b-945e-45d5-b200-d61e5ea777ad" />
      <TestMethod codeBase="D:\actions-runner\_work\XPCO\XPCO\AddOns\Plugins\StickyNotes\tst\VideoOS.Plugins.StickyNotes.Common.UnitTests\bin\x64\Debug\net472\VideoOS.Plugins.StickyNotes.Common.UnitTests.dll" adapterTypeName="executor://mstestadapter/v2" className="VideoOS.Plugins.StickyNotes.Common.UnitTests.StickyNotesItemTests" name="WhenCreatedWithCopyConstructorItShouldHaveSameValues" />
    </UnitTest>
    <UnitTest name="WhenAStickyNoteIsInitializedItShouldAttachToCommunicationMessageEvents" storage="d:\actions-runner\_work\xpco\xpco\addons\plugins\stickynotes\tst\videoos.plugins.stickynotes.common.unittests\bin\x64\debug\net472\videoos.plugins.stickynotes.common.unittests.dll" id="8446860b-fdcd-bb9b-8aa3-c2d0634fcb23">
      <Execution id="41183c32-f961-4bb0-bb1e-0e739fd193f5" />
      <TestMethod codeBase="D:\actions-runner\_work\XPCO\XPCO\AddOns\Plugins\StickyNotes\tst\VideoOS.Plugins.StickyNotes.Common.UnitTests\bin\x64\Debug\net472\VideoOS.Plugins.StickyNotes.Common.UnitTests.dll" adapterTypeName="executor://mstestadapter/v2" className="VideoOS.Plugins.StickyNotes.Common.UnitTests.stickyNotesRepositoryTests" name="WhenAStickyNoteIsInitializedItShouldAttachToCommunicationMessageEvents" />
    </UnitTest>
    <UnitTest name="WhenCreatedWithSpecificValuesItShouldHaveSpecifiedValues" storage="d:\actions-runner\_work\xpco\xpco\addons\plugins\stickynotes\tst\videoos.plugins.stickynotes.common.unittests\bin\x64\debug\net472\videoos.plugins.stickynotes.common.unittests.dll" id="7241984f-f1d6-71cf-6238-425e617e970e">
      <Execution id="f6d58d3e-6efd-4aff-9dbc-2c67a01daa88" />
      <TestMethod codeBase="D:\actions-runner\_work\XPCO\XPCO\AddOns\Plugins\StickyNotes\tst\VideoOS.Plugins.StickyNotes.Common.UnitTests\bin\x64\Debug\net472\VideoOS.Plugins.StickyNotes.Common.UnitTests.dll" adapterTypeName="executor://mstestadapter/v2" className="VideoOS.Plugins.StickyNotes.Common.UnitTests.StickyNotesItemTests" name="WhenCreatedWithSpecificValuesItShouldHaveSpecifiedValues" />
    </UnitTest>
    <UnitTest name="WhenCreateIsCalledItShouldCallMipSaveItemConfiguration" storage="d:\actions-runner\_work\xpco\xpco\addons\plugins\stickynotes\tst\videoos.plugins.stickynotes.common.unittests\bin\x64\debug\net472\videoos.plugins.stickynotes.common.unittests.dll" id="a62b2274-5bba-ed83-efb2-a397bfb2ab40">
      <Execution id="5cbfd785-54fe-462b-9cb9-127efec5a559" />
      <TestMethod codeBase="D:\actions-runner\_work\XPCO\XPCO\AddOns\Plugins\StickyNotes\tst\VideoOS.Plugins.StickyNotes.Common.UnitTests\bin\x64\Debug\net472\VideoOS.Plugins.StickyNotes.Common.UnitTests.dll" adapterTypeName="executor://mstestadapter/v2" className="VideoOS.Plugins.StickyNotes.Common.UnitTests.stickyNotesRepositoryTests" name="WhenCreateIsCalledItShouldCallMipSaveItemConfiguration" />
    </UnitTest>
    <UnitTest name="WhenDeleteFailedItShouldLog" storage="d:\actions-runner\_work\xpco\xpco\addons\plugins\stickynotes\tst\videoos.plugins.stickynotes.common.unittests\bin\x64\debug\net472\videoos.plugins.stickynotes.common.unittests.dll" id="94fdcd30-3e4f-8171-8256-05a8b0016ff8">
      <Execution id="46d927e7-23d1-439c-bab9-32a3c10fe4dc" />
      <TestMethod codeBase="D:\actions-runner\_work\XPCO\XPCO\AddOns\Plugins\StickyNotes\tst\VideoOS.Plugins.StickyNotes.Common.UnitTests\bin\x64\Debug\net472\VideoOS.Plugins.StickyNotes.Common.UnitTests.dll" adapterTypeName="executor://mstestadapter/v2" className="VideoOS.Plugins.StickyNotes.Common.UnitTests.stickyNotesRepositoryTests" name="WhenDeleteFailedItShouldLog" />
    </UnitTest>
    <UnitTest name="WhenRoleHasNoWritePermissionItShouldNotAllowToCreate" storage="d:\actions-runner\_work\xpco\xpco\addons\plugins\stickynotes\tst\videoos.plugins.stickynotes.common.unittests\bin\x64\debug\net472\videoos.plugins.stickynotes.common.unittests.dll" id="1a7090de-483c-f75d-948f-8dfbf47331c3">
      <Execution id="9aee5514-c9ee-47df-877e-364be6570b5d" />
      <TestMethod codeBase="D:\actions-runner\_work\XPCO\XPCO\AddOns\Plugins\StickyNotes\tst\VideoOS.Plugins.StickyNotes.Common.UnitTests\bin\x64\Debug\net472\VideoOS.Plugins.StickyNotes.Common.UnitTests.dll" adapterTypeName="executor://mstestadapter/v2" className="VideoOS.Plugins.StickyNotes.Common.UnitTests.stickyNotesRepositoryTests" name="WhenRoleHasNoWritePermissionItShouldNotAllowToCreate" />
    </UnitTest>
    <UnitTest name="WhenAnStickyNoteIsCreatedItShouldAuditLog" storage="d:\actions-runner\_work\xpco\xpco\addons\plugins\stickynotes\tst\videoos.plugins.stickynotes.common.unittests\bin\x64\debug\net472\videoos.plugins.stickynotes.common.unittests.dll" id="84d16e8a-8951-d3b7-fd1b-9fc5023ec53d">
      <Execution id="84c0c9dd-e032-46ef-aa2e-e4e438dc00cd" />
      <TestMethod codeBase="D:\actions-runner\_work\XPCO\XPCO\AddOns\Plugins\StickyNotes\tst\VideoOS.Plugins.StickyNotes.Common.UnitTests\bin\x64\Debug\net472\VideoOS.Plugins.StickyNotes.Common.UnitTests.dll" adapterTypeName="executor://mstestadapter/v2" className="VideoOS.Plugins.StickyNotes.Common.UnitTests.stickyNotesRepositoryTests" name="WhenAnStickyNoteIsCreatedItShouldAuditLog" />
    </UnitTest>
    <UnitTest name="WhenAStickyNoteIsUpdatedItShouldBroadcastChangedMessage" storage="d:\actions-runner\_work\xpco\xpco\addons\plugins\stickynotes\tst\videoos.plugins.stickynotes.common.unittests\bin\x64\debug\net472\videoos.plugins.stickynotes.common.unittests.dll" id="edf4e059-b275-2d02-fb3e-e3137e51bbb2">
      <Execution id="b7db0e62-7539-4dbc-9e8e-eafbed353913" />
      <TestMethod codeBase="D:\actions-runner\_work\XPCO\XPCO\AddOns\Plugins\StickyNotes\tst\VideoOS.Plugins.StickyNotes.Common.UnitTests\bin\x64\Debug\net472\VideoOS.Plugins.StickyNotes.Common.UnitTests.dll" adapterTypeName="executor://mstestadapter/v2" className="VideoOS.Plugins.StickyNotes.Common.UnitTests.stickyNotesRepositoryTests" name="WhenAStickyNoteIsUpdatedItShouldBroadcastChangedMessage" />
    </UnitTest>
    <UnitTest name="WhenStickyNotesItemIsCreatedLastUpdatedShouldBeInUtc" storage="d:\actions-runner\_work\xpco\xpco\addons\plugins\stickynotes\tst\videoos.plugins.stickynotes.common.unittests\bin\x64\debug\net472\videoos.plugins.stickynotes.common.unittests.dll" id="9dbfaa99-dbe4-cb10-dc7e-5d613d85df6f">
      <Execution id="d0b8b9c0-30ea-4219-b2aa-e87ac9d15247" />
      <TestMethod codeBase="D:\actions-runner\_work\XPCO\XPCO\AddOns\Plugins\StickyNotes\tst\VideoOS.Plugins.StickyNotes.Common.UnitTests\bin\x64\Debug\net472\VideoOS.Plugins.StickyNotes.Common.UnitTests.dll" adapterTypeName="executor://mstestadapter/v2" className="VideoOS.Plugins.StickyNotes.Common.UnitTests.StickyNotesItemTests" name="WhenStickyNotesItemIsCreatedLastUpdatedShouldBeInUtc" />
    </UnitTest>
    <UnitTest name="WhenDeleteIsCalledItShouldCallMipDeleteItemConfiguration" storage="d:\actions-runner\_work\xpco\xpco\addons\plugins\stickynotes\tst\videoos.plugins.stickynotes.common.unittests\bin\x64\debug\net472\videoos.plugins.stickynotes.common.unittests.dll" id="720b2de4-b7e1-0e44-4f77-94bdb3c19aae">
      <Execution id="a9f3494f-02d1-4b03-a21b-b274fb2ffb63" />
      <TestMethod codeBase="D:\actions-runner\_work\XPCO\XPCO\AddOns\Plugins\StickyNotes\tst\VideoOS.Plugins.StickyNotes.Common.UnitTests\bin\x64\Debug\net472\VideoOS.Plugins.StickyNotes.Common.UnitTests.dll" adapterTypeName="executor://mstestadapter/v2" className="VideoOS.Plugins.StickyNotes.Common.UnitTests.stickyNotesRepositoryTests" name="WhenDeleteIsCalledItShouldCallMipDeleteItemConfiguration" />
    </UnitTest>
    <UnitTest name="WhenUpdateIsCalledItShouldCallSendStickyNoteUpdatedEvent" storage="d:\actions-runner\_work\xpco\xpco\addons\plugins\stickynotes\tst\videoos.plugins.stickynotes.common.unittests\bin\x64\debug\net472\videoos.plugins.stickynotes.common.unittests.dll" id="8b94c550-6f8f-0222-a1b6-6745267d0984">
      <Execution id="32eed434-ac4d-40a1-9e44-66be6050e717" />
      <TestMethod codeBase="D:\actions-runner\_work\XPCO\XPCO\AddOns\Plugins\StickyNotes\tst\VideoOS.Plugins.StickyNotes.Common.UnitTests\bin\x64\Debug\net472\VideoOS.Plugins.StickyNotes.Common.UnitTests.dll" adapterTypeName="executor://mstestadapter/v2" className="VideoOS.Plugins.StickyNotes.Common.UnitTests.stickyNotesRepositoryTests" name="WhenUpdateIsCalledItShouldCallSendStickyNoteUpdatedEvent" />
    </UnitTest>
    <UnitTest name="WhenAStickyNoteIsClosedItShouldUnattachFromCommunicationMessageEvents" storage="d:\actions-runner\_work\xpco\xpco\addons\plugins\stickynotes\tst\videoos.plugins.stickynotes.common.unittests\bin\x64\debug\net472\videoos.plugins.stickynotes.common.unittests.dll" id="cc6066cd-f1e3-c832-99e5-805d250b3caf">
      <Execution id="52eca310-bcb3-4f0d-9045-f8e8da76c384" />
      <TestMethod codeBase="D:\actions-runner\_work\XPCO\XPCO\AddOns\Plugins\StickyNotes\tst\VideoOS.Plugins.StickyNotes.Common.UnitTests\bin\x64\Debug\net472\VideoOS.Plugins.StickyNotes.Common.UnitTests.dll" adapterTypeName="executor://mstestadapter/v2" className="VideoOS.Plugins.StickyNotes.Common.UnitTests.stickyNotesRepositoryTests" name="WhenAStickyNoteIsClosedItShouldUnattachFromCommunicationMessageEvents" />
    </UnitTest>
    <UnitTest name="WhenAStickyNoteIsCreatedItShouldBroadcastChangedMessage" storage="d:\actions-runner\_work\xpco\xpco\addons\plugins\stickynotes\tst\videoos.plugins.stickynotes.common.unittests\bin\x64\debug\net472\videoos.plugins.stickynotes.common.unittests.dll" id="5454b93f-f904-d9e7-166b-2ef721050b58">
      <Execution id="3647cc38-a75e-4689-8709-cfe7a5ab59f0" />
      <TestMethod codeBase="D:\actions-runner\_work\XPCO\XPCO\AddOns\Plugins\StickyNotes\tst\VideoOS.Plugins.StickyNotes.Common.UnitTests\bin\x64\Debug\net472\VideoOS.Plugins.StickyNotes.Common.UnitTests.dll" adapterTypeName="executor://mstestadapter/v2" className="VideoOS.Plugins.StickyNotes.Common.UnitTests.stickyNotesRepositoryTests" name="WhenAStickyNoteIsCreatedItShouldBroadcastChangedMessage" />
    </UnitTest>
    <UnitTest name="WhenGettingImportanceLevelByIdItShouldGetImportanceLevel" storage="d:\actions-runner\_work\xpco\xpco\addons\plugins\stickynotes\tst\videoos.plugins.stickynotes.common.unittests\bin\x64\debug\net472\videoos.plugins.stickynotes.common.unittests.dll" id="6387690d-d4ff-3dde-71a1-b8ff786d5033">
      <Execution id="3b126a49-4dc4-4f26-ab2f-e901c34d83c0" />
      <TestMethod codeBase="D:\actions-runner\_work\XPCO\XPCO\AddOns\Plugins\StickyNotes\tst\VideoOS.Plugins.StickyNotes.Common.UnitTests\bin\x64\Debug\net472\VideoOS.Plugins.StickyNotes.Common.UnitTests.dll" adapterTypeName="executor://mstestadapter/v2" className="VideoOS.Plugins.StickyNotes.Common.UnitTests.StickyNotesImportanceLevelProviderTests" name="WhenGettingImportanceLevelByIdItShouldGetImportanceLevel" />
    </UnitTest>
    <UnitTest name="WhenUpdateIsCalledItShouldCallMipSaveItemConfiguration" storage="d:\actions-runner\_work\xpco\xpco\addons\plugins\stickynotes\tst\videoos.plugins.stickynotes.common.unittests\bin\x64\debug\net472\videoos.plugins.stickynotes.common.unittests.dll" id="4b5cda93-8327-a470-cc86-b4894c6d2148">
      <Execution id="0787b116-9ff4-4959-b99b-1f172c978656" />
      <TestMethod codeBase="D:\actions-runner\_work\XPCO\XPCO\AddOns\Plugins\StickyNotes\tst\VideoOS.Plugins.StickyNotes.Common.UnitTests\bin\x64\Debug\net472\VideoOS.Plugins.StickyNotes.Common.UnitTests.dll" adapterTypeName="executor://mstestadapter/v2" className="VideoOS.Plugins.StickyNotes.Common.UnitTests.stickyNotesRepositoryTests" name="WhenUpdateIsCalledItShouldCallMipSaveItemConfiguration" />
    </UnitTest>
  </TestDefinitions>
  <TestEntries>
    <TestEntry testId="1a7090de-483c-f75d-948f-8dfbf47331c3" executionId="9aee5514-c9ee-47df-877e-364be6570b5d" testListId="8c84fa94-04c1-424b-9868-57a2d4851a1d" />
    <TestEntry testId="7010153b-1fd2-4f6e-ef06-15513d771b1e" executionId="c1a27d57-683b-42ba-a1d5-69cf3f5272bc" testListId="8c84fa94-04c1-424b-9868-57a2d4851a1d" />
    <TestEntry testId="edf4e059-b275-2d02-fb3e-e3137e51bbb2" executionId="b7db0e62-7539-4dbc-9e8e-eafbed353913" testListId="8c84fa94-04c1-424b-9868-57a2d4851a1d" />
    <TestEntry testId="92fb149e-4893-b3a6-b415-9ac6eb0c8dc1" executionId="a0655af4-d482-4ca2-adce-cc7b7f455412" testListId="8c84fa94-04c1-424b-9868-57a2d4851a1d" />
    <TestEntry testId="7241984f-f1d6-71cf-6238-425e617e970e" executionId="f6d58d3e-6efd-4aff-9dbc-2c67a01daa88" testListId="8c84fa94-04c1-424b-9868-57a2d4851a1d" />
    <TestEntry testId="84d16e8a-8951-d3b7-fd1b-9fc5023ec53d" executionId="84c0c9dd-e032-46ef-aa2e-e4e438dc00cd" testListId="8c84fa94-04c1-424b-9868-57a2d4851a1d" />
    <TestEntry testId="9dbfaa99-dbe4-cb10-dc7e-5d613d85df6f" executionId="d0b8b9c0-30ea-4219-b2aa-e87ac9d15247" testListId="8c84fa94-04c1-424b-9868-57a2d4851a1d" />
    <TestEntry testId="0e70bcc0-c401-2a46-9c22-5cb168c29091" executionId="bfd2b949-4b32-4f51-ad5d-6025f5dfd92e" testListId="8c84fa94-04c1-424b-9868-57a2d4851a1d" />
    <TestEntry testId="8b1a8b2b-aee2-d0b3-813b-52f3716e6021" executionId="bb0f48f5-4d53-451b-a9af-9c6854443ad6" testListId="8c84fa94-04c1-424b-9868-57a2d4851a1d" />
    <TestEntry testId="8e838d6f-9013-b6c9-6b0d-69f088ab17b5" executionId="dd53d763-d429-4b03-9fc9-8ba99e0a7513" testListId="8c84fa94-04c1-424b-9868-57a2d4851a1d" />
    <TestEntry testId="8ef07768-a386-d17d-7254-f2bf859c8bbf" executionId="123afd0b-945e-45d5-b200-d61e5ea777ad" testListId="8c84fa94-04c1-424b-9868-57a2d4851a1d" />
    <TestEntry testId="6387690d-d4ff-3dde-71a1-b8ff786d5033" executionId="3b126a49-4dc4-4f26-ab2f-e901c34d83c0" testListId="8c84fa94-04c1-424b-9868-57a2d4851a1d" />
    <TestEntry testId="850948ba-797c-eb58-9515-f964ed8ca6b8" executionId="e0071182-5f8f-4b7f-815b-8be8808c2ae7" testListId="8c84fa94-04c1-424b-9868-57a2d4851a1d" />
    <TestEntry testId="239ba6a3-059a-b6ff-54b5-a45f8d13bbf1" executionId="e2db67de-b525-4cb0-8cb9-dc4bca3ed9a9" testListId="8c84fa94-04c1-424b-9868-57a2d4851a1d" />
    <TestEntry testId="12bf7871-c816-5c06-6f7c-320a4d33f2cd" executionId="a86c779a-fed6-40c5-afc6-167f77ddce86" testListId="8c84fa94-04c1-424b-9868-57a2d4851a1d" />
    <TestEntry testId="dca894ac-8f16-fd39-fc60-dd4ce72aec7d" executionId="b6bee25a-2e15-4739-9689-0e21690f8a62" testListId="8c84fa94-04c1-424b-9868-57a2d4851a1d" />
    <TestEntry testId="4b5cda93-8327-a470-cc86-b4894c6d2148" executionId="0787b116-9ff4-4959-b99b-1f172c978656" testListId="8c84fa94-04c1-424b-9868-57a2d4851a1d" />
    <TestEntry testId="855a9391-7482-1028-9412-8d7011bd04ab" executionId="8515089b-9418-4e2d-b6ad-44d9b0f77515" testListId="8c84fa94-04c1-424b-9868-57a2d4851a1d" />
    <TestEntry testId="5454b93f-f904-d9e7-166b-2ef721050b58" executionId="3647cc38-a75e-4689-8709-cfe7a5ab59f0" testListId="8c84fa94-04c1-424b-9868-57a2d4851a1d" />
    <TestEntry testId="720b2de4-b7e1-0e44-4f77-94bdb3c19aae" executionId="a9f3494f-02d1-4b03-a21b-b274fb2ffb63" testListId="8c84fa94-04c1-424b-9868-57a2d4851a1d" />
    <TestEntry testId="212eb063-1d20-8bdf-482a-29ab8dd94bd1" executionId="a1666048-b74e-4f24-9741-00925e0b5c4e" testListId="8c84fa94-04c1-424b-9868-57a2d4851a1d" />
    <TestEntry testId="a68df03d-f736-aeb8-5de1-b24ebd63ddc0" executionId="bee004d5-f8d1-49d9-9f9a-b1d6d7b53bec" testListId="8c84fa94-04c1-424b-9868-57a2d4851a1d" />
    <TestEntry testId="407e3d5c-c848-6e73-5d0d-5dcecd92f154" executionId="5d3b3940-6e72-4030-bbc1-b0e8cf5be3b3" testListId="8c84fa94-04c1-424b-9868-57a2d4851a1d" />
    <TestEntry testId="cc6066cd-f1e3-c832-99e5-805d250b3caf" executionId="52eca310-bcb3-4f0d-9045-f8e8da76c384" testListId="8c84fa94-04c1-424b-9868-57a2d4851a1d" />
    <TestEntry testId="8446860b-fdcd-bb9b-8aa3-c2d0634fcb23" executionId="41183c32-f961-4bb0-bb1e-0e739fd193f5" testListId="8c84fa94-04c1-424b-9868-57a2d4851a1d" />
    <TestEntry testId="8b94c550-6f8f-0222-a1b6-6745267d0984" executionId="32eed434-ac4d-40a1-9e44-66be6050e717" testListId="8c84fa94-04c1-424b-9868-57a2d4851a1d" />
    <TestEntry testId="a62b2274-5bba-ed83-efb2-a397bfb2ab40" executionId="5cbfd785-54fe-462b-9cb9-127efec5a559" testListId="8c84fa94-04c1-424b-9868-57a2d4851a1d" />
    <TestEntry testId="e6ffaff1-d7e4-c585-f339-2d4d39faa960" executionId="c6eb875b-5b26-47f6-941e-3d15e370e36b" testListId="8c84fa94-04c1-424b-9868-57a2d4851a1d" />
    <TestEntry testId="94fdcd30-3e4f-8171-8256-05a8b0016ff8" executionId="46d927e7-23d1-439c-bab9-32a3c10fe4dc" testListId="8c84fa94-04c1-424b-9868-57a2d4851a1d" />
  </TestEntries>
  <TestLists>
    <TestList name="Results Not in a List" id="8c84fa94-04c1-424b-9868-57a2d4851a1d" />
    <TestList name="All Loaded Results" id="19431567-8539-422a-85d7-44ee4e166bda" />
  </TestLists>
  <ResultSummary outcome="Completed">
    <Counters total="29" executed="29" passed="29" failed="0" error="0" timeout="0" aborted="0" inconclusive="0" passedButRunAborted="0" notRunnable="0" notExecuted="0" disconnected="0" warning="0" completed="0" inProgress="0" pending="0" />
  </ResultSummary>
</TestRun>