<?xml version="1.0" encoding="utf-8"?>
<TestRun id="80030a3b-d6d8-4163-a96b-a531cc81d519" name="DKSR-EFI-04$@DKSR-EFI-04 2023-12-22 09:32:05" runUser="NT AUTHORITY\NETWORK SERVICE" xmlns="http://microsoft.com/schemas/VisualStudio/TeamTest/2010">
  <Times creation="2023-12-22T09:32:05.5527155+01:00" queuing="2023-12-22T09:32:05.5527155+01:00" start="2023-12-22T09:32:04.0214625+01:00" finish="2023-12-22T09:32:06.6308462+01:00" />
  <TestSettings name="default" id="89fcec8c-aec9-4a8d-b4d1-618f058be16e">
    <Deployment runDeploymentRoot="DKSR-EFI-04$_DKSR-EFI-04_2023-12-22_09_32_05" />
  </TestSettings>
  <Results>
    <UnitTestResult executionId="34cb68d1-3886-46ea-a3cf-395f620193d4" testId="6e9b59a6-1085-67fa-d76c-6f102e20280f" testName="CreateViewLayout_ReturnsListOfRectangles_GivenPositiveInt (2,2)" computerName="DKSR-EFI-04" duration="00:00:00.0000125" startTime="2023-12-22T09:32:06.1933448+01:00" endTime="2023-12-22T09:32:06.1933448+01:00" testType="13cdc9d9-ddb5-4fa4-a97d-d965ccfc6d4b" outcome="Passed" testListId="8c84fa94-04c1-424b-9868-57a2d4851a1d" relativeResultsDirectory="34cb68d1-3886-46ea-a3cf-395f620193d4" />
    <UnitTestResult executionId="974d2470-a73a-4d7c-8c86-5345d9957875" testId="ef75f59a-e172-4c27-83b8-f7dbabb59ac8" testName="GetMax_ShouldReturn_AddedDataOnly_WhenOutsideTimespan (2022-03-08 12:00:15,2)" computerName="DKSR-EFI-04" duration="00:00:00.0000317" startTime="2023-12-22T09:32:06.0058447+01:00" endTime="2023-12-22T09:32:06.0058447+01:00" testType="13cdc9d9-ddb5-4fa4-a97d-d965ccfc6d4b" outcome="Passed" testListId="8c84fa94-04c1-424b-9868-57a2d4851a1d" relativeResultsDirectory="974d2470-a73a-4d7c-8c86-5345d9957875" />
    <UnitTestResult executionId="aa99f124-5f33-4157-bbe0-ffbaa20dac65" testId="c009ca00-3eef-fab0-cd04-c7efd72ca2b0" testName="AddOrUpdateShouldFlagDirty" computerName="DKSR-EFI-04" duration="00:00:00.0007301" startTime="2023-12-22T09:32:05.9120942+01:00" endTime="2023-12-22T09:32:05.9120942+01:00" testType="13cdc9d9-ddb5-4fa4-a97d-d965ccfc6d4b" outcome="Passed" testListId="8c84fa94-04c1-424b-9868-57a2d4851a1d" relativeResultsDirectory="aa99f124-5f33-4157-bbe0-ffbaa20dac65" />
    <UnitTestResult executionId="4ff6712a-d9cb-43a6-86aa-f92154760b64" testId="28d8903f-c86f-231a-f81b-17bfe260ae84" testName="GetMin_ShouldReturn_AddedDataOnly_WhenOutsideTimespan (2022-02-05 12:01:15,6)" computerName="DKSR-EFI-04" duration="00:00:00.0000293" startTime="2023-12-22T09:32:06.0058447+01:00" endTime="2023-12-22T09:32:06.0058447+01:00" testType="13cdc9d9-ddb5-4fa4-a97d-d965ccfc6d4b" outcome="Passed" testListId="8c84fa94-04c1-424b-9868-57a2d4851a1d" relativeResultsDirectory="4ff6712a-d9cb-43a6-86aa-f92154760b64" />
    <UnitTestResult executionId="39409cdc-1ef9-4a24-9b33-e5ece8cbe99d" testId="b6962cca-4c31-e5aa-89c1-7a61f68642fd" testName="GetSourceSequence_ShouldReturnValidSequences_WhenQueryingOnIntervalOutside (2022-02-01 12:00:00,2022-02-01 14:00:00,System.Int32[])" computerName="DKSR-EFI-04" duration="00:00:00.0013994" startTime="2023-12-22T09:32:06.1620956+01:00" endTime="2023-12-22T09:32:06.1620956+01:00" testType="13cdc9d9-ddb5-4fa4-a97d-d965ccfc6d4b" outcome="Passed" testListId="8c84fa94-04c1-424b-9868-57a2d4851a1d" relativeResultsDirectory="39409cdc-1ef9-4a24-9b33-e5ece8cbe99d" />
    <UnitTestResult executionId="7d3e5c74-3565-44d7-a8a2-9e8f5e25ddf0" testId="bca36705-2f24-4c28-aabc-608cdfa83b49" testName="ChangeStrategy_ShouldThrow_argumentException (LOREM IPSUM)" computerName="DKSR-EFI-04" duration="00:00:00.0004384" startTime="2023-12-22T09:32:05.4277157+01:00" endTime="2023-12-22T09:32:05.4277157+01:00" testType="13cdc9d9-ddb5-4fa4-a97d-d965ccfc6d4b" outcome="Passed" testListId="8c84fa94-04c1-424b-9868-57a2d4851a1d" relativeResultsDirectory="7d3e5c74-3565-44d7-a8a2-9e8f5e25ddf0" />
    <UnitTestResult executionId="621ff0a8-e7b8-46c3-bcb7-f394d929e042" testId="4cebdf24-cadf-9a98-47b7-a0127873c70a" testName="GetMax_ShouldReturn_ZeroWhen_TrimmedOutsideTimeSpan (2022-03-01 11:59:55)" computerName="DKSR-EFI-04" duration="00:00:00.0000274" startTime="2023-12-22T09:32:06.0058447+01:00" endTime="2023-12-22T09:32:06.0058447+01:00" testType="13cdc9d9-ddb5-4fa4-a97d-d965ccfc6d4b" outcome="Passed" testListId="8c84fa94-04c1-424b-9868-57a2d4851a1d" relativeResultsDirectory="621ff0a8-e7b8-46c3-bcb7-f394d929e042" />
    <UnitTestResult executionId="f62abfbd-4717-40a1-ae29-faea8d4bddf4" testId="cc1a83bf-926c-abfb-22bc-c622e98c40d3" testName="GetMax_ShouldReturn_TotalMaxValue_WhenNotTrimmed" computerName="DKSR-EFI-04" duration="00:00:00.0001407" startTime="2023-12-22T09:32:06.0058447+01:00" endTime="2023-12-22T09:32:06.0058447+01:00" testType="13cdc9d9-ddb5-4fa4-a97d-d965ccfc6d4b" outcome="Passed" testListId="8c84fa94-04c1-424b-9868-57a2d4851a1d" relativeResultsDirectory="f62abfbd-4717-40a1-ae29-faea8d4bddf4" />
    <UnitTestResult executionId="772c78a7-5d9b-4991-afae-313976fc2f0e" testId="b0be8439-cc4f-dc57-ae49-2e8174918bcd" testName="SequenceSort_ShouldReturn_ListOfFQIDS_In_Order" computerName="DKSR-EFI-04" duration="00:00:00.0792901" startTime="2023-12-22T09:32:05.1464655+01:00" endTime="2023-12-22T09:32:05.3808408+01:00" testType="13cdc9d9-ddb5-4fa4-a97d-d965ccfc6d4b" outcome="Passed" testListId="8c84fa94-04c1-424b-9868-57a2d4851a1d" relativeResultsDirectory="772c78a7-5d9b-4991-afae-313976fc2f0e" />
    <UnitTestResult executionId="ef6bc39d-bac6-497b-9156-30f82cb4cee0" testId="d29a0a39-f477-8afc-4177-7faca23d2ce1" testName="CreateViewLayout_ReturnsListOfRectangles_GivenPositiveInt (0,1)" computerName="DKSR-EFI-04" duration="00:00:00.0105542" startTime="2023-12-22T09:32:06.1777199+01:00" endTime="2023-12-22T09:32:06.1933448+01:00" testType="13cdc9d9-ddb5-4fa4-a97d-d965ccfc6d4b" outcome="Passed" testListId="8c84fa94-04c1-424b-9868-57a2d4851a1d" relativeResultsDirectory="ef6bc39d-bac6-497b-9156-30f82cb4cee0" />
    <UnitTestResult executionId="8d420c4d-cbb5-4c10-91ef-4d569efcf2ec" testId="f427b01c-279d-013e-3b4b-a184e52ad819" testName="GetMin_ShouldReturn_ZeroWhen_TrimmedOutsideTimeSpan (2022-04-01 12:01:15)" computerName="DKSR-EFI-04" duration="00:00:00.0001742" startTime="2023-12-22T09:32:06.0058447+01:00" endTime="2023-12-22T09:32:06.0058447+01:00" testType="13cdc9d9-ddb5-4fa4-a97d-d965ccfc6d4b" outcome="Passed" testListId="8c84fa94-04c1-424b-9868-57a2d4851a1d" relativeResultsDirectory="8d420c4d-cbb5-4c10-91ef-4d569efcf2ec" />
    <UnitTestResult executionId="3808fe14-1285-4f90-97c6-c0f184cde9a5" testId="e7fa4831-18db-0884-f66c-b54d15f30e65" testName="GetAvg_ShouldReturn_AddedDataOnly_WhenOutsideTimespan (2022-04-05 12:01:15,8)" computerName="DKSR-EFI-04" duration="00:00:00.0002781" startTime="2023-12-22T09:32:06.0058447+01:00" endTime="2023-12-22T09:32:06.0058447+01:00" testType="13cdc9d9-ddb5-4fa4-a97d-d965ccfc6d4b" outcome="Passed" testListId="8c84fa94-04c1-424b-9868-57a2d4851a1d" relativeResultsDirectory="3808fe14-1285-4f90-97c6-c0f184cde9a5" />
    <UnitTestResult executionId="a73fb917-f162-471e-b318-edd897294406" testId="0c0d18b3-65bc-0f1f-f0da-6108c3b14f23" testName="FindShouldReturnItem" computerName="DKSR-EFI-04" duration="00:00:00.0007888" startTime="2023-12-22T09:32:05.9120942+01:00" endTime="2023-12-22T09:32:05.9120942+01:00" testType="13cdc9d9-ddb5-4fa4-a97d-d965ccfc6d4b" outcome="Passed" testListId="8c84fa94-04c1-424b-9868-57a2d4851a1d" relativeResultsDirectory="a73fb917-f162-471e-b318-edd897294406" />
    <UnitTestResult executionId="b25df728-2aa4-4977-94df-094b08e07ee9" testId="325fb1b9-ebd2-6cf3-27e0-afa45663166a" testName="RemoveShouldFlagDirty" computerName="DKSR-EFI-04" duration="00:00:00.0007297" startTime="2023-12-22T09:32:05.9120942+01:00" endTime="2023-12-22T09:32:05.9120942+01:00" testType="13cdc9d9-ddb5-4fa4-a97d-d965ccfc6d4b" outcome="Passed" testListId="8c84fa94-04c1-424b-9868-57a2d4851a1d" relativeResultsDirectory="b25df728-2aa4-4977-94df-094b08e07ee9" />
    <UnitTestResult executionId="c47323fb-3110-46bb-b5fe-4458afa454e5" testId="08e0df7e-29cb-ea7e-ad57-9cf8ed9a7632" testName="DeserializationNoCamerasShouldReturnInstance" computerName="DKSR-EFI-04" duration="00:00:00.0951335" startTime="2023-12-22T09:32:05.4277157+01:00" endTime="2023-12-22T09:32:05.5214664+01:00" testType="13cdc9d9-ddb5-4fa4-a97d-d965ccfc6d4b" outcome="Passed" testListId="8c84fa94-04c1-424b-9868-57a2d4851a1d" relativeResultsDirectory="c47323fb-3110-46bb-b5fe-4458afa454e5" />
    <UnitTestResult executionId="46a25d4f-e9c4-4bed-99d6-fcd985311d3d" testId="810ad52a-b67a-c112-4129-800865c491c9" testName="CreateViewLayout_ReturnsListOfRectangles_GivenPositiveInt (7,9)" computerName="DKSR-EFI-04" duration="00:00:00.0000068" startTime="2023-12-22T09:32:06.1933448+01:00" endTime="2023-12-22T09:32:06.1933448+01:00" testType="13cdc9d9-ddb5-4fa4-a97d-d965ccfc6d4b" outcome="Passed" testListId="8c84fa94-04c1-424b-9868-57a2d4851a1d" relativeResultsDirectory="46a25d4f-e9c4-4bed-99d6-fcd985311d3d" />
    <UnitTestResult executionId="85076235-e0c9-43bd-a476-7aff30d619dd" testId="98ff20c2-1892-3246-e4e0-7d96459ce805" testName="DirtyShouldBeCleared" computerName="DKSR-EFI-04" duration="00:00:00.0006386" startTime="2023-12-22T09:32:05.9120942+01:00" endTime="2023-12-22T09:32:05.9120942+01:00" testType="13cdc9d9-ddb5-4fa4-a97d-d965ccfc6d4b" outcome="Passed" testListId="8c84fa94-04c1-424b-9868-57a2d4851a1d" relativeResultsDirectory="85076235-e0c9-43bd-a476-7aff30d619dd" />
    <UnitTestResult executionId="398de3dc-e5e2-4ce9-bc3e-d7f2cbebec8d" testId="d35e3f47-025c-78c2-7b06-5a1a99c84aaf" testName="GetMax_ShouldReturn_CorrectValue_WhenTrimmed (2022-01-01 11:59:55,8)" computerName="DKSR-EFI-04" duration="00:00:00.0000358" startTime="2023-12-22T09:32:06.0058447+01:00" endTime="2023-12-22T09:32:06.0058447+01:00" testType="13cdc9d9-ddb5-4fa4-a97d-d965ccfc6d4b" outcome="Passed" testListId="8c84fa94-04c1-424b-9868-57a2d4851a1d" relativeResultsDirectory="398de3dc-e5e2-4ce9-bc3e-d7f2cbebec8d" />
    <UnitTestResult executionId="8d97ff2f-cb98-409d-87e6-f4cebf48361e" testId="a0c45c15-12a1-3b89-8a29-3b4ce7d72b3f" testName="GetSourceSequence_ShouldReturnValidSequences_WhenQueryingOnIntervalOutside (2022-04-01 12:00:00,2020-04-01 14:00:00,System.Int32[])" computerName="DKSR-EFI-04" duration="00:00:00.0010990" startTime="2023-12-22T09:32:06.1620956+01:00" endTime="2023-12-22T09:32:06.1620956+01:00" testType="13cdc9d9-ddb5-4fa4-a97d-d965ccfc6d4b" outcome="Passed" testListId="8c84fa94-04c1-424b-9868-57a2d4851a1d" relativeResultsDirectory="8d97ff2f-cb98-409d-87e6-f4cebf48361e" />
    <UnitTestResult executionId="5d94248e-a324-4dda-a11e-51e9b21605d1" testId="cd0e257d-65b8-fafa-c5f1-7eb632863781" testName="SequenceSort_ShouldReturn_EmptyList_IfEmptyArgument" computerName="DKSR-EFI-04" duration="00:00:00.0004115" startTime="2023-12-22T09:32:05.4120922+01:00" endTime="2023-12-22T09:32:05.4120922+01:00" testType="13cdc9d9-ddb5-4fa4-a97d-d965ccfc6d4b" outcome="Passed" testListId="8c84fa94-04c1-424b-9868-57a2d4851a1d" relativeResultsDirectory="5d94248e-a324-4dda-a11e-51e9b21605d1" />
    <UnitTestResult executionId="e1e0740d-1e15-4e6e-aa34-7d0c102c9cc0" testId="73b6db79-ff71-5e22-d04d-5cdf1cc42a3b" testName="GetMin_ShouldReturn_CorrectValue_WhenTrimmed (2022-01-01 11:59:55,2)" computerName="DKSR-EFI-04" duration="00:00:00.0000549" startTime="2023-12-22T09:32:06.0058447+01:00" endTime="2023-12-22T09:32:06.0058447+01:00" testType="13cdc9d9-ddb5-4fa4-a97d-d965ccfc6d4b" outcome="Passed" testListId="8c84fa94-04c1-424b-9868-57a2d4851a1d" relativeResultsDirectory="e1e0740d-1e15-4e6e-aa34-7d0c102c9cc0" />
    <UnitTestResult executionId="74eed10c-0ff4-42c8-8b48-6d30f1b74f7e" testId="4387b96d-ea9e-692b-fb83-b956985ca425" testName="CreateViewLayout_ReturnsListOfRectangles_GivenPositiveInt (100,100)" computerName="DKSR-EFI-04" duration="00:00:00.0000104" startTime="2023-12-22T09:32:06.1933448+01:00" endTime="2023-12-22T09:32:06.1933448+01:00" testType="13cdc9d9-ddb5-4fa4-a97d-d965ccfc6d4b" outcome="Passed" testListId="8c84fa94-04c1-424b-9868-57a2d4851a1d" relativeResultsDirectory="74eed10c-0ff4-42c8-8b48-6d30f1b74f7e" />
    <UnitTestResult executionId="8e2124b0-4b8f-4e9e-8475-3f1933004d67" testId="40c6c62a-062d-3d82-1dd8-ca754f1e694a" testName="GetMax_ShouldReturn_CorrectValue_WhenTrimmed (2022-01-01 12:01:30,10)" computerName="DKSR-EFI-04" duration="00:00:00.0000371" startTime="2023-12-22T09:32:06.0058447+01:00" endTime="2023-12-22T09:32:06.0058447+01:00" testType="13cdc9d9-ddb5-4fa4-a97d-d965ccfc6d4b" outcome="Passed" testListId="8c84fa94-04c1-424b-9868-57a2d4851a1d" relativeResultsDirectory="8e2124b0-4b8f-4e9e-8475-3f1933004d67" />
    <UnitTestResult executionId="37d07d1e-73d1-4473-8599-42bca9c321a3" testId="2c809abb-5010-c010-2acf-12757c770791" testName="DirtyShouldBeClear" computerName="DKSR-EFI-04" duration="00:00:00.0001943" startTime="2023-12-22T09:32:05.9120942+01:00" endTime="2023-12-22T09:32:05.9120942+01:00" testType="13cdc9d9-ddb5-4fa4-a97d-d965ccfc6d4b" outcome="Passed" testListId="8c84fa94-04c1-424b-9868-57a2d4851a1d" relativeResultsDirectory="37d07d1e-73d1-4473-8599-42bca9c321a3" />
    <UnitTestResult executionId="191668f6-2262-457c-bd2b-5231e3207538" testId="b5638c25-0c15-615b-d645-75f576a7f781" testName="GetMin_ShouldReturn_CorrectValue_WhenTrimmed (2022-01-01 12:01:15,1)" computerName="DKSR-EFI-04" duration="00:00:00.0826281" startTime="2023-12-22T09:32:05.9120942+01:00" endTime="2023-12-22T09:32:06.0058447+01:00" testType="13cdc9d9-ddb5-4fa4-a97d-d965ccfc6d4b" outcome="Passed" testListId="8c84fa94-04c1-424b-9868-57a2d4851a1d" relativeResultsDirectory="191668f6-2262-457c-bd2b-5231e3207538" />
    <UnitTestResult executionId="97402e60-9b07-433a-945a-fd665d5ea0ee" testId="e33d60e5-ab2c-c525-731f-cb74480219a0" testName="GetAvg_ShouldReturn_CorrectValue_WhenTrimmed (2022-01-01 12:01:05,4.5)" computerName="DKSR-EFI-04" duration="00:00:00.0001715" startTime="2023-12-22T09:32:06.0058447+01:00" endTime="2023-12-22T09:32:06.0058447+01:00" testType="13cdc9d9-ddb5-4fa4-a97d-d965ccfc6d4b" outcome="Passed" testListId="8c84fa94-04c1-424b-9868-57a2d4851a1d" relativeResultsDirectory="97402e60-9b07-433a-945a-fd665d5ea0ee" />
    <UnitTestResult executionId="5923b21a-6337-47c9-a4eb-eb374675b081" testId="877d9302-865b-465b-23da-c5dd958109fc" testName="AddData_ShouldThrowException_WhenCameraCountIsLessThanOne (0,2022-04-05 12:01:15)" computerName="DKSR-EFI-04" duration="00:00:00.0006461" startTime="2023-12-22T09:32:06.0058447+01:00" endTime="2023-12-22T09:32:06.0058447+01:00" testType="13cdc9d9-ddb5-4fa4-a97d-d965ccfc6d4b" outcome="Passed" testListId="8c84fa94-04c1-424b-9868-57a2d4851a1d" relativeResultsDirectory="5923b21a-6337-47c9-a4eb-eb374675b081" />
    <UnitTestResult executionId="ceedc148-803e-4b3c-adbb-0c586d0268d3" testId="25360200-2e38-4d3a-d4c3-0dcde55dfd8a" testName="GetAvg_ShouldReturn_ZeroWhen_TrimmedOutsideTimespan (2022-02-01 12:01:30)" computerName="DKSR-EFI-04" duration="00:00:00.0000346" startTime="2023-12-22T09:32:06.0058447+01:00" endTime="2023-12-22T09:32:06.0058447+01:00" testType="13cdc9d9-ddb5-4fa4-a97d-d965ccfc6d4b" outcome="Passed" testListId="8c84fa94-04c1-424b-9868-57a2d4851a1d" relativeResultsDirectory="ceedc148-803e-4b3c-adbb-0c586d0268d3" />
    <UnitTestResult executionId="6a772633-b69f-4929-a8a4-5f138ceea9f4" testId="67694703-1103-eb0a-dff0-c88bdc6fd9ef" testName="GetMin_ShouldReturn_AddedDataOnly_WhenOutsideTimespan (2022-04-08 12:01:15,2)" computerName="DKSR-EFI-04" duration="00:00:00.0000326" startTime="2023-12-22T09:32:06.0058447+01:00" endTime="2023-12-22T09:32:06.0058447+01:00" testType="13cdc9d9-ddb5-4fa4-a97d-d965ccfc6d4b" outcome="Passed" testListId="8c84fa94-04c1-424b-9868-57a2d4851a1d" relativeResultsDirectory="6a772633-b69f-4929-a8a4-5f138ceea9f4" />
    <UnitTestResult executionId="431cce9f-9bdd-4bf9-831a-84cb23c2cc55" testId="7cfae2c1-f636-2e86-5c3d-ec92c00c9aa2" testName="GetMin_ShouldReturn_CorrectValue_WhenTrimmed (2022-01-01 12:01:30,1)" computerName="DKSR-EFI-04" duration="00:00:00.0000347" startTime="2023-12-22T09:32:06.0058447+01:00" endTime="2023-12-22T09:32:06.0058447+01:00" testType="13cdc9d9-ddb5-4fa4-a97d-d965ccfc6d4b" outcome="Passed" testListId="8c84fa94-04c1-424b-9868-57a2d4851a1d" relativeResultsDirectory="431cce9f-9bdd-4bf9-831a-84cb23c2cc55" />
    <UnitTestResult executionId="1504b958-60c7-4055-a50a-ce3256fe2886" testId="b6ba445c-5c38-9dd2-c786-4b75e019aee0" testName="GetAvg_ShouldReturn_ZeroWhen_TrimmedOutsideTimespan (2022-04-01 12:01:15)" computerName="DKSR-EFI-04" duration="00:00:00.0015458" startTime="2023-12-22T09:32:06.0058447+01:00" endTime="2023-12-22T09:32:06.0058447+01:00" testType="13cdc9d9-ddb5-4fa4-a97d-d965ccfc6d4b" outcome="Passed" testListId="8c84fa94-04c1-424b-9868-57a2d4851a1d" relativeResultsDirectory="1504b958-60c7-4055-a50a-ce3256fe2886" />
    <UnitTestResult executionId="4ab81511-cfbf-453d-bea9-0d7dfe929bd7" testId="029ab865-562d-c107-d6e9-71ae5cfc519c" testName="CreateViewLayout_ReturnsListOfRectanglesOfTheSameSize_GivenTheSameAmountOfNumberOfItems" computerName="DKSR-EFI-04" duration="00:00:00.0001635" startTime="2023-12-22T09:32:06.1933448+01:00" endTime="2023-12-22T09:32:06.1933448+01:00" testType="13cdc9d9-ddb5-4fa4-a97d-d965ccfc6d4b" outcome="Passed" testListId="8c84fa94-04c1-424b-9868-57a2d4851a1d" relativeResultsDirectory="4ab81511-cfbf-453d-bea9-0d7dfe929bd7" />
    <UnitTestResult executionId="79616d30-f6b7-4e71-be03-91d202bdf5c3" testId="97cfd782-ae7d-a72f-e366-a7ce0920c8d2" testName="GetMax_ShouldReturn_CorrectValue_WhenTrimmed (2022-01-01 12:01:15,10)" computerName="DKSR-EFI-04" duration="00:00:00.0004934" startTime="2023-12-22T09:32:06.0058447+01:00" endTime="2023-12-22T09:32:06.0058447+01:00" testType="13cdc9d9-ddb5-4fa4-a97d-d965ccfc6d4b" outcome="Passed" testListId="8c84fa94-04c1-424b-9868-57a2d4851a1d" relativeResultsDirectory="79616d30-f6b7-4e71-be03-91d202bdf5c3" />
    <UnitTestResult executionId="634abb4e-a478-4667-a6b0-a5f3700fe7b3" testId="d50cf881-5506-d0f2-519b-75e3f9e62ad2" testName="GetAvg_ShouldReturn_ZeroWhen_TrimmedOutsideTimespan (2022-03-01 11:59:55)" computerName="DKSR-EFI-04" duration="00:00:00.0000289" startTime="2023-12-22T09:32:06.0058447+01:00" endTime="2023-12-22T09:32:06.0058447+01:00" testType="13cdc9d9-ddb5-4fa4-a97d-d965ccfc6d4b" outcome="Passed" testListId="8c84fa94-04c1-424b-9868-57a2d4851a1d" relativeResultsDirectory="634abb4e-a478-4667-a6b0-a5f3700fe7b3" />
    <UnitTestResult executionId="bb711dda-1cdd-4a29-808e-60a04aaa0ee1" testId="1bad9bf7-04d7-43e5-1d64-c3a99ad87fff" testName="GetStrategy_ShouldThrow_ArgumentException (B)" computerName="DKSR-EFI-04" duration="00:00:00.0003483" startTime="2023-12-22T09:32:06.1777199+01:00" endTime="2023-12-22T09:32:06.1777199+01:00" testType="13cdc9d9-ddb5-4fa4-a97d-d965ccfc6d4b" outcome="Passed" testListId="8c84fa94-04c1-424b-9868-57a2d4851a1d" relativeResultsDirectory="bb711dda-1cdd-4a29-808e-60a04aaa0ee1" />
    <UnitTestResult executionId="a36d41d9-e67b-4250-8550-1efa2c2801bb" testId="6ea5a8cb-8ce9-09b1-a51d-22a5cb6345f6" testName="GetMax_ShouldReturn_AddedDataOnly_WhenOutsideTimespan (2022-04-05 12:01:15,93)" computerName="DKSR-EFI-04" duration="00:00:00.0001730" startTime="2023-12-22T09:32:06.0058447+01:00" endTime="2023-12-22T09:32:06.0058447+01:00" testType="13cdc9d9-ddb5-4fa4-a97d-d965ccfc6d4b" outcome="Passed" testListId="8c84fa94-04c1-424b-9868-57a2d4851a1d" relativeResultsDirectory="a36d41d9-e67b-4250-8550-1efa2c2801bb" />
    <UnitTestResult executionId="a72e3f30-7096-4e4a-92a2-6f0eb6c41604" testId="116d5e26-4fa1-57c0-c6e6-33eee24f217c" testName="DeserializationWithCamerasShouldReturnInstance" computerName="DKSR-EFI-04" duration="00:00:00.0072623" startTime="2023-12-22T09:32:05.5214664+01:00" endTime="2023-12-22T09:32:05.5370920+01:00" testType="13cdc9d9-ddb5-4fa4-a97d-d965ccfc6d4b" outcome="Passed" testListId="8c84fa94-04c1-424b-9868-57a2d4851a1d" relativeResultsDirectory="a72e3f30-7096-4e4a-92a2-6f0eb6c41604" />
    <UnitTestResult executionId="9617f412-12d4-4139-ba0e-6a3d9fa6a9a2" testId="a2b946e0-5e1a-bff4-453e-fe55b4468abf" testName="GetStrategy_ShouldThrow_ArgumentException (1321)" computerName="DKSR-EFI-04" duration="00:00:00.0001033" startTime="2023-12-22T09:32:06.1620956+01:00" endTime="2023-12-22T09:32:06.1620956+01:00" testType="13cdc9d9-ddb5-4fa4-a97d-d965ccfc6d4b" outcome="Passed" testListId="8c84fa94-04c1-424b-9868-57a2d4851a1d" relativeResultsDirectory="9617f412-12d4-4139-ba0e-6a3d9fa6a9a2" />
    <UnitTestResult executionId="b5076d67-16a0-4da7-a22b-9515bbb60d55" testId="27073f68-7561-a8c2-7b70-d2dd0574adbf" testName="CreateViewLayout_ReturnsListOfRectangles_GivenPositiveInt (4,4)" computerName="DKSR-EFI-04" duration="00:00:00.0000067" startTime="2023-12-22T09:32:06.1933448+01:00" endTime="2023-12-22T09:32:06.1933448+01:00" testType="13cdc9d9-ddb5-4fa4-a97d-d965ccfc6d4b" outcome="Passed" testListId="8c84fa94-04c1-424b-9868-57a2d4851a1d" relativeResultsDirectory="b5076d67-16a0-4da7-a22b-9515bbb60d55" />
    <UnitTestResult executionId="638fd65c-bdd5-45b2-9b43-ca3c11126cc4" testId="5b4320fc-0479-1074-b7e0-722881a704d3" testName="GetMin_ShouldReturn_AddedDataOnly_WhenOutsideTimespan (2022-04-05 12:01:15,8)" computerName="DKSR-EFI-04" duration="00:00:00.0003486" startTime="2023-12-22T09:32:06.0058447+01:00" endTime="2023-12-22T09:32:06.0058447+01:00" testType="13cdc9d9-ddb5-4fa4-a97d-d965ccfc6d4b" outcome="Passed" testListId="8c84fa94-04c1-424b-9868-57a2d4851a1d" relativeResultsDirectory="638fd65c-bdd5-45b2-9b43-ca3c11126cc4" />
    <UnitTestResult executionId="7dbfe180-7d38-494b-9fcc-725d58c2ae2c" testId="4cd48e6e-a139-5a43-94cb-9929b1190cbe" testName="GetStrategy_ShouldThrow_ArgumentException (LOREM IPSUM DIVIDEOPTIMSUM)" computerName="DKSR-EFI-04" duration="00:00:00.0004541" startTime="2023-12-22T09:32:06.1620956+01:00" endTime="2023-12-22T09:32:06.1777199+01:00" testType="13cdc9d9-ddb5-4fa4-a97d-d965ccfc6d4b" outcome="Passed" testListId="8c84fa94-04c1-424b-9868-57a2d4851a1d" relativeResultsDirectory="7dbfe180-7d38-494b-9fcc-725d58c2ae2c" />
    <UnitTestResult executionId="60e87aaf-179d-4274-ba2e-8dadaad10152" testId="d0d4f99f-01fa-1aaf-52f3-1c03c6dbfb7f" testName="GetStrategy_ShouldReturnRight_InstanceTypeOfStrategy (SortCameraBySequenceST)" computerName="DKSR-EFI-04" duration="00:00:00.0007667" startTime="2023-12-22T09:32:06.1620956+01:00" endTime="2023-12-22T09:32:06.1620956+01:00" testType="13cdc9d9-ddb5-4fa4-a97d-d965ccfc6d4b" outcome="Passed" testListId="8c84fa94-04c1-424b-9868-57a2d4851a1d" relativeResultsDirectory="60e87aaf-179d-4274-ba2e-8dadaad10152" />
    <UnitTestResult executionId="61b2ad3d-bc9a-46b4-9e05-c3b176809e57" testId="895464bc-5bc0-9a0a-aaf3-ce3a224b2fc9" testName="GetSourceSequence_ShouldReturnValidSequences_WhenQueryingOnIntervalInside (2022-01-01 12:00:00,2022-01-01 14:00:00,System.Int32[])" computerName="DKSR-EFI-04" duration="00:00:00.0033968" startTime="2023-12-22T09:32:06.1308442+01:00" endTime="2023-12-22T09:32:06.1620956+01:00" testType="13cdc9d9-ddb5-4fa4-a97d-d965ccfc6d4b" outcome="Passed" testListId="8c84fa94-04c1-424b-9868-57a2d4851a1d" relativeResultsDirectory="61b2ad3d-bc9a-46b4-9e05-c3b176809e57" />
    <UnitTestResult executionId="055e201f-93f9-4dc8-8c7f-3eeee79328bb" testId="e6789261-6a3f-fdbd-6a8e-0357354a3c22" testName="ChangeStrategy_ShouldThrow_argumentException (0.5)" computerName="DKSR-EFI-04" duration="00:00:00.0001281" startTime="2023-12-22T09:32:05.4277157+01:00" endTime="2023-12-22T09:32:05.4277157+01:00" testType="13cdc9d9-ddb5-4fa4-a97d-d965ccfc6d4b" outcome="Passed" testListId="8c84fa94-04c1-424b-9868-57a2d4851a1d" relativeResultsDirectory="055e201f-93f9-4dc8-8c7f-3eeee79328bb" />
    <UnitTestResult executionId="6f056504-2509-48de-9dfd-37fc1ab0a6fe" testId="ea22f909-5a50-3fad-0846-4e248709bb81" testName="GetMax_ShouldReturn_ZeroWhen_TrimmedOutsideTimeSpan (2022-02-01 12:01:30)" computerName="DKSR-EFI-04" duration="00:00:00.0000281" startTime="2023-12-22T09:32:06.0058447+01:00" endTime="2023-12-22T09:32:06.0058447+01:00" testType="13cdc9d9-ddb5-4fa4-a97d-d965ccfc6d4b" outcome="Passed" testListId="8c84fa94-04c1-424b-9868-57a2d4851a1d" relativeResultsDirectory="6f056504-2509-48de-9dfd-37fc1ab0a6fe" />
    <UnitTestResult executionId="b6e54009-41fe-4f06-9d7b-6448d312ef1d" testId="42d2755b-88e9-e647-4383-01bfbf2afb95" testName="SequenceSort_ShouldThrow_ArgumentNullException" computerName="DKSR-EFI-04" duration="00:00:00.0121811" startTime="2023-12-22T09:32:05.3964667+01:00" endTime="2023-12-22T09:32:05.4120922+01:00" testType="13cdc9d9-ddb5-4fa4-a97d-d965ccfc6d4b" outcome="Passed" testListId="8c84fa94-04c1-424b-9868-57a2d4851a1d" relativeResultsDirectory="b6e54009-41fe-4f06-9d7b-6448d312ef1d" />
    <UnitTestResult executionId="e185bb57-c960-42b2-a1b7-ae5029896e46" testId="aa9020a8-9ac6-0aa9-fad3-fe04fd9d5aa3" testName="AddData_ShouldThrowException_WhenCameraCountIsLessThanOne (-1000,2022-04-05 12:01:15)" computerName="DKSR-EFI-04" duration="00:00:00.0003800" startTime="2023-12-22T09:32:06.0058447+01:00" endTime="2023-12-22T09:32:06.0058447+01:00" testType="13cdc9d9-ddb5-4fa4-a97d-d965ccfc6d4b" outcome="Passed" testListId="8c84fa94-04c1-424b-9868-57a2d4851a1d" relativeResultsDirectory="e185bb57-c960-42b2-a1b7-ae5029896e46" />
    <UnitTestResult executionId="9f45c35a-2ec1-4fb7-82ec-972b61735c40" testId="97dc2087-1553-b4d7-657e-bcb968abe028" testName="ChangeStrategy_ShouldThrow_argumentException (ABCDEFGH)" computerName="DKSR-EFI-04" duration="00:00:00.0008375" startTime="2023-12-22T09:32:05.4120922+01:00" endTime="2023-12-22T09:32:05.4277157+01:00" testType="13cdc9d9-ddb5-4fa4-a97d-d965ccfc6d4b" outcome="Passed" testListId="8c84fa94-04c1-424b-9868-57a2d4851a1d" relativeResultsDirectory="9f45c35a-2ec1-4fb7-82ec-972b61735c40" />
    <UnitTestResult executionId="a8ef9c97-67aa-44b2-8e7d-269723597ffd" testId="9ab86a05-0e21-ab5e-821a-36e7a5ae5353" testName="GetMin_ShouldReturn_ZeroWhen_TrimmedOutsideTimeSpan (2022-02-01 12:01:30)" computerName="DKSR-EFI-04" duration="00:00:00.0000292" startTime="2023-12-22T09:32:06.0058447+01:00" endTime="2023-12-22T09:32:06.0058447+01:00" testType="13cdc9d9-ddb5-4fa4-a97d-d965ccfc6d4b" outcome="Passed" testListId="8c84fa94-04c1-424b-9868-57a2d4851a1d" relativeResultsDirectory="a8ef9c97-67aa-44b2-8e7d-269723597ffd" />
    <UnitTestResult executionId="1d149c89-9603-45c8-af83-fad6c940c0e5" testId="8a1a18b6-e6ad-8a27-2c7a-cbc90a37566a" testName="GetMin_ShouldReturn_TotalMinValue_WhenNotTrimmed" computerName="DKSR-EFI-04" duration="00:00:00.0001591" startTime="2023-12-22T09:32:06.0058447+01:00" endTime="2023-12-22T09:32:06.0058447+01:00" testType="13cdc9d9-ddb5-4fa4-a97d-d965ccfc6d4b" outcome="Passed" testListId="8c84fa94-04c1-424b-9868-57a2d4851a1d" relativeResultsDirectory="1d149c89-9603-45c8-af83-fad6c940c0e5" />
    <UnitTestResult executionId="35ce8f36-a9ad-47d3-ac98-c814cc0f972a" testId="0bb0650d-1d1e-a1e3-1275-1977a15320d7" testName="CreateViewLayout_ThrowsOutOfRangeException_GivenNegativeInt" computerName="DKSR-EFI-04" duration="00:00:00.0005350" startTime="2023-12-22T09:32:06.1933448+01:00" endTime="2023-12-22T09:32:06.1933448+01:00" testType="13cdc9d9-ddb5-4fa4-a97d-d965ccfc6d4b" outcome="Passed" testListId="8c84fa94-04c1-424b-9868-57a2d4851a1d" relativeResultsDirectory="35ce8f36-a9ad-47d3-ac98-c814cc0f972a" />
    <UnitTestResult executionId="da96f4dd-d55f-4792-a15a-9ca2f81c6de7" testId="9ace69c5-ad4e-04b8-5e9c-fc2e803c6cdf" testName="GetAvg_ShouldReturn_CorrectValue_WhenTrimmed (2022-01-01 11:59:55,4.5)" computerName="DKSR-EFI-04" duration="00:00:00.0000296" startTime="2023-12-22T09:32:06.0058447+01:00" endTime="2023-12-22T09:32:06.0058447+01:00" testType="13cdc9d9-ddb5-4fa4-a97d-d965ccfc6d4b" outcome="Passed" testListId="8c84fa94-04c1-424b-9868-57a2d4851a1d" relativeResultsDirectory="da96f4dd-d55f-4792-a15a-9ca2f81c6de7" />
    <UnitTestResult executionId="20540669-59b1-4fb9-a724-bfef62214fcf" testId="912a3433-4258-f6f6-7e49-273fba1db4b5" testName="AddData_ShouldThrowException_WhenCameraCountIsLessThanOne (-3,2022-04-05 12:01:15)" computerName="DKSR-EFI-04" duration="00:00:00.0003877" startTime="2023-12-22T09:32:06.0058447+01:00" endTime="2023-12-22T09:32:06.0058447+01:00" testType="13cdc9d9-ddb5-4fa4-a97d-d965ccfc6d4b" outcome="Passed" testListId="8c84fa94-04c1-424b-9868-57a2d4851a1d" relativeResultsDirectory="20540669-59b1-4fb9-a724-bfef62214fcf" />
    <UnitTestResult executionId="d997be4e-c17a-4b6f-a38b-ec22e6a1e541" testId="9bf3ca6d-2e3d-3081-b13c-ecaf4f099478" testName="GetSourceSequence_ShouldRaiseArgumentNullException_WhenFqidsIsNull" computerName="DKSR-EFI-04" duration="00:00:00.1185997" startTime="2023-12-22T09:32:06.0058447+01:00" endTime="2023-12-22T09:32:06.1308442+01:00" testType="13cdc9d9-ddb5-4fa4-a97d-d965ccfc6d4b" outcome="Passed" testListId="8c84fa94-04c1-424b-9868-57a2d4851a1d" relativeResultsDirectory="d997be4e-c17a-4b6f-a38b-ec22e6a1e541" />
    <UnitTestResult executionId="3375978e-777f-4083-a84e-d3c1785e5638" testId="cd351acc-6892-c56a-f75f-6a6bd7c15004" testName="GetMax_ShouldReturn_AddedDataOnly_WhenOutsideTimespan (2022-04-08 12:01:15,2)" computerName="DKSR-EFI-04" duration="00:00:00.0000303" startTime="2023-12-22T09:32:06.0058447+01:00" endTime="2023-12-22T09:32:06.0058447+01:00" testType="13cdc9d9-ddb5-4fa4-a97d-d965ccfc6d4b" outcome="Passed" testListId="8c84fa94-04c1-424b-9868-57a2d4851a1d" relativeResultsDirectory="3375978e-777f-4083-a84e-d3c1785e5638" />
    <UnitTestResult executionId="3f818dbc-17bb-46fb-ac45-88bd1c4d3f9f" testId="9abb690d-efd9-2ab1-bd30-d00c10bbceb5" testName="AddOrUpdateShouldAddViewItem" computerName="DKSR-EFI-04" duration="00:00:00.3701352" startTime="2023-12-22T09:32:05.5370920+01:00" endTime="2023-12-22T09:32:05.9120942+01:00" testType="13cdc9d9-ddb5-4fa4-a97d-d965ccfc6d4b" outcome="Passed" testListId="8c84fa94-04c1-424b-9868-57a2d4851a1d" relativeResultsDirectory="3f818dbc-17bb-46fb-ac45-88bd1c4d3f9f" />
    <UnitTestResult executionId="0a5498f1-124f-4bdf-8245-4f8ae1554db0" testId="b4447489-4033-ed72-273a-6a301e8a2b1f" testName="CreateViewLayout_ReturnsListOfRectangles_GivenPositiveInt (5,6)" computerName="DKSR-EFI-04" duration="00:00:00.0000149" startTime="2023-12-22T09:32:06.1933448+01:00" endTime="2023-12-22T09:32:06.1933448+01:00" testType="13cdc9d9-ddb5-4fa4-a97d-d965ccfc6d4b" outcome="Passed" testListId="8c84fa94-04c1-424b-9868-57a2d4851a1d" relativeResultsDirectory="0a5498f1-124f-4bdf-8245-4f8ae1554db0" />
    <UnitTestResult executionId="5486522a-3f39-456e-a070-3e5711f10027" testId="04bfb37f-823d-4d5a-5a03-cfe810d69120" testName="GetStrategy_ShouldThrow_ArgumentException (adaptiveView)" computerName="DKSR-EFI-04" duration="00:00:00.0005608" startTime="2023-12-22T09:32:06.1620956+01:00" endTime="2023-12-22T09:32:06.1620956+01:00" testType="13cdc9d9-ddb5-4fa4-a97d-d965ccfc6d4b" outcome="Passed" testListId="8c84fa94-04c1-424b-9868-57a2d4851a1d" relativeResultsDirectory="5486522a-3f39-456e-a070-3e5711f10027" />
    <UnitTestResult executionId="8d1675eb-e763-4b9a-8a72-249fe87afa6b" testId="65374fe2-6ca3-59e2-d946-9210eeb3ba1d" testName="RemoveShouldRemoveViewItem" computerName="DKSR-EFI-04" duration="00:00:00.0018832" startTime="2023-12-22T09:32:05.9120942+01:00" endTime="2023-12-22T09:32:05.9120942+01:00" testType="13cdc9d9-ddb5-4fa4-a97d-d965ccfc6d4b" outcome="Passed" testListId="8c84fa94-04c1-424b-9868-57a2d4851a1d" relativeResultsDirectory="8d1675eb-e763-4b9a-8a72-249fe87afa6b" />
    <UnitTestResult executionId="4d7ef7df-5b3e-4174-985d-79243c81205a" testId="26808a94-79f4-f751-cff3-f8e3c9da9ae4" testName="GetStrategy_ShouldThrow_ArgumentException (0.5)" computerName="DKSR-EFI-04" duration="00:00:00.0001005" startTime="2023-12-22T09:32:06.1777199+01:00" endTime="2023-12-22T09:32:06.1777199+01:00" testType="13cdc9d9-ddb5-4fa4-a97d-d965ccfc6d4b" outcome="Passed" testListId="8c84fa94-04c1-424b-9868-57a2d4851a1d" relativeResultsDirectory="4d7ef7df-5b3e-4174-985d-79243c81205a" />
    <UnitTestResult executionId="8ccd434f-812e-463c-8929-2602aa62b3fa" testId="12c5d778-8e41-03c9-1474-653a9908f043" testName="ChangeStrategy_ShouldThrow_argumentException (2123123)" computerName="DKSR-EFI-04" duration="00:00:00.0040454" startTime="2023-12-22T09:32:05.4277157+01:00" endTime="2023-12-22T09:32:05.4277157+01:00" testType="13cdc9d9-ddb5-4fa4-a97d-d965ccfc6d4b" outcome="Passed" testListId="8c84fa94-04c1-424b-9868-57a2d4851a1d" relativeResultsDirectory="8ccd434f-812e-463c-8929-2602aa62b3fa" />
    <UnitTestResult executionId="91e2fd46-e650-49e4-908a-46b8dd32b2cf" testId="6e1c362f-6940-f9c0-a2c0-e76006a424a0" testName="GetMax_ShouldReturn_ZeroWhen_TrimmedOutsideTimeSpan (2022-04-01 12:01:15)" computerName="DKSR-EFI-04" duration="00:00:00.0001604" startTime="2023-12-22T09:32:06.0058447+01:00" endTime="2023-12-22T09:32:06.0058447+01:00" testType="13cdc9d9-ddb5-4fa4-a97d-d965ccfc6d4b" outcome="Passed" testListId="8c84fa94-04c1-424b-9868-57a2d4851a1d" relativeResultsDirectory="91e2fd46-e650-49e4-908a-46b8dd32b2cf" />
    <UnitTestResult executionId="660c88c5-a7c1-4bc4-a706-c29c9ed8eeb1" testId="e7479dac-9715-2aa8-db11-2a8031ec17ba" testName="GetSourceSequence_ShouldReturnValidSequences_WhenQueryingOnIntervalInside (2022-01-01 13:50:00,2022-01-01 14:50:00,System.Int32[])" computerName="DKSR-EFI-04" duration="00:00:00.0016120" startTime="2023-12-22T09:32:06.1620956+01:00" endTime="2023-12-22T09:32:06.1620956+01:00" testType="13cdc9d9-ddb5-4fa4-a97d-d965ccfc6d4b" outcome="Passed" testListId="8c84fa94-04c1-424b-9868-57a2d4851a1d" relativeResultsDirectory="660c88c5-a7c1-4bc4-a706-c29c9ed8eeb1" />
    <UnitTestResult executionId="b1c9800b-b85f-4fa5-a450-f14bf9bd414b" testId="ef9bc85d-c944-309f-8edb-dd51f47e587c" testName="GetAvg_ShouldReturn_CorrectValue_WhenTrimmed (2022-01-01 12:01:30,5)" computerName="DKSR-EFI-04" duration="00:00:00.0000355" startTime="2023-12-22T09:32:06.0058447+01:00" endTime="2023-12-22T09:32:06.0058447+01:00" testType="13cdc9d9-ddb5-4fa4-a97d-d965ccfc6d4b" outcome="Passed" testListId="8c84fa94-04c1-424b-9868-57a2d4851a1d" relativeResultsDirectory="b1c9800b-b85f-4fa5-a450-f14bf9bd414b" />
    <UnitTestResult executionId="318d4012-8c0f-424b-a4a6-90e3181396ed" testId="71eef2f2-e698-668e-349c-c6565428a284" testName="GetSourceSequence_ShouldReturnValidSequences_WhenQueryingOnIntervalOutside (2020-02-01 12:00:00,2020-02-01 14:00:00,System.Int32[])" computerName="DKSR-EFI-04" duration="00:00:00.0017638" startTime="2023-12-22T09:32:06.1620956+01:00" endTime="2023-12-22T09:32:06.1620956+01:00" testType="13cdc9d9-ddb5-4fa4-a97d-d965ccfc6d4b" outcome="Passed" testListId="8c84fa94-04c1-424b-9868-57a2d4851a1d" relativeResultsDirectory="318d4012-8c0f-424b-a4a6-90e3181396ed" />
    <UnitTestResult executionId="7648952c-519d-4df1-81a0-318505b48e01" testId="3816d5ce-4576-8fd9-50bf-5ddc0206a0e4" testName="GetMin_ShouldReturn_ZeroWhen_TrimmedOutsideTimeSpan (2022-03-01 11:59:55)" computerName="DKSR-EFI-04" duration="00:00:00.0000293" startTime="2023-12-22T09:32:06.0058447+01:00" endTime="2023-12-22T09:32:06.0058447+01:00" testType="13cdc9d9-ddb5-4fa4-a97d-d965ccfc6d4b" outcome="Passed" testListId="8c84fa94-04c1-424b-9868-57a2d4851a1d" relativeResultsDirectory="7648952c-519d-4df1-81a0-318505b48e01" />
  </Results>
  <TestDefinitions>
    <UnitTest name="CreateViewLayout_ReturnsListOfRectangles_GivenPositiveInt (4,4)" storage="d:\actions-runner\_work\xpco\xpco\addons\plugins\adaptiveview\tst\videoos.plugins.adaptiveview.unittests\bin\x64\debug\net472\videoos.plugins.adaptiveview.unittests.dll" id="27073f68-7561-a8c2-7b70-d2dd0574adbf">
      <Execution id="b5076d67-16a0-4da7-a22b-9515bbb60d55" />
      <TestMethod codeBase="D:\actions-runner\_work\XPCO\XPCO\AddOns\Plugins\AdaptiveView\tst\VideoOS.Plugins.AdaptiveView.UnitTests\bin\x64\Debug\net472\VideoOS.Plugins.AdaptiveView.UnitTests.dll" adapterTypeName="executor://mstestadapter/v2" className="VideoOS.Plugins.AdaptiveView.UnitTests.ViewLayoutManagerTests" name="CreateViewLayout_ReturnsListOfRectangles_GivenPositiveInt" />
    </UnitTest>
    <UnitTest name="ChangeStrategy_ShouldThrow_argumentException (ABCDEFGH)" storage="d:\actions-runner\_work\xpco\xpco\addons\plugins\adaptiveview\tst\videoos.plugins.adaptiveview.unittests\bin\x64\debug\net472\videoos.plugins.adaptiveview.unittests.dll" id="97dc2087-1553-b4d7-657e-bcb968abe028">
      <Execution id="9f45c35a-2ec1-4fb7-82ec-972b61735c40" />
      <TestMethod codeBase="D:\actions-runner\_work\XPCO\XPCO\AddOns\Plugins\AdaptiveView\tst\VideoOS.Plugins.AdaptiveView.UnitTests\bin\x64\Debug\net472\VideoOS.Plugins.AdaptiveView.UnitTests.dll" adapterTypeName="executor://mstestadapter/v2" className="VideoOS.Plugins.AdaptiveView.UnitTests.CameraSortManagerTests" name="ChangeStrategy_ShouldThrow_argumentException" />
    </UnitTest>
    <UnitTest name="GetMin_ShouldReturn_ZeroWhen_TrimmedOutsideTimeSpan (2022-03-01 11:59:55)" storage="d:\actions-runner\_work\xpco\xpco\addons\plugins\adaptiveview\tst\videoos.plugins.adaptiveview.unittests\bin\x64\debug\net472\videoos.plugins.adaptiveview.unittests.dll" id="3816d5ce-4576-8fd9-50bf-5ddc0206a0e4">
      <Execution id="7648952c-519d-4df1-81a0-318505b48e01" />
      <TestMethod codeBase="D:\actions-runner\_work\XPCO\XPCO\AddOns\Plugins\AdaptiveView\tst\VideoOS.Plugins.AdaptiveView.UnitTests\bin\x64\Debug\net472\VideoOS.Plugins.AdaptiveView.UnitTests.dll" adapterTypeName="executor://mstestadapter/v2" className="VideoOS.Plugins.AdaptiveView.UnitTests.MovingListTests" name="GetMin_ShouldReturn_ZeroWhen_TrimmedOutsideTimeSpan" />
    </UnitTest>
    <UnitTest name="GetMax_ShouldReturn_ZeroWhen_TrimmedOutsideTimeSpan (2022-02-01 12:01:30)" storage="d:\actions-runner\_work\xpco\xpco\addons\plugins\adaptiveview\tst\videoos.plugins.adaptiveview.unittests\bin\x64\debug\net472\videoos.plugins.adaptiveview.unittests.dll" id="ea22f909-5a50-3fad-0846-4e248709bb81">
      <Execution id="6f056504-2509-48de-9dfd-37fc1ab0a6fe" />
      <TestMethod codeBase="D:\actions-runner\_work\XPCO\XPCO\AddOns\Plugins\AdaptiveView\tst\VideoOS.Plugins.AdaptiveView.UnitTests\bin\x64\Debug\net472\VideoOS.Plugins.AdaptiveView.UnitTests.dll" adapterTypeName="executor://mstestadapter/v2" className="VideoOS.Plugins.AdaptiveView.UnitTests.MovingListTests" name="GetMax_ShouldReturn_ZeroWhen_TrimmedOutsideTimeSpan" />
    </UnitTest>
    <UnitTest name="ChangeStrategy_ShouldThrow_argumentException (0.5)" storage="d:\actions-runner\_work\xpco\xpco\addons\plugins\adaptiveview\tst\videoos.plugins.adaptiveview.unittests\bin\x64\debug\net472\videoos.plugins.adaptiveview.unittests.dll" id="e6789261-6a3f-fdbd-6a8e-0357354a3c22">
      <Execution id="055e201f-93f9-4dc8-8c7f-3eeee79328bb" />
      <TestMethod codeBase="D:\actions-runner\_work\XPCO\XPCO\AddOns\Plugins\AdaptiveView\tst\VideoOS.Plugins.AdaptiveView.UnitTests\bin\x64\Debug\net472\VideoOS.Plugins.AdaptiveView.UnitTests.dll" adapterTypeName="executor://mstestadapter/v2" className="VideoOS.Plugins.AdaptiveView.UnitTests.CameraSortManagerTests" name="ChangeStrategy_ShouldThrow_argumentException" />
    </UnitTest>
    <UnitTest name="CreateViewLayout_ReturnsListOfRectanglesOfTheSameSize_GivenTheSameAmountOfNumberOfItems" storage="d:\actions-runner\_work\xpco\xpco\addons\plugins\adaptiveview\tst\videoos.plugins.adaptiveview.unittests\bin\x64\debug\net472\videoos.plugins.adaptiveview.unittests.dll" id="029ab865-562d-c107-d6e9-71ae5cfc519c">
      <Execution id="4ab81511-cfbf-453d-bea9-0d7dfe929bd7" />
      <TestMethod codeBase="D:\actions-runner\_work\XPCO\XPCO\AddOns\Plugins\AdaptiveView\tst\VideoOS.Plugins.AdaptiveView.UnitTests\bin\x64\Debug\net472\VideoOS.Plugins.AdaptiveView.UnitTests.dll" adapterTypeName="executor://mstestadapter/v2" className="VideoOS.Plugins.AdaptiveView.UnitTests.ViewLayoutManagerTests" name="CreateViewLayout_ReturnsListOfRectanglesOfTheSameSize_GivenTheSameAmountOfNumberOfItems" />
    </UnitTest>
    <UnitTest name="SequenceSort_ShouldReturn_ListOfFQIDS_In_Order" storage="d:\actions-runner\_work\xpco\xpco\addons\plugins\adaptiveview\tst\videoos.plugins.adaptiveview.unittests\bin\x64\debug\net472\videoos.plugins.adaptiveview.unittests.dll" id="b0be8439-cc4f-dc57-ae49-2e8174918bcd">
      <Execution id="772c78a7-5d9b-4991-afae-313976fc2f0e" />
      <TestMethod codeBase="D:\actions-runner\_work\XPCO\XPCO\AddOns\Plugins\AdaptiveView\tst\VideoOS.Plugins.AdaptiveView.UnitTests\bin\x64\Debug\net472\VideoOS.Plugins.AdaptiveView.UnitTests.dll" adapterTypeName="executor://mstestadapter/v2" className="VideoOS.Plugins.AdaptiveView.UnitTests.CameraSortManagerTests" name="SequenceSort_ShouldReturn_ListOfFQIDS_In_Order" />
    </UnitTest>
    <UnitTest name="FindShouldReturnItem" storage="d:\actions-runner\_work\xpco\xpco\addons\plugins\adaptiveview\tst\videoos.plugins.adaptiveview.unittests\bin\x64\debug\net472\videoos.plugins.adaptiveview.unittests.dll" id="0c0d18b3-65bc-0f1f-f0da-6108c3b14f23">
      <Execution id="a73fb917-f162-471e-b318-edd897294406" />
      <TestMethod codeBase="D:\actions-runner\_work\XPCO\XPCO\AddOns\Plugins\AdaptiveView\tst\VideoOS.Plugins.AdaptiveView.UnitTests\bin\x64\Debug\net472\VideoOS.Plugins.AdaptiveView.UnitTests.dll" adapterTypeName="executor://mstestadapter/v2" className="VideoOS.Plugins.AdaptiveView.UnitTests.ConfigurationTests" name="FindShouldReturnItem" />
    </UnitTest>
    <UnitTest name="GetStrategy_ShouldThrow_ArgumentException (adaptiveView)" storage="d:\actions-runner\_work\xpco\xpco\addons\plugins\adaptiveview\tst\videoos.plugins.adaptiveview.unittests\bin\x64\debug\net472\videoos.plugins.adaptiveview.unittests.dll" id="04bfb37f-823d-4d5a-5a03-cfe810d69120">
      <Execution id="5486522a-3f39-456e-a070-3e5711f10027" />
      <TestMethod codeBase="D:\actions-runner\_work\XPCO\XPCO\AddOns\Plugins\AdaptiveView\tst\VideoOS.Plugins.AdaptiveView.UnitTests\bin\x64\Debug\net472\VideoOS.Plugins.AdaptiveView.UnitTests.dll" adapterTypeName="executor://mstestadapter/v2" className="VideoOS.Plugins.AdaptiveView.UnitTests.SortStrategyFactoryTests" name="GetStrategy_ShouldThrow_ArgumentException" />
    </UnitTest>
    <UnitTest name="GetMax_ShouldReturn_AddedDataOnly_WhenOutsideTimespan (2022-03-08 12:00:15,2)" storage="d:\actions-runner\_work\xpco\xpco\addons\plugins\adaptiveview\tst\videoos.plugins.adaptiveview.unittests\bin\x64\debug\net472\videoos.plugins.adaptiveview.unittests.dll" id="ef75f59a-e172-4c27-83b8-f7dbabb59ac8">
      <Execution id="974d2470-a73a-4d7c-8c86-5345d9957875" />
      <TestMethod codeBase="D:\actions-runner\_work\XPCO\XPCO\AddOns\Plugins\AdaptiveView\tst\VideoOS.Plugins.AdaptiveView.UnitTests\bin\x64\Debug\net472\VideoOS.Plugins.AdaptiveView.UnitTests.dll" adapterTypeName="executor://mstestadapter/v2" className="VideoOS.Plugins.AdaptiveView.UnitTests.MovingListTests" name="GetMax_ShouldReturn_AddedDataOnly_WhenOutsideTimespan" />
    </UnitTest>
    <UnitTest name="GetMax_ShouldReturn_CorrectValue_WhenTrimmed (2022-01-01 11:59:55,8)" storage="d:\actions-runner\_work\xpco\xpco\addons\plugins\adaptiveview\tst\videoos.plugins.adaptiveview.unittests\bin\x64\debug\net472\videoos.plugins.adaptiveview.unittests.dll" id="d35e3f47-025c-78c2-7b06-5a1a99c84aaf">
      <Execution id="398de3dc-e5e2-4ce9-bc3e-d7f2cbebec8d" />
      <TestMethod codeBase="D:\actions-runner\_work\XPCO\XPCO\AddOns\Plugins\AdaptiveView\tst\VideoOS.Plugins.AdaptiveView.UnitTests\bin\x64\Debug\net472\VideoOS.Plugins.AdaptiveView.UnitTests.dll" adapterTypeName="executor://mstestadapter/v2" className="VideoOS.Plugins.AdaptiveView.UnitTests.MovingListTests" name="GetMax_ShouldReturn_CorrectValue_WhenTrimmed" />
    </UnitTest>
    <UnitTest name="CreateViewLayout_ReturnsListOfRectangles_GivenPositiveInt (0,1)" storage="d:\actions-runner\_work\xpco\xpco\addons\plugins\adaptiveview\tst\videoos.plugins.adaptiveview.unittests\bin\x64\debug\net472\videoos.plugins.adaptiveview.unittests.dll" id="d29a0a39-f477-8afc-4177-7faca23d2ce1">
      <Execution id="ef6bc39d-bac6-497b-9156-30f82cb4cee0" />
      <TestMethod codeBase="D:\actions-runner\_work\XPCO\XPCO\AddOns\Plugins\AdaptiveView\tst\VideoOS.Plugins.AdaptiveView.UnitTests\bin\x64\Debug\net472\VideoOS.Plugins.AdaptiveView.UnitTests.dll" adapterTypeName="executor://mstestadapter/v2" className="VideoOS.Plugins.AdaptiveView.UnitTests.ViewLayoutManagerTests" name="CreateViewLayout_ReturnsListOfRectangles_GivenPositiveInt" />
    </UnitTest>
    <UnitTest name="DeserializationNoCamerasShouldReturnInstance" storage="d:\actions-runner\_work\xpco\xpco\addons\plugins\adaptiveview\tst\videoos.plugins.adaptiveview.unittests\bin\x64\debug\net472\videoos.plugins.adaptiveview.unittests.dll" id="08e0df7e-29cb-ea7e-ad57-9cf8ed9a7632">
      <Execution id="c47323fb-3110-46bb-b5fe-4458afa454e5" />
      <TestMethod codeBase="D:\actions-runner\_work\XPCO\XPCO\AddOns\Plugins\AdaptiveView\tst\VideoOS.Plugins.AdaptiveView.UnitTests\bin\x64\Debug\net472\VideoOS.Plugins.AdaptiveView.UnitTests.dll" adapterTypeName="executor://mstestadapter/v2" className="VideoOS.Plugins.AdaptiveView.UnitTests.ConfigurationTests" name="DeserializationNoCamerasShouldReturnInstance" />
    </UnitTest>
    <UnitTest name="GetSourceSequence_ShouldReturnValidSequences_WhenQueryingOnIntervalOutside (2022-02-01 12:00:00,2022-02-01 14:00:00,System.Int32[])" storage="d:\actions-runner\_work\xpco\xpco\addons\plugins\adaptiveview\tst\videoos.plugins.adaptiveview.unittests\bin\x64\debug\net472\videoos.plugins.adaptiveview.unittests.dll" id="b6962cca-4c31-e5aa-89c1-7a61f68642fd">
      <Execution id="39409cdc-1ef9-4a24-9b33-e5ece8cbe99d" />
      <TestMethod codeBase="D:\actions-runner\_work\XPCO\XPCO\AddOns\Plugins\AdaptiveView\tst\VideoOS.Plugins.AdaptiveView.UnitTests\bin\x64\Debug\net472\VideoOS.Plugins.AdaptiveView.UnitTests.dll" adapterTypeName="executor://mstestadapter/v2" className="VideoOS.Plugins.AdaptiveView.UnitTests.SequenceManagerTest" name="GetSourceSequence_ShouldReturnValidSequences_WhenQueryingOnIntervalOutside" />
    </UnitTest>
    <UnitTest name="ChangeStrategy_ShouldThrow_argumentException (LOREM IPSUM)" storage="d:\actions-runner\_work\xpco\xpco\addons\plugins\adaptiveview\tst\videoos.plugins.adaptiveview.unittests\bin\x64\debug\net472\videoos.plugins.adaptiveview.unittests.dll" id="bca36705-2f24-4c28-aabc-608cdfa83b49">
      <Execution id="7d3e5c74-3565-44d7-a8a2-9e8f5e25ddf0" />
      <TestMethod codeBase="D:\actions-runner\_work\XPCO\XPCO\AddOns\Plugins\AdaptiveView\tst\VideoOS.Plugins.AdaptiveView.UnitTests\bin\x64\Debug\net472\VideoOS.Plugins.AdaptiveView.UnitTests.dll" adapterTypeName="executor://mstestadapter/v2" className="VideoOS.Plugins.AdaptiveView.UnitTests.CameraSortManagerTests" name="ChangeStrategy_ShouldThrow_argumentException" />
    </UnitTest>
    <UnitTest name="GetMin_ShouldReturn_ZeroWhen_TrimmedOutsideTimeSpan (2022-02-01 12:01:30)" storage="d:\actions-runner\_work\xpco\xpco\addons\plugins\adaptiveview\tst\videoos.plugins.adaptiveview.unittests\bin\x64\debug\net472\videoos.plugins.adaptiveview.unittests.dll" id="9ab86a05-0e21-ab5e-821a-36e7a5ae5353">
      <Execution id="a8ef9c97-67aa-44b2-8e7d-269723597ffd" />
      <TestMethod codeBase="D:\actions-runner\_work\XPCO\XPCO\AddOns\Plugins\AdaptiveView\tst\VideoOS.Plugins.AdaptiveView.UnitTests\bin\x64\Debug\net472\VideoOS.Plugins.AdaptiveView.UnitTests.dll" adapterTypeName="executor://mstestadapter/v2" className="VideoOS.Plugins.AdaptiveView.UnitTests.MovingListTests" name="GetMin_ShouldReturn_ZeroWhen_TrimmedOutsideTimeSpan" />
    </UnitTest>
    <UnitTest name="GetMin_ShouldReturn_TotalMinValue_WhenNotTrimmed" storage="d:\actions-runner\_work\xpco\xpco\addons\plugins\adaptiveview\tst\videoos.plugins.adaptiveview.unittests\bin\x64\debug\net472\videoos.plugins.adaptiveview.unittests.dll" id="8a1a18b6-e6ad-8a27-2c7a-cbc90a37566a">
      <Execution id="1d149c89-9603-45c8-af83-fad6c940c0e5" />
      <TestMethod codeBase="D:\actions-runner\_work\XPCO\XPCO\AddOns\Plugins\AdaptiveView\tst\VideoOS.Plugins.AdaptiveView.UnitTests\bin\x64\Debug\net472\VideoOS.Plugins.AdaptiveView.UnitTests.dll" adapterTypeName="executor://mstestadapter/v2" className="VideoOS.Plugins.AdaptiveView.UnitTests.MovingListTests" name="GetMin_ShouldReturn_TotalMinValue_WhenNotTrimmed" />
    </UnitTest>
    <UnitTest name="GetMax_ShouldReturn_AddedDataOnly_WhenOutsideTimespan (2022-04-08 12:01:15,2)" storage="d:\actions-runner\_work\xpco\xpco\addons\plugins\adaptiveview\tst\videoos.plugins.adaptiveview.unittests\bin\x64\debug\net472\videoos.plugins.adaptiveview.unittests.dll" id="cd351acc-6892-c56a-f75f-6a6bd7c15004">
      <Execution id="3375978e-777f-4083-a84e-d3c1785e5638" />
      <TestMethod codeBase="D:\actions-runner\_work\XPCO\XPCO\AddOns\Plugins\AdaptiveView\tst\VideoOS.Plugins.AdaptiveView.UnitTests\bin\x64\Debug\net472\VideoOS.Plugins.AdaptiveView.UnitTests.dll" adapterTypeName="executor://mstestadapter/v2" className="VideoOS.Plugins.AdaptiveView.UnitTests.MovingListTests" name="GetMax_ShouldReturn_AddedDataOnly_WhenOutsideTimespan" />
    </UnitTest>
    <UnitTest name="GetAvg_ShouldReturn_ZeroWhen_TrimmedOutsideTimespan (2022-02-01 12:01:30)" storage="d:\actions-runner\_work\xpco\xpco\addons\plugins\adaptiveview\tst\videoos.plugins.adaptiveview.unittests\bin\x64\debug\net472\videoos.plugins.adaptiveview.unittests.dll" id="25360200-2e38-4d3a-d4c3-0dcde55dfd8a">
      <Execution id="ceedc148-803e-4b3c-adbb-0c586d0268d3" />
      <TestMethod codeBase="D:\actions-runner\_work\XPCO\XPCO\AddOns\Plugins\AdaptiveView\tst\VideoOS.Plugins.AdaptiveView.UnitTests\bin\x64\Debug\net472\VideoOS.Plugins.AdaptiveView.UnitTests.dll" adapterTypeName="executor://mstestadapter/v2" className="VideoOS.Plugins.AdaptiveView.UnitTests.MovingListTests" name="GetAvg_ShouldReturn_ZeroWhen_TrimmedOutsideTimespan" />
    </UnitTest>
    <UnitTest name="GetMax_ShouldReturn_CorrectValue_WhenTrimmed (2022-01-01 12:01:15,10)" storage="d:\actions-runner\_work\xpco\xpco\addons\plugins\adaptiveview\tst\videoos.plugins.adaptiveview.unittests\bin\x64\debug\net472\videoos.plugins.adaptiveview.unittests.dll" id="97cfd782-ae7d-a72f-e366-a7ce0920c8d2">
      <Execution id="79616d30-f6b7-4e71-be03-91d202bdf5c3" />
      <TestMethod codeBase="D:\actions-runner\_work\XPCO\XPCO\AddOns\Plugins\AdaptiveView\tst\VideoOS.Plugins.AdaptiveView.UnitTests\bin\x64\Debug\net472\VideoOS.Plugins.AdaptiveView.UnitTests.dll" adapterTypeName="executor://mstestadapter/v2" className="VideoOS.Plugins.AdaptiveView.UnitTests.MovingListTests" name="GetMax_ShouldReturn_CorrectValue_WhenTrimmed" />
    </UnitTest>
    <UnitTest name="RemoveShouldRemoveViewItem" storage="d:\actions-runner\_work\xpco\xpco\addons\plugins\adaptiveview\tst\videoos.plugins.adaptiveview.unittests\bin\x64\debug\net472\videoos.plugins.adaptiveview.unittests.dll" id="65374fe2-6ca3-59e2-d946-9210eeb3ba1d">
      <Execution id="8d1675eb-e763-4b9a-8a72-249fe87afa6b" />
      <TestMethod codeBase="D:\actions-runner\_work\XPCO\XPCO\AddOns\Plugins\AdaptiveView\tst\VideoOS.Plugins.AdaptiveView.UnitTests\bin\x64\Debug\net472\VideoOS.Plugins.AdaptiveView.UnitTests.dll" adapterTypeName="executor://mstestadapter/v2" className="VideoOS.Plugins.AdaptiveView.UnitTests.ConfigurationTests" name="RemoveShouldRemoveViewItem" />
    </UnitTest>
    <UnitTest name="GetSourceSequence_ShouldReturnValidSequences_WhenQueryingOnIntervalInside (2022-01-01 13:50:00,2022-01-01 14:50:00,System.Int32[])" storage="d:\actions-runner\_work\xpco\xpco\addons\plugins\adaptiveview\tst\videoos.plugins.adaptiveview.unittests\bin\x64\debug\net472\videoos.plugins.adaptiveview.unittests.dll" id="e7479dac-9715-2aa8-db11-2a8031ec17ba">
      <Execution id="660c88c5-a7c1-4bc4-a706-c29c9ed8eeb1" />
      <TestMethod codeBase="D:\actions-runner\_work\XPCO\XPCO\AddOns\Plugins\AdaptiveView\tst\VideoOS.Plugins.AdaptiveView.UnitTests\bin\x64\Debug\net472\VideoOS.Plugins.AdaptiveView.UnitTests.dll" adapterTypeName="executor://mstestadapter/v2" className="VideoOS.Plugins.AdaptiveView.UnitTests.SequenceManagerTest" name="GetSourceSequence_ShouldReturnValidSequences_WhenQueryingOnIntervalInside" />
    </UnitTest>
    <UnitTest name="GetStrategy_ShouldThrow_ArgumentException (1321)" storage="d:\actions-runner\_work\xpco\xpco\addons\plugins\adaptiveview\tst\videoos.plugins.adaptiveview.unittests\bin\x64\debug\net472\videoos.plugins.adaptiveview.unittests.dll" id="a2b946e0-5e1a-bff4-453e-fe55b4468abf">
      <Execution id="9617f412-12d4-4139-ba0e-6a3d9fa6a9a2" />
      <TestMethod codeBase="D:\actions-runner\_work\XPCO\XPCO\AddOns\Plugins\AdaptiveView\tst\VideoOS.Plugins.AdaptiveView.UnitTests\bin\x64\Debug\net472\VideoOS.Plugins.AdaptiveView.UnitTests.dll" adapterTypeName="executor://mstestadapter/v2" className="VideoOS.Plugins.AdaptiveView.UnitTests.SortStrategyFactoryTests" name="GetStrategy_ShouldThrow_ArgumentException" />
    </UnitTest>
    <UnitTest name="GetAvg_ShouldReturn_AddedDataOnly_WhenOutsideTimespan (2022-04-05 12:01:15,8)" storage="d:\actions-runner\_work\xpco\xpco\addons\plugins\adaptiveview\tst\videoos.plugins.adaptiveview.unittests\bin\x64\debug\net472\videoos.plugins.adaptiveview.unittests.dll" id="e7fa4831-18db-0884-f66c-b54d15f30e65">
      <Execution id="3808fe14-1285-4f90-97c6-c0f184cde9a5" />
      <TestMethod codeBase="D:\actions-runner\_work\XPCO\XPCO\AddOns\Plugins\AdaptiveView\tst\VideoOS.Plugins.AdaptiveView.UnitTests\bin\x64\Debug\net472\VideoOS.Plugins.AdaptiveView.UnitTests.dll" adapterTypeName="executor://mstestadapter/v2" className="VideoOS.Plugins.AdaptiveView.UnitTests.MovingListTests" name="GetAvg_ShouldReturn_AddedDataOnly_WhenOutsideTimespan" />
    </UnitTest>
    <UnitTest name="GetStrategy_ShouldThrow_ArgumentException (0.5)" storage="d:\actions-runner\_work\xpco\xpco\addons\plugins\adaptiveview\tst\videoos.plugins.adaptiveview.unittests\bin\x64\debug\net472\videoos.plugins.adaptiveview.unittests.dll" id="26808a94-79f4-f751-cff3-f8e3c9da9ae4">
      <Execution id="4d7ef7df-5b3e-4174-985d-79243c81205a" />
      <TestMethod codeBase="D:\actions-runner\_work\XPCO\XPCO\AddOns\Plugins\AdaptiveView\tst\VideoOS.Plugins.AdaptiveView.UnitTests\bin\x64\Debug\net472\VideoOS.Plugins.AdaptiveView.UnitTests.dll" adapterTypeName="executor://mstestadapter/v2" className="VideoOS.Plugins.AdaptiveView.UnitTests.SortStrategyFactoryTests" name="GetStrategy_ShouldThrow_ArgumentException" />
    </UnitTest>
    <UnitTest name="GetMin_ShouldReturn_CorrectValue_WhenTrimmed (2022-01-01 11:59:55,2)" storage="d:\actions-runner\_work\xpco\xpco\addons\plugins\adaptiveview\tst\videoos.plugins.adaptiveview.unittests\bin\x64\debug\net472\videoos.plugins.adaptiveview.unittests.dll" id="73b6db79-ff71-5e22-d04d-5cdf1cc42a3b">
      <Execution id="e1e0740d-1e15-4e6e-aa34-7d0c102c9cc0" />
      <TestMethod codeBase="D:\actions-runner\_work\XPCO\XPCO\AddOns\Plugins\AdaptiveView\tst\VideoOS.Plugins.AdaptiveView.UnitTests\bin\x64\Debug\net472\VideoOS.Plugins.AdaptiveView.UnitTests.dll" adapterTypeName="executor://mstestadapter/v2" className="VideoOS.Plugins.AdaptiveView.UnitTests.MovingListTests" name="GetMin_ShouldReturn_CorrectValue_WhenTrimmed" />
    </UnitTest>
    <UnitTest name="DeserializationWithCamerasShouldReturnInstance" storage="d:\actions-runner\_work\xpco\xpco\addons\plugins\adaptiveview\tst\videoos.plugins.adaptiveview.unittests\bin\x64\debug\net472\videoos.plugins.adaptiveview.unittests.dll" id="116d5e26-4fa1-57c0-c6e6-33eee24f217c">
      <Execution id="a72e3f30-7096-4e4a-92a2-6f0eb6c41604" />
      <TestMethod codeBase="D:\actions-runner\_work\XPCO\XPCO\AddOns\Plugins\AdaptiveView\tst\VideoOS.Plugins.AdaptiveView.UnitTests\bin\x64\Debug\net472\VideoOS.Plugins.AdaptiveView.UnitTests.dll" adapterTypeName="executor://mstestadapter/v2" className="VideoOS.Plugins.AdaptiveView.UnitTests.ConfigurationTests" name="DeserializationWithCamerasShouldReturnInstance" />
    </UnitTest>
    <UnitTest name="GetSourceSequence_ShouldReturnValidSequences_WhenQueryingOnIntervalOutside (2020-02-01 12:00:00,2020-02-01 14:00:00,System.Int32[])" storage="d:\actions-runner\_work\xpco\xpco\addons\plugins\adaptiveview\tst\videoos.plugins.adaptiveview.unittests\bin\x64\debug\net472\videoos.plugins.adaptiveview.unittests.dll" id="71eef2f2-e698-668e-349c-c6565428a284">
      <Execution id="318d4012-8c0f-424b-a4a6-90e3181396ed" />
      <TestMethod codeBase="D:\actions-runner\_work\XPCO\XPCO\AddOns\Plugins\AdaptiveView\tst\VideoOS.Plugins.AdaptiveView.UnitTests\bin\x64\Debug\net472\VideoOS.Plugins.AdaptiveView.UnitTests.dll" adapterTypeName="executor://mstestadapter/v2" className="VideoOS.Plugins.AdaptiveView.UnitTests.SequenceManagerTest" name="GetSourceSequence_ShouldReturnValidSequences_WhenQueryingOnIntervalOutside" />
    </UnitTest>
    <UnitTest name="CreateViewLayout_ReturnsListOfRectangles_GivenPositiveInt (100,100)" storage="d:\actions-runner\_work\xpco\xpco\addons\plugins\adaptiveview\tst\videoos.plugins.adaptiveview.unittests\bin\x64\debug\net472\videoos.plugins.adaptiveview.unittests.dll" id="4387b96d-ea9e-692b-fb83-b956985ca425">
      <Execution id="74eed10c-0ff4-42c8-8b48-6d30f1b74f7e" />
      <TestMethod codeBase="D:\actions-runner\_work\XPCO\XPCO\AddOns\Plugins\AdaptiveView\tst\VideoOS.Plugins.AdaptiveView.UnitTests\bin\x64\Debug\net472\VideoOS.Plugins.AdaptiveView.UnitTests.dll" adapterTypeName="executor://mstestadapter/v2" className="VideoOS.Plugins.AdaptiveView.UnitTests.ViewLayoutManagerTests" name="CreateViewLayout_ReturnsListOfRectangles_GivenPositiveInt" />
    </UnitTest>
    <UnitTest name="GetMax_ShouldReturn_ZeroWhen_TrimmedOutsideTimeSpan (2022-04-01 12:01:15)" storage="d:\actions-runner\_work\xpco\xpco\addons\plugins\adaptiveview\tst\videoos.plugins.adaptiveview.unittests\bin\x64\debug\net472\videoos.plugins.adaptiveview.unittests.dll" id="6e1c362f-6940-f9c0-a2c0-e76006a424a0">
      <Execution id="91e2fd46-e650-49e4-908a-46b8dd32b2cf" />
      <TestMethod codeBase="D:\actions-runner\_work\XPCO\XPCO\AddOns\Plugins\AdaptiveView\tst\VideoOS.Plugins.AdaptiveView.UnitTests\bin\x64\Debug\net472\VideoOS.Plugins.AdaptiveView.UnitTests.dll" adapterTypeName="executor://mstestadapter/v2" className="VideoOS.Plugins.AdaptiveView.UnitTests.MovingListTests" name="GetMax_ShouldReturn_ZeroWhen_TrimmedOutsideTimeSpan" />
    </UnitTest>
    <UnitTest name="DirtyShouldBeCleared" storage="d:\actions-runner\_work\xpco\xpco\addons\plugins\adaptiveview\tst\videoos.plugins.adaptiveview.unittests\bin\x64\debug\net472\videoos.plugins.adaptiveview.unittests.dll" id="98ff20c2-1892-3246-e4e0-7d96459ce805">
      <Execution id="85076235-e0c9-43bd-a476-7aff30d619dd" />
      <TestMethod codeBase="D:\actions-runner\_work\XPCO\XPCO\AddOns\Plugins\AdaptiveView\tst\VideoOS.Plugins.AdaptiveView.UnitTests\bin\x64\Debug\net472\VideoOS.Plugins.AdaptiveView.UnitTests.dll" adapterTypeName="executor://mstestadapter/v2" className="VideoOS.Plugins.AdaptiveView.UnitTests.ConfigurationTests" name="DirtyShouldBeCleared" />
    </UnitTest>
    <UnitTest name="AddData_ShouldThrowException_WhenCameraCountIsLessThanOne (0,2022-04-05 12:01:15)" storage="d:\actions-runner\_work\xpco\xpco\addons\plugins\adaptiveview\tst\videoos.plugins.adaptiveview.unittests\bin\x64\debug\net472\videoos.plugins.adaptiveview.unittests.dll" id="877d9302-865b-465b-23da-c5dd958109fc">
      <Execution id="5923b21a-6337-47c9-a4eb-eb374675b081" />
      <TestMethod codeBase="D:\actions-runner\_work\XPCO\XPCO\AddOns\Plugins\AdaptiveView\tst\VideoOS.Plugins.AdaptiveView.UnitTests\bin\x64\Debug\net472\VideoOS.Plugins.AdaptiveView.UnitTests.dll" adapterTypeName="executor://mstestadapter/v2" className="VideoOS.Plugins.AdaptiveView.UnitTests.MovingListTests" name="AddData_ShouldThrowException_WhenCameraCountIsLessThanOne" />
    </UnitTest>
    <UnitTest name="GetStrategy_ShouldThrow_ArgumentException (LOREM IPSUM DIVIDEOPTIMSUM)" storage="d:\actions-runner\_work\xpco\xpco\addons\plugins\adaptiveview\tst\videoos.plugins.adaptiveview.unittests\bin\x64\debug\net472\videoos.plugins.adaptiveview.unittests.dll" id="4cd48e6e-a139-5a43-94cb-9929b1190cbe">
      <Execution id="7dbfe180-7d38-494b-9fcc-725d58c2ae2c" />
      <TestMethod codeBase="D:\actions-runner\_work\XPCO\XPCO\AddOns\Plugins\AdaptiveView\tst\VideoOS.Plugins.AdaptiveView.UnitTests\bin\x64\Debug\net472\VideoOS.Plugins.AdaptiveView.UnitTests.dll" adapterTypeName="executor://mstestadapter/v2" className="VideoOS.Plugins.AdaptiveView.UnitTests.SortStrategyFactoryTests" name="GetStrategy_ShouldThrow_ArgumentException" />
    </UnitTest>
    <UnitTest name="AddData_ShouldThrowException_WhenCameraCountIsLessThanOne (-1000,2022-04-05 12:01:15)" storage="d:\actions-runner\_work\xpco\xpco\addons\plugins\adaptiveview\tst\videoos.plugins.adaptiveview.unittests\bin\x64\debug\net472\videoos.plugins.adaptiveview.unittests.dll" id="aa9020a8-9ac6-0aa9-fad3-fe04fd9d5aa3">
      <Execution id="e185bb57-c960-42b2-a1b7-ae5029896e46" />
      <TestMethod codeBase="D:\actions-runner\_work\XPCO\XPCO\AddOns\Plugins\AdaptiveView\tst\VideoOS.Plugins.AdaptiveView.UnitTests\bin\x64\Debug\net472\VideoOS.Plugins.AdaptiveView.UnitTests.dll" adapterTypeName="executor://mstestadapter/v2" className="VideoOS.Plugins.AdaptiveView.UnitTests.MovingListTests" name="AddData_ShouldThrowException_WhenCameraCountIsLessThanOne" />
    </UnitTest>
    <UnitTest name="GetMin_ShouldReturn_ZeroWhen_TrimmedOutsideTimeSpan (2022-04-01 12:01:15)" storage="d:\actions-runner\_work\xpco\xpco\addons\plugins\adaptiveview\tst\videoos.plugins.adaptiveview.unittests\bin\x64\debug\net472\videoos.plugins.adaptiveview.unittests.dll" id="f427b01c-279d-013e-3b4b-a184e52ad819">
      <Execution id="8d420c4d-cbb5-4c10-91ef-4d569efcf2ec" />
      <TestMethod codeBase="D:\actions-runner\_work\XPCO\XPCO\AddOns\Plugins\AdaptiveView\tst\VideoOS.Plugins.AdaptiveView.UnitTests\bin\x64\Debug\net472\VideoOS.Plugins.AdaptiveView.UnitTests.dll" adapterTypeName="executor://mstestadapter/v2" className="VideoOS.Plugins.AdaptiveView.UnitTests.MovingListTests" name="GetMin_ShouldReturn_ZeroWhen_TrimmedOutsideTimeSpan" />
    </UnitTest>
    <UnitTest name="GetMin_ShouldReturn_AddedDataOnly_WhenOutsideTimespan (2022-04-05 12:01:15,8)" storage="d:\actions-runner\_work\xpco\xpco\addons\plugins\adaptiveview\tst\videoos.plugins.adaptiveview.unittests\bin\x64\debug\net472\videoos.plugins.adaptiveview.unittests.dll" id="5b4320fc-0479-1074-b7e0-722881a704d3">
      <Execution id="638fd65c-bdd5-45b2-9b43-ca3c11126cc4" />
      <TestMethod codeBase="D:\actions-runner\_work\XPCO\XPCO\AddOns\Plugins\AdaptiveView\tst\VideoOS.Plugins.AdaptiveView.UnitTests\bin\x64\Debug\net472\VideoOS.Plugins.AdaptiveView.UnitTests.dll" adapterTypeName="executor://mstestadapter/v2" className="VideoOS.Plugins.AdaptiveView.UnitTests.MovingListTests" name="GetMin_ShouldReturn_AddedDataOnly_WhenOutsideTimespan" />
    </UnitTest>
    <UnitTest name="ChangeStrategy_ShouldThrow_argumentException (2123123)" storage="d:\actions-runner\_work\xpco\xpco\addons\plugins\adaptiveview\tst\videoos.plugins.adaptiveview.unittests\bin\x64\debug\net472\videoos.plugins.adaptiveview.unittests.dll" id="12c5d778-8e41-03c9-1474-653a9908f043">
      <Execution id="8ccd434f-812e-463c-8929-2602aa62b3fa" />
      <TestMethod codeBase="D:\actions-runner\_work\XPCO\XPCO\AddOns\Plugins\AdaptiveView\tst\VideoOS.Plugins.AdaptiveView.UnitTests\bin\x64\Debug\net472\VideoOS.Plugins.AdaptiveView.UnitTests.dll" adapterTypeName="executor://mstestadapter/v2" className="VideoOS.Plugins.AdaptiveView.UnitTests.CameraSortManagerTests" name="ChangeStrategy_ShouldThrow_argumentException" />
    </UnitTest>
    <UnitTest name="GetMax_ShouldReturn_AddedDataOnly_WhenOutsideTimespan (2022-04-05 12:01:15,93)" storage="d:\actions-runner\_work\xpco\xpco\addons\plugins\adaptiveview\tst\videoos.plugins.adaptiveview.unittests\bin\x64\debug\net472\videoos.plugins.adaptiveview.unittests.dll" id="6ea5a8cb-8ce9-09b1-a51d-22a5cb6345f6">
      <Execution id="a36d41d9-e67b-4250-8550-1efa2c2801bb" />
      <TestMethod codeBase="D:\actions-runner\_work\XPCO\XPCO\AddOns\Plugins\AdaptiveView\tst\VideoOS.Plugins.AdaptiveView.UnitTests\bin\x64\Debug\net472\VideoOS.Plugins.AdaptiveView.UnitTests.dll" adapterTypeName="executor://mstestadapter/v2" className="VideoOS.Plugins.AdaptiveView.UnitTests.MovingListTests" name="GetMax_ShouldReturn_AddedDataOnly_WhenOutsideTimespan" />
    </UnitTest>
    <UnitTest name="GetAvg_ShouldReturn_CorrectValue_WhenTrimmed (2022-01-01 12:01:05,4.5)" storage="d:\actions-runner\_work\xpco\xpco\addons\plugins\adaptiveview\tst\videoos.plugins.adaptiveview.unittests\bin\x64\debug\net472\videoos.plugins.adaptiveview.unittests.dll" id="e33d60e5-ab2c-c525-731f-cb74480219a0">
      <Execution id="97402e60-9b07-433a-945a-fd665d5ea0ee" />
      <TestMethod codeBase="D:\actions-runner\_work\XPCO\XPCO\AddOns\Plugins\AdaptiveView\tst\VideoOS.Plugins.AdaptiveView.UnitTests\bin\x64\Debug\net472\VideoOS.Plugins.AdaptiveView.UnitTests.dll" adapterTypeName="executor://mstestadapter/v2" className="VideoOS.Plugins.AdaptiveView.UnitTests.MovingListTests" name="GetAvg_ShouldReturn_CorrectValue_WhenTrimmed" />
    </UnitTest>
    <UnitTest name="GetAvg_ShouldReturn_CorrectValue_WhenTrimmed (2022-01-01 11:59:55,4.5)" storage="d:\actions-runner\_work\xpco\xpco\addons\plugins\adaptiveview\tst\videoos.plugins.adaptiveview.unittests\bin\x64\debug\net472\videoos.plugins.adaptiveview.unittests.dll" id="9ace69c5-ad4e-04b8-5e9c-fc2e803c6cdf">
      <Execution id="da96f4dd-d55f-4792-a15a-9ca2f81c6de7" />
      <TestMethod codeBase="D:\actions-runner\_work\XPCO\XPCO\AddOns\Plugins\AdaptiveView\tst\VideoOS.Plugins.AdaptiveView.UnitTests\bin\x64\Debug\net472\VideoOS.Plugins.AdaptiveView.UnitTests.dll" adapterTypeName="executor://mstestadapter/v2" className="VideoOS.Plugins.AdaptiveView.UnitTests.MovingListTests" name="GetAvg_ShouldReturn_CorrectValue_WhenTrimmed" />
    </UnitTest>
    <UnitTest name="SequenceSort_ShouldReturn_EmptyList_IfEmptyArgument" storage="d:\actions-runner\_work\xpco\xpco\addons\plugins\adaptiveview\tst\videoos.plugins.adaptiveview.unittests\bin\x64\debug\net472\videoos.plugins.adaptiveview.unittests.dll" id="cd0e257d-65b8-fafa-c5f1-7eb632863781">
      <Execution id="5d94248e-a324-4dda-a11e-51e9b21605d1" />
      <TestMethod codeBase="D:\actions-runner\_work\XPCO\XPCO\AddOns\Plugins\AdaptiveView\tst\VideoOS.Plugins.AdaptiveView.UnitTests\bin\x64\Debug\net472\VideoOS.Plugins.AdaptiveView.UnitTests.dll" adapterTypeName="executor://mstestadapter/v2" className="VideoOS.Plugins.AdaptiveView.UnitTests.CameraSortManagerTests" name="SequenceSort_ShouldReturn_EmptyList_IfEmptyArgument" />
    </UnitTest>
    <UnitTest name="GetAvg_ShouldReturn_ZeroWhen_TrimmedOutsideTimespan (2022-04-01 12:01:15)" storage="d:\actions-runner\_work\xpco\xpco\addons\plugins\adaptiveview\tst\videoos.plugins.adaptiveview.unittests\bin\x64\debug\net472\videoos.plugins.adaptiveview.unittests.dll" id="b6ba445c-5c38-9dd2-c786-4b75e019aee0">
      <Execution id="1504b958-60c7-4055-a50a-ce3256fe2886" />
      <TestMethod codeBase="D:\actions-runner\_work\XPCO\XPCO\AddOns\Plugins\AdaptiveView\tst\VideoOS.Plugins.AdaptiveView.UnitTests\bin\x64\Debug\net472\VideoOS.Plugins.AdaptiveView.UnitTests.dll" adapterTypeName="executor://mstestadapter/v2" className="VideoOS.Plugins.AdaptiveView.UnitTests.MovingListTests" name="GetAvg_ShouldReturn_ZeroWhen_TrimmedOutsideTimespan" />
    </UnitTest>
    <UnitTest name="GetAvg_ShouldReturn_CorrectValue_WhenTrimmed (2022-01-01 12:01:30,5)" storage="d:\actions-runner\_work\xpco\xpco\addons\plugins\adaptiveview\tst\videoos.plugins.adaptiveview.unittests\bin\x64\debug\net472\videoos.plugins.adaptiveview.unittests.dll" id="ef9bc85d-c944-309f-8edb-dd51f47e587c">
      <Execution id="b1c9800b-b85f-4fa5-a450-f14bf9bd414b" />
      <TestMethod codeBase="D:\actions-runner\_work\XPCO\XPCO\AddOns\Plugins\AdaptiveView\tst\VideoOS.Plugins.AdaptiveView.UnitTests\bin\x64\Debug\net472\VideoOS.Plugins.AdaptiveView.UnitTests.dll" adapterTypeName="executor://mstestadapter/v2" className="VideoOS.Plugins.AdaptiveView.UnitTests.MovingListTests" name="GetAvg_ShouldReturn_CorrectValue_WhenTrimmed" />
    </UnitTest>
    <UnitTest name="GetSourceSequence_ShouldReturnValidSequences_WhenQueryingOnIntervalOutside (2022-04-01 12:00:00,2020-04-01 14:00:00,System.Int32[])" storage="d:\actions-runner\_work\xpco\xpco\addons\plugins\adaptiveview\tst\videoos.plugins.adaptiveview.unittests\bin\x64\debug\net472\videoos.plugins.adaptiveview.unittests.dll" id="a0c45c15-12a1-3b89-8a29-3b4ce7d72b3f">
      <Execution id="8d97ff2f-cb98-409d-87e6-f4cebf48361e" />
      <TestMethod codeBase="D:\actions-runner\_work\XPCO\XPCO\AddOns\Plugins\AdaptiveView\tst\VideoOS.Plugins.AdaptiveView.UnitTests\bin\x64\Debug\net472\VideoOS.Plugins.AdaptiveView.UnitTests.dll" adapterTypeName="executor://mstestadapter/v2" className="VideoOS.Plugins.AdaptiveView.UnitTests.SequenceManagerTest" name="GetSourceSequence_ShouldReturnValidSequences_WhenQueryingOnIntervalOutside" />
    </UnitTest>
    <UnitTest name="CreateViewLayout_ReturnsListOfRectangles_GivenPositiveInt (5,6)" storage="d:\actions-runner\_work\xpco\xpco\addons\plugins\adaptiveview\tst\videoos.plugins.adaptiveview.unittests\bin\x64\debug\net472\videoos.plugins.adaptiveview.unittests.dll" id="b4447489-4033-ed72-273a-6a301e8a2b1f">
      <Execution id="0a5498f1-124f-4bdf-8245-4f8ae1554db0" />
      <TestMethod codeBase="D:\actions-runner\_work\XPCO\XPCO\AddOns\Plugins\AdaptiveView\tst\VideoOS.Plugins.AdaptiveView.UnitTests\bin\x64\Debug\net472\VideoOS.Plugins.AdaptiveView.UnitTests.dll" adapterTypeName="executor://mstestadapter/v2" className="VideoOS.Plugins.AdaptiveView.UnitTests.ViewLayoutManagerTests" name="CreateViewLayout_ReturnsListOfRectangles_GivenPositiveInt" />
    </UnitTest>
    <UnitTest name="GetMin_ShouldReturn_AddedDataOnly_WhenOutsideTimespan (2022-04-08 12:01:15,2)" storage="d:\actions-runner\_work\xpco\xpco\addons\plugins\adaptiveview\tst\videoos.plugins.adaptiveview.unittests\bin\x64\debug\net472\videoos.plugins.adaptiveview.unittests.dll" id="67694703-1103-eb0a-dff0-c88bdc6fd9ef">
      <Execution id="6a772633-b69f-4929-a8a4-5f138ceea9f4" />
      <TestMethod codeBase="D:\actions-runner\_work\XPCO\XPCO\AddOns\Plugins\AdaptiveView\tst\VideoOS.Plugins.AdaptiveView.UnitTests\bin\x64\Debug\net472\VideoOS.Plugins.AdaptiveView.UnitTests.dll" adapterTypeName="executor://mstestadapter/v2" className="VideoOS.Plugins.AdaptiveView.UnitTests.MovingListTests" name="GetMin_ShouldReturn_AddedDataOnly_WhenOutsideTimespan" />
    </UnitTest>
    <UnitTest name="GetSourceSequence_ShouldReturnValidSequences_WhenQueryingOnIntervalInside (2022-01-01 12:00:00,2022-01-01 14:00:00,System.Int32[])" storage="d:\actions-runner\_work\xpco\xpco\addons\plugins\adaptiveview\tst\videoos.plugins.adaptiveview.unittests\bin\x64\debug\net472\videoos.plugins.adaptiveview.unittests.dll" id="895464bc-5bc0-9a0a-aaf3-ce3a224b2fc9">
      <Execution id="61b2ad3d-bc9a-46b4-9e05-c3b176809e57" />
      <TestMethod codeBase="D:\actions-runner\_work\XPCO\XPCO\AddOns\Plugins\AdaptiveView\tst\VideoOS.Plugins.AdaptiveView.UnitTests\bin\x64\Debug\net472\VideoOS.Plugins.AdaptiveView.UnitTests.dll" adapterTypeName="executor://mstestadapter/v2" className="VideoOS.Plugins.AdaptiveView.UnitTests.SequenceManagerTest" name="GetSourceSequence_ShouldReturnValidSequences_WhenQueryingOnIntervalInside" />
    </UnitTest>
    <UnitTest name="GetMax_ShouldReturn_CorrectValue_WhenTrimmed (2022-01-01 12:01:30,10)" storage="d:\actions-runner\_work\xpco\xpco\addons\plugins\adaptiveview\tst\videoos.plugins.adaptiveview.unittests\bin\x64\debug\net472\videoos.plugins.adaptiveview.unittests.dll" id="40c6c62a-062d-3d82-1dd8-ca754f1e694a">
      <Execution id="8e2124b0-4b8f-4e9e-8475-3f1933004d67" />
      <TestMethod codeBase="D:\actions-runner\_work\XPCO\XPCO\AddOns\Plugins\AdaptiveView\tst\VideoOS.Plugins.AdaptiveView.UnitTests\bin\x64\Debug\net472\VideoOS.Plugins.AdaptiveView.UnitTests.dll" adapterTypeName="executor://mstestadapter/v2" className="VideoOS.Plugins.AdaptiveView.UnitTests.MovingListTests" name="GetMax_ShouldReturn_CorrectValue_WhenTrimmed" />
    </UnitTest>
    <UnitTest name="RemoveShouldFlagDirty" storage="d:\actions-runner\_work\xpco\xpco\addons\plugins\adaptiveview\tst\videoos.plugins.adaptiveview.unittests\bin\x64\debug\net472\videoos.plugins.adaptiveview.unittests.dll" id="325fb1b9-ebd2-6cf3-27e0-afa45663166a">
      <Execution id="b25df728-2aa4-4977-94df-094b08e07ee9" />
      <TestMethod codeBase="D:\actions-runner\_work\XPCO\XPCO\AddOns\Plugins\AdaptiveView\tst\VideoOS.Plugins.AdaptiveView.UnitTests\bin\x64\Debug\net472\VideoOS.Plugins.AdaptiveView.UnitTests.dll" adapterTypeName="executor://mstestadapter/v2" className="VideoOS.Plugins.AdaptiveView.UnitTests.ConfigurationTests" name="RemoveShouldFlagDirty" />
    </UnitTest>
    <UnitTest name="GetMax_ShouldReturn_ZeroWhen_TrimmedOutsideTimeSpan (2022-03-01 11:59:55)" storage="d:\actions-runner\_work\xpco\xpco\addons\plugins\adaptiveview\tst\videoos.plugins.adaptiveview.unittests\bin\x64\debug\net472\videoos.plugins.adaptiveview.unittests.dll" id="4cebdf24-cadf-9a98-47b7-a0127873c70a">
      <Execution id="621ff0a8-e7b8-46c3-bcb7-f394d929e042" />
      <TestMethod codeBase="D:\actions-runner\_work\XPCO\XPCO\AddOns\Plugins\AdaptiveView\tst\VideoOS.Plugins.AdaptiveView.UnitTests\bin\x64\Debug\net472\VideoOS.Plugins.AdaptiveView.UnitTests.dll" adapterTypeName="executor://mstestadapter/v2" className="VideoOS.Plugins.AdaptiveView.UnitTests.MovingListTests" name="GetMax_ShouldReturn_ZeroWhen_TrimmedOutsideTimeSpan" />
    </UnitTest>
    <UnitTest name="GetAvg_ShouldReturn_ZeroWhen_TrimmedOutsideTimespan (2022-03-01 11:59:55)" storage="d:\actions-runner\_work\xpco\xpco\addons\plugins\adaptiveview\tst\videoos.plugins.adaptiveview.unittests\bin\x64\debug\net472\videoos.plugins.adaptiveview.unittests.dll" id="d50cf881-5506-d0f2-519b-75e3f9e62ad2">
      <Execution id="634abb4e-a478-4667-a6b0-a5f3700fe7b3" />
      <TestMethod codeBase="D:\actions-runner\_work\XPCO\XPCO\AddOns\Plugins\AdaptiveView\tst\VideoOS.Plugins.AdaptiveView.UnitTests\bin\x64\Debug\net472\VideoOS.Plugins.AdaptiveView.UnitTests.dll" adapterTypeName="executor://mstestadapter/v2" className="VideoOS.Plugins.AdaptiveView.UnitTests.MovingListTests" name="GetAvg_ShouldReturn_ZeroWhen_TrimmedOutsideTimespan" />
    </UnitTest>
    <UnitTest name="SequenceSort_ShouldThrow_ArgumentNullException" storage="d:\actions-runner\_work\xpco\xpco\addons\plugins\adaptiveview\tst\videoos.plugins.adaptiveview.unittests\bin\x64\debug\net472\videoos.plugins.adaptiveview.unittests.dll" id="42d2755b-88e9-e647-4383-01bfbf2afb95">
      <Execution id="b6e54009-41fe-4f06-9d7b-6448d312ef1d" />
      <TestMethod codeBase="D:\actions-runner\_work\XPCO\XPCO\AddOns\Plugins\AdaptiveView\tst\VideoOS.Plugins.AdaptiveView.UnitTests\bin\x64\Debug\net472\VideoOS.Plugins.AdaptiveView.UnitTests.dll" adapterTypeName="executor://mstestadapter/v2" className="VideoOS.Plugins.AdaptiveView.UnitTests.CameraSortManagerTests" name="SequenceSort_ShouldThrow_ArgumentNullException" />
    </UnitTest>
    <UnitTest name="GetMin_ShouldReturn_AddedDataOnly_WhenOutsideTimespan (2022-02-05 12:01:15,6)" storage="d:\actions-runner\_work\xpco\xpco\addons\plugins\adaptiveview\tst\videoos.plugins.adaptiveview.unittests\bin\x64\debug\net472\videoos.plugins.adaptiveview.unittests.dll" id="28d8903f-c86f-231a-f81b-17bfe260ae84">
      <Execution id="4ff6712a-d9cb-43a6-86aa-f92154760b64" />
      <TestMethod codeBase="D:\actions-runner\_work\XPCO\XPCO\AddOns\Plugins\AdaptiveView\tst\VideoOS.Plugins.AdaptiveView.UnitTests\bin\x64\Debug\net472\VideoOS.Plugins.AdaptiveView.UnitTests.dll" adapterTypeName="executor://mstestadapter/v2" className="VideoOS.Plugins.AdaptiveView.UnitTests.MovingListTests" name="GetMin_ShouldReturn_AddedDataOnly_WhenOutsideTimespan" />
    </UnitTest>
    <UnitTest name="CreateViewLayout_ReturnsListOfRectangles_GivenPositiveInt (7,9)" storage="d:\actions-runner\_work\xpco\xpco\addons\plugins\adaptiveview\tst\videoos.plugins.adaptiveview.unittests\bin\x64\debug\net472\videoos.plugins.adaptiveview.unittests.dll" id="810ad52a-b67a-c112-4129-800865c491c9">
      <Execution id="46a25d4f-e9c4-4bed-99d6-fcd985311d3d" />
      <TestMethod codeBase="D:\actions-runner\_work\XPCO\XPCO\AddOns\Plugins\AdaptiveView\tst\VideoOS.Plugins.AdaptiveView.UnitTests\bin\x64\Debug\net472\VideoOS.Plugins.AdaptiveView.UnitTests.dll" adapterTypeName="executor://mstestadapter/v2" className="VideoOS.Plugins.AdaptiveView.UnitTests.ViewLayoutManagerTests" name="CreateViewLayout_ReturnsListOfRectangles_GivenPositiveInt" />
    </UnitTest>
    <UnitTest name="AddOrUpdateShouldFlagDirty" storage="d:\actions-runner\_work\xpco\xpco\addons\plugins\adaptiveview\tst\videoos.plugins.adaptiveview.unittests\bin\x64\debug\net472\videoos.plugins.adaptiveview.unittests.dll" id="c009ca00-3eef-fab0-cd04-c7efd72ca2b0">
      <Execution id="aa99f124-5f33-4157-bbe0-ffbaa20dac65" />
      <TestMethod codeBase="D:\actions-runner\_work\XPCO\XPCO\AddOns\Plugins\AdaptiveView\tst\VideoOS.Plugins.AdaptiveView.UnitTests\bin\x64\Debug\net472\VideoOS.Plugins.AdaptiveView.UnitTests.dll" adapterTypeName="executor://mstestadapter/v2" className="VideoOS.Plugins.AdaptiveView.UnitTests.ConfigurationTests" name="AddOrUpdateShouldFlagDirty" />
    </UnitTest>
    <UnitTest name="GetStrategy_ShouldThrow_ArgumentException (B)" storage="d:\actions-runner\_work\xpco\xpco\addons\plugins\adaptiveview\tst\videoos.plugins.adaptiveview.unittests\bin\x64\debug\net472\videoos.plugins.adaptiveview.unittests.dll" id="1bad9bf7-04d7-43e5-1d64-c3a99ad87fff">
      <Execution id="bb711dda-1cdd-4a29-808e-60a04aaa0ee1" />
      <TestMethod codeBase="D:\actions-runner\_work\XPCO\XPCO\AddOns\Plugins\AdaptiveView\tst\VideoOS.Plugins.AdaptiveView.UnitTests\bin\x64\Debug\net472\VideoOS.Plugins.AdaptiveView.UnitTests.dll" adapterTypeName="executor://mstestadapter/v2" className="VideoOS.Plugins.AdaptiveView.UnitTests.SortStrategyFactoryTests" name="GetStrategy_ShouldThrow_ArgumentException" />
    </UnitTest>
    <UnitTest name="CreateViewLayout_ThrowsOutOfRangeException_GivenNegativeInt" storage="d:\actions-runner\_work\xpco\xpco\addons\plugins\adaptiveview\tst\videoos.plugins.adaptiveview.unittests\bin\x64\debug\net472\videoos.plugins.adaptiveview.unittests.dll" id="0bb0650d-1d1e-a1e3-1275-1977a15320d7">
      <Execution id="35ce8f36-a9ad-47d3-ac98-c814cc0f972a" />
      <TestMethod codeBase="D:\actions-runner\_work\XPCO\XPCO\AddOns\Plugins\AdaptiveView\tst\VideoOS.Plugins.AdaptiveView.UnitTests\bin\x64\Debug\net472\VideoOS.Plugins.AdaptiveView.UnitTests.dll" adapterTypeName="executor://mstestadapter/v2" className="VideoOS.Plugins.AdaptiveView.UnitTests.ViewLayoutManagerTests" name="CreateViewLayout_ThrowsOutOfRangeException_GivenNegativeInt" />
    </UnitTest>
    <UnitTest name="GetMin_ShouldReturn_CorrectValue_WhenTrimmed (2022-01-01 12:01:15,1)" storage="d:\actions-runner\_work\xpco\xpco\addons\plugins\adaptiveview\tst\videoos.plugins.adaptiveview.unittests\bin\x64\debug\net472\videoos.plugins.adaptiveview.unittests.dll" id="b5638c25-0c15-615b-d645-75f576a7f781">
      <Execution id="191668f6-2262-457c-bd2b-5231e3207538" />
      <TestMethod codeBase="D:\actions-runner\_work\XPCO\XPCO\AddOns\Plugins\AdaptiveView\tst\VideoOS.Plugins.AdaptiveView.UnitTests\bin\x64\Debug\net472\VideoOS.Plugins.AdaptiveView.UnitTests.dll" adapterTypeName="executor://mstestadapter/v2" className="VideoOS.Plugins.AdaptiveView.UnitTests.MovingListTests" name="GetMin_ShouldReturn_CorrectValue_WhenTrimmed" />
    </UnitTest>
    <UnitTest name="AddData_ShouldThrowException_WhenCameraCountIsLessThanOne (-3,2022-04-05 12:01:15)" storage="d:\actions-runner\_work\xpco\xpco\addons\plugins\adaptiveview\tst\videoos.plugins.adaptiveview.unittests\bin\x64\debug\net472\videoos.plugins.adaptiveview.unittests.dll" id="912a3433-4258-f6f6-7e49-273fba1db4b5">
      <Execution id="20540669-59b1-4fb9-a724-bfef62214fcf" />
      <TestMethod codeBase="D:\actions-runner\_work\XPCO\XPCO\AddOns\Plugins\AdaptiveView\tst\VideoOS.Plugins.AdaptiveView.UnitTests\bin\x64\Debug\net472\VideoOS.Plugins.AdaptiveView.UnitTests.dll" adapterTypeName="executor://mstestadapter/v2" className="VideoOS.Plugins.AdaptiveView.UnitTests.MovingListTests" name="AddData_ShouldThrowException_WhenCameraCountIsLessThanOne" />
    </UnitTest>
    <UnitTest name="AddOrUpdateShouldAddViewItem" storage="d:\actions-runner\_work\xpco\xpco\addons\plugins\adaptiveview\tst\videoos.plugins.adaptiveview.unittests\bin\x64\debug\net472\videoos.plugins.adaptiveview.unittests.dll" id="9abb690d-efd9-2ab1-bd30-d00c10bbceb5">
      <Execution id="3f818dbc-17bb-46fb-ac45-88bd1c4d3f9f" />
      <TestMethod codeBase="D:\actions-runner\_work\XPCO\XPCO\AddOns\Plugins\AdaptiveView\tst\VideoOS.Plugins.AdaptiveView.UnitTests\bin\x64\Debug\net472\VideoOS.Plugins.AdaptiveView.UnitTests.dll" adapterTypeName="executor://mstestadapter/v2" className="VideoOS.Plugins.AdaptiveView.UnitTests.ConfigurationTests" name="AddOrUpdateShouldAddViewItem" />
    </UnitTest>
    <UnitTest name="GetStrategy_ShouldReturnRight_InstanceTypeOfStrategy (SortCameraBySequenceST)" storage="d:\actions-runner\_work\xpco\xpco\addons\plugins\adaptiveview\tst\videoos.plugins.adaptiveview.unittests\bin\x64\debug\net472\videoos.plugins.adaptiveview.unittests.dll" id="d0d4f99f-01fa-1aaf-52f3-1c03c6dbfb7f">
      <Execution id="60e87aaf-179d-4274-ba2e-8dadaad10152" />
      <TestMethod codeBase="D:\actions-runner\_work\XPCO\XPCO\AddOns\Plugins\AdaptiveView\tst\VideoOS.Plugins.AdaptiveView.UnitTests\bin\x64\Debug\net472\VideoOS.Plugins.AdaptiveView.UnitTests.dll" adapterTypeName="executor://mstestadapter/v2" className="VideoOS.Plugins.AdaptiveView.UnitTests.SortStrategyFactoryTests" name="GetStrategy_ShouldReturnRight_InstanceTypeOfStrategy" />
    </UnitTest>
    <UnitTest name="GetMin_ShouldReturn_CorrectValue_WhenTrimmed (2022-01-01 12:01:30,1)" storage="d:\actions-runner\_work\xpco\xpco\addons\plugins\adaptiveview\tst\videoos.plugins.adaptiveview.unittests\bin\x64\debug\net472\videoos.plugins.adaptiveview.unittests.dll" id="7cfae2c1-f636-2e86-5c3d-ec92c00c9aa2">
      <Execution id="431cce9f-9bdd-4bf9-831a-84cb23c2cc55" />
      <TestMethod codeBase="D:\actions-runner\_work\XPCO\XPCO\AddOns\Plugins\AdaptiveView\tst\VideoOS.Plugins.AdaptiveView.UnitTests\bin\x64\Debug\net472\VideoOS.Plugins.AdaptiveView.UnitTests.dll" adapterTypeName="executor://mstestadapter/v2" className="VideoOS.Plugins.AdaptiveView.UnitTests.MovingListTests" name="GetMin_ShouldReturn_CorrectValue_WhenTrimmed" />
    </UnitTest>
    <UnitTest name="GetMax_ShouldReturn_TotalMaxValue_WhenNotTrimmed" storage="d:\actions-runner\_work\xpco\xpco\addons\plugins\adaptiveview\tst\videoos.plugins.adaptiveview.unittests\bin\x64\debug\net472\videoos.plugins.adaptiveview.unittests.dll" id="cc1a83bf-926c-abfb-22bc-c622e98c40d3">
      <Execution id="f62abfbd-4717-40a1-ae29-faea8d4bddf4" />
      <TestMethod codeBase="D:\actions-runner\_work\XPCO\XPCO\AddOns\Plugins\AdaptiveView\tst\VideoOS.Plugins.AdaptiveView.UnitTests\bin\x64\Debug\net472\VideoOS.Plugins.AdaptiveView.UnitTests.dll" adapterTypeName="executor://mstestadapter/v2" className="VideoOS.Plugins.AdaptiveView.UnitTests.MovingListTests" name="GetMax_ShouldReturn_TotalMaxValue_WhenNotTrimmed" />
    </UnitTest>
    <UnitTest name="GetSourceSequence_ShouldRaiseArgumentNullException_WhenFqidsIsNull" storage="d:\actions-runner\_work\xpco\xpco\addons\plugins\adaptiveview\tst\videoos.plugins.adaptiveview.unittests\bin\x64\debug\net472\videoos.plugins.adaptiveview.unittests.dll" id="9bf3ca6d-2e3d-3081-b13c-ecaf4f099478">
      <Execution id="d997be4e-c17a-4b6f-a38b-ec22e6a1e541" />
      <TestMethod codeBase="D:\actions-runner\_work\XPCO\XPCO\AddOns\Plugins\AdaptiveView\tst\VideoOS.Plugins.AdaptiveView.UnitTests\bin\x64\Debug\net472\VideoOS.Plugins.AdaptiveView.UnitTests.dll" adapterTypeName="executor://mstestadapter/v2" className="VideoOS.Plugins.AdaptiveView.UnitTests.SequenceManagerTest" name="GetSourceSequence_ShouldRaiseArgumentNullException_WhenFqidsIsNull" />
    </UnitTest>
    <UnitTest name="DirtyShouldBeClear" storage="d:\actions-runner\_work\xpco\xpco\addons\plugins\adaptiveview\tst\videoos.plugins.adaptiveview.unittests\bin\x64\debug\net472\videoos.plugins.adaptiveview.unittests.dll" id="2c809abb-5010-c010-2acf-12757c770791">
      <Execution id="37d07d1e-73d1-4473-8599-42bca9c321a3" />
      <TestMethod codeBase="D:\actions-runner\_work\XPCO\XPCO\AddOns\Plugins\AdaptiveView\tst\VideoOS.Plugins.AdaptiveView.UnitTests\bin\x64\Debug\net472\VideoOS.Plugins.AdaptiveView.UnitTests.dll" adapterTypeName="executor://mstestadapter/v2" className="VideoOS.Plugins.AdaptiveView.UnitTests.ConfigurationTests" name="DirtyShouldBeClear" />
    </UnitTest>
    <UnitTest name="CreateViewLayout_ReturnsListOfRectangles_GivenPositiveInt (2,2)" storage="d:\actions-runner\_work\xpco\xpco\addons\plugins\adaptiveview\tst\videoos.plugins.adaptiveview.unittests\bin\x64\debug\net472\videoos.plugins.adaptiveview.unittests.dll" id="6e9b59a6-1085-67fa-d76c-6f102e20280f">
      <Execution id="34cb68d1-3886-46ea-a3cf-395f620193d4" />
      <TestMethod codeBase="D:\actions-runner\_work\XPCO\XPCO\AddOns\Plugins\AdaptiveView\tst\VideoOS.Plugins.AdaptiveView.UnitTests\bin\x64\Debug\net472\VideoOS.Plugins.AdaptiveView.UnitTests.dll" adapterTypeName="executor://mstestadapter/v2" className="VideoOS.Plugins.AdaptiveView.UnitTests.ViewLayoutManagerTests" name="CreateViewLayout_ReturnsListOfRectangles_GivenPositiveInt" />
    </UnitTest>
  </TestDefinitions>
  <TestEntries>
    <TestEntry testId="6e9b59a6-1085-67fa-d76c-6f102e20280f" executionId="34cb68d1-3886-46ea-a3cf-395f620193d4" testListId="8c84fa94-04c1-424b-9868-57a2d4851a1d" />
    <TestEntry testId="ef75f59a-e172-4c27-83b8-f7dbabb59ac8" executionId="974d2470-a73a-4d7c-8c86-5345d9957875" testListId="8c84fa94-04c1-424b-9868-57a2d4851a1d" />
    <TestEntry testId="c009ca00-3eef-fab0-cd04-c7efd72ca2b0" executionId="aa99f124-5f33-4157-bbe0-ffbaa20dac65" testListId="8c84fa94-04c1-424b-9868-57a2d4851a1d" />
    <TestEntry testId="28d8903f-c86f-231a-f81b-17bfe260ae84" executionId="4ff6712a-d9cb-43a6-86aa-f92154760b64" testListId="8c84fa94-04c1-424b-9868-57a2d4851a1d" />
    <TestEntry testId="b6962cca-4c31-e5aa-89c1-7a61f68642fd" executionId="39409cdc-1ef9-4a24-9b33-e5ece8cbe99d" testListId="8c84fa94-04c1-424b-9868-57a2d4851a1d" />
    <TestEntry testId="bca36705-2f24-4c28-aabc-608cdfa83b49" executionId="7d3e5c74-3565-44d7-a8a2-9e8f5e25ddf0" testListId="8c84fa94-04c1-424b-9868-57a2d4851a1d" />
    <TestEntry testId="4cebdf24-cadf-9a98-47b7-a0127873c70a" executionId="621ff0a8-e7b8-46c3-bcb7-f394d929e042" testListId="8c84fa94-04c1-424b-9868-57a2d4851a1d" />
    <TestEntry testId="cc1a83bf-926c-abfb-22bc-c622e98c40d3" executionId="f62abfbd-4717-40a1-ae29-faea8d4bddf4" testListId="8c84fa94-04c1-424b-9868-57a2d4851a1d" />
    <TestEntry testId="b0be8439-cc4f-dc57-ae49-2e8174918bcd" executionId="772c78a7-5d9b-4991-afae-313976fc2f0e" testListId="8c84fa94-04c1-424b-9868-57a2d4851a1d" />
    <TestEntry testId="d29a0a39-f477-8afc-4177-7faca23d2ce1" executionId="ef6bc39d-bac6-497b-9156-30f82cb4cee0" testListId="8c84fa94-04c1-424b-9868-57a2d4851a1d" />
    <TestEntry testId="f427b01c-279d-013e-3b4b-a184e52ad819" executionId="8d420c4d-cbb5-4c10-91ef-4d569efcf2ec" testListId="8c84fa94-04c1-424b-9868-57a2d4851a1d" />
    <TestEntry testId="e7fa4831-18db-0884-f66c-b54d15f30e65" executionId="3808fe14-1285-4f90-97c6-c0f184cde9a5" testListId="8c84fa94-04c1-424b-9868-57a2d4851a1d" />
    <TestEntry testId="0c0d18b3-65bc-0f1f-f0da-6108c3b14f23" executionId="a73fb917-f162-471e-b318-edd897294406" testListId="8c84fa94-04c1-424b-9868-57a2d4851a1d" />
    <TestEntry testId="325fb1b9-ebd2-6cf3-27e0-afa45663166a" executionId="b25df728-2aa4-4977-94df-094b08e07ee9" testListId="8c84fa94-04c1-424b-9868-57a2d4851a1d" />
    <TestEntry testId="08e0df7e-29cb-ea7e-ad57-9cf8ed9a7632" executionId="c47323fb-3110-46bb-b5fe-4458afa454e5" testListId="8c84fa94-04c1-424b-9868-57a2d4851a1d" />
    <TestEntry testId="810ad52a-b67a-c112-4129-800865c491c9" executionId="46a25d4f-e9c4-4bed-99d6-fcd985311d3d" testListId="8c84fa94-04c1-424b-9868-57a2d4851a1d" />
    <TestEntry testId="98ff20c2-1892-3246-e4e0-7d96459ce805" executionId="85076235-e0c9-43bd-a476-7aff30d619dd" testListId="8c84fa94-04c1-424b-9868-57a2d4851a1d" />
    <TestEntry testId="d35e3f47-025c-78c2-7b06-5a1a99c84aaf" executionId="398de3dc-e5e2-4ce9-bc3e-d7f2cbebec8d" testListId="8c84fa94-04c1-424b-9868-57a2d4851a1d" />
    <TestEntry testId="a0c45c15-12a1-3b89-8a29-3b4ce7d72b3f" executionId="8d97ff2f-cb98-409d-87e6-f4cebf48361e" testListId="8c84fa94-04c1-424b-9868-57a2d4851a1d" />
    <TestEntry testId="cd0e257d-65b8-fafa-c5f1-7eb632863781" executionId="5d94248e-a324-4dda-a11e-51e9b21605d1" testListId="8c84fa94-04c1-424b-9868-57a2d4851a1d" />
    <TestEntry testId="73b6db79-ff71-5e22-d04d-5cdf1cc42a3b" executionId="e1e0740d-1e15-4e6e-aa34-7d0c102c9cc0" testListId="8c84fa94-04c1-424b-9868-57a2d4851a1d" />
    <TestEntry testId="4387b96d-ea9e-692b-fb83-b956985ca425" executionId="74eed10c-0ff4-42c8-8b48-6d30f1b74f7e" testListId="8c84fa94-04c1-424b-9868-57a2d4851a1d" />
    <TestEntry testId="40c6c62a-062d-3d82-1dd8-ca754f1e694a" executionId="8e2124b0-4b8f-4e9e-8475-3f1933004d67" testListId="8c84fa94-04c1-424b-9868-57a2d4851a1d" />
    <TestEntry testId="2c809abb-5010-c010-2acf-12757c770791" executionId="37d07d1e-73d1-4473-8599-42bca9c321a3" testListId="8c84fa94-04c1-424b-9868-57a2d4851a1d" />
    <TestEntry testId="b5638c25-0c15-615b-d645-75f576a7f781" executionId="191668f6-2262-457c-bd2b-5231e3207538" testListId="8c84fa94-04c1-424b-9868-57a2d4851a1d" />
    <TestEntry testId="e33d60e5-ab2c-c525-731f-cb74480219a0" executionId="97402e60-9b07-433a-945a-fd665d5ea0ee" testListId="8c84fa94-04c1-424b-9868-57a2d4851a1d" />
    <TestEntry testId="877d9302-865b-465b-23da-c5dd958109fc" executionId="5923b21a-6337-47c9-a4eb-eb374675b081" testListId="8c84fa94-04c1-424b-9868-57a2d4851a1d" />
    <TestEntry testId="25360200-2e38-4d3a-d4c3-0dcde55dfd8a" executionId="ceedc148-803e-4b3c-adbb-0c586d0268d3" testListId="8c84fa94-04c1-424b-9868-57a2d4851a1d" />
    <TestEntry testId="67694703-1103-eb0a-dff0-c88bdc6fd9ef" executionId="6a772633-b69f-4929-a8a4-5f138ceea9f4" testListId="8c84fa94-04c1-424b-9868-57a2d4851a1d" />
    <TestEntry testId="7cfae2c1-f636-2e86-5c3d-ec92c00c9aa2" executionId="431cce9f-9bdd-4bf9-831a-84cb23c2cc55" testListId="8c84fa94-04c1-424b-9868-57a2d4851a1d" />
    <TestEntry testId="b6ba445c-5c38-9dd2-c786-4b75e019aee0" executionId="1504b958-60c7-4055-a50a-ce3256fe2886" testListId="8c84fa94-04c1-424b-9868-57a2d4851a1d" />
    <TestEntry testId="029ab865-562d-c107-d6e9-71ae5cfc519c" executionId="4ab81511-cfbf-453d-bea9-0d7dfe929bd7" testListId="8c84fa94-04c1-424b-9868-57a2d4851a1d" />
    <TestEntry testId="97cfd782-ae7d-a72f-e366-a7ce0920c8d2" executionId="79616d30-f6b7-4e71-be03-91d202bdf5c3" testListId="8c84fa94-04c1-424b-9868-57a2d4851a1d" />
    <TestEntry testId="d50cf881-5506-d0f2-519b-75e3f9e62ad2" executionId="634abb4e-a478-4667-a6b0-a5f3700fe7b3" testListId="8c84fa94-04c1-424b-9868-57a2d4851a1d" />
    <TestEntry testId="1bad9bf7-04d7-43e5-1d64-c3a99ad87fff" executionId="bb711dda-1cdd-4a29-808e-60a04aaa0ee1" testListId="8c84fa94-04c1-424b-9868-57a2d4851a1d" />
    <TestEntry testId="6ea5a8cb-8ce9-09b1-a51d-22a5cb6345f6" executionId="a36d41d9-e67b-4250-8550-1efa2c2801bb" testListId="8c84fa94-04c1-424b-9868-57a2d4851a1d" />
    <TestEntry testId="116d5e26-4fa1-57c0-c6e6-33eee24f217c" executionId="a72e3f30-7096-4e4a-92a2-6f0eb6c41604" testListId="8c84fa94-04c1-424b-9868-57a2d4851a1d" />
    <TestEntry testId="a2b946e0-5e1a-bff4-453e-fe55b4468abf" executionId="9617f412-12d4-4139-ba0e-6a3d9fa6a9a2" testListId="8c84fa94-04c1-424b-9868-57a2d4851a1d" />
    <TestEntry testId="27073f68-7561-a8c2-7b70-d2dd0574adbf" executionId="b5076d67-16a0-4da7-a22b-9515bbb60d55" testListId="8c84fa94-04c1-424b-9868-57a2d4851a1d" />
    <TestEntry testId="5b4320fc-0479-1074-b7e0-722881a704d3" executionId="638fd65c-bdd5-45b2-9b43-ca3c11126cc4" testListId="8c84fa94-04c1-424b-9868-57a2d4851a1d" />
    <TestEntry testId="4cd48e6e-a139-5a43-94cb-9929b1190cbe" executionId="7dbfe180-7d38-494b-9fcc-725d58c2ae2c" testListId="8c84fa94-04c1-424b-9868-57a2d4851a1d" />
    <TestEntry testId="d0d4f99f-01fa-1aaf-52f3-1c03c6dbfb7f" executionId="60e87aaf-179d-4274-ba2e-8dadaad10152" testListId="8c84fa94-04c1-424b-9868-57a2d4851a1d" />
    <TestEntry testId="895464bc-5bc0-9a0a-aaf3-ce3a224b2fc9" executionId="61b2ad3d-bc9a-46b4-9e05-c3b176809e57" testListId="8c84fa94-04c1-424b-9868-57a2d4851a1d" />
    <TestEntry testId="e6789261-6a3f-fdbd-6a8e-0357354a3c22" executionId="055e201f-93f9-4dc8-8c7f-3eeee79328bb" testListId="8c84fa94-04c1-424b-9868-57a2d4851a1d" />
    <TestEntry testId="ea22f909-5a50-3fad-0846-4e248709bb81" executionId="6f056504-2509-48de-9dfd-37fc1ab0a6fe" testListId="8c84fa94-04c1-424b-9868-57a2d4851a1d" />
    <TestEntry testId="42d2755b-88e9-e647-4383-01bfbf2afb95" executionId="b6e54009-41fe-4f06-9d7b-6448d312ef1d" testListId="8c84fa94-04c1-424b-9868-57a2d4851a1d" />
    <TestEntry testId="aa9020a8-9ac6-0aa9-fad3-fe04fd9d5aa3" executionId="e185bb57-c960-42b2-a1b7-ae5029896e46" testListId="8c84fa94-04c1-424b-9868-57a2d4851a1d" />
    <TestEntry testId="97dc2087-1553-b4d7-657e-bcb968abe028" executionId="9f45c35a-2ec1-4fb7-82ec-972b61735c40" testListId="8c84fa94-04c1-424b-9868-57a2d4851a1d" />
    <TestEntry testId="9ab86a05-0e21-ab5e-821a-36e7a5ae5353" executionId="a8ef9c97-67aa-44b2-8e7d-269723597ffd" testListId="8c84fa94-04c1-424b-9868-57a2d4851a1d" />
    <TestEntry testId="8a1a18b6-e6ad-8a27-2c7a-cbc90a37566a" executionId="1d149c89-9603-45c8-af83-fad6c940c0e5" testListId="8c84fa94-04c1-424b-9868-57a2d4851a1d" />
    <TestEntry testId="0bb0650d-1d1e-a1e3-1275-1977a15320d7" executionId="35ce8f36-a9ad-47d3-ac98-c814cc0f972a" testListId="8c84fa94-04c1-424b-9868-57a2d4851a1d" />
    <TestEntry testId="9ace69c5-ad4e-04b8-5e9c-fc2e803c6cdf" executionId="da96f4dd-d55f-4792-a15a-9ca2f81c6de7" testListId="8c84fa94-04c1-424b-9868-57a2d4851a1d" />
    <TestEntry testId="912a3433-4258-f6f6-7e49-273fba1db4b5" executionId="20540669-59b1-4fb9-a724-bfef62214fcf" testListId="8c84fa94-04c1-424b-9868-57a2d4851a1d" />
    <TestEntry testId="9bf3ca6d-2e3d-3081-b13c-ecaf4f099478" executionId="d997be4e-c17a-4b6f-a38b-ec22e6a1e541" testListId="8c84fa94-04c1-424b-9868-57a2d4851a1d" />
    <TestEntry testId="cd351acc-6892-c56a-f75f-6a6bd7c15004" executionId="3375978e-777f-4083-a84e-d3c1785e5638" testListId="8c84fa94-04c1-424b-9868-57a2d4851a1d" />
    <TestEntry testId="9abb690d-efd9-2ab1-bd30-d00c10bbceb5" executionId="3f818dbc-17bb-46fb-ac45-88bd1c4d3f9f" testListId="8c84fa94-04c1-424b-9868-57a2d4851a1d" />
    <TestEntry testId="b4447489-4033-ed72-273a-6a301e8a2b1f" executionId="0a5498f1-124f-4bdf-8245-4f8ae1554db0" testListId="8c84fa94-04c1-424b-9868-57a2d4851a1d" />
    <TestEntry testId="04bfb37f-823d-4d5a-5a03-cfe810d69120" executionId="5486522a-3f39-456e-a070-3e5711f10027" testListId="8c84fa94-04c1-424b-9868-57a2d4851a1d" />
    <TestEntry testId="65374fe2-6ca3-59e2-d946-9210eeb3ba1d" executionId="8d1675eb-e763-4b9a-8a72-249fe87afa6b" testListId="8c84fa94-04c1-424b-9868-57a2d4851a1d" />
    <TestEntry testId="26808a94-79f4-f751-cff3-f8e3c9da9ae4" executionId="4d7ef7df-5b3e-4174-985d-79243c81205a" testListId="8c84fa94-04c1-424b-9868-57a2d4851a1d" />
    <TestEntry testId="12c5d778-8e41-03c9-1474-653a9908f043" executionId="8ccd434f-812e-463c-8929-2602aa62b3fa" testListId="8c84fa94-04c1-424b-9868-57a2d4851a1d" />
    <TestEntry testId="6e1c362f-6940-f9c0-a2c0-e76006a424a0" executionId="91e2fd46-e650-49e4-908a-46b8dd32b2cf" testListId="8c84fa94-04c1-424b-9868-57a2d4851a1d" />
    <TestEntry testId="e7479dac-9715-2aa8-db11-2a8031ec17ba" executionId="660c88c5-a7c1-4bc4-a706-c29c9ed8eeb1" testListId="8c84fa94-04c1-424b-9868-57a2d4851a1d" />
    <TestEntry testId="ef9bc85d-c944-309f-8edb-dd51f47e587c" executionId="b1c9800b-b85f-4fa5-a450-f14bf9bd414b" testListId="8c84fa94-04c1-424b-9868-57a2d4851a1d" />
    <TestEntry testId="71eef2f2-e698-668e-349c-c6565428a284" executionId="318d4012-8c0f-424b-a4a6-90e3181396ed" testListId="8c84fa94-04c1-424b-9868-57a2d4851a1d" />
    <TestEntry testId="3816d5ce-4576-8fd9-50bf-5ddc0206a0e4" executionId="7648952c-519d-4df1-81a0-318505b48e01" testListId="8c84fa94-04c1-424b-9868-57a2d4851a1d" />
  </TestEntries>
  <TestLists>
    <TestList name="Results Not in a List" id="8c84fa94-04c1-424b-9868-57a2d4851a1d" />
    <TestList name="All Loaded Results" id="19431567-8539-422a-85d7-44ee4e166bda" />
  </TestLists>
  <ResultSummary outcome="Completed">
    <Counters total="66" executed="66" passed="66" failed="0" error="0" timeout="0" aborted="0" inconclusive="0" passedButRunAborted="0" notRunnable="0" notExecuted="0" disconnected="0" warning="0" completed="0" inProgress="0" pending="0" />
  </ResultSummary>
</TestRun>