<?xml version="1.0" encoding="utf-8"?>
<TestRun id="495c17a1-0c2c-4288-9016-b2ef33a3d2c9" name="DKSR-EFI-04$@DKSR-EFI-04 2023-12-22 09:34:17" runUser="NT AUTHORITY\NETWORK SERVICE" xmlns="http://microsoft.com/schemas/VisualStudio/TeamTest/2010">
  <Times creation="2023-12-22T09:34:17.1470946+01:00" queuing="2023-12-22T09:34:17.1470946+01:00" start="2023-12-22T09:34:08.6314267+01:00" finish="2023-12-22T09:34:19.1158542+01:00" />
  <TestSettings name="default" id="6129253b-8550-4b0b-99e3-b51272d70121">
    <Deployment runDeploymentRoot="DKSR-EFI-04$_DKSR-EFI-04_2023-12-22_09_34_17" />
  </TestSettings>
  <Results>
    <UnitTestResult executionId="bfe1dfa3-5ead-4b74-848f-e02ed932d361" testId="41626bd6-0e07-a81c-088d-088f5c6f5f19" testName="TestCreate_ItemClientToken_Success" computerName="DKSR-EFI-04" duration="00:00:00.0014913" startTime="2023-12-22T09:34:18.3189751+01:00" endTime="2023-12-22T09:34:18.3189751+01:00" testType="13cdc9d9-ddb5-4fa4-a97d-d965ccfc6d4b" outcome="Passed" testListId="8c84fa94-04c1-424b-9868-57a2d4851a1d" relativeResultsDirectory="bfe1dfa3-5ead-4b74-848f-e02ed932d361" />
    <UnitTestResult executionId="e8ee198c-bd8c-453b-841b-058590dd011c" testId="310553d3-9c94-34f7-b45a-80d02dacc618" testName="TestCreate_NoLoginSettings_Fail" computerName="DKSR-EFI-04" duration="00:00:00.0007664" startTime="2023-12-22T09:34:18.1471007+01:00" endTime="2023-12-22T09:34:18.1471007+01:00" testType="13cdc9d9-ddb5-4fa4-a97d-d965ccfc6d4b" outcome="Passed" testListId="8c84fa94-04c1-424b-9868-57a2d4851a1d" relativeResultsDirectory="e8ee198c-bd8c-453b-841b-058590dd011c" />
    <UnitTestResult executionId="f08d5d33-345c-4765-9eac-141860aa7daf" testId="14302f51-43df-c475-46c9-343092a499c8" testName="TestAsyncLayerClientCredentials_Success" computerName="DKSR-EFI-04" duration="00:00:00.0283989" startTime="2023-12-22T09:34:18.2564760+01:00" endTime="2023-12-22T09:34:18.2877286+01:00" testType="13cdc9d9-ddb5-4fa4-a97d-d965ccfc6d4b" outcome="Passed" testListId="8c84fa94-04c1-424b-9868-57a2d4851a1d" relativeResultsDirectory="f08d5d33-345c-4765-9eac-141860aa7daf" />
    <UnitTestResult executionId="c4233dd9-8435-44ec-8a91-ca1a29c0e5bd" testId="178bc9c5-ee73-c8ed-6368-37c37963d5ac" testName="TestAsyncRepositoryClientCredentials_Success" computerName="DKSR-EFI-04" duration="00:00:00.0266184" startTime="2023-12-22T09:34:18.0689733+01:00" endTime="2023-12-22T09:34:18.1002245+01:00" testType="13cdc9d9-ddb5-4fa4-a97d-d965ccfc6d4b" outcome="Passed" testListId="8c84fa94-04c1-424b-9868-57a2d4851a1d" relativeResultsDirectory="c4233dd9-8435-44ec-8a91-ca1a29c0e5bd" />
    <UnitTestResult executionId="936097f6-0c52-410f-a2b7-1fb9d77a5b48" testId="b74fa8f4-a530-f798-a075-5581d12b0f2c" testName="TestGetClient_GetCachedClient_Success" computerName="DKSR-EFI-04" duration="00:00:00.0044828" startTime="2023-12-22T09:34:17.4439708+01:00" endTime="2023-12-22T09:34:17.4439708+01:00" testType="13cdc9d9-ddb5-4fa4-a97d-d965ccfc6d4b" outcome="Passed" testListId="8c84fa94-04c1-424b-9868-57a2d4851a1d" relativeResultsDirectory="936097f6-0c52-410f-a2b7-1fb9d77a5b48" />
    <UnitTestResult executionId="8d7ab245-4d71-4a42-bac0-c7b537354b58" testId="4c4859f0-3989-029a-8db9-55bd9e46f4a6" testName="TestGetClient_WithNoServerRegistered_Fail" computerName="DKSR-EFI-04" duration="00:00:00.0017029" startTime="2023-12-22T09:34:17.2877204+01:00" endTime="2023-12-22T09:34:17.2877204+01:00" testType="13cdc9d9-ddb5-4fa4-a97d-d965ccfc6d4b" outcome="Passed" testListId="8c84fa94-04c1-424b-9868-57a2d4851a1d" relativeResultsDirectory="8d7ab245-4d71-4a42-bac0-c7b537354b58" />
    <UnitTestResult executionId="529cec0b-df2f-4e2d-b316-4de8e6890136" testId="062c8629-e040-9ec6-6a3d-1099d514d7f1" testName="TestClose_CloseOnce_Success" computerName="DKSR-EFI-04" duration="00:00:00.0027959" startTime="2023-12-22T09:34:17.6002227+01:00" endTime="2023-12-22T09:34:17.6002227+01:00" testType="13cdc9d9-ddb5-4fa4-a97d-d965ccfc6d4b" outcome="Passed" testListId="8c84fa94-04c1-424b-9868-57a2d4851a1d" relativeResultsDirectory="529cec0b-df2f-4e2d-b316-4de8e6890136" />
    <UnitTestResult executionId="16c28958-4246-46cb-b040-beff712e341a" testId="b4a782d3-a9d2-9004-5d4c-1f27fa850701" testName="Test_GetClient_GetMultipleCachedClientWithDifferentReceiveTimeouts_Success" computerName="DKSR-EFI-04" duration="00:00:00.0039170" startTime="2023-12-22T09:34:17.6627234+01:00" endTime="2023-12-22T09:34:17.6783485+01:00" testType="13cdc9d9-ddb5-4fa4-a97d-d965ccfc6d4b" outcome="Passed" testListId="8c84fa94-04c1-424b-9868-57a2d4851a1d" relativeResultsDirectory="16c28958-4246-46cb-b040-beff712e341a" />
    <UnitTestResult executionId="6f4f90da-08ca-4aa9-a1ce-acf95e4d2c24" testId="ae11c8cb-a987-b407-e9a7-83734b1a44a6" testName="Test_GetClient_GetMultipleCachedClientWithDifferentReceiveTimeouts_Success" computerName="DKSR-EFI-04" duration="00:00:00.0040135" startTime="2023-12-22T09:34:17.3814702+01:00" endTime="2023-12-22T09:34:17.3814702+01:00" testType="13cdc9d9-ddb5-4fa4-a97d-d965ccfc6d4b" outcome="Passed" testListId="8c84fa94-04c1-424b-9868-57a2d4851a1d" relativeResultsDirectory="6f4f90da-08ca-4aa9-a1ce-acf95e4d2c24" />
    <UnitTestResult executionId="4183204d-50cf-4985-873a-11848ca0e3cb" testId="cf97c3ee-ff7a-68e7-44df-f9dc8d80d2d4" testName="TestClose_CloseOnce_Success" computerName="DKSR-EFI-04" duration="00:00:00.0192988" startTime="2023-12-22T09:34:17.1470946+01:00" endTime="2023-12-22T09:34:17.1627191+01:00" testType="13cdc9d9-ddb5-4fa4-a97d-d965ccfc6d4b" outcome="Passed" testListId="8c84fa94-04c1-424b-9868-57a2d4851a1d" relativeResultsDirectory="4183204d-50cf-4985-873a-11848ca0e3cb" />
    <UnitTestResult executionId="82921282-097f-4ead-a648-65fa818a2b45" testId="de0970d3-1fd3-9c4a-0012-1975af92d091" testName="TestHandleFaultException_UnknownException_Success" computerName="DKSR-EFI-04" duration="00:00:00.0118751" startTime="2023-12-22T09:34:18.3971019+01:00" endTime="2023-12-22T09:34:18.4127266+01:00" testType="13cdc9d9-ddb5-4fa4-a97d-d965ccfc6d4b" outcome="Passed" testListId="8c84fa94-04c1-424b-9868-57a2d4851a1d" relativeResultsDirectory="82921282-097f-4ead-a648-65fa818a2b45" />
    <UnitTestResult executionId="1313945f-de8d-40c4-87d1-e7a84608cc47" testId="e3d8f282-57b7-4e00-5b9a-b3f8bc7186f3" testName="TestGetClient_GetMultipleClient_Success" computerName="DKSR-EFI-04" duration="00:00:00.0065602" startTime="2023-12-22T09:34:17.7720978+01:00" endTime="2023-12-22T09:34:17.7720978+01:00" testType="13cdc9d9-ddb5-4fa4-a97d-d965ccfc6d4b" outcome="Passed" testListId="8c84fa94-04c1-424b-9868-57a2d4851a1d" relativeResultsDirectory="1313945f-de8d-40c4-87d1-e7a84608cc47" />
    <UnitTestResult executionId="a9dffa43-f812-43ce-a4cc-c8f22ba4d616" testId="1110e2ee-5145-d19a-5d40-bd12c7f0032b" testName="TestCreate_ItemClientCredentials_Success" computerName="DKSR-EFI-04" duration="00:00:00.0021333" startTime="2023-12-22T09:34:18.3189751+01:00" endTime="2023-12-22T09:34:18.3189751+01:00" testType="13cdc9d9-ddb5-4fa4-a97d-d965ccfc6d4b" outcome="Passed" testListId="8c84fa94-04c1-424b-9868-57a2d4851a1d" relativeResultsDirectory="a9dffa43-f812-43ce-a4cc-c8f22ba4d616" />
    <UnitTestResult executionId="de7d917d-79a0-4f59-83d1-43aa73cae04e" testId="20993e76-946d-5aa5-105a-8d7c59875b7d" testName="TestClose_CloseTwice_Success" computerName="DKSR-EFI-04" duration="00:00:00.0021531" startTime="2023-12-22T09:34:17.3033452+01:00" endTime="2023-12-22T09:34:17.3033452+01:00" testType="13cdc9d9-ddb5-4fa4-a97d-d965ccfc6d4b" outcome="Passed" testListId="8c84fa94-04c1-424b-9868-57a2d4851a1d" relativeResultsDirectory="de7d917d-79a0-4f59-83d1-43aa73cae04e" />
    <UnitTestResult executionId="ca2f777e-d51c-4bcc-860c-8cc7cccec00b" testId="39782c18-7f3f-d6f5-b5e4-8c4d7008a323" testName="TestGetClient_GetMultipleClient_Success" computerName="DKSR-EFI-04" duration="00:00:00.0072301" startTime="2023-12-22T09:34:17.0533449+01:00" endTime="2023-12-22T09:34:17.0689695+01:00" testType="13cdc9d9-ddb5-4fa4-a97d-d965ccfc6d4b" outcome="Passed" testListId="8c84fa94-04c1-424b-9868-57a2d4851a1d" relativeResultsDirectory="ca2f777e-d51c-4bcc-860c-8cc7cccec00b" />
    <UnitTestResult executionId="92ce2b76-86b6-4537-b209-7ac7c57ae548" testId="29feba56-d6c8-211a-a093-ed50305b18e3" testName="TestClose_CloseOnce_Success" computerName="DKSR-EFI-04" duration="00:00:00.0030846" startTime="2023-12-22T09:34:17.5064731+01:00" endTime="2023-12-22T09:34:17.5064731+01:00" testType="13cdc9d9-ddb5-4fa4-a97d-d965ccfc6d4b" outcome="Passed" testListId="8c84fa94-04c1-424b-9868-57a2d4851a1d" relativeResultsDirectory="92ce2b76-86b6-4537-b209-7ac7c57ae548" />
    <UnitTestResult executionId="6ec1e24e-6ac1-44b4-b572-56f871c029cd" testId="b44a1a70-81ff-3c11-dceb-5924287779ed" testName="TestHandleFaultException_NullError_Failure" computerName="DKSR-EFI-04" duration="00:00:00.0139586" startTime="2023-12-22T09:34:18.3814768+01:00" endTime="2023-12-22T09:34:18.3971019+01:00" testType="13cdc9d9-ddb5-4fa4-a97d-d965ccfc6d4b" outcome="Passed" testListId="8c84fa94-04c1-424b-9868-57a2d4851a1d" relativeResultsDirectory="6ec1e24e-6ac1-44b4-b572-56f871c029cd" />
    <UnitTestResult executionId="c2b154a1-73fe-4d85-b780-e11b062b99d7" testId="61034e47-93ee-b2ec-a90c-7e9f22bcfb43" testName="TestGetClient_GetNonCachedClient_Success" computerName="DKSR-EFI-04" duration="00:00:00.0258246" startTime="2023-12-22T09:34:17.4127216+01:00" endTime="2023-12-22T09:34:17.4439708+01:00" testType="13cdc9d9-ddb5-4fa4-a97d-d965ccfc6d4b" outcome="Passed" testListId="8c84fa94-04c1-424b-9868-57a2d4851a1d" relativeResultsDirectory="c2b154a1-73fe-4d85-b780-e11b062b99d7" />
    <UnitTestResult executionId="a642bcf9-2e56-44bd-8c92-8eb5787083f3" testId="f51c7da7-e1be-0510-1b9a-1089c45a6a9c" testName="TestHandleFaultException_MapCommandException_Success" computerName="DKSR-EFI-04" duration="00:00:00.0003767" startTime="2023-12-22T09:34:18.4127266+01:00" endTime="2023-12-22T09:34:18.4127266+01:00" testType="13cdc9d9-ddb5-4fa4-a97d-d965ccfc6d4b" outcome="Passed" testListId="8c84fa94-04c1-424b-9868-57a2d4851a1d" relativeResultsDirectory="a642bcf9-2e56-44bd-8c92-8eb5787083f3" />
    <UnitTestResult executionId="e6240a3f-553a-496e-a830-6ec629f2bb97" testId="1df33aa2-125a-a46c-bc74-f09e5071ebfa" testName="TestCreate_NoLoginSettings_Fail" computerName="DKSR-EFI-04" duration="00:00:00.0007679" startTime="2023-12-22T09:34:18.3189751+01:00" endTime="2023-12-22T09:34:18.3189751+01:00" testType="13cdc9d9-ddb5-4fa4-a97d-d965ccfc6d4b" outcome="Passed" testListId="8c84fa94-04c1-424b-9868-57a2d4851a1d" relativeResultsDirectory="e6240a3f-553a-496e-a830-6ec629f2bb97" />
    <UnitTestResult executionId="690798b3-2962-4aae-9605-5c5842bae779" testId="2e1f3abd-e055-ab5b-d48e-3fcd2e20ee01" testName="TestClose_CloseOnce_Success" computerName="DKSR-EFI-04" duration="00:00:00.0028871" startTime="2023-12-22T09:34:17.3033452+01:00" endTime="2023-12-22T09:34:17.3033452+01:00" testType="13cdc9d9-ddb5-4fa4-a97d-d965ccfc6d4b" outcome="Passed" testListId="8c84fa94-04c1-424b-9868-57a2d4851a1d" relativeResultsDirectory="690798b3-2962-4aae-9605-5c5842bae779" />
    <UnitTestResult executionId="df0c21d5-7032-4413-a9b4-5d8d1c84debb" testId="170df6f3-1725-a4eb-6d32-3fb995459b6b" testName="TestGetClient_WithNoServerRegisteredAsNull_Fail" computerName="DKSR-EFI-04" duration="00:00:00.0019429" startTime="2023-12-22T09:34:17.5845984+01:00" endTime="2023-12-22T09:34:17.5845984+01:00" testType="13cdc9d9-ddb5-4fa4-a97d-d965ccfc6d4b" outcome="Passed" testListId="8c84fa94-04c1-424b-9868-57a2d4851a1d" relativeResultsDirectory="df0c21d5-7032-4413-a9b4-5d8d1c84debb" />
    <UnitTestResult executionId="440aef88-4016-4521-9d11-7b766e652ad5" testId="86837c83-5a87-d557-c693-9c06ebf1b16a" testName="TestGetClient_GetMultipleClient_Success" computerName="DKSR-EFI-04" duration="00:00:00.0065459" startTime="2023-12-22T09:34:17.4595975+01:00" endTime="2023-12-22T09:34:17.4595975+01:00" testType="13cdc9d9-ddb5-4fa4-a97d-d965ccfc6d4b" outcome="Passed" testListId="8c84fa94-04c1-424b-9868-57a2d4851a1d" relativeResultsDirectory="440aef88-4016-4521-9d11-7b766e652ad5" />
    <UnitTestResult executionId="c1f6aa7b-968d-459e-8409-2bcd24905ac2" testId="07d86706-316e-caf4-04b0-6b921b416bb9" testName="TestConstructor_Success" computerName="DKSR-EFI-04" duration="00:00:00.0011294" startTime="2023-12-22T09:34:17.6158478+01:00" endTime="2023-12-22T09:34:17.6158478+01:00" testType="13cdc9d9-ddb5-4fa4-a97d-d965ccfc6d4b" outcome="Passed" testListId="8c84fa94-04c1-424b-9868-57a2d4851a1d" relativeResultsDirectory="c1f6aa7b-968d-459e-8409-2bcd24905ac2" />
    <UnitTestResult executionId="e3a9eff6-dfc6-4f68-b3f2-141f35b8596e" testId="ce5f1f0c-c720-9d05-a6c1-7d68693ccce2" testName="TestGetClient_WithNoServerRegistered_Fail" computerName="DKSR-EFI-04" duration="00:00:00.0020886" startTime="2023-12-22T09:34:17.1002201+01:00" endTime="2023-12-22T09:34:17.1002201+01:00" testType="13cdc9d9-ddb5-4fa4-a97d-d965ccfc6d4b" outcome="Passed" testListId="8c84fa94-04c1-424b-9868-57a2d4851a1d" relativeResultsDirectory="e3a9eff6-dfc6-4f68-b3f2-141f35b8596e" />
    <UnitTestResult executionId="559fc90c-c8b9-4904-a59c-85dee0bfb4c4" testId="8961670c-634b-2a4a-f372-b9833f43cd6f" testName="TestCreate_NoLoginSettings_Fail" computerName="DKSR-EFI-04" duration="00:00:00.0007218" startTime="2023-12-22T09:34:18.1627261+01:00" endTime="2023-12-22T09:34:18.1627261+01:00" testType="13cdc9d9-ddb5-4fa4-a97d-d965ccfc6d4b" outcome="Passed" testListId="8c84fa94-04c1-424b-9868-57a2d4851a1d" relativeResultsDirectory="559fc90c-c8b9-4904-a59c-85dee0bfb4c4" />
    <UnitTestResult executionId="af324361-3728-4b32-9fe6-9843e633dd33" testId="96fab864-973b-f3de-c0ed-ef6d1b1b5a12" testName="TestGetClient_GetNonCachedClient_Success" computerName="DKSR-EFI-04" duration="00:00:00.0218551" startTime="2023-12-22T09:34:17.3345948+01:00" endTime="2023-12-22T09:34:17.3502199+01:00" testType="13cdc9d9-ddb5-4fa4-a97d-d965ccfc6d4b" outcome="Passed" testListId="8c84fa94-04c1-424b-9868-57a2d4851a1d" relativeResultsDirectory="af324361-3728-4b32-9fe6-9843e633dd33" />
    <UnitTestResult executionId="6b488a76-0a4f-43e4-8ddf-8fa5b3ee5c67" testId="2c440586-2d7e-eefe-1f6b-a13c71d3cd69" testName="Test_GetClient_GetMultipleCachedClientWithDifferentReceiveTimeouts_Success" computerName="DKSR-EFI-04" duration="00:00:00.0033237" startTime="2023-12-22T09:34:17.5689721+01:00" endTime="2023-12-22T09:34:17.5689721+01:00" testType="13cdc9d9-ddb5-4fa4-a97d-d965ccfc6d4b" outcome="Passed" testListId="8c84fa94-04c1-424b-9868-57a2d4851a1d" relativeResultsDirectory="6b488a76-0a4f-43e4-8ddf-8fa5b3ee5c67" />
    <UnitTestResult executionId="e3a7965d-e747-486d-98e7-7fa426802680" testId="2172695c-74ad-9c26-596a-4fb93eb08ac1" testName="TestAsyncClient_Success" computerName="DKSR-EFI-04" duration="00:00:00.0024403" startTime="2023-12-22T09:34:18.2252238+01:00" endTime="2023-12-22T09:34:18.2252238+01:00" testType="13cdc9d9-ddb5-4fa4-a97d-d965ccfc6d4b" outcome="Passed" testListId="8c84fa94-04c1-424b-9868-57a2d4851a1d" relativeResultsDirectory="e3a7965d-e747-486d-98e7-7fa426802680" />
    <UnitTestResult executionId="8da000a1-697f-4af1-9c8b-f625110169c2" testId="9834b5cf-729a-b834-1350-f7bfbadfed36" testName="TestGetClient_GetCachedClient_Success" computerName="DKSR-EFI-04" duration="00:00:00.0043585" startTime="2023-12-22T09:34:17.7564732+01:00" endTime="2023-12-22T09:34:17.7564732+01:00" testType="13cdc9d9-ddb5-4fa4-a97d-d965ccfc6d4b" outcome="Passed" testListId="8c84fa94-04c1-424b-9868-57a2d4851a1d" relativeResultsDirectory="8da000a1-697f-4af1-9c8b-f625110169c2" />
    <UnitTestResult executionId="055ac1de-cd2a-4c82-b821-a43f1ff18506" testId="5a13d016-c4be-2958-14b5-fd26ca3edb1b" testName="TestNotificationClientCredentials_Success" computerName="DKSR-EFI-04" duration="00:00:00.0016409" startTime="2023-12-22T09:34:18.1471007+01:00" endTime="2023-12-22T09:34:18.1471007+01:00" testType="13cdc9d9-ddb5-4fa4-a97d-d965ccfc6d4b" outcome="Passed" testListId="8c84fa94-04c1-424b-9868-57a2d4851a1d" relativeResultsDirectory="055ac1de-cd2a-4c82-b821-a43f1ff18506" />
    <UnitTestResult executionId="9b71c23c-64a3-4016-833e-fdaa00927db0" testId="eb012867-78a2-5e3d-dcd0-803d3bbb5d65" testName="TestCreate_NotificationClientCredentials_Success" computerName="DKSR-EFI-04" duration="00:00:00.0016702" startTime="2023-12-22T09:34:18.1471007+01:00" endTime="2023-12-22T09:34:18.1471007+01:00" testType="13cdc9d9-ddb5-4fa4-a97d-d965ccfc6d4b" outcome="Passed" testListId="8c84fa94-04c1-424b-9868-57a2d4851a1d" relativeResultsDirectory="9b71c23c-64a3-4016-833e-fdaa00927db0" />
    <UnitTestResult executionId="2fe654ba-ac64-4266-9222-e5a2685f19cc" testId="bdd8bcf5-571a-4973-3798-523a2b8b6fd2" testName="TestCreate_MapClientCredentials_Success" computerName="DKSR-EFI-04" duration="00:00:00.0016821" startTime="2023-12-22T09:34:18.2096015+01:00" endTime="2023-12-22T09:34:18.2096015+01:00" testType="13cdc9d9-ddb5-4fa4-a97d-d965ccfc6d4b" outcome="Passed" testListId="8c84fa94-04c1-424b-9868-57a2d4851a1d" relativeResultsDirectory="2fe654ba-ac64-4266-9222-e5a2685f19cc" />
    <UnitTestResult executionId="5141fc4c-8766-4e2d-96fc-28879e1b6a4c" testId="eb1261a4-e38a-eeb1-df89-45c5ae33da0d" testName="TestGetClient_WithNoServerRegisteredWithEmptyURIArrayAsNull_Fail" computerName="DKSR-EFI-04" duration="00:00:00.0019558" startTime="2023-12-22T09:34:17.4908464+01:00" endTime="2023-12-22T09:34:17.4908464+01:00" testType="13cdc9d9-ddb5-4fa4-a97d-d965ccfc6d4b" outcome="Passed" testListId="8c84fa94-04c1-424b-9868-57a2d4851a1d" relativeResultsDirectory="5141fc4c-8766-4e2d-96fc-28879e1b6a4c" />
    <UnitTestResult executionId="1b4742d0-9113-4ed0-bafd-470ca51724c7" testId="8e4ddd57-b069-441f-72d6-54c4a14448d4" testName="TestClient_Success" computerName="DKSR-EFI-04" duration="00:00:00.0003662" startTime="2023-12-22T09:34:18.1627261+01:00" endTime="2023-12-22T09:34:18.1627261+01:00" testType="13cdc9d9-ddb5-4fa4-a97d-d965ccfc6d4b" outcome="Passed" testListId="8c84fa94-04c1-424b-9868-57a2d4851a1d" relativeResultsDirectory="1b4742d0-9113-4ed0-bafd-470ca51724c7" />
    <UnitTestResult executionId="e2a29b86-8d38-487f-8728-623248c53a4d" testId="50136a9d-99f4-5ca4-e9ad-00383f876e37" testName="TestGetClient_GetNonCachedClient_Success" computerName="DKSR-EFI-04" duration="00:00:00.0296129" startTime="2023-12-22T09:34:17.6158478+01:00" endTime="2023-12-22T09:34:17.6470977+01:00" testType="13cdc9d9-ddb5-4fa4-a97d-d965ccfc6d4b" outcome="Passed" testListId="8c84fa94-04c1-424b-9868-57a2d4851a1d" relativeResultsDirectory="e2a29b86-8d38-487f-8728-623248c53a4d" />
    <UnitTestResult executionId="638549c9-c1ab-43d6-97a3-393e2288326a" testId="b1db70a5-10bb-c3ee-e83f-7c4a7268f41b" testName="TestCreate_NoLoginSettings_Fail" computerName="DKSR-EFI-04" duration="00:00:00.0007587" startTime="2023-12-22T09:34:18.3033507+01:00" endTime="2023-12-22T09:34:18.3033507+01:00" testType="13cdc9d9-ddb5-4fa4-a97d-d965ccfc6d4b" outcome="Passed" testListId="8c84fa94-04c1-424b-9868-57a2d4851a1d" relativeResultsDirectory="638549c9-c1ab-43d6-97a3-393e2288326a" />
    <UnitTestResult executionId="a6f9eda8-1caa-4f41-a13a-88402ead47ef" testId="a5ac8edb-5a7b-e1bf-c083-4c9df96f4ef2" testName="Test_GetClient_GetMultipleCachedClientWithDifferentReceiveTimeouts_Success" computerName="DKSR-EFI-04" duration="00:00:00.0041502" startTime="2023-12-22T09:34:17.2095964+01:00" endTime="2023-12-22T09:34:17.2095964+01:00" testType="13cdc9d9-ddb5-4fa4-a97d-d965ccfc6d4b" outcome="Passed" testListId="8c84fa94-04c1-424b-9868-57a2d4851a1d" relativeResultsDirectory="a6f9eda8-1caa-4f41-a13a-88402ead47ef" />
    <UnitTestResult executionId="f93e140b-c307-43ad-a83b-f007585f4d82" testId="a264b0d7-66bc-78de-6593-fa5946541bbf" testName="TestCreate_MipClientCredentials_Success" computerName="DKSR-EFI-04" duration="00:00:00.0022699" startTime="2023-12-22T09:34:18.1314753+01:00" endTime="2023-12-22T09:34:18.1314753+01:00" testType="13cdc9d9-ddb5-4fa4-a97d-d965ccfc6d4b" outcome="Passed" testListId="8c84fa94-04c1-424b-9868-57a2d4851a1d" relativeResultsDirectory="f93e140b-c307-43ad-a83b-f007585f4d82" />
    <UnitTestResult executionId="8244fd41-7b27-4129-ba99-c50fb05dd785" testId="972d0bfe-505e-1447-6514-7e017928302a" testName="TestClose_CloseTwice_Success" computerName="DKSR-EFI-04" duration="00:00:00.0022659" startTime="2023-12-22T09:34:17.5064731+01:00" endTime="2023-12-22T09:34:17.5064731+01:00" testType="13cdc9d9-ddb5-4fa4-a97d-d965ccfc6d4b" outcome="Passed" testListId="8c84fa94-04c1-424b-9868-57a2d4851a1d" relativeResultsDirectory="8244fd41-7b27-4129-ba99-c50fb05dd785" />
    <UnitTestResult executionId="14888b44-8775-4cfb-883d-6734c7728967" testId="47d345d0-684e-b722-9a20-e551d81a8949" testName="TestRepositoryClientCredentials_Success" computerName="DKSR-EFI-04" duration="00:00:00.2486651" startTime="2023-12-22T09:34:17.8189737+01:00" endTime="2023-12-22T09:34:18.0689733+01:00" testType="13cdc9d9-ddb5-4fa4-a97d-d965ccfc6d4b" outcome="Passed" testListId="8c84fa94-04c1-424b-9868-57a2d4851a1d" relativeResultsDirectory="14888b44-8775-4cfb-883d-6734c7728967" />
    <UnitTestResult executionId="eeb6f33b-dd51-4f51-be47-a5db0bfc5523" testId="149fecca-a129-48dc-75fc-83fe579b40c4" testName="TestClose_MultipleClient_Success" computerName="DKSR-EFI-04" duration="00:00:00.0023536" startTime="2023-12-22T09:34:17.3033452+01:00" endTime="2023-12-22T09:34:17.3189715+01:00" testType="13cdc9d9-ddb5-4fa4-a97d-d965ccfc6d4b" outcome="Passed" testListId="8c84fa94-04c1-424b-9868-57a2d4851a1d" relativeResultsDirectory="eeb6f33b-dd51-4f51-be47-a5db0bfc5523" />
    <UnitTestResult executionId="0bee32fc-0bdc-41f0-922e-73e3cf1c453e" testId="a1742b93-fe54-ac7d-e882-0a692685b7f7" testName="TestGetClient_NotificationClientToken_Success" computerName="DKSR-EFI-04" duration="00:00:00.7494377" startTime="2023-12-22T09:34:16.2252152+01:00" endTime="2023-12-22T09:34:16.9752175+01:00" testType="13cdc9d9-ddb5-4fa4-a97d-d965ccfc6d4b" outcome="Passed" testListId="8c84fa94-04c1-424b-9868-57a2d4851a1d" relativeResultsDirectory="0bee32fc-0bdc-41f0-922e-73e3cf1c453e" />
    <UnitTestResult executionId="3ce25689-1eee-4efe-8906-9d1ca5fa7230" testId="ad5b1e97-2541-e461-cff5-699b0bc773a2" testName="TestAsyncClient_Success" computerName="DKSR-EFI-04" duration="00:00:00.0009980" startTime="2023-12-22T09:34:18.1627261+01:00" endTime="2023-12-22T09:34:18.1627261+01:00" testType="13cdc9d9-ddb5-4fa4-a97d-d965ccfc6d4b" outcome="Passed" testListId="8c84fa94-04c1-424b-9868-57a2d4851a1d" relativeResultsDirectory="3ce25689-1eee-4efe-8906-9d1ca5fa7230" />
    <UnitTestResult executionId="4db12367-a031-402a-9bd7-94fc2310c63c" testId="5e594fad-9e64-63e7-56df-78ca5b18c9c4" testName="TestCreate_RepositoryClientToken_Success" computerName="DKSR-EFI-04" duration="00:00:00.0013409" startTime="2023-12-22T09:34:18.1158482+01:00" endTime="2023-12-22T09:34:18.1158482+01:00" testType="13cdc9d9-ddb5-4fa4-a97d-d965ccfc6d4b" outcome="Passed" testListId="8c84fa94-04c1-424b-9868-57a2d4851a1d" relativeResultsDirectory="4db12367-a031-402a-9bd7-94fc2310c63c" />
    <UnitTestResult executionId="035bc804-c673-40d4-ab0a-15442b10224b" testId="1de5e5a8-b2ac-f0de-1ed3-be17db9f219c" testName="TestCreate_NotificationClientToken_Success" computerName="DKSR-EFI-04" duration="00:00:00.0013200" startTime="2023-12-22T09:34:18.1627261+01:00" endTime="2023-12-22T09:34:18.1627261+01:00" testType="13cdc9d9-ddb5-4fa4-a97d-d965ccfc6d4b" outcome="Passed" testListId="8c84fa94-04c1-424b-9868-57a2d4851a1d" relativeResultsDirectory="035bc804-c673-40d4-ab0a-15442b10224b" />
    <UnitTestResult executionId="8563910d-7a06-4b68-b20c-e38c69e0dc4b" testId="fe4eb261-9843-03f2-5c49-5ff605823cde" testName="TestGetClient_GetMultipleClient_Success" computerName="DKSR-EFI-04" duration="00:00:00.0095992" startTime="2023-12-22T09:34:17.6470977+01:00" endTime="2023-12-22T09:34:17.6627234+01:00" testType="13cdc9d9-ddb5-4fa4-a97d-d965ccfc6d4b" outcome="Passed" testListId="8c84fa94-04c1-424b-9868-57a2d4851a1d" relativeResultsDirectory="8563910d-7a06-4b68-b20c-e38c69e0dc4b" />
    <UnitTestResult executionId="efc413ce-7ebd-44e1-97b6-57b521a7218a" testId="e56f1ac4-0129-ec32-ef6e-5b10e44cc558" testName="TestGetClient_GetMultipleClient_Success" computerName="DKSR-EFI-04" duration="00:00:00.0066325" startTime="2023-12-22T09:34:17.3658468+01:00" endTime="2023-12-22T09:34:17.3658468+01:00" testType="13cdc9d9-ddb5-4fa4-a97d-d965ccfc6d4b" outcome="Passed" testListId="8c84fa94-04c1-424b-9868-57a2d4851a1d" relativeResultsDirectory="efc413ce-7ebd-44e1-97b6-57b521a7218a" />
    <UnitTestResult executionId="e4d2a3d4-f949-4fd9-af70-f512770a1482" testId="bc6cb3db-ecfb-bae2-9a21-d89f1ba1baec" testName="TestCreate_MipClientToken_Success" computerName="DKSR-EFI-04" duration="00:00:00.0013925" startTime="2023-12-22T09:34:18.1314753+01:00" endTime="2023-12-22T09:34:18.1471007+01:00" testType="13cdc9d9-ddb5-4fa4-a97d-d965ccfc6d4b" outcome="Passed" testListId="8c84fa94-04c1-424b-9868-57a2d4851a1d" relativeResultsDirectory="e4d2a3d4-f949-4fd9-af70-f512770a1482" />
    <UnitTestResult executionId="4b8c2496-5aaa-4481-a216-d987bae0d34e" testId="14f22c03-cdd9-4326-96c8-9d3f30487241" testName="TestCreate_LayerClientCredentials_Success" computerName="DKSR-EFI-04" duration="00:00:00.0018256" startTime="2023-12-22T09:34:18.2877286+01:00" endTime="2023-12-22T09:34:18.2877286+01:00" testType="13cdc9d9-ddb5-4fa4-a97d-d965ccfc6d4b" outcome="Passed" testListId="8c84fa94-04c1-424b-9868-57a2d4851a1d" relativeResultsDirectory="4b8c2496-5aaa-4481-a216-d987bae0d34e" />
    <UnitTestResult executionId="6af73798-0e05-4139-81f4-6b5aa1d77f31" testId="5221273e-5fcf-c98e-fbb6-c2d2312ee250" testName="TestClose_MultipleClient_Success" computerName="DKSR-EFI-04" duration="00:00:00.0023872" startTime="2023-12-22T09:34:17.5064731+01:00" endTime="2023-12-22T09:34:17.5064731+01:00" testType="13cdc9d9-ddb5-4fa4-a97d-d965ccfc6d4b" outcome="Passed" testListId="8c84fa94-04c1-424b-9868-57a2d4851a1d" relativeResultsDirectory="6af73798-0e05-4139-81f4-6b5aa1d77f31" />
    <UnitTestResult executionId="f0703e6c-a060-46fb-8e78-2238276f72f1" testId="ef9d1d67-9fef-0a95-c736-6955c6b3c992" testName="TestConstructor_Success" computerName="DKSR-EFI-04" duration="00:00:00.0011423" startTime="2023-12-22T09:34:17.3189715+01:00" endTime="2023-12-22T09:34:17.3189715+01:00" testType="13cdc9d9-ddb5-4fa4-a97d-d965ccfc6d4b" outcome="Passed" testListId="8c84fa94-04c1-424b-9868-57a2d4851a1d" relativeResultsDirectory="f0703e6c-a060-46fb-8e78-2238276f72f1" />
    <UnitTestResult executionId="9df3fb51-d7fb-4340-818b-0a9691082942" testId="83bf878b-3c91-9f5f-b22d-c7e71130e677" testName="TestClient_Success" computerName="DKSR-EFI-04" duration="00:00:00.0266813" startTime="2023-12-22T09:34:18.3346012+01:00" endTime="2023-12-22T09:34:18.3502273+01:00" testType="13cdc9d9-ddb5-4fa4-a97d-d965ccfc6d4b" outcome="Passed" testListId="8c84fa94-04c1-424b-9868-57a2d4851a1d" relativeResultsDirectory="9df3fb51-d7fb-4340-818b-0a9691082942" />
    <UnitTestResult executionId="49ded17e-4992-43c8-b205-0cc7a0e7bf06" testId="6e58b2a3-785f-bbf5-4698-edff7ec91400" testName="TestGetClient_WithNoServerRegisteredWithEmptyURIArray_Fail" computerName="DKSR-EFI-04" duration="00:00:00.0020931" startTime="2023-12-22T09:34:17.2877204+01:00" endTime="2023-12-22T09:34:17.3033452+01:00" testType="13cdc9d9-ddb5-4fa4-a97d-d965ccfc6d4b" outcome="Passed" testListId="8c84fa94-04c1-424b-9868-57a2d4851a1d" relativeResultsDirectory="49ded17e-4992-43c8-b205-0cc7a0e7bf06" />
    <UnitTestResult executionId="868280fe-dc9d-4b49-8776-11b4cba0944f" testId="3ebb3712-5e5a-ce9f-1c96-9681eb8dfb1c" testName="TestClose_CloseTwice_Success" computerName="DKSR-EFI-04" duration="00:00:00.0022019" startTime="2023-12-22T09:34:17.6939730+01:00" endTime="2023-12-22T09:34:17.6939730+01:00" testType="13cdc9d9-ddb5-4fa4-a97d-d965ccfc6d4b" outcome="Passed" testListId="8c84fa94-04c1-424b-9868-57a2d4851a1d" relativeResultsDirectory="868280fe-dc9d-4b49-8776-11b4cba0944f" />
    <UnitTestResult executionId="6c142b8a-a66f-4a3e-b49b-3bbe86ab8d5b" testId="31db4242-f1e9-f792-eabb-31b52bd89d04" testName="TestBuildingClientCredentials_Success" computerName="DKSR-EFI-04" duration="00:00:00.0492099" startTime="2023-12-22T09:34:18.4283506+01:00" endTime="2023-12-22T09:34:18.4752266+01:00" testType="13cdc9d9-ddb5-4fa4-a97d-d965ccfc6d4b" outcome="Passed" testListId="8c84fa94-04c1-424b-9868-57a2d4851a1d" relativeResultsDirectory="6c142b8a-a66f-4a3e-b49b-3bbe86ab8d5b" />
    <UnitTestResult executionId="70b5877e-3d61-433e-9007-6d09140e7be4" testId="1b61f703-6ff4-745f-0981-7b556d658fd6" testName="TestGetClient_GetNonCachedClient_Success" computerName="DKSR-EFI-04" duration="00:00:00.0119504" startTime="2023-12-22T09:34:17.1783445+01:00" endTime="2023-12-22T09:34:17.1939718+01:00" testType="13cdc9d9-ddb5-4fa4-a97d-d965ccfc6d4b" outcome="Passed" testListId="8c84fa94-04c1-424b-9868-57a2d4851a1d" relativeResultsDirectory="70b5877e-3d61-433e-9007-6d09140e7be4" />
    <UnitTestResult executionId="333b2c67-f55e-48ba-98c9-919ee4741a32" testId="74e3fcf1-3304-22c9-99dd-1e1785a71271" testName="TestConstructor_Success" computerName="DKSR-EFI-04" duration="00:00:00.2071048" startTime="2023-12-22T09:34:15.8658374+01:00" endTime="2023-12-22T09:34:16.1627158+01:00" testType="13cdc9d9-ddb5-4fa4-a97d-d965ccfc6d4b" outcome="Passed" testListId="8c84fa94-04c1-424b-9868-57a2d4851a1d" relativeResultsDirectory="333b2c67-f55e-48ba-98c9-919ee4741a32" />
    <UnitTestResult executionId="94937ef1-c181-4bb2-b2a4-52c5a90e7999" testId="17f6bab0-955d-149d-2b5b-ca44b530bf7d" testName="TestCreate_NoLoginSettings_Fail" computerName="DKSR-EFI-04" duration="00:00:00.0007529" startTime="2023-12-22T09:34:18.2096015+01:00" endTime="2023-12-22T09:34:18.2096015+01:00" testType="13cdc9d9-ddb5-4fa4-a97d-d965ccfc6d4b" outcome="Passed" testListId="8c84fa94-04c1-424b-9868-57a2d4851a1d" relativeResultsDirectory="94937ef1-c181-4bb2-b2a4-52c5a90e7999" />
    <UnitTestResult executionId="59751ab3-301a-414f-8dbe-ec6dd9933c32" testId="2d150f50-8921-0cbc-2c6d-ba2e152cce2b" testName="TestClient_Success" computerName="DKSR-EFI-04" duration="00:00:00.0029674" startTime="2023-12-22T09:34:18.2252238+01:00" endTime="2023-12-22T09:34:18.2252238+01:00" testType="13cdc9d9-ddb5-4fa4-a97d-d965ccfc6d4b" outcome="Passed" testListId="8c84fa94-04c1-424b-9868-57a2d4851a1d" relativeResultsDirectory="59751ab3-301a-414f-8dbe-ec6dd9933c32" />
    <UnitTestResult executionId="e7b602f9-6d08-45a5-a961-a0a4110009db" testId="0f0797e0-549e-72f8-0344-31d1cda7985a" testName="TestGetClient_GetCachedClient_Success" computerName="DKSR-EFI-04" duration="00:00:00.0040964" startTime="2023-12-22T09:34:17.3502199+01:00" endTime="2023-12-22T09:34:17.3502199+01:00" testType="13cdc9d9-ddb5-4fa4-a97d-d965ccfc6d4b" outcome="Passed" testListId="8c84fa94-04c1-424b-9868-57a2d4851a1d" relativeResultsDirectory="e7b602f9-6d08-45a5-a961-a0a4110009db" />
    <UnitTestResult executionId="9a903c71-83cf-46b8-ab82-738f60b7f495" testId="972723fd-ef0c-af7e-3fd7-d36230eee9ae" testName="TestGetClient_GetMultipleClient_Success" computerName="DKSR-EFI-04" duration="00:00:00.0066667" startTime="2023-12-22T09:34:17.1939718+01:00" endTime="2023-12-22T09:34:17.2095964+01:00" testType="13cdc9d9-ddb5-4fa4-a97d-d965ccfc6d4b" outcome="Passed" testListId="8c84fa94-04c1-424b-9868-57a2d4851a1d" relativeResultsDirectory="9a903c71-83cf-46b8-ab82-738f60b7f495" />
    <UnitTestResult executionId="7032cd20-1cf6-4660-a79a-e46c88d30228" testId="68e2e744-f8c4-690c-b29c-935dfdf0f95a" testName="TestGetClient_WithNoServerRegisteredWithEmptyURIArrayAsNull_Fail" computerName="DKSR-EFI-04" duration="00:00:00.0019933" startTime="2023-12-22T09:34:17.8033478+01:00" endTime="2023-12-22T09:34:17.8033478+01:00" testType="13cdc9d9-ddb5-4fa4-a97d-d965ccfc6d4b" outcome="Passed" testListId="8c84fa94-04c1-424b-9868-57a2d4851a1d" relativeResultsDirectory="7032cd20-1cf6-4660-a79a-e46c88d30228" />
    <UnitTestResult executionId="55e2424b-00cb-467c-86d5-3dd6f16ab8bd" testId="fcd1e8a5-83a4-6c6e-1a74-5550dd636d57" testName="TestGetClient_WithNoServerRegisteredWithEmptyURIArrayAsNull_Fail" computerName="DKSR-EFI-04" duration="00:00:00.0019035" startTime="2023-12-22T09:34:17.6783485+01:00" endTime="2023-12-22T09:34:17.6783485+01:00" testType="13cdc9d9-ddb5-4fa4-a97d-d965ccfc6d4b" outcome="Passed" testListId="8c84fa94-04c1-424b-9868-57a2d4851a1d" relativeResultsDirectory="55e2424b-00cb-467c-86d5-3dd6f16ab8bd" />
    <UnitTestResult executionId="9c655269-5b99-4f3c-b88c-3ebc290751b2" testId="eb6c8245-5880-cf97-3dcb-08b639acbd80" testName="TestGetClient_WithNoServerRegistered_Fail" computerName="DKSR-EFI-04" duration="00:00:00.0020224" startTime="2023-12-22T09:34:17.4908464+01:00" endTime="2023-12-22T09:34:17.4908464+01:00" testType="13cdc9d9-ddb5-4fa4-a97d-d965ccfc6d4b" outcome="Passed" testListId="8c84fa94-04c1-424b-9868-57a2d4851a1d" relativeResultsDirectory="9c655269-5b99-4f3c-b88c-3ebc290751b2" />
    <UnitTestResult executionId="603c1a06-2cc6-4e6c-a240-b788c633127f" testId="affc2e36-fa99-a863-dd65-ad6efa4c9c1e" testName="TestCreate_BuildingClientCredentials_Success" computerName="DKSR-EFI-04" duration="00:00:00.0017457" startTime="2023-12-22T09:34:18.5533520+01:00" endTime="2023-12-22T09:34:18.5533520+01:00" testType="13cdc9d9-ddb5-4fa4-a97d-d965ccfc6d4b" outcome="Passed" testListId="8c84fa94-04c1-424b-9868-57a2d4851a1d" relativeResultsDirectory="603c1a06-2cc6-4e6c-a240-b788c633127f" />
    <UnitTestResult executionId="65c03a44-7b23-4d7c-a03a-09c503c69b3f" testId="46e7879a-880f-871f-f631-67adf9865812" testName="TestGetClient_WithNoServerRegisteredAsNull_Fail" computerName="DKSR-EFI-04" duration="00:00:00.0091936" startTime="2023-12-22T09:34:17.0845944+01:00" endTime="2023-12-22T09:34:17.1002201+01:00" testType="13cdc9d9-ddb5-4fa4-a97d-d965ccfc6d4b" outcome="Passed" testListId="8c84fa94-04c1-424b-9868-57a2d4851a1d" relativeResultsDirectory="65c03a44-7b23-4d7c-a03a-09c503c69b3f" />
    <UnitTestResult executionId="15ea7993-6028-408e-8a4e-7dee85be077b" testId="46ae5976-bbbb-e946-cbf4-15cca2e1d629" testName="TestAsyncClient_Success" computerName="DKSR-EFI-04" duration="00:00:00.0021302" startTime="2023-12-22T09:34:18.1314753+01:00" endTime="2023-12-22T09:34:18.1314753+01:00" testType="13cdc9d9-ddb5-4fa4-a97d-d965ccfc6d4b" outcome="Passed" testListId="8c84fa94-04c1-424b-9868-57a2d4851a1d" relativeResultsDirectory="15ea7993-6028-408e-8a4e-7dee85be077b" />
    <UnitTestResult executionId="f09a1e08-9986-4f2f-ba19-23d8298ce635" testId="d1b02e2a-902b-16d2-ad55-e8b02e418e32" testName="TestGetClient_WithNoServerRegisteredAsNull_Fail" computerName="DKSR-EFI-04" duration="00:00:00.0017769" startTime="2023-12-22T09:34:17.2877204+01:00" endTime="2023-12-22T09:34:17.2877204+01:00" testType="13cdc9d9-ddb5-4fa4-a97d-d965ccfc6d4b" outcome="Passed" testListId="8c84fa94-04c1-424b-9868-57a2d4851a1d" relativeResultsDirectory="f09a1e08-9986-4f2f-ba19-23d8298ce635" />
    <UnitTestResult executionId="84bea447-f6b5-4cab-8208-4c80717b3185" testId="0e99a6cf-8763-1c7f-3bb0-54f35e3df9b5" testName="Test_GetClient_GetMultipleCachedClientWithDifferentReceiveTimeouts_Success" computerName="DKSR-EFI-04" duration="00:00:00.0041991" startTime="2023-12-22T09:34:17.0689695+01:00" endTime="2023-12-22T09:34:17.0689695+01:00" testType="13cdc9d9-ddb5-4fa4-a97d-d965ccfc6d4b" outcome="Passed" testListId="8c84fa94-04c1-424b-9868-57a2d4851a1d" relativeResultsDirectory="84bea447-f6b5-4cab-8208-4c80717b3185" />
    <UnitTestResult executionId="27022723-694a-4511-bd57-b5088d4304aa" testId="23acc84b-5deb-7d81-129c-929868ce93e9" testName="TestCreate_NoLoginSettings_Fail" computerName="DKSR-EFI-04" duration="00:00:00.0007419" startTime="2023-12-22T09:34:18.5689754+01:00" endTime="2023-12-22T09:34:18.5689754+01:00" testType="13cdc9d9-ddb5-4fa4-a97d-d965ccfc6d4b" outcome="Passed" testListId="8c84fa94-04c1-424b-9868-57a2d4851a1d" relativeResultsDirectory="27022723-694a-4511-bd57-b5088d4304aa" />
    <UnitTestResult executionId="ae6b0825-8904-49dd-9110-28bdd0e60cc8" testId="62b3c773-1683-705a-4d69-5ff52ec77d69" testName="TestAsyncClient_Success" computerName="DKSR-EFI-04" duration="00:00:00.0030720" startTime="2023-12-22T09:34:18.3033507+01:00" endTime="2023-12-22T09:34:18.3189751+01:00" testType="13cdc9d9-ddb5-4fa4-a97d-d965ccfc6d4b" outcome="Passed" testListId="8c84fa94-04c1-424b-9868-57a2d4851a1d" relativeResultsDirectory="ae6b0825-8904-49dd-9110-28bdd0e60cc8" />
    <UnitTestResult executionId="48f830be-8a81-419c-afe1-d2a6df24a178" testId="89333955-1b69-0b32-1918-59774ede666f" testName="TestGetClient_GetCachedClient_Success" computerName="DKSR-EFI-04" duration="00:00:00.0041761" startTime="2023-12-22T09:34:17.5533470+01:00" endTime="2023-12-22T09:34:17.5533470+01:00" testType="13cdc9d9-ddb5-4fa4-a97d-d965ccfc6d4b" outcome="Passed" testListId="8c84fa94-04c1-424b-9868-57a2d4851a1d" relativeResultsDirectory="48f830be-8a81-419c-afe1-d2a6df24a178" />
    <UnitTestResult executionId="9374b366-6058-49a1-861c-5670519068a9" testId="bb2c4cd5-b17a-afb9-6a31-6ad7e915d8d8" testName="TestClose_CloseTwice_Success" computerName="DKSR-EFI-04" duration="00:00:00.0023268" startTime="2023-12-22T09:34:17.1627191+01:00" endTime="2023-12-22T09:34:17.1627191+01:00" testType="13cdc9d9-ddb5-4fa4-a97d-d965ccfc6d4b" outcome="Passed" testListId="8c84fa94-04c1-424b-9868-57a2d4851a1d" relativeResultsDirectory="9374b366-6058-49a1-861c-5670519068a9" />
    <UnitTestResult executionId="f3aba397-3f13-4a33-a222-44cd4eca9112" testId="8f2afdf2-a36c-5c2d-0dfb-19a340aab4d5" testName="TestClose_MultipleClient_Success" computerName="DKSR-EFI-04" duration="00:00:00.0024617" startTime="2023-12-22T09:34:17.1627191+01:00" endTime="2023-12-22T09:34:17.1627191+01:00" testType="13cdc9d9-ddb5-4fa4-a97d-d965ccfc6d4b" outcome="Passed" testListId="8c84fa94-04c1-424b-9868-57a2d4851a1d" relativeResultsDirectory="f3aba397-3f13-4a33-a222-44cd4eca9112" />
    <UnitTestResult executionId="785e399e-16fd-4101-927f-f0faffdb048e" testId="6a833d54-0b77-9f2f-b091-6a5f5e6e76ec" testName="Test_GetClient_GetMultipleCachedClient_Success" computerName="DKSR-EFI-04" duration="00:00:00.0061090" startTime="2023-12-22T09:34:17.6627234+01:00" endTime="2023-12-22T09:34:17.6627234+01:00" testType="13cdc9d9-ddb5-4fa4-a97d-d965ccfc6d4b" outcome="Passed" testListId="8c84fa94-04c1-424b-9868-57a2d4851a1d" relativeResultsDirectory="785e399e-16fd-4101-927f-f0faffdb048e" />
    <UnitTestResult executionId="6ae09389-7354-4d65-b38c-5fff7ed5d7fc" testId="ef80f1ba-c12d-fe26-e252-1f001124785f" testName="TestClose_MultipleClient_Success" computerName="DKSR-EFI-04" duration="00:00:00.0024538" startTime="2023-12-22T09:34:17.4127216+01:00" endTime="2023-12-22T09:34:17.4127216+01:00" testType="13cdc9d9-ddb5-4fa4-a97d-d965ccfc6d4b" outcome="Passed" testListId="8c84fa94-04c1-424b-9868-57a2d4851a1d" relativeResultsDirectory="6ae09389-7354-4d65-b38c-5fff7ed5d7fc" />
    <UnitTestResult executionId="742ef30d-163d-4029-9ed8-505935f00e5b" testId="7791b8b0-6548-6b50-8de8-23bbb9384e36" testName="Test_GetClient_GetMultipleCachedClientWithDifferentReceiveTimeouts_Success" computerName="DKSR-EFI-04" duration="00:00:00.0040096" startTime="2023-12-22T09:34:17.7877228+01:00" endTime="2023-12-22T09:34:17.7877228+01:00" testType="13cdc9d9-ddb5-4fa4-a97d-d965ccfc6d4b" outcome="Passed" testListId="8c84fa94-04c1-424b-9868-57a2d4851a1d" relativeResultsDirectory="742ef30d-163d-4029-9ed8-505935f00e5b" />
    <UnitTestResult executionId="d60dbe6a-a1cb-4b99-a1e6-2ca4db84d8b4" testId="80f28fb3-e277-e4ce-3415-58969e3a6803" testName="TestGetClient_WithNoServerRegisteredWithEmptyURIArray_Fail" computerName="DKSR-EFI-04" duration="00:00:00.0017886" startTime="2023-12-22T09:34:17.3970961+01:00" endTime="2023-12-22T09:34:17.3970961+01:00" testType="13cdc9d9-ddb5-4fa4-a97d-d965ccfc6d4b" outcome="Passed" testListId="8c84fa94-04c1-424b-9868-57a2d4851a1d" relativeResultsDirectory="d60dbe6a-a1cb-4b99-a1e6-2ca4db84d8b4" />
    <UnitTestResult executionId="9185149b-3409-4079-b242-f47e58b428f0" testId="054e91c3-d54a-b15d-806d-fd29420eafe5" testName="Test_GetClient_GetMultipleCachedClient_Success" computerName="DKSR-EFI-04" duration="00:00:00.0049402" startTime="2023-12-22T09:34:17.5689721+01:00" endTime="2023-12-22T09:34:17.5689721+01:00" testType="13cdc9d9-ddb5-4fa4-a97d-d965ccfc6d4b" outcome="Passed" testListId="8c84fa94-04c1-424b-9868-57a2d4851a1d" relativeResultsDirectory="9185149b-3409-4079-b242-f47e58b428f0" />
    <UnitTestResult executionId="acb1e5e6-8584-44d5-beea-48a256095e57" testId="e60a5e28-8b52-7206-d4d2-8afbc760a9a1" testName="TestLayerClientCredentials_Success" computerName="DKSR-EFI-04" duration="00:00:00.0273218" startTime="2023-12-22T09:34:18.2252238+01:00" endTime="2023-12-22T09:34:18.2564760+01:00" testType="13cdc9d9-ddb5-4fa4-a97d-d965ccfc6d4b" outcome="Passed" testListId="8c84fa94-04c1-424b-9868-57a2d4851a1d" relativeResultsDirectory="acb1e5e6-8584-44d5-beea-48a256095e57" />
    <UnitTestResult executionId="f25454aa-3dc1-4e9c-a7fc-f87bfa76572c" testId="1e8e8b87-0379-6de6-ea8f-232beb1a83e6" testName="TestConstructor_Success" computerName="DKSR-EFI-04" duration="00:00:00.0010387" startTime="2023-12-22T09:34:17.7095971+01:00" endTime="2023-12-22T09:34:17.7095971+01:00" testType="13cdc9d9-ddb5-4fa4-a97d-d965ccfc6d4b" outcome="Passed" testListId="8c84fa94-04c1-424b-9868-57a2d4851a1d" relativeResultsDirectory="f25454aa-3dc1-4e9c-a7fc-f87bfa76572c" />
    <UnitTestResult executionId="854714b5-75ba-4404-8a0e-f46769c05d23" testId="754cbf92-b660-8a9a-459e-c20b7a381570" testName="TestGetClient_WithNoServerRegistered_Fail" computerName="DKSR-EFI-04" duration="00:00:00.0018157" startTime="2023-12-22T09:34:17.3814702+01:00" endTime="2023-12-22T09:34:17.3814702+01:00" testType="13cdc9d9-ddb5-4fa4-a97d-d965ccfc6d4b" outcome="Passed" testListId="8c84fa94-04c1-424b-9868-57a2d4851a1d" relativeResultsDirectory="854714b5-75ba-4404-8a0e-f46769c05d23" />
    <UnitTestResult executionId="83088857-91a1-4fc3-ad7f-a1ee39809427" testId="a1a53dab-734e-5620-9bf8-ba2d1209fb91" testName="TestGetClient_WithNoServerRegisteredWithEmptyURIArrayAsNull_Fail" computerName="DKSR-EFI-04" duration="00:00:00.0019226" startTime="2023-12-22T09:34:17.1002201+01:00" endTime="2023-12-22T09:34:17.1002201+01:00" testType="13cdc9d9-ddb5-4fa4-a97d-d965ccfc6d4b" outcome="Passed" testListId="8c84fa94-04c1-424b-9868-57a2d4851a1d" relativeResultsDirectory="83088857-91a1-4fc3-ad7f-a1ee39809427" />
    <UnitTestResult executionId="6cc0e0fb-82d0-49a1-8058-508275d2ee91" testId="20d2a16c-2e49-d6a5-e54f-88ccd224ae87" testName="Test_GetClient_GetMultipleCachedClient_Success" computerName="DKSR-EFI-04" duration="00:00:00.0057362" startTime="2023-12-22T09:34:17.4752211+01:00" endTime="2023-12-22T09:34:17.4752211+01:00" testType="13cdc9d9-ddb5-4fa4-a97d-d965ccfc6d4b" outcome="Passed" testListId="8c84fa94-04c1-424b-9868-57a2d4851a1d" relativeResultsDirectory="6cc0e0fb-82d0-49a1-8058-508275d2ee91" />
    <UnitTestResult executionId="245c2601-5f82-4324-9215-1f5916448938" testId="74b8fffc-60e6-9d43-1c3c-960fcd6a8a10" testName="TestClose_CloseOnce_Success" computerName="DKSR-EFI-04" duration="00:00:00.0027595" startTime="2023-12-22T09:34:17.3970961+01:00" endTime="2023-12-22T09:34:17.3970961+01:00" testType="13cdc9d9-ddb5-4fa4-a97d-d965ccfc6d4b" outcome="Passed" testListId="8c84fa94-04c1-424b-9868-57a2d4851a1d" relativeResultsDirectory="245c2601-5f82-4324-9215-1f5916448938" />
    <UnitTestResult executionId="7592db31-d2c4-4854-86dc-a91e56c0e88b" testId="f75e038c-5e2b-0cfd-42b3-9ef70da12586" testName="TestClient_Success" computerName="DKSR-EFI-04" duration="00:00:00.0099120" startTime="2023-12-22T09:34:18.1158482+01:00" endTime="2023-12-22T09:34:18.1314753+01:00" testType="13cdc9d9-ddb5-4fa4-a97d-d965ccfc6d4b" outcome="Passed" testListId="8c84fa94-04c1-424b-9868-57a2d4851a1d" relativeResultsDirectory="7592db31-d2c4-4854-86dc-a91e56c0e88b" />
    <UnitTestResult executionId="a8251e91-7c9b-4975-9dc7-f134b69dbc22" testId="f80f21b2-1c1d-3163-2d10-7e2a8bdd1ce1" testName="TestGetClient_GetMultipleClient_Success" computerName="DKSR-EFI-04" duration="00:00:00.0068302" startTime="2023-12-22T09:34:17.5533470+01:00" endTime="2023-12-22T09:34:17.5689721+01:00" testType="13cdc9d9-ddb5-4fa4-a97d-d965ccfc6d4b" outcome="Passed" testListId="8c84fa94-04c1-424b-9868-57a2d4851a1d" relativeResultsDirectory="a8251e91-7c9b-4975-9dc7-f134b69dbc22" />
    <UnitTestResult executionId="baff19f6-2810-4d3c-92f6-2f155cd79d39" testId="8c9102e8-ee1c-f091-3751-fcaf449c41df" testName="TestConstructor_Success" computerName="DKSR-EFI-04" duration="00:00:00.0009929" startTime="2023-12-22T09:34:17.1783445+01:00" endTime="2023-12-22T09:34:17.1783445+01:00" testType="13cdc9d9-ddb5-4fa4-a97d-d965ccfc6d4b" outcome="Passed" testListId="8c84fa94-04c1-424b-9868-57a2d4851a1d" relativeResultsDirectory="baff19f6-2810-4d3c-92f6-2f155cd79d39" />
    <UnitTestResult executionId="1373dcf9-669b-4da3-8463-b15621060be7" testId="a6547258-9ccf-72fb-8f01-660d945dc017" testName="TestGetClient_WithNoServerRegisteredAsNull_Fail" computerName="DKSR-EFI-04" duration="00:00:00.0018214" startTime="2023-12-22T09:34:17.7877228+01:00" endTime="2023-12-22T09:34:17.7877228+01:00" testType="13cdc9d9-ddb5-4fa4-a97d-d965ccfc6d4b" outcome="Passed" testListId="8c84fa94-04c1-424b-9868-57a2d4851a1d" relativeResultsDirectory="1373dcf9-669b-4da3-8463-b15621060be7" />
    <UnitTestResult executionId="f97f0667-c060-4ced-8e26-0012a1df701f" testId="316f54f5-7682-f98d-67d5-3d13ab0d7d83" testName="Test_GetClient_GetMultipleCachedClientWithDifferentReceiveTimeouts_Success" computerName="DKSR-EFI-04" duration="00:00:00.0044588" startTime="2023-12-22T09:34:17.4595975+01:00" endTime="2023-12-22T09:34:17.4595975+01:00" testType="13cdc9d9-ddb5-4fa4-a97d-d965ccfc6d4b" outcome="Passed" testListId="8c84fa94-04c1-424b-9868-57a2d4851a1d" relativeResultsDirectory="f97f0667-c060-4ced-8e26-0012a1df701f" />
    <UnitTestResult executionId="ec12489f-6daa-40c7-80cf-46ca7ee4da5d" testId="5ba2bda8-4d3a-9687-877a-63744e616178" testName="Test_GetClient_GetMultipleCachedClient_Success" computerName="DKSR-EFI-04" duration="00:00:00.0058080" startTime="2023-12-22T09:34:17.0689695+01:00" endTime="2023-12-22T09:34:17.0845944+01:00" testType="13cdc9d9-ddb5-4fa4-a97d-d965ccfc6d4b" outcome="Passed" testListId="8c84fa94-04c1-424b-9868-57a2d4851a1d" relativeResultsDirectory="ec12489f-6daa-40c7-80cf-46ca7ee4da5d" />
    <UnitTestResult executionId="7e145c16-2ecd-496c-8b67-820203c5d33b" testId="66d2776f-8f38-bf3b-9dd1-d885b5396470" testName="Test_GetClient_GetMultipleCachedClient_Success" computerName="DKSR-EFI-04" duration="00:00:00.0058677" startTime="2023-12-22T09:34:17.7720978+01:00" endTime="2023-12-22T09:34:17.7877228+01:00" testType="13cdc9d9-ddb5-4fa4-a97d-d965ccfc6d4b" outcome="Passed" testListId="8c84fa94-04c1-424b-9868-57a2d4851a1d" relativeResultsDirectory="7e145c16-2ecd-496c-8b67-820203c5d33b" />
    <UnitTestResult executionId="4d6b3205-7cdb-4742-b030-539d7002be80" testId="bde52d9b-c074-81d0-9d38-70259bb3484f" testName="TestGetClient_GetCachedClient_Success" computerName="DKSR-EFI-04" duration="00:00:00.0042849" startTime="2023-12-22T09:34:17.6470977+01:00" endTime="2023-12-22T09:34:17.6470977+01:00" testType="13cdc9d9-ddb5-4fa4-a97d-d965ccfc6d4b" outcome="Passed" testListId="8c84fa94-04c1-424b-9868-57a2d4851a1d" relativeResultsDirectory="4d6b3205-7cdb-4742-b030-539d7002be80" />
    <UnitTestResult executionId="061840c9-9dd2-4266-aa3c-d142eb56f093" testId="94ad038f-760f-7ad6-f12e-4866b6e23a2d" testName="TestGetClient_WithNoServerRegistered_Fail" computerName="DKSR-EFI-04" duration="00:00:00.0018630" startTime="2023-12-22T09:34:17.6783485+01:00" endTime="2023-12-22T09:34:17.6783485+01:00" testType="13cdc9d9-ddb5-4fa4-a97d-d965ccfc6d4b" outcome="Passed" testListId="8c84fa94-04c1-424b-9868-57a2d4851a1d" relativeResultsDirectory="061840c9-9dd2-4266-aa3c-d142eb56f093" />
    <UnitTestResult executionId="a469ddeb-5d8e-4118-9b6e-d374bc94e401" testId="c62b74e8-ab1b-aea8-cce4-2aa314daf422" testName="TestClose_MultipleClient_Success" computerName="DKSR-EFI-04" duration="00:00:00.0024586" startTime="2023-12-22T09:34:17.6939730+01:00" endTime="2023-12-22T09:34:17.7095971+01:00" testType="13cdc9d9-ddb5-4fa4-a97d-d965ccfc6d4b" outcome="Passed" testListId="8c84fa94-04c1-424b-9868-57a2d4851a1d" relativeResultsDirectory="a469ddeb-5d8e-4118-9b6e-d374bc94e401" />
    <UnitTestResult executionId="8b4de18d-77e5-4f56-9ae6-eeee57fa43f3" testId="b36394c3-afa6-8cac-208c-426f9002051e" testName="TestGetClient_WithNoServerRegisteredAsNull_Fail" computerName="DKSR-EFI-04" duration="00:00:00.0021836" startTime="2023-12-22T09:34:17.4908464+01:00" endTime="2023-12-22T09:34:17.4908464+01:00" testType="13cdc9d9-ddb5-4fa4-a97d-d965ccfc6d4b" outcome="Passed" testListId="8c84fa94-04c1-424b-9868-57a2d4851a1d" relativeResultsDirectory="8b4de18d-77e5-4f56-9ae6-eeee57fa43f3" />
    <UnitTestResult executionId="410a3d68-9fde-47b9-9a7f-ca15bb2e13d7" testId="22278587-5493-112d-a3db-dcacbea13df5" testName="TestGetClient_WithNoServerRegisteredWithEmptyURIArray_Fail" computerName="DKSR-EFI-04" duration="00:00:00.0018845" startTime="2023-12-22T09:34:17.5845984+01:00" endTime="2023-12-22T09:34:17.5845984+01:00" testType="13cdc9d9-ddb5-4fa4-a97d-d965ccfc6d4b" outcome="Passed" testListId="8c84fa94-04c1-424b-9868-57a2d4851a1d" relativeResultsDirectory="410a3d68-9fde-47b9-9a7f-ca15bb2e13d7" />
    <UnitTestResult executionId="a01714a5-6faf-4b83-8b22-b934d1985a2f" testId="1ff6afac-c1a6-8ca3-1bd3-5eef3a2017d7" testName="TestCreate_LayerClientToken_Success" computerName="DKSR-EFI-04" duration="00:00:00.0014997" startTime="2023-12-22T09:34:18.3033507+01:00" endTime="2023-12-22T09:34:18.3033507+01:00" testType="13cdc9d9-ddb5-4fa4-a97d-d965ccfc6d4b" outcome="Passed" testListId="8c84fa94-04c1-424b-9868-57a2d4851a1d" relativeResultsDirectory="a01714a5-6faf-4b83-8b22-b934d1985a2f" />
    <UnitTestResult executionId="6e4da3fa-7474-42ec-8482-da43407b5bd1" testId="19de2a10-c4a0-fec6-21f1-9442abf6e563" testName="TestGetClient_WithNoServerRegisteredWithEmptyURIArray_Fail" computerName="DKSR-EFI-04" duration="00:00:00.0021054" startTime="2023-12-22T09:34:17.1314703+01:00" endTime="2023-12-22T09:34:17.1314703+01:00" testType="13cdc9d9-ddb5-4fa4-a97d-d965ccfc6d4b" outcome="Passed" testListId="8c84fa94-04c1-424b-9868-57a2d4851a1d" relativeResultsDirectory="6e4da3fa-7474-42ec-8482-da43407b5bd1" />
    <UnitTestResult executionId="34e2dc1d-eed2-4370-8f0c-63747275bc6a" testId="f939d57d-320e-d55d-e6d0-3b2f2b6eabb1" testName="TestGetClient_WithNoServerRegisteredWithEmptyURIArray_Fail" computerName="DKSR-EFI-04" duration="00:00:00.0019979" startTime="2023-12-22T09:34:17.4908464+01:00" endTime="2023-12-22T09:34:17.5064731+01:00" testType="13cdc9d9-ddb5-4fa4-a97d-d965ccfc6d4b" outcome="Passed" testListId="8c84fa94-04c1-424b-9868-57a2d4851a1d" relativeResultsDirectory="34e2dc1d-eed2-4370-8f0c-63747275bc6a" />
    <UnitTestResult executionId="4ea1bc05-362c-47b1-aa64-03a4c1370221" testId="dbfabd2d-843e-0c09-c42b-4536b0c2aa06" testName="TestClose_CloseTwice_Success" computerName="DKSR-EFI-04" duration="00:00:00.0022640" startTime="2023-12-22T09:34:17.8033478+01:00" endTime="2023-12-22T09:34:17.8189737+01:00" testType="13cdc9d9-ddb5-4fa4-a97d-d965ccfc6d4b" outcome="Passed" testListId="8c84fa94-04c1-424b-9868-57a2d4851a1d" relativeResultsDirectory="4ea1bc05-362c-47b1-aa64-03a4c1370221" />
    <UnitTestResult executionId="50565bc9-322d-40f6-ae7c-bc9b47b5558a" testId="69f17527-235a-0227-2a49-80b6a271aabb" testName="TestGetClient_WithNoServerRegistered_Fail" computerName="DKSR-EFI-04" duration="00:00:00.0018129" startTime="2023-12-22T09:34:17.5845984+01:00" endTime="2023-12-22T09:34:17.5845984+01:00" testType="13cdc9d9-ddb5-4fa4-a97d-d965ccfc6d4b" outcome="Passed" testListId="8c84fa94-04c1-424b-9868-57a2d4851a1d" relativeResultsDirectory="50565bc9-322d-40f6-ae7c-bc9b47b5558a" />
    <UnitTestResult executionId="687064e7-bbcc-4c97-ac0f-342d9904dd7f" testId="320a426a-a5d0-dcb4-bceb-67481c8ba7aa" testName="TestConstructor_Success" computerName="DKSR-EFI-04" duration="00:00:00.0010044" startTime="2023-12-22T09:34:17.5220965+01:00" endTime="2023-12-22T09:34:17.5220965+01:00" testType="13cdc9d9-ddb5-4fa4-a97d-d965ccfc6d4b" outcome="Passed" testListId="8c84fa94-04c1-424b-9868-57a2d4851a1d" relativeResultsDirectory="687064e7-bbcc-4c97-ac0f-342d9904dd7f" />
    <UnitTestResult executionId="7dfa092a-0a2e-4221-86c4-062f03c0dee3" testId="f9ddb87d-e698-a047-7b20-4637e14f043b" testName="TestAsyncMapClientCredentials_Success" computerName="DKSR-EFI-04" duration="00:00:00.0174823" startTime="2023-12-22T09:34:18.1939758+01:00" endTime="2023-12-22T09:34:18.2096015+01:00" testType="13cdc9d9-ddb5-4fa4-a97d-d965ccfc6d4b" outcome="Passed" testListId="8c84fa94-04c1-424b-9868-57a2d4851a1d" relativeResultsDirectory="7dfa092a-0a2e-4221-86c4-062f03c0dee3" />
    <UnitTestResult executionId="9a26413f-c1ee-4a9e-83a1-39f1246a3d06" testId="5a5bb1f6-0f22-b7ea-0835-24553a2676ad" testName="Test_GetClient_GetMultipleCachedClient_Success" computerName="DKSR-EFI-04" duration="00:00:00.0061875" startTime="2023-12-22T09:34:17.2720964+01:00" endTime="2023-12-22T09:34:17.2720964+01:00" testType="13cdc9d9-ddb5-4fa4-a97d-d965ccfc6d4b" outcome="Passed" testListId="8c84fa94-04c1-424b-9868-57a2d4851a1d" relativeResultsDirectory="9a26413f-c1ee-4a9e-83a1-39f1246a3d06" />
    <UnitTestResult executionId="b2e9cc71-4951-448b-8ac2-4bf782bde002" testId="7b0fa3c1-3808-edd4-83e1-14937636addd" testName="TestGetClient_GetCachedClient_Success" computerName="DKSR-EFI-04" duration="00:00:00.0042340" startTime="2023-12-22T09:34:17.1939718+01:00" endTime="2023-12-22T09:34:17.1939718+01:00" testType="13cdc9d9-ddb5-4fa4-a97d-d965ccfc6d4b" outcome="Passed" testListId="8c84fa94-04c1-424b-9868-57a2d4851a1d" relativeResultsDirectory="b2e9cc71-4951-448b-8ac2-4bf782bde002" />
    <UnitTestResult executionId="72d41d0f-71b4-452f-940d-afe3fd226193" testId="19801632-b31b-0674-f86c-fb3899cf947a" testName="TestMapClientCredentials_Success" computerName="DKSR-EFI-04" duration="00:00:00.0186613" startTime="2023-12-22T09:34:18.1627261+01:00" endTime="2023-12-22T09:34:18.1783500+01:00" testType="13cdc9d9-ddb5-4fa4-a97d-d965ccfc6d4b" outcome="Passed" testListId="8c84fa94-04c1-424b-9868-57a2d4851a1d" relativeResultsDirectory="72d41d0f-71b4-452f-940d-afe3fd226193" />
    <UnitTestResult executionId="2d16b63c-3a1a-46be-a978-660dd0b24c5e" testId="8978a26f-47fe-cd3a-c9a5-6fbbe4f1a2f4" testName="TestGetClient_WithNoServerRegisteredWithEmptyURIArray_Fail" computerName="DKSR-EFI-04" duration="00:00:00.0022108" startTime="2023-12-22T09:34:17.8033478+01:00" endTime="2023-12-22T09:34:17.8033478+01:00" testType="13cdc9d9-ddb5-4fa4-a97d-d965ccfc6d4b" outcome="Passed" testListId="8c84fa94-04c1-424b-9868-57a2d4851a1d" relativeResultsDirectory="2d16b63c-3a1a-46be-a978-660dd0b24c5e" />
    <UnitTestResult executionId="5e3fa168-5666-4a1c-a42a-57e984df457a" testId="87b04739-f60f-0bf5-83da-9152edc81e85" testName="TestGetClient_GetNonCachedClient_Success" computerName="DKSR-EFI-04" duration="00:00:00.0477180" startTime="2023-12-22T09:34:17.7095971+01:00" endTime="2023-12-22T09:34:17.7564732+01:00" testType="13cdc9d9-ddb5-4fa4-a97d-d965ccfc6d4b" outcome="Passed" testListId="8c84fa94-04c1-424b-9868-57a2d4851a1d" relativeResultsDirectory="5e3fa168-5666-4a1c-a42a-57e984df457a" />
    <UnitTestResult executionId="22b97416-8127-4a45-8059-01e9c45994e9" testId="075f02ff-4f55-119b-ac66-c2407e096ab5" testName="TestGetClient_GetNonCachedClient_Success" computerName="DKSR-EFI-04" duration="00:00:00.0278072" startTime="2023-12-22T09:34:17.5220965+01:00" endTime="2023-12-22T09:34:17.5533470+01:00" testType="13cdc9d9-ddb5-4fa4-a97d-d965ccfc6d4b" outcome="Passed" testListId="8c84fa94-04c1-424b-9868-57a2d4851a1d" relativeResultsDirectory="22b97416-8127-4a45-8059-01e9c45994e9" />
    <UnitTestResult executionId="77466bc3-af53-4e26-9a0a-876c22c658bc" testId="db846ad5-7113-8019-425f-5517aca6c1c9" testName="TestAsyncBuildingClientCredentials_Success" computerName="DKSR-EFI-04" duration="00:00:00.0554584" startTime="2023-12-22T09:34:18.4752266+01:00" endTime="2023-12-22T09:34:18.5377275+01:00" testType="13cdc9d9-ddb5-4fa4-a97d-d965ccfc6d4b" outcome="Passed" testListId="8c84fa94-04c1-424b-9868-57a2d4851a1d" relativeResultsDirectory="77466bc3-af53-4e26-9a0a-876c22c658bc" />
    <UnitTestResult executionId="05514762-9e42-46e3-b82e-50ef28ab979e" testId="9d770b71-04a4-b714-5b6a-3cc13ae91142" testName="TestConstructor_Success" computerName="DKSR-EFI-04" duration="00:00:00.0010284" startTime="2023-12-22T09:34:17.4127216+01:00" endTime="2023-12-22T09:34:17.4127216+01:00" testType="13cdc9d9-ddb5-4fa4-a97d-d965ccfc6d4b" outcome="Passed" testListId="8c84fa94-04c1-424b-9868-57a2d4851a1d" relativeResultsDirectory="05514762-9e42-46e3-b82e-50ef28ab979e" />
    <UnitTestResult executionId="d5f489fe-698d-4e91-bf1e-311d86565f9d" testId="24c95a14-708b-1c8f-1dbb-29c96f2e47ab" testName="TestGetClient_WithNoServerRegisteredWithEmptyURIArrayAsNull_Fail" computerName="DKSR-EFI-04" duration="00:00:00.0018252" startTime="2023-12-22T09:34:17.3814702+01:00" endTime="2023-12-22T09:34:17.3970961+01:00" testType="13cdc9d9-ddb5-4fa4-a97d-d965ccfc6d4b" outcome="Passed" testListId="8c84fa94-04c1-424b-9868-57a2d4851a1d" relativeResultsDirectory="d5f489fe-698d-4e91-bf1e-311d86565f9d" />
    <UnitTestResult executionId="519f8863-d4aa-4613-b264-3d42023b1622" testId="e3734694-e2df-3924-56c4-b3c196d5972e" testName="Test_GetClient_GetMultipleCachedClient_Success" computerName="DKSR-EFI-04" duration="00:00:00.0056955" startTime="2023-12-22T09:34:17.3658468+01:00" endTime="2023-12-22T09:34:17.3658468+01:00" testType="13cdc9d9-ddb5-4fa4-a97d-d965ccfc6d4b" outcome="Passed" testListId="8c84fa94-04c1-424b-9868-57a2d4851a1d" relativeResultsDirectory="519f8863-d4aa-4613-b264-3d42023b1622" />
    <UnitTestResult executionId="6c31149f-7814-43d0-b30c-93a3848abcdf" testId="c7f8ff51-bf97-7dcb-415d-0e6fc96af5da" testName="TestGetClient_WithNoServerRegisteredWithEmptyURIArrayAsNull_Fail" computerName="DKSR-EFI-04" duration="00:00:00.0018803" startTime="2023-12-22T09:34:17.2877204+01:00" endTime="2023-12-22T09:34:17.2877204+01:00" testType="13cdc9d9-ddb5-4fa4-a97d-d965ccfc6d4b" outcome="Passed" testListId="8c84fa94-04c1-424b-9868-57a2d4851a1d" relativeResultsDirectory="6c31149f-7814-43d0-b30c-93a3848abcdf" />
    <UnitTestResult executionId="9a49e585-dfd8-4f5d-91a6-81751b73ab8e" testId="36806724-ee3d-97f0-e1f8-b3970fe2685a" testName="TestCreate_BuildingClientToken_Success" computerName="DKSR-EFI-04" duration="00:00:00.0010505" startTime="2023-12-22T09:34:18.5533520+01:00" endTime="2023-12-22T09:34:18.5533520+01:00" testType="13cdc9d9-ddb5-4fa4-a97d-d965ccfc6d4b" outcome="Passed" testListId="8c84fa94-04c1-424b-9868-57a2d4851a1d" relativeResultsDirectory="9a49e585-dfd8-4f5d-91a6-81751b73ab8e" />
    <UnitTestResult executionId="c41812fc-3171-4589-a80d-87522fddddc5" testId="82aff213-7592-c812-d716-7e1aaf09ef01" testName="TestClose_CloseTwice_Success" computerName="DKSR-EFI-04" duration="00:00:00.0021651" startTime="2023-12-22T09:34:17.6002227+01:00" endTime="2023-12-22T09:34:17.6002227+01:00" testType="13cdc9d9-ddb5-4fa4-a97d-d965ccfc6d4b" outcome="Passed" testListId="8c84fa94-04c1-424b-9868-57a2d4851a1d" relativeResultsDirectory="c41812fc-3171-4589-a80d-87522fddddc5" />
    <UnitTestResult executionId="711b94b1-c26e-4475-8005-56104fb27fdd" testId="9b3704e1-c271-1402-ef0b-2f1ef717ad98" testName="TestGetClient_GetCachedClient_Success" computerName="DKSR-EFI-04" duration="00:00:00.0117295" startTime="2023-12-22T09:34:17.0377206+01:00" endTime="2023-12-22T09:34:17.0533449+01:00" testType="13cdc9d9-ddb5-4fa4-a97d-d965ccfc6d4b" outcome="Passed" testListId="8c84fa94-04c1-424b-9868-57a2d4851a1d" relativeResultsDirectory="711b94b1-c26e-4475-8005-56104fb27fdd" />
    <UnitTestResult executionId="90847c14-24d7-4eee-bc16-8266b4458302" testId="4f3522a5-5b9a-7984-c3f2-43f97042f30f" testName="TestAsyncNotificationClientCredentials_Success" computerName="DKSR-EFI-04" duration="00:00:00.0010787" startTime="2023-12-22T09:34:18.1471007+01:00" endTime="2023-12-22T09:34:18.1471007+01:00" testType="13cdc9d9-ddb5-4fa4-a97d-d965ccfc6d4b" outcome="Passed" testListId="8c84fa94-04c1-424b-9868-57a2d4851a1d" relativeResultsDirectory="90847c14-24d7-4eee-bc16-8266b4458302" />
    <UnitTestResult executionId="86c2c11b-aceb-4c46-9651-fbab31eb2c38" testId="b150fd40-8fd5-4f50-b0d3-b010352b71b0" testName="TestCreate_MapClientToken_Success" computerName="DKSR-EFI-04" duration="00:00:00.0014716" startTime="2023-12-22T09:34:18.2096015+01:00" endTime="2023-12-22T09:34:18.2096015+01:00" testType="13cdc9d9-ddb5-4fa4-a97d-d965ccfc6d4b" outcome="Passed" testListId="8c84fa94-04c1-424b-9868-57a2d4851a1d" relativeResultsDirectory="86c2c11b-aceb-4c46-9651-fbab31eb2c38" />
    <UnitTestResult executionId="dfd1a88f-4b8a-4342-9a4e-49a1dd2b27d5" testId="049748b8-6670-1088-9496-4788b78a2e7a" testName="TestCreate_NoLoginSettings_Fail" computerName="DKSR-EFI-04" duration="00:00:00.0012366" startTime="2023-12-22T09:34:18.1158482+01:00" endTime="2023-12-22T09:34:18.1158482+01:00" testType="13cdc9d9-ddb5-4fa4-a97d-d965ccfc6d4b" outcome="Passed" testListId="8c84fa94-04c1-424b-9868-57a2d4851a1d" relativeResultsDirectory="dfd1a88f-4b8a-4342-9a4e-49a1dd2b27d5" />
    <UnitTestResult executionId="6ad6b9d4-8a5f-4b90-943c-26d625290233" testId="1128ef33-69a7-44b6-ddd9-21c75fcd7aff" testName="TestClient_Success" computerName="DKSR-EFI-04" duration="00:00:00.0046716" startTime="2023-12-22T09:34:18.3033507+01:00" endTime="2023-12-22T09:34:18.3033507+01:00" testType="13cdc9d9-ddb5-4fa4-a97d-d965ccfc6d4b" outcome="Passed" testListId="8c84fa94-04c1-424b-9868-57a2d4851a1d" relativeResultsDirectory="6ad6b9d4-8a5f-4b90-943c-26d625290233" />
    <UnitTestResult executionId="416d16c7-450b-4071-abb4-abf5e47813d2" testId="795b9fea-9078-d1be-78c7-3b06bc31f337" testName="TestGetClient_WithNoServerRegistered_Fail" computerName="DKSR-EFI-04" duration="00:00:00.0020714" startTime="2023-12-22T09:34:17.7877228+01:00" endTime="2023-12-22T09:34:17.7877228+01:00" testType="13cdc9d9-ddb5-4fa4-a97d-d965ccfc6d4b" outcome="Passed" testListId="8c84fa94-04c1-424b-9868-57a2d4851a1d" relativeResultsDirectory="416d16c7-450b-4071-abb4-abf5e47813d2" />
    <UnitTestResult executionId="ddd90a6f-7897-41ed-86b4-7409c1786703" testId="bf89cece-7d3d-ace8-faa0-020674acc270" testName="TestClose_MultipleClient_Success" computerName="DKSR-EFI-04" duration="00:00:00.0025077" startTime="2023-12-22T09:34:17.6002227+01:00" endTime="2023-12-22T09:34:17.6002227+01:00" testType="13cdc9d9-ddb5-4fa4-a97d-d965ccfc6d4b" outcome="Passed" testListId="8c84fa94-04c1-424b-9868-57a2d4851a1d" relativeResultsDirectory="ddd90a6f-7897-41ed-86b4-7409c1786703" />
    <UnitTestResult executionId="48f1c032-9cd4-4654-9832-e582bf667604" testId="07f271fb-d2cb-9e9f-9f70-77f5cf5e4af1" testName="TestClose_CloseOnce_Success" computerName="DKSR-EFI-04" duration="00:00:00.0028764" startTime="2023-12-22T09:34:17.6939730+01:00" endTime="2023-12-22T09:34:17.6939730+01:00" testType="13cdc9d9-ddb5-4fa4-a97d-d965ccfc6d4b" outcome="Passed" testListId="8c84fa94-04c1-424b-9868-57a2d4851a1d" relativeResultsDirectory="48f1c032-9cd4-4654-9832-e582bf667604" />
    <UnitTestResult executionId="5bb165f9-bad8-4a2c-8035-d1ed758ae5cc" testId="f42ca6c0-67dc-a10d-d997-6812f7e2d519" testName="TestHandleFaultException_MapCommandInvalidAuthenticationException_Success" computerName="DKSR-EFI-04" duration="00:00:00.0005322" startTime="2023-12-22T09:34:18.4127266+01:00" endTime="2023-12-22T09:34:18.4283506+01:00" testType="13cdc9d9-ddb5-4fa4-a97d-d965ccfc6d4b" outcome="Passed" testListId="8c84fa94-04c1-424b-9868-57a2d4851a1d" relativeResultsDirectory="5bb165f9-bad8-4a2c-8035-d1ed758ae5cc" />
    <UnitTestResult executionId="941953b5-9e78-4076-ae71-e9d959160122" testId="a1c74613-d16f-0d2c-35bb-83eea882628f" testName="TestGetClient_WithNoServerRegisteredWithEmptyURIArrayAsNull_Fail" computerName="DKSR-EFI-04" duration="00:00:00.0019634" startTime="2023-12-22T09:34:17.5845984+01:00" endTime="2023-12-22T09:34:17.5845984+01:00" testType="13cdc9d9-ddb5-4fa4-a97d-d965ccfc6d4b" outcome="Passed" testListId="8c84fa94-04c1-424b-9868-57a2d4851a1d" relativeResultsDirectory="941953b5-9e78-4076-ae71-e9d959160122" />
    <UnitTestResult executionId="72b85da7-9bf3-4fcc-a404-e4536b5e80e6" testId="cdb06d51-5e3a-83bc-75ce-5e6d4c141fea" testName="TestGetClient_WithNoServerRegisteredWithEmptyURIArray_Fail" computerName="DKSR-EFI-04" duration="00:00:00.0018791" startTime="2023-12-22T09:34:17.6939730+01:00" endTime="2023-12-22T09:34:17.6939730+01:00" testType="13cdc9d9-ddb5-4fa4-a97d-d965ccfc6d4b" outcome="Passed" testListId="8c84fa94-04c1-424b-9868-57a2d4851a1d" relativeResultsDirectory="72b85da7-9bf3-4fcc-a404-e4536b5e80e6" />
    <UnitTestResult executionId="b9ecafa6-74e5-4a90-acc0-09302e65fe42" testId="c544273e-7644-ffb6-cdfa-9dc7ce6604ad" testName="TestHandleFaultException_MapCommandLayerAlreadyExistsException_WithLayerId_Success" computerName="DKSR-EFI-04" duration="00:00:00.0045271" startTime="2023-12-22T09:34:18.4283506+01:00" endTime="2023-12-22T09:34:18.4283506+01:00" testType="13cdc9d9-ddb5-4fa4-a97d-d965ccfc6d4b" outcome="Passed" testListId="8c84fa94-04c1-424b-9868-57a2d4851a1d" relativeResultsDirectory="b9ecafa6-74e5-4a90-acc0-09302e65fe42" />
    <UnitTestResult executionId="88206f1a-6df1-4ea0-a225-35c3d532b3d8" testId="fe50b1b4-f0b7-fe64-e701-17617ce46e93" testName="TestGetClient_WithNoServerRegisteredAsNull_Fail" computerName="DKSR-EFI-04" duration="00:00:00.0018252" startTime="2023-12-22T09:34:17.3814702+01:00" endTime="2023-12-22T09:34:17.3814702+01:00" testType="13cdc9d9-ddb5-4fa4-a97d-d965ccfc6d4b" outcome="Passed" testListId="8c84fa94-04c1-424b-9868-57a2d4851a1d" relativeResultsDirectory="88206f1a-6df1-4ea0-a225-35c3d532b3d8" />
    <UnitTestResult executionId="1cebb5dd-696f-4c5a-9272-d52ced81c615" testId="89129fd7-c611-5143-8d7f-7c6c9ada0635" testName="TestAsyncClient_Success" computerName="DKSR-EFI-04" duration="00:00:00.0042917" startTime="2023-12-22T09:34:18.5533520+01:00" endTime="2023-12-22T09:34:18.5533520+01:00" testType="13cdc9d9-ddb5-4fa4-a97d-d965ccfc6d4b" outcome="Passed" testListId="8c84fa94-04c1-424b-9868-57a2d4851a1d" relativeResultsDirectory="1cebb5dd-696f-4c5a-9272-d52ced81c615" />
    <UnitTestResult executionId="dee09c4c-3713-4a3b-906a-c7e3b14ebb4a" testId="9b35df8e-bca4-a11c-8112-c0cc117259b6" testName="TestClose_MultipleClient_Success" computerName="DKSR-EFI-04" duration="00:00:00.0026255" startTime="2023-12-22T09:34:17.8189737+01:00" endTime="2023-12-22T09:34:17.8189737+01:00" testType="13cdc9d9-ddb5-4fa4-a97d-d965ccfc6d4b" outcome="Passed" testListId="8c84fa94-04c1-424b-9868-57a2d4851a1d" relativeResultsDirectory="dee09c4c-3713-4a3b-906a-c7e3b14ebb4a" />
    <UnitTestResult executionId="0eb94151-a655-4a0a-826a-c90f533d474f" testId="867f0bc1-b429-0e92-4599-2bd4af570f6e" testName="TestCreate_RepositoryClientCredentials_Success" computerName="DKSR-EFI-04" duration="00:00:00.0044835" startTime="2023-12-22T09:34:18.1002245+01:00" endTime="2023-12-22T09:34:18.1158482+01:00" testType="13cdc9d9-ddb5-4fa4-a97d-d965ccfc6d4b" outcome="Passed" testListId="8c84fa94-04c1-424b-9868-57a2d4851a1d" relativeResultsDirectory="0eb94151-a655-4a0a-826a-c90f533d474f" />
    <UnitTestResult executionId="f7fb597f-f513-4327-af2d-e7e822dea201" testId="57a40cc7-5f0f-c55d-7f7b-b4a793aee2bd" testName="TestGetClient_WithNoServerRegisteredAsNull_Fail" computerName="DKSR-EFI-04" duration="00:00:00.0018068" startTime="2023-12-22T09:34:17.6783485+01:00" endTime="2023-12-22T09:34:17.6783485+01:00" testType="13cdc9d9-ddb5-4fa4-a97d-d965ccfc6d4b" outcome="Passed" testListId="8c84fa94-04c1-424b-9868-57a2d4851a1d" relativeResultsDirectory="f7fb597f-f513-4327-af2d-e7e822dea201" />
    <UnitTestResult executionId="1bb3fec5-b406-407a-9662-fbc5b5f78a1b" testId="6f6dec80-481d-6b3a-4d7c-666b48e4f210" testName="TestClient_Success" computerName="DKSR-EFI-04" duration="00:00:00.0050028" startTime="2023-12-22T09:34:18.5377275+01:00" endTime="2023-12-22T09:34:18.5377275+01:00" testType="13cdc9d9-ddb5-4fa4-a97d-d965ccfc6d4b" outcome="Passed" testListId="8c84fa94-04c1-424b-9868-57a2d4851a1d" relativeResultsDirectory="1bb3fec5-b406-407a-9662-fbc5b5f78a1b" />
    <UnitTestResult executionId="ddf49fbd-7236-42e5-9c88-14cf2ea76b2e" testId="e273688c-254b-1b9c-2b23-c978142b506b" testName="TestAsyncClient_Success" computerName="DKSR-EFI-04" duration="00:00:00.0273574" startTime="2023-12-22T09:34:18.3502273+01:00" endTime="2023-12-22T09:34:18.3814768+01:00" testType="13cdc9d9-ddb5-4fa4-a97d-d965ccfc6d4b" outcome="Passed" testListId="8c84fa94-04c1-424b-9868-57a2d4851a1d" relativeResultsDirectory="ddf49fbd-7236-42e5-9c88-14cf2ea76b2e" />
    <UnitTestResult executionId="c8030b2a-48ff-44d8-bee4-53daec906d3f" testId="3b8dd9e7-b6e5-e030-3f0b-1551a418af40" testName="TestClose_CloseTwice_Success" computerName="DKSR-EFI-04" duration="00:00:00.0021064" startTime="2023-12-22T09:34:17.3970961+01:00" endTime="2023-12-22T09:34:17.3970961+01:00" testType="13cdc9d9-ddb5-4fa4-a97d-d965ccfc6d4b" outcome="Passed" testListId="8c84fa94-04c1-424b-9868-57a2d4851a1d" relativeResultsDirectory="c8030b2a-48ff-44d8-bee4-53daec906d3f" />
    <UnitTestResult executionId="43db3565-9f29-43b6-aac7-3ec535a0a2f2" testId="98579361-08a5-8ab9-6363-fde696b01f8f" testName="TestClose_CloseOnce_Success" computerName="DKSR-EFI-04" duration="00:00:00.0031997" startTime="2023-12-22T09:34:17.8033478+01:00" endTime="2023-12-22T09:34:17.8033478+01:00" testType="13cdc9d9-ddb5-4fa4-a97d-d965ccfc6d4b" outcome="Passed" testListId="8c84fa94-04c1-424b-9868-57a2d4851a1d" relativeResultsDirectory="43db3565-9f29-43b6-aac7-3ec535a0a2f2" />
  </Results>
  <TestDefinitions>
    <UnitTest name="TestGetClient_GetMultipleClient_Success" storage="d:\actions-runner\_work\xpco\xpco\eventserver\gismapcommunication\dotnet\videoos.gismapcommunication.unittest\bin\debug\videoos.gismapcommunication.unittest.dll" id="39782c18-7f3f-d6f5-b5e4-8c4d7008a323">
      <TestCategory>
        <TestCategoryItem TestCategory="Repository" />
      </TestCategory>
      <Execution id="ca2f777e-d51c-4bcc-860c-8cc7cccec00b" />
      <TestMethod codeBase="D:\actions-runner\_work\XPCO\XPCO\EventServer\GisMapCommunication\dotNet\VideoOS.GisMapCommunication.UnitTest\bin\Debug\VideoOS.GisMapCommunication.UnitTest.dll" adapterTypeName="executor://mstestadapter/v1" className="VideoOS.GisMapCommunication.Repository.UnitTest.RepositoryClientManagerTest" name="TestGetClient_GetMultipleClient_Success" />
    </UnitTest>
    <UnitTest name="Test_GetClient_GetMultipleCachedClient_Success" storage="d:\actions-runner\_work\xpco\xpco\eventserver\gismapcommunication\dotnet\videoos.gismapcommunication.unittest\bin\debug\videoos.gismapcommunication.unittest.dll" id="20d2a16c-2e49-d6a5-e54f-88ccd224ae87">
      <TestCategory>
        <TestCategoryItem TestCategory="Map" />
      </TestCategory>
      <Execution id="6cc0e0fb-82d0-49a1-8058-508275d2ee91" />
      <TestMethod codeBase="D:\actions-runner\_work\XPCO\XPCO\EventServer\GisMapCommunication\dotNet\VideoOS.GisMapCommunication.UnitTest\bin\Debug\VideoOS.GisMapCommunication.UnitTest.dll" adapterTypeName="executor://mstestadapter/v1" className="VideoOS.GisMapCommunication.Map.UnitTest.MapClientManagerTest" name="Test_GetClient_GetMultipleCachedClient_Success" />
    </UnitTest>
    <UnitTest name="TestClient_Success" storage="d:\actions-runner\_work\xpco\xpco\eventserver\gismapcommunication\dotnet\videoos.gismapcommunication.unittest\bin\debug\videoos.gismapcommunication.unittest.dll" id="6f6dec80-481d-6b3a-4d7c-666b48e4f210">
      <Execution id="1bb3fec5-b406-407a-9662-fbc5b5f78a1b" />
      <TestMethod codeBase="D:\actions-runner\_work\XPCO\XPCO\EventServer\GisMapCommunication\dotNet\VideoOS.GisMapCommunication.UnitTest\bin\Debug\VideoOS.GisMapCommunication.UnitTest.dll" adapterTypeName="executor://mstestadapter/v1" className="VideoOS.GisMapCommunication.UnitTest.Building.BuildingClientTokenTest" name="TestClient_Success" />
    </UnitTest>
    <UnitTest name="TestGetClient_GetMultipleClient_Success" storage="d:\actions-runner\_work\xpco\xpco\eventserver\gismapcommunication\dotnet\videoos.gismapcommunication.unittest\bin\debug\videoos.gismapcommunication.unittest.dll" id="e56f1ac4-0129-ec32-ef6e-5b10e44cc558">
      <TestCategory>
        <TestCategoryItem TestCategory="Mip" />
      </TestCategory>
      <Execution id="efc413ce-7ebd-44e1-97b6-57b521a7218a" />
      <TestMethod codeBase="D:\actions-runner\_work\XPCO\XPCO\EventServer\GisMapCommunication\dotNet\VideoOS.GisMapCommunication.UnitTest\bin\Debug\VideoOS.GisMapCommunication.UnitTest.dll" adapterTypeName="executor://mstestadapter/v1" className="VideoOS.GisMapCommunication.Mip.UnitTest.MipClientManagerTest" name="TestGetClient_GetMultipleClient_Success" />
    </UnitTest>
    <UnitTest name="TestClose_MultipleClient_Success" storage="d:\actions-runner\_work\xpco\xpco\eventserver\gismapcommunication\dotnet\videoos.gismapcommunication.unittest\bin\debug\videoos.gismapcommunication.unittest.dll" id="9b35df8e-bca4-a11c-8112-c0cc117259b6">
      <TestCategory>
        <TestCategoryItem TestCategory="Building" />
      </TestCategory>
      <Execution id="dee09c4c-3713-4a3b-906a-c7e3b14ebb4a" />
      <TestMethod codeBase="D:\actions-runner\_work\XPCO\XPCO\EventServer\GisMapCommunication\dotNet\VideoOS.GisMapCommunication.UnitTest\bin\Debug\VideoOS.GisMapCommunication.UnitTest.dll" adapterTypeName="executor://mstestadapter/v1" className="VideoOS.GisMapCommunication.Building.UnitTest.BuildingClientManagerTest" name="TestClose_MultipleClient_Success" />
    </UnitTest>
    <UnitTest name="Test_GetClient_GetMultipleCachedClient_Success" storage="d:\actions-runner\_work\xpco\xpco\eventserver\gismapcommunication\dotnet\videoos.gismapcommunication.unittest\bin\debug\videoos.gismapcommunication.unittest.dll" id="5ba2bda8-4d3a-9687-877a-63744e616178">
      <TestCategory>
        <TestCategoryItem TestCategory="Repository" />
      </TestCategory>
      <Execution id="ec12489f-6daa-40c7-80cf-46ca7ee4da5d" />
      <TestMethod codeBase="D:\actions-runner\_work\XPCO\XPCO\EventServer\GisMapCommunication\dotNet\VideoOS.GisMapCommunication.UnitTest\bin\Debug\VideoOS.GisMapCommunication.UnitTest.dll" adapterTypeName="executor://mstestadapter/v1" className="VideoOS.GisMapCommunication.Repository.UnitTest.RepositoryClientManagerTest" name="Test_GetClient_GetMultipleCachedClient_Success" />
    </UnitTest>
    <UnitTest name="TestGetClient_WithNoServerRegisteredWithEmptyURIArray_Fail" storage="d:\actions-runner\_work\xpco\xpco\eventserver\gismapcommunication\dotnet\videoos.gismapcommunication.unittest\bin\debug\videoos.gismapcommunication.unittest.dll" id="19de2a10-c4a0-fec6-21f1-9442abf6e563">
      <TestCategory>
        <TestCategoryItem TestCategory="Repository" />
      </TestCategory>
      <Execution id="6e4da3fa-7474-42ec-8482-da43407b5bd1" />
      <TestMethod codeBase="D:\actions-runner\_work\XPCO\XPCO\EventServer\GisMapCommunication\dotNet\VideoOS.GisMapCommunication.UnitTest\bin\Debug\VideoOS.GisMapCommunication.UnitTest.dll" adapterTypeName="executor://mstestadapter/v1" className="VideoOS.GisMapCommunication.Repository.UnitTest.RepositoryClientManagerTest" name="TestGetClient_WithNoServerRegisteredWithEmptyURIArray_Fail" />
    </UnitTest>
    <UnitTest name="TestConstructor_Success" storage="d:\actions-runner\_work\xpco\xpco\eventserver\gismapcommunication\dotnet\videoos.gismapcommunication.unittest\bin\debug\videoos.gismapcommunication.unittest.dll" id="320a426a-a5d0-dcb4-bceb-67481c8ba7aa">
      <TestCategory>
        <TestCategoryItem TestCategory="Layer" />
      </TestCategory>
      <Execution id="687064e7-bbcc-4c97-ac0f-342d9904dd7f" />
      <TestMethod codeBase="D:\actions-runner\_work\XPCO\XPCO\EventServer\GisMapCommunication\dotNet\VideoOS.GisMapCommunication.UnitTest\bin\Debug\VideoOS.GisMapCommunication.UnitTest.dll" adapterTypeName="executor://mstestadapter/v1" className="VideoOS.GisMapCommunication.Layer.UnitTest.LayerClientManagerTest" name="TestConstructor_Success" />
    </UnitTest>
    <UnitTest name="Test_GetClient_GetMultipleCachedClient_Success" storage="d:\actions-runner\_work\xpco\xpco\eventserver\gismapcommunication\dotnet\videoos.gismapcommunication.unittest\bin\debug\videoos.gismapcommunication.unittest.dll" id="5a5bb1f6-0f22-b7ea-0835-24553a2676ad">
      <TestCategory>
        <TestCategoryItem TestCategory="Notification" />
      </TestCategory>
      <Execution id="9a26413f-c1ee-4a9e-83a1-39f1246a3d06" />
      <TestMethod codeBase="D:\actions-runner\_work\XPCO\XPCO\EventServer\GisMapCommunication\dotNet\VideoOS.GisMapCommunication.UnitTest\bin\Debug\VideoOS.GisMapCommunication.UnitTest.dll" adapterTypeName="executor://mstestadapter/v1" className="VideoOS.GisMapCommunication.Notification.UnitTest.NotificationClientManagerTest" name="Test_GetClient_GetMultipleCachedClient_Success" />
    </UnitTest>
    <UnitTest name="TestClose_CloseOnce_Success" storage="d:\actions-runner\_work\xpco\xpco\eventserver\gismapcommunication\dotnet\videoos.gismapcommunication.unittest\bin\debug\videoos.gismapcommunication.unittest.dll" id="2e1f3abd-e055-ab5b-d48e-3fcd2e20ee01">
      <TestCategory>
        <TestCategoryItem TestCategory="Notification" />
      </TestCategory>
      <Execution id="690798b3-2962-4aae-9605-5c5842bae779" />
      <TestMethod codeBase="D:\actions-runner\_work\XPCO\XPCO\EventServer\GisMapCommunication\dotNet\VideoOS.GisMapCommunication.UnitTest\bin\Debug\VideoOS.GisMapCommunication.UnitTest.dll" adapterTypeName="executor://mstestadapter/v1" className="VideoOS.GisMapCommunication.Notification.UnitTest.NotificationClientManagerTest" name="TestClose_CloseOnce_Success" />
    </UnitTest>
    <UnitTest name="Test_GetClient_GetMultipleCachedClientWithDifferentReceiveTimeouts_Success" storage="d:\actions-runner\_work\xpco\xpco\eventserver\gismapcommunication\dotnet\videoos.gismapcommunication.unittest\bin\debug\videoos.gismapcommunication.unittest.dll" id="b4a782d3-a9d2-9004-5d4c-1f27fa850701">
      <TestCategory>
        <TestCategoryItem TestCategory="Item" />
      </TestCategory>
      <Execution id="16c28958-4246-46cb-b040-beff712e341a" />
      <TestMethod codeBase="D:\actions-runner\_work\XPCO\XPCO\EventServer\GisMapCommunication\dotNet\VideoOS.GisMapCommunication.UnitTest\bin\Debug\VideoOS.GisMapCommunication.UnitTest.dll" adapterTypeName="executor://mstestadapter/v1" className="VideoOS.GisMapCommunication.Item.UnitTest.ItemClientManagerTest" name="Test_GetClient_GetMultipleCachedClientWithDifferentReceiveTimeouts_Success" />
    </UnitTest>
    <UnitTest name="TestClose_CloseTwice_Success" storage="d:\actions-runner\_work\xpco\xpco\eventserver\gismapcommunication\dotnet\videoos.gismapcommunication.unittest\bin\debug\videoos.gismapcommunication.unittest.dll" id="dbfabd2d-843e-0c09-c42b-4536b0c2aa06">
      <TestCategory>
        <TestCategoryItem TestCategory="Building" />
      </TestCategory>
      <Execution id="4ea1bc05-362c-47b1-aa64-03a4c1370221" />
      <TestMethod codeBase="D:\actions-runner\_work\XPCO\XPCO\EventServer\GisMapCommunication\dotNet\VideoOS.GisMapCommunication.UnitTest\bin\Debug\VideoOS.GisMapCommunication.UnitTest.dll" adapterTypeName="executor://mstestadapter/v1" className="VideoOS.GisMapCommunication.Building.UnitTest.BuildingClientManagerTest" name="TestClose_CloseTwice_Success" />
    </UnitTest>
    <UnitTest name="TestGetClient_WithNoServerRegisteredWithEmptyURIArray_Fail" storage="d:\actions-runner\_work\xpco\xpco\eventserver\gismapcommunication\dotnet\videoos.gismapcommunication.unittest\bin\debug\videoos.gismapcommunication.unittest.dll" id="f939d57d-320e-d55d-e6d0-3b2f2b6eabb1">
      <TestCategory>
        <TestCategoryItem TestCategory="Map" />
      </TestCategory>
      <Execution id="34e2dc1d-eed2-4370-8f0c-63747275bc6a" />
      <TestMethod codeBase="D:\actions-runner\_work\XPCO\XPCO\EventServer\GisMapCommunication\dotNet\VideoOS.GisMapCommunication.UnitTest\bin\Debug\VideoOS.GisMapCommunication.UnitTest.dll" adapterTypeName="executor://mstestadapter/v1" className="VideoOS.GisMapCommunication.Map.UnitTest.MapClientManagerTest" name="TestGetClient_WithNoServerRegisteredWithEmptyURIArray_Fail" />
    </UnitTest>
    <UnitTest name="TestGetClient_WithNoServerRegisteredWithEmptyURIArrayAsNull_Fail" storage="d:\actions-runner\_work\xpco\xpco\eventserver\gismapcommunication\dotnet\videoos.gismapcommunication.unittest\bin\debug\videoos.gismapcommunication.unittest.dll" id="a1c74613-d16f-0d2c-35bb-83eea882628f">
      <TestCategory>
        <TestCategoryItem TestCategory="Layer" />
      </TestCategory>
      <Execution id="941953b5-9e78-4076-ae71-e9d959160122" />
      <TestMethod codeBase="D:\actions-runner\_work\XPCO\XPCO\EventServer\GisMapCommunication\dotNet\VideoOS.GisMapCommunication.UnitTest\bin\Debug\VideoOS.GisMapCommunication.UnitTest.dll" adapterTypeName="executor://mstestadapter/v1" className="VideoOS.GisMapCommunication.Layer.UnitTest.LayerClientManagerTest" name="TestGetClient_WithNoServerRegisteredWithEmptyURIArrayAsNull_Fail" />
    </UnitTest>
    <UnitTest name="TestClient_Success" storage="d:\actions-runner\_work\xpco\xpco\eventserver\gismapcommunication\dotnet\videoos.gismapcommunication.unittest\bin\debug\videoos.gismapcommunication.unittest.dll" id="1128ef33-69a7-44b6-ddd9-21c75fcd7aff">
      <Execution id="6ad6b9d4-8a5f-4b90-943c-26d625290233" />
      <TestMethod codeBase="D:\actions-runner\_work\XPCO\XPCO\EventServer\GisMapCommunication\dotNet\VideoOS.GisMapCommunication.UnitTest\bin\Debug\VideoOS.GisMapCommunication.UnitTest.dll" adapterTypeName="executor://mstestadapter/v1" className="VideoOS.GisMapCommunication.UnitTest.Layer.LayerClientTokenTest" name="TestClient_Success" />
    </UnitTest>
    <UnitTest name="TestClose_CloseTwice_Success" storage="d:\actions-runner\_work\xpco\xpco\eventserver\gismapcommunication\dotnet\videoos.gismapcommunication.unittest\bin\debug\videoos.gismapcommunication.unittest.dll" id="bb2c4cd5-b17a-afb9-6a31-6ad7e915d8d8">
      <TestCategory>
        <TestCategoryItem TestCategory="Repository" />
      </TestCategory>
      <Execution id="9374b366-6058-49a1-861c-5670519068a9" />
      <TestMethod codeBase="D:\actions-runner\_work\XPCO\XPCO\EventServer\GisMapCommunication\dotNet\VideoOS.GisMapCommunication.UnitTest\bin\Debug\VideoOS.GisMapCommunication.UnitTest.dll" adapterTypeName="executor://mstestadapter/v1" className="VideoOS.GisMapCommunication.Repository.UnitTest.RepositoryClientManagerTest" name="TestClose_CloseTwice_Success" />
    </UnitTest>
    <UnitTest name="TestClose_MultipleClient_Success" storage="d:\actions-runner\_work\xpco\xpco\eventserver\gismapcommunication\dotnet\videoos.gismapcommunication.unittest\bin\debug\videoos.gismapcommunication.unittest.dll" id="149fecca-a129-48dc-75fc-83fe579b40c4">
      <TestCategory>
        <TestCategoryItem TestCategory="Notification" />
      </TestCategory>
      <Execution id="eeb6f33b-dd51-4f51-be47-a5db0bfc5523" />
      <TestMethod codeBase="D:\actions-runner\_work\XPCO\XPCO\EventServer\GisMapCommunication\dotNet\VideoOS.GisMapCommunication.UnitTest\bin\Debug\VideoOS.GisMapCommunication.UnitTest.dll" adapterTypeName="executor://mstestadapter/v1" className="VideoOS.GisMapCommunication.Notification.UnitTest.NotificationClientManagerTest" name="TestClose_MultipleClient_Success" />
    </UnitTest>
    <UnitTest name="TestGetClient_WithNoServerRegisteredWithEmptyURIArrayAsNull_Fail" storage="d:\actions-runner\_work\xpco\xpco\eventserver\gismapcommunication\dotnet\videoos.gismapcommunication.unittest\bin\debug\videoos.gismapcommunication.unittest.dll" id="24c95a14-708b-1c8f-1dbb-29c96f2e47ab">
      <TestCategory>
        <TestCategoryItem TestCategory="Mip" />
      </TestCategory>
      <Execution id="d5f489fe-698d-4e91-bf1e-311d86565f9d" />
      <TestMethod codeBase="D:\actions-runner\_work\XPCO\XPCO\EventServer\GisMapCommunication\dotNet\VideoOS.GisMapCommunication.UnitTest\bin\Debug\VideoOS.GisMapCommunication.UnitTest.dll" adapterTypeName="executor://mstestadapter/v1" className="VideoOS.GisMapCommunication.Mip.UnitTest.MipClientManagerTest" name="TestGetClient_WithNoServerRegisteredWithEmptyURIArrayAsNull_Fail" />
    </UnitTest>
    <UnitTest name="TestGetClient_WithNoServerRegisteredWithEmptyURIArray_Fail" storage="d:\actions-runner\_work\xpco\xpco\eventserver\gismapcommunication\dotnet\videoos.gismapcommunication.unittest\bin\debug\videoos.gismapcommunication.unittest.dll" id="22278587-5493-112d-a3db-dcacbea13df5">
      <TestCategory>
        <TestCategoryItem TestCategory="Layer" />
      </TestCategory>
      <Execution id="410a3d68-9fde-47b9-9a7f-ca15bb2e13d7" />
      <TestMethod codeBase="D:\actions-runner\_work\XPCO\XPCO\EventServer\GisMapCommunication\dotNet\VideoOS.GisMapCommunication.UnitTest\bin\Debug\VideoOS.GisMapCommunication.UnitTest.dll" adapterTypeName="executor://mstestadapter/v1" className="VideoOS.GisMapCommunication.Layer.UnitTest.LayerClientManagerTest" name="TestGetClient_WithNoServerRegisteredWithEmptyURIArray_Fail" />
    </UnitTest>
    <UnitTest name="TestGetClient_WithNoServerRegistered_Fail" storage="d:\actions-runner\_work\xpco\xpco\eventserver\gismapcommunication\dotnet\videoos.gismapcommunication.unittest\bin\debug\videoos.gismapcommunication.unittest.dll" id="ce5f1f0c-c720-9d05-a6c1-7d68693ccce2">
      <TestCategory>
        <TestCategoryItem TestCategory="Repository" />
      </TestCategory>
      <Execution id="e3a9eff6-dfc6-4f68-b3f2-141f35b8596e" />
      <TestMethod codeBase="D:\actions-runner\_work\XPCO\XPCO\EventServer\GisMapCommunication\dotNet\VideoOS.GisMapCommunication.UnitTest\bin\Debug\VideoOS.GisMapCommunication.UnitTest.dll" adapterTypeName="executor://mstestadapter/v1" className="VideoOS.GisMapCommunication.Repository.UnitTest.RepositoryClientManagerTest" name="TestGetClient_WithNoServerRegistered_Fail" />
    </UnitTest>
    <UnitTest name="TestCreate_NoLoginSettings_Fail" storage="d:\actions-runner\_work\xpco\xpco\eventserver\gismapcommunication\dotnet\videoos.gismapcommunication.unittest\bin\debug\videoos.gismapcommunication.unittest.dll" id="8961670c-634b-2a4a-f372-b9833f43cd6f">
      <TestCategory>
        <TestCategoryItem TestCategory="Notification" />
      </TestCategory>
      <Execution id="559fc90c-c8b9-4904-a59c-85dee0bfb4c4" />
      <TestMethod codeBase="D:\actions-runner\_work\XPCO\XPCO\EventServer\GisMapCommunication\dotNet\VideoOS.GisMapCommunication.UnitTest\bin\Debug\VideoOS.GisMapCommunication.UnitTest.dll" adapterTypeName="executor://mstestadapter/v1" className="VideoOS.GisMapCommunication.UnitTest.Notification.NotificationClientFactoryTest" name="TestCreate_NoLoginSettings_Fail" />
    </UnitTest>
    <UnitTest name="TestCreate_MapClientToken_Success" storage="d:\actions-runner\_work\xpco\xpco\eventserver\gismapcommunication\dotnet\videoos.gismapcommunication.unittest\bin\debug\videoos.gismapcommunication.unittest.dll" id="b150fd40-8fd5-4f50-b0d3-b010352b71b0">
      <TestCategory>
        <TestCategoryItem TestCategory="Map" />
      </TestCategory>
      <Execution id="86c2c11b-aceb-4c46-9651-fbab31eb2c38" />
      <TestMethod codeBase="D:\actions-runner\_work\XPCO\XPCO\EventServer\GisMapCommunication\dotNet\VideoOS.GisMapCommunication.UnitTest\bin\Debug\VideoOS.GisMapCommunication.UnitTest.dll" adapterTypeName="executor://mstestadapter/v1" className="VideoOS.GisMapCommunication.UnitTest.Map.MapClientFactoryTest" name="TestCreate_MapClientToken_Success" />
    </UnitTest>
    <UnitTest name="TestCreate_LayerClientToken_Success" storage="d:\actions-runner\_work\xpco\xpco\eventserver\gismapcommunication\dotnet\videoos.gismapcommunication.unittest\bin\debug\videoos.gismapcommunication.unittest.dll" id="1ff6afac-c1a6-8ca3-1bd3-5eef3a2017d7">
      <TestCategory>
        <TestCategoryItem TestCategory="Layer" />
      </TestCategory>
      <Execution id="a01714a5-6faf-4b83-8b22-b934d1985a2f" />
      <TestMethod codeBase="D:\actions-runner\_work\XPCO\XPCO\EventServer\GisMapCommunication\dotNet\VideoOS.GisMapCommunication.UnitTest\bin\Debug\VideoOS.GisMapCommunication.UnitTest.dll" adapterTypeName="executor://mstestadapter/v1" className="VideoOS.GisMapCommunication.UnitTest.Layer.LayerClientFactoryTest" name="TestCreate_LayerClientToken_Success" />
    </UnitTest>
    <UnitTest name="TestGetClient_WithNoServerRegisteredWithEmptyURIArray_Fail" storage="d:\actions-runner\_work\xpco\xpco\eventserver\gismapcommunication\dotnet\videoos.gismapcommunication.unittest\bin\debug\videoos.gismapcommunication.unittest.dll" id="80f28fb3-e277-e4ce-3415-58969e3a6803">
      <TestCategory>
        <TestCategoryItem TestCategory="Mip" />
      </TestCategory>
      <Execution id="d60dbe6a-a1cb-4b99-a1e6-2ca4db84d8b4" />
      <TestMethod codeBase="D:\actions-runner\_work\XPCO\XPCO\EventServer\GisMapCommunication\dotNet\VideoOS.GisMapCommunication.UnitTest\bin\Debug\VideoOS.GisMapCommunication.UnitTest.dll" adapterTypeName="executor://mstestadapter/v1" className="VideoOS.GisMapCommunication.Mip.UnitTest.MipClientManagerTest" name="TestGetClient_WithNoServerRegisteredWithEmptyURIArray_Fail" />
    </UnitTest>
    <UnitTest name="TestGetClient_GetNonCachedClient_Success" storage="d:\actions-runner\_work\xpco\xpco\eventserver\gismapcommunication\dotnet\videoos.gismapcommunication.unittest\bin\debug\videoos.gismapcommunication.unittest.dll" id="96fab864-973b-f3de-c0ed-ef6d1b1b5a12">
      <TestCategory>
        <TestCategoryItem TestCategory="Mip" />
      </TestCategory>
      <Execution id="af324361-3728-4b32-9fe6-9843e633dd33" />
      <TestMethod codeBase="D:\actions-runner\_work\XPCO\XPCO\EventServer\GisMapCommunication\dotNet\VideoOS.GisMapCommunication.UnitTest\bin\Debug\VideoOS.GisMapCommunication.UnitTest.dll" adapterTypeName="executor://mstestadapter/v1" className="VideoOS.GisMapCommunication.Mip.UnitTest.MipClientManagerTest" name="TestGetClient_GetNonCachedClient_Success" />
    </UnitTest>
    <UnitTest name="TestClose_CloseTwice_Success" storage="d:\actions-runner\_work\xpco\xpco\eventserver\gismapcommunication\dotnet\videoos.gismapcommunication.unittest\bin\debug\videoos.gismapcommunication.unittest.dll" id="3b8dd9e7-b6e5-e030-3f0b-1551a418af40">
      <TestCategory>
        <TestCategoryItem TestCategory="Mip" />
      </TestCategory>
      <Execution id="c8030b2a-48ff-44d8-bee4-53daec906d3f" />
      <TestMethod codeBase="D:\actions-runner\_work\XPCO\XPCO\EventServer\GisMapCommunication\dotNet\VideoOS.GisMapCommunication.UnitTest\bin\Debug\VideoOS.GisMapCommunication.UnitTest.dll" adapterTypeName="executor://mstestadapter/v1" className="VideoOS.GisMapCommunication.Mip.UnitTest.MipClientManagerTest" name="TestClose_CloseTwice_Success" />
    </UnitTest>
    <UnitTest name="TestGetClient_WithNoServerRegistered_Fail" storage="d:\actions-runner\_work\xpco\xpco\eventserver\gismapcommunication\dotnet\videoos.gismapcommunication.unittest\bin\debug\videoos.gismapcommunication.unittest.dll" id="754cbf92-b660-8a9a-459e-c20b7a381570">
      <TestCategory>
        <TestCategoryItem TestCategory="Mip" />
      </TestCategory>
      <Execution id="854714b5-75ba-4404-8a0e-f46769c05d23" />
      <TestMethod codeBase="D:\actions-runner\_work\XPCO\XPCO\EventServer\GisMapCommunication\dotNet\VideoOS.GisMapCommunication.UnitTest\bin\Debug\VideoOS.GisMapCommunication.UnitTest.dll" adapterTypeName="executor://mstestadapter/v1" className="VideoOS.GisMapCommunication.Mip.UnitTest.MipClientManagerTest" name="TestGetClient_WithNoServerRegistered_Fail" />
    </UnitTest>
    <UnitTest name="Test_GetClient_GetMultipleCachedClient_Success" storage="d:\actions-runner\_work\xpco\xpco\eventserver\gismapcommunication\dotnet\videoos.gismapcommunication.unittest\bin\debug\videoos.gismapcommunication.unittest.dll" id="66d2776f-8f38-bf3b-9dd1-d885b5396470">
      <TestCategory>
        <TestCategoryItem TestCategory="Building" />
      </TestCategory>
      <Execution id="7e145c16-2ecd-496c-8b67-820203c5d33b" />
      <TestMethod codeBase="D:\actions-runner\_work\XPCO\XPCO\EventServer\GisMapCommunication\dotNet\VideoOS.GisMapCommunication.UnitTest\bin\Debug\VideoOS.GisMapCommunication.UnitTest.dll" adapterTypeName="executor://mstestadapter/v1" className="VideoOS.GisMapCommunication.Building.UnitTest.BuildingClientManagerTest" name="Test_GetClient_GetMultipleCachedClient_Success" />
    </UnitTest>
    <UnitTest name="TestClient_Success" storage="d:\actions-runner\_work\xpco\xpco\eventserver\gismapcommunication\dotnet\videoos.gismapcommunication.unittest\bin\debug\videoos.gismapcommunication.unittest.dll" id="2d150f50-8921-0cbc-2c6d-ba2e152cce2b">
      <Execution id="59751ab3-301a-414f-8dbe-ec6dd9933c32" />
      <TestMethod codeBase="D:\actions-runner\_work\XPCO\XPCO\EventServer\GisMapCommunication\dotNet\VideoOS.GisMapCommunication.UnitTest\bin\Debug\VideoOS.GisMapCommunication.UnitTest.dll" adapterTypeName="executor://mstestadapter/v1" className="VideoOS.GisMapCommunication.UnitTest.Map.MapClientTokenTest" name="TestClient_Success" />
    </UnitTest>
    <UnitTest name="TestMapClientCredentials_Success" storage="d:\actions-runner\_work\xpco\xpco\eventserver\gismapcommunication\dotnet\videoos.gismapcommunication.unittest\bin\debug\videoos.gismapcommunication.unittest.dll" id="19801632-b31b-0674-f86c-fb3899cf947a">
      <Execution id="72d41d0f-71b4-452f-940d-afe3fd226193" />
      <TestMethod codeBase="D:\actions-runner\_work\XPCO\XPCO\EventServer\GisMapCommunication\dotNet\VideoOS.GisMapCommunication.UnitTest\bin\Debug\VideoOS.GisMapCommunication.UnitTest.dll" adapterTypeName="executor://mstestadapter/v1" className="VideoOS.GisMapCommunication.UnitTest.Map.MapClientCredentialsTest" name="TestMapClientCredentials_Success" />
    </UnitTest>
    <UnitTest name="TestGetClient_WithNoServerRegisteredWithEmptyURIArrayAsNull_Fail" storage="d:\actions-runner\_work\xpco\xpco\eventserver\gismapcommunication\dotnet\videoos.gismapcommunication.unittest\bin\debug\videoos.gismapcommunication.unittest.dll" id="a1a53dab-734e-5620-9bf8-ba2d1209fb91">
      <TestCategory>
        <TestCategoryItem TestCategory="Repository" />
      </TestCategory>
      <Execution id="83088857-91a1-4fc3-ad7f-a1ee39809427" />
      <TestMethod codeBase="D:\actions-runner\_work\XPCO\XPCO\EventServer\GisMapCommunication\dotNet\VideoOS.GisMapCommunication.UnitTest\bin\Debug\VideoOS.GisMapCommunication.UnitTest.dll" adapterTypeName="executor://mstestadapter/v1" className="VideoOS.GisMapCommunication.Repository.UnitTest.RepositoryClientManagerTest" name="TestGetClient_WithNoServerRegisteredWithEmptyURIArrayAsNull_Fail" />
    </UnitTest>
    <UnitTest name="TestCreate_BuildingClientCredentials_Success" storage="d:\actions-runner\_work\xpco\xpco\eventserver\gismapcommunication\dotnet\videoos.gismapcommunication.unittest\bin\debug\videoos.gismapcommunication.unittest.dll" id="affc2e36-fa99-a863-dd65-ad6efa4c9c1e">
      <TestCategory>
        <TestCategoryItem TestCategory="Building" />
      </TestCategory>
      <Execution id="603c1a06-2cc6-4e6c-a240-b788c633127f" />
      <TestMethod codeBase="D:\actions-runner\_work\XPCO\XPCO\EventServer\GisMapCommunication\dotNet\VideoOS.GisMapCommunication.UnitTest\bin\Debug\VideoOS.GisMapCommunication.UnitTest.dll" adapterTypeName="executor://mstestadapter/v1" className="VideoOS.GisMapCommunication.UnitTest.Building.BuildingClientFactoryTest" name="TestCreate_BuildingClientCredentials_Success" />
    </UnitTest>
    <UnitTest name="TestClose_CloseOnce_Success" storage="d:\actions-runner\_work\xpco\xpco\eventserver\gismapcommunication\dotnet\videoos.gismapcommunication.unittest\bin\debug\videoos.gismapcommunication.unittest.dll" id="29feba56-d6c8-211a-a093-ed50305b18e3">
      <TestCategory>
        <TestCategoryItem TestCategory="Map" />
      </TestCategory>
      <Execution id="92ce2b76-86b6-4537-b209-7ac7c57ae548" />
      <TestMethod codeBase="D:\actions-runner\_work\XPCO\XPCO\EventServer\GisMapCommunication\dotNet\VideoOS.GisMapCommunication.UnitTest\bin\Debug\VideoOS.GisMapCommunication.UnitTest.dll" adapterTypeName="executor://mstestadapter/v1" className="VideoOS.GisMapCommunication.Map.UnitTest.MapClientManagerTest" name="TestClose_CloseOnce_Success" />
    </UnitTest>
    <UnitTest name="TestGetClient_WithNoServerRegisteredWithEmptyURIArray_Fail" storage="d:\actions-runner\_work\xpco\xpco\eventserver\gismapcommunication\dotnet\videoos.gismapcommunication.unittest\bin\debug\videoos.gismapcommunication.unittest.dll" id="cdb06d51-5e3a-83bc-75ce-5e6d4c141fea">
      <TestCategory>
        <TestCategoryItem TestCategory="Item" />
      </TestCategory>
      <Execution id="72b85da7-9bf3-4fcc-a404-e4536b5e80e6" />
      <TestMethod codeBase="D:\actions-runner\_work\XPCO\XPCO\EventServer\GisMapCommunication\dotNet\VideoOS.GisMapCommunication.UnitTest\bin\Debug\VideoOS.GisMapCommunication.UnitTest.dll" adapterTypeName="executor://mstestadapter/v1" className="VideoOS.GisMapCommunication.Item.UnitTest.ItemClientManagerTest" name="TestGetClient_WithNoServerRegisteredWithEmptyURIArray_Fail" />
    </UnitTest>
    <UnitTest name="TestClose_MultipleClient_Success" storage="d:\actions-runner\_work\xpco\xpco\eventserver\gismapcommunication\dotnet\videoos.gismapcommunication.unittest\bin\debug\videoos.gismapcommunication.unittest.dll" id="ef80f1ba-c12d-fe26-e252-1f001124785f">
      <TestCategory>
        <TestCategoryItem TestCategory="Mip" />
      </TestCategory>
      <Execution id="6ae09389-7354-4d65-b38c-5fff7ed5d7fc" />
      <TestMethod codeBase="D:\actions-runner\_work\XPCO\XPCO\EventServer\GisMapCommunication\dotNet\VideoOS.GisMapCommunication.UnitTest\bin\Debug\VideoOS.GisMapCommunication.UnitTest.dll" adapterTypeName="executor://mstestadapter/v1" className="VideoOS.GisMapCommunication.Mip.UnitTest.MipClientManagerTest" name="TestClose_MultipleClient_Success" />
    </UnitTest>
    <UnitTest name="TestCreate_BuildingClientToken_Success" storage="d:\actions-runner\_work\xpco\xpco\eventserver\gismapcommunication\dotnet\videoos.gismapcommunication.unittest\bin\debug\videoos.gismapcommunication.unittest.dll" id="36806724-ee3d-97f0-e1f8-b3970fe2685a">
      <TestCategory>
        <TestCategoryItem TestCategory="Building" />
      </TestCategory>
      <Execution id="9a49e585-dfd8-4f5d-91a6-81751b73ab8e" />
      <TestMethod codeBase="D:\actions-runner\_work\XPCO\XPCO\EventServer\GisMapCommunication\dotNet\VideoOS.GisMapCommunication.UnitTest\bin\Debug\VideoOS.GisMapCommunication.UnitTest.dll" adapterTypeName="executor://mstestadapter/v1" className="VideoOS.GisMapCommunication.UnitTest.Building.BuildingClientFactoryTest" name="TestCreate_BuildingClientToken_Success" />
    </UnitTest>
    <UnitTest name="TestGetClient_GetNonCachedClient_Success" storage="d:\actions-runner\_work\xpco\xpco\eventserver\gismapcommunication\dotnet\videoos.gismapcommunication.unittest\bin\debug\videoos.gismapcommunication.unittest.dll" id="50136a9d-99f4-5ca4-e9ad-00383f876e37">
      <TestCategory>
        <TestCategoryItem TestCategory="Item" />
      </TestCategory>
      <Execution id="e2a29b86-8d38-487f-8728-623248c53a4d" />
      <TestMethod codeBase="D:\actions-runner\_work\XPCO\XPCO\EventServer\GisMapCommunication\dotNet\VideoOS.GisMapCommunication.UnitTest\bin\Debug\VideoOS.GisMapCommunication.UnitTest.dll" adapterTypeName="executor://mstestadapter/v1" className="VideoOS.GisMapCommunication.Item.UnitTest.ItemClientManagerTest" name="TestGetClient_GetNonCachedClient_Success" />
    </UnitTest>
    <UnitTest name="TestConstructor_Success" storage="d:\actions-runner\_work\xpco\xpco\eventserver\gismapcommunication\dotnet\videoos.gismapcommunication.unittest\bin\debug\videoos.gismapcommunication.unittest.dll" id="07d86706-316e-caf4-04b0-6b921b416bb9">
      <TestCategory>
        <TestCategoryItem TestCategory="Item" />
      </TestCategory>
      <Execution id="c1f6aa7b-968d-459e-8409-2bcd24905ac2" />
      <TestMethod codeBase="D:\actions-runner\_work\XPCO\XPCO\EventServer\GisMapCommunication\dotNet\VideoOS.GisMapCommunication.UnitTest\bin\Debug\VideoOS.GisMapCommunication.UnitTest.dll" adapterTypeName="executor://mstestadapter/v1" className="VideoOS.GisMapCommunication.Item.UnitTest.ItemClientManagerTest" name="TestConstructor_Success" />
    </UnitTest>
    <UnitTest name="TestGetClient_GetCachedClient_Success" storage="d:\actions-runner\_work\xpco\xpco\eventserver\gismapcommunication\dotnet\videoos.gismapcommunication.unittest\bin\debug\videoos.gismapcommunication.unittest.dll" id="9b3704e1-c271-1402-ef0b-2f1ef717ad98">
      <TestCategory>
        <TestCategoryItem TestCategory="Repository" />
      </TestCategory>
      <Execution id="711b94b1-c26e-4475-8005-56104fb27fdd" />
      <TestMethod codeBase="D:\actions-runner\_work\XPCO\XPCO\EventServer\GisMapCommunication\dotNet\VideoOS.GisMapCommunication.UnitTest\bin\Debug\VideoOS.GisMapCommunication.UnitTest.dll" adapterTypeName="executor://mstestadapter/v1" className="VideoOS.GisMapCommunication.Repository.UnitTest.RepositoryClientManagerTest" name="TestGetClient_GetCachedClient_Success" />
    </UnitTest>
    <UnitTest name="TestGetClient_WithNoServerRegisteredWithEmptyURIArrayAsNull_Fail" storage="d:\actions-runner\_work\xpco\xpco\eventserver\gismapcommunication\dotnet\videoos.gismapcommunication.unittest\bin\debug\videoos.gismapcommunication.unittest.dll" id="68e2e744-f8c4-690c-b29c-935dfdf0f95a">
      <TestCategory>
        <TestCategoryItem TestCategory="Building" />
      </TestCategory>
      <Execution id="7032cd20-1cf6-4660-a79a-e46c88d30228" />
      <TestMethod codeBase="D:\actions-runner\_work\XPCO\XPCO\EventServer\GisMapCommunication\dotNet\VideoOS.GisMapCommunication.UnitTest\bin\Debug\VideoOS.GisMapCommunication.UnitTest.dll" adapterTypeName="executor://mstestadapter/v1" className="VideoOS.GisMapCommunication.Building.UnitTest.BuildingClientManagerTest" name="TestGetClient_WithNoServerRegisteredWithEmptyURIArrayAsNull_Fail" />
    </UnitTest>
    <UnitTest name="TestCreate_NoLoginSettings_Fail" storage="d:\actions-runner\_work\xpco\xpco\eventserver\gismapcommunication\dotnet\videoos.gismapcommunication.unittest\bin\debug\videoos.gismapcommunication.unittest.dll" id="310553d3-9c94-34f7-b45a-80d02dacc618">
      <TestCategory>
        <TestCategoryItem TestCategory="Mip" />
      </TestCategory>
      <Execution id="e8ee198c-bd8c-453b-841b-058590dd011c" />
      <TestMethod codeBase="D:\actions-runner\_work\XPCO\XPCO\EventServer\GisMapCommunication\dotNet\VideoOS.GisMapCommunication.UnitTest\bin\Debug\VideoOS.GisMapCommunication.UnitTest.dll" adapterTypeName="executor://mstestadapter/v1" className="VideoOS.GisMapCommunication.UnitTest.Mip.MipClientFactoryTest" name="TestCreate_NoLoginSettings_Fail" />
    </UnitTest>
    <UnitTest name="TestAsyncClient_Success" storage="d:\actions-runner\_work\xpco\xpco\eventserver\gismapcommunication\dotnet\videoos.gismapcommunication.unittest\bin\debug\videoos.gismapcommunication.unittest.dll" id="89129fd7-c611-5143-8d7f-7c6c9ada0635">
      <Execution id="1cebb5dd-696f-4c5a-9272-d52ced81c615" />
      <TestMethod codeBase="D:\actions-runner\_work\XPCO\XPCO\EventServer\GisMapCommunication\dotNet\VideoOS.GisMapCommunication.UnitTest\bin\Debug\VideoOS.GisMapCommunication.UnitTest.dll" adapterTypeName="executor://mstestadapter/v1" className="VideoOS.GisMapCommunication.UnitTest.Building.BuildingClientTokenTest" name="TestAsyncClient_Success" />
    </UnitTest>
    <UnitTest name="Test_GetClient_GetMultipleCachedClientWithDifferentReceiveTimeouts_Success" storage="d:\actions-runner\_work\xpco\xpco\eventserver\gismapcommunication\dotnet\videoos.gismapcommunication.unittest\bin\debug\videoos.gismapcommunication.unittest.dll" id="a5ac8edb-5a7b-e1bf-c083-4c9df96f4ef2">
      <TestCategory>
        <TestCategoryItem TestCategory="Notification" />
      </TestCategory>
      <Execution id="a6f9eda8-1caa-4f41-a13a-88402ead47ef" />
      <TestMethod codeBase="D:\actions-runner\_work\XPCO\XPCO\EventServer\GisMapCommunication\dotNet\VideoOS.GisMapCommunication.UnitTest\bin\Debug\VideoOS.GisMapCommunication.UnitTest.dll" adapterTypeName="executor://mstestadapter/v1" className="VideoOS.GisMapCommunication.Notification.UnitTest.NotificationClientManagerTest" name="Test_GetClient_GetMultipleCachedClientWithDifferentReceiveTimeouts_Success" />
    </UnitTest>
    <UnitTest name="TestGetClient_GetCachedClient_Success" storage="d:\actions-runner\_work\xpco\xpco\eventserver\gismapcommunication\dotnet\videoos.gismapcommunication.unittest\bin\debug\videoos.gismapcommunication.unittest.dll" id="bde52d9b-c074-81d0-9d38-70259bb3484f">
      <TestCategory>
        <TestCategoryItem TestCategory="Item" />
      </TestCategory>
      <Execution id="4d6b3205-7cdb-4742-b030-539d7002be80" />
      <TestMethod codeBase="D:\actions-runner\_work\XPCO\XPCO\EventServer\GisMapCommunication\dotNet\VideoOS.GisMapCommunication.UnitTest\bin\Debug\VideoOS.GisMapCommunication.UnitTest.dll" adapterTypeName="executor://mstestadapter/v1" className="VideoOS.GisMapCommunication.Item.UnitTest.ItemClientManagerTest" name="TestGetClient_GetCachedClient_Success" />
    </UnitTest>
    <UnitTest name="TestCreate_MapClientCredentials_Success" storage="d:\actions-runner\_work\xpco\xpco\eventserver\gismapcommunication\dotnet\videoos.gismapcommunication.unittest\bin\debug\videoos.gismapcommunication.unittest.dll" id="bdd8bcf5-571a-4973-3798-523a2b8b6fd2">
      <TestCategory>
        <TestCategoryItem TestCategory="Map" />
      </TestCategory>
      <Execution id="2fe654ba-ac64-4266-9222-e5a2685f19cc" />
      <TestMethod codeBase="D:\actions-runner\_work\XPCO\XPCO\EventServer\GisMapCommunication\dotNet\VideoOS.GisMapCommunication.UnitTest\bin\Debug\VideoOS.GisMapCommunication.UnitTest.dll" adapterTypeName="executor://mstestadapter/v1" className="VideoOS.GisMapCommunication.UnitTest.Map.MapClientFactoryTest" name="TestCreate_MapClientCredentials_Success" />
    </UnitTest>
    <UnitTest name="TestGetClient_GetCachedClient_Success" storage="d:\actions-runner\_work\xpco\xpco\eventserver\gismapcommunication\dotnet\videoos.gismapcommunication.unittest\bin\debug\videoos.gismapcommunication.unittest.dll" id="b74fa8f4-a530-f798-a075-5581d12b0f2c">
      <TestCategory>
        <TestCategoryItem TestCategory="Map" />
      </TestCategory>
      <Execution id="936097f6-0c52-410f-a2b7-1fb9d77a5b48" />
      <TestMethod codeBase="D:\actions-runner\_work\XPCO\XPCO\EventServer\GisMapCommunication\dotNet\VideoOS.GisMapCommunication.UnitTest\bin\Debug\VideoOS.GisMapCommunication.UnitTest.dll" adapterTypeName="executor://mstestadapter/v1" className="VideoOS.GisMapCommunication.Map.UnitTest.MapClientManagerTest" name="TestGetClient_GetCachedClient_Success" />
    </UnitTest>
    <UnitTest name="TestCreate_NoLoginSettings_Fail" storage="d:\actions-runner\_work\xpco\xpco\eventserver\gismapcommunication\dotnet\videoos.gismapcommunication.unittest\bin\debug\videoos.gismapcommunication.unittest.dll" id="17f6bab0-955d-149d-2b5b-ca44b530bf7d">
      <TestCategory>
        <TestCategoryItem TestCategory="Map" />
      </TestCategory>
      <Execution id="94937ef1-c181-4bb2-b2a4-52c5a90e7999" />
      <TestMethod codeBase="D:\actions-runner\_work\XPCO\XPCO\EventServer\GisMapCommunication\dotNet\VideoOS.GisMapCommunication.UnitTest\bin\Debug\VideoOS.GisMapCommunication.UnitTest.dll" adapterTypeName="executor://mstestadapter/v1" className="VideoOS.GisMapCommunication.UnitTest.Map.MapClientFactoryTest" name="TestCreate_NoLoginSettings_Fail" />
    </UnitTest>
    <UnitTest name="TestGetClient_WithNoServerRegisteredWithEmptyURIArrayAsNull_Fail" storage="d:\actions-runner\_work\xpco\xpco\eventserver\gismapcommunication\dotnet\videoos.gismapcommunication.unittest\bin\debug\videoos.gismapcommunication.unittest.dll" id="fcd1e8a5-83a4-6c6e-1a74-5550dd636d57">
      <TestCategory>
        <TestCategoryItem TestCategory="Item" />
      </TestCategory>
      <Execution id="55e2424b-00cb-467c-86d5-3dd6f16ab8bd" />
      <TestMethod codeBase="D:\actions-runner\_work\XPCO\XPCO\EventServer\GisMapCommunication\dotNet\VideoOS.GisMapCommunication.UnitTest\bin\Debug\VideoOS.GisMapCommunication.UnitTest.dll" adapterTypeName="executor://mstestadapter/v1" className="VideoOS.GisMapCommunication.Item.UnitTest.ItemClientManagerTest" name="TestGetClient_WithNoServerRegisteredWithEmptyURIArrayAsNull_Fail" />
    </UnitTest>
    <UnitTest name="TestHandleFaultException_MapCommandLayerAlreadyExistsException_WithLayerId_Success" storage="d:\actions-runner\_work\xpco\xpco\eventserver\gismapcommunication\dotnet\videoos.gismapcommunication.unittest\bin\debug\videoos.gismapcommunication.unittest.dll" id="c544273e-7644-ffb6-cdfa-9dc7ce6604ad">
      <TestCategory>
        <TestCategoryItem TestCategory="Exceptions" />
      </TestCategory>
      <Execution id="b9ecafa6-74e5-4a90-acc0-09302e65fe42" />
      <TestMethod codeBase="D:\actions-runner\_work\XPCO\XPCO\EventServer\GisMapCommunication\dotNet\VideoOS.GisMapCommunication.UnitTest\bin\Debug\VideoOS.GisMapCommunication.UnitTest.dll" adapterTypeName="executor://mstestadapter/v1" className="VideoOS.GisMapCommunication.UnitTest.Exceptions.FaultExceptionHandlerTest" name="TestHandleFaultException_MapCommandLayerAlreadyExistsException_WithLayerId_Success" />
    </UnitTest>
    <UnitTest name="TestNotificationClientCredentials_Success" storage="d:\actions-runner\_work\xpco\xpco\eventserver\gismapcommunication\dotnet\videoos.gismapcommunication.unittest\bin\debug\videoos.gismapcommunication.unittest.dll" id="5a13d016-c4be-2958-14b5-fd26ca3edb1b">
      <Execution id="055ac1de-cd2a-4c82-b821-a43f1ff18506" />
      <TestMethod codeBase="D:\actions-runner\_work\XPCO\XPCO\EventServer\GisMapCommunication\dotNet\VideoOS.GisMapCommunication.UnitTest\bin\Debug\VideoOS.GisMapCommunication.UnitTest.dll" adapterTypeName="executor://mstestadapter/v1" className="VideoOS.GisMapCommunication.UnitTest.Notification.NotificationClientCredentialsTest" name="TestNotificationClientCredentials_Success" />
    </UnitTest>
    <UnitTest name="TestCreate_MipClientToken_Success" storage="d:\actions-runner\_work\xpco\xpco\eventserver\gismapcommunication\dotnet\videoos.gismapcommunication.unittest\bin\debug\videoos.gismapcommunication.unittest.dll" id="bc6cb3db-ecfb-bae2-9a21-d89f1ba1baec">
      <TestCategory>
        <TestCategoryItem TestCategory="Mip" />
      </TestCategory>
      <Execution id="e4d2a3d4-f949-4fd9-af70-f512770a1482" />
      <TestMethod codeBase="D:\actions-runner\_work\XPCO\XPCO\EventServer\GisMapCommunication\dotNet\VideoOS.GisMapCommunication.UnitTest\bin\Debug\VideoOS.GisMapCommunication.UnitTest.dll" adapterTypeName="executor://mstestadapter/v1" className="VideoOS.GisMapCommunication.UnitTest.Mip.MipClientFactoryTest" name="TestCreate_MipClientToken_Success" />
    </UnitTest>
    <UnitTest name="Test_GetClient_GetMultipleCachedClientWithDifferentReceiveTimeouts_Success" storage="d:\actions-runner\_work\xpco\xpco\eventserver\gismapcommunication\dotnet\videoos.gismapcommunication.unittest\bin\debug\videoos.gismapcommunication.unittest.dll" id="7791b8b0-6548-6b50-8de8-23bbb9384e36">
      <TestCategory>
        <TestCategoryItem TestCategory="Building" />
      </TestCategory>
      <Execution id="742ef30d-163d-4029-9ed8-505935f00e5b" />
      <TestMethod codeBase="D:\actions-runner\_work\XPCO\XPCO\EventServer\GisMapCommunication\dotNet\VideoOS.GisMapCommunication.UnitTest\bin\Debug\VideoOS.GisMapCommunication.UnitTest.dll" adapterTypeName="executor://mstestadapter/v1" className="VideoOS.GisMapCommunication.Building.UnitTest.BuildingClientManagerTest" name="Test_GetClient_GetMultipleCachedClientWithDifferentReceiveTimeouts_Success" />
    </UnitTest>
    <UnitTest name="TestCreate_MipClientCredentials_Success" storage="d:\actions-runner\_work\xpco\xpco\eventserver\gismapcommunication\dotnet\videoos.gismapcommunication.unittest\bin\debug\videoos.gismapcommunication.unittest.dll" id="a264b0d7-66bc-78de-6593-fa5946541bbf">
      <TestCategory>
        <TestCategoryItem TestCategory="Mip" />
      </TestCategory>
      <Execution id="f93e140b-c307-43ad-a83b-f007585f4d82" />
      <TestMethod codeBase="D:\actions-runner\_work\XPCO\XPCO\EventServer\GisMapCommunication\dotNet\VideoOS.GisMapCommunication.UnitTest\bin\Debug\VideoOS.GisMapCommunication.UnitTest.dll" adapterTypeName="executor://mstestadapter/v1" className="VideoOS.GisMapCommunication.UnitTest.Mip.MipClientFactoryTest" name="TestCreate_MipClientCredentials_Success" />
    </UnitTest>
    <UnitTest name="TestAsyncClient_Success" storage="d:\actions-runner\_work\xpco\xpco\eventserver\gismapcommunication\dotnet\videoos.gismapcommunication.unittest\bin\debug\videoos.gismapcommunication.unittest.dll" id="2172695c-74ad-9c26-596a-4fb93eb08ac1">
      <Execution id="e3a7965d-e747-486d-98e7-7fa426802680" />
      <TestMethod codeBase="D:\actions-runner\_work\XPCO\XPCO\EventServer\GisMapCommunication\dotNet\VideoOS.GisMapCommunication.UnitTest\bin\Debug\VideoOS.GisMapCommunication.UnitTest.dll" adapterTypeName="executor://mstestadapter/v1" className="VideoOS.GisMapCommunication.UnitTest.Map.MapClientTokenTest" name="TestAsyncClient_Success" />
    </UnitTest>
    <UnitTest name="TestAsyncClient_Success" storage="d:\actions-runner\_work\xpco\xpco\eventserver\gismapcommunication\dotnet\videoos.gismapcommunication.unittest\bin\debug\videoos.gismapcommunication.unittest.dll" id="e273688c-254b-1b9c-2b23-c978142b506b">
      <Execution id="ddf49fbd-7236-42e5-9c88-14cf2ea76b2e" />
      <TestMethod codeBase="D:\actions-runner\_work\XPCO\XPCO\EventServer\GisMapCommunication\dotNet\VideoOS.GisMapCommunication.UnitTest\bin\Debug\VideoOS.GisMapCommunication.UnitTest.dll" adapterTypeName="executor://mstestadapter/v1" className="VideoOS.GisMapCommunication.UnitTest.Item.ItemClientTokenTest" name="TestAsyncClient_Success" />
    </UnitTest>
    <UnitTest name="TestClose_CloseOnce_Success" storage="d:\actions-runner\_work\xpco\xpco\eventserver\gismapcommunication\dotnet\videoos.gismapcommunication.unittest\bin\debug\videoos.gismapcommunication.unittest.dll" id="cf97c3ee-ff7a-68e7-44df-f9dc8d80d2d4">
      <TestCategory>
        <TestCategoryItem TestCategory="Repository" />
      </TestCategory>
      <Execution id="4183204d-50cf-4985-873a-11848ca0e3cb" />
      <TestMethod codeBase="D:\actions-runner\_work\XPCO\XPCO\EventServer\GisMapCommunication\dotNet\VideoOS.GisMapCommunication.UnitTest\bin\Debug\VideoOS.GisMapCommunication.UnitTest.dll" adapterTypeName="executor://mstestadapter/v1" className="VideoOS.GisMapCommunication.Repository.UnitTest.RepositoryClientManagerTest" name="TestClose_CloseOnce_Success" />
    </UnitTest>
    <UnitTest name="TestCreate_LayerClientCredentials_Success" storage="d:\actions-runner\_work\xpco\xpco\eventserver\gismapcommunication\dotnet\videoos.gismapcommunication.unittest\bin\debug\videoos.gismapcommunication.unittest.dll" id="14f22c03-cdd9-4326-96c8-9d3f30487241">
      <TestCategory>
        <TestCategoryItem TestCategory="Layer" />
      </TestCategory>
      <Execution id="4b8c2496-5aaa-4481-a216-d987bae0d34e" />
      <TestMethod codeBase="D:\actions-runner\_work\XPCO\XPCO\EventServer\GisMapCommunication\dotNet\VideoOS.GisMapCommunication.UnitTest\bin\Debug\VideoOS.GisMapCommunication.UnitTest.dll" adapterTypeName="executor://mstestadapter/v1" className="VideoOS.GisMapCommunication.UnitTest.Layer.LayerClientFactoryTest" name="TestCreate_LayerClientCredentials_Success" />
    </UnitTest>
    <UnitTest name="TestGetClient_WithNoServerRegistered_Fail" storage="d:\actions-runner\_work\xpco\xpco\eventserver\gismapcommunication\dotnet\videoos.gismapcommunication.unittest\bin\debug\videoos.gismapcommunication.unittest.dll" id="795b9fea-9078-d1be-78c7-3b06bc31f337">
      <TestCategory>
        <TestCategoryItem TestCategory="Building" />
      </TestCategory>
      <Execution id="416d16c7-450b-4071-abb4-abf5e47813d2" />
      <TestMethod codeBase="D:\actions-runner\_work\XPCO\XPCO\EventServer\GisMapCommunication\dotNet\VideoOS.GisMapCommunication.UnitTest\bin\Debug\VideoOS.GisMapCommunication.UnitTest.dll" adapterTypeName="executor://mstestadapter/v1" className="VideoOS.GisMapCommunication.Building.UnitTest.BuildingClientManagerTest" name="TestGetClient_WithNoServerRegistered_Fail" />
    </UnitTest>
    <UnitTest name="TestCreate_NoLoginSettings_Fail" storage="d:\actions-runner\_work\xpco\xpco\eventserver\gismapcommunication\dotnet\videoos.gismapcommunication.unittest\bin\debug\videoos.gismapcommunication.unittest.dll" id="b1db70a5-10bb-c3ee-e83f-7c4a7268f41b">
      <TestCategory>
        <TestCategoryItem TestCategory="Layer" />
      </TestCategory>
      <Execution id="638549c9-c1ab-43d6-97a3-393e2288326a" />
      <TestMethod codeBase="D:\actions-runner\_work\XPCO\XPCO\EventServer\GisMapCommunication\dotNet\VideoOS.GisMapCommunication.UnitTest\bin\Debug\VideoOS.GisMapCommunication.UnitTest.dll" adapterTypeName="executor://mstestadapter/v1" className="VideoOS.GisMapCommunication.UnitTest.Layer.LayerClientFactoryTest" name="TestCreate_NoLoginSettings_Fail" />
    </UnitTest>
    <UnitTest name="TestConstructor_Success" storage="d:\actions-runner\_work\xpco\xpco\eventserver\gismapcommunication\dotnet\videoos.gismapcommunication.unittest\bin\debug\videoos.gismapcommunication.unittest.dll" id="74e3fcf1-3304-22c9-99dd-1e1785a71271">
      <TestCategory>
        <TestCategoryItem TestCategory="Repository" />
      </TestCategory>
      <Execution id="333b2c67-f55e-48ba-98c9-919ee4741a32" />
      <TestMethod codeBase="D:\actions-runner\_work\XPCO\XPCO\EventServer\GisMapCommunication\dotNet\VideoOS.GisMapCommunication.UnitTest\bin\Debug\VideoOS.GisMapCommunication.UnitTest.dll" adapterTypeName="executor://mstestadapter/v1" className="VideoOS.GisMapCommunication.Repository.UnitTest.RepositoryClientManagerTest" name="TestConstructor_Success" />
    </UnitTest>
    <UnitTest name="TestGetClient_GetNonCachedClient_Success" storage="d:\actions-runner\_work\xpco\xpco\eventserver\gismapcommunication\dotnet\videoos.gismapcommunication.unittest\bin\debug\videoos.gismapcommunication.unittest.dll" id="075f02ff-4f55-119b-ac66-c2407e096ab5">
      <TestCategory>
        <TestCategoryItem TestCategory="Layer" />
      </TestCategory>
      <Execution id="22b97416-8127-4a45-8059-01e9c45994e9" />
      <TestMethod codeBase="D:\actions-runner\_work\XPCO\XPCO\EventServer\GisMapCommunication\dotNet\VideoOS.GisMapCommunication.UnitTest\bin\Debug\VideoOS.GisMapCommunication.UnitTest.dll" adapterTypeName="executor://mstestadapter/v1" className="VideoOS.GisMapCommunication.Layer.UnitTest.LayerClientManagerTest" name="TestGetClient_GetNonCachedClient_Success" />
    </UnitTest>
    <UnitTest name="TestGetClient_GetMultipleClient_Success" storage="d:\actions-runner\_work\xpco\xpco\eventserver\gismapcommunication\dotnet\videoos.gismapcommunication.unittest\bin\debug\videoos.gismapcommunication.unittest.dll" id="e3d8f282-57b7-4e00-5b9a-b3f8bc7186f3">
      <TestCategory>
        <TestCategoryItem TestCategory="Building" />
      </TestCategory>
      <Execution id="1313945f-de8d-40c4-87d1-e7a84608cc47" />
      <TestMethod codeBase="D:\actions-runner\_work\XPCO\XPCO\EventServer\GisMapCommunication\dotNet\VideoOS.GisMapCommunication.UnitTest\bin\Debug\VideoOS.GisMapCommunication.UnitTest.dll" adapterTypeName="executor://mstestadapter/v1" className="VideoOS.GisMapCommunication.Building.UnitTest.BuildingClientManagerTest" name="TestGetClient_GetMultipleClient_Success" />
    </UnitTest>
    <UnitTest name="TestCreate_RepositoryClientToken_Success" storage="d:\actions-runner\_work\xpco\xpco\eventserver\gismapcommunication\dotnet\videoos.gismapcommunication.unittest\bin\debug\videoos.gismapcommunication.unittest.dll" id="5e594fad-9e64-63e7-56df-78ca5b18c9c4">
      <TestCategory>
        <TestCategoryItem TestCategory="Repository" />
      </TestCategory>
      <Execution id="4db12367-a031-402a-9bd7-94fc2310c63c" />
      <TestMethod codeBase="D:\actions-runner\_work\XPCO\XPCO\EventServer\GisMapCommunication\dotNet\VideoOS.GisMapCommunication.UnitTest\bin\Debug\VideoOS.GisMapCommunication.UnitTest.dll" adapterTypeName="executor://mstestadapter/v1" className="VideoOS.GisMapCommunication.UnitTest.Repository.RepositoryClientFactoryTest" name="TestCreate_RepositoryClientToken_Success" />
    </UnitTest>
    <UnitTest name="Test_GetClient_GetMultipleCachedClientWithDifferentReceiveTimeouts_Success" storage="d:\actions-runner\_work\xpco\xpco\eventserver\gismapcommunication\dotnet\videoos.gismapcommunication.unittest\bin\debug\videoos.gismapcommunication.unittest.dll" id="316f54f5-7682-f98d-67d5-3d13ab0d7d83">
      <TestCategory>
        <TestCategoryItem TestCategory="Map" />
      </TestCategory>
      <Execution id="f97f0667-c060-4ced-8e26-0012a1df701f" />
      <TestMethod codeBase="D:\actions-runner\_work\XPCO\XPCO\EventServer\GisMapCommunication\dotNet\VideoOS.GisMapCommunication.UnitTest\bin\Debug\VideoOS.GisMapCommunication.UnitTest.dll" adapterTypeName="executor://mstestadapter/v1" className="VideoOS.GisMapCommunication.Map.UnitTest.MapClientManagerTest" name="Test_GetClient_GetMultipleCachedClientWithDifferentReceiveTimeouts_Success" />
    </UnitTest>
    <UnitTest name="TestCreate_ItemClientToken_Success" storage="d:\actions-runner\_work\xpco\xpco\eventserver\gismapcommunication\dotnet\videoos.gismapcommunication.unittest\bin\debug\videoos.gismapcommunication.unittest.dll" id="41626bd6-0e07-a81c-088d-088f5c6f5f19">
      <TestCategory>
        <TestCategoryItem TestCategory="Item" />
      </TestCategory>
      <Execution id="bfe1dfa3-5ead-4b74-848f-e02ed932d361" />
      <TestMethod codeBase="D:\actions-runner\_work\XPCO\XPCO\EventServer\GisMapCommunication\dotNet\VideoOS.GisMapCommunication.UnitTest\bin\Debug\VideoOS.GisMapCommunication.UnitTest.dll" adapterTypeName="executor://mstestadapter/v1" className="VideoOS.GisMapCommunication.UnitTest.Item.ItemClientFactoryTest" name="TestCreate_ItemClientToken_Success" />
    </UnitTest>
    <UnitTest name="TestConstructor_Success" storage="d:\actions-runner\_work\xpco\xpco\eventserver\gismapcommunication\dotnet\videoos.gismapcommunication.unittest\bin\debug\videoos.gismapcommunication.unittest.dll" id="9d770b71-04a4-b714-5b6a-3cc13ae91142">
      <TestCategory>
        <TestCategoryItem TestCategory="Map" />
      </TestCategory>
      <Execution id="05514762-9e42-46e3-b82e-50ef28ab979e" />
      <TestMethod codeBase="D:\actions-runner\_work\XPCO\XPCO\EventServer\GisMapCommunication\dotNet\VideoOS.GisMapCommunication.UnitTest\bin\Debug\VideoOS.GisMapCommunication.UnitTest.dll" adapterTypeName="executor://mstestadapter/v1" className="VideoOS.GisMapCommunication.Map.UnitTest.MapClientManagerTest" name="TestConstructor_Success" />
    </UnitTest>
    <UnitTest name="TestGetClient_WithNoServerRegisteredAsNull_Fail" storage="d:\actions-runner\_work\xpco\xpco\eventserver\gismapcommunication\dotnet\videoos.gismapcommunication.unittest\bin\debug\videoos.gismapcommunication.unittest.dll" id="b36394c3-afa6-8cac-208c-426f9002051e">
      <TestCategory>
        <TestCategoryItem TestCategory="Map" />
      </TestCategory>
      <Execution id="8b4de18d-77e5-4f56-9ae6-eeee57fa43f3" />
      <TestMethod codeBase="D:\actions-runner\_work\XPCO\XPCO\EventServer\GisMapCommunication\dotNet\VideoOS.GisMapCommunication.UnitTest\bin\Debug\VideoOS.GisMapCommunication.UnitTest.dll" adapterTypeName="executor://mstestadapter/v1" className="VideoOS.GisMapCommunication.Map.UnitTest.MapClientManagerTest" name="TestGetClient_WithNoServerRegisteredAsNull_Fail" />
    </UnitTest>
    <UnitTest name="TestGetClient_GetNonCachedClient_Success" storage="d:\actions-runner\_work\xpco\xpco\eventserver\gismapcommunication\dotnet\videoos.gismapcommunication.unittest\bin\debug\videoos.gismapcommunication.unittest.dll" id="61034e47-93ee-b2ec-a90c-7e9f22bcfb43">
      <TestCategory>
        <TestCategoryItem TestCategory="Map" />
      </TestCategory>
      <Execution id="c2b154a1-73fe-4d85-b780-e11b062b99d7" />
      <TestMethod codeBase="D:\actions-runner\_work\XPCO\XPCO\EventServer\GisMapCommunication\dotNet\VideoOS.GisMapCommunication.UnitTest\bin\Debug\VideoOS.GisMapCommunication.UnitTest.dll" adapterTypeName="executor://mstestadapter/v1" className="VideoOS.GisMapCommunication.Map.UnitTest.MapClientManagerTest" name="TestGetClient_GetNonCachedClient_Success" />
    </UnitTest>
    <UnitTest name="TestGetClient_WithNoServerRegisteredAsNull_Fail" storage="d:\actions-runner\_work\xpco\xpco\eventserver\gismapcommunication\dotnet\videoos.gismapcommunication.unittest\bin\debug\videoos.gismapcommunication.unittest.dll" id="fe50b1b4-f0b7-fe64-e701-17617ce46e93">
      <TestCategory>
        <TestCategoryItem TestCategory="Mip" />
      </TestCategory>
      <Execution id="88206f1a-6df1-4ea0-a225-35c3d532b3d8" />
      <TestMethod codeBase="D:\actions-runner\_work\XPCO\XPCO\EventServer\GisMapCommunication\dotNet\VideoOS.GisMapCommunication.UnitTest\bin\Debug\VideoOS.GisMapCommunication.UnitTest.dll" adapterTypeName="executor://mstestadapter/v1" className="VideoOS.GisMapCommunication.Mip.UnitTest.MipClientManagerTest" name="TestGetClient_WithNoServerRegisteredAsNull_Fail" />
    </UnitTest>
    <UnitTest name="TestClose_CloseTwice_Success" storage="d:\actions-runner\_work\xpco\xpco\eventserver\gismapcommunication\dotnet\videoos.gismapcommunication.unittest\bin\debug\videoos.gismapcommunication.unittest.dll" id="20993e76-946d-5aa5-105a-8d7c59875b7d">
      <TestCategory>
        <TestCategoryItem TestCategory="Notification" />
      </TestCategory>
      <Execution id="de7d917d-79a0-4f59-83d1-43aa73cae04e" />
      <TestMethod codeBase="D:\actions-runner\_work\XPCO\XPCO\EventServer\GisMapCommunication\dotNet\VideoOS.GisMapCommunication.UnitTest\bin\Debug\VideoOS.GisMapCommunication.UnitTest.dll" adapterTypeName="executor://mstestadapter/v1" className="VideoOS.GisMapCommunication.Notification.UnitTest.NotificationClientManagerTest" name="TestClose_CloseTwice_Success" />
    </UnitTest>
    <UnitTest name="TestHandleFaultException_UnknownException_Success" storage="d:\actions-runner\_work\xpco\xpco\eventserver\gismapcommunication\dotnet\videoos.gismapcommunication.unittest\bin\debug\videoos.gismapcommunication.unittest.dll" id="de0970d3-1fd3-9c4a-0012-1975af92d091">
      <TestCategory>
        <TestCategoryItem TestCategory="Exceptions" />
      </TestCategory>
      <Execution id="82921282-097f-4ead-a648-65fa818a2b45" />
      <TestMethod codeBase="D:\actions-runner\_work\XPCO\XPCO\EventServer\GisMapCommunication\dotNet\VideoOS.GisMapCommunication.UnitTest\bin\Debug\VideoOS.GisMapCommunication.UnitTest.dll" adapterTypeName="executor://mstestadapter/v1" className="VideoOS.GisMapCommunication.UnitTest.Exceptions.FaultExceptionHandlerTest" name="TestHandleFaultException_UnknownException_Success" />
    </UnitTest>
    <UnitTest name="TestGetClient_GetMultipleClient_Success" storage="d:\actions-runner\_work\xpco\xpco\eventserver\gismapcommunication\dotnet\videoos.gismapcommunication.unittest\bin\debug\videoos.gismapcommunication.unittest.dll" id="fe4eb261-9843-03f2-5c49-5ff605823cde">
      <TestCategory>
        <TestCategoryItem TestCategory="Item" />
      </TestCategory>
      <Execution id="8563910d-7a06-4b68-b20c-e38c69e0dc4b" />
      <TestMethod codeBase="D:\actions-runner\_work\XPCO\XPCO\EventServer\GisMapCommunication\dotNet\VideoOS.GisMapCommunication.UnitTest\bin\Debug\VideoOS.GisMapCommunication.UnitTest.dll" adapterTypeName="executor://mstestadapter/v1" className="VideoOS.GisMapCommunication.Item.UnitTest.ItemClientManagerTest" name="TestGetClient_GetMultipleClient_Success" />
    </UnitTest>
    <UnitTest name="TestConstructor_Success" storage="d:\actions-runner\_work\xpco\xpco\eventserver\gismapcommunication\dotnet\videoos.gismapcommunication.unittest\bin\debug\videoos.gismapcommunication.unittest.dll" id="1e8e8b87-0379-6de6-ea8f-232beb1a83e6">
      <TestCategory>
        <TestCategoryItem TestCategory="Building" />
      </TestCategory>
      <Execution id="f25454aa-3dc1-4e9c-a7fc-f87bfa76572c" />
      <TestMethod codeBase="D:\actions-runner\_work\XPCO\XPCO\EventServer\GisMapCommunication\dotNet\VideoOS.GisMapCommunication.UnitTest\bin\Debug\VideoOS.GisMapCommunication.UnitTest.dll" adapterTypeName="executor://mstestadapter/v1" className="VideoOS.GisMapCommunication.Building.UnitTest.BuildingClientManagerTest" name="TestConstructor_Success" />
    </UnitTest>
    <UnitTest name="TestGetClient_GetCachedClient_Success" storage="d:\actions-runner\_work\xpco\xpco\eventserver\gismapcommunication\dotnet\videoos.gismapcommunication.unittest\bin\debug\videoos.gismapcommunication.unittest.dll" id="7b0fa3c1-3808-edd4-83e1-14937636addd">
      <TestCategory>
        <TestCategoryItem TestCategory="Notification" />
      </TestCategory>
      <Execution id="b2e9cc71-4951-448b-8ac2-4bf782bde002" />
      <TestMethod codeBase="D:\actions-runner\_work\XPCO\XPCO\EventServer\GisMapCommunication\dotNet\VideoOS.GisMapCommunication.UnitTest\bin\Debug\VideoOS.GisMapCommunication.UnitTest.dll" adapterTypeName="executor://mstestadapter/v1" className="VideoOS.GisMapCommunication.Notification.UnitTest.NotificationClientManagerTest" name="TestGetClient_GetCachedClient_Success" />
    </UnitTest>
    <UnitTest name="TestClient_Success" storage="d:\actions-runner\_work\xpco\xpco\eventserver\gismapcommunication\dotnet\videoos.gismapcommunication.unittest\bin\debug\videoos.gismapcommunication.unittest.dll" id="f75e038c-5e2b-0cfd-42b3-9ef70da12586">
      <Execution id="7592db31-d2c4-4854-86dc-a91e56c0e88b" />
      <TestMethod codeBase="D:\actions-runner\_work\XPCO\XPCO\EventServer\GisMapCommunication\dotNet\VideoOS.GisMapCommunication.UnitTest\bin\Debug\VideoOS.GisMapCommunication.UnitTest.dll" adapterTypeName="executor://mstestadapter/v1" className="VideoOS.GisMapCommunication.UnitTest.Repository.RepositoryClientTokenTest" name="TestClient_Success" />
    </UnitTest>
    <UnitTest name="TestGetClient_NotificationClientToken_Success" storage="d:\actions-runner\_work\xpco\xpco\eventserver\gismapcommunication\dotnet\videoos.gismapcommunication.unittest\bin\debug\videoos.gismapcommunication.unittest.dll" id="a1742b93-fe54-ac7d-e882-0a692685b7f7">
      <TestCategory>
        <TestCategoryItem TestCategory="Repository" />
      </TestCategory>
      <Execution id="0bee32fc-0bdc-41f0-922e-73e3cf1c453e" />
      <TestMethod codeBase="D:\actions-runner\_work\XPCO\XPCO\EventServer\GisMapCommunication\dotNet\VideoOS.GisMapCommunication.UnitTest\bin\Debug\VideoOS.GisMapCommunication.UnitTest.dll" adapterTypeName="executor://mstestadapter/v1" className="VideoOS.GisMapCommunication.Repository.UnitTest.RepositoryClientManagerTest" name="TestGetClient_NotificationClientToken_Success" />
    </UnitTest>
    <UnitTest name="TestGetClient_WithNoServerRegisteredAsNull_Fail" storage="d:\actions-runner\_work\xpco\xpco\eventserver\gismapcommunication\dotnet\videoos.gismapcommunication.unittest\bin\debug\videoos.gismapcommunication.unittest.dll" id="a6547258-9ccf-72fb-8f01-660d945dc017">
      <TestCategory>
        <TestCategoryItem TestCategory="Building" />
      </TestCategory>
      <Execution id="1373dcf9-669b-4da3-8463-b15621060be7" />
      <TestMethod codeBase="D:\actions-runner\_work\XPCO\XPCO\EventServer\GisMapCommunication\dotNet\VideoOS.GisMapCommunication.UnitTest\bin\Debug\VideoOS.GisMapCommunication.UnitTest.dll" adapterTypeName="executor://mstestadapter/v1" className="VideoOS.GisMapCommunication.Building.UnitTest.BuildingClientManagerTest" name="TestGetClient_WithNoServerRegisteredAsNull_Fail" />
    </UnitTest>
    <UnitTest name="TestGetClient_GetCachedClient_Success" storage="d:\actions-runner\_work\xpco\xpco\eventserver\gismapcommunication\dotnet\videoos.gismapcommunication.unittest\bin\debug\videoos.gismapcommunication.unittest.dll" id="9834b5cf-729a-b834-1350-f7bfbadfed36">
      <TestCategory>
        <TestCategoryItem TestCategory="Building" />
      </TestCategory>
      <Execution id="8da000a1-697f-4af1-9c8b-f625110169c2" />
      <TestMethod codeBase="D:\actions-runner\_work\XPCO\XPCO\EventServer\GisMapCommunication\dotNet\VideoOS.GisMapCommunication.UnitTest\bin\Debug\VideoOS.GisMapCommunication.UnitTest.dll" adapterTypeName="executor://mstestadapter/v1" className="VideoOS.GisMapCommunication.Building.UnitTest.BuildingClientManagerTest" name="TestGetClient_GetCachedClient_Success" />
    </UnitTest>
    <UnitTest name="TestCreate_NotificationClientCredentials_Success" storage="d:\actions-runner\_work\xpco\xpco\eventserver\gismapcommunication\dotnet\videoos.gismapcommunication.unittest\bin\debug\videoos.gismapcommunication.unittest.dll" id="eb012867-78a2-5e3d-dcd0-803d3bbb5d65">
      <TestCategory>
        <TestCategoryItem TestCategory="Notification" />
      </TestCategory>
      <Execution id="9b71c23c-64a3-4016-833e-fdaa00927db0" />
      <TestMethod codeBase="D:\actions-runner\_work\XPCO\XPCO\EventServer\GisMapCommunication\dotNet\VideoOS.GisMapCommunication.UnitTest\bin\Debug\VideoOS.GisMapCommunication.UnitTest.dll" adapterTypeName="executor://mstestadapter/v1" className="VideoOS.GisMapCommunication.UnitTest.Notification.NotificationClientFactoryTest" name="TestCreate_NotificationClientCredentials_Success" />
    </UnitTest>
    <UnitTest name="TestAsyncMapClientCredentials_Success" storage="d:\actions-runner\_work\xpco\xpco\eventserver\gismapcommunication\dotnet\videoos.gismapcommunication.unittest\bin\debug\videoos.gismapcommunication.unittest.dll" id="f9ddb87d-e698-a047-7b20-4637e14f043b">
      <Execution id="7dfa092a-0a2e-4221-86c4-062f03c0dee3" />
      <TestMethod codeBase="D:\actions-runner\_work\XPCO\XPCO\EventServer\GisMapCommunication\dotNet\VideoOS.GisMapCommunication.UnitTest\bin\Debug\VideoOS.GisMapCommunication.UnitTest.dll" adapterTypeName="executor://mstestadapter/v1" className="VideoOS.GisMapCommunication.UnitTest.Map.MapClientCredentialsTest" name="TestAsyncMapClientCredentials_Success" />
    </UnitTest>
    <UnitTest name="TestClose_CloseTwice_Success" storage="d:\actions-runner\_work\xpco\xpco\eventserver\gismapcommunication\dotnet\videoos.gismapcommunication.unittest\bin\debug\videoos.gismapcommunication.unittest.dll" id="3ebb3712-5e5a-ce9f-1c96-9681eb8dfb1c">
      <TestCategory>
        <TestCategoryItem TestCategory="Item" />
      </TestCategory>
      <Execution id="868280fe-dc9d-4b49-8776-11b4cba0944f" />
      <TestMethod codeBase="D:\actions-runner\_work\XPCO\XPCO\EventServer\GisMapCommunication\dotNet\VideoOS.GisMapCommunication.UnitTest\bin\Debug\VideoOS.GisMapCommunication.UnitTest.dll" adapterTypeName="executor://mstestadapter/v1" className="VideoOS.GisMapCommunication.Item.UnitTest.ItemClientManagerTest" name="TestClose_CloseTwice_Success" />
    </UnitTest>
    <UnitTest name="TestClose_CloseOnce_Success" storage="d:\actions-runner\_work\xpco\xpco\eventserver\gismapcommunication\dotnet\videoos.gismapcommunication.unittest\bin\debug\videoos.gismapcommunication.unittest.dll" id="07f271fb-d2cb-9e9f-9f70-77f5cf5e4af1">
      <TestCategory>
        <TestCategoryItem TestCategory="Item" />
      </TestCategory>
      <Execution id="48f1c032-9cd4-4654-9832-e582bf667604" />
      <TestMethod codeBase="D:\actions-runner\_work\XPCO\XPCO\EventServer\GisMapCommunication\dotNet\VideoOS.GisMapCommunication.UnitTest\bin\Debug\VideoOS.GisMapCommunication.UnitTest.dll" adapterTypeName="executor://mstestadapter/v1" className="VideoOS.GisMapCommunication.Item.UnitTest.ItemClientManagerTest" name="TestClose_CloseOnce_Success" />
    </UnitTest>
    <UnitTest name="TestGetClient_WithNoServerRegisteredAsNull_Fail" storage="d:\actions-runner\_work\xpco\xpco\eventserver\gismapcommunication\dotnet\videoos.gismapcommunication.unittest\bin\debug\videoos.gismapcommunication.unittest.dll" id="57a40cc7-5f0f-c55d-7f7b-b4a793aee2bd">
      <TestCategory>
        <TestCategoryItem TestCategory="Item" />
      </TestCategory>
      <Execution id="f7fb597f-f513-4327-af2d-e7e822dea201" />
      <TestMethod codeBase="D:\actions-runner\_work\XPCO\XPCO\EventServer\GisMapCommunication\dotNet\VideoOS.GisMapCommunication.UnitTest\bin\Debug\VideoOS.GisMapCommunication.UnitTest.dll" adapterTypeName="executor://mstestadapter/v1" className="VideoOS.GisMapCommunication.Item.UnitTest.ItemClientManagerTest" name="TestGetClient_WithNoServerRegisteredAsNull_Fail" />
    </UnitTest>
    <UnitTest name="TestClient_Success" storage="d:\actions-runner\_work\xpco\xpco\eventserver\gismapcommunication\dotnet\videoos.gismapcommunication.unittest\bin\debug\videoos.gismapcommunication.unittest.dll" id="83bf878b-3c91-9f5f-b22d-c7e71130e677">
      <Execution id="9df3fb51-d7fb-4340-818b-0a9691082942" />
      <TestMethod codeBase="D:\actions-runner\_work\XPCO\XPCO\EventServer\GisMapCommunication\dotNet\VideoOS.GisMapCommunication.UnitTest\bin\Debug\VideoOS.GisMapCommunication.UnitTest.dll" adapterTypeName="executor://mstestadapter/v1" className="VideoOS.GisMapCommunication.UnitTest.Item.ItemClientTokenTest" name="TestClient_Success" />
    </UnitTest>
    <UnitTest name="TestClose_CloseOnce_Success" storage="d:\actions-runner\_work\xpco\xpco\eventserver\gismapcommunication\dotnet\videoos.gismapcommunication.unittest\bin\debug\videoos.gismapcommunication.unittest.dll" id="74b8fffc-60e6-9d43-1c3c-960fcd6a8a10">
      <TestCategory>
        <TestCategoryItem TestCategory="Mip" />
      </TestCategory>
      <Execution id="245c2601-5f82-4324-9215-1f5916448938" />
      <TestMethod codeBase="D:\actions-runner\_work\XPCO\XPCO\EventServer\GisMapCommunication\dotNet\VideoOS.GisMapCommunication.UnitTest\bin\Debug\VideoOS.GisMapCommunication.UnitTest.dll" adapterTypeName="executor://mstestadapter/v1" className="VideoOS.GisMapCommunication.Mip.UnitTest.MipClientManagerTest" name="TestClose_CloseOnce_Success" />
    </UnitTest>
    <UnitTest name="TestCreate_NotificationClientToken_Success" storage="d:\actions-runner\_work\xpco\xpco\eventserver\gismapcommunication\dotnet\videoos.gismapcommunication.unittest\bin\debug\videoos.gismapcommunication.unittest.dll" id="1de5e5a8-b2ac-f0de-1ed3-be17db9f219c">
      <TestCategory>
        <TestCategoryItem TestCategory="Notification" />
      </TestCategory>
      <Execution id="035bc804-c673-40d4-ab0a-15442b10224b" />
      <TestMethod codeBase="D:\actions-runner\_work\XPCO\XPCO\EventServer\GisMapCommunication\dotNet\VideoOS.GisMapCommunication.UnitTest\bin\Debug\VideoOS.GisMapCommunication.UnitTest.dll" adapterTypeName="executor://mstestadapter/v1" className="VideoOS.GisMapCommunication.UnitTest.Notification.NotificationClientFactoryTest" name="TestCreate_NotificationClientToken_Success" />
    </UnitTest>
    <UnitTest name="TestGetClient_WithNoServerRegistered_Fail" storage="d:\actions-runner\_work\xpco\xpco\eventserver\gismapcommunication\dotnet\videoos.gismapcommunication.unittest\bin\debug\videoos.gismapcommunication.unittest.dll" id="69f17527-235a-0227-2a49-80b6a271aabb">
      <TestCategory>
        <TestCategoryItem TestCategory="Layer" />
      </TestCategory>
      <Execution id="50565bc9-322d-40f6-ae7c-bc9b47b5558a" />
      <TestMethod codeBase="D:\actions-runner\_work\XPCO\XPCO\EventServer\GisMapCommunication\dotNet\VideoOS.GisMapCommunication.UnitTest\bin\Debug\VideoOS.GisMapCommunication.UnitTest.dll" adapterTypeName="executor://mstestadapter/v1" className="VideoOS.GisMapCommunication.Layer.UnitTest.LayerClientManagerTest" name="TestGetClient_WithNoServerRegistered_Fail" />
    </UnitTest>
    <UnitTest name="TestGetClient_WithNoServerRegisteredWithEmptyURIArrayAsNull_Fail" storage="d:\actions-runner\_work\xpco\xpco\eventserver\gismapcommunication\dotnet\videoos.gismapcommunication.unittest\bin\debug\videoos.gismapcommunication.unittest.dll" id="c7f8ff51-bf97-7dcb-415d-0e6fc96af5da">
      <TestCategory>
        <TestCategoryItem TestCategory="Notification" />
      </TestCategory>
      <Execution id="6c31149f-7814-43d0-b30c-93a3848abcdf" />
      <TestMethod codeBase="D:\actions-runner\_work\XPCO\XPCO\EventServer\GisMapCommunication\dotNet\VideoOS.GisMapCommunication.UnitTest\bin\Debug\VideoOS.GisMapCommunication.UnitTest.dll" adapterTypeName="executor://mstestadapter/v1" className="VideoOS.GisMapCommunication.Notification.UnitTest.NotificationClientManagerTest" name="TestGetClient_WithNoServerRegisteredWithEmptyURIArrayAsNull_Fail" />
    </UnitTest>
    <UnitTest name="TestAsyncClient_Success" storage="d:\actions-runner\_work\xpco\xpco\eventserver\gismapcommunication\dotnet\videoos.gismapcommunication.unittest\bin\debug\videoos.gismapcommunication.unittest.dll" id="ad5b1e97-2541-e461-cff5-699b0bc773a2">
      <Execution id="3ce25689-1eee-4efe-8906-9d1ca5fa7230" />
      <TestMethod codeBase="D:\actions-runner\_work\XPCO\XPCO\EventServer\GisMapCommunication\dotNet\VideoOS.GisMapCommunication.UnitTest\bin\Debug\VideoOS.GisMapCommunication.UnitTest.dll" adapterTypeName="executor://mstestadapter/v1" className="VideoOS.GisMapCommunication.UnitTest.Notification.NotificationClientTokenTest" name="TestAsyncClient_Success" />
    </UnitTest>
    <UnitTest name="TestHandleFaultException_MapCommandException_Success" storage="d:\actions-runner\_work\xpco\xpco\eventserver\gismapcommunication\dotnet\videoos.gismapcommunication.unittest\bin\debug\videoos.gismapcommunication.unittest.dll" id="f51c7da7-e1be-0510-1b9a-1089c45a6a9c">
      <TestCategory>
        <TestCategoryItem TestCategory="Exceptions" />
      </TestCategory>
      <Execution id="a642bcf9-2e56-44bd-8c92-8eb5787083f3" />
      <TestMethod codeBase="D:\actions-runner\_work\XPCO\XPCO\EventServer\GisMapCommunication\dotNet\VideoOS.GisMapCommunication.UnitTest\bin\Debug\VideoOS.GisMapCommunication.UnitTest.dll" adapterTypeName="executor://mstestadapter/v1" className="VideoOS.GisMapCommunication.UnitTest.Exceptions.FaultExceptionHandlerTest" name="TestHandleFaultException_MapCommandException_Success" />
    </UnitTest>
    <UnitTest name="TestClose_CloseOnce_Success" storage="d:\actions-runner\_work\xpco\xpco\eventserver\gismapcommunication\dotnet\videoos.gismapcommunication.unittest\bin\debug\videoos.gismapcommunication.unittest.dll" id="98579361-08a5-8ab9-6363-fde696b01f8f">
      <TestCategory>
        <TestCategoryItem TestCategory="Building" />
      </TestCategory>
      <Execution id="43db3565-9f29-43b6-aac7-3ec535a0a2f2" />
      <TestMethod codeBase="D:\actions-runner\_work\XPCO\XPCO\EventServer\GisMapCommunication\dotNet\VideoOS.GisMapCommunication.UnitTest\bin\Debug\VideoOS.GisMapCommunication.UnitTest.dll" adapterTypeName="executor://mstestadapter/v1" className="VideoOS.GisMapCommunication.Building.UnitTest.BuildingClientManagerTest" name="TestClose_CloseOnce_Success" />
    </UnitTest>
    <UnitTest name="TestConstructor_Success" storage="d:\actions-runner\_work\xpco\xpco\eventserver\gismapcommunication\dotnet\videoos.gismapcommunication.unittest\bin\debug\videoos.gismapcommunication.unittest.dll" id="8c9102e8-ee1c-f091-3751-fcaf449c41df">
      <TestCategory>
        <TestCategoryItem TestCategory="Notification" />
      </TestCategory>
      <Execution id="baff19f6-2810-4d3c-92f6-2f155cd79d39" />
      <TestMethod codeBase="D:\actions-runner\_work\XPCO\XPCO\EventServer\GisMapCommunication\dotNet\VideoOS.GisMapCommunication.UnitTest\bin\Debug\VideoOS.GisMapCommunication.UnitTest.dll" adapterTypeName="executor://mstestadapter/v1" className="VideoOS.GisMapCommunication.Notification.UnitTest.NotificationClientManagerTest" name="TestConstructor_Success" />
    </UnitTest>
    <UnitTest name="TestGetClient_GetNonCachedClient_Success" storage="d:\actions-runner\_work\xpco\xpco\eventserver\gismapcommunication\dotnet\videoos.gismapcommunication.unittest\bin\debug\videoos.gismapcommunication.unittest.dll" id="87b04739-f60f-0bf5-83da-9152edc81e85">
      <TestCategory>
        <TestCategoryItem TestCategory="Building" />
      </TestCategory>
      <Execution id="5e3fa168-5666-4a1c-a42a-57e984df457a" />
      <TestMethod codeBase="D:\actions-runner\_work\XPCO\XPCO\EventServer\GisMapCommunication\dotNet\VideoOS.GisMapCommunication.UnitTest\bin\Debug\VideoOS.GisMapCommunication.UnitTest.dll" adapterTypeName="executor://mstestadapter/v1" className="VideoOS.GisMapCommunication.Building.UnitTest.BuildingClientManagerTest" name="TestGetClient_GetNonCachedClient_Success" />
    </UnitTest>
    <UnitTest name="Test_GetClient_GetMultipleCachedClientWithDifferentReceiveTimeouts_Success" storage="d:\actions-runner\_work\xpco\xpco\eventserver\gismapcommunication\dotnet\videoos.gismapcommunication.unittest\bin\debug\videoos.gismapcommunication.unittest.dll" id="ae11c8cb-a987-b407-e9a7-83734b1a44a6">
      <TestCategory>
        <TestCategoryItem TestCategory="Mip" />
      </TestCategory>
      <Execution id="6f4f90da-08ca-4aa9-a1ce-acf95e4d2c24" />
      <TestMethod codeBase="D:\actions-runner\_work\XPCO\XPCO\EventServer\GisMapCommunication\dotNet\VideoOS.GisMapCommunication.UnitTest\bin\Debug\VideoOS.GisMapCommunication.UnitTest.dll" adapterTypeName="executor://mstestadapter/v1" className="VideoOS.GisMapCommunication.Mip.UnitTest.MipClientManagerTest" name="Test_GetClient_GetMultipleCachedClientWithDifferentReceiveTimeouts_Success" />
    </UnitTest>
    <UnitTest name="TestGetClient_GetCachedClient_Success" storage="d:\actions-runner\_work\xpco\xpco\eventserver\gismapcommunication\dotnet\videoos.gismapcommunication.unittest\bin\debug\videoos.gismapcommunication.unittest.dll" id="0f0797e0-549e-72f8-0344-31d1cda7985a">
      <TestCategory>
        <TestCategoryItem TestCategory="Mip" />
      </TestCategory>
      <Execution id="e7b602f9-6d08-45a5-a961-a0a4110009db" />
      <TestMethod codeBase="D:\actions-runner\_work\XPCO\XPCO\EventServer\GisMapCommunication\dotNet\VideoOS.GisMapCommunication.UnitTest\bin\Debug\VideoOS.GisMapCommunication.UnitTest.dll" adapterTypeName="executor://mstestadapter/v1" className="VideoOS.GisMapCommunication.Mip.UnitTest.MipClientManagerTest" name="TestGetClient_GetCachedClient_Success" />
    </UnitTest>
    <UnitTest name="TestConstructor_Success" storage="d:\actions-runner\_work\xpco\xpco\eventserver\gismapcommunication\dotnet\videoos.gismapcommunication.unittest\bin\debug\videoos.gismapcommunication.unittest.dll" id="ef9d1d67-9fef-0a95-c736-6955c6b3c992">
      <TestCategory>
        <TestCategoryItem TestCategory="Mip" />
      </TestCategory>
      <Execution id="f0703e6c-a060-46fb-8e78-2238276f72f1" />
      <TestMethod codeBase="D:\actions-runner\_work\XPCO\XPCO\EventServer\GisMapCommunication\dotNet\VideoOS.GisMapCommunication.UnitTest\bin\Debug\VideoOS.GisMapCommunication.UnitTest.dll" adapterTypeName="executor://mstestadapter/v1" className="VideoOS.GisMapCommunication.Mip.UnitTest.MipClientManagerTest" name="TestConstructor_Success" />
    </UnitTest>
    <UnitTest name="TestAsyncLayerClientCredentials_Success" storage="d:\actions-runner\_work\xpco\xpco\eventserver\gismapcommunication\dotnet\videoos.gismapcommunication.unittest\bin\debug\videoos.gismapcommunication.unittest.dll" id="14302f51-43df-c475-46c9-343092a499c8">
      <Execution id="f08d5d33-345c-4765-9eac-141860aa7daf" />
      <TestMethod codeBase="D:\actions-runner\_work\XPCO\XPCO\EventServer\GisMapCommunication\dotNet\VideoOS.GisMapCommunication.UnitTest\bin\Debug\VideoOS.GisMapCommunication.UnitTest.dll" adapterTypeName="executor://mstestadapter/v1" className="VideoOS.GisMapCommunication.UnitTest.Layer.LayerClientCredentialsTest" name="TestAsyncLayerClientCredentials_Success" />
    </UnitTest>
    <UnitTest name="Test_GetClient_GetMultipleCachedClient_Success" storage="d:\actions-runner\_work\xpco\xpco\eventserver\gismapcommunication\dotnet\videoos.gismapcommunication.unittest\bin\debug\videoos.gismapcommunication.unittest.dll" id="e3734694-e2df-3924-56c4-b3c196d5972e">
      <TestCategory>
        <TestCategoryItem TestCategory="Mip" />
      </TestCategory>
      <Execution id="519f8863-d4aa-4613-b264-3d42023b1622" />
      <TestMethod codeBase="D:\actions-runner\_work\XPCO\XPCO\EventServer\GisMapCommunication\dotNet\VideoOS.GisMapCommunication.UnitTest\bin\Debug\VideoOS.GisMapCommunication.UnitTest.dll" adapterTypeName="executor://mstestadapter/v1" className="VideoOS.GisMapCommunication.Mip.UnitTest.MipClientManagerTest" name="Test_GetClient_GetMultipleCachedClient_Success" />
    </UnitTest>
    <UnitTest name="TestAsyncRepositoryClientCredentials_Success" storage="d:\actions-runner\_work\xpco\xpco\eventserver\gismapcommunication\dotnet\videoos.gismapcommunication.unittest\bin\debug\videoos.gismapcommunication.unittest.dll" id="178bc9c5-ee73-c8ed-6368-37c37963d5ac">
      <Execution id="c4233dd9-8435-44ec-8a91-ca1a29c0e5bd" />
      <TestMethod codeBase="D:\actions-runner\_work\XPCO\XPCO\EventServer\GisMapCommunication\dotNet\VideoOS.GisMapCommunication.UnitTest\bin\Debug\VideoOS.GisMapCommunication.UnitTest.dll" adapterTypeName="executor://mstestadapter/v1" className="VideoOS.GisMapCommunication.UnitTest.Repository.RepositoryClientCredentialsTest" name="TestAsyncRepositoryClientCredentials_Success" />
    </UnitTest>
    <UnitTest name="TestGetClient_GetNonCachedClient_Success" storage="d:\actions-runner\_work\xpco\xpco\eventserver\gismapcommunication\dotnet\videoos.gismapcommunication.unittest\bin\debug\videoos.gismapcommunication.unittest.dll" id="1b61f703-6ff4-745f-0981-7b556d658fd6">
      <TestCategory>
        <TestCategoryItem TestCategory="Notification" />
      </TestCategory>
      <Execution id="70b5877e-3d61-433e-9007-6d09140e7be4" />
      <TestMethod codeBase="D:\actions-runner\_work\XPCO\XPCO\EventServer\GisMapCommunication\dotNet\VideoOS.GisMapCommunication.UnitTest\bin\Debug\VideoOS.GisMapCommunication.UnitTest.dll" adapterTypeName="executor://mstestadapter/v1" className="VideoOS.GisMapCommunication.Notification.UnitTest.NotificationClientManagerTest" name="TestGetClient_GetNonCachedClient_Success" />
    </UnitTest>
    <UnitTest name="TestCreate_NoLoginSettings_Fail" storage="d:\actions-runner\_work\xpco\xpco\eventserver\gismapcommunication\dotnet\videoos.gismapcommunication.unittest\bin\debug\videoos.gismapcommunication.unittest.dll" id="049748b8-6670-1088-9496-4788b78a2e7a">
      <TestCategory>
        <TestCategoryItem TestCategory="Repository" />
      </TestCategory>
      <Execution id="dfd1a88f-4b8a-4342-9a4e-49a1dd2b27d5" />
      <TestMethod codeBase="D:\actions-runner\_work\XPCO\XPCO\EventServer\GisMapCommunication\dotNet\VideoOS.GisMapCommunication.UnitTest\bin\Debug\VideoOS.GisMapCommunication.UnitTest.dll" adapterTypeName="executor://mstestadapter/v1" className="VideoOS.GisMapCommunication.UnitTest.Repository.RepositoryClientFactoryTest" name="TestCreate_NoLoginSettings_Fail" />
    </UnitTest>
    <UnitTest name="TestHandleFaultException_MapCommandInvalidAuthenticationException_Success" storage="d:\actions-runner\_work\xpco\xpco\eventserver\gismapcommunication\dotnet\videoos.gismapcommunication.unittest\bin\debug\videoos.gismapcommunication.unittest.dll" id="f42ca6c0-67dc-a10d-d997-6812f7e2d519">
      <TestCategory>
        <TestCategoryItem TestCategory="Exceptions" />
      </TestCategory>
      <Execution id="5bb165f9-bad8-4a2c-8035-d1ed758ae5cc" />
      <TestMethod codeBase="D:\actions-runner\_work\XPCO\XPCO\EventServer\GisMapCommunication\dotNet\VideoOS.GisMapCommunication.UnitTest\bin\Debug\VideoOS.GisMapCommunication.UnitTest.dll" adapterTypeName="executor://mstestadapter/v1" className="VideoOS.GisMapCommunication.UnitTest.Exceptions.FaultExceptionHandlerTest" name="TestHandleFaultException_MapCommandInvalidAuthenticationException_Success" />
    </UnitTest>
    <UnitTest name="TestClose_CloseTwice_Success" storage="d:\actions-runner\_work\xpco\xpco\eventserver\gismapcommunication\dotnet\videoos.gismapcommunication.unittest\bin\debug\videoos.gismapcommunication.unittest.dll" id="972d0bfe-505e-1447-6514-7e017928302a">
      <TestCategory>
        <TestCategoryItem TestCategory="Map" />
      </TestCategory>
      <Execution id="8244fd41-7b27-4129-ba99-c50fb05dd785" />
      <TestMethod codeBase="D:\actions-runner\_work\XPCO\XPCO\EventServer\GisMapCommunication\dotNet\VideoOS.GisMapCommunication.UnitTest\bin\Debug\VideoOS.GisMapCommunication.UnitTest.dll" adapterTypeName="executor://mstestadapter/v1" className="VideoOS.GisMapCommunication.Map.UnitTest.MapClientManagerTest" name="TestClose_CloseTwice_Success" />
    </UnitTest>
    <UnitTest name="TestGetClient_WithNoServerRegisteredAsNull_Fail" storage="d:\actions-runner\_work\xpco\xpco\eventserver\gismapcommunication\dotnet\videoos.gismapcommunication.unittest\bin\debug\videoos.gismapcommunication.unittest.dll" id="170df6f3-1725-a4eb-6d32-3fb995459b6b">
      <TestCategory>
        <TestCategoryItem TestCategory="Layer" />
      </TestCategory>
      <Execution id="df0c21d5-7032-4413-a9b4-5d8d1c84debb" />
      <TestMethod codeBase="D:\actions-runner\_work\XPCO\XPCO\EventServer\GisMapCommunication\dotNet\VideoOS.GisMapCommunication.UnitTest\bin\Debug\VideoOS.GisMapCommunication.UnitTest.dll" adapterTypeName="executor://mstestadapter/v1" className="VideoOS.GisMapCommunication.Layer.UnitTest.LayerClientManagerTest" name="TestGetClient_WithNoServerRegisteredAsNull_Fail" />
    </UnitTest>
    <UnitTest name="TestAsyncBuildingClientCredentials_Success" storage="d:\actions-runner\_work\xpco\xpco\eventserver\gismapcommunication\dotnet\videoos.gismapcommunication.unittest\bin\debug\videoos.gismapcommunication.unittest.dll" id="db846ad5-7113-8019-425f-5517aca6c1c9">
      <Execution id="77466bc3-af53-4e26-9a0a-876c22c658bc" />
      <TestMethod codeBase="D:\actions-runner\_work\XPCO\XPCO\EventServer\GisMapCommunication\dotNet\VideoOS.GisMapCommunication.UnitTest\bin\Debug\VideoOS.GisMapCommunication.UnitTest.dll" adapterTypeName="executor://mstestadapter/v1" className="VideoOS.GisMapCommunication.UnitTest.Building.BuildingClientCredentialsTest" name="TestAsyncBuildingClientCredentials_Success" />
    </UnitTest>
    <UnitTest name="TestGetClient_GetMultipleClient_Success" storage="d:\actions-runner\_work\xpco\xpco\eventserver\gismapcommunication\dotnet\videoos.gismapcommunication.unittest\bin\debug\videoos.gismapcommunication.unittest.dll" id="972723fd-ef0c-af7e-3fd7-d36230eee9ae">
      <TestCategory>
        <TestCategoryItem TestCategory="Notification" />
      </TestCategory>
      <Execution id="9a903c71-83cf-46b8-ab82-738f60b7f495" />
      <TestMethod codeBase="D:\actions-runner\_work\XPCO\XPCO\EventServer\GisMapCommunication\dotNet\VideoOS.GisMapCommunication.UnitTest\bin\Debug\VideoOS.GisMapCommunication.UnitTest.dll" adapterTypeName="executor://mstestadapter/v1" className="VideoOS.GisMapCommunication.Notification.UnitTest.NotificationClientManagerTest" name="TestGetClient_GetMultipleClient_Success" />
    </UnitTest>
    <UnitTest name="TestBuildingClientCredentials_Success" storage="d:\actions-runner\_work\xpco\xpco\eventserver\gismapcommunication\dotnet\videoos.gismapcommunication.unittest\bin\debug\videoos.gismapcommunication.unittest.dll" id="31db4242-f1e9-f792-eabb-31b52bd89d04">
      <Execution id="6c142b8a-a66f-4a3e-b49b-3bbe86ab8d5b" />
      <TestMethod codeBase="D:\actions-runner\_work\XPCO\XPCO\EventServer\GisMapCommunication\dotNet\VideoOS.GisMapCommunication.UnitTest\bin\Debug\VideoOS.GisMapCommunication.UnitTest.dll" adapterTypeName="executor://mstestadapter/v1" className="VideoOS.GisMapCommunication.UnitTest.Building.BuildingClientCredentialsTest" name="TestBuildingClientCredentials_Success" />
    </UnitTest>
    <UnitTest name="TestCreate_NoLoginSettings_Fail" storage="d:\actions-runner\_work\xpco\xpco\eventserver\gismapcommunication\dotnet\videoos.gismapcommunication.unittest\bin\debug\videoos.gismapcommunication.unittest.dll" id="1df33aa2-125a-a46c-bc74-f09e5071ebfa">
      <TestCategory>
        <TestCategoryItem TestCategory="Item" />
      </TestCategory>
      <Execution id="e6240a3f-553a-496e-a830-6ec629f2bb97" />
      <TestMethod codeBase="D:\actions-runner\_work\XPCO\XPCO\EventServer\GisMapCommunication\dotNet\VideoOS.GisMapCommunication.UnitTest\bin\Debug\VideoOS.GisMapCommunication.UnitTest.dll" adapterTypeName="executor://mstestadapter/v1" className="VideoOS.GisMapCommunication.UnitTest.Item.ItemClientFactoryTest" name="TestCreate_NoLoginSettings_Fail" />
    </UnitTest>
    <UnitTest name="TestGetClient_WithNoServerRegisteredAsNull_Fail" storage="d:\actions-runner\_work\xpco\xpco\eventserver\gismapcommunication\dotnet\videoos.gismapcommunication.unittest\bin\debug\videoos.gismapcommunication.unittest.dll" id="46e7879a-880f-871f-f631-67adf9865812">
      <TestCategory>
        <TestCategoryItem TestCategory="Repository" />
      </TestCategory>
      <Execution id="65c03a44-7b23-4d7c-a03a-09c503c69b3f" />
      <TestMethod codeBase="D:\actions-runner\_work\XPCO\XPCO\EventServer\GisMapCommunication\dotNet\VideoOS.GisMapCommunication.UnitTest\bin\Debug\VideoOS.GisMapCommunication.UnitTest.dll" adapterTypeName="executor://mstestadapter/v1" className="VideoOS.GisMapCommunication.Repository.UnitTest.RepositoryClientManagerTest" name="TestGetClient_WithNoServerRegisteredAsNull_Fail" />
    </UnitTest>
    <UnitTest name="TestGetClient_GetMultipleClient_Success" storage="d:\actions-runner\_work\xpco\xpco\eventserver\gismapcommunication\dotnet\videoos.gismapcommunication.unittest\bin\debug\videoos.gismapcommunication.unittest.dll" id="f80f21b2-1c1d-3163-2d10-7e2a8bdd1ce1">
      <TestCategory>
        <TestCategoryItem TestCategory="Layer" />
      </TestCategory>
      <Execution id="a8251e91-7c9b-4975-9dc7-f134b69dbc22" />
      <TestMethod codeBase="D:\actions-runner\_work\XPCO\XPCO\EventServer\GisMapCommunication\dotNet\VideoOS.GisMapCommunication.UnitTest\bin\Debug\VideoOS.GisMapCommunication.UnitTest.dll" adapterTypeName="executor://mstestadapter/v1" className="VideoOS.GisMapCommunication.Layer.UnitTest.LayerClientManagerTest" name="TestGetClient_GetMultipleClient_Success" />
    </UnitTest>
    <UnitTest name="TestGetClient_GetMultipleClient_Success" storage="d:\actions-runner\_work\xpco\xpco\eventserver\gismapcommunication\dotnet\videoos.gismapcommunication.unittest\bin\debug\videoos.gismapcommunication.unittest.dll" id="86837c83-5a87-d557-c693-9c06ebf1b16a">
      <TestCategory>
        <TestCategoryItem TestCategory="Map" />
      </TestCategory>
      <Execution id="440aef88-4016-4521-9d11-7b766e652ad5" />
      <TestMethod codeBase="D:\actions-runner\_work\XPCO\XPCO\EventServer\GisMapCommunication\dotNet\VideoOS.GisMapCommunication.UnitTest\bin\Debug\VideoOS.GisMapCommunication.UnitTest.dll" adapterTypeName="executor://mstestadapter/v1" className="VideoOS.GisMapCommunication.Map.UnitTest.MapClientManagerTest" name="TestGetClient_GetMultipleClient_Success" />
    </UnitTest>
    <UnitTest name="Test_GetClient_GetMultipleCachedClientWithDifferentReceiveTimeouts_Success" storage="d:\actions-runner\_work\xpco\xpco\eventserver\gismapcommunication\dotnet\videoos.gismapcommunication.unittest\bin\debug\videoos.gismapcommunication.unittest.dll" id="2c440586-2d7e-eefe-1f6b-a13c71d3cd69">
      <TestCategory>
        <TestCategoryItem TestCategory="Layer" />
      </TestCategory>
      <Execution id="6b488a76-0a4f-43e4-8ddf-8fa5b3ee5c67" />
      <TestMethod codeBase="D:\actions-runner\_work\XPCO\XPCO\EventServer\GisMapCommunication\dotNet\VideoOS.GisMapCommunication.UnitTest\bin\Debug\VideoOS.GisMapCommunication.UnitTest.dll" adapterTypeName="executor://mstestadapter/v1" className="VideoOS.GisMapCommunication.Layer.UnitTest.LayerClientManagerTest" name="Test_GetClient_GetMultipleCachedClientWithDifferentReceiveTimeouts_Success" />
    </UnitTest>
    <UnitTest name="TestGetClient_WithNoServerRegistered_Fail" storage="d:\actions-runner\_work\xpco\xpco\eventserver\gismapcommunication\dotnet\videoos.gismapcommunication.unittest\bin\debug\videoos.gismapcommunication.unittest.dll" id="eb6c8245-5880-cf97-3dcb-08b639acbd80">
      <TestCategory>
        <TestCategoryItem TestCategory="Map" />
      </TestCategory>
      <Execution id="9c655269-5b99-4f3c-b88c-3ebc290751b2" />
      <TestMethod codeBase="D:\actions-runner\_work\XPCO\XPCO\EventServer\GisMapCommunication\dotNet\VideoOS.GisMapCommunication.UnitTest\bin\Debug\VideoOS.GisMapCommunication.UnitTest.dll" adapterTypeName="executor://mstestadapter/v1" className="VideoOS.GisMapCommunication.Map.UnitTest.MapClientManagerTest" name="TestGetClient_WithNoServerRegistered_Fail" />
    </UnitTest>
    <UnitTest name="TestGetClient_WithNoServerRegisteredWithEmptyURIArray_Fail" storage="d:\actions-runner\_work\xpco\xpco\eventserver\gismapcommunication\dotnet\videoos.gismapcommunication.unittest\bin\debug\videoos.gismapcommunication.unittest.dll" id="8978a26f-47fe-cd3a-c9a5-6fbbe4f1a2f4">
      <TestCategory>
        <TestCategoryItem TestCategory="Building" />
      </TestCategory>
      <Execution id="2d16b63c-3a1a-46be-a978-660dd0b24c5e" />
      <TestMethod codeBase="D:\actions-runner\_work\XPCO\XPCO\EventServer\GisMapCommunication\dotNet\VideoOS.GisMapCommunication.UnitTest\bin\Debug\VideoOS.GisMapCommunication.UnitTest.dll" adapterTypeName="executor://mstestadapter/v1" className="VideoOS.GisMapCommunication.Building.UnitTest.BuildingClientManagerTest" name="TestGetClient_WithNoServerRegisteredWithEmptyURIArray_Fail" />
    </UnitTest>
    <UnitTest name="TestClient_Success" storage="d:\actions-runner\_work\xpco\xpco\eventserver\gismapcommunication\dotnet\videoos.gismapcommunication.unittest\bin\debug\videoos.gismapcommunication.unittest.dll" id="8e4ddd57-b069-441f-72d6-54c4a14448d4">
      <Execution id="1b4742d0-9113-4ed0-bafd-470ca51724c7" />
      <TestMethod codeBase="D:\actions-runner\_work\XPCO\XPCO\EventServer\GisMapCommunication\dotNet\VideoOS.GisMapCommunication.UnitTest\bin\Debug\VideoOS.GisMapCommunication.UnitTest.dll" adapterTypeName="executor://mstestadapter/v1" className="VideoOS.GisMapCommunication.UnitTest.Notification.NotificationClientTokenTest" name="TestClient_Success" />
    </UnitTest>
    <UnitTest name="TestAsyncClient_Success" storage="d:\actions-runner\_work\xpco\xpco\eventserver\gismapcommunication\dotnet\videoos.gismapcommunication.unittest\bin\debug\videoos.gismapcommunication.unittest.dll" id="62b3c773-1683-705a-4d69-5ff52ec77d69">
      <Execution id="ae6b0825-8904-49dd-9110-28bdd0e60cc8" />
      <TestMethod codeBase="D:\actions-runner\_work\XPCO\XPCO\EventServer\GisMapCommunication\dotNet\VideoOS.GisMapCommunication.UnitTest\bin\Debug\VideoOS.GisMapCommunication.UnitTest.dll" adapterTypeName="executor://mstestadapter/v1" className="VideoOS.GisMapCommunication.UnitTest.Layer.LayerClientTokenTest" name="TestAsyncClient_Success" />
    </UnitTest>
    <UnitTest name="TestHandleFaultException_NullError_Failure" storage="d:\actions-runner\_work\xpco\xpco\eventserver\gismapcommunication\dotnet\videoos.gismapcommunication.unittest\bin\debug\videoos.gismapcommunication.unittest.dll" id="b44a1a70-81ff-3c11-dceb-5924287779ed">
      <TestCategory>
        <TestCategoryItem TestCategory="Exceptions" />
      </TestCategory>
      <Execution id="6ec1e24e-6ac1-44b4-b572-56f871c029cd" />
      <TestMethod codeBase="D:\actions-runner\_work\XPCO\XPCO\EventServer\GisMapCommunication\dotNet\VideoOS.GisMapCommunication.UnitTest\bin\Debug\VideoOS.GisMapCommunication.UnitTest.dll" adapterTypeName="executor://mstestadapter/v1" className="VideoOS.GisMapCommunication.UnitTest.Exceptions.FaultExceptionHandlerTest" name="TestHandleFaultException_NullError_Failure" />
    </UnitTest>
    <UnitTest name="TestGetClient_WithNoServerRegisteredWithEmptyURIArrayAsNull_Fail" storage="d:\actions-runner\_work\xpco\xpco\eventserver\gismapcommunication\dotnet\videoos.gismapcommunication.unittest\bin\debug\videoos.gismapcommunication.unittest.dll" id="eb1261a4-e38a-eeb1-df89-45c5ae33da0d">
      <TestCategory>
        <TestCategoryItem TestCategory="Map" />
      </TestCategory>
      <Execution id="5141fc4c-8766-4e2d-96fc-28879e1b6a4c" />
      <TestMethod codeBase="D:\actions-runner\_work\XPCO\XPCO\EventServer\GisMapCommunication\dotNet\VideoOS.GisMapCommunication.UnitTest\bin\Debug\VideoOS.GisMapCommunication.UnitTest.dll" adapterTypeName="executor://mstestadapter/v1" className="VideoOS.GisMapCommunication.Map.UnitTest.MapClientManagerTest" name="TestGetClient_WithNoServerRegisteredWithEmptyURIArrayAsNull_Fail" />
    </UnitTest>
    <UnitTest name="TestClose_CloseOnce_Success" storage="d:\actions-runner\_work\xpco\xpco\eventserver\gismapcommunication\dotnet\videoos.gismapcommunication.unittest\bin\debug\videoos.gismapcommunication.unittest.dll" id="062c8629-e040-9ec6-6a3d-1099d514d7f1">
      <TestCategory>
        <TestCategoryItem TestCategory="Layer" />
      </TestCategory>
      <Execution id="529cec0b-df2f-4e2d-b316-4de8e6890136" />
      <TestMethod codeBase="D:\actions-runner\_work\XPCO\XPCO\EventServer\GisMapCommunication\dotNet\VideoOS.GisMapCommunication.UnitTest\bin\Debug\VideoOS.GisMapCommunication.UnitTest.dll" adapterTypeName="executor://mstestadapter/v1" className="VideoOS.GisMapCommunication.Layer.UnitTest.LayerClientManagerTest" name="TestClose_CloseOnce_Success" />
    </UnitTest>
    <UnitTest name="TestGetClient_WithNoServerRegisteredAsNull_Fail" storage="d:\actions-runner\_work\xpco\xpco\eventserver\gismapcommunication\dotnet\videoos.gismapcommunication.unittest\bin\debug\videoos.gismapcommunication.unittest.dll" id="d1b02e2a-902b-16d2-ad55-e8b02e418e32">
      <TestCategory>
        <TestCategoryItem TestCategory="Notification" />
      </TestCategory>
      <Execution id="f09a1e08-9986-4f2f-ba19-23d8298ce635" />
      <TestMethod codeBase="D:\actions-runner\_work\XPCO\XPCO\EventServer\GisMapCommunication\dotNet\VideoOS.GisMapCommunication.UnitTest\bin\Debug\VideoOS.GisMapCommunication.UnitTest.dll" adapterTypeName="executor://mstestadapter/v1" className="VideoOS.GisMapCommunication.Notification.UnitTest.NotificationClientManagerTest" name="TestGetClient_WithNoServerRegisteredAsNull_Fail" />
    </UnitTest>
    <UnitTest name="TestGetClient_WithNoServerRegistered_Fail" storage="d:\actions-runner\_work\xpco\xpco\eventserver\gismapcommunication\dotnet\videoos.gismapcommunication.unittest\bin\debug\videoos.gismapcommunication.unittest.dll" id="94ad038f-760f-7ad6-f12e-4866b6e23a2d">
      <TestCategory>
        <TestCategoryItem TestCategory="Item" />
      </TestCategory>
      <Execution id="061840c9-9dd2-4266-aa3c-d142eb56f093" />
      <TestMethod codeBase="D:\actions-runner\_work\XPCO\XPCO\EventServer\GisMapCommunication\dotNet\VideoOS.GisMapCommunication.UnitTest\bin\Debug\VideoOS.GisMapCommunication.UnitTest.dll" adapterTypeName="executor://mstestadapter/v1" className="VideoOS.GisMapCommunication.Item.UnitTest.ItemClientManagerTest" name="TestGetClient_WithNoServerRegistered_Fail" />
    </UnitTest>
    <UnitTest name="TestClose_MultipleClient_Success" storage="d:\actions-runner\_work\xpco\xpco\eventserver\gismapcommunication\dotnet\videoos.gismapcommunication.unittest\bin\debug\videoos.gismapcommunication.unittest.dll" id="8f2afdf2-a36c-5c2d-0dfb-19a340aab4d5">
      <TestCategory>
        <TestCategoryItem TestCategory="Repository" />
      </TestCategory>
      <Execution id="f3aba397-3f13-4a33-a222-44cd4eca9112" />
      <TestMethod codeBase="D:\actions-runner\_work\XPCO\XPCO\EventServer\GisMapCommunication\dotNet\VideoOS.GisMapCommunication.UnitTest\bin\Debug\VideoOS.GisMapCommunication.UnitTest.dll" adapterTypeName="executor://mstestadapter/v1" className="VideoOS.GisMapCommunication.Repository.UnitTest.RepositoryClientManagerTest" name="TestClose_MultipleClient_Success" />
    </UnitTest>
    <UnitTest name="Test_GetClient_GetMultipleCachedClient_Success" storage="d:\actions-runner\_work\xpco\xpco\eventserver\gismapcommunication\dotnet\videoos.gismapcommunication.unittest\bin\debug\videoos.gismapcommunication.unittest.dll" id="6a833d54-0b77-9f2f-b091-6a5f5e6e76ec">
      <TestCategory>
        <TestCategoryItem TestCategory="Item" />
      </TestCategory>
      <Execution id="785e399e-16fd-4101-927f-f0faffdb048e" />
      <TestMethod codeBase="D:\actions-runner\_work\XPCO\XPCO\EventServer\GisMapCommunication\dotNet\VideoOS.GisMapCommunication.UnitTest\bin\Debug\VideoOS.GisMapCommunication.UnitTest.dll" adapterTypeName="executor://mstestadapter/v1" className="VideoOS.GisMapCommunication.Item.UnitTest.ItemClientManagerTest" name="Test_GetClient_GetMultipleCachedClient_Success" />
    </UnitTest>
    <UnitTest name="TestGetClient_GetCachedClient_Success" storage="d:\actions-runner\_work\xpco\xpco\eventserver\gismapcommunication\dotnet\videoos.gismapcommunication.unittest\bin\debug\videoos.gismapcommunication.unittest.dll" id="89333955-1b69-0b32-1918-59774ede666f">
      <TestCategory>
        <TestCategoryItem TestCategory="Layer" />
      </TestCategory>
      <Execution id="48f830be-8a81-419c-afe1-d2a6df24a178" />
      <TestMethod codeBase="D:\actions-runner\_work\XPCO\XPCO\EventServer\GisMapCommunication\dotNet\VideoOS.GisMapCommunication.UnitTest\bin\Debug\VideoOS.GisMapCommunication.UnitTest.dll" adapterTypeName="executor://mstestadapter/v1" className="VideoOS.GisMapCommunication.Layer.UnitTest.LayerClientManagerTest" name="TestGetClient_GetCachedClient_Success" />
    </UnitTest>
    <UnitTest name="TestClose_CloseTwice_Success" storage="d:\actions-runner\_work\xpco\xpco\eventserver\gismapcommunication\dotnet\videoos.gismapcommunication.unittest\bin\debug\videoos.gismapcommunication.unittest.dll" id="82aff213-7592-c812-d716-7e1aaf09ef01">
      <TestCategory>
        <TestCategoryItem TestCategory="Layer" />
      </TestCategory>
      <Execution id="c41812fc-3171-4589-a80d-87522fddddc5" />
      <TestMethod codeBase="D:\actions-runner\_work\XPCO\XPCO\EventServer\GisMapCommunication\dotNet\VideoOS.GisMapCommunication.UnitTest\bin\Debug\VideoOS.GisMapCommunication.UnitTest.dll" adapterTypeName="executor://mstestadapter/v1" className="VideoOS.GisMapCommunication.Layer.UnitTest.LayerClientManagerTest" name="TestClose_CloseTwice_Success" />
    </UnitTest>
    <UnitTest name="TestClose_MultipleClient_Success" storage="d:\actions-runner\_work\xpco\xpco\eventserver\gismapcommunication\dotnet\videoos.gismapcommunication.unittest\bin\debug\videoos.gismapcommunication.unittest.dll" id="c62b74e8-ab1b-aea8-cce4-2aa314daf422">
      <TestCategory>
        <TestCategoryItem TestCategory="Item" />
      </TestCategory>
      <Execution id="a469ddeb-5d8e-4118-9b6e-d374bc94e401" />
      <TestMethod codeBase="D:\actions-runner\_work\XPCO\XPCO\EventServer\GisMapCommunication\dotNet\VideoOS.GisMapCommunication.UnitTest\bin\Debug\VideoOS.GisMapCommunication.UnitTest.dll" adapterTypeName="executor://mstestadapter/v1" className="VideoOS.GisMapCommunication.Item.UnitTest.ItemClientManagerTest" name="TestClose_MultipleClient_Success" />
    </UnitTest>
    <UnitTest name="TestClose_MultipleClient_Success" storage="d:\actions-runner\_work\xpco\xpco\eventserver\gismapcommunication\dotnet\videoos.gismapcommunication.unittest\bin\debug\videoos.gismapcommunication.unittest.dll" id="5221273e-5fcf-c98e-fbb6-c2d2312ee250">
      <TestCategory>
        <TestCategoryItem TestCategory="Map" />
      </TestCategory>
      <Execution id="6af73798-0e05-4139-81f4-6b5aa1d77f31" />
      <TestMethod codeBase="D:\actions-runner\_work\XPCO\XPCO\EventServer\GisMapCommunication\dotNet\VideoOS.GisMapCommunication.UnitTest\bin\Debug\VideoOS.GisMapCommunication.UnitTest.dll" adapterTypeName="executor://mstestadapter/v1" className="VideoOS.GisMapCommunication.Map.UnitTest.MapClientManagerTest" name="TestClose_MultipleClient_Success" />
    </UnitTest>
    <UnitTest name="TestGetClient_WithNoServerRegisteredWithEmptyURIArray_Fail" storage="d:\actions-runner\_work\xpco\xpco\eventserver\gismapcommunication\dotnet\videoos.gismapcommunication.unittest\bin\debug\videoos.gismapcommunication.unittest.dll" id="6e58b2a3-785f-bbf5-4698-edff7ec91400">
      <TestCategory>
        <TestCategoryItem TestCategory="Notification" />
      </TestCategory>
      <Execution id="49ded17e-4992-43c8-b205-0cc7a0e7bf06" />
      <TestMethod codeBase="D:\actions-runner\_work\XPCO\XPCO\EventServer\GisMapCommunication\dotNet\VideoOS.GisMapCommunication.UnitTest\bin\Debug\VideoOS.GisMapCommunication.UnitTest.dll" adapterTypeName="executor://mstestadapter/v1" className="VideoOS.GisMapCommunication.Notification.UnitTest.NotificationClientManagerTest" name="TestGetClient_WithNoServerRegisteredWithEmptyURIArray_Fail" />
    </UnitTest>
    <UnitTest name="TestCreate_NoLoginSettings_Fail" storage="d:\actions-runner\_work\xpco\xpco\eventserver\gismapcommunication\dotnet\videoos.gismapcommunication.unittest\bin\debug\videoos.gismapcommunication.unittest.dll" id="23acc84b-5deb-7d81-129c-929868ce93e9">
      <TestCategory>
        <TestCategoryItem TestCategory="Building" />
      </TestCategory>
      <Execution id="27022723-694a-4511-bd57-b5088d4304aa" />
      <TestMethod codeBase="D:\actions-runner\_work\XPCO\XPCO\EventServer\GisMapCommunication\dotNet\VideoOS.GisMapCommunication.UnitTest\bin\Debug\VideoOS.GisMapCommunication.UnitTest.dll" adapterTypeName="executor://mstestadapter/v1" className="VideoOS.GisMapCommunication.UnitTest.Building.BuildingClientFactoryTest" name="TestCreate_NoLoginSettings_Fail" />
    </UnitTest>
    <UnitTest name="TestAsyncNotificationClientCredentials_Success" storage="d:\actions-runner\_work\xpco\xpco\eventserver\gismapcommunication\dotnet\videoos.gismapcommunication.unittest\bin\debug\videoos.gismapcommunication.unittest.dll" id="4f3522a5-5b9a-7984-c3f2-43f97042f30f">
      <Execution id="90847c14-24d7-4eee-bc16-8266b4458302" />
      <TestMethod codeBase="D:\actions-runner\_work\XPCO\XPCO\EventServer\GisMapCommunication\dotNet\VideoOS.GisMapCommunication.UnitTest\bin\Debug\VideoOS.GisMapCommunication.UnitTest.dll" adapterTypeName="executor://mstestadapter/v1" className="VideoOS.GisMapCommunication.UnitTest.Notification.NotificationClientCredentialsTest" name="TestAsyncNotificationClientCredentials_Success" />
    </UnitTest>
    <UnitTest name="Test_GetClient_GetMultipleCachedClient_Success" storage="d:\actions-runner\_work\xpco\xpco\eventserver\gismapcommunication\dotnet\videoos.gismapcommunication.unittest\bin\debug\videoos.gismapcommunication.unittest.dll" id="054e91c3-d54a-b15d-806d-fd29420eafe5">
      <TestCategory>
        <TestCategoryItem TestCategory="Layer" />
      </TestCategory>
      <Execution id="9185149b-3409-4079-b242-f47e58b428f0" />
      <TestMethod codeBase="D:\actions-runner\_work\XPCO\XPCO\EventServer\GisMapCommunication\dotNet\VideoOS.GisMapCommunication.UnitTest\bin\Debug\VideoOS.GisMapCommunication.UnitTest.dll" adapterTypeName="executor://mstestadapter/v1" className="VideoOS.GisMapCommunication.Layer.UnitTest.LayerClientManagerTest" name="Test_GetClient_GetMultipleCachedClient_Success" />
    </UnitTest>
    <UnitTest name="TestCreate_RepositoryClientCredentials_Success" storage="d:\actions-runner\_work\xpco\xpco\eventserver\gismapcommunication\dotnet\videoos.gismapcommunication.unittest\bin\debug\videoos.gismapcommunication.unittest.dll" id="867f0bc1-b429-0e92-4599-2bd4af570f6e">
      <TestCategory>
        <TestCategoryItem TestCategory="Repository" />
      </TestCategory>
      <Execution id="0eb94151-a655-4a0a-826a-c90f533d474f" />
      <TestMethod codeBase="D:\actions-runner\_work\XPCO\XPCO\EventServer\GisMapCommunication\dotNet\VideoOS.GisMapCommunication.UnitTest\bin\Debug\VideoOS.GisMapCommunication.UnitTest.dll" adapterTypeName="executor://mstestadapter/v1" className="VideoOS.GisMapCommunication.UnitTest.Repository.RepositoryClientFactoryTest" name="TestCreate_RepositoryClientCredentials_Success" />
    </UnitTest>
    <UnitTest name="TestGetClient_WithNoServerRegistered_Fail" storage="d:\actions-runner\_work\xpco\xpco\eventserver\gismapcommunication\dotnet\videoos.gismapcommunication.unittest\bin\debug\videoos.gismapcommunication.unittest.dll" id="4c4859f0-3989-029a-8db9-55bd9e46f4a6">
      <TestCategory>
        <TestCategoryItem TestCategory="Notification" />
      </TestCategory>
      <Execution id="8d7ab245-4d71-4a42-bac0-c7b537354b58" />
      <TestMethod codeBase="D:\actions-runner\_work\XPCO\XPCO\EventServer\GisMapCommunication\dotNet\VideoOS.GisMapCommunication.UnitTest\bin\Debug\VideoOS.GisMapCommunication.UnitTest.dll" adapterTypeName="executor://mstestadapter/v1" className="VideoOS.GisMapCommunication.Notification.UnitTest.NotificationClientManagerTest" name="TestGetClient_WithNoServerRegistered_Fail" />
    </UnitTest>
    <UnitTest name="TestRepositoryClientCredentials_Success" storage="d:\actions-runner\_work\xpco\xpco\eventserver\gismapcommunication\dotnet\videoos.gismapcommunication.unittest\bin\debug\videoos.gismapcommunication.unittest.dll" id="47d345d0-684e-b722-9a20-e551d81a8949">
      <Execution id="14888b44-8775-4cfb-883d-6734c7728967" />
      <TestMethod codeBase="D:\actions-runner\_work\XPCO\XPCO\EventServer\GisMapCommunication\dotNet\VideoOS.GisMapCommunication.UnitTest\bin\Debug\VideoOS.GisMapCommunication.UnitTest.dll" adapterTypeName="executor://mstestadapter/v1" className="VideoOS.GisMapCommunication.UnitTest.Repository.RepositoryClientCredentialsTest" name="TestRepositoryClientCredentials_Success" />
    </UnitTest>
    <UnitTest name="TestAsyncClient_Success" storage="d:\actions-runner\_work\xpco\xpco\eventserver\gismapcommunication\dotnet\videoos.gismapcommunication.unittest\bin\debug\videoos.gismapcommunication.unittest.dll" id="46ae5976-bbbb-e946-cbf4-15cca2e1d629">
      <Execution id="15ea7993-6028-408e-8a4e-7dee85be077b" />
      <TestMethod codeBase="D:\actions-runner\_work\XPCO\XPCO\EventServer\GisMapCommunication\dotNet\VideoOS.GisMapCommunication.UnitTest\bin\Debug\VideoOS.GisMapCommunication.UnitTest.dll" adapterTypeName="executor://mstestadapter/v1" className="VideoOS.GisMapCommunication.UnitTest.Repository.RepositoryClientTokenTest" name="TestAsyncClient_Success" />
    </UnitTest>
    <UnitTest name="TestLayerClientCredentials_Success" storage="d:\actions-runner\_work\xpco\xpco\eventserver\gismapcommunication\dotnet\videoos.gismapcommunication.unittest\bin\debug\videoos.gismapcommunication.unittest.dll" id="e60a5e28-8b52-7206-d4d2-8afbc760a9a1">
      <Execution id="acb1e5e6-8584-44d5-beea-48a256095e57" />
      <TestMethod codeBase="D:\actions-runner\_work\XPCO\XPCO\EventServer\GisMapCommunication\dotNet\VideoOS.GisMapCommunication.UnitTest\bin\Debug\VideoOS.GisMapCommunication.UnitTest.dll" adapterTypeName="executor://mstestadapter/v1" className="VideoOS.GisMapCommunication.UnitTest.Layer.LayerClientCredentialsTest" name="TestLayerClientCredentials_Success" />
    </UnitTest>
    <UnitTest name="TestCreate_ItemClientCredentials_Success" storage="d:\actions-runner\_work\xpco\xpco\eventserver\gismapcommunication\dotnet\videoos.gismapcommunication.unittest\bin\debug\videoos.gismapcommunication.unittest.dll" id="1110e2ee-5145-d19a-5d40-bd12c7f0032b">
      <TestCategory>
        <TestCategoryItem TestCategory="Item" />
      </TestCategory>
      <Execution id="a9dffa43-f812-43ce-a4cc-c8f22ba4d616" />
      <TestMethod codeBase="D:\actions-runner\_work\XPCO\XPCO\EventServer\GisMapCommunication\dotNet\VideoOS.GisMapCommunication.UnitTest\bin\Debug\VideoOS.GisMapCommunication.UnitTest.dll" adapterTypeName="executor://mstestadapter/v1" className="VideoOS.GisMapCommunication.UnitTest.Item.ItemClientFactoryTest" name="TestCreate_ItemClientCredentials_Success" />
    </UnitTest>
    <UnitTest name="Test_GetClient_GetMultipleCachedClientWithDifferentReceiveTimeouts_Success" storage="d:\actions-runner\_work\xpco\xpco\eventserver\gismapcommunication\dotnet\videoos.gismapcommunication.unittest\bin\debug\videoos.gismapcommunication.unittest.dll" id="0e99a6cf-8763-1c7f-3bb0-54f35e3df9b5">
      <TestCategory>
        <TestCategoryItem TestCategory="Repository" />
      </TestCategory>
      <Execution id="84bea447-f6b5-4cab-8208-4c80717b3185" />
      <TestMethod codeBase="D:\actions-runner\_work\XPCO\XPCO\EventServer\GisMapCommunication\dotNet\VideoOS.GisMapCommunication.UnitTest\bin\Debug\VideoOS.GisMapCommunication.UnitTest.dll" adapterTypeName="executor://mstestadapter/v1" className="VideoOS.GisMapCommunication.Repository.UnitTest.RepositoryClientManagerTest" name="Test_GetClient_GetMultipleCachedClientWithDifferentReceiveTimeouts_Success" />
    </UnitTest>
    <UnitTest name="TestClose_MultipleClient_Success" storage="d:\actions-runner\_work\xpco\xpco\eventserver\gismapcommunication\dotnet\videoos.gismapcommunication.unittest\bin\debug\videoos.gismapcommunication.unittest.dll" id="bf89cece-7d3d-ace8-faa0-020674acc270">
      <TestCategory>
        <TestCategoryItem TestCategory="Layer" />
      </TestCategory>
      <Execution id="ddd90a6f-7897-41ed-86b4-7409c1786703" />
      <TestMethod codeBase="D:\actions-runner\_work\XPCO\XPCO\EventServer\GisMapCommunication\dotNet\VideoOS.GisMapCommunication.UnitTest\bin\Debug\VideoOS.GisMapCommunication.UnitTest.dll" adapterTypeName="executor://mstestadapter/v1" className="VideoOS.GisMapCommunication.Layer.UnitTest.LayerClientManagerTest" name="TestClose_MultipleClient_Success" />
    </UnitTest>
  </TestDefinitions>
  <TestEntries>
    <TestEntry testId="41626bd6-0e07-a81c-088d-088f5c6f5f19" executionId="bfe1dfa3-5ead-4b74-848f-e02ed932d361" testListId="8c84fa94-04c1-424b-9868-57a2d4851a1d" />
    <TestEntry testId="310553d3-9c94-34f7-b45a-80d02dacc618" executionId="e8ee198c-bd8c-453b-841b-058590dd011c" testListId="8c84fa94-04c1-424b-9868-57a2d4851a1d" />
    <TestEntry testId="14302f51-43df-c475-46c9-343092a499c8" executionId="f08d5d33-345c-4765-9eac-141860aa7daf" testListId="8c84fa94-04c1-424b-9868-57a2d4851a1d" />
    <TestEntry testId="178bc9c5-ee73-c8ed-6368-37c37963d5ac" executionId="c4233dd9-8435-44ec-8a91-ca1a29c0e5bd" testListId="8c84fa94-04c1-424b-9868-57a2d4851a1d" />
    <TestEntry testId="b74fa8f4-a530-f798-a075-5581d12b0f2c" executionId="936097f6-0c52-410f-a2b7-1fb9d77a5b48" testListId="8c84fa94-04c1-424b-9868-57a2d4851a1d" />
    <TestEntry testId="4c4859f0-3989-029a-8db9-55bd9e46f4a6" executionId="8d7ab245-4d71-4a42-bac0-c7b537354b58" testListId="8c84fa94-04c1-424b-9868-57a2d4851a1d" />
    <TestEntry testId="062c8629-e040-9ec6-6a3d-1099d514d7f1" executionId="529cec0b-df2f-4e2d-b316-4de8e6890136" testListId="8c84fa94-04c1-424b-9868-57a2d4851a1d" />
    <TestEntry testId="b4a782d3-a9d2-9004-5d4c-1f27fa850701" executionId="16c28958-4246-46cb-b040-beff712e341a" testListId="8c84fa94-04c1-424b-9868-57a2d4851a1d" />
    <TestEntry testId="ae11c8cb-a987-b407-e9a7-83734b1a44a6" executionId="6f4f90da-08ca-4aa9-a1ce-acf95e4d2c24" testListId="8c84fa94-04c1-424b-9868-57a2d4851a1d" />
    <TestEntry testId="cf97c3ee-ff7a-68e7-44df-f9dc8d80d2d4" executionId="4183204d-50cf-4985-873a-11848ca0e3cb" testListId="8c84fa94-04c1-424b-9868-57a2d4851a1d" />
    <TestEntry testId="de0970d3-1fd3-9c4a-0012-1975af92d091" executionId="82921282-097f-4ead-a648-65fa818a2b45" testListId="8c84fa94-04c1-424b-9868-57a2d4851a1d" />
    <TestEntry testId="e3d8f282-57b7-4e00-5b9a-b3f8bc7186f3" executionId="1313945f-de8d-40c4-87d1-e7a84608cc47" testListId="8c84fa94-04c1-424b-9868-57a2d4851a1d" />
    <TestEntry testId="1110e2ee-5145-d19a-5d40-bd12c7f0032b" executionId="a9dffa43-f812-43ce-a4cc-c8f22ba4d616" testListId="8c84fa94-04c1-424b-9868-57a2d4851a1d" />
    <TestEntry testId="20993e76-946d-5aa5-105a-8d7c59875b7d" executionId="de7d917d-79a0-4f59-83d1-43aa73cae04e" testListId="8c84fa94-04c1-424b-9868-57a2d4851a1d" />
    <TestEntry testId="39782c18-7f3f-d6f5-b5e4-8c4d7008a323" executionId="ca2f777e-d51c-4bcc-860c-8cc7cccec00b" testListId="8c84fa94-04c1-424b-9868-57a2d4851a1d" />
    <TestEntry testId="29feba56-d6c8-211a-a093-ed50305b18e3" executionId="92ce2b76-86b6-4537-b209-7ac7c57ae548" testListId="8c84fa94-04c1-424b-9868-57a2d4851a1d" />
    <TestEntry testId="b44a1a70-81ff-3c11-dceb-5924287779ed" executionId="6ec1e24e-6ac1-44b4-b572-56f871c029cd" testListId="8c84fa94-04c1-424b-9868-57a2d4851a1d" />
    <TestEntry testId="61034e47-93ee-b2ec-a90c-7e9f22bcfb43" executionId="c2b154a1-73fe-4d85-b780-e11b062b99d7" testListId="8c84fa94-04c1-424b-9868-57a2d4851a1d" />
    <TestEntry testId="f51c7da7-e1be-0510-1b9a-1089c45a6a9c" executionId="a642bcf9-2e56-44bd-8c92-8eb5787083f3" testListId="8c84fa94-04c1-424b-9868-57a2d4851a1d" />
    <TestEntry testId="1df33aa2-125a-a46c-bc74-f09e5071ebfa" executionId="e6240a3f-553a-496e-a830-6ec629f2bb97" testListId="8c84fa94-04c1-424b-9868-57a2d4851a1d" />
    <TestEntry testId="2e1f3abd-e055-ab5b-d48e-3fcd2e20ee01" executionId="690798b3-2962-4aae-9605-5c5842bae779" testListId="8c84fa94-04c1-424b-9868-57a2d4851a1d" />
    <TestEntry testId="170df6f3-1725-a4eb-6d32-3fb995459b6b" executionId="df0c21d5-7032-4413-a9b4-5d8d1c84debb" testListId="8c84fa94-04c1-424b-9868-57a2d4851a1d" />
    <TestEntry testId="86837c83-5a87-d557-c693-9c06ebf1b16a" executionId="440aef88-4016-4521-9d11-7b766e652ad5" testListId="8c84fa94-04c1-424b-9868-57a2d4851a1d" />
    <TestEntry testId="07d86706-316e-caf4-04b0-6b921b416bb9" executionId="c1f6aa7b-968d-459e-8409-2bcd24905ac2" testListId="8c84fa94-04c1-424b-9868-57a2d4851a1d" />
    <TestEntry testId="ce5f1f0c-c720-9d05-a6c1-7d68693ccce2" executionId="e3a9eff6-dfc6-4f68-b3f2-141f35b8596e" testListId="8c84fa94-04c1-424b-9868-57a2d4851a1d" />
    <TestEntry testId="8961670c-634b-2a4a-f372-b9833f43cd6f" executionId="559fc90c-c8b9-4904-a59c-85dee0bfb4c4" testListId="8c84fa94-04c1-424b-9868-57a2d4851a1d" />
    <TestEntry testId="96fab864-973b-f3de-c0ed-ef6d1b1b5a12" executionId="af324361-3728-4b32-9fe6-9843e633dd33" testListId="8c84fa94-04c1-424b-9868-57a2d4851a1d" />
    <TestEntry testId="2c440586-2d7e-eefe-1f6b-a13c71d3cd69" executionId="6b488a76-0a4f-43e4-8ddf-8fa5b3ee5c67" testListId="8c84fa94-04c1-424b-9868-57a2d4851a1d" />
    <TestEntry testId="2172695c-74ad-9c26-596a-4fb93eb08ac1" executionId="e3a7965d-e747-486d-98e7-7fa426802680" testListId="8c84fa94-04c1-424b-9868-57a2d4851a1d" />
    <TestEntry testId="9834b5cf-729a-b834-1350-f7bfbadfed36" executionId="8da000a1-697f-4af1-9c8b-f625110169c2" testListId="8c84fa94-04c1-424b-9868-57a2d4851a1d" />
    <TestEntry testId="5a13d016-c4be-2958-14b5-fd26ca3edb1b" executionId="055ac1de-cd2a-4c82-b821-a43f1ff18506" testListId="8c84fa94-04c1-424b-9868-57a2d4851a1d" />
    <TestEntry testId="eb012867-78a2-5e3d-dcd0-803d3bbb5d65" executionId="9b71c23c-64a3-4016-833e-fdaa00927db0" testListId="8c84fa94-04c1-424b-9868-57a2d4851a1d" />
    <TestEntry testId="bdd8bcf5-571a-4973-3798-523a2b8b6fd2" executionId="2fe654ba-ac64-4266-9222-e5a2685f19cc" testListId="8c84fa94-04c1-424b-9868-57a2d4851a1d" />
    <TestEntry testId="eb1261a4-e38a-eeb1-df89-45c5ae33da0d" executionId="5141fc4c-8766-4e2d-96fc-28879e1b6a4c" testListId="8c84fa94-04c1-424b-9868-57a2d4851a1d" />
    <TestEntry testId="8e4ddd57-b069-441f-72d6-54c4a14448d4" executionId="1b4742d0-9113-4ed0-bafd-470ca51724c7" testListId="8c84fa94-04c1-424b-9868-57a2d4851a1d" />
    <TestEntry testId="50136a9d-99f4-5ca4-e9ad-00383f876e37" executionId="e2a29b86-8d38-487f-8728-623248c53a4d" testListId="8c84fa94-04c1-424b-9868-57a2d4851a1d" />
    <TestEntry testId="b1db70a5-10bb-c3ee-e83f-7c4a7268f41b" executionId="638549c9-c1ab-43d6-97a3-393e2288326a" testListId="8c84fa94-04c1-424b-9868-57a2d4851a1d" />
    <TestEntry testId="a5ac8edb-5a7b-e1bf-c083-4c9df96f4ef2" executionId="a6f9eda8-1caa-4f41-a13a-88402ead47ef" testListId="8c84fa94-04c1-424b-9868-57a2d4851a1d" />
    <TestEntry testId="a264b0d7-66bc-78de-6593-fa5946541bbf" executionId="f93e140b-c307-43ad-a83b-f007585f4d82" testListId="8c84fa94-04c1-424b-9868-57a2d4851a1d" />
    <TestEntry testId="972d0bfe-505e-1447-6514-7e017928302a" executionId="8244fd41-7b27-4129-ba99-c50fb05dd785" testListId="8c84fa94-04c1-424b-9868-57a2d4851a1d" />
    <TestEntry testId="47d345d0-684e-b722-9a20-e551d81a8949" executionId="14888b44-8775-4cfb-883d-6734c7728967" testListId="8c84fa94-04c1-424b-9868-57a2d4851a1d" />
    <TestEntry testId="149fecca-a129-48dc-75fc-83fe579b40c4" executionId="eeb6f33b-dd51-4f51-be47-a5db0bfc5523" testListId="8c84fa94-04c1-424b-9868-57a2d4851a1d" />
    <TestEntry testId="a1742b93-fe54-ac7d-e882-0a692685b7f7" executionId="0bee32fc-0bdc-41f0-922e-73e3cf1c453e" testListId="8c84fa94-04c1-424b-9868-57a2d4851a1d" />
    <TestEntry testId="ad5b1e97-2541-e461-cff5-699b0bc773a2" executionId="3ce25689-1eee-4efe-8906-9d1ca5fa7230" testListId="8c84fa94-04c1-424b-9868-57a2d4851a1d" />
    <TestEntry testId="5e594fad-9e64-63e7-56df-78ca5b18c9c4" executionId="4db12367-a031-402a-9bd7-94fc2310c63c" testListId="8c84fa94-04c1-424b-9868-57a2d4851a1d" />
    <TestEntry testId="1de5e5a8-b2ac-f0de-1ed3-be17db9f219c" executionId="035bc804-c673-40d4-ab0a-15442b10224b" testListId="8c84fa94-04c1-424b-9868-57a2d4851a1d" />
    <TestEntry testId="fe4eb261-9843-03f2-5c49-5ff605823cde" executionId="8563910d-7a06-4b68-b20c-e38c69e0dc4b" testListId="8c84fa94-04c1-424b-9868-57a2d4851a1d" />
    <TestEntry testId="e56f1ac4-0129-ec32-ef6e-5b10e44cc558" executionId="efc413ce-7ebd-44e1-97b6-57b521a7218a" testListId="8c84fa94-04c1-424b-9868-57a2d4851a1d" />
    <TestEntry testId="bc6cb3db-ecfb-bae2-9a21-d89f1ba1baec" executionId="e4d2a3d4-f949-4fd9-af70-f512770a1482" testListId="8c84fa94-04c1-424b-9868-57a2d4851a1d" />
    <TestEntry testId="14f22c03-cdd9-4326-96c8-9d3f30487241" executionId="4b8c2496-5aaa-4481-a216-d987bae0d34e" testListId="8c84fa94-04c1-424b-9868-57a2d4851a1d" />
    <TestEntry testId="5221273e-5fcf-c98e-fbb6-c2d2312ee250" executionId="6af73798-0e05-4139-81f4-6b5aa1d77f31" testListId="8c84fa94-04c1-424b-9868-57a2d4851a1d" />
    <TestEntry testId="ef9d1d67-9fef-0a95-c736-6955c6b3c992" executionId="f0703e6c-a060-46fb-8e78-2238276f72f1" testListId="8c84fa94-04c1-424b-9868-57a2d4851a1d" />
    <TestEntry testId="83bf878b-3c91-9f5f-b22d-c7e71130e677" executionId="9df3fb51-d7fb-4340-818b-0a9691082942" testListId="8c84fa94-04c1-424b-9868-57a2d4851a1d" />
    <TestEntry testId="6e58b2a3-785f-bbf5-4698-edff7ec91400" executionId="49ded17e-4992-43c8-b205-0cc7a0e7bf06" testListId="8c84fa94-04c1-424b-9868-57a2d4851a1d" />
    <TestEntry testId="3ebb3712-5e5a-ce9f-1c96-9681eb8dfb1c" executionId="868280fe-dc9d-4b49-8776-11b4cba0944f" testListId="8c84fa94-04c1-424b-9868-57a2d4851a1d" />
    <TestEntry testId="31db4242-f1e9-f792-eabb-31b52bd89d04" executionId="6c142b8a-a66f-4a3e-b49b-3bbe86ab8d5b" testListId="8c84fa94-04c1-424b-9868-57a2d4851a1d" />
    <TestEntry testId="1b61f703-6ff4-745f-0981-7b556d658fd6" executionId="70b5877e-3d61-433e-9007-6d09140e7be4" testListId="8c84fa94-04c1-424b-9868-57a2d4851a1d" />
    <TestEntry testId="74e3fcf1-3304-22c9-99dd-1e1785a71271" executionId="333b2c67-f55e-48ba-98c9-919ee4741a32" testListId="8c84fa94-04c1-424b-9868-57a2d4851a1d" />
    <TestEntry testId="17f6bab0-955d-149d-2b5b-ca44b530bf7d" executionId="94937ef1-c181-4bb2-b2a4-52c5a90e7999" testListId="8c84fa94-04c1-424b-9868-57a2d4851a1d" />
    <TestEntry testId="2d150f50-8921-0cbc-2c6d-ba2e152cce2b" executionId="59751ab3-301a-414f-8dbe-ec6dd9933c32" testListId="8c84fa94-04c1-424b-9868-57a2d4851a1d" />
    <TestEntry testId="0f0797e0-549e-72f8-0344-31d1cda7985a" executionId="e7b602f9-6d08-45a5-a961-a0a4110009db" testListId="8c84fa94-04c1-424b-9868-57a2d4851a1d" />
    <TestEntry testId="972723fd-ef0c-af7e-3fd7-d36230eee9ae" executionId="9a903c71-83cf-46b8-ab82-738f60b7f495" testListId="8c84fa94-04c1-424b-9868-57a2d4851a1d" />
    <TestEntry testId="68e2e744-f8c4-690c-b29c-935dfdf0f95a" executionId="7032cd20-1cf6-4660-a79a-e46c88d30228" testListId="8c84fa94-04c1-424b-9868-57a2d4851a1d" />
    <TestEntry testId="fcd1e8a5-83a4-6c6e-1a74-5550dd636d57" executionId="55e2424b-00cb-467c-86d5-3dd6f16ab8bd" testListId="8c84fa94-04c1-424b-9868-57a2d4851a1d" />
    <TestEntry testId="eb6c8245-5880-cf97-3dcb-08b639acbd80" executionId="9c655269-5b99-4f3c-b88c-3ebc290751b2" testListId="8c84fa94-04c1-424b-9868-57a2d4851a1d" />
    <TestEntry testId="affc2e36-fa99-a863-dd65-ad6efa4c9c1e" executionId="603c1a06-2cc6-4e6c-a240-b788c633127f" testListId="8c84fa94-04c1-424b-9868-57a2d4851a1d" />
    <TestEntry testId="46e7879a-880f-871f-f631-67adf9865812" executionId="65c03a44-7b23-4d7c-a03a-09c503c69b3f" testListId="8c84fa94-04c1-424b-9868-57a2d4851a1d" />
    <TestEntry testId="46ae5976-bbbb-e946-cbf4-15cca2e1d629" executionId="15ea7993-6028-408e-8a4e-7dee85be077b" testListId="8c84fa94-04c1-424b-9868-57a2d4851a1d" />
    <TestEntry testId="d1b02e2a-902b-16d2-ad55-e8b02e418e32" executionId="f09a1e08-9986-4f2f-ba19-23d8298ce635" testListId="8c84fa94-04c1-424b-9868-57a2d4851a1d" />
    <TestEntry testId="0e99a6cf-8763-1c7f-3bb0-54f35e3df9b5" executionId="84bea447-f6b5-4cab-8208-4c80717b3185" testListId="8c84fa94-04c1-424b-9868-57a2d4851a1d" />
    <TestEntry testId="23acc84b-5deb-7d81-129c-929868ce93e9" executionId="27022723-694a-4511-bd57-b5088d4304aa" testListId="8c84fa94-04c1-424b-9868-57a2d4851a1d" />
    <TestEntry testId="62b3c773-1683-705a-4d69-5ff52ec77d69" executionId="ae6b0825-8904-49dd-9110-28bdd0e60cc8" testListId="8c84fa94-04c1-424b-9868-57a2d4851a1d" />
    <TestEntry testId="89333955-1b69-0b32-1918-59774ede666f" executionId="48f830be-8a81-419c-afe1-d2a6df24a178" testListId="8c84fa94-04c1-424b-9868-57a2d4851a1d" />
    <TestEntry testId="bb2c4cd5-b17a-afb9-6a31-6ad7e915d8d8" executionId="9374b366-6058-49a1-861c-5670519068a9" testListId="8c84fa94-04c1-424b-9868-57a2d4851a1d" />
    <TestEntry testId="8f2afdf2-a36c-5c2d-0dfb-19a340aab4d5" executionId="f3aba397-3f13-4a33-a222-44cd4eca9112" testListId="8c84fa94-04c1-424b-9868-57a2d4851a1d" />
    <TestEntry testId="6a833d54-0b77-9f2f-b091-6a5f5e6e76ec" executionId="785e399e-16fd-4101-927f-f0faffdb048e" testListId="8c84fa94-04c1-424b-9868-57a2d4851a1d" />
    <TestEntry testId="ef80f1ba-c12d-fe26-e252-1f001124785f" executionId="6ae09389-7354-4d65-b38c-5fff7ed5d7fc" testListId="8c84fa94-04c1-424b-9868-57a2d4851a1d" />
    <TestEntry testId="7791b8b0-6548-6b50-8de8-23bbb9384e36" executionId="742ef30d-163d-4029-9ed8-505935f00e5b" testListId="8c84fa94-04c1-424b-9868-57a2d4851a1d" />
    <TestEntry testId="80f28fb3-e277-e4ce-3415-58969e3a6803" executionId="d60dbe6a-a1cb-4b99-a1e6-2ca4db84d8b4" testListId="8c84fa94-04c1-424b-9868-57a2d4851a1d" />
    <TestEntry testId="054e91c3-d54a-b15d-806d-fd29420eafe5" executionId="9185149b-3409-4079-b242-f47e58b428f0" testListId="8c84fa94-04c1-424b-9868-57a2d4851a1d" />
    <TestEntry testId="e60a5e28-8b52-7206-d4d2-8afbc760a9a1" executionId="acb1e5e6-8584-44d5-beea-48a256095e57" testListId="8c84fa94-04c1-424b-9868-57a2d4851a1d" />
    <TestEntry testId="1e8e8b87-0379-6de6-ea8f-232beb1a83e6" executionId="f25454aa-3dc1-4e9c-a7fc-f87bfa76572c" testListId="8c84fa94-04c1-424b-9868-57a2d4851a1d" />
    <TestEntry testId="754cbf92-b660-8a9a-459e-c20b7a381570" executionId="854714b5-75ba-4404-8a0e-f46769c05d23" testListId="8c84fa94-04c1-424b-9868-57a2d4851a1d" />
    <TestEntry testId="a1a53dab-734e-5620-9bf8-ba2d1209fb91" executionId="83088857-91a1-4fc3-ad7f-a1ee39809427" testListId="8c84fa94-04c1-424b-9868-57a2d4851a1d" />
    <TestEntry testId="20d2a16c-2e49-d6a5-e54f-88ccd224ae87" executionId="6cc0e0fb-82d0-49a1-8058-508275d2ee91" testListId="8c84fa94-04c1-424b-9868-57a2d4851a1d" />
    <TestEntry testId="74b8fffc-60e6-9d43-1c3c-960fcd6a8a10" executionId="245c2601-5f82-4324-9215-1f5916448938" testListId="8c84fa94-04c1-424b-9868-57a2d4851a1d" />
    <TestEntry testId="f75e038c-5e2b-0cfd-42b3-9ef70da12586" executionId="7592db31-d2c4-4854-86dc-a91e56c0e88b" testListId="8c84fa94-04c1-424b-9868-57a2d4851a1d" />
    <TestEntry testId="f80f21b2-1c1d-3163-2d10-7e2a8bdd1ce1" executionId="a8251e91-7c9b-4975-9dc7-f134b69dbc22" testListId="8c84fa94-04c1-424b-9868-57a2d4851a1d" />
    <TestEntry testId="8c9102e8-ee1c-f091-3751-fcaf449c41df" executionId="baff19f6-2810-4d3c-92f6-2f155cd79d39" testListId="8c84fa94-04c1-424b-9868-57a2d4851a1d" />
    <TestEntry testId="a6547258-9ccf-72fb-8f01-660d945dc017" executionId="1373dcf9-669b-4da3-8463-b15621060be7" testListId="8c84fa94-04c1-424b-9868-57a2d4851a1d" />
    <TestEntry testId="316f54f5-7682-f98d-67d5-3d13ab0d7d83" executionId="f97f0667-c060-4ced-8e26-0012a1df701f" testListId="8c84fa94-04c1-424b-9868-57a2d4851a1d" />
    <TestEntry testId="5ba2bda8-4d3a-9687-877a-63744e616178" executionId="ec12489f-6daa-40c7-80cf-46ca7ee4da5d" testListId="8c84fa94-04c1-424b-9868-57a2d4851a1d" />
    <TestEntry testId="66d2776f-8f38-bf3b-9dd1-d885b5396470" executionId="7e145c16-2ecd-496c-8b67-820203c5d33b" testListId="8c84fa94-04c1-424b-9868-57a2d4851a1d" />
    <TestEntry testId="bde52d9b-c074-81d0-9d38-70259bb3484f" executionId="4d6b3205-7cdb-4742-b030-539d7002be80" testListId="8c84fa94-04c1-424b-9868-57a2d4851a1d" />
    <TestEntry testId="94ad038f-760f-7ad6-f12e-4866b6e23a2d" executionId="061840c9-9dd2-4266-aa3c-d142eb56f093" testListId="8c84fa94-04c1-424b-9868-57a2d4851a1d" />
    <TestEntry testId="c62b74e8-ab1b-aea8-cce4-2aa314daf422" executionId="a469ddeb-5d8e-4118-9b6e-d374bc94e401" testListId="8c84fa94-04c1-424b-9868-57a2d4851a1d" />
    <TestEntry testId="b36394c3-afa6-8cac-208c-426f9002051e" executionId="8b4de18d-77e5-4f56-9ae6-eeee57fa43f3" testListId="8c84fa94-04c1-424b-9868-57a2d4851a1d" />
    <TestEntry testId="22278587-5493-112d-a3db-dcacbea13df5" executionId="410a3d68-9fde-47b9-9a7f-ca15bb2e13d7" testListId="8c84fa94-04c1-424b-9868-57a2d4851a1d" />
    <TestEntry testId="1ff6afac-c1a6-8ca3-1bd3-5eef3a2017d7" executionId="a01714a5-6faf-4b83-8b22-b934d1985a2f" testListId="8c84fa94-04c1-424b-9868-57a2d4851a1d" />
    <TestEntry testId="19de2a10-c4a0-fec6-21f1-9442abf6e563" executionId="6e4da3fa-7474-42ec-8482-da43407b5bd1" testListId="8c84fa94-04c1-424b-9868-57a2d4851a1d" />
    <TestEntry testId="f939d57d-320e-d55d-e6d0-3b2f2b6eabb1" executionId="34e2dc1d-eed2-4370-8f0c-63747275bc6a" testListId="8c84fa94-04c1-424b-9868-57a2d4851a1d" />
    <TestEntry testId="dbfabd2d-843e-0c09-c42b-4536b0c2aa06" executionId="4ea1bc05-362c-47b1-aa64-03a4c1370221" testListId="8c84fa94-04c1-424b-9868-57a2d4851a1d" />
    <TestEntry testId="69f17527-235a-0227-2a49-80b6a271aabb" executionId="50565bc9-322d-40f6-ae7c-bc9b47b5558a" testListId="8c84fa94-04c1-424b-9868-57a2d4851a1d" />
    <TestEntry testId="320a426a-a5d0-dcb4-bceb-67481c8ba7aa" executionId="687064e7-bbcc-4c97-ac0f-342d9904dd7f" testListId="8c84fa94-04c1-424b-9868-57a2d4851a1d" />
    <TestEntry testId="f9ddb87d-e698-a047-7b20-4637e14f043b" executionId="7dfa092a-0a2e-4221-86c4-062f03c0dee3" testListId="8c84fa94-04c1-424b-9868-57a2d4851a1d" />
    <TestEntry testId="5a5bb1f6-0f22-b7ea-0835-24553a2676ad" executionId="9a26413f-c1ee-4a9e-83a1-39f1246a3d06" testListId="8c84fa94-04c1-424b-9868-57a2d4851a1d" />
    <TestEntry testId="7b0fa3c1-3808-edd4-83e1-14937636addd" executionId="b2e9cc71-4951-448b-8ac2-4bf782bde002" testListId="8c84fa94-04c1-424b-9868-57a2d4851a1d" />
    <TestEntry testId="19801632-b31b-0674-f86c-fb3899cf947a" executionId="72d41d0f-71b4-452f-940d-afe3fd226193" testListId="8c84fa94-04c1-424b-9868-57a2d4851a1d" />
    <TestEntry testId="8978a26f-47fe-cd3a-c9a5-6fbbe4f1a2f4" executionId="2d16b63c-3a1a-46be-a978-660dd0b24c5e" testListId="8c84fa94-04c1-424b-9868-57a2d4851a1d" />
    <TestEntry testId="87b04739-f60f-0bf5-83da-9152edc81e85" executionId="5e3fa168-5666-4a1c-a42a-57e984df457a" testListId="8c84fa94-04c1-424b-9868-57a2d4851a1d" />
    <TestEntry testId="075f02ff-4f55-119b-ac66-c2407e096ab5" executionId="22b97416-8127-4a45-8059-01e9c45994e9" testListId="8c84fa94-04c1-424b-9868-57a2d4851a1d" />
    <TestEntry testId="db846ad5-7113-8019-425f-5517aca6c1c9" executionId="77466bc3-af53-4e26-9a0a-876c22c658bc" testListId="8c84fa94-04c1-424b-9868-57a2d4851a1d" />
    <TestEntry testId="9d770b71-04a4-b714-5b6a-3cc13ae91142" executionId="05514762-9e42-46e3-b82e-50ef28ab979e" testListId="8c84fa94-04c1-424b-9868-57a2d4851a1d" />
    <TestEntry testId="24c95a14-708b-1c8f-1dbb-29c96f2e47ab" executionId="d5f489fe-698d-4e91-bf1e-311d86565f9d" testListId="8c84fa94-04c1-424b-9868-57a2d4851a1d" />
    <TestEntry testId="e3734694-e2df-3924-56c4-b3c196d5972e" executionId="519f8863-d4aa-4613-b264-3d42023b1622" testListId="8c84fa94-04c1-424b-9868-57a2d4851a1d" />
    <TestEntry testId="c7f8ff51-bf97-7dcb-415d-0e6fc96af5da" executionId="6c31149f-7814-43d0-b30c-93a3848abcdf" testListId="8c84fa94-04c1-424b-9868-57a2d4851a1d" />
    <TestEntry testId="36806724-ee3d-97f0-e1f8-b3970fe2685a" executionId="9a49e585-dfd8-4f5d-91a6-81751b73ab8e" testListId="8c84fa94-04c1-424b-9868-57a2d4851a1d" />
    <TestEntry testId="82aff213-7592-c812-d716-7e1aaf09ef01" executionId="c41812fc-3171-4589-a80d-87522fddddc5" testListId="8c84fa94-04c1-424b-9868-57a2d4851a1d" />
    <TestEntry testId="9b3704e1-c271-1402-ef0b-2f1ef717ad98" executionId="711b94b1-c26e-4475-8005-56104fb27fdd" testListId="8c84fa94-04c1-424b-9868-57a2d4851a1d" />
    <TestEntry testId="4f3522a5-5b9a-7984-c3f2-43f97042f30f" executionId="90847c14-24d7-4eee-bc16-8266b4458302" testListId="8c84fa94-04c1-424b-9868-57a2d4851a1d" />
    <TestEntry testId="b150fd40-8fd5-4f50-b0d3-b010352b71b0" executionId="86c2c11b-aceb-4c46-9651-fbab31eb2c38" testListId="8c84fa94-04c1-424b-9868-57a2d4851a1d" />
    <TestEntry testId="049748b8-6670-1088-9496-4788b78a2e7a" executionId="dfd1a88f-4b8a-4342-9a4e-49a1dd2b27d5" testListId="8c84fa94-04c1-424b-9868-57a2d4851a1d" />
    <TestEntry testId="1128ef33-69a7-44b6-ddd9-21c75fcd7aff" executionId="6ad6b9d4-8a5f-4b90-943c-26d625290233" testListId="8c84fa94-04c1-424b-9868-57a2d4851a1d" />
    <TestEntry testId="795b9fea-9078-d1be-78c7-3b06bc31f337" executionId="416d16c7-450b-4071-abb4-abf5e47813d2" testListId="8c84fa94-04c1-424b-9868-57a2d4851a1d" />
    <TestEntry testId="bf89cece-7d3d-ace8-faa0-020674acc270" executionId="ddd90a6f-7897-41ed-86b4-7409c1786703" testListId="8c84fa94-04c1-424b-9868-57a2d4851a1d" />
    <TestEntry testId="07f271fb-d2cb-9e9f-9f70-77f5cf5e4af1" executionId="48f1c032-9cd4-4654-9832-e582bf667604" testListId="8c84fa94-04c1-424b-9868-57a2d4851a1d" />
    <TestEntry testId="f42ca6c0-67dc-a10d-d997-6812f7e2d519" executionId="5bb165f9-bad8-4a2c-8035-d1ed758ae5cc" testListId="8c84fa94-04c1-424b-9868-57a2d4851a1d" />
    <TestEntry testId="a1c74613-d16f-0d2c-35bb-83eea882628f" executionId="941953b5-9e78-4076-ae71-e9d959160122" testListId="8c84fa94-04c1-424b-9868-57a2d4851a1d" />
    <TestEntry testId="cdb06d51-5e3a-83bc-75ce-5e6d4c141fea" executionId="72b85da7-9bf3-4fcc-a404-e4536b5e80e6" testListId="8c84fa94-04c1-424b-9868-57a2d4851a1d" />
    <TestEntry testId="c544273e-7644-ffb6-cdfa-9dc7ce6604ad" executionId="b9ecafa6-74e5-4a90-acc0-09302e65fe42" testListId="8c84fa94-04c1-424b-9868-57a2d4851a1d" />
    <TestEntry testId="fe50b1b4-f0b7-fe64-e701-17617ce46e93" executionId="88206f1a-6df1-4ea0-a225-35c3d532b3d8" testListId="8c84fa94-04c1-424b-9868-57a2d4851a1d" />
    <TestEntry testId="89129fd7-c611-5143-8d7f-7c6c9ada0635" executionId="1cebb5dd-696f-4c5a-9272-d52ced81c615" testListId="8c84fa94-04c1-424b-9868-57a2d4851a1d" />
    <TestEntry testId="9b35df8e-bca4-a11c-8112-c0cc117259b6" executionId="dee09c4c-3713-4a3b-906a-c7e3b14ebb4a" testListId="8c84fa94-04c1-424b-9868-57a2d4851a1d" />
    <TestEntry testId="867f0bc1-b429-0e92-4599-2bd4af570f6e" executionId="0eb94151-a655-4a0a-826a-c90f533d474f" testListId="8c84fa94-04c1-424b-9868-57a2d4851a1d" />
    <TestEntry testId="57a40cc7-5f0f-c55d-7f7b-b4a793aee2bd" executionId="f7fb597f-f513-4327-af2d-e7e822dea201" testListId="8c84fa94-04c1-424b-9868-57a2d4851a1d" />
    <TestEntry testId="6f6dec80-481d-6b3a-4d7c-666b48e4f210" executionId="1bb3fec5-b406-407a-9662-fbc5b5f78a1b" testListId="8c84fa94-04c1-424b-9868-57a2d4851a1d" />
    <TestEntry testId="e273688c-254b-1b9c-2b23-c978142b506b" executionId="ddf49fbd-7236-42e5-9c88-14cf2ea76b2e" testListId="8c84fa94-04c1-424b-9868-57a2d4851a1d" />
    <TestEntry testId="3b8dd9e7-b6e5-e030-3f0b-1551a418af40" executionId="c8030b2a-48ff-44d8-bee4-53daec906d3f" testListId="8c84fa94-04c1-424b-9868-57a2d4851a1d" />
    <TestEntry testId="98579361-08a5-8ab9-6363-fde696b01f8f" executionId="43db3565-9f29-43b6-aac7-3ec535a0a2f2" testListId="8c84fa94-04c1-424b-9868-57a2d4851a1d" />
  </TestEntries>
  <TestLists>
    <TestList name="Results Not in a List" id="8c84fa94-04c1-424b-9868-57a2d4851a1d" />
    <TestList name="All Loaded Results" id="19431567-8539-422a-85d7-44ee4e166bda" />
  </TestLists>
  <ResultSummary outcome="Completed">
    <Counters total="139" executed="139" passed="139" failed="0" error="0" timeout="0" aborted="0" inconclusive="0" passedButRunAborted="0" notRunnable="0" notExecuted="0" disconnected="0" warning="0" completed="0" inProgress="0" pending="0" />
    <RunInfos>
      <RunInfo computerName="DKSR-EFI-04" outcome="Warning" timestamp="2023-12-22T09:34:15.2095859+01:00">
        <Text>UTA001: TestClass attribute defined on non-public class VideoOS.GisMapCommunication.UnitTest.Item.ItemClientCredentialsTest</Text>
      </RunInfo>
    </RunInfos>
  </ResultSummary>
</TestRun>