<?xml version="1.0" encoding="utf-8"?>
<TestRun id="58a87ce6-b02b-4e98-8278-1cb11a2c7dd7" name="DKSR-EFI-04$@DKSR-EFI-04 2023-12-22 09:33:20" runUser="NT AUTHORITY\NETWORK SERVICE" xmlns="http://microsoft.com/schemas/VisualStudio/TeamTest/2010">
  <Times creation="2023-12-22T09:33:20.2249551+01:00" queuing="2023-12-22T09:33:20.2249551+01:00" start="2023-12-22T09:33:07.9436302+01:00" finish="2023-12-22T09:33:49.0063288+01:00" />
  <TestSettings name="default" id="0d64effe-3a9e-44d8-9ab6-b9f8fe93a4d6">
    <Deployment runDeploymentRoot="DKSR-EFI-04$_DKSR-EFI-04_2023-12-22_09_33_20" />
  </TestSettings>
  <Results>
    <UnitTestResult executionId="fe7c5293-3dab-4ab6-a179-ba76691834bf" testId="f6f481c8-5657-b895-2c35-7ef81b526c07" testName="SecurityManager_HasApplicationPermission_StatusApi_Allowed" computerName="DKSR-EFI-04" duration="00:00:00.0462786" startTime="2023-12-22T09:33:32.4437509+01:00" endTime="2023-12-22T09:33:32.4906238+01:00" testType="13cdc9d9-ddb5-4fa4-a97d-d965ccfc6d4b" outcome="Passed" testListId="8c84fa94-04c1-424b-9868-57a2d4851a1d" relativeResultsDirectory="fe7c5293-3dab-4ab6-a179-ba76691834bf" />
    <UnitTestResult executionId="a50f7c57-aa4d-4943-a037-4dab030bbdb5" testId="0cf326ec-a942-7e6a-4f8e-59d880d75079" testName="WhiteList_CreateInstanceWithEmptyWhitelistParameter_Succeeds" computerName="DKSR-EFI-04" duration="00:00:00.0015150" startTime="2023-12-22T09:33:44.6000572+01:00" endTime="2023-12-22T09:33:44.6000572+01:00" testType="13cdc9d9-ddb5-4fa4-a97d-d965ccfc6d4b" outcome="Passed" testListId="8c84fa94-04c1-424b-9868-57a2d4851a1d" relativeResultsDirectory="a50f7c57-aa4d-4943-a037-4dab030bbdb5" />
    <UnitTestResult executionId="9f0d643c-09dd-40af-a16d-42dd1729b7f3" testId="0327f027-7dbf-9667-735e-eac3e8857101" testName="TestSetRegionWithInvalidIndexThrows" computerName="DKSR-EFI-04" duration="00:00:00.0005525" startTime="2023-12-22T09:33:46.2250709+01:00" endTime="2023-12-22T09:33:46.2250709+01:00" testType="13cdc9d9-ddb5-4fa4-a97d-d965ccfc6d4b" outcome="Passed" testListId="8c84fa94-04c1-424b-9868-57a2d4851a1d" relativeResultsDirectory="9f0d643c-09dd-40af-a16d-42dd1729b7f3" />
    <UnitTestResult executionId="38deb7bf-f372-48df-a0e3-75c6bc7e1b33" testId="d5954dbd-073f-77e4-c2f8-ae999d763dbc" testName="FeatureManager_TryGetFeatureParameterValue_License_Argument_Null" computerName="DKSR-EFI-04" duration="00:00:00.0006801" startTime="2023-12-22T09:33:37.3656475+01:00" endTime="2023-12-22T09:33:37.3656475+01:00" testType="13cdc9d9-ddb5-4fa4-a97d-d965ccfc6d4b" outcome="Passed" testListId="8c84fa94-04c1-424b-9868-57a2d4851a1d" relativeResultsDirectory="38deb7bf-f372-48df-a0e3-75c6bc7e1b33" />
    <UnitTestResult executionId="8008adef-199b-4836-aba3-b7ac9a43606a" testId="2488323e-fbaf-67b7-4dae-e697d49eb7c6" testName="Decrypt_MissingMarker" computerName="DKSR-EFI-04" duration="00:00:00.0007781" startTime="2023-12-22T09:33:46.8031956+01:00" endTime="2023-12-22T09:33:46.8031956+01:00" testType="13cdc9d9-ddb5-4fa4-a97d-d965ccfc6d4b" outcome="Passed" testListId="8c84fa94-04c1-424b-9868-57a2d4851a1d" relativeResultsDirectory="8008adef-199b-4836-aba3-b7ac9a43606a" />
    <UnitTestResult executionId="c71675b9-4039-412e-9d3a-ac17b39af1a9" testId="7d40ebe1-d42f-de08-7005-707d1ccb79cc" testName="FeatureManager_SLC_Success" computerName="DKSR-EFI-04" duration="00:00:00.0010012" startTime="2023-12-22T09:33:37.4593997+01:00" endTime="2023-12-22T09:33:37.4593997+01:00" testType="13cdc9d9-ddb5-4fa4-a97d-d965ccfc6d4b" outcome="Passed" testListId="8c84fa94-04c1-424b-9868-57a2d4851a1d" relativeResultsDirectory="c71675b9-4039-412e-9d3a-ac17b39af1a9" />
    <UnitTestResult executionId="d458af02-ce7b-4c44-8ed3-7e3acc1f2a49" testId="b741393a-f04e-486c-32a6-bec151291934" testName="LicenseDocument_ThrowsUnsupportedLicensingModeError_OnLicenseWithoutMaximumChannelCount" computerName="DKSR-EFI-04" duration="00:00:00.0015554" startTime="2023-12-22T09:33:44.3656806+01:00" endTime="2023-12-22T09:33:44.3656806+01:00" testType="13cdc9d9-ddb5-4fa4-a97d-d965ccfc6d4b" outcome="Passed" testListId="8c84fa94-04c1-424b-9868-57a2d4851a1d" relativeResultsDirectory="d458af02-ce7b-4c44-8ed3-7e3acc1f2a49" />
    <UnitTestResult executionId="faaa0f95-d55c-45c5-a5f8-59abe2ccc1bb" testId="59013b7e-e03f-2fc2-bf78-c391942297eb" testName="Transform_XmlWithCredentialsListXml_PasswordsChanged" computerName="DKSR-EFI-04" duration="00:00:00.0010633" startTime="2023-12-22T09:33:47.0063197+01:00" endTime="2023-12-22T09:33:47.0063197+01:00" testType="13cdc9d9-ddb5-4fa4-a97d-d965ccfc6d4b" outcome="Passed" testListId="8c84fa94-04c1-424b-9868-57a2d4851a1d" relativeResultsDirectory="faaa0f95-d55c-45c5-a5f8-59abe2ccc1bb" />
    <UnitTestResult executionId="15739015-bfc7-464b-8777-880aac3b4403" testId="ee979836-8e9b-a428-76a0-4d534302f4d5" testName="HardwareSetupInformationModel_Validate_Failed" computerName="DKSR-EFI-04" duration="00:00:00.0074805" startTime="2023-12-22T09:33:30.9749916+01:00" endTime="2023-12-22T09:33:30.9906183+01:00" testType="13cdc9d9-ddb5-4fa4-a97d-d965ccfc6d4b" outcome="Passed" testListId="8c84fa94-04c1-424b-9868-57a2d4851a1d" relativeResultsDirectory="15739015-bfc7-464b-8777-880aac3b4403" />
    <UnitTestResult executionId="799ee894-4569-4c55-ac7a-3d65d68829c9" testId="fc5332c2-45c0-4c4b-b897-739bffc8971f" testName="EncryptingSmtpPasswordSystemSetting" computerName="DKSR-EFI-04" duration="00:00:00.0007600" startTime="2023-12-22T09:33:46.9125692+01:00" endTime="2023-12-22T09:33:46.9281964+01:00" testType="13cdc9d9-ddb5-4fa4-a97d-d965ccfc6d4b" outcome="Passed" testListId="8c84fa94-04c1-424b-9868-57a2d4851a1d" relativeResultsDirectory="799ee894-4569-4c55-ac7a-3d65d68829c9" />
    <UnitTestResult executionId="294e6786-a7bd-4cc4-8567-a3512a7c66eb" testId="1cb4a5d7-d8ea-0925-ea58-6b3a23476ff8" testName="UniqueIndex_Ctor_Null_ThrowArgumentNullException" computerName="DKSR-EFI-04" duration="00:00:00.0107707" startTime="2023-12-22T09:33:23.9593322+01:00" endTime="2023-12-22T09:33:23.9593322+01:00" testType="13cdc9d9-ddb5-4fa4-a97d-d965ccfc6d4b" outcome="Passed" testListId="8c84fa94-04c1-424b-9868-57a2d4851a1d" relativeResultsDirectory="294e6786-a7bd-4cc4-8567-a3512a7c66eb">
      <Output>
        <StdOut>Debug Trace:&#xD;
Fail: Argument null&#xD;
Fail: Argument null&#xD;
Fail: Argument null</StdOut>
      </Output>
    </UnitTestResult>
    <UnitTestResult executionId="5641d65c-133c-4cf0-8b59-c9b243394ab7" testId="d0bb929b-e68b-8e3c-2c1e-496bb6ec2575" testName="IsDeviceLicensed_ReturnsTrue_OnActivatedICPDevice" computerName="DKSR-EFI-04" duration="00:00:00.0027082" startTime="2023-12-22T09:33:44.4281837+01:00" endTime="2023-12-22T09:33:44.4281837+01:00" testType="13cdc9d9-ddb5-4fa4-a97d-d965ccfc6d4b" outcome="Passed" testListId="8c84fa94-04c1-424b-9868-57a2d4851a1d" relativeResultsDirectory="5641d65c-133c-4cf0-8b59-c9b243394ab7" />
    <UnitTestResult executionId="f04fc983-15c7-41c2-b074-fdce55987a89" testId="c1b3d7f7-67d7-6f4a-4081-4e1d5822b5c7" testName="Encrypt_DataSetHasNoRows_DataSetIsNotChanged" computerName="DKSR-EFI-04" duration="00:00:00.0020173" startTime="2023-12-22T09:33:46.4594407+01:00" endTime="2023-12-22T09:33:46.4594407+01:00" testType="13cdc9d9-ddb5-4fa4-a97d-d965ccfc6d4b" outcome="Passed" testListId="8c84fa94-04c1-424b-9868-57a2d4851a1d" relativeResultsDirectory="f04fc983-15c7-41c2-b074-fdce55987a89" />
    <UnitTestResult executionId="b01dbec6-1eb4-4639-bc39-1a931feb5aaf" testId="de144c42-722d-4362-92bf-35d2632d827d" testName="FindFrameIdx_TimeF3" computerName="DKSR-EFI-04" duration="00:00:00.0017476" startTime="2023-12-22T09:33:24.3030845+01:00" endTime="2023-12-22T09:33:24.3030845+01:00" testType="13cdc9d9-ddb5-4fa4-a97d-d965ccfc6d4b" outcome="Passed" testListId="8c84fa94-04c1-424b-9868-57a2d4851a1d" relativeResultsDirectory="b01dbec6-1eb4-4639-bc39-1a931feb5aaf" />
    <UnitTestResult executionId="be4b506a-a607-42de-8f0d-1d0b9420feba" testId="db63f797-2321-5f9c-6408-fa04cef85df1" testName="HttpClientCommunicatorWrapper_SendAsync_CommunicationException" computerName="DKSR-EFI-04" duration="00:00:00.0010551" startTime="2023-12-22T09:33:30.9124904+01:00" endTime="2023-12-22T09:33:30.9124904+01:00" testType="13cdc9d9-ddb5-4fa4-a97d-d965ccfc6d4b" outcome="Passed" testListId="8c84fa94-04c1-424b-9868-57a2d4851a1d" relativeResultsDirectory="be4b506a-a607-42de-8f0d-1d0b9420feba" />
    <UnitTestResult executionId="f59b6290-204b-4db3-aeeb-bd1aef2b7f97" testId="741aff36-7393-b790-182c-a6809d68341e" testName="TestExceptionOnImproperParameters" computerName="DKSR-EFI-04" duration="00:00:00.0010006" startTime="2023-12-22T09:33:24.3499605+01:00" endTime="2023-12-22T09:33:24.3499605+01:00" testType="13cdc9d9-ddb5-4fa4-a97d-d965ccfc6d4b" outcome="Passed" testListId="8c84fa94-04c1-424b-9868-57a2d4851a1d" relativeResultsDirectory="f59b6290-204b-4db3-aeeb-bd1aef2b7f97">
      <Output>
        <StdOut>Debug Trace:&#xD;
Fail: min password length &gt; max password length</StdOut>
      </Output>
    </UnitTestResult>
    <UnitTestResult executionId="30cdb59a-3473-4bf5-ac3d-c6811c94cf20" testId="201f8ac5-c7a1-9e49-1a3f-d3d7771740aa" testName="ToModelAudit_ValidEntry_SuccessConvertion" computerName="DKSR-EFI-04" duration="00:00:00.0006643" startTime="2023-12-22T09:33:31.9281199+01:00" endTime="2023-12-22T09:33:31.9281199+01:00" testType="13cdc9d9-ddb5-4fa4-a97d-d965ccfc6d4b" outcome="Passed" testListId="8c84fa94-04c1-424b-9868-57a2d4851a1d" relativeResultsDirectory="30cdb59a-3473-4bf5-ac3d-c6811c94cf20" />
    <UnitTestResult executionId="3c34cc60-1421-4746-9caf-00b5e7d28bb4" testId="22cbea69-3a7d-9cd6-f0ea-2fa47544a3b1" testName="ServiceDiscoveryEngine_CommunicationError_Success" computerName="DKSR-EFI-04" duration="00:00:00.0007684" startTime="2023-12-22T09:33:32.2249980+01:00" endTime="2023-12-22T09:33:32.2249980+01:00" testType="13cdc9d9-ddb5-4fa4-a97d-d965ccfc6d4b" outcome="Passed" testListId="8c84fa94-04c1-424b-9868-57a2d4851a1d" relativeResultsDirectory="3c34cc60-1421-4746-9caf-00b5e7d28bb4" />
    <UnitTestResult executionId="c70c697d-d3da-4fad-bfc5-312882b97e3a" testId="94e8e813-abcf-ce79-d603-8f14a86e9183" testName="GetAggregatedFeeds_ThrowException_WhenNullOrWhiteSpace" computerName="DKSR-EFI-04" duration="00:00:00.0024539" startTime="2023-12-22T09:33:37.4750220+01:00" endTime="2023-12-22T09:33:37.4750220+01:00" testType="13cdc9d9-ddb5-4fa4-a97d-d965ccfc6d4b" outcome="Passed" testListId="8c84fa94-04c1-424b-9868-57a2d4851a1d" relativeResultsDirectory="c70c697d-d3da-4fad-bfc5-312882b97e3a" />
    <UnitTestResult executionId="d66ebe4f-e1f2-4f62-80e5-48a630a8c576" testId="5b21d1af-48af-0532-ea17-f797ade384ab" testName="ReadChildElementValueAsBoolean_InvalidData" computerName="DKSR-EFI-04" duration="00:00:00.0004098" startTime="2023-12-22T09:33:23.7405826+01:00" endTime="2023-12-22T09:33:23.7405826+01:00" testType="13cdc9d9-ddb5-4fa4-a97d-d965ccfc6d4b" outcome="Passed" testListId="8c84fa94-04c1-424b-9868-57a2d4851a1d" relativeResultsDirectory="d66ebe4f-e1f2-4f62-80e5-48a630a8c576" />
    <UnitTestResult executionId="8972cd81-3858-46e1-8572-09c356a296c4" testId="0dbe4e13-daa7-6cf0-2d89-882abfacdb28" testName="CertificateSelection2_ToXmlandFromXml_Success" computerName="DKSR-EFI-04" duration="00:00:00.0065032" startTime="2023-12-22T09:33:47.7875747+01:00" endTime="2023-12-22T09:33:47.7875747+01:00" testType="13cdc9d9-ddb5-4fa4-a97d-d965ccfc6d4b" outcome="Passed" testListId="8c84fa94-04c1-424b-9868-57a2d4851a1d" relativeResultsDirectory="8972cd81-3858-46e1-8572-09c356a296c4" />
    <UnitTestResult executionId="8570b461-6503-406a-a031-e7983459eae3" testId="1d0eb2d7-e1ad-2995-ad2b-c85a311e7a96" testName="IsEnumerationValueAac_ReturnFalse_OnNull" computerName="DKSR-EFI-04" duration="00:00:00.0003416" startTime="2023-12-22T09:33:45.0219361+01:00" endTime="2023-12-22T09:33:45.0219361+01:00" testType="13cdc9d9-ddb5-4fa4-a97d-d965ccfc6d4b" outcome="Passed" testListId="8c84fa94-04c1-424b-9868-57a2d4851a1d" relativeResultsDirectory="8570b461-6503-406a-a031-e7983459eae3" />
    <UnitTestResult executionId="33359754-46b1-4a93-9134-000cc2a58235" testId="d589faec-154d-b820-e59a-e7fde87c9e89" testName="FeatureInformation_Constructor_PreservesValues" computerName="DKSR-EFI-04" duration="00:00:00.0013643" startTime="2023-12-22T09:33:37.3187731+01:00" endTime="2023-12-22T09:33:37.3187731+01:00" testType="13cdc9d9-ddb5-4fa4-a97d-d965ccfc6d4b" outcome="Passed" testListId="8c84fa94-04c1-424b-9868-57a2d4851a1d" relativeResultsDirectory="33359754-46b1-4a93-9134-000cc2a58235" />
    <UnitTestResult executionId="5bb69882-169a-4919-b61e-adf6425af2e5" testId="17fa218c-c1a6-687b-c91d-11aad9d6292c" testName="DecryptingOtherSystemSetting" computerName="DKSR-EFI-04" duration="00:00:00.0006915" startTime="2023-12-22T09:33:46.9438202+01:00" endTime="2023-12-22T09:33:46.9438202+01:00" testType="13cdc9d9-ddb5-4fa4-a97d-d965ccfc6d4b" outcome="Passed" testListId="8c84fa94-04c1-424b-9868-57a2d4851a1d" relativeResultsDirectory="5bb69882-169a-4919-b61e-adf6425af2e5" />
    <UnitTestResult executionId="e8ba316b-69d3-4f3a-932c-3cacf1bce9df" testId="50e69c9f-c2c3-75fa-6a94-ef83d708bdd2" testName="ServiceConnectionStatus_CheckTimeout_RaiseOfflineEvent" computerName="DKSR-EFI-04" duration="00:00:00.0032863" startTime="2023-12-22T09:33:29.1312331+01:00" endTime="2023-12-22T09:33:29.1312331+01:00" testType="13cdc9d9-ddb5-4fa4-a97d-d965ccfc6d4b" outcome="Passed" testListId="8c84fa94-04c1-424b-9868-57a2d4851a1d" relativeResultsDirectory="e8ba316b-69d3-4f3a-932c-3cacf1bce9df" />
    <UnitTestResult executionId="24c46c6d-9d16-4eba-b8b0-2b0fcb95aca0" testId="0668341c-d025-fc1a-f584-aa8451e47691" testName="ModelValidation_ValidModel_Success" computerName="DKSR-EFI-04" duration="00:00:00.0008645" startTime="2023-12-22T09:33:31.7406195+01:00" endTime="2023-12-22T09:33:31.7406195+01:00" testType="13cdc9d9-ddb5-4fa4-a97d-d965ccfc6d4b" outcome="Passed" testListId="8c84fa94-04c1-424b-9868-57a2d4851a1d" relativeResultsDirectory="24c46c6d-9d16-4eba-b8b0-2b0fcb95aca0" />
    <UnitTestResult executionId="a12e0a7a-1497-4f3d-9627-45343637b000" testId="67fcb600-6dc8-ee82-951b-19bc7b6681d9" testName="HttpClientCommunicatorWrapper_ReceiveTRet_Success" computerName="DKSR-EFI-04" duration="00:00:00.0024428" startTime="2023-12-22T09:33:30.9749916+01:00" endTime="2023-12-22T09:33:30.9749916+01:00" testType="13cdc9d9-ddb5-4fa4-a97d-d965ccfc6d4b" outcome="Passed" testListId="8c84fa94-04c1-424b-9868-57a2d4851a1d" relativeResultsDirectory="a12e0a7a-1497-4f3d-9627-45343637b000" />
    <UnitTestResult executionId="eb5c8ad7-fc19-4fea-93f9-85959f88ccb8" testId="5f0f39e0-02c6-e3b5-e154-38435b45d473" testName="TestEmptyStringLength" computerName="DKSR-EFI-04" duration="00:00:00.0062135" startTime="2023-12-22T09:33:24.3499605+01:00" endTime="2023-12-22T09:33:24.3499605+01:00" testType="13cdc9d9-ddb5-4fa4-a97d-d965ccfc6d4b" outcome="Passed" testListId="8c84fa94-04c1-424b-9868-57a2d4851a1d" relativeResultsDirectory="eb5c8ad7-fc19-4fea-93f9-85959f88ccb8">
      <Output>
        <StdOut>Debug Trace:&#xD;
Fail: max password length should be &gt; 1</StdOut>
      </Output>
    </UnitTestResult>
    <UnitTestResult executionId="defff8c6-0195-425f-b155-27518ef689ed" testId="191f24c6-cafa-473a-7bf0-f0b451e605dc" testName="HardwareInfo_HasLicensedCameras_ReturnsTrue_WhenHasCamerasWithMatchingLicenseStates" computerName="DKSR-EFI-04" duration="00:00:00.0012120" startTime="2023-12-22T09:33:37.6000238+01:00" endTime="2023-12-22T09:33:37.6000238+01:00" testType="13cdc9d9-ddb5-4fa4-a97d-d965ccfc6d4b" outcome="Passed" testListId="8c84fa94-04c1-424b-9868-57a2d4851a1d" relativeResultsDirectory="defff8c6-0195-425f-b155-27518ef689ed" />
    <UnitTestResult executionId="8e780b3d-e815-45bd-aa1c-b04387654f11" testId="c8202ea2-df5f-deb2-454c-cff3b2ec9ce1" testName="WhiteList_CreateInstanceMaximumChannelCountParameterIsNotANumber_RaisesArgumentException" computerName="DKSR-EFI-04" duration="00:00:00.0006384" startTime="2023-12-22T09:33:44.6469330+01:00" endTime="2023-12-22T09:33:44.6469330+01:00" testType="13cdc9d9-ddb5-4fa4-a97d-d965ccfc6d4b" outcome="Passed" testListId="8c84fa94-04c1-424b-9868-57a2d4851a1d" relativeResultsDirectory="8e780b3d-e815-45bd-aa1c-b04387654f11" />
    <UnitTestResult executionId="e47726ce-81dd-4e37-abd9-6b9ebbd6071a" testId="85d0f321-1adf-0a50-fcb5-5b02067c3ae4" testName="ResponseReceivedWeakEventManager_DereferenceSubscriber_RemovesHandler" computerName="DKSR-EFI-04" duration="00:00:00.1997554" startTime="2023-12-22T09:33:47.1469506+01:00" endTime="2023-12-22T09:33:47.3500711+01:00" testType="13cdc9d9-ddb5-4fa4-a97d-d965ccfc6d4b" outcome="Passed" testListId="8c84fa94-04c1-424b-9868-57a2d4851a1d" relativeResultsDirectory="e47726ce-81dd-4e37-abd9-6b9ebbd6071a" />
    <UnitTestResult executionId="36ccbe1d-d12b-452f-ad87-6ff1040c5b6c" testId="c0a9727d-0bf7-48e8-362a-ed8d26af8f19" testName="WebApiException_DefaultConstruct_Success" computerName="DKSR-EFI-04" duration="00:00:00.0002344" startTime="2023-12-22T09:33:32.3656245+01:00" endTime="2023-12-22T09:33:32.3656245+01:00" testType="13cdc9d9-ddb5-4fa4-a97d-d965ccfc6d4b" outcome="Passed" testListId="8c84fa94-04c1-424b-9868-57a2d4851a1d" relativeResultsDirectory="36ccbe1d-d12b-452f-ad87-6ff1040c5b6c" />
    <UnitTestResult executionId="13c4f4b6-2a0d-4519-8f97-a2720983d041" testId="71908ec8-aa85-7729-a044-9c9f1cdef406" testName="HardwareSetupErrorResponseModel_Validate_Success" computerName="DKSR-EFI-04" duration="00:00:00.0011091" startTime="2023-12-22T09:33:31.7718700+01:00" endTime="2023-12-22T09:33:31.7718700+01:00" testType="13cdc9d9-ddb5-4fa4-a97d-d965ccfc6d4b" outcome="Passed" testListId="8c84fa94-04c1-424b-9868-57a2d4851a1d" relativeResultsDirectory="13c4f4b6-2a0d-4519-8f97-a2720983d041" />
    <UnitTestResult executionId="cf6b24ff-8a77-4c66-a4a1-474c238bbf14" testId="b96dda28-dd27-8422-6b01-65ffbda5b871" testName="GetItemsByKey_SingleItem_ReturnsOneItem" computerName="DKSR-EFI-04" duration="00:00:00.0023193" startTime="2023-12-22T09:33:24.1375157+01:00" endTime="2023-12-22T09:33:24.1375157+01:00" testType="13cdc9d9-ddb5-4fa4-a97d-d965ccfc6d4b" outcome="Passed" testListId="8c84fa94-04c1-424b-9868-57a2d4851a1d" relativeResultsDirectory="cf6b24ff-8a77-4c66-a4a1-474c238bbf14" />
    <UnitTestResult executionId="d5ada8ca-a3d6-46f1-94fc-a07842b81cb7" testId="0d129f65-608c-48fe-7bbe-617ecdfce641" testName="LicenseDocument_Constructor_ThrowsArgumentNullException_OnEmptyStringParam" computerName="DKSR-EFI-04" duration="00:00:00.0006534" startTime="2023-12-22T09:33:44.2250573+01:00" endTime="2023-12-22T09:33:44.2250573+01:00" testType="13cdc9d9-ddb5-4fa4-a97d-d965ccfc6d4b" outcome="Passed" testListId="8c84fa94-04c1-424b-9868-57a2d4851a1d" relativeResultsDirectory="d5ada8ca-a3d6-46f1-94fc-a07842b81cb7" />
    <UnitTestResult executionId="6a13a152-0453-4d1a-83dd-a93f5d3378a9" testId="cfc4dc4c-319e-83b7-aea7-b591effbc8ad" testName="PtzPresetCollection_ContainsKey_Success" computerName="DKSR-EFI-04" duration="00:00:00.0006739" startTime="2023-12-22T09:33:24.4124606+01:00" endTime="2023-12-22T09:33:24.4124606+01:00" testType="13cdc9d9-ddb5-4fa4-a97d-d965ccfc6d4b" outcome="Passed" testListId="8c84fa94-04c1-424b-9868-57a2d4851a1d" relativeResultsDirectory="6a13a152-0453-4d1a-83dd-a93f5d3378a9" />
    <UnitTestResult executionId="c9dda65b-b21c-4afb-8c84-c6c042947ef6" testId="007246ce-570c-a007-eb42-8466afdc58c9" testName="Create_Mac_Address_Hash_String_Mac_String_Empty" computerName="DKSR-EFI-04" duration="00:00:00.0006521" startTime="2023-12-22T09:33:44.7406850+01:00" endTime="2023-12-22T09:33:44.7406850+01:00" testType="13cdc9d9-ddb5-4fa4-a97d-d965ccfc6d4b" outcome="Passed" testListId="8c84fa94-04c1-424b-9868-57a2d4851a1d" relativeResultsDirectory="c9dda65b-b21c-4afb-8c84-c6c042947ef6" />
    <UnitTestResult executionId="90b05cf5-4d8f-4057-ab81-3f24848df8d0" testId="2a5d33c9-3f95-f6d5-9adc-0bbf81131515" testName="LicenseDocument_RetrievesEmptySystemBuilderManufacturerId_Success" computerName="DKSR-EFI-04" duration="00:00:00.0018220" startTime="2023-12-22T09:33:44.3813087+01:00" endTime="2023-12-22T09:33:44.3969329+01:00" testType="13cdc9d9-ddb5-4fa4-a97d-d965ccfc6d4b" outcome="Passed" testListId="8c84fa94-04c1-424b-9868-57a2d4851a1d" relativeResultsDirectory="90b05cf5-4d8f-4057-ab81-3f24848df8d0" />
    <UnitTestResult executionId="4e2a62c6-64b9-48c4-8d59-a9a3977f858e" testId="ddf293a3-38e0-7a52-5485-6c7fa59ccec3" testName="Decrypt_DataSetIsNull_ThrowsArgumentNullException" computerName="DKSR-EFI-04" duration="00:00:00.0171057" startTime="2023-12-22T09:33:46.3031918+01:00" endTime="2023-12-22T09:33:46.3188165+01:00" testType="13cdc9d9-ddb5-4fa4-a97d-d965ccfc6d4b" outcome="Passed" testListId="8c84fa94-04c1-424b-9868-57a2d4851a1d" relativeResultsDirectory="4e2a62c6-64b9-48c4-8d59-a9a3977f858e">
      <Output>
        <StdOut>Debug Trace:&#xD;
Fail: Argument null</StdOut>
      </Output>
    </UnitTestResult>
    <UnitTestResult executionId="e7dd99e3-da26-4e90-91b0-15ac11bb7800" testId="c98cf8cc-0896-31ae-431a-5052c6c62dbc" testName="Validate_WhitelistedHardware_DoesNotAppearOnGrid_Warning_Success" computerName="DKSR-EFI-04" duration="00:00:00.0017319" startTime="2023-12-22T09:33:44.5844320+01:00" endTime="2023-12-22T09:33:44.5844320+01:00" testType="13cdc9d9-ddb5-4fa4-a97d-d965ccfc6d4b" outcome="Passed" testListId="8c84fa94-04c1-424b-9868-57a2d4851a1d" relativeResultsDirectory="e7dd99e3-da26-4e90-91b0-15ac11bb7800" />
    <UnitTestResult executionId="f6ab9879-2684-4d72-ade2-74a9a781d6cf" testId="9eb2be37-558c-55ad-a2a9-08a837613762" testName="DecryptingAVHSPassSystemSetting" computerName="DKSR-EFI-04" duration="00:00:00.0008288" startTime="2023-12-22T09:33:46.9125692+01:00" endTime="2023-12-22T09:33:46.9125692+01:00" testType="13cdc9d9-ddb5-4fa4-a97d-d965ccfc6d4b" outcome="Passed" testListId="8c84fa94-04c1-424b-9868-57a2d4851a1d" relativeResultsDirectory="f6ab9879-2684-4d72-ade2-74a9a781d6cf" />
    <UnitTestResult executionId="4e4582bd-f0cf-4584-bc64-a1d7b41d6087" testId="86a673a2-82fc-6064-d36e-b4b615855370" testName="RegisterRecorderModel_RequiredPropertiesAreNull_Failed" computerName="DKSR-EFI-04" duration="00:00:00.0040551" startTime="2023-12-22T09:33:32.0374965+01:00" endTime="2023-12-22T09:33:32.0531223+01:00" testType="13cdc9d9-ddb5-4fa4-a97d-d965ccfc6d4b" outcome="Passed" testListId="8c84fa94-04c1-424b-9868-57a2d4851a1d" relativeResultsDirectory="4e4582bd-f0cf-4584-bc64-a1d7b41d6087" />
    <UnitTestResult executionId="8ecbc746-e85d-4d28-af33-28a673caac78" testId="6c8785a7-7376-2b99-0097-2f6cf90fc665" testName="Mac_Address_Empty_Test_False_2" computerName="DKSR-EFI-04" duration="00:00:00.0001045" startTime="2023-12-22T09:33:44.7250587+01:00" endTime="2023-12-22T09:33:44.7250587+01:00" testType="13cdc9d9-ddb5-4fa4-a97d-d965ccfc6d4b" outcome="Passed" testListId="8c84fa94-04c1-424b-9868-57a2d4851a1d" relativeResultsDirectory="8ecbc746-e85d-4d28-af33-28a673caac78" />
    <UnitTestResult executionId="71b874a3-6b89-40a7-8396-717b65b9863f" testId="bad4de13-cddb-be38-13c5-dde249a03b22" testName="FeatureManager_GetFeatureParameterValueT_License_Argument_Null" computerName="DKSR-EFI-04" duration="00:00:00.0006144" startTime="2023-12-22T09:33:37.3812717+01:00" endTime="2023-12-22T09:33:37.3812717+01:00" testType="13cdc9d9-ddb5-4fa4-a97d-d965ccfc6d4b" outcome="Passed" testListId="8c84fa94-04c1-424b-9868-57a2d4851a1d" relativeResultsDirectory="71b874a3-6b89-40a7-8396-717b65b9863f" />
    <UnitTestResult executionId="44caaf33-72a8-41c1-a15a-636d6d39f911" testId="9fb05ec9-4cd4-d3b9-0212-219c756bc054" testName="GetAbsolutePtzPositionResponseModel_Validate_Success" computerName="DKSR-EFI-04" duration="00:00:00.0015287" startTime="2023-12-22T09:33:32.0999963+01:00" endTime="2023-12-22T09:33:32.0999963+01:00" testType="13cdc9d9-ddb5-4fa4-a97d-d965ccfc6d4b" outcome="Passed" testListId="8c84fa94-04c1-424b-9868-57a2d4851a1d" relativeResultsDirectory="44caaf33-72a8-41c1-a15a-636d6d39f911" />
    <UnitTestResult executionId="ec010c55-f350-4edc-9a5c-aa8c4bf0f65f" testId="0483b188-54aa-582f-d50c-01881d8e2d5d" testName="GroupConfigurationAddGroupsLevelsDeleteSome" computerName="DKSR-EFI-04" duration="00:00:00.0020088" startTime="2023-12-22T09:33:34.4281332+01:00" endTime="2023-12-22T09:33:34.4281332+01:00" testType="13cdc9d9-ddb5-4fa4-a97d-d965ccfc6d4b" outcome="Passed" testListId="8c84fa94-04c1-424b-9868-57a2d4851a1d" relativeResultsDirectory="ec010c55-f350-4edc-9a5c-aa8c4bf0f65f" />
    <UnitTestResult executionId="6632b13f-d8ce-4f4d-9d2e-54636d0f6ab2" testId="7b02c11d-a43e-8020-27a3-62cd637782c5" testName="PtzPreset_EqualsTo_Change_Description" computerName="DKSR-EFI-04" duration="00:00:00.0004070" startTime="2023-12-22T09:33:24.4593361+01:00" endTime="2023-12-22T09:33:24.4593361+01:00" testType="13cdc9d9-ddb5-4fa4-a97d-d965ccfc6d4b" outcome="Passed" testListId="8c84fa94-04c1-424b-9868-57a2d4851a1d" relativeResultsDirectory="6632b13f-d8ce-4f4d-9d2e-54636d0f6ab2" />
    <UnitTestResult executionId="0ba65abd-92e9-4e04-90b7-9c4db94da41f" testId="180196d8-f125-6614-48fa-62c49b0089e3" testName="SystemSettingTableAdapter_Encrypt_Success" computerName="DKSR-EFI-04" duration="00:00:00.0089481" startTime="2023-12-22T09:33:46.8344455+01:00" endTime="2023-12-22T09:33:46.8500705+01:00" testType="13cdc9d9-ddb5-4fa4-a97d-d965ccfc6d4b" outcome="Passed" testListId="8c84fa94-04c1-424b-9868-57a2d4851a1d" relativeResultsDirectory="0ba65abd-92e9-4e04-90b7-9c4db94da41f" />
    <UnitTestResult executionId="b0dace3b-a7d4-4b95-9a4e-36e1e0d15236" testId="a051760f-56e9-b36c-7f92-d910f2778b93" testName="ConvertStringToPort_NegativePort_ThrowsArgumentOutOfRangeException" computerName="DKSR-EFI-04" duration="00:00:00.0008224" startTime="2023-12-22T09:33:47.5063215+01:00" endTime="2023-12-22T09:33:47.5063215+01:00" testType="13cdc9d9-ddb5-4fa4-a97d-d965ccfc6d4b" outcome="Passed" testListId="8c84fa94-04c1-424b-9868-57a2d4851a1d" relativeResultsDirectory="b0dace3b-a7d4-4b95-9a4e-36e1e0d15236" />
    <UnitTestResult executionId="abbe2f74-76f6-482a-881d-bf6e9a513280" testId="246c8a65-c427-a9c1-ae58-a7c66780d3ff" testName="RulesTableAdapter_SetUserSid_Twice_InvalidOperationException" computerName="DKSR-EFI-04" duration="00:00:00.0013488" startTime="2023-12-22T09:33:46.7719454+01:00" endTime="2023-12-22T09:33:46.7719454+01:00" testType="13cdc9d9-ddb5-4fa4-a97d-d965ccfc6d4b" outcome="Passed" testListId="8c84fa94-04c1-424b-9868-57a2d4851a1d" relativeResultsDirectory="abbe2f74-76f6-482a-881d-bf6e9a513280">
      <Output>
        <StdOut>Debug Trace:&#xD;
Fail: The current sid value has not been cleared after the last use of the table adapter.</StdOut>
      </Output>
    </UnitTestResult>
    <UnitTestResult executionId="238e22fe-9872-4389-acaf-beecbb827fa7" testId="3072cc39-8686-cfc1-23dd-8ecb1be7b8d1" testName="LicenseDocument_GetParameterValue_NullFeature" computerName="DKSR-EFI-04" duration="00:00:00.0031803" startTime="2023-12-22T09:33:44.2719308+01:00" endTime="2023-12-22T09:33:44.2875585+01:00" testType="13cdc9d9-ddb5-4fa4-a97d-d965ccfc6d4b" outcome="Passed" testListId="8c84fa94-04c1-424b-9868-57a2d4851a1d" relativeResultsDirectory="238e22fe-9872-4389-acaf-beecbb827fa7" />
    <UnitTestResult executionId="e1f11236-3f29-450a-83a3-26a4938a2e98" testId="e471f1d4-3522-e65c-2dfe-ea6708c9a905" testName="GetRecorderSNMPId_Unknown" computerName="DKSR-EFI-04" duration="00:00:00.0003777" startTime="2023-12-22T09:33:45.1469365+01:00" endTime="2023-12-22T09:33:45.1469365+01:00" testType="13cdc9d9-ddb5-4fa4-a97d-d965ccfc6d4b" outcome="Passed" testListId="8c84fa94-04c1-424b-9868-57a2d4851a1d" relativeResultsDirectory="e1f11236-3f29-450a-83a3-26a4938a2e98" />
    <UnitTestResult executionId="c4ac8aff-2c53-4697-8053-f95c5b3ac344" testId="cafac1ab-c633-fda7-fb40-dc38309d06e9" testName="Hardware_Construct_NullHardwareInfo_Throws_ArgumentNullException" computerName="DKSR-EFI-04" duration="00:00:00.0011602" startTime="2023-12-22T09:33:44.4594327+01:00" endTime="2023-12-22T09:33:44.4594327+01:00" testType="13cdc9d9-ddb5-4fa4-a97d-d965ccfc6d4b" outcome="Passed" testListId="8c84fa94-04c1-424b-9868-57a2d4851a1d" relativeResultsDirectory="c4ac8aff-2c53-4697-8053-f95c5b3ac344" />
    <UnitTestResult executionId="baa796c4-a5d2-4a63-b111-0b3bdd488b8b" testId="aee14421-254e-91f0-aee7-822e2c77dcaf" testName="ReadIdentityFromCache_GetIdentityFromCache" computerName="DKSR-EFI-04" duration="00:00:00.0018312" startTime="2023-12-22T09:33:47.9282011+01:00" endTime="2023-12-22T09:33:47.9282011+01:00" testType="13cdc9d9-ddb5-4fa4-a97d-d965ccfc6d4b" outcome="Passed" testListId="8c84fa94-04c1-424b-9868-57a2d4851a1d" relativeResultsDirectory="baa796c4-a5d2-4a63-b111-0b3bdd488b8b" />
    <UnitTestResult executionId="27b723ca-6b1b-4f21-bac4-b056ad4a2754" testId="288f6194-a584-f13f-2c69-3cf58f8bd336" testName="CheckAllMIPFiltersKindsTestNotOk2" computerName="DKSR-EFI-04" duration="00:00:00.0001607" startTime="2023-12-22T09:33:34.4750088+01:00" endTime="2023-12-22T09:33:34.4750088+01:00" testType="13cdc9d9-ddb5-4fa4-a97d-d965ccfc6d4b" outcome="Passed" testListId="8c84fa94-04c1-424b-9868-57a2d4851a1d" relativeResultsDirectory="27b723ca-6b1b-4f21-bac4-b056ad4a2754" />
    <UnitTestResult executionId="f871250c-c3b0-4504-b49c-0675489c36ee" testId="755a9019-8a00-ef60-14fe-2ad551672b15" testName="CreateHardwareLicenseCountEvaluatorChannel_NullParameters_ThrowsArgumentNullException" computerName="DKSR-EFI-04" duration="00:00:00.0007266" startTime="2023-12-22T09:33:37.6156874+01:00" endTime="2023-12-22T09:33:37.6156874+01:00" testType="13cdc9d9-ddb5-4fa4-a97d-d965ccfc6d4b" outcome="Passed" testListId="8c84fa94-04c1-424b-9868-57a2d4851a1d" relativeResultsDirectory="f871250c-c3b0-4504-b49c-0675489c36ee" />
    <UnitTestResult executionId="a7dba13d-2ea1-4750-82e9-ccfdd9946e3a" testId="715cbcbf-2422-fb6c-97f7-6f79b7d973dd" testName="Success" computerName="DKSR-EFI-04" duration="00:00:00.0100162" startTime="2023-12-22T09:33:23.9124568+01:00" endTime="2023-12-22T09:33:23.9124568+01:00" testType="13cdc9d9-ddb5-4fa4-a97d-d965ccfc6d4b" outcome="Passed" testListId="8c84fa94-04c1-424b-9868-57a2d4851a1d" relativeResultsDirectory="a7dba13d-2ea1-4750-82e9-ccfdd9946e3a" />
    <UnitTestResult executionId="6cfee0a7-d7e0-4b1e-a556-0c0bf749512b" testId="436f02f9-0638-47ff-c0a7-0d7f79dceb32" testName="CreateHttpUri_FtpDefaultPort_UseDefaultPortTrue_BecomesHttpPort80" computerName="DKSR-EFI-04" duration="00:00:00.0001975" startTime="2023-12-22T09:33:47.3815519+01:00" endTime="2023-12-22T09:33:47.3815519+01:00" testType="13cdc9d9-ddb5-4fa4-a97d-d965ccfc6d4b" outcome="Passed" testListId="8c84fa94-04c1-424b-9868-57a2d4851a1d" relativeResultsDirectory="6cfee0a7-d7e0-4b1e-a556-0c0bf749512b" />
    <UnitTestResult executionId="b812544e-a606-4b4b-bc34-db00959ae436" testId="e0f1ca46-1dc7-984a-7192-5fd9de44ab13" testName="HardwareInfo_DecodesDriverAndModelNameUpperWithSmallerLargerThanSymbols" computerName="DKSR-EFI-04" duration="00:00:00.0004342" startTime="2023-12-22T09:33:37.5375236+01:00" endTime="2023-12-22T09:33:37.5531484+01:00" testType="13cdc9d9-ddb5-4fa4-a97d-d965ccfc6d4b" outcome="Passed" testListId="8c84fa94-04c1-424b-9868-57a2d4851a1d" relativeResultsDirectory="b812544e-a606-4b4b-bc34-db00959ae436" />
    <UnitTestResult executionId="7c581853-94d4-489d-9ad3-a4c3fe2a0a8c" testId="fee5bfa9-dfda-bebd-835d-dc916b944552" testName="ReadChildElementValueAsUInt32_ElementNull" computerName="DKSR-EFI-04" duration="00:00:00.0005972" startTime="2023-12-22T09:33:23.8499559+01:00" endTime="2023-12-22T09:33:23.8499559+01:00" testType="13cdc9d9-ddb5-4fa4-a97d-d965ccfc6d4b" outcome="Passed" testListId="8c84fa94-04c1-424b-9868-57a2d4851a1d" relativeResultsDirectory="7c581853-94d4-489d-9ad3-a4c3fe2a0a8c" />
    <UnitTestResult executionId="659cd399-438b-4c18-870d-94ca73279d8a" testId="be8725ff-af8f-b1a5-1ead-818d159b9d06" testName="DataSetUtility_UpdateLastModified_UnnamedDataSet_DevicePrivacyMask_LastModified_Changed" computerName="DKSR-EFI-04" duration="00:00:00.0176866" startTime="2023-12-22T09:33:23.0062022+01:00" endTime="2023-12-22T09:33:23.0218259+01:00" testType="13cdc9d9-ddb5-4fa4-a97d-d965ccfc6d4b" outcome="Passed" testListId="8c84fa94-04c1-424b-9868-57a2d4851a1d" relativeResultsDirectory="659cd399-438b-4c18-870d-94ca73279d8a" />
    <UnitTestResult executionId="671d0905-7786-4a87-8fb1-fb834311471f" testId="aa6a1320-24ff-bbcf-ab6f-48f78bd5eb7b" testName="Construct_LicenseActivationService_RelativeUri_ThrowsArgumentException" computerName="DKSR-EFI-04" duration="00:00:00.0006326" startTime="2023-12-22T09:33:37.6468986+01:00" endTime="2023-12-22T09:33:37.6468986+01:00" testType="13cdc9d9-ddb5-4fa4-a97d-d965ccfc6d4b" outcome="Passed" testListId="8c84fa94-04c1-424b-9868-57a2d4851a1d" relativeResultsDirectory="671d0905-7786-4a87-8fb1-fb834311471f" />
    <UnitTestResult executionId="4e4f7510-90a2-400d-b678-f750f1ed894d" testId="026b93c1-f06a-1d31-3ee8-d48a29f02d9b" testName="FeatureManager_GetFeatureParameterValueT_License_Doc_Null" computerName="DKSR-EFI-04" duration="00:00:00.0042332" startTime="2023-12-22T09:33:37.3812717+01:00" endTime="2023-12-22T09:33:37.3812717+01:00" testType="13cdc9d9-ddb5-4fa4-a97d-d965ccfc6d4b" outcome="Passed" testListId="8c84fa94-04c1-424b-9868-57a2d4851a1d" relativeResultsDirectory="4e4f7510-90a2-400d-b678-f750f1ed894d" />
    <UnitTestResult executionId="cc2b3028-8b3b-4097-9804-b31c6bbee4ba" testId="b5297b32-63e5-d445-fb49-5c5df5f61bec" testName="MipActionModel_ValidModel_Success" computerName="DKSR-EFI-04" duration="00:00:00.0017372" startTime="2023-12-22T09:33:32.0062460+01:00" endTime="2023-12-22T09:33:32.0062460+01:00" testType="13cdc9d9-ddb5-4fa4-a97d-d965ccfc6d4b" outcome="Passed" testListId="8c84fa94-04c1-424b-9868-57a2d4851a1d" relativeResultsDirectory="cc2b3028-8b3b-4097-9804-b31c6bbee4ba" />
    <UnitTestResult executionId="e8908ad6-ec7b-41bd-907a-bdc0bb1fce39" testId="0ddc9244-620d-a1c4-b5dd-edd302168e8a" testName="Construct_RequestContainer_InvalidLicenseRequestEmptyString_ThrowsArgumentNullException" computerName="DKSR-EFI-04" duration="00:00:00.0006056" startTime="2023-12-22T09:33:44.1938072+01:00" endTime="2023-12-22T09:33:44.1938072+01:00" testType="13cdc9d9-ddb5-4fa4-a97d-d965ccfc6d4b" outcome="Passed" testListId="8c84fa94-04c1-424b-9868-57a2d4851a1d" relativeResultsDirectory="e8908ad6-ec7b-41bd-907a-bdc0bb1fce39" />
    <UnitTestResult executionId="cfadcf11-10ce-4dc2-9814-fca3a1b9ed3a" testId="f14b7ede-065f-7968-7e7b-731383f63de6" testName="WhiteList_IsModelWhiteListed_HWWith15CH_GlobalMaxChannelCount16ModelMaxChannelCountInvalid_ReturnsTrue" computerName="DKSR-EFI-04" duration="00:00:00.0008010" startTime="2023-12-22T09:33:44.6938088+01:00" endTime="2023-12-22T09:33:44.6938088+01:00" testType="13cdc9d9-ddb5-4fa4-a97d-d965ccfc6d4b" outcome="Passed" testListId="8c84fa94-04c1-424b-9868-57a2d4851a1d" relativeResultsDirectory="cfadcf11-10ce-4dc2-9814-fca3a1b9ed3a" />
    <UnitTestResult executionId="95563c9f-4310-405a-b532-69490c07fe0b" testId="1fc4377d-0c2d-3e08-115f-f074f589d216" testName="Constructor_ThrowsException_WhenICPHardwareAndNonIcpHardwareIsMixed_FirstHardwareIsNonIcp" computerName="DKSR-EFI-04" duration="00:00:00.0010274" startTime="2023-12-22T09:33:37.1781470+01:00" endTime="2023-12-22T09:33:37.1781470+01:00" testType="13cdc9d9-ddb5-4fa4-a97d-d965ccfc6d4b" outcome="Passed" testListId="8c84fa94-04c1-424b-9868-57a2d4851a1d" relativeResultsDirectory="95563c9f-4310-405a-b532-69490c07fe0b" />
    <UnitTestResult executionId="f475fae2-4097-4c1c-baaa-37b34e15bb8e" testId="44ffeb6d-cf9c-51d6-578b-63781cff588e" testName="LicenseDocument_IsFeatureLicensed_ExistingFeatureNotExpired" computerName="DKSR-EFI-04" duration="00:00:00.0018650" startTime="2023-12-22T09:33:44.2563054+01:00" endTime="2023-12-22T09:33:44.2719308+01:00" testType="13cdc9d9-ddb5-4fa4-a97d-d965ccfc6d4b" outcome="Passed" testListId="8c84fa94-04c1-424b-9868-57a2d4851a1d" relativeResultsDirectory="f475fae2-4097-4c1c-baaa-37b34e15bb8e" />
    <UnitTestResult executionId="9d48bcd7-59fd-4e53-9a9c-fd4e60c5b696" testId="faf844ee-86b2-0372-521d-036a0449add9" testName="HardwareInfo_HasCameraDevices_ReturnsFalse_WhenHardwareIsDisabled" computerName="DKSR-EFI-04" duration="00:00:00.0006377" startTime="2023-12-22T09:33:37.6000238+01:00" endTime="2023-12-22T09:33:37.6000238+01:00" testType="13cdc9d9-ddb5-4fa4-a97d-d965ccfc6d4b" outcome="Passed" testListId="8c84fa94-04c1-424b-9868-57a2d4851a1d" relativeResultsDirectory="9d48bcd7-59fd-4e53-9a9c-fd4e60c5b696" />
    <UnitTestResult executionId="590ecbd1-2d88-4a47-a128-b25a21ee475c" testId="24bc4452-6389-5ad3-fcf2-eb33569b557f" testName="ServerFileStorage_PersistedCleanupService_Receives_PersistedEntriesOnly" computerName="DKSR-EFI-04" duration="00:00:00.0046885" startTime="2023-12-22T09:33:29.0843576+01:00" endTime="2023-12-22T09:33:29.0843576+01:00" testType="13cdc9d9-ddb5-4fa4-a97d-d965ccfc6d4b" outcome="Passed" testListId="8c84fa94-04c1-424b-9868-57a2d4851a1d" relativeResultsDirectory="590ecbd1-2d88-4a47-a128-b25a21ee475c" />
    <UnitTestResult executionId="c11b5a6a-dc70-4590-a0b4-1e67acdd5d37" testId="58a3ee17-49dd-8c3e-682d-eab704f23a99" testName="Scheduler_SimpleTaskProcessing" computerName="DKSR-EFI-04" startTime="2023-12-22T09:33:33.1000029+01:00" endTime="2023-12-22T09:33:33.1000029+01:00" testType="13cdc9d9-ddb5-4fa4-a97d-d965ccfc6d4b" outcome="NotExecuted" testListId="8c84fa94-04c1-424b-9868-57a2d4851a1d" relativeResultsDirectory="c11b5a6a-dc70-4590-a0b4-1e67acdd5d37">
      <Output></Output>
    </UnitTestResult>
    <UnitTestResult executionId="1307c9c3-9481-4d7d-8f06-c2b8d761c800" testId="704dfcc7-0671-d060-5f0f-23483247cded" testName="Update_XmlHasNoPassword_XmlIsUnchanged" computerName="DKSR-EFI-04" duration="00:00:00.0003685" startTime="2023-12-22T09:33:46.9750730+01:00" endTime="2023-12-22T09:33:46.9750730+01:00" testType="13cdc9d9-ddb5-4fa4-a97d-d965ccfc6d4b" outcome="Passed" testListId="8c84fa94-04c1-424b-9868-57a2d4851a1d" relativeResultsDirectory="1307c9c3-9481-4d7d-8f06-c2b8d761c800" />
    <UnitTestResult executionId="1f0921fd-ddb7-47de-a7e1-28a7f15978e8" testId="da9394cb-7286-3d66-4b0f-0a5b2d3d9841" testName="ImmerVisionLensesDynamicLoad_LensLoadTest" computerName="DKSR-EFI-04" duration="00:00:00.0232074" startTime="2023-12-22T09:33:44.8500597+01:00" endTime="2023-12-22T09:33:44.8656847+01:00" testType="13cdc9d9-ddb5-4fa4-a97d-d965ccfc6d4b" outcome="Passed" testListId="8c84fa94-04c1-424b-9868-57a2d4851a1d" relativeResultsDirectory="1f0921fd-ddb7-47de-a7e1-28a7f15978e8" />
    <UnitTestResult executionId="9f7ea7c2-1c91-4bd3-9be7-d9b57ee717da" testId="0565dbba-a5c9-6aed-c8f5-75dfd184b94b" testName="FeatureManager_GetFeatureParameterValueT_Guid_Invalid_Value" computerName="DKSR-EFI-04" duration="00:00:00.0014236" startTime="2023-12-22T09:33:37.4125238+01:00" endTime="2023-12-22T09:33:37.4125238+01:00" testType="13cdc9d9-ddb5-4fa4-a97d-d965ccfc6d4b" outcome="Passed" testListId="8c84fa94-04c1-424b-9868-57a2d4851a1d" relativeResultsDirectory="9f7ea7c2-1c91-4bd3-9be7-d9b57ee717da" />
    <UnitTestResult executionId="ace5f4d6-2e62-4a82-9731-5f5b3694a8bf" testId="591dc192-0252-1cb9-9f81-4a872a67be45" testName="GetServerSNMPId_Unknown" computerName="DKSR-EFI-04" duration="00:00:00.0001518" startTime="2023-12-22T09:33:45.1625600+01:00" endTime="2023-12-22T09:33:45.1625600+01:00" testType="13cdc9d9-ddb5-4fa4-a97d-d965ccfc6d4b" outcome="Passed" testListId="8c84fa94-04c1-424b-9868-57a2d4851a1d" relativeResultsDirectory="ace5f4d6-2e62-4a82-9731-5f5b3694a8bf" />
    <UnitTestResult executionId="88c9efee-de69-4e44-a84c-3eb472a6a6f0" testId="8f9de0ec-d67f-eff3-10f8-5614a0dea8f1" testName="CreateHttpsUri_NoSchemeWithPort_UsePort88_BecomesHttpsPort88" computerName="DKSR-EFI-04" duration="00:00:00.0001697" startTime="2023-12-22T09:33:47.4907001+01:00" endTime="2023-12-22T09:33:47.4907001+01:00" testType="13cdc9d9-ddb5-4fa4-a97d-d965ccfc6d4b" outcome="Passed" testListId="8c84fa94-04c1-424b-9868-57a2d4851a1d" relativeResultsDirectory="88c9efee-de69-4e44-a84c-3eb472a6a6f0" />
    <UnitTestResult executionId="f8c1244e-2b6c-46ec-8a47-fa5d0fc5d882" testId="10f4c7e3-0b8f-ff11-3a86-e5d09f71a4dc" testName="PrepareMoveHardwareModel_Validate_Failed" computerName="DKSR-EFI-04" duration="00:00:00.0017959" startTime="2023-12-22T09:33:31.3968693+01:00" endTime="2023-12-22T09:33:31.3968693+01:00" testType="13cdc9d9-ddb5-4fa4-a97d-d965ccfc6d4b" outcome="Passed" testListId="8c84fa94-04c1-424b-9868-57a2d4851a1d" relativeResultsDirectory="f8c1244e-2b6c-46ec-8a47-fa5d0fc5d882" />
    <UnitTestResult executionId="895f42cd-8a86-4b2b-a131-3f22eff593b0" testId="2259967c-e46c-ebf5-3e51-5ae1915a0703" testName="GroupConfigurationAddGroupsOnlyOneLevel" computerName="DKSR-EFI-04" duration="00:00:00.0099327" startTime="2023-12-22T09:33:34.4125065+01:00" endTime="2023-12-22T09:33:34.4125065+01:00" testType="13cdc9d9-ddb5-4fa4-a97d-d965ccfc6d4b" outcome="Passed" testListId="8c84fa94-04c1-424b-9868-57a2d4851a1d" relativeResultsDirectory="895f42cd-8a86-4b2b-a131-3f22eff593b0" />
    <UnitTestResult executionId="61288034-ccf3-4443-9e4f-e566084aa5c2" testId="1486195d-eb16-aa53-7b2a-dfba28d005af" testName="SendAsync_WithReturnValue_TaskIsExecuted" computerName="DKSR-EFI-04" duration="00:00:00.0055843" startTime="2023-12-22T09:33:20.3811898+01:00" endTime="2023-12-22T09:33:20.3811898+01:00" testType="13cdc9d9-ddb5-4fa4-a97d-d965ccfc6d4b" outcome="Passed" testListId="8c84fa94-04c1-424b-9868-57a2d4851a1d" relativeResultsDirectory="61288034-ccf3-4443-9e4f-e566084aa5c2" />
    <UnitTestResult executionId="d7185263-9835-4bbe-bc4e-1b18eb27fd90" testId="3ee5c1cb-2da7-8d79-fdd9-2e8056204da5" testName="WhiteList_CreateInstanceWithoutAttributesParameter_RaisesArgumentException" computerName="DKSR-EFI-04" duration="00:00:00.0007303" startTime="2023-12-22T09:33:44.6156834+01:00" endTime="2023-12-22T09:33:44.6156834+01:00" testType="13cdc9d9-ddb5-4fa4-a97d-d965ccfc6d4b" outcome="Passed" testListId="8c84fa94-04c1-424b-9868-57a2d4851a1d" relativeResultsDirectory="d7185263-9835-4bbe-bc4e-1b18eb27fd90" />
    <UnitTestResult executionId="09628ef5-054d-4554-b453-ef7f7fdf8340" testId="7453077c-caf2-48f1-e6f0-ad5df5ce9ce3" testName="ReadChildElementValueAsUInt64_RangeCheck_Min" computerName="DKSR-EFI-04" duration="00:00:00.0022784" startTime="2023-12-22T09:33:23.8812067+01:00" endTime="2023-12-22T09:33:23.8812067+01:00" testType="13cdc9d9-ddb5-4fa4-a97d-d965ccfc6d4b" outcome="Passed" testListId="8c84fa94-04c1-424b-9868-57a2d4851a1d" relativeResultsDirectory="09628ef5-054d-4554-b453-ef7f7fdf8340" />
    <UnitTestResult executionId="ab670d50-3f77-4a40-a3d0-b7e23649fa7e" testId="09bdea18-f696-eae7-18fe-6a761cdcf889" testName="UniqueIndex_GetEntryByKey_Comparer_Returns_Correct_Item" computerName="DKSR-EFI-04" duration="00:00:00.0007552" startTime="2023-12-22T09:33:23.9905811+01:00" endTime="2023-12-22T09:33:23.9905811+01:00" testType="13cdc9d9-ddb5-4fa4-a97d-d965ccfc6d4b" outcome="Passed" testListId="8c84fa94-04c1-424b-9868-57a2d4851a1d" relativeResultsDirectory="ab670d50-3f77-4a40-a3d0-b7e23649fa7e" />
    <UnitTestResult executionId="e9588f5f-bc1a-4d3c-abfa-0f2e084824b9" testId="cd740d0e-ce9c-9990-d16e-330145a86605" testName="DatabaseXmlConverter_DeviceXmlToStickerSize_Single" computerName="DKSR-EFI-04" duration="00:00:00.0568258" startTime="2023-12-22T09:33:21.5843209+01:00" endTime="2023-12-22T09:33:21.6468201+01:00" testType="13cdc9d9-ddb5-4fa4-a97d-d965ccfc6d4b" outcome="Passed" testListId="8c84fa94-04c1-424b-9868-57a2d4851a1d" relativeResultsDirectory="e9588f5f-bc1a-4d3c-abfa-0f2e084824b9" />
    <UnitTestResult executionId="857ba121-5cf2-440c-b254-d4bea1d118c2" testId="819c0979-239a-1bbe-8aec-82c5d15d99c9" testName="TokenHandler_CheckToken (Data Row 1)" computerName="DKSR-EFI-04" duration="00:00:00.0948065" startTime="2023-12-22T09:33:32.5843740+01:00" endTime="2023-12-22T09:33:33.0062516+01:00" testType="13cdc9d9-ddb5-4fa4-a97d-d965ccfc6d4b" outcome="Passed" testListId="8c84fa94-04c1-424b-9868-57a2d4851a1d" relativeResultsDirectory="857ba121-5cf2-440c-b254-d4bea1d118c2">
      <Output>
        <StdOut>Debug Trace:&#xD;
Token created: TOKEN#896dd819-e256-4b4a-a6eb-4f57cbb6f1c7##</StdOut>
      </Output>
    </UnitTestResult>
    <UnitTestResult executionId="026b8e22-f3c2-4a38-9945-fa97b06b6c01" testId="d6e51d0c-a6b0-eb45-84d3-c2374b826952" testName="ProcessMessage_Command_Bulkable_MaxBulkSize_LessThan_Commands_InQueue" computerName="DKSR-EFI-04" duration="00:00:00.0008681" startTime="2023-12-22T09:33:36.5843946+01:00" endTime="2023-12-22T09:33:36.5843946+01:00" testType="13cdc9d9-ddb5-4fa4-a97d-d965ccfc6d4b" outcome="Passed" testListId="8c84fa94-04c1-424b-9868-57a2d4851a1d" relativeResultsDirectory="026b8e22-f3c2-4a38-9945-fa97b06b6c01" />
    <UnitTestResult executionId="93f46dc2-6411-4856-99a6-c2a789373788" testId="cfe58986-275c-53fe-71ef-85a1c282d95e" testName="LicenseGetVendorTest_GetRightVendor" computerName="DKSR-EFI-04" duration="00:00:00.0033669" startTime="2023-12-22T09:33:44.7719350+01:00" endTime="2023-12-22T09:33:44.7875615+01:00" testType="13cdc9d9-ddb5-4fa4-a97d-d965ccfc6d4b" outcome="Passed" testListId="8c84fa94-04c1-424b-9868-57a2d4851a1d" relativeResultsDirectory="93f46dc2-6411-4856-99a6-c2a789373788" />
    <UnitTestResult executionId="a8677662-0401-47b8-bdb1-4f311e090c8a" testId="e4a54c23-0013-4297-6386-e5dd4634423d" testName="HardwareInfo_EnabledDevices_ReturnsEmptyListWhenNoEnabledDevices" computerName="DKSR-EFI-04" duration="00:00:00.0005565" startTime="2023-12-22T09:33:37.5687735+01:00" endTime="2023-12-22T09:33:37.5687735+01:00" testType="13cdc9d9-ddb5-4fa4-a97d-d965ccfc6d4b" outcome="Passed" testListId="8c84fa94-04c1-424b-9868-57a2d4851a1d" relativeResultsDirectory="a8677662-0401-47b8-bdb1-4f311e090c8a" />
    <UnitTestResult executionId="214e71c0-a93a-4d55-8f81-527426f20f23" testId="b1c2e496-eb63-07be-9962-24e7adb72f7e" testName="Transform_XmlWithPassword_PasswordChanged" computerName="DKSR-EFI-04" duration="00:00:00.0004147" startTime="2023-12-22T09:33:46.9906966+01:00" endTime="2023-12-22T09:33:46.9906966+01:00" testType="13cdc9d9-ddb5-4fa4-a97d-d965ccfc6d4b" outcome="Passed" testListId="8c84fa94-04c1-424b-9868-57a2d4851a1d" relativeResultsDirectory="214e71c0-a93a-4d55-8f81-527426f20f23" />
    <UnitTestResult executionId="1b00248f-2107-426a-ad48-68b76353a142" testId="bcede72c-0945-dcf2-f0e3-70fa6db3591b" testName="ScheduledTimeReachedFunctionScheduledDateTimeNotReachedTest" computerName="DKSR-EFI-04" duration="00:00:00.0003713" startTime="2023-12-22T09:33:34.5375083+01:00" endTime="2023-12-22T09:33:34.5375083+01:00" testType="13cdc9d9-ddb5-4fa4-a97d-d965ccfc6d4b" outcome="Passed" testListId="8c84fa94-04c1-424b-9868-57a2d4851a1d" relativeResultsDirectory="1b00248f-2107-426a-ad48-68b76353a142" />
    <UnitTestResult executionId="bd79ce0e-7727-4a88-b769-1344d932690d" testId="1be58e80-7bfa-841e-ebc8-362904c130f2" testName="Validate_JsonCreatedFromLicenseResponse_Success" computerName="DKSR-EFI-04" duration="00:00:00.0001882" startTime="2023-12-22T09:33:44.2094311+01:00" endTime="2023-12-22T09:33:44.2094311+01:00" testType="13cdc9d9-ddb5-4fa4-a97d-d965ccfc6d4b" outcome="Passed" testListId="8c84fa94-04c1-424b-9868-57a2d4851a1d" relativeResultsDirectory="bd79ce0e-7727-4a88-b769-1344d932690d" />
    <UnitTestResult executionId="ebaf1b86-e416-4607-8f51-a2e2dca61619" testId="60b355dc-bc58-c15e-650d-b3b1a5fc1cae" testName="ReadChildElementValueAsUInt32_InvalidData" computerName="DKSR-EFI-04" duration="00:00:00.0004366" startTime="2023-12-22T09:33:23.8343313+01:00" endTime="2023-12-22T09:33:23.8343313+01:00" testType="13cdc9d9-ddb5-4fa4-a97d-d965ccfc6d4b" outcome="Passed" testListId="8c84fa94-04c1-424b-9868-57a2d4851a1d" relativeResultsDirectory="ebaf1b86-e416-4607-8f51-a2e2dca61619" />
    <UnitTestResult executionId="954f7847-19c0-49d7-8d10-f7a0054ed788" testId="d6345a70-d736-2ba4-d438-a4a0b262266f" testName="CreateInstance_InvalidMaxChannelCount_Throws_ArgumentNullException" computerName="DKSR-EFI-04" duration="00:00:00.0005987" startTime="2023-12-22T09:33:44.7875615+01:00" endTime="2023-12-22T09:33:44.7875615+01:00" testType="13cdc9d9-ddb5-4fa4-a97d-d965ccfc6d4b" outcome="Passed" testListId="8c84fa94-04c1-424b-9868-57a2d4851a1d" relativeResultsDirectory="954f7847-19c0-49d7-8d10-f7a0054ed788" />
    <UnitTestResult executionId="9af67c39-6b66-4f5f-8ec7-36f3cb3f5716" testId="4111eddc-fb22-df8c-e639-2bb95b1b0b8d" testName="FeatureManager_FeatureParameterCount_License_Doc_Null" computerName="DKSR-EFI-04" duration="00:00:00.0003549" startTime="2023-12-22T09:33:37.3343987+01:00" endTime="2023-12-22T09:33:37.3343987+01:00" testType="13cdc9d9-ddb5-4fa4-a97d-d965ccfc6d4b" outcome="Passed" testListId="8c84fa94-04c1-424b-9868-57a2d4851a1d" relativeResultsDirectory="9af67c39-6b66-4f5f-8ec7-36f3cb3f5716" />
    <UnitTestResult executionId="d1b43e57-acd4-4081-92e8-0abc85a04526" testId="7518b4ee-6d5b-6aaa-1fb8-e8caca1e0c08" testName="PatchAsync_ObjIsNull_ArgumentNullExceptionThrown" computerName="DKSR-EFI-04" duration="00:00:00.0024606" startTime="2023-12-22T09:33:20.6468142+01:00" endTime="2023-12-22T09:33:20.6624430+01:00" testType="13cdc9d9-ddb5-4fa4-a97d-d965ccfc6d4b" outcome="Passed" testListId="8c84fa94-04c1-424b-9868-57a2d4851a1d" relativeResultsDirectory="d1b43e57-acd4-4081-92e8-0abc85a04526">
      <Output>
        <StdOut>Debug Trace:&#xD;
Fail: Argument null</StdOut>
      </Output>
    </UnitTestResult>
    <UnitTestResult executionId="7ca0c8a4-c4a9-4f85-a974-a8d8d2837a69" testId="92164469-7e24-648d-869e-3cfcc71a208f" testName="ReadIdentityFromCache_NullSid" computerName="DKSR-EFI-04" duration="00:00:00.0003662" startTime="2023-12-22T09:33:47.8969509+01:00" endTime="2023-12-22T09:33:47.8969509+01:00" testType="13cdc9d9-ddb5-4fa4-a97d-d965ccfc6d4b" outcome="Passed" testListId="8c84fa94-04c1-424b-9868-57a2d4851a1d" relativeResultsDirectory="7ca0c8a4-c4a9-4f85-a974-a8d8d2837a69" />
    <UnitTestResult executionId="6ee40787-3b45-43af-b642-cc5251635195" testId="3cdc97f6-93f6-8b1f-9406-b91a77d074eb" testName="QueuedCommandExecutor_Close" computerName="DKSR-EFI-04" duration="00:00:00.0386811" startTime="2023-12-22T09:33:47.6781986+01:00" endTime="2023-12-22T09:33:47.7094475+01:00" testType="13cdc9d9-ddb5-4fa4-a97d-d965ccfc6d4b" outcome="Passed" testListId="8c84fa94-04c1-424b-9868-57a2d4851a1d" relativeResultsDirectory="6ee40787-3b45-43af-b642-cc5251635195" />
    <UnitTestResult executionId="29e92ea6-7ca6-49e2-9c15-5499704de7d4" testId="7959cf01-3f91-01f0-cd2a-071b6ac9edb5" testName="Receive_NoError_TaskIsExecuted" computerName="DKSR-EFI-04" duration="00:00:00.0504821" startTime="2023-12-22T09:33:21.3499443+01:00" endTime="2023-12-22T09:33:21.3968197+01:00" testType="13cdc9d9-ddb5-4fa4-a97d-d965ccfc6d4b" outcome="Passed" testListId="8c84fa94-04c1-424b-9868-57a2d4851a1d" relativeResultsDirectory="29e92ea6-7ca6-49e2-9c15-5499704de7d4" />
    <UnitTestResult executionId="ad870dba-1bdb-4b60-b339-64da5ca6735a" testId="8022e0d5-7466-cb18-799a-eb9c4d10cf6e" testName="HttpClientCommunicatorWrapper_SendAsyncTObjHttp_Success" computerName="DKSR-EFI-04" duration="00:00:00.0043083" startTime="2023-12-22T09:33:30.9124904+01:00" endTime="2023-12-22T09:33:30.9281140+01:00" testType="13cdc9d9-ddb5-4fa4-a97d-d965ccfc6d4b" outcome="Passed" testListId="8c84fa94-04c1-424b-9868-57a2d4851a1d" relativeResultsDirectory="ad870dba-1bdb-4b60-b339-64da5ca6735a" />
    <UnitTestResult executionId="53f8fb76-9fbe-4cf6-a9c3-8f7084673a3b" testId="f005a168-1d6f-2ad6-8153-dde60fa10192" testName="LegacySecurityAttributeMapper_All_Properties_Mapped" computerName="DKSR-EFI-04" duration="00:00:00.0102175" startTime="2023-12-22T09:33:32.4281244+01:00" endTime="2023-12-22T09:33:32.4437509+01:00" testType="13cdc9d9-ddb5-4fa4-a97d-d965ccfc6d4b" outcome="Passed" testListId="8c84fa94-04c1-424b-9868-57a2d4851a1d" relativeResultsDirectory="53f8fb76-9fbe-4cf6-a9c3-8f7084673a3b" />
    <UnitTestResult executionId="c45995b3-1ae6-413a-a239-3bc42f6d4c82" testId="a63d3def-93ce-1a37-9ea6-79b3c23a80e2" testName="FeatureManager_TryGetFeatureParameterValue_EmptyValue" computerName="DKSR-EFI-04" duration="00:00:00.0003729" startTime="2023-12-22T09:33:37.3812717+01:00" endTime="2023-12-22T09:33:37.3812717+01:00" testType="13cdc9d9-ddb5-4fa4-a97d-d965ccfc6d4b" outcome="Passed" testListId="8c84fa94-04c1-424b-9868-57a2d4851a1d" relativeResultsDirectory="c45995b3-1ae6-413a-a239-3bc42f6d4c82" />
    <UnitTestResult executionId="bc97a5bf-078b-46ae-bfa9-affe4d81dfed" testId="f7ddde3a-97ad-c830-9d08-4fc2d71b81a4" testName="Decrypt_DataSetHasNoRows_DataSetIsNotChanged" computerName="DKSR-EFI-04" duration="00:00:00.0018580" startTime="2023-12-22T09:33:46.4906930+01:00" endTime="2023-12-22T09:33:46.4906930+01:00" testType="13cdc9d9-ddb5-4fa4-a97d-d965ccfc6d4b" outcome="Passed" testListId="8c84fa94-04c1-424b-9868-57a2d4851a1d" relativeResultsDirectory="bc97a5bf-078b-46ae-bfa9-affe4d81dfed" />
    <UnitTestResult executionId="22eacac8-ba42-4964-9eb4-74c171fd42c7" testId="a7e2cf6c-65c4-8db2-c00e-a4ed57404841" testName="TestPasswordGenerationFromBasicRequirements" computerName="DKSR-EFI-04" duration="00:00:00.0004608" startTime="2023-12-22T09:33:24.3655846+01:00" endTime="2023-12-22T09:33:24.3655846+01:00" testType="13cdc9d9-ddb5-4fa4-a97d-d965ccfc6d4b" outcome="Passed" testListId="8c84fa94-04c1-424b-9868-57a2d4851a1d" relativeResultsDirectory="22eacac8-ba42-4964-9eb4-74c171fd42c7" />
    <UnitTestResult executionId="35cd4c0b-5af2-45d5-b146-652550a5e248" testId="aa8ea8cd-fb96-edab-8a80-e31ce7a67435" testName="SecurityTokenCollectionDto2_Serialization_Success" computerName="DKSR-EFI-04" duration="00:00:00.0012698" startTime="2023-12-22T09:33:47.5531977+01:00" endTime="2023-12-22T09:33:47.5531977+01:00" testType="13cdc9d9-ddb5-4fa4-a97d-d965ccfc6d4b" outcome="Passed" testListId="8c84fa94-04c1-424b-9868-57a2d4851a1d" relativeResultsDirectory="35cd4c0b-5af2-45d5-b146-652550a5e248" />
    <UnitTestResult executionId="895854fb-a8a9-468f-b42f-d8a1e7aa3b98" testId="c2c277a8-e31f-70e0-ad47-c4ae68d0f17f" testName="SecurityConfigurationModel_Validate_Failed" computerName="DKSR-EFI-04" duration="00:00:00.0030059" startTime="2023-12-22T09:33:31.4593680+01:00" endTime="2023-12-22T09:33:31.4593680+01:00" testType="13cdc9d9-ddb5-4fa4-a97d-d965ccfc6d4b" outcome="Passed" testListId="8c84fa94-04c1-424b-9868-57a2d4851a1d" relativeResultsDirectory="895854fb-a8a9-468f-b42f-d8a1e7aa3b98" />
    <UnitTestResult executionId="3ae84acd-a605-475e-8643-0334bd735659" testId="024e84b1-e2c2-8e50-918a-9af9433a5ada" testName="WarningResponseModel_Validate_Success" computerName="DKSR-EFI-04" duration="00:00:00.0009648" startTime="2023-12-22T09:33:30.2093628+01:00" endTime="2023-12-22T09:33:30.2093628+01:00" testType="13cdc9d9-ddb5-4fa4-a97d-d965ccfc6d4b" outcome="Passed" testListId="8c84fa94-04c1-424b-9868-57a2d4851a1d" relativeResultsDirectory="3ae84acd-a605-475e-8643-0334bd735659" />
    <UnitTestResult executionId="3367c3d0-6a9a-4725-8eee-e49a0568ad15" testId="18dd14df-198b-49a2-f78f-464042c6d6d3" testName="ModelValidation_RequiredPropertiesAreNull_Failed" computerName="DKSR-EFI-04" duration="00:00:00.0023585" startTime="2023-12-22T09:33:31.4281171+01:00" endTime="2023-12-22T09:33:31.4437441+01:00" testType="13cdc9d9-ddb5-4fa4-a97d-d965ccfc6d4b" outcome="Passed" testListId="8c84fa94-04c1-424b-9868-57a2d4851a1d" relativeResultsDirectory="3367c3d0-6a9a-4725-8eee-e49a0568ad15" />
    <UnitTestResult executionId="33c6d2e1-3f2e-4052-9b30-cc1acd03a56c" testId="2ee9ae6c-ecb2-e137-7118-36fc9e6346a7" testName="SecurityManager_HasDevicePermission_ViewLive_TimeProfile_Allowed" computerName="DKSR-EFI-04" duration="00:00:00.0076965" startTime="2023-12-22T09:33:32.5687481+01:00" endTime="2023-12-22T09:33:32.5843740+01:00" testType="13cdc9d9-ddb5-4fa4-a97d-d965ccfc6d4b" outcome="Passed" testListId="8c84fa94-04c1-424b-9868-57a2d4851a1d" relativeResultsDirectory="33c6d2e1-3f2e-4052-9b30-cc1acd03a56c" />
    <UnitTestResult executionId="4fabf982-5b9d-4720-bd1b-e5cd2e15f438" testId="41ab09a6-a606-60bb-849d-3da88f8d54ca" testName="LicenseDocument_IsDeviceLicensed_HardwareFound_DeviceIndexNotListed_ReturnsFalse" computerName="DKSR-EFI-04" duration="00:00:00.0053326" startTime="2023-12-22T09:33:44.4125582+01:00" endTime="2023-12-22T09:33:44.4125582+01:00" testType="13cdc9d9-ddb5-4fa4-a97d-d965ccfc6d4b" outcome="Passed" testListId="8c84fa94-04c1-424b-9868-57a2d4851a1d" relativeResultsDirectory="4fabf982-5b9d-4720-bd1b-e5cd2e15f438" />
    <UnitTestResult executionId="df190796-608f-4316-9b49-a0dfc6d5f5d6" testId="ee9766ad-2a9d-2fc6-5ad1-0ac620df00d3" testName="CreateInstance_ValidName_InvalidSearchMethod_Blah_DefaultToPartial" computerName="DKSR-EFI-04" duration="00:00:00.0002835" startTime="2023-12-22T09:33:44.8031840+01:00" endTime="2023-12-22T09:33:44.8031840+01:00" testType="13cdc9d9-ddb5-4fa4-a97d-d965ccfc6d4b" outcome="Passed" testListId="8c84fa94-04c1-424b-9868-57a2d4851a1d" relativeResultsDirectory="df190796-608f-4316-9b49-a0dfc6d5f5d6" />
    <UnitTestResult executionId="9c67eb87-a434-4701-a564-515124e8bb47" testId="a777bdbc-ba48-36a4-6d58-09596560b308" testName="Index_Ctor_Null_ThrowArgumentNullException" computerName="DKSR-EFI-04" duration="00:00:00.0063653" startTime="2023-12-22T09:33:24.0062079+01:00" endTime="2023-12-22T09:33:24.0062079+01:00" testType="13cdc9d9-ddb5-4fa4-a97d-d965ccfc6d4b" outcome="Passed" testListId="8c84fa94-04c1-424b-9868-57a2d4851a1d" relativeResultsDirectory="9c67eb87-a434-4701-a564-515124e8bb47">
      <Output>
        <StdOut>Debug Trace:&#xD;
Fail: Argument null&#xD;
Fail: Argument null&#xD;
Fail: Argument null</StdOut>
      </Output>
    </UnitTestResult>
    <UnitTestResult executionId="c97552bb-8620-4f3b-ba3d-0427855aaea8" testId="dc3f1dae-0567-b3ac-cdd2-b945456beda9" testName="OnActionExecuting_ModelStateInvalid_BadRequest" computerName="DKSR-EFI-04" duration="00:00:00.2625409" startTime="2023-12-22T09:33:19.5530616+01:00" endTime="2023-12-22T09:33:19.8186859+01:00" testType="13cdc9d9-ddb5-4fa4-a97d-d965ccfc6d4b" outcome="Passed" testListId="8c84fa94-04c1-424b-9868-57a2d4851a1d" relativeResultsDirectory="c97552bb-8620-4f3b-ba3d-0427855aaea8" />
    <UnitTestResult executionId="bc79ab74-f44b-46bc-aafe-d50fe2d84807" testId="7902852e-7786-5519-d653-f451c8845231" testName="ReadChildElementValueAsUInt16_RangeCheck_Min_Exact" computerName="DKSR-EFI-04" duration="00:00:00.0002229" startTime="2023-12-22T09:33:23.8499559+01:00" endTime="2023-12-22T09:33:23.8499559+01:00" testType="13cdc9d9-ddb5-4fa4-a97d-d965ccfc6d4b" outcome="Passed" testListId="8c84fa94-04c1-424b-9868-57a2d4851a1d" relativeResultsDirectory="bc79ab74-f44b-46bc-aafe-d50fe2d84807" />
    <UnitTestResult executionId="571d6652-1f25-412a-978d-fa13ddf7b20b" testId="4f251702-a983-37b4-6681-9c460cd132a5" testName="Contructor_CreatesEmptyIndexesArray_OnEmptyHwList" computerName="DKSR-EFI-04" duration="00:00:00.0004464" startTime="2023-12-22T09:33:37.0687699+01:00" endTime="2023-12-22T09:33:37.0687699+01:00" testType="13cdc9d9-ddb5-4fa4-a97d-d965ccfc6d4b" outcome="Passed" testListId="8c84fa94-04c1-424b-9868-57a2d4851a1d" relativeResultsDirectory="571d6652-1f25-412a-978d-fa13ddf7b20b" />
    <UnitTestResult executionId="784219ca-ff36-45fa-be5b-60850d9fd3dd" testId="68c9122e-98a7-d348-35ad-7468269319ee" testName="ReadAttributeAsString_NameNull" computerName="DKSR-EFI-04" duration="00:00:00.0007754" startTime="2023-12-22T09:33:23.7093321+01:00" endTime="2023-12-22T09:33:23.7093321+01:00" testType="13cdc9d9-ddb5-4fa4-a97d-d965ccfc6d4b" outcome="Passed" testListId="8c84fa94-04c1-424b-9868-57a2d4851a1d" relativeResultsDirectory="784219ca-ff36-45fa-be5b-60850d9fd3dd" />
    <UnitTestResult executionId="7d0908d9-55a3-45ec-9620-f7904aa942c7" testId="31455d01-3706-853f-796f-fa9efeb1ad77" testName="LicenseDocument_IsFeatureLicensed_ExistingFeature" computerName="DKSR-EFI-04" duration="00:00:00.0018228" startTime="2023-12-22T09:33:44.2563054+01:00" endTime="2023-12-22T09:33:44.2563054+01:00" testType="13cdc9d9-ddb5-4fa4-a97d-d965ccfc6d4b" outcome="Passed" testListId="8c84fa94-04c1-424b-9868-57a2d4851a1d" relativeResultsDirectory="7d0908d9-55a3-45ec-9620-f7904aa942c7" />
    <UnitTestResult executionId="01ffaf1b-3d24-4991-869e-0dfd199741e5" testId="d3728665-a3db-a727-4565-a08d6811d5de" testName="ReadChildElementValueAsUInt32_RangeCheck_Max" computerName="DKSR-EFI-04" duration="00:00:00.0004633" startTime="2023-12-22T09:33:23.8187069+01:00" endTime="2023-12-22T09:33:23.8187069+01:00" testType="13cdc9d9-ddb5-4fa4-a97d-d965ccfc6d4b" outcome="Passed" testListId="8c84fa94-04c1-424b-9868-57a2d4851a1d" relativeResultsDirectory="01ffaf1b-3d24-4991-869e-0dfd199741e5" />
    <UnitTestResult executionId="f0d6a1fd-5403-4d27-bbb2-cd6898ab7a15" testId="e6a3eac6-4a92-ade1-878f-4f802ed8f76f" testName="ReadChildElementValueAsBoolean_ElementNull" computerName="DKSR-EFI-04" duration="00:00:00.0005925" startTime="2023-12-22T09:33:23.7562062+01:00" endTime="2023-12-22T09:33:23.7562062+01:00" testType="13cdc9d9-ddb5-4fa4-a97d-d965ccfc6d4b" outcome="Passed" testListId="8c84fa94-04c1-424b-9868-57a2d4851a1d" relativeResultsDirectory="f0d6a1fd-5403-4d27-bbb2-cd6898ab7a15" />
    <UnitTestResult executionId="ab133fce-5c0c-432a-ac09-08ff8f2cb344" testId="b2aa56e0-5f60-42d5-4864-fa1400ccd4c4" testName="EncryptingOtherSystemSetting" computerName="DKSR-EFI-04" duration="00:00:00.0007995" startTime="2023-12-22T09:33:46.9438202+01:00" endTime="2023-12-22T09:33:46.9438202+01:00" testType="13cdc9d9-ddb5-4fa4-a97d-d965ccfc6d4b" outcome="Passed" testListId="8c84fa94-04c1-424b-9868-57a2d4851a1d" relativeResultsDirectory="ab133fce-5c0c-432a-ac09-08ff8f2cb344" />
    <UnitTestResult executionId="83478ea6-195b-460c-a37c-577d4ae526ca" testId="6955ebf9-335b-650b-c669-92d851d8649b" testName="WhiteList_CreateInstanceWithValidDriverParameter_Succeeds" computerName="DKSR-EFI-04" duration="00:00:00.0004595" startTime="2023-12-22T09:33:44.6000572+01:00" endTime="2023-12-22T09:33:44.6000572+01:00" testType="13cdc9d9-ddb5-4fa4-a97d-d965ccfc6d4b" outcome="Passed" testListId="8c84fa94-04c1-424b-9868-57a2d4851a1d" relativeResultsDirectory="83478ea6-195b-460c-a37c-577d4ae526ca" />
    <UnitTestResult executionId="962a026a-65f8-4f3d-ba45-100fc85bf1bd" testId="89b3c6f3-c499-d450-f7a3-676712a1db13" testName="ServerFileStorageCleanupService_Entries_Retrieved" computerName="DKSR-EFI-04" duration="00:00:01.5110456" startTime="2023-12-22T09:33:24.6332390+01:00" endTime="2023-12-22T09:33:26.1468435+01:00" testType="13cdc9d9-ddb5-4fa4-a97d-d965ccfc6d4b" outcome="Passed" testListId="8c84fa94-04c1-424b-9868-57a2d4851a1d" relativeResultsDirectory="962a026a-65f8-4f3d-ba45-100fc85bf1bd" />
    <UnitTestResult executionId="64cca998-dea4-436a-a1e5-a7b64215678d" testId="c65619db-63b2-2c34-76fc-e7e18e03ae65" testName="CalculateLicenseRequirements_NotWhitelisted_SameHardwareOnMultipleRecordingServers_WithDifferentEnabledCameras_CountsLicensesForSingleHardware" computerName="DKSR-EFI-04" duration="00:00:00.0010644" startTime="2023-12-22T09:33:44.1781820+01:00" endTime="2023-12-22T09:33:44.1781820+01:00" testType="13cdc9d9-ddb5-4fa4-a97d-d965ccfc6d4b" outcome="Passed" testListId="8c84fa94-04c1-424b-9868-57a2d4851a1d" relativeResultsDirectory="64cca998-dea4-436a-a1e5-a7b64215678d" />
    <UnitTestResult executionId="723e3b56-b96a-4b5c-a74c-2592d6a83a50" testId="24c7bb40-1c28-4090-e2ef-3ee8f742931f" testName="FileUploadSynchronizer_Constructor_NullCheck" computerName="DKSR-EFI-04" duration="00:00:00.0019600" startTime="2023-12-22T09:33:24.4749606+01:00" endTime="2023-12-22T09:33:24.4749606+01:00" testType="13cdc9d9-ddb5-4fa4-a97d-d965ccfc6d4b" outcome="Passed" testListId="8c84fa94-04c1-424b-9868-57a2d4851a1d" relativeResultsDirectory="723e3b56-b96a-4b5c-a74c-2592d6a83a50" />
    <UnitTestResult executionId="3d146d4c-88f3-4d8d-adf8-6a58bd1b56cb" testId="b10fc2a9-1cc5-f00f-3149-ac6258cd1480" testName="HardwareSetupInformationModel_Validate_Success" computerName="DKSR-EFI-04" duration="00:00:00.0164079" startTime="2023-12-22T09:33:30.9906183+01:00" endTime="2023-12-22T09:33:31.0062413+01:00" testType="13cdc9d9-ddb5-4fa4-a97d-d965ccfc6d4b" outcome="Passed" testListId="8c84fa94-04c1-424b-9868-57a2d4851a1d" relativeResultsDirectory="3d146d4c-88f3-4d8d-adf8-6a58bd1b56cb" />
    <UnitTestResult executionId="80d6f5f0-8861-4119-a645-a71c56ffe155" testId="fec1a267-0965-8545-94c7-6443f274716e" testName="FeatureManager_HasLicense_WithLicense_ReturnTrue" computerName="DKSR-EFI-04" duration="00:00:00.0001484" startTime="2023-12-22T09:33:37.4593997+01:00" endTime="2023-12-22T09:33:37.4593997+01:00" testType="13cdc9d9-ddb5-4fa4-a97d-d965ccfc6d4b" outcome="Passed" testListId="8c84fa94-04c1-424b-9868-57a2d4851a1d" relativeResultsDirectory="80d6f5f0-8861-4119-a645-a71c56ffe155" />
    <UnitTestResult executionId="431bc44e-a20a-41b6-abee-4fddec93b60a" testId="7c8acda8-5ab1-e608-7ce7-302199a00468" testName="LicenseRequestHardware_SetsLicenseCountToOne" computerName="DKSR-EFI-04" duration="00:00:00.0003460" startTime="2023-12-22T09:33:37.5375236+01:00" endTime="2023-12-22T09:33:37.5375236+01:00" testType="13cdc9d9-ddb5-4fa4-a97d-d965ccfc6d4b" outcome="Passed" testListId="8c84fa94-04c1-424b-9868-57a2d4851a1d" relativeResultsDirectory="431bc44e-a20a-41b6-abee-4fddec93b60a" />
    <UnitTestResult executionId="13ec53cc-4ac6-48ae-b306-d58537c1cb45" testId="3f0b5a90-7873-a0cd-d62c-bb7a78bcc5c3" testName="CreateHttpsUri_HttpNonDefaultPort_UseDefaultPortTrue_BecomesHttpsPort443" computerName="DKSR-EFI-04" duration="00:00:00.0002066" startTime="2023-12-22T09:33:47.4594487+01:00" endTime="2023-12-22T09:33:47.4594487+01:00" testType="13cdc9d9-ddb5-4fa4-a97d-d965ccfc6d4b" outcome="Passed" testListId="8c84fa94-04c1-424b-9868-57a2d4851a1d" relativeResultsDirectory="13ec53cc-4ac6-48ae-b306-d58537c1cb45" />
    <UnitTestResult executionId="ce3c562a-113b-41fd-a31a-a61407454442" testId="e3af9ef2-b4d7-82f6-2b39-9e49c5aac5c0" testName="CalculateLicenseRequirements_WithoutInitialising_ThrowsInvalidOperationException" computerName="DKSR-EFI-04" duration="00:00:00.0006503" startTime="2023-12-22T09:33:37.8812772+01:00" endTime="2023-12-22T09:33:37.8812772+01:00" testType="13cdc9d9-ddb5-4fa4-a97d-d965ccfc6d4b" outcome="Passed" testListId="8c84fa94-04c1-424b-9868-57a2d4851a1d" relativeResultsDirectory="ce3c562a-113b-41fd-a31a-a61407454442" />
    <UnitTestResult executionId="8a173964-09ea-4494-8916-376300df4efe" testId="af370423-aaa2-ce39-e12e-b8481c147bd5" testName="WhiteList_CreateInstanceWithNullParameter_RaisesArgumentNullException" computerName="DKSR-EFI-04" duration="00:00:00.0007285" startTime="2023-12-22T09:33:44.6000572+01:00" endTime="2023-12-22T09:33:44.6000572+01:00" testType="13cdc9d9-ddb5-4fa4-a97d-d965ccfc6d4b" outcome="Passed" testListId="8c84fa94-04c1-424b-9868-57a2d4851a1d" relativeResultsDirectory="8a173964-09ea-4494-8916-376300df4efe" />
    <UnitTestResult executionId="3b4da21b-820c-459c-9531-179a775adb5e" testId="c40a80af-07aa-2a8c-814d-93ea5954f92c" testName="Credentials_SerializationTest" computerName="DKSR-EFI-04" duration="00:00:00.0142363" startTime="2023-12-22T09:33:23.4280805+01:00" endTime="2023-12-22T09:33:23.4437049+01:00" testType="13cdc9d9-ddb5-4fa4-a97d-d965ccfc6d4b" outcome="Passed" testListId="8c84fa94-04c1-424b-9868-57a2d4851a1d" relativeResultsDirectory="3b4da21b-820c-459c-9531-179a775adb5e" />
    <UnitTestResult executionId="4cee2eaf-1cfe-4894-b9ba-ddf02210b842" testId="e792bf44-9d89-9fbe-3551-beb82e507424" testName="ProcessMessage_Command_Bulkable_MaxBulkSize_GreaterThan_Commands_InQueue" computerName="DKSR-EFI-04" duration="00:00:00.0023788" startTime="2023-12-22T09:33:36.5687669+01:00" endTime="2023-12-22T09:33:36.5843946+01:00" testType="13cdc9d9-ddb5-4fa4-a97d-d965ccfc6d4b" outcome="Passed" testListId="8c84fa94-04c1-424b-9868-57a2d4851a1d" relativeResultsDirectory="4cee2eaf-1cfe-4894-b9ba-ddf02210b842" />
    <UnitTestResult executionId="9bb1144d-17b4-4d00-8064-7a12a102ece7" testId="0bd264d5-4161-90e0-39e0-bfba18495c08" testName="HardwareInfo_DecodesDriverAndModelNameUpperWithDoubleQuote" computerName="DKSR-EFI-04" duration="00:00:00.0004672" startTime="2023-12-22T09:33:37.5531484+01:00" endTime="2023-12-22T09:33:37.5531484+01:00" testType="13cdc9d9-ddb5-4fa4-a97d-d965ccfc6d4b" outcome="Passed" testListId="8c84fa94-04c1-424b-9868-57a2d4851a1d" relativeResultsDirectory="9bb1144d-17b4-4d00-8064-7a12a102ece7" />
    <UnitTestResult executionId="4206ffba-d471-4777-93f2-27ce210323a3" testId="339ac893-1f1c-c496-9014-eefd06d24734" testName="ReadChildElementValueAsInt32_RangeCheck_Min" computerName="DKSR-EFI-04" duration="00:00:00.0016898" startTime="2023-12-22T09:33:23.7562062+01:00" endTime="2023-12-22T09:33:23.7562062+01:00" testType="13cdc9d9-ddb5-4fa4-a97d-d965ccfc6d4b" outcome="Passed" testListId="8c84fa94-04c1-424b-9868-57a2d4851a1d" relativeResultsDirectory="4206ffba-d471-4777-93f2-27ce210323a3" />
    <UnitTestResult executionId="6731c10b-c396-4e6c-9b0d-c823a1873620" testId="751967da-9524-d0a0-234e-0c2560cb1ad8" testName="CertificateSelection2_GetHashCode" computerName="DKSR-EFI-04" duration="00:00:00.0011730" startTime="2023-12-22T09:33:47.7719496+01:00" endTime="2023-12-22T09:33:47.7719496+01:00" testType="13cdc9d9-ddb5-4fa4-a97d-d965ccfc6d4b" outcome="Passed" testListId="8c84fa94-04c1-424b-9868-57a2d4851a1d" relativeResultsDirectory="6731c10b-c396-4e6c-9b0d-c823a1873620" />
    <UnitTestResult executionId="f2ff6904-6ae7-4209-b74c-52c8def7d7fa" testId="65e60b04-78d2-0e70-5f91-7064613e7333" testName="ServerFileStorage_PersistedCleanupService_Remove_RemovesEntryFromStorage" computerName="DKSR-EFI-04" duration="00:00:00.0005654" startTime="2023-12-22T09:33:29.1000218+01:00" endTime="2023-12-22T09:33:29.1000218+01:00" testType="13cdc9d9-ddb5-4fa4-a97d-d965ccfc6d4b" outcome="Passed" testListId="8c84fa94-04c1-424b-9868-57a2d4851a1d" relativeResultsDirectory="f2ff6904-6ae7-4209-b74c-52c8def7d7fa" />
    <UnitTestResult executionId="daaa16d0-051f-4452-beec-5a2828e4df8d" testId="46d6676a-bae2-9df9-dff7-f8c20a011418" testName="RemoveItem_RemovesSpecifiedItem" computerName="DKSR-EFI-04" duration="00:00:00.0012693" startTime="2023-12-22T09:33:24.1624595+01:00" endTime="2023-12-22T09:33:24.1624595+01:00" testType="13cdc9d9-ddb5-4fa4-a97d-d965ccfc6d4b" outcome="Passed" testListId="8c84fa94-04c1-424b-9868-57a2d4851a1d" relativeResultsDirectory="daaa16d0-051f-4452-beec-5a2828e4df8d" />
    <UnitTestResult executionId="8f194700-7263-41e4-85d0-e658a96b91b4" testId="33db52b2-d0e0-3277-f9f1-6ac9a0d865bd" testName="RecurringSchedule_Constructor" computerName="DKSR-EFI-04" duration="00:00:00.0006040" startTime="2023-12-22T09:33:33.0062516+01:00" endTime="2023-12-22T09:33:33.0062516+01:00" testType="13cdc9d9-ddb5-4fa4-a97d-d965ccfc6d4b" outcome="Passed" testListId="8c84fa94-04c1-424b-9868-57a2d4851a1d" relativeResultsDirectory="8f194700-7263-41e4-85d0-e658a96b91b4" />
    <UnitTestResult executionId="6850deda-ecf2-4463-88f9-30826a9897a6" testId="43d5f9d3-a769-2031-265f-e115be4193e2" testName="Test_MemberOf_SimpleCyclic" computerName="DKSR-EFI-04" duration="00:00:00.0010593" startTime="2023-12-22T09:33:47.8813253+01:00" endTime="2023-12-22T09:33:47.8813253+01:00" testType="13cdc9d9-ddb5-4fa4-a97d-d965ccfc6d4b" outcome="Passed" testListId="8c84fa94-04c1-424b-9868-57a2d4851a1d" relativeResultsDirectory="6850deda-ecf2-4463-88f9-30826a9897a6" />
    <UnitTestResult executionId="fe275b76-6031-4837-b36a-c4c8bccbac52" testId="91b088af-4d20-a693-7919-4e27e55ce584" testName="PatchAsync_EndPointIsNull_ArgumentNullExceptionThrown" computerName="DKSR-EFI-04" duration="00:00:00.0515525" startTime="2023-12-22T09:33:20.5999402+01:00" endTime="2023-12-22T09:33:20.6468142+01:00" testType="13cdc9d9-ddb5-4fa4-a97d-d965ccfc6d4b" outcome="Passed" testListId="8c84fa94-04c1-424b-9868-57a2d4851a1d" relativeResultsDirectory="fe275b76-6031-4837-b36a-c4c8bccbac52">
      <Output>
        <StdOut>Debug Trace:&#xD;
Fail: Argument null</StdOut>
      </Output>
    </UnitTestResult>
    <UnitTestResult executionId="0a96b9b5-dd98-427b-9922-62870a5bfe2f" testId="59c85643-a1db-5dc5-5ae6-672ed03a0518" testName="ScanResult_ModificationTest" computerName="DKSR-EFI-04" duration="00:00:00.0024627" startTime="2023-12-22T09:33:23.6937070+01:00" endTime="2023-12-22T09:33:23.6937070+01:00" testType="13cdc9d9-ddb5-4fa4-a97d-d965ccfc6d4b" outcome="Passed" testListId="8c84fa94-04c1-424b-9868-57a2d4851a1d" relativeResultsDirectory="0a96b9b5-dd98-427b-9922-62870a5bfe2f" />
    <UnitTestResult executionId="54ef1426-dbb7-4644-b897-fa1b59e215af" testId="c6911cba-a932-87f1-7d74-4c7bfa92d803" testName="ModelValidation_RequiredPropertiesAreNull_Failed" computerName="DKSR-EFI-04" duration="00:00:00.0020116" startTime="2023-12-22T09:33:31.7406195+01:00" endTime="2023-12-22T09:33:31.7562436+01:00" testType="13cdc9d9-ddb5-4fa4-a97d-d965ccfc6d4b" outcome="Passed" testListId="8c84fa94-04c1-424b-9868-57a2d4851a1d" relativeResultsDirectory="54ef1426-dbb7-4644-b897-fa1b59e215af" />
    <UnitTestResult executionId="26566ac8-ff19-49a5-8aa1-91fe61b0ad30" testId="4531876c-fda5-27ed-ec29-428147ad79c0" testName="Config_To_Xml_Success" computerName="DKSR-EFI-04" duration="00:00:00.0019027" startTime="2023-12-22T09:33:46.4438190+01:00" endTime="2023-12-22T09:33:46.4438190+01:00" testType="13cdc9d9-ddb5-4fa4-a97d-d965ccfc6d4b" outcome="Passed" testListId="8c84fa94-04c1-424b-9868-57a2d4851a1d" relativeResultsDirectory="26566ac8-ff19-49a5-8aa1-91fe61b0ad30" />
    <UnitTestResult executionId="0e890344-1bc2-494d-910b-ab17ef658f4f" testId="da174cf5-0de6-fc1e-df85-47f6a5d4408e" testName="StreamsConfiguration_ValidateConfiguration_No_Default_LiveStream_ExactlyOneDefaultLiveStreamError" computerName="DKSR-EFI-04" duration="00:00:00.0069696" startTime="2023-12-22T09:33:29.6468605+01:00" endTime="2023-12-22T09:33:29.6624852+01:00" testType="13cdc9d9-ddb5-4fa4-a97d-d965ccfc6d4b" outcome="Passed" testListId="8c84fa94-04c1-424b-9868-57a2d4851a1d" relativeResultsDirectory="0e890344-1bc2-494d-910b-ab17ef658f4f" />
    <UnitTestResult executionId="0b99ea0b-dac0-499b-ab4e-0792149b65af" testId="7ae6b4da-5116-29e3-b8a0-d156648f84d3" testName="TaskModel_Constructor_ArgumentNull" computerName="DKSR-EFI-04" duration="00:00:00.0008642" startTime="2023-12-22T09:33:31.8031227+01:00" endTime="2023-12-22T09:33:31.8031227+01:00" testType="13cdc9d9-ddb5-4fa4-a97d-d965ccfc6d4b" outcome="Passed" testListId="8c84fa94-04c1-424b-9868-57a2d4851a1d" relativeResultsDirectory="0b99ea0b-dac0-499b-ab4e-0792149b65af" />
    <UnitTestResult executionId="d41f9ce1-e379-4a91-a0fe-3f375d869d4c" testId="80b3121a-e8ab-643d-3cdf-cd8378f18f5d" testName="Construct_LicenseActivationService_NullLogger_ThrowsArgumentNullException" computerName="DKSR-EFI-04" duration="00:00:00.0014579" startTime="2023-12-22T09:33:37.6468986+01:00" endTime="2023-12-22T09:33:37.6468986+01:00" testType="13cdc9d9-ddb5-4fa4-a97d-d965ccfc6d4b" outcome="Passed" testListId="8c84fa94-04c1-424b-9868-57a2d4851a1d" relativeResultsDirectory="d41f9ce1-e379-4a91-a0fe-3f375d869d4c" />
    <UnitTestResult executionId="f653b707-43aa-499e-84ce-1a79851b970b" testId="3d8a723b-7df9-c30c-2230-70492bb320a3" testName="ModelValidation_ValidModel_Success" computerName="DKSR-EFI-04" duration="00:00:00.0020342" startTime="2023-12-22T09:33:31.3968693+01:00" endTime="2023-12-22T09:33:31.3968693+01:00" testType="13cdc9d9-ddb5-4fa4-a97d-d965ccfc6d4b" outcome="Passed" testListId="8c84fa94-04c1-424b-9868-57a2d4851a1d" relativeResultsDirectory="f653b707-43aa-499e-84ce-1a79851b970b" />
    <UnitTestResult executionId="f0e346e0-08b6-407f-bfed-7891d7ca70eb" testId="c469a8e7-9a14-b324-884d-c5312faff916" testName="InitializeWithNullILicenseDocument_ThrowsArgumentNullException" computerName="DKSR-EFI-04" duration="00:00:00.0005991" startTime="2023-12-22T09:33:37.8812772+01:00" endTime="2023-12-22T09:33:37.8812772+01:00" testType="13cdc9d9-ddb5-4fa4-a97d-d965ccfc6d4b" outcome="Passed" testListId="8c84fa94-04c1-424b-9868-57a2d4851a1d" relativeResultsDirectory="f0e346e0-08b6-407f-bfed-7891d7ca70eb" />
    <UnitTestResult executionId="2c689724-cb22-455c-9e76-a82b9f3b5a24" testId="59e57848-7a94-91b5-32b4-173de77d9815" testName="LicenseActivationService_AcquireLicense_LicenseNotAllowed_ToManyRecordersRequested" computerName="DKSR-EFI-04" duration="00:00:00.0019532" startTime="2023-12-22T09:33:37.8187754+01:00" endTime="2023-12-22T09:33:37.8187754+01:00" testType="13cdc9d9-ddb5-4fa4-a97d-d965ccfc6d4b" outcome="Passed" testListId="8c84fa94-04c1-424b-9868-57a2d4851a1d" relativeResultsDirectory="2c689724-cb22-455c-9e76-a82b9f3b5a24" />
    <UnitTestResult executionId="38f1c7a4-d555-4fe0-a17e-6e889e2761ae" testId="a6f752b1-57d6-18ca-9942-a1422404b0ea" testName="ToModelAudit_LogEntryNull_ArgumentNullException" computerName="DKSR-EFI-04" duration="00:00:00.0009508" startTime="2023-12-22T09:33:31.9124994+01:00" endTime="2023-12-22T09:33:31.9281199+01:00" testType="13cdc9d9-ddb5-4fa4-a97d-d965ccfc6d4b" outcome="Passed" testListId="8c84fa94-04c1-424b-9868-57a2d4851a1d" relativeResultsDirectory="38f1c7a4-d555-4fe0-a17e-6e889e2761ae" />
    <UnitTestResult executionId="a60e8b99-db8f-45fb-9628-79f816aef195" testId="f5005190-7aeb-6ec1-75a0-2601b198d66e" testName="FilterCreationWithSubKindsTest" computerName="DKSR-EFI-04" duration="00:00:00.0007330" startTime="2023-12-22T09:33:34.4593844+01:00" endTime="2023-12-22T09:33:34.4593844+01:00" testType="13cdc9d9-ddb5-4fa4-a97d-d965ccfc6d4b" outcome="Passed" testListId="8c84fa94-04c1-424b-9868-57a2d4851a1d" relativeResultsDirectory="a60e8b99-db8f-45fb-9628-79f816aef195" />
    <UnitTestResult executionId="12032fc2-34a4-43e0-b70a-bf2406dedef6" testId="e8e3d9bb-3738-1b2f-28aa-7391ce21c4c6" testName="ServerFileStorageQuota_Free_PartialFail" computerName="DKSR-EFI-04" duration="00:00:00.0017131" startTime="2023-12-22T09:33:28.9749804+01:00" endTime="2023-12-22T09:33:28.9749804+01:00" testType="13cdc9d9-ddb5-4fa4-a97d-d965ccfc6d4b" outcome="Passed" testListId="8c84fa94-04c1-424b-9868-57a2d4851a1d" relativeResultsDirectory="12032fc2-34a4-43e0-b70a-bf2406dedef6" />
    <UnitTestResult executionId="8c64f181-9ae1-4d71-a909-f0fbbc6d7f7e" testId="c0ed7c55-f872-0c35-b261-4eb353a0c177" testName="WhiteList_CreateInstanceWithoutMaximumChannelCountParameter_RaisesArgumentException" computerName="DKSR-EFI-04" duration="00:00:00.0007844" startTime="2023-12-22T09:33:44.6313082+01:00" endTime="2023-12-22T09:33:44.6313082+01:00" testType="13cdc9d9-ddb5-4fa4-a97d-d965ccfc6d4b" outcome="Passed" testListId="8c84fa94-04c1-424b-9868-57a2d4851a1d" relativeResultsDirectory="8c64f181-9ae1-4d71-a909-f0fbbc6d7f7e" />
    <UnitTestResult executionId="a8f29b3c-1b49-41b4-b5d5-70774c08aca5" testId="ec9a5f4e-f23b-4520-d0ff-a5d0553c5c75" testName="PatchAsync_NoError_TaskIsExecuted" computerName="DKSR-EFI-04" duration="00:00:00.0047380" startTime="2023-12-22T09:33:20.5843181+01:00" endTime="2023-12-22T09:33:20.5843181+01:00" testType="13cdc9d9-ddb5-4fa4-a97d-d965ccfc6d4b" outcome="Passed" testListId="8c84fa94-04c1-424b-9868-57a2d4851a1d" relativeResultsDirectory="a8f29b3c-1b49-41b4-b5d5-70774c08aca5" />
    <UnitTestResult executionId="ffcf54b6-9501-47a7-9c3f-d9b6cfd218c4" testId="c1605011-efb8-be10-ac99-ecd817fa1c3f" testName="LicenseActivationService_AcquireLicense_LicenseNotAllowed_TooManyHardwareRequested" computerName="DKSR-EFI-04" duration="00:00:00.0021041" startTime="2023-12-22T09:33:37.8344009+01:00" endTime="2023-12-22T09:33:37.8500239+01:00" testType="13cdc9d9-ddb5-4fa4-a97d-d965ccfc6d4b" outcome="Passed" testListId="8c84fa94-04c1-424b-9868-57a2d4851a1d" relativeResultsDirectory="ffcf54b6-9501-47a7-9c3f-d9b6cfd218c4" />
    <UnitTestResult executionId="d97aa492-7dfa-4684-b409-a59dcb232be8" testId="a64be6a6-447c-7be8-c1c8-eeee00ace3cf" testName="RefCountedObjectWrapper_ExecuteCallWithRefCountTResult_EmptyParameter_NullReferenceException" computerName="DKSR-EFI-04" duration="00:00:00.0007152" startTime="2023-12-22T09:33:30.6468662+01:00" endTime="2023-12-22T09:33:30.6624887+01:00" testType="13cdc9d9-ddb5-4fa4-a97d-d965ccfc6d4b" outcome="Passed" testListId="8c84fa94-04c1-424b-9868-57a2d4851a1d" relativeResultsDirectory="d97aa492-7dfa-4684-b409-a59dcb232be8" />
    <UnitTestResult executionId="5b15d56f-b941-45ed-8683-1922fb0bcf63" testId="8f948154-c742-afae-3b2c-dd6115614af9" testName="ReadIdentitiesFromCache_EmptyStringInSidArray" computerName="DKSR-EFI-04" duration="00:00:00.0075236" startTime="2023-12-22T09:33:47.9594503+01:00" endTime="2023-12-22T09:33:47.9750752+01:00" testType="13cdc9d9-ddb5-4fa4-a97d-d965ccfc6d4b" outcome="Passed" testListId="8c84fa94-04c1-424b-9868-57a2d4851a1d" relativeResultsDirectory="5b15d56f-b941-45ed-8683-1922fb0bcf63" />
    <UnitTestResult executionId="a44d923e-606b-40e5-adfd-8c587bcc0c9c" testId="c89ecc3c-6042-3bf1-ae11-61573d52106a" testName="BulkEventModel_Validate_Success" computerName="DKSR-EFI-04" duration="00:00:00.2774485" startTime="2023-12-22T09:33:31.0374930+01:00" endTime="2023-12-22T09:33:31.3187435+01:00" testType="13cdc9d9-ddb5-4fa4-a97d-d965ccfc6d4b" outcome="Passed" testListId="8c84fa94-04c1-424b-9868-57a2d4851a1d" relativeResultsDirectory="a44d923e-606b-40e5-adfd-8c587bcc0c9c" />
    <UnitTestResult executionId="3121dac4-d70f-4f26-a2fb-1ce33c3d7dff" testId="c37cb584-8ea7-25b5-9a0c-e8180c699eed" testName="FeatureManager_TryGetFeatureParameterValueT_Guid_Invalid_Value" computerName="DKSR-EFI-04" duration="00:00:00.0004801" startTime="2023-12-22T09:33:37.4437738+01:00" endTime="2023-12-22T09:33:37.4437738+01:00" testType="13cdc9d9-ddb5-4fa4-a97d-d965ccfc6d4b" outcome="Passed" testListId="8c84fa94-04c1-424b-9868-57a2d4851a1d" relativeResultsDirectory="3121dac4-d70f-4f26-a2fb-1ce33c3d7dff" />
    <UnitTestResult executionId="3c13f25f-0e4c-4aa6-959c-62b2b8ef2736" testId="0376f184-1683-58ef-381b-84d45a0a5f8d" testName="TestRequiredCharactersPresent" computerName="DKSR-EFI-04" duration="00:00:00.0018411" startTime="2023-12-22T09:33:24.3499605+01:00" endTime="2023-12-22T09:33:24.3655846+01:00" testType="13cdc9d9-ddb5-4fa4-a97d-d965ccfc6d4b" outcome="Passed" testListId="8c84fa94-04c1-424b-9868-57a2d4851a1d" relativeResultsDirectory="3c13f25f-0e4c-4aa6-959c-62b2b8ef2736" />
    <UnitTestResult executionId="9afd22dd-6c77-4036-bef1-f1e897893262" testId="044e5518-eab5-c80a-fe62-1a03a5cd84bc" testName="UniqueIndex_GetEntryByKey_No_Item_Return_Null" computerName="DKSR-EFI-04" duration="00:00:00.0005687" startTime="2023-12-22T09:33:23.9749582+01:00" endTime="2023-12-22T09:33:23.9905811+01:00" testType="13cdc9d9-ddb5-4fa4-a97d-d965ccfc6d4b" outcome="Passed" testListId="8c84fa94-04c1-424b-9868-57a2d4851a1d" relativeResultsDirectory="9afd22dd-6c77-4036-bef1-f1e897893262" />
    <UnitTestResult executionId="37cd4f5c-541d-4759-b329-e3796c947f3f" testId="b8ef94a9-36d4-29a6-0672-dd15cd97b51f" testName="Transform_NullCheck" computerName="DKSR-EFI-04" duration="00:00:00.0008547" startTime="2023-12-22T09:33:46.8188178+01:00" endTime="2023-12-22T09:33:46.8188178+01:00" testType="13cdc9d9-ddb5-4fa4-a97d-d965ccfc6d4b" outcome="Passed" testListId="8c84fa94-04c1-424b-9868-57a2d4851a1d" relativeResultsDirectory="37cd4f5c-541d-4759-b329-e3796c947f3f" />
    <UnitTestResult executionId="710ca3c0-fe3c-4516-80b5-8b7805b179cc" testId="81185dc1-6718-dee1-e442-c24203f3dfbc" testName="CertificateSelection2_FromCertificateHash_EmptyHash_ReturnNoSelection" computerName="DKSR-EFI-04" duration="00:00:00.0013877" startTime="2023-12-22T09:33:47.7250744+01:00" endTime="2023-12-22T09:33:47.7250744+01:00" testType="13cdc9d9-ddb5-4fa4-a97d-d965ccfc6d4b" outcome="Passed" testListId="8c84fa94-04c1-424b-9868-57a2d4851a1d" relativeResultsDirectory="710ca3c0-fe3c-4516-80b5-8b7805b179cc" />
    <UnitTestResult executionId="0573def0-bb25-4886-900d-e40251a60a51" testId="58009c76-a7f8-ab75-d0ee-0e2850e4cba7" testName="ActivateArchiveModel_Validation_NonEmptyGuidsAreEmpty_Failed" computerName="DKSR-EFI-04" duration="00:00:00.0017759" startTime="2023-12-22T09:33:31.0062413+01:00" endTime="2023-12-22T09:33:31.0062413+01:00" testType="13cdc9d9-ddb5-4fa4-a97d-d965ccfc6d4b" outcome="Passed" testListId="8c84fa94-04c1-424b-9868-57a2d4851a1d" relativeResultsDirectory="0573def0-bb25-4886-900d-e40251a60a51" />
    <UnitTestResult executionId="3909c027-29f1-41dd-9335-b2a8762d4f78" testId="7059a9dc-bfc8-071b-1461-021c1f7b59ef" testName="ReadChildElementValueAsInt32_NameNull" computerName="DKSR-EFI-04" duration="00:00:00.0006915" startTime="2023-12-22T09:33:23.7718322+01:00" endTime="2023-12-22T09:33:23.7718322+01:00" testType="13cdc9d9-ddb5-4fa4-a97d-d965ccfc6d4b" outcome="Passed" testListId="8c84fa94-04c1-424b-9868-57a2d4851a1d" relativeResultsDirectory="3909c027-29f1-41dd-9335-b2a8762d4f78" />
    <UnitTestResult executionId="58671b5d-0c24-4ba3-827e-32f95875268e" testId="adcee085-e2d1-6d74-2e27-450a1d4b4630" testName="Constructor_ThrowsException_WhenNonICPHardwareInfosInListHaveDifferentMacAddresses" computerName="DKSR-EFI-04" duration="00:00:00.0010310" startTime="2023-12-22T09:33:37.1625235+01:00" endTime="2023-12-22T09:33:37.1781470+01:00" testType="13cdc9d9-ddb5-4fa4-a97d-d965ccfc6d4b" outcome="Passed" testListId="8c84fa94-04c1-424b-9868-57a2d4851a1d" relativeResultsDirectory="58671b5d-0c24-4ba3-827e-32f95875268e" />
    <UnitTestResult executionId="e74546c9-1270-4e94-ad03-788d86cd2a1e" testId="72cd4159-9587-7825-bbb7-2e75ce7e55a6" testName="GenerateReport_InvalidLicenseDocumentArg_ThrowsArgumentNullException" computerName="DKSR-EFI-04" duration="00:00:00.0007377" startTime="2023-12-22T09:33:44.5063062+01:00" endTime="2023-12-22T09:33:44.5063062+01:00" testType="13cdc9d9-ddb5-4fa4-a97d-d965ccfc6d4b" outcome="Passed" testListId="8c84fa94-04c1-424b-9868-57a2d4851a1d" relativeResultsDirectory="e74546c9-1270-4e94-ad03-788d86cd2a1e" />
    <UnitTestResult executionId="e49b5c83-9c67-496c-8b3b-0b68cc0f93a8" testId="eb56fa7e-ad9f-5573-6c6c-1c73aa622acd" testName="CreateHttpUri_NoSchemeWithPort_UseDefaultPortTrue_BecomesHttpPort80" computerName="DKSR-EFI-04" duration="00:00:00.0002365" startTime="2023-12-22T09:33:47.4125734+01:00" endTime="2023-12-22T09:33:47.4125734+01:00" testType="13cdc9d9-ddb5-4fa4-a97d-d965ccfc6d4b" outcome="Passed" testListId="8c84fa94-04c1-424b-9868-57a2d4851a1d" relativeResultsDirectory="e49b5c83-9c67-496c-8b3b-0b68cc0f93a8" />
    <UnitTestResult executionId="336e75c2-1f9c-4e42-8510-25a155b0ac5c" testId="f0c6cb33-4f14-0311-2137-e4f80b84b338" testName="ServiceDiscoveryEngine_CommunicationError_ServiceNotFound" computerName="DKSR-EFI-04" duration="00:00:00.0005942" startTime="2023-12-22T09:33:32.2249980+01:00" endTime="2023-12-22T09:33:32.2249980+01:00" testType="13cdc9d9-ddb5-4fa4-a97d-d965ccfc6d4b" outcome="Passed" testListId="8c84fa94-04c1-424b-9868-57a2d4851a1d" relativeResultsDirectory="336e75c2-1f9c-4e42-8510-25a155b0ac5c" />
    <UnitTestResult executionId="ee5a0898-b2f5-43b4-9b9f-76e28aec9313" testId="71d363a8-b591-237a-04f2-2417bdf502d6" testName="ModelValidation_RequiredPropertiesAreNull_Failed" computerName="DKSR-EFI-04" duration="00:00:00.0023731" startTime="2023-12-22T09:33:31.4124923+01:00" endTime="2023-12-22T09:33:31.4124923+01:00" testType="13cdc9d9-ddb5-4fa4-a97d-d965ccfc6d4b" outcome="Passed" testListId="8c84fa94-04c1-424b-9868-57a2d4851a1d" relativeResultsDirectory="ee5a0898-b2f5-43b4-9b9f-76e28aec9313" />
    <UnitTestResult executionId="588773de-2ddd-46ac-897f-21abe4e0f6c2" testId="495036c3-cfd8-5fa6-0414-8ddfdb6b52f2" testName="Construct_LicenseActivationService_NullUri_ThrowsArgumentNullException" computerName="DKSR-EFI-04" duration="00:00:00.0006230" startTime="2023-12-22T09:33:37.6468986+01:00" endTime="2023-12-22T09:33:37.6468986+01:00" testType="13cdc9d9-ddb5-4fa4-a97d-d965ccfc6d4b" outcome="Passed" testListId="8c84fa94-04c1-424b-9868-57a2d4851a1d" relativeResultsDirectory="588773de-2ddd-46ac-897f-21abe4e0f6c2" />
    <UnitTestResult executionId="e1b4f8d1-f3bb-431c-9736-79c87db68ef7" testId="f4ac5019-96c6-7ecf-4bd3-a321bb9fbd1b" testName="ReadChildElementValueAsInt32_ElementNull" computerName="DKSR-EFI-04" duration="00:00:00.0005801" startTime="2023-12-22T09:33:23.7874576+01:00" endTime="2023-12-22T09:33:23.7874576+01:00" testType="13cdc9d9-ddb5-4fa4-a97d-d965ccfc6d4b" outcome="Passed" testListId="8c84fa94-04c1-424b-9868-57a2d4851a1d" relativeResultsDirectory="e1b4f8d1-f3bb-431c-9736-79c87db68ef7" />
    <UnitTestResult executionId="c57d638b-b77a-4bab-b9bf-fb0e8cff1636" testId="cf84b7ec-cd7f-ae2c-d4fd-542c03ebdea9" testName="Decrypt_DataSetIsNull_ThrowsArgumentNullException" computerName="DKSR-EFI-04" duration="00:00:00.0024721" startTime="2023-12-22T09:33:46.4906930+01:00" endTime="2023-12-22T09:33:46.4906930+01:00" testType="13cdc9d9-ddb5-4fa4-a97d-d965ccfc6d4b" outcome="Passed" testListId="8c84fa94-04c1-424b-9868-57a2d4851a1d" relativeResultsDirectory="c57d638b-b77a-4bab-b9bf-fb0e8cff1636">
      <Output>
        <StdOut>Debug Trace:&#xD;
Fail: Argument null</StdOut>
      </Output>
    </UnitTestResult>
    <UnitTestResult executionId="54bd506d-ed5b-4f62-8137-a5a264bafffb" testId="9c06d1ba-ea2b-1bb0-fd83-2316c05808c9" testName="DatabaseXmlConverter_DeviceXmlToStickerSize_Multiple" computerName="DKSR-EFI-04" duration="00:00:00.0098803" startTime="2023-12-22T09:33:21.6468201+01:00" endTime="2023-12-22T09:33:21.6624470+01:00" testType="13cdc9d9-ddb5-4fa4-a97d-d965ccfc6d4b" outcome="Passed" testListId="8c84fa94-04c1-424b-9868-57a2d4851a1d" relativeResultsDirectory="54bd506d-ed5b-4f62-8137-a5a264bafffb" />
    <UnitTestResult executionId="402795c3-efc8-4f43-a353-425b0f5957b4" testId="8f57d5c6-48cd-6a45-2524-8718ae9d15b0" testName="Index_GetEntriesByKey_No_Item_Return_Null" computerName="DKSR-EFI-04" duration="00:00:00.0004539" startTime="2023-12-22T09:33:24.0374606+01:00" endTime="2023-12-22T09:33:24.0374606+01:00" testType="13cdc9d9-ddb5-4fa4-a97d-d965ccfc6d4b" outcome="Passed" testListId="8c84fa94-04c1-424b-9868-57a2d4851a1d" relativeResultsDirectory="402795c3-efc8-4f43-a353-425b0f5957b4" />
    <UnitTestResult executionId="3189eb65-0aad-4523-9bb5-eb24a7e9967f" testId="b2029071-4f36-b6e9-3c85-531ed31561dc" testName="ModelValidation_ValidModel_Success" computerName="DKSR-EFI-04" duration="00:00:00.0005411" startTime="2023-12-22T09:33:31.7406195+01:00" endTime="2023-12-22T09:33:31.7406195+01:00" testType="13cdc9d9-ddb5-4fa4-a97d-d965ccfc6d4b" outcome="Passed" testListId="8c84fa94-04c1-424b-9868-57a2d4851a1d" relativeResultsDirectory="3189eb65-0aad-4523-9bb5-eb24a7e9967f" />
    <UnitTestResult executionId="a62838e7-c713-4b83-a8d0-dc633d867637" testId="a5868bf0-37f2-3bf5-61bc-01e74d8bb7be" testName="CalculateLicenseRequirements_NotWhitelisted_SameHardwareOnMultipleRecordingServers_CountsLicensesForSingleHardware" computerName="DKSR-EFI-04" duration="00:00:00.0015074" startTime="2023-12-22T09:33:44.1781820+01:00" endTime="2023-12-22T09:33:44.1781820+01:00" testType="13cdc9d9-ddb5-4fa4-a97d-d965ccfc6d4b" outcome="Passed" testListId="8c84fa94-04c1-424b-9868-57a2d4851a1d" relativeResultsDirectory="a62838e7-c713-4b83-a8d0-dc633d867637" />
    <UnitTestResult executionId="886d72f3-42ee-4b1e-a64a-19a8eb7e6ba8" testId="07e03921-28ba-9222-c421-58eabf887b10" testName="VersionExtensions_GetVersionDisplayValue_Throws_ArgumentNullException" computerName="DKSR-EFI-04" duration="00:00:00.0010682" startTime="2023-12-22T09:33:44.8969344+01:00" endTime="2023-12-22T09:33:44.8969344+01:00" testType="13cdc9d9-ddb5-4fa4-a97d-d965ccfc6d4b" outcome="Passed" testListId="8c84fa94-04c1-424b-9868-57a2d4851a1d" relativeResultsDirectory="886d72f3-42ee-4b1e-a64a-19a8eb7e6ba8" />
    <UnitTestResult executionId="f335b9c5-c377-4e9d-b379-f96afc6fe809" testId="5dd28213-4971-07c3-06a9-465e776150cb" testName="GetItemsByKey_Null_ThrowArgumentNullException" computerName="DKSR-EFI-04" duration="00:00:00.0012959" startTime="2023-12-22T09:33:24.1155844+01:00" endTime="2023-12-22T09:33:24.1155844+01:00" testType="13cdc9d9-ddb5-4fa4-a97d-d965ccfc6d4b" outcome="Passed" testListId="8c84fa94-04c1-424b-9868-57a2d4851a1d" relativeResultsDirectory="f335b9c5-c377-4e9d-b379-f96afc6fe809">
      <Output>
        <StdOut>Debug Trace:&#xD;
Fail: Argument null</StdOut>
      </Output>
    </UnitTestResult>
    <UnitTestResult executionId="beadac1e-2f20-48ac-92d8-867f7c795dc1" testId="ccb26a83-aa1c-47e2-6b87-2e82ac67ca69" testName="FeatureManager_GetFeatureParameterValue_NullValue" computerName="DKSR-EFI-04" duration="00:00:00.0004416" startTime="2023-12-22T09:33:37.3500217+01:00" endTime="2023-12-22T09:33:37.3500217+01:00" testType="13cdc9d9-ddb5-4fa4-a97d-d965ccfc6d4b" outcome="Passed" testListId="8c84fa94-04c1-424b-9868-57a2d4851a1d" relativeResultsDirectory="beadac1e-2f20-48ac-92d8-867f7c795dc1" />
    <UnitTestResult executionId="2a906bd3-bb43-4f82-b321-12e02c2f1ad7" testId="346eba0b-3fe1-729b-0dab-a339275e6271" testName="StreamsConfiguration_EnsureLiveDefaultAndRecordTreads_No_Record_DefaultLive_Selected" computerName="DKSR-EFI-04" duration="00:00:00.0077653" startTime="2023-12-22T09:33:29.7874858+01:00" endTime="2023-12-22T09:33:29.8031125+01:00" testType="13cdc9d9-ddb5-4fa4-a97d-d965ccfc6d4b" outcome="Passed" testListId="8c84fa94-04c1-424b-9868-57a2d4851a1d" relativeResultsDirectory="2a906bd3-bb43-4f82-b321-12e02c2f1ad7" />
    <UnitTestResult executionId="f32a2a6e-8366-4135-800d-23b094982b4f" testId="9ae40c7e-6bb5-87ac-61a0-1c9c1fb1fbe2" testName="Call_HttpPost_InvalidParam_NullUri_ThrowsArgumentNullException" computerName="DKSR-EFI-04" duration="00:00:00.0024257" startTime="2023-12-22T09:33:47.1000727+01:00" endTime="2023-12-22T09:33:47.1000727+01:00" testType="13cdc9d9-ddb5-4fa4-a97d-d965ccfc6d4b" outcome="Passed" testListId="8c84fa94-04c1-424b-9868-57a2d4851a1d" relativeResultsDirectory="f32a2a6e-8366-4135-800d-23b094982b4f" />
    <UnitTestResult executionId="66a5d843-99e4-4dab-8a3b-64e93bbfd0af" testId="f89bf4b2-037c-cd49-9022-7806b88b5e77" testName="ServerFileStorageQuota_Update_Success" computerName="DKSR-EFI-04" duration="00:00:00.0045996" startTime="2023-12-22T09:33:28.9593568+01:00" endTime="2023-12-22T09:33:28.9593568+01:00" testType="13cdc9d9-ddb5-4fa4-a97d-d965ccfc6d4b" outcome="Passed" testListId="8c84fa94-04c1-424b-9868-57a2d4851a1d" relativeResultsDirectory="66a5d843-99e4-4dab-8a3b-64e93bbfd0af" />
    <UnitTestResult executionId="b3cb06da-278e-419a-89f2-5e3544114e1d" testId="10919144-3823-6bf6-98f4-d0bc06e3e69f" testName="ReadChildElementValueAsUInt64_SunnyDay" computerName="DKSR-EFI-04" duration="00:00:00.0003318" startTime="2023-12-22T09:33:23.8968311+01:00" endTime="2023-12-22T09:33:23.8968311+01:00" testType="13cdc9d9-ddb5-4fa4-a97d-d965ccfc6d4b" outcome="Passed" testListId="8c84fa94-04c1-424b-9868-57a2d4851a1d" relativeResultsDirectory="b3cb06da-278e-419a-89f2-5e3544114e1d" />
    <UnitTestResult executionId="32dbce22-a058-4fb2-9faa-1966967edf75" testId="c098cf84-9443-0f8e-85bc-f2a1606a2c2d" testName="IsValidByteString_Null_Return_False" computerName="DKSR-EFI-04" duration="00:00:00.0000914" startTime="2023-12-22T09:33:47.8031982+01:00" endTime="2023-12-22T09:33:47.8031982+01:00" testType="13cdc9d9-ddb5-4fa4-a97d-d965ccfc6d4b" outcome="Passed" testListId="8c84fa94-04c1-424b-9868-57a2d4851a1d" relativeResultsDirectory="32dbce22-a058-4fb2-9faa-1966967edf75" />
    <UnitTestResult executionId="d63e6c8e-e546-4804-bf0e-b28b67c073ec" testId="bff57e0d-62f6-47dd-10e1-7985b12138a8" testName="Create_Mac_Address_Hash_String_Mac" computerName="DKSR-EFI-04" duration="00:00:00.0001581" startTime="2023-12-22T09:33:44.7406850+01:00" endTime="2023-12-22T09:33:44.7406850+01:00" testType="13cdc9d9-ddb5-4fa4-a97d-d965ccfc6d4b" outcome="Passed" testListId="8c84fa94-04c1-424b-9868-57a2d4851a1d" relativeResultsDirectory="d63e6c8e-e546-4804-bf0e-b28b67c073ec" />
    <UnitTestResult executionId="ce849054-d203-4f27-910f-db06b5905cf8" testId="cc553600-50d5-ab20-3a15-05706b671d89" testName="CustomLicenseType_FeatureFlagPresentDriversPresentEnabledHardwareNoActiveCameras" computerName="DKSR-EFI-04" duration="00:00:00.0054261" startTime="2023-12-22T09:33:37.2406458+01:00" endTime="2023-12-22T09:33:37.2562721+01:00" testType="13cdc9d9-ddb5-4fa4-a97d-d965ccfc6d4b" outcome="Passed" testListId="8c84fa94-04c1-424b-9868-57a2d4851a1d" relativeResultsDirectory="ce849054-d203-4f27-910f-db06b5905cf8" />
    <UnitTestResult executionId="9ffe668b-6586-40fd-8666-62b1fb6473e3" testId="ce806774-630c-b7f4-5672-ba10a6b0a724" testName="WhiteList_CreateInstanceMaximumChannelCountParameterIsZero_RaisesArgumentException" computerName="DKSR-EFI-04" duration="00:00:00.0007288" startTime="2023-12-22T09:33:44.6469330+01:00" endTime="2023-12-22T09:33:44.6469330+01:00" testType="13cdc9d9-ddb5-4fa4-a97d-d965ccfc6d4b" outcome="Passed" testListId="8c84fa94-04c1-424b-9868-57a2d4851a1d" relativeResultsDirectory="9ffe668b-6586-40fd-8666-62b1fb6473e3" />
    <UnitTestResult executionId="5b4ac6ab-e1de-4eee-9534-1219068de947" testId="063828b1-19f7-817c-f6d7-6bce08b2e5fb" testName="ModelValidation_RequiredPropertiesAreNull_Failed" computerName="DKSR-EFI-04" duration="00:00:00.0014467" startTime="2023-12-22T09:33:31.7249945+01:00" endTime="2023-12-22T09:33:31.7249945+01:00" testType="13cdc9d9-ddb5-4fa4-a97d-d965ccfc6d4b" outcome="Passed" testListId="8c84fa94-04c1-424b-9868-57a2d4851a1d" relativeResultsDirectory="5b4ac6ab-e1de-4eee-9534-1219068de947" />
    <UnitTestResult executionId="d26ae1ed-003e-4f7c-a703-f8e343b87a07" testId="72dbc3fe-7f24-6355-2ef9-0a9ce9cb2256" testName="CallCreateHardwareLicenseCountEvaluator_NullParameters_ThrowsArgumentNullException" computerName="DKSR-EFI-04" duration="00:00:00.0013471" startTime="2023-12-22T09:33:44.4906829+01:00" endTime="2023-12-22T09:33:44.4906829+01:00" testType="13cdc9d9-ddb5-4fa4-a97d-d965ccfc6d4b" outcome="Passed" testListId="8c84fa94-04c1-424b-9868-57a2d4851a1d" relativeResultsDirectory="d26ae1ed-003e-4f7c-a703-f8e343b87a07" />
    <UnitTestResult executionId="4db411e3-1c2c-4471-ad50-93483a78bc97" testId="14ec84df-05e5-371e-6fe5-46021548ea37" testName="Test_IsMember_CaseInsensitive" computerName="DKSR-EFI-04" duration="00:00:00.0071761" startTime="2023-12-22T09:33:47.8188663+01:00" endTime="2023-12-22T09:33:47.8344491+01:00" testType="13cdc9d9-ddb5-4fa4-a97d-d965ccfc6d4b" outcome="Passed" testListId="8c84fa94-04c1-424b-9868-57a2d4851a1d" relativeResultsDirectory="4db411e3-1c2c-4471-ad50-93483a78bc97" />
    <UnitTestResult executionId="7018b8f8-1814-41b1-9eb1-daa1e62c3b7e" testId="a620a607-d5ca-1edf-8228-e0c7069ead3e" testName="HardwareUnsupportedResponseModel_Validate_Success" computerName="DKSR-EFI-04" duration="00:00:00.0014109" startTime="2023-12-22T09:33:30.1624883+01:00" endTime="2023-12-22T09:33:30.1624883+01:00" testType="13cdc9d9-ddb5-4fa4-a97d-d965ccfc6d4b" outcome="Passed" testListId="8c84fa94-04c1-424b-9868-57a2d4851a1d" relativeResultsDirectory="7018b8f8-1814-41b1-9eb1-daa1e62c3b7e" />
    <UnitTestResult executionId="7bac9a28-8742-45dd-8a7f-938c3c50841f" testId="b14b75d3-0232-b49c-3438-c0a1d5683317" testName="Construct_LicenseActivationService_HttpHostInvalid_ThrowsArgumentNullException" computerName="DKSR-EFI-04" duration="00:00:00.0006295" startTime="2023-12-22T09:33:37.6625253+01:00" endTime="2023-12-22T09:33:37.6625253+01:00" testType="13cdc9d9-ddb5-4fa4-a97d-d965ccfc6d4b" outcome="Passed" testListId="8c84fa94-04c1-424b-9868-57a2d4851a1d" relativeResultsDirectory="7bac9a28-8742-45dd-8a7f-938c3c50841f" />
    <UnitTestResult executionId="a2d559ab-fdfb-41e5-97ca-2a53d4ff05f1" testId="ae740c99-3c3a-3e65-d967-9f57dc307820" testName="ServerFileStorage_TemporaryCleanupService_Remove_RemovesEntryFromStorage" computerName="DKSR-EFI-04" duration="00:00:00.0008804" startTime="2023-12-22T09:33:29.1000218+01:00" endTime="2023-12-22T09:33:29.1000218+01:00" testType="13cdc9d9-ddb5-4fa4-a97d-d965ccfc6d4b" outcome="Passed" testListId="8c84fa94-04c1-424b-9868-57a2d4851a1d" relativeResultsDirectory="a2d559ab-fdfb-41e5-97ca-2a53d4ff05f1" />
    <UnitTestResult executionId="aec8ce02-c455-4c7f-9d69-7e01587af017" testId="4778ba7d-c1cd-e2b9-8b26-f1a8ebd138db" testName="CreateHttpUri_HttpsDefaultPort_UsePort65535_BecomesHttpPort65535" computerName="DKSR-EFI-04" duration="00:00:00.0002037" startTime="2023-12-22T09:33:47.4125734+01:00" endTime="2023-12-22T09:33:47.4125734+01:00" testType="13cdc9d9-ddb5-4fa4-a97d-d965ccfc6d4b" outcome="Passed" testListId="8c84fa94-04c1-424b-9868-57a2d4851a1d" relativeResultsDirectory="aec8ce02-c455-4c7f-9d69-7e01587af017" />
    <UnitTestResult executionId="238c879e-9e30-4894-b83e-353b35a0e328" testId="e3bc8a97-22d4-ea39-0987-a8e5d178004b" testName="Decrypt_DataSetHasRow_DataSetIsDecrypted" computerName="DKSR-EFI-04" duration="00:00:00.0023098" startTime="2023-12-22T09:33:46.4906930+01:00" endTime="2023-12-22T09:33:46.4906930+01:00" testType="13cdc9d9-ddb5-4fa4-a97d-d965ccfc6d4b" outcome="Passed" testListId="8c84fa94-04c1-424b-9868-57a2d4851a1d" relativeResultsDirectory="238c879e-9e30-4894-b83e-353b35a0e328" />
    <UnitTestResult executionId="282b5e1a-31d7-4f55-b4ec-c4a031f68247" testId="ce5ea23f-2354-3b05-4b07-af77ca28be84" testName="CustomLicenseType_FeatureFlagPresentDriversPresentEnabledHardwareManyActiveCamerasExceedingLimit" computerName="DKSR-EFI-04" duration="00:00:00.0409664" startTime="2023-12-22T09:33:37.2562721+01:00" endTime="2023-12-22T09:33:37.3031491+01:00" testType="13cdc9d9-ddb5-4fa4-a97d-d965ccfc6d4b" outcome="Passed" testListId="8c84fa94-04c1-424b-9868-57a2d4851a1d" relativeResultsDirectory="282b5e1a-31d7-4f55-b4ec-c4a031f68247" />
    <UnitTestResult executionId="05b83b0b-bce1-41e0-baf5-c97b1cd2b804" testId="b34ca1d3-d3a1-91f6-b153-ff10cd29e527" testName="SendAsync_NameResolutionFailure_EndpointNotFoundCalled" computerName="DKSR-EFI-04" duration="00:00:00.0021116" startTime="2023-12-22T09:33:20.4436912+01:00" endTime="2023-12-22T09:33:20.4436912+01:00" testType="13cdc9d9-ddb5-4fa4-a97d-d965ccfc6d4b" outcome="Passed" testListId="8c84fa94-04c1-424b-9868-57a2d4851a1d" relativeResultsDirectory="05b83b0b-bce1-41e0-baf5-c97b1cd2b804" />
    <UnitTestResult executionId="d6bcc8ae-0792-494c-88c4-2463f929eb01" testId="ae9f41c0-56c5-c136-6fd0-0ca4cee7679c" testName="RulesTableAdapter_SetUserSid_NullSid_ArgumentException" computerName="DKSR-EFI-04" duration="00:00:00.0009064" startTime="2023-12-22T09:33:46.7719454+01:00" endTime="2023-12-22T09:33:46.7719454+01:00" testType="13cdc9d9-ddb5-4fa4-a97d-d965ccfc6d4b" outcome="Passed" testListId="8c84fa94-04c1-424b-9868-57a2d4851a1d" relativeResultsDirectory="d6bcc8ae-0792-494c-88c4-2463f929eb01">
      <Output>
        <StdOut>Debug Trace:&#xD;
Fail: No security identifier was specified.</StdOut>
      </Output>
    </UnitTestResult>
    <UnitTestResult executionId="e03fdeb1-7402-4848-9422-65e24bdeef97" testId="05479a6d-5801-5d36-e2ac-fd31e4ca3e09" testName="ModelValidation_ValidModel_Success" computerName="DKSR-EFI-04" duration="00:00:00.0010554" startTime="2023-12-22T09:33:31.8031227+01:00" endTime="2023-12-22T09:33:31.8031227+01:00" testType="13cdc9d9-ddb5-4fa4-a97d-d965ccfc6d4b" outcome="Passed" testListId="8c84fa94-04c1-424b-9868-57a2d4851a1d" relativeResultsDirectory="e03fdeb1-7402-4848-9422-65e24bdeef97" />
    <UnitTestResult executionId="923af6df-387e-4826-a23f-288c8a7ae0aa" testId="5afcb5e0-af35-e05d-b145-6362d94ffff9" testName="QueryDeviceEvidenceLockSizesResponseModel_Validate_Success" computerName="DKSR-EFI-04" duration="00:00:00.0012530" startTime="2023-12-22T09:33:32.1312475+01:00" endTime="2023-12-22T09:33:32.1312475+01:00" testType="13cdc9d9-ddb5-4fa4-a97d-d965ccfc6d4b" outcome="Passed" testListId="8c84fa94-04c1-424b-9868-57a2d4851a1d" relativeResultsDirectory="923af6df-387e-4826-a23f-288c8a7ae0aa" />
    <UnitTestResult executionId="2f53cdca-4782-49fa-b341-3dfe07846a54" testId="4aa0aa31-2dbc-1921-326d-c42cc6acfe2d" testName="ModelValidation_ValidModel_Success" computerName="DKSR-EFI-04" duration="00:00:00.0016235" startTime="2023-12-22T09:33:31.4124923+01:00" endTime="2023-12-22T09:33:31.4124923+01:00" testType="13cdc9d9-ddb5-4fa4-a97d-d965ccfc6d4b" outcome="Passed" testListId="8c84fa94-04c1-424b-9868-57a2d4851a1d" relativeResultsDirectory="2f53cdca-4782-49fa-b341-3dfe07846a54" />
    <UnitTestResult executionId="bfa7d22d-6ad8-4f54-9327-441ae50cc16d" testId="f61aa4ea-5d02-860f-5b68-3190614555ab" testName="HttpClientCommunicatorWrapper_SendAsyncTObj_Success" computerName="DKSR-EFI-04" duration="00:00:00.0029936" startTime="2023-12-22T09:33:30.9281140+01:00" endTime="2023-12-22T09:33:30.9281140+01:00" testType="13cdc9d9-ddb5-4fa4-a97d-d965ccfc6d4b" outcome="Passed" testListId="8c84fa94-04c1-424b-9868-57a2d4851a1d" relativeResultsDirectory="bfa7d22d-6ad8-4f54-9327-441ae50cc16d" />
    <UnitTestResult executionId="47ee89ab-6e5e-48bd-a836-87ea3649dd42" testId="e595add4-bcda-a0a0-dd12-662be2763166" testName="ReadAttributeAsBoolean_InvalidData" computerName="DKSR-EFI-04" duration="00:00:00.0004398" startTime="2023-12-22T09:33:23.7249574+01:00" endTime="2023-12-22T09:33:23.7249574+01:00" testType="13cdc9d9-ddb5-4fa4-a97d-d965ccfc6d4b" outcome="Passed" testListId="8c84fa94-04c1-424b-9868-57a2d4851a1d" relativeResultsDirectory="47ee89ab-6e5e-48bd-a836-87ea3649dd42" />
    <UnitTestResult executionId="37838366-b3b8-4272-83df-6e8234d0454e" testId="501fdb8a-f92b-d075-e620-623a1ca6057e" testName="Construct_RequestContainer_InvalidLicenseRequestNull_ThrowsArgumentNullException" computerName="DKSR-EFI-04" duration="00:00:00.0006275" startTime="2023-12-22T09:33:44.1938072+01:00" endTime="2023-12-22T09:33:44.1938072+01:00" testType="13cdc9d9-ddb5-4fa4-a97d-d965ccfc6d4b" outcome="Passed" testListId="8c84fa94-04c1-424b-9868-57a2d4851a1d" relativeResultsDirectory="37838366-b3b8-4272-83df-6e8234d0454e" />
    <UnitTestResult executionId="cc4c8cf9-a94e-4130-b260-d22db31eb87b" testId="ee685dde-5f9a-e6f7-e183-15368c215b42" testName="ToLogEntrySystem_ModelWithNullLogeDefinition_SuccessConvertion" computerName="DKSR-EFI-04" duration="00:00:00.0017262" startTime="2023-12-22T09:33:31.8812439+01:00" endTime="2023-12-22T09:33:31.8812439+01:00" testType="13cdc9d9-ddb5-4fa4-a97d-d965ccfc6d4b" outcome="Passed" testListId="8c84fa94-04c1-424b-9868-57a2d4851a1d" relativeResultsDirectory="cc4c8cf9-a94e-4130-b260-d22db31eb87b" />
    <UnitTestResult executionId="181d5ba6-9a30-474e-a5f0-cae89258f306" testId="f8e45d3c-bc2e-c406-bf26-1412484b3765" testName="Validate_PopulateGrid_ValidateWarningSvgIcon_Success" computerName="DKSR-EFI-04" duration="00:00:00.0024570" startTime="2023-12-22T09:33:44.5531828+01:00" endTime="2023-12-22T09:33:44.5531828+01:00" testType="13cdc9d9-ddb5-4fa4-a97d-d965ccfc6d4b" outcome="Passed" testListId="8c84fa94-04c1-424b-9868-57a2d4851a1d" relativeResultsDirectory="181d5ba6-9a30-474e-a5f0-cae89258f306" />
    <UnitTestResult executionId="89eca19c-840c-4073-82d8-18bfbf923de9" testId="1bb45ffc-5beb-e45c-2015-6b9c78d2c2d4" testName="Encrypt_DataSetHasUnchangedRow_DataSetIsNotChanged" computerName="DKSR-EFI-04" duration="00:00:00.0033145" startTime="2023-12-22T09:33:46.2875671+01:00" endTime="2023-12-22T09:33:46.2875671+01:00" testType="13cdc9d9-ddb5-4fa4-a97d-d965ccfc6d4b" outcome="Passed" testListId="8c84fa94-04c1-424b-9868-57a2d4851a1d" relativeResultsDirectory="89eca19c-840c-4073-82d8-18bfbf923de9" />
    <UnitTestResult executionId="e78b13ba-199d-4831-899f-bc1c05d2ef2a" testId="a5ca950e-d8ad-42fc-0581-bbdbcf47da7b" testName="HardwareInfo_SetsDriverAndModelNameUpperCaseVersions" computerName="DKSR-EFI-04" duration="00:00:00.0004413" startTime="2023-12-22T09:33:37.5375236+01:00" endTime="2023-12-22T09:33:37.5375236+01:00" testType="13cdc9d9-ddb5-4fa4-a97d-d965ccfc6d4b" outcome="Passed" testListId="8c84fa94-04c1-424b-9868-57a2d4851a1d" relativeResultsDirectory="e78b13ba-199d-4831-899f-bc1c05d2ef2a" />
    <UnitTestResult executionId="46e55012-be75-466c-88a4-42c70759fab2" testId="af6f0a01-3619-ada2-6cf5-b0a0824e3b92" testName="TestSetRegionWithRadiusFillsTheRegionsWithRegionLargerThanTheGrid" computerName="DKSR-EFI-04" duration="00:00:00.0003594" startTime="2023-12-22T09:33:46.2250709+01:00" endTime="2023-12-22T09:33:46.2250709+01:00" testType="13cdc9d9-ddb5-4fa4-a97d-d965ccfc6d4b" outcome="Passed" testListId="8c84fa94-04c1-424b-9868-57a2d4851a1d" relativeResultsDirectory="46e55012-be75-466c-88a4-42c70759fab2" />
    <UnitTestResult executionId="6ff97bd9-74db-4386-a316-baed2b5eab51" testId="98a6db7e-5465-3eba-75c2-ba54007fc4ba" testName="CreateHttpsUri_NoSchemeWithPort_UseDefaultPortFalse_BecomesHttpsPort88" computerName="DKSR-EFI-04" duration="00:00:00.0001954" startTime="2023-12-22T09:33:47.4594487+01:00" endTime="2023-12-22T09:33:47.4594487+01:00" testType="13cdc9d9-ddb5-4fa4-a97d-d965ccfc6d4b" outcome="Passed" testListId="8c84fa94-04c1-424b-9868-57a2d4851a1d" relativeResultsDirectory="6ff97bd9-74db-4386-a316-baed2b5eab51" />
    <UnitTestResult executionId="5edec524-2b78-4dbb-8291-e103b6c9db8f" testId="68437558-f1dc-ceed-8412-f46f1b1ae510" testName="FeatureInformation_QueryAllLicensedFeatures_ReturnsCorrectNumber_OnLicenseDocumentWithAllFeatures" computerName="DKSR-EFI-04" duration="00:00:00.0052042" startTime="2023-12-22T09:33:37.3031491+01:00" endTime="2023-12-22T09:33:37.3031491+01:00" testType="13cdc9d9-ddb5-4fa4-a97d-d965ccfc6d4b" outcome="Passed" testListId="8c84fa94-04c1-424b-9868-57a2d4851a1d" relativeResultsDirectory="5edec524-2b78-4dbb-8291-e103b6c9db8f" />
    <UnitTestResult executionId="44c1f908-c3e2-47c0-9757-f59f3ea87b3e" testId="fb8d5c79-58b6-80d1-2a52-920824d60629" testName="CreateInstance_SettingsFileExists_AllowInsecureIsFalse_ReturnsValidInstance" computerName="DKSR-EFI-04" duration="00:00:00.0032633" startTime="2023-12-22T09:33:32.4124984+01:00" endTime="2023-12-22T09:33:32.4124984+01:00" testType="13cdc9d9-ddb5-4fa4-a97d-d965ccfc6d4b" outcome="Passed" testListId="8c84fa94-04c1-424b-9868-57a2d4851a1d" relativeResultsDirectory="44c1f908-c3e2-47c0-9757-f59f3ea87b3e" />
    <UnitTestResult executionId="9d21cd03-557f-4d9d-a7eb-6475064621e8" testId="88b42372-9073-9d33-e5db-3400e992f84b" testName="RecurringSchedule_GetNextScheduleTime_Daily_Every_2_Days_At_2_00" computerName="DKSR-EFI-04" duration="00:00:00.0033412" startTime="2023-12-22T09:33:33.0687524+01:00" endTime="2023-12-22T09:33:33.0687524+01:00" testType="13cdc9d9-ddb5-4fa4-a97d-d965ccfc6d4b" outcome="Passed" testListId="8c84fa94-04c1-424b-9868-57a2d4851a1d" relativeResultsDirectory="9d21cd03-557f-4d9d-a7eb-6475064621e8" />
    <UnitTestResult executionId="10ccb716-1b89-4529-a82a-178080f6dcfa" testId="2fa32178-1f6e-2d17-1a71-e9015f6ef56a" testName="ScheduledTimeReachedFunctionScheduledDateTimeReachedForOneOfTwoTokensTest" computerName="DKSR-EFI-04" duration="00:00:00.0005354" startTime="2023-12-22T09:33:34.5531342+01:00" endTime="2023-12-22T09:33:34.5531342+01:00" testType="13cdc9d9-ddb5-4fa4-a97d-d965ccfc6d4b" outcome="Passed" testListId="8c84fa94-04c1-424b-9868-57a2d4851a1d" relativeResultsDirectory="10ccb716-1b89-4529-a82a-178080f6dcfa" />
    <UnitTestResult executionId="7fa2c0ca-21ac-412c-9372-c67745728897" testId="f1e09b94-758b-c004-83a2-50ae5b0aaf24" testName="SystemConfigurationModel_Validate_Failed" computerName="DKSR-EFI-04" duration="00:00:00.0018228" startTime="2023-12-22T09:33:31.6781206+01:00" endTime="2023-12-22T09:33:31.6781206+01:00" testType="13cdc9d9-ddb5-4fa4-a97d-d965ccfc6d4b" outcome="Passed" testListId="8c84fa94-04c1-424b-9868-57a2d4851a1d" relativeResultsDirectory="7fa2c0ca-21ac-412c-9372-c67745728897" />
    <UnitTestResult executionId="87dcc174-e7aa-4242-93c3-8b57d81a2e88" testId="722b9d2d-ea17-19b7-89c3-539cfe113091" testName="ReadIdentityFromCache_GetIdentityFromProvider" computerName="DKSR-EFI-04" duration="00:00:00.0033448" startTime="2023-12-22T09:33:47.9125734+01:00" endTime="2023-12-22T09:33:47.9125734+01:00" testType="13cdc9d9-ddb5-4fa4-a97d-d965ccfc6d4b" outcome="Passed" testListId="8c84fa94-04c1-424b-9868-57a2d4851a1d" relativeResultsDirectory="87dcc174-e7aa-4242-93c3-8b57d81a2e88" />
    <UnitTestResult executionId="05f89986-dd35-4475-a408-0a70219c48f1" testId="4b411e7b-0fb6-c0ce-a957-e5eb823bd622" testName="ExecuteRuleActionsModelTest_Json_Serialize_Deserialize" computerName="DKSR-EFI-04" duration="00:00:00.1264177" startTime="2023-12-22T09:33:29.8656112+01:00" endTime="2023-12-22T09:33:29.9906129+01:00" testType="13cdc9d9-ddb5-4fa4-a97d-d965ccfc6d4b" outcome="Passed" testListId="8c84fa94-04c1-424b-9868-57a2d4851a1d" relativeResultsDirectory="05f89986-dd35-4475-a408-0a70219c48f1" />
    <UnitTestResult executionId="8082f326-a690-40c1-b975-717d71bcaeb7" testId="ffa4b15a-3f25-01db-a3c4-70c5bbc70e72" testName="ServiceConnectionStatus_CommunicationError_Offline_RaiseOfflineEvent" computerName="DKSR-EFI-04" duration="00:00:00.0010265" startTime="2023-12-22T09:33:29.1312331+01:00" endTime="2023-12-22T09:33:29.1312331+01:00" testType="13cdc9d9-ddb5-4fa4-a97d-d965ccfc6d4b" outcome="Passed" testListId="8c84fa94-04c1-424b-9868-57a2d4851a1d" relativeResultsDirectory="8082f326-a690-40c1-b975-717d71bcaeb7" />
    <UnitTestResult executionId="7d1e6537-07f9-4d61-af1c-13791cae8153" testId="83414ed0-ce26-c83b-537e-21aeed422c4e" testName="Ctor_Null_ThrowsArgumentNullException" computerName="DKSR-EFI-04" duration="00:00:00.0066924" startTime="2023-12-22T09:33:47.7094475+01:00" endTime="2023-12-22T09:33:47.7250744+01:00" testType="13cdc9d9-ddb5-4fa4-a97d-d965ccfc6d4b" outcome="Passed" testListId="8c84fa94-04c1-424b-9868-57a2d4851a1d" relativeResultsDirectory="7d1e6537-07f9-4d61-af1c-13791cae8153">
      <Output>
        <StdOut>Debug Trace:&#xD;
Fail: Argument null</StdOut>
      </Output>
    </UnitTestResult>
    <UnitTestResult executionId="8c04f948-9ff0-4b34-8beb-e7a4c8c57b17" testId="a756499e-701a-9251-a313-d3727c8cba36" testName="Validate_JsonCreatedFromLicenseRequest_Success" computerName="DKSR-EFI-04" duration="00:00:00.0002000" startTime="2023-12-22T09:33:44.2094311+01:00" endTime="2023-12-22T09:33:44.2094311+01:00" testType="13cdc9d9-ddb5-4fa4-a97d-d965ccfc6d4b" outcome="Passed" testListId="8c84fa94-04c1-424b-9868-57a2d4851a1d" relativeResultsDirectory="8c04f948-9ff0-4b34-8beb-e7a4c8c57b17" />
    <UnitTestResult executionId="c6ad4812-858b-49dc-9554-c2ee478c57a0" testId="ec410477-3a9c-e23b-d91e-f2bb51b662b2" testName="CreateResponseException_ServiceUnavailableAndResponseHasDynamicContent_ContentIsDeserializedFromHttpResponseMessage" computerName="DKSR-EFI-04" duration="00:00:00.0030412" startTime="2023-12-22T09:33:32.3499978+01:00" endTime="2023-12-22T09:33:32.3499978+01:00" testType="13cdc9d9-ddb5-4fa4-a97d-d965ccfc6d4b" outcome="Passed" testListId="8c84fa94-04c1-424b-9868-57a2d4851a1d" relativeResultsDirectory="c6ad4812-858b-49dc-9554-c2ee478c57a0" />
    <UnitTestResult executionId="f6339442-47e8-465a-994b-456f280a4e84" testId="38e57c8d-c143-6e35-6df7-3b382085c25f" testName="Test_MemberOf_SimpleBranched" computerName="DKSR-EFI-04" duration="00:00:00.0010856" startTime="2023-12-22T09:33:47.8656999+01:00" endTime="2023-12-22T09:33:47.8656999+01:00" testType="13cdc9d9-ddb5-4fa4-a97d-d965ccfc6d4b" outcome="Passed" testListId="8c84fa94-04c1-424b-9868-57a2d4851a1d" relativeResultsDirectory="f6339442-47e8-465a-994b-456f280a4e84" />
    <UnitTestResult executionId="2b477769-6d32-4bb2-8548-f209a3c226e3" testId="6e01f99d-1f21-ebcf-1b56-a171fab1c77a" testName="LicenseDocument_ICPAllDriversIncluded" computerName="DKSR-EFI-04" duration="00:00:00.0023709" startTime="2023-12-22T09:33:44.3188082+01:00" endTime="2023-12-22T09:33:44.3188082+01:00" testType="13cdc9d9-ddb5-4fa4-a97d-d965ccfc6d4b" outcome="Passed" testListId="8c84fa94-04c1-424b-9868-57a2d4851a1d" relativeResultsDirectory="2b477769-6d32-4bb2-8548-f209a3c226e3" />
    <UnitTestResult executionId="c2e6aefa-b519-4df7-946e-315dee17fa32" testId="5eef3834-53ae-6cc0-49e9-188891944c67" testName="ModelValidation_ValidModel_Success" computerName="DKSR-EFI-04" duration="00:00:00.0019633" startTime="2023-12-22T09:33:31.8187437+01:00" endTime="2023-12-22T09:33:31.8187437+01:00" testType="13cdc9d9-ddb5-4fa4-a97d-d965ccfc6d4b" outcome="Passed" testListId="8c84fa94-04c1-424b-9868-57a2d4851a1d" relativeResultsDirectory="c2e6aefa-b519-4df7-946e-315dee17fa32" />
    <UnitTestResult executionId="87c2ce6c-27e5-46d9-b0e9-e6e19071246b" testId="a96c94d8-8a2b-307e-7808-65c30acaafbc" testName="TestHasFilledCellWithFilledArea" computerName="DKSR-EFI-04" duration="00:00:00.0001654" startTime="2023-12-22T09:33:46.1938137+01:00" endTime="2023-12-22T09:33:46.1938137+01:00" testType="13cdc9d9-ddb5-4fa4-a97d-d965ccfc6d4b" outcome="Passed" testListId="8c84fa94-04c1-424b-9868-57a2d4851a1d" relativeResultsDirectory="87c2ce6c-27e5-46d9-b0e9-e6e19071246b" />
    <UnitTestResult executionId="1f1ee766-ea2d-4b29-8c35-21a96ad69ac6" testId="e6829ed2-a680-7c6d-7c14-cf41bc741470" testName="TestPasswordGenerationFromNullPasswordRequirements" computerName="DKSR-EFI-04" duration="00:00:00.0003812" startTime="2023-12-22T09:33:24.3812085+01:00" endTime="2023-12-22T09:33:24.3812085+01:00" testType="13cdc9d9-ddb5-4fa4-a97d-d965ccfc6d4b" outcome="Passed" testListId="8c84fa94-04c1-424b-9868-57a2d4851a1d" relativeResultsDirectory="1f1ee766-ea2d-4b29-8c35-21a96ad69ac6" />
    <UnitTestResult executionId="adbed302-5e8f-4313-a639-82f7454fa53e" testId="7a657f40-0db4-0ccc-f9af-e1b87e34f478" testName="ServerFileStorage_Seek_Success" computerName="DKSR-EFI-04" duration="00:00:00.0003176" startTime="2023-12-22T09:33:29.0374831+01:00" endTime="2023-12-22T09:33:29.0374831+01:00" testType="13cdc9d9-ddb5-4fa4-a97d-d965ccfc6d4b" outcome="Passed" testListId="8c84fa94-04c1-424b-9868-57a2d4851a1d" relativeResultsDirectory="adbed302-5e8f-4313-a639-82f7454fa53e" />
    <UnitTestResult executionId="3eb97bc1-874f-4283-8ae8-260cb4130c08" testId="28b4eabe-a0f3-1367-b991-9614f5f0138f" testName="Call_HttpPost_InvalidParam_ContentTypeNull_ThrowsArgumentNullException" computerName="DKSR-EFI-04" duration="00:00:00.0006600" startTime="2023-12-22T09:33:47.1157506+01:00" endTime="2023-12-22T09:33:47.1157506+01:00" testType="13cdc9d9-ddb5-4fa4-a97d-d965ccfc6d4b" outcome="Passed" testListId="8c84fa94-04c1-424b-9868-57a2d4851a1d" relativeResultsDirectory="3eb97bc1-874f-4283-8ae8-260cb4130c08" />
    <UnitTestResult executionId="dc3d14b9-d4f1-47ed-bd88-e9b6abd39479" testId="1ee676a8-9805-4796-9011-298c4756e2c6" testName="RefCountedObjectWrapper_ExecuteCallWithRefCountTResult_And_Dispose_Success" computerName="DKSR-EFI-04" duration="00:00:00.0223007" startTime="2023-12-22T09:33:30.6624887+01:00" endTime="2023-12-22T09:33:30.6781169+01:00" testType="13cdc9d9-ddb5-4fa4-a97d-d965ccfc6d4b" outcome="Passed" testListId="8c84fa94-04c1-424b-9868-57a2d4851a1d" relativeResultsDirectory="dc3d14b9-d4f1-47ed-bd88-e9b6abd39479" />
    <UnitTestResult executionId="af707cd8-67fc-49dc-a099-fb8ab4e20361" testId="612f9052-0fb6-a3bc-7e23-545028a67b48" testName="SecurityTokenCollectionDto2_Deserialization_Success" computerName="DKSR-EFI-04" duration="00:00:00.0014892" startTime="2023-12-22T09:33:47.5531977+01:00" endTime="2023-12-22T09:33:47.5531977+01:00" testType="13cdc9d9-ddb5-4fa4-a97d-d965ccfc6d4b" outcome="Passed" testListId="8c84fa94-04c1-424b-9868-57a2d4851a1d" relativeResultsDirectory="af707cd8-67fc-49dc-a099-fb8ab4e20361" />
    <UnitTestResult executionId="e6e9344b-6ea1-4684-a3fb-6805a57b25ba" testId="37bbb804-337f-bc94-e96d-0128fc365308" testName="ErrorResponseModel_Validate_Success" computerName="DKSR-EFI-04" duration="00:00:00.0011876" startTime="2023-12-22T09:33:32.1624986+01:00" endTime="2023-12-22T09:33:32.1624986+01:00" testType="13cdc9d9-ddb5-4fa4-a97d-d965ccfc6d4b" outcome="Passed" testListId="8c84fa94-04c1-424b-9868-57a2d4851a1d" relativeResultsDirectory="e6e9344b-6ea1-4684-a3fb-6805a57b25ba" />
    <UnitTestResult executionId="8cf1c0cf-7bf9-44c7-b6d0-2aaf0e3e3ec3" testId="dbb68610-43fe-ff74-ff15-c068dd73879c" testName="ServerFileSystemResponseQueryDirectoriesModel_NoValuesSet_ValidationFailure" computerName="DKSR-EFI-04" duration="00:00:00.0017689" startTime="2023-12-22T09:33:30.1937377+01:00" endTime="2023-12-22T09:33:30.1937377+01:00" testType="13cdc9d9-ddb5-4fa4-a97d-d965ccfc6d4b" outcome="Passed" testListId="8c84fa94-04c1-424b-9868-57a2d4851a1d" relativeResultsDirectory="8cf1c0cf-7bf9-44c7-b6d0-2aaf0e3e3ec3" />
    <UnitTestResult executionId="f814e174-4a77-4a80-a401-ec414e69a3ed" testId="37c76a2d-da00-b26e-5d0f-cdec68812b5d" testName="ReadAttributeAsInt32_RangeCheck_Min_Exact" computerName="DKSR-EFI-04" duration="00:00:00.0002734" startTime="2023-12-22T09:33:23.7874576+01:00" endTime="2023-12-22T09:33:23.7874576+01:00" testType="13cdc9d9-ddb5-4fa4-a97d-d965ccfc6d4b" outcome="Passed" testListId="8c84fa94-04c1-424b-9868-57a2d4851a1d" relativeResultsDirectory="f814e174-4a77-4a80-a401-ec414e69a3ed" />
    <UnitTestResult executionId="1cad2690-9db2-4f04-a96f-e2613ce673a1" testId="f2a2d895-e73f-1b9c-1ba4-fca95b4da463" testName="GroupConfigurationComplexGroupsAndMembers" computerName="DKSR-EFI-04" duration="00:00:00.0039691" startTime="2023-12-22T09:33:34.4437571+01:00" endTime="2023-12-22T09:33:34.4437571+01:00" testType="13cdc9d9-ddb5-4fa4-a97d-d965ccfc6d4b" outcome="Passed" testListId="8c84fa94-04c1-424b-9868-57a2d4851a1d" relativeResultsDirectory="1cad2690-9db2-4f04-a96f-e2613ce673a1" />
    <UnitTestResult executionId="0816787c-4279-47ad-bbf4-279e0cb41335" testId="43a4fa80-dd9b-1bf4-98bf-78fbe73d93da" testName="HardwareInfo_EnabledDevices_ReturnsCorrectListOfEnabledDevices" computerName="DKSR-EFI-04" duration="00:00:00.0008873" startTime="2023-12-22T09:33:37.5687735+01:00" endTime="2023-12-22T09:33:37.5687735+01:00" testType="13cdc9d9-ddb5-4fa4-a97d-d965ccfc6d4b" outcome="Passed" testListId="8c84fa94-04c1-424b-9868-57a2d4851a1d" relativeResultsDirectory="0816787c-4279-47ad-bbf4-279e0cb41335" />
    <UnitTestResult executionId="8cf366bc-ceb7-4cef-8337-9a8765838cc3" testId="050a8e30-3f33-ef3c-5afa-4dff3a785880" testName="Test_MemberOf_Simple2Branched" computerName="DKSR-EFI-04" duration="00:00:00.0011051" startTime="2023-12-22T09:33:47.8813253+01:00" endTime="2023-12-22T09:33:47.8813253+01:00" testType="13cdc9d9-ddb5-4fa4-a97d-d965ccfc6d4b" outcome="Passed" testListId="8c84fa94-04c1-424b-9868-57a2d4851a1d" relativeResultsDirectory="8cf366bc-ceb7-4cef-8337-9a8765838cc3" />
    <UnitTestResult executionId="c08c65f5-65b3-4068-a6fd-183ec662cd3a" testId="cbc248c0-97c2-fbd3-60ae-b667eb2efbc1" testName="SendEndPointAndObject_NoError_TaskIsExecutedAndCorrectResponseReceived" computerName="DKSR-EFI-04" duration="00:00:00.0407709" startTime="2023-12-22T09:33:20.7093172+01:00" endTime="2023-12-22T09:33:20.7405676+01:00" testType="13cdc9d9-ddb5-4fa4-a97d-d965ccfc6d4b" outcome="Passed" testListId="8c84fa94-04c1-424b-9868-57a2d4851a1d" relativeResultsDirectory="c08c65f5-65b3-4068-a6fd-183ec662cd3a" />
    <UnitTestResult executionId="2b34c57f-0d9e-4e7c-aee6-b649336b8b35" testId="e9a64a75-fd75-d60a-07ff-15219025037f" testName="AddRange_Works_OnCollection" computerName="DKSR-EFI-04" duration="00:00:00.0012949" startTime="2023-12-22T09:33:44.8656847+01:00" endTime="2023-12-22T09:33:44.8656847+01:00" testType="13cdc9d9-ddb5-4fa4-a97d-d965ccfc6d4b" outcome="Passed" testListId="8c84fa94-04c1-424b-9868-57a2d4851a1d" relativeResultsDirectory="2b34c57f-0d9e-4e7c-aee6-b649336b8b35" />
    <UnitTestResult executionId="5384e73d-da40-4b91-87cb-871f6cd26abd" testId="54189ad4-012a-a649-87c1-aefb7f923135" testName="ParseAsBytes_Success" computerName="DKSR-EFI-04" duration="00:00:00.0001500" startTime="2023-12-22T09:33:47.8031982+01:00" endTime="2023-12-22T09:33:47.8031982+01:00" testType="13cdc9d9-ddb5-4fa4-a97d-d965ccfc6d4b" outcome="Passed" testListId="8c84fa94-04c1-424b-9868-57a2d4851a1d" relativeResultsDirectory="5384e73d-da40-4b91-87cb-871f6cd26abd" />
    <UnitTestResult executionId="3883012d-7bcd-406f-8dbf-5ccee8e48759" testId="c5839a5d-09aa-89ce-3732-228cebdbe374" testName="CreateInstance_SaveSettings_AllowInsecureIsNull_Success" computerName="DKSR-EFI-04" duration="00:00:00.0031938" startTime="2023-12-22T09:33:32.4281244+01:00" endTime="2023-12-22T09:33:32.4281244+01:00" testType="13cdc9d9-ddb5-4fa4-a97d-d965ccfc6d4b" outcome="Passed" testListId="8c84fa94-04c1-424b-9868-57a2d4851a1d" relativeResultsDirectory="3883012d-7bcd-406f-8dbf-5ccee8e48759" />
    <UnitTestResult executionId="f8e4fec2-3055-4088-b80b-138f21ec5ad9" testId="1a1d36c1-a3f1-9ffa-6dda-f0438eb6a766" testName="SendAsync_OnlyEndpoint_NoError_TaskIsExecuted" computerName="DKSR-EFI-04" duration="00:00:00.0063792" startTime="2023-12-22T09:33:20.2874396+01:00" endTime="2023-12-22T09:33:20.3030666+01:00" testType="13cdc9d9-ddb5-4fa4-a97d-d965ccfc6d4b" outcome="Passed" testListId="8c84fa94-04c1-424b-9868-57a2d4851a1d" relativeResultsDirectory="f8e4fec2-3055-4088-b80b-138f21ec5ad9" />
    <UnitTestResult executionId="3b438581-7acf-4587-8972-518c2a2dba02" testId="3afcab40-be92-3c32-cdd4-99a4f2e968f5" testName="DatabaseXmlConverter_XmlIdsToGuids_None" computerName="DKSR-EFI-04" duration="00:00:00.0412759" startTime="2023-12-22T09:33:21.6624470+01:00" endTime="2023-12-22T09:33:21.7093206+01:00" testType="13cdc9d9-ddb5-4fa4-a97d-d965ccfc6d4b" outcome="Passed" testListId="8c84fa94-04c1-424b-9868-57a2d4851a1d" relativeResultsDirectory="3b438581-7acf-4587-8972-518c2a2dba02" />
    <UnitTestResult executionId="6d977fe9-40ac-4381-a9de-f10ed62ba5b5" testId="1f77b769-efd6-9b37-6348-417d013b2587" testName="LicenseActivationService_AcquireLicense_LicenseNotAllowed_FeatureAlreadyInUse" computerName="DKSR-EFI-04" duration="00:00:00.0021085" startTime="2023-12-22T09:33:37.8031500+01:00" endTime="2023-12-22T09:33:37.8187754+01:00" testType="13cdc9d9-ddb5-4fa4-a97d-d965ccfc6d4b" outcome="Passed" testListId="8c84fa94-04c1-424b-9868-57a2d4851a1d" relativeResultsDirectory="6d977fe9-40ac-4381-a9de-f10ed62ba5b5" />
    <UnitTestResult executionId="9452320a-0582-4361-9caa-d9879ce76674" testId="450be9ae-e2a0-4402-a8f4-7566ef213097" testName="WhiteList_IsModelWhiteListed_HWWith16CH_GlobalMaxChannelCountIs16_ReturnsTrue" computerName="DKSR-EFI-04" duration="00:00:00.0007780" startTime="2023-12-22T09:33:44.6781843+01:00" endTime="2023-12-22T09:33:44.6781843+01:00" testType="13cdc9d9-ddb5-4fa4-a97d-d965ccfc6d4b" outcome="Passed" testListId="8c84fa94-04c1-424b-9868-57a2d4851a1d" relativeResultsDirectory="9452320a-0582-4361-9caa-d9879ce76674" />
    <UnitTestResult executionId="505c1d3a-fb3b-4af2-b15d-9784b3243c5d" testId="37dbfa10-3842-fe4c-e664-4886ba1bdb80" testName="LicenseDocument_ValidateIsIcpDeviceLicensed_NonIcpDevice_ThrowsInvalidOperationException" computerName="DKSR-EFI-04" duration="00:00:00.0028164" startTime="2023-12-22T09:33:44.4438087+01:00" endTime="2023-12-22T09:33:44.4594327+01:00" testType="13cdc9d9-ddb5-4fa4-a97d-d965ccfc6d4b" outcome="Passed" testListId="8c84fa94-04c1-424b-9868-57a2d4851a1d" relativeResultsDirectory="505c1d3a-fb3b-4af2-b15d-9784b3243c5d" />
    <UnitTestResult executionId="2b65d966-c515-4ad8-ad27-e82a07442f94" testId="eaf70b35-ac9e-1065-0463-f89eb0bdf0bd" testName="ReadAttributeAsInt32_NameNull" computerName="DKSR-EFI-04" duration="00:00:00.0008281" startTime="2023-12-22T09:33:23.8030810+01:00" endTime="2023-12-22T09:33:23.8030810+01:00" testType="13cdc9d9-ddb5-4fa4-a97d-d965ccfc6d4b" outcome="Passed" testListId="8c84fa94-04c1-424b-9868-57a2d4851a1d" relativeResultsDirectory="2b65d966-c515-4ad8-ad27-e82a07442f94" />
    <UnitTestResult executionId="22813640-e508-4795-9579-3a291c2e5423" testId="8ea9e31c-1aab-e07a-4f57-45d5393a2cc1" testName="ReadChildElementValueAsUInt64_ElementNull" computerName="DKSR-EFI-04" duration="00:00:00.0005718" startTime="2023-12-22T09:33:23.8968311+01:00" endTime="2023-12-22T09:33:23.9124568+01:00" testType="13cdc9d9-ddb5-4fa4-a97d-d965ccfc6d4b" outcome="Passed" testListId="8c84fa94-04c1-424b-9868-57a2d4851a1d" relativeResultsDirectory="22813640-e508-4795-9579-3a291c2e5423" />
    <UnitTestResult executionId="e51c58e0-ebae-439d-9813-e5aca9cbfbe9" testId="4b873ac6-765a-404f-f38f-0422c9001382" testName="ServerFileStorage_SetPosition_PastStreamEnd_Exception" computerName="DKSR-EFI-04" duration="00:00:00.0006118" startTime="2023-12-22T09:33:29.0374831+01:00" endTime="2023-12-22T09:33:29.0374831+01:00" testType="13cdc9d9-ddb5-4fa4-a97d-d965ccfc6d4b" outcome="Passed" testListId="8c84fa94-04c1-424b-9868-57a2d4851a1d" relativeResultsDirectory="e51c58e0-ebae-439d-9813-e5aca9cbfbe9" />
    <UnitTestResult executionId="9f54d469-e154-48c2-aeca-816e06238674" testId="92b7eb91-6797-4ea3-4c11-ac30d885a68f" testName="TokenHandler_CreateTokenHandler_Failed" computerName="DKSR-EFI-04" duration="00:00:00.0006390" startTime="2023-12-22T09:33:32.5843740+01:00" endTime="2023-12-22T09:33:32.5843740+01:00" testType="13cdc9d9-ddb5-4fa4-a97d-d965ccfc6d4b" outcome="Passed" testListId="8c84fa94-04c1-424b-9868-57a2d4851a1d" relativeResultsDirectory="9f54d469-e154-48c2-aeca-816e06238674" />
    <UnitTestResult executionId="bfadc1ef-f5f8-40d0-9c3f-84a93e8edc0d" testId="c7e11f92-9e45-6088-c0a5-3aa81f2b6b9e" testName="FeatureManager_LicenseExpires_AnyDateTime_ReturnsTrue" computerName="DKSR-EFI-04" duration="00:00:00.0003433" startTime="2023-12-22T09:33:37.4593997+01:00" endTime="2023-12-22T09:33:37.4593997+01:00" testType="13cdc9d9-ddb5-4fa4-a97d-d965ccfc6d4b" outcome="Passed" testListId="8c84fa94-04c1-424b-9868-57a2d4851a1d" relativeResultsDirectory="bfadc1ef-f5f8-40d0-9c3f-84a93e8edc0d" />
    <UnitTestResult executionId="105858ca-e6e2-4158-93ca-5c2162eee155" testId="79039750-0fd3-5a6c-030a-172ff337180f" testName="BoolResponseModel_Validate_Success" computerName="DKSR-EFI-04" duration="00:00:00.0008705" startTime="2023-12-22T09:33:32.0687467+01:00" endTime="2023-12-22T09:33:32.0687467+01:00" testType="13cdc9d9-ddb5-4fa4-a97d-d965ccfc6d4b" outcome="Passed" testListId="8c84fa94-04c1-424b-9868-57a2d4851a1d" relativeResultsDirectory="105858ca-e6e2-4158-93ca-5c2162eee155" />
    <UnitTestResult executionId="9450e4a0-28e6-47ad-92fc-491f90143dd5" testId="71a8629d-053f-542d-4cd0-b36fc966255b" testName="Receive_HttpRequestExceptionThrown_ExceptionLoggedAndCommunicationExceptionThrown" computerName="DKSR-EFI-04" duration="00:00:00.0023909" startTime="2023-12-22T09:33:21.0686941+01:00" endTime="2023-12-22T09:33:21.0686941+01:00" testType="13cdc9d9-ddb5-4fa4-a97d-d965ccfc6d4b" outcome="Passed" testListId="8c84fa94-04c1-424b-9868-57a2d4851a1d" relativeResultsDirectory="9450e4a0-28e6-47ad-92fc-491f90143dd5" />
    <UnitTestResult executionId="5328e761-a74b-4cb4-a2e9-631d24c10f98" testId="77cb843b-3732-90ac-376f-355a10166c3a" testName="Schemes_SerializeAndDeserializeEmptyTest" computerName="DKSR-EFI-04" duration="00:00:00.0156234" startTime="2023-12-22T09:33:45.0844342+01:00" endTime="2023-12-22T09:33:45.1000612+01:00" testType="13cdc9d9-ddb5-4fa4-a97d-d965ccfc6d4b" outcome="Passed" testListId="8c84fa94-04c1-424b-9868-57a2d4851a1d" relativeResultsDirectory="5328e761-a74b-4cb4-a2e9-631d24c10f98" />
    <UnitTestResult executionId="c6a24dad-2905-41d1-bdf3-787e5cb02ef7" testId="c9e2ea7e-28a5-60d2-6fc2-d2c88285a5e9" testName="WhiteList_CanHandleEmptyLinesInDriverList" computerName="DKSR-EFI-04" duration="00:00:00.0043667" startTime="2023-12-22T09:33:44.7094338+01:00" endTime="2023-12-22T09:33:44.7094338+01:00" testType="13cdc9d9-ddb5-4fa4-a97d-d965ccfc6d4b" outcome="Passed" testListId="8c84fa94-04c1-424b-9868-57a2d4851a1d" relativeResultsDirectory="c6a24dad-2905-41d1-bdf3-787e5cb02ef7" />
    <UnitTestResult executionId="74e08064-6300-45a8-a53a-08fb583d87c1" testId="e9a5bcfa-96b9-2f86-1df1-8008cb97bd4b" testName="Encrypt_DataSetIsNull_ThrowsArgumentNullException" computerName="DKSR-EFI-04" duration="00:00:00.0241540" startTime="2023-12-22T09:33:46.3500667+01:00" endTime="2023-12-22T09:33:46.3813177+01:00" testType="13cdc9d9-ddb5-4fa4-a97d-d965ccfc6d4b" outcome="Passed" testListId="8c84fa94-04c1-424b-9868-57a2d4851a1d" relativeResultsDirectory="74e08064-6300-45a8-a53a-08fb583d87c1">
      <Output>
        <StdOut>Debug Trace:&#xD;
Fail: Argument null</StdOut>
      </Output>
    </UnitTestResult>
    <UnitTestResult executionId="41fab0ae-9c2e-4673-b42d-51a222c36ffd" testId="e29e3422-c5e6-c0ab-1e89-78d29e50ef02" testName="FeatureManager_GetFeatureParameterValue_Parameter_Not_Found" computerName="DKSR-EFI-04" duration="00:00:00.0005293" startTime="2023-12-22T09:33:37.3656475+01:00" endTime="2023-12-22T09:33:37.3656475+01:00" testType="13cdc9d9-ddb5-4fa4-a97d-d965ccfc6d4b" outcome="Passed" testListId="8c84fa94-04c1-424b-9868-57a2d4851a1d" relativeResultsDirectory="41fab0ae-9c2e-4673-b42d-51a222c36ffd" />
    <UnitTestResult executionId="69825483-f438-4f5b-9b5d-5064e0e80673" testId="926436bb-6ad1-4c45-7e27-4f7121382ea2" testName="EncryptingHardware" computerName="DKSR-EFI-04" duration="00:00:00.0073084" startTime="2023-12-22T09:33:46.9438202+01:00" endTime="2023-12-22T09:33:46.9438202+01:00" testType="13cdc9d9-ddb5-4fa4-a97d-d965ccfc6d4b" outcome="Passed" testListId="8c84fa94-04c1-424b-9868-57a2d4851a1d" relativeResultsDirectory="69825483-f438-4f5b-9b5d-5064e0e80673" />
    <UnitTestResult executionId="528d1c7d-0081-4c6c-9a35-be43472ffd20" testId="529ab322-0d52-af5d-bafc-7e74ba8c39bd" testName="AddRange_ThrowsArgumentNullException_OnNullAsRange" computerName="DKSR-EFI-04" duration="00:00:00.0007030" startTime="2023-12-22T09:33:44.8813101+01:00" endTime="2023-12-22T09:33:44.8813101+01:00" testType="13cdc9d9-ddb5-4fa4-a97d-d965ccfc6d4b" outcome="Passed" testListId="8c84fa94-04c1-424b-9868-57a2d4851a1d" relativeResultsDirectory="528d1c7d-0081-4c6c-9a35-be43472ffd20" />
    <UnitTestResult executionId="ae51813e-9892-49a2-b3b6-9656f8cc952e" testId="d1e1ab0c-7d74-af92-5fe8-9c7bce95e3bd" testName="EventMetadataTimestampParsesMicrosecondsWithTrailingZeroesCorrectly" computerName="DKSR-EFI-04" duration="00:00:00.0002178" startTime="2023-12-22T09:33:34.5218835+01:00" endTime="2023-12-22T09:33:34.5218835+01:00" testType="13cdc9d9-ddb5-4fa4-a97d-d965ccfc6d4b" outcome="Passed" testListId="8c84fa94-04c1-424b-9868-57a2d4851a1d" relativeResultsDirectory="ae51813e-9892-49a2-b3b6-9656f8cc952e" />
    <UnitTestResult executionId="30f52233-11b1-4fbc-b7d5-5c28403f93d9" testId="c9dd264e-5a88-8d6b-118f-2e40aaa81fbc" testName="Collection_Remove_Null_Throws_ArguemtnNullException" computerName="DKSR-EFI-04" duration="00:00:00.0012601" startTime="2023-12-22T09:33:24.0843330+01:00" endTime="2023-12-22T09:33:24.0843330+01:00" testType="13cdc9d9-ddb5-4fa4-a97d-d965ccfc6d4b" outcome="Passed" testListId="8c84fa94-04c1-424b-9868-57a2d4851a1d" relativeResultsDirectory="30f52233-11b1-4fbc-b7d5-5c28403f93d9">
      <Output>
        <StdOut>Debug Trace:&#xD;
Fail: Argument null</StdOut>
      </Output>
    </UnitTestResult>
    <UnitTestResult executionId="c46b62c9-f445-4415-ad88-229f3b3efd30" testId="6dc566b7-501d-6a76-aef9-9eb9f149ccba" testName="CreateHttpUri_HttpsDefaultPort_UsePort444_BecomesHttpPort444" computerName="DKSR-EFI-04" duration="00:00:00.0002043" startTime="2023-12-22T09:33:47.4281971+01:00" endTime="2023-12-22T09:33:47.4281971+01:00" testType="13cdc9d9-ddb5-4fa4-a97d-d965ccfc6d4b" outcome="Passed" testListId="8c84fa94-04c1-424b-9868-57a2d4851a1d" relativeResultsDirectory="c46b62c9-f445-4415-ad88-229f3b3efd30" />
    <UnitTestResult executionId="e1141fee-9506-4f9d-a6d3-99dd368ee9a8" testId="abb83a8b-1b85-8d44-2f49-9f67ade18cf5" testName="GetRecorderSNMPId_Known" computerName="DKSR-EFI-04" duration="00:00:00.0003212" startTime="2023-12-22T09:33:45.1469365+01:00" endTime="2023-12-22T09:33:45.1469365+01:00" testType="13cdc9d9-ddb5-4fa4-a97d-d965ccfc6d4b" outcome="Passed" testListId="8c84fa94-04c1-424b-9868-57a2d4851a1d" relativeResultsDirectory="e1141fee-9506-4f9d-a6d3-99dd368ee9a8" />
    <UnitTestResult executionId="d9ff8d67-fb47-401f-9308-929c7ac0c9f4" testId="776eceef-a177-5664-72af-adb58a63d9e0" testName="FeatureManager_GetFeatureParameterValueT_Enum_Valid_Value" computerName="DKSR-EFI-04" duration="00:00:00.0038163" startTime="2023-12-22T09:33:37.4125238+01:00" endTime="2023-12-22T09:33:37.4125238+01:00" testType="13cdc9d9-ddb5-4fa4-a97d-d965ccfc6d4b" outcome="Passed" testListId="8c84fa94-04c1-424b-9868-57a2d4851a1d" relativeResultsDirectory="d9ff8d67-fb47-401f-9308-929c7ac0c9f4" />
    <UnitTestResult executionId="da0ca3ff-94df-4bd9-811e-0aa1b8567572" testId="8bde2655-cfaa-dc33-b849-1d119a441cc1" testName="Patch_NoError_TaskIsExecutedAndCorrectResponseReceived" computerName="DKSR-EFI-04" duration="00:00:00.0425398" startTime="2023-12-22T09:33:21.4124471+01:00" endTime="2023-12-22T09:33:21.4436952+01:00" testType="13cdc9d9-ddb5-4fa4-a97d-d965ccfc6d4b" outcome="Passed" testListId="8c84fa94-04c1-424b-9868-57a2d4851a1d" relativeResultsDirectory="da0ca3ff-94df-4bd9-811e-0aa1b8567572" />
    <UnitTestResult executionId="74529090-0d98-44d3-8038-4494c850758f" testId="60362c08-2015-f180-f658-c3326ff818ab" testName="GetPresetByKey_ByNameOnlyOnePreset" computerName="DKSR-EFI-04" duration="00:00:00.0004222" startTime="2023-12-22T09:33:24.4280843+01:00" endTime="2023-12-22T09:33:24.4280843+01:00" testType="13cdc9d9-ddb5-4fa4-a97d-d965ccfc6d4b" outcome="Passed" testListId="8c84fa94-04c1-424b-9868-57a2d4851a1d" relativeResultsDirectory="74529090-0d98-44d3-8038-4494c850758f" />
    <UnitTestResult executionId="f7933ee4-bd09-449e-8193-946e8c2253e2" testId="98f0ad09-ff0b-5c5f-86a8-6c77cb77aa0e" testName="Hardware_Construct_InvalidLastModified_NotUtc_Throws_ArgumentException" computerName="DKSR-EFI-04" duration="00:00:00.0009645" startTime="2023-12-22T09:33:44.4750586+01:00" endTime="2023-12-22T09:33:44.4750586+01:00" testType="13cdc9d9-ddb5-4fa4-a97d-d965ccfc6d4b" outcome="Passed" testListId="8c84fa94-04c1-424b-9868-57a2d4851a1d" relativeResultsDirectory="f7933ee4-bd09-449e-8193-946e8c2253e2" />
    <UnitTestResult executionId="888de12c-2439-40dc-a67a-abb102964ff9" testId="649bc6c1-3f22-d11b-1cdc-777593bb51d4" testName="FilterCreationNoSubKindsTest" computerName="DKSR-EFI-04" duration="00:00:00.0030543" startTime="2023-12-22T09:33:34.4593844+01:00" endTime="2023-12-22T09:33:34.4593844+01:00" testType="13cdc9d9-ddb5-4fa4-a97d-d965ccfc6d4b" outcome="Passed" testListId="8c84fa94-04c1-424b-9868-57a2d4851a1d" relativeResultsDirectory="888de12c-2439-40dc-a67a-abb102964ff9" />
    <UnitTestResult executionId="6a9a1fa0-bb61-4417-b345-b18f26ee18df" testId="6da55146-0dbd-deb8-a9b1-adaea7e2c0eb" testName="RecorderInfo_AddHardware_VerifyAdded_Success" computerName="DKSR-EFI-04" duration="00:00:00.0028599" startTime="2023-12-22T09:33:44.7563108+01:00" endTime="2023-12-22T09:33:44.7563108+01:00" testType="13cdc9d9-ddb5-4fa4-a97d-d965ccfc6d4b" outcome="Passed" testListId="8c84fa94-04c1-424b-9868-57a2d4851a1d" relativeResultsDirectory="6a9a1fa0-bb61-4417-b345-b18f26ee18df" />
    <UnitTestResult executionId="da447a14-a072-4db1-8aa4-e89ee75d9cd1" testId="0aacf03b-718d-9b91-1791-8fb82ec2b41d" testName="SecurityUserTokensModel_Validate_Success" computerName="DKSR-EFI-04" duration="00:00:00.0027598" startTime="2023-12-22T09:33:31.5531198+01:00" endTime="2023-12-22T09:33:31.5687455+01:00" testType="13cdc9d9-ddb5-4fa4-a97d-d965ccfc6d4b" outcome="Passed" testListId="8c84fa94-04c1-424b-9868-57a2d4851a1d" relativeResultsDirectory="da447a14-a072-4db1-8aa4-e89ee75d9cd1" />
    <UnitTestResult executionId="93c45ce1-daae-4d5b-8b9f-f8a8176d322d" testId="3e05d949-dbce-a0b7-2862-9e4fd932d57d" testName="CheckAllMIPFiltersKindsTestNotOk5" computerName="DKSR-EFI-04" duration="00:00:00.0001593" startTime="2023-12-22T09:33:34.4906336+01:00" endTime="2023-12-22T09:33:34.4906336+01:00" testType="13cdc9d9-ddb5-4fa4-a97d-d965ccfc6d4b" outcome="Passed" testListId="8c84fa94-04c1-424b-9868-57a2d4851a1d" relativeResultsDirectory="93c45ce1-daae-4d5b-8b9f-f8a8176d322d" />
    <UnitTestResult executionId="0dbe9d28-f01b-4475-96de-adf0c298a257" testId="8ed8c2ac-8981-250a-50b6-66e3b3f4891d" testName="RecorderSpecificConfigurationModel_Validation_Success" computerName="DKSR-EFI-04" duration="00:00:00.0021059" startTime="2023-12-22T09:33:31.7249945+01:00" endTime="2023-12-22T09:33:31.7249945+01:00" testType="13cdc9d9-ddb5-4fa4-a97d-d965ccfc6d4b" outcome="Passed" testListId="8c84fa94-04c1-424b-9868-57a2d4851a1d" relativeResultsDirectory="0dbe9d28-f01b-4475-96de-adf0c298a257" />
    <UnitTestResult executionId="fd4d3a44-0131-43d1-a094-4975586d35ab" testId="45db66ab-a575-0293-4ffd-ec4abdb03548" testName="FeatureManager_TryGetFeatureParameterValueT_Enum_OutOfRange_Value" computerName="DKSR-EFI-04" duration="00:00:00.0003900" startTime="2023-12-22T09:33:37.4437738+01:00" endTime="2023-12-22T09:33:37.4437738+01:00" testType="13cdc9d9-ddb5-4fa4-a97d-d965ccfc6d4b" outcome="Passed" testListId="8c84fa94-04c1-424b-9868-57a2d4851a1d" relativeResultsDirectory="fd4d3a44-0131-43d1-a094-4975586d35ab" />
    <UnitTestResult executionId="1955fd67-c37f-4535-ba0e-ed65c0154d09" testId="cbe78191-8ee7-aa77-0812-e3cb273c8da8" testName="Validate_PopulateGrid_Success" computerName="DKSR-EFI-04" duration="00:00:00.0028511" startTime="2023-12-22T09:33:44.5375586+01:00" endTime="2023-12-22T09:33:44.5531828+01:00" testType="13cdc9d9-ddb5-4fa4-a97d-d965ccfc6d4b" outcome="Passed" testListId="8c84fa94-04c1-424b-9868-57a2d4851a1d" relativeResultsDirectory="1955fd67-c37f-4535-ba0e-ed65c0154d09" />
    <UnitTestResult executionId="b48200c6-76e7-47bf-b83c-40128aabc8c2" testId="1cf00f33-c11c-7477-a02f-6bb160a6bea4" testName="ServerFileStorage_Dispose_DeletesFiles" computerName="DKSR-EFI-04" duration="00:00:00.0037443" startTime="2023-12-22T09:33:29.0531077+01:00" endTime="2023-12-22T09:33:29.0531077+01:00" testType="13cdc9d9-ddb5-4fa4-a97d-d965ccfc6d4b" outcome="Passed" testListId="8c84fa94-04c1-424b-9868-57a2d4851a1d" relativeResultsDirectory="b48200c6-76e7-47bf-b83c-40128aabc8c2" />
    <UnitTestResult executionId="6e99b7b1-8931-4603-9ac5-e6d2b29f0258" testId="95297ff6-aa76-ad4c-4f0e-5e0a60814245" testName="SendEndPointAndObject_EndPointNull_ArgumentNullExceptionThrown" computerName="DKSR-EFI-04" duration="00:00:00.0027394" startTime="2023-12-22T09:33:20.8343173+01:00" endTime="2023-12-22T09:33:20.8343173+01:00" testType="13cdc9d9-ddb5-4fa4-a97d-d965ccfc6d4b" outcome="Passed" testListId="8c84fa94-04c1-424b-9868-57a2d4851a1d" relativeResultsDirectory="6e99b7b1-8931-4603-9ac5-e6d2b29f0258">
      <Output>
        <StdOut>Debug Trace:&#xD;
Fail: Argument null</StdOut>
      </Output>
    </UnitTestResult>
    <UnitTestResult executionId="38c784b0-783d-48aa-a089-2d2505ef8654" testId="74235f5c-118a-7de4-9543-a82200fe6fb3" testName="UpdateHardwareReadOnlySettingsModel_ValidModel_Success" computerName="DKSR-EFI-04" duration="00:00:00.0011749" startTime="2023-12-22T09:33:31.8499978+01:00" endTime="2023-12-22T09:33:31.8499978+01:00" testType="13cdc9d9-ddb5-4fa4-a97d-d965ccfc6d4b" outcome="Passed" testListId="8c84fa94-04c1-424b-9868-57a2d4851a1d" relativeResultsDirectory="38c784b0-783d-48aa-a089-2d2505ef8654" />
    <UnitTestResult executionId="31ef072c-15d5-4e10-a1fa-e0ed1dddf6fa" testId="70f0eec9-bddf-2f56-c2d5-1f0556c83aaf" testName="StreamsConfiguration_ValidateConfiguration_Two_Recording_Streams_ExactlyOneRecordingStreamError" computerName="DKSR-EFI-04" duration="00:00:00.0508545" startTime="2023-12-22T09:33:29.6781105+01:00" endTime="2023-12-22T09:33:29.7406104+01:00" testType="13cdc9d9-ddb5-4fa4-a97d-d965ccfc6d4b" outcome="Passed" testListId="8c84fa94-04c1-424b-9868-57a2d4851a1d" relativeResultsDirectory="31ef072c-15d5-4e10-a1fa-e0ed1dddf6fa" />
    <UnitTestResult executionId="5b2ee3e8-ebe3-43e5-9a3a-431062fc6370" testId="04fe056f-b830-4199-6133-347e91e2331f" testName="StreamsConfiguration_LoadXml_And_SaveXml_Success" computerName="DKSR-EFI-04" duration="00:00:00.0084873" startTime="2023-12-22T09:33:29.1624822+01:00" endTime="2023-12-22T09:33:29.1781088+01:00" testType="13cdc9d9-ddb5-4fa4-a97d-d965ccfc6d4b" outcome="Passed" testListId="8c84fa94-04c1-424b-9868-57a2d4851a1d" relativeResultsDirectory="5b2ee3e8-ebe3-43e5-9a3a-431062fc6370" />
    <UnitTestResult executionId="2815dc1e-0649-435b-b88d-5fc89814ee51" testId="f4aca951-5572-6fb8-5445-22560bf3094a" testName="CreateResponseException_ServiceUnavailableAndResponseHasContent_ContentIsDeserializedFromHttpResponseMessage" computerName="DKSR-EFI-04" duration="00:00:00.0735130" startTime="2023-12-22T09:33:32.2718721+01:00" endTime="2023-12-22T09:33:32.3499978+01:00" testType="13cdc9d9-ddb5-4fa4-a97d-d965ccfc6d4b" outcome="Passed" testListId="8c84fa94-04c1-424b-9868-57a2d4851a1d" relativeResultsDirectory="2815dc1e-0649-435b-b88d-5fc89814ee51" />
    <UnitTestResult executionId="a5cfe7d9-247d-4f33-9090-de4f8e7ab13a" testId="fd3e5ee2-25c5-97ab-467c-294e55f0e400" testName="SendAsync_HttpRequestExceptionThrown_ExceptionLoggedAndCommunicationExceptionThrown" computerName="DKSR-EFI-04" duration="00:00:00.0029615" startTime="2023-12-22T09:33:20.4593165+01:00" endTime="2023-12-22T09:33:20.4593165+01:00" testType="13cdc9d9-ddb5-4fa4-a97d-d965ccfc6d4b" outcome="Passed" testListId="8c84fa94-04c1-424b-9868-57a2d4851a1d" relativeResultsDirectory="a5cfe7d9-247d-4f33-9090-de4f8e7ab13a" />
    <UnitTestResult executionId="7614928b-ba6b-4b16-885b-a4d89a8d5b3f" testId="141e191c-4442-3208-46fe-8e00c7caaf9d" testName="ValidateInformation_DevicesCountUsingOneLicense_Shown_WhenTheCountIsSeven" computerName="DKSR-EFI-04" duration="00:00:00.0024799" startTime="2023-12-22T09:33:44.5844320+01:00" endTime="2023-12-22T09:33:44.5844320+01:00" testType="13cdc9d9-ddb5-4fa4-a97d-d965ccfc6d4b" outcome="Passed" testListId="8c84fa94-04c1-424b-9868-57a2d4851a1d" relativeResultsDirectory="7614928b-ba6b-4b16-885b-a4d89a8d5b3f" />
    <UnitTestResult executionId="3fe87ba8-f982-4b6d-9d79-24b9daa6f989" testId="fc98a4b7-aece-e9da-731a-dcf2a445b7e5" testName="LocalCommandProcessorResponseCollector_GetNextResponse_Cancelled" computerName="DKSR-EFI-04" duration="00:00:00.0036805" startTime="2023-12-22T09:33:47.5531977+01:00" endTime="2023-12-22T09:33:47.5688228+01:00" testType="13cdc9d9-ddb5-4fa4-a97d-d965ccfc6d4b" outcome="Passed" testListId="8c84fa94-04c1-424b-9868-57a2d4851a1d" relativeResultsDirectory="3fe87ba8-f982-4b6d-9d79-24b9daa6f989" />
    <UnitTestResult executionId="f138f62b-0905-4345-a466-d4fa3bee9f14" testId="d4b3302b-02c0-4efc-6701-22737dcd2b3e" testName="ConstructorFromPtzArgs_MakesADeepCopy_Always" computerName="DKSR-EFI-04" duration="00:00:00.0016187" startTime="2023-12-22T09:33:44.9125597+01:00" endTime="2023-12-22T09:33:44.9125597+01:00" testType="13cdc9d9-ddb5-4fa4-a97d-d965ccfc6d4b" outcome="Passed" testListId="8c84fa94-04c1-424b-9868-57a2d4851a1d" relativeResultsDirectory="f138f62b-0905-4345-a466-d4fa3bee9f14" />
    <UnitTestResult executionId="90cc28de-0c25-48cc-ba2b-d3479218bd97" testId="4289ec90-7f3b-b6e9-b992-b3870017d468" testName="HardwareInfo_DriverNumberRemembered_Success" computerName="DKSR-EFI-04" duration="00:00:00.0005219" startTime="2023-12-22T09:33:37.5531484+01:00" endTime="2023-12-22T09:33:37.5531484+01:00" testType="13cdc9d9-ddb5-4fa4-a97d-d965ccfc6d4b" outcome="Passed" testListId="8c84fa94-04c1-424b-9868-57a2d4851a1d" relativeResultsDirectory="90cc28de-0c25-48cc-ba2b-d3479218bd97" />
    <UnitTestResult executionId="90307065-de4c-4700-9813-354c4f4d4b73" testId="494eaabe-4fb2-b802-16bf-4589390d21c1" testName="FeatureManager_GetFeatureParameterValueT_Parameter_Not_Found" computerName="DKSR-EFI-04" duration="00:00:00.0008239" startTime="2023-12-22T09:33:37.3968994+01:00" endTime="2023-12-22T09:33:37.3968994+01:00" testType="13cdc9d9-ddb5-4fa4-a97d-d965ccfc6d4b" outcome="Passed" testListId="8c84fa94-04c1-424b-9868-57a2d4851a1d" relativeResultsDirectory="90307065-de4c-4700-9813-354c4f4d4b73" />
    <UnitTestResult executionId="35f04774-3dda-48a9-b3de-3de4218b6475" testId="99beb515-9b50-ddb8-28f4-fe7b9cfb3d55" testName="Transform" computerName="DKSR-EFI-04" duration="00:00:00.0008500" startTime="2023-12-22T09:33:46.8188178+01:00" endTime="2023-12-22T09:33:46.8188178+01:00" testType="13cdc9d9-ddb5-4fa4-a97d-d965ccfc6d4b" outcome="Passed" testListId="8c84fa94-04c1-424b-9868-57a2d4851a1d" relativeResultsDirectory="35f04774-3dda-48a9-b3de-3de4218b6475" />
    <UnitTestResult executionId="441025e2-778f-417d-b0a1-88f8b7b39379" testId="9a37961d-285f-d717-1fca-052a6bf88ce6" testName="PrepareMoveHardwareResponseModel_NoValuesSet_ValidationFailure" computerName="DKSR-EFI-04" duration="00:00:00.0014116" startTime="2023-12-22T09:33:30.1781150+01:00" endTime="2023-12-22T09:33:30.1781150+01:00" testType="13cdc9d9-ddb5-4fa4-a97d-d965ccfc6d4b" outcome="Passed" testListId="8c84fa94-04c1-424b-9868-57a2d4851a1d" relativeResultsDirectory="441025e2-778f-417d-b0a1-88f8b7b39379" />
    <UnitTestResult executionId="60699a2e-05ce-4ace-b761-cd23b58f80dd" testId="0bfcb691-8cb2-7cf6-89b7-031596f613b8" testName="CreateHttpsUri_EmptyString_PortSpecified_ThrowsInvalidOperationException" computerName="DKSR-EFI-04" duration="00:00:00.0005539" startTime="2023-12-22T09:33:47.3815519+01:00" endTime="2023-12-22T09:33:47.3815519+01:00" testType="13cdc9d9-ddb5-4fa4-a97d-d965ccfc6d4b" outcome="Passed" testListId="8c84fa94-04c1-424b-9868-57a2d4851a1d" relativeResultsDirectory="60699a2e-05ce-4ace-b761-cd23b58f80dd" />
    <UnitTestResult executionId="e09af343-389a-4c50-8ea1-08f26c91578a" testId="e0c894ce-4b08-1cac-07fc-0d570b990102" testName="GetAggregateFeeds_UpdateTotalFeedCountsAcrossAllHardware_SucceedWhen_MacAddressInHardwareDictionary" computerName="DKSR-EFI-04" duration="00:00:00.0010512" startTime="2023-12-22T09:33:37.5062729+01:00" endTime="2023-12-22T09:33:37.5062729+01:00" testType="13cdc9d9-ddb5-4fa4-a97d-d965ccfc6d4b" outcome="Passed" testListId="8c84fa94-04c1-424b-9868-57a2d4851a1d" relativeResultsDirectory="e09af343-389a-4c50-8ea1-08f26c91578a" />
    <UnitTestResult executionId="13a82080-e6b2-47a8-a01d-0207c16ad971" testId="d81cc02c-d191-38d5-2d26-28f305b2fa49" testName="CalculateLicenseRequirements_DeviceAndModel_Whitelisted_HardwareWithMultipleCameraDevicesCountsAsSingleLicenses_ReturnsTrue" computerName="DKSR-EFI-04" duration="00:00:00.0012429" startTime="2023-12-22T09:33:37.9281496+01:00" endTime="2023-12-22T09:33:37.9281496+01:00" testType="13cdc9d9-ddb5-4fa4-a97d-d965ccfc6d4b" outcome="Passed" testListId="8c84fa94-04c1-424b-9868-57a2d4851a1d" relativeResultsDirectory="13a82080-e6b2-47a8-a01d-0207c16ad971" />
    <UnitTestResult executionId="a7c9c3e6-65f1-4db9-abc1-8eee343fb4fa" testId="6986fc2f-124d-e182-9075-98049f0ee571" testName="Validate_ExactMatch_Found_Success" computerName="DKSR-EFI-04" duration="00:00:00.0001779" startTime="2023-12-22T09:33:44.8188088+01:00" endTime="2023-12-22T09:33:44.8188088+01:00" testType="13cdc9d9-ddb5-4fa4-a97d-d965ccfc6d4b" outcome="Passed" testListId="8c84fa94-04c1-424b-9868-57a2d4851a1d" relativeResultsDirectory="a7c9c3e6-65f1-4db9-abc1-8eee343fb4fa" />
    <UnitTestResult executionId="e9204b8e-2855-4c62-8271-e2a9ce3fdd9f" testId="afaf7d5c-e759-9810-8c50-94b281cf741c" testName="ServerFileStorage_GetStorage_DoesNotExist_ReturnsNull" computerName="DKSR-EFI-04" duration="00:00:00.0001304" startTime="2023-12-22T09:33:28.9906071+01:00" endTime="2023-12-22T09:33:28.9906071+01:00" testType="13cdc9d9-ddb5-4fa4-a97d-d965ccfc6d4b" outcome="Passed" testListId="8c84fa94-04c1-424b-9868-57a2d4851a1d" relativeResultsDirectory="e9204b8e-2855-4c62-8271-e2a9ce3fdd9f" />
    <UnitTestResult executionId="54ecc370-fef2-495e-ab76-2390946225bd" testId="b68ad0b5-7976-f8aa-6677-e303aa93b712" testName="ExecuteRuleActionsModel_Validate_Success" computerName="DKSR-EFI-04" duration="00:00:00.0047151" startTime="2023-12-22T09:33:30.1156107+01:00" endTime="2023-12-22T09:33:30.1156107+01:00" testType="13cdc9d9-ddb5-4fa4-a97d-d965ccfc6d4b" outcome="Passed" testListId="8c84fa94-04c1-424b-9868-57a2d4851a1d" relativeResultsDirectory="54ecc370-fef2-495e-ab76-2390946225bd" />
    <UnitTestResult executionId="0bceec45-25ae-4688-9942-d83c85072997" testId="819c0979-239a-1bbe-8aec-82c5d15d99c9" testName="TokenHandler_CheckToken (Data Row 0)" computerName="DKSR-EFI-04" duration="00:00:00.0957462" startTime="2023-12-22T09:33:32.5843740+01:00" endTime="2023-12-22T09:33:33.0062516+01:00" testType="13cdc9d9-ddb5-4fa4-a97d-d965ccfc6d4b" outcome="Passed" testListId="8c84fa94-04c1-424b-9868-57a2d4851a1d" relativeResultsDirectory="0bceec45-25ae-4688-9942-d83c85072997">
      <Output>
        <StdOut>Debug Trace:&#xD;
Token created: TOKEN#0ec186fe-4523-4ee2-a419-9aba1075ed75##</StdOut>
      </Output>
    </UnitTestResult>
    <UnitTestResult executionId="4904d0f6-f97e-47bf-9b13-7a9bb60009b0" testId="3cfb3e4a-a588-41b8-d05d-06d5557ea14d" testName="VersionExtensions_GetVersionDisplayValue_Success" computerName="DKSR-EFI-04" duration="00:00:00.0005861" startTime="2023-12-22T09:33:44.8969344+01:00" endTime="2023-12-22T09:33:44.8969344+01:00" testType="13cdc9d9-ddb5-4fa4-a97d-d965ccfc6d4b" outcome="Passed" testListId="8c84fa94-04c1-424b-9868-57a2d4851a1d" relativeResultsDirectory="4904d0f6-f97e-47bf-9b13-7a9bb60009b0" />
    <UnitTestResult executionId="55c7b5f6-7dcc-44c8-b998-79bd308f9bf1" testId="0f4f5e48-3a23-0fad-b4a2-fc4750dda3cd" testName="BaseHtmlLicenseReport_CreateImage_NoClassName_Success" computerName="DKSR-EFI-04" duration="00:00:00.0004575" startTime="2023-12-22T09:33:37.1937698+01:00" endTime="2023-12-22T09:33:37.1937698+01:00" testType="13cdc9d9-ddb5-4fa4-a97d-d965ccfc6d4b" outcome="Passed" testListId="8c84fa94-04c1-424b-9868-57a2d4851a1d" relativeResultsDirectory="55c7b5f6-7dcc-44c8-b998-79bd308f9bf1" />
    <UnitTestResult executionId="c7cafda8-31ef-4e33-9770-6a319db0396c" testId="c464605a-08ee-c960-9bad-25e97cc754de" testName="FeatureManager_TryGetFeatureParameterValue_License_Doc_Null" computerName="DKSR-EFI-04" duration="00:00:00.0004134" startTime="2023-12-22T09:33:37.3656475+01:00" endTime="2023-12-22T09:33:37.3656475+01:00" testType="13cdc9d9-ddb5-4fa4-a97d-d965ccfc6d4b" outcome="Passed" testListId="8c84fa94-04c1-424b-9868-57a2d4851a1d" relativeResultsDirectory="c7cafda8-31ef-4e33-9770-6a319db0396c" />
    <UnitTestResult executionId="1ec5c816-9ac7-4c9b-b0d9-414506bf2287" testId="73abd58e-eeb8-37a8-f96f-3a79da305108" testName="DataSetUtility_UpdateLastModified_Null_Throws_ArgumentNullException" computerName="DKSR-EFI-04" duration="00:00:00.0040360" startTime="2023-12-22T09:33:23.0218259+01:00" endTime="2023-12-22T09:33:23.0374511+01:00" testType="13cdc9d9-ddb5-4fa4-a97d-d965ccfc6d4b" outcome="Passed" testListId="8c84fa94-04c1-424b-9868-57a2d4851a1d" relativeResultsDirectory="1ec5c816-9ac7-4c9b-b0d9-414506bf2287">
      <Output>
        <StdOut>Debug Trace:&#xD;
Fail: Argument null.</StdOut>
      </Output>
    </UnitTestResult>
    <UnitTestResult executionId="bc7193f4-77e8-4efb-81a2-d64efd0b7d1b" testId="a509dfdd-8764-27a2-6db8-49cb72fabfb2" testName="IsDeviceLicensed_TwoActivatedAndOneGrace_OnActivatedICPDevice" computerName="DKSR-EFI-04" duration="00:00:00.0038334" startTime="2023-12-22T09:33:44.4125582+01:00" endTime="2023-12-22T09:33:44.4281837+01:00" testType="13cdc9d9-ddb5-4fa4-a97d-d965ccfc6d4b" outcome="Passed" testListId="8c84fa94-04c1-424b-9868-57a2d4851a1d" relativeResultsDirectory="bc7193f4-77e8-4efb-81a2-d64efd0b7d1b" />
    <UnitTestResult executionId="9e67544f-5450-40c3-adb4-f8ee82b83f13" testId="d7e36271-2848-2d0b-2171-f4332152f766" testName="Encrypt_DataSetHasModifiedRow_DataSetIsEncrypted" computerName="DKSR-EFI-04" duration="00:00:00.0021994" startTime="2023-12-22T09:33:46.4750685+01:00" endTime="2023-12-22T09:33:46.4750685+01:00" testType="13cdc9d9-ddb5-4fa4-a97d-d965ccfc6d4b" outcome="Passed" testListId="8c84fa94-04c1-424b-9868-57a2d4851a1d" relativeResultsDirectory="9e67544f-5450-40c3-adb4-f8ee82b83f13" />
    <UnitTestResult executionId="4ab8f0b2-7735-4c86-9f14-3397d7ca7b44" testId="4512c517-1140-ea2e-3ea2-ad7a703260fc" testName="TestIncreaseNumberOfRegionsWithInvalidFactor" computerName="DKSR-EFI-04" duration="00:00:00.0004435" startTime="2023-12-22T09:33:46.2563168+01:00" endTime="2023-12-22T09:33:46.2563168+01:00" testType="13cdc9d9-ddb5-4fa4-a97d-d965ccfc6d4b" outcome="Passed" testListId="8c84fa94-04c1-424b-9868-57a2d4851a1d" relativeResultsDirectory="4ab8f0b2-7735-4c86-9f14-3397d7ca7b44" />
    <UnitTestResult executionId="2811321e-7ed5-4c4a-bc20-2b89f8269712" testId="241c892b-a0fb-8e5c-8a30-537a8129ceb1" testName="CertificateSelection2_FromCertificateHashString_EmptyString_ReturnNoSelection" computerName="DKSR-EFI-04" duration="00:00:00.0004439" startTime="2023-12-22T09:33:47.7250744+01:00" endTime="2023-12-22T09:33:47.7250744+01:00" testType="13cdc9d9-ddb5-4fa4-a97d-d965ccfc6d4b" outcome="Passed" testListId="8c84fa94-04c1-424b-9868-57a2d4851a1d" relativeResultsDirectory="2811321e-7ed5-4c4a-bc20-2b89f8269712" />
    <UnitTestResult executionId="6f36699e-f904-4654-a024-269ef20d46cc" testId="77ba8355-8c34-377b-c16f-9aec4c9acdf8" testName="RefCountedObjectWrapper_Dispose_Success" computerName="DKSR-EFI-04" duration="00:00:00.0005431" startTime="2023-12-22T09:33:30.6156140+01:00" endTime="2023-12-22T09:33:30.6312385+01:00" testType="13cdc9d9-ddb5-4fa4-a97d-d965ccfc6d4b" outcome="Passed" testListId="8c84fa94-04c1-424b-9868-57a2d4851a1d" relativeResultsDirectory="6f36699e-f904-4654-a024-269ef20d46cc" />
    <UnitTestResult executionId="7ce516a2-afd3-4a85-b51e-9ee1e4eea63b" testId="034cacf8-9f7d-400e-afbf-7d73cb71f548" testName="ReadAttributeAsInt32_ElementNull" computerName="DKSR-EFI-04" duration="00:00:00.0005384" startTime="2023-12-22T09:33:23.8030810+01:00" endTime="2023-12-22T09:33:23.8030810+01:00" testType="13cdc9d9-ddb5-4fa4-a97d-d965ccfc6d4b" outcome="Passed" testListId="8c84fa94-04c1-424b-9868-57a2d4851a1d" relativeResultsDirectory="7ce516a2-afd3-4a85-b51e-9ee1e4eea63b" />
    <UnitTestResult executionId="c495fe24-3a06-4bc8-bfd9-33f2049771ce" testId="1accfd8a-0a38-1368-de38-ea2f36422228" testName="TestMergeGridAreaWithValidAreasSecondIsLarger" computerName="DKSR-EFI-04" duration="00:00:00.0004084" startTime="2023-12-22T09:33:46.1938137+01:00" endTime="2023-12-22T09:33:46.1938137+01:00" testType="13cdc9d9-ddb5-4fa4-a97d-d965ccfc6d4b" outcome="Passed" testListId="8c84fa94-04c1-424b-9868-57a2d4851a1d" relativeResultsDirectory="c495fe24-3a06-4bc8-bfd9-33f2049771ce" />
    <UnitTestResult executionId="73df47f1-fac1-4798-b1ce-f6507e6bd7d5" testId="7fc5a7e1-ad16-5239-3d39-0cbfb8752fdc" testName="HttpClientCommunicatorWrapper_SendAsyncTObj_CommunicationException" computerName="DKSR-EFI-04" duration="00:00:00.0011168" startTime="2023-12-22T09:33:30.9437398+01:00" endTime="2023-12-22T09:33:30.9437398+01:00" testType="13cdc9d9-ddb5-4fa4-a97d-d965ccfc6d4b" outcome="Passed" testListId="8c84fa94-04c1-424b-9868-57a2d4851a1d" relativeResultsDirectory="73df47f1-fac1-4798-b1ce-f6507e6bd7d5" />
    <UnitTestResult executionId="5a837183-f0fd-493c-b25b-599b9ff83053" testId="86ee03b2-bd8d-d29f-bf3c-2d1d1f984432" testName="LicenseDocument_RetrievesSystemBuilderManufacturerId_Success" computerName="DKSR-EFI-04" duration="00:00:00.0020230" startTime="2023-12-22T09:33:44.3813087+01:00" endTime="2023-12-22T09:33:44.3813087+01:00" testType="13cdc9d9-ddb5-4fa4-a97d-d965ccfc6d4b" outcome="Passed" testListId="8c84fa94-04c1-424b-9868-57a2d4851a1d" relativeResultsDirectory="5a837183-f0fd-493c-b25b-599b9ff83053" />
    <UnitTestResult executionId="b90ca691-5628-46f8-827a-23142e47aad8" testId="788aa55b-4949-5015-673f-608c519bb0a1" testName="ModelValidation_RequiredPropertiesAreNull_Failed" computerName="DKSR-EFI-04" duration="00:00:00.0014931" startTime="2023-12-22T09:33:31.3499932+01:00" endTime="2023-12-22T09:33:31.3499932+01:00" testType="13cdc9d9-ddb5-4fa4-a97d-d965ccfc6d4b" outcome="Passed" testListId="8c84fa94-04c1-424b-9868-57a2d4851a1d" relativeResultsDirectory="b90ca691-5628-46f8-827a-23142e47aad8" />
    <UnitTestResult executionId="a2b78041-668c-4fe1-9f18-360a6fb4850d" testId="e54e8398-05b8-9da0-90dc-32e4daffe725" testName="FindFrameIdx_TimeBtwF2F3" computerName="DKSR-EFI-04" duration="00:00:00.0005576" startTime="2023-12-22T09:33:24.2874584+01:00" endTime="2023-12-22T09:33:24.2874584+01:00" testType="13cdc9d9-ddb5-4fa4-a97d-d965ccfc6d4b" outcome="Passed" testListId="8c84fa94-04c1-424b-9868-57a2d4851a1d" relativeResultsDirectory="a2b78041-668c-4fe1-9f18-360a6fb4850d" />
    <UnitTestResult executionId="0edec0b3-c68d-4824-8cbc-6c51a5ef4f5f" testId="0ba4b513-76a8-253a-52cc-0f1c069b1568" testName="SendOnlyEndpoint_EndpointNull_ArgumentNullExceptionThrown" computerName="DKSR-EFI-04" duration="00:00:00.0044152" startTime="2023-12-22T09:33:20.7718170+01:00" endTime="2023-12-22T09:33:20.7718170+01:00" testType="13cdc9d9-ddb5-4fa4-a97d-d965ccfc6d4b" outcome="Passed" testListId="8c84fa94-04c1-424b-9868-57a2d4851a1d" relativeResultsDirectory="0edec0b3-c68d-4824-8cbc-6c51a5ef4f5f">
      <Output>
        <StdOut>Debug Trace:&#xD;
Fail: Argument null</StdOut>
      </Output>
    </UnitTestResult>
    <UnitTestResult executionId="aea9c386-e573-41d4-8aa8-e2eb617eb72b" testId="39dc3075-04fc-82df-3916-06d2414a6be6" testName="Call_HttpPost_InvalidParam_DataToPostNull_ThrowsArgumentNullException" computerName="DKSR-EFI-04" duration="00:00:00.0006754" startTime="2023-12-22T09:33:47.1000727+01:00" endTime="2023-12-22T09:33:47.1157506+01:00" testType="13cdc9d9-ddb5-4fa4-a97d-d965ccfc6d4b" outcome="Passed" testListId="8c84fa94-04c1-424b-9868-57a2d4851a1d" relativeResultsDirectory="aea9c386-e573-41d4-8aa8-e2eb617eb72b" />
    <UnitTestResult executionId="f027e0cd-2019-4dea-a628-67db05585cb7" testId="1577e01b-61ec-7648-0156-43516217bda3" testName="ReadAttributeAsInt32_SunnyDay" computerName="DKSR-EFI-04" duration="00:00:00.0004441" startTime="2023-12-22T09:33:23.8030810+01:00" endTime="2023-12-22T09:33:23.8030810+01:00" testType="13cdc9d9-ddb5-4fa4-a97d-d965ccfc6d4b" outcome="Passed" testListId="8c84fa94-04c1-424b-9868-57a2d4851a1d" relativeResultsDirectory="f027e0cd-2019-4dea-a628-67db05585cb7" />
    <UnitTestResult executionId="22a4fcbd-f019-4f36-9ebc-840390b03bbc" testId="2c5af7c3-c486-9f5c-c05d-ad45a428b434" testName="Decrypt_DataSetHasEmptyPassword_PasswordIsStillEmpty" computerName="DKSR-EFI-04" duration="00:00:00.0052608" startTime="2023-12-22T09:33:46.3500667+01:00" endTime="2023-12-22T09:33:46.3500667+01:00" testType="13cdc9d9-ddb5-4fa4-a97d-d965ccfc6d4b" outcome="Passed" testListId="8c84fa94-04c1-424b-9868-57a2d4851a1d" relativeResultsDirectory="22a4fcbd-f019-4f36-9ebc-840390b03bbc" />
    <UnitTestResult executionId="5225425d-512a-43fa-9700-ffdbf88a9db0" testId="0f71beb8-8234-9e66-2883-a16e9eed4485" testName="TestMergeGridAreaWithNonIntegerScalingFactorSecondAreaLarger" computerName="DKSR-EFI-04" duration="00:00:00.0004823" startTime="2023-12-22T09:33:46.1781910+01:00" endTime="2023-12-22T09:33:46.1781910+01:00" testType="13cdc9d9-ddb5-4fa4-a97d-d965ccfc6d4b" outcome="Passed" testListId="8c84fa94-04c1-424b-9868-57a2d4851a1d" relativeResultsDirectory="5225425d-512a-43fa-9700-ffdbf88a9db0" />
    <UnitTestResult executionId="1b6c9e63-d1c1-40ec-8ecf-2abd71eaf4ac" testId="0124b36c-4a3e-85d8-2f91-7ab6304bf214" testName="ProcessDifferentCommandsOnASingleBulkCommand" computerName="DKSR-EFI-04" duration="00:00:00.0012337" startTime="2023-12-22T09:33:36.5843946+01:00" endTime="2023-12-22T09:33:36.5843946+01:00" testType="13cdc9d9-ddb5-4fa4-a97d-d965ccfc6d4b" outcome="Passed" testListId="8c84fa94-04c1-424b-9868-57a2d4851a1d" relativeResultsDirectory="1b6c9e63-d1c1-40ec-8ecf-2abd71eaf4ac" />
    <UnitTestResult executionId="2a1a0022-b749-405c-8ec2-f10f91f09af8" testId="c3025f79-154d-b3d8-2628-747ede223d4f" testName="PtzPreset_EqualsTo_Change_Locked" computerName="DKSR-EFI-04" duration="00:00:00.0003113" startTime="2023-12-22T09:33:24.4749606+01:00" endTime="2023-12-22T09:33:24.4749606+01:00" testType="13cdc9d9-ddb5-4fa4-a97d-d965ccfc6d4b" outcome="Passed" testListId="8c84fa94-04c1-424b-9868-57a2d4851a1d" relativeResultsDirectory="2a1a0022-b749-405c-8ec2-f10f91f09af8" />
    <UnitTestResult executionId="001221e9-1e87-4244-9d83-04de480b9b64" testId="a8648c26-4319-bb26-b61e-ef35fbb1dda5" testName="CreateHttpsUri_NoSchemeWithPort_UseDefaultPortTrue_BecomesHttpsPort443" computerName="DKSR-EFI-04" duration="00:00:00.0002158" startTime="2023-12-22T09:33:47.4750728+01:00" endTime="2023-12-22T09:33:47.4750728+01:00" testType="13cdc9d9-ddb5-4fa4-a97d-d965ccfc6d4b" outcome="Passed" testListId="8c84fa94-04c1-424b-9868-57a2d4851a1d" relativeResultsDirectory="001221e9-1e87-4244-9d83-04de480b9b64" />
    <UnitTestResult executionId="0b0d6fd0-10a2-4fde-9ef0-a12229969b35" testId="ffb4cf84-136a-5ffc-e042-30138822b484" testName="LicenseDocument_GetParameterValue_SmartWallExpireDate" computerName="DKSR-EFI-04" duration="00:00:00.0063072" startTime="2023-12-22T09:33:44.2875585+01:00" endTime="2023-12-22T09:33:44.3031837+01:00" testType="13cdc9d9-ddb5-4fa4-a97d-d965ccfc6d4b" outcome="Passed" testListId="8c84fa94-04c1-424b-9868-57a2d4851a1d" relativeResultsDirectory="0b0d6fd0-10a2-4fde-9ef0-a12229969b35" />
    <UnitTestResult executionId="6dd4c3fb-1824-49f6-b473-970ccc4622ab" testId="16023dce-6bbf-b91f-4c41-62bf6f7e7493" testName="CreateInstance_ValidName_InvalidSearchMethod_null_DefaultToPartial" computerName="DKSR-EFI-04" duration="00:00:00.0031981" startTime="2023-12-22T09:33:44.8031840+01:00" endTime="2023-12-22T09:33:44.8031840+01:00" testType="13cdc9d9-ddb5-4fa4-a97d-d965ccfc6d4b" outcome="Passed" testListId="8c84fa94-04c1-424b-9868-57a2d4851a1d" relativeResultsDirectory="6dd4c3fb-1824-49f6-b473-970ccc4622ab" />
    <UnitTestResult executionId="b4c08772-e977-48bc-a4fc-59900b75e116" testId="53eedc35-0123-bdb1-f0ec-70b902f09ce6" testName="FeatureManager_TryGetFeatureParameterValueT_Enum_Invalid_Value" computerName="DKSR-EFI-04" duration="00:00:00.0004250" startTime="2023-12-22T09:33:37.4437738+01:00" endTime="2023-12-22T09:33:37.4437738+01:00" testType="13cdc9d9-ddb5-4fa4-a97d-d965ccfc6d4b" outcome="Passed" testListId="8c84fa94-04c1-424b-9868-57a2d4851a1d" relativeResultsDirectory="b4c08772-e977-48bc-a4fc-59900b75e116" />
    <UnitTestResult executionId="48c1e8a4-7975-495f-ba5d-22e01b65e524" testId="d51a3945-9760-b3de-3fd2-b81f472ff315" testName="HttpClientCommunicatorWrapper_SendTObjTRet_Success" computerName="DKSR-EFI-04" duration="00:00:00.0024221" startTime="2023-12-22T09:33:30.9593681+01:00" endTime="2023-12-22T09:33:30.9593681+01:00" testType="13cdc9d9-ddb5-4fa4-a97d-d965ccfc6d4b" outcome="Passed" testListId="8c84fa94-04c1-424b-9868-57a2d4851a1d" relativeResultsDirectory="48c1e8a4-7975-495f-ba5d-22e01b65e524" />
    <UnitTestResult executionId="7ac1c81e-6d5e-46b0-bf5e-3a886393c753" testId="612755b7-0cdf-3803-c661-b5db677ed1a2" testName="TestSetRegionWithRadiusThrowsIfRadiusIsInvalid" computerName="DKSR-EFI-04" duration="00:00:00.0003493" startTime="2023-12-22T09:33:46.2250709+01:00" endTime="2023-12-22T09:33:46.2250709+01:00" testType="13cdc9d9-ddb5-4fa4-a97d-d965ccfc6d4b" outcome="Passed" testListId="8c84fa94-04c1-424b-9868-57a2d4851a1d" relativeResultsDirectory="7ac1c81e-6d5e-46b0-bf5e-3a886393c753" />
    <UnitTestResult executionId="0809336d-1a1d-47e9-9b1e-48beff889ece" testId="5b4205d8-c74c-054d-0f0f-0690b6905908" testName="ModelValidation_RequiredPropertiesAreNull_Failed" computerName="DKSR-EFI-04" duration="00:00:00.0022281" startTime="2023-12-22T09:33:31.7562436+01:00" endTime="2023-12-22T09:33:31.7562436+01:00" testType="13cdc9d9-ddb5-4fa4-a97d-d965ccfc6d4b" outcome="Passed" testListId="8c84fa94-04c1-424b-9868-57a2d4851a1d" relativeResultsDirectory="0809336d-1a1d-47e9-9b1e-48beff889ece" />
    <UnitTestResult executionId="7cdf562b-5468-455b-b5b0-90a84417a7c2" testId="ba3c0ef1-85c7-cb23-d4ed-21987be2659c" testName="SystemConfigurationModel_Validate_Success" computerName="DKSR-EFI-04" duration="00:00:00.0017856" startTime="2023-12-22T09:33:31.6781206+01:00" endTime="2023-12-22T09:33:31.6781206+01:00" testType="13cdc9d9-ddb5-4fa4-a97d-d965ccfc6d4b" outcome="Passed" testListId="8c84fa94-04c1-424b-9868-57a2d4851a1d" relativeResultsDirectory="7cdf562b-5468-455b-b5b0-90a84417a7c2" />
    <UnitTestResult executionId="ea1e8e9d-32ee-4ce1-a0ab-03e25c04a2f8" testId="9e32d489-1b7f-4162-4f60-2c6c32595e74" testName="Receive_InvalidOperationExceptionThrown_ExceptionLoggedAndDefaultValueReturned" computerName="DKSR-EFI-04" duration="00:00:00.0952389" startTime="2023-12-22T09:33:21.2561939+01:00" endTime="2023-12-22T09:33:21.3499443+01:00" testType="13cdc9d9-ddb5-4fa4-a97d-d965ccfc6d4b" outcome="Passed" testListId="8c84fa94-04c1-424b-9868-57a2d4851a1d" relativeResultsDirectory="ea1e8e9d-32ee-4ce1-a0ab-03e25c04a2f8" />
    <UnitTestResult executionId="bb6e148c-05ce-4ad9-b672-cbdd71bbd1e1" testId="593585a6-465f-1c6a-563c-a1e9a0b919bc" testName="LicenseActivationService_AcquireLicense_LicenseNotAllowed_ToManyHardwareRequested" computerName="DKSR-EFI-04" duration="00:00:00.0029315" startTime="2023-12-22T09:33:37.8344009+01:00" endTime="2023-12-22T09:33:37.8344009+01:00" testType="13cdc9d9-ddb5-4fa4-a97d-d965ccfc6d4b" outcome="Passed" testListId="8c84fa94-04c1-424b-9868-57a2d4851a1d" relativeResultsDirectory="bb6e148c-05ce-4ad9-b672-cbdd71bbd1e1" />
    <UnitTestResult executionId="37ff7db1-7b20-4bb3-a876-84d7bf4f9e16" testId="e47bed73-f08e-d72d-b4a2-7822c9928a05" testName="CreateHardwareLicenseCountEvaluatorChannel_CallUpdateLicenseInfo_DriverIsInWhiteList_ReturnsTrueAndChannelLicenseCountIsOne" computerName="DKSR-EFI-04" duration="00:00:00.0004224" startTime="2023-12-22T09:33:37.6312731+01:00" endTime="2023-12-22T09:33:37.6312731+01:00" testType="13cdc9d9-ddb5-4fa4-a97d-d965ccfc6d4b" outcome="Passed" testListId="8c84fa94-04c1-424b-9868-57a2d4851a1d" relativeResultsDirectory="37ff7db1-7b20-4bb3-a876-84d7bf4f9e16" />
    <UnitTestResult executionId="69724f58-81ab-4211-b313-55d4753eda58" testId="de4e9341-6c70-1466-d97b-50164787f46d" testName="GetPresetByKey_ByNameWhenNumberedPresetWithSuchIdExists" computerName="DKSR-EFI-04" duration="00:00:00.0005346" startTime="2023-12-22T09:33:24.4593361+01:00" endTime="2023-12-22T09:33:24.4593361+01:00" testType="13cdc9d9-ddb5-4fa4-a97d-d965ccfc6d4b" outcome="Passed" testListId="8c84fa94-04c1-424b-9868-57a2d4851a1d" relativeResultsDirectory="69724f58-81ab-4211-b313-55d4753eda58" />
    <UnitTestResult executionId="df4582a0-5004-4f69-ae64-ae8471917261" testId="5f6365db-4f29-5b2f-fbde-a8e68630820f" testName="SystemSettingTableAdapter_Decrypt_OtherSettingUnchanged" computerName="DKSR-EFI-04" duration="00:00:00.0019323" startTime="2023-12-22T09:33:46.8656956+01:00" endTime="2023-12-22T09:33:46.8813203+01:00" testType="13cdc9d9-ddb5-4fa4-a97d-d965ccfc6d4b" outcome="Passed" testListId="8c84fa94-04c1-424b-9868-57a2d4851a1d" relativeResultsDirectory="df4582a0-5004-4f69-ae64-ae8471917261" />
    <UnitTestResult executionId="6dc486c4-2a23-4af1-a3c2-f9a3e3db07eb" testId="ba492782-2ba9-bc32-a0f5-14d8ba297611" testName="FindFrameIdx_TimeAfterF3" computerName="DKSR-EFI-04" duration="00:00:00.0005655" startTime="2023-12-22T09:33:24.3030845+01:00" endTime="2023-12-22T09:33:24.3030845+01:00" testType="13cdc9d9-ddb5-4fa4-a97d-d965ccfc6d4b" outcome="Passed" testListId="8c84fa94-04c1-424b-9868-57a2d4851a1d" relativeResultsDirectory="6dc486c4-2a23-4af1-a3c2-f9a3e3db07eb" />
    <UnitTestResult executionId="644be104-737b-4bc7-9173-420904b28374" testId="e383c712-b012-a5d0-3339-d1060b601c1b" testName="FeatureManager_HasLicense_WithoutLicense_ReturnFalse" computerName="DKSR-EFI-04" duration="00:00:00.0002429" startTime="2023-12-22T09:33:37.4437738+01:00" endTime="2023-12-22T09:33:37.4437738+01:00" testType="13cdc9d9-ddb5-4fa4-a97d-d965ccfc6d4b" outcome="Passed" testListId="8c84fa94-04c1-424b-9868-57a2d4851a1d" relativeResultsDirectory="644be104-737b-4bc7-9173-420904b28374" />
    <UnitTestResult executionId="5430dc53-9155-4411-b739-83c12c45aa38" testId="87defa7e-30d9-0886-707b-7473c8e30dff" testName="CreateInstance_SaveSettings_AllowInsecureIsTrue_Success" computerName="DKSR-EFI-04" duration="00:00:00.0031890" startTime="2023-12-22T09:33:32.4281244+01:00" endTime="2023-12-22T09:33:32.4281244+01:00" testType="13cdc9d9-ddb5-4fa4-a97d-d965ccfc6d4b" outcome="Passed" testListId="8c84fa94-04c1-424b-9868-57a2d4851a1d" relativeResultsDirectory="5430dc53-9155-4411-b739-83c12c45aa38" />
    <UnitTestResult executionId="20c9a2fe-89c5-4e6c-abd6-dad2368846c1" testId="e7d37444-87df-9275-4bcf-bc12b4a83186" testName="StreamsConfiguration_ValidateConfiguration_Only_One_Stream_Allowed" computerName="DKSR-EFI-04" duration="00:00:00.0075313" startTime="2023-12-22T09:33:29.6156141+01:00" endTime="2023-12-22T09:33:29.6156141+01:00" testType="13cdc9d9-ddb5-4fa4-a97d-d965ccfc6d4b" outcome="Passed" testListId="8c84fa94-04c1-424b-9868-57a2d4851a1d" relativeResultsDirectory="20c9a2fe-89c5-4e6c-abd6-dad2368846c1" />
    <UnitTestResult executionId="75ff814e-4a3d-4532-89a6-256766ff532f" testId="f09cfc71-d460-2af4-70fc-ccb7ff1f2664" testName="WhiteList_IsHardwareWhiteListed_DriverNotWhiteListedModelNameNull_ReturnsFalse" computerName="DKSR-EFI-04" duration="00:00:00.0005178" startTime="2023-12-22T09:33:44.6938088+01:00" endTime="2023-12-22T09:33:44.6938088+01:00" testType="13cdc9d9-ddb5-4fa4-a97d-d965ccfc6d4b" outcome="Passed" testListId="8c84fa94-04c1-424b-9868-57a2d4851a1d" relativeResultsDirectory="75ff814e-4a3d-4532-89a6-256766ff532f" />
    <UnitTestResult executionId="be0ab054-3c46-45c6-9116-575e7bf954ff" testId="cc4d39a4-535b-e6c0-60e2-26d98716b63d" testName="Index_RemoveEntry_Removes_Specified_Item" computerName="DKSR-EFI-04" duration="00:00:00.0009050" startTime="2023-12-22T09:33:24.0530848+01:00" endTime="2023-12-22T09:33:24.0687084+01:00" testType="13cdc9d9-ddb5-4fa4-a97d-d965ccfc6d4b" outcome="Passed" testListId="8c84fa94-04c1-424b-9868-57a2d4851a1d" relativeResultsDirectory="be0ab054-3c46-45c6-9116-575e7bf954ff" />
    <UnitTestResult executionId="20ceba66-6038-45bb-95a6-d8ce850eca0c" testId="6156099d-d15e-e625-811b-a84708c39035" testName="DatabaseOperationModel_Validation_NonEmptyGuidsAreEmpty_Failed" computerName="DKSR-EFI-04" duration="00:00:00.0030131" startTime="2023-12-22T09:33:31.3187435+01:00" endTime="2023-12-22T09:33:31.3187435+01:00" testType="13cdc9d9-ddb5-4fa4-a97d-d965ccfc6d4b" outcome="Passed" testListId="8c84fa94-04c1-424b-9868-57a2d4851a1d" relativeResultsDirectory="20ceba66-6038-45bb-95a6-d8ce850eca0c" />
    <UnitTestResult executionId="aad531d1-219f-4e42-b456-de8f8716a336" testId="7b7920ef-bfb2-6f69-e68b-5476eb9595cf" testName="ServiceDiscovery_SendAsync_CommunicationError_HttpRequestException" computerName="DKSR-EFI-04" duration="00:00:00.0022320" startTime="2023-12-22T09:33:21.4749494+01:00" endTime="2023-12-22T09:33:21.4749494+01:00" testType="13cdc9d9-ddb5-4fa4-a97d-d965ccfc6d4b" outcome="Passed" testListId="8c84fa94-04c1-424b-9868-57a2d4851a1d" relativeResultsDirectory="aad531d1-219f-4e42-b456-de8f8716a336" />
    <UnitTestResult executionId="ba02ba2d-86a7-49f2-8b06-981b105fd8a8" testId="f5b6af9c-50d6-a27b-2f85-4255ecbbafb9" testName="CreateHttpsUri_NoScheme_UseDefaultPortFalse_BecomesHttpsPort443" computerName="DKSR-EFI-04" duration="00:00:00.0001902" startTime="2023-12-22T09:33:47.4594487+01:00" endTime="2023-12-22T09:33:47.4594487+01:00" testType="13cdc9d9-ddb5-4fa4-a97d-d965ccfc6d4b" outcome="Passed" testListId="8c84fa94-04c1-424b-9868-57a2d4851a1d" relativeResultsDirectory="ba02ba2d-86a7-49f2-8b06-981b105fd8a8" />
    <UnitTestResult executionId="f30eab08-5010-4a65-9003-1c2f4bba0609" testId="76c08a52-d8e9-6cdc-fce1-1258294596b0" testName="IPHardwareBlockCollection_RemoveByHardware_Null_Throws_ArgumentNullException" computerName="DKSR-EFI-04" duration="00:00:00.0033134" startTime="2023-12-22T09:33:47.0531960+01:00" endTime="2023-12-22T09:33:47.0531960+01:00" testType="13cdc9d9-ddb5-4fa4-a97d-d965ccfc6d4b" outcome="Passed" testListId="8c84fa94-04c1-424b-9868-57a2d4851a1d" relativeResultsDirectory="f30eab08-5010-4a65-9003-1c2f4bba0609">
      <Output>
        <StdOut>Debug Trace:&#xD;
Fail: Argument null.</StdOut>
      </Output>
    </UnitTestResult>
    <UnitTestResult executionId="75b68fb2-3ff9-4981-b42c-fcc967c131f3" testId="5f99bb54-888a-202b-ef35-3c50e50a7409" testName="ToLogEntryAudit_ModelWithNullLogeDefinition_SuccessConvertion" computerName="DKSR-EFI-04" duration="00:00:00.0026252" startTime="2023-12-22T09:33:31.9124994+01:00" endTime="2023-12-22T09:33:31.9124994+01:00" testType="13cdc9d9-ddb5-4fa4-a97d-d965ccfc6d4b" outcome="Passed" testListId="8c84fa94-04c1-424b-9868-57a2d4851a1d" relativeResultsDirectory="75b68fb2-3ff9-4981-b42c-fcc967c131f3" />
    <UnitTestResult executionId="c05b4907-57b0-439a-abc6-850c253fb934" testId="f6f387b7-10b6-8756-6213-52ca04de1879" testName="DecryptConfigurationDataSet_DecryptLicenseRsaKeySystemSetting_SettingIsDecrypted" computerName="DKSR-EFI-04" duration="00:00:00.0007528" startTime="2023-12-22T09:33:46.9281964+01:00" endTime="2023-12-22T09:33:46.9281964+01:00" testType="13cdc9d9-ddb5-4fa4-a97d-d965ccfc6d4b" outcome="Passed" testListId="8c84fa94-04c1-424b-9868-57a2d4851a1d" relativeResultsDirectory="c05b4907-57b0-439a-abc6-850c253fb934" />
    <UnitTestResult executionId="91e4d70d-4afa-4295-97e6-9a1ef5b9d807" testId="f9473f6a-b18a-1ef9-210b-abfa7eaaf135" testName="MipAction2Model_RequiredPropertiesAreNull_Failed" computerName="DKSR-EFI-04" duration="00:00:00.0038196" startTime="2023-12-22T09:33:31.9906209+01:00" endTime="2023-12-22T09:33:31.9906209+01:00" testType="13cdc9d9-ddb5-4fa4-a97d-d965ccfc6d4b" outcome="Passed" testListId="8c84fa94-04c1-424b-9868-57a2d4851a1d" relativeResultsDirectory="91e4d70d-4afa-4295-97e6-9a1ef5b9d807" />
    <UnitTestResult executionId="30ec6f4f-c1e5-43f3-afc5-40368c9a3216" testId="0593edbd-1ea7-3669-bba1-b972f2ba9961" testName="RecorderInfo_Construct_Success" computerName="DKSR-EFI-04" duration="00:00:00.0001947" startTime="2023-12-22T09:33:44.7563108+01:00" endTime="2023-12-22T09:33:44.7563108+01:00" testType="13cdc9d9-ddb5-4fa4-a97d-d965ccfc6d4b" outcome="Passed" testListId="8c84fa94-04c1-424b-9868-57a2d4851a1d" relativeResultsDirectory="30ec6f4f-c1e5-43f3-afc5-40368c9a3216" />
    <UnitTestResult executionId="f704cca9-f956-4760-b437-29f1402b612f" testId="894191cb-bee6-69e2-81f1-61869244aed4" testName="HardwareInfo_ConstructorSetsAllFields" computerName="DKSR-EFI-04" duration="00:00:00.0028053" startTime="2023-12-22T09:33:37.5218977+01:00" endTime="2023-12-22T09:33:37.5218977+01:00" testType="13cdc9d9-ddb5-4fa4-a97d-d965ccfc6d4b" outcome="Passed" testListId="8c84fa94-04c1-424b-9868-57a2d4851a1d" relativeResultsDirectory="f704cca9-f956-4760-b437-29f1402b612f" />
    <UnitTestResult executionId="c1884507-1898-4299-98cd-9e9adc6052ac" testId="c44bea46-b8b9-81c5-4220-23f1ae9a0c24" testName="Wrap_WithTypeFilterBinder_TypesAreTheNewTypesWrapped" computerName="DKSR-EFI-04" duration="00:00:00.0004653" startTime="2023-12-22T09:33:29.8499863+01:00" endTime="2023-12-22T09:33:29.8499863+01:00" testType="13cdc9d9-ddb5-4fa4-a97d-d965ccfc6d4b" outcome="Passed" testListId="8c84fa94-04c1-424b-9868-57a2d4851a1d" relativeResultsDirectory="c1884507-1898-4299-98cd-9e9adc6052ac" />
    <UnitTestResult executionId="a934eb36-1692-4f49-b0c5-847fc4bc8cce" testId="28021bac-065f-20d5-f3da-4ca0066054f4" testName="RemoveKey_RemovesAllItems" computerName="DKSR-EFI-04" duration="00:00:00.0008953" startTime="2023-12-22T09:33:24.1624595+01:00" endTime="2023-12-22T09:33:24.1624595+01:00" testType="13cdc9d9-ddb5-4fa4-a97d-d965ccfc6d4b" outcome="Passed" testListId="8c84fa94-04c1-424b-9868-57a2d4851a1d" relativeResultsDirectory="a934eb36-1692-4f49-b0c5-847fc4bc8cce" />
    <UnitTestResult executionId="5cc57ad8-37dd-4cd5-aab0-7299c18f4a4e" testId="86a614c5-a9e3-9e38-ecb7-023ac78c15b1" testName="Validate_WhitelistedHardware_DoesNotAppearOnGrid_Information_Success" computerName="DKSR-EFI-04" duration="00:00:00.0015269" startTime="2023-12-22T09:33:44.5844320+01:00" endTime="2023-12-22T09:33:44.6000572+01:00" testType="13cdc9d9-ddb5-4fa4-a97d-d965ccfc6d4b" outcome="Passed" testListId="8c84fa94-04c1-424b-9868-57a2d4851a1d" relativeResultsDirectory="5cc57ad8-37dd-4cd5-aab0-7299c18f4a4e" />
    <UnitTestResult executionId="e0917b37-7597-4e6f-9511-1f5062ef5249" testId="c65384a1-c9f3-2d21-353b-a4c45057cae7" testName="RefCountedObjectWrapper_ExecuteCallWithRefCountTResult_Sucess" computerName="DKSR-EFI-04" duration="00:00:00.0004137" startTime="2023-12-22T09:33:30.6468662+01:00" endTime="2023-12-22T09:33:30.6468662+01:00" testType="13cdc9d9-ddb5-4fa4-a97d-d965ccfc6d4b" outcome="Passed" testListId="8c84fa94-04c1-424b-9868-57a2d4851a1d" relativeResultsDirectory="e0917b37-7597-4e6f-9511-1f5062ef5249" />
    <UnitTestResult executionId="fae93174-e483-42dd-b8c2-b6ed276b0756" testId="9c5bec64-4cd7-1eb8-640f-4e2bbbe7392f" testName="LicenseDocument_IsDeviceLicensed_HardwareNotFound_ReturnsFalse" computerName="DKSR-EFI-04" duration="00:00:00.0052287" startTime="2023-12-22T09:33:44.3969329+01:00" endTime="2023-12-22T09:33:44.4125582+01:00" testType="13cdc9d9-ddb5-4fa4-a97d-d965ccfc6d4b" outcome="Passed" testListId="8c84fa94-04c1-424b-9868-57a2d4851a1d" relativeResultsDirectory="fae93174-e483-42dd-b8c2-b6ed276b0756" />
    <UnitTestResult executionId="3e765252-848e-4cb4-b103-6b04fdfb9610" testId="de80d1b0-e69d-b886-8aee-77793ad94c94" testName="Test_IsMember_SimpleCyclic" computerName="DKSR-EFI-04" duration="00:00:00.0010824" startTime="2023-12-22T09:33:47.8813253+01:00" endTime="2023-12-22T09:33:47.8813253+01:00" testType="13cdc9d9-ddb5-4fa4-a97d-d965ccfc6d4b" outcome="Passed" testListId="8c84fa94-04c1-424b-9868-57a2d4851a1d" relativeResultsDirectory="3e765252-848e-4cb4-b103-6b04fdfb9610" />
    <UnitTestResult executionId="05278c36-99a5-4f14-97e9-c5d1c4593256" testId="6d5f0050-80f0-8e39-bb73-cffbc8ebef05" testName="Encrypt_DataSetHasEmptyPassword_PasswordIsStillEmpty" computerName="DKSR-EFI-04" duration="00:00:00.0020205" startTime="2023-12-22T09:33:46.4750685+01:00" endTime="2023-12-22T09:33:46.4750685+01:00" testType="13cdc9d9-ddb5-4fa4-a97d-d965ccfc6d4b" outcome="Passed" testListId="8c84fa94-04c1-424b-9868-57a2d4851a1d" relativeResultsDirectory="05278c36-99a5-4f14-97e9-c5d1c4593256" />
    <UnitTestResult executionId="58797999-6f43-4ba4-82b1-1ef71be2b467" testId="8981d84e-7ce1-9703-e39b-b12ad0be124f" testName="FeatureManager_GetFeatureParameterValue_EmptyValue" computerName="DKSR-EFI-04" duration="00:00:00.0003519" startTime="2023-12-22T09:33:37.3656475+01:00" endTime="2023-12-22T09:33:37.3656475+01:00" testType="13cdc9d9-ddb5-4fa4-a97d-d965ccfc6d4b" outcome="Passed" testListId="8c84fa94-04c1-424b-9868-57a2d4851a1d" relativeResultsDirectory="58797999-6f43-4ba4-82b1-1ef71be2b467" />
    <UnitTestResult executionId="dc630b9f-a244-4718-93b0-ba1b63a2b7d8" testId="dc1eee07-1844-2450-60be-2970ae788a8f" testName="CreateHttpsUri_HttpNonDefaultPort_UsePort88_BecomesHttpsPort88" computerName="DKSR-EFI-04" duration="00:00:00.0001725" startTime="2023-12-22T09:33:47.4907001+01:00" endTime="2023-12-22T09:33:47.4907001+01:00" testType="13cdc9d9-ddb5-4fa4-a97d-d965ccfc6d4b" outcome="Passed" testListId="8c84fa94-04c1-424b-9868-57a2d4851a1d" relativeResultsDirectory="dc630b9f-a244-4718-93b0-ba1b63a2b7d8" />
    <UnitTestResult executionId="e6877265-d790-40c1-9b05-af013f3cbb7b" testId="3df4bdd4-e0fd-1680-8425-586d8edf641e" testName="Mac_Address_Empty_Test_True_1" computerName="DKSR-EFI-04" duration="00:00:00.0005388" startTime="2023-12-22T09:33:44.7094338+01:00" endTime="2023-12-22T09:33:44.7250587+01:00" testType="13cdc9d9-ddb5-4fa4-a97d-d965ccfc6d4b" outcome="Passed" testListId="8c84fa94-04c1-424b-9868-57a2d4851a1d" relativeResultsDirectory="e6877265-d790-40c1-9b05-af013f3cbb7b" />
    <UnitTestResult executionId="6ad47fbd-9446-4c21-9419-48300637b712" testId="d58b10c0-7bb1-d2e3-962a-3f9a53f47417" testName="BulkProcessor_EnqueueOneItemMultipleTimes_ItemsAreProcessedOneByOne" computerName="DKSR-EFI-04" duration="00:00:00.0075727" startTime="2023-12-22T09:33:36.4437675+01:00" endTime="2023-12-22T09:33:36.4593932+01:00" testType="13cdc9d9-ddb5-4fa4-a97d-d965ccfc6d4b" outcome="Passed" testListId="8c84fa94-04c1-424b-9868-57a2d4851a1d" relativeResultsDirectory="6ad47fbd-9446-4c21-9419-48300637b712" />
    <UnitTestResult executionId="c2ee29ed-7179-438e-9366-73a38cc544c8" testId="0576350e-e378-4d3c-7ec2-5e805d7a8015" testName="RulesTableAdapter_ClearUserSid_NotInitialized_InvalidOperationException" computerName="DKSR-EFI-04" duration="00:00:00.0022386" startTime="2023-12-22T09:33:46.7719454+01:00" endTime="2023-12-22T09:33:46.7719454+01:00" testType="13cdc9d9-ddb5-4fa4-a97d-d965ccfc6d4b" outcome="Passed" testListId="8c84fa94-04c1-424b-9868-57a2d4851a1d" relativeResultsDirectory="c2ee29ed-7179-438e-9366-73a38cc544c8">
      <Output>
        <StdOut>Debug Trace:&#xD;
Fail: There is no current sid.</StdOut>
      </Output>
    </UnitTestResult>
    <UnitTestResult executionId="70c946c5-12d7-46be-8c5c-32fd02d3819d" testId="436cc816-548b-1484-e46f-b2c4cfa442fc" testName="CalculateLicenseRequirements_Whitelisted_SameHardwareOnMultipleRecordingServers_CountsLicensesForSingleHardware" computerName="DKSR-EFI-04" duration="00:00:00.0034438" startTime="2023-12-22T09:33:44.1625575+01:00" endTime="2023-12-22T09:33:44.1625575+01:00" testType="13cdc9d9-ddb5-4fa4-a97d-d965ccfc6d4b" outcome="Passed" testListId="8c84fa94-04c1-424b-9868-57a2d4851a1d" relativeResultsDirectory="70c946c5-12d7-46be-8c5c-32fd02d3819d" />
    <UnitTestResult executionId="3079aa6a-c2be-48be-9d95-ae8593b5a12f" testId="a8579d74-c114-1869-7e83-7adac4ed2f9d" testName="ReceiveAsync_NoError_TaskIsExecuted" computerName="DKSR-EFI-04" duration="00:00:00.0024868" startTime="2023-12-22T09:33:21.3968197+01:00" endTime="2023-12-22T09:33:21.4124471+01:00" testType="13cdc9d9-ddb5-4fa4-a97d-d965ccfc6d4b" outcome="Passed" testListId="8c84fa94-04c1-424b-9868-57a2d4851a1d" relativeResultsDirectory="3079aa6a-c2be-48be-9d95-ae8593b5a12f" />
    <UnitTestResult executionId="f0c268e0-2e28-4d08-b45c-536bc3c9a1f5" testId="068e2f05-765b-0c1f-600d-3aa2168f0d4f" testName="ProcessMessage_Queue_Mixed_Commands" computerName="DKSR-EFI-04" duration="00:00:00.0043578" startTime="2023-12-22T09:33:36.5843946+01:00" endTime="2023-12-22T09:33:36.5843946+01:00" testType="13cdc9d9-ddb5-4fa4-a97d-d965ccfc6d4b" outcome="Passed" testListId="8c84fa94-04c1-424b-9868-57a2d4851a1d" relativeResultsDirectory="f0c268e0-2e28-4d08-b45c-536bc3c9a1f5">
      <Output>
        <StdOut>Debug Trace:&#xD;
Fail: Argument null.</StdOut>
      </Output>
    </UnitTestResult>
    <UnitTestResult executionId="b3e86bca-c8c5-4627-8e12-bf625a421ff4" testId="50f8375d-cf03-8543-6a5d-6378bb0fe5a8" testName="ReadIdentitiesFromCache_NoProvider" computerName="DKSR-EFI-04" duration="00:00:00.0017961" startTime="2023-12-22T09:33:47.9282011+01:00" endTime="2023-12-22T09:33:47.9282011+01:00" testType="13cdc9d9-ddb5-4fa4-a97d-d965ccfc6d4b" outcome="Passed" testListId="8c84fa94-04c1-424b-9868-57a2d4851a1d" relativeResultsDirectory="b3e86bca-c8c5-4627-8e12-bf625a421ff4" />
    <UnitTestResult executionId="91fbd68a-aaed-4772-989b-06ada22fe742" testId="29e6a9e7-3e4a-82f8-8feb-f8a3ab99e351" testName="CreateHttpUri_HttpsNonDefaultPort_UseDefaultPortFalse_BecomesHttpPort444" computerName="DKSR-EFI-04" duration="00:00:00.0002056" startTime="2023-12-22T09:33:47.3969472+01:00" endTime="2023-12-22T09:33:47.3969472+01:00" testType="13cdc9d9-ddb5-4fa4-a97d-d965ccfc6d4b" outcome="Passed" testListId="8c84fa94-04c1-424b-9868-57a2d4851a1d" relativeResultsDirectory="91fbd68a-aaed-4772-989b-06ada22fe742" />
    <UnitTestResult executionId="fd33f2d1-5307-4b03-bf06-a85f1773b3a0" testId="5cd18a85-60ce-b58b-657b-5de44ebcf37b" testName="GroupConfigurationNullParameter" computerName="DKSR-EFI-04" duration="00:00:00.0007553" startTime="2023-12-22T09:33:34.4437571+01:00" endTime="2023-12-22T09:33:34.4437571+01:00" testType="13cdc9d9-ddb5-4fa4-a97d-d965ccfc6d4b" outcome="Passed" testListId="8c84fa94-04c1-424b-9868-57a2d4851a1d" relativeResultsDirectory="fd33f2d1-5307-4b03-bf06-a85f1773b3a0" />
    <UnitTestResult executionId="78178c45-ed1e-46e7-8552-a2deb3e57431" testId="093063e5-4e85-2605-7464-0185ca69aad4" testName="ServerFileStorage_Seek_PastStreamEnd_Exception" computerName="DKSR-EFI-04" duration="00:00:00.0010286" startTime="2023-12-22T09:33:29.0374831+01:00" endTime="2023-12-22T09:33:29.0374831+01:00" testType="13cdc9d9-ddb5-4fa4-a97d-d965ccfc6d4b" outcome="Passed" testListId="8c84fa94-04c1-424b-9868-57a2d4851a1d" relativeResultsDirectory="78178c45-ed1e-46e7-8552-a2deb3e57431" />
    <UnitTestResult executionId="6811c69e-2c1e-4f50-9b17-22c3072c41a0" testId="276fa930-eaef-9c23-a1f1-181422ff1972" testName="ReadChildElementValueAsUInt64_InvalidData_NegativeNumber" computerName="DKSR-EFI-04" duration="00:00:00.0004050" startTime="2023-12-22T09:33:23.8968311+01:00" endTime="2023-12-22T09:33:23.8968311+01:00" testType="13cdc9d9-ddb5-4fa4-a97d-d965ccfc6d4b" outcome="Passed" testListId="8c84fa94-04c1-424b-9868-57a2d4851a1d" relativeResultsDirectory="6811c69e-2c1e-4f50-9b17-22c3072c41a0" />
    <UnitTestResult executionId="ab1f1252-185e-4d14-8339-106a572d9695" testId="fe9bc6f3-5ae0-a5e5-ce28-a1c76df55560" testName="ErrorResponseModel_NoValuesSet_ValidationFailure" computerName="DKSR-EFI-04" duration="00:00:00.0016687" startTime="2023-12-22T09:33:32.1468735+01:00" endTime="2023-12-22T09:33:32.1624986+01:00" testType="13cdc9d9-ddb5-4fa4-a97d-d965ccfc6d4b" outcome="Passed" testListId="8c84fa94-04c1-424b-9868-57a2d4851a1d" relativeResultsDirectory="ab1f1252-185e-4d14-8339-106a572d9695" />
    <UnitTestResult executionId="507ccf59-c52e-47a5-96e2-cde955693de9" testId="d4b7efc7-4d79-a4b9-746e-2119343bfa87" testName="BindToType_BindToNonAllowedTypes_InvalidOperationException" computerName="DKSR-EFI-04" duration="00:00:00.0008778" startTime="2023-12-22T09:33:29.8656112+01:00" endTime="2023-12-22T09:33:29.8656112+01:00" testType="13cdc9d9-ddb5-4fa4-a97d-d965ccfc6d4b" outcome="Passed" testListId="8c84fa94-04c1-424b-9868-57a2d4851a1d" relativeResultsDirectory="507ccf59-c52e-47a5-96e2-cde955693de9" />
    <UnitTestResult executionId="c42729a0-df90-48ed-88e1-e609708e2b02" testId="55ec7ecd-668d-873b-5de4-97aa54ebae84" testName="ReadIdentitiesFromCache_GetFromProvider" computerName="DKSR-EFI-04" duration="00:00:00.0016929" startTime="2023-12-22T09:33:47.9750752+01:00" endTime="2023-12-22T09:33:47.9750752+01:00" testType="13cdc9d9-ddb5-4fa4-a97d-d965ccfc6d4b" outcome="Passed" testListId="8c84fa94-04c1-424b-9868-57a2d4851a1d" relativeResultsDirectory="c42729a0-df90-48ed-88e1-e609708e2b02" />
    <UnitTestResult executionId="3e15d7e9-fbe6-4462-975f-c459ff48e272" testId="3d8963fa-aca3-0469-1259-08f2b2242a49" testName="WhiteList_IsModelWhiteListed_HWWith15EnabledCH5DisabledCH_GlobalMaxChannelCount16_ReturnsFalse" computerName="DKSR-EFI-04" duration="00:00:00.0008178" startTime="2023-12-22T09:33:44.6938088+01:00" endTime="2023-12-22T09:33:44.6938088+01:00" testType="13cdc9d9-ddb5-4fa4-a97d-d965ccfc6d4b" outcome="Passed" testListId="8c84fa94-04c1-424b-9868-57a2d4851a1d" relativeResultsDirectory="3e15d7e9-fbe6-4462-975f-c459ff48e272" />
    <UnitTestResult executionId="d2345495-0f5a-4ef0-8f5d-3a43ca4585e3" testId="bbcddb0d-c27e-065c-6621-ce36c72de785" testName="RefCountedObjectWrapper_Construcctor_Success" computerName="DKSR-EFI-04" duration="00:00:00.0005481" startTime="2023-12-22T09:33:30.6156140+01:00" endTime="2023-12-22T09:33:30.6156140+01:00" testType="13cdc9d9-ddb5-4fa4-a97d-d965ccfc6d4b" outcome="Passed" testListId="8c84fa94-04c1-424b-9868-57a2d4851a1d" relativeResultsDirectory="d2345495-0f5a-4ef0-8f5d-3a43ca4585e3" />
    <UnitTestResult executionId="6b8bc288-8218-48a8-afc2-fc154757dc1e" testId="b9c26381-be61-0d48-aaab-d2f8534fc41c" testName="QueryDeviceEvidenceLockSizesResponseModel_NoValuesSet_ValidationFailure" computerName="DKSR-EFI-04" duration="00:00:00.0018391" startTime="2023-12-22T09:33:32.1156223+01:00" endTime="2023-12-22T09:33:32.1312475+01:00" testType="13cdc9d9-ddb5-4fa4-a97d-d965ccfc6d4b" outcome="Passed" testListId="8c84fa94-04c1-424b-9868-57a2d4851a1d" relativeResultsDirectory="6b8bc288-8218-48a8-afc2-fc154757dc1e" />
    <UnitTestResult executionId="6126d6d4-91f2-4d2d-80eb-834e19df2ca5" testId="92454916-5108-915e-8369-9c28f3401013" testName="UpdateHardwareAggregates_FailsWhen_CalledTwice" computerName="DKSR-EFI-04" duration="00:00:00.0005445" startTime="2023-12-22T09:33:37.4906491+01:00" endTime="2023-12-22T09:33:37.4906491+01:00" testType="13cdc9d9-ddb5-4fa4-a97d-d965ccfc6d4b" outcome="Passed" testListId="8c84fa94-04c1-424b-9868-57a2d4851a1d" relativeResultsDirectory="6126d6d4-91f2-4d2d-80eb-834e19df2ca5" />
    <UnitTestResult executionId="a277c505-f1ef-423f-bce4-3da2f1f70767" testId="bdaa1efe-9e06-f064-9801-95e2a76e5986" testName="CurrentConfigurationVersionsModel_ValidModel_Success" computerName="DKSR-EFI-04" duration="00:00:00.0019032" startTime="2023-12-22T09:33:31.8656186+01:00" endTime="2023-12-22T09:33:31.8656186+01:00" testType="13cdc9d9-ddb5-4fa4-a97d-d965ccfc6d4b" outcome="Passed" testListId="8c84fa94-04c1-424b-9868-57a2d4851a1d" relativeResultsDirectory="a277c505-f1ef-423f-bce4-3da2f1f70767" />
    <UnitTestResult executionId="2daa2de3-0990-4e5d-bcb6-a5d912a90bb8" testId="d892c744-3d75-a974-deef-9becfba2f863" testName="LicenseDocument_Constructor_ThrowsArgumentNullException_OnNullParam" computerName="DKSR-EFI-04" duration="00:00:00.0007972" startTime="2023-12-22T09:33:44.2094311+01:00" endTime="2023-12-22T09:33:44.2094311+01:00" testType="13cdc9d9-ddb5-4fa4-a97d-d965ccfc6d4b" outcome="Passed" testListId="8c84fa94-04c1-424b-9868-57a2d4851a1d" relativeResultsDirectory="2daa2de3-0990-4e5d-bcb6-a5d912a90bb8" />
    <UnitTestResult executionId="581edb07-03e7-4243-bdb6-aceb2ec6a1c1" testId="80fe88af-86ae-3eb6-9919-0386f9c0d3d0" testName="FeatureManager_TryGetFeatureParameterValue_Value" computerName="DKSR-EFI-04" duration="00:00:00.0003319" startTime="2023-12-22T09:33:37.3812717+01:00" endTime="2023-12-22T09:33:37.3812717+01:00" testType="13cdc9d9-ddb5-4fa4-a97d-d965ccfc6d4b" outcome="Passed" testListId="8c84fa94-04c1-424b-9868-57a2d4851a1d" relativeResultsDirectory="581edb07-03e7-4243-bdb6-aceb2ec6a1c1" />
    <UnitTestResult executionId="ade8dab9-8d4a-4fa4-a865-0c3400d86a5a" testId="4cb64fa9-0a70-e363-f896-e92dee62296c" testName="ReadAttributeAsString_EmptyString" computerName="DKSR-EFI-04" duration="00:00:00.0002385" startTime="2023-12-22T09:33:23.7093321+01:00" endTime="2023-12-22T09:33:23.7093321+01:00" testType="13cdc9d9-ddb5-4fa4-a97d-d965ccfc6d4b" outcome="Passed" testListId="8c84fa94-04c1-424b-9868-57a2d4851a1d" relativeResultsDirectory="ade8dab9-8d4a-4fa4-a865-0c3400d86a5a" />
    <UnitTestResult executionId="cc176ee0-170a-42d9-a1d0-86e8dd738f17" testId="59c78bde-8a7c-8ed3-ce14-aa5cf016ae59" testName="ServiceContainer_GetService_ServiceRegistered_IsNotNull" computerName="DKSR-EFI-04" duration="00:00:00.0003781" startTime="2023-12-22T09:33:21.5530713+01:00" endTime="2023-12-22T09:33:21.5530713+01:00" testType="13cdc9d9-ddb5-4fa4-a97d-d965ccfc6d4b" outcome="Passed" testListId="8c84fa94-04c1-424b-9868-57a2d4851a1d" relativeResultsDirectory="cc176ee0-170a-42d9-a1d0-86e8dd738f17" />
    <UnitTestResult executionId="b3db1224-8f34-43bd-a9eb-6a3198d27e4c" testId="696e11a1-5e0c-2d42-2d8d-8b4a1a32ac32" testName="GetReplacementLimit_ReturnsProperValues_OnReplacementLimitInLicense" computerName="DKSR-EFI-04" duration="00:00:00.0020105" startTime="2023-12-22T09:33:44.3344331+01:00" endTime="2023-12-22T09:33:44.3344331+01:00" testType="13cdc9d9-ddb5-4fa4-a97d-d965ccfc6d4b" outcome="Passed" testListId="8c84fa94-04c1-424b-9868-57a2d4851a1d" relativeResultsDirectory="b3db1224-8f34-43bd-a9eb-6a3198d27e4c" />
    <UnitTestResult executionId="fc0ea815-f664-449f-add6-a5cc339574cc" testId="c8ff60b9-9989-9412-d124-69367b7f7153" testName="LicenseActivationService_AcquireLicense_GenericError" computerName="DKSR-EFI-04" duration="00:00:00.0021307" startTime="2023-12-22T09:33:37.8656505+01:00" endTime="2023-12-22T09:33:37.8656505+01:00" testType="13cdc9d9-ddb5-4fa4-a97d-d965ccfc6d4b" outcome="Passed" testListId="8c84fa94-04c1-424b-9868-57a2d4851a1d" relativeResultsDirectory="fc0ea815-f664-449f-add6-a5cc339574cc" />
    <UnitTestResult executionId="406d4c6b-b4f6-4efb-bd63-d11075480228" testId="33fa0e17-1e9d-fc9e-79a9-fe07de2e1d42" testName="Receive_NonSuccessResponse_BadRequestExceptionThrown" computerName="DKSR-EFI-04" duration="00:00:00.0027165" startTime="2023-12-22T09:33:21.0686941+01:00" endTime="2023-12-22T09:33:21.0686941+01:00" testType="13cdc9d9-ddb5-4fa4-a97d-d965ccfc6d4b" outcome="Passed" testListId="8c84fa94-04c1-424b-9868-57a2d4851a1d" relativeResultsDirectory="406d4c6b-b4f6-4efb-bd63-d11075480228" />
    <UnitTestResult executionId="2a5b09d4-9416-4824-b2d4-d5c30d973a1d" testId="5cce3272-cf0f-798d-2f5a-a5cc62a3cc1c" testName="TaskManagerBase_TwoTasks_Processed_Successfully" computerName="DKSR-EFI-04" duration="00:00:00.1638487" startTime="2023-12-22T09:33:30.6937412+01:00" endTime="2023-12-22T09:33:30.8499893+01:00" testType="13cdc9d9-ddb5-4fa4-a97d-d965ccfc6d4b" outcome="Passed" testListId="8c84fa94-04c1-424b-9868-57a2d4851a1d" relativeResultsDirectory="2a5b09d4-9416-4824-b2d4-d5c30d973a1d" />
    <UnitTestResult executionId="fea7fe3e-3af5-45d5-8777-7f339638c9ce" testId="761b865b-f7b1-264a-831c-c115739b4cb8" testName="PtzPreset_EqualsTo_Change_IsDefaultPreset" computerName="DKSR-EFI-04" duration="00:00:00.0003234" startTime="2023-12-22T09:33:24.4749606+01:00" endTime="2023-12-22T09:33:24.4749606+01:00" testType="13cdc9d9-ddb5-4fa4-a97d-d965ccfc6d4b" outcome="Passed" testListId="8c84fa94-04c1-424b-9868-57a2d4851a1d" relativeResultsDirectory="fea7fe3e-3af5-45d5-8777-7f339638c9ce" />
    <UnitTestResult executionId="ca905230-bbb7-4d7e-99b8-4111223f7d17" testId="7d73819b-52be-a083-7d5b-131c90c6cd56" testName="WhiteList_IsDriverWhitelistedOnUnlistedDrivers_ReturnsFalse" computerName="DKSR-EFI-04" duration="00:00:00.0005955" startTime="2023-12-22T09:33:44.6156834+01:00" endTime="2023-12-22T09:33:44.6156834+01:00" testType="13cdc9d9-ddb5-4fa4-a97d-d965ccfc6d4b" outcome="Passed" testListId="8c84fa94-04c1-424b-9868-57a2d4851a1d" relativeResultsDirectory="ca905230-bbb7-4d7e-99b8-4111223f7d17" />
    <UnitTestResult executionId="f7ef76ea-57fc-4916-963a-9559549422ac" testId="d5c46146-af08-f2b5-43b5-902e9535be6a" testName="Validate_UnknownMatchType_IsMatchReturnsFalse" computerName="DKSR-EFI-04" duration="00:00:00.0002624" startTime="2023-12-22T09:33:44.8031840+01:00" endTime="2023-12-22T09:33:44.8188088+01:00" testType="13cdc9d9-ddb5-4fa4-a97d-d965ccfc6d4b" outcome="Passed" testListId="8c84fa94-04c1-424b-9868-57a2d4851a1d" relativeResultsDirectory="f7ef76ea-57fc-4916-963a-9559549422ac" />
    <UnitTestResult executionId="2f977eca-ec95-426a-b13d-1da785e2c271" testId="4515bcb1-d15c-08a9-02fe-c49f7716006e" testName="FeatureManager_GetFeatureParameterValueT_Int_Valid_Value" computerName="DKSR-EFI-04" duration="00:00:00.0003353" startTime="2023-12-22T09:33:37.3968994+01:00" endTime="2023-12-22T09:33:37.3968994+01:00" testType="13cdc9d9-ddb5-4fa4-a97d-d965ccfc6d4b" outcome="Passed" testListId="8c84fa94-04c1-424b-9868-57a2d4851a1d" relativeResultsDirectory="2f977eca-ec95-426a-b13d-1da785e2c271" />
    <UnitTestResult executionId="ce204489-82ed-46b7-afce-6be480f7e8ff" testId="1c0c5f0b-295a-ae38-ae07-141ec577c98c" testName="WhiteList_IsHardwareWhiteListed_NullDriverNullModel_ReturnsFalse_ChannelLicenseCountIs5" computerName="DKSR-EFI-04" duration="00:00:00.0004488" startTime="2023-12-22T09:33:44.7094338+01:00" endTime="2023-12-22T09:33:44.7094338+01:00" testType="13cdc9d9-ddb5-4fa4-a97d-d965ccfc6d4b" outcome="Passed" testListId="8c84fa94-04c1-424b-9868-57a2d4851a1d" relativeResultsDirectory="ce204489-82ed-46b7-afce-6be480f7e8ff" />
    <UnitTestResult executionId="0a157538-5ee4-40ef-af0b-24adcf35359b" testId="6b7dcff8-25eb-68e0-33be-34e38dc1eb50" testName="HostedScanParameters_SerializationTest" computerName="DKSR-EFI-04" duration="00:00:00.0576766" startTime="2023-12-22T09:33:23.4749555+01:00" endTime="2023-12-22T09:33:23.5218366+01:00" testType="13cdc9d9-ddb5-4fa4-a97d-d965ccfc6d4b" outcome="Passed" testListId="8c84fa94-04c1-424b-9868-57a2d4851a1d" relativeResultsDirectory="0a157538-5ee4-40ef-af0b-24adcf35359b" />
    <UnitTestResult executionId="0afd4cb0-4186-427d-8f13-15dc43c0f147" testId="1215c071-33ea-bfa2-5ac8-c5403db99ae8" testName="LicenseCalculationResult_Validate_Null_DriverName_ConvertsToStringEmpty" computerName="DKSR-EFI-04" duration="00:00:00.0003091" startTime="2023-12-22T09:33:37.8812772+01:00" endTime="2023-12-22T09:33:37.8812772+01:00" testType="13cdc9d9-ddb5-4fa4-a97d-d965ccfc6d4b" outcome="Passed" testListId="8c84fa94-04c1-424b-9868-57a2d4851a1d" relativeResultsDirectory="0afd4cb0-4186-427d-8f13-15dc43c0f147" />
    <UnitTestResult executionId="574e236a-558a-4efd-8c07-6eea7d61ca96" testId="eadd5aea-e1cf-d48d-3354-4b05674fcd26" testName="FormatAuthority__BeforeValueIsIpV6WithoutPort_FormattedUriIsWithoutPort" computerName="DKSR-EFI-04" duration="00:00:00.0003302" startTime="2023-12-22T09:33:23.9437076+01:00" endTime="2023-12-22T09:33:23.9437076+01:00" testType="13cdc9d9-ddb5-4fa4-a97d-d965ccfc6d4b" outcome="Passed" testListId="8c84fa94-04c1-424b-9868-57a2d4851a1d" relativeResultsDirectory="574e236a-558a-4efd-8c07-6eea7d61ca96" />
    <UnitTestResult executionId="9e5b23ee-d3c5-4527-935f-c91531899cd6" testId="2c268a89-a61c-6227-9d8c-24714ad3d9e6" testName="GroupConfigurationAddGroupWithUnknownParentGroup" computerName="DKSR-EFI-04" duration="00:00:00.0009265" startTime="2023-12-22T09:33:34.4437571+01:00" endTime="2023-12-22T09:33:34.4593844+01:00" testType="13cdc9d9-ddb5-4fa4-a97d-d965ccfc6d4b" outcome="Passed" testListId="8c84fa94-04c1-424b-9868-57a2d4851a1d" relativeResultsDirectory="9e5b23ee-d3c5-4527-935f-c91531899cd6" />
    <UnitTestResult executionId="57941ed3-a2b1-42a7-962d-56aa93f4437a" testId="1a9ca88d-e0a2-a9c1-4371-f245b655b125" testName="LicenseActivationService_AcquireLicense_AccessDenied_SlcRegisteredOnOtherLogOn" computerName="DKSR-EFI-04" duration="00:00:00.0019924" startTime="2023-12-22T09:33:37.7875248+01:00" endTime="2023-12-22T09:33:37.7875248+01:00" testType="13cdc9d9-ddb5-4fa4-a97d-d965ccfc6d4b" outcome="Passed" testListId="8c84fa94-04c1-424b-9868-57a2d4851a1d" relativeResultsDirectory="57941ed3-a2b1-42a7-962d-56aa93f4437a" />
    <UnitTestResult executionId="f82e7b15-8838-482e-85c4-e6c0e3389780" testId="6b6bb736-6c44-66bb-16ad-6d293023ee64" testName="FormatAuthority__BeforeValueIsIpWithoutPort_FormattedUriIsWithoutPort" computerName="DKSR-EFI-04" duration="00:00:00.0002013" startTime="2023-12-22T09:33:23.9280817+01:00" endTime="2023-12-22T09:33:23.9280817+01:00" testType="13cdc9d9-ddb5-4fa4-a97d-d965ccfc6d4b" outcome="Passed" testListId="8c84fa94-04c1-424b-9868-57a2d4851a1d" relativeResultsDirectory="f82e7b15-8838-482e-85c4-e6c0e3389780" />
    <UnitTestResult executionId="fbfc73c8-a45b-4aac-b054-b7cde548e802" testId="5a9790d2-e1ee-ca82-aad1-0f90112fc2a3" testName="Send_InvalidOperationExceptionThrown_ExceptionLoggedAndDefaultValueReturned" computerName="DKSR-EFI-04" duration="00:00:00.0109137" startTime="2023-12-22T09:33:20.9749436+01:00" endTime="2023-12-22T09:33:20.9749436+01:00" testType="13cdc9d9-ddb5-4fa4-a97d-d965ccfc6d4b" outcome="Passed" testListId="8c84fa94-04c1-424b-9868-57a2d4851a1d" relativeResultsDirectory="fbfc73c8-a45b-4aac-b054-b7cde548e802" />
    <UnitTestResult executionId="4584fe96-77d2-4113-b64f-3524844e20f8" testId="d8e67879-5c2f-559c-bb05-9156445a0866" testName="WhiteList_Model_CreateInstanceWithValidModelParameter_Succeeds" computerName="DKSR-EFI-04" duration="00:00:00.0005886" startTime="2023-12-22T09:33:44.6313082+01:00" endTime="2023-12-22T09:33:44.6313082+01:00" testType="13cdc9d9-ddb5-4fa4-a97d-d965ccfc6d4b" outcome="Passed" testListId="8c84fa94-04c1-424b-9868-57a2d4851a1d" relativeResultsDirectory="4584fe96-77d2-4113-b64f-3524844e20f8" />
    <UnitTestResult executionId="4371c727-7133-4d16-970d-ce7225d19426" testId="409fa761-3f5b-028c-2d05-81572d5dd09b" testName="ModelValidation_ValidModel_Success" computerName="DKSR-EFI-04" duration="00:00:00.0015117" startTime="2023-12-22T09:33:31.7249945+01:00" endTime="2023-12-22T09:33:31.7249945+01:00" testType="13cdc9d9-ddb5-4fa4-a97d-d965ccfc6d4b" outcome="Passed" testListId="8c84fa94-04c1-424b-9868-57a2d4851a1d" relativeResultsDirectory="4371c727-7133-4d16-970d-ce7225d19426" />
    <UnitTestResult executionId="f1fdfbd7-c8ed-4274-b441-e73c02eb4841" testId="8a6d9749-f73c-4b81-c257-2d5475ff5df3" testName="CreateHttpUri_NoScheme_UsePort444_BecomesHttpPort444" computerName="DKSR-EFI-04" duration="00:00:00.0002085" startTime="2023-12-22T09:33:47.4281971+01:00" endTime="2023-12-22T09:33:47.4281971+01:00" testType="13cdc9d9-ddb5-4fa4-a97d-d965ccfc6d4b" outcome="Passed" testListId="8c84fa94-04c1-424b-9868-57a2d4851a1d" relativeResultsDirectory="f1fdfbd7-c8ed-4274-b441-e73c02eb4841" />
    <UnitTestResult executionId="f2ea9983-bcfc-45b6-be74-ea79475f5a4f" testId="ee381c40-a08a-d490-b422-cd6ae96dc304" testName="UpdateHardwareDriverModel_RequiredPropertiesAreNull_Failed" computerName="DKSR-EFI-04" duration="00:00:00.0019270" startTime="2023-12-22T09:33:31.8343714+01:00" endTime="2023-12-22T09:33:31.8343714+01:00" testType="13cdc9d9-ddb5-4fa4-a97d-d965ccfc6d4b" outcome="Passed" testListId="8c84fa94-04c1-424b-9868-57a2d4851a1d" relativeResultsDirectory="f2ea9983-bcfc-45b6-be74-ea79475f5a4f" />
    <UnitTestResult executionId="b034ecd8-1e84-46fc-a422-a6a11b9727da" testId="0f78c010-9183-86fc-bd99-26fc79f05715" testName="GenerateReport_InvalidReportPropertyArg_ThrowsArgumentNullException" computerName="DKSR-EFI-04" duration="00:00:00.0006921" startTime="2023-12-22T09:33:44.5063062+01:00" endTime="2023-12-22T09:33:44.5063062+01:00" testType="13cdc9d9-ddb5-4fa4-a97d-d965ccfc6d4b" outcome="Passed" testListId="8c84fa94-04c1-424b-9868-57a2d4851a1d" relativeResultsDirectory="b034ecd8-1e84-46fc-a422-a6a11b9727da" />
    <UnitTestResult executionId="595b4557-7f1e-4a1d-9c4a-4d38c742936c" testId="56a065fc-61ac-8dcf-0f48-81d25ba788ec" testName="WebApiException_RouteSet_RouteInException" computerName="DKSR-EFI-04" duration="00:00:00.0001554" startTime="2023-12-22T09:33:32.3656245+01:00" endTime="2023-12-22T09:33:32.3656245+01:00" testType="13cdc9d9-ddb5-4fa4-a97d-d965ccfc6d4b" outcome="Passed" testListId="8c84fa94-04c1-424b-9868-57a2d4851a1d" relativeResultsDirectory="595b4557-7f1e-4a1d-9c4a-4d38c742936c" />
    <UnitTestResult executionId="f8c3ba33-3e15-44cc-affd-10d0552e8a61" testId="9ad2aeec-3666-a2fb-9c69-a673ccec420e" testName="PtzReserveSessionResponseModel_Validate_Success" computerName="DKSR-EFI-04" duration="00:00:00.0026619" startTime="2023-12-22T09:33:32.1156223+01:00" endTime="2023-12-22T09:33:32.1156223+01:00" testType="13cdc9d9-ddb5-4fa4-a97d-d965ccfc6d4b" outcome="Passed" testListId="8c84fa94-04c1-424b-9868-57a2d4851a1d" relativeResultsDirectory="f8c3ba33-3e15-44cc-affd-10d0552e8a61" />
    <UnitTestResult executionId="7f15c65d-c759-47c7-b011-122a36e2bfd5" testId="f46f38fb-bed1-6e67-6148-a4182fc87e06" testName="DataSetUtility_UpdateLastModified_ConfigurationDataSet_DevicePrivacyMask_LastModified_Not_Changed" computerName="DKSR-EFI-04" duration="00:00:00.0569165" startTime="2023-12-22T09:33:22.9437007+01:00" endTime="2023-12-22T09:33:23.0062022+01:00" testType="13cdc9d9-ddb5-4fa4-a97d-d965ccfc6d4b" outcome="Passed" testListId="8c84fa94-04c1-424b-9868-57a2d4851a1d" relativeResultsDirectory="7f15c65d-c759-47c7-b011-122a36e2bfd5" />
    <UnitTestResult executionId="decbaa0c-c95a-4d33-bb62-6335defea532" testId="1e45a251-11ae-6a6c-e845-ac9b0a1e119b" testName="Constructor_LoggerIsNull_ArgumentNullExceptionThrown" computerName="DKSR-EFI-04" duration="00:00:00.0015445" startTime="2023-12-22T09:33:20.2405670+01:00" endTime="2023-12-22T09:33:20.2405670+01:00" testType="13cdc9d9-ddb5-4fa4-a97d-d965ccfc6d4b" outcome="Passed" testListId="8c84fa94-04c1-424b-9868-57a2d4851a1d" relativeResultsDirectory="decbaa0c-c95a-4d33-bb62-6335defea532">
      <Output>
        <StdOut>Debug Trace:&#xD;
Fail: Argument null</StdOut>
      </Output>
    </UnitTestResult>
    <UnitTestResult executionId="8034ee9f-88b4-4b0d-886a-ac70927f8401" testId="3ff3bc6d-9bae-1e17-40b6-e5282e1f7ee4" testName="Encrypt_DataSetHasEmptyPassword_PasswordIsStillEmpty" computerName="DKSR-EFI-04" duration="00:00:00.0020579" startTime="2023-12-22T09:33:46.3031918+01:00" endTime="2023-12-22T09:33:46.3031918+01:00" testType="13cdc9d9-ddb5-4fa4-a97d-d965ccfc6d4b" outcome="Passed" testListId="8c84fa94-04c1-424b-9868-57a2d4851a1d" relativeResultsDirectory="8034ee9f-88b4-4b0d-886a-ac70927f8401" />
    <UnitTestResult executionId="4ede711d-0101-4e2c-a837-e11dbffbdc39" testId="5e06726d-c722-a0bd-a2c1-2825468b2b15" testName="HttpClientCommunicatorWrapper_PatchAsyncTObj_CommunicationException" computerName="DKSR-EFI-04" duration="00:00:00.0009901" startTime="2023-12-22T09:33:30.8968672+01:00" endTime="2023-12-22T09:33:30.8968672+01:00" testType="13cdc9d9-ddb5-4fa4-a97d-d965ccfc6d4b" outcome="Passed" testListId="8c84fa94-04c1-424b-9868-57a2d4851a1d" relativeResultsDirectory="4ede711d-0101-4e2c-a837-e11dbffbdc39" />
    <UnitTestResult executionId="ffd0a922-60b4-432b-b512-f5d9c5bd628d" testId="0c10a380-a25b-0db6-28d6-c785dac662f9" testName="HttpClientCommunicatorWrapper_PatchAsync_CommunicationException" computerName="DKSR-EFI-04" duration="00:00:00.0008613" startTime="2023-12-22T09:33:30.8812451+01:00" endTime="2023-12-22T09:33:30.8812451+01:00" testType="13cdc9d9-ddb5-4fa4-a97d-d965ccfc6d4b" outcome="Passed" testListId="8c84fa94-04c1-424b-9868-57a2d4851a1d" relativeResultsDirectory="ffd0a922-60b4-432b-b512-f5d9c5bd628d" />
    <UnitTestResult executionId="ad95d83e-0169-4777-9db5-275c3972b39b" testId="132fb741-b774-7c99-6c3f-97a7e4f0a892" testName="FormatAuthority__BeforeValueIsIpWithPort_FormattedUriHasPort" computerName="DKSR-EFI-04" duration="00:00:00.0005159" startTime="2023-12-22T09:33:23.9280817+01:00" endTime="2023-12-22T09:33:23.9280817+01:00" testType="13cdc9d9-ddb5-4fa4-a97d-d965ccfc6d4b" outcome="Passed" testListId="8c84fa94-04c1-424b-9868-57a2d4851a1d" relativeResultsDirectory="ad95d83e-0169-4777-9db5-275c3972b39b" />
    <UnitTestResult executionId="3da39cce-7c02-4ffb-9774-bbf0aa154810" testId="ec1fcb34-7058-034a-3b55-989749ad663a" testName="Patch_EndPointIsNull_ArgumentNullExceptionThrown" computerName="DKSR-EFI-04" duration="00:00:00.0016799" startTime="2023-12-22T09:33:21.4593207+01:00" endTime="2023-12-22T09:33:21.4593207+01:00" testType="13cdc9d9-ddb5-4fa4-a97d-d965ccfc6d4b" outcome="Passed" testListId="8c84fa94-04c1-424b-9868-57a2d4851a1d" relativeResultsDirectory="3da39cce-7c02-4ffb-9774-bbf0aa154810">
      <Output>
        <StdOut>Debug Trace:&#xD;
Fail: Argument null</StdOut>
      </Output>
    </UnitTestResult>
    <UnitTestResult executionId="21ed7dd8-fd2e-43f9-a547-55250679b48b" testId="c3c3b3ac-b90c-7195-f3dc-273b8f66b68a" testName="DecryptingHardware" computerName="DKSR-EFI-04" duration="00:00:00.0008245" startTime="2023-12-22T09:33:46.9594455+01:00" endTime="2023-12-22T09:33:46.9594455+01:00" testType="13cdc9d9-ddb5-4fa4-a97d-d965ccfc6d4b" outcome="Passed" testListId="8c84fa94-04c1-424b-9868-57a2d4851a1d" relativeResultsDirectory="21ed7dd8-fd2e-43f9-a547-55250679b48b" />
    <UnitTestResult executionId="611049b8-7f07-406f-b272-970be8fceab8" testId="bb031d1f-faa6-a46c-4f43-97f06aeca0f3" testName="CreateHardwareLicenseCountEvaluatorChannel_ValidParameters_Success" computerName="DKSR-EFI-04" duration="00:00:00.0009426" startTime="2023-12-22T09:33:37.6156874+01:00" endTime="2023-12-22T09:33:37.6156874+01:00" testType="13cdc9d9-ddb5-4fa4-a97d-d965ccfc6d4b" outcome="Passed" testListId="8c84fa94-04c1-424b-9868-57a2d4851a1d" relativeResultsDirectory="611049b8-7f07-406f-b272-970be8fceab8" />
    <UnitTestResult executionId="7ab6d2db-5aa8-49f6-a821-083f84c9d477" testId="ba15acdf-6088-f803-6154-34aa090f0329" testName="Receive_EndPointNull_ArgumentNullExceptionThrown" computerName="DKSR-EFI-04" duration="00:00:00.0055704" startTime="2023-12-22T09:33:21.0374434+01:00" endTime="2023-12-22T09:33:21.0374434+01:00" testType="13cdc9d9-ddb5-4fa4-a97d-d965ccfc6d4b" outcome="Passed" testListId="8c84fa94-04c1-424b-9868-57a2d4851a1d" relativeResultsDirectory="7ab6d2db-5aa8-49f6-a821-083f84c9d477">
      <Output>
        <StdOut>Debug Trace:&#xD;
Fail: Argument null</StdOut>
      </Output>
    </UnitTestResult>
    <UnitTestResult executionId="506eb9f5-7595-4aef-ad18-50e7bd073353" testId="0d4cc550-08f2-1d1d-3223-67f19c0afe08" testName="ExceptionResponseModel_NoValuesSet_ValidationFailure" computerName="DKSR-EFI-04" duration="00:00:00.0014716" startTime="2023-12-22T09:33:32.0843714+01:00" endTime="2023-12-22T09:33:32.0843714+01:00" testType="13cdc9d9-ddb5-4fa4-a97d-d965ccfc6d4b" outcome="Passed" testListId="8c84fa94-04c1-424b-9868-57a2d4851a1d" relativeResultsDirectory="506eb9f5-7595-4aef-ad18-50e7bd073353" />
    <UnitTestResult executionId="0e6ecff1-9688-419a-9bbe-2c54bfe74b8f" testId="876ce97f-2560-40db-2a09-5b08ae002395" testName="FeatureInformation_Constructor_ExpiresIsFalse_OnDateTimeMaxValue" computerName="DKSR-EFI-04" duration="00:00:00.0001668" startTime="2023-12-22T09:33:37.3187731+01:00" endTime="2023-12-22T09:33:37.3187731+01:00" testType="13cdc9d9-ddb5-4fa4-a97d-d965ccfc6d4b" outcome="Passed" testListId="8c84fa94-04c1-424b-9868-57a2d4851a1d" relativeResultsDirectory="0e6ecff1-9688-419a-9bbe-2c54bfe74b8f" />
    <UnitTestResult executionId="30898c67-b48b-49b0-84a6-b48f89e835eb" testId="b40b17cd-6334-a9ae-cbaa-166a5c8ac156" testName="Validate_ExactMatch_NotFound_Success" computerName="DKSR-EFI-04" duration="00:00:00.0002591" startTime="2023-12-22T09:33:44.8188088+01:00" endTime="2023-12-22T09:33:44.8188088+01:00" testType="13cdc9d9-ddb5-4fa4-a97d-d965ccfc6d4b" outcome="Passed" testListId="8c84fa94-04c1-424b-9868-57a2d4851a1d" relativeResultsDirectory="30898c67-b48b-49b0-84a6-b48f89e835eb" />
    <UnitTestResult executionId="28dc4ddb-f98b-4cfb-9ecd-95f19b971f32" testId="286a4502-ed93-b14f-8f8b-09e9b94bb48b" testName="Invoke_RequiredScopeFound_NextIsCalled" computerName="DKSR-EFI-04" duration="00:00:00.0020479" startTime="2023-12-22T09:33:30.5999883+01:00" endTime="2023-12-22T09:33:30.5999883+01:00" testType="13cdc9d9-ddb5-4fa4-a97d-d965ccfc6d4b" outcome="Passed" testListId="8c84fa94-04c1-424b-9868-57a2d4851a1d" relativeResultsDirectory="28dc4ddb-f98b-4cfb-9ecd-95f19b971f32" />
    <UnitTestResult executionId="dd045945-22b5-461e-b069-90281d7cb525" testId="92de0608-fe98-a28c-fade-1d4b23f99d50" testName="StreamsConfiguration_ValidateConfiguration_No_Recording_Streams_ExactlyOneRecordingStreamError" computerName="DKSR-EFI-04" duration="00:00:00.0099737" startTime="2023-12-22T09:33:29.6624852+01:00" endTime="2023-12-22T09:33:29.6781105+01:00" testType="13cdc9d9-ddb5-4fa4-a97d-d965ccfc6d4b" outcome="Passed" testListId="8c84fa94-04c1-424b-9868-57a2d4851a1d" relativeResultsDirectory="dd045945-22b5-461e-b069-90281d7cb525" />
    <UnitTestResult executionId="457af61a-8b5a-49da-9ac8-f6e6bdfacbee" testId="7a2a8518-d77f-ab62-355c-6a54533e9cdf" testName="Constructor_CreatesEmptyIndexes_OnIcpHw" computerName="DKSR-EFI-04" duration="00:00:00.0016147" startTime="2023-12-22T09:33:37.1156466+01:00" endTime="2023-12-22T09:33:37.1156466+01:00" testType="13cdc9d9-ddb5-4fa4-a97d-d965ccfc6d4b" outcome="Passed" testListId="8c84fa94-04c1-424b-9868-57a2d4851a1d" relativeResultsDirectory="457af61a-8b5a-49da-9ac8-f6e6bdfacbee" />
    <UnitTestResult executionId="d55e7a82-87d6-432c-ad91-a06b4aef0098" testId="d5d86913-9259-1dc9-8e1f-ca19d2ddbe87" testName="BaseHtmlLicenseReport_CreateHeader_NullTitle_ExpectEmptyString" computerName="DKSR-EFI-04" duration="00:00:00.0005634" startTime="2023-12-22T09:33:37.1781470+01:00" endTime="2023-12-22T09:33:37.1781470+01:00" testType="13cdc9d9-ddb5-4fa4-a97d-d965ccfc6d4b" outcome="Passed" testListId="8c84fa94-04c1-424b-9868-57a2d4851a1d" relativeResultsDirectory="d55e7a82-87d6-432c-ad91-a06b4aef0098" />
    <UnitTestResult executionId="2617614e-8855-41a6-9d8a-6f6aa7829424" testId="6d6d4649-f74c-00f6-7c94-65b35a1f1a78" testName="GetRecorderSNMPId_ServerEvent" computerName="DKSR-EFI-04" duration="00:00:00.0001585" startTime="2023-12-22T09:33:45.1469365+01:00" endTime="2023-12-22T09:33:45.1469365+01:00" testType="13cdc9d9-ddb5-4fa4-a97d-d965ccfc6d4b" outcome="Passed" testListId="8c84fa94-04c1-424b-9868-57a2d4851a1d" relativeResultsDirectory="2617614e-8855-41a6-9d8a-6f6aa7829424" />
    <UnitTestResult executionId="f39e3808-c882-4d83-b012-360f0eecea0d" testId="f6b2ccce-1127-a730-3d1d-178de6661793" testName="ErrorResponseModel_NoValuesSet_ValidationFailure" computerName="DKSR-EFI-04" duration="00:00:00.0018393" startTime="2023-12-22T09:33:32.0687467+01:00" endTime="2023-12-22T09:33:32.0687467+01:00" testType="13cdc9d9-ddb5-4fa4-a97d-d965ccfc6d4b" outcome="Passed" testListId="8c84fa94-04c1-424b-9868-57a2d4851a1d" relativeResultsDirectory="f39e3808-c882-4d83-b012-360f0eecea0d" />
    <UnitTestResult executionId="a41154de-c4fb-4992-bdc7-484ba7b36f72" testId="16f54115-1e93-c4e9-ee1d-7738cd482ed6" testName="Update_XmlHasNoPassword_XmlIsUnchanged" computerName="DKSR-EFI-04" duration="00:00:00.0003685" startTime="2023-12-22T09:33:46.9594455+01:00" endTime="2023-12-22T09:33:46.9594455+01:00" testType="13cdc9d9-ddb5-4fa4-a97d-d965ccfc6d4b" outcome="Passed" testListId="8c84fa94-04c1-424b-9868-57a2d4851a1d" relativeResultsDirectory="a41154de-c4fb-4992-bdc7-484ba7b36f72" />
    <UnitTestResult executionId="5eacd648-f3bb-4ccc-a743-d3a5e2fbfa11" testId="a34f5e56-3a10-d59a-ae32-fe0e930ffbeb" testName="ScanParameters_ModificationTest" computerName="DKSR-EFI-04" duration="00:00:00.0024103" startTime="2023-12-22T09:33:23.6155827+01:00" endTime="2023-12-22T09:33:23.6155827+01:00" testType="13cdc9d9-ddb5-4fa4-a97d-d965ccfc6d4b" outcome="Passed" testListId="8c84fa94-04c1-424b-9868-57a2d4851a1d" relativeResultsDirectory="5eacd648-f3bb-4ccc-a743-d3a5e2fbfa11" />
    <UnitTestResult executionId="9b9354e9-0339-4eff-a689-20b79f1cd49a" testId="f6716c04-2f0b-c495-1ad6-1fd1bedb71cd" testName="LocalCommandProcessorResponseCollector_GetNextResponse_SuccessResponse" computerName="DKSR-EFI-04" duration="00:00:00.0140300" startTime="2023-12-22T09:33:47.5688228+01:00" endTime="2023-12-22T09:33:47.5844482+01:00" testType="13cdc9d9-ddb5-4fa4-a97d-d965ccfc6d4b" outcome="Passed" testListId="8c84fa94-04c1-424b-9868-57a2d4851a1d" relativeResultsDirectory="9b9354e9-0339-4eff-a689-20b79f1cd49a" />
    <UnitTestResult executionId="3474a4c2-9f10-45f0-bd45-d2e3e0cf9888" testId="5b0b6c0e-fe77-f328-38b6-99d7d47feac9" testName="BaseHtmlLicenseReport_SvgImageLink_WithClass_Success" computerName="DKSR-EFI-04" duration="00:00:00.0001856" startTime="2023-12-22T09:33:37.2093981+01:00" endTime="2023-12-22T09:33:37.2093981+01:00" testType="13cdc9d9-ddb5-4fa4-a97d-d965ccfc6d4b" outcome="Passed" testListId="8c84fa94-04c1-424b-9868-57a2d4851a1d" relativeResultsDirectory="3474a4c2-9f10-45f0-bd45-d2e3e0cf9888" />
    <UnitTestResult executionId="93410f06-59c9-471f-827a-44e41d3ee778" testId="a5c71af1-2277-db72-cf95-9e91c4704471" testName="Mac_Address_Empty_Test_StringEmpty" computerName="DKSR-EFI-04" duration="00:00:00.0005840" startTime="2023-12-22T09:33:44.7406850+01:00" endTime="2023-12-22T09:33:44.7406850+01:00" testType="13cdc9d9-ddb5-4fa4-a97d-d965ccfc6d4b" outcome="Passed" testListId="8c84fa94-04c1-424b-9868-57a2d4851a1d" relativeResultsDirectory="93410f06-59c9-471f-827a-44e41d3ee778" />
    <UnitTestResult executionId="c0af4e87-608d-4e7c-89f4-be466805df08" testId="01e71314-81c5-4366-34cc-41198de89a47" testName="ToModelRule_LogEntryNull_ArgumentNullException" computerName="DKSR-EFI-04" duration="00:00:00.0010048" startTime="2023-12-22T09:33:31.9437456+01:00" endTime="2023-12-22T09:33:31.9437456+01:00" testType="13cdc9d9-ddb5-4fa4-a97d-d965ccfc6d4b" outcome="Passed" testListId="8c84fa94-04c1-424b-9868-57a2d4851a1d" relativeResultsDirectory="c0af4e87-608d-4e7c-89f4-be466805df08" />
    <UnitTestResult executionId="24cfac89-d0fc-4ac9-8844-aef5c168ae33" testId="918449ac-7842-0217-48ec-6ef6d3756493" testName="Config_To_Xml_To_Config_Success" computerName="DKSR-EFI-04" duration="00:00:00.0008012" startTime="2023-12-22T09:33:46.4438190+01:00" endTime="2023-12-22T09:33:46.4438190+01:00" testType="13cdc9d9-ddb5-4fa4-a97d-d965ccfc6d4b" outcome="Passed" testListId="8c84fa94-04c1-424b-9868-57a2d4851a1d" relativeResultsDirectory="24cfac89-d0fc-4ac9-8844-aef5c168ae33" />
    <UnitTestResult executionId="013ea806-adae-453c-ba66-46068e2f3b6b" testId="f5445669-43ba-6d54-8564-853499572f07" testName="ServiceContainer_GetRequiredService_ServiceRegistered_IsNotNull" computerName="DKSR-EFI-04" duration="00:00:00.0038892" startTime="2023-12-22T09:33:21.5374452+01:00" endTime="2023-12-22T09:33:21.5374452+01:00" testType="13cdc9d9-ddb5-4fa4-a97d-d965ccfc6d4b" outcome="Passed" testListId="8c84fa94-04c1-424b-9868-57a2d4851a1d" relativeResultsDirectory="013ea806-adae-453c-ba66-46068e2f3b6b" />
    <UnitTestResult executionId="fc7012f1-d563-40c6-993b-5f069a15ef83" testId="aa4fc76c-189f-e563-9f8f-3e22961849d3" testName="ServiceDiscoveryEngine_Construction_TimespanZero_ArgumentOutOfRangeException" computerName="DKSR-EFI-04" duration="00:00:00.0007120" startTime="2023-12-22T09:33:32.2093713+01:00" endTime="2023-12-22T09:33:32.2093713+01:00" testType="13cdc9d9-ddb5-4fa4-a97d-d965ccfc6d4b" outcome="Passed" testListId="8c84fa94-04c1-424b-9868-57a2d4851a1d" relativeResultsDirectory="fc7012f1-d563-40c6-993b-5f069a15ef83" />
    <UnitTestResult executionId="7c2cdbc3-f332-42fb-9527-12b8eadad676" testId="7cc96cf4-3fc7-1e69-bf47-4fdca4a95242" testName="ServiceConnectionStatus_CommunicationError_Offline_Default" computerName="DKSR-EFI-04" duration="00:00:00.0015257" startTime="2023-12-22T09:33:29.1156087+01:00" endTime="2023-12-22T09:33:29.1312331+01:00" testType="13cdc9d9-ddb5-4fa4-a97d-d965ccfc6d4b" outcome="Passed" testListId="8c84fa94-04c1-424b-9868-57a2d4851a1d" relativeResultsDirectory="7c2cdbc3-f332-42fb-9527-12b8eadad676" />
    <UnitTestResult executionId="bf13cbcd-137b-418a-a349-bdc014c6c224" testId="f35d4fb1-645e-abe5-c8af-3657cb078d61" testName="ReadChildElementValueAsUInt16_RangeCheck_Min" computerName="DKSR-EFI-04" duration="00:00:00.0021251" startTime="2023-12-22T09:33:23.8499559+01:00" endTime="2023-12-22T09:33:23.8499559+01:00" testType="13cdc9d9-ddb5-4fa4-a97d-d965ccfc6d4b" outcome="Passed" testListId="8c84fa94-04c1-424b-9868-57a2d4851a1d" relativeResultsDirectory="bf13cbcd-137b-418a-a349-bdc014c6c224" />
    <UnitTestResult executionId="ab1bafa5-43cd-4327-a042-49730c5b8a3b" testId="b9eb7949-9592-5c0d-f17c-cbec8d004d54" testName="OnActionExecuting_ModelStateValid_NoReponseSet" computerName="DKSR-EFI-04" duration="00:00:00.0523610" startTime="2023-12-22T09:33:19.4905596+01:00" endTime="2023-12-22T09:33:19.5530616+01:00" testType="13cdc9d9-ddb5-4fa4-a97d-d965ccfc6d4b" outcome="Passed" testListId="8c84fa94-04c1-424b-9868-57a2d4851a1d" relativeResultsDirectory="ab1bafa5-43cd-4327-a042-49730c5b8a3b" />
    <UnitTestResult executionId="0770877c-e44d-4ece-a006-e01d9b3447c1" testId="5c50edbc-b393-455d-64e6-d02883451fc6" testName="ModelValidation_ValidModel_Success" computerName="DKSR-EFI-04" duration="00:00:00.0018592" startTime="2023-12-22T09:33:31.7093695+01:00" endTime="2023-12-22T09:33:31.7093695+01:00" testType="13cdc9d9-ddb5-4fa4-a97d-d965ccfc6d4b" outcome="Passed" testListId="8c84fa94-04c1-424b-9868-57a2d4851a1d" relativeResultsDirectory="0770877c-e44d-4ece-a006-e01d9b3447c1" />
    <UnitTestResult executionId="eefcf831-e765-4f78-876b-a24fc7e999d1" testId="965058a9-623e-3f67-ec48-3e2a86175441" testName="ServerFileStorageCleanupService_Constructor_NullCheck" computerName="DKSR-EFI-04" duration="00:00:00.0015399" startTime="2023-12-22T09:33:24.6155847+01:00" endTime="2023-12-22T09:33:24.6332390+01:00" testType="13cdc9d9-ddb5-4fa4-a97d-d965ccfc6d4b" outcome="Passed" testListId="8c84fa94-04c1-424b-9868-57a2d4851a1d" relativeResultsDirectory="eefcf831-e765-4f78-876b-a24fc7e999d1" />
    <UnitTestResult executionId="d6679018-71a8-4edc-980f-ff38fe5bc4f7" testId="13bf9995-f3c6-c458-0900-0c1656bf0291" testName="LogEntryModel_JsonSerializeDesirialize_Success" computerName="DKSR-EFI-04" duration="00:00:00.0404360" startTime="2023-12-22T09:33:31.9437456+01:00" endTime="2023-12-22T09:33:31.9906209+01:00" testType="13cdc9d9-ddb5-4fa4-a97d-d965ccfc6d4b" outcome="Passed" testListId="8c84fa94-04c1-424b-9868-57a2d4851a1d" relativeResultsDirectory="d6679018-71a8-4edc-980f-ff38fe5bc4f7" />
    <UnitTestResult executionId="86b4db41-b12f-4a7d-8647-d7df046eee2b" testId="218e4c1d-1f10-9106-fd02-efc940b786c5" testName="CreateHttpUri_HttpsNonDefaultPort_UseDefaultPortTrue_BecomesHttpPort80" computerName="DKSR-EFI-04" duration="00:00:00.0003214" startTime="2023-12-22T09:33:47.3969472+01:00" endTime="2023-12-22T09:33:47.3969472+01:00" testType="13cdc9d9-ddb5-4fa4-a97d-d965ccfc6d4b" outcome="Passed" testListId="8c84fa94-04c1-424b-9868-57a2d4851a1d" relativeResultsDirectory="86b4db41-b12f-4a7d-8647-d7df046eee2b" />
    <UnitTestResult executionId="078d8785-9f28-4828-b30b-294cf115aa4a" testId="b3bb629b-5506-468f-c9ec-1ff55314abb1" testName="CreateHttpsUri_FtpDefaultPort_UseDefaultPortTrue_BecomesHttpsPort443" computerName="DKSR-EFI-04" duration="00:00:00.0002055" startTime="2023-12-22T09:33:47.4438223+01:00" endTime="2023-12-22T09:33:47.4438223+01:00" testType="13cdc9d9-ddb5-4fa4-a97d-d965ccfc6d4b" outcome="Passed" testListId="8c84fa94-04c1-424b-9868-57a2d4851a1d" relativeResultsDirectory="078d8785-9f28-4828-b30b-294cf115aa4a" />
    <UnitTestResult executionId="f60ac227-b554-4917-9493-01f0d481d5ee" testId="0c82128a-6ae3-e05a-aa69-3b6f049e0b27" testName="LicenseDocument_ActivatedDate__ReturnsMinDate_OnNoActivatedNodeInXml" computerName="DKSR-EFI-04" duration="00:00:00.0018436" startTime="2023-12-22T09:33:44.3500585+01:00" endTime="2023-12-22T09:33:44.3500585+01:00" testType="13cdc9d9-ddb5-4fa4-a97d-d965ccfc6d4b" outcome="Passed" testListId="8c84fa94-04c1-424b-9868-57a2d4851a1d" relativeResultsDirectory="f60ac227-b554-4917-9493-01f0d481d5ee" />
    <UnitTestResult executionId="f0212b48-12c4-46c4-a1cc-39a414751701" testId="69f33621-cf63-0045-c6b8-318fe0216f67" testName="IsValidByteString_InvalidStrings_Return_False" computerName="DKSR-EFI-04" duration="00:00:00.0001365" startTime="2023-12-22T09:33:47.8031982+01:00" endTime="2023-12-22T09:33:47.8031982+01:00" testType="13cdc9d9-ddb5-4fa4-a97d-d965ccfc6d4b" outcome="Passed" testListId="8c84fa94-04c1-424b-9868-57a2d4851a1d" relativeResultsDirectory="f0212b48-12c4-46c4-a1cc-39a414751701" />
    <UnitTestResult executionId="13677e43-eba0-47fc-aaf2-a3691c7ec88b" testId="e5cf07e9-ee50-38c9-0a10-0e2fe63320d9" testName="ParseAsBytes_Empty_Success" computerName="DKSR-EFI-04" duration="00:00:00.0001174" startTime="2023-12-22T09:33:47.8031982+01:00" endTime="2023-12-22T09:33:47.8031982+01:00" testType="13cdc9d9-ddb5-4fa4-a97d-d965ccfc6d4b" outcome="Passed" testListId="8c84fa94-04c1-424b-9868-57a2d4851a1d" relativeResultsDirectory="13677e43-eba0-47fc-aaf2-a3691c7ec88b" />
    <UnitTestResult executionId="7178f09f-efcd-4226-8651-58356b5ecd09" testId="b6fa179e-af5a-a8b7-baa1-7671149ebf45" testName="CreateHttpUri_NoSchemeWithPort_UsePort444_BecomesHttpsPort444" computerName="DKSR-EFI-04" duration="00:00:00.0002049" startTime="2023-12-22T09:33:47.4438223+01:00" endTime="2023-12-22T09:33:47.4438223+01:00" testType="13cdc9d9-ddb5-4fa4-a97d-d965ccfc6d4b" outcome="Passed" testListId="8c84fa94-04c1-424b-9868-57a2d4851a1d" relativeResultsDirectory="7178f09f-efcd-4226-8651-58356b5ecd09" />
    <UnitTestResult executionId="8bf5b5d8-8ab9-457d-9e71-417128548fc7" testId="31e792dd-c6fc-b93a-5ca8-a735cea9d4ad" testName="PtzPresetCollection_SaveXml_Success" computerName="DKSR-EFI-04" duration="00:00:00.0012730" startTime="2023-12-22T09:33:24.3968364+01:00" endTime="2023-12-22T09:33:24.3968364+01:00" testType="13cdc9d9-ddb5-4fa4-a97d-d965ccfc6d4b" outcome="Passed" testListId="8c84fa94-04c1-424b-9868-57a2d4851a1d" relativeResultsDirectory="8bf5b5d8-8ab9-457d-9e71-417128548fc7" />
    <UnitTestResult executionId="bfb4bff3-8fd5-47de-add5-c1477686ec2b" testId="7128909f-e107-9c87-d4cd-5199eb995a3f" testName="Encrypt_DataSetHasNoRows_DataSetIsNotChanged" computerName="DKSR-EFI-04" duration="00:00:00.0021751" startTime="2023-12-22T09:33:46.3813177+01:00" endTime="2023-12-22T09:33:46.3813177+01:00" testType="13cdc9d9-ddb5-4fa4-a97d-d965ccfc6d4b" outcome="Passed" testListId="8c84fa94-04c1-424b-9868-57a2d4851a1d" relativeResultsDirectory="bfb4bff3-8fd5-47de-add5-c1477686ec2b" />
    <UnitTestResult executionId="7aa46785-39cb-49b0-b6c9-d5684ff83e68" testId="f51863d4-4c6c-be5d-7493-51a81dd479eb" testName="ServerFileSystemResponseQueryDrivesModel_NoValuesSet_ValidationFailure" computerName="DKSR-EFI-04" duration="00:00:00.0033960" startTime="2023-12-22T09:33:30.1781150+01:00" endTime="2023-12-22T09:33:30.1781150+01:00" testType="13cdc9d9-ddb5-4fa4-a97d-d965ccfc6d4b" outcome="Passed" testListId="8c84fa94-04c1-424b-9868-57a2d4851a1d" relativeResultsDirectory="7aa46785-39cb-49b0-b6c9-d5684ff83e68" />
    <UnitTestResult executionId="b80ac164-234f-4829-b745-ad1affd41cf1" testId="a62cf2d3-360c-f1c5-f4cc-28ea45002ca5" testName="ModelValidation_RequiredPropertiesAreNull_Failed" computerName="DKSR-EFI-04" duration="00:00:00.0025763" startTime="2023-12-22T09:33:31.6781206+01:00" endTime="2023-12-22T09:33:31.6781206+01:00" testType="13cdc9d9-ddb5-4fa4-a97d-d965ccfc6d4b" outcome="Passed" testListId="8c84fa94-04c1-424b-9868-57a2d4851a1d" relativeResultsDirectory="b80ac164-234f-4829-b745-ad1affd41cf1" />
    <UnitTestResult executionId="a6c5ab12-68df-463e-bed7-990b049a983e" testId="9ab4e107-35c8-ac95-d475-7402195487f1" testName="AddRange_ThrowsArgumentNullException_OnNullAsList" computerName="DKSR-EFI-04" duration="00:00:00.0006677" startTime="2023-12-22T09:33:44.8813101+01:00" endTime="2023-12-22T09:33:44.8813101+01:00" testType="13cdc9d9-ddb5-4fa4-a97d-d965ccfc6d4b" outcome="Passed" testListId="8c84fa94-04c1-424b-9868-57a2d4851a1d" relativeResultsDirectory="a6c5ab12-68df-463e-bed7-990b049a983e" />
    <UnitTestResult executionId="fe5826dc-9340-4c15-80de-12047beb6583" testId="1788b1c8-8550-8ec7-916f-51b6ac1b19d1" testName="Validate_DevicesCountUsingOneLicense_NotShown_WhenTheCountIsZero" computerName="DKSR-EFI-04" duration="00:00:00.0018650" startTime="2023-12-22T09:33:44.5688080+01:00" endTime="2023-12-22T09:33:44.5688080+01:00" testType="13cdc9d9-ddb5-4fa4-a97d-d965ccfc6d4b" outcome="Passed" testListId="8c84fa94-04c1-424b-9868-57a2d4851a1d" relativeResultsDirectory="fe5826dc-9340-4c15-80de-12047beb6583" />
    <UnitTestResult executionId="efc2a880-2f70-4f7e-84d5-a3d2745aae59" testId="4310c827-8132-10c8-838c-8aea506460dc" testName="EncryptConfigurationDataSet_EncryptLicenseRsaKeySystemSetting_SettingIsEncrypted" computerName="DKSR-EFI-04" duration="00:00:00.0007728" startTime="2023-12-22T09:33:46.9281964+01:00" endTime="2023-12-22T09:33:46.9281964+01:00" testType="13cdc9d9-ddb5-4fa4-a97d-d965ccfc6d4b" outcome="Passed" testListId="8c84fa94-04c1-424b-9868-57a2d4851a1d" relativeResultsDirectory="efc2a880-2f70-4f7e-84d5-a3d2745aae59" />
    <UnitTestResult executionId="433c444b-f430-4f2b-8013-057ec4d31ff2" testId="84301692-b472-5f6e-1737-760f9edcea65" testName="EncryptingActivationCredentialsSystemSetting" computerName="DKSR-EFI-04" duration="00:00:00.0007165" startTime="2023-12-22T09:33:46.9125692+01:00" endTime="2023-12-22T09:33:46.9125692+01:00" testType="13cdc9d9-ddb5-4fa4-a97d-d965ccfc6d4b" outcome="Passed" testListId="8c84fa94-04c1-424b-9868-57a2d4851a1d" relativeResultsDirectory="433c444b-f430-4f2b-8013-057ec4d31ff2" />
    <UnitTestResult executionId="a0fa6276-49fa-441a-88d6-bf968fd4b401" testId="3b0abe57-b586-f61c-8b8a-8c5dd2e2ea03" testName="ModelValidation_RequiredPropertiesAreNull_Failed" computerName="DKSR-EFI-04" duration="00:00:00.0038880" startTime="2023-12-22T09:33:31.6937468+01:00" endTime="2023-12-22T09:33:31.6937468+01:00" testType="13cdc9d9-ddb5-4fa4-a97d-d965ccfc6d4b" outcome="Passed" testListId="8c84fa94-04c1-424b-9868-57a2d4851a1d" relativeResultsDirectory="a0fa6276-49fa-441a-88d6-bf968fd4b401" />
    <UnitTestResult executionId="3d410a5d-909e-49cd-abeb-0056be4f88d1" testId="3d79641c-fc7b-517f-c041-301f5aa214bc" testName="ScanResult_ToXmlRemovePasswords_XmlWithoutPasswords" computerName="DKSR-EFI-04" duration="00:00:00.0018103" startTime="2023-12-22T09:33:23.6937070+01:00" endTime="2023-12-22T09:33:23.6937070+01:00" testType="13cdc9d9-ddb5-4fa4-a97d-d965ccfc6d4b" outcome="Passed" testListId="8c84fa94-04c1-424b-9868-57a2d4851a1d" relativeResultsDirectory="3d410a5d-909e-49cd-abeb-0056be4f88d1" />
    <UnitTestResult executionId="e8119acf-66a0-4744-9b1c-f895ce8b3c42" testId="71f52ade-acf3-df28-374d-551fa3fa4768" testName="DatabaseResponseDiskUsagesModel_NoValuesSet_ValidationFailure" computerName="DKSR-EFI-04" duration="00:00:00.0013070" startTime="2023-12-22T09:33:30.1312368+01:00" endTime="2023-12-22T09:33:30.1312368+01:00" testType="13cdc9d9-ddb5-4fa4-a97d-d965ccfc6d4b" outcome="Passed" testListId="8c84fa94-04c1-424b-9868-57a2d4851a1d" relativeResultsDirectory="e8119acf-66a0-4744-9b1c-f895ce8b3c42" />
    <UnitTestResult executionId="7cebee5a-9ec4-4f95-9068-8b07b7da7580" testId="0aec4cd5-5e68-1c1f-83c2-aa6c867c75b7" testName="CustomLicenseType_FeatureFlagNotPresent" computerName="DKSR-EFI-04" duration="00:00:00.0162268" startTime="2023-12-22T09:33:37.2250222+01:00" endTime="2023-12-22T09:33:37.2406458+01:00" testType="13cdc9d9-ddb5-4fa4-a97d-d965ccfc6d4b" outcome="Passed" testListId="8c84fa94-04c1-424b-9868-57a2d4851a1d" relativeResultsDirectory="7cebee5a-9ec4-4f95-9068-8b07b7da7580" />
    <UnitTestResult executionId="9d0591ee-61c5-4698-ac57-5410641afaca" testId="e7cc93b2-fdd2-508f-f12f-182c0022ef49" testName="HardwareScanModel_Validate_Success" computerName="DKSR-EFI-04" duration="00:00:00.0031897" startTime="2023-12-22T09:33:31.3812427+01:00" endTime="2023-12-22T09:33:31.3812427+01:00" testType="13cdc9d9-ddb5-4fa4-a97d-d965ccfc6d4b" outcome="Passed" testListId="8c84fa94-04c1-424b-9868-57a2d4851a1d" relativeResultsDirectory="9d0591ee-61c5-4698-ac57-5410641afaca" />
    <UnitTestResult executionId="2c45cc97-656b-451e-abea-dfb001eaa7e1" testId="b5eece68-50d9-334f-55f7-c7e363a299dc" testName="IsMember_NoProvider" computerName="DKSR-EFI-04" duration="00:00:00.0009934" startTime="2023-12-22T09:33:47.9750752+01:00" endTime="2023-12-22T09:33:47.9907005+01:00" testType="13cdc9d9-ddb5-4fa4-a97d-d965ccfc6d4b" outcome="Passed" testListId="8c84fa94-04c1-424b-9868-57a2d4851a1d" relativeResultsDirectory="2c45cc97-656b-451e-abea-dfb001eaa7e1" />
    <UnitTestResult executionId="7867a4f6-e384-42e8-8f99-39ffced38499" testId="aaeac908-ec85-0403-dc8f-861a68273bb8" testName="DecryptingSmtpPasswordSystemSetting" computerName="DKSR-EFI-04" duration="00:00:00.0007622" startTime="2023-12-22T09:33:46.9281964+01:00" endTime="2023-12-22T09:33:46.9281964+01:00" testType="13cdc9d9-ddb5-4fa4-a97d-d965ccfc6d4b" outcome="Passed" testListId="8c84fa94-04c1-424b-9868-57a2d4851a1d" relativeResultsDirectory="7867a4f6-e384-42e8-8f99-39ffced38499" />
    <UnitTestResult executionId="d357a989-1e1c-4817-aeb2-cfcadc7a599b" testId="3d251fad-ae28-1fbc-ccc8-e2ccdc4c29bc" testName="ReadIdentityFromCache_NoProvider" computerName="DKSR-EFI-04" duration="00:00:00.0033215" startTime="2023-12-22T09:33:47.8969509+01:00" endTime="2023-12-22T09:33:47.8969509+01:00" testType="13cdc9d9-ddb5-4fa4-a97d-d965ccfc6d4b" outcome="Passed" testListId="8c84fa94-04c1-424b-9868-57a2d4851a1d" relativeResultsDirectory="d357a989-1e1c-4817-aeb2-cfcadc7a599b" />
    <UnitTestResult executionId="4ca2903b-beba-4759-9e4a-e15a1fcecd5c" testId="750014a1-0857-0d0b-44f3-fcfa369b7c2e" testName="CreateInstance_ValidName_ValidSearchMethod_Exact_Success" computerName="DKSR-EFI-04" duration="00:00:00.0001559" startTime="2023-12-22T09:33:44.8031840+01:00" endTime="2023-12-22T09:33:44.8031840+01:00" testType="13cdc9d9-ddb5-4fa4-a97d-d965ccfc6d4b" outcome="Passed" testListId="8c84fa94-04c1-424b-9868-57a2d4851a1d" relativeResultsDirectory="4ca2903b-beba-4759-9e4a-e15a1fcecd5c" />
    <UnitTestResult executionId="0f7d1c78-0ef3-4083-a472-51f60189cdc3" testId="30c683e9-51dc-de30-6884-521787acbf6b" testName="CheckAllMIPFiltersKindsTestNotOk3" computerName="DKSR-EFI-04" duration="00:00:00.0001528" startTime="2023-12-22T09:33:34.4750088+01:00" endTime="2023-12-22T09:33:34.4750088+01:00" testType="13cdc9d9-ddb5-4fa4-a97d-d965ccfc6d4b" outcome="Passed" testListId="8c84fa94-04c1-424b-9868-57a2d4851a1d" relativeResultsDirectory="0f7d1c78-0ef3-4083-a472-51f60189cdc3" />
    <UnitTestResult executionId="8bb43192-9dac-4ec3-8ce9-0f4004cba2c8" testId="f3174896-e5c0-e367-e050-43f58b5eee43" testName="UniqueIndex_RemoveEntry_Null_Throws_ArgumentNllException" computerName="DKSR-EFI-04" duration="00:00:00.0039074" startTime="2023-12-22T09:33:23.9905811+01:00" endTime="2023-12-22T09:33:23.9905811+01:00" testType="13cdc9d9-ddb5-4fa4-a97d-d965ccfc6d4b" outcome="Passed" testListId="8c84fa94-04c1-424b-9868-57a2d4851a1d" relativeResultsDirectory="8bb43192-9dac-4ec3-8ce9-0f4004cba2c8">
      <Output>
        <StdOut>Debug Trace:&#xD;
Fail: Argument null</StdOut>
      </Output>
    </UnitTestResult>
    <UnitTestResult executionId="45b79f27-319c-48bf-9590-ae85d00a95b6" testId="6be716f5-8d61-7a08-222c-1b312f108925" testName="SecurityUserTokensModel_Json_Serialize_Deserialize" computerName="DKSR-EFI-04" duration="00:00:00.0915334" startTime="2023-12-22T09:33:31.5687455+01:00" endTime="2023-12-22T09:33:31.6624956+01:00" testType="13cdc9d9-ddb5-4fa4-a97d-d965ccfc6d4b" outcome="Passed" testListId="8c84fa94-04c1-424b-9868-57a2d4851a1d" relativeResultsDirectory="45b79f27-319c-48bf-9590-ae85d00a95b6">
      <Output>
        <StdOut>Debug Trace:&#xD;
Fail: Only use this constructor for unavailable tokens</StdOut>
      </Output>
    </UnitTestResult>
    <UnitTestResult executionId="959283b7-9b62-42b5-bb72-3735779a86ae" testId="6e87259d-09b3-67d2-6e70-1aa4e1eba859" testName="Transform_XmlWithEmptyValues" computerName="DKSR-EFI-04" duration="00:00:00.0005524" startTime="2023-12-22T09:33:46.8188178+01:00" endTime="2023-12-22T09:33:46.8344455+01:00" testType="13cdc9d9-ddb5-4fa4-a97d-d965ccfc6d4b" outcome="Passed" testListId="8c84fa94-04c1-424b-9868-57a2d4851a1d" relativeResultsDirectory="959283b7-9b62-42b5-bb72-3735779a86ae" />
    <UnitTestResult executionId="182930c5-9b81-48d4-b21f-af5aa36ced40" testId="b40a2f62-cd09-ca7d-1397-74cf0ee9e432" testName="VersionExtensions_GetVersionWithoutBuild_Success" computerName="DKSR-EFI-04" duration="00:00:00.0003146" startTime="2023-12-22T09:33:44.8969344+01:00" endTime="2023-12-22T09:33:44.8969344+01:00" testType="13cdc9d9-ddb5-4fa4-a97d-d965ccfc6d4b" outcome="Passed" testListId="8c84fa94-04c1-424b-9868-57a2d4851a1d" relativeResultsDirectory="182930c5-9b81-48d4-b21f-af5aa36ced40" />
    <UnitTestResult executionId="3ef18969-f322-466d-9757-179284f4baf6" testId="85d070a8-e801-beef-49d4-bf90eff55dd0" testName="ChangeSchemeReturnsCorrectUri" computerName="DKSR-EFI-04" duration="00:00:00.0040122" startTime="2023-12-22T09:33:44.8813101+01:00" endTime="2023-12-22T09:33:44.8813101+01:00" testType="13cdc9d9-ddb5-4fa4-a97d-d965ccfc6d4b" outcome="Passed" testListId="8c84fa94-04c1-424b-9868-57a2d4851a1d" relativeResultsDirectory="3ef18969-f322-466d-9757-179284f4baf6" />
    <UnitTestResult executionId="3a1f30e9-ed01-42b7-9c3f-d010f6c5913c" testId="40b0bf9f-69d6-7f7e-3fea-42f3920f4584" testName="ToModelSystem_LogEntryNull_ArgumentNullException" computerName="DKSR-EFI-04" duration="00:00:00.0007966" startTime="2023-12-22T09:33:31.8968715+01:00" endTime="2023-12-22T09:33:31.8968715+01:00" testType="13cdc9d9-ddb5-4fa4-a97d-d965ccfc6d4b" outcome="Passed" testListId="8c84fa94-04c1-424b-9868-57a2d4851a1d" relativeResultsDirectory="3a1f30e9-ed01-42b7-9c3f-d010f6c5913c" />
    <UnitTestResult executionId="f2c35ff9-739e-43fe-8653-d5d651dddbd8" testId="358b74e6-fc55-da99-0e75-25e1c80c198a" testName="HttpClientCommunicatorWrapper_SendAsyncTObjHttp_CommunicationException" computerName="DKSR-EFI-04" duration="00:00:00.0013228" startTime="2023-12-22T09:33:30.9281140+01:00" endTime="2023-12-22T09:33:30.9281140+01:00" testType="13cdc9d9-ddb5-4fa4-a97d-d965ccfc6d4b" outcome="Passed" testListId="8c84fa94-04c1-424b-9868-57a2d4851a1d" relativeResultsDirectory="f2c35ff9-739e-43fe-8653-d5d651dddbd8" />
    <UnitTestResult executionId="0963ee9b-32b2-4099-a6ae-b5a06dc65170" testId="aff89e7a-22e7-3b3e-1ce8-459408217c65" testName="WhiteList_IsModelWhiteListed_HWWith12CH_ModelMaxChannelCountIs16GlobalMaxChannelCountIs10_ReturnsTrue" computerName="DKSR-EFI-04" duration="00:00:00.0006032" startTime="2023-12-22T09:33:44.6781843+01:00" endTime="2023-12-22T09:33:44.6781843+01:00" testType="13cdc9d9-ddb5-4fa4-a97d-d965ccfc6d4b" outcome="Passed" testListId="8c84fa94-04c1-424b-9868-57a2d4851a1d" relativeResultsDirectory="0963ee9b-32b2-4099-a6ae-b5a06dc65170" />
    <UnitTestResult executionId="e5387dd5-72b4-40b6-a207-982bff538f17" testId="4de2965f-e6e4-41a4-269e-1244a87a7aa6" testName="Sendc_AuthenticationException_RetryAndSuccess" computerName="DKSR-EFI-04" duration="00:00:00.0327584" startTime="2023-12-22T09:33:20.9905686+01:00" endTime="2023-12-22T09:33:21.0218186+01:00" testType="13cdc9d9-ddb5-4fa4-a97d-d965ccfc6d4b" outcome="Passed" testListId="8c84fa94-04c1-424b-9868-57a2d4851a1d" relativeResultsDirectory="e5387dd5-72b4-40b6-a207-982bff538f17" />
    <UnitTestResult executionId="a93161a6-78b5-4e56-a494-7734a30b0dbb" testId="493388e5-286f-ec3b-2a8c-ab041ed5de64" testName="TestPasswordGenerationFromEmptyPasswordRequirements" computerName="DKSR-EFI-04" duration="00:00:00.0008333" startTime="2023-12-22T09:33:24.3812085+01:00" endTime="2023-12-22T09:33:24.3812085+01:00" testType="13cdc9d9-ddb5-4fa4-a97d-d965ccfc6d4b" outcome="Passed" testListId="8c84fa94-04c1-424b-9868-57a2d4851a1d" relativeResultsDirectory="a93161a6-78b5-4e56-a494-7734a30b0dbb" />
    <UnitTestResult executionId="ecfc6ec9-6535-4f34-8cf4-5907976d3779" testId="236f3461-4b7f-7202-33e7-ad4514ee99ac" testName="ModelValidation_NonEmptyGuidsAreEmpty_Failed" computerName="DKSR-EFI-04" duration="00:00:00.0018146" startTime="2023-12-22T09:33:31.4281171+01:00" endTime="2023-12-22T09:33:31.4281171+01:00" testType="13cdc9d9-ddb5-4fa4-a97d-d965ccfc6d4b" outcome="Passed" testListId="8c84fa94-04c1-424b-9868-57a2d4851a1d" relativeResultsDirectory="ecfc6ec9-6535-4f34-8cf4-5907976d3779" />
    <UnitTestResult executionId="713045ec-91e5-4584-b7c2-cede8d100cbe" testId="587df245-1c49-9c48-2cfe-e0f6292e9a0b" testName="CreateResponseException_InternalServerErrorStatus_InternalServerErrorException" computerName="DKSR-EFI-04" duration="00:00:00.0009614" startTime="2023-12-22T09:33:32.2718721+01:00" endTime="2023-12-22T09:33:32.2718721+01:00" testType="13cdc9d9-ddb5-4fa4-a97d-d965ccfc6d4b" outcome="Passed" testListId="8c84fa94-04c1-424b-9868-57a2d4851a1d" relativeResultsDirectory="713045ec-91e5-4584-b7c2-cede8d100cbe" />
    <UnitTestResult executionId="cff406a7-81eb-4b33-8f50-85ae7b89464b" testId="16b79f55-7c64-2cf6-1f7d-ae933270c74d" testName="PtzPresetCollection_Add_Success" computerName="DKSR-EFI-04" duration="00:00:00.0008233" startTime="2023-12-22T09:33:24.3968364+01:00" endTime="2023-12-22T09:33:24.3968364+01:00" testType="13cdc9d9-ddb5-4fa4-a97d-d965ccfc6d4b" outcome="Passed" testListId="8c84fa94-04c1-424b-9868-57a2d4851a1d" relativeResultsDirectory="cff406a7-81eb-4b33-8f50-85ae7b89464b" />
    <UnitTestResult executionId="6a5fb94d-96d7-4298-afda-9c6c2c7a880b" testId="77488aa9-707c-2538-9c3e-d59dd53ec120" testName="WhiteList_CreateInstanceWithoutLicenseParentParameter_Succeeds" computerName="DKSR-EFI-04" duration="00:00:00.0004103" startTime="2023-12-22T09:33:44.6000572+01:00" endTime="2023-12-22T09:33:44.6000572+01:00" testType="13cdc9d9-ddb5-4fa4-a97d-d965ccfc6d4b" outcome="Passed" testListId="8c84fa94-04c1-424b-9868-57a2d4851a1d" relativeResultsDirectory="6a5fb94d-96d7-4298-afda-9c6c2c7a880b" />
    <UnitTestResult executionId="4374ff1e-a39d-4d97-afc7-1c75d78de773" testId="0f34ea82-4b34-df21-1445-44172f8db22c" testName="CustomLicenseType_FeatureFlagPresentDriversPresentEnabledHardwareButInvalidDriverNoActiveCameras" computerName="DKSR-EFI-04" duration="00:00:00.0005212" startTime="2023-12-22T09:33:37.2562721+01:00" endTime="2023-12-22T09:33:37.2562721+01:00" testType="13cdc9d9-ddb5-4fa4-a97d-d965ccfc6d4b" outcome="Passed" testListId="8c84fa94-04c1-424b-9868-57a2d4851a1d" relativeResultsDirectory="4374ff1e-a39d-4d97-afc7-1c75d78de773" />
    <UnitTestResult executionId="3197039f-a05b-4d1d-88e9-17d6b768e42e" testId="350f83a6-60d3-6508-2061-bae98524f397" testName="Index_AddEntry_MultipleEntries_Success" computerName="DKSR-EFI-04" duration="00:00:00.0021569" startTime="2023-12-22T09:33:24.0218324+01:00" endTime="2023-12-22T09:33:24.0218324+01:00" testType="13cdc9d9-ddb5-4fa4-a97d-d965ccfc6d4b" outcome="Passed" testListId="8c84fa94-04c1-424b-9868-57a2d4851a1d" relativeResultsDirectory="3197039f-a05b-4d1d-88e9-17d6b768e42e" />
    <UnitTestResult executionId="5fe92747-e29b-49f2-81fa-a4d6540b0aec" testId="ee7c26d9-1661-cc07-771d-cd8bc4d30bae" testName="UniqueIndex_AddEntry_Null_ThrowArgumentNullException" computerName="DKSR-EFI-04" duration="00:00:00.0026127" startTime="2023-12-22T09:33:23.9749582+01:00" endTime="2023-12-22T09:33:23.9749582+01:00" testType="13cdc9d9-ddb5-4fa4-a97d-d965ccfc6d4b" outcome="Passed" testListId="8c84fa94-04c1-424b-9868-57a2d4851a1d" relativeResultsDirectory="5fe92747-e29b-49f2-81fa-a4d6540b0aec">
      <Output>
        <StdOut>Debug Trace:&#xD;
Fail: Argument null</StdOut>
      </Output>
    </UnitTestResult>
    <UnitTestResult executionId="67724288-c25f-4123-a627-fae51ff0c27d" testId="2bc58ed3-5da8-07de-99f6-7c9466054838" testName="UpdateTotalICPFeedCountsAcrossAllHardware_ThrowsArgumentNullExceptionWhen_Null" computerName="DKSR-EFI-04" duration="00:00:00.0006777" startTime="2023-12-22T09:33:37.4906491+01:00" endTime="2023-12-22T09:33:37.4906491+01:00" testType="13cdc9d9-ddb5-4fa4-a97d-d965ccfc6d4b" outcome="Passed" testListId="8c84fa94-04c1-424b-9868-57a2d4851a1d" relativeResultsDirectory="67724288-c25f-4123-a627-fae51ff0c27d" />
    <UnitTestResult executionId="4fcee7aa-63db-4996-b34d-fc4cf3390526" testId="9bdf6be6-679b-a437-2d7b-01ddb8e09c21" testName="ToModelRule_ValidEntry_SuccessConvertion" computerName="DKSR-EFI-04" duration="00:00:00.0007232" startTime="2023-12-22T09:33:31.9437456+01:00" endTime="2023-12-22T09:33:31.9437456+01:00" testType="13cdc9d9-ddb5-4fa4-a97d-d965ccfc6d4b" outcome="Passed" testListId="8c84fa94-04c1-424b-9868-57a2d4851a1d" relativeResultsDirectory="4fcee7aa-63db-4996-b34d-fc4cf3390526" />
    <UnitTestResult executionId="f9647d2d-7a52-40e3-8e58-da0d3fcf0b09" testId="7341f2f1-623e-04bc-4ea8-e3b71c886ef5" testName="RecorderInfo_Construct_InvalidId_EmptyGuid_Throws_ArgumentException" computerName="DKSR-EFI-04" duration="00:00:00.0011845" startTime="2023-12-22T09:33:44.7563108+01:00" endTime="2023-12-22T09:33:44.7563108+01:00" testType="13cdc9d9-ddb5-4fa4-a97d-d965ccfc6d4b" outcome="Passed" testListId="8c84fa94-04c1-424b-9868-57a2d4851a1d" relativeResultsDirectory="f9647d2d-7a52-40e3-8e58-da0d3fcf0b09" />
    <UnitTestResult executionId="5b9b2a5a-7325-4fb4-a06b-9bea10aa09d8" testId="7241ecbf-979e-5b9f-7aca-ffdd31253757" testName="ToModelSystem_ValidEntry_SuccessConvertion" computerName="DKSR-EFI-04" duration="00:00:00.0014978" startTime="2023-12-22T09:33:31.8968715+01:00" endTime="2023-12-22T09:33:31.8968715+01:00" testType="13cdc9d9-ddb5-4fa4-a97d-d965ccfc6d4b" outcome="Passed" testListId="8c84fa94-04c1-424b-9868-57a2d4851a1d" relativeResultsDirectory="5b9b2a5a-7325-4fb4-a06b-9bea10aa09d8" />
    <UnitTestResult executionId="e3b1c216-a9d8-40a3-a7cb-7e233870523e" testId="2a30ad3f-331e-98be-137e-2f154bc8be13" testName="AddressDriverPairs_ModificationTest" computerName="DKSR-EFI-04" duration="00:00:00.0013174" startTime="2023-12-22T09:33:23.1312033+01:00" endTime="2023-12-22T09:33:23.1312033+01:00" testType="13cdc9d9-ddb5-4fa4-a97d-d965ccfc6d4b" outcome="Passed" testListId="8c84fa94-04c1-424b-9868-57a2d4851a1d" relativeResultsDirectory="e3b1c216-a9d8-40a3-a7cb-7e233870523e" />
    <UnitTestResult executionId="4433c11e-ad7f-45eb-8015-6f79d8e58b20" testId="5c3a4771-d4a0-52de-dd7b-0c1992f41eea" testName="CreateHttpUri_NullString_PortSpecified_ThrowsInvalidOperationException" computerName="DKSR-EFI-04" duration="00:00:00.0008476" startTime="2023-12-22T09:33:47.3500711+01:00" endTime="2023-12-22T09:33:47.3500711+01:00" testType="13cdc9d9-ddb5-4fa4-a97d-d965ccfc6d4b" outcome="Passed" testListId="8c84fa94-04c1-424b-9868-57a2d4851a1d" relativeResultsDirectory="4433c11e-ad7f-45eb-8015-6f79d8e58b20" />
    <UnitTestResult executionId="1551fb32-6671-42fd-b8eb-7880f8387711" testId="f2149233-5db2-c743-b97a-4f8111db9b32" testName="GetAggregateFeeds_FailsWhen_MacAddressNotInHardwareDictionary" computerName="DKSR-EFI-04" duration="00:00:00.0005491" startTime="2023-12-22T09:33:37.4906491+01:00" endTime="2023-12-22T09:33:37.4906491+01:00" testType="13cdc9d9-ddb5-4fa4-a97d-d965ccfc6d4b" outcome="Passed" testListId="8c84fa94-04c1-424b-9868-57a2d4851a1d" relativeResultsDirectory="1551fb32-6671-42fd-b8eb-7880f8387711" />
    <UnitTestResult executionId="9906adbb-f302-47d9-a710-aaef89519e8a" testId="825d1feb-387a-a099-318b-03cd17d95884" testName="EvidenceLockOnOldRecorderModelTests_Validate_Success" computerName="DKSR-EFI-04" duration="00:00:00.0032948" startTime="2023-12-22T09:33:31.3343685+01:00" endTime="2023-12-22T09:33:31.3499932+01:00" testType="13cdc9d9-ddb5-4fa4-a97d-d965ccfc6d4b" outcome="Passed" testListId="8c84fa94-04c1-424b-9868-57a2d4851a1d" relativeResultsDirectory="9906adbb-f302-47d9-a710-aaef89519e8a" />
    <UnitTestResult executionId="1496451e-aad8-47e7-86b4-2139653c35fb" testId="ecd5a7ff-d01e-b972-8929-8cd318d1ee7d" testName="CreateHttpUri_NoSchemeWithPort_UseDefaultPortFalse_BecomesHttpPort444" computerName="DKSR-EFI-04" duration="00:00:00.0002090" startTime="2023-12-22T09:33:47.3969472+01:00" endTime="2023-12-22T09:33:47.3969472+01:00" testType="13cdc9d9-ddb5-4fa4-a97d-d965ccfc6d4b" outcome="Passed" testListId="8c84fa94-04c1-424b-9868-57a2d4851a1d" relativeResultsDirectory="1496451e-aad8-47e7-86b4-2139653c35fb" />
    <UnitTestResult executionId="f03b8ae0-bb35-43f2-999a-a69e9680f475" testId="1be79a82-4540-d1d8-b0ad-e2dc07743e1c" testName="ModelValidation_RequiredPropertiesAreNull_Failed" computerName="DKSR-EFI-04" duration="00:00:00.0022945" startTime="2023-12-22T09:33:31.7718700+01:00" endTime="2023-12-22T09:33:31.7718700+01:00" testType="13cdc9d9-ddb5-4fa4-a97d-d965ccfc6d4b" outcome="Passed" testListId="8c84fa94-04c1-424b-9868-57a2d4851a1d" relativeResultsDirectory="f03b8ae0-bb35-43f2-999a-a69e9680f475" />
    <UnitTestResult executionId="c2d4f5dd-23c0-49cc-a057-a2deeb1c42c1" testId="2331fc6c-4bea-8cac-e7a0-f9f9299e3180" testName="AssemblyInfoVersionTest" computerName="DKSR-EFI-04" duration="00:00:00.0060058" startTime="2023-12-22T09:33:35.5062639+01:00" endTime="2023-12-22T09:33:35.5062639+01:00" testType="13cdc9d9-ddb5-4fa4-a97d-d965ccfc6d4b" outcome="Passed" testListId="8c84fa94-04c1-424b-9868-57a2d4851a1d" relativeResultsDirectory="c2d4f5dd-23c0-49cc-a057-a2deeb1c42c1" />
    <UnitTestResult executionId="ec5695ab-7ac1-498f-ba23-744948faaa3a" testId="328dbfdf-4def-bb23-125d-ff72ae5a4d4b" testName="Ctor_Null_ThrowArgumentNullException" computerName="DKSR-EFI-04" duration="00:00:00.0076617" startTime="2023-12-22T09:33:24.0999597+01:00" endTime="2023-12-22T09:33:24.1155844+01:00" testType="13cdc9d9-ddb5-4fa4-a97d-d965ccfc6d4b" outcome="Passed" testListId="8c84fa94-04c1-424b-9868-57a2d4851a1d" relativeResultsDirectory="ec5695ab-7ac1-498f-ba23-744948faaa3a">
      <Output>
        <StdOut>Debug Trace:&#xD;
Fail: Argument null&#xD;
Fail: Argument null&#xD;
Fail: Argument null</StdOut>
      </Output>
    </UnitTestResult>
    <UnitTestResult executionId="168f44c9-925a-49a1-a955-16e2c98e6d8b" testId="469b6c93-9fac-5d69-6a28-11af7773706e" testName="HardwareInfo_HasLicensedCameras_ReturnsFalse_WhenHardwareIsDisabled" computerName="DKSR-EFI-04" duration="00:00:00.0004729" startTime="2023-12-22T09:33:37.6156874+01:00" endTime="2023-12-22T09:33:37.6156874+01:00" testType="13cdc9d9-ddb5-4fa4-a97d-d965ccfc6d4b" outcome="Passed" testListId="8c84fa94-04c1-424b-9868-57a2d4851a1d" relativeResultsDirectory="168f44c9-925a-49a1-a955-16e2c98e6d8b" />
    <UnitTestResult executionId="6e3afabf-4baf-4140-a38d-f46b22771878" testId="824eaf78-9511-6d1e-a840-6111b3cf3560" testName="Encrypt_DataSetHasNoRows_DataSetIsNotChanged" computerName="DKSR-EFI-04" duration="00:00:00.0034307" startTime="2023-12-22T09:33:46.2719414+01:00" endTime="2023-12-22T09:33:46.2875671+01:00" testType="13cdc9d9-ddb5-4fa4-a97d-d965ccfc6d4b" outcome="Passed" testListId="8c84fa94-04c1-424b-9868-57a2d4851a1d" relativeResultsDirectory="6e3afabf-4baf-4140-a38d-f46b22771878" />
    <UnitTestResult executionId="e64d9c61-23ac-4fed-a95d-7903a4f48274" testId="85f8db25-08e3-c5ff-673d-ddf0ea1cff69" testName="LicenseDocument_IsDeviceLicensed_HardwareFound_DeviceIndexFound_ReturnsTrue" computerName="DKSR-EFI-04" duration="00:00:00.0023005" startTime="2023-12-22T09:33:44.4125582+01:00" endTime="2023-12-22T09:33:44.4125582+01:00" testType="13cdc9d9-ddb5-4fa4-a97d-d965ccfc6d4b" outcome="Passed" testListId="8c84fa94-04c1-424b-9868-57a2d4851a1d" relativeResultsDirectory="e64d9c61-23ac-4fed-a95d-7903a4f48274" />
    <UnitTestResult executionId="227d240a-45d3-4230-be82-7715858d2a78" testId="04a33173-dd27-f87b-e142-49d4c8f0a54d" testName="EnableCameraIndexes_ReturnEmptyArray" computerName="DKSR-EFI-04" duration="00:00:00.0005114" startTime="2023-12-22T09:33:37.5218977+01:00" endTime="2023-12-22T09:33:37.5218977+01:00" testType="13cdc9d9-ddb5-4fa4-a97d-d965ccfc6d4b" outcome="Passed" testListId="8c84fa94-04c1-424b-9868-57a2d4851a1d" relativeResultsDirectory="227d240a-45d3-4230-be82-7715858d2a78" />
    <UnitTestResult executionId="f6b34856-b4ed-47d6-9e53-a39b4f5398b6" testId="cffec0a4-0735-bd68-40ca-007447faf3a4" testName="ServiceDiscovery_SendAsync_CommunicationError_TaskCanceledException" computerName="DKSR-EFI-04" duration="00:00:00.0020213" startTime="2023-12-22T09:33:21.4749494+01:00" endTime="2023-12-22T09:33:21.4749494+01:00" testType="13cdc9d9-ddb5-4fa4-a97d-d965ccfc6d4b" outcome="Passed" testListId="8c84fa94-04c1-424b-9868-57a2d4851a1d" relativeResultsDirectory="f6b34856-b4ed-47d6-9e53-a39b4f5398b6" />
    <UnitTestResult executionId="0f96f332-e638-4de3-8f56-2cba8e7c3b38" testId="9b7fbb39-62bc-644c-3f1a-6c61e49b24e2" testName="TaskModel_Constructor_ServerTaskDto_Success" computerName="DKSR-EFI-04" duration="00:00:00.0074053" startTime="2023-12-22T09:33:31.8031227+01:00" endTime="2023-12-22T09:33:31.8031227+01:00" testType="13cdc9d9-ddb5-4fa4-a97d-d965ccfc6d4b" outcome="Passed" testListId="8c84fa94-04c1-424b-9868-57a2d4851a1d" relativeResultsDirectory="0f96f332-e638-4de3-8f56-2cba8e7c3b38" />
    <UnitTestResult executionId="905a195e-41aa-4c01-8af2-834a11317ba7" testId="893bfa2a-e628-42ae-9303-9a66c7e9adb7" testName="Index_GetEntriesByKey_Null_ThrowArgumentNullException" computerName="DKSR-EFI-04" duration="00:00:00.0016894" startTime="2023-12-22T09:33:24.0374606+01:00" endTime="2023-12-22T09:33:24.0374606+01:00" testType="13cdc9d9-ddb5-4fa4-a97d-d965ccfc6d4b" outcome="Passed" testListId="8c84fa94-04c1-424b-9868-57a2d4851a1d" relativeResultsDirectory="905a195e-41aa-4c01-8af2-834a11317ba7">
      <Output>
        <StdOut>Debug Trace:&#xD;
Fail: Argument null</StdOut>
      </Output>
    </UnitTestResult>
    <UnitTestResult executionId="1a5e19ed-9f31-4f2a-808a-6d8d611fbfe3" testId="618706d2-7899-9b7b-ba2a-094e454958cf" testName="SystemSettingTableAdapter_Encrypt_Handle_No_Settings" computerName="DKSR-EFI-04" duration="00:00:00.0053417" startTime="2023-12-22T09:33:46.8344455+01:00" endTime="2023-12-22T09:33:46.8344455+01:00" testType="13cdc9d9-ddb5-4fa4-a97d-d965ccfc6d4b" outcome="Passed" testListId="8c84fa94-04c1-424b-9868-57a2d4851a1d" relativeResultsDirectory="1a5e19ed-9f31-4f2a-808a-6d8d611fbfe3" />
    <UnitTestResult executionId="d5a76d80-7e17-449e-85cf-82fd62929968" testId="1940be6f-406b-ef77-8b0e-113e4ddcb48a" testName="CustomLicenseType_FeatureFlagPresentDriversPresentDisabledHardware" computerName="DKSR-EFI-04" duration="00:00:00.0005541" startTime="2023-12-22T09:33:37.2406458+01:00" endTime="2023-12-22T09:33:37.2406458+01:00" testType="13cdc9d9-ddb5-4fa4-a97d-d965ccfc6d4b" outcome="Passed" testListId="8c84fa94-04c1-424b-9868-57a2d4851a1d" relativeResultsDirectory="d5a76d80-7e17-449e-85cf-82fd62929968" />
    <UnitTestResult executionId="15d0683f-65bf-4249-988e-7c67a03ca9d6" testId="d3f769b6-e65d-f0aa-ddc3-00370a2e8125" testName="WarningResponseModel_Validate_Success" computerName="DKSR-EFI-04" duration="00:00:00.0008182" startTime="2023-12-22T09:33:32.1937477+01:00" endTime="2023-12-22T09:33:32.1937477+01:00" testType="13cdc9d9-ddb5-4fa4-a97d-d965ccfc6d4b" outcome="Passed" testListId="8c84fa94-04c1-424b-9868-57a2d4851a1d" relativeResultsDirectory="15d0683f-65bf-4249-988e-7c67a03ca9d6" />
    <UnitTestResult executionId="bac44d2c-19cf-4dc6-963b-19a60e60b669" testId="e1df1135-fb1f-3f72-52ea-c87f692f1872" testName="InitializeWithValidILicenseDocument_Success" computerName="DKSR-EFI-04" duration="00:00:00.0031481" startTime="2023-12-22T09:33:37.8812772+01:00" endTime="2023-12-22T09:33:37.8969002+01:00" testType="13cdc9d9-ddb5-4fa4-a97d-d965ccfc6d4b" outcome="Passed" testListId="8c84fa94-04c1-424b-9868-57a2d4851a1d" relativeResultsDirectory="bac44d2c-19cf-4dc6-963b-19a60e60b669" />
    <UnitTestResult executionId="f9963beb-f1ba-4bfd-9a6d-de560cf2d006" testId="9c8cbadd-bbed-fa42-4b60-809c665cd1a4" testName="Index_AddEntry_Null_ThrowArgumentNullException" computerName="DKSR-EFI-04" duration="00:00:00.0024376" startTime="2023-12-22T09:33:24.0062079+01:00" endTime="2023-12-22T09:33:24.0218324+01:00" testType="13cdc9d9-ddb5-4fa4-a97d-d965ccfc6d4b" outcome="Passed" testListId="8c84fa94-04c1-424b-9868-57a2d4851a1d" relativeResultsDirectory="f9963beb-f1ba-4bfd-9a6d-de560cf2d006">
      <Output>
        <StdOut>Debug Trace:&#xD;
Fail: Argument null</StdOut>
      </Output>
    </UnitTestResult>
    <UnitTestResult executionId="1ba61951-9d3b-436a-bbd3-ce121c06168d" testId="76814338-82a2-b37a-b9d9-4f9c44ce8e19" testName="LicenseCalculationResult_Validate_Null_ModelName_ConvertsToStringEmpty" computerName="DKSR-EFI-04" duration="00:00:00.0003620" startTime="2023-12-22T09:33:37.8656505+01:00" endTime="2023-12-22T09:33:37.8656505+01:00" testType="13cdc9d9-ddb5-4fa4-a97d-d965ccfc6d4b" outcome="Passed" testListId="8c84fa94-04c1-424b-9868-57a2d4851a1d" relativeResultsDirectory="1ba61951-9d3b-436a-bbd3-ce121c06168d" />
    <UnitTestResult executionId="cadc4c79-b895-43e2-a5a4-23077679cefe" testId="86bf28b8-8ce1-1336-8ba5-dad3c8d27587" testName="CalculateLicenseRequirementsForHardware_DisabledHardware_CustomZeroLicenseType" computerName="DKSR-EFI-04" duration="00:00:00.0005485" startTime="2023-12-22T09:33:44.1781820+01:00" endTime="2023-12-22T09:33:44.1781820+01:00" testType="13cdc9d9-ddb5-4fa4-a97d-d965ccfc6d4b" outcome="Passed" testListId="8c84fa94-04c1-424b-9868-57a2d4851a1d" relativeResultsDirectory="cadc4c79-b895-43e2-a5a4-23077679cefe" />
    <UnitTestResult executionId="4ead9c15-06f1-4419-bd47-f428b5aaa4ab" testId="db259640-9517-9e3b-80ae-9c90890e1bcb" testName="Validate_PartialMatch_Found_EndOfWord_LowerCase_Success" computerName="DKSR-EFI-04" duration="00:00:00.0001817" startTime="2023-12-22T09:33:44.8188088+01:00" endTime="2023-12-22T09:33:44.8188088+01:00" testType="13cdc9d9-ddb5-4fa4-a97d-d965ccfc6d4b" outcome="Passed" testListId="8c84fa94-04c1-424b-9868-57a2d4851a1d" relativeResultsDirectory="4ead9c15-06f1-4419-bd47-f428b5aaa4ab" />
    <UnitTestResult executionId="2c1edb0f-9d24-4b15-beea-0b62bbf53486" testId="a347653d-56d8-e3e1-c5d9-0a7195129966" testName="CalculateLicenseRequirementsForHardware_ICPHardware_ReturnsNull" computerName="DKSR-EFI-04" duration="00:00:00.0003894" startTime="2023-12-22T09:33:37.9594005+01:00" endTime="2023-12-22T09:33:37.9594005+01:00" testType="13cdc9d9-ddb5-4fa4-a97d-d965ccfc6d4b" outcome="Passed" testListId="8c84fa94-04c1-424b-9868-57a2d4851a1d" relativeResultsDirectory="2c1edb0f-9d24-4b15-beea-0b62bbf53486" />
    <UnitTestResult executionId="f4a54b42-9f50-4e5b-873e-5cb6abf0cc62" testId="b7cbd4e0-3d1b-4983-f117-98cf6087ec31" testName="ServerFileStorageCleanupService_Entries_Deleted_WhenExpired" computerName="DKSR-EFI-04" duration="00:00:01.0040046" startTime="2023-12-22T09:33:27.9437249+01:00" endTime="2023-12-22T09:33:28.9593568+01:00" testType="13cdc9d9-ddb5-4fa4-a97d-d965ccfc6d4b" outcome="Passed" testListId="8c84fa94-04c1-424b-9868-57a2d4851a1d" relativeResultsDirectory="f4a54b42-9f50-4e5b-873e-5cb6abf0cc62" />
    <UnitTestResult executionId="d1266509-f2c7-43f5-86ea-48e3116d9f3b" testId="7b75fd0b-13cd-07c8-f99d-280f138e0f65" testName="ConvertStringToPort_Port65535_Returns65535" computerName="DKSR-EFI-04" duration="00:00:00.0001234" startTime="2023-12-22T09:33:47.5219465+01:00" endTime="2023-12-22T09:33:47.5219465+01:00" testType="13cdc9d9-ddb5-4fa4-a97d-d965ccfc6d4b" outcome="Passed" testListId="8c84fa94-04c1-424b-9868-57a2d4851a1d" relativeResultsDirectory="d1266509-f2c7-43f5-86ea-48e3116d9f3b" />
    <UnitTestResult executionId="7a812bfc-6bc2-41f6-ac6a-2ca218380c1a" testId="9ab18920-747e-904b-c9f1-093c90b0dc2a" testName="ServerFileStorage_Starts_PersistedCleanupService" computerName="DKSR-EFI-04" duration="00:00:00.0003524" startTime="2023-12-22T09:33:29.0843576+01:00" endTime="2023-12-22T09:33:29.0843576+01:00" testType="13cdc9d9-ddb5-4fa4-a97d-d965ccfc6d4b" outcome="Passed" testListId="8c84fa94-04c1-424b-9868-57a2d4851a1d" relativeResultsDirectory="7a812bfc-6bc2-41f6-ac6a-2ca218380c1a" />
    <UnitTestResult executionId="868c42aa-10d2-4988-8447-a5c8fb575168" testId="217b34cb-7ead-a498-b662-ce6fd17d7161" testName="CreateCreateHardwareLicenseCountEvaluator_HardwareLicensing_Returns_Null" computerName="DKSR-EFI-04" duration="00:00:00.0005105" startTime="2023-12-22T09:33:44.4906829+01:00" endTime="2023-12-22T09:33:44.4906829+01:00" testType="13cdc9d9-ddb5-4fa4-a97d-d965ccfc6d4b" outcome="Passed" testListId="8c84fa94-04c1-424b-9868-57a2d4851a1d" relativeResultsDirectory="868c42aa-10d2-4988-8447-a5c8fb575168" />
    <UnitTestResult executionId="b3214f6b-c127-4789-bbc8-7d0b652c79f8" testId="0989f891-5100-4954-a1d3-1b2ec9bc06db" testName="GetServerSNMPId_Known" computerName="DKSR-EFI-04" duration="00:00:00.0002025" startTime="2023-12-22T09:33:45.1625600+01:00" endTime="2023-12-22T09:33:45.1625600+01:00" testType="13cdc9d9-ddb5-4fa4-a97d-d965ccfc6d4b" outcome="Passed" testListId="8c84fa94-04c1-424b-9868-57a2d4851a1d" relativeResultsDirectory="b3214f6b-c127-4789-bbc8-7d0b652c79f8" />
    <UnitTestResult executionId="beab343d-8013-465e-bd5e-28e7aed42c4e" testId="c3b8ce29-39ba-dac7-c78f-20fe2f67c774" testName="SendAsync_AccessTokenExceptionThrown_ExceptionLoggedAndRethrown" computerName="DKSR-EFI-04" duration="00:00:00.0024405" startTime="2023-12-22T09:33:20.4749405+01:00" endTime="2023-12-22T09:33:20.4749405+01:00" testType="13cdc9d9-ddb5-4fa4-a97d-d965ccfc6d4b" outcome="Passed" testListId="8c84fa94-04c1-424b-9868-57a2d4851a1d" relativeResultsDirectory="beab343d-8013-465e-bd5e-28e7aed42c4e" />
    <UnitTestResult executionId="4a02f101-c4c1-4370-8d44-7f70d9c75ca7" testId="15ce45c8-1c40-ad16-f9e1-9bd9c36f7d92" testName="RefCountedObjectWrapper_ExecuteCallWithRefCount_InstanceIsDisposed_ObjectDeadException" computerName="DKSR-EFI-04" duration="00:00:00.0008160" startTime="2023-12-22T09:33:30.6312385+01:00" endTime="2023-12-22T09:33:30.6468662+01:00" testType="13cdc9d9-ddb5-4fa4-a97d-d965ccfc6d4b" outcome="Passed" testListId="8c84fa94-04c1-424b-9868-57a2d4851a1d" relativeResultsDirectory="4a02f101-c4c1-4370-8d44-7f70d9c75ca7" />
    <UnitTestResult executionId="e5c7fc19-d85b-4683-afb9-7ec77485ae7d" testId="9875e3cb-a52c-72da-f7a8-cd1958e9e05d" testName="ServerFileStorageQuota_TwoConsumers_AboveLimit_PartialFail" computerName="DKSR-EFI-04" duration="00:00:00.0001893" startTime="2023-12-22T09:33:28.9749804+01:00" endTime="2023-12-22T09:33:28.9749804+01:00" testType="13cdc9d9-ddb5-4fa4-a97d-d965ccfc6d4b" outcome="Passed" testListId="8c84fa94-04c1-424b-9868-57a2d4851a1d" relativeResultsDirectory="e5c7fc19-d85b-4683-afb9-7ec77485ae7d" />
    <UnitTestResult executionId="c8ef4fe4-500b-4822-bd33-235a30c1bdae" testId="4c510a6e-e7c1-d666-698f-9d3f71c9b262" testName="EnsureMacAddressNotEmpty1" computerName="DKSR-EFI-04" duration="00:00:00.0051561" startTime="2023-12-22T09:33:45.0063119+01:00" endTime="2023-12-22T09:33:45.0063119+01:00" testType="13cdc9d9-ddb5-4fa4-a97d-d965ccfc6d4b" outcome="Passed" testListId="8c84fa94-04c1-424b-9868-57a2d4851a1d" relativeResultsDirectory="c8ef4fe4-500b-4822-bd33-235a30c1bdae" />
    <UnitTestResult executionId="d252837c-346d-4cf5-bdf9-17f1436b65a7" testId="484ca05d-711d-5c33-b9ab-f92685bce023" testName="LicenseActivationService_AcquireLicense_LicenseNotAllowed_Generic" computerName="DKSR-EFI-04" duration="00:00:00.0030655" startTime="2023-12-22T09:33:37.8031500+01:00" endTime="2023-12-22T09:33:37.8031500+01:00" testType="13cdc9d9-ddb5-4fa4-a97d-d965ccfc6d4b" outcome="Passed" testListId="8c84fa94-04c1-424b-9868-57a2d4851a1d" relativeResultsDirectory="d252837c-346d-4cf5-bdf9-17f1436b65a7" />
    <UnitTestResult executionId="a2977155-ae4a-4234-8b78-9bdc59781256" testId="e17193a1-0db6-f111-2b7a-d0d6fc175ade" testName="HardwareInfo_DecodesDriverAndModelNameUpperWithSingleQuote" computerName="DKSR-EFI-04" duration="00:00:00.0004348" startTime="2023-12-22T09:33:37.5531484+01:00" endTime="2023-12-22T09:33:37.5531484+01:00" testType="13cdc9d9-ddb5-4fa4-a97d-d965ccfc6d4b" outcome="Passed" testListId="8c84fa94-04c1-424b-9868-57a2d4851a1d" relativeResultsDirectory="a2977155-ae4a-4234-8b78-9bdc59781256" />
    <UnitTestResult executionId="da545182-a19b-41bb-ac4a-146fd33b89d9" testId="ca35c9c3-001f-638b-cf1a-12403b970196" testName="Call_HttpPost_InvalidParam_UriRelative_ThrowsArgumentException" computerName="DKSR-EFI-04" duration="00:00:00.0011982" startTime="2023-12-22T09:33:47.1000727+01:00" endTime="2023-12-22T09:33:47.1000727+01:00" testType="13cdc9d9-ddb5-4fa4-a97d-d965ccfc6d4b" outcome="Passed" testListId="8c84fa94-04c1-424b-9868-57a2d4851a1d" relativeResultsDirectory="da545182-a19b-41bb-ac4a-146fd33b89d9" />
    <UnitTestResult executionId="7619db34-d156-430d-9579-3f39443dee47" testId="02da98c3-6b97-fec6-2511-2d21eb185318" testName="Transform_WithEmptyString" computerName="DKSR-EFI-04" duration="00:00:00.0006233" startTime="2023-12-22T09:33:46.8188178+01:00" endTime="2023-12-22T09:33:46.8188178+01:00" testType="13cdc9d9-ddb5-4fa4-a97d-d965ccfc6d4b" outcome="Passed" testListId="8c84fa94-04c1-424b-9868-57a2d4851a1d" relativeResultsDirectory="7619db34-d156-430d-9579-3f39443dee47" />
    <UnitTestResult executionId="f502e99d-19e4-4b24-babe-b236c2473bb5" testId="8d26cb13-af54-ad12-9092-30887c4edca0" testName="Constructor_IncrementsFeedCounts_OnCombinationOfHw" computerName="DKSR-EFI-04" duration="00:00:00.0006948" startTime="2023-12-22T09:33:37.1312708+01:00" endTime="2023-12-22T09:33:37.1312708+01:00" testType="13cdc9d9-ddb5-4fa4-a97d-d965ccfc6d4b" outcome="Passed" testListId="8c84fa94-04c1-424b-9868-57a2d4851a1d" relativeResultsDirectory="f502e99d-19e4-4b24-babe-b236c2473bb5" />
    <UnitTestResult executionId="82d5f2d5-aa48-4f9f-b8c5-feb4b510b5a4" testId="e9ef7ba1-e208-e040-b931-43b431f5f02a" testName="ServiceContainer_GetService_ServiceNotRegistered_ReturnsNullInstance" computerName="DKSR-EFI-04" duration="00:00:00.0004924" startTime="2023-12-22T09:33:21.5530713+01:00" endTime="2023-12-22T09:33:21.5530713+01:00" testType="13cdc9d9-ddb5-4fa4-a97d-d965ccfc6d4b" outcome="Passed" testListId="8c84fa94-04c1-424b-9868-57a2d4851a1d" relativeResultsDirectory="82d5f2d5-aa48-4f9f-b8c5-feb4b510b5a4" />
    <UnitTestResult executionId="e36d7101-b690-4664-864b-75adcc0b4b75" testId="53d17ed2-22de-e562-cbcf-ccb8507b8c99" testName="Scheduler_SimpleTaskProcessing_ReusingTaskID" computerName="DKSR-EFI-04" duration="00:00:00.7097375" startTime="2023-12-22T09:33:33.1000029+01:00" endTime="2023-12-22T09:33:33.8031305+01:00" testType="13cdc9d9-ddb5-4fa4-a97d-d965ccfc6d4b" outcome="Passed" testListId="8c84fa94-04c1-424b-9868-57a2d4851a1d" relativeResultsDirectory="e36d7101-b690-4664-864b-75adcc0b4b75" />
    <UnitTestResult executionId="59a77a31-1530-4b23-b73f-85f5e8cd9bcd" testId="d0c286ed-22ff-8429-8463-fe09a654e542" testName="ResponseModel_EmptyToken_ValidationFailure" computerName="DKSR-EFI-04" duration="00:00:00.0005588" startTime="2023-12-22T09:33:32.1312475+01:00" endTime="2023-12-22T09:33:32.1312475+01:00" testType="13cdc9d9-ddb5-4fa4-a97d-d965ccfc6d4b" outcome="Passed" testListId="8c84fa94-04c1-424b-9868-57a2d4851a1d" relativeResultsDirectory="59a77a31-1530-4b23-b73f-85f5e8cd9bcd" />
    <UnitTestResult executionId="591cc96d-52a6-472a-825c-47a50db61fb8" testId="a95939d0-bc91-4ab0-3fdc-587cd08779e6" testName="ModelValidation_ValidModel_Success" computerName="DKSR-EFI-04" duration="00:00:00.0017493" startTime="2023-12-22T09:33:31.4437441+01:00" endTime="2023-12-22T09:33:31.4437441+01:00" testType="13cdc9d9-ddb5-4fa4-a97d-d965ccfc6d4b" outcome="Passed" testListId="8c84fa94-04c1-424b-9868-57a2d4851a1d" relativeResultsDirectory="591cc96d-52a6-472a-825c-47a50db61fb8" />
    <UnitTestResult executionId="0e42a0cb-b22c-4d2b-8d77-c8fa09763d9e" testId="bf5ee36e-3682-8989-b013-f0a312f9945d" testName="IsValueTypeAac_ReturnFalse_OnNull" computerName="DKSR-EFI-04" duration="00:00:00.0003076" startTime="2023-12-22T09:33:45.0219361+01:00" endTime="2023-12-22T09:33:45.0219361+01:00" testType="13cdc9d9-ddb5-4fa4-a97d-d965ccfc6d4b" outcome="Passed" testListId="8c84fa94-04c1-424b-9868-57a2d4851a1d" relativeResultsDirectory="0e42a0cb-b22c-4d2b-8d77-c8fa09763d9e" />
    <UnitTestResult executionId="650841c0-974b-402e-b0f5-4f98a0c46168" testId="59e73b23-8838-c997-ccca-0d02f0d31aba" testName="StreamsConfiguration_AddRemove_Success" computerName="DKSR-EFI-04" duration="00:00:00.0038968" startTime="2023-12-22T09:33:29.1468603+01:00" endTime="2023-12-22T09:33:29.1468603+01:00" testType="13cdc9d9-ddb5-4fa4-a97d-d965ccfc6d4b" outcome="Passed" testListId="8c84fa94-04c1-424b-9868-57a2d4851a1d" relativeResultsDirectory="650841c0-974b-402e-b0f5-4f98a0c46168" />
    <UnitTestResult executionId="ddeb3191-bd98-4609-9f12-22f93f382a3a" testId="5379854c-5a53-d1d1-17a2-fdf8ef07efce" testName="ServiceContainer_GetService_InstanceNotFound_ReturnsNull" computerName="DKSR-EFI-04" duration="00:00:00.0007574" startTime="2023-12-22T09:33:21.5843209+01:00" endTime="2023-12-22T09:33:21.5843209+01:00" testType="13cdc9d9-ddb5-4fa4-a97d-d965ccfc6d4b" outcome="Passed" testListId="8c84fa94-04c1-424b-9868-57a2d4851a1d" relativeResultsDirectory="ddeb3191-bd98-4609-9f12-22f93f382a3a" />
    <UnitTestResult executionId="87d1aff0-6550-4aea-a1aa-e2f3bb105b3f" testId="35417e9f-65af-e858-a191-68ecabdeb63c" testName="AddressIntervalSelections_SerializationTest" computerName="DKSR-EFI-04" duration="00:00:00.2851060" startTime="2023-12-22T09:33:23.1468295+01:00" endTime="2023-12-22T09:33:23.4280805+01:00" testType="13cdc9d9-ddb5-4fa4-a97d-d965ccfc6d4b" outcome="Passed" testListId="8c84fa94-04c1-424b-9868-57a2d4851a1d" relativeResultsDirectory="87d1aff0-6550-4aea-a1aa-e2f3bb105b3f" />
    <UnitTestResult executionId="779e9fd4-3924-4cb0-a343-e771a33b3701" testId="efeff71f-bf3b-2d24-4028-655336e31331" testName="StreamsConfiguration_ValidateConfiguration_Two_Default_LiveStream_ExactlyOneDefaultLiveStreamError" computerName="DKSR-EFI-04" duration="00:00:00.0068332" startTime="2023-12-22T09:33:29.6624852+01:00" endTime="2023-12-22T09:33:29.6624852+01:00" testType="13cdc9d9-ddb5-4fa4-a97d-d965ccfc6d4b" outcome="Passed" testListId="8c84fa94-04c1-424b-9868-57a2d4851a1d" relativeResultsDirectory="779e9fd4-3924-4cb0-a343-e771a33b3701" />
    <UnitTestResult executionId="0b029cc1-d067-437f-8ae7-eb001859db93" testId="95dbcce7-6bb4-a762-7a18-8841c3b7477e" testName="UniqueIndex_RemoveEntry_Removes_Specified_Item" computerName="DKSR-EFI-04" duration="00:00:00.0018657" startTime="2023-12-22T09:33:23.9905811+01:00" endTime="2023-12-22T09:33:24.0062079+01:00" testType="13cdc9d9-ddb5-4fa4-a97d-d965ccfc6d4b" outcome="Passed" testListId="8c84fa94-04c1-424b-9868-57a2d4851a1d" relativeResultsDirectory="0b029cc1-d067-437f-8ae7-eb001859db93" />
    <UnitTestResult executionId="bcd3bc6b-1b92-4902-8394-62093da1263a" testId="2aeb6082-964c-c7ba-b810-10d68371df21" testName="Send_NoError_TaskIsExecutedAndCorrectResponseReceived" computerName="DKSR-EFI-04" duration="00:00:00.0358983" startTime="2023-12-22T09:33:20.6624430+01:00" endTime="2023-12-22T09:33:20.6936904+01:00" testType="13cdc9d9-ddb5-4fa4-a97d-d965ccfc6d4b" outcome="Passed" testListId="8c84fa94-04c1-424b-9868-57a2d4851a1d" relativeResultsDirectory="bcd3bc6b-1b92-4902-8394-62093da1263a" />
    <UnitTestResult executionId="bfd5328e-e6ed-477b-9d16-0e6b97cf90fe" testId="624965f1-f73b-d58a-ebaa-ff6bad05c7c8" testName="ModelValidation_ValidModel_Success" computerName="DKSR-EFI-04" duration="00:00:00.0012126" startTime="2023-12-22T09:33:31.7093695+01:00" endTime="2023-12-22T09:33:31.7093695+01:00" testType="13cdc9d9-ddb5-4fa4-a97d-d965ccfc6d4b" outcome="Passed" testListId="8c84fa94-04c1-424b-9868-57a2d4851a1d" relativeResultsDirectory="bfd5328e-e6ed-477b-9d16-0e6b97cf90fe" />
    <UnitTestResult executionId="bbae3936-127b-476b-847f-626190c676a6" testId="e2feb5aa-10d8-0e28-7457-57e55c9df55d" testName="GetItemsByKey_UsesComparer" computerName="DKSR-EFI-04" duration="00:00:00.0007370" startTime="2023-12-22T09:33:24.1375157+01:00" endTime="2023-12-22T09:33:24.1375157+01:00" testType="13cdc9d9-ddb5-4fa4-a97d-d965ccfc6d4b" outcome="Passed" testListId="8c84fa94-04c1-424b-9868-57a2d4851a1d" relativeResultsDirectory="bbae3936-127b-476b-847f-626190c676a6" />
    <UnitTestResult executionId="229caef8-c257-4d2a-9cee-92b6314fe311" testId="487d6f91-ec82-e947-a26f-7f86a9428ee4" testName="Mac_Address_Empty_Test_Null" computerName="DKSR-EFI-04" duration="00:00:00.0006865" startTime="2023-12-22T09:33:44.7250587+01:00" endTime="2023-12-22T09:33:44.7406850+01:00" testType="13cdc9d9-ddb5-4fa4-a97d-d965ccfc6d4b" outcome="Passed" testListId="8c84fa94-04c1-424b-9868-57a2d4851a1d" relativeResultsDirectory="229caef8-c257-4d2a-9cee-92b6314fe311" />
    <UnitTestResult executionId="32d48379-1c85-40dc-9a49-4fdc5faf7ec1" testId="1a96ff41-b719-51eb-38ba-9a20c45ec1c0" testName="ServerFileStorage_SetPosition_Success" computerName="DKSR-EFI-04" duration="00:00:00.0006969" startTime="2023-12-22T09:33:29.0374831+01:00" endTime="2023-12-22T09:33:29.0374831+01:00" testType="13cdc9d9-ddb5-4fa4-a97d-d965ccfc6d4b" outcome="Passed" testListId="8c84fa94-04c1-424b-9868-57a2d4851a1d" relativeResultsDirectory="32d48379-1c85-40dc-9a49-4fdc5faf7ec1" />
    <UnitTestResult executionId="d114756a-77e9-4c11-b348-65158fb09b43" testId="26272422-d4f8-7037-4e23-a6928ea25dc4" testName="TestMergeGridAreaWithValidAreasFirstIsLarger" computerName="DKSR-EFI-04" duration="00:00:00.0008179" startTime="2023-12-22T09:33:46.1781910+01:00" endTime="2023-12-22T09:33:46.1781910+01:00" testType="13cdc9d9-ddb5-4fa4-a97d-d965ccfc6d4b" outcome="Passed" testListId="8c84fa94-04c1-424b-9868-57a2d4851a1d" relativeResultsDirectory="d114756a-77e9-4c11-b348-65158fb09b43" />
    <UnitTestResult executionId="6497fd3c-b53a-480e-88f6-cc03243b507a" testId="d8660ccf-e9fb-f3f2-5b1a-a33f0ec3a7f9" testName="Index_GetEntriesByKey_Returns_Correct_Item" computerName="DKSR-EFI-04" duration="00:00:00.0009275" startTime="2023-12-22T09:33:24.0530848+01:00" endTime="2023-12-22T09:33:24.0530848+01:00" testType="13cdc9d9-ddb5-4fa4-a97d-d965ccfc6d4b" outcome="Passed" testListId="8c84fa94-04c1-424b-9868-57a2d4851a1d" relativeResultsDirectory="6497fd3c-b53a-480e-88f6-cc03243b507a" />
    <UnitTestResult executionId="f83bdc74-2126-4f24-8156-d56cb991279f" testId="e26f4201-f75a-1586-7de9-98e66dbcbc84" testName="CheckAllMIPFiltersNullParameter1" computerName="DKSR-EFI-04" duration="00:00:00.0008019" startTime="2023-12-22T09:33:34.5062572+01:00" endTime="2023-12-22T09:33:34.5062572+01:00" testType="13cdc9d9-ddb5-4fa4-a97d-d965ccfc6d4b" outcome="Passed" testListId="8c84fa94-04c1-424b-9868-57a2d4851a1d" relativeResultsDirectory="f83bdc74-2126-4f24-8156-d56cb991279f" />
    <UnitTestResult executionId="c1c92561-78bf-4389-9063-a09c0cfc8f31" testId="7c2cff16-4b49-5546-a9ec-2c5f3e66c7c9" testName="Invoke_UserNotAuthenticated_NextIsCalled" computerName="DKSR-EFI-04" duration="00:00:00.1086323" startTime="2023-12-22T09:33:30.4593659+01:00" endTime="2023-12-22T09:33:30.5687390+01:00" testType="13cdc9d9-ddb5-4fa4-a97d-d965ccfc6d4b" outcome="Passed" testListId="8c84fa94-04c1-424b-9868-57a2d4851a1d" relativeResultsDirectory="c1c92561-78bf-4389-9063-a09c0cfc8f31" />
    <UnitTestResult executionId="efd99fc5-54e6-4da1-9582-47acf17ada1b" testId="78283b39-3890-a1d3-9ab2-4d160980e1be" testName="HttpClientCommunicatorWrapper_Patch_CommunicationException" computerName="DKSR-EFI-04" duration="00:00:00.0012238" startTime="2023-12-22T09:33:30.8656150+01:00" endTime="2023-12-22T09:33:30.8656150+01:00" testType="13cdc9d9-ddb5-4fa4-a97d-d965ccfc6d4b" outcome="Passed" testListId="8c84fa94-04c1-424b-9868-57a2d4851a1d" relativeResultsDirectory="efd99fc5-54e6-4da1-9582-47acf17ada1b" />
    <UnitTestResult executionId="9db62160-a214-4cba-9abf-04c1ac4fa615" testId="5fa49e27-1d01-1ee0-f151-f9eef3c86726" testName="TestHasFilledCellWithEmptyArea" computerName="DKSR-EFI-04" duration="00:00:00.0013618" startTime="2023-12-22T09:33:46.1938137+01:00" endTime="2023-12-22T09:33:46.1938137+01:00" testType="13cdc9d9-ddb5-4fa4-a97d-d965ccfc6d4b" outcome="Passed" testListId="8c84fa94-04c1-424b-9868-57a2d4851a1d" relativeResultsDirectory="9db62160-a214-4cba-9abf-04c1ac4fa615" />
    <UnitTestResult executionId="0c808d27-d69b-4824-b477-e42179339088" testId="d0c69e26-be65-9bf9-b821-acb98b3795b6" testName="FeatureManager_IsFeatureLicensed_Succeed" computerName="DKSR-EFI-04" duration="00:00:00.0005361" startTime="2023-12-22T09:33:37.3343987+01:00" endTime="2023-12-22T09:33:37.3343987+01:00" testType="13cdc9d9-ddb5-4fa4-a97d-d965ccfc6d4b" outcome="Passed" testListId="8c84fa94-04c1-424b-9868-57a2d4851a1d" relativeResultsDirectory="0c808d27-d69b-4824-b477-e42179339088" />
    <UnitTestResult executionId="3b65a225-750d-4836-8058-ba9fe7f7f0b6" testId="57a9c9bd-7aac-1cf5-4fa5-9b6213eb2353" testName="LicenseDocument_ThrowsUnsupportedLicensingModeError_OnLicenseWithoutLicensingFeatureFlags" computerName="DKSR-EFI-04" duration="00:00:00.0014211" startTime="2023-12-22T09:33:44.3500585+01:00" endTime="2023-12-22T09:33:44.3500585+01:00" testType="13cdc9d9-ddb5-4fa4-a97d-d965ccfc6d4b" outcome="Passed" testListId="8c84fa94-04c1-424b-9868-57a2d4851a1d" relativeResultsDirectory="3b65a225-750d-4836-8058-ba9fe7f7f0b6" />
    <UnitTestResult executionId="92a716a8-d737-40fc-b17f-d5a1c2ebda1f" testId="c051c3d6-6fa6-30da-17a5-284e0224c441" testName="IsValidByteString_Success" computerName="DKSR-EFI-04" duration="00:00:00.0004197" startTime="2023-12-22T09:33:47.8031982+01:00" endTime="2023-12-22T09:33:47.8031982+01:00" testType="13cdc9d9-ddb5-4fa4-a97d-d965ccfc6d4b" outcome="Passed" testListId="8c84fa94-04c1-424b-9868-57a2d4851a1d" relativeResultsDirectory="92a716a8-d737-40fc-b17f-d5a1c2ebda1f" />
    <UnitTestResult executionId="9f73121e-59ae-40e9-9df9-92b2646e28ed" testId="ef295aad-d648-2382-a38b-fad29187f889" testName="Failure" computerName="DKSR-EFI-04" duration="00:00:00.0007355" startTime="2023-12-22T09:33:23.9280817+01:00" endTime="2023-12-22T09:33:23.9280817+01:00" testType="13cdc9d9-ddb5-4fa4-a97d-d965ccfc6d4b" outcome="Passed" testListId="8c84fa94-04c1-424b-9868-57a2d4851a1d" relativeResultsDirectory="9f73121e-59ae-40e9-9df9-92b2646e28ed" />
    <UnitTestResult executionId="b8e665cf-3b82-4b63-b5d7-0679d545ba39" testId="74b712ed-fbd1-84c8-6671-8b363a4b5ed4" testName="Validate_LicenseRequestCreatedFromJson_Success" computerName="DKSR-EFI-04" duration="00:00:00.0007438" startTime="2023-12-22T09:33:44.2094311+01:00" endTime="2023-12-22T09:33:44.2094311+01:00" testType="13cdc9d9-ddb5-4fa4-a97d-d965ccfc6d4b" outcome="Passed" testListId="8c84fa94-04c1-424b-9868-57a2d4851a1d" relativeResultsDirectory="b8e665cf-3b82-4b63-b5d7-0679d545ba39" />
    <UnitTestResult executionId="db801fcb-dc1f-46cb-aa10-e208a845f44c" testId="5dae9a01-046a-f6ce-125e-8a65c01a7e5f" testName="SecurityTokenCollectionDto_Serialization_Success" computerName="DKSR-EFI-04" duration="00:00:00.0034711" startTime="2023-12-22T09:33:47.5375736+01:00" endTime="2023-12-22T09:33:47.5375736+01:00" testType="13cdc9d9-ddb5-4fa4-a97d-d965ccfc6d4b" outcome="Passed" testListId="8c84fa94-04c1-424b-9868-57a2d4851a1d" relativeResultsDirectory="db801fcb-dc1f-46cb-aa10-e208a845f44c" />
    <UnitTestResult executionId="d40a446d-7198-46ab-9598-bca34f87eb70" testId="12d56131-e9bc-1619-235b-368a698f6d39" testName="Call_HttpPost_InvalidParam_ContentTypeEmptyString_ThrowsArgumentNullException" computerName="DKSR-EFI-04" duration="00:00:00.0132842" startTime="2023-12-22T09:33:47.1313200+01:00" endTime="2023-12-22T09:33:47.1469506+01:00" testType="13cdc9d9-ddb5-4fa4-a97d-d965ccfc6d4b" outcome="Passed" testListId="8c84fa94-04c1-424b-9868-57a2d4851a1d" relativeResultsDirectory="d40a446d-7198-46ab-9598-bca34f87eb70" />
    <UnitTestResult executionId="d8be7017-74f2-463b-aa31-818393266197" testId="9677838f-755f-92eb-b624-4016402ab1a7" testName="Test_IsMemeber_Simple2Branched" computerName="DKSR-EFI-04" duration="00:00:00.0014291" startTime="2023-12-22T09:33:47.8813253+01:00" endTime="2023-12-22T09:33:47.8813253+01:00" testType="13cdc9d9-ddb5-4fa4-a97d-d965ccfc6d4b" outcome="Passed" testListId="8c84fa94-04c1-424b-9868-57a2d4851a1d" relativeResultsDirectory="d8be7017-74f2-463b-aa31-818393266197" />
    <UnitTestResult executionId="58fdec4e-24da-4bf6-ac6e-867fdbb1d90d" testId="fab418cf-6bc8-0f0e-ccf8-b1c92a0d3fce" testName="ReadChildElementValueAsInt32_InvalidData" computerName="DKSR-EFI-04" duration="00:00:00.0003977" startTime="2023-12-22T09:33:23.7718322+01:00" endTime="2023-12-22T09:33:23.7718322+01:00" testType="13cdc9d9-ddb5-4fa4-a97d-d965ccfc6d4b" outcome="Passed" testListId="8c84fa94-04c1-424b-9868-57a2d4851a1d" relativeResultsDirectory="58fdec4e-24da-4bf6-ac6e-867fdbb1d90d" />
    <UnitTestResult executionId="ba164133-8839-4692-95e8-793098cf9563" testId="69d83804-d135-97e0-cd5d-24d6995ecaae" testName="Invoke_RequiredScopeNotFoundClaimsExists_403" computerName="DKSR-EFI-04" duration="00:00:00.0203029" startTime="2023-12-22T09:33:30.5687390+01:00" endTime="2023-12-22T09:33:30.5999883+01:00" testType="13cdc9d9-ddb5-4fa4-a97d-d965ccfc6d4b" outcome="Passed" testListId="8c84fa94-04c1-424b-9868-57a2d4851a1d" relativeResultsDirectory="ba164133-8839-4692-95e8-793098cf9563" />
    <UnitTestResult executionId="65b7dc21-1b82-46d9-a36f-cc086c68100f" testId="1450abbf-3f6f-84ee-5bf5-58b6a156daad" testName="Construct_RequestContainer_InvalidLicenseIntegrationDataEmptyString_Success" computerName="DKSR-EFI-04" duration="00:00:00.0001715" startTime="2023-12-22T09:33:44.1938072+01:00" endTime="2023-12-22T09:33:44.1938072+01:00" testType="13cdc9d9-ddb5-4fa4-a97d-d965ccfc6d4b" outcome="Passed" testListId="8c84fa94-04c1-424b-9868-57a2d4851a1d" relativeResultsDirectory="65b7dc21-1b82-46d9-a36f-cc086c68100f" />
    <UnitTestResult executionId="164f873a-33b7-4d22-84c2-71c16b1aa3eb" testId="5db8d586-9bdd-f2f1-2cdf-0a275641de5c" testName="ModelValidation_NonEmptyGuidsAreEmpty_Failed" computerName="DKSR-EFI-04" duration="00:00:00.0019535" startTime="2023-12-22T09:33:31.6624956+01:00" endTime="2023-12-22T09:33:31.6624956+01:00" testType="13cdc9d9-ddb5-4fa4-a97d-d965ccfc6d4b" outcome="Passed" testListId="8c84fa94-04c1-424b-9868-57a2d4851a1d" relativeResultsDirectory="164f873a-33b7-4d22-84c2-71c16b1aa3eb" />
    <UnitTestResult executionId="53221f0a-51a5-4819-a95c-80c3097ce088" testId="2064700c-6f91-e3dc-35f9-2c8f881cad5d" testName="FeatureManager_TryGetFeatureParameterValueT_Int_Invalid_Value" computerName="DKSR-EFI-04" duration="00:00:00.0004099" startTime="2023-12-22T09:33:37.4281491+01:00" endTime="2023-12-22T09:33:37.4281491+01:00" testType="13cdc9d9-ddb5-4fa4-a97d-d965ccfc6d4b" outcome="Passed" testListId="8c84fa94-04c1-424b-9868-57a2d4851a1d" relativeResultsDirectory="53221f0a-51a5-4819-a95c-80c3097ce088" />
    <UnitTestResult executionId="e705e0ff-5e6c-4c70-8187-f3141248cc4f" testId="a63deb4a-f738-6f93-7e6a-2f1713f5f8cf" testName="CreateHttpUri_HttpsDefaultPort_UsePort65536_ThrowsArgumentOutOfRangeException" computerName="DKSR-EFI-04" duration="00:00:00.0005976" startTime="2023-12-22T09:33:47.4281971+01:00" endTime="2023-12-22T09:33:47.4281971+01:00" testType="13cdc9d9-ddb5-4fa4-a97d-d965ccfc6d4b" outcome="Passed" testListId="8c84fa94-04c1-424b-9868-57a2d4851a1d" relativeResultsDirectory="e705e0ff-5e6c-4c70-8187-f3141248cc4f" />
    <UnitTestResult executionId="a37b9710-cd59-4a95-9d98-0db78a6b539d" testId="c740ea7a-936a-f8a7-b7c9-049f3bff5d99" testName="Transform_XmlHasHostingServer_HostingServerIsTransformed" computerName="DKSR-EFI-04" duration="00:00:00.0006189" startTime="2023-12-22T09:33:46.9906966+01:00" endTime="2023-12-22T09:33:46.9906966+01:00" testType="13cdc9d9-ddb5-4fa4-a97d-d965ccfc6d4b" outcome="Passed" testListId="8c84fa94-04c1-424b-9868-57a2d4851a1d" relativeResultsDirectory="a37b9710-cd59-4a95-9d98-0db78a6b539d" />
    <UnitTestResult executionId="04406a4e-59f2-489e-bfab-6167122c2331" testId="0e9626a5-9809-f247-3da5-380f0b656e38" testName="RefCountedObjectWrapper_ExecuteCallWithRefCountTResult_InstanceIsDisposed_ObjectDeadException" computerName="DKSR-EFI-04" duration="00:00:00.0006587" startTime="2023-12-22T09:33:30.6624887+01:00" endTime="2023-12-22T09:33:30.6624887+01:00" testType="13cdc9d9-ddb5-4fa4-a97d-d965ccfc6d4b" outcome="Passed" testListId="8c84fa94-04c1-424b-9868-57a2d4851a1d" relativeResultsDirectory="04406a4e-59f2-489e-bfab-6167122c2331" />
    <UnitTestResult executionId="b7f6c700-1705-4a4b-980a-b1bb08c2d162" testId="2ea5ebff-e198-bbe0-8f1b-ba83de437259" testName="GetAggregateFeedsDictionary_ThrowsArgumentExceptionWhen_AggregateDictionaryValueNotFound" computerName="DKSR-EFI-04" duration="00:00:00.0017211" startTime="2023-12-22T09:33:37.4906491+01:00" endTime="2023-12-22T09:33:37.5062729+01:00" testType="13cdc9d9-ddb5-4fa4-a97d-d965ccfc6d4b" outcome="Passed" testListId="8c84fa94-04c1-424b-9868-57a2d4851a1d" relativeResultsDirectory="b7f6c700-1705-4a4b-980a-b1bb08c2d162" />
    <UnitTestResult executionId="b10ee5cf-a4c0-419a-96eb-58be665f9601" testId="10f0f18f-7ed1-ca79-53c0-05985c3eca4f" testName="Constructor_FillsInIndexesOfOnlyCameraDevices_OnHwWithOtherDevicesThanCameras" computerName="DKSR-EFI-04" duration="00:00:00.0006914" startTime="2023-12-22T09:33:37.1312708+01:00" endTime="2023-12-22T09:33:37.1312708+01:00" testType="13cdc9d9-ddb5-4fa4-a97d-d965ccfc6d4b" outcome="Passed" testListId="8c84fa94-04c1-424b-9868-57a2d4851a1d" relativeResultsDirectory="b10ee5cf-a4c0-419a-96eb-58be665f9601" />
    <UnitTestResult executionId="accbc400-c7a1-474b-ad1c-8bc0562bd9a9" testId="7e7a9ceb-8f29-c0e4-9bb3-61e83e1849ac" testName="Index_GetEntriesByKey_Comparer_Returns_Correct_Item" computerName="DKSR-EFI-04" duration="00:00:00.0008527" startTime="2023-12-22T09:33:24.0530848+01:00" endTime="2023-12-22T09:33:24.0530848+01:00" testType="13cdc9d9-ddb5-4fa4-a97d-d965ccfc6d4b" outcome="Passed" testListId="8c84fa94-04c1-424b-9868-57a2d4851a1d" relativeResultsDirectory="accbc400-c7a1-474b-ad1c-8bc0562bd9a9" />
    <UnitTestResult executionId="10e5478b-e4ce-4bca-bf54-088a4f10a0f9" testId="80d6adb4-1650-27fd-08b7-0698f3bcab62" testName="FeatureManager_AllFeatureNames_Success" computerName="DKSR-EFI-04" duration="00:00:00.0015968" startTime="2023-12-22T09:33:37.4750220+01:00" endTime="2023-12-22T09:33:37.4750220+01:00" testType="13cdc9d9-ddb5-4fa4-a97d-d965ccfc6d4b" outcome="Passed" testListId="8c84fa94-04c1-424b-9868-57a2d4851a1d" relativeResultsDirectory="10e5478b-e4ce-4bca-bf54-088a4f10a0f9" />
    <UnitTestResult executionId="61a623d8-1867-464f-9675-353f00dc67ee" testId="75c84b18-5930-e3eb-1c9d-234697afe954" testName="UpdateTotalICPFeedCountsAcrossAllHardware_FailsWhen_UpdateHardwareAggregates_NotCalled" computerName="DKSR-EFI-04" duration="00:00:00.0010577" startTime="2023-12-22T09:33:37.4906491+01:00" endTime="2023-12-22T09:33:37.4906491+01:00" testType="13cdc9d9-ddb5-4fa4-a97d-d965ccfc6d4b" outcome="Passed" testListId="8c84fa94-04c1-424b-9868-57a2d4851a1d" relativeResultsDirectory="61a623d8-1867-464f-9675-353f00dc67ee" />
    <UnitTestResult executionId="faa291f6-3235-4a89-b7e1-d87fea52cd72" testId="b4effb3d-cc26-3654-999a-ddddff047e3e" testName="GetUnknownEventName" computerName="DKSR-EFI-04" duration="00:00:00.0007098" startTime="2023-12-22T09:33:45.1469365+01:00" endTime="2023-12-22T09:33:45.1469365+01:00" testType="13cdc9d9-ddb5-4fa4-a97d-d965ccfc6d4b" outcome="Passed" testListId="8c84fa94-04c1-424b-9868-57a2d4851a1d" relativeResultsDirectory="faa291f6-3235-4a89-b7e1-d87fea52cd72" />
    <UnitTestResult executionId="d7eea00b-fc79-44f4-aa7d-cbb0cbd103f7" testId="078b3ec7-5533-42ae-fe07-24c5f6492295" testName="FileUploadSynchronizer_Upload_SameFile_To_DifferentRecorders_Twice_UploadsTwice_ChecksExistsFourTimes" computerName="DKSR-EFI-04" duration="00:00:00.0008520" startTime="2023-12-22T09:33:24.4905853+01:00" endTime="2023-12-22T09:33:24.4905853+01:00" testType="13cdc9d9-ddb5-4fa4-a97d-d965ccfc6d4b" outcome="Passed" testListId="8c84fa94-04c1-424b-9868-57a2d4851a1d" relativeResultsDirectory="d7eea00b-fc79-44f4-aa7d-cbb0cbd103f7" />
    <UnitTestResult executionId="1cad49c2-5683-421a-938b-bb50c14fa32d" testId="c648d94e-d167-b7e5-f8a4-f61682d6b498" testName="ActivateArchiveModel_Validation_RequiredPropertiesAreNull_Failed" computerName="DKSR-EFI-04" duration="00:00:00.0015193" startTime="2023-12-22T09:33:31.0062413+01:00" endTime="2023-12-22T09:33:31.0062413+01:00" testType="13cdc9d9-ddb5-4fa4-a97d-d965ccfc6d4b" outcome="Passed" testListId="8c84fa94-04c1-424b-9868-57a2d4851a1d" relativeResultsDirectory="1cad49c2-5683-421a-938b-bb50c14fa32d" />
    <UnitTestResult executionId="292d88ff-17fe-477b-9fb3-d9974f3b2bc6" testId="68568c0e-34c8-ee1e-1dbe-2e08270bc44b" testName="ReadAttributeAsString_SunnyDay" computerName="DKSR-EFI-04" duration="00:00:00.0035500" startTime="2023-12-22T09:33:23.6937070+01:00" endTime="2023-12-22T09:33:23.7093321+01:00" testType="13cdc9d9-ddb5-4fa4-a97d-d965ccfc6d4b" outcome="Passed" testListId="8c84fa94-04c1-424b-9868-57a2d4851a1d" relativeResultsDirectory="292d88ff-17fe-477b-9fb3-d9974f3b2bc6" />
    <UnitTestResult executionId="b2219fab-fcc0-4246-8848-93840d6a737d" testId="596a5c3c-35ff-af51-fc81-aafd59c18aba" testName="ModelValidation_RequiredPropertiesAreNull_Failed" computerName="DKSR-EFI-04" duration="00:00:00.0018576" startTime="2023-12-22T09:33:31.7874943+01:00" endTime="2023-12-22T09:33:31.7874943+01:00" testType="13cdc9d9-ddb5-4fa4-a97d-d965ccfc6d4b" outcome="Passed" testListId="8c84fa94-04c1-424b-9868-57a2d4851a1d" relativeResultsDirectory="b2219fab-fcc0-4246-8848-93840d6a737d" />
    <UnitTestResult executionId="68e8ba07-2d4f-427b-b2d1-d8087a034f1d" testId="e359e0a0-3df0-393a-8d03-bb1e07ac5842" testName="RefCountedObjectWrapper_ExecuteCallWithRefCount_EmptyParameter_NullReferenceException" computerName="DKSR-EFI-04" duration="00:00:00.0007139" startTime="2023-12-22T09:33:30.6312385+01:00" endTime="2023-12-22T09:33:30.6312385+01:00" testType="13cdc9d9-ddb5-4fa4-a97d-d965ccfc6d4b" outcome="Passed" testListId="8c84fa94-04c1-424b-9868-57a2d4851a1d" relativeResultsDirectory="68e8ba07-2d4f-427b-b2d1-d8087a034f1d" />
    <UnitTestResult executionId="43e12f88-e804-4846-a4cf-3c8cc0b6041b" testId="4a973728-cdf0-1276-f8b9-506e643591d0" testName="GroupConfigurationHelperAllKinds" computerName="DKSR-EFI-04" duration="00:00:00.0021278" startTime="2023-12-22T09:33:34.3968820+01:00" endTime="2023-12-22T09:33:34.3968820+01:00" testType="13cdc9d9-ddb5-4fa4-a97d-d965ccfc6d4b" outcome="Passed" testListId="8c84fa94-04c1-424b-9868-57a2d4851a1d" relativeResultsDirectory="43e12f88-e804-4846-a4cf-3c8cc0b6041b" />
    <UnitTestResult executionId="7a3df3b8-2fd9-49e8-9450-6fc987019ff2" testId="766aedf0-1025-25df-52bf-1821751fde22" testName="ServiceContainer_GetInstance_CreationTakesParamatersNotFound_UsesDefaultConstructor_Success" computerName="DKSR-EFI-04" duration="00:00:00.0016797" startTime="2023-12-22T09:33:21.5686960+01:00" endTime="2023-12-22T09:33:21.5843209+01:00" testType="13cdc9d9-ddb5-4fa4-a97d-d965ccfc6d4b" outcome="Passed" testListId="8c84fa94-04c1-424b-9868-57a2d4851a1d" relativeResultsDirectory="7a3df3b8-2fd9-49e8-9450-6fc987019ff2" />
    <UnitTestResult executionId="cedf1305-a19b-4dd1-b95c-75c31d0d251f" testId="aad2a8a3-0e2b-7c11-cf00-d860c0fd450d" testName="Hardware_Construct_ValidRecorderLicenseInfo_RemembersData_Success" computerName="DKSR-EFI-04" duration="00:00:00.0008820" startTime="2023-12-22T09:33:44.4750586+01:00" endTime="2023-12-22T09:33:44.4750586+01:00" testType="13cdc9d9-ddb5-4fa4-a97d-d965ccfc6d4b" outcome="Passed" testListId="8c84fa94-04c1-424b-9868-57a2d4851a1d" relativeResultsDirectory="cedf1305-a19b-4dd1-b95c-75c31d0d251f" />
    <UnitTestResult executionId="f31c360f-72b8-4ba5-9f06-47a7afd77f63" testId="91802298-d623-8d8a-fccc-abace55a9769" testName="Encrypt_DataSetIsNull_ThrowsArgumentNullException" computerName="DKSR-EFI-04" duration="00:00:00.0052407" startTime="2023-12-22T09:33:46.4438190+01:00" endTime="2023-12-22T09:33:46.4594407+01:00" testType="13cdc9d9-ddb5-4fa4-a97d-d965ccfc6d4b" outcome="Passed" testListId="8c84fa94-04c1-424b-9868-57a2d4851a1d" relativeResultsDirectory="f31c360f-72b8-4ba5-9f06-47a7afd77f63">
      <Output>
        <StdOut>Debug Trace:&#xD;
Fail: Argument null</StdOut>
      </Output>
    </UnitTestResult>
    <UnitTestResult executionId="7e131863-6895-4f1a-874f-1067b1a0544b" testId="9722fc3f-ffbb-0af0-c32b-f61197bc1583" testName="Encrypt_DataSetHasUnchangedRow_DataSetIsNotChanged" computerName="DKSR-EFI-04" duration="00:00:00.0021491" startTime="2023-12-22T09:33:46.4594407+01:00" endTime="2023-12-22T09:33:46.4594407+01:00" testType="13cdc9d9-ddb5-4fa4-a97d-d965ccfc6d4b" outcome="Passed" testListId="8c84fa94-04c1-424b-9868-57a2d4851a1d" relativeResultsDirectory="7e131863-6895-4f1a-874f-1067b1a0544b" />
    <UnitTestResult executionId="1e2af53e-34e9-4f90-9d10-7d0522ec5a52" testId="52965488-cd13-96ff-31e1-362756910ed0" testName="CalculateLicenseRequirements_DriverAndDevice_Not_Whitelisted_HardwareWithMultipleCameraDevicesCountsAsMultipleLicenses_ReturnsFalse" computerName="DKSR-EFI-04" duration="00:00:00.0011311" startTime="2023-12-22T09:33:37.9125253+01:00" endTime="2023-12-22T09:33:37.9125253+01:00" testType="13cdc9d9-ddb5-4fa4-a97d-d965ccfc6d4b" outcome="Passed" testListId="8c84fa94-04c1-424b-9868-57a2d4851a1d" relativeResultsDirectory="1e2af53e-34e9-4f90-9d10-7d0522ec5a52" />
    <UnitTestResult executionId="531fe9da-e618-490b-9f60-1ec952c7d53c" testId="e62fee80-9dfe-a687-8358-e8b2265e2f86" testName="SendOnlyEndpointWithReturnType_NoError_TaskIsExecutedAndCorrectResponseReceived" computerName="DKSR-EFI-04" duration="00:00:00.0132224" startTime="2023-12-22T09:33:20.7561923+01:00" endTime="2023-12-22T09:33:20.7718170+01:00" testType="13cdc9d9-ddb5-4fa4-a97d-d965ccfc6d4b" outcome="Passed" testListId="8c84fa94-04c1-424b-9868-57a2d4851a1d" relativeResultsDirectory="531fe9da-e618-490b-9f60-1ec952c7d53c" />
    <UnitTestResult executionId="00d1373c-96e8-44de-b572-975338ed8e73" testId="8ec4ce01-a20c-7b36-74f2-fb2d170afbcc" testName="HardwareUnsupportedResponseModel_NoValuesSet_ValidationFailure" computerName="DKSR-EFI-04" duration="00:00:00.0020014" startTime="2023-12-22T09:33:30.1624883+01:00" endTime="2023-12-22T09:33:30.1624883+01:00" testType="13cdc9d9-ddb5-4fa4-a97d-d965ccfc6d4b" outcome="Passed" testListId="8c84fa94-04c1-424b-9868-57a2d4851a1d" relativeResultsDirectory="00d1373c-96e8-44de-b572-975338ed8e73" />
    <UnitTestResult executionId="862c5d02-77e6-448d-b775-21a741158c93" testId="06314961-77c9-bb6b-859e-bd58a43c855a" testName="ThreadPoolMessageProcessor_ConstructorTest" computerName="DKSR-EFI-04" duration="00:00:00.0005495" startTime="2023-12-22T09:33:37.0687699+01:00" endTime="2023-12-22T09:33:37.0687699+01:00" testType="13cdc9d9-ddb5-4fa4-a97d-d965ccfc6d4b" outcome="Passed" testListId="8c84fa94-04c1-424b-9868-57a2d4851a1d" relativeResultsDirectory="862c5d02-77e6-448d-b775-21a741158c93" />
    <UnitTestResult executionId="42ca432a-a734-4ebb-bd34-1740967dc4cf" testId="c04a2885-1a6b-f616-ed37-b797f5e7a2b5" testName="BulkEventModel_Validate_Failed_Empty" computerName="DKSR-EFI-04" duration="00:00:00.0016335" startTime="2023-12-22T09:33:31.0218645+01:00" endTime="2023-12-22T09:33:31.0218645+01:00" testType="13cdc9d9-ddb5-4fa4-a97d-d965ccfc6d4b" outcome="Passed" testListId="8c84fa94-04c1-424b-9868-57a2d4851a1d" relativeResultsDirectory="42ca432a-a734-4ebb-bd34-1740967dc4cf" />
    <UnitTestResult executionId="90980994-c762-4c1b-899f-b9fceedaed0c" testId="371b90b8-b56b-cd39-df1f-1e1867989cd4" testName="Update_XmlHasPassword_PasswordIsTransformed" computerName="DKSR-EFI-04" duration="00:00:00.0009979" startTime="2023-12-22T09:33:46.9750730+01:00" endTime="2023-12-22T09:33:46.9750730+01:00" testType="13cdc9d9-ddb5-4fa4-a97d-d965ccfc6d4b" outcome="Passed" testListId="8c84fa94-04c1-424b-9868-57a2d4851a1d" relativeResultsDirectory="90980994-c762-4c1b-899f-b9fceedaed0c" />
    <UnitTestResult executionId="404e8928-c016-4dc9-b383-7673c9e89b3f" testId="fb833b07-008c-f7f9-992f-8ff1461aee58" testName="Send_HttpRequestExceptionThrown_ExceptionLoggedAndCommunicationExceptionThrown" computerName="DKSR-EFI-04" duration="00:00:00.0173444" startTime="2023-12-22T09:33:20.8811922+01:00" endTime="2023-12-22T09:33:20.8968187+01:00" testType="13cdc9d9-ddb5-4fa4-a97d-d965ccfc6d4b" outcome="Passed" testListId="8c84fa94-04c1-424b-9868-57a2d4851a1d" relativeResultsDirectory="404e8928-c016-4dc9-b383-7673c9e89b3f" />
    <UnitTestResult executionId="535573e6-e066-4c3c-adee-86c00914913b" testId="50005701-4e76-813c-4c2a-0aeaa0b08c54" testName="HostedScanParameters_ToXmlRemovePasswords_PasswordsRemovedFromXml" computerName="DKSR-EFI-04" duration="00:00:00.0049386" startTime="2023-12-22T09:33:23.5218366+01:00" endTime="2023-12-22T09:33:23.5374568+01:00" testType="13cdc9d9-ddb5-4fa4-a97d-d965ccfc6d4b" outcome="Passed" testListId="8c84fa94-04c1-424b-9868-57a2d4851a1d" relativeResultsDirectory="535573e6-e066-4c3c-adee-86c00914913b" />
    <UnitTestResult executionId="93044cd6-c351-4241-a83d-f56f35392eac" testId="e9ae2e0f-6b3f-5be8-70ce-4694a8f58dae" testName="Device_Construct_NullDeviceInfo_Empty_Throws_ArgumentNullException" computerName="DKSR-EFI-04" duration="00:00:00.0012563" startTime="2023-12-22T09:33:44.4750586+01:00" endTime="2023-12-22T09:33:44.4750586+01:00" testType="13cdc9d9-ddb5-4fa4-a97d-d965ccfc6d4b" outcome="Passed" testListId="8c84fa94-04c1-424b-9868-57a2d4851a1d" relativeResultsDirectory="93044cd6-c351-4241-a83d-f56f35392eac" />
    <UnitTestResult executionId="97a8255d-ec77-40a8-8962-a9f498bc1a6b" testId="f8e28254-23d5-b0b0-b7ed-64dc6b50aefc" testName="ServiceContainer_GetInstance_CreationTakesParamaters_Success" computerName="DKSR-EFI-04" duration="00:00:00.0015097" startTime="2023-12-22T09:33:21.5686960+01:00" endTime="2023-12-22T09:33:21.5686960+01:00" testType="13cdc9d9-ddb5-4fa4-a97d-d965ccfc6d4b" outcome="Passed" testListId="8c84fa94-04c1-424b-9868-57a2d4851a1d" relativeResultsDirectory="97a8255d-ec77-40a8-8962-a9f498bc1a6b" />
    <UnitTestResult executionId="4736f748-a500-4158-8d24-47faf7f5b1c7" testId="5273d87f-049e-5fea-7cda-09d7433064b5" testName="GetLicensenCount_AddHardware_ReturnValue" computerName="DKSR-EFI-04" duration="00:00:00.0017099" startTime="2023-12-22T09:33:37.5062729+01:00" endTime="2023-12-22T09:33:37.5218977+01:00" testType="13cdc9d9-ddb5-4fa4-a97d-d965ccfc6d4b" outcome="Passed" testListId="8c84fa94-04c1-424b-9868-57a2d4851a1d" relativeResultsDirectory="4736f748-a500-4158-8d24-47faf7f5b1c7" />
    <UnitTestResult executionId="be857280-da6d-49b4-8dcc-677719f1cfc6" testId="3f4c7994-738d-fc20-0252-4c17d79fc0b9" testName="IsArculesGuid_WhenArculesGuid_ReturnsTrue" computerName="DKSR-EFI-04" duration="00:00:00.0010066" startTime="2023-12-22T09:33:44.9125597+01:00" endTime="2023-12-22T09:33:44.9125597+01:00" testType="13cdc9d9-ddb5-4fa4-a97d-d965ccfc6d4b" outcome="Passed" testListId="8c84fa94-04c1-424b-9868-57a2d4851a1d" relativeResultsDirectory="be857280-da6d-49b4-8dcc-677719f1cfc6" />
    <UnitTestResult executionId="c555438b-fce7-4840-af5b-fd719cda8c11" testId="6fcbe503-297d-7842-0021-2fffe82802e1" testName="ResponseModel_NoValuesSet_ValidationFailure" computerName="DKSR-EFI-04" duration="00:00:00.0011960" startTime="2023-12-22T09:33:32.1781233+01:00" endTime="2023-12-22T09:33:32.1781233+01:00" testType="13cdc9d9-ddb5-4fa4-a97d-d965ccfc6d4b" outcome="Passed" testListId="8c84fa94-04c1-424b-9868-57a2d4851a1d" relativeResultsDirectory="c555438b-fce7-4840-af5b-fd719cda8c11" />
    <UnitTestResult executionId="17b7592b-6142-436e-9b2e-f7843025ea92" testId="cf0cf77f-c694-949f-3294-26fdc5a95a90" testName="FeatureManager_TryGetFeatureParameterValueT_Argument_Null" computerName="DKSR-EFI-04" duration="00:00:00.0008535" startTime="2023-12-22T09:33:37.4281491+01:00" endTime="2023-12-22T09:33:37.4281491+01:00" testType="13cdc9d9-ddb5-4fa4-a97d-d965ccfc6d4b" outcome="Passed" testListId="8c84fa94-04c1-424b-9868-57a2d4851a1d" relativeResultsDirectory="17b7592b-6142-436e-9b2e-f7843025ea92" />
    <UnitTestResult executionId="41dbef45-fb79-4e40-b564-28e71b284ac7" testId="469e0c96-5460-1d7e-389d-3f6fffba4b8a" testName="SendAsync_EndPointIsNull_ArgumentNullExceptionThrown" computerName="DKSR-EFI-04" duration="00:00:00.0079646" startTime="2023-12-22T09:33:20.3968132+01:00" endTime="2023-12-22T09:33:20.3968132+01:00" testType="13cdc9d9-ddb5-4fa4-a97d-d965ccfc6d4b" outcome="Passed" testListId="8c84fa94-04c1-424b-9868-57a2d4851a1d" relativeResultsDirectory="41dbef45-fb79-4e40-b564-28e71b284ac7">
      <Output>
        <StdOut>Debug Trace:&#xD;
Fail: Argument null</StdOut>
      </Output>
    </UnitTestResult>
    <UnitTestResult executionId="06cb535f-b1c2-40b2-ae4e-07f8a201589f" testId="2c38eb3c-edb8-62c6-4b8c-05eb78ccfdcb" testName="CreateHttpUri_NoScheme_UseDefaultPortTrue_BecomesHttpPort80" computerName="DKSR-EFI-04" duration="00:00:00.0001818" startTime="2023-12-22T09:33:47.4125734+01:00" endTime="2023-12-22T09:33:47.4125734+01:00" testType="13cdc9d9-ddb5-4fa4-a97d-d965ccfc6d4b" outcome="Passed" testListId="8c84fa94-04c1-424b-9868-57a2d4851a1d" relativeResultsDirectory="06cb535f-b1c2-40b2-ae4e-07f8a201589f" />
    <UnitTestResult executionId="d6459165-670c-412a-9922-8545564b026e" testId="a2e081e8-4047-25ab-0438-a7e5e3258edc" testName="ModelValidation_NonEmptyGuidsAreEmpty_Failed" computerName="DKSR-EFI-04" duration="00:00:00.0016638" startTime="2023-12-22T09:33:31.3499932+01:00" endTime="2023-12-22T09:33:31.3499932+01:00" testType="13cdc9d9-ddb5-4fa4-a97d-d965ccfc6d4b" outcome="Passed" testListId="8c84fa94-04c1-424b-9868-57a2d4851a1d" relativeResultsDirectory="d6459165-670c-412a-9922-8545564b026e" />
    <UnitTestResult executionId="b076d128-22c5-4e13-8464-6b1908e5d5bb" testId="597c0929-a1e8-1644-f547-192d44b9f5a9" testName="TestMergeGridAreaWithValidAreaAndNull" computerName="DKSR-EFI-04" duration="00:00:00.0002344" startTime="2023-12-22T09:33:46.1625667+01:00" endTime="2023-12-22T09:33:46.1625667+01:00" testType="13cdc9d9-ddb5-4fa4-a97d-d965ccfc6d4b" outcome="Passed" testListId="8c84fa94-04c1-424b-9868-57a2d4851a1d" relativeResultsDirectory="b076d128-22c5-4e13-8464-6b1908e5d5bb" />
    <UnitTestResult executionId="e2ff992e-b8cd-4a06-bb85-181bae9a5ce7" testId="dfa4a51a-f529-aa33-50fa-2784e6e059d7" testName="PtzPresetCollection_LoadXml_Success" computerName="DKSR-EFI-04" duration="00:00:00.0081095" startTime="2023-12-22T09:33:24.3812085+01:00" endTime="2023-12-22T09:33:24.3968364+01:00" testType="13cdc9d9-ddb5-4fa4-a97d-d965ccfc6d4b" outcome="Passed" testListId="8c84fa94-04c1-424b-9868-57a2d4851a1d" relativeResultsDirectory="e2ff992e-b8cd-4a06-bb85-181bae9a5ce7" />
    <UnitTestResult executionId="762cb8e1-65e9-44d9-a1b3-cefb1aa440b1" testId="061c9b44-4e7b-9dd1-a613-5572fd2e77a2" testName="DatabaseResponseTrackIdsWithoutMediaOnRecorderModel_Validate_Success" computerName="DKSR-EFI-04" duration="00:00:00.0018330" startTime="2023-12-22T09:33:30.1468630+01:00" endTime="2023-12-22T09:33:30.1468630+01:00" testType="13cdc9d9-ddb5-4fa4-a97d-d965ccfc6d4b" outcome="Passed" testListId="8c84fa94-04c1-424b-9868-57a2d4851a1d" relativeResultsDirectory="762cb8e1-65e9-44d9-a1b3-cefb1aa440b1" />
    <UnitTestResult executionId="f93a062d-79b9-4939-acf4-73cb786c8871" testId="4a82ea03-a3c5-0a38-f23a-d165535cebee" testName="Test_MemberOf_SimpleOneLine" computerName="DKSR-EFI-04" duration="00:00:00.0014026" startTime="2023-12-22T09:33:47.8500739+01:00" endTime="2023-12-22T09:33:47.8500739+01:00" testType="13cdc9d9-ddb5-4fa4-a97d-d965ccfc6d4b" outcome="Passed" testListId="8c84fa94-04c1-424b-9868-57a2d4851a1d" relativeResultsDirectory="f93a062d-79b9-4939-acf4-73cb786c8871" />
    <UnitTestResult executionId="5b5cfb46-df56-40a4-96e6-ee77bb3309ab" testId="4f24a41b-bda1-7ca6-f90e-e5465e1622b7" testName="Validate_TotalDevicesUsingOneLicenseEach_Success" computerName="DKSR-EFI-04" duration="00:00:00.0010525" startTime="2023-12-22T09:33:44.5375586+01:00" endTime="2023-12-22T09:33:44.5375586+01:00" testType="13cdc9d9-ddb5-4fa4-a97d-d965ccfc6d4b" outcome="Passed" testListId="8c84fa94-04c1-424b-9868-57a2d4851a1d" relativeResultsDirectory="5b5cfb46-df56-40a4-96e6-ee77bb3309ab" />
    <UnitTestResult executionId="47d238d0-d9c9-43f9-8aa6-b6667578debf" testId="c662972b-d138-6dfa-90dd-ad50777013ca" testName="ResponseModel_NoValuesSet_ValidationFailure" computerName="DKSR-EFI-04" duration="00:00:00.0006858" startTime="2023-12-22T09:33:32.1312475+01:00" endTime="2023-12-22T09:33:32.1312475+01:00" testType="13cdc9d9-ddb5-4fa4-a97d-d965ccfc6d4b" outcome="Passed" testListId="8c84fa94-04c1-424b-9868-57a2d4851a1d" relativeResultsDirectory="47d238d0-d9c9-43f9-8aa6-b6667578debf" />
    <UnitTestResult executionId="b711ae28-75d7-470b-b383-7e7c3417bcc7" testId="4661b4dd-f151-45f0-8c5b-9b4bd76bb272" testName="LicenseActivationService_AcquireLicense_RequestFormatInvalid" computerName="DKSR-EFI-04" duration="00:00:00.0021305" startTime="2023-12-22T09:33:37.8656505+01:00" endTime="2023-12-22T09:33:37.8656505+01:00" testType="13cdc9d9-ddb5-4fa4-a97d-d965ccfc6d4b" outcome="Passed" testListId="8c84fa94-04c1-424b-9868-57a2d4851a1d" relativeResultsDirectory="b711ae28-75d7-470b-b383-7e7c3417bcc7" />
    <UnitTestResult executionId="53f91aa6-813e-4174-b9b9-6b27eb56866e" testId="1457cccf-2f12-2f87-797e-265b2a1cb863" testName="FeatureManager_GetFeatureParameterValue_Value" computerName="DKSR-EFI-04" duration="00:00:00.0003294" startTime="2023-12-22T09:33:37.3656475+01:00" endTime="2023-12-22T09:33:37.3656475+01:00" testType="13cdc9d9-ddb5-4fa4-a97d-d965ccfc6d4b" outcome="Passed" testListId="8c84fa94-04c1-424b-9868-57a2d4851a1d" relativeResultsDirectory="53f91aa6-813e-4174-b9b9-6b27eb56866e" />
    <UnitTestResult executionId="70237e6e-3333-4e73-8d6e-c38265419981" testId="86b90298-7079-4f14-fd5e-ec1d4595e4d7" testName="RulesTableAdapter_ClearUserSid_Twice_InvalidOperationException" computerName="DKSR-EFI-04" duration="00:00:00.0009246" startTime="2023-12-22T09:33:46.7875687+01:00" endTime="2023-12-22T09:33:46.7875687+01:00" testType="13cdc9d9-ddb5-4fa4-a97d-d965ccfc6d4b" outcome="Passed" testListId="8c84fa94-04c1-424b-9868-57a2d4851a1d" relativeResultsDirectory="70237e6e-3333-4e73-8d6e-c38265419981">
      <Output>
        <StdOut>Debug Trace:&#xD;
Fail: There is no current sid.</StdOut>
      </Output>
    </UnitTestResult>
    <UnitTestResult executionId="4160d0e2-fdfe-49e8-b3f1-18bae08c1a4f" testId="b4fd159a-ccfe-eae2-8457-eea5e622067d" testName="CreateHttpsUri_HttpDefaultPort_UsePortNegativeOne_ThrowsArgumentOutOfRangeException" computerName="DKSR-EFI-04" duration="00:00:00.0007031" startTime="2023-12-22T09:33:47.4907001+01:00" endTime="2023-12-22T09:33:47.4907001+01:00" testType="13cdc9d9-ddb5-4fa4-a97d-d965ccfc6d4b" outcome="Passed" testListId="8c84fa94-04c1-424b-9868-57a2d4851a1d" relativeResultsDirectory="4160d0e2-fdfe-49e8-b3f1-18bae08c1a4f" />
    <UnitTestResult executionId="dcf38e29-2627-42c3-a41f-cfd9a98ce368" testId="0d6e2af5-6eb0-8801-3d1a-a1a6adc43bf5" testName="Misc_Methods" computerName="DKSR-EFI-04" duration="00:00:00.0036438" startTime="2023-12-22T09:33:24.3030845+01:00" endTime="2023-12-22T09:33:24.3030845+01:00" testType="13cdc9d9-ddb5-4fa4-a97d-d965ccfc6d4b" outcome="Passed" testListId="8c84fa94-04c1-424b-9868-57a2d4851a1d" relativeResultsDirectory="dcf38e29-2627-42c3-a41f-cfd9a98ce368" />
    <UnitTestResult executionId="5c108613-4249-4696-99cf-3f342414f196" testId="c1e8a5aa-8ce5-ec77-4374-273fc0e9a25b" testName="CheckAllMIPFiltersKindsTestNotOk1" computerName="DKSR-EFI-04" duration="00:00:00.0001438" startTime="2023-12-22T09:33:34.4750088+01:00" endTime="2023-12-22T09:33:34.4750088+01:00" testType="13cdc9d9-ddb5-4fa4-a97d-d965ccfc6d4b" outcome="Passed" testListId="8c84fa94-04c1-424b-9868-57a2d4851a1d" relativeResultsDirectory="5c108613-4249-4696-99cf-3f342414f196" />
    <UnitTestResult executionId="b8a70ad1-8e69-4717-b81f-71b96b4ac23d" testId="a09877a3-2e7a-2013-5f63-728327952c1b" testName="HttpClientCommunicatorWrapper_SendTRet_Success" computerName="DKSR-EFI-04" duration="00:00:00.0024995" startTime="2023-12-22T09:33:30.9437398+01:00" endTime="2023-12-22T09:33:30.9437398+01:00" testType="13cdc9d9-ddb5-4fa4-a97d-d965ccfc6d4b" outcome="Passed" testListId="8c84fa94-04c1-424b-9868-57a2d4851a1d" relativeResultsDirectory="b8a70ad1-8e69-4717-b81f-71b96b4ac23d" />
    <UnitTestResult executionId="e6bf455d-a004-41bf-b992-3e4386f261f6" testId="f1d97ee1-bf32-14e7-b1d7-279e0f139936" testName="Construct_RequestContainer_ValidLicenseRequestAndIntegrationData_Success" computerName="DKSR-EFI-04" duration="00:00:00.0003648" startTime="2023-12-22T09:33:44.1938072+01:00" endTime="2023-12-22T09:33:44.1938072+01:00" testType="13cdc9d9-ddb5-4fa4-a97d-d965ccfc6d4b" outcome="Passed" testListId="8c84fa94-04c1-424b-9868-57a2d4851a1d" relativeResultsDirectory="e6bf455d-a004-41bf-b992-3e4386f261f6" />
    <UnitTestResult executionId="e5880b9e-0917-49d2-a086-01a7d31b39a0" testId="60527f47-88dc-f9e7-77dd-a011437721a0" testName="ServiceDiscoveryEngine_TimerCallback_Success" computerName="DKSR-EFI-04" duration="00:00:00.0039441" startTime="2023-12-22T09:33:32.2249980+01:00" endTime="2023-12-22T09:33:32.2406237+01:00" testType="13cdc9d9-ddb5-4fa4-a97d-d965ccfc6d4b" outcome="Passed" testListId="8c84fa94-04c1-424b-9868-57a2d4851a1d" relativeResultsDirectory="e5880b9e-0917-49d2-a086-01a7d31b39a0" />
    <UnitTestResult executionId="92cb3a75-0840-4370-bd55-39ce1e7ce9f4" testId="f68843e7-158e-831f-4c10-632acd4e930e" testName="Validate_PartialMatch_Found_MiddleOfWord_MixedCase_Success" computerName="DKSR-EFI-04" duration="00:00:00.0001749" startTime="2023-12-22T09:33:44.8344336+01:00" endTime="2023-12-22T09:33:44.8344336+01:00" testType="13cdc9d9-ddb5-4fa4-a97d-d965ccfc6d4b" outcome="Passed" testListId="8c84fa94-04c1-424b-9868-57a2d4851a1d" relativeResultsDirectory="92cb3a75-0840-4370-bd55-39ce1e7ce9f4" />
    <UnitTestResult executionId="cae5cfaa-1453-47e1-b314-550186716b5a" testId="abf27167-38f9-fa2d-5f0d-d154f5c58e22" testName="RecorderInfo_Construct_ValidDevicePackInfo_ConvertsToEmptyString" computerName="DKSR-EFI-04" duration="00:00:00.0003697" startTime="2023-12-22T09:33:44.7563108+01:00" endTime="2023-12-22T09:33:44.7563108+01:00" testType="13cdc9d9-ddb5-4fa4-a97d-d965ccfc6d4b" outcome="Passed" testListId="8c84fa94-04c1-424b-9868-57a2d4851a1d" relativeResultsDirectory="cae5cfaa-1453-47e1-b314-550186716b5a" />
    <UnitTestResult executionId="95ab7556-0959-4d46-95fd-654e4037ee7e" testId="e94bed32-14b0-960f-eb57-dc27cfa1c718" testName="Decrypt" computerName="DKSR-EFI-04" duration="00:00:00.0008474" startTime="2023-12-22T09:33:46.8031956+01:00" endTime="2023-12-22T09:33:46.8031956+01:00" testType="13cdc9d9-ddb5-4fa4-a97d-d965ccfc6d4b" outcome="Passed" testListId="8c84fa94-04c1-424b-9868-57a2d4851a1d" relativeResultsDirectory="95ab7556-0959-4d46-95fd-654e4037ee7e" />
    <UnitTestResult executionId="bb200e92-44db-4547-8753-4665c0645455" testId="5b9fc78a-473b-aaeb-4c48-30186e186680" testName="ActivateArchiveModel_Validation_ValidModel_Success" computerName="DKSR-EFI-04" duration="00:00:00.0015874" startTime="2023-12-22T09:33:31.0062413+01:00" endTime="2023-12-22T09:33:31.0218645+01:00" testType="13cdc9d9-ddb5-4fa4-a97d-d965ccfc6d4b" outcome="Passed" testListId="8c84fa94-04c1-424b-9868-57a2d4851a1d" relativeResultsDirectory="bb200e92-44db-4547-8753-4665c0645455" />
    <UnitTestResult executionId="365d8f84-e03e-4d71-bba8-e01cb772f9a8" testId="182ba1dd-289f-5383-2549-e8808bb99a81" testName="FileUploadSynchronizer_Upload_After_Dispose_Exception" computerName="DKSR-EFI-04" duration="00:00:00.0022011" startTime="2023-12-22T09:33:24.6155847+01:00" endTime="2023-12-22T09:33:24.6155847+01:00" testType="13cdc9d9-ddb5-4fa4-a97d-d965ccfc6d4b" outcome="Passed" testListId="8c84fa94-04c1-424b-9868-57a2d4851a1d" relativeResultsDirectory="365d8f84-e03e-4d71-bba8-e01cb772f9a8" />
    <UnitTestResult executionId="ba635ff2-9b99-4f71-a7e9-98263f148e33" testId="170cfc08-636a-63ed-5221-e2262930e959" testName="ConvertStringToPort_Port0_Returns65535" computerName="DKSR-EFI-04" duration="00:00:00.0001133" startTime="2023-12-22T09:33:47.5219465+01:00" endTime="2023-12-22T09:33:47.5219465+01:00" testType="13cdc9d9-ddb5-4fa4-a97d-d965ccfc6d4b" outcome="Passed" testListId="8c84fa94-04c1-424b-9868-57a2d4851a1d" relativeResultsDirectory="ba635ff2-9b99-4f71-a7e9-98263f148e33" />
    <UnitTestResult executionId="f74545ba-45ec-4b85-8a76-57a7dea8f9e9" testId="4820a864-02ac-6cba-a615-5484ed479c37" testName="CheckAllMIPFiltersKindsTestNotOk7" computerName="DKSR-EFI-04" duration="00:00:00.0001496" startTime="2023-12-22T09:33:34.4906336+01:00" endTime="2023-12-22T09:33:34.4906336+01:00" testType="13cdc9d9-ddb5-4fa4-a97d-d965ccfc6d4b" outcome="Passed" testListId="8c84fa94-04c1-424b-9868-57a2d4851a1d" relativeResultsDirectory="f74545ba-45ec-4b85-8a76-57a7dea8f9e9" />
    <UnitTestResult executionId="34a2387e-3516-4b27-a714-3cead527f4b2" testId="73bca2cb-d580-dcde-6dcb-4db8cdd3835c" testName="BaseHtmlLicenseReport_CreatePNode_WithNoClassName_ValidText_Success" computerName="DKSR-EFI-04" duration="00:00:00.0001441" startTime="2023-12-22T09:33:37.1937698+01:00" endTime="2023-12-22T09:33:37.1937698+01:00" testType="13cdc9d9-ddb5-4fa4-a97d-d965ccfc6d4b" outcome="Passed" testListId="8c84fa94-04c1-424b-9868-57a2d4851a1d" relativeResultsDirectory="34a2387e-3516-4b27-a714-3cead527f4b2" />
    <UnitTestResult executionId="82061bcf-b929-4d67-8a90-1e64fa0e4c8c" testId="8dc52a42-3fb1-8a7a-e748-c03fb8da71f9" testName="Decrypt_DataSetHasEmptyPassword_PasswordIsStillEmpty" computerName="DKSR-EFI-04" duration="00:00:00.0021070" startTime="2023-12-22T09:33:46.5063197+01:00" endTime="2023-12-22T09:33:46.5063197+01:00" testType="13cdc9d9-ddb5-4fa4-a97d-d965ccfc6d4b" outcome="Passed" testListId="8c84fa94-04c1-424b-9868-57a2d4851a1d" relativeResultsDirectory="82061bcf-b929-4d67-8a90-1e64fa0e4c8c" />
    <UnitTestResult executionId="a4f12f05-0976-48f9-8fb6-24a045f8b5ca" testId="2ac88b5e-e21a-d704-0b31-d00edcc113ea" testName="Encrypt_DataSetIsNull_ThrowsArgumentNullException" computerName="DKSR-EFI-04" duration="00:00:00.0120468" startTime="2023-12-22T09:33:46.2719414+01:00" endTime="2023-12-22T09:33:46.2719414+01:00" testType="13cdc9d9-ddb5-4fa4-a97d-d965ccfc6d4b" outcome="Passed" testListId="8c84fa94-04c1-424b-9868-57a2d4851a1d" relativeResultsDirectory="a4f12f05-0976-48f9-8fb6-24a045f8b5ca">
      <Output>
        <StdOut>Debug Trace:&#xD;
Fail: Argument null</StdOut>
      </Output>
    </UnitTestResult>
    <UnitTestResult executionId="1d76caf7-2c81-4da4-801a-cab62f380f15" testId="292fba1d-7bf1-dc92-ffbb-4d7847468fdb" testName="StreamsConfiguration_ValidateConfiguration_Illegal_Stream_Combination" computerName="DKSR-EFI-04" duration="00:00:00.0495392" startTime="2023-12-22T09:33:29.5687338+01:00" endTime="2023-12-22T09:33:29.6156141+01:00" testType="13cdc9d9-ddb5-4fa4-a97d-d965ccfc6d4b" outcome="Passed" testListId="8c84fa94-04c1-424b-9868-57a2d4851a1d" relativeResultsDirectory="1d76caf7-2c81-4da4-801a-cab62f380f15" />
    <UnitTestResult executionId="e1b9f635-3fcc-468a-85e8-c24bb88ffe0a" testId="fd9dd396-864e-bc54-1efb-7212fdfa608f" testName="GetAggregateFeeds_FailsWhen_UpdateHardwareAggregates_NotCalled" computerName="DKSR-EFI-04" duration="00:00:00.0014348" startTime="2023-12-22T09:33:37.4750220+01:00" endTime="2023-12-22T09:33:37.4750220+01:00" testType="13cdc9d9-ddb5-4fa4-a97d-d965ccfc6d4b" outcome="Passed" testListId="8c84fa94-04c1-424b-9868-57a2d4851a1d" relativeResultsDirectory="e1b9f635-3fcc-468a-85e8-c24bb88ffe0a" />
    <UnitTestResult executionId="64e69589-a502-4525-84b9-e67cde33fe7c" testId="a860f282-2bfd-515f-3a93-910c002485cc" testName="HardwareScanProgressResponseModel_NoValuesSet_ValidationFailure" computerName="DKSR-EFI-04" duration="00:00:00.0012326" startTime="2023-12-22T09:33:32.0999963+01:00" endTime="2023-12-22T09:33:32.0999963+01:00" testType="13cdc9d9-ddb5-4fa4-a97d-d965ccfc6d4b" outcome="Passed" testListId="8c84fa94-04c1-424b-9868-57a2d4851a1d" relativeResultsDirectory="64e69589-a502-4525-84b9-e67cde33fe7c" />
    <UnitTestResult executionId="2f975f24-9a7f-4dd4-b7f8-0089e49ffacd" testId="f679d789-790d-8c95-7867-cc39f97820ab" testName="DatabaseXmlConverter_XmlIdsToGuids_One" computerName="DKSR-EFI-04" duration="00:00:00.0024658" startTime="2023-12-22T09:33:21.7249456+01:00" endTime="2023-12-22T09:33:21.7249456+01:00" testType="13cdc9d9-ddb5-4fa4-a97d-d965ccfc6d4b" outcome="Passed" testListId="8c84fa94-04c1-424b-9868-57a2d4851a1d" relativeResultsDirectory="2f975f24-9a7f-4dd4-b7f8-0089e49ffacd" />
    <UnitTestResult executionId="aad311ff-de19-4400-bfe3-4868647958d2" testId="c9999e9d-a2c2-81ee-78a6-a171e8eb25b6" testName="StreamsConfiguration_ValidateConfiguration_Invalid_Selection_3_Error" computerName="DKSR-EFI-04" duration="00:00:00.0071649" startTime="2023-12-22T09:33:29.6312337+01:00" endTime="2023-12-22T09:33:29.6312337+01:00" testType="13cdc9d9-ddb5-4fa4-a97d-d965ccfc6d4b" outcome="Passed" testListId="8c84fa94-04c1-424b-9868-57a2d4851a1d" relativeResultsDirectory="aad311ff-de19-4400-bfe3-4868647958d2" />
    <UnitTestResult executionId="b3b7fa4b-fda3-42ef-8d24-e029981ceabc" testId="97959581-8ba4-69c8-edd6-1f5a9e44d9f3" testName="ScanParameters_ToXmlRemovePasswords_XmlWithoutPasswords" computerName="DKSR-EFI-04" duration="00:00:00.0038614" startTime="2023-12-22T09:33:23.5999563+01:00" endTime="2023-12-22T09:33:23.5999563+01:00" testType="13cdc9d9-ddb5-4fa4-a97d-d965ccfc6d4b" outcome="Passed" testListId="8c84fa94-04c1-424b-9868-57a2d4851a1d" relativeResultsDirectory="b3b7fa4b-fda3-42ef-8d24-e029981ceabc" />
    <UnitTestResult executionId="00003c1c-16b6-4544-857a-f92f9313f625" testId="51779749-eb06-67d7-ac51-34b3fe85d9f2" testName="ReadChildElementValueAsUInt32_NameNull" computerName="DKSR-EFI-04" duration="00:00:00.0008274" startTime="2023-12-22T09:33:23.8343313+01:00" endTime="2023-12-22T09:33:23.8343313+01:00" testType="13cdc9d9-ddb5-4fa4-a97d-d965ccfc6d4b" outcome="Passed" testListId="8c84fa94-04c1-424b-9868-57a2d4851a1d" relativeResultsDirectory="00003c1c-16b6-4544-857a-f92f9313f625" />
    <UnitTestResult executionId="54322d3d-0a94-418a-9d2c-e7b0c2f0a286" testId="fae6bee7-dad5-2e49-f8db-0f9ebd7161b5" testName="WhiteList_IsDriverWhiteListed_HWWith16CH_GlobalMaxChannelCountIs16_ReturnsTrue" computerName="DKSR-EFI-04" duration="00:00:00.0007010" startTime="2023-12-22T09:33:44.6625593+01:00" endTime="2023-12-22T09:33:44.6625593+01:00" testType="13cdc9d9-ddb5-4fa4-a97d-d965ccfc6d4b" outcome="Passed" testListId="8c84fa94-04c1-424b-9868-57a2d4851a1d" relativeResultsDirectory="54322d3d-0a94-418a-9d2c-e7b0c2f0a286" />
    <UnitTestResult executionId="f802cafe-1d7e-43d5-8524-1f3de5b7a82c" testId="aaf6cbc2-ec71-9fc8-a293-327af94ed168" testName="TestMergeGridAreaWithValidAreaAndEmpty" computerName="DKSR-EFI-04" duration="00:00:00.0002363" startTime="2023-12-22T09:33:46.1781910+01:00" endTime="2023-12-22T09:33:46.1781910+01:00" testType="13cdc9d9-ddb5-4fa4-a97d-d965ccfc6d4b" outcome="Passed" testListId="8c84fa94-04c1-424b-9868-57a2d4851a1d" relativeResultsDirectory="f802cafe-1d7e-43d5-8524-1f3de5b7a82c" />
    <UnitTestResult executionId="55bcfca0-5d4f-4d56-8893-7863afe4c4a1" testId="84f1b030-6383-8d30-b4ad-7486433b5171" testName="BindToType_BindToNonAllowedTypesContainedInAllowedAssembly_InvalidOperationException" computerName="DKSR-EFI-04" duration="00:00:00.0007607" startTime="2023-12-22T09:33:29.8656112+01:00" endTime="2023-12-22T09:33:29.8656112+01:00" testType="13cdc9d9-ddb5-4fa4-a97d-d965ccfc6d4b" outcome="Passed" testListId="8c84fa94-04c1-424b-9868-57a2d4851a1d" relativeResultsDirectory="55bcfca0-5d4f-4d56-8893-7863afe4c4a1" />
    <UnitTestResult executionId="a311e22b-f41e-4315-abf7-2f7aa8ed4f72" testId="00254559-e169-8ef2-c047-eead4df50c27" testName="UpdateLicenseCount_DriverAndModelNotInWhiteList_ReturnsFalseAndChannelLicenseCountIsOne" computerName="DKSR-EFI-04" duration="00:00:00.0004175" startTime="2023-12-22T09:33:37.6312731+01:00" endTime="2023-12-22T09:33:37.6312731+01:00" testType="13cdc9d9-ddb5-4fa4-a97d-d965ccfc6d4b" outcome="Passed" testListId="8c84fa94-04c1-424b-9868-57a2d4851a1d" relativeResultsDirectory="a311e22b-f41e-4315-abf7-2f7aa8ed4f72" />
    <UnitTestResult executionId="3be05d46-59aa-4a74-891f-7e01fc56248b" testId="b9c9bd7b-a356-33a0-bec3-574ce9bb28cd" testName="Recorder_Construct_InvalidLastModified_NotUtc_Throws_ArgumentException" computerName="DKSR-EFI-04" duration="00:00:00.0006442" startTime="2023-12-22T09:33:44.4594327+01:00" endTime="2023-12-22T09:33:44.4594327+01:00" testType="13cdc9d9-ddb5-4fa4-a97d-d965ccfc6d4b" outcome="Passed" testListId="8c84fa94-04c1-424b-9868-57a2d4851a1d" relativeResultsDirectory="3be05d46-59aa-4a74-891f-7e01fc56248b" />
    <UnitTestResult executionId="0ab206a6-f039-40cc-8a38-6badd1bc0ff6" testId="a631a206-782f-0ee2-cbfb-14156bf5a95d" testName="LicenseActivationService_AcquireLicense_LicenseNotAllowed_TooManyCamerasRequested" computerName="DKSR-EFI-04" duration="00:00:00.0021028" startTime="2023-12-22T09:33:37.8500239+01:00" endTime="2023-12-22T09:33:37.8500239+01:00" testType="13cdc9d9-ddb5-4fa4-a97d-d965ccfc6d4b" outcome="Passed" testListId="8c84fa94-04c1-424b-9868-57a2d4851a1d" relativeResultsDirectory="0ab206a6-f039-40cc-8a38-6badd1bc0ff6" />
    <UnitTestResult executionId="3d62e895-11ba-4a22-a9e7-f4f4a0272539" testId="8d948bad-7aae-8437-b7cf-1d0664eecab1" testName="TestMergeGridAreaWithDifferentAspectRatioAreas" computerName="DKSR-EFI-04" duration="00:00:00.0005105" startTime="2023-12-22T09:33:46.1781910+01:00" endTime="2023-12-22T09:33:46.1781910+01:00" testType="13cdc9d9-ddb5-4fa4-a97d-d965ccfc6d4b" outcome="Passed" testListId="8c84fa94-04c1-424b-9868-57a2d4851a1d" relativeResultsDirectory="3d62e895-11ba-4a22-a9e7-f4f4a0272539" />
    <UnitTestResult executionId="32f9fef9-cadb-4b0c-94f7-1da82d780114" testId="c0e40020-563b-4172-51b7-b2482962237f" testName="TaskModel_InvalidTaskDiffGramType_Failed" computerName="DKSR-EFI-04" duration="00:00:00.0020495" startTime="2023-12-22T09:33:31.8187437+01:00" endTime="2023-12-22T09:33:31.8343714+01:00" testType="13cdc9d9-ddb5-4fa4-a97d-d965ccfc6d4b" outcome="Passed" testListId="8c84fa94-04c1-424b-9868-57a2d4851a1d" relativeResultsDirectory="32f9fef9-cadb-4b0c-94f7-1da82d780114" />
    <UnitTestResult executionId="3e4226f8-9ebf-4089-bd60-6c32ef31bc9f" testId="498a1b1e-8d55-58c9-df64-d8e209ece96d" testName="LicenseDocument_ValidateIsDeviceLicensed_IcpDevice_ThrowsInvalidOperationException" computerName="DKSR-EFI-04" duration="00:00:00.0029514" startTime="2023-12-22T09:33:44.4438087+01:00" endTime="2023-12-22T09:33:44.4438087+01:00" testType="13cdc9d9-ddb5-4fa4-a97d-d965ccfc6d4b" outcome="Passed" testListId="8c84fa94-04c1-424b-9868-57a2d4851a1d" relativeResultsDirectory="3e4226f8-9ebf-4089-bd60-6c32ef31bc9f" />
    <UnitTestResult executionId="7646bc39-5f4d-476b-8189-6c5a075d2702" testId="9cc90772-c03b-d2fd-fcc6-432c0e1d3d02" testName="Collection_Add_Lookup_Remove_Success" computerName="DKSR-EFI-04" duration="00:00:00.0064729" startTime="2023-12-22T09:33:24.0843330+01:00" endTime="2023-12-22T09:33:24.0999597+01:00" testType="13cdc9d9-ddb5-4fa4-a97d-d965ccfc6d4b" outcome="Passed" testListId="8c84fa94-04c1-424b-9868-57a2d4851a1d" relativeResultsDirectory="7646bc39-5f4d-476b-8189-6c5a075d2702" />
    <UnitTestResult executionId="200d7dcc-a8cc-49d1-a835-7dbba40a9d31" testId="4d252ac9-04ed-3b5d-a52f-389829aff074" testName="Send_NonSuccessResponse_BadRequestExceptionThrown" computerName="DKSR-EFI-04" duration="00:00:00.0377321" startTime="2023-12-22T09:33:20.8343173+01:00" endTime="2023-12-22T09:33:20.8811922+01:00" testType="13cdc9d9-ddb5-4fa4-a97d-d965ccfc6d4b" outcome="Passed" testListId="8c84fa94-04c1-424b-9868-57a2d4851a1d" relativeResultsDirectory="200d7dcc-a8cc-49d1-a835-7dbba40a9d31" />
    <UnitTestResult executionId="749f2fd3-efa6-4ba8-a632-ad8be00ae6c9" testId="107eabc5-a6da-8967-d62a-cc32fabff8f3" testName="Test_IsMember_NoMembers" computerName="DKSR-EFI-04" duration="00:00:00.0004949" startTime="2023-12-22T09:33:47.8344491+01:00" endTime="2023-12-22T09:33:47.8344491+01:00" testType="13cdc9d9-ddb5-4fa4-a97d-d965ccfc6d4b" outcome="Passed" testListId="8c84fa94-04c1-424b-9868-57a2d4851a1d" relativeResultsDirectory="749f2fd3-efa6-4ba8-a632-ad8be00ae6c9" />
    <UnitTestResult executionId="e7046799-380d-4937-a602-60ddea3872e7" testId="f3f224e3-e84e-962f-40aa-9cfc22312b50" testName="ToLogEntryRule_ModelWithNullLogeDefinition_SuccessConvertion" computerName="DKSR-EFI-04" duration="00:00:00.0024076" startTime="2023-12-22T09:33:31.9281199+01:00" endTime="2023-12-22T09:33:31.9281199+01:00" testType="13cdc9d9-ddb5-4fa4-a97d-d965ccfc6d4b" outcome="Passed" testListId="8c84fa94-04c1-424b-9868-57a2d4851a1d" relativeResultsDirectory="e7046799-380d-4937-a602-60ddea3872e7" />
    <UnitTestResult executionId="1b860038-3f6f-437e-8f70-b164dccc1240" testId="1388ff5c-50de-cc86-d0b2-d19866f62f9c" testName="IsEnumerationValueAac_ReturnsFalse_OnValueWithoutAac" computerName="DKSR-EFI-04" duration="00:00:00.0002889" startTime="2023-12-22T09:33:45.0375597+01:00" endTime="2023-12-22T09:33:45.0375597+01:00" testType="13cdc9d9-ddb5-4fa4-a97d-d965ccfc6d4b" outcome="Passed" testListId="8c84fa94-04c1-424b-9868-57a2d4851a1d" relativeResultsDirectory="1b860038-3f6f-437e-8f70-b164dccc1240" />
    <UnitTestResult executionId="7fa2c05e-9dd4-4350-a2b2-0dea5b15d668" testId="a024f1d8-2e1f-2d37-180c-daa8c0b2c5cc" testName="WarningResponseModel_NoValuesSet_ValidationFailure" computerName="DKSR-EFI-04" duration="00:00:00.0011391" startTime="2023-12-22T09:33:30.2093628+01:00" endTime="2023-12-22T09:33:30.2093628+01:00" testType="13cdc9d9-ddb5-4fa4-a97d-d965ccfc6d4b" outcome="Passed" testListId="8c84fa94-04c1-424b-9868-57a2d4851a1d" relativeResultsDirectory="7fa2c05e-9dd4-4350-a2b2-0dea5b15d668" />
    <UnitTestResult executionId="4f9d613b-d67f-4dde-b931-ae289ae4d780" testId="243a38ed-c867-ace0-0aff-40d6ccb324c5" testName="ReadChildElementValueAsUInt32_RangeCheck_Max_Exact" computerName="DKSR-EFI-04" duration="00:00:00.0002158" startTime="2023-12-22T09:33:23.8187069+01:00" endTime="2023-12-22T09:33:23.8187069+01:00" testType="13cdc9d9-ddb5-4fa4-a97d-d965ccfc6d4b" outcome="Passed" testListId="8c84fa94-04c1-424b-9868-57a2d4851a1d" relativeResultsDirectory="4f9d613b-d67f-4dde-b931-ae289ae4d780" />
    <UnitTestResult executionId="124eaa2a-2b7e-43f0-b6f2-a60753eba8b3" testId="0cdc9156-e241-29c7-9c82-8f6c7d7b3ba1" testName="FormatAuthority_BeforeValueIsWithoutPort_FormattedUriIsWithoutPort" computerName="DKSR-EFI-04" duration="00:00:00.0039542" startTime="2023-12-22T09:33:23.9280817+01:00" endTime="2023-12-22T09:33:23.9280817+01:00" testType="13cdc9d9-ddb5-4fa4-a97d-d965ccfc6d4b" outcome="Passed" testListId="8c84fa94-04c1-424b-9868-57a2d4851a1d" relativeResultsDirectory="124eaa2a-2b7e-43f0-b6f2-a60753eba8b3" />
    <UnitTestResult executionId="e74fce53-d13d-4e9f-95f2-9614684dfb14" testId="1c33d3a5-e9a8-3b96-fe67-16f2048d3442" testName="Encrypt_NullCheck" computerName="DKSR-EFI-04" duration="00:00:00.0017390" startTime="2023-12-22T09:33:46.7875687+01:00" endTime="2023-12-22T09:33:46.7875687+01:00" testType="13cdc9d9-ddb5-4fa4-a97d-d965ccfc6d4b" outcome="Passed" testListId="8c84fa94-04c1-424b-9868-57a2d4851a1d" relativeResultsDirectory="e74fce53-d13d-4e9f-95f2-9614684dfb14" />
    <UnitTestResult executionId="97464c2b-9847-4661-8bcd-a16fa95d4d06" testId="dc919844-0208-264a-0bb5-2c888b8b3b92" testName="AsString_ZeroLength_Success" computerName="DKSR-EFI-04" duration="00:00:00.0001457" startTime="2023-12-22T09:33:47.8188663+01:00" endTime="2023-12-22T09:33:47.8188663+01:00" testType="13cdc9d9-ddb5-4fa4-a97d-d965ccfc6d4b" outcome="Passed" testListId="8c84fa94-04c1-424b-9868-57a2d4851a1d" relativeResultsDirectory="97464c2b-9847-4661-8bcd-a16fa95d4d06" />
    <UnitTestResult executionId="70c8d4d0-919f-40d4-9eae-86166e3005bd" testId="8092d438-12f2-7e26-e0aa-1c71621892eb" testName="VersionExtensions_GetVersionWithoutBuild_Throws_ArgumentNullException" computerName="DKSR-EFI-04" duration="00:00:00.0008676" startTime="2023-12-22T09:33:44.8969344+01:00" endTime="2023-12-22T09:33:44.8969344+01:00" testType="13cdc9d9-ddb5-4fa4-a97d-d965ccfc6d4b" outcome="Passed" testListId="8c84fa94-04c1-424b-9868-57a2d4851a1d" relativeResultsDirectory="70c8d4d0-919f-40d4-9eae-86166e3005bd" />
    <UnitTestResult executionId="b67b6392-05a2-46c6-b029-d406bd185cf7" testId="e044c42f-312e-1694-ede7-afdb126f7b59" testName="CheckAllMIPFiltersKindsTestOk2" computerName="DKSR-EFI-04" duration="00:00:00.0001514" startTime="2023-12-22T09:33:34.4750088+01:00" endTime="2023-12-22T09:33:34.4750088+01:00" testType="13cdc9d9-ddb5-4fa4-a97d-d965ccfc6d4b" outcome="Passed" testListId="8c84fa94-04c1-424b-9868-57a2d4851a1d" relativeResultsDirectory="b67b6392-05a2-46c6-b029-d406bd185cf7" />
    <UnitTestResult executionId="1177df2f-5302-475e-82fb-166665bec94c" testId="6ee2a6b6-87cf-4f98-5142-b8f7a01ffdac" testName="ServerFileStorageEntry_Persist_Success" computerName="DKSR-EFI-04" duration="00:00:00.0002354" startTime="2023-12-22T09:33:29.1000218+01:00" endTime="2023-12-22T09:33:29.1000218+01:00" testType="13cdc9d9-ddb5-4fa4-a97d-d965ccfc6d4b" outcome="Passed" testListId="8c84fa94-04c1-424b-9868-57a2d4851a1d" relativeResultsDirectory="1177df2f-5302-475e-82fb-166665bec94c" />
    <UnitTestResult executionId="30f06b0f-733e-43bd-9e59-a3bf88e1b0f7" testId="00f0ffec-a595-7222-bdfe-f607c208c489" testName="Send_ConnectFailure_EndpointNotFoundCalled" computerName="DKSR-EFI-04" duration="00:00:00.0043825" startTime="2023-12-22T09:33:20.8968187+01:00" endTime="2023-12-22T09:33:20.8968187+01:00" testType="13cdc9d9-ddb5-4fa4-a97d-d965ccfc6d4b" outcome="Passed" testListId="8c84fa94-04c1-424b-9868-57a2d4851a1d" relativeResultsDirectory="30f06b0f-733e-43bd-9e59-a3bf88e1b0f7" />
    <UnitTestResult executionId="6ed3fd81-0fb6-4e30-841b-7de5b5db5b58" testId="a647f8bf-d41a-f3dd-efa0-b9a69b0bb3ad" testName="RecorderInfo_Construct_NullDevicePackInfo_ConvertsToEmptyString" computerName="DKSR-EFI-04" duration="00:00:00.0005257" startTime="2023-12-22T09:33:44.7563108+01:00" endTime="2023-12-22T09:33:44.7563108+01:00" testType="13cdc9d9-ddb5-4fa4-a97d-d965ccfc6d4b" outcome="Passed" testListId="8c84fa94-04c1-424b-9868-57a2d4851a1d" relativeResultsDirectory="6ed3fd81-0fb6-4e30-841b-7de5b5db5b58" />
    <UnitTestResult executionId="25e80f75-cbf2-4395-953b-52dc786bf51a" testId="2cfbec6f-c817-94e4-b492-5c9f6bf6718c" testName="SecurityManager_HasDevicePermission_ViewLive_Timeprofile_Restricted" computerName="DKSR-EFI-04" duration="00:00:00.0079209" startTime="2023-12-22T09:33:32.5531224+01:00" endTime="2023-12-22T09:33:32.5687481+01:00" testType="13cdc9d9-ddb5-4fa4-a97d-d965ccfc6d4b" outcome="Passed" testListId="8c84fa94-04c1-424b-9868-57a2d4851a1d" relativeResultsDirectory="25e80f75-cbf2-4395-953b-52dc786bf51a" />
    <UnitTestResult executionId="508e70f9-9722-4d36-ab74-116ad5d80a0b" testId="4d55b919-cb74-5705-c945-5f21a513e3c3" testName="Encrypt_DataSetHasUnchangedRow_DataSetIsNotChanged" computerName="DKSR-EFI-04" duration="00:00:00.0031343" startTime="2023-12-22T09:33:46.3813177+01:00" endTime="2023-12-22T09:33:46.3813177+01:00" testType="13cdc9d9-ddb5-4fa4-a97d-d965ccfc6d4b" outcome="Passed" testListId="8c84fa94-04c1-424b-9868-57a2d4851a1d" relativeResultsDirectory="508e70f9-9722-4d36-ab74-116ad5d80a0b" />
    <UnitTestResult executionId="d6dfee6d-a230-415b-8631-d5355c225c6f" testId="33e78198-6e35-ee3a-4817-ac31f5eb04e5" testName="ReadAttributeAsInt32_InvalidData" computerName="DKSR-EFI-04" duration="00:00:00.0004662" startTime="2023-12-22T09:33:23.8030810+01:00" endTime="2023-12-22T09:33:23.8030810+01:00" testType="13cdc9d9-ddb5-4fa4-a97d-d965ccfc6d4b" outcome="Passed" testListId="8c84fa94-04c1-424b-9868-57a2d4851a1d" relativeResultsDirectory="d6dfee6d-a230-415b-8631-d5355c225c6f" />
    <UnitTestResult executionId="9baa6af2-4d0e-420d-9de0-9ae4f78d78f3" testId="27b086e7-540b-b83b-f35a-982c0ab0cbc8" testName="ParseAsBytes_InvalidStrings_Throws_ArgumentException" computerName="DKSR-EFI-04" duration="00:00:00.0009332" startTime="2023-12-22T09:33:47.8188663+01:00" endTime="2023-12-22T09:33:47.8188663+01:00" testType="13cdc9d9-ddb5-4fa4-a97d-d965ccfc6d4b" outcome="Passed" testListId="8c84fa94-04c1-424b-9868-57a2d4851a1d" relativeResultsDirectory="9baa6af2-4d0e-420d-9de0-9ae4f78d78f3" />
    <UnitTestResult executionId="50abb17f-ea48-4ad9-822d-3f63cadea8ac" testId="80f1ea91-f20c-3fe2-9335-c00d37b77bfe" testName="SendAsync_InvalidOperationExceptionThrown_ExceptionLoggedAndDefaultValueReturned" computerName="DKSR-EFI-04" duration="00:00:00.0028804" startTime="2023-12-22T09:33:20.4593165+01:00" endTime="2023-12-22T09:33:20.4593165+01:00" testType="13cdc9d9-ddb5-4fa4-a97d-d965ccfc6d4b" outcome="Passed" testListId="8c84fa94-04c1-424b-9868-57a2d4851a1d" relativeResultsDirectory="50abb17f-ea48-4ad9-822d-3f63cadea8ac" />
    <UnitTestResult executionId="a662fdef-6b14-4501-866e-1071081b4c3d" testId="04fd156f-1311-1a60-97f8-b90dfc097408" testName="ThreadPoolMessageProcessor_QueueMessageTest" computerName="DKSR-EFI-04" duration="00:00:00.0007312" startTime="2023-12-22T09:33:36.6000202+01:00" endTime="2023-12-22T09:33:36.6000202+01:00" testType="13cdc9d9-ddb5-4fa4-a97d-d965ccfc6d4b" outcome="Passed" testListId="8c84fa94-04c1-424b-9868-57a2d4851a1d" relativeResultsDirectory="a662fdef-6b14-4501-866e-1071081b4c3d" />
    <UnitTestResult executionId="e3c3e7d9-a9a7-422f-805e-1e5f304eda02" testId="8ea11245-4b23-1ae1-1f5a-096bf899de32" testName="CreateHttpUri_EmptyString_PortSpecified_ThrowsInvalidOperationException" computerName="DKSR-EFI-04" duration="00:00:00.0006331" startTime="2023-12-22T09:33:47.3657014+01:00" endTime="2023-12-22T09:33:47.3657014+01:00" testType="13cdc9d9-ddb5-4fa4-a97d-d965ccfc6d4b" outcome="Passed" testListId="8c84fa94-04c1-424b-9868-57a2d4851a1d" relativeResultsDirectory="e3c3e7d9-a9a7-422f-805e-1e5f304eda02" />
    <UnitTestResult executionId="c2c53158-c584-4eaf-b63d-84a2943d5f0f" testId="9830fed0-f3b1-1013-83a1-2f51def4ecef" testName="GetPresetByKey_ByNumberOnlyOnePreset" computerName="DKSR-EFI-04" duration="00:00:00.0007870" startTime="2023-12-22T09:33:24.4437102+01:00" endTime="2023-12-22T09:33:24.4437102+01:00" testType="13cdc9d9-ddb5-4fa4-a97d-d965ccfc6d4b" outcome="Passed" testListId="8c84fa94-04c1-424b-9868-57a2d4851a1d" relativeResultsDirectory="c2c53158-c584-4eaf-b63d-84a2943d5f0f" />
    <UnitTestResult executionId="f3e85896-f883-4973-af55-ae8fb1229dfa" testId="b3dd11fa-1c21-034f-f3e3-0c71df15bc38" testName="BulkEventModel_Validate_CallContext_Null" computerName="DKSR-EFI-04" duration="00:00:00.0051341" startTime="2023-12-22T09:33:31.0218645+01:00" endTime="2023-12-22T09:33:31.0218645+01:00" testType="13cdc9d9-ddb5-4fa4-a97d-d965ccfc6d4b" outcome="Passed" testListId="8c84fa94-04c1-424b-9868-57a2d4851a1d" relativeResultsDirectory="f3e85896-f883-4973-af55-ae8fb1229dfa" />
    <UnitTestResult executionId="26c275d5-d18d-47a4-ba1f-47021017a07e" testId="7dc6969e-8bf0-b82c-f625-3bdb02560a04" testName="ReadChildElementValueAsBoolean_SunnyDayTrue" computerName="DKSR-EFI-04" duration="00:00:00.0013606" startTime="2023-12-22T09:33:23.7405826+01:00" endTime="2023-12-22T09:33:23.7405826+01:00" testType="13cdc9d9-ddb5-4fa4-a97d-d965ccfc6d4b" outcome="Passed" testListId="8c84fa94-04c1-424b-9868-57a2d4851a1d" relativeResultsDirectory="26c275d5-d18d-47a4-ba1f-47021017a07e" />
    <UnitTestResult executionId="ebb88bdc-309d-4d4c-95f3-a3a20b0eb0a7" testId="bc9ba54a-2fb5-e003-6574-9e7614ab5c41" testName="GetPresetByKey_ByNameMoreThanOnePreset" computerName="DKSR-EFI-04" duration="00:00:00.0005364" startTime="2023-12-22T09:33:24.4280843+01:00" endTime="2023-12-22T09:33:24.4280843+01:00" testType="13cdc9d9-ddb5-4fa4-a97d-d965ccfc6d4b" outcome="Passed" testListId="8c84fa94-04c1-424b-9868-57a2d4851a1d" relativeResultsDirectory="ebb88bdc-309d-4d4c-95f3-a3a20b0eb0a7" />
    <UnitTestResult executionId="a230ddb8-21ff-4b1d-88ba-28d905abdf7f" testId="82e08919-1e06-09d0-70c8-c88a837effc5" testName="Test_Members_NoMembers" computerName="DKSR-EFI-04" duration="00:00:00.0012880" startTime="2023-12-22T09:33:47.8500739+01:00" endTime="2023-12-22T09:33:47.8500739+01:00" testType="13cdc9d9-ddb5-4fa4-a97d-d965ccfc6d4b" outcome="Passed" testListId="8c84fa94-04c1-424b-9868-57a2d4851a1d" relativeResultsDirectory="a230ddb8-21ff-4b1d-88ba-28d905abdf7f" />
    <UnitTestResult executionId="3a2dc4f9-9ee5-4f2d-8e6c-26bc89c519be" testId="45eec0fb-e186-bb42-a930-4d27173912d7" testName="CalculateLicenseRequirements_EnabledHardware_DisabledCamera_EnabledSpeaker_UsesOneLicense" computerName="DKSR-EFI-04" duration="00:00:00.0006470" startTime="2023-12-22T09:33:37.9281496+01:00" endTime="2023-12-22T09:33:37.9281496+01:00" testType="13cdc9d9-ddb5-4fa4-a97d-d965ccfc6d4b" outcome="Passed" testListId="8c84fa94-04c1-424b-9868-57a2d4851a1d" relativeResultsDirectory="3a2dc4f9-9ee5-4f2d-8e6c-26bc89c519be" />
    <UnitTestResult executionId="65cc01db-cefc-4b4f-a66f-a9c9651b6e19" testId="1fd0e503-2946-0380-c6ba-6e861fd9230a" testName="FeatureManager_GetFeatureParameterValueT_Enum_Invalid_Value" computerName="DKSR-EFI-04" duration="00:00:00.0009881" startTime="2023-12-22T09:33:37.3968994+01:00" endTime="2023-12-22T09:33:37.3968994+01:00" testType="13cdc9d9-ddb5-4fa4-a97d-d965ccfc6d4b" outcome="Passed" testListId="8c84fa94-04c1-424b-9868-57a2d4851a1d" relativeResultsDirectory="65cc01db-cefc-4b4f-a66f-a9c9651b6e19" />
    <UnitTestResult executionId="1314e82c-5432-404d-a95f-04d5495599c0" testId="cca527fc-7355-66ce-e26b-646f92cb6240" testName="BaseHtmlLicenseReport_CreatePNode_WithNoClassName_NullText_Success" computerName="DKSR-EFI-04" duration="00:00:00.0001418" startTime="2023-12-22T09:33:37.1937698+01:00" endTime="2023-12-22T09:33:37.1937698+01:00" testType="13cdc9d9-ddb5-4fa4-a97d-d965ccfc6d4b" outcome="Passed" testListId="8c84fa94-04c1-424b-9868-57a2d4851a1d" relativeResultsDirectory="1314e82c-5432-404d-a95f-04d5495599c0" />
    <UnitTestResult executionId="23c70b1a-b3ec-4858-ac11-33fab25e7be6" testId="3c2e5656-c20d-cd81-0dc8-a2c82efba4a6" testName="TestIsRegionIsFilled" computerName="DKSR-EFI-04" duration="00:00:00.0002274" startTime="2023-12-22T09:33:46.2250709+01:00" endTime="2023-12-22T09:33:46.2406932+01:00" testType="13cdc9d9-ddb5-4fa4-a97d-d965ccfc6d4b" outcome="Passed" testListId="8c84fa94-04c1-424b-9868-57a2d4851a1d" relativeResultsDirectory="23c70b1a-b3ec-4858-ac11-33fab25e7be6" />
    <UnitTestResult executionId="0fa724e9-2f51-447f-9408-65f4ec225a7a" testId="9ba4c605-3db2-635c-6ef2-1a1621029992" testName="Test_Members_SimpleBranched" computerName="DKSR-EFI-04" duration="00:00:00.0015431" startTime="2023-12-22T09:33:47.8656999+01:00" endTime="2023-12-22T09:33:47.8656999+01:00" testType="13cdc9d9-ddb5-4fa4-a97d-d965ccfc6d4b" outcome="Passed" testListId="8c84fa94-04c1-424b-9868-57a2d4851a1d" relativeResultsDirectory="0fa724e9-2f51-447f-9408-65f4ec225a7a" />
    <UnitTestResult executionId="a22b7db9-69a7-426f-a5b1-a4ad089563c8" testId="34c0a376-bddf-385d-f86f-b6c6ec724d5f" testName="AddHardware_ThrowException_WhenNull" computerName="DKSR-EFI-04" duration="00:00:00.0005653" startTime="2023-12-22T09:33:37.5062729+01:00" endTime="2023-12-22T09:33:37.5062729+01:00" testType="13cdc9d9-ddb5-4fa4-a97d-d965ccfc6d4b" outcome="Passed" testListId="8c84fa94-04c1-424b-9868-57a2d4851a1d" relativeResultsDirectory="a22b7db9-69a7-426f-a5b1-a4ad089563c8" />
    <UnitTestResult executionId="07034f14-26b1-4bd7-bc8c-72df1d20a1bd" testId="5190f507-2af6-6fa6-ccdb-708f60c064f9" testName="TestGetRegionsAsInvertedBooleanArray" computerName="DKSR-EFI-04" duration="00:00:00.0028604" startTime="2023-12-22T09:33:46.2406932+01:00" endTime="2023-12-22T09:33:46.2406932+01:00" testType="13cdc9d9-ddb5-4fa4-a97d-d965ccfc6d4b" outcome="Passed" testListId="8c84fa94-04c1-424b-9868-57a2d4851a1d" relativeResultsDirectory="07034f14-26b1-4bd7-bc8c-72df1d20a1bd" />
    <UnitTestResult executionId="84e97fcf-6637-48a5-933a-7d4b5641144a" testId="972a74a6-da00-3d42-6671-102dcbc602e4" testName="ProductCodeTest" computerName="DKSR-EFI-04" duration="00:00:00.0011901" startTime="2023-12-22T09:33:35.0843848+01:00" endTime="2023-12-22T09:33:35.0843848+01:00" testType="13cdc9d9-ddb5-4fa4-a97d-d965ccfc6d4b" outcome="Passed" testListId="8c84fa94-04c1-424b-9868-57a2d4851a1d" relativeResultsDirectory="84e97fcf-6637-48a5-933a-7d4b5641144a" />
    <UnitTestResult executionId="865620bd-b0a6-43f1-8d6f-79772627b45c" testId="c5e813fd-3aed-02c3-2a3b-79c4d524cf83" testName="HardwareInfo_HasEnabledCameras_ReturnsFalseWhenNoEnabledCameras" computerName="DKSR-EFI-04" duration="00:00:00.0003609" startTime="2023-12-22T09:33:37.5843987+01:00" endTime="2023-12-22T09:33:37.6000238+01:00" testType="13cdc9d9-ddb5-4fa4-a97d-d965ccfc6d4b" outcome="Passed" testListId="8c84fa94-04c1-424b-9868-57a2d4851a1d" relativeResultsDirectory="865620bd-b0a6-43f1-8d6f-79772627b45c" />
    <UnitTestResult executionId="54632855-6368-4de0-aa8d-065ad79b4b8f" testId="bc067060-4173-9d57-438c-1dc391d2bfb7" testName="SecurityManager_HasDevicePermission_ViewLive_Group_Allowed" computerName="DKSR-EFI-04" duration="00:00:00.0191849" startTime="2023-12-22T09:33:32.5218747+01:00" endTime="2023-12-22T09:33:32.5374991+01:00" testType="13cdc9d9-ddb5-4fa4-a97d-d965ccfc6d4b" outcome="Passed" testListId="8c84fa94-04c1-424b-9868-57a2d4851a1d" relativeResultsDirectory="54632855-6368-4de0-aa8d-065ad79b4b8f" />
    <UnitTestResult executionId="ce774ebe-de51-423e-9190-b52483b8b0db" testId="e3b90b5a-190b-f8ce-6d90-a29ef6a98aff" testName="HttpClientCommunicatorWrapper_SendTObj_CommunicationException" computerName="DKSR-EFI-04" duration="00:00:00.0009677" startTime="2023-12-22T09:33:30.9124904+01:00" endTime="2023-12-22T09:33:30.9124904+01:00" testType="13cdc9d9-ddb5-4fa4-a97d-d965ccfc6d4b" outcome="Passed" testListId="8c84fa94-04c1-424b-9868-57a2d4851a1d" relativeResultsDirectory="ce774ebe-de51-423e-9190-b52483b8b0db" />
    <UnitTestResult executionId="f2766d05-8963-44b9-af08-b428a0fcb257" testId="d37396c4-706b-954c-813b-c11650de9149" testName="CheckAllMIPFiltersKindsTestOk1" computerName="DKSR-EFI-04" duration="00:00:00.0024612" startTime="2023-12-22T09:33:34.4593844+01:00" endTime="2023-12-22T09:33:34.4750088+01:00" testType="13cdc9d9-ddb5-4fa4-a97d-d965ccfc6d4b" outcome="Passed" testListId="8c84fa94-04c1-424b-9868-57a2d4851a1d" relativeResultsDirectory="f2766d05-8963-44b9-af08-b428a0fcb257" />
    <UnitTestResult executionId="718a28af-2349-4912-995e-71d75cc0d962" testId="b2074bfd-4f30-3e8e-980a-b5527779c4b5" testName="Construct_LicenseActivationService_TimeoutInvalid_ThrowsArgumentOutOfRangeException" computerName="DKSR-EFI-04" duration="00:00:00.0009296" startTime="2023-12-22T09:33:37.6468986+01:00" endTime="2023-12-22T09:33:37.6468986+01:00" testType="13cdc9d9-ddb5-4fa4-a97d-d965ccfc6d4b" outcome="Passed" testListId="8c84fa94-04c1-424b-9868-57a2d4851a1d" relativeResultsDirectory="718a28af-2349-4912-995e-71d75cc0d962" />
    <UnitTestResult executionId="edac87d1-96bd-481d-8737-8298748485a9" testId="38218c5f-ac75-6939-896c-2378cc353bab" testName="CreateResponseException_OtherResponseStatus_ResponseExceptionException" computerName="DKSR-EFI-04" duration="00:00:00.0008139" startTime="2023-12-22T09:33:32.2718721+01:00" endTime="2023-12-22T09:33:32.2718721+01:00" testType="13cdc9d9-ddb5-4fa4-a97d-d965ccfc6d4b" outcome="Passed" testListId="8c84fa94-04c1-424b-9868-57a2d4851a1d" relativeResultsDirectory="edac87d1-96bd-481d-8737-8298748485a9" />
    <UnitTestResult executionId="a8110b42-1649-4c5c-a218-6458c6d15fcb" testId="872126b7-7065-f0ad-f014-e74b736f12f4" testName="ModelValidation_RequiredPropertiesAreNull_Failed" computerName="DKSR-EFI-04" duration="00:00:00.0024666" startTime="2023-12-22T09:33:31.3812427+01:00" endTime="2023-12-22T09:33:31.3968693+01:00" testType="13cdc9d9-ddb5-4fa4-a97d-d965ccfc6d4b" outcome="Passed" testListId="8c84fa94-04c1-424b-9868-57a2d4851a1d" relativeResultsDirectory="a8110b42-1649-4c5c-a218-6458c6d15fcb" />
    <UnitTestResult executionId="df4e4a39-fac3-471d-9d8d-64c801979733" testId="1db15543-6c02-69df-74e4-5c1a5a9ca3d4" testName="CreateHttpsUri_HttpNonDefaultPort_UseDefaultPortFalse_BecomesHttpsPort88" computerName="DKSR-EFI-04" duration="00:00:00.0001854" startTime="2023-12-22T09:33:47.4594487+01:00" endTime="2023-12-22T09:33:47.4594487+01:00" testType="13cdc9d9-ddb5-4fa4-a97d-d965ccfc6d4b" outcome="Passed" testListId="8c84fa94-04c1-424b-9868-57a2d4851a1d" relativeResultsDirectory="df4e4a39-fac3-471d-9d8d-64c801979733" />
    <UnitTestResult executionId="6cfe9d0e-c301-49a7-951f-277a4dadc7c0" testId="de5f04a0-a300-b1b7-cb67-889e5c76d83e" testName="TestMergeGridAreaWithNullAndValidArea" computerName="DKSR-EFI-04" duration="00:00:00.0013266" startTime="2023-12-22T09:33:46.1625667+01:00" endTime="2023-12-22T09:33:46.1625667+01:00" testType="13cdc9d9-ddb5-4fa4-a97d-d965ccfc6d4b" outcome="Passed" testListId="8c84fa94-04c1-424b-9868-57a2d4851a1d" relativeResultsDirectory="6cfe9d0e-c301-49a7-951f-277a4dadc7c0" />
    <UnitTestResult executionId="7ffe5665-128b-42ab-8960-989a6a0c520b" testId="24cbf3e1-4d91-3570-c7f6-21f982ff2130" testName="ServerFileStorage_ReturnStorage_DoesNotExistOnDisk_DoesNotDeleteFile" computerName="DKSR-EFI-04" duration="00:00:00.0003410" startTime="2023-12-22T09:33:29.0062318+01:00" endTime="2023-12-22T09:33:29.0062318+01:00" testType="13cdc9d9-ddb5-4fa4-a97d-d965ccfc6d4b" outcome="Passed" testListId="8c84fa94-04c1-424b-9868-57a2d4851a1d" relativeResultsDirectory="7ffe5665-128b-42ab-8960-989a6a0c520b" />
    <UnitTestResult executionId="a2a17bcb-1931-4703-8951-39c456673f08" testId="37dea49a-b52b-ae1d-b76e-4cf26b121918" testName="CreateHttpUri_HttpsDefaultPort_UsePort0_BecomesHttpPort0" computerName="DKSR-EFI-04" duration="00:00:00.0007850" startTime="2023-12-22T09:33:47.4125734+01:00" endTime="2023-12-22T09:33:47.4125734+01:00" testType="13cdc9d9-ddb5-4fa4-a97d-d965ccfc6d4b" outcome="Passed" testListId="8c84fa94-04c1-424b-9868-57a2d4851a1d" relativeResultsDirectory="a2a17bcb-1931-4703-8951-39c456673f08" />
    <UnitTestResult executionId="d9f64c01-c64f-480d-a328-a68fe4f22e0f" testId="bcddb465-d4df-8ce2-78ba-0d4593ba74d4" testName="PinkOemResourcesTest" computerName="DKSR-EFI-04" duration="00:00:00.4319231" startTime="2023-12-22T09:33:36.0062661+01:00" endTime="2023-12-22T09:33:36.4437675+01:00" testType="13cdc9d9-ddb5-4fa4-a97d-d965ccfc6d4b" outcome="Passed" testListId="8c84fa94-04c1-424b-9868-57a2d4851a1d" relativeResultsDirectory="d9f64c01-c64f-480d-a328-a68fe4f22e0f" />
    <UnitTestResult executionId="3651fc8b-b36d-4536-b40d-a3d3646ac606" testId="5f5ad44f-fb33-632b-1ec5-5b33da5768be" testName="SystemSettingTableAdapter_Decrypt_Success" computerName="DKSR-EFI-04" duration="00:00:00.0101924" startTime="2023-12-22T09:33:46.8656956+01:00" endTime="2023-12-22T09:33:46.8656956+01:00" testType="13cdc9d9-ddb5-4fa4-a97d-d965ccfc6d4b" outcome="Passed" testListId="8c84fa94-04c1-424b-9868-57a2d4851a1d" relativeResultsDirectory="3651fc8b-b36d-4536-b40d-a3d3646ac606" />
    <UnitTestResult executionId="31a9460f-c5ef-4a69-9726-7423b3b41b76" testId="5a5472e0-863f-8bcc-020c-c51996b4074b" testName="Constructor_ThrowsException_OnNonICPHardwareWithNullMacAddress" computerName="DKSR-EFI-04" duration="00:00:00.0009196" startTime="2023-12-22T09:33:37.1312708+01:00" endTime="2023-12-22T09:33:37.1468965+01:00" testType="13cdc9d9-ddb5-4fa4-a97d-d965ccfc6d4b" outcome="Passed" testListId="8c84fa94-04c1-424b-9868-57a2d4851a1d" relativeResultsDirectory="31a9460f-c5ef-4a69-9726-7423b3b41b76" />
    <UnitTestResult executionId="47cdf11c-266c-40a8-8f0d-1187005c847f" testId="7b9c8f8f-5028-5630-dd51-5dcea7a4641b" testName="CreateHardwareLicenseCountEvaluatorChannel_CallUpdateLicenseInfoWithInvalidParameter_ThrowsArgumentNullException" computerName="DKSR-EFI-04" duration="00:00:00.0009844" startTime="2023-12-22T09:33:37.6312731+01:00" endTime="2023-12-22T09:33:37.6312731+01:00" testType="13cdc9d9-ddb5-4fa4-a97d-d965ccfc6d4b" outcome="Passed" testListId="8c84fa94-04c1-424b-9868-57a2d4851a1d" relativeResultsDirectory="47cdf11c-266c-40a8-8f0d-1187005c847f" />
    <UnitTestResult executionId="03b2eaeb-673d-4b27-b97a-16c31fcb8abb" testId="b5a8e6fe-503d-d02a-58b3-d380e0109a2c" testName="TestWritingAndLoadingXmlResultsInTheSameArea" computerName="DKSR-EFI-04" duration="00:00:00.0010198" startTime="2023-12-22T09:33:46.2563168+01:00" endTime="2023-12-22T09:33:46.2563168+01:00" testType="13cdc9d9-ddb5-4fa4-a97d-d965ccfc6d4b" outcome="Passed" testListId="8c84fa94-04c1-424b-9868-57a2d4851a1d" relativeResultsDirectory="03b2eaeb-673d-4b27-b97a-16c31fcb8abb" />
    <UnitTestResult executionId="b8dd8710-67fc-4b04-bd82-e18e201a3458" testId="957a389a-ebcf-d4a8-058e-fade6580961f" testName="Collection_Add_Null_Throws_ArguemtnNullException" computerName="DKSR-EFI-04" duration="00:00:00.0102728" startTime="2023-12-22T09:33:24.0687084+01:00" endTime="2023-12-22T09:33:24.0843330+01:00" testType="13cdc9d9-ddb5-4fa4-a97d-d965ccfc6d4b" outcome="Passed" testListId="8c84fa94-04c1-424b-9868-57a2d4851a1d" relativeResultsDirectory="b8dd8710-67fc-4b04-bd82-e18e201a3458">
      <Output>
        <StdOut>Debug Trace:&#xD;
Fail: Argument null</StdOut>
      </Output>
    </UnitTestResult>
    <UnitTestResult executionId="d5b50947-c690-46ff-adf5-623a32603234" testId="2b4996cd-aa90-8fba-96b2-0aa6bafb2530" testName="CleanMemoryCache_PostAction" computerName="DKSR-EFI-04" duration="00:00:00.0010657" startTime="2023-12-22T09:33:47.9907005+01:00" endTime="2023-12-22T09:33:47.9907005+01:00" testType="13cdc9d9-ddb5-4fa4-a97d-d965ccfc6d4b" outcome="Passed" testListId="8c84fa94-04c1-424b-9868-57a2d4851a1d" relativeResultsDirectory="d5b50947-c690-46ff-adf5-623a32603234" />
    <UnitTestResult executionId="b9eb0204-7213-4444-9f7a-6429c40e5d6e" testId="b54d4d80-8505-fb58-e2fa-4b8054d9bef9" testName="ReadIdentitiesFromCache_NullSidArray" computerName="DKSR-EFI-04" duration="00:00:00.0008227" startTime="2023-12-22T09:33:47.9282011+01:00" endTime="2023-12-22T09:33:47.9438272+01:00" testType="13cdc9d9-ddb5-4fa4-a97d-d965ccfc6d4b" outcome="Passed" testListId="8c84fa94-04c1-424b-9868-57a2d4851a1d" relativeResultsDirectory="b9eb0204-7213-4444-9f7a-6429c40e5d6e" />
    <UnitTestResult executionId="8b18e393-0149-45aa-be9c-f2f82069da1c" testId="dd6e6cd5-84b5-37d5-b1c8-b5d3d0dc803e" testName="ModelValidation_NonEmptyGuidsAreEmpty_Failed" computerName="DKSR-EFI-04" duration="00:00:00.0018743" startTime="2023-12-22T09:33:31.3968693+01:00" endTime="2023-12-22T09:33:31.3968693+01:00" testType="13cdc9d9-ddb5-4fa4-a97d-d965ccfc6d4b" outcome="Passed" testListId="8c84fa94-04c1-424b-9868-57a2d4851a1d" relativeResultsDirectory="8b18e393-0149-45aa-be9c-f2f82069da1c" />
    <UnitTestResult executionId="769a6a42-255f-4bd8-bd61-1addd3f5d370" testId="5a17ed4c-ed1a-0df1-6542-c562df563b89" testName="DatabaseResponseArchiveInformationModel_NoValuesSet_ValidationFailure" computerName="DKSR-EFI-04" duration="00:00:00.0018856" startTime="2023-12-22T09:33:30.1156107+01:00" endTime="2023-12-22T09:33:30.1156107+01:00" testType="13cdc9d9-ddb5-4fa4-a97d-d965ccfc6d4b" outcome="Passed" testListId="8c84fa94-04c1-424b-9868-57a2d4851a1d" relativeResultsDirectory="769a6a42-255f-4bd8-bd61-1addd3f5d370" />
    <UnitTestResult executionId="76694394-dc16-4dff-9a67-107d982f5f5d" testId="22bc1016-467b-6a9b-3539-1963215fc44a" testName="RecurringSchedule_GetFirstScheduleTime_Monthly_Every_3_Months_Every_First_Monday_At_4_00" computerName="DKSR-EFI-04" duration="00:00:00.0004208" startTime="2023-12-22T09:33:33.0843767+01:00" endTime="2023-12-22T09:33:33.0843767+01:00" testType="13cdc9d9-ddb5-4fa4-a97d-d965ccfc6d4b" outcome="Passed" testListId="8c84fa94-04c1-424b-9868-57a2d4851a1d" relativeResultsDirectory="76694394-dc16-4dff-9a67-107d982f5f5d" />
    <UnitTestResult executionId="c0391217-b847-4226-98f3-3330a4976911" testId="cc0447ac-c3ff-2542-4d26-6d7b867f547a" testName="IPHardwareBlockCollection_RemoveByHardware_Success" computerName="DKSR-EFI-04" duration="00:00:00.0101749" startTime="2023-12-22T09:33:47.0844484+01:00" endTime="2023-12-22T09:33:47.1000727+01:00" testType="13cdc9d9-ddb5-4fa4-a97d-d965ccfc6d4b" outcome="Passed" testListId="8c84fa94-04c1-424b-9868-57a2d4851a1d" relativeResultsDirectory="c0391217-b847-4226-98f3-3330a4976911" />
    <UnitTestResult executionId="1a539c61-deb1-4118-a05e-d70102e864b3" testId="ab7ac89c-c820-fe44-1dff-643f4399c969" testName="StreamsConfiguration_ValidateConfiguration_Same_Stream_Twize" computerName="DKSR-EFI-04" duration="00:00:00.0072534" startTime="2023-12-22T09:33:29.5218575+01:00" endTime="2023-12-22T09:33:29.5374837+01:00" testType="13cdc9d9-ddb5-4fa4-a97d-d965ccfc6d4b" outcome="Passed" testListId="8c84fa94-04c1-424b-9868-57a2d4851a1d" relativeResultsDirectory="1a539c61-deb1-4118-a05e-d70102e864b3" />
    <UnitTestResult executionId="1179ca85-ea84-460a-a4a8-e772de8f627b" testId="a602a36a-7b4c-e547-0dd4-13b0120dc23b" testName="Generate25kHardware_NoneOnWhiteList_CalculateProcessingTime" computerName="DKSR-EFI-04" startTime="2023-12-22T09:33:44.8344336+01:00" endTime="2023-12-22T09:33:44.8344336+01:00" testType="13cdc9d9-ddb5-4fa4-a97d-d965ccfc6d4b" outcome="NotExecuted" testListId="8c84fa94-04c1-424b-9868-57a2d4851a1d" relativeResultsDirectory="1179ca85-ea84-460a-a4a8-e772de8f627b">
      <Output></Output>
    </UnitTestResult>
    <UnitTestResult executionId="01d75b8b-89da-434a-964e-a4017ef554a2" testId="645cd5c3-36ae-6109-a092-fe741c107a15" testName="PatchAsync_EndpointOnly_NoError_TaskIsExecuted" computerName="DKSR-EFI-04" duration="00:00:00.0042683" startTime="2023-12-22T09:33:20.5843181+01:00" endTime="2023-12-22T09:33:20.5843181+01:00" testType="13cdc9d9-ddb5-4fa4-a97d-d965ccfc6d4b" outcome="Passed" testListId="8c84fa94-04c1-424b-9868-57a2d4851a1d" relativeResultsDirectory="01d75b8b-89da-434a-964e-a4017ef554a2" />
    <UnitTestResult executionId="46b33c21-2102-46e5-bbc8-5ccbed50aac8" testId="90c889fd-1955-6064-1f54-14f8cf703b7f" testName="StreamsConfiguration_ValidateConfiguration_Empty_Stream_Name" computerName="DKSR-EFI-04" duration="00:00:00.0070243" startTime="2023-12-22T09:33:29.5374837+01:00" endTime="2023-12-22T09:33:29.5531099+01:00" testType="13cdc9d9-ddb5-4fa4-a97d-d965ccfc6d4b" outcome="Passed" testListId="8c84fa94-04c1-424b-9868-57a2d4851a1d" relativeResultsDirectory="46b33c21-2102-46e5-bbc8-5ccbed50aac8" />
    <UnitTestResult executionId="5efc4cda-1108-4f68-b638-f2d14bad78c7" testId="08cf66a7-a320-c431-7d8b-29a67d292ddf" testName="LicenseActivationService_AcquireLicense_LicenseNotAllowed_DlkRemovalExceeded" computerName="DKSR-EFI-04" duration="00:00:00.0019375" startTime="2023-12-22T09:33:37.8031500+01:00" endTime="2023-12-22T09:33:37.8031500+01:00" testType="13cdc9d9-ddb5-4fa4-a97d-d965ccfc6d4b" outcome="Passed" testListId="8c84fa94-04c1-424b-9868-57a2d4851a1d" relativeResultsDirectory="5efc4cda-1108-4f68-b638-f2d14bad78c7" />
    <UnitTestResult executionId="588fa5a9-9205-4e7b-8213-47f127b189c7" testId="1dc5a329-41e5-3e6d-fc5e-d8b4c47ea882" testName="DatabaseResponseDiskUsageModel_NoValuesSet_ValidationFailure" computerName="DKSR-EFI-04" duration="00:00:00.0013153" startTime="2023-12-22T09:33:30.1312368+01:00" endTime="2023-12-22T09:33:30.1312368+01:00" testType="13cdc9d9-ddb5-4fa4-a97d-d965ccfc6d4b" outcome="Passed" testListId="8c84fa94-04c1-424b-9868-57a2d4851a1d" relativeResultsDirectory="588fa5a9-9205-4e7b-8213-47f127b189c7" />
    <UnitTestResult executionId="92642e9c-5428-472d-b380-a2f5f3dccb79" testId="29b5a635-e26f-754b-90bd-aadb2c16358d" testName="ReadChildElementValueAsUInt16_NoChild" computerName="DKSR-EFI-04" duration="00:00:00.0004098" startTime="2023-12-22T09:33:23.8655834+01:00" endTime="2023-12-22T09:33:23.8655834+01:00" testType="13cdc9d9-ddb5-4fa4-a97d-d965ccfc6d4b" outcome="Passed" testListId="8c84fa94-04c1-424b-9868-57a2d4851a1d" relativeResultsDirectory="92642e9c-5428-472d-b380-a2f5f3dccb79" />
    <UnitTestResult executionId="c99b93f4-17d5-4ea9-b3c6-13fee422f732" testId="eba99153-bd66-8f09-238c-5d71eec60aa7" testName="Index_RemoveKey_Null_Throws_ArgumentNullException" computerName="DKSR-EFI-04" duration="00:00:00.0013350" startTime="2023-12-22T09:33:24.0687084+01:00" endTime="2023-12-22T09:33:24.0687084+01:00" testType="13cdc9d9-ddb5-4fa4-a97d-d965ccfc6d4b" outcome="Passed" testListId="8c84fa94-04c1-424b-9868-57a2d4851a1d" relativeResultsDirectory="c99b93f4-17d5-4ea9-b3c6-13fee422f732">
      <Output>
        <StdOut>Debug Trace:&#xD;
Fail: Argument null</StdOut>
      </Output>
    </UnitTestResult>
    <UnitTestResult executionId="acb13967-6fe3-412f-8c9b-ce605f14b6b1" testId="2274515c-9c3d-1f47-ee0c-6ff1e6d12dca" testName="DatabaseResponseArchiveInformationModel_Validate_Success" computerName="DKSR-EFI-04" duration="00:00:00.0014158" startTime="2023-12-22T09:33:30.1156107+01:00" endTime="2023-12-22T09:33:30.1156107+01:00" testType="13cdc9d9-ddb5-4fa4-a97d-d965ccfc6d4b" outcome="Passed" testListId="8c84fa94-04c1-424b-9868-57a2d4851a1d" relativeResultsDirectory="acb13967-6fe3-412f-8c9b-ce605f14b6b1" />
    <UnitTestResult executionId="7046c518-84d9-4d0a-871b-77e133e794fd" testId="f63ce9dd-2e94-9a64-cca8-d5959dc6d120" testName="Invoke_NoUser_NextIsCalled" computerName="DKSR-EFI-04" duration="00:00:00.2391550" startTime="2023-12-22T09:33:30.2093628+01:00" endTime="2023-12-22T09:33:30.4593659+01:00" testType="13cdc9d9-ddb5-4fa4-a97d-d965ccfc6d4b" outcome="Passed" testListId="8c84fa94-04c1-424b-9868-57a2d4851a1d" relativeResultsDirectory="7046c518-84d9-4d0a-871b-77e133e794fd" />
    <UnitTestResult executionId="3c678076-2f8f-4a18-9952-101026597ac6" testId="9b74ad54-ab66-608c-c049-2e485fc905af" testName="ModelValidation_ValidModel_Success" computerName="DKSR-EFI-04" duration="00:00:00.0021238" startTime="2023-12-22T09:33:31.8499978+01:00" endTime="2023-12-22T09:33:31.8499978+01:00" testType="13cdc9d9-ddb5-4fa4-a97d-d965ccfc6d4b" outcome="Passed" testListId="8c84fa94-04c1-424b-9868-57a2d4851a1d" relativeResultsDirectory="3c678076-2f8f-4a18-9952-101026597ac6" />
    <UnitTestResult executionId="e32c0ed9-fbc6-4670-950e-1c183ac39833" testId="57da0f68-7023-b63f-5b58-1dce319ffd16" testName="CreateHttpUri_HttpsDefaultPort_UseDefaultPortFalse_BecomesHttpPort80" computerName="DKSR-EFI-04" duration="00:00:00.0002016" startTime="2023-12-22T09:33:47.3815519+01:00" endTime="2023-12-22T09:33:47.3815519+01:00" testType="13cdc9d9-ddb5-4fa4-a97d-d965ccfc6d4b" outcome="Passed" testListId="8c84fa94-04c1-424b-9868-57a2d4851a1d" relativeResultsDirectory="e32c0ed9-fbc6-4670-950e-1c183ac39833" />
    <UnitTestResult executionId="344b0c19-4669-468b-907b-c52e0f7933c3" testId="7ab09fb8-e03a-9c42-e70a-87289f2d1cfd" testName="Recorder_Construct_ValidRecorderLicenseInfo_RemembersData_Success" computerName="DKSR-EFI-04" duration="00:00:00.0007328" startTime="2023-12-22T09:33:44.4594327+01:00" endTime="2023-12-22T09:33:44.4594327+01:00" testType="13cdc9d9-ddb5-4fa4-a97d-d965ccfc6d4b" outcome="Passed" testListId="8c84fa94-04c1-424b-9868-57a2d4851a1d" relativeResultsDirectory="344b0c19-4669-468b-907b-c52e0f7933c3" />
    <UnitTestResult executionId="004fbfd4-3966-47b5-a778-c5ab5e7ef340" testId="14ac6c18-7464-667d-e927-e446b8071737" testName="ToRecorderStatusesDto_AppliesAllFlags_OnAllFlagsPresent" computerName="DKSR-EFI-04" duration="00:00:00.0037085" startTime="2023-12-22T09:33:47.5219465+01:00" endTime="2023-12-22T09:33:47.5219465+01:00" testType="13cdc9d9-ddb5-4fa4-a97d-d965ccfc6d4b" outcome="Passed" testListId="8c84fa94-04c1-424b-9868-57a2d4851a1d" relativeResultsDirectory="004fbfd4-3966-47b5-a778-c5ab5e7ef340" />
    <UnitTestResult executionId="6a3fd57c-8c64-4484-9552-ccd10fee4d28" testId="8121adea-c5aa-39d9-99b0-86f22eb76157" testName="CheckAllMIPFiltersKindsTestNotOk4" computerName="DKSR-EFI-04" duration="00:00:00.0001568" startTime="2023-12-22T09:33:34.4750088+01:00" endTime="2023-12-22T09:33:34.4750088+01:00" testType="13cdc9d9-ddb5-4fa4-a97d-d965ccfc6d4b" outcome="Passed" testListId="8c84fa94-04c1-424b-9868-57a2d4851a1d" relativeResultsDirectory="6a3fd57c-8c64-4484-9552-ccd10fee4d28" />
    <UnitTestResult executionId="f7dbc95c-d89f-41b1-a33f-cfda19805693" testId="fefefecb-cd3f-bcbd-7496-453b8b094f3c" testName="ServerFileStorage_SetLength_AboveQuota_Exception" computerName="DKSR-EFI-04" duration="00:00:00.0007143" startTime="2023-12-22T09:33:29.0374831+01:00" endTime="2023-12-22T09:33:29.0374831+01:00" testType="13cdc9d9-ddb5-4fa4-a97d-d965ccfc6d4b" outcome="Passed" testListId="8c84fa94-04c1-424b-9868-57a2d4851a1d" relativeResultsDirectory="f7dbc95c-d89f-41b1-a33f-cfda19805693" />
    <UnitTestResult executionId="4c7f0383-fe45-4b42-af6e-3f7ff952cf81" testId="b59ba4a6-fee4-5dbb-65c9-c1c9b74d3142" testName="CreateHttpsUri_HttpDefaultPort_UsePort88_BecomesHttpsPort88" computerName="DKSR-EFI-04" duration="00:00:00.0001817" startTime="2023-12-22T09:33:47.4907001+01:00" endTime="2023-12-22T09:33:47.4907001+01:00" testType="13cdc9d9-ddb5-4fa4-a97d-d965ccfc6d4b" outcome="Passed" testListId="8c84fa94-04c1-424b-9868-57a2d4851a1d" relativeResultsDirectory="4c7f0383-fe45-4b42-af6e-3f7ff952cf81" />
    <UnitTestResult executionId="feea55bc-e75a-4cb4-98a5-255adb7a8b76" testId="2401bf4d-7341-3a5d-a9d0-37bf32463911" testName="ReadChildElementValueAsUInt32_InvalidData_NegativeNumber" computerName="DKSR-EFI-04" duration="00:00:00.0004266" startTime="2023-12-22T09:33:23.8343313+01:00" endTime="2023-12-22T09:33:23.8343313+01:00" testType="13cdc9d9-ddb5-4fa4-a97d-d965ccfc6d4b" outcome="Passed" testListId="8c84fa94-04c1-424b-9868-57a2d4851a1d" relativeResultsDirectory="feea55bc-e75a-4cb4-98a5-255adb7a8b76" />
    <UnitTestResult executionId="c1655482-e96f-43a0-b802-dbb5194ae0b2" testId="7f4b45fc-bcbc-cff9-5b5a-d61b84af45ea" testName="Update_XmlHasPassword_PasswordIsTransformed" computerName="DKSR-EFI-04" duration="00:00:00.0008241" startTime="2023-12-22T09:33:46.9594455+01:00" endTime="2023-12-22T09:33:46.9594455+01:00" testType="13cdc9d9-ddb5-4fa4-a97d-d965ccfc6d4b" outcome="Passed" testListId="8c84fa94-04c1-424b-9868-57a2d4851a1d" relativeResultsDirectory="c1655482-e96f-43a0-b802-dbb5194ae0b2" />
    <UnitTestResult executionId="e4b06197-eb19-4105-aa2a-dbc66a6695e6" testId="706e41d2-0bcb-2b17-a93f-3bfc9cea9710" testName="EnsureMacAddressNotZeroes1" computerName="DKSR-EFI-04" duration="00:00:00.0045826" startTime="2023-12-22T09:33:45.0219361+01:00" endTime="2023-12-22T09:33:45.0219361+01:00" testType="13cdc9d9-ddb5-4fa4-a97d-d965ccfc6d4b" outcome="Passed" testListId="8c84fa94-04c1-424b-9868-57a2d4851a1d" relativeResultsDirectory="e4b06197-eb19-4105-aa2a-dbc66a6695e6" />
    <UnitTestResult executionId="615627ba-a119-4f2e-8d37-eacbce6d7a83" testId="c89f06c0-b8d3-fea7-b2c3-b6caf473b9d9" testName="CheckAllMIPFiltersEmptyList1" computerName="DKSR-EFI-04" duration="00:00:00.0006258" startTime="2023-12-22T09:33:34.5062572+01:00" endTime="2023-12-22T09:33:34.5062572+01:00" testType="13cdc9d9-ddb5-4fa4-a97d-d965ccfc6d4b" outcome="Passed" testListId="8c84fa94-04c1-424b-9868-57a2d4851a1d" relativeResultsDirectory="615627ba-a119-4f2e-8d37-eacbce6d7a83" />
    <UnitTestResult executionId="ec31fcbc-45b3-4874-a40d-b3244cfe7d3e" testId="77ee55d0-8b37-bc1a-f55a-0fa64e918fa2" testName="RecurringSchedule_GetNextScheduleTime_Daily_Every_2_Days_Every_Hour_Between_2_00_And_8_00" computerName="DKSR-EFI-04" duration="00:00:00.0010629" startTime="2023-12-22T09:33:33.0687524+01:00" endTime="2023-12-22T09:33:33.0687524+01:00" testType="13cdc9d9-ddb5-4fa4-a97d-d965ccfc6d4b" outcome="Passed" testListId="8c84fa94-04c1-424b-9868-57a2d4851a1d" relativeResultsDirectory="ec31fcbc-45b3-4874-a40d-b3244cfe7d3e" />
    <UnitTestResult executionId="3f31077d-334d-4e53-a4b5-c5be4164c0f1" testId="7acd33de-a768-4317-b8ff-7e2c3b59ddd9" testName="ModelValidation_ValidModel_Success" computerName="DKSR-EFI-04" duration="00:00:00.0008158" startTime="2023-12-22T09:33:31.6937468+01:00" endTime="2023-12-22T09:33:31.6937468+01:00" testType="13cdc9d9-ddb5-4fa4-a97d-d965ccfc6d4b" outcome="Passed" testListId="8c84fa94-04c1-424b-9868-57a2d4851a1d" relativeResultsDirectory="3f31077d-334d-4e53-a4b5-c5be4164c0f1" />
    <UnitTestResult executionId="043a30a4-c208-46aa-b9b2-79be3d4809b9" testId="14bb044e-e139-adf6-9be3-078c25461372" testName="CreateHttpsUri_HttpDefaultPort_UseDefaultPortFalse_BecomesHttpsPort443" computerName="DKSR-EFI-04" duration="00:00:00.0001893" startTime="2023-12-22T09:33:47.4438223+01:00" endTime="2023-12-22T09:33:47.4438223+01:00" testType="13cdc9d9-ddb5-4fa4-a97d-d965ccfc6d4b" outcome="Passed" testListId="8c84fa94-04c1-424b-9868-57a2d4851a1d" relativeResultsDirectory="043a30a4-c208-46aa-b9b2-79be3d4809b9" />
    <UnitTestResult executionId="7723f29c-75da-489a-a0a7-ed5965c5781d" testId="ff479f6d-e0b7-8fd5-8eb8-d2152054fac2" testName="CalculateLicenseRequirements_On1ICPHardwareWith3ChannelsAnd1NormalWith6Channels_ReturnsFalse" computerName="DKSR-EFI-04" duration="00:00:00.0009089" startTime="2023-12-22T09:33:37.9437771+01:00" endTime="2023-12-22T09:33:37.9437771+01:00" testType="13cdc9d9-ddb5-4fa4-a97d-d965ccfc6d4b" outcome="Passed" testListId="8c84fa94-04c1-424b-9868-57a2d4851a1d" relativeResultsDirectory="7723f29c-75da-489a-a0a7-ed5965c5781d" />
    <UnitTestResult executionId="dcdc8f74-d3db-424f-b6c0-a64e37e9ae64" testId="40f2976d-c053-33d7-51b4-7fde8f3dce0a" testName="BaseHtmlLicenseReport_SvgImageLink_NoClass_Success" computerName="DKSR-EFI-04" duration="00:00:00.0004789" startTime="2023-12-22T09:33:37.2093981+01:00" endTime="2023-12-22T09:33:37.2093981+01:00" testType="13cdc9d9-ddb5-4fa4-a97d-d965ccfc6d4b" outcome="Passed" testListId="8c84fa94-04c1-424b-9868-57a2d4851a1d" relativeResultsDirectory="dcdc8f74-d3db-424f-b6c0-a64e37e9ae64" />
    <UnitTestResult executionId="2e2327ea-e55b-40a7-b603-85572bf7c8dc" testId="a1d9ae4e-af7b-da58-5e01-23d91f1e9817" testName="ReadAttributeAsInt32_RangeCheck_Max_Exact" computerName="DKSR-EFI-04" duration="00:00:00.0002174" startTime="2023-12-22T09:33:23.7874576+01:00" endTime="2023-12-22T09:33:23.7874576+01:00" testType="13cdc9d9-ddb5-4fa4-a97d-d965ccfc6d4b" outcome="Passed" testListId="8c84fa94-04c1-424b-9868-57a2d4851a1d" relativeResultsDirectory="2e2327ea-e55b-40a7-b603-85572bf7c8dc" />
    <UnitTestResult executionId="e940c976-7398-491b-8589-871c7682ce8e" testId="36f9cce3-d7b2-da0c-ef54-7bd01d68e09e" testName="ServerFileStorageQuota_TwoConsumers_Success" computerName="DKSR-EFI-04" duration="00:00:00.0002033" startTime="2023-12-22T09:33:28.9593568+01:00" endTime="2023-12-22T09:33:28.9593568+01:00" testType="13cdc9d9-ddb5-4fa4-a97d-d965ccfc6d4b" outcome="Passed" testListId="8c84fa94-04c1-424b-9868-57a2d4851a1d" relativeResultsDirectory="e940c976-7398-491b-8589-871c7682ce8e" />
    <UnitTestResult executionId="08520bf6-1dc8-45ae-a7a3-873c7bcbd2e8" testId="ee8c74fe-137d-b4e4-25cc-ed18cd2ece80" testName="ReadChildElementValueAsUInt16_RangeCheck_Max_Exact" computerName="DKSR-EFI-04" duration="00:00:00.0002119" startTime="2023-12-22T09:33:23.8655834+01:00" endTime="2023-12-22T09:33:23.8655834+01:00" testType="13cdc9d9-ddb5-4fa4-a97d-d965ccfc6d4b" outcome="Passed" testListId="8c84fa94-04c1-424b-9868-57a2d4851a1d" relativeResultsDirectory="08520bf6-1dc8-45ae-a7a3-873c7bcbd2e8" />
    <UnitTestResult executionId="9f03bc8a-c14e-40d9-9a9b-d56424549bbb" testId="fd4da348-d422-1e3d-8bd6-b982672088ec" testName="DatabaseResponseDiskUsagesModel_Validate_Success" computerName="DKSR-EFI-04" duration="00:00:00.0011792" startTime="2023-12-22T09:33:30.1312368+01:00" endTime="2023-12-22T09:33:30.1468630+01:00" testType="13cdc9d9-ddb5-4fa4-a97d-d965ccfc6d4b" outcome="Passed" testListId="8c84fa94-04c1-424b-9868-57a2d4851a1d" relativeResultsDirectory="9f03bc8a-c14e-40d9-9a9b-d56424549bbb" />
    <UnitTestResult executionId="f5295c9a-5a4a-49ff-b74a-e104a07be316" testId="2f51937b-491d-ee39-cc47-b416dfc84d31" testName="Constructor_IncrementsFeedCountsForEachChannel_OnIcpHw" computerName="DKSR-EFI-04" duration="00:00:00.0005046" startTime="2023-12-22T09:33:37.1312708+01:00" endTime="2023-12-22T09:33:37.1312708+01:00" testType="13cdc9d9-ddb5-4fa4-a97d-d965ccfc6d4b" outcome="Passed" testListId="8c84fa94-04c1-424b-9868-57a2d4851a1d" relativeResultsDirectory="f5295c9a-5a4a-49ff-b74a-e104a07be316" />
    <UnitTestResult executionId="668b0216-44d4-4954-8421-1d393a440267" testId="fcbc44af-6ece-1b6d-b15a-0ac5569dc501" testName="TokenHandler_CreateTokenHandler_Success" computerName="DKSR-EFI-04" duration="00:00:00.0014740" startTime="2023-12-22T09:33:32.5843740+01:00" endTime="2023-12-22T09:33:32.5843740+01:00" testType="13cdc9d9-ddb5-4fa4-a97d-d965ccfc6d4b" outcome="Passed" testListId="8c84fa94-04c1-424b-9868-57a2d4851a1d" relativeResultsDirectory="668b0216-44d4-4954-8421-1d393a440267" />
    <UnitTestResult executionId="b1b38642-f586-4026-bf86-492891806b5c" testId="1887b46f-da52-8372-d2fc-a27d60c83f34" testName="HardwareInfo_EnabledCameraIndexes_ReturnsCorrectIndexes" computerName="DKSR-EFI-04" duration="00:00:00.0006252" startTime="2023-12-22T09:33:37.5843987+01:00" endTime="2023-12-22T09:33:37.5843987+01:00" testType="13cdc9d9-ddb5-4fa4-a97d-d965ccfc6d4b" outcome="Passed" testListId="8c84fa94-04c1-424b-9868-57a2d4851a1d" relativeResultsDirectory="b1b38642-f586-4026-bf86-492891806b5c" />
    <UnitTestResult executionId="6a2200cb-1bd1-4bc6-b66a-7400be687691" testId="3a2658f6-d55c-045d-1867-cc0ab44d517b" testName="TestCopyConstructorWithNull" computerName="DKSR-EFI-04" duration="00:00:00.0048867" startTime="2023-12-22T09:33:46.1938137+01:00" endTime="2023-12-22T09:33:46.2094407+01:00" testType="13cdc9d9-ddb5-4fa4-a97d-d965ccfc6d4b" outcome="Passed" testListId="8c84fa94-04c1-424b-9868-57a2d4851a1d" relativeResultsDirectory="6a2200cb-1bd1-4bc6-b66a-7400be687691">
      <Output>
        <StdOut>Debug Trace:&#xD;
Fail: Argument null.</StdOut>
      </Output>
    </UnitTestResult>
    <UnitTestResult executionId="2771ca55-8f87-4511-966f-3647f9d3bad1" testId="f603fb9b-64f5-fdfc-2e4b-31d9c0131a57" testName="SendAsync_SendFailureException_SendFailureExceptionThrown" computerName="DKSR-EFI-04" duration="00:00:00.0022291" startTime="2023-12-22T09:33:20.4280640+01:00" endTime="2023-12-22T09:33:20.4436912+01:00" testType="13cdc9d9-ddb5-4fa4-a97d-d965ccfc6d4b" outcome="Passed" testListId="8c84fa94-04c1-424b-9868-57a2d4851a1d" relativeResultsDirectory="2771ca55-8f87-4511-966f-3647f9d3bad1" />
    <UnitTestResult executionId="b5fe4538-439a-4e0e-a0c4-dc8fcce2bff6" testId="fac02d44-6df3-b374-90e6-20208060241b" testName="ModelValidation_RequiredPropertiesAreNull_Failed" computerName="DKSR-EFI-04" duration="00:00:00.0035293" startTime="2023-12-22T09:33:31.7874943+01:00" endTime="2023-12-22T09:33:31.7874943+01:00" testType="13cdc9d9-ddb5-4fa4-a97d-d965ccfc6d4b" outcome="Passed" testListId="8c84fa94-04c1-424b-9868-57a2d4851a1d" relativeResultsDirectory="b5fe4538-439a-4e0e-a0c4-dc8fcce2bff6" />
    <UnitTestResult executionId="b4f76f96-8bdf-4754-ad2a-87e6518b0062" testId="eacb3063-dd4d-77dd-86b7-dcaa1ef0a342" testName="TestGetRegionsAsByteArrayCopyReturnsDifferentObjects" computerName="DKSR-EFI-04" duration="00:00:00.0003626" startTime="2023-12-22T09:33:46.2406932+01:00" endTime="2023-12-22T09:33:46.2563168+01:00" testType="13cdc9d9-ddb5-4fa4-a97d-d965ccfc6d4b" outcome="Passed" testListId="8c84fa94-04c1-424b-9868-57a2d4851a1d" relativeResultsDirectory="b4f76f96-8bdf-4754-ad2a-87e6518b0062" />
    <UnitTestResult executionId="7ba5e71f-c671-4aa4-bd28-1450095dfca6" testId="ef2eae91-6c24-c925-6699-0f50da1fc570" testName="StreamsConfiguration_EnsureLiveDefaultAndRecordTreads_Already_Valid_NoChanges" computerName="DKSR-EFI-04" duration="00:00:00.0143264" startTime="2023-12-22T09:33:29.7718593+01:00" endTime="2023-12-22T09:33:29.7874858+01:00" testType="13cdc9d9-ddb5-4fa4-a97d-d965ccfc6d4b" outcome="Passed" testListId="8c84fa94-04c1-424b-9868-57a2d4851a1d" relativeResultsDirectory="7ba5e71f-c671-4aa4-bd28-1450095dfca6" />
    <UnitTestResult executionId="35bf7cc2-6aa6-4cc0-a86e-95b24c4e6ad5" testId="36ba268e-05c6-cf80-4bab-a3a3f9a638bb" testName="GetItemsByKey_MultipleItems_ReturnsMatchingItems" computerName="DKSR-EFI-04" duration="00:00:00.0007599" startTime="2023-12-22T09:33:24.1468377+01:00" endTime="2023-12-22T09:33:24.1624595+01:00" testType="13cdc9d9-ddb5-4fa4-a97d-d965ccfc6d4b" outcome="Passed" testListId="8c84fa94-04c1-424b-9868-57a2d4851a1d" relativeResultsDirectory="35bf7cc2-6aa6-4cc0-a86e-95b24c4e6ad5" />
    <UnitTestResult executionId="38ca8ff8-0c2b-46cb-93c9-2621cc9423d3" testId="a94255c8-6cfd-6a2e-7e27-13e06e71a968" testName="CreateHttpUri_HttpsNonDefaultPort_UsePort443_BecomesHttpPort443" computerName="DKSR-EFI-04" duration="00:00:00.0001952" startTime="2023-12-22T09:33:47.4281971+01:00" endTime="2023-12-22T09:33:47.4281971+01:00" testType="13cdc9d9-ddb5-4fa4-a97d-d965ccfc6d4b" outcome="Passed" testListId="8c84fa94-04c1-424b-9868-57a2d4851a1d" relativeResultsDirectory="38ca8ff8-0c2b-46cb-93c9-2621cc9423d3" />
    <UnitTestResult executionId="0363b578-9a90-4275-8558-1f586c6ccfb1" testId="c72b0b7b-7f4b-aa6b-467a-12bc1b9aecce" testName="SendAsync_OnlyEndpoint_EndpointNullException" computerName="DKSR-EFI-04" duration="00:00:00.0267881" startTime="2023-12-22T09:33:20.3499413+01:00" endTime="2023-12-22T09:33:20.3811898+01:00" testType="13cdc9d9-ddb5-4fa4-a97d-d965ccfc6d4b" outcome="Passed" testListId="8c84fa94-04c1-424b-9868-57a2d4851a1d" relativeResultsDirectory="0363b578-9a90-4275-8558-1f586c6ccfb1">
      <Output>
        <StdOut>Debug Trace:&#xD;
Fail: Argument null</StdOut>
      </Output>
    </UnitTestResult>
    <UnitTestResult executionId="7a423236-2dc5-40fd-8eb0-49fd15fa5481" testId="285de3cc-7463-97c5-7a4d-9fc18f07fa37" testName="FeatureManager_LicenseExpires_DateTimeMin_ReturnsFalse" computerName="DKSR-EFI-04" duration="00:00:00.0009795" startTime="2023-12-22T09:33:37.4593997+01:00" endTime="2023-12-22T09:33:37.4593997+01:00" testType="13cdc9d9-ddb5-4fa4-a97d-d965ccfc6d4b" outcome="Passed" testListId="8c84fa94-04c1-424b-9868-57a2d4851a1d" relativeResultsDirectory="7a423236-2dc5-40fd-8eb0-49fd15fa5481" />
    <UnitTestResult executionId="cfe9f46c-6baa-4833-9912-076c99e45a03" testId="2eacf72f-5904-d273-4233-9408fc9a3d2f" testName="ModelValidation_ValidModel_Success" computerName="DKSR-EFI-04" duration="00:00:00.0016318" startTime="2023-12-22T09:33:31.4281171+01:00" endTime="2023-12-22T09:33:31.4281171+01:00" testType="13cdc9d9-ddb5-4fa4-a97d-d965ccfc6d4b" outcome="Passed" testListId="8c84fa94-04c1-424b-9868-57a2d4851a1d" relativeResultsDirectory="cfe9f46c-6baa-4833-9912-076c99e45a03" />
    <UnitTestResult executionId="508b20ed-2b59-4beb-8ffc-c04222d58850" testId="804169fe-a6e7-52e2-fbc4-9832811886a8" testName="Index_RemoveKey_RemovesAllItems" computerName="DKSR-EFI-04" duration="00:00:00.0008869" startTime="2023-12-22T09:33:24.0687084+01:00" endTime="2023-12-22T09:33:24.0687084+01:00" testType="13cdc9d9-ddb5-4fa4-a97d-d965ccfc6d4b" outcome="Passed" testListId="8c84fa94-04c1-424b-9868-57a2d4851a1d" relativeResultsDirectory="508b20ed-2b59-4beb-8ffc-c04222d58850" />
    <UnitTestResult executionId="bdb07330-6c27-4dcf-8b3f-72f9c806c0c5" testId="5f1dc5c0-e96a-35be-e365-2a8f8ef0d028" testName="Validate_PartialMatch_Found_EndOfWord_UpperCase_Success" computerName="DKSR-EFI-04" duration="00:00:00.0001844" startTime="2023-12-22T09:33:44.8344336+01:00" endTime="2023-12-22T09:33:44.8344336+01:00" testType="13cdc9d9-ddb5-4fa4-a97d-d965ccfc6d4b" outcome="Passed" testListId="8c84fa94-04c1-424b-9868-57a2d4851a1d" relativeResultsDirectory="bdb07330-6c27-4dcf-8b3f-72f9c806c0c5" />
    <UnitTestResult executionId="584bf521-db62-4540-b945-7ec9c13b847d" testId="ccaec2f9-7676-0389-7bf6-792491867756" testName="Send_AuthenticationExceptionTwice_ThrowUnauthorizationException" computerName="DKSR-EFI-04" duration="00:00:00.0091760" startTime="2023-12-22T09:33:21.0218186+01:00" endTime="2023-12-22T09:33:21.0374434+01:00" testType="13cdc9d9-ddb5-4fa4-a97d-d965ccfc6d4b" outcome="Passed" testListId="8c84fa94-04c1-424b-9868-57a2d4851a1d" relativeResultsDirectory="584bf521-db62-4540-b945-7ec9c13b847d" />
    <UnitTestResult executionId="622207da-2de7-4aad-abe3-39642c6a6d18" testId="ed20a21c-41f1-239a-2980-96b61d8b6a15" testName="SynchronizeDevicePresetsResponseModel_NoValuesSet_ValidationFailure" computerName="DKSR-EFI-04" duration="00:00:00.0012255" startTime="2023-12-22T09:33:30.1937377+01:00" endTime="2023-12-22T09:33:30.1937377+01:00" testType="13cdc9d9-ddb5-4fa4-a97d-d965ccfc6d4b" outcome="Passed" testListId="8c84fa94-04c1-424b-9868-57a2d4851a1d" relativeResultsDirectory="622207da-2de7-4aad-abe3-39642c6a6d18" />
    <UnitTestResult executionId="b16ee14a-68a6-49c4-b116-95055be2669e" testId="c71e2d38-cb5b-8ca7-55c4-ceedb25164fb" testName="SendAsync_AuthenticationExceptionTwice_ThrowUnauthorizationException" computerName="DKSR-EFI-04" duration="00:00:00.0023219" startTime="2023-12-22T09:33:20.5686922+01:00" endTime="2023-12-22T09:33:20.5843181+01:00" testType="13cdc9d9-ddb5-4fa4-a97d-d965ccfc6d4b" outcome="Passed" testListId="8c84fa94-04c1-424b-9868-57a2d4851a1d" relativeResultsDirectory="b16ee14a-68a6-49c4-b116-95055be2669e" />
    <UnitTestResult executionId="190715b4-c1fd-4fb9-b98c-f5b9b8d72858" testId="69235826-a1f1-f215-3f28-97d4bdbe2d52" testName="ReadChildElementValueAsBoolean_SunnyDayFalse" computerName="DKSR-EFI-04" duration="00:00:00.0003924" startTime="2023-12-22T09:33:23.7405826+01:00" endTime="2023-12-22T09:33:23.7405826+01:00" testType="13cdc9d9-ddb5-4fa4-a97d-d965ccfc6d4b" outcome="Passed" testListId="8c84fa94-04c1-424b-9868-57a2d4851a1d" relativeResultsDirectory="190715b4-c1fd-4fb9-b98c-f5b9b8d72858" />
    <UnitTestResult executionId="da5af510-a0da-4ae1-9613-5061ff36245b" testId="a4c4b508-919f-e71f-5e1b-c62a1e9a80ce" testName="WhiteList_IsHardwareWhiteListed_NotWhiteListedDriverNullModel_ReturnsFalse_ChannelLicenseCountIs5" computerName="DKSR-EFI-04" duration="00:00:00.0004818" startTime="2023-12-22T09:33:44.7094338+01:00" endTime="2023-12-22T09:33:44.7094338+01:00" testType="13cdc9d9-ddb5-4fa4-a97d-d965ccfc6d4b" outcome="Passed" testListId="8c84fa94-04c1-424b-9868-57a2d4851a1d" relativeResultsDirectory="da5af510-a0da-4ae1-9613-5061ff36245b" />
    <UnitTestResult executionId="c2ea426f-3c3d-405f-9f88-4aafdd9c8ae0" testId="1f9336a2-7a80-8e00-8f9d-0b352e023592" testName="Mac_Address_Empty_Test_True_2" computerName="DKSR-EFI-04" duration="00:00:00.0001088" startTime="2023-12-22T09:33:44.7250587+01:00" endTime="2023-12-22T09:33:44.7250587+01:00" testType="13cdc9d9-ddb5-4fa4-a97d-d965ccfc6d4b" outcome="Passed" testListId="8c84fa94-04c1-424b-9868-57a2d4851a1d" relativeResultsDirectory="c2ea426f-3c3d-405f-9f88-4aafdd9c8ae0" />
    <UnitTestResult executionId="1baf1a08-4a16-4042-a483-aac36db3b0a2" testId="90d445f6-cb0f-d505-58da-7385c723eaaf" testName="TestGetRegionsAsBooleanArray" computerName="DKSR-EFI-04" duration="00:00:00.0004877" startTime="2023-12-22T09:33:46.2406932+01:00" endTime="2023-12-22T09:33:46.2406932+01:00" testType="13cdc9d9-ddb5-4fa4-a97d-d965ccfc6d4b" outcome="Passed" testListId="8c84fa94-04c1-424b-9868-57a2d4851a1d" relativeResultsDirectory="1baf1a08-4a16-4042-a483-aac36db3b0a2" />
    <UnitTestResult executionId="5a54f85e-cd82-448a-a5c2-5b291e89dfc4" testId="8baaeaf7-4ae1-3cd6-0101-eb08430d598c" testName="FeatureManager_IsFeatureLicensed_License_Doc_Null" computerName="DKSR-EFI-04" duration="00:00:00.0006123" startTime="2023-12-22T09:33:37.3187731+01:00" endTime="2023-12-22T09:33:37.3187731+01:00" testType="13cdc9d9-ddb5-4fa4-a97d-d965ccfc6d4b" outcome="Passed" testListId="8c84fa94-04c1-424b-9868-57a2d4851a1d" relativeResultsDirectory="5a54f85e-cd82-448a-a5c2-5b291e89dfc4" />
    <UnitTestResult executionId="0d60ec80-faf1-4321-ae3f-680e4a9a0b61" testId="0e09f455-cd4f-e42d-bcdb-93aa3d653c3e" testName="GenerateReport_InvalidCalculationResultsArg_ThrowsArgumentNullException" computerName="DKSR-EFI-04" duration="00:00:00.0016391" startTime="2023-12-22T09:33:44.5063062+01:00" endTime="2023-12-22T09:33:44.5063062+01:00" testType="13cdc9d9-ddb5-4fa4-a97d-d965ccfc6d4b" outcome="Passed" testListId="8c84fa94-04c1-424b-9868-57a2d4851a1d" relativeResultsDirectory="0d60ec80-faf1-4321-ae3f-680e4a9a0b61" />
    <UnitTestResult executionId="fb89c1f2-3236-49cb-ae69-80767615a6d7" testId="468dbc9b-87c4-cccb-27ee-88a267ee8242" testName="WhiteList_Model_CreateInstanceWithEmptyWhitelistParameter_Succeeds" computerName="DKSR-EFI-04" duration="00:00:00.0003943" startTime="2023-12-22T09:33:44.6156834+01:00" endTime="2023-12-22T09:33:44.6313082+01:00" testType="13cdc9d9-ddb5-4fa4-a97d-d965ccfc6d4b" outcome="Passed" testListId="8c84fa94-04c1-424b-9868-57a2d4851a1d" relativeResultsDirectory="fb89c1f2-3236-49cb-ae69-80767615a6d7" />
    <UnitTestResult executionId="dc09f589-773f-48bb-bbc3-0f40b3d249ee" testId="614b25d2-4e64-81da-811c-e98afd41cfa9" testName="CertificateSelection2_FromCertificateHash_GoodHash_DoesNotReturnNoSelection" computerName="DKSR-EFI-04" duration="00:00:00.0003474" startTime="2023-12-22T09:33:47.7250744+01:00" endTime="2023-12-22T09:33:47.7250744+01:00" testType="13cdc9d9-ddb5-4fa4-a97d-d965ccfc6d4b" outcome="Passed" testListId="8c84fa94-04c1-424b-9868-57a2d4851a1d" relativeResultsDirectory="dc09f589-773f-48bb-bbc3-0f40b3d249ee" />
    <UnitTestResult executionId="eee229cd-a7d8-4fe0-81bf-46513e1be2ac" testId="b9904c9a-5040-ba62-e9bc-f8b6ed5155cc" testName="ExceptionResponseModel_Validate_Success" computerName="DKSR-EFI-04" duration="00:00:00.0058008" startTime="2023-12-22T09:33:32.0843714+01:00" endTime="2023-12-22T09:33:32.0999963+01:00" testType="13cdc9d9-ddb5-4fa4-a97d-d965ccfc6d4b" outcome="Passed" testListId="8c84fa94-04c1-424b-9868-57a2d4851a1d" relativeResultsDirectory="eee229cd-a7d8-4fe0-81bf-46513e1be2ac" />
    <UnitTestResult executionId="86d2285b-93ee-4127-8824-68bc4ec1caac" testId="930e353c-fde1-03ae-10a7-7eaa994a4b20" testName="FeatureManager_TryGetFeatureParameterValueT_Null_Value" computerName="DKSR-EFI-04" duration="00:00:00.0013580" startTime="2023-12-22T09:33:37.4125238+01:00" endTime="2023-12-22T09:33:37.4281491+01:00" testType="13cdc9d9-ddb5-4fa4-a97d-d965ccfc6d4b" outcome="Passed" testListId="8c84fa94-04c1-424b-9868-57a2d4851a1d" relativeResultsDirectory="86d2285b-93ee-4127-8824-68bc4ec1caac" />
    <UnitTestResult executionId="d62b2c9e-2c13-4b7e-8a41-d80e69580340" testId="6c6a47cf-a555-2dfc-3a1a-07e1dc47adf6" testName="RecurringSchedule_GetCreationTime" computerName="DKSR-EFI-04" duration="00:00:00.0413735" startTime="2023-12-22T09:33:33.0218749+01:00" endTime="2023-12-22T09:33:33.0531269+01:00" testType="13cdc9d9-ddb5-4fa4-a97d-d965ccfc6d4b" outcome="Passed" testListId="8c84fa94-04c1-424b-9868-57a2d4851a1d" relativeResultsDirectory="d62b2c9e-2c13-4b7e-8a41-d80e69580340" />
    <UnitTestResult executionId="4cc70dab-a93f-4435-b3d5-b7f7ded5213e" testId="e8a6febf-7a4c-df5b-5b44-d1a1d6670bac" testName="ModelValidation_ValidModel_Success" computerName="DKSR-EFI-04" duration="00:00:00.0021523" startTime="2023-12-22T09:33:31.7406195+01:00" endTime="2023-12-22T09:33:31.7406195+01:00" testType="13cdc9d9-ddb5-4fa4-a97d-d965ccfc6d4b" outcome="Passed" testListId="8c84fa94-04c1-424b-9868-57a2d4851a1d" relativeResultsDirectory="4cc70dab-a93f-4435-b3d5-b7f7ded5213e" />
    <UnitTestResult executionId="170e09f1-d079-49b1-b098-b01b681c31c9" testId="333d071e-477f-f59a-bdf7-e3209509bd7e" testName="TokenHandler_GetNewToken_Success" computerName="DKSR-EFI-04" duration="00:00:00.0006352" startTime="2023-12-22T09:33:32.5843740+01:00" endTime="2023-12-22T09:33:32.5843740+01:00" testType="13cdc9d9-ddb5-4fa4-a97d-d965ccfc6d4b" outcome="Passed" testListId="8c84fa94-04c1-424b-9868-57a2d4851a1d" relativeResultsDirectory="170e09f1-d079-49b1-b098-b01b681c31c9">
      <Output>
        <StdOut>Debug Trace:&#xD;
Token created: TOKEN#08434386-506a-4b20-af72-ad6cce2abb6d##</StdOut>
      </Output>
    </UnitTestResult>
    <UnitTestResult executionId="696046ce-5e3d-445a-9b81-132992ebae3a" testId="5c62b36c-7e5b-e052-296c-ce11b79f4704" testName="Create_Mac_Address_Hash_String_GUID" computerName="DKSR-EFI-04" duration="00:00:00.0001412" startTime="2023-12-22T09:33:44.7406850+01:00" endTime="2023-12-22T09:33:44.7406850+01:00" testType="13cdc9d9-ddb5-4fa4-a97d-d965ccfc6d4b" outcome="Passed" testListId="8c84fa94-04c1-424b-9868-57a2d4851a1d" relativeResultsDirectory="696046ce-5e3d-445a-9b81-132992ebae3a" />
    <UnitTestResult executionId="98a4da46-e597-4060-9b99-a240efc72976" testId="2cd99008-7d47-5b1f-bdce-87f1db166022" testName="CalculateLicenseRequirementsForHardware_HardwareWith5Channels_Returns5ChannelLicenses" computerName="DKSR-EFI-04" duration="00:00:00.0005235" startTime="2023-12-22T09:33:37.9594005+01:00" endTime="2023-12-22T09:33:37.9594005+01:00" testType="13cdc9d9-ddb5-4fa4-a97d-d965ccfc6d4b" outcome="Passed" testListId="8c84fa94-04c1-424b-9868-57a2d4851a1d" relativeResultsDirectory="98a4da46-e597-4060-9b99-a240efc72976" />
    <UnitTestResult executionId="8668d267-43fb-43df-83c3-b03c0abb5197" testId="1b4f53b0-210d-1a1d-f735-fed942fd893a" testName="ServerFileStorage_ReturnStorage_ExistsOnDisk_DeletesFile" computerName="DKSR-EFI-04" duration="00:00:00.0039398" startTime="2023-12-22T09:33:29.0062318+01:00" endTime="2023-12-22T09:33:29.0062318+01:00" testType="13cdc9d9-ddb5-4fa4-a97d-d965ccfc6d4b" outcome="Passed" testListId="8c84fa94-04c1-424b-9868-57a2d4851a1d" relativeResultsDirectory="8668d267-43fb-43df-83c3-b03c0abb5197" />
    <UnitTestResult executionId="8b173ebf-29a4-4e76-aaf1-6164c5358833" testId="f52f05a9-d27f-e1ad-082e-1c39eacc6c00" testName="FeatureInformation_QueryAllLicensedFeatures_ReturnsOne_OnLicenseDocumentOneFeature" computerName="DKSR-EFI-04" duration="00:00:00.0003903" startTime="2023-12-22T09:33:37.3031491+01:00" endTime="2023-12-22T09:33:37.3187731+01:00" testType="13cdc9d9-ddb5-4fa4-a97d-d965ccfc6d4b" outcome="Passed" testListId="8c84fa94-04c1-424b-9868-57a2d4851a1d" relativeResultsDirectory="8b173ebf-29a4-4e76-aaf1-6164c5358833" />
    <UnitTestResult executionId="faf23664-d5d3-47b2-9436-da0aab462c28" testId="eade85c4-4bde-0133-ecf8-0f7996b21008" testName="Create_IsAKnownType_ReturnsCorrectInstanceOfType" computerName="DKSR-EFI-04" duration="00:00:00.0011678" startTime="2023-12-22T09:33:47.0063197+01:00" endTime="2023-12-22T09:33:47.0063197+01:00" testType="13cdc9d9-ddb5-4fa4-a97d-d965ccfc6d4b" outcome="Passed" testListId="8c84fa94-04c1-424b-9868-57a2d4851a1d" relativeResultsDirectory="faf23664-d5d3-47b2-9436-da0aab462c28" />
    <UnitTestResult executionId="fb983b4a-5747-41f2-80ab-31ed687710e0" testId="940a37fa-9b31-b992-8258-56bfe4d287c2" testName="UpdateRecorderStatus_ValidModel_Success" computerName="DKSR-EFI-04" duration="00:00:00.0009590" startTime="2023-12-22T09:33:32.0374965+01:00" endTime="2023-12-22T09:33:32.0374965+01:00" testType="13cdc9d9-ddb5-4fa4-a97d-d965ccfc6d4b" outcome="Passed" testListId="8c84fa94-04c1-424b-9868-57a2d4851a1d" relativeResultsDirectory="fb983b4a-5747-41f2-80ab-31ed687710e0" />
    <UnitTestResult executionId="0faed654-31c4-4a11-a54e-432f2579a06f" testId="563887c9-636b-f0ac-8af4-cbcfddaaa4f4" testName="ReadChildElementValueAsUInt32_SunnyDay" computerName="DKSR-EFI-04" duration="00:00:00.0003343" startTime="2023-12-22T09:33:23.8343313+01:00" endTime="2023-12-22T09:33:23.8343313+01:00" testType="13cdc9d9-ddb5-4fa4-a97d-d965ccfc6d4b" outcome="Passed" testListId="8c84fa94-04c1-424b-9868-57a2d4851a1d" relativeResultsDirectory="0faed654-31c4-4a11-a54e-432f2579a06f" />
    <UnitTestResult executionId="ff89db1a-75bd-4631-94ca-95ad63b7fa0b" testId="bbc953c5-d914-f6c7-2363-bf06389c6847" testName="AsString_Null_Throws_ArgumentNullException" computerName="DKSR-EFI-04" duration="00:00:00.0003351" startTime="2023-12-22T09:33:47.8188663+01:00" endTime="2023-12-22T09:33:47.8188663+01:00" testType="13cdc9d9-ddb5-4fa4-a97d-d965ccfc6d4b" outcome="Passed" testListId="8c84fa94-04c1-424b-9868-57a2d4851a1d" relativeResultsDirectory="ff89db1a-75bd-4631-94ca-95ad63b7fa0b" />
    <UnitTestResult executionId="79e219a9-6475-4863-bd13-c5dd9678634e" testId="13bd0905-8c51-594d-38fd-c49e6b2abab6" testName="TestGeneratedLength" computerName="DKSR-EFI-04" duration="00:00:00.0267566" startTime="2023-12-22T09:33:24.3187096+01:00" endTime="2023-12-22T09:33:24.3343358+01:00" testType="13cdc9d9-ddb5-4fa4-a97d-d965ccfc6d4b" outcome="Passed" testListId="8c84fa94-04c1-424b-9868-57a2d4851a1d" relativeResultsDirectory="79e219a9-6475-4863-bd13-c5dd9678634e" />
    <UnitTestResult executionId="d74efaae-cec5-4b22-9b4b-2c30da3ec74a" testId="d58055e7-c44a-ddff-22e8-3fe2f9d0315f" testName="ExecuteRuleActionsModel_Validate_Failed" computerName="DKSR-EFI-04" duration="00:00:00.1022406" startTime="2023-12-22T09:33:30.0062383+01:00" endTime="2023-12-22T09:33:30.0999863+01:00" testType="13cdc9d9-ddb5-4fa4-a97d-d965ccfc6d4b" outcome="Passed" testListId="8c84fa94-04c1-424b-9868-57a2d4851a1d" relativeResultsDirectory="d74efaae-cec5-4b22-9b4b-2c30da3ec74a" />
    <UnitTestResult executionId="d306d9d6-2884-4f94-b484-fa85729e8eb9" testId="570cf49d-26a6-95e2-438c-089ddd4d2611" testName="FeatureManager_GetFeatureParameterValueT_Guid_Valid_Value" computerName="DKSR-EFI-04" duration="00:00:00.0004714" startTime="2023-12-22T09:33:37.4125238+01:00" endTime="2023-12-22T09:33:37.4125238+01:00" testType="13cdc9d9-ddb5-4fa4-a97d-d965ccfc6d4b" outcome="Passed" testListId="8c84fa94-04c1-424b-9868-57a2d4851a1d" relativeResultsDirectory="d306d9d6-2884-4f94-b484-fa85729e8eb9" />
    <UnitTestResult executionId="6ac66b47-f2d7-438a-9665-6f2935efe451" testId="988ea28e-c06c-c766-fcaa-2005e7f594eb" testName="ToLogEntrySystem_ModelWithLogeDefinition_SuccessConvertion" computerName="DKSR-EFI-04" duration="00:00:00.0103723" startTime="2023-12-22T09:33:31.8812439+01:00" endTime="2023-12-22T09:33:31.8968715+01:00" testType="13cdc9d9-ddb5-4fa4-a97d-d965ccfc6d4b" outcome="Passed" testListId="8c84fa94-04c1-424b-9868-57a2d4851a1d" relativeResultsDirectory="6ac66b47-f2d7-438a-9665-6f2935efe451" />
    <UnitTestResult executionId="876704ef-d9e2-42e2-937f-439f0154723d" testId="47640dd5-a1b1-e17e-a33e-61253b2a1c85" testName="MipAction2Model_ValidModel_Success" computerName="DKSR-EFI-04" duration="00:00:00.0020712" startTime="2023-12-22T09:33:31.9906209+01:00" endTime="2023-12-22T09:33:32.0062460+01:00" testType="13cdc9d9-ddb5-4fa4-a97d-d965ccfc6d4b" outcome="Passed" testListId="8c84fa94-04c1-424b-9868-57a2d4851a1d" relativeResultsDirectory="876704ef-d9e2-42e2-937f-439f0154723d" />
    <UnitTestResult executionId="66c956f7-09a3-4465-8b0c-2e85470d8cc6" testId="6d028cae-975c-9626-0844-28571c5d64f9" testName="ModelValidation_ValidModel_Success" computerName="DKSR-EFI-04" duration="00:00:00.0017094" startTime="2023-12-22T09:33:31.6624956+01:00" endTime="2023-12-22T09:33:31.6781206+01:00" testType="13cdc9d9-ddb5-4fa4-a97d-d965ccfc6d4b" outcome="Passed" testListId="8c84fa94-04c1-424b-9868-57a2d4851a1d" relativeResultsDirectory="66c956f7-09a3-4465-8b0c-2e85470d8cc6" />
    <UnitTestResult executionId="044ab7fa-0126-46a7-9ce5-b03dedcb1fd0" testId="f68e7208-b40d-78c4-083e-29238c6795e3" testName="Constructor_FillsInUniqueIndexes_OnCombinationOfHw" computerName="DKSR-EFI-04" duration="00:00:00.0354349" startTime="2023-12-22T09:33:37.0843966+01:00" endTime="2023-12-22T09:33:37.1156466+01:00" testType="13cdc9d9-ddb5-4fa4-a97d-d965ccfc6d4b" outcome="Passed" testListId="8c84fa94-04c1-424b-9868-57a2d4851a1d" relativeResultsDirectory="044ab7fa-0126-46a7-9ce5-b03dedcb1fd0" />
    <UnitTestResult executionId="950fb1eb-a995-4fa7-a2ee-2e16171b8baf" testId="fd4c0d92-09c3-4b85-a497-3e9bc882dbde" testName="CheckAllMIPFiltersKindsTestOk3" computerName="DKSR-EFI-04" duration="00:00:00.0002918" startTime="2023-12-22T09:33:34.4906336+01:00" endTime="2023-12-22T09:33:34.4906336+01:00" testType="13cdc9d9-ddb5-4fa4-a97d-d965ccfc6d4b" outcome="Passed" testListId="8c84fa94-04c1-424b-9868-57a2d4851a1d" relativeResultsDirectory="950fb1eb-a995-4fa7-a2ee-2e16171b8baf" />
    <UnitTestResult executionId="ff6dc67b-6d26-4cce-8838-0498cc68ed52" testId="e6f95d68-2886-1fa9-62f9-c713dede45c7" testName="CreateHttpUri_HttpsDefaultPort_UseDefaultPortTrue_BecomesHttpPort80" computerName="DKSR-EFI-04" duration="00:00:00.0001939" startTime="2023-12-22T09:33:47.3969472+01:00" endTime="2023-12-22T09:33:47.3969472+01:00" testType="13cdc9d9-ddb5-4fa4-a97d-d965ccfc6d4b" outcome="Passed" testListId="8c84fa94-04c1-424b-9868-57a2d4851a1d" relativeResultsDirectory="ff6dc67b-6d26-4cce-8838-0498cc68ed52" />
    <UnitTestResult executionId="18dfc548-5cbc-4a48-a6cc-bc7d3374ddc0" testId="805bb982-a813-ab89-6251-47fc884a4ab7" testName="StreamsConfiguration_ValidateConfiguration_Invalid_Selection_5_Error" computerName="DKSR-EFI-04" duration="00:00:00.0061509" startTime="2023-12-22T09:33:29.6468605+01:00" endTime="2023-12-22T09:33:29.6468605+01:00" testType="13cdc9d9-ddb5-4fa4-a97d-d965ccfc6d4b" outcome="Passed" testListId="8c84fa94-04c1-424b-9868-57a2d4851a1d" relativeResultsDirectory="18dfc548-5cbc-4a48-a6cc-bc7d3374ddc0" />
    <UnitTestResult executionId="eb94f8d1-aefe-4cba-afe7-d34a7207a520" testId="19d0bcdc-5dab-a23a-f989-5306773408ba" testName="ServiceDiscoveryEngine_CommunicationConfirmed_ServiceNotFound" computerName="DKSR-EFI-04" duration="00:00:00.0024145" startTime="2023-12-22T09:33:32.2249980+01:00" endTime="2023-12-22T09:33:32.2249980+01:00" testType="13cdc9d9-ddb5-4fa4-a97d-d965ccfc6d4b" outcome="Passed" testListId="8c84fa94-04c1-424b-9868-57a2d4851a1d" relativeResultsDirectory="eb94f8d1-aefe-4cba-afe7-d34a7207a520" />
    <UnitTestResult executionId="a35f6a13-5466-49e0-885b-2e4659e94d16" testId="b23beb03-ffbd-4d3d-0f7c-437da4598c39" testName="Encrypt_DataSetHasModifiedRow_DataSetIsEncrypted" computerName="DKSR-EFI-04" duration="00:00:00.0022079" startTime="2023-12-22T09:33:46.3969420+01:00" endTime="2023-12-22T09:33:46.3969420+01:00" testType="13cdc9d9-ddb5-4fa4-a97d-d965ccfc6d4b" outcome="Passed" testListId="8c84fa94-04c1-424b-9868-57a2d4851a1d" relativeResultsDirectory="a35f6a13-5466-49e0-885b-2e4659e94d16" />
    <UnitTestResult executionId="fe9b2988-0f69-412a-91c2-5265f66433fd" testId="f3002bbb-cc2e-e355-83fe-ca21eb55dcb1" testName="HttpClientCommunicatorWrapper_ReceiveTRet_CommunicationException" computerName="DKSR-EFI-04" duration="00:00:00.0009917" startTime="2023-12-22T09:33:30.9749916+01:00" endTime="2023-12-22T09:33:30.9749916+01:00" testType="13cdc9d9-ddb5-4fa4-a97d-d965ccfc6d4b" outcome="Passed" testListId="8c84fa94-04c1-424b-9868-57a2d4851a1d" relativeResultsDirectory="fe9b2988-0f69-412a-91c2-5265f66433fd" />
    <UnitTestResult executionId="ec1ff1d4-6744-406d-a761-abe92d39e796" testId="9181c077-33eb-e8de-adee-01c4a4ba25a1" testName="ServiceDiscoveryEngine_CommunicationConfirmed_Success" computerName="DKSR-EFI-04" duration="00:00:00.0009047" startTime="2023-12-22T09:33:32.2249980+01:00" endTime="2023-12-22T09:33:32.2249980+01:00" testType="13cdc9d9-ddb5-4fa4-a97d-d965ccfc6d4b" outcome="Passed" testListId="8c84fa94-04c1-424b-9868-57a2d4851a1d" relativeResultsDirectory="ec1ff1d4-6744-406d-a761-abe92d39e796" />
    <UnitTestResult executionId="0db2142f-23a5-4720-888e-68a8651e79f4" testId="1a61026f-b271-a5eb-73c1-1f856c7784d0" testName="LicenseDocument_ValidateActivatedLicense_HardwareWithNoEnabledCameras_ShowsHardwareAsActivated" computerName="DKSR-EFI-04" duration="00:00:00.0027227" startTime="2023-12-22T09:33:44.4438087+01:00" endTime="2023-12-22T09:33:44.4438087+01:00" testType="13cdc9d9-ddb5-4fa4-a97d-d965ccfc6d4b" outcome="Passed" testListId="8c84fa94-04c1-424b-9868-57a2d4851a1d" relativeResultsDirectory="0db2142f-23a5-4720-888e-68a8651e79f4" />
    <UnitTestResult executionId="a53e7720-cd6a-4ed9-844d-bf52d884de59" testId="0de29df1-d38a-1eff-95a2-39e6759ca4aa" testName="WhiteList_IsModelWhiteListed_HWWith12CH_ModelMaxChannelCountIs10GlobalMaxChannelCountIs16_ReturnsFalse" computerName="DKSR-EFI-04" duration="00:00:00.0006236" startTime="2023-12-22T09:33:44.6781843+01:00" endTime="2023-12-22T09:33:44.6781843+01:00" testType="13cdc9d9-ddb5-4fa4-a97d-d965ccfc6d4b" outcome="Passed" testListId="8c84fa94-04c1-424b-9868-57a2d4851a1d" relativeResultsDirectory="a53e7720-cd6a-4ed9-844d-bf52d884de59" />
    <UnitTestResult executionId="b5541c2d-c545-478d-8fbf-16c1c7f4a3bc" testId="4c7a24a3-31b3-5682-9a84-9c6ad3d3362f" testName="LicenseVersionTest" computerName="DKSR-EFI-04" duration="00:00:00.2160721" startTime="2023-12-22T09:33:35.0843848+01:00" endTime="2023-12-22T09:33:35.3031384+01:00" testType="13cdc9d9-ddb5-4fa4-a97d-d965ccfc6d4b" outcome="Passed" testListId="8c84fa94-04c1-424b-9868-57a2d4851a1d" relativeResultsDirectory="b5541c2d-c545-478d-8fbf-16c1c7f4a3bc" />
    <UnitTestResult executionId="68892028-050f-472a-9eb4-00d0eec3267f" testId="1ace4b55-a085-9987-e967-fbe848c25281" testName="ReadChildElementValueAsUInt32_RangeCheck_Min" computerName="DKSR-EFI-04" duration="00:00:00.0020550" startTime="2023-12-22T09:33:23.8187069+01:00" endTime="2023-12-22T09:33:23.8187069+01:00" testType="13cdc9d9-ddb5-4fa4-a97d-d965ccfc6d4b" outcome="Passed" testListId="8c84fa94-04c1-424b-9868-57a2d4851a1d" relativeResultsDirectory="68892028-050f-472a-9eb4-00d0eec3267f" />
    <UnitTestResult executionId="9a692430-f456-4027-8e48-066b8f569b42" testId="346c1444-c166-cbc7-94c0-545645760c83" testName="DatabaseOperationModel_Validation_ValidModel_Success" computerName="DKSR-EFI-04" duration="00:00:00.0030766" startTime="2023-12-22T09:33:31.3343685+01:00" endTime="2023-12-22T09:33:31.3343685+01:00" testType="13cdc9d9-ddb5-4fa4-a97d-d965ccfc6d4b" outcome="Passed" testListId="8c84fa94-04c1-424b-9868-57a2d4851a1d" relativeResultsDirectory="9a692430-f456-4027-8e48-066b8f569b42" />
    <UnitTestResult executionId="9343b5aa-cee0-4dd8-a514-ff4bda679848" testId="c8765d97-7555-34ec-889c-ab5a910e06ce" testName="StreamsConfiguration_TryGet_Success" computerName="DKSR-EFI-04" duration="00:00:00.0028996" startTime="2023-12-22T09:33:29.1624822+01:00" endTime="2023-12-22T09:33:29.1624822+01:00" testType="13cdc9d9-ddb5-4fa4-a97d-d965ccfc6d4b" outcome="Passed" testListId="8c84fa94-04c1-424b-9868-57a2d4851a1d" relativeResultsDirectory="9343b5aa-cee0-4dd8-a514-ff4bda679848" />
    <UnitTestResult executionId="d139a125-14f2-4d82-8f5a-b86a2cc11af0" testId="0bf24c68-8b03-7eb6-2151-1d3d218ef9f7" testName="UpdateLicenseCount_DriverNotInWhiteList_ModelIsInWhiteList_ReturnsTrueAndChannelLicenseCountIsOne" computerName="DKSR-EFI-04" duration="00:00:00.0004107" startTime="2023-12-22T09:33:37.6312731+01:00" endTime="2023-12-22T09:33:37.6312731+01:00" testType="13cdc9d9-ddb5-4fa4-a97d-d965ccfc6d4b" outcome="Passed" testListId="8c84fa94-04c1-424b-9868-57a2d4851a1d" relativeResultsDirectory="d139a125-14f2-4d82-8f5a-b86a2cc11af0" />
    <UnitTestResult executionId="64b4bf5e-88a9-4690-801b-f76abfefa2af" testId="a1a6513b-09ff-3923-e040-1476b4e7b3cf" testName="ReadAttributeAsBoolean_SunnyDayFalse" computerName="DKSR-EFI-04" duration="00:00:00.0003778" startTime="2023-12-22T09:33:23.7249574+01:00" endTime="2023-12-22T09:33:23.7249574+01:00" testType="13cdc9d9-ddb5-4fa4-a97d-d965ccfc6d4b" outcome="Passed" testListId="8c84fa94-04c1-424b-9868-57a2d4851a1d" relativeResultsDirectory="64b4bf5e-88a9-4690-801b-f76abfefa2af" />
    <UnitTestResult executionId="b0f78b25-3b1f-45fb-9f40-39a509434dfb" testId="8f83db71-3b93-5732-31d9-e3b132797301" testName="LicenseDocument_Constructor_Success_OnValidHardwareLicensingMode" computerName="DKSR-EFI-04" duration="00:00:00.0018594" startTime="2023-12-22T09:33:44.2406814+01:00" endTime="2023-12-22T09:33:44.2406814+01:00" testType="13cdc9d9-ddb5-4fa4-a97d-d965ccfc6d4b" outcome="Passed" testListId="8c84fa94-04c1-424b-9868-57a2d4851a1d" relativeResultsDirectory="b0f78b25-3b1f-45fb-9f40-39a509434dfb" />
    <UnitTestResult executionId="27d5accf-432a-4124-8647-d4f3ddc56ffa" testId="d5df3c26-8e99-c124-f394-17dc3620d54c" testName="WhiteList_CreateInstanceWithInvalidWhitelistParameter_RaisesArgumentException" computerName="DKSR-EFI-04" duration="00:00:00.0007785" startTime="2023-12-22T09:33:44.6156834+01:00" endTime="2023-12-22T09:33:44.6156834+01:00" testType="13cdc9d9-ddb5-4fa4-a97d-d965ccfc6d4b" outcome="Passed" testListId="8c84fa94-04c1-424b-9868-57a2d4851a1d" relativeResultsDirectory="27d5accf-432a-4124-8647-d4f3ddc56ffa" />
    <UnitTestResult executionId="14bba8e4-24f2-4113-87df-8927d8637dd3" testId="7f454cf7-0d9f-83ad-864f-5a9e4b26106c" testName="CreateHttpsUri_NoScheme_UsePort88_BecomesHttpsPort88" computerName="DKSR-EFI-04" duration="00:00:00.0001653" startTime="2023-12-22T09:33:47.4907001+01:00" endTime="2023-12-22T09:33:47.4907001+01:00" testType="13cdc9d9-ddb5-4fa4-a97d-d965ccfc6d4b" outcome="Passed" testListId="8c84fa94-04c1-424b-9868-57a2d4851a1d" relativeResultsDirectory="14bba8e4-24f2-4113-87df-8927d8637dd3" />
    <UnitTestResult executionId="9812e6bc-6303-4943-a0b1-96fae374bb70" testId="7e345f07-c556-d967-79a6-d801b42f883c" testName="StreamsConfiguration_ValidateConfiguration_Two_Recording_Streams_UnknownTrackStreamError" computerName="DKSR-EFI-04" duration="00:00:00.0068180" startTime="2023-12-22T09:33:29.7562366+01:00" endTime="2023-12-22T09:33:29.7562366+01:00" testType="13cdc9d9-ddb5-4fa4-a97d-d965ccfc6d4b" outcome="Passed" testListId="8c84fa94-04c1-424b-9868-57a2d4851a1d" relativeResultsDirectory="9812e6bc-6303-4943-a0b1-96fae374bb70" />
    <UnitTestResult executionId="3257eede-b43f-4b4f-a92f-5465aa06c655" testId="ee223bb8-fe62-0648-1d0a-3b87b037fab8" testName="ReadChildElementValueAsBoolean_NoChild" computerName="DKSR-EFI-04" duration="00:00:00.0004231" startTime="2023-12-22T09:33:23.7405826+01:00" endTime="2023-12-22T09:33:23.7405826+01:00" testType="13cdc9d9-ddb5-4fa4-a97d-d965ccfc6d4b" outcome="Passed" testListId="8c84fa94-04c1-424b-9868-57a2d4851a1d" relativeResultsDirectory="3257eede-b43f-4b4f-a92f-5465aa06c655" />
    <UnitTestResult executionId="6f7ddcd7-402d-4282-a242-83cfb619eaa7" testId="352495dc-a484-8c59-3282-0bb69933bfaf" testName="LicenseActivationService_AcquireLicense_LicenseNotAllowed_TooManyRecordersRequested" computerName="DKSR-EFI-04" duration="00:00:00.0028598" startTime="2023-12-22T09:33:37.8187754+01:00" endTime="2023-12-22T09:33:37.8187754+01:00" testType="13cdc9d9-ddb5-4fa4-a97d-d965ccfc6d4b" outcome="Passed" testListId="8c84fa94-04c1-424b-9868-57a2d4851a1d" relativeResultsDirectory="6f7ddcd7-402d-4282-a242-83cfb619eaa7" />
    <UnitTestResult executionId="dcc837f3-2579-4383-873a-8012152b300d" testId="ac8ea13b-7012-c35b-5253-756264c28f17" testName="ReadChildElementValueAsUInt64_RangeCheck_Max_Exact" computerName="DKSR-EFI-04" duration="00:00:00.0002561" startTime="2023-12-22T09:33:23.8812067+01:00" endTime="2023-12-22T09:33:23.8968311+01:00" testType="13cdc9d9-ddb5-4fa4-a97d-d965ccfc6d4b" outcome="Passed" testListId="8c84fa94-04c1-424b-9868-57a2d4851a1d" relativeResultsDirectory="dcc837f3-2579-4383-873a-8012152b300d" />
    <UnitTestResult executionId="99ef32c9-05ee-471b-af59-4eb4eb9ed374" testId="8bde4785-2c03-a7e7-c5b7-8e24d368f7d7" testName="LicenseActivationService_AcquireLicense_LicenseNotAllowed_ToManyCamerasRequested" computerName="DKSR-EFI-04" duration="00:00:00.0021494" startTime="2023-12-22T09:33:37.8500239+01:00" endTime="2023-12-22T09:33:37.8500239+01:00" testType="13cdc9d9-ddb5-4fa4-a97d-d965ccfc6d4b" outcome="Passed" testListId="8c84fa94-04c1-424b-9868-57a2d4851a1d" relativeResultsDirectory="99ef32c9-05ee-471b-af59-4eb4eb9ed374" />
    <UnitTestResult executionId="7ac9cd66-6eea-4cde-ae07-396115256c5e" testId="b9791812-d5ec-c712-5aa1-f934543ca749" testName="EncryptingAVHSPassSystemSetting" computerName="DKSR-EFI-04" duration="00:00:00.0250245" startTime="2023-12-22T09:33:46.8813203+01:00" endTime="2023-12-22T09:33:46.9125692+01:00" testType="13cdc9d9-ddb5-4fa4-a97d-d965ccfc6d4b" outcome="Passed" testListId="8c84fa94-04c1-424b-9868-57a2d4851a1d" relativeResultsDirectory="7ac9cd66-6eea-4cde-ae07-396115256c5e" />
    <UnitTestResult executionId="e00e5dce-c3cf-433e-8213-30c1c4d421e8" testId="d3b1268c-e5c8-9346-28e0-9cc9fcbbeb91" testName="StreamsConfiguration_ValidateConfiguration_Two_Streams_Success" computerName="DKSR-EFI-04" duration="00:00:00.2873005" startTime="2023-12-22T09:33:29.1781088+01:00" endTime="2023-12-22T09:33:29.4593577+01:00" testType="13cdc9d9-ddb5-4fa4-a97d-d965ccfc6d4b" outcome="Passed" testListId="8c84fa94-04c1-424b-9868-57a2d4851a1d" relativeResultsDirectory="e00e5dce-c3cf-433e-8213-30c1c4d421e8" />
    <UnitTestResult executionId="5a91c553-c301-4c38-bd0a-29f637fdfdd3" testId="a5df3e0b-3914-27c6-17a6-08436b53e40a" testName="SecurityConfigurationModel_Validate_Success" computerName="DKSR-EFI-04" duration="00:00:00.0018119" startTime="2023-12-22T09:33:31.4593680+01:00" endTime="2023-12-22T09:33:31.4593680+01:00" testType="13cdc9d9-ddb5-4fa4-a97d-d965ccfc6d4b" outcome="Passed" testListId="8c84fa94-04c1-424b-9868-57a2d4851a1d" relativeResultsDirectory="5a91c553-c301-4c38-bd0a-29f637fdfdd3" />
    <UnitTestResult executionId="a1f40724-32c7-4d09-88c1-205773a1fcca" testId="151e40a6-82e2-257b-646b-68f23335d235" testName="HardwareInfo_HasEnabledCameras_ReturnsTrueWhenEnabledCameras" computerName="DKSR-EFI-04" duration="00:00:00.0006793" startTime="2023-12-22T09:33:37.5843987+01:00" endTime="2023-12-22T09:33:37.5843987+01:00" testType="13cdc9d9-ddb5-4fa4-a97d-d965ccfc6d4b" outcome="Passed" testListId="8c84fa94-04c1-424b-9868-57a2d4851a1d" relativeResultsDirectory="a1f40724-32c7-4d09-88c1-205773a1fcca" />
    <UnitTestResult executionId="c06b78fe-cf0e-4113-88fb-79e383424f1a" testId="8a842246-04e9-9315-dc32-79d34f6a6c13" testName="Test_Members_Simple2Branched" computerName="DKSR-EFI-04" duration="00:00:00.0012705" startTime="2023-12-22T09:33:47.8969509+01:00" endTime="2023-12-22T09:33:47.8969509+01:00" testType="13cdc9d9-ddb5-4fa4-a97d-d965ccfc6d4b" outcome="Passed" testListId="8c84fa94-04c1-424b-9868-57a2d4851a1d" relativeResultsDirectory="c06b78fe-cf0e-4113-88fb-79e383424f1a" />
    <UnitTestResult executionId="802862a7-da9c-45d8-9b95-2a2ff64e3496" testId="5635639e-91f7-ec82-01ad-d1e70d287b6d" testName="CalculateLicenseRequirements_ValidIHardwareInfoList_ReturnsTrue" computerName="DKSR-EFI-04" duration="00:00:00.0005258" startTime="2023-12-22T09:33:37.8969002+01:00" endTime="2023-12-22T09:33:37.8969002+01:00" testType="13cdc9d9-ddb5-4fa4-a97d-d965ccfc6d4b" outcome="Passed" testListId="8c84fa94-04c1-424b-9868-57a2d4851a1d" relativeResultsDirectory="802862a7-da9c-45d8-9b95-2a2ff64e3496" />
    <UnitTestResult executionId="f021af9e-aa52-469d-a57c-03cca1ebf64d" testId="a007b317-a0ad-fafd-d5c9-f7310688453b" testName="FeatureManager_GetFeatureParameterValueT_Int_Invalid_Value" computerName="DKSR-EFI-04" duration="00:00:00.0005589" startTime="2023-12-22T09:33:37.3968994+01:00" endTime="2023-12-22T09:33:37.3968994+01:00" testType="13cdc9d9-ddb5-4fa4-a97d-d965ccfc6d4b" outcome="Passed" testListId="8c84fa94-04c1-424b-9868-57a2d4851a1d" relativeResultsDirectory="f021af9e-aa52-469d-a57c-03cca1ebf64d" />
    <UnitTestResult executionId="17069048-e3fb-4a43-860b-c6bf7367c782" testId="31b4172c-65bb-7bd4-9388-183081d5bde8" testName="WhiteList_IsDriverWhiteListed_HWWith12CH_DriverMaxChannelCountIs10GlobalMaxChannelCountIs16_ReturnsFalse" computerName="DKSR-EFI-04" duration="00:00:00.0009255" startTime="2023-12-22T09:33:44.6469330+01:00" endTime="2023-12-22T09:33:44.6469330+01:00" testType="13cdc9d9-ddb5-4fa4-a97d-d965ccfc6d4b" outcome="Passed" testListId="8c84fa94-04c1-424b-9868-57a2d4851a1d" relativeResultsDirectory="17069048-e3fb-4a43-860b-c6bf7367c782" />
    <UnitTestResult executionId="7d84c227-db30-4f1f-9685-5773de6ab2c1" testId="7d7b3ed1-b536-e007-4d25-d39cd2343640" testName="HardwareSetupErrorResponseModel_NoValuesSet_ValidationFailure" computerName="DKSR-EFI-04" duration="00:00:00.0015374" startTime="2023-12-22T09:33:31.7718700+01:00" endTime="2023-12-22T09:33:31.7718700+01:00" testType="13cdc9d9-ddb5-4fa4-a97d-d965ccfc6d4b" outcome="Passed" testListId="8c84fa94-04c1-424b-9868-57a2d4851a1d" relativeResultsDirectory="7d84c227-db30-4f1f-9685-5773de6ab2c1" />
    <UnitTestResult executionId="2c8257ef-7ca3-42e3-8cfe-cee3ae2ead71" testId="477789a1-1313-bef9-6fb6-2994cb6ca40c" testName="ResponseException_Serialization_DeserializationIsValid" computerName="DKSR-EFI-04" duration="00:00:00.0190320" startTime="2023-12-22T09:33:32.2406237+01:00" endTime="2023-12-22T09:33:32.2562469+01:00" testType="13cdc9d9-ddb5-4fa4-a97d-d965ccfc6d4b" outcome="Passed" testListId="8c84fa94-04c1-424b-9868-57a2d4851a1d" relativeResultsDirectory="2c8257ef-7ca3-42e3-8cfe-cee3ae2ead71" />
    <UnitTestResult executionId="8d297c65-2e76-4503-a3a7-5652b36156e1" testId="e92b92df-4832-3c0f-49c5-acfbf0e5fdfe" testName="HttpClientCommunicatorWrapper_SendAsyncTRet_Success" computerName="DKSR-EFI-04" duration="00:00:00.0033911" startTime="2023-12-22T09:33:30.9437398+01:00" endTime="2023-12-22T09:33:30.9593681+01:00" testType="13cdc9d9-ddb5-4fa4-a97d-d965ccfc6d4b" outcome="Passed" testListId="8c84fa94-04c1-424b-9868-57a2d4851a1d" relativeResultsDirectory="8d297c65-2e76-4503-a3a7-5652b36156e1" />
    <UnitTestResult executionId="38fa484a-3008-4397-9ef3-97af74ebe973" testId="6d17ce2d-1c67-381e-ed2e-b6452adf0f8e" testName="BaseHtmlLicenseReport_CreatePNode_WithClassName_NullText_Success" computerName="DKSR-EFI-04" duration="00:00:00.0003927" startTime="2023-12-22T09:33:37.1937698+01:00" endTime="2023-12-22T09:33:37.1937698+01:00" testType="13cdc9d9-ddb5-4fa4-a97d-d965ccfc6d4b" outcome="Passed" testListId="8c84fa94-04c1-424b-9868-57a2d4851a1d" relativeResultsDirectory="38fa484a-3008-4397-9ef3-97af74ebe973" />
    <UnitTestResult executionId="a7e80031-fd6a-4053-bcd0-8086c86da05b" testId="844c2f58-2f26-162b-d78b-da70ba0657d7" testName="EvidenceLockOnOldRecorderModelTests_Validate_Failed" computerName="DKSR-EFI-04" duration="00:00:00.0048782" startTime="2023-12-22T09:33:31.3343685+01:00" endTime="2023-12-22T09:33:31.3343685+01:00" testType="13cdc9d9-ddb5-4fa4-a97d-d965ccfc6d4b" outcome="Passed" testListId="8c84fa94-04c1-424b-9868-57a2d4851a1d" relativeResultsDirectory="a7e80031-fd6a-4053-bcd0-8086c86da05b" />
    <UnitTestResult executionId="24071658-922e-4095-9993-07da55966902" testId="d1934567-0d00-5d36-ca2e-cfd2548f0873" testName="GetLicensenCount_AddNoHardware_ReturnValue" computerName="DKSR-EFI-04" duration="00:00:00.0001498" startTime="2023-12-22T09:33:37.5218977+01:00" endTime="2023-12-22T09:33:37.5218977+01:00" testType="13cdc9d9-ddb5-4fa4-a97d-d965ccfc6d4b" outcome="Passed" testListId="8c84fa94-04c1-424b-9868-57a2d4851a1d" relativeResultsDirectory="24071658-922e-4095-9993-07da55966902" />
    <UnitTestResult executionId="14df2fa5-cfdd-48d3-bae0-30fb6602af65" testId="00a49783-5d77-72b8-6909-2cb68bb962c9" testName="Validate_PopulateGrid_ValidateOemTextExists_ValidOemUrl_Success" computerName="DKSR-EFI-04" duration="00:00:00.0044661" startTime="2023-12-22T09:33:44.5688080+01:00" endTime="2023-12-22T09:33:44.5688080+01:00" testType="13cdc9d9-ddb5-4fa4-a97d-d965ccfc6d4b" outcome="Passed" testListId="8c84fa94-04c1-424b-9868-57a2d4851a1d" relativeResultsDirectory="14df2fa5-cfdd-48d3-bae0-30fb6602af65" />
    <UnitTestResult executionId="7eda589e-aefd-475a-8718-b3e272ed694e" testId="78d4cbcb-d66c-a346-221f-283d82c4dad5" testName="Validate_PartialMatch_Found_StartOfWord_MixedCase_Success" computerName="DKSR-EFI-04" duration="00:00:00.0001763" startTime="2023-12-22T09:33:44.8344336+01:00" endTime="2023-12-22T09:33:44.8344336+01:00" testType="13cdc9d9-ddb5-4fa4-a97d-d965ccfc6d4b" outcome="Passed" testListId="8c84fa94-04c1-424b-9868-57a2d4851a1d" relativeResultsDirectory="7eda589e-aefd-475a-8718-b3e272ed694e" />
    <UnitTestResult executionId="d54a5576-4c60-4ea7-9b86-40421904d005" testId="d6af1beb-a7df-3934-d40f-36ca6ad8df18" testName="LicenseActivationService_AcquireLicense_Success" computerName="DKSR-EFI-04" duration="00:00:00.1079923" startTime="2023-12-22T09:33:37.6625253+01:00" endTime="2023-12-22T09:33:37.7719002+01:00" testType="13cdc9d9-ddb5-4fa4-a97d-d965ccfc6d4b" outcome="Passed" testListId="8c84fa94-04c1-424b-9868-57a2d4851a1d" relativeResultsDirectory="d54a5576-4c60-4ea7-9b86-40421904d005" />
    <UnitTestResult executionId="e1fcb51d-4036-4ba4-a5d0-76592793e148" testId="309ab9b3-5504-ca75-b132-0a860b7afa42" testName="FileUploadSynchronizer_Upload_SameFile_To_SameRecorder_Twice_UploadsOnlyOnce_ChecksExistsTwice" computerName="DKSR-EFI-04" duration="00:00:00.0084040" startTime="2023-12-22T09:33:24.4749606+01:00" endTime="2023-12-22T09:33:24.4905853+01:00" testType="13cdc9d9-ddb5-4fa4-a97d-d965ccfc6d4b" outcome="Passed" testListId="8c84fa94-04c1-424b-9868-57a2d4851a1d" relativeResultsDirectory="e1fcb51d-4036-4ba4-a5d0-76592793e148" />
    <UnitTestResult executionId="f7e0f403-e707-4844-8614-204ee96fe9e0" testId="ee236025-a3ef-2b65-68c8-7e82408d2c64" testName="ServerFileStorage_GetStorage_NullID_ArgumentNullException" computerName="DKSR-EFI-04" duration="00:00:00.0009565" startTime="2023-12-22T09:33:28.9906071+01:00" endTime="2023-12-22T09:33:29.0062318+01:00" testType="13cdc9d9-ddb5-4fa4-a97d-d965ccfc6d4b" outcome="Passed" testListId="8c84fa94-04c1-424b-9868-57a2d4851a1d" relativeResultsDirectory="f7e0f403-e707-4844-8614-204ee96fe9e0" />
    <UnitTestResult executionId="080cfdab-25a1-4471-8717-bf2797b7bee0" testId="523e5d43-c062-2e7b-0404-39bb33ad5c7f" testName="Send_CancelToken_ExceptionLoggedAndTimeoutExceptionThrown" computerName="DKSR-EFI-04" duration="00:00:00.0429325" startTime="2023-12-22T09:33:20.9280691+01:00" endTime="2023-12-22T09:33:20.9749436+01:00" testType="13cdc9d9-ddb5-4fa4-a97d-d965ccfc6d4b" outcome="Passed" testListId="8c84fa94-04c1-424b-9868-57a2d4851a1d" relativeResultsDirectory="080cfdab-25a1-4471-8717-bf2797b7bee0" />
    <UnitTestResult executionId="42a50546-1e31-45c1-a911-66dfa4ca4eed" testId="364a6704-58b0-d608-3ac9-75ceba40c6a0" testName="Invoke_RequiredScopeNotSpecified_NextIsCalled" computerName="DKSR-EFI-04" duration="00:00:00.0017348" startTime="2023-12-22T09:33:30.5687390+01:00" endTime="2023-12-22T09:33:30.5687390+01:00" testType="13cdc9d9-ddb5-4fa4-a97d-d965ccfc6d4b" outcome="Passed" testListId="8c84fa94-04c1-424b-9868-57a2d4851a1d" relativeResultsDirectory="42a50546-1e31-45c1-a911-66dfa4ca4eed" />
    <UnitTestResult executionId="61c960f9-9d2d-4113-8676-18f47c7f5140" testId="258db77c-7e84-8e83-ff85-3d70192e066e" testName="HardwareInfo_DecodesDriverAndModelNameUpperWithMultipleWeirdSymbols" computerName="DKSR-EFI-04" duration="00:00:00.0005009" startTime="2023-12-22T09:33:37.5531484+01:00" endTime="2023-12-22T09:33:37.5531484+01:00" testType="13cdc9d9-ddb5-4fa4-a97d-d965ccfc6d4b" outcome="Passed" testListId="8c84fa94-04c1-424b-9868-57a2d4851a1d" relativeResultsDirectory="61c960f9-9d2d-4113-8676-18f47c7f5140" />
    <UnitTestResult executionId="939300f7-28b6-4fc7-ad8b-49965679c78f" testId="0001ecac-aad8-2f83-2e08-41e13a9a331b" testName="EncryptingNull" computerName="DKSR-EFI-04" duration="00:00:00.0009765" startTime="2023-12-22T09:33:46.8813203+01:00" endTime="2023-12-22T09:33:46.8813203+01:00" testType="13cdc9d9-ddb5-4fa4-a97d-d965ccfc6d4b" outcome="Passed" testListId="8c84fa94-04c1-424b-9868-57a2d4851a1d" relativeResultsDirectory="939300f7-28b6-4fc7-ad8b-49965679c78f" />
    <UnitTestResult executionId="d34b373c-f11c-42b8-aecd-027c1de104da" testId="b3472f8d-2828-1cdf-8c96-94d7cea2b233" testName="CreateResponseException_BadRequestStatus_BadRequestException" computerName="DKSR-EFI-04" duration="00:00:00.0013753" startTime="2023-12-22T09:33:32.2718721+01:00" endTime="2023-12-22T09:33:32.2718721+01:00" testType="13cdc9d9-ddb5-4fa4-a97d-d965ccfc6d4b" outcome="Passed" testListId="8c84fa94-04c1-424b-9868-57a2d4851a1d" relativeResultsDirectory="d34b373c-f11c-42b8-aecd-027c1de104da" />
    <UnitTestResult executionId="8e3713dc-16be-4fef-bda2-d6b1f5dcfd59" testId="00a25730-d57e-f493-f1c2-5cec897077a1" testName="ModelValidation_NonEmptyGuidsAreEmpty_Failed" computerName="DKSR-EFI-04" duration="00:00:00.0018173" startTime="2023-12-22T09:33:31.4437441+01:00" endTime="2023-12-22T09:33:31.4437441+01:00" testType="13cdc9d9-ddb5-4fa4-a97d-d965ccfc6d4b" outcome="Passed" testListId="8c84fa94-04c1-424b-9868-57a2d4851a1d" relativeResultsDirectory="8e3713dc-16be-4fef-bda2-d6b1f5dcfd59" />
    <UnitTestResult executionId="75beacdf-b251-4fa4-bb25-071e83a0c795" testId="d058b630-e1aa-336b-ef4a-5c1527bab2e0" testName="CreateLicenseWarningReport_SixHardwareWithSingleDeviceEach_TableDataNotGenerated_Success" computerName="DKSR-EFI-04" duration="00:00:00.0123929" startTime="2023-12-22T09:33:44.5063062+01:00" endTime="2023-12-22T09:33:44.5219331+01:00" testType="13cdc9d9-ddb5-4fa4-a97d-d965ccfc6d4b" outcome="Passed" testListId="8c84fa94-04c1-424b-9868-57a2d4851a1d" relativeResultsDirectory="75beacdf-b251-4fa4-bb25-071e83a0c795" />
    <UnitTestResult executionId="2a6d8693-4ae9-4ca4-8dbf-3fe019196b98" testId="0ae60d5c-36de-5631-4602-df30560678dd" testName="CalculateLicenseRequirementsForHardware_NullHardware_ReturnsNull" computerName="DKSR-EFI-04" duration="00:00:00.0003256" startTime="2023-12-22T09:33:37.9437771+01:00" endTime="2023-12-22T09:33:37.9437771+01:00" testType="13cdc9d9-ddb5-4fa4-a97d-d965ccfc6d4b" outcome="Passed" testListId="8c84fa94-04c1-424b-9868-57a2d4851a1d" relativeResultsDirectory="2a6d8693-4ae9-4ca4-8dbf-3fe019196b98" />
    <UnitTestResult executionId="278fa962-d901-4f77-b755-5a74a9702df1" testId="c324f2a7-fe13-0997-afb6-df983ed324c4" testName="CreateInstance_SettingsFileExists_AllowInsecureIsNull_ReturnsDefaultInstance" computerName="DKSR-EFI-04" duration="00:00:00.0126223" startTime="2023-12-22T09:33:32.3812496+01:00" endTime="2023-12-22T09:33:32.3968726+01:00" testType="13cdc9d9-ddb5-4fa4-a97d-d965ccfc6d4b" outcome="Passed" testListId="8c84fa94-04c1-424b-9868-57a2d4851a1d" relativeResultsDirectory="278fa962-d901-4f77-b755-5a74a9702df1" />
    <UnitTestResult executionId="c0291885-a83a-4ddf-a3c8-21f7975f080c" testId="7c19b165-d79b-e1ec-0b22-be461dcaa9e8" testName="ModelValidation_RequiredPropertiesAreNull_Failed" computerName="DKSR-EFI-04" duration="00:00:00.0018823" startTime="2023-12-22T09:33:31.6624956+01:00" endTime="2023-12-22T09:33:31.6624956+01:00" testType="13cdc9d9-ddb5-4fa4-a97d-d965ccfc6d4b" outcome="Passed" testListId="8c84fa94-04c1-424b-9868-57a2d4851a1d" relativeResultsDirectory="c0291885-a83a-4ddf-a3c8-21f7975f080c" />
    <UnitTestResult executionId="7edf539b-f530-491a-82bf-de751abdaf9b" testId="2ca04e1a-8dbd-bcea-fdc1-48061a2429ad" testName="FeatureManager_LicenseExpiryDate_Success" computerName="DKSR-EFI-04" duration="00:00:00.0005018" startTime="2023-12-22T09:33:37.4593997+01:00" endTime="2023-12-22T09:33:37.4593997+01:00" testType="13cdc9d9-ddb5-4fa4-a97d-d965ccfc6d4b" outcome="Passed" testListId="8c84fa94-04c1-424b-9868-57a2d4851a1d" relativeResultsDirectory="7edf539b-f530-491a-82bf-de751abdaf9b" />
    <UnitTestResult executionId="b8bd3f8e-24af-428f-9010-57921cce1396" testId="67de77d8-d5ab-68c8-76d7-1e7dd64ca815" testName="SecurityTokenModel_ValidModel_Success" computerName="DKSR-EFI-04" duration="00:00:00.0015141" startTime="2023-12-22T09:33:32.0531223+01:00" endTime="2023-12-22T09:33:32.0531223+01:00" testType="13cdc9d9-ddb5-4fa4-a97d-d965ccfc6d4b" outcome="Passed" testListId="8c84fa94-04c1-424b-9868-57a2d4851a1d" relativeResultsDirectory="b8bd3f8e-24af-428f-9010-57921cce1396" />
    <UnitTestResult executionId="66299af9-938c-4319-851a-c8ec3b2546a5" testId="d41a20ca-3a88-ad11-857b-ea12754fccb3" testName="Invoke_RequiredScopeNotFoundNoClaimsExists_403" computerName="DKSR-EFI-04" duration="00:00:00.0023358" startTime="2023-12-22T09:33:30.5999883+01:00" endTime="2023-12-22T09:33:30.5999883+01:00" testType="13cdc9d9-ddb5-4fa4-a97d-d965ccfc6d4b" outcome="Passed" testListId="8c84fa94-04c1-424b-9868-57a2d4851a1d" relativeResultsDirectory="66299af9-938c-4319-851a-c8ec3b2546a5" />
    <UnitTestResult executionId="da5e8300-df0d-42c8-a77d-a87ccc1b524c" testId="76e85821-1be3-4501-02ef-073615b5a175" testName="Validate_PartialMatch_Found_StartOfWord_UpperCase_Success" computerName="DKSR-EFI-04" duration="00:00:00.0001823" startTime="2023-12-22T09:33:44.8344336+01:00" endTime="2023-12-22T09:33:44.8344336+01:00" testType="13cdc9d9-ddb5-4fa4-a97d-d965ccfc6d4b" outcome="Passed" testListId="8c84fa94-04c1-424b-9868-57a2d4851a1d" relativeResultsDirectory="da5e8300-df0d-42c8-a77d-a87ccc1b524c" />
    <UnitTestResult executionId="fb25749d-f699-4e63-934d-4d7cf4d54d7c" testId="8b517c86-4ecc-dbbd-ff31-39c454c41be3" testName="DefaultFileName_ExistsAndIsValid_Success" computerName="DKSR-EFI-04" duration="00:00:00.0001601" startTime="2023-12-22T09:33:32.3656245+01:00" endTime="2023-12-22T09:33:32.3656245+01:00" testType="13cdc9d9-ddb5-4fa4-a97d-d965ccfc6d4b" outcome="Passed" testListId="8c84fa94-04c1-424b-9868-57a2d4851a1d" relativeResultsDirectory="fb25749d-f699-4e63-934d-4d7cf4d54d7c" />
    <UnitTestResult executionId="ab4201c0-8a3a-4a53-a279-5de9824e4cca" testId="20163c7a-5096-c086-0057-31baf2fbba71" testName="CertificateSelection2_Equals_Success" computerName="DKSR-EFI-04" duration="00:00:00.0002341" startTime="2023-12-22T09:33:47.7406983+01:00" endTime="2023-12-22T09:33:47.7406983+01:00" testType="13cdc9d9-ddb5-4fa4-a97d-d965ccfc6d4b" outcome="Passed" testListId="8c84fa94-04c1-424b-9868-57a2d4851a1d" relativeResultsDirectory="ab4201c0-8a3a-4a53-a279-5de9824e4cca" />
    <UnitTestResult executionId="5169f8f5-81b4-4a8d-aaa4-358d2f5e23f7" testId="31956e43-3bda-de42-ef9d-627e0d46cdb6" testName="ReadChildElementValueAsUInt32_RangeCheck_Min_Exact" computerName="DKSR-EFI-04" duration="00:00:00.0037181" startTime="2023-12-22T09:33:23.8187069+01:00" endTime="2023-12-22T09:33:23.8187069+01:00" testType="13cdc9d9-ddb5-4fa4-a97d-d965ccfc6d4b" outcome="Passed" testListId="8c84fa94-04c1-424b-9868-57a2d4851a1d" relativeResultsDirectory="5169f8f5-81b4-4a8d-aaa4-358d2f5e23f7" />
    <UnitTestResult executionId="83c5b5dd-2919-40d5-9652-74d9f6596847" testId="48cc01f6-a0cb-e570-4289-4b1f6bc69a17" testName="FileUploadSynchronizer_Upload_InParallel_SameFile_To_SameRecorder_3_Times_UploadsOnlyOnce" computerName="DKSR-EFI-04" duration="00:00:00.0046089" startTime="2023-12-22T09:33:24.6155847+01:00" endTime="2023-12-22T09:33:24.6155847+01:00" testType="13cdc9d9-ddb5-4fa4-a97d-d965ccfc6d4b" outcome="Passed" testListId="8c84fa94-04c1-424b-9868-57a2d4851a1d" relativeResultsDirectory="83c5b5dd-2919-40d5-9652-74d9f6596847" />
    <UnitTestResult executionId="25b5e651-a23c-4342-945e-4a5f924721b0" testId="3b5a6096-322c-8c4c-79b8-931a963fdac0" testName="LicenseActivationService_AcquireLicense_LicenseNotAllowed_ToManyInterconnectedCameras" computerName="DKSR-EFI-04" duration="00:00:00.0032835" startTime="2023-12-22T09:33:37.8344009+01:00" endTime="2023-12-22T09:33:37.8344009+01:00" testType="13cdc9d9-ddb5-4fa4-a97d-d965ccfc6d4b" outcome="Passed" testListId="8c84fa94-04c1-424b-9868-57a2d4851a1d" relativeResultsDirectory="25b5e651-a23c-4342-945e-4a5f924721b0" />
    <UnitTestResult executionId="e633794e-1198-4bf0-8059-774509ea8353" testId="44fbf419-0a78-5721-09fe-5ca5b972f5c8" testName="HttpClientCommunicatorWrapper_Send_Success" computerName="DKSR-EFI-04" duration="00:00:00.0014555" startTime="2023-12-22T09:33:30.8968672+01:00" endTime="2023-12-22T09:33:30.8968672+01:00" testType="13cdc9d9-ddb5-4fa4-a97d-d965ccfc6d4b" outcome="Passed" testListId="8c84fa94-04c1-424b-9868-57a2d4851a1d" relativeResultsDirectory="e633794e-1198-4bf0-8059-774509ea8353" />
    <UnitTestResult executionId="03b83b56-c56d-4bf4-abc4-acee043ff202" testId="9f09049a-5f6e-9897-6da4-fadf1030de93" testName="HardwareSetupInformationResponseModel_Validate_Success" computerName="DKSR-EFI-04" duration="00:00:00.0075130" startTime="2023-12-22T09:33:30.1468630+01:00" endTime="2023-12-22T09:33:30.1624883+01:00" testType="13cdc9d9-ddb5-4fa4-a97d-d965ccfc6d4b" outcome="Passed" testListId="8c84fa94-04c1-424b-9868-57a2d4851a1d" relativeResultsDirectory="03b83b56-c56d-4bf4-abc4-acee043ff202" />
    <UnitTestResult executionId="9a78b229-b7a8-4265-beb3-44f9d754a4ba" testId="c6f1f7e9-e5ee-28f7-b1d8-32ab5cfc4913" testName="StreamsConfiguration_ValidateConfiguration_Two_Recording_Streams_OneOrMoreStreamsWithSameTrackStreamError" computerName="DKSR-EFI-04" duration="00:00:00.0130346" startTime="2023-12-22T09:33:29.7406104+01:00" endTime="2023-12-22T09:33:29.7562366+01:00" testType="13cdc9d9-ddb5-4fa4-a97d-d965ccfc6d4b" outcome="Passed" testListId="8c84fa94-04c1-424b-9868-57a2d4851a1d" relativeResultsDirectory="9a78b229-b7a8-4265-beb3-44f9d754a4ba" />
    <UnitTestResult executionId="ead03ea8-9484-44d1-a318-8fc604a96270" testId="986cd690-83e0-f2b6-c2b1-78b8c7296ab1" testName="LicenseDocument_ThrowsUnsupportedLicensingModeError_OnLicenseWithInvalidMaximumChannelCount" computerName="DKSR-EFI-04" duration="00:00:00.0014629" startTime="2023-12-22T09:33:44.3813087+01:00" endTime="2023-12-22T09:33:44.3813087+01:00" testType="13cdc9d9-ddb5-4fa4-a97d-d965ccfc6d4b" outcome="Passed" testListId="8c84fa94-04c1-424b-9868-57a2d4851a1d" relativeResultsDirectory="ead03ea8-9484-44d1-a318-8fc604a96270" />
    <UnitTestResult executionId="b980ee5e-eb21-4077-87e9-797906bfeeda" testId="7ed74da4-b7a3-198f-a739-6119e11ecb94" testName="Decrypt_NullCheck" computerName="DKSR-EFI-04" duration="00:00:00.0007706" startTime="2023-12-22T09:33:46.8031956+01:00" endTime="2023-12-22T09:33:46.8031956+01:00" testType="13cdc9d9-ddb5-4fa4-a97d-d965ccfc6d4b" outcome="Passed" testListId="8c84fa94-04c1-424b-9868-57a2d4851a1d" relativeResultsDirectory="b980ee5e-eb21-4077-87e9-797906bfeeda" />
    <UnitTestResult executionId="59ff491d-8596-4e2b-a7e3-15a221ee6366" testId="59cd21ac-2d72-897f-3573-0de9e8dc1d9d" testName="LicenseDocument_GetICPFeedLicenses" computerName="DKSR-EFI-04" duration="00:00:00.0024628" startTime="2023-12-22T09:33:44.3031837+01:00" endTime="2023-12-22T09:33:44.3031837+01:00" testType="13cdc9d9-ddb5-4fa4-a97d-d965ccfc6d4b" outcome="Passed" testListId="8c84fa94-04c1-424b-9868-57a2d4851a1d" relativeResultsDirectory="59ff491d-8596-4e2b-a7e3-15a221ee6366" />
    <UnitTestResult executionId="fd50599f-8f83-4627-ad8a-3485c2b88fad" testId="6e4974d9-e3ff-3885-68b1-cdf2eb46c979" testName="ReadAttributeAsInt32_NoChild" computerName="DKSR-EFI-04" duration="00:00:00.0004834" startTime="2023-12-22T09:33:23.8030810+01:00" endTime="2023-12-22T09:33:23.8030810+01:00" testType="13cdc9d9-ddb5-4fa4-a97d-d965ccfc6d4b" outcome="Passed" testListId="8c84fa94-04c1-424b-9868-57a2d4851a1d" relativeResultsDirectory="fd50599f-8f83-4627-ad8a-3485c2b88fad" />
    <UnitTestResult executionId="3c038cbf-cc98-4845-a623-a2937391107a" testId="8c10d258-276b-4ab2-ad41-0fa0852d2979" testName="ReadAttributeAsBoolean_NoChild" computerName="DKSR-EFI-04" duration="00:00:00.0004539" startTime="2023-12-22T09:33:23.7249574+01:00" endTime="2023-12-22T09:33:23.7249574+01:00" testType="13cdc9d9-ddb5-4fa4-a97d-d965ccfc6d4b" outcome="Passed" testListId="8c84fa94-04c1-424b-9868-57a2d4851a1d" relativeResultsDirectory="3c038cbf-cc98-4845-a623-a2937391107a" />
    <UnitTestResult executionId="446c57ad-738a-4264-8b50-e20cd03da980" testId="ff51d95b-5e9a-bdf7-c6c0-7a6c26e960bc" testName="CalculateLicenseRequirements_ThreeEnabledCameras_ThreeDisabledCameras_WhitelistedDriver_RequiresOneLicenses" computerName="DKSR-EFI-04" duration="00:00:00.0008952" startTime="2023-12-22T09:33:37.9281496+01:00" endTime="2023-12-22T09:33:37.9281496+01:00" testType="13cdc9d9-ddb5-4fa4-a97d-d965ccfc6d4b" outcome="Passed" testListId="8c84fa94-04c1-424b-9868-57a2d4851a1d" relativeResultsDirectory="446c57ad-738a-4264-8b50-e20cd03da980" />
    <UnitTestResult executionId="65a6a415-37b4-4803-baae-9bbe0d5668d8" testId="dc585ae0-95eb-19fe-1429-7e8d2dc65346" testName="SecurityManager_HasApplicationPermission_StatusApi_Denied" computerName="DKSR-EFI-04" duration="00:00:00.0103195" startTime="2023-12-22T09:33:32.4906238+01:00" endTime="2023-12-22T09:33:32.5062493+01:00" testType="13cdc9d9-ddb5-4fa4-a97d-d965ccfc6d4b" outcome="Passed" testListId="8c84fa94-04c1-424b-9868-57a2d4851a1d" relativeResultsDirectory="65a6a415-37b4-4803-baae-9bbe0d5668d8" />
    <UnitTestResult executionId="fdc353c1-2596-4d7f-b78b-0959158a9035" testId="c957edcd-b4ea-11a0-574c-b491655dded4" testName="Constructor_ThrowsArgumentNullException_OnNull" computerName="DKSR-EFI-04" duration="00:00:00.0012002" startTime="2023-12-22T09:33:37.0687699+01:00" endTime="2023-12-22T09:33:37.0687699+01:00" testType="13cdc9d9-ddb5-4fa4-a97d-d965ccfc6d4b" outcome="Passed" testListId="8c84fa94-04c1-424b-9868-57a2d4851a1d" relativeResultsDirectory="fdc353c1-2596-4d7f-b78b-0959158a9035" />
    <UnitTestResult executionId="03650af6-05dd-41d4-b28b-e7926ca79cff" testId="35072336-d724-2bc2-c248-4a6e7e37ad9c" testName="CreateHttpsUri_HttpDefaultPort_UsePort65536_ThrowsArgumentOutOfRangeException" computerName="DKSR-EFI-04" duration="00:00:00.0005670" startTime="2023-12-22T09:33:47.4907001+01:00" endTime="2023-12-22T09:33:47.4907001+01:00" testType="13cdc9d9-ddb5-4fa4-a97d-d965ccfc6d4b" outcome="Passed" testListId="8c84fa94-04c1-424b-9868-57a2d4851a1d" relativeResultsDirectory="03650af6-05dd-41d4-b28b-e7926ca79cff" />
    <UnitTestResult executionId="5bd43e37-97f0-406c-b426-d3f516472019" testId="fc139a75-8e92-2cdc-a74b-7704ee99f36e" testName="GetServerSNMPId_RecordingServerEvent" computerName="DKSR-EFI-04" duration="00:00:00.0004431" startTime="2023-12-22T09:33:45.1469365+01:00" endTime="2023-12-22T09:33:45.1469365+01:00" testType="13cdc9d9-ddb5-4fa4-a97d-d965ccfc6d4b" outcome="Passed" testListId="8c84fa94-04c1-424b-9868-57a2d4851a1d" relativeResultsDirectory="5bd43e37-97f0-406c-b426-d3f516472019" />
    <UnitTestResult executionId="b22ccbf6-670b-40ec-86d9-2f86a6748b8c" testId="eee8de63-1e12-5835-b4c3-8b62a2e9b161" testName="HardwareInfo_DecodesDriverAndModelNameUpperWithMixedCasedSymbols" computerName="DKSR-EFI-04" duration="00:00:00.0004268" startTime="2023-12-22T09:33:37.5531484+01:00" endTime="2023-12-22T09:33:37.5531484+01:00" testType="13cdc9d9-ddb5-4fa4-a97d-d965ccfc6d4b" outcome="Passed" testListId="8c84fa94-04c1-424b-9868-57a2d4851a1d" relativeResultsDirectory="b22ccbf6-670b-40ec-86d9-2f86a6748b8c" />
    <UnitTestResult executionId="6e8d9b9e-e621-4070-89b7-7d6ed6088d07" testId="93ba20f1-9560-40bb-06a0-4d9f99278d90" testName="Constructor_ThrowsException_WhenICPHardwareAndNonIcpHardwareIsMixed_FirstHardwareIsIcp" computerName="DKSR-EFI-04" duration="00:00:00.0009862" startTime="2023-12-22T09:33:37.1781470+01:00" endTime="2023-12-22T09:33:37.1781470+01:00" testType="13cdc9d9-ddb5-4fa4-a97d-d965ccfc6d4b" outcome="Passed" testListId="8c84fa94-04c1-424b-9868-57a2d4851a1d" relativeResultsDirectory="6e8d9b9e-e621-4070-89b7-7d6ed6088d07" />
    <UnitTestResult executionId="25b52ded-fea9-485b-9adb-79f720cbdf99" testId="73cd9217-7245-523e-742c-6d7cc565ea74" testName="WhiteList_Model_CreateInstanceWithoutLicenseParentParameter_Succeeds" computerName="DKSR-EFI-04" duration="00:00:00.0005923" startTime="2023-12-22T09:33:44.6313082+01:00" endTime="2023-12-22T09:33:44.6313082+01:00" testType="13cdc9d9-ddb5-4fa4-a97d-d965ccfc6d4b" outcome="Passed" testListId="8c84fa94-04c1-424b-9868-57a2d4851a1d" relativeResultsDirectory="25b52ded-fea9-485b-9adb-79f720cbdf99" />
    <UnitTestResult executionId="380fa2ab-ed43-4736-82c3-8af10c2bfd8b" testId="6dba7c0b-047f-50dc-25ca-dca8e07fa880" testName="TestSetRegionFillsTheRegionsWithClearingRegions" computerName="DKSR-EFI-04" duration="00:00:00.0006314" startTime="2023-12-22T09:33:46.2094407+01:00" endTime="2023-12-22T09:33:46.2250709+01:00" testType="13cdc9d9-ddb5-4fa4-a97d-d965ccfc6d4b" outcome="Passed" testListId="8c84fa94-04c1-424b-9868-57a2d4851a1d" relativeResultsDirectory="380fa2ab-ed43-4736-82c3-8af10c2bfd8b" />
    <UnitTestResult executionId="2e63ee03-55a6-4a42-b5c2-0a68404dabe6" testId="f64fe775-6ed2-8a8c-37d2-672d3493490c" testName="Construct_RequestContainer_ValidLicenseRequest_Success" computerName="DKSR-EFI-04" duration="00:00:00.0001715" startTime="2023-12-22T09:33:44.1938072+01:00" endTime="2023-12-22T09:33:44.1938072+01:00" testType="13cdc9d9-ddb5-4fa4-a97d-d965ccfc6d4b" outcome="Passed" testListId="8c84fa94-04c1-424b-9868-57a2d4851a1d" relativeResultsDirectory="2e63ee03-55a6-4a42-b5c2-0a68404dabe6" />
    <UnitTestResult executionId="2f0c41c4-9058-4fed-8337-2c3b13b10697" testId="112a5225-ee11-41ae-8ade-6f05be233ebc" testName="TokenHandler_GetNewToken_Failed" computerName="DKSR-EFI-04" duration="00:00:00.0015238" startTime="2023-12-22T09:33:32.5843740+01:00" endTime="2023-12-22T09:33:32.5843740+01:00" testType="13cdc9d9-ddb5-4fa4-a97d-d965ccfc6d4b" outcome="Passed" testListId="8c84fa94-04c1-424b-9868-57a2d4851a1d" relativeResultsDirectory="2f0c41c4-9058-4fed-8337-2c3b13b10697">
      <Output>
        <StdOut>Debug Trace:&#xD;
Token created: TOKEN#d0c941f4-d830-43b0-9a72-0b4e6ae9ee28##</StdOut>
      </Output>
    </UnitTestResult>
    <UnitTestResult executionId="ad2f1a92-9369-4893-a675-27af4fa9fc43" testId="56f329a8-fd15-1548-23f2-fcb402e9c480" testName="HttpClientCommunicatorWrapper_Patch_Success" computerName="DKSR-EFI-04" duration="00:00:00.0016775" startTime="2023-12-22T09:33:30.8656150+01:00" endTime="2023-12-22T09:33:30.8656150+01:00" testType="13cdc9d9-ddb5-4fa4-a97d-d965ccfc6d4b" outcome="Passed" testListId="8c84fa94-04c1-424b-9868-57a2d4851a1d" relativeResultsDirectory="ad2f1a92-9369-4893-a675-27af4fa9fc43" />
    <UnitTestResult executionId="8d49e51b-4912-4a0d-bc27-693196776768" testId="41984f69-e66c-4343-2e79-9cf2ba4e6e0e" testName="FindFrameIdx_TimeBeforeF1" computerName="DKSR-EFI-04" duration="00:00:00.1135427" startTime="2023-12-22T09:33:24.1624595+01:00" endTime="2023-12-22T09:33:24.2718345+01:00" testType="13cdc9d9-ddb5-4fa4-a97d-d965ccfc6d4b" outcome="Passed" testListId="8c84fa94-04c1-424b-9868-57a2d4851a1d" relativeResultsDirectory="8d49e51b-4912-4a0d-bc27-693196776768" />
    <UnitTestResult executionId="709b2a95-6629-4ce2-bb21-1264c3c8e37f" testId="a86291b0-4171-9275-c577-e6c0904099ee" testName="GetPresetByKey_ByIdOnlyOnePreset" computerName="DKSR-EFI-04" duration="00:00:00.0038793" startTime="2023-12-22T09:33:24.4124606+01:00" endTime="2023-12-22T09:33:24.4280843+01:00" testType="13cdc9d9-ddb5-4fa4-a97d-d965ccfc6d4b" outcome="Passed" testListId="8c84fa94-04c1-424b-9868-57a2d4851a1d" relativeResultsDirectory="709b2a95-6629-4ce2-bb21-1264c3c8e37f" />
    <UnitTestResult executionId="97165bc0-ed17-4321-859a-047167d55384" testId="3ce9b96f-8501-c34c-77db-b59cc03fb909" testName="PatchRecorderModel_ValidModel_Success" computerName="DKSR-EFI-04" duration="00:00:00.0012217" startTime="2023-12-22T09:33:32.0062460+01:00" endTime="2023-12-22T09:33:32.0062460+01:00" testType="13cdc9d9-ddb5-4fa4-a97d-d965ccfc6d4b" outcome="Passed" testListId="8c84fa94-04c1-424b-9868-57a2d4851a1d" relativeResultsDirectory="97165bc0-ed17-4321-859a-047167d55384" />
    <UnitTestResult executionId="9393615b-2186-4c50-82d3-d57d4f80ef81" testId="7ddb4e1a-56f6-5d71-1cd6-2bd84651f132" testName="ReadAttributeAsInt32_RangeCheck_Max" computerName="DKSR-EFI-04" duration="00:00:00.0004237" startTime="2023-12-22T09:33:23.7874576+01:00" endTime="2023-12-22T09:33:23.7874576+01:00" testType="13cdc9d9-ddb5-4fa4-a97d-d965ccfc6d4b" outcome="Passed" testListId="8c84fa94-04c1-424b-9868-57a2d4851a1d" relativeResultsDirectory="9393615b-2186-4c50-82d3-d57d4f80ef81" />
    <UnitTestResult executionId="e9cb8296-e75c-4381-bc29-74de2288ec47" testId="6747d954-dbe5-5d84-1544-1f75908b0d8c" testName="Patch_ObjIsNull_ArgumentNullExceptionThrown" computerName="DKSR-EFI-04" duration="00:00:00.0015754" startTime="2023-12-22T09:33:21.4593207+01:00" endTime="2023-12-22T09:33:21.4749494+01:00" testType="13cdc9d9-ddb5-4fa4-a97d-d965ccfc6d4b" outcome="Passed" testListId="8c84fa94-04c1-424b-9868-57a2d4851a1d" relativeResultsDirectory="e9cb8296-e75c-4381-bc29-74de2288ec47">
      <Output>
        <StdOut>Debug Trace:&#xD;
Fail: Argument null</StdOut>
      </Output>
    </UnitTestResult>
    <UnitTestResult executionId="d9e1986c-fdb1-4a59-a9a0-5e7245b65e4c" testId="216f6c1a-2538-c260-887d-c77c0606bca9" testName="ReceiveAsync_EndPointNull_ArgumentNullExceptionThrown" computerName="DKSR-EFI-04" duration="00:00:00.0106145" startTime="2023-12-22T09:33:21.0530684+01:00" endTime="2023-12-22T09:33:21.0530684+01:00" testType="13cdc9d9-ddb5-4fa4-a97d-d965ccfc6d4b" outcome="Passed" testListId="8c84fa94-04c1-424b-9868-57a2d4851a1d" relativeResultsDirectory="d9e1986c-fdb1-4a59-a9a0-5e7245b65e4c">
      <Output>
        <StdOut>Debug Trace:&#xD;
Fail: Argument null</StdOut>
      </Output>
    </UnitTestResult>
    <UnitTestResult executionId="b7d9762d-9738-4198-9fe6-19aefe43f1be" testId="6e82f6b5-cdc0-6d50-9bad-8b3494ee1722" testName="Decrypt_DataSetHasRow_DataSetIsDecrypted" computerName="DKSR-EFI-04" duration="00:00:00.0018466" startTime="2023-12-22T09:33:46.4125703+01:00" endTime="2023-12-22T09:33:46.4125703+01:00" testType="13cdc9d9-ddb5-4fa4-a97d-d965ccfc6d4b" outcome="Passed" testListId="8c84fa94-04c1-424b-9868-57a2d4851a1d" relativeResultsDirectory="b7d9762d-9738-4198-9fe6-19aefe43f1be" />
    <UnitTestResult executionId="0984957a-f2de-4bb0-841f-6e389c0ac401" testId="4b8c376f-75d7-d7cb-b623-866d3b076ca2" testName="FeatureManager_GetFeatureParameterValueT_Enum_OutOfRange_Value" computerName="DKSR-EFI-04" duration="00:00:00.0005279" startTime="2023-12-22T09:33:37.4125238+01:00" endTime="2023-12-22T09:33:37.4125238+01:00" testType="13cdc9d9-ddb5-4fa4-a97d-d965ccfc6d4b" outcome="Passed" testListId="8c84fa94-04c1-424b-9868-57a2d4851a1d" relativeResultsDirectory="0984957a-f2de-4bb0-841f-6e389c0ac401" />
    <UnitTestResult executionId="496ae81a-0a72-4c8a-b832-478864cb7031" testId="3204935e-0c0a-e9ae-1afb-92f72fc02706" testName="LicenseDocument_IsFeatureLicensed_NoneExistFeature" computerName="DKSR-EFI-04" duration="00:00:00.0025800" startTime="2023-12-22T09:33:44.2563054+01:00" endTime="2023-12-22T09:33:44.2563054+01:00" testType="13cdc9d9-ddb5-4fa4-a97d-d965ccfc6d4b" outcome="Passed" testListId="8c84fa94-04c1-424b-9868-57a2d4851a1d" relativeResultsDirectory="496ae81a-0a72-4c8a-b832-478864cb7031" />
    <UnitTestResult executionId="13b5c319-0006-4768-8f25-5a76000f82a8" testId="4b7cd3e8-0f1c-aa79-d168-fcca1bc15eea" testName="ModelValidation_RequiredPropertiesAreNull_Failed" computerName="DKSR-EFI-04" duration="00:00:00.0039614" startTime="2023-12-22T09:33:31.8187437+01:00" endTime="2023-12-22T09:33:31.8187437+01:00" testType="13cdc9d9-ddb5-4fa4-a97d-d965ccfc6d4b" outcome="Passed" testListId="8c84fa94-04c1-424b-9868-57a2d4851a1d" relativeResultsDirectory="13b5c319-0006-4768-8f25-5a76000f82a8" />
    <UnitTestResult executionId="9de47913-fabd-4737-8a3e-6f3902c5b37b" testId="9128f325-2d16-e14f-81df-b2d804d27327" testName="GetPresetByKey_ByNumberMoreThanOnePreset" computerName="DKSR-EFI-04" duration="00:00:00.0004427" startTime="2023-12-22T09:33:24.4437102+01:00" endTime="2023-12-22T09:33:24.4437102+01:00" testType="13cdc9d9-ddb5-4fa4-a97d-d965ccfc6d4b" outcome="Passed" testListId="8c84fa94-04c1-424b-9868-57a2d4851a1d" relativeResultsDirectory="9de47913-fabd-4737-8a3e-6f3902c5b37b" />
    <UnitTestResult executionId="9ece907d-fe2f-400d-8bdf-f1a4736a1551" testId="d252adb4-e090-bd7b-ab92-ac3b1cb1a962" testName="CreateHttpsUri_EmptyString_ThrowsInvalidOperationException" computerName="DKSR-EFI-04" duration="00:00:00.0007665" startTime="2023-12-22T09:33:47.3657014+01:00" endTime="2023-12-22T09:33:47.3657014+01:00" testType="13cdc9d9-ddb5-4fa4-a97d-d965ccfc6d4b" outcome="Passed" testListId="8c84fa94-04c1-424b-9868-57a2d4851a1d" relativeResultsDirectory="9ece907d-fe2f-400d-8bdf-f1a4736a1551" />
    <UnitTestResult executionId="9a0a23c6-192d-46e2-a0a5-c3e440121258" testId="812f6ac1-20d4-f321-8177-1ceb709dfc3e" testName="Constructor_ThrowsException_OnICPHardwareWithNullMacAddress" computerName="DKSR-EFI-04" duration="00:00:00.0008908" startTime="2023-12-22T09:33:37.1625235+01:00" endTime="2023-12-22T09:33:37.1625235+01:00" testType="13cdc9d9-ddb5-4fa4-a97d-d965ccfc6d4b" outcome="Passed" testListId="8c84fa94-04c1-424b-9868-57a2d4851a1d" relativeResultsDirectory="9a0a23c6-192d-46e2-a0a5-c3e440121258" />
    <UnitTestResult executionId="569bde76-52a9-4885-84fa-963a534ff5ce" testId="a4fac035-eb1e-a72b-e636-67619651fa36" testName="BulkEventModel_Validate_Command_Null" computerName="DKSR-EFI-04" duration="00:00:00.0023090" startTime="2023-12-22T09:33:31.0218645+01:00" endTime="2023-12-22T09:33:31.0374930+01:00" testType="13cdc9d9-ddb5-4fa4-a97d-d965ccfc6d4b" outcome="Passed" testListId="8c84fa94-04c1-424b-9868-57a2d4851a1d" relativeResultsDirectory="569bde76-52a9-4885-84fa-963a534ff5ce" />
    <UnitTestResult executionId="728c169d-b4b2-4b11-b369-91dfcf46153e" testId="48a51aa5-8271-66b9-e7bb-589380017364" testName="ServerFileStorageQuota_ThreeConsumers_AboveLimit_PartialFail" computerName="DKSR-EFI-04" duration="00:00:00.0002396" startTime="2023-12-22T09:33:28.9749804+01:00" endTime="2023-12-22T09:33:28.9749804+01:00" testType="13cdc9d9-ddb5-4fa4-a97d-d965ccfc6d4b" outcome="Passed" testListId="8c84fa94-04c1-424b-9868-57a2d4851a1d" relativeResultsDirectory="728c169d-b4b2-4b11-b369-91dfcf46153e" />
    <UnitTestResult executionId="ada166db-36c7-4b58-9cf6-6cd002a95b67" testId="e1985f8d-0f3a-cdd7-e674-d8456d422db8" testName="FeatureManager_GetFeatureParameterValueT_Null_Value" computerName="DKSR-EFI-04" duration="00:00:00.0008573" startTime="2023-12-22T09:33:37.3812717+01:00" endTime="2023-12-22T09:33:37.3812717+01:00" testType="13cdc9d9-ddb5-4fa4-a97d-d965ccfc6d4b" outcome="Passed" testListId="8c84fa94-04c1-424b-9868-57a2d4851a1d" relativeResultsDirectory="ada166db-36c7-4b58-9cf6-6cd002a95b67" />
    <UnitTestResult executionId="8c81e490-0d36-4ab5-ad21-fea060b1b474" testId="bd61969b-49ad-3c82-14b4-6c7bc0436022" testName="SecurityManager_HasDevicePermission_ViewLive_Group_Denied" computerName="DKSR-EFI-04" duration="00:00:00.0084839" startTime="2023-12-22T09:33:32.5531224+01:00" endTime="2023-12-22T09:33:32.5531224+01:00" testType="13cdc9d9-ddb5-4fa4-a97d-d965ccfc6d4b" outcome="Passed" testListId="8c84fa94-04c1-424b-9868-57a2d4851a1d" relativeResultsDirectory="8c81e490-0d36-4ab5-ad21-fea060b1b474" />
    <UnitTestResult executionId="5c2e8313-c259-452b-adb2-2d1d457d143c" testId="fcce2538-cc0d-3350-5593-ffa92f192a52" testName="CertificateSelection2_EqualsOperators_Success" computerName="DKSR-EFI-04" duration="00:00:00.0006065" startTime="2023-12-22T09:33:47.7406983+01:00" endTime="2023-12-22T09:33:47.7406983+01:00" testType="13cdc9d9-ddb5-4fa4-a97d-d965ccfc6d4b" outcome="Passed" testListId="8c84fa94-04c1-424b-9868-57a2d4851a1d" relativeResultsDirectory="5c2e8313-c259-452b-adb2-2d1d457d143c" />
    <UnitTestResult executionId="877217a5-a3b3-4502-830a-6d48ffe8fb72" testId="e7727734-e0a9-5b5b-5c64-ce6dcd978d21" testName="UniqueIndex_GetEntryByKey_Returns_Correct_Item" computerName="DKSR-EFI-04" duration="00:00:00.0006254" startTime="2023-12-22T09:33:23.9905811+01:00" endTime="2023-12-22T09:33:23.9905811+01:00" testType="13cdc9d9-ddb5-4fa4-a97d-d965ccfc6d4b" outcome="Passed" testListId="8c84fa94-04c1-424b-9868-57a2d4851a1d" relativeResultsDirectory="877217a5-a3b3-4502-830a-6d48ffe8fb72" />
    <UnitTestResult executionId="ea9d9126-57b1-474c-a0aa-f38e7a9681b2" testId="e64c8100-0f88-0067-2e28-6e0a325b5b0a" testName="ConvertStringToPort_InvalidPortString_ThrowsFormatException" computerName="DKSR-EFI-04" duration="00:00:00.0010567" startTime="2023-12-22T09:33:47.5063215+01:00" endTime="2023-12-22T09:33:47.5063215+01:00" testType="13cdc9d9-ddb5-4fa4-a97d-d965ccfc6d4b" outcome="Passed" testListId="8c84fa94-04c1-424b-9868-57a2d4851a1d" relativeResultsDirectory="ea9d9126-57b1-474c-a0aa-f38e7a9681b2" />
    <UnitTestResult executionId="55fe2746-baad-4b2e-ad8a-0da508c6c0e0" testId="21cb4457-3df9-6638-6de2-c89ff2fbb31c" testName="StreamsConfiguration_ValidateConfiguration_Stream_With_No_Selection" computerName="DKSR-EFI-04" duration="00:00:00.0070313" startTime="2023-12-22T09:33:29.5531099+01:00" endTime="2023-12-22T09:33:29.5531099+01:00" testType="13cdc9d9-ddb5-4fa4-a97d-d965ccfc6d4b" outcome="Passed" testListId="8c84fa94-04c1-424b-9868-57a2d4851a1d" relativeResultsDirectory="55fe2746-baad-4b2e-ad8a-0da508c6c0e0" />
    <UnitTestResult executionId="e3008518-1645-43ce-bc48-c4c77df2ae90" testId="45821aef-b05c-2d6c-576e-e2bf4be4b2aa" testName="HardwareInfo_SetsMacAddressToUppercase" computerName="DKSR-EFI-04" duration="00:00:00.0003566" startTime="2023-12-22T09:33:37.5375236+01:00" endTime="2023-12-22T09:33:37.5375236+01:00" testType="13cdc9d9-ddb5-4fa4-a97d-d965ccfc6d4b" outcome="Passed" testListId="8c84fa94-04c1-424b-9868-57a2d4851a1d" relativeResultsDirectory="e3008518-1645-43ce-bc48-c4c77df2ae90" />
    <UnitTestResult executionId="d536d9dc-bf99-4af9-8a61-b55bec36adac" testId="9d329994-74e3-8238-a429-3b094a215384" testName="ToRecorderStatuses_AppliesAllFlags_OnAllFlagsPresent" computerName="DKSR-EFI-04" duration="00:00:00.0034218" startTime="2023-12-22T09:33:47.5219465+01:00" endTime="2023-12-22T09:33:47.5375736+01:00" testType="13cdc9d9-ddb5-4fa4-a97d-d965ccfc6d4b" outcome="Passed" testListId="8c84fa94-04c1-424b-9868-57a2d4851a1d" relativeResultsDirectory="d536d9dc-bf99-4af9-8a61-b55bec36adac" />
    <UnitTestResult executionId="40d0e4ea-3d93-4852-aa98-30eeaccf395d" testId="9bb45a18-168c-a72d-4ec7-5054ff25a897" testName="IsKnownId_Unknown" computerName="DKSR-EFI-04" duration="00:00:00.0001350" startTime="2023-12-22T09:33:45.1313106+01:00" endTime="2023-12-22T09:33:45.1313106+01:00" testType="13cdc9d9-ddb5-4fa4-a97d-d965ccfc6d4b" outcome="Passed" testListId="8c84fa94-04c1-424b-9868-57a2d4851a1d" relativeResultsDirectory="40d0e4ea-3d93-4852-aa98-30eeaccf395d" />
    <UnitTestResult executionId="07c33a41-571d-49ac-a167-f4eede127a74" testId="35fc3889-4196-1a67-5fa1-0ace74d39e3e" testName="SendAsync_ObjIsNull_ArgumentNullExceptionThrown" computerName="DKSR-EFI-04" duration="00:00:00.0070294" startTime="2023-12-22T09:33:20.3968132+01:00" endTime="2023-12-22T09:33:20.4124433+01:00" testType="13cdc9d9-ddb5-4fa4-a97d-d965ccfc6d4b" outcome="Passed" testListId="8c84fa94-04c1-424b-9868-57a2d4851a1d" relativeResultsDirectory="07c33a41-571d-49ac-a167-f4eede127a74">
      <Output>
        <StdOut>Debug Trace:&#xD;
Fail: Argument null</StdOut>
      </Output>
    </UnitTestResult>
    <UnitTestResult executionId="4cbb2acd-2944-48d5-a051-adb3e8a9478a" testId="56920c6f-05b9-0634-ff2d-dd90b540c0e9" testName="ServerFileStorage_CreateStorage_Success" computerName="DKSR-EFI-04" duration="00:00:00.0033213" startTime="2023-12-22T09:33:28.9906071+01:00" endTime="2023-12-22T09:33:28.9906071+01:00" testType="13cdc9d9-ddb5-4fa4-a97d-d965ccfc6d4b" outcome="Passed" testListId="8c84fa94-04c1-424b-9868-57a2d4851a1d" relativeResultsDirectory="4cbb2acd-2944-48d5-a051-adb3e8a9478a" />
    <UnitTestResult executionId="de6988a8-7a5a-4d27-a868-aea3e7f5407c" testId="d9aae650-dc76-44b9-0b50-6cf8f55869e1" testName="GetChannelLicensenCount_AddHardware_ReturnValue" computerName="DKSR-EFI-04" duration="00:00:00.0008220" startTime="2023-12-22T09:33:37.5218977+01:00" endTime="2023-12-22T09:33:37.5218977+01:00" testType="13cdc9d9-ddb5-4fa4-a97d-d965ccfc6d4b" outcome="Passed" testListId="8c84fa94-04c1-424b-9868-57a2d4851a1d" relativeResultsDirectory="de6988a8-7a5a-4d27-a868-aea3e7f5407c" />
    <UnitTestResult executionId="930a9390-be5d-44dc-8755-3a7b222398cb" testId="342b8f7f-2a82-20b5-b26c-f5fe4c49f791" testName="LicenseActivationService_AcquireLicense_AccessDenied_SlcNotFound" computerName="DKSR-EFI-04" duration="00:00:00.0019408" startTime="2023-12-22T09:33:37.7875248+01:00" endTime="2023-12-22T09:33:37.7875248+01:00" testType="13cdc9d9-ddb5-4fa4-a97d-d965ccfc6d4b" outcome="Passed" testListId="8c84fa94-04c1-424b-9868-57a2d4851a1d" relativeResultsDirectory="930a9390-be5d-44dc-8755-3a7b222398cb" />
    <UnitTestResult executionId="dbe8f9fc-f4f2-4e16-834e-7ab705198131" testId="be9e4185-1684-9bad-f247-e9cf5d13e759" testName="ModelValidation_RequiredPropertiesAreNull_Failed" computerName="DKSR-EFI-04" duration="00:00:00.0024603" startTime="2023-12-22T09:33:31.7093695+01:00" endTime="2023-12-22T09:33:31.7093695+01:00" testType="13cdc9d9-ddb5-4fa4-a97d-d965ccfc6d4b" outcome="Passed" testListId="8c84fa94-04c1-424b-9868-57a2d4851a1d" relativeResultsDirectory="dbe8f9fc-f4f2-4e16-834e-7ab705198131" />
    <UnitTestResult executionId="0d5c7f08-da49-4c42-bbe2-7d829b81d478" testId="5f2af1de-e546-2980-4be2-6b228a745388" testName="BaseHtmlLicenseReport_CreateImage_WithClassName_Success" computerName="DKSR-EFI-04" duration="00:00:00.0001494" startTime="2023-12-22T09:33:37.1937698+01:00" endTime="2023-12-22T09:33:37.1937698+01:00" testType="13cdc9d9-ddb5-4fa4-a97d-d965ccfc6d4b" outcome="Passed" testListId="8c84fa94-04c1-424b-9868-57a2d4851a1d" relativeResultsDirectory="0d5c7f08-da49-4c42-bbe2-7d829b81d478" />
    <UnitTestResult executionId="9f9a288d-7f3c-42f2-9152-c42cac0f2f08" testId="af89382e-366f-4f51-6a96-ee5e8aed55df" testName="WhiteList_IsDriverWhiteListed_HWWith15EnabledCH5DisabledCH_GlobalMaxChannelCount16_ReturnsFalse" computerName="DKSR-EFI-04" duration="00:00:00.0007120" startTime="2023-12-22T09:33:44.6625593+01:00" endTime="2023-12-22T09:33:44.6625593+01:00" testType="13cdc9d9-ddb5-4fa4-a97d-d965ccfc6d4b" outcome="Passed" testListId="8c84fa94-04c1-424b-9868-57a2d4851a1d" relativeResultsDirectory="9f9a288d-7f3c-42f2-9152-c42cac0f2f08" />
    <UnitTestResult executionId="17ef3d0b-c093-43d0-8642-c2d8b7b9128e" testId="50c4d015-fb9a-ffd8-e6c9-f196b9c89e67" testName="CreateInstance_InvalidParam_localSettingsFile_Null_Throws_ArgumentNullException" computerName="DKSR-EFI-04" duration="00:00:00.0012021" startTime="2023-12-22T09:33:32.3812496+01:00" endTime="2023-12-22T09:33:32.3812496+01:00" testType="13cdc9d9-ddb5-4fa4-a97d-d965ccfc6d4b" outcome="Passed" testListId="8c84fa94-04c1-424b-9868-57a2d4851a1d" relativeResultsDirectory="17ef3d0b-c093-43d0-8642-c2d8b7b9128e" />
    <UnitTestResult executionId="5ddf377c-604e-41d1-ad5b-ad47cd4fdde3" testId="99b34987-ba92-81eb-f6eb-769542083b5f" testName="ModelValidation_ValidModel_Success" computerName="DKSR-EFI-04" duration="00:00:00.0012200" startTime="2023-12-22T09:33:31.7562436+01:00" endTime="2023-12-22T09:33:31.7562436+01:00" testType="13cdc9d9-ddb5-4fa4-a97d-d965ccfc6d4b" outcome="Passed" testListId="8c84fa94-04c1-424b-9868-57a2d4851a1d" relativeResultsDirectory="5ddf377c-604e-41d1-ad5b-ad47cd4fdde3" />
    <UnitTestResult executionId="6d3985be-1221-4a90-9311-ce41b3fd3c7d" testId="a3f7055c-e439-7707-6422-a1b93d6e2c45" testName="FeatureInformation_QueryAllLicensedFeatures_ReturnsNull_OnNullLicenseDocument" computerName="DKSR-EFI-04" duration="00:00:00.0000941" startTime="2023-12-22T09:33:37.3187731+01:00" endTime="2023-12-22T09:33:37.3187731+01:00" testType="13cdc9d9-ddb5-4fa4-a97d-d965ccfc6d4b" outcome="Passed" testListId="8c84fa94-04c1-424b-9868-57a2d4851a1d" relativeResultsDirectory="6d3985be-1221-4a90-9311-ce41b3fd3c7d" />
    <UnitTestResult executionId="391139f3-fdac-47a1-8903-dede42565944" testId="a799779d-133e-7d41-99ec-502f41ddc153" testName="Encrypt_DataSetHasNewRow_DataSetIsEncrypted" computerName="DKSR-EFI-04" duration="00:00:00.0033458" startTime="2023-12-22T09:33:46.4750685+01:00" endTime="2023-12-22T09:33:46.4750685+01:00" testType="13cdc9d9-ddb5-4fa4-a97d-d965ccfc6d4b" outcome="Passed" testListId="8c84fa94-04c1-424b-9868-57a2d4851a1d" relativeResultsDirectory="391139f3-fdac-47a1-8903-dede42565944" />
    <UnitTestResult executionId="4b725ad1-85f7-4496-97c8-8d21f391e8bd" testId="e34de6a5-5f57-c953-a0ee-421d62e26c4c" testName="ScheduledTimeReachedFunctionScheduledDateTimeReachedForTwoTokensTest" computerName="DKSR-EFI-04" duration="00:00:00.0005463" startTime="2023-12-22T09:33:34.5375083+01:00" endTime="2023-12-22T09:33:34.5375083+01:00" testType="13cdc9d9-ddb5-4fa4-a97d-d965ccfc6d4b" outcome="Passed" testListId="8c84fa94-04c1-424b-9868-57a2d4851a1d" relativeResultsDirectory="4b725ad1-85f7-4496-97c8-8d21f391e8bd" />
    <UnitTestResult executionId="05de7d1e-8d7e-47da-9e0b-43c5dbe080d5" testId="39506e72-a1ba-9b82-776d-6b9f159b2bd6" testName="ServerFileSystemResponseQueryDrivesModel_Validate_Success" computerName="DKSR-EFI-04" duration="00:00:00.0024814" startTime="2023-12-22T09:33:30.1781150+01:00" endTime="2023-12-22T09:33:30.1937377+01:00" testType="13cdc9d9-ddb5-4fa4-a97d-d965ccfc6d4b" outcome="Passed" testListId="8c84fa94-04c1-424b-9868-57a2d4851a1d" relativeResultsDirectory="05de7d1e-8d7e-47da-9e0b-43c5dbe080d5" />
    <UnitTestResult executionId="c1bac4a4-8770-4963-b742-71c6a1b10fb4" testId="ba52b13a-f54f-f86d-de71-5094aefa8f99" testName="ReadChildElementValueAsUInt16_NameNull" computerName="DKSR-EFI-04" duration="00:00:00.0007876" startTime="2023-12-22T09:33:23.8655834+01:00" endTime="2023-12-22T09:33:23.8655834+01:00" testType="13cdc9d9-ddb5-4fa4-a97d-d965ccfc6d4b" outcome="Passed" testListId="8c84fa94-04c1-424b-9868-57a2d4851a1d" relativeResultsDirectory="c1bac4a4-8770-4963-b742-71c6a1b10fb4" />
    <UnitTestResult executionId="b5d0cd0f-5c2f-4fab-baee-8869e53f22a7" testId="270a257e-24da-16b7-6595-e3fddd9800b4" testName="ServiceDiscoveryEngine_Construction_Provider_Null_ArgumentNullException" computerName="DKSR-EFI-04" duration="00:00:00.0021750" startTime="2023-12-22T09:33:32.1937477+01:00" endTime="2023-12-22T09:33:32.2093713+01:00" testType="13cdc9d9-ddb5-4fa4-a97d-d965ccfc6d4b" outcome="Passed" testListId="8c84fa94-04c1-424b-9868-57a2d4851a1d" relativeResultsDirectory="b5d0cd0f-5c2f-4fab-baee-8869e53f22a7" />
    <UnitTestResult executionId="d79981fe-6415-4c41-aa5c-22ede349aa5d" testId="be52f176-645e-d392-cbd1-ae8991587e9d" testName="UpdateHardwareReadOnlySettingsModel_RequiredPropertiesAreNull_Failed" computerName="DKSR-EFI-04" duration="00:00:00.0017367" startTime="2023-12-22T09:33:31.8343714+01:00" endTime="2023-12-22T09:33:31.8499978+01:00" testType="13cdc9d9-ddb5-4fa4-a97d-d965ccfc6d4b" outcome="Passed" testListId="8c84fa94-04c1-424b-9868-57a2d4851a1d" relativeResultsDirectory="d79981fe-6415-4c41-aa5c-22ede349aa5d" />
    <UnitTestResult executionId="5be535f9-0cd2-48e3-9701-1437060636ac" testId="aac0a9f7-1c73-9590-cded-21acfdc20fe7" testName="Credentials_ModificationTest" computerName="DKSR-EFI-04" duration="00:00:00.0011329" startTime="2023-12-22T09:33:23.4437049+01:00" endTime="2023-12-22T09:33:23.4437049+01:00" testType="13cdc9d9-ddb5-4fa4-a97d-d965ccfc6d4b" outcome="Passed" testListId="8c84fa94-04c1-424b-9868-57a2d4851a1d" relativeResultsDirectory="5be535f9-0cd2-48e3-9701-1437060636ac" />
    <UnitTestResult executionId="e768f628-496f-4b8d-ba26-8a55e57d78f5" testId="9ff8214d-c722-b098-f3f1-c9433165eb3e" testName="RemoveKey_Null_ThrowArgumentNullException" computerName="DKSR-EFI-04" duration="00:00:00.0012996" startTime="2023-12-22T09:33:24.1155844+01:00" endTime="2023-12-22T09:33:24.1155844+01:00" testType="13cdc9d9-ddb5-4fa4-a97d-d965ccfc6d4b" outcome="Passed" testListId="8c84fa94-04c1-424b-9868-57a2d4851a1d" relativeResultsDirectory="e768f628-496f-4b8d-ba26-8a55e57d78f5">
      <Output>
        <StdOut>Debug Trace:&#xD;
Fail: Argument null</StdOut>
      </Output>
    </UnitTestResult>
    <UnitTestResult executionId="40ebf361-cfb7-4830-b9b8-5a6428f2742b" testId="1b1b7bdc-7bdd-260b-d0c7-d371eb7e546d" testName="ScanResult_DeserializationTest" computerName="DKSR-EFI-04" duration="00:00:00.0610976" startTime="2023-12-22T09:33:23.6155827+01:00" endTime="2023-12-22T09:33:23.6780817+01:00" testType="13cdc9d9-ddb5-4fa4-a97d-d965ccfc6d4b" outcome="Passed" testListId="8c84fa94-04c1-424b-9868-57a2d4851a1d" relativeResultsDirectory="40ebf361-cfb7-4830-b9b8-5a6428f2742b" />
    <UnitTestResult executionId="4332b307-43d5-4792-a5d9-12330a2919a1" testId="444895a9-3e9c-93be-e8cf-ee7505352654" testName="Contructor_CreatesEmptyIndexesArray_OnNoParameters" computerName="DKSR-EFI-04" duration="00:00:00.0010886" startTime="2023-12-22T09:33:37.0687699+01:00" endTime="2023-12-22T09:33:37.0687699+01:00" testType="13cdc9d9-ddb5-4fa4-a97d-d965ccfc6d4b" outcome="Passed" testListId="8c84fa94-04c1-424b-9868-57a2d4851a1d" relativeResultsDirectory="4332b307-43d5-4792-a5d9-12330a2919a1" />
    <UnitTestResult executionId="b785c8c7-6b4f-4e00-be23-8decff93b92f" testId="f474bff3-50ef-be8a-c258-692d366a8a47" testName="EnsureMacAddressUppercase1" computerName="DKSR-EFI-04" duration="00:00:00.0413605" startTime="2023-12-22T09:33:44.9594369+01:00" endTime="2023-12-22T09:33:45.0063119+01:00" testType="13cdc9d9-ddb5-4fa4-a97d-d965ccfc6d4b" outcome="Passed" testListId="8c84fa94-04c1-424b-9868-57a2d4851a1d" relativeResultsDirectory="b785c8c7-6b4f-4e00-be23-8decff93b92f" />
    <UnitTestResult executionId="cf8b8be7-ff5d-41d1-a2bb-bd52a31497bd" testId="559e5181-3408-767b-882d-6ab6a14c72ff" testName="Recorder_Construct_InvalidGuid_Empty_Throws_ArgumentException" computerName="DKSR-EFI-04" duration="00:00:00.0012237" startTime="2023-12-22T09:33:44.4594327+01:00" endTime="2023-12-22T09:33:44.4594327+01:00" testType="13cdc9d9-ddb5-4fa4-a97d-d965ccfc6d4b" outcome="Passed" testListId="8c84fa94-04c1-424b-9868-57a2d4851a1d" relativeResultsDirectory="cf8b8be7-ff5d-41d1-a2bb-bd52a31497bd" />
    <UnitTestResult executionId="4af9f796-ba98-4a02-aaf2-81e5cc2b0c0d" testId="7742f8a4-b524-8418-3e42-94572e58ea85" testName="PtzPresetCollection_Clear_Success" computerName="DKSR-EFI-04" duration="00:00:00.0006480" startTime="2023-12-22T09:33:24.4124606+01:00" endTime="2023-12-22T09:33:24.4124606+01:00" testType="13cdc9d9-ddb5-4fa4-a97d-d965ccfc6d4b" outcome="Passed" testListId="8c84fa94-04c1-424b-9868-57a2d4851a1d" relativeResultsDirectory="4af9f796-ba98-4a02-aaf2-81e5cc2b0c0d" />
    <UnitTestResult executionId="04812851-8f4d-4ded-98fd-3620b6966c5f" testId="a5f79078-96d5-c0dd-d472-78485b0023ba" testName="CalculateLicenseRequirements_HardwareWithNoEnabledCameraDevicesCountsAs1License_ReturnsFalse" computerName="DKSR-EFI-04" duration="00:00:00.0009755" startTime="2023-12-22T09:33:37.9125253+01:00" endTime="2023-12-22T09:33:37.9125253+01:00" testType="13cdc9d9-ddb5-4fa4-a97d-d965ccfc6d4b" outcome="Passed" testListId="8c84fa94-04c1-424b-9868-57a2d4851a1d" relativeResultsDirectory="04812851-8f4d-4ded-98fd-3620b6966c5f" />
    <UnitTestResult executionId="ece8bb60-4726-4657-8573-4a0ff41cbe41" testId="87b18356-0fa2-346b-8acc-387ead427865" testName="ExceptionResponseModel_NoValuesSet_ValidationFailure" computerName="DKSR-EFI-04" duration="00:00:00.0013007" startTime="2023-12-22T09:33:32.1624986+01:00" endTime="2023-12-22T09:33:32.1624986+01:00" testType="13cdc9d9-ddb5-4fa4-a97d-d965ccfc6d4b" outcome="Passed" testListId="8c84fa94-04c1-424b-9868-57a2d4851a1d" relativeResultsDirectory="ece8bb60-4726-4657-8573-4a0ff41cbe41" />
    <UnitTestResult executionId="22984dff-c237-4c61-9314-c668bb4e9edb" testId="96d896f1-97ad-d074-c333-376a66dc9171" testName="ModelValidation_RequiredPropertiesAreNull_Failed" computerName="DKSR-EFI-04" duration="00:00:00.0018034" startTime="2023-12-22T09:33:31.3656174+01:00" endTime="2023-12-22T09:33:31.3656174+01:00" testType="13cdc9d9-ddb5-4fa4-a97d-d965ccfc6d4b" outcome="Passed" testListId="8c84fa94-04c1-424b-9868-57a2d4851a1d" relativeResultsDirectory="22984dff-c237-4c61-9314-c668bb4e9edb" />
    <UnitTestResult executionId="c07724c8-87ae-4623-91e2-bf18897bfc52" testId="1860ec70-d6cd-e5e9-2e4e-9d6113556558" testName="HostedScanParameters_ModificationTest" computerName="DKSR-EFI-04" duration="00:00:00.0023549" startTime="2023-12-22T09:33:23.5374568+01:00" endTime="2023-12-22T09:33:23.5530838+01:00" testType="13cdc9d9-ddb5-4fa4-a97d-d965ccfc6d4b" outcome="Passed" testListId="8c84fa94-04c1-424b-9868-57a2d4851a1d" relativeResultsDirectory="c07724c8-87ae-4623-91e2-bf18897bfc52" />
    <UnitTestResult executionId="37ad8fde-3e15-4d89-adbb-cc3f609e91ab" testId="6ff91918-d14f-f10f-01ae-0b6a8d141ff7" testName="CreateHttpsUri_NoScheme_UseDefaultPortTrue_BecomesHttpsPort443" computerName="DKSR-EFI-04" duration="00:00:00.0001808" startTime="2023-12-22T09:33:47.4750728+01:00" endTime="2023-12-22T09:33:47.4750728+01:00" testType="13cdc9d9-ddb5-4fa4-a97d-d965ccfc6d4b" outcome="Passed" testListId="8c84fa94-04c1-424b-9868-57a2d4851a1d" relativeResultsDirectory="37ad8fde-3e15-4d89-adbb-cc3f609e91ab" />
    <UnitTestResult executionId="3c5b1189-791a-4542-a406-0af5ef6efb00" testId="db93112d-82b9-9a4d-a7ab-6fb205fe04a5" testName="HardwareInfo_EnabledCameras_ReturnsEmptyListWhenNoEnabledCameras" computerName="DKSR-EFI-04" duration="00:00:00.0005992" startTime="2023-12-22T09:33:37.5687735+01:00" endTime="2023-12-22T09:33:37.5687735+01:00" testType="13cdc9d9-ddb5-4fa4-a97d-d965ccfc6d4b" outcome="Passed" testListId="8c84fa94-04c1-424b-9868-57a2d4851a1d" relativeResultsDirectory="3c5b1189-791a-4542-a406-0af5ef6efb00" />
    <UnitTestResult executionId="79fc20b8-dc5c-44ff-81cb-bc8d1de0c6b0" testId="d4e4459e-4e4b-4bcc-ed18-0a5cf77820ee" testName="Send_NameResolutionFailure_EndpointNotFoundCalled" computerName="DKSR-EFI-04" duration="00:00:00.0025875" startTime="2023-12-22T09:33:20.9124436+01:00" endTime="2023-12-22T09:33:20.9124436+01:00" testType="13cdc9d9-ddb5-4fa4-a97d-d965ccfc6d4b" outcome="Passed" testListId="8c84fa94-04c1-424b-9868-57a2d4851a1d" relativeResultsDirectory="79fc20b8-dc5c-44ff-81cb-bc8d1de0c6b0" />
    <UnitTestResult executionId="0759172a-b082-452c-b5c4-4131328b0e8a" testId="68ccb6a0-0a32-72a5-c4e1-992149caf9d9" testName="LogEntryModel_ValidModel_Success" computerName="DKSR-EFI-04" duration="00:00:00.0018705" startTime="2023-12-22T09:33:31.9437456+01:00" endTime="2023-12-22T09:33:31.9437456+01:00" testType="13cdc9d9-ddb5-4fa4-a97d-d965ccfc6d4b" outcome="Passed" testListId="8c84fa94-04c1-424b-9868-57a2d4851a1d" relativeResultsDirectory="0759172a-b082-452c-b5c4-4131328b0e8a" />
    <UnitTestResult executionId="8de0cbfb-bdf4-4143-9763-cbc6ed313965" testId="875bcea1-de66-43dd-9be6-63694cc77b25" testName="Decrypt_DataSetHasNoRows_DataSetIsNotChanged" computerName="DKSR-EFI-04" duration="00:00:00.0019936" startTime="2023-12-22T09:33:46.4125703+01:00" endTime="2023-12-22T09:33:46.4125703+01:00" testType="13cdc9d9-ddb5-4fa4-a97d-d965ccfc6d4b" outcome="Passed" testListId="8c84fa94-04c1-424b-9868-57a2d4851a1d" relativeResultsDirectory="8de0cbfb-bdf4-4143-9763-cbc6ed313965" />
    <UnitTestResult executionId="ac0cef67-719a-4220-a140-fb219ae9d639" testId="4dd883e5-76f8-1fd6-dedb-c94bc0363146" testName="CreateInstance_ValidName_ValidSearchMethod_Partial_MixedCase_Success" computerName="DKSR-EFI-04" duration="00:00:00.0001461" startTime="2023-12-22T09:33:44.8031840+01:00" endTime="2023-12-22T09:33:44.8031840+01:00" testType="13cdc9d9-ddb5-4fa4-a97d-d965ccfc6d4b" outcome="Passed" testListId="8c84fa94-04c1-424b-9868-57a2d4851a1d" relativeResultsDirectory="ac0cef67-719a-4220-a140-fb219ae9d639" />
    <UnitTestResult executionId="5052a042-3a9b-4277-890f-171a3ad03747" testId="440577fe-bdae-f364-680c-6fdc0c90ddc7" testName="PrepareMoveHardwareResponseModel_Validate_Success" computerName="DKSR-EFI-04" duration="00:00:00.0012051" startTime="2023-12-22T09:33:30.1781150+01:00" endTime="2023-12-22T09:33:30.1781150+01:00" testType="13cdc9d9-ddb5-4fa4-a97d-d965ccfc6d4b" outcome="Passed" testListId="8c84fa94-04c1-424b-9868-57a2d4851a1d" relativeResultsDirectory="5052a042-3a9b-4277-890f-171a3ad03747" />
    <UnitTestResult executionId="f1d25b25-03a6-4e3f-9c17-4d4ee1d002a7" testId="6aa0d825-352e-12e2-e9d6-4b6970a56970" testName="ExecuteRuleActionModel_RequiredPropertiesAreNull_Failed" computerName="DKSR-EFI-04" duration="00:00:00.0026708" startTime="2023-12-22T09:33:31.8656186+01:00" endTime="2023-12-22T09:33:31.8812439+01:00" testType="13cdc9d9-ddb5-4fa4-a97d-d965ccfc6d4b" outcome="Passed" testListId="8c84fa94-04c1-424b-9868-57a2d4851a1d" relativeResultsDirectory="f1d25b25-03a6-4e3f-9c17-4d4ee1d002a7" />
    <UnitTestResult executionId="d0e84cbb-85c4-4835-abf4-fe6d1609fd8e" testId="feca0954-bd14-72ed-e2f3-febd9ed9aa1d" testName="FeatureManager_ProductSku_Success" computerName="DKSR-EFI-04" duration="00:00:00.0009251" startTime="2023-12-22T09:33:37.4593997+01:00" endTime="2023-12-22T09:33:37.4593997+01:00" testType="13cdc9d9-ddb5-4fa4-a97d-d965ccfc6d4b" outcome="Passed" testListId="8c84fa94-04c1-424b-9868-57a2d4851a1d" relativeResultsDirectory="d0e84cbb-85c4-4835-abf4-fe6d1609fd8e" />
    <UnitTestResult executionId="202648df-67c0-4256-925f-d9e5903a05ee" testId="681eba43-864c-06af-d147-aa378bd5c701" testName="CalculateLicenseRequirements_DisabledHardwareDoesNotRequireAChannelLicense_ReturnsTrue" computerName="DKSR-EFI-04" duration="00:00:00.0017649" startTime="2023-12-22T09:33:37.8969002+01:00" endTime="2023-12-22T09:33:37.9125253+01:00" testType="13cdc9d9-ddb5-4fa4-a97d-d965ccfc6d4b" outcome="Passed" testListId="8c84fa94-04c1-424b-9868-57a2d4851a1d" relativeResultsDirectory="202648df-67c0-4256-925f-d9e5903a05ee" />
    <UnitTestResult executionId="ac5b0a77-2b9f-448e-97c6-1b5012f8a1c6" testId="c79e30b7-bdee-4086-a276-f11ba4888a53" testName="FeatureManager_TryGetFeatureParameterValueT_Parameter_Not_Found" computerName="DKSR-EFI-04" duration="00:00:00.0005960" startTime="2023-12-22T09:33:37.4281491+01:00" endTime="2023-12-22T09:33:37.4281491+01:00" testType="13cdc9d9-ddb5-4fa4-a97d-d965ccfc6d4b" outcome="Passed" testListId="8c84fa94-04c1-424b-9868-57a2d4851a1d" relativeResultsDirectory="ac5b0a77-2b9f-448e-97c6-1b5012f8a1c6" />
    <UnitTestResult executionId="15747922-6e7c-41e5-8a51-0abcead5f759" testId="3d71243d-a73d-bce4-5833-07e4c8528e1d" testName="LicenseDocument_ThrowsUnsupportedLicensingModeError_OnLicenseWithoutWhitelistVersion" computerName="DKSR-EFI-04" duration="00:00:00.0014827" startTime="2023-12-22T09:33:44.3656806+01:00" endTime="2023-12-22T09:33:44.3656806+01:00" testType="13cdc9d9-ddb5-4fa4-a97d-d965ccfc6d4b" outcome="Passed" testListId="8c84fa94-04c1-424b-9868-57a2d4851a1d" relativeResultsDirectory="15747922-6e7c-41e5-8a51-0abcead5f759" />
    <UnitTestResult executionId="300175a0-dd7a-4f92-a5f7-dd7726dab7b9" testId="b00a68fb-029a-172a-9ac1-06f41f55ef81" testName="PtzSessionResponseModel_NoValuesSet_ValidationFailure" computerName="DKSR-EFI-04" duration="00:00:00.0048485" startTime="2023-12-22T09:33:32.1156223+01:00" endTime="2023-12-22T09:33:32.1156223+01:00" testType="13cdc9d9-ddb5-4fa4-a97d-d965ccfc6d4b" outcome="Passed" testListId="8c84fa94-04c1-424b-9868-57a2d4851a1d" relativeResultsDirectory="300175a0-dd7a-4f92-a5f7-dd7726dab7b9" />
    <UnitTestResult executionId="ad08cb9c-c365-4c88-9b8a-c9db64801253" testId="3803bcca-09d6-ef11-5123-a94a9f43f1eb" testName="CreateInstance_SettingsFileExists_AllowInsecureIsTrue_ReturnsValidInstance" computerName="DKSR-EFI-04" duration="00:00:00.0046893" startTime="2023-12-22T09:33:32.3968726+01:00" endTime="2023-12-22T09:33:32.4124984+01:00" testType="13cdc9d9-ddb5-4fa4-a97d-d965ccfc6d4b" outcome="Passed" testListId="8c84fa94-04c1-424b-9868-57a2d4851a1d" relativeResultsDirectory="ad08cb9c-c365-4c88-9b8a-c9db64801253" />
    <UnitTestResult executionId="85ac0d49-ebf7-45f9-9036-cff4a6b2463b" testId="e97ae24f-ac2f-4345-2c2a-54c942d7e945" testName="ProcessMessage_Command_NotBulkable" computerName="DKSR-EFI-04" duration="00:00:00.0059327" startTime="2023-12-22T09:33:36.5687669+01:00" endTime="2023-12-22T09:33:36.5687669+01:00" testType="13cdc9d9-ddb5-4fa4-a97d-d965ccfc6d4b" outcome="Passed" testListId="8c84fa94-04c1-424b-9868-57a2d4851a1d" relativeResultsDirectory="85ac0d49-ebf7-45f9-9036-cff4a6b2463b" />
    <UnitTestResult executionId="16ea0f52-9332-46e5-b23b-ccf07952c164" testId="a8d0b66e-3c5b-6bc2-7d44-37a119b6d9f4" testName="HttpClientCommunicatorWrapper_Constructor_Success" computerName="DKSR-EFI-04" duration="00:00:00.0011876" startTime="2023-12-22T09:33:30.8499893+01:00" endTime="2023-12-22T09:33:30.8499893+01:00" testType="13cdc9d9-ddb5-4fa4-a97d-d965ccfc6d4b" outcome="Passed" testListId="8c84fa94-04c1-424b-9868-57a2d4851a1d" relativeResultsDirectory="16ea0f52-9332-46e5-b23b-ccf07952c164" />
    <UnitTestResult executionId="510f27fb-2a0d-4889-a578-5925d733074c" testId="53f67c16-d512-e465-195a-34f1911f4901" testName="ServerFileStorageCleanupService_ProperLocking" computerName="DKSR-EFI-04" duration="00:00:01.8025039" startTime="2023-12-22T09:33:26.1468435+01:00" endTime="2023-12-22T09:33:27.9437249+01:00" testType="13cdc9d9-ddb5-4fa4-a97d-d965ccfc6d4b" outcome="Passed" testListId="8c84fa94-04c1-424b-9868-57a2d4851a1d" relativeResultsDirectory="510f27fb-2a0d-4889-a578-5925d733074c" />
    <UnitTestResult executionId="a8ae1405-8105-4382-8e93-76244b280c48" testId="489d5e8d-5982-d194-60e7-73cf7a62a831" testName="Mac_Address_Empty_Test_False_3" computerName="DKSR-EFI-04" duration="00:00:00.0001003" startTime="2023-12-22T09:33:44.7250587+01:00" endTime="2023-12-22T09:33:44.7250587+01:00" testType="13cdc9d9-ddb5-4fa4-a97d-d965ccfc6d4b" outcome="Passed" testListId="8c84fa94-04c1-424b-9868-57a2d4851a1d" relativeResultsDirectory="a8ae1405-8105-4382-8e93-76244b280c48" />
    <UnitTestResult executionId="be41dd0a-1580-4e2d-a7ac-aff2bb533478" testId="158e73b6-09d2-3c34-669e-54356602b7ec" testName="ResponseModel_EmptyToken_ValidationFailure" computerName="DKSR-EFI-04" duration="00:00:00.0006178" startTime="2023-12-22T09:33:32.1781233+01:00" endTime="2023-12-22T09:33:32.1781233+01:00" testType="13cdc9d9-ddb5-4fa4-a97d-d965ccfc6d4b" outcome="Passed" testListId="8c84fa94-04c1-424b-9868-57a2d4851a1d" relativeResultsDirectory="be41dd0a-1580-4e2d-a7ac-aff2bb533478" />
    <UnitTestResult executionId="3f38865c-37ee-4bc6-a348-7f1b9179c1d1" testId="8f3728f0-c662-f506-e532-cb2952d56045" testName="SendAsync_TokenCancellationExceptionThrown_ExceptionLoggedAndTimeoutExceptionThrown" computerName="DKSR-EFI-04" duration="00:00:00.0046308" startTime="2023-12-22T09:33:20.4593165+01:00" endTime="2023-12-22T09:33:20.4593165+01:00" testType="13cdc9d9-ddb5-4fa4-a97d-d965ccfc6d4b" outcome="Passed" testListId="8c84fa94-04c1-424b-9868-57a2d4851a1d" relativeResultsDirectory="3f38865c-37ee-4bc6-a348-7f1b9179c1d1" />
    <UnitTestResult executionId="d609dbd9-5602-4808-bb73-bbe3c928476a" testId="65692c8e-88bd-d55a-a0b3-caeeedc271a1" testName="ServerFileStorage_ReturnStorage_UndisposedStream_Exception" computerName="DKSR-EFI-04" duration="00:00:00.0006490" startTime="2023-12-22T09:33:29.0531077+01:00" endTime="2023-12-22T09:33:29.0531077+01:00" testType="13cdc9d9-ddb5-4fa4-a97d-d965ccfc6d4b" outcome="Passed" testListId="8c84fa94-04c1-424b-9868-57a2d4851a1d" relativeResultsDirectory="d609dbd9-5602-4808-bb73-bbe3c928476a" />
    <UnitTestResult executionId="6c03f1e8-487e-4888-be20-8965aa9a3422" testId="c69309cd-c599-2f63-3f42-43c21d8204d8" testName="GetPresetByKey_ByNameNoMatch" computerName="DKSR-EFI-04" duration="00:00:00.0003080" startTime="2023-12-22T09:33:24.4280843+01:00" endTime="2023-12-22T09:33:24.4280843+01:00" testType="13cdc9d9-ddb5-4fa4-a97d-d965ccfc6d4b" outcome="Passed" testListId="8c84fa94-04c1-424b-9868-57a2d4851a1d" relativeResultsDirectory="6c03f1e8-487e-4888-be20-8965aa9a3422" />
    <UnitTestResult executionId="ccc6a8a4-6d29-4728-8e0f-90d84d9ae620" testId="5406fb6b-8719-5ec0-fd3a-9d1d45929e4f" testName="HttpClientCommunicatorWrapper_PatchTObj_Success" computerName="DKSR-EFI-04" duration="00:00:00.0038395" startTime="2023-12-22T09:33:30.8656150+01:00" endTime="2023-12-22T09:33:30.8812451+01:00" testType="13cdc9d9-ddb5-4fa4-a97d-d965ccfc6d4b" outcome="Passed" testListId="8c84fa94-04c1-424b-9868-57a2d4851a1d" relativeResultsDirectory="ccc6a8a4-6d29-4728-8e0f-90d84d9ae620" />
    <UnitTestResult executionId="1fe7f6d5-683e-4178-b674-08b6282503d5" testId="0d1d9412-0cdd-2f20-6c17-ba9f8ebbc553" testName="ServiceContainer_GetInstance_CreationTakesParamatersNotFound_ThrowsInvalidOperationException" computerName="DKSR-EFI-04" duration="00:00:00.0053004" startTime="2023-12-22T09:33:21.5686960+01:00" endTime="2023-12-22T09:33:21.5686960+01:00" testType="13cdc9d9-ddb5-4fa4-a97d-d965ccfc6d4b" outcome="Passed" testListId="8c84fa94-04c1-424b-9868-57a2d4851a1d" relativeResultsDirectory="1fe7f6d5-683e-4178-b674-08b6282503d5" />
    <UnitTestResult executionId="36a6c3a3-6940-4399-86bc-164c411e9995" testId="4b06f48a-1ac2-f72f-f886-34e539d3e72b" testName="Credentials_EncryptionTest" computerName="DKSR-EFI-04" duration="00:00:00.0143647" startTime="2023-12-22T09:33:23.4437049+01:00" endTime="2023-12-22T09:33:23.4593308+01:00" testType="13cdc9d9-ddb5-4fa4-a97d-d965ccfc6d4b" outcome="Passed" testListId="8c84fa94-04c1-424b-9868-57a2d4851a1d" relativeResultsDirectory="36a6c3a3-6940-4399-86bc-164c411e9995" />
    <UnitTestResult executionId="3f754b05-35e2-41c1-a13c-3c5097655a54" testId="1cc1352e-23f1-23c2-a2f4-88c714c592cb" testName="LicenseDocument_ThrowsUnsupportedLicensingModeError_OnLicenseWithChannelAndHardwareFlags" computerName="DKSR-EFI-04" duration="00:00:00.0016028" startTime="2023-12-22T09:33:44.3500585+01:00" endTime="2023-12-22T09:33:44.3500585+01:00" testType="13cdc9d9-ddb5-4fa4-a97d-d965ccfc6d4b" outcome="Passed" testListId="8c84fa94-04c1-424b-9868-57a2d4851a1d" relativeResultsDirectory="3f754b05-35e2-41c1-a13c-3c5097655a54" />
    <UnitTestResult executionId="34222d03-49ae-4478-8f5e-c2fbd49c7e8b" testId="4fb97ef2-c5a9-1dee-8550-2558bb227e10" testName="ServiceConnectionStatus_CommunicationConfirmed_Multiple_OneRaiseOnlineEvent" computerName="DKSR-EFI-04" duration="00:00:00.0005914" startTime="2023-12-22T09:33:29.1156087+01:00" endTime="2023-12-22T09:33:29.1156087+01:00" testType="13cdc9d9-ddb5-4fa4-a97d-d965ccfc6d4b" outcome="Passed" testListId="8c84fa94-04c1-424b-9868-57a2d4851a1d" relativeResultsDirectory="34222d03-49ae-4478-8f5e-c2fbd49c7e8b" />
    <UnitTestResult executionId="9c4ba93f-20c4-4819-be00-abdf286a8a91" testId="36e751b1-d379-a6d3-c363-b5ae5709aa1b" testName="Send_AuthenticationException_InvalidCertificateCalled" computerName="DKSR-EFI-04" duration="00:00:00.0027328" startTime="2023-12-22T09:33:20.8968187+01:00" endTime="2023-12-22T09:33:20.9124436+01:00" testType="13cdc9d9-ddb5-4fa4-a97d-d965ccfc6d4b" outcome="Passed" testListId="8c84fa94-04c1-424b-9868-57a2d4851a1d" relativeResultsDirectory="9c4ba93f-20c4-4819-be00-abdf286a8a91" />
    <UnitTestResult executionId="bea8ec3d-357d-45b0-9c9d-705947798733" testId="d2deca7c-3a3d-0f18-8f1f-ea7b28c56688" testName="UpdateRecorderStatusDataModel_ValidModel_Success" computerName="DKSR-EFI-04" duration="00:00:00.0013215" startTime="2023-12-22T09:33:32.0687467+01:00" endTime="2023-12-22T09:33:32.0687467+01:00" testType="13cdc9d9-ddb5-4fa4-a97d-d965ccfc6d4b" outcome="Passed" testListId="8c84fa94-04c1-424b-9868-57a2d4851a1d" relativeResultsDirectory="bea8ec3d-357d-45b0-9c9d-705947798733" />
    <UnitTestResult executionId="fa27c564-48d8-4ad0-ad6d-8b028d6c7469" testId="b5fe4d80-a771-d795-9cf5-4a66a567f080" testName="EventMetadataTimestampParsesMillisecondsCorrectly" computerName="DKSR-EFI-04" duration="00:00:00.0002973" startTime="2023-12-22T09:33:34.5218835+01:00" endTime="2023-12-22T09:33:34.5218835+01:00" testType="13cdc9d9-ddb5-4fa4-a97d-d965ccfc6d4b" outcome="Passed" testListId="8c84fa94-04c1-424b-9868-57a2d4851a1d" relativeResultsDirectory="fa27c564-48d8-4ad0-ad6d-8b028d6c7469" />
    <UnitTestResult executionId="fc1bd23d-8554-4167-8d8e-d0dcfbf0736f" testId="6eef128e-2629-28c4-294e-caa9abfe1e77" testName="DecryptingActivationCredentialsSystemSetting" computerName="DKSR-EFI-04" duration="00:00:00.0007792" startTime="2023-12-22T09:33:46.9125692+01:00" endTime="2023-12-22T09:33:46.9125692+01:00" testType="13cdc9d9-ddb5-4fa4-a97d-d965ccfc6d4b" outcome="Passed" testListId="8c84fa94-04c1-424b-9868-57a2d4851a1d" relativeResultsDirectory="fc1bd23d-8554-4167-8d8e-d0dcfbf0736f" />
    <UnitTestResult executionId="30211892-4ab5-42c0-aa3b-44967601470e" testId="d3a91505-cd4a-baa1-50b1-44dfab733a98" testName="FindFrameIdx_TimeF1" computerName="DKSR-EFI-04" duration="00:00:00.0005278" startTime="2023-12-22T09:33:24.2874584+01:00" endTime="2023-12-22T09:33:24.2874584+01:00" testType="13cdc9d9-ddb5-4fa4-a97d-d965ccfc6d4b" outcome="Passed" testListId="8c84fa94-04c1-424b-9868-57a2d4851a1d" relativeResultsDirectory="30211892-4ab5-42c0-aa3b-44967601470e" />
    <UnitTestResult executionId="c7d4a0a1-e7ee-4904-bc38-97600288cf14" testId="81c93919-c20e-2813-2eb1-0bccec0d14c6" testName="ToLogEntryRule_ModelNull_ArgumentNullException" computerName="DKSR-EFI-04" duration="00:00:00.0012267" startTime="2023-12-22T09:33:31.9281199+01:00" endTime="2023-12-22T09:33:31.9281199+01:00" testType="13cdc9d9-ddb5-4fa4-a97d-d965ccfc6d4b" outcome="Passed" testListId="8c84fa94-04c1-424b-9868-57a2d4851a1d" relativeResultsDirectory="c7d4a0a1-e7ee-4904-bc38-97600288cf14" />
    <UnitTestResult executionId="b4a2a064-ec41-4877-9b6c-69268ada9ffa" testId="34485d63-da71-1b61-32bf-f506cca6b3cc" testName="Transform_XmlWithPassword_PasswordChanged" computerName="DKSR-EFI-04" duration="00:00:00.0004165" startTime="2023-12-22T09:33:46.9594455+01:00" endTime="2023-12-22T09:33:46.9594455+01:00" testType="13cdc9d9-ddb5-4fa4-a97d-d965ccfc6d4b" outcome="Passed" testListId="8c84fa94-04c1-424b-9868-57a2d4851a1d" relativeResultsDirectory="b4a2a064-ec41-4877-9b6c-69268ada9ffa" />
    <UnitTestResult executionId="4674658e-8438-44ea-a5cb-016f9e3c26b1" testId="7f8fcc03-50e8-ab9b-8c2b-bf9763ab633b" testName="ReadChildElementValueAsUInt16_InvalidData" computerName="DKSR-EFI-04" duration="00:00:00.0003862" startTime="2023-12-22T09:33:23.8655834+01:00" endTime="2023-12-22T09:33:23.8655834+01:00" testType="13cdc9d9-ddb5-4fa4-a97d-d965ccfc6d4b" outcome="Passed" testListId="8c84fa94-04c1-424b-9868-57a2d4851a1d" relativeResultsDirectory="4674658e-8438-44ea-a5cb-016f9e3c26b1" />
    <UnitTestResult executionId="41a74368-8931-43ce-aa98-ca8b9be2bae2" testId="72d528ab-d938-9637-922f-e14047d9eeff" testName="Encrypt_DataSetHasNewRow_DataSetIsEncrypted" computerName="DKSR-EFI-04" duration="00:00:00.0024633" startTime="2023-12-22T09:33:46.3969420+01:00" endTime="2023-12-22T09:33:46.3969420+01:00" testType="13cdc9d9-ddb5-4fa4-a97d-d965ccfc6d4b" outcome="Passed" testListId="8c84fa94-04c1-424b-9868-57a2d4851a1d" relativeResultsDirectory="41a74368-8931-43ce-aa98-ca8b9be2bae2" />
    <UnitTestResult executionId="d553060e-5be8-4684-b8c0-258fc3ff47a8" testId="dcd07c4f-612c-6e68-0b0c-4a4b76a087b5" testName="LicenseDocument_IsFeatureLicensed_NullFeature" computerName="DKSR-EFI-04" duration="00:00:00.0028171" startTime="2023-12-22T09:33:44.2563054+01:00" endTime="2023-12-22T09:33:44.2563054+01:00" testType="13cdc9d9-ddb5-4fa4-a97d-d965ccfc6d4b" outcome="Passed" testListId="8c84fa94-04c1-424b-9868-57a2d4851a1d" relativeResultsDirectory="d553060e-5be8-4684-b8c0-258fc3ff47a8" />
    <UnitTestResult executionId="94df2454-b324-4d6d-b15d-a5e1bd47a2a6" testId="8f58f6be-93f6-8d20-1959-801832527bd4" testName="BaseHtmlLicenseReport_CreateTableHeader_Success" computerName="DKSR-EFI-04" duration="00:00:00.0005451" startTime="2023-12-22T09:33:37.2093981+01:00" endTime="2023-12-22T09:33:37.2093981+01:00" testType="13cdc9d9-ddb5-4fa4-a97d-d965ccfc6d4b" outcome="Passed" testListId="8c84fa94-04c1-424b-9868-57a2d4851a1d" relativeResultsDirectory="94df2454-b324-4d6d-b15d-a5e1bd47a2a6" />
    <UnitTestResult executionId="056e6cb1-6324-4e27-b6c5-65b131ca4374" testId="ddcb4ee4-5365-dfaa-cb65-e340de8752cc" testName="StreamsConfiguration_EnsureLiveDefaultAndRecordTreads_No_DefaultLive_Or_RunAlways_Record_Selected" computerName="DKSR-EFI-04" duration="00:00:00.0075376" startTime="2023-12-22T09:33:29.8031125+01:00" endTime="2023-12-22T09:33:29.8187361+01:00" testType="13cdc9d9-ddb5-4fa4-a97d-d965ccfc6d4b" outcome="Passed" testListId="8c84fa94-04c1-424b-9868-57a2d4851a1d" relativeResultsDirectory="056e6cb1-6324-4e27-b6c5-65b131ca4374" />
    <UnitTestResult executionId="5b01bb68-c90f-4b7d-8cdb-a6c480704372" testId="137dcf16-29c0-a574-9539-2ee0cc284a4c" testName="ServerFileStorage_WriteStream_AboveQuota_Exception" computerName="DKSR-EFI-04" duration="00:00:00.0012965" startTime="2023-12-22T09:33:29.0218568+01:00" endTime="2023-12-22T09:33:29.0218568+01:00" testType="13cdc9d9-ddb5-4fa4-a97d-d965ccfc6d4b" outcome="Passed" testListId="8c84fa94-04c1-424b-9868-57a2d4851a1d" relativeResultsDirectory="5b01bb68-c90f-4b7d-8cdb-a6c480704372" />
    <UnitTestResult executionId="2252d1d1-b720-47ed-8a58-7baef380a8f2" testId="db90cdae-a1b2-7ef2-1d5f-4ab928bf4951" testName="Construct_LicenseActivationService_Success" computerName="DKSR-EFI-04" duration="00:00:00.0001801" startTime="2023-12-22T09:33:37.6625253+01:00" endTime="2023-12-22T09:33:37.6625253+01:00" testType="13cdc9d9-ddb5-4fa4-a97d-d965ccfc6d4b" outcome="Passed" testListId="8c84fa94-04c1-424b-9868-57a2d4851a1d" relativeResultsDirectory="2252d1d1-b720-47ed-8a58-7baef380a8f2" />
    <UnitTestResult executionId="6f7a4bc7-eb8c-4a64-b726-54282be3cbaf" testId="35535d87-f63c-dc4a-d24b-9d8f63dbddac" testName="UpdateRecorderStatus_RequiredPropertiesAreNull_Failed" computerName="DKSR-EFI-04" duration="00:00:00.0021328" startTime="2023-12-22T09:33:32.0218711+01:00" endTime="2023-12-22T09:33:32.0218711+01:00" testType="13cdc9d9-ddb5-4fa4-a97d-d965ccfc6d4b" outcome="Passed" testListId="8c84fa94-04c1-424b-9868-57a2d4851a1d" relativeResultsDirectory="6f7a4bc7-eb8c-4a64-b726-54282be3cbaf" />
    <UnitTestResult executionId="4b520457-65fe-423d-be5a-d7f929fc461a" testId="2bf88c35-dc49-70be-9ca9-7a60417aeb9a" testName="UniqueIndex_AddEntry_MultipleEntries_ThrowArgumentException" computerName="DKSR-EFI-04" duration="00:00:00.0028729" startTime="2023-12-22T09:33:23.9749582+01:00" endTime="2023-12-22T09:33:23.9749582+01:00" testType="13cdc9d9-ddb5-4fa4-a97d-d965ccfc6d4b" outcome="Passed" testListId="8c84fa94-04c1-424b-9868-57a2d4851a1d" relativeResultsDirectory="4b520457-65fe-423d-be5a-d7f929fc461a" />
    <UnitTestResult executionId="8a3ff55d-3c01-4a9e-84a0-6c1c9bc2ac89" testId="9736a8ae-f308-ab55-366f-2db7b2222e2a" testName="CalculateLicenseRequirements_On1ICPHardwareWith3ChannelsAnd1NormalWith3Channels_ReturnsTrue" computerName="DKSR-EFI-04" duration="00:00:00.0008839" startTime="2023-12-22T09:33:37.9437771+01:00" endTime="2023-12-22T09:33:37.9437771+01:00" testType="13cdc9d9-ddb5-4fa4-a97d-d965ccfc6d4b" outcome="Passed" testListId="8c84fa94-04c1-424b-9868-57a2d4851a1d" relativeResultsDirectory="8a3ff55d-3c01-4a9e-84a0-6c1c9bc2ac89" />
    <UnitTestResult executionId="09eec7ec-b3e4-4288-b38d-c550dbc6cefa" testId="e99ccd07-0ccb-42be-9999-bc74deaacf44" testName="DatabaseXmlConverter_XmlIdsToGuids_InvalidArgument" computerName="DKSR-EFI-04" duration="00:00:00.0034110" startTime="2023-12-22T09:33:21.7093206+01:00" endTime="2023-12-22T09:33:21.7093206+01:00" testType="13cdc9d9-ddb5-4fa4-a97d-d965ccfc6d4b" outcome="Passed" testListId="8c84fa94-04c1-424b-9868-57a2d4851a1d" relativeResultsDirectory="09eec7ec-b3e4-4288-b38d-c550dbc6cefa" />
    <UnitTestResult executionId="31de9e80-8a3b-4aa0-96d9-5b15a2c17e6a" testId="3cd3b1b2-53a2-99e7-f269-5b4aa159b5e4" testName="LicenseDocument_IsFeatureLicensed_SmartWallFeatureNotExpired" computerName="DKSR-EFI-04" duration="00:00:00.0015619" startTime="2023-12-22T09:33:44.2719308+01:00" endTime="2023-12-22T09:33:44.2719308+01:00" testType="13cdc9d9-ddb5-4fa4-a97d-d965ccfc6d4b" outcome="Passed" testListId="8c84fa94-04c1-424b-9868-57a2d4851a1d" relativeResultsDirectory="31de9e80-8a3b-4aa0-96d9-5b15a2c17e6a" />
    <UnitTestResult executionId="80fca0d5-b373-4cfa-90c1-04e22d778686" testId="e911c4fa-1e99-dcf3-196d-3687b6c67446" testName="UpdateHardwareAggregates_SucceedsWhen_ClearedBeforeCalledAgain" computerName="DKSR-EFI-04" duration="00:00:00.0002844" startTime="2023-12-22T09:33:37.4906491+01:00" endTime="2023-12-22T09:33:37.4906491+01:00" testType="13cdc9d9-ddb5-4fa4-a97d-d965ccfc6d4b" outcome="Passed" testListId="8c84fa94-04c1-424b-9868-57a2d4851a1d" relativeResultsDirectory="80fca0d5-b373-4cfa-90c1-04e22d778686" />
    <UnitTestResult executionId="09ebc1c3-288d-4b99-8c7d-791e53e8f6bb" testId="d7f27462-6704-d08a-95b8-e99863056ad7" testName="LicenseActivationService_AcquireLicense_AccessDenied_MismatchOnSid" computerName="DKSR-EFI-04" duration="00:00:00.0023135" startTime="2023-12-22T09:33:37.7719002+01:00" endTime="2023-12-22T09:33:37.7719002+01:00" testType="13cdc9d9-ddb5-4fa4-a97d-d965ccfc6d4b" outcome="Passed" testListId="8c84fa94-04c1-424b-9868-57a2d4851a1d" relativeResultsDirectory="09ebc1c3-288d-4b99-8c7d-791e53e8f6bb" />
    <UnitTestResult executionId="d178f9bc-f591-4150-b490-3b698efa0d20" testId="74b86e9a-6188-d98e-2f67-4a9ace7fd33e" testName="ReadChildElementValueAsUInt16_RangeCheck_Max" computerName="DKSR-EFI-04" duration="00:00:00.0004433" startTime="2023-12-22T09:33:23.8499559+01:00" endTime="2023-12-22T09:33:23.8499559+01:00" testType="13cdc9d9-ddb5-4fa4-a97d-d965ccfc6d4b" outcome="Passed" testListId="8c84fa94-04c1-424b-9868-57a2d4851a1d" relativeResultsDirectory="d178f9bc-f591-4150-b490-3b698efa0d20" />
    <UnitTestResult executionId="d068a485-c804-42df-9d8c-a211a224d1b9" testId="c9e2e526-bc03-9448-8f9d-d4ac422b7473" testName="Transform_XmlHasHostedHardware_HostedHardwareIsTransformed" computerName="DKSR-EFI-04" duration="00:00:00.0006340" startTime="2023-12-22T09:33:46.9906966+01:00" endTime="2023-12-22T09:33:46.9906966+01:00" testType="13cdc9d9-ddb5-4fa4-a97d-d965ccfc6d4b" outcome="Passed" testListId="8c84fa94-04c1-424b-9868-57a2d4851a1d" relativeResultsDirectory="d068a485-c804-42df-9d8c-a211a224d1b9" />
    <UnitTestResult executionId="d8aa8d98-710d-46dd-9f41-6ec162729cc0" testId="9a3d7926-aee9-936e-569a-d006e336bfcb" testName="CreateInstance_InvalidName_Throws_ArgumentNullException" computerName="DKSR-EFI-04" duration="00:00:00.0007899" startTime="2023-12-22T09:33:44.7875615+01:00" endTime="2023-12-22T09:33:44.7875615+01:00" testType="13cdc9d9-ddb5-4fa4-a97d-d965ccfc6d4b" outcome="Passed" testListId="8c84fa94-04c1-424b-9868-57a2d4851a1d" relativeResultsDirectory="d8aa8d98-710d-46dd-9f41-6ec162729cc0" />
    <UnitTestResult executionId="38542958-d026-4b3e-b4fe-fd4ceb94d4fb" testId="83631672-552f-dfce-daa3-28bbba2f670e" testName="ServerFileStorage_ReturnStorage_FreesQuota" computerName="DKSR-EFI-04" duration="00:00:00.0004109" startTime="2023-12-22T09:33:29.0062318+01:00" endTime="2023-12-22T09:33:29.0062318+01:00" testType="13cdc9d9-ddb5-4fa4-a97d-d965ccfc6d4b" outcome="Passed" testListId="8c84fa94-04c1-424b-9868-57a2d4851a1d" relativeResultsDirectory="38542958-d026-4b3e-b4fe-fd4ceb94d4fb" />
    <UnitTestResult executionId="b323855e-2ef2-4b05-9ee4-1a626897949f" testId="2816ff7f-bed3-2003-5b61-0459ae5ac828" testName="BaseHtmlLicenseReport_NullSvgImageLink_WithClass_Success" computerName="DKSR-EFI-04" duration="00:00:00.0001565" startTime="2023-12-22T09:33:37.2093981+01:00" endTime="2023-12-22T09:33:37.2093981+01:00" testType="13cdc9d9-ddb5-4fa4-a97d-d965ccfc6d4b" outcome="Passed" testListId="8c84fa94-04c1-424b-9868-57a2d4851a1d" relativeResultsDirectory="b323855e-2ef2-4b05-9ee4-1a626897949f" />
    <UnitTestResult executionId="d52caf68-9adb-44a5-bf36-f7fc9d769b36" testId="85ef9628-b330-df63-e0f9-c5f24aa74078" testName="HttpClientCommunicatorWrapper_SendAsync_Success" computerName="DKSR-EFI-04" duration="00:00:00.0012826" startTime="2023-12-22T09:33:30.9124904+01:00" endTime="2023-12-22T09:33:30.9124904+01:00" testType="13cdc9d9-ddb5-4fa4-a97d-d965ccfc6d4b" outcome="Passed" testListId="8c84fa94-04c1-424b-9868-57a2d4851a1d" relativeResultsDirectory="d52caf68-9adb-44a5-bf36-f7fc9d769b36" />
    <UnitTestResult executionId="ea08afeb-48fa-4846-b5a0-a7e07a4da24c" testId="27d5ab36-e134-151f-9531-716552d085c2" testName="CustomLicenseType_FeatureFlagPresent" computerName="DKSR-EFI-04" duration="00:00:00.0007467" startTime="2023-12-22T09:33:37.2406458+01:00" endTime="2023-12-22T09:33:37.2406458+01:00" testType="13cdc9d9-ddb5-4fa4-a97d-d965ccfc6d4b" outcome="Passed" testListId="8c84fa94-04c1-424b-9868-57a2d4851a1d" relativeResultsDirectory="ea08afeb-48fa-4846-b5a0-a7e07a4da24c" />
    <UnitTestResult executionId="731fcfab-6b30-4eab-9819-bde0d80bbb3a" testId="c3dae83f-80d8-e6ed-7f70-cd97e7498d26" testName="ServerFileStorage_CreateTwoStreams_Exception" computerName="DKSR-EFI-04" duration="00:00:00.0007884" startTime="2023-12-22T09:33:29.0374831+01:00" endTime="2023-12-22T09:33:29.0374831+01:00" testType="13cdc9d9-ddb5-4fa4-a97d-d965ccfc6d4b" outcome="Passed" testListId="8c84fa94-04c1-424b-9868-57a2d4851a1d" relativeResultsDirectory="731fcfab-6b30-4eab-9819-bde0d80bbb3a" />
    <UnitTestResult executionId="4a134478-f116-4d3e-aecc-3190226f3cce" testId="f20f172f-0ff8-a9be-f910-26b0f4098c1d" testName="ModelValidation_RequiredPropertiesAreNull_Failed" computerName="DKSR-EFI-04" duration="00:00:00.0024442" startTime="2023-12-22T09:33:31.4281171+01:00" endTime="2023-12-22T09:33:31.4281171+01:00" testType="13cdc9d9-ddb5-4fa4-a97d-d965ccfc6d4b" outcome="Passed" testListId="8c84fa94-04c1-424b-9868-57a2d4851a1d" relativeResultsDirectory="4a134478-f116-4d3e-aecc-3190226f3cce" />
    <UnitTestResult executionId="273e4cd8-d6b9-421d-8c9c-940e5dbe4628" testId="7be8c895-2c24-951c-351b-14dd4773fffb" testName="LicenseDocument_Constructor_ThrowsLicenseException_OnInvalidData" computerName="DKSR-EFI-04" duration="00:00:00.0009028" startTime="2023-12-22T09:33:44.2406814+01:00" endTime="2023-12-22T09:33:44.2406814+01:00" testType="13cdc9d9-ddb5-4fa4-a97d-d965ccfc6d4b" outcome="Passed" testListId="8c84fa94-04c1-424b-9868-57a2d4851a1d" relativeResultsDirectory="273e4cd8-d6b9-421d-8c9c-940e5dbe4628" />
    <UnitTestResult executionId="3eefcfe8-1253-4d49-b1bd-7450540ecd60" testId="3f31dbe9-06e2-6a2a-13b1-958cc5320b2c" testName="WarningResponseModel_NoValuesSet_ValidationFailure" computerName="DKSR-EFI-04" duration="00:00:00.0011590" startTime="2023-12-22T09:33:32.1937477+01:00" endTime="2023-12-22T09:33:32.1937477+01:00" testType="13cdc9d9-ddb5-4fa4-a97d-d965ccfc6d4b" outcome="Passed" testListId="8c84fa94-04c1-424b-9868-57a2d4851a1d" relativeResultsDirectory="3eefcfe8-1253-4d49-b1bd-7450540ecd60" />
    <UnitTestResult executionId="09da03f5-62b9-49dd-9a37-59e7e6879bad" testId="b3f25df2-bbf0-f1eb-b76b-e36e91215ec6" testName="CalculateLicenseRequirements_On1ICPHardwareWith6Channels_ReturnsTrue" computerName="DKSR-EFI-04" duration="00:00:00.0005819" startTime="2023-12-22T09:33:37.9437771+01:00" endTime="2023-12-22T09:33:37.9437771+01:00" testType="13cdc9d9-ddb5-4fa4-a97d-d965ccfc6d4b" outcome="Passed" testListId="8c84fa94-04c1-424b-9868-57a2d4851a1d" relativeResultsDirectory="09da03f5-62b9-49dd-9a37-59e7e6879bad" />
    <UnitTestResult executionId="722d6071-f849-4b43-9270-7efdcf52648d" testId="acb75f21-d78a-1ad7-20b2-f18a1ce3ed5b" testName="ReadAttributeAsInt32_RangeCheck_Min" computerName="DKSR-EFI-04" duration="00:00:00.0015454" startTime="2023-12-22T09:33:23.7874576+01:00" endTime="2023-12-22T09:33:23.7874576+01:00" testType="13cdc9d9-ddb5-4fa4-a97d-d965ccfc6d4b" outcome="Passed" testListId="8c84fa94-04c1-424b-9868-57a2d4851a1d" relativeResultsDirectory="722d6071-f849-4b43-9270-7efdcf52648d" />
    <UnitTestResult executionId="3b3b7654-457e-4bae-9ed4-9266473a00f1" testId="f30629b3-f1a4-db93-062d-b74e12960eb9" testName="ServiceDiscoveryEngine_Construction_Timer_ArgumentNullException" computerName="DKSR-EFI-04" duration="00:00:00.0005284" startTime="2023-12-22T09:33:32.2093713+01:00" endTime="2023-12-22T09:33:32.2093713+01:00" testType="13cdc9d9-ddb5-4fa4-a97d-d965ccfc6d4b" outcome="Passed" testListId="8c84fa94-04c1-424b-9868-57a2d4851a1d" relativeResultsDirectory="3b3b7654-457e-4bae-9ed4-9266473a00f1" />
    <UnitTestResult executionId="60264b51-37ab-4ebe-bd4a-6d8c98e56387" testId="9c54aa12-fd89-c33f-e419-3ea044930a92" testName="LicenseCalculationResult_Validate_Null_HardwareName_ConvertsToStringEmpty" computerName="DKSR-EFI-04" duration="00:00:00.0002761" startTime="2023-12-22T09:33:37.8812772+01:00" endTime="2023-12-22T09:33:37.8812772+01:00" testType="13cdc9d9-ddb5-4fa4-a97d-d965ccfc6d4b" outcome="Passed" testListId="8c84fa94-04c1-424b-9868-57a2d4851a1d" relativeResultsDirectory="60264b51-37ab-4ebe-bd4a-6d8c98e56387" />
    <UnitTestResult executionId="f6928a62-d97f-478c-a1ed-a6c409713142" testId="e3a6b04a-5403-c41f-2de4-763cc43587bb" testName="HardwareInfo_EnabledCameraIndexes_ReturnsEmptyArrayWhenNoEnabledCameras" computerName="DKSR-EFI-04" duration="00:00:00.0004310" startTime="2023-12-22T09:33:37.5843987+01:00" endTime="2023-12-22T09:33:37.5843987+01:00" testType="13cdc9d9-ddb5-4fa4-a97d-d965ccfc6d4b" outcome="Passed" testListId="8c84fa94-04c1-424b-9868-57a2d4851a1d" relativeResultsDirectory="f6928a62-d97f-478c-a1ed-a6c409713142" />
    <UnitTestResult executionId="58036b25-c778-4e03-9a9d-c4ea2edc6cbc" testId="0afc5b19-2f9a-a4af-89db-f08c893b6820" testName="TestSetRegionFillsTheRegions" computerName="DKSR-EFI-04" duration="00:00:00.0004773" startTime="2023-12-22T09:33:46.2094407+01:00" endTime="2023-12-22T09:33:46.2094407+01:00" testType="13cdc9d9-ddb5-4fa4-a97d-d965ccfc6d4b" outcome="Passed" testListId="8c84fa94-04c1-424b-9868-57a2d4851a1d" relativeResultsDirectory="58036b25-c778-4e03-9a9d-c4ea2edc6cbc" />
    <UnitTestResult executionId="63254cad-acc4-4115-80ef-ff6390adad7c" testId="acc3616e-6edb-c21d-85f8-23038da3543e" testName="Validate_PartialMatch_Found_MiddleOfWord_UpperCase_Success" computerName="DKSR-EFI-04" duration="00:00:00.0001852" startTime="2023-12-22T09:33:44.8344336+01:00" endTime="2023-12-22T09:33:44.8344336+01:00" testType="13cdc9d9-ddb5-4fa4-a97d-d965ccfc6d4b" outcome="Passed" testListId="8c84fa94-04c1-424b-9868-57a2d4851a1d" relativeResultsDirectory="63254cad-acc4-4115-80ef-ff6390adad7c" />
    <UnitTestResult executionId="8353a779-af75-441f-8157-cdb8f51de64b" testId="5b07b8b5-0843-c362-828d-b7a85b237cff" testName="Constructor_BaseAddressIsNull_ArgumentNullExceptionThrown" computerName="DKSR-EFI-04" duration="00:00:00.4058800" startTime="2023-12-22T09:33:19.8186859+01:00" endTime="2023-12-22T09:33:20.2249551+01:00" testType="13cdc9d9-ddb5-4fa4-a97d-d965ccfc6d4b" outcome="Passed" testListId="8c84fa94-04c1-424b-9868-57a2d4851a1d" relativeResultsDirectory="8353a779-af75-441f-8157-cdb8f51de64b">
      <Output>
        <StdOut>Debug Trace:&#xD;
Fail: Argument null</StdOut>
      </Output>
    </UnitTestResult>
    <UnitTestResult executionId="76ec1e13-d779-441a-9d69-f39506fc99f0" testId="efeeeeba-7374-d6a4-c7f7-3faa2a981326" testName="Send_TokenCancellationExceptionThrown_ExceptionLoggedAndTimeoutExceptionThrown" computerName="DKSR-EFI-04" duration="00:00:00.0095410" startTime="2023-12-22T09:33:20.9124436+01:00" endTime="2023-12-22T09:33:20.9280691+01:00" testType="13cdc9d9-ddb5-4fa4-a97d-d965ccfc6d4b" outcome="Passed" testListId="8c84fa94-04c1-424b-9868-57a2d4851a1d" relativeResultsDirectory="76ec1e13-d779-441a-9d69-f39506fc99f0" />
    <UnitTestResult executionId="b6e44b26-2aff-491e-a94b-9d5bcc05cf47" testId="ee9b5af4-e9c6-d9cb-cf7b-5e10ca626f46" testName="IsEnumerationValueAac_ReturnsTrue_OnValueContaingAac" computerName="DKSR-EFI-04" duration="00:00:00.0045034" startTime="2023-12-22T09:33:45.0375597+01:00" endTime="2023-12-22T09:33:45.0375597+01:00" testType="13cdc9d9-ddb5-4fa4-a97d-d965ccfc6d4b" outcome="Passed" testListId="8c84fa94-04c1-424b-9868-57a2d4851a1d" relativeResultsDirectory="b6e44b26-2aff-491e-a94b-9d5bcc05cf47" />
    <UnitTestResult executionId="aee00c81-b754-4f55-a436-ed1bd947d6ca" testId="1af8c970-9b54-959f-3ed6-d23b016e9ec7" testName="ServerFileStorage_Starts_TemporaryCleanupService" computerName="DKSR-EFI-04" duration="00:00:00.0002820" startTime="2023-12-22T09:33:29.0843576+01:00" endTime="2023-12-22T09:33:29.0843576+01:00" testType="13cdc9d9-ddb5-4fa4-a97d-d965ccfc6d4b" outcome="Passed" testListId="8c84fa94-04c1-424b-9868-57a2d4851a1d" relativeResultsDirectory="aee00c81-b754-4f55-a436-ed1bd947d6ca" />
    <UnitTestResult executionId="4fce6496-e950-4aac-b895-edc3447ab6c2" testId="76ee60ce-bef2-38f8-84fa-8071278cc569" testName="FileUploadSynchronizer_Upload_SameFile_To_SameRecorder_Twice_WithDelay_UploadsTwice" computerName="DKSR-EFI-04" duration="00:00:00.1082924" startTime="2023-12-22T09:33:24.5062108+01:00" endTime="2023-12-22T09:33:24.6155847+01:00" testType="13cdc9d9-ddb5-4fa4-a97d-d965ccfc6d4b" outcome="Passed" testListId="8c84fa94-04c1-424b-9868-57a2d4851a1d" relativeResultsDirectory="4fce6496-e950-4aac-b895-edc3447ab6c2" />
    <UnitTestResult executionId="53d7de35-6e2c-468c-a3ab-c82add9fdbb6" testId="223879b6-1bce-182a-ac69-2d7e1b786d11" testName="Construct_RequestContainer_InvalidLicenseIntegrationDataNull_ThrowsArgumentNullException" computerName="DKSR-EFI-04" duration="00:00:00.0001361" startTime="2023-12-22T09:33:44.1938072+01:00" endTime="2023-12-22T09:33:44.1938072+01:00" testType="13cdc9d9-ddb5-4fa4-a97d-d965ccfc6d4b" outcome="Passed" testListId="8c84fa94-04c1-424b-9868-57a2d4851a1d" relativeResultsDirectory="53d7de35-6e2c-468c-a3ab-c82add9fdbb6" />
    <UnitTestResult executionId="4ef628e4-9bab-4b76-8064-8d057dde94a1" testId="3067b64d-f72d-4368-4e23-dce52d27333a" testName="ReadChildElementValueAsUInt16_InvalidData_NegativeNumber" computerName="DKSR-EFI-04" duration="00:00:00.0004017" startTime="2023-12-22T09:33:23.8655834+01:00" endTime="2023-12-22T09:33:23.8655834+01:00" testType="13cdc9d9-ddb5-4fa4-a97d-d965ccfc6d4b" outcome="Passed" testListId="8c84fa94-04c1-424b-9868-57a2d4851a1d" relativeResultsDirectory="4ef628e4-9bab-4b76-8064-8d057dde94a1" />
    <UnitTestResult executionId="e99dd70a-a4de-4796-a645-22d9c2146f0c" testId="08b9aa2a-4c76-ae65-2ac2-b475d0e3b070" testName="IPHardwareBlockCollection_Remove_Null_Throws_ArgumentNullException" computerName="DKSR-EFI-04" duration="00:00:00.0177088" startTime="2023-12-22T09:33:47.0375719+01:00" endTime="2023-12-22T09:33:47.0531960+01:00" testType="13cdc9d9-ddb5-4fa4-a97d-d965ccfc6d4b" outcome="Passed" testListId="8c84fa94-04c1-424b-9868-57a2d4851a1d" relativeResultsDirectory="e99dd70a-a4de-4796-a645-22d9c2146f0c">
      <Output>
        <StdOut>Debug Trace:&#xD;
Fail: Argument null.</StdOut>
      </Output>
    </UnitTestResult>
    <UnitTestResult executionId="2115e0d4-39e5-4a98-a0c7-49b2a8688677" testId="d5ea1aa1-4eed-c500-3b96-f6b4cdc873a8" testName="BaseHtmlLicenseReport_CreatePNode_WithClassName_ValidText_Success" computerName="DKSR-EFI-04" duration="00:00:00.0001525" startTime="2023-12-22T09:33:37.1937698+01:00" endTime="2023-12-22T09:33:37.1937698+01:00" testType="13cdc9d9-ddb5-4fa4-a97d-d965ccfc6d4b" outcome="Passed" testListId="8c84fa94-04c1-424b-9868-57a2d4851a1d" relativeResultsDirectory="2115e0d4-39e5-4a98-a0c7-49b2a8688677" />
    <UnitTestResult executionId="1022bbbf-161a-4285-8a81-0c965018854e" testId="f8511e92-1ab8-f006-d255-49913a7dc87b" testName="LocalCommandProcessorResponseCollector_GetNextResponse_MultipleResponses" computerName="DKSR-EFI-04" duration="00:00:00.0494785" startTime="2023-12-22T09:33:47.5844482+01:00" endTime="2023-12-22T09:33:47.6469480+01:00" testType="13cdc9d9-ddb5-4fa4-a97d-d965ccfc6d4b" outcome="Passed" testListId="8c84fa94-04c1-424b-9868-57a2d4851a1d" relativeResultsDirectory="1022bbbf-161a-4285-8a81-0c965018854e" />
    <UnitTestResult executionId="4a9d7c9d-777b-46bf-b1b2-443614ebf80c" testId="ff6c75a8-130a-8924-3015-b235afcf0212" testName="WhiteList_IsHardwareWhiteListed_NotWhiteListed_ReturnsFalse_ChannelLicenseCountIs5" computerName="DKSR-EFI-04" duration="00:00:00.0005602" startTime="2023-12-22T09:33:44.6938088+01:00" endTime="2023-12-22T09:33:44.7094338+01:00" testType="13cdc9d9-ddb5-4fa4-a97d-d965ccfc6d4b" outcome="Passed" testListId="8c84fa94-04c1-424b-9868-57a2d4851a1d" relativeResultsDirectory="4a9d7c9d-777b-46bf-b1b2-443614ebf80c" />
    <UnitTestResult executionId="5a031f80-d25f-441e-bde4-7e9a9ff9c478" testId="a0015672-68ce-89c4-1858-60a57ada23c1" testName="ServerFileStorage_PurgeDataFolder_DeletesFiles" computerName="DKSR-EFI-04" duration="00:00:00.0115529" startTime="2023-12-22T09:33:29.0687330+01:00" endTime="2023-12-22T09:33:29.0687330+01:00" testType="13cdc9d9-ddb5-4fa4-a97d-d965ccfc6d4b" outcome="Passed" testListId="8c84fa94-04c1-424b-9868-57a2d4851a1d" relativeResultsDirectory="5a031f80-d25f-441e-bde4-7e9a9ff9c478" />
    <UnitTestResult executionId="2a488916-4b5d-46d1-ab66-d074452fc644" testId="dd5c21a1-83eb-caf9-c51c-2774a75fa9c0" testName="ModelValidation_ValidModel_Success" computerName="DKSR-EFI-04" duration="00:00:00.0010561" startTime="2023-12-22T09:33:31.7562436+01:00" endTime="2023-12-22T09:33:31.7562436+01:00" testType="13cdc9d9-ddb5-4fa4-a97d-d965ccfc6d4b" outcome="Passed" testListId="8c84fa94-04c1-424b-9868-57a2d4851a1d" relativeResultsDirectory="2a488916-4b5d-46d1-ab66-d074452fc644" />
    <UnitTestResult executionId="c944e057-f0b8-4dd1-a327-53adc688b31d" testId="130f1d31-4e3b-f47a-5ffa-e1e0aa4b66b9" testName="PtzPresetCollection_KeyIndexer_Success" computerName="DKSR-EFI-04" duration="00:00:00.0004845" startTime="2023-12-22T09:33:24.4124606+01:00" endTime="2023-12-22T09:33:24.4124606+01:00" testType="13cdc9d9-ddb5-4fa4-a97d-d965ccfc6d4b" outcome="Passed" testListId="8c84fa94-04c1-424b-9868-57a2d4851a1d" relativeResultsDirectory="c944e057-f0b8-4dd1-a327-53adc688b31d" />
    <UnitTestResult executionId="0ddf8283-4a45-404b-9cd0-bcbd88525f20" testId="2542f3d1-3cdc-cf6a-9a74-108a02079f30" testName="FileUploadSynchronizer_Upload_DifferentFiles_To_SameRecorder_Twice_UploadsTwice_ChecksExistsFourTimes" computerName="DKSR-EFI-04" duration="00:00:00.0007086" startTime="2023-12-22T09:33:24.4905853+01:00" endTime="2023-12-22T09:33:24.5062108+01:00" testType="13cdc9d9-ddb5-4fa4-a97d-d965ccfc6d4b" outcome="Passed" testListId="8c84fa94-04c1-424b-9868-57a2d4851a1d" relativeResultsDirectory="0ddf8283-4a45-404b-9cd0-bcbd88525f20" />
    <UnitTestResult executionId="0efe49f3-f446-4f8f-9ffc-aca47955b9e3" testId="001f96d2-83cb-0e28-b3e5-56086532567c" testName="Constructor_ThrowsException_WhenICPHardwareInfosInListHaveDifferentMacAddresses" computerName="DKSR-EFI-04" duration="00:00:00.0009531" startTime="2023-12-22T09:33:37.1781470+01:00" endTime="2023-12-22T09:33:37.1781470+01:00" testType="13cdc9d9-ddb5-4fa4-a97d-d965ccfc6d4b" outcome="Passed" testListId="8c84fa94-04c1-424b-9868-57a2d4851a1d" relativeResultsDirectory="0efe49f3-f446-4f8f-9ffc-aca47955b9e3" />
    <UnitTestResult executionId="902c2c60-6de9-4cd3-8d5f-33401ef0e5a5" testId="978eb37b-9205-133a-243e-f6d1f0a5fd91" testName="IsMember" computerName="DKSR-EFI-04" duration="00:00:00.0009935" startTime="2023-12-22T09:33:47.9125734+01:00" endTime="2023-12-22T09:33:47.9282011+01:00" testType="13cdc9d9-ddb5-4fa4-a97d-d965ccfc6d4b" outcome="Passed" testListId="8c84fa94-04c1-424b-9868-57a2d4851a1d" relativeResultsDirectory="902c2c60-6de9-4cd3-8d5f-33401ef0e5a5" />
    <UnitTestResult executionId="c3ef57c6-2b9e-4585-a95f-28a734f258ea" testId="25fc7e88-a2c3-3844-bb7c-510941df4618" testName="CreateHttpsUri_HttpDefaultPort_UsePort65535_BecomesHttpsPort65535" computerName="DKSR-EFI-04" duration="00:00:00.0001776" startTime="2023-12-22T09:33:47.4750728+01:00" endTime="2023-12-22T09:33:47.4750728+01:00" testType="13cdc9d9-ddb5-4fa4-a97d-d965ccfc6d4b" outcome="Passed" testListId="8c84fa94-04c1-424b-9868-57a2d4851a1d" relativeResultsDirectory="c3ef57c6-2b9e-4585-a95f-28a734f258ea" />
    <UnitTestResult executionId="4cd9c6f0-466e-4514-bb79-5916bc0fee72" testId="ef3ab5a6-ab64-2248-5466-efa07c45b7f4" testName="Transform_XmlHasSystemSetting_SystemSettingIsTransformed" computerName="DKSR-EFI-04" duration="00:00:00.0026968" startTime="2023-12-22T09:33:46.9750730+01:00" endTime="2023-12-22T09:33:46.9750730+01:00" testType="13cdc9d9-ddb5-4fa4-a97d-d965ccfc6d4b" outcome="Passed" testListId="8c84fa94-04c1-424b-9868-57a2d4851a1d" relativeResultsDirectory="4cd9c6f0-466e-4514-bb79-5916bc0fee72" />
    <UnitTestResult executionId="ccb82ff2-f18e-4332-854f-58460b6bfe4e" testId="41caa7ba-f856-c906-dff0-8d244b9f6d95" testName="FeatureManager_GetFeatureParameterValue_License_Doc_Null" computerName="DKSR-EFI-04" duration="00:00:00.0003812" startTime="2023-12-22T09:33:37.3500217+01:00" endTime="2023-12-22T09:33:37.3500217+01:00" testType="13cdc9d9-ddb5-4fa4-a97d-d965ccfc6d4b" outcome="Passed" testListId="8c84fa94-04c1-424b-9868-57a2d4851a1d" relativeResultsDirectory="ccb82ff2-f18e-4332-854f-58460b6bfe4e" />
    <UnitTestResult executionId="40ee09d2-2dff-4378-a58f-5f9d30aa08e9" testId="785bcb6a-a901-4c1b-60ba-1af9a59d4f8a" testName="LicenseDocument_IsFeatureLicensed_SmartWallFeatureExpired" computerName="DKSR-EFI-04" duration="00:00:00.0016535" startTime="2023-12-22T09:33:44.2719308+01:00" endTime="2023-12-22T09:33:44.2719308+01:00" testType="13cdc9d9-ddb5-4fa4-a97d-d965ccfc6d4b" outcome="Passed" testListId="8c84fa94-04c1-424b-9868-57a2d4851a1d" relativeResultsDirectory="40ee09d2-2dff-4378-a58f-5f9d30aa08e9" />
    <UnitTestResult executionId="f349d790-d2f3-40ee-9bef-14cdf9731188" testId="4c958b94-ea17-6bbf-3521-d59112a0937f" testName="Call_HttpPost_InvalidParam_TimeoutInvalid_ThrowsArgumentOutOfRangeException" computerName="DKSR-EFI-04" duration="00:00:00.0006398" startTime="2023-12-22T09:33:47.1157506+01:00" endTime="2023-12-22T09:33:47.1157506+01:00" testType="13cdc9d9-ddb5-4fa4-a97d-d965ccfc6d4b" outcome="Passed" testListId="8c84fa94-04c1-424b-9868-57a2d4851a1d" relativeResultsDirectory="f349d790-d2f3-40ee-9bef-14cdf9731188" />
    <UnitTestResult executionId="93dc8750-1459-4b28-af51-5b46ddb80d16" testId="0e8e8f51-e792-357b-775e-46170c5c6d6b" testName="ReadChildElementValueAsUInt64_RangeCheck_Min_Exact" computerName="DKSR-EFI-04" duration="00:00:00.0029564" startTime="2023-12-22T09:33:23.8812067+01:00" endTime="2023-12-22T09:33:23.8812067+01:00" testType="13cdc9d9-ddb5-4fa4-a97d-d965ccfc6d4b" outcome="Passed" testListId="8c84fa94-04c1-424b-9868-57a2d4851a1d" relativeResultsDirectory="93dc8750-1459-4b28-af51-5b46ddb80d16" />
    <UnitTestResult executionId="83e43472-9369-4f82-b5d5-ba93abb0f3bd" testId="14983635-813a-a1e2-d7f3-99a0e0a5521d" testName="SecurityTokenCollectionDto_Deserialization_Success" computerName="DKSR-EFI-04" duration="00:00:00.0035177" startTime="2023-12-22T09:33:47.5375736+01:00" endTime="2023-12-22T09:33:47.5531977+01:00" testType="13cdc9d9-ddb5-4fa4-a97d-d965ccfc6d4b" outcome="Passed" testListId="8c84fa94-04c1-424b-9868-57a2d4851a1d" relativeResultsDirectory="83e43472-9369-4f82-b5d5-ba93abb0f3bd" />
    <UnitTestResult executionId="7ddb3850-7d67-4e20-a1b5-21f082f5d3aa" testId="b2202068-dd01-3c42-d6c6-818152ed9597" testName="TestGetRegionsAsByteArray" computerName="DKSR-EFI-04" duration="00:00:00.0005876" startTime="2023-12-22T09:33:46.2406932+01:00" endTime="2023-12-22T09:33:46.2406932+01:00" testType="13cdc9d9-ddb5-4fa4-a97d-d965ccfc6d4b" outcome="Passed" testListId="8c84fa94-04c1-424b-9868-57a2d4851a1d" relativeResultsDirectory="7ddb3850-7d67-4e20-a1b5-21f082f5d3aa" />
    <UnitTestResult executionId="4269da3e-47bc-4be0-9c60-7da7d9d203d6" testId="70027afe-27b0-3017-ebbc-8fc0f42ca82f" testName="WhiteList_CreateInstanceWithoutVersionAttributeParameter_RaisesArgumentException" computerName="DKSR-EFI-04" duration="00:00:00.0006686" startTime="2023-12-22T09:33:44.6156834+01:00" endTime="2023-12-22T09:33:44.6156834+01:00" testType="13cdc9d9-ddb5-4fa4-a97d-d965ccfc6d4b" outcome="Passed" testListId="8c84fa94-04c1-424b-9868-57a2d4851a1d" relativeResultsDirectory="4269da3e-47bc-4be0-9c60-7da7d9d203d6" />
    <UnitTestResult executionId="69fbd3f3-951c-4fd9-89d9-71557b0daf19" testId="c96481bf-026f-b4f1-4712-7c2424dec067" testName="DatabaseXmlConverter_XmlIdsToGuids_WrongElements_None" computerName="DKSR-EFI-04" duration="00:00:00.0048349" startTime="2023-12-22T09:33:21.7093206+01:00" endTime="2023-12-22T09:33:21.7249456+01:00" testType="13cdc9d9-ddb5-4fa4-a97d-d965ccfc6d4b" outcome="Passed" testListId="8c84fa94-04c1-424b-9868-57a2d4851a1d" relativeResultsDirectory="69fbd3f3-951c-4fd9-89d9-71557b0daf19" />
    <UnitTestResult executionId="d141ae26-0e7a-47be-b6de-b08c511f2857" testId="531e2ccf-1e8d-f6f7-f55a-93fb4331821d" testName="Create_IsNotKnownType_ReturnsNull" computerName="DKSR-EFI-04" duration="00:00:00.0001305" startTime="2023-12-22T09:33:47.0063197+01:00" endTime="2023-12-22T09:33:47.0063197+01:00" testType="13cdc9d9-ddb5-4fa4-a97d-d965ccfc6d4b" outcome="Passed" testListId="8c84fa94-04c1-424b-9868-57a2d4851a1d" relativeResultsDirectory="d141ae26-0e7a-47be-b6de-b08c511f2857" />
    <UnitTestResult executionId="78cac9aa-8c04-44b6-b479-90c104cbb7a3" testId="70971d6f-006f-6b7c-1193-edcff8bb49bd" testName="SendWithReturnValue_NoError_TaskIsExecutedAndCorrectResponseReceived" computerName="DKSR-EFI-04" duration="00:00:00.0502849" startTime="2023-12-22T09:33:20.7718170+01:00" endTime="2023-12-22T09:33:20.8186929+01:00" testType="13cdc9d9-ddb5-4fa4-a97d-d965ccfc6d4b" outcome="Passed" testListId="8c84fa94-04c1-424b-9868-57a2d4851a1d" relativeResultsDirectory="78cac9aa-8c04-44b6-b479-90c104cbb7a3" />
    <UnitTestResult executionId="8abe522a-8e78-4b53-b9ed-9f48a3186da1" testId="e7e078de-2425-c7b4-c3e2-f67e5862d887" testName="Validate_PartialMatch_Found_MiddleOfWord_LowerCase_Success" computerName="DKSR-EFI-04" duration="00:00:00.0001742" startTime="2023-12-22T09:33:44.8188088+01:00" endTime="2023-12-22T09:33:44.8188088+01:00" testType="13cdc9d9-ddb5-4fa4-a97d-d965ccfc6d4b" outcome="Passed" testListId="8c84fa94-04c1-424b-9868-57a2d4851a1d" relativeResultsDirectory="8abe522a-8e78-4b53-b9ed-9f48a3186da1" />
    <UnitTestResult executionId="d741a02b-91f5-40ba-b9fd-f9e7917c4c8e" testId="1c31798d-ebb8-6716-a1de-beac6a67d99f" testName="Xml_To_Config_To_Xml_Success" computerName="DKSR-EFI-04" duration="00:00:00.0008967" startTime="2023-12-22T09:33:46.4438190+01:00" endTime="2023-12-22T09:33:46.4438190+01:00" testType="13cdc9d9-ddb5-4fa4-a97d-d965ccfc6d4b" outcome="Passed" testListId="8c84fa94-04c1-424b-9868-57a2d4851a1d" relativeResultsDirectory="d741a02b-91f5-40ba-b9fd-f9e7917c4c8e" />
    <UnitTestResult executionId="3b2291c9-5585-40ca-b58f-3310ca5cebc0" testId="94c9c17d-5b29-dbc2-e9fb-ad06e996284d" testName="ServiceDiscoveryEngine_Construction_TimespanMax_ArgumentOutOfRangeException" computerName="DKSR-EFI-04" duration="00:00:00.0004941" startTime="2023-12-22T09:33:32.2093713+01:00" endTime="2023-12-22T09:33:32.2093713+01:00" testType="13cdc9d9-ddb5-4fa4-a97d-d965ccfc6d4b" outcome="Passed" testListId="8c84fa94-04c1-424b-9868-57a2d4851a1d" relativeResultsDirectory="3b2291c9-5585-40ca-b58f-3310ca5cebc0" />
    <UnitTestResult executionId="645ce086-1df7-455b-9456-10fe9ebc65d4" testId="b4b7e18f-651d-e1f8-ff22-f004b70110a9" testName="FeatureManager_GetFeatureParameterValueT_Int_OutOfRange_Value" computerName="DKSR-EFI-04" duration="00:00:00.0007404" startTime="2023-12-22T09:33:37.3968994+01:00" endTime="2023-12-22T09:33:37.3968994+01:00" testType="13cdc9d9-ddb5-4fa4-a97d-d965ccfc6d4b" outcome="Passed" testListId="8c84fa94-04c1-424b-9868-57a2d4851a1d" relativeResultsDirectory="645ce086-1df7-455b-9456-10fe9ebc65d4" />
    <UnitTestResult executionId="f3376c13-f58f-4c1a-b649-949603f595b6" testId="17fa2fd1-7883-271f-267b-2cd622394c50" testName="GetPresetByKey_ByIdMoreThanOnePreset" computerName="DKSR-EFI-04" duration="00:00:00.0006858" startTime="2023-12-22T09:33:24.4280843+01:00" endTime="2023-12-22T09:33:24.4280843+01:00" testType="13cdc9d9-ddb5-4fa4-a97d-d965ccfc6d4b" outcome="Passed" testListId="8c84fa94-04c1-424b-9868-57a2d4851a1d" relativeResultsDirectory="f3376c13-f58f-4c1a-b649-949603f595b6" />
    <UnitTestResult executionId="4bf1a7fd-41b6-4aa5-ab95-76bb0d4505f5" testId="b51d282a-fa74-3472-3807-95d6f3d23f2f" testName="ModelValidation_ValidModel_Success" computerName="DKSR-EFI-04" duration="00:00:00.0009498" startTime="2023-12-22T09:33:31.7718700+01:00" endTime="2023-12-22T09:33:31.7718700+01:00" testType="13cdc9d9-ddb5-4fa4-a97d-d965ccfc6d4b" outcome="Passed" testListId="8c84fa94-04c1-424b-9868-57a2d4851a1d" relativeResultsDirectory="4bf1a7fd-41b6-4aa5-ab95-76bb0d4505f5" />
    <UnitTestResult executionId="59f4c77f-8bca-4e87-90d6-87c0f83d3073" testId="ac46994b-04a8-77ef-2066-246951340cea" testName="FeatureManager_TryGetFeatureParameterValueT_Int_OutOfRange_Value" computerName="DKSR-EFI-04" duration="00:00:00.0003918" startTime="2023-12-22T09:33:37.4281491+01:00" endTime="2023-12-22T09:33:37.4281491+01:00" testType="13cdc9d9-ddb5-4fa4-a97d-d965ccfc6d4b" outcome="Passed" testListId="8c84fa94-04c1-424b-9868-57a2d4851a1d" relativeResultsDirectory="59f4c77f-8bca-4e87-90d6-87c0f83d3073" />
    <UnitTestResult executionId="b2409aad-56f6-4426-9172-dc496bcb1042" testId="d9341b03-4633-4c3c-606b-082a601aa165" testName="ResponseException_DefaultConstruct_Success" computerName="DKSR-EFI-04" duration="00:00:00.0003561" startTime="2023-12-22T09:33:32.2406237+01:00" endTime="2023-12-22T09:33:32.2406237+01:00" testType="13cdc9d9-ddb5-4fa4-a97d-d965ccfc6d4b" outcome="Passed" testListId="8c84fa94-04c1-424b-9868-57a2d4851a1d" relativeResultsDirectory="b2409aad-56f6-4426-9172-dc496bcb1042" />
    <UnitTestResult executionId="2dac6b33-2a35-400d-bc93-a3755d128d69" testId="927fcf95-531f-3f66-c3c7-cf916d91798a" testName="QueryDeviceEvidenceLockSizesModelTests_Validate_Success" computerName="DKSR-EFI-04" duration="00:00:00.0014240" startTime="2023-12-22T09:33:31.4437441+01:00" endTime="2023-12-22T09:33:31.4593680+01:00" testType="13cdc9d9-ddb5-4fa4-a97d-d965ccfc6d4b" outcome="Passed" testListId="8c84fa94-04c1-424b-9868-57a2d4851a1d" relativeResultsDirectory="2dac6b33-2a35-400d-bc93-a3755d128d69" />
    <UnitTestResult executionId="292a2e2d-18bf-4531-a4c8-844146b5cb9a" testId="f96482fd-4b5b-b380-26cc-fd8ddcb86a8c" testName="IPHardwareBlockCollection_Load_Success" computerName="DKSR-EFI-04" duration="00:00:00.0229294" startTime="2023-12-22T09:33:47.0531960+01:00" endTime="2023-12-22T09:33:47.0844484+01:00" testType="13cdc9d9-ddb5-4fa4-a97d-d965ccfc6d4b" outcome="Passed" testListId="8c84fa94-04c1-424b-9868-57a2d4851a1d" relativeResultsDirectory="292a2e2d-18bf-4531-a4c8-844146b5cb9a" />
    <UnitTestResult executionId="2f2f483e-cea4-469a-9402-46d4f447c618" testId="e5d573ef-e69c-862b-8cbc-95ce7e56f71c" testName="ResponseModel_Validate_Success" computerName="DKSR-EFI-04" duration="00:00:00.0005816" startTime="2023-12-22T09:33:32.1468735+01:00" endTime="2023-12-22T09:33:32.1468735+01:00" testType="13cdc9d9-ddb5-4fa4-a97d-d965ccfc6d4b" outcome="Passed" testListId="8c84fa94-04c1-424b-9868-57a2d4851a1d" relativeResultsDirectory="2f2f483e-cea4-469a-9402-46d4f447c618" />
    <UnitTestResult executionId="8c78cd51-5c28-4a0a-84d7-a19c1f4c9a2a" testId="e55b8c51-82d3-d274-536b-026dd8f98a4e" testName="ReadChildElementValueAsInt32_NoChild" computerName="DKSR-EFI-04" duration="00:00:00.0004057" startTime="2023-12-22T09:33:23.7718322+01:00" endTime="2023-12-22T09:33:23.7718322+01:00" testType="13cdc9d9-ddb5-4fa4-a97d-d965ccfc6d4b" outcome="Passed" testListId="8c84fa94-04c1-424b-9868-57a2d4851a1d" relativeResultsDirectory="8c78cd51-5c28-4a0a-84d7-a19c1f4c9a2a" />
    <UnitTestResult executionId="7ccde46c-d90f-4faf-a404-e55842ace9f8" testId="d925d153-e12c-6dcf-09cc-189e9fc381bf" testName="ServiceContainer_GetTransient_Instance_Success" computerName="DKSR-EFI-04" duration="00:00:00.0083073" startTime="2023-12-22T09:33:21.5530713+01:00" endTime="2023-12-22T09:33:21.5686960+01:00" testType="13cdc9d9-ddb5-4fa4-a97d-d965ccfc6d4b" outcome="Passed" testListId="8c84fa94-04c1-424b-9868-57a2d4851a1d" relativeResultsDirectory="7ccde46c-d90f-4faf-a404-e55842ace9f8" />
    <UnitTestResult executionId="e502f064-8200-417d-a9ac-10365e3ee16c" testId="af3b303a-8825-f37f-fd4e-b39828971201" testName="RulesTableAdapter_SetUserSid_NullSid_ArgumentNullException" computerName="DKSR-EFI-04" duration="00:00:00.0090346" startTime="2023-12-22T09:33:46.7563197+01:00" endTime="2023-12-22T09:33:46.7719454+01:00" testType="13cdc9d9-ddb5-4fa4-a97d-d965ccfc6d4b" outcome="Passed" testListId="8c84fa94-04c1-424b-9868-57a2d4851a1d" relativeResultsDirectory="e502f064-8200-417d-a9ac-10365e3ee16c">
      <Output>
        <StdOut>Debug Trace:&#xD;
Fail: Argument null.</StdOut>
      </Output>
    </UnitTestResult>
    <UnitTestResult executionId="ed9f4588-2af4-4abe-847d-1f9ee3ed903b" testId="913e1e71-017b-1ef9-c257-070388fbfd68" testName="Transform_XmlHasHardwareSetting_HardwareSettingIsTransformed" computerName="DKSR-EFI-04" duration="00:00:00.0006302" startTime="2023-12-22T09:33:46.9750730+01:00" endTime="2023-12-22T09:33:46.9750730+01:00" testType="13cdc9d9-ddb5-4fa4-a97d-d965ccfc6d4b" outcome="Passed" testListId="8c84fa94-04c1-424b-9868-57a2d4851a1d" relativeResultsDirectory="ed9f4588-2af4-4abe-847d-1f9ee3ed903b" />
    <UnitTestResult executionId="aadf7bef-c9fd-4069-b4be-8d91cbcdf2e9" testId="9ff6268d-5453-69d9-7a5d-560fa480cf29" testName="ScanParameters_SerializationTest" computerName="DKSR-EFI-04" duration="00:00:00.0507237" startTime="2023-12-22T09:33:23.5530838+01:00" endTime="2023-12-22T09:33:23.5999563+01:00" testType="13cdc9d9-ddb5-4fa4-a97d-d965ccfc6d4b" outcome="Passed" testListId="8c84fa94-04c1-424b-9868-57a2d4851a1d" relativeResultsDirectory="aadf7bef-c9fd-4069-b4be-8d91cbcdf2e9" />
    <UnitTestResult executionId="d3b9fa19-b0a5-4be7-ac38-cefb4e5aa749" testId="b94988f6-0880-a8b5-f4a5-9fa1abe166d1" testName="RegisterRecorderModel_ValidModel_Success" computerName="DKSR-EFI-04" duration="00:00:00.0056194" startTime="2023-12-22T09:33:32.0531223+01:00" endTime="2023-12-22T09:33:32.0531223+01:00" testType="13cdc9d9-ddb5-4fa4-a97d-d965ccfc6d4b" outcome="Passed" testListId="8c84fa94-04c1-424b-9868-57a2d4851a1d" relativeResultsDirectory="d3b9fa19-b0a5-4be7-ac38-cefb4e5aa749" />
    <UnitTestResult executionId="7ec7fd94-4ad2-4fee-bc8d-b4c07e343f62" testId="945415cd-224b-6a51-d662-ea13ef7f9084" testName="ServiceConnectionStatus_Construction_TimespanZero_ArgumentException" computerName="DKSR-EFI-04" duration="00:00:00.0028675" startTime="2023-12-22T09:33:29.1156087+01:00" endTime="2023-12-22T09:33:29.1156087+01:00" testType="13cdc9d9-ddb5-4fa4-a97d-d965ccfc6d4b" outcome="Passed" testListId="8c84fa94-04c1-424b-9868-57a2d4851a1d" relativeResultsDirectory="7ec7fd94-4ad2-4fee-bc8d-b4c07e343f62" />
    <UnitTestResult executionId="1b6b8c71-a1e1-462b-9566-70c20999db99" testId="fa98cbad-f28a-a13a-1cad-c4a1e8ece779" testName="CreateHttpUri_HttpsDefaultPort_UsePortNegativeOne_ThrowsArgumentOutOfRangeException" computerName="DKSR-EFI-04" duration="00:00:00.0006456" startTime="2023-12-22T09:33:47.4125734+01:00" endTime="2023-12-22T09:33:47.4281971+01:00" testType="13cdc9d9-ddb5-4fa4-a97d-d965ccfc6d4b" outcome="Passed" testListId="8c84fa94-04c1-424b-9868-57a2d4851a1d" relativeResultsDirectory="1b6b8c71-a1e1-462b-9566-70c20999db99" />
    <UnitTestResult executionId="d8d760ce-04a4-4fa6-980b-7fe6abb0f7b0" testId="25f38605-f8c7-ce11-a81c-bbb611d669a8" testName="GroupConfigurationHelperEmpty" computerName="DKSR-EFI-04" duration="00:00:00.0014439" startTime="2023-12-22T09:33:34.3968820+01:00" endTime="2023-12-22T09:33:34.3968820+01:00" testType="13cdc9d9-ddb5-4fa4-a97d-d965ccfc6d4b" outcome="Passed" testListId="8c84fa94-04c1-424b-9868-57a2d4851a1d" relativeResultsDirectory="d8d760ce-04a4-4fa6-980b-7fe6abb0f7b0" />
    <UnitTestResult executionId="296f32b3-a885-4a28-81fa-e07f87fdb02e" testId="4cbff1e7-792c-03a2-2ac7-e1c18ad2e327" testName="TestGetRegionsAsByteArrayCopy" computerName="DKSR-EFI-04" duration="00:00:00.0004585" startTime="2023-12-22T09:33:46.2406932+01:00" endTime="2023-12-22T09:33:46.2406932+01:00" testType="13cdc9d9-ddb5-4fa4-a97d-d965ccfc6d4b" outcome="Passed" testListId="8c84fa94-04c1-424b-9868-57a2d4851a1d" relativeResultsDirectory="296f32b3-a885-4a28-81fa-e07f87fdb02e" />
    <UnitTestResult executionId="0b11a6ae-cea3-4a5d-b331-23a7c0f8ac30" testId="b3831e90-6f33-ed0c-47d4-34fdb0707b81" testName="Decrypt_DataSetHasEmptyPassword_PasswordIsStillEmpty" computerName="DKSR-EFI-04" duration="00:00:00.0042704" startTime="2023-12-22T09:33:46.4125703+01:00" endTime="2023-12-22T09:33:46.4281904+01:00" testType="13cdc9d9-ddb5-4fa4-a97d-d965ccfc6d4b" outcome="Passed" testListId="8c84fa94-04c1-424b-9868-57a2d4851a1d" relativeResultsDirectory="0b11a6ae-cea3-4a5d-b331-23a7c0f8ac30" />
    <UnitTestResult executionId="fc84b00f-dcee-4d9e-8457-caf6ed7829b2" testId="9ceb2df6-706b-6b77-4b6f-53f10678b1b7" testName="SendAsync_OnlyEndpoint_WithReturnType_NoError_TaskIsExecuted" computerName="DKSR-EFI-04" duration="00:00:00.0236400" startTime="2023-12-22T09:33:20.3186901+01:00" endTime="2023-12-22T09:33:20.3499413+01:00" testType="13cdc9d9-ddb5-4fa4-a97d-d965ccfc6d4b" outcome="Passed" testListId="8c84fa94-04c1-424b-9868-57a2d4851a1d" relativeResultsDirectory="fc84b00f-dcee-4d9e-8457-caf6ed7829b2" />
    <UnitTestResult executionId="78b9f495-f8f7-478a-ac1a-c69676b0a7d6" testId="aa018921-380f-7413-c103-457db55cc6d3" testName="RemoveHardwareSpecificInfoFromHardwareDefinitionXml1" computerName="DKSR-EFI-04" duration="00:00:00.0389888" startTime="2023-12-22T09:33:44.9125597+01:00" endTime="2023-12-22T09:33:44.9594369+01:00" testType="13cdc9d9-ddb5-4fa4-a97d-d965ccfc6d4b" outcome="Passed" testListId="8c84fa94-04c1-424b-9868-57a2d4851a1d" relativeResultsDirectory="78b9f495-f8f7-478a-ac1a-c69676b0a7d6" />
    <UnitTestResult executionId="34ac0ca0-bd5b-4d16-9d4e-a2a6e4f80d4b" testId="093f7c02-46d7-a5f5-7758-9246e49e6a3f" testName="GetRecorderSNMPId_Not_SNMP_Mapped" computerName="DKSR-EFI-04" duration="00:00:00.0001716" startTime="2023-12-22T09:33:45.1469365+01:00" endTime="2023-12-22T09:33:45.1469365+01:00" testType="13cdc9d9-ddb5-4fa4-a97d-d965ccfc6d4b" outcome="Passed" testListId="8c84fa94-04c1-424b-9868-57a2d4851a1d" relativeResultsDirectory="34ac0ca0-bd5b-4d16-9d4e-a2a6e4f80d4b" />
    <UnitTestResult executionId="a91e7645-4027-4912-9b72-4b52b2061a8b" testId="08dec44d-1c08-9a76-c0ec-d0a7bbbd645e" testName="ResponseModel_EmptyServiceId_ValidationFailure" computerName="DKSR-EFI-04" duration="00:00:00.0005919" startTime="2023-12-22T09:33:32.1468735+01:00" endTime="2023-12-22T09:33:32.1468735+01:00" testType="13cdc9d9-ddb5-4fa4-a97d-d965ccfc6d4b" outcome="Passed" testListId="8c84fa94-04c1-424b-9868-57a2d4851a1d" relativeResultsDirectory="a91e7645-4027-4912-9b72-4b52b2061a8b" />
    <UnitTestResult executionId="12c01352-341f-49ab-b80f-0cf3f2578efd" testId="1115d730-5f04-a13a-0ac8-51185c798157" testName="IsKnownId_Known" computerName="DKSR-EFI-04" duration="00:00:00.0094781" startTime="2023-12-22T09:33:45.1313106+01:00" endTime="2023-12-22T09:33:45.1313106+01:00" testType="13cdc9d9-ddb5-4fa4-a97d-d965ccfc6d4b" outcome="Passed" testListId="8c84fa94-04c1-424b-9868-57a2d4851a1d" relativeResultsDirectory="12c01352-341f-49ab-b80f-0cf3f2578efd" />
    <UnitTestResult executionId="2820c8b2-479e-480d-8698-d5d4d74da312" testId="be49edaa-7c8c-214f-98ad-1b05c75472a4" testName="ResponseException_ResponseSet_ResponseInException" computerName="DKSR-EFI-04" duration="00:00:00.0003077" startTime="2023-12-22T09:33:32.2406237+01:00" endTime="2023-12-22T09:33:32.2406237+01:00" testType="13cdc9d9-ddb5-4fa4-a97d-d965ccfc6d4b" outcome="Passed" testListId="8c84fa94-04c1-424b-9868-57a2d4851a1d" relativeResultsDirectory="2820c8b2-479e-480d-8698-d5d4d74da312" />
    <UnitTestResult executionId="5f4fe1a9-66d9-4fa5-9e0b-73e2bea41aea" testId="7659c934-2fed-c911-0cab-cf9b2974fa9d" testName="ServerFileStorageQuota_Update_AboveLimit_Fail" computerName="DKSR-EFI-04" duration="00:00:00.0001512" startTime="2023-12-22T09:33:28.9593568+01:00" endTime="2023-12-22T09:33:28.9593568+01:00" testType="13cdc9d9-ddb5-4fa4-a97d-d965ccfc6d4b" outcome="Passed" testListId="8c84fa94-04c1-424b-9868-57a2d4851a1d" relativeResultsDirectory="5f4fe1a9-66d9-4fa5-9e0b-73e2bea41aea" />
    <UnitTestResult executionId="b23fd788-b72c-4ea3-beed-e6585723b241" testId="8091c5f3-25f9-3c88-8050-0b10ac36b516" testName="LicenseDocument_GetParameterValue_NullParameter" computerName="DKSR-EFI-04" duration="00:00:00.0039609" startTime="2023-12-22T09:33:44.2875585+01:00" endTime="2023-12-22T09:33:44.2875585+01:00" testType="13cdc9d9-ddb5-4fa4-a97d-d965ccfc6d4b" outcome="Passed" testListId="8c84fa94-04c1-424b-9868-57a2d4851a1d" relativeResultsDirectory="b23fd788-b72c-4ea3-beed-e6585723b241" />
    <UnitTestResult executionId="bf198f1f-53bf-4541-828f-ac58ea5d654e" testId="4f3bc137-5510-9460-5012-f58e75f6f1d3" testName="FeatureManager_TryGetFeatureParameterValueT_Int_Valid_Value" computerName="DKSR-EFI-04" duration="00:00:00.0003178" startTime="2023-12-22T09:33:37.4281491+01:00" endTime="2023-12-22T09:33:37.4281491+01:00" testType="13cdc9d9-ddb5-4fa4-a97d-d965ccfc6d4b" outcome="Passed" testListId="8c84fa94-04c1-424b-9868-57a2d4851a1d" relativeResultsDirectory="bf198f1f-53bf-4541-828f-ac58ea5d654e" />
    <UnitTestResult executionId="eb009ac2-6278-4f1a-ab49-3e4f5538eb48" testId="0e3bbfa9-9b4c-e217-20f7-06aef70f85d5" testName="ExecuteRuleActionModel_ValidModel_Success" computerName="DKSR-EFI-04" duration="00:00:00.0014816" startTime="2023-12-22T09:33:31.8812439+01:00" endTime="2023-12-22T09:33:31.8812439+01:00" testType="13cdc9d9-ddb5-4fa4-a97d-d965ccfc6d4b" outcome="Passed" testListId="8c84fa94-04c1-424b-9868-57a2d4851a1d" relativeResultsDirectory="eb009ac2-6278-4f1a-ab49-3e4f5538eb48" />
    <UnitTestResult executionId="8dfb12b4-2d01-433c-897c-9edf9a78d958" testId="86f38614-9c5c-f32f-62f9-f28cf561de7a" testName="BaseVersionValidTest" computerName="DKSR-EFI-04" duration="00:00:00.0002672" startTime="2023-12-22T09:33:34.5531342+01:00" endTime="2023-12-22T09:33:35.0843848+01:00" testType="13cdc9d9-ddb5-4fa4-a97d-d965ccfc6d4b" outcome="Passed" testListId="8c84fa94-04c1-424b-9868-57a2d4851a1d" relativeResultsDirectory="8dfb12b4-2d01-433c-897c-9edf9a78d958" />
    <UnitTestResult executionId="5ebdcb9a-5ad1-43a0-97a8-471652c27303" testId="312229e0-7722-5a64-625c-c70b33ebc0ed" testName="ServerFileStorage_DisposesStream_ThenWrites_Exception" computerName="DKSR-EFI-04" duration="00:00:00.0005236" startTime="2023-12-22T09:33:29.0531077+01:00" endTime="2023-12-22T09:33:29.0531077+01:00" testType="13cdc9d9-ddb5-4fa4-a97d-d965ccfc6d4b" outcome="Passed" testListId="8c84fa94-04c1-424b-9868-57a2d4851a1d" relativeResultsDirectory="5ebdcb9a-5ad1-43a0-97a8-471652c27303" />
    <UnitTestResult executionId="e1fd2786-efd3-4f7c-a2c8-e35f4aced552" testId="32a663b5-f76e-790f-860f-745f62686405" testName="LicenseDocument_IsICPFeatureLicensedFail" computerName="DKSR-EFI-04" duration="00:00:00.0018305" startTime="2023-12-22T09:33:44.3031837+01:00" endTime="2023-12-22T09:33:44.3031837+01:00" testType="13cdc9d9-ddb5-4fa4-a97d-d965ccfc6d4b" outcome="Passed" testListId="8c84fa94-04c1-424b-9868-57a2d4851a1d" relativeResultsDirectory="e1fd2786-efd3-4f7c-a2c8-e35f4aced552" />
    <UnitTestResult executionId="8f8abc58-37bd-464b-896a-3ab29fb84490" testId="0db6cea0-7252-b647-3ba1-5f00dccc86b6" testName="LicenseActivationService_AcquireLicense_LicenseNotAllowed_TooManyInterconnectedCameras" computerName="DKSR-EFI-04" duration="00:00:00.0021062" startTime="2023-12-22T09:33:37.8187754+01:00" endTime="2023-12-22T09:33:37.8344009+01:00" testType="13cdc9d9-ddb5-4fa4-a97d-d965ccfc6d4b" outcome="Passed" testListId="8c84fa94-04c1-424b-9868-57a2d4851a1d" relativeResultsDirectory="8f8abc58-37bd-464b-896a-3ab29fb84490" />
    <UnitTestResult executionId="7ade3012-7d33-4462-9006-680115a10d1b" testId="0555bb83-c294-2c07-157a-b35cfe77bdd2" testName="SystemSettingTableAdapter_Decrypt_Handle_No_Settings" computerName="DKSR-EFI-04" duration="00:00:00.0025774" startTime="2023-12-22T09:33:46.8500705+01:00" endTime="2023-12-22T09:33:46.8500705+01:00" testType="13cdc9d9-ddb5-4fa4-a97d-d965ccfc6d4b" outcome="Passed" testListId="8c84fa94-04c1-424b-9868-57a2d4851a1d" relativeResultsDirectory="7ade3012-7d33-4462-9006-680115a10d1b" />
    <UnitTestResult executionId="95ee1286-336f-43cc-9378-689695b72651" testId="c6f1ddfe-dc6c-90ef-5793-d6b03235aede" testName="SynchronizeDevicePresetsResponseModel_Validate_Success" computerName="DKSR-EFI-04" duration="00:00:00.0008904" startTime="2023-12-22T09:33:30.2093628+01:00" endTime="2023-12-22T09:33:30.2093628+01:00" testType="13cdc9d9-ddb5-4fa4-a97d-d965ccfc6d4b" outcome="Passed" testListId="8c84fa94-04c1-424b-9868-57a2d4851a1d" relativeResultsDirectory="95ee1286-336f-43cc-9378-689695b72651" />
    <UnitTestResult executionId="1ab71154-8123-46a2-9b67-0761f5f97d09" testId="7e23d842-da1b-be71-e958-228dc413da09" testName="ModelValidation_ValidModel_Success" computerName="DKSR-EFI-04" duration="00:00:00.0016063" startTime="2023-12-22T09:33:31.3656174+01:00" endTime="2023-12-22T09:33:31.3656174+01:00" testType="13cdc9d9-ddb5-4fa4-a97d-d965ccfc6d4b" outcome="Passed" testListId="8c84fa94-04c1-424b-9868-57a2d4851a1d" relativeResultsDirectory="1ab71154-8123-46a2-9b67-0761f5f97d09" />
    <UnitTestResult executionId="b5a1e5a8-5b61-4322-8f40-8f951f294823" testId="41ee5629-d500-34d1-bd2a-75d66e6c1c01" testName="HttpClientCommunicatorWrapper_PatchAsync_Success" computerName="DKSR-EFI-04" duration="00:00:00.0022445" startTime="2023-12-22T09:33:30.8812451+01:00" endTime="2023-12-22T09:33:30.8812451+01:00" testType="13cdc9d9-ddb5-4fa4-a97d-d965ccfc6d4b" outcome="Passed" testListId="8c84fa94-04c1-424b-9868-57a2d4851a1d" relativeResultsDirectory="b5a1e5a8-5b61-4322-8f40-8f951f294823" />
    <UnitTestResult executionId="7e726f6f-648e-497b-aa6f-73767f79f019" testId="a92a1664-5348-c36d-d881-f355c36e3a61" testName="GetAggregateFeeds_UpdateTotalFeedCountsAcrossAllHardware_ThrowException_WhenNull" computerName="DKSR-EFI-04" duration="00:00:00.0011173" startTime="2023-12-22T09:33:37.5062729+01:00" endTime="2023-12-22T09:33:37.5062729+01:00" testType="13cdc9d9-ddb5-4fa4-a97d-d965ccfc6d4b" outcome="Passed" testListId="8c84fa94-04c1-424b-9868-57a2d4851a1d" relativeResultsDirectory="7e726f6f-648e-497b-aa6f-73767f79f019" />
    <UnitTestResult executionId="21c3e7e8-a010-4e31-9186-e17cc930cdfa" testId="533da458-02c6-f071-52ef-1db5a6ae00db" testName="QueryDeviceEvidenceLockSizesModelTests_Validate_Failed" computerName="DKSR-EFI-04" duration="00:00:00.0015667" startTime="2023-12-22T09:33:31.4437441+01:00" endTime="2023-12-22T09:33:31.4437441+01:00" testType="13cdc9d9-ddb5-4fa4-a97d-d965ccfc6d4b" outcome="Passed" testListId="8c84fa94-04c1-424b-9868-57a2d4851a1d" relativeResultsDirectory="21c3e7e8-a010-4e31-9186-e17cc930cdfa" />
    <UnitTestResult executionId="98cca68a-37f0-44e9-ba48-d57b226d5812" testId="7ba31baf-48d0-73d7-0128-b14ca25f62b0" testName="ConvertStringToPort_Port80_Returns80" computerName="DKSR-EFI-04" duration="00:00:00.0001105" startTime="2023-12-22T09:33:47.5219465+01:00" endTime="2023-12-22T09:33:47.5219465+01:00" testType="13cdc9d9-ddb5-4fa4-a97d-d965ccfc6d4b" outcome="Passed" testListId="8c84fa94-04c1-424b-9868-57a2d4851a1d" relativeResultsDirectory="98cca68a-37f0-44e9-ba48-d57b226d5812" />
    <UnitTestResult executionId="b69ff73f-9216-4bfc-ae01-e358d01b56b1" testId="3cbb6295-6508-d2f3-02da-5c61b6a21f24" testName="Encrypt_DataSetHasEmptyPassword_PasswordIsStillEmpty" computerName="DKSR-EFI-04" duration="00:00:00.0020802" startTime="2023-12-22T09:33:46.3969420+01:00" endTime="2023-12-22T09:33:46.4125703+01:00" testType="13cdc9d9-ddb5-4fa4-a97d-d965ccfc6d4b" outcome="Passed" testListId="8c84fa94-04c1-424b-9868-57a2d4851a1d" relativeResultsDirectory="b69ff73f-9216-4bfc-ae01-e358d01b56b1" />
    <UnitTestResult executionId="f0f461cb-a31f-4316-b401-4381320da382" testId="720ad9f3-d678-fa3e-4723-3c4456aab4c4" testName="ReadIdentitiesFromCache_NullInSidArray" computerName="DKSR-EFI-04" duration="00:00:00.0217025" startTime="2023-12-22T09:33:47.9438272+01:00" endTime="2023-12-22T09:33:47.9594503+01:00" testType="13cdc9d9-ddb5-4fa4-a97d-d965ccfc6d4b" outcome="Passed" testListId="8c84fa94-04c1-424b-9868-57a2d4851a1d" relativeResultsDirectory="f0f461cb-a31f-4316-b401-4381320da382" />
    <UnitTestResult executionId="5d71d7a6-df42-44bd-9239-360fb01089e8" testId="8c4a5e21-f8cf-c703-1537-a1b2f2ea6095" testName="SendEndPointAndObject_ObjNull_ArgumentNullExceptionThrown" computerName="DKSR-EFI-04" duration="00:00:00.0011881" startTime="2023-12-22T09:33:20.8343173+01:00" endTime="2023-12-22T09:33:20.8343173+01:00" testType="13cdc9d9-ddb5-4fa4-a97d-d965ccfc6d4b" outcome="Passed" testListId="8c84fa94-04c1-424b-9868-57a2d4851a1d" relativeResultsDirectory="5d71d7a6-df42-44bd-9239-360fb01089e8">
      <Output>
        <StdOut>Debug Trace:&#xD;
Fail: Argument null</StdOut>
      </Output>
    </UnitTestResult>
    <UnitTestResult executionId="14c28094-3f7f-4e81-b31f-745c95807852" testId="59310481-64b7-242c-7522-61f64873c88b" testName="Test_MemberOf_NoMembers" computerName="DKSR-EFI-04" duration="00:00:00.0017643" startTime="2023-12-22T09:33:47.8344491+01:00" endTime="2023-12-22T09:33:47.8344491+01:00" testType="13cdc9d9-ddb5-4fa4-a97d-d965ccfc6d4b" outcome="Passed" testListId="8c84fa94-04c1-424b-9868-57a2d4851a1d" relativeResultsDirectory="14c28094-3f7f-4e81-b31f-745c95807852" />
    <UnitTestResult executionId="1e3be43a-4c97-4821-80b4-29d96ce76432" testId="e71f9197-dd92-de2f-20c0-30b52784395c" testName="AuthenticationError_MethodCalled_EventIsRaised" computerName="DKSR-EFI-04" duration="00:00:00.0018423" startTime="2023-12-22T09:33:29.1468603+01:00" endTime="2023-12-22T09:33:29.1468603+01:00" testType="13cdc9d9-ddb5-4fa4-a97d-d965ccfc6d4b" outcome="Passed" testListId="8c84fa94-04c1-424b-9868-57a2d4851a1d" relativeResultsDirectory="1e3be43a-4c97-4821-80b4-29d96ce76432" />
    <UnitTestResult executionId="bff23ede-b9a2-4a8e-bd97-ea99913f6006" testId="95235238-1613-617d-5f3d-927cfdd5d472" testName="Encrypt_DataSetHasNewRow_DataSetIsEncrypted" computerName="DKSR-EFI-04" duration="00:00:00.0027384" startTime="2023-12-22T09:33:46.2875671+01:00" endTime="2023-12-22T09:33:46.2875671+01:00" testType="13cdc9d9-ddb5-4fa4-a97d-d965ccfc6d4b" outcome="Passed" testListId="8c84fa94-04c1-424b-9868-57a2d4851a1d" relativeResultsDirectory="bff23ede-b9a2-4a8e-bd97-ea99913f6006" />
    <UnitTestResult executionId="d82cf834-8c4b-4ac6-8050-a32e0a8d4a17" testId="6c76e73f-e05c-df6d-d125-847a9b06671b" testName="HttpClientCommunicatorWrapper_PatchAsyncTObj_Success" computerName="DKSR-EFI-04" duration="00:00:00.0025997" startTime="2023-12-22T09:33:30.8812451+01:00" endTime="2023-12-22T09:33:30.8968672+01:00" testType="13cdc9d9-ddb5-4fa4-a97d-d965ccfc6d4b" outcome="Passed" testListId="8c84fa94-04c1-424b-9868-57a2d4851a1d" relativeResultsDirectory="d82cf834-8c4b-4ac6-8050-a32e0a8d4a17" />
    <UnitTestResult executionId="4095c4e4-aded-48c8-bc34-bdc9e5636da3" testId="910f3d4d-507b-a513-9417-29fe87e1a242" testName="TestClearGridAreaMakesGridEmpty" computerName="DKSR-EFI-04" duration="00:00:00.0023145" startTime="2023-12-22T09:33:46.2094407+01:00" endTime="2023-12-22T09:33:46.2094407+01:00" testType="13cdc9d9-ddb5-4fa4-a97d-d965ccfc6d4b" outcome="Passed" testListId="8c84fa94-04c1-424b-9868-57a2d4851a1d" relativeResultsDirectory="4095c4e4-aded-48c8-bc34-bdc9e5636da3" />
    <UnitTestResult executionId="4506f903-c33e-4b31-8a4c-6c7018364f65" testId="e7fbce8b-95c9-d055-40af-2eb2cd0c6e85" testName="ExceptionResponseModel_Validate_Success" computerName="DKSR-EFI-04" duration="00:00:00.0021542" startTime="2023-12-22T09:33:32.1624986+01:00" endTime="2023-12-22T09:33:32.1781233+01:00" testType="13cdc9d9-ddb5-4fa4-a97d-d965ccfc6d4b" outcome="Passed" testListId="8c84fa94-04c1-424b-9868-57a2d4851a1d" relativeResultsDirectory="4506f903-c33e-4b31-8a4c-6c7018364f65" />
    <UnitTestResult executionId="fac0efd9-d0c6-41fa-bbae-849e973afd84" testId="3989b743-87a0-8a10-8f96-8667b762d36d" testName="ReadIdentitiesFromCache_GetSomeFromCache" computerName="DKSR-EFI-04" duration="00:00:00.0009696" startTime="2023-12-22T09:33:47.9750752+01:00" endTime="2023-12-22T09:33:47.9750752+01:00" testType="13cdc9d9-ddb5-4fa4-a97d-d965ccfc6d4b" outcome="Passed" testListId="8c84fa94-04c1-424b-9868-57a2d4851a1d" relativeResultsDirectory="fac0efd9-d0c6-41fa-bbae-849e973afd84" />
    <UnitTestResult executionId="c52e6b83-93f0-48f1-b648-cb14e3b7e82b" testId="fb528f51-6138-c899-b8ba-284fcc9a5fb5" testName="ServiceConnectionStatus_CheckTimeout_NotOffline" computerName="DKSR-EFI-04" duration="00:00:00.0010616" startTime="2023-12-22T09:33:29.1468603+01:00" endTime="2023-12-22T09:33:29.1468603+01:00" testType="13cdc9d9-ddb5-4fa4-a97d-d965ccfc6d4b" outcome="Passed" testListId="8c84fa94-04c1-424b-9868-57a2d4851a1d" relativeResultsDirectory="c52e6b83-93f0-48f1-b648-cb14e3b7e82b" />
    <UnitTestResult executionId="45bd927b-fae9-4325-9d51-b1c820dfde2b" testId="1ff61087-88e9-c98e-4497-f32bf1d35743" testName="ReadChildElementValueAsUInt16_ElementNull" computerName="DKSR-EFI-04" duration="00:00:00.0005590" startTime="2023-12-22T09:33:23.8655834+01:00" endTime="2023-12-22T09:33:23.8812067+01:00" testType="13cdc9d9-ddb5-4fa4-a97d-d965ccfc6d4b" outcome="Passed" testListId="8c84fa94-04c1-424b-9868-57a2d4851a1d" relativeResultsDirectory="45bd927b-fae9-4325-9d51-b1c820dfde2b" />
    <UnitTestResult executionId="b5f8c329-205b-4248-b58d-e9254cfb3652" testId="d1b98b23-1cc3-567e-9dd3-c90ab73a1c49" testName="ReadChildElementValueAsUInt16_SunnyDay" computerName="DKSR-EFI-04" duration="00:00:00.0003529" startTime="2023-12-22T09:33:23.8655834+01:00" endTime="2023-12-22T09:33:23.8655834+01:00" testType="13cdc9d9-ddb5-4fa4-a97d-d965ccfc6d4b" outcome="Passed" testListId="8c84fa94-04c1-424b-9868-57a2d4851a1d" relativeResultsDirectory="b5f8c329-205b-4248-b58d-e9254cfb3652" />
    <UnitTestResult executionId="c7162bd6-fcc8-4b66-b339-975c95251581" testId="687407b3-9e8a-919b-d872-f2d4c561becd" testName="ErrorResponseModel_Validate_Success" computerName="DKSR-EFI-04" duration="00:00:00.0013084" startTime="2023-12-22T09:33:32.0843714+01:00" endTime="2023-12-22T09:33:32.0843714+01:00" testType="13cdc9d9-ddb5-4fa4-a97d-d965ccfc6d4b" outcome="Passed" testListId="8c84fa94-04c1-424b-9868-57a2d4851a1d" relativeResultsDirectory="c7162bd6-fcc8-4b66-b339-975c95251581" />
    <UnitTestResult executionId="ea403d33-5350-49d5-aec8-0dfa0ec219a4" testId="4e64cd4b-8460-795a-a6d1-2ef8580cfe6b" testName="Verify_BuiltInEventTypes_Are_SNMP_Mapped" computerName="DKSR-EFI-04" duration="00:00:00.0034372" startTime="2023-12-22T09:33:45.1156867+01:00" endTime="2023-12-22T09:33:45.1156867+01:00" testType="13cdc9d9-ddb5-4fa4-a97d-d965ccfc6d4b" outcome="Passed" testListId="8c84fa94-04c1-424b-9868-57a2d4851a1d" relativeResultsDirectory="ea403d33-5350-49d5-aec8-0dfa0ec219a4" />
    <UnitTestResult executionId="e35eea4a-0d62-45f9-8ece-b2374e864acb" testId="a31574ef-97fc-5bd5-6389-ec8df1c72cbf" testName="SecurityConfigurationModel_Json_Serialize_Deserialize" computerName="DKSR-EFI-04" duration="00:00:00.0861436" startTime="2023-12-22T09:33:31.4593680+01:00" endTime="2023-12-22T09:33:31.5531198+01:00" testType="13cdc9d9-ddb5-4fa4-a97d-d965ccfc6d4b" outcome="Passed" testListId="8c84fa94-04c1-424b-9868-57a2d4851a1d" relativeResultsDirectory="e35eea4a-0d62-45f9-8ece-b2374e864acb" />
    <UnitTestResult executionId="fee2c377-e707-4384-8ecb-db05ef223a4d" testId="5424beba-b71d-4289-8a81-194d1376ec51" testName="Update_testState_expectedResult" computerName="DKSR-EFI-04" duration="00:00:00.0015900" startTime="2023-12-22T09:33:47.0063197+01:00" endTime="2023-12-22T09:33:47.0063197+01:00" testType="13cdc9d9-ddb5-4fa4-a97d-d965ccfc6d4b" outcome="Passed" testListId="8c84fa94-04c1-424b-9868-57a2d4851a1d" relativeResultsDirectory="fee2c377-e707-4384-8ecb-db05ef223a4d" />
    <UnitTestResult executionId="f7baf349-3339-44b2-a4dd-333f9c8da135" testId="8e57b05e-4a94-f936-5706-9c805c0399ef" testName="HttpClientCommunicatorWrapper_SendTRet_CommunicationException" computerName="DKSR-EFI-04" duration="00:00:00.0010479" startTime="2023-12-22T09:33:30.9437398+01:00" endTime="2023-12-22T09:33:30.9437398+01:00" testType="13cdc9d9-ddb5-4fa4-a97d-d965ccfc6d4b" outcome="Passed" testListId="8c84fa94-04c1-424b-9868-57a2d4851a1d" relativeResultsDirectory="f7baf349-3339-44b2-a4dd-333f9c8da135" />
    <UnitTestResult executionId="49b7615b-74d0-4325-9cc0-dc94f054f354" testId="f486e50b-d0d7-e7e5-7ac6-12b2e6a106c7" testName="UniqueIndex_GetEntryByKey_Null_ThrowArgumentNullException" computerName="DKSR-EFI-04" duration="00:00:00.0015225" startTime="2023-12-22T09:33:23.9749582+01:00" endTime="2023-12-22T09:33:23.9749582+01:00" testType="13cdc9d9-ddb5-4fa4-a97d-d965ccfc6d4b" outcome="Passed" testListId="8c84fa94-04c1-424b-9868-57a2d4851a1d" relativeResultsDirectory="49b7615b-74d0-4325-9cc0-dc94f054f354">
      <Output>
        <StdOut>Debug Trace:&#xD;
Fail: Argument null</StdOut>
      </Output>
    </UnitTestResult>
    <UnitTestResult executionId="a5456717-5133-4595-9dfb-acd7eaefbded" testId="fb5bca7d-97e7-6c84-7db1-7fc35010778a" testName="Decrypt_DataSetHasNoRows_DataSetIsNotChanged" computerName="DKSR-EFI-04" duration="00:00:00.0094238" startTime="2023-12-22T09:33:46.3344418+01:00" endTime="2023-12-22T09:33:46.3344418+01:00" testType="13cdc9d9-ddb5-4fa4-a97d-d965ccfc6d4b" outcome="Passed" testListId="8c84fa94-04c1-424b-9868-57a2d4851a1d" relativeResultsDirectory="a5456717-5133-4595-9dfb-acd7eaefbded" />
    <UnitTestResult executionId="39665a08-41d6-4e41-9575-51c500099568" testId="f56edd7c-0908-1112-b2f1-a3b7e2877ef7" testName="HardwareScanProgressResponseModel_Validate_Success" computerName="DKSR-EFI-04" duration="00:00:00.0008902" startTime="2023-12-22T09:33:32.0999963+01:00" endTime="2023-12-22T09:33:32.1156223+01:00" testType="13cdc9d9-ddb5-4fa4-a97d-d965ccfc6d4b" outcome="Passed" testListId="8c84fa94-04c1-424b-9868-57a2d4851a1d" relativeResultsDirectory="39665a08-41d6-4e41-9575-51c500099568" />
    <UnitTestResult executionId="0d9f6bb6-eb23-4a40-af88-04d0b7be1709" testId="9dfccd12-d1ec-f387-9e0e-0302280e9cb3" testName="CreateHttpsUri_NullString_PortSpecified_ThrowsInvalidOperationException" computerName="DKSR-EFI-04" duration="00:00:00.0008228" startTime="2023-12-22T09:33:47.3657014+01:00" endTime="2023-12-22T09:33:47.3657014+01:00" testType="13cdc9d9-ddb5-4fa4-a97d-d965ccfc6d4b" outcome="Passed" testListId="8c84fa94-04c1-424b-9868-57a2d4851a1d" relativeResultsDirectory="0d9f6bb6-eb23-4a40-af88-04d0b7be1709" />
    <UnitTestResult executionId="3bd8157c-a66f-4407-985f-5cbdd15ca0b2" testId="af93436a-066a-98dc-99ac-d8fd21f2b4a0" testName="FeatureManager_TryGetFeatureParameterValue_NullValue" computerName="DKSR-EFI-04" duration="00:00:00.0003299" startTime="2023-12-22T09:33:37.3656475+01:00" endTime="2023-12-22T09:33:37.3656475+01:00" testType="13cdc9d9-ddb5-4fa4-a97d-d965ccfc6d4b" outcome="Passed" testListId="8c84fa94-04c1-424b-9868-57a2d4851a1d" relativeResultsDirectory="3bd8157c-a66f-4407-985f-5cbdd15ca0b2" />
    <UnitTestResult executionId="59a8b09e-40ed-4e10-ab38-d68a6bbd74b4" testId="c1426c9a-c6b9-d2a8-9060-49b1d7b4553b" testName="ScheduledTimeReachedFunctionOneSecondAfterTriggerTimeTest" computerName="DKSR-EFI-04" duration="00:00:00.0003365" startTime="2023-12-22T09:33:34.5375083+01:00" endTime="2023-12-22T09:33:34.5375083+01:00" testType="13cdc9d9-ddb5-4fa4-a97d-d965ccfc6d4b" outcome="Passed" testListId="8c84fa94-04c1-424b-9868-57a2d4851a1d" relativeResultsDirectory="59a8b09e-40ed-4e10-ab38-d68a6bbd74b4" />
    <UnitTestResult executionId="8686dfec-970c-4211-959d-d3cc250ce14b" testId="fef761e6-95f2-c8ab-544c-61a677b6f82f" testName="DiffGramCreate_NoParameter_ReturnsDiffgramType" computerName="DKSR-EFI-04" duration="00:00:00.0001590" startTime="2023-12-22T09:33:47.0219471+01:00" endTime="2023-12-22T09:33:47.0219471+01:00" testType="13cdc9d9-ddb5-4fa4-a97d-d965ccfc6d4b" outcome="Passed" testListId="8c84fa94-04c1-424b-9868-57a2d4851a1d" relativeResultsDirectory="8686dfec-970c-4211-959d-d3cc250ce14b" />
    <UnitTestResult executionId="dd170daa-6603-428d-9511-d615637dde35" testId="ec554268-9c1f-9658-273b-53b03f43f4fb" testName="CreateHttpsUri_FtpDefaultPort_UseDefaultPortFalse_BecomesHttpsPort443" computerName="DKSR-EFI-04" duration="00:00:00.0002004" startTime="2023-12-22T09:33:47.4438223+01:00" endTime="2023-12-22T09:33:47.4438223+01:00" testType="13cdc9d9-ddb5-4fa4-a97d-d965ccfc6d4b" outcome="Passed" testListId="8c84fa94-04c1-424b-9868-57a2d4851a1d" relativeResultsDirectory="dd170daa-6603-428d-9511-d615637dde35" />
    <UnitTestResult executionId="3c80a492-df7e-4880-b436-39ff3cad6c17" testId="1d054e10-b9f0-cd43-abb1-c8e31c326452" testName="RulesTableAdapter_SetUserSid_Success" computerName="DKSR-EFI-04" duration="00:00:00.2485053" startTime="2023-12-22T09:33:46.5063197+01:00" endTime="2023-12-22T09:33:46.7563197+01:00" testType="13cdc9d9-ddb5-4fa4-a97d-d965ccfc6d4b" outcome="Passed" testListId="8c84fa94-04c1-424b-9868-57a2d4851a1d" relativeResultsDirectory="3c80a492-df7e-4880-b436-39ff3cad6c17" />
    <UnitTestResult executionId="f0c91142-2d0e-4e32-8a0d-f9e05b42a56e" testId="a3e184f2-fa33-1b45-445c-f37fcdb5e5d4" testName="GetPresetByKey_GetsPresetByIdBeforeByName" computerName="DKSR-EFI-04" duration="00:00:00.0006284" startTime="2023-12-22T09:33:24.4437102+01:00" endTime="2023-12-22T09:33:24.4593361+01:00" testType="13cdc9d9-ddb5-4fa4-a97d-d965ccfc6d4b" outcome="Passed" testListId="8c84fa94-04c1-424b-9868-57a2d4851a1d" relativeResultsDirectory="f0c91142-2d0e-4e32-8a0d-f9e05b42a56e" />
    <UnitTestResult executionId="e6b54330-cea3-4589-ac6e-030164efc615" testId="87ea9e95-9b52-8332-11b6-09e963cda5e4" testName="PatchAsync_EndpointOnly_EndPointIsNull_ArgumentNullExceptionThrown" computerName="DKSR-EFI-04" duration="00:00:00.0044798" startTime="2023-12-22T09:33:20.6468142+01:00" endTime="2023-12-22T09:33:20.6468142+01:00" testType="13cdc9d9-ddb5-4fa4-a97d-d965ccfc6d4b" outcome="Passed" testListId="8c84fa94-04c1-424b-9868-57a2d4851a1d" relativeResultsDirectory="e6b54330-cea3-4589-ac6e-030164efc615">
      <Output>
        <StdOut>Debug Trace:&#xD;
Fail: Argument null</StdOut>
      </Output>
    </UnitTestResult>
    <UnitTestResult executionId="51587b27-09d0-4c06-a49d-7da377b67488" testId="1c970708-7220-1d19-b08c-918ece35ceca" testName="CreateHttpUri_FtpDefaultPort_UseDefaultPortFalse_BecomesHttpPort80" computerName="DKSR-EFI-04" duration="00:00:00.0026071" startTime="2023-12-22T09:33:47.3815519+01:00" endTime="2023-12-22T09:33:47.3815519+01:00" testType="13cdc9d9-ddb5-4fa4-a97d-d965ccfc6d4b" outcome="Passed" testListId="8c84fa94-04c1-424b-9868-57a2d4851a1d" relativeResultsDirectory="51587b27-09d0-4c06-a49d-7da377b67488" />
    <UnitTestResult executionId="cc105ad2-89fb-4d14-8d4b-d143e16847af" testId="e8a795c8-e6f3-a9e8-7363-231655bd14dc" testName="CapabilityDefinition_ValidateValue_Success" computerName="DKSR-EFI-04" duration="00:00:00.9883753" startTime="2023-12-22T09:33:45.1625600+01:00" endTime="2023-12-22T09:33:46.1469418+01:00" testType="13cdc9d9-ddb5-4fa4-a97d-d965ccfc6d4b" outcome="Passed" testListId="8c84fa94-04c1-424b-9868-57a2d4851a1d" relativeResultsDirectory="cc105ad2-89fb-4d14-8d4b-d143e16847af" />
    <UnitTestResult executionId="cc7e3fed-3bba-4fe1-9bb0-712adffc7210" testId="839e5d01-ff9c-ae4d-c090-45a2702211e7" testName="TestCopyConstructorWithValidArea" computerName="DKSR-EFI-04" duration="00:00:00.0024673" startTime="2023-12-22T09:33:46.2094407+01:00" endTime="2023-12-22T09:33:46.2094407+01:00" testType="13cdc9d9-ddb5-4fa4-a97d-d965ccfc6d4b" outcome="Passed" testListId="8c84fa94-04c1-424b-9868-57a2d4851a1d" relativeResultsDirectory="cc7e3fed-3bba-4fe1-9bb0-712adffc7210" />
    <UnitTestResult executionId="a7de9be0-c3ab-4082-aef0-cdc47081a3fd" testId="ba4cabca-f150-4d30-24b9-afc75cce1b1d" testName="TestMergeGridAreaWithEmptyAndValidArea" computerName="DKSR-EFI-04" duration="00:00:00.0003751" startTime="2023-12-22T09:33:46.1625667+01:00" endTime="2023-12-22T09:33:46.1625667+01:00" testType="13cdc9d9-ddb5-4fa4-a97d-d965ccfc6d4b" outcome="Passed" testListId="8c84fa94-04c1-424b-9868-57a2d4851a1d" relativeResultsDirectory="a7de9be0-c3ab-4082-aef0-cdc47081a3fd" />
    <UnitTestResult executionId="6e76ec8a-0d54-41ed-97a6-2bd6f0202e35" testId="1b77a11b-09d6-cae8-55f2-6ec94fecd3fe" testName="StreamsConfiguration_ValidateConfiguration_NonExistingStream_UnknownStreamError" computerName="DKSR-EFI-04" duration="00:00:00.0065951" startTime="2023-12-22T09:33:29.7562366+01:00" endTime="2023-12-22T09:33:29.7718593+01:00" testType="13cdc9d9-ddb5-4fa4-a97d-d965ccfc6d4b" outcome="Passed" testListId="8c84fa94-04c1-424b-9868-57a2d4851a1d" relativeResultsDirectory="6e76ec8a-0d54-41ed-97a6-2bd6f0202e35" />
    <UnitTestResult executionId="d54334e7-3adc-476f-92f3-4a709dc3066b" testId="c5a091a8-3777-c837-979d-5138bbc3ce18" testName="LicenseActivationService_AcquireLicense_AccessDenied_Generic" computerName="DKSR-EFI-04" duration="00:00:00.0041670" startTime="2023-12-22T09:33:37.7719002+01:00" endTime="2023-12-22T09:33:37.7719002+01:00" testType="13cdc9d9-ddb5-4fa4-a97d-d965ccfc6d4b" outcome="Passed" testListId="8c84fa94-04c1-424b-9868-57a2d4851a1d" relativeResultsDirectory="d54334e7-3adc-476f-92f3-4a709dc3066b" />
    <UnitTestResult executionId="58bed70a-2703-4b27-a97d-56eaf16881ac" testId="80319ecc-fd7d-1ddc-9587-c87744ed0a84" testName="RecurringSchedule_GetNextScheduleTime_Monthly_Every_10th_At_4_00" computerName="DKSR-EFI-04" duration="00:00:00.0036368" startTime="2023-12-22T09:33:33.0843767+01:00" endTime="2023-12-22T09:33:33.0843767+01:00" testType="13cdc9d9-ddb5-4fa4-a97d-d965ccfc6d4b" outcome="Passed" testListId="8c84fa94-04c1-424b-9868-57a2d4851a1d" relativeResultsDirectory="58bed70a-2703-4b27-a97d-56eaf16881ac" />
    <UnitTestResult executionId="49db42de-7dde-4449-9ab0-9053c3a8e181" testId="6a777aaa-b3db-1fce-6d0a-780e1a49c3a3" testName="FindFrameIdx_TimeBtwF1F2" computerName="DKSR-EFI-04" duration="00:00:00.0024389" startTime="2023-12-22T09:33:24.2874584+01:00" endTime="2023-12-22T09:33:24.2874584+01:00" testType="13cdc9d9-ddb5-4fa4-a97d-d965ccfc6d4b" outcome="Passed" testListId="8c84fa94-04c1-424b-9868-57a2d4851a1d" relativeResultsDirectory="49db42de-7dde-4449-9ab0-9053c3a8e181" />
    <UnitTestResult executionId="0fc1f5a6-bc34-453a-a8da-7a2f7063dbfe" testId="21c221f2-16e4-27ff-9a59-45142306ec18" testName="WhiteList_IsModelWhiteListed_HWWith17CH_GlobalMaxChannelCountIs16_ReturnsFalse" computerName="DKSR-EFI-04" duration="00:00:00.0006702" startTime="2023-12-22T09:33:44.6625593+01:00" endTime="2023-12-22T09:33:44.6781843+01:00" testType="13cdc9d9-ddb5-4fa4-a97d-d965ccfc6d4b" outcome="Passed" testListId="8c84fa94-04c1-424b-9868-57a2d4851a1d" relativeResultsDirectory="0fc1f5a6-bc34-453a-a8da-7a2f7063dbfe" />
    <UnitTestResult executionId="ec090a62-b6b2-440c-b646-11726e58daed" testId="8137583d-b5a2-8cc4-15ed-97b48f8e86ed" testName="Receive_TokenCancellationExceptionThrown_ExceptionLoggedAndTimeoutExceptionThrown" computerName="DKSR-EFI-04" duration="00:00:00.1763504" startTime="2023-12-22T09:33:21.0686941+01:00" endTime="2023-12-22T09:33:21.2561939+01:00" testType="13cdc9d9-ddb5-4fa4-a97d-d965ccfc6d4b" outcome="Passed" testListId="8c84fa94-04c1-424b-9868-57a2d4851a1d" relativeResultsDirectory="ec090a62-b6b2-440c-b646-11726e58daed" />
    <UnitTestResult executionId="7dd07b8a-c024-423c-9016-93fe3e1ab286" testId="119397cd-d70f-a4d1-b4e5-13839acd1c1a" testName="LicenseActivationService_AcquireLicense_InternalServerError" computerName="DKSR-EFI-04" duration="00:00:00.0020431" startTime="2023-12-22T09:33:37.8500239+01:00" endTime="2023-12-22T09:33:37.8500239+01:00" testType="13cdc9d9-ddb5-4fa4-a97d-d965ccfc6d4b" outcome="Passed" testListId="8c84fa94-04c1-424b-9868-57a2d4851a1d" relativeResultsDirectory="7dd07b8a-c024-423c-9016-93fe3e1ab286" />
    <UnitTestResult executionId="4f76935f-9c9a-4aad-b8e5-16f029950005" testId="015dd19c-21b5-8eca-7e11-71cb1016796e" testName="ServerFileStorage_GetStorage_Success" computerName="DKSR-EFI-04" duration="00:00:00.0008226" startTime="2023-12-22T09:33:28.9906071+01:00" endTime="2023-12-22T09:33:28.9906071+01:00" testType="13cdc9d9-ddb5-4fa4-a97d-d965ccfc6d4b" outcome="Passed" testListId="8c84fa94-04c1-424b-9868-57a2d4851a1d" relativeResultsDirectory="4f76935f-9c9a-4aad-b8e5-16f029950005" />
    <UnitTestResult executionId="6a4a28de-8505-4267-b122-ab5d80668ad2" testId="07ef1fc8-808f-18ea-5e95-67c94ec4e422" testName="ReadChildElementValueAsUInt64_RangeCheck_Max" computerName="DKSR-EFI-04" duration="00:00:00.0004377" startTime="2023-12-22T09:33:23.8812067+01:00" endTime="2023-12-22T09:33:23.8812067+01:00" testType="13cdc9d9-ddb5-4fa4-a97d-d965ccfc6d4b" outcome="Passed" testListId="8c84fa94-04c1-424b-9868-57a2d4851a1d" relativeResultsDirectory="6a4a28de-8505-4267-b122-ab5d80668ad2" />
    <UnitTestResult executionId="fd9d7202-ec1c-4174-8489-a48cd2302e1d" testId="f547ba9a-3e8a-0280-9c82-47b0dd4ab792" testName="HttpClientCommunicatorWrapper_Send_CommunicationException" computerName="DKSR-EFI-04" duration="00:00:00.0008733" startTime="2023-12-22T09:33:30.8968672+01:00" endTime="2023-12-22T09:33:30.8968672+01:00" testType="13cdc9d9-ddb5-4fa4-a97d-d965ccfc6d4b" outcome="Passed" testListId="8c84fa94-04c1-424b-9868-57a2d4851a1d" relativeResultsDirectory="fd9d7202-ec1c-4174-8489-a48cd2302e1d" />
    <UnitTestResult executionId="1963de64-1443-4d85-8556-10809f18a666" testId="8fe7098d-89ed-03ab-9d4e-6890a79e2249" testName="ReadAttributeAsBoolean_NameNull" computerName="DKSR-EFI-04" duration="00:00:00.0006891" startTime="2023-12-22T09:33:23.7249574+01:00" endTime="2023-12-22T09:33:23.7249574+01:00" testType="13cdc9d9-ddb5-4fa4-a97d-d965ccfc6d4b" outcome="Passed" testListId="8c84fa94-04c1-424b-9868-57a2d4851a1d" relativeResultsDirectory="1963de64-1443-4d85-8556-10809f18a666" />
    <UnitTestResult executionId="e1bcb2c5-4ab2-4162-848e-eb00114dad6e" testId="f4810eaf-c25a-8ccd-99f1-05c4d09bd707" testName="SecurityUserTokensModelTest_Validate_Failed" computerName="DKSR-EFI-04" duration="00:00:00.0016592" startTime="2023-12-22T09:33:31.5531198+01:00" endTime="2023-12-22T09:33:31.5531198+01:00" testType="13cdc9d9-ddb5-4fa4-a97d-d965ccfc6d4b" outcome="Passed" testListId="8c84fa94-04c1-424b-9868-57a2d4851a1d" relativeResultsDirectory="e1bcb2c5-4ab2-4162-848e-eb00114dad6e" />
    <UnitTestResult executionId="327914b8-4629-4f7a-9410-e29a06df8cd8" testId="0c386d09-84d1-9cae-13d9-2693f8757153" testName="LicenseCalculationResult_Validate_Null_MacAddress_Throws_ArgumentNullException" computerName="DKSR-EFI-04" duration="00:00:00.0007779" startTime="2023-12-22T09:33:37.8656505+01:00" endTime="2023-12-22T09:33:37.8656505+01:00" testType="13cdc9d9-ddb5-4fa4-a97d-d965ccfc6d4b" outcome="Passed" testListId="8c84fa94-04c1-424b-9868-57a2d4851a1d" relativeResultsDirectory="327914b8-4629-4f7a-9410-e29a06df8cd8" />
    <UnitTestResult executionId="dd0f272d-faa4-4993-aa40-124111be5169" testId="15545652-b05c-7610-0ef9-a9ee3a46f84b" testName="TestMergeGridAreaWithSameSizedValidAreas" computerName="DKSR-EFI-04" duration="00:00:00.0003275" startTime="2023-12-22T09:33:46.1781910+01:00" endTime="2023-12-22T09:33:46.1781910+01:00" testType="13cdc9d9-ddb5-4fa4-a97d-d965ccfc6d4b" outcome="Passed" testListId="8c84fa94-04c1-424b-9868-57a2d4851a1d" relativeResultsDirectory="dd0f272d-faa4-4993-aa40-124111be5169" />
    <UnitTestResult executionId="0bb2593c-5be6-4e05-a317-ce8b947a167a" testId="5e72fdcb-d208-7bdf-a586-0c95eaa2d468" testName="CreateInstance_InvalidParam_localSettingsFile_EmptyString_Throws_ArgumentNullException" computerName="DKSR-EFI-04" duration="00:00:00.0005587" startTime="2023-12-22T09:33:32.3812496+01:00" endTime="2023-12-22T09:33:32.3812496+01:00" testType="13cdc9d9-ddb5-4fa4-a97d-d965ccfc6d4b" outcome="Passed" testListId="8c84fa94-04c1-424b-9868-57a2d4851a1d" relativeResultsDirectory="0bb2593c-5be6-4e05-a317-ce8b947a167a" />
    <UnitTestResult executionId="d30cccd0-7b42-411f-b760-98a9accfdb76" testId="93ec89d5-9dd0-e72b-aa79-a64f74489a11" testName="DatabaseOperationModel_Validation_RequiredPropertiesAreNull_Failed" computerName="DKSR-EFI-04" duration="00:00:00.0047719" startTime="2023-12-22T09:33:31.3187435+01:00" endTime="2023-12-22T09:33:31.3187435+01:00" testType="13cdc9d9-ddb5-4fa4-a97d-d965ccfc6d4b" outcome="Passed" testListId="8c84fa94-04c1-424b-9868-57a2d4851a1d" relativeResultsDirectory="d30cccd0-7b42-411f-b760-98a9accfdb76" />
    <UnitTestResult executionId="e0cde03b-742a-4531-ae38-d221dc48ccb8" testId="74a9c605-a1c8-e422-9762-4610872fe578" testName="CheckAllMIPFiltersKindsTestNotOk8" computerName="DKSR-EFI-04" duration="00:00:00.0001541" startTime="2023-12-22T09:33:34.4906336+01:00" endTime="2023-12-22T09:33:34.4906336+01:00" testType="13cdc9d9-ddb5-4fa4-a97d-d965ccfc6d4b" outcome="Passed" testListId="8c84fa94-04c1-424b-9868-57a2d4851a1d" relativeResultsDirectory="e0cde03b-742a-4531-ae38-d221dc48ccb8" />
    <UnitTestResult executionId="7e3c2670-8c0f-4710-99c8-dc19a8ef2566" testId="b8e6fe2d-c2e3-78bf-824f-4f0be8730c44" testName="WhiteList_IsDriverWhiteListed_HWWith12CH_DriverMaxChannelCountIs16GlobalMaxChannelCountIs10_ReturnsTrue" computerName="DKSR-EFI-04" duration="00:00:00.0006337" startTime="2023-12-22T09:33:44.6469330+01:00" endTime="2023-12-22T09:33:44.6625593+01:00" testType="13cdc9d9-ddb5-4fa4-a97d-d965ccfc6d4b" outcome="Passed" testListId="8c84fa94-04c1-424b-9868-57a2d4851a1d" relativeResultsDirectory="7e3c2670-8c0f-4710-99c8-dc19a8ef2566" />
    <UnitTestResult executionId="43d555cc-e9b4-478b-b085-e8b8d0f92466" testId="c8a84429-c2e8-13fb-6013-9dc2128f754d" testName="CalculateLicenseRequirements_6HardwareWith1DeviceEach_ReturnsFalse" computerName="DKSR-EFI-04" duration="00:00:00.0022439" startTime="2023-12-22T09:33:37.8969002+01:00" endTime="2023-12-22T09:33:37.8969002+01:00" testType="13cdc9d9-ddb5-4fa4-a97d-d965ccfc6d4b" outcome="Passed" testListId="8c84fa94-04c1-424b-9868-57a2d4851a1d" relativeResultsDirectory="43d555cc-e9b4-478b-b085-e8b8d0f92466" />
    <UnitTestResult executionId="817ba9df-e3aa-446c-8458-3325ee2e4c80" testId="7ab556a2-1595-6a91-9504-077b9dfa0dcd" testName="GetServerSNMPId_Not_SNMP_Mapped" computerName="DKSR-EFI-04" duration="00:00:00.0001487" startTime="2023-12-22T09:33:45.1625600+01:00" endTime="2023-12-22T09:33:45.1625600+01:00" testType="13cdc9d9-ddb5-4fa4-a97d-d965ccfc6d4b" outcome="Passed" testListId="8c84fa94-04c1-424b-9868-57a2d4851a1d" relativeResultsDirectory="817ba9df-e3aa-446c-8458-3325ee2e4c80" />
    <UnitTestResult executionId="a023e03e-c770-4f40-8638-82df01a5cf77" testId="6f14fc4c-bdba-997f-b189-7c5e690cf465" testName="Validate_PartialMatch_Found_EndOfWord_MixedCase_Success" computerName="DKSR-EFI-04" duration="00:00:00.0001799" startTime="2023-12-22T09:33:44.8344336+01:00" endTime="2023-12-22T09:33:44.8344336+01:00" testType="13cdc9d9-ddb5-4fa4-a97d-d965ccfc6d4b" outcome="Passed" testListId="8c84fa94-04c1-424b-9868-57a2d4851a1d" relativeResultsDirectory="a023e03e-c770-4f40-8638-82df01a5cf77" />
    <UnitTestResult executionId="0ce0a58d-a1c2-4724-a587-efc40ccc9a21" testId="4018a871-05a7-8916-52cc-01ad41c28410" testName="Device_Construct_InvalidLastModified_NotUtc_Throws_ArgumentException" computerName="DKSR-EFI-04" duration="00:00:00.0010306" startTime="2023-12-22T09:33:44.4750586+01:00" endTime="2023-12-22T09:33:44.4906829+01:00" testType="13cdc9d9-ddb5-4fa4-a97d-d965ccfc6d4b" outcome="Passed" testListId="8c84fa94-04c1-424b-9868-57a2d4851a1d" relativeResultsDirectory="0ce0a58d-a1c2-4724-a587-efc40ccc9a21" />
    <UnitTestResult executionId="db883096-43ea-49a3-8697-621c9204a8eb" testId="9ba25b4a-fbbc-78e4-6dfd-938192b3d92a" testName="TaskModel_InvalidTaskType_Failed" computerName="DKSR-EFI-04" duration="00:00:00.0020063" startTime="2023-12-22T09:33:31.8343714+01:00" endTime="2023-12-22T09:33:31.8343714+01:00" testType="13cdc9d9-ddb5-4fa4-a97d-d965ccfc6d4b" outcome="Passed" testListId="8c84fa94-04c1-424b-9868-57a2d4851a1d" relativeResultsDirectory="db883096-43ea-49a3-8697-621c9204a8eb" />
    <UnitTestResult executionId="83f69bdb-63c3-468a-bb85-407923d2be68" testId="be3bcf3d-4569-b788-8b77-5ebacd88cb20" testName="Send_AccessTokenExceptionThrown_ExceptionLoggedAndRethrown" computerName="DKSR-EFI-04" duration="00:00:00.0018206" startTime="2023-12-22T09:33:20.9905686+01:00" endTime="2023-12-22T09:33:20.9905686+01:00" testType="13cdc9d9-ddb5-4fa4-a97d-d965ccfc6d4b" outcome="Passed" testListId="8c84fa94-04c1-424b-9868-57a2d4851a1d" relativeResultsDirectory="83f69bdb-63c3-468a-bb85-407923d2be68" />
    <UnitTestResult executionId="fa4ed6de-f8c8-4eb2-a0ae-826ff06997d4" testId="f677ecbc-a37b-de6c-6108-d44b19746e79" testName="ValidateInformation_DevicesCountUsingOneLicense_NotShown_WhenTheCountIsZero" computerName="DKSR-EFI-04" duration="00:00:00.0045573" startTime="2023-12-22T09:33:44.5688080+01:00" endTime="2023-12-22T09:33:44.5844320+01:00" testType="13cdc9d9-ddb5-4fa4-a97d-d965ccfc6d4b" outcome="Passed" testListId="8c84fa94-04c1-424b-9868-57a2d4851a1d" relativeResultsDirectory="fa4ed6de-f8c8-4eb2-a0ae-826ff06997d4" />
    <UnitTestResult executionId="7537e683-6adb-45ec-bd6e-df41da60f15d" testId="84aff556-9090-2020-f213-d7eee6c9a7c6" testName="EventMetadataTimestampParsesMicrosecondsCorrectly" computerName="DKSR-EFI-04" duration="00:00:00.0002737" startTime="2023-12-22T09:33:34.5218835+01:00" endTime="2023-12-22T09:33:34.5218835+01:00" testType="13cdc9d9-ddb5-4fa4-a97d-d965ccfc6d4b" outcome="Passed" testListId="8c84fa94-04c1-424b-9868-57a2d4851a1d" relativeResultsDirectory="7537e683-6adb-45ec-bd6e-df41da60f15d" />
    <UnitTestResult executionId="15284155-1a52-4fa3-af9e-67940fc499f0" testId="73ca717a-4a62-2b9e-b5cb-67553ca16863" testName="TestPasswordGenerationFromPasswordRequirements" computerName="DKSR-EFI-04" duration="00:00:00.0055223" startTime="2023-12-22T09:33:24.3655846+01:00" endTime="2023-12-22T09:33:24.3655846+01:00" testType="13cdc9d9-ddb5-4fa4-a97d-d965ccfc6d4b" outcome="Passed" testListId="8c84fa94-04c1-424b-9868-57a2d4851a1d" relativeResultsDirectory="15284155-1a52-4fa3-af9e-67940fc499f0" />
    <UnitTestResult executionId="2f715c48-6aaa-4c80-8b2a-7eaf45d41041" testId="9df0e07a-e910-2de1-3332-2bfc3045324c" testName="FeatureManager_GetFeatureParameterValue_License_Argument_Null" computerName="DKSR-EFI-04" duration="00:00:00.0005780" startTime="2023-12-22T09:33:37.3500217+01:00" endTime="2023-12-22T09:33:37.3500217+01:00" testType="13cdc9d9-ddb5-4fa4-a97d-d965ccfc6d4b" outcome="Passed" testListId="8c84fa94-04c1-424b-9868-57a2d4851a1d" relativeResultsDirectory="2f715c48-6aaa-4c80-8b2a-7eaf45d41041" />
    <UnitTestResult executionId="d10e8819-1b17-46eb-9967-8dde7769404f" testId="9e28bec4-c408-3041-cda4-91100c861ab7" testName="StreamsConfiguration_ValidateConfiguration_Same_Stream_Name" computerName="DKSR-EFI-04" duration="00:00:00.0067994" startTime="2023-12-22T09:33:29.5374837+01:00" endTime="2023-12-22T09:33:29.5374837+01:00" testType="13cdc9d9-ddb5-4fa4-a97d-d965ccfc6d4b" outcome="Passed" testListId="8c84fa94-04c1-424b-9868-57a2d4851a1d" relativeResultsDirectory="d10e8819-1b17-46eb-9967-8dde7769404f" />
    <UnitTestResult executionId="1732f011-abc4-4489-89b9-f8062d71f830" testId="6cf36fc4-07c4-7b32-5293-af5d68c60034" testName="TestShortPasswordGeneration" computerName="DKSR-EFI-04" duration="00:00:00.0002313" startTime="2023-12-22T09:33:24.3655846+01:00" endTime="2023-12-22T09:33:24.3655846+01:00" testType="13cdc9d9-ddb5-4fa4-a97d-d965ccfc6d4b" outcome="Passed" testListId="8c84fa94-04c1-424b-9868-57a2d4851a1d" relativeResultsDirectory="1732f011-abc4-4489-89b9-f8062d71f830" />
    <UnitTestResult executionId="8b4e11ad-cb12-425b-bd65-ba2dcf679d61" testId="26e7c1be-3d63-b011-e9de-0064ed7a5e30" testName="ParseAsBytes_Null_Throws_ArgumentNullException" computerName="DKSR-EFI-04" duration="00:00:00.0003213" startTime="2023-12-22T09:33:47.8188663+01:00" endTime="2023-12-22T09:33:47.8188663+01:00" testType="13cdc9d9-ddb5-4fa4-a97d-d965ccfc6d4b" outcome="Passed" testListId="8c84fa94-04c1-424b-9868-57a2d4851a1d" relativeResultsDirectory="8b4e11ad-cb12-425b-bd65-ba2dcf679d61" />
    <UnitTestResult executionId="58762919-60ae-451e-9998-0b7404bc337d" testId="c9399038-9335-219b-086e-45a33a5c904b" testName="ModelValidation_ValidModel_Success" computerName="DKSR-EFI-04" duration="00:00:00.0014792" startTime="2023-12-22T09:33:31.7249945+01:00" endTime="2023-12-22T09:33:31.7249945+01:00" testType="13cdc9d9-ddb5-4fa4-a97d-d965ccfc6d4b" outcome="Passed" testListId="8c84fa94-04c1-424b-9868-57a2d4851a1d" relativeResultsDirectory="58762919-60ae-451e-9998-0b7404bc337d" />
    <UnitTestResult executionId="0678a90d-aeca-42fb-a941-88db3d6f8334" testId="fe07232f-8808-36f4-23c6-0ae11f9d06e8" testName="ServerFileStorage_CreateStream_ContentPreserved" computerName="DKSR-EFI-04" duration="00:00:00.0043597" startTime="2023-12-22T09:33:29.0062318+01:00" endTime="2023-12-22T09:33:29.0218568+01:00" testType="13cdc9d9-ddb5-4fa4-a97d-d965ccfc6d4b" outcome="Passed" testListId="8c84fa94-04c1-424b-9868-57a2d4851a1d" relativeResultsDirectory="0678a90d-aeca-42fb-a941-88db3d6f8334" />
    <UnitTestResult executionId="4feb7723-6047-436a-a2e8-7ec981212b99" testId="1cbfcdfa-2dd8-f401-9c22-685c920f3fd3" testName="TestXmlVersionOfTwoEqualAreaIsTheSame" computerName="DKSR-EFI-04" duration="00:00:00.0004723" startTime="2023-12-22T09:33:46.2563168+01:00" endTime="2023-12-22T09:33:46.2563168+01:00" testType="13cdc9d9-ddb5-4fa4-a97d-d965ccfc6d4b" outcome="Passed" testListId="8c84fa94-04c1-424b-9868-57a2d4851a1d" relativeResultsDirectory="4feb7723-6047-436a-a2e8-7ec981212b99" />
    <UnitTestResult executionId="bad6e2a2-136f-4933-bad8-62f64f4f42f4" testId="92bfa08a-7b93-51c5-e613-5cc06a9ca4a0" testName="LicenseDocument_IsICPFeatureLicensedSuccess" computerName="DKSR-EFI-04" duration="00:00:00.0020274" startTime="2023-12-22T09:33:44.3031837+01:00" endTime="2023-12-22T09:33:44.3188082+01:00" testType="13cdc9d9-ddb5-4fa4-a97d-d965ccfc6d4b" outcome="Passed" testListId="8c84fa94-04c1-424b-9868-57a2d4851a1d" relativeResultsDirectory="bad6e2a2-136f-4933-bad8-62f64f4f42f4" />
    <UnitTestResult executionId="71a05da5-d94a-43c4-996b-f5a30ce00642" testId="8f0453c7-4de9-9feb-8603-63a89ec9dc75" testName="TestSetRegionWithRadiusFillsTheRegions" computerName="DKSR-EFI-04" duration="00:00:00.0008659" startTime="2023-12-22T09:33:46.2250709+01:00" endTime="2023-12-22T09:33:46.2250709+01:00" testType="13cdc9d9-ddb5-4fa4-a97d-d965ccfc6d4b" outcome="Passed" testListId="8c84fa94-04c1-424b-9868-57a2d4851a1d" relativeResultsDirectory="71a05da5-d94a-43c4-996b-f5a30ce00642" />
    <UnitTestResult executionId="9d34f0fd-cd86-486e-b2e3-5232933479cf" testId="840e3ed7-868c-2ede-a02c-7571f4acfb0b" testName="BoolResponseModel_NoValuesSet_ValidationFailure" computerName="DKSR-EFI-04" duration="00:00:00.0013946" startTime="2023-12-22T09:33:32.1468735+01:00" endTime="2023-12-22T09:33:32.1468735+01:00" testType="13cdc9d9-ddb5-4fa4-a97d-d965ccfc6d4b" outcome="Passed" testListId="8c84fa94-04c1-424b-9868-57a2d4851a1d" relativeResultsDirectory="9d34f0fd-cd86-486e-b2e3-5232933479cf" />
    <UnitTestResult executionId="1e85d8fe-c5c2-44e4-8c41-d136e206e4e4" testId="20198bf9-3eb9-2750-9338-7fcd24a7dba1" testName="BulkProcessor_IsClosing_NewItemsAreNotEnqueued" computerName="DKSR-EFI-04" duration="00:00:00.0006757" startTime="2023-12-22T09:33:36.5218930+01:00" endTime="2023-12-22T09:33:36.5218930+01:00" testType="13cdc9d9-ddb5-4fa4-a97d-d965ccfc6d4b" outcome="Passed" testListId="8c84fa94-04c1-424b-9868-57a2d4851a1d" relativeResultsDirectory="1e85d8fe-c5c2-44e4-8c41-d136e206e4e4" />
    <UnitTestResult executionId="b7dd3a7d-64b0-4b62-bd10-ef506f715722" testId="ceeeb36b-b7e8-0c89-cfc9-e2c8367bd453" testName="FeatureManager_FeatureParameterCount_License_Argument_Null" computerName="DKSR-EFI-04" duration="00:00:00.0004546" startTime="2023-12-22T09:33:37.3500217+01:00" endTime="2023-12-22T09:33:37.3500217+01:00" testType="13cdc9d9-ddb5-4fa4-a97d-d965ccfc6d4b" outcome="Passed" testListId="8c84fa94-04c1-424b-9868-57a2d4851a1d" relativeResultsDirectory="b7dd3a7d-64b0-4b62-bd10-ef506f715722" />
    <UnitTestResult executionId="160dd3c6-5718-4ab1-99b5-35dbc0dc50e5" testId="3c4f1715-736c-2242-54ea-d776af7e17a9" testName="Scheduler_CancellingTask" computerName="DKSR-EFI-04" duration="00:00:00.5817301" startTime="2023-12-22T09:33:33.8187548+01:00" endTime="2023-12-22T09:33:34.3968820+01:00" testType="13cdc9d9-ddb5-4fa4-a97d-d965ccfc6d4b" outcome="Passed" testListId="8c84fa94-04c1-424b-9868-57a2d4851a1d" relativeResultsDirectory="160dd3c6-5718-4ab1-99b5-35dbc0dc50e5" />
    <UnitTestResult executionId="8e5e7da3-d856-48df-ac8a-be3b468df75a" testId="02346abb-3087-4fb2-13ee-f314a8f029b6" testName="LicenseDocument_IsDeviceLicensed_InvalidDeviceInfo_Throws_ArgumentNullException" computerName="DKSR-EFI-04" duration="00:00:00.0030297" startTime="2023-12-22T09:33:44.3969329+01:00" endTime="2023-12-22T09:33:44.3969329+01:00" testType="13cdc9d9-ddb5-4fa4-a97d-d965ccfc6d4b" outcome="Passed" testListId="8c84fa94-04c1-424b-9868-57a2d4851a1d" relativeResultsDirectory="8e5e7da3-d856-48df-ac8a-be3b468df75a" />
    <UnitTestResult executionId="8c2ddd49-5427-4a00-9123-93a2d9d905ca" testId="ed886e6a-9135-5696-d7ff-eb253c1dc7d1" testName="HardwareInfo_DecodesDriverAndModelNameUpperWithAmpersand" computerName="DKSR-EFI-04" duration="00:00:00.0004137" startTime="2023-12-22T09:33:37.5375236+01:00" endTime="2023-12-22T09:33:37.5375236+01:00" testType="13cdc9d9-ddb5-4fa4-a97d-d965ccfc6d4b" outcome="Passed" testListId="8c84fa94-04c1-424b-9868-57a2d4851a1d" relativeResultsDirectory="8c2ddd49-5427-4a00-9123-93a2d9d905ca" />
    <UnitTestResult executionId="555292af-7923-494b-9bf8-f003faba556e" testId="7edb74d7-c5e2-9c1f-fcbf-d167c6d11f64" testName="HardwareInfo_HasCameraDevices_ReturnsFalse_WhenWithoutEnabledCamerasWithMatchingLicenseStates" computerName="DKSR-EFI-04" duration="00:00:00.0007472" startTime="2023-12-22T09:33:37.6000238+01:00" endTime="2023-12-22T09:33:37.6000238+01:00" testType="13cdc9d9-ddb5-4fa4-a97d-d965ccfc6d4b" outcome="Passed" testListId="8c84fa94-04c1-424b-9868-57a2d4851a1d" relativeResultsDirectory="555292af-7923-494b-9bf8-f003faba556e" />
    <UnitTestResult executionId="d81601f0-0fb3-45e2-96f7-316adc7f22b5" testId="bd2d0826-76d7-147e-adae-f69faa3e6789" testName="ReadAttributeAsString_NoChild" computerName="DKSR-EFI-04" duration="00:00:00.0019292" startTime="2023-12-22T09:33:23.7093321+01:00" endTime="2023-12-22T09:33:23.7093321+01:00" testType="13cdc9d9-ddb5-4fa4-a97d-d965ccfc6d4b" outcome="Passed" testListId="8c84fa94-04c1-424b-9868-57a2d4851a1d" relativeResultsDirectory="d81601f0-0fb3-45e2-96f7-316adc7f22b5" />
    <UnitTestResult executionId="99404d5a-b3b9-465c-bd21-9df90e702a39" testId="f7a71bbf-6d87-6510-8ab0-8692465afb95" testName="TestNumberOfRegions" computerName="DKSR-EFI-04" duration="00:00:00.0001858" startTime="2023-12-22T09:33:46.1938137+01:00" endTime="2023-12-22T09:33:46.1938137+01:00" testType="13cdc9d9-ddb5-4fa4-a97d-d965ccfc6d4b" outcome="Passed" testListId="8c84fa94-04c1-424b-9868-57a2d4851a1d" relativeResultsDirectory="99404d5a-b3b9-465c-bd21-9df90e702a39" />
    <UnitTestResult executionId="ca3a3ce6-d608-4883-9ac6-53094d19cb1c" testId="f6328b9f-b052-e3f8-6080-2632707fb0d3" testName="EventMetadataTimestampParsesTimezonesCorrectly" computerName="DKSR-EFI-04" duration="00:00:00.0064875" startTime="2023-12-22T09:33:34.5062572+01:00" endTime="2023-12-22T09:33:34.5218835+01:00" testType="13cdc9d9-ddb5-4fa4-a97d-d965ccfc6d4b" outcome="Passed" testListId="8c84fa94-04c1-424b-9868-57a2d4851a1d" relativeResultsDirectory="ca3a3ce6-d608-4883-9ac6-53094d19cb1c" />
    <UnitTestResult executionId="eb98e294-2a9a-4cfc-9401-7363ca7cee4c" testId="96d443a5-b412-1807-e482-ec5c3f804441" testName="CreateInstance_SettingsFileDoesNotExist_ReturnsDefaultInstance" computerName="DKSR-EFI-04" duration="00:00:00.0003562" startTime="2023-12-22T09:33:32.3812496+01:00" endTime="2023-12-22T09:33:32.3812496+01:00" testType="13cdc9d9-ddb5-4fa4-a97d-d965ccfc6d4b" outcome="Passed" testListId="8c84fa94-04c1-424b-9868-57a2d4851a1d" relativeResultsDirectory="eb98e294-2a9a-4cfc-9401-7363ca7cee4c" />
    <UnitTestResult executionId="ad6b0292-2c0d-4c6d-8098-7b4328f11bc9" testId="c4581c14-0d59-0614-6603-b04ff30ec169" testName="IsSettingAac_ReturnFalse_OnNull" computerName="DKSR-EFI-04" duration="00:00:00.0002832" startTime="2023-12-22T09:33:45.0219361+01:00" endTime="2023-12-22T09:33:45.0219361+01:00" testType="13cdc9d9-ddb5-4fa4-a97d-d965ccfc6d4b" outcome="Passed" testListId="8c84fa94-04c1-424b-9868-57a2d4851a1d" relativeResultsDirectory="ad6b0292-2c0d-4c6d-8098-7b4328f11bc9" />
    <UnitTestResult executionId="9317222c-e85d-4b6e-9cc0-67d10e4424b9" testId="392c8b56-9465-52cc-1bd7-e3147efe6727" testName="RecurringSchedule_CaseInsensitiveElementNames" computerName="DKSR-EFI-04" duration="00:00:00.0003536" startTime="2023-12-22T09:33:33.0531269+01:00" endTime="2023-12-22T09:33:33.0687524+01:00" testType="13cdc9d9-ddb5-4fa4-a97d-d965ccfc6d4b" outcome="Passed" testListId="8c84fa94-04c1-424b-9868-57a2d4851a1d" relativeResultsDirectory="9317222c-e85d-4b6e-9cc0-67d10e4424b9" />
    <UnitTestResult executionId="08cc86b9-6de1-43e3-b64b-729948b74211" testId="50ff3d4b-f52b-01fd-1d73-ae133eea2aa3" testName="FeatureManager_FeatureParameterCount_Succeed" computerName="DKSR-EFI-04" duration="00:00:00.0007379" startTime="2023-12-22T09:33:37.3500217+01:00" endTime="2023-12-22T09:33:37.3500217+01:00" testType="13cdc9d9-ddb5-4fa4-a97d-d965ccfc6d4b" outcome="Passed" testListId="8c84fa94-04c1-424b-9868-57a2d4851a1d" relativeResultsDirectory="08cc86b9-6de1-43e3-b64b-729948b74211" />
    <UnitTestResult executionId="46750f8b-39b8-4f18-9da3-c30d95b6a6e9" testId="b2a2b311-7a7a-5a2a-97cd-97756f8a6ee7" testName="BindToType_BindToAllowedTypesWithNullBinder_NoException" computerName="DKSR-EFI-04" duration="00:00:00.0013753" startTime="2023-12-22T09:33:29.8499863+01:00" endTime="2023-12-22T09:33:29.8499863+01:00" testType="13cdc9d9-ddb5-4fa4-a97d-d965ccfc6d4b" outcome="Passed" testListId="8c84fa94-04c1-424b-9868-57a2d4851a1d" relativeResultsDirectory="46750f8b-39b8-4f18-9da3-c30d95b6a6e9" />
    <UnitTestResult executionId="741ecd10-081b-4134-95ea-429857e7cc90" testId="a13b6bf9-d8b8-63c1-1b19-02003097a01e" testName="CalculateLicenseRequirements_Device_Whitelisted_HardwareWithMultipleCameraDevicesCountsAsSingleLicenses_ReturnsTrue" computerName="DKSR-EFI-04" duration="00:00:00.0015778" startTime="2023-12-22T09:33:37.9125253+01:00" endTime="2023-12-22T09:33:37.9281496+01:00" testType="13cdc9d9-ddb5-4fa4-a97d-d965ccfc6d4b" outcome="Passed" testListId="8c84fa94-04c1-424b-9868-57a2d4851a1d" relativeResultsDirectory="741ecd10-081b-4134-95ea-429857e7cc90" />
    <UnitTestResult executionId="ad36a024-a9d8-46bd-9dad-a6833fb096f9" testId="a65d9d49-2d35-c77e-fc7d-d95914c1d90b" testName="BulkProcessor_IsClosing_WaitForRunningTaskToComplete" computerName="DKSR-EFI-04" duration="00:00:00.0274987" startTime="2023-12-22T09:33:36.5218930+01:00" endTime="2023-12-22T09:33:36.5531434+01:00" testType="13cdc9d9-ddb5-4fa4-a97d-d965ccfc6d4b" outcome="Passed" testListId="8c84fa94-04c1-424b-9868-57a2d4851a1d" relativeResultsDirectory="ad36a024-a9d8-46bd-9dad-a6833fb096f9" />
    <UnitTestResult executionId="eeeb4e41-c915-46a8-bf32-6e7e9261a1e0" testId="c5db308c-4f9f-380c-a164-38c86060a6bf" testName="LicenseDocument_ThrowsUnsupportedLicensingModeError_OnLicenseWithoutWhitelist" computerName="DKSR-EFI-04" duration="00:00:00.0012760" startTime="2023-12-22T09:33:44.3656806+01:00" endTime="2023-12-22T09:33:44.3656806+01:00" testType="13cdc9d9-ddb5-4fa4-a97d-d965ccfc6d4b" outcome="Passed" testListId="8c84fa94-04c1-424b-9868-57a2d4851a1d" relativeResultsDirectory="eeeb4e41-c915-46a8-bf32-6e7e9261a1e0" />
    <UnitTestResult executionId="8359f252-b6ea-4558-99e8-f3870e7d9b4d" testId="c2285dae-1cec-1615-44a4-c7a7de367a0d" testName="WhiteList_IsDriverWhiteListed_HWWith17CH_GlobalMaxChannelCountIs16_ReturnsFalse" computerName="DKSR-EFI-04" duration="00:00:00.0008088" startTime="2023-12-22T09:33:44.6469330+01:00" endTime="2023-12-22T09:33:44.6469330+01:00" testType="13cdc9d9-ddb5-4fa4-a97d-d965ccfc6d4b" outcome="Passed" testListId="8c84fa94-04c1-424b-9868-57a2d4851a1d" relativeResultsDirectory="8359f252-b6ea-4558-99e8-f3870e7d9b4d" />
    <UnitTestResult executionId="5cb7f463-8d44-4cb7-956d-42a49c693895" testId="1ec38645-b6f6-9972-e956-d407b17fc86e" testName="BoolResponseModel_NoValuesSet_ValidationFailure" computerName="DKSR-EFI-04" duration="00:00:00.0011604" startTime="2023-12-22T09:33:32.0687467+01:00" endTime="2023-12-22T09:33:32.0687467+01:00" testType="13cdc9d9-ddb5-4fa4-a97d-d965ccfc6d4b" outcome="Passed" testListId="8c84fa94-04c1-424b-9868-57a2d4851a1d" relativeResultsDirectory="5cb7f463-8d44-4cb7-956d-42a49c693895" />
    <UnitTestResult executionId="dc541dc8-ca4a-4ce9-8e2b-c52635b8deef" testId="decd45ba-b31d-048b-2c1d-b62c345e6092" testName="CreateHttpUri_NoScheme_UseDefaultPortFalse_BecomesHttpPort80" computerName="DKSR-EFI-04" duration="00:00:00.0002114" startTime="2023-12-22T09:33:47.3969472+01:00" endTime="2023-12-22T09:33:47.3969472+01:00" testType="13cdc9d9-ddb5-4fa4-a97d-d965ccfc6d4b" outcome="Passed" testListId="8c84fa94-04c1-424b-9868-57a2d4851a1d" relativeResultsDirectory="dc541dc8-ca4a-4ce9-8e2b-c52635b8deef" />
    <UnitTestResult executionId="b4818215-2ab3-4d05-9a50-1f34ef4f4f14" testId="8107be73-2f16-ad8f-05ba-5c3f406af6e9" testName="FeatureManager_TryGetFeatureParameterValueT_Enum_Valid_Value" computerName="DKSR-EFI-04" duration="00:00:00.0006387" startTime="2023-12-22T09:33:37.4437738+01:00" endTime="2023-12-22T09:33:37.4437738+01:00" testType="13cdc9d9-ddb5-4fa4-a97d-d965ccfc6d4b" outcome="Passed" testListId="8c84fa94-04c1-424b-9868-57a2d4851a1d" relativeResultsDirectory="b4818215-2ab3-4d05-9a50-1f34ef4f4f14" />
    <UnitTestResult executionId="8996cae9-32e3-4709-b3de-7f6b908cc659" testId="82edf84a-50a6-b3ee-7be9-4c1d5e3bebbc" testName="TestMergeGridAreaWithNonIntegerScalingFactorFirstAreaLarger" computerName="DKSR-EFI-04" duration="00:00:00.0004569" startTime="2023-12-22T09:33:46.1781910+01:00" endTime="2023-12-22T09:33:46.1781910+01:00" testType="13cdc9d9-ddb5-4fa4-a97d-d965ccfc6d4b" outcome="Passed" testListId="8c84fa94-04c1-424b-9868-57a2d4851a1d" relativeResultsDirectory="8996cae9-32e3-4709-b3de-7f6b908cc659" />
    <UnitTestResult executionId="9e2de2a3-7577-44bd-b34e-b1b0d12a8e3c" testId="9dd8c348-d98a-4fb4-2d5a-fe752bf9cfa1" testName="GroupConfigurationDeleteGroupNotEmpty" computerName="DKSR-EFI-04" duration="00:00:00.0009780" startTime="2023-12-22T09:33:34.4593844+01:00" endTime="2023-12-22T09:33:34.4593844+01:00" testType="13cdc9d9-ddb5-4fa4-a97d-d965ccfc6d4b" outcome="Passed" testListId="8c84fa94-04c1-424b-9868-57a2d4851a1d" relativeResultsDirectory="9e2de2a3-7577-44bd-b34e-b1b0d12a8e3c" />
    <UnitTestResult executionId="38d128ac-bb7f-4ce3-ab5f-f60004034d01" testId="7f415fe9-f2f4-e9a4-723c-4302acb7f4e5" testName="RecurringSchedule_GetNextScheduleTime_Weekly_Every_2nd_Tuesday_At_4_00" computerName="DKSR-EFI-04" duration="00:00:00.0014319" startTime="2023-12-22T09:33:33.0843767+01:00" endTime="2023-12-22T09:33:33.0843767+01:00" testType="13cdc9d9-ddb5-4fa4-a97d-d965ccfc6d4b" outcome="Passed" testListId="8c84fa94-04c1-424b-9868-57a2d4851a1d" relativeResultsDirectory="38d128ac-bb7f-4ce3-ab5f-f60004034d01" />
    <UnitTestResult executionId="5f6c20bf-f4db-4c72-a1a1-c311a96e353c" testId="d1f6ebcd-23a6-1f36-1b44-9c7daaeece12" testName="CreateCreateHardwareLicenseCountEvaluator_ChannelLicensing_Returns_ValidIHardwareLicenseCountEvaluator" computerName="DKSR-EFI-04" duration="00:00:00.0004483" startTime="2023-12-22T09:33:44.4906829+01:00" endTime="2023-12-22T09:33:44.5063062+01:00" testType="13cdc9d9-ddb5-4fa4-a97d-d965ccfc6d4b" outcome="Passed" testListId="8c84fa94-04c1-424b-9868-57a2d4851a1d" relativeResultsDirectory="5f6c20bf-f4db-4c72-a1a1-c311a96e353c" />
    <UnitTestResult executionId="5c4eafe5-c5ae-4a9b-983c-1d8131237d14" testId="bbeb0c54-69b2-7c8f-6a00-800a5e934d17" testName="WhiteList_Model_IsModelWhitelistedOnUnlistedModels_ReturnsFalse" computerName="DKSR-EFI-04" duration="00:00:00.0007167" startTime="2023-12-22T09:33:44.6313082+01:00" endTime="2023-12-22T09:33:44.6313082+01:00" testType="13cdc9d9-ddb5-4fa4-a97d-d965ccfc6d4b" outcome="Passed" testListId="8c84fa94-04c1-424b-9868-57a2d4851a1d" relativeResultsDirectory="5c4eafe5-c5ae-4a9b-983c-1d8131237d14" />
    <UnitTestResult executionId="0a1284c8-b401-4c06-9261-337451c1d1b3" testId="bdbad9cc-433c-5bda-9712-dfb5731f66f0" testName="BaseHtmlLicenseReport_CreateTableRow_Success" computerName="DKSR-EFI-04" duration="00:00:00.0005298" startTime="2023-12-22T09:33:37.2093981+01:00" endTime="2023-12-22T09:33:37.2093981+01:00" testType="13cdc9d9-ddb5-4fa4-a97d-d965ccfc6d4b" outcome="Passed" testListId="8c84fa94-04c1-424b-9868-57a2d4851a1d" relativeResultsDirectory="0a1284c8-b401-4c06-9261-337451c1d1b3" />
    <UnitTestResult executionId="21826a70-9d85-4ed1-93fb-bbf01d782be9" testId="8c581716-6923-024e-05c8-e8a4c17b964e" testName="ServerFileStorageEntry_Persist_AlreadyExists_InvalidOperationException" computerName="DKSR-EFI-04" duration="00:00:00.0004525" startTime="2023-12-22T09:33:29.1000218+01:00" endTime="2023-12-22T09:33:29.1000218+01:00" testType="13cdc9d9-ddb5-4fa4-a97d-d965ccfc6d4b" outcome="Passed" testListId="8c84fa94-04c1-424b-9868-57a2d4851a1d" relativeResultsDirectory="21826a70-9d85-4ed1-93fb-bbf01d782be9" />
    <UnitTestResult executionId="9737ac6e-32c8-4848-8298-8fffb02bc692" testId="25a11567-6162-f921-9475-fdd513dc689c" testName="FeatureManager_IsFeatureLicensed_License_Feature_Null" computerName="DKSR-EFI-04" duration="00:00:00.0003696" startTime="2023-12-22T09:33:37.3343987+01:00" endTime="2023-12-22T09:33:37.3343987+01:00" testType="13cdc9d9-ddb5-4fa4-a97d-d965ccfc6d4b" outcome="Passed" testListId="8c84fa94-04c1-424b-9868-57a2d4851a1d" relativeResultsDirectory="9737ac6e-32c8-4848-8298-8fffb02bc692" />
    <UnitTestResult executionId="83da7b89-6914-4faf-9b0d-737532bcea0c" testId="22e9e8a7-9c26-53cd-90da-5874db0659cd" testName="LicenseDocument_ActivatedDate__ReturnsDateFromLicense" computerName="DKSR-EFI-04" duration="00:00:00.0055027" startTime="2023-12-22T09:33:44.3344331+01:00" endTime="2023-12-22T09:33:44.3500585+01:00" testType="13cdc9d9-ddb5-4fa4-a97d-d965ccfc6d4b" outcome="Passed" testListId="8c84fa94-04c1-424b-9868-57a2d4851a1d" relativeResultsDirectory="83da7b89-6914-4faf-9b0d-737532bcea0c" />
    <UnitTestResult executionId="8d1dee29-9e74-4acc-89ef-d5e400ccabfc" testId="75ff3f88-1bfc-4319-e9e6-4ccc76c10679" testName="OnActionExecuting_ActionContextIsNull_ArgumentNullException" computerName="DKSR-EFI-04" duration="00:00:00.1084006" startTime="2023-12-22T09:33:18.7874340+01:00" endTime="2023-12-22T09:33:19.4436833+01:00" testType="13cdc9d9-ddb5-4fa4-a97d-d965ccfc6d4b" outcome="Passed" testListId="8c84fa94-04c1-424b-9868-57a2d4851a1d" relativeResultsDirectory="8d1dee29-9e74-4acc-89ef-d5e400ccabfc" />
    <UnitTestResult executionId="3d4515b7-bf22-4e0d-9ad8-9195d0771a73" testId="119d30a6-0e89-cfb5-7dfd-1aa7a605ec51" testName="RefCountedObjectWrapper_ExecuteCallWithRefCount_And_Dispose_Success" computerName="DKSR-EFI-04" duration="00:00:00.0077908" startTime="2023-12-22T09:33:30.6468662+01:00" endTime="2023-12-22T09:33:30.6468662+01:00" testType="13cdc9d9-ddb5-4fa4-a97d-d965ccfc6d4b" outcome="Passed" testListId="8c84fa94-04c1-424b-9868-57a2d4851a1d" relativeResultsDirectory="3d4515b7-bf22-4e0d-9ad8-9195d0771a73" />
    <UnitTestResult executionId="628613fc-d9e0-4765-9d9d-9edcdb372f4a" testId="a8adb570-3c77-fd92-2880-fcff3132e10b" testName="ReadChildElementValueAsUInt64_NameNull" computerName="DKSR-EFI-04" duration="00:00:00.0006870" startTime="2023-12-22T09:33:23.8968311+01:00" endTime="2023-12-22T09:33:23.8968311+01:00" testType="13cdc9d9-ddb5-4fa4-a97d-d965ccfc6d4b" outcome="Passed" testListId="8c84fa94-04c1-424b-9868-57a2d4851a1d" relativeResultsDirectory="628613fc-d9e0-4765-9d9d-9edcdb372f4a" />
    <UnitTestResult executionId="675fdc33-165f-4471-b578-bc261148dbce" testId="1aaa06b2-2409-0df2-05c0-3c6e890e4f49" testName="GetChannelLicensenCount_AddNoHardware_ReturnValue" computerName="DKSR-EFI-04" duration="00:00:00.0001510" startTime="2023-12-22T09:33:37.5218977+01:00" endTime="2023-12-22T09:33:37.5218977+01:00" testType="13cdc9d9-ddb5-4fa4-a97d-d965ccfc6d4b" outcome="Passed" testListId="8c84fa94-04c1-424b-9868-57a2d4851a1d" relativeResultsDirectory="675fdc33-165f-4471-b578-bc261148dbce" />
    <UnitTestResult executionId="197e2840-b895-4c6a-86ab-8b279bce3e84" testId="471c30f3-79c2-61c6-1bb4-c487d0950a82" testName="CheckAllMIPFiltersNullParameter2" computerName="DKSR-EFI-04" duration="00:00:00.0006613" startTime="2023-12-22T09:33:34.5062572+01:00" endTime="2023-12-22T09:33:34.5062572+01:00" testType="13cdc9d9-ddb5-4fa4-a97d-d965ccfc6d4b" outcome="Passed" testListId="8c84fa94-04c1-424b-9868-57a2d4851a1d" relativeResultsDirectory="197e2840-b895-4c6a-86ab-8b279bce3e84" />
    <UnitTestResult executionId="84efb64e-48d1-423d-a16b-fe445ccd4991" testId="e69f464d-0771-8709-59a3-16ed804ee258" testName="VersionExtensions_GetVersionDisplayValueNoAscii_Success" computerName="DKSR-EFI-04" duration="00:00:00.0001661" startTime="2023-12-22T09:33:44.8969344+01:00" endTime="2023-12-22T09:33:44.8969344+01:00" testType="13cdc9d9-ddb5-4fa4-a97d-d965ccfc6d4b" outcome="Passed" testListId="8c84fa94-04c1-424b-9868-57a2d4851a1d" relativeResultsDirectory="84efb64e-48d1-423d-a16b-fe445ccd4991" />
    <UnitTestResult executionId="77407829-88e1-42ea-a56f-125e7e8fc7ad" testId="0464c71d-09cc-139b-d444-36b0b817a44a" testName="FeatureManager_TryGetFeatureParameterValueT_Guid_Valid_Value" computerName="DKSR-EFI-04" duration="00:00:00.0004877" startTime="2023-12-22T09:33:37.4437738+01:00" endTime="2023-12-22T09:33:37.4437738+01:00" testType="13cdc9d9-ddb5-4fa4-a97d-d965ccfc6d4b" outcome="Passed" testListId="8c84fa94-04c1-424b-9868-57a2d4851a1d" relativeResultsDirectory="77407829-88e1-42ea-a56f-125e7e8fc7ad" />
    <UnitTestResult executionId="7c24bd11-328c-4ab8-b21b-8c050831d50e" testId="057ca012-14e2-3599-baae-3eb1aa5d3d06" testName="Transform_XmlHasStorageSetting_StorageSettingIsTransformed" computerName="DKSR-EFI-04" duration="00:00:00.0007826" startTime="2023-12-22T09:33:46.9906966+01:00" endTime="2023-12-22T09:33:46.9906966+01:00" testType="13cdc9d9-ddb5-4fa4-a97d-d965ccfc6d4b" outcome="Passed" testListId="8c84fa94-04c1-424b-9868-57a2d4851a1d" relativeResultsDirectory="7c24bd11-328c-4ab8-b21b-8c050831d50e" />
    <UnitTestResult executionId="a54c7a0d-b06b-4cd2-b232-7f65ad2f0118" testId="06d4e42d-cb4c-4c11-b9eb-35069d860df1" testName="Transform_XmlWithoutPassword_NoChanges" computerName="DKSR-EFI-04" duration="00:00:00.0014431" startTime="2023-12-22T09:33:46.9594455+01:00" endTime="2023-12-22T09:33:46.9594455+01:00" testType="13cdc9d9-ddb5-4fa4-a97d-d965ccfc6d4b" outcome="Passed" testListId="8c84fa94-04c1-424b-9868-57a2d4851a1d" relativeResultsDirectory="a54c7a0d-b06b-4cd2-b232-7f65ad2f0118" />
    <UnitTestResult executionId="b268d084-57c3-41c3-9fbe-7b6c55371be1" testId="6dcaeb54-e5aa-1301-9b9c-12a66896fa96" testName="ModelValidation_NonEmptyGuidsAreEmpty_Failed" computerName="DKSR-EFI-04" duration="00:00:00.0018101" startTime="2023-12-22T09:33:31.4124923+01:00" endTime="2023-12-22T09:33:31.4124923+01:00" testType="13cdc9d9-ddb5-4fa4-a97d-d965ccfc6d4b" outcome="Passed" testListId="8c84fa94-04c1-424b-9868-57a2d4851a1d" relativeResultsDirectory="b268d084-57c3-41c3-9fbe-7b6c55371be1" />
    <UnitTestResult executionId="a86a8be6-7829-4fbd-b6b3-0fa45fe7a794" testId="8c3196ab-de04-4b67-c25d-8f27cd948816" testName="ConvertForStorage_ZeroByteLicense_ReturnsSame" computerName="DKSR-EFI-04" duration="00:00:00.0005587" startTime="2023-12-22T09:33:44.4906829+01:00" endTime="2023-12-22T09:33:44.4906829+01:00" testType="13cdc9d9-ddb5-4fa4-a97d-d965ccfc6d4b" outcome="Passed" testListId="8c84fa94-04c1-424b-9868-57a2d4851a1d" relativeResultsDirectory="a86a8be6-7829-4fbd-b6b3-0fa45fe7a794" />
    <UnitTestResult executionId="26d6d8ba-9c01-4917-8bd0-606574afbc59" testId="f420811b-d1c5-b93f-d7a5-346979ce05d1" testName="IsDeviceLicensed_ReturnsFalse_OnNotActivatedICPDevice" computerName="DKSR-EFI-04" duration="00:00:00.0024011" startTime="2023-12-22T09:33:44.4281837+01:00" endTime="2023-12-22T09:33:44.4281837+01:00" testType="13cdc9d9-ddb5-4fa4-a97d-d965ccfc6d4b" outcome="Passed" testListId="8c84fa94-04c1-424b-9868-57a2d4851a1d" relativeResultsDirectory="26d6d8ba-9c01-4917-8bd0-606574afbc59" />
    <UnitTestResult executionId="2ca2a957-aa1e-4d49-8582-2b6fd908291f" testId="6c7d8215-38b1-02e9-d562-9273b1ad62df" testName="FindFrameIdx_TimeF2" computerName="DKSR-EFI-04" duration="00:00:00.0005144" startTime="2023-12-22T09:33:24.2874584+01:00" endTime="2023-12-22T09:33:24.2874584+01:00" testType="13cdc9d9-ddb5-4fa4-a97d-d965ccfc6d4b" outcome="Passed" testListId="8c84fa94-04c1-424b-9868-57a2d4851a1d" relativeResultsDirectory="2ca2a957-aa1e-4d49-8582-2b6fd908291f" />
    <UnitTestResult executionId="d0bdd0d7-fbad-405f-8fd1-7053c944179d" testId="45542875-edb0-b681-0266-836ee63c8265" testName="BindToType_BindToAllowedTypesWithBinder_TypeReturned" computerName="DKSR-EFI-04" duration="00:00:00.0009348" startTime="2023-12-22T09:33:29.8656112+01:00" endTime="2023-12-22T09:33:29.8656112+01:00" testType="13cdc9d9-ddb5-4fa4-a97d-d965ccfc6d4b" outcome="Passed" testListId="8c84fa94-04c1-424b-9868-57a2d4851a1d" relativeResultsDirectory="d0bdd0d7-fbad-405f-8fd1-7053c944179d" />
    <UnitTestResult executionId="864ab136-3a66-4b13-86e1-54b5ef03a469" testId="f12700ba-8821-f0ba-12ed-2e40c237fae7" testName="WhiteList_IsModelWhiteListed_HWWith17CH_GlobalMaxChannelCount16ModelMaxChannelCountInvalid_ReturnsFalse" computerName="DKSR-EFI-04" duration="00:00:00.0007620" startTime="2023-12-22T09:33:44.6781843+01:00" endTime="2023-12-22T09:33:44.6781843+01:00" testType="13cdc9d9-ddb5-4fa4-a97d-d965ccfc6d4b" outcome="Passed" testListId="8c84fa94-04c1-424b-9868-57a2d4851a1d" relativeResultsDirectory="864ab136-3a66-4b13-86e1-54b5ef03a469" />
    <UnitTestResult executionId="d99eb2c9-d6b1-4a18-a283-faf5aa528963" testId="715d0369-27be-2c88-65b5-10c8e2e568de" testName="ReadAttributeAsBoolean_SunnyDayTrue" computerName="DKSR-EFI-04" duration="00:00:00.0012406" startTime="2023-12-22T09:33:23.7249574+01:00" endTime="2023-12-22T09:33:23.7249574+01:00" testType="13cdc9d9-ddb5-4fa4-a97d-d965ccfc6d4b" outcome="Passed" testListId="8c84fa94-04c1-424b-9868-57a2d4851a1d" relativeResultsDirectory="d99eb2c9-d6b1-4a18-a283-faf5aa528963" />
    <UnitTestResult executionId="5a3c57dc-1ffe-4bf8-99e4-1f9c564d7cf3" testId="4fc5b303-bc77-1c0a-0834-58d34630be49" testName="StreamsConfiguration_Clear_Success" computerName="DKSR-EFI-04" duration="00:00:00.0010146" startTime="2023-12-22T09:33:29.1468603+01:00" endTime="2023-12-22T09:33:29.1468603+01:00" testType="13cdc9d9-ddb5-4fa4-a97d-d965ccfc6d4b" outcome="Passed" testListId="8c84fa94-04c1-424b-9868-57a2d4851a1d" relativeResultsDirectory="5a3c57dc-1ffe-4bf8-99e4-1f9c564d7cf3" />
    <UnitTestResult executionId="6657864f-0610-470e-9684-09ebf2e4915b" testId="e60113ed-a422-020f-6cdd-b7c5c137b613" testName="LicenseDocument_Constructor_Success_OnValidChannelLicensingMode" computerName="DKSR-EFI-04" duration="00:00:00.0021327" startTime="2023-12-22T09:33:44.2406814+01:00" endTime="2023-12-22T09:33:44.2406814+01:00" testType="13cdc9d9-ddb5-4fa4-a97d-d965ccfc6d4b" outcome="Passed" testListId="8c84fa94-04c1-424b-9868-57a2d4851a1d" relativeResultsDirectory="6657864f-0610-470e-9684-09ebf2e4915b" />
    <UnitTestResult executionId="b02ddceb-90b3-40db-a477-776182e7d3f2" testId="61499327-643a-5671-4eb8-b3beebbaec49" testName="ServerFileSystemResponseQueryDirectoriesModel_Validate_Success" computerName="DKSR-EFI-04" duration="00:00:00.0015376" startTime="2023-12-22T09:33:30.1937377+01:00" endTime="2023-12-22T09:33:30.1937377+01:00" testType="13cdc9d9-ddb5-4fa4-a97d-d965ccfc6d4b" outcome="Passed" testListId="8c84fa94-04c1-424b-9868-57a2d4851a1d" relativeResultsDirectory="b02ddceb-90b3-40db-a477-776182e7d3f2" />
    <UnitTestResult executionId="5d40cd45-8b7f-42eb-88ff-fbcbeff11e7c" testId="b20ae3f0-0dc7-f1fc-2977-e0507e3b838b" testName="Schemes_SerializeAndDeserializeTwoItemsTest" computerName="DKSR-EFI-04" duration="00:00:00.0007909" startTime="2023-12-22T09:33:45.1156867+01:00" endTime="2023-12-22T09:33:45.1156867+01:00" testType="13cdc9d9-ddb5-4fa4-a97d-d965ccfc6d4b" outcome="Passed" testListId="8c84fa94-04c1-424b-9868-57a2d4851a1d" relativeResultsDirectory="5d40cd45-8b7f-42eb-88ff-fbcbeff11e7c" />
    <UnitTestResult executionId="6fd9a59f-bd26-4264-951c-135cd13cd49a" testId="c56e53e9-2c05-5eb9-8244-91b1844883db" testName="ScheduledTimeReachedFunctionScheduledDateReachedTest" computerName="DKSR-EFI-04" duration="00:00:00.0065268" startTime="2023-12-22T09:33:34.5218835+01:00" endTime="2023-12-22T09:33:34.5375083+01:00" testType="13cdc9d9-ddb5-4fa4-a97d-d965ccfc6d4b" outcome="Passed" testListId="8c84fa94-04c1-424b-9868-57a2d4851a1d" relativeResultsDirectory="6fd9a59f-bd26-4264-951c-135cd13cd49a" />
    <UnitTestResult executionId="a88a950d-76a3-4509-91bf-8c431cab0b93" testId="9cf49f98-abd8-729d-395b-0c76b12b085b" testName="ModelValidation_NonEmptyGuidsAreEmpty_Failed" computerName="DKSR-EFI-04" duration="00:00:00.0019559" startTime="2023-12-22T09:33:31.3656174+01:00" endTime="2023-12-22T09:33:31.3656174+01:00" testType="13cdc9d9-ddb5-4fa4-a97d-d965ccfc6d4b" outcome="Passed" testListId="8c84fa94-04c1-424b-9868-57a2d4851a1d" relativeResultsDirectory="a88a950d-76a3-4509-91bf-8c431cab0b93" />
    <UnitTestResult executionId="61ee8a7b-e9de-4465-800d-5429e7b0d09d" testId="cfea9707-a327-a551-4a0d-1f2c971adbba" testName="WebApiException_Serialization_DeserializationIsValid" computerName="DKSR-EFI-04" duration="00:00:00.0009011" startTime="2023-12-22T09:33:32.3656245+01:00" endTime="2023-12-22T09:33:32.3656245+01:00" testType="13cdc9d9-ddb5-4fa4-a97d-d965ccfc6d4b" outcome="Passed" testListId="8c84fa94-04c1-424b-9868-57a2d4851a1d" relativeResultsDirectory="61ee8a7b-e9de-4465-800d-5429e7b0d09d" />
    <UnitTestResult executionId="167c4b4e-dbc9-469e-9a2b-847ccb543b89" testId="9171dc5a-a7bd-00b3-f835-43afc308444d" testName="ConvertStringToPort_Port65536_ThrowsArgumentOutOfRangeException" computerName="DKSR-EFI-04" duration="00:00:00.0006951" startTime="2023-12-22T09:33:47.5063215+01:00" endTime="2023-12-22T09:33:47.5063215+01:00" testType="13cdc9d9-ddb5-4fa4-a97d-d965ccfc6d4b" outcome="Passed" testListId="8c84fa94-04c1-424b-9868-57a2d4851a1d" relativeResultsDirectory="167c4b4e-dbc9-469e-9a2b-847ccb543b89" />
    <UnitTestResult executionId="849654c1-52bb-4375-a3d8-c16508e49a3e" testId="5a40db3a-8eb6-b66c-4632-62d2188edcd1" testName="WhiteList_IsDriverWhiteListed_HWWith17CH_GlobalMaxChannelCount16DriverMaxChannelCountInvalid_ReturnsFalse" computerName="DKSR-EFI-04" duration="00:00:00.0007405" startTime="2023-12-22T09:33:44.6625593+01:00" endTime="2023-12-22T09:33:44.6625593+01:00" testType="13cdc9d9-ddb5-4fa4-a97d-d965ccfc6d4b" outcome="Passed" testListId="8c84fa94-04c1-424b-9868-57a2d4851a1d" relativeResultsDirectory="849654c1-52bb-4375-a3d8-c16508e49a3e" />
    <UnitTestResult executionId="a380102f-b077-4f51-ba08-d54eb71654f3" testId="feac0fb9-cc87-e079-1135-a7b100b0efdb" testName="ResponseModel_Validate_Success" computerName="DKSR-EFI-04" duration="00:00:00.0005720" startTime="2023-12-22T09:33:32.1781233+01:00" endTime="2023-12-22T09:33:32.1781233+01:00" testType="13cdc9d9-ddb5-4fa4-a97d-d965ccfc6d4b" outcome="Passed" testListId="8c84fa94-04c1-424b-9868-57a2d4851a1d" relativeResultsDirectory="a380102f-b077-4f51-ba08-d54eb71654f3" />
    <UnitTestResult executionId="65f8c285-b66f-45d8-9985-5da5b7223449" testId="b2f4e215-30fd-0f31-d9f2-265f40f5d8de" testName="Decrypt_DataSetHasRow_DataSetIsDecrypted" computerName="DKSR-EFI-04" duration="00:00:00.0021103" startTime="2023-12-22T09:33:46.3344418+01:00" endTime="2023-12-22T09:33:46.3500667+01:00" testType="13cdc9d9-ddb5-4fa4-a97d-d965ccfc6d4b" outcome="Passed" testListId="8c84fa94-04c1-424b-9868-57a2d4851a1d" relativeResultsDirectory="65f8c285-b66f-45d8-9985-5da5b7223449" />
    <UnitTestResult executionId="cf3047b7-1776-47ee-b538-abbc7addfa42" testId="e13f6d90-f26d-a205-f30b-8522dd9dd946" testName="Validate_PartialMatch_Found_StartOfWord_LowerCase_Success" computerName="DKSR-EFI-04" duration="00:00:00.0001927" startTime="2023-12-22T09:33:44.8188088+01:00" endTime="2023-12-22T09:33:44.8188088+01:00" testType="13cdc9d9-ddb5-4fa4-a97d-d965ccfc6d4b" outcome="Passed" testListId="8c84fa94-04c1-424b-9868-57a2d4851a1d" relativeResultsDirectory="cf3047b7-1776-47ee-b538-abbc7addfa42" />
    <UnitTestResult executionId="edabc7bd-4b34-498b-8c6b-422696cfd585" testId="6620f562-0c1b-bb02-0533-faa244f69160" testName="GroupConfigurationAddGroupsOneLevelDeleteOne" computerName="DKSR-EFI-04" duration="00:00:00.0008847" startTime="2023-12-22T09:33:34.4125065+01:00" endTime="2023-12-22T09:33:34.4281332+01:00" testType="13cdc9d9-ddb5-4fa4-a97d-d965ccfc6d4b" outcome="Passed" testListId="8c84fa94-04c1-424b-9868-57a2d4851a1d" relativeResultsDirectory="edabc7bd-4b34-498b-8c6b-422696cfd585" />
    <UnitTestResult executionId="d684b8e4-435d-4b2e-9407-17c6937af619" testId="7b46ca98-430c-2a1f-64c5-540290548710" testName="MipActionModel_RequiredPropertiesAreNull_Failed" computerName="DKSR-EFI-04" duration="00:00:00.0031282" startTime="2023-12-22T09:33:32.0062460+01:00" endTime="2023-12-22T09:33:32.0062460+01:00" testType="13cdc9d9-ddb5-4fa4-a97d-d965ccfc6d4b" outcome="Passed" testListId="8c84fa94-04c1-424b-9868-57a2d4851a1d" relativeResultsDirectory="d684b8e4-435d-4b2e-9407-17c6937af619" />
    <UnitTestResult executionId="dd4eca6c-21d9-4d60-8736-fedafa530d81" testId="57df223f-9162-d8c3-4092-79ad439b7133" testName="CleanMemoryCache_CacheCleared" computerName="DKSR-EFI-04" duration="00:00:00.0009485" startTime="2023-12-22T09:33:47.9907005+01:00" endTime="2023-12-22T09:33:47.9907005+01:00" testType="13cdc9d9-ddb5-4fa4-a97d-d965ccfc6d4b" outcome="Passed" testListId="8c84fa94-04c1-424b-9868-57a2d4851a1d" relativeResultsDirectory="dd4eca6c-21d9-4d60-8736-fedafa530d81" />
    <UnitTestResult executionId="8b233e80-29cd-4342-b9a6-f069d26a7edb" testId="d521225f-189f-6e0c-d786-da7cc5d281f2" testName="Construct_RequestContainer_NoParams_Success" computerName="DKSR-EFI-04" duration="00:00:00.0002712" startTime="2023-12-22T09:33:44.1781820+01:00" endTime="2023-12-22T09:33:44.1781820+01:00" testType="13cdc9d9-ddb5-4fa4-a97d-d965ccfc6d4b" outcome="Passed" testListId="8c84fa94-04c1-424b-9868-57a2d4851a1d" relativeResultsDirectory="8b233e80-29cd-4342-b9a6-f069d26a7edb" />
    <UnitTestResult executionId="a6208166-e52b-460e-9f96-30b31c66ac25" testId="f30d8614-f626-043b-8455-905f5ace7fbe" testName="ModelValidation_RequiredPropertiesAreNull_Failed" computerName="DKSR-EFI-04" duration="00:00:00.0047969" startTime="2023-12-22T09:33:31.8499978+01:00" endTime="2023-12-22T09:33:31.8656186+01:00" testType="13cdc9d9-ddb5-4fa4-a97d-d965ccfc6d4b" outcome="Passed" testListId="8c84fa94-04c1-424b-9868-57a2d4851a1d" relativeResultsDirectory="a6208166-e52b-460e-9f96-30b31c66ac25" />
    <UnitTestResult executionId="1b3045f4-6ab2-4df1-92b5-8d5accf0449b" testId="8fcca9cc-7d19-5615-8f57-00f8781b2e9a" testName="UpdateRecorderStatus_InvalidStatusModel_Failed" computerName="DKSR-EFI-04" duration="00:00:00.0011660" startTime="2023-12-22T09:33:32.0374965+01:00" endTime="2023-12-22T09:33:32.0374965+01:00" testType="13cdc9d9-ddb5-4fa4-a97d-d965ccfc6d4b" outcome="Passed" testListId="8c84fa94-04c1-424b-9868-57a2d4851a1d" relativeResultsDirectory="1b3045f4-6ab2-4df1-92b5-8d5accf0449b" />
    <UnitTestResult executionId="9415e4c5-67b9-4bfd-9f9a-5bf3d4110ef4" testId="18232368-fc48-4742-f757-931ec3668d3b" testName="SecurityManager_HasDevicePermission_ViewLive_Instance_Allowed" computerName="DKSR-EFI-04" duration="00:00:00.0135381" startTime="2023-12-22T09:33:32.5062493+01:00" endTime="2023-12-22T09:33:32.5218747+01:00" testType="13cdc9d9-ddb5-4fa4-a97d-d965ccfc6d4b" outcome="Passed" testListId="8c84fa94-04c1-424b-9868-57a2d4851a1d" relativeResultsDirectory="9415e4c5-67b9-4bfd-9f9a-5bf3d4110ef4" />
    <UnitTestResult executionId="852f49f3-1110-4bab-becf-fd28c627012e" testId="9b6d1d16-dd72-74f7-830b-2ed37f788595" testName="AddressDriverPairs_SerializationTest" computerName="DKSR-EFI-04" duration="00:00:00.0974377" startTime="2023-12-22T09:33:23.0374511+01:00" endTime="2023-12-22T09:33:23.1312033+01:00" testType="13cdc9d9-ddb5-4fa4-a97d-d965ccfc6d4b" outcome="Passed" testListId="8c84fa94-04c1-424b-9868-57a2d4851a1d" relativeResultsDirectory="852f49f3-1110-4bab-becf-fd28c627012e" />
    <UnitTestResult executionId="9806404a-6be9-4c70-895e-b6cadf3c24ad" testId="0499f8db-8814-0463-5a65-b7916eed98ff" testName="GetPresetByKey_ByNumberNoMatch" computerName="DKSR-EFI-04" duration="00:00:00.0002555" startTime="2023-12-22T09:33:24.4437102+01:00" endTime="2023-12-22T09:33:24.4437102+01:00" testType="13cdc9d9-ddb5-4fa4-a97d-d965ccfc6d4b" outcome="Passed" testListId="8c84fa94-04c1-424b-9868-57a2d4851a1d" relativeResultsDirectory="9806404a-6be9-4c70-895e-b6cadf3c24ad" />
    <UnitTestResult executionId="d83e68e8-a2ff-4f2c-a424-088639983109" testId="d00e65b6-3181-a5ca-6db8-25b604779426" testName="Transform_XmlWithoutCredentialsListXml_NoChanges" computerName="DKSR-EFI-04" duration="00:00:00.0009173" startTime="2023-12-22T09:33:46.9906966+01:00" endTime="2023-12-22T09:33:47.0063197+01:00" testType="13cdc9d9-ddb5-4fa4-a97d-d965ccfc6d4b" outcome="Passed" testListId="8c84fa94-04c1-424b-9868-57a2d4851a1d" relativeResultsDirectory="d83e68e8-a2ff-4f2c-a424-088639983109" />
    <UnitTestResult executionId="8fb0c670-fe0b-4371-840b-2c783958523e" testId="d7ead5dc-d9a9-6cd2-02fb-d5715f5c52d5" testName="UpdateHardwareDriverModel_ValidModel_Success" computerName="DKSR-EFI-04" duration="00:00:00.0011151" startTime="2023-12-22T09:33:31.8343714+01:00" endTime="2023-12-22T09:33:31.8343714+01:00" testType="13cdc9d9-ddb5-4fa4-a97d-d965ccfc6d4b" outcome="Passed" testListId="8c84fa94-04c1-424b-9868-57a2d4851a1d" relativeResultsDirectory="8fb0c670-fe0b-4371-840b-2c783958523e" />
    <UnitTestResult executionId="ea62534f-dc0f-4586-888c-1a5ac4331846" testId="2c89d3a7-ba0a-5b64-dd42-2fe97e3a5239" testName="TestPasswordGenerationFromMissingPasswordRequirements" computerName="DKSR-EFI-04" duration="00:00:00.0003779" startTime="2023-12-22T09:33:24.3812085+01:00" endTime="2023-12-22T09:33:24.3812085+01:00" testType="13cdc9d9-ddb5-4fa4-a97d-d965ccfc6d4b" outcome="Passed" testListId="8c84fa94-04c1-424b-9868-57a2d4851a1d" relativeResultsDirectory="ea62534f-dc0f-4586-888c-1a5ac4331846" />
    <UnitTestResult executionId="883da230-0a45-4bcc-b96f-a43c987187c3" testId="f562f6a3-5c04-d203-e97a-7083a36f0f9d" testName="ServerFileStorage_Constructor_NullCheck" computerName="DKSR-EFI-04" duration="00:00:00.0049178" startTime="2023-12-22T09:33:28.9749804+01:00" endTime="2023-12-22T09:33:28.9906071+01:00" testType="13cdc9d9-ddb5-4fa4-a97d-d965ccfc6d4b" outcome="Passed" testListId="8c84fa94-04c1-424b-9868-57a2d4851a1d" relativeResultsDirectory="883da230-0a45-4bcc-b96f-a43c987187c3" />
    <UnitTestResult executionId="9b7969a4-a579-4fef-a281-4ad4dac6e6ca" testId="719c6f9d-67a7-a61e-7fe8-5cc018344da5" testName="ReadChildElementValueAsUInt32_NoChild" computerName="DKSR-EFI-04" duration="00:00:00.0004839" startTime="2023-12-22T09:33:23.8343313+01:00" endTime="2023-12-22T09:33:23.8343313+01:00" testType="13cdc9d9-ddb5-4fa4-a97d-d965ccfc6d4b" outcome="Passed" testListId="8c84fa94-04c1-424b-9868-57a2d4851a1d" relativeResultsDirectory="9b7969a4-a579-4fef-a281-4ad4dac6e6ca" />
    <UnitTestResult executionId="2a1dccb5-e212-4a58-ba10-d33e00ff9827" testId="356d03d6-003c-4362-f863-52f0e6e4bf29" testName="StreamsConfiguration_EnsureLiveDefaultAndRecordTreads_No_DefaultLive_RunAlways_Selected" computerName="DKSR-EFI-04" duration="00:00:00.0074024" startTime="2023-12-22T09:33:29.8031125+01:00" endTime="2023-12-22T09:33:29.8031125+01:00" testType="13cdc9d9-ddb5-4fa4-a97d-d965ccfc6d4b" outcome="Passed" testListId="8c84fa94-04c1-424b-9868-57a2d4851a1d" relativeResultsDirectory="2a1dccb5-e212-4a58-ba10-d33e00ff9827" />
    <UnitTestResult executionId="67c3b203-a4a9-4108-ac32-5fdb6f910603" testId="a211bf2f-4846-ffae-0c47-9ba55079af98" testName="ThreadPoolMessageProcessor_QueueMessagesTest" computerName="DKSR-EFI-04" duration="00:00:00.0010597" startTime="2023-12-22T09:33:36.6000202+01:00" endTime="2023-12-22T09:33:36.6000202+01:00" testType="13cdc9d9-ddb5-4fa4-a97d-d965ccfc6d4b" outcome="Passed" testListId="8c84fa94-04c1-424b-9868-57a2d4851a1d" relativeResultsDirectory="67c3b203-a4a9-4108-ac32-5fdb6f910603" />
    <UnitTestResult executionId="d43bc7af-696d-40c6-8950-d53b7c63fdca" testId="fb527022-2a92-f246-b1d7-9e1a7faefac9" testName="LicenseDocument_Constructor_ThrowsLicenseException_OnNullData" computerName="DKSR-EFI-04" duration="00:00:00.0005690" startTime="2023-12-22T09:33:44.2250573+01:00" endTime="2023-12-22T09:33:44.2250573+01:00" testType="13cdc9d9-ddb5-4fa4-a97d-d965ccfc6d4b" outcome="Passed" testListId="8c84fa94-04c1-424b-9868-57a2d4851a1d" relativeResultsDirectory="d43bc7af-696d-40c6-8950-d53b7c63fdca" />
    <UnitTestResult executionId="ad6901aa-11c8-4c21-80ac-3446245e19fc" testId="37f295ea-a71c-767d-60f9-6996f22b64ec" testName="LicenseVersionValidateTest" computerName="DKSR-EFI-04" duration="00:00:00.1965032" startTime="2023-12-22T09:33:35.3031384+01:00" endTime="2023-12-22T09:33:35.5062639+01:00" testType="13cdc9d9-ddb5-4fa4-a97d-d965ccfc6d4b" outcome="Passed" testListId="8c84fa94-04c1-424b-9868-57a2d4851a1d" relativeResultsDirectory="ad6901aa-11c8-4c21-80ac-3446245e19fc" />
    <UnitTestResult executionId="d04f0cd3-ee41-45cd-83a0-d10254a9bf27" testId="e72e0f02-bc84-52da-1088-7cf44d8a0acb" testName="GroupConfigurationCheckForNonExistingGroupsAndMembers" computerName="DKSR-EFI-04" duration="00:00:00.0007556" startTime="2023-12-22T09:33:34.4281332+01:00" endTime="2023-12-22T09:33:34.4281332+01:00" testType="13cdc9d9-ddb5-4fa4-a97d-d965ccfc6d4b" outcome="Passed" testListId="8c84fa94-04c1-424b-9868-57a2d4851a1d" relativeResultsDirectory="d04f0cd3-ee41-45cd-83a0-d10254a9bf27" />
    <UnitTestResult executionId="80b30c13-b080-4118-a050-69a90407edf1" testId="6e183b12-0810-b038-3176-91075831756f" testName="ServerFileStorage_DisposesStream_ThenReads_Exception" computerName="DKSR-EFI-04" duration="00:00:00.0009143" startTime="2023-12-22T09:33:29.0531077+01:00" endTime="2023-12-22T09:33:29.0531077+01:00" testType="13cdc9d9-ddb5-4fa4-a97d-d965ccfc6d4b" outcome="Passed" testListId="8c84fa94-04c1-424b-9868-57a2d4851a1d" relativeResultsDirectory="80b30c13-b080-4118-a050-69a90407edf1" />
    <UnitTestResult executionId="5d6d4062-274d-423f-9dd9-9dd6d8a0e90b" testId="490342c1-764c-d6c8-1c4d-2b4a58d20bfd" testName="ReadChildElementValueAsInt32_SunnyDay" computerName="DKSR-EFI-04" duration="00:00:00.0003654" startTime="2023-12-22T09:33:23.7718322+01:00" endTime="2023-12-22T09:33:23.7718322+01:00" testType="13cdc9d9-ddb5-4fa4-a97d-d965ccfc6d4b" outcome="Passed" testListId="8c84fa94-04c1-424b-9868-57a2d4851a1d" relativeResultsDirectory="5d6d4062-274d-423f-9dd9-9dd6d8a0e90b" />
    <UnitTestResult executionId="49aff452-8f98-4b24-9065-c63ac6687a5a" testId="40237535-c65e-bf65-02ec-14946db44db4" testName="PtzPresetCollection_Remove_Success" computerName="DKSR-EFI-04" duration="00:00:00.0025261" startTime="2023-12-22T09:33:24.3968364+01:00" endTime="2023-12-22T09:33:24.4124606+01:00" testType="13cdc9d9-ddb5-4fa4-a97d-d965ccfc6d4b" outcome="Passed" testListId="8c84fa94-04c1-424b-9868-57a2d4851a1d" relativeResultsDirectory="49aff452-8f98-4b24-9065-c63ac6687a5a" />
    <UnitTestResult executionId="90dd771a-92b8-432d-b45b-363d641af5d3" testId="87d633b3-db0f-0aee-539b-7bd0300d4dae" testName="Transform_UnsupportedXml" computerName="DKSR-EFI-04" duration="00:00:00.0005501" startTime="2023-12-22T09:33:46.8188178+01:00" endTime="2023-12-22T09:33:46.8188178+01:00" testType="13cdc9d9-ddb5-4fa4-a97d-d965ccfc6d4b" outcome="Passed" testListId="8c84fa94-04c1-424b-9868-57a2d4851a1d" relativeResultsDirectory="90dd771a-92b8-432d-b45b-363d641af5d3" />
    <UnitTestResult executionId="c708185a-b0ca-4d23-80fc-a492d01a6f0a" testId="19c37f8a-03dc-e367-00f5-82f23a5f20a5" testName="HardwareInfo_HasCameraDevices_ReturnsTrue_WhenHasCamerasWithMatchingLicenseStates" computerName="DKSR-EFI-04" duration="00:00:00.0013834" startTime="2023-12-22T09:33:37.6000238+01:00" endTime="2023-12-22T09:33:37.6000238+01:00" testType="13cdc9d9-ddb5-4fa4-a97d-d965ccfc6d4b" outcome="Passed" testListId="8c84fa94-04c1-424b-9868-57a2d4851a1d" relativeResultsDirectory="c708185a-b0ca-4d23-80fc-a492d01a6f0a" />
    <UnitTestResult executionId="39d21bc3-fa6b-4969-9908-9d7ee18cd967" testId="b1046d72-e8e1-b870-4260-ab1f4426df84" testName="BulkProcessor_MoreItemsInQueueThanBulkSize_ItemsInBulkEqualsBulkSize" computerName="DKSR-EFI-04" duration="00:00:00.0549241" startTime="2023-12-22T09:33:36.4593932+01:00" endTime="2023-12-22T09:33:36.5062673+01:00" testType="13cdc9d9-ddb5-4fa4-a97d-d965ccfc6d4b" outcome="Passed" testListId="8c84fa94-04c1-424b-9868-57a2d4851a1d" relativeResultsDirectory="39d21bc3-fa6b-4969-9908-9d7ee18cd967" />
    <UnitTestResult executionId="d92daaff-cebc-43c8-b813-b0a95e13f440" testId="6173b0ef-554d-8313-a62e-deeee5a97c2a" testName="Call_HttpPost_InvalidParam_userAgentEmpty_ThrowsArgumentNullException" computerName="DKSR-EFI-04" duration="00:00:00.0006691" startTime="2023-12-22T09:33:47.1157506+01:00" endTime="2023-12-22T09:33:47.1157506+01:00" testType="13cdc9d9-ddb5-4fa4-a97d-d965ccfc6d4b" outcome="Passed" testListId="8c84fa94-04c1-424b-9868-57a2d4851a1d" relativeResultsDirectory="d92daaff-cebc-43c8-b813-b0a95e13f440" />
    <UnitTestResult executionId="3ed93fd9-e9bd-4e37-9200-7875b8d24329" testId="ab8dc7a8-c4c9-6ab5-bcf7-3e855bb8de87" testName="DatabaseXmlConverter_XmlIdsToGuids_Two" computerName="DKSR-EFI-04" duration="00:00:00.0007661" startTime="2023-12-22T09:33:21.7249456+01:00" endTime="2023-12-22T09:33:21.7249456+01:00" testType="13cdc9d9-ddb5-4fa4-a97d-d965ccfc6d4b" outcome="Passed" testListId="8c84fa94-04c1-424b-9868-57a2d4851a1d" relativeResultsDirectory="3ed93fd9-e9bd-4e37-9200-7875b8d24329" />
    <UnitTestResult executionId="f8d426b4-33b3-420d-af6b-8bd6d6099bd8" testId="43bd50aa-ead1-55db-3c99-7296e9a62f72" testName="DatabaseXmlConverter_DeviceXmlToStickerSize_None" computerName="DKSR-EFI-04" duration="00:00:00.0004060" startTime="2023-12-22T09:33:21.6468201+01:00" endTime="2023-12-22T09:33:21.6468201+01:00" testType="13cdc9d9-ddb5-4fa4-a97d-d965ccfc6d4b" outcome="Passed" testListId="8c84fa94-04c1-424b-9868-57a2d4851a1d" relativeResultsDirectory="f8d426b4-33b3-420d-af6b-8bd6d6099bd8" />
    <UnitTestResult executionId="077767ff-fb87-4901-8a0a-01ebea671d41" testId="c253276f-70f0-723b-e4d4-4f6ba733d3e3" testName="LicenseActivationService_AcquireLicense_AccessDenied_UserNameAndPasswordNotFound" computerName="DKSR-EFI-04" duration="00:00:00.0018826" startTime="2023-12-22T09:33:37.7875248+01:00" endTime="2023-12-22T09:33:37.7875248+01:00" testType="13cdc9d9-ddb5-4fa4-a97d-d965ccfc6d4b" outcome="Passed" testListId="8c84fa94-04c1-424b-9868-57a2d4851a1d" relativeResultsDirectory="077767ff-fb87-4901-8a0a-01ebea671d41" />
    <UnitTestResult executionId="ddb12dd3-5bd2-41a5-9cba-036c3d9f14ae" testId="dc81dca2-8610-ae97-ae07-1f3aa2dad64d" testName="EncryptingMediaDbCertificateSystemSetting" computerName="DKSR-EFI-04" duration="00:00:00.0007693" startTime="2023-12-22T09:33:46.9281964+01:00" endTime="2023-12-22T09:33:46.9281964+01:00" testType="13cdc9d9-ddb5-4fa4-a97d-d965ccfc6d4b" outcome="Passed" testListId="8c84fa94-04c1-424b-9868-57a2d4851a1d" relativeResultsDirectory="ddb12dd3-5bd2-41a5-9cba-036c3d9f14ae" />
    <UnitTestResult executionId="27abf2d5-e983-478d-b90c-fe21d338d753" testId="35a507f6-229c-dd88-e173-ea4440f8acb9" testName="RecurringSchedule_GetNextScheduleTime_Monthly_Every_3_Months_Every_First_Monday_At_4_00" computerName="DKSR-EFI-04" duration="00:00:00.0016614" startTime="2023-12-22T09:33:33.0843767+01:00" endTime="2023-12-22T09:33:33.0843767+01:00" testType="13cdc9d9-ddb5-4fa4-a97d-d965ccfc6d4b" outcome="Passed" testListId="8c84fa94-04c1-424b-9868-57a2d4851a1d" relativeResultsDirectory="27abf2d5-e983-478d-b90c-fe21d338d753" />
    <UnitTestResult executionId="117e356d-7896-42d2-bf2c-ba77c38159e6" testId="4f2ece04-87f7-2858-00b8-5509d2fd2b44" testName="HardwareInfo_HasActivatedCameras_ReturnsFalse_OnNoActivatedCameras" computerName="DKSR-EFI-04" duration="00:00:00.0010001" startTime="2023-12-22T09:33:37.5687735+01:00" endTime="2023-12-22T09:33:37.5843987+01:00" testType="13cdc9d9-ddb5-4fa4-a97d-d965ccfc6d4b" outcome="Passed" testListId="8c84fa94-04c1-424b-9868-57a2d4851a1d" relativeResultsDirectory="117e356d-7896-42d2-bf2c-ba77c38159e6" />
    <UnitTestResult executionId="901d080e-ab9b-4e66-bd54-be03fb96d49f" testId="2cba5c34-805b-0de4-d983-04f83032a032" testName="Call_HttpPost_InvalidParam_userAgentNull_ThrowsArgumentNullException" computerName="DKSR-EFI-04" duration="00:00:00.0007068" startTime="2023-12-22T09:33:47.1157506+01:00" endTime="2023-12-22T09:33:47.1157506+01:00" testType="13cdc9d9-ddb5-4fa4-a97d-d965ccfc6d4b" outcome="Passed" testListId="8c84fa94-04c1-424b-9868-57a2d4851a1d" relativeResultsDirectory="901d080e-ab9b-4e66-bd54-be03fb96d49f" />
    <UnitTestResult executionId="33360fe9-6571-4252-943a-2f15b39cb893" testId="4454e944-ee3f-9fb1-f480-006508c1cc2b" testName="CreateHttpsUri_HttpDefaultPort_UsePort0_BecomesHttpsPort0" computerName="DKSR-EFI-04" duration="00:00:00.0001891" startTime="2023-12-22T09:33:47.4750728+01:00" endTime="2023-12-22T09:33:47.4750728+01:00" testType="13cdc9d9-ddb5-4fa4-a97d-d965ccfc6d4b" outcome="Passed" testListId="8c84fa94-04c1-424b-9868-57a2d4851a1d" relativeResultsDirectory="33360fe9-6571-4252-943a-2f15b39cb893" />
    <UnitTestResult executionId="e415b51a-f823-4dcf-8448-8835de127f59" testId="6a3edddf-aa4a-2ccc-fff6-e0fdf6b4b399" testName="Test_Members_SimpleOneLine" computerName="DKSR-EFI-04" duration="00:00:00.0014090" startTime="2023-12-22T09:33:47.8656999+01:00" endTime="2023-12-22T09:33:47.8656999+01:00" testType="13cdc9d9-ddb5-4fa4-a97d-d965ccfc6d4b" outcome="Passed" testListId="8c84fa94-04c1-424b-9868-57a2d4851a1d" relativeResultsDirectory="e415b51a-f823-4dcf-8448-8835de127f59" />
    <UnitTestResult executionId="c01cc052-d2bd-4ed2-b7ad-cf99f757058f" testId="02eaeccd-f250-da56-d45f-900803771d6e" testName="LicenseDocument_ThrowsUnsupportedLicensingModeError_OnLicenseWithUnparsableMaximumChannelCount" computerName="DKSR-EFI-04" duration="00:00:00.0015133" startTime="2023-12-22T09:33:44.3813087+01:00" endTime="2023-12-22T09:33:44.3813087+01:00" testType="13cdc9d9-ddb5-4fa4-a97d-d965ccfc6d4b" outcome="Passed" testListId="8c84fa94-04c1-424b-9868-57a2d4851a1d" relativeResultsDirectory="c01cc052-d2bd-4ed2-b7ad-cf99f757058f" />
    <UnitTestResult executionId="13111ab2-d339-4f21-bb8d-b4db27357833" testId="6122daf1-aaaf-6c0f-5297-d862b037549b" testName="GetAbsolutePtzPositionResponseModel_NoValuesSet_ValidationFailure" computerName="DKSR-EFI-04" duration="00:00:00.0025427" startTime="2023-12-22T09:33:32.0999963+01:00" endTime="2023-12-22T09:33:32.0999963+01:00" testType="13cdc9d9-ddb5-4fa4-a97d-d965ccfc6d4b" outcome="Passed" testListId="8c84fa94-04c1-424b-9868-57a2d4851a1d" relativeResultsDirectory="13111ab2-d339-4f21-bb8d-b4db27357833" />
    <UnitTestResult executionId="45e89e02-c57f-4a8d-8117-536e50d6e9fc" testId="d776dd0e-1b9f-23c9-6c36-ef24ebd3877e" testName="GroupConfigurationAddGroupsFourLevels" computerName="DKSR-EFI-04" duration="00:00:00.0015719" startTime="2023-12-22T09:33:34.4281332+01:00" endTime="2023-12-22T09:33:34.4281332+01:00" testType="13cdc9d9-ddb5-4fa4-a97d-d965ccfc6d4b" outcome="Passed" testListId="8c84fa94-04c1-424b-9868-57a2d4851a1d" relativeResultsDirectory="45e89e02-c57f-4a8d-8117-536e50d6e9fc" />
    <UnitTestResult executionId="10a09c23-cad0-4545-8987-687c7c71bb4d" testId="e86cf0e8-0c6a-48d9-40ef-23c399804a39" testName="CreateInstance_SaveSettings_AllowInsecureIsFalse_Success" computerName="DKSR-EFI-04" duration="00:00:00.0040790" startTime="2023-12-22T09:33:32.4124984+01:00" endTime="2023-12-22T09:33:32.4124984+01:00" testType="13cdc9d9-ddb5-4fa4-a97d-d965ccfc6d4b" outcome="Passed" testListId="8c84fa94-04c1-424b-9868-57a2d4851a1d" relativeResultsDirectory="10a09c23-cad0-4545-8987-687c7c71bb4d" />
    <UnitTestResult executionId="1d71dfa6-d4df-4ebb-a3d9-e267edb26294" testId="efd3defd-3dd2-b891-ab51-ad4d23459023" testName="CheckAllMIPFiltersKindsTestOk4" computerName="DKSR-EFI-04" duration="00:00:00.0001727" startTime="2023-12-22T09:33:34.4906336+01:00" endTime="2023-12-22T09:33:34.4906336+01:00" testType="13cdc9d9-ddb5-4fa4-a97d-d965ccfc6d4b" outcome="Passed" testListId="8c84fa94-04c1-424b-9868-57a2d4851a1d" relativeResultsDirectory="1d71dfa6-d4df-4ebb-a3d9-e267edb26294" />
    <UnitTestResult executionId="cba274a6-2a8a-4271-b994-ba42816a9dad" testId="92dac139-e57f-5a29-0b03-97f49d883e60" testName="GroupConfigurationCheckForNonExistingGroupsEmptyConfig" computerName="DKSR-EFI-04" duration="00:00:00.0004341" startTime="2023-12-22T09:33:34.4281332+01:00" endTime="2023-12-22T09:33:34.4281332+01:00" testType="13cdc9d9-ddb5-4fa4-a97d-d965ccfc6d4b" outcome="Passed" testListId="8c84fa94-04c1-424b-9868-57a2d4851a1d" relativeResultsDirectory="cba274a6-2a8a-4271-b994-ba42816a9dad" />
    <UnitTestResult executionId="f7ad49cf-50a7-419b-9d8c-669e9048379c" testId="0d85264b-28ff-8a50-788a-a26cf11e8acd" testName="AsString_Success" computerName="DKSR-EFI-04" duration="00:00:00.0001628" startTime="2023-12-22T09:33:47.8188663+01:00" endTime="2023-12-22T09:33:47.8188663+01:00" testType="13cdc9d9-ddb5-4fa4-a97d-d965ccfc6d4b" outcome="Passed" testListId="8c84fa94-04c1-424b-9868-57a2d4851a1d" relativeResultsDirectory="f7ad49cf-50a7-419b-9d8c-669e9048379c" />
    <UnitTestResult executionId="56dd9adc-d450-4c96-986e-6ead2189afee" testId="74c662a2-9433-6990-26ff-4f0fdeee76b7" testName="HttpClientCommunicatorWrapper_SendAsyncTRet_CommunicationException" computerName="DKSR-EFI-04" duration="00:00:00.0010613" startTime="2023-12-22T09:33:30.9593681+01:00" endTime="2023-12-22T09:33:30.9593681+01:00" testType="13cdc9d9-ddb5-4fa4-a97d-d965ccfc6d4b" outcome="Passed" testListId="8c84fa94-04c1-424b-9868-57a2d4851a1d" relativeResultsDirectory="56dd9adc-d450-4c96-986e-6ead2189afee" />
    <UnitTestResult executionId="b4900682-67f9-4a03-b848-7ac0a1ba23f0" testId="35101b4b-44db-d00f-1bc5-748dd77e1603" testName="LegacyFromXmlEncrypted_ReadLegacyEncryptedCredentials_ConvertToPlainText" computerName="DKSR-EFI-04" duration="00:00:00.0340566" startTime="2023-12-22T09:33:45.0375597+01:00" endTime="2023-12-22T09:33:45.0688113+01:00" testType="13cdc9d9-ddb5-4fa4-a97d-d965ccfc6d4b" outcome="Passed" testListId="8c84fa94-04c1-424b-9868-57a2d4851a1d" relativeResultsDirectory="b4900682-67f9-4a03-b848-7ac0a1ba23f0" />
    <UnitTestResult executionId="e5d1aec3-16c8-4b35-a532-628a62d339f9" testId="14327e89-f73c-f294-4d5f-9495b39b1202" testName="BulkProcessor_Exception_In_ProcessDelegate" computerName="DKSR-EFI-04" duration="00:00:00.0126925" startTime="2023-12-22T09:33:36.5531434+01:00" endTime="2023-12-22T09:33:36.5687669+01:00" testType="13cdc9d9-ddb5-4fa4-a97d-d965ccfc6d4b" outcome="Passed" testListId="8c84fa94-04c1-424b-9868-57a2d4851a1d" relativeResultsDirectory="e5d1aec3-16c8-4b35-a532-628a62d339f9" />
    <UnitTestResult executionId="9df56041-572f-456c-a63b-df760d75b7e4" testId="8b3bdd76-be17-d72f-6f3e-f2f3dbdb323c" testName="Schemes_SerializeAndDeserializeEmptyItemTest" computerName="DKSR-EFI-04" duration="00:00:00.0048469" startTime="2023-12-22T09:33:45.1000612+01:00" endTime="2023-12-22T09:33:45.1000612+01:00" testType="13cdc9d9-ddb5-4fa4-a97d-d965ccfc6d4b" outcome="Passed" testListId="8c84fa94-04c1-424b-9868-57a2d4851a1d" relativeResultsDirectory="9df56041-572f-456c-a63b-df760d75b7e4" />
    <UnitTestResult executionId="fb117fc7-1a2a-43de-b248-2c1ff4771f59" testId="34f249e5-b9ba-2c57-bc42-d86c94cdd594" testName="CreateHttpUri_NullString_ThrowsInvalidOperationException" computerName="DKSR-EFI-04" duration="00:00:00.0010194" startTime="2023-12-22T09:33:47.3500711+01:00" endTime="2023-12-22T09:33:47.3500711+01:00" testType="13cdc9d9-ddb5-4fa4-a97d-d965ccfc6d4b" outcome="Passed" testListId="8c84fa94-04c1-424b-9868-57a2d4851a1d" relativeResultsDirectory="fb117fc7-1a2a-43de-b248-2c1ff4771f59" />
    <UnitTestResult executionId="eb12956b-69ba-489b-aaac-92066bb08822" testId="7de47ff0-007e-9cd3-e70d-b83cc5f42838" testName="PtzPreset_EqualsTo_Change_Name" computerName="DKSR-EFI-04" duration="00:00:00.0017065" startTime="2023-12-22T09:33:24.4593361+01:00" endTime="2023-12-22T09:33:24.4593361+01:00" testType="13cdc9d9-ddb5-4fa4-a97d-d965ccfc6d4b" outcome="Passed" testListId="8c84fa94-04c1-424b-9868-57a2d4851a1d" relativeResultsDirectory="eb12956b-69ba-489b-aaac-92066bb08822" />
    <UnitTestResult executionId="e31ad6ef-47ad-4b3d-9abd-5800de13f9d8" testId="f0e2e723-86c5-bfcc-4b1e-05f02032166c" testName="HardwareInfo_EnabledCameras_ReturnsCorrectListOfEnabledCameras" computerName="DKSR-EFI-04" duration="00:00:00.0018496" startTime="2023-12-22T09:33:37.5687735+01:00" endTime="2023-12-22T09:33:37.5687735+01:00" testType="13cdc9d9-ddb5-4fa4-a97d-d965ccfc6d4b" outcome="Passed" testListId="8c84fa94-04c1-424b-9868-57a2d4851a1d" relativeResultsDirectory="e31ad6ef-47ad-4b3d-9abd-5800de13f9d8" />
    <UnitTestResult executionId="3cb3791b-a8d3-409e-ab5e-fdc9618e9a1a" testId="3a7edffd-c2c3-d5db-414e-6b27f5fdb54b" testName="ReadIdentityFromCache_EmptySid" computerName="DKSR-EFI-04" duration="00:00:00.0006192" startTime="2023-12-22T09:33:47.9125734+01:00" endTime="2023-12-22T09:33:47.9125734+01:00" testType="13cdc9d9-ddb5-4fa4-a97d-d965ccfc6d4b" outcome="Passed" testListId="8c84fa94-04c1-424b-9868-57a2d4851a1d" relativeResultsDirectory="3cb3791b-a8d3-409e-ab5e-fdc9618e9a1a" />
    <UnitTestResult executionId="4c8cbacd-451e-429b-8564-bfe41797049d" testId="95896344-7ea8-0831-12c7-8c9b175a88fa" testName="AddItem_Null_ThrowArgumentNullException" computerName="DKSR-EFI-04" duration="00:00:00.0028876" startTime="2023-12-22T09:33:24.1155844+01:00" endTime="2023-12-22T09:33:24.1155844+01:00" testType="13cdc9d9-ddb5-4fa4-a97d-d965ccfc6d4b" outcome="Passed" testListId="8c84fa94-04c1-424b-9868-57a2d4851a1d" relativeResultsDirectory="4c8cbacd-451e-429b-8564-bfe41797049d">
      <Output>
        <StdOut>Debug Trace:&#xD;
Fail: Argument null</StdOut>
      </Output>
    </UnitTestResult>
    <UnitTestResult executionId="4cb79835-cd23-4c0c-8d72-22e032cc2788" testId="773295cc-59cd-d800-77c2-1f2451913471" testName="Validate_TotalNumberofMissingDeviceLicenses_Success" computerName="DKSR-EFI-04" duration="00:00:00.0010649" startTime="2023-12-22T09:33:44.5375586+01:00" endTime="2023-12-22T09:33:44.5375586+01:00" testType="13cdc9d9-ddb5-4fa4-a97d-d965ccfc6d4b" outcome="Passed" testListId="8c84fa94-04c1-424b-9868-57a2d4851a1d" relativeResultsDirectory="4cb79835-cd23-4c0c-8d72-22e032cc2788" />
    <UnitTestResult executionId="71e8868f-e4a4-481e-a2ec-7fd560a92ff6" testId="e1a50a1f-a7e2-f8bf-024e-2309827f8b72" testName="Wrap_WithTypes_BinderContainsTypes" computerName="DKSR-EFI-04" duration="00:00:00.0096060" startTime="2023-12-22T09:33:29.8343605+01:00" endTime="2023-12-22T09:33:29.8499863+01:00" testType="13cdc9d9-ddb5-4fa4-a97d-d965ccfc6d4b" outcome="Passed" testListId="8c84fa94-04c1-424b-9868-57a2d4851a1d" relativeResultsDirectory="71e8868f-e4a4-481e-a2ec-7fd560a92ff6" />
    <UnitTestResult executionId="8076b5b4-e6c4-4869-9561-fdb287fb4e11" testId="0c4733e4-a4d6-a2ad-6a8d-00ea837e2d42" testName="RecorderInformationModel_ValidModel_Success" computerName="DKSR-EFI-04" duration="00:00:00.0079328" startTime="2023-12-22T09:33:32.0218711+01:00" endTime="2023-12-22T09:33:32.0218711+01:00" testType="13cdc9d9-ddb5-4fa4-a97d-d965ccfc6d4b" outcome="Passed" testListId="8c84fa94-04c1-424b-9868-57a2d4851a1d" relativeResultsDirectory="8076b5b4-e6c4-4869-9561-fdb287fb4e11" />
    <UnitTestResult executionId="03475a39-3053-4bb0-88d6-6756204d13d9" testId="df043f0c-e9e8-6531-3c81-0cb0a9f9d667" testName="LicenseCalculationResult_Validate_LicenseCount_Throws_ArgumentOutOfRangeException" computerName="DKSR-EFI-04" duration="00:00:00.0006368" startTime="2023-12-22T09:33:37.8812772+01:00" endTime="2023-12-22T09:33:37.8812772+01:00" testType="13cdc9d9-ddb5-4fa4-a97d-d965ccfc6d4b" outcome="Passed" testListId="8c84fa94-04c1-424b-9868-57a2d4851a1d" relativeResultsDirectory="03475a39-3053-4bb0-88d6-6756204d13d9" />
    <UnitTestResult executionId="afc45801-9e6b-4b53-b2cd-a60173644a45" testId="39a4f34f-7990-b8b1-f796-816144ab7f6f" testName="ServiceContainer_GetRequiredService_ServiceNotRegistered_ThrowsInvalidOperationException" computerName="DKSR-EFI-04" duration="00:00:00.0571172" startTime="2023-12-22T09:33:21.4749494+01:00" endTime="2023-12-22T09:33:21.5374452+01:00" testType="13cdc9d9-ddb5-4fa4-a97d-d965ccfc6d4b" outcome="Passed" testListId="8c84fa94-04c1-424b-9868-57a2d4851a1d" relativeResultsDirectory="afc45801-9e6b-4b53-b2cd-a60173644a45" />
    <UnitTestResult executionId="e719e297-4c99-4b66-acb6-5ab9da1cba65" testId="7e0ca6a5-922a-0337-19d0-64f05d139001" testName="Encrypt" computerName="DKSR-EFI-04" duration="00:00:00.0105921" startTime="2023-12-22T09:33:46.7875687+01:00" endTime="2023-12-22T09:33:46.8031956+01:00" testType="13cdc9d9-ddb5-4fa4-a97d-d965ccfc6d4b" outcome="Passed" testListId="8c84fa94-04c1-424b-9868-57a2d4851a1d" relativeResultsDirectory="e719e297-4c99-4b66-acb6-5ab9da1cba65" />
    <UnitTestResult executionId="6b914fa0-c2a7-4473-9164-e4e6f1a159e8" testId="e3e5bf3f-16f2-8846-7289-33d35c738574" testName="ServerFileStorage_TemporaryCleanupService_Receives_TemporaryEntriesOnly" computerName="DKSR-EFI-04" duration="00:00:00.0015637" startTime="2023-12-22T09:33:29.0843576+01:00" endTime="2023-12-22T09:33:29.0843576+01:00" testType="13cdc9d9-ddb5-4fa4-a97d-d965ccfc6d4b" outcome="Passed" testListId="8c84fa94-04c1-424b-9868-57a2d4851a1d" relativeResultsDirectory="6b914fa0-c2a7-4473-9164-e4e6f1a159e8" />
    <UnitTestResult executionId="9311c9bb-0842-4871-9b7e-90fdf302c6b8" testId="b51a72b7-1909-0162-1b15-93678926308a" testName="ScheduledTimeReachedFunctionOneSecondBeforeTriggerTimeTest" computerName="DKSR-EFI-04" duration="00:00:00.0002964" startTime="2023-12-22T09:33:34.5375083+01:00" endTime="2023-12-22T09:33:34.5375083+01:00" testType="13cdc9d9-ddb5-4fa4-a97d-d965ccfc6d4b" outcome="Passed" testListId="8c84fa94-04c1-424b-9868-57a2d4851a1d" relativeResultsDirectory="9311c9bb-0842-4871-9b7e-90fdf302c6b8" />
    <UnitTestResult executionId="0394c255-2a37-48d3-8665-e28422f15048" testId="bd7171f9-7774-2edc-a6d3-25e01dc1b9bb" testName="LicenseDocument_ICPLimitedDriversIncluded" computerName="DKSR-EFI-04" duration="00:00:00.0022523" startTime="2023-12-22T09:33:44.3188082+01:00" endTime="2023-12-22T09:33:44.3188082+01:00" testType="13cdc9d9-ddb5-4fa4-a97d-d965ccfc6d4b" outcome="Passed" testListId="8c84fa94-04c1-424b-9868-57a2d4851a1d" relativeResultsDirectory="0394c255-2a37-48d3-8665-e28422f15048" />
    <UnitTestResult executionId="b2699532-531d-49e9-ac2e-1493ef9dd73c" testId="b8ba5f7f-17cc-c85b-dce2-63750138edfd" testName="SendAsync_ConnectFailure_EndpointNotFoundCalled" computerName="DKSR-EFI-04" duration="00:00:00.0127919" startTime="2023-12-22T09:33:20.4124433+01:00" endTime="2023-12-22T09:33:20.4280640+01:00" testType="13cdc9d9-ddb5-4fa4-a97d-d965ccfc6d4b" outcome="Passed" testListId="8c84fa94-04c1-424b-9868-57a2d4851a1d" relativeResultsDirectory="b2699532-531d-49e9-ac2e-1493ef9dd73c" />
    <UnitTestResult executionId="28ad2ad1-292d-43a9-babf-2987c9706162" testId="777a481b-1bf2-d3dc-f547-d2aff80bd474" testName="LicenseActivationService_AcquireLicense_LicenseNotAllowed_ActivationLimitExceeded" computerName="DKSR-EFI-04" duration="00:00:00.0019643" startTime="2023-12-22T09:33:37.8031500+01:00" endTime="2023-12-22T09:33:37.8031500+01:00" testType="13cdc9d9-ddb5-4fa4-a97d-d965ccfc6d4b" outcome="Passed" testListId="8c84fa94-04c1-424b-9868-57a2d4851a1d" relativeResultsDirectory="28ad2ad1-292d-43a9-babf-2987c9706162" />
    <UnitTestResult executionId="33d6ef88-52d6-4958-b814-a8cd88a76e66" testId="064b3f69-67f3-b772-c461-123ebfc32894" testName="Xml_To_Config_Success" computerName="DKSR-EFI-04" duration="00:00:00.0103963" startTime="2023-12-22T09:33:46.4281904+01:00" endTime="2023-12-22T09:33:46.4438190+01:00" testType="13cdc9d9-ddb5-4fa4-a97d-d965ccfc6d4b" outcome="Passed" testListId="8c84fa94-04c1-424b-9868-57a2d4851a1d" relativeResultsDirectory="33d6ef88-52d6-4958-b814-a8cd88a76e66" />
    <UnitTestResult executionId="559f36b8-ce62-45d3-b9ae-dafcf75ef0c5" testId="ae76daaa-d87e-a3aa-3dc7-d804710ddc20" testName="SendAsync_NonSuccessResponse_BadRequestExceptionThrown" computerName="DKSR-EFI-04" duration="00:00:00.0069012" startTime="2023-12-22T09:33:20.4436912+01:00" endTime="2023-12-22T09:33:20.4436912+01:00" testType="13cdc9d9-ddb5-4fa4-a97d-d965ccfc6d4b" outcome="Passed" testListId="8c84fa94-04c1-424b-9868-57a2d4851a1d" relativeResultsDirectory="559f36b8-ce62-45d3-b9ae-dafcf75ef0c5" />
    <UnitTestResult executionId="c3da894d-1005-4906-a30c-7ea884464c76" testId="69c59d81-ccf8-1d57-cc59-ba6a7bceeef5" testName="QueuedCommandExecutor_Dispose_Success" computerName="DKSR-EFI-04" duration="00:00:00.0011419" startTime="2023-12-22T09:33:47.6469480+01:00" endTime="2023-12-22T09:33:47.6469480+01:00" testType="13cdc9d9-ddb5-4fa4-a97d-d965ccfc6d4b" outcome="Passed" testListId="8c84fa94-04c1-424b-9868-57a2d4851a1d" relativeResultsDirectory="c3da894d-1005-4906-a30c-7ea884464c76" />
    <UnitTestResult executionId="4eea9e79-25c8-47a5-bbed-9d1600e7d0c9" testId="bdd0effd-b296-7426-791a-c600389b84af" testName="ReadChildElementValueAsUInt64_NoChild" computerName="DKSR-EFI-04" duration="00:00:00.0003881" startTime="2023-12-22T09:33:23.8968311+01:00" endTime="2023-12-22T09:33:23.8968311+01:00" testType="13cdc9d9-ddb5-4fa4-a97d-d965ccfc6d4b" outcome="Passed" testListId="8c84fa94-04c1-424b-9868-57a2d4851a1d" relativeResultsDirectory="4eea9e79-25c8-47a5-bbed-9d1600e7d0c9" />
    <UnitTestResult executionId="7351a5cb-63fb-4d27-842b-f4d187a75e67" testId="d09163c9-530f-decc-628c-167965354a98" testName="ModelValidation_ValidModel_Success" computerName="DKSR-EFI-04" duration="00:00:00.0021433" startTime="2023-12-22T09:33:31.7874943+01:00" endTime="2023-12-22T09:33:31.7874943+01:00" testType="13cdc9d9-ddb5-4fa4-a97d-d965ccfc6d4b" outcome="Passed" testListId="8c84fa94-04c1-424b-9868-57a2d4851a1d" relativeResultsDirectory="7351a5cb-63fb-4d27-842b-f4d187a75e67" />
    <UnitTestResult executionId="e85e3947-b3f1-4f3c-a24c-d6c6e0777aa8" testId="a4867ffd-85f1-d5b9-5db4-7d4c34759561" testName="TestIncreaseNumberOfRegionsWithValidFactor" computerName="DKSR-EFI-04" duration="00:00:00.0007308" startTime="2023-12-22T09:33:46.2563168+01:00" endTime="2023-12-22T09:33:46.2563168+01:00" testType="13cdc9d9-ddb5-4fa4-a97d-d965ccfc6d4b" outcome="Passed" testListId="8c84fa94-04c1-424b-9868-57a2d4851a1d" relativeResultsDirectory="e85e3947-b3f1-4f3c-a24c-d6c6e0777aa8" />
    <UnitTestResult executionId="32039391-f725-4cb8-b541-430a4f692279" testId="d756f289-d859-d136-2e42-7100f9b20dcb" testName="CalculateLicenseRequirements_LST_Mixed_HBL_CBL_WithDuplicates_CountsLicensesForSingleHardware" computerName="DKSR-EFI-04" duration="00:00:06.2040270" startTime="2023-12-22T09:33:37.9594005+01:00" endTime="2023-12-22T09:33:44.1625575+01:00" testType="13cdc9d9-ddb5-4fa4-a97d-d965ccfc6d4b" outcome="Passed" testListId="8c84fa94-04c1-424b-9868-57a2d4851a1d" relativeResultsDirectory="32039391-f725-4cb8-b541-430a4f692279">
      <Output>
        <StdOut>Calculating 20k HW with 200k Devices took: 1043ms</StdOut>
      </Output>
    </UnitTestResult>
    <UnitTestResult executionId="b312fe95-fa88-4e48-9364-449d59f53861" testId="2b06ec9d-cd49-78ba-2d03-fe0bad248ec2" testName="Test_GetMemberFromCache_ClearCache" computerName="DKSR-EFI-04" duration="00:00:00.0017131" startTime="2023-12-22T09:33:47.8500739+01:00" endTime="2023-12-22T09:33:47.8500739+01:00" testType="13cdc9d9-ddb5-4fa4-a97d-d965ccfc6d4b" outcome="Passed" testListId="8c84fa94-04c1-424b-9868-57a2d4851a1d" relativeResultsDirectory="b312fe95-fa88-4e48-9364-449d59f53861" />
    <UnitTestResult executionId="b5658943-d08e-4096-8030-216e4e1d0b50" testId="1edb5fc0-1d1c-9043-2f33-b0d2833c32b4" testName="ServerFileStorage_CreateStream_RootDirectoryCreated" computerName="DKSR-EFI-04" duration="00:00:00.0004144" startTime="2023-12-22T09:33:29.0218568+01:00" endTime="2023-12-22T09:33:29.0218568+01:00" testType="13cdc9d9-ddb5-4fa4-a97d-d965ccfc6d4b" outcome="Passed" testListId="8c84fa94-04c1-424b-9868-57a2d4851a1d" relativeResultsDirectory="b5658943-d08e-4096-8030-216e4e1d0b50" />
    <UnitTestResult executionId="f43a838f-e187-4a10-88fc-a68d16f6783f" testId="f5b2e4ab-f507-135f-4a7c-4bcd2be8b6b1" testName="Test_IsMember_SimpleOneLine" computerName="DKSR-EFI-04" duration="00:00:00.0006501" startTime="2023-12-22T09:33:47.8500739+01:00" endTime="2023-12-22T09:33:47.8500739+01:00" testType="13cdc9d9-ddb5-4fa4-a97d-d965ccfc6d4b" outcome="Passed" testListId="8c84fa94-04c1-424b-9868-57a2d4851a1d" relativeResultsDirectory="f43a838f-e187-4a10-88fc-a68d16f6783f" />
    <UnitTestResult executionId="f601c3e4-6b27-4805-98d0-cf9954dae6cf" testId="6289295b-06d2-153f-33a0-b519202959b1" testName="Constructor_Valid_AddressIsSet" computerName="DKSR-EFI-04" duration="00:00:00.0070270" startTime="2023-12-22T09:33:20.2405670+01:00" endTime="2023-12-22T09:33:20.2561902+01:00" testType="13cdc9d9-ddb5-4fa4-a97d-d965ccfc6d4b" outcome="Passed" testListId="8c84fa94-04c1-424b-9868-57a2d4851a1d" relativeResultsDirectory="f601c3e4-6b27-4805-98d0-cf9954dae6cf" />
    <UnitTestResult executionId="ea2f55a6-c165-4a4f-8cd6-4d6c36c22bce" testId="8ce521cd-586b-8d63-1cb6-9c67c61ba140" testName="GenericDewarpSettings_ToXml_FromXml_Success" computerName="DKSR-EFI-04" duration="00:00:00.0027359" startTime="2023-12-22T09:33:29.8343605+01:00" endTime="2023-12-22T09:33:29.8343605+01:00" testType="13cdc9d9-ddb5-4fa4-a97d-d965ccfc6d4b" outcome="Passed" testListId="8c84fa94-04c1-424b-9868-57a2d4851a1d" relativeResultsDirectory="ea2f55a6-c165-4a4f-8cd6-4d6c36c22bce" />
    <UnitTestResult executionId="42345d55-8216-4b4a-ae33-c61ccca338f7" testId="1b5ceecc-cb3c-5305-cdbb-87bbe5e0770a" testName="SystemSettingTableAdapter_Encrypt_OtherSettingUnchanged" computerName="DKSR-EFI-04" duration="00:00:00.0019892" startTime="2023-12-22T09:33:46.8500705+01:00" endTime="2023-12-22T09:33:46.8500705+01:00" testType="13cdc9d9-ddb5-4fa4-a97d-d965ccfc6d4b" outcome="Passed" testListId="8c84fa94-04c1-424b-9868-57a2d4851a1d" relativeResultsDirectory="42345d55-8216-4b4a-ae33-c61ccca338f7" />
    <UnitTestResult executionId="b3b2cc6a-5467-4b0a-80ed-011fe5b58f3b" testId="01c58622-6efa-aa23-6527-eb8713168390" testName="HardwareInfo_HasLicensedCameras_ReturnsFalse_WhenWithoutEnabledCamerasWithMatchingLicenseStates" computerName="DKSR-EFI-04" duration="00:00:00.0006858" startTime="2023-12-22T09:33:37.6156874+01:00" endTime="2023-12-22T09:33:37.6156874+01:00" testType="13cdc9d9-ddb5-4fa4-a97d-d965ccfc6d4b" outcome="Passed" testListId="8c84fa94-04c1-424b-9868-57a2d4851a1d" relativeResultsDirectory="b3b2cc6a-5467-4b0a-80ed-011fe5b58f3b" />
    <UnitTestResult executionId="5c56ef98-b695-48ed-8f9f-427a24c1b9a7" testId="53cdb87e-3222-ba39-8bb0-35edcea4554f" testName="ServiceConnectionStatus_CommunicationConfirmed_RaiseOnlineEvent" computerName="DKSR-EFI-04" duration="00:00:00.0034414" startTime="2023-12-22T09:33:29.1156087+01:00" endTime="2023-12-22T09:33:29.1156087+01:00" testType="13cdc9d9-ddb5-4fa4-a97d-d965ccfc6d4b" outcome="Passed" testListId="8c84fa94-04c1-424b-9868-57a2d4851a1d" relativeResultsDirectory="5c56ef98-b695-48ed-8f9f-427a24c1b9a7" />
    <UnitTestResult executionId="0d841543-a740-43e0-8cb6-d1bc7180a645" testId="5fcb103a-b799-017a-e95c-26acb39f38d9" testName="BaseHtmlLicenseReport_ContainsUtf8Encoding_Success" computerName="DKSR-EFI-04" duration="00:00:00.0001564" startTime="2023-12-22T09:33:37.2093981+01:00" endTime="2023-12-22T09:33:37.2250222+01:00" testType="13cdc9d9-ddb5-4fa4-a97d-d965ccfc6d4b" outcome="Passed" testListId="8c84fa94-04c1-424b-9868-57a2d4851a1d" relativeResultsDirectory="0d841543-a740-43e0-8cb6-d1bc7180a645" />
    <UnitTestResult executionId="70c6fb36-302a-4283-ba9d-fa993eaee2e0" testId="da93d51d-3bfd-8116-5345-506cba3f49b2" testName="ToLogEntryAudit_ModelNull_ArgumentNullException" computerName="DKSR-EFI-04" duration="00:00:00.0015636" startTime="2023-12-22T09:33:31.9124994+01:00" endTime="2023-12-22T09:33:31.9124994+01:00" testType="13cdc9d9-ddb5-4fa4-a97d-d965ccfc6d4b" outcome="Passed" testListId="8c84fa94-04c1-424b-9868-57a2d4851a1d" relativeResultsDirectory="70c6fb36-302a-4283-ba9d-fa993eaee2e0" />
    <UnitTestResult executionId="f6692b0b-7bfe-4719-9929-52439092c293" testId="afb66d73-9da5-7554-bdd3-eebe5f87627f" testName="ThreadPoolMessageProcessor_EnableProcessingTest" computerName="DKSR-EFI-04" duration="00:00:00.4540711" startTime="2023-12-22T09:33:36.6000202+01:00" endTime="2023-12-22T09:33:37.0531454+01:00" testType="13cdc9d9-ddb5-4fa4-a97d-d965ccfc6d4b" outcome="Passed" testListId="8c84fa94-04c1-424b-9868-57a2d4851a1d" relativeResultsDirectory="f6692b0b-7bfe-4719-9929-52439092c293" />
    <UnitTestResult executionId="575cd904-1d94-4034-a6b1-f83e0e6ec32b" testId="ff051a78-1ed7-0693-1c8c-ec554b972657" testName="DatabaseResponseDiskUsageModel_Validate_Success" computerName="DKSR-EFI-04" duration="00:00:00.0045119" startTime="2023-12-22T09:33:30.1312368+01:00" endTime="2023-12-22T09:33:30.1312368+01:00" testType="13cdc9d9-ddb5-4fa4-a97d-d965ccfc6d4b" outcome="Passed" testListId="8c84fa94-04c1-424b-9868-57a2d4851a1d" relativeResultsDirectory="575cd904-1d94-4034-a6b1-f83e0e6ec32b" />
    <UnitTestResult executionId="20efa2af-8c24-4415-8c8e-1c904a4e1b06" testId="0dbaefc6-5343-3f91-f9cd-c7fbbb2f2275" testName="Create_Mac_Address_Hash_String_Mac_Null" computerName="DKSR-EFI-04" duration="00:00:00.0006278" startTime="2023-12-22T09:33:44.7406850+01:00" endTime="2023-12-22T09:33:44.7406850+01:00" testType="13cdc9d9-ddb5-4fa4-a97d-d965ccfc6d4b" outcome="Passed" testListId="8c84fa94-04c1-424b-9868-57a2d4851a1d" relativeResultsDirectory="20efa2af-8c24-4415-8c8e-1c904a4e1b06" />
    <UnitTestResult executionId="fd58937b-c217-4bfc-868e-fb1adebdfbe4" testId="c9306fc5-6ee1-8d5c-db7b-80875c550ab5" testName="LicenseRequestHardwareInfo_CreateWithNullDeviceList" computerName="DKSR-EFI-04" duration="00:00:00.0008667" startTime="2023-12-22T09:33:37.5375236+01:00" endTime="2023-12-22T09:33:37.5375236+01:00" testType="13cdc9d9-ddb5-4fa4-a97d-d965ccfc6d4b" outcome="Passed" testListId="8c84fa94-04c1-424b-9868-57a2d4851a1d" relativeResultsDirectory="fd58937b-c217-4bfc-868e-fb1adebdfbe4" />
    <UnitTestResult executionId="3f51eb78-33fb-4b28-b24c-8ae46eac08db" testId="06ffcdb4-434f-f606-043a-dbf605c915be" testName="HardwareInfo_HasActivatedCameras_ReturnsTrue_OnSomeCamerasActivated" computerName="DKSR-EFI-04" duration="00:00:00.0003877" startTime="2023-12-22T09:33:37.5843987+01:00" endTime="2023-12-22T09:33:37.5843987+01:00" testType="13cdc9d9-ddb5-4fa4-a97d-d965ccfc6d4b" outcome="Passed" testListId="8c84fa94-04c1-424b-9868-57a2d4851a1d" relativeResultsDirectory="3f51eb78-33fb-4b28-b24c-8ae46eac08db" />
    <UnitTestResult executionId="8e6b00d5-388c-4e47-8b3d-4b8b565ba4dc" testId="9be8a1a6-dbc5-67e3-e22f-3c26db4775c4" testName="ModelValidation_ValidModel_Success" computerName="DKSR-EFI-04" duration="00:00:00.0019169" startTime="2023-12-22T09:33:31.3656174+01:00" endTime="2023-12-22T09:33:31.3812427+01:00" testType="13cdc9d9-ddb5-4fa4-a97d-d965ccfc6d4b" outcome="Passed" testListId="8c84fa94-04c1-424b-9868-57a2d4851a1d" relativeResultsDirectory="8e6b00d5-388c-4e47-8b3d-4b8b565ba4dc" />
    <UnitTestResult executionId="82c895f5-567a-43e9-9417-c5d48f76e773" testId="eb5851c6-ff83-ebd6-23b7-10a851a76b35" testName="BaseHtmlLicenseReport_CreateImage_WithClassName_NullImageLocation_Success" computerName="DKSR-EFI-04" duration="00:00:00.0001448" startTime="2023-12-22T09:33:37.1937698+01:00" endTime="2023-12-22T09:33:37.1937698+01:00" testType="13cdc9d9-ddb5-4fa4-a97d-d965ccfc6d4b" outcome="Passed" testListId="8c84fa94-04c1-424b-9868-57a2d4851a1d" relativeResultsDirectory="82c895f5-567a-43e9-9417-c5d48f76e773" />
    <UnitTestResult executionId="9cc2d2d6-367c-4b8f-a3ba-8243142c71cf" testId="e3b38617-9ca5-483d-be55-dd3b75fa7e0f" testName="Validate_LicenseResponseCreatedFromJson_Success" computerName="DKSR-EFI-04" duration="00:00:00.0002447" startTime="2023-12-22T09:33:44.2094311+01:00" endTime="2023-12-22T09:33:44.2094311+01:00" testType="13cdc9d9-ddb5-4fa4-a97d-d965ccfc6d4b" outcome="Passed" testListId="8c84fa94-04c1-424b-9868-57a2d4851a1d" relativeResultsDirectory="9cc2d2d6-367c-4b8f-a3ba-8243142c71cf" />
    <UnitTestResult executionId="1f41c503-b7c5-4d5b-ac08-169c126cc5ee" testId="0d438174-d8c1-38ec-e949-22ca42949896" testName="SendAsync_NoError_TaskIsExecuted" computerName="DKSR-EFI-04" duration="00:00:00.0351540" startTime="2023-12-22T09:33:20.2561902+01:00" endTime="2023-12-22T09:33:20.2874396+01:00" testType="13cdc9d9-ddb5-4fa4-a97d-d965ccfc6d4b" outcome="Passed" testListId="8c84fa94-04c1-424b-9868-57a2d4851a1d" relativeResultsDirectory="1f41c503-b7c5-4d5b-ac08-169c126cc5ee" />
    <UnitTestResult executionId="426da5e1-5d0c-4554-8939-5a21bbbcc5b8" testId="30094c8d-ee5e-5b45-e455-af217d37fc05" testName="Test_IsMember_SimpleBranched" computerName="DKSR-EFI-04" duration="00:00:00.0014084" startTime="2023-12-22T09:33:47.8656999+01:00" endTime="2023-12-22T09:33:47.8656999+01:00" testType="13cdc9d9-ddb5-4fa4-a97d-d965ccfc6d4b" outcome="Passed" testListId="8c84fa94-04c1-424b-9868-57a2d4851a1d" relativeResultsDirectory="426da5e1-5d0c-4554-8939-5a21bbbcc5b8" />
    <UnitTestResult executionId="02f715d0-34d3-4518-ae8c-7c1053d40852" testId="94e5c3f8-51c6-0394-575b-0bd91d015ef3" testName="PrepareMoveHardwareModel_Validate_Success" computerName="DKSR-EFI-04" duration="00:00:00.0016751" startTime="2023-12-22T09:33:31.4124923+01:00" endTime="2023-12-22T09:33:31.4124923+01:00" testType="13cdc9d9-ddb5-4fa4-a97d-d965ccfc6d4b" outcome="Passed" testListId="8c84fa94-04c1-424b-9868-57a2d4851a1d" relativeResultsDirectory="02f715d0-34d3-4518-ae8c-7c1053d40852" />
    <UnitTestResult executionId="ea0e622d-ff08-4d49-a915-b5efce75917f" testId="12063cf2-efcf-728b-23ae-c1292658ce21" testName="CreateHttpsUri_HttpDefaultPort_UseDefaultPortTrue_BecomesHttpsPort443" computerName="DKSR-EFI-04" duration="00:00:00.0001764" startTime="2023-12-22T09:33:47.4438223+01:00" endTime="2023-12-22T09:33:47.4438223+01:00" testType="13cdc9d9-ddb5-4fa4-a97d-d965ccfc6d4b" outcome="Passed" testListId="8c84fa94-04c1-424b-9868-57a2d4851a1d" relativeResultsDirectory="ea0e622d-ff08-4d49-a915-b5efce75917f" />
    <UnitTestResult executionId="32139433-ffba-4d25-9002-d767636ba8d8" testId="1816d6f6-bdf0-538b-a698-6f9d2d266160" testName="ReadChildElementValueAsInt32_RangeCheck_Min_Exact" computerName="DKSR-EFI-04" duration="00:00:00.0002325" startTime="2023-12-22T09:33:23.7562062+01:00" endTime="2023-12-22T09:33:23.7562062+01:00" testType="13cdc9d9-ddb5-4fa4-a97d-d965ccfc6d4b" outcome="Passed" testListId="8c84fa94-04c1-424b-9868-57a2d4851a1d" relativeResultsDirectory="32139433-ffba-4d25-9002-d767636ba8d8" />
    <UnitTestResult executionId="aa3d3339-a86b-4e8c-8f53-b32e07ecaeaf" testId="20373e8e-17b1-ac94-be0f-c1bed6d1c13a" testName="CalculateLicenseRequirements_ThreeEnabledCameras_ThreeDisabledCameras_WhitelistedModel_RequiresOneLicenses" computerName="DKSR-EFI-04" duration="00:00:00.0008951" startTime="2023-12-22T09:33:37.9437771+01:00" endTime="2023-12-22T09:33:37.9437771+01:00" testType="13cdc9d9-ddb5-4fa4-a97d-d965ccfc6d4b" outcome="Passed" testListId="8c84fa94-04c1-424b-9868-57a2d4851a1d" relativeResultsDirectory="aa3d3339-a86b-4e8c-8f53-b32e07ecaeaf" />
    <UnitTestResult executionId="c2211d8a-1e7b-4047-a0a9-a8d58cd3e8ec" testId="9323db7d-4095-b480-fb06-e80a4d2f6eaa" testName="HttpClientCommunicatorWrapper_SendTObjTRet_CommunicationException" computerName="DKSR-EFI-04" duration="00:00:00.0009316" startTime="2023-12-22T09:33:30.9593681+01:00" endTime="2023-12-22T09:33:30.9593681+01:00" testType="13cdc9d9-ddb5-4fa4-a97d-d965ccfc6d4b" outcome="Passed" testListId="8c84fa94-04c1-424b-9868-57a2d4851a1d" relativeResultsDirectory="c2211d8a-1e7b-4047-a0a9-a8d58cd3e8ec" />
    <UnitTestResult executionId="dbf775d1-21e8-450e-b36c-be452354ea0f" testId="7c45bb74-a50d-9024-163b-cbbd7fbd0abc" testName="ReadAttributeAsString_ElementNull" computerName="DKSR-EFI-04" duration="00:00:00.0005578" startTime="2023-12-22T09:33:23.7249574+01:00" endTime="2023-12-22T09:33:23.7249574+01:00" testType="13cdc9d9-ddb5-4fa4-a97d-d965ccfc6d4b" outcome="Passed" testListId="8c84fa94-04c1-424b-9868-57a2d4851a1d" relativeResultsDirectory="dbf775d1-21e8-450e-b36c-be452354ea0f" />
    <UnitTestResult executionId="31cc23e1-0f68-4b82-b361-e1c836d373a1" testId="48c641f4-06f7-80ae-39dd-d393ba577b64" testName="Validate_PopulateFirstEightRowsOfGrid_Success" computerName="DKSR-EFI-04" duration="00:00:00.0028557" startTime="2023-12-22T09:33:44.5375586+01:00" endTime="2023-12-22T09:33:44.5375586+01:00" testType="13cdc9d9-ddb5-4fa4-a97d-d965ccfc6d4b" outcome="Passed" testListId="8c84fa94-04c1-424b-9868-57a2d4851a1d" relativeResultsDirectory="31cc23e1-0f68-4b82-b361-e1c836d373a1" />
    <UnitTestResult executionId="a76dd2f4-69b8-4a56-a897-b65cf6eca36d" testId="eeced600-da81-93ef-57ad-61708375d46d" testName="CreateHttpUri_EmptyString_ThrowsInvalidOperationException" computerName="DKSR-EFI-04" duration="00:00:00.0005981" startTime="2023-12-22T09:33:47.3657014+01:00" endTime="2023-12-22T09:33:47.3657014+01:00" testType="13cdc9d9-ddb5-4fa4-a97d-d965ccfc6d4b" outcome="Passed" testListId="8c84fa94-04c1-424b-9868-57a2d4851a1d" relativeResultsDirectory="a76dd2f4-69b8-4a56-a897-b65cf6eca36d" />
    <UnitTestResult executionId="2936de75-8968-4e56-824b-1c588c45432a" testId="e8c0762d-aa8d-b249-8e9c-f5a8f70e8697" testName="ReadChildElementValueAsInt32_RangeCheck_Max_Exact" computerName="DKSR-EFI-04" duration="00:00:00.0002117" startTime="2023-12-22T09:33:23.7718322+01:00" endTime="2023-12-22T09:33:23.7718322+01:00" testType="13cdc9d9-ddb5-4fa4-a97d-d965ccfc6d4b" outcome="Passed" testListId="8c84fa94-04c1-424b-9868-57a2d4851a1d" relativeResultsDirectory="2936de75-8968-4e56-824b-1c588c45432a" />
    <UnitTestResult executionId="74eeb4fe-a897-47f9-8a27-d430caf82f1c" testId="02910e9c-ec1f-156b-9de6-411729542a46" testName="ServerFileStorage_WriteStream_ComplexScenario_UsageReportedCorrectly" computerName="DKSR-EFI-04" duration="00:00:00.0034203" startTime="2023-12-22T09:33:29.0218568+01:00" endTime="2023-12-22T09:33:29.0218568+01:00" testType="13cdc9d9-ddb5-4fa4-a97d-d965ccfc6d4b" outcome="Passed" testListId="8c84fa94-04c1-424b-9868-57a2d4851a1d" relativeResultsDirectory="74eeb4fe-a897-47f9-8a27-d430caf82f1c" />
    <UnitTestResult executionId="2bca3ddb-99cb-4e61-8afb-f9011a6ef87d" testId="7b1ed61a-0f13-29da-b9e9-f2db7fca317a" testName="ModelValidation_ValidModel_Success" computerName="DKSR-EFI-04" duration="00:00:00.0022758" startTime="2023-12-22T09:33:31.8656186+01:00" endTime="2023-12-22T09:33:31.8656186+01:00" testType="13cdc9d9-ddb5-4fa4-a97d-d965ccfc6d4b" outcome="Passed" testListId="8c84fa94-04c1-424b-9868-57a2d4851a1d" relativeResultsDirectory="2bca3ddb-99cb-4e61-8afb-f9011a6ef87d" />
    <UnitTestResult executionId="5b596f67-19e1-4d54-9d1d-b134df6b9013" testId="bcaed945-5486-272f-f6c2-d90b18548e30" testName="MilestoneOemResourcesTest" computerName="DKSR-EFI-04" duration="00:00:00.4869889" startTime="2023-12-22T09:33:35.5218901+01:00" endTime="2023-12-22T09:33:36.0062661+01:00" testType="13cdc9d9-ddb5-4fa4-a97d-d965ccfc6d4b" outcome="Passed" testListId="8c84fa94-04c1-424b-9868-57a2d4851a1d" relativeResultsDirectory="5b596f67-19e1-4d54-9d1d-b134df6b9013" />
    <UnitTestResult executionId="8954ba45-664f-4bbd-bc84-3615d43f5fc7" testId="f6d5615e-2ee5-dd6d-d370-6a1f1098a55d" testName="ReadAttributeAsBoolean_ElementNull" computerName="DKSR-EFI-04" duration="00:00:00.0005755" startTime="2023-12-22T09:33:23.7405826+01:00" endTime="2023-12-22T09:33:23.7405826+01:00" testType="13cdc9d9-ddb5-4fa4-a97d-d965ccfc6d4b" outcome="Passed" testListId="8c84fa94-04c1-424b-9868-57a2d4851a1d" relativeResultsDirectory="8954ba45-664f-4bbd-bc84-3615d43f5fc7" />
    <UnitTestResult executionId="83d6cd42-dad3-441a-ba98-bd7acc17739a" testId="54c26366-b994-f623-6449-0f14a6e33a8e" testName="IsArculesGuid_WhenOtherGuid_ReturnsFalse" computerName="DKSR-EFI-04" duration="00:00:00.0001993" startTime="2023-12-22T09:33:44.9125597+01:00" endTime="2023-12-22T09:33:44.9125597+01:00" testType="13cdc9d9-ddb5-4fa4-a97d-d965ccfc6d4b" outcome="Passed" testListId="8c84fa94-04c1-424b-9868-57a2d4851a1d" relativeResultsDirectory="83d6cd42-dad3-441a-ba98-bd7acc17739a" />
    <UnitTestResult executionId="87900e95-55ef-409b-8a8e-e7827d725af3" testId="611e19c8-09f4-c458-64c7-cf7075110940" testName="Index_RemoveEntry_Null_Throws_ArgumentNllException" computerName="DKSR-EFI-04" duration="00:00:00.0024377" startTime="2023-12-22T09:33:24.0530848+01:00" endTime="2023-12-22T09:33:24.0530848+01:00" testType="13cdc9d9-ddb5-4fa4-a97d-d965ccfc6d4b" outcome="Passed" testListId="8c84fa94-04c1-424b-9868-57a2d4851a1d" relativeResultsDirectory="87900e95-55ef-409b-8a8e-e7827d725af3">
      <Output>
        <StdOut>Debug Trace:&#xD;
Fail: Argument null</StdOut>
      </Output>
    </UnitTestResult>
    <UnitTestResult executionId="221861df-a9e7-40b7-86ea-413ac9dff67f" testId="6dc4cd77-38c0-10b5-180e-f937b6af904d" testName="LicenseGetVendor_WrongSLC" computerName="DKSR-EFI-04" duration="00:00:00.0007824" startTime="2023-12-22T09:33:44.7875615+01:00" endTime="2023-12-22T09:33:44.7875615+01:00" testType="13cdc9d9-ddb5-4fa4-a97d-d965ccfc6d4b" outcome="Passed" testListId="8c84fa94-04c1-424b-9868-57a2d4851a1d" relativeResultsDirectory="221861df-a9e7-40b7-86ea-413ac9dff67f" />
    <UnitTestResult executionId="2cd73b34-0706-4769-9801-52865cfd3801" testId="c14b5c94-9ed8-41f1-f1a3-39cd875ade55" testName="DecryptingNull" computerName="DKSR-EFI-04" duration="00:00:00.0003694" startTime="2023-12-22T09:33:46.8813203+01:00" endTime="2023-12-22T09:33:46.8813203+01:00" testType="13cdc9d9-ddb5-4fa4-a97d-d965ccfc6d4b" outcome="Passed" testListId="8c84fa94-04c1-424b-9868-57a2d4851a1d" relativeResultsDirectory="2cd73b34-0706-4769-9801-52865cfd3801" />
    <UnitTestResult executionId="77e6b059-db23-46fb-923d-49fb75173cfe" testId="0a4bc126-219a-0816-c151-6a13384ad00a" testName="TestMergeGridAreaWithNullAreas" computerName="DKSR-EFI-04" duration="00:00:00.0017435" startTime="2023-12-22T09:33:46.1625667+01:00" endTime="2023-12-22T09:33:46.1625667+01:00" testType="13cdc9d9-ddb5-4fa4-a97d-d965ccfc6d4b" outcome="Passed" testListId="8c84fa94-04c1-424b-9868-57a2d4851a1d" relativeResultsDirectory="77e6b059-db23-46fb-923d-49fb75173cfe" />
    <UnitTestResult executionId="7eeeebc5-f39c-44fa-933b-50456520ca1b" testId="fbb5b0a3-b6b6-d9aa-428e-6dd411355f38" testName="StreamsConfiguration_ValidateConfiguration_Invalid_Selection_4_Error" computerName="DKSR-EFI-04" duration="00:00:00.0062741" startTime="2023-12-22T09:33:29.6312337+01:00" endTime="2023-12-22T09:33:29.6468605+01:00" testType="13cdc9d9-ddb5-4fa4-a97d-d965ccfc6d4b" outcome="Passed" testListId="8c84fa94-04c1-424b-9868-57a2d4851a1d" relativeResultsDirectory="7eeeebc5-f39c-44fa-933b-50456520ca1b" />
    <UnitTestResult executionId="76f570d3-5293-43d7-86e6-aa4cc4bb6050" testId="0762ed34-4c9f-3d65-f424-2bc4f40fe600" testName="Mac_Address_Empty_Test_True_3" computerName="DKSR-EFI-04" duration="00:00:00.0001186" startTime="2023-12-22T09:33:44.7250587+01:00" endTime="2023-12-22T09:33:44.7250587+01:00" testType="13cdc9d9-ddb5-4fa4-a97d-d965ccfc6d4b" outcome="Passed" testListId="8c84fa94-04c1-424b-9868-57a2d4851a1d" relativeResultsDirectory="76f570d3-5293-43d7-86e6-aa4cc4bb6050" />
    <UnitTestResult executionId="467e56d3-c0bb-4575-8050-0ab530aec3b9" testId="52fcaf1b-6586-22d3-8b9e-cf01f68cd68e" testName="BulkProcessor_Dispose_Success" computerName="DKSR-EFI-04" duration="00:00:00.0007859" startTime="2023-12-22T09:33:36.5687669+01:00" endTime="2023-12-22T09:33:36.5687669+01:00" testType="13cdc9d9-ddb5-4fa4-a97d-d965ccfc6d4b" outcome="Passed" testListId="8c84fa94-04c1-424b-9868-57a2d4851a1d" relativeResultsDirectory="467e56d3-c0bb-4575-8050-0ab530aec3b9" />
    <UnitTestResult executionId="62b4e6e2-ede4-4dad-87e6-b7c9da131201" testId="43a825c4-520e-8fa6-1493-a2c2e20fcfd4" testName="Encrypt_DataSetHasModifiedRow_DataSetIsEncrypted" computerName="DKSR-EFI-04" duration="00:00:00.0021282" startTime="2023-12-22T09:33:46.3031918+01:00" endTime="2023-12-22T09:33:46.3031918+01:00" testType="13cdc9d9-ddb5-4fa4-a97d-d965ccfc6d4b" outcome="Passed" testListId="8c84fa94-04c1-424b-9868-57a2d4851a1d" relativeResultsDirectory="62b4e6e2-ede4-4dad-87e6-b7c9da131201" />
    <UnitTestResult executionId="81c044f3-d2ba-4500-bbfb-48179aa4aea2" testId="9ff544bc-e0a5-7ddc-b56b-ae1a7f70abbf" testName="ReadChildElementValueAsInt32_RangeCheck_Max" computerName="DKSR-EFI-04" duration="00:00:00.0004283" startTime="2023-12-22T09:33:23.7718322+01:00" endTime="2023-12-22T09:33:23.7718322+01:00" testType="13cdc9d9-ddb5-4fa4-a97d-d965ccfc6d4b" outcome="Passed" testListId="8c84fa94-04c1-424b-9868-57a2d4851a1d" relativeResultsDirectory="81c044f3-d2ba-4500-bbfb-48179aa4aea2" />
    <UnitTestResult executionId="d38e5358-fd15-49d1-822c-cee7c7e0f563" testId="f0181734-4a5c-6b55-53c4-50277496276a" testName="HttpClientCommunicatorWrapper_SendTObj_Success" computerName="DKSR-EFI-04" duration="00:00:00.0025351" startTime="2023-12-22T09:33:30.9124904+01:00" endTime="2023-12-22T09:33:30.9124904+01:00" testType="13cdc9d9-ddb5-4fa4-a97d-d965ccfc6d4b" outcome="Passed" testListId="8c84fa94-04c1-424b-9868-57a2d4851a1d" relativeResultsDirectory="d38e5358-fd15-49d1-822c-cee7c7e0f563" />
    <UnitTestResult executionId="7150bd8e-d100-4549-8f40-459fcf93964b" testId="b6041d9b-dbf7-2fcb-855d-8b55569c6c1a" testName="HardwareSetupInformationResponseModel_NoValuesSet_ValidationFailure" computerName="DKSR-EFI-04" duration="00:00:00.0013831" startTime="2023-12-22T09:33:30.1468630+01:00" endTime="2023-12-22T09:33:30.1468630+01:00" testType="13cdc9d9-ddb5-4fa4-a97d-d965ccfc6d4b" outcome="Passed" testListId="8c84fa94-04c1-424b-9868-57a2d4851a1d" relativeResultsDirectory="7150bd8e-d100-4549-8f40-459fcf93964b" />
    <UnitTestResult executionId="123509a3-f9af-4140-8d86-e63cc3cd2409" testId="3f1fc8a1-137c-2c07-462a-cc1b33a82b8a" testName="BoolResponseModel_Validate_Success" computerName="DKSR-EFI-04" duration="00:00:00.0009846" startTime="2023-12-22T09:33:32.1468735+01:00" endTime="2023-12-22T09:33:32.1468735+01:00" testType="13cdc9d9-ddb5-4fa4-a97d-d965ccfc6d4b" outcome="Passed" testListId="8c84fa94-04c1-424b-9868-57a2d4851a1d" relativeResultsDirectory="123509a3-f9af-4140-8d86-e63cc3cd2409" />
    <UnitTestResult executionId="159bfe3d-fc8f-4027-8bb2-e7ceab72d971" testId="3142246b-96d4-ddfb-c96a-6e28de4cacd9" testName="Constructor_IncrementsFeedCountsForOtherDeviceTypes_OnHwWithOtherDevicesThanCameras" computerName="DKSR-EFI-04" duration="00:00:00.0007403" startTime="2023-12-22T09:33:37.1312708+01:00" endTime="2023-12-22T09:33:37.1312708+01:00" testType="13cdc9d9-ddb5-4fa4-a97d-d965ccfc6d4b" outcome="Passed" testListId="8c84fa94-04c1-424b-9868-57a2d4851a1d" relativeResultsDirectory="159bfe3d-fc8f-4027-8bb2-e7ceab72d971" />
    <UnitTestResult executionId="64e33485-2130-4c58-af15-b6540bcef2c5" testId="04e643a7-89d4-d018-807c-d021b86f66a0" testName="HttpClientCommunicatorWrapper_PatchTObj_CommunicationException" computerName="DKSR-EFI-04" duration="00:00:00.0008907" startTime="2023-12-22T09:33:30.8812451+01:00" endTime="2023-12-22T09:33:30.8812451+01:00" testType="13cdc9d9-ddb5-4fa4-a97d-d965ccfc6d4b" outcome="Passed" testListId="8c84fa94-04c1-424b-9868-57a2d4851a1d" relativeResultsDirectory="64e33485-2130-4c58-af15-b6540bcef2c5" />
    <UnitTestResult executionId="f129ed93-1f7c-4ea8-b87b-15db86178c77" testId="7bd6a6c4-4b71-1a23-13be-6b3d564ea47f" testName="Validate_PopulateGrid_ValidateOemTextDoesNotExist_Success" computerName="DKSR-EFI-04" duration="00:00:00.0038596" startTime="2023-12-22T09:33:44.5531828+01:00" endTime="2023-12-22T09:33:44.5531828+01:00" testType="13cdc9d9-ddb5-4fa4-a97d-d965ccfc6d4b" outcome="Passed" testListId="8c84fa94-04c1-424b-9868-57a2d4851a1d" relativeResultsDirectory="f129ed93-1f7c-4ea8-b87b-15db86178c77" />
    <UnitTestResult executionId="1393ccfe-247f-46e4-bd4c-616b92759896" testId="ab1cd479-b2e4-ea28-cbb8-9dfdfbe5d707" testName="CheckAllMIPFiltersKindsTestNotOk6" computerName="DKSR-EFI-04" duration="00:00:00.0001468" startTime="2023-12-22T09:33:34.4906336+01:00" endTime="2023-12-22T09:33:34.4906336+01:00" testType="13cdc9d9-ddb5-4fa4-a97d-d965ccfc6d4b" outcome="Passed" testListId="8c84fa94-04c1-424b-9868-57a2d4851a1d" relativeResultsDirectory="1393ccfe-247f-46e4-bd4c-616b92759896" />
    <UnitTestResult executionId="0a3ce942-a6ba-444c-820f-6e9dfa935d5f" testId="edc31cfe-0011-7a3e-9d0d-623eba3a7315" testName="Validate_TotalNumberofPurchasedDeviceLicenses_Success" computerName="DKSR-EFI-04" duration="00:00:00.0011046" startTime="2023-12-22T09:33:44.5219331+01:00" endTime="2023-12-22T09:33:44.5219331+01:00" testType="13cdc9d9-ddb5-4fa4-a97d-d965ccfc6d4b" outcome="Passed" testListId="8c84fa94-04c1-424b-9868-57a2d4851a1d" relativeResultsDirectory="0a3ce942-a6ba-444c-820f-6e9dfa935d5f" />
    <UnitTestResult executionId="fd029ac1-d7a6-4435-baaa-6966b0b0fb24" testId="ef69f555-2dec-fce8-3b15-9a395701d89a" testName="ChangePortReturnsCorrectUri" computerName="DKSR-EFI-04" duration="00:00:00.0005128" startTime="2023-12-22T09:33:44.8813101+01:00" endTime="2023-12-22T09:33:44.8813101+01:00" testType="13cdc9d9-ddb5-4fa4-a97d-d965ccfc6d4b" outcome="Passed" testListId="8c84fa94-04c1-424b-9868-57a2d4851a1d" relativeResultsDirectory="fd029ac1-d7a6-4435-baaa-6966b0b0fb24" />
    <UnitTestResult executionId="35071232-172e-47b1-914f-bc6485503a13" testId="a34e2915-e790-75c7-635d-8d7d921927f2" testName="ReadChildElementValueAsBoolean_NameNull" computerName="DKSR-EFI-04" duration="00:00:00.0006806" startTime="2023-12-22T09:33:23.7562062+01:00" endTime="2023-12-22T09:33:23.7562062+01:00" testType="13cdc9d9-ddb5-4fa4-a97d-d965ccfc6d4b" outcome="Passed" testListId="8c84fa94-04c1-424b-9868-57a2d4851a1d" relativeResultsDirectory="35071232-172e-47b1-914f-bc6485503a13" />
    <UnitTestResult executionId="bab0f9b5-e26a-46c8-8a49-3c0c79ce6aaa" testId="f53ab042-733b-ab5b-c5ad-04a56d879c06" testName="Test_Members_SimpleCyclic" computerName="DKSR-EFI-04" duration="00:00:00.0013154" startTime="2023-12-22T09:33:47.8813253+01:00" endTime="2023-12-22T09:33:47.8813253+01:00" testType="13cdc9d9-ddb5-4fa4-a97d-d965ccfc6d4b" outcome="Passed" testListId="8c84fa94-04c1-424b-9868-57a2d4851a1d" relativeResultsDirectory="bab0f9b5-e26a-46c8-8a49-3c0c79ce6aaa" />
    <UnitTestResult executionId="43da5274-9a5e-4630-859f-975499e4376a" testId="980cc826-32b0-1279-cbe3-894a0cae1fcb" testName="DecryptingMediaDbCertificateSystemSetting" computerName="DKSR-EFI-04" duration="00:00:00.0008035" startTime="2023-12-22T09:33:46.9281964+01:00" endTime="2023-12-22T09:33:46.9281964+01:00" testType="13cdc9d9-ddb5-4fa4-a97d-d965ccfc6d4b" outcome="Passed" testListId="8c84fa94-04c1-424b-9868-57a2d4851a1d" relativeResultsDirectory="43da5274-9a5e-4630-859f-975499e4376a" />
    <UnitTestResult executionId="45dfca19-5ca1-42b7-91ee-502507b2d7c0" testId="c02ab29f-3331-6766-53a1-8a60ae70c4ae" testName="CreateHardwareLicenseCountEvaluatorChannel_CallUpdateLicenseInfo_NotInDriverWhiteList_ReturnsFalseAndChannelLicenseCountIsOne" computerName="DKSR-EFI-04" duration="00:00:00.0020078" startTime="2023-12-22T09:33:37.6312731+01:00" endTime="2023-12-22T09:33:37.6312731+01:00" testType="13cdc9d9-ddb5-4fa4-a97d-d965ccfc6d4b" outcome="Passed" testListId="8c84fa94-04c1-424b-9868-57a2d4851a1d" relativeResultsDirectory="45dfca19-5ca1-42b7-91ee-502507b2d7c0" />
    <UnitTestResult executionId="8d53f488-68ce-450d-b62e-678104969cc7" testId="1047d0f5-74cf-30a5-2e70-1dea0ad7d353" testName="ToLogEntryAudit_ModelWithLogeDefinition_SuccessConvertion" computerName="DKSR-EFI-04" duration="00:00:00.0012511" startTime="2023-12-22T09:33:31.9124994+01:00" endTime="2023-12-22T09:33:31.9124994+01:00" testType="13cdc9d9-ddb5-4fa4-a97d-d965ccfc6d4b" outcome="Passed" testListId="8c84fa94-04c1-424b-9868-57a2d4851a1d" relativeResultsDirectory="8d53f488-68ce-450d-b62e-678104969cc7" />
    <UnitTestResult executionId="b06eee8a-e7ad-4409-adcd-8008446cc6be" testId="02d48d3d-d6c9-1a18-80ad-319bd27a7c51" testName="ServerFileStorageEntry_Persist_FileMoved" computerName="DKSR-EFI-04" duration="00:00:00.0011170" startTime="2023-12-22T09:33:29.1000218+01:00" endTime="2023-12-22T09:33:29.1000218+01:00" testType="13cdc9d9-ddb5-4fa4-a97d-d965ccfc6d4b" outcome="Passed" testListId="8c84fa94-04c1-424b-9868-57a2d4851a1d" relativeResultsDirectory="b06eee8a-e7ad-4409-adcd-8008446cc6be" />
    <UnitTestResult executionId="8a05cb8c-bc47-4443-8e92-99d61f7a9097" testId="ac8aa661-4d22-a8b3-f7a8-6b9e3e0d53be" testName="CalculateLicenseRequirements_NullIHardwareInfoList_ThrowsArgumentNullException" computerName="DKSR-EFI-04" duration="00:00:00.0008684" startTime="2023-12-22T09:33:37.8969002+01:00" endTime="2023-12-22T09:33:37.8969002+01:00" testType="13cdc9d9-ddb5-4fa4-a97d-d965ccfc6d4b" outcome="Passed" testListId="8c84fa94-04c1-424b-9868-57a2d4851a1d" relativeResultsDirectory="8a05cb8c-bc47-4443-8e92-99d61f7a9097" />
    <UnitTestResult executionId="cf5979ab-494a-4d59-b903-7a4cfe3e48bf" testId="3c55de21-edba-9293-3151-27368a829c8a" testName="CalculateLicenseRequirementsForHardware_DisabledHardware_ReturnsNull" computerName="DKSR-EFI-04" duration="00:00:00.0003875" startTime="2023-12-22T09:33:37.9437771+01:00" endTime="2023-12-22T09:33:37.9437771+01:00" testType="13cdc9d9-ddb5-4fa4-a97d-d965ccfc6d4b" outcome="Passed" testListId="8c84fa94-04c1-424b-9868-57a2d4851a1d" relativeResultsDirectory="cf5979ab-494a-4d59-b903-7a4cfe3e48bf" />
    <UnitTestResult executionId="954350a3-f9aa-49cf-b79a-f1231d29862d" testId="90cde211-4a08-f849-89f3-e53a366c9c3c" testName="GenericDewarpSettings_DefaultValues_Success" computerName="DKSR-EFI-04" duration="00:00:00.0034084" startTime="2023-12-22T09:33:29.8343605+01:00" endTime="2023-12-22T09:33:29.8343605+01:00" testType="13cdc9d9-ddb5-4fa4-a97d-d965ccfc6d4b" outcome="Passed" testListId="8c84fa94-04c1-424b-9868-57a2d4851a1d" relativeResultsDirectory="954350a3-f9aa-49cf-b79a-f1231d29862d" />
    <UnitTestResult executionId="8445c8e7-c2dd-4d03-8131-46de6ca00c5f" testId="2cf84663-94ed-0a1a-2fca-674a2f68124c" testName="QueuedCommandExecutor_Process_TwoCommands_NotSimultanous" computerName="DKSR-EFI-04" duration="00:00:00.0220560" startTime="2023-12-22T09:33:47.6469480+01:00" endTime="2023-12-22T09:33:47.6781986+01:00" testType="13cdc9d9-ddb5-4fa4-a97d-d965ccfc6d4b" outcome="Passed" testListId="8c84fa94-04c1-424b-9868-57a2d4851a1d" relativeResultsDirectory="8445c8e7-c2dd-4d03-8131-46de6ca00c5f" />
    <UnitTestResult executionId="517727ca-7f25-4066-89de-9ef08295208e" testId="a98c2e19-eb41-cad2-08f2-c0b93de7ee3e" testName="HttpPost_Test_LicenseRequest_Succeeds" computerName="DKSR-EFI-04" startTime="2023-12-22T09:33:47.1469506+01:00" endTime="2023-12-22T09:33:47.1469506+01:00" testType="13cdc9d9-ddb5-4fa4-a97d-d965ccfc6d4b" outcome="NotExecuted" testListId="8c84fa94-04c1-424b-9868-57a2d4851a1d" relativeResultsDirectory="517727ca-7f25-4066-89de-9ef08295208e">
      <Output></Output>
    </UnitTestResult>
    <UnitTestResult executionId="13c914e7-cb1b-499f-93be-f9657b6d6d09" testId="b74f2889-3d4b-c5bd-339c-e731c9bd4104" testName="GetPresetByKey_ByIdNoMatch" computerName="DKSR-EFI-04" duration="00:00:00.0003191" startTime="2023-12-22T09:33:24.4280843+01:00" endTime="2023-12-22T09:33:24.4280843+01:00" testType="13cdc9d9-ddb5-4fa4-a97d-d965ccfc6d4b" outcome="Passed" testListId="8c84fa94-04c1-424b-9868-57a2d4851a1d" relativeResultsDirectory="13c914e7-cb1b-499f-93be-f9657b6d6d09" />
    <UnitTestResult executionId="089fab39-a61c-4a59-9238-4566b8249fbc" testId="8b1df241-cd7c-f32a-3610-e625520de45c" testName="CertificateSelection2_FromXml_NullCheck" computerName="DKSR-EFI-04" duration="00:00:00.0005291" startTime="2023-12-22T09:33:47.7875747+01:00" endTime="2023-12-22T09:33:47.8031982+01:00" testType="13cdc9d9-ddb5-4fa4-a97d-d965ccfc6d4b" outcome="Passed" testListId="8c84fa94-04c1-424b-9868-57a2d4851a1d" relativeResultsDirectory="089fab39-a61c-4a59-9238-4566b8249fbc" />
    <UnitTestResult executionId="200a084c-1a70-4fb2-967f-4001ec5c368e" testId="a896ce4d-9b37-5a77-3f77-eed614e9f3c5" testName="PatchEndpointOnly_EndPointIsNull_ArgumentNullExceptionThrown" computerName="DKSR-EFI-04" duration="00:00:00.0011952" startTime="2023-12-22T09:33:21.4593207+01:00" endTime="2023-12-22T09:33:21.4593207+01:00" testType="13cdc9d9-ddb5-4fa4-a97d-d965ccfc6d4b" outcome="Passed" testListId="8c84fa94-04c1-424b-9868-57a2d4851a1d" relativeResultsDirectory="200a084c-1a70-4fb2-967f-4001ec5c368e">
      <Output>
        <StdOut>Debug Trace:&#xD;
Fail: Argument null</StdOut>
      </Output>
    </UnitTestResult>
    <UnitTestResult executionId="f370af24-bfcb-45b5-9baf-54c2b009a760" testId="d51ef439-c9da-9eb7-9c47-8a2b811546f8" testName="DatabaseResponseTrackIdsWithoutMediaOnRecorderModel_NoValuesSet_ValidationFailure" computerName="DKSR-EFI-04" duration="00:00:00.0012120" startTime="2023-12-22T09:33:30.1468630+01:00" endTime="2023-12-22T09:33:30.1468630+01:00" testType="13cdc9d9-ddb5-4fa4-a97d-d965ccfc6d4b" outcome="Passed" testListId="8c84fa94-04c1-424b-9868-57a2d4851a1d" relativeResultsDirectory="f370af24-bfcb-45b5-9baf-54c2b009a760" />
    <UnitTestResult executionId="af80faad-b295-4026-948b-4ecb0efc38a1" testId="66c45e7e-2eb8-8f5a-9732-6ddf802742e4" testName="WebApiException_NullStream_ThrowsArgumentNullException" computerName="DKSR-EFI-04" duration="00:00:00.0007558" startTime="2023-12-22T09:33:32.3656245+01:00" endTime="2023-12-22T09:33:32.3656245+01:00" testType="13cdc9d9-ddb5-4fa4-a97d-d965ccfc6d4b" outcome="Passed" testListId="8c84fa94-04c1-424b-9868-57a2d4851a1d" relativeResultsDirectory="af80faad-b295-4026-948b-4ecb0efc38a1" />
    <UnitTestResult executionId="7d8ab343-da4d-41da-8dda-f8525720c11a" testId="5ff2e9bd-913e-ef6f-f2de-f5964820022a" testName="ModelValidation_RequiredPropertiesAreNull_Failed" computerName="DKSR-EFI-04" duration="00:00:00.0015561" startTime="2023-12-22T09:33:31.6937468+01:00" endTime="2023-12-22T09:33:31.6937468+01:00" testType="13cdc9d9-ddb5-4fa4-a97d-d965ccfc6d4b" outcome="Passed" testListId="8c84fa94-04c1-424b-9868-57a2d4851a1d" relativeResultsDirectory="7d8ab343-da4d-41da-8dda-f8525720c11a" />
    <UnitTestResult executionId="e4b93e71-861a-4a1f-b8de-faabcaaa3673" testId="604c15ba-899a-5d43-9bdd-b7e6d1160ea5" testName="RefCountedObjectWrapper_Construcctor_NullReference" computerName="DKSR-EFI-04" duration="00:00:00.0010113" startTime="2023-12-22T09:33:30.6156140+01:00" endTime="2023-12-22T09:33:30.6156140+01:00" testType="13cdc9d9-ddb5-4fa4-a97d-d965ccfc6d4b" outcome="Passed" testListId="8c84fa94-04c1-424b-9868-57a2d4851a1d" relativeResultsDirectory="e4b93e71-861a-4a1f-b8de-faabcaaa3673" />
    <UnitTestResult executionId="a5e23f30-5039-4aa5-b938-3f746f31094f" testId="19c5e6aa-859f-a6c7-3af9-c1227ec03175" testName="CreateInstance_ValidName_ValidSearchMethod_Exact_MixedCase_Success" computerName="DKSR-EFI-04" duration="00:00:00.0001498" startTime="2023-12-22T09:33:44.8031840+01:00" endTime="2023-12-22T09:33:44.8031840+01:00" testType="13cdc9d9-ddb5-4fa4-a97d-d965ccfc6d4b" outcome="Passed" testListId="8c84fa94-04c1-424b-9868-57a2d4851a1d" relativeResultsDirectory="a5e23f30-5039-4aa5-b938-3f746f31094f" />
    <UnitTestResult executionId="e3ae5128-57c6-4a50-a980-e21470412b21" testId="64eb099e-d5b4-daa7-2772-ad681c8ba86e" testName="HardwareScanModel_Validate_Failed" computerName="DKSR-EFI-04" duration="00:00:00.0043218" startTime="2023-12-22T09:33:31.3812427+01:00" endTime="2023-12-22T09:33:31.3812427+01:00" testType="13cdc9d9-ddb5-4fa4-a97d-d965ccfc6d4b" outcome="Passed" testListId="8c84fa94-04c1-424b-9868-57a2d4851a1d" relativeResultsDirectory="e3ae5128-57c6-4a50-a980-e21470412b21" />
    <UnitTestResult executionId="1d1476bc-2f5e-46fa-93c5-0f214ab6cff6" testId="06f8d942-a1f3-7e45-bd97-4700a2629094" testName="SendAsync_AuthenticationException_InvalidCertificateCalled" computerName="DKSR-EFI-04" duration="00:00:00.0028466" startTime="2023-12-22T09:33:20.4280640+01:00" endTime="2023-12-22T09:33:20.4280640+01:00" testType="13cdc9d9-ddb5-4fa4-a97d-d965ccfc6d4b" outcome="Passed" testListId="8c84fa94-04c1-424b-9868-57a2d4851a1d" relativeResultsDirectory="1d1476bc-2f5e-46fa-93c5-0f214ab6cff6" />
    <UnitTestResult executionId="60a2b061-1906-4636-b312-beb4a4d7ee3a" testId="575260a6-c854-bca0-ee1c-4e415e9c115d" testName="CalculateLicenseRequirements_Driver_Whitelisted_HardwareWithMultipleCameraDevicesCountsAsSingleLicenses_ReturnsTrue" computerName="DKSR-EFI-04" duration="00:00:00.0017960" startTime="2023-12-22T09:33:37.9125253+01:00" endTime="2023-12-22T09:33:37.9125253+01:00" testType="13cdc9d9-ddb5-4fa4-a97d-d965ccfc6d4b" outcome="Passed" testListId="8c84fa94-04c1-424b-9868-57a2d4851a1d" relativeResultsDirectory="60a2b061-1906-4636-b312-beb4a4d7ee3a" />
    <UnitTestResult executionId="ff64fdaf-93e3-4144-9378-a9be98f48d36" testId="0de96528-243c-6f64-ebc4-cbed28be2ce4" testName="CheckAllMIPFiltersEmptyList2" computerName="DKSR-EFI-04" duration="00:00:00.0006038" startTime="2023-12-22T09:33:34.5062572+01:00" endTime="2023-12-22T09:33:34.5062572+01:00" testType="13cdc9d9-ddb5-4fa4-a97d-d965ccfc6d4b" outcome="Passed" testListId="8c84fa94-04c1-424b-9868-57a2d4851a1d" relativeResultsDirectory="ff64fdaf-93e3-4144-9378-a9be98f48d36" />
    <UnitTestResult executionId="902ba535-df06-4e1a-8575-cf731f227407" testId="7a29bd7f-28eb-ba66-f939-4e9595bb111b" testName="CertificateSelection2_FromCertificateHashString_GoodHash" computerName="DKSR-EFI-04" duration="00:00:00.0015225" startTime="2023-12-22T09:33:47.7406983+01:00" endTime="2023-12-22T09:33:47.7406983+01:00" testType="13cdc9d9-ddb5-4fa4-a97d-d965ccfc6d4b" outcome="Passed" testListId="8c84fa94-04c1-424b-9868-57a2d4851a1d" relativeResultsDirectory="902ba535-df06-4e1a-8575-cf731f227407" />
    <UnitTestResult executionId="739d9f12-a4cd-4d22-a8b7-fc3e35e3367e" testId="df568c07-a2bf-a473-b20c-99920a8fa63b" testName="WhiteList_CreateInstanceMaximumChannelCountParameterIsNegative_RaisesArgumentException" computerName="DKSR-EFI-04" duration="00:00:00.0007242" startTime="2023-12-22T09:33:44.6469330+01:00" endTime="2023-12-22T09:33:44.6469330+01:00" testType="13cdc9d9-ddb5-4fa4-a97d-d965ccfc6d4b" outcome="Passed" testListId="8c84fa94-04c1-424b-9868-57a2d4851a1d" relativeResultsDirectory="739d9f12-a4cd-4d22-a8b7-fc3e35e3367e" />
    <UnitTestResult executionId="979039e4-f63f-46fa-8e1b-b3bba1238734" testId="f010b793-931b-684d-d2ea-48b39359569d" testName="CalculateLicenseRequirements_TwoEnabledCameras_TwoDisabledCameras_NotWhitelisted_RequiresTwoLicenses" computerName="DKSR-EFI-04" duration="00:00:00.0007248" startTime="2023-12-22T09:33:37.9281496+01:00" endTime="2023-12-22T09:33:37.9281496+01:00" testType="13cdc9d9-ddb5-4fa4-a97d-d965ccfc6d4b" outcome="Passed" testListId="8c84fa94-04c1-424b-9868-57a2d4851a1d" relativeResultsDirectory="979039e4-f63f-46fa-8e1b-b3bba1238734" />
    <UnitTestResult executionId="d7035574-7e40-4ee0-a917-928b979519f7" testId="e44dbd48-1fa2-94e7-65f8-2d11a07a499e" testName="IPHardwareBlockCollection_Ctor_ConfigurationManager_Null_Throws_ArgumentNullException" computerName="DKSR-EFI-04" duration="00:00:00.0124695" startTime="2023-12-22T09:33:47.0219471+01:00" endTime="2023-12-22T09:33:47.0375719+01:00" testType="13cdc9d9-ddb5-4fa4-a97d-d965ccfc6d4b" outcome="Passed" testListId="8c84fa94-04c1-424b-9868-57a2d4851a1d" relativeResultsDirectory="d7035574-7e40-4ee0-a917-928b979519f7">
      <Output>
        <StdOut>Debug Trace:&#xD;
Fail: Argument null.</StdOut>
      </Output>
    </UnitTestResult>
    <UnitTestResult executionId="d4a7ab35-282d-4cf0-b204-bffe05316067" testId="5f9ab3a2-a74d-3ba3-bb43-56d569184da7" testName="Schemes_SerializeAndDeserializeOneItemTest" computerName="DKSR-EFI-04" duration="00:00:00.0035082" startTime="2023-12-22T09:33:45.1000612+01:00" endTime="2023-12-22T09:33:45.1156867+01:00" testType="13cdc9d9-ddb5-4fa4-a97d-d965ccfc6d4b" outcome="Passed" testListId="8c84fa94-04c1-424b-9868-57a2d4851a1d" relativeResultsDirectory="d4a7ab35-282d-4cf0-b204-bffe05316067" />
    <UnitTestResult executionId="63c40cc0-1f15-4918-9a3c-d1c76b063e50" testId="5843788f-56fb-bff3-2f34-bf3a90125af5" testName="StreamsConfiguration_CopyConstructor_Success" computerName="DKSR-EFI-04" duration="00:00:00.0019165" startTime="2023-12-22T09:33:29.1781088+01:00" endTime="2023-12-22T09:33:29.1781088+01:00" testType="13cdc9d9-ddb5-4fa4-a97d-d965ccfc6d4b" outcome="Passed" testListId="8c84fa94-04c1-424b-9868-57a2d4851a1d" relativeResultsDirectory="63c40cc0-1f15-4918-9a3c-d1c76b063e50" />
    <UnitTestResult executionId="c27ba6a4-da2d-41e6-a0aa-bd093561bfe7" testId="9521fdd5-f8b0-8814-1019-bcf36ca64483" testName="WhiteList_IsDriverWhiteListed_HWWith15CH_GlobalMaxChannelCount16DriverMaxChannelCountInvalid_ReturnsTrue" computerName="DKSR-EFI-04" duration="00:00:00.0007348" startTime="2023-12-22T09:33:44.6625593+01:00" endTime="2023-12-22T09:33:44.6625593+01:00" testType="13cdc9d9-ddb5-4fa4-a97d-d965ccfc6d4b" outcome="Passed" testListId="8c84fa94-04c1-424b-9868-57a2d4851a1d" relativeResultsDirectory="c27ba6a4-da2d-41e6-a0aa-bd093561bfe7" />
    <UnitTestResult executionId="32d2ba62-e74b-4942-ab0e-9766e5f89b7d" testId="f889b14a-664f-744f-a2cb-4aa7c58e7de3" testName="RecorderInfo_ClearExistingLicenseInformation_Success" computerName="DKSR-EFI-04" duration="00:00:00.0098161" startTime="2023-12-22T09:33:44.7719350+01:00" endTime="2023-12-22T09:33:44.7719350+01:00" testType="13cdc9d9-ddb5-4fa4-a97d-d965ccfc6d4b" outcome="Passed" testListId="8c84fa94-04c1-424b-9868-57a2d4851a1d" relativeResultsDirectory="32d2ba62-e74b-4942-ab0e-9766e5f89b7d" />
    <UnitTestResult executionId="3ce60d81-3508-47f4-8d7d-48cb0c62b66c" testId="5b0f2072-7da6-7d6f-e27a-273ed9943e6b" testName="FormatAuthority__BeforeValueIsIpV6WithPort_FormattedUriHasPort" computerName="DKSR-EFI-04" duration="00:00:00.0127384" startTime="2023-12-22T09:33:23.9280817+01:00" endTime="2023-12-22T09:33:23.9437076+01:00" testType="13cdc9d9-ddb5-4fa4-a97d-d965ccfc6d4b" outcome="Passed" testListId="8c84fa94-04c1-424b-9868-57a2d4851a1d" relativeResultsDirectory="3ce60d81-3508-47f4-8d7d-48cb0c62b66c" />
    <UnitTestResult executionId="f4e33f6a-3430-4c7e-b37f-b52bc0d2d71a" testId="8320c3cf-e174-9e60-eebf-d75d6487530d" testName="Transform_XmlWithoutPassword_NoChanges" computerName="DKSR-EFI-04" duration="00:00:00.0010133" startTime="2023-12-22T09:33:46.9906966+01:00" endTime="2023-12-22T09:33:46.9906966+01:00" testType="13cdc9d9-ddb5-4fa4-a97d-d965ccfc6d4b" outcome="Passed" testListId="8c84fa94-04c1-424b-9868-57a2d4851a1d" relativeResultsDirectory="f4e33f6a-3430-4c7e-b37f-b52bc0d2d71a" />
    <UnitTestResult executionId="710ad496-f80f-479c-85a7-07ec0af8e19c" testId="e85fb801-fac4-3caf-4c68-9f4cc51c38b7" testName="PatchEndpointOnly_NoError_TaskIsExecutedAndCorrectResponseReceived" computerName="DKSR-EFI-04" duration="00:00:00.0022465" startTime="2023-12-22T09:33:21.4593207+01:00" endTime="2023-12-22T09:33:21.4593207+01:00" testType="13cdc9d9-ddb5-4fa4-a97d-d965ccfc6d4b" outcome="Passed" testListId="8c84fa94-04c1-424b-9868-57a2d4851a1d" relativeResultsDirectory="710ad496-f80f-479c-85a7-07ec0af8e19c" />
    <UnitTestResult executionId="7a6fdcc9-a9e4-4808-aada-2c17d439807c" testId="1f403e10-27f8-4256-9a64-ef56b259cbfb" testName="ServerFileStorageQuota_Free_NonexistingConsumer_Success" computerName="DKSR-EFI-04" duration="00:00:00.0001365" startTime="2023-12-22T09:33:28.9749804+01:00" endTime="2023-12-22T09:33:28.9749804+01:00" testType="13cdc9d9-ddb5-4fa4-a97d-d965ccfc6d4b" outcome="Passed" testListId="8c84fa94-04c1-424b-9868-57a2d4851a1d" relativeResultsDirectory="7a6fdcc9-a9e4-4808-aada-2c17d439807c" />
    <UnitTestResult executionId="a6c97e8d-4c6d-4dca-a0f2-a8c2583235e5" testId="93b8baa4-a7a4-78ce-5712-6dc3e46447a1" testName="PtzPreset_EqualsTo_Change_PtzArgs" computerName="DKSR-EFI-04" duration="00:00:00.0014959" startTime="2023-12-22T09:33:24.4749606+01:00" endTime="2023-12-22T09:33:24.4749606+01:00" testType="13cdc9d9-ddb5-4fa4-a97d-d965ccfc6d4b" outcome="Passed" testListId="8c84fa94-04c1-424b-9868-57a2d4851a1d" relativeResultsDirectory="a6c97e8d-4c6d-4dca-a0f2-a8c2583235e5" />
    <UnitTestResult executionId="2cb23999-fa54-4558-9425-8c9b8170c8ed" testId="cc1496ac-98ef-5f01-e5e9-07c7ee6aa21b" testName="GetReplacementLimit_ReturnsDefault0Limit_OnNoReplacementLimitInLicense" computerName="DKSR-EFI-04" duration="00:00:00.0032563" startTime="2023-12-22T09:33:44.3188082+01:00" endTime="2023-12-22T09:33:44.3344331+01:00" testType="13cdc9d9-ddb5-4fa4-a97d-d965ccfc6d4b" outcome="Passed" testListId="8c84fa94-04c1-424b-9868-57a2d4851a1d" relativeResultsDirectory="2cb23999-fa54-4558-9425-8c9b8170c8ed" />
    <UnitTestResult executionId="90ed8555-d687-44e3-92d3-fcc184418182" testId="4a516266-1feb-565c-4498-c6e58fb7b436" testName="RefCountedObjectWrapper_ExecuteCallWithRefCount_Sucess" computerName="DKSR-EFI-04" duration="00:00:00.0012575" startTime="2023-12-22T09:33:30.6312385+01:00" endTime="2023-12-22T09:33:30.6312385+01:00" testType="13cdc9d9-ddb5-4fa4-a97d-d965ccfc6d4b" outcome="Passed" testListId="8c84fa94-04c1-424b-9868-57a2d4851a1d" relativeResultsDirectory="90ed8555-d687-44e3-92d3-fcc184418182" />
    <UnitTestResult executionId="aa9f4c72-cacb-4083-8410-44355c0302e8" testId="c7d15519-12aa-af74-36da-f8f49a9c6779" testName="GroupConfigurationCheckAddOrDeleteMemberEvents" computerName="DKSR-EFI-04" duration="00:00:00.0017283" startTime="2023-12-22T09:33:34.4437571+01:00" endTime="2023-12-22T09:33:34.4437571+01:00" testType="13cdc9d9-ddb5-4fa4-a97d-d965ccfc6d4b" outcome="Passed" testListId="8c84fa94-04c1-424b-9868-57a2d4851a1d" relativeResultsDirectory="aa9f4c72-cacb-4083-8410-44355c0302e8" />
    <UnitTestResult executionId="5e932b1c-ef60-42bf-b3a0-3117438ea70b" testId="1b6c8480-1617-f9a0-a9d9-17f047f7cb0e" testName="SendAsync_AuthenticationException_RetryAndSuccess" computerName="DKSR-EFI-04" duration="00:00:00.0945148" startTime="2023-12-22T09:33:20.4749405+01:00" endTime="2023-12-22T09:33:20.5686922+01:00" testType="13cdc9d9-ddb5-4fa4-a97d-d965ccfc6d4b" outcome="Passed" testListId="8c84fa94-04c1-424b-9868-57a2d4851a1d" relativeResultsDirectory="5e932b1c-ef60-42bf-b3a0-3117438ea70b" />
    <UnitTestResult executionId="dbbbaf0c-55bf-42aa-8734-05431a85be13" testId="b93ab267-4d4e-556b-bd47-9b0bdde5607a" testName="Validate_PopulateGrid_ValidateOemTextDoesNotExist_InvalidOemUrl_Success" computerName="DKSR-EFI-04" duration="00:00:00.0024698" startTime="2023-12-22T09:33:44.5531828+01:00" endTime="2023-12-22T09:33:44.5688080+01:00" testType="13cdc9d9-ddb5-4fa4-a97d-d965ccfc6d4b" outcome="Passed" testListId="8c84fa94-04c1-424b-9868-57a2d4851a1d" relativeResultsDirectory="dbbbaf0c-55bf-42aa-8734-05431a85be13" />
    <UnitTestResult executionId="abde6788-9a3d-4f92-a999-efd37aa669cc" testId="9dfaa4dc-9a29-76d9-a18b-04fc15ca41a5" testName="StreamsConfiguration_EnsureLiveDefaultAndRecordTreads_No_DefaultLive_And_Record_First_Selected" computerName="DKSR-EFI-04" duration="00:00:00.0070758" startTime="2023-12-22T09:33:29.8187361+01:00" endTime="2023-12-22T09:33:29.8343605+01:00" testType="13cdc9d9-ddb5-4fa4-a97d-d965ccfc6d4b" outcome="Passed" testListId="8c84fa94-04c1-424b-9868-57a2d4851a1d" relativeResultsDirectory="abde6788-9a3d-4f92-a999-efd37aa669cc" />
    <UnitTestResult executionId="12a90c74-7d5b-4b49-bc46-5c4508c87940" testId="2ff05efd-a118-5265-421f-8adc19a29796" testName="Decrypt_DataSetIsNull_ThrowsArgumentNullException" computerName="DKSR-EFI-04" duration="00:00:00.0015576" startTime="2023-12-22T09:33:46.4125703+01:00" endTime="2023-12-22T09:33:46.4125703+01:00" testType="13cdc9d9-ddb5-4fa4-a97d-d965ccfc6d4b" outcome="Passed" testListId="8c84fa94-04c1-424b-9868-57a2d4851a1d" relativeResultsDirectory="12a90c74-7d5b-4b49-bc46-5c4508c87940">
      <Output>
        <StdOut>Debug Trace:&#xD;
Fail: Argument null</StdOut>
      </Output>
    </UnitTestResult>
    <UnitTestResult executionId="13f2dc0c-baf5-4c18-8a87-6ae6efa73f63" testId="9bc55912-1686-24c6-68d1-365735caec5d" testName="ScanResult_SerializationTest" computerName="DKSR-EFI-04" duration="00:00:00.0085406" startTime="2023-12-22T09:33:23.6780817+01:00" endTime="2023-12-22T09:33:23.6937070+01:00" testType="13cdc9d9-ddb5-4fa4-a97d-d965ccfc6d4b" outcome="Passed" testListId="8c84fa94-04c1-424b-9868-57a2d4851a1d" relativeResultsDirectory="13f2dc0c-baf5-4c18-8a87-6ae6efa73f63" />
    <UnitTestResult executionId="f1cd7a12-6cc1-4be5-889d-f556c7325304" testId="b883da1f-1bae-51fc-0cfe-8a9b346f1545" testName="ModelValidation_ValidModel_Success" computerName="DKSR-EFI-04" duration="00:00:00.0011873" startTime="2023-12-22T09:33:31.6937468+01:00" endTime="2023-12-22T09:33:31.6937468+01:00" testType="13cdc9d9-ddb5-4fa4-a97d-d965ccfc6d4b" outcome="Passed" testListId="8c84fa94-04c1-424b-9868-57a2d4851a1d" relativeResultsDirectory="f1cd7a12-6cc1-4be5-889d-f556c7325304" />
    <UnitTestResult executionId="9ec985ff-93b0-4388-9ac7-de78dae421f0" testId="4aa14437-3803-5869-0e81-906d763b395c" testName="ReadChildElementValueAsUInt64_InvalidData" computerName="DKSR-EFI-04" duration="00:00:00.0004155" startTime="2023-12-22T09:33:23.8968311+01:00" endTime="2023-12-22T09:33:23.8968311+01:00" testType="13cdc9d9-ddb5-4fa4-a97d-d965ccfc6d4b" outcome="Passed" testListId="8c84fa94-04c1-424b-9868-57a2d4851a1d" relativeResultsDirectory="9ec985ff-93b0-4388-9ac7-de78dae421f0" />
    <UnitTestResult executionId="69ee9317-79be-4626-9bd6-a66eb755dc9b" testId="8bc2f5a4-2b6a-d6fa-6633-3ec73ee952bc" testName="LicenseActivationService_AcquireLicense_LicenseNotAllowed_FeatureNotRegistered" computerName="DKSR-EFI-04" duration="00:00:00.0019260" startTime="2023-12-22T09:33:37.8187754+01:00" endTime="2023-12-22T09:33:37.8187754+01:00" testType="13cdc9d9-ddb5-4fa4-a97d-d965ccfc6d4b" outcome="Passed" testListId="8c84fa94-04c1-424b-9868-57a2d4851a1d" relativeResultsDirectory="69ee9317-79be-4626-9bd6-a66eb755dc9b" />
    <UnitTestResult executionId="aa5665e7-e444-488e-9b02-89c18ff89b8a" testId="37c0bf53-89e8-8b86-b19f-c48fdc89accf" testName="RemoveItem_Null_ThrowArgumentNullException" computerName="DKSR-EFI-04" duration="00:00:00.0026075" startTime="2023-12-22T09:33:24.1155844+01:00" endTime="2023-12-22T09:33:24.1155844+01:00" testType="13cdc9d9-ddb5-4fa4-a97d-d965ccfc6d4b" outcome="Passed" testListId="8c84fa94-04c1-424b-9868-57a2d4851a1d" relativeResultsDirectory="aa5665e7-e444-488e-9b02-89c18ff89b8a">
      <Output>
        <StdOut>Debug Trace:&#xD;
Fail: Argument null</StdOut>
      </Output>
    </UnitTestResult>
    <UnitTestResult executionId="b25e5de2-8588-4d6f-9fd2-beab96363388" testId="0430db25-db50-e950-650c-a7a45ebe4591" testName="DataSetUtility_UpdateLastModified_ConfigurationDataSet_Devices_LastModified_Changed" computerName="DKSR-EFI-04" duration="00:00:01.2061619" startTime="2023-12-22T09:33:21.7405726+01:00" endTime="2023-12-22T09:33:22.9437007+01:00" testType="13cdc9d9-ddb5-4fa4-a97d-d965ccfc6d4b" outcome="Passed" testListId="8c84fa94-04c1-424b-9868-57a2d4851a1d" relativeResultsDirectory="b25e5de2-8588-4d6f-9fd2-beab96363388" />
    <UnitTestResult executionId="cec5ac78-e04c-44a8-a8f2-152bbd1931db" testId="25bd5c1c-fcbe-ab93-d56f-4258fe321ffc" testName="UpdateTotalFeedCountsAcrossAllHardware_FailsWhen_UpdateHardwareAggregates_NotCalled" computerName="DKSR-EFI-04" duration="00:00:00.0016169" startTime="2023-12-22T09:33:37.4750220+01:00" endTime="2023-12-22T09:33:37.4906491+01:00" testType="13cdc9d9-ddb5-4fa4-a97d-d965ccfc6d4b" outcome="Passed" testListId="8c84fa94-04c1-424b-9868-57a2d4851a1d" relativeResultsDirectory="cec5ac78-e04c-44a8-a8f2-152bbd1931db" />
    <UnitTestResult executionId="eeea0e81-5766-445f-92de-c801b6920856" testId="d7f370e0-fe25-def0-5962-ced37d225b3d" testName="Device_Construct_ValidDeviceLicenseInfo_RemembersData_Success" computerName="DKSR-EFI-04" duration="00:00:00.0012199" startTime="2023-12-22T09:33:44.4906829+01:00" endTime="2023-12-22T09:33:44.4906829+01:00" testType="13cdc9d9-ddb5-4fa4-a97d-d965ccfc6d4b" outcome="Passed" testListId="8c84fa94-04c1-424b-9868-57a2d4851a1d" relativeResultsDirectory="eeea0e81-5766-445f-92de-c801b6920856" />
    <UnitTestResult executionId="81a77d77-9ee8-473a-b4b0-ac0aa6b50cfb" testId="9d35c45f-30de-9629-1760-ce591fc77afc" testName="Mac_Address_Empty_Test_False_1" computerName="DKSR-EFI-04" duration="00:00:00.0001116" startTime="2023-12-22T09:33:44.7250587+01:00" endTime="2023-12-22T09:33:44.7250587+01:00" testType="13cdc9d9-ddb5-4fa4-a97d-d965ccfc6d4b" outcome="Passed" testListId="8c84fa94-04c1-424b-9868-57a2d4851a1d" relativeResultsDirectory="81a77d77-9ee8-473a-b4b0-ac0aa6b50cfb" />
    <UnitTestResult executionId="b99fbed6-3f91-45d1-8d86-aea4bb4629b4" testId="84c41830-efa0-e72a-d31e-f4dffe59a417" testName="ResponseException_NullStream_ThrowsArgumentNullException" computerName="DKSR-EFI-04" duration="00:00:00.0008210" startTime="2023-12-22T09:33:32.2562469+01:00" endTime="2023-12-22T09:33:32.2718721+01:00" testType="13cdc9d9-ddb5-4fa4-a97d-d965ccfc6d4b" outcome="Passed" testListId="8c84fa94-04c1-424b-9868-57a2d4851a1d" relativeResultsDirectory="b99fbed6-3f91-45d1-8d86-aea4bb4629b4" />
  </Results>
  <TestDefinitions>
    <UnitTest name="ResponseModel_NoValuesSet_ValidationFailure" storage="d:\actions-runner\_work\xpco\xpco\corporate\shared\common.integration\tst\videoos.common.integration.unittests\bin\x64\debug\net472\videoos.common.integration.unittests.dll" id="6fcbe503-297d-7842-0021-2fffe82802e1">
      <Execution id="c555438b-fce7-4840-af5b-fd719cda8c11" />
      <TestMethod codeBase="D:\actions-runner\_work\XPCO\XPCO\Corporate\Shared\Common.Integration\tst\VideoOS.Common.Integration.UnitTests\bin\x64\Debug\net472\VideoOS.Common.Integration.UnitTests.dll" adapterTypeName="executor://mstestadapter/v2" className="VideoOS.Common.Integration.UnitTests.WebAPI.Model.Recorder.Responses.ResponseModelTest" name="ResponseModel_NoValuesSet_ValidationFailure" />
    </UnitTest>
    <UnitTest name="HardwareSetupInformationResponseModel_NoValuesSet_ValidationFailure" storage="d:\actions-runner\_work\xpco\xpco\corporate\shared\common.integration\tst\videoos.common.integration.unittests\bin\x64\debug\net472\videoos.common.integration.unittests.dll" id="b6041d9b-dbf7-2fcb-855d-8b55569c6c1a">
      <Execution id="7150bd8e-d100-4549-8f40-459fcf93964b" />
      <TestMethod codeBase="D:\actions-runner\_work\XPCO\XPCO\Corporate\Shared\Common.Integration\tst\VideoOS.Common.Integration.UnitTests\bin\x64\Debug\net472\VideoOS.Common.Integration.UnitTests.dll" adapterTypeName="executor://mstestadapter/v2" className="VideoOS.Common.Integration.UnitTests.WebApi.Model.HardwareSetupInformationResponseModelTest" name="HardwareSetupInformationResponseModel_NoValuesSet_ValidationFailure" />
    </UnitTest>
    <UnitTest name="RefCountedObjectWrapper_ExecuteCallWithRefCount_Sucess" storage="d:\actions-runner\_work\xpco\xpco\corporate\shared\common.integration\tst\videoos.common.integration.unittests\bin\x64\debug\net472\videoos.common.integration.unittests.dll" id="4a516266-1feb-565c-4498-c6e58fb7b436">
      <Execution id="90ed8555-d687-44e3-92d3-fcc184418182" />
      <TestMethod codeBase="D:\actions-runner\_work\XPCO\XPCO\Corporate\Shared\Common.Integration\tst\VideoOS.Common.Integration.UnitTests\bin\x64\Debug\net472\VideoOS.Common.Integration.UnitTests.dll" adapterTypeName="executor://mstestadapter/v2" className="VideoOS.Common.Integration.UnitTests.Threading.RefCountedObjectWrapperTests" name="RefCountedObjectWrapper_ExecuteCallWithRefCount_Sucess" />
    </UnitTest>
    <UnitTest name="HardwareInfo_EnabledDevices_ReturnsCorrectListOfEnabledDevices" storage="d:\actions-runner\_work\xpco\xpco\corporate\shared\common.integration\tst\videoos.common.integration.unittests\bin\x64\debug\net472\videoos.common.integration.unittests.dll" id="43a4fa80-dd9b-1bf4-98bf-78fbe73d93da">
      <Execution id="0816787c-4279-47ad-bbf4-279e0cb41335" />
      <TestMethod codeBase="D:\actions-runner\_work\XPCO\XPCO\Corporate\Shared\Common.Integration\tst\VideoOS.Common.Integration.UnitTests\bin\x64\Debug\net472\VideoOS.Common.Integration.UnitTests.dll" adapterTypeName="executor://mstestadapter/v2" className="VideoOS.Common.Integration.UnitTests.License.HardwareInfoTests" name="HardwareInfo_EnabledDevices_ReturnsCorrectListOfEnabledDevices" />
    </UnitTest>
    <UnitTest name="HardwareUnsupportedResponseModel_Validate_Success" storage="d:\actions-runner\_work\xpco\xpco\corporate\shared\common.integration\tst\videoos.common.integration.unittests\bin\x64\debug\net472\videoos.common.integration.unittests.dll" id="a620a607-d5ca-1edf-8228-e0c7069ead3e">
      <Execution id="7018b8f8-1814-41b1-9eb1-daa1e62c3b7e" />
      <TestMethod codeBase="D:\actions-runner\_work\XPCO\XPCO\Corporate\Shared\Common.Integration\tst\VideoOS.Common.Integration.UnitTests\bin\x64\Debug\net472\VideoOS.Common.Integration.UnitTests.dll" adapterTypeName="executor://mstestadapter/v2" className="VideoOS.Common.Integration.UnitTests.WebApi.Model.HardwareUnsupportedResponseModelTest" name="HardwareUnsupportedResponseModel_Validate_Success" />
    </UnitTest>
    <UnitTest name="ResponseModel_Validate_Success" storage="d:\actions-runner\_work\xpco\xpco\corporate\shared\common.integration\tst\videoos.common.integration.unittests\bin\x64\debug\net472\videoos.common.integration.unittests.dll" id="e5d573ef-e69c-862b-8cbc-95ce7e56f71c">
      <Execution id="2f2f483e-cea4-469a-9402-46d4f447c618" />
      <TestMethod codeBase="D:\actions-runner\_work\XPCO\XPCO\Corporate\Shared\Common.Integration\tst\VideoOS.Common.Integration.UnitTests\bin\x64\Debug\net472\VideoOS.Common.Integration.UnitTests.dll" adapterTypeName="executor://mstestadapter/v2" className="VideoOS.Common.Integration.UnitTests.WebAPI.Model.Server.Responses.ResponseModelTest" name="ResponseModel_Validate_Success" />
    </UnitTest>
    <UnitTest name="CreateInstance_InvalidMaxChannelCount_Throws_ArgumentNullException" storage="d:\actions-runner\_work\xpco\xpco\corporate\shared\common.integration\tst\videoos.common.integration.unittests\bin\x64\debug\net472\videoos.common.integration.unittests.dll" id="d6345a70-d736-2ba4-d438-a4a0b262266f">
      <Execution id="954f7847-19c0-49d7-8d10-f7a0054ed788" />
      <TestMethod codeBase="D:\actions-runner\_work\XPCO\XPCO\Corporate\Shared\Common.Integration\tst\VideoOS.Common.Integration.UnitTests\bin\x64\Debug\net472\VideoOS.Common.Integration.UnitTests.dll" adapterTypeName="executor://mstestadapter/v2" className="VideoOS.Common.Integration.UnitTests.License.WhitelistMatchHelperTests" name="CreateInstance_InvalidMaxChannelCount_Throws_ArgumentNullException" />
    </UnitTest>
    <UnitTest name="FeatureManager_GetFeatureParameterValue_Parameter_Not_Found" storage="d:\actions-runner\_work\xpco\xpco\corporate\shared\common.integration\tst\videoos.common.integration.unittests\bin\x64\debug\net472\videoos.common.integration.unittests.dll" id="e29e3422-c5e6-c0ab-1e89-78d29e50ef02">
      <Execution id="41fab0ae-9c2e-4673-b42d-51a222c36ffd" />
      <TestMethod codeBase="D:\actions-runner\_work\XPCO\XPCO\Corporate\Shared\Common.Integration\tst\VideoOS.Common.Integration.UnitTests\bin\x64\Debug\net472\VideoOS.Common.Integration.UnitTests.dll" adapterTypeName="executor://mstestadapter/v2" className="VideoOS.Common.Integration.UnitTests.License.FeatureManagerTest" name="FeatureManager_GetFeatureParameterValue_Parameter_Not_Found" />
    </UnitTest>
    <UnitTest name="AssemblyInfoVersionTest" storage="d:\actions-runner\_work\xpco\xpco\corporate\shared\common.integration\tst\videoos.common.integration.unittests\bin\x64\debug\net472\videoos.common.integration.unittests.dll" id="2331fc6c-4bea-8cac-e7a0-f9f9299e3180">
      <Execution id="c2d4f5dd-23c0-49cc-a057-a2deeb1c42c1" />
      <TestMethod codeBase="D:\actions-runner\_work\XPCO\XPCO\Corporate\Shared\Common.Integration\tst\VideoOS.Common.Integration.UnitTests\bin\x64\Debug\net472\VideoOS.Common.Integration.UnitTests.dll" adapterTypeName="executor://mstestadapter/v2" className="VideoOS.Common.Integration.UnitTests.Oem.AProductVersionUnitTest" name="AssemblyInfoVersionTest" />
    </UnitTest>
    <UnitTest name="CertificateSelection2_FromCertificateHashString_GoodHash" storage="d:\actions-runner\_work\xpco\xpco\corporate\shared\common.integration\tst\videoos.common.integration.unittests\bin\x64\debug\net472\videoos.common.integration.unittests.dll" id="7a29bd7f-28eb-ba66-f939-4e9595bb111b">
      <Execution id="902ba535-df06-4e1a-8575-cf731f227407" />
      <TestMethod codeBase="D:\actions-runner\_work\XPCO\XPCO\Corporate\Shared\Common.Integration\tst\VideoOS.Common.Integration.UnitTests\bin\x64\Debug\net472\VideoOS.Common.Integration.UnitTests.dll" adapterTypeName="executor://mstestadapter/v2" className="VideoOS.Common.Integration.UnitTests.CertificateHandling.CertificateSelection2Tests" name="CertificateSelection2_FromCertificateHashString_GoodHash" />
    </UnitTest>
    <UnitTest name="WebApiException_RouteSet_RouteInException" storage="d:\actions-runner\_work\xpco\xpco\corporate\shared\common.integration\tst\videoos.common.integration.unittests\bin\x64\debug\net472\videoos.common.integration.unittests.dll" id="56a065fc-61ac-8dcf-0f48-81d25ba788ec">
      <Execution id="595b4557-7f1e-4a1d-9c4a-4d38c742936c" />
      <TestMethod codeBase="D:\actions-runner\_work\XPCO\XPCO\Corporate\Shared\Common.Integration\tst\VideoOS.Common.Integration.UnitTests\bin\x64\Debug\net472\VideoOS.Common.Integration.UnitTests.dll" adapterTypeName="executor://mstestadapter/v2" className="VideoOS.Common.Integration.UnitTests.WebAPI.Exceptions.WebApiExceptionTests" name="WebApiException_RouteSet_RouteInException" />
    </UnitTest>
    <UnitTest name="DatabaseXmlConverter_XmlIdsToGuids_One" storage="d:\actions-runner\_work\xpco\xpco\corporate\shared\common.integration\tst\videoos.common.integration.unittests\bin\x64\debug\net472\videoos.common.integration.unittests.dll" id="f679d789-790d-8c95-7867-cc39f97820ab">
      <Execution id="2f975f24-9a7f-4dd4-b7f8-0089e49ffacd" />
      <TestMethod codeBase="D:\actions-runner\_work\XPCO\XPCO\Corporate\Shared\Common.Integration\tst\VideoOS.Common.Integration.UnitTests\bin\x64\Debug\net472\VideoOS.Common.Integration.UnitTests.dll" adapterTypeName="executor://mstestadapter/v2" className="VideoOS.Common.Integration.UnitTests.DatabaseXmlConverterTest" name="DatabaseXmlConverter_XmlIdsToGuids_One" />
    </UnitTest>
    <UnitTest name="Device_Construct_NullDeviceInfo_Empty_Throws_ArgumentNullException" storage="d:\actions-runner\_work\xpco\xpco\corporate\shared\common.integration\tst\videoos.common.integration.unittests\bin\x64\debug\net472\videoos.common.integration.unittests.dll" id="e9ae2e0f-6b3f-5be8-70ce-4694a8f58dae">
      <Execution id="93044cd6-c351-4241-a83d-f56f35392eac" />
      <TestMethod codeBase="D:\actions-runner\_work\XPCO\XPCO\Corporate\Shared\Common.Integration\tst\VideoOS.Common.Integration.UnitTests\bin\x64\Debug\net472\VideoOS.Common.Integration.UnitTests.dll" adapterTypeName="executor://mstestadapter/v2" className="VideoOS.Common.Integration.UnitTests.License.LicenseInfoTests" name="Device_Construct_NullDeviceInfo_Empty_Throws_ArgumentNullException" />
    </UnitTest>
    <UnitTest name="StreamsConfiguration_Clear_Success" storage="d:\actions-runner\_work\xpco\xpco\corporate\shared\common.integration\tst\videoos.common.integration.unittests\bin\x64\debug\net472\videoos.common.integration.unittests.dll" id="4fc5b303-bc77-1c0a-0834-58d34630be49">
      <Execution id="5a3c57dc-1ffe-4bf8-99e4-1f9c564d7cf3" />
      <TestMethod codeBase="D:\actions-runner\_work\XPCO\XPCO\Corporate\Shared\Common.Integration\tst\VideoOS.Common.Integration.UnitTests\bin\x64\Debug\net472\VideoOS.Common.Integration.UnitTests.dll" adapterTypeName="executor://mstestadapter/v2" className="VideoOS.Common.Integration.UnitTests.StreamsConfigurationUnitTests" name="StreamsConfiguration_Clear_Success" />
    </UnitTest>
    <UnitTest name="Contructor_CreatesEmptyIndexesArray_OnNoParameters" storage="d:\actions-runner\_work\xpco\xpco\corporate\shared\common.integration\tst\videoos.common.integration.unittests\bin\x64\debug\net472\videoos.common.integration.unittests.dll" id="444895a9-3e9c-93be-e8cf-ee7505352654">
      <TestCategory>
        <TestCategoryItem TestCategory="Licensing" />
      </TestCategory>
      <Execution id="4332b307-43d5-4792-a5d9-12330a2919a1" />
      <TestMethod codeBase="D:\actions-runner\_work\XPCO\XPCO\Corporate\Shared\Common.Integration\tst\VideoOS.Common.Integration.UnitTests\bin\x64\Debug\net472\VideoOS.Common.Integration.UnitTests.dll" adapterTypeName="executor://mstestadapter/v2" className="VideoOS.Common.Integration.UnitTests.License.AggregateFeedDictionaryTests" name="Contructor_CreatesEmptyIndexesArray_OnNoParameters" />
    </UnitTest>
    <UnitTest name="ChangeSchemeReturnsCorrectUri" storage="d:\actions-runner\_work\xpco\xpco\corporate\shared\common.integration\tst\videoos.common.integration.unittests\bin\x64\debug\net472\videoos.common.integration.unittests.dll" id="85d070a8-e801-beef-49d4-bf90eff55dd0">
      <Execution id="3ef18969-f322-466d-9757-179284f4baf6" />
      <TestMethod codeBase="D:\actions-runner\_work\XPCO\XPCO\Corporate\Shared\Common.Integration\tst\VideoOS.Common.Integration.UnitTests\bin\x64\Debug\net472\VideoOS.Common.Integration.UnitTests.dll" adapterTypeName="executor://mstestadapter/v2" className="VideoOS.Common.Integration.UnitTests.Extensions.UriExtensionsMethodsTests" name="ChangeSchemeReturnsCorrectUri" />
    </UnitTest>
    <UnitTest name="EncryptingMediaDbCertificateSystemSetting" storage="d:\actions-runner\_work\xpco\xpco\corporate\shared\common.integration\tst\videoos.common.integration.unittests\bin\x64\debug\net472\videoos.common.integration.unittests.dll" id="dc81dca2-8610-ae97-ae07-1f3aa2dad64d">
      <Execution id="ddb12dd3-5bd2-41a5-9cba-036c3d9f14ae" />
      <TestMethod codeBase="D:\actions-runner\_work\XPCO\XPCO\Corporate\Shared\Common.Integration\tst\VideoOS.Common.Integration.UnitTests\bin\x64\Debug\net472\VideoOS.Common.Integration.UnitTests.dll" adapterTypeName="executor://mstestadapter/v2" className="VideoOS.Common.Integration.UnitTests.Configuration.XmlEncryptionHelperTests" name="EncryptingMediaDbCertificateSystemSetting" />
    </UnitTest>
    <UnitTest name="PatchAsync_ObjIsNull_ArgumentNullExceptionThrown" storage="d:\actions-runner\_work\xpco\xpco\corporate\shared\common.integration\tst\videoos.common.integration.unittests\bin\x64\debug\net472\videoos.common.integration.unittests.dll" id="7518b4ee-6d5b-6aaa-1fb8-e8caca1e0c08">
      <Execution id="d1b43e57-acd4-4081-92e8-0abc85a04526" />
      <TestMethod codeBase="D:\actions-runner\_work\XPCO\XPCO\Corporate\Shared\Common.Integration\tst\VideoOS.Common.Integration.UnitTests\bin\x64\Debug\net472\VideoOS.Common.Integration.UnitTests.dll" adapterTypeName="executor://mstestadapter/v2" className="VideoOS.Common.Integration.WebApi.HttpClientCommunicatorUnitTests" name="PatchAsync_ObjIsNull_ArgumentNullExceptionThrown" />
    </UnitTest>
    <UnitTest name="ModelValidation_RequiredPropertiesAreNull_Failed" storage="d:\actions-runner\_work\xpco\xpco\corporate\shared\common.integration\tst\videoos.common.integration.unittests\bin\x64\debug\net472\videoos.common.integration.unittests.dll" id="c6911cba-a932-87f1-7d74-4c7bfa92d803">
      <Execution id="54ef1426-dbb7-4644-b897-fa1b59e215af" />
      <TestMethod codeBase="D:\actions-runner\_work\XPCO\XPCO\Corporate\Shared\Common.Integration\tst\VideoOS.Common.Integration.UnitTests\bin\x64\Debug\net472\VideoOS.Common.Integration.UnitTests.dll" adapterTypeName="executor://mstestadapter/v2" className="VideoOS.Common.Integration.UnitTests.WebAPI.Model.ReportManualRecordingStateModelTest" name="ModelValidation_RequiredPropertiesAreNull_Failed" />
    </UnitTest>
    <UnitTest name="EncryptConfigurationDataSet_EncryptLicenseRsaKeySystemSetting_SettingIsEncrypted" storage="d:\actions-runner\_work\xpco\xpco\corporate\shared\common.integration\tst\videoos.common.integration.unittests\bin\x64\debug\net472\videoos.common.integration.unittests.dll" id="4310c827-8132-10c8-838c-8aea506460dc">
      <Execution id="efc2a880-2f70-4f7e-84d5-a3d2745aae59" />
      <TestMethod codeBase="D:\actions-runner\_work\XPCO\XPCO\Corporate\Shared\Common.Integration\tst\VideoOS.Common.Integration.UnitTests\bin\x64\Debug\net472\VideoOS.Common.Integration.UnitTests.dll" adapterTypeName="executor://mstestadapter/v2" className="VideoOS.Common.Integration.UnitTests.Configuration.XmlEncryptionHelperTests" name="EncryptConfigurationDataSet_EncryptLicenseRsaKeySystemSetting_SettingIsEncrypted" />
    </UnitTest>
    <UnitTest name="ToModelRule_ValidEntry_SuccessConvertion" storage="d:\actions-runner\_work\xpco\xpco\corporate\shared\common.integration\tst\videoos.common.integration.unittests\bin\x64\debug\net472\videoos.common.integration.unittests.dll" id="9bdf6be6-679b-a437-2d7b-01ddb8e09c21">
      <Execution id="4fcee7aa-63db-4996-b34d-fc4cf3390526" />
      <TestMethod codeBase="D:\actions-runner\_work\XPCO\XPCO\Corporate\Shared\Common.Integration\tst\VideoOS.Common.Integration.UnitTests\bin\x64\Debug\net472\VideoOS.Common.Integration.UnitTests.dll" adapterTypeName="executor://mstestadapter/v2" className="VideoOS.Common.Integration.UnitTests.WebAPI.Model.Server.LogEntryModelConverterTest" name="ToModelRule_ValidEntry_SuccessConvertion" />
    </UnitTest>
    <UnitTest name="HttpClientCommunicatorWrapper_SendTObj_Success" storage="d:\actions-runner\_work\xpco\xpco\corporate\shared\common.integration\tst\videoos.common.integration.unittests\bin\x64\debug\net472\videoos.common.integration.unittests.dll" id="f0181734-4a5c-6b55-53c4-50277496276a">
      <Execution id="d38e5358-fd15-49d1-822c-cee7c7e0f563" />
      <TestMethod codeBase="D:\actions-runner\_work\XPCO\XPCO\Corporate\Shared\Common.Integration\tst\VideoOS.Common.Integration.UnitTests\bin\x64\Debug\net472\VideoOS.Common.Integration.UnitTests.dll" adapterTypeName="executor://mstestadapter/v2" className="VideoOS.Common.Integration.UnitTests.WebAPI.HttpClientCommunicatorWrapperTests" name="HttpClientCommunicatorWrapper_SendTObj_Success" />
    </UnitTest>
    <UnitTest name="LicenseGetVendorTest_GetRightVendor" storage="d:\actions-runner\_work\xpco\xpco\corporate\shared\common.integration\tst\videoos.common.integration.unittests\bin\x64\debug\net472\videoos.common.integration.unittests.dll" id="cfe58986-275c-53fe-71ef-85a1c282d95e">
      <TestCategory>
        <TestCategoryItem TestCategory="SLCTest" />
      </TestCategory>
      <Execution id="93f46dc2-6411-4856-99a6-c2a789373788" />
      <TestMethod codeBase="D:\actions-runner\_work\XPCO\XPCO\Corporate\Shared\Common.Integration\tst\VideoOS.Common.Integration.UnitTests\bin\x64\Debug\net472\VideoOS.Common.Integration.UnitTests.dll" adapterTypeName="executor://mstestadapter/v2" className="VideoOS.Common.Integration.UnitTests.License.SLCTest" name="LicenseGetVendorTest_GetRightVendor" />
    </UnitTest>
    <UnitTest name="Construct_RequestContainer_InvalidLicenseIntegrationDataEmptyString_Success" storage="d:\actions-runner\_work\xpco\xpco\corporate\shared\common.integration\tst\videoos.common.integration.unittests\bin\x64\debug\net472\videoos.common.integration.unittests.dll" id="1450abbf-3f6f-84ee-5bf5-58b6a156daad">
      <Execution id="65b7dc21-1b82-46d9-a36f-cc086c68100f" />
      <TestMethod codeBase="D:\actions-runner\_work\XPCO\XPCO\Corporate\Shared\Common.Integration\tst\VideoOS.Common.Integration.UnitTests\bin\x64\Debug\net472\VideoOS.Common.Integration.UnitTests.dll" adapterTypeName="executor://mstestadapter/v2" className="VideoOS.Common.Integration.UnitTests.License.LicenseContainerTests" name="Construct_RequestContainer_InvalidLicenseIntegrationDataEmptyString_Success" />
    </UnitTest>
    <UnitTest name="CustomLicenseType_FeatureFlagPresentDriversPresentDisabledHardware" storage="d:\actions-runner\_work\xpco\xpco\corporate\shared\common.integration\tst\videoos.common.integration.unittests\bin\x64\debug\net472\videoos.common.integration.unittests.dll" id="1940be6f-406b-ef77-8b0e-113e4ddcb48a">
      <TestCategory>
        <TestCategoryItem TestCategory="CustomLicenseTypeTest" />
      </TestCategory>
      <Execution id="d5a76d80-7e17-449e-85cf-82fd62929968" />
      <TestMethod codeBase="D:\actions-runner\_work\XPCO\XPCO\Corporate\Shared\Common.Integration\tst\VideoOS.Common.Integration.UnitTests\bin\x64\Debug\net472\VideoOS.Common.Integration.UnitTests.dll" adapterTypeName="executor://mstestadapter/v2" className="VideoOS.Common.Integration.UnitTests.License.CustomLicenseTypeTests" name="CustomLicenseType_FeatureFlagPresentDriversPresentDisabledHardware" />
    </UnitTest>
    <UnitTest name="Construct_LicenseActivationService_NullUri_ThrowsArgumentNullException" storage="d:\actions-runner\_work\xpco\xpco\corporate\shared\common.integration\tst\videoos.common.integration.unittests\bin\x64\debug\net472\videoos.common.integration.unittests.dll" id="495036c3-cfd8-5fa6-0414-8ddfdb6b52f2">
      <Execution id="588773de-2ddd-46ac-897f-21abe4e0f6c2" />
      <TestMethod codeBase="D:\actions-runner\_work\XPCO\XPCO\Corporate\Shared\Common.Integration\tst\VideoOS.Common.Integration.UnitTests\bin\x64\Debug\net472\VideoOS.Common.Integration.UnitTests.dll" adapterTypeName="executor://mstestadapter/v2" className="VideoOS.Common.Integration.UnitTests.License.LicenseActivationServiceTests" name="Construct_LicenseActivationService_NullUri_ThrowsArgumentNullException" />
    </UnitTest>
    <UnitTest name="DatabaseXmlConverter_DeviceXmlToStickerSize_None" storage="d:\actions-runner\_work\xpco\xpco\corporate\shared\common.integration\tst\videoos.common.integration.unittests\bin\x64\debug\net472\videoos.common.integration.unittests.dll" id="43bd50aa-ead1-55db-3c99-7296e9a62f72">
      <Execution id="f8d426b4-33b3-420d-af6b-8bd6d6099bd8" />
      <TestMethod codeBase="D:\actions-runner\_work\XPCO\XPCO\Corporate\Shared\Common.Integration\tst\VideoOS.Common.Integration.UnitTests\bin\x64\Debug\net472\VideoOS.Common.Integration.UnitTests.dll" adapterTypeName="executor://mstestadapter/v2" className="VideoOS.Common.Integration.UnitTests.DatabaseXmlConverterTest" name="DatabaseXmlConverter_DeviceXmlToStickerSize_None" />
    </UnitTest>
    <UnitTest name="BaseHtmlLicenseReport_CreateImage_WithClassName_NullImageLocation_Success" storage="d:\actions-runner\_work\xpco\xpco\corporate\shared\common.integration\tst\videoos.common.integration.unittests\bin\x64\debug\net472\videoos.common.integration.unittests.dll" id="eb5851c6-ff83-ebd6-23b7-10a851a76b35">
      <Execution id="82c895f5-567a-43e9-9417-c5d48f76e773" />
      <TestMethod codeBase="D:\actions-runner\_work\XPCO\XPCO\Corporate\Shared\Common.Integration\tst\VideoOS.Common.Integration.UnitTests\bin\x64\Debug\net472\VideoOS.Common.Integration.UnitTests.dll" adapterTypeName="executor://mstestadapter/v2" className="VideoOS.Common.Integration.UnitTests.License.BaseHtmlLicenseReportTests" name="BaseHtmlLicenseReport_CreateImage_WithClassName_NullImageLocation_Success" />
    </UnitTest>
    <UnitTest name="FeatureManager_GetFeatureParameterValueT_Int_Valid_Value" storage="d:\actions-runner\_work\xpco\xpco\corporate\shared\common.integration\tst\videoos.common.integration.unittests\bin\x64\debug\net472\videoos.common.integration.unittests.dll" id="4515bcb1-d15c-08a9-02fe-c49f7716006e">
      <Execution id="2f977eca-ec95-426a-b13d-1da785e2c271" />
      <TestMethod codeBase="D:\actions-runner\_work\XPCO\XPCO\Corporate\Shared\Common.Integration\tst\VideoOS.Common.Integration.UnitTests\bin\x64\Debug\net472\VideoOS.Common.Integration.UnitTests.dll" adapterTypeName="executor://mstestadapter/v2" className="VideoOS.Common.Integration.UnitTests.License.FeatureManagerTest" name="FeatureManager_GetFeatureParameterValueT_Int_Valid_Value" />
    </UnitTest>
    <UnitTest name="ParseAsBytes_InvalidStrings_Throws_ArgumentException" storage="d:\actions-runner\_work\xpco\xpco\corporate\shared\common.integration\tst\videoos.common.integration.unittests\bin\x64\debug\net472\videoos.common.integration.unittests.dll" id="27b086e7-540b-b83b-f35a-982c0ab0cbc8">
      <Execution id="9baa6af2-4d0e-420d-9de0-9ae4f78d78f3" />
      <TestMethod codeBase="D:\actions-runner\_work\XPCO\XPCO\Corporate\Shared\Common.Integration\tst\VideoOS.Common.Integration.UnitTests\bin\x64\Debug\net472\VideoOS.Common.Integration.UnitTests.dll" adapterTypeName="executor://mstestadapter/v2" className="VideoOS.Common.Integration.UnitTests.CertificateHandling.StringByteConversionExtensionsUnitTests" name="ParseAsBytes_InvalidStrings_Throws_ArgumentException" />
    </UnitTest>
    <UnitTest name="RemoveHardwareSpecificInfoFromHardwareDefinitionXml1" storage="d:\actions-runner\_work\xpco\xpco\corporate\shared\common.integration\tst\videoos.common.integration.unittests\bin\x64\debug\net472\videoos.common.integration.unittests.dll" id="aa018921-380f-7413-c103-457db55cc6d3">
      <Execution id="78b9f495-f8f7-478a-ac1a-c69676b0a7d6" />
      <TestMethod codeBase="D:\actions-runner\_work\XPCO\XPCO\Corporate\Shared\Common.Integration\tst\VideoOS.Common.Integration.UnitTests\bin\x64\Debug\net472\VideoOS.Common.Integration.UnitTests.dll" adapterTypeName="executor://mstestadapter/v2" className="VideoOS.Common.Integration.UnitTests.DriverDefinition.DefinitionUtilityTests" name="RemoveHardwareSpecificInfoFromHardwareDefinitionXml1" />
    </UnitTest>
    <UnitTest name="ReadChildElementValueAsUInt32_InvalidData" storage="d:\actions-runner\_work\xpco\xpco\corporate\shared\common.integration\tst\videoos.common.integration.unittests\bin\x64\debug\net472\videoos.common.integration.unittests.dll" id="60b355dc-bc58-c15e-650d-b3b1a5fc1cae">
      <Execution id="ebaf1b86-e416-4607-8f51-a2e2dca61619" />
      <TestMethod codeBase="D:\actions-runner\_work\XPCO\XPCO\Corporate\Shared\Common.Integration\tst\VideoOS.Common.Integration.UnitTests\bin\x64\Debug\net472\VideoOS.Common.Integration.UnitTests.dll" adapterTypeName="executor://mstestadapter/v2" className="VideoOS.Common.Integration.UnitTests.XmlDocumentExtensionsCoreUnitTests" name="ReadChildElementValueAsUInt32_InvalidData" />
    </UnitTest>
    <UnitTest name="Send_ConnectFailure_EndpointNotFoundCalled" storage="d:\actions-runner\_work\xpco\xpco\corporate\shared\common.integration\tst\videoos.common.integration.unittests\bin\x64\debug\net472\videoos.common.integration.unittests.dll" id="00f0ffec-a595-7222-bdfe-f607c208c489">
      <Execution id="30f06b0f-733e-43bd-9e59-a3bf88e1b0f7" />
      <TestMethod codeBase="D:\actions-runner\_work\XPCO\XPCO\Corporate\Shared\Common.Integration\tst\VideoOS.Common.Integration.UnitTests\bin\x64\Debug\net472\VideoOS.Common.Integration.UnitTests.dll" adapterTypeName="executor://mstestadapter/v2" className="VideoOS.Common.Integration.WebApi.HttpClientCommunicatorUnitTests" name="Send_ConnectFailure_EndpointNotFoundCalled" />
    </UnitTest>
    <UnitTest name="WhiteList_IsModelWhiteListed_HWWith16CH_GlobalMaxChannelCountIs16_ReturnsTrue" storage="d:\actions-runner\_work\xpco\xpco\corporate\shared\common.integration\tst\videoos.common.integration.unittests\bin\x64\debug\net472\videoos.common.integration.unittests.dll" id="450be9ae-e2a0-4402-a8f4-7566ef213097">
      <TestCategory>
        <TestCategoryItem TestCategory="Licensing" />
      </TestCategory>
      <Execution id="9452320a-0582-4361-9caa-d9879ce76674" />
      <TestMethod codeBase="D:\actions-runner\_work\XPCO\XPCO\Corporate\Shared\Common.Integration\tst\VideoOS.Common.Integration.UnitTests\bin\x64\Debug\net472\VideoOS.Common.Integration.UnitTests.dll" adapterTypeName="executor://mstestadapter/v2" className="VideoOS.Common.Integration.UnitTests.License.LicenseWhitelistTests" name="WhiteList_IsModelWhiteListed_HWWith16CH_GlobalMaxChannelCountIs16_ReturnsTrue" />
    </UnitTest>
    <UnitTest name="CalculateLicenseRequirements_Driver_Whitelisted_HardwareWithMultipleCameraDevicesCountsAsSingleLicenses_ReturnsTrue" storage="d:\actions-runner\_work\xpco\xpco\corporate\shared\common.integration\tst\videoos.common.integration.unittests\bin\x64\debug\net472\videoos.common.integration.unittests.dll" id="575260a6-c854-bca0-ee1c-4e415e9c115d">
      <Execution id="60a2b061-1906-4636-b312-beb4a4d7ee3a" />
      <TestMethod codeBase="D:\actions-runner\_work\XPCO\XPCO\Corporate\Shared\Common.Integration\tst\VideoOS.Common.Integration.UnitTests\bin\x64\Debug\net472\VideoOS.Common.Integration.UnitTests.dll" adapterTypeName="executor://mstestadapter/v2" className="VideoOS.Common.Integration.UnitTests.License.LicenseCalculatorTests" name="CalculateLicenseRequirements_Driver_Whitelisted_HardwareWithMultipleCameraDevicesCountsAsSingleLicenses_ReturnsTrue" />
    </UnitTest>
    <UnitTest name="HardwareSetupErrorResponseModel_NoValuesSet_ValidationFailure" storage="d:\actions-runner\_work\xpco\xpco\corporate\shared\common.integration\tst\videoos.common.integration.unittests\bin\x64\debug\net472\videoos.common.integration.unittests.dll" id="7d7b3ed1-b536-e007-4d25-d39cd2343640">
      <Execution id="7d84c227-db30-4f1f-9685-5773de6ab2c1" />
      <TestMethod codeBase="D:\actions-runner\_work\XPCO\XPCO\Corporate\Shared\Common.Integration\tst\VideoOS.Common.Integration.UnitTests\bin\x64\Debug\net472\VideoOS.Common.Integration.UnitTests.dll" adapterTypeName="executor://mstestadapter/v2" className="VideoOS.Common.Integration.UnitTests.WebAPI.Model.HardwareSetupErrorResponseModelTest" name="HardwareSetupErrorResponseModel_NoValuesSet_ValidationFailure" />
    </UnitTest>
    <UnitTest name="ServerFileStorageEntry_Persist_FileMoved" storage="d:\actions-runner\_work\xpco\xpco\corporate\shared\common.integration\tst\videoos.common.integration.unittests\bin\x64\debug\net472\videoos.common.integration.unittests.dll" id="02d48d3d-d6c9-1a18-80ad-319bd27a7c51">
      <Execution id="b06eee8a-e7ad-4409-adcd-8008446cc6be" />
      <TestMethod codeBase="D:\actions-runner\_work\XPCO\XPCO\Corporate\Shared\Common.Integration\tst\VideoOS.Common.Integration.UnitTests\bin\x64\Debug\net472\VideoOS.Common.Integration.UnitTests.dll" adapterTypeName="executor://mstestadapter/v2" className="VideoOS.Common.Integration.UnitTests.ServerFileStorageTests" name="ServerFileStorageEntry_Persist_FileMoved" />
    </UnitTest>
    <UnitTest name="LicenseCalculationResult_Validate_Null_HardwareName_ConvertsToStringEmpty" storage="d:\actions-runner\_work\xpco\xpco\corporate\shared\common.integration\tst\videoos.common.integration.unittests\bin\x64\debug\net472\videoos.common.integration.unittests.dll" id="9c54aa12-fd89-c33f-e419-3ea044930a92">
      <Execution id="60264b51-37ab-4ebe-bd4a-6d8c98e56387" />
      <TestMethod codeBase="D:\actions-runner\_work\XPCO\XPCO\Corporate\Shared\Common.Integration\tst\VideoOS.Common.Integration.UnitTests\bin\x64\Debug\net472\VideoOS.Common.Integration.UnitTests.dll" adapterTypeName="executor://mstestadapter/v2" className="VideoOS.Common.Integration.UnitTests.License.LicenseCalculatorTests" name="LicenseCalculationResult_Validate_Null_HardwareName_ConvertsToStringEmpty" />
    </UnitTest>
    <UnitTest name="Encrypt_DataSetHasUnchangedRow_DataSetIsNotChanged" storage="d:\actions-runner\_work\xpco\xpco\corporate\shared\common.integration\tst\videoos.common.integration.unittests\bin\x64\debug\net472\videoos.common.integration.unittests.dll" id="9722fc3f-ffbb-0af0-c32b-f61197bc1583">
      <Execution id="7e131863-6895-4f1a-874f-1067b1a0544b" />
      <TestMethod codeBase="D:\actions-runner\_work\XPCO\XPCO\Corporate\Shared\Common.Integration\tst\VideoOS.Common.Integration.UnitTests\bin\x64\Debug\net472\VideoOS.Common.Integration.UnitTests.dll" adapterTypeName="executor://mstestadapter/v2" className="VideoOS.Common.Integration.UnitTests.Configuration.RecordingStorageTableAdapterTests" name="Encrypt_DataSetHasUnchangedRow_DataSetIsNotChanged" />
    </UnitTest>
    <UnitTest name="DecryptingAVHSPassSystemSetting" storage="d:\actions-runner\_work\xpco\xpco\corporate\shared\common.integration\tst\videoos.common.integration.unittests\bin\x64\debug\net472\videoos.common.integration.unittests.dll" id="9eb2be37-558c-55ad-a2a9-08a837613762">
      <Execution id="f6ab9879-2684-4d72-ade2-74a9a781d6cf" />
      <TestMethod codeBase="D:\actions-runner\_work\XPCO\XPCO\Corporate\Shared\Common.Integration\tst\VideoOS.Common.Integration.UnitTests\bin\x64\Debug\net472\VideoOS.Common.Integration.UnitTests.dll" adapterTypeName="executor://mstestadapter/v2" className="VideoOS.Common.Integration.UnitTests.Configuration.XmlEncryptionHelperTests" name="DecryptingAVHSPassSystemSetting" />
    </UnitTest>
    <UnitTest name="ModelValidation_RequiredPropertiesAreNull_Failed" storage="d:\actions-runner\_work\xpco\xpco\corporate\shared\common.integration\tst\videoos.common.integration.unittests\bin\x64\debug\net472\videoos.common.integration.unittests.dll" id="872126b7-7065-f0ad-f014-e74b736f12f4">
      <Execution id="a8110b42-1649-4c5c-a218-6458c6d15fcb" />
      <TestMethod codeBase="D:\actions-runner\_work\XPCO\XPCO\Corporate\Shared\Common.Integration\tst\VideoOS.Common.Integration.UnitTests\bin\x64\Debug\net472\VideoOS.Common.Integration.UnitTests.dll" adapterTypeName="executor://mstestadapter/v2" className="VideoOS.Common.Integration.UnitTests.WebAPI.Model.PerformFileSystemOperationModelTest" name="ModelValidation_RequiredPropertiesAreNull_Failed" />
    </UnitTest>
    <UnitTest name="GroupConfigurationAddGroupsFourLevels" storage="d:\actions-runner\_work\xpco\xpco\corporate\shared\common.integration\tst\videoos.common.integration.unittests\bin\x64\debug\net472\videoos.common.integration.unittests.dll" id="d776dd0e-1b9f-23c9-6c36-ef24ebd3877e">
      <TestCategory>
        <TestCategoryItem TestCategory="Rules.GroupConfiguration" />
      </TestCategory>
      <Execution id="45e89e02-c57f-4a8d-8117-536e50d6e9fc" />
      <TestMethod codeBase="D:\actions-runner\_work\XPCO\XPCO\Corporate\Shared\Common.Integration\tst\VideoOS.Common.Integration.UnitTests\bin\x64\Debug\net472\VideoOS.Common.Integration.UnitTests.dll" adapterTypeName="executor://mstestadapter/v2" className="VideoOS.Common.Integration.UnitTests.Rules.GroupConfigurationTest" name="GroupConfigurationAddGroupsFourLevels" />
    </UnitTest>
    <UnitTest name="CheckAllMIPFiltersEmptyList2" storage="d:\actions-runner\_work\xpco\xpco\corporate\shared\common.integration\tst\videoos.common.integration.unittests\bin\x64\debug\net472\videoos.common.integration.unittests.dll" id="0de96528-243c-6f64-ebc4-cbed28be2ce4">
      <TestCategory>
        <TestCategoryItem TestCategory="Rules.MIPFilter" />
      </TestCategory>
      <Execution id="ff64fdaf-93e3-4144-9378-a9be98f48d36" />
      <TestMethod codeBase="D:\actions-runner\_work\XPCO\XPCO\Corporate\Shared\Common.Integration\tst\VideoOS.Common.Integration.UnitTests\bin\x64\Debug\net472\VideoOS.Common.Integration.UnitTests.dll" adapterTypeName="executor://mstestadapter/v2" className="VideoOS.Common.Integration.UnitTests.Rules.MIPFilterTest" name="CheckAllMIPFiltersEmptyList2" />
    </UnitTest>
    <UnitTest name="GroupConfigurationHelperAllKinds" storage="d:\actions-runner\_work\xpco\xpco\corporate\shared\common.integration\tst\videoos.common.integration.unittests\bin\x64\debug\net472\videoos.common.integration.unittests.dll" id="4a973728-cdf0-1276-f8b9-506e643591d0">
      <TestCategory>
        <TestCategoryItem TestCategory="Rules.GroupConfiguration" />
      </TestCategory>
      <Execution id="43e12f88-e804-4846-a4cf-3c8cc0b6041b" />
      <TestMethod codeBase="D:\actions-runner\_work\XPCO\XPCO\Corporate\Shared\Common.Integration\tst\VideoOS.Common.Integration.UnitTests\bin\x64\Debug\net472\VideoOS.Common.Integration.UnitTests.dll" adapterTypeName="executor://mstestadapter/v2" className="VideoOS.Common.Integration.UnitTests.Rules.GroupConfigurationHelperTest" name="GroupConfigurationHelperAllKinds" />
    </UnitTest>
    <UnitTest name="SendAsync_AuthenticationExceptionTwice_ThrowUnauthorizationException" storage="d:\actions-runner\_work\xpco\xpco\corporate\shared\common.integration\tst\videoos.common.integration.unittests\bin\x64\debug\net472\videoos.common.integration.unittests.dll" id="c71e2d38-cb5b-8ca7-55c4-ceedb25164fb">
      <Execution id="b16ee14a-68a6-49c4-b116-95055be2669e" />
      <TestMethod codeBase="D:\actions-runner\_work\XPCO\XPCO\Corporate\Shared\Common.Integration\tst\VideoOS.Common.Integration.UnitTests\bin\x64\Debug\net472\VideoOS.Common.Integration.UnitTests.dll" adapterTypeName="executor://mstestadapter/v2" className="VideoOS.Common.Integration.WebApi.HttpClientCommunicatorUnitTests" name="SendAsync_AuthenticationExceptionTwice_ThrowUnauthorizationException" />
    </UnitTest>
    <UnitTest name="PtzPreset_EqualsTo_Change_Description" storage="d:\actions-runner\_work\xpco\xpco\corporate\shared\common.integration\tst\videoos.common.integration.unittests\bin\x64\debug\net472\videoos.common.integration.unittests.dll" id="7b02c11d-a43e-8020-27a3-62cd637782c5">
      <Execution id="6632b13f-d8ce-4f4d-9d2e-54636d0f6ab2" />
      <TestMethod codeBase="D:\actions-runner\_work\XPCO\XPCO\Corporate\Shared\Common.Integration\tst\VideoOS.Common.Integration.UnitTests\bin\x64\Debug\net472\VideoOS.Common.Integration.UnitTests.dll" adapterTypeName="executor://mstestadapter/v2" className="VideoOS.Common.Integration.UnitTests.PtzPresetUnitTests" name="PtzPreset_EqualsTo_Change_Description" />
    </UnitTest>
    <UnitTest name="RecorderInfo_Construct_ValidDevicePackInfo_ConvertsToEmptyString" storage="d:\actions-runner\_work\xpco\xpco\corporate\shared\common.integration\tst\videoos.common.integration.unittests\bin\x64\debug\net472\videoos.common.integration.unittests.dll" id="abf27167-38f9-fa2d-5f0d-d154f5c58e22">
      <Execution id="cae5cfaa-1453-47e1-b314-550186716b5a" />
      <TestMethod codeBase="D:\actions-runner\_work\XPCO\XPCO\Corporate\Shared\Common.Integration\tst\VideoOS.Common.Integration.UnitTests\bin\x64\Debug\net472\VideoOS.Common.Integration.UnitTests.dll" adapterTypeName="executor://mstestadapter/v2" className="VideoOS.Common.Integration.UnitTests.License.RecorderInfoTests" name="RecorderInfo_Construct_ValidDevicePackInfo_ConvertsToEmptyString" />
    </UnitTest>
    <UnitTest name="ServerFileStorage_GetStorage_Success" storage="d:\actions-runner\_work\xpco\xpco\corporate\shared\common.integration\tst\videoos.common.integration.unittests\bin\x64\debug\net472\videoos.common.integration.unittests.dll" id="015dd19c-21b5-8eca-7e11-71cb1016796e">
      <Execution id="4f76935f-9c9a-4aad-b8e5-16f029950005" />
      <TestMethod codeBase="D:\actions-runner\_work\XPCO\XPCO\Corporate\Shared\Common.Integration\tst\VideoOS.Common.Integration.UnitTests\bin\x64\Debug\net472\VideoOS.Common.Integration.UnitTests.dll" adapterTypeName="executor://mstestadapter/v2" className="VideoOS.Common.Integration.UnitTests.ServerFileStorageTests" name="ServerFileStorage_GetStorage_Success" />
    </UnitTest>
    <UnitTest name="LicenseActivationService_AcquireLicense_InternalServerError" storage="d:\actions-runner\_work\xpco\xpco\corporate\shared\common.integration\tst\videoos.common.integration.unittests\bin\x64\debug\net472\videoos.common.integration.unittests.dll" id="119397cd-d70f-a4d1-b4e5-13839acd1c1a">
      <Execution id="7dd07b8a-c024-423c-9016-93fe3e1ab286" />
      <TestMethod codeBase="D:\actions-runner\_work\XPCO\XPCO\Corporate\Shared\Common.Integration\tst\VideoOS.Common.Integration.UnitTests\bin\x64\Debug\net472\VideoOS.Common.Integration.UnitTests.dll" adapterTypeName="executor://mstestadapter/v2" className="VideoOS.Common.Integration.UnitTests.License.LicenseActivationServiceTests" name="LicenseActivationService_AcquireLicense_InternalServerError" />
    </UnitTest>
    <UnitTest name="FeatureManager_GetFeatureParameterValueT_License_Argument_Null" storage="d:\actions-runner\_work\xpco\xpco\corporate\shared\common.integration\tst\videoos.common.integration.unittests\bin\x64\debug\net472\videoos.common.integration.unittests.dll" id="bad4de13-cddb-be38-13c5-dde249a03b22">
      <Execution id="71b874a3-6b89-40a7-8396-717b65b9863f" />
      <TestMethod codeBase="D:\actions-runner\_work\XPCO\XPCO\Corporate\Shared\Common.Integration\tst\VideoOS.Common.Integration.UnitTests\bin\x64\Debug\net472\VideoOS.Common.Integration.UnitTests.dll" adapterTypeName="executor://mstestadapter/v2" className="VideoOS.Common.Integration.UnitTests.License.FeatureManagerTest" name="FeatureManager_GetFeatureParameterValueT_License_Argument_Null" />
    </UnitTest>
    <UnitTest name="ReadChildElementValueAsUInt16_RangeCheck_Min_Exact" storage="d:\actions-runner\_work\xpco\xpco\corporate\shared\common.integration\tst\videoos.common.integration.unittests\bin\x64\debug\net472\videoos.common.integration.unittests.dll" id="7902852e-7786-5519-d653-f451c8845231">
      <Execution id="bc79ab74-f44b-46bc-aafe-d50fe2d84807" />
      <TestMethod codeBase="D:\actions-runner\_work\XPCO\XPCO\Corporate\Shared\Common.Integration\tst\VideoOS.Common.Integration.UnitTests\bin\x64\Debug\net472\VideoOS.Common.Integration.UnitTests.dll" adapterTypeName="executor://mstestadapter/v2" className="VideoOS.Common.Integration.UnitTests.XmlDocumentExtensionsCoreUnitTests" name="ReadChildElementValueAsUInt16_RangeCheck_Min_Exact" />
    </UnitTest>
    <UnitTest name="ServerFileStorageCleanupService_Constructor_NullCheck" storage="d:\actions-runner\_work\xpco\xpco\corporate\shared\common.integration\tst\videoos.common.integration.unittests\bin\x64\debug\net472\videoos.common.integration.unittests.dll" id="965058a9-623e-3f67-ec48-3e2a86175441">
      <Execution id="eefcf831-e765-4f78-876b-a24fc7e999d1" />
      <TestMethod codeBase="D:\actions-runner\_work\XPCO\XPCO\Corporate\Shared\Common.Integration\tst\VideoOS.Common.Integration.UnitTests\bin\x64\Debug\net472\VideoOS.Common.Integration.UnitTests.dll" adapterTypeName="executor://mstestadapter/v2" className="VideoOS.Common.Integration.UnitTests.ServerFileStorageCleanupServiceTests" name="ServerFileStorageCleanupService_Constructor_NullCheck" />
    </UnitTest>
    <UnitTest name="Transform_WithEmptyString" storage="d:\actions-runner\_work\xpco\xpco\corporate\shared\common.integration\tst\videoos.common.integration.unittests\bin\x64\debug\net472\videoos.common.integration.unittests.dll" id="02da98c3-6b97-fec6-2511-2d21eb185318">
      <Execution id="7619db34-d156-430d-9579-3f39443dee47" />
      <TestMethod codeBase="D:\actions-runner\_work\XPCO\XPCO\Corporate\Shared\Common.Integration\tst\VideoOS.Common.Integration.UnitTests\bin\x64\Debug\net472\VideoOS.Common.Integration.UnitTests.dll" adapterTypeName="executor://mstestadapter/v2" className="VideoOS.Common.Integration.UnitTests.Configuration.SettingsXmlTransformerTests" name="Transform_WithEmptyString" />
    </UnitTest>
    <UnitTest name="Constructor_ThrowsException_OnICPHardwareWithNullMacAddress" storage="d:\actions-runner\_work\xpco\xpco\corporate\shared\common.integration\tst\videoos.common.integration.unittests\bin\x64\debug\net472\videoos.common.integration.unittests.dll" id="812f6ac1-20d4-f321-8177-1ceb709dfc3e">
      <TestCategory>
        <TestCategoryItem TestCategory="Licensing" />
      </TestCategory>
      <Execution id="9a0a23c6-192d-46e2-a0a5-c3e440121258" />
      <TestMethod codeBase="D:\actions-runner\_work\XPCO\XPCO\Corporate\Shared\Common.Integration\tst\VideoOS.Common.Integration.UnitTests\bin\x64\Debug\net472\VideoOS.Common.Integration.UnitTests.dll" adapterTypeName="executor://mstestadapter/v2" className="VideoOS.Common.Integration.UnitTests.License.AggregateFeedDictionaryTests" name="Constructor_ThrowsException_OnICPHardwareWithNullMacAddress" />
    </UnitTest>
    <UnitTest name="FeatureManager_FeatureParameterCount_License_Doc_Null" storage="d:\actions-runner\_work\xpco\xpco\corporate\shared\common.integration\tst\videoos.common.integration.unittests\bin\x64\debug\net472\videoos.common.integration.unittests.dll" id="4111eddc-fb22-df8c-e639-2bb95b1b0b8d">
      <Execution id="9af67c39-6b66-4f5f-8ec7-36f3cb3f5716" />
      <TestMethod codeBase="D:\actions-runner\_work\XPCO\XPCO\Corporate\Shared\Common.Integration\tst\VideoOS.Common.Integration.UnitTests\bin\x64\Debug\net472\VideoOS.Common.Integration.UnitTests.dll" adapterTypeName="executor://mstestadapter/v2" className="VideoOS.Common.Integration.UnitTests.License.FeatureManagerTest" name="FeatureManager_FeatureParameterCount_License_Doc_Null" />
    </UnitTest>
    <UnitTest name="IPHardwareBlockCollection_Load_Success" storage="d:\actions-runner\_work\xpco\xpco\corporate\shared\common.integration\tst\videoos.common.integration.unittests\bin\x64\debug\net472\videoos.common.integration.unittests.dll" id="f96482fd-4b5b-b380-26cc-fd8ddcb86a8c">
      <Execution id="292a2e2d-18bf-4531-a4c8-844146b5cb9a" />
      <TestMethod codeBase="D:\actions-runner\_work\XPCO\XPCO\Corporate\Shared\Common.Integration\tst\VideoOS.Common.Integration.UnitTests\bin\x64\Debug\net472\VideoOS.Common.Integration.UnitTests.dll" adapterTypeName="executor://mstestadapter/v2" className="VideoOS.Common.Integration.UnitTests.ConfigurationManager.IPHardwareBlockCollectionUnitTests" name="IPHardwareBlockCollection_Load_Success" />
    </UnitTest>
    <UnitTest name="ToLogEntrySystem_ModelWithNullLogeDefinition_SuccessConvertion" storage="d:\actions-runner\_work\xpco\xpco\corporate\shared\common.integration\tst\videoos.common.integration.unittests\bin\x64\debug\net472\videoos.common.integration.unittests.dll" id="ee685dde-5f9a-e6f7-e183-15368c215b42">
      <Execution id="cc4c8cf9-a94e-4130-b260-d22db31eb87b" />
      <TestMethod codeBase="D:\actions-runner\_work\XPCO\XPCO\Corporate\Shared\Common.Integration\tst\VideoOS.Common.Integration.UnitTests\bin\x64\Debug\net472\VideoOS.Common.Integration.UnitTests.dll" adapterTypeName="executor://mstestadapter/v2" className="VideoOS.Common.Integration.UnitTests.WebAPI.Model.Server.LogEntryModelConverterTest" name="ToLogEntrySystem_ModelWithNullLogeDefinition_SuccessConvertion" />
    </UnitTest>
    <UnitTest name="ReadAttributeAsInt32_SunnyDay" storage="d:\actions-runner\_work\xpco\xpco\corporate\shared\common.integration\tst\videoos.common.integration.unittests\bin\x64\debug\net472\videoos.common.integration.unittests.dll" id="1577e01b-61ec-7648-0156-43516217bda3">
      <Execution id="f027e0cd-2019-4dea-a628-67db05585cb7" />
      <TestMethod codeBase="D:\actions-runner\_work\XPCO\XPCO\Corporate\Shared\Common.Integration\tst\VideoOS.Common.Integration.UnitTests\bin\x64\Debug\net472\VideoOS.Common.Integration.UnitTests.dll" adapterTypeName="executor://mstestadapter/v2" className="VideoOS.Common.Integration.UnitTests.XmlDocumentExtensionsCoreUnitTests" name="ReadAttributeAsInt32_SunnyDay" />
    </UnitTest>
    <UnitTest name="SendAsync_SendFailureException_SendFailureExceptionThrown" storage="d:\actions-runner\_work\xpco\xpco\corporate\shared\common.integration\tst\videoos.common.integration.unittests\bin\x64\debug\net472\videoos.common.integration.unittests.dll" id="f603fb9b-64f5-fdfc-2e4b-31d9c0131a57">
      <Execution id="2771ca55-8f87-4511-966f-3647f9d3bad1" />
      <TestMethod codeBase="D:\actions-runner\_work\XPCO\XPCO\Corporate\Shared\Common.Integration\tst\VideoOS.Common.Integration.UnitTests\bin\x64\Debug\net472\VideoOS.Common.Integration.UnitTests.dll" adapterTypeName="executor://mstestadapter/v2" className="VideoOS.Common.Integration.WebApi.HttpClientCommunicatorUnitTests" name="SendAsync_SendFailureException_SendFailureExceptionThrown" />
    </UnitTest>
    <UnitTest name="Patch_ObjIsNull_ArgumentNullExceptionThrown" storage="d:\actions-runner\_work\xpco\xpco\corporate\shared\common.integration\tst\videoos.common.integration.unittests\bin\x64\debug\net472\videoos.common.integration.unittests.dll" id="6747d954-dbe5-5d84-1544-1f75908b0d8c">
      <Execution id="e9cb8296-e75c-4381-bc29-74de2288ec47" />
      <TestMethod codeBase="D:\actions-runner\_work\XPCO\XPCO\Corporate\Shared\Common.Integration\tst\VideoOS.Common.Integration.UnitTests\bin\x64\Debug\net472\VideoOS.Common.Integration.UnitTests.dll" adapterTypeName="executor://mstestadapter/v2" className="VideoOS.Common.Integration.WebApi.HttpClientCommunicatorUnitTests" name="Patch_ObjIsNull_ArgumentNullExceptionThrown" />
    </UnitTest>
    <UnitTest name="InitializeWithValidILicenseDocument_Success" storage="d:\actions-runner\_work\xpco\xpco\corporate\shared\common.integration\tst\videoos.common.integration.unittests\bin\x64\debug\net472\videoos.common.integration.unittests.dll" id="e1df1135-fb1f-3f72-52ea-c87f692f1872">
      <Execution id="bac44d2c-19cf-4dc6-963b-19a60e60b669" />
      <TestMethod codeBase="D:\actions-runner\_work\XPCO\XPCO\Corporate\Shared\Common.Integration\tst\VideoOS.Common.Integration.UnitTests\bin\x64\Debug\net472\VideoOS.Common.Integration.UnitTests.dll" adapterTypeName="executor://mstestadapter/v2" className="VideoOS.Common.Integration.UnitTests.License.LicenseCalculatorTests" name="InitializeWithValidILicenseDocument_Success" />
    </UnitTest>
    <UnitTest name="StreamsConfiguration_ValidateConfiguration_Two_Streams_Success" storage="d:\actions-runner\_work\xpco\xpco\corporate\shared\common.integration\tst\videoos.common.integration.unittests\bin\x64\debug\net472\videoos.common.integration.unittests.dll" id="d3b1268c-e5c8-9346-28e0-9cc9fcbbeb91">
      <Execution id="e00e5dce-c3cf-433e-8213-30c1c4d421e8" />
      <TestMethod codeBase="D:\actions-runner\_work\XPCO\XPCO\Corporate\Shared\Common.Integration\tst\VideoOS.Common.Integration.UnitTests\bin\x64\Debug\net472\VideoOS.Common.Integration.UnitTests.dll" adapterTypeName="executor://mstestadapter/v2" className="VideoOS.Common.Integration.UnitTests.StreamsConfigurationUnitTests" name="StreamsConfiguration_ValidateConfiguration_Two_Streams_Success" />
    </UnitTest>
    <UnitTest name="BaseHtmlLicenseReport_ContainsUtf8Encoding_Success" storage="d:\actions-runner\_work\xpco\xpco\corporate\shared\common.integration\tst\videoos.common.integration.unittests\bin\x64\debug\net472\videoos.common.integration.unittests.dll" id="5fcb103a-b799-017a-e95c-26acb39f38d9">
      <Execution id="0d841543-a740-43e0-8cb6-d1bc7180a645" />
      <TestMethod codeBase="D:\actions-runner\_work\XPCO\XPCO\Corporate\Shared\Common.Integration\tst\VideoOS.Common.Integration.UnitTests\bin\x64\Debug\net472\VideoOS.Common.Integration.UnitTests.dll" adapterTypeName="executor://mstestadapter/v2" className="VideoOS.Common.Integration.UnitTests.License.BaseHtmlLicenseReportTests" name="BaseHtmlLicenseReport_ContainsUtf8Encoding_Success" />
    </UnitTest>
    <UnitTest name="CreateHttpUri_HttpsDefaultPort_UseDefaultPortFalse_BecomesHttpPort80" storage="d:\actions-runner\_work\xpco\xpco\corporate\shared\common.integration\tst\videoos.common.integration.unittests\bin\x64\debug\net472\videoos.common.integration.unittests.dll" id="57da0f68-7023-b63f-5b58-1dce319ffd16">
      <TestCategory>
        <TestCategoryItem TestCategory="UriHandling" />
      </TestCategory>
      <Execution id="e32c0ed9-fbc6-4670-950e-1c183ac39833" />
      <TestMethod codeBase="D:\actions-runner\_work\XPCO\XPCO\Corporate\Shared\Common.Integration\tst\VideoOS.Common.Integration.UnitTests\bin\x64\Debug\net472\VideoOS.Common.Integration.UnitTests.dll" adapterTypeName="executor://mstestadapter/v2" className="VideoOS.Common.Integration.UnitTests.Communication.UriHandlingUnitTests" name="CreateHttpUri_HttpsDefaultPort_UseDefaultPortFalse_BecomesHttpPort80" />
    </UnitTest>
    <UnitTest name="SendAsync_NameResolutionFailure_EndpointNotFoundCalled" storage="d:\actions-runner\_work\xpco\xpco\corporate\shared\common.integration\tst\videoos.common.integration.unittests\bin\x64\debug\net472\videoos.common.integration.unittests.dll" id="b34ca1d3-d3a1-91f6-b153-ff10cd29e527">
      <Execution id="05b83b0b-bce1-41e0-baf5-c97b1cd2b804" />
      <TestMethod codeBase="D:\actions-runner\_work\XPCO\XPCO\Corporate\Shared\Common.Integration\tst\VideoOS.Common.Integration.UnitTests\bin\x64\Debug\net472\VideoOS.Common.Integration.UnitTests.dll" adapterTypeName="executor://mstestadapter/v2" className="VideoOS.Common.Integration.WebApi.HttpClientCommunicatorUnitTests" name="SendAsync_NameResolutionFailure_EndpointNotFoundCalled" />
    </UnitTest>
    <UnitTest name="RefCountedObjectWrapper_ExecuteCallWithRefCount_And_Dispose_Success" storage="d:\actions-runner\_work\xpco\xpco\corporate\shared\common.integration\tst\videoos.common.integration.unittests\bin\x64\debug\net472\videoos.common.integration.unittests.dll" id="119d30a6-0e89-cfb5-7dfd-1aa7a605ec51">
      <Execution id="3d4515b7-bf22-4e0d-9ad8-9195d0771a73" />
      <TestMethod codeBase="D:\actions-runner\_work\XPCO\XPCO\Corporate\Shared\Common.Integration\tst\VideoOS.Common.Integration.UnitTests\bin\x64\Debug\net472\VideoOS.Common.Integration.UnitTests.dll" adapterTypeName="executor://mstestadapter/v2" className="VideoOS.Common.Integration.UnitTests.Threading.RefCountedObjectWrapperTests" name="RefCountedObjectWrapper_ExecuteCallWithRefCount_And_Dispose_Success" />
    </UnitTest>
    <UnitTest name="Call_HttpPost_InvalidParam_userAgentEmpty_ThrowsArgumentNullException" storage="d:\actions-runner\_work\xpco\xpco\corporate\shared\common.integration\tst\videoos.common.integration.unittests\bin\x64\debug\net472\videoos.common.integration.unittests.dll" id="6173b0ef-554d-8313-a62e-deeee5a97c2a">
      <Execution id="d92daaff-cebc-43c8-b813-b0a95e13f440" />
      <TestMethod codeBase="D:\actions-runner\_work\XPCO\XPCO\Corporate\Shared\Common.Integration\tst\VideoOS.Common.Integration.UnitTests\bin\x64\Debug\net472\VideoOS.Common.Integration.UnitTests.dll" adapterTypeName="executor://mstestadapter/v2" className="VideoOS.Common.Integration.UnitTests.Communication.HttpPostTests" name="Call_HttpPost_InvalidParam_userAgentEmpty_ThrowsArgumentNullException" />
    </UnitTest>
    <UnitTest name="ThreadPoolMessageProcessor_QueueMessageTest" storage="d:\actions-runner\_work\xpco\xpco\corporate\shared\common.integration\tst\videoos.common.integration.unittests\bin\x64\debug\net472\videoos.common.integration.unittests.dll" id="04fd156f-1311-1a60-97f8-b90dfc097408">
      <Execution id="a662fdef-6b14-4501-866e-1071081b4c3d" />
      <TestMethod codeBase="D:\actions-runner\_work\XPCO\XPCO\Corporate\Shared\Common.Integration\tst\VideoOS.Common.Integration.UnitTests\bin\x64\Debug\net472\VideoOS.Common.Integration.UnitTests.dll" adapterTypeName="executor://mstestadapter/v2" className="VideoOS.Common.Integration.UnitTests.MessageProcessing.ThreadPoolMessageProcessorTest" name="ThreadPoolMessageProcessor_QueueMessageTest" />
    </UnitTest>
    <UnitTest name="CertificateSelection2_EqualsOperators_Success" storage="d:\actions-runner\_work\xpco\xpco\corporate\shared\common.integration\tst\videoos.common.integration.unittests\bin\x64\debug\net472\videoos.common.integration.unittests.dll" id="fcce2538-cc0d-3350-5593-ffa92f192a52">
      <Execution id="5c2e8313-c259-452b-adb2-2d1d457d143c" />
      <TestMethod codeBase="D:\actions-runner\_work\XPCO\XPCO\Corporate\Shared\Common.Integration\tst\VideoOS.Common.Integration.UnitTests\bin\x64\Debug\net472\VideoOS.Common.Integration.UnitTests.dll" adapterTypeName="executor://mstestadapter/v2" className="VideoOS.Common.Integration.UnitTests.CertificateHandling.CertificateSelection2Tests" name="CertificateSelection2_EqualsOperators_Success" />
    </UnitTest>
    <UnitTest name="WhiteList_CreateInstanceWithEmptyWhitelistParameter_Succeeds" storage="d:\actions-runner\_work\xpco\xpco\corporate\shared\common.integration\tst\videoos.common.integration.unittests\bin\x64\debug\net472\videoos.common.integration.unittests.dll" id="0cf326ec-a942-7e6a-4f8e-59d880d75079">
      <TestCategory>
        <TestCategoryItem TestCategory="Licensing" />
      </TestCategory>
      <Execution id="a50f7c57-aa4d-4943-a037-4dab030bbdb5" />
      <TestMethod codeBase="D:\actions-runner\_work\XPCO\XPCO\Corporate\Shared\Common.Integration\tst\VideoOS.Common.Integration.UnitTests\bin\x64\Debug\net472\VideoOS.Common.Integration.UnitTests.dll" adapterTypeName="executor://mstestadapter/v2" className="VideoOS.Common.Integration.UnitTests.License.LicenseWhitelistTests" name="WhiteList_CreateInstanceWithEmptyWhitelistParameter_Succeeds" />
    </UnitTest>
    <UnitTest name="Send_CancelToken_ExceptionLoggedAndTimeoutExceptionThrown" storage="d:\actions-runner\_work\xpco\xpco\corporate\shared\common.integration\tst\videoos.common.integration.unittests\bin\x64\debug\net472\videoos.common.integration.unittests.dll" id="523e5d43-c062-2e7b-0404-39bb33ad5c7f">
      <Execution id="080cfdab-25a1-4471-8717-bf2797b7bee0" />
      <TestMethod codeBase="D:\actions-runner\_work\XPCO\XPCO\Corporate\Shared\Common.Integration\tst\VideoOS.Common.Integration.UnitTests\bin\x64\Debug\net472\VideoOS.Common.Integration.UnitTests.dll" adapterTypeName="executor://mstestadapter/v2" className="VideoOS.Common.Integration.WebApi.HttpClientCommunicatorUnitTests" name="Send_CancelToken_ExceptionLoggedAndTimeoutExceptionThrown" />
    </UnitTest>
    <UnitTest name="WarningResponseModel_NoValuesSet_ValidationFailure" storage="d:\actions-runner\_work\xpco\xpco\corporate\shared\common.integration\tst\videoos.common.integration.unittests\bin\x64\debug\net472\videoos.common.integration.unittests.dll" id="a024f1d8-2e1f-2d37-180c-daa8c0b2c5cc">
      <Execution id="7fa2c05e-9dd4-4350-a2b2-0dea5b15d668" />
      <TestMethod codeBase="D:\actions-runner\_work\XPCO\XPCO\Corporate\Shared\Common.Integration\tst\VideoOS.Common.Integration.UnitTests\bin\x64\Debug\net472\VideoOS.Common.Integration.UnitTests.dll" adapterTypeName="executor://mstestadapter/v2" className="VideoOS.Common.Integration.UnitTests.WebApi.Model.WarningResponseModelTest" name="WarningResponseModel_NoValuesSet_ValidationFailure" />
    </UnitTest>
    <UnitTest name="IsValidByteString_Null_Return_False" storage="d:\actions-runner\_work\xpco\xpco\corporate\shared\common.integration\tst\videoos.common.integration.unittests\bin\x64\debug\net472\videoos.common.integration.unittests.dll" id="c098cf84-9443-0f8e-85bc-f2a1606a2c2d">
      <Execution id="32dbce22-a058-4fb2-9faa-1966967edf75" />
      <TestMethod codeBase="D:\actions-runner\_work\XPCO\XPCO\Corporate\Shared\Common.Integration\tst\VideoOS.Common.Integration.UnitTests\bin\x64\Debug\net472\VideoOS.Common.Integration.UnitTests.dll" adapterTypeName="executor://mstestadapter/v2" className="VideoOS.Common.Integration.UnitTests.CertificateHandling.StringByteConversionExtensionsUnitTests" name="IsValidByteString_Null_Return_False" />
    </UnitTest>
    <UnitTest name="ReadIdentitiesFromCache_NoProvider" storage="d:\actions-runner\_work\xpco\xpco\corporate\shared\common.integration\tst\videoos.common.integration.unittests\bin\x64\debug\net472\videoos.common.integration.unittests.dll" id="50f8375d-cf03-8543-6a5d-6378bb0fe5a8">
      <Execution id="b3e86bca-c8c5-4627-8e12-bf625a421ff4" />
      <TestMethod codeBase="D:\actions-runner\_work\XPCO\XPCO\Corporate\Shared\Common.Integration\tst\VideoOS.Common.Integration.UnitTests\bin\x64\Debug\net472\VideoOS.Common.Integration.UnitTests.dll" adapterTypeName="executor://mstestadapter/v2" className="VideoOS.Common.Integration.UnitTests.Caching.SecurityIdentityCacheUnitTests" name="ReadIdentitiesFromCache_NoProvider" />
    </UnitTest>
    <UnitTest name="ServerFileStorage_GetStorage_NullID_ArgumentNullException" storage="d:\actions-runner\_work\xpco\xpco\corporate\shared\common.integration\tst\videoos.common.integration.unittests\bin\x64\debug\net472\videoos.common.integration.unittests.dll" id="ee236025-a3ef-2b65-68c8-7e82408d2c64">
      <Execution id="f7e0f403-e707-4844-8614-204ee96fe9e0" />
      <TestMethod codeBase="D:\actions-runner\_work\XPCO\XPCO\Corporate\Shared\Common.Integration\tst\VideoOS.Common.Integration.UnitTests\bin\x64\Debug\net472\VideoOS.Common.Integration.UnitTests.dll" adapterTypeName="executor://mstestadapter/v2" className="VideoOS.Common.Integration.UnitTests.ServerFileStorageTests" name="ServerFileStorage_GetStorage_NullID_ArgumentNullException" />
    </UnitTest>
    <UnitTest name="FeatureManager_GetFeatureParameterValueT_Null_Value" storage="d:\actions-runner\_work\xpco\xpco\corporate\shared\common.integration\tst\videoos.common.integration.unittests\bin\x64\debug\net472\videoos.common.integration.unittests.dll" id="e1985f8d-0f3a-cdd7-e674-d8456d422db8">
      <Execution id="ada166db-36c7-4b58-9cf6-6cd002a95b67" />
      <TestMethod codeBase="D:\actions-runner\_work\XPCO\XPCO\Corporate\Shared\Common.Integration\tst\VideoOS.Common.Integration.UnitTests\bin\x64\Debug\net472\VideoOS.Common.Integration.UnitTests.dll" adapterTypeName="executor://mstestadapter/v2" className="VideoOS.Common.Integration.UnitTests.License.FeatureManagerTest" name="FeatureManager_GetFeatureParameterValueT_Null_Value" />
    </UnitTest>
    <UnitTest name="ModelValidation_RequiredPropertiesAreNull_Failed" storage="d:\actions-runner\_work\xpco\xpco\corporate\shared\common.integration\tst\videoos.common.integration.unittests\bin\x64\debug\net472\videoos.common.integration.unittests.dll" id="596a5c3c-35ff-af51-fc81-aafd59c18aba">
      <Execution id="b2219fab-fcc0-4246-8848-93840d6a737d" />
      <TestMethod codeBase="D:\actions-runner\_work\XPCO\XPCO\Corporate\Shared\Common.Integration\tst\VideoOS.Common.Integration.UnitTests\bin\x64\Debug\net472\VideoOS.Common.Integration.UnitTests.dll" adapterTypeName="executor://mstestadapter/v2" className="VideoOS.Common.Integration.UnitTests.WebAPI.Model.SetMatriViewModelTest" name="ModelValidation_RequiredPropertiesAreNull_Failed" />
    </UnitTest>
    <UnitTest name="ServerFileStorageQuota_Update_Success" storage="d:\actions-runner\_work\xpco\xpco\corporate\shared\common.integration\tst\videoos.common.integration.unittests\bin\x64\debug\net472\videoos.common.integration.unittests.dll" id="f89bf4b2-037c-cd49-9022-7806b88b5e77">
      <Execution id="66a5d843-99e4-4dab-8a3b-64e93bbfd0af" />
      <TestMethod codeBase="D:\actions-runner\_work\XPCO\XPCO\Corporate\Shared\Common.Integration\tst\VideoOS.Common.Integration.UnitTests\bin\x64\Debug\net472\VideoOS.Common.Integration.UnitTests.dll" adapterTypeName="executor://mstestadapter/v2" className="VideoOS.Common.Integration.UnitTests.ServerFileStorageQuotaTests" name="ServerFileStorageQuota_Update_Success" />
    </UnitTest>
    <UnitTest name="OnActionExecuting_ModelStateValid_NoReponseSet" storage="d:\actions-runner\_work\xpco\xpco\corporate\shared\common.integration\tst\videoos.common.integration.unittests\bin\x64\debug\net472\videoos.common.integration.unittests.dll" id="b9eb7949-9592-5c0d-f17c-cbec8d004d54">
      <Execution id="ab1bafa5-43cd-4327-a042-49730c5b8a3b" />
      <TestMethod codeBase="D:\actions-runner\_work\XPCO\XPCO\Corporate\Shared\Common.Integration\tst\VideoOS.Common.Integration.UnitTests\bin\x64\Debug\net472\VideoOS.Common.Integration.UnitTests.dll" adapterTypeName="executor://mstestadapter/v2" className="VideoOS.Common.Integration.WebApi.ValidateModelAttributeUnitTests" name="OnActionExecuting_ModelStateValid_NoReponseSet" />
    </UnitTest>
    <UnitTest name="ToModelSystem_ValidEntry_SuccessConvertion" storage="d:\actions-runner\_work\xpco\xpco\corporate\shared\common.integration\tst\videoos.common.integration.unittests\bin\x64\debug\net472\videoos.common.integration.unittests.dll" id="7241ecbf-979e-5b9f-7aca-ffdd31253757">
      <Execution id="5b9b2a5a-7325-4fb4-a06b-9bea10aa09d8" />
      <TestMethod codeBase="D:\actions-runner\_work\XPCO\XPCO\Corporate\Shared\Common.Integration\tst\VideoOS.Common.Integration.UnitTests\bin\x64\Debug\net472\VideoOS.Common.Integration.UnitTests.dll" adapterTypeName="executor://mstestadapter/v2" className="VideoOS.Common.Integration.UnitTests.WebAPI.Model.Server.LogEntryModelConverterTest" name="ToModelSystem_ValidEntry_SuccessConvertion" />
    </UnitTest>
    <UnitTest name="MilestoneOemResourcesTest" storage="d:\actions-runner\_work\xpco\xpco\corporate\shared\common.integration\tst\videoos.common.integration.unittests\bin\x64\debug\net472\videoos.common.integration.unittests.dll" id="bcaed945-5486-272f-f6c2-d90b18548e30">
      <Execution id="5b596f67-19e1-4d54-9d1d-b134df6b9013" />
      <TestMethod codeBase="D:\actions-runner\_work\XPCO\XPCO\Corporate\Shared\Common.Integration\tst\VideoOS.Common.Integration.UnitTests\bin\x64\Debug\net472\VideoOS.Common.Integration.UnitTests.dll" adapterTypeName="executor://mstestadapter/v2" className="VideoOS.Common.Integration.UnitTests.OEM.OemResourcesUnitTests" name="MilestoneOemResourcesTest" />
    </UnitTest>
    <UnitTest name="HostedScanParameters_ModificationTest" storage="d:\actions-runner\_work\xpco\xpco\corporate\shared\common.integration\tst\videoos.common.integration.unittests\bin\x64\debug\net472\videoos.common.integration.unittests.dll" id="1860ec70-d6cd-e5e9-2e4e-9d6113556558">
      <Execution id="c07724c8-87ae-4623-91e2-bf18897bfc52" />
      <TestMethod codeBase="D:\actions-runner\_work\XPCO\XPCO\Corporate\Shared\Common.Integration\tst\VideoOS.Common.Integration.UnitTests\bin\x64\Debug\net472\VideoOS.Common.Integration.UnitTests.dll" adapterTypeName="executor://mstestadapter/v2" className="VideoOS.Common.Integration.UnitTests.HostedScanTest" name="HostedScanParameters_ModificationTest" />
    </UnitTest>
    <UnitTest name="Encrypt_DataSetHasUnchangedRow_DataSetIsNotChanged" storage="d:\actions-runner\_work\xpco\xpco\corporate\shared\common.integration\tst\videoos.common.integration.unittests\bin\x64\debug\net472\videoos.common.integration.unittests.dll" id="1bb45ffc-5beb-e45c-2015-6b9c78d2c2d4">
      <Execution id="89eca19c-840c-4073-82d8-18bfbf923de9" />
      <TestMethod codeBase="D:\actions-runner\_work\XPCO\XPCO\Corporate\Shared\Common.Integration\tst\VideoOS.Common.Integration.UnitTests\bin\x64\Debug\net472\VideoOS.Common.Integration.UnitTests.dll" adapterTypeName="executor://mstestadapter/v2" className="VideoOS.Common.Integration.UnitTests.Configuration.HostedHardwareTableAdapterTests" name="Encrypt_DataSetHasUnchangedRow_DataSetIsNotChanged" />
    </UnitTest>
    <UnitTest name="CreateHttpUri_HttpsNonDefaultPort_UseDefaultPortFalse_BecomesHttpPort444" storage="d:\actions-runner\_work\xpco\xpco\corporate\shared\common.integration\tst\videoos.common.integration.unittests\bin\x64\debug\net472\videoos.common.integration.unittests.dll" id="29e6a9e7-3e4a-82f8-8feb-f8a3ab99e351">
      <TestCategory>
        <TestCategoryItem TestCategory="UriHandling" />
      </TestCategory>
      <Execution id="91fbd68a-aaed-4772-989b-06ada22fe742" />
      <TestMethod codeBase="D:\actions-runner\_work\XPCO\XPCO\Corporate\Shared\Common.Integration\tst\VideoOS.Common.Integration.UnitTests\bin\x64\Debug\net472\VideoOS.Common.Integration.UnitTests.dll" adapterTypeName="executor://mstestadapter/v2" className="VideoOS.Common.Integration.UnitTests.Communication.UriHandlingUnitTests" name="CreateHttpUri_HttpsNonDefaultPort_UseDefaultPortFalse_BecomesHttpPort444" />
    </UnitTest>
    <UnitTest name="SendEndPointAndObject_NoError_TaskIsExecutedAndCorrectResponseReceived" storage="d:\actions-runner\_work\xpco\xpco\corporate\shared\common.integration\tst\videoos.common.integration.unittests\bin\x64\debug\net472\videoos.common.integration.unittests.dll" id="cbc248c0-97c2-fbd3-60ae-b667eb2efbc1">
      <Execution id="c08c65f5-65b3-4068-a6fd-183ec662cd3a" />
      <TestMethod codeBase="D:\actions-runner\_work\XPCO\XPCO\Corporate\Shared\Common.Integration\tst\VideoOS.Common.Integration.UnitTests\bin\x64\Debug\net472\VideoOS.Common.Integration.UnitTests.dll" adapterTypeName="executor://mstestadapter/v2" className="VideoOS.Common.Integration.WebApi.HttpClientCommunicatorUnitTests" name="SendEndPointAndObject_NoError_TaskIsExecutedAndCorrectResponseReceived" />
    </UnitTest>
    <UnitTest name="RecurringSchedule_GetFirstScheduleTime_Monthly_Every_3_Months_Every_First_Monday_At_4_00" storage="d:\actions-runner\_work\xpco\xpco\corporate\shared\common.integration\tst\videoos.common.integration.unittests\bin\x64\debug\net472\videoos.common.integration.unittests.dll" id="22bc1016-467b-6a9b-3539-1963215fc44a">
      <Execution id="76694394-dc16-4dff-9a67-107d982f5f5d" />
      <TestMethod codeBase="D:\actions-runner\_work\XPCO\XPCO\Corporate\Shared\Common.Integration\tst\VideoOS.Common.Integration.UnitTests\bin\x64\Debug\net472\VideoOS.Common.Integration.UnitTests.dll" adapterTypeName="executor://mstestadapter/v2" className="VideoOS.Common.Integration.UnitTests.Scheduling.RecurringScheduleTest" name="RecurringSchedule_GetFirstScheduleTime_Monthly_Every_3_Months_Every_First_Monday_At_4_00" />
    </UnitTest>
    <UnitTest name="ModelValidation_NonEmptyGuidsAreEmpty_Failed" storage="d:\actions-runner\_work\xpco\xpco\corporate\shared\common.integration\tst\videoos.common.integration.unittests\bin\x64\debug\net472\videoos.common.integration.unittests.dll" id="dd6e6cd5-84b5-37d5-b1c8-b5d3d0dc803e">
      <Execution id="8b18e393-0149-45aa-be9c-f2f82069da1c" />
      <TestMethod codeBase="D:\actions-runner\_work\XPCO\XPCO\Corporate\Shared\Common.Integration\tst\VideoOS.Common.Integration.UnitTests\bin\x64\Debug\net472\VideoOS.Common.Integration.UnitTests.dll" adapterTypeName="executor://mstestadapter/v2" className="VideoOS.Common.Integration.UnitTests.WebAPI.Model.PerformFileSystemOperationModelTest" name="ModelValidation_NonEmptyGuidsAreEmpty_Failed" />
    </UnitTest>
    <UnitTest name="TestHasFilledCellWithFilledArea" storage="d:\actions-runner\_work\xpco\xpco\corporate\shared\common.integration\tst\videoos.common.integration.unittests\bin\x64\debug\net472\videoos.common.integration.unittests.dll" id="a96c94d8-8a2b-307e-7808-65c30acaafbc">
      <Execution id="87c2ce6c-27e5-46d9-b0e9-e6e19071246b" />
      <TestMethod codeBase="D:\actions-runner\_work\XPCO\XPCO\Corporate\Shared\Common.Integration\tst\VideoOS.Common.Integration.UnitTests\bin\x64\Debug\net472\VideoOS.Common.Integration.UnitTests.dll" adapterTypeName="executor://mstestadapter/v2" className="VideoOS.Common.Integration.UnitTests.Configuration.FillableGridAreaUnitTest" name="TestHasFilledCellWithFilledArea" />
    </UnitTest>
    <UnitTest name="WebApiException_Serialization_DeserializationIsValid" storage="d:\actions-runner\_work\xpco\xpco\corporate\shared\common.integration\tst\videoos.common.integration.unittests\bin\x64\debug\net472\videoos.common.integration.unittests.dll" id="cfea9707-a327-a551-4a0d-1f2c971adbba">
      <Execution id="61ee8a7b-e9de-4465-800d-5429e7b0d09d" />
      <TestMethod codeBase="D:\actions-runner\_work\XPCO\XPCO\Corporate\Shared\Common.Integration\tst\VideoOS.Common.Integration.UnitTests\bin\x64\Debug\net472\VideoOS.Common.Integration.UnitTests.dll" adapterTypeName="executor://mstestadapter/v2" className="VideoOS.Common.Integration.UnitTests.WebAPI.Exceptions.WebApiExceptionTests" name="WebApiException_Serialization_DeserializationIsValid" />
    </UnitTest>
    <UnitTest name="CheckAllMIPFiltersEmptyList1" storage="d:\actions-runner\_work\xpco\xpco\corporate\shared\common.integration\tst\videoos.common.integration.unittests\bin\x64\debug\net472\videoos.common.integration.unittests.dll" id="c89f06c0-b8d3-fea7-b2c3-b6caf473b9d9">
      <TestCategory>
        <TestCategoryItem TestCategory="Rules.MIPFilter" />
      </TestCategory>
      <Execution id="615627ba-a119-4f2e-8d37-eacbce6d7a83" />
      <TestMethod codeBase="D:\actions-runner\_work\XPCO\XPCO\Corporate\Shared\Common.Integration\tst\VideoOS.Common.Integration.UnitTests\bin\x64\Debug\net472\VideoOS.Common.Integration.UnitTests.dll" adapterTypeName="executor://mstestadapter/v2" className="VideoOS.Common.Integration.UnitTests.Rules.MIPFilterTest" name="CheckAllMIPFiltersEmptyList1" />
    </UnitTest>
    <UnitTest name="HardwareInfo_EnabledCameraIndexes_ReturnsEmptyArrayWhenNoEnabledCameras" storage="d:\actions-runner\_work\xpco\xpco\corporate\shared\common.integration\tst\videoos.common.integration.unittests\bin\x64\debug\net472\videoos.common.integration.unittests.dll" id="e3a6b04a-5403-c41f-2de4-763cc43587bb">
      <Execution id="f6928a62-d97f-478c-a1ed-a6c409713142" />
      <TestMethod codeBase="D:\actions-runner\_work\XPCO\XPCO\Corporate\Shared\Common.Integration\tst\VideoOS.Common.Integration.UnitTests\bin\x64\Debug\net472\VideoOS.Common.Integration.UnitTests.dll" adapterTypeName="executor://mstestadapter/v2" className="VideoOS.Common.Integration.UnitTests.License.HardwareInfoTests" name="HardwareInfo_EnabledCameraIndexes_ReturnsEmptyArrayWhenNoEnabledCameras" />
    </UnitTest>
    <UnitTest name="Encrypt_NullCheck" storage="d:\actions-runner\_work\xpco\xpco\corporate\shared\common.integration\tst\videoos.common.integration.unittests\bin\x64\debug\net472\videoos.common.integration.unittests.dll" id="1c33d3a5-e9a8-3b96-fe67-16f2048d3442">
      <Execution id="e74fce53-d13d-4e9f-95f2-9614684dfb14" />
      <TestMethod codeBase="D:\actions-runner\_work\XPCO\XPCO\Corporate\Shared\Common.Integration\tst\VideoOS.Common.Integration.UnitTests\bin\x64\Debug\net472\VideoOS.Common.Integration.UnitTests.dll" adapterTypeName="executor://mstestadapter/v2" className="VideoOS.Common.Integration.UnitTests.Configuration.SettingsXmlTransformerTests" name="Encrypt_NullCheck" />
    </UnitTest>
    <UnitTest name="Transform_XmlWithoutPassword_NoChanges" storage="d:\actions-runner\_work\xpco\xpco\corporate\shared\common.integration\tst\videoos.common.integration.unittests\bin\x64\debug\net472\videoos.common.integration.unittests.dll" id="06d4e42d-cb4c-4c11-b9eb-35069d860df1">
      <Execution id="a54c7a0d-b06b-4cd2-b232-7f65ad2f0118" />
      <TestMethod codeBase="D:\actions-runner\_work\XPCO\XPCO\Corporate\Shared\Common.Integration\tst\VideoOS.Common.Integration.UnitTests\bin\x64\Debug\net472\VideoOS.Common.Integration.UnitTests.dll" adapterTypeName="executor://mstestadapter/v2" className="VideoOS.Common.Integration.UnitTests.Configuration.ConfigurationDataSetEncryption.ActivateLicenseEncryptionTests" name="Transform_XmlWithoutPassword_NoChanges" />
    </UnitTest>
    <UnitTest name="LicenseVersionValidateTest" storage="d:\actions-runner\_work\xpco\xpco\corporate\shared\common.integration\tst\videoos.common.integration.unittests\bin\x64\debug\net472\videoos.common.integration.unittests.dll" id="37f295ea-a71c-767d-60f9-6996f22b64ec">
      <Execution id="ad6901aa-11c8-4c21-80ac-3446245e19fc" />
      <TestMethod codeBase="D:\actions-runner\_work\XPCO\XPCO\Corporate\Shared\Common.Integration\tst\VideoOS.Common.Integration.UnitTests\bin\x64\Debug\net472\VideoOS.Common.Integration.UnitTests.dll" adapterTypeName="executor://mstestadapter/v2" className="VideoOS.Common.Integration.UnitTests.Oem.AProductVersionUnitTest" name="LicenseVersionValidateTest" />
    </UnitTest>
    <UnitTest name="Decrypt_DataSetHasNoRows_DataSetIsNotChanged" storage="d:\actions-runner\_work\xpco\xpco\corporate\shared\common.integration\tst\videoos.common.integration.unittests\bin\x64\debug\net472\videoos.common.integration.unittests.dll" id="f7ddde3a-97ad-c830-9d08-4fc2d71b81a4">
      <Execution id="bc97a5bf-078b-46ae-bfa9-affe4d81dfed" />
      <TestMethod codeBase="D:\actions-runner\_work\XPCO\XPCO\Corporate\Shared\Common.Integration\tst\VideoOS.Common.Integration.UnitTests\bin\x64\Debug\net472\VideoOS.Common.Integration.UnitTests.dll" adapterTypeName="executor://mstestadapter/v2" className="VideoOS.Common.Integration.UnitTests.Configuration.RecordingStorageTableAdapterTests" name="Decrypt_DataSetHasNoRows_DataSetIsNotChanged" />
    </UnitTest>
    <UnitTest name="PtzPreset_EqualsTo_Change_Name" storage="d:\actions-runner\_work\xpco\xpco\corporate\shared\common.integration\tst\videoos.common.integration.unittests\bin\x64\debug\net472\videoos.common.integration.unittests.dll" id="7de47ff0-007e-9cd3-e70d-b83cc5f42838">
      <Execution id="eb12956b-69ba-489b-aaac-92066bb08822" />
      <TestMethod codeBase="D:\actions-runner\_work\XPCO\XPCO\Corporate\Shared\Common.Integration\tst\VideoOS.Common.Integration.UnitTests\bin\x64\Debug\net472\VideoOS.Common.Integration.UnitTests.dll" adapterTypeName="executor://mstestadapter/v2" className="VideoOS.Common.Integration.UnitTests.PtzPresetUnitTests" name="PtzPreset_EqualsTo_Change_Name" />
    </UnitTest>
    <UnitTest name="TestSetRegionWithRadiusThrowsIfRadiusIsInvalid" storage="d:\actions-runner\_work\xpco\xpco\corporate\shared\common.integration\tst\videoos.common.integration.unittests\bin\x64\debug\net472\videoos.common.integration.unittests.dll" id="612755b7-0cdf-3803-c661-b5db677ed1a2">
      <Execution id="7ac1c81e-6d5e-46b0-bf5e-3a886393c753" />
      <TestMethod codeBase="D:\actions-runner\_work\XPCO\XPCO\Corporate\Shared\Common.Integration\tst\VideoOS.Common.Integration.UnitTests\bin\x64\Debug\net472\VideoOS.Common.Integration.UnitTests.dll" adapterTypeName="executor://mstestadapter/v2" className="VideoOS.Common.Integration.UnitTests.Configuration.FillableGridAreaUnitTest" name="TestSetRegionWithRadiusThrowsIfRadiusIsInvalid" />
    </UnitTest>
    <UnitTest name="Transform_NullCheck" storage="d:\actions-runner\_work\xpco\xpco\corporate\shared\common.integration\tst\videoos.common.integration.unittests\bin\x64\debug\net472\videoos.common.integration.unittests.dll" id="b8ef94a9-36d4-29a6-0672-dd15cd97b51f">
      <Execution id="37cd4f5c-541d-4759-b329-e3796c947f3f" />
      <TestMethod codeBase="D:\actions-runner\_work\XPCO\XPCO\Corporate\Shared\Common.Integration\tst\VideoOS.Common.Integration.UnitTests\bin\x64\Debug\net472\VideoOS.Common.Integration.UnitTests.dll" adapterTypeName="executor://mstestadapter/v2" className="VideoOS.Common.Integration.UnitTests.Configuration.SettingsXmlTransformerTests" name="Transform_NullCheck" />
    </UnitTest>
    <UnitTest name="SecurityUserTokensModel_Json_Serialize_Deserialize" storage="d:\actions-runner\_work\xpco\xpco\corporate\shared\common.integration\tst\videoos.common.integration.unittests\bin\x64\debug\net472\videoos.common.integration.unittests.dll" id="6be716f5-8d61-7a08-222c-1b312f108925">
      <Execution id="45b79f27-319c-48bf-9590-ae85d00a95b6" />
      <TestMethod codeBase="D:\actions-runner\_work\XPCO\XPCO\Corporate\Shared\Common.Integration\tst\VideoOS.Common.Integration.UnitTests\bin\x64\Debug\net472\VideoOS.Common.Integration.UnitTests.dll" adapterTypeName="executor://mstestadapter/v2" className="VideoOS.Common.Integration.UnitTests.WebAPI.Model.SecurityUserTokensModelTest" name="SecurityUserTokensModel_Json_Serialize_Deserialize" />
    </UnitTest>
    <UnitTest name="PatchEndpointOnly_EndPointIsNull_ArgumentNullExceptionThrown" storage="d:\actions-runner\_work\xpco\xpco\corporate\shared\common.integration\tst\videoos.common.integration.unittests\bin\x64\debug\net472\videoos.common.integration.unittests.dll" id="a896ce4d-9b37-5a77-3f77-eed614e9f3c5">
      <Execution id="200a084c-1a70-4fb2-967f-4001ec5c368e" />
      <TestMethod codeBase="D:\actions-runner\_work\XPCO\XPCO\Corporate\Shared\Common.Integration\tst\VideoOS.Common.Integration.UnitTests\bin\x64\Debug\net472\VideoOS.Common.Integration.UnitTests.dll" adapterTypeName="executor://mstestadapter/v2" className="VideoOS.Common.Integration.WebApi.HttpClientCommunicatorUnitTests" name="PatchEndpointOnly_EndPointIsNull_ArgumentNullExceptionThrown" />
    </UnitTest>
    <UnitTest name="IsValidByteString_InvalidStrings_Return_False" storage="d:\actions-runner\_work\xpco\xpco\corporate\shared\common.integration\tst\videoos.common.integration.unittests\bin\x64\debug\net472\videoos.common.integration.unittests.dll" id="69f33621-cf63-0045-c6b8-318fe0216f67">
      <Execution id="f0212b48-12c4-46c4-a1cc-39a414751701" />
      <TestMethod codeBase="D:\actions-runner\_work\XPCO\XPCO\Corporate\Shared\Common.Integration\tst\VideoOS.Common.Integration.UnitTests\bin\x64\Debug\net472\VideoOS.Common.Integration.UnitTests.dll" adapterTypeName="executor://mstestadapter/v2" className="VideoOS.Common.Integration.UnitTests.CertificateHandling.StringByteConversionExtensionsUnitTests" name="IsValidByteString_InvalidStrings_Return_False" />
    </UnitTest>
    <UnitTest name="ModelValidation_ValidModel_Success" storage="d:\actions-runner\_work\xpco\xpco\corporate\shared\common.integration\tst\videoos.common.integration.unittests\bin\x64\debug\net472\videoos.common.integration.unittests.dll" id="624965f1-f73b-d58a-ebaa-ff6bad05c7c8">
      <Execution id="bfd5328e-e6ed-477b-9d16-0e6b97cf90fe" />
      <TestMethod codeBase="D:\actions-runner\_work\XPCO\XPCO\Corporate\Shared\Common.Integration\tst\VideoOS.Common.Integration.UnitTests\bin\x64\Debug\net472\VideoOS.Common.Integration.UnitTests.dll" adapterTypeName="executor://mstestadapter/v2" className="VideoOS.Common.Integration.UnitTests.WebAPI.Model.EdgeJobUpdatedModelTest" name="ModelValidation_ValidModel_Success" />
    </UnitTest>
    <UnitTest name="CalculateLicenseRequirements_Device_Whitelisted_HardwareWithMultipleCameraDevicesCountsAsSingleLicenses_ReturnsTrue" storage="d:\actions-runner\_work\xpco\xpco\corporate\shared\common.integration\tst\videoos.common.integration.unittests\bin\x64\debug\net472\videoos.common.integration.unittests.dll" id="a13b6bf9-d8b8-63c1-1b19-02003097a01e">
      <Execution id="741ecd10-081b-4134-95ea-429857e7cc90" />
      <TestMethod codeBase="D:\actions-runner\_work\XPCO\XPCO\Corporate\Shared\Common.Integration\tst\VideoOS.Common.Integration.UnitTests\bin\x64\Debug\net472\VideoOS.Common.Integration.UnitTests.dll" adapterTypeName="executor://mstestadapter/v2" className="VideoOS.Common.Integration.UnitTests.License.LicenseCalculatorTests" name="CalculateLicenseRequirements_Device_Whitelisted_HardwareWithMultipleCameraDevicesCountsAsSingleLicenses_ReturnsTrue" />
    </UnitTest>
    <UnitTest name="CreateHttpsUri_HttpDefaultPort_UsePortNegativeOne_ThrowsArgumentOutOfRangeException" storage="d:\actions-runner\_work\xpco\xpco\corporate\shared\common.integration\tst\videoos.common.integration.unittests\bin\x64\debug\net472\videoos.common.integration.unittests.dll" id="b4fd159a-ccfe-eae2-8457-eea5e622067d">
      <TestCategory>
        <TestCategoryItem TestCategory="UriHandling" />
      </TestCategory>
      <Execution id="4160d0e2-fdfe-49e8-b3f1-18bae08c1a4f" />
      <TestMethod codeBase="D:\actions-runner\_work\XPCO\XPCO\Corporate\Shared\Common.Integration\tst\VideoOS.Common.Integration.UnitTests\bin\x64\Debug\net472\VideoOS.Common.Integration.UnitTests.dll" adapterTypeName="executor://mstestadapter/v2" className="VideoOS.Common.Integration.UnitTests.Communication.UriHandlingUnitTests" name="CreateHttpsUri_HttpDefaultPort_UsePortNegativeOne_ThrowsArgumentOutOfRangeException" />
    </UnitTest>
    <UnitTest name="HardwareInfo_DecodesDriverAndModelNameUpperWithMultipleWeirdSymbols" storage="d:\actions-runner\_work\xpco\xpco\corporate\shared\common.integration\tst\videoos.common.integration.unittests\bin\x64\debug\net472\videoos.common.integration.unittests.dll" id="258db77c-7e84-8e83-ff85-3d70192e066e">
      <Execution id="61c960f9-9d2d-4113-8676-18f47c7f5140" />
      <TestMethod codeBase="D:\actions-runner\_work\XPCO\XPCO\Corporate\Shared\Common.Integration\tst\VideoOS.Common.Integration.UnitTests\bin\x64\Debug\net472\VideoOS.Common.Integration.UnitTests.dll" adapterTypeName="executor://mstestadapter/v2" className="VideoOS.Common.Integration.UnitTests.License.HardwareInfoTests" name="HardwareInfo_DecodesDriverAndModelNameUpperWithMultipleWeirdSymbols" />
    </UnitTest>
    <UnitTest name="LicenseDocument_GetParameterValue_NullFeature" storage="d:\actions-runner\_work\xpco\xpco\corporate\shared\common.integration\tst\videoos.common.integration.unittests\bin\x64\debug\net472\videoos.common.integration.unittests.dll" id="3072cc39-8686-cfc1-23dd-8ecb1be7b8d1">
      <TestCategory>
        <TestCategoryItem TestCategory="LicenseDocumentTest" />
      </TestCategory>
      <Execution id="238e22fe-9872-4389-acaf-beecbb827fa7" />
      <TestMethod codeBase="D:\actions-runner\_work\XPCO\XPCO\Corporate\Shared\Common.Integration\tst\VideoOS.Common.Integration.UnitTests\bin\x64\Debug\net472\VideoOS.Common.Integration.UnitTests.dll" adapterTypeName="executor://mstestadapter/v2" className="VideoOS.Common.Integration.UnitTests.License.LicenseDocumentTests" name="LicenseDocument_GetParameterValue_NullFeature" />
    </UnitTest>
    <UnitTest name="RecurringSchedule_GetNextScheduleTime_Daily_Every_2_Days_Every_Hour_Between_2_00_And_8_00" storage="d:\actions-runner\_work\xpco\xpco\corporate\shared\common.integration\tst\videoos.common.integration.unittests\bin\x64\debug\net472\videoos.common.integration.unittests.dll" id="77ee55d0-8b37-bc1a-f55a-0fa64e918fa2">
      <Execution id="ec31fcbc-45b3-4874-a40d-b3244cfe7d3e" />
      <TestMethod codeBase="D:\actions-runner\_work\XPCO\XPCO\Corporate\Shared\Common.Integration\tst\VideoOS.Common.Integration.UnitTests\bin\x64\Debug\net472\VideoOS.Common.Integration.UnitTests.dll" adapterTypeName="executor://mstestadapter/v2" className="VideoOS.Common.Integration.UnitTests.Scheduling.RecurringScheduleTest" name="RecurringSchedule_GetNextScheduleTime_Daily_Every_2_Days_Every_Hour_Between_2_00_And_8_00" />
    </UnitTest>
    <UnitTest name="LicenseActivationService_AcquireLicense_GenericError" storage="d:\actions-runner\_work\xpco\xpco\corporate\shared\common.integration\tst\videoos.common.integration.unittests\bin\x64\debug\net472\videoos.common.integration.unittests.dll" id="c8ff60b9-9989-9412-d124-69367b7f7153">
      <Execution id="fc0ea815-f664-449f-add6-a5cc339574cc" />
      <TestMethod codeBase="D:\actions-runner\_work\XPCO\XPCO\Corporate\Shared\Common.Integration\tst\VideoOS.Common.Integration.UnitTests\bin\x64\Debug\net472\VideoOS.Common.Integration.UnitTests.dll" adapterTypeName="executor://mstestadapter/v2" className="VideoOS.Common.Integration.UnitTests.License.LicenseActivationServiceTests" name="LicenseActivationService_AcquireLicense_GenericError" />
    </UnitTest>
    <UnitTest name="LogEntryModel_JsonSerializeDesirialize_Success" storage="d:\actions-runner\_work\xpco\xpco\corporate\shared\common.integration\tst\videoos.common.integration.unittests\bin\x64\debug\net472\videoos.common.integration.unittests.dll" id="13bf9995-f3c6-c458-0900-0c1656bf0291">
      <Execution id="d6679018-71a8-4edc-980f-ff38fe5bc4f7" />
      <TestMethod codeBase="D:\actions-runner\_work\XPCO\XPCO\Corporate\Shared\Common.Integration\tst\VideoOS.Common.Integration.UnitTests\bin\x64\Debug\net472\VideoOS.Common.Integration.UnitTests.dll" adapterTypeName="executor://mstestadapter/v2" className="VideoOS.Common.Integration.UnitTests.WebAPI.Model.Server.LogEntryModelTest" name="LogEntryModel_JsonSerializeDesirialize_Success" />
    </UnitTest>
    <UnitTest name="Scheduler_SimpleTaskProcessing" storage="d:\actions-runner\_work\xpco\xpco\corporate\shared\common.integration\tst\videoos.common.integration.unittests\bin\x64\debug\net472\videoos.common.integration.unittests.dll" id="58a3ee17-49dd-8c3e-682d-eab704f23a99">
      <Execution id="c11b5a6a-dc70-4590-a0b4-1e67acdd5d37" />
      <TestMethod codeBase="D:\actions-runner\_work\XPCO\XPCO\Corporate\Shared\Common.Integration\tst\VideoOS.Common.Integration.UnitTests\bin\x64\Debug\net472\VideoOS.Common.Integration.UnitTests.dll" adapterTypeName="executor://mstestadapter/v2" className="VideoOS.Common.Integration.UnitTests.Scheduling.Simple" name="Scheduler_SimpleTaskProcessing" />
    </UnitTest>
    <UnitTest name="ModelValidation_NonEmptyGuidsAreEmpty_Failed" storage="d:\actions-runner\_work\xpco\xpco\corporate\shared\common.integration\tst\videoos.common.integration.unittests\bin\x64\debug\net472\videoos.common.integration.unittests.dll" id="00a25730-d57e-f493-f1c2-5cec897077a1">
      <Execution id="8e3713dc-16be-4fef-bda2-d6b1f5dcfd59" />
      <TestMethod codeBase="D:\actions-runner\_work\XPCO\XPCO\Corporate\Shared\Common.Integration\tst\VideoOS.Common.Integration.UnitTests\bin\x64\Debug\net472\VideoOS.Common.Integration.UnitTests.dll" adapterTypeName="executor://mstestadapter/v2" className="VideoOS.Common.Integration.UnitTests.WebAPI.Model.PtzStopSessionModelTest" name="ModelValidation_NonEmptyGuidsAreEmpty_Failed" />
    </UnitTest>
    <UnitTest name="ReadIdentityFromCache_GetIdentityFromProvider" storage="d:\actions-runner\_work\xpco\xpco\corporate\shared\common.integration\tst\videoos.common.integration.unittests\bin\x64\debug\net472\videoos.common.integration.unittests.dll" id="722b9d2d-ea17-19b7-89c3-539cfe113091">
      <Execution id="87dcc174-e7aa-4242-93c3-8b57d81a2e88" />
      <TestMethod codeBase="D:\actions-runner\_work\XPCO\XPCO\Corporate\Shared\Common.Integration\tst\VideoOS.Common.Integration.UnitTests\bin\x64\Debug\net472\VideoOS.Common.Integration.UnitTests.dll" adapterTypeName="executor://mstestadapter/v2" className="VideoOS.Common.Integration.UnitTests.Caching.SecurityIdentityCacheUnitTests" name="ReadIdentityFromCache_GetIdentityFromProvider" />
    </UnitTest>
    <UnitTest name="LicenseVersionTest" storage="d:\actions-runner\_work\xpco\xpco\corporate\shared\common.integration\tst\videoos.common.integration.unittests\bin\x64\debug\net472\videoos.common.integration.unittests.dll" id="4c7a24a3-31b3-5682-9a84-9c6ad3d3362f">
      <Execution id="b5541c2d-c545-478d-8fbf-16c1c7f4a3bc" />
      <TestMethod codeBase="D:\actions-runner\_work\XPCO\XPCO\Corporate\Shared\Common.Integration\tst\VideoOS.Common.Integration.UnitTests\bin\x64\Debug\net472\VideoOS.Common.Integration.UnitTests.dll" adapterTypeName="executor://mstestadapter/v2" className="VideoOS.Common.Integration.UnitTests.Oem.AProductVersionUnitTest" name="LicenseVersionTest" />
    </UnitTest>
    <UnitTest name="Encrypt_DataSetHasNewRow_DataSetIsEncrypted" storage="d:\actions-runner\_work\xpco\xpco\corporate\shared\common.integration\tst\videoos.common.integration.unittests\bin\x64\debug\net472\videoos.common.integration.unittests.dll" id="95235238-1613-617d-5f3d-927cfdd5d472">
      <Execution id="bff23ede-b9a2-4a8e-bd97-ea99913f6006" />
      <TestMethod codeBase="D:\actions-runner\_work\XPCO\XPCO\Corporate\Shared\Common.Integration\tst\VideoOS.Common.Integration.UnitTests\bin\x64\Debug\net472\VideoOS.Common.Integration.UnitTests.dll" adapterTypeName="executor://mstestadapter/v2" className="VideoOS.Common.Integration.UnitTests.Configuration.HostedHardwareTableAdapterTests" name="Encrypt_DataSetHasNewRow_DataSetIsEncrypted" />
    </UnitTest>
    <UnitTest name="ErrorResponseModel_Validate_Success" storage="d:\actions-runner\_work\xpco\xpco\corporate\shared\common.integration\tst\videoos.common.integration.unittests\bin\x64\debug\net472\videoos.common.integration.unittests.dll" id="687407b3-9e8a-919b-d872-f2d4c561becd">
      <Execution id="c7162bd6-fcc8-4b66-b339-975c95251581" />
      <TestMethod codeBase="D:\actions-runner\_work\XPCO\XPCO\Corporate\Shared\Common.Integration\tst\VideoOS.Common.Integration.UnitTests\bin\x64\Debug\net472\VideoOS.Common.Integration.UnitTests.dll" adapterTypeName="executor://mstestadapter/v2" className="VideoOS.Common.Integration.UnitTests.WebAPI.Model.Server.Responses.ErrorResponseModelTest" name="ErrorResponseModel_Validate_Success" />
    </UnitTest>
    <UnitTest name="CalculateLicenseRequirementsForHardware_HardwareWith5Channels_Returns5ChannelLicenses" storage="d:\actions-runner\_work\xpco\xpco\corporate\shared\common.integration\tst\videoos.common.integration.unittests\bin\x64\debug\net472\videoos.common.integration.unittests.dll" id="2cd99008-7d47-5b1f-bdce-87f1db166022">
      <Execution id="98a4da46-e597-4060-9b99-a240efc72976" />
      <TestMethod codeBase="D:\actions-runner\_work\XPCO\XPCO\Corporate\Shared\Common.Integration\tst\VideoOS.Common.Integration.UnitTests\bin\x64\Debug\net472\VideoOS.Common.Integration.UnitTests.dll" adapterTypeName="executor://mstestadapter/v2" className="VideoOS.Common.Integration.UnitTests.License.LicenseCalculatorTests" name="CalculateLicenseRequirementsForHardware_HardwareWith5Channels_Returns5ChannelLicenses" />
    </UnitTest>
    <UnitTest name="ReadChildElementValueAsBoolean_NameNull" storage="d:\actions-runner\_work\xpco\xpco\corporate\shared\common.integration\tst\videoos.common.integration.unittests\bin\x64\debug\net472\videoos.common.integration.unittests.dll" id="a34e2915-e790-75c7-635d-8d7d921927f2">
      <Execution id="35071232-172e-47b1-914f-bc6485503a13" />
      <TestMethod codeBase="D:\actions-runner\_work\XPCO\XPCO\Corporate\Shared\Common.Integration\tst\VideoOS.Common.Integration.UnitTests\bin\x64\Debug\net472\VideoOS.Common.Integration.UnitTests.dll" adapterTypeName="executor://mstestadapter/v2" className="VideoOS.Common.Integration.UnitTests.XmlDocumentExtensionsCoreUnitTests" name="ReadChildElementValueAsBoolean_NameNull" />
    </UnitTest>
    <UnitTest name="ModelValidation_ValidModel_Success" storage="d:\actions-runner\_work\xpco\xpco\corporate\shared\common.integration\tst\videoos.common.integration.unittests\bin\x64\debug\net472\videoos.common.integration.unittests.dll" id="9b74ad54-ab66-608c-c049-2e485fc905af">
      <Execution id="3c678076-2f8f-4a18-9952-101026597ac6" />
      <TestMethod codeBase="D:\actions-runner\_work\XPCO\XPCO\Corporate\Shared\Common.Integration\tst\VideoOS.Common.Integration.UnitTests\bin\x64\Debug\net472\VideoOS.Common.Integration.UnitTests.dll" adapterTypeName="executor://mstestadapter/v2" className="VideoOS.Common.Integration.UnitTests.WebAPI.Model.UpdateRecorderTaskProgressModelTest" name="ModelValidation_ValidModel_Success" />
    </UnitTest>
    <UnitTest name="GetServerSNMPId_Known" storage="d:\actions-runner\_work\xpco\xpco\corporate\shared\common.integration\tst\videoos.common.integration.unittests\bin\x64\debug\net472\videoos.common.integration.unittests.dll" id="0989f891-5100-4954-a1d3-1b2ec9bc06db">
      <Execution id="b3214f6b-c127-4789-bbc8-7d0b652c79f8" />
      <TestMethod codeBase="D:\actions-runner\_work\XPCO\XPCO\Corporate\Shared\Common.Integration\tst\VideoOS.Common.Integration.UnitTests\bin\x64\Debug\net472\VideoOS.Common.Integration.UnitTests.dll" adapterTypeName="executor://mstestadapter/v2" className="VideoOS.Common.Integration.UnitTests.Definition.Event.BuiltInEventTypesTest" name="GetServerSNMPId_Known" />
    </UnitTest>
    <UnitTest name="TestNumberOfRegions" storage="d:\actions-runner\_work\xpco\xpco\corporate\shared\common.integration\tst\videoos.common.integration.unittests\bin\x64\debug\net472\videoos.common.integration.unittests.dll" id="f7a71bbf-6d87-6510-8ab0-8692465afb95">
      <Execution id="99404d5a-b3b9-465c-bd21-9df90e702a39" />
      <TestMethod codeBase="D:\actions-runner\_work\XPCO\XPCO\Corporate\Shared\Common.Integration\tst\VideoOS.Common.Integration.UnitTests\bin\x64\Debug\net472\VideoOS.Common.Integration.UnitTests.dll" adapterTypeName="executor://mstestadapter/v2" className="VideoOS.Common.Integration.UnitTests.Configuration.FillableGridAreaUnitTest" name="TestNumberOfRegions" />
    </UnitTest>
    <UnitTest name="ModelValidation_RequiredPropertiesAreNull_Failed" storage="d:\actions-runner\_work\xpco\xpco\corporate\shared\common.integration\tst\videoos.common.integration.unittests\bin\x64\debug\net472\videoos.common.integration.unittests.dll" id="1be79a82-4540-d1d8-b0ad-e2dc07743e1c">
      <Execution id="f03b8ae0-bb35-43f2-999a-a69e9680f475" />
      <TestMethod codeBase="D:\actions-runner\_work\XPCO\XPCO\Corporate\Shared\Common.Integration\tst\VideoOS.Common.Integration.UnitTests\bin\x64\Debug\net472\VideoOS.Common.Integration.UnitTests.dll" adapterTypeName="executor://mstestadapter/v2" className="VideoOS.Common.Integration.UnitTests.WebAPI.Model.ReportMediaStatusModelTest" name="ModelValidation_RequiredPropertiesAreNull_Failed" />
    </UnitTest>
    <UnitTest name="CalculateLicenseRequirements_DisabledHardwareDoesNotRequireAChannelLicense_ReturnsTrue" storage="d:\actions-runner\_work\xpco\xpco\corporate\shared\common.integration\tst\videoos.common.integration.unittests\bin\x64\debug\net472\videoos.common.integration.unittests.dll" id="681eba43-864c-06af-d147-aa378bd5c701">
      <Execution id="202648df-67c0-4256-925f-d9e5903a05ee" />
      <TestMethod codeBase="D:\actions-runner\_work\XPCO\XPCO\Corporate\Shared\Common.Integration\tst\VideoOS.Common.Integration.UnitTests\bin\x64\Debug\net472\VideoOS.Common.Integration.UnitTests.dll" adapterTypeName="executor://mstestadapter/v2" className="VideoOS.Common.Integration.UnitTests.License.LicenseCalculatorTests" name="CalculateLicenseRequirements_DisabledHardwareDoesNotRequireAChannelLicense_ReturnsTrue" />
    </UnitTest>
    <UnitTest name="StreamsConfiguration_EnsureLiveDefaultAndRecordTreads_No_DefaultLive_And_Record_First_Selected" storage="d:\actions-runner\_work\xpco\xpco\corporate\shared\common.integration\tst\videoos.common.integration.unittests\bin\x64\debug\net472\videoos.common.integration.unittests.dll" id="9dfaa4dc-9a29-76d9-a18b-04fc15ca41a5">
      <Execution id="abde6788-9a3d-4f92-a999-efd37aa669cc" />
      <TestMethod codeBase="D:\actions-runner\_work\XPCO\XPCO\Corporate\Shared\Common.Integration\tst\VideoOS.Common.Integration.UnitTests\bin\x64\Debug\net472\VideoOS.Common.Integration.UnitTests.dll" adapterTypeName="executor://mstestadapter/v2" className="VideoOS.Common.Integration.UnitTests.StreamsConfigurationUnitTests" name="StreamsConfiguration_EnsureLiveDefaultAndRecordTreads_No_DefaultLive_And_Record_First_Selected" />
    </UnitTest>
    <UnitTest name="ServerFileStorage_CreateStorage_Success" storage="d:\actions-runner\_work\xpco\xpco\corporate\shared\common.integration\tst\videoos.common.integration.unittests\bin\x64\debug\net472\videoos.common.integration.unittests.dll" id="56920c6f-05b9-0634-ff2d-dd90b540c0e9">
      <Execution id="4cbb2acd-2944-48d5-a051-adb3e8a9478a" />
      <TestMethod codeBase="D:\actions-runner\_work\XPCO\XPCO\Corporate\Shared\Common.Integration\tst\VideoOS.Common.Integration.UnitTests\bin\x64\Debug\net472\VideoOS.Common.Integration.UnitTests.dll" adapterTypeName="executor://mstestadapter/v2" className="VideoOS.Common.Integration.UnitTests.ServerFileStorageTests" name="ServerFileStorage_CreateStorage_Success" />
    </UnitTest>
    <UnitTest name="WhiteList_IsDriverWhiteListed_HWWith15CH_GlobalMaxChannelCount16DriverMaxChannelCountInvalid_ReturnsTrue" storage="d:\actions-runner\_work\xpco\xpco\corporate\shared\common.integration\tst\videoos.common.integration.unittests\bin\x64\debug\net472\videoos.common.integration.unittests.dll" id="9521fdd5-f8b0-8814-1019-bcf36ca64483">
      <TestCategory>
        <TestCategoryItem TestCategory="Licensing" />
      </TestCategory>
      <Execution id="c27ba6a4-da2d-41e6-a0aa-bd093561bfe7" />
      <TestMethod codeBase="D:\actions-runner\_work\XPCO\XPCO\Corporate\Shared\Common.Integration\tst\VideoOS.Common.Integration.UnitTests\bin\x64\Debug\net472\VideoOS.Common.Integration.UnitTests.dll" adapterTypeName="executor://mstestadapter/v2" className="VideoOS.Common.Integration.UnitTests.License.LicenseWhitelistTests" name="WhiteList_IsDriverWhiteListed_HWWith15CH_GlobalMaxChannelCount16DriverMaxChannelCountInvalid_ReturnsTrue" />
    </UnitTest>
    <UnitTest name="PtzPresetCollection_Clear_Success" storage="d:\actions-runner\_work\xpco\xpco\corporate\shared\common.integration\tst\videoos.common.integration.unittests\bin\x64\debug\net472\videoos.common.integration.unittests.dll" id="7742f8a4-b524-8418-3e42-94572e58ea85">
      <Execution id="4af9f796-ba98-4a02-aaf2-81e5cc2b0c0d" />
      <TestMethod codeBase="D:\actions-runner\_work\XPCO\XPCO\Corporate\Shared\Common.Integration\tst\VideoOS.Common.Integration.UnitTests\bin\x64\Debug\net472\VideoOS.Common.Integration.UnitTests.dll" adapterTypeName="executor://mstestadapter/v2" className="VideoOS.Common.Integration.UnitTests.PtzPresetCollectionUnitTests" name="PtzPresetCollection_Clear_Success" />
    </UnitTest>
    <UnitTest name="BindToType_BindToAllowedTypesWithNullBinder_NoException" storage="d:\actions-runner\_work\xpco\xpco\corporate\shared\common.integration\tst\videoos.common.integration.unittests\bin\x64\debug\net472\videoos.common.integration.unittests.dll" id="b2a2b311-7a7a-5a2a-97cd-97756f8a6ee7">
      <Execution id="46750f8b-39b8-4f18-9da3-c30d95b6a6e9" />
      <TestMethod codeBase="D:\actions-runner\_work\XPCO\XPCO\Corporate\Shared\Common.Integration\tst\VideoOS.Common.Integration.UnitTests\bin\x64\Debug\net472\VideoOS.Common.Integration.UnitTests.dll" adapterTypeName="executor://mstestadapter/v2" className="VideoOS.Common.Integration.UnitTests.TypeFilteringSerializationBinderUtilityTest" name="BindToType_BindToAllowedTypesWithNullBinder_NoException" />
    </UnitTest>
    <UnitTest name="Construct_LicenseActivationService_NullLogger_ThrowsArgumentNullException" storage="d:\actions-runner\_work\xpco\xpco\corporate\shared\common.integration\tst\videoos.common.integration.unittests\bin\x64\debug\net472\videoos.common.integration.unittests.dll" id="80b3121a-e8ab-643d-3cdf-cd8378f18f5d">
      <Execution id="d41f9ce1-e379-4a91-a0fe-3f375d869d4c" />
      <TestMethod codeBase="D:\actions-runner\_work\XPCO\XPCO\Corporate\Shared\Common.Integration\tst\VideoOS.Common.Integration.UnitTests\bin\x64\Debug\net472\VideoOS.Common.Integration.UnitTests.dll" adapterTypeName="executor://mstestadapter/v2" className="VideoOS.Common.Integration.UnitTests.License.LicenseActivationServiceTests" name="Construct_LicenseActivationService_NullLogger_ThrowsArgumentNullException" />
    </UnitTest>
    <UnitTest name="GetAggregateFeeds_FailsWhen_MacAddressNotInHardwareDictionary" storage="d:\actions-runner\_work\xpco\xpco\corporate\shared\common.integration\tst\videoos.common.integration.unittests\bin\x64\debug\net472\videoos.common.integration.unittests.dll" id="f2149233-5db2-c743-b97a-4f8111db9b32">
      <Execution id="1551fb32-6671-42fd-b8eb-7880f8387711" />
      <TestMethod codeBase="D:\actions-runner\_work\XPCO\XPCO\Corporate\Shared\Common.Integration\tst\VideoOS.Common.Integration.UnitTests\bin\x64\Debug\net472\VideoOS.Common.Integration.UnitTests.dll" adapterTypeName="executor://mstestadapter/v2" className="VideoOS.Common.Integration.UnitTests.License.HardwareDictionaryTests" name="GetAggregateFeeds_FailsWhen_MacAddressNotInHardwareDictionary" />
    </UnitTest>
    <UnitTest name="FeatureInformation_QueryAllLicensedFeatures_ReturnsNull_OnNullLicenseDocument" storage="d:\actions-runner\_work\xpco\xpco\corporate\shared\common.integration\tst\videoos.common.integration.unittests\bin\x64\debug\net472\videoos.common.integration.unittests.dll" id="a3f7055c-e439-7707-6422-a1b93d6e2c45">
      <Execution id="6d3985be-1221-4a90-9311-ce41b3fd3c7d" />
      <TestMethod codeBase="D:\actions-runner\_work\XPCO\XPCO\Corporate\Shared\Common.Integration\tst\VideoOS.Common.Integration.UnitTests\bin\x64\Debug\net472\VideoOS.Common.Integration.UnitTests.dll" adapterTypeName="executor://mstestadapter/v2" className="VideoOS.Common.Integration.UnitTests.License.FeatureInformationTests" name="FeatureInformation_QueryAllLicensedFeatures_ReturnsNull_OnNullLicenseDocument" />
    </UnitTest>
    <UnitTest name="Validate_PopulateGrid_ValidateWarningSvgIcon_Success" storage="d:\actions-runner\_work\xpco\xpco\corporate\shared\common.integration\tst\videoos.common.integration.unittests\bin\x64\debug\net472\videoos.common.integration.unittests.dll" id="f8e45d3c-bc2e-c406-bf26-1412484b3765">
      <Execution id="181d5ba6-9a30-474e-a5f0-cae89258f306" />
      <TestMethod codeBase="D:\actions-runner\_work\XPCO\XPCO\Corporate\Shared\Common.Integration\tst\VideoOS.Common.Integration.UnitTests\bin\x64\Debug\net472\VideoOS.Common.Integration.UnitTests.dll" adapterTypeName="executor://mstestadapter/v2" className="VideoOS.Common.Integration.UnitTests.License.LicenseReportGeneratorTests" name="Validate_PopulateGrid_ValidateWarningSvgIcon_Success" />
    </UnitTest>
    <UnitTest name="ServerFileStorage_Starts_TemporaryCleanupService" storage="d:\actions-runner\_work\xpco\xpco\corporate\shared\common.integration\tst\videoos.common.integration.unittests\bin\x64\debug\net472\videoos.common.integration.unittests.dll" id="1af8c970-9b54-959f-3ed6-d23b016e9ec7">
      <Execution id="aee00c81-b754-4f55-a436-ed1bd947d6ca" />
      <TestMethod codeBase="D:\actions-runner\_work\XPCO\XPCO\Corporate\Shared\Common.Integration\tst\VideoOS.Common.Integration.UnitTests\bin\x64\Debug\net472\VideoOS.Common.Integration.UnitTests.dll" adapterTypeName="executor://mstestadapter/v2" className="VideoOS.Common.Integration.UnitTests.ServerFileStorageTests" name="ServerFileStorage_Starts_TemporaryCleanupService" />
    </UnitTest>
    <UnitTest name="ServiceContainer_GetRequiredService_ServiceNotRegistered_ThrowsInvalidOperationException" storage="d:\actions-runner\_work\xpco\xpco\corporate\shared\common.integration\tst\videoos.common.integration.unittests\bin\x64\debug\net472\videoos.common.integration.unittests.dll" id="39a4f34f-7990-b8b1-f796-816144ab7f6f">
      <TestCategory>
        <TestCategoryItem TestCategory="ServiceContainer" />
      </TestCategory>
      <Execution id="afc45801-9e6b-4b53-b2cd-a60173644a45" />
      <TestMethod codeBase="D:\actions-runner\_work\XPCO\XPCO\Corporate\Shared\Common.Integration\tst\VideoOS.Common.Integration.UnitTests\bin\x64\Debug\net472\VideoOS.Common.Integration.UnitTests.dll" adapterTypeName="executor://mstestadapter/v2" className="VideoOS.Common.Integration.ServiceContainerTests.ServiceContainerUnitTests" name="ServiceContainer_GetRequiredService_ServiceNotRegistered_ThrowsInvalidOperationException" />
    </UnitTest>
    <UnitTest name="CreateHttpsUri_FtpDefaultPort_UseDefaultPortTrue_BecomesHttpsPort443" storage="d:\actions-runner\_work\xpco\xpco\corporate\shared\common.integration\tst\videoos.common.integration.unittests\bin\x64\debug\net472\videoos.common.integration.unittests.dll" id="b3bb629b-5506-468f-c9ec-1ff55314abb1">
      <TestCategory>
        <TestCategoryItem TestCategory="UriHandling" />
      </TestCategory>
      <Execution id="078d8785-9f28-4828-b30b-294cf115aa4a" />
      <TestMethod codeBase="D:\actions-runner\_work\XPCO\XPCO\Corporate\Shared\Common.Integration\tst\VideoOS.Common.Integration.UnitTests\bin\x64\Debug\net472\VideoOS.Common.Integration.UnitTests.dll" adapterTypeName="executor://mstestadapter/v2" className="VideoOS.Common.Integration.UnitTests.Communication.UriHandlingUnitTests" name="CreateHttpsUri_FtpDefaultPort_UseDefaultPortTrue_BecomesHttpsPort443" />
    </UnitTest>
    <UnitTest name="GetChannelLicensenCount_AddNoHardware_ReturnValue" storage="d:\actions-runner\_work\xpco\xpco\corporate\shared\common.integration\tst\videoos.common.integration.unittests\bin\x64\debug\net472\videoos.common.integration.unittests.dll" id="1aaa06b2-2409-0df2-05c0-3c6e890e4f49">
      <Execution id="675fdc33-165f-4471-b578-bc261148dbce" />
      <TestMethod codeBase="D:\actions-runner\_work\XPCO\XPCO\Corporate\Shared\Common.Integration\tst\VideoOS.Common.Integration.UnitTests\bin\x64\Debug\net472\VideoOS.Common.Integration.UnitTests.dll" adapterTypeName="executor://mstestadapter/v2" className="VideoOS.Common.Integration.UnitTests.License.HardwareDictionaryTests" name="GetChannelLicensenCount_AddNoHardware_ReturnValue" />
    </UnitTest>
    <UnitTest name="StreamsConfiguration_CopyConstructor_Success" storage="d:\actions-runner\_work\xpco\xpco\corporate\shared\common.integration\tst\videoos.common.integration.unittests\bin\x64\debug\net472\videoos.common.integration.unittests.dll" id="5843788f-56fb-bff3-2f34-bf3a90125af5">
      <Execution id="63c40cc0-1f15-4918-9a3c-d1c76b063e50" />
      <TestMethod codeBase="D:\actions-runner\_work\XPCO\XPCO\Corporate\Shared\Common.Integration\tst\VideoOS.Common.Integration.UnitTests\bin\x64\Debug\net472\VideoOS.Common.Integration.UnitTests.dll" adapterTypeName="executor://mstestadapter/v2" className="VideoOS.Common.Integration.UnitTests.StreamsConfigurationUnitTests" name="StreamsConfiguration_CopyConstructor_Success" />
    </UnitTest>
    <UnitTest name="Transform_XmlWithPassword_PasswordChanged" storage="d:\actions-runner\_work\xpco\xpco\corporate\shared\common.integration\tst\videoos.common.integration.unittests\bin\x64\debug\net472\videoos.common.integration.unittests.dll" id="b1c2e496-eb63-07be-9962-24e7adb72f7e">
      <Execution id="214e71c0-a93a-4d55-8f81-527426f20f23" />
      <TestMethod codeBase="D:\actions-runner\_work\XPCO\XPCO\Corporate\Shared\Common.Integration\tst\VideoOS.Common.Integration.UnitTests\bin\x64\Debug\net472\VideoOS.Common.Integration.UnitTests.dll" adapterTypeName="executor://mstestadapter/v2" className="VideoOS.Common.Integration.UnitTests.Configuration.ConfigurationDataSetEncryption.HardwareScanEncryptionTests" name="Transform_XmlWithPassword_PasswordChanged" />
    </UnitTest>
    <UnitTest name="LicenseActivationService_AcquireLicense_AccessDenied_MismatchOnSid" storage="d:\actions-runner\_work\xpco\xpco\corporate\shared\common.integration\tst\videoos.common.integration.unittests\bin\x64\debug\net472\videoos.common.integration.unittests.dll" id="d7f27462-6704-d08a-95b8-e99863056ad7">
      <Execution id="09ebc1c3-288d-4b99-8c7d-791e53e8f6bb" />
      <TestMethod codeBase="D:\actions-runner\_work\XPCO\XPCO\Corporate\Shared\Common.Integration\tst\VideoOS.Common.Integration.UnitTests\bin\x64\Debug\net472\VideoOS.Common.Integration.UnitTests.dll" adapterTypeName="executor://mstestadapter/v2" className="VideoOS.Common.Integration.UnitTests.License.LicenseActivationServiceTests" name="LicenseActivationService_AcquireLicense_AccessDenied_MismatchOnSid" />
    </UnitTest>
    <UnitTest name="TokenHandler_CheckToken" storage="d:\actions-runner\_work\xpco\xpco\corporate\shared\common.integration\tst\videoos.common.integration.unittests\bin\x64\debug\net472\videoos.common.integration.unittests.dll" id="819c0979-239a-1bbe-8aec-82c5d15d99c9">
      <Execution id="0bceec45-25ae-4688-9942-d83c85072997" />
      <TestMethod codeBase="D:\actions-runner\_work\XPCO\XPCO\Corporate\Shared\Common.Integration\tst\VideoOS.Common.Integration.UnitTests\bin\x64\Debug\net472\VideoOS.Common.Integration.UnitTests.dll" adapterTypeName="executor://mstestadapter/v2" className="VideoOS.Common.Integration.UnitTests.Security.TokenHandler_UnitTests" name="TokenHandler_CheckToken" />
    </UnitTest>
    <UnitTest name="RegisterRecorderModel_RequiredPropertiesAreNull_Failed" storage="d:\actions-runner\_work\xpco\xpco\corporate\shared\common.integration\tst\videoos.common.integration.unittests\bin\x64\debug\net472\videoos.common.integration.unittests.dll" id="86a673a2-82fc-6064-d36e-b4b615855370">
      <Execution id="4e4582bd-f0cf-4584-bc64-a1d7b41d6087" />
      <TestMethod codeBase="D:\actions-runner\_work\XPCO\XPCO\Corporate\Shared\Common.Integration\tst\VideoOS.Common.Integration.UnitTests\bin\x64\Debug\net472\VideoOS.Common.Integration.UnitTests.dll" adapterTypeName="executor://mstestadapter/v2" className="VideoOS.Common.Integration.UnitTests.WebAPI.Model.Server.RegisterRecorderModelTest" name="RegisterRecorderModel_RequiredPropertiesAreNull_Failed" />
    </UnitTest>
    <UnitTest name="RecorderInfo_Construct_NullDevicePackInfo_ConvertsToEmptyString" storage="d:\actions-runner\_work\xpco\xpco\corporate\shared\common.integration\tst\videoos.common.integration.unittests\bin\x64\debug\net472\videoos.common.integration.unittests.dll" id="a647f8bf-d41a-f3dd-efa0-b9a69b0bb3ad">
      <Execution id="6ed3fd81-0fb6-4e30-841b-7de5b5db5b58" />
      <TestMethod codeBase="D:\actions-runner\_work\XPCO\XPCO\Corporate\Shared\Common.Integration\tst\VideoOS.Common.Integration.UnitTests\bin\x64\Debug\net472\VideoOS.Common.Integration.UnitTests.dll" adapterTypeName="executor://mstestadapter/v2" className="VideoOS.Common.Integration.UnitTests.License.RecorderInfoTests" name="RecorderInfo_Construct_NullDevicePackInfo_ConvertsToEmptyString" />
    </UnitTest>
    <UnitTest name="Test_MemberOf_NoMembers" storage="d:\actions-runner\_work\xpco\xpco\corporate\shared\common.integration\tst\videoos.common.integration.unittests\bin\x64\debug\net472\videoos.common.integration.unittests.dll" id="59310481-64b7-242c-7522-61f64873c88b">
      <Execution id="14c28094-3f7f-4e81-b31f-745c95807852" />
      <TestMethod codeBase="D:\actions-runner\_work\XPCO\XPCO\Corporate\Shared\Common.Integration\tst\VideoOS.Common.Integration.UnitTests\bin\x64\Debug\net472\VideoOS.Common.Integration.UnitTests.dll" adapterTypeName="executor://mstestadapter/v2" className="VideoOS.Common.Integration.UnitTests.Caching.MembershipCacheUnitTest" name="Test_MemberOf_NoMembers" />
    </UnitTest>
    <UnitTest name="Constructor_LoggerIsNull_ArgumentNullExceptionThrown" storage="d:\actions-runner\_work\xpco\xpco\corporate\shared\common.integration\tst\videoos.common.integration.unittests\bin\x64\debug\net472\videoos.common.integration.unittests.dll" id="1e45a251-11ae-6a6c-e845-ac9b0a1e119b">
      <Execution id="decbaa0c-c95a-4d33-bb62-6335defea532" />
      <TestMethod codeBase="D:\actions-runner\_work\XPCO\XPCO\Corporate\Shared\Common.Integration\tst\VideoOS.Common.Integration.UnitTests\bin\x64\Debug\net472\VideoOS.Common.Integration.UnitTests.dll" adapterTypeName="executor://mstestadapter/v2" className="VideoOS.Common.Integration.WebApi.HttpClientCommunicatorUnitTests" name="Constructor_LoggerIsNull_ArgumentNullExceptionThrown" />
    </UnitTest>
    <UnitTest name="WhiteList_IsModelWhiteListed_HWWith17CH_GlobalMaxChannelCount16ModelMaxChannelCountInvalid_ReturnsFalse" storage="d:\actions-runner\_work\xpco\xpco\corporate\shared\common.integration\tst\videoos.common.integration.unittests\bin\x64\debug\net472\videoos.common.integration.unittests.dll" id="f12700ba-8821-f0ba-12ed-2e40c237fae7">
      <TestCategory>
        <TestCategoryItem TestCategory="Licensing" />
      </TestCategory>
      <Execution id="864ab136-3a66-4b13-86e1-54b5ef03a469" />
      <TestMethod codeBase="D:\actions-runner\_work\XPCO\XPCO\Corporate\Shared\Common.Integration\tst\VideoOS.Common.Integration.UnitTests\bin\x64\Debug\net472\VideoOS.Common.Integration.UnitTests.dll" adapterTypeName="executor://mstestadapter/v2" className="VideoOS.Common.Integration.UnitTests.License.LicenseWhitelistTests" name="WhiteList_IsModelWhiteListed_HWWith17CH_GlobalMaxChannelCount16ModelMaxChannelCountInvalid_ReturnsFalse" />
    </UnitTest>
    <UnitTest name="Validate_TotalNumberofMissingDeviceLicenses_Success" storage="d:\actions-runner\_work\xpco\xpco\corporate\shared\common.integration\tst\videoos.common.integration.unittests\bin\x64\debug\net472\videoos.common.integration.unittests.dll" id="773295cc-59cd-d800-77c2-1f2451913471">
      <Execution id="4cb79835-cd23-4c0c-8d72-22e032cc2788" />
      <TestMethod codeBase="D:\actions-runner\_work\XPCO\XPCO\Corporate\Shared\Common.Integration\tst\VideoOS.Common.Integration.UnitTests\bin\x64\Debug\net472\VideoOS.Common.Integration.UnitTests.dll" adapterTypeName="executor://mstestadapter/v2" className="VideoOS.Common.Integration.UnitTests.License.LicenseReportGeneratorTests" name="Validate_TotalNumberofMissingDeviceLicenses_Success" />
    </UnitTest>
    <UnitTest name="CreateInstance_SettingsFileExists_AllowInsecureIsFalse_ReturnsValidInstance" storage="d:\actions-runner\_work\xpco\xpco\corporate\shared\common.integration\tst\videoos.common.integration.unittests\bin\x64\debug\net472\videoos.common.integration.unittests.dll" id="fb8d5c79-58b6-80d1-2a52-920824d60629">
      <Execution id="44c1f908-c3e2-47c0-9757-f59f3ea87b3e" />
      <TestMethod codeBase="D:\actions-runner\_work\XPCO\XPCO\Corporate\Shared\Common.Integration\tst\VideoOS.Common.Integration.UnitTests\bin\x64\Debug\net472\VideoOS.Common.Integration.UnitTests.dll" adapterTypeName="executor://mstestadapter/v2" className="VideoOS.Common.Integration.UnitTests.ServerValidation.LocalUserOptionsTests" name="CreateInstance_SettingsFileExists_AllowInsecureIsFalse_ReturnsValidInstance" />
    </UnitTest>
    <UnitTest name="Construct_RequestContainer_InvalidLicenseRequestNull_ThrowsArgumentNullException" storage="d:\actions-runner\_work\xpco\xpco\corporate\shared\common.integration\tst\videoos.common.integration.unittests\bin\x64\debug\net472\videoos.common.integration.unittests.dll" id="501fdb8a-f92b-d075-e620-623a1ca6057e">
      <Execution id="37838366-b3b8-4272-83df-6e8234d0454e" />
      <TestMethod codeBase="D:\actions-runner\_work\XPCO\XPCO\Corporate\Shared\Common.Integration\tst\VideoOS.Common.Integration.UnitTests\bin\x64\Debug\net472\VideoOS.Common.Integration.UnitTests.dll" adapterTypeName="executor://mstestadapter/v2" className="VideoOS.Common.Integration.UnitTests.License.LicenseContainerTests" name="Construct_RequestContainer_InvalidLicenseRequestNull_ThrowsArgumentNullException" />
    </UnitTest>
    <UnitTest name="SendAsync_ConnectFailure_EndpointNotFoundCalled" storage="d:\actions-runner\_work\xpco\xpco\corporate\shared\common.integration\tst\videoos.common.integration.unittests\bin\x64\debug\net472\videoos.common.integration.unittests.dll" id="b8ba5f7f-17cc-c85b-dce2-63750138edfd">
      <Execution id="b2699532-531d-49e9-ac2e-1493ef9dd73c" />
      <TestMethod codeBase="D:\actions-runner\_work\XPCO\XPCO\Corporate\Shared\Common.Integration\tst\VideoOS.Common.Integration.UnitTests\bin\x64\Debug\net472\VideoOS.Common.Integration.UnitTests.dll" adapterTypeName="executor://mstestadapter/v2" className="VideoOS.Common.Integration.WebApi.HttpClientCommunicatorUnitTests" name="SendAsync_ConnectFailure_EndpointNotFoundCalled" />
    </UnitTest>
    <UnitTest name="Receive_InvalidOperationExceptionThrown_ExceptionLoggedAndDefaultValueReturned" storage="d:\actions-runner\_work\xpco\xpco\corporate\shared\common.integration\tst\videoos.common.integration.unittests\bin\x64\debug\net472\videoos.common.integration.unittests.dll" id="9e32d489-1b7f-4162-4f60-2c6c32595e74">
      <Execution id="ea1e8e9d-32ee-4ce1-a0ab-03e25c04a2f8" />
      <TestMethod codeBase="D:\actions-runner\_work\XPCO\XPCO\Corporate\Shared\Common.Integration\tst\VideoOS.Common.Integration.UnitTests\bin\x64\Debug\net472\VideoOS.Common.Integration.UnitTests.dll" adapterTypeName="executor://mstestadapter/v2" className="VideoOS.Common.Integration.WebApi.HttpClientCommunicatorUnitTests" name="Receive_InvalidOperationExceptionThrown_ExceptionLoggedAndDefaultValueReturned" />
    </UnitTest>
    <UnitTest name="ModelValidation_RequiredPropertiesAreNull_Failed" storage="d:\actions-runner\_work\xpco\xpco\corporate\shared\common.integration\tst\videoos.common.integration.unittests\bin\x64\debug\net472\videoos.common.integration.unittests.dll" id="f30d8614-f626-043b-8455-905f5ace7fbe">
      <Execution id="a6208166-e52b-460e-9f96-30b31c66ac25" />
      <TestMethod codeBase="D:\actions-runner\_work\XPCO\XPCO\Corporate\Shared\Common.Integration\tst\VideoOS.Common.Integration.UnitTests\bin\x64\Debug\net472\VideoOS.Common.Integration.UnitTests.dll" adapterTypeName="executor://mstestadapter/v2" className="VideoOS.Common.Integration.UnitTests.WebAPI.Model.VideoWallModelTest" name="ModelValidation_RequiredPropertiesAreNull_Failed" />
    </UnitTest>
    <UnitTest name="DataSetUtility_UpdateLastModified_UnnamedDataSet_DevicePrivacyMask_LastModified_Changed" storage="d:\actions-runner\_work\xpco\xpco\corporate\shared\common.integration\tst\videoos.common.integration.unittests\bin\x64\debug\net472\videoos.common.integration.unittests.dll" id="be8725ff-af8f-b1a5-1ead-818d159b9d06">
      <Execution id="659cd399-438b-4c18-870d-94ca73279d8a" />
      <TestMethod codeBase="D:\actions-runner\_work\XPCO\XPCO\Corporate\Shared\Common.Integration\tst\VideoOS.Common.Integration.UnitTests\bin\x64\Debug\net472\VideoOS.Common.Integration.UnitTests.dll" adapterTypeName="executor://mstestadapter/v2" className="VideoOS.Common.Integration.UnitTests.DataSetUtilityUnitTests" name="DataSetUtility_UpdateLastModified_UnnamedDataSet_DevicePrivacyMask_LastModified_Changed" />
    </UnitTest>
    <UnitTest name="RecurringSchedule_GetNextScheduleTime_Weekly_Every_2nd_Tuesday_At_4_00" storage="d:\actions-runner\_work\xpco\xpco\corporate\shared\common.integration\tst\videoos.common.integration.unittests\bin\x64\debug\net472\videoos.common.integration.unittests.dll" id="7f415fe9-f2f4-e9a4-723c-4302acb7f4e5">
      <Execution id="38d128ac-bb7f-4ce3-ab5f-f60004034d01" />
      <TestMethod codeBase="D:\actions-runner\_work\XPCO\XPCO\Corporate\Shared\Common.Integration\tst\VideoOS.Common.Integration.UnitTests\bin\x64\Debug\net472\VideoOS.Common.Integration.UnitTests.dll" adapterTypeName="executor://mstestadapter/v2" className="VideoOS.Common.Integration.UnitTests.Scheduling.RecurringScheduleTest" name="RecurringSchedule_GetNextScheduleTime_Weekly_Every_2nd_Tuesday_At_4_00" />
    </UnitTest>
    <UnitTest name="CustomLicenseType_FeatureFlagPresentDriversPresentEnabledHardwareManyActiveCamerasExceedingLimit" storage="d:\actions-runner\_work\xpco\xpco\corporate\shared\common.integration\tst\videoos.common.integration.unittests\bin\x64\debug\net472\videoos.common.integration.unittests.dll" id="ce5ea23f-2354-3b05-4b07-af77ca28be84">
      <TestCategory>
        <TestCategoryItem TestCategory="CustomLicenseTypeTest" />
      </TestCategory>
      <Execution id="282b5e1a-31d7-4f55-b4ec-c4a031f68247" />
      <TestMethod codeBase="D:\actions-runner\_work\XPCO\XPCO\Corporate\Shared\Common.Integration\tst\VideoOS.Common.Integration.UnitTests\bin\x64\Debug\net472\VideoOS.Common.Integration.UnitTests.dll" adapterTypeName="executor://mstestadapter/v2" className="VideoOS.Common.Integration.UnitTests.License.CustomLicenseTypeTests" name="CustomLicenseType_FeatureFlagPresentDriversPresentEnabledHardwareManyActiveCamerasExceedingLimit" />
    </UnitTest>
    <UnitTest name="Decrypt_DataSetIsNull_ThrowsArgumentNullException" storage="d:\actions-runner\_work\xpco\xpco\corporate\shared\common.integration\tst\videoos.common.integration.unittests\bin\x64\debug\net472\videoos.common.integration.unittests.dll" id="ddf293a3-38e0-7a52-5485-6c7fa59ccec3">
      <Execution id="4e2a62c6-64b9-48c4-8d59-a9a3977f858e" />
      <TestMethod codeBase="D:\actions-runner\_work\XPCO\XPCO\Corporate\Shared\Common.Integration\tst\VideoOS.Common.Integration.UnitTests\bin\x64\Debug\net472\VideoOS.Common.Integration.UnitTests.dll" adapterTypeName="executor://mstestadapter/v2" className="VideoOS.Common.Integration.UnitTests.Configuration.HostedHardwareTableAdapterTests" name="Decrypt_DataSetIsNull_ThrowsArgumentNullException" />
    </UnitTest>
    <UnitTest name="IPHardwareBlockCollection_Ctor_ConfigurationManager_Null_Throws_ArgumentNullException" storage="d:\actions-runner\_work\xpco\xpco\corporate\shared\common.integration\tst\videoos.common.integration.unittests\bin\x64\debug\net472\videoos.common.integration.unittests.dll" id="e44dbd48-1fa2-94e7-65f8-2d11a07a499e">
      <Execution id="d7035574-7e40-4ee0-a917-928b979519f7" />
      <TestMethod codeBase="D:\actions-runner\_work\XPCO\XPCO\Corporate\Shared\Common.Integration\tst\VideoOS.Common.Integration.UnitTests\bin\x64\Debug\net472\VideoOS.Common.Integration.UnitTests.dll" adapterTypeName="executor://mstestadapter/v2" className="VideoOS.Common.Integration.UnitTests.ConfigurationManager.IPHardwareBlockCollectionUnitTests" name="IPHardwareBlockCollection_Ctor_ConfigurationManager_Null_Throws_ArgumentNullException" />
    </UnitTest>
    <UnitTest name="Constructor_ThrowsException_OnNonICPHardwareWithNullMacAddress" storage="d:\actions-runner\_work\xpco\xpco\corporate\shared\common.integration\tst\videoos.common.integration.unittests\bin\x64\debug\net472\videoos.common.integration.unittests.dll" id="5a5472e0-863f-8bcc-020c-c51996b4074b">
      <TestCategory>
        <TestCategoryItem TestCategory="Licensing" />
      </TestCategory>
      <Execution id="31a9460f-c5ef-4a69-9726-7423b3b41b76" />
      <TestMethod codeBase="D:\actions-runner\_work\XPCO\XPCO\Corporate\Shared\Common.Integration\tst\VideoOS.Common.Integration.UnitTests\bin\x64\Debug\net472\VideoOS.Common.Integration.UnitTests.dll" adapterTypeName="executor://mstestadapter/v2" className="VideoOS.Common.Integration.UnitTests.License.AggregateFeedDictionaryTests" name="Constructor_ThrowsException_OnNonICPHardwareWithNullMacAddress" />
    </UnitTest>
    <UnitTest name="IPHardwareBlockCollection_Remove_Null_Throws_ArgumentNullException" storage="d:\actions-runner\_work\xpco\xpco\corporate\shared\common.integration\tst\videoos.common.integration.unittests\bin\x64\debug\net472\videoos.common.integration.unittests.dll" id="08b9aa2a-4c76-ae65-2ac2-b475d0e3b070">
      <Execution id="e99dd70a-a4de-4796-a645-22d9c2146f0c" />
      <TestMethod codeBase="D:\actions-runner\_work\XPCO\XPCO\Corporate\Shared\Common.Integration\tst\VideoOS.Common.Integration.UnitTests\bin\x64\Debug\net472\VideoOS.Common.Integration.UnitTests.dll" adapterTypeName="executor://mstestadapter/v2" className="VideoOS.Common.Integration.UnitTests.ConfigurationManager.IPHardwareBlockCollectionUnitTests" name="IPHardwareBlockCollection_Remove_Null_Throws_ArgumentNullException" />
    </UnitTest>
    <UnitTest name="Test_IsMemeber_Simple2Branched" storage="d:\actions-runner\_work\xpco\xpco\corporate\shared\common.integration\tst\videoos.common.integration.unittests\bin\x64\debug\net472\videoos.common.integration.unittests.dll" id="9677838f-755f-92eb-b624-4016402ab1a7">
      <Execution id="d8be7017-74f2-463b-aa31-818393266197" />
      <TestMethod codeBase="D:\actions-runner\_work\XPCO\XPCO\Corporate\Shared\Common.Integration\tst\VideoOS.Common.Integration.UnitTests\bin\x64\Debug\net472\VideoOS.Common.Integration.UnitTests.dll" adapterTypeName="executor://mstestadapter/v2" className="VideoOS.Common.Integration.UnitTests.Caching.MembershipCacheUnitTest" name="Test_IsMemeber_Simple2Branched" />
    </UnitTest>
    <UnitTest name="EventMetadataTimestampParsesMillisecondsCorrectly" storage="d:\actions-runner\_work\xpco\xpco\corporate\shared\common.integration\tst\videoos.common.integration.unittests\bin\x64\debug\net472\videoos.common.integration.unittests.dll" id="b5fe4d80-a771-d795-9cf5-4a66a567f080">
      <Execution id="fa27c564-48d8-4ad0-ad6d-8b028d6c7469" />
      <TestMethod codeBase="D:\actions-runner\_work\XPCO\XPCO\Corporate\Shared\Common.Integration\tst\VideoOS.Common.Integration.UnitTests\bin\x64\Debug\net472\VideoOS.Common.Integration.UnitTests.dll" adapterTypeName="executor://mstestadapter/v2" className="VideoOS.Common.Integration.UnitTests.Rules.RuleEventsTests" name="EventMetadataTimestampParsesMillisecondsCorrectly" />
    </UnitTest>
    <UnitTest name="TestMergeGridAreaWithNullAndValidArea" storage="d:\actions-runner\_work\xpco\xpco\corporate\shared\common.integration\tst\videoos.common.integration.unittests\bin\x64\debug\net472\videoos.common.integration.unittests.dll" id="de5f04a0-a300-b1b7-cb67-889e5c76d83e">
      <Execution id="6cfe9d0e-c301-49a7-951f-277a4dadc7c0" />
      <TestMethod codeBase="D:\actions-runner\_work\XPCO\XPCO\Corporate\Shared\Common.Integration\tst\VideoOS.Common.Integration.UnitTests\bin\x64\Debug\net472\VideoOS.Common.Integration.UnitTests.dll" adapterTypeName="executor://mstestadapter/v2" className="VideoOS.Common.Integration.UnitTests.Configuration.FillableGridAreaUnitTest" name="TestMergeGridAreaWithNullAndValidArea" />
    </UnitTest>
    <UnitTest name="TestSetRegionFillsTheRegionsWithClearingRegions" storage="d:\actions-runner\_work\xpco\xpco\corporate\shared\common.integration\tst\videoos.common.integration.unittests\bin\x64\debug\net472\videoos.common.integration.unittests.dll" id="6dba7c0b-047f-50dc-25ca-dca8e07fa880">
      <Execution id="380fa2ab-ed43-4736-82c3-8af10c2bfd8b" />
      <TestMethod codeBase="D:\actions-runner\_work\XPCO\XPCO\Corporate\Shared\Common.Integration\tst\VideoOS.Common.Integration.UnitTests\bin\x64\Debug\net472\VideoOS.Common.Integration.UnitTests.dll" adapterTypeName="executor://mstestadapter/v2" className="VideoOS.Common.Integration.UnitTests.Configuration.FillableGridAreaUnitTest" name="TestSetRegionFillsTheRegionsWithClearingRegions" />
    </UnitTest>
    <UnitTest name="WhiteList_CreateInstanceWithNullParameter_RaisesArgumentNullException" storage="d:\actions-runner\_work\xpco\xpco\corporate\shared\common.integration\tst\videoos.common.integration.unittests\bin\x64\debug\net472\videoos.common.integration.unittests.dll" id="af370423-aaa2-ce39-e12e-b8481c147bd5">
      <TestCategory>
        <TestCategoryItem TestCategory="Licensing" />
      </TestCategory>
      <Execution id="8a173964-09ea-4494-8916-376300df4efe" />
      <TestMethod codeBase="D:\actions-runner\_work\XPCO\XPCO\Corporate\Shared\Common.Integration\tst\VideoOS.Common.Integration.UnitTests\bin\x64\Debug\net472\VideoOS.Common.Integration.UnitTests.dll" adapterTypeName="executor://mstestadapter/v2" className="VideoOS.Common.Integration.UnitTests.License.LicenseWhitelistTests" name="WhiteList_CreateInstanceWithNullParameter_RaisesArgumentNullException" />
    </UnitTest>
    <UnitTest name="ReadIdentitiesFromCache_NullInSidArray" storage="d:\actions-runner\_work\xpco\xpco\corporate\shared\common.integration\tst\videoos.common.integration.unittests\bin\x64\debug\net472\videoos.common.integration.unittests.dll" id="720ad9f3-d678-fa3e-4723-3c4456aab4c4">
      <Execution id="f0f461cb-a31f-4316-b401-4381320da382" />
      <TestMethod codeBase="D:\actions-runner\_work\XPCO\XPCO\Corporate\Shared\Common.Integration\tst\VideoOS.Common.Integration.UnitTests\bin\x64\Debug\net472\VideoOS.Common.Integration.UnitTests.dll" adapterTypeName="executor://mstestadapter/v2" className="VideoOS.Common.Integration.UnitTests.Caching.SecurityIdentityCacheUnitTests" name="ReadIdentitiesFromCache_NullInSidArray" />
    </UnitTest>
    <UnitTest name="RefCountedObjectWrapper_ExecuteCallWithRefCount_InstanceIsDisposed_ObjectDeadException" storage="d:\actions-runner\_work\xpco\xpco\corporate\shared\common.integration\tst\videoos.common.integration.unittests\bin\x64\debug\net472\videoos.common.integration.unittests.dll" id="15ce45c8-1c40-ad16-f9e1-9bd9c36f7d92">
      <Execution id="4a02f101-c4c1-4370-8d44-7f70d9c75ca7" />
      <TestMethod codeBase="D:\actions-runner\_work\XPCO\XPCO\Corporate\Shared\Common.Integration\tst\VideoOS.Common.Integration.UnitTests\bin\x64\Debug\net472\VideoOS.Common.Integration.UnitTests.dll" adapterTypeName="executor://mstestadapter/v2" className="VideoOS.Common.Integration.UnitTests.Threading.RefCountedObjectWrapperTests" name="RefCountedObjectWrapper_ExecuteCallWithRefCount_InstanceIsDisposed_ObjectDeadException" />
    </UnitTest>
    <UnitTest name="HardwareInfo_EnabledCameraIndexes_ReturnsCorrectIndexes" storage="d:\actions-runner\_work\xpco\xpco\corporate\shared\common.integration\tst\videoos.common.integration.unittests\bin\x64\debug\net472\videoos.common.integration.unittests.dll" id="1887b46f-da52-8372-d2fc-a27d60c83f34">
      <Execution id="b1b38642-f586-4026-bf86-492891806b5c" />
      <TestMethod codeBase="D:\actions-runner\_work\XPCO\XPCO\Corporate\Shared\Common.Integration\tst\VideoOS.Common.Integration.UnitTests\bin\x64\Debug\net472\VideoOS.Common.Integration.UnitTests.dll" adapterTypeName="executor://mstestadapter/v2" className="VideoOS.Common.Integration.UnitTests.License.HardwareInfoTests" name="HardwareInfo_EnabledCameraIndexes_ReturnsCorrectIndexes" />
    </UnitTest>
    <UnitTest name="HardwareInfo_DriverNumberRemembered_Success" storage="d:\actions-runner\_work\xpco\xpco\corporate\shared\common.integration\tst\videoos.common.integration.unittests\bin\x64\debug\net472\videoos.common.integration.unittests.dll" id="4289ec90-7f3b-b6e9-b992-b3870017d468">
      <Execution id="90cc28de-0c25-48cc-ba2b-d3479218bd97" />
      <TestMethod codeBase="D:\actions-runner\_work\XPCO\XPCO\Corporate\Shared\Common.Integration\tst\VideoOS.Common.Integration.UnitTests\bin\x64\Debug\net472\VideoOS.Common.Integration.UnitTests.dll" adapterTypeName="executor://mstestadapter/v2" className="VideoOS.Common.Integration.UnitTests.License.HardwareInfoTests" name="HardwareInfo_DriverNumberRemembered_Success" />
    </UnitTest>
    <UnitTest name="DatabaseResponseArchiveInformationModel_NoValuesSet_ValidationFailure" storage="d:\actions-runner\_work\xpco\xpco\corporate\shared\common.integration\tst\videoos.common.integration.unittests\bin\x64\debug\net472\videoos.common.integration.unittests.dll" id="5a17ed4c-ed1a-0df1-6542-c562df563b89">
      <Execution id="769a6a42-255f-4bd8-bd61-1addd3f5d370" />
      <TestMethod codeBase="D:\actions-runner\_work\XPCO\XPCO\Corporate\Shared\Common.Integration\tst\VideoOS.Common.Integration.UnitTests\bin\x64\Debug\net472\VideoOS.Common.Integration.UnitTests.dll" adapterTypeName="executor://mstestadapter/v2" className="VideoOS.Common.Integration.UnitTests.WebApi.Model.DatabaseResponseModelTest" name="DatabaseResponseArchiveInformationModel_NoValuesSet_ValidationFailure" />
    </UnitTest>
    <UnitTest name="HttpClientCommunicatorWrapper_PatchTObj_Success" storage="d:\actions-runner\_work\xpco\xpco\corporate\shared\common.integration\tst\videoos.common.integration.unittests\bin\x64\debug\net472\videoos.common.integration.unittests.dll" id="5406fb6b-8719-5ec0-fd3a-9d1d45929e4f">
      <Execution id="ccc6a8a4-6d29-4728-8e0f-90d84d9ae620" />
      <TestMethod codeBase="D:\actions-runner\_work\XPCO\XPCO\Corporate\Shared\Common.Integration\tst\VideoOS.Common.Integration.UnitTests\bin\x64\Debug\net472\VideoOS.Common.Integration.UnitTests.dll" adapterTypeName="executor://mstestadapter/v2" className="VideoOS.Common.Integration.UnitTests.WebAPI.HttpClientCommunicatorWrapperTests" name="HttpClientCommunicatorWrapper_PatchTObj_Success" />
    </UnitTest>
    <UnitTest name="BoolResponseModel_NoValuesSet_ValidationFailure" storage="d:\actions-runner\_work\xpco\xpco\corporate\shared\common.integration\tst\videoos.common.integration.unittests\bin\x64\debug\net472\videoos.common.integration.unittests.dll" id="1ec38645-b6f6-9972-e956-d407b17fc86e">
      <Execution id="5cb7f463-8d44-4cb7-956d-42a49c693895" />
      <TestMethod codeBase="D:\actions-runner\_work\XPCO\XPCO\Corporate\Shared\Common.Integration\tst\VideoOS.Common.Integration.UnitTests\bin\x64\Debug\net472\VideoOS.Common.Integration.UnitTests.dll" adapterTypeName="executor://mstestadapter/v2" className="VideoOS.Common.Integration.UnitTests.WebAPI.Model.Server.Responses.BoolResponseModelTest" name="BoolResponseModel_NoValuesSet_ValidationFailure" />
    </UnitTest>
    <UnitTest name="TestMergeGridAreaWithValidAreasFirstIsLarger" storage="d:\actions-runner\_work\xpco\xpco\corporate\shared\common.integration\tst\videoos.common.integration.unittests\bin\x64\debug\net472\videoos.common.integration.unittests.dll" id="26272422-d4f8-7037-4e23-a6928ea25dc4">
      <Execution id="d114756a-77e9-4c11-b348-65158fb09b43" />
      <TestMethod codeBase="D:\actions-runner\_work\XPCO\XPCO\Corporate\Shared\Common.Integration\tst\VideoOS.Common.Integration.UnitTests\bin\x64\Debug\net472\VideoOS.Common.Integration.UnitTests.dll" adapterTypeName="executor://mstestadapter/v2" className="VideoOS.Common.Integration.UnitTests.Configuration.FillableGridAreaUnitTest" name="TestMergeGridAreaWithValidAreasFirstIsLarger" />
    </UnitTest>
    <UnitTest name="Mac_Address_Empty_Test_False_1" storage="d:\actions-runner\_work\xpco\xpco\corporate\shared\common.integration\tst\videoos.common.integration.unittests\bin\x64\debug\net472\videoos.common.integration.unittests.dll" id="9d35c45f-30de-9629-1760-ce591fc77afc">
      <Execution id="81a77d77-9ee8-473a-b4b0-ac0aa6b50cfb" />
      <TestMethod codeBase="D:\actions-runner\_work\XPCO\XPCO\Corporate\Shared\Common.Integration\tst\VideoOS.Common.Integration.UnitTests\bin\x64\Debug\net472\VideoOS.Common.Integration.UnitTests.dll" adapterTypeName="executor://mstestadapter/v2" className="VideoOS.Common.Integration.UnitTests.License.MacAddressUtilitiesTest" name="Mac_Address_Empty_Test_False_1" />
    </UnitTest>
    <UnitTest name="CheckAllMIPFiltersKindsTestNotOk5" storage="d:\actions-runner\_work\xpco\xpco\corporate\shared\common.integration\tst\videoos.common.integration.unittests\bin\x64\debug\net472\videoos.common.integration.unittests.dll" id="3e05d949-dbce-a0b7-2862-9e4fd932d57d">
      <TestCategory>
        <TestCategoryItem TestCategory="Rules.MIPFilter" />
      </TestCategory>
      <Execution id="93c45ce1-daae-4d5b-8b9f-f8a8176d322d" />
      <TestMethod codeBase="D:\actions-runner\_work\XPCO\XPCO\Corporate\Shared\Common.Integration\tst\VideoOS.Common.Integration.UnitTests\bin\x64\Debug\net472\VideoOS.Common.Integration.UnitTests.dll" adapterTypeName="executor://mstestadapter/v2" className="VideoOS.Common.Integration.UnitTests.Rules.MIPFilterTest" name="CheckAllMIPFiltersKindsTestNotOk5" />
    </UnitTest>
    <UnitTest name="Constructor_ThrowsException_WhenICPHardwareAndNonIcpHardwareIsMixed_FirstHardwareIsIcp" storage="d:\actions-runner\_work\xpco\xpco\corporate\shared\common.integration\tst\videoos.common.integration.unittests\bin\x64\debug\net472\videoos.common.integration.unittests.dll" id="93ba20f1-9560-40bb-06a0-4d9f99278d90">
      <TestCategory>
        <TestCategoryItem TestCategory="Licensing" />
      </TestCategory>
      <Execution id="6e8d9b9e-e621-4070-89b7-7d6ed6088d07" />
      <TestMethod codeBase="D:\actions-runner\_work\XPCO\XPCO\Corporate\Shared\Common.Integration\tst\VideoOS.Common.Integration.UnitTests\bin\x64\Debug\net472\VideoOS.Common.Integration.UnitTests.dll" adapterTypeName="executor://mstestadapter/v2" className="VideoOS.Common.Integration.UnitTests.License.AggregateFeedDictionaryTests" name="Constructor_ThrowsException_WhenICPHardwareAndNonIcpHardwareIsMixed_FirstHardwareIsIcp" />
    </UnitTest>
    <UnitTest name="ToModelAudit_ValidEntry_SuccessConvertion" storage="d:\actions-runner\_work\xpco\xpco\corporate\shared\common.integration\tst\videoos.common.integration.unittests\bin\x64\debug\net472\videoos.common.integration.unittests.dll" id="201f8ac5-c7a1-9e49-1a3f-d3d7771740aa">
      <Execution id="30cdb59a-3473-4bf5-ac3d-c6811c94cf20" />
      <TestMethod codeBase="D:\actions-runner\_work\XPCO\XPCO\Corporate\Shared\Common.Integration\tst\VideoOS.Common.Integration.UnitTests\bin\x64\Debug\net472\VideoOS.Common.Integration.UnitTests.dll" adapterTypeName="executor://mstestadapter/v2" className="VideoOS.Common.Integration.UnitTests.WebAPI.Model.Server.LogEntryModelConverterTest" name="ToModelAudit_ValidEntry_SuccessConvertion" />
    </UnitTest>
    <UnitTest name="BindToType_BindToNonAllowedTypes_InvalidOperationException" storage="d:\actions-runner\_work\xpco\xpco\corporate\shared\common.integration\tst\videoos.common.integration.unittests\bin\x64\debug\net472\videoos.common.integration.unittests.dll" id="d4b7efc7-4d79-a4b9-746e-2119343bfa87">
      <Execution id="507ccf59-c52e-47a5-96e2-cde955693de9" />
      <TestMethod codeBase="D:\actions-runner\_work\XPCO\XPCO\Corporate\Shared\Common.Integration\tst\VideoOS.Common.Integration.UnitTests\bin\x64\Debug\net472\VideoOS.Common.Integration.UnitTests.dll" adapterTypeName="executor://mstestadapter/v2" className="VideoOS.Common.Integration.UnitTests.TypeFilteringSerializationBinderUtilityTest" name="BindToType_BindToNonAllowedTypes_InvalidOperationException" />
    </UnitTest>
    <UnitTest name="ModelValidation_ValidModel_Success" storage="d:\actions-runner\_work\xpco\xpco\corporate\shared\common.integration\tst\videoos.common.integration.unittests\bin\x64\debug\net472\videoos.common.integration.unittests.dll" id="a95939d0-bc91-4ab0-3fdc-587cd08779e6">
      <Execution id="591cc96d-52a6-472a-825c-47a50db61fb8" />
      <TestMethod codeBase="D:\actions-runner\_work\XPCO\XPCO\Corporate\Shared\Common.Integration\tst\VideoOS.Common.Integration.UnitTests\bin\x64\Debug\net472\VideoOS.Common.Integration.UnitTests.dll" adapterTypeName="executor://mstestadapter/v2" className="VideoOS.Common.Integration.UnitTests.WebAPI.Model.PtzStopSessionModelTest" name="ModelValidation_ValidModel_Success" />
    </UnitTest>
    <UnitTest name="ServiceContainer_GetInstance_CreationTakesParamatersNotFound_ThrowsInvalidOperationException" storage="d:\actions-runner\_work\xpco\xpco\corporate\shared\common.integration\tst\videoos.common.integration.unittests\bin\x64\debug\net472\videoos.common.integration.unittests.dll" id="0d1d9412-0cdd-2f20-6c17-ba9f8ebbc553">
      <TestCategory>
        <TestCategoryItem TestCategory="ServiceContainer" />
      </TestCategory>
      <Execution id="1fe7f6d5-683e-4178-b674-08b6282503d5" />
      <TestMethod codeBase="D:\actions-runner\_work\XPCO\XPCO\Corporate\Shared\Common.Integration\tst\VideoOS.Common.Integration.UnitTests\bin\x64\Debug\net472\VideoOS.Common.Integration.UnitTests.dll" adapterTypeName="executor://mstestadapter/v2" className="VideoOS.Common.Integration.ServiceContainerTests.ServiceContainerUnitTests" name="ServiceContainer_GetInstance_CreationTakesParamatersNotFound_ThrowsInvalidOperationException" />
    </UnitTest>
    <UnitTest name="CapabilityDefinition_ValidateValue_Success" storage="d:\actions-runner\_work\xpco\xpco\corporate\shared\common.integration\tst\videoos.common.integration.unittests\bin\x64\debug\net472\videoos.common.integration.unittests.dll" id="e8a795c8-e6f3-a9e8-7363-231655bd14dc">
      <Execution id="cc105ad2-89fb-4d14-8d4b-d143e16847af" />
      <TestMethod codeBase="D:\actions-runner\_work\XPCO\XPCO\Corporate\Shared\Common.Integration\tst\VideoOS.Common.Integration.UnitTests\bin\x64\Debug\net472\VideoOS.Common.Integration.UnitTests.dll" adapterTypeName="executor://mstestadapter/v2" className="VideoOS.Common.Integration.UnitTests.Definition.Driver.CapabilityDefinitionUnitTests" name="CapabilityDefinition_ValidateValue_Success" />
    </UnitTest>
    <UnitTest name="Invoke_UserNotAuthenticated_NextIsCalled" storage="d:\actions-runner\_work\xpco\xpco\corporate\shared\common.integration\tst\videoos.common.integration.unittests\bin\x64\debug\net472\videoos.common.integration.unittests.dll" id="7c2cff16-4b49-5546-a9ec-2c5f3e66c7c9">
      <Execution id="c1c92561-78bf-4389-9063-a09c0cfc8f31" />
      <TestMethod codeBase="D:\actions-runner\_work\XPCO\XPCO\Corporate\Shared\Common.Integration\tst\VideoOS.Common.Integration.UnitTests\bin\x64\Debug\net472\VideoOS.Common.Integration.UnitTests.dll" adapterTypeName="executor://mstestadapter/v2" className="VideoOS.Common.Integration.UnitTests.WebApi.Middleware.ScopeValidationMiddlewareTests" name="Invoke_UserNotAuthenticated_NextIsCalled" />
    </UnitTest>
    <UnitTest name="Call_HttpPost_InvalidParam_ContentTypeNull_ThrowsArgumentNullException" storage="d:\actions-runner\_work\xpco\xpco\corporate\shared\common.integration\tst\videoos.common.integration.unittests\bin\x64\debug\net472\videoos.common.integration.unittests.dll" id="28b4eabe-a0f3-1367-b991-9614f5f0138f">
      <Execution id="3eb97bc1-874f-4283-8ae8-260cb4130c08" />
      <TestMethod codeBase="D:\actions-runner\_work\XPCO\XPCO\Corporate\Shared\Common.Integration\tst\VideoOS.Common.Integration.UnitTests\bin\x64\Debug\net472\VideoOS.Common.Integration.UnitTests.dll" adapterTypeName="executor://mstestadapter/v2" className="VideoOS.Common.Integration.UnitTests.Communication.HttpPostTests" name="Call_HttpPost_InvalidParam_ContentTypeNull_ThrowsArgumentNullException" />
    </UnitTest>
    <UnitTest name="RefCountedObjectWrapper_ExecuteCallWithRefCountTResult_Sucess" storage="d:\actions-runner\_work\xpco\xpco\corporate\shared\common.integration\tst\videoos.common.integration.unittests\bin\x64\debug\net472\videoos.common.integration.unittests.dll" id="c65384a1-c9f3-2d21-353b-a4c45057cae7">
      <Execution id="e0917b37-7597-4e6f-9511-1f5062ef5249" />
      <TestMethod codeBase="D:\actions-runner\_work\XPCO\XPCO\Corporate\Shared\Common.Integration\tst\VideoOS.Common.Integration.UnitTests\bin\x64\Debug\net472\VideoOS.Common.Integration.UnitTests.dll" adapterTypeName="executor://mstestadapter/v2" className="VideoOS.Common.Integration.UnitTests.Threading.RefCountedObjectWrapperTests" name="RefCountedObjectWrapper_ExecuteCallWithRefCountTResult_Sucess" />
    </UnitTest>
    <UnitTest name="StreamsConfiguration_EnsureLiveDefaultAndRecordTreads_Already_Valid_NoChanges" storage="d:\actions-runner\_work\xpco\xpco\corporate\shared\common.integration\tst\videoos.common.integration.unittests\bin\x64\debug\net472\videoos.common.integration.unittests.dll" id="ef2eae91-6c24-c925-6699-0f50da1fc570">
      <Execution id="7ba5e71f-c671-4aa4-bd28-1450095dfca6" />
      <TestMethod codeBase="D:\actions-runner\_work\XPCO\XPCO\Corporate\Shared\Common.Integration\tst\VideoOS.Common.Integration.UnitTests\bin\x64\Debug\net472\VideoOS.Common.Integration.UnitTests.dll" adapterTypeName="executor://mstestadapter/v2" className="VideoOS.Common.Integration.UnitTests.StreamsConfigurationUnitTests" name="StreamsConfiguration_EnsureLiveDefaultAndRecordTreads_Already_Valid_NoChanges" />
    </UnitTest>
    <UnitTest name="Index_GetEntriesByKey_Null_ThrowArgumentNullException" storage="d:\actions-runner\_work\xpco\xpco\corporate\shared\common.integration\tst\videoos.common.integration.unittests\bin\x64\debug\net472\videoos.common.integration.unittests.dll" id="893bfa2a-e628-42ae-9303-9a66c7e9adb7">
      <Execution id="905a195e-41aa-4c01-8af2-834a11317ba7" />
      <TestMethod codeBase="D:\actions-runner\_work\XPCO\XPCO\Corporate\Shared\Common.Integration\tst\VideoOS.Common.Integration.UnitTests\bin\x64\Debug\net472\VideoOS.Common.Integration.UnitTests.dll" adapterTypeName="executor://mstestadapter/v2" className="VideoOS.Common.Integration.UnitTests.IndexedCollectionUnitTests" name="Index_GetEntriesByKey_Null_ThrowArgumentNullException" />
    </UnitTest>
    <UnitTest name="CreateInstance_SaveSettings_AllowInsecureIsFalse_Success" storage="d:\actions-runner\_work\xpco\xpco\corporate\shared\common.integration\tst\videoos.common.integration.unittests\bin\x64\debug\net472\videoos.common.integration.unittests.dll" id="e86cf0e8-0c6a-48d9-40ef-23c399804a39">
      <Execution id="10a09c23-cad0-4545-8987-687c7c71bb4d" />
      <TestMethod codeBase="D:\actions-runner\_work\XPCO\XPCO\Corporate\Shared\Common.Integration\tst\VideoOS.Common.Integration.UnitTests\bin\x64\Debug\net472\VideoOS.Common.Integration.UnitTests.dll" adapterTypeName="executor://mstestadapter/v2" className="VideoOS.Common.Integration.UnitTests.ServerValidation.LocalUserOptionsTests" name="CreateInstance_SaveSettings_AllowInsecureIsFalse_Success" />
    </UnitTest>
    <UnitTest name="CalculateLicenseRequirements_DriverAndDevice_Not_Whitelisted_HardwareWithMultipleCameraDevicesCountsAsMultipleLicenses_ReturnsFalse" storage="d:\actions-runner\_work\xpco\xpco\corporate\shared\common.integration\tst\videoos.common.integration.unittests\bin\x64\debug\net472\videoos.common.integration.unittests.dll" id="52965488-cd13-96ff-31e1-362756910ed0">
      <Execution id="1e2af53e-34e9-4f90-9d10-7d0522ec5a52" />
      <TestMethod codeBase="D:\actions-runner\_work\XPCO\XPCO\Corporate\Shared\Common.Integration\tst\VideoOS.Common.Integration.UnitTests\bin\x64\Debug\net472\VideoOS.Common.Integration.UnitTests.dll" adapterTypeName="executor://mstestadapter/v2" className="VideoOS.Common.Integration.UnitTests.License.LicenseCalculatorTests" name="CalculateLicenseRequirements_DriverAndDevice_Not_Whitelisted_HardwareWithMultipleCameraDevicesCountsAsMultipleLicenses_ReturnsFalse" />
    </UnitTest>
    <UnitTest name="HardwareInfo_EnabledDevices_ReturnsEmptyListWhenNoEnabledDevices" storage="d:\actions-runner\_work\xpco\xpco\corporate\shared\common.integration\tst\videoos.common.integration.unittests\bin\x64\debug\net472\videoos.common.integration.unittests.dll" id="e4a54c23-0013-4297-6386-e5dd4634423d">
      <Execution id="a8677662-0401-47b8-bdb1-4f311e090c8a" />
      <TestMethod codeBase="D:\actions-runner\_work\XPCO\XPCO\Corporate\Shared\Common.Integration\tst\VideoOS.Common.Integration.UnitTests\bin\x64\Debug\net472\VideoOS.Common.Integration.UnitTests.dll" adapterTypeName="executor://mstestadapter/v2" className="VideoOS.Common.Integration.UnitTests.License.HardwareInfoTests" name="HardwareInfo_EnabledDevices_ReturnsEmptyListWhenNoEnabledDevices" />
    </UnitTest>
    <UnitTest name="GroupConfigurationHelperEmpty" storage="d:\actions-runner\_work\xpco\xpco\corporate\shared\common.integration\tst\videoos.common.integration.unittests\bin\x64\debug\net472\videoos.common.integration.unittests.dll" id="25f38605-f8c7-ce11-a81c-bbb611d669a8">
      <TestCategory>
        <TestCategoryItem TestCategory="Rules.GroupConfiguration" />
      </TestCategory>
      <Execution id="d8d760ce-04a4-4fa6-980b-7fe6abb0f7b0" />
      <TestMethod codeBase="D:\actions-runner\_work\XPCO\XPCO\Corporate\Shared\Common.Integration\tst\VideoOS.Common.Integration.UnitTests\bin\x64\Debug\net472\VideoOS.Common.Integration.UnitTests.dll" adapterTypeName="executor://mstestadapter/v2" className="VideoOS.Common.Integration.UnitTests.Rules.GroupConfigurationHelperTest" name="GroupConfigurationHelperEmpty" />
    </UnitTest>
    <UnitTest name="Hardware_Construct_NullHardwareInfo_Throws_ArgumentNullException" storage="d:\actions-runner\_work\xpco\xpco\corporate\shared\common.integration\tst\videoos.common.integration.unittests\bin\x64\debug\net472\videoos.common.integration.unittests.dll" id="cafac1ab-c633-fda7-fb40-dc38309d06e9">
      <Execution id="c4ac8aff-2c53-4697-8053-f95c5b3ac344" />
      <TestMethod codeBase="D:\actions-runner\_work\XPCO\XPCO\Corporate\Shared\Common.Integration\tst\VideoOS.Common.Integration.UnitTests\bin\x64\Debug\net472\VideoOS.Common.Integration.UnitTests.dll" adapterTypeName="executor://mstestadapter/v2" className="VideoOS.Common.Integration.UnitTests.License.LicenseInfoTests" name="Hardware_Construct_NullHardwareInfo_Throws_ArgumentNullException" />
    </UnitTest>
    <UnitTest name="ReadAttributeAsString_NoChild" storage="d:\actions-runner\_work\xpco\xpco\corporate\shared\common.integration\tst\videoos.common.integration.unittests\bin\x64\debug\net472\videoos.common.integration.unittests.dll" id="bd2d0826-76d7-147e-adae-f69faa3e6789">
      <Execution id="d81601f0-0fb3-45e2-96f7-316adc7f22b5" />
      <TestMethod codeBase="D:\actions-runner\_work\XPCO\XPCO\Corporate\Shared\Common.Integration\tst\VideoOS.Common.Integration.UnitTests\bin\x64\Debug\net472\VideoOS.Common.Integration.UnitTests.dll" adapterTypeName="executor://mstestadapter/v2" className="VideoOS.Common.Integration.UnitTests.XmlDocumentExtensionsCoreUnitTests" name="ReadAttributeAsString_NoChild" />
    </UnitTest>
    <UnitTest name="StreamsConfiguration_ValidateConfiguration_Only_One_Stream_Allowed" storage="d:\actions-runner\_work\xpco\xpco\corporate\shared\common.integration\tst\videoos.common.integration.unittests\bin\x64\debug\net472\videoos.common.integration.unittests.dll" id="e7d37444-87df-9275-4bcf-bc12b4a83186">
      <Execution id="20c9a2fe-89c5-4e6c-abd6-dad2368846c1" />
      <TestMethod codeBase="D:\actions-runner\_work\XPCO\XPCO\Corporate\Shared\Common.Integration\tst\VideoOS.Common.Integration.UnitTests\bin\x64\Debug\net472\VideoOS.Common.Integration.UnitTests.dll" adapterTypeName="executor://mstestadapter/v2" className="VideoOS.Common.Integration.UnitTests.StreamsConfigurationUnitTests" name="StreamsConfiguration_ValidateConfiguration_Only_One_Stream_Allowed" />
    </UnitTest>
    <UnitTest name="ReadAttributeAsBoolean_SunnyDayTrue" storage="d:\actions-runner\_work\xpco\xpco\corporate\shared\common.integration\tst\videoos.common.integration.unittests\bin\x64\debug\net472\videoos.common.integration.unittests.dll" id="715d0369-27be-2c88-65b5-10c8e2e568de">
      <Execution id="d99eb2c9-d6b1-4a18-a283-faf5aa528963" />
      <TestMethod codeBase="D:\actions-runner\_work\XPCO\XPCO\Corporate\Shared\Common.Integration\tst\VideoOS.Common.Integration.UnitTests\bin\x64\Debug\net472\VideoOS.Common.Integration.UnitTests.dll" adapterTypeName="executor://mstestadapter/v2" className="VideoOS.Common.Integration.UnitTests.XmlDocumentExtensionsCoreUnitTests" name="ReadAttributeAsBoolean_SunnyDayTrue" />
    </UnitTest>
    <UnitTest name="Call_HttpPost_InvalidParam_ContentTypeEmptyString_ThrowsArgumentNullException" storage="d:\actions-runner\_work\xpco\xpco\corporate\shared\common.integration\tst\videoos.common.integration.unittests\bin\x64\debug\net472\videoos.common.integration.unittests.dll" id="12d56131-e9bc-1619-235b-368a698f6d39">
      <Execution id="d40a446d-7198-46ab-9598-bca34f87eb70" />
      <TestMethod codeBase="D:\actions-runner\_work\XPCO\XPCO\Corporate\Shared\Common.Integration\tst\VideoOS.Common.Integration.UnitTests\bin\x64\Debug\net472\VideoOS.Common.Integration.UnitTests.dll" adapterTypeName="executor://mstestadapter/v2" className="VideoOS.Common.Integration.UnitTests.Communication.HttpPostTests" name="Call_HttpPost_InvalidParam_ContentTypeEmptyString_ThrowsArgumentNullException" />
    </UnitTest>
    <UnitTest name="ReadChildElementValueAsUInt64_RangeCheck_Min_Exact" storage="d:\actions-runner\_work\xpco\xpco\corporate\shared\common.integration\tst\videoos.common.integration.unittests\bin\x64\debug\net472\videoos.common.integration.unittests.dll" id="0e8e8f51-e792-357b-775e-46170c5c6d6b">
      <Execution id="93dc8750-1459-4b28-af51-5b46ddb80d16" />
      <TestMethod codeBase="D:\actions-runner\_work\XPCO\XPCO\Corporate\Shared\Common.Integration\tst\VideoOS.Common.Integration.UnitTests\bin\x64\Debug\net472\VideoOS.Common.Integration.UnitTests.dll" adapterTypeName="executor://mstestadapter/v2" className="VideoOS.Common.Integration.UnitTests.XmlDocumentExtensionsCoreUnitTests" name="ReadChildElementValueAsUInt64_RangeCheck_Min_Exact" />
    </UnitTest>
    <UnitTest name="UpdateLicenseCount_DriverAndModelNotInWhiteList_ReturnsFalseAndChannelLicenseCountIsOne" storage="d:\actions-runner\_work\xpco\xpco\corporate\shared\common.integration\tst\videoos.common.integration.unittests\bin\x64\debug\net472\videoos.common.integration.unittests.dll" id="00254559-e169-8ef2-c047-eead4df50c27">
      <TestCategory>
        <TestCategoryItem TestCategory="Licensing" />
      </TestCategory>
      <Execution id="a311e22b-f41e-4315-abf7-2f7aa8ed4f72" />
      <TestMethod codeBase="D:\actions-runner\_work\XPCO\XPCO\Corporate\Shared\Common.Integration\tst\VideoOS.Common.Integration.UnitTests\bin\x64\Debug\net472\VideoOS.Common.Integration.UnitTests.dll" adapterTypeName="executor://mstestadapter/v2" className="VideoOS.Common.Integration.UnitTests.License.HardwareLicenseCountEvaluatorTests" name="UpdateLicenseCount_DriverAndModelNotInWhiteList_ReturnsFalseAndChannelLicenseCountIsOne" />
    </UnitTest>
    <UnitTest name="CheckAllMIPFiltersKindsTestNotOk1" storage="d:\actions-runner\_work\xpco\xpco\corporate\shared\common.integration\tst\videoos.common.integration.unittests\bin\x64\debug\net472\videoos.common.integration.unittests.dll" id="c1e8a5aa-8ce5-ec77-4374-273fc0e9a25b">
      <TestCategory>
        <TestCategoryItem TestCategory="Rules.MIPFilter" />
      </TestCategory>
      <Execution id="5c108613-4249-4696-99cf-3f342414f196" />
      <TestMethod codeBase="D:\actions-runner\_work\XPCO\XPCO\Corporate\Shared\Common.Integration\tst\VideoOS.Common.Integration.UnitTests\bin\x64\Debug\net472\VideoOS.Common.Integration.UnitTests.dll" adapterTypeName="executor://mstestadapter/v2" className="VideoOS.Common.Integration.UnitTests.Rules.MIPFilterTest" name="CheckAllMIPFiltersKindsTestNotOk1" />
    </UnitTest>
    <UnitTest name="Encrypt_DataSetHasEmptyPassword_PasswordIsStillEmpty" storage="d:\actions-runner\_work\xpco\xpco\corporate\shared\common.integration\tst\videoos.common.integration.unittests\bin\x64\debug\net472\videoos.common.integration.unittests.dll" id="3cbb6295-6508-d2f3-02da-5c61b6a21f24">
      <Execution id="b69ff73f-9216-4bfc-ae01-e358d01b56b1" />
      <TestMethod codeBase="D:\actions-runner\_work\XPCO\XPCO\Corporate\Shared\Common.Integration\tst\VideoOS.Common.Integration.UnitTests\bin\x64\Debug\net472\VideoOS.Common.Integration.UnitTests.dll" adapterTypeName="executor://mstestadapter/v2" className="VideoOS.Common.Integration.UnitTests.Configuration.HostingServerTableAdapterTests" name="Encrypt_DataSetHasEmptyPassword_PasswordIsStillEmpty" />
    </UnitTest>
    <UnitTest name="ReadAttributeAsInt32_RangeCheck_Min" storage="d:\actions-runner\_work\xpco\xpco\corporate\shared\common.integration\tst\videoos.common.integration.unittests\bin\x64\debug\net472\videoos.common.integration.unittests.dll" id="acb75f21-d78a-1ad7-20b2-f18a1ce3ed5b">
      <Execution id="722d6071-f849-4b43-9270-7efdcf52648d" />
      <TestMethod codeBase="D:\actions-runner\_work\XPCO\XPCO\Corporate\Shared\Common.Integration\tst\VideoOS.Common.Integration.UnitTests\bin\x64\Debug\net472\VideoOS.Common.Integration.UnitTests.dll" adapterTypeName="executor://mstestadapter/v2" className="VideoOS.Common.Integration.UnitTests.XmlDocumentExtensionsCoreUnitTests" name="ReadAttributeAsInt32_RangeCheck_Min" />
    </UnitTest>
    <UnitTest name="CustomLicenseType_FeatureFlagPresentDriversPresentEnabledHardwareNoActiveCameras" storage="d:\actions-runner\_work\xpco\xpco\corporate\shared\common.integration\tst\videoos.common.integration.unittests\bin\x64\debug\net472\videoos.common.integration.unittests.dll" id="cc553600-50d5-ab20-3a15-05706b671d89">
      <TestCategory>
        <TestCategoryItem TestCategory="CustomLicenseTypeTest" />
      </TestCategory>
      <Execution id="ce849054-d203-4f27-910f-db06b5905cf8" />
      <TestMethod codeBase="D:\actions-runner\_work\XPCO\XPCO\Corporate\Shared\Common.Integration\tst\VideoOS.Common.Integration.UnitTests\bin\x64\Debug\net472\VideoOS.Common.Integration.UnitTests.dll" adapterTypeName="executor://mstestadapter/v2" className="VideoOS.Common.Integration.UnitTests.License.CustomLicenseTypeTests" name="CustomLicenseType_FeatureFlagPresentDriversPresentEnabledHardwareNoActiveCameras" />
    </UnitTest>
    <UnitTest name="Index_RemoveEntry_Removes_Specified_Item" storage="d:\actions-runner\_work\xpco\xpco\corporate\shared\common.integration\tst\videoos.common.integration.unittests\bin\x64\debug\net472\videoos.common.integration.unittests.dll" id="cc4d39a4-535b-e6c0-60e2-26d98716b63d">
      <Execution id="be0ab054-3c46-45c6-9116-575e7bf954ff" />
      <TestMethod codeBase="D:\actions-runner\_work\XPCO\XPCO\Corporate\Shared\Common.Integration\tst\VideoOS.Common.Integration.UnitTests\bin\x64\Debug\net472\VideoOS.Common.Integration.UnitTests.dll" adapterTypeName="executor://mstestadapter/v2" className="VideoOS.Common.Integration.UnitTests.IndexedCollectionUnitTests" name="Index_RemoveEntry_Removes_Specified_Item" />
    </UnitTest>
    <UnitTest name="AddRange_ThrowsArgumentNullException_OnNullAsList" storage="d:\actions-runner\_work\xpco\xpco\corporate\shared\common.integration\tst\videoos.common.integration.unittests\bin\x64\debug\net472\videoos.common.integration.unittests.dll" id="9ab4e107-35c8-ac95-d475-7402195487f1">
      <TestCategory>
        <TestCategoryItem TestCategory="Extensions" />
      </TestCategory>
      <Execution id="a6c5ab12-68df-463e-bed7-990b049a983e" />
      <TestMethod codeBase="D:\actions-runner\_work\XPCO\XPCO\Corporate\Shared\Common.Integration\tst\VideoOS.Common.Integration.UnitTests\bin\x64\Debug\net472\VideoOS.Common.Integration.UnitTests.dll" adapterTypeName="executor://mstestadapter/v2" className="VideoOS.Common.Integration.UnitTests.Extensions.ExtensionMethodsTests" name="AddRange_ThrowsArgumentNullException_OnNullAsList" />
    </UnitTest>
    <UnitTest name="HttpClientCommunicatorWrapper_ReceiveTRet_CommunicationException" storage="d:\actions-runner\_work\xpco\xpco\corporate\shared\common.integration\tst\videoos.common.integration.unittests\bin\x64\debug\net472\videoos.common.integration.unittests.dll" id="f3002bbb-cc2e-e355-83fe-ca21eb55dcb1">
      <Execution id="fe9b2988-0f69-412a-91c2-5265f66433fd" />
      <TestMethod codeBase="D:\actions-runner\_work\XPCO\XPCO\Corporate\Shared\Common.Integration\tst\VideoOS.Common.Integration.UnitTests\bin\x64\Debug\net472\VideoOS.Common.Integration.UnitTests.dll" adapterTypeName="executor://mstestadapter/v2" className="VideoOS.Common.Integration.UnitTests.WebAPI.HttpClientCommunicatorWrapperTests" name="HttpClientCommunicatorWrapper_ReceiveTRet_CommunicationException" />
    </UnitTest>
    <UnitTest name="FormatAuthority__BeforeValueIsIpV6WithoutPort_FormattedUriIsWithoutPort" storage="d:\actions-runner\_work\xpco\xpco\corporate\shared\common.integration\tst\videoos.common.integration.unittests\bin\x64\debug\net472\videoos.common.integration.unittests.dll" id="eadd5aea-e1cf-d48d-3354-4b05674fcd26">
      <Execution id="574e236a-558a-4efd-8c07-6eea7d61ca96" />
      <TestMethod codeBase="D:\actions-runner\_work\XPCO\XPCO\Corporate\Shared\Common.Integration\tst\VideoOS.Common.Integration.UnitTests\bin\x64\Debug\net472\VideoOS.Common.Integration.UnitTests.dll" adapterTypeName="executor://mstestadapter/v2" className="VideoOS.Common.Integration.UnitTests.IdpUriParserTests" name="FormatAuthority__BeforeValueIsIpV6WithoutPort_FormattedUriIsWithoutPort" />
    </UnitTest>
    <UnitTest name="FeatureManager_TryGetFeatureParameterValueT_Int_Invalid_Value" storage="d:\actions-runner\_work\xpco\xpco\corporate\shared\common.integration\tst\videoos.common.integration.unittests\bin\x64\debug\net472\videoos.common.integration.unittests.dll" id="2064700c-6f91-e3dc-35f9-2c8f881cad5d">
      <Execution id="53221f0a-51a5-4819-a95c-80c3097ce088" />
      <TestMethod codeBase="D:\actions-runner\_work\XPCO\XPCO\Corporate\Shared\Common.Integration\tst\VideoOS.Common.Integration.UnitTests\bin\x64\Debug\net472\VideoOS.Common.Integration.UnitTests.dll" adapterTypeName="executor://mstestadapter/v2" className="VideoOS.Common.Integration.UnitTests.License.FeatureManagerTest" name="FeatureManager_TryGetFeatureParameterValueT_Int_Invalid_Value" />
    </UnitTest>
    <UnitTest name="HardwareScanProgressResponseModel_Validate_Success" storage="d:\actions-runner\_work\xpco\xpco\corporate\shared\common.integration\tst\videoos.common.integration.unittests\bin\x64\debug\net472\videoos.common.integration.unittests.dll" id="f56edd7c-0908-1112-b2f1-a3b7e2877ef7">
      <Execution id="39665a08-41d6-4e41-9575-51c500099568" />
      <TestMethod codeBase="D:\actions-runner\_work\XPCO\XPCO\Corporate\Shared\Common.Integration\tst\VideoOS.Common.Integration.UnitTests\bin\x64\Debug\net472\VideoOS.Common.Integration.UnitTests.dll" adapterTypeName="executor://mstestadapter/v2" className="VideoOS.Common.Integration.UnitTests.WebAPI.Model.Server.Responses.HardwareScanProgressResponseModeTest" name="HardwareScanProgressResponseModel_Validate_Success" />
    </UnitTest>
    <UnitTest name="ServiceContainer_GetInstance_CreationTakesParamaters_Success" storage="d:\actions-runner\_work\xpco\xpco\corporate\shared\common.integration\tst\videoos.common.integration.unittests\bin\x64\debug\net472\videoos.common.integration.unittests.dll" id="f8e28254-23d5-b0b0-b7ed-64dc6b50aefc">
      <TestCategory>
        <TestCategoryItem TestCategory="ServiceContainer" />
      </TestCategory>
      <Execution id="97a8255d-ec77-40a8-8962-a9f498bc1a6b" />
      <TestMethod codeBase="D:\actions-runner\_work\XPCO\XPCO\Corporate\Shared\Common.Integration\tst\VideoOS.Common.Integration.UnitTests\bin\x64\Debug\net472\VideoOS.Common.Integration.UnitTests.dll" adapterTypeName="executor://mstestadapter/v2" className="VideoOS.Common.Integration.ServiceContainerTests.ServiceContainerUnitTests" name="ServiceContainer_GetInstance_CreationTakesParamaters_Success" />
    </UnitTest>
    <UnitTest name="GroupConfigurationComplexGroupsAndMembers" storage="d:\actions-runner\_work\xpco\xpco\corporate\shared\common.integration\tst\videoos.common.integration.unittests\bin\x64\debug\net472\videoos.common.integration.unittests.dll" id="f2a2d895-e73f-1b9c-1ba4-fca95b4da463">
      <TestCategory>
        <TestCategoryItem TestCategory="Rules.GroupConfiguration" />
      </TestCategory>
      <Execution id="1cad2690-9db2-4f04-a96f-e2613ce673a1" />
      <TestMethod codeBase="D:\actions-runner\_work\XPCO\XPCO\Corporate\Shared\Common.Integration\tst\VideoOS.Common.Integration.UnitTests\bin\x64\Debug\net472\VideoOS.Common.Integration.UnitTests.dll" adapterTypeName="executor://mstestadapter/v2" className="VideoOS.Common.Integration.UnitTests.Rules.GroupConfigurationTest" name="GroupConfigurationComplexGroupsAndMembers" />
    </UnitTest>
    <UnitTest name="GetChannelLicensenCount_AddHardware_ReturnValue" storage="d:\actions-runner\_work\xpco\xpco\corporate\shared\common.integration\tst\videoos.common.integration.unittests\bin\x64\debug\net472\videoos.common.integration.unittests.dll" id="d9aae650-dc76-44b9-0b50-6cf8f55869e1">
      <Execution id="de6988a8-7a5a-4d27-a868-aea3e7f5407c" />
      <TestMethod codeBase="D:\actions-runner\_work\XPCO\XPCO\Corporate\Shared\Common.Integration\tst\VideoOS.Common.Integration.UnitTests\bin\x64\Debug\net472\VideoOS.Common.Integration.UnitTests.dll" adapterTypeName="executor://mstestadapter/v2" className="VideoOS.Common.Integration.UnitTests.License.HardwareDictionaryTests" name="GetChannelLicensenCount_AddHardware_ReturnValue" />
    </UnitTest>
    <UnitTest name="SystemSettingTableAdapter_Encrypt_OtherSettingUnchanged" storage="d:\actions-runner\_work\xpco\xpco\corporate\shared\common.integration\tst\videoos.common.integration.unittests\bin\x64\debug\net472\videoos.common.integration.unittests.dll" id="1b5ceecc-cb3c-5305-cdbb-87bbe5e0770a">
      <Execution id="42345d55-8216-4b4a-ae33-c61ccca338f7" />
      <TestMethod codeBase="D:\actions-runner\_work\XPCO\XPCO\Corporate\Shared\Common.Integration\tst\VideoOS.Common.Integration.UnitTests\bin\x64\Debug\net472\VideoOS.Common.Integration.UnitTests.dll" adapterTypeName="executor://mstestadapter/v2" className="VideoOS.Common.Integration.UnitTests.Configuration.SystemSettingTableAdapterUnitTests" name="SystemSettingTableAdapter_Encrypt_OtherSettingUnchanged" />
    </UnitTest>
    <UnitTest name="CreateHttpUri_HttpsDefaultPort_UsePortNegativeOne_ThrowsArgumentOutOfRangeException" storage="d:\actions-runner\_work\xpco\xpco\corporate\shared\common.integration\tst\videoos.common.integration.unittests\bin\x64\debug\net472\videoos.common.integration.unittests.dll" id="fa98cbad-f28a-a13a-1cad-c4a1e8ece779">
      <TestCategory>
        <TestCategoryItem TestCategory="UriHandling" />
      </TestCategory>
      <Execution id="1b6b8c71-a1e1-462b-9566-70c20999db99" />
      <TestMethod codeBase="D:\actions-runner\_work\XPCO\XPCO\Corporate\Shared\Common.Integration\tst\VideoOS.Common.Integration.UnitTests\bin\x64\Debug\net472\VideoOS.Common.Integration.UnitTests.dll" adapterTypeName="executor://mstestadapter/v2" className="VideoOS.Common.Integration.UnitTests.Communication.UriHandlingUnitTests" name="CreateHttpUri_HttpsDefaultPort_UsePortNegativeOne_ThrowsArgumentOutOfRangeException" />
    </UnitTest>
    <UnitTest name="Decrypt_DataSetIsNull_ThrowsArgumentNullException" storage="d:\actions-runner\_work\xpco\xpco\corporate\shared\common.integration\tst\videoos.common.integration.unittests\bin\x64\debug\net472\videoos.common.integration.unittests.dll" id="2ff05efd-a118-5265-421f-8adc19a29796">
      <Execution id="12a90c74-7d5b-4b49-bc46-5c4508c87940" />
      <TestMethod codeBase="D:\actions-runner\_work\XPCO\XPCO\Corporate\Shared\Common.Integration\tst\VideoOS.Common.Integration.UnitTests\bin\x64\Debug\net472\VideoOS.Common.Integration.UnitTests.dll" adapterTypeName="executor://mstestadapter/v2" className="VideoOS.Common.Integration.UnitTests.Configuration.HostingServerTableAdapterTests" name="Decrypt_DataSetIsNull_ThrowsArgumentNullException" />
    </UnitTest>
    <UnitTest name="ReadChildElementValueAsUInt32_InvalidData_NegativeNumber" storage="d:\actions-runner\_work\xpco\xpco\corporate\shared\common.integration\tst\videoos.common.integration.unittests\bin\x64\debug\net472\videoos.common.integration.unittests.dll" id="2401bf4d-7341-3a5d-a9d0-37bf32463911">
      <Execution id="feea55bc-e75a-4cb4-98a5-255adb7a8b76" />
      <TestMethod codeBase="D:\actions-runner\_work\XPCO\XPCO\Corporate\Shared\Common.Integration\tst\VideoOS.Common.Integration.UnitTests\bin\x64\Debug\net472\VideoOS.Common.Integration.UnitTests.dll" adapterTypeName="executor://mstestadapter/v2" className="VideoOS.Common.Integration.UnitTests.XmlDocumentExtensionsCoreUnitTests" name="ReadChildElementValueAsUInt32_InvalidData_NegativeNumber" />
    </UnitTest>
    <UnitTest name="ModelValidation_ValidModel_Success" storage="d:\actions-runner\_work\xpco\xpco\corporate\shared\common.integration\tst\videoos.common.integration.unittests\bin\x64\debug\net472\videoos.common.integration.unittests.dll" id="7e23d842-da1b-be71-e958-228dc413da09">
      <Execution id="1ab71154-8123-46a2-9b67-0761f5f97d09" />
      <TestMethod codeBase="D:\actions-runner\_work\XPCO\XPCO\Corporate\Shared\Common.Integration\tst\VideoOS.Common.Integration.UnitTests\bin\x64\Debug\net472\VideoOS.Common.Integration.UnitTests.dll" adapterTypeName="executor://mstestadapter/v2" className="VideoOS.Common.Integration.UnitTests.WebAPI.Model.GetAbsolutePtzPositionModelTest" name="ModelValidation_ValidModel_Success" />
    </UnitTest>
    <UnitTest name="PrepareMoveHardwareModel_Validate_Success" storage="d:\actions-runner\_work\xpco\xpco\corporate\shared\common.integration\tst\videoos.common.integration.unittests\bin\x64\debug\net472\videoos.common.integration.unittests.dll" id="94e5c3f8-51c6-0394-575b-0bd91d015ef3">
      <Execution id="02f715d0-34d3-4518-ae8c-7c1053d40852" />
      <TestMethod codeBase="D:\actions-runner\_work\XPCO\XPCO\Corporate\Shared\Common.Integration\tst\VideoOS.Common.Integration.UnitTests\bin\x64\Debug\net472\VideoOS.Common.Integration.UnitTests.dll" adapterTypeName="executor://mstestadapter/v2" className="VideoOS.Common.Integration.UnitTests.WebAPI.Model.PrepareMoveHardwareModelTest" name="PrepareMoveHardwareModel_Validate_Success" />
    </UnitTest>
    <UnitTest name="Mac_Address_Empty_Test_True_1" storage="d:\actions-runner\_work\xpco\xpco\corporate\shared\common.integration\tst\videoos.common.integration.unittests\bin\x64\debug\net472\videoos.common.integration.unittests.dll" id="3df4bdd4-e0fd-1680-8425-586d8edf641e">
      <Execution id="e6877265-d790-40c1-9b05-af013f3cbb7b" />
      <TestMethod codeBase="D:\actions-runner\_work\XPCO\XPCO\Corporate\Shared\Common.Integration\tst\VideoOS.Common.Integration.UnitTests\bin\x64\Debug\net472\VideoOS.Common.Integration.UnitTests.dll" adapterTypeName="executor://mstestadapter/v2" className="VideoOS.Common.Integration.UnitTests.License.MacAddressUtilitiesTest" name="Mac_Address_Empty_Test_True_1" />
    </UnitTest>
    <UnitTest name="FormatAuthority_BeforeValueIsWithoutPort_FormattedUriIsWithoutPort" storage="d:\actions-runner\_work\xpco\xpco\corporate\shared\common.integration\tst\videoos.common.integration.unittests\bin\x64\debug\net472\videoos.common.integration.unittests.dll" id="0cdc9156-e241-29c7-9c82-8f6c7d7b3ba1">
      <Execution id="124eaa2a-2b7e-43f0-b6f2-a60753eba8b3" />
      <TestMethod codeBase="D:\actions-runner\_work\XPCO\XPCO\Corporate\Shared\Common.Integration\tst\VideoOS.Common.Integration.UnitTests\bin\x64\Debug\net472\VideoOS.Common.Integration.UnitTests.dll" adapterTypeName="executor://mstestadapter/v2" className="VideoOS.Common.Integration.UnitTests.IdpUriParserTests" name="FormatAuthority_BeforeValueIsWithoutPort_FormattedUriIsWithoutPort" />
    </UnitTest>
    <UnitTest name="FindFrameIdx_TimeBtwF1F2" storage="d:\actions-runner\_work\xpco\xpco\corporate\shared\common.integration\tst\videoos.common.integration.unittests\bin\x64\debug\net472\videoos.common.integration.unittests.dll" id="6a777aaa-b3db-1fce-6d0a-780e1a49c3a3">
      <Execution id="49db42de-7dde-4449-9ab0-9053c3a8e181" />
      <TestMethod codeBase="D:\actions-runner\_work\XPCO\XPCO\Corporate\Shared\Common.Integration\tst\VideoOS.Common.Integration.UnitTests\bin\x64\Debug\net472\VideoOS.Common.Integration.UnitTests.dll" adapterTypeName="executor://mstestadapter/v2" className="VideoOS.Common.Integration.UnitTests.GenericGopTest" name="FindFrameIdx_TimeBtwF1F2" />
    </UnitTest>
    <UnitTest name="Test_MemberOf_SimpleCyclic" storage="d:\actions-runner\_work\xpco\xpco\corporate\shared\common.integration\tst\videoos.common.integration.unittests\bin\x64\debug\net472\videoos.common.integration.unittests.dll" id="43d5f9d3-a769-2031-265f-e115be4193e2">
      <Execution id="6850deda-ecf2-4463-88f9-30826a9897a6" />
      <TestMethod codeBase="D:\actions-runner\_work\XPCO\XPCO\Corporate\Shared\Common.Integration\tst\VideoOS.Common.Integration.UnitTests\bin\x64\Debug\net472\VideoOS.Common.Integration.UnitTests.dll" adapterTypeName="executor://mstestadapter/v2" className="VideoOS.Common.Integration.UnitTests.Caching.MembershipCacheUnitTest" name="Test_MemberOf_SimpleCyclic" />
    </UnitTest>
    <UnitTest name="UniqueIndex_RemoveEntry_Null_Throws_ArgumentNllException" storage="d:\actions-runner\_work\xpco\xpco\corporate\shared\common.integration\tst\videoos.common.integration.unittests\bin\x64\debug\net472\videoos.common.integration.unittests.dll" id="f3174896-e5c0-e367-e050-43f58b5eee43">
      <Execution id="8bb43192-9dac-4ec3-8ce9-0f4004cba2c8" />
      <TestMethod codeBase="D:\actions-runner\_work\XPCO\XPCO\Corporate\Shared\Common.Integration\tst\VideoOS.Common.Integration.UnitTests\bin\x64\Debug\net472\VideoOS.Common.Integration.UnitTests.dll" adapterTypeName="executor://mstestadapter/v2" className="VideoOS.Common.Integration.UnitTests.IndexedCollectionUnitTests" name="UniqueIndex_RemoveEntry_Null_Throws_ArgumentNllException" />
    </UnitTest>
    <UnitTest name="RecurringSchedule_GetNextScheduleTime_Daily_Every_2_Days_At_2_00" storage="d:\actions-runner\_work\xpco\xpco\corporate\shared\common.integration\tst\videoos.common.integration.unittests\bin\x64\debug\net472\videoos.common.integration.unittests.dll" id="88b42372-9073-9d33-e5db-3400e992f84b">
      <Execution id="9d21cd03-557f-4d9d-a7eb-6475064621e8" />
      <TestMethod codeBase="D:\actions-runner\_work\XPCO\XPCO\Corporate\Shared\Common.Integration\tst\VideoOS.Common.Integration.UnitTests\bin\x64\Debug\net472\VideoOS.Common.Integration.UnitTests.dll" adapterTypeName="executor://mstestadapter/v2" className="VideoOS.Common.Integration.UnitTests.Scheduling.RecurringScheduleTest" name="RecurringSchedule_GetNextScheduleTime_Daily_Every_2_Days_At_2_00" />
    </UnitTest>
    <UnitTest name="Mac_Address_Empty_Test_False_3" storage="d:\actions-runner\_work\xpco\xpco\corporate\shared\common.integration\tst\videoos.common.integration.unittests\bin\x64\debug\net472\videoos.common.integration.unittests.dll" id="489d5e8d-5982-d194-60e7-73cf7a62a831">
      <Execution id="a8ae1405-8105-4382-8e93-76244b280c48" />
      <TestMethod codeBase="D:\actions-runner\_work\XPCO\XPCO\Corporate\Shared\Common.Integration\tst\VideoOS.Common.Integration.UnitTests\bin\x64\Debug\net472\VideoOS.Common.Integration.UnitTests.dll" adapterTypeName="executor://mstestadapter/v2" className="VideoOS.Common.Integration.UnitTests.License.MacAddressUtilitiesTest" name="Mac_Address_Empty_Test_False_3" />
    </UnitTest>
    <UnitTest name="ProcessMessage_Command_Bulkable_MaxBulkSize_LessThan_Commands_InQueue" storage="d:\actions-runner\_work\xpco\xpco\corporate\shared\common.integration\tst\videoos.common.integration.unittests\bin\x64\debug\net472\videoos.common.integration.unittests.dll" id="d6e51d0c-a6b0-eb45-84d3-c2374b826952">
      <Execution id="026b8e22-f3c2-4a38-9945-fa97b06b6c01" />
      <TestMethod codeBase="D:\actions-runner\_work\XPCO\XPCO\Corporate\Shared\Common.Integration\tst\VideoOS.Common.Integration.UnitTests\bin\x64\Debug\net472\VideoOS.Common.Integration.UnitTests.dll" adapterTypeName="executor://mstestadapter/v2" className="VideoOS.Common.Integration.UnitTests.MessageProcessing.ThreadPoolBulkMessageProcessorUnitTest" name="ProcessMessage_Command_Bulkable_MaxBulkSize_LessThan_Commands_InQueue" />
    </UnitTest>
    <UnitTest name="AsString_Success" storage="d:\actions-runner\_work\xpco\xpco\corporate\shared\common.integration\tst\videoos.common.integration.unittests\bin\x64\debug\net472\videoos.common.integration.unittests.dll" id="0d85264b-28ff-8a50-788a-a26cf11e8acd">
      <Execution id="f7ad49cf-50a7-419b-9d8c-669e9048379c" />
      <TestMethod codeBase="D:\actions-runner\_work\XPCO\XPCO\Corporate\Shared\Common.Integration\tst\VideoOS.Common.Integration.UnitTests\bin\x64\Debug\net472\VideoOS.Common.Integration.UnitTests.dll" adapterTypeName="executor://mstestadapter/v2" className="VideoOS.Common.Integration.UnitTests.CertificateHandling.StringByteConversionExtensionsUnitTests" name="AsString_Success" />
    </UnitTest>
    <UnitTest name="LicenseDocument_IsDeviceLicensed_HardwareFound_DeviceIndexFound_ReturnsTrue" storage="d:\actions-runner\_work\xpco\xpco\corporate\shared\common.integration\tst\videoos.common.integration.unittests\bin\x64\debug\net472\videoos.common.integration.unittests.dll" id="85f8db25-08e3-c5ff-673d-ddf0ea1cff69">
      <TestCategory>
        <TestCategoryItem TestCategory="LicenseDocumentTest" />
      </TestCategory>
      <Execution id="e64d9c61-23ac-4fed-a95d-7903a4f48274" />
      <TestMethod codeBase="D:\actions-runner\_work\XPCO\XPCO\Corporate\Shared\Common.Integration\tst\VideoOS.Common.Integration.UnitTests\bin\x64\Debug\net472\VideoOS.Common.Integration.UnitTests.dll" adapterTypeName="executor://mstestadapter/v2" className="VideoOS.Common.Integration.UnitTests.License.LicenseDocumentTests" name="LicenseDocument_IsDeviceLicensed_HardwareFound_DeviceIndexFound_ReturnsTrue" />
    </UnitTest>
    <UnitTest name="DatabaseXmlConverter_XmlIdsToGuids_InvalidArgument" storage="d:\actions-runner\_work\xpco\xpco\corporate\shared\common.integration\tst\videoos.common.integration.unittests\bin\x64\debug\net472\videoos.common.integration.unittests.dll" id="e99ccd07-0ccb-42be-9999-bc74deaacf44">
      <Execution id="09eec7ec-b3e4-4288-b38d-c550dbc6cefa" />
      <TestMethod codeBase="D:\actions-runner\_work\XPCO\XPCO\Corporate\Shared\Common.Integration\tst\VideoOS.Common.Integration.UnitTests\bin\x64\Debug\net472\VideoOS.Common.Integration.UnitTests.dll" adapterTypeName="executor://mstestadapter/v2" className="VideoOS.Common.Integration.UnitTests.DatabaseXmlConverterTest" name="DatabaseXmlConverter_XmlIdsToGuids_InvalidArgument" />
    </UnitTest>
    <UnitTest name="CreateHttpUri_EmptyString_ThrowsInvalidOperationException" storage="d:\actions-runner\_work\xpco\xpco\corporate\shared\common.integration\tst\videoos.common.integration.unittests\bin\x64\debug\net472\videoos.common.integration.unittests.dll" id="eeced600-da81-93ef-57ad-61708375d46d">
      <TestCategory>
        <TestCategoryItem TestCategory="UriHandling" />
      </TestCategory>
      <Execution id="a76dd2f4-69b8-4a56-a897-b65cf6eca36d" />
      <TestMethod codeBase="D:\actions-runner\_work\XPCO\XPCO\Corporate\Shared\Common.Integration\tst\VideoOS.Common.Integration.UnitTests\bin\x64\Debug\net472\VideoOS.Common.Integration.UnitTests.dll" adapterTypeName="executor://mstestadapter/v2" className="VideoOS.Common.Integration.UnitTests.Communication.UriHandlingUnitTests" name="CreateHttpUri_EmptyString_ThrowsInvalidOperationException" />
    </UnitTest>
    <UnitTest name="Ctor_Null_ThrowArgumentNullException" storage="d:\actions-runner\_work\xpco\xpco\corporate\shared\common.integration\tst\videoos.common.integration.unittests\bin\x64\debug\net472\videoos.common.integration.unittests.dll" id="328dbfdf-4def-bb23-125d-ff72ae5a4d4b">
      <Execution id="ec5695ab-7ac1-498f-ba23-744948faaa3a" />
      <TestMethod codeBase="D:\actions-runner\_work\XPCO\XPCO\Corporate\Shared\Common.Integration\tst\VideoOS.Common.Integration.UnitTests\bin\x64\Debug\net472\VideoOS.Common.Integration.UnitTests.dll" adapterTypeName="executor://mstestadapter/v2" className="VideoOS.Common.Integration.UnitTests.LinkedListIndexUnitTests" name="Ctor_Null_ThrowArgumentNullException" />
    </UnitTest>
    <UnitTest name="FindFrameIdx_TimeF2" storage="d:\actions-runner\_work\xpco\xpco\corporate\shared\common.integration\tst\videoos.common.integration.unittests\bin\x64\debug\net472\videoos.common.integration.unittests.dll" id="6c7d8215-38b1-02e9-d562-9273b1ad62df">
      <Execution id="2ca2a957-aa1e-4d49-8582-2b6fd908291f" />
      <TestMethod codeBase="D:\actions-runner\_work\XPCO\XPCO\Corporate\Shared\Common.Integration\tst\VideoOS.Common.Integration.UnitTests\bin\x64\Debug\net472\VideoOS.Common.Integration.UnitTests.dll" adapterTypeName="executor://mstestadapter/v2" className="VideoOS.Common.Integration.UnitTests.GenericGopTest" name="FindFrameIdx_TimeF2" />
    </UnitTest>
    <UnitTest name="CreateInstance_ValidName_ValidSearchMethod_Exact_MixedCase_Success" storage="d:\actions-runner\_work\xpco\xpco\corporate\shared\common.integration\tst\videoos.common.integration.unittests\bin\x64\debug\net472\videoos.common.integration.unittests.dll" id="19c5e6aa-859f-a6c7-3af9-c1227ec03175">
      <Execution id="a5e23f30-5039-4aa5-b938-3f746f31094f" />
      <TestMethod codeBase="D:\actions-runner\_work\XPCO\XPCO\Corporate\Shared\Common.Integration\tst\VideoOS.Common.Integration.UnitTests\bin\x64\Debug\net472\VideoOS.Common.Integration.UnitTests.dll" adapterTypeName="executor://mstestadapter/v2" className="VideoOS.Common.Integration.UnitTests.License.WhitelistMatchHelperTests" name="CreateInstance_ValidName_ValidSearchMethod_Exact_MixedCase_Success" />
    </UnitTest>
    <UnitTest name="ServerFileStorageQuota_Free_NonexistingConsumer_Success" storage="d:\actions-runner\_work\xpco\xpco\corporate\shared\common.integration\tst\videoos.common.integration.unittests\bin\x64\debug\net472\videoos.common.integration.unittests.dll" id="1f403e10-27f8-4256-9a64-ef56b259cbfb">
      <Execution id="7a6fdcc9-a9e4-4808-aada-2c17d439807c" />
      <TestMethod codeBase="D:\actions-runner\_work\XPCO\XPCO\Corporate\Shared\Common.Integration\tst\VideoOS.Common.Integration.UnitTests\bin\x64\Debug\net472\VideoOS.Common.Integration.UnitTests.dll" adapterTypeName="executor://mstestadapter/v2" className="VideoOS.Common.Integration.UnitTests.ServerFileStorageQuotaTests" name="ServerFileStorageQuota_Free_NonexistingConsumer_Success" />
    </UnitTest>
    <UnitTest name="ModelValidation_RequiredPropertiesAreNull_Failed" storage="d:\actions-runner\_work\xpco\xpco\corporate\shared\common.integration\tst\videoos.common.integration.unittests\bin\x64\debug\net472\videoos.common.integration.unittests.dll" id="063828b1-19f7-817c-f6d7-6bce08b2e5fb">
      <Execution id="5b4ac6ab-e1de-4eee-9534-1219068de947" />
      <TestMethod codeBase="D:\actions-runner\_work\XPCO\XPCO\Corporate\Shared\Common.Integration\tst\VideoOS.Common.Integration.UnitTests\bin\x64\Debug\net472\VideoOS.Common.Integration.UnitTests.dll" adapterTypeName="executor://mstestadapter/v2" className="VideoOS.Common.Integration.UnitTests.WebAPI.Model.RecorderTaskModelTest" name="ModelValidation_RequiredPropertiesAreNull_Failed" />
    </UnitTest>
    <UnitTest name="Constructor_FillsInIndexesOfOnlyCameraDevices_OnHwWithOtherDevicesThanCameras" storage="d:\actions-runner\_work\xpco\xpco\corporate\shared\common.integration\tst\videoos.common.integration.unittests\bin\x64\debug\net472\videoos.common.integration.unittests.dll" id="10f0f18f-7ed1-ca79-53c0-05985c3eca4f">
      <TestCategory>
        <TestCategoryItem TestCategory="Licensing" />
      </TestCategory>
      <Execution id="b10ee5cf-a4c0-419a-96eb-58be665f9601" />
      <TestMethod codeBase="D:\actions-runner\_work\XPCO\XPCO\Corporate\Shared\Common.Integration\tst\VideoOS.Common.Integration.UnitTests\bin\x64\Debug\net472\VideoOS.Common.Integration.UnitTests.dll" adapterTypeName="executor://mstestadapter/v2" className="VideoOS.Common.Integration.UnitTests.License.AggregateFeedDictionaryTests" name="Constructor_FillsInIndexesOfOnlyCameraDevices_OnHwWithOtherDevicesThanCameras" />
    </UnitTest>
    <UnitTest name="FeatureManager_SLC_Success" storage="d:\actions-runner\_work\xpco\xpco\corporate\shared\common.integration\tst\videoos.common.integration.unittests\bin\x64\debug\net472\videoos.common.integration.unittests.dll" id="7d40ebe1-d42f-de08-7005-707d1ccb79cc">
      <Execution id="c71675b9-4039-412e-9d3a-ac17b39af1a9" />
      <TestMethod codeBase="D:\actions-runner\_work\XPCO\XPCO\Corporate\Shared\Common.Integration\tst\VideoOS.Common.Integration.UnitTests\bin\x64\Debug\net472\VideoOS.Common.Integration.UnitTests.dll" adapterTypeName="executor://mstestadapter/v2" className="VideoOS.Common.Integration.UnitTests.License.FeatureManagerTest" name="FeatureManager_SLC_Success" />
    </UnitTest>
    <UnitTest name="SecurityTokenCollectionDto_Serialization_Success" storage="d:\actions-runner\_work\xpco\xpco\corporate\shared\common.integration\tst\videoos.common.integration.unittests\bin\x64\debug\net472\videoos.common.integration.unittests.dll" id="5dae9a01-046a-f6ce-125e-8a65c01a7e5f">
      <Execution id="db801fcb-dc1f-46cb-aa10-e208a845f44c" />
      <TestMethod codeBase="D:\actions-runner\_work\XPCO\XPCO\Corporate\Shared\Common.Integration\tst\VideoOS.Common.Integration.UnitTests\bin\x64\Debug\net472\VideoOS.Common.Integration.UnitTests.dll" adapterTypeName="executor://mstestadapter/v2" className="VideoOS.Common.Integration.UnitTests.Communication.DataTransferObjects.SecurityTokenCollectionDtoTest" name="SecurityTokenCollectionDto_Serialization_Success" />
    </UnitTest>
    <UnitTest name="CreateHardwareLicenseCountEvaluatorChannel_CallUpdateLicenseInfoWithInvalidParameter_ThrowsArgumentNullException" storage="d:\actions-runner\_work\xpco\xpco\corporate\shared\common.integration\tst\videoos.common.integration.unittests\bin\x64\debug\net472\videoos.common.integration.unittests.dll" id="7b9c8f8f-5028-5630-dd51-5dcea7a4641b">
      <TestCategory>
        <TestCategoryItem TestCategory="Licensing" />
      </TestCategory>
      <Execution id="47cdf11c-266c-40a8-8f0d-1187005c847f" />
      <TestMethod codeBase="D:\actions-runner\_work\XPCO\XPCO\Corporate\Shared\Common.Integration\tst\VideoOS.Common.Integration.UnitTests\bin\x64\Debug\net472\VideoOS.Common.Integration.UnitTests.dll" adapterTypeName="executor://mstestadapter/v2" className="VideoOS.Common.Integration.UnitTests.License.HardwareLicenseCountEvaluatorTests" name="CreateHardwareLicenseCountEvaluatorChannel_CallUpdateLicenseInfoWithInvalidParameter_ThrowsArgumentNullException" />
    </UnitTest>
    <UnitTest name="Mac_Address_Empty_Test_True_3" storage="d:\actions-runner\_work\xpco\xpco\corporate\shared\common.integration\tst\videoos.common.integration.unittests\bin\x64\debug\net472\videoos.common.integration.unittests.dll" id="0762ed34-4c9f-3d65-f424-2bc4f40fe600">
      <Execution id="76f570d3-5293-43d7-86e6-aa4cc4bb6050" />
      <TestMethod codeBase="D:\actions-runner\_work\XPCO\XPCO\Corporate\Shared\Common.Integration\tst\VideoOS.Common.Integration.UnitTests\bin\x64\Debug\net472\VideoOS.Common.Integration.UnitTests.dll" adapterTypeName="executor://mstestadapter/v2" className="VideoOS.Common.Integration.UnitTests.License.MacAddressUtilitiesTest" name="Mac_Address_Empty_Test_True_3" />
    </UnitTest>
    <UnitTest name="GetRecorderSNMPId_ServerEvent" storage="d:\actions-runner\_work\xpco\xpco\corporate\shared\common.integration\tst\videoos.common.integration.unittests\bin\x64\debug\net472\videoos.common.integration.unittests.dll" id="6d6d4649-f74c-00f6-7c94-65b35a1f1a78">
      <Execution id="2617614e-8855-41a6-9d8a-6f6aa7829424" />
      <TestMethod codeBase="D:\actions-runner\_work\XPCO\XPCO\Corporate\Shared\Common.Integration\tst\VideoOS.Common.Integration.UnitTests\bin\x64\Debug\net472\VideoOS.Common.Integration.UnitTests.dll" adapterTypeName="executor://mstestadapter/v2" className="VideoOS.Common.Integration.UnitTests.Definition.Event.BuiltInEventTypesTest" name="GetRecorderSNMPId_ServerEvent" />
    </UnitTest>
    <UnitTest name="HardwareInfo_HasCameraDevices_ReturnsFalse_WhenHardwareIsDisabled" storage="d:\actions-runner\_work\xpco\xpco\corporate\shared\common.integration\tst\videoos.common.integration.unittests\bin\x64\debug\net472\videoos.common.integration.unittests.dll" id="faf844ee-86b2-0372-521d-036a0449add9">
      <Execution id="9d48bcd7-59fd-4e53-9a9c-fd4e60c5b696" />
      <TestMethod codeBase="D:\actions-runner\_work\XPCO\XPCO\Corporate\Shared\Common.Integration\tst\VideoOS.Common.Integration.UnitTests\bin\x64\Debug\net472\VideoOS.Common.Integration.UnitTests.dll" adapterTypeName="executor://mstestadapter/v2" className="VideoOS.Common.Integration.UnitTests.License.HardwareInfoTests" name="HardwareInfo_HasCameraDevices_ReturnsFalse_WhenHardwareIsDisabled" />
    </UnitTest>
    <UnitTest name="RecorderInfo_AddHardware_VerifyAdded_Success" storage="d:\actions-runner\_work\xpco\xpco\corporate\shared\common.integration\tst\videoos.common.integration.unittests\bin\x64\debug\net472\videoos.common.integration.unittests.dll" id="6da55146-0dbd-deb8-a9b1-adaea7e2c0eb">
      <Execution id="6a9a1fa0-bb61-4417-b345-b18f26ee18df" />
      <TestMethod codeBase="D:\actions-runner\_work\XPCO\XPCO\Corporate\Shared\Common.Integration\tst\VideoOS.Common.Integration.UnitTests\bin\x64\Debug\net472\VideoOS.Common.Integration.UnitTests.dll" adapterTypeName="executor://mstestadapter/v2" className="VideoOS.Common.Integration.UnitTests.License.RecorderInfoTests" name="RecorderInfo_AddHardware_VerifyAdded_Success" />
    </UnitTest>
    <UnitTest name="StreamsConfiguration_EnsureLiveDefaultAndRecordTreads_No_DefaultLive_RunAlways_Selected" storage="d:\actions-runner\_work\xpco\xpco\corporate\shared\common.integration\tst\videoos.common.integration.unittests\bin\x64\debug\net472\videoos.common.integration.unittests.dll" id="356d03d6-003c-4362-f863-52f0e6e4bf29">
      <Execution id="2a1dccb5-e212-4a58-ba10-d33e00ff9827" />
      <TestMethod codeBase="D:\actions-runner\_work\XPCO\XPCO\Corporate\Shared\Common.Integration\tst\VideoOS.Common.Integration.UnitTests\bin\x64\Debug\net472\VideoOS.Common.Integration.UnitTests.dll" adapterTypeName="executor://mstestadapter/v2" className="VideoOS.Common.Integration.UnitTests.StreamsConfigurationUnitTests" name="StreamsConfiguration_EnsureLiveDefaultAndRecordTreads_No_DefaultLive_RunAlways_Selected" />
    </UnitTest>
    <UnitTest name="Device_Construct_InvalidLastModified_NotUtc_Throws_ArgumentException" storage="d:\actions-runner\_work\xpco\xpco\corporate\shared\common.integration\tst\videoos.common.integration.unittests\bin\x64\debug\net472\videoos.common.integration.unittests.dll" id="4018a871-05a7-8916-52cc-01ad41c28410">
      <Execution id="0ce0a58d-a1c2-4724-a587-efc40ccc9a21" />
      <TestMethod codeBase="D:\actions-runner\_work\XPCO\XPCO\Corporate\Shared\Common.Integration\tst\VideoOS.Common.Integration.UnitTests\bin\x64\Debug\net472\VideoOS.Common.Integration.UnitTests.dll" adapterTypeName="executor://mstestadapter/v2" className="VideoOS.Common.Integration.UnitTests.License.LicenseInfoTests" name="Device_Construct_InvalidLastModified_NotUtc_Throws_ArgumentException" />
    </UnitTest>
    <UnitTest name="PrepareMoveHardwareModel_Validate_Failed" storage="d:\actions-runner\_work\xpco\xpco\corporate\shared\common.integration\tst\videoos.common.integration.unittests\bin\x64\debug\net472\videoos.common.integration.unittests.dll" id="10f4c7e3-0b8f-ff11-3a86-e5d09f71a4dc">
      <Execution id="f8c1244e-2b6c-46ec-8a47-fa5d0fc5d882" />
      <TestMethod codeBase="D:\actions-runner\_work\XPCO\XPCO\Corporate\Shared\Common.Integration\tst\VideoOS.Common.Integration.UnitTests\bin\x64\Debug\net472\VideoOS.Common.Integration.UnitTests.dll" adapterTypeName="executor://mstestadapter/v2" className="VideoOS.Common.Integration.UnitTests.WebAPI.Model.PrepareMoveHardwareModelTest" name="PrepareMoveHardwareModel_Validate_Failed" />
    </UnitTest>
    <UnitTest name="LicenseActivationService_AcquireLicense_LicenseNotAllowed_ToManyHardwareRequested" storage="d:\actions-runner\_work\xpco\xpco\corporate\shared\common.integration\tst\videoos.common.integration.unittests\bin\x64\debug\net472\videoos.common.integration.unittests.dll" id="593585a6-465f-1c6a-563c-a1e9a0b919bc">
      <Execution id="bb6e148c-05ce-4ad9-b672-cbdd71bbd1e1" />
      <TestMethod codeBase="D:\actions-runner\_work\XPCO\XPCO\Corporate\Shared\Common.Integration\tst\VideoOS.Common.Integration.UnitTests\bin\x64\Debug\net472\VideoOS.Common.Integration.UnitTests.dll" adapterTypeName="executor://mstestadapter/v2" className="VideoOS.Common.Integration.UnitTests.License.LicenseActivationServiceTests" name="LicenseActivationService_AcquireLicense_LicenseNotAllowed_ToManyHardwareRequested" />
    </UnitTest>
    <UnitTest name="Encrypt_DataSetIsNull_ThrowsArgumentNullException" storage="d:\actions-runner\_work\xpco\xpco\corporate\shared\common.integration\tst\videoos.common.integration.unittests\bin\x64\debug\net472\videoos.common.integration.unittests.dll" id="2ac88b5e-e21a-d704-0b31-d00edcc113ea">
      <Execution id="a4f12f05-0976-48f9-8fb6-24a045f8b5ca" />
      <TestMethod codeBase="D:\actions-runner\_work\XPCO\XPCO\Corporate\Shared\Common.Integration\tst\VideoOS.Common.Integration.UnitTests\bin\x64\Debug\net472\VideoOS.Common.Integration.UnitTests.dll" adapterTypeName="executor://mstestadapter/v2" className="VideoOS.Common.Integration.UnitTests.Configuration.HostedHardwareTableAdapterTests" name="Encrypt_DataSetIsNull_ThrowsArgumentNullException" />
    </UnitTest>
    <UnitTest name="ReadChildElementValueAsUInt16_RangeCheck_Max_Exact" storage="d:\actions-runner\_work\xpco\xpco\corporate\shared\common.integration\tst\videoos.common.integration.unittests\bin\x64\debug\net472\videoos.common.integration.unittests.dll" id="ee8c74fe-137d-b4e4-25cc-ed18cd2ece80">
      <Execution id="08520bf6-1dc8-45ae-a7a3-873c7bcbd2e8" />
      <TestMethod codeBase="D:\actions-runner\_work\XPCO\XPCO\Corporate\Shared\Common.Integration\tst\VideoOS.Common.Integration.UnitTests\bin\x64\Debug\net472\VideoOS.Common.Integration.UnitTests.dll" adapterTypeName="executor://mstestadapter/v2" className="VideoOS.Common.Integration.UnitTests.XmlDocumentExtensionsCoreUnitTests" name="ReadChildElementValueAsUInt16_RangeCheck_Max_Exact" />
    </UnitTest>
    <UnitTest name="LicenseDocument_RetrievesSystemBuilderManufacturerId_Success" storage="d:\actions-runner\_work\xpco\xpco\corporate\shared\common.integration\tst\videoos.common.integration.unittests\bin\x64\debug\net472\videoos.common.integration.unittests.dll" id="86ee03b2-bd8d-d29f-bf3c-2d1d1f984432">
      <TestCategory>
        <TestCategoryItem TestCategory="LicenseDocumentTest" />
      </TestCategory>
      <Execution id="5a837183-f0fd-493c-b25b-599b9ff83053" />
      <TestMethod codeBase="D:\actions-runner\_work\XPCO\XPCO\Corporate\Shared\Common.Integration\tst\VideoOS.Common.Integration.UnitTests\bin\x64\Debug\net472\VideoOS.Common.Integration.UnitTests.dll" adapterTypeName="executor://mstestadapter/v2" className="VideoOS.Common.Integration.UnitTests.License.LicenseDocumentTests" name="LicenseDocument_RetrievesSystemBuilderManufacturerId_Success" />
    </UnitTest>
    <UnitTest name="HostedScanParameters_ToXmlRemovePasswords_PasswordsRemovedFromXml" storage="d:\actions-runner\_work\xpco\xpco\corporate\shared\common.integration\tst\videoos.common.integration.unittests\bin\x64\debug\net472\videoos.common.integration.unittests.dll" id="50005701-4e76-813c-4c2a-0aeaa0b08c54">
      <Execution id="535573e6-e066-4c3c-adee-86c00914913b" />
      <TestMethod codeBase="D:\actions-runner\_work\XPCO\XPCO\Corporate\Shared\Common.Integration\tst\VideoOS.Common.Integration.UnitTests\bin\x64\Debug\net472\VideoOS.Common.Integration.UnitTests.dll" adapterTypeName="executor://mstestadapter/v2" className="VideoOS.Common.Integration.UnitTests.HostedScanTest" name="HostedScanParameters_ToXmlRemovePasswords_PasswordsRemovedFromXml" />
    </UnitTest>
    <UnitTest name="SendAsync_ObjIsNull_ArgumentNullExceptionThrown" storage="d:\actions-runner\_work\xpco\xpco\corporate\shared\common.integration\tst\videoos.common.integration.unittests\bin\x64\debug\net472\videoos.common.integration.unittests.dll" id="35fc3889-4196-1a67-5fa1-0ace74d39e3e">
      <Execution id="07c33a41-571d-49ac-a167-f4eede127a74" />
      <TestMethod codeBase="D:\actions-runner\_work\XPCO\XPCO\Corporate\Shared\Common.Integration\tst\VideoOS.Common.Integration.UnitTests\bin\x64\Debug\net472\VideoOS.Common.Integration.UnitTests.dll" adapterTypeName="executor://mstestadapter/v2" className="VideoOS.Common.Integration.WebApi.HttpClientCommunicatorUnitTests" name="SendAsync_ObjIsNull_ArgumentNullExceptionThrown" />
    </UnitTest>
    <UnitTest name="UniqueIndex_RemoveEntry_Removes_Specified_Item" storage="d:\actions-runner\_work\xpco\xpco\corporate\shared\common.integration\tst\videoos.common.integration.unittests\bin\x64\debug\net472\videoos.common.integration.unittests.dll" id="95dbcce7-6bb4-a762-7a18-8841c3b7477e">
      <Execution id="0b029cc1-d067-437f-8ae7-eb001859db93" />
      <TestMethod codeBase="D:\actions-runner\_work\XPCO\XPCO\Corporate\Shared\Common.Integration\tst\VideoOS.Common.Integration.UnitTests\bin\x64\Debug\net472\VideoOS.Common.Integration.UnitTests.dll" adapterTypeName="executor://mstestadapter/v2" className="VideoOS.Common.Integration.UnitTests.IndexedCollectionUnitTests" name="UniqueIndex_RemoveEntry_Removes_Specified_Item" />
    </UnitTest>
    <UnitTest name="SecurityManager_HasApplicationPermission_StatusApi_Allowed" storage="d:\actions-runner\_work\xpco\xpco\corporate\shared\common.integration\tst\videoos.common.integration.unittests\bin\x64\debug\net472\videoos.common.integration.unittests.dll" id="f6f481c8-5657-b895-2c35-7ef81b526c07">
      <Execution id="fe7c5293-3dab-4ab6-a179-ba76691834bf" />
      <TestMethod codeBase="D:\actions-runner\_work\XPCO\XPCO\Corporate\Shared\Common.Integration\tst\VideoOS.Common.Integration.UnitTests\bin\x64\Debug\net472\VideoOS.Common.Integration.UnitTests.dll" adapterTypeName="executor://mstestadapter/v2" className="VideoOS.Common.Integration.UnitTests.Security.SecurityManagerUnitTests" name="SecurityManager_HasApplicationPermission_StatusApi_Allowed" />
    </UnitTest>
    <UnitTest name="LicenseDocument_ThrowsUnsupportedLicensingModeError_OnLicenseWithoutMaximumChannelCount" storage="d:\actions-runner\_work\xpco\xpco\corporate\shared\common.integration\tst\videoos.common.integration.unittests\bin\x64\debug\net472\videoos.common.integration.unittests.dll" id="b741393a-f04e-486c-32a6-bec151291934">
      <TestCategory>
        <TestCategoryItem TestCategory="LicenseDocumentTest" />
      </TestCategory>
      <Execution id="d458af02-ce7b-4c44-8ed3-7e3acc1f2a49" />
      <TestMethod codeBase="D:\actions-runner\_work\XPCO\XPCO\Corporate\Shared\Common.Integration\tst\VideoOS.Common.Integration.UnitTests\bin\x64\Debug\net472\VideoOS.Common.Integration.UnitTests.dll" adapterTypeName="executor://mstestadapter/v2" className="VideoOS.Common.Integration.UnitTests.License.LicenseDocumentTests" name="LicenseDocument_ThrowsUnsupportedLicensingModeError_OnLicenseWithoutMaximumChannelCount" />
    </UnitTest>
    <UnitTest name="SystemSettingTableAdapter_Encrypt_Success" storage="d:\actions-runner\_work\xpco\xpco\corporate\shared\common.integration\tst\videoos.common.integration.unittests\bin\x64\debug\net472\videoos.common.integration.unittests.dll" id="180196d8-f125-6614-48fa-62c49b0089e3">
      <Execution id="0ba65abd-92e9-4e04-90b7-9c4db94da41f" />
      <TestMethod codeBase="D:\actions-runner\_work\XPCO\XPCO\Corporate\Shared\Common.Integration\tst\VideoOS.Common.Integration.UnitTests\bin\x64\Debug\net472\VideoOS.Common.Integration.UnitTests.dll" adapterTypeName="executor://mstestadapter/v2" className="VideoOS.Common.Integration.UnitTests.Configuration.SystemSettingTableAdapterUnitTests" name="SystemSettingTableAdapter_Encrypt_Success" />
    </UnitTest>
    <UnitTest name="CreateHttpUri_NoScheme_UseDefaultPortTrue_BecomesHttpPort80" storage="d:\actions-runner\_work\xpco\xpco\corporate\shared\common.integration\tst\videoos.common.integration.unittests\bin\x64\debug\net472\videoos.common.integration.unittests.dll" id="2c38eb3c-edb8-62c6-4b8c-05eb78ccfdcb">
      <TestCategory>
        <TestCategoryItem TestCategory="UriHandling" />
      </TestCategory>
      <Execution id="06cb535f-b1c2-40b2-ae4e-07f8a201589f" />
      <TestMethod codeBase="D:\actions-runner\_work\XPCO\XPCO\Corporate\Shared\Common.Integration\tst\VideoOS.Common.Integration.UnitTests\bin\x64\Debug\net472\VideoOS.Common.Integration.UnitTests.dll" adapterTypeName="executor://mstestadapter/v2" className="VideoOS.Common.Integration.UnitTests.Communication.UriHandlingUnitTests" name="CreateHttpUri_NoScheme_UseDefaultPortTrue_BecomesHttpPort80" />
    </UnitTest>
    <UnitTest name="CreateHttpsUri_HttpDefaultPort_UsePort88_BecomesHttpsPort88" storage="d:\actions-runner\_work\xpco\xpco\corporate\shared\common.integration\tst\videoos.common.integration.unittests\bin\x64\debug\net472\videoos.common.integration.unittests.dll" id="b59ba4a6-fee4-5dbb-65c9-c1c9b74d3142">
      <TestCategory>
        <TestCategoryItem TestCategory="UriHandling" />
      </TestCategory>
      <Execution id="4c7f0383-fe45-4b42-af6e-3f7ff952cf81" />
      <TestMethod codeBase="D:\actions-runner\_work\XPCO\XPCO\Corporate\Shared\Common.Integration\tst\VideoOS.Common.Integration.UnitTests\bin\x64\Debug\net472\VideoOS.Common.Integration.UnitTests.dll" adapterTypeName="executor://mstestadapter/v2" className="VideoOS.Common.Integration.UnitTests.Communication.UriHandlingUnitTests" name="CreateHttpsUri_HttpDefaultPort_UsePort88_BecomesHttpsPort88" />
    </UnitTest>
    <UnitTest name="Send_NameResolutionFailure_EndpointNotFoundCalled" storage="d:\actions-runner\_work\xpco\xpco\corporate\shared\common.integration\tst\videoos.common.integration.unittests\bin\x64\debug\net472\videoos.common.integration.unittests.dll" id="d4e4459e-4e4b-4bcc-ed18-0a5cf77820ee">
      <Execution id="79fc20b8-dc5c-44ff-81cb-bc8d1de0c6b0" />
      <TestMethod codeBase="D:\actions-runner\_work\XPCO\XPCO\Corporate\Shared\Common.Integration\tst\VideoOS.Common.Integration.UnitTests\bin\x64\Debug\net472\VideoOS.Common.Integration.UnitTests.dll" adapterTypeName="executor://mstestadapter/v2" className="VideoOS.Common.Integration.WebApi.HttpClientCommunicatorUnitTests" name="Send_NameResolutionFailure_EndpointNotFoundCalled" />
    </UnitTest>
    <UnitTest name="ReceiveAsync_EndPointNull_ArgumentNullExceptionThrown" storage="d:\actions-runner\_work\xpco\xpco\corporate\shared\common.integration\tst\videoos.common.integration.unittests\bin\x64\debug\net472\videoos.common.integration.unittests.dll" id="216f6c1a-2538-c260-887d-c77c0606bca9">
      <Execution id="d9e1986c-fdb1-4a59-a9a0-5e7245b65e4c" />
      <TestMethod codeBase="D:\actions-runner\_work\XPCO\XPCO\Corporate\Shared\Common.Integration\tst\VideoOS.Common.Integration.UnitTests\bin\x64\Debug\net472\VideoOS.Common.Integration.UnitTests.dll" adapterTypeName="executor://mstestadapter/v2" className="VideoOS.Common.Integration.WebApi.HttpClientCommunicatorUnitTests" name="ReceiveAsync_EndPointNull_ArgumentNullExceptionThrown" />
    </UnitTest>
    <UnitTest name="PtzReserveSessionResponseModel_Validate_Success" storage="d:\actions-runner\_work\xpco\xpco\corporate\shared\common.integration\tst\videoos.common.integration.unittests\bin\x64\debug\net472\videoos.common.integration.unittests.dll" id="9ad2aeec-3666-a2fb-9c69-a673ccec420e">
      <Execution id="f8c3ba33-3e15-44cc-affd-10d0552e8a61" />
      <TestMethod codeBase="D:\actions-runner\_work\XPCO\XPCO\Corporate\Shared\Common.Integration\tst\VideoOS.Common.Integration.UnitTests\bin\x64\Debug\net472\VideoOS.Common.Integration.UnitTests.dll" adapterTypeName="executor://mstestadapter/v2" className="VideoOS.Common.Integration.UnitTests.WebAPI.Model.Server.Responses.PtzSessionResponseModelTest" name="PtzReserveSessionResponseModel_Validate_Success" />
    </UnitTest>
    <UnitTest name="DatabaseResponseArchiveInformationModel_Validate_Success" storage="d:\actions-runner\_work\xpco\xpco\corporate\shared\common.integration\tst\videoos.common.integration.unittests\bin\x64\debug\net472\videoos.common.integration.unittests.dll" id="2274515c-9c3d-1f47-ee0c-6ff1e6d12dca">
      <Execution id="acb13967-6fe3-412f-8c9b-ce605f14b6b1" />
      <TestMethod codeBase="D:\actions-runner\_work\XPCO\XPCO\Corporate\Shared\Common.Integration\tst\VideoOS.Common.Integration.UnitTests\bin\x64\Debug\net472\VideoOS.Common.Integration.UnitTests.dll" adapterTypeName="executor://mstestadapter/v2" className="VideoOS.Common.Integration.UnitTests.WebApi.Model.DatabaseResponseModelTest" name="DatabaseResponseArchiveInformationModel_Validate_Success" />
    </UnitTest>
    <UnitTest name="RecurringSchedule_Constructor" storage="d:\actions-runner\_work\xpco\xpco\corporate\shared\common.integration\tst\videoos.common.integration.unittests\bin\x64\debug\net472\videoos.common.integration.unittests.dll" id="33db52b2-d0e0-3277-f9f1-6ac9a0d865bd">
      <Execution id="8f194700-7263-41e4-85d0-e658a96b91b4" />
      <TestMethod codeBase="D:\actions-runner\_work\XPCO\XPCO\Corporate\Shared\Common.Integration\tst\VideoOS.Common.Integration.UnitTests\bin\x64\Debug\net472\VideoOS.Common.Integration.UnitTests.dll" adapterTypeName="executor://mstestadapter/v2" className="VideoOS.Common.Integration.UnitTests.Scheduling.RecurringScheduleTest" name="RecurringSchedule_Constructor" />
    </UnitTest>
    <UnitTest name="UpdateHardwareDriverModel_ValidModel_Success" storage="d:\actions-runner\_work\xpco\xpco\corporate\shared\common.integration\tst\videoos.common.integration.unittests\bin\x64\debug\net472\videoos.common.integration.unittests.dll" id="d7ead5dc-d9a9-6cd2-02fb-d5715f5c52d5">
      <Execution id="8fb0c670-fe0b-4371-840b-2c783958523e" />
      <TestMethod codeBase="D:\actions-runner\_work\XPCO\XPCO\Corporate\Shared\Common.Integration\tst\VideoOS.Common.Integration.UnitTests\bin\x64\Debug\net472\VideoOS.Common.Integration.UnitTests.dll" adapterTypeName="executor://mstestadapter/v2" className="VideoOS.Common.Integration.UnitTests.WebAPI.Model.UpdateHardwareDriverModelTest" name="UpdateHardwareDriverModel_ValidModel_Success" />
    </UnitTest>
    <UnitTest name="CalculateLicenseRequirementsForHardware_DisabledHardware_CustomZeroLicenseType" storage="d:\actions-runner\_work\xpco\xpco\corporate\shared\common.integration\tst\videoos.common.integration.unittests\bin\x64\debug\net472\videoos.common.integration.unittests.dll" id="86bf28b8-8ce1-1336-8ba5-dad3c8d27587">
      <Execution id="cadc4c79-b895-43e2-a5a4-23077679cefe" />
      <TestMethod codeBase="D:\actions-runner\_work\XPCO\XPCO\Corporate\Shared\Common.Integration\tst\VideoOS.Common.Integration.UnitTests\bin\x64\Debug\net472\VideoOS.Common.Integration.UnitTests.dll" adapterTypeName="executor://mstestadapter/v2" className="VideoOS.Common.Integration.UnitTests.License.LicenseCalculatorTests" name="CalculateLicenseRequirementsForHardware_DisabledHardware_CustomZeroLicenseType" />
    </UnitTest>
    <UnitTest name="Call_HttpPost_InvalidParam_DataToPostNull_ThrowsArgumentNullException" storage="d:\actions-runner\_work\xpco\xpco\corporate\shared\common.integration\tst\videoos.common.integration.unittests\bin\x64\debug\net472\videoos.common.integration.unittests.dll" id="39dc3075-04fc-82df-3916-06d2414a6be6">
      <Execution id="aea9c386-e573-41d4-8aa8-e2eb617eb72b" />
      <TestMethod codeBase="D:\actions-runner\_work\XPCO\XPCO\Corporate\Shared\Common.Integration\tst\VideoOS.Common.Integration.UnitTests\bin\x64\Debug\net472\VideoOS.Common.Integration.UnitTests.dll" adapterTypeName="executor://mstestadapter/v2" className="VideoOS.Common.Integration.UnitTests.Communication.HttpPostTests" name="Call_HttpPost_InvalidParam_DataToPostNull_ThrowsArgumentNullException" />
    </UnitTest>
    <UnitTest name="Receive_TokenCancellationExceptionThrown_ExceptionLoggedAndTimeoutExceptionThrown" storage="d:\actions-runner\_work\xpco\xpco\corporate\shared\common.integration\tst\videoos.common.integration.unittests\bin\x64\debug\net472\videoos.common.integration.unittests.dll" id="8137583d-b5a2-8cc4-15ed-97b48f8e86ed">
      <Execution id="ec090a62-b6b2-440c-b646-11726e58daed" />
      <TestMethod codeBase="D:\actions-runner\_work\XPCO\XPCO\Corporate\Shared\Common.Integration\tst\VideoOS.Common.Integration.UnitTests\bin\x64\Debug\net472\VideoOS.Common.Integration.UnitTests.dll" adapterTypeName="executor://mstestadapter/v2" className="VideoOS.Common.Integration.WebApi.HttpClientCommunicatorUnitTests" name="Receive_TokenCancellationExceptionThrown_ExceptionLoggedAndTimeoutExceptionThrown" />
    </UnitTest>
    <UnitTest name="FeatureManager_TryGetFeatureParameterValueT_Int_OutOfRange_Value" storage="d:\actions-runner\_work\xpco\xpco\corporate\shared\common.integration\tst\videoos.common.integration.unittests\bin\x64\debug\net472\videoos.common.integration.unittests.dll" id="ac46994b-04a8-77ef-2066-246951340cea">
      <Execution id="59f4c77f-8bca-4e87-90d6-87c0f83d3073" />
      <TestMethod codeBase="D:\actions-runner\_work\XPCO\XPCO\Corporate\Shared\Common.Integration\tst\VideoOS.Common.Integration.UnitTests\bin\x64\Debug\net472\VideoOS.Common.Integration.UnitTests.dll" adapterTypeName="executor://mstestadapter/v2" className="VideoOS.Common.Integration.UnitTests.License.FeatureManagerTest" name="FeatureManager_TryGetFeatureParameterValueT_Int_OutOfRange_Value" />
    </UnitTest>
    <UnitTest name="ServiceConnectionStatus_Construction_TimespanZero_ArgumentException" storage="d:\actions-runner\_work\xpco\xpco\corporate\shared\common.integration\tst\videoos.common.integration.unittests\bin\x64\debug\net472\videoos.common.integration.unittests.dll" id="945415cd-224b-6a51-d662-ea13ef7f9084">
      <Execution id="7ec7fd94-4ad2-4fee-bc8d-b4c07e343f62" />
      <TestMethod codeBase="D:\actions-runner\_work\XPCO\XPCO\Corporate\Shared\Common.Integration\tst\VideoOS.Common.Integration.UnitTests\bin\x64\Debug\net472\VideoOS.Common.Integration.UnitTests.dll" adapterTypeName="executor://mstestadapter/v2" className="VideoOS.Common.Integration.UnitTests.ServiceConnectionStatusTests" name="ServiceConnectionStatus_Construction_TimespanZero_ArgumentException" />
    </UnitTest>
    <UnitTest name="LicenseDocument_Constructor_ThrowsLicenseException_OnNullData" storage="d:\actions-runner\_work\xpco\xpco\corporate\shared\common.integration\tst\videoos.common.integration.unittests\bin\x64\debug\net472\videoos.common.integration.unittests.dll" id="fb527022-2a92-f246-b1d7-9e1a7faefac9">
      <TestCategory>
        <TestCategoryItem TestCategory="LicenseDocumentTest" />
      </TestCategory>
      <Execution id="d43bc7af-696d-40c6-8950-d53b7c63fdca" />
      <TestMethod codeBase="D:\actions-runner\_work\XPCO\XPCO\Corporate\Shared\Common.Integration\tst\VideoOS.Common.Integration.UnitTests\bin\x64\Debug\net472\VideoOS.Common.Integration.UnitTests.dll" adapterTypeName="executor://mstestadapter/v2" className="VideoOS.Common.Integration.UnitTests.License.LicenseDocumentTests" name="LicenseDocument_Constructor_ThrowsLicenseException_OnNullData" />
    </UnitTest>
    <UnitTest name="ServerFileStorage_Seek_PastStreamEnd_Exception" storage="d:\actions-runner\_work\xpco\xpco\corporate\shared\common.integration\tst\videoos.common.integration.unittests\bin\x64\debug\net472\videoos.common.integration.unittests.dll" id="093063e5-4e85-2605-7464-0185ca69aad4">
      <Execution id="78178c45-ed1e-46e7-8552-a2deb3e57431" />
      <TestMethod codeBase="D:\actions-runner\_work\XPCO\XPCO\Corporate\Shared\Common.Integration\tst\VideoOS.Common.Integration.UnitTests\bin\x64\Debug\net472\VideoOS.Common.Integration.UnitTests.dll" adapterTypeName="executor://mstestadapter/v2" className="VideoOS.Common.Integration.UnitTests.ServerFileStorageTests" name="ServerFileStorage_Seek_PastStreamEnd_Exception" />
    </UnitTest>
    <UnitTest name="AddItem_Null_ThrowArgumentNullException" storage="d:\actions-runner\_work\xpco\xpco\corporate\shared\common.integration\tst\videoos.common.integration.unittests\bin\x64\debug\net472\videoos.common.integration.unittests.dll" id="95896344-7ea8-0831-12c7-8c9b175a88fa">
      <Execution id="4c8cbacd-451e-429b-8564-bfe41797049d" />
      <TestMethod codeBase="D:\actions-runner\_work\XPCO\XPCO\Corporate\Shared\Common.Integration\tst\VideoOS.Common.Integration.UnitTests\bin\x64\Debug\net472\VideoOS.Common.Integration.UnitTests.dll" adapterTypeName="executor://mstestadapter/v2" className="VideoOS.Common.Integration.UnitTests.LinkedListIndexUnitTests" name="AddItem_Null_ThrowArgumentNullException" />
    </UnitTest>
    <UnitTest name="Test_IsMember_NoMembers" storage="d:\actions-runner\_work\xpco\xpco\corporate\shared\common.integration\tst\videoos.common.integration.unittests\bin\x64\debug\net472\videoos.common.integration.unittests.dll" id="107eabc5-a6da-8967-d62a-cc32fabff8f3">
      <Execution id="749f2fd3-efa6-4ba8-a632-ad8be00ae6c9" />
      <TestMethod codeBase="D:\actions-runner\_work\XPCO\XPCO\Corporate\Shared\Common.Integration\tst\VideoOS.Common.Integration.UnitTests\bin\x64\Debug\net472\VideoOS.Common.Integration.UnitTests.dll" adapterTypeName="executor://mstestadapter/v2" className="VideoOS.Common.Integration.UnitTests.Caching.MembershipCacheUnitTest" name="Test_IsMember_NoMembers" />
    </UnitTest>
    <UnitTest name="TaskModel_InvalidTaskType_Failed" storage="d:\actions-runner\_work\xpco\xpco\corporate\shared\common.integration\tst\videoos.common.integration.unittests\bin\x64\debug\net472\videoos.common.integration.unittests.dll" id="9ba25b4a-fbbc-78e4-6dfd-938192b3d92a">
      <Execution id="db883096-43ea-49a3-8697-621c9204a8eb" />
      <TestMethod codeBase="D:\actions-runner\_work\XPCO\XPCO\Corporate\Shared\Common.Integration\tst\VideoOS.Common.Integration.UnitTests\bin\x64\Debug\net472\VideoOS.Common.Integration.UnitTests.dll" adapterTypeName="executor://mstestadapter/v2" className="VideoOS.Common.Integration.UnitTests.WebAPI.Model.TaskModelTest" name="TaskModel_InvalidTaskType_Failed" />
    </UnitTest>
    <UnitTest name="ResponseModel_EmptyServiceId_ValidationFailure" storage="d:\actions-runner\_work\xpco\xpco\corporate\shared\common.integration\tst\videoos.common.integration.unittests\bin\x64\debug\net472\videoos.common.integration.unittests.dll" id="08dec44d-1c08-9a76-c0ec-d0a7bbbd645e">
      <Execution id="a91e7645-4027-4912-9b72-4b52b2061a8b" />
      <TestMethod codeBase="D:\actions-runner\_work\XPCO\XPCO\Corporate\Shared\Common.Integration\tst\VideoOS.Common.Integration.UnitTests\bin\x64\Debug\net472\VideoOS.Common.Integration.UnitTests.dll" adapterTypeName="executor://mstestadapter/v2" className="VideoOS.Common.Integration.UnitTests.WebAPI.Model.Server.Responses.ResponseModelTest" name="ResponseModel_EmptyServiceId_ValidationFailure" />
    </UnitTest>
    <UnitTest name="UpdateLicenseCount_DriverNotInWhiteList_ModelIsInWhiteList_ReturnsTrueAndChannelLicenseCountIsOne" storage="d:\actions-runner\_work\xpco\xpco\corporate\shared\common.integration\tst\videoos.common.integration.unittests\bin\x64\debug\net472\videoos.common.integration.unittests.dll" id="0bf24c68-8b03-7eb6-2151-1d3d218ef9f7">
      <TestCategory>
        <TestCategoryItem TestCategory="Licensing" />
      </TestCategory>
      <Execution id="d139a125-14f2-4d82-8f5a-b86a2cc11af0" />
      <TestMethod codeBase="D:\actions-runner\_work\XPCO\XPCO\Corporate\Shared\Common.Integration\tst\VideoOS.Common.Integration.UnitTests\bin\x64\Debug\net472\VideoOS.Common.Integration.UnitTests.dll" adapterTypeName="executor://mstestadapter/v2" className="VideoOS.Common.Integration.UnitTests.License.HardwareLicenseCountEvaluatorTests" name="UpdateLicenseCount_DriverNotInWhiteList_ModelIsInWhiteList_ReturnsTrueAndChannelLicenseCountIsOne" />
    </UnitTest>
    <UnitTest name="CreateHttpsUri_HttpNonDefaultPort_UseDefaultPortFalse_BecomesHttpsPort88" storage="d:\actions-runner\_work\xpco\xpco\corporate\shared\common.integration\tst\videoos.common.integration.unittests\bin\x64\debug\net472\videoos.common.integration.unittests.dll" id="1db15543-6c02-69df-74e4-5c1a5a9ca3d4">
      <TestCategory>
        <TestCategoryItem TestCategory="UriHandling" />
      </TestCategory>
      <Execution id="df4e4a39-fac3-471d-9d8d-64c801979733" />
      <TestMethod codeBase="D:\actions-runner\_work\XPCO\XPCO\Corporate\Shared\Common.Integration\tst\VideoOS.Common.Integration.UnitTests\bin\x64\Debug\net472\VideoOS.Common.Integration.UnitTests.dll" adapterTypeName="executor://mstestadapter/v2" className="VideoOS.Common.Integration.UnitTests.Communication.UriHandlingUnitTests" name="CreateHttpsUri_HttpNonDefaultPort_UseDefaultPortFalse_BecomesHttpsPort88" />
    </UnitTest>
    <UnitTest name="TestPasswordGenerationFromMissingPasswordRequirements" storage="d:\actions-runner\_work\xpco\xpco\corporate\shared\common.integration\tst\videoos.common.integration.unittests\bin\x64\debug\net472\videoos.common.integration.unittests.dll" id="2c89d3a7-ba0a-5b64-dd42-2fe97e3a5239">
      <Execution id="ea62534f-dc0f-4586-888c-1a5ac4331846" />
      <TestMethod codeBase="D:\actions-runner\_work\XPCO\XPCO\Corporate\Shared\Common.Integration\tst\VideoOS.Common.Integration.UnitTests\bin\x64\Debug\net472\VideoOS.Common.Integration.UnitTests.dll" adapterTypeName="executor://mstestadapter/v2" className="VideoOS.Common.Integration.UnitTests.PasswordMinMaxGenerator" name="TestPasswordGenerationFromMissingPasswordRequirements" />
    </UnitTest>
    <UnitTest name="CheckAllMIPFiltersKindsTestNotOk3" storage="d:\actions-runner\_work\xpco\xpco\corporate\shared\common.integration\tst\videoos.common.integration.unittests\bin\x64\debug\net472\videoos.common.integration.unittests.dll" id="30c683e9-51dc-de30-6884-521787acbf6b">
      <TestCategory>
        <TestCategoryItem TestCategory="Rules.MIPFilter" />
      </TestCategory>
      <Execution id="0f7d1c78-0ef3-4083-a472-51f60189cdc3" />
      <TestMethod codeBase="D:\actions-runner\_work\XPCO\XPCO\Corporate\Shared\Common.Integration\tst\VideoOS.Common.Integration.UnitTests\bin\x64\Debug\net472\VideoOS.Common.Integration.UnitTests.dll" adapterTypeName="executor://mstestadapter/v2" className="VideoOS.Common.Integration.UnitTests.Rules.MIPFilterTest" name="CheckAllMIPFiltersKindsTestNotOk3" />
    </UnitTest>
    <UnitTest name="ActivateArchiveModel_Validation_RequiredPropertiesAreNull_Failed" storage="d:\actions-runner\_work\xpco\xpco\corporate\shared\common.integration\tst\videoos.common.integration.unittests\bin\x64\debug\net472\videoos.common.integration.unittests.dll" id="c648d94e-d167-b7e5-f8a4-f61682d6b498">
      <Execution id="1cad49c2-5683-421a-938b-bb50c14fa32d" />
      <TestMethod codeBase="D:\actions-runner\_work\XPCO\XPCO\Corporate\Shared\Common.Integration\tst\VideoOS.Common.Integration.UnitTests\bin\x64\Debug\net472\VideoOS.Common.Integration.UnitTests.dll" adapterTypeName="executor://mstestadapter/v2" className="VideoOS.Common.Integration.UnitTests.WebAPI.Model.ActivateArchiveModelTest" name="ActivateArchiveModel_Validation_RequiredPropertiesAreNull_Failed" />
    </UnitTest>
    <UnitTest name="PtzPresetCollection_LoadXml_Success" storage="d:\actions-runner\_work\xpco\xpco\corporate\shared\common.integration\tst\videoos.common.integration.unittests\bin\x64\debug\net472\videoos.common.integration.unittests.dll" id="dfa4a51a-f529-aa33-50fa-2784e6e059d7">
      <Execution id="e2ff992e-b8cd-4a06-bb85-181bae9a5ce7" />
      <TestMethod codeBase="D:\actions-runner\_work\XPCO\XPCO\Corporate\Shared\Common.Integration\tst\VideoOS.Common.Integration.UnitTests\bin\x64\Debug\net472\VideoOS.Common.Integration.UnitTests.dll" adapterTypeName="executor://mstestadapter/v2" className="VideoOS.Common.Integration.UnitTests.PtzPresetCollectionUnitTests" name="PtzPresetCollection_LoadXml_Success" />
    </UnitTest>
    <UnitTest name="CreateHttpUri_HttpsNonDefaultPort_UseDefaultPortTrue_BecomesHttpPort80" storage="d:\actions-runner\_work\xpco\xpco\corporate\shared\common.integration\tst\videoos.common.integration.unittests\bin\x64\debug\net472\videoos.common.integration.unittests.dll" id="218e4c1d-1f10-9106-fd02-efc940b786c5">
      <TestCategory>
        <TestCategoryItem TestCategory="UriHandling" />
      </TestCategory>
      <Execution id="86b4db41-b12f-4a7d-8647-d7df046eee2b" />
      <TestMethod codeBase="D:\actions-runner\_work\XPCO\XPCO\Corporate\Shared\Common.Integration\tst\VideoOS.Common.Integration.UnitTests\bin\x64\Debug\net472\VideoOS.Common.Integration.UnitTests.dll" adapterTypeName="executor://mstestadapter/v2" className="VideoOS.Common.Integration.UnitTests.Communication.UriHandlingUnitTests" name="CreateHttpUri_HttpsNonDefaultPort_UseDefaultPortTrue_BecomesHttpPort80" />
    </UnitTest>
    <UnitTest name="DatabaseXmlConverter_DeviceXmlToStickerSize_Multiple" storage="d:\actions-runner\_work\xpco\xpco\corporate\shared\common.integration\tst\videoos.common.integration.unittests\bin\x64\debug\net472\videoos.common.integration.unittests.dll" id="9c06d1ba-ea2b-1bb0-fd83-2316c05808c9">
      <Execution id="54bd506d-ed5b-4f62-8137-a5a264bafffb" />
      <TestMethod codeBase="D:\actions-runner\_work\XPCO\XPCO\Corporate\Shared\Common.Integration\tst\VideoOS.Common.Integration.UnitTests\bin\x64\Debug\net472\VideoOS.Common.Integration.UnitTests.dll" adapterTypeName="executor://mstestadapter/v2" className="VideoOS.Common.Integration.UnitTests.DatabaseXmlConverterTest" name="DatabaseXmlConverter_DeviceXmlToStickerSize_Multiple" />
    </UnitTest>
    <UnitTest name="LicenseDocument_GetParameterValue_SmartWallExpireDate" storage="d:\actions-runner\_work\xpco\xpco\corporate\shared\common.integration\tst\videoos.common.integration.unittests\bin\x64\debug\net472\videoos.common.integration.unittests.dll" id="ffb4cf84-136a-5ffc-e042-30138822b484">
      <TestCategory>
        <TestCategoryItem TestCategory="LicenseDocumentTest" />
      </TestCategory>
      <Execution id="0b0d6fd0-10a2-4fde-9ef0-a12229969b35" />
      <TestMethod codeBase="D:\actions-runner\_work\XPCO\XPCO\Corporate\Shared\Common.Integration\tst\VideoOS.Common.Integration.UnitTests\bin\x64\Debug\net472\VideoOS.Common.Integration.UnitTests.dll" adapterTypeName="executor://mstestadapter/v2" className="VideoOS.Common.Integration.UnitTests.License.LicenseDocumentTests" name="LicenseDocument_GetParameterValue_SmartWallExpireDate" />
    </UnitTest>
    <UnitTest name="PtzPresetCollection_KeyIndexer_Success" storage="d:\actions-runner\_work\xpco\xpco\corporate\shared\common.integration\tst\videoos.common.integration.unittests\bin\x64\debug\net472\videoos.common.integration.unittests.dll" id="130f1d31-4e3b-f47a-5ffa-e1e0aa4b66b9">
      <Execution id="c944e057-f0b8-4dd1-a327-53adc688b31d" />
      <TestMethod codeBase="D:\actions-runner\_work\XPCO\XPCO\Corporate\Shared\Common.Integration\tst\VideoOS.Common.Integration.UnitTests\bin\x64\Debug\net472\VideoOS.Common.Integration.UnitTests.dll" adapterTypeName="executor://mstestadapter/v2" className="VideoOS.Common.Integration.UnitTests.PtzPresetCollectionUnitTests" name="PtzPresetCollection_KeyIndexer_Success" />
    </UnitTest>
    <UnitTest name="RulesTableAdapter_ClearUserSid_Twice_InvalidOperationException" storage="d:\actions-runner\_work\xpco\xpco\corporate\shared\common.integration\tst\videoos.common.integration.unittests\bin\x64\debug\net472\videoos.common.integration.unittests.dll" id="86b90298-7079-4f14-fd5e-ec1d4595e4d7">
      <Execution id="70237e6e-3333-4e73-8d6e-c38265419981" />
      <TestMethod codeBase="D:\actions-runner\_work\XPCO\XPCO\Corporate\Shared\Common.Integration\tst\VideoOS.Common.Integration.UnitTests\bin\x64\Debug\net472\VideoOS.Common.Integration.UnitTests.dll" adapterTypeName="executor://mstestadapter/v2" className="VideoOS.Common.Integration.UnitTests.Configuration.RulesTableAdapterUnitTests" name="RulesTableAdapter_ClearUserSid_Twice_InvalidOperationException" />
    </UnitTest>
    <UnitTest name="HttpClientCommunicatorWrapper_Send_CommunicationException" storage="d:\actions-runner\_work\xpco\xpco\corporate\shared\common.integration\tst\videoos.common.integration.unittests\bin\x64\debug\net472\videoos.common.integration.unittests.dll" id="f547ba9a-3e8a-0280-9c82-47b0dd4ab792">
      <Execution id="fd9d7202-ec1c-4174-8489-a48cd2302e1d" />
      <TestMethod codeBase="D:\actions-runner\_work\XPCO\XPCO\Corporate\Shared\Common.Integration\tst\VideoOS.Common.Integration.UnitTests\bin\x64\Debug\net472\VideoOS.Common.Integration.UnitTests.dll" adapterTypeName="executor://mstestadapter/v2" className="VideoOS.Common.Integration.UnitTests.WebAPI.HttpClientCommunicatorWrapperTests" name="HttpClientCommunicatorWrapper_Send_CommunicationException" />
    </UnitTest>
    <UnitTest name="CreateInstance_ValidName_ValidSearchMethod_Partial_MixedCase_Success" storage="d:\actions-runner\_work\xpco\xpco\corporate\shared\common.integration\tst\videoos.common.integration.unittests\bin\x64\debug\net472\videoos.common.integration.unittests.dll" id="4dd883e5-76f8-1fd6-dedb-c94bc0363146">
      <Execution id="ac0cef67-719a-4220-a140-fb219ae9d639" />
      <TestMethod codeBase="D:\actions-runner\_work\XPCO\XPCO\Corporate\Shared\Common.Integration\tst\VideoOS.Common.Integration.UnitTests\bin\x64\Debug\net472\VideoOS.Common.Integration.UnitTests.dll" adapterTypeName="executor://mstestadapter/v2" className="VideoOS.Common.Integration.UnitTests.License.WhitelistMatchHelperTests" name="CreateInstance_ValidName_ValidSearchMethod_Partial_MixedCase_Success" />
    </UnitTest>
    <UnitTest name="ReadAttributeAsInt32_NoChild" storage="d:\actions-runner\_work\xpco\xpco\corporate\shared\common.integration\tst\videoos.common.integration.unittests\bin\x64\debug\net472\videoos.common.integration.unittests.dll" id="6e4974d9-e3ff-3885-68b1-cdf2eb46c979">
      <Execution id="fd50599f-8f83-4627-ad8a-3485c2b88fad" />
      <TestMethod codeBase="D:\actions-runner\_work\XPCO\XPCO\Corporate\Shared\Common.Integration\tst\VideoOS.Common.Integration.UnitTests\bin\x64\Debug\net472\VideoOS.Common.Integration.UnitTests.dll" adapterTypeName="executor://mstestadapter/v2" className="VideoOS.Common.Integration.UnitTests.XmlDocumentExtensionsCoreUnitTests" name="ReadAttributeAsInt32_NoChild" />
    </UnitTest>
    <UnitTest name="SystemSettingTableAdapter_Decrypt_Success" storage="d:\actions-runner\_work\xpco\xpco\corporate\shared\common.integration\tst\videoos.common.integration.unittests\bin\x64\debug\net472\videoos.common.integration.unittests.dll" id="5f5ad44f-fb33-632b-1ec5-5b33da5768be">
      <Execution id="3651fc8b-b36d-4536-b40d-a3d3646ac606" />
      <TestMethod codeBase="D:\actions-runner\_work\XPCO\XPCO\Corporate\Shared\Common.Integration\tst\VideoOS.Common.Integration.UnitTests\bin\x64\Debug\net472\VideoOS.Common.Integration.UnitTests.dll" adapterTypeName="executor://mstestadapter/v2" className="VideoOS.Common.Integration.UnitTests.Configuration.SystemSettingTableAdapterUnitTests" name="SystemSettingTableAdapter_Decrypt_Success" />
    </UnitTest>
    <UnitTest name="Schemes_SerializeAndDeserializeEmptyItemTest" storage="d:\actions-runner\_work\xpco\xpco\corporate\shared\common.integration\tst\videoos.common.integration.unittests\bin\x64\debug\net472\videoos.common.integration.unittests.dll" id="8b3bdd76-be17-d72f-6f3e-f2f3dbdb323c">
      <Execution id="9df56041-572f-456c-a63b-df760d75b7e4" />
      <TestMethod codeBase="D:\actions-runner\_work\XPCO\XPCO\Corporate\Shared\Common.Integration\tst\VideoOS.Common.Integration.UnitTests\bin\x64\Debug\net472\VideoOS.Common.Integration.UnitTests.dll" adapterTypeName="executor://mstestadapter/v2" className="VideoOS.Common.Integration.UnitTests.DeviceDiscovery.SchemesTest" name="Schemes_SerializeAndDeserializeEmptyItemTest" />
    </UnitTest>
    <UnitTest name="GetPresetByKey_ByIdMoreThanOnePreset" storage="d:\actions-runner\_work\xpco\xpco\corporate\shared\common.integration\tst\videoos.common.integration.unittests\bin\x64\debug\net472\videoos.common.integration.unittests.dll" id="17fa2fd1-7883-271f-267b-2cd622394c50">
      <Execution id="f3376c13-f58f-4c1a-b649-949603f595b6" />
      <TestMethod codeBase="D:\actions-runner\_work\XPCO\XPCO\Corporate\Shared\Common.Integration\tst\VideoOS.Common.Integration.UnitTests\bin\x64\Debug\net472\VideoOS.Common.Integration.UnitTests.dll" adapterTypeName="executor://mstestadapter/v2" className="VideoOS.Common.Integration.UnitTests.PtzPresetCollectionUnitTests" name="GetPresetByKey_ByIdMoreThanOnePreset" />
    </UnitTest>
    <UnitTest name="ReadAttributeAsInt32_InvalidData" storage="d:\actions-runner\_work\xpco\xpco\corporate\shared\common.integration\tst\videoos.common.integration.unittests\bin\x64\debug\net472\videoos.common.integration.unittests.dll" id="33e78198-6e35-ee3a-4817-ac31f5eb04e5">
      <Execution id="d6dfee6d-a230-415b-8631-d5355c225c6f" />
      <TestMethod codeBase="D:\actions-runner\_work\XPCO\XPCO\Corporate\Shared\Common.Integration\tst\VideoOS.Common.Integration.UnitTests\bin\x64\Debug\net472\VideoOS.Common.Integration.UnitTests.dll" adapterTypeName="executor://mstestadapter/v2" className="VideoOS.Common.Integration.UnitTests.XmlDocumentExtensionsCoreUnitTests" name="ReadAttributeAsInt32_InvalidData" />
    </UnitTest>
    <UnitTest name="ScheduledTimeReachedFunctionScheduledDateTimeReachedForTwoTokensTest" storage="d:\actions-runner\_work\xpco\xpco\corporate\shared\common.integration\tst\videoos.common.integration.unittests\bin\x64\debug\net472\videoos.common.integration.unittests.dll" id="e34de6a5-5f57-c953-a0ee-421d62e26c4c">
      <Execution id="4b725ad1-85f7-4496-97c8-8d21f391e8bd" />
      <TestMethod codeBase="D:\actions-runner\_work\XPCO\XPCO\Corporate\Shared\Common.Integration\tst\VideoOS.Common.Integration.UnitTests\bin\x64\Debug\net472\VideoOS.Common.Integration.UnitTests.dll" adapterTypeName="executor://mstestadapter/v2" className="VideoOS.Common.Integration.UnitTests.Rules.ScheduledTimeReachedFunctionTest" name="ScheduledTimeReachedFunctionScheduledDateTimeReachedForTwoTokensTest" />
    </UnitTest>
    <UnitTest name="LicenseCalculationResult_Validate_LicenseCount_Throws_ArgumentOutOfRangeException" storage="d:\actions-runner\_work\xpco\xpco\corporate\shared\common.integration\tst\videoos.common.integration.unittests\bin\x64\debug\net472\videoos.common.integration.unittests.dll" id="df043f0c-e9e8-6531-3c81-0cb0a9f9d667">
      <Execution id="03475a39-3053-4bb0-88d6-6756204d13d9" />
      <TestMethod codeBase="D:\actions-runner\_work\XPCO\XPCO\Corporate\Shared\Common.Integration\tst\VideoOS.Common.Integration.UnitTests\bin\x64\Debug\net472\VideoOS.Common.Integration.UnitTests.dll" adapterTypeName="executor://mstestadapter/v2" className="VideoOS.Common.Integration.UnitTests.License.LicenseCalculatorTests" name="LicenseCalculationResult_Validate_LicenseCount_Throws_ArgumentOutOfRangeException" />
    </UnitTest>
    <UnitTest name="WhiteList_CreateInstanceWithoutAttributesParameter_RaisesArgumentException" storage="d:\actions-runner\_work\xpco\xpco\corporate\shared\common.integration\tst\videoos.common.integration.unittests\bin\x64\debug\net472\videoos.common.integration.unittests.dll" id="3ee5c1cb-2da7-8d79-fdd9-2e8056204da5">
      <TestCategory>
        <TestCategoryItem TestCategory="Licensing" />
      </TestCategory>
      <Execution id="d7185263-9835-4bbe-bc4e-1b18eb27fd90" />
      <TestMethod codeBase="D:\actions-runner\_work\XPCO\XPCO\Corporate\Shared\Common.Integration\tst\VideoOS.Common.Integration.UnitTests\bin\x64\Debug\net472\VideoOS.Common.Integration.UnitTests.dll" adapterTypeName="executor://mstestadapter/v2" className="VideoOS.Common.Integration.UnitTests.License.LicenseWhitelistTests" name="WhiteList_CreateInstanceWithoutAttributesParameter_RaisesArgumentException" />
    </UnitTest>
    <UnitTest name="IsEnumerationValueAac_ReturnsFalse_OnValueWithoutAac" storage="d:\actions-runner\_work\xpco\xpco\corporate\shared\common.integration\tst\videoos.common.integration.unittests\bin\x64\debug\net472\videoos.common.integration.unittests.dll" id="1388ff5c-50de-cc86-d0b2-d19866f62f9c">
      <Execution id="1b860038-3f6f-437e-8f70-b164dccc1240" />
      <TestMethod codeBase="D:\actions-runner\_work\XPCO\XPCO\Corporate\Shared\Common.Integration\tst\VideoOS.Common.Integration.UnitTests\bin\x64\Debug\net472\VideoOS.Common.Integration.UnitTests.dll" adapterTypeName="executor://mstestadapter/v2" className="VideoOS.Common.Integration.UnitTests.DriverDefinition.DefinitionUtilityTests" name="IsEnumerationValueAac_ReturnsFalse_OnValueWithoutAac" />
    </UnitTest>
    <UnitTest name="CheckAllMIPFiltersKindsTestOk2" storage="d:\actions-runner\_work\xpco\xpco\corporate\shared\common.integration\tst\videoos.common.integration.unittests\bin\x64\debug\net472\videoos.common.integration.unittests.dll" id="e044c42f-312e-1694-ede7-afdb126f7b59">
      <TestCategory>
        <TestCategoryItem TestCategory="Rules.MIPFilter" />
      </TestCategory>
      <Execution id="b67b6392-05a2-46c6-b029-d406bd185cf7" />
      <TestMethod codeBase="D:\actions-runner\_work\XPCO\XPCO\Corporate\Shared\Common.Integration\tst\VideoOS.Common.Integration.UnitTests\bin\x64\Debug\net472\VideoOS.Common.Integration.UnitTests.dll" adapterTypeName="executor://mstestadapter/v2" className="VideoOS.Common.Integration.UnitTests.Rules.MIPFilterTest" name="CheckAllMIPFiltersKindsTestOk2" />
    </UnitTest>
    <UnitTest name="ErrorResponseModel_NoValuesSet_ValidationFailure" storage="d:\actions-runner\_work\xpco\xpco\corporate\shared\common.integration\tst\videoos.common.integration.unittests\bin\x64\debug\net472\videoos.common.integration.unittests.dll" id="fe9bc6f3-5ae0-a5e5-ce28-a1c76df55560">
      <Execution id="ab1f1252-185e-4d14-8339-106a572d9695" />
      <TestMethod codeBase="D:\actions-runner\_work\XPCO\XPCO\Corporate\Shared\Common.Integration\tst\VideoOS.Common.Integration.UnitTests\bin\x64\Debug\net472\VideoOS.Common.Integration.UnitTests.dll" adapterTypeName="executor://mstestadapter/v2" className="VideoOS.Common.Integration.UnitTests.WebAPI.Model.Recorder.Responses.ErrorResponseModelTest" name="ErrorResponseModel_NoValuesSet_ValidationFailure" />
    </UnitTest>
    <UnitTest name="ServerFileStorageQuota_ThreeConsumers_AboveLimit_PartialFail" storage="d:\actions-runner\_work\xpco\xpco\corporate\shared\common.integration\tst\videoos.common.integration.unittests\bin\x64\debug\net472\videoos.common.integration.unittests.dll" id="48a51aa5-8271-66b9-e7bb-589380017364">
      <Execution id="728c169d-b4b2-4b11-b369-91dfcf46153e" />
      <TestMethod codeBase="D:\actions-runner\_work\XPCO\XPCO\Corporate\Shared\Common.Integration\tst\VideoOS.Common.Integration.UnitTests\bin\x64\Debug\net472\VideoOS.Common.Integration.UnitTests.dll" adapterTypeName="executor://mstestadapter/v2" className="VideoOS.Common.Integration.UnitTests.ServerFileStorageQuotaTests" name="ServerFileStorageQuota_ThreeConsumers_AboveLimit_PartialFail" />
    </UnitTest>
    <UnitTest name="ProcessMessage_Command_Bulkable_MaxBulkSize_GreaterThan_Commands_InQueue" storage="d:\actions-runner\_work\xpco\xpco\corporate\shared\common.integration\tst\videoos.common.integration.unittests\bin\x64\debug\net472\videoos.common.integration.unittests.dll" id="e792bf44-9d89-9fbe-3551-beb82e507424">
      <Execution id="4cee2eaf-1cfe-4894-b9ba-ddf02210b842" />
      <TestMethod codeBase="D:\actions-runner\_work\XPCO\XPCO\Corporate\Shared\Common.Integration\tst\VideoOS.Common.Integration.UnitTests\bin\x64\Debug\net472\VideoOS.Common.Integration.UnitTests.dll" adapterTypeName="executor://mstestadapter/v2" className="VideoOS.Common.Integration.UnitTests.MessageProcessing.ThreadPoolBulkMessageProcessorUnitTest" name="ProcessMessage_Command_Bulkable_MaxBulkSize_GreaterThan_Commands_InQueue" />
    </UnitTest>
    <UnitTest name="GetItemsByKey_SingleItem_ReturnsOneItem" storage="d:\actions-runner\_work\xpco\xpco\corporate\shared\common.integration\tst\videoos.common.integration.unittests\bin\x64\debug\net472\videoos.common.integration.unittests.dll" id="b96dda28-dd27-8422-6b01-65ffbda5b871">
      <Execution id="cf6b24ff-8a77-4c66-a4a1-474c238bbf14" />
      <TestMethod codeBase="D:\actions-runner\_work\XPCO\XPCO\Corporate\Shared\Common.Integration\tst\VideoOS.Common.Integration.UnitTests\bin\x64\Debug\net472\VideoOS.Common.Integration.UnitTests.dll" adapterTypeName="executor://mstestadapter/v2" className="VideoOS.Common.Integration.UnitTests.LinkedListIndexUnitTests" name="GetItemsByKey_SingleItem_ReturnsOneItem" />
    </UnitTest>
    <UnitTest name="ResponseModel_Validate_Success" storage="d:\actions-runner\_work\xpco\xpco\corporate\shared\common.integration\tst\videoos.common.integration.unittests\bin\x64\debug\net472\videoos.common.integration.unittests.dll" id="feac0fb9-cc87-e079-1135-a7b100b0efdb">
      <Execution id="a380102f-b077-4f51-ba08-d54eb71654f3" />
      <TestMethod codeBase="D:\actions-runner\_work\XPCO\XPCO\Corporate\Shared\Common.Integration\tst\VideoOS.Common.Integration.UnitTests\bin\x64\Debug\net472\VideoOS.Common.Integration.UnitTests.dll" adapterTypeName="executor://mstestadapter/v2" className="VideoOS.Common.Integration.UnitTests.WebAPI.Model.Recorder.Responses.ResponseModelTest" name="ResponseModel_Validate_Success" />
    </UnitTest>
    <UnitTest name="LicenseDocument_Constructor_ThrowsArgumentNullException_OnEmptyStringParam" storage="d:\actions-runner\_work\xpco\xpco\corporate\shared\common.integration\tst\videoos.common.integration.unittests\bin\x64\debug\net472\videoos.common.integration.unittests.dll" id="0d129f65-608c-48fe-7bbe-617ecdfce641">
      <Execution id="d5ada8ca-a3d6-46f1-94fc-a07842b81cb7" />
      <TestMethod codeBase="D:\actions-runner\_work\XPCO\XPCO\Corporate\Shared\Common.Integration\tst\VideoOS.Common.Integration.UnitTests\bin\x64\Debug\net472\VideoOS.Common.Integration.UnitTests.dll" adapterTypeName="executor://mstestadapter/v2" className="VideoOS.Common.Integration.UnitTests.License.LicenseDocumentTests" name="LicenseDocument_Constructor_ThrowsArgumentNullException_OnEmptyStringParam" />
    </UnitTest>
    <UnitTest name="StreamsConfiguration_ValidateConfiguration_Two_Recording_Streams_UnknownTrackStreamError" storage="d:\actions-runner\_work\xpco\xpco\corporate\shared\common.integration\tst\videoos.common.integration.unittests\bin\x64\debug\net472\videoos.common.integration.unittests.dll" id="7e345f07-c556-d967-79a6-d801b42f883c">
      <Execution id="9812e6bc-6303-4943-a0b1-96fae374bb70" />
      <TestMethod codeBase="D:\actions-runner\_work\XPCO\XPCO\Corporate\Shared\Common.Integration\tst\VideoOS.Common.Integration.UnitTests\bin\x64\Debug\net472\VideoOS.Common.Integration.UnitTests.dll" adapterTypeName="executor://mstestadapter/v2" className="VideoOS.Common.Integration.UnitTests.StreamsConfigurationUnitTests" name="StreamsConfiguration_ValidateConfiguration_Two_Recording_Streams_UnknownTrackStreamError" />
    </UnitTest>
    <UnitTest name="ServerFileStorage_GetStorage_DoesNotExist_ReturnsNull" storage="d:\actions-runner\_work\xpco\xpco\corporate\shared\common.integration\tst\videoos.common.integration.unittests\bin\x64\debug\net472\videoos.common.integration.unittests.dll" id="afaf7d5c-e759-9810-8c50-94b281cf741c">
      <Execution id="e9204b8e-2855-4c62-8271-e2a9ce3fdd9f" />
      <TestMethod codeBase="D:\actions-runner\_work\XPCO\XPCO\Corporate\Shared\Common.Integration\tst\VideoOS.Common.Integration.UnitTests\bin\x64\Debug\net472\VideoOS.Common.Integration.UnitTests.dll" adapterTypeName="executor://mstestadapter/v2" className="VideoOS.Common.Integration.UnitTests.ServerFileStorageTests" name="ServerFileStorage_GetStorage_DoesNotExist_ReturnsNull" />
    </UnitTest>
    <UnitTest name="LicenseDocument_ThrowsUnsupportedLicensingModeError_OnLicenseWithoutLicensingFeatureFlags" storage="d:\actions-runner\_work\xpco\xpco\corporate\shared\common.integration\tst\videoos.common.integration.unittests\bin\x64\debug\net472\videoos.common.integration.unittests.dll" id="57a9c9bd-7aac-1cf5-4fa5-9b6213eb2353">
      <TestCategory>
        <TestCategoryItem TestCategory="LicenseDocumentTest" />
      </TestCategory>
      <Execution id="3b65a225-750d-4836-8058-ba9fe7f7f0b6" />
      <TestMethod codeBase="D:\actions-runner\_work\XPCO\XPCO\Corporate\Shared\Common.Integration\tst\VideoOS.Common.Integration.UnitTests\bin\x64\Debug\net472\VideoOS.Common.Integration.UnitTests.dll" adapterTypeName="executor://mstestadapter/v2" className="VideoOS.Common.Integration.UnitTests.License.LicenseDocumentTests" name="LicenseDocument_ThrowsUnsupportedLicensingModeError_OnLicenseWithoutLicensingFeatureFlags" />
    </UnitTest>
    <UnitTest name="CreateHttpUri_NoSchemeWithPort_UseDefaultPortFalse_BecomesHttpPort444" storage="d:\actions-runner\_work\xpco\xpco\corporate\shared\common.integration\tst\videoos.common.integration.unittests\bin\x64\debug\net472\videoos.common.integration.unittests.dll" id="ecd5a7ff-d01e-b972-8929-8cd318d1ee7d">
      <TestCategory>
        <TestCategoryItem TestCategory="UriHandling" />
      </TestCategory>
      <Execution id="1496451e-aad8-47e7-86b4-2139653c35fb" />
      <TestMethod codeBase="D:\actions-runner\_work\XPCO\XPCO\Corporate\Shared\Common.Integration\tst\VideoOS.Common.Integration.UnitTests\bin\x64\Debug\net472\VideoOS.Common.Integration.UnitTests.dll" adapterTypeName="executor://mstestadapter/v2" className="VideoOS.Common.Integration.UnitTests.Communication.UriHandlingUnitTests" name="CreateHttpUri_NoSchemeWithPort_UseDefaultPortFalse_BecomesHttpPort444" />
    </UnitTest>
    <UnitTest name="CreateHttpsUri_HttpDefaultPort_UsePort65535_BecomesHttpsPort65535" storage="d:\actions-runner\_work\xpco\xpco\corporate\shared\common.integration\tst\videoos.common.integration.unittests\bin\x64\debug\net472\videoos.common.integration.unittests.dll" id="25fc7e88-a2c3-3844-bb7c-510941df4618">
      <Execution id="c3ef57c6-2b9e-4585-a95f-28a734f258ea" />
      <TestMethod codeBase="D:\actions-runner\_work\XPCO\XPCO\Corporate\Shared\Common.Integration\tst\VideoOS.Common.Integration.UnitTests\bin\x64\Debug\net472\VideoOS.Common.Integration.UnitTests.dll" adapterTypeName="executor://mstestadapter/v2" className="VideoOS.Common.Integration.UnitTests.Communication.UriHandlingUnitTests" name="CreateHttpsUri_HttpDefaultPort_UsePort65535_BecomesHttpsPort65535" />
    </UnitTest>
    <UnitTest name="ProductCodeTest" storage="d:\actions-runner\_work\xpco\xpco\corporate\shared\common.integration\tst\videoos.common.integration.unittests\bin\x64\debug\net472\videoos.common.integration.unittests.dll" id="972a74a6-da00-3d42-6671-102dcbc602e4">
      <Execution id="84e97fcf-6637-48a5-933a-7d4b5641144a" />
      <TestMethod codeBase="D:\actions-runner\_work\XPCO\XPCO\Corporate\Shared\Common.Integration\tst\VideoOS.Common.Integration.UnitTests\bin\x64\Debug\net472\VideoOS.Common.Integration.UnitTests.dll" adapterTypeName="executor://mstestadapter/v2" className="VideoOS.Common.Integration.UnitTests.Oem.AProductVersionUnitTest" name="ProductCodeTest" />
    </UnitTest>
    <UnitTest name="ReadChildElementValueAsUInt32_RangeCheck_Max" storage="d:\actions-runner\_work\xpco\xpco\corporate\shared\common.integration\tst\videoos.common.integration.unittests\bin\x64\debug\net472\videoos.common.integration.unittests.dll" id="d3728665-a3db-a727-4565-a08d6811d5de">
      <Execution id="01ffaf1b-3d24-4991-869e-0dfd199741e5" />
      <TestMethod codeBase="D:\actions-runner\_work\XPCO\XPCO\Corporate\Shared\Common.Integration\tst\VideoOS.Common.Integration.UnitTests\bin\x64\Debug\net472\VideoOS.Common.Integration.UnitTests.dll" adapterTypeName="executor://mstestadapter/v2" className="VideoOS.Common.Integration.UnitTests.XmlDocumentExtensionsCoreUnitTests" name="ReadChildElementValueAsUInt32_RangeCheck_Max" />
    </UnitTest>
    <UnitTest name="BaseHtmlLicenseReport_CreateImage_WithClassName_Success" storage="d:\actions-runner\_work\xpco\xpco\corporate\shared\common.integration\tst\videoos.common.integration.unittests\bin\x64\debug\net472\videoos.common.integration.unittests.dll" id="5f2af1de-e546-2980-4be2-6b228a745388">
      <Execution id="0d5c7f08-da49-4c42-bbe2-7d829b81d478" />
      <TestMethod codeBase="D:\actions-runner\_work\XPCO\XPCO\Corporate\Shared\Common.Integration\tst\VideoOS.Common.Integration.UnitTests\bin\x64\Debug\net472\VideoOS.Common.Integration.UnitTests.dll" adapterTypeName="executor://mstestadapter/v2" className="VideoOS.Common.Integration.UnitTests.License.BaseHtmlLicenseReportTests" name="BaseHtmlLicenseReport_CreateImage_WithClassName_Success" />
    </UnitTest>
    <UnitTest name="ReadChildElementValueAsUInt64_InvalidData_NegativeNumber" storage="d:\actions-runner\_work\xpco\xpco\corporate\shared\common.integration\tst\videoos.common.integration.unittests\bin\x64\debug\net472\videoos.common.integration.unittests.dll" id="276fa930-eaef-9c23-a1f1-181422ff1972">
      <Execution id="6811c69e-2c1e-4f50-9b17-22c3072c41a0" />
      <TestMethod codeBase="D:\actions-runner\_work\XPCO\XPCO\Corporate\Shared\Common.Integration\tst\VideoOS.Common.Integration.UnitTests\bin\x64\Debug\net472\VideoOS.Common.Integration.UnitTests.dll" adapterTypeName="executor://mstestadapter/v2" className="VideoOS.Common.Integration.UnitTests.XmlDocumentExtensionsCoreUnitTests" name="ReadChildElementValueAsUInt64_InvalidData_NegativeNumber" />
    </UnitTest>
    <UnitTest name="SystemSettingTableAdapter_Decrypt_Handle_No_Settings" storage="d:\actions-runner\_work\xpco\xpco\corporate\shared\common.integration\tst\videoos.common.integration.unittests\bin\x64\debug\net472\videoos.common.integration.unittests.dll" id="0555bb83-c294-2c07-157a-b35cfe77bdd2">
      <Execution id="7ade3012-7d33-4462-9006-680115a10d1b" />
      <TestMethod codeBase="D:\actions-runner\_work\XPCO\XPCO\Corporate\Shared\Common.Integration\tst\VideoOS.Common.Integration.UnitTests\bin\x64\Debug\net472\VideoOS.Common.Integration.UnitTests.dll" adapterTypeName="executor://mstestadapter/v2" className="VideoOS.Common.Integration.UnitTests.Configuration.SystemSettingTableAdapterUnitTests" name="SystemSettingTableAdapter_Decrypt_Handle_No_Settings" />
    </UnitTest>
    <UnitTest name="ModelValidation_ValidModel_Success" storage="d:\actions-runner\_work\xpco\xpco\corporate\shared\common.integration\tst\videoos.common.integration.unittests\bin\x64\debug\net472\videoos.common.integration.unittests.dll" id="d09163c9-530f-decc-628c-167965354a98">
      <Execution id="7351a5cb-63fb-4d27-842b-f4d187a75e67" />
      <TestMethod codeBase="D:\actions-runner\_work\XPCO\XPCO\Corporate\Shared\Common.Integration\tst\VideoOS.Common.Integration.UnitTests\bin\x64\Debug\net472\VideoOS.Common.Integration.UnitTests.dll" adapterTypeName="executor://mstestadapter/v2" className="VideoOS.Common.Integration.UnitTests.WebAPI.Model.SendMultiNotificationModelTest" name="ModelValidation_ValidModel_Success" />
    </UnitTest>
    <UnitTest name="GetPresetByKey_ByIdNoMatch" storage="d:\actions-runner\_work\xpco\xpco\corporate\shared\common.integration\tst\videoos.common.integration.unittests\bin\x64\debug\net472\videoos.common.integration.unittests.dll" id="b74f2889-3d4b-c5bd-339c-e731c9bd4104">
      <Execution id="13c914e7-cb1b-499f-93be-f9657b6d6d09" />
      <TestMethod codeBase="D:\actions-runner\_work\XPCO\XPCO\Corporate\Shared\Common.Integration\tst\VideoOS.Common.Integration.UnitTests\bin\x64\Debug\net472\VideoOS.Common.Integration.UnitTests.dll" adapterTypeName="executor://mstestadapter/v2" className="VideoOS.Common.Integration.UnitTests.PtzPresetCollectionUnitTests" name="GetPresetByKey_ByIdNoMatch" />
    </UnitTest>
    <UnitTest name="WhiteList_IsDriverWhiteListed_HWWith16CH_GlobalMaxChannelCountIs16_ReturnsTrue" storage="d:\actions-runner\_work\xpco\xpco\corporate\shared\common.integration\tst\videoos.common.integration.unittests\bin\x64\debug\net472\videoos.common.integration.unittests.dll" id="fae6bee7-dad5-2e49-f8db-0f9ebd7161b5">
      <TestCategory>
        <TestCategoryItem TestCategory="Licensing" />
      </TestCategory>
      <Execution id="54322d3d-0a94-418a-9d2c-e7b0c2f0a286" />
      <TestMethod codeBase="D:\actions-runner\_work\XPCO\XPCO\Corporate\Shared\Common.Integration\tst\VideoOS.Common.Integration.UnitTests\bin\x64\Debug\net472\VideoOS.Common.Integration.UnitTests.dll" adapterTypeName="executor://mstestadapter/v2" className="VideoOS.Common.Integration.UnitTests.License.LicenseWhitelistTests" name="WhiteList_IsDriverWhiteListed_HWWith16CH_GlobalMaxChannelCountIs16_ReturnsTrue" />
    </UnitTest>
    <UnitTest name="DecryptingOtherSystemSetting" storage="d:\actions-runner\_work\xpco\xpco\corporate\shared\common.integration\tst\videoos.common.integration.unittests\bin\x64\debug\net472\videoos.common.integration.unittests.dll" id="17fa218c-c1a6-687b-c91d-11aad9d6292c">
      <Execution id="5bb69882-169a-4919-b61e-adf6425af2e5" />
      <TestMethod codeBase="D:\actions-runner\_work\XPCO\XPCO\Corporate\Shared\Common.Integration\tst\VideoOS.Common.Integration.UnitTests\bin\x64\Debug\net472\VideoOS.Common.Integration.UnitTests.dll" adapterTypeName="executor://mstestadapter/v2" className="VideoOS.Common.Integration.UnitTests.Configuration.XmlEncryptionHelperTests" name="DecryptingOtherSystemSetting" />
    </UnitTest>
    <UnitTest name="MipAction2Model_RequiredPropertiesAreNull_Failed" storage="d:\actions-runner\_work\xpco\xpco\corporate\shared\common.integration\tst\videoos.common.integration.unittests\bin\x64\debug\net472\videoos.common.integration.unittests.dll" id="f9473f6a-b18a-1ef9-210b-abfa7eaaf135">
      <Execution id="91e4d70d-4afa-4295-97e6-9a1ef5b9d807" />
      <TestMethod codeBase="D:\actions-runner\_work\XPCO\XPCO\Corporate\Shared\Common.Integration\tst\VideoOS.Common.Integration.UnitTests\bin\x64\Debug\net472\VideoOS.Common.Integration.UnitTests.dll" adapterTypeName="executor://mstestadapter/v2" className="VideoOS.Common.Integration.UnitTests.WebAPI.Model.Server.MipAction2ModelTests" name="MipAction2Model_RequiredPropertiesAreNull_Failed" />
    </UnitTest>
    <UnitTest name="Validate_TotalDevicesUsingOneLicenseEach_Success" storage="d:\actions-runner\_work\xpco\xpco\corporate\shared\common.integration\tst\videoos.common.integration.unittests\bin\x64\debug\net472\videoos.common.integration.unittests.dll" id="4f24a41b-bda1-7ca6-f90e-e5465e1622b7">
      <Execution id="5b5cfb46-df56-40a4-96e6-ee77bb3309ab" />
      <TestMethod codeBase="D:\actions-runner\_work\XPCO\XPCO\Corporate\Shared\Common.Integration\tst\VideoOS.Common.Integration.UnitTests\bin\x64\Debug\net472\VideoOS.Common.Integration.UnitTests.dll" adapterTypeName="executor://mstestadapter/v2" className="VideoOS.Common.Integration.UnitTests.License.LicenseReportGeneratorTests" name="Validate_TotalDevicesUsingOneLicenseEach_Success" />
    </UnitTest>
    <UnitTest name="CertificateSelection2_Equals_Success" storage="d:\actions-runner\_work\xpco\xpco\corporate\shared\common.integration\tst\videoos.common.integration.unittests\bin\x64\debug\net472\videoos.common.integration.unittests.dll" id="20163c7a-5096-c086-0057-31baf2fbba71">
      <Execution id="ab4201c0-8a3a-4a53-a279-5de9824e4cca" />
      <TestMethod codeBase="D:\actions-runner\_work\XPCO\XPCO\Corporate\Shared\Common.Integration\tst\VideoOS.Common.Integration.UnitTests\bin\x64\Debug\net472\VideoOS.Common.Integration.UnitTests.dll" adapterTypeName="executor://mstestadapter/v2" className="VideoOS.Common.Integration.UnitTests.CertificateHandling.CertificateSelection2Tests" name="CertificateSelection2_Equals_Success" />
    </UnitTest>
    <UnitTest name="Constructor_ThrowsArgumentNullException_OnNull" storage="d:\actions-runner\_work\xpco\xpco\corporate\shared\common.integration\tst\videoos.common.integration.unittests\bin\x64\debug\net472\videoos.common.integration.unittests.dll" id="c957edcd-b4ea-11a0-574c-b491655dded4">
      <TestCategory>
        <TestCategoryItem TestCategory="Licensing" />
      </TestCategory>
      <Execution id="fdc353c1-2596-4d7f-b78b-0959158a9035" />
      <TestMethod codeBase="D:\actions-runner\_work\XPCO\XPCO\Corporate\Shared\Common.Integration\tst\VideoOS.Common.Integration.UnitTests\bin\x64\Debug\net472\VideoOS.Common.Integration.UnitTests.dll" adapterTypeName="executor://mstestadapter/v2" className="VideoOS.Common.Integration.UnitTests.License.AggregateFeedDictionaryTests" name="Constructor_ThrowsArgumentNullException_OnNull" />
    </UnitTest>
    <UnitTest name="Constructor_CreatesEmptyIndexes_OnIcpHw" storage="d:\actions-runner\_work\xpco\xpco\corporate\shared\common.integration\tst\videoos.common.integration.unittests\bin\x64\debug\net472\videoos.common.integration.unittests.dll" id="7a2a8518-d77f-ab62-355c-6a54533e9cdf">
      <TestCategory>
        <TestCategoryItem TestCategory="Licensing" />
      </TestCategory>
      <Execution id="457af61a-8b5a-49da-9ac8-f6e6bdfacbee" />
      <TestMethod codeBase="D:\actions-runner\_work\XPCO\XPCO\Corporate\Shared\Common.Integration\tst\VideoOS.Common.Integration.UnitTests\bin\x64\Debug\net472\VideoOS.Common.Integration.UnitTests.dll" adapterTypeName="executor://mstestadapter/v2" className="VideoOS.Common.Integration.UnitTests.License.AggregateFeedDictionaryTests" name="Constructor_CreatesEmptyIndexes_OnIcpHw" />
    </UnitTest>
    <UnitTest name="Recorder_Construct_ValidRecorderLicenseInfo_RemembersData_Success" storage="d:\actions-runner\_work\xpco\xpco\corporate\shared\common.integration\tst\videoos.common.integration.unittests\bin\x64\debug\net472\videoos.common.integration.unittests.dll" id="7ab09fb8-e03a-9c42-e70a-87289f2d1cfd">
      <Execution id="344b0c19-4669-468b-907b-c52e0f7933c3" />
      <TestMethod codeBase="D:\actions-runner\_work\XPCO\XPCO\Corporate\Shared\Common.Integration\tst\VideoOS.Common.Integration.UnitTests\bin\x64\Debug\net472\VideoOS.Common.Integration.UnitTests.dll" adapterTypeName="executor://mstestadapter/v2" className="VideoOS.Common.Integration.UnitTests.License.LicenseInfoTests" name="Recorder_Construct_ValidRecorderLicenseInfo_RemembersData_Success" />
    </UnitTest>
    <UnitTest name="ServerFileStorage_CreateTwoStreams_Exception" storage="d:\actions-runner\_work\xpco\xpco\corporate\shared\common.integration\tst\videoos.common.integration.unittests\bin\x64\debug\net472\videoos.common.integration.unittests.dll" id="c3dae83f-80d8-e6ed-7f70-cd97e7498d26">
      <Execution id="731fcfab-6b30-4eab-9819-bde0d80bbb3a" />
      <TestMethod codeBase="D:\actions-runner\_work\XPCO\XPCO\Corporate\Shared\Common.Integration\tst\VideoOS.Common.Integration.UnitTests\bin\x64\Debug\net472\VideoOS.Common.Integration.UnitTests.dll" adapterTypeName="executor://mstestadapter/v2" className="VideoOS.Common.Integration.UnitTests.ServerFileStorageTests" name="ServerFileStorage_CreateTwoStreams_Exception" />
    </UnitTest>
    <UnitTest name="ToLogEntryRule_ModelWithNullLogeDefinition_SuccessConvertion" storage="d:\actions-runner\_work\xpco\xpco\corporate\shared\common.integration\tst\videoos.common.integration.unittests\bin\x64\debug\net472\videoos.common.integration.unittests.dll" id="f3f224e3-e84e-962f-40aa-9cfc22312b50">
      <Execution id="e7046799-380d-4937-a602-60ddea3872e7" />
      <TestMethod codeBase="D:\actions-runner\_work\XPCO\XPCO\Corporate\Shared\Common.Integration\tst\VideoOS.Common.Integration.UnitTests\bin\x64\Debug\net472\VideoOS.Common.Integration.UnitTests.dll" adapterTypeName="executor://mstestadapter/v2" className="VideoOS.Common.Integration.UnitTests.WebAPI.Model.Server.LogEntryModelConverterTest" name="ToLogEntryRule_ModelWithNullLogeDefinition_SuccessConvertion" />
    </UnitTest>
    <UnitTest name="LicenseDocument_IsICPFeatureLicensedFail" storage="d:\actions-runner\_work\xpco\xpco\corporate\shared\common.integration\tst\videoos.common.integration.unittests\bin\x64\debug\net472\videoos.common.integration.unittests.dll" id="32a663b5-f76e-790f-860f-745f62686405">
      <TestCategory>
        <TestCategoryItem TestCategory="LicenseDocumentTest" />
      </TestCategory>
      <Execution id="e1fd2786-efd3-4f7c-a2c8-e35f4aced552" />
      <TestMethod codeBase="D:\actions-runner\_work\XPCO\XPCO\Corporate\Shared\Common.Integration\tst\VideoOS.Common.Integration.UnitTests\bin\x64\Debug\net472\VideoOS.Common.Integration.UnitTests.dll" adapterTypeName="executor://mstestadapter/v2" className="VideoOS.Common.Integration.UnitTests.License.LicenseDocumentTests" name="LicenseDocument_IsICPFeatureLicensedFail" />
    </UnitTest>
    <UnitTest name="ModelValidation_RequiredPropertiesAreNull_Failed" storage="d:\actions-runner\_work\xpco\xpco\corporate\shared\common.integration\tst\videoos.common.integration.unittests\bin\x64\debug\net472\videoos.common.integration.unittests.dll" id="7c19b165-d79b-e1ec-0b22-be461dcaa9e8">
      <Execution id="c0291885-a83a-4ddf-a3c8-21f7975f080c" />
      <TestMethod codeBase="D:\actions-runner\_work\XPCO\XPCO\Corporate\Shared\Common.Integration\tst\VideoOS.Common.Integration.UnitTests\bin\x64\Debug\net472\VideoOS.Common.Integration.UnitTests.dll" adapterTypeName="executor://mstestadapter/v2" className="VideoOS.Common.Integration.UnitTests.WebAPI.Model.SynchronizeDevicePresetsModelTest" name="ModelValidation_RequiredPropertiesAreNull_Failed" />
    </UnitTest>
    <UnitTest name="ReadAttributeAsBoolean_SunnyDayFalse" storage="d:\actions-runner\_work\xpco\xpco\corporate\shared\common.integration\tst\videoos.common.integration.unittests\bin\x64\debug\net472\videoos.common.integration.unittests.dll" id="a1a6513b-09ff-3923-e040-1476b4e7b3cf">
      <Execution id="64b4bf5e-88a9-4690-801b-f76abfefa2af" />
      <TestMethod codeBase="D:\actions-runner\_work\XPCO\XPCO\Corporate\Shared\Common.Integration\tst\VideoOS.Common.Integration.UnitTests\bin\x64\Debug\net472\VideoOS.Common.Integration.UnitTests.dll" adapterTypeName="executor://mstestadapter/v2" className="VideoOS.Common.Integration.UnitTests.XmlDocumentExtensionsCoreUnitTests" name="ReadAttributeAsBoolean_SunnyDayFalse" />
    </UnitTest>
    <UnitTest name="BulkProcessor_MoreItemsInQueueThanBulkSize_ItemsInBulkEqualsBulkSize" storage="d:\actions-runner\_work\xpco\xpco\corporate\shared\common.integration\tst\videoos.common.integration.unittests\bin\x64\debug\net472\videoos.common.integration.unittests.dll" id="b1046d72-e8e1-b870-4260-ab1f4426df84">
      <Execution id="39d21bc3-fa6b-4969-9908-9d7ee18cd967" />
      <TestMethod codeBase="D:\actions-runner\_work\XPCO\XPCO\Corporate\Shared\Common.Integration\tst\VideoOS.Common.Integration.UnitTests\bin\x64\Debug\net472\VideoOS.Common.Integration.UnitTests.dll" adapterTypeName="executor://mstestadapter/v2" className="VideoOS.Common.Integration.UnitTests.MessageProcessing.BulkProcessorUnitTest" name="BulkProcessor_MoreItemsInQueueThanBulkSize_ItemsInBulkEqualsBulkSize" />
    </UnitTest>
    <UnitTest name="TestCopyConstructorWithNull" storage="d:\actions-runner\_work\xpco\xpco\corporate\shared\common.integration\tst\videoos.common.integration.unittests\bin\x64\debug\net472\videoos.common.integration.unittests.dll" id="3a2658f6-d55c-045d-1867-cc0ab44d517b">
      <Execution id="6a2200cb-1bd1-4bc6-b66a-7400be687691" />
      <TestMethod codeBase="D:\actions-runner\_work\XPCO\XPCO\Corporate\Shared\Common.Integration\tst\VideoOS.Common.Integration.UnitTests\bin\x64\Debug\net472\VideoOS.Common.Integration.UnitTests.dll" adapterTypeName="executor://mstestadapter/v2" className="VideoOS.Common.Integration.UnitTests.Configuration.FillableGridAreaUnitTest" name="TestCopyConstructorWithNull" />
    </UnitTest>
    <UnitTest name="WhiteList_CreateInstanceMaximumChannelCountParameterIsZero_RaisesArgumentException" storage="d:\actions-runner\_work\xpco\xpco\corporate\shared\common.integration\tst\videoos.common.integration.unittests\bin\x64\debug\net472\videoos.common.integration.unittests.dll" id="ce806774-630c-b7f4-5672-ba10a6b0a724">
      <TestCategory>
        <TestCategoryItem TestCategory="Licensing" />
      </TestCategory>
      <Execution id="9ffe668b-6586-40fd-8666-62b1fb6473e3" />
      <TestMethod codeBase="D:\actions-runner\_work\XPCO\XPCO\Corporate\Shared\Common.Integration\tst\VideoOS.Common.Integration.UnitTests\bin\x64\Debug\net472\VideoOS.Common.Integration.UnitTests.dll" adapterTypeName="executor://mstestadapter/v2" className="VideoOS.Common.Integration.UnitTests.License.LicenseWhitelistTests" name="WhiteList_CreateInstanceMaximumChannelCountParameterIsZero_RaisesArgumentException" />
    </UnitTest>
    <UnitTest name="GenerateReport_InvalidLicenseDocumentArg_ThrowsArgumentNullException" storage="d:\actions-runner\_work\xpco\xpco\corporate\shared\common.integration\tst\videoos.common.integration.unittests\bin\x64\debug\net472\videoos.common.integration.unittests.dll" id="72cd4159-9587-7825-bbb7-2e75ce7e55a6">
      <Execution id="e74546c9-1270-4e94-ad03-788d86cd2a1e" />
      <TestMethod codeBase="D:\actions-runner\_work\XPCO\XPCO\Corporate\Shared\Common.Integration\tst\VideoOS.Common.Integration.UnitTests\bin\x64\Debug\net472\VideoOS.Common.Integration.UnitTests.dll" adapterTypeName="executor://mstestadapter/v2" className="VideoOS.Common.Integration.UnitTests.License.LicenseReportGeneratorTests" name="GenerateReport_InvalidLicenseDocumentArg_ThrowsArgumentNullException" />
    </UnitTest>
    <UnitTest name="ReadChildElementValueAsUInt32_RangeCheck_Min" storage="d:\actions-runner\_work\xpco\xpco\corporate\shared\common.integration\tst\videoos.common.integration.unittests\bin\x64\debug\net472\videoos.common.integration.unittests.dll" id="1ace4b55-a085-9987-e967-fbe848c25281">
      <Execution id="68892028-050f-472a-9eb4-00d0eec3267f" />
      <TestMethod codeBase="D:\actions-runner\_work\XPCO\XPCO\Corporate\Shared\Common.Integration\tst\VideoOS.Common.Integration.UnitTests\bin\x64\Debug\net472\VideoOS.Common.Integration.UnitTests.dll" adapterTypeName="executor://mstestadapter/v2" className="VideoOS.Common.Integration.UnitTests.XmlDocumentExtensionsCoreUnitTests" name="ReadChildElementValueAsUInt32_RangeCheck_Min" />
    </UnitTest>
    <UnitTest name="CreateResponseException_ServiceUnavailableAndResponseHasContent_ContentIsDeserializedFromHttpResponseMessage" storage="d:\actions-runner\_work\xpco\xpco\corporate\shared\common.integration\tst\videoos.common.integration.unittests\bin\x64\debug\net472\videoos.common.integration.unittests.dll" id="f4aca951-5572-6fb8-5445-22560bf3094a">
      <Execution id="2815dc1e-0649-435b-b88d-5fc89814ee51" />
      <TestMethod codeBase="D:\actions-runner\_work\XPCO\XPCO\Corporate\Shared\Common.Integration\tst\VideoOS.Common.Integration.UnitTests\bin\x64\Debug\net472\VideoOS.Common.Integration.UnitTests.dll" adapterTypeName="executor://mstestadapter/v2" className="VideoOS.Common.Integration.UnitTests.WebAPI.Exceptions.WebApiExceptionHelperTests" name="CreateResponseException_ServiceUnavailableAndResponseHasContent_ContentIsDeserializedFromHttpResponseMessage" />
    </UnitTest>
    <UnitTest name="WhiteList_IsDriverWhiteListed_HWWith12CH_DriverMaxChannelCountIs10GlobalMaxChannelCountIs16_ReturnsFalse" storage="d:\actions-runner\_work\xpco\xpco\corporate\shared\common.integration\tst\videoos.common.integration.unittests\bin\x64\debug\net472\videoos.common.integration.unittests.dll" id="31b4172c-65bb-7bd4-9388-183081d5bde8">
      <TestCategory>
        <TestCategoryItem TestCategory="Licensing" />
      </TestCategory>
      <Execution id="17069048-e3fb-4a43-860b-c6bf7367c782" />
      <TestMethod codeBase="D:\actions-runner\_work\XPCO\XPCO\Corporate\Shared\Common.Integration\tst\VideoOS.Common.Integration.UnitTests\bin\x64\Debug\net472\VideoOS.Common.Integration.UnitTests.dll" adapterTypeName="executor://mstestadapter/v2" className="VideoOS.Common.Integration.UnitTests.License.LicenseWhitelistTests" name="WhiteList_IsDriverWhiteListed_HWWith12CH_DriverMaxChannelCountIs10GlobalMaxChannelCountIs16_ReturnsFalse" />
    </UnitTest>
    <UnitTest name="DatabaseResponseTrackIdsWithoutMediaOnRecorderModel_Validate_Success" storage="d:\actions-runner\_work\xpco\xpco\corporate\shared\common.integration\tst\videoos.common.integration.unittests\bin\x64\debug\net472\videoos.common.integration.unittests.dll" id="061c9b44-4e7b-9dd1-a613-5572fd2e77a2">
      <Execution id="762cb8e1-65e9-44d9-a1b3-cefb1aa440b1" />
      <TestMethod codeBase="D:\actions-runner\_work\XPCO\XPCO\Corporate\Shared\Common.Integration\tst\VideoOS.Common.Integration.UnitTests\bin\x64\Debug\net472\VideoOS.Common.Integration.UnitTests.dll" adapterTypeName="executor://mstestadapter/v2" className="VideoOS.Common.Integration.UnitTests.WebApi.Model.DatabaseResponseModelTest" name="DatabaseResponseTrackIdsWithoutMediaOnRecorderModel_Validate_Success" />
    </UnitTest>
    <UnitTest name="GenerateReport_InvalidReportPropertyArg_ThrowsArgumentNullException" storage="d:\actions-runner\_work\xpco\xpco\corporate\shared\common.integration\tst\videoos.common.integration.unittests\bin\x64\debug\net472\videoos.common.integration.unittests.dll" id="0f78c010-9183-86fc-bd99-26fc79f05715">
      <Execution id="b034ecd8-1e84-46fc-a422-a6a11b9727da" />
      <TestMethod codeBase="D:\actions-runner\_work\XPCO\XPCO\Corporate\Shared\Common.Integration\tst\VideoOS.Common.Integration.UnitTests\bin\x64\Debug\net472\VideoOS.Common.Integration.UnitTests.dll" adapterTypeName="executor://mstestadapter/v2" className="VideoOS.Common.Integration.UnitTests.License.LicenseReportGeneratorTests" name="GenerateReport_InvalidReportPropertyArg_ThrowsArgumentNullException" />
    </UnitTest>
    <UnitTest name="Decrypt_DataSetHasNoRows_DataSetIsNotChanged" storage="d:\actions-runner\_work\xpco\xpco\corporate\shared\common.integration\tst\videoos.common.integration.unittests\bin\x64\debug\net472\videoos.common.integration.unittests.dll" id="875bcea1-de66-43dd-9be6-63694cc77b25">
      <Execution id="8de0cbfb-bdf4-4143-9763-cbc6ed313965" />
      <TestMethod codeBase="D:\actions-runner\_work\XPCO\XPCO\Corporate\Shared\Common.Integration\tst\VideoOS.Common.Integration.UnitTests\bin\x64\Debug\net472\VideoOS.Common.Integration.UnitTests.dll" adapterTypeName="executor://mstestadapter/v2" className="VideoOS.Common.Integration.UnitTests.Configuration.HostingServerTableAdapterTests" name="Decrypt_DataSetHasNoRows_DataSetIsNotChanged" />
    </UnitTest>
    <UnitTest name="UpdateHardwareAggregates_SucceedsWhen_ClearedBeforeCalledAgain" storage="d:\actions-runner\_work\xpco\xpco\corporate\shared\common.integration\tst\videoos.common.integration.unittests\bin\x64\debug\net472\videoos.common.integration.unittests.dll" id="e911c4fa-1e99-dcf3-196d-3687b6c67446">
      <Execution id="80fca0d5-b373-4cfa-90c1-04e22d778686" />
      <TestMethod codeBase="D:\actions-runner\_work\XPCO\XPCO\Corporate\Shared\Common.Integration\tst\VideoOS.Common.Integration.UnitTests\bin\x64\Debug\net472\VideoOS.Common.Integration.UnitTests.dll" adapterTypeName="executor://mstestadapter/v2" className="VideoOS.Common.Integration.UnitTests.License.HardwareDictionaryTests" name="UpdateHardwareAggregates_SucceedsWhen_ClearedBeforeCalledAgain" />
    </UnitTest>
    <UnitTest name="ServerFileStorage_CreateStream_RootDirectoryCreated" storage="d:\actions-runner\_work\xpco\xpco\corporate\shared\common.integration\tst\videoos.common.integration.unittests\bin\x64\debug\net472\videoos.common.integration.unittests.dll" id="1edb5fc0-1d1c-9043-2f33-b0d2833c32b4">
      <Execution id="b5658943-d08e-4096-8030-216e4e1d0b50" />
      <TestMethod codeBase="D:\actions-runner\_work\XPCO\XPCO\Corporate\Shared\Common.Integration\tst\VideoOS.Common.Integration.UnitTests\bin\x64\Debug\net472\VideoOS.Common.Integration.UnitTests.dll" adapterTypeName="executor://mstestadapter/v2" className="VideoOS.Common.Integration.UnitTests.ServerFileStorageTests" name="ServerFileStorage_CreateStream_RootDirectoryCreated" />
    </UnitTest>
    <UnitTest name="ServerFileStorage_ReturnStorage_DoesNotExistOnDisk_DoesNotDeleteFile" storage="d:\actions-runner\_work\xpco\xpco\corporate\shared\common.integration\tst\videoos.common.integration.unittests\bin\x64\debug\net472\videoos.common.integration.unittests.dll" id="24cbf3e1-4d91-3570-c7f6-21f982ff2130">
      <Execution id="7ffe5665-128b-42ab-8960-989a6a0c520b" />
      <TestMethod codeBase="D:\actions-runner\_work\XPCO\XPCO\Corporate\Shared\Common.Integration\tst\VideoOS.Common.Integration.UnitTests\bin\x64\Debug\net472\VideoOS.Common.Integration.UnitTests.dll" adapterTypeName="executor://mstestadapter/v2" className="VideoOS.Common.Integration.UnitTests.ServerFileStorageTests" name="ServerFileStorage_ReturnStorage_DoesNotExistOnDisk_DoesNotDeleteFile" />
    </UnitTest>
    <UnitTest name="TestExceptionOnImproperParameters" storage="d:\actions-runner\_work\xpco\xpco\corporate\shared\common.integration\tst\videoos.common.integration.unittests\bin\x64\debug\net472\videoos.common.integration.unittests.dll" id="741aff36-7393-b790-182c-a6809d68341e">
      <Execution id="f59b6290-204b-4db3-aeeb-bd1aef2b7f97" />
      <TestMethod codeBase="D:\actions-runner\_work\XPCO\XPCO\Corporate\Shared\Common.Integration\tst\VideoOS.Common.Integration.UnitTests\bin\x64\Debug\net472\VideoOS.Common.Integration.UnitTests.dll" adapterTypeName="executor://mstestadapter/v2" className="VideoOS.Common.Integration.UnitTests.PasswordMinMaxGenerator" name="TestExceptionOnImproperParameters" />
    </UnitTest>
    <UnitTest name="LocalCommandProcessorResponseCollector_GetNextResponse_MultipleResponses" storage="d:\actions-runner\_work\xpco\xpco\corporate\shared\common.integration\tst\videoos.common.integration.unittests\bin\x64\debug\net472\videoos.common.integration.unittests.dll" id="f8511e92-1ab8-f006-d255-49913a7dc87b">
      <Execution id="1022bbbf-161a-4285-8a81-0c965018854e" />
      <TestMethod codeBase="D:\actions-runner\_work\XPCO\XPCO\Corporate\Shared\Common.Integration\tst\VideoOS.Common.Integration.UnitTests\bin\x64\Debug\net472\VideoOS.Common.Integration.UnitTests.dll" adapterTypeName="executor://mstestadapter/v2" className="VideoOS.Common.Integration.UnitTests.Command.CommandProcessor.LocalCommandProcessorResponseCollectorUnitTests" name="LocalCommandProcessorResponseCollector_GetNextResponse_MultipleResponses" />
    </UnitTest>
    <UnitTest name="LicenseDocument_IsDeviceLicensed_InvalidDeviceInfo_Throws_ArgumentNullException" storage="d:\actions-runner\_work\xpco\xpco\corporate\shared\common.integration\tst\videoos.common.integration.unittests\bin\x64\debug\net472\videoos.common.integration.unittests.dll" id="02346abb-3087-4fb2-13ee-f314a8f029b6">
      <TestCategory>
        <TestCategoryItem TestCategory="LicenseDocumentTest" />
      </TestCategory>
      <Execution id="8e5e7da3-d856-48df-ac8a-be3b468df75a" />
      <TestMethod codeBase="D:\actions-runner\_work\XPCO\XPCO\Corporate\Shared\Common.Integration\tst\VideoOS.Common.Integration.UnitTests\bin\x64\Debug\net472\VideoOS.Common.Integration.UnitTests.dll" adapterTypeName="executor://mstestadapter/v2" className="VideoOS.Common.Integration.UnitTests.License.LicenseDocumentTests" name="LicenseDocument_IsDeviceLicensed_InvalidDeviceInfo_Throws_ArgumentNullException" />
    </UnitTest>
    <UnitTest name="ReadChildElementValueAsUInt16_RangeCheck_Min" storage="d:\actions-runner\_work\xpco\xpco\corporate\shared\common.integration\tst\videoos.common.integration.unittests\bin\x64\debug\net472\videoos.common.integration.unittests.dll" id="f35d4fb1-645e-abe5-c8af-3657cb078d61">
      <Execution id="bf13cbcd-137b-418a-a349-bdc014c6c224" />
      <TestMethod codeBase="D:\actions-runner\_work\XPCO\XPCO\Corporate\Shared\Common.Integration\tst\VideoOS.Common.Integration.UnitTests\bin\x64\Debug\net472\VideoOS.Common.Integration.UnitTests.dll" adapterTypeName="executor://mstestadapter/v2" className="VideoOS.Common.Integration.UnitTests.XmlDocumentExtensionsCoreUnitTests" name="ReadChildElementValueAsUInt16_RangeCheck_Min" />
    </UnitTest>
    <UnitTest name="ServerFileStorage_TemporaryCleanupService_Remove_RemovesEntryFromStorage" storage="d:\actions-runner\_work\xpco\xpco\corporate\shared\common.integration\tst\videoos.common.integration.unittests\bin\x64\debug\net472\videoos.common.integration.unittests.dll" id="ae740c99-3c3a-3e65-d967-9f57dc307820">
      <Execution id="a2d559ab-fdfb-41e5-97ca-2a53d4ff05f1" />
      <TestMethod codeBase="D:\actions-runner\_work\XPCO\XPCO\Corporate\Shared\Common.Integration\tst\VideoOS.Common.Integration.UnitTests\bin\x64\Debug\net472\VideoOS.Common.Integration.UnitTests.dll" adapterTypeName="executor://mstestadapter/v2" className="VideoOS.Common.Integration.UnitTests.ServerFileStorageTests" name="ServerFileStorage_TemporaryCleanupService_Remove_RemovesEntryFromStorage" />
    </UnitTest>
    <UnitTest name="DecryptConfigurationDataSet_DecryptLicenseRsaKeySystemSetting_SettingIsDecrypted" storage="d:\actions-runner\_work\xpco\xpco\corporate\shared\common.integration\tst\videoos.common.integration.unittests\bin\x64\debug\net472\videoos.common.integration.unittests.dll" id="f6f387b7-10b6-8756-6213-52ca04de1879">
      <Execution id="c05b4907-57b0-439a-abc6-850c253fb934" />
      <TestMethod codeBase="D:\actions-runner\_work\XPCO\XPCO\Corporate\Shared\Common.Integration\tst\VideoOS.Common.Integration.UnitTests\bin\x64\Debug\net472\VideoOS.Common.Integration.UnitTests.dll" adapterTypeName="executor://mstestadapter/v2" className="VideoOS.Common.Integration.UnitTests.Configuration.XmlEncryptionHelperTests" name="DecryptConfigurationDataSet_DecryptLicenseRsaKeySystemSetting_SettingIsDecrypted" />
    </UnitTest>
    <UnitTest name="TestPasswordGenerationFromEmptyPasswordRequirements" storage="d:\actions-runner\_work\xpco\xpco\corporate\shared\common.integration\tst\videoos.common.integration.unittests\bin\x64\debug\net472\videoos.common.integration.unittests.dll" id="493388e5-286f-ec3b-2a8c-ab041ed5de64">
      <Execution id="a93161a6-78b5-4e56-a494-7734a30b0dbb" />
      <TestMethod codeBase="D:\actions-runner\_work\XPCO\XPCO\Corporate\Shared\Common.Integration\tst\VideoOS.Common.Integration.UnitTests\bin\x64\Debug\net472\VideoOS.Common.Integration.UnitTests.dll" adapterTypeName="executor://mstestadapter/v2" className="VideoOS.Common.Integration.UnitTests.PasswordMinMaxGenerator" name="TestPasswordGenerationFromEmptyPasswordRequirements" />
    </UnitTest>
    <UnitTest name="CreateInstance_ValidName_InvalidSearchMethod_null_DefaultToPartial" storage="d:\actions-runner\_work\xpco\xpco\corporate\shared\common.integration\tst\videoos.common.integration.unittests\bin\x64\debug\net472\videoos.common.integration.unittests.dll" id="16023dce-6bbf-b91f-4c41-62bf6f7e7493">
      <Execution id="6dd4c3fb-1824-49f6-b473-970ccc4622ab" />
      <TestMethod codeBase="D:\actions-runner\_work\XPCO\XPCO\Corporate\Shared\Common.Integration\tst\VideoOS.Common.Integration.UnitTests\bin\x64\Debug\net472\VideoOS.Common.Integration.UnitTests.dll" adapterTypeName="executor://mstestadapter/v2" className="VideoOS.Common.Integration.UnitTests.License.WhitelistMatchHelperTests" name="CreateInstance_ValidName_InvalidSearchMethod_null_DefaultToPartial" />
    </UnitTest>
    <UnitTest name="SecurityManager_HasApplicationPermission_StatusApi_Denied" storage="d:\actions-runner\_work\xpco\xpco\corporate\shared\common.integration\tst\videoos.common.integration.unittests\bin\x64\debug\net472\videoos.common.integration.unittests.dll" id="dc585ae0-95eb-19fe-1429-7e8d2dc65346">
      <Execution id="65a6a415-37b4-4803-baae-9bbe0d5668d8" />
      <TestMethod codeBase="D:\actions-runner\_work\XPCO\XPCO\Corporate\Shared\Common.Integration\tst\VideoOS.Common.Integration.UnitTests\bin\x64\Debug\net472\VideoOS.Common.Integration.UnitTests.dll" adapterTypeName="executor://mstestadapter/v2" className="VideoOS.Common.Integration.UnitTests.Security.SecurityManagerUnitTests" name="SecurityManager_HasApplicationPermission_StatusApi_Denied" />
    </UnitTest>
    <UnitTest name="HardwareScanModel_Validate_Success" storage="d:\actions-runner\_work\xpco\xpco\corporate\shared\common.integration\tst\videoos.common.integration.unittests\bin\x64\debug\net472\videoos.common.integration.unittests.dll" id="e7cc93b2-fdd2-508f-f12f-182c0022ef49">
      <Execution id="9d0591ee-61c5-4698-ac57-5410641afaca" />
      <TestMethod codeBase="D:\actions-runner\_work\XPCO\XPCO\Corporate\Shared\Common.Integration\tst\VideoOS.Common.Integration.UnitTests\bin\x64\Debug\net472\VideoOS.Common.Integration.UnitTests.dll" adapterTypeName="executor://mstestadapter/v2" className="VideoOS.Common.Integration.UnitTests.WebAPI.Model.HardwareScanModelTest" name="HardwareScanModel_Validate_Success" />
    </UnitTest>
    <UnitTest name="Validate_PartialMatch_Found_StartOfWord_UpperCase_Success" storage="d:\actions-runner\_work\xpco\xpco\corporate\shared\common.integration\tst\videoos.common.integration.unittests\bin\x64\debug\net472\videoos.common.integration.unittests.dll" id="76e85821-1be3-4501-02ef-073615b5a175">
      <Execution id="da5e8300-df0d-42c8-a77d-a87ccc1b524c" />
      <TestMethod codeBase="D:\actions-runner\_work\XPCO\XPCO\Corporate\Shared\Common.Integration\tst\VideoOS.Common.Integration.UnitTests\bin\x64\Debug\net472\VideoOS.Common.Integration.UnitTests.dll" adapterTypeName="executor://mstestadapter/v2" className="VideoOS.Common.Integration.UnitTests.License.WhitelistMatchHelperTests" name="Validate_PartialMatch_Found_StartOfWord_UpperCase_Success" />
    </UnitTest>
    <UnitTest name="HardwareInfo_ConstructorSetsAllFields" storage="d:\actions-runner\_work\xpco\xpco\corporate\shared\common.integration\tst\videoos.common.integration.unittests\bin\x64\debug\net472\videoos.common.integration.unittests.dll" id="894191cb-bee6-69e2-81f1-61869244aed4">
      <Execution id="f704cca9-f956-4760-b437-29f1402b612f" />
      <TestMethod codeBase="D:\actions-runner\_work\XPCO\XPCO\Corporate\Shared\Common.Integration\tst\VideoOS.Common.Integration.UnitTests\bin\x64\Debug\net472\VideoOS.Common.Integration.UnitTests.dll" adapterTypeName="executor://mstestadapter/v2" className="VideoOS.Common.Integration.UnitTests.License.HardwareInfoTests" name="HardwareInfo_ConstructorSetsAllFields" />
    </UnitTest>
    <UnitTest name="Test_Members_SimpleCyclic" storage="d:\actions-runner\_work\xpco\xpco\corporate\shared\common.integration\tst\videoos.common.integration.unittests\bin\x64\debug\net472\videoos.common.integration.unittests.dll" id="f53ab042-733b-ab5b-c5ad-04a56d879c06">
      <Execution id="bab0f9b5-e26a-46c8-8a49-3c0c79ce6aaa" />
      <TestMethod codeBase="D:\actions-runner\_work\XPCO\XPCO\Corporate\Shared\Common.Integration\tst\VideoOS.Common.Integration.UnitTests\bin\x64\Debug\net472\VideoOS.Common.Integration.UnitTests.dll" adapterTypeName="executor://mstestadapter/v2" className="VideoOS.Common.Integration.UnitTests.Caching.MembershipCacheUnitTest" name="Test_Members_SimpleCyclic" />
    </UnitTest>
    <UnitTest name="LicenseActivationService_AcquireLicense_LicenseNotAllowed_Generic" storage="d:\actions-runner\_work\xpco\xpco\corporate\shared\common.integration\tst\videoos.common.integration.unittests\bin\x64\debug\net472\videoos.common.integration.unittests.dll" id="484ca05d-711d-5c33-b9ab-f92685bce023">
      <Execution id="d252837c-346d-4cf5-bdf9-17f1436b65a7" />
      <TestMethod codeBase="D:\actions-runner\_work\XPCO\XPCO\Corporate\Shared\Common.Integration\tst\VideoOS.Common.Integration.UnitTests\bin\x64\Debug\net472\VideoOS.Common.Integration.UnitTests.dll" adapterTypeName="executor://mstestadapter/v2" className="VideoOS.Common.Integration.UnitTests.License.LicenseActivationServiceTests" name="LicenseActivationService_AcquireLicense_LicenseNotAllowed_Generic" />
    </UnitTest>
    <UnitTest name="FeatureInformation_Constructor_PreservesValues" storage="d:\actions-runner\_work\xpco\xpco\corporate\shared\common.integration\tst\videoos.common.integration.unittests\bin\x64\debug\net472\videoos.common.integration.unittests.dll" id="d589faec-154d-b820-e59a-e7fde87c9e89">
      <Execution id="33359754-46b1-4a93-9134-000cc2a58235" />
      <TestMethod codeBase="D:\actions-runner\_work\XPCO\XPCO\Corporate\Shared\Common.Integration\tst\VideoOS.Common.Integration.UnitTests\bin\x64\Debug\net472\VideoOS.Common.Integration.UnitTests.dll" adapterTypeName="executor://mstestadapter/v2" className="VideoOS.Common.Integration.UnitTests.License.FeatureInformationTests" name="FeatureInformation_Constructor_PreservesValues" />
    </UnitTest>
    <UnitTest name="GetReplacementLimit_ReturnsDefault0Limit_OnNoReplacementLimitInLicense" storage="d:\actions-runner\_work\xpco\xpco\corporate\shared\common.integration\tst\videoos.common.integration.unittests\bin\x64\debug\net472\videoos.common.integration.unittests.dll" id="cc1496ac-98ef-5f01-e5e9-07c7ee6aa21b">
      <TestCategory>
        <TestCategoryItem TestCategory="LicenseDocumentTest" />
      </TestCategory>
      <Execution id="2cb23999-fa54-4558-9425-8c9b8170c8ed" />
      <TestMethod codeBase="D:\actions-runner\_work\XPCO\XPCO\Corporate\Shared\Common.Integration\tst\VideoOS.Common.Integration.UnitTests\bin\x64\Debug\net472\VideoOS.Common.Integration.UnitTests.dll" adapterTypeName="executor://mstestadapter/v2" className="VideoOS.Common.Integration.UnitTests.License.LicenseDocumentTests" name="GetReplacementLimit_ReturnsDefault0Limit_OnNoReplacementLimitInLicense" />
    </UnitTest>
    <UnitTest name="GroupConfigurationAddGroupsOneLevelDeleteOne" storage="d:\actions-runner\_work\xpco\xpco\corporate\shared\common.integration\tst\videoos.common.integration.unittests\bin\x64\debug\net472\videoos.common.integration.unittests.dll" id="6620f562-0c1b-bb02-0533-faa244f69160">
      <TestCategory>
        <TestCategoryItem TestCategory="Rules.GroupConfiguration" />
      </TestCategory>
      <Execution id="edabc7bd-4b34-498b-8c6b-422696cfd585" />
      <TestMethod codeBase="D:\actions-runner\_work\XPCO\XPCO\Corporate\Shared\Common.Integration\tst\VideoOS.Common.Integration.UnitTests\bin\x64\Debug\net472\VideoOS.Common.Integration.UnitTests.dll" adapterTypeName="executor://mstestadapter/v2" className="VideoOS.Common.Integration.UnitTests.Rules.GroupConfigurationTest" name="GroupConfigurationAddGroupsOneLevelDeleteOne" />
    </UnitTest>
    <UnitTest name="FeatureManager_TryGetFeatureParameterValueT_Guid_Valid_Value" storage="d:\actions-runner\_work\xpco\xpco\corporate\shared\common.integration\tst\videoos.common.integration.unittests\bin\x64\debug\net472\videoos.common.integration.unittests.dll" id="0464c71d-09cc-139b-d444-36b0b817a44a">
      <Execution id="77407829-88e1-42ea-a56f-125e7e8fc7ad" />
      <TestMethod codeBase="D:\actions-runner\_work\XPCO\XPCO\Corporate\Shared\Common.Integration\tst\VideoOS.Common.Integration.UnitTests\bin\x64\Debug\net472\VideoOS.Common.Integration.UnitTests.dll" adapterTypeName="executor://mstestadapter/v2" className="VideoOS.Common.Integration.UnitTests.License.FeatureManagerTest" name="FeatureManager_TryGetFeatureParameterValueT_Guid_Valid_Value" />
    </UnitTest>
    <UnitTest name="UpdateRecorderStatus_ValidModel_Success" storage="d:\actions-runner\_work\xpco\xpco\corporate\shared\common.integration\tst\videoos.common.integration.unittests\bin\x64\debug\net472\videoos.common.integration.unittests.dll" id="940a37fa-9b31-b992-8258-56bfe4d287c2">
      <Execution id="fb983b4a-5747-41f2-80ab-31ed687710e0" />
      <TestMethod codeBase="D:\actions-runner\_work\XPCO\XPCO\Corporate\Shared\Common.Integration\tst\VideoOS.Common.Integration.UnitTests\bin\x64\Debug\net472\VideoOS.Common.Integration.UnitTests.dll" adapterTypeName="executor://mstestadapter/v2" className="VideoOS.Common.Integration.UnitTests.WebAPI.Model.Server.RecorderStatusModelTests" name="UpdateRecorderStatus_ValidModel_Success" />
    </UnitTest>
    <UnitTest name="DiffGramCreate_NoParameter_ReturnsDiffgramType" storage="d:\actions-runner\_work\xpco\xpco\corporate\shared\common.integration\tst\videoos.common.integration.unittests\bin\x64\debug\net472\videoos.common.integration.unittests.dll" id="fef761e6-95f2-c8ab-544c-61a677b6f82f">
      <Execution id="8686dfec-970c-4211-959d-d3cc250ce14b" />
      <TestMethod codeBase="D:\actions-runner\_work\XPCO\XPCO\Corporate\Shared\Common.Integration\tst\VideoOS.Common.Integration.UnitTests\bin\x64\Debug\net472\VideoOS.Common.Integration.UnitTests.dll" adapterTypeName="executor://mstestadapter/v2" className="VideoOS.Common.Integration.UnitTests.Configuration.ConfigurationDataSetEncryption.XmlTransformationFactoryTests" name="DiffGramCreate_NoParameter_ReturnsDiffgramType" />
    </UnitTest>
    <UnitTest name="RefCountedObjectWrapper_ExecuteCallWithRefCount_EmptyParameter_NullReferenceException" storage="d:\actions-runner\_work\xpco\xpco\corporate\shared\common.integration\tst\videoos.common.integration.unittests\bin\x64\debug\net472\videoos.common.integration.unittests.dll" id="e359e0a0-3df0-393a-8d03-bb1e07ac5842">
      <Execution id="68e8ba07-2d4f-427b-b2d1-d8087a034f1d" />
      <TestMethod codeBase="D:\actions-runner\_work\XPCO\XPCO\Corporate\Shared\Common.Integration\tst\VideoOS.Common.Integration.UnitTests\bin\x64\Debug\net472\VideoOS.Common.Integration.UnitTests.dll" adapterTypeName="executor://mstestadapter/v2" className="VideoOS.Common.Integration.UnitTests.Threading.RefCountedObjectWrapperTests" name="RefCountedObjectWrapper_ExecuteCallWithRefCount_EmptyParameter_NullReferenceException" />
    </UnitTest>
    <UnitTest name="CreateHttpsUri_NoSchemeWithPort_UseDefaultPortFalse_BecomesHttpsPort88" storage="d:\actions-runner\_work\xpco\xpco\corporate\shared\common.integration\tst\videoos.common.integration.unittests\bin\x64\debug\net472\videoos.common.integration.unittests.dll" id="98a6db7e-5465-3eba-75c2-ba54007fc4ba">
      <TestCategory>
        <TestCategoryItem TestCategory="UriHandling" />
      </TestCategory>
      <Execution id="6ff97bd9-74db-4386-a316-baed2b5eab51" />
      <TestMethod codeBase="D:\actions-runner\_work\XPCO\XPCO\Corporate\Shared\Common.Integration\tst\VideoOS.Common.Integration.UnitTests\bin\x64\Debug\net472\VideoOS.Common.Integration.UnitTests.dll" adapterTypeName="executor://mstestadapter/v2" className="VideoOS.Common.Integration.UnitTests.Communication.UriHandlingUnitTests" name="CreateHttpsUri_NoSchemeWithPort_UseDefaultPortFalse_BecomesHttpsPort88" />
    </UnitTest>
    <UnitTest name="UniqueIndex_GetEntryByKey_Null_ThrowArgumentNullException" storage="d:\actions-runner\_work\xpco\xpco\corporate\shared\common.integration\tst\videoos.common.integration.unittests\bin\x64\debug\net472\videoos.common.integration.unittests.dll" id="f486e50b-d0d7-e7e5-7ac6-12b2e6a106c7">
      <Execution id="49b7615b-74d0-4325-9cc0-dc94f054f354" />
      <TestMethod codeBase="D:\actions-runner\_work\XPCO\XPCO\Corporate\Shared\Common.Integration\tst\VideoOS.Common.Integration.UnitTests\bin\x64\Debug\net472\VideoOS.Common.Integration.UnitTests.dll" adapterTypeName="executor://mstestadapter/v2" className="VideoOS.Common.Integration.UnitTests.IndexedCollectionUnitTests" name="UniqueIndex_GetEntryByKey_Null_ThrowArgumentNullException" />
    </UnitTest>
    <UnitTest name="Invoke_RequiredScopeFound_NextIsCalled" storage="d:\actions-runner\_work\xpco\xpco\corporate\shared\common.integration\tst\videoos.common.integration.unittests\bin\x64\debug\net472\videoos.common.integration.unittests.dll" id="286a4502-ed93-b14f-8f8b-09e9b94bb48b">
      <Execution id="28dc4ddb-f98b-4cfb-9ecd-95f19b971f32" />
      <TestMethod codeBase="D:\actions-runner\_work\XPCO\XPCO\Corporate\Shared\Common.Integration\tst\VideoOS.Common.Integration.UnitTests\bin\x64\Debug\net472\VideoOS.Common.Integration.UnitTests.dll" adapterTypeName="executor://mstestadapter/v2" className="VideoOS.Common.Integration.UnitTests.WebApi.Middleware.ScopeValidationMiddlewareTests" name="Invoke_RequiredScopeFound_NextIsCalled" />
    </UnitTest>
    <UnitTest name="IsSettingAac_ReturnFalse_OnNull" storage="d:\actions-runner\_work\xpco\xpco\corporate\shared\common.integration\tst\videoos.common.integration.unittests\bin\x64\debug\net472\videoos.common.integration.unittests.dll" id="c4581c14-0d59-0614-6603-b04ff30ec169">
      <Execution id="ad6b0292-2c0d-4c6d-8098-7b4328f11bc9" />
      <TestMethod codeBase="D:\actions-runner\_work\XPCO\XPCO\Corporate\Shared\Common.Integration\tst\VideoOS.Common.Integration.UnitTests\bin\x64\Debug\net472\VideoOS.Common.Integration.UnitTests.dll" adapterTypeName="executor://mstestadapter/v2" className="VideoOS.Common.Integration.UnitTests.DriverDefinition.DefinitionUtilityTests" name="IsSettingAac_ReturnFalse_OnNull" />
    </UnitTest>
    <UnitTest name="CreateHttpUri_NoSchemeWithPort_UseDefaultPortTrue_BecomesHttpPort80" storage="d:\actions-runner\_work\xpco\xpco\corporate\shared\common.integration\tst\videoos.common.integration.unittests\bin\x64\debug\net472\videoos.common.integration.unittests.dll" id="eb56fa7e-ad9f-5573-6c6c-1c73aa622acd">
      <TestCategory>
        <TestCategoryItem TestCategory="UriHandling" />
      </TestCategory>
      <Execution id="e49b5c83-9c67-496c-8b3b-0b68cc0f93a8" />
      <TestMethod codeBase="D:\actions-runner\_work\XPCO\XPCO\Corporate\Shared\Common.Integration\tst\VideoOS.Common.Integration.UnitTests\bin\x64\Debug\net472\VideoOS.Common.Integration.UnitTests.dll" adapterTypeName="executor://mstestadapter/v2" className="VideoOS.Common.Integration.UnitTests.Communication.UriHandlingUnitTests" name="CreateHttpUri_NoSchemeWithPort_UseDefaultPortTrue_BecomesHttpPort80" />
    </UnitTest>
    <UnitTest name="Mac_Address_Empty_Test_Null" storage="d:\actions-runner\_work\xpco\xpco\corporate\shared\common.integration\tst\videoos.common.integration.unittests\bin\x64\debug\net472\videoos.common.integration.unittests.dll" id="487d6f91-ec82-e947-a26f-7f86a9428ee4">
      <Execution id="229caef8-c257-4d2a-9cee-92b6314fe311" />
      <TestMethod codeBase="D:\actions-runner\_work\XPCO\XPCO\Corporate\Shared\Common.Integration\tst\VideoOS.Common.Integration.UnitTests\bin\x64\Debug\net472\VideoOS.Common.Integration.UnitTests.dll" adapterTypeName="executor://mstestadapter/v2" className="VideoOS.Common.Integration.UnitTests.License.MacAddressUtilitiesTest" name="Mac_Address_Empty_Test_Null" />
    </UnitTest>
    <UnitTest name="CreateInstance_InvalidName_Throws_ArgumentNullException" storage="d:\actions-runner\_work\xpco\xpco\corporate\shared\common.integration\tst\videoos.common.integration.unittests\bin\x64\debug\net472\videoos.common.integration.unittests.dll" id="9a3d7926-aee9-936e-569a-d006e336bfcb">
      <Execution id="d8aa8d98-710d-46dd-9f41-6ec162729cc0" />
      <TestMethod codeBase="D:\actions-runner\_work\XPCO\XPCO\Corporate\Shared\Common.Integration\tst\VideoOS.Common.Integration.UnitTests\bin\x64\Debug\net472\VideoOS.Common.Integration.UnitTests.dll" adapterTypeName="executor://mstestadapter/v2" className="VideoOS.Common.Integration.UnitTests.License.WhitelistMatchHelperTests" name="CreateInstance_InvalidName_Throws_ArgumentNullException" />
    </UnitTest>
    <UnitTest name="Transform_XmlHasHostedHardware_HostedHardwareIsTransformed" storage="d:\actions-runner\_work\xpco\xpco\corporate\shared\common.integration\tst\videoos.common.integration.unittests\bin\x64\debug\net472\videoos.common.integration.unittests.dll" id="c9e2e526-bc03-9448-8f9d-d4ac422b7473">
      <Execution id="d068a485-c804-42df-9d8c-a211a224d1b9" />
      <TestMethod codeBase="D:\actions-runner\_work\XPCO\XPCO\Corporate\Shared\Common.Integration\tst\VideoOS.Common.Integration.UnitTests\bin\x64\Debug\net472\VideoOS.Common.Integration.UnitTests.dll" adapterTypeName="executor://mstestadapter/v2" className="VideoOS.Common.Integration.UnitTests.Configuration.ConfigurationDataSetEncryption.DiffgramEncryptionTests" name="Transform_XmlHasHostedHardware_HostedHardwareIsTransformed" />
    </UnitTest>
    <UnitTest name="Transform_XmlHasStorageSetting_StorageSettingIsTransformed" storage="d:\actions-runner\_work\xpco\xpco\corporate\shared\common.integration\tst\videoos.common.integration.unittests\bin\x64\debug\net472\videoos.common.integration.unittests.dll" id="057ca012-14e2-3599-baae-3eb1aa5d3d06">
      <Execution id="7c24bd11-328c-4ab8-b21b-8c050831d50e" />
      <TestMethod codeBase="D:\actions-runner\_work\XPCO\XPCO\Corporate\Shared\Common.Integration\tst\VideoOS.Common.Integration.UnitTests\bin\x64\Debug\net472\VideoOS.Common.Integration.UnitTests.dll" adapterTypeName="executor://mstestadapter/v2" className="VideoOS.Common.Integration.UnitTests.Configuration.ConfigurationDataSetEncryption.DiffgramEncryptionTests" name="Transform_XmlHasStorageSetting_StorageSettingIsTransformed" />
    </UnitTest>
    <UnitTest name="BaseHtmlLicenseReport_CreateHeader_NullTitle_ExpectEmptyString" storage="d:\actions-runner\_work\xpco\xpco\corporate\shared\common.integration\tst\videoos.common.integration.unittests\bin\x64\debug\net472\videoos.common.integration.unittests.dll" id="d5d86913-9259-1dc9-8e1f-ca19d2ddbe87">
      <Execution id="d55e7a82-87d6-432c-ad91-a06b4aef0098" />
      <TestMethod codeBase="D:\actions-runner\_work\XPCO\XPCO\Corporate\Shared\Common.Integration\tst\VideoOS.Common.Integration.UnitTests\bin\x64\Debug\net472\VideoOS.Common.Integration.UnitTests.dll" adapterTypeName="executor://mstestadapter/v2" className="VideoOS.Common.Integration.UnitTests.License.BaseHtmlLicenseReportTests" name="BaseHtmlLicenseReport_CreateHeader_NullTitle_ExpectEmptyString" />
    </UnitTest>
    <UnitTest name="Call_HttpPost_InvalidParam_TimeoutInvalid_ThrowsArgumentOutOfRangeException" storage="d:\actions-runner\_work\xpco\xpco\corporate\shared\common.integration\tst\videoos.common.integration.unittests\bin\x64\debug\net472\videoos.common.integration.unittests.dll" id="4c958b94-ea17-6bbf-3521-d59112a0937f">
      <Execution id="f349d790-d2f3-40ee-9bef-14cdf9731188" />
      <TestMethod codeBase="D:\actions-runner\_work\XPCO\XPCO\Corporate\Shared\Common.Integration\tst\VideoOS.Common.Integration.UnitTests\bin\x64\Debug\net472\VideoOS.Common.Integration.UnitTests.dll" adapterTypeName="executor://mstestadapter/v2" className="VideoOS.Common.Integration.UnitTests.Communication.HttpPostTests" name="Call_HttpPost_InvalidParam_TimeoutInvalid_ThrowsArgumentOutOfRangeException" />
    </UnitTest>
    <UnitTest name="ReadAttributeAsInt32_NameNull" storage="d:\actions-runner\_work\xpco\xpco\corporate\shared\common.integration\tst\videoos.common.integration.unittests\bin\x64\debug\net472\videoos.common.integration.unittests.dll" id="eaf70b35-ac9e-1065-0463-f89eb0bdf0bd">
      <Execution id="2b65d966-c515-4ad8-ad27-e82a07442f94" />
      <TestMethod codeBase="D:\actions-runner\_work\XPCO\XPCO\Corporate\Shared\Common.Integration\tst\VideoOS.Common.Integration.UnitTests\bin\x64\Debug\net472\VideoOS.Common.Integration.UnitTests.dll" adapterTypeName="executor://mstestadapter/v2" className="VideoOS.Common.Integration.UnitTests.XmlDocumentExtensionsCoreUnitTests" name="ReadAttributeAsInt32_NameNull" />
    </UnitTest>
    <UnitTest name="Credentials_SerializationTest" storage="d:\actions-runner\_work\xpco\xpco\corporate\shared\common.integration\tst\videoos.common.integration.unittests\bin\x64\debug\net472\videoos.common.integration.unittests.dll" id="c40a80af-07aa-2a8c-814d-93ea5954f92c">
      <Execution id="3b4da21b-820c-459c-9531-179a775adb5e" />
      <TestMethod codeBase="D:\actions-runner\_work\XPCO\XPCO\Corporate\Shared\Common.Integration\tst\VideoOS.Common.Integration.UnitTests\bin\x64\Debug\net472\VideoOS.Common.Integration.UnitTests.dll" adapterTypeName="executor://mstestadapter/v2" className="VideoOS.Common.Integration.UnitTests.CredentialsTest" name="Credentials_SerializationTest" />
    </UnitTest>
    <UnitTest name="ReadChildElementValueAsUInt16_NoChild" storage="d:\actions-runner\_work\xpco\xpco\corporate\shared\common.integration\tst\videoos.common.integration.unittests\bin\x64\debug\net472\videoos.common.integration.unittests.dll" id="29b5a635-e26f-754b-90bd-aadb2c16358d">
      <Execution id="92642e9c-5428-472d-b380-a2f5f3dccb79" />
      <TestMethod codeBase="D:\actions-runner\_work\XPCO\XPCO\Corporate\Shared\Common.Integration\tst\VideoOS.Common.Integration.UnitTests\bin\x64\Debug\net472\VideoOS.Common.Integration.UnitTests.dll" adapterTypeName="executor://mstestadapter/v2" className="VideoOS.Common.Integration.UnitTests.XmlDocumentExtensionsCoreUnitTests" name="ReadChildElementValueAsUInt16_NoChild" />
    </UnitTest>
    <UnitTest name="HttpClientCommunicatorWrapper_SendTRet_CommunicationException" storage="d:\actions-runner\_work\xpco\xpco\corporate\shared\common.integration\tst\videoos.common.integration.unittests\bin\x64\debug\net472\videoos.common.integration.unittests.dll" id="8e57b05e-4a94-f936-5706-9c805c0399ef">
      <Execution id="f7baf349-3339-44b2-a4dd-333f9c8da135" />
      <TestMethod codeBase="D:\actions-runner\_work\XPCO\XPCO\Corporate\Shared\Common.Integration\tst\VideoOS.Common.Integration.UnitTests\bin\x64\Debug\net472\VideoOS.Common.Integration.UnitTests.dll" adapterTypeName="executor://mstestadapter/v2" className="VideoOS.Common.Integration.UnitTests.WebAPI.HttpClientCommunicatorWrapperTests" name="HttpClientCommunicatorWrapper_SendTRet_CommunicationException" />
    </UnitTest>
    <UnitTest name="Generate25kHardware_NoneOnWhiteList_CalculateProcessingTime" storage="d:\actions-runner\_work\xpco\xpco\corporate\shared\common.integration\tst\videoos.common.integration.unittests\bin\x64\debug\net472\videoos.common.integration.unittests.dll" id="a602a36a-7b4c-e547-0dd4-13b0120dc23b">
      <Execution id="1179ca85-ea84-460a-a4a8-e772de8f627b" />
      <TestMethod codeBase="D:\actions-runner\_work\XPCO\XPCO\Corporate\Shared\Common.Integration\tst\VideoOS.Common.Integration.UnitTests\bin\x64\Debug\net472\VideoOS.Common.Integration.UnitTests.dll" adapterTypeName="executor://mstestadapter/v2" className="VideoOS.Common.Integration.UnitTests.License.WhiteListPerformanceTests" name="Generate25kHardware_NoneOnWhiteList_CalculateProcessingTime" />
    </UnitTest>
    <UnitTest name="TestIsRegionIsFilled" storage="d:\actions-runner\_work\xpco\xpco\corporate\shared\common.integration\tst\videoos.common.integration.unittests\bin\x64\debug\net472\videoos.common.integration.unittests.dll" id="3c2e5656-c20d-cd81-0dc8-a2c82efba4a6">
      <Execution id="23c70b1a-b3ec-4858-ac11-33fab25e7be6" />
      <TestMethod codeBase="D:\actions-runner\_work\XPCO\XPCO\Corporate\Shared\Common.Integration\tst\VideoOS.Common.Integration.UnitTests\bin\x64\Debug\net472\VideoOS.Common.Integration.UnitTests.dll" adapterTypeName="executor://mstestadapter/v2" className="VideoOS.Common.Integration.UnitTests.Configuration.FillableGridAreaUnitTest" name="TestIsRegionIsFilled" />
    </UnitTest>
    <UnitTest name="FormatAuthority__BeforeValueIsIpV6WithPort_FormattedUriHasPort" storage="d:\actions-runner\_work\xpco\xpco\corporate\shared\common.integration\tst\videoos.common.integration.unittests\bin\x64\debug\net472\videoos.common.integration.unittests.dll" id="5b0f2072-7da6-7d6f-e27a-273ed9943e6b">
      <Execution id="3ce60d81-3508-47f4-8d7d-48cb0c62b66c" />
      <TestMethod codeBase="D:\actions-runner\_work\XPCO\XPCO\Corporate\Shared\Common.Integration\tst\VideoOS.Common.Integration.UnitTests\bin\x64\Debug\net472\VideoOS.Common.Integration.UnitTests.dll" adapterTypeName="executor://mstestadapter/v2" className="VideoOS.Common.Integration.UnitTests.IdpUriParserTests" name="FormatAuthority__BeforeValueIsIpV6WithPort_FormattedUriHasPort" />
    </UnitTest>
    <UnitTest name="Index_GetEntriesByKey_Comparer_Returns_Correct_Item" storage="d:\actions-runner\_work\xpco\xpco\corporate\shared\common.integration\tst\videoos.common.integration.unittests\bin\x64\debug\net472\videoos.common.integration.unittests.dll" id="7e7a9ceb-8f29-c0e4-9bb3-61e83e1849ac">
      <Execution id="accbc400-c7a1-474b-ad1c-8bc0562bd9a9" />
      <TestMethod codeBase="D:\actions-runner\_work\XPCO\XPCO\Corporate\Shared\Common.Integration\tst\VideoOS.Common.Integration.UnitTests\bin\x64\Debug\net472\VideoOS.Common.Integration.UnitTests.dll" adapterTypeName="executor://mstestadapter/v2" className="VideoOS.Common.Integration.UnitTests.IndexedCollectionUnitTests" name="Index_GetEntriesByKey_Comparer_Returns_Correct_Item" />
    </UnitTest>
    <UnitTest name="ReadChildElementValueAsInt32_NoChild" storage="d:\actions-runner\_work\xpco\xpco\corporate\shared\common.integration\tst\videoos.common.integration.unittests\bin\x64\debug\net472\videoos.common.integration.unittests.dll" id="e55b8c51-82d3-d274-536b-026dd8f98a4e">
      <Execution id="8c78cd51-5c28-4a0a-84d7-a19c1f4c9a2a" />
      <TestMethod codeBase="D:\actions-runner\_work\XPCO\XPCO\Corporate\Shared\Common.Integration\tst\VideoOS.Common.Integration.UnitTests\bin\x64\Debug\net472\VideoOS.Common.Integration.UnitTests.dll" adapterTypeName="executor://mstestadapter/v2" className="VideoOS.Common.Integration.UnitTests.XmlDocumentExtensionsCoreUnitTests" name="ReadChildElementValueAsInt32_NoChild" />
    </UnitTest>
    <UnitTest name="UpdateTotalICPFeedCountsAcrossAllHardware_ThrowsArgumentNullExceptionWhen_Null" storage="d:\actions-runner\_work\xpco\xpco\corporate\shared\common.integration\tst\videoos.common.integration.unittests\bin\x64\debug\net472\videoos.common.integration.unittests.dll" id="2bc58ed3-5da8-07de-99f6-7c9466054838">
      <Execution id="67724288-c25f-4123-a627-fae51ff0c27d" />
      <TestMethod codeBase="D:\actions-runner\_work\XPCO\XPCO\Corporate\Shared\Common.Integration\tst\VideoOS.Common.Integration.UnitTests\bin\x64\Debug\net472\VideoOS.Common.Integration.UnitTests.dll" adapterTypeName="executor://mstestadapter/v2" className="VideoOS.Common.Integration.UnitTests.License.HardwareDictionaryTests" name="UpdateTotalICPFeedCountsAcrossAllHardware_ThrowsArgumentNullExceptionWhen_Null" />
    </UnitTest>
    <UnitTest name="RefCountedObjectWrapper_ExecuteCallWithRefCountTResult_And_Dispose_Success" storage="d:\actions-runner\_work\xpco\xpco\corporate\shared\common.integration\tst\videoos.common.integration.unittests\bin\x64\debug\net472\videoos.common.integration.unittests.dll" id="1ee676a8-9805-4796-9011-298c4756e2c6">
      <Execution id="dc3d14b9-d4f1-47ed-bd88-e9b6abd39479" />
      <TestMethod codeBase="D:\actions-runner\_work\XPCO\XPCO\Corporate\Shared\Common.Integration\tst\VideoOS.Common.Integration.UnitTests\bin\x64\Debug\net472\VideoOS.Common.Integration.UnitTests.dll" adapterTypeName="executor://mstestadapter/v2" className="VideoOS.Common.Integration.UnitTests.Threading.RefCountedObjectWrapperTests" name="RefCountedObjectWrapper_ExecuteCallWithRefCountTResult_And_Dispose_Success" />
    </UnitTest>
    <UnitTest name="ReadIdentityFromCache_GetIdentityFromCache" storage="d:\actions-runner\_work\xpco\xpco\corporate\shared\common.integration\tst\videoos.common.integration.unittests\bin\x64\debug\net472\videoos.common.integration.unittests.dll" id="aee14421-254e-91f0-aee7-822e2c77dcaf">
      <Execution id="baa796c4-a5d2-4a63-b111-0b3bdd488b8b" />
      <TestMethod codeBase="D:\actions-runner\_work\XPCO\XPCO\Corporate\Shared\Common.Integration\tst\VideoOS.Common.Integration.UnitTests\bin\x64\Debug\net472\VideoOS.Common.Integration.UnitTests.dll" adapterTypeName="executor://mstestadapter/v2" className="VideoOS.Common.Integration.UnitTests.Caching.SecurityIdentityCacheUnitTests" name="ReadIdentityFromCache_GetIdentityFromCache" />
    </UnitTest>
    <UnitTest name="ServerFileStorage_SetPosition_PastStreamEnd_Exception" storage="d:\actions-runner\_work\xpco\xpco\corporate\shared\common.integration\tst\videoos.common.integration.unittests\bin\x64\debug\net472\videoos.common.integration.unittests.dll" id="4b873ac6-765a-404f-f38f-0422c9001382">
      <Execution id="e51c58e0-ebae-439d-9813-e5aca9cbfbe9" />
      <TestMethod codeBase="D:\actions-runner\_work\XPCO\XPCO\Corporate\Shared\Common.Integration\tst\VideoOS.Common.Integration.UnitTests\bin\x64\Debug\net472\VideoOS.Common.Integration.UnitTests.dll" adapterTypeName="executor://mstestadapter/v2" className="VideoOS.Common.Integration.UnitTests.ServerFileStorageTests" name="ServerFileStorage_SetPosition_PastStreamEnd_Exception" />
    </UnitTest>
    <UnitTest name="SendEndPointAndObject_EndPointNull_ArgumentNullExceptionThrown" storage="d:\actions-runner\_work\xpco\xpco\corporate\shared\common.integration\tst\videoos.common.integration.unittests\bin\x64\debug\net472\videoos.common.integration.unittests.dll" id="95297ff6-aa76-ad4c-4f0e-5e0a60814245">
      <Execution id="6e99b7b1-8931-4603-9ac5-e6d2b29f0258" />
      <TestMethod codeBase="D:\actions-runner\_work\XPCO\XPCO\Corporate\Shared\Common.Integration\tst\VideoOS.Common.Integration.UnitTests\bin\x64\Debug\net472\VideoOS.Common.Integration.UnitTests.dll" adapterTypeName="executor://mstestadapter/v2" className="VideoOS.Common.Integration.WebApi.HttpClientCommunicatorUnitTests" name="SendEndPointAndObject_EndPointNull_ArgumentNullExceptionThrown" />
    </UnitTest>
    <UnitTest name="BaseHtmlLicenseReport_NullSvgImageLink_WithClass_Success" storage="d:\actions-runner\_work\xpco\xpco\corporate\shared\common.integration\tst\videoos.common.integration.unittests\bin\x64\debug\net472\videoos.common.integration.unittests.dll" id="2816ff7f-bed3-2003-5b61-0459ae5ac828">
      <Execution id="b323855e-2ef2-4b05-9ee4-1a626897949f" />
      <TestMethod codeBase="D:\actions-runner\_work\XPCO\XPCO\Corporate\Shared\Common.Integration\tst\VideoOS.Common.Integration.UnitTests\bin\x64\Debug\net472\VideoOS.Common.Integration.UnitTests.dll" adapterTypeName="executor://mstestadapter/v2" className="VideoOS.Common.Integration.UnitTests.License.BaseHtmlLicenseReportTests" name="BaseHtmlLicenseReport_NullSvgImageLink_WithClass_Success" />
    </UnitTest>
    <UnitTest name="ReadChildElementValueAsUInt16_SunnyDay" storage="d:\actions-runner\_work\xpco\xpco\corporate\shared\common.integration\tst\videoos.common.integration.unittests\bin\x64\debug\net472\videoos.common.integration.unittests.dll" id="d1b98b23-1cc3-567e-9dd3-c90ab73a1c49">
      <Execution id="b5f8c329-205b-4248-b58d-e9254cfb3652" />
      <TestMethod codeBase="D:\actions-runner\_work\XPCO\XPCO\Corporate\Shared\Common.Integration\tst\VideoOS.Common.Integration.UnitTests\bin\x64\Debug\net472\VideoOS.Common.Integration.UnitTests.dll" adapterTypeName="executor://mstestadapter/v2" className="VideoOS.Common.Integration.UnitTests.XmlDocumentExtensionsCoreUnitTests" name="ReadChildElementValueAsUInt16_SunnyDay" />
    </UnitTest>
    <UnitTest name="BulkEventModel_Validate_CallContext_Null" storage="d:\actions-runner\_work\xpco\xpco\corporate\shared\common.integration\tst\videoos.common.integration.unittests\bin\x64\debug\net472\videoos.common.integration.unittests.dll" id="b3dd11fa-1c21-034f-f3e3-0c71df15bc38">
      <Execution id="f3e85896-f883-4973-af55-ae8fb1229dfa" />
      <TestMethod codeBase="D:\actions-runner\_work\XPCO\XPCO\Corporate\Shared\Common.Integration\tst\VideoOS.Common.Integration.UnitTests\bin\x64\Debug\net472\VideoOS.Common.Integration.UnitTests.dll" adapterTypeName="executor://mstestadapter/v2" className="VideoOS.Common.Integration.UnitTests.WebAPI.Model.BulkEventModelTest" name="BulkEventModel_Validate_CallContext_Null" />
    </UnitTest>
    <UnitTest name="UpdateTotalFeedCountsAcrossAllHardware_FailsWhen_UpdateHardwareAggregates_NotCalled" storage="d:\actions-runner\_work\xpco\xpco\corporate\shared\common.integration\tst\videoos.common.integration.unittests\bin\x64\debug\net472\videoos.common.integration.unittests.dll" id="25bd5c1c-fcbe-ab93-d56f-4258fe321ffc">
      <Execution id="cec5ac78-e04c-44a8-a8f2-152bbd1931db" />
      <TestMethod codeBase="D:\actions-runner\_work\XPCO\XPCO\Corporate\Shared\Common.Integration\tst\VideoOS.Common.Integration.UnitTests\bin\x64\Debug\net472\VideoOS.Common.Integration.UnitTests.dll" adapterTypeName="executor://mstestadapter/v2" className="VideoOS.Common.Integration.UnitTests.License.HardwareDictionaryTests" name="UpdateTotalFeedCountsAcrossAllHardware_FailsWhen_UpdateHardwareAggregates_NotCalled" />
    </UnitTest>
    <UnitTest name="WhiteList_IsDriverWhiteListed_HWWith15EnabledCH5DisabledCH_GlobalMaxChannelCount16_ReturnsFalse" storage="d:\actions-runner\_work\xpco\xpco\corporate\shared\common.integration\tst\videoos.common.integration.unittests\bin\x64\debug\net472\videoos.common.integration.unittests.dll" id="af89382e-366f-4f51-6a96-ee5e8aed55df">
      <TestCategory>
        <TestCategoryItem TestCategory="Licensing" />
      </TestCategory>
      <Execution id="9f9a288d-7f3c-42f2-9152-c42cac0f2f08" />
      <TestMethod codeBase="D:\actions-runner\_work\XPCO\XPCO\Corporate\Shared\Common.Integration\tst\VideoOS.Common.Integration.UnitTests\bin\x64\Debug\net472\VideoOS.Common.Integration.UnitTests.dll" adapterTypeName="executor://mstestadapter/v2" className="VideoOS.Common.Integration.UnitTests.License.LicenseWhitelistTests" name="WhiteList_IsDriverWhiteListed_HWWith15EnabledCH5DisabledCH_GlobalMaxChannelCount16_ReturnsFalse" />
    </UnitTest>
    <UnitTest name="RecurringSchedule_GetNextScheduleTime_Monthly_Every_10th_At_4_00" storage="d:\actions-runner\_work\xpco\xpco\corporate\shared\common.integration\tst\videoos.common.integration.unittests\bin\x64\debug\net472\videoos.common.integration.unittests.dll" id="80319ecc-fd7d-1ddc-9587-c87744ed0a84">
      <Execution id="58bed70a-2703-4b27-a97d-56eaf16881ac" />
      <TestMethod codeBase="D:\actions-runner\_work\XPCO\XPCO\Corporate\Shared\Common.Integration\tst\VideoOS.Common.Integration.UnitTests\bin\x64\Debug\net472\VideoOS.Common.Integration.UnitTests.dll" adapterTypeName="executor://mstestadapter/v2" className="VideoOS.Common.Integration.UnitTests.Scheduling.RecurringScheduleTest" name="RecurringSchedule_GetNextScheduleTime_Monthly_Every_10th_At_4_00" />
    </UnitTest>
    <UnitTest name="Test_GetMemberFromCache_ClearCache" storage="d:\actions-runner\_work\xpco\xpco\corporate\shared\common.integration\tst\videoos.common.integration.unittests\bin\x64\debug\net472\videoos.common.integration.unittests.dll" id="2b06ec9d-cd49-78ba-2d03-fe0bad248ec2">
      <Execution id="b312fe95-fa88-4e48-9364-449d59f53861" />
      <TestMethod codeBase="D:\actions-runner\_work\XPCO\XPCO\Corporate\Shared\Common.Integration\tst\VideoOS.Common.Integration.UnitTests\bin\x64\Debug\net472\VideoOS.Common.Integration.UnitTests.dll" adapterTypeName="executor://mstestadapter/v2" className="VideoOS.Common.Integration.UnitTests.Caching.MembershipCacheUnitTest" name="Test_GetMemberFromCache_ClearCache" />
    </UnitTest>
    <UnitTest name="CreateHttpsUri_NoSchemeWithPort_UsePort88_BecomesHttpsPort88" storage="d:\actions-runner\_work\xpco\xpco\corporate\shared\common.integration\tst\videoos.common.integration.unittests\bin\x64\debug\net472\videoos.common.integration.unittests.dll" id="8f9de0ec-d67f-eff3-10f8-5614a0dea8f1">
      <TestCategory>
        <TestCategoryItem TestCategory="UriHandling" />
      </TestCategory>
      <Execution id="88c9efee-de69-4e44-a84c-3eb472a6a6f0" />
      <TestMethod codeBase="D:\actions-runner\_work\XPCO\XPCO\Corporate\Shared\Common.Integration\tst\VideoOS.Common.Integration.UnitTests\bin\x64\Debug\net472\VideoOS.Common.Integration.UnitTests.dll" adapterTypeName="executor://mstestadapter/v2" className="VideoOS.Common.Integration.UnitTests.Communication.UriHandlingUnitTests" name="CreateHttpsUri_NoSchemeWithPort_UsePort88_BecomesHttpsPort88" />
    </UnitTest>
    <UnitTest name="HttpClientCommunicatorWrapper_Constructor_Success" storage="d:\actions-runner\_work\xpco\xpco\corporate\shared\common.integration\tst\videoos.common.integration.unittests\bin\x64\debug\net472\videoos.common.integration.unittests.dll" id="a8d0b66e-3c5b-6bc2-7d44-37a119b6d9f4">
      <Execution id="16ea0f52-9332-46e5-b23b-ccf07952c164" />
      <TestMethod codeBase="D:\actions-runner\_work\XPCO\XPCO\Corporate\Shared\Common.Integration\tst\VideoOS.Common.Integration.UnitTests\bin\x64\Debug\net472\VideoOS.Common.Integration.UnitTests.dll" adapterTypeName="executor://mstestadapter/v2" className="VideoOS.Common.Integration.UnitTests.WebAPI.HttpClientCommunicatorWrapperTests" name="HttpClientCommunicatorWrapper_Constructor_Success" />
    </UnitTest>
    <UnitTest name="GetItemsByKey_MultipleItems_ReturnsMatchingItems" storage="d:\actions-runner\_work\xpco\xpco\corporate\shared\common.integration\tst\videoos.common.integration.unittests\bin\x64\debug\net472\videoos.common.integration.unittests.dll" id="36ba268e-05c6-cf80-4bab-a3a3f9a638bb">
      <Execution id="35bf7cc2-6aa6-4cc0-a86e-95b24c4e6ad5" />
      <TestMethod codeBase="D:\actions-runner\_work\XPCO\XPCO\Corporate\Shared\Common.Integration\tst\VideoOS.Common.Integration.UnitTests\bin\x64\Debug\net472\VideoOS.Common.Integration.UnitTests.dll" adapterTypeName="executor://mstestadapter/v2" className="VideoOS.Common.Integration.UnitTests.LinkedListIndexUnitTests" name="GetItemsByKey_MultipleItems_ReturnsMatchingItems" />
    </UnitTest>
    <UnitTest name="ExceptionResponseModel_NoValuesSet_ValidationFailure" storage="d:\actions-runner\_work\xpco\xpco\corporate\shared\common.integration\tst\videoos.common.integration.unittests\bin\x64\debug\net472\videoos.common.integration.unittests.dll" id="87b18356-0fa2-346b-8acc-387ead427865">
      <Execution id="ece8bb60-4726-4657-8573-4a0ff41cbe41" />
      <TestMethod codeBase="D:\actions-runner\_work\XPCO\XPCO\Corporate\Shared\Common.Integration\tst\VideoOS.Common.Integration.UnitTests\bin\x64\Debug\net472\VideoOS.Common.Integration.UnitTests.dll" adapterTypeName="executor://mstestadapter/v2" className="VideoOS.Common.Integration.UnitTests.WebAPI.Model.Recorder.Responses.ExceptionResponseModelTest" name="ExceptionResponseModel_NoValuesSet_ValidationFailure" />
    </UnitTest>
    <UnitTest name="StreamsConfiguration_AddRemove_Success" storage="d:\actions-runner\_work\xpco\xpco\corporate\shared\common.integration\tst\videoos.common.integration.unittests\bin\x64\debug\net472\videoos.common.integration.unittests.dll" id="59e73b23-8838-c997-ccca-0d02f0d31aba">
      <Execution id="650841c0-974b-402e-b0f5-4f98a0c46168" />
      <TestMethod codeBase="D:\actions-runner\_work\XPCO\XPCO\Corporate\Shared\Common.Integration\tst\VideoOS.Common.Integration.UnitTests\bin\x64\Debug\net472\VideoOS.Common.Integration.UnitTests.dll" adapterTypeName="executor://mstestadapter/v2" className="VideoOS.Common.Integration.UnitTests.StreamsConfigurationUnitTests" name="StreamsConfiguration_AddRemove_Success" />
    </UnitTest>
    <UnitTest name="CheckAllMIPFiltersKindsTestNotOk8" storage="d:\actions-runner\_work\xpco\xpco\corporate\shared\common.integration\tst\videoos.common.integration.unittests\bin\x64\debug\net472\videoos.common.integration.unittests.dll" id="74a9c605-a1c8-e422-9762-4610872fe578">
      <TestCategory>
        <TestCategoryItem TestCategory="Rules.MIPFilter" />
      </TestCategory>
      <Execution id="e0cde03b-742a-4531-ae38-d221dc48ccb8" />
      <TestMethod codeBase="D:\actions-runner\_work\XPCO\XPCO\Corporate\Shared\Common.Integration\tst\VideoOS.Common.Integration.UnitTests\bin\x64\Debug\net472\VideoOS.Common.Integration.UnitTests.dll" adapterTypeName="executor://mstestadapter/v2" className="VideoOS.Common.Integration.UnitTests.Rules.MIPFilterTest" name="CheckAllMIPFiltersKindsTestNotOk8" />
    </UnitTest>
    <UnitTest name="ValidateInformation_DevicesCountUsingOneLicense_Shown_WhenTheCountIsSeven" storage="d:\actions-runner\_work\xpco\xpco\corporate\shared\common.integration\tst\videoos.common.integration.unittests\bin\x64\debug\net472\videoos.common.integration.unittests.dll" id="141e191c-4442-3208-46fe-8e00c7caaf9d">
      <Execution id="7614928b-ba6b-4b16-885b-a4d89a8d5b3f" />
      <TestMethod codeBase="D:\actions-runner\_work\XPCO\XPCO\Corporate\Shared\Common.Integration\tst\VideoOS.Common.Integration.UnitTests\bin\x64\Debug\net472\VideoOS.Common.Integration.UnitTests.dll" adapterTypeName="executor://mstestadapter/v2" className="VideoOS.Common.Integration.UnitTests.License.LicenseReportGeneratorTests" name="ValidateInformation_DevicesCountUsingOneLicense_Shown_WhenTheCountIsSeven" />
    </UnitTest>
    <UnitTest name="Send_InvalidOperationExceptionThrown_ExceptionLoggedAndDefaultValueReturned" storage="d:\actions-runner\_work\xpco\xpco\corporate\shared\common.integration\tst\videoos.common.integration.unittests\bin\x64\debug\net472\videoos.common.integration.unittests.dll" id="5a9790d2-e1ee-ca82-aad1-0f90112fc2a3">
      <Execution id="fbfc73c8-a45b-4aac-b054-b7cde548e802" />
      <TestMethod codeBase="D:\actions-runner\_work\XPCO\XPCO\Corporate\Shared\Common.Integration\tst\VideoOS.Common.Integration.UnitTests\bin\x64\Debug\net472\VideoOS.Common.Integration.UnitTests.dll" adapterTypeName="executor://mstestadapter/v2" className="VideoOS.Common.Integration.WebApi.HttpClientCommunicatorUnitTests" name="Send_InvalidOperationExceptionThrown_ExceptionLoggedAndDefaultValueReturned" />
    </UnitTest>
    <UnitTest name="LicenseGetVendor_WrongSLC" storage="d:\actions-runner\_work\xpco\xpco\corporate\shared\common.integration\tst\videoos.common.integration.unittests\bin\x64\debug\net472\videoos.common.integration.unittests.dll" id="6dc4cd77-38c0-10b5-180e-f937b6af904d">
      <Execution id="221861df-a9e7-40b7-86ea-413ac9dff67f" />
      <TestMethod codeBase="D:\actions-runner\_work\XPCO\XPCO\Corporate\Shared\Common.Integration\tst\VideoOS.Common.Integration.UnitTests\bin\x64\Debug\net472\VideoOS.Common.Integration.UnitTests.dll" adapterTypeName="executor://mstestadapter/v2" className="VideoOS.Common.Integration.UnitTests.License.SLCTest" name="LicenseGetVendor_WrongSLC" />
    </UnitTest>
    <UnitTest name="HardwareInfo_HasCameraDevices_ReturnsTrue_WhenHasCamerasWithMatchingLicenseStates" storage="d:\actions-runner\_work\xpco\xpco\corporate\shared\common.integration\tst\videoos.common.integration.unittests\bin\x64\debug\net472\videoos.common.integration.unittests.dll" id="19c37f8a-03dc-e367-00f5-82f23a5f20a5">
      <Execution id="c708185a-b0ca-4d23-80fc-a492d01a6f0a" />
      <TestMethod codeBase="D:\actions-runner\_work\XPCO\XPCO\Corporate\Shared\Common.Integration\tst\VideoOS.Common.Integration.UnitTests\bin\x64\Debug\net472\VideoOS.Common.Integration.UnitTests.dll" adapterTypeName="executor://mstestadapter/v2" className="VideoOS.Common.Integration.UnitTests.License.HardwareInfoTests" name="HardwareInfo_HasCameraDevices_ReturnsTrue_WhenHasCamerasWithMatchingLicenseStates" />
    </UnitTest>
    <UnitTest name="Construct_RequestContainer_NoParams_Success" storage="d:\actions-runner\_work\xpco\xpco\corporate\shared\common.integration\tst\videoos.common.integration.unittests\bin\x64\debug\net472\videoos.common.integration.unittests.dll" id="d521225f-189f-6e0c-d786-da7cc5d281f2">
      <Execution id="8b233e80-29cd-4342-b9a6-f069d26a7edb" />
      <TestMethod codeBase="D:\actions-runner\_work\XPCO\XPCO\Corporate\Shared\Common.Integration\tst\VideoOS.Common.Integration.UnitTests\bin\x64\Debug\net472\VideoOS.Common.Integration.UnitTests.dll" adapterTypeName="executor://mstestadapter/v2" className="VideoOS.Common.Integration.UnitTests.License.LicenseContainerTests" name="Construct_RequestContainer_NoParams_Success" />
    </UnitTest>
    <UnitTest name="SecurityUserTokensModel_Validate_Success" storage="d:\actions-runner\_work\xpco\xpco\corporate\shared\common.integration\tst\videoos.common.integration.unittests\bin\x64\debug\net472\videoos.common.integration.unittests.dll" id="0aacf03b-718d-9b91-1791-8fb82ec2b41d">
      <Execution id="da447a14-a072-4db1-8aa4-e89ee75d9cd1" />
      <TestMethod codeBase="D:\actions-runner\_work\XPCO\XPCO\Corporate\Shared\Common.Integration\tst\VideoOS.Common.Integration.UnitTests\bin\x64\Debug\net472\VideoOS.Common.Integration.UnitTests.dll" adapterTypeName="executor://mstestadapter/v2" className="VideoOS.Common.Integration.UnitTests.WebAPI.Model.SecurityUserTokensModelTest" name="SecurityUserTokensModel_Validate_Success" />
    </UnitTest>
    <UnitTest name="CalculateLicenseRequirements_NotWhitelisted_SameHardwareOnMultipleRecordingServers_WithDifferentEnabledCameras_CountsLicensesForSingleHardware" storage="d:\actions-runner\_work\xpco\xpco\corporate\shared\common.integration\tst\videoos.common.integration.unittests\bin\x64\debug\net472\videoos.common.integration.unittests.dll" id="c65619db-63b2-2c34-76fc-e7e18e03ae65">
      <Execution id="64cca998-dea4-436a-a1e5-a7b64215678d" />
      <TestMethod codeBase="D:\actions-runner\_work\XPCO\XPCO\Corporate\Shared\Common.Integration\tst\VideoOS.Common.Integration.UnitTests\bin\x64\Debug\net472\VideoOS.Common.Integration.UnitTests.dll" adapterTypeName="executor://mstestadapter/v2" className="VideoOS.Common.Integration.UnitTests.License.LicenseCalculatorTests" name="CalculateLicenseRequirements_NotWhitelisted_SameHardwareOnMultipleRecordingServers_WithDifferentEnabledCameras_CountsLicensesForSingleHardware" />
    </UnitTest>
    <UnitTest name="TestIncreaseNumberOfRegionsWithValidFactor" storage="d:\actions-runner\_work\xpco\xpco\corporate\shared\common.integration\tst\videoos.common.integration.unittests\bin\x64\debug\net472\videoos.common.integration.unittests.dll" id="a4867ffd-85f1-d5b9-5db4-7d4c34759561">
      <Execution id="e85e3947-b3f1-4f3c-a24c-d6c6e0777aa8" />
      <TestMethod codeBase="D:\actions-runner\_work\XPCO\XPCO\Corporate\Shared\Common.Integration\tst\VideoOS.Common.Integration.UnitTests\bin\x64\Debug\net472\VideoOS.Common.Integration.UnitTests.dll" adapterTypeName="executor://mstestadapter/v2" className="VideoOS.Common.Integration.UnitTests.Configuration.FillableGridAreaUnitTest" name="TestIncreaseNumberOfRegionsWithValidFactor" />
    </UnitTest>
    <UnitTest name="ModelValidation_RequiredPropertiesAreNull_Failed" storage="d:\actions-runner\_work\xpco\xpco\corporate\shared\common.integration\tst\videoos.common.integration.unittests\bin\x64\debug\net472\videoos.common.integration.unittests.dll" id="fac02d44-6df3-b374-90e6-20208060241b">
      <Execution id="b5fe4538-439a-4e0e-a0c4-dc8fcce2bff6" />
      <TestMethod codeBase="D:\actions-runner\_work\XPCO\XPCO\Corporate\Shared\Common.Integration\tst\VideoOS.Common.Integration.UnitTests\bin\x64\Debug\net472\VideoOS.Common.Integration.UnitTests.dll" adapterTypeName="executor://mstestadapter/v2" className="VideoOS.Common.Integration.UnitTests.WebAPI.Model.SendMultiNotificationModelTest" name="ModelValidation_RequiredPropertiesAreNull_Failed" />
    </UnitTest>
    <UnitTest name="CreateHardwareLicenseCountEvaluatorChannel_NullParameters_ThrowsArgumentNullException" storage="d:\actions-runner\_work\xpco\xpco\corporate\shared\common.integration\tst\videoos.common.integration.unittests\bin\x64\debug\net472\videoos.common.integration.unittests.dll" id="755a9019-8a00-ef60-14fe-2ad551672b15">
      <TestCategory>
        <TestCategoryItem TestCategory="Licensing" />
      </TestCategory>
      <Execution id="f871250c-c3b0-4504-b49c-0675489c36ee" />
      <TestMethod codeBase="D:\actions-runner\_work\XPCO\XPCO\Corporate\Shared\Common.Integration\tst\VideoOS.Common.Integration.UnitTests\bin\x64\Debug\net472\VideoOS.Common.Integration.UnitTests.dll" adapterTypeName="executor://mstestadapter/v2" className="VideoOS.Common.Integration.UnitTests.License.HardwareLicenseCountEvaluatorTests" name="CreateHardwareLicenseCountEvaluatorChannel_NullParameters_ThrowsArgumentNullException" />
    </UnitTest>
    <UnitTest name="LicenseActivationService_AcquireLicense_LicenseNotAllowed_ToManyInterconnectedCameras" storage="d:\actions-runner\_work\xpco\xpco\corporate\shared\common.integration\tst\videoos.common.integration.unittests\bin\x64\debug\net472\videoos.common.integration.unittests.dll" id="3b5a6096-322c-8c4c-79b8-931a963fdac0">
      <Execution id="25b5e651-a23c-4342-945e-4a5f924721b0" />
      <TestMethod codeBase="D:\actions-runner\_work\XPCO\XPCO\Corporate\Shared\Common.Integration\tst\VideoOS.Common.Integration.UnitTests\bin\x64\Debug\net472\VideoOS.Common.Integration.UnitTests.dll" adapterTypeName="executor://mstestadapter/v2" className="VideoOS.Common.Integration.UnitTests.License.LicenseActivationServiceTests" name="LicenseActivationService_AcquireLicense_LicenseNotAllowed_ToManyInterconnectedCameras" />
    </UnitTest>
    <UnitTest name="HardwareInfo_HasLicensedCameras_ReturnsTrue_WhenHasCamerasWithMatchingLicenseStates" storage="d:\actions-runner\_work\xpco\xpco\corporate\shared\common.integration\tst\videoos.common.integration.unittests\bin\x64\debug\net472\videoos.common.integration.unittests.dll" id="191f24c6-cafa-473a-7bf0-f0b451e605dc">
      <Execution id="defff8c6-0195-425f-b155-27518ef689ed" />
      <TestMethod codeBase="D:\actions-runner\_work\XPCO\XPCO\Corporate\Shared\Common.Integration\tst\VideoOS.Common.Integration.UnitTests\bin\x64\Debug\net472\VideoOS.Common.Integration.UnitTests.dll" adapterTypeName="executor://mstestadapter/v2" className="VideoOS.Common.Integration.UnitTests.License.HardwareInfoTests" name="HardwareInfo_HasLicensedCameras_ReturnsTrue_WhenHasCamerasWithMatchingLicenseStates" />
    </UnitTest>
    <UnitTest name="IsMember" storage="d:\actions-runner\_work\xpco\xpco\corporate\shared\common.integration\tst\videoos.common.integration.unittests\bin\x64\debug\net472\videoos.common.integration.unittests.dll" id="978eb37b-9205-133a-243e-f6d1f0a5fd91">
      <Execution id="902c2c60-6de9-4cd3-8d5f-33401ef0e5a5" />
      <TestMethod codeBase="D:\actions-runner\_work\XPCO\XPCO\Corporate\Shared\Common.Integration\tst\VideoOS.Common.Integration.UnitTests\bin\x64\Debug\net472\VideoOS.Common.Integration.UnitTests.dll" adapterTypeName="executor://mstestadapter/v2" className="VideoOS.Common.Integration.UnitTests.Caching.SecurityIdentityCacheUnitTests" name="IsMember" />
    </UnitTest>
    <UnitTest name="TestWritingAndLoadingXmlResultsInTheSameArea" storage="d:\actions-runner\_work\xpco\xpco\corporate\shared\common.integration\tst\videoos.common.integration.unittests\bin\x64\debug\net472\videoos.common.integration.unittests.dll" id="b5a8e6fe-503d-d02a-58b3-d380e0109a2c">
      <Execution id="03b2eaeb-673d-4b27-b97a-16c31fcb8abb" />
      <TestMethod codeBase="D:\actions-runner\_work\XPCO\XPCO\Corporate\Shared\Common.Integration\tst\VideoOS.Common.Integration.UnitTests\bin\x64\Debug\net472\VideoOS.Common.Integration.UnitTests.dll" adapterTypeName="executor://mstestadapter/v2" className="VideoOS.Common.Integration.UnitTests.Configuration.FillableGridAreaUnitTest" name="TestWritingAndLoadingXmlResultsInTheSameArea" />
    </UnitTest>
    <UnitTest name="HardwareInfo_DecodesDriverAndModelNameUpperWithSmallerLargerThanSymbols" storage="d:\actions-runner\_work\xpco\xpco\corporate\shared\common.integration\tst\videoos.common.integration.unittests\bin\x64\debug\net472\videoos.common.integration.unittests.dll" id="e0f1ca46-1dc7-984a-7192-5fd9de44ab13">
      <Execution id="b812544e-a606-4b4b-bc34-db00959ae436" />
      <TestMethod codeBase="D:\actions-runner\_work\XPCO\XPCO\Corporate\Shared\Common.Integration\tst\VideoOS.Common.Integration.UnitTests\bin\x64\Debug\net472\VideoOS.Common.Integration.UnitTests.dll" adapterTypeName="executor://mstestadapter/v2" className="VideoOS.Common.Integration.UnitTests.License.HardwareInfoTests" name="HardwareInfo_DecodesDriverAndModelNameUpperWithSmallerLargerThanSymbols" />
    </UnitTest>
    <UnitTest name="GetAbsolutePtzPositionResponseModel_Validate_Success" storage="d:\actions-runner\_work\xpco\xpco\corporate\shared\common.integration\tst\videoos.common.integration.unittests\bin\x64\debug\net472\videoos.common.integration.unittests.dll" id="9fb05ec9-4cd4-d3b9-0212-219c756bc054">
      <Execution id="44caaf33-72a8-41c1-a15a-636d6d39f911" />
      <TestMethod codeBase="D:\actions-runner\_work\XPCO\XPCO\Corporate\Shared\Common.Integration\tst\VideoOS.Common.Integration.UnitTests\bin\x64\Debug\net472\VideoOS.Common.Integration.UnitTests.dll" adapterTypeName="executor://mstestadapter/v2" className="VideoOS.Common.Integration.UnitTests.WebAPI.Model.Server.Responses.GetAbsolutePtzPositionResponseModelTest" name="GetAbsolutePtzPositionResponseModel_Validate_Success" />
    </UnitTest>
    <UnitTest name="Construct_RequestContainer_ValidLicenseRequestAndIntegrationData_Success" storage="d:\actions-runner\_work\xpco\xpco\corporate\shared\common.integration\tst\videoos.common.integration.unittests\bin\x64\debug\net472\videoos.common.integration.unittests.dll" id="f1d97ee1-bf32-14e7-b1d7-279e0f139936">
      <Execution id="e6bf455d-a004-41bf-b992-3e4386f261f6" />
      <TestMethod codeBase="D:\actions-runner\_work\XPCO\XPCO\Corporate\Shared\Common.Integration\tst\VideoOS.Common.Integration.UnitTests\bin\x64\Debug\net472\VideoOS.Common.Integration.UnitTests.dll" adapterTypeName="executor://mstestadapter/v2" className="VideoOS.Common.Integration.UnitTests.License.LicenseContainerTests" name="Construct_RequestContainer_ValidLicenseRequestAndIntegrationData_Success" />
    </UnitTest>
    <UnitTest name="LicenseDocument_IsICPFeatureLicensedSuccess" storage="d:\actions-runner\_work\xpco\xpco\corporate\shared\common.integration\tst\videoos.common.integration.unittests\bin\x64\debug\net472\videoos.common.integration.unittests.dll" id="92bfa08a-7b93-51c5-e613-5cc06a9ca4a0">
      <TestCategory>
        <TestCategoryItem TestCategory="LicenseDocumentTest" />
      </TestCategory>
      <Execution id="bad6e2a2-136f-4933-bad8-62f64f4f42f4" />
      <TestMethod codeBase="D:\actions-runner\_work\XPCO\XPCO\Corporate\Shared\Common.Integration\tst\VideoOS.Common.Integration.UnitTests\bin\x64\Debug\net472\VideoOS.Common.Integration.UnitTests.dll" adapterTypeName="executor://mstestadapter/v2" className="VideoOS.Common.Integration.UnitTests.License.LicenseDocumentTests" name="LicenseDocument_IsICPFeatureLicensedSuccess" />
    </UnitTest>
    <UnitTest name="CalculateLicenseRequirements_EnabledHardware_DisabledCamera_EnabledSpeaker_UsesOneLicense" storage="d:\actions-runner\_work\xpco\xpco\corporate\shared\common.integration\tst\videoos.common.integration.unittests\bin\x64\debug\net472\videoos.common.integration.unittests.dll" id="45eec0fb-e186-bb42-a930-4d27173912d7">
      <Execution id="3a2dc4f9-9ee5-4f2d-8e6c-26bc89c519be" />
      <TestMethod codeBase="D:\actions-runner\_work\XPCO\XPCO\Corporate\Shared\Common.Integration\tst\VideoOS.Common.Integration.UnitTests\bin\x64\Debug\net472\VideoOS.Common.Integration.UnitTests.dll" adapterTypeName="executor://mstestadapter/v2" className="VideoOS.Common.Integration.UnitTests.License.LicenseCalculatorTests" name="CalculateLicenseRequirements_EnabledHardware_DisabledCamera_EnabledSpeaker_UsesOneLicense" />
    </UnitTest>
    <UnitTest name="StreamsConfiguration_ValidateConfiguration_Two_Recording_Streams_ExactlyOneRecordingStreamError" storage="d:\actions-runner\_work\xpco\xpco\corporate\shared\common.integration\tst\videoos.common.integration.unittests\bin\x64\debug\net472\videoos.common.integration.unittests.dll" id="70f0eec9-bddf-2f56-c2d5-1f0556c83aaf">
      <Execution id="31ef072c-15d5-4e10-a1fa-e0ed1dddf6fa" />
      <TestMethod codeBase="D:\actions-runner\_work\XPCO\XPCO\Corporate\Shared\Common.Integration\tst\VideoOS.Common.Integration.UnitTests\bin\x64\Debug\net472\VideoOS.Common.Integration.UnitTests.dll" adapterTypeName="executor://mstestadapter/v2" className="VideoOS.Common.Integration.UnitTests.StreamsConfigurationUnitTests" name="StreamsConfiguration_ValidateConfiguration_Two_Recording_Streams_ExactlyOneRecordingStreamError" />
    </UnitTest>
    <UnitTest name="Schemes_SerializeAndDeserializeEmptyTest" storage="d:\actions-runner\_work\xpco\xpco\corporate\shared\common.integration\tst\videoos.common.integration.unittests\bin\x64\debug\net472\videoos.common.integration.unittests.dll" id="77cb843b-3732-90ac-376f-355a10166c3a">
      <Execution id="5328e761-a74b-4cb4-a2e9-631d24c10f98" />
      <TestMethod codeBase="D:\actions-runner\_work\XPCO\XPCO\Corporate\Shared\Common.Integration\tst\VideoOS.Common.Integration.UnitTests\bin\x64\Debug\net472\VideoOS.Common.Integration.UnitTests.dll" adapterTypeName="executor://mstestadapter/v2" className="VideoOS.Common.Integration.UnitTests.DeviceDiscovery.SchemesTest" name="Schemes_SerializeAndDeserializeEmptyTest" />
    </UnitTest>
    <UnitTest name="RefCountedObjectWrapper_Dispose_Success" storage="d:\actions-runner\_work\xpco\xpco\corporate\shared\common.integration\tst\videoos.common.integration.unittests\bin\x64\debug\net472\videoos.common.integration.unittests.dll" id="77ba8355-8c34-377b-c16f-9aec4c9acdf8">
      <Execution id="6f36699e-f904-4654-a024-269ef20d46cc" />
      <TestMethod codeBase="D:\actions-runner\_work\XPCO\XPCO\Corporate\Shared\Common.Integration\tst\VideoOS.Common.Integration.UnitTests\bin\x64\Debug\net472\VideoOS.Common.Integration.UnitTests.dll" adapterTypeName="executor://mstestadapter/v2" className="VideoOS.Common.Integration.UnitTests.Threading.RefCountedObjectWrapperTests" name="RefCountedObjectWrapper_Dispose_Success" />
    </UnitTest>
    <UnitTest name="RefCountedObjectWrapper_ExecuteCallWithRefCountTResult_InstanceIsDisposed_ObjectDeadException" storage="d:\actions-runner\_work\xpco\xpco\corporate\shared\common.integration\tst\videoos.common.integration.unittests\bin\x64\debug\net472\videoos.common.integration.unittests.dll" id="0e9626a5-9809-f247-3da5-380f0b656e38">
      <Execution id="04406a4e-59f2-489e-bfab-6167122c2331" />
      <TestMethod codeBase="D:\actions-runner\_work\XPCO\XPCO\Corporate\Shared\Common.Integration\tst\VideoOS.Common.Integration.UnitTests\bin\x64\Debug\net472\VideoOS.Common.Integration.UnitTests.dll" adapterTypeName="executor://mstestadapter/v2" className="VideoOS.Common.Integration.UnitTests.Threading.RefCountedObjectWrapperTests" name="RefCountedObjectWrapper_ExecuteCallWithRefCountTResult_InstanceIsDisposed_ObjectDeadException" />
    </UnitTest>
    <UnitTest name="DatabaseOperationModel_Validation_ValidModel_Success" storage="d:\actions-runner\_work\xpco\xpco\corporate\shared\common.integration\tst\videoos.common.integration.unittests\bin\x64\debug\net472\videoos.common.integration.unittests.dll" id="346c1444-c166-cbc7-94c0-545645760c83">
      <Execution id="9a692430-f456-4027-8e48-066b8f569b42" />
      <TestMethod codeBase="D:\actions-runner\_work\XPCO\XPCO\Corporate\Shared\Common.Integration\tst\VideoOS.Common.Integration.UnitTests\bin\x64\Debug\net472\VideoOS.Common.Integration.UnitTests.dll" adapterTypeName="executor://mstestadapter/v2" className="VideoOS.Common.Integration.UnitTests.WebAPI.Model.DatabaseOperationModelTest" name="DatabaseOperationModel_Validation_ValidModel_Success" />
    </UnitTest>
    <UnitTest name="ServerFileStorage_PurgeDataFolder_DeletesFiles" storage="d:\actions-runner\_work\xpco\xpco\corporate\shared\common.integration\tst\videoos.common.integration.unittests\bin\x64\debug\net472\videoos.common.integration.unittests.dll" id="a0015672-68ce-89c4-1858-60a57ada23c1">
      <Execution id="5a031f80-d25f-441e-bde4-7e9a9ff9c478" />
      <TestMethod codeBase="D:\actions-runner\_work\XPCO\XPCO\Corporate\Shared\Common.Integration\tst\VideoOS.Common.Integration.UnitTests\bin\x64\Debug\net472\VideoOS.Common.Integration.UnitTests.dll" adapterTypeName="executor://mstestadapter/v2" className="VideoOS.Common.Integration.UnitTests.ServerFileStorageTests" name="ServerFileStorage_PurgeDataFolder_DeletesFiles" />
    </UnitTest>
    <UnitTest name="WhiteList_Model_IsModelWhitelistedOnUnlistedModels_ReturnsFalse" storage="d:\actions-runner\_work\xpco\xpco\corporate\shared\common.integration\tst\videoos.common.integration.unittests\bin\x64\debug\net472\videoos.common.integration.unittests.dll" id="bbeb0c54-69b2-7c8f-6a00-800a5e934d17">
      <TestCategory>
        <TestCategoryItem TestCategory="Licensing" />
      </TestCategory>
      <Execution id="5c4eafe5-c5ae-4a9b-983c-1d8131237d14" />
      <TestMethod codeBase="D:\actions-runner\_work\XPCO\XPCO\Corporate\Shared\Common.Integration\tst\VideoOS.Common.Integration.UnitTests\bin\x64\Debug\net472\VideoOS.Common.Integration.UnitTests.dll" adapterTypeName="executor://mstestadapter/v2" className="VideoOS.Common.Integration.UnitTests.License.LicenseWhitelistTests" name="WhiteList_Model_IsModelWhitelistedOnUnlistedModels_ReturnsFalse" />
    </UnitTest>
    <UnitTest name="Hardware_Construct_InvalidLastModified_NotUtc_Throws_ArgumentException" storage="d:\actions-runner\_work\xpco\xpco\corporate\shared\common.integration\tst\videoos.common.integration.unittests\bin\x64\debug\net472\videoos.common.integration.unittests.dll" id="98f0ad09-ff0b-5c5f-86a8-6c77cb77aa0e">
      <Execution id="f7933ee4-bd09-449e-8193-946e8c2253e2" />
      <TestMethod codeBase="D:\actions-runner\_work\XPCO\XPCO\Corporate\Shared\Common.Integration\tst\VideoOS.Common.Integration.UnitTests\bin\x64\Debug\net472\VideoOS.Common.Integration.UnitTests.dll" adapterTypeName="executor://mstestadapter/v2" className="VideoOS.Common.Integration.UnitTests.License.LicenseInfoTests" name="Hardware_Construct_InvalidLastModified_NotUtc_Throws_ArgumentException" />
    </UnitTest>
    <UnitTest name="ToModelAudit_LogEntryNull_ArgumentNullException" storage="d:\actions-runner\_work\xpco\xpco\corporate\shared\common.integration\tst\videoos.common.integration.unittests\bin\x64\debug\net472\videoos.common.integration.unittests.dll" id="a6f752b1-57d6-18ca-9942-a1422404b0ea">
      <Execution id="38f1c7a4-d555-4fe0-a17e-6e889e2761ae" />
      <TestMethod codeBase="D:\actions-runner\_work\XPCO\XPCO\Corporate\Shared\Common.Integration\tst\VideoOS.Common.Integration.UnitTests\bin\x64\Debug\net472\VideoOS.Common.Integration.UnitTests.dll" adapterTypeName="executor://mstestadapter/v2" className="VideoOS.Common.Integration.UnitTests.WebAPI.Model.Server.LogEntryModelConverterTest" name="ToModelAudit_LogEntryNull_ArgumentNullException" />
    </UnitTest>
    <UnitTest name="ReadChildElementValueAsUInt32_SunnyDay" storage="d:\actions-runner\_work\xpco\xpco\corporate\shared\common.integration\tst\videoos.common.integration.unittests\bin\x64\debug\net472\videoos.common.integration.unittests.dll" id="563887c9-636b-f0ac-8af4-cbcfddaaa4f4">
      <Execution id="0faed654-31c4-4a11-a54e-432f2579a06f" />
      <TestMethod codeBase="D:\actions-runner\_work\XPCO\XPCO\Corporate\Shared\Common.Integration\tst\VideoOS.Common.Integration.UnitTests\bin\x64\Debug\net472\VideoOS.Common.Integration.UnitTests.dll" adapterTypeName="executor://mstestadapter/v2" className="VideoOS.Common.Integration.UnitTests.XmlDocumentExtensionsCoreUnitTests" name="ReadChildElementValueAsUInt32_SunnyDay" />
    </UnitTest>
    <UnitTest name="DatabaseXmlConverter_XmlIdsToGuids_Two" storage="d:\actions-runner\_work\xpco\xpco\corporate\shared\common.integration\tst\videoos.common.integration.unittests\bin\x64\debug\net472\videoos.common.integration.unittests.dll" id="ab8dc7a8-c4c9-6ab5-bcf7-3e855bb8de87">
      <Execution id="3ed93fd9-e9bd-4e37-9200-7875b8d24329" />
      <TestMethod codeBase="D:\actions-runner\_work\XPCO\XPCO\Corporate\Shared\Common.Integration\tst\VideoOS.Common.Integration.UnitTests\bin\x64\Debug\net472\VideoOS.Common.Integration.UnitTests.dll" adapterTypeName="executor://mstestadapter/v2" className="VideoOS.Common.Integration.UnitTests.DatabaseXmlConverterTest" name="DatabaseXmlConverter_XmlIdsToGuids_Two" />
    </UnitTest>
    <UnitTest name="Test_IsMember_CaseInsensitive" storage="d:\actions-runner\_work\xpco\xpco\corporate\shared\common.integration\tst\videoos.common.integration.unittests\bin\x64\debug\net472\videoos.common.integration.unittests.dll" id="14ec84df-05e5-371e-6fe5-46021548ea37">
      <Execution id="4db411e3-1c2c-4471-ad50-93483a78bc97" />
      <TestMethod codeBase="D:\actions-runner\_work\XPCO\XPCO\Corporate\Shared\Common.Integration\tst\VideoOS.Common.Integration.UnitTests\bin\x64\Debug\net472\VideoOS.Common.Integration.UnitTests.dll" adapterTypeName="executor://mstestadapter/v2" className="VideoOS.Common.Integration.UnitTests.Caching.MembershipCacheUnitTest" name="Test_IsMember_CaseInsensitive" />
    </UnitTest>
    <UnitTest name="Scheduler_SimpleTaskProcessing_ReusingTaskID" storage="d:\actions-runner\_work\xpco\xpco\corporate\shared\common.integration\tst\videoos.common.integration.unittests\bin\x64\debug\net472\videoos.common.integration.unittests.dll" id="53d17ed2-22de-e562-cbcf-ccb8507b8c99">
      <Execution id="e36d7101-b690-4664-864b-75adcc0b4b75" />
      <TestMethod codeBase="D:\actions-runner\_work\XPCO\XPCO\Corporate\Shared\Common.Integration\tst\VideoOS.Common.Integration.UnitTests\bin\x64\Debug\net472\VideoOS.Common.Integration.UnitTests.dll" adapterTypeName="executor://mstestadapter/v2" className="VideoOS.Common.Integration.UnitTests.Scheduling.Simple" name="Scheduler_SimpleTaskProcessing_ReusingTaskID" />
    </UnitTest>
    <UnitTest name="EncryptingNull" storage="d:\actions-runner\_work\xpco\xpco\corporate\shared\common.integration\tst\videoos.common.integration.unittests\bin\x64\debug\net472\videoos.common.integration.unittests.dll" id="0001ecac-aad8-2f83-2e08-41e13a9a331b">
      <Execution id="939300f7-28b6-4fc7-ad8b-49965679c78f" />
      <TestMethod codeBase="D:\actions-runner\_work\XPCO\XPCO\Corporate\Shared\Common.Integration\tst\VideoOS.Common.Integration.UnitTests\bin\x64\Debug\net472\VideoOS.Common.Integration.UnitTests.dll" adapterTypeName="executor://mstestadapter/v2" className="VideoOS.Common.Integration.UnitTests.Configuration.XmlEncryptionHelperTests" name="EncryptingNull" />
    </UnitTest>
    <UnitTest name="HardwareSetupInformationModel_Validate_Failed" storage="d:\actions-runner\_work\xpco\xpco\corporate\shared\common.integration\tst\videoos.common.integration.unittests\bin\x64\debug\net472\videoos.common.integration.unittests.dll" id="ee979836-8e9b-a428-76a0-4d534302f4d5">
      <Execution id="15739015-bfc7-464b-8777-880aac3b4403" />
      <TestMethod codeBase="D:\actions-runner\_work\XPCO\XPCO\Corporate\Shared\Common.Integration\tst\VideoOS.Common.Integration.UnitTests\bin\x64\Debug\net472\VideoOS.Common.Integration.UnitTests.dll" adapterTypeName="executor://mstestadapter/v2" className="VideoOS.Common.Integration.UnitTests.WebAPI.Model.HardwareSetupInformationModelTest" name="HardwareSetupInformationModel_Validate_Failed" />
    </UnitTest>
    <UnitTest name="ParseAsBytes_Null_Throws_ArgumentNullException" storage="d:\actions-runner\_work\xpco\xpco\corporate\shared\common.integration\tst\videoos.common.integration.unittests\bin\x64\debug\net472\videoos.common.integration.unittests.dll" id="26e7c1be-3d63-b011-e9de-0064ed7a5e30">
      <Execution id="8b4e11ad-cb12-425b-bd65-ba2dcf679d61" />
      <TestMethod codeBase="D:\actions-runner\_work\XPCO\XPCO\Corporate\Shared\Common.Integration\tst\VideoOS.Common.Integration.UnitTests\bin\x64\Debug\net472\VideoOS.Common.Integration.UnitTests.dll" adapterTypeName="executor://mstestadapter/v2" className="VideoOS.Common.Integration.UnitTests.CertificateHandling.StringByteConversionExtensionsUnitTests" name="ParseAsBytes_Null_Throws_ArgumentNullException" />
    </UnitTest>
    <UnitTest name="ValidateInformation_DevicesCountUsingOneLicense_NotShown_WhenTheCountIsZero" storage="d:\actions-runner\_work\xpco\xpco\corporate\shared\common.integration\tst\videoos.common.integration.unittests\bin\x64\debug\net472\videoos.common.integration.unittests.dll" id="f677ecbc-a37b-de6c-6108-d44b19746e79">
      <Execution id="fa4ed6de-f8c8-4eb2-a0ae-826ff06997d4" />
      <TestMethod codeBase="D:\actions-runner\_work\XPCO\XPCO\Corporate\Shared\Common.Integration\tst\VideoOS.Common.Integration.UnitTests\bin\x64\Debug\net472\VideoOS.Common.Integration.UnitTests.dll" adapterTypeName="executor://mstestadapter/v2" className="VideoOS.Common.Integration.UnitTests.License.LicenseReportGeneratorTests" name="ValidateInformation_DevicesCountUsingOneLicense_NotShown_WhenTheCountIsZero" />
    </UnitTest>
    <UnitTest name="Send_TokenCancellationExceptionThrown_ExceptionLoggedAndTimeoutExceptionThrown" storage="d:\actions-runner\_work\xpco\xpco\corporate\shared\common.integration\tst\videoos.common.integration.unittests\bin\x64\debug\net472\videoos.common.integration.unittests.dll" id="efeeeeba-7374-d6a4-c7f7-3faa2a981326">
      <Execution id="76ec1e13-d779-441a-9d69-f39506fc99f0" />
      <TestMethod codeBase="D:\actions-runner\_work\XPCO\XPCO\Corporate\Shared\Common.Integration\tst\VideoOS.Common.Integration.UnitTests\bin\x64\Debug\net472\VideoOS.Common.Integration.UnitTests.dll" adapterTypeName="executor://mstestadapter/v2" className="VideoOS.Common.Integration.WebApi.HttpClientCommunicatorUnitTests" name="Send_TokenCancellationExceptionThrown_ExceptionLoggedAndTimeoutExceptionThrown" />
    </UnitTest>
    <UnitTest name="QueryDeviceEvidenceLockSizesModelTests_Validate_Failed" storage="d:\actions-runner\_work\xpco\xpco\corporate\shared\common.integration\tst\videoos.common.integration.unittests\bin\x64\debug\net472\videoos.common.integration.unittests.dll" id="533da458-02c6-f071-52ef-1db5a6ae00db">
      <Execution id="21c3e7e8-a010-4e31-9186-e17cc930cdfa" />
      <TestMethod codeBase="D:\actions-runner\_work\XPCO\XPCO\Corporate\Shared\Common.Integration\tst\VideoOS.Common.Integration.UnitTests\bin\x64\Debug\net472\VideoOS.Common.Integration.UnitTests.dll" adapterTypeName="executor://mstestadapter/v2" className="VideoOS.Common.Integration.UnitTests.WebAPI.Model.QueryDeviceEvidenceLockSizesModelTests" name="QueryDeviceEvidenceLockSizesModelTests_Validate_Failed" />
    </UnitTest>
    <UnitTest name="CreateCreateHardwareLicenseCountEvaluator_HardwareLicensing_Returns_Null" storage="d:\actions-runner\_work\xpco\xpco\corporate\shared\common.integration\tst\videoos.common.integration.unittests\bin\x64\debug\net472\videoos.common.integration.unittests.dll" id="217b34cb-7ead-a498-b662-ce6fd17d7161">
      <TestCategory>
        <TestCategoryItem TestCategory="Licensing" />
      </TestCategory>
      <Execution id="868c42aa-10d2-4988-8447-a5c8fb575168" />
      <TestMethod codeBase="D:\actions-runner\_work\XPCO\XPCO\Corporate\Shared\Common.Integration\tst\VideoOS.Common.Integration.UnitTests\bin\x64\Debug\net472\VideoOS.Common.Integration.UnitTests.dll" adapterTypeName="executor://mstestadapter/v2" className="VideoOS.Common.Integration.UnitTests.License.LicenseManagerComponentsProviderTests" name="CreateCreateHardwareLicenseCountEvaluator_HardwareLicensing_Returns_Null" />
    </UnitTest>
    <UnitTest name="LicenseDocument_IsFeatureLicensed_SmartWallFeatureNotExpired" storage="d:\actions-runner\_work\xpco\xpco\corporate\shared\common.integration\tst\videoos.common.integration.unittests\bin\x64\debug\net472\videoos.common.integration.unittests.dll" id="3cd3b1b2-53a2-99e7-f269-5b4aa159b5e4">
      <TestCategory>
        <TestCategoryItem TestCategory="LicenseDocumentTest" />
      </TestCategory>
      <Execution id="31de9e80-8a3b-4aa0-96d9-5b15a2c17e6a" />
      <TestMethod codeBase="D:\actions-runner\_work\XPCO\XPCO\Corporate\Shared\Common.Integration\tst\VideoOS.Common.Integration.UnitTests\bin\x64\Debug\net472\VideoOS.Common.Integration.UnitTests.dll" adapterTypeName="executor://mstestadapter/v2" className="VideoOS.Common.Integration.UnitTests.License.LicenseDocumentTests" name="LicenseDocument_IsFeatureLicensed_SmartWallFeatureNotExpired" />
    </UnitTest>
    <UnitTest name="FeatureManager_IsFeatureLicensed_License_Feature_Null" storage="d:\actions-runner\_work\xpco\xpco\corporate\shared\common.integration\tst\videoos.common.integration.unittests\bin\x64\debug\net472\videoos.common.integration.unittests.dll" id="25a11567-6162-f921-9475-fdd513dc689c">
      <Execution id="9737ac6e-32c8-4848-8298-8fffb02bc692" />
      <TestMethod codeBase="D:\actions-runner\_work\XPCO\XPCO\Corporate\Shared\Common.Integration\tst\VideoOS.Common.Integration.UnitTests\bin\x64\Debug\net472\VideoOS.Common.Integration.UnitTests.dll" adapterTypeName="executor://mstestadapter/v2" className="VideoOS.Common.Integration.UnitTests.License.FeatureManagerTest" name="FeatureManager_IsFeatureLicensed_License_Feature_Null" />
    </UnitTest>
    <UnitTest name="ModelValidation_ValidModel_Success" storage="d:\actions-runner\_work\xpco\xpco\corporate\shared\common.integration\tst\videoos.common.integration.unittests\bin\x64\debug\net472\videoos.common.integration.unittests.dll" id="99b34987-ba92-81eb-f6eb-769542083b5f">
      <Execution id="5ddf377c-604e-41d1-ad5b-ad47cd4fdde3" />
      <TestMethod codeBase="D:\actions-runner\_work\XPCO\XPCO\Corporate\Shared\Common.Integration\tst\VideoOS.Common.Integration.UnitTests\bin\x64\Debug\net472\VideoOS.Common.Integration.UnitTests.dll" adapterTypeName="executor://mstestadapter/v2" className="VideoOS.Common.Integration.UnitTests.WebAPI.Model.ReportMediaCommittedToDatabaseModelTest" name="ModelValidation_ValidModel_Success" />
    </UnitTest>
    <UnitTest name="GetPresetByKey_ByNumberMoreThanOnePreset" storage="d:\actions-runner\_work\xpco\xpco\corporate\shared\common.integration\tst\videoos.common.integration.unittests\bin\x64\debug\net472\videoos.common.integration.unittests.dll" id="9128f325-2d16-e14f-81df-b2d804d27327">
      <Execution id="9de47913-fabd-4737-8a3e-6f3902c5b37b" />
      <TestMethod codeBase="D:\actions-runner\_work\XPCO\XPCO\Corporate\Shared\Common.Integration\tst\VideoOS.Common.Integration.UnitTests\bin\x64\Debug\net472\VideoOS.Common.Integration.UnitTests.dll" adapterTypeName="executor://mstestadapter/v2" className="VideoOS.Common.Integration.UnitTests.PtzPresetCollectionUnitTests" name="GetPresetByKey_ByNumberMoreThanOnePreset" />
    </UnitTest>
    <UnitTest name="CleanMemoryCache_CacheCleared" storage="d:\actions-runner\_work\xpco\xpco\corporate\shared\common.integration\tst\videoos.common.integration.unittests\bin\x64\debug\net472\videoos.common.integration.unittests.dll" id="57df223f-9162-d8c3-4092-79ad439b7133">
      <Execution id="dd4eca6c-21d9-4d60-8736-fedafa530d81" />
      <TestMethod codeBase="D:\actions-runner\_work\XPCO\XPCO\Corporate\Shared\Common.Integration\tst\VideoOS.Common.Integration.UnitTests\bin\x64\Debug\net472\VideoOS.Common.Integration.UnitTests.dll" adapterTypeName="executor://mstestadapter/v2" className="VideoOS.Common.Integration.UnitTests.Caching.SecurityIdentityCacheUnitTests" name="CleanMemoryCache_CacheCleared" />
    </UnitTest>
    <UnitTest name="Test_Members_SimpleOneLine" storage="d:\actions-runner\_work\xpco\xpco\corporate\shared\common.integration\tst\videoos.common.integration.unittests\bin\x64\debug\net472\videoos.common.integration.unittests.dll" id="6a3edddf-aa4a-2ccc-fff6-e0fdf6b4b399">
      <Execution id="e415b51a-f823-4dcf-8448-8835de127f59" />
      <TestMethod codeBase="D:\actions-runner\_work\XPCO\XPCO\Corporate\Shared\Common.Integration\tst\VideoOS.Common.Integration.UnitTests\bin\x64\Debug\net472\VideoOS.Common.Integration.UnitTests.dll" adapterTypeName="executor://mstestadapter/v2" className="VideoOS.Common.Integration.UnitTests.Caching.MembershipCacheUnitTest" name="Test_Members_SimpleOneLine" />
    </UnitTest>
    <UnitTest name="CreateHttpsUri_NoScheme_UsePort88_BecomesHttpsPort88" storage="d:\actions-runner\_work\xpco\xpco\corporate\shared\common.integration\tst\videoos.common.integration.unittests\bin\x64\debug\net472\videoos.common.integration.unittests.dll" id="7f454cf7-0d9f-83ad-864f-5a9e4b26106c">
      <TestCategory>
        <TestCategoryItem TestCategory="UriHandling" />
      </TestCategory>
      <Execution id="14bba8e4-24f2-4113-87df-8927d8637dd3" />
      <TestMethod codeBase="D:\actions-runner\_work\XPCO\XPCO\Corporate\Shared\Common.Integration\tst\VideoOS.Common.Integration.UnitTests\bin\x64\Debug\net472\VideoOS.Common.Integration.UnitTests.dll" adapterTypeName="executor://mstestadapter/v2" className="VideoOS.Common.Integration.UnitTests.Communication.UriHandlingUnitTests" name="CreateHttpsUri_NoScheme_UsePort88_BecomesHttpsPort88" />
    </UnitTest>
    <UnitTest name="GetItemsByKey_Null_ThrowArgumentNullException" storage="d:\actions-runner\_work\xpco\xpco\corporate\shared\common.integration\tst\videoos.common.integration.unittests\bin\x64\debug\net472\videoos.common.integration.unittests.dll" id="5dd28213-4971-07c3-06a9-465e776150cb">
      <Execution id="f335b9c5-c377-4e9d-b379-f96afc6fe809" />
      <TestMethod codeBase="D:\actions-runner\_work\XPCO\XPCO\Corporate\Shared\Common.Integration\tst\VideoOS.Common.Integration.UnitTests\bin\x64\Debug\net472\VideoOS.Common.Integration.UnitTests.dll" adapterTypeName="executor://mstestadapter/v2" className="VideoOS.Common.Integration.UnitTests.LinkedListIndexUnitTests" name="GetItemsByKey_Null_ThrowArgumentNullException" />
    </UnitTest>
    <UnitTest name="EncryptingAVHSPassSystemSetting" storage="d:\actions-runner\_work\xpco\xpco\corporate\shared\common.integration\tst\videoos.common.integration.unittests\bin\x64\debug\net472\videoos.common.integration.unittests.dll" id="b9791812-d5ec-c712-5aa1-f934543ca749">
      <Execution id="7ac9cd66-6eea-4cde-ae07-396115256c5e" />
      <TestMethod codeBase="D:\actions-runner\_work\XPCO\XPCO\Corporate\Shared\Common.Integration\tst\VideoOS.Common.Integration.UnitTests\bin\x64\Debug\net472\VideoOS.Common.Integration.UnitTests.dll" adapterTypeName="executor://mstestadapter/v2" className="VideoOS.Common.Integration.UnitTests.Configuration.XmlEncryptionHelperTests" name="EncryptingAVHSPassSystemSetting" />
    </UnitTest>
    <UnitTest name="FeatureManager_IsFeatureLicensed_Succeed" storage="d:\actions-runner\_work\xpco\xpco\corporate\shared\common.integration\tst\videoos.common.integration.unittests\bin\x64\debug\net472\videoos.common.integration.unittests.dll" id="d0c69e26-be65-9bf9-b821-acb98b3795b6">
      <Execution id="0c808d27-d69b-4824-b477-e42179339088" />
      <TestMethod codeBase="D:\actions-runner\_work\XPCO\XPCO\Corporate\Shared\Common.Integration\tst\VideoOS.Common.Integration.UnitTests\bin\x64\Debug\net472\VideoOS.Common.Integration.UnitTests.dll" adapterTypeName="executor://mstestadapter/v2" className="VideoOS.Common.Integration.UnitTests.License.FeatureManagerTest" name="FeatureManager_IsFeatureLicensed_Succeed" />
    </UnitTest>
    <UnitTest name="SystemSettingTableAdapter_Encrypt_Handle_No_Settings" storage="d:\actions-runner\_work\xpco\xpco\corporate\shared\common.integration\tst\videoos.common.integration.unittests\bin\x64\debug\net472\videoos.common.integration.unittests.dll" id="618706d2-7899-9b7b-ba2a-094e454958cf">
      <Execution id="1a5e19ed-9f31-4f2a-808a-6d8d611fbfe3" />
      <TestMethod codeBase="D:\actions-runner\_work\XPCO\XPCO\Corporate\Shared\Common.Integration\tst\VideoOS.Common.Integration.UnitTests\bin\x64\Debug\net472\VideoOS.Common.Integration.UnitTests.dll" adapterTypeName="executor://mstestadapter/v2" className="VideoOS.Common.Integration.UnitTests.Configuration.SystemSettingTableAdapterUnitTests" name="SystemSettingTableAdapter_Encrypt_Handle_No_Settings" />
    </UnitTest>
    <UnitTest name="Validate_PartialMatch_Found_MiddleOfWord_LowerCase_Success" storage="d:\actions-runner\_work\xpco\xpco\corporate\shared\common.integration\tst\videoos.common.integration.unittests\bin\x64\debug\net472\videoos.common.integration.unittests.dll" id="e7e078de-2425-c7b4-c3e2-f67e5862d887">
      <Execution id="8abe522a-8e78-4b53-b9ed-9f48a3186da1" />
      <TestMethod codeBase="D:\actions-runner\_work\XPCO\XPCO\Corporate\Shared\Common.Integration\tst\VideoOS.Common.Integration.UnitTests\bin\x64\Debug\net472\VideoOS.Common.Integration.UnitTests.dll" adapterTypeName="executor://mstestadapter/v2" className="VideoOS.Common.Integration.UnitTests.License.WhitelistMatchHelperTests" name="Validate_PartialMatch_Found_MiddleOfWord_LowerCase_Success" />
    </UnitTest>
    <UnitTest name="Encrypt_DataSetHasModifiedRow_DataSetIsEncrypted" storage="d:\actions-runner\_work\xpco\xpco\corporate\shared\common.integration\tst\videoos.common.integration.unittests\bin\x64\debug\net472\videoos.common.integration.unittests.dll" id="d7e36271-2848-2d0b-2171-f4332152f766">
      <Execution id="9e67544f-5450-40c3-adb4-f8ee82b83f13" />
      <TestMethod codeBase="D:\actions-runner\_work\XPCO\XPCO\Corporate\Shared\Common.Integration\tst\VideoOS.Common.Integration.UnitTests\bin\x64\Debug\net472\VideoOS.Common.Integration.UnitTests.dll" adapterTypeName="executor://mstestadapter/v2" className="VideoOS.Common.Integration.UnitTests.Configuration.RecordingStorageTableAdapterTests" name="Encrypt_DataSetHasModifiedRow_DataSetIsEncrypted" />
    </UnitTest>
    <UnitTest name="ModelValidation_RequiredPropertiesAreNull_Failed" storage="d:\actions-runner\_work\xpco\xpco\corporate\shared\common.integration\tst\videoos.common.integration.unittests\bin\x64\debug\net472\videoos.common.integration.unittests.dll" id="f20f172f-0ff8-a9be-f910-26b0f4098c1d">
      <Execution id="4a134478-f116-4d3e-aecc-3190226f3cce" />
      <TestMethod codeBase="D:\actions-runner\_work\XPCO\XPCO\Corporate\Shared\Common.Integration\tst\VideoOS.Common.Integration.UnitTests\bin\x64\Debug\net472\VideoOS.Common.Integration.UnitTests.dll" adapterTypeName="executor://mstestadapter/v2" className="VideoOS.Common.Integration.UnitTests.WebAPI.Model.PtzReserveSessionModelTest" name="ModelValidation_RequiredPropertiesAreNull_Failed" />
    </UnitTest>
    <UnitTest name="ExceptionResponseModel_Validate_Success" storage="d:\actions-runner\_work\xpco\xpco\corporate\shared\common.integration\tst\videoos.common.integration.unittests\bin\x64\debug\net472\videoos.common.integration.unittests.dll" id="b9904c9a-5040-ba62-e9bc-f8b6ed5155cc">
      <Execution id="eee229cd-a7d8-4fe0-81bf-46513e1be2ac" />
      <TestMethod codeBase="D:\actions-runner\_work\XPCO\XPCO\Corporate\Shared\Common.Integration\tst\VideoOS.Common.Integration.UnitTests\bin\x64\Debug\net472\VideoOS.Common.Integration.UnitTests.dll" adapterTypeName="executor://mstestadapter/v2" className="VideoOS.Common.Integration.UnitTests.WebAPI.Model.Server.Responses.ExceptionResponseModelTest" name="ExceptionResponseModel_Validate_Success" />
    </UnitTest>
    <UnitTest name="WhiteList_IsDriverWhiteListed_HWWith17CH_GlobalMaxChannelCountIs16_ReturnsFalse" storage="d:\actions-runner\_work\xpco\xpco\corporate\shared\common.integration\tst\videoos.common.integration.unittests\bin\x64\debug\net472\videoos.common.integration.unittests.dll" id="c2285dae-1cec-1615-44a4-c7a7de367a0d">
      <TestCategory>
        <TestCategoryItem TestCategory="Licensing" />
      </TestCategory>
      <Execution id="8359f252-b6ea-4558-99e8-f3870e7d9b4d" />
      <TestMethod codeBase="D:\actions-runner\_work\XPCO\XPCO\Corporate\Shared\Common.Integration\tst\VideoOS.Common.Integration.UnitTests\bin\x64\Debug\net472\VideoOS.Common.Integration.UnitTests.dll" adapterTypeName="executor://mstestadapter/v2" className="VideoOS.Common.Integration.UnitTests.License.LicenseWhitelistTests" name="WhiteList_IsDriverWhiteListed_HWWith17CH_GlobalMaxChannelCountIs16_ReturnsFalse" />
    </UnitTest>
    <UnitTest name="LicenseActivationService_AcquireLicense_LicenseNotAllowed_TooManyInterconnectedCameras" storage="d:\actions-runner\_work\xpco\xpco\corporate\shared\common.integration\tst\videoos.common.integration.unittests\bin\x64\debug\net472\videoos.common.integration.unittests.dll" id="0db6cea0-7252-b647-3ba1-5f00dccc86b6">
      <Execution id="8f8abc58-37bd-464b-896a-3ab29fb84490" />
      <TestMethod codeBase="D:\actions-runner\_work\XPCO\XPCO\Corporate\Shared\Common.Integration\tst\VideoOS.Common.Integration.UnitTests\bin\x64\Debug\net472\VideoOS.Common.Integration.UnitTests.dll" adapterTypeName="executor://mstestadapter/v2" className="VideoOS.Common.Integration.UnitTests.License.LicenseActivationServiceTests" name="LicenseActivationService_AcquireLicense_LicenseNotAllowed_TooManyInterconnectedCameras" />
    </UnitTest>
    <UnitTest name="LicenseActivationService_AcquireLicense_AccessDenied_SlcRegisteredOnOtherLogOn" storage="d:\actions-runner\_work\xpco\xpco\corporate\shared\common.integration\tst\videoos.common.integration.unittests\bin\x64\debug\net472\videoos.common.integration.unittests.dll" id="1a9ca88d-e0a2-a9c1-4371-f245b655b125">
      <Execution id="57941ed3-a2b1-42a7-962d-56aa93f4437a" />
      <TestMethod codeBase="D:\actions-runner\_work\XPCO\XPCO\Corporate\Shared\Common.Integration\tst\VideoOS.Common.Integration.UnitTests\bin\x64\Debug\net472\VideoOS.Common.Integration.UnitTests.dll" adapterTypeName="executor://mstestadapter/v2" className="VideoOS.Common.Integration.UnitTests.License.LicenseActivationServiceTests" name="LicenseActivationService_AcquireLicense_AccessDenied_SlcRegisteredOnOtherLogOn" />
    </UnitTest>
    <UnitTest name="UniqueIndex_AddEntry_Null_ThrowArgumentNullException" storage="d:\actions-runner\_work\xpco\xpco\corporate\shared\common.integration\tst\videoos.common.integration.unittests\bin\x64\debug\net472\videoos.common.integration.unittests.dll" id="ee7c26d9-1661-cc07-771d-cd8bc4d30bae">
      <Execution id="5fe92747-e29b-49f2-81fa-a4d6540b0aec" />
      <TestMethod codeBase="D:\actions-runner\_work\XPCO\XPCO\Corporate\Shared\Common.Integration\tst\VideoOS.Common.Integration.UnitTests\bin\x64\Debug\net472\VideoOS.Common.Integration.UnitTests.dll" adapterTypeName="executor://mstestadapter/v2" className="VideoOS.Common.Integration.UnitTests.IndexedCollectionUnitTests" name="UniqueIndex_AddEntry_Null_ThrowArgumentNullException" />
    </UnitTest>
    <UnitTest name="Transform_XmlWithPassword_PasswordChanged" storage="d:\actions-runner\_work\xpco\xpco\corporate\shared\common.integration\tst\videoos.common.integration.unittests\bin\x64\debug\net472\videoos.common.integration.unittests.dll" id="34485d63-da71-1b61-32bf-f506cca6b3cc">
      <Execution id="b4a2a064-ec41-4877-9b6c-69268ada9ffa" />
      <TestMethod codeBase="D:\actions-runner\_work\XPCO\XPCO\Corporate\Shared\Common.Integration\tst\VideoOS.Common.Integration.UnitTests\bin\x64\Debug\net472\VideoOS.Common.Integration.UnitTests.dll" adapterTypeName="executor://mstestadapter/v2" className="VideoOS.Common.Integration.UnitTests.Configuration.ConfigurationDataSetEncryption.ActivateLicenseEncryptionTests" name="Transform_XmlWithPassword_PasswordChanged" />
    </UnitTest>
    <UnitTest name="ReadAttributeAsBoolean_NoChild" storage="d:\actions-runner\_work\xpco\xpco\corporate\shared\common.integration\tst\videoos.common.integration.unittests\bin\x64\debug\net472\videoos.common.integration.unittests.dll" id="8c10d258-276b-4ab2-ad41-0fa0852d2979">
      <Execution id="3c038cbf-cc98-4845-a623-a2937391107a" />
      <TestMethod codeBase="D:\actions-runner\_work\XPCO\XPCO\Corporate\Shared\Common.Integration\tst\VideoOS.Common.Integration.UnitTests\bin\x64\Debug\net472\VideoOS.Common.Integration.UnitTests.dll" adapterTypeName="executor://mstestadapter/v2" className="VideoOS.Common.Integration.UnitTests.XmlDocumentExtensionsCoreUnitTests" name="ReadAttributeAsBoolean_NoChild" />
    </UnitTest>
    <UnitTest name="LocalCommandProcessorResponseCollector_GetNextResponse_SuccessResponse" storage="d:\actions-runner\_work\xpco\xpco\corporate\shared\common.integration\tst\videoos.common.integration.unittests\bin\x64\debug\net472\videoos.common.integration.unittests.dll" id="f6716c04-2f0b-c495-1ad6-1fd1bedb71cd">
      <Execution id="9b9354e9-0339-4eff-a689-20b79f1cd49a" />
      <TestMethod codeBase="D:\actions-runner\_work\XPCO\XPCO\Corporate\Shared\Common.Integration\tst\VideoOS.Common.Integration.UnitTests\bin\x64\Debug\net472\VideoOS.Common.Integration.UnitTests.dll" adapterTypeName="executor://mstestadapter/v2" className="VideoOS.Common.Integration.UnitTests.Command.CommandProcessor.LocalCommandProcessorResponseCollectorUnitTests" name="LocalCommandProcessorResponseCollector_GetNextResponse_SuccessResponse" />
    </UnitTest>
    <UnitTest name="BulkProcessor_EnqueueOneItemMultipleTimes_ItemsAreProcessedOneByOne" storage="d:\actions-runner\_work\xpco\xpco\corporate\shared\common.integration\tst\videoos.common.integration.unittests\bin\x64\debug\net472\videoos.common.integration.unittests.dll" id="d58b10c0-7bb1-d2e3-962a-3f9a53f47417">
      <Execution id="6ad47fbd-9446-4c21-9419-48300637b712" />
      <TestMethod codeBase="D:\actions-runner\_work\XPCO\XPCO\Corporate\Shared\Common.Integration\tst\VideoOS.Common.Integration.UnitTests\bin\x64\Debug\net472\VideoOS.Common.Integration.UnitTests.dll" adapterTypeName="executor://mstestadapter/v2" className="VideoOS.Common.Integration.UnitTests.MessageProcessing.BulkProcessorUnitTest" name="BulkProcessor_EnqueueOneItemMultipleTimes_ItemsAreProcessedOneByOne" />
    </UnitTest>
    <UnitTest name="ReadChildElementValueAsInt32_RangeCheck_Min" storage="d:\actions-runner\_work\xpco\xpco\corporate\shared\common.integration\tst\videoos.common.integration.unittests\bin\x64\debug\net472\videoos.common.integration.unittests.dll" id="339ac893-1f1c-c496-9014-eefd06d24734">
      <Execution id="4206ffba-d471-4777-93f2-27ce210323a3" />
      <TestMethod codeBase="D:\actions-runner\_work\XPCO\XPCO\Corporate\Shared\Common.Integration\tst\VideoOS.Common.Integration.UnitTests\bin\x64\Debug\net472\VideoOS.Common.Integration.UnitTests.dll" adapterTypeName="executor://mstestadapter/v2" className="VideoOS.Common.Integration.UnitTests.XmlDocumentExtensionsCoreUnitTests" name="ReadChildElementValueAsInt32_RangeCheck_Min" />
    </UnitTest>
    <UnitTest name="SynchronizeDevicePresetsResponseModel_Validate_Success" storage="d:\actions-runner\_work\xpco\xpco\corporate\shared\common.integration\tst\videoos.common.integration.unittests\bin\x64\debug\net472\videoos.common.integration.unittests.dll" id="c6f1ddfe-dc6c-90ef-5793-d6b03235aede">
      <Execution id="95ee1286-336f-43cc-9378-689695b72651" />
      <TestMethod codeBase="D:\actions-runner\_work\XPCO\XPCO\Corporate\Shared\Common.Integration\tst\VideoOS.Common.Integration.UnitTests\bin\x64\Debug\net472\VideoOS.Common.Integration.UnitTests.dll" adapterTypeName="executor://mstestadapter/v2" className="VideoOS.Common.Integration.UnitTests.WebApi.Model.SynchronizeDevicePresetsResponseModelTest" name="SynchronizeDevicePresetsResponseModel_Validate_Success" />
    </UnitTest>
    <UnitTest name="EventMetadataTimestampParsesMicrosecondsWithTrailingZeroesCorrectly" storage="d:\actions-runner\_work\xpco\xpco\corporate\shared\common.integration\tst\videoos.common.integration.unittests\bin\x64\debug\net472\videoos.common.integration.unittests.dll" id="d1e1ab0c-7d74-af92-5fe8-9c7bce95e3bd">
      <Execution id="ae51813e-9892-49a2-b3b6-9656f8cc952e" />
      <TestMethod codeBase="D:\actions-runner\_work\XPCO\XPCO\Corporate\Shared\Common.Integration\tst\VideoOS.Common.Integration.UnitTests\bin\x64\Debug\net472\VideoOS.Common.Integration.UnitTests.dll" adapterTypeName="executor://mstestadapter/v2" className="VideoOS.Common.Integration.UnitTests.Rules.RuleEventsTests" name="EventMetadataTimestampParsesMicrosecondsWithTrailingZeroesCorrectly" />
    </UnitTest>
    <UnitTest name="CustomLicenseType_FeatureFlagPresent" storage="d:\actions-runner\_work\xpco\xpco\corporate\shared\common.integration\tst\videoos.common.integration.unittests\bin\x64\debug\net472\videoos.common.integration.unittests.dll" id="27d5ab36-e134-151f-9531-716552d085c2">
      <TestCategory>
        <TestCategoryItem TestCategory="CustomLicenseTypeTest" />
      </TestCategory>
      <Execution id="ea08afeb-48fa-4846-b5a0-a7e07a4da24c" />
      <TestMethod codeBase="D:\actions-runner\_work\XPCO\XPCO\Corporate\Shared\Common.Integration\tst\VideoOS.Common.Integration.UnitTests\bin\x64\Debug\net472\VideoOS.Common.Integration.UnitTests.dll" adapterTypeName="executor://mstestadapter/v2" className="VideoOS.Common.Integration.UnitTests.License.CustomLicenseTypeTests" name="CustomLicenseType_FeatureFlagPresent" />
    </UnitTest>
    <UnitTest name="ServiceContainer_GetInstance_CreationTakesParamatersNotFound_UsesDefaultConstructor_Success" storage="d:\actions-runner\_work\xpco\xpco\corporate\shared\common.integration\tst\videoos.common.integration.unittests\bin\x64\debug\net472\videoos.common.integration.unittests.dll" id="766aedf0-1025-25df-52bf-1821751fde22">
      <TestCategory>
        <TestCategoryItem TestCategory="ServiceContainer" />
      </TestCategory>
      <Execution id="7a3df3b8-2fd9-49e8-9450-6fc987019ff2" />
      <TestMethod codeBase="D:\actions-runner\_work\XPCO\XPCO\Corporate\Shared\Common.Integration\tst\VideoOS.Common.Integration.UnitTests\bin\x64\Debug\net472\VideoOS.Common.Integration.UnitTests.dll" adapterTypeName="executor://mstestadapter/v2" className="VideoOS.Common.Integration.ServiceContainerTests.ServiceContainerUnitTests" name="ServiceContainer_GetInstance_CreationTakesParamatersNotFound_UsesDefaultConstructor_Success" />
    </UnitTest>
    <UnitTest name="UniqueIndex_AddEntry_MultipleEntries_ThrowArgumentException" storage="d:\actions-runner\_work\xpco\xpco\corporate\shared\common.integration\tst\videoos.common.integration.unittests\bin\x64\debug\net472\videoos.common.integration.unittests.dll" id="2bf88c35-dc49-70be-9ca9-7a60417aeb9a">
      <Execution id="4b520457-65fe-423d-be5a-d7f929fc461a" />
      <TestMethod codeBase="D:\actions-runner\_work\XPCO\XPCO\Corporate\Shared\Common.Integration\tst\VideoOS.Common.Integration.UnitTests\bin\x64\Debug\net472\VideoOS.Common.Integration.UnitTests.dll" adapterTypeName="executor://mstestadapter/v2" className="VideoOS.Common.Integration.UnitTests.IndexedCollectionUnitTests" name="UniqueIndex_AddEntry_MultipleEntries_ThrowArgumentException" />
    </UnitTest>
    <UnitTest name="Mac_Address_Empty_Test_False_2" storage="d:\actions-runner\_work\xpco\xpco\corporate\shared\common.integration\tst\videoos.common.integration.unittests\bin\x64\debug\net472\videoos.common.integration.unittests.dll" id="6c8785a7-7376-2b99-0097-2f6cf90fc665">
      <Execution id="8ecbc746-e85d-4d28-af33-28a673caac78" />
      <TestMethod codeBase="D:\actions-runner\_work\XPCO\XPCO\Corporate\Shared\Common.Integration\tst\VideoOS.Common.Integration.UnitTests\bin\x64\Debug\net472\VideoOS.Common.Integration.UnitTests.dll" adapterTypeName="executor://mstestadapter/v2" className="VideoOS.Common.Integration.UnitTests.License.MacAddressUtilitiesTest" name="Mac_Address_Empty_Test_False_2" />
    </UnitTest>
    <UnitTest name="Credentials_ModificationTest" storage="d:\actions-runner\_work\xpco\xpco\corporate\shared\common.integration\tst\videoos.common.integration.unittests\bin\x64\debug\net472\videoos.common.integration.unittests.dll" id="aac0a9f7-1c73-9590-cded-21acfdc20fe7">
      <Execution id="5be535f9-0cd2-48e3-9701-1437060636ac" />
      <TestMethod codeBase="D:\actions-runner\_work\XPCO\XPCO\Corporate\Shared\Common.Integration\tst\VideoOS.Common.Integration.UnitTests\bin\x64\Debug\net472\VideoOS.Common.Integration.UnitTests.dll" adapterTypeName="executor://mstestadapter/v2" className="VideoOS.Common.Integration.UnitTests.CredentialsTest" name="Credentials_ModificationTest" />
    </UnitTest>
    <UnitTest name="Encrypt_DataSetHasEmptyPassword_PasswordIsStillEmpty" storage="d:\actions-runner\_work\xpco\xpco\corporate\shared\common.integration\tst\videoos.common.integration.unittests\bin\x64\debug\net472\videoos.common.integration.unittests.dll" id="6d5f0050-80f0-8e39-bb73-cffbc8ebef05">
      <Execution id="05278c36-99a5-4f14-97e9-c5d1c4593256" />
      <TestMethod codeBase="D:\actions-runner\_work\XPCO\XPCO\Corporate\Shared\Common.Integration\tst\VideoOS.Common.Integration.UnitTests\bin\x64\Debug\net472\VideoOS.Common.Integration.UnitTests.dll" adapterTypeName="executor://mstestadapter/v2" className="VideoOS.Common.Integration.UnitTests.Configuration.RecordingStorageTableAdapterTests" name="Encrypt_DataSetHasEmptyPassword_PasswordIsStillEmpty" />
    </UnitTest>
    <UnitTest name="SendAsync_AuthenticationException_InvalidCertificateCalled" storage="d:\actions-runner\_work\xpco\xpco\corporate\shared\common.integration\tst\videoos.common.integration.unittests\bin\x64\debug\net472\videoos.common.integration.unittests.dll" id="06f8d942-a1f3-7e45-bd97-4700a2629094">
      <Execution id="1d1476bc-2f5e-46fa-93c5-0f214ab6cff6" />
      <TestMethod codeBase="D:\actions-runner\_work\XPCO\XPCO\Corporate\Shared\Common.Integration\tst\VideoOS.Common.Integration.UnitTests\bin\x64\Debug\net472\VideoOS.Common.Integration.UnitTests.dll" adapterTypeName="executor://mstestadapter/v2" className="VideoOS.Common.Integration.WebApi.HttpClientCommunicatorUnitTests" name="SendAsync_AuthenticationException_InvalidCertificateCalled" />
    </UnitTest>
    <UnitTest name="Validate_JsonCreatedFromLicenseResponse_Success" storage="d:\actions-runner\_work\xpco\xpco\corporate\shared\common.integration\tst\videoos.common.integration.unittests\bin\x64\debug\net472\videoos.common.integration.unittests.dll" id="1be58e80-7bfa-841e-ebc8-362904c130f2">
      <Execution id="bd79ce0e-7727-4a88-b769-1344d932690d" />
      <TestMethod codeBase="D:\actions-runner\_work\XPCO\XPCO\Corporate\Shared\Common.Integration\tst\VideoOS.Common.Integration.UnitTests\bin\x64\Debug\net472\VideoOS.Common.Integration.UnitTests.dll" adapterTypeName="executor://mstestadapter/v2" className="VideoOS.Common.Integration.UnitTests.License.LicenseContainerTests" name="Validate_JsonCreatedFromLicenseResponse_Success" />
    </UnitTest>
    <UnitTest name="ServerFileStorage_Seek_Success" storage="d:\actions-runner\_work\xpco\xpco\corporate\shared\common.integration\tst\videoos.common.integration.unittests\bin\x64\debug\net472\videoos.common.integration.unittests.dll" id="7a657f40-0db4-0ccc-f9af-e1b87e34f478">
      <Execution id="adbed302-5e8f-4313-a639-82f7454fa53e" />
      <TestMethod codeBase="D:\actions-runner\_work\XPCO\XPCO\Corporate\Shared\Common.Integration\tst\VideoOS.Common.Integration.UnitTests\bin\x64\Debug\net472\VideoOS.Common.Integration.UnitTests.dll" adapterTypeName="executor://mstestadapter/v2" className="VideoOS.Common.Integration.UnitTests.ServerFileStorageTests" name="ServerFileStorage_Seek_Success" />
    </UnitTest>
    <UnitTest name="Collection_Add_Lookup_Remove_Success" storage="d:\actions-runner\_work\xpco\xpco\corporate\shared\common.integration\tst\videoos.common.integration.unittests\bin\x64\debug\net472\videoos.common.integration.unittests.dll" id="9cc90772-c03b-d2fd-fcc6-432c0e1d3d02">
      <Execution id="7646bc39-5f4d-476b-8189-6c5a075d2702" />
      <TestMethod codeBase="D:\actions-runner\_work\XPCO\XPCO\Corporate\Shared\Common.Integration\tst\VideoOS.Common.Integration.UnitTests\bin\x64\Debug\net472\VideoOS.Common.Integration.UnitTests.dll" adapterTypeName="executor://mstestadapter/v2" className="VideoOS.Common.Integration.UnitTests.IndexedCollectionUnitTests" name="Collection_Add_Lookup_Remove_Success" />
    </UnitTest>
    <UnitTest name="Encrypt_DataSetHasModifiedRow_DataSetIsEncrypted" storage="d:\actions-runner\_work\xpco\xpco\corporate\shared\common.integration\tst\videoos.common.integration.unittests\bin\x64\debug\net472\videoos.common.integration.unittests.dll" id="b23beb03-ffbd-4d3d-0f7c-437da4598c39">
      <Execution id="a35f6a13-5466-49e0-885b-2e4659e94d16" />
      <TestMethod codeBase="D:\actions-runner\_work\XPCO\XPCO\Corporate\Shared\Common.Integration\tst\VideoOS.Common.Integration.UnitTests\bin\x64\Debug\net472\VideoOS.Common.Integration.UnitTests.dll" adapterTypeName="executor://mstestadapter/v2" className="VideoOS.Common.Integration.UnitTests.Configuration.HostingServerTableAdapterTests" name="Encrypt_DataSetHasModifiedRow_DataSetIsEncrypted" />
    </UnitTest>
    <UnitTest name="ConvertStringToPort_InvalidPortString_ThrowsFormatException" storage="d:\actions-runner\_work\xpco\xpco\corporate\shared\common.integration\tst\videoos.common.integration.unittests\bin\x64\debug\net472\videoos.common.integration.unittests.dll" id="e64c8100-0f88-0067-2e28-6e0a325b5b0a">
      <TestCategory>
        <TestCategoryItem TestCategory="UriHandling" />
      </TestCategory>
      <Execution id="ea9d9126-57b1-474c-a0aa-f38e7a9681b2" />
      <TestMethod codeBase="D:\actions-runner\_work\XPCO\XPCO\Corporate\Shared\Common.Integration\tst\VideoOS.Common.Integration.UnitTests\bin\x64\Debug\net472\VideoOS.Common.Integration.UnitTests.dll" adapterTypeName="executor://mstestadapter/v2" className="VideoOS.Common.Integration.UnitTests.Communication.UriHandlingUnitTests" name="ConvertStringToPort_InvalidPortString_ThrowsFormatException" />
    </UnitTest>
    <UnitTest name="UpdateRecorderStatus_InvalidStatusModel_Failed" storage="d:\actions-runner\_work\xpco\xpco\corporate\shared\common.integration\tst\videoos.common.integration.unittests\bin\x64\debug\net472\videoos.common.integration.unittests.dll" id="8fcca9cc-7d19-5615-8f57-00f8781b2e9a">
      <Execution id="1b3045f4-6ab2-4df1-92b5-8d5accf0449b" />
      <TestMethod codeBase="D:\actions-runner\_work\XPCO\XPCO\Corporate\Shared\Common.Integration\tst\VideoOS.Common.Integration.UnitTests\bin\x64\Debug\net472\VideoOS.Common.Integration.UnitTests.dll" adapterTypeName="executor://mstestadapter/v2" className="VideoOS.Common.Integration.UnitTests.WebAPI.Model.Server.RecorderStatusModelTests" name="UpdateRecorderStatus_InvalidStatusModel_Failed" />
    </UnitTest>
    <UnitTest name="CreateInstance_ValidName_ValidSearchMethod_Exact_Success" storage="d:\actions-runner\_work\xpco\xpco\corporate\shared\common.integration\tst\videoos.common.integration.unittests\bin\x64\debug\net472\videoos.common.integration.unittests.dll" id="750014a1-0857-0d0b-44f3-fcfa369b7c2e">
      <Execution id="4ca2903b-beba-4759-9e4a-e15a1fcecd5c" />
      <TestMethod codeBase="D:\actions-runner\_work\XPCO\XPCO\Corporate\Shared\Common.Integration\tst\VideoOS.Common.Integration.UnitTests\bin\x64\Debug\net472\VideoOS.Common.Integration.UnitTests.dll" adapterTypeName="executor://mstestadapter/v2" className="VideoOS.Common.Integration.UnitTests.License.WhitelistMatchHelperTests" name="CreateInstance_ValidName_ValidSearchMethod_Exact_Success" />
    </UnitTest>
    <UnitTest name="CheckAllMIPFiltersNullParameter1" storage="d:\actions-runner\_work\xpco\xpco\corporate\shared\common.integration\tst\videoos.common.integration.unittests\bin\x64\debug\net472\videoos.common.integration.unittests.dll" id="e26f4201-f75a-1586-7de9-98e66dbcbc84">
      <TestCategory>
        <TestCategoryItem TestCategory="Rules.MIPFilter" />
      </TestCategory>
      <Execution id="f83bdc74-2126-4f24-8156-d56cb991279f" />
      <TestMethod codeBase="D:\actions-runner\_work\XPCO\XPCO\Corporate\Shared\Common.Integration\tst\VideoOS.Common.Integration.UnitTests\bin\x64\Debug\net472\VideoOS.Common.Integration.UnitTests.dll" adapterTypeName="executor://mstestadapter/v2" className="VideoOS.Common.Integration.UnitTests.Rules.MIPFilterTest" name="CheckAllMIPFiltersNullParameter1" />
    </UnitTest>
    <UnitTest name="CreateHardwareLicenseCountEvaluatorChannel_CallUpdateLicenseInfo_DriverIsInWhiteList_ReturnsTrueAndChannelLicenseCountIsOne" storage="d:\actions-runner\_work\xpco\xpco\corporate\shared\common.integration\tst\videoos.common.integration.unittests\bin\x64\debug\net472\videoos.common.integration.unittests.dll" id="e47bed73-f08e-d72d-b4a2-7822c9928a05">
      <TestCategory>
        <TestCategoryItem TestCategory="Licensing" />
      </TestCategory>
      <Execution id="37ff7db1-7b20-4bb3-a876-84d7bf4f9e16" />
      <TestMethod codeBase="D:\actions-runner\_work\XPCO\XPCO\Corporate\Shared\Common.Integration\tst\VideoOS.Common.Integration.UnitTests\bin\x64\Debug\net472\VideoOS.Common.Integration.UnitTests.dll" adapterTypeName="executor://mstestadapter/v2" className="VideoOS.Common.Integration.UnitTests.License.HardwareLicenseCountEvaluatorTests" name="CreateHardwareLicenseCountEvaluatorChannel_CallUpdateLicenseInfo_DriverIsInWhiteList_ReturnsTrueAndChannelLicenseCountIsOne" />
    </UnitTest>
    <UnitTest name="FileUploadSynchronizer_Upload_After_Dispose_Exception" storage="d:\actions-runner\_work\xpco\xpco\corporate\shared\common.integration\tst\videoos.common.integration.unittests\bin\x64\debug\net472\videoos.common.integration.unittests.dll" id="182ba1dd-289f-5383-2549-e8808bb99a81">
      <Execution id="365d8f84-e03e-4d71-bba8-e01cb772f9a8" />
      <TestMethod codeBase="D:\actions-runner\_work\XPCO\XPCO\Corporate\Shared\Common.Integration\tst\VideoOS.Common.Integration.UnitTests\bin\x64\Debug\net472\VideoOS.Common.Integration.UnitTests.dll" adapterTypeName="executor://mstestadapter/v2" className="VideoOS.Common.Integration.UnitTests.FileUploadSynchronizerTests" name="FileUploadSynchronizer_Upload_After_Dispose_Exception" />
    </UnitTest>
    <UnitTest name="UpdateHardwareDriverModel_RequiredPropertiesAreNull_Failed" storage="d:\actions-runner\_work\xpco\xpco\corporate\shared\common.integration\tst\videoos.common.integration.unittests\bin\x64\debug\net472\videoos.common.integration.unittests.dll" id="ee381c40-a08a-d490-b422-cd6ae96dc304">
      <Execution id="f2ea9983-bcfc-45b6-be74-ea79475f5a4f" />
      <TestMethod codeBase="D:\actions-runner\_work\XPCO\XPCO\Corporate\Shared\Common.Integration\tst\VideoOS.Common.Integration.UnitTests\bin\x64\Debug\net472\VideoOS.Common.Integration.UnitTests.dll" adapterTypeName="executor://mstestadapter/v2" className="VideoOS.Common.Integration.UnitTests.WebAPI.Model.UpdateHardwareDriverModelTest" name="UpdateHardwareDriverModel_RequiredPropertiesAreNull_Failed" />
    </UnitTest>
    <UnitTest name="BindToType_BindToAllowedTypesWithBinder_TypeReturned" storage="d:\actions-runner\_work\xpco\xpco\corporate\shared\common.integration\tst\videoos.common.integration.unittests\bin\x64\debug\net472\videoos.common.integration.unittests.dll" id="45542875-edb0-b681-0266-836ee63c8265">
      <Execution id="d0bdd0d7-fbad-405f-8fd1-7053c944179d" />
      <TestMethod codeBase="D:\actions-runner\_work\XPCO\XPCO\Corporate\Shared\Common.Integration\tst\VideoOS.Common.Integration.UnitTests\bin\x64\Debug\net472\VideoOS.Common.Integration.UnitTests.dll" adapterTypeName="executor://mstestadapter/v2" className="VideoOS.Common.Integration.UnitTests.TypeFilteringSerializationBinderUtilityTest" name="BindToType_BindToAllowedTypesWithBinder_TypeReturned" />
    </UnitTest>
    <UnitTest name="ReadChildElementValueAsUInt64_InvalidData" storage="d:\actions-runner\_work\xpco\xpco\corporate\shared\common.integration\tst\videoos.common.integration.unittests\bin\x64\debug\net472\videoos.common.integration.unittests.dll" id="4aa14437-3803-5869-0e81-906d763b395c">
      <Execution id="9ec985ff-93b0-4388-9ac7-de78dae421f0" />
      <TestMethod codeBase="D:\actions-runner\_work\XPCO\XPCO\Corporate\Shared\Common.Integration\tst\VideoOS.Common.Integration.UnitTests\bin\x64\Debug\net472\VideoOS.Common.Integration.UnitTests.dll" adapterTypeName="executor://mstestadapter/v2" className="VideoOS.Common.Integration.UnitTests.XmlDocumentExtensionsCoreUnitTests" name="ReadChildElementValueAsUInt64_InvalidData" />
    </UnitTest>
    <UnitTest name="GetPresetByKey_ByIdOnlyOnePreset" storage="d:\actions-runner\_work\xpco\xpco\corporate\shared\common.integration\tst\videoos.common.integration.unittests\bin\x64\debug\net472\videoos.common.integration.unittests.dll" id="a86291b0-4171-9275-c577-e6c0904099ee">
      <Execution id="709b2a95-6629-4ce2-bb21-1264c3c8e37f" />
      <TestMethod codeBase="D:\actions-runner\_work\XPCO\XPCO\Corporate\Shared\Common.Integration\tst\VideoOS.Common.Integration.UnitTests\bin\x64\Debug\net472\VideoOS.Common.Integration.UnitTests.dll" adapterTypeName="executor://mstestadapter/v2" className="VideoOS.Common.Integration.UnitTests.PtzPresetCollectionUnitTests" name="GetPresetByKey_ByIdOnlyOnePreset" />
    </UnitTest>
    <UnitTest name="ImmerVisionLensesDynamicLoad_LensLoadTest" storage="d:\actions-runner\_work\xpco\xpco\corporate\shared\common.integration\tst\videoos.common.integration.unittests\bin\x64\debug\net472\videoos.common.integration.unittests.dll" id="da9394cb-7286-3d66-4b0f-0a5b2d3d9841">
      <TestCategory>
        <TestCategoryItem TestCategory="ImmerVisionLensesTest" />
      </TestCategory>
      <Execution id="1f0921fd-ddb7-47de-a7e1-28a7f15978e8" />
      <TestMethod codeBase="D:\actions-runner\_work\XPCO\XPCO\Corporate\Shared\Common.Integration\tst\VideoOS.Common.Integration.UnitTests\bin\x64\Debug\net472\VideoOS.Common.Integration.UnitTests.dll" adapterTypeName="executor://mstestadapter/v2" className="VideoOS.Common.Integration.UnitTests.Lenses.ImmerVisionLensesTests" name="ImmerVisionLensesDynamicLoad_LensLoadTest" />
    </UnitTest>
    <UnitTest name="AddRange_Works_OnCollection" storage="d:\actions-runner\_work\xpco\xpco\corporate\shared\common.integration\tst\videoos.common.integration.unittests\bin\x64\debug\net472\videoos.common.integration.unittests.dll" id="e9a64a75-fd75-d60a-07ff-15219025037f">
      <TestCategory>
        <TestCategoryItem TestCategory="Extensions" />
      </TestCategory>
      <Execution id="2b34c57f-0d9e-4e7c-aee6-b649336b8b35" />
      <TestMethod codeBase="D:\actions-runner\_work\XPCO\XPCO\Corporate\Shared\Common.Integration\tst\VideoOS.Common.Integration.UnitTests\bin\x64\Debug\net472\VideoOS.Common.Integration.UnitTests.dll" adapterTypeName="executor://mstestadapter/v2" className="VideoOS.Common.Integration.UnitTests.Extensions.ExtensionMethodsTests" name="AddRange_Works_OnCollection" />
    </UnitTest>
    <UnitTest name="TokenHandler_CreateTokenHandler_Failed" storage="d:\actions-runner\_work\xpco\xpco\corporate\shared\common.integration\tst\videoos.common.integration.unittests\bin\x64\debug\net472\videoos.common.integration.unittests.dll" id="92b7eb91-6797-4ea3-4c11-ac30d885a68f">
      <Execution id="9f54d469-e154-48c2-aeca-816e06238674" />
      <TestMethod codeBase="D:\actions-runner\_work\XPCO\XPCO\Corporate\Shared\Common.Integration\tst\VideoOS.Common.Integration.UnitTests\bin\x64\Debug\net472\VideoOS.Common.Integration.UnitTests.dll" adapterTypeName="executor://mstestadapter/v2" className="VideoOS.Common.Integration.UnitTests.Security.TokenHandler_UnitTests" name="TokenHandler_CreateTokenHandler_Failed" />
    </UnitTest>
    <UnitTest name="Index_RemoveKey_Null_Throws_ArgumentNullException" storage="d:\actions-runner\_work\xpco\xpco\corporate\shared\common.integration\tst\videoos.common.integration.unittests\bin\x64\debug\net472\videoos.common.integration.unittests.dll" id="eba99153-bd66-8f09-238c-5d71eec60aa7">
      <Execution id="c99b93f4-17d5-4ea9-b3c6-13fee422f732" />
      <TestMethod codeBase="D:\actions-runner\_work\XPCO\XPCO\Corporate\Shared\Common.Integration\tst\VideoOS.Common.Integration.UnitTests\bin\x64\Debug\net472\VideoOS.Common.Integration.UnitTests.dll" adapterTypeName="executor://mstestadapter/v2" className="VideoOS.Common.Integration.UnitTests.IndexedCollectionUnitTests" name="Index_RemoveKey_Null_Throws_ArgumentNullException" />
    </UnitTest>
    <UnitTest name="ExecuteRuleActionsModelTest_Json_Serialize_Deserialize" storage="d:\actions-runner\_work\xpco\xpco\corporate\shared\common.integration\tst\videoos.common.integration.unittests\bin\x64\debug\net472\videoos.common.integration.unittests.dll" id="4b411e7b-0fb6-c0ce-a957-e5eb823bd622">
      <Execution id="05f89986-dd35-4475-a408-0a70219c48f1" />
      <TestMethod codeBase="D:\actions-runner\_work\XPCO\XPCO\Corporate\Shared\Common.Integration\tst\VideoOS.Common.Integration.UnitTests\bin\x64\Debug\net472\VideoOS.Common.Integration.UnitTests.dll" adapterTypeName="executor://mstestadapter/v2" className="VideoOS.Common.Integration.UnitTests.WebApi.ExecuteRuleActionsModelTest" name="ExecuteRuleActionsModelTest_Json_Serialize_Deserialize" />
    </UnitTest>
    <UnitTest name="ServerFileStorageCleanupService_Entries_Retrieved" storage="d:\actions-runner\_work\xpco\xpco\corporate\shared\common.integration\tst\videoos.common.integration.unittests\bin\x64\debug\net472\videoos.common.integration.unittests.dll" id="89b3c6f3-c499-d450-f7a3-676712a1db13">
      <Execution id="962a026a-65f8-4f3d-ba45-100fc85bf1bd" />
      <TestMethod codeBase="D:\actions-runner\_work\XPCO\XPCO\Corporate\Shared\Common.Integration\tst\VideoOS.Common.Integration.UnitTests\bin\x64\Debug\net472\VideoOS.Common.Integration.UnitTests.dll" adapterTypeName="executor://mstestadapter/v2" className="VideoOS.Common.Integration.UnitTests.ServerFileStorageCleanupServiceTests" name="ServerFileStorageCleanupService_Entries_Retrieved" />
    </UnitTest>
    <UnitTest name="Send_HttpRequestExceptionThrown_ExceptionLoggedAndCommunicationExceptionThrown" storage="d:\actions-runner\_work\xpco\xpco\corporate\shared\common.integration\tst\videoos.common.integration.unittests\bin\x64\debug\net472\videoos.common.integration.unittests.dll" id="fb833b07-008c-f7f9-992f-8ff1461aee58">
      <Execution id="404e8928-c016-4dc9-b383-7673c9e89b3f" />
      <TestMethod codeBase="D:\actions-runner\_work\XPCO\XPCO\Corporate\Shared\Common.Integration\tst\VideoOS.Common.Integration.UnitTests\bin\x64\Debug\net472\VideoOS.Common.Integration.UnitTests.dll" adapterTypeName="executor://mstestadapter/v2" className="VideoOS.Common.Integration.WebApi.HttpClientCommunicatorUnitTests" name="Send_HttpRequestExceptionThrown_ExceptionLoggedAndCommunicationExceptionThrown" />
    </UnitTest>
    <UnitTest name="ReadIdentitiesFromCache_NullSidArray" storage="d:\actions-runner\_work\xpco\xpco\corporate\shared\common.integration\tst\videoos.common.integration.unittests\bin\x64\debug\net472\videoos.common.integration.unittests.dll" id="b54d4d80-8505-fb58-e2fa-4b8054d9bef9">
      <Execution id="b9eb0204-7213-4444-9f7a-6429c40e5d6e" />
      <TestMethod codeBase="D:\actions-runner\_work\XPCO\XPCO\Corporate\Shared\Common.Integration\tst\VideoOS.Common.Integration.UnitTests\bin\x64\Debug\net472\VideoOS.Common.Integration.UnitTests.dll" adapterTypeName="executor://mstestadapter/v2" className="VideoOS.Common.Integration.UnitTests.Caching.SecurityIdentityCacheUnitTests" name="ReadIdentitiesFromCache_NullSidArray" />
    </UnitTest>
    <UnitTest name="WhiteList_IsModelWhiteListed_HWWith15EnabledCH5DisabledCH_GlobalMaxChannelCount16_ReturnsFalse" storage="d:\actions-runner\_work\xpco\xpco\corporate\shared\common.integration\tst\videoos.common.integration.unittests\bin\x64\debug\net472\videoos.common.integration.unittests.dll" id="3d8963fa-aca3-0469-1259-08f2b2242a49">
      <TestCategory>
        <TestCategoryItem TestCategory="Licensing" />
      </TestCategory>
      <Execution id="3e15d7e9-fbe6-4462-975f-c459ff48e272" />
      <TestMethod codeBase="D:\actions-runner\_work\XPCO\XPCO\Corporate\Shared\Common.Integration\tst\VideoOS.Common.Integration.UnitTests\bin\x64\Debug\net472\VideoOS.Common.Integration.UnitTests.dll" adapterTypeName="executor://mstestadapter/v2" className="VideoOS.Common.Integration.UnitTests.License.LicenseWhitelistTests" name="WhiteList_IsModelWhiteListed_HWWith15EnabledCH5DisabledCH_GlobalMaxChannelCount16_ReturnsFalse" />
    </UnitTest>
    <UnitTest name="ModelValidation_ValidModel_Success" storage="d:\actions-runner\_work\xpco\xpco\corporate\shared\common.integration\tst\videoos.common.integration.unittests\bin\x64\debug\net472\videoos.common.integration.unittests.dll" id="9be8a1a6-dbc5-67e3-e22f-3c26db4775c4">
      <Execution id="8e6b00d5-388c-4e47-8b3d-4b8b565ba4dc" />
      <TestMethod codeBase="D:\actions-runner\_work\XPCO\XPCO\Corporate\Shared\Common.Integration\tst\VideoOS.Common.Integration.UnitTests\bin\x64\Debug\net472\VideoOS.Common.Integration.UnitTests.dll" adapterTypeName="executor://mstestadapter/v2" className="VideoOS.Common.Integration.UnitTests.WebAPI.Model.GlobalEventModelTest" name="ModelValidation_ValidModel_Success" />
    </UnitTest>
    <UnitTest name="LicenseDocument_IsFeatureLicensed_NullFeature" storage="d:\actions-runner\_work\xpco\xpco\corporate\shared\common.integration\tst\videoos.common.integration.unittests\bin\x64\debug\net472\videoos.common.integration.unittests.dll" id="dcd07c4f-612c-6e68-0b0c-4a4b76a087b5">
      <TestCategory>
        <TestCategoryItem TestCategory="LicenseDocumentTest" />
      </TestCategory>
      <Execution id="d553060e-5be8-4684-b8c0-258fc3ff47a8" />
      <TestMethod codeBase="D:\actions-runner\_work\XPCO\XPCO\Corporate\Shared\Common.Integration\tst\VideoOS.Common.Integration.UnitTests\bin\x64\Debug\net472\VideoOS.Common.Integration.UnitTests.dll" adapterTypeName="executor://mstestadapter/v2" className="VideoOS.Common.Integration.UnitTests.License.LicenseDocumentTests" name="LicenseDocument_IsFeatureLicensed_NullFeature" />
    </UnitTest>
    <UnitTest name="Send_NoError_TaskIsExecutedAndCorrectResponseReceived" storage="d:\actions-runner\_work\xpco\xpco\corporate\shared\common.integration\tst\videoos.common.integration.unittests\bin\x64\debug\net472\videoos.common.integration.unittests.dll" id="2aeb6082-964c-c7ba-b810-10d68371df21">
      <Execution id="bcd3bc6b-1b92-4902-8394-62093da1263a" />
      <TestMethod codeBase="D:\actions-runner\_work\XPCO\XPCO\Corporate\Shared\Common.Integration\tst\VideoOS.Common.Integration.UnitTests\bin\x64\Debug\net472\VideoOS.Common.Integration.UnitTests.dll" adapterTypeName="executor://mstestadapter/v2" className="VideoOS.Common.Integration.WebApi.HttpClientCommunicatorUnitTests" name="Send_NoError_TaskIsExecutedAndCorrectResponseReceived" />
    </UnitTest>
    <UnitTest name="GenerateReport_InvalidCalculationResultsArg_ThrowsArgumentNullException" storage="d:\actions-runner\_work\xpco\xpco\corporate\shared\common.integration\tst\videoos.common.integration.unittests\bin\x64\debug\net472\videoos.common.integration.unittests.dll" id="0e09f455-cd4f-e42d-bcdb-93aa3d653c3e">
      <Execution id="0d60ec80-faf1-4321-ae3f-680e4a9a0b61" />
      <TestMethod codeBase="D:\actions-runner\_work\XPCO\XPCO\Corporate\Shared\Common.Integration\tst\VideoOS.Common.Integration.UnitTests\bin\x64\Debug\net472\VideoOS.Common.Integration.UnitTests.dll" adapterTypeName="executor://mstestadapter/v2" className="VideoOS.Common.Integration.UnitTests.License.LicenseReportGeneratorTests" name="GenerateReport_InvalidCalculationResultsArg_ThrowsArgumentNullException" />
    </UnitTest>
    <UnitTest name="TestPasswordGenerationFromNullPasswordRequirements" storage="d:\actions-runner\_work\xpco\xpco\corporate\shared\common.integration\tst\videoos.common.integration.unittests\bin\x64\debug\net472\videoos.common.integration.unittests.dll" id="e6829ed2-a680-7c6d-7c14-cf41bc741470">
      <Execution id="1f1ee766-ea2d-4b29-8c35-21a96ad69ac6" />
      <TestMethod codeBase="D:\actions-runner\_work\XPCO\XPCO\Corporate\Shared\Common.Integration\tst\VideoOS.Common.Integration.UnitTests\bin\x64\Debug\net472\VideoOS.Common.Integration.UnitTests.dll" adapterTypeName="executor://mstestadapter/v2" className="VideoOS.Common.Integration.UnitTests.PasswordMinMaxGenerator" name="TestPasswordGenerationFromNullPasswordRequirements" />
    </UnitTest>
    <UnitTest name="IsKnownId_Known" storage="d:\actions-runner\_work\xpco\xpco\corporate\shared\common.integration\tst\videoos.common.integration.unittests\bin\x64\debug\net472\videoos.common.integration.unittests.dll" id="1115d730-5f04-a13a-0ac8-51185c798157">
      <Execution id="12c01352-341f-49ab-b80f-0cf3f2578efd" />
      <TestMethod codeBase="D:\actions-runner\_work\XPCO\XPCO\Corporate\Shared\Common.Integration\tst\VideoOS.Common.Integration.UnitTests\bin\x64\Debug\net472\VideoOS.Common.Integration.UnitTests.dll" adapterTypeName="executor://mstestadapter/v2" className="VideoOS.Common.Integration.UnitTests.Definition.Event.BuiltInEventTypesTest" name="IsKnownId_Known" />
    </UnitTest>
    <UnitTest name="WhiteList_CreateInstanceMaximumChannelCountParameterIsNegative_RaisesArgumentException" storage="d:\actions-runner\_work\xpco\xpco\corporate\shared\common.integration\tst\videoos.common.integration.unittests\bin\x64\debug\net472\videoos.common.integration.unittests.dll" id="df568c07-a2bf-a473-b20c-99920a8fa63b">
      <TestCategory>
        <TestCategoryItem TestCategory="Licensing" />
      </TestCategory>
      <Execution id="739d9f12-a4cd-4d22-a8b7-fc3e35e3367e" />
      <TestMethod codeBase="D:\actions-runner\_work\XPCO\XPCO\Corporate\Shared\Common.Integration\tst\VideoOS.Common.Integration.UnitTests\bin\x64\Debug\net472\VideoOS.Common.Integration.UnitTests.dll" adapterTypeName="executor://mstestadapter/v2" className="VideoOS.Common.Integration.UnitTests.License.LicenseWhitelistTests" name="WhiteList_CreateInstanceMaximumChannelCountParameterIsNegative_RaisesArgumentException" />
    </UnitTest>
    <UnitTest name="CalculateLicenseRequirements_HardwareWithNoEnabledCameraDevicesCountsAs1License_ReturnsFalse" storage="d:\actions-runner\_work\xpco\xpco\corporate\shared\common.integration\tst\videoos.common.integration.unittests\bin\x64\debug\net472\videoos.common.integration.unittests.dll" id="a5f79078-96d5-c0dd-d472-78485b0023ba">
      <Execution id="04812851-8f4d-4ded-98fd-3620b6966c5f" />
      <TestMethod codeBase="D:\actions-runner\_work\XPCO\XPCO\Corporate\Shared\Common.Integration\tst\VideoOS.Common.Integration.UnitTests\bin\x64\Debug\net472\VideoOS.Common.Integration.UnitTests.dll" adapterTypeName="executor://mstestadapter/v2" className="VideoOS.Common.Integration.UnitTests.License.LicenseCalculatorTests" name="CalculateLicenseRequirements_HardwareWithNoEnabledCameraDevicesCountsAs1License_ReturnsFalse" />
    </UnitTest>
    <UnitTest name="CleanMemoryCache_PostAction" storage="d:\actions-runner\_work\xpco\xpco\corporate\shared\common.integration\tst\videoos.common.integration.unittests\bin\x64\debug\net472\videoos.common.integration.unittests.dll" id="2b4996cd-aa90-8fba-96b2-0aa6bafb2530">
      <Execution id="d5b50947-c690-46ff-adf5-623a32603234" />
      <TestMethod codeBase="D:\actions-runner\_work\XPCO\XPCO\Corporate\Shared\Common.Integration\tst\VideoOS.Common.Integration.UnitTests\bin\x64\Debug\net472\VideoOS.Common.Integration.UnitTests.dll" adapterTypeName="executor://mstestadapter/v2" className="VideoOS.Common.Integration.UnitTests.Caching.SecurityIdentityCacheUnitTests" name="CleanMemoryCache_PostAction" />
    </UnitTest>
    <UnitTest name="Receive_HttpRequestExceptionThrown_ExceptionLoggedAndCommunicationExceptionThrown" storage="d:\actions-runner\_work\xpco\xpco\corporate\shared\common.integration\tst\videoos.common.integration.unittests\bin\x64\debug\net472\videoos.common.integration.unittests.dll" id="71a8629d-053f-542d-4cd0-b36fc966255b">
      <Execution id="9450e4a0-28e6-47ad-92fc-491f90143dd5" />
      <TestMethod codeBase="D:\actions-runner\_work\XPCO\XPCO\Corporate\Shared\Common.Integration\tst\VideoOS.Common.Integration.UnitTests\bin\x64\Debug\net472\VideoOS.Common.Integration.UnitTests.dll" adapterTypeName="executor://mstestadapter/v2" className="VideoOS.Common.Integration.WebApi.HttpClientCommunicatorUnitTests" name="Receive_HttpRequestExceptionThrown_ExceptionLoggedAndCommunicationExceptionThrown" />
    </UnitTest>
    <UnitTest name="ServerFileStorage_PersistedCleanupService_Receives_PersistedEntriesOnly" storage="d:\actions-runner\_work\xpco\xpco\corporate\shared\common.integration\tst\videoos.common.integration.unittests\bin\x64\debug\net472\videoos.common.integration.unittests.dll" id="24bc4452-6389-5ad3-fcf2-eb33569b557f">
      <Execution id="590ecbd1-2d88-4a47-a128-b25a21ee475c" />
      <TestMethod codeBase="D:\actions-runner\_work\XPCO\XPCO\Corporate\Shared\Common.Integration\tst\VideoOS.Common.Integration.UnitTests\bin\x64\Debug\net472\VideoOS.Common.Integration.UnitTests.dll" adapterTypeName="executor://mstestadapter/v2" className="VideoOS.Common.Integration.UnitTests.ServerFileStorageTests" name="ServerFileStorage_PersistedCleanupService_Receives_PersistedEntriesOnly" />
    </UnitTest>
    <UnitTest name="ServerFileStorage_DisposesStream_ThenWrites_Exception" storage="d:\actions-runner\_work\xpco\xpco\corporate\shared\common.integration\tst\videoos.common.integration.unittests\bin\x64\debug\net472\videoos.common.integration.unittests.dll" id="312229e0-7722-5a64-625c-c70b33ebc0ed">
      <Execution id="5ebdcb9a-5ad1-43a0-97a8-471652c27303" />
      <TestMethod codeBase="D:\actions-runner\_work\XPCO\XPCO\Corporate\Shared\Common.Integration\tst\VideoOS.Common.Integration.UnitTests\bin\x64\Debug\net472\VideoOS.Common.Integration.UnitTests.dll" adapterTypeName="executor://mstestadapter/v2" className="VideoOS.Common.Integration.UnitTests.ServerFileStorageTests" name="ServerFileStorage_DisposesStream_ThenWrites_Exception" />
    </UnitTest>
    <UnitTest name="Send_NonSuccessResponse_BadRequestExceptionThrown" storage="d:\actions-runner\_work\xpco\xpco\corporate\shared\common.integration\tst\videoos.common.integration.unittests\bin\x64\debug\net472\videoos.common.integration.unittests.dll" id="4d252ac9-04ed-3b5d-a52f-389829aff074">
      <Execution id="200d7dcc-a8cc-49d1-a835-7dbba40a9d31" />
      <TestMethod codeBase="D:\actions-runner\_work\XPCO\XPCO\Corporate\Shared\Common.Integration\tst\VideoOS.Common.Integration.UnitTests\bin\x64\Debug\net472\VideoOS.Common.Integration.UnitTests.dll" adapterTypeName="executor://mstestadapter/v2" className="VideoOS.Common.Integration.WebApi.HttpClientCommunicatorUnitTests" name="Send_NonSuccessResponse_BadRequestExceptionThrown" />
    </UnitTest>
    <UnitTest name="WhiteList_IsModelWhiteListed_HWWith12CH_ModelMaxChannelCountIs10GlobalMaxChannelCountIs16_ReturnsFalse" storage="d:\actions-runner\_work\xpco\xpco\corporate\shared\common.integration\tst\videoos.common.integration.unittests\bin\x64\debug\net472\videoos.common.integration.unittests.dll" id="0de29df1-d38a-1eff-95a2-39e6759ca4aa">
      <TestCategory>
        <TestCategoryItem TestCategory="Licensing" />
      </TestCategory>
      <Execution id="a53e7720-cd6a-4ed9-844d-bf52d884de59" />
      <TestMethod codeBase="D:\actions-runner\_work\XPCO\XPCO\Corporate\Shared\Common.Integration\tst\VideoOS.Common.Integration.UnitTests\bin\x64\Debug\net472\VideoOS.Common.Integration.UnitTests.dll" adapterTypeName="executor://mstestadapter/v2" className="VideoOS.Common.Integration.UnitTests.License.LicenseWhitelistTests" name="WhiteList_IsModelWhiteListed_HWWith12CH_ModelMaxChannelCountIs10GlobalMaxChannelCountIs16_ReturnsFalse" />
    </UnitTest>
    <UnitTest name="CalculateLicenseRequirements_LST_Mixed_HBL_CBL_WithDuplicates_CountsLicensesForSingleHardware" storage="d:\actions-runner\_work\xpco\xpco\corporate\shared\common.integration\tst\videoos.common.integration.unittests\bin\x64\debug\net472\videoos.common.integration.unittests.dll" id="d756f289-d859-d136-2e42-7100f9b20dcb">
      <Execution id="32039391-f725-4cb8-b541-430a4f692279" />
      <TestMethod codeBase="D:\actions-runner\_work\XPCO\XPCO\Corporate\Shared\Common.Integration\tst\VideoOS.Common.Integration.UnitTests\bin\x64\Debug\net472\VideoOS.Common.Integration.UnitTests.dll" adapterTypeName="executor://mstestadapter/v2" className="VideoOS.Common.Integration.UnitTests.License.LicenseCalculatorTests" name="CalculateLicenseRequirements_LST_Mixed_HBL_CBL_WithDuplicates_CountsLicensesForSingleHardware" />
    </UnitTest>
    <UnitTest name="OnActionExecuting_ActionContextIsNull_ArgumentNullException" storage="d:\actions-runner\_work\xpco\xpco\corporate\shared\common.integration\tst\videoos.common.integration.unittests\bin\x64\debug\net472\videoos.common.integration.unittests.dll" id="75ff3f88-1bfc-4319-e9e6-4ccc76c10679">
      <Execution id="8d1dee29-9e74-4acc-89ef-d5e400ccabfc" />
      <TestMethod codeBase="D:\actions-runner\_work\XPCO\XPCO\Corporate\Shared\Common.Integration\tst\VideoOS.Common.Integration.UnitTests\bin\x64\Debug\net472\VideoOS.Common.Integration.UnitTests.dll" adapterTypeName="executor://mstestadapter/v2" className="VideoOS.Common.Integration.WebApi.ValidateModelAttributeUnitTests" name="OnActionExecuting_ActionContextIsNull_ArgumentNullException" />
    </UnitTest>
    <UnitTest name="SendWithReturnValue_NoError_TaskIsExecutedAndCorrectResponseReceived" storage="d:\actions-runner\_work\xpco\xpco\corporate\shared\common.integration\tst\videoos.common.integration.unittests\bin\x64\debug\net472\videoos.common.integration.unittests.dll" id="70971d6f-006f-6b7c-1193-edcff8bb49bd">
      <Execution id="78cac9aa-8c04-44b6-b479-90c104cbb7a3" />
      <TestMethod codeBase="D:\actions-runner\_work\XPCO\XPCO\Corporate\Shared\Common.Integration\tst\VideoOS.Common.Integration.UnitTests\bin\x64\Debug\net472\VideoOS.Common.Integration.UnitTests.dll" adapterTypeName="executor://mstestadapter/v2" className="VideoOS.Common.Integration.WebApi.HttpClientCommunicatorUnitTests" name="SendWithReturnValue_NoError_TaskIsExecutedAndCorrectResponseReceived" />
    </UnitTest>
    <UnitTest name="HardwareInfo_DecodesDriverAndModelNameUpperWithMixedCasedSymbols" storage="d:\actions-runner\_work\xpco\xpco\corporate\shared\common.integration\tst\videoos.common.integration.unittests\bin\x64\debug\net472\videoos.common.integration.unittests.dll" id="eee8de63-1e12-5835-b4c3-8b62a2e9b161">
      <Execution id="b22ccbf6-670b-40ec-86d9-2f86a6748b8c" />
      <TestMethod codeBase="D:\actions-runner\_work\XPCO\XPCO\Corporate\Shared\Common.Integration\tst\VideoOS.Common.Integration.UnitTests\bin\x64\Debug\net472\VideoOS.Common.Integration.UnitTests.dll" adapterTypeName="executor://mstestadapter/v2" className="VideoOS.Common.Integration.UnitTests.License.HardwareInfoTests" name="HardwareInfo_DecodesDriverAndModelNameUpperWithMixedCasedSymbols" />
    </UnitTest>
    <UnitTest name="HttpClientCommunicatorWrapper_PatchAsync_Success" storage="d:\actions-runner\_work\xpco\xpco\corporate\shared\common.integration\tst\videoos.common.integration.unittests\bin\x64\debug\net472\videoos.common.integration.unittests.dll" id="41ee5629-d500-34d1-bd2a-75d66e6c1c01">
      <Execution id="b5a1e5a8-5b61-4322-8f40-8f951f294823" />
      <TestMethod codeBase="D:\actions-runner\_work\XPCO\XPCO\Corporate\Shared\Common.Integration\tst\VideoOS.Common.Integration.UnitTests\bin\x64\Debug\net472\VideoOS.Common.Integration.UnitTests.dll" adapterTypeName="executor://mstestadapter/v2" className="VideoOS.Common.Integration.UnitTests.WebAPI.HttpClientCommunicatorWrapperTests" name="HttpClientCommunicatorWrapper_PatchAsync_Success" />
    </UnitTest>
    <UnitTest name="WebApiException_NullStream_ThrowsArgumentNullException" storage="d:\actions-runner\_work\xpco\xpco\corporate\shared\common.integration\tst\videoos.common.integration.unittests\bin\x64\debug\net472\videoos.common.integration.unittests.dll" id="66c45e7e-2eb8-8f5a-9732-6ddf802742e4">
      <Execution id="af80faad-b295-4026-948b-4ecb0efc38a1" />
      <TestMethod codeBase="D:\actions-runner\_work\XPCO\XPCO\Corporate\Shared\Common.Integration\tst\VideoOS.Common.Integration.UnitTests\bin\x64\Debug\net472\VideoOS.Common.Integration.UnitTests.dll" adapterTypeName="executor://mstestadapter/v2" className="VideoOS.Common.Integration.UnitTests.WebAPI.Exceptions.WebApiExceptionTests" name="WebApiException_NullStream_ThrowsArgumentNullException" />
    </UnitTest>
    <UnitTest name="Constructor_Valid_AddressIsSet" storage="d:\actions-runner\_work\xpco\xpco\corporate\shared\common.integration\tst\videoos.common.integration.unittests\bin\x64\debug\net472\videoos.common.integration.unittests.dll" id="6289295b-06d2-153f-33a0-b519202959b1">
      <Execution id="f601c3e4-6b27-4805-98d0-cf9954dae6cf" />
      <TestMethod codeBase="D:\actions-runner\_work\XPCO\XPCO\Corporate\Shared\Common.Integration\tst\VideoOS.Common.Integration.UnitTests\bin\x64\Debug\net472\VideoOS.Common.Integration.UnitTests.dll" adapterTypeName="executor://mstestadapter/v2" className="VideoOS.Common.Integration.WebApi.HttpClientCommunicatorUnitTests" name="Constructor_Valid_AddressIsSet" />
    </UnitTest>
    <UnitTest name="ReadChildElementValueAsInt32_ElementNull" storage="d:\actions-runner\_work\xpco\xpco\corporate\shared\common.integration\tst\videoos.common.integration.unittests\bin\x64\debug\net472\videoos.common.integration.unittests.dll" id="f4ac5019-96c6-7ecf-4bd3-a321bb9fbd1b">
      <Execution id="e1b4f8d1-f3bb-431c-9736-79c87db68ef7" />
      <TestMethod codeBase="D:\actions-runner\_work\XPCO\XPCO\Corporate\Shared\Common.Integration\tst\VideoOS.Common.Integration.UnitTests\bin\x64\Debug\net472\VideoOS.Common.Integration.UnitTests.dll" adapterTypeName="executor://mstestadapter/v2" className="VideoOS.Common.Integration.UnitTests.XmlDocumentExtensionsCoreUnitTests" name="ReadChildElementValueAsInt32_ElementNull" />
    </UnitTest>
    <UnitTest name="SecurityUserTokensModelTest_Validate_Failed" storage="d:\actions-runner\_work\xpco\xpco\corporate\shared\common.integration\tst\videoos.common.integration.unittests\bin\x64\debug\net472\videoos.common.integration.unittests.dll" id="f4810eaf-c25a-8ccd-99f1-05c4d09bd707">
      <Execution id="e1bcb2c5-4ab2-4162-848e-eb00114dad6e" />
      <TestMethod codeBase="D:\actions-runner\_work\XPCO\XPCO\Corporate\Shared\Common.Integration\tst\VideoOS.Common.Integration.UnitTests\bin\x64\Debug\net472\VideoOS.Common.Integration.UnitTests.dll" adapterTypeName="executor://mstestadapter/v2" className="VideoOS.Common.Integration.UnitTests.WebAPI.Model.SecurityUserTokensModelTest" name="SecurityUserTokensModelTest_Validate_Failed" />
    </UnitTest>
    <UnitTest name="Construct_RequestContainer_InvalidLicenseIntegrationDataNull_ThrowsArgumentNullException" storage="d:\actions-runner\_work\xpco\xpco\corporate\shared\common.integration\tst\videoos.common.integration.unittests\bin\x64\debug\net472\videoos.common.integration.unittests.dll" id="223879b6-1bce-182a-ac69-2d7e1b786d11">
      <Execution id="53d7de35-6e2c-468c-a3ab-c82add9fdbb6" />
      <TestMethod codeBase="D:\actions-runner\_work\XPCO\XPCO\Corporate\Shared\Common.Integration\tst\VideoOS.Common.Integration.UnitTests\bin\x64\Debug\net472\VideoOS.Common.Integration.UnitTests.dll" adapterTypeName="executor://mstestadapter/v2" className="VideoOS.Common.Integration.UnitTests.License.LicenseContainerTests" name="Construct_RequestContainer_InvalidLicenseIntegrationDataNull_ThrowsArgumentNullException" />
    </UnitTest>
    <UnitTest name="ReadChildElementValueAsBoolean_SunnyDayFalse" storage="d:\actions-runner\_work\xpco\xpco\corporate\shared\common.integration\tst\videoos.common.integration.unittests\bin\x64\debug\net472\videoos.common.integration.unittests.dll" id="69235826-a1f1-f215-3f28-97d4bdbe2d52">
      <Execution id="190715b4-c1fd-4fb9-b98c-f5b9b8d72858" />
      <TestMethod codeBase="D:\actions-runner\_work\XPCO\XPCO\Corporate\Shared\Common.Integration\tst\VideoOS.Common.Integration.UnitTests\bin\x64\Debug\net472\VideoOS.Common.Integration.UnitTests.dll" adapterTypeName="executor://mstestadapter/v2" className="VideoOS.Common.Integration.UnitTests.XmlDocumentExtensionsCoreUnitTests" name="ReadChildElementValueAsBoolean_SunnyDayFalse" />
    </UnitTest>
    <UnitTest name="TestMergeGridAreaWithValidAreasSecondIsLarger" storage="d:\actions-runner\_work\xpco\xpco\corporate\shared\common.integration\tst\videoos.common.integration.unittests\bin\x64\debug\net472\videoos.common.integration.unittests.dll" id="1accfd8a-0a38-1368-de38-ea2f36422228">
      <Execution id="c495fe24-3a06-4bc8-bfd9-33f2049771ce" />
      <TestMethod codeBase="D:\actions-runner\_work\XPCO\XPCO\Corporate\Shared\Common.Integration\tst\VideoOS.Common.Integration.UnitTests\bin\x64\Debug\net472\VideoOS.Common.Integration.UnitTests.dll" adapterTypeName="executor://mstestadapter/v2" className="VideoOS.Common.Integration.UnitTests.Configuration.FillableGridAreaUnitTest" name="TestMergeGridAreaWithValidAreasSecondIsLarger" />
    </UnitTest>
    <UnitTest name="ToLogEntryAudit_ModelNull_ArgumentNullException" storage="d:\actions-runner\_work\xpco\xpco\corporate\shared\common.integration\tst\videoos.common.integration.unittests\bin\x64\debug\net472\videoos.common.integration.unittests.dll" id="da93d51d-3bfd-8116-5345-506cba3f49b2">
      <Execution id="70c6fb36-302a-4283-ba9d-fa993eaee2e0" />
      <TestMethod codeBase="D:\actions-runner\_work\XPCO\XPCO\Corporate\Shared\Common.Integration\tst\VideoOS.Common.Integration.UnitTests\bin\x64\Debug\net472\VideoOS.Common.Integration.UnitTests.dll" adapterTypeName="executor://mstestadapter/v2" className="VideoOS.Common.Integration.UnitTests.WebAPI.Model.Server.LogEntryModelConverterTest" name="ToLogEntryAudit_ModelNull_ArgumentNullException" />
    </UnitTest>
    <UnitTest name="ScheduledTimeReachedFunctionScheduledDateReachedTest" storage="d:\actions-runner\_work\xpco\xpco\corporate\shared\common.integration\tst\videoos.common.integration.unittests\bin\x64\debug\net472\videoos.common.integration.unittests.dll" id="c56e53e9-2c05-5eb9-8244-91b1844883db">
      <Execution id="6fd9a59f-bd26-4264-951c-135cd13cd49a" />
      <TestMethod codeBase="D:\actions-runner\_work\XPCO\XPCO\Corporate\Shared\Common.Integration\tst\VideoOS.Common.Integration.UnitTests\bin\x64\Debug\net472\VideoOS.Common.Integration.UnitTests.dll" adapterTypeName="executor://mstestadapter/v2" className="VideoOS.Common.Integration.UnitTests.Rules.ScheduledTimeReachedFunctionTest" name="ScheduledTimeReachedFunctionScheduledDateReachedTest" />
    </UnitTest>
    <UnitTest name="CalculateLicenseRequirements_NotWhitelisted_SameHardwareOnMultipleRecordingServers_CountsLicensesForSingleHardware" storage="d:\actions-runner\_work\xpco\xpco\corporate\shared\common.integration\tst\videoos.common.integration.unittests\bin\x64\debug\net472\videoos.common.integration.unittests.dll" id="a5868bf0-37f2-3bf5-61bc-01e74d8bb7be">
      <Execution id="a62838e7-c713-4b83-a8d0-dc633d867637" />
      <TestMethod codeBase="D:\actions-runner\_work\XPCO\XPCO\Corporate\Shared\Common.Integration\tst\VideoOS.Common.Integration.UnitTests\bin\x64\Debug\net472\VideoOS.Common.Integration.UnitTests.dll" adapterTypeName="executor://mstestadapter/v2" className="VideoOS.Common.Integration.UnitTests.License.LicenseCalculatorTests" name="CalculateLicenseRequirements_NotWhitelisted_SameHardwareOnMultipleRecordingServers_CountsLicensesForSingleHardware" />
    </UnitTest>
    <UnitTest name="ReadChildElementValueAsInt32_NameNull" storage="d:\actions-runner\_work\xpco\xpco\corporate\shared\common.integration\tst\videoos.common.integration.unittests\bin\x64\debug\net472\videoos.common.integration.unittests.dll" id="7059a9dc-bfc8-071b-1461-021c1f7b59ef">
      <Execution id="3909c027-29f1-41dd-9335-b2a8762d4f78" />
      <TestMethod codeBase="D:\actions-runner\_work\XPCO\XPCO\Corporate\Shared\Common.Integration\tst\VideoOS.Common.Integration.UnitTests\bin\x64\Debug\net472\VideoOS.Common.Integration.UnitTests.dll" adapterTypeName="executor://mstestadapter/v2" className="VideoOS.Common.Integration.UnitTests.XmlDocumentExtensionsCoreUnitTests" name="ReadChildElementValueAsInt32_NameNull" />
    </UnitTest>
    <UnitTest name="Mac_Address_Empty_Test_StringEmpty" storage="d:\actions-runner\_work\xpco\xpco\corporate\shared\common.integration\tst\videoos.common.integration.unittests\bin\x64\debug\net472\videoos.common.integration.unittests.dll" id="a5c71af1-2277-db72-cf95-9e91c4704471">
      <Execution id="93410f06-59c9-471f-827a-44e41d3ee778" />
      <TestMethod codeBase="D:\actions-runner\_work\XPCO\XPCO\Corporate\Shared\Common.Integration\tst\VideoOS.Common.Integration.UnitTests\bin\x64\Debug\net472\VideoOS.Common.Integration.UnitTests.dll" adapterTypeName="executor://mstestadapter/v2" className="VideoOS.Common.Integration.UnitTests.License.MacAddressUtilitiesTest" name="Mac_Address_Empty_Test_StringEmpty" />
    </UnitTest>
    <UnitTest name="FeatureManager_GetFeatureParameterValue_EmptyValue" storage="d:\actions-runner\_work\xpco\xpco\corporate\shared\common.integration\tst\videoos.common.integration.unittests\bin\x64\debug\net472\videoos.common.integration.unittests.dll" id="8981d84e-7ce1-9703-e39b-b12ad0be124f">
      <Execution id="58797999-6f43-4ba4-82b1-1ef71be2b467" />
      <TestMethod codeBase="D:\actions-runner\_work\XPCO\XPCO\Corporate\Shared\Common.Integration\tst\VideoOS.Common.Integration.UnitTests\bin\x64\Debug\net472\VideoOS.Common.Integration.UnitTests.dll" adapterTypeName="executor://mstestadapter/v2" className="VideoOS.Common.Integration.UnitTests.License.FeatureManagerTest" name="FeatureManager_GetFeatureParameterValue_EmptyValue" />
    </UnitTest>
    <UnitTest name="LicenseDocument_ICPAllDriversIncluded" storage="d:\actions-runner\_work\xpco\xpco\corporate\shared\common.integration\tst\videoos.common.integration.unittests\bin\x64\debug\net472\videoos.common.integration.unittests.dll" id="6e01f99d-1f21-ebcf-1b56-a171fab1c77a">
      <TestCategory>
        <TestCategoryItem TestCategory="LicenseDocumentTest" />
      </TestCategory>
      <Execution id="2b477769-6d32-4bb2-8548-f209a3c226e3" />
      <TestMethod codeBase="D:\actions-runner\_work\XPCO\XPCO\Corporate\Shared\Common.Integration\tst\VideoOS.Common.Integration.UnitTests\bin\x64\Debug\net472\VideoOS.Common.Integration.UnitTests.dll" adapterTypeName="executor://mstestadapter/v2" className="VideoOS.Common.Integration.UnitTests.License.LicenseDocumentTests" name="LicenseDocument_ICPAllDriversIncluded" />
    </UnitTest>
    <UnitTest name="GetPresetByKey_ByNumberOnlyOnePreset" storage="d:\actions-runner\_work\xpco\xpco\corporate\shared\common.integration\tst\videoos.common.integration.unittests\bin\x64\debug\net472\videoos.common.integration.unittests.dll" id="9830fed0-f3b1-1013-83a1-2f51def4ecef">
      <Execution id="c2c53158-c584-4eaf-b63d-84a2943d5f0f" />
      <TestMethod codeBase="D:\actions-runner\_work\XPCO\XPCO\Corporate\Shared\Common.Integration\tst\VideoOS.Common.Integration.UnitTests\bin\x64\Debug\net472\VideoOS.Common.Integration.UnitTests.dll" adapterTypeName="executor://mstestadapter/v2" className="VideoOS.Common.Integration.UnitTests.PtzPresetCollectionUnitTests" name="GetPresetByKey_ByNumberOnlyOnePreset" />
    </UnitTest>
    <UnitTest name="HttpClientCommunicatorWrapper_SendAsyncTObjHttp_Success" storage="d:\actions-runner\_work\xpco\xpco\corporate\shared\common.integration\tst\videoos.common.integration.unittests\bin\x64\debug\net472\videoos.common.integration.unittests.dll" id="8022e0d5-7466-cb18-799a-eb9c4d10cf6e">
      <Execution id="ad870dba-1bdb-4b60-b339-64da5ca6735a" />
      <TestMethod codeBase="D:\actions-runner\_work\XPCO\XPCO\Corporate\Shared\Common.Integration\tst\VideoOS.Common.Integration.UnitTests\bin\x64\Debug\net472\VideoOS.Common.Integration.UnitTests.dll" adapterTypeName="executor://mstestadapter/v2" className="VideoOS.Common.Integration.UnitTests.WebAPI.HttpClientCommunicatorWrapperTests" name="HttpClientCommunicatorWrapper_SendAsyncTObjHttp_Success" />
    </UnitTest>
    <UnitTest name="Hardware_Construct_ValidRecorderLicenseInfo_RemembersData_Success" storage="d:\actions-runner\_work\xpco\xpco\corporate\shared\common.integration\tst\videoos.common.integration.unittests\bin\x64\debug\net472\videoos.common.integration.unittests.dll" id="aad2a8a3-0e2b-7c11-cf00-d860c0fd450d">
      <Execution id="cedf1305-a19b-4dd1-b95c-75c31d0d251f" />
      <TestMethod codeBase="D:\actions-runner\_work\XPCO\XPCO\Corporate\Shared\Common.Integration\tst\VideoOS.Common.Integration.UnitTests\bin\x64\Debug\net472\VideoOS.Common.Integration.UnitTests.dll" adapterTypeName="executor://mstestadapter/v2" className="VideoOS.Common.Integration.UnitTests.License.LicenseInfoTests" name="Hardware_Construct_ValidRecorderLicenseInfo_RemembersData_Success" />
    </UnitTest>
    <UnitTest name="CalculateLicenseRequirements_ValidIHardwareInfoList_ReturnsTrue" storage="d:\actions-runner\_work\xpco\xpco\corporate\shared\common.integration\tst\videoos.common.integration.unittests\bin\x64\debug\net472\videoos.common.integration.unittests.dll" id="5635639e-91f7-ec82-01ad-d1e70d287b6d">
      <Execution id="802862a7-da9c-45d8-9b95-2a2ff64e3496" />
      <TestMethod codeBase="D:\actions-runner\_work\XPCO\XPCO\Corporate\Shared\Common.Integration\tst\VideoOS.Common.Integration.UnitTests\bin\x64\Debug\net472\VideoOS.Common.Integration.UnitTests.dll" adapterTypeName="executor://mstestadapter/v2" className="VideoOS.Common.Integration.UnitTests.License.LicenseCalculatorTests" name="CalculateLicenseRequirements_ValidIHardwareInfoList_ReturnsTrue" />
    </UnitTest>
    <UnitTest name="TestCopyConstructorWithValidArea" storage="d:\actions-runner\_work\xpco\xpco\corporate\shared\common.integration\tst\videoos.common.integration.unittests\bin\x64\debug\net472\videoos.common.integration.unittests.dll" id="839e5d01-ff9c-ae4d-c090-45a2702211e7">
      <Execution id="cc7e3fed-3bba-4fe1-9bb0-712adffc7210" />
      <TestMethod codeBase="D:\actions-runner\_work\XPCO\XPCO\Corporate\Shared\Common.Integration\tst\VideoOS.Common.Integration.UnitTests\bin\x64\Debug\net472\VideoOS.Common.Integration.UnitTests.dll" adapterTypeName="executor://mstestadapter/v2" className="VideoOS.Common.Integration.UnitTests.Configuration.FillableGridAreaUnitTest" name="TestCopyConstructorWithValidArea" />
    </UnitTest>
    <UnitTest name="FileUploadSynchronizer_Constructor_NullCheck" storage="d:\actions-runner\_work\xpco\xpco\corporate\shared\common.integration\tst\videoos.common.integration.unittests\bin\x64\debug\net472\videoos.common.integration.unittests.dll" id="24c7bb40-1c28-4090-e2ef-3ee8f742931f">
      <Execution id="723e3b56-b96a-4b5c-a74c-2592d6a83a50" />
      <TestMethod codeBase="D:\actions-runner\_work\XPCO\XPCO\Corporate\Shared\Common.Integration\tst\VideoOS.Common.Integration.UnitTests\bin\x64\Debug\net472\VideoOS.Common.Integration.UnitTests.dll" adapterTypeName="executor://mstestadapter/v2" className="VideoOS.Common.Integration.UnitTests.FileUploadSynchronizerTests" name="FileUploadSynchronizer_Constructor_NullCheck" />
    </UnitTest>
    <UnitTest name="UniqueIndex_GetEntryByKey_Comparer_Returns_Correct_Item" storage="d:\actions-runner\_work\xpco\xpco\corporate\shared\common.integration\tst\videoos.common.integration.unittests\bin\x64\debug\net472\videoos.common.integration.unittests.dll" id="09bdea18-f696-eae7-18fe-6a761cdcf889">
      <Execution id="ab670d50-3f77-4a40-a3d0-b7e23649fa7e" />
      <TestMethod codeBase="D:\actions-runner\_work\XPCO\XPCO\Corporate\Shared\Common.Integration\tst\VideoOS.Common.Integration.UnitTests\bin\x64\Debug\net472\VideoOS.Common.Integration.UnitTests.dll" adapterTypeName="executor://mstestadapter/v2" className="VideoOS.Common.Integration.UnitTests.IndexedCollectionUnitTests" name="UniqueIndex_GetEntryByKey_Comparer_Returns_Correct_Item" />
    </UnitTest>
    <UnitTest name="DatabaseOperationModel_Validation_NonEmptyGuidsAreEmpty_Failed" storage="d:\actions-runner\_work\xpco\xpco\corporate\shared\common.integration\tst\videoos.common.integration.unittests\bin\x64\debug\net472\videoos.common.integration.unittests.dll" id="6156099d-d15e-e625-811b-a84708c39035">
      <Execution id="20ceba66-6038-45bb-95a6-d8ce850eca0c" />
      <TestMethod codeBase="D:\actions-runner\_work\XPCO\XPCO\Corporate\Shared\Common.Integration\tst\VideoOS.Common.Integration.UnitTests\bin\x64\Debug\net472\VideoOS.Common.Integration.UnitTests.dll" adapterTypeName="executor://mstestadapter/v2" className="VideoOS.Common.Integration.UnitTests.WebAPI.Model.DatabaseOperationModelTest" name="DatabaseOperationModel_Validation_NonEmptyGuidsAreEmpty_Failed" />
    </UnitTest>
    <UnitTest name="WhiteList_CreateInstanceWithoutLicenseParentParameter_Succeeds" storage="d:\actions-runner\_work\xpco\xpco\corporate\shared\common.integration\tst\videoos.common.integration.unittests\bin\x64\debug\net472\videoos.common.integration.unittests.dll" id="77488aa9-707c-2538-9c3e-d59dd53ec120">
      <TestCategory>
        <TestCategoryItem TestCategory="Licensing" />
      </TestCategory>
      <Execution id="6a5fb94d-96d7-4298-afda-9c6c2c7a880b" />
      <TestMethod codeBase="D:\actions-runner\_work\XPCO\XPCO\Corporate\Shared\Common.Integration\tst\VideoOS.Common.Integration.UnitTests\bin\x64\Debug\net472\VideoOS.Common.Integration.UnitTests.dll" adapterTypeName="executor://mstestadapter/v2" className="VideoOS.Common.Integration.UnitTests.License.LicenseWhitelistTests" name="WhiteList_CreateInstanceWithoutLicenseParentParameter_Succeeds" />
    </UnitTest>
    <UnitTest name="Xml_To_Config_To_Xml_Success" storage="d:\actions-runner\_work\xpco\xpco\corporate\shared\common.integration\tst\videoos.common.integration.unittests\bin\x64\debug\net472\videoos.common.integration.unittests.dll" id="1c31798d-ebb8-6716-a1de-beac6a67d99f">
      <Execution id="d741a02b-91f5-40ba-b9fd-f9e7917c4c8e" />
      <TestMethod codeBase="D:\actions-runner\_work\XPCO\XPCO\Corporate\Shared\Common.Integration\tst\VideoOS.Common.Integration.UnitTests\bin\x64\Debug\net472\VideoOS.Common.Integration.UnitTests.dll" adapterTypeName="executor://mstestadapter/v2" className="VideoOS.Common.Integration.UnitTests.Configuration.MotionDetectionSettingsUnitTests" name="Xml_To_Config_To_Xml_Success" />
    </UnitTest>
    <UnitTest name="ResponseModel_EmptyToken_ValidationFailure" storage="d:\actions-runner\_work\xpco\xpco\corporate\shared\common.integration\tst\videoos.common.integration.unittests\bin\x64\debug\net472\videoos.common.integration.unittests.dll" id="d0c286ed-22ff-8429-8463-fe09a654e542">
      <Execution id="59a77a31-1530-4b23-b73f-85f5e8cd9bcd" />
      <TestMethod codeBase="D:\actions-runner\_work\XPCO\XPCO\Corporate\Shared\Common.Integration\tst\VideoOS.Common.Integration.UnitTests\bin\x64\Debug\net472\VideoOS.Common.Integration.UnitTests.dll" adapterTypeName="executor://mstestadapter/v2" className="VideoOS.Common.Integration.UnitTests.WebAPI.Model.Server.Responses.ResponseModelTest" name="ResponseModel_EmptyToken_ValidationFailure" />
    </UnitTest>
    <UnitTest name="StreamsConfiguration_EnsureLiveDefaultAndRecordTreads_No_Record_DefaultLive_Selected" storage="d:\actions-runner\_work\xpco\xpco\corporate\shared\common.integration\tst\videoos.common.integration.unittests\bin\x64\debug\net472\videoos.common.integration.unittests.dll" id="346eba0b-3fe1-729b-0dab-a339275e6271">
      <Execution id="2a906bd3-bb43-4f82-b321-12e02c2f1ad7" />
      <TestMethod codeBase="D:\actions-runner\_work\XPCO\XPCO\Corporate\Shared\Common.Integration\tst\VideoOS.Common.Integration.UnitTests\bin\x64\Debug\net472\VideoOS.Common.Integration.UnitTests.dll" adapterTypeName="executor://mstestadapter/v2" className="VideoOS.Common.Integration.UnitTests.StreamsConfigurationUnitTests" name="StreamsConfiguration_EnsureLiveDefaultAndRecordTreads_No_Record_DefaultLive_Selected" />
    </UnitTest>
    <UnitTest name="BaseHtmlLicenseReport_SvgImageLink_NoClass_Success" storage="d:\actions-runner\_work\xpco\xpco\corporate\shared\common.integration\tst\videoos.common.integration.unittests\bin\x64\debug\net472\videoos.common.integration.unittests.dll" id="40f2976d-c053-33d7-51b4-7fde8f3dce0a">
      <Execution id="dcdc8f74-d3db-424f-b6c0-a64e37e9ae64" />
      <TestMethod codeBase="D:\actions-runner\_work\XPCO\XPCO\Corporate\Shared\Common.Integration\tst\VideoOS.Common.Integration.UnitTests\bin\x64\Debug\net472\VideoOS.Common.Integration.UnitTests.dll" adapterTypeName="executor://mstestadapter/v2" className="VideoOS.Common.Integration.UnitTests.License.BaseHtmlLicenseReportTests" name="BaseHtmlLicenseReport_SvgImageLink_NoClass_Success" />
    </UnitTest>
    <UnitTest name="LicenseDocument_IsDeviceLicensed_HardwareFound_DeviceIndexNotListed_ReturnsFalse" storage="d:\actions-runner\_work\xpco\xpco\corporate\shared\common.integration\tst\videoos.common.integration.unittests\bin\x64\debug\net472\videoos.common.integration.unittests.dll" id="41ab09a6-a606-60bb-849d-3da88f8d54ca">
      <TestCategory>
        <TestCategoryItem TestCategory="LicenseDocumentTest" />
      </TestCategory>
      <Execution id="4fabf982-5b9d-4720-bd1b-e5cd2e15f438" />
      <TestMethod codeBase="D:\actions-runner\_work\XPCO\XPCO\Corporate\Shared\Common.Integration\tst\VideoOS.Common.Integration.UnitTests\bin\x64\Debug\net472\VideoOS.Common.Integration.UnitTests.dll" adapterTypeName="executor://mstestadapter/v2" className="VideoOS.Common.Integration.UnitTests.License.LicenseDocumentTests" name="LicenseDocument_IsDeviceLicensed_HardwareFound_DeviceIndexNotListed_ReturnsFalse" />
    </UnitTest>
    <UnitTest name="LicenseActivationService_AcquireLicense_LicenseNotAllowed_FeatureAlreadyInUse" storage="d:\actions-runner\_work\xpco\xpco\corporate\shared\common.integration\tst\videoos.common.integration.unittests\bin\x64\debug\net472\videoos.common.integration.unittests.dll" id="1f77b769-efd6-9b37-6348-417d013b2587">
      <Execution id="6d977fe9-40ac-4381-a9de-f10ed62ba5b5" />
      <TestMethod codeBase="D:\actions-runner\_work\XPCO\XPCO\Corporate\Shared\Common.Integration\tst\VideoOS.Common.Integration.UnitTests\bin\x64\Debug\net472\VideoOS.Common.Integration.UnitTests.dll" adapterTypeName="executor://mstestadapter/v2" className="VideoOS.Common.Integration.UnitTests.License.LicenseActivationServiceTests" name="LicenseActivationService_AcquireLicense_LicenseNotAllowed_FeatureAlreadyInUse" />
    </UnitTest>
    <UnitTest name="Patch_NoError_TaskIsExecutedAndCorrectResponseReceived" storage="d:\actions-runner\_work\xpco\xpco\corporate\shared\common.integration\tst\videoos.common.integration.unittests\bin\x64\debug\net472\videoos.common.integration.unittests.dll" id="8bde2655-cfaa-dc33-b849-1d119a441cc1">
      <Execution id="da0ca3ff-94df-4bd9-811e-0aa1b8567572" />
      <TestMethod codeBase="D:\actions-runner\_work\XPCO\XPCO\Corporate\Shared\Common.Integration\tst\VideoOS.Common.Integration.UnitTests\bin\x64\Debug\net472\VideoOS.Common.Integration.UnitTests.dll" adapterTypeName="executor://mstestadapter/v2" className="VideoOS.Common.Integration.WebApi.HttpClientCommunicatorUnitTests" name="Patch_NoError_TaskIsExecutedAndCorrectResponseReceived" />
    </UnitTest>
    <UnitTest name="HardwareInfo_DecodesDriverAndModelNameUpperWithAmpersand" storage="d:\actions-runner\_work\xpco\xpco\corporate\shared\common.integration\tst\videoos.common.integration.unittests\bin\x64\debug\net472\videoos.common.integration.unittests.dll" id="ed886e6a-9135-5696-d7ff-eb253c1dc7d1">
      <Execution id="8c2ddd49-5427-4a00-9123-93a2d9d905ca" />
      <TestMethod codeBase="D:\actions-runner\_work\XPCO\XPCO\Corporate\Shared\Common.Integration\tst\VideoOS.Common.Integration.UnitTests\bin\x64\Debug\net472\VideoOS.Common.Integration.UnitTests.dll" adapterTypeName="executor://mstestadapter/v2" className="VideoOS.Common.Integration.UnitTests.License.HardwareInfoTests" name="HardwareInfo_DecodesDriverAndModelNameUpperWithAmpersand" />
    </UnitTest>
    <UnitTest name="StreamsConfiguration_ValidateConfiguration_No_Recording_Streams_ExactlyOneRecordingStreamError" storage="d:\actions-runner\_work\xpco\xpco\corporate\shared\common.integration\tst\videoos.common.integration.unittests\bin\x64\debug\net472\videoos.common.integration.unittests.dll" id="92de0608-fe98-a28c-fade-1d4b23f99d50">
      <Execution id="dd045945-22b5-461e-b069-90281d7cb525" />
      <TestMethod codeBase="D:\actions-runner\_work\XPCO\XPCO\Corporate\Shared\Common.Integration\tst\VideoOS.Common.Integration.UnitTests\bin\x64\Debug\net472\VideoOS.Common.Integration.UnitTests.dll" adapterTypeName="executor://mstestadapter/v2" className="VideoOS.Common.Integration.UnitTests.StreamsConfigurationUnitTests" name="StreamsConfiguration_ValidateConfiguration_No_Recording_Streams_ExactlyOneRecordingStreamError" />
    </UnitTest>
    <UnitTest name="LicenseDocument_Constructor_Success_OnValidHardwareLicensingMode" storage="d:\actions-runner\_work\xpco\xpco\corporate\shared\common.integration\tst\videoos.common.integration.unittests\bin\x64\debug\net472\videoos.common.integration.unittests.dll" id="8f83db71-3b93-5732-31d9-e3b132797301">
      <TestCategory>
        <TestCategoryItem TestCategory="LicenseDocumentTest" />
      </TestCategory>
      <Execution id="b0f78b25-3b1f-45fb-9f40-39a509434dfb" />
      <TestMethod codeBase="D:\actions-runner\_work\XPCO\XPCO\Corporate\Shared\Common.Integration\tst\VideoOS.Common.Integration.UnitTests\bin\x64\Debug\net472\VideoOS.Common.Integration.UnitTests.dll" adapterTypeName="executor://mstestadapter/v2" className="VideoOS.Common.Integration.UnitTests.License.LicenseDocumentTests" name="LicenseDocument_Constructor_Success_OnValidHardwareLicensingMode" />
    </UnitTest>
    <UnitTest name="TestEmptyStringLength" storage="d:\actions-runner\_work\xpco\xpco\corporate\shared\common.integration\tst\videoos.common.integration.unittests\bin\x64\debug\net472\videoos.common.integration.unittests.dll" id="5f0f39e0-02c6-e3b5-e154-38435b45d473">
      <Execution id="eb5c8ad7-fc19-4fea-93f9-85959f88ccb8" />
      <TestMethod codeBase="D:\actions-runner\_work\XPCO\XPCO\Corporate\Shared\Common.Integration\tst\VideoOS.Common.Integration.UnitTests\bin\x64\Debug\net472\VideoOS.Common.Integration.UnitTests.dll" adapterTypeName="executor://mstestadapter/v2" className="VideoOS.Common.Integration.UnitTests.PasswordMinMaxGenerator" name="TestEmptyStringLength" />
    </UnitTest>
    <UnitTest name="Constructor_ThrowsException_WhenICPHardwareAndNonIcpHardwareIsMixed_FirstHardwareIsNonIcp" storage="d:\actions-runner\_work\xpco\xpco\corporate\shared\common.integration\tst\videoos.common.integration.unittests\bin\x64\debug\net472\videoos.common.integration.unittests.dll" id="1fc4377d-0c2d-3e08-115f-f074f589d216">
      <TestCategory>
        <TestCategoryItem TestCategory="Licensing" />
      </TestCategory>
      <Execution id="95563c9f-4310-405a-b532-69490c07fe0b" />
      <TestMethod codeBase="D:\actions-runner\_work\XPCO\XPCO\Corporate\Shared\Common.Integration\tst\VideoOS.Common.Integration.UnitTests\bin\x64\Debug\net472\VideoOS.Common.Integration.UnitTests.dll" adapterTypeName="executor://mstestadapter/v2" className="VideoOS.Common.Integration.UnitTests.License.AggregateFeedDictionaryTests" name="Constructor_ThrowsException_WhenICPHardwareAndNonIcpHardwareIsMixed_FirstHardwareIsNonIcp" />
    </UnitTest>
    <UnitTest name="ModelValidation_ValidModel_Success" storage="d:\actions-runner\_work\xpco\xpco\corporate\shared\common.integration\tst\videoos.common.integration.unittests\bin\x64\debug\net472\videoos.common.integration.unittests.dll" id="7acd33de-a768-4317-b8ff-7e2c3b59ddd9">
      <Execution id="3f31077d-334d-4e53-a4b5-c5be4164c0f1" />
      <TestMethod codeBase="D:\actions-runner\_work\XPCO\XPCO\Corporate\Shared\Common.Integration\tst\VideoOS.Common.Integration.UnitTests\bin\x64\Debug\net472\VideoOS.Common.Integration.UnitTests.dll" adapterTypeName="executor://mstestadapter/v2" className="VideoOS.Common.Integration.UnitTests.WebAPI.Model.ActivateArchivingModelTest" name="ModelValidation_ValidModel_Success" />
    </UnitTest>
    <UnitTest name="Validate_PartialMatch_Found_MiddleOfWord_MixedCase_Success" storage="d:\actions-runner\_work\xpco\xpco\corporate\shared\common.integration\tst\videoos.common.integration.unittests\bin\x64\debug\net472\videoos.common.integration.unittests.dll" id="f68843e7-158e-831f-4c10-632acd4e930e">
      <Execution id="92cb3a75-0840-4370-bd55-39ce1e7ce9f4" />
      <TestMethod codeBase="D:\actions-runner\_work\XPCO\XPCO\Corporate\Shared\Common.Integration\tst\VideoOS.Common.Integration.UnitTests\bin\x64\Debug\net472\VideoOS.Common.Integration.UnitTests.dll" adapterTypeName="executor://mstestadapter/v2" className="VideoOS.Common.Integration.UnitTests.License.WhitelistMatchHelperTests" name="Validate_PartialMatch_Found_MiddleOfWord_MixedCase_Success" />
    </UnitTest>
    <UnitTest name="EncryptingSmtpPasswordSystemSetting" storage="d:\actions-runner\_work\xpco\xpco\corporate\shared\common.integration\tst\videoos.common.integration.unittests\bin\x64\debug\net472\videoos.common.integration.unittests.dll" id="fc5332c2-45c0-4c4b-b897-739bffc8971f">
      <Execution id="799ee894-4569-4c55-ac7a-3d65d68829c9" />
      <TestMethod codeBase="D:\actions-runner\_work\XPCO\XPCO\Corporate\Shared\Common.Integration\tst\VideoOS.Common.Integration.UnitTests\bin\x64\Debug\net472\VideoOS.Common.Integration.UnitTests.dll" adapterTypeName="executor://mstestadapter/v2" className="VideoOS.Common.Integration.UnitTests.Configuration.XmlEncryptionHelperTests" name="EncryptingSmtpPasswordSystemSetting" />
    </UnitTest>
    <UnitTest name="FeatureManager_TryGetFeatureParameterValue_License_Doc_Null" storage="d:\actions-runner\_work\xpco\xpco\corporate\shared\common.integration\tst\videoos.common.integration.unittests\bin\x64\debug\net472\videoos.common.integration.unittests.dll" id="c464605a-08ee-c960-9bad-25e97cc754de">
      <Execution id="c7cafda8-31ef-4e33-9770-6a319db0396c" />
      <TestMethod codeBase="D:\actions-runner\_work\XPCO\XPCO\Corporate\Shared\Common.Integration\tst\VideoOS.Common.Integration.UnitTests\bin\x64\Debug\net472\VideoOS.Common.Integration.UnitTests.dll" adapterTypeName="executor://mstestadapter/v2" className="VideoOS.Common.Integration.UnitTests.License.FeatureManagerTest" name="FeatureManager_TryGetFeatureParameterValue_License_Doc_Null" />
    </UnitTest>
    <UnitTest name="ModelValidation_NonEmptyGuidsAreEmpty_Failed" storage="d:\actions-runner\_work\xpco\xpco\corporate\shared\common.integration\tst\videoos.common.integration.unittests\bin\x64\debug\net472\videoos.common.integration.unittests.dll" id="a2e081e8-4047-25ab-0438-a7e5e3258edc">
      <Execution id="d6459165-670c-412a-9922-8545564b026e" />
      <TestMethod codeBase="D:\actions-runner\_work\XPCO\XPCO\Corporate\Shared\Common.Integration\tst\VideoOS.Common.Integration.UnitTests\bin\x64\Debug\net472\VideoOS.Common.Integration.UnitTests.dll" adapterTypeName="executor://mstestadapter/v2" className="VideoOS.Common.Integration.UnitTests.WebAPI.Model.GetAbsolutePtzPositionModelTest" name="ModelValidation_NonEmptyGuidsAreEmpty_Failed" />
    </UnitTest>
    <UnitTest name="Collection_Add_Null_Throws_ArguemtnNullException" storage="d:\actions-runner\_work\xpco\xpco\corporate\shared\common.integration\tst\videoos.common.integration.unittests\bin\x64\debug\net472\videoos.common.integration.unittests.dll" id="957a389a-ebcf-d4a8-058e-fade6580961f">
      <Execution id="b8dd8710-67fc-4b04-bd82-e18e201a3458" />
      <TestMethod codeBase="D:\actions-runner\_work\XPCO\XPCO\Corporate\Shared\Common.Integration\tst\VideoOS.Common.Integration.UnitTests\bin\x64\Debug\net472\VideoOS.Common.Integration.UnitTests.dll" adapterTypeName="executor://mstestadapter/v2" className="VideoOS.Common.Integration.UnitTests.IndexedCollectionUnitTests" name="Collection_Add_Null_Throws_ArguemtnNullException" />
    </UnitTest>
    <UnitTest name="ReadChildElementValueAsUInt32_RangeCheck_Max_Exact" storage="d:\actions-runner\_work\xpco\xpco\corporate\shared\common.integration\tst\videoos.common.integration.unittests\bin\x64\debug\net472\videoos.common.integration.unittests.dll" id="243a38ed-c867-ace0-0aff-40d6ccb324c5">
      <Execution id="4f9d613b-d67f-4dde-b931-ae289ae4d780" />
      <TestMethod codeBase="D:\actions-runner\_work\XPCO\XPCO\Corporate\Shared\Common.Integration\tst\VideoOS.Common.Integration.UnitTests\bin\x64\Debug\net472\VideoOS.Common.Integration.UnitTests.dll" adapterTypeName="executor://mstestadapter/v2" className="VideoOS.Common.Integration.UnitTests.XmlDocumentExtensionsCoreUnitTests" name="ReadChildElementValueAsUInt32_RangeCheck_Max_Exact" />
    </UnitTest>
    <UnitTest name="HttpClientCommunicatorWrapper_SendAsync_Success" storage="d:\actions-runner\_work\xpco\xpco\corporate\shared\common.integration\tst\videoos.common.integration.unittests\bin\x64\debug\net472\videoos.common.integration.unittests.dll" id="85ef9628-b330-df63-e0f9-c5f24aa74078">
      <Execution id="d52caf68-9adb-44a5-bf36-f7fc9d769b36" />
      <TestMethod codeBase="D:\actions-runner\_work\XPCO\XPCO\Corporate\Shared\Common.Integration\tst\VideoOS.Common.Integration.UnitTests\bin\x64\Debug\net472\VideoOS.Common.Integration.UnitTests.dll" adapterTypeName="executor://mstestadapter/v2" className="VideoOS.Common.Integration.UnitTests.WebAPI.HttpClientCommunicatorWrapperTests" name="HttpClientCommunicatorWrapper_SendAsync_Success" />
    </UnitTest>
    <UnitTest name="AddressIntervalSelections_SerializationTest" storage="d:\actions-runner\_work\xpco\xpco\corporate\shared\common.integration\tst\videoos.common.integration.unittests\bin\x64\debug\net472\videoos.common.integration.unittests.dll" id="35417e9f-65af-e858-a191-68ecabdeb63c">
      <Execution id="87d1aff0-6550-4aea-a1aa-e2f3bb105b3f" />
      <TestMethod codeBase="D:\actions-runner\_work\XPCO\XPCO\Corporate\Shared\Common.Integration\tst\VideoOS.Common.Integration.UnitTests\bin\x64\Debug\net472\VideoOS.Common.Integration.UnitTests.dll" adapterTypeName="executor://mstestadapter/v2" className="VideoOS.Common.Integration.UnitTests.AddressIntervalSelectionsTest" name="AddressIntervalSelections_SerializationTest" />
    </UnitTest>
    <UnitTest name="RemoveKey_RemovesAllItems" storage="d:\actions-runner\_work\xpco\xpco\corporate\shared\common.integration\tst\videoos.common.integration.unittests\bin\x64\debug\net472\videoos.common.integration.unittests.dll" id="28021bac-065f-20d5-f3da-4ca0066054f4">
      <Execution id="a934eb36-1692-4f49-b0c5-847fc4bc8cce" />
      <TestMethod codeBase="D:\actions-runner\_work\XPCO\XPCO\Corporate\Shared\Common.Integration\tst\VideoOS.Common.Integration.UnitTests\bin\x64\Debug\net472\VideoOS.Common.Integration.UnitTests.dll" adapterTypeName="executor://mstestadapter/v2" className="VideoOS.Common.Integration.UnitTests.LinkedListIndexUnitTests" name="RemoveKey_RemovesAllItems" />
    </UnitTest>
    <UnitTest name="HttpClientCommunicatorWrapper_SendAsyncTObjHttp_CommunicationException" storage="d:\actions-runner\_work\xpco\xpco\corporate\shared\common.integration\tst\videoos.common.integration.unittests\bin\x64\debug\net472\videoos.common.integration.unittests.dll" id="358b74e6-fc55-da99-0e75-25e1c80c198a">
      <Execution id="f2c35ff9-739e-43fe-8653-d5d651dddbd8" />
      <TestMethod codeBase="D:\actions-runner\_work\XPCO\XPCO\Corporate\Shared\Common.Integration\tst\VideoOS.Common.Integration.UnitTests\bin\x64\Debug\net472\VideoOS.Common.Integration.UnitTests.dll" adapterTypeName="executor://mstestadapter/v2" className="VideoOS.Common.Integration.UnitTests.WebAPI.HttpClientCommunicatorWrapperTests" name="HttpClientCommunicatorWrapper_SendAsyncTObjHttp_CommunicationException" />
    </UnitTest>
    <UnitTest name="ReadAttributeAsInt32_RangeCheck_Max_Exact" storage="d:\actions-runner\_work\xpco\xpco\corporate\shared\common.integration\tst\videoos.common.integration.unittests\bin\x64\debug\net472\videoos.common.integration.unittests.dll" id="a1d9ae4e-af7b-da58-5e01-23d91f1e9817">
      <Execution id="2e2327ea-e55b-40a7-b603-85572bf7c8dc" />
      <TestMethod codeBase="D:\actions-runner\_work\XPCO\XPCO\Corporate\Shared\Common.Integration\tst\VideoOS.Common.Integration.UnitTests\bin\x64\Debug\net472\VideoOS.Common.Integration.UnitTests.dll" adapterTypeName="executor://mstestadapter/v2" className="VideoOS.Common.Integration.UnitTests.XmlDocumentExtensionsCoreUnitTests" name="ReadAttributeAsInt32_RangeCheck_Max_Exact" />
    </UnitTest>
    <UnitTest name="FeatureManager_TryGetFeatureParameterValueT_Int_Valid_Value" storage="d:\actions-runner\_work\xpco\xpco\corporate\shared\common.integration\tst\videoos.common.integration.unittests\bin\x64\debug\net472\videoos.common.integration.unittests.dll" id="4f3bc137-5510-9460-5012-f58e75f6f1d3">
      <Execution id="bf198f1f-53bf-4541-828f-ac58ea5d654e" />
      <TestMethod codeBase="D:\actions-runner\_work\XPCO\XPCO\Corporate\Shared\Common.Integration\tst\VideoOS.Common.Integration.UnitTests\bin\x64\Debug\net472\VideoOS.Common.Integration.UnitTests.dll" adapterTypeName="executor://mstestadapter/v2" className="VideoOS.Common.Integration.UnitTests.License.FeatureManagerTest" name="FeatureManager_TryGetFeatureParameterValueT_Int_Valid_Value" />
    </UnitTest>
    <UnitTest name="VersionExtensions_GetVersionDisplayValue_Throws_ArgumentNullException" storage="d:\actions-runner\_work\xpco\xpco\corporate\shared\common.integration\tst\videoos.common.integration.unittests\bin\x64\debug\net472\videoos.common.integration.unittests.dll" id="07e03921-28ba-9222-c421-58eabf887b10">
      <Execution id="886d72f3-42ee-4b1e-a64a-19a8eb7e6ba8" />
      <TestMethod codeBase="D:\actions-runner\_work\XPCO\XPCO\Corporate\Shared\Common.Integration\tst\VideoOS.Common.Integration.UnitTests\bin\x64\Debug\net472\VideoOS.Common.Integration.UnitTests.dll" adapterTypeName="executor://mstestadapter/v2" className="VideoOS.Common.Integration.UnitTests.Extensions.VersionExtensionsTests" name="VersionExtensions_GetVersionDisplayValue_Throws_ArgumentNullException" />
    </UnitTest>
    <UnitTest name="SendAsync_TokenCancellationExceptionThrown_ExceptionLoggedAndTimeoutExceptionThrown" storage="d:\actions-runner\_work\xpco\xpco\corporate\shared\common.integration\tst\videoos.common.integration.unittests\bin\x64\debug\net472\videoos.common.integration.unittests.dll" id="8f3728f0-c662-f506-e532-cb2952d56045">
      <Execution id="3f38865c-37ee-4bc6-a348-7f1b9179c1d1" />
      <TestMethod codeBase="D:\actions-runner\_work\XPCO\XPCO\Corporate\Shared\Common.Integration\tst\VideoOS.Common.Integration.UnitTests\bin\x64\Debug\net472\VideoOS.Common.Integration.UnitTests.dll" adapterTypeName="executor://mstestadapter/v2" className="VideoOS.Common.Integration.WebApi.HttpClientCommunicatorUnitTests" name="SendAsync_TokenCancellationExceptionThrown_ExceptionLoggedAndTimeoutExceptionThrown" />
    </UnitTest>
    <UnitTest name="CreateHttpUri_NoScheme_UseDefaultPortFalse_BecomesHttpPort80" storage="d:\actions-runner\_work\xpco\xpco\corporate\shared\common.integration\tst\videoos.common.integration.unittests\bin\x64\debug\net472\videoos.common.integration.unittests.dll" id="decd45ba-b31d-048b-2c1d-b62c345e6092">
      <TestCategory>
        <TestCategoryItem TestCategory="UriHandling" />
      </TestCategory>
      <Execution id="dc541dc8-ca4a-4ce9-8e2b-c52635b8deef" />
      <TestMethod codeBase="D:\actions-runner\_work\XPCO\XPCO\Corporate\Shared\Common.Integration\tst\VideoOS.Common.Integration.UnitTests\bin\x64\Debug\net472\VideoOS.Common.Integration.UnitTests.dll" adapterTypeName="executor://mstestadapter/v2" className="VideoOS.Common.Integration.UnitTests.Communication.UriHandlingUnitTests" name="CreateHttpUri_NoScheme_UseDefaultPortFalse_BecomesHttpPort80" />
    </UnitTest>
    <UnitTest name="Receive_EndPointNull_ArgumentNullExceptionThrown" storage="d:\actions-runner\_work\xpco\xpco\corporate\shared\common.integration\tst\videoos.common.integration.unittests\bin\x64\debug\net472\videoos.common.integration.unittests.dll" id="ba15acdf-6088-f803-6154-34aa090f0329">
      <Execution id="7ab6d2db-5aa8-49f6-a821-083f84c9d477" />
      <TestMethod codeBase="D:\actions-runner\_work\XPCO\XPCO\Corporate\Shared\Common.Integration\tst\VideoOS.Common.Integration.UnitTests\bin\x64\Debug\net472\VideoOS.Common.Integration.UnitTests.dll" adapterTypeName="executor://mstestadapter/v2" className="VideoOS.Common.Integration.WebApi.HttpClientCommunicatorUnitTests" name="Receive_EndPointNull_ArgumentNullExceptionThrown" />
    </UnitTest>
    <UnitTest name="TestMergeGridAreaWithNullAreas" storage="d:\actions-runner\_work\xpco\xpco\corporate\shared\common.integration\tst\videoos.common.integration.unittests\bin\x64\debug\net472\videoos.common.integration.unittests.dll" id="0a4bc126-219a-0816-c151-6a13384ad00a">
      <Execution id="77e6b059-db23-46fb-923d-49fb75173cfe" />
      <TestMethod codeBase="D:\actions-runner\_work\XPCO\XPCO\Corporate\Shared\Common.Integration\tst\VideoOS.Common.Integration.UnitTests\bin\x64\Debug\net472\VideoOS.Common.Integration.UnitTests.dll" adapterTypeName="executor://mstestadapter/v2" className="VideoOS.Common.Integration.UnitTests.Configuration.FillableGridAreaUnitTest" name="TestMergeGridAreaWithNullAreas" />
    </UnitTest>
    <UnitTest name="ModelValidation_ValidModel_Success" storage="d:\actions-runner\_work\xpco\xpco\corporate\shared\common.integration\tst\videoos.common.integration.unittests\bin\x64\debug\net472\videoos.common.integration.unittests.dll" id="409fa761-3f5b-028c-2d05-81572d5dd09b">
      <Execution id="4371c727-7133-4d16-970d-ce7225d19426" />
      <TestMethod codeBase="D:\actions-runner\_work\XPCO\XPCO\Corporate\Shared\Common.Integration\tst\VideoOS.Common.Integration.UnitTests\bin\x64\Debug\net472\VideoOS.Common.Integration.UnitTests.dll" adapterTypeName="executor://mstestadapter/v2" className="VideoOS.Common.Integration.UnitTests.WebAPI.Model.GetCompleteConfigurationModelTest" name="ModelValidation_ValidModel_Success" />
    </UnitTest>
    <UnitTest name="TestMergeGridAreaWithNonIntegerScalingFactorFirstAreaLarger" storage="d:\actions-runner\_work\xpco\xpco\corporate\shared\common.integration\tst\videoos.common.integration.unittests\bin\x64\debug\net472\videoos.common.integration.unittests.dll" id="82edf84a-50a6-b3ee-7be9-4c1d5e3bebbc">
      <Execution id="8996cae9-32e3-4709-b3de-7f6b908cc659" />
      <TestMethod codeBase="D:\actions-runner\_work\XPCO\XPCO\Corporate\Shared\Common.Integration\tst\VideoOS.Common.Integration.UnitTests\bin\x64\Debug\net472\VideoOS.Common.Integration.UnitTests.dll" adapterTypeName="executor://mstestadapter/v2" className="VideoOS.Common.Integration.UnitTests.Configuration.FillableGridAreaUnitTest" name="TestMergeGridAreaWithNonIntegerScalingFactorFirstAreaLarger" />
    </UnitTest>
    <UnitTest name="FeatureManager_IsFeatureLicensed_License_Doc_Null" storage="d:\actions-runner\_work\xpco\xpco\corporate\shared\common.integration\tst\videoos.common.integration.unittests\bin\x64\debug\net472\videoos.common.integration.unittests.dll" id="8baaeaf7-4ae1-3cd6-0101-eb08430d598c">
      <Execution id="5a54f85e-cd82-448a-a5c2-5b291e89dfc4" />
      <TestMethod codeBase="D:\actions-runner\_work\XPCO\XPCO\Corporate\Shared\Common.Integration\tst\VideoOS.Common.Integration.UnitTests\bin\x64\Debug\net472\VideoOS.Common.Integration.UnitTests.dll" adapterTypeName="executor://mstestadapter/v2" className="VideoOS.Common.Integration.UnitTests.License.FeatureManagerTest" name="FeatureManager_IsFeatureLicensed_License_Doc_Null" />
    </UnitTest>
    <UnitTest name="DecryptingSmtpPasswordSystemSetting" storage="d:\actions-runner\_work\xpco\xpco\corporate\shared\common.integration\tst\videoos.common.integration.unittests\bin\x64\debug\net472\videoos.common.integration.unittests.dll" id="aaeac908-ec85-0403-dc8f-861a68273bb8">
      <Execution id="7867a4f6-e384-42e8-8f99-39ffced38499" />
      <TestMethod codeBase="D:\actions-runner\_work\XPCO\XPCO\Corporate\Shared\Common.Integration\tst\VideoOS.Common.Integration.UnitTests\bin\x64\Debug\net472\VideoOS.Common.Integration.UnitTests.dll" adapterTypeName="executor://mstestadapter/v2" className="VideoOS.Common.Integration.UnitTests.Configuration.XmlEncryptionHelperTests" name="DecryptingSmtpPasswordSystemSetting" />
    </UnitTest>
    <UnitTest name="BulkProcessor_IsClosing_WaitForRunningTaskToComplete" storage="d:\actions-runner\_work\xpco\xpco\corporate\shared\common.integration\tst\videoos.common.integration.unittests\bin\x64\debug\net472\videoos.common.integration.unittests.dll" id="a65d9d49-2d35-c77e-fc7d-d95914c1d90b">
      <Execution id="ad36a024-a9d8-46bd-9dad-a6833fb096f9" />
      <TestMethod codeBase="D:\actions-runner\_work\XPCO\XPCO\Corporate\Shared\Common.Integration\tst\VideoOS.Common.Integration.UnitTests\bin\x64\Debug\net472\VideoOS.Common.Integration.UnitTests.dll" adapterTypeName="executor://mstestadapter/v2" className="VideoOS.Common.Integration.UnitTests.MessageProcessing.BulkProcessorUnitTest" name="BulkProcessor_IsClosing_WaitForRunningTaskToComplete" />
    </UnitTest>
    <UnitTest name="DatabaseResponseDiskUsageModel_Validate_Success" storage="d:\actions-runner\_work\xpco\xpco\corporate\shared\common.integration\tst\videoos.common.integration.unittests\bin\x64\debug\net472\videoos.common.integration.unittests.dll" id="ff051a78-1ed7-0693-1c8c-ec554b972657">
      <Execution id="575cd904-1d94-4034-a6b1-f83e0e6ec32b" />
      <TestMethod codeBase="D:\actions-runner\_work\XPCO\XPCO\Corporate\Shared\Common.Integration\tst\VideoOS.Common.Integration.UnitTests\bin\x64\Debug\net472\VideoOS.Common.Integration.UnitTests.dll" adapterTypeName="executor://mstestadapter/v2" className="VideoOS.Common.Integration.UnitTests.WebApi.Model.DatabaseResponseModelTest" name="DatabaseResponseDiskUsageModel_Validate_Success" />
    </UnitTest>
    <UnitTest name="Update_XmlHasNoPassword_XmlIsUnchanged" storage="d:\actions-runner\_work\xpco\xpco\corporate\shared\common.integration\tst\videoos.common.integration.unittests\bin\x64\debug\net472\videoos.common.integration.unittests.dll" id="704dfcc7-0671-d060-5f0f-23483247cded">
      <Execution id="1307c9c3-9481-4d7d-8f06-c2b8d761c800" />
      <TestMethod codeBase="D:\actions-runner\_work\XPCO\XPCO\Corporate\Shared\Common.Integration\tst\VideoOS.Common.Integration.UnitTests\bin\x64\Debug\net472\VideoOS.Common.Integration.UnitTests.dll" adapterTypeName="executor://mstestadapter/v2" className="VideoOS.Common.Integration.UnitTests.Configuration.ConfigurationDataSetEncryption.ChangeHardwarePasswordEncryptionTests" name="Update_XmlHasNoPassword_XmlIsUnchanged" />
    </UnitTest>
    <UnitTest name="HardwareInfo_HasEnabledCameras_ReturnsTrueWhenEnabledCameras" storage="d:\actions-runner\_work\xpco\xpco\corporate\shared\common.integration\tst\videoos.common.integration.unittests\bin\x64\debug\net472\videoos.common.integration.unittests.dll" id="151e40a6-82e2-257b-646b-68f23335d235">
      <Execution id="a1f40724-32c7-4d09-88c1-205773a1fcca" />
      <TestMethod codeBase="D:\actions-runner\_work\XPCO\XPCO\Corporate\Shared\Common.Integration\tst\VideoOS.Common.Integration.UnitTests\bin\x64\Debug\net472\VideoOS.Common.Integration.UnitTests.dll" adapterTypeName="executor://mstestadapter/v2" className="VideoOS.Common.Integration.UnitTests.License.HardwareInfoTests" name="HardwareInfo_HasEnabledCameras_ReturnsTrueWhenEnabledCameras" />
    </UnitTest>
    <UnitTest name="CreateHttpUri_FtpDefaultPort_UseDefaultPortFalse_BecomesHttpPort80" storage="d:\actions-runner\_work\xpco\xpco\corporate\shared\common.integration\tst\videoos.common.integration.unittests\bin\x64\debug\net472\videoos.common.integration.unittests.dll" id="1c970708-7220-1d19-b08c-918ece35ceca">
      <TestCategory>
        <TestCategoryItem TestCategory="UriHandling" />
      </TestCategory>
      <Execution id="51587b27-09d0-4c06-a49d-7da377b67488" />
      <TestMethod codeBase="D:\actions-runner\_work\XPCO\XPCO\Corporate\Shared\Common.Integration\tst\VideoOS.Common.Integration.UnitTests\bin\x64\Debug\net472\VideoOS.Common.Integration.UnitTests.dll" adapterTypeName="executor://mstestadapter/v2" className="VideoOS.Common.Integration.UnitTests.Communication.UriHandlingUnitTests" name="CreateHttpUri_FtpDefaultPort_UseDefaultPortFalse_BecomesHttpPort80" />
    </UnitTest>
    <UnitTest name="Invoke_RequiredScopeNotFoundClaimsExists_403" storage="d:\actions-runner\_work\xpco\xpco\corporate\shared\common.integration\tst\videoos.common.integration.unittests\bin\x64\debug\net472\videoos.common.integration.unittests.dll" id="69d83804-d135-97e0-cd5d-24d6995ecaae">
      <Execution id="ba164133-8839-4692-95e8-793098cf9563" />
      <TestMethod codeBase="D:\actions-runner\_work\XPCO\XPCO\Corporate\Shared\Common.Integration\tst\VideoOS.Common.Integration.UnitTests\bin\x64\Debug\net472\VideoOS.Common.Integration.UnitTests.dll" adapterTypeName="executor://mstestadapter/v2" className="VideoOS.Common.Integration.UnitTests.WebApi.Middleware.ScopeValidationMiddlewareTests" name="Invoke_RequiredScopeNotFoundClaimsExists_403" />
    </UnitTest>
    <UnitTest name="Validate_WhitelistedHardware_DoesNotAppearOnGrid_Warning_Success" storage="d:\actions-runner\_work\xpco\xpco\corporate\shared\common.integration\tst\videoos.common.integration.unittests\bin\x64\debug\net472\videoos.common.integration.unittests.dll" id="c98cf8cc-0896-31ae-431a-5052c6c62dbc">
      <Execution id="e7dd99e3-da26-4e90-91b0-15ac11bb7800" />
      <TestMethod codeBase="D:\actions-runner\_work\XPCO\XPCO\Corporate\Shared\Common.Integration\tst\VideoOS.Common.Integration.UnitTests\bin\x64\Debug\net472\VideoOS.Common.Integration.UnitTests.dll" adapterTypeName="executor://mstestadapter/v2" className="VideoOS.Common.Integration.UnitTests.License.LicenseReportGeneratorTests" name="Validate_WhitelistedHardware_DoesNotAppearOnGrid_Warning_Success" />
    </UnitTest>
    <UnitTest name="Validate_PopulateGrid_Success" storage="d:\actions-runner\_work\xpco\xpco\corporate\shared\common.integration\tst\videoos.common.integration.unittests\bin\x64\debug\net472\videoos.common.integration.unittests.dll" id="cbe78191-8ee7-aa77-0812-e3cb273c8da8">
      <Execution id="1955fd67-c37f-4535-ba0e-ed65c0154d09" />
      <TestMethod codeBase="D:\actions-runner\_work\XPCO\XPCO\Corporate\Shared\Common.Integration\tst\VideoOS.Common.Integration.UnitTests\bin\x64\Debug\net472\VideoOS.Common.Integration.UnitTests.dll" adapterTypeName="executor://mstestadapter/v2" className="VideoOS.Common.Integration.UnitTests.License.LicenseReportGeneratorTests" name="Validate_PopulateGrid_Success" />
    </UnitTest>
    <UnitTest name="ModelValidation_ValidModel_Success" storage="d:\actions-runner\_work\xpco\xpco\corporate\shared\common.integration\tst\videoos.common.integration.unittests\bin\x64\debug\net472\videoos.common.integration.unittests.dll" id="6d028cae-975c-9626-0844-28571c5d64f9">
      <Execution id="66c956f7-09a3-4465-8b0c-2e85470d8cc6" />
      <TestMethod codeBase="D:\actions-runner\_work\XPCO\XPCO\Corporate\Shared\Common.Integration\tst\VideoOS.Common.Integration.UnitTests\bin\x64\Debug\net472\VideoOS.Common.Integration.UnitTests.dll" adapterTypeName="executor://mstestadapter/v2" className="VideoOS.Common.Integration.UnitTests.WebAPI.Model.SynchronizeDevicePresetsModelTest" name="ModelValidation_ValidModel_Success" />
    </UnitTest>
    <UnitTest name="SendAsync_WithReturnValue_TaskIsExecuted" storage="d:\actions-runner\_work\xpco\xpco\corporate\shared\common.integration\tst\videoos.common.integration.unittests\bin\x64\debug\net472\videoos.common.integration.unittests.dll" id="1486195d-eb16-aa53-7b2a-dfba28d005af">
      <Execution id="61288034-ccf3-4443-9e4f-e566084aa5c2" />
      <TestMethod codeBase="D:\actions-runner\_work\XPCO\XPCO\Corporate\Shared\Common.Integration\tst\VideoOS.Common.Integration.UnitTests\bin\x64\Debug\net472\VideoOS.Common.Integration.UnitTests.dll" adapterTypeName="executor://mstestadapter/v2" className="VideoOS.Common.Integration.WebApi.HttpClientCommunicatorUnitTests" name="SendAsync_WithReturnValue_TaskIsExecuted" />
    </UnitTest>
    <UnitTest name="ModelValidation_ValidModel_Success" storage="d:\actions-runner\_work\xpco\xpco\corporate\shared\common.integration\tst\videoos.common.integration.unittests\bin\x64\debug\net472\videoos.common.integration.unittests.dll" id="b2029071-4f36-b6e9-3c85-531ed31561dc">
      <Execution id="3189eb65-0aad-4523-9bb5-eb24a7e9967f" />
      <TestMethod codeBase="D:\actions-runner\_work\XPCO\XPCO\Corporate\Shared\Common.Integration\tst\VideoOS.Common.Integration.UnitTests\bin\x64\Debug\net472\VideoOS.Common.Integration.UnitTests.dll" adapterTypeName="executor://mstestadapter/v2" className="VideoOS.Common.Integration.UnitTests.WebAPI.Model.RemoveRecorderTaskModelTest" name="ModelValidation_ValidModel_Success" />
    </UnitTest>
    <UnitTest name="Device_Construct_ValidDeviceLicenseInfo_RemembersData_Success" storage="d:\actions-runner\_work\xpco\xpco\corporate\shared\common.integration\tst\videoos.common.integration.unittests\bin\x64\debug\net472\videoos.common.integration.unittests.dll" id="d7f370e0-fe25-def0-5962-ced37d225b3d">
      <Execution id="eeea0e81-5766-445f-92de-c801b6920856" />
      <TestMethod codeBase="D:\actions-runner\_work\XPCO\XPCO\Corporate\Shared\Common.Integration\tst\VideoOS.Common.Integration.UnitTests\bin\x64\Debug\net472\VideoOS.Common.Integration.UnitTests.dll" adapterTypeName="executor://mstestadapter/v2" className="VideoOS.Common.Integration.UnitTests.License.LicenseInfoTests" name="Device_Construct_ValidDeviceLicenseInfo_RemembersData_Success" />
    </UnitTest>
    <UnitTest name="RemoveItem_Null_ThrowArgumentNullException" storage="d:\actions-runner\_work\xpco\xpco\corporate\shared\common.integration\tst\videoos.common.integration.unittests\bin\x64\debug\net472\videoos.common.integration.unittests.dll" id="37c0bf53-89e8-8b86-b19f-c48fdc89accf">
      <Execution id="aa5665e7-e444-488e-9b02-89c18ff89b8a" />
      <TestMethod codeBase="D:\actions-runner\_work\XPCO\XPCO\Corporate\Shared\Common.Integration\tst\VideoOS.Common.Integration.UnitTests\bin\x64\Debug\net472\VideoOS.Common.Integration.UnitTests.dll" adapterTypeName="executor://mstestadapter/v2" className="VideoOS.Common.Integration.UnitTests.LinkedListIndexUnitTests" name="RemoveItem_Null_ThrowArgumentNullException" />
    </UnitTest>
    <UnitTest name="ServiceContainer_GetRequiredService_ServiceRegistered_IsNotNull" storage="d:\actions-runner\_work\xpco\xpco\corporate\shared\common.integration\tst\videoos.common.integration.unittests\bin\x64\debug\net472\videoos.common.integration.unittests.dll" id="f5445669-43ba-6d54-8564-853499572f07">
      <TestCategory>
        <TestCategoryItem TestCategory="ServiceContainer" />
      </TestCategory>
      <Execution id="013ea806-adae-453c-ba66-46068e2f3b6b" />
      <TestMethod codeBase="D:\actions-runner\_work\XPCO\XPCO\Corporate\Shared\Common.Integration\tst\VideoOS.Common.Integration.UnitTests\bin\x64\Debug\net472\VideoOS.Common.Integration.UnitTests.dll" adapterTypeName="executor://mstestadapter/v2" className="VideoOS.Common.Integration.ServiceContainerTests.ServiceContainerUnitTests" name="ServiceContainer_GetRequiredService_ServiceRegistered_IsNotNull" />
    </UnitTest>
    <UnitTest name="Encrypt" storage="d:\actions-runner\_work\xpco\xpco\corporate\shared\common.integration\tst\videoos.common.integration.unittests\bin\x64\debug\net472\videoos.common.integration.unittests.dll" id="7e0ca6a5-922a-0337-19d0-64f05d139001">
      <Execution id="e719e297-4c99-4b66-acb6-5ab9da1cba65" />
      <TestMethod codeBase="D:\actions-runner\_work\XPCO\XPCO\Corporate\Shared\Common.Integration\tst\VideoOS.Common.Integration.UnitTests\bin\x64\Debug\net472\VideoOS.Common.Integration.UnitTests.dll" adapterTypeName="executor://mstestadapter/v2" className="VideoOS.Common.Integration.UnitTests.Configuration.SettingsXmlTransformerTests" name="Encrypt" />
    </UnitTest>
    <UnitTest name="RecorderInformationModel_ValidModel_Success" storage="d:\actions-runner\_work\xpco\xpco\corporate\shared\common.integration\tst\videoos.common.integration.unittests\bin\x64\debug\net472\videoos.common.integration.unittests.dll" id="0c4733e4-a4d6-a2ad-6a8d-00ea837e2d42">
      <Execution id="8076b5b4-e6c4-4869-9561-fdb287fb4e11" />
      <TestMethod codeBase="D:\actions-runner\_work\XPCO\XPCO\Corporate\Shared\Common.Integration\tst\VideoOS.Common.Integration.UnitTests\bin\x64\Debug\net472\VideoOS.Common.Integration.UnitTests.dll" adapterTypeName="executor://mstestadapter/v2" className="VideoOS.Common.Integration.UnitTests.WebAPI.Model.Server.RecorderInformationModelTest" name="RecorderInformationModel_ValidModel_Success" />
    </UnitTest>
    <UnitTest name="ServiceDiscoveryEngine_Construction_Provider_Null_ArgumentNullException" storage="d:\actions-runner\_work\xpco\xpco\corporate\shared\common.integration\tst\videoos.common.integration.unittests\bin\x64\debug\net472\videoos.common.integration.unittests.dll" id="270a257e-24da-16b7-6595-e3fddd9800b4">
      <Execution id="b5d0cd0f-5c2f-4fab-baee-8869e53f22a7" />
      <TestMethod codeBase="D:\actions-runner\_work\XPCO\XPCO\Corporate\Shared\Common.Integration\tst\VideoOS.Common.Integration.UnitTests\bin\x64\Debug\net472\VideoOS.Common.Integration.UnitTests.dll" adapterTypeName="executor://mstestadapter/v2" className="VideoOS.Common.Integration.UnitTests.WebAPI.Exceptions.ServiceDiscoveryEngineTests" name="ServiceDiscoveryEngine_Construction_Provider_Null_ArgumentNullException" />
    </UnitTest>
    <UnitTest name="LicenseDocument_IsFeatureLicensed_ExistingFeatureNotExpired" storage="d:\actions-runner\_work\xpco\xpco\corporate\shared\common.integration\tst\videoos.common.integration.unittests\bin\x64\debug\net472\videoos.common.integration.unittests.dll" id="44ffeb6d-cf9c-51d6-578b-63781cff588e">
      <TestCategory>
        <TestCategoryItem TestCategory="LicenseDocumentTest" />
      </TestCategory>
      <Execution id="f475fae2-4097-4c1c-baaa-37b34e15bb8e" />
      <TestMethod codeBase="D:\actions-runner\_work\XPCO\XPCO\Corporate\Shared\Common.Integration\tst\VideoOS.Common.Integration.UnitTests\bin\x64\Debug\net472\VideoOS.Common.Integration.UnitTests.dll" adapterTypeName="executor://mstestadapter/v2" className="VideoOS.Common.Integration.UnitTests.License.LicenseDocumentTests" name="LicenseDocument_IsFeatureLicensed_ExistingFeatureNotExpired" />
    </UnitTest>
    <UnitTest name="LogEntryModel_ValidModel_Success" storage="d:\actions-runner\_work\xpco\xpco\corporate\shared\common.integration\tst\videoos.common.integration.unittests\bin\x64\debug\net472\videoos.common.integration.unittests.dll" id="68ccb6a0-0a32-72a5-c4e1-992149caf9d9">
      <Execution id="0759172a-b082-452c-b5c4-4131328b0e8a" />
      <TestMethod codeBase="D:\actions-runner\_work\XPCO\XPCO\Corporate\Shared\Common.Integration\tst\VideoOS.Common.Integration.UnitTests\bin\x64\Debug\net472\VideoOS.Common.Integration.UnitTests.dll" adapterTypeName="executor://mstestadapter/v2" className="VideoOS.Common.Integration.UnitTests.WebAPI.Model.Server.LogEntryModelTest" name="LogEntryModel_ValidModel_Success" />
    </UnitTest>
    <UnitTest name="Validate_PartialMatch_Found_MiddleOfWord_UpperCase_Success" storage="d:\actions-runner\_work\xpco\xpco\corporate\shared\common.integration\tst\videoos.common.integration.unittests\bin\x64\debug\net472\videoos.common.integration.unittests.dll" id="acc3616e-6edb-c21d-85f8-23038da3543e">
      <Execution id="63254cad-acc4-4115-80ef-ff6390adad7c" />
      <TestMethod codeBase="D:\actions-runner\_work\XPCO\XPCO\Corporate\Shared\Common.Integration\tst\VideoOS.Common.Integration.UnitTests\bin\x64\Debug\net472\VideoOS.Common.Integration.UnitTests.dll" adapterTypeName="executor://mstestadapter/v2" className="VideoOS.Common.Integration.UnitTests.License.WhitelistMatchHelperTests" name="Validate_PartialMatch_Found_MiddleOfWord_UpperCase_Success" />
    </UnitTest>
    <UnitTest name="ReadChildElementValueAsUInt16_RangeCheck_Max" storage="d:\actions-runner\_work\xpco\xpco\corporate\shared\common.integration\tst\videoos.common.integration.unittests\bin\x64\debug\net472\videoos.common.integration.unittests.dll" id="74b86e9a-6188-d98e-2f67-4a9ace7fd33e">
      <Execution id="d178f9bc-f591-4150-b490-3b698efa0d20" />
      <TestMethod codeBase="D:\actions-runner\_work\XPCO\XPCO\Corporate\Shared\Common.Integration\tst\VideoOS.Common.Integration.UnitTests\bin\x64\Debug\net472\VideoOS.Common.Integration.UnitTests.dll" adapterTypeName="executor://mstestadapter/v2" className="VideoOS.Common.Integration.UnitTests.XmlDocumentExtensionsCoreUnitTests" name="ReadChildElementValueAsUInt16_RangeCheck_Max" />
    </UnitTest>
    <UnitTest name="RulesTableAdapter_SetUserSid_Success" storage="d:\actions-runner\_work\xpco\xpco\corporate\shared\common.integration\tst\videoos.common.integration.unittests\bin\x64\debug\net472\videoos.common.integration.unittests.dll" id="1d054e10-b9f0-cd43-abb1-c8e31c326452">
      <Execution id="3c80a492-df7e-4880-b436-39ff3cad6c17" />
      <TestMethod codeBase="D:\actions-runner\_work\XPCO\XPCO\Corporate\Shared\Common.Integration\tst\VideoOS.Common.Integration.UnitTests\bin\x64\Debug\net472\VideoOS.Common.Integration.UnitTests.dll" adapterTypeName="executor://mstestadapter/v2" className="VideoOS.Common.Integration.UnitTests.Configuration.RulesTableAdapterUnitTests" name="RulesTableAdapter_SetUserSid_Success" />
    </UnitTest>
    <UnitTest name="RecorderInfo_ClearExistingLicenseInformation_Success" storage="d:\actions-runner\_work\xpco\xpco\corporate\shared\common.integration\tst\videoos.common.integration.unittests\bin\x64\debug\net472\videoos.common.integration.unittests.dll" id="f889b14a-664f-744f-a2cb-4aa7c58e7de3">
      <Execution id="32d2ba62-e74b-4942-ab0e-9766e5f89b7d" />
      <TestMethod codeBase="D:\actions-runner\_work\XPCO\XPCO\Corporate\Shared\Common.Integration\tst\VideoOS.Common.Integration.UnitTests\bin\x64\Debug\net472\VideoOS.Common.Integration.UnitTests.dll" adapterTypeName="executor://mstestadapter/v2" className="VideoOS.Common.Integration.UnitTests.License.RecorderInfoTests" name="RecorderInfo_ClearExistingLicenseInformation_Success" />
    </UnitTest>
    <UnitTest name="WhiteList_IsHardwareWhiteListed_NotWhiteListed_ReturnsFalse_ChannelLicenseCountIs5" storage="d:\actions-runner\_work\xpco\xpco\corporate\shared\common.integration\tst\videoos.common.integration.unittests\bin\x64\debug\net472\videoos.common.integration.unittests.dll" id="ff6c75a8-130a-8924-3015-b235afcf0212">
      <TestCategory>
        <TestCategoryItem TestCategory="Licensing" />
      </TestCategory>
      <Execution id="4a9d7c9d-777b-46bf-b1b2-443614ebf80c" />
      <TestMethod codeBase="D:\actions-runner\_work\XPCO\XPCO\Corporate\Shared\Common.Integration\tst\VideoOS.Common.Integration.UnitTests\bin\x64\Debug\net472\VideoOS.Common.Integration.UnitTests.dll" adapterTypeName="executor://mstestadapter/v2" className="VideoOS.Common.Integration.UnitTests.License.LicenseWhitelistTests" name="WhiteList_IsHardwareWhiteListed_NotWhiteListed_ReturnsFalse_ChannelLicenseCountIs5" />
    </UnitTest>
    <UnitTest name="Config_To_Xml_To_Config_Success" storage="d:\actions-runner\_work\xpco\xpco\corporate\shared\common.integration\tst\videoos.common.integration.unittests\bin\x64\debug\net472\videoos.common.integration.unittests.dll" id="918449ac-7842-0217-48ec-6ef6d3756493">
      <Execution id="24cfac89-d0fc-4ac9-8844-aef5c168ae33" />
      <TestMethod codeBase="D:\actions-runner\_work\XPCO\XPCO\Corporate\Shared\Common.Integration\tst\VideoOS.Common.Integration.UnitTests\bin\x64\Debug\net472\VideoOS.Common.Integration.UnitTests.dll" adapterTypeName="executor://mstestadapter/v2" className="VideoOS.Common.Integration.UnitTests.Configuration.MotionDetectionSettingsUnitTests" name="Config_To_Xml_To_Config_Success" />
    </UnitTest>
    <UnitTest name="CreateHttpsUri_EmptyString_ThrowsInvalidOperationException" storage="d:\actions-runner\_work\xpco\xpco\corporate\shared\common.integration\tst\videoos.common.integration.unittests\bin\x64\debug\net472\videoos.common.integration.unittests.dll" id="d252adb4-e090-bd7b-ab92-ac3b1cb1a962">
      <TestCategory>
        <TestCategoryItem TestCategory="UriHandling" />
      </TestCategory>
      <Execution id="9ece907d-fe2f-400d-8bdf-f1a4736a1551" />
      <TestMethod codeBase="D:\actions-runner\_work\XPCO\XPCO\Corporate\Shared\Common.Integration\tst\VideoOS.Common.Integration.UnitTests\bin\x64\Debug\net472\VideoOS.Common.Integration.UnitTests.dll" adapterTypeName="executor://mstestadapter/v2" className="VideoOS.Common.Integration.UnitTests.Communication.UriHandlingUnitTests" name="CreateHttpsUri_EmptyString_ThrowsInvalidOperationException" />
    </UnitTest>
    <UnitTest name="SendAsync_InvalidOperationExceptionThrown_ExceptionLoggedAndDefaultValueReturned" storage="d:\actions-runner\_work\xpco\xpco\corporate\shared\common.integration\tst\videoos.common.integration.unittests\bin\x64\debug\net472\videoos.common.integration.unittests.dll" id="80f1ea91-f20c-3fe2-9335-c00d37b77bfe">
      <Execution id="50abb17f-ea48-4ad9-822d-3f63cadea8ac" />
      <TestMethod codeBase="D:\actions-runner\_work\XPCO\XPCO\Corporate\Shared\Common.Integration\tst\VideoOS.Common.Integration.UnitTests\bin\x64\Debug\net472\VideoOS.Common.Integration.UnitTests.dll" adapterTypeName="executor://mstestadapter/v2" className="VideoOS.Common.Integration.WebApi.HttpClientCommunicatorUnitTests" name="SendAsync_InvalidOperationExceptionThrown_ExceptionLoggedAndDefaultValueReturned" />
    </UnitTest>
    <UnitTest name="LicenseActivationService_AcquireLicense_Success" storage="d:\actions-runner\_work\xpco\xpco\corporate\shared\common.integration\tst\videoos.common.integration.unittests\bin\x64\debug\net472\videoos.common.integration.unittests.dll" id="d6af1beb-a7df-3934-d40f-36ca6ad8df18">
      <Execution id="d54a5576-4c60-4ea7-9b86-40421904d005" />
      <TestMethod codeBase="D:\actions-runner\_work\XPCO\XPCO\Corporate\Shared\Common.Integration\tst\VideoOS.Common.Integration.UnitTests\bin\x64\Debug\net472\VideoOS.Common.Integration.UnitTests.dll" adapterTypeName="executor://mstestadapter/v2" className="VideoOS.Common.Integration.UnitTests.License.LicenseActivationServiceTests" name="LicenseActivationService_AcquireLicense_Success" />
    </UnitTest>
    <UnitTest name="CertificateSelection2_FromXml_NullCheck" storage="d:\actions-runner\_work\xpco\xpco\corporate\shared\common.integration\tst\videoos.common.integration.unittests\bin\x64\debug\net472\videoos.common.integration.unittests.dll" id="8b1df241-cd7c-f32a-3610-e625520de45c">
      <Execution id="089fab39-a61c-4a59-9238-4566b8249fbc" />
      <TestMethod codeBase="D:\actions-runner\_work\XPCO\XPCO\Corporate\Shared\Common.Integration\tst\VideoOS.Common.Integration.UnitTests\bin\x64\Debug\net472\VideoOS.Common.Integration.UnitTests.dll" adapterTypeName="executor://mstestadapter/v2" className="VideoOS.Common.Integration.UnitTests.CertificateHandling.CertificateSelection2Tests" name="CertificateSelection2_FromXml_NullCheck" />
    </UnitTest>
    <UnitTest name="ExecuteRuleActionModel_RequiredPropertiesAreNull_Failed" storage="d:\actions-runner\_work\xpco\xpco\corporate\shared\common.integration\tst\videoos.common.integration.unittests\bin\x64\debug\net472\videoos.common.integration.unittests.dll" id="6aa0d825-352e-12e2-e9d6-4b6970a56970">
      <Execution id="f1d25b25-03a6-4e3f-9c17-4d4ee1d002a7" />
      <TestMethod codeBase="D:\actions-runner\_work\XPCO\XPCO\Corporate\Shared\Common.Integration\tst\VideoOS.Common.Integration.UnitTests\bin\x64\Debug\net472\VideoOS.Common.Integration.UnitTests.dll" adapterTypeName="executor://mstestadapter/v2" className="VideoOS.Common.Integration.UnitTests.WebAPI.Model.Server.ExecuteRuleActionModelTests" name="ExecuteRuleActionModel_RequiredPropertiesAreNull_Failed" />
    </UnitTest>
    <UnitTest name="ReadIdentitiesFromCache_GetSomeFromCache" storage="d:\actions-runner\_work\xpco\xpco\corporate\shared\common.integration\tst\videoos.common.integration.unittests\bin\x64\debug\net472\videoos.common.integration.unittests.dll" id="3989b743-87a0-8a10-8f96-8667b762d36d">
      <Execution id="fac0efd9-d0c6-41fa-bbae-849e973afd84" />
      <TestMethod codeBase="D:\actions-runner\_work\XPCO\XPCO\Corporate\Shared\Common.Integration\tst\VideoOS.Common.Integration.UnitTests\bin\x64\Debug\net472\VideoOS.Common.Integration.UnitTests.dll" adapterTypeName="executor://mstestadapter/v2" className="VideoOS.Common.Integration.UnitTests.Caching.SecurityIdentityCacheUnitTests" name="ReadIdentitiesFromCache_GetSomeFromCache" />
    </UnitTest>
    <UnitTest name="ServerFileStorage_ReturnStorage_FreesQuota" storage="d:\actions-runner\_work\xpco\xpco\corporate\shared\common.integration\tst\videoos.common.integration.unittests\bin\x64\debug\net472\videoos.common.integration.unittests.dll" id="83631672-552f-dfce-daa3-28bbba2f670e">
      <Execution id="38542958-d026-4b3e-b4fe-fd4ceb94d4fb" />
      <TestMethod codeBase="D:\actions-runner\_work\XPCO\XPCO\Corporate\Shared\Common.Integration\tst\VideoOS.Common.Integration.UnitTests\bin\x64\Debug\net472\VideoOS.Common.Integration.UnitTests.dll" adapterTypeName="executor://mstestadapter/v2" className="VideoOS.Common.Integration.UnitTests.ServerFileStorageTests" name="ServerFileStorage_ReturnStorage_FreesQuota" />
    </UnitTest>
    <UnitTest name="ReadChildElementValueAsUInt16_ElementNull" storage="d:\actions-runner\_work\xpco\xpco\corporate\shared\common.integration\tst\videoos.common.integration.unittests\bin\x64\debug\net472\videoos.common.integration.unittests.dll" id="1ff61087-88e9-c98e-4497-f32bf1d35743">
      <Execution id="45bd927b-fae9-4325-9d51-b1c820dfde2b" />
      <TestMethod codeBase="D:\actions-runner\_work\XPCO\XPCO\Corporate\Shared\Common.Integration\tst\VideoOS.Common.Integration.UnitTests\bin\x64\Debug\net472\VideoOS.Common.Integration.UnitTests.dll" adapterTypeName="executor://mstestadapter/v2" className="VideoOS.Common.Integration.UnitTests.XmlDocumentExtensionsCoreUnitTests" name="ReadChildElementValueAsUInt16_ElementNull" />
    </UnitTest>
    <UnitTest name="StreamsConfiguration_EnsureLiveDefaultAndRecordTreads_No_DefaultLive_Or_RunAlways_Record_Selected" storage="d:\actions-runner\_work\xpco\xpco\corporate\shared\common.integration\tst\videoos.common.integration.unittests\bin\x64\debug\net472\videoos.common.integration.unittests.dll" id="ddcb4ee4-5365-dfaa-cb65-e340de8752cc">
      <Execution id="056e6cb1-6324-4e27-b6c5-65b131ca4374" />
      <TestMethod codeBase="D:\actions-runner\_work\XPCO\XPCO\Corporate\Shared\Common.Integration\tst\VideoOS.Common.Integration.UnitTests\bin\x64\Debug\net472\VideoOS.Common.Integration.UnitTests.dll" adapterTypeName="executor://mstestadapter/v2" className="VideoOS.Common.Integration.UnitTests.StreamsConfigurationUnitTests" name="StreamsConfiguration_EnsureLiveDefaultAndRecordTreads_No_DefaultLive_Or_RunAlways_Record_Selected" />
    </UnitTest>
    <UnitTest name="ExceptionResponseModel_Validate_Success" storage="d:\actions-runner\_work\xpco\xpco\corporate\shared\common.integration\tst\videoos.common.integration.unittests\bin\x64\debug\net472\videoos.common.integration.unittests.dll" id="e7fbce8b-95c9-d055-40af-2eb2cd0c6e85">
      <Execution id="4506f903-c33e-4b31-8a4c-6c7018364f65" />
      <TestMethod codeBase="D:\actions-runner\_work\XPCO\XPCO\Corporate\Shared\Common.Integration\tst\VideoOS.Common.Integration.UnitTests\bin\x64\Debug\net472\VideoOS.Common.Integration.UnitTests.dll" adapterTypeName="executor://mstestadapter/v2" className="VideoOS.Common.Integration.UnitTests.WebAPI.Model.Recorder.Responses.ExceptionResponseModelTest" name="ExceptionResponseModel_Validate_Success" />
    </UnitTest>
    <UnitTest name="QueryDeviceEvidenceLockSizesModelTests_Validate_Success" storage="d:\actions-runner\_work\xpco\xpco\corporate\shared\common.integration\tst\videoos.common.integration.unittests\bin\x64\debug\net472\videoos.common.integration.unittests.dll" id="927fcf95-531f-3f66-c3c7-cf916d91798a">
      <Execution id="2dac6b33-2a35-400d-bc93-a3755d128d69" />
      <TestMethod codeBase="D:\actions-runner\_work\XPCO\XPCO\Corporate\Shared\Common.Integration\tst\VideoOS.Common.Integration.UnitTests\bin\x64\Debug\net472\VideoOS.Common.Integration.UnitTests.dll" adapterTypeName="executor://mstestadapter/v2" className="VideoOS.Common.Integration.UnitTests.WebAPI.Model.QueryDeviceEvidenceLockSizesModelTests" name="QueryDeviceEvidenceLockSizesModelTests_Validate_Success" />
    </UnitTest>
    <UnitTest name="Decrypt_DataSetHasEmptyPassword_PasswordIsStillEmpty" storage="d:\actions-runner\_work\xpco\xpco\corporate\shared\common.integration\tst\videoos.common.integration.unittests\bin\x64\debug\net472\videoos.common.integration.unittests.dll" id="b3831e90-6f33-ed0c-47d4-34fdb0707b81">
      <Execution id="0b11a6ae-cea3-4a5d-b331-23a7c0f8ac30" />
      <TestMethod codeBase="D:\actions-runner\_work\XPCO\XPCO\Corporate\Shared\Common.Integration\tst\VideoOS.Common.Integration.UnitTests\bin\x64\Debug\net472\VideoOS.Common.Integration.UnitTests.dll" adapterTypeName="executor://mstestadapter/v2" className="VideoOS.Common.Integration.UnitTests.Configuration.HostingServerTableAdapterTests" name="Decrypt_DataSetHasEmptyPassword_PasswordIsStillEmpty" />
    </UnitTest>
    <UnitTest name="LicenseDocument_Constructor_Success_OnValidChannelLicensingMode" storage="d:\actions-runner\_work\xpco\xpco\corporate\shared\common.integration\tst\videoos.common.integration.unittests\bin\x64\debug\net472\videoos.common.integration.unittests.dll" id="e60113ed-a422-020f-6cdd-b7c5c137b613">
      <TestCategory>
        <TestCategoryItem TestCategory="LicenseDocumentTest" />
      </TestCategory>
      <Execution id="6657864f-0610-470e-9684-09ebf2e4915b" />
      <TestMethod codeBase="D:\actions-runner\_work\XPCO\XPCO\Corporate\Shared\Common.Integration\tst\VideoOS.Common.Integration.UnitTests\bin\x64\Debug\net472\VideoOS.Common.Integration.UnitTests.dll" adapterTypeName="executor://mstestadapter/v2" className="VideoOS.Common.Integration.UnitTests.License.LicenseDocumentTests" name="LicenseDocument_Constructor_Success_OnValidChannelLicensingMode" />
    </UnitTest>
    <UnitTest name="PrepareMoveHardwareResponseModel_NoValuesSet_ValidationFailure" storage="d:\actions-runner\_work\xpco\xpco\corporate\shared\common.integration\tst\videoos.common.integration.unittests\bin\x64\debug\net472\videoos.common.integration.unittests.dll" id="9a37961d-285f-d717-1fca-052a6bf88ce6">
      <Execution id="441025e2-778f-417d-b0a1-88f8b7b39379" />
      <TestMethod codeBase="D:\actions-runner\_work\XPCO\XPCO\Corporate\Shared\Common.Integration\tst\VideoOS.Common.Integration.UnitTests\bin\x64\Debug\net472\VideoOS.Common.Integration.UnitTests.dll" adapterTypeName="executor://mstestadapter/v2" className="VideoOS.Common.Integration.UnitTests.WebApi.Model.PrepareMoveHardwareResponseModelTest" name="PrepareMoveHardwareResponseModel_NoValuesSet_ValidationFailure" />
    </UnitTest>
    <UnitTest name="TestMergeGridAreaWithSameSizedValidAreas" storage="d:\actions-runner\_work\xpco\xpco\corporate\shared\common.integration\tst\videoos.common.integration.unittests\bin\x64\debug\net472\videoos.common.integration.unittests.dll" id="15545652-b05c-7610-0ef9-a9ee3a46f84b">
      <Execution id="dd0f272d-faa4-4993-aa40-124111be5169" />
      <TestMethod codeBase="D:\actions-runner\_work\XPCO\XPCO\Corporate\Shared\Common.Integration\tst\VideoOS.Common.Integration.UnitTests\bin\x64\Debug\net472\VideoOS.Common.Integration.UnitTests.dll" adapterTypeName="executor://mstestadapter/v2" className="VideoOS.Common.Integration.UnitTests.Configuration.FillableGridAreaUnitTest" name="TestMergeGridAreaWithSameSizedValidAreas" />
    </UnitTest>
    <UnitTest name="EnsureMacAddressNotEmpty1" storage="d:\actions-runner\_work\xpco\xpco\corporate\shared\common.integration\tst\videoos.common.integration.unittests\bin\x64\debug\net472\videoos.common.integration.unittests.dll" id="4c510a6e-e7c1-d666-698f-9d3f71c9b262">
      <Execution id="c8ef4fe4-500b-4822-bd33-235a30c1bdae" />
      <TestMethod codeBase="D:\actions-runner\_work\XPCO\XPCO\Corporate\Shared\Common.Integration\tst\VideoOS.Common.Integration.UnitTests\bin\x64\Debug\net472\VideoOS.Common.Integration.UnitTests.dll" adapterTypeName="executor://mstestadapter/v2" className="VideoOS.Common.Integration.UnitTests.DriverDefinition.DefinitionUtilityTests" name="EnsureMacAddressNotEmpty1" />
    </UnitTest>
    <UnitTest name="GenericDewarpSettings_DefaultValues_Success" storage="d:\actions-runner\_work\xpco\xpco\corporate\shared\common.integration\tst\videoos.common.integration.unittests\bin\x64\debug\net472\videoos.common.integration.unittests.dll" id="90cde211-4a08-f849-89f3-e53a366c9c3c">
      <Execution id="954350a3-f9aa-49cf-b79a-f1231d29862d" />
      <TestMethod codeBase="D:\actions-runner\_work\XPCO\XPCO\Corporate\Shared\Common.Integration\tst\VideoOS.Common.Integration.UnitTests\bin\x64\Debug\net472\VideoOS.Common.Integration.UnitTests.dll" adapterTypeName="executor://mstestadapter/v2" className="VideoOS.Common.Integration.UnitTests.GenericDewarpSettingsUnitTest" name="GenericDewarpSettings_DefaultValues_Success" />
    </UnitTest>
    <UnitTest name="EncryptingHardware" storage="d:\actions-runner\_work\xpco\xpco\corporate\shared\common.integration\tst\videoos.common.integration.unittests\bin\x64\debug\net472\videoos.common.integration.unittests.dll" id="926436bb-6ad1-4c45-7e27-4f7121382ea2">
      <Execution id="69825483-f438-4f5b-9b5d-5064e0e80673" />
      <TestMethod codeBase="D:\actions-runner\_work\XPCO\XPCO\Corporate\Shared\Common.Integration\tst\VideoOS.Common.Integration.UnitTests\bin\x64\Debug\net472\VideoOS.Common.Integration.UnitTests.dll" adapterTypeName="executor://mstestadapter/v2" className="VideoOS.Common.Integration.UnitTests.Configuration.XmlEncryptionHelperTests" name="EncryptingHardware" />
    </UnitTest>
    <UnitTest name="PatchAsync_EndPointIsNull_ArgumentNullExceptionThrown" storage="d:\actions-runner\_work\xpco\xpco\corporate\shared\common.integration\tst\videoos.common.integration.unittests\bin\x64\debug\net472\videoos.common.integration.unittests.dll" id="91b088af-4d20-a693-7919-4e27e55ce584">
      <Execution id="fe275b76-6031-4837-b36a-c4c8bccbac52" />
      <TestMethod codeBase="D:\actions-runner\_work\XPCO\XPCO\Corporate\Shared\Common.Integration\tst\VideoOS.Common.Integration.UnitTests\bin\x64\Debug\net472\VideoOS.Common.Integration.UnitTests.dll" adapterTypeName="executor://mstestadapter/v2" className="VideoOS.Common.Integration.WebApi.HttpClientCommunicatorUnitTests" name="PatchAsync_EndPointIsNull_ArgumentNullExceptionThrown" />
    </UnitTest>
    <UnitTest name="ReadAttributeAsInt32_ElementNull" storage="d:\actions-runner\_work\xpco\xpco\corporate\shared\common.integration\tst\videoos.common.integration.unittests\bin\x64\debug\net472\videoos.common.integration.unittests.dll" id="034cacf8-9f7d-400e-afbf-7d73cb71f548">
      <Execution id="7ce516a2-afd3-4a85-b51e-9ee1e4eea63b" />
      <TestMethod codeBase="D:\actions-runner\_work\XPCO\XPCO\Corporate\Shared\Common.Integration\tst\VideoOS.Common.Integration.UnitTests\bin\x64\Debug\net472\VideoOS.Common.Integration.UnitTests.dll" adapterTypeName="executor://mstestadapter/v2" className="VideoOS.Common.Integration.UnitTests.XmlDocumentExtensionsCoreUnitTests" name="ReadAttributeAsInt32_ElementNull" />
    </UnitTest>
    <UnitTest name="FileUploadSynchronizer_Upload_SameFile_To_SameRecorder_Twice_WithDelay_UploadsTwice" storage="d:\actions-runner\_work\xpco\xpco\corporate\shared\common.integration\tst\videoos.common.integration.unittests\bin\x64\debug\net472\videoos.common.integration.unittests.dll" id="76ee60ce-bef2-38f8-84fa-8071278cc569">
      <Execution id="4fce6496-e950-4aac-b895-edc3447ab6c2" />
      <TestMethod codeBase="D:\actions-runner\_work\XPCO\XPCO\Corporate\Shared\Common.Integration\tst\VideoOS.Common.Integration.UnitTests\bin\x64\Debug\net472\VideoOS.Common.Integration.UnitTests.dll" adapterTypeName="executor://mstestadapter/v2" className="VideoOS.Common.Integration.UnitTests.FileUploadSynchronizerTests" name="FileUploadSynchronizer_Upload_SameFile_To_SameRecorder_Twice_WithDelay_UploadsTwice" />
    </UnitTest>
    <UnitTest name="ReadAttributeAsString_SunnyDay" storage="d:\actions-runner\_work\xpco\xpco\corporate\shared\common.integration\tst\videoos.common.integration.unittests\bin\x64\debug\net472\videoos.common.integration.unittests.dll" id="68568c0e-34c8-ee1e-1dbe-2e08270bc44b">
      <Execution id="292d88ff-17fe-477b-9fb3-d9974f3b2bc6" />
      <TestMethod codeBase="D:\actions-runner\_work\XPCO\XPCO\Corporate\Shared\Common.Integration\tst\VideoOS.Common.Integration.UnitTests\bin\x64\Debug\net472\VideoOS.Common.Integration.UnitTests.dll" adapterTypeName="executor://mstestadapter/v2" className="VideoOS.Common.Integration.UnitTests.XmlDocumentExtensionsCoreUnitTests" name="ReadAttributeAsString_SunnyDay" />
    </UnitTest>
    <UnitTest name="IsEnumerationValueAac_ReturnFalse_OnNull" storage="d:\actions-runner\_work\xpco\xpco\corporate\shared\common.integration\tst\videoos.common.integration.unittests\bin\x64\debug\net472\videoos.common.integration.unittests.dll" id="1d0eb2d7-e1ad-2995-ad2b-c85a311e7a96">
      <Execution id="8570b461-6503-406a-a031-e7983459eae3" />
      <TestMethod codeBase="D:\actions-runner\_work\XPCO\XPCO\Corporate\Shared\Common.Integration\tst\VideoOS.Common.Integration.UnitTests\bin\x64\Debug\net472\VideoOS.Common.Integration.UnitTests.dll" adapterTypeName="executor://mstestadapter/v2" className="VideoOS.Common.Integration.UnitTests.DriverDefinition.DefinitionUtilityTests" name="IsEnumerationValueAac_ReturnFalse_OnNull" />
    </UnitTest>
    <UnitTest name="BindToType_BindToNonAllowedTypesContainedInAllowedAssembly_InvalidOperationException" storage="d:\actions-runner\_work\xpco\xpco\corporate\shared\common.integration\tst\videoos.common.integration.unittests\bin\x64\debug\net472\videoos.common.integration.unittests.dll" id="84f1b030-6383-8d30-b4ad-7486433b5171">
      <Execution id="55bcfca0-5d4f-4d56-8893-7863afe4c4a1" />
      <TestMethod codeBase="D:\actions-runner\_work\XPCO\XPCO\Corporate\Shared\Common.Integration\tst\VideoOS.Common.Integration.UnitTests\bin\x64\Debug\net472\VideoOS.Common.Integration.UnitTests.dll" adapterTypeName="executor://mstestadapter/v2" className="VideoOS.Common.Integration.UnitTests.TypeFilteringSerializationBinderUtilityTest" name="BindToType_BindToNonAllowedTypesContainedInAllowedAssembly_InvalidOperationException" />
    </UnitTest>
    <UnitTest name="CalculateLicenseRequirements_NullIHardwareInfoList_ThrowsArgumentNullException" storage="d:\actions-runner\_work\xpco\xpco\corporate\shared\common.integration\tst\videoos.common.integration.unittests\bin\x64\debug\net472\videoos.common.integration.unittests.dll" id="ac8aa661-4d22-a8b3-f7a8-6b9e3e0d53be">
      <Execution id="8a05cb8c-bc47-4443-8e92-99d61f7a9097" />
      <TestMethod codeBase="D:\actions-runner\_work\XPCO\XPCO\Corporate\Shared\Common.Integration\tst\VideoOS.Common.Integration.UnitTests\bin\x64\Debug\net472\VideoOS.Common.Integration.UnitTests.dll" adapterTypeName="executor://mstestadapter/v2" className="VideoOS.Common.Integration.UnitTests.License.LicenseCalculatorTests" name="CalculateLicenseRequirements_NullIHardwareInfoList_ThrowsArgumentNullException" />
    </UnitTest>
    <UnitTest name="Schemes_SerializeAndDeserializeTwoItemsTest" storage="d:\actions-runner\_work\xpco\xpco\corporate\shared\common.integration\tst\videoos.common.integration.unittests\bin\x64\debug\net472\videoos.common.integration.unittests.dll" id="b20ae3f0-0dc7-f1fc-2977-e0507e3b838b">
      <Execution id="5d40cd45-8b7f-42eb-88ff-fbcbeff11e7c" />
      <TestMethod codeBase="D:\actions-runner\_work\XPCO\XPCO\Corporate\Shared\Common.Integration\tst\VideoOS.Common.Integration.UnitTests\bin\x64\Debug\net472\VideoOS.Common.Integration.UnitTests.dll" adapterTypeName="executor://mstestadapter/v2" className="VideoOS.Common.Integration.UnitTests.DeviceDiscovery.SchemesTest" name="Schemes_SerializeAndDeserializeTwoItemsTest" />
    </UnitTest>
    <UnitTest name="FeatureManager_GetFeatureParameterValue_NullValue" storage="d:\actions-runner\_work\xpco\xpco\corporate\shared\common.integration\tst\videoos.common.integration.unittests\bin\x64\debug\net472\videoos.common.integration.unittests.dll" id="ccb26a83-aa1c-47e2-6b87-2e82ac67ca69">
      <Execution id="beadac1e-2f20-48ac-92d8-867f7c795dc1" />
      <TestMethod codeBase="D:\actions-runner\_work\XPCO\XPCO\Corporate\Shared\Common.Integration\tst\VideoOS.Common.Integration.UnitTests\bin\x64\Debug\net472\VideoOS.Common.Integration.UnitTests.dll" adapterTypeName="executor://mstestadapter/v2" className="VideoOS.Common.Integration.UnitTests.License.FeatureManagerTest" name="FeatureManager_GetFeatureParameterValue_NullValue" />
    </UnitTest>
    <UnitTest name="ThreadPoolMessageProcessor_EnableProcessingTest" storage="d:\actions-runner\_work\xpco\xpco\corporate\shared\common.integration\tst\videoos.common.integration.unittests\bin\x64\debug\net472\videoos.common.integration.unittests.dll" id="afb66d73-9da5-7554-bdd3-eebe5f87627f">
      <Execution id="f6692b0b-7bfe-4719-9929-52439092c293" />
      <TestMethod codeBase="D:\actions-runner\_work\XPCO\XPCO\Corporate\Shared\Common.Integration\tst\VideoOS.Common.Integration.UnitTests\bin\x64\Debug\net472\VideoOS.Common.Integration.UnitTests.dll" adapterTypeName="executor://mstestadapter/v2" className="VideoOS.Common.Integration.UnitTests.MessageProcessing.ThreadPoolMessageProcessorTest" name="ThreadPoolMessageProcessor_EnableProcessingTest" />
    </UnitTest>
    <UnitTest name="BulkProcessor_Exception_In_ProcessDelegate" storage="d:\actions-runner\_work\xpco\xpco\corporate\shared\common.integration\tst\videoos.common.integration.unittests\bin\x64\debug\net472\videoos.common.integration.unittests.dll" id="14327e89-f73c-f294-4d5f-9495b39b1202">
      <Execution id="e5d1aec3-16c8-4b35-a532-628a62d339f9" />
      <TestMethod codeBase="D:\actions-runner\_work\XPCO\XPCO\Corporate\Shared\Common.Integration\tst\VideoOS.Common.Integration.UnitTests\bin\x64\Debug\net472\VideoOS.Common.Integration.UnitTests.dll" adapterTypeName="executor://mstestadapter/v2" className="VideoOS.Common.Integration.UnitTests.MessageProcessing.BulkProcessorUnitTest" name="BulkProcessor_Exception_In_ProcessDelegate" />
    </UnitTest>
    <UnitTest name="CreateHttpsUri_FtpDefaultPort_UseDefaultPortFalse_BecomesHttpsPort443" storage="d:\actions-runner\_work\xpco\xpco\corporate\shared\common.integration\tst\videoos.common.integration.unittests\bin\x64\debug\net472\videoos.common.integration.unittests.dll" id="ec554268-9c1f-9658-273b-53b03f43f4fb">
      <TestCategory>
        <TestCategoryItem TestCategory="UriHandling" />
      </TestCategory>
      <Execution id="dd170daa-6603-428d-9511-d615637dde35" />
      <TestMethod codeBase="D:\actions-runner\_work\XPCO\XPCO\Corporate\Shared\Common.Integration\tst\VideoOS.Common.Integration.UnitTests\bin\x64\Debug\net472\VideoOS.Common.Integration.UnitTests.dll" adapterTypeName="executor://mstestadapter/v2" className="VideoOS.Common.Integration.UnitTests.Communication.UriHandlingUnitTests" name="CreateHttpsUri_FtpDefaultPort_UseDefaultPortFalse_BecomesHttpsPort443" />
    </UnitTest>
    <UnitTest name="CreateHttpsUri_NoScheme_UseDefaultPortFalse_BecomesHttpsPort443" storage="d:\actions-runner\_work\xpco\xpco\corporate\shared\common.integration\tst\videoos.common.integration.unittests\bin\x64\debug\net472\videoos.common.integration.unittests.dll" id="f5b6af9c-50d6-a27b-2f85-4255ecbbafb9">
      <TestCategory>
        <TestCategoryItem TestCategory="UriHandling" />
      </TestCategory>
      <Execution id="ba02ba2d-86a7-49f2-8b06-981b105fd8a8" />
      <TestMethod codeBase="D:\actions-runner\_work\XPCO\XPCO\Corporate\Shared\Common.Integration\tst\VideoOS.Common.Integration.UnitTests\bin\x64\Debug\net472\VideoOS.Common.Integration.UnitTests.dll" adapterTypeName="executor://mstestadapter/v2" className="VideoOS.Common.Integration.UnitTests.Communication.UriHandlingUnitTests" name="CreateHttpsUri_NoScheme_UseDefaultPortFalse_BecomesHttpsPort443" />
    </UnitTest>
    <UnitTest name="ReadChildElementValueAsBoolean_InvalidData" storage="d:\actions-runner\_work\xpco\xpco\corporate\shared\common.integration\tst\videoos.common.integration.unittests\bin\x64\debug\net472\videoos.common.integration.unittests.dll" id="5b21d1af-48af-0532-ea17-f797ade384ab">
      <Execution id="d66ebe4f-e1f2-4f62-80e5-48a630a8c576" />
      <TestMethod codeBase="D:\actions-runner\_work\XPCO\XPCO\Corporate\Shared\Common.Integration\tst\VideoOS.Common.Integration.UnitTests\bin\x64\Debug\net472\VideoOS.Common.Integration.UnitTests.dll" adapterTypeName="executor://mstestadapter/v2" className="VideoOS.Common.Integration.UnitTests.XmlDocumentExtensionsCoreUnitTests" name="ReadChildElementValueAsBoolean_InvalidData" />
    </UnitTest>
    <UnitTest name="RegisterRecorderModel_ValidModel_Success" storage="d:\actions-runner\_work\xpco\xpco\corporate\shared\common.integration\tst\videoos.common.integration.unittests\bin\x64\debug\net472\videoos.common.integration.unittests.dll" id="b94988f6-0880-a8b5-f4a5-9fa1abe166d1">
      <Execution id="d3b9fa19-b0a5-4be7-ac38-cefb4e5aa749" />
      <TestMethod codeBase="D:\actions-runner\_work\XPCO\XPCO\Corporate\Shared\Common.Integration\tst\VideoOS.Common.Integration.UnitTests\bin\x64\Debug\net472\VideoOS.Common.Integration.UnitTests.dll" adapterTypeName="executor://mstestadapter/v2" className="VideoOS.Common.Integration.UnitTests.WebAPI.Model.Server.RegisterRecorderModelTest" name="RegisterRecorderModel_ValidModel_Success" />
    </UnitTest>
    <UnitTest name="LicenseDocument_ThrowsUnsupportedLicensingModeError_OnLicenseWithChannelAndHardwareFlags" storage="d:\actions-runner\_work\xpco\xpco\corporate\shared\common.integration\tst\videoos.common.integration.unittests\bin\x64\debug\net472\videoos.common.integration.unittests.dll" id="1cc1352e-23f1-23c2-a2f4-88c714c592cb">
      <TestCategory>
        <TestCategoryItem TestCategory="LicenseDocumentTest" />
      </TestCategory>
      <Execution id="3f754b05-35e2-41c1-a13c-3c5097655a54" />
      <TestMethod codeBase="D:\actions-runner\_work\XPCO\XPCO\Corporate\Shared\Common.Integration\tst\VideoOS.Common.Integration.UnitTests\bin\x64\Debug\net472\VideoOS.Common.Integration.UnitTests.dll" adapterTypeName="executor://mstestadapter/v2" className="VideoOS.Common.Integration.UnitTests.License.LicenseDocumentTests" name="LicenseDocument_ThrowsUnsupportedLicensingModeError_OnLicenseWithChannelAndHardwareFlags" />
    </UnitTest>
    <UnitTest name="VersionExtensions_GetVersionWithoutBuild_Throws_ArgumentNullException" storage="d:\actions-runner\_work\xpco\xpco\corporate\shared\common.integration\tst\videoos.common.integration.unittests\bin\x64\debug\net472\videoos.common.integration.unittests.dll" id="8092d438-12f2-7e26-e0aa-1c71621892eb">
      <Execution id="70c8d4d0-919f-40d4-9eae-86166e3005bd" />
      <TestMethod codeBase="D:\actions-runner\_work\XPCO\XPCO\Corporate\Shared\Common.Integration\tst\VideoOS.Common.Integration.UnitTests\bin\x64\Debug\net472\VideoOS.Common.Integration.UnitTests.dll" adapterTypeName="executor://mstestadapter/v2" className="VideoOS.Common.Integration.UnitTests.Extensions.VersionExtensionsTests" name="VersionExtensions_GetVersionWithoutBuild_Throws_ArgumentNullException" />
    </UnitTest>
    <UnitTest name="GetAbsolutePtzPositionResponseModel_NoValuesSet_ValidationFailure" storage="d:\actions-runner\_work\xpco\xpco\corporate\shared\common.integration\tst\videoos.common.integration.unittests\bin\x64\debug\net472\videoos.common.integration.unittests.dll" id="6122daf1-aaaf-6c0f-5297-d862b037549b">
      <Execution id="13111ab2-d339-4f21-bb8d-b4db27357833" />
      <TestMethod codeBase="D:\actions-runner\_work\XPCO\XPCO\Corporate\Shared\Common.Integration\tst\VideoOS.Common.Integration.UnitTests\bin\x64\Debug\net472\VideoOS.Common.Integration.UnitTests.dll" adapterTypeName="executor://mstestadapter/v2" className="VideoOS.Common.Integration.UnitTests.WebAPI.Model.Server.Responses.GetAbsolutePtzPositionResponseModelTest" name="GetAbsolutePtzPositionResponseModel_NoValuesSet_ValidationFailure" />
    </UnitTest>
    <UnitTest name="MipActionModel_ValidModel_Success" storage="d:\actions-runner\_work\xpco\xpco\corporate\shared\common.integration\tst\videoos.common.integration.unittests\bin\x64\debug\net472\videoos.common.integration.unittests.dll" id="b5297b32-63e5-d445-fb49-5c5df5f61bec">
      <Execution id="cc2b3028-8b3b-4097-9804-b31c6bbee4ba" />
      <TestMethod codeBase="D:\actions-runner\_work\XPCO\XPCO\Corporate\Shared\Common.Integration\tst\VideoOS.Common.Integration.UnitTests\bin\x64\Debug\net472\VideoOS.Common.Integration.UnitTests.dll" adapterTypeName="executor://mstestadapter/v2" className="VideoOS.Common.Integration.UnitTests.WebAPI.Model.Server.MipActionModelTests" name="MipActionModel_ValidModel_Success" />
    </UnitTest>
    <UnitTest name="Decrypt_DataSetIsNull_ThrowsArgumentNullException" storage="d:\actions-runner\_work\xpco\xpco\corporate\shared\common.integration\tst\videoos.common.integration.unittests\bin\x64\debug\net472\videoos.common.integration.unittests.dll" id="cf84b7ec-cd7f-ae2c-d4fd-542c03ebdea9">
      <Execution id="c57d638b-b77a-4bab-b9bf-fb0e8cff1636" />
      <TestMethod codeBase="D:\actions-runner\_work\XPCO\XPCO\Corporate\Shared\Common.Integration\tst\VideoOS.Common.Integration.UnitTests\bin\x64\Debug\net472\VideoOS.Common.Integration.UnitTests.dll" adapterTypeName="executor://mstestadapter/v2" className="VideoOS.Common.Integration.UnitTests.Configuration.RecordingStorageTableAdapterTests" name="Decrypt_DataSetIsNull_ThrowsArgumentNullException" />
    </UnitTest>
    <UnitTest name="GetAggregateFeedsDictionary_ThrowsArgumentExceptionWhen_AggregateDictionaryValueNotFound" storage="d:\actions-runner\_work\xpco\xpco\corporate\shared\common.integration\tst\videoos.common.integration.unittests\bin\x64\debug\net472\videoos.common.integration.unittests.dll" id="2ea5ebff-e198-bbe0-8f1b-ba83de437259">
      <Execution id="b7f6c700-1705-4a4b-980a-b1bb08c2d162" />
      <TestMethod codeBase="D:\actions-runner\_work\XPCO\XPCO\Corporate\Shared\Common.Integration\tst\VideoOS.Common.Integration.UnitTests\bin\x64\Debug\net472\VideoOS.Common.Integration.UnitTests.dll" adapterTypeName="executor://mstestadapter/v2" className="VideoOS.Common.Integration.UnitTests.License.HardwareDictionaryTests" name="GetAggregateFeedsDictionary_ThrowsArgumentExceptionWhen_AggregateDictionaryValueNotFound" />
    </UnitTest>
    <UnitTest name="WhiteList_Model_CreateInstanceWithEmptyWhitelistParameter_Succeeds" storage="d:\actions-runner\_work\xpco\xpco\corporate\shared\common.integration\tst\videoos.common.integration.unittests\bin\x64\debug\net472\videoos.common.integration.unittests.dll" id="468dbc9b-87c4-cccb-27ee-88a267ee8242">
      <TestCategory>
        <TestCategoryItem TestCategory="Licensing" />
      </TestCategory>
      <Execution id="fb89c1f2-3236-49cb-ae69-80767615a6d7" />
      <TestMethod codeBase="D:\actions-runner\_work\XPCO\XPCO\Corporate\Shared\Common.Integration\tst\VideoOS.Common.Integration.UnitTests\bin\x64\Debug\net472\VideoOS.Common.Integration.UnitTests.dll" adapterTypeName="executor://mstestadapter/v2" className="VideoOS.Common.Integration.UnitTests.License.LicenseWhitelistTests" name="WhiteList_Model_CreateInstanceWithEmptyWhitelistParameter_Succeeds" />
    </UnitTest>
    <UnitTest name="Create_Mac_Address_Hash_String_Mac_String_Empty" storage="d:\actions-runner\_work\xpco\xpco\corporate\shared\common.integration\tst\videoos.common.integration.unittests\bin\x64\debug\net472\videoos.common.integration.unittests.dll" id="007246ce-570c-a007-eb42-8466afdc58c9">
      <Execution id="c9dda65b-b21c-4afb-8c84-c6c042947ef6" />
      <TestMethod codeBase="D:\actions-runner\_work\XPCO\XPCO\Corporate\Shared\Common.Integration\tst\VideoOS.Common.Integration.UnitTests\bin\x64\Debug\net472\VideoOS.Common.Integration.UnitTests.dll" adapterTypeName="executor://mstestadapter/v2" className="VideoOS.Common.Integration.UnitTests.License.MacAddressUtilitiesTest" name="Create_Mac_Address_Hash_String_Mac_String_Empty" />
    </UnitTest>
    <UnitTest name="CreateHttpUri_HttpsDefaultPort_UsePort0_BecomesHttpPort0" storage="d:\actions-runner\_work\xpco\xpco\corporate\shared\common.integration\tst\videoos.common.integration.unittests\bin\x64\debug\net472\videoos.common.integration.unittests.dll" id="37dea49a-b52b-ae1d-b76e-4cf26b121918">
      <TestCategory>
        <TestCategoryItem TestCategory="UriHandling" />
      </TestCategory>
      <Execution id="a2a17bcb-1931-4703-8951-39c456673f08" />
      <TestMethod codeBase="D:\actions-runner\_work\XPCO\XPCO\Corporate\Shared\Common.Integration\tst\VideoOS.Common.Integration.UnitTests\bin\x64\Debug\net472\VideoOS.Common.Integration.UnitTests.dll" adapterTypeName="executor://mstestadapter/v2" className="VideoOS.Common.Integration.UnitTests.Communication.UriHandlingUnitTests" name="CreateHttpUri_HttpsDefaultPort_UsePort0_BecomesHttpPort0" />
    </UnitTest>
    <UnitTest name="ResponseModel_EmptyToken_ValidationFailure" storage="d:\actions-runner\_work\xpco\xpco\corporate\shared\common.integration\tst\videoos.common.integration.unittests\bin\x64\debug\net472\videoos.common.integration.unittests.dll" id="158e73b6-09d2-3c34-669e-54356602b7ec">
      <Execution id="be41dd0a-1580-4e2d-a7ac-aff2bb533478" />
      <TestMethod codeBase="D:\actions-runner\_work\XPCO\XPCO\Corporate\Shared\Common.Integration\tst\VideoOS.Common.Integration.UnitTests\bin\x64\Debug\net472\VideoOS.Common.Integration.UnitTests.dll" adapterTypeName="executor://mstestadapter/v2" className="VideoOS.Common.Integration.UnitTests.WebAPI.Model.Recorder.Responses.ResponseModelTest" name="ResponseModel_EmptyToken_ValidationFailure" />
    </UnitTest>
    <UnitTest name="ToLogEntryAudit_ModelWithNullLogeDefinition_SuccessConvertion" storage="d:\actions-runner\_work\xpco\xpco\corporate\shared\common.integration\tst\videoos.common.integration.unittests\bin\x64\debug\net472\videoos.common.integration.unittests.dll" id="5f99bb54-888a-202b-ef35-3c50e50a7409">
      <Execution id="75b68fb2-3ff9-4981-b42c-fcc967c131f3" />
      <TestMethod codeBase="D:\actions-runner\_work\XPCO\XPCO\Corporate\Shared\Common.Integration\tst\VideoOS.Common.Integration.UnitTests\bin\x64\Debug\net472\VideoOS.Common.Integration.UnitTests.dll" adapterTypeName="executor://mstestadapter/v2" className="VideoOS.Common.Integration.UnitTests.WebAPI.Model.Server.LogEntryModelConverterTest" name="ToLogEntryAudit_ModelWithNullLogeDefinition_SuccessConvertion" />
    </UnitTest>
    <UnitTest name="CreateInstance_InvalidParam_localSettingsFile_EmptyString_Throws_ArgumentNullException" storage="d:\actions-runner\_work\xpco\xpco\corporate\shared\common.integration\tst\videoos.common.integration.unittests\bin\x64\debug\net472\videoos.common.integration.unittests.dll" id="5e72fdcb-d208-7bdf-a586-0c95eaa2d468">
      <Execution id="0bb2593c-5be6-4e05-a317-ce8b947a167a" />
      <TestMethod codeBase="D:\actions-runner\_work\XPCO\XPCO\Corporate\Shared\Common.Integration\tst\VideoOS.Common.Integration.UnitTests\bin\x64\Debug\net472\VideoOS.Common.Integration.UnitTests.dll" adapterTypeName="executor://mstestadapter/v2" className="VideoOS.Common.Integration.UnitTests.ServerValidation.LocalUserOptionsTests" name="CreateInstance_InvalidParam_localSettingsFile_EmptyString_Throws_ArgumentNullException" />
    </UnitTest>
    <UnitTest name="LicenseDocument_ValidateActivatedLicense_HardwareWithNoEnabledCameras_ShowsHardwareAsActivated" storage="d:\actions-runner\_work\xpco\xpco\corporate\shared\common.integration\tst\videoos.common.integration.unittests\bin\x64\debug\net472\videoos.common.integration.unittests.dll" id="1a61026f-b271-a5eb-73c1-1f856c7784d0">
      <TestCategory>
        <TestCategoryItem TestCategory="LicenseDocumentTest" />
      </TestCategory>
      <Execution id="0db2142f-23a5-4720-888e-68a8651e79f4" />
      <TestMethod codeBase="D:\actions-runner\_work\XPCO\XPCO\Corporate\Shared\Common.Integration\tst\VideoOS.Common.Integration.UnitTests\bin\x64\Debug\net472\VideoOS.Common.Integration.UnitTests.dll" adapterTypeName="executor://mstestadapter/v2" className="VideoOS.Common.Integration.UnitTests.License.LicenseDocumentTests" name="LicenseDocument_ValidateActivatedLicense_HardwareWithNoEnabledCameras_ShowsHardwareAsActivated" />
    </UnitTest>
    <UnitTest name="Constructor_BaseAddressIsNull_ArgumentNullExceptionThrown" storage="d:\actions-runner\_work\xpco\xpco\corporate\shared\common.integration\tst\videoos.common.integration.unittests\bin\x64\debug\net472\videoos.common.integration.unittests.dll" id="5b07b8b5-0843-c362-828d-b7a85b237cff">
      <Execution id="8353a779-af75-441f-8157-cdb8f51de64b" />
      <TestMethod codeBase="D:\actions-runner\_work\XPCO\XPCO\Corporate\Shared\Common.Integration\tst\VideoOS.Common.Integration.UnitTests\bin\x64\Debug\net472\VideoOS.Common.Integration.UnitTests.dll" adapterTypeName="executor://mstestadapter/v2" className="VideoOS.Common.Integration.WebApi.HttpClientCommunicatorUnitTests" name="Constructor_BaseAddressIsNull_ArgumentNullExceptionThrown" />
    </UnitTest>
    <UnitTest name="Validate_PopulateFirstEightRowsOfGrid_Success" storage="d:\actions-runner\_work\xpco\xpco\corporate\shared\common.integration\tst\videoos.common.integration.unittests\bin\x64\debug\net472\videoos.common.integration.unittests.dll" id="48c641f4-06f7-80ae-39dd-d393ba577b64">
      <Execution id="31cc23e1-0f68-4b82-b361-e1c836d373a1" />
      <TestMethod codeBase="D:\actions-runner\_work\XPCO\XPCO\Corporate\Shared\Common.Integration\tst\VideoOS.Common.Integration.UnitTests\bin\x64\Debug\net472\VideoOS.Common.Integration.UnitTests.dll" adapterTypeName="executor://mstestadapter/v2" className="VideoOS.Common.Integration.UnitTests.License.LicenseReportGeneratorTests" name="Validate_PopulateFirstEightRowsOfGrid_Success" />
    </UnitTest>
    <UnitTest name="TestMergeGridAreaWithNonIntegerScalingFactorSecondAreaLarger" storage="d:\actions-runner\_work\xpco\xpco\corporate\shared\common.integration\tst\videoos.common.integration.unittests\bin\x64\debug\net472\videoos.common.integration.unittests.dll" id="0f71beb8-8234-9e66-2883-a16e9eed4485">
      <Execution id="5225425d-512a-43fa-9700-ffdbf88a9db0" />
      <TestMethod codeBase="D:\actions-runner\_work\XPCO\XPCO\Corporate\Shared\Common.Integration\tst\VideoOS.Common.Integration.UnitTests\bin\x64\Debug\net472\VideoOS.Common.Integration.UnitTests.dll" adapterTypeName="executor://mstestadapter/v2" className="VideoOS.Common.Integration.UnitTests.Configuration.FillableGridAreaUnitTest" name="TestMergeGridAreaWithNonIntegerScalingFactorSecondAreaLarger" />
    </UnitTest>
    <UnitTest name="Decrypt_DataSetHasEmptyPassword_PasswordIsStillEmpty" storage="d:\actions-runner\_work\xpco\xpco\corporate\shared\common.integration\tst\videoos.common.integration.unittests\bin\x64\debug\net472\videoos.common.integration.unittests.dll" id="2c5af7c3-c486-9f5c-c05d-ad45a428b434">
      <Execution id="22a4fcbd-f019-4f36-9ebc-840390b03bbc" />
      <TestMethod codeBase="D:\actions-runner\_work\XPCO\XPCO\Corporate\Shared\Common.Integration\tst\VideoOS.Common.Integration.UnitTests\bin\x64\Debug\net472\VideoOS.Common.Integration.UnitTests.dll" adapterTypeName="executor://mstestadapter/v2" className="VideoOS.Common.Integration.UnitTests.Configuration.HostedHardwareTableAdapterTests" name="Decrypt_DataSetHasEmptyPassword_PasswordIsStillEmpty" />
    </UnitTest>
    <UnitTest name="CalculateLicenseRequirements_TwoEnabledCameras_TwoDisabledCameras_NotWhitelisted_RequiresTwoLicenses" storage="d:\actions-runner\_work\xpco\xpco\corporate\shared\common.integration\tst\videoos.common.integration.unittests\bin\x64\debug\net472\videoos.common.integration.unittests.dll" id="f010b793-931b-684d-d2ea-48b39359569d">
      <Execution id="979039e4-f63f-46fa-8e1b-b3bba1238734" />
      <TestMethod codeBase="D:\actions-runner\_work\XPCO\XPCO\Corporate\Shared\Common.Integration\tst\VideoOS.Common.Integration.UnitTests\bin\x64\Debug\net472\VideoOS.Common.Integration.UnitTests.dll" adapterTypeName="executor://mstestadapter/v2" className="VideoOS.Common.Integration.UnitTests.License.LicenseCalculatorTests" name="CalculateLicenseRequirements_TwoEnabledCameras_TwoDisabledCameras_NotWhitelisted_RequiresTwoLicenses" />
    </UnitTest>
    <UnitTest name="HardwareScanModel_Validate_Failed" storage="d:\actions-runner\_work\xpco\xpco\corporate\shared\common.integration\tst\videoos.common.integration.unittests\bin\x64\debug\net472\videoos.common.integration.unittests.dll" id="64eb099e-d5b4-daa7-2772-ad681c8ba86e">
      <Execution id="e3ae5128-57c6-4a50-a980-e21470412b21" />
      <TestMethod codeBase="D:\actions-runner\_work\XPCO\XPCO\Corporate\Shared\Common.Integration\tst\VideoOS.Common.Integration.UnitTests\bin\x64\Debug\net472\VideoOS.Common.Integration.UnitTests.dll" adapterTypeName="executor://mstestadapter/v2" className="VideoOS.Common.Integration.UnitTests.WebAPI.Model.HardwareScanModelTest" name="HardwareScanModel_Validate_Failed" />
    </UnitTest>
    <UnitTest name="ServiceContainer_GetService_InstanceNotFound_ReturnsNull" storage="d:\actions-runner\_work\xpco\xpco\corporate\shared\common.integration\tst\videoos.common.integration.unittests\bin\x64\debug\net472\videoos.common.integration.unittests.dll" id="5379854c-5a53-d1d1-17a2-fdf8ef07efce">
      <TestCategory>
        <TestCategoryItem TestCategory="ServiceContainer" />
      </TestCategory>
      <Execution id="ddeb3191-bd98-4609-9f12-22f93f382a3a" />
      <TestMethod codeBase="D:\actions-runner\_work\XPCO\XPCO\Corporate\Shared\Common.Integration\tst\VideoOS.Common.Integration.UnitTests\bin\x64\Debug\net472\VideoOS.Common.Integration.UnitTests.dll" adapterTypeName="executor://mstestadapter/v2" className="VideoOS.Common.Integration.ServiceContainerTests.ServiceContainerUnitTests" name="ServiceContainer_GetService_InstanceNotFound_ReturnsNull" />
    </UnitTest>
    <UnitTest name="EventMetadataTimestampParsesTimezonesCorrectly" storage="d:\actions-runner\_work\xpco\xpco\corporate\shared\common.integration\tst\videoos.common.integration.unittests\bin\x64\debug\net472\videoos.common.integration.unittests.dll" id="f6328b9f-b052-e3f8-6080-2632707fb0d3">
      <Execution id="ca3a3ce6-d608-4883-9ac6-53094d19cb1c" />
      <TestMethod codeBase="D:\actions-runner\_work\XPCO\XPCO\Corporate\Shared\Common.Integration\tst\VideoOS.Common.Integration.UnitTests\bin\x64\Debug\net472\VideoOS.Common.Integration.UnitTests.dll" adapterTypeName="executor://mstestadapter/v2" className="VideoOS.Common.Integration.UnitTests.Rules.RuleEventsTests" name="EventMetadataTimestampParsesTimezonesCorrectly" />
    </UnitTest>
    <UnitTest name="CreateHttpsUri_HttpNonDefaultPort_UsePort88_BecomesHttpsPort88" storage="d:\actions-runner\_work\xpco\xpco\corporate\shared\common.integration\tst\videoos.common.integration.unittests\bin\x64\debug\net472\videoos.common.integration.unittests.dll" id="dc1eee07-1844-2450-60be-2970ae788a8f">
      <TestCategory>
        <TestCategoryItem TestCategory="UriHandling" />
      </TestCategory>
      <Execution id="dc630b9f-a244-4718-93b0-ba1b63a2b7d8" />
      <TestMethod codeBase="D:\actions-runner\_work\XPCO\XPCO\Corporate\Shared\Common.Integration\tst\VideoOS.Common.Integration.UnitTests\bin\x64\Debug\net472\VideoOS.Common.Integration.UnitTests.dll" adapterTypeName="executor://mstestadapter/v2" className="VideoOS.Common.Integration.UnitTests.Communication.UriHandlingUnitTests" name="CreateHttpsUri_HttpNonDefaultPort_UsePort88_BecomesHttpsPort88" />
    </UnitTest>
    <UnitTest name="CertificateSelection2_FromCertificateHash_GoodHash_DoesNotReturnNoSelection" storage="d:\actions-runner\_work\xpco\xpco\corporate\shared\common.integration\tst\videoos.common.integration.unittests\bin\x64\debug\net472\videoos.common.integration.unittests.dll" id="614b25d2-4e64-81da-811c-e98afd41cfa9">
      <Execution id="dc09f589-773f-48bb-bbc3-0f40b3d249ee" />
      <TestMethod codeBase="D:\actions-runner\_work\XPCO\XPCO\Corporate\Shared\Common.Integration\tst\VideoOS.Common.Integration.UnitTests\bin\x64\Debug\net472\VideoOS.Common.Integration.UnitTests.dll" adapterTypeName="executor://mstestadapter/v2" className="VideoOS.Common.Integration.UnitTests.CertificateHandling.CertificateSelection2Tests" name="CertificateSelection2_FromCertificateHash_GoodHash_DoesNotReturnNoSelection" />
    </UnitTest>
    <UnitTest name="FindFrameIdx_TimeF1" storage="d:\actions-runner\_work\xpco\xpco\corporate\shared\common.integration\tst\videoos.common.integration.unittests\bin\x64\debug\net472\videoos.common.integration.unittests.dll" id="d3a91505-cd4a-baa1-50b1-44dfab733a98">
      <Execution id="30211892-4ab5-42c0-aa3b-44967601470e" />
      <TestMethod codeBase="D:\actions-runner\_work\XPCO\XPCO\Corporate\Shared\Common.Integration\tst\VideoOS.Common.Integration.UnitTests\bin\x64\Debug\net472\VideoOS.Common.Integration.UnitTests.dll" adapterTypeName="executor://mstestadapter/v2" className="VideoOS.Common.Integration.UnitTests.GenericGopTest" name="FindFrameIdx_TimeF1" />
    </UnitTest>
    <UnitTest name="FeatureManager_TryGetFeatureParameterValue_EmptyValue" storage="d:\actions-runner\_work\xpco\xpco\corporate\shared\common.integration\tst\videoos.common.integration.unittests\bin\x64\debug\net472\videoos.common.integration.unittests.dll" id="a63d3def-93ce-1a37-9ea6-79b3c23a80e2">
      <Execution id="c45995b3-1ae6-413a-a239-3bc42f6d4c82" />
      <TestMethod codeBase="D:\actions-runner\_work\XPCO\XPCO\Corporate\Shared\Common.Integration\tst\VideoOS.Common.Integration.UnitTests\bin\x64\Debug\net472\VideoOS.Common.Integration.UnitTests.dll" adapterTypeName="executor://mstestadapter/v2" className="VideoOS.Common.Integration.UnitTests.License.FeatureManagerTest" name="FeatureManager_TryGetFeatureParameterValue_EmptyValue" />
    </UnitTest>
    <UnitTest name="SendAsync_NoError_TaskIsExecuted" storage="d:\actions-runner\_work\xpco\xpco\corporate\shared\common.integration\tst\videoos.common.integration.unittests\bin\x64\debug\net472\videoos.common.integration.unittests.dll" id="0d438174-d8c1-38ec-e949-22ca42949896">
      <Execution id="1f41c503-b7c5-4d5b-ac08-169c126cc5ee" />
      <TestMethod codeBase="D:\actions-runner\_work\XPCO\XPCO\Corporate\Shared\Common.Integration\tst\VideoOS.Common.Integration.UnitTests\bin\x64\Debug\net472\VideoOS.Common.Integration.UnitTests.dll" adapterTypeName="executor://mstestadapter/v2" className="VideoOS.Common.Integration.WebApi.HttpClientCommunicatorUnitTests" name="SendAsync_NoError_TaskIsExecuted" />
    </UnitTest>
    <UnitTest name="Validate_ExactMatch_Found_Success" storage="d:\actions-runner\_work\xpco\xpco\corporate\shared\common.integration\tst\videoos.common.integration.unittests\bin\x64\debug\net472\videoos.common.integration.unittests.dll" id="6986fc2f-124d-e182-9075-98049f0ee571">
      <Execution id="a7c9c3e6-65f1-4db9-abc1-8eee343fb4fa" />
      <TestMethod codeBase="D:\actions-runner\_work\XPCO\XPCO\Corporate\Shared\Common.Integration\tst\VideoOS.Common.Integration.UnitTests\bin\x64\Debug\net472\VideoOS.Common.Integration.UnitTests.dll" adapterTypeName="executor://mstestadapter/v2" className="VideoOS.Common.Integration.UnitTests.License.WhitelistMatchHelperTests" name="Validate_ExactMatch_Found_Success" />
    </UnitTest>
    <UnitTest name="HardwareSetupInformationModel_Validate_Success" storage="d:\actions-runner\_work\xpco\xpco\corporate\shared\common.integration\tst\videoos.common.integration.unittests\bin\x64\debug\net472\videoos.common.integration.unittests.dll" id="b10fc2a9-1cc5-f00f-3149-ac6258cd1480">
      <Execution id="3d146d4c-88f3-4d8d-adf8-6a58bd1b56cb" />
      <TestMethod codeBase="D:\actions-runner\_work\XPCO\XPCO\Corporate\Shared\Common.Integration\tst\VideoOS.Common.Integration.UnitTests\bin\x64\Debug\net472\VideoOS.Common.Integration.UnitTests.dll" adapterTypeName="executor://mstestadapter/v2" className="VideoOS.Common.Integration.UnitTests.WebAPI.Model.HardwareSetupInformationModelTest" name="HardwareSetupInformationModel_Validate_Success" />
    </UnitTest>
    <UnitTest name="ModelValidation_ValidModel_Success" storage="d:\actions-runner\_work\xpco\xpco\corporate\shared\common.integration\tst\videoos.common.integration.unittests\bin\x64\debug\net472\videoos.common.integration.unittests.dll" id="c9399038-9335-219b-086e-45a33a5c904b">
      <Execution id="58762919-60ae-451e-9998-0b7404bc337d" />
      <TestMethod codeBase="D:\actions-runner\_work\XPCO\XPCO\Corporate\Shared\Common.Integration\tst\VideoOS.Common.Integration.UnitTests\bin\x64\Debug\net472\VideoOS.Common.Integration.UnitTests.dll" adapterTypeName="executor://mstestadapter/v2" className="VideoOS.Common.Integration.UnitTests.WebAPI.Model.RecorderTaskFailedModelTest" name="ModelValidation_ValidModel_Success" />
    </UnitTest>
    <UnitTest name="CheckAllMIPFiltersKindsTestNotOk7" storage="d:\actions-runner\_work\xpco\xpco\corporate\shared\common.integration\tst\videoos.common.integration.unittests\bin\x64\debug\net472\videoos.common.integration.unittests.dll" id="4820a864-02ac-6cba-a615-5484ed479c37">
      <TestCategory>
        <TestCategoryItem TestCategory="Rules.MIPFilter" />
      </TestCategory>
      <Execution id="f74545ba-45ec-4b85-8a76-57a7dea8f9e9" />
      <TestMethod codeBase="D:\actions-runner\_work\XPCO\XPCO\Corporate\Shared\Common.Integration\tst\VideoOS.Common.Integration.UnitTests\bin\x64\Debug\net472\VideoOS.Common.Integration.UnitTests.dll" adapterTypeName="executor://mstestadapter/v2" className="VideoOS.Common.Integration.UnitTests.Rules.MIPFilterTest" name="CheckAllMIPFiltersKindsTestNotOk7" />
    </UnitTest>
    <UnitTest name="GroupConfigurationAddGroupsLevelsDeleteSome" storage="d:\actions-runner\_work\xpco\xpco\corporate\shared\common.integration\tst\videoos.common.integration.unittests\bin\x64\debug\net472\videoos.common.integration.unittests.dll" id="0483b188-54aa-582f-d50c-01881d8e2d5d">
      <TestCategory>
        <TestCategoryItem TestCategory="Rules.GroupConfiguration" />
      </TestCategory>
      <Execution id="ec010c55-f350-4edc-9a5c-aa8c4bf0f65f" />
      <TestMethod codeBase="D:\actions-runner\_work\XPCO\XPCO\Corporate\Shared\Common.Integration\tst\VideoOS.Common.Integration.UnitTests\bin\x64\Debug\net472\VideoOS.Common.Integration.UnitTests.dll" adapterTypeName="executor://mstestadapter/v2" className="VideoOS.Common.Integration.UnitTests.Rules.GroupConfigurationTest" name="GroupConfigurationAddGroupsLevelsDeleteSome" />
    </UnitTest>
    <UnitTest name="Update_XmlHasPassword_PasswordIsTransformed" storage="d:\actions-runner\_work\xpco\xpco\corporate\shared\common.integration\tst\videoos.common.integration.unittests\bin\x64\debug\net472\videoos.common.integration.unittests.dll" id="371b90b8-b56b-cd39-df1f-1e1867989cd4">
      <Execution id="90980994-c762-4c1b-899f-b9fceedaed0c" />
      <TestMethod codeBase="D:\actions-runner\_work\XPCO\XPCO\Corporate\Shared\Common.Integration\tst\VideoOS.Common.Integration.UnitTests\bin\x64\Debug\net472\VideoOS.Common.Integration.UnitTests.dll" adapterTypeName="executor://mstestadapter/v2" className="VideoOS.Common.Integration.UnitTests.Configuration.ConfigurationDataSetEncryption.ChangeHardwarePasswordEncryptionTests" name="Update_XmlHasPassword_PasswordIsTransformed" />
    </UnitTest>
    <UnitTest name="SecurityManager_HasDevicePermission_ViewLive_Group_Denied" storage="d:\actions-runner\_work\xpco\xpco\corporate\shared\common.integration\tst\videoos.common.integration.unittests\bin\x64\debug\net472\videoos.common.integration.unittests.dll" id="bd61969b-49ad-3c82-14b4-6c7bc0436022">
      <Execution id="8c81e490-0d36-4ab5-ad21-fea060b1b474" />
      <TestMethod codeBase="D:\actions-runner\_work\XPCO\XPCO\Corporate\Shared\Common.Integration\tst\VideoOS.Common.Integration.UnitTests\bin\x64\Debug\net472\VideoOS.Common.Integration.UnitTests.dll" adapterTypeName="executor://mstestadapter/v2" className="VideoOS.Common.Integration.UnitTests.Security.SecurityManagerUnitTests" name="SecurityManager_HasDevicePermission_ViewLive_Group_Denied" />
    </UnitTest>
    <UnitTest name="Transform_XmlWithCredentialsListXml_PasswordsChanged" storage="d:\actions-runner\_work\xpco\xpco\corporate\shared\common.integration\tst\videoos.common.integration.unittests\bin\x64\debug\net472\videoos.common.integration.unittests.dll" id="59013b7e-e03f-2fc2-bf78-c391942297eb">
      <Execution id="faaa0f95-d55c-45c5-a5f8-59abe2ccc1bb" />
      <TestMethod codeBase="D:\actions-runner\_work\XPCO\XPCO\Corporate\Shared\Common.Integration\tst\VideoOS.Common.Integration.UnitTests\bin\x64\Debug\net472\VideoOS.Common.Integration.UnitTests.dll" adapterTypeName="executor://mstestadapter/v2" className="VideoOS.Common.Integration.UnitTests.Configuration.ConfigurationDataSetEncryption.HardwareScanExpressEncryptionTests" name="Transform_XmlWithCredentialsListXml_PasswordsChanged" />
    </UnitTest>
    <UnitTest name="CreateHttpsUri_NullString_PortSpecified_ThrowsInvalidOperationException" storage="d:\actions-runner\_work\xpco\xpco\corporate\shared\common.integration\tst\videoos.common.integration.unittests\bin\x64\debug\net472\videoos.common.integration.unittests.dll" id="9dfccd12-d1ec-f387-9e0e-0302280e9cb3">
      <TestCategory>
        <TestCategoryItem TestCategory="UriHandling" />
      </TestCategory>
      <Execution id="0d9f6bb6-eb23-4a40-af88-04d0b7be1709" />
      <TestMethod codeBase="D:\actions-runner\_work\XPCO\XPCO\Corporate\Shared\Common.Integration\tst\VideoOS.Common.Integration.UnitTests\bin\x64\Debug\net472\VideoOS.Common.Integration.UnitTests.dll" adapterTypeName="executor://mstestadapter/v2" className="VideoOS.Common.Integration.UnitTests.Communication.UriHandlingUnitTests" name="CreateHttpsUri_NullString_PortSpecified_ThrowsInvalidOperationException" />
    </UnitTest>
    <UnitTest name="GetServerSNMPId_RecordingServerEvent" storage="d:\actions-runner\_work\xpco\xpco\corporate\shared\common.integration\tst\videoos.common.integration.unittests\bin\x64\debug\net472\videoos.common.integration.unittests.dll" id="fc139a75-8e92-2cdc-a74b-7704ee99f36e">
      <Execution id="5bd43e37-97f0-406c-b426-d3f516472019" />
      <TestMethod codeBase="D:\actions-runner\_work\XPCO\XPCO\Corporate\Shared\Common.Integration\tst\VideoOS.Common.Integration.UnitTests\bin\x64\Debug\net472\VideoOS.Common.Integration.UnitTests.dll" adapterTypeName="executor://mstestadapter/v2" className="VideoOS.Common.Integration.UnitTests.Definition.Event.BuiltInEventTypesTest" name="GetServerSNMPId_RecordingServerEvent" />
    </UnitTest>
    <UnitTest name="CreateHttpUri_NoSchemeWithPort_UsePort444_BecomesHttpsPort444" storage="d:\actions-runner\_work\xpco\xpco\corporate\shared\common.integration\tst\videoos.common.integration.unittests\bin\x64\debug\net472\videoos.common.integration.unittests.dll" id="b6fa179e-af5a-a8b7-baa1-7671149ebf45">
      <TestCategory>
        <TestCategoryItem TestCategory="UriHandling" />
      </TestCategory>
      <Execution id="7178f09f-efcd-4226-8651-58356b5ecd09" />
      <TestMethod codeBase="D:\actions-runner\_work\XPCO\XPCO\Corporate\Shared\Common.Integration\tst\VideoOS.Common.Integration.UnitTests\bin\x64\Debug\net472\VideoOS.Common.Integration.UnitTests.dll" adapterTypeName="executor://mstestadapter/v2" className="VideoOS.Common.Integration.UnitTests.Communication.UriHandlingUnitTests" name="CreateHttpUri_NoSchemeWithPort_UsePort444_BecomesHttpsPort444" />
    </UnitTest>
    <UnitTest name="LicenseDocument_GetICPFeedLicenses" storage="d:\actions-runner\_work\xpco\xpco\corporate\shared\common.integration\tst\videoos.common.integration.unittests\bin\x64\debug\net472\videoos.common.integration.unittests.dll" id="59cd21ac-2d72-897f-3573-0de9e8dc1d9d">
      <TestCategory>
        <TestCategoryItem TestCategory="LicenseDocumentTest" />
      </TestCategory>
      <Execution id="59ff491d-8596-4e2b-a7e3-15a221ee6366" />
      <TestMethod codeBase="D:\actions-runner\_work\XPCO\XPCO\Corporate\Shared\Common.Integration\tst\VideoOS.Common.Integration.UnitTests\bin\x64\Debug\net472\VideoOS.Common.Integration.UnitTests.dll" adapterTypeName="executor://mstestadapter/v2" className="VideoOS.Common.Integration.UnitTests.License.LicenseDocumentTests" name="LicenseDocument_GetICPFeedLicenses" />
    </UnitTest>
    <UnitTest name="StreamsConfiguration_ValidateConfiguration_NonExistingStream_UnknownStreamError" storage="d:\actions-runner\_work\xpco\xpco\corporate\shared\common.integration\tst\videoos.common.integration.unittests\bin\x64\debug\net472\videoos.common.integration.unittests.dll" id="1b77a11b-09d6-cae8-55f2-6ec94fecd3fe">
      <Execution id="6e76ec8a-0d54-41ed-97a6-2bd6f0202e35" />
      <TestMethod codeBase="D:\actions-runner\_work\XPCO\XPCO\Corporate\Shared\Common.Integration\tst\VideoOS.Common.Integration.UnitTests\bin\x64\Debug\net472\VideoOS.Common.Integration.UnitTests.dll" adapterTypeName="executor://mstestadapter/v2" className="VideoOS.Common.Integration.UnitTests.StreamsConfigurationUnitTests" name="StreamsConfiguration_ValidateConfiguration_NonExistingStream_UnknownStreamError" />
    </UnitTest>
    <UnitTest name="ReadIdentityFromCache_NullSid" storage="d:\actions-runner\_work\xpco\xpco\corporate\shared\common.integration\tst\videoos.common.integration.unittests\bin\x64\debug\net472\videoos.common.integration.unittests.dll" id="92164469-7e24-648d-869e-3cfcc71a208f">
      <Execution id="7ca0c8a4-c4a9-4f85-a974-a8d8d2837a69" />
      <TestMethod codeBase="D:\actions-runner\_work\XPCO\XPCO\Corporate\Shared\Common.Integration\tst\VideoOS.Common.Integration.UnitTests\bin\x64\Debug\net472\VideoOS.Common.Integration.UnitTests.dll" adapterTypeName="executor://mstestadapter/v2" className="VideoOS.Common.Integration.UnitTests.Caching.SecurityIdentityCacheUnitTests" name="ReadIdentityFromCache_NullSid" />
    </UnitTest>
    <UnitTest name="LicenseActivationService_AcquireLicense_LicenseNotAllowed_DlkRemovalExceeded" storage="d:\actions-runner\_work\xpco\xpco\corporate\shared\common.integration\tst\videoos.common.integration.unittests\bin\x64\debug\net472\videoos.common.integration.unittests.dll" id="08cf66a7-a320-c431-7d8b-29a67d292ddf">
      <Execution id="5efc4cda-1108-4f68-b638-f2d14bad78c7" />
      <TestMethod codeBase="D:\actions-runner\_work\XPCO\XPCO\Corporate\Shared\Common.Integration\tst\VideoOS.Common.Integration.UnitTests\bin\x64\Debug\net472\VideoOS.Common.Integration.UnitTests.dll" adapterTypeName="executor://mstestadapter/v2" className="VideoOS.Common.Integration.UnitTests.License.LicenseActivationServiceTests" name="LicenseActivationService_AcquireLicense_LicenseNotAllowed_DlkRemovalExceeded" />
    </UnitTest>
    <UnitTest name="LicenseDocument_ActivatedDate__ReturnsMinDate_OnNoActivatedNodeInXml" storage="d:\actions-runner\_work\xpco\xpco\corporate\shared\common.integration\tst\videoos.common.integration.unittests\bin\x64\debug\net472\videoos.common.integration.unittests.dll" id="0c82128a-6ae3-e05a-aa69-3b6f049e0b27">
      <TestCategory>
        <TestCategoryItem TestCategory="LicenseDocumentTest" />
      </TestCategory>
      <Execution id="f60ac227-b554-4917-9493-01f0d481d5ee" />
      <TestMethod codeBase="D:\actions-runner\_work\XPCO\XPCO\Corporate\Shared\Common.Integration\tst\VideoOS.Common.Integration.UnitTests\bin\x64\Debug\net472\VideoOS.Common.Integration.UnitTests.dll" adapterTypeName="executor://mstestadapter/v2" className="VideoOS.Common.Integration.UnitTests.License.LicenseDocumentTests" name="LicenseDocument_ActivatedDate__ReturnsMinDate_OnNoActivatedNodeInXml" />
    </UnitTest>
    <UnitTest name="ScheduledTimeReachedFunctionOneSecondAfterTriggerTimeTest" storage="d:\actions-runner\_work\xpco\xpco\corporate\shared\common.integration\tst\videoos.common.integration.unittests\bin\x64\debug\net472\videoos.common.integration.unittests.dll" id="c1426c9a-c6b9-d2a8-9060-49b1d7b4553b">
      <Execution id="59a8b09e-40ed-4e10-ab38-d68a6bbd74b4" />
      <TestMethod codeBase="D:\actions-runner\_work\XPCO\XPCO\Corporate\Shared\Common.Integration\tst\VideoOS.Common.Integration.UnitTests\bin\x64\Debug\net472\VideoOS.Common.Integration.UnitTests.dll" adapterTypeName="executor://mstestadapter/v2" className="VideoOS.Common.Integration.UnitTests.Rules.ScheduledTimeReachedFunctionTest" name="ScheduledTimeReachedFunctionOneSecondAfterTriggerTimeTest" />
    </UnitTest>
    <UnitTest name="LicenseDocument_RetrievesEmptySystemBuilderManufacturerId_Success" storage="d:\actions-runner\_work\xpco\xpco\corporate\shared\common.integration\tst\videoos.common.integration.unittests\bin\x64\debug\net472\videoos.common.integration.unittests.dll" id="2a5d33c9-3f95-f6d5-9adc-0bbf81131515">
      <TestCategory>
        <TestCategoryItem TestCategory="LicenseDocumentTest" />
      </TestCategory>
      <Execution id="90b05cf5-4d8f-4057-ab81-3f24848df8d0" />
      <TestMethod codeBase="D:\actions-runner\_work\XPCO\XPCO\Corporate\Shared\Common.Integration\tst\VideoOS.Common.Integration.UnitTests\bin\x64\Debug\net472\VideoOS.Common.Integration.UnitTests.dll" adapterTypeName="executor://mstestadapter/v2" className="VideoOS.Common.Integration.UnitTests.License.LicenseDocumentTests" name="LicenseDocument_RetrievesEmptySystemBuilderManufacturerId_Success" />
    </UnitTest>
    <UnitTest name="Misc_Methods" storage="d:\actions-runner\_work\xpco\xpco\corporate\shared\common.integration\tst\videoos.common.integration.unittests\bin\x64\debug\net472\videoos.common.integration.unittests.dll" id="0d6e2af5-6eb0-8801-3d1a-a1a6adc43bf5">
      <Execution id="dcf38e29-2627-42c3-a41f-cfd9a98ce368" />
      <TestMethod codeBase="D:\actions-runner\_work\XPCO\XPCO\Corporate\Shared\Common.Integration\tst\VideoOS.Common.Integration.UnitTests\bin\x64\Debug\net472\VideoOS.Common.Integration.UnitTests.dll" adapterTypeName="executor://mstestadapter/v2" className="VideoOS.Common.Integration.UnitTests.GenericGopTest" name="Misc_Methods" />
    </UnitTest>
    <UnitTest name="Index_RemoveKey_RemovesAllItems" storage="d:\actions-runner\_work\xpco\xpco\corporate\shared\common.integration\tst\videoos.common.integration.unittests\bin\x64\debug\net472\videoos.common.integration.unittests.dll" id="804169fe-a6e7-52e2-fbc4-9832811886a8">
      <Execution id="508b20ed-2b59-4beb-8ffc-c04222d58850" />
      <TestMethod codeBase="D:\actions-runner\_work\XPCO\XPCO\Corporate\Shared\Common.Integration\tst\VideoOS.Common.Integration.UnitTests\bin\x64\Debug\net472\VideoOS.Common.Integration.UnitTests.dll" adapterTypeName="executor://mstestadapter/v2" className="VideoOS.Common.Integration.UnitTests.IndexedCollectionUnitTests" name="Index_RemoveKey_RemovesAllItems" />
    </UnitTest>
    <UnitTest name="GetAggregatedFeeds_ThrowException_WhenNullOrWhiteSpace" storage="d:\actions-runner\_work\xpco\xpco\corporate\shared\common.integration\tst\videoos.common.integration.unittests\bin\x64\debug\net472\videoos.common.integration.unittests.dll" id="94e8e813-abcf-ce79-d603-8f14a86e9183">
      <Execution id="c70c697d-d3da-4fad-bfc5-312882b97e3a" />
      <TestMethod codeBase="D:\actions-runner\_work\XPCO\XPCO\Corporate\Shared\Common.Integration\tst\VideoOS.Common.Integration.UnitTests\bin\x64\Debug\net472\VideoOS.Common.Integration.UnitTests.dll" adapterTypeName="executor://mstestadapter/v2" className="VideoOS.Common.Integration.UnitTests.License.HardwareDictionaryTests" name="GetAggregatedFeeds_ThrowException_WhenNullOrWhiteSpace" />
    </UnitTest>
    <UnitTest name="WhiteList_CreateInstanceWithoutMaximumChannelCountParameter_RaisesArgumentException" storage="d:\actions-runner\_work\xpco\xpco\corporate\shared\common.integration\tst\videoos.common.integration.unittests\bin\x64\debug\net472\videoos.common.integration.unittests.dll" id="c0ed7c55-f872-0c35-b261-4eb353a0c177">
      <TestCategory>
        <TestCategoryItem TestCategory="Licensing" />
      </TestCategory>
      <Execution id="8c64f181-9ae1-4d71-a909-f0fbbc6d7f7e" />
      <TestMethod codeBase="D:\actions-runner\_work\XPCO\XPCO\Corporate\Shared\Common.Integration\tst\VideoOS.Common.Integration.UnitTests\bin\x64\Debug\net472\VideoOS.Common.Integration.UnitTests.dll" adapterTypeName="executor://mstestadapter/v2" className="VideoOS.Common.Integration.UnitTests.License.LicenseWhitelistTests" name="WhiteList_CreateInstanceWithoutMaximumChannelCountParameter_RaisesArgumentException" />
    </UnitTest>
    <UnitTest name="BaseHtmlLicenseReport_CreatePNode_WithClassName_NullText_Success" storage="d:\actions-runner\_work\xpco\xpco\corporate\shared\common.integration\tst\videoos.common.integration.unittests\bin\x64\debug\net472\videoos.common.integration.unittests.dll" id="6d17ce2d-1c67-381e-ed2e-b6452adf0f8e">
      <Execution id="38fa484a-3008-4397-9ef3-97af74ebe973" />
      <TestMethod codeBase="D:\actions-runner\_work\XPCO\XPCO\Corporate\Shared\Common.Integration\tst\VideoOS.Common.Integration.UnitTests\bin\x64\Debug\net472\VideoOS.Common.Integration.UnitTests.dll" adapterTypeName="executor://mstestadapter/v2" className="VideoOS.Common.Integration.UnitTests.License.BaseHtmlLicenseReportTests" name="BaseHtmlLicenseReport_CreatePNode_WithClassName_NullText_Success" />
    </UnitTest>
    <UnitTest name="ModelValidation_NonEmptyGuidsAreEmpty_Failed" storage="d:\actions-runner\_work\xpco\xpco\corporate\shared\common.integration\tst\videoos.common.integration.unittests\bin\x64\debug\net472\videoos.common.integration.unittests.dll" id="5db8d586-9bdd-f2f1-2cdf-0a275641de5c">
      <Execution id="164f873a-33b7-4d22-84c2-71c16b1aa3eb" />
      <TestMethod codeBase="D:\actions-runner\_work\XPCO\XPCO\Corporate\Shared\Common.Integration\tst\VideoOS.Common.Integration.UnitTests\bin\x64\Debug\net472\VideoOS.Common.Integration.UnitTests.dll" adapterTypeName="executor://mstestadapter/v2" className="VideoOS.Common.Integration.UnitTests.WebAPI.Model.SynchronizeDevicePresetsModelTest" name="ModelValidation_NonEmptyGuidsAreEmpty_Failed" />
    </UnitTest>
    <UnitTest name="FeatureManager_GetFeatureParameterValueT_Enum_Invalid_Value" storage="d:\actions-runner\_work\xpco\xpco\corporate\shared\common.integration\tst\videoos.common.integration.unittests\bin\x64\debug\net472\videoos.common.integration.unittests.dll" id="1fd0e503-2946-0380-c6ba-6e861fd9230a">
      <Execution id="65cc01db-cefc-4b4f-a66f-a9c9651b6e19" />
      <TestMethod codeBase="D:\actions-runner\_work\XPCO\XPCO\Corporate\Shared\Common.Integration\tst\VideoOS.Common.Integration.UnitTests\bin\x64\Debug\net472\VideoOS.Common.Integration.UnitTests.dll" adapterTypeName="executor://mstestadapter/v2" className="VideoOS.Common.Integration.UnitTests.License.FeatureManagerTest" name="FeatureManager_GetFeatureParameterValueT_Enum_Invalid_Value" />
    </UnitTest>
    <UnitTest name="AsString_ZeroLength_Success" storage="d:\actions-runner\_work\xpco\xpco\corporate\shared\common.integration\tst\videoos.common.integration.unittests\bin\x64\debug\net472\videoos.common.integration.unittests.dll" id="dc919844-0208-264a-0bb5-2c888b8b3b92">
      <Execution id="97464c2b-9847-4661-8bcd-a16fa95d4d06" />
      <TestMethod codeBase="D:\actions-runner\_work\XPCO\XPCO\Corporate\Shared\Common.Integration\tst\VideoOS.Common.Integration.UnitTests\bin\x64\Debug\net472\VideoOS.Common.Integration.UnitTests.dll" adapterTypeName="executor://mstestadapter/v2" className="VideoOS.Common.Integration.UnitTests.CertificateHandling.StringByteConversionExtensionsUnitTests" name="AsString_ZeroLength_Success" />
    </UnitTest>
    <UnitTest name="EncryptingOtherSystemSetting" storage="d:\actions-runner\_work\xpco\xpco\corporate\shared\common.integration\tst\videoos.common.integration.unittests\bin\x64\debug\net472\videoos.common.integration.unittests.dll" id="b2aa56e0-5f60-42d5-4864-fa1400ccd4c4">
      <Execution id="ab133fce-5c0c-432a-ac09-08ff8f2cb344" />
      <TestMethod codeBase="D:\actions-runner\_work\XPCO\XPCO\Corporate\Shared\Common.Integration\tst\VideoOS.Common.Integration.UnitTests\bin\x64\Debug\net472\VideoOS.Common.Integration.UnitTests.dll" adapterTypeName="executor://mstestadapter/v2" className="VideoOS.Common.Integration.UnitTests.Configuration.XmlEncryptionHelperTests" name="EncryptingOtherSystemSetting" />
    </UnitTest>
    <UnitTest name="TestGetRegionsAsByteArrayCopyReturnsDifferentObjects" storage="d:\actions-runner\_work\xpco\xpco\corporate\shared\common.integration\tst\videoos.common.integration.unittests\bin\x64\debug\net472\videoos.common.integration.unittests.dll" id="eacb3063-dd4d-77dd-86b7-dcaa1ef0a342">
      <Execution id="b4f76f96-8bdf-4754-ad2a-87e6518b0062" />
      <TestMethod codeBase="D:\actions-runner\_work\XPCO\XPCO\Corporate\Shared\Common.Integration\tst\VideoOS.Common.Integration.UnitTests\bin\x64\Debug\net472\VideoOS.Common.Integration.UnitTests.dll" adapterTypeName="executor://mstestadapter/v2" className="VideoOS.Common.Integration.UnitTests.Configuration.FillableGridAreaUnitTest" name="TestGetRegionsAsByteArrayCopyReturnsDifferentObjects" />
    </UnitTest>
    <UnitTest name="GetRecorderSNMPId_Known" storage="d:\actions-runner\_work\xpco\xpco\corporate\shared\common.integration\tst\videoos.common.integration.unittests\bin\x64\debug\net472\videoos.common.integration.unittests.dll" id="abb83a8b-1b85-8d44-2f49-9f67ade18cf5">
      <Execution id="e1141fee-9506-4f9d-a6d3-99dd368ee9a8" />
      <TestMethod codeBase="D:\actions-runner\_work\XPCO\XPCO\Corporate\Shared\Common.Integration\tst\VideoOS.Common.Integration.UnitTests\bin\x64\Debug\net472\VideoOS.Common.Integration.UnitTests.dll" adapterTypeName="executor://mstestadapter/v2" className="VideoOS.Common.Integration.UnitTests.Definition.Event.BuiltInEventTypesTest" name="GetRecorderSNMPId_Known" />
    </UnitTest>
    <UnitTest name="CreateHttpsUri_NoSchemeWithPort_UseDefaultPortTrue_BecomesHttpsPort443" storage="d:\actions-runner\_work\xpco\xpco\corporate\shared\common.integration\tst\videoos.common.integration.unittests\bin\x64\debug\net472\videoos.common.integration.unittests.dll" id="a8648c26-4319-bb26-b61e-ef35fbb1dda5">
      <TestCategory>
        <TestCategoryItem TestCategory="UriHandling" />
      </TestCategory>
      <Execution id="001221e9-1e87-4244-9d83-04de480b9b64" />
      <TestMethod codeBase="D:\actions-runner\_work\XPCO\XPCO\Corporate\Shared\Common.Integration\tst\VideoOS.Common.Integration.UnitTests\bin\x64\Debug\net472\VideoOS.Common.Integration.UnitTests.dll" adapterTypeName="executor://mstestadapter/v2" className="VideoOS.Common.Integration.UnitTests.Communication.UriHandlingUnitTests" name="CreateHttpsUri_NoSchemeWithPort_UseDefaultPortTrue_BecomesHttpsPort443" />
    </UnitTest>
    <UnitTest name="StreamsConfiguration_ValidateConfiguration_Same_Stream_Name" storage="d:\actions-runner\_work\xpco\xpco\corporate\shared\common.integration\tst\videoos.common.integration.unittests\bin\x64\debug\net472\videoos.common.integration.unittests.dll" id="9e28bec4-c408-3041-cda4-91100c861ab7">
      <Execution id="d10e8819-1b17-46eb-9967-8dde7769404f" />
      <TestMethod codeBase="D:\actions-runner\_work\XPCO\XPCO\Corporate\Shared\Common.Integration\tst\VideoOS.Common.Integration.UnitTests\bin\x64\Debug\net472\VideoOS.Common.Integration.UnitTests.dll" adapterTypeName="executor://mstestadapter/v2" className="VideoOS.Common.Integration.UnitTests.StreamsConfigurationUnitTests" name="StreamsConfiguration_ValidateConfiguration_Same_Stream_Name" />
    </UnitTest>
    <UnitTest name="Transform_XmlWithoutCredentialsListXml_NoChanges" storage="d:\actions-runner\_work\xpco\xpco\corporate\shared\common.integration\tst\videoos.common.integration.unittests\bin\x64\debug\net472\videoos.common.integration.unittests.dll" id="d00e65b6-3181-a5ca-6db8-25b604779426">
      <Execution id="d83e68e8-a2ff-4f2c-a424-088639983109" />
      <TestMethod codeBase="D:\actions-runner\_work\XPCO\XPCO\Corporate\Shared\Common.Integration\tst\VideoOS.Common.Integration.UnitTests\bin\x64\Debug\net472\VideoOS.Common.Integration.UnitTests.dll" adapterTypeName="executor://mstestadapter/v2" className="VideoOS.Common.Integration.UnitTests.Configuration.ConfigurationDataSetEncryption.HardwareScanExpressEncryptionTests" name="Transform_XmlWithoutCredentialsListXml_NoChanges" />
    </UnitTest>
    <UnitTest name="GetItemsByKey_UsesComparer" storage="d:\actions-runner\_work\xpco\xpco\corporate\shared\common.integration\tst\videoos.common.integration.unittests\bin\x64\debug\net472\videoos.common.integration.unittests.dll" id="e2feb5aa-10d8-0e28-7457-57e55c9df55d">
      <Execution id="bbae3936-127b-476b-847f-626190c676a6" />
      <TestMethod codeBase="D:\actions-runner\_work\XPCO\XPCO\Corporate\Shared\Common.Integration\tst\VideoOS.Common.Integration.UnitTests\bin\x64\Debug\net472\VideoOS.Common.Integration.UnitTests.dll" adapterTypeName="executor://mstestadapter/v2" className="VideoOS.Common.Integration.UnitTests.LinkedListIndexUnitTests" name="GetItemsByKey_UsesComparer" />
    </UnitTest>
    <UnitTest name="LicenseDocument_ActivatedDate__ReturnsDateFromLicense" storage="d:\actions-runner\_work\xpco\xpco\corporate\shared\common.integration\tst\videoos.common.integration.unittests\bin\x64\debug\net472\videoos.common.integration.unittests.dll" id="22e9e8a7-9c26-53cd-90da-5874db0659cd">
      <TestCategory>
        <TestCategoryItem TestCategory="LicenseDocumentTest" />
      </TestCategory>
      <Execution id="83da7b89-6914-4faf-9b0d-737532bcea0c" />
      <TestMethod codeBase="D:\actions-runner\_work\XPCO\XPCO\Corporate\Shared\Common.Integration\tst\VideoOS.Common.Integration.UnitTests\bin\x64\Debug\net472\VideoOS.Common.Integration.UnitTests.dll" adapterTypeName="executor://mstestadapter/v2" className="VideoOS.Common.Integration.UnitTests.License.LicenseDocumentTests" name="LicenseDocument_ActivatedDate__ReturnsDateFromLicense" />
    </UnitTest>
    <UnitTest name="ReadChildElementValueAsUInt32_ElementNull" storage="d:\actions-runner\_work\xpco\xpco\corporate\shared\common.integration\tst\videoos.common.integration.unittests\bin\x64\debug\net472\videoos.common.integration.unittests.dll" id="fee5bfa9-dfda-bebd-835d-dc916b944552">
      <Execution id="7c581853-94d4-489d-9ad3-a4c3fe2a0a8c" />
      <TestMethod codeBase="D:\actions-runner\_work\XPCO\XPCO\Corporate\Shared\Common.Integration\tst\VideoOS.Common.Integration.UnitTests\bin\x64\Debug\net472\VideoOS.Common.Integration.UnitTests.dll" adapterTypeName="executor://mstestadapter/v2" className="VideoOS.Common.Integration.UnitTests.XmlDocumentExtensionsCoreUnitTests" name="ReadChildElementValueAsUInt32_ElementNull" />
    </UnitTest>
    <UnitTest name="PatchAsync_EndpointOnly_NoError_TaskIsExecuted" storage="d:\actions-runner\_work\xpco\xpco\corporate\shared\common.integration\tst\videoos.common.integration.unittests\bin\x64\debug\net472\videoos.common.integration.unittests.dll" id="645cd5c3-36ae-6109-a092-fe741c107a15">
      <Execution id="01d75b8b-89da-434a-964e-a4017ef554a2" />
      <TestMethod codeBase="D:\actions-runner\_work\XPCO\XPCO\Corporate\Shared\Common.Integration\tst\VideoOS.Common.Integration.UnitTests\bin\x64\Debug\net472\VideoOS.Common.Integration.UnitTests.dll" adapterTypeName="executor://mstestadapter/v2" className="VideoOS.Common.Integration.WebApi.HttpClientCommunicatorUnitTests" name="PatchAsync_EndpointOnly_NoError_TaskIsExecuted" />
    </UnitTest>
    <UnitTest name="LegacyFromXmlEncrypted_ReadLegacyEncryptedCredentials_ConvertToPlainText" storage="d:\actions-runner\_work\xpco\xpco\corporate\shared\common.integration\tst\videoos.common.integration.unittests\bin\x64\debug\net472\videoos.common.integration.unittests.dll" id="35101b4b-44db-d00f-1bc5-748dd77e1603">
      <Execution id="b4900682-67f9-4a03-b848-7ac0a1ba23f0" />
      <TestMethod codeBase="D:\actions-runner\_work\XPCO\XPCO\Corporate\Shared\Common.Integration\tst\VideoOS.Common.Integration.UnitTests\bin\x64\Debug\net472\VideoOS.Common.Integration.UnitTests.dll" adapterTypeName="executor://mstestadapter/v2" className="VideoOS.Common.Integration.UnitTests.DeviceDiscovery.CredentialSelectionsTests" name="LegacyFromXmlEncrypted_ReadLegacyEncryptedCredentials_ConvertToPlainText" />
    </UnitTest>
    <UnitTest name="TaskModel_InvalidTaskDiffGramType_Failed" storage="d:\actions-runner\_work\xpco\xpco\corporate\shared\common.integration\tst\videoos.common.integration.unittests\bin\x64\debug\net472\videoos.common.integration.unittests.dll" id="c0e40020-563b-4172-51b7-b2482962237f">
      <Execution id="32f9fef9-cadb-4b0c-94f7-1da82d780114" />
      <TestMethod codeBase="D:\actions-runner\_work\XPCO\XPCO\Corporate\Shared\Common.Integration\tst\VideoOS.Common.Integration.UnitTests\bin\x64\Debug\net472\VideoOS.Common.Integration.UnitTests.dll" adapterTypeName="executor://mstestadapter/v2" className="VideoOS.Common.Integration.UnitTests.WebAPI.Model.TaskModelTest" name="TaskModel_InvalidTaskDiffGramType_Failed" />
    </UnitTest>
    <UnitTest name="WhiteList_CreateInstanceMaximumChannelCountParameterIsNotANumber_RaisesArgumentException" storage="d:\actions-runner\_work\xpco\xpco\corporate\shared\common.integration\tst\videoos.common.integration.unittests\bin\x64\debug\net472\videoos.common.integration.unittests.dll" id="c8202ea2-df5f-deb2-454c-cff3b2ec9ce1">
      <TestCategory>
        <TestCategoryItem TestCategory="Licensing" />
      </TestCategory>
      <Execution id="8e780b3d-e815-45bd-aa1c-b04387654f11" />
      <TestMethod codeBase="D:\actions-runner\_work\XPCO\XPCO\Corporate\Shared\Common.Integration\tst\VideoOS.Common.Integration.UnitTests\bin\x64\Debug\net472\VideoOS.Common.Integration.UnitTests.dll" adapterTypeName="executor://mstestadapter/v2" className="VideoOS.Common.Integration.UnitTests.License.LicenseWhitelistTests" name="WhiteList_CreateInstanceMaximumChannelCountParameterIsNotANumber_RaisesArgumentException" />
    </UnitTest>
    <UnitTest name="CustomLicenseType_FeatureFlagPresentDriversPresentEnabledHardwareButInvalidDriverNoActiveCameras" storage="d:\actions-runner\_work\xpco\xpco\corporate\shared\common.integration\tst\videoos.common.integration.unittests\bin\x64\debug\net472\videoos.common.integration.unittests.dll" id="0f34ea82-4b34-df21-1445-44172f8db22c">
      <TestCategory>
        <TestCategoryItem TestCategory="CustomLicenseTypeTest" />
      </TestCategory>
      <Execution id="4374ff1e-a39d-4d97-afc7-1c75d78de773" />
      <TestMethod codeBase="D:\actions-runner\_work\XPCO\XPCO\Corporate\Shared\Common.Integration\tst\VideoOS.Common.Integration.UnitTests\bin\x64\Debug\net472\VideoOS.Common.Integration.UnitTests.dll" adapterTypeName="executor://mstestadapter/v2" className="VideoOS.Common.Integration.UnitTests.License.CustomLicenseTypeTests" name="CustomLicenseType_FeatureFlagPresentDriversPresentEnabledHardwareButInvalidDriverNoActiveCameras" />
    </UnitTest>
    <UnitTest name="PtzPresetCollection_SaveXml_Success" storage="d:\actions-runner\_work\xpco\xpco\corporate\shared\common.integration\tst\videoos.common.integration.unittests\bin\x64\debug\net472\videoos.common.integration.unittests.dll" id="31e792dd-c6fc-b93a-5ca8-a735cea9d4ad">
      <Execution id="8bf5b5d8-8ab9-457d-9e71-417128548fc7" />
      <TestMethod codeBase="D:\actions-runner\_work\XPCO\XPCO\Corporate\Shared\Common.Integration\tst\VideoOS.Common.Integration.UnitTests\bin\x64\Debug\net472\VideoOS.Common.Integration.UnitTests.dll" adapterTypeName="executor://mstestadapter/v2" className="VideoOS.Common.Integration.UnitTests.PtzPresetCollectionUnitTests" name="PtzPresetCollection_SaveXml_Success" />
    </UnitTest>
    <UnitTest name="SendOnlyEndpoint_EndpointNull_ArgumentNullExceptionThrown" storage="d:\actions-runner\_work\xpco\xpco\corporate\shared\common.integration\tst\videoos.common.integration.unittests\bin\x64\debug\net472\videoos.common.integration.unittests.dll" id="0ba4b513-76a8-253a-52cc-0f1c069b1568">
      <Execution id="0edec0b3-c68d-4824-8cbc-6c51a5ef4f5f" />
      <TestMethod codeBase="D:\actions-runner\_work\XPCO\XPCO\Corporate\Shared\Common.Integration\tst\VideoOS.Common.Integration.UnitTests\bin\x64\Debug\net472\VideoOS.Common.Integration.UnitTests.dll" adapterTypeName="executor://mstestadapter/v2" className="VideoOS.Common.Integration.WebApi.HttpClientCommunicatorUnitTests" name="SendOnlyEndpoint_EndpointNull_ArgumentNullExceptionThrown" />
    </UnitTest>
    <UnitTest name="FileUploadSynchronizer_Upload_DifferentFiles_To_SameRecorder_Twice_UploadsTwice_ChecksExistsFourTimes" storage="d:\actions-runner\_work\xpco\xpco\corporate\shared\common.integration\tst\videoos.common.integration.unittests\bin\x64\debug\net472\videoos.common.integration.unittests.dll" id="2542f3d1-3cdc-cf6a-9a74-108a02079f30">
      <Execution id="0ddf8283-4a45-404b-9cd0-bcbd88525f20" />
      <TestMethod codeBase="D:\actions-runner\_work\XPCO\XPCO\Corporate\Shared\Common.Integration\tst\VideoOS.Common.Integration.UnitTests\bin\x64\Debug\net472\VideoOS.Common.Integration.UnitTests.dll" adapterTypeName="executor://mstestadapter/v2" className="VideoOS.Common.Integration.UnitTests.FileUploadSynchronizerTests" name="FileUploadSynchronizer_Upload_DifferentFiles_To_SameRecorder_Twice_UploadsTwice_ChecksExistsFourTimes" />
    </UnitTest>
    <UnitTest name="Decrypt_NullCheck" storage="d:\actions-runner\_work\xpco\xpco\corporate\shared\common.integration\tst\videoos.common.integration.unittests\bin\x64\debug\net472\videoos.common.integration.unittests.dll" id="7ed74da4-b7a3-198f-a739-6119e11ecb94">
      <Execution id="b980ee5e-eb21-4077-87e9-797906bfeeda" />
      <TestMethod codeBase="D:\actions-runner\_work\XPCO\XPCO\Corporate\Shared\Common.Integration\tst\VideoOS.Common.Integration.UnitTests\bin\x64\Debug\net472\VideoOS.Common.Integration.UnitTests.dll" adapterTypeName="executor://mstestadapter/v2" className="VideoOS.Common.Integration.UnitTests.Configuration.SettingsXmlTransformerTests" name="Decrypt_NullCheck" />
    </UnitTest>
    <UnitTest name="BulkEventModel_Validate_Command_Null" storage="d:\actions-runner\_work\xpco\xpco\corporate\shared\common.integration\tst\videoos.common.integration.unittests\bin\x64\debug\net472\videoos.common.integration.unittests.dll" id="a4fac035-eb1e-a72b-e636-67619651fa36">
      <Execution id="569bde76-52a9-4885-84fa-963a534ff5ce" />
      <TestMethod codeBase="D:\actions-runner\_work\XPCO\XPCO\Corporate\Shared\Common.Integration\tst\VideoOS.Common.Integration.UnitTests\bin\x64\Debug\net472\VideoOS.Common.Integration.UnitTests.dll" adapterTypeName="executor://mstestadapter/v2" className="VideoOS.Common.Integration.UnitTests.WebAPI.Model.BulkEventModelTest" name="BulkEventModel_Validate_Command_Null" />
    </UnitTest>
    <UnitTest name="Create_Mac_Address_Hash_String_GUID" storage="d:\actions-runner\_work\xpco\xpco\corporate\shared\common.integration\tst\videoos.common.integration.unittests\bin\x64\debug\net472\videoos.common.integration.unittests.dll" id="5c62b36c-7e5b-e052-296c-ce11b79f4704">
      <Execution id="696046ce-5e3d-445a-9b81-132992ebae3a" />
      <TestMethod codeBase="D:\actions-runner\_work\XPCO\XPCO\Corporate\Shared\Common.Integration\tst\VideoOS.Common.Integration.UnitTests\bin\x64\Debug\net472\VideoOS.Common.Integration.UnitTests.dll" adapterTypeName="executor://mstestadapter/v2" className="VideoOS.Common.Integration.UnitTests.License.MacAddressUtilitiesTest" name="Create_Mac_Address_Hash_String_GUID" />
    </UnitTest>
    <UnitTest name="TestIncreaseNumberOfRegionsWithInvalidFactor" storage="d:\actions-runner\_work\xpco\xpco\corporate\shared\common.integration\tst\videoos.common.integration.unittests\bin\x64\debug\net472\videoos.common.integration.unittests.dll" id="4512c517-1140-ea2e-3ea2-ad7a703260fc">
      <Execution id="4ab8f0b2-7735-4c86-9f14-3397d7ca7b44" />
      <TestMethod codeBase="D:\actions-runner\_work\XPCO\XPCO\Corporate\Shared\Common.Integration\tst\VideoOS.Common.Integration.UnitTests\bin\x64\Debug\net472\VideoOS.Common.Integration.UnitTests.dll" adapterTypeName="executor://mstestadapter/v2" className="VideoOS.Common.Integration.UnitTests.Configuration.FillableGridAreaUnitTest" name="TestIncreaseNumberOfRegionsWithInvalidFactor" />
    </UnitTest>
    <UnitTest name="Send_AccessTokenExceptionThrown_ExceptionLoggedAndRethrown" storage="d:\actions-runner\_work\xpco\xpco\corporate\shared\common.integration\tst\videoos.common.integration.unittests\bin\x64\debug\net472\videoos.common.integration.unittests.dll" id="be3bcf3d-4569-b788-8b77-5ebacd88cb20">
      <Execution id="83f69bdb-63c3-468a-bb85-407923d2be68" />
      <TestMethod codeBase="D:\actions-runner\_work\XPCO\XPCO\Corporate\Shared\Common.Integration\tst\VideoOS.Common.Integration.UnitTests\bin\x64\Debug\net472\VideoOS.Common.Integration.UnitTests.dll" adapterTypeName="executor://mstestadapter/v2" className="VideoOS.Common.Integration.WebApi.HttpClientCommunicatorUnitTests" name="Send_AccessTokenExceptionThrown_ExceptionLoggedAndRethrown" />
    </UnitTest>
    <UnitTest name="TestPasswordGenerationFromBasicRequirements" storage="d:\actions-runner\_work\xpco\xpco\corporate\shared\common.integration\tst\videoos.common.integration.unittests\bin\x64\debug\net472\videoos.common.integration.unittests.dll" id="a7e2cf6c-65c4-8db2-c00e-a4ed57404841">
      <Execution id="22eacac8-ba42-4964-9eb4-74c171fd42c7" />
      <TestMethod codeBase="D:\actions-runner\_work\XPCO\XPCO\Corporate\Shared\Common.Integration\tst\VideoOS.Common.Integration.UnitTests\bin\x64\Debug\net472\VideoOS.Common.Integration.UnitTests.dll" adapterTypeName="executor://mstestadapter/v2" className="VideoOS.Common.Integration.UnitTests.PasswordMinMaxGenerator" name="TestPasswordGenerationFromBasicRequirements" />
    </UnitTest>
    <UnitTest name="Invoke_RequiredScopeNotSpecified_NextIsCalled" storage="d:\actions-runner\_work\xpco\xpco\corporate\shared\common.integration\tst\videoos.common.integration.unittests\bin\x64\debug\net472\videoos.common.integration.unittests.dll" id="364a6704-58b0-d608-3ac9-75ceba40c6a0">
      <Execution id="42a50546-1e31-45c1-a911-66dfa4ca4eed" />
      <TestMethod codeBase="D:\actions-runner\_work\XPCO\XPCO\Corporate\Shared\Common.Integration\tst\VideoOS.Common.Integration.UnitTests\bin\x64\Debug\net472\VideoOS.Common.Integration.UnitTests.dll" adapterTypeName="executor://mstestadapter/v2" className="VideoOS.Common.Integration.UnitTests.WebApi.Middleware.ScopeValidationMiddlewareTests" name="Invoke_RequiredScopeNotSpecified_NextIsCalled" />
    </UnitTest>
    <UnitTest name="HardwareInfo_DecodesDriverAndModelNameUpperWithDoubleQuote" storage="d:\actions-runner\_work\xpco\xpco\corporate\shared\common.integration\tst\videoos.common.integration.unittests\bin\x64\debug\net472\videoos.common.integration.unittests.dll" id="0bd264d5-4161-90e0-39e0-bfba18495c08">
      <Execution id="9bb1144d-17b4-4d00-8064-7a12a102ece7" />
      <TestMethod codeBase="D:\actions-runner\_work\XPCO\XPCO\Corporate\Shared\Common.Integration\tst\VideoOS.Common.Integration.UnitTests\bin\x64\Debug\net472\VideoOS.Common.Integration.UnitTests.dll" adapterTypeName="executor://mstestadapter/v2" className="VideoOS.Common.Integration.UnitTests.License.HardwareInfoTests" name="HardwareInfo_DecodesDriverAndModelNameUpperWithDoubleQuote" />
    </UnitTest>
    <UnitTest name="FeatureManager_TryGetFeatureParameterValueT_Enum_Valid_Value" storage="d:\actions-runner\_work\xpco\xpco\corporate\shared\common.integration\tst\videoos.common.integration.unittests\bin\x64\debug\net472\videoos.common.integration.unittests.dll" id="8107be73-2f16-ad8f-05ba-5c3f406af6e9">
      <Execution id="b4818215-2ab3-4d05-9a50-1f34ef4f4f14" />
      <TestMethod codeBase="D:\actions-runner\_work\XPCO\XPCO\Corporate\Shared\Common.Integration\tst\VideoOS.Common.Integration.UnitTests\bin\x64\Debug\net472\VideoOS.Common.Integration.UnitTests.dll" adapterTypeName="executor://mstestadapter/v2" className="VideoOS.Common.Integration.UnitTests.License.FeatureManagerTest" name="FeatureManager_TryGetFeatureParameterValueT_Enum_Valid_Value" />
    </UnitTest>
    <UnitTest name="HttpClientCommunicatorWrapper_SendTRet_Success" storage="d:\actions-runner\_work\xpco\xpco\corporate\shared\common.integration\tst\videoos.common.integration.unittests\bin\x64\debug\net472\videoos.common.integration.unittests.dll" id="a09877a3-2e7a-2013-5f63-728327952c1b">
      <Execution id="b8a70ad1-8e69-4717-b81f-71b96b4ac23d" />
      <TestMethod codeBase="D:\actions-runner\_work\XPCO\XPCO\Corporate\Shared\Common.Integration\tst\VideoOS.Common.Integration.UnitTests\bin\x64\Debug\net472\VideoOS.Common.Integration.UnitTests.dll" adapterTypeName="executor://mstestadapter/v2" className="VideoOS.Common.Integration.UnitTests.WebAPI.HttpClientCommunicatorWrapperTests" name="HttpClientCommunicatorWrapper_SendTRet_Success" />
    </UnitTest>
    <UnitTest name="ToModelRule_LogEntryNull_ArgumentNullException" storage="d:\actions-runner\_work\xpco\xpco\corporate\shared\common.integration\tst\videoos.common.integration.unittests\bin\x64\debug\net472\videoos.common.integration.unittests.dll" id="01e71314-81c5-4366-34cc-41198de89a47">
      <Execution id="c0af4e87-608d-4e7c-89f4-be466805df08" />
      <TestMethod codeBase="D:\actions-runner\_work\XPCO\XPCO\Corporate\Shared\Common.Integration\tst\VideoOS.Common.Integration.UnitTests\bin\x64\Debug\net472\VideoOS.Common.Integration.UnitTests.dll" adapterTypeName="executor://mstestadapter/v2" className="VideoOS.Common.Integration.UnitTests.WebAPI.Model.Server.LogEntryModelConverterTest" name="ToModelRule_LogEntryNull_ArgumentNullException" />
    </UnitTest>
    <UnitTest name="ResponseModel_NoValuesSet_ValidationFailure" storage="d:\actions-runner\_work\xpco\xpco\corporate\shared\common.integration\tst\videoos.common.integration.unittests\bin\x64\debug\net472\videoos.common.integration.unittests.dll" id="c662972b-d138-6dfa-90dd-ad50777013ca">
      <Execution id="47d238d0-d9c9-43f9-8aa6-b6667578debf" />
      <TestMethod codeBase="D:\actions-runner\_work\XPCO\XPCO\Corporate\Shared\Common.Integration\tst\VideoOS.Common.Integration.UnitTests\bin\x64\Debug\net472\VideoOS.Common.Integration.UnitTests.dll" adapterTypeName="executor://mstestadapter/v2" className="VideoOS.Common.Integration.UnitTests.WebAPI.Model.Server.Responses.ResponseModelTest" name="ResponseModel_NoValuesSet_ValidationFailure" />
    </UnitTest>
    <UnitTest name="Construct_LicenseActivationService_HttpHostInvalid_ThrowsArgumentNullException" storage="d:\actions-runner\_work\xpco\xpco\corporate\shared\common.integration\tst\videoos.common.integration.unittests\bin\x64\debug\net472\videoos.common.integration.unittests.dll" id="b14b75d3-0232-b49c-3438-c0a1d5683317">
      <Execution id="7bac9a28-8742-45dd-8a7f-938c3c50841f" />
      <TestMethod codeBase="D:\actions-runner\_work\XPCO\XPCO\Corporate\Shared\Common.Integration\tst\VideoOS.Common.Integration.UnitTests\bin\x64\Debug\net472\VideoOS.Common.Integration.UnitTests.dll" adapterTypeName="executor://mstestadapter/v2" className="VideoOS.Common.Integration.UnitTests.License.LicenseActivationServiceTests" name="Construct_LicenseActivationService_HttpHostInvalid_ThrowsArgumentNullException" />
    </UnitTest>
    <UnitTest name="ServerFileStorage_DisposesStream_ThenReads_Exception" storage="d:\actions-runner\_work\xpco\xpco\corporate\shared\common.integration\tst\videoos.common.integration.unittests\bin\x64\debug\net472\videoos.common.integration.unittests.dll" id="6e183b12-0810-b038-3176-91075831756f">
      <Execution id="80b30c13-b080-4118-a050-69a90407edf1" />
      <TestMethod codeBase="D:\actions-runner\_work\XPCO\XPCO\Corporate\Shared\Common.Integration\tst\VideoOS.Common.Integration.UnitTests\bin\x64\Debug\net472\VideoOS.Common.Integration.UnitTests.dll" adapterTypeName="executor://mstestadapter/v2" className="VideoOS.Common.Integration.UnitTests.ServerFileStorageTests" name="ServerFileStorage_DisposesStream_ThenReads_Exception" />
    </UnitTest>
    <UnitTest name="IsMember_NoProvider" storage="d:\actions-runner\_work\xpco\xpco\corporate\shared\common.integration\tst\videoos.common.integration.unittests\bin\x64\debug\net472\videoos.common.integration.unittests.dll" id="b5eece68-50d9-334f-55f7-c7e363a299dc">
      <Execution id="2c45cc97-656b-451e-abea-dfb001eaa7e1" />
      <TestMethod codeBase="D:\actions-runner\_work\XPCO\XPCO\Corporate\Shared\Common.Integration\tst\VideoOS.Common.Integration.UnitTests\bin\x64\Debug\net472\VideoOS.Common.Integration.UnitTests.dll" adapterTypeName="executor://mstestadapter/v2" className="VideoOS.Common.Integration.UnitTests.Caching.SecurityIdentityCacheUnitTests" name="IsMember_NoProvider" />
    </UnitTest>
    <UnitTest name="TestGetRegionsAsByteArray" storage="d:\actions-runner\_work\xpco\xpco\corporate\shared\common.integration\tst\videoos.common.integration.unittests\bin\x64\debug\net472\videoos.common.integration.unittests.dll" id="b2202068-dd01-3c42-d6c6-818152ed9597">
      <Execution id="7ddb3850-7d67-4e20-a1b5-21f082f5d3aa" />
      <TestMethod codeBase="D:\actions-runner\_work\XPCO\XPCO\Corporate\Shared\Common.Integration\tst\VideoOS.Common.Integration.UnitTests\bin\x64\Debug\net472\VideoOS.Common.Integration.UnitTests.dll" adapterTypeName="executor://mstestadapter/v2" className="VideoOS.Common.Integration.UnitTests.Configuration.FillableGridAreaUnitTest" name="TestGetRegionsAsByteArray" />
    </UnitTest>
    <UnitTest name="ModelValidation_ValidModel_Success" storage="d:\actions-runner\_work\xpco\xpco\corporate\shared\common.integration\tst\videoos.common.integration.unittests\bin\x64\debug\net472\videoos.common.integration.unittests.dll" id="3d8a723b-7df9-c30c-2230-70492bb320a3">
      <Execution id="f653b707-43aa-499e-84ce-1a79851b970b" />
      <TestMethod codeBase="D:\actions-runner\_work\XPCO\XPCO\Corporate\Shared\Common.Integration\tst\VideoOS.Common.Integration.UnitTests\bin\x64\Debug\net472\VideoOS.Common.Integration.UnitTests.dll" adapterTypeName="executor://mstestadapter/v2" className="VideoOS.Common.Integration.UnitTests.WebAPI.Model.PerformFileSystemOperationModelTest" name="ModelValidation_ValidModel_Success" />
    </UnitTest>
    <UnitTest name="GetRecorderSNMPId_Not_SNMP_Mapped" storage="d:\actions-runner\_work\xpco\xpco\corporate\shared\common.integration\tst\videoos.common.integration.unittests\bin\x64\debug\net472\videoos.common.integration.unittests.dll" id="093f7c02-46d7-a5f5-7758-9246e49e6a3f">
      <Execution id="34ac0ca0-bd5b-4d16-9d4e-a2a6e4f80d4b" />
      <TestMethod codeBase="D:\actions-runner\_work\XPCO\XPCO\Corporate\Shared\Common.Integration\tst\VideoOS.Common.Integration.UnitTests\bin\x64\Debug\net472\VideoOS.Common.Integration.UnitTests.dll" adapterTypeName="executor://mstestadapter/v2" className="VideoOS.Common.Integration.UnitTests.Definition.Event.BuiltInEventTypesTest" name="GetRecorderSNMPId_Not_SNMP_Mapped" />
    </UnitTest>
    <UnitTest name="BaseVersionValidTest" storage="d:\actions-runner\_work\xpco\xpco\corporate\shared\common.integration\tst\videoos.common.integration.unittests\bin\x64\debug\net472\videoos.common.integration.unittests.dll" id="86f38614-9c5c-f32f-62f9-f28cf561de7a">
      <Execution id="8dfb12b4-2d01-433c-897c-9edf9a78d958" />
      <TestMethod codeBase="D:\actions-runner\_work\XPCO\XPCO\Corporate\Shared\Common.Integration\tst\VideoOS.Common.Integration.UnitTests\bin\x64\Debug\net472\VideoOS.Common.Integration.UnitTests.dll" adapterTypeName="executor://mstestadapter/v2" className="VideoOS.Common.Integration.UnitTests.Oem.AProductVersionUnitTest" name="BaseVersionValidTest" />
    </UnitTest>
    <UnitTest name="DatabaseOperationModel_Validation_RequiredPropertiesAreNull_Failed" storage="d:\actions-runner\_work\xpco\xpco\corporate\shared\common.integration\tst\videoos.common.integration.unittests\bin\x64\debug\net472\videoos.common.integration.unittests.dll" id="93ec89d5-9dd0-e72b-aa79-a64f74489a11">
      <Execution id="d30cccd0-7b42-411f-b760-98a9accfdb76" />
      <TestMethod codeBase="D:\actions-runner\_work\XPCO\XPCO\Corporate\Shared\Common.Integration\tst\VideoOS.Common.Integration.UnitTests\bin\x64\Debug\net472\VideoOS.Common.Integration.UnitTests.dll" adapterTypeName="executor://mstestadapter/v2" className="VideoOS.Common.Integration.UnitTests.WebAPI.Model.DatabaseOperationModelTest" name="DatabaseOperationModel_Validation_RequiredPropertiesAreNull_Failed" />
    </UnitTest>
    <UnitTest name="DecryptingActivationCredentialsSystemSetting" storage="d:\actions-runner\_work\xpco\xpco\corporate\shared\common.integration\tst\videoos.common.integration.unittests\bin\x64\debug\net472\videoos.common.integration.unittests.dll" id="6eef128e-2629-28c4-294e-caa9abfe1e77">
      <Execution id="fc1bd23d-8554-4167-8d8e-d0dcfbf0736f" />
      <TestMethod codeBase="D:\actions-runner\_work\XPCO\XPCO\Corporate\Shared\Common.Integration\tst\VideoOS.Common.Integration.UnitTests\bin\x64\Debug\net472\VideoOS.Common.Integration.UnitTests.dll" adapterTypeName="executor://mstestadapter/v2" className="VideoOS.Common.Integration.UnitTests.Configuration.XmlEncryptionHelperTests" name="DecryptingActivationCredentialsSystemSetting" />
    </UnitTest>
    <UnitTest name="CalculateLicenseRequirements_DeviceAndModel_Whitelisted_HardwareWithMultipleCameraDevicesCountsAsSingleLicenses_ReturnsTrue" storage="d:\actions-runner\_work\xpco\xpco\corporate\shared\common.integration\tst\videoos.common.integration.unittests\bin\x64\debug\net472\videoos.common.integration.unittests.dll" id="d81cc02c-d191-38d5-2d26-28f305b2fa49">
      <Execution id="13a82080-e6b2-47a8-a01d-0207c16ad971" />
      <TestMethod codeBase="D:\actions-runner\_work\XPCO\XPCO\Corporate\Shared\Common.Integration\tst\VideoOS.Common.Integration.UnitTests\bin\x64\Debug\net472\VideoOS.Common.Integration.UnitTests.dll" adapterTypeName="executor://mstestadapter/v2" className="VideoOS.Common.Integration.UnitTests.License.LicenseCalculatorTests" name="CalculateLicenseRequirements_DeviceAndModel_Whitelisted_HardwareWithMultipleCameraDevicesCountsAsSingleLicenses_ReturnsTrue" />
    </UnitTest>
    <UnitTest name="Patch_EndPointIsNull_ArgumentNullExceptionThrown" storage="d:\actions-runner\_work\xpco\xpco\corporate\shared\common.integration\tst\videoos.common.integration.unittests\bin\x64\debug\net472\videoos.common.integration.unittests.dll" id="ec1fcb34-7058-034a-3b55-989749ad663a">
      <Execution id="3da39cce-7c02-4ffb-9774-bbf0aa154810" />
      <TestMethod codeBase="D:\actions-runner\_work\XPCO\XPCO\Corporate\Shared\Common.Integration\tst\VideoOS.Common.Integration.UnitTests\bin\x64\Debug\net472\VideoOS.Common.Integration.UnitTests.dll" adapterTypeName="executor://mstestadapter/v2" className="VideoOS.Common.Integration.WebApi.HttpClientCommunicatorUnitTests" name="Patch_EndPointIsNull_ArgumentNullExceptionThrown" />
    </UnitTest>
    <UnitTest name="Update_testState_expectedResult" storage="d:\actions-runner\_work\xpco\xpco\corporate\shared\common.integration\tst\videoos.common.integration.unittests\bin\x64\debug\net472\videoos.common.integration.unittests.dll" id="5424beba-b71d-4289-8a81-194d1376ec51">
      <Execution id="fee2c377-e707-4384-8ecb-db05ef223a4d" />
      <TestMethod codeBase="D:\actions-runner\_work\XPCO\XPCO\Corporate\Shared\Common.Integration\tst\VideoOS.Common.Integration.UnitTests\bin\x64\Debug\net472\VideoOS.Common.Integration.UnitTests.dll" adapterTypeName="executor://mstestadapter/v2" className="VideoOS.Common.Integration.UnitTests.Configuration.ConfigurationDataSetEncryption.SetStoragePasswordEncryptionTests" name="Update_testState_expectedResult" />
    </UnitTest>
    <UnitTest name="Recorder_Construct_InvalidGuid_Empty_Throws_ArgumentException" storage="d:\actions-runner\_work\xpco\xpco\corporate\shared\common.integration\tst\videoos.common.integration.unittests\bin\x64\debug\net472\videoos.common.integration.unittests.dll" id="559e5181-3408-767b-882d-6ab6a14c72ff">
      <Execution id="cf8b8be7-ff5d-41d1-a2bb-bd52a31497bd" />
      <TestMethod codeBase="D:\actions-runner\_work\XPCO\XPCO\Corporate\Shared\Common.Integration\tst\VideoOS.Common.Integration.UnitTests\bin\x64\Debug\net472\VideoOS.Common.Integration.UnitTests.dll" adapterTypeName="executor://mstestadapter/v2" className="VideoOS.Common.Integration.UnitTests.License.LicenseInfoTests" name="Recorder_Construct_InvalidGuid_Empty_Throws_ArgumentException" />
    </UnitTest>
    <UnitTest name="PtzPresetCollection_ContainsKey_Success" storage="d:\actions-runner\_work\xpco\xpco\corporate\shared\common.integration\tst\videoos.common.integration.unittests\bin\x64\debug\net472\videoos.common.integration.unittests.dll" id="cfc4dc4c-319e-83b7-aea7-b591effbc8ad">
      <Execution id="6a13a152-0453-4d1a-83dd-a93f5d3378a9" />
      <TestMethod codeBase="D:\actions-runner\_work\XPCO\XPCO\Corporate\Shared\Common.Integration\tst\VideoOS.Common.Integration.UnitTests\bin\x64\Debug\net472\VideoOS.Common.Integration.UnitTests.dll" adapterTypeName="executor://mstestadapter/v2" className="VideoOS.Common.Integration.UnitTests.PtzPresetCollectionUnitTests" name="PtzPresetCollection_ContainsKey_Success" />
    </UnitTest>
    <UnitTest name="CheckAllMIPFiltersKindsTestOk3" storage="d:\actions-runner\_work\xpco\xpco\corporate\shared\common.integration\tst\videoos.common.integration.unittests\bin\x64\debug\net472\videoos.common.integration.unittests.dll" id="fd4c0d92-09c3-4b85-a497-3e9bc882dbde">
      <TestCategory>
        <TestCategoryItem TestCategory="Rules.MIPFilter" />
      </TestCategory>
      <Execution id="950fb1eb-a995-4fa7-a2ee-2e16171b8baf" />
      <TestMethod codeBase="D:\actions-runner\_work\XPCO\XPCO\Corporate\Shared\Common.Integration\tst\VideoOS.Common.Integration.UnitTests\bin\x64\Debug\net472\VideoOS.Common.Integration.UnitTests.dll" adapterTypeName="executor://mstestadapter/v2" className="VideoOS.Common.Integration.UnitTests.Rules.MIPFilterTest" name="CheckAllMIPFiltersKindsTestOk3" />
    </UnitTest>
    <UnitTest name="Mac_Address_Empty_Test_True_2" storage="d:\actions-runner\_work\xpco\xpco\corporate\shared\common.integration\tst\videoos.common.integration.unittests\bin\x64\debug\net472\videoos.common.integration.unittests.dll" id="1f9336a2-7a80-8e00-8f9d-0b352e023592">
      <Execution id="c2ea426f-3c3d-405f-9f88-4aafdd9c8ae0" />
      <TestMethod codeBase="D:\actions-runner\_work\XPCO\XPCO\Corporate\Shared\Common.Integration\tst\VideoOS.Common.Integration.UnitTests\bin\x64\Debug\net472\VideoOS.Common.Integration.UnitTests.dll" adapterTypeName="executor://mstestadapter/v2" className="VideoOS.Common.Integration.UnitTests.License.MacAddressUtilitiesTest" name="Mac_Address_Empty_Test_True_2" />
    </UnitTest>
    <UnitTest name="Index_GetEntriesByKey_Returns_Correct_Item" storage="d:\actions-runner\_work\xpco\xpco\corporate\shared\common.integration\tst\videoos.common.integration.unittests\bin\x64\debug\net472\videoos.common.integration.unittests.dll" id="d8660ccf-e9fb-f3f2-5b1a-a33f0ec3a7f9">
      <Execution id="6497fd3c-b53a-480e-88f6-cc03243b507a" />
      <TestMethod codeBase="D:\actions-runner\_work\XPCO\XPCO\Corporate\Shared\Common.Integration\tst\VideoOS.Common.Integration.UnitTests\bin\x64\Debug\net472\VideoOS.Common.Integration.UnitTests.dll" adapterTypeName="executor://mstestadapter/v2" className="VideoOS.Common.Integration.UnitTests.IndexedCollectionUnitTests" name="Index_GetEntriesByKey_Returns_Correct_Item" />
    </UnitTest>
    <UnitTest name="HttpClientCommunicatorWrapper_PatchAsyncTObj_CommunicationException" storage="d:\actions-runner\_work\xpco\xpco\corporate\shared\common.integration\tst\videoos.common.integration.unittests\bin\x64\debug\net472\videoos.common.integration.unittests.dll" id="5e06726d-c722-a0bd-a2c1-2825468b2b15">
      <Execution id="4ede711d-0101-4e2c-a837-e11dbffbdc39" />
      <TestMethod codeBase="D:\actions-runner\_work\XPCO\XPCO\Corporate\Shared\Common.Integration\tst\VideoOS.Common.Integration.UnitTests\bin\x64\Debug\net472\VideoOS.Common.Integration.UnitTests.dll" adapterTypeName="executor://mstestadapter/v2" className="VideoOS.Common.Integration.UnitTests.WebAPI.HttpClientCommunicatorWrapperTests" name="HttpClientCommunicatorWrapper_PatchAsyncTObj_CommunicationException" />
    </UnitTest>
    <UnitTest name="BaseHtmlLicenseReport_CreatePNode_WithNoClassName_NullText_Success" storage="d:\actions-runner\_work\xpco\xpco\corporate\shared\common.integration\tst\videoos.common.integration.unittests\bin\x64\debug\net472\videoos.common.integration.unittests.dll" id="cca527fc-7355-66ce-e26b-646f92cb6240">
      <Execution id="1314e82c-5432-404d-a95f-04d5495599c0" />
      <TestMethod codeBase="D:\actions-runner\_work\XPCO\XPCO\Corporate\Shared\Common.Integration\tst\VideoOS.Common.Integration.UnitTests\bin\x64\Debug\net472\VideoOS.Common.Integration.UnitTests.dll" adapterTypeName="executor://mstestadapter/v2" className="VideoOS.Common.Integration.UnitTests.License.BaseHtmlLicenseReportTests" name="BaseHtmlLicenseReport_CreatePNode_WithNoClassName_NullText_Success" />
    </UnitTest>
    <UnitTest name="Constructor_IncrementsFeedCounts_OnCombinationOfHw" storage="d:\actions-runner\_work\xpco\xpco\corporate\shared\common.integration\tst\videoos.common.integration.unittests\bin\x64\debug\net472\videoos.common.integration.unittests.dll" id="8d26cb13-af54-ad12-9092-30887c4edca0">
      <TestCategory>
        <TestCategoryItem TestCategory="Licensing" />
      </TestCategory>
      <Execution id="f502e99d-19e4-4b24-babe-b236c2473bb5" />
      <TestMethod codeBase="D:\actions-runner\_work\XPCO\XPCO\Corporate\Shared\Common.Integration\tst\VideoOS.Common.Integration.UnitTests\bin\x64\Debug\net472\VideoOS.Common.Integration.UnitTests.dll" adapterTypeName="executor://mstestadapter/v2" className="VideoOS.Common.Integration.UnitTests.License.AggregateFeedDictionaryTests" name="Constructor_IncrementsFeedCounts_OnCombinationOfHw" />
    </UnitTest>
    <UnitTest name="Receive_NonSuccessResponse_BadRequestExceptionThrown" storage="d:\actions-runner\_work\xpco\xpco\corporate\shared\common.integration\tst\videoos.common.integration.unittests\bin\x64\debug\net472\videoos.common.integration.unittests.dll" id="33fa0e17-1e9d-fc9e-79a9-fe07de2e1d42">
      <Execution id="406d4c6b-b4f6-4efb-bd63-d11075480228" />
      <TestMethod codeBase="D:\actions-runner\_work\XPCO\XPCO\Corporate\Shared\Common.Integration\tst\VideoOS.Common.Integration.UnitTests\bin\x64\Debug\net472\VideoOS.Common.Integration.UnitTests.dll" adapterTypeName="executor://mstestadapter/v2" className="VideoOS.Common.Integration.WebApi.HttpClientCommunicatorUnitTests" name="Receive_NonSuccessResponse_BadRequestExceptionThrown" />
    </UnitTest>
    <UnitTest name="LicenseActivationService_AcquireLicense_AccessDenied_SlcNotFound" storage="d:\actions-runner\_work\xpco\xpco\corporate\shared\common.integration\tst\videoos.common.integration.unittests\bin\x64\debug\net472\videoos.common.integration.unittests.dll" id="342b8f7f-2a82-20b5-b26c-f5fe4c49f791">
      <Execution id="930a9390-be5d-44dc-8755-3a7b222398cb" />
      <TestMethod codeBase="D:\actions-runner\_work\XPCO\XPCO\Corporate\Shared\Common.Integration\tst\VideoOS.Common.Integration.UnitTests\bin\x64\Debug\net472\VideoOS.Common.Integration.UnitTests.dll" adapterTypeName="executor://mstestadapter/v2" className="VideoOS.Common.Integration.UnitTests.License.LicenseActivationServiceTests" name="LicenseActivationService_AcquireLicense_AccessDenied_SlcNotFound" />
    </UnitTest>
    <UnitTest name="Decrypt_DataSetHasRow_DataSetIsDecrypted" storage="d:\actions-runner\_work\xpco\xpco\corporate\shared\common.integration\tst\videoos.common.integration.unittests\bin\x64\debug\net472\videoos.common.integration.unittests.dll" id="e3bc8a97-22d4-ea39-0987-a8e5d178004b">
      <Execution id="238c879e-9e30-4894-b83e-353b35a0e328" />
      <TestMethod codeBase="D:\actions-runner\_work\XPCO\XPCO\Corporate\Shared\Common.Integration\tst\VideoOS.Common.Integration.UnitTests\bin\x64\Debug\net472\VideoOS.Common.Integration.UnitTests.dll" adapterTypeName="executor://mstestadapter/v2" className="VideoOS.Common.Integration.UnitTests.Configuration.RecordingStorageTableAdapterTests" name="Decrypt_DataSetHasRow_DataSetIsDecrypted" />
    </UnitTest>
    <UnitTest name="AsString_Null_Throws_ArgumentNullException" storage="d:\actions-runner\_work\xpco\xpco\corporate\shared\common.integration\tst\videoos.common.integration.unittests\bin\x64\debug\net472\videoos.common.integration.unittests.dll" id="bbc953c5-d914-f6c7-2363-bf06389c6847">
      <Execution id="ff89db1a-75bd-4631-94ca-95ad63b7fa0b" />
      <TestMethod codeBase="D:\actions-runner\_work\XPCO\XPCO\Corporate\Shared\Common.Integration\tst\VideoOS.Common.Integration.UnitTests\bin\x64\Debug\net472\VideoOS.Common.Integration.UnitTests.dll" adapterTypeName="executor://mstestadapter/v2" className="VideoOS.Common.Integration.UnitTests.CertificateHandling.StringByteConversionExtensionsUnitTests" name="AsString_Null_Throws_ArgumentNullException" />
    </UnitTest>
    <UnitTest name="CreateHttpUri_HttpsNonDefaultPort_UsePort443_BecomesHttpPort443" storage="d:\actions-runner\_work\xpco\xpco\corporate\shared\common.integration\tst\videoos.common.integration.unittests\bin\x64\debug\net472\videoos.common.integration.unittests.dll" id="a94255c8-6cfd-6a2e-7e27-13e06e71a968">
      <TestCategory>
        <TestCategoryItem TestCategory="UriHandling" />
      </TestCategory>
      <Execution id="38ca8ff8-0c2b-46cb-93c9-2621cc9423d3" />
      <TestMethod codeBase="D:\actions-runner\_work\XPCO\XPCO\Corporate\Shared\Common.Integration\tst\VideoOS.Common.Integration.UnitTests\bin\x64\Debug\net472\VideoOS.Common.Integration.UnitTests.dll" adapterTypeName="executor://mstestadapter/v2" className="VideoOS.Common.Integration.UnitTests.Communication.UriHandlingUnitTests" name="CreateHttpUri_HttpsNonDefaultPort_UsePort443_BecomesHttpPort443" />
    </UnitTest>
    <UnitTest name="UpdateHardwareReadOnlySettingsModel_RequiredPropertiesAreNull_Failed" storage="d:\actions-runner\_work\xpco\xpco\corporate\shared\common.integration\tst\videoos.common.integration.unittests\bin\x64\debug\net472\videoos.common.integration.unittests.dll" id="be52f176-645e-d392-cbd1-ae8991587e9d">
      <Execution id="d79981fe-6415-4c41-aa5c-22ede349aa5d" />
      <TestMethod codeBase="D:\actions-runner\_work\XPCO\XPCO\Corporate\Shared\Common.Integration\tst\VideoOS.Common.Integration.UnitTests\bin\x64\Debug\net472\VideoOS.Common.Integration.UnitTests.dll" adapterTypeName="executor://mstestadapter/v2" className="VideoOS.Common.Integration.UnitTests.WebAPI.Model.UpdateHardwareReadOnlySettingsModelTests" name="UpdateHardwareReadOnlySettingsModel_RequiredPropertiesAreNull_Failed" />
    </UnitTest>
    <UnitTest name="ServerFileStorage_ReturnStorage_UndisposedStream_Exception" storage="d:\actions-runner\_work\xpco\xpco\corporate\shared\common.integration\tst\videoos.common.integration.unittests\bin\x64\debug\net472\videoos.common.integration.unittests.dll" id="65692c8e-88bd-d55a-a0b3-caeeedc271a1">
      <Execution id="d609dbd9-5602-4808-bb73-bbe3c928476a" />
      <TestMethod codeBase="D:\actions-runner\_work\XPCO\XPCO\Corporate\Shared\Common.Integration\tst\VideoOS.Common.Integration.UnitTests\bin\x64\Debug\net472\VideoOS.Common.Integration.UnitTests.dll" adapterTypeName="executor://mstestadapter/v2" className="VideoOS.Common.Integration.UnitTests.ServerFileStorageTests" name="ServerFileStorage_ReturnStorage_UndisposedStream_Exception" />
    </UnitTest>
    <UnitTest name="HardwareInfo_HasLicensedCameras_ReturnsFalse_WhenWithoutEnabledCamerasWithMatchingLicenseStates" storage="d:\actions-runner\_work\xpco\xpco\corporate\shared\common.integration\tst\videoos.common.integration.unittests\bin\x64\debug\net472\videoos.common.integration.unittests.dll" id="01c58622-6efa-aa23-6527-eb8713168390">
      <Execution id="b3b2cc6a-5467-4b0a-80ed-011fe5b58f3b" />
      <TestMethod codeBase="D:\actions-runner\_work\XPCO\XPCO\Corporate\Shared\Common.Integration\tst\VideoOS.Common.Integration.UnitTests\bin\x64\Debug\net472\VideoOS.Common.Integration.UnitTests.dll" adapterTypeName="executor://mstestadapter/v2" className="VideoOS.Common.Integration.UnitTests.License.HardwareInfoTests" name="HardwareInfo_HasLicensedCameras_ReturnsFalse_WhenWithoutEnabledCamerasWithMatchingLicenseStates" />
    </UnitTest>
    <UnitTest name="CalculateLicenseRequirements_ThreeEnabledCameras_ThreeDisabledCameras_WhitelistedModel_RequiresOneLicenses" storage="d:\actions-runner\_work\xpco\xpco\corporate\shared\common.integration\tst\videoos.common.integration.unittests\bin\x64\debug\net472\videoos.common.integration.unittests.dll" id="20373e8e-17b1-ac94-be0f-c1bed6d1c13a">
      <Execution id="aa3d3339-a86b-4e8c-8f53-b32e07ecaeaf" />
      <TestMethod codeBase="D:\actions-runner\_work\XPCO\XPCO\Corporate\Shared\Common.Integration\tst\VideoOS.Common.Integration.UnitTests\bin\x64\Debug\net472\VideoOS.Common.Integration.UnitTests.dll" adapterTypeName="executor://mstestadapter/v2" className="VideoOS.Common.Integration.UnitTests.License.LicenseCalculatorTests" name="CalculateLicenseRequirements_ThreeEnabledCameras_ThreeDisabledCameras_WhitelistedModel_RequiresOneLicenses" />
    </UnitTest>
    <UnitTest name="ReadChildElementValueAsUInt64_ElementNull" storage="d:\actions-runner\_work\xpco\xpco\corporate\shared\common.integration\tst\videoos.common.integration.unittests\bin\x64\debug\net472\videoos.common.integration.unittests.dll" id="8ea9e31c-1aab-e07a-4f57-45d5393a2cc1">
      <Execution id="22813640-e508-4795-9579-3a291c2e5423" />
      <TestMethod codeBase="D:\actions-runner\_work\XPCO\XPCO\Corporate\Shared\Common.Integration\tst\VideoOS.Common.Integration.UnitTests\bin\x64\Debug\net472\VideoOS.Common.Integration.UnitTests.dll" adapterTypeName="executor://mstestadapter/v2" className="VideoOS.Common.Integration.UnitTests.XmlDocumentExtensionsCoreUnitTests" name="ReadChildElementValueAsUInt64_ElementNull" />
    </UnitTest>
    <UnitTest name="ModelValidation_ValidModel_Success" storage="d:\actions-runner\_work\xpco\xpco\corporate\shared\common.integration\tst\videoos.common.integration.unittests\bin\x64\debug\net472\videoos.common.integration.unittests.dll" id="05479a6d-5801-5d36-e2ac-fd31e4ca3e09">
      <Execution id="e03fdeb1-7402-4848-9422-65e24bdeef97" />
      <TestMethod codeBase="D:\actions-runner\_work\XPCO\XPCO\Corporate\Shared\Common.Integration\tst\VideoOS.Common.Integration.UnitTests\bin\x64\Debug\net472\VideoOS.Common.Integration.UnitTests.dll" adapterTypeName="executor://mstestadapter/v2" className="VideoOS.Common.Integration.UnitTests.WebAPI.Model.SetMatriViewModelTest" name="ModelValidation_ValidModel_Success" />
    </UnitTest>
    <UnitTest name="TestGetRegionsAsByteArrayCopy" storage="d:\actions-runner\_work\xpco\xpco\corporate\shared\common.integration\tst\videoos.common.integration.unittests\bin\x64\debug\net472\videoos.common.integration.unittests.dll" id="4cbff1e7-792c-03a2-2ac7-e1c18ad2e327">
      <Execution id="296f32b3-a885-4a28-81fa-e07f87fdb02e" />
      <TestMethod codeBase="D:\actions-runner\_work\XPCO\XPCO\Corporate\Shared\Common.Integration\tst\VideoOS.Common.Integration.UnitTests\bin\x64\Debug\net472\VideoOS.Common.Integration.UnitTests.dll" adapterTypeName="executor://mstestadapter/v2" className="VideoOS.Common.Integration.UnitTests.Configuration.FillableGridAreaUnitTest" name="TestGetRegionsAsByteArrayCopy" />
    </UnitTest>
    <UnitTest name="Transform_XmlHasHostingServer_HostingServerIsTransformed" storage="d:\actions-runner\_work\xpco\xpco\corporate\shared\common.integration\tst\videoos.common.integration.unittests\bin\x64\debug\net472\videoos.common.integration.unittests.dll" id="c740ea7a-936a-f8a7-b7c9-049f3bff5d99">
      <Execution id="a37b9710-cd59-4a95-9d98-0db78a6b539d" />
      <TestMethod codeBase="D:\actions-runner\_work\XPCO\XPCO\Corporate\Shared\Common.Integration\tst\VideoOS.Common.Integration.UnitTests\bin\x64\Debug\net472\VideoOS.Common.Integration.UnitTests.dll" adapterTypeName="executor://mstestadapter/v2" className="VideoOS.Common.Integration.UnitTests.Configuration.ConfigurationDataSetEncryption.DiffgramEncryptionTests" name="Transform_XmlHasHostingServer_HostingServerIsTransformed" />
    </UnitTest>
    <UnitTest name="Constructor_IncrementsFeedCountsForEachChannel_OnIcpHw" storage="d:\actions-runner\_work\xpco\xpco\corporate\shared\common.integration\tst\videoos.common.integration.unittests\bin\x64\debug\net472\videoos.common.integration.unittests.dll" id="2f51937b-491d-ee39-cc47-b416dfc84d31">
      <TestCategory>
        <TestCategoryItem TestCategory="Licensing" />
      </TestCategory>
      <Execution id="f5295c9a-5a4a-49ff-b74a-e104a07be316" />
      <TestMethod codeBase="D:\actions-runner\_work\XPCO\XPCO\Corporate\Shared\Common.Integration\tst\VideoOS.Common.Integration.UnitTests\bin\x64\Debug\net472\VideoOS.Common.Integration.UnitTests.dll" adapterTypeName="executor://mstestadapter/v2" className="VideoOS.Common.Integration.UnitTests.License.AggregateFeedDictionaryTests" name="Constructor_IncrementsFeedCountsForEachChannel_OnIcpHw" />
    </UnitTest>
    <UnitTest name="AddHardware_ThrowException_WhenNull" storage="d:\actions-runner\_work\xpco\xpco\corporate\shared\common.integration\tst\videoos.common.integration.unittests\bin\x64\debug\net472\videoos.common.integration.unittests.dll" id="34c0a376-bddf-385d-f86f-b6c6ec724d5f">
      <Execution id="a22b7db9-69a7-426f-a5b1-a4ad089563c8" />
      <TestMethod codeBase="D:\actions-runner\_work\XPCO\XPCO\Corporate\Shared\Common.Integration\tst\VideoOS.Common.Integration.UnitTests\bin\x64\Debug\net472\VideoOS.Common.Integration.UnitTests.dll" adapterTypeName="executor://mstestadapter/v2" className="VideoOS.Common.Integration.UnitTests.License.HardwareDictionaryTests" name="AddHardware_ThrowException_WhenNull" />
    </UnitTest>
    <UnitTest name="SendAsync_OnlyEndpoint_EndpointNullException" storage="d:\actions-runner\_work\xpco\xpco\corporate\shared\common.integration\tst\videoos.common.integration.unittests\bin\x64\debug\net472\videoos.common.integration.unittests.dll" id="c72b0b7b-7f4b-aa6b-467a-12bc1b9aecce">
      <Execution id="0363b578-9a90-4275-8558-1f586c6ccfb1" />
      <TestMethod codeBase="D:\actions-runner\_work\XPCO\XPCO\Corporate\Shared\Common.Integration\tst\VideoOS.Common.Integration.UnitTests\bin\x64\Debug\net472\VideoOS.Common.Integration.UnitTests.dll" adapterTypeName="executor://mstestadapter/v2" className="VideoOS.Common.Integration.WebApi.HttpClientCommunicatorUnitTests" name="SendAsync_OnlyEndpoint_EndpointNullException" />
    </UnitTest>
    <UnitTest name="WhiteList_CreateInstanceWithValidDriverParameter_Succeeds" storage="d:\actions-runner\_work\xpco\xpco\corporate\shared\common.integration\tst\videoos.common.integration.unittests\bin\x64\debug\net472\videoos.common.integration.unittests.dll" id="6955ebf9-335b-650b-c669-92d851d8649b">
      <TestCategory>
        <TestCategoryItem TestCategory="Licensing" />
      </TestCategory>
      <Execution id="83478ea6-195b-460c-a37c-577d4ae526ca" />
      <TestMethod codeBase="D:\actions-runner\_work\XPCO\XPCO\Corporate\Shared\Common.Integration\tst\VideoOS.Common.Integration.UnitTests\bin\x64\Debug\net472\VideoOS.Common.Integration.UnitTests.dll" adapterTypeName="executor://mstestadapter/v2" className="VideoOS.Common.Integration.UnitTests.License.LicenseWhitelistTests" name="WhiteList_CreateInstanceWithValidDriverParameter_Succeeds" />
    </UnitTest>
    <UnitTest name="ModelValidation_ValidModel_Success" storage="d:\actions-runner\_work\xpco\xpco\corporate\shared\common.integration\tst\videoos.common.integration.unittests\bin\x64\debug\net472\videoos.common.integration.unittests.dll" id="0668341c-d025-fc1a-f584-aa8451e47691">
      <Execution id="24c46c6d-9d16-4eba-b8b0-2b0fcb95aca0" />
      <TestMethod codeBase="D:\actions-runner\_work\XPCO\XPCO\Corporate\Shared\Common.Integration\tst\VideoOS.Common.Integration.UnitTests\bin\x64\Debug\net472\VideoOS.Common.Integration.UnitTests.dll" adapterTypeName="executor://mstestadapter/v2" className="VideoOS.Common.Integration.UnitTests.WebAPI.Model.RecorderTaskSuccessModelTest" name="ModelValidation_ValidModel_Success" />
    </UnitTest>
    <UnitTest name="HostedScanParameters_SerializationTest" storage="d:\actions-runner\_work\xpco\xpco\corporate\shared\common.integration\tst\videoos.common.integration.unittests\bin\x64\debug\net472\videoos.common.integration.unittests.dll" id="6b7dcff8-25eb-68e0-33be-34e38dc1eb50">
      <Execution id="0a157538-5ee4-40ef-af0b-24adcf35359b" />
      <TestMethod codeBase="D:\actions-runner\_work\XPCO\XPCO\Corporate\Shared\Common.Integration\tst\VideoOS.Common.Integration.UnitTests\bin\x64\Debug\net472\VideoOS.Common.Integration.UnitTests.dll" adapterTypeName="executor://mstestadapter/v2" className="VideoOS.Common.Integration.UnitTests.HostedScanTest" name="HostedScanParameters_SerializationTest" />
    </UnitTest>
    <UnitTest name="SecurityConfigurationModel_Json_Serialize_Deserialize" storage="d:\actions-runner\_work\xpco\xpco\corporate\shared\common.integration\tst\videoos.common.integration.unittests\bin\x64\debug\net472\videoos.common.integration.unittests.dll" id="a31574ef-97fc-5bd5-6389-ec8df1c72cbf">
      <Execution id="e35eea4a-0d62-45f9-8ece-b2374e864acb" />
      <TestMethod codeBase="D:\actions-runner\_work\XPCO\XPCO\Corporate\Shared\Common.Integration\tst\VideoOS.Common.Integration.UnitTests\bin\x64\Debug\net472\VideoOS.Common.Integration.UnitTests.dll" adapterTypeName="executor://mstestadapter/v2" className="VideoOS.Common.Integration.UnitTests.WebAPI.Model.SecurityConfigurationModelTest" name="SecurityConfigurationModel_Json_Serialize_Deserialize" />
    </UnitTest>
    <UnitTest name="Construct_RequestContainer_ValidLicenseRequest_Success" storage="d:\actions-runner\_work\xpco\xpco\corporate\shared\common.integration\tst\videoos.common.integration.unittests\bin\x64\debug\net472\videoos.common.integration.unittests.dll" id="f64fe775-6ed2-8a8c-37d2-672d3493490c">
      <Execution id="2e63ee03-55a6-4a42-b5c2-0a68404dabe6" />
      <TestMethod codeBase="D:\actions-runner\_work\XPCO\XPCO\Corporate\Shared\Common.Integration\tst\VideoOS.Common.Integration.UnitTests\bin\x64\Debug\net472\VideoOS.Common.Integration.UnitTests.dll" adapterTypeName="executor://mstestadapter/v2" className="VideoOS.Common.Integration.UnitTests.License.LicenseContainerTests" name="Construct_RequestContainer_ValidLicenseRequest_Success" />
    </UnitTest>
    <UnitTest name="LicenseDocument_ThrowsUnsupportedLicensingModeError_OnLicenseWithUnparsableMaximumChannelCount" storage="d:\actions-runner\_work\xpco\xpco\corporate\shared\common.integration\tst\videoos.common.integration.unittests\bin\x64\debug\net472\videoos.common.integration.unittests.dll" id="02eaeccd-f250-da56-d45f-900803771d6e">
      <TestCategory>
        <TestCategoryItem TestCategory="LicenseDocumentTest" />
      </TestCategory>
      <Execution id="c01cc052-d2bd-4ed2-b7ad-cf99f757058f" />
      <TestMethod codeBase="D:\actions-runner\_work\XPCO\XPCO\Corporate\Shared\Common.Integration\tst\VideoOS.Common.Integration.UnitTests\bin\x64\Debug\net472\VideoOS.Common.Integration.UnitTests.dll" adapterTypeName="executor://mstestadapter/v2" className="VideoOS.Common.Integration.UnitTests.License.LicenseDocumentTests" name="LicenseDocument_ThrowsUnsupportedLicensingModeError_OnLicenseWithUnparsableMaximumChannelCount" />
    </UnitTest>
    <UnitTest name="Ctor_Null_ThrowsArgumentNullException" storage="d:\actions-runner\_work\xpco\xpco\corporate\shared\common.integration\tst\videoos.common.integration.unittests\bin\x64\debug\net472\videoos.common.integration.unittests.dll" id="83414ed0-ce26-c83b-537e-21aeed422c4e">
      <Execution id="7d1e6537-07f9-4d61-af1c-13791cae8153" />
      <TestMethod codeBase="D:\actions-runner\_work\XPCO\XPCO\Corporate\Shared\Common.Integration\tst\VideoOS.Common.Integration.UnitTests\bin\x64\Debug\net472\VideoOS.Common.Integration.UnitTests.dll" adapterTypeName="executor://mstestadapter/v2" className="VideoOS.Common.Integration.UnitTests.CertificateHandling.CertificateDataUnitTests" name="Ctor_Null_ThrowsArgumentNullException" />
    </UnitTest>
    <UnitTest name="HardwareInfo_EnabledCameras_ReturnsCorrectListOfEnabledCameras" storage="d:\actions-runner\_work\xpco\xpco\corporate\shared\common.integration\tst\videoos.common.integration.unittests\bin\x64\debug\net472\videoos.common.integration.unittests.dll" id="f0e2e723-86c5-bfcc-4b1e-05f02032166c">
      <Execution id="e31ad6ef-47ad-4b3d-9abd-5800de13f9d8" />
      <TestMethod codeBase="D:\actions-runner\_work\XPCO\XPCO\Corporate\Shared\Common.Integration\tst\VideoOS.Common.Integration.UnitTests\bin\x64\Debug\net472\VideoOS.Common.Integration.UnitTests.dll" adapterTypeName="executor://mstestadapter/v2" className="VideoOS.Common.Integration.UnitTests.License.HardwareInfoTests" name="HardwareInfo_EnabledCameras_ReturnsCorrectListOfEnabledCameras" />
    </UnitTest>
    <UnitTest name="ResponseException_NullStream_ThrowsArgumentNullException" storage="d:\actions-runner\_work\xpco\xpco\corporate\shared\common.integration\tst\videoos.common.integration.unittests\bin\x64\debug\net472\videoos.common.integration.unittests.dll" id="84c41830-efa0-e72a-d31e-f4dffe59a417">
      <Execution id="b99fbed6-3f91-45d1-8d86-aea4bb4629b4" />
      <TestMethod codeBase="D:\actions-runner\_work\XPCO\XPCO\Corporate\Shared\Common.Integration\tst\VideoOS.Common.Integration.UnitTests\bin\x64\Debug\net472\VideoOS.Common.Integration.UnitTests.dll" adapterTypeName="executor://mstestadapter/v2" className="VideoOS.Common.Integration.UnitTests.WebAPI.Exceptions.ResponseExceptionTests" name="ResponseException_NullStream_ThrowsArgumentNullException" />
    </UnitTest>
    <UnitTest name="ModelValidation_RequiredPropertiesAreNull_Failed" storage="d:\actions-runner\_work\xpco\xpco\corporate\shared\common.integration\tst\videoos.common.integration.unittests\bin\x64\debug\net472\videoos.common.integration.unittests.dll" id="3b0abe57-b586-f61c-8b8a-8c5dd2e2ea03">
      <Execution id="a0fa6276-49fa-441a-88d6-bf968fd4b401" />
      <TestMethod codeBase="D:\actions-runner\_work\XPCO\XPCO\Corporate\Shared\Common.Integration\tst\VideoOS.Common.Integration.UnitTests\bin\x64\Debug\net472\VideoOS.Common.Integration.UnitTests.dll" adapterTypeName="executor://mstestadapter/v2" className="VideoOS.Common.Integration.UnitTests.WebAPI.Model.AddBookmarkModelTest" name="ModelValidation_RequiredPropertiesAreNull_Failed" />
    </UnitTest>
    <UnitTest name="ReadAttributeAsString_ElementNull" storage="d:\actions-runner\_work\xpco\xpco\corporate\shared\common.integration\tst\videoos.common.integration.unittests\bin\x64\debug\net472\videoos.common.integration.unittests.dll" id="7c45bb74-a50d-9024-163b-cbbd7fbd0abc">
      <Execution id="dbf775d1-21e8-450e-b36c-be452354ea0f" />
      <TestMethod codeBase="D:\actions-runner\_work\XPCO\XPCO\Corporate\Shared\Common.Integration\tst\VideoOS.Common.Integration.UnitTests\bin\x64\Debug\net472\VideoOS.Common.Integration.UnitTests.dll" adapterTypeName="executor://mstestadapter/v2" className="VideoOS.Common.Integration.UnitTests.XmlDocumentExtensionsCoreUnitTests" name="ReadAttributeAsString_ElementNull" />
    </UnitTest>
    <UnitTest name="IPHardwareBlockCollection_RemoveByHardware_Success" storage="d:\actions-runner\_work\xpco\xpco\corporate\shared\common.integration\tst\videoos.common.integration.unittests\bin\x64\debug\net472\videoos.common.integration.unittests.dll" id="cc0447ac-c3ff-2542-4d26-6d7b867f547a">
      <Execution id="c0391217-b847-4226-98f3-3330a4976911" />
      <TestMethod codeBase="D:\actions-runner\_work\XPCO\XPCO\Corporate\Shared\Common.Integration\tst\VideoOS.Common.Integration.UnitTests\bin\x64\Debug\net472\VideoOS.Common.Integration.UnitTests.dll" adapterTypeName="executor://mstestadapter/v2" className="VideoOS.Common.Integration.UnitTests.ConfigurationManager.IPHardwareBlockCollectionUnitTests" name="IPHardwareBlockCollection_RemoveByHardware_Success" />
    </UnitTest>
    <UnitTest name="FeatureManager_TryGetFeatureParameterValueT_Enum_Invalid_Value" storage="d:\actions-runner\_work\xpco\xpco\corporate\shared\common.integration\tst\videoos.common.integration.unittests\bin\x64\debug\net472\videoos.common.integration.unittests.dll" id="53eedc35-0123-bdb1-f0ec-70b902f09ce6">
      <Execution id="b4c08772-e977-48bc-a4fc-59900b75e116" />
      <TestMethod codeBase="D:\actions-runner\_work\XPCO\XPCO\Corporate\Shared\Common.Integration\tst\VideoOS.Common.Integration.UnitTests\bin\x64\Debug\net472\VideoOS.Common.Integration.UnitTests.dll" adapterTypeName="executor://mstestadapter/v2" className="VideoOS.Common.Integration.UnitTests.License.FeatureManagerTest" name="FeatureManager_TryGetFeatureParameterValueT_Enum_Invalid_Value" />
    </UnitTest>
    <UnitTest name="UpdateHardwareAggregates_FailsWhen_CalledTwice" storage="d:\actions-runner\_work\xpco\xpco\corporate\shared\common.integration\tst\videoos.common.integration.unittests\bin\x64\debug\net472\videoos.common.integration.unittests.dll" id="92454916-5108-915e-8369-9c28f3401013">
      <Execution id="6126d6d4-91f2-4d2d-80eb-834e19df2ca5" />
      <TestMethod codeBase="D:\actions-runner\_work\XPCO\XPCO\Corporate\Shared\Common.Integration\tst\VideoOS.Common.Integration.UnitTests\bin\x64\Debug\net472\VideoOS.Common.Integration.UnitTests.dll" adapterTypeName="executor://mstestadapter/v2" className="VideoOS.Common.Integration.UnitTests.License.HardwareDictionaryTests" name="UpdateHardwareAggregates_FailsWhen_CalledTwice" />
    </UnitTest>
    <UnitTest name="RecurringSchedule_GetCreationTime" storage="d:\actions-runner\_work\xpco\xpco\corporate\shared\common.integration\tst\videoos.common.integration.unittests\bin\x64\debug\net472\videoos.common.integration.unittests.dll" id="6c6a47cf-a555-2dfc-3a1a-07e1dc47adf6">
      <Execution id="d62b2c9e-2c13-4b7e-8a41-d80e69580340" />
      <TestMethod codeBase="D:\actions-runner\_work\XPCO\XPCO\Corporate\Shared\Common.Integration\tst\VideoOS.Common.Integration.UnitTests\bin\x64\Debug\net472\VideoOS.Common.Integration.UnitTests.dll" adapterTypeName="executor://mstestadapter/v2" className="VideoOS.Common.Integration.UnitTests.Scheduling.RecurringScheduleTest" name="RecurringSchedule_GetCreationTime" />
    </UnitTest>
    <UnitTest name="ServiceContainer_GetService_ServiceRegistered_IsNotNull" storage="d:\actions-runner\_work\xpco\xpco\corporate\shared\common.integration\tst\videoos.common.integration.unittests\bin\x64\debug\net472\videoos.common.integration.unittests.dll" id="59c78bde-8a7c-8ed3-ce14-aa5cf016ae59">
      <TestCategory>
        <TestCategoryItem TestCategory="ServiceContainer" />
      </TestCategory>
      <Execution id="cc176ee0-170a-42d9-a1d0-86e8dd738f17" />
      <TestMethod codeBase="D:\actions-runner\_work\XPCO\XPCO\Corporate\Shared\Common.Integration\tst\VideoOS.Common.Integration.UnitTests\bin\x64\Debug\net472\VideoOS.Common.Integration.UnitTests.dll" adapterTypeName="executor://mstestadapter/v2" className="VideoOS.Common.Integration.ServiceContainerTests.ServiceContainerUnitTests" name="ServiceContainer_GetService_ServiceRegistered_IsNotNull" />
    </UnitTest>
    <UnitTest name="Encrypt_DataSetHasNoRows_DataSetIsNotChanged" storage="d:\actions-runner\_work\xpco\xpco\corporate\shared\common.integration\tst\videoos.common.integration.unittests\bin\x64\debug\net472\videoos.common.integration.unittests.dll" id="824eaf78-9511-6d1e-a840-6111b3cf3560">
      <Execution id="6e3afabf-4baf-4140-a38d-f46b22771878" />
      <TestMethod codeBase="D:\actions-runner\_work\XPCO\XPCO\Corporate\Shared\Common.Integration\tst\VideoOS.Common.Integration.UnitTests\bin\x64\Debug\net472\VideoOS.Common.Integration.UnitTests.dll" adapterTypeName="executor://mstestadapter/v2" className="VideoOS.Common.Integration.UnitTests.Configuration.HostedHardwareTableAdapterTests" name="Encrypt_DataSetHasNoRows_DataSetIsNotChanged" />
    </UnitTest>
    <UnitTest name="Send_AuthenticationExceptionTwice_ThrowUnauthorizationException" storage="d:\actions-runner\_work\xpco\xpco\corporate\shared\common.integration\tst\videoos.common.integration.unittests\bin\x64\debug\net472\videoos.common.integration.unittests.dll" id="ccaec2f9-7676-0389-7bf6-792491867756">
      <Execution id="584bf521-db62-4540-b945-7ec9c13b847d" />
      <TestMethod codeBase="D:\actions-runner\_work\XPCO\XPCO\Corporate\Shared\Common.Integration\tst\VideoOS.Common.Integration.UnitTests\bin\x64\Debug\net472\VideoOS.Common.Integration.UnitTests.dll" adapterTypeName="executor://mstestadapter/v2" className="VideoOS.Common.Integration.WebApi.HttpClientCommunicatorUnitTests" name="Send_AuthenticationExceptionTwice_ThrowUnauthorizationException" />
    </UnitTest>
    <UnitTest name="Encrypt_DataSetHasEmptyPassword_PasswordIsStillEmpty" storage="d:\actions-runner\_work\xpco\xpco\corporate\shared\common.integration\tst\videoos.common.integration.unittests\bin\x64\debug\net472\videoos.common.integration.unittests.dll" id="3ff3bc6d-9bae-1e17-40b6-e5282e1f7ee4">
      <Execution id="8034ee9f-88b4-4b0d-886a-ac70927f8401" />
      <TestMethod codeBase="D:\actions-runner\_work\XPCO\XPCO\Corporate\Shared\Common.Integration\tst\VideoOS.Common.Integration.UnitTests\bin\x64\Debug\net472\VideoOS.Common.Integration.UnitTests.dll" adapterTypeName="executor://mstestadapter/v2" className="VideoOS.Common.Integration.UnitTests.Configuration.HostedHardwareTableAdapterTests" name="Encrypt_DataSetHasEmptyPassword_PasswordIsStillEmpty" />
    </UnitTest>
    <UnitTest name="ServerFileStorage_WriteStream_AboveQuota_Exception" storage="d:\actions-runner\_work\xpco\xpco\corporate\shared\common.integration\tst\videoos.common.integration.unittests\bin\x64\debug\net472\videoos.common.integration.unittests.dll" id="137dcf16-29c0-a574-9539-2ee0cc284a4c">
      <Execution id="5b01bb68-c90f-4b7d-8cdb-a6c480704372" />
      <TestMethod codeBase="D:\actions-runner\_work\XPCO\XPCO\Corporate\Shared\Common.Integration\tst\VideoOS.Common.Integration.UnitTests\bin\x64\Debug\net472\VideoOS.Common.Integration.UnitTests.dll" adapterTypeName="executor://mstestadapter/v2" className="VideoOS.Common.Integration.UnitTests.ServerFileStorageTests" name="ServerFileStorage_WriteStream_AboveQuota_Exception" />
    </UnitTest>
    <UnitTest name="LicenseDocument_ValidateIsIcpDeviceLicensed_NonIcpDevice_ThrowsInvalidOperationException" storage="d:\actions-runner\_work\xpco\xpco\corporate\shared\common.integration\tst\videoos.common.integration.unittests\bin\x64\debug\net472\videoos.common.integration.unittests.dll" id="37dbfa10-3842-fe4c-e664-4886ba1bdb80">
      <TestCategory>
        <TestCategoryItem TestCategory="LicenseDocumentTest" />
      </TestCategory>
      <Execution id="505c1d3a-fb3b-4af2-b15d-9784b3243c5d" />
      <TestMethod codeBase="D:\actions-runner\_work\XPCO\XPCO\Corporate\Shared\Common.Integration\tst\VideoOS.Common.Integration.UnitTests\bin\x64\Debug\net472\VideoOS.Common.Integration.UnitTests.dll" adapterTypeName="executor://mstestadapter/v2" className="VideoOS.Common.Integration.UnitTests.License.LicenseDocumentTests" name="LicenseDocument_ValidateIsIcpDeviceLicensed_NonIcpDevice_ThrowsInvalidOperationException" />
    </UnitTest>
    <UnitTest name="ToLogEntrySystem_ModelWithLogeDefinition_SuccessConvertion" storage="d:\actions-runner\_work\xpco\xpco\corporate\shared\common.integration\tst\videoos.common.integration.unittests\bin\x64\debug\net472\videoos.common.integration.unittests.dll" id="988ea28e-c06c-c766-fcaa-2005e7f594eb">
      <Execution id="6ac66b47-f2d7-438a-9665-6f2935efe451" />
      <TestMethod codeBase="D:\actions-runner\_work\XPCO\XPCO\Corporate\Shared\Common.Integration\tst\VideoOS.Common.Integration.UnitTests\bin\x64\Debug\net472\VideoOS.Common.Integration.UnitTests.dll" adapterTypeName="executor://mstestadapter/v2" className="VideoOS.Common.Integration.UnitTests.WebAPI.Model.Server.LogEntryModelConverterTest" name="ToLogEntrySystem_ModelWithLogeDefinition_SuccessConvertion" />
    </UnitTest>
    <UnitTest name="CalculateLicenseRequirements_Whitelisted_SameHardwareOnMultipleRecordingServers_CountsLicensesForSingleHardware" storage="d:\actions-runner\_work\xpco\xpco\corporate\shared\common.integration\tst\videoos.common.integration.unittests\bin\x64\debug\net472\videoos.common.integration.unittests.dll" id="436cc816-548b-1484-e46f-b2c4cfa442fc">
      <Execution id="70c946c5-12d7-46be-8c5c-32fd02d3819d" />
      <TestMethod codeBase="D:\actions-runner\_work\XPCO\XPCO\Corporate\Shared\Common.Integration\tst\VideoOS.Common.Integration.UnitTests\bin\x64\Debug\net472\VideoOS.Common.Integration.UnitTests.dll" adapterTypeName="executor://mstestadapter/v2" className="VideoOS.Common.Integration.UnitTests.License.LicenseCalculatorTests" name="CalculateLicenseRequirements_Whitelisted_SameHardwareOnMultipleRecordingServers_CountsLicensesForSingleHardware" />
    </UnitTest>
    <UnitTest name="TokenHandler_GetNewToken_Failed" storage="d:\actions-runner\_work\xpco\xpco\corporate\shared\common.integration\tst\videoos.common.integration.unittests\bin\x64\debug\net472\videoos.common.integration.unittests.dll" id="112a5225-ee11-41ae-8ade-6f05be233ebc">
      <Execution id="2f0c41c4-9058-4fed-8337-2c3b13b10697" />
      <TestMethod codeBase="D:\actions-runner\_work\XPCO\XPCO\Corporate\Shared\Common.Integration\tst\VideoOS.Common.Integration.UnitTests\bin\x64\Debug\net472\VideoOS.Common.Integration.UnitTests.dll" adapterTypeName="executor://mstestadapter/v2" className="VideoOS.Common.Integration.UnitTests.Security.TokenHandler_UnitTests" name="TokenHandler_GetNewToken_Failed" />
    </UnitTest>
    <UnitTest name="HttpClientCommunicatorWrapper_PatchAsyncTObj_Success" storage="d:\actions-runner\_work\xpco\xpco\corporate\shared\common.integration\tst\videoos.common.integration.unittests\bin\x64\debug\net472\videoos.common.integration.unittests.dll" id="6c76e73f-e05c-df6d-d125-847a9b06671b">
      <Execution id="d82cf834-8c4b-4ac6-8050-a32e0a8d4a17" />
      <TestMethod codeBase="D:\actions-runner\_work\XPCO\XPCO\Corporate\Shared\Common.Integration\tst\VideoOS.Common.Integration.UnitTests\bin\x64\Debug\net472\VideoOS.Common.Integration.UnitTests.dll" adapterTypeName="executor://mstestadapter/v2" className="VideoOS.Common.Integration.UnitTests.WebAPI.HttpClientCommunicatorWrapperTests" name="HttpClientCommunicatorWrapper_PatchAsyncTObj_Success" />
    </UnitTest>
    <UnitTest name="ConvertStringToPort_Port80_Returns80" storage="d:\actions-runner\_work\xpco\xpco\corporate\shared\common.integration\tst\videoos.common.integration.unittests\bin\x64\debug\net472\videoos.common.integration.unittests.dll" id="7ba31baf-48d0-73d7-0128-b14ca25f62b0">
      <TestCategory>
        <TestCategoryItem TestCategory="UriHandling" />
      </TestCategory>
      <Execution id="98cca68a-37f0-44e9-ba48-d57b226d5812" />
      <TestMethod codeBase="D:\actions-runner\_work\XPCO\XPCO\Corporate\Shared\Common.Integration\tst\VideoOS.Common.Integration.UnitTests\bin\x64\Debug\net472\VideoOS.Common.Integration.UnitTests.dll" adapterTypeName="executor://mstestadapter/v2" className="VideoOS.Common.Integration.UnitTests.Communication.UriHandlingUnitTests" name="ConvertStringToPort_Port80_Returns80" />
    </UnitTest>
    <UnitTest name="ServerFileStorageQuota_TwoConsumers_Success" storage="d:\actions-runner\_work\xpco\xpco\corporate\shared\common.integration\tst\videoos.common.integration.unittests\bin\x64\debug\net472\videoos.common.integration.unittests.dll" id="36f9cce3-d7b2-da0c-ef54-7bd01d68e09e">
      <Execution id="e940c976-7398-491b-8589-871c7682ce8e" />
      <TestMethod codeBase="D:\actions-runner\_work\XPCO\XPCO\Corporate\Shared\Common.Integration\tst\VideoOS.Common.Integration.UnitTests\bin\x64\Debug\net472\VideoOS.Common.Integration.UnitTests.dll" adapterTypeName="executor://mstestadapter/v2" className="VideoOS.Common.Integration.UnitTests.ServerFileStorageQuotaTests" name="ServerFileStorageQuota_TwoConsumers_Success" />
    </UnitTest>
    <UnitTest name="LicenseActivationService_AcquireLicense_LicenseNotAllowed_TooManyRecordersRequested" storage="d:\actions-runner\_work\xpco\xpco\corporate\shared\common.integration\tst\videoos.common.integration.unittests\bin\x64\debug\net472\videoos.common.integration.unittests.dll" id="352495dc-a484-8c59-3282-0bb69933bfaf">
      <Execution id="6f7ddcd7-402d-4282-a242-83cfb619eaa7" />
      <TestMethod codeBase="D:\actions-runner\_work\XPCO\XPCO\Corporate\Shared\Common.Integration\tst\VideoOS.Common.Integration.UnitTests\bin\x64\Debug\net472\VideoOS.Common.Integration.UnitTests.dll" adapterTypeName="executor://mstestadapter/v2" className="VideoOS.Common.Integration.UnitTests.License.LicenseActivationServiceTests" name="LicenseActivationService_AcquireLicense_LicenseNotAllowed_TooManyRecordersRequested" />
    </UnitTest>
    <UnitTest name="RulesTableAdapter_ClearUserSid_NotInitialized_InvalidOperationException" storage="d:\actions-runner\_work\xpco\xpco\corporate\shared\common.integration\tst\videoos.common.integration.unittests\bin\x64\debug\net472\videoos.common.integration.unittests.dll" id="0576350e-e378-4d3c-7ec2-5e805d7a8015">
      <Execution id="c2ee29ed-7179-438e-9366-73a38cc544c8" />
      <TestMethod codeBase="D:\actions-runner\_work\XPCO\XPCO\Corporate\Shared\Common.Integration\tst\VideoOS.Common.Integration.UnitTests\bin\x64\Debug\net472\VideoOS.Common.Integration.UnitTests.dll" adapterTypeName="executor://mstestadapter/v2" className="VideoOS.Common.Integration.UnitTests.Configuration.RulesTableAdapterUnitTests" name="RulesTableAdapter_ClearUserSid_NotInitialized_InvalidOperationException" />
    </UnitTest>
    <UnitTest name="Test_Members_NoMembers" storage="d:\actions-runner\_work\xpco\xpco\corporate\shared\common.integration\tst\videoos.common.integration.unittests\bin\x64\debug\net472\videoos.common.integration.unittests.dll" id="82e08919-1e06-09d0-70c8-c88a837effc5">
      <Execution id="a230ddb8-21ff-4b1d-88ba-28d905abdf7f" />
      <TestMethod codeBase="D:\actions-runner\_work\XPCO\XPCO\Corporate\Shared\Common.Integration\tst\VideoOS.Common.Integration.UnitTests\bin\x64\Debug\net472\VideoOS.Common.Integration.UnitTests.dll" adapterTypeName="executor://mstestadapter/v2" className="VideoOS.Common.Integration.UnitTests.Caching.MembershipCacheUnitTest" name="Test_Members_NoMembers" />
    </UnitTest>
    <UnitTest name="FeatureManager_GetFeatureParameterValueT_License_Doc_Null" storage="d:\actions-runner\_work\xpco\xpco\corporate\shared\common.integration\tst\videoos.common.integration.unittests\bin\x64\debug\net472\videoos.common.integration.unittests.dll" id="026b93c1-f06a-1d31-3ee8-d48a29f02d9b">
      <Execution id="4e4f7510-90a2-400d-b678-f750f1ed894d" />
      <TestMethod codeBase="D:\actions-runner\_work\XPCO\XPCO\Corporate\Shared\Common.Integration\tst\VideoOS.Common.Integration.UnitTests\bin\x64\Debug\net472\VideoOS.Common.Integration.UnitTests.dll" adapterTypeName="executor://mstestadapter/v2" className="VideoOS.Common.Integration.UnitTests.License.FeatureManagerTest" name="FeatureManager_GetFeatureParameterValueT_License_Doc_Null" />
    </UnitTest>
    <UnitTest name="LicenseCalculationResult_Validate_Null_MacAddress_Throws_ArgumentNullException" storage="d:\actions-runner\_work\xpco\xpco\corporate\shared\common.integration\tst\videoos.common.integration.unittests\bin\x64\debug\net472\videoos.common.integration.unittests.dll" id="0c386d09-84d1-9cae-13d9-2693f8757153">
      <Execution id="327914b8-4629-4f7a-9410-e29a06df8cd8" />
      <TestMethod codeBase="D:\actions-runner\_work\XPCO\XPCO\Corporate\Shared\Common.Integration\tst\VideoOS.Common.Integration.UnitTests\bin\x64\Debug\net472\VideoOS.Common.Integration.UnitTests.dll" adapterTypeName="executor://mstestadapter/v2" className="VideoOS.Common.Integration.UnitTests.License.LicenseCalculatorTests" name="LicenseCalculationResult_Validate_Null_MacAddress_Throws_ArgumentNullException" />
    </UnitTest>
    <UnitTest name="SystemConfigurationModel_Validate_Failed" storage="d:\actions-runner\_work\xpco\xpco\corporate\shared\common.integration\tst\videoos.common.integration.unittests\bin\x64\debug\net472\videoos.common.integration.unittests.dll" id="f1e09b94-758b-c004-83a2-50ae5b0aaf24">
      <Execution id="7fa2c0ca-21ac-412c-9372-c67745728897" />
      <TestMethod codeBase="D:\actions-runner\_work\XPCO\XPCO\Corporate\Shared\Common.Integration\tst\VideoOS.Common.Integration.UnitTests\bin\x64\Debug\net472\VideoOS.Common.Integration.UnitTests.dll" adapterTypeName="executor://mstestadapter/v2" className="VideoOS.Common.Integration.UnitTests.WebAPI.Model.SystemConfigurationModelTest" name="SystemConfigurationModel_Validate_Failed" />
    </UnitTest>
    <UnitTest name="IsDeviceLicensed_ReturnsFalse_OnNotActivatedICPDevice" storage="d:\actions-runner\_work\xpco\xpco\corporate\shared\common.integration\tst\videoos.common.integration.unittests\bin\x64\debug\net472\videoos.common.integration.unittests.dll" id="f420811b-d1c5-b93f-d7a5-346979ce05d1">
      <TestCategory>
        <TestCategoryItem TestCategory="LicenseDocumentTest" />
      </TestCategory>
      <Execution id="26d6d8ba-9c01-4917-8bd0-606574afbc59" />
      <TestMethod codeBase="D:\actions-runner\_work\XPCO\XPCO\Corporate\Shared\Common.Integration\tst\VideoOS.Common.Integration.UnitTests\bin\x64\Debug\net472\VideoOS.Common.Integration.UnitTests.dll" adapterTypeName="executor://mstestadapter/v2" className="VideoOS.Common.Integration.UnitTests.License.LicenseDocumentTests" name="IsDeviceLicensed_ReturnsFalse_OnNotActivatedICPDevice" />
    </UnitTest>
    <UnitTest name="CalculateLicenseRequirements_On1ICPHardwareWith6Channels_ReturnsTrue" storage="d:\actions-runner\_work\xpco\xpco\corporate\shared\common.integration\tst\videoos.common.integration.unittests\bin\x64\debug\net472\videoos.common.integration.unittests.dll" id="b3f25df2-bbf0-f1eb-b76b-e36e91215ec6">
      <Execution id="09da03f5-62b9-49dd-9a37-59e7e6879bad" />
      <TestMethod codeBase="D:\actions-runner\_work\XPCO\XPCO\Corporate\Shared\Common.Integration\tst\VideoOS.Common.Integration.UnitTests\bin\x64\Debug\net472\VideoOS.Common.Integration.UnitTests.dll" adapterTypeName="executor://mstestadapter/v2" className="VideoOS.Common.Integration.UnitTests.License.LicenseCalculatorTests" name="CalculateLicenseRequirements_On1ICPHardwareWith6Channels_ReturnsTrue" />
    </UnitTest>
    <UnitTest name="DatabaseResponseDiskUsagesModel_NoValuesSet_ValidationFailure" storage="d:\actions-runner\_work\xpco\xpco\corporate\shared\common.integration\tst\videoos.common.integration.unittests\bin\x64\debug\net472\videoos.common.integration.unittests.dll" id="71f52ade-acf3-df28-374d-551fa3fa4768">
      <Execution id="e8119acf-66a0-4744-9b1c-f895ce8b3c42" />
      <TestMethod codeBase="D:\actions-runner\_work\XPCO\XPCO\Corporate\Shared\Common.Integration\tst\VideoOS.Common.Integration.UnitTests\bin\x64\Debug\net472\VideoOS.Common.Integration.UnitTests.dll" adapterTypeName="executor://mstestadapter/v2" className="VideoOS.Common.Integration.UnitTests.WebApi.Model.DatabaseResponseModelTest" name="DatabaseResponseDiskUsagesModel_NoValuesSet_ValidationFailure" />
    </UnitTest>
    <UnitTest name="Decrypt_MissingMarker" storage="d:\actions-runner\_work\xpco\xpco\corporate\shared\common.integration\tst\videoos.common.integration.unittests\bin\x64\debug\net472\videoos.common.integration.unittests.dll" id="2488323e-fbaf-67b7-4dae-e697d49eb7c6">
      <Execution id="8008adef-199b-4836-aba3-b7ac9a43606a" />
      <TestMethod codeBase="D:\actions-runner\_work\XPCO\XPCO\Corporate\Shared\Common.Integration\tst\VideoOS.Common.Integration.UnitTests\bin\x64\Debug\net472\VideoOS.Common.Integration.UnitTests.dll" adapterTypeName="executor://mstestadapter/v2" className="VideoOS.Common.Integration.UnitTests.Configuration.SettingsXmlTransformerTests" name="Decrypt_MissingMarker" />
    </UnitTest>
    <UnitTest name="VersionExtensions_GetVersionWithoutBuild_Success" storage="d:\actions-runner\_work\xpco\xpco\corporate\shared\common.integration\tst\videoos.common.integration.unittests\bin\x64\debug\net472\videoos.common.integration.unittests.dll" id="b40a2f62-cd09-ca7d-1397-74cf0ee9e432">
      <Execution id="182930c5-9b81-48d4-b21f-af5aa36ced40" />
      <TestMethod codeBase="D:\actions-runner\_work\XPCO\XPCO\Corporate\Shared\Common.Integration\tst\VideoOS.Common.Integration.UnitTests\bin\x64\Debug\net472\VideoOS.Common.Integration.UnitTests.dll" adapterTypeName="executor://mstestadapter/v2" className="VideoOS.Common.Integration.UnitTests.Extensions.VersionExtensionsTests" name="VersionExtensions_GetVersionWithoutBuild_Success" />
    </UnitTest>
    <UnitTest name="QueuedCommandExecutor_Dispose_Success" storage="d:\actions-runner\_work\xpco\xpco\corporate\shared\common.integration\tst\videoos.common.integration.unittests\bin\x64\debug\net472\videoos.common.integration.unittests.dll" id="69c59d81-ccf8-1d57-cc59-ba6a7bceeef5">
      <Execution id="c3da894d-1005-4906-a30c-7ea884464c76" />
      <TestMethod codeBase="D:\actions-runner\_work\XPCO\XPCO\Corporate\Shared\Common.Integration\tst\VideoOS.Common.Integration.UnitTests\bin\x64\Debug\net472\VideoOS.Common.Integration.UnitTests.dll" adapterTypeName="executor://mstestadapter/v2" className="VideoOS.Common.Integration.UnitTests.Command.CommandProcessor.QueuedCommandExecutorUnitTests" name="QueuedCommandExecutor_Dispose_Success" />
    </UnitTest>
    <UnitTest name="HardwareInfo_HasEnabledCameras_ReturnsFalseWhenNoEnabledCameras" storage="d:\actions-runner\_work\xpco\xpco\corporate\shared\common.integration\tst\videoos.common.integration.unittests\bin\x64\debug\net472\videoos.common.integration.unittests.dll" id="c5e813fd-3aed-02c3-2a3b-79c4d524cf83">
      <Execution id="865620bd-b0a6-43f1-8d6f-79772627b45c" />
      <TestMethod codeBase="D:\actions-runner\_work\XPCO\XPCO\Corporate\Shared\Common.Integration\tst\VideoOS.Common.Integration.UnitTests\bin\x64\Debug\net472\VideoOS.Common.Integration.UnitTests.dll" adapterTypeName="executor://mstestadapter/v2" className="VideoOS.Common.Integration.UnitTests.License.HardwareInfoTests" name="HardwareInfo_HasEnabledCameras_ReturnsFalseWhenNoEnabledCameras" />
    </UnitTest>
    <UnitTest name="HttpClientCommunicatorWrapper_ReceiveTRet_Success" storage="d:\actions-runner\_work\xpco\xpco\corporate\shared\common.integration\tst\videoos.common.integration.unittests\bin\x64\debug\net472\videoos.common.integration.unittests.dll" id="67fcb600-6dc8-ee82-951b-19bc7b6681d9">
      <Execution id="a12e0a7a-1497-4f3d-9627-45343637b000" />
      <TestMethod codeBase="D:\actions-runner\_work\XPCO\XPCO\Corporate\Shared\Common.Integration\tst\VideoOS.Common.Integration.UnitTests\bin\x64\Debug\net472\VideoOS.Common.Integration.UnitTests.dll" adapterTypeName="executor://mstestadapter/v2" className="VideoOS.Common.Integration.UnitTests.WebAPI.HttpClientCommunicatorWrapperTests" name="HttpClientCommunicatorWrapper_ReceiveTRet_Success" />
    </UnitTest>
    <UnitTest name="LegacySecurityAttributeMapper_All_Properties_Mapped" storage="d:\actions-runner\_work\xpco\xpco\corporate\shared\common.integration\tst\videoos.common.integration.unittests\bin\x64\debug\net472\videoos.common.integration.unittests.dll" id="f005a168-1d6f-2ad6-8153-dde60fa10192">
      <Execution id="53f8fb76-9fbe-4cf6-a9c3-8f7084673a3b" />
      <TestMethod codeBase="D:\actions-runner\_work\XPCO\XPCO\Corporate\Shared\Common.Integration\tst\VideoOS.Common.Integration.UnitTests\bin\x64\Debug\net472\VideoOS.Common.Integration.UnitTests.dll" adapterTypeName="executor://mstestadapter/v2" className="VideoOS.Common.Integration.UnitTests.Security.LegacySecurityAttributeMapperUnitTests" name="LegacySecurityAttributeMapper_All_Properties_Mapped" />
    </UnitTest>
    <UnitTest name="ModelValidation_RequiredPropertiesAreNull_Failed" storage="d:\actions-runner\_work\xpco\xpco\corporate\shared\common.integration\tst\videoos.common.integration.unittests\bin\x64\debug\net472\videoos.common.integration.unittests.dll" id="4b7cd3e8-0f1c-aa79-d168-fcca1bc15eea">
      <Execution id="13b5c319-0006-4768-8f25-5a76000f82a8" />
      <TestMethod codeBase="D:\actions-runner\_work\XPCO\XPCO\Corporate\Shared\Common.Integration\tst\VideoOS.Common.Integration.UnitTests\bin\x64\Debug\net472\VideoOS.Common.Integration.UnitTests.dll" adapterTypeName="executor://mstestadapter/v2" className="VideoOS.Common.Integration.UnitTests.WebAPI.Model.TaskModelTest" name="ModelValidation_RequiredPropertiesAreNull_Failed" />
    </UnitTest>
    <UnitTest name="AddressDriverPairs_SerializationTest" storage="d:\actions-runner\_work\xpco\xpco\corporate\shared\common.integration\tst\videoos.common.integration.unittests\bin\x64\debug\net472\videoos.common.integration.unittests.dll" id="9b6d1d16-dd72-74f7-830b-2ed37f788595">
      <Execution id="852f49f3-1110-4bab-becf-fd28c627012e" />
      <TestMethod codeBase="D:\actions-runner\_work\XPCO\XPCO\Corporate\Shared\Common.Integration\tst\VideoOS.Common.Integration.UnitTests\bin\x64\Debug\net472\VideoOS.Common.Integration.UnitTests.dll" adapterTypeName="executor://mstestadapter/v2" className="VideoOS.Common.Integration.UnitTests.AddressDriverPairsTest" name="AddressDriverPairs_SerializationTest" />
    </UnitTest>
    <UnitTest name="WhiteList_IsDriverWhiteListed_HWWith17CH_GlobalMaxChannelCount16DriverMaxChannelCountInvalid_ReturnsFalse" storage="d:\actions-runner\_work\xpco\xpco\corporate\shared\common.integration\tst\videoos.common.integration.unittests\bin\x64\debug\net472\videoos.common.integration.unittests.dll" id="5a40db3a-8eb6-b66c-4632-62d2188edcd1">
      <TestCategory>
        <TestCategoryItem TestCategory="Licensing" />
      </TestCategory>
      <Execution id="849654c1-52bb-4375-a3d8-c16508e49a3e" />
      <TestMethod codeBase="D:\actions-runner\_work\XPCO\XPCO\Corporate\Shared\Common.Integration\tst\VideoOS.Common.Integration.UnitTests\bin\x64\Debug\net472\VideoOS.Common.Integration.UnitTests.dll" adapterTypeName="executor://mstestadapter/v2" className="VideoOS.Common.Integration.UnitTests.License.LicenseWhitelistTests" name="WhiteList_IsDriverWhiteListed_HWWith17CH_GlobalMaxChannelCount16DriverMaxChannelCountInvalid_ReturnsFalse" />
    </UnitTest>
    <UnitTest name="FindFrameIdx_TimeF3" storage="d:\actions-runner\_work\xpco\xpco\corporate\shared\common.integration\tst\videoos.common.integration.unittests\bin\x64\debug\net472\videoos.common.integration.unittests.dll" id="de144c42-722d-4362-92bf-35d2632d827d">
      <Execution id="b01dbec6-1eb4-4639-bc39-1a931feb5aaf" />
      <TestMethod codeBase="D:\actions-runner\_work\XPCO\XPCO\Corporate\Shared\Common.Integration\tst\VideoOS.Common.Integration.UnitTests\bin\x64\Debug\net472\VideoOS.Common.Integration.UnitTests.dll" adapterTypeName="executor://mstestadapter/v2" className="VideoOS.Common.Integration.UnitTests.GenericGopTest" name="FindFrameIdx_TimeF3" />
    </UnitTest>
    <UnitTest name="Validate_WhitelistedHardware_DoesNotAppearOnGrid_Information_Success" storage="d:\actions-runner\_work\xpco\xpco\corporate\shared\common.integration\tst\videoos.common.integration.unittests\bin\x64\debug\net472\videoos.common.integration.unittests.dll" id="86a614c5-a9e3-9e38-ecb7-023ac78c15b1">
      <Execution id="5cc57ad8-37dd-4cd5-aab0-7299c18f4a4e" />
      <TestMethod codeBase="D:\actions-runner\_work\XPCO\XPCO\Corporate\Shared\Common.Integration\tst\VideoOS.Common.Integration.UnitTests\bin\x64\Debug\net472\VideoOS.Common.Integration.UnitTests.dll" adapterTypeName="executor://mstestadapter/v2" className="VideoOS.Common.Integration.UnitTests.License.LicenseReportGeneratorTests" name="Validate_WhitelistedHardware_DoesNotAppearOnGrid_Information_Success" />
    </UnitTest>
    <UnitTest name="HttpClientCommunicatorWrapper_PatchAsync_CommunicationException" storage="d:\actions-runner\_work\xpco\xpco\corporate\shared\common.integration\tst\videoos.common.integration.unittests\bin\x64\debug\net472\videoos.common.integration.unittests.dll" id="0c10a380-a25b-0db6-28d6-c785dac662f9">
      <Execution id="ffd0a922-60b4-432b-b512-f5d9c5bd628d" />
      <TestMethod codeBase="D:\actions-runner\_work\XPCO\XPCO\Corporate\Shared\Common.Integration\tst\VideoOS.Common.Integration.UnitTests\bin\x64\Debug\net472\VideoOS.Common.Integration.UnitTests.dll" adapterTypeName="executor://mstestadapter/v2" className="VideoOS.Common.Integration.UnitTests.WebAPI.HttpClientCommunicatorWrapperTests" name="HttpClientCommunicatorWrapper_PatchAsync_CommunicationException" />
    </UnitTest>
    <UnitTest name="CreateHttpUri_FtpDefaultPort_UseDefaultPortTrue_BecomesHttpPort80" storage="d:\actions-runner\_work\xpco\xpco\corporate\shared\common.integration\tst\videoos.common.integration.unittests\bin\x64\debug\net472\videoos.common.integration.unittests.dll" id="436f02f9-0638-47ff-c0a7-0d7f79dceb32">
      <TestCategory>
        <TestCategoryItem TestCategory="UriHandling" />
      </TestCategory>
      <Execution id="6cfee0a7-d7e0-4b1e-a556-0c0bf749512b" />
      <TestMethod codeBase="D:\actions-runner\_work\XPCO\XPCO\Corporate\Shared\Common.Integration\tst\VideoOS.Common.Integration.UnitTests\bin\x64\Debug\net472\VideoOS.Common.Integration.UnitTests.dll" adapterTypeName="executor://mstestadapter/v2" className="VideoOS.Common.Integration.UnitTests.Communication.UriHandlingUnitTests" name="CreateHttpUri_FtpDefaultPort_UseDefaultPortTrue_BecomesHttpPort80" />
    </UnitTest>
    <UnitTest name="FindFrameIdx_TimeBeforeF1" storage="d:\actions-runner\_work\xpco\xpco\corporate\shared\common.integration\tst\videoos.common.integration.unittests\bin\x64\debug\net472\videoos.common.integration.unittests.dll" id="41984f69-e66c-4343-2e79-9cf2ba4e6e0e">
      <Execution id="8d49e51b-4912-4a0d-bc27-693196776768" />
      <TestMethod codeBase="D:\actions-runner\_work\XPCO\XPCO\Corporate\Shared\Common.Integration\tst\VideoOS.Common.Integration.UnitTests\bin\x64\Debug\net472\VideoOS.Common.Integration.UnitTests.dll" adapterTypeName="executor://mstestadapter/v2" className="VideoOS.Common.Integration.UnitTests.GenericGopTest" name="FindFrameIdx_TimeBeforeF1" />
    </UnitTest>
    <UnitTest name="Call_HttpPost_InvalidParam_UriRelative_ThrowsArgumentException" storage="d:\actions-runner\_work\xpco\xpco\corporate\shared\common.integration\tst\videoos.common.integration.unittests\bin\x64\debug\net472\videoos.common.integration.unittests.dll" id="ca35c9c3-001f-638b-cf1a-12403b970196">
      <Execution id="da545182-a19b-41bb-ac4a-146fd33b89d9" />
      <TestMethod codeBase="D:\actions-runner\_work\XPCO\XPCO\Corporate\Shared\Common.Integration\tst\VideoOS.Common.Integration.UnitTests\bin\x64\Debug\net472\VideoOS.Common.Integration.UnitTests.dll" adapterTypeName="executor://mstestadapter/v2" className="VideoOS.Common.Integration.UnitTests.Communication.HttpPostTests" name="Call_HttpPost_InvalidParam_UriRelative_ThrowsArgumentException" />
    </UnitTest>
    <UnitTest name="LicenseActivationService_AcquireLicense_AccessDenied_Generic" storage="d:\actions-runner\_work\xpco\xpco\corporate\shared\common.integration\tst\videoos.common.integration.unittests\bin\x64\debug\net472\videoos.common.integration.unittests.dll" id="c5a091a8-3777-c837-979d-5138bbc3ce18">
      <Execution id="d54334e7-3adc-476f-92f3-4a709dc3066b" />
      <TestMethod codeBase="D:\actions-runner\_work\XPCO\XPCO\Corporate\Shared\Common.Integration\tst\VideoOS.Common.Integration.UnitTests\bin\x64\Debug\net472\VideoOS.Common.Integration.UnitTests.dll" adapterTypeName="executor://mstestadapter/v2" className="VideoOS.Common.Integration.UnitTests.License.LicenseActivationServiceTests" name="LicenseActivationService_AcquireLicense_AccessDenied_Generic" />
    </UnitTest>
    <UnitTest name="WhiteList_IsModelWhiteListed_HWWith12CH_ModelMaxChannelCountIs16GlobalMaxChannelCountIs10_ReturnsTrue" storage="d:\actions-runner\_work\xpco\xpco\corporate\shared\common.integration\tst\videoos.common.integration.unittests\bin\x64\debug\net472\videoos.common.integration.unittests.dll" id="aff89e7a-22e7-3b3e-1ce8-459408217c65">
      <TestCategory>
        <TestCategoryItem TestCategory="Licensing" />
      </TestCategory>
      <Execution id="0963ee9b-32b2-4099-a6ae-b5a06dc65170" />
      <TestMethod codeBase="D:\actions-runner\_work\XPCO\XPCO\Corporate\Shared\Common.Integration\tst\VideoOS.Common.Integration.UnitTests\bin\x64\Debug\net472\VideoOS.Common.Integration.UnitTests.dll" adapterTypeName="executor://mstestadapter/v2" className="VideoOS.Common.Integration.UnitTests.License.LicenseWhitelistTests" name="WhiteList_IsModelWhiteListed_HWWith12CH_ModelMaxChannelCountIs16GlobalMaxChannelCountIs10_ReturnsTrue" />
    </UnitTest>
    <UnitTest name="FeatureManager_LicenseExpires_DateTimeMin_ReturnsFalse" storage="d:\actions-runner\_work\xpco\xpco\corporate\shared\common.integration\tst\videoos.common.integration.unittests\bin\x64\debug\net472\videoos.common.integration.unittests.dll" id="285de3cc-7463-97c5-7a4d-9fc18f07fa37">
      <Execution id="7a423236-2dc5-40fd-8eb0-49fd15fa5481" />
      <TestMethod codeBase="D:\actions-runner\_work\XPCO\XPCO\Corporate\Shared\Common.Integration\tst\VideoOS.Common.Integration.UnitTests\bin\x64\Debug\net472\VideoOS.Common.Integration.UnitTests.dll" adapterTypeName="executor://mstestadapter/v2" className="VideoOS.Common.Integration.UnitTests.License.FeatureManagerTest" name="FeatureManager_LicenseExpires_DateTimeMin_ReturnsFalse" />
    </UnitTest>
    <UnitTest name="ToLogEntryRule_ModelNull_ArgumentNullException" storage="d:\actions-runner\_work\xpco\xpco\corporate\shared\common.integration\tst\videoos.common.integration.unittests\bin\x64\debug\net472\videoos.common.integration.unittests.dll" id="81c93919-c20e-2813-2eb1-0bccec0d14c6">
      <Execution id="c7d4a0a1-e7ee-4904-bc38-97600288cf14" />
      <TestMethod codeBase="D:\actions-runner\_work\XPCO\XPCO\Corporate\Shared\Common.Integration\tst\VideoOS.Common.Integration.UnitTests\bin\x64\Debug\net472\VideoOS.Common.Integration.UnitTests.dll" adapterTypeName="executor://mstestadapter/v2" className="VideoOS.Common.Integration.UnitTests.WebAPI.Model.Server.LogEntryModelConverterTest" name="ToLogEntryRule_ModelNull_ArgumentNullException" />
    </UnitTest>
    <UnitTest name="TestSetRegionWithRadiusFillsTheRegionsWithRegionLargerThanTheGrid" storage="d:\actions-runner\_work\xpco\xpco\corporate\shared\common.integration\tst\videoos.common.integration.unittests\bin\x64\debug\net472\videoos.common.integration.unittests.dll" id="af6f0a01-3619-ada2-6cf5-b0a0824e3b92">
      <Execution id="46e55012-be75-466c-88a4-42c70759fab2" />
      <TestMethod codeBase="D:\actions-runner\_work\XPCO\XPCO\Corporate\Shared\Common.Integration\tst\VideoOS.Common.Integration.UnitTests\bin\x64\Debug\net472\VideoOS.Common.Integration.UnitTests.dll" adapterTypeName="executor://mstestadapter/v2" className="VideoOS.Common.Integration.UnitTests.Configuration.FillableGridAreaUnitTest" name="TestSetRegionWithRadiusFillsTheRegionsWithRegionLargerThanTheGrid" />
    </UnitTest>
    <UnitTest name="ReadAttributeAsString_EmptyString" storage="d:\actions-runner\_work\xpco\xpco\corporate\shared\common.integration\tst\videoos.common.integration.unittests\bin\x64\debug\net472\videoos.common.integration.unittests.dll" id="4cb64fa9-0a70-e363-f896-e92dee62296c">
      <Execution id="ade8dab9-8d4a-4fa4-a865-0c3400d86a5a" />
      <TestMethod codeBase="D:\actions-runner\_work\XPCO\XPCO\Corporate\Shared\Common.Integration\tst\VideoOS.Common.Integration.UnitTests\bin\x64\Debug\net472\VideoOS.Common.Integration.UnitTests.dll" adapterTypeName="executor://mstestadapter/v2" className="VideoOS.Common.Integration.UnitTests.XmlDocumentExtensionsCoreUnitTests" name="ReadAttributeAsString_EmptyString" />
    </UnitTest>
    <UnitTest name="GetPresetByKey_GetsPresetByIdBeforeByName" storage="d:\actions-runner\_work\xpco\xpco\corporate\shared\common.integration\tst\videoos.common.integration.unittests\bin\x64\debug\net472\videoos.common.integration.unittests.dll" id="a3e184f2-fa33-1b45-445c-f37fcdb5e5d4">
      <Execution id="f0c91142-2d0e-4e32-8a0d-f9e05b42a56e" />
      <TestMethod codeBase="D:\actions-runner\_work\XPCO\XPCO\Corporate\Shared\Common.Integration\tst\VideoOS.Common.Integration.UnitTests\bin\x64\Debug\net472\VideoOS.Common.Integration.UnitTests.dll" adapterTypeName="executor://mstestadapter/v2" className="VideoOS.Common.Integration.UnitTests.PtzPresetCollectionUnitTests" name="GetPresetByKey_GetsPresetByIdBeforeByName" />
    </UnitTest>
    <UnitTest name="ServerFileSystemResponseQueryDirectoriesModel_Validate_Success" storage="d:\actions-runner\_work\xpco\xpco\corporate\shared\common.integration\tst\videoos.common.integration.unittests\bin\x64\debug\net472\videoos.common.integration.unittests.dll" id="61499327-643a-5671-4eb8-b3beebbaec49">
      <Execution id="b02ddceb-90b3-40db-a477-776182e7d3f2" />
      <TestMethod codeBase="D:\actions-runner\_work\XPCO\XPCO\Corporate\Shared\Common.Integration\tst\VideoOS.Common.Integration.UnitTests\bin\x64\Debug\net472\VideoOS.Common.Integration.UnitTests.dll" adapterTypeName="executor://mstestadapter/v2" className="VideoOS.Common.Integration.UnitTests.WebApi.Model.ServerFileSystemResponseQueryDrivesModelTest" name="ServerFileSystemResponseQueryDirectoriesModel_Validate_Success" />
    </UnitTest>
    <UnitTest name="CreateCreateHardwareLicenseCountEvaluator_ChannelLicensing_Returns_ValidIHardwareLicenseCountEvaluator" storage="d:\actions-runner\_work\xpco\xpco\corporate\shared\common.integration\tst\videoos.common.integration.unittests\bin\x64\debug\net472\videoos.common.integration.unittests.dll" id="d1f6ebcd-23a6-1f36-1b44-9c7daaeece12">
      <TestCategory>
        <TestCategoryItem TestCategory="Licensing" />
      </TestCategory>
      <Execution id="5f6c20bf-f4db-4c72-a1a1-c311a96e353c" />
      <TestMethod codeBase="D:\actions-runner\_work\XPCO\XPCO\Corporate\Shared\Common.Integration\tst\VideoOS.Common.Integration.UnitTests\bin\x64\Debug\net472\VideoOS.Common.Integration.UnitTests.dll" adapterTypeName="executor://mstestadapter/v2" className="VideoOS.Common.Integration.UnitTests.License.LicenseManagerComponentsProviderTests" name="CreateCreateHardwareLicenseCountEvaluator_ChannelLicensing_Returns_ValidIHardwareLicenseCountEvaluator" />
    </UnitTest>
    <UnitTest name="ParseAsBytes_Empty_Success" storage="d:\actions-runner\_work\xpco\xpco\corporate\shared\common.integration\tst\videoos.common.integration.unittests\bin\x64\debug\net472\videoos.common.integration.unittests.dll" id="e5cf07e9-ee50-38c9-0a10-0e2fe63320d9">
      <Execution id="13677e43-eba0-47fc-aaf2-a3691c7ec88b" />
      <TestMethod codeBase="D:\actions-runner\_work\XPCO\XPCO\Corporate\Shared\Common.Integration\tst\VideoOS.Common.Integration.UnitTests\bin\x64\Debug\net472\VideoOS.Common.Integration.UnitTests.dll" adapterTypeName="executor://mstestadapter/v2" className="VideoOS.Common.Integration.UnitTests.CertificateHandling.StringByteConversionExtensionsUnitTests" name="ParseAsBytes_Empty_Success" />
    </UnitTest>
    <UnitTest name="Invoke_NoUser_NextIsCalled" storage="d:\actions-runner\_work\xpco\xpco\corporate\shared\common.integration\tst\videoos.common.integration.unittests\bin\x64\debug\net472\videoos.common.integration.unittests.dll" id="f63ce9dd-2e94-9a64-cca8-d5959dc6d120">
      <Execution id="7046c518-84d9-4d0a-871b-77e133e794fd" />
      <TestMethod codeBase="D:\actions-runner\_work\XPCO\XPCO\Corporate\Shared\Common.Integration\tst\VideoOS.Common.Integration.UnitTests\bin\x64\Debug\net472\VideoOS.Common.Integration.UnitTests.dll" adapterTypeName="executor://mstestadapter/v2" className="VideoOS.Common.Integration.UnitTests.WebApi.Middleware.ScopeValidationMiddlewareTests" name="Invoke_NoUser_NextIsCalled" />
    </UnitTest>
    <UnitTest name="FeatureManager_TryGetFeatureParameterValueT_Null_Value" storage="d:\actions-runner\_work\xpco\xpco\corporate\shared\common.integration\tst\videoos.common.integration.unittests\bin\x64\debug\net472\videoos.common.integration.unittests.dll" id="930e353c-fde1-03ae-10a7-7eaa994a4b20">
      <Execution id="86d2285b-93ee-4127-8824-68bc4ec1caac" />
      <TestMethod codeBase="D:\actions-runner\_work\XPCO\XPCO\Corporate\Shared\Common.Integration\tst\VideoOS.Common.Integration.UnitTests\bin\x64\Debug\net472\VideoOS.Common.Integration.UnitTests.dll" adapterTypeName="executor://mstestadapter/v2" className="VideoOS.Common.Integration.UnitTests.License.FeatureManagerTest" name="FeatureManager_TryGetFeatureParameterValueT_Null_Value" />
    </UnitTest>
    <UnitTest name="FeatureManager_TryGetFeatureParameterValueT_Parameter_Not_Found" storage="d:\actions-runner\_work\xpco\xpco\corporate\shared\common.integration\tst\videoos.common.integration.unittests\bin\x64\debug\net472\videoos.common.integration.unittests.dll" id="c79e30b7-bdee-4086-a276-f11ba4888a53">
      <Execution id="ac5b0a77-2b9f-448e-97c6-1b5012f8a1c6" />
      <TestMethod codeBase="D:\actions-runner\_work\XPCO\XPCO\Corporate\Shared\Common.Integration\tst\VideoOS.Common.Integration.UnitTests\bin\x64\Debug\net472\VideoOS.Common.Integration.UnitTests.dll" adapterTypeName="executor://mstestadapter/v2" className="VideoOS.Common.Integration.UnitTests.License.FeatureManagerTest" name="FeatureManager_TryGetFeatureParameterValueT_Parameter_Not_Found" />
    </UnitTest>
    <UnitTest name="LicenseActivationService_AcquireLicense_AccessDenied_UserNameAndPasswordNotFound" storage="d:\actions-runner\_work\xpco\xpco\corporate\shared\common.integration\tst\videoos.common.integration.unittests\bin\x64\debug\net472\videoos.common.integration.unittests.dll" id="c253276f-70f0-723b-e4d4-4f6ba733d3e3">
      <Execution id="077767ff-fb87-4901-8a0a-01ebea671d41" />
      <TestMethod codeBase="D:\actions-runner\_work\XPCO\XPCO\Corporate\Shared\Common.Integration\tst\VideoOS.Common.Integration.UnitTests\bin\x64\Debug\net472\VideoOS.Common.Integration.UnitTests.dll" adapterTypeName="executor://mstestadapter/v2" className="VideoOS.Common.Integration.UnitTests.License.LicenseActivationServiceTests" name="LicenseActivationService_AcquireLicense_AccessDenied_UserNameAndPasswordNotFound" />
    </UnitTest>
    <UnitTest name="Index_Ctor_Null_ThrowArgumentNullException" storage="d:\actions-runner\_work\xpco\xpco\corporate\shared\common.integration\tst\videoos.common.integration.unittests\bin\x64\debug\net472\videoos.common.integration.unittests.dll" id="a777bdbc-ba48-36a4-6d58-09596560b308">
      <Execution id="9c67eb87-a434-4701-a564-515124e8bb47" />
      <TestMethod codeBase="D:\actions-runner\_work\XPCO\XPCO\Corporate\Shared\Common.Integration\tst\VideoOS.Common.Integration.UnitTests\bin\x64\Debug\net472\VideoOS.Common.Integration.UnitTests.dll" adapterTypeName="executor://mstestadapter/v2" className="VideoOS.Common.Integration.UnitTests.IndexedCollectionUnitTests" name="Index_Ctor_Null_ThrowArgumentNullException" />
    </UnitTest>
    <UnitTest name="RecorderInfo_Construct_Success" storage="d:\actions-runner\_work\xpco\xpco\corporate\shared\common.integration\tst\videoos.common.integration.unittests\bin\x64\debug\net472\videoos.common.integration.unittests.dll" id="0593edbd-1ea7-3669-bba1-b972f2ba9961">
      <Execution id="30ec6f4f-c1e5-43f3-afc5-40368c9a3216" />
      <TestMethod codeBase="D:\actions-runner\_work\XPCO\XPCO\Corporate\Shared\Common.Integration\tst\VideoOS.Common.Integration.UnitTests\bin\x64\Debug\net472\VideoOS.Common.Integration.UnitTests.dll" adapterTypeName="executor://mstestadapter/v2" className="VideoOS.Common.Integration.UnitTests.License.RecorderInfoTests" name="RecorderInfo_Construct_Success" />
    </UnitTest>
    <UnitTest name="ResponseReceivedWeakEventManager_DereferenceSubscriber_RemovesHandler" storage="d:\actions-runner\_work\xpco\xpco\corporate\shared\common.integration\tst\videoos.common.integration.unittests\bin\x64\debug\net472\videoos.common.integration.unittests.dll" id="85d0f321-1adf-0a50-fcb5-5b02067c3ae4">
      <Execution id="e47726ce-81dd-4e37-abd9-6b9ebbd6071a" />
      <TestMethod codeBase="D:\actions-runner\_work\XPCO\XPCO\Corporate\Shared\Common.Integration\tst\VideoOS.Common.Integration.UnitTests\bin\x64\Debug\net472\VideoOS.Common.Integration.UnitTests.dll" adapterTypeName="executor://mstestadapter/v2" className="VideoOS.Common.Integration.UnitTests.Communication.ResponseReceivedWeakEventManagerUnitTests" name="ResponseReceivedWeakEventManager_DereferenceSubscriber_RemovesHandler" />
    </UnitTest>
    <UnitTest name="DatabaseXmlConverter_XmlIdsToGuids_None" storage="d:\actions-runner\_work\xpco\xpco\corporate\shared\common.integration\tst\videoos.common.integration.unittests\bin\x64\debug\net472\videoos.common.integration.unittests.dll" id="3afcab40-be92-3c32-cdd4-99a4f2e968f5">
      <Execution id="3b438581-7acf-4587-8972-518c2a2dba02" />
      <TestMethod codeBase="D:\actions-runner\_work\XPCO\XPCO\Corporate\Shared\Common.Integration\tst\VideoOS.Common.Integration.UnitTests\bin\x64\Debug\net472\VideoOS.Common.Integration.UnitTests.dll" adapterTypeName="executor://mstestadapter/v2" className="VideoOS.Common.Integration.UnitTests.DatabaseXmlConverterTest" name="DatabaseXmlConverter_XmlIdsToGuids_None" />
    </UnitTest>
    <UnitTest name="Index_AddEntry_MultipleEntries_Success" storage="d:\actions-runner\_work\xpco\xpco\corporate\shared\common.integration\tst\videoos.common.integration.unittests\bin\x64\debug\net472\videoos.common.integration.unittests.dll" id="350f83a6-60d3-6508-2061-bae98524f397">
      <Execution id="3197039f-a05b-4d1d-88e9-17d6b768e42e" />
      <TestMethod codeBase="D:\actions-runner\_work\XPCO\XPCO\Corporate\Shared\Common.Integration\tst\VideoOS.Common.Integration.UnitTests\bin\x64\Debug\net472\VideoOS.Common.Integration.UnitTests.dll" adapterTypeName="executor://mstestadapter/v2" className="VideoOS.Common.Integration.UnitTests.IndexedCollectionUnitTests" name="Index_AddEntry_MultipleEntries_Success" />
    </UnitTest>
    <UnitTest name="EnsureMacAddressUppercase1" storage="d:\actions-runner\_work\xpco\xpco\corporate\shared\common.integration\tst\videoos.common.integration.unittests\bin\x64\debug\net472\videoos.common.integration.unittests.dll" id="f474bff3-50ef-be8a-c258-692d366a8a47">
      <Execution id="b785c8c7-6b4f-4e00-be23-8decff93b92f" />
      <TestMethod codeBase="D:\actions-runner\_work\XPCO\XPCO\Corporate\Shared\Common.Integration\tst\VideoOS.Common.Integration.UnitTests\bin\x64\Debug\net472\VideoOS.Common.Integration.UnitTests.dll" adapterTypeName="executor://mstestadapter/v2" className="VideoOS.Common.Integration.UnitTests.DriverDefinition.DefinitionUtilityTests" name="EnsureMacAddressUppercase1" />
    </UnitTest>
    <UnitTest name="ModelValidation_RequiredPropertiesAreNull_Failed" storage="d:\actions-runner\_work\xpco\xpco\corporate\shared\common.integration\tst\videoos.common.integration.unittests\bin\x64\debug\net472\videoos.common.integration.unittests.dll" id="788aa55b-4949-5015-673f-608c519bb0a1">
      <Execution id="b90ca691-5628-46f8-827a-23142e47aad8" />
      <TestMethod codeBase="D:\actions-runner\_work\XPCO\XPCO\Corporate\Shared\Common.Integration\tst\VideoOS.Common.Integration.UnitTests\bin\x64\Debug\net472\VideoOS.Common.Integration.UnitTests.dll" adapterTypeName="executor://mstestadapter/v2" className="VideoOS.Common.Integration.UnitTests.WebAPI.Model.GetAbsolutePtzPositionModelTest" name="ModelValidation_RequiredPropertiesAreNull_Failed" />
    </UnitTest>
    <UnitTest name="Test_Members_Simple2Branched" storage="d:\actions-runner\_work\xpco\xpco\corporate\shared\common.integration\tst\videoos.common.integration.unittests\bin\x64\debug\net472\videoos.common.integration.unittests.dll" id="8a842246-04e9-9315-dc32-79d34f6a6c13">
      <Execution id="c06b78fe-cf0e-4113-88fb-79e383424f1a" />
      <TestMethod codeBase="D:\actions-runner\_work\XPCO\XPCO\Corporate\Shared\Common.Integration\tst\VideoOS.Common.Integration.UnitTests\bin\x64\Debug\net472\VideoOS.Common.Integration.UnitTests.dll" adapterTypeName="executor://mstestadapter/v2" className="VideoOS.Common.Integration.UnitTests.Caching.MembershipCacheUnitTest" name="Test_Members_Simple2Branched" />
    </UnitTest>
    <UnitTest name="ExceptionResponseModel_NoValuesSet_ValidationFailure" storage="d:\actions-runner\_work\xpco\xpco\corporate\shared\common.integration\tst\videoos.common.integration.unittests\bin\x64\debug\net472\videoos.common.integration.unittests.dll" id="0d4cc550-08f2-1d1d-3223-67f19c0afe08">
      <Execution id="506eb9f5-7595-4aef-ad18-50e7bd073353" />
      <TestMethod codeBase="D:\actions-runner\_work\XPCO\XPCO\Corporate\Shared\Common.Integration\tst\VideoOS.Common.Integration.UnitTests\bin\x64\Debug\net472\VideoOS.Common.Integration.UnitTests.dll" adapterTypeName="executor://mstestadapter/v2" className="VideoOS.Common.Integration.UnitTests.WebAPI.Model.Server.Responses.ExceptionResponseModelTest" name="ExceptionResponseModel_NoValuesSet_ValidationFailure" />
    </UnitTest>
    <UnitTest name="Invoke_RequiredScopeNotFoundNoClaimsExists_403" storage="d:\actions-runner\_work\xpco\xpco\corporate\shared\common.integration\tst\videoos.common.integration.unittests\bin\x64\debug\net472\videoos.common.integration.unittests.dll" id="d41a20ca-3a88-ad11-857b-ea12754fccb3">
      <Execution id="66299af9-938c-4319-851a-c8ec3b2546a5" />
      <TestMethod codeBase="D:\actions-runner\_work\XPCO\XPCO\Corporate\Shared\Common.Integration\tst\VideoOS.Common.Integration.UnitTests\bin\x64\Debug\net472\VideoOS.Common.Integration.UnitTests.dll" adapterTypeName="executor://mstestadapter/v2" className="VideoOS.Common.Integration.UnitTests.WebApi.Middleware.ScopeValidationMiddlewareTests" name="Invoke_RequiredScopeNotFoundNoClaimsExists_403" />
    </UnitTest>
    <UnitTest name="CreateHttpsUri_HttpNonDefaultPort_UseDefaultPortTrue_BecomesHttpsPort443" storage="d:\actions-runner\_work\xpco\xpco\corporate\shared\common.integration\tst\videoos.common.integration.unittests\bin\x64\debug\net472\videoos.common.integration.unittests.dll" id="3f0b5a90-7873-a0cd-d62c-bb7a78bcc5c3">
      <TestCategory>
        <TestCategoryItem TestCategory="UriHandling" />
      </TestCategory>
      <Execution id="13ec53cc-4ac6-48ae-b306-d58537c1cb45" />
      <TestMethod codeBase="D:\actions-runner\_work\XPCO\XPCO\Corporate\Shared\Common.Integration\tst\VideoOS.Common.Integration.UnitTests\bin\x64\Debug\net472\VideoOS.Common.Integration.UnitTests.dll" adapterTypeName="executor://mstestadapter/v2" className="VideoOS.Common.Integration.UnitTests.Communication.UriHandlingUnitTests" name="CreateHttpsUri_HttpNonDefaultPort_UseDefaultPortTrue_BecomesHttpsPort443" />
    </UnitTest>
    <UnitTest name="FeatureManager_TryGetFeatureParameterValueT_Guid_Invalid_Value" storage="d:\actions-runner\_work\xpco\xpco\corporate\shared\common.integration\tst\videoos.common.integration.unittests\bin\x64\debug\net472\videoos.common.integration.unittests.dll" id="c37cb584-8ea7-25b5-9a0c-e8180c699eed">
      <Execution id="3121dac4-d70f-4f26-a2fb-1ce33c3d7dff" />
      <TestMethod codeBase="D:\actions-runner\_work\XPCO\XPCO\Corporate\Shared\Common.Integration\tst\VideoOS.Common.Integration.UnitTests\bin\x64\Debug\net472\VideoOS.Common.Integration.UnitTests.dll" adapterTypeName="executor://mstestadapter/v2" className="VideoOS.Common.Integration.UnitTests.License.FeatureManagerTest" name="FeatureManager_TryGetFeatureParameterValueT_Guid_Invalid_Value" />
    </UnitTest>
    <UnitTest name="IPHardwareBlockCollection_RemoveByHardware_Null_Throws_ArgumentNullException" storage="d:\actions-runner\_work\xpco\xpco\corporate\shared\common.integration\tst\videoos.common.integration.unittests\bin\x64\debug\net472\videoos.common.integration.unittests.dll" id="76c08a52-d8e9-6cdc-fce1-1258294596b0">
      <Execution id="f30eab08-5010-4a65-9003-1c2f4bba0609" />
      <TestMethod codeBase="D:\actions-runner\_work\XPCO\XPCO\Corporate\Shared\Common.Integration\tst\VideoOS.Common.Integration.UnitTests\bin\x64\Debug\net472\VideoOS.Common.Integration.UnitTests.dll" adapterTypeName="executor://mstestadapter/v2" className="VideoOS.Common.Integration.UnitTests.ConfigurationManager.IPHardwareBlockCollectionUnitTests" name="IPHardwareBlockCollection_RemoveByHardware_Null_Throws_ArgumentNullException" />
    </UnitTest>
    <UnitTest name="WarningResponseModel_NoValuesSet_ValidationFailure" storage="d:\actions-runner\_work\xpco\xpco\corporate\shared\common.integration\tst\videoos.common.integration.unittests\bin\x64\debug\net472\videoos.common.integration.unittests.dll" id="3f31dbe9-06e2-6a2a-13b1-958cc5320b2c">
      <Execution id="3eefcfe8-1253-4d49-b1bd-7450540ecd60" />
      <TestMethod codeBase="D:\actions-runner\_work\XPCO\XPCO\Corporate\Shared\Common.Integration\tst\VideoOS.Common.Integration.UnitTests\bin\x64\Debug\net472\VideoOS.Common.Integration.UnitTests.dll" adapterTypeName="executor://mstestadapter/v2" className="VideoOS.Common.Integration.UnitTests.WebAPI.Model.Recorder.Responses.WarningResponseModelTest" name="WarningResponseModel_NoValuesSet_ValidationFailure" />
    </UnitTest>
    <UnitTest name="Encrypt_DataSetHasNewRow_DataSetIsEncrypted" storage="d:\actions-runner\_work\xpco\xpco\corporate\shared\common.integration\tst\videoos.common.integration.unittests\bin\x64\debug\net472\videoos.common.integration.unittests.dll" id="a799779d-133e-7d41-99ec-502f41ddc153">
      <Execution id="391139f3-fdac-47a1-8903-dede42565944" />
      <TestMethod codeBase="D:\actions-runner\_work\XPCO\XPCO\Corporate\Shared\Common.Integration\tst\VideoOS.Common.Integration.UnitTests\bin\x64\Debug\net472\VideoOS.Common.Integration.UnitTests.dll" adapterTypeName="executor://mstestadapter/v2" className="VideoOS.Common.Integration.UnitTests.Configuration.RecordingStorageTableAdapterTests" name="Encrypt_DataSetHasNewRow_DataSetIsEncrypted" />
    </UnitTest>
    <UnitTest name="ScheduledTimeReachedFunctionOneSecondBeforeTriggerTimeTest" storage="d:\actions-runner\_work\xpco\xpco\corporate\shared\common.integration\tst\videoos.common.integration.unittests\bin\x64\debug\net472\videoos.common.integration.unittests.dll" id="b51a72b7-1909-0162-1b15-93678926308a">
      <Execution id="9311c9bb-0842-4871-9b7e-90fdf302c6b8" />
      <TestMethod codeBase="D:\actions-runner\_work\XPCO\XPCO\Corporate\Shared\Common.Integration\tst\VideoOS.Common.Integration.UnitTests\bin\x64\Debug\net472\VideoOS.Common.Integration.UnitTests.dll" adapterTypeName="executor://mstestadapter/v2" className="VideoOS.Common.Integration.UnitTests.Rules.ScheduledTimeReachedFunctionTest" name="ScheduledTimeReachedFunctionOneSecondBeforeTriggerTimeTest" />
    </UnitTest>
    <UnitTest name="StreamsConfiguration_ValidateConfiguration_Two_Recording_Streams_OneOrMoreStreamsWithSameTrackStreamError" storage="d:\actions-runner\_work\xpco\xpco\corporate\shared\common.integration\tst\videoos.common.integration.unittests\bin\x64\debug\net472\videoos.common.integration.unittests.dll" id="c6f1f7e9-e5ee-28f7-b1d8-32ab5cfc4913">
      <Execution id="9a78b229-b7a8-4265-beb3-44f9d754a4ba" />
      <TestMethod codeBase="D:\actions-runner\_work\XPCO\XPCO\Corporate\Shared\Common.Integration\tst\VideoOS.Common.Integration.UnitTests\bin\x64\Debug\net472\VideoOS.Common.Integration.UnitTests.dll" adapterTypeName="executor://mstestadapter/v2" className="VideoOS.Common.Integration.UnitTests.StreamsConfigurationUnitTests" name="StreamsConfiguration_ValidateConfiguration_Two_Recording_Streams_OneOrMoreStreamsWithSameTrackStreamError" />
    </UnitTest>
    <UnitTest name="ModelValidation_ValidModel_Success" storage="d:\actions-runner\_work\xpco\xpco\corporate\shared\common.integration\tst\videoos.common.integration.unittests\bin\x64\debug\net472\videoos.common.integration.unittests.dll" id="2eacf72f-5904-d273-4233-9408fc9a3d2f">
      <Execution id="cfe9f46c-6baa-4833-9912-076c99e45a03" />
      <TestMethod codeBase="D:\actions-runner\_work\XPCO\XPCO\Corporate\Shared\Common.Integration\tst\VideoOS.Common.Integration.UnitTests\bin\x64\Debug\net472\VideoOS.Common.Integration.UnitTests.dll" adapterTypeName="executor://mstestadapter/v2" className="VideoOS.Common.Integration.UnitTests.WebAPI.Model.PtzReserveSessionModelTest" name="ModelValidation_ValidModel_Success" />
    </UnitTest>
    <UnitTest name="Create_Mac_Address_Hash_String_Mac" storage="d:\actions-runner\_work\xpco\xpco\corporate\shared\common.integration\tst\videoos.common.integration.unittests\bin\x64\debug\net472\videoos.common.integration.unittests.dll" id="bff57e0d-62f6-47dd-10e1-7985b12138a8">
      <Execution id="d63e6c8e-e546-4804-bf0e-b28b67c073ec" />
      <TestMethod codeBase="D:\actions-runner\_work\XPCO\XPCO\Corporate\Shared\Common.Integration\tst\VideoOS.Common.Integration.UnitTests\bin\x64\Debug\net472\VideoOS.Common.Integration.UnitTests.dll" adapterTypeName="executor://mstestadapter/v2" className="VideoOS.Common.Integration.UnitTests.License.MacAddressUtilitiesTest" name="Create_Mac_Address_Hash_String_Mac" />
    </UnitTest>
    <UnitTest name="ServerFileStorageQuota_Free_PartialFail" storage="d:\actions-runner\_work\xpco\xpco\corporate\shared\common.integration\tst\videoos.common.integration.unittests\bin\x64\debug\net472\videoos.common.integration.unittests.dll" id="e8e3d9bb-3738-1b2f-28aa-7391ce21c4c6">
      <Execution id="12032fc2-34a4-43e0-b70a-bf2406dedef6" />
      <TestMethod codeBase="D:\actions-runner\_work\XPCO\XPCO\Corporate\Shared\Common.Integration\tst\VideoOS.Common.Integration.UnitTests\bin\x64\Debug\net472\VideoOS.Common.Integration.UnitTests.dll" adapterTypeName="executor://mstestadapter/v2" className="VideoOS.Common.Integration.UnitTests.ServerFileStorageQuotaTests" name="ServerFileStorageQuota_Free_PartialFail" />
    </UnitTest>
    <UnitTest name="ReadChildElementValueAsInt32_InvalidData" storage="d:\actions-runner\_work\xpco\xpco\corporate\shared\common.integration\tst\videoos.common.integration.unittests\bin\x64\debug\net472\videoos.common.integration.unittests.dll" id="fab418cf-6bc8-0f0e-ccf8-b1c92a0d3fce">
      <Execution id="58fdec4e-24da-4bf6-ac6e-867fdbb1d90d" />
      <TestMethod codeBase="D:\actions-runner\_work\XPCO\XPCO\Corporate\Shared\Common.Integration\tst\VideoOS.Common.Integration.UnitTests\bin\x64\Debug\net472\VideoOS.Common.Integration.UnitTests.dll" adapterTypeName="executor://mstestadapter/v2" className="VideoOS.Common.Integration.UnitTests.XmlDocumentExtensionsCoreUnitTests" name="ReadChildElementValueAsInt32_InvalidData" />
    </UnitTest>
    <UnitTest name="PtzSessionResponseModel_NoValuesSet_ValidationFailure" storage="d:\actions-runner\_work\xpco\xpco\corporate\shared\common.integration\tst\videoos.common.integration.unittests\bin\x64\debug\net472\videoos.common.integration.unittests.dll" id="b00a68fb-029a-172a-9ac1-06f41f55ef81">
      <Execution id="300175a0-dd7a-4f92-a5f7-dd7726dab7b9" />
      <TestMethod codeBase="D:\actions-runner\_work\XPCO\XPCO\Corporate\Shared\Common.Integration\tst\VideoOS.Common.Integration.UnitTests\bin\x64\Debug\net472\VideoOS.Common.Integration.UnitTests.dll" adapterTypeName="executor://mstestadapter/v2" className="VideoOS.Common.Integration.UnitTests.WebAPI.Model.Server.Responses.PtzSessionResponseModelTest" name="PtzSessionResponseModel_NoValuesSet_ValidationFailure" />
    </UnitTest>
    <UnitTest name="BaseHtmlLicenseReport_CreatePNode_WithNoClassName_ValidText_Success" storage="d:\actions-runner\_work\xpco\xpco\corporate\shared\common.integration\tst\videoos.common.integration.unittests\bin\x64\debug\net472\videoos.common.integration.unittests.dll" id="73bca2cb-d580-dcde-6dcb-4db8cdd3835c">
      <Execution id="34a2387e-3516-4b27-a714-3cead527f4b2" />
      <TestMethod codeBase="D:\actions-runner\_work\XPCO\XPCO\Corporate\Shared\Common.Integration\tst\VideoOS.Common.Integration.UnitTests\bin\x64\Debug\net472\VideoOS.Common.Integration.UnitTests.dll" adapterTypeName="executor://mstestadapter/v2" className="VideoOS.Common.Integration.UnitTests.License.BaseHtmlLicenseReportTests" name="BaseHtmlLicenseReport_CreatePNode_WithNoClassName_ValidText_Success" />
    </UnitTest>
    <UnitTest name="ErrorResponseModel_Validate_Success" storage="d:\actions-runner\_work\xpco\xpco\corporate\shared\common.integration\tst\videoos.common.integration.unittests\bin\x64\debug\net472\videoos.common.integration.unittests.dll" id="37bbb804-337f-bc94-e96d-0128fc365308">
      <Execution id="e6e9344b-6ea1-4684-a3fb-6805a57b25ba" />
      <TestMethod codeBase="D:\actions-runner\_work\XPCO\XPCO\Corporate\Shared\Common.Integration\tst\VideoOS.Common.Integration.UnitTests\bin\x64\Debug\net472\VideoOS.Common.Integration.UnitTests.dll" adapterTypeName="executor://mstestadapter/v2" className="VideoOS.Common.Integration.UnitTests.WebAPI.Model.Recorder.Responses.ErrorResponseModelTest" name="ErrorResponseModel_Validate_Success" />
    </UnitTest>
    <UnitTest name="Test_MemberOf_SimpleOneLine" storage="d:\actions-runner\_work\xpco\xpco\corporate\shared\common.integration\tst\videoos.common.integration.unittests\bin\x64\debug\net472\videoos.common.integration.unittests.dll" id="4a82ea03-a3c5-0a38-f23a-d165535cebee">
      <Execution id="f93a062d-79b9-4939-acf4-73cb786c8871" />
      <TestMethod codeBase="D:\actions-runner\_work\XPCO\XPCO\Corporate\Shared\Common.Integration\tst\VideoOS.Common.Integration.UnitTests\bin\x64\Debug\net472\VideoOS.Common.Integration.UnitTests.dll" adapterTypeName="executor://mstestadapter/v2" className="VideoOS.Common.Integration.UnitTests.Caching.MembershipCacheUnitTest" name="Test_MemberOf_SimpleOneLine" />
    </UnitTest>
    <UnitTest name="CreateResponseException_ServiceUnavailableAndResponseHasDynamicContent_ContentIsDeserializedFromHttpResponseMessage" storage="d:\actions-runner\_work\xpco\xpco\corporate\shared\common.integration\tst\videoos.common.integration.unittests\bin\x64\debug\net472\videoos.common.integration.unittests.dll" id="ec410477-3a9c-e23b-d91e-f2bb51b662b2">
      <Execution id="c6ad4812-858b-49dc-9554-c2ee478c57a0" />
      <TestMethod codeBase="D:\actions-runner\_work\XPCO\XPCO\Corporate\Shared\Common.Integration\tst\VideoOS.Common.Integration.UnitTests\bin\x64\Debug\net472\VideoOS.Common.Integration.UnitTests.dll" adapterTypeName="executor://mstestadapter/v2" className="VideoOS.Common.Integration.UnitTests.WebAPI.Exceptions.WebApiExceptionHelperTests" name="CreateResponseException_ServiceUnavailableAndResponseHasDynamicContent_ContentIsDeserializedFromHttpResponseMessage" />
    </UnitTest>
    <UnitTest name="UpdateTotalICPFeedCountsAcrossAllHardware_FailsWhen_UpdateHardwareAggregates_NotCalled" storage="d:\actions-runner\_work\xpco\xpco\corporate\shared\common.integration\tst\videoos.common.integration.unittests\bin\x64\debug\net472\videoos.common.integration.unittests.dll" id="75c84b18-5930-e3eb-1c9d-234697afe954">
      <Execution id="61a623d8-1867-464f-9675-353f00dc67ee" />
      <TestMethod codeBase="D:\actions-runner\_work\XPCO\XPCO\Corporate\Shared\Common.Integration\tst\VideoOS.Common.Integration.UnitTests\bin\x64\Debug\net472\VideoOS.Common.Integration.UnitTests.dll" adapterTypeName="executor://mstestadapter/v2" className="VideoOS.Common.Integration.UnitTests.License.HardwareDictionaryTests" name="UpdateTotalICPFeedCountsAcrossAllHardware_FailsWhen_UpdateHardwareAggregates_NotCalled" />
    </UnitTest>
    <UnitTest name="LocalCommandProcessorResponseCollector_GetNextResponse_Cancelled" storage="d:\actions-runner\_work\xpco\xpco\corporate\shared\common.integration\tst\videoos.common.integration.unittests\bin\x64\debug\net472\videoos.common.integration.unittests.dll" id="fc98a4b7-aece-e9da-731a-dcf2a445b7e5">
      <Execution id="3fe87ba8-f982-4b6d-9d79-24b9daa6f989" />
      <TestMethod codeBase="D:\actions-runner\_work\XPCO\XPCO\Corporate\Shared\Common.Integration\tst\VideoOS.Common.Integration.UnitTests\bin\x64\Debug\net472\VideoOS.Common.Integration.UnitTests.dll" adapterTypeName="executor://mstestadapter/v2" className="VideoOS.Common.Integration.UnitTests.Command.CommandProcessor.LocalCommandProcessorResponseCollectorUnitTests" name="LocalCommandProcessorResponseCollector_GetNextResponse_Cancelled" />
    </UnitTest>
    <UnitTest name="Index_GetEntriesByKey_No_Item_Return_Null" storage="d:\actions-runner\_work\xpco\xpco\corporate\shared\common.integration\tst\videoos.common.integration.unittests\bin\x64\debug\net472\videoos.common.integration.unittests.dll" id="8f57d5c6-48cd-6a45-2524-8718ae9d15b0">
      <Execution id="402795c3-efc8-4f43-a353-425b0f5957b4" />
      <TestMethod codeBase="D:\actions-runner\_work\XPCO\XPCO\Corporate\Shared\Common.Integration\tst\VideoOS.Common.Integration.UnitTests\bin\x64\Debug\net472\VideoOS.Common.Integration.UnitTests.dll" adapterTypeName="executor://mstestadapter/v2" className="VideoOS.Common.Integration.UnitTests.IndexedCollectionUnitTests" name="Index_GetEntriesByKey_No_Item_Return_Null" />
    </UnitTest>
    <UnitTest name="CreateHttpsUri_HttpDefaultPort_UseDefaultPortFalse_BecomesHttpsPort443" storage="d:\actions-runner\_work\xpco\xpco\corporate\shared\common.integration\tst\videoos.common.integration.unittests\bin\x64\debug\net472\videoos.common.integration.unittests.dll" id="14bb044e-e139-adf6-9be3-078c25461372">
      <TestCategory>
        <TestCategoryItem TestCategory="UriHandling" />
      </TestCategory>
      <Execution id="043a30a4-c208-46aa-b9b2-79be3d4809b9" />
      <TestMethod codeBase="D:\actions-runner\_work\XPCO\XPCO\Corporate\Shared\Common.Integration\tst\VideoOS.Common.Integration.UnitTests\bin\x64\Debug\net472\VideoOS.Common.Integration.UnitTests.dll" adapterTypeName="executor://mstestadapter/v2" className="VideoOS.Common.Integration.UnitTests.Communication.UriHandlingUnitTests" name="CreateHttpsUri_HttpDefaultPort_UseDefaultPortFalse_BecomesHttpsPort443" />
    </UnitTest>
    <UnitTest name="ModelValidation_RequiredPropertiesAreNull_Failed" storage="d:\actions-runner\_work\xpco\xpco\corporate\shared\common.integration\tst\videoos.common.integration.unittests\bin\x64\debug\net472\videoos.common.integration.unittests.dll" id="96d896f1-97ad-d074-c333-376a66dc9171">
      <Execution id="22984dff-c237-4c61-9314-c668bb4e9edb" />
      <TestMethod codeBase="D:\actions-runner\_work\XPCO\XPCO\Corporate\Shared\Common.Integration\tst\VideoOS.Common.Integration.UnitTests\bin\x64\Debug\net472\VideoOS.Common.Integration.UnitTests.dll" adapterTypeName="executor://mstestadapter/v2" className="VideoOS.Common.Integration.UnitTests.WebAPI.Model.GlobalEventModelTest" name="ModelValidation_RequiredPropertiesAreNull_Failed" />
    </UnitTest>
    <UnitTest name="ReceiveAsync_NoError_TaskIsExecuted" storage="d:\actions-runner\_work\xpco\xpco\corporate\shared\common.integration\tst\videoos.common.integration.unittests\bin\x64\debug\net472\videoos.common.integration.unittests.dll" id="a8579d74-c114-1869-7e83-7adac4ed2f9d">
      <Execution id="3079aa6a-c2be-48be-9d95-ae8593b5a12f" />
      <TestMethod codeBase="D:\actions-runner\_work\XPCO\XPCO\Corporate\Shared\Common.Integration\tst\VideoOS.Common.Integration.UnitTests\bin\x64\Debug\net472\VideoOS.Common.Integration.UnitTests.dll" adapterTypeName="executor://mstestadapter/v2" className="VideoOS.Common.Integration.WebApi.HttpClientCommunicatorUnitTests" name="ReceiveAsync_NoError_TaskIsExecuted" />
    </UnitTest>
    <UnitTest name="GetPresetByKey_ByNameMoreThanOnePreset" storage="d:\actions-runner\_work\xpco\xpco\corporate\shared\common.integration\tst\videoos.common.integration.unittests\bin\x64\debug\net472\videoos.common.integration.unittests.dll" id="bc9ba54a-2fb5-e003-6574-9e7614ab5c41">
      <Execution id="ebb88bdc-309d-4d4c-95f3-a3a20b0eb0a7" />
      <TestMethod codeBase="D:\actions-runner\_work\XPCO\XPCO\Corporate\Shared\Common.Integration\tst\VideoOS.Common.Integration.UnitTests\bin\x64\Debug\net472\VideoOS.Common.Integration.UnitTests.dll" adapterTypeName="executor://mstestadapter/v2" className="VideoOS.Common.Integration.UnitTests.PtzPresetCollectionUnitTests" name="GetPresetByKey_ByNameMoreThanOnePreset" />
    </UnitTest>
    <UnitTest name="HardwareInfo_HasCameraDevices_ReturnsFalse_WhenWithoutEnabledCamerasWithMatchingLicenseStates" storage="d:\actions-runner\_work\xpco\xpco\corporate\shared\common.integration\tst\videoos.common.integration.unittests\bin\x64\debug\net472\videoos.common.integration.unittests.dll" id="7edb74d7-c5e2-9c1f-fcbf-d167c6d11f64">
      <Execution id="555292af-7923-494b-9bf8-f003faba556e" />
      <TestMethod codeBase="D:\actions-runner\_work\XPCO\XPCO\Corporate\Shared\Common.Integration\tst\VideoOS.Common.Integration.UnitTests\bin\x64\Debug\net472\VideoOS.Common.Integration.UnitTests.dll" adapterTypeName="executor://mstestadapter/v2" className="VideoOS.Common.Integration.UnitTests.License.HardwareInfoTests" name="HardwareInfo_HasCameraDevices_ReturnsFalse_WhenWithoutEnabledCamerasWithMatchingLicenseStates" />
    </UnitTest>
    <UnitTest name="DatabaseXmlConverter_XmlIdsToGuids_WrongElements_None" storage="d:\actions-runner\_work\xpco\xpco\corporate\shared\common.integration\tst\videoos.common.integration.unittests\bin\x64\debug\net472\videoos.common.integration.unittests.dll" id="c96481bf-026f-b4f1-4712-7c2424dec067">
      <Execution id="69fbd3f3-951c-4fd9-89d9-71557b0daf19" />
      <TestMethod codeBase="D:\actions-runner\_work\XPCO\XPCO\Corporate\Shared\Common.Integration\tst\VideoOS.Common.Integration.UnitTests\bin\x64\Debug\net472\VideoOS.Common.Integration.UnitTests.dll" adapterTypeName="executor://mstestadapter/v2" className="VideoOS.Common.Integration.UnitTests.DatabaseXmlConverterTest" name="DatabaseXmlConverter_XmlIdsToGuids_WrongElements_None" />
    </UnitTest>
    <UnitTest name="FeatureManager_GetFeatureParameterValueT_Enum_Valid_Value" storage="d:\actions-runner\_work\xpco\xpco\corporate\shared\common.integration\tst\videoos.common.integration.unittests\bin\x64\debug\net472\videoos.common.integration.unittests.dll" id="776eceef-a177-5664-72af-adb58a63d9e0">
      <Execution id="d9ff8d67-fb47-401f-9308-929c7ac0c9f4" />
      <TestMethod codeBase="D:\actions-runner\_work\XPCO\XPCO\Corporate\Shared\Common.Integration\tst\VideoOS.Common.Integration.UnitTests\bin\x64\Debug\net472\VideoOS.Common.Integration.UnitTests.dll" adapterTypeName="executor://mstestadapter/v2" className="VideoOS.Common.Integration.UnitTests.License.FeatureManagerTest" name="FeatureManager_GetFeatureParameterValueT_Enum_Valid_Value" />
    </UnitTest>
    <UnitTest name="HttpPost_Test_LicenseRequest_Succeeds" storage="d:\actions-runner\_work\xpco\xpco\corporate\shared\common.integration\tst\videoos.common.integration.unittests\bin\x64\debug\net472\videoos.common.integration.unittests.dll" id="a98c2e19-eb41-cad2-08f2-c0b93de7ee3e">
      <Execution id="517727ca-7f25-4066-89de-9ef08295208e" />
      <TestMethod codeBase="D:\actions-runner\_work\XPCO\XPCO\Corporate\Shared\Common.Integration\tst\VideoOS.Common.Integration.UnitTests\bin\x64\Debug\net472\VideoOS.Common.Integration.UnitTests.dll" adapterTypeName="executor://mstestadapter/v2" className="VideoOS.Common.Integration.UnitTests.Communication.HttpPostTests" name="HttpPost_Test_LicenseRequest_Succeeds" />
    </UnitTest>
    <UnitTest name="ModelValidation_RequiredPropertiesAreNull_Failed" storage="d:\actions-runner\_work\xpco\xpco\corporate\shared\common.integration\tst\videoos.common.integration.unittests\bin\x64\debug\net472\videoos.common.integration.unittests.dll" id="5b4205d8-c74c-054d-0f0f-0690b6905908">
      <Execution id="0809336d-1a1d-47e9-9b1e-48beff889ece" />
      <TestMethod codeBase="D:\actions-runner\_work\XPCO\XPCO\Corporate\Shared\Common.Integration\tst\VideoOS.Common.Integration.UnitTests\bin\x64\Debug\net472\VideoOS.Common.Integration.UnitTests.dll" adapterTypeName="executor://mstestadapter/v2" className="VideoOS.Common.Integration.UnitTests.WebAPI.Model.ReportMediaCommittedToDatabaseModelTest" name="ModelValidation_RequiredPropertiesAreNull_Failed" />
    </UnitTest>
    <UnitTest name="EvidenceLockOnOldRecorderModelTests_Validate_Success" storage="d:\actions-runner\_work\xpco\xpco\corporate\shared\common.integration\tst\videoos.common.integration.unittests\bin\x64\debug\net472\videoos.common.integration.unittests.dll" id="825d1feb-387a-a099-318b-03cd17d95884">
      <Execution id="9906adbb-f302-47d9-a710-aaef89519e8a" />
      <TestMethod codeBase="D:\actions-runner\_work\XPCO\XPCO\Corporate\Shared\Common.Integration\tst\VideoOS.Common.Integration.UnitTests\bin\x64\Debug\net472\VideoOS.Common.Integration.UnitTests.dll" adapterTypeName="executor://mstestadapter/v2" className="VideoOS.Common.Integration.UnitTests.WebAPI.Model.EvidenceLockOnOldRecorderModelTests" name="EvidenceLockOnOldRecorderModelTests_Validate_Success" />
    </UnitTest>
    <UnitTest name="ReadChildElementValueAsUInt64_SunnyDay" storage="d:\actions-runner\_work\xpco\xpco\corporate\shared\common.integration\tst\videoos.common.integration.unittests\bin\x64\debug\net472\videoos.common.integration.unittests.dll" id="10919144-3823-6bf6-98f4-d0bc06e3e69f">
      <Execution id="b3cb06da-278e-419a-89f2-5e3544114e1d" />
      <TestMethod codeBase="D:\actions-runner\_work\XPCO\XPCO\Corporate\Shared\Common.Integration\tst\VideoOS.Common.Integration.UnitTests\bin\x64\Debug\net472\VideoOS.Common.Integration.UnitTests.dll" adapterTypeName="executor://mstestadapter/v2" className="VideoOS.Common.Integration.UnitTests.XmlDocumentExtensionsCoreUnitTests" name="ReadChildElementValueAsUInt64_SunnyDay" />
    </UnitTest>
    <UnitTest name="GetServerSNMPId_Not_SNMP_Mapped" storage="d:\actions-runner\_work\xpco\xpco\corporate\shared\common.integration\tst\videoos.common.integration.unittests\bin\x64\debug\net472\videoos.common.integration.unittests.dll" id="7ab556a2-1595-6a91-9504-077b9dfa0dcd">
      <Execution id="817ba9df-e3aa-446c-8458-3325ee2e4c80" />
      <TestMethod codeBase="D:\actions-runner\_work\XPCO\XPCO\Corporate\Shared\Common.Integration\tst\VideoOS.Common.Integration.UnitTests\bin\x64\Debug\net472\VideoOS.Common.Integration.UnitTests.dll" adapterTypeName="executor://mstestadapter/v2" className="VideoOS.Common.Integration.UnitTests.Definition.Event.BuiltInEventTypesTest" name="GetServerSNMPId_Not_SNMP_Mapped" />
    </UnitTest>
    <UnitTest name="TestGetRegionsAsInvertedBooleanArray" storage="d:\actions-runner\_work\xpco\xpco\corporate\shared\common.integration\tst\videoos.common.integration.unittests\bin\x64\debug\net472\videoos.common.integration.unittests.dll" id="5190f507-2af6-6fa6-ccdb-708f60c064f9">
      <Execution id="07034f14-26b1-4bd7-bc8c-72df1d20a1bd" />
      <TestMethod codeBase="D:\actions-runner\_work\XPCO\XPCO\Corporate\Shared\Common.Integration\tst\VideoOS.Common.Integration.UnitTests\bin\x64\Debug\net472\VideoOS.Common.Integration.UnitTests.dll" adapterTypeName="executor://mstestadapter/v2" className="VideoOS.Common.Integration.UnitTests.Configuration.FillableGridAreaUnitTest" name="TestGetRegionsAsInvertedBooleanArray" />
    </UnitTest>
    <UnitTest name="ReadChildElementValueAsBoolean_NoChild" storage="d:\actions-runner\_work\xpco\xpco\corporate\shared\common.integration\tst\videoos.common.integration.unittests\bin\x64\debug\net472\videoos.common.integration.unittests.dll" id="ee223bb8-fe62-0648-1d0a-3b87b037fab8">
      <Execution id="3257eede-b43f-4b4f-a92f-5465aa06c655" />
      <TestMethod codeBase="D:\actions-runner\_work\XPCO\XPCO\Corporate\Shared\Common.Integration\tst\VideoOS.Common.Integration.UnitTests\bin\x64\Debug\net472\VideoOS.Common.Integration.UnitTests.dll" adapterTypeName="executor://mstestadapter/v2" className="VideoOS.Common.Integration.UnitTests.XmlDocumentExtensionsCoreUnitTests" name="ReadChildElementValueAsBoolean_NoChild" />
    </UnitTest>
    <UnitTest name="CreateResponseException_InternalServerErrorStatus_InternalServerErrorException" storage="d:\actions-runner\_work\xpco\xpco\corporate\shared\common.integration\tst\videoos.common.integration.unittests\bin\x64\debug\net472\videoos.common.integration.unittests.dll" id="587df245-1c49-9c48-2cfe-e0f6292e9a0b">
      <Execution id="713045ec-91e5-4584-b7c2-cede8d100cbe" />
      <TestMethod codeBase="D:\actions-runner\_work\XPCO\XPCO\Corporate\Shared\Common.Integration\tst\VideoOS.Common.Integration.UnitTests\bin\x64\Debug\net472\VideoOS.Common.Integration.UnitTests.dll" adapterTypeName="executor://mstestadapter/v2" className="VideoOS.Common.Integration.UnitTests.WebAPI.Exceptions.WebApiExceptionHelperTests" name="CreateResponseException_InternalServerErrorStatus_InternalServerErrorException" />
    </UnitTest>
    <UnitTest name="WebApiException_DefaultConstruct_Success" storage="d:\actions-runner\_work\xpco\xpco\corporate\shared\common.integration\tst\videoos.common.integration.unittests\bin\x64\debug\net472\videoos.common.integration.unittests.dll" id="c0a9727d-0bf7-48e8-362a-ed8d26af8f19">
      <Execution id="36ccbe1d-d12b-452f-ad87-6ff1040c5b6c" />
      <TestMethod codeBase="D:\actions-runner\_work\XPCO\XPCO\Corporate\Shared\Common.Integration\tst\VideoOS.Common.Integration.UnitTests\bin\x64\Debug\net472\VideoOS.Common.Integration.UnitTests.dll" adapterTypeName="executor://mstestadapter/v2" className="VideoOS.Common.Integration.UnitTests.WebAPI.Exceptions.WebApiExceptionTests" name="WebApiException_DefaultConstruct_Success" />
    </UnitTest>
    <UnitTest name="GetUnknownEventName" storage="d:\actions-runner\_work\xpco\xpco\corporate\shared\common.integration\tst\videoos.common.integration.unittests\bin\x64\debug\net472\videoos.common.integration.unittests.dll" id="b4effb3d-cc26-3654-999a-ddddff047e3e">
      <Execution id="faa291f6-3235-4a89-b7e1-d87fea52cd72" />
      <TestMethod codeBase="D:\actions-runner\_work\XPCO\XPCO\Corporate\Shared\Common.Integration\tst\VideoOS.Common.Integration.UnitTests\bin\x64\Debug\net472\VideoOS.Common.Integration.UnitTests.dll" adapterTypeName="executor://mstestadapter/v2" className="VideoOS.Common.Integration.UnitTests.Definition.Event.BuiltInEventTypesTest" name="GetUnknownEventName" />
    </UnitTest>
    <UnitTest name="FeatureManager_GetFeatureParameterValueT_Int_OutOfRange_Value" storage="d:\actions-runner\_work\xpco\xpco\corporate\shared\common.integration\tst\videoos.common.integration.unittests\bin\x64\debug\net472\videoos.common.integration.unittests.dll" id="b4b7e18f-651d-e1f8-ff22-f004b70110a9">
      <Execution id="645ce086-1df7-455b-9456-10fe9ebc65d4" />
      <TestMethod codeBase="D:\actions-runner\_work\XPCO\XPCO\Corporate\Shared\Common.Integration\tst\VideoOS.Common.Integration.UnitTests\bin\x64\Debug\net472\VideoOS.Common.Integration.UnitTests.dll" adapterTypeName="executor://mstestadapter/v2" className="VideoOS.Common.Integration.UnitTests.License.FeatureManagerTest" name="FeatureManager_GetFeatureParameterValueT_Int_OutOfRange_Value" />
    </UnitTest>
    <UnitTest name="RemoveKey_Null_ThrowArgumentNullException" storage="d:\actions-runner\_work\xpco\xpco\corporate\shared\common.integration\tst\videoos.common.integration.unittests\bin\x64\debug\net472\videoos.common.integration.unittests.dll" id="9ff8214d-c722-b098-f3f1-c9433165eb3e">
      <Execution id="e768f628-496f-4b8d-ba26-8a55e57d78f5" />
      <TestMethod codeBase="D:\actions-runner\_work\XPCO\XPCO\Corporate\Shared\Common.Integration\tst\VideoOS.Common.Integration.UnitTests\bin\x64\Debug\net472\VideoOS.Common.Integration.UnitTests.dll" adapterTypeName="executor://mstestadapter/v2" className="VideoOS.Common.Integration.UnitTests.LinkedListIndexUnitTests" name="RemoveKey_Null_ThrowArgumentNullException" />
    </UnitTest>
    <UnitTest name="UniqueIndex_Ctor_Null_ThrowArgumentNullException" storage="d:\actions-runner\_work\xpco\xpco\corporate\shared\common.integration\tst\videoos.common.integration.unittests\bin\x64\debug\net472\videoos.common.integration.unittests.dll" id="1cb4a5d7-d8ea-0925-ea58-6b3a23476ff8">
      <Execution id="294e6786-a7bd-4cc4-8567-a3512a7c66eb" />
      <TestMethod codeBase="D:\actions-runner\_work\XPCO\XPCO\Corporate\Shared\Common.Integration\tst\VideoOS.Common.Integration.UnitTests\bin\x64\Debug\net472\VideoOS.Common.Integration.UnitTests.dll" adapterTypeName="executor://mstestadapter/v2" className="VideoOS.Common.Integration.UnitTests.IndexedCollectionUnitTests" name="UniqueIndex_Ctor_Null_ThrowArgumentNullException" />
    </UnitTest>
    <UnitTest name="Scheduler_CancellingTask" storage="d:\actions-runner\_work\xpco\xpco\corporate\shared\common.integration\tst\videoos.common.integration.unittests\bin\x64\debug\net472\videoos.common.integration.unittests.dll" id="3c4f1715-736c-2242-54ea-d776af7e17a9">
      <Execution id="160dd3c6-5718-4ab1-99b5-35dbc0dc50e5" />
      <TestMethod codeBase="D:\actions-runner\_work\XPCO\XPCO\Corporate\Shared\Common.Integration\tst\VideoOS.Common.Integration.UnitTests\bin\x64\Debug\net472\VideoOS.Common.Integration.UnitTests.dll" adapterTypeName="executor://mstestadapter/v2" className="VideoOS.Common.Integration.UnitTests.Scheduling.Simple" name="Scheduler_CancellingTask" />
    </UnitTest>
    <UnitTest name="ResponseException_DefaultConstruct_Success" storage="d:\actions-runner\_work\xpco\xpco\corporate\shared\common.integration\tst\videoos.common.integration.unittests\bin\x64\debug\net472\videoos.common.integration.unittests.dll" id="d9341b03-4633-4c3c-606b-082a601aa165">
      <Execution id="b2409aad-56f6-4426-9172-dc496bcb1042" />
      <TestMethod codeBase="D:\actions-runner\_work\XPCO\XPCO\Corporate\Shared\Common.Integration\tst\VideoOS.Common.Integration.UnitTests\bin\x64\Debug\net472\VideoOS.Common.Integration.UnitTests.dll" adapterTypeName="executor://mstestadapter/v2" className="VideoOS.Common.Integration.UnitTests.WebAPI.Exceptions.ResponseExceptionTests" name="ResponseException_DefaultConstruct_Success" />
    </UnitTest>
    <UnitTest name="AddressDriverPairs_ModificationTest" storage="d:\actions-runner\_work\xpco\xpco\corporate\shared\common.integration\tst\videoos.common.integration.unittests\bin\x64\debug\net472\videoos.common.integration.unittests.dll" id="2a30ad3f-331e-98be-137e-2f154bc8be13">
      <Execution id="e3b1c216-a9d8-40a3-a7cb-7e233870523e" />
      <TestMethod codeBase="D:\actions-runner\_work\XPCO\XPCO\Corporate\Shared\Common.Integration\tst\VideoOS.Common.Integration.UnitTests\bin\x64\Debug\net472\VideoOS.Common.Integration.UnitTests.dll" adapterTypeName="executor://mstestadapter/v2" className="VideoOS.Common.Integration.UnitTests.AddressDriverPairsTest" name="AddressDriverPairs_ModificationTest" />
    </UnitTest>
    <UnitTest name="SecurityTokenModel_ValidModel_Success" storage="d:\actions-runner\_work\xpco\xpco\corporate\shared\common.integration\tst\videoos.common.integration.unittests\bin\x64\debug\net472\videoos.common.integration.unittests.dll" id="67de77d8-d5ab-68c8-76d7-1e7dd64ca815">
      <Execution id="b8bd3f8e-24af-428f-9010-57921cce1396" />
      <TestMethod codeBase="D:\actions-runner\_work\XPCO\XPCO\Corporate\Shared\Common.Integration\tst\VideoOS.Common.Integration.UnitTests\bin\x64\Debug\net472\VideoOS.Common.Integration.UnitTests.dll" adapterTypeName="executor://mstestadapter/v2" className="VideoOS.Common.Integration.UnitTests.WebAPI.Model.Server.SecurityTokenModelTest" name="SecurityTokenModel_ValidModel_Success" />
    </UnitTest>
    <UnitTest name="ReadChildElementValueAsInt32_RangeCheck_Max_Exact" storage="d:\actions-runner\_work\xpco\xpco\corporate\shared\common.integration\tst\videoos.common.integration.unittests\bin\x64\debug\net472\videoos.common.integration.unittests.dll" id="e8c0762d-aa8d-b249-8e9c-f5a8f70e8697">
      <Execution id="2936de75-8968-4e56-824b-1c588c45432a" />
      <TestMethod codeBase="D:\actions-runner\_work\XPCO\XPCO\Corporate\Shared\Common.Integration\tst\VideoOS.Common.Integration.UnitTests\bin\x64\Debug\net472\VideoOS.Common.Integration.UnitTests.dll" adapterTypeName="executor://mstestadapter/v2" className="VideoOS.Common.Integration.UnitTests.XmlDocumentExtensionsCoreUnitTests" name="ReadChildElementValueAsInt32_RangeCheck_Max_Exact" />
    </UnitTest>
    <UnitTest name="FeatureManager_TryGetFeatureParameterValue_NullValue" storage="d:\actions-runner\_work\xpco\xpco\corporate\shared\common.integration\tst\videoos.common.integration.unittests\bin\x64\debug\net472\videoos.common.integration.unittests.dll" id="af93436a-066a-98dc-99ac-d8fd21f2b4a0">
      <Execution id="3bd8157c-a66f-4407-985f-5cbdd15ca0b2" />
      <TestMethod codeBase="D:\actions-runner\_work\XPCO\XPCO\Corporate\Shared\Common.Integration\tst\VideoOS.Common.Integration.UnitTests\bin\x64\Debug\net472\VideoOS.Common.Integration.UnitTests.dll" adapterTypeName="executor://mstestadapter/v2" className="VideoOS.Common.Integration.UnitTests.License.FeatureManagerTest" name="FeatureManager_TryGetFeatureParameterValue_NullValue" />
    </UnitTest>
    <UnitTest name="StreamsConfiguration_ValidateConfiguration_Invalid_Selection_4_Error" storage="d:\actions-runner\_work\xpco\xpco\corporate\shared\common.integration\tst\videoos.common.integration.unittests\bin\x64\debug\net472\videoos.common.integration.unittests.dll" id="fbb5b0a3-b6b6-d9aa-428e-6dd411355f38">
      <Execution id="7eeeebc5-f39c-44fa-933b-50456520ca1b" />
      <TestMethod codeBase="D:\actions-runner\_work\XPCO\XPCO\Corporate\Shared\Common.Integration\tst\VideoOS.Common.Integration.UnitTests\bin\x64\Debug\net472\VideoOS.Common.Integration.UnitTests.dll" adapterTypeName="executor://mstestadapter/v2" className="VideoOS.Common.Integration.UnitTests.StreamsConfigurationUnitTests" name="StreamsConfiguration_ValidateConfiguration_Invalid_Selection_4_Error" />
    </UnitTest>
    <UnitTest name="IsDeviceLicensed_TwoActivatedAndOneGrace_OnActivatedICPDevice" storage="d:\actions-runner\_work\xpco\xpco\corporate\shared\common.integration\tst\videoos.common.integration.unittests\bin\x64\debug\net472\videoos.common.integration.unittests.dll" id="a509dfdd-8764-27a2-6db8-49cb72fabfb2">
      <TestCategory>
        <TestCategoryItem TestCategory="LicenseDocumentTest" />
      </TestCategory>
      <Execution id="bc7193f4-77e8-4efb-81a2-d64efd0b7d1b" />
      <TestMethod codeBase="D:\actions-runner\_work\XPCO\XPCO\Corporate\Shared\Common.Integration\tst\VideoOS.Common.Integration.UnitTests\bin\x64\Debug\net472\VideoOS.Common.Integration.UnitTests.dll" adapterTypeName="executor://mstestadapter/v2" className="VideoOS.Common.Integration.UnitTests.License.LicenseDocumentTests" name="IsDeviceLicensed_TwoActivatedAndOneGrace_OnActivatedICPDevice" />
    </UnitTest>
    <UnitTest name="FeatureManager_FeatureParameterCount_License_Argument_Null" storage="d:\actions-runner\_work\xpco\xpco\corporate\shared\common.integration\tst\videoos.common.integration.unittests\bin\x64\debug\net472\videoos.common.integration.unittests.dll" id="ceeeb36b-b7e8-0c89-cfc9-e2c8367bd453">
      <Execution id="b7dd3a7d-64b0-4b62-bd10-ef506f715722" />
      <TestMethod codeBase="D:\actions-runner\_work\XPCO\XPCO\Corporate\Shared\Common.Integration\tst\VideoOS.Common.Integration.UnitTests\bin\x64\Debug\net472\VideoOS.Common.Integration.UnitTests.dll" adapterTypeName="executor://mstestadapter/v2" className="VideoOS.Common.Integration.UnitTests.License.FeatureManagerTest" name="FeatureManager_FeatureParameterCount_License_Argument_Null" />
    </UnitTest>
    <UnitTest name="ServiceDiscoveryEngine_CommunicationError_Success" storage="d:\actions-runner\_work\xpco\xpco\corporate\shared\common.integration\tst\videoos.common.integration.unittests\bin\x64\debug\net472\videoos.common.integration.unittests.dll" id="22cbea69-3a7d-9cd6-f0ea-2fa47544a3b1">
      <Execution id="3c34cc60-1421-4746-9caf-00b5e7d28bb4" />
      <TestMethod codeBase="D:\actions-runner\_work\XPCO\XPCO\Corporate\Shared\Common.Integration\tst\VideoOS.Common.Integration.UnitTests\bin\x64\Debug\net472\VideoOS.Common.Integration.UnitTests.dll" adapterTypeName="executor://mstestadapter/v2" className="VideoOS.Common.Integration.UnitTests.WebAPI.Exceptions.ServiceDiscoveryEngineTests" name="ServiceDiscoveryEngine_CommunicationError_Success" />
    </UnitTest>
    <UnitTest name="ServerFileStorageEntry_Persist_AlreadyExists_InvalidOperationException" storage="d:\actions-runner\_work\xpco\xpco\corporate\shared\common.integration\tst\videoos.common.integration.unittests\bin\x64\debug\net472\videoos.common.integration.unittests.dll" id="8c581716-6923-024e-05c8-e8a4c17b964e">
      <Execution id="21826a70-9d85-4ed1-93fb-bbf01d782be9" />
      <TestMethod codeBase="D:\actions-runner\_work\XPCO\XPCO\Corporate\Shared\Common.Integration\tst\VideoOS.Common.Integration.UnitTests\bin\x64\Debug\net472\VideoOS.Common.Integration.UnitTests.dll" adapterTypeName="executor://mstestadapter/v2" className="VideoOS.Common.Integration.UnitTests.ServerFileStorageTests" name="ServerFileStorageEntry_Persist_AlreadyExists_InvalidOperationException" />
    </UnitTest>
    <UnitTest name="ModelValidation_ValidModel_Success" storage="d:\actions-runner\_work\xpco\xpco\corporate\shared\common.integration\tst\videoos.common.integration.unittests\bin\x64\debug\net472\videoos.common.integration.unittests.dll" id="b51d282a-fa74-3472-3807-95d6f3d23f2f">
      <Execution id="4bf1a7fd-41b6-4aa5-ab95-76bb0d4505f5" />
      <TestMethod codeBase="D:\actions-runner\_work\XPCO\XPCO\Corporate\Shared\Common.Integration\tst\VideoOS.Common.Integration.UnitTests\bin\x64\Debug\net472\VideoOS.Common.Integration.UnitTests.dll" adapterTypeName="executor://mstestadapter/v2" className="VideoOS.Common.Integration.UnitTests.WebAPI.Model.ReportMediaStatusModelTest" name="ModelValidation_ValidModel_Success" />
    </UnitTest>
    <UnitTest name="LicenseDocument_IsFeatureLicensed_NoneExistFeature" storage="d:\actions-runner\_work\xpco\xpco\corporate\shared\common.integration\tst\videoos.common.integration.unittests\bin\x64\debug\net472\videoos.common.integration.unittests.dll" id="3204935e-0c0a-e9ae-1afb-92f72fc02706">
      <TestCategory>
        <TestCategoryItem TestCategory="LicenseDocumentTest" />
      </TestCategory>
      <Execution id="496ae81a-0a72-4c8a-b832-478864cb7031" />
      <TestMethod codeBase="D:\actions-runner\_work\XPCO\XPCO\Corporate\Shared\Common.Integration\tst\VideoOS.Common.Integration.UnitTests\bin\x64\Debug\net472\VideoOS.Common.Integration.UnitTests.dll" adapterTypeName="executor://mstestadapter/v2" className="VideoOS.Common.Integration.UnitTests.License.LicenseDocumentTests" name="LicenseDocument_IsFeatureLicensed_NoneExistFeature" />
    </UnitTest>
    <UnitTest name="GetPresetByKey_ByNameOnlyOnePreset" storage="d:\actions-runner\_work\xpco\xpco\corporate\shared\common.integration\tst\videoos.common.integration.unittests\bin\x64\debug\net472\videoos.common.integration.unittests.dll" id="60362c08-2015-f180-f658-c3326ff818ab">
      <Execution id="74529090-0d98-44d3-8038-4494c850758f" />
      <TestMethod codeBase="D:\actions-runner\_work\XPCO\XPCO\Corporate\Shared\Common.Integration\tst\VideoOS.Common.Integration.UnitTests\bin\x64\Debug\net472\VideoOS.Common.Integration.UnitTests.dll" adapterTypeName="executor://mstestadapter/v2" className="VideoOS.Common.Integration.UnitTests.PtzPresetCollectionUnitTests" name="GetPresetByKey_ByNameOnlyOnePreset" />
    </UnitTest>
    <UnitTest name="StreamsConfiguration_ValidateConfiguration_Same_Stream_Twize" storage="d:\actions-runner\_work\xpco\xpco\corporate\shared\common.integration\tst\videoos.common.integration.unittests\bin\x64\debug\net472\videoos.common.integration.unittests.dll" id="ab7ac89c-c820-fe44-1dff-643f4399c969">
      <Execution id="1a539c61-deb1-4118-a05e-d70102e864b3" />
      <TestMethod codeBase="D:\actions-runner\_work\XPCO\XPCO\Corporate\Shared\Common.Integration\tst\VideoOS.Common.Integration.UnitTests\bin\x64\Debug\net472\VideoOS.Common.Integration.UnitTests.dll" adapterTypeName="executor://mstestadapter/v2" className="VideoOS.Common.Integration.UnitTests.StreamsConfigurationUnitTests" name="StreamsConfiguration_ValidateConfiguration_Same_Stream_Twize" />
    </UnitTest>
    <UnitTest name="PtzPreset_EqualsTo_Change_Locked" storage="d:\actions-runner\_work\xpco\xpco\corporate\shared\common.integration\tst\videoos.common.integration.unittests\bin\x64\debug\net472\videoos.common.integration.unittests.dll" id="c3025f79-154d-b3d8-2628-747ede223d4f">
      <Execution id="2a1a0022-b749-405c-8ec2-f10f91f09af8" />
      <TestMethod codeBase="D:\actions-runner\_work\XPCO\XPCO\Corporate\Shared\Common.Integration\tst\VideoOS.Common.Integration.UnitTests\bin\x64\Debug\net472\VideoOS.Common.Integration.UnitTests.dll" adapterTypeName="executor://mstestadapter/v2" className="VideoOS.Common.Integration.UnitTests.PtzPresetUnitTests" name="PtzPreset_EqualsTo_Change_Locked" />
    </UnitTest>
    <UnitTest name="CreateLicenseWarningReport_SixHardwareWithSingleDeviceEach_TableDataNotGenerated_Success" storage="d:\actions-runner\_work\xpco\xpco\corporate\shared\common.integration\tst\videoos.common.integration.unittests\bin\x64\debug\net472\videoos.common.integration.unittests.dll" id="d058b630-e1aa-336b-ef4a-5c1527bab2e0">
      <Execution id="75beacdf-b251-4fa4-bb25-071e83a0c795" />
      <TestMethod codeBase="D:\actions-runner\_work\XPCO\XPCO\Corporate\Shared\Common.Integration\tst\VideoOS.Common.Integration.UnitTests\bin\x64\Debug\net472\VideoOS.Common.Integration.UnitTests.dll" adapterTypeName="executor://mstestadapter/v2" className="VideoOS.Common.Integration.UnitTests.License.LicenseReportGeneratorTests" name="CreateLicenseWarningReport_SixHardwareWithSingleDeviceEach_TableDataNotGenerated_Success" />
    </UnitTest>
    <UnitTest name="SecurityTokenCollectionDto_Deserialization_Success" storage="d:\actions-runner\_work\xpco\xpco\corporate\shared\common.integration\tst\videoos.common.integration.unittests\bin\x64\debug\net472\videoos.common.integration.unittests.dll" id="14983635-813a-a1e2-d7f3-99a0e0a5521d">
      <Execution id="83e43472-9369-4f82-b5d5-ba93abb0f3bd" />
      <TestMethod codeBase="D:\actions-runner\_work\XPCO\XPCO\Corporate\Shared\Common.Integration\tst\VideoOS.Common.Integration.UnitTests\bin\x64\Debug\net472\VideoOS.Common.Integration.UnitTests.dll" adapterTypeName="executor://mstestadapter/v2" className="VideoOS.Common.Integration.UnitTests.Communication.DataTransferObjects.SecurityTokenCollectionDtoTest" name="SecurityTokenCollectionDto_Deserialization_Success" />
    </UnitTest>
    <UnitTest name="GetPresetByKey_ByNameNoMatch" storage="d:\actions-runner\_work\xpco\xpco\corporate\shared\common.integration\tst\videoos.common.integration.unittests\bin\x64\debug\net472\videoos.common.integration.unittests.dll" id="c69309cd-c599-2f63-3f42-43c21d8204d8">
      <Execution id="6c03f1e8-487e-4888-be20-8965aa9a3422" />
      <TestMethod codeBase="D:\actions-runner\_work\XPCO\XPCO\Corporate\Shared\Common.Integration\tst\VideoOS.Common.Integration.UnitTests\bin\x64\Debug\net472\VideoOS.Common.Integration.UnitTests.dll" adapterTypeName="executor://mstestadapter/v2" className="VideoOS.Common.Integration.UnitTests.PtzPresetCollectionUnitTests" name="GetPresetByKey_ByNameNoMatch" />
    </UnitTest>
    <UnitTest name="ReadIdentityFromCache_NoProvider" storage="d:\actions-runner\_work\xpco\xpco\corporate\shared\common.integration\tst\videoos.common.integration.unittests\bin\x64\debug\net472\videoos.common.integration.unittests.dll" id="3d251fad-ae28-1fbc-ccc8-e2ccdc4c29bc">
      <Execution id="d357a989-1e1c-4817-aeb2-cfcadc7a599b" />
      <TestMethod codeBase="D:\actions-runner\_work\XPCO\XPCO\Corporate\Shared\Common.Integration\tst\VideoOS.Common.Integration.UnitTests\bin\x64\Debug\net472\VideoOS.Common.Integration.UnitTests.dll" adapterTypeName="executor://mstestadapter/v2" className="VideoOS.Common.Integration.UnitTests.Caching.SecurityIdentityCacheUnitTests" name="ReadIdentityFromCache_NoProvider" />
    </UnitTest>
    <UnitTest name="InitializeWithNullILicenseDocument_ThrowsArgumentNullException" storage="d:\actions-runner\_work\xpco\xpco\corporate\shared\common.integration\tst\videoos.common.integration.unittests\bin\x64\debug\net472\videoos.common.integration.unittests.dll" id="c469a8e7-9a14-b324-884d-c5312faff916">
      <Execution id="f0e346e0-08b6-407f-bfed-7891d7ca70eb" />
      <TestMethod codeBase="D:\actions-runner\_work\XPCO\XPCO\Corporate\Shared\Common.Integration\tst\VideoOS.Common.Integration.UnitTests\bin\x64\Debug\net472\VideoOS.Common.Integration.UnitTests.dll" adapterTypeName="executor://mstestadapter/v2" className="VideoOS.Common.Integration.UnitTests.License.LicenseCalculatorTests" name="InitializeWithNullILicenseDocument_ThrowsArgumentNullException" />
    </UnitTest>
    <UnitTest name="BoolResponseModel_NoValuesSet_ValidationFailure" storage="d:\actions-runner\_work\xpco\xpco\corporate\shared\common.integration\tst\videoos.common.integration.unittests\bin\x64\debug\net472\videoos.common.integration.unittests.dll" id="840e3ed7-868c-2ede-a02c-7571f4acfb0b">
      <Execution id="9d34f0fd-cd86-486e-b2e3-5232933479cf" />
      <TestMethod codeBase="D:\actions-runner\_work\XPCO\XPCO\Corporate\Shared\Common.Integration\tst\VideoOS.Common.Integration.UnitTests\bin\x64\Debug\net472\VideoOS.Common.Integration.UnitTests.dll" adapterTypeName="executor://mstestadapter/v2" className="VideoOS.Common.Integration.UnitTests.WebAPI.Model.Recorder.Responses.BoolResponseModelTest" name="BoolResponseModel_NoValuesSet_ValidationFailure" />
    </UnitTest>
    <UnitTest name="ActivateArchiveModel_Validation_NonEmptyGuidsAreEmpty_Failed" storage="d:\actions-runner\_work\xpco\xpco\corporate\shared\common.integration\tst\videoos.common.integration.unittests\bin\x64\debug\net472\videoos.common.integration.unittests.dll" id="58009c76-a7f8-ab75-d0ee-0e2850e4cba7">
      <Execution id="0573def0-bb25-4886-900d-e40251a60a51" />
      <TestMethod codeBase="D:\actions-runner\_work\XPCO\XPCO\Corporate\Shared\Common.Integration\tst\VideoOS.Common.Integration.UnitTests\bin\x64\Debug\net472\VideoOS.Common.Integration.UnitTests.dll" adapterTypeName="executor://mstestadapter/v2" className="VideoOS.Common.Integration.UnitTests.WebAPI.Model.ActivateArchiveModelTest" name="ActivateArchiveModel_Validation_NonEmptyGuidsAreEmpty_Failed" />
    </UnitTest>
    <UnitTest name="ServiceDiscoveryEngine_CommunicationConfirmed_Success" storage="d:\actions-runner\_work\xpco\xpco\corporate\shared\common.integration\tst\videoos.common.integration.unittests\bin\x64\debug\net472\videoos.common.integration.unittests.dll" id="9181c077-33eb-e8de-adee-01c4a4ba25a1">
      <Execution id="ec1ff1d4-6744-406d-a761-abe92d39e796" />
      <TestMethod codeBase="D:\actions-runner\_work\XPCO\XPCO\Corporate\Shared\Common.Integration\tst\VideoOS.Common.Integration.UnitTests\bin\x64\Debug\net472\VideoOS.Common.Integration.UnitTests.dll" adapterTypeName="executor://mstestadapter/v2" className="VideoOS.Common.Integration.UnitTests.WebAPI.Exceptions.ServiceDiscoveryEngineTests" name="ServiceDiscoveryEngine_CommunicationConfirmed_Success" />
    </UnitTest>
    <UnitTest name="SystemConfigurationModel_Validate_Success" storage="d:\actions-runner\_work\xpco\xpco\corporate\shared\common.integration\tst\videoos.common.integration.unittests\bin\x64\debug\net472\videoos.common.integration.unittests.dll" id="ba3c0ef1-85c7-cb23-d4ed-21987be2659c">
      <Execution id="7cdf562b-5468-455b-b5b0-90a84417a7c2" />
      <TestMethod codeBase="D:\actions-runner\_work\XPCO\XPCO\Corporate\Shared\Common.Integration\tst\VideoOS.Common.Integration.UnitTests\bin\x64\Debug\net472\VideoOS.Common.Integration.UnitTests.dll" adapterTypeName="executor://mstestadapter/v2" className="VideoOS.Common.Integration.UnitTests.WebAPI.Model.SystemConfigurationModelTest" name="SystemConfigurationModel_Validate_Success" />
    </UnitTest>
    <UnitTest name="CheckAllMIPFiltersKindsTestNotOk6" storage="d:\actions-runner\_work\xpco\xpco\corporate\shared\common.integration\tst\videoos.common.integration.unittests\bin\x64\debug\net472\videoos.common.integration.unittests.dll" id="ab1cd479-b2e4-ea28-cbb8-9dfdfbe5d707">
      <TestCategory>
        <TestCategoryItem TestCategory="Rules.MIPFilter" />
      </TestCategory>
      <Execution id="1393ccfe-247f-46e4-bd4c-616b92759896" />
      <TestMethod codeBase="D:\actions-runner\_work\XPCO\XPCO\Corporate\Shared\Common.Integration\tst\VideoOS.Common.Integration.UnitTests\bin\x64\Debug\net472\VideoOS.Common.Integration.UnitTests.dll" adapterTypeName="executor://mstestadapter/v2" className="VideoOS.Common.Integration.UnitTests.Rules.MIPFilterTest" name="CheckAllMIPFiltersKindsTestNotOk6" />
    </UnitTest>
    <UnitTest name="FeatureManager_HasLicense_WithLicense_ReturnTrue" storage="d:\actions-runner\_work\xpco\xpco\corporate\shared\common.integration\tst\videoos.common.integration.unittests\bin\x64\debug\net472\videoos.common.integration.unittests.dll" id="fec1a267-0965-8545-94c7-6443f274716e">
      <Execution id="80d6f5f0-8861-4119-a645-a71c56ffe155" />
      <TestMethod codeBase="D:\actions-runner\_work\XPCO\XPCO\Corporate\Shared\Common.Integration\tst\VideoOS.Common.Integration.UnitTests\bin\x64\Debug\net472\VideoOS.Common.Integration.UnitTests.dll" adapterTypeName="executor://mstestadapter/v2" className="VideoOS.Common.Integration.UnitTests.License.FeatureManagerTest" name="FeatureManager_HasLicense_WithLicense_ReturnTrue" />
    </UnitTest>
    <UnitTest name="ExecuteRuleActionsModel_Validate_Success" storage="d:\actions-runner\_work\xpco\xpco\corporate\shared\common.integration\tst\videoos.common.integration.unittests\bin\x64\debug\net472\videoos.common.integration.unittests.dll" id="b68ad0b5-7976-f8aa-6677-e303aa93b712">
      <Execution id="54ecc370-fef2-495e-ab76-2390946225bd" />
      <TestMethod codeBase="D:\actions-runner\_work\XPCO\XPCO\Corporate\Shared\Common.Integration\tst\VideoOS.Common.Integration.UnitTests\bin\x64\Debug\net472\VideoOS.Common.Integration.UnitTests.dll" adapterTypeName="executor://mstestadapter/v2" className="VideoOS.Common.Integration.UnitTests.WebApi.ExecuteRuleActionsModelTest" name="ExecuteRuleActionsModel_Validate_Success" />
    </UnitTest>
    <UnitTest name="RefCountedObjectWrapper_Construcctor_Success" storage="d:\actions-runner\_work\xpco\xpco\corporate\shared\common.integration\tst\videoos.common.integration.unittests\bin\x64\debug\net472\videoos.common.integration.unittests.dll" id="bbcddb0d-c27e-065c-6621-ce36c72de785">
      <Execution id="d2345495-0f5a-4ef0-8f5d-3a43ca4585e3" />
      <TestMethod codeBase="D:\actions-runner\_work\XPCO\XPCO\Corporate\Shared\Common.Integration\tst\VideoOS.Common.Integration.UnitTests\bin\x64\Debug\net472\VideoOS.Common.Integration.UnitTests.dll" adapterTypeName="executor://mstestadapter/v2" className="VideoOS.Common.Integration.UnitTests.Threading.RefCountedObjectWrapperTests" name="RefCountedObjectWrapper_Construcctor_Success" />
    </UnitTest>
    <UnitTest name="Constructor_ThrowsException_WhenICPHardwareInfosInListHaveDifferentMacAddresses" storage="d:\actions-runner\_work\xpco\xpco\corporate\shared\common.integration\tst\videoos.common.integration.unittests\bin\x64\debug\net472\videoos.common.integration.unittests.dll" id="001f96d2-83cb-0e28-b3e5-56086532567c">
      <TestCategory>
        <TestCategoryItem TestCategory="Licensing" />
      </TestCategory>
      <Execution id="0efe49f3-f446-4f8f-9ffc-aca47955b9e3" />
      <TestMethod codeBase="D:\actions-runner\_work\XPCO\XPCO\Corporate\Shared\Common.Integration\tst\VideoOS.Common.Integration.UnitTests\bin\x64\Debug\net472\VideoOS.Common.Integration.UnitTests.dll" adapterTypeName="executor://mstestadapter/v2" className="VideoOS.Common.Integration.UnitTests.License.AggregateFeedDictionaryTests" name="Constructor_ThrowsException_WhenICPHardwareInfosInListHaveDifferentMacAddresses" />
    </UnitTest>
    <UnitTest name="CertificateSelection2_GetHashCode" storage="d:\actions-runner\_work\xpco\xpco\corporate\shared\common.integration\tst\videoos.common.integration.unittests\bin\x64\debug\net472\videoos.common.integration.unittests.dll" id="751967da-9524-d0a0-234e-0c2560cb1ad8">
      <Execution id="6731c10b-c396-4e6c-9b0d-c823a1873620" />
      <TestMethod codeBase="D:\actions-runner\_work\XPCO\XPCO\Corporate\Shared\Common.Integration\tst\VideoOS.Common.Integration.UnitTests\bin\x64\Debug\net472\VideoOS.Common.Integration.UnitTests.dll" adapterTypeName="executor://mstestadapter/v2" className="VideoOS.Common.Integration.UnitTests.CertificateHandling.CertificateSelection2Tests" name="CertificateSelection2_GetHashCode" />
    </UnitTest>
    <UnitTest name="LicenseDocument_ICPLimitedDriversIncluded" storage="d:\actions-runner\_work\xpco\xpco\corporate\shared\common.integration\tst\videoos.common.integration.unittests\bin\x64\debug\net472\videoos.common.integration.unittests.dll" id="bd7171f9-7774-2edc-a6d3-25e01dc1b9bb">
      <TestCategory>
        <TestCategoryItem TestCategory="LicenseDocumentTest" />
      </TestCategory>
      <Execution id="0394c255-2a37-48d3-8665-e28422f15048" />
      <TestMethod codeBase="D:\actions-runner\_work\XPCO\XPCO\Corporate\Shared\Common.Integration\tst\VideoOS.Common.Integration.UnitTests\bin\x64\Debug\net472\VideoOS.Common.Integration.UnitTests.dll" adapterTypeName="executor://mstestadapter/v2" className="VideoOS.Common.Integration.UnitTests.License.LicenseDocumentTests" name="LicenseDocument_ICPLimitedDriversIncluded" />
    </UnitTest>
    <UnitTest name="ReadChildElementValueAsUInt32_NoChild" storage="d:\actions-runner\_work\xpco\xpco\corporate\shared\common.integration\tst\videoos.common.integration.unittests\bin\x64\debug\net472\videoos.common.integration.unittests.dll" id="719c6f9d-67a7-a61e-7fe8-5cc018344da5">
      <Execution id="9b7969a4-a579-4fef-a281-4ad4dac6e6ca" />
      <TestMethod codeBase="D:\actions-runner\_work\XPCO\XPCO\Corporate\Shared\Common.Integration\tst\VideoOS.Common.Integration.UnitTests\bin\x64\Debug\net472\VideoOS.Common.Integration.UnitTests.dll" adapterTypeName="executor://mstestadapter/v2" className="VideoOS.Common.Integration.UnitTests.XmlDocumentExtensionsCoreUnitTests" name="ReadChildElementValueAsUInt32_NoChild" />
    </UnitTest>
    <UnitTest name="Transform_UnsupportedXml" storage="d:\actions-runner\_work\xpco\xpco\corporate\shared\common.integration\tst\videoos.common.integration.unittests\bin\x64\debug\net472\videoos.common.integration.unittests.dll" id="87d633b3-db0f-0aee-539b-7bd0300d4dae">
      <Execution id="90dd771a-92b8-432d-b45b-363d641af5d3" />
      <TestMethod codeBase="D:\actions-runner\_work\XPCO\XPCO\Corporate\Shared\Common.Integration\tst\VideoOS.Common.Integration.UnitTests\bin\x64\Debug\net472\VideoOS.Common.Integration.UnitTests.dll" adapterTypeName="executor://mstestadapter/v2" className="VideoOS.Common.Integration.UnitTests.Configuration.SettingsXmlTransformerTests" name="Transform_UnsupportedXml" />
    </UnitTest>
    <UnitTest name="LicenseActivationService_AcquireLicense_LicenseNotAllowed_TooManyCamerasRequested" storage="d:\actions-runner\_work\xpco\xpco\corporate\shared\common.integration\tst\videoos.common.integration.unittests\bin\x64\debug\net472\videoos.common.integration.unittests.dll" id="a631a206-782f-0ee2-cbfb-14156bf5a95d">
      <Execution id="0ab206a6-f039-40cc-8a38-6badd1bc0ff6" />
      <TestMethod codeBase="D:\actions-runner\_work\XPCO\XPCO\Corporate\Shared\Common.Integration\tst\VideoOS.Common.Integration.UnitTests\bin\x64\Debug\net472\VideoOS.Common.Integration.UnitTests.dll" adapterTypeName="executor://mstestadapter/v2" className="VideoOS.Common.Integration.UnitTests.License.LicenseActivationServiceTests" name="LicenseActivationService_AcquireLicense_LicenseNotAllowed_TooManyCamerasRequested" />
    </UnitTest>
    <UnitTest name="WhiteList_Model_CreateInstanceWithoutLicenseParentParameter_Succeeds" storage="d:\actions-runner\_work\xpco\xpco\corporate\shared\common.integration\tst\videoos.common.integration.unittests\bin\x64\debug\net472\videoos.common.integration.unittests.dll" id="73cd9217-7245-523e-742c-6d7cc565ea74">
      <TestCategory>
        <TestCategoryItem TestCategory="Licensing" />
      </TestCategory>
      <Execution id="25b52ded-fea9-485b-9adb-79f720cbdf99" />
      <TestMethod codeBase="D:\actions-runner\_work\XPCO\XPCO\Corporate\Shared\Common.Integration\tst\VideoOS.Common.Integration.UnitTests\bin\x64\Debug\net472\VideoOS.Common.Integration.UnitTests.dll" adapterTypeName="executor://mstestadapter/v2" className="VideoOS.Common.Integration.UnitTests.License.LicenseWhitelistTests" name="WhiteList_Model_CreateInstanceWithoutLicenseParentParameter_Succeeds" />
    </UnitTest>
    <UnitTest name="ToLogEntryAudit_ModelWithLogeDefinition_SuccessConvertion" storage="d:\actions-runner\_work\xpco\xpco\corporate\shared\common.integration\tst\videoos.common.integration.unittests\bin\x64\debug\net472\videoos.common.integration.unittests.dll" id="1047d0f5-74cf-30a5-2e70-1dea0ad7d353">
      <Execution id="8d53f488-68ce-450d-b62e-678104969cc7" />
      <TestMethod codeBase="D:\actions-runner\_work\XPCO\XPCO\Corporate\Shared\Common.Integration\tst\VideoOS.Common.Integration.UnitTests\bin\x64\Debug\net472\VideoOS.Common.Integration.UnitTests.dll" adapterTypeName="executor://mstestadapter/v2" className="VideoOS.Common.Integration.UnitTests.WebAPI.Model.Server.LogEntryModelConverterTest" name="ToLogEntryAudit_ModelWithLogeDefinition_SuccessConvertion" />
    </UnitTest>
    <UnitTest name="Create_IsAKnownType_ReturnsCorrectInstanceOfType" storage="d:\actions-runner\_work\xpco\xpco\corporate\shared\common.integration\tst\videoos.common.integration.unittests\bin\x64\debug\net472\videoos.common.integration.unittests.dll" id="eade85c4-4bde-0133-ecf8-0f7996b21008">
      <Execution id="faf23664-d5d3-47b2-9436-da0aab462c28" />
      <TestMethod codeBase="D:\actions-runner\_work\XPCO\XPCO\Corporate\Shared\Common.Integration\tst\VideoOS.Common.Integration.UnitTests\bin\x64\Debug\net472\VideoOS.Common.Integration.UnitTests.dll" adapterTypeName="executor://mstestadapter/v2" className="VideoOS.Common.Integration.UnitTests.Configuration.ConfigurationDataSetEncryption.XmlTransformationFactoryTests" name="Create_IsAKnownType_ReturnsCorrectInstanceOfType" />
    </UnitTest>
    <UnitTest name="BaseHtmlLicenseReport_CreateImage_NoClassName_Success" storage="d:\actions-runner\_work\xpco\xpco\corporate\shared\common.integration\tst\videoos.common.integration.unittests\bin\x64\debug\net472\videoos.common.integration.unittests.dll" id="0f4f5e48-3a23-0fad-b4a2-fc4750dda3cd">
      <Execution id="55c7b5f6-7dcc-44c8-b998-79bd308f9bf1" />
      <TestMethod codeBase="D:\actions-runner\_work\XPCO\XPCO\Corporate\Shared\Common.Integration\tst\VideoOS.Common.Integration.UnitTests\bin\x64\Debug\net472\VideoOS.Common.Integration.UnitTests.dll" adapterTypeName="executor://mstestadapter/v2" className="VideoOS.Common.Integration.UnitTests.License.BaseHtmlLicenseReportTests" name="BaseHtmlLicenseReport_CreateImage_NoClassName_Success" />
    </UnitTest>
    <UnitTest name="ReadChildElementValueAsUInt64_RangeCheck_Max_Exact" storage="d:\actions-runner\_work\xpco\xpco\corporate\shared\common.integration\tst\videoos.common.integration.unittests\bin\x64\debug\net472\videoos.common.integration.unittests.dll" id="ac8ea13b-7012-c35b-5253-756264c28f17">
      <Execution id="dcc837f3-2579-4383-873a-8012152b300d" />
      <TestMethod codeBase="D:\actions-runner\_work\XPCO\XPCO\Corporate\Shared\Common.Integration\tst\VideoOS.Common.Integration.UnitTests\bin\x64\Debug\net472\VideoOS.Common.Integration.UnitTests.dll" adapterTypeName="executor://mstestadapter/v2" className="VideoOS.Common.Integration.UnitTests.XmlDocumentExtensionsCoreUnitTests" name="ReadChildElementValueAsUInt64_RangeCheck_Max_Exact" />
    </UnitTest>
    <UnitTest name="Test_MemberOf_SimpleBranched" storage="d:\actions-runner\_work\xpco\xpco\corporate\shared\common.integration\tst\videoos.common.integration.unittests\bin\x64\debug\net472\videoos.common.integration.unittests.dll" id="38e57c8d-c143-6e35-6df7-3b382085c25f">
      <Execution id="f6339442-47e8-465a-994b-456f280a4e84" />
      <TestMethod codeBase="D:\actions-runner\_work\XPCO\XPCO\Corporate\Shared\Common.Integration\tst\VideoOS.Common.Integration.UnitTests\bin\x64\Debug\net472\VideoOS.Common.Integration.UnitTests.dll" adapterTypeName="executor://mstestadapter/v2" className="VideoOS.Common.Integration.UnitTests.Caching.MembershipCacheUnitTest" name="Test_MemberOf_SimpleBranched" />
    </UnitTest>
    <UnitTest name="SendEndPointAndObject_ObjNull_ArgumentNullExceptionThrown" storage="d:\actions-runner\_work\xpco\xpco\corporate\shared\common.integration\tst\videoos.common.integration.unittests\bin\x64\debug\net472\videoos.common.integration.unittests.dll" id="8c4a5e21-f8cf-c703-1537-a1b2f2ea6095">
      <Execution id="5d71d7a6-df42-44bd-9239-360fb01089e8" />
      <TestMethod codeBase="D:\actions-runner\_work\XPCO\XPCO\Corporate\Shared\Common.Integration\tst\VideoOS.Common.Integration.UnitTests\bin\x64\Debug\net472\VideoOS.Common.Integration.UnitTests.dll" adapterTypeName="executor://mstestadapter/v2" className="VideoOS.Common.Integration.WebApi.HttpClientCommunicatorUnitTests" name="SendEndPointAndObject_ObjNull_ArgumentNullExceptionThrown" />
    </UnitTest>
    <UnitTest name="HardwareInfo_SetsDriverAndModelNameUpperCaseVersions" storage="d:\actions-runner\_work\xpco\xpco\corporate\shared\common.integration\tst\videoos.common.integration.unittests\bin\x64\debug\net472\videoos.common.integration.unittests.dll" id="a5ca950e-d8ad-42fc-0581-bbdbcf47da7b">
      <Execution id="e78b13ba-199d-4831-899f-bc1c05d2ef2a" />
      <TestMethod codeBase="D:\actions-runner\_work\XPCO\XPCO\Corporate\Shared\Common.Integration\tst\VideoOS.Common.Integration.UnitTests\bin\x64\Debug\net472\VideoOS.Common.Integration.UnitTests.dll" adapterTypeName="executor://mstestadapter/v2" className="VideoOS.Common.Integration.UnitTests.License.HardwareInfoTests" name="HardwareInfo_SetsDriverAndModelNameUpperCaseVersions" />
    </UnitTest>
    <UnitTest name="Decrypt_DataSetHasRow_DataSetIsDecrypted" storage="d:\actions-runner\_work\xpco\xpco\corporate\shared\common.integration\tst\videoos.common.integration.unittests\bin\x64\debug\net472\videoos.common.integration.unittests.dll" id="b2f4e215-30fd-0f31-d9f2-265f40f5d8de">
      <Execution id="65f8c285-b66f-45d8-9985-5da5b7223449" />
      <TestMethod codeBase="D:\actions-runner\_work\XPCO\XPCO\Corporate\Shared\Common.Integration\tst\VideoOS.Common.Integration.UnitTests\bin\x64\Debug\net472\VideoOS.Common.Integration.UnitTests.dll" adapterTypeName="executor://mstestadapter/v2" className="VideoOS.Common.Integration.UnitTests.Configuration.HostedHardwareTableAdapterTests" name="Decrypt_DataSetHasRow_DataSetIsDecrypted" />
    </UnitTest>
    <UnitTest name="ServiceContainer_GetService_ServiceNotRegistered_ReturnsNullInstance" storage="d:\actions-runner\_work\xpco\xpco\corporate\shared\common.integration\tst\videoos.common.integration.unittests\bin\x64\debug\net472\videoos.common.integration.unittests.dll" id="e9ef7ba1-e208-e040-b931-43b431f5f02a">
      <TestCategory>
        <TestCategoryItem TestCategory="ServiceContainer" />
      </TestCategory>
      <Execution id="82d5f2d5-aa48-4f9f-b8c5-feb4b510b5a4" />
      <TestMethod codeBase="D:\actions-runner\_work\XPCO\XPCO\Corporate\Shared\Common.Integration\tst\VideoOS.Common.Integration.UnitTests\bin\x64\Debug\net472\VideoOS.Common.Integration.UnitTests.dll" adapterTypeName="executor://mstestadapter/v2" className="VideoOS.Common.Integration.ServiceContainerTests.ServiceContainerUnitTests" name="ServiceContainer_GetService_ServiceNotRegistered_ReturnsNullInstance" />
    </UnitTest>
    <UnitTest name="TestSetRegionWithRadiusFillsTheRegions" storage="d:\actions-runner\_work\xpco\xpco\corporate\shared\common.integration\tst\videoos.common.integration.unittests\bin\x64\debug\net472\videoos.common.integration.unittests.dll" id="8f0453c7-4de9-9feb-8603-63a89ec9dc75">
      <Execution id="71a05da5-d94a-43c4-996b-f5a30ce00642" />
      <TestMethod codeBase="D:\actions-runner\_work\XPCO\XPCO\Corporate\Shared\Common.Integration\tst\VideoOS.Common.Integration.UnitTests\bin\x64\Debug\net472\VideoOS.Common.Integration.UnitTests.dll" adapterTypeName="executor://mstestadapter/v2" className="VideoOS.Common.Integration.UnitTests.Configuration.FillableGridAreaUnitTest" name="TestSetRegionWithRadiusFillsTheRegions" />
    </UnitTest>
    <UnitTest name="VersionExtensions_GetVersionDisplayValue_Success" storage="d:\actions-runner\_work\xpco\xpco\corporate\shared\common.integration\tst\videoos.common.integration.unittests\bin\x64\debug\net472\videoos.common.integration.unittests.dll" id="3cfb3e4a-a588-41b8-d05d-06d5557ea14d">
      <Execution id="4904d0f6-f97e-47bf-9b13-7a9bb60009b0" />
      <TestMethod codeBase="D:\actions-runner\_work\XPCO\XPCO\Corporate\Shared\Common.Integration\tst\VideoOS.Common.Integration.UnitTests\bin\x64\Debug\net472\VideoOS.Common.Integration.UnitTests.dll" adapterTypeName="executor://mstestadapter/v2" className="VideoOS.Common.Integration.UnitTests.Extensions.VersionExtensionsTests" name="VersionExtensions_GetVersionDisplayValue_Success" />
    </UnitTest>
    <UnitTest name="FindFrameIdx_TimeBtwF2F3" storage="d:\actions-runner\_work\xpco\xpco\corporate\shared\common.integration\tst\videoos.common.integration.unittests\bin\x64\debug\net472\videoos.common.integration.unittests.dll" id="e54e8398-05b8-9da0-90dc-32e4daffe725">
      <Execution id="a2b78041-668c-4fe1-9f18-360a6fb4850d" />
      <TestMethod codeBase="D:\actions-runner\_work\XPCO\XPCO\Corporate\Shared\Common.Integration\tst\VideoOS.Common.Integration.UnitTests\bin\x64\Debug\net472\VideoOS.Common.Integration.UnitTests.dll" adapterTypeName="executor://mstestadapter/v2" className="VideoOS.Common.Integration.UnitTests.GenericGopTest" name="FindFrameIdx_TimeBtwF2F3" />
    </UnitTest>
    <UnitTest name="ScanResult_DeserializationTest" storage="d:\actions-runner\_work\xpco\xpco\corporate\shared\common.integration\tst\videoos.common.integration.unittests\bin\x64\debug\net472\videoos.common.integration.unittests.dll" id="1b1b7bdc-7bdd-260b-d0c7-d371eb7e546d">
      <Execution id="40ebf361-cfb7-4830-b9b8-5a6428f2742b" />
      <TestMethod codeBase="D:\actions-runner\_work\XPCO\XPCO\Corporate\Shared\Common.Integration\tst\VideoOS.Common.Integration.UnitTests\bin\x64\Debug\net472\VideoOS.Common.Integration.UnitTests.dll" adapterTypeName="executor://mstestadapter/v2" className="VideoOS.Common.Integration.UnitTests.ScanResultTest" name="ScanResult_DeserializationTest" />
    </UnitTest>
    <UnitTest name="WarningResponseModel_Validate_Success" storage="d:\actions-runner\_work\xpco\xpco\corporate\shared\common.integration\tst\videoos.common.integration.unittests\bin\x64\debug\net472\videoos.common.integration.unittests.dll" id="d3f769b6-e65d-f0aa-ddc3-00370a2e8125">
      <Execution id="15d0683f-65bf-4249-988e-7c67a03ca9d6" />
      <TestMethod codeBase="D:\actions-runner\_work\XPCO\XPCO\Corporate\Shared\Common.Integration\tst\VideoOS.Common.Integration.UnitTests\bin\x64\Debug\net472\VideoOS.Common.Integration.UnitTests.dll" adapterTypeName="executor://mstestadapter/v2" className="VideoOS.Common.Integration.UnitTests.WebAPI.Model.Recorder.Responses.WarningResponseModelTest" name="WarningResponseModel_Validate_Success" />
    </UnitTest>
    <UnitTest name="CreateHttpUri_NoScheme_UsePort444_BecomesHttpPort444" storage="d:\actions-runner\_work\xpco\xpco\corporate\shared\common.integration\tst\videoos.common.integration.unittests\bin\x64\debug\net472\videoos.common.integration.unittests.dll" id="8a6d9749-f73c-4b81-c257-2d5475ff5df3">
      <TestCategory>
        <TestCategoryItem TestCategory="UriHandling" />
      </TestCategory>
      <Execution id="f1fdfbd7-c8ed-4274-b441-e73c02eb4841" />
      <TestMethod codeBase="D:\actions-runner\_work\XPCO\XPCO\Corporate\Shared\Common.Integration\tst\VideoOS.Common.Integration.UnitTests\bin\x64\Debug\net472\VideoOS.Common.Integration.UnitTests.dll" adapterTypeName="executor://mstestadapter/v2" className="VideoOS.Common.Integration.UnitTests.Communication.UriHandlingUnitTests" name="CreateHttpUri_NoScheme_UsePort444_BecomesHttpPort444" />
    </UnitTest>
    <UnitTest name="ModelValidation_NonEmptyGuidsAreEmpty_Failed" storage="d:\actions-runner\_work\xpco\xpco\corporate\shared\common.integration\tst\videoos.common.integration.unittests\bin\x64\debug\net472\videoos.common.integration.unittests.dll" id="9cf49f98-abd8-729d-395b-0c76b12b085b">
      <Execution id="a88a950d-76a3-4509-91bf-8c431cab0b93" />
      <TestMethod codeBase="D:\actions-runner\_work\XPCO\XPCO\Corporate\Shared\Common.Integration\tst\VideoOS.Common.Integration.UnitTests\bin\x64\Debug\net472\VideoOS.Common.Integration.UnitTests.dll" adapterTypeName="executor://mstestadapter/v2" className="VideoOS.Common.Integration.UnitTests.WebAPI.Model.GlobalEventModelTest" name="ModelValidation_NonEmptyGuidsAreEmpty_Failed" />
    </UnitTest>
    <UnitTest name="HttpClientCommunicatorWrapper_Send_Success" storage="d:\actions-runner\_work\xpco\xpco\corporate\shared\common.integration\tst\videoos.common.integration.unittests\bin\x64\debug\net472\videoos.common.integration.unittests.dll" id="44fbf419-0a78-5721-09fe-5ca5b972f5c8">
      <Execution id="e633794e-1198-4bf0-8059-774509ea8353" />
      <TestMethod codeBase="D:\actions-runner\_work\XPCO\XPCO\Corporate\Shared\Common.Integration\tst\VideoOS.Common.Integration.UnitTests\bin\x64\Debug\net472\VideoOS.Common.Integration.UnitTests.dll" adapterTypeName="executor://mstestadapter/v2" className="VideoOS.Common.Integration.UnitTests.WebAPI.HttpClientCommunicatorWrapperTests" name="HttpClientCommunicatorWrapper_Send_Success" />
    </UnitTest>
    <UnitTest name="Credentials_EncryptionTest" storage="d:\actions-runner\_work\xpco\xpco\corporate\shared\common.integration\tst\videoos.common.integration.unittests\bin\x64\debug\net472\videoos.common.integration.unittests.dll" id="4b06f48a-1ac2-f72f-f886-34e539d3e72b">
      <Execution id="36a6c3a3-6940-4399-86bc-164c411e9995" />
      <TestMethod codeBase="D:\actions-runner\_work\XPCO\XPCO\Corporate\Shared\Common.Integration\tst\VideoOS.Common.Integration.UnitTests\bin\x64\Debug\net472\VideoOS.Common.Integration.UnitTests.dll" adapterTypeName="executor://mstestadapter/v2" className="VideoOS.Common.Integration.UnitTests.CredentialsTest" name="Credentials_EncryptionTest" />
    </UnitTest>
    <UnitTest name="Validate_JsonCreatedFromLicenseRequest_Success" storage="d:\actions-runner\_work\xpco\xpco\corporate\shared\common.integration\tst\videoos.common.integration.unittests\bin\x64\debug\net472\videoos.common.integration.unittests.dll" id="a756499e-701a-9251-a313-d3727c8cba36">
      <Execution id="8c04f948-9ff0-4b34-8beb-e7a4c8c57b17" />
      <TestMethod codeBase="D:\actions-runner\_work\XPCO\XPCO\Corporate\Shared\Common.Integration\tst\VideoOS.Common.Integration.UnitTests\bin\x64\Debug\net472\VideoOS.Common.Integration.UnitTests.dll" adapterTypeName="executor://mstestadapter/v2" className="VideoOS.Common.Integration.UnitTests.License.LicenseContainerTests" name="Validate_JsonCreatedFromLicenseRequest_Success" />
    </UnitTest>
    <UnitTest name="FilterCreationWithSubKindsTest" storage="d:\actions-runner\_work\xpco\xpco\corporate\shared\common.integration\tst\videoos.common.integration.unittests\bin\x64\debug\net472\videoos.common.integration.unittests.dll" id="f5005190-7aeb-6ec1-75a0-2601b198d66e">
      <TestCategory>
        <TestCategoryItem TestCategory="Rules.MIPFilter" />
      </TestCategory>
      <Execution id="a60e8b99-db8f-45fb-9628-79f816aef195" />
      <TestMethod codeBase="D:\actions-runner\_work\XPCO\XPCO\Corporate\Shared\Common.Integration\tst\VideoOS.Common.Integration.UnitTests\bin\x64\Debug\net472\VideoOS.Common.Integration.UnitTests.dll" adapterTypeName="executor://mstestadapter/v2" className="VideoOS.Common.Integration.UnitTests.Rules.MIPFilterTest" name="FilterCreationWithSubKindsTest" />
    </UnitTest>
    <UnitTest name="StreamsConfiguration_ValidateConfiguration_Invalid_Selection_5_Error" storage="d:\actions-runner\_work\xpco\xpco\corporate\shared\common.integration\tst\videoos.common.integration.unittests\bin\x64\debug\net472\videoos.common.integration.unittests.dll" id="805bb982-a813-ab89-6251-47fc884a4ab7">
      <Execution id="18dfc548-5cbc-4a48-a6cc-bc7d3374ddc0" />
      <TestMethod codeBase="D:\actions-runner\_work\XPCO\XPCO\Corporate\Shared\Common.Integration\tst\VideoOS.Common.Integration.UnitTests\bin\x64\Debug\net472\VideoOS.Common.Integration.UnitTests.dll" adapterTypeName="executor://mstestadapter/v2" className="VideoOS.Common.Integration.UnitTests.StreamsConfigurationUnitTests" name="StreamsConfiguration_ValidateConfiguration_Invalid_Selection_5_Error" />
    </UnitTest>
    <UnitTest name="CreateHttpsUri_HttpDefaultPort_UsePort65536_ThrowsArgumentOutOfRangeException" storage="d:\actions-runner\_work\xpco\xpco\corporate\shared\common.integration\tst\videoos.common.integration.unittests\bin\x64\debug\net472\videoos.common.integration.unittests.dll" id="35072336-d724-2bc2-c248-4a6e7e37ad9c">
      <TestCategory>
        <TestCategoryItem TestCategory="UriHandling" />
      </TestCategory>
      <Execution id="03650af6-05dd-41d4-b28b-e7926ca79cff" />
      <TestMethod codeBase="D:\actions-runner\_work\XPCO\XPCO\Corporate\Shared\Common.Integration\tst\VideoOS.Common.Integration.UnitTests\bin\x64\Debug\net472\VideoOS.Common.Integration.UnitTests.dll" adapterTypeName="executor://mstestadapter/v2" className="VideoOS.Common.Integration.UnitTests.Communication.UriHandlingUnitTests" name="CreateHttpsUri_HttpDefaultPort_UsePort65536_ThrowsArgumentOutOfRangeException" />
    </UnitTest>
    <UnitTest name="ScanResult_ToXmlRemovePasswords_XmlWithoutPasswords" storage="d:\actions-runner\_work\xpco\xpco\corporate\shared\common.integration\tst\videoos.common.integration.unittests\bin\x64\debug\net472\videoos.common.integration.unittests.dll" id="3d79641c-fc7b-517f-c041-301f5aa214bc">
      <Execution id="3d410a5d-909e-49cd-abeb-0056be4f88d1" />
      <TestMethod codeBase="D:\actions-runner\_work\XPCO\XPCO\Corporate\Shared\Common.Integration\tst\VideoOS.Common.Integration.UnitTests\bin\x64\Debug\net472\VideoOS.Common.Integration.UnitTests.dll" adapterTypeName="executor://mstestadapter/v2" className="VideoOS.Common.Integration.UnitTests.ScanResultTest" name="ScanResult_ToXmlRemovePasswords_XmlWithoutPasswords" />
    </UnitTest>
    <UnitTest name="ReadChildElementValueAsUInt64_RangeCheck_Max" storage="d:\actions-runner\_work\xpco\xpco\corporate\shared\common.integration\tst\videoos.common.integration.unittests\bin\x64\debug\net472\videoos.common.integration.unittests.dll" id="07ef1fc8-808f-18ea-5e95-67c94ec4e422">
      <Execution id="6a4a28de-8505-4267-b122-ab5d80668ad2" />
      <TestMethod codeBase="D:\actions-runner\_work\XPCO\XPCO\Corporate\Shared\Common.Integration\tst\VideoOS.Common.Integration.UnitTests\bin\x64\Debug\net472\VideoOS.Common.Integration.UnitTests.dll" adapterTypeName="executor://mstestadapter/v2" className="VideoOS.Common.Integration.UnitTests.XmlDocumentExtensionsCoreUnitTests" name="ReadChildElementValueAsUInt64_RangeCheck_Max" />
    </UnitTest>
    <UnitTest name="FileUploadSynchronizer_Upload_InParallel_SameFile_To_SameRecorder_3_Times_UploadsOnlyOnce" storage="d:\actions-runner\_work\xpco\xpco\corporate\shared\common.integration\tst\videoos.common.integration.unittests\bin\x64\debug\net472\videoos.common.integration.unittests.dll" id="48cc01f6-a0cb-e570-4289-4b1f6bc69a17">
      <Execution id="83c5b5dd-2919-40d5-9652-74d9f6596847" />
      <TestMethod codeBase="D:\actions-runner\_work\XPCO\XPCO\Corporate\Shared\Common.Integration\tst\VideoOS.Common.Integration.UnitTests\bin\x64\Debug\net472\VideoOS.Common.Integration.UnitTests.dll" adapterTypeName="executor://mstestadapter/v2" className="VideoOS.Common.Integration.UnitTests.FileUploadSynchronizerTests" name="FileUploadSynchronizer_Upload_InParallel_SameFile_To_SameRecorder_3_Times_UploadsOnlyOnce" />
    </UnitTest>
    <UnitTest name="ModelValidation_ValidModel_Success" storage="d:\actions-runner\_work\xpco\xpco\corporate\shared\common.integration\tst\videoos.common.integration.unittests\bin\x64\debug\net472\videoos.common.integration.unittests.dll" id="b883da1f-1bae-51fc-0cfe-8a9b346f1545">
      <Execution id="f1cd7a12-6cc1-4be5-889d-f556c7325304" />
      <TestMethod codeBase="D:\actions-runner\_work\XPCO\XPCO\Corporate\Shared\Common.Integration\tst\VideoOS.Common.Integration.UnitTests\bin\x64\Debug\net472\VideoOS.Common.Integration.UnitTests.dll" adapterTypeName="executor://mstestadapter/v2" className="VideoOS.Common.Integration.UnitTests.WebAPI.Model.ActiavteUserDefinedEventOnRemoteSiteModelTest" name="ModelValidation_ValidModel_Success" />
    </UnitTest>
    <UnitTest name="FileUploadSynchronizer_Upload_SameFile_To_SameRecorder_Twice_UploadsOnlyOnce_ChecksExistsTwice" storage="d:\actions-runner\_work\xpco\xpco\corporate\shared\common.integration\tst\videoos.common.integration.unittests\bin\x64\debug\net472\videoos.common.integration.unittests.dll" id="309ab9b3-5504-ca75-b132-0a860b7afa42">
      <Execution id="e1fcb51d-4036-4ba4-a5d0-76592793e148" />
      <TestMethod codeBase="D:\actions-runner\_work\XPCO\XPCO\Corporate\Shared\Common.Integration\tst\VideoOS.Common.Integration.UnitTests\bin\x64\Debug\net472\VideoOS.Common.Integration.UnitTests.dll" adapterTypeName="executor://mstestadapter/v2" className="VideoOS.Common.Integration.UnitTests.FileUploadSynchronizerTests" name="FileUploadSynchronizer_Upload_SameFile_To_SameRecorder_Twice_UploadsOnlyOnce_ChecksExistsTwice" />
    </UnitTest>
    <UnitTest name="CalculateLicenseRequirementsForHardware_NullHardware_ReturnsNull" storage="d:\actions-runner\_work\xpco\xpco\corporate\shared\common.integration\tst\videoos.common.integration.unittests\bin\x64\debug\net472\videoos.common.integration.unittests.dll" id="0ae60d5c-36de-5631-4602-df30560678dd">
      <Execution id="2a6d8693-4ae9-4ca4-8dbf-3fe019196b98" />
      <TestMethod codeBase="D:\actions-runner\_work\XPCO\XPCO\Corporate\Shared\Common.Integration\tst\VideoOS.Common.Integration.UnitTests\bin\x64\Debug\net472\VideoOS.Common.Integration.UnitTests.dll" adapterTypeName="executor://mstestadapter/v2" className="VideoOS.Common.Integration.UnitTests.License.LicenseCalculatorTests" name="CalculateLicenseRequirementsForHardware_NullHardware_ReturnsNull" />
    </UnitTest>
    <UnitTest name="ErrorResponseModel_NoValuesSet_ValidationFailure" storage="d:\actions-runner\_work\xpco\xpco\corporate\shared\common.integration\tst\videoos.common.integration.unittests\bin\x64\debug\net472\videoos.common.integration.unittests.dll" id="f6b2ccce-1127-a730-3d1d-178de6661793">
      <Execution id="f39e3808-c882-4d83-b012-360f0eecea0d" />
      <TestMethod codeBase="D:\actions-runner\_work\XPCO\XPCO\Corporate\Shared\Common.Integration\tst\VideoOS.Common.Integration.UnitTests\bin\x64\Debug\net472\VideoOS.Common.Integration.UnitTests.dll" adapterTypeName="executor://mstestadapter/v2" className="VideoOS.Common.Integration.UnitTests.WebAPI.Model.Server.Responses.ErrorResponseModelTest" name="ErrorResponseModel_NoValuesSet_ValidationFailure" />
    </UnitTest>
    <UnitTest name="FeatureManager_GetFeatureParameterValueT_Guid_Invalid_Value" storage="d:\actions-runner\_work\xpco\xpco\corporate\shared\common.integration\tst\videoos.common.integration.unittests\bin\x64\debug\net472\videoos.common.integration.unittests.dll" id="0565dbba-a5c9-6aed-c8f5-75dfd184b94b">
      <Execution id="9f7ea7c2-1c91-4bd3-9be7-d9b57ee717da" />
      <TestMethod codeBase="D:\actions-runner\_work\XPCO\XPCO\Corporate\Shared\Common.Integration\tst\VideoOS.Common.Integration.UnitTests\bin\x64\Debug\net472\VideoOS.Common.Integration.UnitTests.dll" adapterTypeName="executor://mstestadapter/v2" className="VideoOS.Common.Integration.UnitTests.License.FeatureManagerTest" name="FeatureManager_GetFeatureParameterValueT_Guid_Invalid_Value" />
    </UnitTest>
    <UnitTest name="PtzPresetCollection_Add_Success" storage="d:\actions-runner\_work\xpco\xpco\corporate\shared\common.integration\tst\videoos.common.integration.unittests\bin\x64\debug\net472\videoos.common.integration.unittests.dll" id="16b79f55-7c64-2cf6-1f7d-ae933270c74d">
      <Execution id="cff406a7-81eb-4b33-8f50-85ae7b89464b" />
      <TestMethod codeBase="D:\actions-runner\_work\XPCO\XPCO\Corporate\Shared\Common.Integration\tst\VideoOS.Common.Integration.UnitTests\bin\x64\Debug\net472\VideoOS.Common.Integration.UnitTests.dll" adapterTypeName="executor://mstestadapter/v2" className="VideoOS.Common.Integration.UnitTests.PtzPresetCollectionUnitTests" name="PtzPresetCollection_Add_Success" />
    </UnitTest>
    <UnitTest name="ReadAttributeAsBoolean_InvalidData" storage="d:\actions-runner\_work\xpco\xpco\corporate\shared\common.integration\tst\videoos.common.integration.unittests\bin\x64\debug\net472\videoos.common.integration.unittests.dll" id="e595add4-bcda-a0a0-dd12-662be2763166">
      <Execution id="47ee89ab-6e5e-48bd-a836-87ea3649dd42" />
      <TestMethod codeBase="D:\actions-runner\_work\XPCO\XPCO\Corporate\Shared\Common.Integration\tst\VideoOS.Common.Integration.UnitTests\bin\x64\Debug\net472\VideoOS.Common.Integration.UnitTests.dll" adapterTypeName="executor://mstestadapter/v2" className="VideoOS.Common.Integration.UnitTests.XmlDocumentExtensionsCoreUnitTests" name="ReadAttributeAsBoolean_InvalidData" />
    </UnitTest>
    <UnitTest name="ModelValidation_NonEmptyGuidsAreEmpty_Failed" storage="d:\actions-runner\_work\xpco\xpco\corporate\shared\common.integration\tst\videoos.common.integration.unittests\bin\x64\debug\net472\videoos.common.integration.unittests.dll" id="6dcaeb54-e5aa-1301-9b9c-12a66896fa96">
      <Execution id="b268d084-57c3-41c3-9fbe-7b6c55371be1" />
      <TestMethod codeBase="D:\actions-runner\_work\XPCO\XPCO\Corporate\Shared\Common.Integration\tst\VideoOS.Common.Integration.UnitTests\bin\x64\Debug\net472\VideoOS.Common.Integration.UnitTests.dll" adapterTypeName="executor://mstestadapter/v2" className="VideoOS.Common.Integration.UnitTests.WebAPI.Model.PtzReleaseSessionModelTest" name="ModelValidation_NonEmptyGuidsAreEmpty_Failed" />
    </UnitTest>
    <UnitTest name="ServerFileSystemResponseQueryDirectoriesModel_NoValuesSet_ValidationFailure" storage="d:\actions-runner\_work\xpco\xpco\corporate\shared\common.integration\tst\videoos.common.integration.unittests\bin\x64\debug\net472\videoos.common.integration.unittests.dll" id="dbb68610-43fe-ff74-ff15-c068dd73879c">
      <Execution id="8cf1c0cf-7bf9-44c7-b6d0-2aaf0e3e3ec3" />
      <TestMethod codeBase="D:\actions-runner\_work\XPCO\XPCO\Corporate\Shared\Common.Integration\tst\VideoOS.Common.Integration.UnitTests\bin\x64\Debug\net472\VideoOS.Common.Integration.UnitTests.dll" adapterTypeName="executor://mstestadapter/v2" className="VideoOS.Common.Integration.UnitTests.WebApi.Model.ServerFileSystemResponseQueryDrivesModelTest" name="ServerFileSystemResponseQueryDirectoriesModel_NoValuesSet_ValidationFailure" />
    </UnitTest>
    <UnitTest name="EventMetadataTimestampParsesMicrosecondsCorrectly" storage="d:\actions-runner\_work\xpco\xpco\corporate\shared\common.integration\tst\videoos.common.integration.unittests\bin\x64\debug\net472\videoos.common.integration.unittests.dll" id="84aff556-9090-2020-f213-d7eee6c9a7c6">
      <Execution id="7537e683-6adb-45ec-bd6e-df41da60f15d" />
      <TestMethod codeBase="D:\actions-runner\_work\XPCO\XPCO\Corporate\Shared\Common.Integration\tst\VideoOS.Common.Integration.UnitTests\bin\x64\Debug\net472\VideoOS.Common.Integration.UnitTests.dll" adapterTypeName="executor://mstestadapter/v2" className="VideoOS.Common.Integration.UnitTests.Rules.RuleEventsTests" name="EventMetadataTimestampParsesMicrosecondsCorrectly" />
    </UnitTest>
    <UnitTest name="ReadAttributeAsString_NameNull" storage="d:\actions-runner\_work\xpco\xpco\corporate\shared\common.integration\tst\videoos.common.integration.unittests\bin\x64\debug\net472\videoos.common.integration.unittests.dll" id="68c9122e-98a7-d348-35ad-7468269319ee">
      <Execution id="784219ca-ff36-45fa-be5b-60850d9fd3dd" />
      <TestMethod codeBase="D:\actions-runner\_work\XPCO\XPCO\Corporate\Shared\Common.Integration\tst\VideoOS.Common.Integration.UnitTests\bin\x64\Debug\net472\VideoOS.Common.Integration.UnitTests.dll" adapterTypeName="executor://mstestadapter/v2" className="VideoOS.Common.Integration.UnitTests.XmlDocumentExtensionsCoreUnitTests" name="ReadAttributeAsString_NameNull" />
    </UnitTest>
    <UnitTest name="EnsureMacAddressNotZeroes1" storage="d:\actions-runner\_work\xpco\xpco\corporate\shared\common.integration\tst\videoos.common.integration.unittests\bin\x64\debug\net472\videoos.common.integration.unittests.dll" id="706e41d2-0bcb-2b17-a93f-3bfc9cea9710">
      <Execution id="e4b06197-eb19-4105-aa2a-dbc66a6695e6" />
      <TestMethod codeBase="D:\actions-runner\_work\XPCO\XPCO\Corporate\Shared\Common.Integration\tst\VideoOS.Common.Integration.UnitTests\bin\x64\Debug\net472\VideoOS.Common.Integration.UnitTests.dll" adapterTypeName="executor://mstestadapter/v2" className="VideoOS.Common.Integration.UnitTests.DriverDefinition.DefinitionUtilityTests" name="EnsureMacAddressNotZeroes1" />
    </UnitTest>
    <UnitTest name="ProcessMessage_Queue_Mixed_Commands" storage="d:\actions-runner\_work\xpco\xpco\corporate\shared\common.integration\tst\videoos.common.integration.unittests\bin\x64\debug\net472\videoos.common.integration.unittests.dll" id="068e2f05-765b-0c1f-600d-3aa2168f0d4f">
      <Execution id="f0c268e0-2e28-4d08-b45c-536bc3c9a1f5" />
      <TestMethod codeBase="D:\actions-runner\_work\XPCO\XPCO\Corporate\Shared\Common.Integration\tst\VideoOS.Common.Integration.UnitTests\bin\x64\Debug\net472\VideoOS.Common.Integration.UnitTests.dll" adapterTypeName="executor://mstestadapter/v2" className="VideoOS.Common.Integration.UnitTests.MessageProcessing.ThreadPoolBulkMessageProcessorUnitTest" name="ProcessMessage_Queue_Mixed_Commands" />
    </UnitTest>
    <UnitTest name="ServiceDiscoveryEngine_Construction_Timer_ArgumentNullException" storage="d:\actions-runner\_work\xpco\xpco\corporate\shared\common.integration\tst\videoos.common.integration.unittests\bin\x64\debug\net472\videoos.common.integration.unittests.dll" id="f30629b3-f1a4-db93-062d-b74e12960eb9">
      <Execution id="3b3b7654-457e-4bae-9ed4-9266473a00f1" />
      <TestMethod codeBase="D:\actions-runner\_work\XPCO\XPCO\Corporate\Shared\Common.Integration\tst\VideoOS.Common.Integration.UnitTests\bin\x64\Debug\net472\VideoOS.Common.Integration.UnitTests.dll" adapterTypeName="executor://mstestadapter/v2" className="VideoOS.Common.Integration.UnitTests.WebAPI.Exceptions.ServiceDiscoveryEngineTests" name="ServiceDiscoveryEngine_Construction_Timer_ArgumentNullException" />
    </UnitTest>
    <UnitTest name="Encrypt_DataSetHasNoRows_DataSetIsNotChanged" storage="d:\actions-runner\_work\xpco\xpco\corporate\shared\common.integration\tst\videoos.common.integration.unittests\bin\x64\debug\net472\videoos.common.integration.unittests.dll" id="c1b3d7f7-67d7-6f4a-4081-4e1d5822b5c7">
      <Execution id="f04fc983-15c7-41c2-b074-fdce55987a89" />
      <TestMethod codeBase="D:\actions-runner\_work\XPCO\XPCO\Corporate\Shared\Common.Integration\tst\VideoOS.Common.Integration.UnitTests\bin\x64\Debug\net472\VideoOS.Common.Integration.UnitTests.dll" adapterTypeName="executor://mstestadapter/v2" className="VideoOS.Common.Integration.UnitTests.Configuration.RecordingStorageTableAdapterTests" name="Encrypt_DataSetHasNoRows_DataSetIsNotChanged" />
    </UnitTest>
    <UnitTest name="Encrypt_DataSetHasNoRows_DataSetIsNotChanged" storage="d:\actions-runner\_work\xpco\xpco\corporate\shared\common.integration\tst\videoos.common.integration.unittests\bin\x64\debug\net472\videoos.common.integration.unittests.dll" id="7128909f-e107-9c87-d4cd-5199eb995a3f">
      <Execution id="bfb4bff3-8fd5-47de-add5-c1477686ec2b" />
      <TestMethod codeBase="D:\actions-runner\_work\XPCO\XPCO\Corporate\Shared\Common.Integration\tst\VideoOS.Common.Integration.UnitTests\bin\x64\Debug\net472\VideoOS.Common.Integration.UnitTests.dll" adapterTypeName="executor://mstestadapter/v2" className="VideoOS.Common.Integration.UnitTests.Configuration.HostingServerTableAdapterTests" name="Encrypt_DataSetHasNoRows_DataSetIsNotChanged" />
    </UnitTest>
    <UnitTest name="Validate_PopulateGrid_ValidateOemTextDoesNotExist_InvalidOemUrl_Success" storage="d:\actions-runner\_work\xpco\xpco\corporate\shared\common.integration\tst\videoos.common.integration.unittests\bin\x64\debug\net472\videoos.common.integration.unittests.dll" id="b93ab267-4d4e-556b-bd47-9b0bdde5607a">
      <Execution id="dbbbaf0c-55bf-42aa-8734-05431a85be13" />
      <TestMethod codeBase="D:\actions-runner\_work\XPCO\XPCO\Corporate\Shared\Common.Integration\tst\VideoOS.Common.Integration.UnitTests\bin\x64\Debug\net472\VideoOS.Common.Integration.UnitTests.dll" adapterTypeName="executor://mstestadapter/v2" className="VideoOS.Common.Integration.UnitTests.License.LicenseReportGeneratorTests" name="Validate_PopulateGrid_ValidateOemTextDoesNotExist_InvalidOemUrl_Success" />
    </UnitTest>
    <UnitTest name="Constructor_ThrowsException_WhenNonICPHardwareInfosInListHaveDifferentMacAddresses" storage="d:\actions-runner\_work\xpco\xpco\corporate\shared\common.integration\tst\videoos.common.integration.unittests\bin\x64\debug\net472\videoos.common.integration.unittests.dll" id="adcee085-e2d1-6d74-2e27-450a1d4b4630">
      <TestCategory>
        <TestCategoryItem TestCategory="Licensing" />
      </TestCategory>
      <Execution id="58671b5d-0c24-4ba3-827e-32f95875268e" />
      <TestMethod codeBase="D:\actions-runner\_work\XPCO\XPCO\Corporate\Shared\Common.Integration\tst\VideoOS.Common.Integration.UnitTests\bin\x64\Debug\net472\VideoOS.Common.Integration.UnitTests.dll" adapterTypeName="executor://mstestadapter/v2" className="VideoOS.Common.Integration.UnitTests.License.AggregateFeedDictionaryTests" name="Constructor_ThrowsException_WhenNonICPHardwareInfosInListHaveDifferentMacAddresses" />
    </UnitTest>
    <UnitTest name="PatchAsync_NoError_TaskIsExecuted" storage="d:\actions-runner\_work\xpco\xpco\corporate\shared\common.integration\tst\videoos.common.integration.unittests\bin\x64\debug\net472\videoos.common.integration.unittests.dll" id="ec9a5f4e-f23b-4520-d0ff-a5d0553c5c75">
      <Execution id="a8f29b3c-1b49-41b4-b5d5-70774c08aca5" />
      <TestMethod codeBase="D:\actions-runner\_work\XPCO\XPCO\Corporate\Shared\Common.Integration\tst\VideoOS.Common.Integration.UnitTests\bin\x64\Debug\net472\VideoOS.Common.Integration.UnitTests.dll" adapterTypeName="executor://mstestadapter/v2" className="VideoOS.Common.Integration.WebApi.HttpClientCommunicatorUnitTests" name="PatchAsync_NoError_TaskIsExecuted" />
    </UnitTest>
    <UnitTest name="CalculateLicenseRequirements_6HardwareWith1DeviceEach_ReturnsFalse" storage="d:\actions-runner\_work\xpco\xpco\corporate\shared\common.integration\tst\videoos.common.integration.unittests\bin\x64\debug\net472\videoos.common.integration.unittests.dll" id="c8a84429-c2e8-13fb-6013-9dc2128f754d">
      <Execution id="43d555cc-e9b4-478b-b085-e8b8d0f92466" />
      <TestMethod codeBase="D:\actions-runner\_work\XPCO\XPCO\Corporate\Shared\Common.Integration\tst\VideoOS.Common.Integration.UnitTests\bin\x64\Debug\net472\VideoOS.Common.Integration.UnitTests.dll" adapterTypeName="executor://mstestadapter/v2" className="VideoOS.Common.Integration.UnitTests.License.LicenseCalculatorTests" name="CalculateLicenseRequirements_6HardwareWith1DeviceEach_ReturnsFalse" />
    </UnitTest>
    <UnitTest name="LicenseDocument_IsFeatureLicensed_SmartWallFeatureExpired" storage="d:\actions-runner\_work\xpco\xpco\corporate\shared\common.integration\tst\videoos.common.integration.unittests\bin\x64\debug\net472\videoos.common.integration.unittests.dll" id="785bcb6a-a901-4c1b-60ba-1af9a59d4f8a">
      <TestCategory>
        <TestCategoryItem TestCategory="LicenseDocumentTest" />
      </TestCategory>
      <Execution id="40ee09d2-2dff-4378-a58f-5f9d30aa08e9" />
      <TestMethod codeBase="D:\actions-runner\_work\XPCO\XPCO\Corporate\Shared\Common.Integration\tst\VideoOS.Common.Integration.UnitTests\bin\x64\Debug\net472\VideoOS.Common.Integration.UnitTests.dll" adapterTypeName="executor://mstestadapter/v2" className="VideoOS.Common.Integration.UnitTests.License.LicenseDocumentTests" name="LicenseDocument_IsFeatureLicensed_SmartWallFeatureExpired" />
    </UnitTest>
    <UnitTest name="ModelValidation_ValidModel_Success" storage="d:\actions-runner\_work\xpco\xpco\corporate\shared\common.integration\tst\videoos.common.integration.unittests\bin\x64\debug\net472\videoos.common.integration.unittests.dll" id="e8a6febf-7a4c-df5b-5b44-d1a1d6670bac">
      <Execution id="4cc70dab-a93f-4435-b3d5-b7f7ded5213e" />
      <TestMethod codeBase="D:\actions-runner\_work\XPCO\XPCO\Corporate\Shared\Common.Integration\tst\VideoOS.Common.Integration.UnitTests\bin\x64\Debug\net472\VideoOS.Common.Integration.UnitTests.dll" adapterTypeName="executor://mstestadapter/v2" className="VideoOS.Common.Integration.UnitTests.WebAPI.Model.RecorderTaskModelTest" name="ModelValidation_ValidModel_Success" />
    </UnitTest>
    <UnitTest name="IsEnumerationValueAac_ReturnsTrue_OnValueContaingAac" storage="d:\actions-runner\_work\xpco\xpco\corporate\shared\common.integration\tst\videoos.common.integration.unittests\bin\x64\debug\net472\videoos.common.integration.unittests.dll" id="ee9b5af4-e9c6-d9cb-cf7b-5e10ca626f46">
      <Execution id="b6e44b26-2aff-491e-a94b-9d5bcc05cf47" />
      <TestMethod codeBase="D:\actions-runner\_work\XPCO\XPCO\Corporate\Shared\Common.Integration\tst\VideoOS.Common.Integration.UnitTests\bin\x64\Debug\net472\VideoOS.Common.Integration.UnitTests.dll" adapterTypeName="executor://mstestadapter/v2" className="VideoOS.Common.Integration.UnitTests.DriverDefinition.DefinitionUtilityTests" name="IsEnumerationValueAac_ReturnsTrue_OnValueContaingAac" />
    </UnitTest>
    <UnitTest name="Transform_XmlHasSystemSetting_SystemSettingIsTransformed" storage="d:\actions-runner\_work\xpco\xpco\corporate\shared\common.integration\tst\videoos.common.integration.unittests\bin\x64\debug\net472\videoos.common.integration.unittests.dll" id="ef3ab5a6-ab64-2248-5466-efa07c45b7f4">
      <Execution id="4cd9c6f0-466e-4514-bb79-5916bc0fee72" />
      <TestMethod codeBase="D:\actions-runner\_work\XPCO\XPCO\Corporate\Shared\Common.Integration\tst\VideoOS.Common.Integration.UnitTests\bin\x64\Debug\net472\VideoOS.Common.Integration.UnitTests.dll" adapterTypeName="executor://mstestadapter/v2" className="VideoOS.Common.Integration.UnitTests.Configuration.ConfigurationDataSetEncryption.DiffgramEncryptionTests" name="Transform_XmlHasSystemSetting_SystemSettingIsTransformed" />
    </UnitTest>
    <UnitTest name="Validate_TotalNumberofPurchasedDeviceLicenses_Success" storage="d:\actions-runner\_work\xpco\xpco\corporate\shared\common.integration\tst\videoos.common.integration.unittests\bin\x64\debug\net472\videoos.common.integration.unittests.dll" id="edc31cfe-0011-7a3e-9d0d-623eba3a7315">
      <Execution id="0a3ce942-a6ba-444c-820f-6e9dfa935d5f" />
      <TestMethod codeBase="D:\actions-runner\_work\XPCO\XPCO\Corporate\Shared\Common.Integration\tst\VideoOS.Common.Integration.UnitTests\bin\x64\Debug\net472\VideoOS.Common.Integration.UnitTests.dll" adapterTypeName="executor://mstestadapter/v2" className="VideoOS.Common.Integration.UnitTests.License.LicenseReportGeneratorTests" name="Validate_TotalNumberofPurchasedDeviceLicenses_Success" />
    </UnitTest>
    <UnitTest name="Test_IsMember_SimpleOneLine" storage="d:\actions-runner\_work\xpco\xpco\corporate\shared\common.integration\tst\videoos.common.integration.unittests\bin\x64\debug\net472\videoos.common.integration.unittests.dll" id="f5b2e4ab-f507-135f-4a7c-4bcd2be8b6b1">
      <Execution id="f43a838f-e187-4a10-88fc-a68d16f6783f" />
      <TestMethod codeBase="D:\actions-runner\_work\XPCO\XPCO\Corporate\Shared\Common.Integration\tst\VideoOS.Common.Integration.UnitTests\bin\x64\Debug\net472\VideoOS.Common.Integration.UnitTests.dll" adapterTypeName="executor://mstestadapter/v2" className="VideoOS.Common.Integration.UnitTests.Caching.MembershipCacheUnitTest" name="Test_IsMember_SimpleOneLine" />
    </UnitTest>
    <UnitTest name="SecurityConfigurationModel_Validate_Failed" storage="d:\actions-runner\_work\xpco\xpco\corporate\shared\common.integration\tst\videoos.common.integration.unittests\bin\x64\debug\net472\videoos.common.integration.unittests.dll" id="c2c277a8-e31f-70e0-ad47-c4ae68d0f17f">
      <Execution id="895854fb-a8a9-468f-b42f-d8a1e7aa3b98" />
      <TestMethod codeBase="D:\actions-runner\_work\XPCO\XPCO\Corporate\Shared\Common.Integration\tst\VideoOS.Common.Integration.UnitTests\bin\x64\Debug\net472\VideoOS.Common.Integration.UnitTests.dll" adapterTypeName="executor://mstestadapter/v2" className="VideoOS.Common.Integration.UnitTests.WebAPI.Model.SecurityConfigurationModelTest" name="SecurityConfigurationModel_Validate_Failed" />
    </UnitTest>
    <UnitTest name="Create_IsNotKnownType_ReturnsNull" storage="d:\actions-runner\_work\xpco\xpco\corporate\shared\common.integration\tst\videoos.common.integration.unittests\bin\x64\debug\net472\videoos.common.integration.unittests.dll" id="531e2ccf-1e8d-f6f7-f55a-93fb4331821d">
      <Execution id="d141ae26-0e7a-47be-b6de-b08c511f2857" />
      <TestMethod codeBase="D:\actions-runner\_work\XPCO\XPCO\Corporate\Shared\Common.Integration\tst\VideoOS.Common.Integration.UnitTests\bin\x64\Debug\net472\VideoOS.Common.Integration.UnitTests.dll" adapterTypeName="executor://mstestadapter/v2" className="VideoOS.Common.Integration.UnitTests.Configuration.ConfigurationDataSetEncryption.XmlTransformationFactoryTests" name="Create_IsNotKnownType_ReturnsNull" />
    </UnitTest>
    <UnitTest name="SecurityConfigurationModel_Validate_Success" storage="d:\actions-runner\_work\xpco\xpco\corporate\shared\common.integration\tst\videoos.common.integration.unittests\bin\x64\debug\net472\videoos.common.integration.unittests.dll" id="a5df3e0b-3914-27c6-17a6-08436b53e40a">
      <Execution id="5a91c553-c301-4c38-bd0a-29f637fdfdd3" />
      <TestMethod codeBase="D:\actions-runner\_work\XPCO\XPCO\Corporate\Shared\Common.Integration\tst\VideoOS.Common.Integration.UnitTests\bin\x64\Debug\net472\VideoOS.Common.Integration.UnitTests.dll" adapterTypeName="executor://mstestadapter/v2" className="VideoOS.Common.Integration.UnitTests.WebAPI.Model.SecurityConfigurationModelTest" name="SecurityConfigurationModel_Validate_Success" />
    </UnitTest>
    <UnitTest name="ReadChildElementValueAsUInt16_InvalidData_NegativeNumber" storage="d:\actions-runner\_work\xpco\xpco\corporate\shared\common.integration\tst\videoos.common.integration.unittests\bin\x64\debug\net472\videoos.common.integration.unittests.dll" id="3067b64d-f72d-4368-4e23-dce52d27333a">
      <Execution id="4ef628e4-9bab-4b76-8064-8d057dde94a1" />
      <TestMethod codeBase="D:\actions-runner\_work\XPCO\XPCO\Corporate\Shared\Common.Integration\tst\VideoOS.Common.Integration.UnitTests\bin\x64\Debug\net472\VideoOS.Common.Integration.UnitTests.dll" adapterTypeName="executor://mstestadapter/v2" className="VideoOS.Common.Integration.UnitTests.XmlDocumentExtensionsCoreUnitTests" name="ReadChildElementValueAsUInt16_InvalidData_NegativeNumber" />
    </UnitTest>
    <UnitTest name="Receive_NoError_TaskIsExecuted" storage="d:\actions-runner\_work\xpco\xpco\corporate\shared\common.integration\tst\videoos.common.integration.unittests\bin\x64\debug\net472\videoos.common.integration.unittests.dll" id="7959cf01-3f91-01f0-cd2a-071b6ac9edb5">
      <Execution id="29e92ea6-7ca6-49e2-9c15-5499704de7d4" />
      <TestMethod codeBase="D:\actions-runner\_work\XPCO\XPCO\Corporate\Shared\Common.Integration\tst\VideoOS.Common.Integration.UnitTests\bin\x64\Debug\net472\VideoOS.Common.Integration.UnitTests.dll" adapterTypeName="executor://mstestadapter/v2" className="VideoOS.Common.Integration.WebApi.HttpClientCommunicatorUnitTests" name="Receive_NoError_TaskIsExecuted" />
    </UnitTest>
    <UnitTest name="CertificateSelection2_FromCertificateHashString_EmptyString_ReturnNoSelection" storage="d:\actions-runner\_work\xpco\xpco\corporate\shared\common.integration\tst\videoos.common.integration.unittests\bin\x64\debug\net472\videoos.common.integration.unittests.dll" id="241c892b-a0fb-8e5c-8a30-537a8129ceb1">
      <Execution id="2811321e-7ed5-4c4a-bc20-2b89f8269712" />
      <TestMethod codeBase="D:\actions-runner\_work\XPCO\XPCO\Corporate\Shared\Common.Integration\tst\VideoOS.Common.Integration.UnitTests\bin\x64\Debug\net472\VideoOS.Common.Integration.UnitTests.dll" adapterTypeName="executor://mstestadapter/v2" className="VideoOS.Common.Integration.UnitTests.CertificateHandling.CertificateSelection2Tests" name="CertificateSelection2_FromCertificateHashString_EmptyString_ReturnNoSelection" />
    </UnitTest>
    <UnitTest name="CreateInstance_InvalidParam_localSettingsFile_Null_Throws_ArgumentNullException" storage="d:\actions-runner\_work\xpco\xpco\corporate\shared\common.integration\tst\videoos.common.integration.unittests\bin\x64\debug\net472\videoos.common.integration.unittests.dll" id="50c4d015-fb9a-ffd8-e6c9-f196b9c89e67">
      <Execution id="17ef3d0b-c093-43d0-8642-c2d8b7b9128e" />
      <TestMethod codeBase="D:\actions-runner\_work\XPCO\XPCO\Corporate\Shared\Common.Integration\tst\VideoOS.Common.Integration.UnitTests\bin\x64\Debug\net472\VideoOS.Common.Integration.UnitTests.dll" adapterTypeName="executor://mstestadapter/v2" className="VideoOS.Common.Integration.UnitTests.ServerValidation.LocalUserOptionsTests" name="CreateInstance_InvalidParam_localSettingsFile_Null_Throws_ArgumentNullException" />
    </UnitTest>
    <UnitTest name="CreateHttpUri_HttpsDefaultPort_UsePort444_BecomesHttpPort444" storage="d:\actions-runner\_work\xpco\xpco\corporate\shared\common.integration\tst\videoos.common.integration.unittests\bin\x64\debug\net472\videoos.common.integration.unittests.dll" id="6dc566b7-501d-6a76-aef9-9eb9f149ccba">
      <TestCategory>
        <TestCategoryItem TestCategory="UriHandling" />
      </TestCategory>
      <Execution id="c46b62c9-f445-4415-ad88-229f3b3efd30" />
      <TestMethod codeBase="D:\actions-runner\_work\XPCO\XPCO\Corporate\Shared\Common.Integration\tst\VideoOS.Common.Integration.UnitTests\bin\x64\Debug\net472\VideoOS.Common.Integration.UnitTests.dll" adapterTypeName="executor://mstestadapter/v2" className="VideoOS.Common.Integration.UnitTests.Communication.UriHandlingUnitTests" name="CreateHttpUri_HttpsDefaultPort_UsePort444_BecomesHttpPort444" />
    </UnitTest>
    <UnitTest name="TestPasswordGenerationFromPasswordRequirements" storage="d:\actions-runner\_work\xpco\xpco\corporate\shared\common.integration\tst\videoos.common.integration.unittests\bin\x64\debug\net472\videoos.common.integration.unittests.dll" id="73ca717a-4a62-2b9e-b5cb-67553ca16863">
      <Execution id="15284155-1a52-4fa3-af9e-67940fc499f0" />
      <TestMethod codeBase="D:\actions-runner\_work\XPCO\XPCO\Corporate\Shared\Common.Integration\tst\VideoOS.Common.Integration.UnitTests\bin\x64\Debug\net472\VideoOS.Common.Integration.UnitTests.dll" adapterTypeName="executor://mstestadapter/v2" className="VideoOS.Common.Integration.UnitTests.PasswordMinMaxGenerator" name="TestPasswordGenerationFromPasswordRequirements" />
    </UnitTest>
    <UnitTest name="CreateHttpUri_NullString_PortSpecified_ThrowsInvalidOperationException" storage="d:\actions-runner\_work\xpco\xpco\corporate\shared\common.integration\tst\videoos.common.integration.unittests\bin\x64\debug\net472\videoos.common.integration.unittests.dll" id="5c3a4771-d4a0-52de-dd7b-0c1992f41eea">
      <TestCategory>
        <TestCategoryItem TestCategory="UriHandling" />
      </TestCategory>
      <Execution id="4433c11e-ad7f-45eb-8015-6f79d8e58b20" />
      <TestMethod codeBase="D:\actions-runner\_work\XPCO\XPCO\Corporate\Shared\Common.Integration\tst\VideoOS.Common.Integration.UnitTests\bin\x64\Debug\net472\VideoOS.Common.Integration.UnitTests.dll" adapterTypeName="executor://mstestadapter/v2" className="VideoOS.Common.Integration.UnitTests.Communication.UriHandlingUnitTests" name="CreateHttpUri_NullString_PortSpecified_ThrowsInvalidOperationException" />
    </UnitTest>
    <UnitTest name="StreamsConfiguration_ValidateConfiguration_No_Default_LiveStream_ExactlyOneDefaultLiveStreamError" storage="d:\actions-runner\_work\xpco\xpco\corporate\shared\common.integration\tst\videoos.common.integration.unittests\bin\x64\debug\net472\videoos.common.integration.unittests.dll" id="da174cf5-0de6-fc1e-df85-47f6a5d4408e">
      <Execution id="0e890344-1bc2-494d-910b-ab17ef658f4f" />
      <TestMethod codeBase="D:\actions-runner\_work\XPCO\XPCO\Corporate\Shared\Common.Integration\tst\VideoOS.Common.Integration.UnitTests\bin\x64\Debug\net472\VideoOS.Common.Integration.UnitTests.dll" adapterTypeName="executor://mstestadapter/v2" className="VideoOS.Common.Integration.UnitTests.StreamsConfigurationUnitTests" name="StreamsConfiguration_ValidateConfiguration_No_Default_LiveStream_ExactlyOneDefaultLiveStreamError" />
    </UnitTest>
    <UnitTest name="UpdateRecorderStatusDataModel_ValidModel_Success" storage="d:\actions-runner\_work\xpco\xpco\corporate\shared\common.integration\tst\videoos.common.integration.unittests\bin\x64\debug\net472\videoos.common.integration.unittests.dll" id="d2deca7c-3a3d-0f18-8f1f-ea7b28c56688">
      <Execution id="bea8ec3d-357d-45b0-9c9d-705947798733" />
      <TestMethod codeBase="D:\actions-runner\_work\XPCO\XPCO\Corporate\Shared\Common.Integration\tst\VideoOS.Common.Integration.UnitTests\bin\x64\Debug\net472\VideoOS.Common.Integration.UnitTests.dll" adapterTypeName="executor://mstestadapter/v2" className="VideoOS.Common.Integration.UnitTests.WebAPI.Model.Server.UpdateRecorderStatusDataModelTest" name="UpdateRecorderStatusDataModel_ValidModel_Success" />
    </UnitTest>
    <UnitTest name="WhiteList_IsHardwareWhiteListed_DriverNotWhiteListedModelNameNull_ReturnsFalse" storage="d:\actions-runner\_work\xpco\xpco\corporate\shared\common.integration\tst\videoos.common.integration.unittests\bin\x64\debug\net472\videoos.common.integration.unittests.dll" id="f09cfc71-d460-2af4-70fc-ccb7ff1f2664">
      <TestCategory>
        <TestCategoryItem TestCategory="Licensing" />
      </TestCategory>
      <Execution id="75ff814e-4a3d-4532-89a6-256766ff532f" />
      <TestMethod codeBase="D:\actions-runner\_work\XPCO\XPCO\Corporate\Shared\Common.Integration\tst\VideoOS.Common.Integration.UnitTests\bin\x64\Debug\net472\VideoOS.Common.Integration.UnitTests.dll" adapterTypeName="executor://mstestadapter/v2" className="VideoOS.Common.Integration.UnitTests.License.LicenseWhitelistTests" name="WhiteList_IsHardwareWhiteListed_DriverNotWhiteListedModelNameNull_ReturnsFalse" />
    </UnitTest>
    <UnitTest name="Validate_LicenseResponseCreatedFromJson_Success" storage="d:\actions-runner\_work\xpco\xpco\corporate\shared\common.integration\tst\videoos.common.integration.unittests\bin\x64\debug\net472\videoos.common.integration.unittests.dll" id="e3b38617-9ca5-483d-be55-dd3b75fa7e0f">
      <Execution id="9cc2d2d6-367c-4b8f-a3ba-8243142c71cf" />
      <TestMethod codeBase="D:\actions-runner\_work\XPCO\XPCO\Corporate\Shared\Common.Integration\tst\VideoOS.Common.Integration.UnitTests\bin\x64\Debug\net472\VideoOS.Common.Integration.UnitTests.dll" adapterTypeName="executor://mstestadapter/v2" className="VideoOS.Common.Integration.UnitTests.License.LicenseContainerTests" name="Validate_LicenseResponseCreatedFromJson_Success" />
    </UnitTest>
    <UnitTest name="ConvertStringToPort_Port0_Returns65535" storage="d:\actions-runner\_work\xpco\xpco\corporate\shared\common.integration\tst\videoos.common.integration.unittests\bin\x64\debug\net472\videoos.common.integration.unittests.dll" id="170cfc08-636a-63ed-5221-e2262930e959">
      <TestCategory>
        <TestCategoryItem TestCategory="UriHandling" />
      </TestCategory>
      <Execution id="ba635ff2-9b99-4f71-a7e9-98263f148e33" />
      <TestMethod codeBase="D:\actions-runner\_work\XPCO\XPCO\Corporate\Shared\Common.Integration\tst\VideoOS.Common.Integration.UnitTests\bin\x64\Debug\net472\VideoOS.Common.Integration.UnitTests.dll" adapterTypeName="executor://mstestadapter/v2" className="VideoOS.Common.Integration.UnitTests.Communication.UriHandlingUnitTests" name="ConvertStringToPort_Port0_Returns65535" />
    </UnitTest>
    <UnitTest name="SendAsync_AuthenticationException_RetryAndSuccess" storage="d:\actions-runner\_work\xpco\xpco\corporate\shared\common.integration\tst\videoos.common.integration.unittests\bin\x64\debug\net472\videoos.common.integration.unittests.dll" id="1b6c8480-1617-f9a0-a9d9-17f047f7cb0e">
      <Execution id="5e932b1c-ef60-42bf-b3a0-3117438ea70b" />
      <TestMethod codeBase="D:\actions-runner\_work\XPCO\XPCO\Corporate\Shared\Common.Integration\tst\VideoOS.Common.Integration.UnitTests\bin\x64\Debug\net472\VideoOS.Common.Integration.UnitTests.dll" adapterTypeName="executor://mstestadapter/v2" className="VideoOS.Common.Integration.WebApi.HttpClientCommunicatorUnitTests" name="SendAsync_AuthenticationException_RetryAndSuccess" />
    </UnitTest>
    <UnitTest name="Decrypt_DataSetHasRow_DataSetIsDecrypted" storage="d:\actions-runner\_work\xpco\xpco\corporate\shared\common.integration\tst\videoos.common.integration.unittests\bin\x64\debug\net472\videoos.common.integration.unittests.dll" id="6e82f6b5-cdc0-6d50-9bad-8b3494ee1722">
      <Execution id="b7d9762d-9738-4198-9fe6-19aefe43f1be" />
      <TestMethod codeBase="D:\actions-runner\_work\XPCO\XPCO\Corporate\Shared\Common.Integration\tst\VideoOS.Common.Integration.UnitTests\bin\x64\Debug\net472\VideoOS.Common.Integration.UnitTests.dll" adapterTypeName="executor://mstestadapter/v2" className="VideoOS.Common.Integration.UnitTests.Configuration.HostingServerTableAdapterTests" name="Decrypt_DataSetHasRow_DataSetIsDecrypted" />
    </UnitTest>
    <UnitTest name="ServiceConnectionStatus_CommunicationError_Offline_Default" storage="d:\actions-runner\_work\xpco\xpco\corporate\shared\common.integration\tst\videoos.common.integration.unittests\bin\x64\debug\net472\videoos.common.integration.unittests.dll" id="7cc96cf4-3fc7-1e69-bf47-4fdca4a95242">
      <Execution id="7c2cdbc3-f332-42fb-9527-12b8eadad676" />
      <TestMethod codeBase="D:\actions-runner\_work\XPCO\XPCO\Corporate\Shared\Common.Integration\tst\VideoOS.Common.Integration.UnitTests\bin\x64\Debug\net472\VideoOS.Common.Integration.UnitTests.dll" adapterTypeName="executor://mstestadapter/v2" className="VideoOS.Common.Integration.UnitTests.ServiceConnectionStatusTests" name="ServiceConnectionStatus_CommunicationError_Offline_Default" />
    </UnitTest>
    <UnitTest name="ServerFileStorage_WriteStream_ComplexScenario_UsageReportedCorrectly" storage="d:\actions-runner\_work\xpco\xpco\corporate\shared\common.integration\tst\videoos.common.integration.unittests\bin\x64\debug\net472\videoos.common.integration.unittests.dll" id="02910e9c-ec1f-156b-9de6-411729542a46">
      <Execution id="74eeb4fe-a897-47f9-8a27-d430caf82f1c" />
      <TestMethod codeBase="D:\actions-runner\_work\XPCO\XPCO\Corporate\Shared\Common.Integration\tst\VideoOS.Common.Integration.UnitTests\bin\x64\Debug\net472\VideoOS.Common.Integration.UnitTests.dll" adapterTypeName="executor://mstestadapter/v2" className="VideoOS.Common.Integration.UnitTests.ServerFileStorageTests" name="ServerFileStorage_WriteStream_ComplexScenario_UsageReportedCorrectly" />
    </UnitTest>
    <UnitTest name="CustomLicenseType_FeatureFlagNotPresent" storage="d:\actions-runner\_work\xpco\xpco\corporate\shared\common.integration\tst\videoos.common.integration.unittests\bin\x64\debug\net472\videoos.common.integration.unittests.dll" id="0aec4cd5-5e68-1c1f-83c2-aa6c867c75b7">
      <TestCategory>
        <TestCategoryItem TestCategory="CustomLicenseTypeTest" />
      </TestCategory>
      <Execution id="7cebee5a-9ec4-4f95-9068-8b07b7da7580" />
      <TestMethod codeBase="D:\actions-runner\_work\XPCO\XPCO\Corporate\Shared\Common.Integration\tst\VideoOS.Common.Integration.UnitTests\bin\x64\Debug\net472\VideoOS.Common.Integration.UnitTests.dll" adapterTypeName="executor://mstestadapter/v2" className="VideoOS.Common.Integration.UnitTests.License.CustomLicenseTypeTests" name="CustomLicenseType_FeatureFlagNotPresent" />
    </UnitTest>
    <UnitTest name="IsDeviceLicensed_ReturnsTrue_OnActivatedICPDevice" storage="d:\actions-runner\_work\xpco\xpco\corporate\shared\common.integration\tst\videoos.common.integration.unittests\bin\x64\debug\net472\videoos.common.integration.unittests.dll" id="d0bb929b-e68b-8e3c-2c1e-496bb6ec2575">
      <TestCategory>
        <TestCategoryItem TestCategory="LicenseDocumentTest" />
      </TestCategory>
      <Execution id="5641d65c-133c-4cf0-8b59-c9b243394ab7" />
      <TestMethod codeBase="D:\actions-runner\_work\XPCO\XPCO\Corporate\Shared\Common.Integration\tst\VideoOS.Common.Integration.UnitTests\bin\x64\Debug\net472\VideoOS.Common.Integration.UnitTests.dll" adapterTypeName="executor://mstestadapter/v2" className="VideoOS.Common.Integration.UnitTests.License.LicenseDocumentTests" name="IsDeviceLicensed_ReturnsTrue_OnActivatedICPDevice" />
    </UnitTest>
    <UnitTest name="LicenseDocument_ThrowsUnsupportedLicensingModeError_OnLicenseWithInvalidMaximumChannelCount" storage="d:\actions-runner\_work\xpco\xpco\corporate\shared\common.integration\tst\videoos.common.integration.unittests\bin\x64\debug\net472\videoos.common.integration.unittests.dll" id="986cd690-83e0-f2b6-c2b1-78b8c7296ab1">
      <TestCategory>
        <TestCategoryItem TestCategory="LicenseDocumentTest" />
      </TestCategory>
      <Execution id="ead03ea8-9484-44d1-a318-8fc604a96270" />
      <TestMethod codeBase="D:\actions-runner\_work\XPCO\XPCO\Corporate\Shared\Common.Integration\tst\VideoOS.Common.Integration.UnitTests\bin\x64\Debug\net472\VideoOS.Common.Integration.UnitTests.dll" adapterTypeName="executor://mstestadapter/v2" className="VideoOS.Common.Integration.UnitTests.License.LicenseDocumentTests" name="LicenseDocument_ThrowsUnsupportedLicensingModeError_OnLicenseWithInvalidMaximumChannelCount" />
    </UnitTest>
    <UnitTest name="Wrap_WithTypeFilterBinder_TypesAreTheNewTypesWrapped" storage="d:\actions-runner\_work\xpco\xpco\corporate\shared\common.integration\tst\videoos.common.integration.unittests\bin\x64\debug\net472\videoos.common.integration.unittests.dll" id="c44bea46-b8b9-81c5-4220-23f1ae9a0c24">
      <Execution id="c1884507-1898-4299-98cd-9e9adc6052ac" />
      <TestMethod codeBase="D:\actions-runner\_work\XPCO\XPCO\Corporate\Shared\Common.Integration\tst\VideoOS.Common.Integration.UnitTests\bin\x64\Debug\net472\VideoOS.Common.Integration.UnitTests.dll" adapterTypeName="executor://mstestadapter/v2" className="VideoOS.Common.Integration.UnitTests.TypeFilteringSerializationBinderUtilityTest" name="Wrap_WithTypeFilterBinder_TypesAreTheNewTypesWrapped" />
    </UnitTest>
    <UnitTest name="WhiteList_Model_CreateInstanceWithValidModelParameter_Succeeds" storage="d:\actions-runner\_work\xpco\xpco\corporate\shared\common.integration\tst\videoos.common.integration.unittests\bin\x64\debug\net472\videoos.common.integration.unittests.dll" id="d8e67879-5c2f-559c-bb05-9156445a0866">
      <TestCategory>
        <TestCategoryItem TestCategory="Licensing" />
      </TestCategory>
      <Execution id="4584fe96-77d2-4113-b64f-3524844e20f8" />
      <TestMethod codeBase="D:\actions-runner\_work\XPCO\XPCO\Corporate\Shared\Common.Integration\tst\VideoOS.Common.Integration.UnitTests\bin\x64\Debug\net472\VideoOS.Common.Integration.UnitTests.dll" adapterTypeName="executor://mstestadapter/v2" className="VideoOS.Common.Integration.UnitTests.License.LicenseWhitelistTests" name="WhiteList_Model_CreateInstanceWithValidModelParameter_Succeeds" />
    </UnitTest>
    <UnitTest name="TestGeneratedLength" storage="d:\actions-runner\_work\xpco\xpco\corporate\shared\common.integration\tst\videoos.common.integration.unittests\bin\x64\debug\net472\videoos.common.integration.unittests.dll" id="13bd0905-8c51-594d-38fd-c49e6b2abab6">
      <Execution id="79e219a9-6475-4863-bd13-c5dd9678634e" />
      <TestMethod codeBase="D:\actions-runner\_work\XPCO\XPCO\Corporate\Shared\Common.Integration\tst\VideoOS.Common.Integration.UnitTests\bin\x64\Debug\net472\VideoOS.Common.Integration.UnitTests.dll" adapterTypeName="executor://mstestadapter/v2" className="VideoOS.Common.Integration.UnitTests.PasswordMinMaxGenerator" name="TestGeneratedLength" />
    </UnitTest>
    <UnitTest name="GroupConfigurationAddGroupsOnlyOneLevel" storage="d:\actions-runner\_work\xpco\xpco\corporate\shared\common.integration\tst\videoos.common.integration.unittests\bin\x64\debug\net472\videoos.common.integration.unittests.dll" id="2259967c-e46c-ebf5-3e51-5ae1915a0703">
      <TestCategory>
        <TestCategoryItem TestCategory="Rules.GroupConfiguration" />
      </TestCategory>
      <Execution id="895f42cd-8a86-4b2b-a131-3f22eff593b0" />
      <TestMethod codeBase="D:\actions-runner\_work\XPCO\XPCO\Corporate\Shared\Common.Integration\tst\VideoOS.Common.Integration.UnitTests\bin\x64\Debug\net472\VideoOS.Common.Integration.UnitTests.dll" adapterTypeName="executor://mstestadapter/v2" className="VideoOS.Common.Integration.UnitTests.Rules.GroupConfigurationTest" name="GroupConfigurationAddGroupsOnlyOneLevel" />
    </UnitTest>
    <UnitTest name="ScheduledTimeReachedFunctionScheduledDateTimeNotReachedTest" storage="d:\actions-runner\_work\xpco\xpco\corporate\shared\common.integration\tst\videoos.common.integration.unittests\bin\x64\debug\net472\videoos.common.integration.unittests.dll" id="bcede72c-0945-dcf2-f0e3-70fa6db3591b">
      <Execution id="1b00248f-2107-426a-ad48-68b76353a142" />
      <TestMethod codeBase="D:\actions-runner\_work\XPCO\XPCO\Corporate\Shared\Common.Integration\tst\VideoOS.Common.Integration.UnitTests\bin\x64\Debug\net472\VideoOS.Common.Integration.UnitTests.dll" adapterTypeName="executor://mstestadapter/v2" className="VideoOS.Common.Integration.UnitTests.Rules.ScheduledTimeReachedFunctionTest" name="ScheduledTimeReachedFunctionScheduledDateTimeNotReachedTest" />
    </UnitTest>
    <UnitTest name="ResponseException_ResponseSet_ResponseInException" storage="d:\actions-runner\_work\xpco\xpco\corporate\shared\common.integration\tst\videoos.common.integration.unittests\bin\x64\debug\net472\videoos.common.integration.unittests.dll" id="be49edaa-7c8c-214f-98ad-1b05c75472a4">
      <Execution id="2820c8b2-479e-480d-8698-d5d4d74da312" />
      <TestMethod codeBase="D:\actions-runner\_work\XPCO\XPCO\Corporate\Shared\Common.Integration\tst\VideoOS.Common.Integration.UnitTests\bin\x64\Debug\net472\VideoOS.Common.Integration.UnitTests.dll" adapterTypeName="executor://mstestadapter/v2" className="VideoOS.Common.Integration.UnitTests.WebAPI.Exceptions.ResponseExceptionTests" name="ResponseException_ResponseSet_ResponseInException" />
    </UnitTest>
    <UnitTest name="ReadAttributeAsBoolean_NameNull" storage="d:\actions-runner\_work\xpco\xpco\corporate\shared\common.integration\tst\videoos.common.integration.unittests\bin\x64\debug\net472\videoos.common.integration.unittests.dll" id="8fe7098d-89ed-03ab-9d4e-6890a79e2249">
      <Execution id="1963de64-1443-4d85-8556-10809f18a666" />
      <TestMethod codeBase="D:\actions-runner\_work\XPCO\XPCO\Corporate\Shared\Common.Integration\tst\VideoOS.Common.Integration.UnitTests\bin\x64\Debug\net472\VideoOS.Common.Integration.UnitTests.dll" adapterTypeName="executor://mstestadapter/v2" className="VideoOS.Common.Integration.UnitTests.XmlDocumentExtensionsCoreUnitTests" name="ReadAttributeAsBoolean_NameNull" />
    </UnitTest>
    <UnitTest name="WhiteList_CanHandleEmptyLinesInDriverList" storage="d:\actions-runner\_work\xpco\xpco\corporate\shared\common.integration\tst\videoos.common.integration.unittests\bin\x64\debug\net472\videoos.common.integration.unittests.dll" id="c9e2ea7e-28a5-60d2-6fc2-d2c88285a5e9">
      <TestCategory>
        <TestCategoryItem TestCategory="Licensing" />
      </TestCategory>
      <Execution id="c6a24dad-2905-41d1-bdf3-787e5cb02ef7" />
      <TestMethod codeBase="D:\actions-runner\_work\XPCO\XPCO\Corporate\Shared\Common.Integration\tst\VideoOS.Common.Integration.UnitTests\bin\x64\Debug\net472\VideoOS.Common.Integration.UnitTests.dll" adapterTypeName="executor://mstestadapter/v2" className="VideoOS.Common.Integration.UnitTests.License.LicenseWhitelistTests" name="WhiteList_CanHandleEmptyLinesInDriverList" />
    </UnitTest>
    <UnitTest name="TestMergeGridAreaWithDifferentAspectRatioAreas" storage="d:\actions-runner\_work\xpco\xpco\corporate\shared\common.integration\tst\videoos.common.integration.unittests\bin\x64\debug\net472\videoos.common.integration.unittests.dll" id="8d948bad-7aae-8437-b7cf-1d0664eecab1">
      <Execution id="3d62e895-11ba-4a22-a9e7-f4f4a0272539" />
      <TestMethod codeBase="D:\actions-runner\_work\XPCO\XPCO\Corporate\Shared\Common.Integration\tst\VideoOS.Common.Integration.UnitTests\bin\x64\Debug\net472\VideoOS.Common.Integration.UnitTests.dll" adapterTypeName="executor://mstestadapter/v2" className="VideoOS.Common.Integration.UnitTests.Configuration.FillableGridAreaUnitTest" name="TestMergeGridAreaWithDifferentAspectRatioAreas" />
    </UnitTest>
    <UnitTest name="ServerFileStorage_ReturnStorage_ExistsOnDisk_DeletesFile" storage="d:\actions-runner\_work\xpco\xpco\corporate\shared\common.integration\tst\videoos.common.integration.unittests\bin\x64\debug\net472\videoos.common.integration.unittests.dll" id="1b4f53b0-210d-1a1d-f735-fed942fd893a">
      <Execution id="8668d267-43fb-43df-83c3-b03c0abb5197" />
      <TestMethod codeBase="D:\actions-runner\_work\XPCO\XPCO\Corporate\Shared\Common.Integration\tst\VideoOS.Common.Integration.UnitTests\bin\x64\Debug\net472\VideoOS.Common.Integration.UnitTests.dll" adapterTypeName="executor://mstestadapter/v2" className="VideoOS.Common.Integration.UnitTests.ServerFileStorageTests" name="ServerFileStorage_ReturnStorage_ExistsOnDisk_DeletesFile" />
    </UnitTest>
    <UnitTest name="FeatureManager_AllFeatureNames_Success" storage="d:\actions-runner\_work\xpco\xpco\corporate\shared\common.integration\tst\videoos.common.integration.unittests\bin\x64\debug\net472\videoos.common.integration.unittests.dll" id="80d6adb4-1650-27fd-08b7-0698f3bcab62">
      <Execution id="10e5478b-e4ce-4bca-bf54-088a4f10a0f9" />
      <TestMethod codeBase="D:\actions-runner\_work\XPCO\XPCO\Corporate\Shared\Common.Integration\tst\VideoOS.Common.Integration.UnitTests\bin\x64\Debug\net472\VideoOS.Common.Integration.UnitTests.dll" adapterTypeName="executor://mstestadapter/v2" className="VideoOS.Common.Integration.UnitTests.License.FeatureManagerTest" name="FeatureManager_AllFeatureNames_Success" />
    </UnitTest>
    <UnitTest name="Config_To_Xml_Success" storage="d:\actions-runner\_work\xpco\xpco\corporate\shared\common.integration\tst\videoos.common.integration.unittests\bin\x64\debug\net472\videoos.common.integration.unittests.dll" id="4531876c-fda5-27ed-ec29-428147ad79c0">
      <Execution id="26566ac8-ff19-49a5-8aa1-91fe61b0ad30" />
      <TestMethod codeBase="D:\actions-runner\_work\XPCO\XPCO\Corporate\Shared\Common.Integration\tst\VideoOS.Common.Integration.UnitTests\bin\x64\Debug\net472\VideoOS.Common.Integration.UnitTests.dll" adapterTypeName="executor://mstestadapter/v2" className="VideoOS.Common.Integration.UnitTests.Configuration.MotionDetectionSettingsUnitTests" name="Config_To_Xml_Success" />
    </UnitTest>
    <UnitTest name="SendAsync_EndPointIsNull_ArgumentNullExceptionThrown" storage="d:\actions-runner\_work\xpco\xpco\corporate\shared\common.integration\tst\videoos.common.integration.unittests\bin\x64\debug\net472\videoos.common.integration.unittests.dll" id="469e0c96-5460-1d7e-389d-3f6fffba4b8a">
      <Execution id="41dbef45-fb79-4e40-b564-28e71b284ac7" />
      <TestMethod codeBase="D:\actions-runner\_work\XPCO\XPCO\Corporate\Shared\Common.Integration\tst\VideoOS.Common.Integration.UnitTests\bin\x64\Debug\net472\VideoOS.Common.Integration.UnitTests.dll" adapterTypeName="executor://mstestadapter/v2" className="VideoOS.Common.Integration.WebApi.HttpClientCommunicatorUnitTests" name="SendAsync_EndPointIsNull_ArgumentNullExceptionThrown" />
    </UnitTest>
    <UnitTest name="Index_RemoveEntry_Null_Throws_ArgumentNllException" storage="d:\actions-runner\_work\xpco\xpco\corporate\shared\common.integration\tst\videoos.common.integration.unittests\bin\x64\debug\net472\videoos.common.integration.unittests.dll" id="611e19c8-09f4-c458-64c7-cf7075110940">
      <Execution id="87900e95-55ef-409b-8a8e-e7827d725af3" />
      <TestMethod codeBase="D:\actions-runner\_work\XPCO\XPCO\Corporate\Shared\Common.Integration\tst\VideoOS.Common.Integration.UnitTests\bin\x64\Debug\net472\VideoOS.Common.Integration.UnitTests.dll" adapterTypeName="executor://mstestadapter/v2" className="VideoOS.Common.Integration.UnitTests.IndexedCollectionUnitTests" name="Index_RemoveEntry_Null_Throws_ArgumentNllException" />
    </UnitTest>
    <UnitTest name="SendAsync_OnlyEndpoint_NoError_TaskIsExecuted" storage="d:\actions-runner\_work\xpco\xpco\corporate\shared\common.integration\tst\videoos.common.integration.unittests\bin\x64\debug\net472\videoos.common.integration.unittests.dll" id="1a1d36c1-a3f1-9ffa-6dda-f0438eb6a766">
      <Execution id="f8e4fec2-3055-4088-b80b-138f21ec5ad9" />
      <TestMethod codeBase="D:\actions-runner\_work\XPCO\XPCO\Corporate\Shared\Common.Integration\tst\VideoOS.Common.Integration.UnitTests\bin\x64\Debug\net472\VideoOS.Common.Integration.UnitTests.dll" adapterTypeName="executor://mstestadapter/v2" className="VideoOS.Common.Integration.WebApi.HttpClientCommunicatorUnitTests" name="SendAsync_OnlyEndpoint_NoError_TaskIsExecuted" />
    </UnitTest>
    <UnitTest name="DecryptingMediaDbCertificateSystemSetting" storage="d:\actions-runner\_work\xpco\xpco\corporate\shared\common.integration\tst\videoos.common.integration.unittests\bin\x64\debug\net472\videoos.common.integration.unittests.dll" id="980cc826-32b0-1279-cbe3-894a0cae1fcb">
      <Execution id="43da5274-9a5e-4630-859f-975499e4376a" />
      <TestMethod codeBase="D:\actions-runner\_work\XPCO\XPCO\Corporate\Shared\Common.Integration\tst\VideoOS.Common.Integration.UnitTests\bin\x64\Debug\net472\VideoOS.Common.Integration.UnitTests.dll" adapterTypeName="executor://mstestadapter/v2" className="VideoOS.Common.Integration.UnitTests.Configuration.XmlEncryptionHelperTests" name="DecryptingMediaDbCertificateSystemSetting" />
    </UnitTest>
    <UnitTest name="Encrypt_DataSetHasNewRow_DataSetIsEncrypted" storage="d:\actions-runner\_work\xpco\xpco\corporate\shared\common.integration\tst\videoos.common.integration.unittests\bin\x64\debug\net472\videoos.common.integration.unittests.dll" id="72d528ab-d938-9637-922f-e14047d9eeff">
      <Execution id="41a74368-8931-43ce-aa98-ca8b9be2bae2" />
      <TestMethod codeBase="D:\actions-runner\_work\XPCO\XPCO\Corporate\Shared\Common.Integration\tst\VideoOS.Common.Integration.UnitTests\bin\x64\Debug\net472\VideoOS.Common.Integration.UnitTests.dll" adapterTypeName="executor://mstestadapter/v2" className="VideoOS.Common.Integration.UnitTests.Configuration.HostingServerTableAdapterTests" name="Encrypt_DataSetHasNewRow_DataSetIsEncrypted" />
    </UnitTest>
    <UnitTest name="TestShortPasswordGeneration" storage="d:\actions-runner\_work\xpco\xpco\corporate\shared\common.integration\tst\videoos.common.integration.unittests\bin\x64\debug\net472\videoos.common.integration.unittests.dll" id="6cf36fc4-07c4-7b32-5293-af5d68c60034">
      <Execution id="1732f011-abc4-4489-89b9-f8062d71f830" />
      <TestMethod codeBase="D:\actions-runner\_work\XPCO\XPCO\Corporate\Shared\Common.Integration\tst\VideoOS.Common.Integration.UnitTests\bin\x64\Debug\net472\VideoOS.Common.Integration.UnitTests.dll" adapterTypeName="executor://mstestadapter/v2" className="VideoOS.Common.Integration.UnitTests.PasswordMinMaxGenerator" name="TestShortPasswordGeneration" />
    </UnitTest>
    <UnitTest name="EvidenceLockOnOldRecorderModelTests_Validate_Failed" storage="d:\actions-runner\_work\xpco\xpco\corporate\shared\common.integration\tst\videoos.common.integration.unittests\bin\x64\debug\net472\videoos.common.integration.unittests.dll" id="844c2f58-2f26-162b-d78b-da70ba0657d7">
      <Execution id="a7e80031-fd6a-4053-bcd0-8086c86da05b" />
      <TestMethod codeBase="D:\actions-runner\_work\XPCO\XPCO\Corporate\Shared\Common.Integration\tst\VideoOS.Common.Integration.UnitTests\bin\x64\Debug\net472\VideoOS.Common.Integration.UnitTests.dll" adapterTypeName="executor://mstestadapter/v2" className="VideoOS.Common.Integration.UnitTests.WebAPI.Model.EvidenceLockOnOldRecorderModelTests" name="EvidenceLockOnOldRecorderModelTests_Validate_Failed" />
    </UnitTest>
    <UnitTest name="Encrypt_DataSetIsNull_ThrowsArgumentNullException" storage="d:\actions-runner\_work\xpco\xpco\corporate\shared\common.integration\tst\videoos.common.integration.unittests\bin\x64\debug\net472\videoos.common.integration.unittests.dll" id="91802298-d623-8d8a-fccc-abace55a9769">
      <Execution id="f31c360f-72b8-4ba5-9f06-47a7afd77f63" />
      <TestMethod codeBase="D:\actions-runner\_work\XPCO\XPCO\Corporate\Shared\Common.Integration\tst\VideoOS.Common.Integration.UnitTests\bin\x64\Debug\net472\VideoOS.Common.Integration.UnitTests.dll" adapterTypeName="executor://mstestadapter/v2" className="VideoOS.Common.Integration.UnitTests.Configuration.RecordingStorageTableAdapterTests" name="Encrypt_DataSetIsNull_ThrowsArgumentNullException" />
    </UnitTest>
    <UnitTest name="CheckAllMIPFiltersKindsTestNotOk2" storage="d:\actions-runner\_work\xpco\xpco\corporate\shared\common.integration\tst\videoos.common.integration.unittests\bin\x64\debug\net472\videoos.common.integration.unittests.dll" id="288f6194-a584-f13f-2c69-3cf58f8bd336">
      <TestCategory>
        <TestCategoryItem TestCategory="Rules.MIPFilter" />
      </TestCategory>
      <Execution id="27b723ca-6b1b-4f21-bac4-b056ad4a2754" />
      <TestMethod codeBase="D:\actions-runner\_work\XPCO\XPCO\Corporate\Shared\Common.Integration\tst\VideoOS.Common.Integration.UnitTests\bin\x64\Debug\net472\VideoOS.Common.Integration.UnitTests.dll" adapterTypeName="executor://mstestadapter/v2" className="VideoOS.Common.Integration.UnitTests.Rules.MIPFilterTest" name="CheckAllMIPFiltersKindsTestNotOk2" />
    </UnitTest>
    <UnitTest name="ScanParameters_ModificationTest" storage="d:\actions-runner\_work\xpco\xpco\corporate\shared\common.integration\tst\videoos.common.integration.unittests\bin\x64\debug\net472\videoos.common.integration.unittests.dll" id="a34f5e56-3a10-d59a-ae32-fe0e930ffbeb">
      <Execution id="5eacd648-f3bb-4ccc-a743-d3a5e2fbfa11" />
      <TestMethod codeBase="D:\actions-runner\_work\XPCO\XPCO\Corporate\Shared\Common.Integration\tst\VideoOS.Common.Integration.UnitTests\bin\x64\Debug\net472\VideoOS.Common.Integration.UnitTests.dll" adapterTypeName="executor://mstestadapter/v2" className="VideoOS.Common.Integration.UnitTests.ScanParametersTest" name="ScanParameters_ModificationTest" />
    </UnitTest>
    <UnitTest name="Transform_XmlWithoutPassword_NoChanges" storage="d:\actions-runner\_work\xpco\xpco\corporate\shared\common.integration\tst\videoos.common.integration.unittests\bin\x64\debug\net472\videoos.common.integration.unittests.dll" id="8320c3cf-e174-9e60-eebf-d75d6487530d">
      <Execution id="f4e33f6a-3430-4c7e-b37f-b52bc0d2d71a" />
      <TestMethod codeBase="D:\actions-runner\_work\XPCO\XPCO\Corporate\Shared\Common.Integration\tst\VideoOS.Common.Integration.UnitTests\bin\x64\Debug\net472\VideoOS.Common.Integration.UnitTests.dll" adapterTypeName="executor://mstestadapter/v2" className="VideoOS.Common.Integration.UnitTests.Configuration.ConfigurationDataSetEncryption.HardwareScanEncryptionTests" name="Transform_XmlWithoutPassword_NoChanges" />
    </UnitTest>
    <UnitTest name="RulesTableAdapter_SetUserSid_Twice_InvalidOperationException" storage="d:\actions-runner\_work\xpco\xpco\corporate\shared\common.integration\tst\videoos.common.integration.unittests\bin\x64\debug\net472\videoos.common.integration.unittests.dll" id="246c8a65-c427-a9c1-ae58-a7c66780d3ff">
      <Execution id="abbe2f74-76f6-482a-881d-bf6e9a513280" />
      <TestMethod codeBase="D:\actions-runner\_work\XPCO\XPCO\Corporate\Shared\Common.Integration\tst\VideoOS.Common.Integration.UnitTests\bin\x64\Debug\net472\VideoOS.Common.Integration.UnitTests.dll" adapterTypeName="executor://mstestadapter/v2" className="VideoOS.Common.Integration.UnitTests.Configuration.RulesTableAdapterUnitTests" name="RulesTableAdapter_SetUserSid_Twice_InvalidOperationException" />
    </UnitTest>
    <UnitTest name="LicenseActivationService_AcquireLicense_LicenseNotAllowed_ActivationLimitExceeded" storage="d:\actions-runner\_work\xpco\xpco\corporate\shared\common.integration\tst\videoos.common.integration.unittests\bin\x64\debug\net472\videoos.common.integration.unittests.dll" id="777a481b-1bf2-d3dc-f547-d2aff80bd474">
      <Execution id="28ad2ad1-292d-43a9-babf-2987c9706162" />
      <TestMethod codeBase="D:\actions-runner\_work\XPCO\XPCO\Corporate\Shared\Common.Integration\tst\VideoOS.Common.Integration.UnitTests\bin\x64\Debug\net472\VideoOS.Common.Integration.UnitTests.dll" adapterTypeName="executor://mstestadapter/v2" className="VideoOS.Common.Integration.UnitTests.License.LicenseActivationServiceTests" name="LicenseActivationService_AcquireLicense_LicenseNotAllowed_ActivationLimitExceeded" />
    </UnitTest>
    <UnitTest name="TestSetRegionWithInvalidIndexThrows" storage="d:\actions-runner\_work\xpco\xpco\corporate\shared\common.integration\tst\videoos.common.integration.unittests\bin\x64\debug\net472\videoos.common.integration.unittests.dll" id="0327f027-7dbf-9667-735e-eac3e8857101">
      <Execution id="9f0d643c-09dd-40af-a16d-42dd1729b7f3" />
      <TestMethod codeBase="D:\actions-runner\_work\XPCO\XPCO\Corporate\Shared\Common.Integration\tst\VideoOS.Common.Integration.UnitTests\bin\x64\Debug\net472\VideoOS.Common.Integration.UnitTests.dll" adapterTypeName="executor://mstestadapter/v2" className="VideoOS.Common.Integration.UnitTests.Configuration.FillableGridAreaUnitTest" name="TestSetRegionWithInvalidIndexThrows" />
    </UnitTest>
    <UnitTest name="HardwareInfo_HasActivatedCameras_ReturnsFalse_OnNoActivatedCameras" storage="d:\actions-runner\_work\xpco\xpco\corporate\shared\common.integration\tst\videoos.common.integration.unittests\bin\x64\debug\net472\videoos.common.integration.unittests.dll" id="4f2ece04-87f7-2858-00b8-5509d2fd2b44">
      <Execution id="117e356d-7896-42d2-bf2c-ba77c38159e6" />
      <TestMethod codeBase="D:\actions-runner\_work\XPCO\XPCO\Corporate\Shared\Common.Integration\tst\VideoOS.Common.Integration.UnitTests\bin\x64\Debug\net472\VideoOS.Common.Integration.UnitTests.dll" adapterTypeName="executor://mstestadapter/v2" className="VideoOS.Common.Integration.UnitTests.License.HardwareInfoTests" name="HardwareInfo_HasActivatedCameras_ReturnsFalse_OnNoActivatedCameras" />
    </UnitTest>
    <UnitTest name="ExecuteRuleActionsModel_Validate_Failed" storage="d:\actions-runner\_work\xpco\xpco\corporate\shared\common.integration\tst\videoos.common.integration.unittests\bin\x64\debug\net472\videoos.common.integration.unittests.dll" id="d58055e7-c44a-ddff-22e8-3fe2f9d0315f">
      <Execution id="d74efaae-cec5-4b22-9b4b-2c30da3ec74a" />
      <TestMethod codeBase="D:\actions-runner\_work\XPCO\XPCO\Corporate\Shared\Common.Integration\tst\VideoOS.Common.Integration.UnitTests\bin\x64\Debug\net472\VideoOS.Common.Integration.UnitTests.dll" adapterTypeName="executor://mstestadapter/v2" className="VideoOS.Common.Integration.UnitTests.WebApi.ExecuteRuleActionsModelTest" name="ExecuteRuleActionsModel_Validate_Failed" />
    </UnitTest>
    <UnitTest name="HttpClientCommunicatorWrapper_SendTObj_CommunicationException" storage="d:\actions-runner\_work\xpco\xpco\corporate\shared\common.integration\tst\videoos.common.integration.unittests\bin\x64\debug\net472\videoos.common.integration.unittests.dll" id="e3b90b5a-190b-f8ce-6d90-a29ef6a98aff">
      <Execution id="ce774ebe-de51-423e-9190-b52483b8b0db" />
      <TestMethod codeBase="D:\actions-runner\_work\XPCO\XPCO\Corporate\Shared\Common.Integration\tst\VideoOS.Common.Integration.UnitTests\bin\x64\Debug\net472\VideoOS.Common.Integration.UnitTests.dll" adapterTypeName="executor://mstestadapter/v2" className="VideoOS.Common.Integration.UnitTests.WebAPI.HttpClientCommunicatorWrapperTests" name="HttpClientCommunicatorWrapper_SendTObj_CommunicationException" />
    </UnitTest>
    <UnitTest name="ServerFileStorageEntry_Persist_Success" storage="d:\actions-runner\_work\xpco\xpco\corporate\shared\common.integration\tst\videoos.common.integration.unittests\bin\x64\debug\net472\videoos.common.integration.unittests.dll" id="6ee2a6b6-87cf-4f98-5142-b8f7a01ffdac">
      <Execution id="1177df2f-5302-475e-82fb-166665bec94c" />
      <TestMethod codeBase="D:\actions-runner\_work\XPCO\XPCO\Corporate\Shared\Common.Integration\tst\VideoOS.Common.Integration.UnitTests\bin\x64\Debug\net472\VideoOS.Common.Integration.UnitTests.dll" adapterTypeName="executor://mstestadapter/v2" className="VideoOS.Common.Integration.UnitTests.ServerFileStorageTests" name="ServerFileStorageEntry_Persist_Success" />
    </UnitTest>
    <UnitTest name="Encrypt_DataSetHasModifiedRow_DataSetIsEncrypted" storage="d:\actions-runner\_work\xpco\xpco\corporate\shared\common.integration\tst\videoos.common.integration.unittests\bin\x64\debug\net472\videoos.common.integration.unittests.dll" id="43a825c4-520e-8fa6-1493-a2c2e20fcfd4">
      <Execution id="62b4e6e2-ede4-4dad-87e6-b7c9da131201" />
      <TestMethod codeBase="D:\actions-runner\_work\XPCO\XPCO\Corporate\Shared\Common.Integration\tst\VideoOS.Common.Integration.UnitTests\bin\x64\Debug\net472\VideoOS.Common.Integration.UnitTests.dll" adapterTypeName="executor://mstestadapter/v2" className="VideoOS.Common.Integration.UnitTests.Configuration.HostedHardwareTableAdapterTests" name="Encrypt_DataSetHasModifiedRow_DataSetIsEncrypted" />
    </UnitTest>
    <UnitTest name="PinkOemResourcesTest" storage="d:\actions-runner\_work\xpco\xpco\corporate\shared\common.integration\tst\videoos.common.integration.unittests\bin\x64\debug\net472\videoos.common.integration.unittests.dll" id="bcddb465-d4df-8ce2-78ba-0d4593ba74d4">
      <Execution id="d9f64c01-c64f-480d-a328-a68fe4f22e0f" />
      <TestMethod codeBase="D:\actions-runner\_work\XPCO\XPCO\Corporate\Shared\Common.Integration\tst\VideoOS.Common.Integration.UnitTests\bin\x64\Debug\net472\VideoOS.Common.Integration.UnitTests.dll" adapterTypeName="executor://mstestadapter/v2" className="VideoOS.Common.Integration.UnitTests.OEM.OemResourcesUnitTests" name="PinkOemResourcesTest" />
    </UnitTest>
    <UnitTest name="HttpClientCommunicatorWrapper_SendAsyncTObj_CommunicationException" storage="d:\actions-runner\_work\xpco\xpco\corporate\shared\common.integration\tst\videoos.common.integration.unittests\bin\x64\debug\net472\videoos.common.integration.unittests.dll" id="7fc5a7e1-ad16-5239-3d39-0cbfb8752fdc">
      <Execution id="73df47f1-fac1-4798-b1ce-f6507e6bd7d5" />
      <TestMethod codeBase="D:\actions-runner\_work\XPCO\XPCO\Corporate\Shared\Common.Integration\tst\VideoOS.Common.Integration.UnitTests\bin\x64\Debug\net472\VideoOS.Common.Integration.UnitTests.dll" adapterTypeName="executor://mstestadapter/v2" className="VideoOS.Common.Integration.UnitTests.WebAPI.HttpClientCommunicatorWrapperTests" name="HttpClientCommunicatorWrapper_SendAsyncTObj_CommunicationException" />
    </UnitTest>
    <UnitTest name="ServerFileStorage_TemporaryCleanupService_Receives_TemporaryEntriesOnly" storage="d:\actions-runner\_work\xpco\xpco\corporate\shared\common.integration\tst\videoos.common.integration.unittests\bin\x64\debug\net472\videoos.common.integration.unittests.dll" id="e3e5bf3f-16f2-8846-7289-33d35c738574">
      <Execution id="6b914fa0-c2a7-4473-9164-e4e6f1a159e8" />
      <TestMethod codeBase="D:\actions-runner\_work\XPCO\XPCO\Corporate\Shared\Common.Integration\tst\VideoOS.Common.Integration.UnitTests\bin\x64\Debug\net472\VideoOS.Common.Integration.UnitTests.dll" adapterTypeName="executor://mstestadapter/v2" className="VideoOS.Common.Integration.UnitTests.ServerFileStorageTests" name="ServerFileStorage_TemporaryCleanupService_Receives_TemporaryEntriesOnly" />
    </UnitTest>
    <UnitTest name="TestXmlVersionOfTwoEqualAreaIsTheSame" storage="d:\actions-runner\_work\xpco\xpco\corporate\shared\common.integration\tst\videoos.common.integration.unittests\bin\x64\debug\net472\videoos.common.integration.unittests.dll" id="1cbfcdfa-2dd8-f401-9c22-685c920f3fd3">
      <Execution id="4feb7723-6047-436a-a2e8-7ec981212b99" />
      <TestMethod codeBase="D:\actions-runner\_work\XPCO\XPCO\Corporate\Shared\Common.Integration\tst\VideoOS.Common.Integration.UnitTests\bin\x64\Debug\net472\VideoOS.Common.Integration.UnitTests.dll" adapterTypeName="executor://mstestadapter/v2" className="VideoOS.Common.Integration.UnitTests.Configuration.FillableGridAreaUnitTest" name="TestXmlVersionOfTwoEqualAreaIsTheSame" />
    </UnitTest>
    <UnitTest name="Test_IsMember_SimpleBranched" storage="d:\actions-runner\_work\xpco\xpco\corporate\shared\common.integration\tst\videoos.common.integration.unittests\bin\x64\debug\net472\videoos.common.integration.unittests.dll" id="30094c8d-ee5e-5b45-e455-af217d37fc05">
      <Execution id="426da5e1-5d0c-4554-8939-5a21bbbcc5b8" />
      <TestMethod codeBase="D:\actions-runner\_work\XPCO\XPCO\Corporate\Shared\Common.Integration\tst\VideoOS.Common.Integration.UnitTests\bin\x64\Debug\net472\VideoOS.Common.Integration.UnitTests.dll" adapterTypeName="executor://mstestadapter/v2" className="VideoOS.Common.Integration.UnitTests.Caching.MembershipCacheUnitTest" name="Test_IsMember_SimpleBranched" />
    </UnitTest>
    <UnitTest name="ReadIdentityFromCache_EmptySid" storage="d:\actions-runner\_work\xpco\xpco\corporate\shared\common.integration\tst\videoos.common.integration.unittests\bin\x64\debug\net472\videoos.common.integration.unittests.dll" id="3a7edffd-c2c3-d5db-414e-6b27f5fdb54b">
      <Execution id="3cb3791b-a8d3-409e-ab5e-fdc9618e9a1a" />
      <TestMethod codeBase="D:\actions-runner\_work\XPCO\XPCO\Corporate\Shared\Common.Integration\tst\VideoOS.Common.Integration.UnitTests\bin\x64\Debug\net472\VideoOS.Common.Integration.UnitTests.dll" adapterTypeName="executor://mstestadapter/v2" className="VideoOS.Common.Integration.UnitTests.Caching.SecurityIdentityCacheUnitTests" name="ReadIdentityFromCache_EmptySid" />
    </UnitTest>
    <UnitTest name="Test_Members_SimpleBranched" storage="d:\actions-runner\_work\xpco\xpco\corporate\shared\common.integration\tst\videoos.common.integration.unittests\bin\x64\debug\net472\videoos.common.integration.unittests.dll" id="9ba4c605-3db2-635c-6ef2-1a1621029992">
      <Execution id="0fa724e9-2f51-447f-9408-65f4ec225a7a" />
      <TestMethod codeBase="D:\actions-runner\_work\XPCO\XPCO\Corporate\Shared\Common.Integration\tst\VideoOS.Common.Integration.UnitTests\bin\x64\Debug\net472\VideoOS.Common.Integration.UnitTests.dll" adapterTypeName="executor://mstestadapter/v2" className="VideoOS.Common.Integration.UnitTests.Caching.MembershipCacheUnitTest" name="Test_Members_SimpleBranched" />
    </UnitTest>
    <UnitTest name="GetPresetByKey_ByNameWhenNumberedPresetWithSuchIdExists" storage="d:\actions-runner\_work\xpco\xpco\corporate\shared\common.integration\tst\videoos.common.integration.unittests\bin\x64\debug\net472\videoos.common.integration.unittests.dll" id="de4e9341-6c70-1466-d97b-50164787f46d">
      <Execution id="69724f58-81ab-4211-b313-55d4753eda58" />
      <TestMethod codeBase="D:\actions-runner\_work\XPCO\XPCO\Corporate\Shared\Common.Integration\tst\VideoOS.Common.Integration.UnitTests\bin\x64\Debug\net472\VideoOS.Common.Integration.UnitTests.dll" adapterTypeName="executor://mstestadapter/v2" className="VideoOS.Common.Integration.UnitTests.PtzPresetCollectionUnitTests" name="GetPresetByKey_ByNameWhenNumberedPresetWithSuchIdExists" />
    </UnitTest>
    <UnitTest name="ServiceDiscoveryEngine_CommunicationConfirmed_ServiceNotFound" storage="d:\actions-runner\_work\xpco\xpco\corporate\shared\common.integration\tst\videoos.common.integration.unittests\bin\x64\debug\net472\videoos.common.integration.unittests.dll" id="19d0bcdc-5dab-a23a-f989-5306773408ba">
      <Execution id="eb94f8d1-aefe-4cba-afe7-d34a7207a520" />
      <TestMethod codeBase="D:\actions-runner\_work\XPCO\XPCO\Corporate\Shared\Common.Integration\tst\VideoOS.Common.Integration.UnitTests\bin\x64\Debug\net472\VideoOS.Common.Integration.UnitTests.dll" adapterTypeName="executor://mstestadapter/v2" className="VideoOS.Common.Integration.UnitTests.WebAPI.Exceptions.ServiceDiscoveryEngineTests" name="ServiceDiscoveryEngine_CommunicationConfirmed_ServiceNotFound" />
    </UnitTest>
    <UnitTest name="LicenseActivationService_AcquireLicense_LicenseNotAllowed_FeatureNotRegistered" storage="d:\actions-runner\_work\xpco\xpco\corporate\shared\common.integration\tst\videoos.common.integration.unittests\bin\x64\debug\net472\videoos.common.integration.unittests.dll" id="8bc2f5a4-2b6a-d6fa-6633-3ec73ee952bc">
      <Execution id="69ee9317-79be-4626-9bd6-a66eb755dc9b" />
      <TestMethod codeBase="D:\actions-runner\_work\XPCO\XPCO\Corporate\Shared\Common.Integration\tst\VideoOS.Common.Integration.UnitTests\bin\x64\Debug\net472\VideoOS.Common.Integration.UnitTests.dll" adapterTypeName="executor://mstestadapter/v2" className="VideoOS.Common.Integration.UnitTests.License.LicenseActivationServiceTests" name="LicenseActivationService_AcquireLicense_LicenseNotAllowed_FeatureNotRegistered" />
    </UnitTest>
    <UnitTest name="Validate_PartialMatch_Found_StartOfWord_LowerCase_Success" storage="d:\actions-runner\_work\xpco\xpco\corporate\shared\common.integration\tst\videoos.common.integration.unittests\bin\x64\debug\net472\videoos.common.integration.unittests.dll" id="e13f6d90-f26d-a205-f30b-8522dd9dd946">
      <Execution id="cf3047b7-1776-47ee-b538-abbc7addfa42" />
      <TestMethod codeBase="D:\actions-runner\_work\XPCO\XPCO\Corporate\Shared\Common.Integration\tst\VideoOS.Common.Integration.UnitTests\bin\x64\Debug\net472\VideoOS.Common.Integration.UnitTests.dll" adapterTypeName="executor://mstestadapter/v2" className="VideoOS.Common.Integration.UnitTests.License.WhitelistMatchHelperTests" name="Validate_PartialMatch_Found_StartOfWord_LowerCase_Success" />
    </UnitTest>
    <UnitTest name="Validate_PartialMatch_Found_StartOfWord_MixedCase_Success" storage="d:\actions-runner\_work\xpco\xpco\corporate\shared\common.integration\tst\videoos.common.integration.unittests\bin\x64\debug\net472\videoos.common.integration.unittests.dll" id="78d4cbcb-d66c-a346-221f-283d82c4dad5">
      <Execution id="7eda589e-aefd-475a-8718-b3e272ed694e" />
      <TestMethod codeBase="D:\actions-runner\_work\XPCO\XPCO\Corporate\Shared\Common.Integration\tst\VideoOS.Common.Integration.UnitTests\bin\x64\Debug\net472\VideoOS.Common.Integration.UnitTests.dll" adapterTypeName="executor://mstestadapter/v2" className="VideoOS.Common.Integration.UnitTests.License.WhitelistMatchHelperTests" name="Validate_PartialMatch_Found_StartOfWord_MixedCase_Success" />
    </UnitTest>
    <UnitTest name="Validate_UnknownMatchType_IsMatchReturnsFalse" storage="d:\actions-runner\_work\xpco\xpco\corporate\shared\common.integration\tst\videoos.common.integration.unittests\bin\x64\debug\net472\videoos.common.integration.unittests.dll" id="d5c46146-af08-f2b5-43b5-902e9535be6a">
      <Execution id="f7ef76ea-57fc-4916-963a-9559549422ac" />
      <TestMethod codeBase="D:\actions-runner\_work\XPCO\XPCO\Corporate\Shared\Common.Integration\tst\VideoOS.Common.Integration.UnitTests\bin\x64\Debug\net472\VideoOS.Common.Integration.UnitTests.dll" adapterTypeName="executor://mstestadapter/v2" className="VideoOS.Common.Integration.UnitTests.License.WhitelistMatchHelperTests" name="Validate_UnknownMatchType_IsMatchReturnsFalse" />
    </UnitTest>
    <UnitTest name="ReadChildElementValueAsUInt64_NoChild" storage="d:\actions-runner\_work\xpco\xpco\corporate\shared\common.integration\tst\videoos.common.integration.unittests\bin\x64\debug\net472\videoos.common.integration.unittests.dll" id="bdd0effd-b296-7426-791a-c600389b84af">
      <Execution id="4eea9e79-25c8-47a5-bbed-9d1600e7d0c9" />
      <TestMethod codeBase="D:\actions-runner\_work\XPCO\XPCO\Corporate\Shared\Common.Integration\tst\VideoOS.Common.Integration.UnitTests\bin\x64\Debug\net472\VideoOS.Common.Integration.UnitTests.dll" adapterTypeName="executor://mstestadapter/v2" className="VideoOS.Common.Integration.UnitTests.XmlDocumentExtensionsCoreUnitTests" name="ReadChildElementValueAsUInt64_NoChild" />
    </UnitTest>
    <UnitTest name="RulesTableAdapter_SetUserSid_NullSid_ArgumentNullException" storage="d:\actions-runner\_work\xpco\xpco\corporate\shared\common.integration\tst\videoos.common.integration.unittests\bin\x64\debug\net472\videoos.common.integration.unittests.dll" id="af3b303a-8825-f37f-fd4e-b39828971201">
      <Execution id="e502f064-8200-417d-a9ac-10365e3ee16c" />
      <TestMethod codeBase="D:\actions-runner\_work\XPCO\XPCO\Corporate\Shared\Common.Integration\tst\VideoOS.Common.Integration.UnitTests\bin\x64\Debug\net472\VideoOS.Common.Integration.UnitTests.dll" adapterTypeName="executor://mstestadapter/v2" className="VideoOS.Common.Integration.UnitTests.Configuration.RulesTableAdapterUnitTests" name="RulesTableAdapter_SetUserSid_NullSid_ArgumentNullException" />
    </UnitTest>
    <UnitTest name="CreateHttpsUri_NoScheme_UseDefaultPortTrue_BecomesHttpsPort443" storage="d:\actions-runner\_work\xpco\xpco\corporate\shared\common.integration\tst\videoos.common.integration.unittests\bin\x64\debug\net472\videoos.common.integration.unittests.dll" id="6ff91918-d14f-f10f-01ae-0b6a8d141ff7">
      <TestCategory>
        <TestCategoryItem TestCategory="UriHandling" />
      </TestCategory>
      <Execution id="37ad8fde-3e15-4d89-adbb-cc3f609e91ab" />
      <TestMethod codeBase="D:\actions-runner\_work\XPCO\XPCO\Corporate\Shared\Common.Integration\tst\VideoOS.Common.Integration.UnitTests\bin\x64\Debug\net472\VideoOS.Common.Integration.UnitTests.dll" adapterTypeName="executor://mstestadapter/v2" className="VideoOS.Common.Integration.UnitTests.Communication.UriHandlingUnitTests" name="CreateHttpsUri_NoScheme_UseDefaultPortTrue_BecomesHttpsPort443" />
    </UnitTest>
    <UnitTest name="DataSetUtility_UpdateLastModified_Null_Throws_ArgumentNullException" storage="d:\actions-runner\_work\xpco\xpco\corporate\shared\common.integration\tst\videoos.common.integration.unittests\bin\x64\debug\net472\videoos.common.integration.unittests.dll" id="73abd58e-eeb8-37a8-f96f-3a79da305108">
      <Execution id="1ec5c816-9ac7-4c9b-b0d9-414506bf2287" />
      <TestMethod codeBase="D:\actions-runner\_work\XPCO\XPCO\Corporate\Shared\Common.Integration\tst\VideoOS.Common.Integration.UnitTests\bin\x64\Debug\net472\VideoOS.Common.Integration.UnitTests.dll" adapterTypeName="executor://mstestadapter/v2" className="VideoOS.Common.Integration.UnitTests.DataSetUtilityUnitTests" name="DataSetUtility_UpdateLastModified_Null_Throws_ArgumentNullException" />
    </UnitTest>
    <UnitTest name="BulkProcessor_IsClosing_NewItemsAreNotEnqueued" storage="d:\actions-runner\_work\xpco\xpco\corporate\shared\common.integration\tst\videoos.common.integration.unittests\bin\x64\debug\net472\videoos.common.integration.unittests.dll" id="20198bf9-3eb9-2750-9338-7fcd24a7dba1">
      <Execution id="1e85d8fe-c5c2-44e4-8c41-d136e206e4e4" />
      <TestMethod codeBase="D:\actions-runner\_work\XPCO\XPCO\Corporate\Shared\Common.Integration\tst\VideoOS.Common.Integration.UnitTests\bin\x64\Debug\net472\VideoOS.Common.Integration.UnitTests.dll" adapterTypeName="executor://mstestadapter/v2" className="VideoOS.Common.Integration.UnitTests.MessageProcessing.BulkProcessorUnitTest" name="BulkProcessor_IsClosing_NewItemsAreNotEnqueued" />
    </UnitTest>
    <UnitTest name="GetAggregateFeeds_FailsWhen_UpdateHardwareAggregates_NotCalled" storage="d:\actions-runner\_work\xpco\xpco\corporate\shared\common.integration\tst\videoos.common.integration.unittests\bin\x64\debug\net472\videoos.common.integration.unittests.dll" id="fd9dd396-864e-bc54-1efb-7212fdfa608f">
      <Execution id="e1b9f635-3fcc-468a-85e8-c24bb88ffe0a" />
      <TestMethod codeBase="D:\actions-runner\_work\XPCO\XPCO\Corporate\Shared\Common.Integration\tst\VideoOS.Common.Integration.UnitTests\bin\x64\Debug\net472\VideoOS.Common.Integration.UnitTests.dll" adapterTypeName="executor://mstestadapter/v2" className="VideoOS.Common.Integration.UnitTests.License.HardwareDictionaryTests" name="GetAggregateFeeds_FailsWhen_UpdateHardwareAggregates_NotCalled" />
    </UnitTest>
    <UnitTest name="RefCountedObjectWrapper_Construcctor_NullReference" storage="d:\actions-runner\_work\xpco\xpco\corporate\shared\common.integration\tst\videoos.common.integration.unittests\bin\x64\debug\net472\videoos.common.integration.unittests.dll" id="604c15ba-899a-5d43-9bdd-b7e6d1160ea5">
      <Execution id="e4b93e71-861a-4a1f-b8de-faabcaaa3673" />
      <TestMethod codeBase="D:\actions-runner\_work\XPCO\XPCO\Corporate\Shared\Common.Integration\tst\VideoOS.Common.Integration.UnitTests\bin\x64\Debug\net472\VideoOS.Common.Integration.UnitTests.dll" adapterTypeName="executor://mstestadapter/v2" className="VideoOS.Common.Integration.UnitTests.Threading.RefCountedObjectWrapperTests" name="RefCountedObjectWrapper_Construcctor_NullReference" />
    </UnitTest>
    <UnitTest name="HttpClientCommunicatorWrapper_SendAsyncTObj_Success" storage="d:\actions-runner\_work\xpco\xpco\corporate\shared\common.integration\tst\videoos.common.integration.unittests\bin\x64\debug\net472\videoos.common.integration.unittests.dll" id="f61aa4ea-5d02-860f-5b68-3190614555ab">
      <Execution id="bfa7d22d-6ad8-4f54-9327-441ae50cc16d" />
      <TestMethod codeBase="D:\actions-runner\_work\XPCO\XPCO\Corporate\Shared\Common.Integration\tst\VideoOS.Common.Integration.UnitTests\bin\x64\Debug\net472\VideoOS.Common.Integration.UnitTests.dll" adapterTypeName="executor://mstestadapter/v2" className="VideoOS.Common.Integration.UnitTests.WebAPI.HttpClientCommunicatorWrapperTests" name="HttpClientCommunicatorWrapper_SendAsyncTObj_Success" />
    </UnitTest>
    <UnitTest name="ModelValidation_ValidModel_Success" storage="d:\actions-runner\_work\xpco\xpco\corporate\shared\common.integration\tst\videoos.common.integration.unittests\bin\x64\debug\net472\videoos.common.integration.unittests.dll" id="5eef3834-53ae-6cc0-49e9-188891944c67">
      <Execution id="c2e6aefa-b519-4df7-946e-315dee17fa32" />
      <TestMethod codeBase="D:\actions-runner\_work\XPCO\XPCO\Corporate\Shared\Common.Integration\tst\VideoOS.Common.Integration.UnitTests\bin\x64\Debug\net472\VideoOS.Common.Integration.UnitTests.dll" adapterTypeName="executor://mstestadapter/v2" className="VideoOS.Common.Integration.UnitTests.WebAPI.Model.TaskModelTest" name="ModelValidation_ValidModel_Success" />
    </UnitTest>
    <UnitTest name="DatabaseXmlConverter_DeviceXmlToStickerSize_Single" storage="d:\actions-runner\_work\xpco\xpco\corporate\shared\common.integration\tst\videoos.common.integration.unittests\bin\x64\debug\net472\videoos.common.integration.unittests.dll" id="cd740d0e-ce9c-9990-d16e-330145a86605">
      <Execution id="e9588f5f-bc1a-4d3c-abfa-0f2e084824b9" />
      <TestMethod codeBase="D:\actions-runner\_work\XPCO\XPCO\Corporate\Shared\Common.Integration\tst\VideoOS.Common.Integration.UnitTests\bin\x64\Debug\net472\VideoOS.Common.Integration.UnitTests.dll" adapterTypeName="executor://mstestadapter/v2" className="VideoOS.Common.Integration.UnitTests.DatabaseXmlConverterTest" name="DatabaseXmlConverter_DeviceXmlToStickerSize_Single" />
    </UnitTest>
    <UnitTest name="ScheduledTimeReachedFunctionScheduledDateTimeReachedForOneOfTwoTokensTest" storage="d:\actions-runner\_work\xpco\xpco\corporate\shared\common.integration\tst\videoos.common.integration.unittests\bin\x64\debug\net472\videoos.common.integration.unittests.dll" id="2fa32178-1f6e-2d17-1a71-e9015f6ef56a">
      <Execution id="10ccb716-1b89-4529-a82a-178080f6dcfa" />
      <TestMethod codeBase="D:\actions-runner\_work\XPCO\XPCO\Corporate\Shared\Common.Integration\tst\VideoOS.Common.Integration.UnitTests\bin\x64\Debug\net472\VideoOS.Common.Integration.UnitTests.dll" adapterTypeName="executor://mstestadapter/v2" className="VideoOS.Common.Integration.UnitTests.Rules.ScheduledTimeReachedFunctionTest" name="ScheduledTimeReachedFunctionScheduledDateTimeReachedForOneOfTwoTokensTest" />
    </UnitTest>
    <UnitTest name="TestSetRegionFillsTheRegions" storage="d:\actions-runner\_work\xpco\xpco\corporate\shared\common.integration\tst\videoos.common.integration.unittests\bin\x64\debug\net472\videoos.common.integration.unittests.dll" id="0afc5b19-2f9a-a4af-89db-f08c893b6820">
      <Execution id="58036b25-c778-4e03-9a9d-c4ea2edc6cbc" />
      <TestMethod codeBase="D:\actions-runner\_work\XPCO\XPCO\Corporate\Shared\Common.Integration\tst\VideoOS.Common.Integration.UnitTests\bin\x64\Debug\net472\VideoOS.Common.Integration.UnitTests.dll" adapterTypeName="executor://mstestadapter/v2" className="VideoOS.Common.Integration.UnitTests.Configuration.FillableGridAreaUnitTest" name="TestSetRegionFillsTheRegions" />
    </UnitTest>
    <UnitTest name="IsValidByteString_Success" storage="d:\actions-runner\_work\xpco\xpco\corporate\shared\common.integration\tst\videoos.common.integration.unittests\bin\x64\debug\net472\videoos.common.integration.unittests.dll" id="c051c3d6-6fa6-30da-17a5-284e0224c441">
      <Execution id="92a716a8-d737-40fc-b17f-d5a1c2ebda1f" />
      <TestMethod codeBase="D:\actions-runner\_work\XPCO\XPCO\Corporate\Shared\Common.Integration\tst\VideoOS.Common.Integration.UnitTests\bin\x64\Debug\net472\VideoOS.Common.Integration.UnitTests.dll" adapterTypeName="executor://mstestadapter/v2" className="VideoOS.Common.Integration.UnitTests.CertificateHandling.StringByteConversionExtensionsUnitTests" name="IsValidByteString_Success" />
    </UnitTest>
    <UnitTest name="Contructor_CreatesEmptyIndexesArray_OnEmptyHwList" storage="d:\actions-runner\_work\xpco\xpco\corporate\shared\common.integration\tst\videoos.common.integration.unittests\bin\x64\debug\net472\videoos.common.integration.unittests.dll" id="4f251702-a983-37b4-6681-9c460cd132a5">
      <TestCategory>
        <TestCategoryItem TestCategory="Licensing" />
      </TestCategory>
      <Execution id="571d6652-1f25-412a-978d-fa13ddf7b20b" />
      <TestMethod codeBase="D:\actions-runner\_work\XPCO\XPCO\Corporate\Shared\Common.Integration\tst\VideoOS.Common.Integration.UnitTests\bin\x64\Debug\net472\VideoOS.Common.Integration.UnitTests.dll" adapterTypeName="executor://mstestadapter/v2" className="VideoOS.Common.Integration.UnitTests.License.AggregateFeedDictionaryTests" name="Contructor_CreatesEmptyIndexesArray_OnEmptyHwList" />
    </UnitTest>
    <UnitTest name="SendAsync_HttpRequestExceptionThrown_ExceptionLoggedAndCommunicationExceptionThrown" storage="d:\actions-runner\_work\xpco\xpco\corporate\shared\common.integration\tst\videoos.common.integration.unittests\bin\x64\debug\net472\videoos.common.integration.unittests.dll" id="fd3e5ee2-25c5-97ab-467c-294e55f0e400">
      <Execution id="a5cfe7d9-247d-4f33-9090-de4f8e7ab13a" />
      <TestMethod codeBase="D:\actions-runner\_work\XPCO\XPCO\Corporate\Shared\Common.Integration\tst\VideoOS.Common.Integration.UnitTests\bin\x64\Debug\net472\VideoOS.Common.Integration.UnitTests.dll" adapterTypeName="executor://mstestadapter/v2" className="VideoOS.Common.Integration.WebApi.HttpClientCommunicatorUnitTests" name="SendAsync_HttpRequestExceptionThrown_ExceptionLoggedAndCommunicationExceptionThrown" />
    </UnitTest>
    <UnitTest name="HardwareSetupErrorResponseModel_Validate_Success" storage="d:\actions-runner\_work\xpco\xpco\corporate\shared\common.integration\tst\videoos.common.integration.unittests\bin\x64\debug\net472\videoos.common.integration.unittests.dll" id="71908ec8-aa85-7729-a044-9c9f1cdef406">
      <Execution id="13c4f4b6-2a0d-4519-8f97-a2720983d041" />
      <TestMethod codeBase="D:\actions-runner\_work\XPCO\XPCO\Corporate\Shared\Common.Integration\tst\VideoOS.Common.Integration.UnitTests\bin\x64\Debug\net472\VideoOS.Common.Integration.UnitTests.dll" adapterTypeName="executor://mstestadapter/v2" className="VideoOS.Common.Integration.UnitTests.WebAPI.Model.HardwareSetupErrorResponseModelTest" name="HardwareSetupErrorResponseModel_Validate_Success" />
    </UnitTest>
    <UnitTest name="UpdateRecorderStatus_RequiredPropertiesAreNull_Failed" storage="d:\actions-runner\_work\xpco\xpco\corporate\shared\common.integration\tst\videoos.common.integration.unittests\bin\x64\debug\net472\videoos.common.integration.unittests.dll" id="35535d87-f63c-dc4a-d24b-9d8f63dbddac">
      <Execution id="6f7a4bc7-eb8c-4a64-b726-54282be3cbaf" />
      <TestMethod codeBase="D:\actions-runner\_work\XPCO\XPCO\Corporate\Shared\Common.Integration\tst\VideoOS.Common.Integration.UnitTests\bin\x64\Debug\net472\VideoOS.Common.Integration.UnitTests.dll" adapterTypeName="executor://mstestadapter/v2" className="VideoOS.Common.Integration.UnitTests.WebAPI.Model.Server.RecorderStatusModelTests" name="UpdateRecorderStatus_RequiredPropertiesAreNull_Failed" />
    </UnitTest>
    <UnitTest name="BaseHtmlLicenseReport_CreatePNode_WithClassName_ValidText_Success" storage="d:\actions-runner\_work\xpco\xpco\corporate\shared\common.integration\tst\videoos.common.integration.unittests\bin\x64\debug\net472\videoos.common.integration.unittests.dll" id="d5ea1aa1-4eed-c500-3b96-f6b4cdc873a8">
      <Execution id="2115e0d4-39e5-4a98-a0c7-49b2a8688677" />
      <TestMethod codeBase="D:\actions-runner\_work\XPCO\XPCO\Corporate\Shared\Common.Integration\tst\VideoOS.Common.Integration.UnitTests\bin\x64\Debug\net472\VideoOS.Common.Integration.UnitTests.dll" adapterTypeName="executor://mstestadapter/v2" className="VideoOS.Common.Integration.UnitTests.License.BaseHtmlLicenseReportTests" name="BaseHtmlLicenseReport_CreatePNode_WithClassName_ValidText_Success" />
    </UnitTest>
    <UnitTest name="IsArculesGuid_WhenOtherGuid_ReturnsFalse" storage="d:\actions-runner\_work\xpco\xpco\corporate\shared\common.integration\tst\videoos.common.integration.unittests\bin\x64\debug\net472\videoos.common.integration.unittests.dll" id="54c26366-b994-f623-6449-0f14a6e33a8e">
      <TestCategory>
        <TestCategoryItem TestCategory="Licensing" />
      </TestCategory>
      <Execution id="83d6cd42-dad3-441a-ba98-bd7acc17739a" />
      <TestMethod codeBase="D:\actions-runner\_work\XPCO\XPCO\Corporate\Shared\Common.Integration\tst\VideoOS.Common.Integration.UnitTests\bin\x64\Debug\net472\VideoOS.Common.Integration.UnitTests.dll" adapterTypeName="executor://mstestadapter/v2" className="VideoOS.Common.Integration.UnitTests.Drivers.Arcules.ArculesIdVerifierTests" name="IsArculesGuid_WhenOtherGuid_ReturnsFalse" />
    </UnitTest>
    <UnitTest name="Encrypt_DataSetIsNull_ThrowsArgumentNullException" storage="d:\actions-runner\_work\xpco\xpco\corporate\shared\common.integration\tst\videoos.common.integration.unittests\bin\x64\debug\net472\videoos.common.integration.unittests.dll" id="e9a5bcfa-96b9-2f86-1df1-8008cb97bd4b">
      <Execution id="74e08064-6300-45a8-a53a-08fb583d87c1" />
      <TestMethod codeBase="D:\actions-runner\_work\XPCO\XPCO\Corporate\Shared\Common.Integration\tst\VideoOS.Common.Integration.UnitTests\bin\x64\Debug\net472\VideoOS.Common.Integration.UnitTests.dll" adapterTypeName="executor://mstestadapter/v2" className="VideoOS.Common.Integration.UnitTests.Configuration.HostingServerTableAdapterTests" name="Encrypt_DataSetIsNull_ThrowsArgumentNullException" />
    </UnitTest>
    <UnitTest name="SecurityManager_HasDevicePermission_ViewLive_Instance_Allowed" storage="d:\actions-runner\_work\xpco\xpco\corporate\shared\common.integration\tst\videoos.common.integration.unittests\bin\x64\debug\net472\videoos.common.integration.unittests.dll" id="18232368-fc48-4742-f757-931ec3668d3b">
      <Execution id="9415e4c5-67b9-4bfd-9f9a-5bf3d4110ef4" />
      <TestMethod codeBase="D:\actions-runner\_work\XPCO\XPCO\Corporate\Shared\Common.Integration\tst\VideoOS.Common.Integration.UnitTests\bin\x64\Debug\net472\VideoOS.Common.Integration.UnitTests.dll" adapterTypeName="executor://mstestadapter/v2" className="VideoOS.Common.Integration.UnitTests.Security.SecurityManagerUnitTests" name="SecurityManager_HasDevicePermission_ViewLive_Instance_Allowed" />
    </UnitTest>
    <UnitTest name="Encrypt_DataSetHasUnchangedRow_DataSetIsNotChanged" storage="d:\actions-runner\_work\xpco\xpco\corporate\shared\common.integration\tst\videoos.common.integration.unittests\bin\x64\debug\net472\videoos.common.integration.unittests.dll" id="4d55b919-cb74-5705-c945-5f21a513e3c3">
      <Execution id="508e70f9-9722-4d36-ab74-116ad5d80a0b" />
      <TestMethod codeBase="D:\actions-runner\_work\XPCO\XPCO\Corporate\Shared\Common.Integration\tst\VideoOS.Common.Integration.UnitTests\bin\x64\Debug\net472\VideoOS.Common.Integration.UnitTests.dll" adapterTypeName="executor://mstestadapter/v2" className="VideoOS.Common.Integration.UnitTests.Configuration.HostingServerTableAdapterTests" name="Encrypt_DataSetHasUnchangedRow_DataSetIsNotChanged" />
    </UnitTest>
    <UnitTest name="CreateInstance_SaveSettings_AllowInsecureIsTrue_Success" storage="d:\actions-runner\_work\xpco\xpco\corporate\shared\common.integration\tst\videoos.common.integration.unittests\bin\x64\debug\net472\videoos.common.integration.unittests.dll" id="87defa7e-30d9-0886-707b-7473c8e30dff">
      <Execution id="5430dc53-9155-4411-b739-83c12c45aa38" />
      <TestMethod codeBase="D:\actions-runner\_work\XPCO\XPCO\Corporate\Shared\Common.Integration\tst\VideoOS.Common.Integration.UnitTests\bin\x64\Debug\net472\VideoOS.Common.Integration.UnitTests.dll" adapterTypeName="executor://mstestadapter/v2" className="VideoOS.Common.Integration.UnitTests.ServerValidation.LocalUserOptionsTests" name="CreateInstance_SaveSettings_AllowInsecureIsTrue_Success" />
    </UnitTest>
    <UnitTest name="ConvertStringToPort_Port65536_ThrowsArgumentOutOfRangeException" storage="d:\actions-runner\_work\xpco\xpco\corporate\shared\common.integration\tst\videoos.common.integration.unittests\bin\x64\debug\net472\videoos.common.integration.unittests.dll" id="9171dc5a-a7bd-00b3-f835-43afc308444d">
      <TestCategory>
        <TestCategoryItem TestCategory="UriHandling" />
      </TestCategory>
      <Execution id="167c4b4e-dbc9-469e-9a2b-847ccb543b89" />
      <TestMethod codeBase="D:\actions-runner\_work\XPCO\XPCO\Corporate\Shared\Common.Integration\tst\VideoOS.Common.Integration.UnitTests\bin\x64\Debug\net472\VideoOS.Common.Integration.UnitTests.dll" adapterTypeName="executor://mstestadapter/v2" className="VideoOS.Common.Integration.UnitTests.Communication.UriHandlingUnitTests" name="ConvertStringToPort_Port65536_ThrowsArgumentOutOfRangeException" />
    </UnitTest>
    <UnitTest name="ScanResult_SerializationTest" storage="d:\actions-runner\_work\xpco\xpco\corporate\shared\common.integration\tst\videoos.common.integration.unittests\bin\x64\debug\net472\videoos.common.integration.unittests.dll" id="9bc55912-1686-24c6-68d1-365735caec5d">
      <Execution id="13f2dc0c-baf5-4c18-8a87-6ae6efa73f63" />
      <TestMethod codeBase="D:\actions-runner\_work\XPCO\XPCO\Corporate\Shared\Common.Integration\tst\VideoOS.Common.Integration.UnitTests\bin\x64\Debug\net472\VideoOS.Common.Integration.UnitTests.dll" adapterTypeName="executor://mstestadapter/v2" className="VideoOS.Common.Integration.UnitTests.ScanResultTest" name="ScanResult_SerializationTest" />
    </UnitTest>
    <UnitTest name="ServerFileStorageQuota_TwoConsumers_AboveLimit_PartialFail" storage="d:\actions-runner\_work\xpco\xpco\corporate\shared\common.integration\tst\videoos.common.integration.unittests\bin\x64\debug\net472\videoos.common.integration.unittests.dll" id="9875e3cb-a52c-72da-f7a8-cd1958e9e05d">
      <Execution id="e5c7fc19-d85b-4683-afb9-7ec77485ae7d" />
      <TestMethod codeBase="D:\actions-runner\_work\XPCO\XPCO\Corporate\Shared\Common.Integration\tst\VideoOS.Common.Integration.UnitTests\bin\x64\Debug\net472\VideoOS.Common.Integration.UnitTests.dll" adapterTypeName="executor://mstestadapter/v2" className="VideoOS.Common.Integration.UnitTests.ServerFileStorageQuotaTests" name="ServerFileStorageQuota_TwoConsumers_AboveLimit_PartialFail" />
    </UnitTest>
    <UnitTest name="GetServerSNMPId_Unknown" storage="d:\actions-runner\_work\xpco\xpco\corporate\shared\common.integration\tst\videoos.common.integration.unittests\bin\x64\debug\net472\videoos.common.integration.unittests.dll" id="591dc192-0252-1cb9-9f81-4a872a67be45">
      <Execution id="ace5f4d6-2e62-4a82-9731-5f5b3694a8bf" />
      <TestMethod codeBase="D:\actions-runner\_work\XPCO\XPCO\Corporate\Shared\Common.Integration\tst\VideoOS.Common.Integration.UnitTests\bin\x64\Debug\net472\VideoOS.Common.Integration.UnitTests.dll" adapterTypeName="executor://mstestadapter/v2" className="VideoOS.Common.Integration.UnitTests.Definition.Event.BuiltInEventTypesTest" name="GetServerSNMPId_Unknown" />
    </UnitTest>
    <UnitTest name="UniqueIndex_GetEntryByKey_Returns_Correct_Item" storage="d:\actions-runner\_work\xpco\xpco\corporate\shared\common.integration\tst\videoos.common.integration.unittests\bin\x64\debug\net472\videoos.common.integration.unittests.dll" id="e7727734-e0a9-5b5b-5c64-ce6dcd978d21">
      <Execution id="877217a5-a3b3-4502-830a-6d48ffe8fb72" />
      <TestMethod codeBase="D:\actions-runner\_work\XPCO\XPCO\Corporate\Shared\Common.Integration\tst\VideoOS.Common.Integration.UnitTests\bin\x64\Debug\net472\VideoOS.Common.Integration.UnitTests.dll" adapterTypeName="executor://mstestadapter/v2" className="VideoOS.Common.Integration.UnitTests.IndexedCollectionUnitTests" name="UniqueIndex_GetEntryByKey_Returns_Correct_Item" />
    </UnitTest>
    <UnitTest name="UniqueIndex_GetEntryByKey_No_Item_Return_Null" storage="d:\actions-runner\_work\xpco\xpco\corporate\shared\common.integration\tst\videoos.common.integration.unittests\bin\x64\debug\net472\videoos.common.integration.unittests.dll" id="044e5518-eab5-c80a-fe62-1a03a5cd84bc">
      <Execution id="9afd22dd-6c77-4036-bef1-f1e897893262" />
      <TestMethod codeBase="D:\actions-runner\_work\XPCO\XPCO\Corporate\Shared\Common.Integration\tst\VideoOS.Common.Integration.UnitTests\bin\x64\Debug\net472\VideoOS.Common.Integration.UnitTests.dll" adapterTypeName="executor://mstestadapter/v2" className="VideoOS.Common.Integration.UnitTests.IndexedCollectionUnitTests" name="UniqueIndex_GetEntryByKey_No_Item_Return_Null" />
    </UnitTest>
    <UnitTest name="AuthenticationError_MethodCalled_EventIsRaised" storage="d:\actions-runner\_work\xpco\xpco\corporate\shared\common.integration\tst\videoos.common.integration.unittests\bin\x64\debug\net472\videoos.common.integration.unittests.dll" id="e71f9197-dd92-de2f-20c0-30b52784395c">
      <Execution id="1e3be43a-4c97-4821-80b4-29d96ce76432" />
      <TestMethod codeBase="D:\actions-runner\_work\XPCO\XPCO\Corporate\Shared\Common.Integration\tst\VideoOS.Common.Integration.UnitTests\bin\x64\Debug\net472\VideoOS.Common.Integration.UnitTests.dll" adapterTypeName="executor://mstestadapter/v2" className="VideoOS.Common.Integration.UnitTests.ServiceConnectionStatusTests" name="AuthenticationError_MethodCalled_EventIsRaised" />
    </UnitTest>
    <UnitTest name="HttpClientCommunicatorWrapper_Patch_CommunicationException" storage="d:\actions-runner\_work\xpco\xpco\corporate\shared\common.integration\tst\videoos.common.integration.unittests\bin\x64\debug\net472\videoos.common.integration.unittests.dll" id="78283b39-3890-a1d3-9ab2-4d160980e1be">
      <Execution id="efd99fc5-54e6-4da1-9582-47acf17ada1b" />
      <TestMethod codeBase="D:\actions-runner\_work\XPCO\XPCO\Corporate\Shared\Common.Integration\tst\VideoOS.Common.Integration.UnitTests\bin\x64\Debug\net472\VideoOS.Common.Integration.UnitTests.dll" adapterTypeName="executor://mstestadapter/v2" className="VideoOS.Common.Integration.UnitTests.WebAPI.HttpClientCommunicatorWrapperTests" name="HttpClientCommunicatorWrapper_Patch_CommunicationException" />
    </UnitTest>
    <UnitTest name="ModelValidation_RequiredPropertiesAreNull_Failed" storage="d:\actions-runner\_work\xpco\xpco\corporate\shared\common.integration\tst\videoos.common.integration.unittests\bin\x64\debug\net472\videoos.common.integration.unittests.dll" id="5ff2e9bd-913e-ef6f-f2de-f5964820022a">
      <Execution id="7d8ab343-da4d-41da-8dda-f8525720c11a" />
      <TestMethod codeBase="D:\actions-runner\_work\XPCO\XPCO\Corporate\Shared\Common.Integration\tst\VideoOS.Common.Integration.UnitTests\bin\x64\Debug\net472\VideoOS.Common.Integration.UnitTests.dll" adapterTypeName="executor://mstestadapter/v2" className="VideoOS.Common.Integration.UnitTests.WebAPI.Model.ActivateArchivingModelTest" name="ModelValidation_RequiredPropertiesAreNull_Failed" />
    </UnitTest>
    <UnitTest name="LicenseActivationService_AcquireLicense_LicenseNotAllowed_TooManyHardwareRequested" storage="d:\actions-runner\_work\xpco\xpco\corporate\shared\common.integration\tst\videoos.common.integration.unittests\bin\x64\debug\net472\videoos.common.integration.unittests.dll" id="c1605011-efb8-be10-ac99-ecd817fa1c3f">
      <Execution id="ffcf54b6-9501-47a7-9c3f-d9b6cfd218c4" />
      <TestMethod codeBase="D:\actions-runner\_work\XPCO\XPCO\Corporate\Shared\Common.Integration\tst\VideoOS.Common.Integration.UnitTests\bin\x64\Debug\net472\VideoOS.Common.Integration.UnitTests.dll" adapterTypeName="executor://mstestadapter/v2" className="VideoOS.Common.Integration.UnitTests.License.LicenseActivationServiceTests" name="LicenseActivationService_AcquireLicense_LicenseNotAllowed_TooManyHardwareRequested" />
    </UnitTest>
    <UnitTest name="ServerFileStorageCleanupService_ProperLocking" storage="d:\actions-runner\_work\xpco\xpco\corporate\shared\common.integration\tst\videoos.common.integration.unittests\bin\x64\debug\net472\videoos.common.integration.unittests.dll" id="53f67c16-d512-e465-195a-34f1911f4901">
      <Execution id="510f27fb-2a0d-4889-a578-5925d733074c" />
      <TestMethod codeBase="D:\actions-runner\_work\XPCO\XPCO\Corporate\Shared\Common.Integration\tst\VideoOS.Common.Integration.UnitTests\bin\x64\Debug\net472\VideoOS.Common.Integration.UnitTests.dll" adapterTypeName="executor://mstestadapter/v2" className="VideoOS.Common.Integration.UnitTests.ServerFileStorageCleanupServiceTests" name="ServerFileStorageCleanupService_ProperLocking" />
    </UnitTest>
    <UnitTest name="TokenHandler_GetNewToken_Success" storage="d:\actions-runner\_work\xpco\xpco\corporate\shared\common.integration\tst\videoos.common.integration.unittests\bin\x64\debug\net472\videoos.common.integration.unittests.dll" id="333d071e-477f-f59a-bdf7-e3209509bd7e">
      <Execution id="170e09f1-d079-49b1-b098-b01b681c31c9" />
      <TestMethod codeBase="D:\actions-runner\_work\XPCO\XPCO\Corporate\Shared\Common.Integration\tst\VideoOS.Common.Integration.UnitTests\bin\x64\Debug\net472\VideoOS.Common.Integration.UnitTests.dll" adapterTypeName="executor://mstestadapter/v2" className="VideoOS.Common.Integration.UnitTests.Security.TokenHandler_UnitTests" name="TokenHandler_GetNewToken_Success" />
    </UnitTest>
    <UnitTest name="Constructor_IncrementsFeedCountsForOtherDeviceTypes_OnHwWithOtherDevicesThanCameras" storage="d:\actions-runner\_work\xpco\xpco\corporate\shared\common.integration\tst\videoos.common.integration.unittests\bin\x64\debug\net472\videoos.common.integration.unittests.dll" id="3142246b-96d4-ddfb-c96a-6e28de4cacd9">
      <TestCategory>
        <TestCategoryItem TestCategory="Licensing" />
      </TestCategory>
      <Execution id="159bfe3d-fc8f-4027-8bb2-e7ceab72d971" />
      <TestMethod codeBase="D:\actions-runner\_work\XPCO\XPCO\Corporate\Shared\Common.Integration\tst\VideoOS.Common.Integration.UnitTests\bin\x64\Debug\net472\VideoOS.Common.Integration.UnitTests.dll" adapterTypeName="executor://mstestadapter/v2" className="VideoOS.Common.Integration.UnitTests.License.AggregateFeedDictionaryTests" name="Constructor_IncrementsFeedCountsForOtherDeviceTypes_OnHwWithOtherDevicesThanCameras" />
    </UnitTest>
    <UnitTest name="SynchronizeDevicePresetsResponseModel_NoValuesSet_ValidationFailure" storage="d:\actions-runner\_work\xpco\xpco\corporate\shared\common.integration\tst\videoos.common.integration.unittests\bin\x64\debug\net472\videoos.common.integration.unittests.dll" id="ed20a21c-41f1-239a-2980-96b61d8b6a15">
      <Execution id="622207da-2de7-4aad-abe3-39642c6a6d18" />
      <TestMethod codeBase="D:\actions-runner\_work\XPCO\XPCO\Corporate\Shared\Common.Integration\tst\VideoOS.Common.Integration.UnitTests\bin\x64\Debug\net472\VideoOS.Common.Integration.UnitTests.dll" adapterTypeName="executor://mstestadapter/v2" className="VideoOS.Common.Integration.UnitTests.WebApi.Model.SynchronizeDevicePresetsResponseModelTest" name="SynchronizeDevicePresetsResponseModel_NoValuesSet_ValidationFailure" />
    </UnitTest>
    <UnitTest name="ResponseException_Serialization_DeserializationIsValid" storage="d:\actions-runner\_work\xpco\xpco\corporate\shared\common.integration\tst\videoos.common.integration.unittests\bin\x64\debug\net472\videoos.common.integration.unittests.dll" id="477789a1-1313-bef9-6fb6-2994cb6ca40c">
      <Execution id="2c8257ef-7ca3-42e3-8cfe-cee3ae2ead71" />
      <TestMethod codeBase="D:\actions-runner\_work\XPCO\XPCO\Corporate\Shared\Common.Integration\tst\VideoOS.Common.Integration.UnitTests\bin\x64\Debug\net472\VideoOS.Common.Integration.UnitTests.dll" adapterTypeName="executor://mstestadapter/v2" className="VideoOS.Common.Integration.UnitTests.WebAPI.Exceptions.ResponseExceptionTests" name="ResponseException_Serialization_DeserializationIsValid" />
    </UnitTest>
    <UnitTest name="FeatureManager_GetFeatureParameterValue_Value" storage="d:\actions-runner\_work\xpco\xpco\corporate\shared\common.integration\tst\videoos.common.integration.unittests\bin\x64\debug\net472\videoos.common.integration.unittests.dll" id="1457cccf-2f12-2f87-797e-265b2a1cb863">
      <Execution id="53f91aa6-813e-4174-b9b9-6b27eb56866e" />
      <TestMethod codeBase="D:\actions-runner\_work\XPCO\XPCO\Corporate\Shared\Common.Integration\tst\VideoOS.Common.Integration.UnitTests\bin\x64\Debug\net472\VideoOS.Common.Integration.UnitTests.dll" adapterTypeName="executor://mstestadapter/v2" className="VideoOS.Common.Integration.UnitTests.License.FeatureManagerTest" name="FeatureManager_GetFeatureParameterValue_Value" />
    </UnitTest>
    <UnitTest name="FeatureManager_FeatureParameterCount_Succeed" storage="d:\actions-runner\_work\xpco\xpco\corporate\shared\common.integration\tst\videoos.common.integration.unittests\bin\x64\debug\net472\videoos.common.integration.unittests.dll" id="50ff3d4b-f52b-01fd-1d73-ae133eea2aa3">
      <Execution id="08cc86b9-6de1-43e3-b64b-729948b74211" />
      <TestMethod codeBase="D:\actions-runner\_work\XPCO\XPCO\Corporate\Shared\Common.Integration\tst\VideoOS.Common.Integration.UnitTests\bin\x64\Debug\net472\VideoOS.Common.Integration.UnitTests.dll" adapterTypeName="executor://mstestadapter/v2" className="VideoOS.Common.Integration.UnitTests.License.FeatureManagerTest" name="FeatureManager_FeatureParameterCount_Succeed" />
    </UnitTest>
    <UnitTest name="GroupConfigurationCheckForNonExistingGroupsAndMembers" storage="d:\actions-runner\_work\xpco\xpco\corporate\shared\common.integration\tst\videoos.common.integration.unittests\bin\x64\debug\net472\videoos.common.integration.unittests.dll" id="e72e0f02-bc84-52da-1088-7cf44d8a0acb">
      <TestCategory>
        <TestCategoryItem TestCategory="Rules.GroupConfiguration" />
      </TestCategory>
      <Execution id="d04f0cd3-ee41-45cd-83a0-d10254a9bf27" />
      <TestMethod codeBase="D:\actions-runner\_work\XPCO\XPCO\Corporate\Shared\Common.Integration\tst\VideoOS.Common.Integration.UnitTests\bin\x64\Debug\net472\VideoOS.Common.Integration.UnitTests.dll" adapterTypeName="executor://mstestadapter/v2" className="VideoOS.Common.Integration.UnitTests.Rules.GroupConfigurationTest" name="GroupConfigurationCheckForNonExistingGroupsAndMembers" />
    </UnitTest>
    <UnitTest name="LicenseRequestHardware_SetsLicenseCountToOne" storage="d:\actions-runner\_work\xpco\xpco\corporate\shared\common.integration\tst\videoos.common.integration.unittests\bin\x64\debug\net472\videoos.common.integration.unittests.dll" id="7c8acda8-5ab1-e608-7ce7-302199a00468">
      <Execution id="431bc44e-a20a-41b6-abee-4fddec93b60a" />
      <TestMethod codeBase="D:\actions-runner\_work\XPCO\XPCO\Corporate\Shared\Common.Integration\tst\VideoOS.Common.Integration.UnitTests\bin\x64\Debug\net472\VideoOS.Common.Integration.UnitTests.dll" adapterTypeName="executor://mstestadapter/v2" className="VideoOS.Common.Integration.UnitTests.License.HardwareInfoTests" name="LicenseRequestHardware_SetsLicenseCountToOne" />
    </UnitTest>
    <UnitTest name="ActivateArchiveModel_Validation_ValidModel_Success" storage="d:\actions-runner\_work\xpco\xpco\corporate\shared\common.integration\tst\videoos.common.integration.unittests\bin\x64\debug\net472\videoos.common.integration.unittests.dll" id="5b9fc78a-473b-aaeb-4c48-30186e186680">
      <Execution id="bb200e92-44db-4547-8753-4665c0645455" />
      <TestMethod codeBase="D:\actions-runner\_work\XPCO\XPCO\Corporate\Shared\Common.Integration\tst\VideoOS.Common.Integration.UnitTests\bin\x64\Debug\net472\VideoOS.Common.Integration.UnitTests.dll" adapterTypeName="executor://mstestadapter/v2" className="VideoOS.Common.Integration.UnitTests.WebAPI.Model.ActivateArchiveModelTest" name="ActivateArchiveModel_Validation_ValidModel_Success" />
    </UnitTest>
    <UnitTest name="BulkProcessor_Dispose_Success" storage="d:\actions-runner\_work\xpco\xpco\corporate\shared\common.integration\tst\videoos.common.integration.unittests\bin\x64\debug\net472\videoos.common.integration.unittests.dll" id="52fcaf1b-6586-22d3-8b9e-cf01f68cd68e">
      <Execution id="467e56d3-c0bb-4575-8050-0ab530aec3b9" />
      <TestMethod codeBase="D:\actions-runner\_work\XPCO\XPCO\Corporate\Shared\Common.Integration\tst\VideoOS.Common.Integration.UnitTests\bin\x64\Debug\net472\VideoOS.Common.Integration.UnitTests.dll" adapterTypeName="executor://mstestadapter/v2" className="VideoOS.Common.Integration.UnitTests.MessageProcessing.BulkProcessorUnitTest" name="BulkProcessor_Dispose_Success" />
    </UnitTest>
    <UnitTest name="GroupConfigurationCheckForNonExistingGroupsEmptyConfig" storage="d:\actions-runner\_work\xpco\xpco\corporate\shared\common.integration\tst\videoos.common.integration.unittests\bin\x64\debug\net472\videoos.common.integration.unittests.dll" id="92dac139-e57f-5a29-0b03-97f49d883e60">
      <TestCategory>
        <TestCategoryItem TestCategory="Rules.GroupConfiguration" />
      </TestCategory>
      <Execution id="cba274a6-2a8a-4271-b994-ba42816a9dad" />
      <TestMethod codeBase="D:\actions-runner\_work\XPCO\XPCO\Corporate\Shared\Common.Integration\tst\VideoOS.Common.Integration.UnitTests\bin\x64\Debug\net472\VideoOS.Common.Integration.UnitTests.dll" adapterTypeName="executor://mstestadapter/v2" className="VideoOS.Common.Integration.UnitTests.Rules.GroupConfigurationTest" name="GroupConfigurationCheckForNonExistingGroupsEmptyConfig" />
    </UnitTest>
    <UnitTest name="CertificateSelection2_FromCertificateHash_EmptyHash_ReturnNoSelection" storage="d:\actions-runner\_work\xpco\xpco\corporate\shared\common.integration\tst\videoos.common.integration.unittests\bin\x64\debug\net472\videoos.common.integration.unittests.dll" id="81185dc1-6718-dee1-e442-c24203f3dfbc">
      <Execution id="710ca3c0-fe3c-4516-80b5-8b7805b179cc" />
      <TestMethod codeBase="D:\actions-runner\_work\XPCO\XPCO\Corporate\Shared\Common.Integration\tst\VideoOS.Common.Integration.UnitTests\bin\x64\Debug\net472\VideoOS.Common.Integration.UnitTests.dll" adapterTypeName="executor://mstestadapter/v2" className="VideoOS.Common.Integration.UnitTests.CertificateHandling.CertificateSelection2Tests" name="CertificateSelection2_FromCertificateHash_EmptyHash_ReturnNoSelection" />
    </UnitTest>
    <UnitTest name="SecurityTokenCollectionDto2_Serialization_Success" storage="d:\actions-runner\_work\xpco\xpco\corporate\shared\common.integration\tst\videoos.common.integration.unittests\bin\x64\debug\net472\videoos.common.integration.unittests.dll" id="aa8ea8cd-fb96-edab-8a80-e31ce7a67435">
      <Execution id="35cd4c0b-5af2-45d5-b146-652550a5e248" />
      <TestMethod codeBase="D:\actions-runner\_work\XPCO\XPCO\Corporate\Shared\Common.Integration\tst\VideoOS.Common.Integration.UnitTests\bin\x64\Debug\net472\VideoOS.Common.Integration.UnitTests.dll" adapterTypeName="executor://mstestadapter/v2" className="VideoOS.Common.Integration.UnitTests.Communication.DataTransferObjects.SecurityTokenCollectionDto2Test" name="SecurityTokenCollectionDto2_Serialization_Success" />
    </UnitTest>
    <UnitTest name="FileUploadSynchronizer_Upload_SameFile_To_DifferentRecorders_Twice_UploadsTwice_ChecksExistsFourTimes" storage="d:\actions-runner\_work\xpco\xpco\corporate\shared\common.integration\tst\videoos.common.integration.unittests\bin\x64\debug\net472\videoos.common.integration.unittests.dll" id="078b3ec7-5533-42ae-fe07-24c5f6492295">
      <Execution id="d7eea00b-fc79-44f4-aa7d-cbb0cbd103f7" />
      <TestMethod codeBase="D:\actions-runner\_work\XPCO\XPCO\Corporate\Shared\Common.Integration\tst\VideoOS.Common.Integration.UnitTests\bin\x64\Debug\net472\VideoOS.Common.Integration.UnitTests.dll" adapterTypeName="executor://mstestadapter/v2" className="VideoOS.Common.Integration.UnitTests.FileUploadSynchronizerTests" name="FileUploadSynchronizer_Upload_SameFile_To_DifferentRecorders_Twice_UploadsTwice_ChecksExistsFourTimes" />
    </UnitTest>
    <UnitTest name="PrepareMoveHardwareResponseModel_Validate_Success" storage="d:\actions-runner\_work\xpco\xpco\corporate\shared\common.integration\tst\videoos.common.integration.unittests\bin\x64\debug\net472\videoos.common.integration.unittests.dll" id="440577fe-bdae-f364-680c-6fdc0c90ddc7">
      <Execution id="5052a042-3a9b-4277-890f-171a3ad03747" />
      <TestMethod codeBase="D:\actions-runner\_work\XPCO\XPCO\Corporate\Shared\Common.Integration\tst\VideoOS.Common.Integration.UnitTests\bin\x64\Debug\net472\VideoOS.Common.Integration.UnitTests.dll" adapterTypeName="executor://mstestadapter/v2" className="VideoOS.Common.Integration.UnitTests.WebApi.Model.PrepareMoveHardwareResponseModelTest" name="PrepareMoveHardwareResponseModel_Validate_Success" />
    </UnitTest>
    <UnitTest name="HttpClientCommunicatorWrapper_SendTObjTRet_CommunicationException" storage="d:\actions-runner\_work\xpco\xpco\corporate\shared\common.integration\tst\videoos.common.integration.unittests\bin\x64\debug\net472\videoos.common.integration.unittests.dll" id="9323db7d-4095-b480-fb06-e80a4d2f6eaa">
      <Execution id="c2211d8a-1e7b-4047-a0a9-a8d58cd3e8ec" />
      <TestMethod codeBase="D:\actions-runner\_work\XPCO\XPCO\Corporate\Shared\Common.Integration\tst\VideoOS.Common.Integration.UnitTests\bin\x64\Debug\net472\VideoOS.Common.Integration.UnitTests.dll" adapterTypeName="executor://mstestadapter/v2" className="VideoOS.Common.Integration.UnitTests.WebAPI.HttpClientCommunicatorWrapperTests" name="HttpClientCommunicatorWrapper_SendTObjTRet_CommunicationException" />
    </UnitTest>
    <UnitTest name="Decrypt" storage="d:\actions-runner\_work\xpco\xpco\corporate\shared\common.integration\tst\videoos.common.integration.unittests\bin\x64\debug\net472\videoos.common.integration.unittests.dll" id="e94bed32-14b0-960f-eb57-dc27cfa1c718">
      <Execution id="95ab7556-0959-4d46-95fd-654e4037ee7e" />
      <TestMethod codeBase="D:\actions-runner\_work\XPCO\XPCO\Corporate\Shared\Common.Integration\tst\VideoOS.Common.Integration.UnitTests\bin\x64\Debug\net472\VideoOS.Common.Integration.UnitTests.dll" adapterTypeName="executor://mstestadapter/v2" className="VideoOS.Common.Integration.UnitTests.Configuration.SettingsXmlTransformerTests" name="Decrypt" />
    </UnitTest>
    <UnitTest name="Constructor_FillsInUniqueIndexes_OnCombinationOfHw" storage="d:\actions-runner\_work\xpco\xpco\corporate\shared\common.integration\tst\videoos.common.integration.unittests\bin\x64\debug\net472\videoos.common.integration.unittests.dll" id="f68e7208-b40d-78c4-083e-29238c6795e3">
      <TestCategory>
        <TestCategoryItem TestCategory="Licensing" />
      </TestCategory>
      <Execution id="044ab7fa-0126-46a7-9ce5-b03dedcb1fd0" />
      <TestMethod codeBase="D:\actions-runner\_work\XPCO\XPCO\Corporate\Shared\Common.Integration\tst\VideoOS.Common.Integration.UnitTests\bin\x64\Debug\net472\VideoOS.Common.Integration.UnitTests.dll" adapterTypeName="executor://mstestadapter/v2" className="VideoOS.Common.Integration.UnitTests.License.AggregateFeedDictionaryTests" name="Constructor_FillsInUniqueIndexes_OnCombinationOfHw" />
    </UnitTest>
    <UnitTest name="ReadAttributeAsBoolean_ElementNull" storage="d:\actions-runner\_work\xpco\xpco\corporate\shared\common.integration\tst\videoos.common.integration.unittests\bin\x64\debug\net472\videoos.common.integration.unittests.dll" id="f6d5615e-2ee5-dd6d-d370-6a1f1098a55d">
      <Execution id="8954ba45-664f-4bbd-bc84-3615d43f5fc7" />
      <TestMethod codeBase="D:\actions-runner\_work\XPCO\XPCO\Corporate\Shared\Common.Integration\tst\VideoOS.Common.Integration.UnitTests\bin\x64\Debug\net472\VideoOS.Common.Integration.UnitTests.dll" adapterTypeName="executor://mstestadapter/v2" className="VideoOS.Common.Integration.UnitTests.XmlDocumentExtensionsCoreUnitTests" name="ReadAttributeAsBoolean_ElementNull" />
    </UnitTest>
    <UnitTest name="MipAction2Model_ValidModel_Success" storage="d:\actions-runner\_work\xpco\xpco\corporate\shared\common.integration\tst\videoos.common.integration.unittests\bin\x64\debug\net472\videoos.common.integration.unittests.dll" id="47640dd5-a1b1-e17e-a33e-61253b2a1c85">
      <Execution id="876704ef-d9e2-42e2-937f-439f0154723d" />
      <TestMethod codeBase="D:\actions-runner\_work\XPCO\XPCO\Corporate\Shared\Common.Integration\tst\VideoOS.Common.Integration.UnitTests\bin\x64\Debug\net472\VideoOS.Common.Integration.UnitTests.dll" adapterTypeName="executor://mstestadapter/v2" className="VideoOS.Common.Integration.UnitTests.WebAPI.Model.Server.MipAction2ModelTests" name="MipAction2Model_ValidModel_Success" />
    </UnitTest>
    <UnitTest name="ChangePortReturnsCorrectUri" storage="d:\actions-runner\_work\xpco\xpco\corporate\shared\common.integration\tst\videoos.common.integration.unittests\bin\x64\debug\net472\videoos.common.integration.unittests.dll" id="ef69f555-2dec-fce8-3b15-9a395701d89a">
      <Execution id="fd029ac1-d7a6-4435-baaa-6966b0b0fb24" />
      <TestMethod codeBase="D:\actions-runner\_work\XPCO\XPCO\Corporate\Shared\Common.Integration\tst\VideoOS.Common.Integration.UnitTests\bin\x64\Debug\net472\VideoOS.Common.Integration.UnitTests.dll" adapterTypeName="executor://mstestadapter/v2" className="VideoOS.Common.Integration.UnitTests.Extensions.UriExtensionsMethodsTests" name="ChangePortReturnsCorrectUri" />
    </UnitTest>
    <UnitTest name="ReadAttributeAsInt32_RangeCheck_Max" storage="d:\actions-runner\_work\xpco\xpco\corporate\shared\common.integration\tst\videoos.common.integration.unittests\bin\x64\debug\net472\videoos.common.integration.unittests.dll" id="7ddb4e1a-56f6-5d71-1cd6-2bd84651f132">
      <Execution id="9393615b-2186-4c50-82d3-d57d4f80ef81" />
      <TestMethod codeBase="D:\actions-runner\_work\XPCO\XPCO\Corporate\Shared\Common.Integration\tst\VideoOS.Common.Integration.UnitTests\bin\x64\Debug\net472\VideoOS.Common.Integration.UnitTests.dll" adapterTypeName="executor://mstestadapter/v2" className="VideoOS.Common.Integration.UnitTests.XmlDocumentExtensionsCoreUnitTests" name="ReadAttributeAsInt32_RangeCheck_Max" />
    </UnitTest>
    <UnitTest name="SendAsync_AccessTokenExceptionThrown_ExceptionLoggedAndRethrown" storage="d:\actions-runner\_work\xpco\xpco\corporate\shared\common.integration\tst\videoos.common.integration.unittests\bin\x64\debug\net472\videoos.common.integration.unittests.dll" id="c3b8ce29-39ba-dac7-c78f-20fe2f67c774">
      <Execution id="beab343d-8013-465e-bd5e-28e7aed42c4e" />
      <TestMethod codeBase="D:\actions-runner\_work\XPCO\XPCO\Corporate\Shared\Common.Integration\tst\VideoOS.Common.Integration.UnitTests\bin\x64\Debug\net472\VideoOS.Common.Integration.UnitTests.dll" adapterTypeName="executor://mstestadapter/v2" className="VideoOS.Common.Integration.WebApi.HttpClientCommunicatorUnitTests" name="SendAsync_AccessTokenExceptionThrown_ExceptionLoggedAndRethrown" />
    </UnitTest>
    <UnitTest name="GroupConfigurationNullParameter" storage="d:\actions-runner\_work\xpco\xpco\corporate\shared\common.integration\tst\videoos.common.integration.unittests\bin\x64\debug\net472\videoos.common.integration.unittests.dll" id="5cd18a85-60ce-b58b-657b-5de44ebcf37b">
      <TestCategory>
        <TestCategoryItem TestCategory="Rules.GroupConfiguration" />
      </TestCategory>
      <Execution id="fd33f2d1-5307-4b03-bf06-a85f1773b3a0" />
      <TestMethod codeBase="D:\actions-runner\_work\XPCO\XPCO\Corporate\Shared\Common.Integration\tst\VideoOS.Common.Integration.UnitTests\bin\x64\Debug\net472\VideoOS.Common.Integration.UnitTests.dll" adapterTypeName="executor://mstestadapter/v2" className="VideoOS.Common.Integration.UnitTests.Rules.GroupConfigurationTest" name="GroupConfigurationNullParameter" />
    </UnitTest>
    <UnitTest name="ServerFileStorage_PersistedCleanupService_Remove_RemovesEntryFromStorage" storage="d:\actions-runner\_work\xpco\xpco\corporate\shared\common.integration\tst\videoos.common.integration.unittests\bin\x64\debug\net472\videoos.common.integration.unittests.dll" id="65e60b04-78d2-0e70-5f91-7064613e7333">
      <Execution id="f2ff6904-6ae7-4209-b74c-52c8def7d7fa" />
      <TestMethod codeBase="D:\actions-runner\_work\XPCO\XPCO\Corporate\Shared\Common.Integration\tst\VideoOS.Common.Integration.UnitTests\bin\x64\Debug\net472\VideoOS.Common.Integration.UnitTests.dll" adapterTypeName="executor://mstestadapter/v2" className="VideoOS.Common.Integration.UnitTests.ServerFileStorageTests" name="ServerFileStorage_PersistedCleanupService_Remove_RemovesEntryFromStorage" />
    </UnitTest>
    <UnitTest name="ServerFileStorage_CreateStream_ContentPreserved" storage="d:\actions-runner\_work\xpco\xpco\corporate\shared\common.integration\tst\videoos.common.integration.unittests\bin\x64\debug\net472\videoos.common.integration.unittests.dll" id="fe07232f-8808-36f4-23c6-0ae11f9d06e8">
      <Execution id="0678a90d-aeca-42fb-a941-88db3d6f8334" />
      <TestMethod codeBase="D:\actions-runner\_work\XPCO\XPCO\Corporate\Shared\Common.Integration\tst\VideoOS.Common.Integration.UnitTests\bin\x64\Debug\net472\VideoOS.Common.Integration.UnitTests.dll" adapterTypeName="executor://mstestadapter/v2" className="VideoOS.Common.Integration.UnitTests.ServerFileStorageTests" name="ServerFileStorage_CreateStream_ContentPreserved" />
    </UnitTest>
    <UnitTest name="CreateResponseException_OtherResponseStatus_ResponseExceptionException" storage="d:\actions-runner\_work\xpco\xpco\corporate\shared\common.integration\tst\videoos.common.integration.unittests\bin\x64\debug\net472\videoos.common.integration.unittests.dll" id="38218c5f-ac75-6939-896c-2378cc353bab">
      <Execution id="edac87d1-96bd-481d-8737-8298748485a9" />
      <TestMethod codeBase="D:\actions-runner\_work\XPCO\XPCO\Corporate\Shared\Common.Integration\tst\VideoOS.Common.Integration.UnitTests\bin\x64\Debug\net472\VideoOS.Common.Integration.UnitTests.dll" adapterTypeName="executor://mstestadapter/v2" className="VideoOS.Common.Integration.UnitTests.WebAPI.Exceptions.WebApiExceptionHelperTests" name="CreateResponseException_OtherResponseStatus_ResponseExceptionException" />
    </UnitTest>
    <UnitTest name="LicenseActivationService_AcquireLicense_RequestFormatInvalid" storage="d:\actions-runner\_work\xpco\xpco\corporate\shared\common.integration\tst\videoos.common.integration.unittests\bin\x64\debug\net472\videoos.common.integration.unittests.dll" id="4661b4dd-f151-45f0-8c5b-9b4bd76bb272">
      <Execution id="b711ae28-75d7-470b-b383-7e7c3417bcc7" />
      <TestMethod codeBase="D:\actions-runner\_work\XPCO\XPCO\Corporate\Shared\Common.Integration\tst\VideoOS.Common.Integration.UnitTests\bin\x64\Debug\net472\VideoOS.Common.Integration.UnitTests.dll" adapterTypeName="executor://mstestadapter/v2" className="VideoOS.Common.Integration.UnitTests.License.LicenseActivationServiceTests" name="LicenseActivationService_AcquireLicense_RequestFormatInvalid" />
    </UnitTest>
    <UnitTest name="CreateHardwareLicenseCountEvaluatorChannel_ValidParameters_Success" storage="d:\actions-runner\_work\xpco\xpco\corporate\shared\common.integration\tst\videoos.common.integration.unittests\bin\x64\debug\net472\videoos.common.integration.unittests.dll" id="bb031d1f-faa6-a46c-4f43-97f06aeca0f3">
      <TestCategory>
        <TestCategoryItem TestCategory="Licensing" />
      </TestCategory>
      <Execution id="611049b8-7f07-406f-b272-970be8fceab8" />
      <TestMethod codeBase="D:\actions-runner\_work\XPCO\XPCO\Corporate\Shared\Common.Integration\tst\VideoOS.Common.Integration.UnitTests\bin\x64\Debug\net472\VideoOS.Common.Integration.UnitTests.dll" adapterTypeName="executor://mstestadapter/v2" className="VideoOS.Common.Integration.UnitTests.License.HardwareLicenseCountEvaluatorTests" name="CreateHardwareLicenseCountEvaluatorChannel_ValidParameters_Success" />
    </UnitTest>
    <UnitTest name="TaskModel_Constructor_ArgumentNull" storage="d:\actions-runner\_work\xpco\xpco\corporate\shared\common.integration\tst\videoos.common.integration.unittests\bin\x64\debug\net472\videoos.common.integration.unittests.dll" id="7ae6b4da-5116-29e3-b8a0-d156648f84d3">
      <Execution id="0b99ea0b-dac0-499b-ab4e-0792149b65af" />
      <TestMethod codeBase="D:\actions-runner\_work\XPCO\XPCO\Corporate\Shared\Common.Integration\tst\VideoOS.Common.Integration.UnitTests\bin\x64\Debug\net472\VideoOS.Common.Integration.UnitTests.dll" adapterTypeName="executor://mstestadapter/v2" className="VideoOS.Common.Integration.UnitTests.WebAPI.Model.TaskModelTest" name="TaskModel_Constructor_ArgumentNull" />
    </UnitTest>
    <UnitTest name="LicenseDocument_IsDeviceLicensed_HardwareNotFound_ReturnsFalse" storage="d:\actions-runner\_work\xpco\xpco\corporate\shared\common.integration\tst\videoos.common.integration.unittests\bin\x64\debug\net472\videoos.common.integration.unittests.dll" id="9c5bec64-4cd7-1eb8-640f-4e2bbbe7392f">
      <TestCategory>
        <TestCategoryItem TestCategory="LicenseDocumentTest" />
      </TestCategory>
      <Execution id="fae93174-e483-42dd-b8c2-b6ed276b0756" />
      <TestMethod codeBase="D:\actions-runner\_work\XPCO\XPCO\Corporate\Shared\Common.Integration\tst\VideoOS.Common.Integration.UnitTests\bin\x64\Debug\net472\VideoOS.Common.Integration.UnitTests.dll" adapterTypeName="executor://mstestadapter/v2" className="VideoOS.Common.Integration.UnitTests.License.LicenseDocumentTests" name="LicenseDocument_IsDeviceLicensed_HardwareNotFound_ReturnsFalse" />
    </UnitTest>
    <UnitTest name="ServerFileSystemResponseQueryDrivesModel_Validate_Success" storage="d:\actions-runner\_work\xpco\xpco\corporate\shared\common.integration\tst\videoos.common.integration.unittests\bin\x64\debug\net472\videoos.common.integration.unittests.dll" id="39506e72-a1ba-9b82-776d-6b9f159b2bd6">
      <Execution id="05de7d1e-8d7e-47da-9e0b-43c5dbe080d5" />
      <TestMethod codeBase="D:\actions-runner\_work\XPCO\XPCO\Corporate\Shared\Common.Integration\tst\VideoOS.Common.Integration.UnitTests\bin\x64\Debug\net472\VideoOS.Common.Integration.UnitTests.dll" adapterTypeName="executor://mstestadapter/v2" className="VideoOS.Common.Integration.UnitTests.WebApi.Model.ServerFileSystemResponseQueryDrivesModelTest" name="ServerFileSystemResponseQueryDrivesModel_Validate_Success" />
    </UnitTest>
    <UnitTest name="WhiteList_CreateInstanceWithInvalidWhitelistParameter_RaisesArgumentException" storage="d:\actions-runner\_work\xpco\xpco\corporate\shared\common.integration\tst\videoos.common.integration.unittests\bin\x64\debug\net472\videoos.common.integration.unittests.dll" id="d5df3c26-8e99-c124-f394-17dc3620d54c">
      <TestCategory>
        <TestCategoryItem TestCategory="Licensing" />
      </TestCategory>
      <Execution id="27d5accf-432a-4124-8647-d4f3ddc56ffa" />
      <TestMethod codeBase="D:\actions-runner\_work\XPCO\XPCO\Corporate\Shared\Common.Integration\tst\VideoOS.Common.Integration.UnitTests\bin\x64\Debug\net472\VideoOS.Common.Integration.UnitTests.dll" adapterTypeName="executor://mstestadapter/v2" className="VideoOS.Common.Integration.UnitTests.License.LicenseWhitelistTests" name="WhiteList_CreateInstanceWithInvalidWhitelistParameter_RaisesArgumentException" />
    </UnitTest>
    <UnitTest name="Update_XmlHasNoPassword_XmlIsUnchanged" storage="d:\actions-runner\_work\xpco\xpco\corporate\shared\common.integration\tst\videoos.common.integration.unittests\bin\x64\debug\net472\videoos.common.integration.unittests.dll" id="16f54115-1e93-c4e9-ee1d-7738cd482ed6">
      <Execution id="a41154de-c4fb-4992-bdc7-484ba7b36f72" />
      <TestMethod codeBase="D:\actions-runner\_work\XPCO\XPCO\Corporate\Shared\Common.Integration\tst\VideoOS.Common.Integration.UnitTests\bin\x64\Debug\net472\VideoOS.Common.Integration.UnitTests.dll" adapterTypeName="executor://mstestadapter/v2" className="VideoOS.Common.Integration.UnitTests.Configuration.ConfigurationDataSetEncryption.AddHardwareEncryptionTests" name="Update_XmlHasNoPassword_XmlIsUnchanged" />
    </UnitTest>
    <UnitTest name="FindFrameIdx_TimeAfterF3" storage="d:\actions-runner\_work\xpco\xpco\corporate\shared\common.integration\tst\videoos.common.integration.unittests\bin\x64\debug\net472\videoos.common.integration.unittests.dll" id="ba492782-2ba9-bc32-a0f5-14d8ba297611">
      <Execution id="6dc486c4-2a23-4af1-a3c2-f9a3e3db07eb" />
      <TestMethod codeBase="D:\actions-runner\_work\XPCO\XPCO\Corporate\Shared\Common.Integration\tst\VideoOS.Common.Integration.UnitTests\bin\x64\Debug\net472\VideoOS.Common.Integration.UnitTests.dll" adapterTypeName="executor://mstestadapter/v2" className="VideoOS.Common.Integration.UnitTests.GenericGopTest" name="FindFrameIdx_TimeAfterF3" />
    </UnitTest>
    <UnitTest name="Transform_XmlHasHardwareSetting_HardwareSettingIsTransformed" storage="d:\actions-runner\_work\xpco\xpco\corporate\shared\common.integration\tst\videoos.common.integration.unittests\bin\x64\debug\net472\videoos.common.integration.unittests.dll" id="913e1e71-017b-1ef9-c257-070388fbfd68">
      <Execution id="ed9f4588-2af4-4abe-847d-1f9ee3ed903b" />
      <TestMethod codeBase="D:\actions-runner\_work\XPCO\XPCO\Corporate\Shared\Common.Integration\tst\VideoOS.Common.Integration.UnitTests\bin\x64\Debug\net472\VideoOS.Common.Integration.UnitTests.dll" adapterTypeName="executor://mstestadapter/v2" className="VideoOS.Common.Integration.UnitTests.Configuration.ConfigurationDataSetEncryption.DiffgramEncryptionTests" name="Transform_XmlHasHardwareSetting_HardwareSettingIsTransformed" />
    </UnitTest>
    <UnitTest name="WhiteList_IsModelWhiteListed_HWWith17CH_GlobalMaxChannelCountIs16_ReturnsFalse" storage="d:\actions-runner\_work\xpco\xpco\corporate\shared\common.integration\tst\videoos.common.integration.unittests\bin\x64\debug\net472\videoos.common.integration.unittests.dll" id="21c221f2-16e4-27ff-9a59-45142306ec18">
      <TestCategory>
        <TestCategoryItem TestCategory="Licensing" />
      </TestCategory>
      <Execution id="0fc1f5a6-bc34-453a-a8da-7a2f7063dbfe" />
      <TestMethod codeBase="D:\actions-runner\_work\XPCO\XPCO\Corporate\Shared\Common.Integration\tst\VideoOS.Common.Integration.UnitTests\bin\x64\Debug\net472\VideoOS.Common.Integration.UnitTests.dll" adapterTypeName="executor://mstestadapter/v2" className="VideoOS.Common.Integration.UnitTests.License.LicenseWhitelistTests" name="WhiteList_IsModelWhiteListed_HWWith17CH_GlobalMaxChannelCountIs16_ReturnsFalse" />
    </UnitTest>
    <UnitTest name="ReadChildElementValueAsInt32_RangeCheck_Max" storage="d:\actions-runner\_work\xpco\xpco\corporate\shared\common.integration\tst\videoos.common.integration.unittests\bin\x64\debug\net472\videoos.common.integration.unittests.dll" id="9ff544bc-e0a5-7ddc-b56b-ae1a7f70abbf">
      <Execution id="81c044f3-d2ba-4500-bbfb-48179aa4aea2" />
      <TestMethod codeBase="D:\actions-runner\_work\XPCO\XPCO\Corporate\Shared\Common.Integration\tst\VideoOS.Common.Integration.UnitTests\bin\x64\Debug\net472\VideoOS.Common.Integration.UnitTests.dll" adapterTypeName="executor://mstestadapter/v2" className="VideoOS.Common.Integration.UnitTests.XmlDocumentExtensionsCoreUnitTests" name="ReadChildElementValueAsInt32_RangeCheck_Max" />
    </UnitTest>
    <UnitTest name="FormatAuthority__BeforeValueIsIpWithoutPort_FormattedUriIsWithoutPort" storage="d:\actions-runner\_work\xpco\xpco\corporate\shared\common.integration\tst\videoos.common.integration.unittests\bin\x64\debug\net472\videoos.common.integration.unittests.dll" id="6b6bb736-6c44-66bb-16ad-6d293023ee64">
      <Execution id="f82e7b15-8838-482e-85c4-e6c0e3389780" />
      <TestMethod codeBase="D:\actions-runner\_work\XPCO\XPCO\Corporate\Shared\Common.Integration\tst\VideoOS.Common.Integration.UnitTests\bin\x64\Debug\net472\VideoOS.Common.Integration.UnitTests.dll" adapterTypeName="executor://mstestadapter/v2" className="VideoOS.Common.Integration.UnitTests.IdpUriParserTests" name="FormatAuthority__BeforeValueIsIpWithoutPort_FormattedUriIsWithoutPort" />
    </UnitTest>
    <UnitTest name="Call_HttpPost_InvalidParam_NullUri_ThrowsArgumentNullException" storage="d:\actions-runner\_work\xpco\xpco\corporate\shared\common.integration\tst\videoos.common.integration.unittests\bin\x64\debug\net472\videoos.common.integration.unittests.dll" id="9ae40c7e-6bb5-87ac-61a0-1c9c1fb1fbe2">
      <Execution id="f32a2a6e-8366-4135-800d-23b094982b4f" />
      <TestMethod codeBase="D:\actions-runner\_work\XPCO\XPCO\Corporate\Shared\Common.Integration\tst\VideoOS.Common.Integration.UnitTests\bin\x64\Debug\net472\VideoOS.Common.Integration.UnitTests.dll" adapterTypeName="executor://mstestadapter/v2" className="VideoOS.Common.Integration.UnitTests.Communication.HttpPostTests" name="Call_HttpPost_InvalidParam_NullUri_ThrowsArgumentNullException" />
    </UnitTest>
    <UnitTest name="CalculateLicenseRequirementsForHardware_DisabledHardware_ReturnsNull" storage="d:\actions-runner\_work\xpco\xpco\corporate\shared\common.integration\tst\videoos.common.integration.unittests\bin\x64\debug\net472\videoos.common.integration.unittests.dll" id="3c55de21-edba-9293-3151-27368a829c8a">
      <Execution id="cf5979ab-494a-4d59-b903-7a4cfe3e48bf" />
      <TestMethod codeBase="D:\actions-runner\_work\XPCO\XPCO\Corporate\Shared\Common.Integration\tst\VideoOS.Common.Integration.UnitTests\bin\x64\Debug\net472\VideoOS.Common.Integration.UnitTests.dll" adapterTypeName="executor://mstestadapter/v2" className="VideoOS.Common.Integration.UnitTests.License.LicenseCalculatorTests" name="CalculateLicenseRequirementsForHardware_DisabledHardware_ReturnsNull" />
    </UnitTest>
    <UnitTest name="ToModelSystem_LogEntryNull_ArgumentNullException" storage="d:\actions-runner\_work\xpco\xpco\corporate\shared\common.integration\tst\videoos.common.integration.unittests\bin\x64\debug\net472\videoos.common.integration.unittests.dll" id="40b0bf9f-69d6-7f7e-3fea-42f3920f4584">
      <Execution id="3a1f30e9-ed01-42b7-9c3f-d010f6c5913c" />
      <TestMethod codeBase="D:\actions-runner\_work\XPCO\XPCO\Corporate\Shared\Common.Integration\tst\VideoOS.Common.Integration.UnitTests\bin\x64\Debug\net472\VideoOS.Common.Integration.UnitTests.dll" adapterTypeName="executor://mstestadapter/v2" className="VideoOS.Common.Integration.UnitTests.WebAPI.Model.Server.LogEntryModelConverterTest" name="ToModelSystem_LogEntryNull_ArgumentNullException" />
    </UnitTest>
    <UnitTest name="Construct_RequestContainer_InvalidLicenseRequestEmptyString_ThrowsArgumentNullException" storage="d:\actions-runner\_work\xpco\xpco\corporate\shared\common.integration\tst\videoos.common.integration.unittests\bin\x64\debug\net472\videoos.common.integration.unittests.dll" id="0ddc9244-620d-a1c4-b5dd-edd302168e8a">
      <Execution id="e8908ad6-ec7b-41bd-907a-bdc0bb1fce39" />
      <TestMethod codeBase="D:\actions-runner\_work\XPCO\XPCO\Corporate\Shared\Common.Integration\tst\VideoOS.Common.Integration.UnitTests\bin\x64\Debug\net472\VideoOS.Common.Integration.UnitTests.dll" adapterTypeName="executor://mstestadapter/v2" className="VideoOS.Common.Integration.UnitTests.License.LicenseContainerTests" name="Construct_RequestContainer_InvalidLicenseRequestEmptyString_ThrowsArgumentNullException" />
    </UnitTest>
    <UnitTest name="IsKnownId_Unknown" storage="d:\actions-runner\_work\xpco\xpco\corporate\shared\common.integration\tst\videoos.common.integration.unittests\bin\x64\debug\net472\videoos.common.integration.unittests.dll" id="9bb45a18-168c-a72d-4ec7-5054ff25a897">
      <Execution id="40d0e4ea-3d93-4852-aa98-30eeaccf395d" />
      <TestMethod codeBase="D:\actions-runner\_work\XPCO\XPCO\Corporate\Shared\Common.Integration\tst\VideoOS.Common.Integration.UnitTests\bin\x64\Debug\net472\VideoOS.Common.Integration.UnitTests.dll" adapterTypeName="executor://mstestadapter/v2" className="VideoOS.Common.Integration.UnitTests.Definition.Event.BuiltInEventTypesTest" name="IsKnownId_Unknown" />
    </UnitTest>
    <UnitTest name="SecurityTokenCollectionDto2_Deserialization_Success" storage="d:\actions-runner\_work\xpco\xpco\corporate\shared\common.integration\tst\videoos.common.integration.unittests\bin\x64\debug\net472\videoos.common.integration.unittests.dll" id="612f9052-0fb6-a3bc-7e23-545028a67b48">
      <Execution id="af707cd8-67fc-49dc-a099-fb8ab4e20361" />
      <TestMethod codeBase="D:\actions-runner\_work\XPCO\XPCO\Corporate\Shared\Common.Integration\tst\VideoOS.Common.Integration.UnitTests\bin\x64\Debug\net472\VideoOS.Common.Integration.UnitTests.dll" adapterTypeName="executor://mstestadapter/v2" className="VideoOS.Common.Integration.UnitTests.Communication.DataTransferObjects.SecurityTokenCollectionDto2Test" name="SecurityTokenCollectionDto2_Deserialization_Success" />
    </UnitTest>
    <UnitTest name="ModelValidation_RequiredPropertiesAreNull_Failed" storage="d:\actions-runner\_work\xpco\xpco\corporate\shared\common.integration\tst\videoos.common.integration.unittests\bin\x64\debug\net472\videoos.common.integration.unittests.dll" id="71d363a8-b591-237a-04f2-2417bdf502d6">
      <Execution id="ee5a0898-b2f5-43b4-9b9f-76e28aec9313" />
      <TestMethod codeBase="D:\actions-runner\_work\XPCO\XPCO\Corporate\Shared\Common.Integration\tst\VideoOS.Common.Integration.UnitTests\bin\x64\Debug\net472\VideoOS.Common.Integration.UnitTests.dll" adapterTypeName="executor://mstestadapter/v2" className="VideoOS.Common.Integration.UnitTests.WebAPI.Model.PtzReleaseSessionModelTest" name="ModelValidation_RequiredPropertiesAreNull_Failed" />
    </UnitTest>
    <UnitTest name="CreateInstance_SaveSettings_AllowInsecureIsNull_Success" storage="d:\actions-runner\_work\xpco\xpco\corporate\shared\common.integration\tst\videoos.common.integration.unittests\bin\x64\debug\net472\videoos.common.integration.unittests.dll" id="c5839a5d-09aa-89ce-3732-228cebdbe374">
      <Execution id="3883012d-7bcd-406f-8dbf-5ccee8e48759" />
      <TestMethod codeBase="D:\actions-runner\_work\XPCO\XPCO\Corporate\Shared\Common.Integration\tst\VideoOS.Common.Integration.UnitTests\bin\x64\Debug\net472\VideoOS.Common.Integration.UnitTests.dll" adapterTypeName="executor://mstestadapter/v2" className="VideoOS.Common.Integration.UnitTests.ServerValidation.LocalUserOptionsTests" name="CreateInstance_SaveSettings_AllowInsecureIsNull_Success" />
    </UnitTest>
    <UnitTest name="CreateHttpUri_EmptyString_PortSpecified_ThrowsInvalidOperationException" storage="d:\actions-runner\_work\xpco\xpco\corporate\shared\common.integration\tst\videoos.common.integration.unittests\bin\x64\debug\net472\videoos.common.integration.unittests.dll" id="8ea11245-4b23-1ae1-1f5a-096bf899de32">
      <TestCategory>
        <TestCategoryItem TestCategory="UriHandling" />
      </TestCategory>
      <Execution id="e3c3e7d9-a9a7-422f-805e-1e5f304eda02" />
      <TestMethod codeBase="D:\actions-runner\_work\XPCO\XPCO\Corporate\Shared\Common.Integration\tst\VideoOS.Common.Integration.UnitTests\bin\x64\Debug\net472\VideoOS.Common.Integration.UnitTests.dll" adapterTypeName="executor://mstestadapter/v2" className="VideoOS.Common.Integration.UnitTests.Communication.UriHandlingUnitTests" name="CreateHttpUri_EmptyString_PortSpecified_ThrowsInvalidOperationException" />
    </UnitTest>
    <UnitTest name="CalculateLicenseRequirements_ThreeEnabledCameras_ThreeDisabledCameras_WhitelistedDriver_RequiresOneLicenses" storage="d:\actions-runner\_work\xpco\xpco\corporate\shared\common.integration\tst\videoos.common.integration.unittests\bin\x64\debug\net472\videoos.common.integration.unittests.dll" id="ff51d95b-5e9a-bdf7-c6c0-7a6c26e960bc">
      <Execution id="446c57ad-738a-4264-8b50-e20cd03da980" />
      <TestMethod codeBase="D:\actions-runner\_work\XPCO\XPCO\Corporate\Shared\Common.Integration\tst\VideoOS.Common.Integration.UnitTests\bin\x64\Debug\net472\VideoOS.Common.Integration.UnitTests.dll" adapterTypeName="executor://mstestadapter/v2" className="VideoOS.Common.Integration.UnitTests.License.LicenseCalculatorTests" name="CalculateLicenseRequirements_ThreeEnabledCameras_ThreeDisabledCameras_WhitelistedDriver_RequiresOneLicenses" />
    </UnitTest>
    <UnitTest name="CreateHttpsUri_HttpDefaultPort_UsePort0_BecomesHttpsPort0" storage="d:\actions-runner\_work\xpco\xpco\corporate\shared\common.integration\tst\videoos.common.integration.unittests\bin\x64\debug\net472\videoos.common.integration.unittests.dll" id="4454e944-ee3f-9fb1-f480-006508c1cc2b">
      <TestCategory>
        <TestCategoryItem TestCategory="UriHandling" />
      </TestCategory>
      <Execution id="33360fe9-6571-4252-943a-2f15b39cb893" />
      <TestMethod codeBase="D:\actions-runner\_work\XPCO\XPCO\Corporate\Shared\Common.Integration\tst\VideoOS.Common.Integration.UnitTests\bin\x64\Debug\net472\VideoOS.Common.Integration.UnitTests.dll" adapterTypeName="executor://mstestadapter/v2" className="VideoOS.Common.Integration.UnitTests.Communication.UriHandlingUnitTests" name="CreateHttpsUri_HttpDefaultPort_UsePort0_BecomesHttpsPort0" />
    </UnitTest>
    <UnitTest name="Success" storage="d:\actions-runner\_work\xpco\xpco\corporate\shared\common.integration\tst\videoos.common.integration.unittests\bin\x64\debug\net472\videoos.common.integration.unittests.dll" id="715cbcbf-2422-fb6c-97f7-6f79b7d973dd">
      <Execution id="a7dba13d-2ea1-4750-82e9-ccfdd9946e3a" />
      <TestMethod codeBase="D:\actions-runner\_work\XPCO\XPCO\Corporate\Shared\Common.Integration\tst\VideoOS.Common.Integration.UnitTests\bin\x64\Debug\net472\VideoOS.Common.Integration.UnitTests.dll" adapterTypeName="executor://mstestadapter/v2" className="VideoOS.Common.Integration.UnitTests.HardwareSetupSettingsUnittest" name="Success" />
    </UnitTest>
    <UnitTest name="FeatureManager_GetFeatureParameterValueT_Guid_Valid_Value" storage="d:\actions-runner\_work\xpco\xpco\corporate\shared\common.integration\tst\videoos.common.integration.unittests\bin\x64\debug\net472\videoos.common.integration.unittests.dll" id="570cf49d-26a6-95e2-438c-089ddd4d2611">
      <Execution id="d306d9d6-2884-4f94-b484-fa85729e8eb9" />
      <TestMethod codeBase="D:\actions-runner\_work\XPCO\XPCO\Corporate\Shared\Common.Integration\tst\VideoOS.Common.Integration.UnitTests\bin\x64\Debug\net472\VideoOS.Common.Integration.UnitTests.dll" adapterTypeName="executor://mstestadapter/v2" className="VideoOS.Common.Integration.UnitTests.License.FeatureManagerTest" name="FeatureManager_GetFeatureParameterValueT_Guid_Valid_Value" />
    </UnitTest>
    <UnitTest name="FeatureInformation_QueryAllLicensedFeatures_ReturnsOne_OnLicenseDocumentOneFeature" storage="d:\actions-runner\_work\xpco\xpco\corporate\shared\common.integration\tst\videoos.common.integration.unittests\bin\x64\debug\net472\videoos.common.integration.unittests.dll" id="f52f05a9-d27f-e1ad-082e-1c39eacc6c00">
      <Execution id="8b173ebf-29a4-4e76-aaf1-6164c5358833" />
      <TestMethod codeBase="D:\actions-runner\_work\XPCO\XPCO\Corporate\Shared\Common.Integration\tst\VideoOS.Common.Integration.UnitTests\bin\x64\Debug\net472\VideoOS.Common.Integration.UnitTests.dll" adapterTypeName="executor://mstestadapter/v2" className="VideoOS.Common.Integration.UnitTests.License.FeatureInformationTests" name="FeatureInformation_QueryAllLicensedFeatures_ReturnsOne_OnLicenseDocumentOneFeature" />
    </UnitTest>
    <UnitTest name="ConstructorFromPtzArgs_MakesADeepCopy_Always" storage="d:\actions-runner\_work\xpco\xpco\corporate\shared\common.integration\tst\videoos.common.integration.unittests\bin\x64\debug\net472\videoos.common.integration.unittests.dll" id="d4b3302b-02c0-4efc-6701-22737dcd2b3e">
      <TestCategory>
        <TestCategoryItem TestCategory="Ptz" />
      </TestCategory>
      <Execution id="f138f62b-0905-4345-a466-d4fa3bee9f14" />
      <TestMethod codeBase="D:\actions-runner\_work\XPCO\XPCO\Corporate\Shared\Common.Integration\tst\VideoOS.Common.Integration.UnitTests\bin\x64\Debug\net472\VideoOS.Common.Integration.UnitTests.dll" adapterTypeName="executor://mstestadapter/v2" className="VideoOS.Common.Integration.UnitTests.Drivers.PtzArgsTests" name="ConstructorFromPtzArgs_MakesADeepCopy_Always" />
    </UnitTest>
    <UnitTest name="HardwareInfo_SetsMacAddressToUppercase" storage="d:\actions-runner\_work\xpco\xpco\corporate\shared\common.integration\tst\videoos.common.integration.unittests\bin\x64\debug\net472\videoos.common.integration.unittests.dll" id="45821aef-b05c-2d6c-576e-e2bf4be4b2aa">
      <Execution id="e3008518-1645-43ce-bc48-c4c77df2ae90" />
      <TestMethod codeBase="D:\actions-runner\_work\XPCO\XPCO\Corporate\Shared\Common.Integration\tst\VideoOS.Common.Integration.UnitTests\bin\x64\Debug\net472\VideoOS.Common.Integration.UnitTests.dll" adapterTypeName="executor://mstestadapter/v2" className="VideoOS.Common.Integration.UnitTests.License.HardwareInfoTests" name="HardwareInfo_SetsMacAddressToUppercase" />
    </UnitTest>
    <UnitTest name="CheckAllMIPFiltersKindsTestNotOk4" storage="d:\actions-runner\_work\xpco\xpco\corporate\shared\common.integration\tst\videoos.common.integration.unittests\bin\x64\debug\net472\videoos.common.integration.unittests.dll" id="8121adea-c5aa-39d9-99b0-86f22eb76157">
      <TestCategory>
        <TestCategoryItem TestCategory="Rules.MIPFilter" />
      </TestCategory>
      <Execution id="6a3fd57c-8c64-4484-9552-ccd10fee4d28" />
      <TestMethod codeBase="D:\actions-runner\_work\XPCO\XPCO\Corporate\Shared\Common.Integration\tst\VideoOS.Common.Integration.UnitTests\bin\x64\Debug\net472\VideoOS.Common.Integration.UnitTests.dll" adapterTypeName="executor://mstestadapter/v2" className="VideoOS.Common.Integration.UnitTests.Rules.MIPFilterTest" name="CheckAllMIPFiltersKindsTestNotOk4" />
    </UnitTest>
    <UnitTest name="PtzPreset_EqualsTo_Change_IsDefaultPreset" storage="d:\actions-runner\_work\xpco\xpco\corporate\shared\common.integration\tst\videoos.common.integration.unittests\bin\x64\debug\net472\videoos.common.integration.unittests.dll" id="761b865b-f7b1-264a-831c-c115739b4cb8">
      <Execution id="fea7fe3e-3af5-45d5-8777-7f339638c9ce" />
      <TestMethod codeBase="D:\actions-runner\_work\XPCO\XPCO\Corporate\Shared\Common.Integration\tst\VideoOS.Common.Integration.UnitTests\bin\x64\Debug\net472\VideoOS.Common.Integration.UnitTests.dll" adapterTypeName="executor://mstestadapter/v2" className="VideoOS.Common.Integration.UnitTests.PtzPresetUnitTests" name="PtzPreset_EqualsTo_Change_IsDefaultPreset" />
    </UnitTest>
    <UnitTest name="ServiceConnectionStatus_CheckTimeout_NotOffline" storage="d:\actions-runner\_work\xpco\xpco\corporate\shared\common.integration\tst\videoos.common.integration.unittests\bin\x64\debug\net472\videoos.common.integration.unittests.dll" id="fb528f51-6138-c899-b8ba-284fcc9a5fb5">
      <Execution id="c52e6b83-93f0-48f1-b648-cb14e3b7e82b" />
      <TestMethod codeBase="D:\actions-runner\_work\XPCO\XPCO\Corporate\Shared\Common.Integration\tst\VideoOS.Common.Integration.UnitTests\bin\x64\Debug\net472\VideoOS.Common.Integration.UnitTests.dll" adapterTypeName="executor://mstestadapter/v2" className="VideoOS.Common.Integration.UnitTests.ServiceConnectionStatusTests" name="ServiceConnectionStatus_CheckTimeout_NotOffline" />
    </UnitTest>
    <UnitTest name="LicenseCalculationResult_Validate_Null_DriverName_ConvertsToStringEmpty" storage="d:\actions-runner\_work\xpco\xpco\corporate\shared\common.integration\tst\videoos.common.integration.unittests\bin\x64\debug\net472\videoos.common.integration.unittests.dll" id="1215c071-33ea-bfa2-5ac8-c5403db99ae8">
      <Execution id="0afd4cb0-4186-427d-8f13-15dc43c0f147" />
      <TestMethod codeBase="D:\actions-runner\_work\XPCO\XPCO\Corporate\Shared\Common.Integration\tst\VideoOS.Common.Integration.UnitTests\bin\x64\Debug\net472\VideoOS.Common.Integration.UnitTests.dll" adapterTypeName="executor://mstestadapter/v2" className="VideoOS.Common.Integration.UnitTests.License.LicenseCalculatorTests" name="LicenseCalculationResult_Validate_Null_DriverName_ConvertsToStringEmpty" />
    </UnitTest>
    <UnitTest name="ServerFileSystemResponseQueryDrivesModel_NoValuesSet_ValidationFailure" storage="d:\actions-runner\_work\xpco\xpco\corporate\shared\common.integration\tst\videoos.common.integration.unittests\bin\x64\debug\net472\videoos.common.integration.unittests.dll" id="f51863d4-4c6c-be5d-7493-51a81dd479eb">
      <Execution id="7aa46785-39cb-49b0-b6c9-d5684ff83e68" />
      <TestMethod codeBase="D:\actions-runner\_work\XPCO\XPCO\Corporate\Shared\Common.Integration\tst\VideoOS.Common.Integration.UnitTests\bin\x64\Debug\net472\VideoOS.Common.Integration.UnitTests.dll" adapterTypeName="executor://mstestadapter/v2" className="VideoOS.Common.Integration.UnitTests.WebApi.Model.ServerFileSystemResponseQueryDrivesModelTest" name="ServerFileSystemResponseQueryDrivesModel_NoValuesSet_ValidationFailure" />
    </UnitTest>
    <UnitTest name="Transform" storage="d:\actions-runner\_work\xpco\xpco\corporate\shared\common.integration\tst\videoos.common.integration.unittests\bin\x64\debug\net472\videoos.common.integration.unittests.dll" id="99beb515-9b50-ddb8-28f4-fe7b9cfb3d55">
      <Execution id="35f04774-3dda-48a9-b3de-3de4218b6475" />
      <TestMethod codeBase="D:\actions-runner\_work\XPCO\XPCO\Corporate\Shared\Common.Integration\tst\VideoOS.Common.Integration.UnitTests\bin\x64\Debug\net472\VideoOS.Common.Integration.UnitTests.dll" adapterTypeName="executor://mstestadapter/v2" className="VideoOS.Common.Integration.UnitTests.Configuration.SettingsXmlTransformerTests" name="Transform" />
    </UnitTest>
    <UnitTest name="CurrentConfigurationVersionsModel_ValidModel_Success" storage="d:\actions-runner\_work\xpco\xpco\corporate\shared\common.integration\tst\videoos.common.integration.unittests\bin\x64\debug\net472\videoos.common.integration.unittests.dll" id="bdaa1efe-9e06-f064-9801-95e2a76e5986">
      <Execution id="a277c505-f1ef-423f-bce4-3da2f1f70767" />
      <TestMethod codeBase="D:\actions-runner\_work\XPCO\XPCO\Corporate\Shared\Common.Integration\tst\VideoOS.Common.Integration.UnitTests\bin\x64\Debug\net472\VideoOS.Common.Integration.UnitTests.dll" adapterTypeName="executor://mstestadapter/v2" className="VideoOS.Common.Integration.UnitTests.WebAPI.Model.Server.CurrentConfigurationVersionsModelTest" name="CurrentConfigurationVersionsModel_ValidModel_Success" />
    </UnitTest>
    <UnitTest name="FeatureInformation_Constructor_ExpiresIsFalse_OnDateTimeMaxValue" storage="d:\actions-runner\_work\xpco\xpco\corporate\shared\common.integration\tst\videoos.common.integration.unittests\bin\x64\debug\net472\videoos.common.integration.unittests.dll" id="876ce97f-2560-40db-2a09-5b08ae002395">
      <Execution id="0e6ecff1-9688-419a-9bbe-2c54bfe74b8f" />
      <TestMethod codeBase="D:\actions-runner\_work\XPCO\XPCO\Corporate\Shared\Common.Integration\tst\VideoOS.Common.Integration.UnitTests\bin\x64\Debug\net472\VideoOS.Common.Integration.UnitTests.dll" adapterTypeName="executor://mstestadapter/v2" className="VideoOS.Common.Integration.UnitTests.License.FeatureInformationTests" name="FeatureInformation_Constructor_ExpiresIsFalse_OnDateTimeMaxValue" />
    </UnitTest>
    <UnitTest name="GetReplacementLimit_ReturnsProperValues_OnReplacementLimitInLicense" storage="d:\actions-runner\_work\xpco\xpco\corporate\shared\common.integration\tst\videoos.common.integration.unittests\bin\x64\debug\net472\videoos.common.integration.unittests.dll" id="696e11a1-5e0c-2d42-2d8d-8b4a1a32ac32">
      <TestCategory>
        <TestCategoryItem TestCategory="LicenseDocumentTest" />
      </TestCategory>
      <Execution id="b3db1224-8f34-43bd-a9eb-6a3198d27e4c" />
      <TestMethod codeBase="D:\actions-runner\_work\XPCO\XPCO\Corporate\Shared\Common.Integration\tst\VideoOS.Common.Integration.UnitTests\bin\x64\Debug\net472\VideoOS.Common.Integration.UnitTests.dll" adapterTypeName="executor://mstestadapter/v2" className="VideoOS.Common.Integration.UnitTests.License.LicenseDocumentTests" name="GetReplacementLimit_ReturnsProperValues_OnReplacementLimitInLicense" />
    </UnitTest>
    <UnitTest name="QueuedCommandExecutor_Process_TwoCommands_NotSimultanous" storage="d:\actions-runner\_work\xpco\xpco\corporate\shared\common.integration\tst\videoos.common.integration.unittests\bin\x64\debug\net472\videoos.common.integration.unittests.dll" id="2cf84663-94ed-0a1a-2fca-674a2f68124c">
      <Execution id="8445c8e7-c2dd-4d03-8131-46de6ca00c5f" />
      <TestMethod codeBase="D:\actions-runner\_work\XPCO\XPCO\Corporate\Shared\Common.Integration\tst\VideoOS.Common.Integration.UnitTests\bin\x64\Debug\net472\VideoOS.Common.Integration.UnitTests.dll" adapterTypeName="executor://mstestadapter/v2" className="VideoOS.Common.Integration.UnitTests.Command.CommandProcessor.QueuedCommandExecutorUnitTests" name="QueuedCommandExecutor_Process_TwoCommands_NotSimultanous" />
    </UnitTest>
    <UnitTest name="ConvertStringToPort_Port65535_Returns65535" storage="d:\actions-runner\_work\xpco\xpco\corporate\shared\common.integration\tst\videoos.common.integration.unittests\bin\x64\debug\net472\videoos.common.integration.unittests.dll" id="7b75fd0b-13cd-07c8-f99d-280f138e0f65">
      <TestCategory>
        <TestCategoryItem TestCategory="UriHandling" />
      </TestCategory>
      <Execution id="d1266509-f2c7-43f5-86ea-48e3116d9f3b" />
      <TestMethod codeBase="D:\actions-runner\_work\XPCO\XPCO\Corporate\Shared\Common.Integration\tst\VideoOS.Common.Integration.UnitTests\bin\x64\Debug\net472\VideoOS.Common.Integration.UnitTests.dll" adapterTypeName="executor://mstestadapter/v2" className="VideoOS.Common.Integration.UnitTests.Communication.UriHandlingUnitTests" name="ConvertStringToPort_Port65535_Returns65535" />
    </UnitTest>
    <UnitTest name="ServiceConnectionStatus_CommunicationConfirmed_RaiseOnlineEvent" storage="d:\actions-runner\_work\xpco\xpco\corporate\shared\common.integration\tst\videoos.common.integration.unittests\bin\x64\debug\net472\videoos.common.integration.unittests.dll" id="53cdb87e-3222-ba39-8bb0-35edcea4554f">
      <Execution id="5c56ef98-b695-48ed-8f9f-427a24c1b9a7" />
      <TestMethod codeBase="D:\actions-runner\_work\XPCO\XPCO\Corporate\Shared\Common.Integration\tst\VideoOS.Common.Integration.UnitTests\bin\x64\Debug\net472\VideoOS.Common.Integration.UnitTests.dll" adapterTypeName="executor://mstestadapter/v2" className="VideoOS.Common.Integration.UnitTests.ServiceConnectionStatusTests" name="ServiceConnectionStatus_CommunicationConfirmed_RaiseOnlineEvent" />
    </UnitTest>
    <UnitTest name="ReadChildElementValueAsUInt32_RangeCheck_Min_Exact" storage="d:\actions-runner\_work\xpco\xpco\corporate\shared\common.integration\tst\videoos.common.integration.unittests\bin\x64\debug\net472\videoos.common.integration.unittests.dll" id="31956e43-3bda-de42-ef9d-627e0d46cdb6">
      <Execution id="5169f8f5-81b4-4a8d-aaa4-358d2f5e23f7" />
      <TestMethod codeBase="D:\actions-runner\_work\XPCO\XPCO\Corporate\Shared\Common.Integration\tst\VideoOS.Common.Integration.UnitTests\bin\x64\Debug\net472\VideoOS.Common.Integration.UnitTests.dll" adapterTypeName="executor://mstestadapter/v2" className="VideoOS.Common.Integration.UnitTests.XmlDocumentExtensionsCoreUnitTests" name="ReadChildElementValueAsUInt32_RangeCheck_Min_Exact" />
    </UnitTest>
    <UnitTest name="FeatureManager_GetFeatureParameterValue_License_Argument_Null" storage="d:\actions-runner\_work\xpco\xpco\corporate\shared\common.integration\tst\videoos.common.integration.unittests\bin\x64\debug\net472\videoos.common.integration.unittests.dll" id="9df0e07a-e910-2de1-3332-2bfc3045324c">
      <Execution id="2f715c48-6aaa-4c80-8b2a-7eaf45d41041" />
      <TestMethod codeBase="D:\actions-runner\_work\XPCO\XPCO\Corporate\Shared\Common.Integration\tst\VideoOS.Common.Integration.UnitTests\bin\x64\Debug\net472\VideoOS.Common.Integration.UnitTests.dll" adapterTypeName="executor://mstestadapter/v2" className="VideoOS.Common.Integration.UnitTests.License.FeatureManagerTest" name="FeatureManager_GetFeatureParameterValue_License_Argument_Null" />
    </UnitTest>
    <UnitTest name="CreateHttpsUri_EmptyString_PortSpecified_ThrowsInvalidOperationException" storage="d:\actions-runner\_work\xpco\xpco\corporate\shared\common.integration\tst\videoos.common.integration.unittests\bin\x64\debug\net472\videoos.common.integration.unittests.dll" id="0bfcb691-8cb2-7cf6-89b7-031596f613b8">
      <TestCategory>
        <TestCategoryItem TestCategory="UriHandling" />
      </TestCategory>
      <Execution id="60699a2e-05ce-4ace-b761-cd23b58f80dd" />
      <TestMethod codeBase="D:\actions-runner\_work\XPCO\XPCO\Corporate\Shared\Common.Integration\tst\VideoOS.Common.Integration.UnitTests\bin\x64\Debug\net472\VideoOS.Common.Integration.UnitTests.dll" adapterTypeName="executor://mstestadapter/v2" className="VideoOS.Common.Integration.UnitTests.Communication.UriHandlingUnitTests" name="CreateHttpsUri_EmptyString_PortSpecified_ThrowsInvalidOperationException" />
    </UnitTest>
    <UnitTest name="ServerFileStorage_Dispose_DeletesFiles" storage="d:\actions-runner\_work\xpco\xpco\corporate\shared\common.integration\tst\videoos.common.integration.unittests\bin\x64\debug\net472\videoos.common.integration.unittests.dll" id="1cf00f33-c11c-7477-a02f-6bb160a6bea4">
      <Execution id="b48200c6-76e7-47bf-b83c-40128aabc8c2" />
      <TestMethod codeBase="D:\actions-runner\_work\XPCO\XPCO\Corporate\Shared\Common.Integration\tst\VideoOS.Common.Integration.UnitTests\bin\x64\Debug\net472\VideoOS.Common.Integration.UnitTests.dll" adapterTypeName="executor://mstestadapter/v2" className="VideoOS.Common.Integration.UnitTests.ServerFileStorageTests" name="ServerFileStorage_Dispose_DeletesFiles" />
    </UnitTest>
    <UnitTest name="ReadChildElementValueAsUInt32_NameNull" storage="d:\actions-runner\_work\xpco\xpco\corporate\shared\common.integration\tst\videoos.common.integration.unittests\bin\x64\debug\net472\videoos.common.integration.unittests.dll" id="51779749-eb06-67d7-ac51-34b3fe85d9f2">
      <Execution id="00003c1c-16b6-4544-857a-f92f9313f625" />
      <TestMethod codeBase="D:\actions-runner\_work\XPCO\XPCO\Corporate\Shared\Common.Integration\tst\VideoOS.Common.Integration.UnitTests\bin\x64\Debug\net472\VideoOS.Common.Integration.UnitTests.dll" adapterTypeName="executor://mstestadapter/v2" className="VideoOS.Common.Integration.UnitTests.XmlDocumentExtensionsCoreUnitTests" name="ReadChildElementValueAsUInt32_NameNull" />
    </UnitTest>
    <UnitTest name="RecurringSchedule_GetNextScheduleTime_Monthly_Every_3_Months_Every_First_Monday_At_4_00" storage="d:\actions-runner\_work\xpco\xpco\corporate\shared\common.integration\tst\videoos.common.integration.unittests\bin\x64\debug\net472\videoos.common.integration.unittests.dll" id="35a507f6-229c-dd88-e173-ea4440f8acb9">
      <Execution id="27abf2d5-e983-478d-b90c-fe21d338d753" />
      <TestMethod codeBase="D:\actions-runner\_work\XPCO\XPCO\Corporate\Shared\Common.Integration\tst\VideoOS.Common.Integration.UnitTests\bin\x64\Debug\net472\VideoOS.Common.Integration.UnitTests.dll" adapterTypeName="executor://mstestadapter/v2" className="VideoOS.Common.Integration.UnitTests.Scheduling.RecurringScheduleTest" name="RecurringSchedule_GetNextScheduleTime_Monthly_Every_3_Months_Every_First_Monday_At_4_00" />
    </UnitTest>
    <UnitTest name="GetPresetByKey_ByNumberNoMatch" storage="d:\actions-runner\_work\xpco\xpco\corporate\shared\common.integration\tst\videoos.common.integration.unittests\bin\x64\debug\net472\videoos.common.integration.unittests.dll" id="0499f8db-8814-0463-5a65-b7916eed98ff">
      <Execution id="9806404a-6be9-4c70-895e-b6cadf3c24ad" />
      <TestMethod codeBase="D:\actions-runner\_work\XPCO\XPCO\Corporate\Shared\Common.Integration\tst\VideoOS.Common.Integration.UnitTests\bin\x64\Debug\net472\VideoOS.Common.Integration.UnitTests.dll" adapterTypeName="executor://mstestadapter/v2" className="VideoOS.Common.Integration.UnitTests.PtzPresetCollectionUnitTests" name="GetPresetByKey_ByNumberNoMatch" />
    </UnitTest>
    <UnitTest name="ServerFileStorage_Constructor_NullCheck" storage="d:\actions-runner\_work\xpco\xpco\corporate\shared\common.integration\tst\videoos.common.integration.unittests\bin\x64\debug\net472\videoos.common.integration.unittests.dll" id="f562f6a3-5c04-d203-e97a-7083a36f0f9d">
      <Execution id="883da230-0a45-4bcc-b96f-a43c987187c3" />
      <TestMethod codeBase="D:\actions-runner\_work\XPCO\XPCO\Corporate\Shared\Common.Integration\tst\VideoOS.Common.Integration.UnitTests\bin\x64\Debug\net472\VideoOS.Common.Integration.UnitTests.dll" adapterTypeName="executor://mstestadapter/v2" className="VideoOS.Common.Integration.UnitTests.ServerFileStorageTests" name="ServerFileStorage_Constructor_NullCheck" />
    </UnitTest>
    <UnitTest name="Index_AddEntry_Null_ThrowArgumentNullException" storage="d:\actions-runner\_work\xpco\xpco\corporate\shared\common.integration\tst\videoos.common.integration.unittests\bin\x64\debug\net472\videoos.common.integration.unittests.dll" id="9c8cbadd-bbed-fa42-4b60-809c665cd1a4">
      <Execution id="f9963beb-f1ba-4bfd-9a6d-de560cf2d006" />
      <TestMethod codeBase="D:\actions-runner\_work\XPCO\XPCO\Corporate\Shared\Common.Integration\tst\VideoOS.Common.Integration.UnitTests\bin\x64\Debug\net472\VideoOS.Common.Integration.UnitTests.dll" adapterTypeName="executor://mstestadapter/v2" className="VideoOS.Common.Integration.UnitTests.IndexedCollectionUnitTests" name="Index_AddEntry_Null_ThrowArgumentNullException" />
    </UnitTest>
    <UnitTest name="StreamsConfiguration_ValidateConfiguration_Two_Default_LiveStream_ExactlyOneDefaultLiveStreamError" storage="d:\actions-runner\_work\xpco\xpco\corporate\shared\common.integration\tst\videoos.common.integration.unittests\bin\x64\debug\net472\videoos.common.integration.unittests.dll" id="efeff71f-bf3b-2d24-4028-655336e31331">
      <Execution id="779e9fd4-3924-4cb0-a343-e771a33b3701" />
      <TestMethod codeBase="D:\actions-runner\_work\XPCO\XPCO\Corporate\Shared\Common.Integration\tst\VideoOS.Common.Integration.UnitTests\bin\x64\Debug\net472\VideoOS.Common.Integration.UnitTests.dll" adapterTypeName="executor://mstestadapter/v2" className="VideoOS.Common.Integration.UnitTests.StreamsConfigurationUnitTests" name="StreamsConfiguration_ValidateConfiguration_Two_Default_LiveStream_ExactlyOneDefaultLiveStreamError" />
    </UnitTest>
    <UnitTest name="Failure" storage="d:\actions-runner\_work\xpco\xpco\corporate\shared\common.integration\tst\videoos.common.integration.unittests\bin\x64\debug\net472\videoos.common.integration.unittests.dll" id="ef295aad-d648-2382-a38b-fad29187f889">
      <Execution id="9f73121e-59ae-40e9-9df9-92b2646e28ed" />
      <TestMethod codeBase="D:\actions-runner\_work\XPCO\XPCO\Corporate\Shared\Common.Integration\tst\VideoOS.Common.Integration.UnitTests\bin\x64\Debug\net472\VideoOS.Common.Integration.UnitTests.dll" adapterTypeName="executor://mstestadapter/v2" className="VideoOS.Common.Integration.UnitTests.HardwareSetupSettingsUnittest" name="Failure" />
    </UnitTest>
    <UnitTest name="CreateHardwareLicenseCountEvaluatorChannel_CallUpdateLicenseInfo_NotInDriverWhiteList_ReturnsFalseAndChannelLicenseCountIsOne" storage="d:\actions-runner\_work\xpco\xpco\corporate\shared\common.integration\tst\videoos.common.integration.unittests\bin\x64\debug\net472\videoos.common.integration.unittests.dll" id="c02ab29f-3331-6766-53a1-8a60ae70c4ae">
      <TestCategory>
        <TestCategoryItem TestCategory="Licensing" />
      </TestCategory>
      <Execution id="45dfca19-5ca1-42b7-91ee-502507b2d7c0" />
      <TestMethod codeBase="D:\actions-runner\_work\XPCO\XPCO\Corporate\Shared\Common.Integration\tst\VideoOS.Common.Integration.UnitTests\bin\x64\Debug\net472\VideoOS.Common.Integration.UnitTests.dll" adapterTypeName="executor://mstestadapter/v2" className="VideoOS.Common.Integration.UnitTests.License.HardwareLicenseCountEvaluatorTests" name="CreateHardwareLicenseCountEvaluatorChannel_CallUpdateLicenseInfo_NotInDriverWhiteList_ReturnsFalseAndChannelLicenseCountIsOne" />
    </UnitTest>
    <UnitTest name="CreateInstance_ValidName_InvalidSearchMethod_Blah_DefaultToPartial" storage="d:\actions-runner\_work\xpco\xpco\corporate\shared\common.integration\tst\videoos.common.integration.unittests\bin\x64\debug\net472\videoos.common.integration.unittests.dll" id="ee9766ad-2a9d-2fc6-5ad1-0ac620df00d3">
      <Execution id="df190796-608f-4316-9b49-a0dfc6d5f5d6" />
      <TestMethod codeBase="D:\actions-runner\_work\XPCO\XPCO\Corporate\Shared\Common.Integration\tst\VideoOS.Common.Integration.UnitTests\bin\x64\Debug\net472\VideoOS.Common.Integration.UnitTests.dll" adapterTypeName="executor://mstestadapter/v2" className="VideoOS.Common.Integration.UnitTests.License.WhitelistMatchHelperTests" name="CreateInstance_ValidName_InvalidSearchMethod_Blah_DefaultToPartial" />
    </UnitTest>
    <UnitTest name="HardwareInfo_EnabledCameras_ReturnsEmptyListWhenNoEnabledCameras" storage="d:\actions-runner\_work\xpco\xpco\corporate\shared\common.integration\tst\videoos.common.integration.unittests\bin\x64\debug\net472\videoos.common.integration.unittests.dll" id="db93112d-82b9-9a4d-a7ab-6fb205fe04a5">
      <Execution id="3c5b1189-791a-4542-a406-0af5ef6efb00" />
      <TestMethod codeBase="D:\actions-runner\_work\XPCO\XPCO\Corporate\Shared\Common.Integration\tst\VideoOS.Common.Integration.UnitTests\bin\x64\Debug\net472\VideoOS.Common.Integration.UnitTests.dll" adapterTypeName="executor://mstestadapter/v2" className="VideoOS.Common.Integration.UnitTests.License.HardwareInfoTests" name="HardwareInfo_EnabledCameras_ReturnsEmptyListWhenNoEnabledCameras" />
    </UnitTest>
    <UnitTest name="TaskManagerBase_TwoTasks_Processed_Successfully" storage="d:\actions-runner\_work\xpco\xpco\corporate\shared\common.integration\tst\videoos.common.integration.unittests\bin\x64\debug\net472\videoos.common.integration.unittests.dll" id="5cce3272-cf0f-798d-2f5a-a5cc62a3cc1c">
      <Execution id="2a5b09d4-9416-4824-b2d4-d5c30d973a1d" />
      <TestMethod codeBase="D:\actions-runner\_work\XPCO\XPCO\Corporate\Shared\Common.Integration\tst\VideoOS.Common.Integration.UnitTests\bin\x64\Debug\net472\VideoOS.Common.Integration.UnitTests.dll" adapterTypeName="executor://mstestadapter/v2" className="VideoOS.Common.Integration.UnitTests.Tasks.TaskManagerBaseTests" name="TaskManagerBase_TwoTasks_Processed_Successfully" />
    </UnitTest>
    <UnitTest name="GetLicensenCount_AddNoHardware_ReturnValue" storage="d:\actions-runner\_work\xpco\xpco\corporate\shared\common.integration\tst\videoos.common.integration.unittests\bin\x64\debug\net472\videoos.common.integration.unittests.dll" id="d1934567-0d00-5d36-ca2e-cfd2548f0873">
      <Execution id="24071658-922e-4095-9993-07da55966902" />
      <TestMethod codeBase="D:\actions-runner\_work\XPCO\XPCO\Corporate\Shared\Common.Integration\tst\VideoOS.Common.Integration.UnitTests\bin\x64\Debug\net472\VideoOS.Common.Integration.UnitTests.dll" adapterTypeName="executor://mstestadapter/v2" className="VideoOS.Common.Integration.UnitTests.License.HardwareDictionaryTests" name="GetLicensenCount_AddNoHardware_ReturnValue" />
    </UnitTest>
    <UnitTest name="StreamsConfiguration_ValidateConfiguration_Illegal_Stream_Combination" storage="d:\actions-runner\_work\xpco\xpco\corporate\shared\common.integration\tst\videoos.common.integration.unittests\bin\x64\debug\net472\videoos.common.integration.unittests.dll" id="292fba1d-7bf1-dc92-ffbb-4d7847468fdb">
      <Execution id="1d76caf7-2c81-4da4-801a-cab62f380f15" />
      <TestMethod codeBase="D:\actions-runner\_work\XPCO\XPCO\Corporate\Shared\Common.Integration\tst\VideoOS.Common.Integration.UnitTests\bin\x64\Debug\net472\VideoOS.Common.Integration.UnitTests.dll" adapterTypeName="executor://mstestadapter/v2" className="VideoOS.Common.Integration.UnitTests.StreamsConfigurationUnitTests" name="StreamsConfiguration_ValidateConfiguration_Illegal_Stream_Combination" />
    </UnitTest>
    <UnitTest name="Verify_BuiltInEventTypes_Are_SNMP_Mapped" storage="d:\actions-runner\_work\xpco\xpco\corporate\shared\common.integration\tst\videoos.common.integration.unittests\bin\x64\debug\net472\videoos.common.integration.unittests.dll" id="4e64cd4b-8460-795a-a6d1-2ef8580cfe6b">
      <Execution id="ea403d33-5350-49d5-aec8-0dfa0ec219a4" />
      <TestMethod codeBase="D:\actions-runner\_work\XPCO\XPCO\Corporate\Shared\Common.Integration\tst\VideoOS.Common.Integration.UnitTests\bin\x64\Debug\net472\VideoOS.Common.Integration.UnitTests.dll" adapterTypeName="executor://mstestadapter/v2" className="VideoOS.Common.Integration.UnitTests.Definition.Event.BuiltInEventTypesTest" name="Verify_BuiltInEventTypes_Are_SNMP_Mapped" />
    </UnitTest>
    <UnitTest name="TestClearGridAreaMakesGridEmpty" storage="d:\actions-runner\_work\xpco\xpco\corporate\shared\common.integration\tst\videoos.common.integration.unittests\bin\x64\debug\net472\videoos.common.integration.unittests.dll" id="910f3d4d-507b-a513-9417-29fe87e1a242">
      <Execution id="4095c4e4-aded-48c8-bc34-bdc9e5636da3" />
      <TestMethod codeBase="D:\actions-runner\_work\XPCO\XPCO\Corporate\Shared\Common.Integration\tst\VideoOS.Common.Integration.UnitTests\bin\x64\Debug\net472\VideoOS.Common.Integration.UnitTests.dll" adapterTypeName="executor://mstestadapter/v2" className="VideoOS.Common.Integration.UnitTests.Configuration.FillableGridAreaUnitTest" name="TestClearGridAreaMakesGridEmpty" />
    </UnitTest>
    <UnitTest name="LicenseDocument_IsFeatureLicensed_ExistingFeature" storage="d:\actions-runner\_work\xpco\xpco\corporate\shared\common.integration\tst\videoos.common.integration.unittests\bin\x64\debug\net472\videoos.common.integration.unittests.dll" id="31455d01-3706-853f-796f-fa9efeb1ad77">
      <TestCategory>
        <TestCategoryItem TestCategory="LicenseDocumentTest" />
      </TestCategory>
      <Execution id="7d0908d9-55a3-45ec-9620-f7904aa942c7" />
      <TestMethod codeBase="D:\actions-runner\_work\XPCO\XPCO\Corporate\Shared\Common.Integration\tst\VideoOS.Common.Integration.UnitTests\bin\x64\Debug\net472\VideoOS.Common.Integration.UnitTests.dll" adapterTypeName="executor://mstestadapter/v2" className="VideoOS.Common.Integration.UnitTests.License.LicenseDocumentTests" name="LicenseDocument_IsFeatureLicensed_ExistingFeature" />
    </UnitTest>
    <UnitTest name="Construct_LicenseActivationService_TimeoutInvalid_ThrowsArgumentOutOfRangeException" storage="d:\actions-runner\_work\xpco\xpco\corporate\shared\common.integration\tst\videoos.common.integration.unittests\bin\x64\debug\net472\videoos.common.integration.unittests.dll" id="b2074bfd-4f30-3e8e-980a-b5527779c4b5">
      <Execution id="718a28af-2349-4912-995e-71d75cc0d962" />
      <TestMethod codeBase="D:\actions-runner\_work\XPCO\XPCO\Corporate\Shared\Common.Integration\tst\VideoOS.Common.Integration.UnitTests\bin\x64\Debug\net472\VideoOS.Common.Integration.UnitTests.dll" adapterTypeName="executor://mstestadapter/v2" className="VideoOS.Common.Integration.UnitTests.License.LicenseActivationServiceTests" name="Construct_LicenseActivationService_TimeoutInvalid_ThrowsArgumentOutOfRangeException" />
    </UnitTest>
    <UnitTest name="StreamsConfiguration_ValidateConfiguration_Empty_Stream_Name" storage="d:\actions-runner\_work\xpco\xpco\corporate\shared\common.integration\tst\videoos.common.integration.unittests\bin\x64\debug\net472\videoos.common.integration.unittests.dll" id="90c889fd-1955-6064-1f54-14f8cf703b7f">
      <Execution id="46b33c21-2102-46e5-bbc8-5ccbed50aac8" />
      <TestMethod codeBase="D:\actions-runner\_work\XPCO\XPCO\Corporate\Shared\Common.Integration\tst\VideoOS.Common.Integration.UnitTests\bin\x64\Debug\net472\VideoOS.Common.Integration.UnitTests.dll" adapterTypeName="executor://mstestadapter/v2" className="VideoOS.Common.Integration.UnitTests.StreamsConfigurationUnitTests" name="StreamsConfiguration_ValidateConfiguration_Empty_Stream_Name" />
    </UnitTest>
    <UnitTest name="SendAsync_OnlyEndpoint_WithReturnType_NoError_TaskIsExecuted" storage="d:\actions-runner\_work\xpco\xpco\corporate\shared\common.integration\tst\videoos.common.integration.unittests\bin\x64\debug\net472\videoos.common.integration.unittests.dll" id="9ceb2df6-706b-6b77-4b6f-53f10678b1b7">
      <Execution id="fc84b00f-dcee-4d9e-8457-caf6ed7829b2" />
      <TestMethod codeBase="D:\actions-runner\_work\XPCO\XPCO\Corporate\Shared\Common.Integration\tst\VideoOS.Common.Integration.UnitTests\bin\x64\Debug\net472\VideoOS.Common.Integration.UnitTests.dll" adapterTypeName="executor://mstestadapter/v2" className="VideoOS.Common.Integration.WebApi.HttpClientCommunicatorUnitTests" name="SendAsync_OnlyEndpoint_WithReturnType_NoError_TaskIsExecuted" />
    </UnitTest>
    <UnitTest name="LicenseActivationService_AcquireLicense_LicenseNotAllowed_ToManyRecordersRequested" storage="d:\actions-runner\_work\xpco\xpco\corporate\shared\common.integration\tst\videoos.common.integration.unittests\bin\x64\debug\net472\videoos.common.integration.unittests.dll" id="59e57848-7a94-91b5-32b4-173de77d9815">
      <Execution id="2c689724-cb22-455c-9e76-a82b9f3b5a24" />
      <TestMethod codeBase="D:\actions-runner\_work\XPCO\XPCO\Corporate\Shared\Common.Integration\tst\VideoOS.Common.Integration.UnitTests\bin\x64\Debug\net472\VideoOS.Common.Integration.UnitTests.dll" adapterTypeName="executor://mstestadapter/v2" className="VideoOS.Common.Integration.UnitTests.License.LicenseActivationServiceTests" name="LicenseActivationService_AcquireLicense_LicenseNotAllowed_ToManyRecordersRequested" />
    </UnitTest>
    <UnitTest name="ServiceConnectionStatus_CommunicationConfirmed_Multiple_OneRaiseOnlineEvent" storage="d:\actions-runner\_work\xpco\xpco\corporate\shared\common.integration\tst\videoos.common.integration.unittests\bin\x64\debug\net472\videoos.common.integration.unittests.dll" id="4fb97ef2-c5a9-1dee-8550-2558bb227e10">
      <Execution id="34222d03-49ae-4478-8f5e-c2fbd49c7e8b" />
      <TestMethod codeBase="D:\actions-runner\_work\XPCO\XPCO\Corporate\Shared\Common.Integration\tst\VideoOS.Common.Integration.UnitTests\bin\x64\Debug\net472\VideoOS.Common.Integration.UnitTests.dll" adapterTypeName="executor://mstestadapter/v2" className="VideoOS.Common.Integration.UnitTests.ServiceConnectionStatusTests" name="ServiceConnectionStatus_CommunicationConfirmed_Multiple_OneRaiseOnlineEvent" />
    </UnitTest>
    <UnitTest name="Sendc_AuthenticationException_RetryAndSuccess" storage="d:\actions-runner\_work\xpco\xpco\corporate\shared\common.integration\tst\videoos.common.integration.unittests\bin\x64\debug\net472\videoos.common.integration.unittests.dll" id="4de2965f-e6e4-41a4-269e-1244a87a7aa6">
      <Execution id="e5387dd5-72b4-40b6-a207-982bff538f17" />
      <TestMethod codeBase="D:\actions-runner\_work\XPCO\XPCO\Corporate\Shared\Common.Integration\tst\VideoOS.Common.Integration.UnitTests\bin\x64\Debug\net472\VideoOS.Common.Integration.UnitTests.dll" adapterTypeName="executor://mstestadapter/v2" className="VideoOS.Common.Integration.WebApi.HttpClientCommunicatorUnitTests" name="Sendc_AuthenticationException_RetryAndSuccess" />
    </UnitTest>
    <UnitTest name="Send_AuthenticationException_InvalidCertificateCalled" storage="d:\actions-runner\_work\xpco\xpco\corporate\shared\common.integration\tst\videoos.common.integration.unittests\bin\x64\debug\net472\videoos.common.integration.unittests.dll" id="36e751b1-d379-a6d3-c363-b5ae5709aa1b">
      <Execution id="9c4ba93f-20c4-4819-be00-abdf286a8a91" />
      <TestMethod codeBase="D:\actions-runner\_work\XPCO\XPCO\Corporate\Shared\Common.Integration\tst\VideoOS.Common.Integration.UnitTests\bin\x64\Debug\net472\VideoOS.Common.Integration.UnitTests.dll" adapterTypeName="executor://mstestadapter/v2" className="VideoOS.Common.Integration.WebApi.HttpClientCommunicatorUnitTests" name="Send_AuthenticationException_InvalidCertificateCalled" />
    </UnitTest>
    <UnitTest name="CreateHttpUri_NullString_ThrowsInvalidOperationException" storage="d:\actions-runner\_work\xpco\xpco\corporate\shared\common.integration\tst\videoos.common.integration.unittests\bin\x64\debug\net472\videoos.common.integration.unittests.dll" id="34f249e5-b9ba-2c57-bc42-d86c94cdd594">
      <TestCategory>
        <TestCategoryItem TestCategory="UriHandling" />
      </TestCategory>
      <Execution id="fb117fc7-1a2a-43de-b248-2c1ff4771f59" />
      <TestMethod codeBase="D:\actions-runner\_work\XPCO\XPCO\Corporate\Shared\Common.Integration\tst\VideoOS.Common.Integration.UnitTests\bin\x64\Debug\net472\VideoOS.Common.Integration.UnitTests.dll" adapterTypeName="executor://mstestadapter/v2" className="VideoOS.Common.Integration.UnitTests.Communication.UriHandlingUnitTests" name="CreateHttpUri_NullString_ThrowsInvalidOperationException" />
    </UnitTest>
    <UnitTest name="TestGetRegionsAsBooleanArray" storage="d:\actions-runner\_work\xpco\xpco\corporate\shared\common.integration\tst\videoos.common.integration.unittests\bin\x64\debug\net472\videoos.common.integration.unittests.dll" id="90d445f6-cb0f-d505-58da-7385c723eaaf">
      <Execution id="1baf1a08-4a16-4042-a483-aac36db3b0a2" />
      <TestMethod codeBase="D:\actions-runner\_work\XPCO\XPCO\Corporate\Shared\Common.Integration\tst\VideoOS.Common.Integration.UnitTests\bin\x64\Debug\net472\VideoOS.Common.Integration.UnitTests.dll" adapterTypeName="executor://mstestadapter/v2" className="VideoOS.Common.Integration.UnitTests.Configuration.FillableGridAreaUnitTest" name="TestGetRegionsAsBooleanArray" />
    </UnitTest>
    <UnitTest name="Test_IsMember_SimpleCyclic" storage="d:\actions-runner\_work\xpco\xpco\corporate\shared\common.integration\tst\videoos.common.integration.unittests\bin\x64\debug\net472\videoos.common.integration.unittests.dll" id="de80d1b0-e69d-b886-8aee-77793ad94c94">
      <Execution id="3e765252-848e-4cb4-b103-6b04fdfb9610" />
      <TestMethod codeBase="D:\actions-runner\_work\XPCO\XPCO\Corporate\Shared\Common.Integration\tst\VideoOS.Common.Integration.UnitTests\bin\x64\Debug\net472\VideoOS.Common.Integration.UnitTests.dll" adapterTypeName="executor://mstestadapter/v2" className="VideoOS.Common.Integration.UnitTests.Caching.MembershipCacheUnitTest" name="Test_IsMember_SimpleCyclic" />
    </UnitTest>
    <UnitTest name="CreateInstance_SettingsFileExists_AllowInsecureIsTrue_ReturnsValidInstance" storage="d:\actions-runner\_work\xpco\xpco\corporate\shared\common.integration\tst\videoos.common.integration.unittests\bin\x64\debug\net472\videoos.common.integration.unittests.dll" id="3803bcca-09d6-ef11-5123-a94a9f43f1eb">
      <Execution id="ad08cb9c-c365-4c88-9b8a-c9db64801253" />
      <TestMethod codeBase="D:\actions-runner\_work\XPCO\XPCO\Corporate\Shared\Common.Integration\tst\VideoOS.Common.Integration.UnitTests\bin\x64\Debug\net472\VideoOS.Common.Integration.UnitTests.dll" adapterTypeName="executor://mstestadapter/v2" className="VideoOS.Common.Integration.UnitTests.ServerValidation.LocalUserOptionsTests" name="CreateInstance_SettingsFileExists_AllowInsecureIsTrue_ReturnsValidInstance" />
    </UnitTest>
    <UnitTest name="ReadChildElementValueAsUInt64_RangeCheck_Min" storage="d:\actions-runner\_work\xpco\xpco\corporate\shared\common.integration\tst\videoos.common.integration.unittests\bin\x64\debug\net472\videoos.common.integration.unittests.dll" id="7453077c-caf2-48f1-e6f0-ad5df5ce9ce3">
      <Execution id="09628ef5-054d-4554-b453-ef7f7fdf8340" />
      <TestMethod codeBase="D:\actions-runner\_work\XPCO\XPCO\Corporate\Shared\Common.Integration\tst\VideoOS.Common.Integration.UnitTests\bin\x64\Debug\net472\VideoOS.Common.Integration.UnitTests.dll" adapterTypeName="executor://mstestadapter/v2" className="VideoOS.Common.Integration.UnitTests.XmlDocumentExtensionsCoreUnitTests" name="ReadChildElementValueAsUInt64_RangeCheck_Min" />
    </UnitTest>
    <UnitTest name="ReadIdentitiesFromCache_EmptyStringInSidArray" storage="d:\actions-runner\_work\xpco\xpco\corporate\shared\common.integration\tst\videoos.common.integration.unittests\bin\x64\debug\net472\videoos.common.integration.unittests.dll" id="8f948154-c742-afae-3b2c-dd6115614af9">
      <Execution id="5b15d56f-b941-45ed-8683-1922fb0bcf63" />
      <TestMethod codeBase="D:\actions-runner\_work\XPCO\XPCO\Corporate\Shared\Common.Integration\tst\VideoOS.Common.Integration.UnitTests\bin\x64\Debug\net472\VideoOS.Common.Integration.UnitTests.dll" adapterTypeName="executor://mstestadapter/v2" className="VideoOS.Common.Integration.UnitTests.Caching.SecurityIdentityCacheUnitTests" name="ReadIdentitiesFromCache_EmptyStringInSidArray" />
    </UnitTest>
    <UnitTest name="TokenHandler_CreateTokenHandler_Success" storage="d:\actions-runner\_work\xpco\xpco\corporate\shared\common.integration\tst\videoos.common.integration.unittests\bin\x64\debug\net472\videoos.common.integration.unittests.dll" id="fcbc44af-6ece-1b6d-b15a-0ac5569dc501">
      <Execution id="668b0216-44d4-4954-8421-1d393a440267" />
      <TestMethod codeBase="D:\actions-runner\_work\XPCO\XPCO\Corporate\Shared\Common.Integration\tst\VideoOS.Common.Integration.UnitTests\bin\x64\Debug\net472\VideoOS.Common.Integration.UnitTests.dll" adapterTypeName="executor://mstestadapter/v2" className="VideoOS.Common.Integration.UnitTests.Security.TokenHandler_UnitTests" name="TokenHandler_CreateTokenHandler_Success" />
    </UnitTest>
    <UnitTest name="Validate_ExactMatch_NotFound_Success" storage="d:\actions-runner\_work\xpco\xpco\corporate\shared\common.integration\tst\videoos.common.integration.unittests\bin\x64\debug\net472\videoos.common.integration.unittests.dll" id="b40b17cd-6334-a9ae-cbaa-166a5c8ac156">
      <Execution id="30898c67-b48b-49b0-84a6-b48f89e835eb" />
      <TestMethod codeBase="D:\actions-runner\_work\XPCO\XPCO\Corporate\Shared\Common.Integration\tst\VideoOS.Common.Integration.UnitTests\bin\x64\Debug\net472\VideoOS.Common.Integration.UnitTests.dll" adapterTypeName="executor://mstestadapter/v2" className="VideoOS.Common.Integration.UnitTests.License.WhitelistMatchHelperTests" name="Validate_ExactMatch_NotFound_Success" />
    </UnitTest>
    <UnitTest name="CreateHttpUri_HttpsDefaultPort_UseDefaultPortTrue_BecomesHttpPort80" storage="d:\actions-runner\_work\xpco\xpco\corporate\shared\common.integration\tst\videoos.common.integration.unittests\bin\x64\debug\net472\videoos.common.integration.unittests.dll" id="e6f95d68-2886-1fa9-62f9-c713dede45c7">
      <TestCategory>
        <TestCategoryItem TestCategory="UriHandling" />
      </TestCategory>
      <Execution id="ff6dc67b-6d26-4cce-8838-0498cc68ed52" />
      <TestMethod codeBase="D:\actions-runner\_work\XPCO\XPCO\Corporate\Shared\Common.Integration\tst\VideoOS.Common.Integration.UnitTests\bin\x64\Debug\net472\VideoOS.Common.Integration.UnitTests.dll" adapterTypeName="executor://mstestadapter/v2" className="VideoOS.Common.Integration.UnitTests.Communication.UriHandlingUnitTests" name="CreateHttpUri_HttpsDefaultPort_UseDefaultPortTrue_BecomesHttpPort80" />
    </UnitTest>
    <UnitTest name="SendOnlyEndpointWithReturnType_NoError_TaskIsExecutedAndCorrectResponseReceived" storage="d:\actions-runner\_work\xpco\xpco\corporate\shared\common.integration\tst\videoos.common.integration.unittests\bin\x64\debug\net472\videoos.common.integration.unittests.dll" id="e62fee80-9dfe-a687-8358-e8b2265e2f86">
      <Execution id="531fe9da-e618-490b-9f60-1ec952c7d53c" />
      <TestMethod codeBase="D:\actions-runner\_work\XPCO\XPCO\Corporate\Shared\Common.Integration\tst\VideoOS.Common.Integration.UnitTests\bin\x64\Debug\net472\VideoOS.Common.Integration.UnitTests.dll" adapterTypeName="executor://mstestadapter/v2" className="VideoOS.Common.Integration.WebApi.HttpClientCommunicatorUnitTests" name="SendOnlyEndpointWithReturnType_NoError_TaskIsExecutedAndCorrectResponseReceived" />
    </UnitTest>
    <UnitTest name="Test_MemberOf_Simple2Branched" storage="d:\actions-runner\_work\xpco\xpco\corporate\shared\common.integration\tst\videoos.common.integration.unittests\bin\x64\debug\net472\videoos.common.integration.unittests.dll" id="050a8e30-3f33-ef3c-5afa-4dff3a785880">
      <Execution id="8cf366bc-ceb7-4cef-8337-9a8765838cc3" />
      <TestMethod codeBase="D:\actions-runner\_work\XPCO\XPCO\Corporate\Shared\Common.Integration\tst\VideoOS.Common.Integration.UnitTests\bin\x64\Debug\net472\VideoOS.Common.Integration.UnitTests.dll" adapterTypeName="executor://mstestadapter/v2" className="VideoOS.Common.Integration.UnitTests.Caching.MembershipCacheUnitTest" name="Test_MemberOf_Simple2Branched" />
    </UnitTest>
    <UnitTest name="GroupConfigurationDeleteGroupNotEmpty" storage="d:\actions-runner\_work\xpco\xpco\corporate\shared\common.integration\tst\videoos.common.integration.unittests\bin\x64\debug\net472\videoos.common.integration.unittests.dll" id="9dd8c348-d98a-4fb4-2d5a-fe752bf9cfa1">
      <TestCategory>
        <TestCategoryItem TestCategory="Rules.GroupConfiguration" />
      </TestCategory>
      <Execution id="9e2de2a3-7577-44bd-b34e-b1b0d12a8e3c" />
      <TestMethod codeBase="D:\actions-runner\_work\XPCO\XPCO\Corporate\Shared\Common.Integration\tst\VideoOS.Common.Integration.UnitTests\bin\x64\Debug\net472\VideoOS.Common.Integration.UnitTests.dll" adapterTypeName="executor://mstestadapter/v2" className="VideoOS.Common.Integration.UnitTests.Rules.GroupConfigurationTest" name="GroupConfigurationDeleteGroupNotEmpty" />
    </UnitTest>
    <UnitTest name="SendAsync_NonSuccessResponse_BadRequestExceptionThrown" storage="d:\actions-runner\_work\xpco\xpco\corporate\shared\common.integration\tst\videoos.common.integration.unittests\bin\x64\debug\net472\videoos.common.integration.unittests.dll" id="ae76daaa-d87e-a3aa-3dc7-d804710ddc20">
      <Execution id="559f36b8-ce62-45d3-b9ae-dafcf75ef0c5" />
      <TestMethod codeBase="D:\actions-runner\_work\XPCO\XPCO\Corporate\Shared\Common.Integration\tst\VideoOS.Common.Integration.UnitTests\bin\x64\Debug\net472\VideoOS.Common.Integration.UnitTests.dll" adapterTypeName="executor://mstestadapter/v2" className="VideoOS.Common.Integration.WebApi.HttpClientCommunicatorUnitTests" name="SendAsync_NonSuccessResponse_BadRequestExceptionThrown" />
    </UnitTest>
    <UnitTest name="ServiceDiscoveryEngine_TimerCallback_Success" storage="d:\actions-runner\_work\xpco\xpco\corporate\shared\common.integration\tst\videoos.common.integration.unittests\bin\x64\debug\net472\videoos.common.integration.unittests.dll" id="60527f47-88dc-f9e7-77dd-a011437721a0">
      <Execution id="e5880b9e-0917-49d2-a086-01a7d31b39a0" />
      <TestMethod codeBase="D:\actions-runner\_work\XPCO\XPCO\Corporate\Shared\Common.Integration\tst\VideoOS.Common.Integration.UnitTests\bin\x64\Debug\net472\VideoOS.Common.Integration.UnitTests.dll" adapterTypeName="executor://mstestadapter/v2" className="VideoOS.Common.Integration.UnitTests.WebAPI.Exceptions.ServiceDiscoveryEngineTests" name="ServiceDiscoveryEngine_TimerCallback_Success" />
    </UnitTest>
    <UnitTest name="Xml_To_Config_Success" storage="d:\actions-runner\_work\xpco\xpco\corporate\shared\common.integration\tst\videoos.common.integration.unittests\bin\x64\debug\net472\videoos.common.integration.unittests.dll" id="064b3f69-67f3-b772-c461-123ebfc32894">
      <Execution id="33d6ef88-52d6-4958-b814-a8cd88a76e66" />
      <TestMethod codeBase="D:\actions-runner\_work\XPCO\XPCO\Corporate\Shared\Common.Integration\tst\VideoOS.Common.Integration.UnitTests\bin\x64\Debug\net472\VideoOS.Common.Integration.UnitTests.dll" adapterTypeName="executor://mstestadapter/v2" className="VideoOS.Common.Integration.UnitTests.Configuration.MotionDetectionSettingsUnitTests" name="Xml_To_Config_Success" />
    </UnitTest>
    <UnitTest name="LicenseActivationService_AcquireLicense_LicenseNotAllowed_ToManyCamerasRequested" storage="d:\actions-runner\_work\xpco\xpco\corporate\shared\common.integration\tst\videoos.common.integration.unittests\bin\x64\debug\net472\videoos.common.integration.unittests.dll" id="8bde4785-2c03-a7e7-c5b7-8e24d368f7d7">
      <Execution id="99ef32c9-05ee-471b-af59-4eb4eb9ed374" />
      <TestMethod codeBase="D:\actions-runner\_work\XPCO\XPCO\Corporate\Shared\Common.Integration\tst\VideoOS.Common.Integration.UnitTests\bin\x64\Debug\net472\VideoOS.Common.Integration.UnitTests.dll" adapterTypeName="executor://mstestadapter/v2" className="VideoOS.Common.Integration.UnitTests.License.LicenseActivationServiceTests" name="LicenseActivationService_AcquireLicense_LicenseNotAllowed_ToManyCamerasRequested" />
    </UnitTest>
    <UnitTest name="CreateHttpUri_HttpsDefaultPort_UsePort65535_BecomesHttpPort65535" storage="d:\actions-runner\_work\xpco\xpco\corporate\shared\common.integration\tst\videoos.common.integration.unittests\bin\x64\debug\net472\videoos.common.integration.unittests.dll" id="4778ba7d-c1cd-e2b9-8b26-f1a8ebd138db">
      <Execution id="aec8ce02-c455-4c7f-9d69-7e01587af017" />
      <TestMethod codeBase="D:\actions-runner\_work\XPCO\XPCO\Corporate\Shared\Common.Integration\tst\VideoOS.Common.Integration.UnitTests\bin\x64\Debug\net472\VideoOS.Common.Integration.UnitTests.dll" adapterTypeName="executor://mstestadapter/v2" className="VideoOS.Common.Integration.UnitTests.Communication.UriHandlingUnitTests" name="CreateHttpUri_HttpsDefaultPort_UsePort65535_BecomesHttpPort65535" />
    </UnitTest>
    <UnitTest name="ModelValidation_ValidModel_Success" storage="d:\actions-runner\_work\xpco\xpco\corporate\shared\common.integration\tst\videoos.common.integration.unittests\bin\x64\debug\net472\videoos.common.integration.unittests.dll" id="5c50edbc-b393-455d-64e6-d02883451fc6">
      <Execution id="0770877c-e44d-4ece-a006-e01d9b3447c1" />
      <TestMethod codeBase="D:\actions-runner\_work\XPCO\XPCO\Corporate\Shared\Common.Integration\tst\VideoOS.Common.Integration.UnitTests\bin\x64\Debug\net472\VideoOS.Common.Integration.UnitTests.dll" adapterTypeName="executor://mstestadapter/v2" className="VideoOS.Common.Integration.UnitTests.WebAPI.Model.AddBookmarkModelTest" name="ModelValidation_ValidModel_Success" />
    </UnitTest>
    <UnitTest name="HttpClientCommunicatorWrapper_PatchTObj_CommunicationException" storage="d:\actions-runner\_work\xpco\xpco\corporate\shared\common.integration\tst\videoos.common.integration.unittests\bin\x64\debug\net472\videoos.common.integration.unittests.dll" id="04e643a7-89d4-d018-807c-d021b86f66a0">
      <Execution id="64e33485-2130-4c58-af15-b6540bcef2c5" />
      <TestMethod codeBase="D:\actions-runner\_work\XPCO\XPCO\Corporate\Shared\Common.Integration\tst\VideoOS.Common.Integration.UnitTests\bin\x64\Debug\net472\VideoOS.Common.Integration.UnitTests.dll" adapterTypeName="executor://mstestadapter/v2" className="VideoOS.Common.Integration.UnitTests.WebAPI.HttpClientCommunicatorWrapperTests" name="HttpClientCommunicatorWrapper_PatchTObj_CommunicationException" />
    </UnitTest>
    <UnitTest name="WhiteList_IsModelWhiteListed_HWWith15CH_GlobalMaxChannelCount16ModelMaxChannelCountInvalid_ReturnsTrue" storage="d:\actions-runner\_work\xpco\xpco\corporate\shared\common.integration\tst\videoos.common.integration.unittests\bin\x64\debug\net472\videoos.common.integration.unittests.dll" id="f14b7ede-065f-7968-7e7b-731383f63de6">
      <TestCategory>
        <TestCategoryItem TestCategory="Licensing" />
      </TestCategory>
      <Execution id="cfadcf11-10ce-4dc2-9814-fca3a1b9ed3a" />
      <TestMethod codeBase="D:\actions-runner\_work\XPCO\XPCO\Corporate\Shared\Common.Integration\tst\VideoOS.Common.Integration.UnitTests\bin\x64\Debug\net472\VideoOS.Common.Integration.UnitTests.dll" adapterTypeName="executor://mstestadapter/v2" className="VideoOS.Common.Integration.UnitTests.License.LicenseWhitelistTests" name="WhiteList_IsModelWhiteListed_HWWith15CH_GlobalMaxChannelCount16ModelMaxChannelCountInvalid_ReturnsTrue" />
    </UnitTest>
    <UnitTest name="Schemes_SerializeAndDeserializeOneItemTest" storage="d:\actions-runner\_work\xpco\xpco\corporate\shared\common.integration\tst\videoos.common.integration.unittests\bin\x64\debug\net472\videoos.common.integration.unittests.dll" id="5f9ab3a2-a74d-3ba3-bb43-56d569184da7">
      <Execution id="d4a7ab35-282d-4cf0-b204-bffe05316067" />
      <TestMethod codeBase="D:\actions-runner\_work\XPCO\XPCO\Corporate\Shared\Common.Integration\tst\VideoOS.Common.Integration.UnitTests\bin\x64\Debug\net472\VideoOS.Common.Integration.UnitTests.dll" adapterTypeName="executor://mstestadapter/v2" className="VideoOS.Common.Integration.UnitTests.DeviceDiscovery.SchemesTest" name="Schemes_SerializeAndDeserializeOneItemTest" />
    </UnitTest>
    <UnitTest name="HardwareUnsupportedResponseModel_NoValuesSet_ValidationFailure" storage="d:\actions-runner\_work\xpco\xpco\corporate\shared\common.integration\tst\videoos.common.integration.unittests\bin\x64\debug\net472\videoos.common.integration.unittests.dll" id="8ec4ce01-a20c-7b36-74f2-fb2d170afbcc">
      <Execution id="00d1373c-96e8-44de-b572-975338ed8e73" />
      <TestMethod codeBase="D:\actions-runner\_work\XPCO\XPCO\Corporate\Shared\Common.Integration\tst\VideoOS.Common.Integration.UnitTests\bin\x64\Debug\net472\VideoOS.Common.Integration.UnitTests.dll" adapterTypeName="executor://mstestadapter/v2" className="VideoOS.Common.Integration.UnitTests.WebApi.Model.HardwareUnsupportedResponseModelTest" name="HardwareUnsupportedResponseModel_NoValuesSet_ValidationFailure" />
    </UnitTest>
    <UnitTest name="ThreadPoolMessageProcessor_ConstructorTest" storage="d:\actions-runner\_work\xpco\xpco\corporate\shared\common.integration\tst\videoos.common.integration.unittests\bin\x64\debug\net472\videoos.common.integration.unittests.dll" id="06314961-77c9-bb6b-859e-bd58a43c855a">
      <Execution id="862c5d02-77e6-448d-b775-21a741158c93" />
      <TestMethod codeBase="D:\actions-runner\_work\XPCO\XPCO\Corporate\Shared\Common.Integration\tst\VideoOS.Common.Integration.UnitTests\bin\x64\Debug\net472\VideoOS.Common.Integration.UnitTests.dll" adapterTypeName="executor://mstestadapter/v2" className="VideoOS.Common.Integration.UnitTests.MessageProcessing.ThreadPoolMessageProcessorTest" name="ThreadPoolMessageProcessor_ConstructorTest" />
    </UnitTest>
    <UnitTest name="CreateInstance_SettingsFileExists_AllowInsecureIsNull_ReturnsDefaultInstance" storage="d:\actions-runner\_work\xpco\xpco\corporate\shared\common.integration\tst\videoos.common.integration.unittests\bin\x64\debug\net472\videoos.common.integration.unittests.dll" id="c324f2a7-fe13-0997-afb6-df983ed324c4">
      <Execution id="278fa962-d901-4f77-b755-5a74a9702df1" />
      <TestMethod codeBase="D:\actions-runner\_work\XPCO\XPCO\Corporate\Shared\Common.Integration\tst\VideoOS.Common.Integration.UnitTests\bin\x64\Debug\net472\VideoOS.Common.Integration.UnitTests.dll" adapterTypeName="executor://mstestadapter/v2" className="VideoOS.Common.Integration.UnitTests.ServerValidation.LocalUserOptionsTests" name="CreateInstance_SettingsFileExists_AllowInsecureIsNull_ReturnsDefaultInstance" />
    </UnitTest>
    <UnitTest name="LicenseDocument_ThrowsUnsupportedLicensingModeError_OnLicenseWithoutWhitelistVersion" storage="d:\actions-runner\_work\xpco\xpco\corporate\shared\common.integration\tst\videoos.common.integration.unittests\bin\x64\debug\net472\videoos.common.integration.unittests.dll" id="3d71243d-a73d-bce4-5833-07e4c8528e1d">
      <TestCategory>
        <TestCategoryItem TestCategory="LicenseDocumentTest" />
      </TestCategory>
      <Execution id="15747922-6e7c-41e5-8a51-0abcead5f759" />
      <TestMethod codeBase="D:\actions-runner\_work\XPCO\XPCO\Corporate\Shared\Common.Integration\tst\VideoOS.Common.Integration.UnitTests\bin\x64\Debug\net472\VideoOS.Common.Integration.UnitTests.dll" adapterTypeName="executor://mstestadapter/v2" className="VideoOS.Common.Integration.UnitTests.License.LicenseDocumentTests" name="LicenseDocument_ThrowsUnsupportedLicensingModeError_OnLicenseWithoutWhitelistVersion" />
    </UnitTest>
    <UnitTest name="WhiteList_IsHardwareWhiteListed_NotWhiteListedDriverNullModel_ReturnsFalse_ChannelLicenseCountIs5" storage="d:\actions-runner\_work\xpco\xpco\corporate\shared\common.integration\tst\videoos.common.integration.unittests\bin\x64\debug\net472\videoos.common.integration.unittests.dll" id="a4c4b508-919f-e71f-5e1b-c62a1e9a80ce">
      <TestCategory>
        <TestCategoryItem TestCategory="Licensing" />
      </TestCategory>
      <Execution id="da5af510-a0da-4ae1-9613-5061ff36245b" />
      <TestMethod codeBase="D:\actions-runner\_work\XPCO\XPCO\Corporate\Shared\Common.Integration\tst\VideoOS.Common.Integration.UnitTests\bin\x64\Debug\net472\VideoOS.Common.Integration.UnitTests.dll" adapterTypeName="executor://mstestadapter/v2" className="VideoOS.Common.Integration.UnitTests.License.LicenseWhitelistTests" name="WhiteList_IsHardwareWhiteListed_NotWhiteListedDriverNullModel_ReturnsFalse_ChannelLicenseCountIs5" />
    </UnitTest>
    <UnitTest name="HttpClientCommunicatorWrapper_SendTObjTRet_Success" storage="d:\actions-runner\_work\xpco\xpco\corporate\shared\common.integration\tst\videoos.common.integration.unittests\bin\x64\debug\net472\videoos.common.integration.unittests.dll" id="d51a3945-9760-b3de-3fd2-b81f472ff315">
      <Execution id="48c1e8a4-7975-495f-ba5d-22e01b65e524" />
      <TestMethod codeBase="D:\actions-runner\_work\XPCO\XPCO\Corporate\Shared\Common.Integration\tst\VideoOS.Common.Integration.UnitTests\bin\x64\Debug\net472\VideoOS.Common.Integration.UnitTests.dll" adapterTypeName="executor://mstestadapter/v2" className="VideoOS.Common.Integration.UnitTests.WebAPI.HttpClientCommunicatorWrapperTests" name="HttpClientCommunicatorWrapper_SendTObjTRet_Success" />
    </UnitTest>
    <UnitTest name="Validate_PartialMatch_Found_EndOfWord_MixedCase_Success" storage="d:\actions-runner\_work\xpco\xpco\corporate\shared\common.integration\tst\videoos.common.integration.unittests\bin\x64\debug\net472\videoos.common.integration.unittests.dll" id="6f14fc4c-bdba-997f-b189-7c5e690cf465">
      <Execution id="a023e03e-c770-4f40-8638-82df01a5cf77" />
      <TestMethod codeBase="D:\actions-runner\_work\XPCO\XPCO\Corporate\Shared\Common.Integration\tst\VideoOS.Common.Integration.UnitTests\bin\x64\Debug\net472\VideoOS.Common.Integration.UnitTests.dll" adapterTypeName="executor://mstestadapter/v2" className="VideoOS.Common.Integration.UnitTests.License.WhitelistMatchHelperTests" name="Validate_PartialMatch_Found_EndOfWord_MixedCase_Success" />
    </UnitTest>
    <UnitTest name="ToRecorderStatuses_AppliesAllFlags_OnAllFlagsPresent" storage="d:\actions-runner\_work\xpco\xpco\corporate\shared\common.integration\tst\videoos.common.integration.unittests\bin\x64\debug\net472\videoos.common.integration.unittests.dll" id="9d329994-74e3-8238-a429-3b094a215384">
      <TestCategory>
        <TestCategoryItem TestCategory="RecorderStatus" />
      </TestCategory>
      <Execution id="d536d9dc-bf99-4af9-8a61-b55bec36adac" />
      <TestMethod codeBase="D:\actions-runner\_work\XPCO\XPCO\Corporate\Shared\Common.Integration\tst\VideoOS.Common.Integration.UnitTests\bin\x64\Debug\net472\VideoOS.Common.Integration.UnitTests.dll" adapterTypeName="executor://mstestadapter/v2" className="VideoOS.Common.Integration.UnitTests.Communication.Internal.DtoConvertTests" name="ToRecorderStatuses_AppliesAllFlags_OnAllFlagsPresent" />
    </UnitTest>
    <UnitTest name="PatchAsync_EndpointOnly_EndPointIsNull_ArgumentNullExceptionThrown" storage="d:\actions-runner\_work\xpco\xpco\corporate\shared\common.integration\tst\videoos.common.integration.unittests\bin\x64\debug\net472\videoos.common.integration.unittests.dll" id="87ea9e95-9b52-8332-11b6-09e963cda5e4">
      <Execution id="e6b54330-cea3-4589-ac6e-030164efc615" />
      <TestMethod codeBase="D:\actions-runner\_work\XPCO\XPCO\Corporate\Shared\Common.Integration\tst\VideoOS.Common.Integration.UnitTests\bin\x64\Debug\net472\VideoOS.Common.Integration.UnitTests.dll" adapterTypeName="executor://mstestadapter/v2" className="VideoOS.Common.Integration.WebApi.HttpClientCommunicatorUnitTests" name="PatchAsync_EndpointOnly_EndPointIsNull_ArgumentNullExceptionThrown" />
    </UnitTest>
    <UnitTest name="RecorderInfo_Construct_InvalidId_EmptyGuid_Throws_ArgumentException" storage="d:\actions-runner\_work\xpco\xpco\corporate\shared\common.integration\tst\videoos.common.integration.unittests\bin\x64\debug\net472\videoos.common.integration.unittests.dll" id="7341f2f1-623e-04bc-4ea8-e3b71c886ef5">
      <Execution id="f9647d2d-7a52-40e3-8e58-da0d3fcf0b09" />
      <TestMethod codeBase="D:\actions-runner\_work\XPCO\XPCO\Corporate\Shared\Common.Integration\tst\VideoOS.Common.Integration.UnitTests\bin\x64\Debug\net472\VideoOS.Common.Integration.UnitTests.dll" adapterTypeName="executor://mstestadapter/v2" className="VideoOS.Common.Integration.UnitTests.License.RecorderInfoTests" name="RecorderInfo_Construct_InvalidId_EmptyGuid_Throws_ArgumentException" />
    </UnitTest>
    <UnitTest name="SecurityManager_HasDevicePermission_ViewLive_TimeProfile_Allowed" storage="d:\actions-runner\_work\xpco\xpco\corporate\shared\common.integration\tst\videoos.common.integration.unittests\bin\x64\debug\net472\videoos.common.integration.unittests.dll" id="2ee9ae6c-ecb2-e137-7118-36fc9e6346a7">
      <Execution id="33c6d2e1-3f2e-4052-9b30-cc1acd03a56c" />
      <TestMethod codeBase="D:\actions-runner\_work\XPCO\XPCO\Corporate\Shared\Common.Integration\tst\VideoOS.Common.Integration.UnitTests\bin\x64\Debug\net472\VideoOS.Common.Integration.UnitTests.dll" adapterTypeName="executor://mstestadapter/v2" className="VideoOS.Common.Integration.UnitTests.Security.SecurityManagerUnitTests" name="SecurityManager_HasDevicePermission_ViewLive_TimeProfile_Allowed" />
    </UnitTest>
    <UnitTest name="GroupConfigurationAddGroupWithUnknownParentGroup" storage="d:\actions-runner\_work\xpco\xpco\corporate\shared\common.integration\tst\videoos.common.integration.unittests\bin\x64\debug\net472\videoos.common.integration.unittests.dll" id="2c268a89-a61c-6227-9d8c-24714ad3d9e6">
      <TestCategory>
        <TestCategoryItem TestCategory="Rules.GroupConfiguration" />
      </TestCategory>
      <Execution id="9e5b23ee-d3c5-4527-935f-c91531899cd6" />
      <TestMethod codeBase="D:\actions-runner\_work\XPCO\XPCO\Corporate\Shared\Common.Integration\tst\VideoOS.Common.Integration.UnitTests\bin\x64\Debug\net472\VideoOS.Common.Integration.UnitTests.dll" adapterTypeName="executor://mstestadapter/v2" className="VideoOS.Common.Integration.UnitTests.Rules.GroupConfigurationTest" name="GroupConfigurationAddGroupWithUnknownParentGroup" />
    </UnitTest>
    <UnitTest name="ReadIdentitiesFromCache_GetFromProvider" storage="d:\actions-runner\_work\xpco\xpco\corporate\shared\common.integration\tst\videoos.common.integration.unittests\bin\x64\debug\net472\videoos.common.integration.unittests.dll" id="55ec7ecd-668d-873b-5de4-97aa54ebae84">
      <Execution id="c42729a0-df90-48ed-88e1-e609708e2b02" />
      <TestMethod codeBase="D:\actions-runner\_work\XPCO\XPCO\Corporate\Shared\Common.Integration\tst\VideoOS.Common.Integration.UnitTests\bin\x64\Debug\net472\VideoOS.Common.Integration.UnitTests.dll" adapterTypeName="executor://mstestadapter/v2" className="VideoOS.Common.Integration.UnitTests.Caching.SecurityIdentityCacheUnitTests" name="ReadIdentitiesFromCache_GetFromProvider" />
    </UnitTest>
    <UnitTest name="ServerFileStorageQuota_Update_AboveLimit_Fail" storage="d:\actions-runner\_work\xpco\xpco\corporate\shared\common.integration\tst\videoos.common.integration.unittests\bin\x64\debug\net472\videoos.common.integration.unittests.dll" id="7659c934-2fed-c911-0cab-cf9b2974fa9d">
      <Execution id="5f4fe1a9-66d9-4fa5-9e0b-73e2bea41aea" />
      <TestMethod codeBase="D:\actions-runner\_work\XPCO\XPCO\Corporate\Shared\Common.Integration\tst\VideoOS.Common.Integration.UnitTests\bin\x64\Debug\net472\VideoOS.Common.Integration.UnitTests.dll" adapterTypeName="executor://mstestadapter/v2" className="VideoOS.Common.Integration.UnitTests.ServerFileStorageQuotaTests" name="ServerFileStorageQuota_Update_AboveLimit_Fail" />
    </UnitTest>
    <UnitTest name="Validate_DevicesCountUsingOneLicense_NotShown_WhenTheCountIsZero" storage="d:\actions-runner\_work\xpco\xpco\corporate\shared\common.integration\tst\videoos.common.integration.unittests\bin\x64\debug\net472\videoos.common.integration.unittests.dll" id="1788b1c8-8550-8ec7-916f-51b6ac1b19d1">
      <Execution id="fe5826dc-9340-4c15-80de-12047beb6583" />
      <TestMethod codeBase="D:\actions-runner\_work\XPCO\XPCO\Corporate\Shared\Common.Integration\tst\VideoOS.Common.Integration.UnitTests\bin\x64\Debug\net472\VideoOS.Common.Integration.UnitTests.dll" adapterTypeName="executor://mstestadapter/v2" className="VideoOS.Common.Integration.UnitTests.License.LicenseReportGeneratorTests" name="Validate_DevicesCountUsingOneLicense_NotShown_WhenTheCountIsZero" />
    </UnitTest>
    <UnitTest name="ServiceDiscoveryEngine_Construction_TimespanZero_ArgumentOutOfRangeException" storage="d:\actions-runner\_work\xpco\xpco\corporate\shared\common.integration\tst\videoos.common.integration.unittests\bin\x64\debug\net472\videoos.common.integration.unittests.dll" id="aa4fc76c-189f-e563-9f8f-3e22961849d3">
      <Execution id="fc7012f1-d563-40c6-993b-5f069a15ef83" />
      <TestMethod codeBase="D:\actions-runner\_work\XPCO\XPCO\Corporate\Shared\Common.Integration\tst\VideoOS.Common.Integration.UnitTests\bin\x64\Debug\net472\VideoOS.Common.Integration.UnitTests.dll" adapterTypeName="executor://mstestadapter/v2" className="VideoOS.Common.Integration.UnitTests.WebAPI.Exceptions.ServiceDiscoveryEngineTests" name="ServiceDiscoveryEngine_Construction_TimespanZero_ArgumentOutOfRangeException" />
    </UnitTest>
    <UnitTest name="TestRequiredCharactersPresent" storage="d:\actions-runner\_work\xpco\xpco\corporate\shared\common.integration\tst\videoos.common.integration.unittests\bin\x64\debug\net472\videoos.common.integration.unittests.dll" id="0376f184-1683-58ef-381b-84d45a0a5f8d">
      <Execution id="3c13f25f-0e4c-4aa6-959c-62b2b8ef2736" />
      <TestMethod codeBase="D:\actions-runner\_work\XPCO\XPCO\Corporate\Shared\Common.Integration\tst\VideoOS.Common.Integration.UnitTests\bin\x64\Debug\net472\VideoOS.Common.Integration.UnitTests.dll" adapterTypeName="executor://mstestadapter/v2" className="VideoOS.Common.Integration.UnitTests.PasswordMinMaxGenerator" name="TestRequiredCharactersPresent" />
    </UnitTest>
    <UnitTest name="CreateResponseException_BadRequestStatus_BadRequestException" storage="d:\actions-runner\_work\xpco\xpco\corporate\shared\common.integration\tst\videoos.common.integration.unittests\bin\x64\debug\net472\videoos.common.integration.unittests.dll" id="b3472f8d-2828-1cdf-8c96-94d7cea2b233">
      <Execution id="d34b373c-f11c-42b8-aecd-027c1de104da" />
      <TestMethod codeBase="D:\actions-runner\_work\XPCO\XPCO\Corporate\Shared\Common.Integration\tst\VideoOS.Common.Integration.UnitTests\bin\x64\Debug\net472\VideoOS.Common.Integration.UnitTests.dll" adapterTypeName="executor://mstestadapter/v2" className="VideoOS.Common.Integration.UnitTests.WebAPI.Exceptions.WebApiExceptionHelperTests" name="CreateResponseException_BadRequestStatus_BadRequestException" />
    </UnitTest>
    <UnitTest name="HttpClientCommunicatorWrapper_SendAsyncTRet_CommunicationException" storage="d:\actions-runner\_work\xpco\xpco\corporate\shared\common.integration\tst\videoos.common.integration.unittests\bin\x64\debug\net472\videoos.common.integration.unittests.dll" id="74c662a2-9433-6990-26ff-4f0fdeee76b7">
      <Execution id="56dd9adc-d450-4c96-986e-6ead2189afee" />
      <TestMethod codeBase="D:\actions-runner\_work\XPCO\XPCO\Corporate\Shared\Common.Integration\tst\VideoOS.Common.Integration.UnitTests\bin\x64\Debug\net472\VideoOS.Common.Integration.UnitTests.dll" adapterTypeName="executor://mstestadapter/v2" className="VideoOS.Common.Integration.UnitTests.WebAPI.HttpClientCommunicatorWrapperTests" name="HttpClientCommunicatorWrapper_SendAsyncTRet_CommunicationException" />
    </UnitTest>
    <UnitTest name="ReadChildElementValueAsInt32_RangeCheck_Min_Exact" storage="d:\actions-runner\_work\xpco\xpco\corporate\shared\common.integration\tst\videoos.common.integration.unittests\bin\x64\debug\net472\videoos.common.integration.unittests.dll" id="1816d6f6-bdf0-538b-a698-6f9d2d266160">
      <Execution id="32139433-ffba-4d25-9002-d767636ba8d8" />
      <TestMethod codeBase="D:\actions-runner\_work\XPCO\XPCO\Corporate\Shared\Common.Integration\tst\VideoOS.Common.Integration.UnitTests\bin\x64\Debug\net472\VideoOS.Common.Integration.UnitTests.dll" adapterTypeName="executor://mstestadapter/v2" className="VideoOS.Common.Integration.UnitTests.XmlDocumentExtensionsCoreUnitTests" name="ReadChildElementValueAsInt32_RangeCheck_Min_Exact" />
    </UnitTest>
    <UnitTest name="StreamsConfiguration_LoadXml_And_SaveXml_Success" storage="d:\actions-runner\_work\xpco\xpco\corporate\shared\common.integration\tst\videoos.common.integration.unittests\bin\x64\debug\net472\videoos.common.integration.unittests.dll" id="04fe056f-b830-4199-6133-347e91e2331f">
      <Execution id="5b2ee3e8-ebe3-43e5-9a3a-431062fc6370" />
      <TestMethod codeBase="D:\actions-runner\_work\XPCO\XPCO\Corporate\Shared\Common.Integration\tst\VideoOS.Common.Integration.UnitTests\bin\x64\Debug\net472\VideoOS.Common.Integration.UnitTests.dll" adapterTypeName="executor://mstestadapter/v2" className="VideoOS.Common.Integration.UnitTests.StreamsConfigurationUnitTests" name="StreamsConfiguration_LoadXml_And_SaveXml_Success" />
    </UnitTest>
    <UnitTest name="ServerFileStorageCleanupService_Entries_Deleted_WhenExpired" storage="d:\actions-runner\_work\xpco\xpco\corporate\shared\common.integration\tst\videoos.common.integration.unittests\bin\x64\debug\net472\videoos.common.integration.unittests.dll" id="b7cbd4e0-3d1b-4983-f117-98cf6087ec31">
      <Execution id="f4a54b42-9f50-4e5b-873e-5cb6abf0cc62" />
      <TestMethod codeBase="D:\actions-runner\_work\XPCO\XPCO\Corporate\Shared\Common.Integration\tst\VideoOS.Common.Integration.UnitTests\bin\x64\Debug\net472\VideoOS.Common.Integration.UnitTests.dll" adapterTypeName="executor://mstestadapter/v2" className="VideoOS.Common.Integration.UnitTests.ServerFileStorageCleanupServiceTests" name="ServerFileStorageCleanupService_Entries_Deleted_WhenExpired" />
    </UnitTest>
    <UnitTest name="ModelValidation_ValidModel_Success" storage="d:\actions-runner\_work\xpco\xpco\corporate\shared\common.integration\tst\videoos.common.integration.unittests\bin\x64\debug\net472\videoos.common.integration.unittests.dll" id="dd5c21a1-83eb-caf9-c51c-2774a75fa9c0">
      <Execution id="2a488916-4b5d-46d1-ab66-d074452fc644" />
      <TestMethod codeBase="D:\actions-runner\_work\XPCO\XPCO\Corporate\Shared\Common.Integration\tst\VideoOS.Common.Integration.UnitTests\bin\x64\Debug\net472\VideoOS.Common.Integration.UnitTests.dll" adapterTypeName="executor://mstestadapter/v2" className="VideoOS.Common.Integration.UnitTests.WebAPI.Model.ReportManualRecordingStateModelTest" name="ModelValidation_ValidModel_Success" />
    </UnitTest>
    <UnitTest name="Transform_XmlWithEmptyValues" storage="d:\actions-runner\_work\xpco\xpco\corporate\shared\common.integration\tst\videoos.common.integration.unittests\bin\x64\debug\net472\videoos.common.integration.unittests.dll" id="6e87259d-09b3-67d2-6e70-1aa4e1eba859">
      <Execution id="959283b7-9b62-42b5-bb72-3735779a86ae" />
      <TestMethod codeBase="D:\actions-runner\_work\XPCO\XPCO\Corporate\Shared\Common.Integration\tst\VideoOS.Common.Integration.UnitTests\bin\x64\Debug\net472\VideoOS.Common.Integration.UnitTests.dll" adapterTypeName="executor://mstestadapter/v2" className="VideoOS.Common.Integration.UnitTests.Configuration.SettingsXmlTransformerTests" name="Transform_XmlWithEmptyValues" />
    </UnitTest>
    <UnitTest name="TestMergeGridAreaWithEmptyAndValidArea" storage="d:\actions-runner\_work\xpco\xpco\corporate\shared\common.integration\tst\videoos.common.integration.unittests\bin\x64\debug\net472\videoos.common.integration.unittests.dll" id="ba4cabca-f150-4d30-24b9-afc75cce1b1d">
      <Execution id="a7de9be0-c3ab-4082-aef0-cdc47081a3fd" />
      <TestMethod codeBase="D:\actions-runner\_work\XPCO\XPCO\Corporate\Shared\Common.Integration\tst\VideoOS.Common.Integration.UnitTests\bin\x64\Debug\net472\VideoOS.Common.Integration.UnitTests.dll" adapterTypeName="executor://mstestadapter/v2" className="VideoOS.Common.Integration.UnitTests.Configuration.FillableGridAreaUnitTest" name="TestMergeGridAreaWithEmptyAndValidArea" />
    </UnitTest>
    <UnitTest name="GetAggregateFeeds_UpdateTotalFeedCountsAcrossAllHardware_ThrowException_WhenNull" storage="d:\actions-runner\_work\xpco\xpco\corporate\shared\common.integration\tst\videoos.common.integration.unittests\bin\x64\debug\net472\videoos.common.integration.unittests.dll" id="a92a1664-5348-c36d-d881-f355c36e3a61">
      <Execution id="7e726f6f-648e-497b-aa6f-73767f79f019" />
      <TestMethod codeBase="D:\actions-runner\_work\XPCO\XPCO\Corporate\Shared\Common.Integration\tst\VideoOS.Common.Integration.UnitTests\bin\x64\Debug\net472\VideoOS.Common.Integration.UnitTests.dll" adapterTypeName="executor://mstestadapter/v2" className="VideoOS.Common.Integration.UnitTests.License.HardwareDictionaryTests" name="GetAggregateFeeds_UpdateTotalFeedCountsAcrossAllHardware_ThrowException_WhenNull" />
    </UnitTest>
    <UnitTest name="ConvertStringToPort_NegativePort_ThrowsArgumentOutOfRangeException" storage="d:\actions-runner\_work\xpco\xpco\corporate\shared\common.integration\tst\videoos.common.integration.unittests\bin\x64\debug\net472\videoos.common.integration.unittests.dll" id="a051760f-56e9-b36c-7f92-d910f2778b93">
      <TestCategory>
        <TestCategoryItem TestCategory="UriHandling" />
      </TestCategory>
      <Execution id="b0dace3b-a7d4-4b95-9a4e-36e1e0d15236" />
      <TestMethod codeBase="D:\actions-runner\_work\XPCO\XPCO\Corporate\Shared\Common.Integration\tst\VideoOS.Common.Integration.UnitTests\bin\x64\Debug\net472\VideoOS.Common.Integration.UnitTests.dll" adapterTypeName="executor://mstestadapter/v2" className="VideoOS.Common.Integration.UnitTests.Communication.UriHandlingUnitTests" name="ConvertStringToPort_NegativePort_ThrowsArgumentOutOfRangeException" />
    </UnitTest>
    <UnitTest name="ReadChildElementValueAsUInt64_NameNull" storage="d:\actions-runner\_work\xpco\xpco\corporate\shared\common.integration\tst\videoos.common.integration.unittests\bin\x64\debug\net472\videoos.common.integration.unittests.dll" id="a8adb570-3c77-fd92-2880-fcff3132e10b">
      <Execution id="628613fc-d9e0-4765-9d9d-9edcdb372f4a" />
      <TestMethod codeBase="D:\actions-runner\_work\XPCO\XPCO\Corporate\Shared\Common.Integration\tst\VideoOS.Common.Integration.UnitTests\bin\x64\Debug\net472\VideoOS.Common.Integration.UnitTests.dll" adapterTypeName="executor://mstestadapter/v2" className="VideoOS.Common.Integration.UnitTests.XmlDocumentExtensionsCoreUnitTests" name="ReadChildElementValueAsUInt64_NameNull" />
    </UnitTest>
    <UnitTest name="GroupConfigurationCheckAddOrDeleteMemberEvents" storage="d:\actions-runner\_work\xpco\xpco\corporate\shared\common.integration\tst\videoos.common.integration.unittests\bin\x64\debug\net472\videoos.common.integration.unittests.dll" id="c7d15519-12aa-af74-36da-f8f49a9c6779">
      <TestCategory>
        <TestCategoryItem TestCategory="Rules.GroupConfiguration" />
      </TestCategory>
      <Execution id="aa9f4c72-cacb-4083-8410-44355c0302e8" />
      <TestMethod codeBase="D:\actions-runner\_work\XPCO\XPCO\Corporate\Shared\Common.Integration\tst\VideoOS.Common.Integration.UnitTests\bin\x64\Debug\net472\VideoOS.Common.Integration.UnitTests.dll" adapterTypeName="executor://mstestadapter/v2" className="VideoOS.Common.Integration.UnitTests.Rules.GroupConfigurationTest" name="GroupConfigurationCheckAddOrDeleteMemberEvents" />
    </UnitTest>
    <UnitTest name="CalculateLicenseRequirements_On1ICPHardwareWith3ChannelsAnd1NormalWith3Channels_ReturnsTrue" storage="d:\actions-runner\_work\xpco\xpco\corporate\shared\common.integration\tst\videoos.common.integration.unittests\bin\x64\debug\net472\videoos.common.integration.unittests.dll" id="9736a8ae-f308-ab55-366f-2db7b2222e2a">
      <Execution id="8a3ff55d-3c01-4a9e-84a0-6c1c9bc2ac89" />
      <TestMethod codeBase="D:\actions-runner\_work\XPCO\XPCO\Corporate\Shared\Common.Integration\tst\VideoOS.Common.Integration.UnitTests\bin\x64\Debug\net472\VideoOS.Common.Integration.UnitTests.dll" adapterTypeName="executor://mstestadapter/v2" className="VideoOS.Common.Integration.UnitTests.License.LicenseCalculatorTests" name="CalculateLicenseRequirements_On1ICPHardwareWith3ChannelsAnd1NormalWith3Channels_ReturnsTrue" />
    </UnitTest>
    <UnitTest name="SecurityManager_HasDevicePermission_ViewLive_Timeprofile_Restricted" storage="d:\actions-runner\_work\xpco\xpco\corporate\shared\common.integration\tst\videoos.common.integration.unittests\bin\x64\debug\net472\videoos.common.integration.unittests.dll" id="2cfbec6f-c817-94e4-b492-5c9f6bf6718c">
      <Execution id="25e80f75-cbf2-4395-953b-52dc786bf51a" />
      <TestMethod codeBase="D:\actions-runner\_work\XPCO\XPCO\Corporate\Shared\Common.Integration\tst\VideoOS.Common.Integration.UnitTests\bin\x64\Debug\net472\VideoOS.Common.Integration.UnitTests.dll" adapterTypeName="executor://mstestadapter/v2" className="VideoOS.Common.Integration.UnitTests.Security.SecurityManagerUnitTests" name="SecurityManager_HasDevicePermission_ViewLive_Timeprofile_Restricted" />
    </UnitTest>
    <UnitTest name="HardwareInfo_DecodesDriverAndModelNameUpperWithSingleQuote" storage="d:\actions-runner\_work\xpco\xpco\corporate\shared\common.integration\tst\videoos.common.integration.unittests\bin\x64\debug\net472\videoos.common.integration.unittests.dll" id="e17193a1-0db6-f111-2b7a-d0d6fc175ade">
      <Execution id="a2977155-ae4a-4234-8b78-9bdc59781256" />
      <TestMethod codeBase="D:\actions-runner\_work\XPCO\XPCO\Corporate\Shared\Common.Integration\tst\VideoOS.Common.Integration.UnitTests\bin\x64\Debug\net472\VideoOS.Common.Integration.UnitTests.dll" adapterTypeName="executor://mstestadapter/v2" className="VideoOS.Common.Integration.UnitTests.License.HardwareInfoTests" name="HardwareInfo_DecodesDriverAndModelNameUpperWithSingleQuote" />
    </UnitTest>
    <UnitTest name="ModelValidation_RequiredPropertiesAreNull_Failed" storage="d:\actions-runner\_work\xpco\xpco\corporate\shared\common.integration\tst\videoos.common.integration.unittests\bin\x64\debug\net472\videoos.common.integration.unittests.dll" id="18dd14df-198b-49a2-f78f-464042c6d6d3">
      <Execution id="3367c3d0-6a9a-4725-8eee-e49a0568ad15" />
      <TestMethod codeBase="D:\actions-runner\_work\XPCO\XPCO\Corporate\Shared\Common.Integration\tst\VideoOS.Common.Integration.UnitTests\bin\x64\Debug\net472\VideoOS.Common.Integration.UnitTests.dll" adapterTypeName="executor://mstestadapter/v2" className="VideoOS.Common.Integration.UnitTests.WebAPI.Model.PtzStopSessionModelTest" name="ModelValidation_RequiredPropertiesAreNull_Failed" />
    </UnitTest>
    <UnitTest name="StreamsConfiguration_ValidateConfiguration_Stream_With_No_Selection" storage="d:\actions-runner\_work\xpco\xpco\corporate\shared\common.integration\tst\videoos.common.integration.unittests\bin\x64\debug\net472\videoos.common.integration.unittests.dll" id="21cb4457-3df9-6638-6de2-c89ff2fbb31c">
      <Execution id="55fe2746-baad-4b2e-ad8a-0da508c6c0e0" />
      <TestMethod codeBase="D:\actions-runner\_work\XPCO\XPCO\Corporate\Shared\Common.Integration\tst\VideoOS.Common.Integration.UnitTests\bin\x64\Debug\net472\VideoOS.Common.Integration.UnitTests.dll" adapterTypeName="executor://mstestadapter/v2" className="VideoOS.Common.Integration.UnitTests.StreamsConfigurationUnitTests" name="StreamsConfiguration_ValidateConfiguration_Stream_With_No_Selection" />
    </UnitTest>
    <UnitTest name="ReadChildElementValueAsBoolean_ElementNull" storage="d:\actions-runner\_work\xpco\xpco\corporate\shared\common.integration\tst\videoos.common.integration.unittests\bin\x64\debug\net472\videoos.common.integration.unittests.dll" id="e6a3eac6-4a92-ade1-878f-4f802ed8f76f">
      <Execution id="f0d6a1fd-5403-4d27-bbb2-cd6898ab7a15" />
      <TestMethod codeBase="D:\actions-runner\_work\XPCO\XPCO\Corporate\Shared\Common.Integration\tst\VideoOS.Common.Integration.UnitTests\bin\x64\Debug\net472\VideoOS.Common.Integration.UnitTests.dll" adapterTypeName="executor://mstestadapter/v2" className="VideoOS.Common.Integration.UnitTests.XmlDocumentExtensionsCoreUnitTests" name="ReadChildElementValueAsBoolean_ElementNull" />
    </UnitTest>
    <UnitTest name="HttpClientCommunicatorWrapper_SendAsync_CommunicationException" storage="d:\actions-runner\_work\xpco\xpco\corporate\shared\common.integration\tst\videoos.common.integration.unittests\bin\x64\debug\net472\videoos.common.integration.unittests.dll" id="db63f797-2321-5f9c-6408-fa04cef85df1">
      <Execution id="be4b506a-a607-42de-8f0d-1d0b9420feba" />
      <TestMethod codeBase="D:\actions-runner\_work\XPCO\XPCO\Corporate\Shared\Common.Integration\tst\VideoOS.Common.Integration.UnitTests\bin\x64\Debug\net472\VideoOS.Common.Integration.UnitTests.dll" adapterTypeName="executor://mstestadapter/v2" className="VideoOS.Common.Integration.UnitTests.WebAPI.HttpClientCommunicatorWrapperTests" name="HttpClientCommunicatorWrapper_SendAsync_CommunicationException" />
    </UnitTest>
    <UnitTest name="BaseHtmlLicenseReport_SvgImageLink_WithClass_Success" storage="d:\actions-runner\_work\xpco\xpco\corporate\shared\common.integration\tst\videoos.common.integration.unittests\bin\x64\debug\net472\videoos.common.integration.unittests.dll" id="5b0b6c0e-fe77-f328-38b6-99d7d47feac9">
      <Execution id="3474a4c2-9f10-45f0-bd45-d2e3e0cf9888" />
      <TestMethod codeBase="D:\actions-runner\_work\XPCO\XPCO\Corporate\Shared\Common.Integration\tst\VideoOS.Common.Integration.UnitTests\bin\x64\Debug\net472\VideoOS.Common.Integration.UnitTests.dll" adapterTypeName="executor://mstestadapter/v2" className="VideoOS.Common.Integration.UnitTests.License.BaseHtmlLicenseReportTests" name="BaseHtmlLicenseReport_SvgImageLink_WithClass_Success" />
    </UnitTest>
    <UnitTest name="ServiceDiscoveryEngine_CommunicationError_ServiceNotFound" storage="d:\actions-runner\_work\xpco\xpco\corporate\shared\common.integration\tst\videoos.common.integration.unittests\bin\x64\debug\net472\videoos.common.integration.unittests.dll" id="f0c6cb33-4f14-0311-2137-e4f80b84b338">
      <Execution id="336e75c2-1f9c-4e42-8510-25a155b0ac5c" />
      <TestMethod codeBase="D:\actions-runner\_work\XPCO\XPCO\Corporate\Shared\Common.Integration\tst\VideoOS.Common.Integration.UnitTests\bin\x64\Debug\net472\VideoOS.Common.Integration.UnitTests.dll" adapterTypeName="executor://mstestadapter/v2" className="VideoOS.Common.Integration.UnitTests.WebAPI.Exceptions.ServiceDiscoveryEngineTests" name="ServiceDiscoveryEngine_CommunicationError_ServiceNotFound" />
    </UnitTest>
    <UnitTest name="ReadAttributeAsInt32_RangeCheck_Min_Exact" storage="d:\actions-runner\_work\xpco\xpco\corporate\shared\common.integration\tst\videoos.common.integration.unittests\bin\x64\debug\net472\videoos.common.integration.unittests.dll" id="37c76a2d-da00-b26e-5d0f-cdec68812b5d">
      <Execution id="f814e174-4a77-4a80-a401-ec414e69a3ed" />
      <TestMethod codeBase="D:\actions-runner\_work\XPCO\XPCO\Corporate\Shared\Common.Integration\tst\VideoOS.Common.Integration.UnitTests\bin\x64\Debug\net472\VideoOS.Common.Integration.UnitTests.dll" adapterTypeName="executor://mstestadapter/v2" className="VideoOS.Common.Integration.UnitTests.XmlDocumentExtensionsCoreUnitTests" name="ReadAttributeAsInt32_RangeCheck_Min_Exact" />
    </UnitTest>
    <UnitTest name="WhiteList_IsDriverWhiteListed_HWWith12CH_DriverMaxChannelCountIs16GlobalMaxChannelCountIs10_ReturnsTrue" storage="d:\actions-runner\_work\xpco\xpco\corporate\shared\common.integration\tst\videoos.common.integration.unittests\bin\x64\debug\net472\videoos.common.integration.unittests.dll" id="b8e6fe2d-c2e3-78bf-824f-4f0be8730c44">
      <TestCategory>
        <TestCategoryItem TestCategory="Licensing" />
      </TestCategory>
      <Execution id="7e3c2670-8c0f-4710-99c8-dc19a8ef2566" />
      <TestMethod codeBase="D:\actions-runner\_work\XPCO\XPCO\Corporate\Shared\Common.Integration\tst\VideoOS.Common.Integration.UnitTests\bin\x64\Debug\net472\VideoOS.Common.Integration.UnitTests.dll" adapterTypeName="executor://mstestadapter/v2" className="VideoOS.Common.Integration.UnitTests.License.LicenseWhitelistTests" name="WhiteList_IsDriverWhiteListed_HWWith12CH_DriverMaxChannelCountIs16GlobalMaxChannelCountIs10_ReturnsTrue" />
    </UnitTest>
    <UnitTest name="Decrypt_DataSetHasNoRows_DataSetIsNotChanged" storage="d:\actions-runner\_work\xpco\xpco\corporate\shared\common.integration\tst\videoos.common.integration.unittests\bin\x64\debug\net472\videoos.common.integration.unittests.dll" id="fb5bca7d-97e7-6c84-7db1-7fc35010778a">
      <Execution id="a5456717-5133-4595-9dfb-acd7eaefbded" />
      <TestMethod codeBase="D:\actions-runner\_work\XPCO\XPCO\Corporate\Shared\Common.Integration\tst\VideoOS.Common.Integration.UnitTests\bin\x64\Debug\net472\VideoOS.Common.Integration.UnitTests.dll" adapterTypeName="executor://mstestadapter/v2" className="VideoOS.Common.Integration.UnitTests.Configuration.HostedHardwareTableAdapterTests" name="Decrypt_DataSetHasNoRows_DataSetIsNotChanged" />
    </UnitTest>
    <UnitTest name="HardwareScanProgressResponseModel_NoValuesSet_ValidationFailure" storage="d:\actions-runner\_work\xpco\xpco\corporate\shared\common.integration\tst\videoos.common.integration.unittests\bin\x64\debug\net472\videoos.common.integration.unittests.dll" id="a860f282-2bfd-515f-3a93-910c002485cc">
      <Execution id="64e69589-a502-4525-84b9-e67cde33fe7c" />
      <TestMethod codeBase="D:\actions-runner\_work\XPCO\XPCO\Corporate\Shared\Common.Integration\tst\VideoOS.Common.Integration.UnitTests\bin\x64\Debug\net472\VideoOS.Common.Integration.UnitTests.dll" adapterTypeName="executor://mstestadapter/v2" className="VideoOS.Common.Integration.UnitTests.WebAPI.Model.Server.Responses.HardwareScanProgressResponseModeTest" name="HardwareScanProgressResponseModel_NoValuesSet_ValidationFailure" />
    </UnitTest>
    <UnitTest name="HardwareInfo_HasLicensedCameras_ReturnsFalse_WhenHardwareIsDisabled" storage="d:\actions-runner\_work\xpco\xpco\corporate\shared\common.integration\tst\videoos.common.integration.unittests\bin\x64\debug\net472\videoos.common.integration.unittests.dll" id="469b6c93-9fac-5d69-6a28-11af7773706e">
      <Execution id="168f44c9-925a-49a1-a955-16e2c98e6d8b" />
      <TestMethod codeBase="D:\actions-runner\_work\XPCO\XPCO\Corporate\Shared\Common.Integration\tst\VideoOS.Common.Integration.UnitTests\bin\x64\Debug\net472\VideoOS.Common.Integration.UnitTests.dll" adapterTypeName="executor://mstestadapter/v2" className="VideoOS.Common.Integration.UnitTests.License.HardwareInfoTests" name="HardwareInfo_HasLicensedCameras_ReturnsFalse_WhenHardwareIsDisabled" />
    </UnitTest>
    <UnitTest name="ModelValidation_NonEmptyGuidsAreEmpty_Failed" storage="d:\actions-runner\_work\xpco\xpco\corporate\shared\common.integration\tst\videoos.common.integration.unittests\bin\x64\debug\net472\videoos.common.integration.unittests.dll" id="236f3461-4b7f-7202-33e7-ad4514ee99ac">
      <Execution id="ecfc6ec9-6535-4f34-8cf4-5907976d3779" />
      <TestMethod codeBase="D:\actions-runner\_work\XPCO\XPCO\Corporate\Shared\Common.Integration\tst\VideoOS.Common.Integration.UnitTests\bin\x64\Debug\net472\VideoOS.Common.Integration.UnitTests.dll" adapterTypeName="executor://mstestadapter/v2" className="VideoOS.Common.Integration.UnitTests.WebAPI.Model.PtzReserveSessionModelTest" name="ModelValidation_NonEmptyGuidsAreEmpty_Failed" />
    </UnitTest>
    <UnitTest name="ReadChildElementValueAsUInt16_NameNull" storage="d:\actions-runner\_work\xpco\xpco\corporate\shared\common.integration\tst\videoos.common.integration.unittests\bin\x64\debug\net472\videoos.common.integration.unittests.dll" id="ba52b13a-f54f-f86d-de71-5094aefa8f99">
      <Execution id="c1bac4a4-8770-4963-b742-71c6a1b10fb4" />
      <TestMethod codeBase="D:\actions-runner\_work\XPCO\XPCO\Corporate\Shared\Common.Integration\tst\VideoOS.Common.Integration.UnitTests\bin\x64\Debug\net472\VideoOS.Common.Integration.UnitTests.dll" adapterTypeName="executor://mstestadapter/v2" className="VideoOS.Common.Integration.UnitTests.XmlDocumentExtensionsCoreUnitTests" name="ReadChildElementValueAsUInt16_NameNull" />
    </UnitTest>
    <UnitTest name="PtzPresetCollection_Remove_Success" storage="d:\actions-runner\_work\xpco\xpco\corporate\shared\common.integration\tst\videoos.common.integration.unittests\bin\x64\debug\net472\videoos.common.integration.unittests.dll" id="40237535-c65e-bf65-02ec-14946db44db4">
      <Execution id="49aff452-8f98-4b24-9065-c63ac6687a5a" />
      <TestMethod codeBase="D:\actions-runner\_work\XPCO\XPCO\Corporate\Shared\Common.Integration\tst\VideoOS.Common.Integration.UnitTests\bin\x64\Debug\net472\VideoOS.Common.Integration.UnitTests.dll" adapterTypeName="executor://mstestadapter/v2" className="VideoOS.Common.Integration.UnitTests.PtzPresetCollectionUnitTests" name="PtzPresetCollection_Remove_Success" />
    </UnitTest>
    <UnitTest name="HttpClientCommunicatorWrapper_Patch_Success" storage="d:\actions-runner\_work\xpco\xpco\corporate\shared\common.integration\tst\videoos.common.integration.unittests\bin\x64\debug\net472\videoos.common.integration.unittests.dll" id="56f329a8-fd15-1548-23f2-fcb402e9c480">
      <Execution id="ad2f1a92-9369-4893-a675-27af4fa9fc43" />
      <TestMethod codeBase="D:\actions-runner\_work\XPCO\XPCO\Corporate\Shared\Common.Integration\tst\VideoOS.Common.Integration.UnitTests\bin\x64\Debug\net472\VideoOS.Common.Integration.UnitTests.dll" adapterTypeName="executor://mstestadapter/v2" className="VideoOS.Common.Integration.UnitTests.WebAPI.HttpClientCommunicatorWrapperTests" name="HttpClientCommunicatorWrapper_Patch_Success" />
    </UnitTest>
    <UnitTest name="EncryptingActivationCredentialsSystemSetting" storage="d:\actions-runner\_work\xpco\xpco\corporate\shared\common.integration\tst\videoos.common.integration.unittests\bin\x64\debug\net472\videoos.common.integration.unittests.dll" id="84301692-b472-5f6e-1737-760f9edcea65">
      <Execution id="433c444b-f430-4f2b-8013-057ec4d31ff2" />
      <TestMethod codeBase="D:\actions-runner\_work\XPCO\XPCO\Corporate\Shared\Common.Integration\tst\VideoOS.Common.Integration.UnitTests\bin\x64\Debug\net472\VideoOS.Common.Integration.UnitTests.dll" adapterTypeName="executor://mstestadapter/v2" className="VideoOS.Common.Integration.UnitTests.Configuration.XmlEncryptionHelperTests" name="EncryptingActivationCredentialsSystemSetting" />
    </UnitTest>
    <UnitTest name="EnableCameraIndexes_ReturnEmptyArray" storage="d:\actions-runner\_work\xpco\xpco\corporate\shared\common.integration\tst\videoos.common.integration.unittests\bin\x64\debug\net472\videoos.common.integration.unittests.dll" id="04a33173-dd27-f87b-e142-49d4c8f0a54d">
      <Execution id="227d240a-45d3-4230-be82-7715858d2a78" />
      <TestMethod codeBase="D:\actions-runner\_work\XPCO\XPCO\Corporate\Shared\Common.Integration\tst\VideoOS.Common.Integration.UnitTests\bin\x64\Debug\net472\VideoOS.Common.Integration.UnitTests.dll" adapterTypeName="executor://mstestadapter/v2" className="VideoOS.Common.Integration.UnitTests.License.HardwareDictionaryTests" name="EnableCameraIndexes_ReturnEmptyArray" />
    </UnitTest>
    <UnitTest name="FeatureInformation_QueryAllLicensedFeatures_ReturnsCorrectNumber_OnLicenseDocumentWithAllFeatures" storage="d:\actions-runner\_work\xpco\xpco\corporate\shared\common.integration\tst\videoos.common.integration.unittests\bin\x64\debug\net472\videoos.common.integration.unittests.dll" id="68437558-f1dc-ceed-8412-f46f1b1ae510">
      <Execution id="5edec524-2b78-4dbb-8291-e103b6c9db8f" />
      <TestMethod codeBase="D:\actions-runner\_work\XPCO\XPCO\Corporate\Shared\Common.Integration\tst\VideoOS.Common.Integration.UnitTests\bin\x64\Debug\net472\VideoOS.Common.Integration.UnitTests.dll" adapterTypeName="executor://mstestadapter/v2" className="VideoOS.Common.Integration.UnitTests.License.FeatureInformationTests" name="FeatureInformation_QueryAllLicensedFeatures_ReturnsCorrectNumber_OnLicenseDocumentWithAllFeatures" />
    </UnitTest>
    <UnitTest name="ServiceDiscovery_SendAsync_CommunicationError_HttpRequestException" storage="d:\actions-runner\_work\xpco\xpco\corporate\shared\common.integration\tst\videoos.common.integration.unittests\bin\x64\debug\net472\videoos.common.integration.unittests.dll" id="7b7920ef-bfb2-6f69-e68b-5476eb9595cf">
      <Execution id="aad531d1-219f-4e42-b456-de8f8716a336" />
      <TestMethod codeBase="D:\actions-runner\_work\XPCO\XPCO\Corporate\Shared\Common.Integration\tst\VideoOS.Common.Integration.UnitTests\bin\x64\Debug\net472\VideoOS.Common.Integration.UnitTests.dll" adapterTypeName="executor://mstestadapter/v2" className="VideoOS.Common.Integration.WebApi.HttpClientCommunicatorUnitTests" name="ServiceDiscovery_SendAsync_CommunicationError_HttpRequestException" />
    </UnitTest>
    <UnitTest name="Construct_LicenseActivationService_RelativeUri_ThrowsArgumentException" storage="d:\actions-runner\_work\xpco\xpco\corporate\shared\common.integration\tst\videoos.common.integration.unittests\bin\x64\debug\net472\videoos.common.integration.unittests.dll" id="aa6a1320-24ff-bbcf-ab6f-48f78bd5eb7b">
      <Execution id="671d0905-7786-4a87-8fb1-fb834311471f" />
      <TestMethod codeBase="D:\actions-runner\_work\XPCO\XPCO\Corporate\Shared\Common.Integration\tst\VideoOS.Common.Integration.UnitTests\bin\x64\Debug\net472\VideoOS.Common.Integration.UnitTests.dll" adapterTypeName="executor://mstestadapter/v2" className="VideoOS.Common.Integration.UnitTests.License.LicenseActivationServiceTests" name="Construct_LicenseActivationService_RelativeUri_ThrowsArgumentException" />
    </UnitTest>
    <UnitTest name="Recorder_Construct_InvalidLastModified_NotUtc_Throws_ArgumentException" storage="d:\actions-runner\_work\xpco\xpco\corporate\shared\common.integration\tst\videoos.common.integration.unittests\bin\x64\debug\net472\videoos.common.integration.unittests.dll" id="b9c9bd7b-a356-33a0-bec3-574ce9bb28cd">
      <Execution id="3be05d46-59aa-4a74-891f-7e01fc56248b" />
      <TestMethod codeBase="D:\actions-runner\_work\XPCO\XPCO\Corporate\Shared\Common.Integration\tst\VideoOS.Common.Integration.UnitTests\bin\x64\Debug\net472\VideoOS.Common.Integration.UnitTests.dll" adapterTypeName="executor://mstestadapter/v2" className="VideoOS.Common.Integration.UnitTests.License.LicenseInfoTests" name="Recorder_Construct_InvalidLastModified_NotUtc_Throws_ArgumentException" />
    </UnitTest>
    <UnitTest name="ThreadPoolMessageProcessor_QueueMessagesTest" storage="d:\actions-runner\_work\xpco\xpco\corporate\shared\common.integration\tst\videoos.common.integration.unittests\bin\x64\debug\net472\videoos.common.integration.unittests.dll" id="a211bf2f-4846-ffae-0c47-9ba55079af98">
      <Execution id="67c3b203-a4a9-4108-ac32-5fdb6f910603" />
      <TestMethod codeBase="D:\actions-runner\_work\XPCO\XPCO\Corporate\Shared\Common.Integration\tst\VideoOS.Common.Integration.UnitTests\bin\x64\Debug\net472\VideoOS.Common.Integration.UnitTests.dll" adapterTypeName="executor://mstestadapter/v2" className="VideoOS.Common.Integration.UnitTests.MessageProcessing.ThreadPoolMessageProcessorTest" name="ThreadPoolMessageProcessor_QueueMessagesTest" />
    </UnitTest>
    <UnitTest name="BulkEventModel_Validate_Success" storage="d:\actions-runner\_work\xpco\xpco\corporate\shared\common.integration\tst\videoos.common.integration.unittests\bin\x64\debug\net472\videoos.common.integration.unittests.dll" id="c89ecc3c-6042-3bf1-ae11-61573d52106a">
      <Execution id="a44d923e-606b-40e5-adfd-8c587bcc0c9c" />
      <TestMethod codeBase="D:\actions-runner\_work\XPCO\XPCO\Corporate\Shared\Common.Integration\tst\VideoOS.Common.Integration.UnitTests\bin\x64\Debug\net472\VideoOS.Common.Integration.UnitTests.dll" adapterTypeName="executor://mstestadapter/v2" className="VideoOS.Common.Integration.UnitTests.WebAPI.Model.BulkEventModelTest" name="BulkEventModel_Validate_Success" />
    </UnitTest>
    <UnitTest name="GetAggregateFeeds_UpdateTotalFeedCountsAcrossAllHardware_SucceedWhen_MacAddressInHardwareDictionary" storage="d:\actions-runner\_work\xpco\xpco\corporate\shared\common.integration\tst\videoos.common.integration.unittests\bin\x64\debug\net472\videoos.common.integration.unittests.dll" id="e0c894ce-4b08-1cac-07fc-0d570b990102">
      <Execution id="e09af343-389a-4c50-8ea1-08f26c91578a" />
      <TestMethod codeBase="D:\actions-runner\_work\XPCO\XPCO\Corporate\Shared\Common.Integration\tst\VideoOS.Common.Integration.UnitTests\bin\x64\Debug\net472\VideoOS.Common.Integration.UnitTests.dll" adapterTypeName="executor://mstestadapter/v2" className="VideoOS.Common.Integration.UnitTests.License.HardwareDictionaryTests" name="GetAggregateFeeds_UpdateTotalFeedCountsAcrossAllHardware_SucceedWhen_MacAddressInHardwareDictionary" />
    </UnitTest>
    <UnitTest name="ServerFileStorage_SetPosition_Success" storage="d:\actions-runner\_work\xpco\xpco\corporate\shared\common.integration\tst\videoos.common.integration.unittests\bin\x64\debug\net472\videoos.common.integration.unittests.dll" id="1a96ff41-b719-51eb-38ba-9a20c45ec1c0">
      <Execution id="32d48379-1c85-40dc-9a49-4fdc5faf7ec1" />
      <TestMethod codeBase="D:\actions-runner\_work\XPCO\XPCO\Corporate\Shared\Common.Integration\tst\VideoOS.Common.Integration.UnitTests\bin\x64\Debug\net472\VideoOS.Common.Integration.UnitTests.dll" adapterTypeName="executor://mstestadapter/v2" className="VideoOS.Common.Integration.UnitTests.ServerFileStorageTests" name="ServerFileStorage_SetPosition_Success" />
    </UnitTest>
    <UnitTest name="CreateInstance_SettingsFileDoesNotExist_ReturnsDefaultInstance" storage="d:\actions-runner\_work\xpco\xpco\corporate\shared\common.integration\tst\videoos.common.integration.unittests\bin\x64\debug\net472\videoos.common.integration.unittests.dll" id="96d443a5-b412-1807-e482-ec5c3f804441">
      <Execution id="eb98e294-2a9a-4cfc-9401-7363ca7cee4c" />
      <TestMethod codeBase="D:\actions-runner\_work\XPCO\XPCO\Corporate\Shared\Common.Integration\tst\VideoOS.Common.Integration.UnitTests\bin\x64\Debug\net472\VideoOS.Common.Integration.UnitTests.dll" adapterTypeName="executor://mstestadapter/v2" className="VideoOS.Common.Integration.UnitTests.ServerValidation.LocalUserOptionsTests" name="CreateInstance_SettingsFileDoesNotExist_ReturnsDefaultInstance" />
    </UnitTest>
    <UnitTest name="CalculateLicenseRequirementsForHardware_ICPHardware_ReturnsNull" storage="d:\actions-runner\_work\xpco\xpco\corporate\shared\common.integration\tst\videoos.common.integration.unittests\bin\x64\debug\net472\videoos.common.integration.unittests.dll" id="a347653d-56d8-e3e1-c5d9-0a7195129966">
      <Execution id="2c1edb0f-9d24-4b15-beea-0b62bbf53486" />
      <TestMethod codeBase="D:\actions-runner\_work\XPCO\XPCO\Corporate\Shared\Common.Integration\tst\VideoOS.Common.Integration.UnitTests\bin\x64\Debug\net472\VideoOS.Common.Integration.UnitTests.dll" adapterTypeName="executor://mstestadapter/v2" className="VideoOS.Common.Integration.UnitTests.License.LicenseCalculatorTests" name="CalculateLicenseRequirementsForHardware_ICPHardware_ReturnsNull" />
    </UnitTest>
    <UnitTest name="TestHasFilledCellWithEmptyArea" storage="d:\actions-runner\_work\xpco\xpco\corporate\shared\common.integration\tst\videoos.common.integration.unittests\bin\x64\debug\net472\videoos.common.integration.unittests.dll" id="5fa49e27-1d01-1ee0-f151-f9eef3c86726">
      <Execution id="9db62160-a214-4cba-9abf-04c1ac4fa615" />
      <TestMethod codeBase="D:\actions-runner\_work\XPCO\XPCO\Corporate\Shared\Common.Integration\tst\VideoOS.Common.Integration.UnitTests\bin\x64\Debug\net472\VideoOS.Common.Integration.UnitTests.dll" adapterTypeName="executor://mstestadapter/v2" className="VideoOS.Common.Integration.UnitTests.Configuration.FillableGridAreaUnitTest" name="TestHasFilledCellWithEmptyArea" />
    </UnitTest>
    <UnitTest name="WarningResponseModel_Validate_Success" storage="d:\actions-runner\_work\xpco\xpco\corporate\shared\common.integration\tst\videoos.common.integration.unittests\bin\x64\debug\net472\videoos.common.integration.unittests.dll" id="024e84b1-e2c2-8e50-918a-9af9433a5ada">
      <Execution id="3ae84acd-a605-475e-8643-0334bd735659" />
      <TestMethod codeBase="D:\actions-runner\_work\XPCO\XPCO\Corporate\Shared\Common.Integration\tst\VideoOS.Common.Integration.UnitTests\bin\x64\Debug\net472\VideoOS.Common.Integration.UnitTests.dll" adapterTypeName="executor://mstestadapter/v2" className="VideoOS.Common.Integration.UnitTests.WebApi.Model.WarningResponseModelTest" name="WarningResponseModel_Validate_Success" />
    </UnitTest>
    <UnitTest name="RecurringSchedule_CaseInsensitiveElementNames" storage="d:\actions-runner\_work\xpco\xpco\corporate\shared\common.integration\tst\videoos.common.integration.unittests\bin\x64\debug\net472\videoos.common.integration.unittests.dll" id="392c8b56-9465-52cc-1bd7-e3147efe6727">
      <Execution id="9317222c-e85d-4b6e-9cc0-67d10e4424b9" />
      <TestMethod codeBase="D:\actions-runner\_work\XPCO\XPCO\Corporate\Shared\Common.Integration\tst\VideoOS.Common.Integration.UnitTests\bin\x64\Debug\net472\VideoOS.Common.Integration.UnitTests.dll" adapterTypeName="executor://mstestadapter/v2" className="VideoOS.Common.Integration.UnitTests.Scheduling.RecurringScheduleTest" name="RecurringSchedule_CaseInsensitiveElementNames" />
    </UnitTest>
    <UnitTest name="FeatureManager_HasLicense_WithoutLicense_ReturnFalse" storage="d:\actions-runner\_work\xpco\xpco\corporate\shared\common.integration\tst\videoos.common.integration.unittests\bin\x64\debug\net472\videoos.common.integration.unittests.dll" id="e383c712-b012-a5d0-3339-d1060b601c1b">
      <Execution id="644be104-737b-4bc7-9173-420904b28374" />
      <TestMethod codeBase="D:\actions-runner\_work\XPCO\XPCO\Corporate\Shared\Common.Integration\tst\VideoOS.Common.Integration.UnitTests\bin\x64\Debug\net472\VideoOS.Common.Integration.UnitTests.dll" adapterTypeName="executor://mstestadapter/v2" className="VideoOS.Common.Integration.UnitTests.License.FeatureManagerTest" name="FeatureManager_HasLicense_WithoutLicense_ReturnFalse" />
    </UnitTest>
    <UnitTest name="CertificateSelection2_ToXmlandFromXml_Success" storage="d:\actions-runner\_work\xpco\xpco\corporate\shared\common.integration\tst\videoos.common.integration.unittests\bin\x64\debug\net472\videoos.common.integration.unittests.dll" id="0dbe4e13-daa7-6cf0-2d89-882abfacdb28">
      <Execution id="8972cd81-3858-46e1-8572-09c356a296c4" />
      <TestMethod codeBase="D:\actions-runner\_work\XPCO\XPCO\Corporate\Shared\Common.Integration\tst\VideoOS.Common.Integration.UnitTests\bin\x64\Debug\net472\VideoOS.Common.Integration.UnitTests.dll" adapterTypeName="executor://mstestadapter/v2" className="VideoOS.Common.Integration.UnitTests.CertificateHandling.CertificateSelection2Tests" name="CertificateSelection2_ToXmlandFromXml_Success" />
    </UnitTest>
    <UnitTest name="Validate_PartialMatch_Found_EndOfWord_UpperCase_Success" storage="d:\actions-runner\_work\xpco\xpco\corporate\shared\common.integration\tst\videoos.common.integration.unittests\bin\x64\debug\net472\videoos.common.integration.unittests.dll" id="5f1dc5c0-e96a-35be-e365-2a8f8ef0d028">
      <Execution id="bdb07330-6c27-4dcf-8b3f-72f9c806c0c5" />
      <TestMethod codeBase="D:\actions-runner\_work\XPCO\XPCO\Corporate\Shared\Common.Integration\tst\VideoOS.Common.Integration.UnitTests\bin\x64\Debug\net472\VideoOS.Common.Integration.UnitTests.dll" adapterTypeName="executor://mstestadapter/v2" className="VideoOS.Common.Integration.UnitTests.License.WhitelistMatchHelperTests" name="Validate_PartialMatch_Found_EndOfWord_UpperCase_Success" />
    </UnitTest>
    <UnitTest name="BoolResponseModel_Validate_Success" storage="d:\actions-runner\_work\xpco\xpco\corporate\shared\common.integration\tst\videoos.common.integration.unittests\bin\x64\debug\net472\videoos.common.integration.unittests.dll" id="79039750-0fd3-5a6c-030a-172ff337180f">
      <Execution id="105858ca-e6e2-4158-93ca-5c2162eee155" />
      <TestMethod codeBase="D:\actions-runner\_work\XPCO\XPCO\Corporate\Shared\Common.Integration\tst\VideoOS.Common.Integration.UnitTests\bin\x64\Debug\net472\VideoOS.Common.Integration.UnitTests.dll" adapterTypeName="executor://mstestadapter/v2" className="VideoOS.Common.Integration.UnitTests.WebAPI.Model.Server.Responses.BoolResponseModelTest" name="BoolResponseModel_Validate_Success" />
    </UnitTest>
    <UnitTest name="Create_Mac_Address_Hash_String_Mac_Null" storage="d:\actions-runner\_work\xpco\xpco\corporate\shared\common.integration\tst\videoos.common.integration.unittests\bin\x64\debug\net472\videoos.common.integration.unittests.dll" id="0dbaefc6-5343-3f91-f9cd-c7fbbb2f2275">
      <Execution id="20efa2af-8c24-4415-8c8e-1c904a4e1b06" />
      <TestMethod codeBase="D:\actions-runner\_work\XPCO\XPCO\Corporate\Shared\Common.Integration\tst\VideoOS.Common.Integration.UnitTests\bin\x64\Debug\net472\VideoOS.Common.Integration.UnitTests.dll" adapterTypeName="executor://mstestadapter/v2" className="VideoOS.Common.Integration.UnitTests.License.MacAddressUtilitiesTest" name="Create_Mac_Address_Hash_String_Mac_Null" />
    </UnitTest>
    <UnitTest name="TaskModel_Constructor_ServerTaskDto_Success" storage="d:\actions-runner\_work\xpco\xpco\corporate\shared\common.integration\tst\videoos.common.integration.unittests\bin\x64\debug\net472\videoos.common.integration.unittests.dll" id="9b7fbb39-62bc-644c-3f1a-6c61e49b24e2">
      <Execution id="0f96f332-e638-4de3-8f56-2cba8e7c3b38" />
      <TestMethod codeBase="D:\actions-runner\_work\XPCO\XPCO\Corporate\Shared\Common.Integration\tst\VideoOS.Common.Integration.UnitTests\bin\x64\Debug\net472\VideoOS.Common.Integration.UnitTests.dll" adapterTypeName="executor://mstestadapter/v2" className="VideoOS.Common.Integration.UnitTests.WebAPI.Model.TaskModelTest" name="TaskModel_Constructor_ServerTaskDto_Success" />
    </UnitTest>
    <UnitTest name="ServiceContainer_GetTransient_Instance_Success" storage="d:\actions-runner\_work\xpco\xpco\corporate\shared\common.integration\tst\videoos.common.integration.unittests\bin\x64\debug\net472\videoos.common.integration.unittests.dll" id="d925d153-e12c-6dcf-09cc-189e9fc381bf">
      <TestCategory>
        <TestCategoryItem TestCategory="ServiceContainer" />
      </TestCategory>
      <Execution id="7ccde46c-d90f-4faf-a404-e55842ace9f8" />
      <TestMethod codeBase="D:\actions-runner\_work\XPCO\XPCO\Corporate\Shared\Common.Integration\tst\VideoOS.Common.Integration.UnitTests\bin\x64\Debug\net472\VideoOS.Common.Integration.UnitTests.dll" adapterTypeName="executor://mstestadapter/v2" className="VideoOS.Common.Integration.ServiceContainerTests.ServiceContainerUnitTests" name="ServiceContainer_GetTransient_Instance_Success" />
    </UnitTest>
    <UnitTest name="DatabaseResponseDiskUsagesModel_Validate_Success" storage="d:\actions-runner\_work\xpco\xpco\corporate\shared\common.integration\tst\videoos.common.integration.unittests\bin\x64\debug\net472\videoos.common.integration.unittests.dll" id="fd4da348-d422-1e3d-8bd6-b982672088ec">
      <Execution id="9f03bc8a-c14e-40d9-9a9b-d56424549bbb" />
      <TestMethod codeBase="D:\actions-runner\_work\XPCO\XPCO\Corporate\Shared\Common.Integration\tst\VideoOS.Common.Integration.UnitTests\bin\x64\Debug\net472\VideoOS.Common.Integration.UnitTests.dll" adapterTypeName="executor://mstestadapter/v2" className="VideoOS.Common.Integration.UnitTests.WebApi.Model.DatabaseResponseModelTest" name="DatabaseResponseDiskUsagesModel_Validate_Success" />
    </UnitTest>
    <UnitTest name="ProcessDifferentCommandsOnASingleBulkCommand" storage="d:\actions-runner\_work\xpco\xpco\corporate\shared\common.integration\tst\videoos.common.integration.unittests\bin\x64\debug\net472\videoos.common.integration.unittests.dll" id="0124b36c-4a3e-85d8-2f91-7ab6304bf214">
      <Execution id="1b6c9e63-d1c1-40ec-8ecf-2abd71eaf4ac" />
      <TestMethod codeBase="D:\actions-runner\_work\XPCO\XPCO\Corporate\Shared\Common.Integration\tst\VideoOS.Common.Integration.UnitTests\bin\x64\Debug\net472\VideoOS.Common.Integration.UnitTests.dll" adapterTypeName="executor://mstestadapter/v2" className="VideoOS.Common.Integration.UnitTests.MessageProcessing.ThreadPoolBulkMessageProcessorUnitTest" name="ProcessDifferentCommandsOnASingleBulkCommand" />
    </UnitTest>
    <UnitTest name="DataSetUtility_UpdateLastModified_ConfigurationDataSet_DevicePrivacyMask_LastModified_Not_Changed" storage="d:\actions-runner\_work\xpco\xpco\corporate\shared\common.integration\tst\videoos.common.integration.unittests\bin\x64\debug\net472\videoos.common.integration.unittests.dll" id="f46f38fb-bed1-6e67-6148-a4182fc87e06">
      <Execution id="7f15c65d-c759-47c7-b011-122a36e2bfd5" />
      <TestMethod codeBase="D:\actions-runner\_work\XPCO\XPCO\Corporate\Shared\Common.Integration\tst\VideoOS.Common.Integration.UnitTests\bin\x64\Debug\net472\VideoOS.Common.Integration.UnitTests.dll" adapterTypeName="executor://mstestadapter/v2" className="VideoOS.Common.Integration.UnitTests.DataSetUtilityUnitTests" name="DataSetUtility_UpdateLastModified_ConfigurationDataSet_DevicePrivacyMask_LastModified_Not_Changed" />
    </UnitTest>
    <UnitTest name="LicenseDocument_ValidateIsDeviceLicensed_IcpDevice_ThrowsInvalidOperationException" storage="d:\actions-runner\_work\xpco\xpco\corporate\shared\common.integration\tst\videoos.common.integration.unittests\bin\x64\debug\net472\videoos.common.integration.unittests.dll" id="498a1b1e-8d55-58c9-df64-d8e209ece96d">
      <TestCategory>
        <TestCategoryItem TestCategory="LicenseDocumentTest" />
      </TestCategory>
      <Execution id="3e4226f8-9ebf-4089-bd60-6c32ef31bc9f" />
      <TestMethod codeBase="D:\actions-runner\_work\XPCO\XPCO\Corporate\Shared\Common.Integration\tst\VideoOS.Common.Integration.UnitTests\bin\x64\Debug\net472\VideoOS.Common.Integration.UnitTests.dll" adapterTypeName="executor://mstestadapter/v2" className="VideoOS.Common.Integration.UnitTests.License.LicenseDocumentTests" name="LicenseDocument_ValidateIsDeviceLicensed_IcpDevice_ThrowsInvalidOperationException" />
    </UnitTest>
    <UnitTest name="Validate_PopulateGrid_ValidateOemTextExists_ValidOemUrl_Success" storage="d:\actions-runner\_work\xpco\xpco\corporate\shared\common.integration\tst\videoos.common.integration.unittests\bin\x64\debug\net472\videoos.common.integration.unittests.dll" id="00a49783-5d77-72b8-6909-2cb68bb962c9">
      <Execution id="14df2fa5-cfdd-48d3-bae0-30fb6602af65" />
      <TestMethod codeBase="D:\actions-runner\_work\XPCO\XPCO\Corporate\Shared\Common.Integration\tst\VideoOS.Common.Integration.UnitTests\bin\x64\Debug\net472\VideoOS.Common.Integration.UnitTests.dll" adapterTypeName="executor://mstestadapter/v2" className="VideoOS.Common.Integration.UnitTests.License.LicenseReportGeneratorTests" name="Validate_PopulateGrid_ValidateOemTextExists_ValidOemUrl_Success" />
    </UnitTest>
    <UnitTest name="LicenseCalculationResult_Validate_Null_ModelName_ConvertsToStringEmpty" storage="d:\actions-runner\_work\xpco\xpco\corporate\shared\common.integration\tst\videoos.common.integration.unittests\bin\x64\debug\net472\videoos.common.integration.unittests.dll" id="76814338-82a2-b37a-b9d9-4f9c44ce8e19">
      <Execution id="1ba61951-9d3b-436a-bbd3-ce121c06168d" />
      <TestMethod codeBase="D:\actions-runner\_work\XPCO\XPCO\Corporate\Shared\Common.Integration\tst\VideoOS.Common.Integration.UnitTests\bin\x64\Debug\net472\VideoOS.Common.Integration.UnitTests.dll" adapterTypeName="executor://mstestadapter/v2" className="VideoOS.Common.Integration.UnitTests.License.LicenseCalculatorTests" name="LicenseCalculationResult_Validate_Null_ModelName_ConvertsToStringEmpty" />
    </UnitTest>
    <UnitTest name="ReadChildElementValueAsBoolean_SunnyDayTrue" storage="d:\actions-runner\_work\xpco\xpco\corporate\shared\common.integration\tst\videoos.common.integration.unittests\bin\x64\debug\net472\videoos.common.integration.unittests.dll" id="7dc6969e-8bf0-b82c-f625-3bdb02560a04">
      <Execution id="26c275d5-d18d-47a4-ba1f-47021017a07e" />
      <TestMethod codeBase="D:\actions-runner\_work\XPCO\XPCO\Corporate\Shared\Common.Integration\tst\VideoOS.Common.Integration.UnitTests\bin\x64\Debug\net472\VideoOS.Common.Integration.UnitTests.dll" adapterTypeName="executor://mstestadapter/v2" className="VideoOS.Common.Integration.UnitTests.XmlDocumentExtensionsCoreUnitTests" name="ReadChildElementValueAsBoolean_SunnyDayTrue" />
    </UnitTest>
    <UnitTest name="WhiteList_IsHardwareWhiteListed_NullDriverNullModel_ReturnsFalse_ChannelLicenseCountIs5" storage="d:\actions-runner\_work\xpco\xpco\corporate\shared\common.integration\tst\videoos.common.integration.unittests\bin\x64\debug\net472\videoos.common.integration.unittests.dll" id="1c0c5f0b-295a-ae38-ae07-141ec577c98c">
      <TestCategory>
        <TestCategoryItem TestCategory="Licensing" />
      </TestCategory>
      <Execution id="ce204489-82ed-46b7-afce-6be480f7e8ff" />
      <TestMethod codeBase="D:\actions-runner\_work\XPCO\XPCO\Corporate\Shared\Common.Integration\tst\VideoOS.Common.Integration.UnitTests\bin\x64\Debug\net472\VideoOS.Common.Integration.UnitTests.dll" adapterTypeName="executor://mstestadapter/v2" className="VideoOS.Common.Integration.UnitTests.License.LicenseWhitelistTests" name="WhiteList_IsHardwareWhiteListed_NullDriverNullModel_ReturnsFalse_ChannelLicenseCountIs5" />
    </UnitTest>
    <UnitTest name="IsValueTypeAac_ReturnFalse_OnNull" storage="d:\actions-runner\_work\xpco\xpco\corporate\shared\common.integration\tst\videoos.common.integration.unittests\bin\x64\debug\net472\videoos.common.integration.unittests.dll" id="bf5ee36e-3682-8989-b013-f0a312f9945d">
      <Execution id="0e42a0cb-b22c-4d2b-8d77-c8fa09763d9e" />
      <TestMethod codeBase="D:\actions-runner\_work\XPCO\XPCO\Corporate\Shared\Common.Integration\tst\VideoOS.Common.Integration.UnitTests\bin\x64\Debug\net472\VideoOS.Common.Integration.UnitTests.dll" adapterTypeName="executor://mstestadapter/v2" className="VideoOS.Common.Integration.UnitTests.DriverDefinition.DefinitionUtilityTests" name="IsValueTypeAac_ReturnFalse_OnNull" />
    </UnitTest>
    <UnitTest name="FormatAuthority__BeforeValueIsIpWithPort_FormattedUriHasPort" storage="d:\actions-runner\_work\xpco\xpco\corporate\shared\common.integration\tst\videoos.common.integration.unittests\bin\x64\debug\net472\videoos.common.integration.unittests.dll" id="132fb741-b774-7c99-6c3f-97a7e4f0a892">
      <Execution id="ad95d83e-0169-4777-9db5-275c3972b39b" />
      <TestMethod codeBase="D:\actions-runner\_work\XPCO\XPCO\Corporate\Shared\Common.Integration\tst\VideoOS.Common.Integration.UnitTests\bin\x64\Debug\net472\VideoOS.Common.Integration.UnitTests.dll" adapterTypeName="executor://mstestadapter/v2" className="VideoOS.Common.Integration.UnitTests.IdpUriParserTests" name="FormatAuthority__BeforeValueIsIpWithPort_FormattedUriHasPort" />
    </UnitTest>
    <UnitTest name="ModelValidation_ValidModel_Success" storage="d:\actions-runner\_work\xpco\xpco\corporate\shared\common.integration\tst\videoos.common.integration.unittests\bin\x64\debug\net472\videoos.common.integration.unittests.dll" id="7b1ed61a-0f13-29da-b9e9-f2db7fca317a">
      <Execution id="2bca3ddb-99cb-4e61-8afb-f9011a6ef87d" />
      <TestMethod codeBase="D:\actions-runner\_work\XPCO\XPCO\Corporate\Shared\Common.Integration\tst\VideoOS.Common.Integration.UnitTests\bin\x64\Debug\net472\VideoOS.Common.Integration.UnitTests.dll" adapterTypeName="executor://mstestadapter/v2" className="VideoOS.Common.Integration.UnitTests.WebAPI.Model.VideoWallModelTest" name="ModelValidation_ValidModel_Success" />
    </UnitTest>
    <UnitTest name="LicenseDocument_Constructor_ThrowsLicenseException_OnInvalidData" storage="d:\actions-runner\_work\xpco\xpco\corporate\shared\common.integration\tst\videoos.common.integration.unittests\bin\x64\debug\net472\videoos.common.integration.unittests.dll" id="7be8c895-2c24-951c-351b-14dd4773fffb">
      <TestCategory>
        <TestCategoryItem TestCategory="LicenseDocumentTest" />
      </TestCategory>
      <Execution id="273e4cd8-d6b9-421d-8c9c-940e5dbe4628" />
      <TestMethod codeBase="D:\actions-runner\_work\XPCO\XPCO\Corporate\Shared\Common.Integration\tst\VideoOS.Common.Integration.UnitTests\bin\x64\Debug\net472\VideoOS.Common.Integration.UnitTests.dll" adapterTypeName="executor://mstestadapter/v2" className="VideoOS.Common.Integration.UnitTests.License.LicenseDocumentTests" name="LicenseDocument_Constructor_ThrowsLicenseException_OnInvalidData" />
    </UnitTest>
    <UnitTest name="Construct_LicenseActivationService_Success" storage="d:\actions-runner\_work\xpco\xpco\corporate\shared\common.integration\tst\videoos.common.integration.unittests\bin\x64\debug\net472\videoos.common.integration.unittests.dll" id="db90cdae-a1b2-7ef2-1d5f-4ab928bf4951">
      <Execution id="2252d1d1-b720-47ed-8a58-7baef380a8f2" />
      <TestMethod codeBase="D:\actions-runner\_work\XPCO\XPCO\Corporate\Shared\Common.Integration\tst\VideoOS.Common.Integration.UnitTests\bin\x64\Debug\net472\VideoOS.Common.Integration.UnitTests.dll" adapterTypeName="executor://mstestadapter/v2" className="VideoOS.Common.Integration.UnitTests.License.LicenseActivationServiceTests" name="Construct_LicenseActivationService_Success" />
    </UnitTest>
    <UnitTest name="IsArculesGuid_WhenArculesGuid_ReturnsTrue" storage="d:\actions-runner\_work\xpco\xpco\corporate\shared\common.integration\tst\videoos.common.integration.unittests\bin\x64\debug\net472\videoos.common.integration.unittests.dll" id="3f4c7994-738d-fc20-0252-4c17d79fc0b9">
      <TestCategory>
        <TestCategoryItem TestCategory="Licensing" />
      </TestCategory>
      <Execution id="be857280-da6d-49b4-8dcc-677719f1cfc6" />
      <TestMethod codeBase="D:\actions-runner\_work\XPCO\XPCO\Corporate\Shared\Common.Integration\tst\VideoOS.Common.Integration.UnitTests\bin\x64\Debug\net472\VideoOS.Common.Integration.UnitTests.dll" adapterTypeName="executor://mstestadapter/v2" className="VideoOS.Common.Integration.UnitTests.Drivers.Arcules.ArculesIdVerifierTests" name="IsArculesGuid_WhenArculesGuid_ReturnsTrue" />
    </UnitTest>
    <UnitTest name="VersionExtensions_GetVersionDisplayValueNoAscii_Success" storage="d:\actions-runner\_work\xpco\xpco\corporate\shared\common.integration\tst\videoos.common.integration.unittests\bin\x64\debug\net472\videoos.common.integration.unittests.dll" id="e69f464d-0771-8709-59a3-16ed804ee258">
      <Execution id="84efb64e-48d1-423d-a16b-fe445ccd4991" />
      <TestMethod codeBase="D:\actions-runner\_work\XPCO\XPCO\Corporate\Shared\Common.Integration\tst\VideoOS.Common.Integration.UnitTests\bin\x64\Debug\net472\VideoOS.Common.Integration.UnitTests.dll" adapterTypeName="executor://mstestadapter/v2" className="VideoOS.Common.Integration.UnitTests.Extensions.VersionExtensionsTests" name="VersionExtensions_GetVersionDisplayValueNoAscii_Success" />
    </UnitTest>
    <UnitTest name="RefCountedObjectWrapper_ExecuteCallWithRefCountTResult_EmptyParameter_NullReferenceException" storage="d:\actions-runner\_work\xpco\xpco\corporate\shared\common.integration\tst\videoos.common.integration.unittests\bin\x64\debug\net472\videoos.common.integration.unittests.dll" id="a64be6a6-447c-7be8-c1c8-eeee00ace3cf">
      <Execution id="d97aa492-7dfa-4684-b409-a59dcb232be8" />
      <TestMethod codeBase="D:\actions-runner\_work\XPCO\XPCO\Corporate\Shared\Common.Integration\tst\VideoOS.Common.Integration.UnitTests\bin\x64\Debug\net472\VideoOS.Common.Integration.UnitTests.dll" adapterTypeName="executor://mstestadapter/v2" className="VideoOS.Common.Integration.UnitTests.Threading.RefCountedObjectWrapperTests" name="RefCountedObjectWrapper_ExecuteCallWithRefCountTResult_EmptyParameter_NullReferenceException" />
    </UnitTest>
    <UnitTest name="WhiteList_CreateInstanceWithoutVersionAttributeParameter_RaisesArgumentException" storage="d:\actions-runner\_work\xpco\xpco\corporate\shared\common.integration\tst\videoos.common.integration.unittests\bin\x64\debug\net472\videoos.common.integration.unittests.dll" id="70027afe-27b0-3017-ebbc-8fc0f42ca82f">
      <TestCategory>
        <TestCategoryItem TestCategory="Licensing" />
      </TestCategory>
      <Execution id="4269da3e-47bc-4be0-9c60-7da7d9d203d6" />
      <TestMethod codeBase="D:\actions-runner\_work\XPCO\XPCO\Corporate\Shared\Common.Integration\tst\VideoOS.Common.Integration.UnitTests\bin\x64\Debug\net472\VideoOS.Common.Integration.UnitTests.dll" adapterTypeName="executor://mstestadapter/v2" className="VideoOS.Common.Integration.UnitTests.License.LicenseWhitelistTests" name="WhiteList_CreateInstanceWithoutVersionAttributeParameter_RaisesArgumentException" />
    </UnitTest>
    <UnitTest name="FeatureManager_LicenseExpires_AnyDateTime_ReturnsTrue" storage="d:\actions-runner\_work\xpco\xpco\corporate\shared\common.integration\tst\videoos.common.integration.unittests\bin\x64\debug\net472\videoos.common.integration.unittests.dll" id="c7e11f92-9e45-6088-c0a5-3aa81f2b6b9e">
      <Execution id="bfadc1ef-f5f8-40d0-9c3f-84a93e8edc0d" />
      <TestMethod codeBase="D:\actions-runner\_work\XPCO\XPCO\Corporate\Shared\Common.Integration\tst\VideoOS.Common.Integration.UnitTests\bin\x64\Debug\net472\VideoOS.Common.Integration.UnitTests.dll" adapterTypeName="executor://mstestadapter/v2" className="VideoOS.Common.Integration.UnitTests.License.FeatureManagerTest" name="FeatureManager_LicenseExpires_AnyDateTime_ReturnsTrue" />
    </UnitTest>
    <UnitTest name="CheckAllMIPFiltersNullParameter2" storage="d:\actions-runner\_work\xpco\xpco\corporate\shared\common.integration\tst\videoos.common.integration.unittests\bin\x64\debug\net472\videoos.common.integration.unittests.dll" id="471c30f3-79c2-61c6-1bb4-c487d0950a82">
      <TestCategory>
        <TestCategoryItem TestCategory="Rules.MIPFilter" />
      </TestCategory>
      <Execution id="197e2840-b895-4c6a-86ab-8b279bce3e84" />
      <TestMethod codeBase="D:\actions-runner\_work\XPCO\XPCO\Corporate\Shared\Common.Integration\tst\VideoOS.Common.Integration.UnitTests\bin\x64\Debug\net472\VideoOS.Common.Integration.UnitTests.dll" adapterTypeName="executor://mstestadapter/v2" className="VideoOS.Common.Integration.UnitTests.Rules.MIPFilterTest" name="CheckAllMIPFiltersNullParameter2" />
    </UnitTest>
    <UnitTest name="ReadChildElementValueAsUInt16_InvalidData" storage="d:\actions-runner\_work\xpco\xpco\corporate\shared\common.integration\tst\videoos.common.integration.unittests\bin\x64\debug\net472\videoos.common.integration.unittests.dll" id="7f8fcc03-50e8-ab9b-8c2b-bf9763ab633b">
      <Execution id="4674658e-8438-44ea-a5cb-016f9e3c26b1" />
      <TestMethod codeBase="D:\actions-runner\_work\XPCO\XPCO\Corporate\Shared\Common.Integration\tst\VideoOS.Common.Integration.UnitTests\bin\x64\Debug\net472\VideoOS.Common.Integration.UnitTests.dll" adapterTypeName="executor://mstestadapter/v2" className="VideoOS.Common.Integration.UnitTests.XmlDocumentExtensionsCoreUnitTests" name="ReadChildElementValueAsUInt16_InvalidData" />
    </UnitTest>
    <UnitTest name="GetRecorderSNMPId_Unknown" storage="d:\actions-runner\_work\xpco\xpco\corporate\shared\common.integration\tst\videoos.common.integration.unittests\bin\x64\debug\net472\videoos.common.integration.unittests.dll" id="e471f1d4-3522-e65c-2dfe-ea6708c9a905">
      <Execution id="e1f11236-3f29-450a-83a3-26a4938a2e98" />
      <TestMethod codeBase="D:\actions-runner\_work\XPCO\XPCO\Corporate\Shared\Common.Integration\tst\VideoOS.Common.Integration.UnitTests\bin\x64\Debug\net472\VideoOS.Common.Integration.UnitTests.dll" adapterTypeName="executor://mstestadapter/v2" className="VideoOS.Common.Integration.UnitTests.Definition.Event.BuiltInEventTypesTest" name="GetRecorderSNMPId_Unknown" />
    </UnitTest>
    <UnitTest name="ServiceConnectionStatus_CheckTimeout_RaiseOfflineEvent" storage="d:\actions-runner\_work\xpco\xpco\corporate\shared\common.integration\tst\videoos.common.integration.unittests\bin\x64\debug\net472\videoos.common.integration.unittests.dll" id="50e69c9f-c2c3-75fa-6a94-ef83d708bdd2">
      <Execution id="e8ba316b-69d3-4f3a-932c-3cacf1bce9df" />
      <TestMethod codeBase="D:\actions-runner\_work\XPCO\XPCO\Corporate\Shared\Common.Integration\tst\VideoOS.Common.Integration.UnitTests\bin\x64\Debug\net472\VideoOS.Common.Integration.UnitTests.dll" adapterTypeName="executor://mstestadapter/v2" className="VideoOS.Common.Integration.UnitTests.ServiceConnectionStatusTests" name="ServiceConnectionStatus_CheckTimeout_RaiseOfflineEvent" />
    </UnitTest>
    <UnitTest name="GetLicensenCount_AddHardware_ReturnValue" storage="d:\actions-runner\_work\xpco\xpco\corporate\shared\common.integration\tst\videoos.common.integration.unittests\bin\x64\debug\net472\videoos.common.integration.unittests.dll" id="5273d87f-049e-5fea-7cda-09d7433064b5">
      <Execution id="4736f748-a500-4158-8d24-47faf7f5b1c7" />
      <TestMethod codeBase="D:\actions-runner\_work\XPCO\XPCO\Corporate\Shared\Common.Integration\tst\VideoOS.Common.Integration.UnitTests\bin\x64\Debug\net472\VideoOS.Common.Integration.UnitTests.dll" adapterTypeName="executor://mstestadapter/v2" className="VideoOS.Common.Integration.UnitTests.License.HardwareDictionaryTests" name="GetLicensenCount_AddHardware_ReturnValue" />
    </UnitTest>
    <UnitTest name="PtzPreset_EqualsTo_Change_PtzArgs" storage="d:\actions-runner\_work\xpco\xpco\corporate\shared\common.integration\tst\videoos.common.integration.unittests\bin\x64\debug\net472\videoos.common.integration.unittests.dll" id="93b8baa4-a7a4-78ce-5712-6dc3e46447a1">
      <Execution id="a6c97e8d-4c6d-4dca-a0f2-a8c2583235e5" />
      <TestMethod codeBase="D:\actions-runner\_work\XPCO\XPCO\Corporate\Shared\Common.Integration\tst\VideoOS.Common.Integration.UnitTests\bin\x64\Debug\net472\VideoOS.Common.Integration.UnitTests.dll" adapterTypeName="executor://mstestadapter/v2" className="VideoOS.Common.Integration.UnitTests.PtzPresetUnitTests" name="PtzPreset_EqualsTo_Change_PtzArgs" />
    </UnitTest>
    <UnitTest name="SecurityManager_HasDevicePermission_ViewLive_Group_Allowed" storage="d:\actions-runner\_work\xpco\xpco\corporate\shared\common.integration\tst\videoos.common.integration.unittests\bin\x64\debug\net472\videoos.common.integration.unittests.dll" id="bc067060-4173-9d57-438c-1dc391d2bfb7">
      <Execution id="54632855-6368-4de0-aa8d-065ad79b4b8f" />
      <TestMethod codeBase="D:\actions-runner\_work\XPCO\XPCO\Corporate\Shared\Common.Integration\tst\VideoOS.Common.Integration.UnitTests\bin\x64\Debug\net472\VideoOS.Common.Integration.UnitTests.dll" adapterTypeName="executor://mstestadapter/v2" className="VideoOS.Common.Integration.UnitTests.Security.SecurityManagerUnitTests" name="SecurityManager_HasDevicePermission_ViewLive_Group_Allowed" />
    </UnitTest>
    <UnitTest name="ParseAsBytes_Success" storage="d:\actions-runner\_work\xpco\xpco\corporate\shared\common.integration\tst\videoos.common.integration.unittests\bin\x64\debug\net472\videoos.common.integration.unittests.dll" id="54189ad4-012a-a649-87c1-aefb7f923135">
      <Execution id="5384e73d-da40-4b91-87cb-871f6cd26abd" />
      <TestMethod codeBase="D:\actions-runner\_work\XPCO\XPCO\Corporate\Shared\Common.Integration\tst\VideoOS.Common.Integration.UnitTests\bin\x64\Debug\net472\VideoOS.Common.Integration.UnitTests.dll" adapterTypeName="executor://mstestadapter/v2" className="VideoOS.Common.Integration.UnitTests.CertificateHandling.StringByteConversionExtensionsUnitTests" name="ParseAsBytes_Success" />
    </UnitTest>
    <UnitTest name="LicenseDocument_Constructor_ThrowsArgumentNullException_OnNullParam" storage="d:\actions-runner\_work\xpco\xpco\corporate\shared\common.integration\tst\videoos.common.integration.unittests\bin\x64\debug\net472\videoos.common.integration.unittests.dll" id="d892c744-3d75-a974-deef-9becfba2f863">
      <Execution id="2daa2de3-0990-4e5d-bcb6-a5d912a90bb8" />
      <TestMethod codeBase="D:\actions-runner\_work\XPCO\XPCO\Corporate\Shared\Common.Integration\tst\VideoOS.Common.Integration.UnitTests\bin\x64\Debug\net472\VideoOS.Common.Integration.UnitTests.dll" adapterTypeName="executor://mstestadapter/v2" className="VideoOS.Common.Integration.UnitTests.License.LicenseDocumentTests" name="LicenseDocument_Constructor_ThrowsArgumentNullException_OnNullParam" />
    </UnitTest>
    <UnitTest name="WhiteList_IsDriverWhitelistedOnUnlistedDrivers_ReturnsFalse" storage="d:\actions-runner\_work\xpco\xpco\corporate\shared\common.integration\tst\videoos.common.integration.unittests\bin\x64\debug\net472\videoos.common.integration.unittests.dll" id="7d73819b-52be-a083-7d5b-131c90c6cd56">
      <TestCategory>
        <TestCategoryItem TestCategory="Licensing" />
      </TestCategory>
      <Execution id="ca905230-bbb7-4d7e-99b8-4111223f7d17" />
      <TestMethod codeBase="D:\actions-runner\_work\XPCO\XPCO\Corporate\Shared\Common.Integration\tst\VideoOS.Common.Integration.UnitTests\bin\x64\Debug\net472\VideoOS.Common.Integration.UnitTests.dll" adapterTypeName="executor://mstestadapter/v2" className="VideoOS.Common.Integration.UnitTests.License.LicenseWhitelistTests" name="WhiteList_IsDriverWhitelistedOnUnlistedDrivers_ReturnsFalse" />
    </UnitTest>
    <UnitTest name="ModelValidation_ValidModel_Success" storage="d:\actions-runner\_work\xpco\xpco\corporate\shared\common.integration\tst\videoos.common.integration.unittests\bin\x64\debug\net472\videoos.common.integration.unittests.dll" id="4aa0aa31-2dbc-1921-326d-c42cc6acfe2d">
      <Execution id="2f53cdca-4782-49fa-b341-3dfe07846a54" />
      <TestMethod codeBase="D:\actions-runner\_work\XPCO\XPCO\Corporate\Shared\Common.Integration\tst\VideoOS.Common.Integration.UnitTests\bin\x64\Debug\net472\VideoOS.Common.Integration.UnitTests.dll" adapterTypeName="executor://mstestadapter/v2" className="VideoOS.Common.Integration.UnitTests.WebAPI.Model.PtzReleaseSessionModelTest" name="ModelValidation_ValidModel_Success" />
    </UnitTest>
    <UnitTest name="Wrap_WithTypes_BinderContainsTypes" storage="d:\actions-runner\_work\xpco\xpco\corporate\shared\common.integration\tst\videoos.common.integration.unittests\bin\x64\debug\net472\videoos.common.integration.unittests.dll" id="e1a50a1f-a7e2-f8bf-024e-2309827f8b72">
      <Execution id="71e8868f-e4a4-481e-a2ec-7fd560a92ff6" />
      <TestMethod codeBase="D:\actions-runner\_work\XPCO\XPCO\Corporate\Shared\Common.Integration\tst\VideoOS.Common.Integration.UnitTests\bin\x64\Debug\net472\VideoOS.Common.Integration.UnitTests.dll" adapterTypeName="executor://mstestadapter/v2" className="VideoOS.Common.Integration.UnitTests.TypeFilteringSerializationBinderUtilityTest" name="Wrap_WithTypes_BinderContainsTypes" />
    </UnitTest>
    <UnitTest name="FeatureManager_GetFeatureParameterValue_License_Doc_Null" storage="d:\actions-runner\_work\xpco\xpco\corporate\shared\common.integration\tst\videoos.common.integration.unittests\bin\x64\debug\net472\videoos.common.integration.unittests.dll" id="41caa7ba-f856-c906-dff0-8d244b9f6d95">
      <Execution id="ccb82ff2-f18e-4332-854f-58460b6bfe4e" />
      <TestMethod codeBase="D:\actions-runner\_work\XPCO\XPCO\Corporate\Shared\Common.Integration\tst\VideoOS.Common.Integration.UnitTests\bin\x64\Debug\net472\VideoOS.Common.Integration.UnitTests.dll" adapterTypeName="executor://mstestadapter/v2" className="VideoOS.Common.Integration.UnitTests.License.FeatureManagerTest" name="FeatureManager_GetFeatureParameterValue_License_Doc_Null" />
    </UnitTest>
    <UnitTest name="Decrypt_DataSetHasEmptyPassword_PasswordIsStillEmpty" storage="d:\actions-runner\_work\xpco\xpco\corporate\shared\common.integration\tst\videoos.common.integration.unittests\bin\x64\debug\net472\videoos.common.integration.unittests.dll" id="8dc52a42-3fb1-8a7a-e748-c03fb8da71f9">
      <Execution id="82061bcf-b929-4d67-8a90-1e64fa0e4c8c" />
      <TestMethod codeBase="D:\actions-runner\_work\XPCO\XPCO\Corporate\Shared\Common.Integration\tst\VideoOS.Common.Integration.UnitTests\bin\x64\Debug\net472\VideoOS.Common.Integration.UnitTests.dll" adapterTypeName="executor://mstestadapter/v2" className="VideoOS.Common.Integration.UnitTests.Configuration.RecordingStorageTableAdapterTests" name="Decrypt_DataSetHasEmptyPassword_PasswordIsStillEmpty" />
    </UnitTest>
    <UnitTest name="CheckAllMIPFiltersKindsTestOk4" storage="d:\actions-runner\_work\xpco\xpco\corporate\shared\common.integration\tst\videoos.common.integration.unittests\bin\x64\debug\net472\videoos.common.integration.unittests.dll" id="efd3defd-3dd2-b891-ab51-ad4d23459023">
      <TestCategory>
        <TestCategoryItem TestCategory="Rules.MIPFilter" />
      </TestCategory>
      <Execution id="1d71dfa6-d4df-4ebb-a3d9-e267edb26294" />
      <TestMethod codeBase="D:\actions-runner\_work\XPCO\XPCO\Corporate\Shared\Common.Integration\tst\VideoOS.Common.Integration.UnitTests\bin\x64\Debug\net472\VideoOS.Common.Integration.UnitTests.dll" adapterTypeName="executor://mstestadapter/v2" className="VideoOS.Common.Integration.UnitTests.Rules.MIPFilterTest" name="CheckAllMIPFiltersKindsTestOk4" />
    </UnitTest>
    <UnitTest name="FeatureManager_GetFeatureParameterValueT_Enum_OutOfRange_Value" storage="d:\actions-runner\_work\xpco\xpco\corporate\shared\common.integration\tst\videoos.common.integration.unittests\bin\x64\debug\net472\videoos.common.integration.unittests.dll" id="4b8c376f-75d7-d7cb-b623-866d3b076ca2">
      <Execution id="0984957a-f2de-4bb0-841f-6e389c0ac401" />
      <TestMethod codeBase="D:\actions-runner\_work\XPCO\XPCO\Corporate\Shared\Common.Integration\tst\VideoOS.Common.Integration.UnitTests\bin\x64\Debug\net472\VideoOS.Common.Integration.UnitTests.dll" adapterTypeName="executor://mstestadapter/v2" className="VideoOS.Common.Integration.UnitTests.License.FeatureManagerTest" name="FeatureManager_GetFeatureParameterValueT_Enum_OutOfRange_Value" />
    </UnitTest>
    <UnitTest name="LicenseDocument_GetParameterValue_NullParameter" storage="d:\actions-runner\_work\xpco\xpco\corporate\shared\common.integration\tst\videoos.common.integration.unittests\bin\x64\debug\net472\videoos.common.integration.unittests.dll" id="8091c5f3-25f9-3c88-8050-0b10ac36b516">
      <TestCategory>
        <TestCategoryItem TestCategory="LicenseDocumentTest" />
      </TestCategory>
      <Execution id="b23fd788-b72c-4ea3-beed-e6585723b241" />
      <TestMethod codeBase="D:\actions-runner\_work\XPCO\XPCO\Corporate\Shared\Common.Integration\tst\VideoOS.Common.Integration.UnitTests\bin\x64\Debug\net472\VideoOS.Common.Integration.UnitTests.dll" adapterTypeName="executor://mstestadapter/v2" className="VideoOS.Common.Integration.UnitTests.License.LicenseDocumentTests" name="LicenseDocument_GetParameterValue_NullParameter" />
    </UnitTest>
    <UnitTest name="FeatureManager_TryGetFeatureParameterValueT_Argument_Null" storage="d:\actions-runner\_work\xpco\xpco\corporate\shared\common.integration\tst\videoos.common.integration.unittests\bin\x64\debug\net472\videoos.common.integration.unittests.dll" id="cf0cf77f-c694-949f-3294-26fdc5a95a90">
      <Execution id="17b7592b-6142-436e-9b2e-f7843025ea92" />
      <TestMethod codeBase="D:\actions-runner\_work\XPCO\XPCO\Corporate\Shared\Common.Integration\tst\VideoOS.Common.Integration.UnitTests\bin\x64\Debug\net472\VideoOS.Common.Integration.UnitTests.dll" adapterTypeName="executor://mstestadapter/v2" className="VideoOS.Common.Integration.UnitTests.License.FeatureManagerTest" name="FeatureManager_TryGetFeatureParameterValueT_Argument_Null" />
    </UnitTest>
    <UnitTest name="TestMergeGridAreaWithValidAreaAndEmpty" storage="d:\actions-runner\_work\xpco\xpco\corporate\shared\common.integration\tst\videoos.common.integration.unittests\bin\x64\debug\net472\videoos.common.integration.unittests.dll" id="aaf6cbc2-ec71-9fc8-a293-327af94ed168">
      <Execution id="f802cafe-1d7e-43d5-8524-1f3de5b7a82c" />
      <TestMethod codeBase="D:\actions-runner\_work\XPCO\XPCO\Corporate\Shared\Common.Integration\tst\VideoOS.Common.Integration.UnitTests\bin\x64\Debug\net472\VideoOS.Common.Integration.UnitTests.dll" adapterTypeName="executor://mstestadapter/v2" className="VideoOS.Common.Integration.UnitTests.Configuration.FillableGridAreaUnitTest" name="TestMergeGridAreaWithValidAreaAndEmpty" />
    </UnitTest>
    <UnitTest name="LicenseRequestHardwareInfo_CreateWithNullDeviceList" storage="d:\actions-runner\_work\xpco\xpco\corporate\shared\common.integration\tst\videoos.common.integration.unittests\bin\x64\debug\net472\videoos.common.integration.unittests.dll" id="c9306fc5-6ee1-8d5c-db7b-80875c550ab5">
      <Execution id="fd58937b-c217-4bfc-868e-fb1adebdfbe4" />
      <TestMethod codeBase="D:\actions-runner\_work\XPCO\XPCO\Corporate\Shared\Common.Integration\tst\VideoOS.Common.Integration.UnitTests\bin\x64\Debug\net472\VideoOS.Common.Integration.UnitTests.dll" adapterTypeName="executor://mstestadapter/v2" className="VideoOS.Common.Integration.UnitTests.License.HardwareInfoTests" name="LicenseRequestHardwareInfo_CreateWithNullDeviceList" />
    </UnitTest>
    <UnitTest name="ServiceDiscovery_SendAsync_CommunicationError_TaskCanceledException" storage="d:\actions-runner\_work\xpco\xpco\corporate\shared\common.integration\tst\videoos.common.integration.unittests\bin\x64\debug\net472\videoos.common.integration.unittests.dll" id="cffec0a4-0735-bd68-40ca-007447faf3a4">
      <Execution id="f6b34856-b4ed-47d6-9e53-a39b4f5398b6" />
      <TestMethod codeBase="D:\actions-runner\_work\XPCO\XPCO\Corporate\Shared\Common.Integration\tst\VideoOS.Common.Integration.UnitTests\bin\x64\Debug\net472\VideoOS.Common.Integration.UnitTests.dll" adapterTypeName="executor://mstestadapter/v2" className="VideoOS.Common.Integration.WebApi.HttpClientCommunicatorUnitTests" name="ServiceDiscovery_SendAsync_CommunicationError_TaskCanceledException" />
    </UnitTest>
    <UnitTest name="AddRange_ThrowsArgumentNullException_OnNullAsRange" storage="d:\actions-runner\_work\xpco\xpco\corporate\shared\common.integration\tst\videoos.common.integration.unittests\bin\x64\debug\net472\videoos.common.integration.unittests.dll" id="529ab322-0d52-af5d-bafc-7e74ba8c39bd">
      <TestCategory>
        <TestCategoryItem TestCategory="Extensions" />
      </TestCategory>
      <Execution id="528d1c7d-0081-4c6c-9a35-be43472ffd20" />
      <TestMethod codeBase="D:\actions-runner\_work\XPCO\XPCO\Corporate\Shared\Common.Integration\tst\VideoOS.Common.Integration.UnitTests\bin\x64\Debug\net472\VideoOS.Common.Integration.UnitTests.dll" adapterTypeName="executor://mstestadapter/v2" className="VideoOS.Common.Integration.UnitTests.Extensions.ExtensionMethodsTests" name="AddRange_ThrowsArgumentNullException_OnNullAsRange" />
    </UnitTest>
    <UnitTest name="RulesTableAdapter_SetUserSid_NullSid_ArgumentException" storage="d:\actions-runner\_work\xpco\xpco\corporate\shared\common.integration\tst\videoos.common.integration.unittests\bin\x64\debug\net472\videoos.common.integration.unittests.dll" id="ae9f41c0-56c5-c136-6fd0-0ca4cee7679c">
      <Execution id="d6bcc8ae-0792-494c-88c4-2463f929eb01" />
      <TestMethod codeBase="D:\actions-runner\_work\XPCO\XPCO\Corporate\Shared\Common.Integration\tst\VideoOS.Common.Integration.UnitTests\bin\x64\Debug\net472\VideoOS.Common.Integration.UnitTests.dll" adapterTypeName="executor://mstestadapter/v2" className="VideoOS.Common.Integration.UnitTests.Configuration.RulesTableAdapterUnitTests" name="RulesTableAdapter_SetUserSid_NullSid_ArgumentException" />
    </UnitTest>
    <UnitTest name="QueryDeviceEvidenceLockSizesResponseModel_Validate_Success" storage="d:\actions-runner\_work\xpco\xpco\corporate\shared\common.integration\tst\videoos.common.integration.unittests\bin\x64\debug\net472\videoos.common.integration.unittests.dll" id="5afcb5e0-af35-e05d-b145-6362d94ffff9">
      <Execution id="923af6df-387e-4826-a23f-288c8a7ae0aa" />
      <TestMethod codeBase="D:\actions-runner\_work\XPCO\XPCO\Corporate\Shared\Common.Integration\tst\VideoOS.Common.Integration.UnitTests\bin\x64\Debug\net472\VideoOS.Common.Integration.UnitTests.dll" adapterTypeName="executor://mstestadapter/v2" className="VideoOS.Common.Integration.UnitTests.WebAPI.Model.Server.Responses.QueryDeviceEvidenceLockSizesResponseModelTests" name="QueryDeviceEvidenceLockSizesResponseModel_Validate_Success" />
    </UnitTest>
    <UnitTest name="Validate_PopulateGrid_ValidateOemTextDoesNotExist_Success" storage="d:\actions-runner\_work\xpco\xpco\corporate\shared\common.integration\tst\videoos.common.integration.unittests\bin\x64\debug\net472\videoos.common.integration.unittests.dll" id="7bd6a6c4-4b71-1a23-13be-6b3d564ea47f">
      <Execution id="f129ed93-1f7c-4ea8-b87b-15db86178c77" />
      <TestMethod codeBase="D:\actions-runner\_work\XPCO\XPCO\Corporate\Shared\Common.Integration\tst\VideoOS.Common.Integration.UnitTests\bin\x64\Debug\net472\VideoOS.Common.Integration.UnitTests.dll" adapterTypeName="executor://mstestadapter/v2" className="VideoOS.Common.Integration.UnitTests.License.LicenseReportGeneratorTests" name="Validate_PopulateGrid_ValidateOemTextDoesNotExist_Success" />
    </UnitTest>
    <UnitTest name="OnActionExecuting_ModelStateInvalid_BadRequest" storage="d:\actions-runner\_work\xpco\xpco\corporate\shared\common.integration\tst\videoos.common.integration.unittests\bin\x64\debug\net472\videoos.common.integration.unittests.dll" id="dc3f1dae-0567-b3ac-cdd2-b945456beda9">
      <Execution id="c97552bb-8620-4f3b-ba3d-0427855aaea8" />
      <TestMethod codeBase="D:\actions-runner\_work\XPCO\XPCO\Corporate\Shared\Common.Integration\tst\VideoOS.Common.Integration.UnitTests\bin\x64\Debug\net472\VideoOS.Common.Integration.UnitTests.dll" adapterTypeName="executor://mstestadapter/v2" className="VideoOS.Common.Integration.WebApi.ValidateModelAttributeUnitTests" name="OnActionExecuting_ModelStateInvalid_BadRequest" />
    </UnitTest>
    <UnitTest name="ModelValidation_RequiredPropertiesAreNull_Failed" storage="d:\actions-runner\_work\xpco\xpco\corporate\shared\common.integration\tst\videoos.common.integration.unittests\bin\x64\debug\net472\videoos.common.integration.unittests.dll" id="be9e4185-1684-9bad-f247-e9cf5d13e759">
      <Execution id="dbe8f9fc-f4f2-4e16-834e-7ab705198131" />
      <TestMethod codeBase="D:\actions-runner\_work\XPCO\XPCO\Corporate\Shared\Common.Integration\tst\VideoOS.Common.Integration.UnitTests\bin\x64\Debug\net472\VideoOS.Common.Integration.UnitTests.dll" adapterTypeName="executor://mstestadapter/v2" className="VideoOS.Common.Integration.UnitTests.WebAPI.Model.EdgeJobUpdatedModelTest" name="ModelValidation_RequiredPropertiesAreNull_Failed" />
    </UnitTest>
    <UnitTest name="QueuedCommandExecutor_Close" storage="d:\actions-runner\_work\xpco\xpco\corporate\shared\common.integration\tst\videoos.common.integration.unittests\bin\x64\debug\net472\videoos.common.integration.unittests.dll" id="3cdc97f6-93f6-8b1f-9406-b91a77d074eb">
      <Execution id="6ee40787-3b45-43af-b642-cc5251635195" />
      <TestMethod codeBase="D:\actions-runner\_work\XPCO\XPCO\Corporate\Shared\Common.Integration\tst\VideoOS.Common.Integration.UnitTests\bin\x64\Debug\net472\VideoOS.Common.Integration.UnitTests.dll" adapterTypeName="executor://mstestadapter/v2" className="VideoOS.Common.Integration.UnitTests.Command.CommandProcessor.QueuedCommandExecutorUnitTests" name="QueuedCommandExecutor_Close" />
    </UnitTest>
    <UnitTest name="Validate_LicenseRequestCreatedFromJson_Success" storage="d:\actions-runner\_work\xpco\xpco\corporate\shared\common.integration\tst\videoos.common.integration.unittests\bin\x64\debug\net472\videoos.common.integration.unittests.dll" id="74b712ed-fbd1-84c8-6671-8b363a4b5ed4">
      <Execution id="b8e665cf-3b82-4b63-b5d7-0679d545ba39" />
      <TestMethod codeBase="D:\actions-runner\_work\XPCO\XPCO\Corporate\Shared\Common.Integration\tst\VideoOS.Common.Integration.UnitTests\bin\x64\Debug\net472\VideoOS.Common.Integration.UnitTests.dll" adapterTypeName="executor://mstestadapter/v2" className="VideoOS.Common.Integration.UnitTests.License.LicenseContainerTests" name="Validate_LicenseRequestCreatedFromJson_Success" />
    </UnitTest>
    <UnitTest name="CallCreateHardwareLicenseCountEvaluator_NullParameters_ThrowsArgumentNullException" storage="d:\actions-runner\_work\xpco\xpco\corporate\shared\common.integration\tst\videoos.common.integration.unittests\bin\x64\debug\net472\videoos.common.integration.unittests.dll" id="72dbc3fe-7f24-6355-2ef9-0a9ce9cb2256">
      <TestCategory>
        <TestCategoryItem TestCategory="Licensing" />
      </TestCategory>
      <Execution id="d26ae1ed-003e-4f7c-a703-f8e343b87a07" />
      <TestMethod codeBase="D:\actions-runner\_work\XPCO\XPCO\Corporate\Shared\Common.Integration\tst\VideoOS.Common.Integration.UnitTests\bin\x64\Debug\net472\VideoOS.Common.Integration.UnitTests.dll" adapterTypeName="executor://mstestadapter/v2" className="VideoOS.Common.Integration.UnitTests.License.LicenseManagerComponentsProviderTests" name="CallCreateHardwareLicenseCountEvaluator_NullParameters_ThrowsArgumentNullException" />
    </UnitTest>
    <UnitTest name="SystemSettingTableAdapter_Decrypt_OtherSettingUnchanged" storage="d:\actions-runner\_work\xpco\xpco\corporate\shared\common.integration\tst\videoos.common.integration.unittests\bin\x64\debug\net472\videoos.common.integration.unittests.dll" id="5f6365db-4f29-5b2f-fbde-a8e68630820f">
      <Execution id="df4582a0-5004-4f69-ae64-ae8471917261" />
      <TestMethod codeBase="D:\actions-runner\_work\XPCO\XPCO\Corporate\Shared\Common.Integration\tst\VideoOS.Common.Integration.UnitTests\bin\x64\Debug\net472\VideoOS.Common.Integration.UnitTests.dll" adapterTypeName="executor://mstestadapter/v2" className="VideoOS.Common.Integration.UnitTests.Configuration.SystemSettingTableAdapterUnitTests" name="SystemSettingTableAdapter_Decrypt_OtherSettingUnchanged" />
    </UnitTest>
    <UnitTest name="QueryDeviceEvidenceLockSizesResponseModel_NoValuesSet_ValidationFailure" storage="d:\actions-runner\_work\xpco\xpco\corporate\shared\common.integration\tst\videoos.common.integration.unittests\bin\x64\debug\net472\videoos.common.integration.unittests.dll" id="b9c26381-be61-0d48-aaab-d2f8534fc41c">
      <Execution id="6b8bc288-8218-48a8-afc2-fc154757dc1e" />
      <TestMethod codeBase="D:\actions-runner\_work\XPCO\XPCO\Corporate\Shared\Common.Integration\tst\VideoOS.Common.Integration.UnitTests\bin\x64\Debug\net472\VideoOS.Common.Integration.UnitTests.dll" adapterTypeName="executor://mstestadapter/v2" className="VideoOS.Common.Integration.UnitTests.WebAPI.Model.Server.Responses.QueryDeviceEvidenceLockSizesResponseModelTests" name="QueryDeviceEvidenceLockSizesResponseModel_NoValuesSet_ValidationFailure" />
    </UnitTest>
    <UnitTest name="CreateHttpsUri_HttpDefaultPort_UseDefaultPortTrue_BecomesHttpsPort443" storage="d:\actions-runner\_work\xpco\xpco\corporate\shared\common.integration\tst\videoos.common.integration.unittests\bin\x64\debug\net472\videoos.common.integration.unittests.dll" id="12063cf2-efcf-728b-23ae-c1292658ce21">
      <TestCategory>
        <TestCategoryItem TestCategory="UriHandling" />
      </TestCategory>
      <Execution id="ea0e622d-ff08-4d49-a915-b5efce75917f" />
      <TestMethod codeBase="D:\actions-runner\_work\XPCO\XPCO\Corporate\Shared\Common.Integration\tst\VideoOS.Common.Integration.UnitTests\bin\x64\Debug\net472\VideoOS.Common.Integration.UnitTests.dll" adapterTypeName="executor://mstestadapter/v2" className="VideoOS.Common.Integration.UnitTests.Communication.UriHandlingUnitTests" name="CreateHttpsUri_HttpDefaultPort_UseDefaultPortTrue_BecomesHttpsPort443" />
    </UnitTest>
    <UnitTest name="MipActionModel_RequiredPropertiesAreNull_Failed" storage="d:\actions-runner\_work\xpco\xpco\corporate\shared\common.integration\tst\videoos.common.integration.unittests\bin\x64\debug\net472\videoos.common.integration.unittests.dll" id="7b46ca98-430c-2a1f-64c5-540290548710">
      <Execution id="d684b8e4-435d-4b2e-9407-17c6937af619" />
      <TestMethod codeBase="D:\actions-runner\_work\XPCO\XPCO\Corporate\Shared\Common.Integration\tst\VideoOS.Common.Integration.UnitTests\bin\x64\Debug\net472\VideoOS.Common.Integration.UnitTests.dll" adapterTypeName="executor://mstestadapter/v2" className="VideoOS.Common.Integration.UnitTests.WebAPI.Model.Server.MipActionModelTests" name="MipActionModel_RequiredPropertiesAreNull_Failed" />
    </UnitTest>
    <UnitTest name="TestMergeGridAreaWithValidAreaAndNull" storage="d:\actions-runner\_work\xpco\xpco\corporate\shared\common.integration\tst\videoos.common.integration.unittests\bin\x64\debug\net472\videoos.common.integration.unittests.dll" id="597c0929-a1e8-1644-f547-192d44b9f5a9">
      <Execution id="b076d128-22c5-4e13-8464-6b1908e5d5bb" />
      <TestMethod codeBase="D:\actions-runner\_work\XPCO\XPCO\Corporate\Shared\Common.Integration\tst\VideoOS.Common.Integration.UnitTests\bin\x64\Debug\net472\VideoOS.Common.Integration.UnitTests.dll" adapterTypeName="executor://mstestadapter/v2" className="VideoOS.Common.Integration.UnitTests.Configuration.FillableGridAreaUnitTest" name="TestMergeGridAreaWithValidAreaAndNull" />
    </UnitTest>
    <UnitTest name="StreamsConfiguration_TryGet_Success" storage="d:\actions-runner\_work\xpco\xpco\corporate\shared\common.integration\tst\videoos.common.integration.unittests\bin\x64\debug\net472\videoos.common.integration.unittests.dll" id="c8765d97-7555-34ec-889c-ab5a910e06ce">
      <Execution id="9343b5aa-cee0-4dd8-a514-ff4bda679848" />
      <TestMethod codeBase="D:\actions-runner\_work\XPCO\XPCO\Corporate\Shared\Common.Integration\tst\VideoOS.Common.Integration.UnitTests\bin\x64\Debug\net472\VideoOS.Common.Integration.UnitTests.dll" adapterTypeName="executor://mstestadapter/v2" className="VideoOS.Common.Integration.UnitTests.StreamsConfigurationUnitTests" name="StreamsConfiguration_TryGet_Success" />
    </UnitTest>
    <UnitTest name="ModelValidation_RequiredPropertiesAreNull_Failed" storage="d:\actions-runner\_work\xpco\xpco\corporate\shared\common.integration\tst\videoos.common.integration.unittests\bin\x64\debug\net472\videoos.common.integration.unittests.dll" id="a62cf2d3-360c-f1c5-f4cc-28ea45002ca5">
      <Execution id="b80ac164-234f-4829-b745-ad1affd41cf1" />
      <TestMethod codeBase="D:\actions-runner\_work\XPCO\XPCO\Corporate\Shared\Common.Integration\tst\VideoOS.Common.Integration.UnitTests\bin\x64\Debug\net472\VideoOS.Common.Integration.UnitTests.dll" adapterTypeName="executor://mstestadapter/v2" className="VideoOS.Common.Integration.UnitTests.WebAPI.Model.ActiavteUserDefinedEventOnRemoteSiteModelTest" name="ModelValidation_RequiredPropertiesAreNull_Failed" />
    </UnitTest>
    <UnitTest name="HardwareInfo_HasActivatedCameras_ReturnsTrue_OnSomeCamerasActivated" storage="d:\actions-runner\_work\xpco\xpco\corporate\shared\common.integration\tst\videoos.common.integration.unittests\bin\x64\debug\net472\videoos.common.integration.unittests.dll" id="06ffcdb4-434f-f606-043a-dbf605c915be">
      <Execution id="3f51eb78-33fb-4b28-b24c-8ae46eac08db" />
      <TestMethod codeBase="D:\actions-runner\_work\XPCO\XPCO\Corporate\Shared\Common.Integration\tst\VideoOS.Common.Integration.UnitTests\bin\x64\Debug\net472\VideoOS.Common.Integration.UnitTests.dll" adapterTypeName="executor://mstestadapter/v2" className="VideoOS.Common.Integration.UnitTests.License.HardwareInfoTests" name="HardwareInfo_HasActivatedCameras_ReturnsTrue_OnSomeCamerasActivated" />
    </UnitTest>
    <UnitTest name="ServiceConnectionStatus_CommunicationError_Offline_RaiseOfflineEvent" storage="d:\actions-runner\_work\xpco\xpco\corporate\shared\common.integration\tst\videoos.common.integration.unittests\bin\x64\debug\net472\videoos.common.integration.unittests.dll" id="ffa4b15a-3f25-01db-a3c4-70c5bbc70e72">
      <Execution id="8082f326-a690-40c1-b975-717d71bcaeb7" />
      <TestMethod codeBase="D:\actions-runner\_work\XPCO\XPCO\Corporate\Shared\Common.Integration\tst\VideoOS.Common.Integration.UnitTests\bin\x64\Debug\net472\VideoOS.Common.Integration.UnitTests.dll" adapterTypeName="executor://mstestadapter/v2" className="VideoOS.Common.Integration.UnitTests.ServiceConnectionStatusTests" name="ServiceConnectionStatus_CommunicationError_Offline_RaiseOfflineEvent" />
    </UnitTest>
    <UnitTest name="FeatureManager_LicenseExpiryDate_Success" storage="d:\actions-runner\_work\xpco\xpco\corporate\shared\common.integration\tst\videoos.common.integration.unittests\bin\x64\debug\net472\videoos.common.integration.unittests.dll" id="2ca04e1a-8dbd-bcea-fdc1-48061a2429ad">
      <Execution id="7edf539b-f530-491a-82bf-de751abdaf9b" />
      <TestMethod codeBase="D:\actions-runner\_work\XPCO\XPCO\Corporate\Shared\Common.Integration\tst\VideoOS.Common.Integration.UnitTests\bin\x64\Debug\net472\VideoOS.Common.Integration.UnitTests.dll" adapterTypeName="executor://mstestadapter/v2" className="VideoOS.Common.Integration.UnitTests.License.FeatureManagerTest" name="FeatureManager_LicenseExpiryDate_Success" />
    </UnitTest>
    <UnitTest name="ScanResult_ModificationTest" storage="d:\actions-runner\_work\xpco\xpco\corporate\shared\common.integration\tst\videoos.common.integration.unittests\bin\x64\debug\net472\videoos.common.integration.unittests.dll" id="59c85643-a1db-5dc5-5ae6-672ed03a0518">
      <Execution id="0a96b9b5-dd98-427b-9922-62870a5bfe2f" />
      <TestMethod codeBase="D:\actions-runner\_work\XPCO\XPCO\Corporate\Shared\Common.Integration\tst\VideoOS.Common.Integration.UnitTests\bin\x64\Debug\net472\VideoOS.Common.Integration.UnitTests.dll" adapterTypeName="executor://mstestadapter/v2" className="VideoOS.Common.Integration.UnitTests.ScanResultTest" name="ScanResult_ModificationTest" />
    </UnitTest>
    <UnitTest name="ExecuteRuleActionModel_ValidModel_Success" storage="d:\actions-runner\_work\xpco\xpco\corporate\shared\common.integration\tst\videoos.common.integration.unittests\bin\x64\debug\net472\videoos.common.integration.unittests.dll" id="0e3bbfa9-9b4c-e217-20f7-06aef70f85d5">
      <Execution id="eb009ac2-6278-4f1a-ab49-3e4f5538eb48" />
      <TestMethod codeBase="D:\actions-runner\_work\XPCO\XPCO\Corporate\Shared\Common.Integration\tst\VideoOS.Common.Integration.UnitTests\bin\x64\Debug\net472\VideoOS.Common.Integration.UnitTests.dll" adapterTypeName="executor://mstestadapter/v2" className="VideoOS.Common.Integration.UnitTests.WebAPI.Model.Server.ExecuteRuleActionModelTests" name="ExecuteRuleActionModel_ValidModel_Success" />
    </UnitTest>
    <UnitTest name="FilterCreationNoSubKindsTest" storage="d:\actions-runner\_work\xpco\xpco\corporate\shared\common.integration\tst\videoos.common.integration.unittests\bin\x64\debug\net472\videoos.common.integration.unittests.dll" id="649bc6c1-3f22-d11b-1cdc-777593bb51d4">
      <TestCategory>
        <TestCategoryItem TestCategory="Rules.MIPFilter" />
      </TestCategory>
      <Execution id="888de12c-2439-40dc-a67a-abb102964ff9" />
      <TestMethod codeBase="D:\actions-runner\_work\XPCO\XPCO\Corporate\Shared\Common.Integration\tst\VideoOS.Common.Integration.UnitTests\bin\x64\Debug\net472\VideoOS.Common.Integration.UnitTests.dll" adapterTypeName="executor://mstestadapter/v2" className="VideoOS.Common.Integration.UnitTests.Rules.MIPFilterTest" name="FilterCreationNoSubKindsTest" />
    </UnitTest>
    <UnitTest name="ReadChildElementValueAsInt32_SunnyDay" storage="d:\actions-runner\_work\xpco\xpco\corporate\shared\common.integration\tst\videoos.common.integration.unittests\bin\x64\debug\net472\videoos.common.integration.unittests.dll" id="490342c1-764c-d6c8-1c4d-2b4a58d20bfd">
      <Execution id="5d6d4062-274d-423f-9dd9-9dd6d8a0e90b" />
      <TestMethod codeBase="D:\actions-runner\_work\XPCO\XPCO\Corporate\Shared\Common.Integration\tst\VideoOS.Common.Integration.UnitTests\bin\x64\Debug\net472\VideoOS.Common.Integration.UnitTests.dll" adapterTypeName="executor://mstestadapter/v2" className="VideoOS.Common.Integration.UnitTests.XmlDocumentExtensionsCoreUnitTests" name="ReadChildElementValueAsInt32_SunnyDay" />
    </UnitTest>
    <UnitTest name="PatchEndpointOnly_NoError_TaskIsExecutedAndCorrectResponseReceived" storage="d:\actions-runner\_work\xpco\xpco\corporate\shared\common.integration\tst\videoos.common.integration.unittests\bin\x64\debug\net472\videoos.common.integration.unittests.dll" id="e85fb801-fac4-3caf-4c68-9f4cc51c38b7">
      <Execution id="710ad496-f80f-479c-85a7-07ec0af8e19c" />
      <TestMethod codeBase="D:\actions-runner\_work\XPCO\XPCO\Corporate\Shared\Common.Integration\tst\VideoOS.Common.Integration.UnitTests\bin\x64\Debug\net472\VideoOS.Common.Integration.UnitTests.dll" adapterTypeName="executor://mstestadapter/v2" className="VideoOS.Common.Integration.WebApi.HttpClientCommunicatorUnitTests" name="PatchEndpointOnly_NoError_TaskIsExecutedAndCorrectResponseReceived" />
    </UnitTest>
    <UnitTest name="BaseHtmlLicenseReport_CreateTableRow_Success" storage="d:\actions-runner\_work\xpco\xpco\corporate\shared\common.integration\tst\videoos.common.integration.unittests\bin\x64\debug\net472\videoos.common.integration.unittests.dll" id="bdbad9cc-433c-5bda-9712-dfb5731f66f0">
      <Execution id="0a1284c8-b401-4c06-9261-337451c1d1b3" />
      <TestMethod codeBase="D:\actions-runner\_work\XPCO\XPCO\Corporate\Shared\Common.Integration\tst\VideoOS.Common.Integration.UnitTests\bin\x64\Debug\net472\VideoOS.Common.Integration.UnitTests.dll" adapterTypeName="executor://mstestadapter/v2" className="VideoOS.Common.Integration.UnitTests.License.BaseHtmlLicenseReportTests" name="BaseHtmlLicenseReport_CreateTableRow_Success" />
    </UnitTest>
    <UnitTest name="ProcessMessage_Command_NotBulkable" storage="d:\actions-runner\_work\xpco\xpco\corporate\shared\common.integration\tst\videoos.common.integration.unittests\bin\x64\debug\net472\videoos.common.integration.unittests.dll" id="e97ae24f-ac2f-4345-2c2a-54c942d7e945">
      <Execution id="85ac0d49-ebf7-45f9-9036-cff4a6b2463b" />
      <TestMethod codeBase="D:\actions-runner\_work\XPCO\XPCO\Corporate\Shared\Common.Integration\tst\VideoOS.Common.Integration.UnitTests\bin\x64\Debug\net472\VideoOS.Common.Integration.UnitTests.dll" adapterTypeName="executor://mstestadapter/v2" className="VideoOS.Common.Integration.UnitTests.MessageProcessing.ThreadPoolBulkMessageProcessorUnitTest" name="ProcessMessage_Command_NotBulkable" />
    </UnitTest>
    <UnitTest name="ConvertForStorage_ZeroByteLicense_ReturnsSame" storage="d:\actions-runner\_work\xpco\xpco\corporate\shared\common.integration\tst\videoos.common.integration.unittests\bin\x64\debug\net472\videoos.common.integration.unittests.dll" id="8c3196ab-de04-4b67-c25d-8f27cd948816">
      <Execution id="a86a8be6-7829-4fbd-b6b3-0fa45fe7a794" />
      <TestMethod codeBase="D:\actions-runner\_work\XPCO\XPCO\Corporate\Shared\Common.Integration\tst\VideoOS.Common.Integration.UnitTests\bin\x64\Debug\net472\VideoOS.Common.Integration.UnitTests.dll" adapterTypeName="executor://mstestadapter/v2" className="VideoOS.Common.Integration.UnitTests.License.LicenseLoaderTests" name="ConvertForStorage_ZeroByteLicense_ReturnsSame" />
    </UnitTest>
    <UnitTest name="DecryptingHardware" storage="d:\actions-runner\_work\xpco\xpco\corporate\shared\common.integration\tst\videoos.common.integration.unittests\bin\x64\debug\net472\videoos.common.integration.unittests.dll" id="c3c3b3ac-b90c-7195-f3dc-273b8f66b68a">
      <Execution id="21ed7dd8-fd2e-43f9-a547-55250679b48b" />
      <TestMethod codeBase="D:\actions-runner\_work\XPCO\XPCO\Corporate\Shared\Common.Integration\tst\VideoOS.Common.Integration.UnitTests\bin\x64\Debug\net472\VideoOS.Common.Integration.UnitTests.dll" adapterTypeName="executor://mstestadapter/v2" className="VideoOS.Common.Integration.UnitTests.Configuration.XmlEncryptionHelperTests" name="DecryptingHardware" />
    </UnitTest>
    <UnitTest name="ServerFileStorage_Starts_PersistedCleanupService" storage="d:\actions-runner\_work\xpco\xpco\corporate\shared\common.integration\tst\videoos.common.integration.unittests\bin\x64\debug\net472\videoos.common.integration.unittests.dll" id="9ab18920-747e-904b-c9f1-093c90b0dc2a">
      <Execution id="7a812bfc-6bc2-41f6-ac6a-2ca218380c1a" />
      <TestMethod codeBase="D:\actions-runner\_work\XPCO\XPCO\Corporate\Shared\Common.Integration\tst\VideoOS.Common.Integration.UnitTests\bin\x64\Debug\net472\VideoOS.Common.Integration.UnitTests.dll" adapterTypeName="executor://mstestadapter/v2" className="VideoOS.Common.Integration.UnitTests.ServerFileStorageTests" name="ServerFileStorage_Starts_PersistedCleanupService" />
    </UnitTest>
    <UnitTest name="RemoveItem_RemovesSpecifiedItem" storage="d:\actions-runner\_work\xpco\xpco\corporate\shared\common.integration\tst\videoos.common.integration.unittests\bin\x64\debug\net472\videoos.common.integration.unittests.dll" id="46d6676a-bae2-9df9-dff7-f8c20a011418">
      <Execution id="daaa16d0-051f-4452-beec-5a2828e4df8d" />
      <TestMethod codeBase="D:\actions-runner\_work\XPCO\XPCO\Corporate\Shared\Common.Integration\tst\VideoOS.Common.Integration.UnitTests\bin\x64\Debug\net472\VideoOS.Common.Integration.UnitTests.dll" adapterTypeName="executor://mstestadapter/v2" className="VideoOS.Common.Integration.UnitTests.LinkedListIndexUnitTests" name="RemoveItem_RemovesSpecifiedItem" />
    </UnitTest>
    <UnitTest name="StreamsConfiguration_ValidateConfiguration_Invalid_Selection_3_Error" storage="d:\actions-runner\_work\xpco\xpco\corporate\shared\common.integration\tst\videoos.common.integration.unittests\bin\x64\debug\net472\videoos.common.integration.unittests.dll" id="c9999e9d-a2c2-81ee-78a6-a171e8eb25b6">
      <Execution id="aad311ff-de19-4400-bfe3-4868647958d2" />
      <TestMethod codeBase="D:\actions-runner\_work\XPCO\XPCO\Corporate\Shared\Common.Integration\tst\VideoOS.Common.Integration.UnitTests\bin\x64\Debug\net472\VideoOS.Common.Integration.UnitTests.dll" adapterTypeName="executor://mstestadapter/v2" className="VideoOS.Common.Integration.UnitTests.StreamsConfigurationUnitTests" name="StreamsConfiguration_ValidateConfiguration_Invalid_Selection_3_Error" />
    </UnitTest>
    <UnitTest name="Collection_Remove_Null_Throws_ArguemtnNullException" storage="d:\actions-runner\_work\xpco\xpco\corporate\shared\common.integration\tst\videoos.common.integration.unittests\bin\x64\debug\net472\videoos.common.integration.unittests.dll" id="c9dd264e-5a88-8d6b-118f-2e40aaa81fbc">
      <Execution id="30f52233-11b1-4fbc-b7d5-5c28403f93d9" />
      <TestMethod codeBase="D:\actions-runner\_work\XPCO\XPCO\Corporate\Shared\Common.Integration\tst\VideoOS.Common.Integration.UnitTests\bin\x64\Debug\net472\VideoOS.Common.Integration.UnitTests.dll" adapterTypeName="executor://mstestadapter/v2" className="VideoOS.Common.Integration.UnitTests.IndexedCollectionUnitTests" name="Collection_Remove_Null_Throws_ArguemtnNullException" />
    </UnitTest>
    <UnitTest name="CheckAllMIPFiltersKindsTestOk1" storage="d:\actions-runner\_work\xpco\xpco\corporate\shared\common.integration\tst\videoos.common.integration.unittests\bin\x64\debug\net472\videoos.common.integration.unittests.dll" id="d37396c4-706b-954c-813b-c11650de9149">
      <TestCategory>
        <TestCategoryItem TestCategory="Rules.MIPFilter" />
      </TestCategory>
      <Execution id="f2766d05-8963-44b9-af08-b428a0fcb257" />
      <TestMethod codeBase="D:\actions-runner\_work\XPCO\XPCO\Corporate\Shared\Common.Integration\tst\VideoOS.Common.Integration.UnitTests\bin\x64\Debug\net472\VideoOS.Common.Integration.UnitTests.dll" adapterTypeName="executor://mstestadapter/v2" className="VideoOS.Common.Integration.UnitTests.Rules.MIPFilterTest" name="CheckAllMIPFiltersKindsTestOk1" />
    </UnitTest>
    <UnitTest name="BoolResponseModel_Validate_Success" storage="d:\actions-runner\_work\xpco\xpco\corporate\shared\common.integration\tst\videoos.common.integration.unittests\bin\x64\debug\net472\videoos.common.integration.unittests.dll" id="3f1fc8a1-137c-2c07-462a-cc1b33a82b8a">
      <Execution id="123509a3-f9af-4140-8d86-e63cc3cd2409" />
      <TestMethod codeBase="D:\actions-runner\_work\XPCO\XPCO\Corporate\Shared\Common.Integration\tst\VideoOS.Common.Integration.UnitTests\bin\x64\Debug\net472\VideoOS.Common.Integration.UnitTests.dll" adapterTypeName="executor://mstestadapter/v2" className="VideoOS.Common.Integration.UnitTests.WebAPI.Model.Recorder.Responses.BoolResponseModelTest" name="BoolResponseModel_Validate_Success" />
    </UnitTest>
    <UnitTest name="ServerFileStorage_SetLength_AboveQuota_Exception" storage="d:\actions-runner\_work\xpco\xpco\corporate\shared\common.integration\tst\videoos.common.integration.unittests\bin\x64\debug\net472\videoos.common.integration.unittests.dll" id="fefefecb-cd3f-bcbd-7496-453b8b094f3c">
      <Execution id="f7dbc95c-d89f-41b1-a33f-cfda19805693" />
      <TestMethod codeBase="D:\actions-runner\_work\XPCO\XPCO\Corporate\Shared\Common.Integration\tst\VideoOS.Common.Integration.UnitTests\bin\x64\Debug\net472\VideoOS.Common.Integration.UnitTests.dll" adapterTypeName="executor://mstestadapter/v2" className="VideoOS.Common.Integration.UnitTests.ServerFileStorageTests" name="ServerFileStorage_SetLength_AboveQuota_Exception" />
    </UnitTest>
    <UnitTest name="Update_XmlHasPassword_PasswordIsTransformed" storage="d:\actions-runner\_work\xpco\xpco\corporate\shared\common.integration\tst\videoos.common.integration.unittests\bin\x64\debug\net472\videoos.common.integration.unittests.dll" id="7f4b45fc-bcbc-cff9-5b5a-d61b84af45ea">
      <Execution id="c1655482-e96f-43a0-b802-dbb5194ae0b2" />
      <TestMethod codeBase="D:\actions-runner\_work\XPCO\XPCO\Corporate\Shared\Common.Integration\tst\VideoOS.Common.Integration.UnitTests\bin\x64\Debug\net472\VideoOS.Common.Integration.UnitTests.dll" adapterTypeName="executor://mstestadapter/v2" className="VideoOS.Common.Integration.UnitTests.Configuration.ConfigurationDataSetEncryption.AddHardwareEncryptionTests" name="Update_XmlHasPassword_PasswordIsTransformed" />
    </UnitTest>
    <UnitTest name="DataSetUtility_UpdateLastModified_ConfigurationDataSet_Devices_LastModified_Changed" storage="d:\actions-runner\_work\xpco\xpco\corporate\shared\common.integration\tst\videoos.common.integration.unittests\bin\x64\debug\net472\videoos.common.integration.unittests.dll" id="0430db25-db50-e950-650c-a7a45ebe4591">
      <Execution id="b25e5de2-8588-4d6f-9fd2-beab96363388" />
      <TestMethod codeBase="D:\actions-runner\_work\XPCO\XPCO\Corporate\Shared\Common.Integration\tst\VideoOS.Common.Integration.UnitTests\bin\x64\Debug\net472\VideoOS.Common.Integration.UnitTests.dll" adapterTypeName="executor://mstestadapter/v2" className="VideoOS.Common.Integration.UnitTests.DataSetUtilityUnitTests" name="DataSetUtility_UpdateLastModified_ConfigurationDataSet_Devices_LastModified_Changed" />
    </UnitTest>
    <UnitTest name="DefaultFileName_ExistsAndIsValid_Success" storage="d:\actions-runner\_work\xpco\xpco\corporate\shared\common.integration\tst\videoos.common.integration.unittests\bin\x64\debug\net472\videoos.common.integration.unittests.dll" id="8b517c86-4ecc-dbbd-ff31-39c454c41be3">
      <Execution id="fb25749d-f699-4e63-934d-4d7cf4d54d7c" />
      <TestMethod codeBase="D:\actions-runner\_work\XPCO\XPCO\Corporate\Shared\Common.Integration\tst\VideoOS.Common.Integration.UnitTests\bin\x64\Debug\net472\VideoOS.Common.Integration.UnitTests.dll" adapterTypeName="executor://mstestadapter/v2" className="VideoOS.Common.Integration.UnitTests.ServerValidation.LocalUserOptionsTests" name="DefaultFileName_ExistsAndIsValid_Success" />
    </UnitTest>
    <UnitTest name="DatabaseResponseTrackIdsWithoutMediaOnRecorderModel_NoValuesSet_ValidationFailure" storage="d:\actions-runner\_work\xpco\xpco\corporate\shared\common.integration\tst\videoos.common.integration.unittests\bin\x64\debug\net472\videoos.common.integration.unittests.dll" id="d51ef439-c9da-9eb7-9c47-8a2b811546f8">
      <Execution id="f370af24-bfcb-45b5-9baf-54c2b009a760" />
      <TestMethod codeBase="D:\actions-runner\_work\XPCO\XPCO\Corporate\Shared\Common.Integration\tst\VideoOS.Common.Integration.UnitTests\bin\x64\Debug\net472\VideoOS.Common.Integration.UnitTests.dll" adapterTypeName="executor://mstestadapter/v2" className="VideoOS.Common.Integration.UnitTests.WebApi.Model.DatabaseResponseModelTest" name="DatabaseResponseTrackIdsWithoutMediaOnRecorderModel_NoValuesSet_ValidationFailure" />
    </UnitTest>
    <UnitTest name="Call_HttpPost_InvalidParam_userAgentNull_ThrowsArgumentNullException" storage="d:\actions-runner\_work\xpco\xpco\corporate\shared\common.integration\tst\videoos.common.integration.unittests\bin\x64\debug\net472\videoos.common.integration.unittests.dll" id="2cba5c34-805b-0de4-d983-04f83032a032">
      <Execution id="901d080e-ab9b-4e66-bd54-be03fb96d49f" />
      <TestMethod codeBase="D:\actions-runner\_work\XPCO\XPCO\Corporate\Shared\Common.Integration\tst\VideoOS.Common.Integration.UnitTests\bin\x64\Debug\net472\VideoOS.Common.Integration.UnitTests.dll" adapterTypeName="executor://mstestadapter/v2" className="VideoOS.Common.Integration.UnitTests.Communication.HttpPostTests" name="Call_HttpPost_InvalidParam_userAgentNull_ThrowsArgumentNullException" />
    </UnitTest>
    <UnitTest name="ScanParameters_SerializationTest" storage="d:\actions-runner\_work\xpco\xpco\corporate\shared\common.integration\tst\videoos.common.integration.unittests\bin\x64\debug\net472\videoos.common.integration.unittests.dll" id="9ff6268d-5453-69d9-7a5d-560fa480cf29">
      <Execution id="aadf7bef-c9fd-4069-b4be-8d91cbcdf2e9" />
      <TestMethod codeBase="D:\actions-runner\_work\XPCO\XPCO\Corporate\Shared\Common.Integration\tst\VideoOS.Common.Integration.UnitTests\bin\x64\Debug\net472\VideoOS.Common.Integration.UnitTests.dll" adapterTypeName="executor://mstestadapter/v2" className="VideoOS.Common.Integration.UnitTests.ScanParametersTest" name="ScanParameters_SerializationTest" />
    </UnitTest>
    <UnitTest name="CalculateLicenseRequirements_On1ICPHardwareWith3ChannelsAnd1NormalWith6Channels_ReturnsFalse" storage="d:\actions-runner\_work\xpco\xpco\corporate\shared\common.integration\tst\videoos.common.integration.unittests\bin\x64\debug\net472\videoos.common.integration.unittests.dll" id="ff479f6d-e0b7-8fd5-8eb8-d2152054fac2">
      <Execution id="7723f29c-75da-489a-a0a7-ed5965c5781d" />
      <TestMethod codeBase="D:\actions-runner\_work\XPCO\XPCO\Corporate\Shared\Common.Integration\tst\VideoOS.Common.Integration.UnitTests\bin\x64\Debug\net472\VideoOS.Common.Integration.UnitTests.dll" adapterTypeName="executor://mstestadapter/v2" className="VideoOS.Common.Integration.UnitTests.License.LicenseCalculatorTests" name="CalculateLicenseRequirements_On1ICPHardwareWith3ChannelsAnd1NormalWith6Channels_ReturnsFalse" />
    </UnitTest>
    <UnitTest name="ToRecorderStatusesDto_AppliesAllFlags_OnAllFlagsPresent" storage="d:\actions-runner\_work\xpco\xpco\corporate\shared\common.integration\tst\videoos.common.integration.unittests\bin\x64\debug\net472\videoos.common.integration.unittests.dll" id="14ac6c18-7464-667d-e927-e446b8071737">
      <TestCategory>
        <TestCategoryItem TestCategory="RecorderStatus" />
      </TestCategory>
      <Execution id="004fbfd4-3966-47b5-a778-c5ab5e7ef340" />
      <TestMethod codeBase="D:\actions-runner\_work\XPCO\XPCO\Corporate\Shared\Common.Integration\tst\VideoOS.Common.Integration.UnitTests\bin\x64\Debug\net472\VideoOS.Common.Integration.UnitTests.dll" adapterTypeName="executor://mstestadapter/v2" className="VideoOS.Common.Integration.UnitTests.Communication.Internal.DtoConvertTests" name="ToRecorderStatusesDto_AppliesAllFlags_OnAllFlagsPresent" />
    </UnitTest>
    <UnitTest name="ServiceDiscoveryEngine_Construction_TimespanMax_ArgumentOutOfRangeException" storage="d:\actions-runner\_work\xpco\xpco\corporate\shared\common.integration\tst\videoos.common.integration.unittests\bin\x64\debug\net472\videoos.common.integration.unittests.dll" id="94c9c17d-5b29-dbc2-e9fb-ad06e996284d">
      <Execution id="3b2291c9-5585-40ca-b58f-3310ca5cebc0" />
      <TestMethod codeBase="D:\actions-runner\_work\XPCO\XPCO\Corporate\Shared\Common.Integration\tst\VideoOS.Common.Integration.UnitTests\bin\x64\Debug\net472\VideoOS.Common.Integration.UnitTests.dll" adapterTypeName="executor://mstestadapter/v2" className="VideoOS.Common.Integration.UnitTests.WebAPI.Exceptions.ServiceDiscoveryEngineTests" name="ServiceDiscoveryEngine_Construction_TimespanMax_ArgumentOutOfRangeException" />
    </UnitTest>
    <UnitTest name="CreateHttpUri_HttpsDefaultPort_UsePort65536_ThrowsArgumentOutOfRangeException" storage="d:\actions-runner\_work\xpco\xpco\corporate\shared\common.integration\tst\videoos.common.integration.unittests\bin\x64\debug\net472\videoos.common.integration.unittests.dll" id="a63deb4a-f738-6f93-7e6a-2f1713f5f8cf">
      <TestCategory>
        <TestCategoryItem TestCategory="UriHandling" />
      </TestCategory>
      <Execution id="e705e0ff-5e6c-4c70-8187-f3141248cc4f" />
      <TestMethod codeBase="D:\actions-runner\_work\XPCO\XPCO\Corporate\Shared\Common.Integration\tst\VideoOS.Common.Integration.UnitTests\bin\x64\Debug\net472\VideoOS.Common.Integration.UnitTests.dll" adapterTypeName="executor://mstestadapter/v2" className="VideoOS.Common.Integration.UnitTests.Communication.UriHandlingUnitTests" name="CreateHttpUri_HttpsDefaultPort_UsePort65536_ThrowsArgumentOutOfRangeException" />
    </UnitTest>
    <UnitTest name="FeatureManager_TryGetFeatureParameterValue_License_Argument_Null" storage="d:\actions-runner\_work\xpco\xpco\corporate\shared\common.integration\tst\videoos.common.integration.unittests\bin\x64\debug\net472\videoos.common.integration.unittests.dll" id="d5954dbd-073f-77e4-c2f8-ae999d763dbc">
      <Execution id="38deb7bf-f372-48df-a0e3-75c6bc7e1b33" />
      <TestMethod codeBase="D:\actions-runner\_work\XPCO\XPCO\Corporate\Shared\Common.Integration\tst\VideoOS.Common.Integration.UnitTests\bin\x64\Debug\net472\VideoOS.Common.Integration.UnitTests.dll" adapterTypeName="executor://mstestadapter/v2" className="VideoOS.Common.Integration.UnitTests.License.FeatureManagerTest" name="FeatureManager_TryGetFeatureParameterValue_License_Argument_Null" />
    </UnitTest>
    <UnitTest name="DatabaseResponseDiskUsageModel_NoValuesSet_ValidationFailure" storage="d:\actions-runner\_work\xpco\xpco\corporate\shared\common.integration\tst\videoos.common.integration.unittests\bin\x64\debug\net472\videoos.common.integration.unittests.dll" id="1dc5a329-41e5-3e6d-fc5e-d8b4c47ea882">
      <Execution id="588fa5a9-9205-4e7b-8213-47f127b189c7" />
      <TestMethod codeBase="D:\actions-runner\_work\XPCO\XPCO\Corporate\Shared\Common.Integration\tst\VideoOS.Common.Integration.UnitTests\bin\x64\Debug\net472\VideoOS.Common.Integration.UnitTests.dll" adapterTypeName="executor://mstestadapter/v2" className="VideoOS.Common.Integration.UnitTests.WebApi.Model.DatabaseResponseModelTest" name="DatabaseResponseDiskUsageModel_NoValuesSet_ValidationFailure" />
    </UnitTest>
    <UnitTest name="CalculateLicenseRequirements_WithoutInitialising_ThrowsInvalidOperationException" storage="d:\actions-runner\_work\xpco\xpco\corporate\shared\common.integration\tst\videoos.common.integration.unittests\bin\x64\debug\net472\videoos.common.integration.unittests.dll" id="e3af9ef2-b4d7-82f6-2b39-9e49c5aac5c0">
      <Execution id="ce3c562a-113b-41fd-a31a-a61407454442" />
      <TestMethod codeBase="D:\actions-runner\_work\XPCO\XPCO\Corporate\Shared\Common.Integration\tst\VideoOS.Common.Integration.UnitTests\bin\x64\Debug\net472\VideoOS.Common.Integration.UnitTests.dll" adapterTypeName="executor://mstestadapter/v2" className="VideoOS.Common.Integration.UnitTests.License.LicenseCalculatorTests" name="CalculateLicenseRequirements_WithoutInitialising_ThrowsInvalidOperationException" />
    </UnitTest>
    <UnitTest name="FeatureManager_TryGetFeatureParameterValue_Value" storage="d:\actions-runner\_work\xpco\xpco\corporate\shared\common.integration\tst\videoos.common.integration.unittests\bin\x64\debug\net472\videoos.common.integration.unittests.dll" id="80fe88af-86ae-3eb6-9919-0386f9c0d3d0">
      <Execution id="581edb07-03e7-4243-bdb6-aceb2ec6a1c1" />
      <TestMethod codeBase="D:\actions-runner\_work\XPCO\XPCO\Corporate\Shared\Common.Integration\tst\VideoOS.Common.Integration.UnitTests\bin\x64\Debug\net472\VideoOS.Common.Integration.UnitTests.dll" adapterTypeName="executor://mstestadapter/v2" className="VideoOS.Common.Integration.UnitTests.License.FeatureManagerTest" name="FeatureManager_TryGetFeatureParameterValue_Value" />
    </UnitTest>
    <UnitTest name="FeatureManager_GetFeatureParameterValueT_Int_Invalid_Value" storage="d:\actions-runner\_work\xpco\xpco\corporate\shared\common.integration\tst\videoos.common.integration.unittests\bin\x64\debug\net472\videoos.common.integration.unittests.dll" id="a007b317-a0ad-fafd-d5c9-f7310688453b">
      <Execution id="f021af9e-aa52-469d-a57c-03cca1ebf64d" />
      <TestMethod codeBase="D:\actions-runner\_work\XPCO\XPCO\Corporate\Shared\Common.Integration\tst\VideoOS.Common.Integration.UnitTests\bin\x64\Debug\net472\VideoOS.Common.Integration.UnitTests.dll" adapterTypeName="executor://mstestadapter/v2" className="VideoOS.Common.Integration.UnitTests.License.FeatureManagerTest" name="FeatureManager_GetFeatureParameterValueT_Int_Invalid_Value" />
    </UnitTest>
    <UnitTest name="PatchRecorderModel_ValidModel_Success" storage="d:\actions-runner\_work\xpco\xpco\corporate\shared\common.integration\tst\videoos.common.integration.unittests\bin\x64\debug\net472\videoos.common.integration.unittests.dll" id="3ce9b96f-8501-c34c-77db-b59cc03fb909">
      <Execution id="97165bc0-ed17-4321-859a-047167d55384" />
      <TestMethod codeBase="D:\actions-runner\_work\XPCO\XPCO\Corporate\Shared\Common.Integration\tst\VideoOS.Common.Integration.UnitTests\bin\x64\Debug\net472\VideoOS.Common.Integration.UnitTests.dll" adapterTypeName="executor://mstestadapter/v2" className="VideoOS.Common.Integration.UnitTests.WebAPI.Model.Server.PatchRecorderModelTest" name="PatchRecorderModel_ValidModel_Success" />
    </UnitTest>
    <UnitTest name="GenericDewarpSettings_ToXml_FromXml_Success" storage="d:\actions-runner\_work\xpco\xpco\corporate\shared\common.integration\tst\videoos.common.integration.unittests\bin\x64\debug\net472\videoos.common.integration.unittests.dll" id="8ce521cd-586b-8d63-1cb6-9c67c61ba140">
      <Execution id="ea2f55a6-c165-4a4f-8cd6-4d6c36c22bce" />
      <TestMethod codeBase="D:\actions-runner\_work\XPCO\XPCO\Corporate\Shared\Common.Integration\tst\VideoOS.Common.Integration.UnitTests\bin\x64\Debug\net472\VideoOS.Common.Integration.UnitTests.dll" adapterTypeName="executor://mstestadapter/v2" className="VideoOS.Common.Integration.UnitTests.GenericDewarpSettingsUnitTest" name="GenericDewarpSettings_ToXml_FromXml_Success" />
    </UnitTest>
    <UnitTest name="LicenseDocument_ThrowsUnsupportedLicensingModeError_OnLicenseWithoutWhitelist" storage="d:\actions-runner\_work\xpco\xpco\corporate\shared\common.integration\tst\videoos.common.integration.unittests\bin\x64\debug\net472\videoos.common.integration.unittests.dll" id="c5db308c-4f9f-380c-a164-38c86060a6bf">
      <TestCategory>
        <TestCategoryItem TestCategory="LicenseDocumentTest" />
      </TestCategory>
      <Execution id="eeeb4e41-c915-46a8-bf32-6e7e9261a1e0" />
      <TestMethod codeBase="D:\actions-runner\_work\XPCO\XPCO\Corporate\Shared\Common.Integration\tst\VideoOS.Common.Integration.UnitTests\bin\x64\Debug\net472\VideoOS.Common.Integration.UnitTests.dll" adapterTypeName="executor://mstestadapter/v2" className="VideoOS.Common.Integration.UnitTests.License.LicenseDocumentTests" name="LicenseDocument_ThrowsUnsupportedLicensingModeError_OnLicenseWithoutWhitelist" />
    </UnitTest>
    <UnitTest name="RecorderSpecificConfigurationModel_Validation_Success" storage="d:\actions-runner\_work\xpco\xpco\corporate\shared\common.integration\tst\videoos.common.integration.unittests\bin\x64\debug\net472\videoos.common.integration.unittests.dll" id="8ed8c2ac-8981-250a-50b6-66e3b3f4891d">
      <Execution id="0dbe9d28-f01b-4475-96de-adf0c298a257" />
      <TestMethod codeBase="D:\actions-runner\_work\XPCO\XPCO\Corporate\Shared\Common.Integration\tst\VideoOS.Common.Integration.UnitTests\bin\x64\Debug\net472\VideoOS.Common.Integration.UnitTests.dll" adapterTypeName="executor://mstestadapter/v2" className="VideoOS.Common.Integration.UnitTests.WebAPI.Model.RecorderSpecificConfigurationModelTest" name="RecorderSpecificConfigurationModel_Validation_Success" />
    </UnitTest>
    <UnitTest name="HardwareSetupInformationResponseModel_Validate_Success" storage="d:\actions-runner\_work\xpco\xpco\corporate\shared\common.integration\tst\videoos.common.integration.unittests\bin\x64\debug\net472\videoos.common.integration.unittests.dll" id="9f09049a-5f6e-9897-6da4-fadf1030de93">
      <Execution id="03b83b56-c56d-4bf4-abc4-acee043ff202" />
      <TestMethod codeBase="D:\actions-runner\_work\XPCO\XPCO\Corporate\Shared\Common.Integration\tst\VideoOS.Common.Integration.UnitTests\bin\x64\Debug\net472\VideoOS.Common.Integration.UnitTests.dll" adapterTypeName="executor://mstestadapter/v2" className="VideoOS.Common.Integration.UnitTests.WebApi.Model.HardwareSetupInformationResponseModelTest" name="HardwareSetupInformationResponseModel_Validate_Success" />
    </UnitTest>
    <UnitTest name="BulkEventModel_Validate_Failed_Empty" storage="d:\actions-runner\_work\xpco\xpco\corporate\shared\common.integration\tst\videoos.common.integration.unittests\bin\x64\debug\net472\videoos.common.integration.unittests.dll" id="c04a2885-1a6b-f616-ed37-b797f5e7a2b5">
      <Execution id="42ca432a-a734-4ebb-bd34-1740967dc4cf" />
      <TestMethod codeBase="D:\actions-runner\_work\XPCO\XPCO\Corporate\Shared\Common.Integration\tst\VideoOS.Common.Integration.UnitTests\bin\x64\Debug\net472\VideoOS.Common.Integration.UnitTests.dll" adapterTypeName="executor://mstestadapter/v2" className="VideoOS.Common.Integration.UnitTests.WebAPI.Model.BulkEventModelTest" name="BulkEventModel_Validate_Failed_Empty" />
    </UnitTest>
    <UnitTest name="FeatureManager_ProductSku_Success" storage="d:\actions-runner\_work\xpco\xpco\corporate\shared\common.integration\tst\videoos.common.integration.unittests\bin\x64\debug\net472\videoos.common.integration.unittests.dll" id="feca0954-bd14-72ed-e2f3-febd9ed9aa1d">
      <Execution id="d0e84cbb-85c4-4835-abf4-fe6d1609fd8e" />
      <TestMethod codeBase="D:\actions-runner\_work\XPCO\XPCO\Corporate\Shared\Common.Integration\tst\VideoOS.Common.Integration.UnitTests\bin\x64\Debug\net472\VideoOS.Common.Integration.UnitTests.dll" adapterTypeName="executor://mstestadapter/v2" className="VideoOS.Common.Integration.UnitTests.License.FeatureManagerTest" name="FeatureManager_ProductSku_Success" />
    </UnitTest>
    <UnitTest name="UpdateHardwareReadOnlySettingsModel_ValidModel_Success" storage="d:\actions-runner\_work\xpco\xpco\corporate\shared\common.integration\tst\videoos.common.integration.unittests\bin\x64\debug\net472\videoos.common.integration.unittests.dll" id="74235f5c-118a-7de4-9543-a82200fe6fb3">
      <Execution id="38c784b0-783d-48aa-a089-2d2505ef8654" />
      <TestMethod codeBase="D:\actions-runner\_work\XPCO\XPCO\Corporate\Shared\Common.Integration\tst\VideoOS.Common.Integration.UnitTests\bin\x64\Debug\net472\VideoOS.Common.Integration.UnitTests.dll" adapterTypeName="executor://mstestadapter/v2" className="VideoOS.Common.Integration.UnitTests.WebAPI.Model.UpdateHardwareReadOnlySettingsModelTests" name="UpdateHardwareReadOnlySettingsModel_ValidModel_Success" />
    </UnitTest>
    <UnitTest name="DecryptingNull" storage="d:\actions-runner\_work\xpco\xpco\corporate\shared\common.integration\tst\videoos.common.integration.unittests\bin\x64\debug\net472\videoos.common.integration.unittests.dll" id="c14b5c94-9ed8-41f1-f1a3-39cd875ade55">
      <Execution id="2cd73b34-0706-4769-9801-52865cfd3801" />
      <TestMethod codeBase="D:\actions-runner\_work\XPCO\XPCO\Corporate\Shared\Common.Integration\tst\VideoOS.Common.Integration.UnitTests\bin\x64\Debug\net472\VideoOS.Common.Integration.UnitTests.dll" adapterTypeName="executor://mstestadapter/v2" className="VideoOS.Common.Integration.UnitTests.Configuration.XmlEncryptionHelperTests" name="DecryptingNull" />
    </UnitTest>
    <UnitTest name="HttpClientCommunicatorWrapper_SendAsyncTRet_Success" storage="d:\actions-runner\_work\xpco\xpco\corporate\shared\common.integration\tst\videoos.common.integration.unittests\bin\x64\debug\net472\videoos.common.integration.unittests.dll" id="e92b92df-4832-3c0f-49c5-acfbf0e5fdfe">
      <Execution id="8d297c65-2e76-4503-a3a7-5652b36156e1" />
      <TestMethod codeBase="D:\actions-runner\_work\XPCO\XPCO\Corporate\Shared\Common.Integration\tst\VideoOS.Common.Integration.UnitTests\bin\x64\Debug\net472\VideoOS.Common.Integration.UnitTests.dll" adapterTypeName="executor://mstestadapter/v2" className="VideoOS.Common.Integration.UnitTests.WebAPI.HttpClientCommunicatorWrapperTests" name="HttpClientCommunicatorWrapper_SendAsyncTRet_Success" />
    </UnitTest>
    <UnitTest name="FeatureManager_GetFeatureParameterValueT_Parameter_Not_Found" storage="d:\actions-runner\_work\xpco\xpco\corporate\shared\common.integration\tst\videoos.common.integration.unittests\bin\x64\debug\net472\videoos.common.integration.unittests.dll" id="494eaabe-4fb2-b802-16bf-4589390d21c1">
      <Execution id="90307065-de4c-4700-9813-354c4f4d4b73" />
      <TestMethod codeBase="D:\actions-runner\_work\XPCO\XPCO\Corporate\Shared\Common.Integration\tst\VideoOS.Common.Integration.UnitTests\bin\x64\Debug\net472\VideoOS.Common.Integration.UnitTests.dll" adapterTypeName="executor://mstestadapter/v2" className="VideoOS.Common.Integration.UnitTests.License.FeatureManagerTest" name="FeatureManager_GetFeatureParameterValueT_Parameter_Not_Found" />
    </UnitTest>
    <UnitTest name="FeatureManager_TryGetFeatureParameterValueT_Enum_OutOfRange_Value" storage="d:\actions-runner\_work\xpco\xpco\corporate\shared\common.integration\tst\videoos.common.integration.unittests\bin\x64\debug\net472\videoos.common.integration.unittests.dll" id="45db66ab-a575-0293-4ffd-ec4abdb03548">
      <Execution id="fd4d3a44-0131-43d1-a094-4975586d35ab" />
      <TestMethod codeBase="D:\actions-runner\_work\XPCO\XPCO\Corporate\Shared\Common.Integration\tst\VideoOS.Common.Integration.UnitTests\bin\x64\Debug\net472\VideoOS.Common.Integration.UnitTests.dll" adapterTypeName="executor://mstestadapter/v2" className="VideoOS.Common.Integration.UnitTests.License.FeatureManagerTest" name="FeatureManager_TryGetFeatureParameterValueT_Enum_OutOfRange_Value" />
    </UnitTest>
    <UnitTest name="BaseHtmlLicenseReport_CreateTableHeader_Success" storage="d:\actions-runner\_work\xpco\xpco\corporate\shared\common.integration\tst\videoos.common.integration.unittests\bin\x64\debug\net472\videoos.common.integration.unittests.dll" id="8f58f6be-93f6-8d20-1959-801832527bd4">
      <Execution id="94df2454-b324-4d6d-b15d-a5e1bd47a2a6" />
      <TestMethod codeBase="D:\actions-runner\_work\XPCO\XPCO\Corporate\Shared\Common.Integration\tst\VideoOS.Common.Integration.UnitTests\bin\x64\Debug\net472\VideoOS.Common.Integration.UnitTests.dll" adapterTypeName="executor://mstestadapter/v2" className="VideoOS.Common.Integration.UnitTests.License.BaseHtmlLicenseReportTests" name="BaseHtmlLicenseReport_CreateTableHeader_Success" />
    </UnitTest>
    <UnitTest name="ScanParameters_ToXmlRemovePasswords_XmlWithoutPasswords" storage="d:\actions-runner\_work\xpco\xpco\corporate\shared\common.integration\tst\videoos.common.integration.unittests\bin\x64\debug\net472\videoos.common.integration.unittests.dll" id="97959581-8ba4-69c8-edd6-1f5a9e44d9f3">
      <Execution id="b3b7fa4b-fda3-42ef-8d24-e029981ceabc" />
      <TestMethod codeBase="D:\actions-runner\_work\XPCO\XPCO\Corporate\Shared\Common.Integration\tst\VideoOS.Common.Integration.UnitTests\bin\x64\Debug\net472\VideoOS.Common.Integration.UnitTests.dll" adapterTypeName="executor://mstestadapter/v2" className="VideoOS.Common.Integration.UnitTests.ScanParametersTest" name="ScanParameters_ToXmlRemovePasswords_XmlWithoutPasswords" />
    </UnitTest>
    <UnitTest name="Validate_PartialMatch_Found_EndOfWord_LowerCase_Success" storage="d:\actions-runner\_work\xpco\xpco\corporate\shared\common.integration\tst\videoos.common.integration.unittests\bin\x64\debug\net472\videoos.common.integration.unittests.dll" id="db259640-9517-9e3b-80ae-9c90890e1bcb">
      <Execution id="4ead9c15-06f1-4419-bd47-f428b5aaa4ab" />
      <TestMethod codeBase="D:\actions-runner\_work\XPCO\XPCO\Corporate\Shared\Common.Integration\tst\VideoOS.Common.Integration.UnitTests\bin\x64\Debug\net472\VideoOS.Common.Integration.UnitTests.dll" adapterTypeName="executor://mstestadapter/v2" className="VideoOS.Common.Integration.UnitTests.License.WhitelistMatchHelperTests" name="Validate_PartialMatch_Found_EndOfWord_LowerCase_Success" />
    </UnitTest>
  </TestDefinitions>
  <TestEntries>
    <TestEntry testId="f6f481c8-5657-b895-2c35-7ef81b526c07" executionId="fe7c5293-3dab-4ab6-a179-ba76691834bf" testListId="8c84fa94-04c1-424b-9868-57a2d4851a1d" />
    <TestEntry testId="0cf326ec-a942-7e6a-4f8e-59d880d75079" executionId="a50f7c57-aa4d-4943-a037-4dab030bbdb5" testListId="8c84fa94-04c1-424b-9868-57a2d4851a1d" />
    <TestEntry testId="0327f027-7dbf-9667-735e-eac3e8857101" executionId="9f0d643c-09dd-40af-a16d-42dd1729b7f3" testListId="8c84fa94-04c1-424b-9868-57a2d4851a1d" />
    <TestEntry testId="d5954dbd-073f-77e4-c2f8-ae999d763dbc" executionId="38deb7bf-f372-48df-a0e3-75c6bc7e1b33" testListId="8c84fa94-04c1-424b-9868-57a2d4851a1d" />
    <TestEntry testId="2488323e-fbaf-67b7-4dae-e697d49eb7c6" executionId="8008adef-199b-4836-aba3-b7ac9a43606a" testListId="8c84fa94-04c1-424b-9868-57a2d4851a1d" />
    <TestEntry testId="7d40ebe1-d42f-de08-7005-707d1ccb79cc" executionId="c71675b9-4039-412e-9d3a-ac17b39af1a9" testListId="8c84fa94-04c1-424b-9868-57a2d4851a1d" />
    <TestEntry testId="b741393a-f04e-486c-32a6-bec151291934" executionId="d458af02-ce7b-4c44-8ed3-7e3acc1f2a49" testListId="8c84fa94-04c1-424b-9868-57a2d4851a1d" />
    <TestEntry testId="59013b7e-e03f-2fc2-bf78-c391942297eb" executionId="faaa0f95-d55c-45c5-a5f8-59abe2ccc1bb" testListId="8c84fa94-04c1-424b-9868-57a2d4851a1d" />
    <TestEntry testId="ee979836-8e9b-a428-76a0-4d534302f4d5" executionId="15739015-bfc7-464b-8777-880aac3b4403" testListId="8c84fa94-04c1-424b-9868-57a2d4851a1d" />
    <TestEntry testId="fc5332c2-45c0-4c4b-b897-739bffc8971f" executionId="799ee894-4569-4c55-ac7a-3d65d68829c9" testListId="8c84fa94-04c1-424b-9868-57a2d4851a1d" />
    <TestEntry testId="1cb4a5d7-d8ea-0925-ea58-6b3a23476ff8" executionId="294e6786-a7bd-4cc4-8567-a3512a7c66eb" testListId="8c84fa94-04c1-424b-9868-57a2d4851a1d" />
    <TestEntry testId="d0bb929b-e68b-8e3c-2c1e-496bb6ec2575" executionId="5641d65c-133c-4cf0-8b59-c9b243394ab7" testListId="8c84fa94-04c1-424b-9868-57a2d4851a1d" />
    <TestEntry testId="c1b3d7f7-67d7-6f4a-4081-4e1d5822b5c7" executionId="f04fc983-15c7-41c2-b074-fdce55987a89" testListId="8c84fa94-04c1-424b-9868-57a2d4851a1d" />
    <TestEntry testId="de144c42-722d-4362-92bf-35d2632d827d" executionId="b01dbec6-1eb4-4639-bc39-1a931feb5aaf" testListId="8c84fa94-04c1-424b-9868-57a2d4851a1d" />
    <TestEntry testId="db63f797-2321-5f9c-6408-fa04cef85df1" executionId="be4b506a-a607-42de-8f0d-1d0b9420feba" testListId="8c84fa94-04c1-424b-9868-57a2d4851a1d" />
    <TestEntry testId="741aff36-7393-b790-182c-a6809d68341e" executionId="f59b6290-204b-4db3-aeeb-bd1aef2b7f97" testListId="8c84fa94-04c1-424b-9868-57a2d4851a1d" />
    <TestEntry testId="201f8ac5-c7a1-9e49-1a3f-d3d7771740aa" executionId="30cdb59a-3473-4bf5-ac3d-c6811c94cf20" testListId="8c84fa94-04c1-424b-9868-57a2d4851a1d" />
    <TestEntry testId="22cbea69-3a7d-9cd6-f0ea-2fa47544a3b1" executionId="3c34cc60-1421-4746-9caf-00b5e7d28bb4" testListId="8c84fa94-04c1-424b-9868-57a2d4851a1d" />
    <TestEntry testId="94e8e813-abcf-ce79-d603-8f14a86e9183" executionId="c70c697d-d3da-4fad-bfc5-312882b97e3a" testListId="8c84fa94-04c1-424b-9868-57a2d4851a1d" />
    <TestEntry testId="5b21d1af-48af-0532-ea17-f797ade384ab" executionId="d66ebe4f-e1f2-4f62-80e5-48a630a8c576" testListId="8c84fa94-04c1-424b-9868-57a2d4851a1d" />
    <TestEntry testId="0dbe4e13-daa7-6cf0-2d89-882abfacdb28" executionId="8972cd81-3858-46e1-8572-09c356a296c4" testListId="8c84fa94-04c1-424b-9868-57a2d4851a1d" />
    <TestEntry testId="1d0eb2d7-e1ad-2995-ad2b-c85a311e7a96" executionId="8570b461-6503-406a-a031-e7983459eae3" testListId="8c84fa94-04c1-424b-9868-57a2d4851a1d" />
    <TestEntry testId="d589faec-154d-b820-e59a-e7fde87c9e89" executionId="33359754-46b1-4a93-9134-000cc2a58235" testListId="8c84fa94-04c1-424b-9868-57a2d4851a1d" />
    <TestEntry testId="17fa218c-c1a6-687b-c91d-11aad9d6292c" executionId="5bb69882-169a-4919-b61e-adf6425af2e5" testListId="8c84fa94-04c1-424b-9868-57a2d4851a1d" />
    <TestEntry testId="50e69c9f-c2c3-75fa-6a94-ef83d708bdd2" executionId="e8ba316b-69d3-4f3a-932c-3cacf1bce9df" testListId="8c84fa94-04c1-424b-9868-57a2d4851a1d" />
    <TestEntry testId="0668341c-d025-fc1a-f584-aa8451e47691" executionId="24c46c6d-9d16-4eba-b8b0-2b0fcb95aca0" testListId="8c84fa94-04c1-424b-9868-57a2d4851a1d" />
    <TestEntry testId="67fcb600-6dc8-ee82-951b-19bc7b6681d9" executionId="a12e0a7a-1497-4f3d-9627-45343637b000" testListId="8c84fa94-04c1-424b-9868-57a2d4851a1d" />
    <TestEntry testId="5f0f39e0-02c6-e3b5-e154-38435b45d473" executionId="eb5c8ad7-fc19-4fea-93f9-85959f88ccb8" testListId="8c84fa94-04c1-424b-9868-57a2d4851a1d" />
    <TestEntry testId="191f24c6-cafa-473a-7bf0-f0b451e605dc" executionId="defff8c6-0195-425f-b155-27518ef689ed" testListId="8c84fa94-04c1-424b-9868-57a2d4851a1d" />
    <TestEntry testId="c8202ea2-df5f-deb2-454c-cff3b2ec9ce1" executionId="8e780b3d-e815-45bd-aa1c-b04387654f11" testListId="8c84fa94-04c1-424b-9868-57a2d4851a1d" />
    <TestEntry testId="85d0f321-1adf-0a50-fcb5-5b02067c3ae4" executionId="e47726ce-81dd-4e37-abd9-6b9ebbd6071a" testListId="8c84fa94-04c1-424b-9868-57a2d4851a1d" />
    <TestEntry testId="c0a9727d-0bf7-48e8-362a-ed8d26af8f19" executionId="36ccbe1d-d12b-452f-ad87-6ff1040c5b6c" testListId="8c84fa94-04c1-424b-9868-57a2d4851a1d" />
    <TestEntry testId="71908ec8-aa85-7729-a044-9c9f1cdef406" executionId="13c4f4b6-2a0d-4519-8f97-a2720983d041" testListId="8c84fa94-04c1-424b-9868-57a2d4851a1d" />
    <TestEntry testId="b96dda28-dd27-8422-6b01-65ffbda5b871" executionId="cf6b24ff-8a77-4c66-a4a1-474c238bbf14" testListId="8c84fa94-04c1-424b-9868-57a2d4851a1d" />
    <TestEntry testId="0d129f65-608c-48fe-7bbe-617ecdfce641" executionId="d5ada8ca-a3d6-46f1-94fc-a07842b81cb7" testListId="8c84fa94-04c1-424b-9868-57a2d4851a1d" />
    <TestEntry testId="cfc4dc4c-319e-83b7-aea7-b591effbc8ad" executionId="6a13a152-0453-4d1a-83dd-a93f5d3378a9" testListId="8c84fa94-04c1-424b-9868-57a2d4851a1d" />
    <TestEntry testId="007246ce-570c-a007-eb42-8466afdc58c9" executionId="c9dda65b-b21c-4afb-8c84-c6c042947ef6" testListId="8c84fa94-04c1-424b-9868-57a2d4851a1d" />
    <TestEntry testId="2a5d33c9-3f95-f6d5-9adc-0bbf81131515" executionId="90b05cf5-4d8f-4057-ab81-3f24848df8d0" testListId="8c84fa94-04c1-424b-9868-57a2d4851a1d" />
    <TestEntry testId="ddf293a3-38e0-7a52-5485-6c7fa59ccec3" executionId="4e2a62c6-64b9-48c4-8d59-a9a3977f858e" testListId="8c84fa94-04c1-424b-9868-57a2d4851a1d" />
    <TestEntry testId="c98cf8cc-0896-31ae-431a-5052c6c62dbc" executionId="e7dd99e3-da26-4e90-91b0-15ac11bb7800" testListId="8c84fa94-04c1-424b-9868-57a2d4851a1d" />
    <TestEntry testId="9eb2be37-558c-55ad-a2a9-08a837613762" executionId="f6ab9879-2684-4d72-ade2-74a9a781d6cf" testListId="8c84fa94-04c1-424b-9868-57a2d4851a1d" />
    <TestEntry testId="86a673a2-82fc-6064-d36e-b4b615855370" executionId="4e4582bd-f0cf-4584-bc64-a1d7b41d6087" testListId="8c84fa94-04c1-424b-9868-57a2d4851a1d" />
    <TestEntry testId="6c8785a7-7376-2b99-0097-2f6cf90fc665" executionId="8ecbc746-e85d-4d28-af33-28a673caac78" testListId="8c84fa94-04c1-424b-9868-57a2d4851a1d" />
    <TestEntry testId="bad4de13-cddb-be38-13c5-dde249a03b22" executionId="71b874a3-6b89-40a7-8396-717b65b9863f" testListId="8c84fa94-04c1-424b-9868-57a2d4851a1d" />
    <TestEntry testId="9fb05ec9-4cd4-d3b9-0212-219c756bc054" executionId="44caaf33-72a8-41c1-a15a-636d6d39f911" testListId="8c84fa94-04c1-424b-9868-57a2d4851a1d" />
    <TestEntry testId="0483b188-54aa-582f-d50c-01881d8e2d5d" executionId="ec010c55-f350-4edc-9a5c-aa8c4bf0f65f" testListId="8c84fa94-04c1-424b-9868-57a2d4851a1d" />
    <TestEntry testId="7b02c11d-a43e-8020-27a3-62cd637782c5" executionId="6632b13f-d8ce-4f4d-9d2e-54636d0f6ab2" testListId="8c84fa94-04c1-424b-9868-57a2d4851a1d" />
    <TestEntry testId="180196d8-f125-6614-48fa-62c49b0089e3" executionId="0ba65abd-92e9-4e04-90b7-9c4db94da41f" testListId="8c84fa94-04c1-424b-9868-57a2d4851a1d" />
    <TestEntry testId="a051760f-56e9-b36c-7f92-d910f2778b93" executionId="b0dace3b-a7d4-4b95-9a4e-36e1e0d15236" testListId="8c84fa94-04c1-424b-9868-57a2d4851a1d" />
    <TestEntry testId="246c8a65-c427-a9c1-ae58-a7c66780d3ff" executionId="abbe2f74-76f6-482a-881d-bf6e9a513280" testListId="8c84fa94-04c1-424b-9868-57a2d4851a1d" />
    <TestEntry testId="3072cc39-8686-cfc1-23dd-8ecb1be7b8d1" executionId="238e22fe-9872-4389-acaf-beecbb827fa7" testListId="8c84fa94-04c1-424b-9868-57a2d4851a1d" />
    <TestEntry testId="e471f1d4-3522-e65c-2dfe-ea6708c9a905" executionId="e1f11236-3f29-450a-83a3-26a4938a2e98" testListId="8c84fa94-04c1-424b-9868-57a2d4851a1d" />
    <TestEntry testId="cafac1ab-c633-fda7-fb40-dc38309d06e9" executionId="c4ac8aff-2c53-4697-8053-f95c5b3ac344" testListId="8c84fa94-04c1-424b-9868-57a2d4851a1d" />
    <TestEntry testId="aee14421-254e-91f0-aee7-822e2c77dcaf" executionId="baa796c4-a5d2-4a63-b111-0b3bdd488b8b" testListId="8c84fa94-04c1-424b-9868-57a2d4851a1d" />
    <TestEntry testId="288f6194-a584-f13f-2c69-3cf58f8bd336" executionId="27b723ca-6b1b-4f21-bac4-b056ad4a2754" testListId="8c84fa94-04c1-424b-9868-57a2d4851a1d" />
    <TestEntry testId="755a9019-8a00-ef60-14fe-2ad551672b15" executionId="f871250c-c3b0-4504-b49c-0675489c36ee" testListId="8c84fa94-04c1-424b-9868-57a2d4851a1d" />
    <TestEntry testId="715cbcbf-2422-fb6c-97f7-6f79b7d973dd" executionId="a7dba13d-2ea1-4750-82e9-ccfdd9946e3a" testListId="8c84fa94-04c1-424b-9868-57a2d4851a1d" />
    <TestEntry testId="436f02f9-0638-47ff-c0a7-0d7f79dceb32" executionId="6cfee0a7-d7e0-4b1e-a556-0c0bf749512b" testListId="8c84fa94-04c1-424b-9868-57a2d4851a1d" />
    <TestEntry testId="e0f1ca46-1dc7-984a-7192-5fd9de44ab13" executionId="b812544e-a606-4b4b-bc34-db00959ae436" testListId="8c84fa94-04c1-424b-9868-57a2d4851a1d" />
    <TestEntry testId="fee5bfa9-dfda-bebd-835d-dc916b944552" executionId="7c581853-94d4-489d-9ad3-a4c3fe2a0a8c" testListId="8c84fa94-04c1-424b-9868-57a2d4851a1d" />
    <TestEntry testId="be8725ff-af8f-b1a5-1ead-818d159b9d06" executionId="659cd399-438b-4c18-870d-94ca73279d8a" testListId="8c84fa94-04c1-424b-9868-57a2d4851a1d" />
    <TestEntry testId="aa6a1320-24ff-bbcf-ab6f-48f78bd5eb7b" executionId="671d0905-7786-4a87-8fb1-fb834311471f" testListId="8c84fa94-04c1-424b-9868-57a2d4851a1d" />
    <TestEntry testId="026b93c1-f06a-1d31-3ee8-d48a29f02d9b" executionId="4e4f7510-90a2-400d-b678-f750f1ed894d" testListId="8c84fa94-04c1-424b-9868-57a2d4851a1d" />
    <TestEntry testId="b5297b32-63e5-d445-fb49-5c5df5f61bec" executionId="cc2b3028-8b3b-4097-9804-b31c6bbee4ba" testListId="8c84fa94-04c1-424b-9868-57a2d4851a1d" />
    <TestEntry testId="0ddc9244-620d-a1c4-b5dd-edd302168e8a" executionId="e8908ad6-ec7b-41bd-907a-bdc0bb1fce39" testListId="8c84fa94-04c1-424b-9868-57a2d4851a1d" />
    <TestEntry testId="f14b7ede-065f-7968-7e7b-731383f63de6" executionId="cfadcf11-10ce-4dc2-9814-fca3a1b9ed3a" testListId="8c84fa94-04c1-424b-9868-57a2d4851a1d" />
    <TestEntry testId="1fc4377d-0c2d-3e08-115f-f074f589d216" executionId="95563c9f-4310-405a-b532-69490c07fe0b" testListId="8c84fa94-04c1-424b-9868-57a2d4851a1d" />
    <TestEntry testId="44ffeb6d-cf9c-51d6-578b-63781cff588e" executionId="f475fae2-4097-4c1c-baaa-37b34e15bb8e" testListId="8c84fa94-04c1-424b-9868-57a2d4851a1d" />
    <TestEntry testId="faf844ee-86b2-0372-521d-036a0449add9" executionId="9d48bcd7-59fd-4e53-9a9c-fd4e60c5b696" testListId="8c84fa94-04c1-424b-9868-57a2d4851a1d" />
    <TestEntry testId="24bc4452-6389-5ad3-fcf2-eb33569b557f" executionId="590ecbd1-2d88-4a47-a128-b25a21ee475c" testListId="8c84fa94-04c1-424b-9868-57a2d4851a1d" />
    <TestEntry testId="58a3ee17-49dd-8c3e-682d-eab704f23a99" executionId="c11b5a6a-dc70-4590-a0b4-1e67acdd5d37" testListId="8c84fa94-04c1-424b-9868-57a2d4851a1d" />
    <TestEntry testId="704dfcc7-0671-d060-5f0f-23483247cded" executionId="1307c9c3-9481-4d7d-8f06-c2b8d761c800" testListId="8c84fa94-04c1-424b-9868-57a2d4851a1d" />
    <TestEntry testId="da9394cb-7286-3d66-4b0f-0a5b2d3d9841" executionId="1f0921fd-ddb7-47de-a7e1-28a7f15978e8" testListId="8c84fa94-04c1-424b-9868-57a2d4851a1d" />
    <TestEntry testId="0565dbba-a5c9-6aed-c8f5-75dfd184b94b" executionId="9f7ea7c2-1c91-4bd3-9be7-d9b57ee717da" testListId="8c84fa94-04c1-424b-9868-57a2d4851a1d" />
    <TestEntry testId="591dc192-0252-1cb9-9f81-4a872a67be45" executionId="ace5f4d6-2e62-4a82-9731-5f5b3694a8bf" testListId="8c84fa94-04c1-424b-9868-57a2d4851a1d" />
    <TestEntry testId="8f9de0ec-d67f-eff3-10f8-5614a0dea8f1" executionId="88c9efee-de69-4e44-a84c-3eb472a6a6f0" testListId="8c84fa94-04c1-424b-9868-57a2d4851a1d" />
    <TestEntry testId="10f4c7e3-0b8f-ff11-3a86-e5d09f71a4dc" executionId="f8c1244e-2b6c-46ec-8a47-fa5d0fc5d882" testListId="8c84fa94-04c1-424b-9868-57a2d4851a1d" />
    <TestEntry testId="2259967c-e46c-ebf5-3e51-5ae1915a0703" executionId="895f42cd-8a86-4b2b-a131-3f22eff593b0" testListId="8c84fa94-04c1-424b-9868-57a2d4851a1d" />
    <TestEntry testId="1486195d-eb16-aa53-7b2a-dfba28d005af" executionId="61288034-ccf3-4443-9e4f-e566084aa5c2" testListId="8c84fa94-04c1-424b-9868-57a2d4851a1d" />
    <TestEntry testId="3ee5c1cb-2da7-8d79-fdd9-2e8056204da5" executionId="d7185263-9835-4bbe-bc4e-1b18eb27fd90" testListId="8c84fa94-04c1-424b-9868-57a2d4851a1d" />
    <TestEntry testId="7453077c-caf2-48f1-e6f0-ad5df5ce9ce3" executionId="09628ef5-054d-4554-b453-ef7f7fdf8340" testListId="8c84fa94-04c1-424b-9868-57a2d4851a1d" />
    <TestEntry testId="09bdea18-f696-eae7-18fe-6a761cdcf889" executionId="ab670d50-3f77-4a40-a3d0-b7e23649fa7e" testListId="8c84fa94-04c1-424b-9868-57a2d4851a1d" />
    <TestEntry testId="cd740d0e-ce9c-9990-d16e-330145a86605" executionId="e9588f5f-bc1a-4d3c-abfa-0f2e084824b9" testListId="8c84fa94-04c1-424b-9868-57a2d4851a1d" />
    <TestEntry testId="819c0979-239a-1bbe-8aec-82c5d15d99c9" executionId="857ba121-5cf2-440c-b254-d4bea1d118c2" testListId="8c84fa94-04c1-424b-9868-57a2d4851a1d" />
    <TestEntry testId="d6e51d0c-a6b0-eb45-84d3-c2374b826952" executionId="026b8e22-f3c2-4a38-9945-fa97b06b6c01" testListId="8c84fa94-04c1-424b-9868-57a2d4851a1d" />
    <TestEntry testId="cfe58986-275c-53fe-71ef-85a1c282d95e" executionId="93f46dc2-6411-4856-99a6-c2a789373788" testListId="8c84fa94-04c1-424b-9868-57a2d4851a1d" />
    <TestEntry testId="e4a54c23-0013-4297-6386-e5dd4634423d" executionId="a8677662-0401-47b8-bdb1-4f311e090c8a" testListId="8c84fa94-04c1-424b-9868-57a2d4851a1d" />
    <TestEntry testId="b1c2e496-eb63-07be-9962-24e7adb72f7e" executionId="214e71c0-a93a-4d55-8f81-527426f20f23" testListId="8c84fa94-04c1-424b-9868-57a2d4851a1d" />
    <TestEntry testId="bcede72c-0945-dcf2-f0e3-70fa6db3591b" executionId="1b00248f-2107-426a-ad48-68b76353a142" testListId="8c84fa94-04c1-424b-9868-57a2d4851a1d" />
    <TestEntry testId="1be58e80-7bfa-841e-ebc8-362904c130f2" executionId="bd79ce0e-7727-4a88-b769-1344d932690d" testListId="8c84fa94-04c1-424b-9868-57a2d4851a1d" />
    <TestEntry testId="60b355dc-bc58-c15e-650d-b3b1a5fc1cae" executionId="ebaf1b86-e416-4607-8f51-a2e2dca61619" testListId="8c84fa94-04c1-424b-9868-57a2d4851a1d" />
    <TestEntry testId="d6345a70-d736-2ba4-d438-a4a0b262266f" executionId="954f7847-19c0-49d7-8d10-f7a0054ed788" testListId="8c84fa94-04c1-424b-9868-57a2d4851a1d" />
    <TestEntry testId="4111eddc-fb22-df8c-e639-2bb95b1b0b8d" executionId="9af67c39-6b66-4f5f-8ec7-36f3cb3f5716" testListId="8c84fa94-04c1-424b-9868-57a2d4851a1d" />
    <TestEntry testId="7518b4ee-6d5b-6aaa-1fb8-e8caca1e0c08" executionId="d1b43e57-acd4-4081-92e8-0abc85a04526" testListId="8c84fa94-04c1-424b-9868-57a2d4851a1d" />
    <TestEntry testId="92164469-7e24-648d-869e-3cfcc71a208f" executionId="7ca0c8a4-c4a9-4f85-a974-a8d8d2837a69" testListId="8c84fa94-04c1-424b-9868-57a2d4851a1d" />
    <TestEntry testId="3cdc97f6-93f6-8b1f-9406-b91a77d074eb" executionId="6ee40787-3b45-43af-b642-cc5251635195" testListId="8c84fa94-04c1-424b-9868-57a2d4851a1d" />
    <TestEntry testId="7959cf01-3f91-01f0-cd2a-071b6ac9edb5" executionId="29e92ea6-7ca6-49e2-9c15-5499704de7d4" testListId="8c84fa94-04c1-424b-9868-57a2d4851a1d" />
    <TestEntry testId="8022e0d5-7466-cb18-799a-eb9c4d10cf6e" executionId="ad870dba-1bdb-4b60-b339-64da5ca6735a" testListId="8c84fa94-04c1-424b-9868-57a2d4851a1d" />
    <TestEntry testId="f005a168-1d6f-2ad6-8153-dde60fa10192" executionId="53f8fb76-9fbe-4cf6-a9c3-8f7084673a3b" testListId="8c84fa94-04c1-424b-9868-57a2d4851a1d" />
    <TestEntry testId="a63d3def-93ce-1a37-9ea6-79b3c23a80e2" executionId="c45995b3-1ae6-413a-a239-3bc42f6d4c82" testListId="8c84fa94-04c1-424b-9868-57a2d4851a1d" />
    <TestEntry testId="f7ddde3a-97ad-c830-9d08-4fc2d71b81a4" executionId="bc97a5bf-078b-46ae-bfa9-affe4d81dfed" testListId="8c84fa94-04c1-424b-9868-57a2d4851a1d" />
    <TestEntry testId="a7e2cf6c-65c4-8db2-c00e-a4ed57404841" executionId="22eacac8-ba42-4964-9eb4-74c171fd42c7" testListId="8c84fa94-04c1-424b-9868-57a2d4851a1d" />
    <TestEntry testId="aa8ea8cd-fb96-edab-8a80-e31ce7a67435" executionId="35cd4c0b-5af2-45d5-b146-652550a5e248" testListId="8c84fa94-04c1-424b-9868-57a2d4851a1d" />
    <TestEntry testId="c2c277a8-e31f-70e0-ad47-c4ae68d0f17f" executionId="895854fb-a8a9-468f-b42f-d8a1e7aa3b98" testListId="8c84fa94-04c1-424b-9868-57a2d4851a1d" />
    <TestEntry testId="024e84b1-e2c2-8e50-918a-9af9433a5ada" executionId="3ae84acd-a605-475e-8643-0334bd735659" testListId="8c84fa94-04c1-424b-9868-57a2d4851a1d" />
    <TestEntry testId="18dd14df-198b-49a2-f78f-464042c6d6d3" executionId="3367c3d0-6a9a-4725-8eee-e49a0568ad15" testListId="8c84fa94-04c1-424b-9868-57a2d4851a1d" />
    <TestEntry testId="2ee9ae6c-ecb2-e137-7118-36fc9e6346a7" executionId="33c6d2e1-3f2e-4052-9b30-cc1acd03a56c" testListId="8c84fa94-04c1-424b-9868-57a2d4851a1d" />
    <TestEntry testId="41ab09a6-a606-60bb-849d-3da88f8d54ca" executionId="4fabf982-5b9d-4720-bd1b-e5cd2e15f438" testListId="8c84fa94-04c1-424b-9868-57a2d4851a1d" />
    <TestEntry testId="ee9766ad-2a9d-2fc6-5ad1-0ac620df00d3" executionId="df190796-608f-4316-9b49-a0dfc6d5f5d6" testListId="8c84fa94-04c1-424b-9868-57a2d4851a1d" />
    <TestEntry testId="a777bdbc-ba48-36a4-6d58-09596560b308" executionId="9c67eb87-a434-4701-a564-515124e8bb47" testListId="8c84fa94-04c1-424b-9868-57a2d4851a1d" />
    <TestEntry testId="dc3f1dae-0567-b3ac-cdd2-b945456beda9" executionId="c97552bb-8620-4f3b-ba3d-0427855aaea8" testListId="8c84fa94-04c1-424b-9868-57a2d4851a1d" />
    <TestEntry testId="7902852e-7786-5519-d653-f451c8845231" executionId="bc79ab74-f44b-46bc-aafe-d50fe2d84807" testListId="8c84fa94-04c1-424b-9868-57a2d4851a1d" />
    <TestEntry testId="4f251702-a983-37b4-6681-9c460cd132a5" executionId="571d6652-1f25-412a-978d-fa13ddf7b20b" testListId="8c84fa94-04c1-424b-9868-57a2d4851a1d" />
    <TestEntry testId="68c9122e-98a7-d348-35ad-7468269319ee" executionId="784219ca-ff36-45fa-be5b-60850d9fd3dd" testListId="8c84fa94-04c1-424b-9868-57a2d4851a1d" />
    <TestEntry testId="31455d01-3706-853f-796f-fa9efeb1ad77" executionId="7d0908d9-55a3-45ec-9620-f7904aa942c7" testListId="8c84fa94-04c1-424b-9868-57a2d4851a1d" />
    <TestEntry testId="d3728665-a3db-a727-4565-a08d6811d5de" executionId="01ffaf1b-3d24-4991-869e-0dfd199741e5" testListId="8c84fa94-04c1-424b-9868-57a2d4851a1d" />
    <TestEntry testId="e6a3eac6-4a92-ade1-878f-4f802ed8f76f" executionId="f0d6a1fd-5403-4d27-bbb2-cd6898ab7a15" testListId="8c84fa94-04c1-424b-9868-57a2d4851a1d" />
    <TestEntry testId="b2aa56e0-5f60-42d5-4864-fa1400ccd4c4" executionId="ab133fce-5c0c-432a-ac09-08ff8f2cb344" testListId="8c84fa94-04c1-424b-9868-57a2d4851a1d" />
    <TestEntry testId="6955ebf9-335b-650b-c669-92d851d8649b" executionId="83478ea6-195b-460c-a37c-577d4ae526ca" testListId="8c84fa94-04c1-424b-9868-57a2d4851a1d" />
    <TestEntry testId="89b3c6f3-c499-d450-f7a3-676712a1db13" executionId="962a026a-65f8-4f3d-ba45-100fc85bf1bd" testListId="8c84fa94-04c1-424b-9868-57a2d4851a1d" />
    <TestEntry testId="c65619db-63b2-2c34-76fc-e7e18e03ae65" executionId="64cca998-dea4-436a-a1e5-a7b64215678d" testListId="8c84fa94-04c1-424b-9868-57a2d4851a1d" />
    <TestEntry testId="24c7bb40-1c28-4090-e2ef-3ee8f742931f" executionId="723e3b56-b96a-4b5c-a74c-2592d6a83a50" testListId="8c84fa94-04c1-424b-9868-57a2d4851a1d" />
    <TestEntry testId="b10fc2a9-1cc5-f00f-3149-ac6258cd1480" executionId="3d146d4c-88f3-4d8d-adf8-6a58bd1b56cb" testListId="8c84fa94-04c1-424b-9868-57a2d4851a1d" />
    <TestEntry testId="fec1a267-0965-8545-94c7-6443f274716e" executionId="80d6f5f0-8861-4119-a645-a71c56ffe155" testListId="8c84fa94-04c1-424b-9868-57a2d4851a1d" />
    <TestEntry testId="7c8acda8-5ab1-e608-7ce7-302199a00468" executionId="431bc44e-a20a-41b6-abee-4fddec93b60a" testListId="8c84fa94-04c1-424b-9868-57a2d4851a1d" />
    <TestEntry testId="3f0b5a90-7873-a0cd-d62c-bb7a78bcc5c3" executionId="13ec53cc-4ac6-48ae-b306-d58537c1cb45" testListId="8c84fa94-04c1-424b-9868-57a2d4851a1d" />
    <TestEntry testId="e3af9ef2-b4d7-82f6-2b39-9e49c5aac5c0" executionId="ce3c562a-113b-41fd-a31a-a61407454442" testListId="8c84fa94-04c1-424b-9868-57a2d4851a1d" />
    <TestEntry testId="af370423-aaa2-ce39-e12e-b8481c147bd5" executionId="8a173964-09ea-4494-8916-376300df4efe" testListId="8c84fa94-04c1-424b-9868-57a2d4851a1d" />
    <TestEntry testId="c40a80af-07aa-2a8c-814d-93ea5954f92c" executionId="3b4da21b-820c-459c-9531-179a775adb5e" testListId="8c84fa94-04c1-424b-9868-57a2d4851a1d" />
    <TestEntry testId="e792bf44-9d89-9fbe-3551-beb82e507424" executionId="4cee2eaf-1cfe-4894-b9ba-ddf02210b842" testListId="8c84fa94-04c1-424b-9868-57a2d4851a1d" />
    <TestEntry testId="0bd264d5-4161-90e0-39e0-bfba18495c08" executionId="9bb1144d-17b4-4d00-8064-7a12a102ece7" testListId="8c84fa94-04c1-424b-9868-57a2d4851a1d" />
    <TestEntry testId="339ac893-1f1c-c496-9014-eefd06d24734" executionId="4206ffba-d471-4777-93f2-27ce210323a3" testListId="8c84fa94-04c1-424b-9868-57a2d4851a1d" />
    <TestEntry testId="751967da-9524-d0a0-234e-0c2560cb1ad8" executionId="6731c10b-c396-4e6c-9b0d-c823a1873620" testListId="8c84fa94-04c1-424b-9868-57a2d4851a1d" />
    <TestEntry testId="65e60b04-78d2-0e70-5f91-7064613e7333" executionId="f2ff6904-6ae7-4209-b74c-52c8def7d7fa" testListId="8c84fa94-04c1-424b-9868-57a2d4851a1d" />
    <TestEntry testId="46d6676a-bae2-9df9-dff7-f8c20a011418" executionId="daaa16d0-051f-4452-beec-5a2828e4df8d" testListId="8c84fa94-04c1-424b-9868-57a2d4851a1d" />
    <TestEntry testId="33db52b2-d0e0-3277-f9f1-6ac9a0d865bd" executionId="8f194700-7263-41e4-85d0-e658a96b91b4" testListId="8c84fa94-04c1-424b-9868-57a2d4851a1d" />
    <TestEntry testId="43d5f9d3-a769-2031-265f-e115be4193e2" executionId="6850deda-ecf2-4463-88f9-30826a9897a6" testListId="8c84fa94-04c1-424b-9868-57a2d4851a1d" />
    <TestEntry testId="91b088af-4d20-a693-7919-4e27e55ce584" executionId="fe275b76-6031-4837-b36a-c4c8bccbac52" testListId="8c84fa94-04c1-424b-9868-57a2d4851a1d" />
    <TestEntry testId="59c85643-a1db-5dc5-5ae6-672ed03a0518" executionId="0a96b9b5-dd98-427b-9922-62870a5bfe2f" testListId="8c84fa94-04c1-424b-9868-57a2d4851a1d" />
    <TestEntry testId="c6911cba-a932-87f1-7d74-4c7bfa92d803" executionId="54ef1426-dbb7-4644-b897-fa1b59e215af" testListId="8c84fa94-04c1-424b-9868-57a2d4851a1d" />
    <TestEntry testId="4531876c-fda5-27ed-ec29-428147ad79c0" executionId="26566ac8-ff19-49a5-8aa1-91fe61b0ad30" testListId="8c84fa94-04c1-424b-9868-57a2d4851a1d" />
    <TestEntry testId="da174cf5-0de6-fc1e-df85-47f6a5d4408e" executionId="0e890344-1bc2-494d-910b-ab17ef658f4f" testListId="8c84fa94-04c1-424b-9868-57a2d4851a1d" />
    <TestEntry testId="7ae6b4da-5116-29e3-b8a0-d156648f84d3" executionId="0b99ea0b-dac0-499b-ab4e-0792149b65af" testListId="8c84fa94-04c1-424b-9868-57a2d4851a1d" />
    <TestEntry testId="80b3121a-e8ab-643d-3cdf-cd8378f18f5d" executionId="d41f9ce1-e379-4a91-a0fe-3f375d869d4c" testListId="8c84fa94-04c1-424b-9868-57a2d4851a1d" />
    <TestEntry testId="3d8a723b-7df9-c30c-2230-70492bb320a3" executionId="f653b707-43aa-499e-84ce-1a79851b970b" testListId="8c84fa94-04c1-424b-9868-57a2d4851a1d" />
    <TestEntry testId="c469a8e7-9a14-b324-884d-c5312faff916" executionId="f0e346e0-08b6-407f-bfed-7891d7ca70eb" testListId="8c84fa94-04c1-424b-9868-57a2d4851a1d" />
    <TestEntry testId="59e57848-7a94-91b5-32b4-173de77d9815" executionId="2c689724-cb22-455c-9e76-a82b9f3b5a24" testListId="8c84fa94-04c1-424b-9868-57a2d4851a1d" />
    <TestEntry testId="a6f752b1-57d6-18ca-9942-a1422404b0ea" executionId="38f1c7a4-d555-4fe0-a17e-6e889e2761ae" testListId="8c84fa94-04c1-424b-9868-57a2d4851a1d" />
    <TestEntry testId="f5005190-7aeb-6ec1-75a0-2601b198d66e" executionId="a60e8b99-db8f-45fb-9628-79f816aef195" testListId="8c84fa94-04c1-424b-9868-57a2d4851a1d" />
    <TestEntry testId="e8e3d9bb-3738-1b2f-28aa-7391ce21c4c6" executionId="12032fc2-34a4-43e0-b70a-bf2406dedef6" testListId="8c84fa94-04c1-424b-9868-57a2d4851a1d" />
    <TestEntry testId="c0ed7c55-f872-0c35-b261-4eb353a0c177" executionId="8c64f181-9ae1-4d71-a909-f0fbbc6d7f7e" testListId="8c84fa94-04c1-424b-9868-57a2d4851a1d" />
    <TestEntry testId="ec9a5f4e-f23b-4520-d0ff-a5d0553c5c75" executionId="a8f29b3c-1b49-41b4-b5d5-70774c08aca5" testListId="8c84fa94-04c1-424b-9868-57a2d4851a1d" />
    <TestEntry testId="c1605011-efb8-be10-ac99-ecd817fa1c3f" executionId="ffcf54b6-9501-47a7-9c3f-d9b6cfd218c4" testListId="8c84fa94-04c1-424b-9868-57a2d4851a1d" />
    <TestEntry testId="a64be6a6-447c-7be8-c1c8-eeee00ace3cf" executionId="d97aa492-7dfa-4684-b409-a59dcb232be8" testListId="8c84fa94-04c1-424b-9868-57a2d4851a1d" />
    <TestEntry testId="8f948154-c742-afae-3b2c-dd6115614af9" executionId="5b15d56f-b941-45ed-8683-1922fb0bcf63" testListId="8c84fa94-04c1-424b-9868-57a2d4851a1d" />
    <TestEntry testId="c89ecc3c-6042-3bf1-ae11-61573d52106a" executionId="a44d923e-606b-40e5-adfd-8c587bcc0c9c" testListId="8c84fa94-04c1-424b-9868-57a2d4851a1d" />
    <TestEntry testId="c37cb584-8ea7-25b5-9a0c-e8180c699eed" executionId="3121dac4-d70f-4f26-a2fb-1ce33c3d7dff" testListId="8c84fa94-04c1-424b-9868-57a2d4851a1d" />
    <TestEntry testId="0376f184-1683-58ef-381b-84d45a0a5f8d" executionId="3c13f25f-0e4c-4aa6-959c-62b2b8ef2736" testListId="8c84fa94-04c1-424b-9868-57a2d4851a1d" />
    <TestEntry testId="044e5518-eab5-c80a-fe62-1a03a5cd84bc" executionId="9afd22dd-6c77-4036-bef1-f1e897893262" testListId="8c84fa94-04c1-424b-9868-57a2d4851a1d" />
    <TestEntry testId="b8ef94a9-36d4-29a6-0672-dd15cd97b51f" executionId="37cd4f5c-541d-4759-b329-e3796c947f3f" testListId="8c84fa94-04c1-424b-9868-57a2d4851a1d" />
    <TestEntry testId="81185dc1-6718-dee1-e442-c24203f3dfbc" executionId="710ca3c0-fe3c-4516-80b5-8b7805b179cc" testListId="8c84fa94-04c1-424b-9868-57a2d4851a1d" />
    <TestEntry testId="58009c76-a7f8-ab75-d0ee-0e2850e4cba7" executionId="0573def0-bb25-4886-900d-e40251a60a51" testListId="8c84fa94-04c1-424b-9868-57a2d4851a1d" />
    <TestEntry testId="7059a9dc-bfc8-071b-1461-021c1f7b59ef" executionId="3909c027-29f1-41dd-9335-b2a8762d4f78" testListId="8c84fa94-04c1-424b-9868-57a2d4851a1d" />
    <TestEntry testId="adcee085-e2d1-6d74-2e27-450a1d4b4630" executionId="58671b5d-0c24-4ba3-827e-32f95875268e" testListId="8c84fa94-04c1-424b-9868-57a2d4851a1d" />
    <TestEntry testId="72cd4159-9587-7825-bbb7-2e75ce7e55a6" executionId="e74546c9-1270-4e94-ad03-788d86cd2a1e" testListId="8c84fa94-04c1-424b-9868-57a2d4851a1d" />
    <TestEntry testId="eb56fa7e-ad9f-5573-6c6c-1c73aa622acd" executionId="e49b5c83-9c67-496c-8b3b-0b68cc0f93a8" testListId="8c84fa94-04c1-424b-9868-57a2d4851a1d" />
    <TestEntry testId="f0c6cb33-4f14-0311-2137-e4f80b84b338" executionId="336e75c2-1f9c-4e42-8510-25a155b0ac5c" testListId="8c84fa94-04c1-424b-9868-57a2d4851a1d" />
    <TestEntry testId="71d363a8-b591-237a-04f2-2417bdf502d6" executionId="ee5a0898-b2f5-43b4-9b9f-76e28aec9313" testListId="8c84fa94-04c1-424b-9868-57a2d4851a1d" />
    <TestEntry testId="495036c3-cfd8-5fa6-0414-8ddfdb6b52f2" executionId="588773de-2ddd-46ac-897f-21abe4e0f6c2" testListId="8c84fa94-04c1-424b-9868-57a2d4851a1d" />
    <TestEntry testId="f4ac5019-96c6-7ecf-4bd3-a321bb9fbd1b" executionId="e1b4f8d1-f3bb-431c-9736-79c87db68ef7" testListId="8c84fa94-04c1-424b-9868-57a2d4851a1d" />
    <TestEntry testId="cf84b7ec-cd7f-ae2c-d4fd-542c03ebdea9" executionId="c57d638b-b77a-4bab-b9bf-fb0e8cff1636" testListId="8c84fa94-04c1-424b-9868-57a2d4851a1d" />
    <TestEntry testId="9c06d1ba-ea2b-1bb0-fd83-2316c05808c9" executionId="54bd506d-ed5b-4f62-8137-a5a264bafffb" testListId="8c84fa94-04c1-424b-9868-57a2d4851a1d" />
    <TestEntry testId="8f57d5c6-48cd-6a45-2524-8718ae9d15b0" executionId="402795c3-efc8-4f43-a353-425b0f5957b4" testListId="8c84fa94-04c1-424b-9868-57a2d4851a1d" />
    <TestEntry testId="b2029071-4f36-b6e9-3c85-531ed31561dc" executionId="3189eb65-0aad-4523-9bb5-eb24a7e9967f" testListId="8c84fa94-04c1-424b-9868-57a2d4851a1d" />
    <TestEntry testId="a5868bf0-37f2-3bf5-61bc-01e74d8bb7be" executionId="a62838e7-c713-4b83-a8d0-dc633d867637" testListId="8c84fa94-04c1-424b-9868-57a2d4851a1d" />
    <TestEntry testId="07e03921-28ba-9222-c421-58eabf887b10" executionId="886d72f3-42ee-4b1e-a64a-19a8eb7e6ba8" testListId="8c84fa94-04c1-424b-9868-57a2d4851a1d" />
    <TestEntry testId="5dd28213-4971-07c3-06a9-465e776150cb" executionId="f335b9c5-c377-4e9d-b379-f96afc6fe809" testListId="8c84fa94-04c1-424b-9868-57a2d4851a1d" />
    <TestEntry testId="ccb26a83-aa1c-47e2-6b87-2e82ac67ca69" executionId="beadac1e-2f20-48ac-92d8-867f7c795dc1" testListId="8c84fa94-04c1-424b-9868-57a2d4851a1d" />
    <TestEntry testId="346eba0b-3fe1-729b-0dab-a339275e6271" executionId="2a906bd3-bb43-4f82-b321-12e02c2f1ad7" testListId="8c84fa94-04c1-424b-9868-57a2d4851a1d" />
    <TestEntry testId="9ae40c7e-6bb5-87ac-61a0-1c9c1fb1fbe2" executionId="f32a2a6e-8366-4135-800d-23b094982b4f" testListId="8c84fa94-04c1-424b-9868-57a2d4851a1d" />
    <TestEntry testId="f89bf4b2-037c-cd49-9022-7806b88b5e77" executionId="66a5d843-99e4-4dab-8a3b-64e93bbfd0af" testListId="8c84fa94-04c1-424b-9868-57a2d4851a1d" />
    <TestEntry testId="10919144-3823-6bf6-98f4-d0bc06e3e69f" executionId="b3cb06da-278e-419a-89f2-5e3544114e1d" testListId="8c84fa94-04c1-424b-9868-57a2d4851a1d" />
    <TestEntry testId="c098cf84-9443-0f8e-85bc-f2a1606a2c2d" executionId="32dbce22-a058-4fb2-9faa-1966967edf75" testListId="8c84fa94-04c1-424b-9868-57a2d4851a1d" />
    <TestEntry testId="bff57e0d-62f6-47dd-10e1-7985b12138a8" executionId="d63e6c8e-e546-4804-bf0e-b28b67c073ec" testListId="8c84fa94-04c1-424b-9868-57a2d4851a1d" />
    <TestEntry testId="cc553600-50d5-ab20-3a15-05706b671d89" executionId="ce849054-d203-4f27-910f-db06b5905cf8" testListId="8c84fa94-04c1-424b-9868-57a2d4851a1d" />
    <TestEntry testId="ce806774-630c-b7f4-5672-ba10a6b0a724" executionId="9ffe668b-6586-40fd-8666-62b1fb6473e3" testListId="8c84fa94-04c1-424b-9868-57a2d4851a1d" />
    <TestEntry testId="063828b1-19f7-817c-f6d7-6bce08b2e5fb" executionId="5b4ac6ab-e1de-4eee-9534-1219068de947" testListId="8c84fa94-04c1-424b-9868-57a2d4851a1d" />
    <TestEntry testId="72dbc3fe-7f24-6355-2ef9-0a9ce9cb2256" executionId="d26ae1ed-003e-4f7c-a703-f8e343b87a07" testListId="8c84fa94-04c1-424b-9868-57a2d4851a1d" />
    <TestEntry testId="14ec84df-05e5-371e-6fe5-46021548ea37" executionId="4db411e3-1c2c-4471-ad50-93483a78bc97" testListId="8c84fa94-04c1-424b-9868-57a2d4851a1d" />
    <TestEntry testId="a620a607-d5ca-1edf-8228-e0c7069ead3e" executionId="7018b8f8-1814-41b1-9eb1-daa1e62c3b7e" testListId="8c84fa94-04c1-424b-9868-57a2d4851a1d" />
    <TestEntry testId="b14b75d3-0232-b49c-3438-c0a1d5683317" executionId="7bac9a28-8742-45dd-8a7f-938c3c50841f" testListId="8c84fa94-04c1-424b-9868-57a2d4851a1d" />
    <TestEntry testId="ae740c99-3c3a-3e65-d967-9f57dc307820" executionId="a2d559ab-fdfb-41e5-97ca-2a53d4ff05f1" testListId="8c84fa94-04c1-424b-9868-57a2d4851a1d" />
    <TestEntry testId="4778ba7d-c1cd-e2b9-8b26-f1a8ebd138db" executionId="aec8ce02-c455-4c7f-9d69-7e01587af017" testListId="8c84fa94-04c1-424b-9868-57a2d4851a1d" />
    <TestEntry testId="e3bc8a97-22d4-ea39-0987-a8e5d178004b" executionId="238c879e-9e30-4894-b83e-353b35a0e328" testListId="8c84fa94-04c1-424b-9868-57a2d4851a1d" />
    <TestEntry testId="ce5ea23f-2354-3b05-4b07-af77ca28be84" executionId="282b5e1a-31d7-4f55-b4ec-c4a031f68247" testListId="8c84fa94-04c1-424b-9868-57a2d4851a1d" />
    <TestEntry testId="b34ca1d3-d3a1-91f6-b153-ff10cd29e527" executionId="05b83b0b-bce1-41e0-baf5-c97b1cd2b804" testListId="8c84fa94-04c1-424b-9868-57a2d4851a1d" />
    <TestEntry testId="ae9f41c0-56c5-c136-6fd0-0ca4cee7679c" executionId="d6bcc8ae-0792-494c-88c4-2463f929eb01" testListId="8c84fa94-04c1-424b-9868-57a2d4851a1d" />
    <TestEntry testId="05479a6d-5801-5d36-e2ac-fd31e4ca3e09" executionId="e03fdeb1-7402-4848-9422-65e24bdeef97" testListId="8c84fa94-04c1-424b-9868-57a2d4851a1d" />
    <TestEntry testId="5afcb5e0-af35-e05d-b145-6362d94ffff9" executionId="923af6df-387e-4826-a23f-288c8a7ae0aa" testListId="8c84fa94-04c1-424b-9868-57a2d4851a1d" />
    <TestEntry testId="4aa0aa31-2dbc-1921-326d-c42cc6acfe2d" executionId="2f53cdca-4782-49fa-b341-3dfe07846a54" testListId="8c84fa94-04c1-424b-9868-57a2d4851a1d" />
    <TestEntry testId="f61aa4ea-5d02-860f-5b68-3190614555ab" executionId="bfa7d22d-6ad8-4f54-9327-441ae50cc16d" testListId="8c84fa94-04c1-424b-9868-57a2d4851a1d" />
    <TestEntry testId="e595add4-bcda-a0a0-dd12-662be2763166" executionId="47ee89ab-6e5e-48bd-a836-87ea3649dd42" testListId="8c84fa94-04c1-424b-9868-57a2d4851a1d" />
    <TestEntry testId="501fdb8a-f92b-d075-e620-623a1ca6057e" executionId="37838366-b3b8-4272-83df-6e8234d0454e" testListId="8c84fa94-04c1-424b-9868-57a2d4851a1d" />
    <TestEntry testId="ee685dde-5f9a-e6f7-e183-15368c215b42" executionId="cc4c8cf9-a94e-4130-b260-d22db31eb87b" testListId="8c84fa94-04c1-424b-9868-57a2d4851a1d" />
    <TestEntry testId="f8e45d3c-bc2e-c406-bf26-1412484b3765" executionId="181d5ba6-9a30-474e-a5f0-cae89258f306" testListId="8c84fa94-04c1-424b-9868-57a2d4851a1d" />
    <TestEntry testId="1bb45ffc-5beb-e45c-2015-6b9c78d2c2d4" executionId="89eca19c-840c-4073-82d8-18bfbf923de9" testListId="8c84fa94-04c1-424b-9868-57a2d4851a1d" />
    <TestEntry testId="a5ca950e-d8ad-42fc-0581-bbdbcf47da7b" executionId="e78b13ba-199d-4831-899f-bc1c05d2ef2a" testListId="8c84fa94-04c1-424b-9868-57a2d4851a1d" />
    <TestEntry testId="af6f0a01-3619-ada2-6cf5-b0a0824e3b92" executionId="46e55012-be75-466c-88a4-42c70759fab2" testListId="8c84fa94-04c1-424b-9868-57a2d4851a1d" />
    <TestEntry testId="98a6db7e-5465-3eba-75c2-ba54007fc4ba" executionId="6ff97bd9-74db-4386-a316-baed2b5eab51" testListId="8c84fa94-04c1-424b-9868-57a2d4851a1d" />
    <TestEntry testId="68437558-f1dc-ceed-8412-f46f1b1ae510" executionId="5edec524-2b78-4dbb-8291-e103b6c9db8f" testListId="8c84fa94-04c1-424b-9868-57a2d4851a1d" />
    <TestEntry testId="fb8d5c79-58b6-80d1-2a52-920824d60629" executionId="44c1f908-c3e2-47c0-9757-f59f3ea87b3e" testListId="8c84fa94-04c1-424b-9868-57a2d4851a1d" />
    <TestEntry testId="88b42372-9073-9d33-e5db-3400e992f84b" executionId="9d21cd03-557f-4d9d-a7eb-6475064621e8" testListId="8c84fa94-04c1-424b-9868-57a2d4851a1d" />
    <TestEntry testId="2fa32178-1f6e-2d17-1a71-e9015f6ef56a" executionId="10ccb716-1b89-4529-a82a-178080f6dcfa" testListId="8c84fa94-04c1-424b-9868-57a2d4851a1d" />
    <TestEntry testId="f1e09b94-758b-c004-83a2-50ae5b0aaf24" executionId="7fa2c0ca-21ac-412c-9372-c67745728897" testListId="8c84fa94-04c1-424b-9868-57a2d4851a1d" />
    <TestEntry testId="722b9d2d-ea17-19b7-89c3-539cfe113091" executionId="87dcc174-e7aa-4242-93c3-8b57d81a2e88" testListId="8c84fa94-04c1-424b-9868-57a2d4851a1d" />
    <TestEntry testId="4b411e7b-0fb6-c0ce-a957-e5eb823bd622" executionId="05f89986-dd35-4475-a408-0a70219c48f1" testListId="8c84fa94-04c1-424b-9868-57a2d4851a1d" />
    <TestEntry testId="ffa4b15a-3f25-01db-a3c4-70c5bbc70e72" executionId="8082f326-a690-40c1-b975-717d71bcaeb7" testListId="8c84fa94-04c1-424b-9868-57a2d4851a1d" />
    <TestEntry testId="83414ed0-ce26-c83b-537e-21aeed422c4e" executionId="7d1e6537-07f9-4d61-af1c-13791cae8153" testListId="8c84fa94-04c1-424b-9868-57a2d4851a1d" />
    <TestEntry testId="a756499e-701a-9251-a313-d3727c8cba36" executionId="8c04f948-9ff0-4b34-8beb-e7a4c8c57b17" testListId="8c84fa94-04c1-424b-9868-57a2d4851a1d" />
    <TestEntry testId="ec410477-3a9c-e23b-d91e-f2bb51b662b2" executionId="c6ad4812-858b-49dc-9554-c2ee478c57a0" testListId="8c84fa94-04c1-424b-9868-57a2d4851a1d" />
    <TestEntry testId="38e57c8d-c143-6e35-6df7-3b382085c25f" executionId="f6339442-47e8-465a-994b-456f280a4e84" testListId="8c84fa94-04c1-424b-9868-57a2d4851a1d" />
    <TestEntry testId="6e01f99d-1f21-ebcf-1b56-a171fab1c77a" executionId="2b477769-6d32-4bb2-8548-f209a3c226e3" testListId="8c84fa94-04c1-424b-9868-57a2d4851a1d" />
    <TestEntry testId="5eef3834-53ae-6cc0-49e9-188891944c67" executionId="c2e6aefa-b519-4df7-946e-315dee17fa32" testListId="8c84fa94-04c1-424b-9868-57a2d4851a1d" />
    <TestEntry testId="a96c94d8-8a2b-307e-7808-65c30acaafbc" executionId="87c2ce6c-27e5-46d9-b0e9-e6e19071246b" testListId="8c84fa94-04c1-424b-9868-57a2d4851a1d" />
    <TestEntry testId="e6829ed2-a680-7c6d-7c14-cf41bc741470" executionId="1f1ee766-ea2d-4b29-8c35-21a96ad69ac6" testListId="8c84fa94-04c1-424b-9868-57a2d4851a1d" />
    <TestEntry testId="7a657f40-0db4-0ccc-f9af-e1b87e34f478" executionId="adbed302-5e8f-4313-a639-82f7454fa53e" testListId="8c84fa94-04c1-424b-9868-57a2d4851a1d" />
    <TestEntry testId="28b4eabe-a0f3-1367-b991-9614f5f0138f" executionId="3eb97bc1-874f-4283-8ae8-260cb4130c08" testListId="8c84fa94-04c1-424b-9868-57a2d4851a1d" />
    <TestEntry testId="1ee676a8-9805-4796-9011-298c4756e2c6" executionId="dc3d14b9-d4f1-47ed-bd88-e9b6abd39479" testListId="8c84fa94-04c1-424b-9868-57a2d4851a1d" />
    <TestEntry testId="612f9052-0fb6-a3bc-7e23-545028a67b48" executionId="af707cd8-67fc-49dc-a099-fb8ab4e20361" testListId="8c84fa94-04c1-424b-9868-57a2d4851a1d" />
    <TestEntry testId="37bbb804-337f-bc94-e96d-0128fc365308" executionId="e6e9344b-6ea1-4684-a3fb-6805a57b25ba" testListId="8c84fa94-04c1-424b-9868-57a2d4851a1d" />
    <TestEntry testId="dbb68610-43fe-ff74-ff15-c068dd73879c" executionId="8cf1c0cf-7bf9-44c7-b6d0-2aaf0e3e3ec3" testListId="8c84fa94-04c1-424b-9868-57a2d4851a1d" />
    <TestEntry testId="37c76a2d-da00-b26e-5d0f-cdec68812b5d" executionId="f814e174-4a77-4a80-a401-ec414e69a3ed" testListId="8c84fa94-04c1-424b-9868-57a2d4851a1d" />
    <TestEntry testId="f2a2d895-e73f-1b9c-1ba4-fca95b4da463" executionId="1cad2690-9db2-4f04-a96f-e2613ce673a1" testListId="8c84fa94-04c1-424b-9868-57a2d4851a1d" />
    <TestEntry testId="43a4fa80-dd9b-1bf4-98bf-78fbe73d93da" executionId="0816787c-4279-47ad-bbf4-279e0cb41335" testListId="8c84fa94-04c1-424b-9868-57a2d4851a1d" />
    <TestEntry testId="050a8e30-3f33-ef3c-5afa-4dff3a785880" executionId="8cf366bc-ceb7-4cef-8337-9a8765838cc3" testListId="8c84fa94-04c1-424b-9868-57a2d4851a1d" />
    <TestEntry testId="cbc248c0-97c2-fbd3-60ae-b667eb2efbc1" executionId="c08c65f5-65b3-4068-a6fd-183ec662cd3a" testListId="8c84fa94-04c1-424b-9868-57a2d4851a1d" />
    <TestEntry testId="e9a64a75-fd75-d60a-07ff-15219025037f" executionId="2b34c57f-0d9e-4e7c-aee6-b649336b8b35" testListId="8c84fa94-04c1-424b-9868-57a2d4851a1d" />
    <TestEntry testId="54189ad4-012a-a649-87c1-aefb7f923135" executionId="5384e73d-da40-4b91-87cb-871f6cd26abd" testListId="8c84fa94-04c1-424b-9868-57a2d4851a1d" />
    <TestEntry testId="c5839a5d-09aa-89ce-3732-228cebdbe374" executionId="3883012d-7bcd-406f-8dbf-5ccee8e48759" testListId="8c84fa94-04c1-424b-9868-57a2d4851a1d" />
    <TestEntry testId="1a1d36c1-a3f1-9ffa-6dda-f0438eb6a766" executionId="f8e4fec2-3055-4088-b80b-138f21ec5ad9" testListId="8c84fa94-04c1-424b-9868-57a2d4851a1d" />
    <TestEntry testId="3afcab40-be92-3c32-cdd4-99a4f2e968f5" executionId="3b438581-7acf-4587-8972-518c2a2dba02" testListId="8c84fa94-04c1-424b-9868-57a2d4851a1d" />
    <TestEntry testId="1f77b769-efd6-9b37-6348-417d013b2587" executionId="6d977fe9-40ac-4381-a9de-f10ed62ba5b5" testListId="8c84fa94-04c1-424b-9868-57a2d4851a1d" />
    <TestEntry testId="450be9ae-e2a0-4402-a8f4-7566ef213097" executionId="9452320a-0582-4361-9caa-d9879ce76674" testListId="8c84fa94-04c1-424b-9868-57a2d4851a1d" />
    <TestEntry testId="37dbfa10-3842-fe4c-e664-4886ba1bdb80" executionId="505c1d3a-fb3b-4af2-b15d-9784b3243c5d" testListId="8c84fa94-04c1-424b-9868-57a2d4851a1d" />
    <TestEntry testId="eaf70b35-ac9e-1065-0463-f89eb0bdf0bd" executionId="2b65d966-c515-4ad8-ad27-e82a07442f94" testListId="8c84fa94-04c1-424b-9868-57a2d4851a1d" />
    <TestEntry testId="8ea9e31c-1aab-e07a-4f57-45d5393a2cc1" executionId="22813640-e508-4795-9579-3a291c2e5423" testListId="8c84fa94-04c1-424b-9868-57a2d4851a1d" />
    <TestEntry testId="4b873ac6-765a-404f-f38f-0422c9001382" executionId="e51c58e0-ebae-439d-9813-e5aca9cbfbe9" testListId="8c84fa94-04c1-424b-9868-57a2d4851a1d" />
    <TestEntry testId="92b7eb91-6797-4ea3-4c11-ac30d885a68f" executionId="9f54d469-e154-48c2-aeca-816e06238674" testListId="8c84fa94-04c1-424b-9868-57a2d4851a1d" />
    <TestEntry testId="c7e11f92-9e45-6088-c0a5-3aa81f2b6b9e" executionId="bfadc1ef-f5f8-40d0-9c3f-84a93e8edc0d" testListId="8c84fa94-04c1-424b-9868-57a2d4851a1d" />
    <TestEntry testId="79039750-0fd3-5a6c-030a-172ff337180f" executionId="105858ca-e6e2-4158-93ca-5c2162eee155" testListId="8c84fa94-04c1-424b-9868-57a2d4851a1d" />
    <TestEntry testId="71a8629d-053f-542d-4cd0-b36fc966255b" executionId="9450e4a0-28e6-47ad-92fc-491f90143dd5" testListId="8c84fa94-04c1-424b-9868-57a2d4851a1d" />
    <TestEntry testId="77cb843b-3732-90ac-376f-355a10166c3a" executionId="5328e761-a74b-4cb4-a2e9-631d24c10f98" testListId="8c84fa94-04c1-424b-9868-57a2d4851a1d" />
    <TestEntry testId="c9e2ea7e-28a5-60d2-6fc2-d2c88285a5e9" executionId="c6a24dad-2905-41d1-bdf3-787e5cb02ef7" testListId="8c84fa94-04c1-424b-9868-57a2d4851a1d" />
    <TestEntry testId="e9a5bcfa-96b9-2f86-1df1-8008cb97bd4b" executionId="74e08064-6300-45a8-a53a-08fb583d87c1" testListId="8c84fa94-04c1-424b-9868-57a2d4851a1d" />
    <TestEntry testId="e29e3422-c5e6-c0ab-1e89-78d29e50ef02" executionId="41fab0ae-9c2e-4673-b42d-51a222c36ffd" testListId="8c84fa94-04c1-424b-9868-57a2d4851a1d" />
    <TestEntry testId="926436bb-6ad1-4c45-7e27-4f7121382ea2" executionId="69825483-f438-4f5b-9b5d-5064e0e80673" testListId="8c84fa94-04c1-424b-9868-57a2d4851a1d" />
    <TestEntry testId="529ab322-0d52-af5d-bafc-7e74ba8c39bd" executionId="528d1c7d-0081-4c6c-9a35-be43472ffd20" testListId="8c84fa94-04c1-424b-9868-57a2d4851a1d" />
    <TestEntry testId="d1e1ab0c-7d74-af92-5fe8-9c7bce95e3bd" executionId="ae51813e-9892-49a2-b3b6-9656f8cc952e" testListId="8c84fa94-04c1-424b-9868-57a2d4851a1d" />
    <TestEntry testId="c9dd264e-5a88-8d6b-118f-2e40aaa81fbc" executionId="30f52233-11b1-4fbc-b7d5-5c28403f93d9" testListId="8c84fa94-04c1-424b-9868-57a2d4851a1d" />
    <TestEntry testId="6dc566b7-501d-6a76-aef9-9eb9f149ccba" executionId="c46b62c9-f445-4415-ad88-229f3b3efd30" testListId="8c84fa94-04c1-424b-9868-57a2d4851a1d" />
    <TestEntry testId="abb83a8b-1b85-8d44-2f49-9f67ade18cf5" executionId="e1141fee-9506-4f9d-a6d3-99dd368ee9a8" testListId="8c84fa94-04c1-424b-9868-57a2d4851a1d" />
    <TestEntry testId="776eceef-a177-5664-72af-adb58a63d9e0" executionId="d9ff8d67-fb47-401f-9308-929c7ac0c9f4" testListId="8c84fa94-04c1-424b-9868-57a2d4851a1d" />
    <TestEntry testId="8bde2655-cfaa-dc33-b849-1d119a441cc1" executionId="da0ca3ff-94df-4bd9-811e-0aa1b8567572" testListId="8c84fa94-04c1-424b-9868-57a2d4851a1d" />
    <TestEntry testId="60362c08-2015-f180-f658-c3326ff818ab" executionId="74529090-0d98-44d3-8038-4494c850758f" testListId="8c84fa94-04c1-424b-9868-57a2d4851a1d" />
    <TestEntry testId="98f0ad09-ff0b-5c5f-86a8-6c77cb77aa0e" executionId="f7933ee4-bd09-449e-8193-946e8c2253e2" testListId="8c84fa94-04c1-424b-9868-57a2d4851a1d" />
    <TestEntry testId="649bc6c1-3f22-d11b-1cdc-777593bb51d4" executionId="888de12c-2439-40dc-a67a-abb102964ff9" testListId="8c84fa94-04c1-424b-9868-57a2d4851a1d" />
    <TestEntry testId="6da55146-0dbd-deb8-a9b1-adaea7e2c0eb" executionId="6a9a1fa0-bb61-4417-b345-b18f26ee18df" testListId="8c84fa94-04c1-424b-9868-57a2d4851a1d" />
    <TestEntry testId="0aacf03b-718d-9b91-1791-8fb82ec2b41d" executionId="da447a14-a072-4db1-8aa4-e89ee75d9cd1" testListId="8c84fa94-04c1-424b-9868-57a2d4851a1d" />
    <TestEntry testId="3e05d949-dbce-a0b7-2862-9e4fd932d57d" executionId="93c45ce1-daae-4d5b-8b9f-f8a8176d322d" testListId="8c84fa94-04c1-424b-9868-57a2d4851a1d" />
    <TestEntry testId="8ed8c2ac-8981-250a-50b6-66e3b3f4891d" executionId="0dbe9d28-f01b-4475-96de-adf0c298a257" testListId="8c84fa94-04c1-424b-9868-57a2d4851a1d" />
    <TestEntry testId="45db66ab-a575-0293-4ffd-ec4abdb03548" executionId="fd4d3a44-0131-43d1-a094-4975586d35ab" testListId="8c84fa94-04c1-424b-9868-57a2d4851a1d" />
    <TestEntry testId="cbe78191-8ee7-aa77-0812-e3cb273c8da8" executionId="1955fd67-c37f-4535-ba0e-ed65c0154d09" testListId="8c84fa94-04c1-424b-9868-57a2d4851a1d" />
    <TestEntry testId="1cf00f33-c11c-7477-a02f-6bb160a6bea4" executionId="b48200c6-76e7-47bf-b83c-40128aabc8c2" testListId="8c84fa94-04c1-424b-9868-57a2d4851a1d" />
    <TestEntry testId="95297ff6-aa76-ad4c-4f0e-5e0a60814245" executionId="6e99b7b1-8931-4603-9ac5-e6d2b29f0258" testListId="8c84fa94-04c1-424b-9868-57a2d4851a1d" />
    <TestEntry testId="74235f5c-118a-7de4-9543-a82200fe6fb3" executionId="38c784b0-783d-48aa-a089-2d2505ef8654" testListId="8c84fa94-04c1-424b-9868-57a2d4851a1d" />
    <TestEntry testId="70f0eec9-bddf-2f56-c2d5-1f0556c83aaf" executionId="31ef072c-15d5-4e10-a1fa-e0ed1dddf6fa" testListId="8c84fa94-04c1-424b-9868-57a2d4851a1d" />
    <TestEntry testId="04fe056f-b830-4199-6133-347e91e2331f" executionId="5b2ee3e8-ebe3-43e5-9a3a-431062fc6370" testListId="8c84fa94-04c1-424b-9868-57a2d4851a1d" />
    <TestEntry testId="f4aca951-5572-6fb8-5445-22560bf3094a" executionId="2815dc1e-0649-435b-b88d-5fc89814ee51" testListId="8c84fa94-04c1-424b-9868-57a2d4851a1d" />
    <TestEntry testId="fd3e5ee2-25c5-97ab-467c-294e55f0e400" executionId="a5cfe7d9-247d-4f33-9090-de4f8e7ab13a" testListId="8c84fa94-04c1-424b-9868-57a2d4851a1d" />
    <TestEntry testId="141e191c-4442-3208-46fe-8e00c7caaf9d" executionId="7614928b-ba6b-4b16-885b-a4d89a8d5b3f" testListId="8c84fa94-04c1-424b-9868-57a2d4851a1d" />
    <TestEntry testId="fc98a4b7-aece-e9da-731a-dcf2a445b7e5" executionId="3fe87ba8-f982-4b6d-9d79-24b9daa6f989" testListId="8c84fa94-04c1-424b-9868-57a2d4851a1d" />
    <TestEntry testId="d4b3302b-02c0-4efc-6701-22737dcd2b3e" executionId="f138f62b-0905-4345-a466-d4fa3bee9f14" testListId="8c84fa94-04c1-424b-9868-57a2d4851a1d" />
    <TestEntry testId="4289ec90-7f3b-b6e9-b992-b3870017d468" executionId="90cc28de-0c25-48cc-ba2b-d3479218bd97" testListId="8c84fa94-04c1-424b-9868-57a2d4851a1d" />
    <TestEntry testId="494eaabe-4fb2-b802-16bf-4589390d21c1" executionId="90307065-de4c-4700-9813-354c4f4d4b73" testListId="8c84fa94-04c1-424b-9868-57a2d4851a1d" />
    <TestEntry testId="99beb515-9b50-ddb8-28f4-fe7b9cfb3d55" executionId="35f04774-3dda-48a9-b3de-3de4218b6475" testListId="8c84fa94-04c1-424b-9868-57a2d4851a1d" />
    <TestEntry testId="9a37961d-285f-d717-1fca-052a6bf88ce6" executionId="441025e2-778f-417d-b0a1-88f8b7b39379" testListId="8c84fa94-04c1-424b-9868-57a2d4851a1d" />
    <TestEntry testId="0bfcb691-8cb2-7cf6-89b7-031596f613b8" executionId="60699a2e-05ce-4ace-b761-cd23b58f80dd" testListId="8c84fa94-04c1-424b-9868-57a2d4851a1d" />
    <TestEntry testId="e0c894ce-4b08-1cac-07fc-0d570b990102" executionId="e09af343-389a-4c50-8ea1-08f26c91578a" testListId="8c84fa94-04c1-424b-9868-57a2d4851a1d" />
    <TestEntry testId="d81cc02c-d191-38d5-2d26-28f305b2fa49" executionId="13a82080-e6b2-47a8-a01d-0207c16ad971" testListId="8c84fa94-04c1-424b-9868-57a2d4851a1d" />
    <TestEntry testId="6986fc2f-124d-e182-9075-98049f0ee571" executionId="a7c9c3e6-65f1-4db9-abc1-8eee343fb4fa" testListId="8c84fa94-04c1-424b-9868-57a2d4851a1d" />
    <TestEntry testId="afaf7d5c-e759-9810-8c50-94b281cf741c" executionId="e9204b8e-2855-4c62-8271-e2a9ce3fdd9f" testListId="8c84fa94-04c1-424b-9868-57a2d4851a1d" />
    <TestEntry testId="b68ad0b5-7976-f8aa-6677-e303aa93b712" executionId="54ecc370-fef2-495e-ab76-2390946225bd" testListId="8c84fa94-04c1-424b-9868-57a2d4851a1d" />
    <TestEntry testId="819c0979-239a-1bbe-8aec-82c5d15d99c9" executionId="0bceec45-25ae-4688-9942-d83c85072997" testListId="8c84fa94-04c1-424b-9868-57a2d4851a1d" />
    <TestEntry testId="3cfb3e4a-a588-41b8-d05d-06d5557ea14d" executionId="4904d0f6-f97e-47bf-9b13-7a9bb60009b0" testListId="8c84fa94-04c1-424b-9868-57a2d4851a1d" />
    <TestEntry testId="0f4f5e48-3a23-0fad-b4a2-fc4750dda3cd" executionId="55c7b5f6-7dcc-44c8-b998-79bd308f9bf1" testListId="8c84fa94-04c1-424b-9868-57a2d4851a1d" />
    <TestEntry testId="c464605a-08ee-c960-9bad-25e97cc754de" executionId="c7cafda8-31ef-4e33-9770-6a319db0396c" testListId="8c84fa94-04c1-424b-9868-57a2d4851a1d" />
    <TestEntry testId="73abd58e-eeb8-37a8-f96f-3a79da305108" executionId="1ec5c816-9ac7-4c9b-b0d9-414506bf2287" testListId="8c84fa94-04c1-424b-9868-57a2d4851a1d" />
    <TestEntry testId="a509dfdd-8764-27a2-6db8-49cb72fabfb2" executionId="bc7193f4-77e8-4efb-81a2-d64efd0b7d1b" testListId="8c84fa94-04c1-424b-9868-57a2d4851a1d" />
    <TestEntry testId="d7e36271-2848-2d0b-2171-f4332152f766" executionId="9e67544f-5450-40c3-adb4-f8ee82b83f13" testListId="8c84fa94-04c1-424b-9868-57a2d4851a1d" />
    <TestEntry testId="4512c517-1140-ea2e-3ea2-ad7a703260fc" executionId="4ab8f0b2-7735-4c86-9f14-3397d7ca7b44" testListId="8c84fa94-04c1-424b-9868-57a2d4851a1d" />
    <TestEntry testId="241c892b-a0fb-8e5c-8a30-537a8129ceb1" executionId="2811321e-7ed5-4c4a-bc20-2b89f8269712" testListId="8c84fa94-04c1-424b-9868-57a2d4851a1d" />
    <TestEntry testId="77ba8355-8c34-377b-c16f-9aec4c9acdf8" executionId="6f36699e-f904-4654-a024-269ef20d46cc" testListId="8c84fa94-04c1-424b-9868-57a2d4851a1d" />
    <TestEntry testId="034cacf8-9f7d-400e-afbf-7d73cb71f548" executionId="7ce516a2-afd3-4a85-b51e-9ee1e4eea63b" testListId="8c84fa94-04c1-424b-9868-57a2d4851a1d" />
    <TestEntry testId="1accfd8a-0a38-1368-de38-ea2f36422228" executionId="c495fe24-3a06-4bc8-bfd9-33f2049771ce" testListId="8c84fa94-04c1-424b-9868-57a2d4851a1d" />
    <TestEntry testId="7fc5a7e1-ad16-5239-3d39-0cbfb8752fdc" executionId="73df47f1-fac1-4798-b1ce-f6507e6bd7d5" testListId="8c84fa94-04c1-424b-9868-57a2d4851a1d" />
    <TestEntry testId="86ee03b2-bd8d-d29f-bf3c-2d1d1f984432" executionId="5a837183-f0fd-493c-b25b-599b9ff83053" testListId="8c84fa94-04c1-424b-9868-57a2d4851a1d" />
    <TestEntry testId="788aa55b-4949-5015-673f-608c519bb0a1" executionId="b90ca691-5628-46f8-827a-23142e47aad8" testListId="8c84fa94-04c1-424b-9868-57a2d4851a1d" />
    <TestEntry testId="e54e8398-05b8-9da0-90dc-32e4daffe725" executionId="a2b78041-668c-4fe1-9f18-360a6fb4850d" testListId="8c84fa94-04c1-424b-9868-57a2d4851a1d" />
    <TestEntry testId="0ba4b513-76a8-253a-52cc-0f1c069b1568" executionId="0edec0b3-c68d-4824-8cbc-6c51a5ef4f5f" testListId="8c84fa94-04c1-424b-9868-57a2d4851a1d" />
    <TestEntry testId="39dc3075-04fc-82df-3916-06d2414a6be6" executionId="aea9c386-e573-41d4-8aa8-e2eb617eb72b" testListId="8c84fa94-04c1-424b-9868-57a2d4851a1d" />
    <TestEntry testId="1577e01b-61ec-7648-0156-43516217bda3" executionId="f027e0cd-2019-4dea-a628-67db05585cb7" testListId="8c84fa94-04c1-424b-9868-57a2d4851a1d" />
    <TestEntry testId="2c5af7c3-c486-9f5c-c05d-ad45a428b434" executionId="22a4fcbd-f019-4f36-9ebc-840390b03bbc" testListId="8c84fa94-04c1-424b-9868-57a2d4851a1d" />
    <TestEntry testId="0f71beb8-8234-9e66-2883-a16e9eed4485" executionId="5225425d-512a-43fa-9700-ffdbf88a9db0" testListId="8c84fa94-04c1-424b-9868-57a2d4851a1d" />
    <TestEntry testId="0124b36c-4a3e-85d8-2f91-7ab6304bf214" executionId="1b6c9e63-d1c1-40ec-8ecf-2abd71eaf4ac" testListId="8c84fa94-04c1-424b-9868-57a2d4851a1d" />
    <TestEntry testId="c3025f79-154d-b3d8-2628-747ede223d4f" executionId="2a1a0022-b749-405c-8ec2-f10f91f09af8" testListId="8c84fa94-04c1-424b-9868-57a2d4851a1d" />
    <TestEntry testId="a8648c26-4319-bb26-b61e-ef35fbb1dda5" executionId="001221e9-1e87-4244-9d83-04de480b9b64" testListId="8c84fa94-04c1-424b-9868-57a2d4851a1d" />
    <TestEntry testId="ffb4cf84-136a-5ffc-e042-30138822b484" executionId="0b0d6fd0-10a2-4fde-9ef0-a12229969b35" testListId="8c84fa94-04c1-424b-9868-57a2d4851a1d" />
    <TestEntry testId="16023dce-6bbf-b91f-4c41-62bf6f7e7493" executionId="6dd4c3fb-1824-49f6-b473-970ccc4622ab" testListId="8c84fa94-04c1-424b-9868-57a2d4851a1d" />
    <TestEntry testId="53eedc35-0123-bdb1-f0ec-70b902f09ce6" executionId="b4c08772-e977-48bc-a4fc-59900b75e116" testListId="8c84fa94-04c1-424b-9868-57a2d4851a1d" />
    <TestEntry testId="d51a3945-9760-b3de-3fd2-b81f472ff315" executionId="48c1e8a4-7975-495f-ba5d-22e01b65e524" testListId="8c84fa94-04c1-424b-9868-57a2d4851a1d" />
    <TestEntry testId="612755b7-0cdf-3803-c661-b5db677ed1a2" executionId="7ac1c81e-6d5e-46b0-bf5e-3a886393c753" testListId="8c84fa94-04c1-424b-9868-57a2d4851a1d" />
    <TestEntry testId="5b4205d8-c74c-054d-0f0f-0690b6905908" executionId="0809336d-1a1d-47e9-9b1e-48beff889ece" testListId="8c84fa94-04c1-424b-9868-57a2d4851a1d" />
    <TestEntry testId="ba3c0ef1-85c7-cb23-d4ed-21987be2659c" executionId="7cdf562b-5468-455b-b5b0-90a84417a7c2" testListId="8c84fa94-04c1-424b-9868-57a2d4851a1d" />
    <TestEntry testId="9e32d489-1b7f-4162-4f60-2c6c32595e74" executionId="ea1e8e9d-32ee-4ce1-a0ab-03e25c04a2f8" testListId="8c84fa94-04c1-424b-9868-57a2d4851a1d" />
    <TestEntry testId="593585a6-465f-1c6a-563c-a1e9a0b919bc" executionId="bb6e148c-05ce-4ad9-b672-cbdd71bbd1e1" testListId="8c84fa94-04c1-424b-9868-57a2d4851a1d" />
    <TestEntry testId="e47bed73-f08e-d72d-b4a2-7822c9928a05" executionId="37ff7db1-7b20-4bb3-a876-84d7bf4f9e16" testListId="8c84fa94-04c1-424b-9868-57a2d4851a1d" />
    <TestEntry testId="de4e9341-6c70-1466-d97b-50164787f46d" executionId="69724f58-81ab-4211-b313-55d4753eda58" testListId="8c84fa94-04c1-424b-9868-57a2d4851a1d" />
    <TestEntry testId="5f6365db-4f29-5b2f-fbde-a8e68630820f" executionId="df4582a0-5004-4f69-ae64-ae8471917261" testListId="8c84fa94-04c1-424b-9868-57a2d4851a1d" />
    <TestEntry testId="ba492782-2ba9-bc32-a0f5-14d8ba297611" executionId="6dc486c4-2a23-4af1-a3c2-f9a3e3db07eb" testListId="8c84fa94-04c1-424b-9868-57a2d4851a1d" />
    <TestEntry testId="e383c712-b012-a5d0-3339-d1060b601c1b" executionId="644be104-737b-4bc7-9173-420904b28374" testListId="8c84fa94-04c1-424b-9868-57a2d4851a1d" />
    <TestEntry testId="87defa7e-30d9-0886-707b-7473c8e30dff" executionId="5430dc53-9155-4411-b739-83c12c45aa38" testListId="8c84fa94-04c1-424b-9868-57a2d4851a1d" />
    <TestEntry testId="e7d37444-87df-9275-4bcf-bc12b4a83186" executionId="20c9a2fe-89c5-4e6c-abd6-dad2368846c1" testListId="8c84fa94-04c1-424b-9868-57a2d4851a1d" />
    <TestEntry testId="f09cfc71-d460-2af4-70fc-ccb7ff1f2664" executionId="75ff814e-4a3d-4532-89a6-256766ff532f" testListId="8c84fa94-04c1-424b-9868-57a2d4851a1d" />
    <TestEntry testId="cc4d39a4-535b-e6c0-60e2-26d98716b63d" executionId="be0ab054-3c46-45c6-9116-575e7bf954ff" testListId="8c84fa94-04c1-424b-9868-57a2d4851a1d" />
    <TestEntry testId="6156099d-d15e-e625-811b-a84708c39035" executionId="20ceba66-6038-45bb-95a6-d8ce850eca0c" testListId="8c84fa94-04c1-424b-9868-57a2d4851a1d" />
    <TestEntry testId="7b7920ef-bfb2-6f69-e68b-5476eb9595cf" executionId="aad531d1-219f-4e42-b456-de8f8716a336" testListId="8c84fa94-04c1-424b-9868-57a2d4851a1d" />
    <TestEntry testId="f5b6af9c-50d6-a27b-2f85-4255ecbbafb9" executionId="ba02ba2d-86a7-49f2-8b06-981b105fd8a8" testListId="8c84fa94-04c1-424b-9868-57a2d4851a1d" />
    <TestEntry testId="76c08a52-d8e9-6cdc-fce1-1258294596b0" executionId="f30eab08-5010-4a65-9003-1c2f4bba0609" testListId="8c84fa94-04c1-424b-9868-57a2d4851a1d" />
    <TestEntry testId="5f99bb54-888a-202b-ef35-3c50e50a7409" executionId="75b68fb2-3ff9-4981-b42c-fcc967c131f3" testListId="8c84fa94-04c1-424b-9868-57a2d4851a1d" />
    <TestEntry testId="f6f387b7-10b6-8756-6213-52ca04de1879" executionId="c05b4907-57b0-439a-abc6-850c253fb934" testListId="8c84fa94-04c1-424b-9868-57a2d4851a1d" />
    <TestEntry testId="f9473f6a-b18a-1ef9-210b-abfa7eaaf135" executionId="91e4d70d-4afa-4295-97e6-9a1ef5b9d807" testListId="8c84fa94-04c1-424b-9868-57a2d4851a1d" />
    <TestEntry testId="0593edbd-1ea7-3669-bba1-b972f2ba9961" executionId="30ec6f4f-c1e5-43f3-afc5-40368c9a3216" testListId="8c84fa94-04c1-424b-9868-57a2d4851a1d" />
    <TestEntry testId="894191cb-bee6-69e2-81f1-61869244aed4" executionId="f704cca9-f956-4760-b437-29f1402b612f" testListId="8c84fa94-04c1-424b-9868-57a2d4851a1d" />
    <TestEntry testId="c44bea46-b8b9-81c5-4220-23f1ae9a0c24" executionId="c1884507-1898-4299-98cd-9e9adc6052ac" testListId="8c84fa94-04c1-424b-9868-57a2d4851a1d" />
    <TestEntry testId="28021bac-065f-20d5-f3da-4ca0066054f4" executionId="a934eb36-1692-4f49-b0c5-847fc4bc8cce" testListId="8c84fa94-04c1-424b-9868-57a2d4851a1d" />
    <TestEntry testId="86a614c5-a9e3-9e38-ecb7-023ac78c15b1" executionId="5cc57ad8-37dd-4cd5-aab0-7299c18f4a4e" testListId="8c84fa94-04c1-424b-9868-57a2d4851a1d" />
    <TestEntry testId="c65384a1-c9f3-2d21-353b-a4c45057cae7" executionId="e0917b37-7597-4e6f-9511-1f5062ef5249" testListId="8c84fa94-04c1-424b-9868-57a2d4851a1d" />
    <TestEntry testId="9c5bec64-4cd7-1eb8-640f-4e2bbbe7392f" executionId="fae93174-e483-42dd-b8c2-b6ed276b0756" testListId="8c84fa94-04c1-424b-9868-57a2d4851a1d" />
    <TestEntry testId="de80d1b0-e69d-b886-8aee-77793ad94c94" executionId="3e765252-848e-4cb4-b103-6b04fdfb9610" testListId="8c84fa94-04c1-424b-9868-57a2d4851a1d" />
    <TestEntry testId="6d5f0050-80f0-8e39-bb73-cffbc8ebef05" executionId="05278c36-99a5-4f14-97e9-c5d1c4593256" testListId="8c84fa94-04c1-424b-9868-57a2d4851a1d" />
    <TestEntry testId="8981d84e-7ce1-9703-e39b-b12ad0be124f" executionId="58797999-6f43-4ba4-82b1-1ef71be2b467" testListId="8c84fa94-04c1-424b-9868-57a2d4851a1d" />
    <TestEntry testId="dc1eee07-1844-2450-60be-2970ae788a8f" executionId="dc630b9f-a244-4718-93b0-ba1b63a2b7d8" testListId="8c84fa94-04c1-424b-9868-57a2d4851a1d" />
    <TestEntry testId="3df4bdd4-e0fd-1680-8425-586d8edf641e" executionId="e6877265-d790-40c1-9b05-af013f3cbb7b" testListId="8c84fa94-04c1-424b-9868-57a2d4851a1d" />
    <TestEntry testId="d58b10c0-7bb1-d2e3-962a-3f9a53f47417" executionId="6ad47fbd-9446-4c21-9419-48300637b712" testListId="8c84fa94-04c1-424b-9868-57a2d4851a1d" />
    <TestEntry testId="0576350e-e378-4d3c-7ec2-5e805d7a8015" executionId="c2ee29ed-7179-438e-9366-73a38cc544c8" testListId="8c84fa94-04c1-424b-9868-57a2d4851a1d" />
    <TestEntry testId="436cc816-548b-1484-e46f-b2c4cfa442fc" executionId="70c946c5-12d7-46be-8c5c-32fd02d3819d" testListId="8c84fa94-04c1-424b-9868-57a2d4851a1d" />
    <TestEntry testId="a8579d74-c114-1869-7e83-7adac4ed2f9d" executionId="3079aa6a-c2be-48be-9d95-ae8593b5a12f" testListId="8c84fa94-04c1-424b-9868-57a2d4851a1d" />
    <TestEntry testId="068e2f05-765b-0c1f-600d-3aa2168f0d4f" executionId="f0c268e0-2e28-4d08-b45c-536bc3c9a1f5" testListId="8c84fa94-04c1-424b-9868-57a2d4851a1d" />
    <TestEntry testId="50f8375d-cf03-8543-6a5d-6378bb0fe5a8" executionId="b3e86bca-c8c5-4627-8e12-bf625a421ff4" testListId="8c84fa94-04c1-424b-9868-57a2d4851a1d" />
    <TestEntry testId="29e6a9e7-3e4a-82f8-8feb-f8a3ab99e351" executionId="91fbd68a-aaed-4772-989b-06ada22fe742" testListId="8c84fa94-04c1-424b-9868-57a2d4851a1d" />
    <TestEntry testId="5cd18a85-60ce-b58b-657b-5de44ebcf37b" executionId="fd33f2d1-5307-4b03-bf06-a85f1773b3a0" testListId="8c84fa94-04c1-424b-9868-57a2d4851a1d" />
    <TestEntry testId="093063e5-4e85-2605-7464-0185ca69aad4" executionId="78178c45-ed1e-46e7-8552-a2deb3e57431" testListId="8c84fa94-04c1-424b-9868-57a2d4851a1d" />
    <TestEntry testId="276fa930-eaef-9c23-a1f1-181422ff1972" executionId="6811c69e-2c1e-4f50-9b17-22c3072c41a0" testListId="8c84fa94-04c1-424b-9868-57a2d4851a1d" />
    <TestEntry testId="fe9bc6f3-5ae0-a5e5-ce28-a1c76df55560" executionId="ab1f1252-185e-4d14-8339-106a572d9695" testListId="8c84fa94-04c1-424b-9868-57a2d4851a1d" />
    <TestEntry testId="d4b7efc7-4d79-a4b9-746e-2119343bfa87" executionId="507ccf59-c52e-47a5-96e2-cde955693de9" testListId="8c84fa94-04c1-424b-9868-57a2d4851a1d" />
    <TestEntry testId="55ec7ecd-668d-873b-5de4-97aa54ebae84" executionId="c42729a0-df90-48ed-88e1-e609708e2b02" testListId="8c84fa94-04c1-424b-9868-57a2d4851a1d" />
    <TestEntry testId="3d8963fa-aca3-0469-1259-08f2b2242a49" executionId="3e15d7e9-fbe6-4462-975f-c459ff48e272" testListId="8c84fa94-04c1-424b-9868-57a2d4851a1d" />
    <TestEntry testId="bbcddb0d-c27e-065c-6621-ce36c72de785" executionId="d2345495-0f5a-4ef0-8f5d-3a43ca4585e3" testListId="8c84fa94-04c1-424b-9868-57a2d4851a1d" />
    <TestEntry testId="b9c26381-be61-0d48-aaab-d2f8534fc41c" executionId="6b8bc288-8218-48a8-afc2-fc154757dc1e" testListId="8c84fa94-04c1-424b-9868-57a2d4851a1d" />
    <TestEntry testId="92454916-5108-915e-8369-9c28f3401013" executionId="6126d6d4-91f2-4d2d-80eb-834e19df2ca5" testListId="8c84fa94-04c1-424b-9868-57a2d4851a1d" />
    <TestEntry testId="bdaa1efe-9e06-f064-9801-95e2a76e5986" executionId="a277c505-f1ef-423f-bce4-3da2f1f70767" testListId="8c84fa94-04c1-424b-9868-57a2d4851a1d" />
    <TestEntry testId="d892c744-3d75-a974-deef-9becfba2f863" executionId="2daa2de3-0990-4e5d-bcb6-a5d912a90bb8" testListId="8c84fa94-04c1-424b-9868-57a2d4851a1d" />
    <TestEntry testId="80fe88af-86ae-3eb6-9919-0386f9c0d3d0" executionId="581edb07-03e7-4243-bdb6-aceb2ec6a1c1" testListId="8c84fa94-04c1-424b-9868-57a2d4851a1d" />
    <TestEntry testId="4cb64fa9-0a70-e363-f896-e92dee62296c" executionId="ade8dab9-8d4a-4fa4-a865-0c3400d86a5a" testListId="8c84fa94-04c1-424b-9868-57a2d4851a1d" />
    <TestEntry testId="59c78bde-8a7c-8ed3-ce14-aa5cf016ae59" executionId="cc176ee0-170a-42d9-a1d0-86e8dd738f17" testListId="8c84fa94-04c1-424b-9868-57a2d4851a1d" />
    <TestEntry testId="696e11a1-5e0c-2d42-2d8d-8b4a1a32ac32" executionId="b3db1224-8f34-43bd-a9eb-6a3198d27e4c" testListId="8c84fa94-04c1-424b-9868-57a2d4851a1d" />
    <TestEntry testId="c8ff60b9-9989-9412-d124-69367b7f7153" executionId="fc0ea815-f664-449f-add6-a5cc339574cc" testListId="8c84fa94-04c1-424b-9868-57a2d4851a1d" />
    <TestEntry testId="33fa0e17-1e9d-fc9e-79a9-fe07de2e1d42" executionId="406d4c6b-b4f6-4efb-bd63-d11075480228" testListId="8c84fa94-04c1-424b-9868-57a2d4851a1d" />
    <TestEntry testId="5cce3272-cf0f-798d-2f5a-a5cc62a3cc1c" executionId="2a5b09d4-9416-4824-b2d4-d5c30d973a1d" testListId="8c84fa94-04c1-424b-9868-57a2d4851a1d" />
    <TestEntry testId="761b865b-f7b1-264a-831c-c115739b4cb8" executionId="fea7fe3e-3af5-45d5-8777-7f339638c9ce" testListId="8c84fa94-04c1-424b-9868-57a2d4851a1d" />
    <TestEntry testId="7d73819b-52be-a083-7d5b-131c90c6cd56" executionId="ca905230-bbb7-4d7e-99b8-4111223f7d17" testListId="8c84fa94-04c1-424b-9868-57a2d4851a1d" />
    <TestEntry testId="d5c46146-af08-f2b5-43b5-902e9535be6a" executionId="f7ef76ea-57fc-4916-963a-9559549422ac" testListId="8c84fa94-04c1-424b-9868-57a2d4851a1d" />
    <TestEntry testId="4515bcb1-d15c-08a9-02fe-c49f7716006e" executionId="2f977eca-ec95-426a-b13d-1da785e2c271" testListId="8c84fa94-04c1-424b-9868-57a2d4851a1d" />
    <TestEntry testId="1c0c5f0b-295a-ae38-ae07-141ec577c98c" executionId="ce204489-82ed-46b7-afce-6be480f7e8ff" testListId="8c84fa94-04c1-424b-9868-57a2d4851a1d" />
    <TestEntry testId="6b7dcff8-25eb-68e0-33be-34e38dc1eb50" executionId="0a157538-5ee4-40ef-af0b-24adcf35359b" testListId="8c84fa94-04c1-424b-9868-57a2d4851a1d" />
    <TestEntry testId="1215c071-33ea-bfa2-5ac8-c5403db99ae8" executionId="0afd4cb0-4186-427d-8f13-15dc43c0f147" testListId="8c84fa94-04c1-424b-9868-57a2d4851a1d" />
    <TestEntry testId="eadd5aea-e1cf-d48d-3354-4b05674fcd26" executionId="574e236a-558a-4efd-8c07-6eea7d61ca96" testListId="8c84fa94-04c1-424b-9868-57a2d4851a1d" />
    <TestEntry testId="2c268a89-a61c-6227-9d8c-24714ad3d9e6" executionId="9e5b23ee-d3c5-4527-935f-c91531899cd6" testListId="8c84fa94-04c1-424b-9868-57a2d4851a1d" />
    <TestEntry testId="1a9ca88d-e0a2-a9c1-4371-f245b655b125" executionId="57941ed3-a2b1-42a7-962d-56aa93f4437a" testListId="8c84fa94-04c1-424b-9868-57a2d4851a1d" />
    <TestEntry testId="6b6bb736-6c44-66bb-16ad-6d293023ee64" executionId="f82e7b15-8838-482e-85c4-e6c0e3389780" testListId="8c84fa94-04c1-424b-9868-57a2d4851a1d" />
    <TestEntry testId="5a9790d2-e1ee-ca82-aad1-0f90112fc2a3" executionId="fbfc73c8-a45b-4aac-b054-b7cde548e802" testListId="8c84fa94-04c1-424b-9868-57a2d4851a1d" />
    <TestEntry testId="d8e67879-5c2f-559c-bb05-9156445a0866" executionId="4584fe96-77d2-4113-b64f-3524844e20f8" testListId="8c84fa94-04c1-424b-9868-57a2d4851a1d" />
    <TestEntry testId="409fa761-3f5b-028c-2d05-81572d5dd09b" executionId="4371c727-7133-4d16-970d-ce7225d19426" testListId="8c84fa94-04c1-424b-9868-57a2d4851a1d" />
    <TestEntry testId="8a6d9749-f73c-4b81-c257-2d5475ff5df3" executionId="f1fdfbd7-c8ed-4274-b441-e73c02eb4841" testListId="8c84fa94-04c1-424b-9868-57a2d4851a1d" />
    <TestEntry testId="ee381c40-a08a-d490-b422-cd6ae96dc304" executionId="f2ea9983-bcfc-45b6-be74-ea79475f5a4f" testListId="8c84fa94-04c1-424b-9868-57a2d4851a1d" />
    <TestEntry testId="0f78c010-9183-86fc-bd99-26fc79f05715" executionId="b034ecd8-1e84-46fc-a422-a6a11b9727da" testListId="8c84fa94-04c1-424b-9868-57a2d4851a1d" />
    <TestEntry testId="56a065fc-61ac-8dcf-0f48-81d25ba788ec" executionId="595b4557-7f1e-4a1d-9c4a-4d38c742936c" testListId="8c84fa94-04c1-424b-9868-57a2d4851a1d" />
    <TestEntry testId="9ad2aeec-3666-a2fb-9c69-a673ccec420e" executionId="f8c3ba33-3e15-44cc-affd-10d0552e8a61" testListId="8c84fa94-04c1-424b-9868-57a2d4851a1d" />
    <TestEntry testId="f46f38fb-bed1-6e67-6148-a4182fc87e06" executionId="7f15c65d-c759-47c7-b011-122a36e2bfd5" testListId="8c84fa94-04c1-424b-9868-57a2d4851a1d" />
    <TestEntry testId="1e45a251-11ae-6a6c-e845-ac9b0a1e119b" executionId="decbaa0c-c95a-4d33-bb62-6335defea532" testListId="8c84fa94-04c1-424b-9868-57a2d4851a1d" />
    <TestEntry testId="3ff3bc6d-9bae-1e17-40b6-e5282e1f7ee4" executionId="8034ee9f-88b4-4b0d-886a-ac70927f8401" testListId="8c84fa94-04c1-424b-9868-57a2d4851a1d" />
    <TestEntry testId="5e06726d-c722-a0bd-a2c1-2825468b2b15" executionId="4ede711d-0101-4e2c-a837-e11dbffbdc39" testListId="8c84fa94-04c1-424b-9868-57a2d4851a1d" />
    <TestEntry testId="0c10a380-a25b-0db6-28d6-c785dac662f9" executionId="ffd0a922-60b4-432b-b512-f5d9c5bd628d" testListId="8c84fa94-04c1-424b-9868-57a2d4851a1d" />
    <TestEntry testId="132fb741-b774-7c99-6c3f-97a7e4f0a892" executionId="ad95d83e-0169-4777-9db5-275c3972b39b" testListId="8c84fa94-04c1-424b-9868-57a2d4851a1d" />
    <TestEntry testId="ec1fcb34-7058-034a-3b55-989749ad663a" executionId="3da39cce-7c02-4ffb-9774-bbf0aa154810" testListId="8c84fa94-04c1-424b-9868-57a2d4851a1d" />
    <TestEntry testId="c3c3b3ac-b90c-7195-f3dc-273b8f66b68a" executionId="21ed7dd8-fd2e-43f9-a547-55250679b48b" testListId="8c84fa94-04c1-424b-9868-57a2d4851a1d" />
    <TestEntry testId="bb031d1f-faa6-a46c-4f43-97f06aeca0f3" executionId="611049b8-7f07-406f-b272-970be8fceab8" testListId="8c84fa94-04c1-424b-9868-57a2d4851a1d" />
    <TestEntry testId="ba15acdf-6088-f803-6154-34aa090f0329" executionId="7ab6d2db-5aa8-49f6-a821-083f84c9d477" testListId="8c84fa94-04c1-424b-9868-57a2d4851a1d" />
    <TestEntry testId="0d4cc550-08f2-1d1d-3223-67f19c0afe08" executionId="506eb9f5-7595-4aef-ad18-50e7bd073353" testListId="8c84fa94-04c1-424b-9868-57a2d4851a1d" />
    <TestEntry testId="876ce97f-2560-40db-2a09-5b08ae002395" executionId="0e6ecff1-9688-419a-9bbe-2c54bfe74b8f" testListId="8c84fa94-04c1-424b-9868-57a2d4851a1d" />
    <TestEntry testId="b40b17cd-6334-a9ae-cbaa-166a5c8ac156" executionId="30898c67-b48b-49b0-84a6-b48f89e835eb" testListId="8c84fa94-04c1-424b-9868-57a2d4851a1d" />
    <TestEntry testId="286a4502-ed93-b14f-8f8b-09e9b94bb48b" executionId="28dc4ddb-f98b-4cfb-9ecd-95f19b971f32" testListId="8c84fa94-04c1-424b-9868-57a2d4851a1d" />
    <TestEntry testId="92de0608-fe98-a28c-fade-1d4b23f99d50" executionId="dd045945-22b5-461e-b069-90281d7cb525" testListId="8c84fa94-04c1-424b-9868-57a2d4851a1d" />
    <TestEntry testId="7a2a8518-d77f-ab62-355c-6a54533e9cdf" executionId="457af61a-8b5a-49da-9ac8-f6e6bdfacbee" testListId="8c84fa94-04c1-424b-9868-57a2d4851a1d" />
    <TestEntry testId="d5d86913-9259-1dc9-8e1f-ca19d2ddbe87" executionId="d55e7a82-87d6-432c-ad91-a06b4aef0098" testListId="8c84fa94-04c1-424b-9868-57a2d4851a1d" />
    <TestEntry testId="6d6d4649-f74c-00f6-7c94-65b35a1f1a78" executionId="2617614e-8855-41a6-9d8a-6f6aa7829424" testListId="8c84fa94-04c1-424b-9868-57a2d4851a1d" />
    <TestEntry testId="f6b2ccce-1127-a730-3d1d-178de6661793" executionId="f39e3808-c882-4d83-b012-360f0eecea0d" testListId="8c84fa94-04c1-424b-9868-57a2d4851a1d" />
    <TestEntry testId="16f54115-1e93-c4e9-ee1d-7738cd482ed6" executionId="a41154de-c4fb-4992-bdc7-484ba7b36f72" testListId="8c84fa94-04c1-424b-9868-57a2d4851a1d" />
    <TestEntry testId="a34f5e56-3a10-d59a-ae32-fe0e930ffbeb" executionId="5eacd648-f3bb-4ccc-a743-d3a5e2fbfa11" testListId="8c84fa94-04c1-424b-9868-57a2d4851a1d" />
    <TestEntry testId="f6716c04-2f0b-c495-1ad6-1fd1bedb71cd" executionId="9b9354e9-0339-4eff-a689-20b79f1cd49a" testListId="8c84fa94-04c1-424b-9868-57a2d4851a1d" />
    <TestEntry testId="5b0b6c0e-fe77-f328-38b6-99d7d47feac9" executionId="3474a4c2-9f10-45f0-bd45-d2e3e0cf9888" testListId="8c84fa94-04c1-424b-9868-57a2d4851a1d" />
    <TestEntry testId="a5c71af1-2277-db72-cf95-9e91c4704471" executionId="93410f06-59c9-471f-827a-44e41d3ee778" testListId="8c84fa94-04c1-424b-9868-57a2d4851a1d" />
    <TestEntry testId="01e71314-81c5-4366-34cc-41198de89a47" executionId="c0af4e87-608d-4e7c-89f4-be466805df08" testListId="8c84fa94-04c1-424b-9868-57a2d4851a1d" />
    <TestEntry testId="918449ac-7842-0217-48ec-6ef6d3756493" executionId="24cfac89-d0fc-4ac9-8844-aef5c168ae33" testListId="8c84fa94-04c1-424b-9868-57a2d4851a1d" />
    <TestEntry testId="f5445669-43ba-6d54-8564-853499572f07" executionId="013ea806-adae-453c-ba66-46068e2f3b6b" testListId="8c84fa94-04c1-424b-9868-57a2d4851a1d" />
    <TestEntry testId="aa4fc76c-189f-e563-9f8f-3e22961849d3" executionId="fc7012f1-d563-40c6-993b-5f069a15ef83" testListId="8c84fa94-04c1-424b-9868-57a2d4851a1d" />
    <TestEntry testId="7cc96cf4-3fc7-1e69-bf47-4fdca4a95242" executionId="7c2cdbc3-f332-42fb-9527-12b8eadad676" testListId="8c84fa94-04c1-424b-9868-57a2d4851a1d" />
    <TestEntry testId="f35d4fb1-645e-abe5-c8af-3657cb078d61" executionId="bf13cbcd-137b-418a-a349-bdc014c6c224" testListId="8c84fa94-04c1-424b-9868-57a2d4851a1d" />
    <TestEntry testId="b9eb7949-9592-5c0d-f17c-cbec8d004d54" executionId="ab1bafa5-43cd-4327-a042-49730c5b8a3b" testListId="8c84fa94-04c1-424b-9868-57a2d4851a1d" />
    <TestEntry testId="5c50edbc-b393-455d-64e6-d02883451fc6" executionId="0770877c-e44d-4ece-a006-e01d9b3447c1" testListId="8c84fa94-04c1-424b-9868-57a2d4851a1d" />
    <TestEntry testId="965058a9-623e-3f67-ec48-3e2a86175441" executionId="eefcf831-e765-4f78-876b-a24fc7e999d1" testListId="8c84fa94-04c1-424b-9868-57a2d4851a1d" />
    <TestEntry testId="13bf9995-f3c6-c458-0900-0c1656bf0291" executionId="d6679018-71a8-4edc-980f-ff38fe5bc4f7" testListId="8c84fa94-04c1-424b-9868-57a2d4851a1d" />
    <TestEntry testId="218e4c1d-1f10-9106-fd02-efc940b786c5" executionId="86b4db41-b12f-4a7d-8647-d7df046eee2b" testListId="8c84fa94-04c1-424b-9868-57a2d4851a1d" />
    <TestEntry testId="b3bb629b-5506-468f-c9ec-1ff55314abb1" executionId="078d8785-9f28-4828-b30b-294cf115aa4a" testListId="8c84fa94-04c1-424b-9868-57a2d4851a1d" />
    <TestEntry testId="0c82128a-6ae3-e05a-aa69-3b6f049e0b27" executionId="f60ac227-b554-4917-9493-01f0d481d5ee" testListId="8c84fa94-04c1-424b-9868-57a2d4851a1d" />
    <TestEntry testId="69f33621-cf63-0045-c6b8-318fe0216f67" executionId="f0212b48-12c4-46c4-a1cc-39a414751701" testListId="8c84fa94-04c1-424b-9868-57a2d4851a1d" />
    <TestEntry testId="e5cf07e9-ee50-38c9-0a10-0e2fe63320d9" executionId="13677e43-eba0-47fc-aaf2-a3691c7ec88b" testListId="8c84fa94-04c1-424b-9868-57a2d4851a1d" />
    <TestEntry testId="b6fa179e-af5a-a8b7-baa1-7671149ebf45" executionId="7178f09f-efcd-4226-8651-58356b5ecd09" testListId="8c84fa94-04c1-424b-9868-57a2d4851a1d" />
    <TestEntry testId="31e792dd-c6fc-b93a-5ca8-a735cea9d4ad" executionId="8bf5b5d8-8ab9-457d-9e71-417128548fc7" testListId="8c84fa94-04c1-424b-9868-57a2d4851a1d" />
    <TestEntry testId="7128909f-e107-9c87-d4cd-5199eb995a3f" executionId="bfb4bff3-8fd5-47de-add5-c1477686ec2b" testListId="8c84fa94-04c1-424b-9868-57a2d4851a1d" />
    <TestEntry testId="f51863d4-4c6c-be5d-7493-51a81dd479eb" executionId="7aa46785-39cb-49b0-b6c9-d5684ff83e68" testListId="8c84fa94-04c1-424b-9868-57a2d4851a1d" />
    <TestEntry testId="a62cf2d3-360c-f1c5-f4cc-28ea45002ca5" executionId="b80ac164-234f-4829-b745-ad1affd41cf1" testListId="8c84fa94-04c1-424b-9868-57a2d4851a1d" />
    <TestEntry testId="9ab4e107-35c8-ac95-d475-7402195487f1" executionId="a6c5ab12-68df-463e-bed7-990b049a983e" testListId="8c84fa94-04c1-424b-9868-57a2d4851a1d" />
    <TestEntry testId="1788b1c8-8550-8ec7-916f-51b6ac1b19d1" executionId="fe5826dc-9340-4c15-80de-12047beb6583" testListId="8c84fa94-04c1-424b-9868-57a2d4851a1d" />
    <TestEntry testId="4310c827-8132-10c8-838c-8aea506460dc" executionId="efc2a880-2f70-4f7e-84d5-a3d2745aae59" testListId="8c84fa94-04c1-424b-9868-57a2d4851a1d" />
    <TestEntry testId="84301692-b472-5f6e-1737-760f9edcea65" executionId="433c444b-f430-4f2b-8013-057ec4d31ff2" testListId="8c84fa94-04c1-424b-9868-57a2d4851a1d" />
    <TestEntry testId="3b0abe57-b586-f61c-8b8a-8c5dd2e2ea03" executionId="a0fa6276-49fa-441a-88d6-bf968fd4b401" testListId="8c84fa94-04c1-424b-9868-57a2d4851a1d" />
    <TestEntry testId="3d79641c-fc7b-517f-c041-301f5aa214bc" executionId="3d410a5d-909e-49cd-abeb-0056be4f88d1" testListId="8c84fa94-04c1-424b-9868-57a2d4851a1d" />
    <TestEntry testId="71f52ade-acf3-df28-374d-551fa3fa4768" executionId="e8119acf-66a0-4744-9b1c-f895ce8b3c42" testListId="8c84fa94-04c1-424b-9868-57a2d4851a1d" />
    <TestEntry testId="0aec4cd5-5e68-1c1f-83c2-aa6c867c75b7" executionId="7cebee5a-9ec4-4f95-9068-8b07b7da7580" testListId="8c84fa94-04c1-424b-9868-57a2d4851a1d" />
    <TestEntry testId="e7cc93b2-fdd2-508f-f12f-182c0022ef49" executionId="9d0591ee-61c5-4698-ac57-5410641afaca" testListId="8c84fa94-04c1-424b-9868-57a2d4851a1d" />
    <TestEntry testId="b5eece68-50d9-334f-55f7-c7e363a299dc" executionId="2c45cc97-656b-451e-abea-dfb001eaa7e1" testListId="8c84fa94-04c1-424b-9868-57a2d4851a1d" />
    <TestEntry testId="aaeac908-ec85-0403-dc8f-861a68273bb8" executionId="7867a4f6-e384-42e8-8f99-39ffced38499" testListId="8c84fa94-04c1-424b-9868-57a2d4851a1d" />
    <TestEntry testId="3d251fad-ae28-1fbc-ccc8-e2ccdc4c29bc" executionId="d357a989-1e1c-4817-aeb2-cfcadc7a599b" testListId="8c84fa94-04c1-424b-9868-57a2d4851a1d" />
    <TestEntry testId="750014a1-0857-0d0b-44f3-fcfa369b7c2e" executionId="4ca2903b-beba-4759-9e4a-e15a1fcecd5c" testListId="8c84fa94-04c1-424b-9868-57a2d4851a1d" />
    <TestEntry testId="30c683e9-51dc-de30-6884-521787acbf6b" executionId="0f7d1c78-0ef3-4083-a472-51f60189cdc3" testListId="8c84fa94-04c1-424b-9868-57a2d4851a1d" />
    <TestEntry testId="f3174896-e5c0-e367-e050-43f58b5eee43" executionId="8bb43192-9dac-4ec3-8ce9-0f4004cba2c8" testListId="8c84fa94-04c1-424b-9868-57a2d4851a1d" />
    <TestEntry testId="6be716f5-8d61-7a08-222c-1b312f108925" executionId="45b79f27-319c-48bf-9590-ae85d00a95b6" testListId="8c84fa94-04c1-424b-9868-57a2d4851a1d" />
    <TestEntry testId="6e87259d-09b3-67d2-6e70-1aa4e1eba859" executionId="959283b7-9b62-42b5-bb72-3735779a86ae" testListId="8c84fa94-04c1-424b-9868-57a2d4851a1d" />
    <TestEntry testId="b40a2f62-cd09-ca7d-1397-74cf0ee9e432" executionId="182930c5-9b81-48d4-b21f-af5aa36ced40" testListId="8c84fa94-04c1-424b-9868-57a2d4851a1d" />
    <TestEntry testId="85d070a8-e801-beef-49d4-bf90eff55dd0" executionId="3ef18969-f322-466d-9757-179284f4baf6" testListId="8c84fa94-04c1-424b-9868-57a2d4851a1d" />
    <TestEntry testId="40b0bf9f-69d6-7f7e-3fea-42f3920f4584" executionId="3a1f30e9-ed01-42b7-9c3f-d010f6c5913c" testListId="8c84fa94-04c1-424b-9868-57a2d4851a1d" />
    <TestEntry testId="358b74e6-fc55-da99-0e75-25e1c80c198a" executionId="f2c35ff9-739e-43fe-8653-d5d651dddbd8" testListId="8c84fa94-04c1-424b-9868-57a2d4851a1d" />
    <TestEntry testId="aff89e7a-22e7-3b3e-1ce8-459408217c65" executionId="0963ee9b-32b2-4099-a6ae-b5a06dc65170" testListId="8c84fa94-04c1-424b-9868-57a2d4851a1d" />
    <TestEntry testId="4de2965f-e6e4-41a4-269e-1244a87a7aa6" executionId="e5387dd5-72b4-40b6-a207-982bff538f17" testListId="8c84fa94-04c1-424b-9868-57a2d4851a1d" />
    <TestEntry testId="493388e5-286f-ec3b-2a8c-ab041ed5de64" executionId="a93161a6-78b5-4e56-a494-7734a30b0dbb" testListId="8c84fa94-04c1-424b-9868-57a2d4851a1d" />
    <TestEntry testId="236f3461-4b7f-7202-33e7-ad4514ee99ac" executionId="ecfc6ec9-6535-4f34-8cf4-5907976d3779" testListId="8c84fa94-04c1-424b-9868-57a2d4851a1d" />
    <TestEntry testId="587df245-1c49-9c48-2cfe-e0f6292e9a0b" executionId="713045ec-91e5-4584-b7c2-cede8d100cbe" testListId="8c84fa94-04c1-424b-9868-57a2d4851a1d" />
    <TestEntry testId="16b79f55-7c64-2cf6-1f7d-ae933270c74d" executionId="cff406a7-81eb-4b33-8f50-85ae7b89464b" testListId="8c84fa94-04c1-424b-9868-57a2d4851a1d" />
    <TestEntry testId="77488aa9-707c-2538-9c3e-d59dd53ec120" executionId="6a5fb94d-96d7-4298-afda-9c6c2c7a880b" testListId="8c84fa94-04c1-424b-9868-57a2d4851a1d" />
    <TestEntry testId="0f34ea82-4b34-df21-1445-44172f8db22c" executionId="4374ff1e-a39d-4d97-afc7-1c75d78de773" testListId="8c84fa94-04c1-424b-9868-57a2d4851a1d" />
    <TestEntry testId="350f83a6-60d3-6508-2061-bae98524f397" executionId="3197039f-a05b-4d1d-88e9-17d6b768e42e" testListId="8c84fa94-04c1-424b-9868-57a2d4851a1d" />
    <TestEntry testId="ee7c26d9-1661-cc07-771d-cd8bc4d30bae" executionId="5fe92747-e29b-49f2-81fa-a4d6540b0aec" testListId="8c84fa94-04c1-424b-9868-57a2d4851a1d" />
    <TestEntry testId="2bc58ed3-5da8-07de-99f6-7c9466054838" executionId="67724288-c25f-4123-a627-fae51ff0c27d" testListId="8c84fa94-04c1-424b-9868-57a2d4851a1d" />
    <TestEntry testId="9bdf6be6-679b-a437-2d7b-01ddb8e09c21" executionId="4fcee7aa-63db-4996-b34d-fc4cf3390526" testListId="8c84fa94-04c1-424b-9868-57a2d4851a1d" />
    <TestEntry testId="7341f2f1-623e-04bc-4ea8-e3b71c886ef5" executionId="f9647d2d-7a52-40e3-8e58-da0d3fcf0b09" testListId="8c84fa94-04c1-424b-9868-57a2d4851a1d" />
    <TestEntry testId="7241ecbf-979e-5b9f-7aca-ffdd31253757" executionId="5b9b2a5a-7325-4fb4-a06b-9bea10aa09d8" testListId="8c84fa94-04c1-424b-9868-57a2d4851a1d" />
    <TestEntry testId="2a30ad3f-331e-98be-137e-2f154bc8be13" executionId="e3b1c216-a9d8-40a3-a7cb-7e233870523e" testListId="8c84fa94-04c1-424b-9868-57a2d4851a1d" />
    <TestEntry testId="5c3a4771-d4a0-52de-dd7b-0c1992f41eea" executionId="4433c11e-ad7f-45eb-8015-6f79d8e58b20" testListId="8c84fa94-04c1-424b-9868-57a2d4851a1d" />
    <TestEntry testId="f2149233-5db2-c743-b97a-4f8111db9b32" executionId="1551fb32-6671-42fd-b8eb-7880f8387711" testListId="8c84fa94-04c1-424b-9868-57a2d4851a1d" />
    <TestEntry testId="825d1feb-387a-a099-318b-03cd17d95884" executionId="9906adbb-f302-47d9-a710-aaef89519e8a" testListId="8c84fa94-04c1-424b-9868-57a2d4851a1d" />
    <TestEntry testId="ecd5a7ff-d01e-b972-8929-8cd318d1ee7d" executionId="1496451e-aad8-47e7-86b4-2139653c35fb" testListId="8c84fa94-04c1-424b-9868-57a2d4851a1d" />
    <TestEntry testId="1be79a82-4540-d1d8-b0ad-e2dc07743e1c" executionId="f03b8ae0-bb35-43f2-999a-a69e9680f475" testListId="8c84fa94-04c1-424b-9868-57a2d4851a1d" />
    <TestEntry testId="2331fc6c-4bea-8cac-e7a0-f9f9299e3180" executionId="c2d4f5dd-23c0-49cc-a057-a2deeb1c42c1" testListId="8c84fa94-04c1-424b-9868-57a2d4851a1d" />
    <TestEntry testId="328dbfdf-4def-bb23-125d-ff72ae5a4d4b" executionId="ec5695ab-7ac1-498f-ba23-744948faaa3a" testListId="8c84fa94-04c1-424b-9868-57a2d4851a1d" />
    <TestEntry testId="469b6c93-9fac-5d69-6a28-11af7773706e" executionId="168f44c9-925a-49a1-a955-16e2c98e6d8b" testListId="8c84fa94-04c1-424b-9868-57a2d4851a1d" />
    <TestEntry testId="824eaf78-9511-6d1e-a840-6111b3cf3560" executionId="6e3afabf-4baf-4140-a38d-f46b22771878" testListId="8c84fa94-04c1-424b-9868-57a2d4851a1d" />
    <TestEntry testId="85f8db25-08e3-c5ff-673d-ddf0ea1cff69" executionId="e64d9c61-23ac-4fed-a95d-7903a4f48274" testListId="8c84fa94-04c1-424b-9868-57a2d4851a1d" />
    <TestEntry testId="04a33173-dd27-f87b-e142-49d4c8f0a54d" executionId="227d240a-45d3-4230-be82-7715858d2a78" testListId="8c84fa94-04c1-424b-9868-57a2d4851a1d" />
    <TestEntry testId="cffec0a4-0735-bd68-40ca-007447faf3a4" executionId="f6b34856-b4ed-47d6-9e53-a39b4f5398b6" testListId="8c84fa94-04c1-424b-9868-57a2d4851a1d" />
    <TestEntry testId="9b7fbb39-62bc-644c-3f1a-6c61e49b24e2" executionId="0f96f332-e638-4de3-8f56-2cba8e7c3b38" testListId="8c84fa94-04c1-424b-9868-57a2d4851a1d" />
    <TestEntry testId="893bfa2a-e628-42ae-9303-9a66c7e9adb7" executionId="905a195e-41aa-4c01-8af2-834a11317ba7" testListId="8c84fa94-04c1-424b-9868-57a2d4851a1d" />
    <TestEntry testId="618706d2-7899-9b7b-ba2a-094e454958cf" executionId="1a5e19ed-9f31-4f2a-808a-6d8d611fbfe3" testListId="8c84fa94-04c1-424b-9868-57a2d4851a1d" />
    <TestEntry testId="1940be6f-406b-ef77-8b0e-113e4ddcb48a" executionId="d5a76d80-7e17-449e-85cf-82fd62929968" testListId="8c84fa94-04c1-424b-9868-57a2d4851a1d" />
    <TestEntry testId="d3f769b6-e65d-f0aa-ddc3-00370a2e8125" executionId="15d0683f-65bf-4249-988e-7c67a03ca9d6" testListId="8c84fa94-04c1-424b-9868-57a2d4851a1d" />
    <TestEntry testId="e1df1135-fb1f-3f72-52ea-c87f692f1872" executionId="bac44d2c-19cf-4dc6-963b-19a60e60b669" testListId="8c84fa94-04c1-424b-9868-57a2d4851a1d" />
    <TestEntry testId="9c8cbadd-bbed-fa42-4b60-809c665cd1a4" executionId="f9963beb-f1ba-4bfd-9a6d-de560cf2d006" testListId="8c84fa94-04c1-424b-9868-57a2d4851a1d" />
    <TestEntry testId="76814338-82a2-b37a-b9d9-4f9c44ce8e19" executionId="1ba61951-9d3b-436a-bbd3-ce121c06168d" testListId="8c84fa94-04c1-424b-9868-57a2d4851a1d" />
    <TestEntry testId="86bf28b8-8ce1-1336-8ba5-dad3c8d27587" executionId="cadc4c79-b895-43e2-a5a4-23077679cefe" testListId="8c84fa94-04c1-424b-9868-57a2d4851a1d" />
    <TestEntry testId="db259640-9517-9e3b-80ae-9c90890e1bcb" executionId="4ead9c15-06f1-4419-bd47-f428b5aaa4ab" testListId="8c84fa94-04c1-424b-9868-57a2d4851a1d" />
    <TestEntry testId="a347653d-56d8-e3e1-c5d9-0a7195129966" executionId="2c1edb0f-9d24-4b15-beea-0b62bbf53486" testListId="8c84fa94-04c1-424b-9868-57a2d4851a1d" />
    <TestEntry testId="b7cbd4e0-3d1b-4983-f117-98cf6087ec31" executionId="f4a54b42-9f50-4e5b-873e-5cb6abf0cc62" testListId="8c84fa94-04c1-424b-9868-57a2d4851a1d" />
    <TestEntry testId="7b75fd0b-13cd-07c8-f99d-280f138e0f65" executionId="d1266509-f2c7-43f5-86ea-48e3116d9f3b" testListId="8c84fa94-04c1-424b-9868-57a2d4851a1d" />
    <TestEntry testId="9ab18920-747e-904b-c9f1-093c90b0dc2a" executionId="7a812bfc-6bc2-41f6-ac6a-2ca218380c1a" testListId="8c84fa94-04c1-424b-9868-57a2d4851a1d" />
    <TestEntry testId="217b34cb-7ead-a498-b662-ce6fd17d7161" executionId="868c42aa-10d2-4988-8447-a5c8fb575168" testListId="8c84fa94-04c1-424b-9868-57a2d4851a1d" />
    <TestEntry testId="0989f891-5100-4954-a1d3-1b2ec9bc06db" executionId="b3214f6b-c127-4789-bbc8-7d0b652c79f8" testListId="8c84fa94-04c1-424b-9868-57a2d4851a1d" />
    <TestEntry testId="c3b8ce29-39ba-dac7-c78f-20fe2f67c774" executionId="beab343d-8013-465e-bd5e-28e7aed42c4e" testListId="8c84fa94-04c1-424b-9868-57a2d4851a1d" />
    <TestEntry testId="15ce45c8-1c40-ad16-f9e1-9bd9c36f7d92" executionId="4a02f101-c4c1-4370-8d44-7f70d9c75ca7" testListId="8c84fa94-04c1-424b-9868-57a2d4851a1d" />
    <TestEntry testId="9875e3cb-a52c-72da-f7a8-cd1958e9e05d" executionId="e5c7fc19-d85b-4683-afb9-7ec77485ae7d" testListId="8c84fa94-04c1-424b-9868-57a2d4851a1d" />
    <TestEntry testId="4c510a6e-e7c1-d666-698f-9d3f71c9b262" executionId="c8ef4fe4-500b-4822-bd33-235a30c1bdae" testListId="8c84fa94-04c1-424b-9868-57a2d4851a1d" />
    <TestEntry testId="484ca05d-711d-5c33-b9ab-f92685bce023" executionId="d252837c-346d-4cf5-bdf9-17f1436b65a7" testListId="8c84fa94-04c1-424b-9868-57a2d4851a1d" />
    <TestEntry testId="e17193a1-0db6-f111-2b7a-d0d6fc175ade" executionId="a2977155-ae4a-4234-8b78-9bdc59781256" testListId="8c84fa94-04c1-424b-9868-57a2d4851a1d" />
    <TestEntry testId="ca35c9c3-001f-638b-cf1a-12403b970196" executionId="da545182-a19b-41bb-ac4a-146fd33b89d9" testListId="8c84fa94-04c1-424b-9868-57a2d4851a1d" />
    <TestEntry testId="02da98c3-6b97-fec6-2511-2d21eb185318" executionId="7619db34-d156-430d-9579-3f39443dee47" testListId="8c84fa94-04c1-424b-9868-57a2d4851a1d" />
    <TestEntry testId="8d26cb13-af54-ad12-9092-30887c4edca0" executionId="f502e99d-19e4-4b24-babe-b236c2473bb5" testListId="8c84fa94-04c1-424b-9868-57a2d4851a1d" />
    <TestEntry testId="e9ef7ba1-e208-e040-b931-43b431f5f02a" executionId="82d5f2d5-aa48-4f9f-b8c5-feb4b510b5a4" testListId="8c84fa94-04c1-424b-9868-57a2d4851a1d" />
    <TestEntry testId="53d17ed2-22de-e562-cbcf-ccb8507b8c99" executionId="e36d7101-b690-4664-864b-75adcc0b4b75" testListId="8c84fa94-04c1-424b-9868-57a2d4851a1d" />
    <TestEntry testId="d0c286ed-22ff-8429-8463-fe09a654e542" executionId="59a77a31-1530-4b23-b73f-85f5e8cd9bcd" testListId="8c84fa94-04c1-424b-9868-57a2d4851a1d" />
    <TestEntry testId="a95939d0-bc91-4ab0-3fdc-587cd08779e6" executionId="591cc96d-52a6-472a-825c-47a50db61fb8" testListId="8c84fa94-04c1-424b-9868-57a2d4851a1d" />
    <TestEntry testId="bf5ee36e-3682-8989-b013-f0a312f9945d" executionId="0e42a0cb-b22c-4d2b-8d77-c8fa09763d9e" testListId="8c84fa94-04c1-424b-9868-57a2d4851a1d" />
    <TestEntry testId="59e73b23-8838-c997-ccca-0d02f0d31aba" executionId="650841c0-974b-402e-b0f5-4f98a0c46168" testListId="8c84fa94-04c1-424b-9868-57a2d4851a1d" />
    <TestEntry testId="5379854c-5a53-d1d1-17a2-fdf8ef07efce" executionId="ddeb3191-bd98-4609-9f12-22f93f382a3a" testListId="8c84fa94-04c1-424b-9868-57a2d4851a1d" />
    <TestEntry testId="35417e9f-65af-e858-a191-68ecabdeb63c" executionId="87d1aff0-6550-4aea-a1aa-e2f3bb105b3f" testListId="8c84fa94-04c1-424b-9868-57a2d4851a1d" />
    <TestEntry testId="efeff71f-bf3b-2d24-4028-655336e31331" executionId="779e9fd4-3924-4cb0-a343-e771a33b3701" testListId="8c84fa94-04c1-424b-9868-57a2d4851a1d" />
    <TestEntry testId="95dbcce7-6bb4-a762-7a18-8841c3b7477e" executionId="0b029cc1-d067-437f-8ae7-eb001859db93" testListId="8c84fa94-04c1-424b-9868-57a2d4851a1d" />
    <TestEntry testId="2aeb6082-964c-c7ba-b810-10d68371df21" executionId="bcd3bc6b-1b92-4902-8394-62093da1263a" testListId="8c84fa94-04c1-424b-9868-57a2d4851a1d" />
    <TestEntry testId="624965f1-f73b-d58a-ebaa-ff6bad05c7c8" executionId="bfd5328e-e6ed-477b-9d16-0e6b97cf90fe" testListId="8c84fa94-04c1-424b-9868-57a2d4851a1d" />
    <TestEntry testId="e2feb5aa-10d8-0e28-7457-57e55c9df55d" executionId="bbae3936-127b-476b-847f-626190c676a6" testListId="8c84fa94-04c1-424b-9868-57a2d4851a1d" />
    <TestEntry testId="487d6f91-ec82-e947-a26f-7f86a9428ee4" executionId="229caef8-c257-4d2a-9cee-92b6314fe311" testListId="8c84fa94-04c1-424b-9868-57a2d4851a1d" />
    <TestEntry testId="1a96ff41-b719-51eb-38ba-9a20c45ec1c0" executionId="32d48379-1c85-40dc-9a49-4fdc5faf7ec1" testListId="8c84fa94-04c1-424b-9868-57a2d4851a1d" />
    <TestEntry testId="26272422-d4f8-7037-4e23-a6928ea25dc4" executionId="d114756a-77e9-4c11-b348-65158fb09b43" testListId="8c84fa94-04c1-424b-9868-57a2d4851a1d" />
    <TestEntry testId="d8660ccf-e9fb-f3f2-5b1a-a33f0ec3a7f9" executionId="6497fd3c-b53a-480e-88f6-cc03243b507a" testListId="8c84fa94-04c1-424b-9868-57a2d4851a1d" />
    <TestEntry testId="e26f4201-f75a-1586-7de9-98e66dbcbc84" executionId="f83bdc74-2126-4f24-8156-d56cb991279f" testListId="8c84fa94-04c1-424b-9868-57a2d4851a1d" />
    <TestEntry testId="7c2cff16-4b49-5546-a9ec-2c5f3e66c7c9" executionId="c1c92561-78bf-4389-9063-a09c0cfc8f31" testListId="8c84fa94-04c1-424b-9868-57a2d4851a1d" />
    <TestEntry testId="78283b39-3890-a1d3-9ab2-4d160980e1be" executionId="efd99fc5-54e6-4da1-9582-47acf17ada1b" testListId="8c84fa94-04c1-424b-9868-57a2d4851a1d" />
    <TestEntry testId="5fa49e27-1d01-1ee0-f151-f9eef3c86726" executionId="9db62160-a214-4cba-9abf-04c1ac4fa615" testListId="8c84fa94-04c1-424b-9868-57a2d4851a1d" />
    <TestEntry testId="d0c69e26-be65-9bf9-b821-acb98b3795b6" executionId="0c808d27-d69b-4824-b477-e42179339088" testListId="8c84fa94-04c1-424b-9868-57a2d4851a1d" />
    <TestEntry testId="57a9c9bd-7aac-1cf5-4fa5-9b6213eb2353" executionId="3b65a225-750d-4836-8058-ba9fe7f7f0b6" testListId="8c84fa94-04c1-424b-9868-57a2d4851a1d" />
    <TestEntry testId="c051c3d6-6fa6-30da-17a5-284e0224c441" executionId="92a716a8-d737-40fc-b17f-d5a1c2ebda1f" testListId="8c84fa94-04c1-424b-9868-57a2d4851a1d" />
    <TestEntry testId="ef295aad-d648-2382-a38b-fad29187f889" executionId="9f73121e-59ae-40e9-9df9-92b2646e28ed" testListId="8c84fa94-04c1-424b-9868-57a2d4851a1d" />
    <TestEntry testId="74b712ed-fbd1-84c8-6671-8b363a4b5ed4" executionId="b8e665cf-3b82-4b63-b5d7-0679d545ba39" testListId="8c84fa94-04c1-424b-9868-57a2d4851a1d" />
    <TestEntry testId="5dae9a01-046a-f6ce-125e-8a65c01a7e5f" executionId="db801fcb-dc1f-46cb-aa10-e208a845f44c" testListId="8c84fa94-04c1-424b-9868-57a2d4851a1d" />
    <TestEntry testId="12d56131-e9bc-1619-235b-368a698f6d39" executionId="d40a446d-7198-46ab-9598-bca34f87eb70" testListId="8c84fa94-04c1-424b-9868-57a2d4851a1d" />
    <TestEntry testId="9677838f-755f-92eb-b624-4016402ab1a7" executionId="d8be7017-74f2-463b-aa31-818393266197" testListId="8c84fa94-04c1-424b-9868-57a2d4851a1d" />
    <TestEntry testId="fab418cf-6bc8-0f0e-ccf8-b1c92a0d3fce" executionId="58fdec4e-24da-4bf6-ac6e-867fdbb1d90d" testListId="8c84fa94-04c1-424b-9868-57a2d4851a1d" />
    <TestEntry testId="69d83804-d135-97e0-cd5d-24d6995ecaae" executionId="ba164133-8839-4692-95e8-793098cf9563" testListId="8c84fa94-04c1-424b-9868-57a2d4851a1d" />
    <TestEntry testId="1450abbf-3f6f-84ee-5bf5-58b6a156daad" executionId="65b7dc21-1b82-46d9-a36f-cc086c68100f" testListId="8c84fa94-04c1-424b-9868-57a2d4851a1d" />
    <TestEntry testId="5db8d586-9bdd-f2f1-2cdf-0a275641de5c" executionId="164f873a-33b7-4d22-84c2-71c16b1aa3eb" testListId="8c84fa94-04c1-424b-9868-57a2d4851a1d" />
    <TestEntry testId="2064700c-6f91-e3dc-35f9-2c8f881cad5d" executionId="53221f0a-51a5-4819-a95c-80c3097ce088" testListId="8c84fa94-04c1-424b-9868-57a2d4851a1d" />
    <TestEntry testId="a63deb4a-f738-6f93-7e6a-2f1713f5f8cf" executionId="e705e0ff-5e6c-4c70-8187-f3141248cc4f" testListId="8c84fa94-04c1-424b-9868-57a2d4851a1d" />
    <TestEntry testId="c740ea7a-936a-f8a7-b7c9-049f3bff5d99" executionId="a37b9710-cd59-4a95-9d98-0db78a6b539d" testListId="8c84fa94-04c1-424b-9868-57a2d4851a1d" />
    <TestEntry testId="0e9626a5-9809-f247-3da5-380f0b656e38" executionId="04406a4e-59f2-489e-bfab-6167122c2331" testListId="8c84fa94-04c1-424b-9868-57a2d4851a1d" />
    <TestEntry testId="2ea5ebff-e198-bbe0-8f1b-ba83de437259" executionId="b7f6c700-1705-4a4b-980a-b1bb08c2d162" testListId="8c84fa94-04c1-424b-9868-57a2d4851a1d" />
    <TestEntry testId="10f0f18f-7ed1-ca79-53c0-05985c3eca4f" executionId="b10ee5cf-a4c0-419a-96eb-58be665f9601" testListId="8c84fa94-04c1-424b-9868-57a2d4851a1d" />
    <TestEntry testId="7e7a9ceb-8f29-c0e4-9bb3-61e83e1849ac" executionId="accbc400-c7a1-474b-ad1c-8bc0562bd9a9" testListId="8c84fa94-04c1-424b-9868-57a2d4851a1d" />
    <TestEntry testId="80d6adb4-1650-27fd-08b7-0698f3bcab62" executionId="10e5478b-e4ce-4bca-bf54-088a4f10a0f9" testListId="8c84fa94-04c1-424b-9868-57a2d4851a1d" />
    <TestEntry testId="75c84b18-5930-e3eb-1c9d-234697afe954" executionId="61a623d8-1867-464f-9675-353f00dc67ee" testListId="8c84fa94-04c1-424b-9868-57a2d4851a1d" />
    <TestEntry testId="b4effb3d-cc26-3654-999a-ddddff047e3e" executionId="faa291f6-3235-4a89-b7e1-d87fea52cd72" testListId="8c84fa94-04c1-424b-9868-57a2d4851a1d" />
    <TestEntry testId="078b3ec7-5533-42ae-fe07-24c5f6492295" executionId="d7eea00b-fc79-44f4-aa7d-cbb0cbd103f7" testListId="8c84fa94-04c1-424b-9868-57a2d4851a1d" />
    <TestEntry testId="c648d94e-d167-b7e5-f8a4-f61682d6b498" executionId="1cad49c2-5683-421a-938b-bb50c14fa32d" testListId="8c84fa94-04c1-424b-9868-57a2d4851a1d" />
    <TestEntry testId="68568c0e-34c8-ee1e-1dbe-2e08270bc44b" executionId="292d88ff-17fe-477b-9fb3-d9974f3b2bc6" testListId="8c84fa94-04c1-424b-9868-57a2d4851a1d" />
    <TestEntry testId="596a5c3c-35ff-af51-fc81-aafd59c18aba" executionId="b2219fab-fcc0-4246-8848-93840d6a737d" testListId="8c84fa94-04c1-424b-9868-57a2d4851a1d" />
    <TestEntry testId="e359e0a0-3df0-393a-8d03-bb1e07ac5842" executionId="68e8ba07-2d4f-427b-b2d1-d8087a034f1d" testListId="8c84fa94-04c1-424b-9868-57a2d4851a1d" />
    <TestEntry testId="4a973728-cdf0-1276-f8b9-506e643591d0" executionId="43e12f88-e804-4846-a4cf-3c8cc0b6041b" testListId="8c84fa94-04c1-424b-9868-57a2d4851a1d" />
    <TestEntry testId="766aedf0-1025-25df-52bf-1821751fde22" executionId="7a3df3b8-2fd9-49e8-9450-6fc987019ff2" testListId="8c84fa94-04c1-424b-9868-57a2d4851a1d" />
    <TestEntry testId="aad2a8a3-0e2b-7c11-cf00-d860c0fd450d" executionId="cedf1305-a19b-4dd1-b95c-75c31d0d251f" testListId="8c84fa94-04c1-424b-9868-57a2d4851a1d" />
    <TestEntry testId="91802298-d623-8d8a-fccc-abace55a9769" executionId="f31c360f-72b8-4ba5-9f06-47a7afd77f63" testListId="8c84fa94-04c1-424b-9868-57a2d4851a1d" />
    <TestEntry testId="9722fc3f-ffbb-0af0-c32b-f61197bc1583" executionId="7e131863-6895-4f1a-874f-1067b1a0544b" testListId="8c84fa94-04c1-424b-9868-57a2d4851a1d" />
    <TestEntry testId="52965488-cd13-96ff-31e1-362756910ed0" executionId="1e2af53e-34e9-4f90-9d10-7d0522ec5a52" testListId="8c84fa94-04c1-424b-9868-57a2d4851a1d" />
    <TestEntry testId="e62fee80-9dfe-a687-8358-e8b2265e2f86" executionId="531fe9da-e618-490b-9f60-1ec952c7d53c" testListId="8c84fa94-04c1-424b-9868-57a2d4851a1d" />
    <TestEntry testId="8ec4ce01-a20c-7b36-74f2-fb2d170afbcc" executionId="00d1373c-96e8-44de-b572-975338ed8e73" testListId="8c84fa94-04c1-424b-9868-57a2d4851a1d" />
    <TestEntry testId="06314961-77c9-bb6b-859e-bd58a43c855a" executionId="862c5d02-77e6-448d-b775-21a741158c93" testListId="8c84fa94-04c1-424b-9868-57a2d4851a1d" />
    <TestEntry testId="c04a2885-1a6b-f616-ed37-b797f5e7a2b5" executionId="42ca432a-a734-4ebb-bd34-1740967dc4cf" testListId="8c84fa94-04c1-424b-9868-57a2d4851a1d" />
    <TestEntry testId="371b90b8-b56b-cd39-df1f-1e1867989cd4" executionId="90980994-c762-4c1b-899f-b9fceedaed0c" testListId="8c84fa94-04c1-424b-9868-57a2d4851a1d" />
    <TestEntry testId="fb833b07-008c-f7f9-992f-8ff1461aee58" executionId="404e8928-c016-4dc9-b383-7673c9e89b3f" testListId="8c84fa94-04c1-424b-9868-57a2d4851a1d" />
    <TestEntry testId="50005701-4e76-813c-4c2a-0aeaa0b08c54" executionId="535573e6-e066-4c3c-adee-86c00914913b" testListId="8c84fa94-04c1-424b-9868-57a2d4851a1d" />
    <TestEntry testId="e9ae2e0f-6b3f-5be8-70ce-4694a8f58dae" executionId="93044cd6-c351-4241-a83d-f56f35392eac" testListId="8c84fa94-04c1-424b-9868-57a2d4851a1d" />
    <TestEntry testId="f8e28254-23d5-b0b0-b7ed-64dc6b50aefc" executionId="97a8255d-ec77-40a8-8962-a9f498bc1a6b" testListId="8c84fa94-04c1-424b-9868-57a2d4851a1d" />
    <TestEntry testId="5273d87f-049e-5fea-7cda-09d7433064b5" executionId="4736f748-a500-4158-8d24-47faf7f5b1c7" testListId="8c84fa94-04c1-424b-9868-57a2d4851a1d" />
    <TestEntry testId="3f4c7994-738d-fc20-0252-4c17d79fc0b9" executionId="be857280-da6d-49b4-8dcc-677719f1cfc6" testListId="8c84fa94-04c1-424b-9868-57a2d4851a1d" />
    <TestEntry testId="6fcbe503-297d-7842-0021-2fffe82802e1" executionId="c555438b-fce7-4840-af5b-fd719cda8c11" testListId="8c84fa94-04c1-424b-9868-57a2d4851a1d" />
    <TestEntry testId="cf0cf77f-c694-949f-3294-26fdc5a95a90" executionId="17b7592b-6142-436e-9b2e-f7843025ea92" testListId="8c84fa94-04c1-424b-9868-57a2d4851a1d" />
    <TestEntry testId="469e0c96-5460-1d7e-389d-3f6fffba4b8a" executionId="41dbef45-fb79-4e40-b564-28e71b284ac7" testListId="8c84fa94-04c1-424b-9868-57a2d4851a1d" />
    <TestEntry testId="2c38eb3c-edb8-62c6-4b8c-05eb78ccfdcb" executionId="06cb535f-b1c2-40b2-ae4e-07f8a201589f" testListId="8c84fa94-04c1-424b-9868-57a2d4851a1d" />
    <TestEntry testId="a2e081e8-4047-25ab-0438-a7e5e3258edc" executionId="d6459165-670c-412a-9922-8545564b026e" testListId="8c84fa94-04c1-424b-9868-57a2d4851a1d" />
    <TestEntry testId="597c0929-a1e8-1644-f547-192d44b9f5a9" executionId="b076d128-22c5-4e13-8464-6b1908e5d5bb" testListId="8c84fa94-04c1-424b-9868-57a2d4851a1d" />
    <TestEntry testId="dfa4a51a-f529-aa33-50fa-2784e6e059d7" executionId="e2ff992e-b8cd-4a06-bb85-181bae9a5ce7" testListId="8c84fa94-04c1-424b-9868-57a2d4851a1d" />
    <TestEntry testId="061c9b44-4e7b-9dd1-a613-5572fd2e77a2" executionId="762cb8e1-65e9-44d9-a1b3-cefb1aa440b1" testListId="8c84fa94-04c1-424b-9868-57a2d4851a1d" />
    <TestEntry testId="4a82ea03-a3c5-0a38-f23a-d165535cebee" executionId="f93a062d-79b9-4939-acf4-73cb786c8871" testListId="8c84fa94-04c1-424b-9868-57a2d4851a1d" />
    <TestEntry testId="4f24a41b-bda1-7ca6-f90e-e5465e1622b7" executionId="5b5cfb46-df56-40a4-96e6-ee77bb3309ab" testListId="8c84fa94-04c1-424b-9868-57a2d4851a1d" />
    <TestEntry testId="c662972b-d138-6dfa-90dd-ad50777013ca" executionId="47d238d0-d9c9-43f9-8aa6-b6667578debf" testListId="8c84fa94-04c1-424b-9868-57a2d4851a1d" />
    <TestEntry testId="4661b4dd-f151-45f0-8c5b-9b4bd76bb272" executionId="b711ae28-75d7-470b-b383-7e7c3417bcc7" testListId="8c84fa94-04c1-424b-9868-57a2d4851a1d" />
    <TestEntry testId="1457cccf-2f12-2f87-797e-265b2a1cb863" executionId="53f91aa6-813e-4174-b9b9-6b27eb56866e" testListId="8c84fa94-04c1-424b-9868-57a2d4851a1d" />
    <TestEntry testId="86b90298-7079-4f14-fd5e-ec1d4595e4d7" executionId="70237e6e-3333-4e73-8d6e-c38265419981" testListId="8c84fa94-04c1-424b-9868-57a2d4851a1d" />
    <TestEntry testId="b4fd159a-ccfe-eae2-8457-eea5e622067d" executionId="4160d0e2-fdfe-49e8-b3f1-18bae08c1a4f" testListId="8c84fa94-04c1-424b-9868-57a2d4851a1d" />
    <TestEntry testId="0d6e2af5-6eb0-8801-3d1a-a1a6adc43bf5" executionId="dcf38e29-2627-42c3-a41f-cfd9a98ce368" testListId="8c84fa94-04c1-424b-9868-57a2d4851a1d" />
    <TestEntry testId="c1e8a5aa-8ce5-ec77-4374-273fc0e9a25b" executionId="5c108613-4249-4696-99cf-3f342414f196" testListId="8c84fa94-04c1-424b-9868-57a2d4851a1d" />
    <TestEntry testId="a09877a3-2e7a-2013-5f63-728327952c1b" executionId="b8a70ad1-8e69-4717-b81f-71b96b4ac23d" testListId="8c84fa94-04c1-424b-9868-57a2d4851a1d" />
    <TestEntry testId="f1d97ee1-bf32-14e7-b1d7-279e0f139936" executionId="e6bf455d-a004-41bf-b992-3e4386f261f6" testListId="8c84fa94-04c1-424b-9868-57a2d4851a1d" />
    <TestEntry testId="60527f47-88dc-f9e7-77dd-a011437721a0" executionId="e5880b9e-0917-49d2-a086-01a7d31b39a0" testListId="8c84fa94-04c1-424b-9868-57a2d4851a1d" />
    <TestEntry testId="f68843e7-158e-831f-4c10-632acd4e930e" executionId="92cb3a75-0840-4370-bd55-39ce1e7ce9f4" testListId="8c84fa94-04c1-424b-9868-57a2d4851a1d" />
    <TestEntry testId="abf27167-38f9-fa2d-5f0d-d154f5c58e22" executionId="cae5cfaa-1453-47e1-b314-550186716b5a" testListId="8c84fa94-04c1-424b-9868-57a2d4851a1d" />
    <TestEntry testId="e94bed32-14b0-960f-eb57-dc27cfa1c718" executionId="95ab7556-0959-4d46-95fd-654e4037ee7e" testListId="8c84fa94-04c1-424b-9868-57a2d4851a1d" />
    <TestEntry testId="5b9fc78a-473b-aaeb-4c48-30186e186680" executionId="bb200e92-44db-4547-8753-4665c0645455" testListId="8c84fa94-04c1-424b-9868-57a2d4851a1d" />
    <TestEntry testId="182ba1dd-289f-5383-2549-e8808bb99a81" executionId="365d8f84-e03e-4d71-bba8-e01cb772f9a8" testListId="8c84fa94-04c1-424b-9868-57a2d4851a1d" />
    <TestEntry testId="170cfc08-636a-63ed-5221-e2262930e959" executionId="ba635ff2-9b99-4f71-a7e9-98263f148e33" testListId="8c84fa94-04c1-424b-9868-57a2d4851a1d" />
    <TestEntry testId="4820a864-02ac-6cba-a615-5484ed479c37" executionId="f74545ba-45ec-4b85-8a76-57a7dea8f9e9" testListId="8c84fa94-04c1-424b-9868-57a2d4851a1d" />
    <TestEntry testId="73bca2cb-d580-dcde-6dcb-4db8cdd3835c" executionId="34a2387e-3516-4b27-a714-3cead527f4b2" testListId="8c84fa94-04c1-424b-9868-57a2d4851a1d" />
    <TestEntry testId="8dc52a42-3fb1-8a7a-e748-c03fb8da71f9" executionId="82061bcf-b929-4d67-8a90-1e64fa0e4c8c" testListId="8c84fa94-04c1-424b-9868-57a2d4851a1d" />
    <TestEntry testId="2ac88b5e-e21a-d704-0b31-d00edcc113ea" executionId="a4f12f05-0976-48f9-8fb6-24a045f8b5ca" testListId="8c84fa94-04c1-424b-9868-57a2d4851a1d" />
    <TestEntry testId="292fba1d-7bf1-dc92-ffbb-4d7847468fdb" executionId="1d76caf7-2c81-4da4-801a-cab62f380f15" testListId="8c84fa94-04c1-424b-9868-57a2d4851a1d" />
    <TestEntry testId="fd9dd396-864e-bc54-1efb-7212fdfa608f" executionId="e1b9f635-3fcc-468a-85e8-c24bb88ffe0a" testListId="8c84fa94-04c1-424b-9868-57a2d4851a1d" />
    <TestEntry testId="a860f282-2bfd-515f-3a93-910c002485cc" executionId="64e69589-a502-4525-84b9-e67cde33fe7c" testListId="8c84fa94-04c1-424b-9868-57a2d4851a1d" />
    <TestEntry testId="f679d789-790d-8c95-7867-cc39f97820ab" executionId="2f975f24-9a7f-4dd4-b7f8-0089e49ffacd" testListId="8c84fa94-04c1-424b-9868-57a2d4851a1d" />
    <TestEntry testId="c9999e9d-a2c2-81ee-78a6-a171e8eb25b6" executionId="aad311ff-de19-4400-bfe3-4868647958d2" testListId="8c84fa94-04c1-424b-9868-57a2d4851a1d" />
    <TestEntry testId="97959581-8ba4-69c8-edd6-1f5a9e44d9f3" executionId="b3b7fa4b-fda3-42ef-8d24-e029981ceabc" testListId="8c84fa94-04c1-424b-9868-57a2d4851a1d" />
    <TestEntry testId="51779749-eb06-67d7-ac51-34b3fe85d9f2" executionId="00003c1c-16b6-4544-857a-f92f9313f625" testListId="8c84fa94-04c1-424b-9868-57a2d4851a1d" />
    <TestEntry testId="fae6bee7-dad5-2e49-f8db-0f9ebd7161b5" executionId="54322d3d-0a94-418a-9d2c-e7b0c2f0a286" testListId="8c84fa94-04c1-424b-9868-57a2d4851a1d" />
    <TestEntry testId="aaf6cbc2-ec71-9fc8-a293-327af94ed168" executionId="f802cafe-1d7e-43d5-8524-1f3de5b7a82c" testListId="8c84fa94-04c1-424b-9868-57a2d4851a1d" />
    <TestEntry testId="84f1b030-6383-8d30-b4ad-7486433b5171" executionId="55bcfca0-5d4f-4d56-8893-7863afe4c4a1" testListId="8c84fa94-04c1-424b-9868-57a2d4851a1d" />
    <TestEntry testId="00254559-e169-8ef2-c047-eead4df50c27" executionId="a311e22b-f41e-4315-abf7-2f7aa8ed4f72" testListId="8c84fa94-04c1-424b-9868-57a2d4851a1d" />
    <TestEntry testId="b9c9bd7b-a356-33a0-bec3-574ce9bb28cd" executionId="3be05d46-59aa-4a74-891f-7e01fc56248b" testListId="8c84fa94-04c1-424b-9868-57a2d4851a1d" />
    <TestEntry testId="a631a206-782f-0ee2-cbfb-14156bf5a95d" executionId="0ab206a6-f039-40cc-8a38-6badd1bc0ff6" testListId="8c84fa94-04c1-424b-9868-57a2d4851a1d" />
    <TestEntry testId="8d948bad-7aae-8437-b7cf-1d0664eecab1" executionId="3d62e895-11ba-4a22-a9e7-f4f4a0272539" testListId="8c84fa94-04c1-424b-9868-57a2d4851a1d" />
    <TestEntry testId="c0e40020-563b-4172-51b7-b2482962237f" executionId="32f9fef9-cadb-4b0c-94f7-1da82d780114" testListId="8c84fa94-04c1-424b-9868-57a2d4851a1d" />
    <TestEntry testId="498a1b1e-8d55-58c9-df64-d8e209ece96d" executionId="3e4226f8-9ebf-4089-bd60-6c32ef31bc9f" testListId="8c84fa94-04c1-424b-9868-57a2d4851a1d" />
    <TestEntry testId="9cc90772-c03b-d2fd-fcc6-432c0e1d3d02" executionId="7646bc39-5f4d-476b-8189-6c5a075d2702" testListId="8c84fa94-04c1-424b-9868-57a2d4851a1d" />
    <TestEntry testId="4d252ac9-04ed-3b5d-a52f-389829aff074" executionId="200d7dcc-a8cc-49d1-a835-7dbba40a9d31" testListId="8c84fa94-04c1-424b-9868-57a2d4851a1d" />
    <TestEntry testId="107eabc5-a6da-8967-d62a-cc32fabff8f3" executionId="749f2fd3-efa6-4ba8-a632-ad8be00ae6c9" testListId="8c84fa94-04c1-424b-9868-57a2d4851a1d" />
    <TestEntry testId="f3f224e3-e84e-962f-40aa-9cfc22312b50" executionId="e7046799-380d-4937-a602-60ddea3872e7" testListId="8c84fa94-04c1-424b-9868-57a2d4851a1d" />
    <TestEntry testId="1388ff5c-50de-cc86-d0b2-d19866f62f9c" executionId="1b860038-3f6f-437e-8f70-b164dccc1240" testListId="8c84fa94-04c1-424b-9868-57a2d4851a1d" />
    <TestEntry testId="a024f1d8-2e1f-2d37-180c-daa8c0b2c5cc" executionId="7fa2c05e-9dd4-4350-a2b2-0dea5b15d668" testListId="8c84fa94-04c1-424b-9868-57a2d4851a1d" />
    <TestEntry testId="243a38ed-c867-ace0-0aff-40d6ccb324c5" executionId="4f9d613b-d67f-4dde-b931-ae289ae4d780" testListId="8c84fa94-04c1-424b-9868-57a2d4851a1d" />
    <TestEntry testId="0cdc9156-e241-29c7-9c82-8f6c7d7b3ba1" executionId="124eaa2a-2b7e-43f0-b6f2-a60753eba8b3" testListId="8c84fa94-04c1-424b-9868-57a2d4851a1d" />
    <TestEntry testId="1c33d3a5-e9a8-3b96-fe67-16f2048d3442" executionId="e74fce53-d13d-4e9f-95f2-9614684dfb14" testListId="8c84fa94-04c1-424b-9868-57a2d4851a1d" />
    <TestEntry testId="dc919844-0208-264a-0bb5-2c888b8b3b92" executionId="97464c2b-9847-4661-8bcd-a16fa95d4d06" testListId="8c84fa94-04c1-424b-9868-57a2d4851a1d" />
    <TestEntry testId="8092d438-12f2-7e26-e0aa-1c71621892eb" executionId="70c8d4d0-919f-40d4-9eae-86166e3005bd" testListId="8c84fa94-04c1-424b-9868-57a2d4851a1d" />
    <TestEntry testId="e044c42f-312e-1694-ede7-afdb126f7b59" executionId="b67b6392-05a2-46c6-b029-d406bd185cf7" testListId="8c84fa94-04c1-424b-9868-57a2d4851a1d" />
    <TestEntry testId="6ee2a6b6-87cf-4f98-5142-b8f7a01ffdac" executionId="1177df2f-5302-475e-82fb-166665bec94c" testListId="8c84fa94-04c1-424b-9868-57a2d4851a1d" />
    <TestEntry testId="00f0ffec-a595-7222-bdfe-f607c208c489" executionId="30f06b0f-733e-43bd-9e59-a3bf88e1b0f7" testListId="8c84fa94-04c1-424b-9868-57a2d4851a1d" />
    <TestEntry testId="a647f8bf-d41a-f3dd-efa0-b9a69b0bb3ad" executionId="6ed3fd81-0fb6-4e30-841b-7de5b5db5b58" testListId="8c84fa94-04c1-424b-9868-57a2d4851a1d" />
    <TestEntry testId="2cfbec6f-c817-94e4-b492-5c9f6bf6718c" executionId="25e80f75-cbf2-4395-953b-52dc786bf51a" testListId="8c84fa94-04c1-424b-9868-57a2d4851a1d" />
    <TestEntry testId="4d55b919-cb74-5705-c945-5f21a513e3c3" executionId="508e70f9-9722-4d36-ab74-116ad5d80a0b" testListId="8c84fa94-04c1-424b-9868-57a2d4851a1d" />
    <TestEntry testId="33e78198-6e35-ee3a-4817-ac31f5eb04e5" executionId="d6dfee6d-a230-415b-8631-d5355c225c6f" testListId="8c84fa94-04c1-424b-9868-57a2d4851a1d" />
    <TestEntry testId="27b086e7-540b-b83b-f35a-982c0ab0cbc8" executionId="9baa6af2-4d0e-420d-9de0-9ae4f78d78f3" testListId="8c84fa94-04c1-424b-9868-57a2d4851a1d" />
    <TestEntry testId="80f1ea91-f20c-3fe2-9335-c00d37b77bfe" executionId="50abb17f-ea48-4ad9-822d-3f63cadea8ac" testListId="8c84fa94-04c1-424b-9868-57a2d4851a1d" />
    <TestEntry testId="04fd156f-1311-1a60-97f8-b90dfc097408" executionId="a662fdef-6b14-4501-866e-1071081b4c3d" testListId="8c84fa94-04c1-424b-9868-57a2d4851a1d" />
    <TestEntry testId="8ea11245-4b23-1ae1-1f5a-096bf899de32" executionId="e3c3e7d9-a9a7-422f-805e-1e5f304eda02" testListId="8c84fa94-04c1-424b-9868-57a2d4851a1d" />
    <TestEntry testId="9830fed0-f3b1-1013-83a1-2f51def4ecef" executionId="c2c53158-c584-4eaf-b63d-84a2943d5f0f" testListId="8c84fa94-04c1-424b-9868-57a2d4851a1d" />
    <TestEntry testId="b3dd11fa-1c21-034f-f3e3-0c71df15bc38" executionId="f3e85896-f883-4973-af55-ae8fb1229dfa" testListId="8c84fa94-04c1-424b-9868-57a2d4851a1d" />
    <TestEntry testId="7dc6969e-8bf0-b82c-f625-3bdb02560a04" executionId="26c275d5-d18d-47a4-ba1f-47021017a07e" testListId="8c84fa94-04c1-424b-9868-57a2d4851a1d" />
    <TestEntry testId="bc9ba54a-2fb5-e003-6574-9e7614ab5c41" executionId="ebb88bdc-309d-4d4c-95f3-a3a20b0eb0a7" testListId="8c84fa94-04c1-424b-9868-57a2d4851a1d" />
    <TestEntry testId="82e08919-1e06-09d0-70c8-c88a837effc5" executionId="a230ddb8-21ff-4b1d-88ba-28d905abdf7f" testListId="8c84fa94-04c1-424b-9868-57a2d4851a1d" />
    <TestEntry testId="45eec0fb-e186-bb42-a930-4d27173912d7" executionId="3a2dc4f9-9ee5-4f2d-8e6c-26bc89c519be" testListId="8c84fa94-04c1-424b-9868-57a2d4851a1d" />
    <TestEntry testId="1fd0e503-2946-0380-c6ba-6e861fd9230a" executionId="65cc01db-cefc-4b4f-a66f-a9c9651b6e19" testListId="8c84fa94-04c1-424b-9868-57a2d4851a1d" />
    <TestEntry testId="cca527fc-7355-66ce-e26b-646f92cb6240" executionId="1314e82c-5432-404d-a95f-04d5495599c0" testListId="8c84fa94-04c1-424b-9868-57a2d4851a1d" />
    <TestEntry testId="3c2e5656-c20d-cd81-0dc8-a2c82efba4a6" executionId="23c70b1a-b3ec-4858-ac11-33fab25e7be6" testListId="8c84fa94-04c1-424b-9868-57a2d4851a1d" />
    <TestEntry testId="9ba4c605-3db2-635c-6ef2-1a1621029992" executionId="0fa724e9-2f51-447f-9408-65f4ec225a7a" testListId="8c84fa94-04c1-424b-9868-57a2d4851a1d" />
    <TestEntry testId="34c0a376-bddf-385d-f86f-b6c6ec724d5f" executionId="a22b7db9-69a7-426f-a5b1-a4ad089563c8" testListId="8c84fa94-04c1-424b-9868-57a2d4851a1d" />
    <TestEntry testId="5190f507-2af6-6fa6-ccdb-708f60c064f9" executionId="07034f14-26b1-4bd7-bc8c-72df1d20a1bd" testListId="8c84fa94-04c1-424b-9868-57a2d4851a1d" />
    <TestEntry testId="972a74a6-da00-3d42-6671-102dcbc602e4" executionId="84e97fcf-6637-48a5-933a-7d4b5641144a" testListId="8c84fa94-04c1-424b-9868-57a2d4851a1d" />
    <TestEntry testId="c5e813fd-3aed-02c3-2a3b-79c4d524cf83" executionId="865620bd-b0a6-43f1-8d6f-79772627b45c" testListId="8c84fa94-04c1-424b-9868-57a2d4851a1d" />
    <TestEntry testId="bc067060-4173-9d57-438c-1dc391d2bfb7" executionId="54632855-6368-4de0-aa8d-065ad79b4b8f" testListId="8c84fa94-04c1-424b-9868-57a2d4851a1d" />
    <TestEntry testId="e3b90b5a-190b-f8ce-6d90-a29ef6a98aff" executionId="ce774ebe-de51-423e-9190-b52483b8b0db" testListId="8c84fa94-04c1-424b-9868-57a2d4851a1d" />
    <TestEntry testId="d37396c4-706b-954c-813b-c11650de9149" executionId="f2766d05-8963-44b9-af08-b428a0fcb257" testListId="8c84fa94-04c1-424b-9868-57a2d4851a1d" />
    <TestEntry testId="b2074bfd-4f30-3e8e-980a-b5527779c4b5" executionId="718a28af-2349-4912-995e-71d75cc0d962" testListId="8c84fa94-04c1-424b-9868-57a2d4851a1d" />
    <TestEntry testId="38218c5f-ac75-6939-896c-2378cc353bab" executionId="edac87d1-96bd-481d-8737-8298748485a9" testListId="8c84fa94-04c1-424b-9868-57a2d4851a1d" />
    <TestEntry testId="872126b7-7065-f0ad-f014-e74b736f12f4" executionId="a8110b42-1649-4c5c-a218-6458c6d15fcb" testListId="8c84fa94-04c1-424b-9868-57a2d4851a1d" />
    <TestEntry testId="1db15543-6c02-69df-74e4-5c1a5a9ca3d4" executionId="df4e4a39-fac3-471d-9d8d-64c801979733" testListId="8c84fa94-04c1-424b-9868-57a2d4851a1d" />
    <TestEntry testId="de5f04a0-a300-b1b7-cb67-889e5c76d83e" executionId="6cfe9d0e-c301-49a7-951f-277a4dadc7c0" testListId="8c84fa94-04c1-424b-9868-57a2d4851a1d" />
    <TestEntry testId="24cbf3e1-4d91-3570-c7f6-21f982ff2130" executionId="7ffe5665-128b-42ab-8960-989a6a0c520b" testListId="8c84fa94-04c1-424b-9868-57a2d4851a1d" />
    <TestEntry testId="37dea49a-b52b-ae1d-b76e-4cf26b121918" executionId="a2a17bcb-1931-4703-8951-39c456673f08" testListId="8c84fa94-04c1-424b-9868-57a2d4851a1d" />
    <TestEntry testId="bcddb465-d4df-8ce2-78ba-0d4593ba74d4" executionId="d9f64c01-c64f-480d-a328-a68fe4f22e0f" testListId="8c84fa94-04c1-424b-9868-57a2d4851a1d" />
    <TestEntry testId="5f5ad44f-fb33-632b-1ec5-5b33da5768be" executionId="3651fc8b-b36d-4536-b40d-a3d3646ac606" testListId="8c84fa94-04c1-424b-9868-57a2d4851a1d" />
    <TestEntry testId="5a5472e0-863f-8bcc-020c-c51996b4074b" executionId="31a9460f-c5ef-4a69-9726-7423b3b41b76" testListId="8c84fa94-04c1-424b-9868-57a2d4851a1d" />
    <TestEntry testId="7b9c8f8f-5028-5630-dd51-5dcea7a4641b" executionId="47cdf11c-266c-40a8-8f0d-1187005c847f" testListId="8c84fa94-04c1-424b-9868-57a2d4851a1d" />
    <TestEntry testId="b5a8e6fe-503d-d02a-58b3-d380e0109a2c" executionId="03b2eaeb-673d-4b27-b97a-16c31fcb8abb" testListId="8c84fa94-04c1-424b-9868-57a2d4851a1d" />
    <TestEntry testId="957a389a-ebcf-d4a8-058e-fade6580961f" executionId="b8dd8710-67fc-4b04-bd82-e18e201a3458" testListId="8c84fa94-04c1-424b-9868-57a2d4851a1d" />
    <TestEntry testId="2b4996cd-aa90-8fba-96b2-0aa6bafb2530" executionId="d5b50947-c690-46ff-adf5-623a32603234" testListId="8c84fa94-04c1-424b-9868-57a2d4851a1d" />
    <TestEntry testId="b54d4d80-8505-fb58-e2fa-4b8054d9bef9" executionId="b9eb0204-7213-4444-9f7a-6429c40e5d6e" testListId="8c84fa94-04c1-424b-9868-57a2d4851a1d" />
    <TestEntry testId="dd6e6cd5-84b5-37d5-b1c8-b5d3d0dc803e" executionId="8b18e393-0149-45aa-be9c-f2f82069da1c" testListId="8c84fa94-04c1-424b-9868-57a2d4851a1d" />
    <TestEntry testId="5a17ed4c-ed1a-0df1-6542-c562df563b89" executionId="769a6a42-255f-4bd8-bd61-1addd3f5d370" testListId="8c84fa94-04c1-424b-9868-57a2d4851a1d" />
    <TestEntry testId="22bc1016-467b-6a9b-3539-1963215fc44a" executionId="76694394-dc16-4dff-9a67-107d982f5f5d" testListId="8c84fa94-04c1-424b-9868-57a2d4851a1d" />
    <TestEntry testId="cc0447ac-c3ff-2542-4d26-6d7b867f547a" executionId="c0391217-b847-4226-98f3-3330a4976911" testListId="8c84fa94-04c1-424b-9868-57a2d4851a1d" />
    <TestEntry testId="ab7ac89c-c820-fe44-1dff-643f4399c969" executionId="1a539c61-deb1-4118-a05e-d70102e864b3" testListId="8c84fa94-04c1-424b-9868-57a2d4851a1d" />
    <TestEntry testId="a602a36a-7b4c-e547-0dd4-13b0120dc23b" executionId="1179ca85-ea84-460a-a4a8-e772de8f627b" testListId="8c84fa94-04c1-424b-9868-57a2d4851a1d" />
    <TestEntry testId="645cd5c3-36ae-6109-a092-fe741c107a15" executionId="01d75b8b-89da-434a-964e-a4017ef554a2" testListId="8c84fa94-04c1-424b-9868-57a2d4851a1d" />
    <TestEntry testId="90c889fd-1955-6064-1f54-14f8cf703b7f" executionId="46b33c21-2102-46e5-bbc8-5ccbed50aac8" testListId="8c84fa94-04c1-424b-9868-57a2d4851a1d" />
    <TestEntry testId="08cf66a7-a320-c431-7d8b-29a67d292ddf" executionId="5efc4cda-1108-4f68-b638-f2d14bad78c7" testListId="8c84fa94-04c1-424b-9868-57a2d4851a1d" />
    <TestEntry testId="1dc5a329-41e5-3e6d-fc5e-d8b4c47ea882" executionId="588fa5a9-9205-4e7b-8213-47f127b189c7" testListId="8c84fa94-04c1-424b-9868-57a2d4851a1d" />
    <TestEntry testId="29b5a635-e26f-754b-90bd-aadb2c16358d" executionId="92642e9c-5428-472d-b380-a2f5f3dccb79" testListId="8c84fa94-04c1-424b-9868-57a2d4851a1d" />
    <TestEntry testId="eba99153-bd66-8f09-238c-5d71eec60aa7" executionId="c99b93f4-17d5-4ea9-b3c6-13fee422f732" testListId="8c84fa94-04c1-424b-9868-57a2d4851a1d" />
    <TestEntry testId="2274515c-9c3d-1f47-ee0c-6ff1e6d12dca" executionId="acb13967-6fe3-412f-8c9b-ce605f14b6b1" testListId="8c84fa94-04c1-424b-9868-57a2d4851a1d" />
    <TestEntry testId="f63ce9dd-2e94-9a64-cca8-d5959dc6d120" executionId="7046c518-84d9-4d0a-871b-77e133e794fd" testListId="8c84fa94-04c1-424b-9868-57a2d4851a1d" />
    <TestEntry testId="9b74ad54-ab66-608c-c049-2e485fc905af" executionId="3c678076-2f8f-4a18-9952-101026597ac6" testListId="8c84fa94-04c1-424b-9868-57a2d4851a1d" />
    <TestEntry testId="57da0f68-7023-b63f-5b58-1dce319ffd16" executionId="e32c0ed9-fbc6-4670-950e-1c183ac39833" testListId="8c84fa94-04c1-424b-9868-57a2d4851a1d" />
    <TestEntry testId="7ab09fb8-e03a-9c42-e70a-87289f2d1cfd" executionId="344b0c19-4669-468b-907b-c52e0f7933c3" testListId="8c84fa94-04c1-424b-9868-57a2d4851a1d" />
    <TestEntry testId="14ac6c18-7464-667d-e927-e446b8071737" executionId="004fbfd4-3966-47b5-a778-c5ab5e7ef340" testListId="8c84fa94-04c1-424b-9868-57a2d4851a1d" />
    <TestEntry testId="8121adea-c5aa-39d9-99b0-86f22eb76157" executionId="6a3fd57c-8c64-4484-9552-ccd10fee4d28" testListId="8c84fa94-04c1-424b-9868-57a2d4851a1d" />
    <TestEntry testId="fefefecb-cd3f-bcbd-7496-453b8b094f3c" executionId="f7dbc95c-d89f-41b1-a33f-cfda19805693" testListId="8c84fa94-04c1-424b-9868-57a2d4851a1d" />
    <TestEntry testId="b59ba4a6-fee4-5dbb-65c9-c1c9b74d3142" executionId="4c7f0383-fe45-4b42-af6e-3f7ff952cf81" testListId="8c84fa94-04c1-424b-9868-57a2d4851a1d" />
    <TestEntry testId="2401bf4d-7341-3a5d-a9d0-37bf32463911" executionId="feea55bc-e75a-4cb4-98a5-255adb7a8b76" testListId="8c84fa94-04c1-424b-9868-57a2d4851a1d" />
    <TestEntry testId="7f4b45fc-bcbc-cff9-5b5a-d61b84af45ea" executionId="c1655482-e96f-43a0-b802-dbb5194ae0b2" testListId="8c84fa94-04c1-424b-9868-57a2d4851a1d" />
    <TestEntry testId="706e41d2-0bcb-2b17-a93f-3bfc9cea9710" executionId="e4b06197-eb19-4105-aa2a-dbc66a6695e6" testListId="8c84fa94-04c1-424b-9868-57a2d4851a1d" />
    <TestEntry testId="c89f06c0-b8d3-fea7-b2c3-b6caf473b9d9" executionId="615627ba-a119-4f2e-8d37-eacbce6d7a83" testListId="8c84fa94-04c1-424b-9868-57a2d4851a1d" />
    <TestEntry testId="77ee55d0-8b37-bc1a-f55a-0fa64e918fa2" executionId="ec31fcbc-45b3-4874-a40d-b3244cfe7d3e" testListId="8c84fa94-04c1-424b-9868-57a2d4851a1d" />
    <TestEntry testId="7acd33de-a768-4317-b8ff-7e2c3b59ddd9" executionId="3f31077d-334d-4e53-a4b5-c5be4164c0f1" testListId="8c84fa94-04c1-424b-9868-57a2d4851a1d" />
    <TestEntry testId="14bb044e-e139-adf6-9be3-078c25461372" executionId="043a30a4-c208-46aa-b9b2-79be3d4809b9" testListId="8c84fa94-04c1-424b-9868-57a2d4851a1d" />
    <TestEntry testId="ff479f6d-e0b7-8fd5-8eb8-d2152054fac2" executionId="7723f29c-75da-489a-a0a7-ed5965c5781d" testListId="8c84fa94-04c1-424b-9868-57a2d4851a1d" />
    <TestEntry testId="40f2976d-c053-33d7-51b4-7fde8f3dce0a" executionId="dcdc8f74-d3db-424f-b6c0-a64e37e9ae64" testListId="8c84fa94-04c1-424b-9868-57a2d4851a1d" />
    <TestEntry testId="a1d9ae4e-af7b-da58-5e01-23d91f1e9817" executionId="2e2327ea-e55b-40a7-b603-85572bf7c8dc" testListId="8c84fa94-04c1-424b-9868-57a2d4851a1d" />
    <TestEntry testId="36f9cce3-d7b2-da0c-ef54-7bd01d68e09e" executionId="e940c976-7398-491b-8589-871c7682ce8e" testListId="8c84fa94-04c1-424b-9868-57a2d4851a1d" />
    <TestEntry testId="ee8c74fe-137d-b4e4-25cc-ed18cd2ece80" executionId="08520bf6-1dc8-45ae-a7a3-873c7bcbd2e8" testListId="8c84fa94-04c1-424b-9868-57a2d4851a1d" />
    <TestEntry testId="fd4da348-d422-1e3d-8bd6-b982672088ec" executionId="9f03bc8a-c14e-40d9-9a9b-d56424549bbb" testListId="8c84fa94-04c1-424b-9868-57a2d4851a1d" />
    <TestEntry testId="2f51937b-491d-ee39-cc47-b416dfc84d31" executionId="f5295c9a-5a4a-49ff-b74a-e104a07be316" testListId="8c84fa94-04c1-424b-9868-57a2d4851a1d" />
    <TestEntry testId="fcbc44af-6ece-1b6d-b15a-0ac5569dc501" executionId="668b0216-44d4-4954-8421-1d393a440267" testListId="8c84fa94-04c1-424b-9868-57a2d4851a1d" />
    <TestEntry testId="1887b46f-da52-8372-d2fc-a27d60c83f34" executionId="b1b38642-f586-4026-bf86-492891806b5c" testListId="8c84fa94-04c1-424b-9868-57a2d4851a1d" />
    <TestEntry testId="3a2658f6-d55c-045d-1867-cc0ab44d517b" executionId="6a2200cb-1bd1-4bc6-b66a-7400be687691" testListId="8c84fa94-04c1-424b-9868-57a2d4851a1d" />
    <TestEntry testId="f603fb9b-64f5-fdfc-2e4b-31d9c0131a57" executionId="2771ca55-8f87-4511-966f-3647f9d3bad1" testListId="8c84fa94-04c1-424b-9868-57a2d4851a1d" />
    <TestEntry testId="fac02d44-6df3-b374-90e6-20208060241b" executionId="b5fe4538-439a-4e0e-a0c4-dc8fcce2bff6" testListId="8c84fa94-04c1-424b-9868-57a2d4851a1d" />
    <TestEntry testId="eacb3063-dd4d-77dd-86b7-dcaa1ef0a342" executionId="b4f76f96-8bdf-4754-ad2a-87e6518b0062" testListId="8c84fa94-04c1-424b-9868-57a2d4851a1d" />
    <TestEntry testId="ef2eae91-6c24-c925-6699-0f50da1fc570" executionId="7ba5e71f-c671-4aa4-bd28-1450095dfca6" testListId="8c84fa94-04c1-424b-9868-57a2d4851a1d" />
    <TestEntry testId="36ba268e-05c6-cf80-4bab-a3a3f9a638bb" executionId="35bf7cc2-6aa6-4cc0-a86e-95b24c4e6ad5" testListId="8c84fa94-04c1-424b-9868-57a2d4851a1d" />
    <TestEntry testId="a94255c8-6cfd-6a2e-7e27-13e06e71a968" executionId="38ca8ff8-0c2b-46cb-93c9-2621cc9423d3" testListId="8c84fa94-04c1-424b-9868-57a2d4851a1d" />
    <TestEntry testId="c72b0b7b-7f4b-aa6b-467a-12bc1b9aecce" executionId="0363b578-9a90-4275-8558-1f586c6ccfb1" testListId="8c84fa94-04c1-424b-9868-57a2d4851a1d" />
    <TestEntry testId="285de3cc-7463-97c5-7a4d-9fc18f07fa37" executionId="7a423236-2dc5-40fd-8eb0-49fd15fa5481" testListId="8c84fa94-04c1-424b-9868-57a2d4851a1d" />
    <TestEntry testId="2eacf72f-5904-d273-4233-9408fc9a3d2f" executionId="cfe9f46c-6baa-4833-9912-076c99e45a03" testListId="8c84fa94-04c1-424b-9868-57a2d4851a1d" />
    <TestEntry testId="804169fe-a6e7-52e2-fbc4-9832811886a8" executionId="508b20ed-2b59-4beb-8ffc-c04222d58850" testListId="8c84fa94-04c1-424b-9868-57a2d4851a1d" />
    <TestEntry testId="5f1dc5c0-e96a-35be-e365-2a8f8ef0d028" executionId="bdb07330-6c27-4dcf-8b3f-72f9c806c0c5" testListId="8c84fa94-04c1-424b-9868-57a2d4851a1d" />
    <TestEntry testId="ccaec2f9-7676-0389-7bf6-792491867756" executionId="584bf521-db62-4540-b945-7ec9c13b847d" testListId="8c84fa94-04c1-424b-9868-57a2d4851a1d" />
    <TestEntry testId="ed20a21c-41f1-239a-2980-96b61d8b6a15" executionId="622207da-2de7-4aad-abe3-39642c6a6d18" testListId="8c84fa94-04c1-424b-9868-57a2d4851a1d" />
    <TestEntry testId="c71e2d38-cb5b-8ca7-55c4-ceedb25164fb" executionId="b16ee14a-68a6-49c4-b116-95055be2669e" testListId="8c84fa94-04c1-424b-9868-57a2d4851a1d" />
    <TestEntry testId="69235826-a1f1-f215-3f28-97d4bdbe2d52" executionId="190715b4-c1fd-4fb9-b98c-f5b9b8d72858" testListId="8c84fa94-04c1-424b-9868-57a2d4851a1d" />
    <TestEntry testId="a4c4b508-919f-e71f-5e1b-c62a1e9a80ce" executionId="da5af510-a0da-4ae1-9613-5061ff36245b" testListId="8c84fa94-04c1-424b-9868-57a2d4851a1d" />
    <TestEntry testId="1f9336a2-7a80-8e00-8f9d-0b352e023592" executionId="c2ea426f-3c3d-405f-9f88-4aafdd9c8ae0" testListId="8c84fa94-04c1-424b-9868-57a2d4851a1d" />
    <TestEntry testId="90d445f6-cb0f-d505-58da-7385c723eaaf" executionId="1baf1a08-4a16-4042-a483-aac36db3b0a2" testListId="8c84fa94-04c1-424b-9868-57a2d4851a1d" />
    <TestEntry testId="8baaeaf7-4ae1-3cd6-0101-eb08430d598c" executionId="5a54f85e-cd82-448a-a5c2-5b291e89dfc4" testListId="8c84fa94-04c1-424b-9868-57a2d4851a1d" />
    <TestEntry testId="0e09f455-cd4f-e42d-bcdb-93aa3d653c3e" executionId="0d60ec80-faf1-4321-ae3f-680e4a9a0b61" testListId="8c84fa94-04c1-424b-9868-57a2d4851a1d" />
    <TestEntry testId="468dbc9b-87c4-cccb-27ee-88a267ee8242" executionId="fb89c1f2-3236-49cb-ae69-80767615a6d7" testListId="8c84fa94-04c1-424b-9868-57a2d4851a1d" />
    <TestEntry testId="614b25d2-4e64-81da-811c-e98afd41cfa9" executionId="dc09f589-773f-48bb-bbc3-0f40b3d249ee" testListId="8c84fa94-04c1-424b-9868-57a2d4851a1d" />
    <TestEntry testId="b9904c9a-5040-ba62-e9bc-f8b6ed5155cc" executionId="eee229cd-a7d8-4fe0-81bf-46513e1be2ac" testListId="8c84fa94-04c1-424b-9868-57a2d4851a1d" />
    <TestEntry testId="930e353c-fde1-03ae-10a7-7eaa994a4b20" executionId="86d2285b-93ee-4127-8824-68bc4ec1caac" testListId="8c84fa94-04c1-424b-9868-57a2d4851a1d" />
    <TestEntry testId="6c6a47cf-a555-2dfc-3a1a-07e1dc47adf6" executionId="d62b2c9e-2c13-4b7e-8a41-d80e69580340" testListId="8c84fa94-04c1-424b-9868-57a2d4851a1d" />
    <TestEntry testId="e8a6febf-7a4c-df5b-5b44-d1a1d6670bac" executionId="4cc70dab-a93f-4435-b3d5-b7f7ded5213e" testListId="8c84fa94-04c1-424b-9868-57a2d4851a1d" />
    <TestEntry testId="333d071e-477f-f59a-bdf7-e3209509bd7e" executionId="170e09f1-d079-49b1-b098-b01b681c31c9" testListId="8c84fa94-04c1-424b-9868-57a2d4851a1d" />
    <TestEntry testId="5c62b36c-7e5b-e052-296c-ce11b79f4704" executionId="696046ce-5e3d-445a-9b81-132992ebae3a" testListId="8c84fa94-04c1-424b-9868-57a2d4851a1d" />
    <TestEntry testId="2cd99008-7d47-5b1f-bdce-87f1db166022" executionId="98a4da46-e597-4060-9b99-a240efc72976" testListId="8c84fa94-04c1-424b-9868-57a2d4851a1d" />
    <TestEntry testId="1b4f53b0-210d-1a1d-f735-fed942fd893a" executionId="8668d267-43fb-43df-83c3-b03c0abb5197" testListId="8c84fa94-04c1-424b-9868-57a2d4851a1d" />
    <TestEntry testId="f52f05a9-d27f-e1ad-082e-1c39eacc6c00" executionId="8b173ebf-29a4-4e76-aaf1-6164c5358833" testListId="8c84fa94-04c1-424b-9868-57a2d4851a1d" />
    <TestEntry testId="eade85c4-4bde-0133-ecf8-0f7996b21008" executionId="faf23664-d5d3-47b2-9436-da0aab462c28" testListId="8c84fa94-04c1-424b-9868-57a2d4851a1d" />
    <TestEntry testId="940a37fa-9b31-b992-8258-56bfe4d287c2" executionId="fb983b4a-5747-41f2-80ab-31ed687710e0" testListId="8c84fa94-04c1-424b-9868-57a2d4851a1d" />
    <TestEntry testId="563887c9-636b-f0ac-8af4-cbcfddaaa4f4" executionId="0faed654-31c4-4a11-a54e-432f2579a06f" testListId="8c84fa94-04c1-424b-9868-57a2d4851a1d" />
    <TestEntry testId="bbc953c5-d914-f6c7-2363-bf06389c6847" executionId="ff89db1a-75bd-4631-94ca-95ad63b7fa0b" testListId="8c84fa94-04c1-424b-9868-57a2d4851a1d" />
    <TestEntry testId="13bd0905-8c51-594d-38fd-c49e6b2abab6" executionId="79e219a9-6475-4863-bd13-c5dd9678634e" testListId="8c84fa94-04c1-424b-9868-57a2d4851a1d" />
    <TestEntry testId="d58055e7-c44a-ddff-22e8-3fe2f9d0315f" executionId="d74efaae-cec5-4b22-9b4b-2c30da3ec74a" testListId="8c84fa94-04c1-424b-9868-57a2d4851a1d" />
    <TestEntry testId="570cf49d-26a6-95e2-438c-089ddd4d2611" executionId="d306d9d6-2884-4f94-b484-fa85729e8eb9" testListId="8c84fa94-04c1-424b-9868-57a2d4851a1d" />
    <TestEntry testId="988ea28e-c06c-c766-fcaa-2005e7f594eb" executionId="6ac66b47-f2d7-438a-9665-6f2935efe451" testListId="8c84fa94-04c1-424b-9868-57a2d4851a1d" />
    <TestEntry testId="47640dd5-a1b1-e17e-a33e-61253b2a1c85" executionId="876704ef-d9e2-42e2-937f-439f0154723d" testListId="8c84fa94-04c1-424b-9868-57a2d4851a1d" />
    <TestEntry testId="6d028cae-975c-9626-0844-28571c5d64f9" executionId="66c956f7-09a3-4465-8b0c-2e85470d8cc6" testListId="8c84fa94-04c1-424b-9868-57a2d4851a1d" />
    <TestEntry testId="f68e7208-b40d-78c4-083e-29238c6795e3" executionId="044ab7fa-0126-46a7-9ce5-b03dedcb1fd0" testListId="8c84fa94-04c1-424b-9868-57a2d4851a1d" />
    <TestEntry testId="fd4c0d92-09c3-4b85-a497-3e9bc882dbde" executionId="950fb1eb-a995-4fa7-a2ee-2e16171b8baf" testListId="8c84fa94-04c1-424b-9868-57a2d4851a1d" />
    <TestEntry testId="e6f95d68-2886-1fa9-62f9-c713dede45c7" executionId="ff6dc67b-6d26-4cce-8838-0498cc68ed52" testListId="8c84fa94-04c1-424b-9868-57a2d4851a1d" />
    <TestEntry testId="805bb982-a813-ab89-6251-47fc884a4ab7" executionId="18dfc548-5cbc-4a48-a6cc-bc7d3374ddc0" testListId="8c84fa94-04c1-424b-9868-57a2d4851a1d" />
    <TestEntry testId="19d0bcdc-5dab-a23a-f989-5306773408ba" executionId="eb94f8d1-aefe-4cba-afe7-d34a7207a520" testListId="8c84fa94-04c1-424b-9868-57a2d4851a1d" />
    <TestEntry testId="b23beb03-ffbd-4d3d-0f7c-437da4598c39" executionId="a35f6a13-5466-49e0-885b-2e4659e94d16" testListId="8c84fa94-04c1-424b-9868-57a2d4851a1d" />
    <TestEntry testId="f3002bbb-cc2e-e355-83fe-ca21eb55dcb1" executionId="fe9b2988-0f69-412a-91c2-5265f66433fd" testListId="8c84fa94-04c1-424b-9868-57a2d4851a1d" />
    <TestEntry testId="9181c077-33eb-e8de-adee-01c4a4ba25a1" executionId="ec1ff1d4-6744-406d-a761-abe92d39e796" testListId="8c84fa94-04c1-424b-9868-57a2d4851a1d" />
    <TestEntry testId="1a61026f-b271-a5eb-73c1-1f856c7784d0" executionId="0db2142f-23a5-4720-888e-68a8651e79f4" testListId="8c84fa94-04c1-424b-9868-57a2d4851a1d" />
    <TestEntry testId="0de29df1-d38a-1eff-95a2-39e6759ca4aa" executionId="a53e7720-cd6a-4ed9-844d-bf52d884de59" testListId="8c84fa94-04c1-424b-9868-57a2d4851a1d" />
    <TestEntry testId="4c7a24a3-31b3-5682-9a84-9c6ad3d3362f" executionId="b5541c2d-c545-478d-8fbf-16c1c7f4a3bc" testListId="8c84fa94-04c1-424b-9868-57a2d4851a1d" />
    <TestEntry testId="1ace4b55-a085-9987-e967-fbe848c25281" executionId="68892028-050f-472a-9eb4-00d0eec3267f" testListId="8c84fa94-04c1-424b-9868-57a2d4851a1d" />
    <TestEntry testId="346c1444-c166-cbc7-94c0-545645760c83" executionId="9a692430-f456-4027-8e48-066b8f569b42" testListId="8c84fa94-04c1-424b-9868-57a2d4851a1d" />
    <TestEntry testId="c8765d97-7555-34ec-889c-ab5a910e06ce" executionId="9343b5aa-cee0-4dd8-a514-ff4bda679848" testListId="8c84fa94-04c1-424b-9868-57a2d4851a1d" />
    <TestEntry testId="0bf24c68-8b03-7eb6-2151-1d3d218ef9f7" executionId="d139a125-14f2-4d82-8f5a-b86a2cc11af0" testListId="8c84fa94-04c1-424b-9868-57a2d4851a1d" />
    <TestEntry testId="a1a6513b-09ff-3923-e040-1476b4e7b3cf" executionId="64b4bf5e-88a9-4690-801b-f76abfefa2af" testListId="8c84fa94-04c1-424b-9868-57a2d4851a1d" />
    <TestEntry testId="8f83db71-3b93-5732-31d9-e3b132797301" executionId="b0f78b25-3b1f-45fb-9f40-39a509434dfb" testListId="8c84fa94-04c1-424b-9868-57a2d4851a1d" />
    <TestEntry testId="d5df3c26-8e99-c124-f394-17dc3620d54c" executionId="27d5accf-432a-4124-8647-d4f3ddc56ffa" testListId="8c84fa94-04c1-424b-9868-57a2d4851a1d" />
    <TestEntry testId="7f454cf7-0d9f-83ad-864f-5a9e4b26106c" executionId="14bba8e4-24f2-4113-87df-8927d8637dd3" testListId="8c84fa94-04c1-424b-9868-57a2d4851a1d" />
    <TestEntry testId="7e345f07-c556-d967-79a6-d801b42f883c" executionId="9812e6bc-6303-4943-a0b1-96fae374bb70" testListId="8c84fa94-04c1-424b-9868-57a2d4851a1d" />
    <TestEntry testId="ee223bb8-fe62-0648-1d0a-3b87b037fab8" executionId="3257eede-b43f-4b4f-a92f-5465aa06c655" testListId="8c84fa94-04c1-424b-9868-57a2d4851a1d" />
    <TestEntry testId="352495dc-a484-8c59-3282-0bb69933bfaf" executionId="6f7ddcd7-402d-4282-a242-83cfb619eaa7" testListId="8c84fa94-04c1-424b-9868-57a2d4851a1d" />
    <TestEntry testId="ac8ea13b-7012-c35b-5253-756264c28f17" executionId="dcc837f3-2579-4383-873a-8012152b300d" testListId="8c84fa94-04c1-424b-9868-57a2d4851a1d" />
    <TestEntry testId="8bde4785-2c03-a7e7-c5b7-8e24d368f7d7" executionId="99ef32c9-05ee-471b-af59-4eb4eb9ed374" testListId="8c84fa94-04c1-424b-9868-57a2d4851a1d" />
    <TestEntry testId="b9791812-d5ec-c712-5aa1-f934543ca749" executionId="7ac9cd66-6eea-4cde-ae07-396115256c5e" testListId="8c84fa94-04c1-424b-9868-57a2d4851a1d" />
    <TestEntry testId="d3b1268c-e5c8-9346-28e0-9cc9fcbbeb91" executionId="e00e5dce-c3cf-433e-8213-30c1c4d421e8" testListId="8c84fa94-04c1-424b-9868-57a2d4851a1d" />
    <TestEntry testId="a5df3e0b-3914-27c6-17a6-08436b53e40a" executionId="5a91c553-c301-4c38-bd0a-29f637fdfdd3" testListId="8c84fa94-04c1-424b-9868-57a2d4851a1d" />
    <TestEntry testId="151e40a6-82e2-257b-646b-68f23335d235" executionId="a1f40724-32c7-4d09-88c1-205773a1fcca" testListId="8c84fa94-04c1-424b-9868-57a2d4851a1d" />
    <TestEntry testId="8a842246-04e9-9315-dc32-79d34f6a6c13" executionId="c06b78fe-cf0e-4113-88fb-79e383424f1a" testListId="8c84fa94-04c1-424b-9868-57a2d4851a1d" />
    <TestEntry testId="5635639e-91f7-ec82-01ad-d1e70d287b6d" executionId="802862a7-da9c-45d8-9b95-2a2ff64e3496" testListId="8c84fa94-04c1-424b-9868-57a2d4851a1d" />
    <TestEntry testId="a007b317-a0ad-fafd-d5c9-f7310688453b" executionId="f021af9e-aa52-469d-a57c-03cca1ebf64d" testListId="8c84fa94-04c1-424b-9868-57a2d4851a1d" />
    <TestEntry testId="31b4172c-65bb-7bd4-9388-183081d5bde8" executionId="17069048-e3fb-4a43-860b-c6bf7367c782" testListId="8c84fa94-04c1-424b-9868-57a2d4851a1d" />
    <TestEntry testId="7d7b3ed1-b536-e007-4d25-d39cd2343640" executionId="7d84c227-db30-4f1f-9685-5773de6ab2c1" testListId="8c84fa94-04c1-424b-9868-57a2d4851a1d" />
    <TestEntry testId="477789a1-1313-bef9-6fb6-2994cb6ca40c" executionId="2c8257ef-7ca3-42e3-8cfe-cee3ae2ead71" testListId="8c84fa94-04c1-424b-9868-57a2d4851a1d" />
    <TestEntry testId="e92b92df-4832-3c0f-49c5-acfbf0e5fdfe" executionId="8d297c65-2e76-4503-a3a7-5652b36156e1" testListId="8c84fa94-04c1-424b-9868-57a2d4851a1d" />
    <TestEntry testId="6d17ce2d-1c67-381e-ed2e-b6452adf0f8e" executionId="38fa484a-3008-4397-9ef3-97af74ebe973" testListId="8c84fa94-04c1-424b-9868-57a2d4851a1d" />
    <TestEntry testId="844c2f58-2f26-162b-d78b-da70ba0657d7" executionId="a7e80031-fd6a-4053-bcd0-8086c86da05b" testListId="8c84fa94-04c1-424b-9868-57a2d4851a1d" />
    <TestEntry testId="d1934567-0d00-5d36-ca2e-cfd2548f0873" executionId="24071658-922e-4095-9993-07da55966902" testListId="8c84fa94-04c1-424b-9868-57a2d4851a1d" />
    <TestEntry testId="00a49783-5d77-72b8-6909-2cb68bb962c9" executionId="14df2fa5-cfdd-48d3-bae0-30fb6602af65" testListId="8c84fa94-04c1-424b-9868-57a2d4851a1d" />
    <TestEntry testId="78d4cbcb-d66c-a346-221f-283d82c4dad5" executionId="7eda589e-aefd-475a-8718-b3e272ed694e" testListId="8c84fa94-04c1-424b-9868-57a2d4851a1d" />
    <TestEntry testId="d6af1beb-a7df-3934-d40f-36ca6ad8df18" executionId="d54a5576-4c60-4ea7-9b86-40421904d005" testListId="8c84fa94-04c1-424b-9868-57a2d4851a1d" />
    <TestEntry testId="309ab9b3-5504-ca75-b132-0a860b7afa42" executionId="e1fcb51d-4036-4ba4-a5d0-76592793e148" testListId="8c84fa94-04c1-424b-9868-57a2d4851a1d" />
    <TestEntry testId="ee236025-a3ef-2b65-68c8-7e82408d2c64" executionId="f7e0f403-e707-4844-8614-204ee96fe9e0" testListId="8c84fa94-04c1-424b-9868-57a2d4851a1d" />
    <TestEntry testId="523e5d43-c062-2e7b-0404-39bb33ad5c7f" executionId="080cfdab-25a1-4471-8717-bf2797b7bee0" testListId="8c84fa94-04c1-424b-9868-57a2d4851a1d" />
    <TestEntry testId="364a6704-58b0-d608-3ac9-75ceba40c6a0" executionId="42a50546-1e31-45c1-a911-66dfa4ca4eed" testListId="8c84fa94-04c1-424b-9868-57a2d4851a1d" />
    <TestEntry testId="258db77c-7e84-8e83-ff85-3d70192e066e" executionId="61c960f9-9d2d-4113-8676-18f47c7f5140" testListId="8c84fa94-04c1-424b-9868-57a2d4851a1d" />
    <TestEntry testId="0001ecac-aad8-2f83-2e08-41e13a9a331b" executionId="939300f7-28b6-4fc7-ad8b-49965679c78f" testListId="8c84fa94-04c1-424b-9868-57a2d4851a1d" />
    <TestEntry testId="b3472f8d-2828-1cdf-8c96-94d7cea2b233" executionId="d34b373c-f11c-42b8-aecd-027c1de104da" testListId="8c84fa94-04c1-424b-9868-57a2d4851a1d" />
    <TestEntry testId="00a25730-d57e-f493-f1c2-5cec897077a1" executionId="8e3713dc-16be-4fef-bda2-d6b1f5dcfd59" testListId="8c84fa94-04c1-424b-9868-57a2d4851a1d" />
    <TestEntry testId="d058b630-e1aa-336b-ef4a-5c1527bab2e0" executionId="75beacdf-b251-4fa4-bb25-071e83a0c795" testListId="8c84fa94-04c1-424b-9868-57a2d4851a1d" />
    <TestEntry testId="0ae60d5c-36de-5631-4602-df30560678dd" executionId="2a6d8693-4ae9-4ca4-8dbf-3fe019196b98" testListId="8c84fa94-04c1-424b-9868-57a2d4851a1d" />
    <TestEntry testId="c324f2a7-fe13-0997-afb6-df983ed324c4" executionId="278fa962-d901-4f77-b755-5a74a9702df1" testListId="8c84fa94-04c1-424b-9868-57a2d4851a1d" />
    <TestEntry testId="7c19b165-d79b-e1ec-0b22-be461dcaa9e8" executionId="c0291885-a83a-4ddf-a3c8-21f7975f080c" testListId="8c84fa94-04c1-424b-9868-57a2d4851a1d" />
    <TestEntry testId="2ca04e1a-8dbd-bcea-fdc1-48061a2429ad" executionId="7edf539b-f530-491a-82bf-de751abdaf9b" testListId="8c84fa94-04c1-424b-9868-57a2d4851a1d" />
    <TestEntry testId="67de77d8-d5ab-68c8-76d7-1e7dd64ca815" executionId="b8bd3f8e-24af-428f-9010-57921cce1396" testListId="8c84fa94-04c1-424b-9868-57a2d4851a1d" />
    <TestEntry testId="d41a20ca-3a88-ad11-857b-ea12754fccb3" executionId="66299af9-938c-4319-851a-c8ec3b2546a5" testListId="8c84fa94-04c1-424b-9868-57a2d4851a1d" />
    <TestEntry testId="76e85821-1be3-4501-02ef-073615b5a175" executionId="da5e8300-df0d-42c8-a77d-a87ccc1b524c" testListId="8c84fa94-04c1-424b-9868-57a2d4851a1d" />
    <TestEntry testId="8b517c86-4ecc-dbbd-ff31-39c454c41be3" executionId="fb25749d-f699-4e63-934d-4d7cf4d54d7c" testListId="8c84fa94-04c1-424b-9868-57a2d4851a1d" />
    <TestEntry testId="20163c7a-5096-c086-0057-31baf2fbba71" executionId="ab4201c0-8a3a-4a53-a279-5de9824e4cca" testListId="8c84fa94-04c1-424b-9868-57a2d4851a1d" />
    <TestEntry testId="31956e43-3bda-de42-ef9d-627e0d46cdb6" executionId="5169f8f5-81b4-4a8d-aaa4-358d2f5e23f7" testListId="8c84fa94-04c1-424b-9868-57a2d4851a1d" />
    <TestEntry testId="48cc01f6-a0cb-e570-4289-4b1f6bc69a17" executionId="83c5b5dd-2919-40d5-9652-74d9f6596847" testListId="8c84fa94-04c1-424b-9868-57a2d4851a1d" />
    <TestEntry testId="3b5a6096-322c-8c4c-79b8-931a963fdac0" executionId="25b5e651-a23c-4342-945e-4a5f924721b0" testListId="8c84fa94-04c1-424b-9868-57a2d4851a1d" />
    <TestEntry testId="44fbf419-0a78-5721-09fe-5ca5b972f5c8" executionId="e633794e-1198-4bf0-8059-774509ea8353" testListId="8c84fa94-04c1-424b-9868-57a2d4851a1d" />
    <TestEntry testId="9f09049a-5f6e-9897-6da4-fadf1030de93" executionId="03b83b56-c56d-4bf4-abc4-acee043ff202" testListId="8c84fa94-04c1-424b-9868-57a2d4851a1d" />
    <TestEntry testId="c6f1f7e9-e5ee-28f7-b1d8-32ab5cfc4913" executionId="9a78b229-b7a8-4265-beb3-44f9d754a4ba" testListId="8c84fa94-04c1-424b-9868-57a2d4851a1d" />
    <TestEntry testId="986cd690-83e0-f2b6-c2b1-78b8c7296ab1" executionId="ead03ea8-9484-44d1-a318-8fc604a96270" testListId="8c84fa94-04c1-424b-9868-57a2d4851a1d" />
    <TestEntry testId="7ed74da4-b7a3-198f-a739-6119e11ecb94" executionId="b980ee5e-eb21-4077-87e9-797906bfeeda" testListId="8c84fa94-04c1-424b-9868-57a2d4851a1d" />
    <TestEntry testId="59cd21ac-2d72-897f-3573-0de9e8dc1d9d" executionId="59ff491d-8596-4e2b-a7e3-15a221ee6366" testListId="8c84fa94-04c1-424b-9868-57a2d4851a1d" />
    <TestEntry testId="6e4974d9-e3ff-3885-68b1-cdf2eb46c979" executionId="fd50599f-8f83-4627-ad8a-3485c2b88fad" testListId="8c84fa94-04c1-424b-9868-57a2d4851a1d" />
    <TestEntry testId="8c10d258-276b-4ab2-ad41-0fa0852d2979" executionId="3c038cbf-cc98-4845-a623-a2937391107a" testListId="8c84fa94-04c1-424b-9868-57a2d4851a1d" />
    <TestEntry testId="ff51d95b-5e9a-bdf7-c6c0-7a6c26e960bc" executionId="446c57ad-738a-4264-8b50-e20cd03da980" testListId="8c84fa94-04c1-424b-9868-57a2d4851a1d" />
    <TestEntry testId="dc585ae0-95eb-19fe-1429-7e8d2dc65346" executionId="65a6a415-37b4-4803-baae-9bbe0d5668d8" testListId="8c84fa94-04c1-424b-9868-57a2d4851a1d" />
    <TestEntry testId="c957edcd-b4ea-11a0-574c-b491655dded4" executionId="fdc353c1-2596-4d7f-b78b-0959158a9035" testListId="8c84fa94-04c1-424b-9868-57a2d4851a1d" />
    <TestEntry testId="35072336-d724-2bc2-c248-4a6e7e37ad9c" executionId="03650af6-05dd-41d4-b28b-e7926ca79cff" testListId="8c84fa94-04c1-424b-9868-57a2d4851a1d" />
    <TestEntry testId="fc139a75-8e92-2cdc-a74b-7704ee99f36e" executionId="5bd43e37-97f0-406c-b426-d3f516472019" testListId="8c84fa94-04c1-424b-9868-57a2d4851a1d" />
    <TestEntry testId="eee8de63-1e12-5835-b4c3-8b62a2e9b161" executionId="b22ccbf6-670b-40ec-86d9-2f86a6748b8c" testListId="8c84fa94-04c1-424b-9868-57a2d4851a1d" />
    <TestEntry testId="93ba20f1-9560-40bb-06a0-4d9f99278d90" executionId="6e8d9b9e-e621-4070-89b7-7d6ed6088d07" testListId="8c84fa94-04c1-424b-9868-57a2d4851a1d" />
    <TestEntry testId="73cd9217-7245-523e-742c-6d7cc565ea74" executionId="25b52ded-fea9-485b-9adb-79f720cbdf99" testListId="8c84fa94-04c1-424b-9868-57a2d4851a1d" />
    <TestEntry testId="6dba7c0b-047f-50dc-25ca-dca8e07fa880" executionId="380fa2ab-ed43-4736-82c3-8af10c2bfd8b" testListId="8c84fa94-04c1-424b-9868-57a2d4851a1d" />
    <TestEntry testId="f64fe775-6ed2-8a8c-37d2-672d3493490c" executionId="2e63ee03-55a6-4a42-b5c2-0a68404dabe6" testListId="8c84fa94-04c1-424b-9868-57a2d4851a1d" />
    <TestEntry testId="112a5225-ee11-41ae-8ade-6f05be233ebc" executionId="2f0c41c4-9058-4fed-8337-2c3b13b10697" testListId="8c84fa94-04c1-424b-9868-57a2d4851a1d" />
    <TestEntry testId="56f329a8-fd15-1548-23f2-fcb402e9c480" executionId="ad2f1a92-9369-4893-a675-27af4fa9fc43" testListId="8c84fa94-04c1-424b-9868-57a2d4851a1d" />
    <TestEntry testId="41984f69-e66c-4343-2e79-9cf2ba4e6e0e" executionId="8d49e51b-4912-4a0d-bc27-693196776768" testListId="8c84fa94-04c1-424b-9868-57a2d4851a1d" />
    <TestEntry testId="a86291b0-4171-9275-c577-e6c0904099ee" executionId="709b2a95-6629-4ce2-bb21-1264c3c8e37f" testListId="8c84fa94-04c1-424b-9868-57a2d4851a1d" />
    <TestEntry testId="3ce9b96f-8501-c34c-77db-b59cc03fb909" executionId="97165bc0-ed17-4321-859a-047167d55384" testListId="8c84fa94-04c1-424b-9868-57a2d4851a1d" />
    <TestEntry testId="7ddb4e1a-56f6-5d71-1cd6-2bd84651f132" executionId="9393615b-2186-4c50-82d3-d57d4f80ef81" testListId="8c84fa94-04c1-424b-9868-57a2d4851a1d" />
    <TestEntry testId="6747d954-dbe5-5d84-1544-1f75908b0d8c" executionId="e9cb8296-e75c-4381-bc29-74de2288ec47" testListId="8c84fa94-04c1-424b-9868-57a2d4851a1d" />
    <TestEntry testId="216f6c1a-2538-c260-887d-c77c0606bca9" executionId="d9e1986c-fdb1-4a59-a9a0-5e7245b65e4c" testListId="8c84fa94-04c1-424b-9868-57a2d4851a1d" />
    <TestEntry testId="6e82f6b5-cdc0-6d50-9bad-8b3494ee1722" executionId="b7d9762d-9738-4198-9fe6-19aefe43f1be" testListId="8c84fa94-04c1-424b-9868-57a2d4851a1d" />
    <TestEntry testId="4b8c376f-75d7-d7cb-b623-866d3b076ca2" executionId="0984957a-f2de-4bb0-841f-6e389c0ac401" testListId="8c84fa94-04c1-424b-9868-57a2d4851a1d" />
    <TestEntry testId="3204935e-0c0a-e9ae-1afb-92f72fc02706" executionId="496ae81a-0a72-4c8a-b832-478864cb7031" testListId="8c84fa94-04c1-424b-9868-57a2d4851a1d" />
    <TestEntry testId="4b7cd3e8-0f1c-aa79-d168-fcca1bc15eea" executionId="13b5c319-0006-4768-8f25-5a76000f82a8" testListId="8c84fa94-04c1-424b-9868-57a2d4851a1d" />
    <TestEntry testId="9128f325-2d16-e14f-81df-b2d804d27327" executionId="9de47913-fabd-4737-8a3e-6f3902c5b37b" testListId="8c84fa94-04c1-424b-9868-57a2d4851a1d" />
    <TestEntry testId="d252adb4-e090-bd7b-ab92-ac3b1cb1a962" executionId="9ece907d-fe2f-400d-8bdf-f1a4736a1551" testListId="8c84fa94-04c1-424b-9868-57a2d4851a1d" />
    <TestEntry testId="812f6ac1-20d4-f321-8177-1ceb709dfc3e" executionId="9a0a23c6-192d-46e2-a0a5-c3e440121258" testListId="8c84fa94-04c1-424b-9868-57a2d4851a1d" />
    <TestEntry testId="a4fac035-eb1e-a72b-e636-67619651fa36" executionId="569bde76-52a9-4885-84fa-963a534ff5ce" testListId="8c84fa94-04c1-424b-9868-57a2d4851a1d" />
    <TestEntry testId="48a51aa5-8271-66b9-e7bb-589380017364" executionId="728c169d-b4b2-4b11-b369-91dfcf46153e" testListId="8c84fa94-04c1-424b-9868-57a2d4851a1d" />
    <TestEntry testId="e1985f8d-0f3a-cdd7-e674-d8456d422db8" executionId="ada166db-36c7-4b58-9cf6-6cd002a95b67" testListId="8c84fa94-04c1-424b-9868-57a2d4851a1d" />
    <TestEntry testId="bd61969b-49ad-3c82-14b4-6c7bc0436022" executionId="8c81e490-0d36-4ab5-ad21-fea060b1b474" testListId="8c84fa94-04c1-424b-9868-57a2d4851a1d" />
    <TestEntry testId="fcce2538-cc0d-3350-5593-ffa92f192a52" executionId="5c2e8313-c259-452b-adb2-2d1d457d143c" testListId="8c84fa94-04c1-424b-9868-57a2d4851a1d" />
    <TestEntry testId="e7727734-e0a9-5b5b-5c64-ce6dcd978d21" executionId="877217a5-a3b3-4502-830a-6d48ffe8fb72" testListId="8c84fa94-04c1-424b-9868-57a2d4851a1d" />
    <TestEntry testId="e64c8100-0f88-0067-2e28-6e0a325b5b0a" executionId="ea9d9126-57b1-474c-a0aa-f38e7a9681b2" testListId="8c84fa94-04c1-424b-9868-57a2d4851a1d" />
    <TestEntry testId="21cb4457-3df9-6638-6de2-c89ff2fbb31c" executionId="55fe2746-baad-4b2e-ad8a-0da508c6c0e0" testListId="8c84fa94-04c1-424b-9868-57a2d4851a1d" />
    <TestEntry testId="45821aef-b05c-2d6c-576e-e2bf4be4b2aa" executionId="e3008518-1645-43ce-bc48-c4c77df2ae90" testListId="8c84fa94-04c1-424b-9868-57a2d4851a1d" />
    <TestEntry testId="9d329994-74e3-8238-a429-3b094a215384" executionId="d536d9dc-bf99-4af9-8a61-b55bec36adac" testListId="8c84fa94-04c1-424b-9868-57a2d4851a1d" />
    <TestEntry testId="9bb45a18-168c-a72d-4ec7-5054ff25a897" executionId="40d0e4ea-3d93-4852-aa98-30eeaccf395d" testListId="8c84fa94-04c1-424b-9868-57a2d4851a1d" />
    <TestEntry testId="35fc3889-4196-1a67-5fa1-0ace74d39e3e" executionId="07c33a41-571d-49ac-a167-f4eede127a74" testListId="8c84fa94-04c1-424b-9868-57a2d4851a1d" />
    <TestEntry testId="56920c6f-05b9-0634-ff2d-dd90b540c0e9" executionId="4cbb2acd-2944-48d5-a051-adb3e8a9478a" testListId="8c84fa94-04c1-424b-9868-57a2d4851a1d" />
    <TestEntry testId="d9aae650-dc76-44b9-0b50-6cf8f55869e1" executionId="de6988a8-7a5a-4d27-a868-aea3e7f5407c" testListId="8c84fa94-04c1-424b-9868-57a2d4851a1d" />
    <TestEntry testId="342b8f7f-2a82-20b5-b26c-f5fe4c49f791" executionId="930a9390-be5d-44dc-8755-3a7b222398cb" testListId="8c84fa94-04c1-424b-9868-57a2d4851a1d" />
    <TestEntry testId="be9e4185-1684-9bad-f247-e9cf5d13e759" executionId="dbe8f9fc-f4f2-4e16-834e-7ab705198131" testListId="8c84fa94-04c1-424b-9868-57a2d4851a1d" />
    <TestEntry testId="5f2af1de-e546-2980-4be2-6b228a745388" executionId="0d5c7f08-da49-4c42-bbe2-7d829b81d478" testListId="8c84fa94-04c1-424b-9868-57a2d4851a1d" />
    <TestEntry testId="af89382e-366f-4f51-6a96-ee5e8aed55df" executionId="9f9a288d-7f3c-42f2-9152-c42cac0f2f08" testListId="8c84fa94-04c1-424b-9868-57a2d4851a1d" />
    <TestEntry testId="50c4d015-fb9a-ffd8-e6c9-f196b9c89e67" executionId="17ef3d0b-c093-43d0-8642-c2d8b7b9128e" testListId="8c84fa94-04c1-424b-9868-57a2d4851a1d" />
    <TestEntry testId="99b34987-ba92-81eb-f6eb-769542083b5f" executionId="5ddf377c-604e-41d1-ad5b-ad47cd4fdde3" testListId="8c84fa94-04c1-424b-9868-57a2d4851a1d" />
    <TestEntry testId="a3f7055c-e439-7707-6422-a1b93d6e2c45" executionId="6d3985be-1221-4a90-9311-ce41b3fd3c7d" testListId="8c84fa94-04c1-424b-9868-57a2d4851a1d" />
    <TestEntry testId="a799779d-133e-7d41-99ec-502f41ddc153" executionId="391139f3-fdac-47a1-8903-dede42565944" testListId="8c84fa94-04c1-424b-9868-57a2d4851a1d" />
    <TestEntry testId="e34de6a5-5f57-c953-a0ee-421d62e26c4c" executionId="4b725ad1-85f7-4496-97c8-8d21f391e8bd" testListId="8c84fa94-04c1-424b-9868-57a2d4851a1d" />
    <TestEntry testId="39506e72-a1ba-9b82-776d-6b9f159b2bd6" executionId="05de7d1e-8d7e-47da-9e0b-43c5dbe080d5" testListId="8c84fa94-04c1-424b-9868-57a2d4851a1d" />
    <TestEntry testId="ba52b13a-f54f-f86d-de71-5094aefa8f99" executionId="c1bac4a4-8770-4963-b742-71c6a1b10fb4" testListId="8c84fa94-04c1-424b-9868-57a2d4851a1d" />
    <TestEntry testId="270a257e-24da-16b7-6595-e3fddd9800b4" executionId="b5d0cd0f-5c2f-4fab-baee-8869e53f22a7" testListId="8c84fa94-04c1-424b-9868-57a2d4851a1d" />
    <TestEntry testId="be52f176-645e-d392-cbd1-ae8991587e9d" executionId="d79981fe-6415-4c41-aa5c-22ede349aa5d" testListId="8c84fa94-04c1-424b-9868-57a2d4851a1d" />
    <TestEntry testId="aac0a9f7-1c73-9590-cded-21acfdc20fe7" executionId="5be535f9-0cd2-48e3-9701-1437060636ac" testListId="8c84fa94-04c1-424b-9868-57a2d4851a1d" />
    <TestEntry testId="9ff8214d-c722-b098-f3f1-c9433165eb3e" executionId="e768f628-496f-4b8d-ba26-8a55e57d78f5" testListId="8c84fa94-04c1-424b-9868-57a2d4851a1d" />
    <TestEntry testId="1b1b7bdc-7bdd-260b-d0c7-d371eb7e546d" executionId="40ebf361-cfb7-4830-b9b8-5a6428f2742b" testListId="8c84fa94-04c1-424b-9868-57a2d4851a1d" />
    <TestEntry testId="444895a9-3e9c-93be-e8cf-ee7505352654" executionId="4332b307-43d5-4792-a5d9-12330a2919a1" testListId="8c84fa94-04c1-424b-9868-57a2d4851a1d" />
    <TestEntry testId="f474bff3-50ef-be8a-c258-692d366a8a47" executionId="b785c8c7-6b4f-4e00-be23-8decff93b92f" testListId="8c84fa94-04c1-424b-9868-57a2d4851a1d" />
    <TestEntry testId="559e5181-3408-767b-882d-6ab6a14c72ff" executionId="cf8b8be7-ff5d-41d1-a2bb-bd52a31497bd" testListId="8c84fa94-04c1-424b-9868-57a2d4851a1d" />
    <TestEntry testId="7742f8a4-b524-8418-3e42-94572e58ea85" executionId="4af9f796-ba98-4a02-aaf2-81e5cc2b0c0d" testListId="8c84fa94-04c1-424b-9868-57a2d4851a1d" />
    <TestEntry testId="a5f79078-96d5-c0dd-d472-78485b0023ba" executionId="04812851-8f4d-4ded-98fd-3620b6966c5f" testListId="8c84fa94-04c1-424b-9868-57a2d4851a1d" />
    <TestEntry testId="87b18356-0fa2-346b-8acc-387ead427865" executionId="ece8bb60-4726-4657-8573-4a0ff41cbe41" testListId="8c84fa94-04c1-424b-9868-57a2d4851a1d" />
    <TestEntry testId="96d896f1-97ad-d074-c333-376a66dc9171" executionId="22984dff-c237-4c61-9314-c668bb4e9edb" testListId="8c84fa94-04c1-424b-9868-57a2d4851a1d" />
    <TestEntry testId="1860ec70-d6cd-e5e9-2e4e-9d6113556558" executionId="c07724c8-87ae-4623-91e2-bf18897bfc52" testListId="8c84fa94-04c1-424b-9868-57a2d4851a1d" />
    <TestEntry testId="6ff91918-d14f-f10f-01ae-0b6a8d141ff7" executionId="37ad8fde-3e15-4d89-adbb-cc3f609e91ab" testListId="8c84fa94-04c1-424b-9868-57a2d4851a1d" />
    <TestEntry testId="db93112d-82b9-9a4d-a7ab-6fb205fe04a5" executionId="3c5b1189-791a-4542-a406-0af5ef6efb00" testListId="8c84fa94-04c1-424b-9868-57a2d4851a1d" />
    <TestEntry testId="d4e4459e-4e4b-4bcc-ed18-0a5cf77820ee" executionId="79fc20b8-dc5c-44ff-81cb-bc8d1de0c6b0" testListId="8c84fa94-04c1-424b-9868-57a2d4851a1d" />
    <TestEntry testId="68ccb6a0-0a32-72a5-c4e1-992149caf9d9" executionId="0759172a-b082-452c-b5c4-4131328b0e8a" testListId="8c84fa94-04c1-424b-9868-57a2d4851a1d" />
    <TestEntry testId="875bcea1-de66-43dd-9be6-63694cc77b25" executionId="8de0cbfb-bdf4-4143-9763-cbc6ed313965" testListId="8c84fa94-04c1-424b-9868-57a2d4851a1d" />
    <TestEntry testId="4dd883e5-76f8-1fd6-dedb-c94bc0363146" executionId="ac0cef67-719a-4220-a140-fb219ae9d639" testListId="8c84fa94-04c1-424b-9868-57a2d4851a1d" />
    <TestEntry testId="440577fe-bdae-f364-680c-6fdc0c90ddc7" executionId="5052a042-3a9b-4277-890f-171a3ad03747" testListId="8c84fa94-04c1-424b-9868-57a2d4851a1d" />
    <TestEntry testId="6aa0d825-352e-12e2-e9d6-4b6970a56970" executionId="f1d25b25-03a6-4e3f-9c17-4d4ee1d002a7" testListId="8c84fa94-04c1-424b-9868-57a2d4851a1d" />
    <TestEntry testId="feca0954-bd14-72ed-e2f3-febd9ed9aa1d" executionId="d0e84cbb-85c4-4835-abf4-fe6d1609fd8e" testListId="8c84fa94-04c1-424b-9868-57a2d4851a1d" />
    <TestEntry testId="681eba43-864c-06af-d147-aa378bd5c701" executionId="202648df-67c0-4256-925f-d9e5903a05ee" testListId="8c84fa94-04c1-424b-9868-57a2d4851a1d" />
    <TestEntry testId="c79e30b7-bdee-4086-a276-f11ba4888a53" executionId="ac5b0a77-2b9f-448e-97c6-1b5012f8a1c6" testListId="8c84fa94-04c1-424b-9868-57a2d4851a1d" />
    <TestEntry testId="3d71243d-a73d-bce4-5833-07e4c8528e1d" executionId="15747922-6e7c-41e5-8a51-0abcead5f759" testListId="8c84fa94-04c1-424b-9868-57a2d4851a1d" />
    <TestEntry testId="b00a68fb-029a-172a-9ac1-06f41f55ef81" executionId="300175a0-dd7a-4f92-a5f7-dd7726dab7b9" testListId="8c84fa94-04c1-424b-9868-57a2d4851a1d" />
    <TestEntry testId="3803bcca-09d6-ef11-5123-a94a9f43f1eb" executionId="ad08cb9c-c365-4c88-9b8a-c9db64801253" testListId="8c84fa94-04c1-424b-9868-57a2d4851a1d" />
    <TestEntry testId="e97ae24f-ac2f-4345-2c2a-54c942d7e945" executionId="85ac0d49-ebf7-45f9-9036-cff4a6b2463b" testListId="8c84fa94-04c1-424b-9868-57a2d4851a1d" />
    <TestEntry testId="a8d0b66e-3c5b-6bc2-7d44-37a119b6d9f4" executionId="16ea0f52-9332-46e5-b23b-ccf07952c164" testListId="8c84fa94-04c1-424b-9868-57a2d4851a1d" />
    <TestEntry testId="53f67c16-d512-e465-195a-34f1911f4901" executionId="510f27fb-2a0d-4889-a578-5925d733074c" testListId="8c84fa94-04c1-424b-9868-57a2d4851a1d" />
    <TestEntry testId="489d5e8d-5982-d194-60e7-73cf7a62a831" executionId="a8ae1405-8105-4382-8e93-76244b280c48" testListId="8c84fa94-04c1-424b-9868-57a2d4851a1d" />
    <TestEntry testId="158e73b6-09d2-3c34-669e-54356602b7ec" executionId="be41dd0a-1580-4e2d-a7ac-aff2bb533478" testListId="8c84fa94-04c1-424b-9868-57a2d4851a1d" />
    <TestEntry testId="8f3728f0-c662-f506-e532-cb2952d56045" executionId="3f38865c-37ee-4bc6-a348-7f1b9179c1d1" testListId="8c84fa94-04c1-424b-9868-57a2d4851a1d" />
    <TestEntry testId="65692c8e-88bd-d55a-a0b3-caeeedc271a1" executionId="d609dbd9-5602-4808-bb73-bbe3c928476a" testListId="8c84fa94-04c1-424b-9868-57a2d4851a1d" />
    <TestEntry testId="c69309cd-c599-2f63-3f42-43c21d8204d8" executionId="6c03f1e8-487e-4888-be20-8965aa9a3422" testListId="8c84fa94-04c1-424b-9868-57a2d4851a1d" />
    <TestEntry testId="5406fb6b-8719-5ec0-fd3a-9d1d45929e4f" executionId="ccc6a8a4-6d29-4728-8e0f-90d84d9ae620" testListId="8c84fa94-04c1-424b-9868-57a2d4851a1d" />
    <TestEntry testId="0d1d9412-0cdd-2f20-6c17-ba9f8ebbc553" executionId="1fe7f6d5-683e-4178-b674-08b6282503d5" testListId="8c84fa94-04c1-424b-9868-57a2d4851a1d" />
    <TestEntry testId="4b06f48a-1ac2-f72f-f886-34e539d3e72b" executionId="36a6c3a3-6940-4399-86bc-164c411e9995" testListId="8c84fa94-04c1-424b-9868-57a2d4851a1d" />
    <TestEntry testId="1cc1352e-23f1-23c2-a2f4-88c714c592cb" executionId="3f754b05-35e2-41c1-a13c-3c5097655a54" testListId="8c84fa94-04c1-424b-9868-57a2d4851a1d" />
    <TestEntry testId="4fb97ef2-c5a9-1dee-8550-2558bb227e10" executionId="34222d03-49ae-4478-8f5e-c2fbd49c7e8b" testListId="8c84fa94-04c1-424b-9868-57a2d4851a1d" />
    <TestEntry testId="36e751b1-d379-a6d3-c363-b5ae5709aa1b" executionId="9c4ba93f-20c4-4819-be00-abdf286a8a91" testListId="8c84fa94-04c1-424b-9868-57a2d4851a1d" />
    <TestEntry testId="d2deca7c-3a3d-0f18-8f1f-ea7b28c56688" executionId="bea8ec3d-357d-45b0-9c9d-705947798733" testListId="8c84fa94-04c1-424b-9868-57a2d4851a1d" />
    <TestEntry testId="b5fe4d80-a771-d795-9cf5-4a66a567f080" executionId="fa27c564-48d8-4ad0-ad6d-8b028d6c7469" testListId="8c84fa94-04c1-424b-9868-57a2d4851a1d" />
    <TestEntry testId="6eef128e-2629-28c4-294e-caa9abfe1e77" executionId="fc1bd23d-8554-4167-8d8e-d0dcfbf0736f" testListId="8c84fa94-04c1-424b-9868-57a2d4851a1d" />
    <TestEntry testId="d3a91505-cd4a-baa1-50b1-44dfab733a98" executionId="30211892-4ab5-42c0-aa3b-44967601470e" testListId="8c84fa94-04c1-424b-9868-57a2d4851a1d" />
    <TestEntry testId="81c93919-c20e-2813-2eb1-0bccec0d14c6" executionId="c7d4a0a1-e7ee-4904-bc38-97600288cf14" testListId="8c84fa94-04c1-424b-9868-57a2d4851a1d" />
    <TestEntry testId="34485d63-da71-1b61-32bf-f506cca6b3cc" executionId="b4a2a064-ec41-4877-9b6c-69268ada9ffa" testListId="8c84fa94-04c1-424b-9868-57a2d4851a1d" />
    <TestEntry testId="7f8fcc03-50e8-ab9b-8c2b-bf9763ab633b" executionId="4674658e-8438-44ea-a5cb-016f9e3c26b1" testListId="8c84fa94-04c1-424b-9868-57a2d4851a1d" />
    <TestEntry testId="72d528ab-d938-9637-922f-e14047d9eeff" executionId="41a74368-8931-43ce-aa98-ca8b9be2bae2" testListId="8c84fa94-04c1-424b-9868-57a2d4851a1d" />
    <TestEntry testId="dcd07c4f-612c-6e68-0b0c-4a4b76a087b5" executionId="d553060e-5be8-4684-b8c0-258fc3ff47a8" testListId="8c84fa94-04c1-424b-9868-57a2d4851a1d" />
    <TestEntry testId="8f58f6be-93f6-8d20-1959-801832527bd4" executionId="94df2454-b324-4d6d-b15d-a5e1bd47a2a6" testListId="8c84fa94-04c1-424b-9868-57a2d4851a1d" />
    <TestEntry testId="ddcb4ee4-5365-dfaa-cb65-e340de8752cc" executionId="056e6cb1-6324-4e27-b6c5-65b131ca4374" testListId="8c84fa94-04c1-424b-9868-57a2d4851a1d" />
    <TestEntry testId="137dcf16-29c0-a574-9539-2ee0cc284a4c" executionId="5b01bb68-c90f-4b7d-8cdb-a6c480704372" testListId="8c84fa94-04c1-424b-9868-57a2d4851a1d" />
    <TestEntry testId="db90cdae-a1b2-7ef2-1d5f-4ab928bf4951" executionId="2252d1d1-b720-47ed-8a58-7baef380a8f2" testListId="8c84fa94-04c1-424b-9868-57a2d4851a1d" />
    <TestEntry testId="35535d87-f63c-dc4a-d24b-9d8f63dbddac" executionId="6f7a4bc7-eb8c-4a64-b726-54282be3cbaf" testListId="8c84fa94-04c1-424b-9868-57a2d4851a1d" />
    <TestEntry testId="2bf88c35-dc49-70be-9ca9-7a60417aeb9a" executionId="4b520457-65fe-423d-be5a-d7f929fc461a" testListId="8c84fa94-04c1-424b-9868-57a2d4851a1d" />
    <TestEntry testId="9736a8ae-f308-ab55-366f-2db7b2222e2a" executionId="8a3ff55d-3c01-4a9e-84a0-6c1c9bc2ac89" testListId="8c84fa94-04c1-424b-9868-57a2d4851a1d" />
    <TestEntry testId="e99ccd07-0ccb-42be-9999-bc74deaacf44" executionId="09eec7ec-b3e4-4288-b38d-c550dbc6cefa" testListId="8c84fa94-04c1-424b-9868-57a2d4851a1d" />
    <TestEntry testId="3cd3b1b2-53a2-99e7-f269-5b4aa159b5e4" executionId="31de9e80-8a3b-4aa0-96d9-5b15a2c17e6a" testListId="8c84fa94-04c1-424b-9868-57a2d4851a1d" />
    <TestEntry testId="e911c4fa-1e99-dcf3-196d-3687b6c67446" executionId="80fca0d5-b373-4cfa-90c1-04e22d778686" testListId="8c84fa94-04c1-424b-9868-57a2d4851a1d" />
    <TestEntry testId="d7f27462-6704-d08a-95b8-e99863056ad7" executionId="09ebc1c3-288d-4b99-8c7d-791e53e8f6bb" testListId="8c84fa94-04c1-424b-9868-57a2d4851a1d" />
    <TestEntry testId="74b86e9a-6188-d98e-2f67-4a9ace7fd33e" executionId="d178f9bc-f591-4150-b490-3b698efa0d20" testListId="8c84fa94-04c1-424b-9868-57a2d4851a1d" />
    <TestEntry testId="c9e2e526-bc03-9448-8f9d-d4ac422b7473" executionId="d068a485-c804-42df-9d8c-a211a224d1b9" testListId="8c84fa94-04c1-424b-9868-57a2d4851a1d" />
    <TestEntry testId="9a3d7926-aee9-936e-569a-d006e336bfcb" executionId="d8aa8d98-710d-46dd-9f41-6ec162729cc0" testListId="8c84fa94-04c1-424b-9868-57a2d4851a1d" />
    <TestEntry testId="83631672-552f-dfce-daa3-28bbba2f670e" executionId="38542958-d026-4b3e-b4fe-fd4ceb94d4fb" testListId="8c84fa94-04c1-424b-9868-57a2d4851a1d" />
    <TestEntry testId="2816ff7f-bed3-2003-5b61-0459ae5ac828" executionId="b323855e-2ef2-4b05-9ee4-1a626897949f" testListId="8c84fa94-04c1-424b-9868-57a2d4851a1d" />
    <TestEntry testId="85ef9628-b330-df63-e0f9-c5f24aa74078" executionId="d52caf68-9adb-44a5-bf36-f7fc9d769b36" testListId="8c84fa94-04c1-424b-9868-57a2d4851a1d" />
    <TestEntry testId="27d5ab36-e134-151f-9531-716552d085c2" executionId="ea08afeb-48fa-4846-b5a0-a7e07a4da24c" testListId="8c84fa94-04c1-424b-9868-57a2d4851a1d" />
    <TestEntry testId="c3dae83f-80d8-e6ed-7f70-cd97e7498d26" executionId="731fcfab-6b30-4eab-9819-bde0d80bbb3a" testListId="8c84fa94-04c1-424b-9868-57a2d4851a1d" />
    <TestEntry testId="f20f172f-0ff8-a9be-f910-26b0f4098c1d" executionId="4a134478-f116-4d3e-aecc-3190226f3cce" testListId="8c84fa94-04c1-424b-9868-57a2d4851a1d" />
    <TestEntry testId="7be8c895-2c24-951c-351b-14dd4773fffb" executionId="273e4cd8-d6b9-421d-8c9c-940e5dbe4628" testListId="8c84fa94-04c1-424b-9868-57a2d4851a1d" />
    <TestEntry testId="3f31dbe9-06e2-6a2a-13b1-958cc5320b2c" executionId="3eefcfe8-1253-4d49-b1bd-7450540ecd60" testListId="8c84fa94-04c1-424b-9868-57a2d4851a1d" />
    <TestEntry testId="b3f25df2-bbf0-f1eb-b76b-e36e91215ec6" executionId="09da03f5-62b9-49dd-9a37-59e7e6879bad" testListId="8c84fa94-04c1-424b-9868-57a2d4851a1d" />
    <TestEntry testId="acb75f21-d78a-1ad7-20b2-f18a1ce3ed5b" executionId="722d6071-f849-4b43-9270-7efdcf52648d" testListId="8c84fa94-04c1-424b-9868-57a2d4851a1d" />
    <TestEntry testId="f30629b3-f1a4-db93-062d-b74e12960eb9" executionId="3b3b7654-457e-4bae-9ed4-9266473a00f1" testListId="8c84fa94-04c1-424b-9868-57a2d4851a1d" />
    <TestEntry testId="9c54aa12-fd89-c33f-e419-3ea044930a92" executionId="60264b51-37ab-4ebe-bd4a-6d8c98e56387" testListId="8c84fa94-04c1-424b-9868-57a2d4851a1d" />
    <TestEntry testId="e3a6b04a-5403-c41f-2de4-763cc43587bb" executionId="f6928a62-d97f-478c-a1ed-a6c409713142" testListId="8c84fa94-04c1-424b-9868-57a2d4851a1d" />
    <TestEntry testId="0afc5b19-2f9a-a4af-89db-f08c893b6820" executionId="58036b25-c778-4e03-9a9d-c4ea2edc6cbc" testListId="8c84fa94-04c1-424b-9868-57a2d4851a1d" />
    <TestEntry testId="acc3616e-6edb-c21d-85f8-23038da3543e" executionId="63254cad-acc4-4115-80ef-ff6390adad7c" testListId="8c84fa94-04c1-424b-9868-57a2d4851a1d" />
    <TestEntry testId="5b07b8b5-0843-c362-828d-b7a85b237cff" executionId="8353a779-af75-441f-8157-cdb8f51de64b" testListId="8c84fa94-04c1-424b-9868-57a2d4851a1d" />
    <TestEntry testId="efeeeeba-7374-d6a4-c7f7-3faa2a981326" executionId="76ec1e13-d779-441a-9d69-f39506fc99f0" testListId="8c84fa94-04c1-424b-9868-57a2d4851a1d" />
    <TestEntry testId="ee9b5af4-e9c6-d9cb-cf7b-5e10ca626f46" executionId="b6e44b26-2aff-491e-a94b-9d5bcc05cf47" testListId="8c84fa94-04c1-424b-9868-57a2d4851a1d" />
    <TestEntry testId="1af8c970-9b54-959f-3ed6-d23b016e9ec7" executionId="aee00c81-b754-4f55-a436-ed1bd947d6ca" testListId="8c84fa94-04c1-424b-9868-57a2d4851a1d" />
    <TestEntry testId="76ee60ce-bef2-38f8-84fa-8071278cc569" executionId="4fce6496-e950-4aac-b895-edc3447ab6c2" testListId="8c84fa94-04c1-424b-9868-57a2d4851a1d" />
    <TestEntry testId="223879b6-1bce-182a-ac69-2d7e1b786d11" executionId="53d7de35-6e2c-468c-a3ab-c82add9fdbb6" testListId="8c84fa94-04c1-424b-9868-57a2d4851a1d" />
    <TestEntry testId="3067b64d-f72d-4368-4e23-dce52d27333a" executionId="4ef628e4-9bab-4b76-8064-8d057dde94a1" testListId="8c84fa94-04c1-424b-9868-57a2d4851a1d" />
    <TestEntry testId="08b9aa2a-4c76-ae65-2ac2-b475d0e3b070" executionId="e99dd70a-a4de-4796-a645-22d9c2146f0c" testListId="8c84fa94-04c1-424b-9868-57a2d4851a1d" />
    <TestEntry testId="d5ea1aa1-4eed-c500-3b96-f6b4cdc873a8" executionId="2115e0d4-39e5-4a98-a0c7-49b2a8688677" testListId="8c84fa94-04c1-424b-9868-57a2d4851a1d" />
    <TestEntry testId="f8511e92-1ab8-f006-d255-49913a7dc87b" executionId="1022bbbf-161a-4285-8a81-0c965018854e" testListId="8c84fa94-04c1-424b-9868-57a2d4851a1d" />
    <TestEntry testId="ff6c75a8-130a-8924-3015-b235afcf0212" executionId="4a9d7c9d-777b-46bf-b1b2-443614ebf80c" testListId="8c84fa94-04c1-424b-9868-57a2d4851a1d" />
    <TestEntry testId="a0015672-68ce-89c4-1858-60a57ada23c1" executionId="5a031f80-d25f-441e-bde4-7e9a9ff9c478" testListId="8c84fa94-04c1-424b-9868-57a2d4851a1d" />
    <TestEntry testId="dd5c21a1-83eb-caf9-c51c-2774a75fa9c0" executionId="2a488916-4b5d-46d1-ab66-d074452fc644" testListId="8c84fa94-04c1-424b-9868-57a2d4851a1d" />
    <TestEntry testId="130f1d31-4e3b-f47a-5ffa-e1e0aa4b66b9" executionId="c944e057-f0b8-4dd1-a327-53adc688b31d" testListId="8c84fa94-04c1-424b-9868-57a2d4851a1d" />
    <TestEntry testId="2542f3d1-3cdc-cf6a-9a74-108a02079f30" executionId="0ddf8283-4a45-404b-9cd0-bcbd88525f20" testListId="8c84fa94-04c1-424b-9868-57a2d4851a1d" />
    <TestEntry testId="001f96d2-83cb-0e28-b3e5-56086532567c" executionId="0efe49f3-f446-4f8f-9ffc-aca47955b9e3" testListId="8c84fa94-04c1-424b-9868-57a2d4851a1d" />
    <TestEntry testId="978eb37b-9205-133a-243e-f6d1f0a5fd91" executionId="902c2c60-6de9-4cd3-8d5f-33401ef0e5a5" testListId="8c84fa94-04c1-424b-9868-57a2d4851a1d" />
    <TestEntry testId="25fc7e88-a2c3-3844-bb7c-510941df4618" executionId="c3ef57c6-2b9e-4585-a95f-28a734f258ea" testListId="8c84fa94-04c1-424b-9868-57a2d4851a1d" />
    <TestEntry testId="ef3ab5a6-ab64-2248-5466-efa07c45b7f4" executionId="4cd9c6f0-466e-4514-bb79-5916bc0fee72" testListId="8c84fa94-04c1-424b-9868-57a2d4851a1d" />
    <TestEntry testId="41caa7ba-f856-c906-dff0-8d244b9f6d95" executionId="ccb82ff2-f18e-4332-854f-58460b6bfe4e" testListId="8c84fa94-04c1-424b-9868-57a2d4851a1d" />
    <TestEntry testId="785bcb6a-a901-4c1b-60ba-1af9a59d4f8a" executionId="40ee09d2-2dff-4378-a58f-5f9d30aa08e9" testListId="8c84fa94-04c1-424b-9868-57a2d4851a1d" />
    <TestEntry testId="4c958b94-ea17-6bbf-3521-d59112a0937f" executionId="f349d790-d2f3-40ee-9bef-14cdf9731188" testListId="8c84fa94-04c1-424b-9868-57a2d4851a1d" />
    <TestEntry testId="0e8e8f51-e792-357b-775e-46170c5c6d6b" executionId="93dc8750-1459-4b28-af51-5b46ddb80d16" testListId="8c84fa94-04c1-424b-9868-57a2d4851a1d" />
    <TestEntry testId="14983635-813a-a1e2-d7f3-99a0e0a5521d" executionId="83e43472-9369-4f82-b5d5-ba93abb0f3bd" testListId="8c84fa94-04c1-424b-9868-57a2d4851a1d" />
    <TestEntry testId="b2202068-dd01-3c42-d6c6-818152ed9597" executionId="7ddb3850-7d67-4e20-a1b5-21f082f5d3aa" testListId="8c84fa94-04c1-424b-9868-57a2d4851a1d" />
    <TestEntry testId="70027afe-27b0-3017-ebbc-8fc0f42ca82f" executionId="4269da3e-47bc-4be0-9c60-7da7d9d203d6" testListId="8c84fa94-04c1-424b-9868-57a2d4851a1d" />
    <TestEntry testId="c96481bf-026f-b4f1-4712-7c2424dec067" executionId="69fbd3f3-951c-4fd9-89d9-71557b0daf19" testListId="8c84fa94-04c1-424b-9868-57a2d4851a1d" />
    <TestEntry testId="531e2ccf-1e8d-f6f7-f55a-93fb4331821d" executionId="d141ae26-0e7a-47be-b6de-b08c511f2857" testListId="8c84fa94-04c1-424b-9868-57a2d4851a1d" />
    <TestEntry testId="70971d6f-006f-6b7c-1193-edcff8bb49bd" executionId="78cac9aa-8c04-44b6-b479-90c104cbb7a3" testListId="8c84fa94-04c1-424b-9868-57a2d4851a1d" />
    <TestEntry testId="e7e078de-2425-c7b4-c3e2-f67e5862d887" executionId="8abe522a-8e78-4b53-b9ed-9f48a3186da1" testListId="8c84fa94-04c1-424b-9868-57a2d4851a1d" />
    <TestEntry testId="1c31798d-ebb8-6716-a1de-beac6a67d99f" executionId="d741a02b-91f5-40ba-b9fd-f9e7917c4c8e" testListId="8c84fa94-04c1-424b-9868-57a2d4851a1d" />
    <TestEntry testId="94c9c17d-5b29-dbc2-e9fb-ad06e996284d" executionId="3b2291c9-5585-40ca-b58f-3310ca5cebc0" testListId="8c84fa94-04c1-424b-9868-57a2d4851a1d" />
    <TestEntry testId="b4b7e18f-651d-e1f8-ff22-f004b70110a9" executionId="645ce086-1df7-455b-9456-10fe9ebc65d4" testListId="8c84fa94-04c1-424b-9868-57a2d4851a1d" />
    <TestEntry testId="17fa2fd1-7883-271f-267b-2cd622394c50" executionId="f3376c13-f58f-4c1a-b649-949603f595b6" testListId="8c84fa94-04c1-424b-9868-57a2d4851a1d" />
    <TestEntry testId="b51d282a-fa74-3472-3807-95d6f3d23f2f" executionId="4bf1a7fd-41b6-4aa5-ab95-76bb0d4505f5" testListId="8c84fa94-04c1-424b-9868-57a2d4851a1d" />
    <TestEntry testId="ac46994b-04a8-77ef-2066-246951340cea" executionId="59f4c77f-8bca-4e87-90d6-87c0f83d3073" testListId="8c84fa94-04c1-424b-9868-57a2d4851a1d" />
    <TestEntry testId="d9341b03-4633-4c3c-606b-082a601aa165" executionId="b2409aad-56f6-4426-9172-dc496bcb1042" testListId="8c84fa94-04c1-424b-9868-57a2d4851a1d" />
    <TestEntry testId="927fcf95-531f-3f66-c3c7-cf916d91798a" executionId="2dac6b33-2a35-400d-bc93-a3755d128d69" testListId="8c84fa94-04c1-424b-9868-57a2d4851a1d" />
    <TestEntry testId="f96482fd-4b5b-b380-26cc-fd8ddcb86a8c" executionId="292a2e2d-18bf-4531-a4c8-844146b5cb9a" testListId="8c84fa94-04c1-424b-9868-57a2d4851a1d" />
    <TestEntry testId="e5d573ef-e69c-862b-8cbc-95ce7e56f71c" executionId="2f2f483e-cea4-469a-9402-46d4f447c618" testListId="8c84fa94-04c1-424b-9868-57a2d4851a1d" />
    <TestEntry testId="e55b8c51-82d3-d274-536b-026dd8f98a4e" executionId="8c78cd51-5c28-4a0a-84d7-a19c1f4c9a2a" testListId="8c84fa94-04c1-424b-9868-57a2d4851a1d" />
    <TestEntry testId="d925d153-e12c-6dcf-09cc-189e9fc381bf" executionId="7ccde46c-d90f-4faf-a404-e55842ace9f8" testListId="8c84fa94-04c1-424b-9868-57a2d4851a1d" />
    <TestEntry testId="af3b303a-8825-f37f-fd4e-b39828971201" executionId="e502f064-8200-417d-a9ac-10365e3ee16c" testListId="8c84fa94-04c1-424b-9868-57a2d4851a1d" />
    <TestEntry testId="913e1e71-017b-1ef9-c257-070388fbfd68" executionId="ed9f4588-2af4-4abe-847d-1f9ee3ed903b" testListId="8c84fa94-04c1-424b-9868-57a2d4851a1d" />
    <TestEntry testId="9ff6268d-5453-69d9-7a5d-560fa480cf29" executionId="aadf7bef-c9fd-4069-b4be-8d91cbcdf2e9" testListId="8c84fa94-04c1-424b-9868-57a2d4851a1d" />
    <TestEntry testId="b94988f6-0880-a8b5-f4a5-9fa1abe166d1" executionId="d3b9fa19-b0a5-4be7-ac38-cefb4e5aa749" testListId="8c84fa94-04c1-424b-9868-57a2d4851a1d" />
    <TestEntry testId="945415cd-224b-6a51-d662-ea13ef7f9084" executionId="7ec7fd94-4ad2-4fee-bc8d-b4c07e343f62" testListId="8c84fa94-04c1-424b-9868-57a2d4851a1d" />
    <TestEntry testId="fa98cbad-f28a-a13a-1cad-c4a1e8ece779" executionId="1b6b8c71-a1e1-462b-9566-70c20999db99" testListId="8c84fa94-04c1-424b-9868-57a2d4851a1d" />
    <TestEntry testId="25f38605-f8c7-ce11-a81c-bbb611d669a8" executionId="d8d760ce-04a4-4fa6-980b-7fe6abb0f7b0" testListId="8c84fa94-04c1-424b-9868-57a2d4851a1d" />
    <TestEntry testId="4cbff1e7-792c-03a2-2ac7-e1c18ad2e327" executionId="296f32b3-a885-4a28-81fa-e07f87fdb02e" testListId="8c84fa94-04c1-424b-9868-57a2d4851a1d" />
    <TestEntry testId="b3831e90-6f33-ed0c-47d4-34fdb0707b81" executionId="0b11a6ae-cea3-4a5d-b331-23a7c0f8ac30" testListId="8c84fa94-04c1-424b-9868-57a2d4851a1d" />
    <TestEntry testId="9ceb2df6-706b-6b77-4b6f-53f10678b1b7" executionId="fc84b00f-dcee-4d9e-8457-caf6ed7829b2" testListId="8c84fa94-04c1-424b-9868-57a2d4851a1d" />
    <TestEntry testId="aa018921-380f-7413-c103-457db55cc6d3" executionId="78b9f495-f8f7-478a-ac1a-c69676b0a7d6" testListId="8c84fa94-04c1-424b-9868-57a2d4851a1d" />
    <TestEntry testId="093f7c02-46d7-a5f5-7758-9246e49e6a3f" executionId="34ac0ca0-bd5b-4d16-9d4e-a2a6e4f80d4b" testListId="8c84fa94-04c1-424b-9868-57a2d4851a1d" />
    <TestEntry testId="08dec44d-1c08-9a76-c0ec-d0a7bbbd645e" executionId="a91e7645-4027-4912-9b72-4b52b2061a8b" testListId="8c84fa94-04c1-424b-9868-57a2d4851a1d" />
    <TestEntry testId="1115d730-5f04-a13a-0ac8-51185c798157" executionId="12c01352-341f-49ab-b80f-0cf3f2578efd" testListId="8c84fa94-04c1-424b-9868-57a2d4851a1d" />
    <TestEntry testId="be49edaa-7c8c-214f-98ad-1b05c75472a4" executionId="2820c8b2-479e-480d-8698-d5d4d74da312" testListId="8c84fa94-04c1-424b-9868-57a2d4851a1d" />
    <TestEntry testId="7659c934-2fed-c911-0cab-cf9b2974fa9d" executionId="5f4fe1a9-66d9-4fa5-9e0b-73e2bea41aea" testListId="8c84fa94-04c1-424b-9868-57a2d4851a1d" />
    <TestEntry testId="8091c5f3-25f9-3c88-8050-0b10ac36b516" executionId="b23fd788-b72c-4ea3-beed-e6585723b241" testListId="8c84fa94-04c1-424b-9868-57a2d4851a1d" />
    <TestEntry testId="4f3bc137-5510-9460-5012-f58e75f6f1d3" executionId="bf198f1f-53bf-4541-828f-ac58ea5d654e" testListId="8c84fa94-04c1-424b-9868-57a2d4851a1d" />
    <TestEntry testId="0e3bbfa9-9b4c-e217-20f7-06aef70f85d5" executionId="eb009ac2-6278-4f1a-ab49-3e4f5538eb48" testListId="8c84fa94-04c1-424b-9868-57a2d4851a1d" />
    <TestEntry testId="86f38614-9c5c-f32f-62f9-f28cf561de7a" executionId="8dfb12b4-2d01-433c-897c-9edf9a78d958" testListId="8c84fa94-04c1-424b-9868-57a2d4851a1d" />
    <TestEntry testId="312229e0-7722-5a64-625c-c70b33ebc0ed" executionId="5ebdcb9a-5ad1-43a0-97a8-471652c27303" testListId="8c84fa94-04c1-424b-9868-57a2d4851a1d" />
    <TestEntry testId="32a663b5-f76e-790f-860f-745f62686405" executionId="e1fd2786-efd3-4f7c-a2c8-e35f4aced552" testListId="8c84fa94-04c1-424b-9868-57a2d4851a1d" />
    <TestEntry testId="0db6cea0-7252-b647-3ba1-5f00dccc86b6" executionId="8f8abc58-37bd-464b-896a-3ab29fb84490" testListId="8c84fa94-04c1-424b-9868-57a2d4851a1d" />
    <TestEntry testId="0555bb83-c294-2c07-157a-b35cfe77bdd2" executionId="7ade3012-7d33-4462-9006-680115a10d1b" testListId="8c84fa94-04c1-424b-9868-57a2d4851a1d" />
    <TestEntry testId="c6f1ddfe-dc6c-90ef-5793-d6b03235aede" executionId="95ee1286-336f-43cc-9378-689695b72651" testListId="8c84fa94-04c1-424b-9868-57a2d4851a1d" />
    <TestEntry testId="7e23d842-da1b-be71-e958-228dc413da09" executionId="1ab71154-8123-46a2-9b67-0761f5f97d09" testListId="8c84fa94-04c1-424b-9868-57a2d4851a1d" />
    <TestEntry testId="41ee5629-d500-34d1-bd2a-75d66e6c1c01" executionId="b5a1e5a8-5b61-4322-8f40-8f951f294823" testListId="8c84fa94-04c1-424b-9868-57a2d4851a1d" />
    <TestEntry testId="a92a1664-5348-c36d-d881-f355c36e3a61" executionId="7e726f6f-648e-497b-aa6f-73767f79f019" testListId="8c84fa94-04c1-424b-9868-57a2d4851a1d" />
    <TestEntry testId="533da458-02c6-f071-52ef-1db5a6ae00db" executionId="21c3e7e8-a010-4e31-9186-e17cc930cdfa" testListId="8c84fa94-04c1-424b-9868-57a2d4851a1d" />
    <TestEntry testId="7ba31baf-48d0-73d7-0128-b14ca25f62b0" executionId="98cca68a-37f0-44e9-ba48-d57b226d5812" testListId="8c84fa94-04c1-424b-9868-57a2d4851a1d" />
    <TestEntry testId="3cbb6295-6508-d2f3-02da-5c61b6a21f24" executionId="b69ff73f-9216-4bfc-ae01-e358d01b56b1" testListId="8c84fa94-04c1-424b-9868-57a2d4851a1d" />
    <TestEntry testId="720ad9f3-d678-fa3e-4723-3c4456aab4c4" executionId="f0f461cb-a31f-4316-b401-4381320da382" testListId="8c84fa94-04c1-424b-9868-57a2d4851a1d" />
    <TestEntry testId="8c4a5e21-f8cf-c703-1537-a1b2f2ea6095" executionId="5d71d7a6-df42-44bd-9239-360fb01089e8" testListId="8c84fa94-04c1-424b-9868-57a2d4851a1d" />
    <TestEntry testId="59310481-64b7-242c-7522-61f64873c88b" executionId="14c28094-3f7f-4e81-b31f-745c95807852" testListId="8c84fa94-04c1-424b-9868-57a2d4851a1d" />
    <TestEntry testId="e71f9197-dd92-de2f-20c0-30b52784395c" executionId="1e3be43a-4c97-4821-80b4-29d96ce76432" testListId="8c84fa94-04c1-424b-9868-57a2d4851a1d" />
    <TestEntry testId="95235238-1613-617d-5f3d-927cfdd5d472" executionId="bff23ede-b9a2-4a8e-bd97-ea99913f6006" testListId="8c84fa94-04c1-424b-9868-57a2d4851a1d" />
    <TestEntry testId="6c76e73f-e05c-df6d-d125-847a9b06671b" executionId="d82cf834-8c4b-4ac6-8050-a32e0a8d4a17" testListId="8c84fa94-04c1-424b-9868-57a2d4851a1d" />
    <TestEntry testId="910f3d4d-507b-a513-9417-29fe87e1a242" executionId="4095c4e4-aded-48c8-bc34-bdc9e5636da3" testListId="8c84fa94-04c1-424b-9868-57a2d4851a1d" />
    <TestEntry testId="e7fbce8b-95c9-d055-40af-2eb2cd0c6e85" executionId="4506f903-c33e-4b31-8a4c-6c7018364f65" testListId="8c84fa94-04c1-424b-9868-57a2d4851a1d" />
    <TestEntry testId="3989b743-87a0-8a10-8f96-8667b762d36d" executionId="fac0efd9-d0c6-41fa-bbae-849e973afd84" testListId="8c84fa94-04c1-424b-9868-57a2d4851a1d" />
    <TestEntry testId="fb528f51-6138-c899-b8ba-284fcc9a5fb5" executionId="c52e6b83-93f0-48f1-b648-cb14e3b7e82b" testListId="8c84fa94-04c1-424b-9868-57a2d4851a1d" />
    <TestEntry testId="1ff61087-88e9-c98e-4497-f32bf1d35743" executionId="45bd927b-fae9-4325-9d51-b1c820dfde2b" testListId="8c84fa94-04c1-424b-9868-57a2d4851a1d" />
    <TestEntry testId="d1b98b23-1cc3-567e-9dd3-c90ab73a1c49" executionId="b5f8c329-205b-4248-b58d-e9254cfb3652" testListId="8c84fa94-04c1-424b-9868-57a2d4851a1d" />
    <TestEntry testId="687407b3-9e8a-919b-d872-f2d4c561becd" executionId="c7162bd6-fcc8-4b66-b339-975c95251581" testListId="8c84fa94-04c1-424b-9868-57a2d4851a1d" />
    <TestEntry testId="4e64cd4b-8460-795a-a6d1-2ef8580cfe6b" executionId="ea403d33-5350-49d5-aec8-0dfa0ec219a4" testListId="8c84fa94-04c1-424b-9868-57a2d4851a1d" />
    <TestEntry testId="a31574ef-97fc-5bd5-6389-ec8df1c72cbf" executionId="e35eea4a-0d62-45f9-8ece-b2374e864acb" testListId="8c84fa94-04c1-424b-9868-57a2d4851a1d" />
    <TestEntry testId="5424beba-b71d-4289-8a81-194d1376ec51" executionId="fee2c377-e707-4384-8ecb-db05ef223a4d" testListId="8c84fa94-04c1-424b-9868-57a2d4851a1d" />
    <TestEntry testId="8e57b05e-4a94-f936-5706-9c805c0399ef" executionId="f7baf349-3339-44b2-a4dd-333f9c8da135" testListId="8c84fa94-04c1-424b-9868-57a2d4851a1d" />
    <TestEntry testId="f486e50b-d0d7-e7e5-7ac6-12b2e6a106c7" executionId="49b7615b-74d0-4325-9cc0-dc94f054f354" testListId="8c84fa94-04c1-424b-9868-57a2d4851a1d" />
    <TestEntry testId="fb5bca7d-97e7-6c84-7db1-7fc35010778a" executionId="a5456717-5133-4595-9dfb-acd7eaefbded" testListId="8c84fa94-04c1-424b-9868-57a2d4851a1d" />
    <TestEntry testId="f56edd7c-0908-1112-b2f1-a3b7e2877ef7" executionId="39665a08-41d6-4e41-9575-51c500099568" testListId="8c84fa94-04c1-424b-9868-57a2d4851a1d" />
    <TestEntry testId="9dfccd12-d1ec-f387-9e0e-0302280e9cb3" executionId="0d9f6bb6-eb23-4a40-af88-04d0b7be1709" testListId="8c84fa94-04c1-424b-9868-57a2d4851a1d" />
    <TestEntry testId="af93436a-066a-98dc-99ac-d8fd21f2b4a0" executionId="3bd8157c-a66f-4407-985f-5cbdd15ca0b2" testListId="8c84fa94-04c1-424b-9868-57a2d4851a1d" />
    <TestEntry testId="c1426c9a-c6b9-d2a8-9060-49b1d7b4553b" executionId="59a8b09e-40ed-4e10-ab38-d68a6bbd74b4" testListId="8c84fa94-04c1-424b-9868-57a2d4851a1d" />
    <TestEntry testId="fef761e6-95f2-c8ab-544c-61a677b6f82f" executionId="8686dfec-970c-4211-959d-d3cc250ce14b" testListId="8c84fa94-04c1-424b-9868-57a2d4851a1d" />
    <TestEntry testId="ec554268-9c1f-9658-273b-53b03f43f4fb" executionId="dd170daa-6603-428d-9511-d615637dde35" testListId="8c84fa94-04c1-424b-9868-57a2d4851a1d" />
    <TestEntry testId="1d054e10-b9f0-cd43-abb1-c8e31c326452" executionId="3c80a492-df7e-4880-b436-39ff3cad6c17" testListId="8c84fa94-04c1-424b-9868-57a2d4851a1d" />
    <TestEntry testId="a3e184f2-fa33-1b45-445c-f37fcdb5e5d4" executionId="f0c91142-2d0e-4e32-8a0d-f9e05b42a56e" testListId="8c84fa94-04c1-424b-9868-57a2d4851a1d" />
    <TestEntry testId="87ea9e95-9b52-8332-11b6-09e963cda5e4" executionId="e6b54330-cea3-4589-ac6e-030164efc615" testListId="8c84fa94-04c1-424b-9868-57a2d4851a1d" />
    <TestEntry testId="1c970708-7220-1d19-b08c-918ece35ceca" executionId="51587b27-09d0-4c06-a49d-7da377b67488" testListId="8c84fa94-04c1-424b-9868-57a2d4851a1d" />
    <TestEntry testId="e8a795c8-e6f3-a9e8-7363-231655bd14dc" executionId="cc105ad2-89fb-4d14-8d4b-d143e16847af" testListId="8c84fa94-04c1-424b-9868-57a2d4851a1d" />
    <TestEntry testId="839e5d01-ff9c-ae4d-c090-45a2702211e7" executionId="cc7e3fed-3bba-4fe1-9bb0-712adffc7210" testListId="8c84fa94-04c1-424b-9868-57a2d4851a1d" />
    <TestEntry testId="ba4cabca-f150-4d30-24b9-afc75cce1b1d" executionId="a7de9be0-c3ab-4082-aef0-cdc47081a3fd" testListId="8c84fa94-04c1-424b-9868-57a2d4851a1d" />
    <TestEntry testId="1b77a11b-09d6-cae8-55f2-6ec94fecd3fe" executionId="6e76ec8a-0d54-41ed-97a6-2bd6f0202e35" testListId="8c84fa94-04c1-424b-9868-57a2d4851a1d" />
    <TestEntry testId="c5a091a8-3777-c837-979d-5138bbc3ce18" executionId="d54334e7-3adc-476f-92f3-4a709dc3066b" testListId="8c84fa94-04c1-424b-9868-57a2d4851a1d" />
    <TestEntry testId="80319ecc-fd7d-1ddc-9587-c87744ed0a84" executionId="58bed70a-2703-4b27-a97d-56eaf16881ac" testListId="8c84fa94-04c1-424b-9868-57a2d4851a1d" />
    <TestEntry testId="6a777aaa-b3db-1fce-6d0a-780e1a49c3a3" executionId="49db42de-7dde-4449-9ab0-9053c3a8e181" testListId="8c84fa94-04c1-424b-9868-57a2d4851a1d" />
    <TestEntry testId="21c221f2-16e4-27ff-9a59-45142306ec18" executionId="0fc1f5a6-bc34-453a-a8da-7a2f7063dbfe" testListId="8c84fa94-04c1-424b-9868-57a2d4851a1d" />
    <TestEntry testId="8137583d-b5a2-8cc4-15ed-97b48f8e86ed" executionId="ec090a62-b6b2-440c-b646-11726e58daed" testListId="8c84fa94-04c1-424b-9868-57a2d4851a1d" />
    <TestEntry testId="119397cd-d70f-a4d1-b4e5-13839acd1c1a" executionId="7dd07b8a-c024-423c-9016-93fe3e1ab286" testListId="8c84fa94-04c1-424b-9868-57a2d4851a1d" />
    <TestEntry testId="015dd19c-21b5-8eca-7e11-71cb1016796e" executionId="4f76935f-9c9a-4aad-b8e5-16f029950005" testListId="8c84fa94-04c1-424b-9868-57a2d4851a1d" />
    <TestEntry testId="07ef1fc8-808f-18ea-5e95-67c94ec4e422" executionId="6a4a28de-8505-4267-b122-ab5d80668ad2" testListId="8c84fa94-04c1-424b-9868-57a2d4851a1d" />
    <TestEntry testId="f547ba9a-3e8a-0280-9c82-47b0dd4ab792" executionId="fd9d7202-ec1c-4174-8489-a48cd2302e1d" testListId="8c84fa94-04c1-424b-9868-57a2d4851a1d" />
    <TestEntry testId="8fe7098d-89ed-03ab-9d4e-6890a79e2249" executionId="1963de64-1443-4d85-8556-10809f18a666" testListId="8c84fa94-04c1-424b-9868-57a2d4851a1d" />
    <TestEntry testId="f4810eaf-c25a-8ccd-99f1-05c4d09bd707" executionId="e1bcb2c5-4ab2-4162-848e-eb00114dad6e" testListId="8c84fa94-04c1-424b-9868-57a2d4851a1d" />
    <TestEntry testId="0c386d09-84d1-9cae-13d9-2693f8757153" executionId="327914b8-4629-4f7a-9410-e29a06df8cd8" testListId="8c84fa94-04c1-424b-9868-57a2d4851a1d" />
    <TestEntry testId="15545652-b05c-7610-0ef9-a9ee3a46f84b" executionId="dd0f272d-faa4-4993-aa40-124111be5169" testListId="8c84fa94-04c1-424b-9868-57a2d4851a1d" />
    <TestEntry testId="5e72fdcb-d208-7bdf-a586-0c95eaa2d468" executionId="0bb2593c-5be6-4e05-a317-ce8b947a167a" testListId="8c84fa94-04c1-424b-9868-57a2d4851a1d" />
    <TestEntry testId="93ec89d5-9dd0-e72b-aa79-a64f74489a11" executionId="d30cccd0-7b42-411f-b760-98a9accfdb76" testListId="8c84fa94-04c1-424b-9868-57a2d4851a1d" />
    <TestEntry testId="74a9c605-a1c8-e422-9762-4610872fe578" executionId="e0cde03b-742a-4531-ae38-d221dc48ccb8" testListId="8c84fa94-04c1-424b-9868-57a2d4851a1d" />
    <TestEntry testId="b8e6fe2d-c2e3-78bf-824f-4f0be8730c44" executionId="7e3c2670-8c0f-4710-99c8-dc19a8ef2566" testListId="8c84fa94-04c1-424b-9868-57a2d4851a1d" />
    <TestEntry testId="c8a84429-c2e8-13fb-6013-9dc2128f754d" executionId="43d555cc-e9b4-478b-b085-e8b8d0f92466" testListId="8c84fa94-04c1-424b-9868-57a2d4851a1d" />
    <TestEntry testId="7ab556a2-1595-6a91-9504-077b9dfa0dcd" executionId="817ba9df-e3aa-446c-8458-3325ee2e4c80" testListId="8c84fa94-04c1-424b-9868-57a2d4851a1d" />
    <TestEntry testId="6f14fc4c-bdba-997f-b189-7c5e690cf465" executionId="a023e03e-c770-4f40-8638-82df01a5cf77" testListId="8c84fa94-04c1-424b-9868-57a2d4851a1d" />
    <TestEntry testId="4018a871-05a7-8916-52cc-01ad41c28410" executionId="0ce0a58d-a1c2-4724-a587-efc40ccc9a21" testListId="8c84fa94-04c1-424b-9868-57a2d4851a1d" />
    <TestEntry testId="9ba25b4a-fbbc-78e4-6dfd-938192b3d92a" executionId="db883096-43ea-49a3-8697-621c9204a8eb" testListId="8c84fa94-04c1-424b-9868-57a2d4851a1d" />
    <TestEntry testId="be3bcf3d-4569-b788-8b77-5ebacd88cb20" executionId="83f69bdb-63c3-468a-bb85-407923d2be68" testListId="8c84fa94-04c1-424b-9868-57a2d4851a1d" />
    <TestEntry testId="f677ecbc-a37b-de6c-6108-d44b19746e79" executionId="fa4ed6de-f8c8-4eb2-a0ae-826ff06997d4" testListId="8c84fa94-04c1-424b-9868-57a2d4851a1d" />
    <TestEntry testId="84aff556-9090-2020-f213-d7eee6c9a7c6" executionId="7537e683-6adb-45ec-bd6e-df41da60f15d" testListId="8c84fa94-04c1-424b-9868-57a2d4851a1d" />
    <TestEntry testId="73ca717a-4a62-2b9e-b5cb-67553ca16863" executionId="15284155-1a52-4fa3-af9e-67940fc499f0" testListId="8c84fa94-04c1-424b-9868-57a2d4851a1d" />
    <TestEntry testId="9df0e07a-e910-2de1-3332-2bfc3045324c" executionId="2f715c48-6aaa-4c80-8b2a-7eaf45d41041" testListId="8c84fa94-04c1-424b-9868-57a2d4851a1d" />
    <TestEntry testId="9e28bec4-c408-3041-cda4-91100c861ab7" executionId="d10e8819-1b17-46eb-9967-8dde7769404f" testListId="8c84fa94-04c1-424b-9868-57a2d4851a1d" />
    <TestEntry testId="6cf36fc4-07c4-7b32-5293-af5d68c60034" executionId="1732f011-abc4-4489-89b9-f8062d71f830" testListId="8c84fa94-04c1-424b-9868-57a2d4851a1d" />
    <TestEntry testId="26e7c1be-3d63-b011-e9de-0064ed7a5e30" executionId="8b4e11ad-cb12-425b-bd65-ba2dcf679d61" testListId="8c84fa94-04c1-424b-9868-57a2d4851a1d" />
    <TestEntry testId="c9399038-9335-219b-086e-45a33a5c904b" executionId="58762919-60ae-451e-9998-0b7404bc337d" testListId="8c84fa94-04c1-424b-9868-57a2d4851a1d" />
    <TestEntry testId="fe07232f-8808-36f4-23c6-0ae11f9d06e8" executionId="0678a90d-aeca-42fb-a941-88db3d6f8334" testListId="8c84fa94-04c1-424b-9868-57a2d4851a1d" />
    <TestEntry testId="1cbfcdfa-2dd8-f401-9c22-685c920f3fd3" executionId="4feb7723-6047-436a-a2e8-7ec981212b99" testListId="8c84fa94-04c1-424b-9868-57a2d4851a1d" />
    <TestEntry testId="92bfa08a-7b93-51c5-e613-5cc06a9ca4a0" executionId="bad6e2a2-136f-4933-bad8-62f64f4f42f4" testListId="8c84fa94-04c1-424b-9868-57a2d4851a1d" />
    <TestEntry testId="8f0453c7-4de9-9feb-8603-63a89ec9dc75" executionId="71a05da5-d94a-43c4-996b-f5a30ce00642" testListId="8c84fa94-04c1-424b-9868-57a2d4851a1d" />
    <TestEntry testId="840e3ed7-868c-2ede-a02c-7571f4acfb0b" executionId="9d34f0fd-cd86-486e-b2e3-5232933479cf" testListId="8c84fa94-04c1-424b-9868-57a2d4851a1d" />
    <TestEntry testId="20198bf9-3eb9-2750-9338-7fcd24a7dba1" executionId="1e85d8fe-c5c2-44e4-8c41-d136e206e4e4" testListId="8c84fa94-04c1-424b-9868-57a2d4851a1d" />
    <TestEntry testId="ceeeb36b-b7e8-0c89-cfc9-e2c8367bd453" executionId="b7dd3a7d-64b0-4b62-bd10-ef506f715722" testListId="8c84fa94-04c1-424b-9868-57a2d4851a1d" />
    <TestEntry testId="3c4f1715-736c-2242-54ea-d776af7e17a9" executionId="160dd3c6-5718-4ab1-99b5-35dbc0dc50e5" testListId="8c84fa94-04c1-424b-9868-57a2d4851a1d" />
    <TestEntry testId="02346abb-3087-4fb2-13ee-f314a8f029b6" executionId="8e5e7da3-d856-48df-ac8a-be3b468df75a" testListId="8c84fa94-04c1-424b-9868-57a2d4851a1d" />
    <TestEntry testId="ed886e6a-9135-5696-d7ff-eb253c1dc7d1" executionId="8c2ddd49-5427-4a00-9123-93a2d9d905ca" testListId="8c84fa94-04c1-424b-9868-57a2d4851a1d" />
    <TestEntry testId="7edb74d7-c5e2-9c1f-fcbf-d167c6d11f64" executionId="555292af-7923-494b-9bf8-f003faba556e" testListId="8c84fa94-04c1-424b-9868-57a2d4851a1d" />
    <TestEntry testId="bd2d0826-76d7-147e-adae-f69faa3e6789" executionId="d81601f0-0fb3-45e2-96f7-316adc7f22b5" testListId="8c84fa94-04c1-424b-9868-57a2d4851a1d" />
    <TestEntry testId="f7a71bbf-6d87-6510-8ab0-8692465afb95" executionId="99404d5a-b3b9-465c-bd21-9df90e702a39" testListId="8c84fa94-04c1-424b-9868-57a2d4851a1d" />
    <TestEntry testId="f6328b9f-b052-e3f8-6080-2632707fb0d3" executionId="ca3a3ce6-d608-4883-9ac6-53094d19cb1c" testListId="8c84fa94-04c1-424b-9868-57a2d4851a1d" />
    <TestEntry testId="96d443a5-b412-1807-e482-ec5c3f804441" executionId="eb98e294-2a9a-4cfc-9401-7363ca7cee4c" testListId="8c84fa94-04c1-424b-9868-57a2d4851a1d" />
    <TestEntry testId="c4581c14-0d59-0614-6603-b04ff30ec169" executionId="ad6b0292-2c0d-4c6d-8098-7b4328f11bc9" testListId="8c84fa94-04c1-424b-9868-57a2d4851a1d" />
    <TestEntry testId="392c8b56-9465-52cc-1bd7-e3147efe6727" executionId="9317222c-e85d-4b6e-9cc0-67d10e4424b9" testListId="8c84fa94-04c1-424b-9868-57a2d4851a1d" />
    <TestEntry testId="50ff3d4b-f52b-01fd-1d73-ae133eea2aa3" executionId="08cc86b9-6de1-43e3-b64b-729948b74211" testListId="8c84fa94-04c1-424b-9868-57a2d4851a1d" />
    <TestEntry testId="b2a2b311-7a7a-5a2a-97cd-97756f8a6ee7" executionId="46750f8b-39b8-4f18-9da3-c30d95b6a6e9" testListId="8c84fa94-04c1-424b-9868-57a2d4851a1d" />
    <TestEntry testId="a13b6bf9-d8b8-63c1-1b19-02003097a01e" executionId="741ecd10-081b-4134-95ea-429857e7cc90" testListId="8c84fa94-04c1-424b-9868-57a2d4851a1d" />
    <TestEntry testId="a65d9d49-2d35-c77e-fc7d-d95914c1d90b" executionId="ad36a024-a9d8-46bd-9dad-a6833fb096f9" testListId="8c84fa94-04c1-424b-9868-57a2d4851a1d" />
    <TestEntry testId="c5db308c-4f9f-380c-a164-38c86060a6bf" executionId="eeeb4e41-c915-46a8-bf32-6e7e9261a1e0" testListId="8c84fa94-04c1-424b-9868-57a2d4851a1d" />
    <TestEntry testId="c2285dae-1cec-1615-44a4-c7a7de367a0d" executionId="8359f252-b6ea-4558-99e8-f3870e7d9b4d" testListId="8c84fa94-04c1-424b-9868-57a2d4851a1d" />
    <TestEntry testId="1ec38645-b6f6-9972-e956-d407b17fc86e" executionId="5cb7f463-8d44-4cb7-956d-42a49c693895" testListId="8c84fa94-04c1-424b-9868-57a2d4851a1d" />
    <TestEntry testId="decd45ba-b31d-048b-2c1d-b62c345e6092" executionId="dc541dc8-ca4a-4ce9-8e2b-c52635b8deef" testListId="8c84fa94-04c1-424b-9868-57a2d4851a1d" />
    <TestEntry testId="8107be73-2f16-ad8f-05ba-5c3f406af6e9" executionId="b4818215-2ab3-4d05-9a50-1f34ef4f4f14" testListId="8c84fa94-04c1-424b-9868-57a2d4851a1d" />
    <TestEntry testId="82edf84a-50a6-b3ee-7be9-4c1d5e3bebbc" executionId="8996cae9-32e3-4709-b3de-7f6b908cc659" testListId="8c84fa94-04c1-424b-9868-57a2d4851a1d" />
    <TestEntry testId="9dd8c348-d98a-4fb4-2d5a-fe752bf9cfa1" executionId="9e2de2a3-7577-44bd-b34e-b1b0d12a8e3c" testListId="8c84fa94-04c1-424b-9868-57a2d4851a1d" />
    <TestEntry testId="7f415fe9-f2f4-e9a4-723c-4302acb7f4e5" executionId="38d128ac-bb7f-4ce3-ab5f-f60004034d01" testListId="8c84fa94-04c1-424b-9868-57a2d4851a1d" />
    <TestEntry testId="d1f6ebcd-23a6-1f36-1b44-9c7daaeece12" executionId="5f6c20bf-f4db-4c72-a1a1-c311a96e353c" testListId="8c84fa94-04c1-424b-9868-57a2d4851a1d" />
    <TestEntry testId="bbeb0c54-69b2-7c8f-6a00-800a5e934d17" executionId="5c4eafe5-c5ae-4a9b-983c-1d8131237d14" testListId="8c84fa94-04c1-424b-9868-57a2d4851a1d" />
    <TestEntry testId="bdbad9cc-433c-5bda-9712-dfb5731f66f0" executionId="0a1284c8-b401-4c06-9261-337451c1d1b3" testListId="8c84fa94-04c1-424b-9868-57a2d4851a1d" />
    <TestEntry testId="8c581716-6923-024e-05c8-e8a4c17b964e" executionId="21826a70-9d85-4ed1-93fb-bbf01d782be9" testListId="8c84fa94-04c1-424b-9868-57a2d4851a1d" />
    <TestEntry testId="25a11567-6162-f921-9475-fdd513dc689c" executionId="9737ac6e-32c8-4848-8298-8fffb02bc692" testListId="8c84fa94-04c1-424b-9868-57a2d4851a1d" />
    <TestEntry testId="22e9e8a7-9c26-53cd-90da-5874db0659cd" executionId="83da7b89-6914-4faf-9b0d-737532bcea0c" testListId="8c84fa94-04c1-424b-9868-57a2d4851a1d" />
    <TestEntry testId="75ff3f88-1bfc-4319-e9e6-4ccc76c10679" executionId="8d1dee29-9e74-4acc-89ef-d5e400ccabfc" testListId="8c84fa94-04c1-424b-9868-57a2d4851a1d" />
    <TestEntry testId="119d30a6-0e89-cfb5-7dfd-1aa7a605ec51" executionId="3d4515b7-bf22-4e0d-9ad8-9195d0771a73" testListId="8c84fa94-04c1-424b-9868-57a2d4851a1d" />
    <TestEntry testId="a8adb570-3c77-fd92-2880-fcff3132e10b" executionId="628613fc-d9e0-4765-9d9d-9edcdb372f4a" testListId="8c84fa94-04c1-424b-9868-57a2d4851a1d" />
    <TestEntry testId="1aaa06b2-2409-0df2-05c0-3c6e890e4f49" executionId="675fdc33-165f-4471-b578-bc261148dbce" testListId="8c84fa94-04c1-424b-9868-57a2d4851a1d" />
    <TestEntry testId="471c30f3-79c2-61c6-1bb4-c487d0950a82" executionId="197e2840-b895-4c6a-86ab-8b279bce3e84" testListId="8c84fa94-04c1-424b-9868-57a2d4851a1d" />
    <TestEntry testId="e69f464d-0771-8709-59a3-16ed804ee258" executionId="84efb64e-48d1-423d-a16b-fe445ccd4991" testListId="8c84fa94-04c1-424b-9868-57a2d4851a1d" />
    <TestEntry testId="0464c71d-09cc-139b-d444-36b0b817a44a" executionId="77407829-88e1-42ea-a56f-125e7e8fc7ad" testListId="8c84fa94-04c1-424b-9868-57a2d4851a1d" />
    <TestEntry testId="057ca012-14e2-3599-baae-3eb1aa5d3d06" executionId="7c24bd11-328c-4ab8-b21b-8c050831d50e" testListId="8c84fa94-04c1-424b-9868-57a2d4851a1d" />
    <TestEntry testId="06d4e42d-cb4c-4c11-b9eb-35069d860df1" executionId="a54c7a0d-b06b-4cd2-b232-7f65ad2f0118" testListId="8c84fa94-04c1-424b-9868-57a2d4851a1d" />
    <TestEntry testId="6dcaeb54-e5aa-1301-9b9c-12a66896fa96" executionId="b268d084-57c3-41c3-9fbe-7b6c55371be1" testListId="8c84fa94-04c1-424b-9868-57a2d4851a1d" />
    <TestEntry testId="8c3196ab-de04-4b67-c25d-8f27cd948816" executionId="a86a8be6-7829-4fbd-b6b3-0fa45fe7a794" testListId="8c84fa94-04c1-424b-9868-57a2d4851a1d" />
    <TestEntry testId="f420811b-d1c5-b93f-d7a5-346979ce05d1" executionId="26d6d8ba-9c01-4917-8bd0-606574afbc59" testListId="8c84fa94-04c1-424b-9868-57a2d4851a1d" />
    <TestEntry testId="6c7d8215-38b1-02e9-d562-9273b1ad62df" executionId="2ca2a957-aa1e-4d49-8582-2b6fd908291f" testListId="8c84fa94-04c1-424b-9868-57a2d4851a1d" />
    <TestEntry testId="45542875-edb0-b681-0266-836ee63c8265" executionId="d0bdd0d7-fbad-405f-8fd1-7053c944179d" testListId="8c84fa94-04c1-424b-9868-57a2d4851a1d" />
    <TestEntry testId="f12700ba-8821-f0ba-12ed-2e40c237fae7" executionId="864ab136-3a66-4b13-86e1-54b5ef03a469" testListId="8c84fa94-04c1-424b-9868-57a2d4851a1d" />
    <TestEntry testId="715d0369-27be-2c88-65b5-10c8e2e568de" executionId="d99eb2c9-d6b1-4a18-a283-faf5aa528963" testListId="8c84fa94-04c1-424b-9868-57a2d4851a1d" />
    <TestEntry testId="4fc5b303-bc77-1c0a-0834-58d34630be49" executionId="5a3c57dc-1ffe-4bf8-99e4-1f9c564d7cf3" testListId="8c84fa94-04c1-424b-9868-57a2d4851a1d" />
    <TestEntry testId="e60113ed-a422-020f-6cdd-b7c5c137b613" executionId="6657864f-0610-470e-9684-09ebf2e4915b" testListId="8c84fa94-04c1-424b-9868-57a2d4851a1d" />
    <TestEntry testId="61499327-643a-5671-4eb8-b3beebbaec49" executionId="b02ddceb-90b3-40db-a477-776182e7d3f2" testListId="8c84fa94-04c1-424b-9868-57a2d4851a1d" />
    <TestEntry testId="b20ae3f0-0dc7-f1fc-2977-e0507e3b838b" executionId="5d40cd45-8b7f-42eb-88ff-fbcbeff11e7c" testListId="8c84fa94-04c1-424b-9868-57a2d4851a1d" />
    <TestEntry testId="c56e53e9-2c05-5eb9-8244-91b1844883db" executionId="6fd9a59f-bd26-4264-951c-135cd13cd49a" testListId="8c84fa94-04c1-424b-9868-57a2d4851a1d" />
    <TestEntry testId="9cf49f98-abd8-729d-395b-0c76b12b085b" executionId="a88a950d-76a3-4509-91bf-8c431cab0b93" testListId="8c84fa94-04c1-424b-9868-57a2d4851a1d" />
    <TestEntry testId="cfea9707-a327-a551-4a0d-1f2c971adbba" executionId="61ee8a7b-e9de-4465-800d-5429e7b0d09d" testListId="8c84fa94-04c1-424b-9868-57a2d4851a1d" />
    <TestEntry testId="9171dc5a-a7bd-00b3-f835-43afc308444d" executionId="167c4b4e-dbc9-469e-9a2b-847ccb543b89" testListId="8c84fa94-04c1-424b-9868-57a2d4851a1d" />
    <TestEntry testId="5a40db3a-8eb6-b66c-4632-62d2188edcd1" executionId="849654c1-52bb-4375-a3d8-c16508e49a3e" testListId="8c84fa94-04c1-424b-9868-57a2d4851a1d" />
    <TestEntry testId="feac0fb9-cc87-e079-1135-a7b100b0efdb" executionId="a380102f-b077-4f51-ba08-d54eb71654f3" testListId="8c84fa94-04c1-424b-9868-57a2d4851a1d" />
    <TestEntry testId="b2f4e215-30fd-0f31-d9f2-265f40f5d8de" executionId="65f8c285-b66f-45d8-9985-5da5b7223449" testListId="8c84fa94-04c1-424b-9868-57a2d4851a1d" />
    <TestEntry testId="e13f6d90-f26d-a205-f30b-8522dd9dd946" executionId="cf3047b7-1776-47ee-b538-abbc7addfa42" testListId="8c84fa94-04c1-424b-9868-57a2d4851a1d" />
    <TestEntry testId="6620f562-0c1b-bb02-0533-faa244f69160" executionId="edabc7bd-4b34-498b-8c6b-422696cfd585" testListId="8c84fa94-04c1-424b-9868-57a2d4851a1d" />
    <TestEntry testId="7b46ca98-430c-2a1f-64c5-540290548710" executionId="d684b8e4-435d-4b2e-9407-17c6937af619" testListId="8c84fa94-04c1-424b-9868-57a2d4851a1d" />
    <TestEntry testId="57df223f-9162-d8c3-4092-79ad439b7133" executionId="dd4eca6c-21d9-4d60-8736-fedafa530d81" testListId="8c84fa94-04c1-424b-9868-57a2d4851a1d" />
    <TestEntry testId="d521225f-189f-6e0c-d786-da7cc5d281f2" executionId="8b233e80-29cd-4342-b9a6-f069d26a7edb" testListId="8c84fa94-04c1-424b-9868-57a2d4851a1d" />
    <TestEntry testId="f30d8614-f626-043b-8455-905f5ace7fbe" executionId="a6208166-e52b-460e-9f96-30b31c66ac25" testListId="8c84fa94-04c1-424b-9868-57a2d4851a1d" />
    <TestEntry testId="8fcca9cc-7d19-5615-8f57-00f8781b2e9a" executionId="1b3045f4-6ab2-4df1-92b5-8d5accf0449b" testListId="8c84fa94-04c1-424b-9868-57a2d4851a1d" />
    <TestEntry testId="18232368-fc48-4742-f757-931ec3668d3b" executionId="9415e4c5-67b9-4bfd-9f9a-5bf3d4110ef4" testListId="8c84fa94-04c1-424b-9868-57a2d4851a1d" />
    <TestEntry testId="9b6d1d16-dd72-74f7-830b-2ed37f788595" executionId="852f49f3-1110-4bab-becf-fd28c627012e" testListId="8c84fa94-04c1-424b-9868-57a2d4851a1d" />
    <TestEntry testId="0499f8db-8814-0463-5a65-b7916eed98ff" executionId="9806404a-6be9-4c70-895e-b6cadf3c24ad" testListId="8c84fa94-04c1-424b-9868-57a2d4851a1d" />
    <TestEntry testId="d00e65b6-3181-a5ca-6db8-25b604779426" executionId="d83e68e8-a2ff-4f2c-a424-088639983109" testListId="8c84fa94-04c1-424b-9868-57a2d4851a1d" />
    <TestEntry testId="d7ead5dc-d9a9-6cd2-02fb-d5715f5c52d5" executionId="8fb0c670-fe0b-4371-840b-2c783958523e" testListId="8c84fa94-04c1-424b-9868-57a2d4851a1d" />
    <TestEntry testId="2c89d3a7-ba0a-5b64-dd42-2fe97e3a5239" executionId="ea62534f-dc0f-4586-888c-1a5ac4331846" testListId="8c84fa94-04c1-424b-9868-57a2d4851a1d" />
    <TestEntry testId="f562f6a3-5c04-d203-e97a-7083a36f0f9d" executionId="883da230-0a45-4bcc-b96f-a43c987187c3" testListId="8c84fa94-04c1-424b-9868-57a2d4851a1d" />
    <TestEntry testId="719c6f9d-67a7-a61e-7fe8-5cc018344da5" executionId="9b7969a4-a579-4fef-a281-4ad4dac6e6ca" testListId="8c84fa94-04c1-424b-9868-57a2d4851a1d" />
    <TestEntry testId="356d03d6-003c-4362-f863-52f0e6e4bf29" executionId="2a1dccb5-e212-4a58-ba10-d33e00ff9827" testListId="8c84fa94-04c1-424b-9868-57a2d4851a1d" />
    <TestEntry testId="a211bf2f-4846-ffae-0c47-9ba55079af98" executionId="67c3b203-a4a9-4108-ac32-5fdb6f910603" testListId="8c84fa94-04c1-424b-9868-57a2d4851a1d" />
    <TestEntry testId="fb527022-2a92-f246-b1d7-9e1a7faefac9" executionId="d43bc7af-696d-40c6-8950-d53b7c63fdca" testListId="8c84fa94-04c1-424b-9868-57a2d4851a1d" />
    <TestEntry testId="37f295ea-a71c-767d-60f9-6996f22b64ec" executionId="ad6901aa-11c8-4c21-80ac-3446245e19fc" testListId="8c84fa94-04c1-424b-9868-57a2d4851a1d" />
    <TestEntry testId="e72e0f02-bc84-52da-1088-7cf44d8a0acb" executionId="d04f0cd3-ee41-45cd-83a0-d10254a9bf27" testListId="8c84fa94-04c1-424b-9868-57a2d4851a1d" />
    <TestEntry testId="6e183b12-0810-b038-3176-91075831756f" executionId="80b30c13-b080-4118-a050-69a90407edf1" testListId="8c84fa94-04c1-424b-9868-57a2d4851a1d" />
    <TestEntry testId="490342c1-764c-d6c8-1c4d-2b4a58d20bfd" executionId="5d6d4062-274d-423f-9dd9-9dd6d8a0e90b" testListId="8c84fa94-04c1-424b-9868-57a2d4851a1d" />
    <TestEntry testId="40237535-c65e-bf65-02ec-14946db44db4" executionId="49aff452-8f98-4b24-9065-c63ac6687a5a" testListId="8c84fa94-04c1-424b-9868-57a2d4851a1d" />
    <TestEntry testId="87d633b3-db0f-0aee-539b-7bd0300d4dae" executionId="90dd771a-92b8-432d-b45b-363d641af5d3" testListId="8c84fa94-04c1-424b-9868-57a2d4851a1d" />
    <TestEntry testId="19c37f8a-03dc-e367-00f5-82f23a5f20a5" executionId="c708185a-b0ca-4d23-80fc-a492d01a6f0a" testListId="8c84fa94-04c1-424b-9868-57a2d4851a1d" />
    <TestEntry testId="b1046d72-e8e1-b870-4260-ab1f4426df84" executionId="39d21bc3-fa6b-4969-9908-9d7ee18cd967" testListId="8c84fa94-04c1-424b-9868-57a2d4851a1d" />
    <TestEntry testId="6173b0ef-554d-8313-a62e-deeee5a97c2a" executionId="d92daaff-cebc-43c8-b813-b0a95e13f440" testListId="8c84fa94-04c1-424b-9868-57a2d4851a1d" />
    <TestEntry testId="ab8dc7a8-c4c9-6ab5-bcf7-3e855bb8de87" executionId="3ed93fd9-e9bd-4e37-9200-7875b8d24329" testListId="8c84fa94-04c1-424b-9868-57a2d4851a1d" />
    <TestEntry testId="43bd50aa-ead1-55db-3c99-7296e9a62f72" executionId="f8d426b4-33b3-420d-af6b-8bd6d6099bd8" testListId="8c84fa94-04c1-424b-9868-57a2d4851a1d" />
    <TestEntry testId="c253276f-70f0-723b-e4d4-4f6ba733d3e3" executionId="077767ff-fb87-4901-8a0a-01ebea671d41" testListId="8c84fa94-04c1-424b-9868-57a2d4851a1d" />
    <TestEntry testId="dc81dca2-8610-ae97-ae07-1f3aa2dad64d" executionId="ddb12dd3-5bd2-41a5-9cba-036c3d9f14ae" testListId="8c84fa94-04c1-424b-9868-57a2d4851a1d" />
    <TestEntry testId="35a507f6-229c-dd88-e173-ea4440f8acb9" executionId="27abf2d5-e983-478d-b90c-fe21d338d753" testListId="8c84fa94-04c1-424b-9868-57a2d4851a1d" />
    <TestEntry testId="4f2ece04-87f7-2858-00b8-5509d2fd2b44" executionId="117e356d-7896-42d2-bf2c-ba77c38159e6" testListId="8c84fa94-04c1-424b-9868-57a2d4851a1d" />
    <TestEntry testId="2cba5c34-805b-0de4-d983-04f83032a032" executionId="901d080e-ab9b-4e66-bd54-be03fb96d49f" testListId="8c84fa94-04c1-424b-9868-57a2d4851a1d" />
    <TestEntry testId="4454e944-ee3f-9fb1-f480-006508c1cc2b" executionId="33360fe9-6571-4252-943a-2f15b39cb893" testListId="8c84fa94-04c1-424b-9868-57a2d4851a1d" />
    <TestEntry testId="6a3edddf-aa4a-2ccc-fff6-e0fdf6b4b399" executionId="e415b51a-f823-4dcf-8448-8835de127f59" testListId="8c84fa94-04c1-424b-9868-57a2d4851a1d" />
    <TestEntry testId="02eaeccd-f250-da56-d45f-900803771d6e" executionId="c01cc052-d2bd-4ed2-b7ad-cf99f757058f" testListId="8c84fa94-04c1-424b-9868-57a2d4851a1d" />
    <TestEntry testId="6122daf1-aaaf-6c0f-5297-d862b037549b" executionId="13111ab2-d339-4f21-bb8d-b4db27357833" testListId="8c84fa94-04c1-424b-9868-57a2d4851a1d" />
    <TestEntry testId="d776dd0e-1b9f-23c9-6c36-ef24ebd3877e" executionId="45e89e02-c57f-4a8d-8117-536e50d6e9fc" testListId="8c84fa94-04c1-424b-9868-57a2d4851a1d" />
    <TestEntry testId="e86cf0e8-0c6a-48d9-40ef-23c399804a39" executionId="10a09c23-cad0-4545-8987-687c7c71bb4d" testListId="8c84fa94-04c1-424b-9868-57a2d4851a1d" />
    <TestEntry testId="efd3defd-3dd2-b891-ab51-ad4d23459023" executionId="1d71dfa6-d4df-4ebb-a3d9-e267edb26294" testListId="8c84fa94-04c1-424b-9868-57a2d4851a1d" />
    <TestEntry testId="92dac139-e57f-5a29-0b03-97f49d883e60" executionId="cba274a6-2a8a-4271-b994-ba42816a9dad" testListId="8c84fa94-04c1-424b-9868-57a2d4851a1d" />
    <TestEntry testId="0d85264b-28ff-8a50-788a-a26cf11e8acd" executionId="f7ad49cf-50a7-419b-9d8c-669e9048379c" testListId="8c84fa94-04c1-424b-9868-57a2d4851a1d" />
    <TestEntry testId="74c662a2-9433-6990-26ff-4f0fdeee76b7" executionId="56dd9adc-d450-4c96-986e-6ead2189afee" testListId="8c84fa94-04c1-424b-9868-57a2d4851a1d" />
    <TestEntry testId="35101b4b-44db-d00f-1bc5-748dd77e1603" executionId="b4900682-67f9-4a03-b848-7ac0a1ba23f0" testListId="8c84fa94-04c1-424b-9868-57a2d4851a1d" />
    <TestEntry testId="14327e89-f73c-f294-4d5f-9495b39b1202" executionId="e5d1aec3-16c8-4b35-a532-628a62d339f9" testListId="8c84fa94-04c1-424b-9868-57a2d4851a1d" />
    <TestEntry testId="8b3bdd76-be17-d72f-6f3e-f2f3dbdb323c" executionId="9df56041-572f-456c-a63b-df760d75b7e4" testListId="8c84fa94-04c1-424b-9868-57a2d4851a1d" />
    <TestEntry testId="34f249e5-b9ba-2c57-bc42-d86c94cdd594" executionId="fb117fc7-1a2a-43de-b248-2c1ff4771f59" testListId="8c84fa94-04c1-424b-9868-57a2d4851a1d" />
    <TestEntry testId="7de47ff0-007e-9cd3-e70d-b83cc5f42838" executionId="eb12956b-69ba-489b-aaac-92066bb08822" testListId="8c84fa94-04c1-424b-9868-57a2d4851a1d" />
    <TestEntry testId="f0e2e723-86c5-bfcc-4b1e-05f02032166c" executionId="e31ad6ef-47ad-4b3d-9abd-5800de13f9d8" testListId="8c84fa94-04c1-424b-9868-57a2d4851a1d" />
    <TestEntry testId="3a7edffd-c2c3-d5db-414e-6b27f5fdb54b" executionId="3cb3791b-a8d3-409e-ab5e-fdc9618e9a1a" testListId="8c84fa94-04c1-424b-9868-57a2d4851a1d" />
    <TestEntry testId="95896344-7ea8-0831-12c7-8c9b175a88fa" executionId="4c8cbacd-451e-429b-8564-bfe41797049d" testListId="8c84fa94-04c1-424b-9868-57a2d4851a1d" />
    <TestEntry testId="773295cc-59cd-d800-77c2-1f2451913471" executionId="4cb79835-cd23-4c0c-8d72-22e032cc2788" testListId="8c84fa94-04c1-424b-9868-57a2d4851a1d" />
    <TestEntry testId="e1a50a1f-a7e2-f8bf-024e-2309827f8b72" executionId="71e8868f-e4a4-481e-a2ec-7fd560a92ff6" testListId="8c84fa94-04c1-424b-9868-57a2d4851a1d" />
    <TestEntry testId="0c4733e4-a4d6-a2ad-6a8d-00ea837e2d42" executionId="8076b5b4-e6c4-4869-9561-fdb287fb4e11" testListId="8c84fa94-04c1-424b-9868-57a2d4851a1d" />
    <TestEntry testId="df043f0c-e9e8-6531-3c81-0cb0a9f9d667" executionId="03475a39-3053-4bb0-88d6-6756204d13d9" testListId="8c84fa94-04c1-424b-9868-57a2d4851a1d" />
    <TestEntry testId="39a4f34f-7990-b8b1-f796-816144ab7f6f" executionId="afc45801-9e6b-4b53-b2cd-a60173644a45" testListId="8c84fa94-04c1-424b-9868-57a2d4851a1d" />
    <TestEntry testId="7e0ca6a5-922a-0337-19d0-64f05d139001" executionId="e719e297-4c99-4b66-acb6-5ab9da1cba65" testListId="8c84fa94-04c1-424b-9868-57a2d4851a1d" />
    <TestEntry testId="e3e5bf3f-16f2-8846-7289-33d35c738574" executionId="6b914fa0-c2a7-4473-9164-e4e6f1a159e8" testListId="8c84fa94-04c1-424b-9868-57a2d4851a1d" />
    <TestEntry testId="b51a72b7-1909-0162-1b15-93678926308a" executionId="9311c9bb-0842-4871-9b7e-90fdf302c6b8" testListId="8c84fa94-04c1-424b-9868-57a2d4851a1d" />
    <TestEntry testId="bd7171f9-7774-2edc-a6d3-25e01dc1b9bb" executionId="0394c255-2a37-48d3-8665-e28422f15048" testListId="8c84fa94-04c1-424b-9868-57a2d4851a1d" />
    <TestEntry testId="b8ba5f7f-17cc-c85b-dce2-63750138edfd" executionId="b2699532-531d-49e9-ac2e-1493ef9dd73c" testListId="8c84fa94-04c1-424b-9868-57a2d4851a1d" />
    <TestEntry testId="777a481b-1bf2-d3dc-f547-d2aff80bd474" executionId="28ad2ad1-292d-43a9-babf-2987c9706162" testListId="8c84fa94-04c1-424b-9868-57a2d4851a1d" />
    <TestEntry testId="064b3f69-67f3-b772-c461-123ebfc32894" executionId="33d6ef88-52d6-4958-b814-a8cd88a76e66" testListId="8c84fa94-04c1-424b-9868-57a2d4851a1d" />
    <TestEntry testId="ae76daaa-d87e-a3aa-3dc7-d804710ddc20" executionId="559f36b8-ce62-45d3-b9ae-dafcf75ef0c5" testListId="8c84fa94-04c1-424b-9868-57a2d4851a1d" />
    <TestEntry testId="69c59d81-ccf8-1d57-cc59-ba6a7bceeef5" executionId="c3da894d-1005-4906-a30c-7ea884464c76" testListId="8c84fa94-04c1-424b-9868-57a2d4851a1d" />
    <TestEntry testId="bdd0effd-b296-7426-791a-c600389b84af" executionId="4eea9e79-25c8-47a5-bbed-9d1600e7d0c9" testListId="8c84fa94-04c1-424b-9868-57a2d4851a1d" />
    <TestEntry testId="d09163c9-530f-decc-628c-167965354a98" executionId="7351a5cb-63fb-4d27-842b-f4d187a75e67" testListId="8c84fa94-04c1-424b-9868-57a2d4851a1d" />
    <TestEntry testId="a4867ffd-85f1-d5b9-5db4-7d4c34759561" executionId="e85e3947-b3f1-4f3c-a24c-d6c6e0777aa8" testListId="8c84fa94-04c1-424b-9868-57a2d4851a1d" />
    <TestEntry testId="d756f289-d859-d136-2e42-7100f9b20dcb" executionId="32039391-f725-4cb8-b541-430a4f692279" testListId="8c84fa94-04c1-424b-9868-57a2d4851a1d" />
    <TestEntry testId="2b06ec9d-cd49-78ba-2d03-fe0bad248ec2" executionId="b312fe95-fa88-4e48-9364-449d59f53861" testListId="8c84fa94-04c1-424b-9868-57a2d4851a1d" />
    <TestEntry testId="1edb5fc0-1d1c-9043-2f33-b0d2833c32b4" executionId="b5658943-d08e-4096-8030-216e4e1d0b50" testListId="8c84fa94-04c1-424b-9868-57a2d4851a1d" />
    <TestEntry testId="f5b2e4ab-f507-135f-4a7c-4bcd2be8b6b1" executionId="f43a838f-e187-4a10-88fc-a68d16f6783f" testListId="8c84fa94-04c1-424b-9868-57a2d4851a1d" />
    <TestEntry testId="6289295b-06d2-153f-33a0-b519202959b1" executionId="f601c3e4-6b27-4805-98d0-cf9954dae6cf" testListId="8c84fa94-04c1-424b-9868-57a2d4851a1d" />
    <TestEntry testId="8ce521cd-586b-8d63-1cb6-9c67c61ba140" executionId="ea2f55a6-c165-4a4f-8cd6-4d6c36c22bce" testListId="8c84fa94-04c1-424b-9868-57a2d4851a1d" />
    <TestEntry testId="1b5ceecc-cb3c-5305-cdbb-87bbe5e0770a" executionId="42345d55-8216-4b4a-ae33-c61ccca338f7" testListId="8c84fa94-04c1-424b-9868-57a2d4851a1d" />
    <TestEntry testId="01c58622-6efa-aa23-6527-eb8713168390" executionId="b3b2cc6a-5467-4b0a-80ed-011fe5b58f3b" testListId="8c84fa94-04c1-424b-9868-57a2d4851a1d" />
    <TestEntry testId="53cdb87e-3222-ba39-8bb0-35edcea4554f" executionId="5c56ef98-b695-48ed-8f9f-427a24c1b9a7" testListId="8c84fa94-04c1-424b-9868-57a2d4851a1d" />
    <TestEntry testId="5fcb103a-b799-017a-e95c-26acb39f38d9" executionId="0d841543-a740-43e0-8cb6-d1bc7180a645" testListId="8c84fa94-04c1-424b-9868-57a2d4851a1d" />
    <TestEntry testId="da93d51d-3bfd-8116-5345-506cba3f49b2" executionId="70c6fb36-302a-4283-ba9d-fa993eaee2e0" testListId="8c84fa94-04c1-424b-9868-57a2d4851a1d" />
    <TestEntry testId="afb66d73-9da5-7554-bdd3-eebe5f87627f" executionId="f6692b0b-7bfe-4719-9929-52439092c293" testListId="8c84fa94-04c1-424b-9868-57a2d4851a1d" />
    <TestEntry testId="ff051a78-1ed7-0693-1c8c-ec554b972657" executionId="575cd904-1d94-4034-a6b1-f83e0e6ec32b" testListId="8c84fa94-04c1-424b-9868-57a2d4851a1d" />
    <TestEntry testId="0dbaefc6-5343-3f91-f9cd-c7fbbb2f2275" executionId="20efa2af-8c24-4415-8c8e-1c904a4e1b06" testListId="8c84fa94-04c1-424b-9868-57a2d4851a1d" />
    <TestEntry testId="c9306fc5-6ee1-8d5c-db7b-80875c550ab5" executionId="fd58937b-c217-4bfc-868e-fb1adebdfbe4" testListId="8c84fa94-04c1-424b-9868-57a2d4851a1d" />
    <TestEntry testId="06ffcdb4-434f-f606-043a-dbf605c915be" executionId="3f51eb78-33fb-4b28-b24c-8ae46eac08db" testListId="8c84fa94-04c1-424b-9868-57a2d4851a1d" />
    <TestEntry testId="9be8a1a6-dbc5-67e3-e22f-3c26db4775c4" executionId="8e6b00d5-388c-4e47-8b3d-4b8b565ba4dc" testListId="8c84fa94-04c1-424b-9868-57a2d4851a1d" />
    <TestEntry testId="eb5851c6-ff83-ebd6-23b7-10a851a76b35" executionId="82c895f5-567a-43e9-9417-c5d48f76e773" testListId="8c84fa94-04c1-424b-9868-57a2d4851a1d" />
    <TestEntry testId="e3b38617-9ca5-483d-be55-dd3b75fa7e0f" executionId="9cc2d2d6-367c-4b8f-a3ba-8243142c71cf" testListId="8c84fa94-04c1-424b-9868-57a2d4851a1d" />
    <TestEntry testId="0d438174-d8c1-38ec-e949-22ca42949896" executionId="1f41c503-b7c5-4d5b-ac08-169c126cc5ee" testListId="8c84fa94-04c1-424b-9868-57a2d4851a1d" />
    <TestEntry testId="30094c8d-ee5e-5b45-e455-af217d37fc05" executionId="426da5e1-5d0c-4554-8939-5a21bbbcc5b8" testListId="8c84fa94-04c1-424b-9868-57a2d4851a1d" />
    <TestEntry testId="94e5c3f8-51c6-0394-575b-0bd91d015ef3" executionId="02f715d0-34d3-4518-ae8c-7c1053d40852" testListId="8c84fa94-04c1-424b-9868-57a2d4851a1d" />
    <TestEntry testId="12063cf2-efcf-728b-23ae-c1292658ce21" executionId="ea0e622d-ff08-4d49-a915-b5efce75917f" testListId="8c84fa94-04c1-424b-9868-57a2d4851a1d" />
    <TestEntry testId="1816d6f6-bdf0-538b-a698-6f9d2d266160" executionId="32139433-ffba-4d25-9002-d767636ba8d8" testListId="8c84fa94-04c1-424b-9868-57a2d4851a1d" />
    <TestEntry testId="20373e8e-17b1-ac94-be0f-c1bed6d1c13a" executionId="aa3d3339-a86b-4e8c-8f53-b32e07ecaeaf" testListId="8c84fa94-04c1-424b-9868-57a2d4851a1d" />
    <TestEntry testId="9323db7d-4095-b480-fb06-e80a4d2f6eaa" executionId="c2211d8a-1e7b-4047-a0a9-a8d58cd3e8ec" testListId="8c84fa94-04c1-424b-9868-57a2d4851a1d" />
    <TestEntry testId="7c45bb74-a50d-9024-163b-cbbd7fbd0abc" executionId="dbf775d1-21e8-450e-b36c-be452354ea0f" testListId="8c84fa94-04c1-424b-9868-57a2d4851a1d" />
    <TestEntry testId="48c641f4-06f7-80ae-39dd-d393ba577b64" executionId="31cc23e1-0f68-4b82-b361-e1c836d373a1" testListId="8c84fa94-04c1-424b-9868-57a2d4851a1d" />
    <TestEntry testId="eeced600-da81-93ef-57ad-61708375d46d" executionId="a76dd2f4-69b8-4a56-a897-b65cf6eca36d" testListId="8c84fa94-04c1-424b-9868-57a2d4851a1d" />
    <TestEntry testId="e8c0762d-aa8d-b249-8e9c-f5a8f70e8697" executionId="2936de75-8968-4e56-824b-1c588c45432a" testListId="8c84fa94-04c1-424b-9868-57a2d4851a1d" />
    <TestEntry testId="02910e9c-ec1f-156b-9de6-411729542a46" executionId="74eeb4fe-a897-47f9-8a27-d430caf82f1c" testListId="8c84fa94-04c1-424b-9868-57a2d4851a1d" />
    <TestEntry testId="7b1ed61a-0f13-29da-b9e9-f2db7fca317a" executionId="2bca3ddb-99cb-4e61-8afb-f9011a6ef87d" testListId="8c84fa94-04c1-424b-9868-57a2d4851a1d" />
    <TestEntry testId="bcaed945-5486-272f-f6c2-d90b18548e30" executionId="5b596f67-19e1-4d54-9d1d-b134df6b9013" testListId="8c84fa94-04c1-424b-9868-57a2d4851a1d" />
    <TestEntry testId="f6d5615e-2ee5-dd6d-d370-6a1f1098a55d" executionId="8954ba45-664f-4bbd-bc84-3615d43f5fc7" testListId="8c84fa94-04c1-424b-9868-57a2d4851a1d" />
    <TestEntry testId="54c26366-b994-f623-6449-0f14a6e33a8e" executionId="83d6cd42-dad3-441a-ba98-bd7acc17739a" testListId="8c84fa94-04c1-424b-9868-57a2d4851a1d" />
    <TestEntry testId="611e19c8-09f4-c458-64c7-cf7075110940" executionId="87900e95-55ef-409b-8a8e-e7827d725af3" testListId="8c84fa94-04c1-424b-9868-57a2d4851a1d" />
    <TestEntry testId="6dc4cd77-38c0-10b5-180e-f937b6af904d" executionId="221861df-a9e7-40b7-86ea-413ac9dff67f" testListId="8c84fa94-04c1-424b-9868-57a2d4851a1d" />
    <TestEntry testId="c14b5c94-9ed8-41f1-f1a3-39cd875ade55" executionId="2cd73b34-0706-4769-9801-52865cfd3801" testListId="8c84fa94-04c1-424b-9868-57a2d4851a1d" />
    <TestEntry testId="0a4bc126-219a-0816-c151-6a13384ad00a" executionId="77e6b059-db23-46fb-923d-49fb75173cfe" testListId="8c84fa94-04c1-424b-9868-57a2d4851a1d" />
    <TestEntry testId="fbb5b0a3-b6b6-d9aa-428e-6dd411355f38" executionId="7eeeebc5-f39c-44fa-933b-50456520ca1b" testListId="8c84fa94-04c1-424b-9868-57a2d4851a1d" />
    <TestEntry testId="0762ed34-4c9f-3d65-f424-2bc4f40fe600" executionId="76f570d3-5293-43d7-86e6-aa4cc4bb6050" testListId="8c84fa94-04c1-424b-9868-57a2d4851a1d" />
    <TestEntry testId="52fcaf1b-6586-22d3-8b9e-cf01f68cd68e" executionId="467e56d3-c0bb-4575-8050-0ab530aec3b9" testListId="8c84fa94-04c1-424b-9868-57a2d4851a1d" />
    <TestEntry testId="43a825c4-520e-8fa6-1493-a2c2e20fcfd4" executionId="62b4e6e2-ede4-4dad-87e6-b7c9da131201" testListId="8c84fa94-04c1-424b-9868-57a2d4851a1d" />
    <TestEntry testId="9ff544bc-e0a5-7ddc-b56b-ae1a7f70abbf" executionId="81c044f3-d2ba-4500-bbfb-48179aa4aea2" testListId="8c84fa94-04c1-424b-9868-57a2d4851a1d" />
    <TestEntry testId="f0181734-4a5c-6b55-53c4-50277496276a" executionId="d38e5358-fd15-49d1-822c-cee7c7e0f563" testListId="8c84fa94-04c1-424b-9868-57a2d4851a1d" />
    <TestEntry testId="b6041d9b-dbf7-2fcb-855d-8b55569c6c1a" executionId="7150bd8e-d100-4549-8f40-459fcf93964b" testListId="8c84fa94-04c1-424b-9868-57a2d4851a1d" />
    <TestEntry testId="3f1fc8a1-137c-2c07-462a-cc1b33a82b8a" executionId="123509a3-f9af-4140-8d86-e63cc3cd2409" testListId="8c84fa94-04c1-424b-9868-57a2d4851a1d" />
    <TestEntry testId="3142246b-96d4-ddfb-c96a-6e28de4cacd9" executionId="159bfe3d-fc8f-4027-8bb2-e7ceab72d971" testListId="8c84fa94-04c1-424b-9868-57a2d4851a1d" />
    <TestEntry testId="04e643a7-89d4-d018-807c-d021b86f66a0" executionId="64e33485-2130-4c58-af15-b6540bcef2c5" testListId="8c84fa94-04c1-424b-9868-57a2d4851a1d" />
    <TestEntry testId="7bd6a6c4-4b71-1a23-13be-6b3d564ea47f" executionId="f129ed93-1f7c-4ea8-b87b-15db86178c77" testListId="8c84fa94-04c1-424b-9868-57a2d4851a1d" />
    <TestEntry testId="ab1cd479-b2e4-ea28-cbb8-9dfdfbe5d707" executionId="1393ccfe-247f-46e4-bd4c-616b92759896" testListId="8c84fa94-04c1-424b-9868-57a2d4851a1d" />
    <TestEntry testId="edc31cfe-0011-7a3e-9d0d-623eba3a7315" executionId="0a3ce942-a6ba-444c-820f-6e9dfa935d5f" testListId="8c84fa94-04c1-424b-9868-57a2d4851a1d" />
    <TestEntry testId="ef69f555-2dec-fce8-3b15-9a395701d89a" executionId="fd029ac1-d7a6-4435-baaa-6966b0b0fb24" testListId="8c84fa94-04c1-424b-9868-57a2d4851a1d" />
    <TestEntry testId="a34e2915-e790-75c7-635d-8d7d921927f2" executionId="35071232-172e-47b1-914f-bc6485503a13" testListId="8c84fa94-04c1-424b-9868-57a2d4851a1d" />
    <TestEntry testId="f53ab042-733b-ab5b-c5ad-04a56d879c06" executionId="bab0f9b5-e26a-46c8-8a49-3c0c79ce6aaa" testListId="8c84fa94-04c1-424b-9868-57a2d4851a1d" />
    <TestEntry testId="980cc826-32b0-1279-cbe3-894a0cae1fcb" executionId="43da5274-9a5e-4630-859f-975499e4376a" testListId="8c84fa94-04c1-424b-9868-57a2d4851a1d" />
    <TestEntry testId="c02ab29f-3331-6766-53a1-8a60ae70c4ae" executionId="45dfca19-5ca1-42b7-91ee-502507b2d7c0" testListId="8c84fa94-04c1-424b-9868-57a2d4851a1d" />
    <TestEntry testId="1047d0f5-74cf-30a5-2e70-1dea0ad7d353" executionId="8d53f488-68ce-450d-b62e-678104969cc7" testListId="8c84fa94-04c1-424b-9868-57a2d4851a1d" />
    <TestEntry testId="02d48d3d-d6c9-1a18-80ad-319bd27a7c51" executionId="b06eee8a-e7ad-4409-adcd-8008446cc6be" testListId="8c84fa94-04c1-424b-9868-57a2d4851a1d" />
    <TestEntry testId="ac8aa661-4d22-a8b3-f7a8-6b9e3e0d53be" executionId="8a05cb8c-bc47-4443-8e92-99d61f7a9097" testListId="8c84fa94-04c1-424b-9868-57a2d4851a1d" />
    <TestEntry testId="3c55de21-edba-9293-3151-27368a829c8a" executionId="cf5979ab-494a-4d59-b903-7a4cfe3e48bf" testListId="8c84fa94-04c1-424b-9868-57a2d4851a1d" />
    <TestEntry testId="90cde211-4a08-f849-89f3-e53a366c9c3c" executionId="954350a3-f9aa-49cf-b79a-f1231d29862d" testListId="8c84fa94-04c1-424b-9868-57a2d4851a1d" />
    <TestEntry testId="2cf84663-94ed-0a1a-2fca-674a2f68124c" executionId="8445c8e7-c2dd-4d03-8131-46de6ca00c5f" testListId="8c84fa94-04c1-424b-9868-57a2d4851a1d" />
    <TestEntry testId="a98c2e19-eb41-cad2-08f2-c0b93de7ee3e" executionId="517727ca-7f25-4066-89de-9ef08295208e" testListId="8c84fa94-04c1-424b-9868-57a2d4851a1d" />
    <TestEntry testId="b74f2889-3d4b-c5bd-339c-e731c9bd4104" executionId="13c914e7-cb1b-499f-93be-f9657b6d6d09" testListId="8c84fa94-04c1-424b-9868-57a2d4851a1d" />
    <TestEntry testId="8b1df241-cd7c-f32a-3610-e625520de45c" executionId="089fab39-a61c-4a59-9238-4566b8249fbc" testListId="8c84fa94-04c1-424b-9868-57a2d4851a1d" />
    <TestEntry testId="a896ce4d-9b37-5a77-3f77-eed614e9f3c5" executionId="200a084c-1a70-4fb2-967f-4001ec5c368e" testListId="8c84fa94-04c1-424b-9868-57a2d4851a1d" />
    <TestEntry testId="d51ef439-c9da-9eb7-9c47-8a2b811546f8" executionId="f370af24-bfcb-45b5-9baf-54c2b009a760" testListId="8c84fa94-04c1-424b-9868-57a2d4851a1d" />
    <TestEntry testId="66c45e7e-2eb8-8f5a-9732-6ddf802742e4" executionId="af80faad-b295-4026-948b-4ecb0efc38a1" testListId="8c84fa94-04c1-424b-9868-57a2d4851a1d" />
    <TestEntry testId="5ff2e9bd-913e-ef6f-f2de-f5964820022a" executionId="7d8ab343-da4d-41da-8dda-f8525720c11a" testListId="8c84fa94-04c1-424b-9868-57a2d4851a1d" />
    <TestEntry testId="604c15ba-899a-5d43-9bdd-b7e6d1160ea5" executionId="e4b93e71-861a-4a1f-b8de-faabcaaa3673" testListId="8c84fa94-04c1-424b-9868-57a2d4851a1d" />
    <TestEntry testId="19c5e6aa-859f-a6c7-3af9-c1227ec03175" executionId="a5e23f30-5039-4aa5-b938-3f746f31094f" testListId="8c84fa94-04c1-424b-9868-57a2d4851a1d" />
    <TestEntry testId="64eb099e-d5b4-daa7-2772-ad681c8ba86e" executionId="e3ae5128-57c6-4a50-a980-e21470412b21" testListId="8c84fa94-04c1-424b-9868-57a2d4851a1d" />
    <TestEntry testId="06f8d942-a1f3-7e45-bd97-4700a2629094" executionId="1d1476bc-2f5e-46fa-93c5-0f214ab6cff6" testListId="8c84fa94-04c1-424b-9868-57a2d4851a1d" />
    <TestEntry testId="575260a6-c854-bca0-ee1c-4e415e9c115d" executionId="60a2b061-1906-4636-b312-beb4a4d7ee3a" testListId="8c84fa94-04c1-424b-9868-57a2d4851a1d" />
    <TestEntry testId="0de96528-243c-6f64-ebc4-cbed28be2ce4" executionId="ff64fdaf-93e3-4144-9378-a9be98f48d36" testListId="8c84fa94-04c1-424b-9868-57a2d4851a1d" />
    <TestEntry testId="7a29bd7f-28eb-ba66-f939-4e9595bb111b" executionId="902ba535-df06-4e1a-8575-cf731f227407" testListId="8c84fa94-04c1-424b-9868-57a2d4851a1d" />
    <TestEntry testId="df568c07-a2bf-a473-b20c-99920a8fa63b" executionId="739d9f12-a4cd-4d22-a8b7-fc3e35e3367e" testListId="8c84fa94-04c1-424b-9868-57a2d4851a1d" />
    <TestEntry testId="f010b793-931b-684d-d2ea-48b39359569d" executionId="979039e4-f63f-46fa-8e1b-b3bba1238734" testListId="8c84fa94-04c1-424b-9868-57a2d4851a1d" />
    <TestEntry testId="e44dbd48-1fa2-94e7-65f8-2d11a07a499e" executionId="d7035574-7e40-4ee0-a917-928b979519f7" testListId="8c84fa94-04c1-424b-9868-57a2d4851a1d" />
    <TestEntry testId="5f9ab3a2-a74d-3ba3-bb43-56d569184da7" executionId="d4a7ab35-282d-4cf0-b204-bffe05316067" testListId="8c84fa94-04c1-424b-9868-57a2d4851a1d" />
    <TestEntry testId="5843788f-56fb-bff3-2f34-bf3a90125af5" executionId="63c40cc0-1f15-4918-9a3c-d1c76b063e50" testListId="8c84fa94-04c1-424b-9868-57a2d4851a1d" />
    <TestEntry testId="9521fdd5-f8b0-8814-1019-bcf36ca64483" executionId="c27ba6a4-da2d-41e6-a0aa-bd093561bfe7" testListId="8c84fa94-04c1-424b-9868-57a2d4851a1d" />
    <TestEntry testId="f889b14a-664f-744f-a2cb-4aa7c58e7de3" executionId="32d2ba62-e74b-4942-ab0e-9766e5f89b7d" testListId="8c84fa94-04c1-424b-9868-57a2d4851a1d" />
    <TestEntry testId="5b0f2072-7da6-7d6f-e27a-273ed9943e6b" executionId="3ce60d81-3508-47f4-8d7d-48cb0c62b66c" testListId="8c84fa94-04c1-424b-9868-57a2d4851a1d" />
    <TestEntry testId="8320c3cf-e174-9e60-eebf-d75d6487530d" executionId="f4e33f6a-3430-4c7e-b37f-b52bc0d2d71a" testListId="8c84fa94-04c1-424b-9868-57a2d4851a1d" />
    <TestEntry testId="e85fb801-fac4-3caf-4c68-9f4cc51c38b7" executionId="710ad496-f80f-479c-85a7-07ec0af8e19c" testListId="8c84fa94-04c1-424b-9868-57a2d4851a1d" />
    <TestEntry testId="1f403e10-27f8-4256-9a64-ef56b259cbfb" executionId="7a6fdcc9-a9e4-4808-aada-2c17d439807c" testListId="8c84fa94-04c1-424b-9868-57a2d4851a1d" />
    <TestEntry testId="93b8baa4-a7a4-78ce-5712-6dc3e46447a1" executionId="a6c97e8d-4c6d-4dca-a0f2-a8c2583235e5" testListId="8c84fa94-04c1-424b-9868-57a2d4851a1d" />
    <TestEntry testId="cc1496ac-98ef-5f01-e5e9-07c7ee6aa21b" executionId="2cb23999-fa54-4558-9425-8c9b8170c8ed" testListId="8c84fa94-04c1-424b-9868-57a2d4851a1d" />
    <TestEntry testId="4a516266-1feb-565c-4498-c6e58fb7b436" executionId="90ed8555-d687-44e3-92d3-fcc184418182" testListId="8c84fa94-04c1-424b-9868-57a2d4851a1d" />
    <TestEntry testId="c7d15519-12aa-af74-36da-f8f49a9c6779" executionId="aa9f4c72-cacb-4083-8410-44355c0302e8" testListId="8c84fa94-04c1-424b-9868-57a2d4851a1d" />
    <TestEntry testId="1b6c8480-1617-f9a0-a9d9-17f047f7cb0e" executionId="5e932b1c-ef60-42bf-b3a0-3117438ea70b" testListId="8c84fa94-04c1-424b-9868-57a2d4851a1d" />
    <TestEntry testId="b93ab267-4d4e-556b-bd47-9b0bdde5607a" executionId="dbbbaf0c-55bf-42aa-8734-05431a85be13" testListId="8c84fa94-04c1-424b-9868-57a2d4851a1d" />
    <TestEntry testId="9dfaa4dc-9a29-76d9-a18b-04fc15ca41a5" executionId="abde6788-9a3d-4f92-a999-efd37aa669cc" testListId="8c84fa94-04c1-424b-9868-57a2d4851a1d" />
    <TestEntry testId="2ff05efd-a118-5265-421f-8adc19a29796" executionId="12a90c74-7d5b-4b49-bc46-5c4508c87940" testListId="8c84fa94-04c1-424b-9868-57a2d4851a1d" />
    <TestEntry testId="9bc55912-1686-24c6-68d1-365735caec5d" executionId="13f2dc0c-baf5-4c18-8a87-6ae6efa73f63" testListId="8c84fa94-04c1-424b-9868-57a2d4851a1d" />
    <TestEntry testId="b883da1f-1bae-51fc-0cfe-8a9b346f1545" executionId="f1cd7a12-6cc1-4be5-889d-f556c7325304" testListId="8c84fa94-04c1-424b-9868-57a2d4851a1d" />
    <TestEntry testId="4aa14437-3803-5869-0e81-906d763b395c" executionId="9ec985ff-93b0-4388-9ac7-de78dae421f0" testListId="8c84fa94-04c1-424b-9868-57a2d4851a1d" />
    <TestEntry testId="8bc2f5a4-2b6a-d6fa-6633-3ec73ee952bc" executionId="69ee9317-79be-4626-9bd6-a66eb755dc9b" testListId="8c84fa94-04c1-424b-9868-57a2d4851a1d" />
    <TestEntry testId="37c0bf53-89e8-8b86-b19f-c48fdc89accf" executionId="aa5665e7-e444-488e-9b02-89c18ff89b8a" testListId="8c84fa94-04c1-424b-9868-57a2d4851a1d" />
    <TestEntry testId="0430db25-db50-e950-650c-a7a45ebe4591" executionId="b25e5de2-8588-4d6f-9fd2-beab96363388" testListId="8c84fa94-04c1-424b-9868-57a2d4851a1d" />
    <TestEntry testId="25bd5c1c-fcbe-ab93-d56f-4258fe321ffc" executionId="cec5ac78-e04c-44a8-a8f2-152bbd1931db" testListId="8c84fa94-04c1-424b-9868-57a2d4851a1d" />
    <TestEntry testId="d7f370e0-fe25-def0-5962-ced37d225b3d" executionId="eeea0e81-5766-445f-92de-c801b6920856" testListId="8c84fa94-04c1-424b-9868-57a2d4851a1d" />
    <TestEntry testId="9d35c45f-30de-9629-1760-ce591fc77afc" executionId="81a77d77-9ee8-473a-b4b0-ac0aa6b50cfb" testListId="8c84fa94-04c1-424b-9868-57a2d4851a1d" />
    <TestEntry testId="84c41830-efa0-e72a-d31e-f4dffe59a417" executionId="b99fbed6-3f91-45d1-8d86-aea4bb4629b4" testListId="8c84fa94-04c1-424b-9868-57a2d4851a1d" />
  </TestEntries>
  <TestLists>
    <TestList name="Results Not in a List" id="8c84fa94-04c1-424b-9868-57a2d4851a1d" />
    <TestList name="All Loaded Results" id="19431567-8539-422a-85d7-44ee4e166bda" />
  </TestLists>
  <ResultSummary outcome="Completed">
    <Counters total="1332" executed="1329" passed="1329" failed="0" error="0" timeout="0" aborted="0" inconclusive="0" passedButRunAborted="0" notRunnable="0" notExecuted="0" disconnected="0" warning="0" completed="0" inProgress="0" pending="0" />
    <Output>
      <StdOut>Test 'Scheduler_SimpleTaskProcessing' was skipped in the test run.&#xD;
Test 'Generate25kHardware_NoneOnWhiteList_CalculateProcessingTime' was skipped in the test run.&#xD;
Test 'HttpPost_Test_LicenseRequest_Succeeds' was skipped in the test run.&#xD;
</StdOut>
    </Output>
  </ResultSummary>
</TestRun>