<?xml version="1.0" encoding="utf-8"?>
<TestRun id="6c001acb-b4c2-47ba-95cc-9606909dcd1b" name="DKSR-EFI-04$@DKSR-EFI-04 2023-12-22 09:32:50" runUser="NT AUTHORITY\NETWORK SERVICE" xmlns="http://microsoft.com/schemas/VisualStudio/TeamTest/2010">
  <Times creation="2023-12-22T09:32:50.6466737+01:00" queuing="2023-12-22T09:32:50.6466737+01:00" start="2023-12-22T09:32:40.7247515+01:00" finish="2023-12-22T09:34:22.8189974+01:00" />
  <TestSettings name="default" id="f1367161-042c-4eca-a460-85837906724e">
    <Deployment runDeploymentRoot="DKSR-EFI-04$_DKSR-EFI-04_2023-12-22_09_32_50" />
  </TestSettings>
  <Results>
    <UnitTestResult executionId="aaa614d8-71a5-4326-aab3-51c9af9a9e51" testId="4ad4c3c3-39bf-3ab3-0ab0-ffc6ced77812" testName="HasKey_ReturnsFalse_WhenTableIsMissing" computerName="DKSR-EFI-04" duration="00:00:01.0836245" startTime="2023-12-22T09:33:28.0062255+01:00" endTime="2023-12-22T09:33:29.1000218+01:00" testType="13cdc9d9-ddb5-4fa4-a97d-d965ccfc6d4b" outcome="Passed" testListId="8c84fa94-04c1-424b-9868-57a2d4851a1d" relativeResultsDirectory="aaa614d8-71a5-4326-aab3-51c9af9a9e51" />
    <UnitTestResult executionId="493d5178-c55d-4361-89e8-3fa424ea944e" testId="5236636f-f101-4387-1048-021f430cdc7d" testName="IsValidBase64String_DataDrivenTest (AAA,False)" computerName="DKSR-EFI-04" duration="00:00:00.0000068" startTime="2023-12-22T09:32:51.6623069+01:00" endTime="2023-12-22T09:32:51.6623069+01:00" testType="13cdc9d9-ddb5-4fa4-a97d-d965ccfc6d4b" outcome="Passed" testListId="8c84fa94-04c1-424b-9868-57a2d4851a1d" relativeResultsDirectory="493d5178-c55d-4361-89e8-3fa424ea944e" />
    <UnitTestResult executionId="798bd224-67f4-41f1-aef5-30d34ac03f77" testId="054bfef9-7d9c-4f40-14b7-a4a1c121a79d" testName="AccessControlUpdater_SetFileAccessControl_UseLocalSystem" computerName="DKSR-EFI-04" duration="00:00:00.0035126" startTime="2023-12-22T09:32:52.8498095+01:00" endTime="2023-12-22T09:32:52.8498095+01:00" testType="13cdc9d9-ddb5-4fa4-a97d-d965ccfc6d4b" outcome="Passed" testListId="8c84fa94-04c1-424b-9868-57a2d4851a1d" relativeResultsDirectory="798bd224-67f4-41f1-aef5-30d34ac03f77" />
    <UnitTestResult executionId="91ff7633-437d-4ba7-be03-51fa4d322fd8" testId="43e187ac-6acd-8fb4-1f53-95709d764ad1" testName="Constructor_MultipleItems_ReadPermission" computerName="DKSR-EFI-04" duration="00:00:00.0003382" startTime="2023-12-22T09:32:51.5060523+01:00" endTime="2023-12-22T09:32:51.5060523+01:00" testType="13cdc9d9-ddb5-4fa4-a97d-d965ccfc6d4b" outcome="Passed" testListId="8c84fa94-04c1-424b-9868-57a2d4851a1d" relativeResultsDirectory="91ff7633-437d-4ba7-be03-51fa4d322fd8" />
    <UnitTestResult executionId="9d7eb7ad-e471-43c0-9f17-22c0360ce912" testId="a79acfca-4bc4-b15e-d56c-69fa06522e06" testName="DeleteSslConfiguration_Param_NullAddressTest" computerName="DKSR-EFI-04" duration="00:00:00.0008554" startTime="2023-12-22T09:32:51.3966771+01:00" endTime="2023-12-22T09:32:51.3966771+01:00" testType="13cdc9d9-ddb5-4fa4-a97d-d965ccfc6d4b" outcome="Passed" testListId="8c84fa94-04c1-424b-9868-57a2d4851a1d" relativeResultsDirectory="9d7eb7ad-e471-43c0-9f17-22c0360ce912" />
    <UnitTestResult executionId="0d04d35e-dbaa-4092-8779-125f07acf0eb" testId="03525120-a612-e254-3483-349d47207dd5" testName="GetSqlConnection_ValidMinimumConnectionString_success" computerName="DKSR-EFI-04" duration="00:00:00.0015030" startTime="2023-12-22T09:34:19.5377327+01:00" endTime="2023-12-22T09:34:19.5533558+01:00" testType="13cdc9d9-ddb5-4fa4-a97d-d965ccfc6d4b" outcome="Passed" testListId="8c84fa94-04c1-424b-9868-57a2d4851a1d" relativeResultsDirectory="0d04d35e-dbaa-4092-8779-125f07acf0eb" />
    <UnitTestResult executionId="4fe73450-4391-414c-8c9b-7bd9db5ec2de" testId="b4d463d6-cc5b-23da-2ef9-5250fbeeaeb9" testName="Constructor_String_SqlDbType_Success" computerName="DKSR-EFI-04" duration="00:00:00.0037954" startTime="2023-12-22T09:34:19.4439806+01:00" endTime="2023-12-22T09:34:19.4439806+01:00" testType="13cdc9d9-ddb5-4fa4-a97d-d965ccfc6d4b" outcome="Passed" testListId="8c84fa94-04c1-424b-9868-57a2d4851a1d" relativeResultsDirectory="4fe73450-4391-414c-8c9b-7bd9db5ec2de" />
    <UnitTestResult executionId="383d92da-d7c4-4d62-8cc3-9f372103011b" testId="84d3882a-5020-37f2-ee66-e79b1bc2b5cd" testName="FormatTimeSpanStringTest1" computerName="DKSR-EFI-04" duration="00:00:00.0037025" startTime="2023-12-22T09:32:50.6310494+01:00" endTime="2023-12-22T09:32:50.6310494+01:00" testType="13cdc9d9-ddb5-4fa4-a97d-d965ccfc6d4b" outcome="Passed" testListId="8c84fa94-04c1-424b-9868-57a2d4851a1d" relativeResultsDirectory="383d92da-d7c4-4d62-8cc3-9f372103011b" />
    <UnitTestResult executionId="c66a6040-45fe-4fd0-8dbb-65fa6fcfb743" testId="e56d7f60-ae86-4c76-0aba-91f49dfb5659" testName="GetSqlConnection_IntegratedSecuritySetUsingSSPI_Success" computerName="DKSR-EFI-04" duration="00:00:00.0012069" startTime="2023-12-22T09:34:19.5533558+01:00" endTime="2023-12-22T09:34:19.5533558+01:00" testType="13cdc9d9-ddb5-4fa4-a97d-d965ccfc6d4b" outcome="Passed" testListId="8c84fa94-04c1-424b-9868-57a2d4851a1d" relativeResultsDirectory="c66a6040-45fe-4fd0-8dbb-65fa6fcfb743" />
    <UnitTestResult executionId="9c1e3e3b-4c07-4250-831a-b5a6da51f47e" testId="e5fe2c62-2103-2378-a4f6-adcd9fb185a4" testName="EnforceUrlReservation_Parameter_EmptyAceTest" computerName="DKSR-EFI-04" duration="00:00:00.0005877" startTime="2023-12-22T09:32:51.3341773+01:00" endTime="2023-12-22T09:32:51.3341773+01:00" testType="13cdc9d9-ddb5-4fa4-a97d-d965ccfc6d4b" outcome="Passed" testListId="8c84fa94-04c1-424b-9868-57a2d4851a1d" relativeResultsDirectory="9c1e3e3b-4c07-4250-831a-b5a6da51f47e" />
    <UnitTestResult executionId="6ddc1ca2-4f50-473c-9d9b-73a2e6cbe23a" testId="e0b8b063-cc2e-f702-2b53-1f80cea70f32" testName="EventServerSqlConnectionStorage_Constructor_Success" computerName="DKSR-EFI-04" duration="00:00:00.0016630" startTime="2023-12-22T09:34:19.4439806+01:00" endTime="2023-12-22T09:34:19.4596072+01:00" testType="13cdc9d9-ddb5-4fa4-a97d-d965ccfc6d4b" outcome="Passed" testListId="8c84fa94-04c1-424b-9868-57a2d4851a1d" relativeResultsDirectory="6ddc1ca2-4f50-473c-9d9b-73a2e6cbe23a" />
    <UnitTestResult executionId="2af43b2c-e65f-4a24-a88e-0bbb1596f3c4" testId="a537d233-e850-29a6-d913-096e4438abfa" testName="ScheduleNextRun_CalledOnce_AfterTimedDelayTriggered_Success" computerName="DKSR-EFI-04" startTime="2023-12-22T09:32:51.8185559+01:00" endTime="2023-12-22T09:32:51.8185559+01:00" testType="13cdc9d9-ddb5-4fa4-a97d-d965ccfc6d4b" outcome="NotExecuted" testListId="8c84fa94-04c1-424b-9868-57a2d4851a1d" relativeResultsDirectory="2af43b2c-e65f-4a24-a88e-0bbb1596f3c4">
      <Output></Output>
    </UnitTestResult>
    <UnitTestResult executionId="a36d574b-7e05-41dd-8c19-b10a77a65f00" testId="ff11fe63-c800-55e8-3867-714194b6a3db" testName="Constructor_ShouldThrow_WhenFilenameIsNull" computerName="DKSR-EFI-04" duration="00:00:00.0005989" startTime="2023-12-22T09:33:29.5218575+01:00" endTime="2023-12-22T09:33:29.5218575+01:00" testType="13cdc9d9-ddb5-4fa4-a97d-d965ccfc6d4b" outcome="Passed" testListId="8c84fa94-04c1-424b-9868-57a2d4851a1d" relativeResultsDirectory="a36d574b-7e05-41dd-8c19-b10a77a65f00" />
    <UnitTestResult executionId="014a0dfe-9558-4a50-a75e-3ce82ed5e2de" testId="faa274f9-c395-9ea7-05af-9e5a4cdb7bc9" testName="Class_InheritsFromISqlConnectionManager_Success" computerName="DKSR-EFI-04" duration="00:00:00.0008945" startTime="2023-12-22T09:34:19.4908563+01:00" endTime="2023-12-22T09:34:19.5064821+01:00" testType="13cdc9d9-ddb5-4fa4-a97d-d965ccfc6d4b" outcome="Passed" testListId="8c84fa94-04c1-424b-9868-57a2d4851a1d" relativeResultsDirectory="014a0dfe-9558-4a50-a75e-3ce82ed5e2de" />
    <UnitTestResult executionId="5b3c6f0d-dfc0-45ff-b942-684853a66a35" testId="4dbfc251-cd7c-e66a-ee68-c214068d0440" testName="Given_FeaturesAreAvailable_When_EnsureFeaturesAreInstalled_WithFeaturesThatReporetsbeingRemoved_Then_MethodReturnsTheRemovedFeature" computerName="DKSR-EFI-04" duration="00:00:00.0180764" startTime="2023-12-22T09:33:30.3343629+01:00" endTime="2023-12-22T09:33:30.3499905+01:00" testType="13cdc9d9-ddb5-4fa4-a97d-d965ccfc6d4b" outcome="Passed" testListId="8c84fa94-04c1-424b-9868-57a2d4851a1d" relativeResultsDirectory="5b3c6f0d-dfc0-45ff-b942-684853a66a35" />
    <UnitTestResult executionId="9ca08118-badd-4764-a3f9-c923832bf95f" testId="ea5cb3a6-13ca-c077-cd8f-0dba821b3094" testName="ReadSslConfigurations_ExceptionThrownTest" computerName="DKSR-EFI-04" duration="00:00:00.0027394" startTime="2023-12-22T09:32:51.2873014+01:00" endTime="2023-12-22T09:32:51.2873014+01:00" testType="13cdc9d9-ddb5-4fa4-a97d-d965ccfc6d4b" outcome="Passed" testListId="8c84fa94-04c1-424b-9868-57a2d4851a1d" relativeResultsDirectory="9ca08118-badd-4764-a3f9-c923832bf95f" />
    <UnitTestResult executionId="1fba0190-eacf-4b38-85f3-7a2d0d9eb911" testId="c2067aaa-c435-63c7-5ffc-c02780c3c66c" testName="RetryableActionRetriedWhenOwnerOfTheTransaction" computerName="DKSR-EFI-04" duration="00:00:00.5490518" startTime="2023-12-22T09:34:18.8502277+01:00" endTime="2023-12-22T09:34:19.3971067+01:00" testType="13cdc9d9-ddb5-4fa4-a97d-d965ccfc6d4b" outcome="Passed" testListId="8c84fa94-04c1-424b-9868-57a2d4851a1d" relativeResultsDirectory="1fba0190-eacf-4b38-85f3-7a2d0d9eb911" />
    <UnitTestResult executionId="ea398b7f-dff5-467d-a510-584aa81b72b7" testId="65c2ea5b-763c-d0bd-7381-b24c3eb812aa" testName="Initialize_DblInitialize_HelpManagerAlreadyInitializedException" computerName="DKSR-EFI-04" duration="00:00:00.0009401" startTime="2023-12-22T09:33:29.8031125+01:00" endTime="2023-12-22T09:33:29.8031125+01:00" testType="13cdc9d9-ddb5-4fa4-a97d-d965ccfc6d4b" outcome="Passed" testListId="8c84fa94-04c1-424b-9868-57a2d4851a1d" relativeResultsDirectory="ea398b7f-dff5-467d-a510-584aa81b72b7" />
    <UnitTestResult executionId="e03cea57-eb15-4f3c-8721-141c51c21def" testId="4e2d2668-c3e5-6e93-3de2-3f371d9d4188" testName="Dispose_MultipleDisposeCallsTest" computerName="DKSR-EFI-04" duration="00:00:00.0003667" startTime="2023-12-22T09:32:51.2560505+01:00" endTime="2023-12-22T09:32:51.2560505+01:00" testType="13cdc9d9-ddb5-4fa4-a97d-d965ccfc6d4b" outcome="Passed" testListId="8c84fa94-04c1-424b-9868-57a2d4851a1d" relativeResultsDirectory="e03cea57-eb15-4f3c-8721-141c51c21def" />
    <UnitTestResult executionId="b9f098c4-0c6b-409b-8048-ac7efd9f5aa4" testId="51995322-8c00-f766-f088-c76b56aca7e2" testName="DecryptAfterEncrypt_ShouldReturnSameStringAsInput" computerName="DKSR-EFI-04" duration="00:00:00.0032117" startTime="2023-12-22T09:34:19.7252339+01:00" endTime="2023-12-22T09:34:19.7408584+01:00" testType="13cdc9d9-ddb5-4fa4-a97d-d965ccfc6d4b" outcome="Passed" testListId="8c84fa94-04c1-424b-9868-57a2d4851a1d" relativeResultsDirectory="b9f098c4-0c6b-409b-8048-ac7efd9f5aa4" />
    <UnitTestResult executionId="9e9ce678-ba87-48ba-aab6-482cad4b17d2" testId="f9344ffb-dbd5-e93e-8d3e-a55f9219cc21" testName="SimpleVerifySignatureDSA" computerName="DKSR-EFI-04" duration="00:00:00.1536776" startTime="2023-12-22T09:34:21.7721183+01:00" endTime="2023-12-22T09:34:21.9283677+01:00" testType="13cdc9d9-ddb5-4fa4-a97d-d965ccfc6d4b" outcome="Passed" testListId="8c84fa94-04c1-424b-9868-57a2d4851a1d" relativeResultsDirectory="9e9ce678-ba87-48ba-aab6-482cad4b17d2" />
    <UnitTestResult executionId="b4269b00-d274-46a5-9b2f-a06fa49d88ce" testId="488c9566-159e-023d-55f9-6135ea491195" testName="ExecuteScalarAsyncTest" computerName="DKSR-EFI-04" duration="00:00:00.0200650" startTime="2023-12-22T09:33:46.0063138+01:00" endTime="2023-12-22T09:33:46.0219430+01:00" testType="13cdc9d9-ddb5-4fa4-a97d-d965ccfc6d4b" outcome="Passed" testListId="8c84fa94-04c1-424b-9868-57a2d4851a1d" relativeResultsDirectory="b4269b00-d274-46a5-9b2f-a06fa49d88ce" />
    <UnitTestResult executionId="94b26ce8-281f-47ee-a172-b651df361f94" testId="f5e10d40-7608-a8d3-2b96-00d081cde0c3" testName="GetMemoryStorage_WithPassword_Success" computerName="DKSR-EFI-04" duration="00:00:00.0011554" startTime="2023-12-22T09:34:19.6002310+01:00" endTime="2023-12-22T09:34:19.6158566+01:00" testType="13cdc9d9-ddb5-4fa4-a97d-d965ccfc6d4b" outcome="Passed" testListId="8c84fa94-04c1-424b-9868-57a2d4851a1d" relativeResultsDirectory="94b26ce8-281f-47ee-a172-b651df361f94" />
    <UnitTestResult executionId="119969db-942a-4f61-b572-7b10d332ab37" testId="e3d2f4b4-4bae-40b1-8113-4f749d5c5430" testName="Given_daDK_svSE_deDESupported_When_GettingAvailableLanguages_NativeNamesAreDanskSvenskaDeutschIsReturned" computerName="DKSR-EFI-04" duration="00:00:00.0526220" startTime="2023-12-22T09:33:29.9281113+01:00" endTime="2023-12-22T09:33:29.9749883+01:00" testType="13cdc9d9-ddb5-4fa4-a97d-d965ccfc6d4b" outcome="Passed" testListId="8c84fa94-04c1-424b-9868-57a2d4851a1d" relativeResultsDirectory="119969db-942a-4f61-b572-7b10d332ab37" />
    <UnitTestResult executionId="ed713f5d-e1da-4e30-9089-55a8bdc4e58e" testId="f1bd97b0-6b78-7a86-f2e6-3fc0ddc07936" testName="Parse_InvalidData_InvalidPortTest1" computerName="DKSR-EFI-04" duration="00:00:00.0004628" startTime="2023-12-22T09:32:51.0685507+01:00" endTime="2023-12-22T09:32:51.0685507+01:00" testType="13cdc9d9-ddb5-4fa4-a97d-d965ccfc6d4b" outcome="Passed" testListId="8c84fa94-04c1-424b-9868-57a2d4851a1d" relativeResultsDirectory="ed713f5d-e1da-4e30-9089-55a8bdc4e58e" />
    <UnitTestResult executionId="c58696e2-48ea-46f5-a8de-2a7fdcb48fdb" testId="648022f1-3bdd-5333-fbf2-f52900fdfbaf" testName="Given_FeaturesAreAvailable_When_EnsureFeaturesAreInstalled_WithFeaturesThatFailsWhenInstalling_Then_EnableFeaturesAreCalledWithExpectedArgumentsAndMethodReturnsTheFailingFeature" computerName="DKSR-EFI-04" duration="00:00:00.0380618" startTime="2023-12-22T09:33:30.2718637+01:00" endTime="2023-12-22T09:33:30.3187415+01:00" testType="13cdc9d9-ddb5-4fa4-a97d-d965ccfc6d4b" outcome="Passed" testListId="8c84fa94-04c1-424b-9868-57a2d4851a1d" relativeResultsDirectory="c58696e2-48ea-46f5-a8de-2a7fdcb48fdb" />
    <UnitTestResult executionId="819ffb49-284a-4ca5-8723-b2dbe39a8ab7" testId="57eb03f9-629b-e61d-a054-266af00de60c" testName="MultipleThreadsAndAppenders" computerName="DKSR-EFI-04" duration="00:00:00.7336520" startTime="2023-12-22T09:33:44.2406814+01:00" endTime="2023-12-22T09:33:44.9750612+01:00" testType="13cdc9d9-ddb5-4fa4-a97d-d965ccfc6d4b" outcome="Passed" testListId="8c84fa94-04c1-424b-9868-57a2d4851a1d" relativeResultsDirectory="819ffb49-284a-4ca5-8723-b2dbe39a8ab7">
      <Output>
        <StdOut>Reading config from file: D:\actions-runner\_work\XPCO\XPCO\Common\VideoOS.Utilities\VideoOS.Utilities.UnitTests\bin\Debug\net472\VideoOS.Utilities.UnitTests.dll.config&#xD;
2023-12-22 09:33:44.506+01:00 [    19] WARNING    - W&#xD;&#xD;
2023-12-22 09:33:44.506+01:00 [    19] WARNING    - W&#xD;&#xD;
2023-12-22 09:33:44.506+01:00 [    19] WARNING    - W&#xD;&#xD;
2023-12-22 09:33:44.506+01:00 [    19] WARNING    - W&#xD;&#xD;
2023-12-22 09:33:44.506+01:00 [    19] WARNING    - W&#xD;&#xD;
2023-12-22 09:33:44.506+01:00 [    19] WARNING    - W&#xD;&#xD;
2023-12-22 09:33:44.506+01:00 [    19] WARNING    - W&#xD;&#xD;
2023-12-22 09:33:44.506+01:00 [    19] WARNING    - W&#xD;&#xD;
2023-12-22 09:33:44.506+01:00 [    19] WARNING    - W&#xD;&#xD;
2023-12-22 09:33:44.506+01:00 [    19] WARNING    - W&#xD;&#xD;
2023-12-22 09:33:44.506+01:00 [    19] WARNING    - W&#xD;&#xD;
2023-12-22 09:33:44.506+01:00 [    19] WARNING    - W&#xD;&#xD;
2023-12-22 09:33:44.506+01:00 [    19] WARNING    - W&#xD;&#xD;
2023-12-22 09:33:44.506+01:00 [    19] WARNING    - W&#xD;&#xD;
2023-12-22 09:33:44.506+01:00 [    19] WARNING    - W&#xD;&#xD;
2023-12-22 09:33:44.506+01:00 [    19] WARNING    - W&#xD;&#xD;
2023-12-22 09:33:44.506+01:00 [    19] WARNING    - W&#xD;&#xD;
2023-12-22 09:33:44.506+01:00 [    19] WARNING    - W&#xD;&#xD;
2023-12-22 09:33:44.506+01:00 [    19] WARNING    - W&#xD;&#xD;
2023-12-22 09:33:44.506+01:00 [    19] WARNING    - W&#xD;&#xD;
2023-12-22 09:33:44.506+01:00 [    19] WARNING    - W&#xD;&#xD;
2023-12-22 09:33:44.506+01:00 [    19] WARNING    - W&#xD;&#xD;
2023-12-22 09:33:44.506+01:00 [    19] WARNING    - W&#xD;&#xD;
2023-12-22 09:33:44.506+01:00 [    19] WARNING    - W&#xD;&#xD;
2023-12-22 09:33:44.506+01:00 [    19] WARNING    - W&#xD;&#xD;
2023-12-22 09:33:44.506+01:00 [    19] WARNING    - W&#xD;&#xD;
2023-12-22 09:33:44.506+01:00 [    19] WARNING    - W&#xD;&#xD;
2023-12-22 09:33:44.506+01:00 [    19] WARNING    - W&#xD;&#xD;
2023-12-22 09:33:44.506+01:00 [    19] WARNING    - W&#xD;&#xD;
2023-12-22 09:33:44.506+01:00 [    19] WARNING    - W&#xD;&#xD;
2023-12-22 09:33:44.506+01:00 [    19] WARNING    - W&#xD;&#xD;
2023-12-22 09:33:44.506+01:00 [    19] WARNING    - W&#xD;&#xD;
2023-12-22 09:33:44.506+01:00 [    19] WARNING    - W&#xD;&#xD;
2023-12-22 09:33:44.506+01:00 [    19] WARNING    - W&#xD;&#xD;
2023-12-22 09:33:44.506+01:00 [    19] WARNING    - W&#xD;&#xD;
2023-12-22 09:33:44.506+01:00 [    19] WARNING    - W&#xD;&#xD;
2023-12-22 09:33:44.506+01:00 [    19] WARNING    - W&#xD;&#xD;
2023-12-22 09:33:44.506+01:00 [    19] WARNING    - W&#xD;&#xD;
2023-12-22 09:33:44.506+01:00 [    19] WARNING    - W&#xD;&#xD;
2023-12-22 09:33:44.506+01:00 [    19] WARNING    - W&#xD;&#xD;
2023-12-22 09:33:44.506+01:00 [    19] WARNING    - W&#xD;&#xD;
2023-12-22 09:33:44.506+01:00 [    19] WARNING    - W&#xD;&#xD;
2023-12-22 09:33:44.506+01:00 [    19] WARNING    - W&#xD;&#xD;
2023-12-22 09:33:44.506+01:00 [    19] WARNING    - W&#xD;&#xD;
2023-12-22 09:33:44.506+01:00 [    19] WARNING    - W&#xD;&#xD;
2023-12-22 09:33:44.506+01:00 [    19] WARNING    - W&#xD;&#xD;
2023-12-22 09:33:44.506+01:00 [    19] WARNING    - W&#xD;&#xD;
2023-12-22 09:33:44.506+01:00 [    19] WARNING    - W&#xD;&#xD;
2023-12-22 09:33:44.506+01:00 [    19] WARNING    - W&#xD;&#xD;
2023-12-22 09:33:44.506+01:00 [    19] WARNING    - W&#xD;&#xD;
2023-12-22 09:33:44.506+01:00 [    19] WARNING    - W&#xD;&#xD;
2023-12-22 09:33:44.506+01:00 [    19] WARNING    - W&#xD;&#xD;
2023-12-22 09:33:44.506+01:00 [    19] WARNING    - W&#xD;&#xD;
2023-12-22 09:33:44.506+01:00 [    19] WARNING    - W&#xD;&#xD;
2023-12-22 09:33:44.506+01:00 [    19] WARNING    - W&#xD;&#xD;
2023-12-22 09:33:44.506+01:00 [    19] WARNING    - W&#xD;&#xD;
2023-12-22 09:33:44.506+01:00 [    19] WARNING    - W&#xD;&#xD;
2023-12-22 09:33:44.506+01:00 [    19] WARNING    - W&#xD;&#xD;
2023-12-22 09:33:44.506+01:00 [    19] WARNING    - W&#xD;&#xD;
2023-12-22 09:33:44.506+01:00 [    19] WARNING    - W&#xD;&#xD;
2023-12-22 09:33:44.506+01:00 [    19] WARNING    - W&#xD;&#xD;
2023-12-22 09:33:44.506+01:00 [    19] WARNING    - W&#xD;&#xD;
2023-12-22 09:33:44.506+01:00 [    19] WARNING    - W&#xD;&#xD;
2023-12-22 09:33:44.506+01:00 [    19] WARNING    - W&#xD;&#xD;
2023-12-22 09:33:44.506+01:00 [    19] WARNING    - W&#xD;&#xD;
2023-12-22 09:33:44.506+01:00 [    19] WARNING    - W&#xD;&#xD;
2023-12-22 09:33:44.506+01:00 [    19] WARNING    - W&#xD;&#xD;
2023-12-22 09:33:44.506+01:00 [    19] WARNING    - W&#xD;&#xD;
2023-12-22 09:33:44.506+01:00 [    19] WARNING    - W&#xD;&#xD;
2023-12-22 09:33:44.506+01:00 [    19] WARNING    - W&#xD;&#xD;
2023-12-22 09:33:44.506+01:00 [    19] WARNING    - W&#xD;&#xD;
2023-12-22 09:33:44.506+01:00 [    19] WARNING    - W&#xD;&#xD;
2023-12-22 09:33:44.506+01:00 [    19] WARNING    - W&#xD;&#xD;
2023-12-22 09:33:44.506+01:00 [    19] WARNING    - W&#xD;&#xD;
2023-12-22 09:33:44.506+01:00 [    19] WARNING    - W&#xD;&#xD;
2023-12-22 09:33:44.506+01:00 [    19] WARNING    - W&#xD;&#xD;
2023-12-22 09:33:44.506+01:00 [    19] WARNING    - W&#xD;&#xD;
2023-12-22 09:33:44.506+01:00 [    19] WARNING    - W&#xD;&#xD;
2023-12-22 09:33:44.506+01:00 [    19] WARNING    - W&#xD;&#xD;
2023-12-22 09:33:44.506+01:00 [    19] WARNING    - W&#xD;&#xD;
2023-12-22 09:33:44.506+01:00 [    19] WARNING    - W&#xD;&#xD;
2023-12-22 09:33:44.506+01:00 [    19] WARNING    - W&#xD;&#xD;
2023-12-22 09:33:44.506+01:00 [    19] WARNING    - W&#xD;&#xD;
2023-12-22 09:33:44.506+01:00 [    19] WARNING    - W&#xD;&#xD;
2023-12-22 09:33:44.506+01:00 [    19] WARNING    - W&#xD;&#xD;
2023-12-22 09:33:44.506+01:00 [    19] WARNING    - W&#xD;&#xD;
2023-12-22 09:33:44.506+01:00 [    19] WARNING    - W&#xD;&#xD;
2023-12-22 09:33:44.506+01:00 [    19] WARNING    - W&#xD;&#xD;
2023-12-22 09:33:44.506+01:00 [    19] WARNING    - W&#xD;&#xD;
2023-12-22 09:33:44.506+01:00 [    19] WARNING    - W&#xD;&#xD;
2023-12-22 09:33:44.506+01:00 [    19] WARNING    - W&#xD;&#xD;
2023-12-22 09:33:44.506+01:00 [    19] WARNING    - W&#xD;&#xD;
2023-12-22 09:33:44.506+01:00 [    19] WARNING    - W&#xD;&#xD;
2023-12-22 09:33:44.506+01:00 [    19] WARNING    - W&#xD;&#xD;
2023-12-22 09:33:44.506+01:00 [    19] WARNING    - W&#xD;&#xD;
2023-12-22 09:33:44.506+01:00 [    19] WARNING    - W&#xD;&#xD;
2023-12-22 09:33:44.506+01:00 [    19] WARNING    - W&#xD;&#xD;
2023-12-22 09:33:44.506+01:00 [    19] WARNING    - W&#xD;&#xD;
2023-12-22 09:33:44.506+01:00 [    19] WARNING    - W&#xD;&#xD;
2023-12-22 09:33:44.506+01:00 [    19] WARNING    - W&#xD;&#xD;
2023-12-22 09:33:44.506+01:00 [    19] WARNING    - W&#xD;&#xD;
2023-12-22 09:33:44.506+01:00 [    19] WARNING    - W&#xD;&#xD;
2023-12-22 09:33:44.506+01:00 [    19] WARNING    - W&#xD;&#xD;
2023-12-22 09:33:44.506+01:00 [    19] WARNING    - W&#xD;&#xD;
2023-12-22 09:33:44.506+01:00 [    19] WARNING    - W&#xD;&#xD;
2023-12-22 09:33:44.506+01:00 [    19] WARNING    - W&#xD;&#xD;
2023-12-22 09:33:44.506+01:00 [    19] WARNING    - W&#xD;&#xD;
2023-12-22 09:33:44.506+01:00 [    19] WARNING    - W&#xD;&#xD;
2023-12-22 09:33:44.506+01:00 [    19] WARNING    - W&#xD;&#xD;
2023-12-22 09:33:44.506+01:00 [    19] WARNING    - W&#xD;&#xD;
2023-12-22 09:33:44.506+01:00 [    19] WARNING    - W&#xD;&#xD;
2023-12-22 09:33:44.506+01:00 [    19] WARNING    - W&#xD;&#xD;
2023-12-22 09:33:44.506+01:00 [    19] WARNING    - W&#xD;&#xD;
2023-12-22 09:33:44.506+01:00 [    19] WARNING    - W&#xD;&#xD;
2023-12-22 09:33:44.506+01:00 [    19] WARNING    - W&#xD;&#xD;
2023-12-22 09:33:44.506+01:00 [    19] WARNING    - W&#xD;&#xD;
2023-12-22 09:33:44.506+01:00 [    19] WARNING    - W&#xD;&#xD;
2023-12-22 09:33:44.506+01:00 [    19] WARNING    - W&#xD;&#xD;
2023-12-22 09:33:44.506+01:00 [    19] WARNING    - W&#xD;&#xD;
2023-12-22 09:33:44.506+01:00 [    19] WARNING    - W&#xD;&#xD;
2023-12-22 09:33:44.506+01:00 [    19] WARNING    - W&#xD;&#xD;
2023-12-22 09:33:44.506+01:00 [    19] WARNING    - W&#xD;&#xD;
2023-12-22 09:33:44.506+01:00 [    19] WARNING    - W&#xD;&#xD;
2023-12-22 09:33:44.506+01:00 [    19] WARNING    - W&#xD;&#xD;
2023-12-22 09:33:44.506+01:00 [    19] WARNING    - W&#xD;&#xD;
2023-12-22 09:33:44.506+01:00 [    19] WARNING    - W&#xD;&#xD;
2023-12-22 09:33:44.506+01:00 [    19] WARNING    - W&#xD;&#xD;
2023-12-22 09:33:44.506+01:00 [    19] WARNING    - W&#xD;&#xD;
2023-12-22 09:33:44.506+01:00 [    19] WARNING    - W&#xD;&#xD;
2023-12-22 09:33:44.506+01:00 [    19] WARNING    - W&#xD;&#xD;
2023-12-22 09:33:44.506+01:00 [    19] WARNING    - W&#xD;&#xD;
2023-12-22 09:33:44.506+01:00 [    19] WARNING    - W&#xD;&#xD;
2023-12-22 09:33:44.506+01:00 [    19] WARNING    - W&#xD;&#xD;
2023-12-22 09:33:44.506+01:00 [    19] WARNING    - W&#xD;&#xD;
2023-12-22 09:33:44.506+01:00 [    19] WARNING    - W&#xD;&#xD;
2023-12-22 09:33:44.506+01:00 [    19] WARNING    - W&#xD;&#xD;
2023-12-22 09:33:44.506+01:00 [    19] WARNING    - W&#xD;&#xD;
2023-12-22 09:33:44.506+01:00 [    19] WARNING    - W&#xD;&#xD;
2023-12-22 09:33:44.506+01:00 [    19] WARNING    - W&#xD;&#xD;
2023-12-22 09:33:44.506+01:00 [    19] WARNING    - W&#xD;&#xD;
2023-12-22 09:33:44.506+01:00 [    19] WARNING    - W&#xD;&#xD;
2023-12-22 09:33:44.506+01:00 [    19] WARNING    - W&#xD;&#xD;
2023-12-22 09:33:44.506+01:00 [    19] WARNING    - W&#xD;&#xD;
2023-12-22 09:33:44.506+01:00 [    19] WARNING    - W&#xD;&#xD;
2023-12-22 09:33:44.506+01:00 [    19] WARNING    - W&#xD;&#xD;
2023-12-22 09:33:44.506+01:00 [    19] WARNING    - W&#xD;&#xD;
2023-12-22 09:33:44.506+01:00 [    19] WARNING    - W&#xD;&#xD;
2023-12-22 09:33:44.506+01:00 [    19] WARNING    - W&#xD;&#xD;
2023-12-22 09:33:44.506+01:00 [    19] WARNING    - W&#xD;&#xD;
2023-12-22 09:33:44.506+01:00 [    19] WARNING    - W&#xD;&#xD;
2023-12-22 09:33:44.506+01:00 [    19] WARNING    - W&#xD;&#xD;
2023-12-22 09:33:44.506+01:00 [    19] WARNING    - W&#xD;&#xD;
2023-12-22 09:33:44.506+01:00 [    19] WARNING    - W&#xD;&#xD;
2023-12-22 09:33:44.506+01:00 [    19] WARNING    - W&#xD;&#xD;
2023-12-22 09:33:44.506+01:00 [    19] WARNING    - W&#xD;&#xD;
2023-12-22 09:33:44.506+01:00 [    19] WARNING    - W&#xD;&#xD;
2023-12-22 09:33:44.506+01:00 [    19] WARNING    - W&#xD;&#xD;
2023-12-22 09:33:44.506+01:00 [    19] WARNING    - W&#xD;&#xD;
2023-12-22 09:33:44.506+01:00 [    19] WARNING    - W&#xD;&#xD;
2023-12-22 09:33:44.506+01:00 [    19] WARNING    - W&#xD;&#xD;
2023-12-22 09:33:44.506+01:00 [    19] WARNING    - W&#xD;&#xD;
2023-12-22 09:33:44.506+01:00 [    19] WARNING    - W&#xD;&#xD;
2023-12-22 09:33:44.506+01:00 [    19] WARNING    - W&#xD;&#xD;
2023-12-22 09:33:44.506+01:00 [    19] WARNING    - W&#xD;&#xD;
2023-12-22 09:33:44.506+01:00 [    19] WARNING    - W&#xD;&#xD;
2023-12-22 09:33:44.506+01:00 [    19] WARNING    - W&#xD;&#xD;
2023-12-22 09:33:44.506+01:00 [    19] WARNING    - W&#xD;&#xD;
2023-12-22 09:33:44.506+01:00 [    19] WARNING    - W&#xD;&#xD;
2023-12-22 09:33:44.506+01:00 [    19] WARNING    - W&#xD;&#xD;
2023-12-22 09:33:44.506+01:00 [    19] WARNING    - W&#xD;&#xD;
2023-12-22 09:33:44.506+01:00 [    19] WARNING    - W&#xD;&#xD;
2023-12-22 09:33:44.506+01:00 [    19] WARNING    - W&#xD;&#xD;
2023-12-22 09:33:44.506+01:00 [    19] WARNING    - W&#xD;&#xD;
2023-12-22 09:33:44.506+01:00 [    19] WARNING    - W&#xD;&#xD;
2023-12-22 09:33:44.506+01:00 [    19] WARNING    - W&#xD;&#xD;
2023-12-22 09:33:44.506+01:00 [    19] WARNING    - W&#xD;&#xD;
2023-12-22 09:33:44.506+01:00 [    19] WARNING    - W&#xD;&#xD;
2023-12-22 09:33:44.506+01:00 [    19] WARNING    - W&#xD;&#xD;
2023-12-22 09:33:44.506+01:00 [    19] WARNING    - W&#xD;&#xD;
2023-12-22 09:33:44.506+01:00 [    19] WARNING    - W&#xD;&#xD;
2023-12-22 09:33:44.506+01:00 [    19] WARNING    - W&#xD;&#xD;
2023-12-22 09:33:44.506+01:00 [    19] WARNING    - W&#xD;&#xD;
2023-12-22 09:33:44.506+01:00 [    19] WARNING    - W&#xD;&#xD;
2023-12-22 09:33:44.506+01:00 [    19] WARNING    - W&#xD;&#xD;
2023-12-22 09:33:44.506+01:00 [    19] WARNING    - W&#xD;&#xD;
2023-12-22 09:33:44.506+01:00 [    19] WARNING    - W&#xD;&#xD;
2023-12-22 09:33:44.506+01:00 [    19] WARNING    - W&#xD;&#xD;
2023-12-22 09:33:44.506+01:00 [    19] WARNING    - W&#xD;&#xD;
2023-12-22 09:33:44.506+01:00 [    19] WARNING    - W&#xD;&#xD;
2023-12-22 09:33:44.506+01:00 [    19] WARNING    - W&#xD;&#xD;
2023-12-22 09:33:44.506+01:00 [    19] WARNING    - W&#xD;&#xD;
2023-12-22 09:33:44.506+01:00 [    19] WARNING    - W&#xD;&#xD;
2023-12-22 09:33:44.506+01:00 [    19] WARNING    - W&#xD;&#xD;
2023-12-22 09:33:44.506+01:00 [    19] WARNING    - W&#xD;&#xD;
2023-12-22 09:33:44.506+01:00 [    19] WARNING    - W&#xD;&#xD;
2023-12-22 09:33:44.506+01:00 [    19] WARNING    - W&#xD;&#xD;
2023-12-22 09:33:44.506+01:00 [    19] WARNING    - W&#xD;&#xD;
2023-12-22 09:33:44.506+01:00 [    19] WARNING    - W&#xD;&#xD;
2023-12-22 09:33:44.506+01:00 [    19] WARNING    - W&#xD;&#xD;
2023-12-22 09:33:44.506+01:00 [    19] WARNING    - W&#xD;&#xD;
2023-12-22 09:33:44.506+01:00 [    19] WARNING    - W&#xD;&#xD;
2023-12-22 09:33:44.506+01:00 [    19] WARNING    - W&#xD;&#xD;
2023-12-22 09:33:44.506+01:00 [    19] WARNING    - W&#xD;&#xD;
2023-12-22 09:33:44.506+01:00 [    19] WARNING    - W&#xD;&#xD;
2023-12-22 09:33:44.506+01:00 [    19] WARNING    - W&#xD;&#xD;
2023-12-22 09:33:44.506+01:00 [    19] WARNING    - W&#xD;&#xD;
2023-12-22 09:33:44.506+01:00 [    19] WARNING    - W&#xD;&#xD;
2023-12-22 09:33:44.506+01:00 [    19] WARNING    - W&#xD;&#xD;
2023-12-22 09:33:44.506+01:00 [    19] WARNING    - W&#xD;&#xD;
2023-12-22 09:33:44.506+01:00 [    19] WARNING    - W&#xD;&#xD;
2023-12-22 09:33:44.506+01:00 [    19] WARNING    - W&#xD;&#xD;
2023-12-22 09:33:44.506+01:00 [    19] WARNING    - W&#xD;&#xD;
2023-12-22 09:33:44.506+01:00 [    19] WARNING    - W&#xD;&#xD;
2023-12-22 09:33:44.506+01:00 [    19] WARNING    - W&#xD;&#xD;
2023-12-22 09:33:44.506+01:00 [    19] WARNING    - W&#xD;&#xD;
2023-12-22 09:33:44.506+01:00 [    19] WARNING    - W&#xD;&#xD;
2023-12-22 09:33:44.506+01:00 [    19] WARNING    - W&#xD;&#xD;
2023-12-22 09:33:44.506+01:00 [    19] WARNING    - W&#xD;&#xD;
2023-12-22 09:33:44.506+01:00 [    19] WARNING    - W&#xD;&#xD;
2023-12-22 09:33:44.506+01:00 [    19] WARNING    - W&#xD;&#xD;
2023-12-22 09:33:44.506+01:00 [    19] WARNING    - W&#xD;&#xD;
2023-12-22 09:33:44.506+01:00 [    19] WARNING    - W&#xD;&#xD;
2023-12-22 09:33:44.506+01:00 [    19] WARNING    - W&#xD;&#xD;
2023-12-22 09:33:44.506+01:00 [    19] WARNING    - W&#xD;&#xD;
2023-12-22 09:33:44.506+01:00 [    19] WARNING    - W&#xD;&#xD;
2023-12-22 09:33:44.506+01:00 [    19] WARNING    - W&#xD;&#xD;
2023-12-22 09:33:44.506+01:00 [    19] WARNING    - W&#xD;&#xD;
2023-12-22 09:33:44.506+01:00 [    19] WARNING    - W&#xD;&#xD;
2023-12-22 09:33:44.506+01:00 [    19] WARNING    - W&#xD;&#xD;
2023-12-22 09:33:44.506+01:00 [    19] WARNING    - W&#xD;&#xD;
2023-12-22 09:33:44.506+01:00 [    19] WARNING    - W&#xD;&#xD;
2023-12-22 09:33:44.506+01:00 [    19] WARNING    - W&#xD;&#xD;
2023-12-22 09:33:44.506+01:00 [    19] WARNING    - W&#xD;&#xD;
2023-12-22 09:33:44.506+01:00 [    19] WARNING    - W&#xD;&#xD;
2023-12-22 09:33:44.506+01:00 [    19] WARNING    - W&#xD;&#xD;
2023-12-22 09:33:44.506+01:00 [    19] WARNING    - W&#xD;&#xD;
2023-12-22 09:33:44.506+01:00 [    19] WARNING    - W&#xD;&#xD;
2023-12-22 09:33:44.506+01:00 [    19] WARNING    - W&#xD;&#xD;
2023-12-22 09:33:44.506+01:00 [    19] WARNING    - W&#xD;&#xD;
2023-12-22 09:33:44.506+01:00 [    19] WARNING    - W&#xD;&#xD;
2023-12-22 09:33:44.506+01:00 [    19] WARNING    - W&#xD;&#xD;
2023-12-22 09:33:44.506+01:00 [    19] WARNING    - W&#xD;&#xD;
2023-12-22 09:33:44.506+01:00 [    19] WARNING    - W&#xD;&#xD;
2023-12-22 09:33:44.506+01:00 [    19] WARNING    - W&#xD;&#xD;
2023-12-22 09:33:44.506+01:00 [    19] WARNING    - W&#xD;&#xD;
2023-12-22 09:33:44.506+01:00 [    19] WARNING    - W&#xD;&#xD;
2023-12-22 09:33:44.506+01:00 [    19] WARNING    - W&#xD;&#xD;
2023-12-22 09:33:44.506+01:00 [    19] WARNING    - W&#xD;&#xD;
2023-12-22 09:33:44.506+01:00 [    19] WARNING    - W&#xD;&#xD;
2023-12-22 09:33:44.506+01:00 [    19] WARNING    - W&#xD;&#xD;
2023-12-22 09:33:44.506+01:00 [    19] WARNING    - W&#xD;&#xD;
2023-12-22 09:33:44.506+01:00 [    19] WARNING    - W&#xD;&#xD;
2023-12-22 09:33:44.506+01:00 [    19] WARNING    - W&#xD;&#xD;
2023-12-22 09:33:44.506+01:00 [    19] WARNING    - W&#xD;&#xD;
2023-12-22 09:33:44.506+01:00 [    19] WARNING    - W&#xD;&#xD;
2023-12-22 09:33:44.506+01:00 [    19] WARNING    - W&#xD;&#xD;
2023-12-22 09:33:44.506+01:00 [    19] WARNING    - W&#xD;&#xD;
2023-12-22 09:33:44.506+01:00 [    19] WARNING    - W&#xD;&#xD;
2023-12-22 09:33:44.506+01:00 [    19] WARNING    - W&#xD;&#xD;
2023-12-22 09:33:44.506+01:00 [    19] WARNING    - W&#xD;&#xD;
2023-12-22 09:33:44.506+01:00 [    19] WARNING    - W&#xD;&#xD;
2023-12-22 09:33:44.506+01:00 [    19] WARNING    - W&#xD;&#xD;
2023-12-22 09:33:44.506+01:00 [    19] WARNING    - W&#xD;&#xD;
2023-12-22 09:33:44.506+01:00 [    19] WARNING    - W&#xD;&#xD;
2023-12-22 09:33:44.506+01:00 [    19] WARNING    - W&#xD;&#xD;
2023-12-22 09:33:44.506+01:00 [    19] WARNING    - W&#xD;&#xD;
2023-12-22 09:33:44.506+01:00 [    19] WARNING    - W&#xD;&#xD;
2023-12-22 09:33:44.506+01:00 [    19] WARNING    - W&#xD;&#xD;
2023-12-22 09:33:44.506+01:00 [    19] WARNING    - W&#xD;&#xD;
2023-12-22 09:33:44.506+01:00 [    19] WARNING    - W&#xD;&#xD;
2023-12-22 09:33:44.506+01:00 [    19] WARNING    - W&#xD;&#xD;
2023-12-22 09:33:44.506+01:00 [    19] WARNING    - W&#xD;&#xD;
2023-12-22 09:33:44.506+01:00 [    19] WARNING    - W&#xD;&#xD;
2023-12-22 09:33:44.506+01:00 [    19] WARNING    - W&#xD;&#xD;
2023-12-22 09:33:44.506+01:00 [    19] WARNING    - W&#xD;&#xD;
2023-12-22 09:33:44.506+01:00 [    19] WARNING    - W&#xD;&#xD;
2023-12-22 09:33:44.506+01:00 [    19] WARNING    - W&#xD;&#xD;
2023-12-22 09:33:44.506+01:00 [    19] WARNING    - W&#xD;&#xD;
2023-12-22 09:33:44.506+01:00 [    19] WARNING    - W&#xD;&#xD;
2023-12-22 09:33:44.506+01:00 [    19] WARNING    - W&#xD;&#xD;
2023-12-22 09:33:44.506+01:00 [    19] WARNING    - W&#xD;&#xD;
2023-12-22 09:33:44.506+01:00 [    19] WARNING    - W&#xD;&#xD;
2023-12-22 09:33:44.506+01:00 [    19] WARNING    - W&#xD;&#xD;
2023-12-22 09:33:44.506+01:00 [    19] WARNING    - W&#xD;&#xD;
2023-12-22 09:33:44.506+01:00 [    19] WARNING    - W&#xD;&#xD;
2023-12-22 09:33:44.506+01:00 [    19] WARNING    - W&#xD;&#xD;
2023-12-22 09:33:44.506+01:00 [    19] WARNING    - W&#xD;&#xD;
2023-12-22 09:33:44.506+01:00 [    19] WARNING    - W&#xD;&#xD;
2023-12-22 09:33:44.506+01:00 [    19] WARNING    - W&#xD;&#xD;
2023-12-22 09:33:44.506+01:00 [    19] WARNING    - W&#xD;&#xD;
2023-12-22 09:33:44.506+01:00 [    19] WARNING    - W&#xD;&#xD;
2023-12-22 09:33:44.506+01:00 [    19] WARNING    - W&#xD;&#xD;
2023-12-22 09:33:44.506+01:00 [    19] WARNING    - W&#xD;&#xD;
2023-12-22 09:33:44.506+01:00 [    19] WARNING    - W&#xD;&#xD;
2023-12-22 09:33:44.506+01:00 [    19] WARNING    - W&#xD;&#xD;
2023-12-22 09:33:44.506+01:00 [    19] WARNING    - W&#xD;&#xD;
2023-12-22 09:33:44.506+01:00 [    19] WARNING    - W&#xD;&#xD;
2023-12-22 09:33:44.506+01:00 [    19] WARNING    - W&#xD;&#xD;
2023-12-22 09:33:44.506+01:00 [    19] WARNING    - W&#xD;&#xD;
2023-12-22 09:33:44.506+01:00 [    19] WARNING    - W&#xD;&#xD;
2023-12-22 09:33:44.506+01:00 [    19] WARNING    - W&#xD;&#xD;
2023-12-22 09:33:44.506+01:00 [    19] WARNING    - W&#xD;&#xD;
2023-12-22 09:33:44.506+01:00 [    19] WARNING    - W&#xD;&#xD;
2023-12-22 09:33:44.506+01:00 [    19] WARNING    - W&#xD;&#xD;
2023-12-22 09:33:44.506+01:00 [    19] WARNING    - W&#xD;&#xD;
2023-12-22 09:33:44.506+01:00 [    19] WARNING    - W&#xD;&#xD;
2023-12-22 09:33:44.506+01:00 [    19] WARNING    - W&#xD;&#xD;
2023-12-22 09:33:44.506+01:00 [    19] WARNING    - W&#xD;&#xD;
2023-12-22 09:33:44.506+01:00 [    19] WARNING    - W&#xD;&#xD;
2023-12-22 09:33:44.506+01:00 [    19] WARNING    - W&#xD;&#xD;
2023-12-22 09:33:44.506+01:00 [    19] WARNING    - W&#xD;&#xD;
2023-12-22 09:33:44.506+01:00 [    19] WARNING    - W&#xD;&#xD;
2023-12-22 09:33:44.506+01:00 [    19] WARNING    - W&#xD;&#xD;
2023-12-22 09:33:44.506+01:00 [    19] WARNING    - W&#xD;&#xD;
2023-12-22 09:33:44.506+01:00 [    19] WARNING    - W&#xD;&#xD;
2023-12-22 09:33:44.506+01:00 [    19] WARNING    - W&#xD;&#xD;
2023-12-22 09:33:44.506+01:00 [    19] WARNING    - W&#xD;&#xD;
2023-12-22 09:33:44.506+01:00 [    19] WARNING    - W&#xD;&#xD;
2023-12-22 09:33:44.506+01:00 [    19] WARNING    - W&#xD;&#xD;
2023-12-22 09:33:44.506+01:00 [    19] WARNING    - W&#xD;&#xD;
2023-12-22 09:33:44.506+01:00 [    19] WARNING    - W&#xD;&#xD;
2023-12-22 09:33:44.506+01:00 [    19] WARNING    - W&#xD;&#xD;
2023-12-22 09:33:44.506+01:00 [    19] WARNING    - W&#xD;&#xD;
2023-12-22 09:33:44.506+01:00 [    19] WARNING    - W&#xD;&#xD;
2023-12-22 09:33:44.506+01:00 [    19] WARNING    - W&#xD;&#xD;
2023-12-22 09:33:44.506+01:00 [    19] WARNING    - W&#xD;&#xD;
2023-12-22 09:33:44.506+01:00 [    19] WARNING    - W&#xD;&#xD;
2023-12-22 09:33:44.506+01:00 [    19] WARNING    - W&#xD;&#xD;
2023-12-22 09:33:44.506+01:00 [    19] WARNING    - W&#xD;&#xD;
2023-12-22 09:33:44.506+01:00 [    19] WARNING    - W&#xD;&#xD;
2023-12-22 09:33:44.506+01:00 [    19] WARNING    - W&#xD;&#xD;
2023-12-22 09:33:44.506+01:00 [    19] WARNING    - W&#xD;&#xD;
2023-12-22 09:33:44.506+01:00 [    19] WARNING    - W&#xD;&#xD;
2023-12-22 09:33:44.506+01:00 [    19] WARNING    - W&#xD;&#xD;
2023-12-22 09:33:44.506+01:00 [    19] WARNING    - W&#xD;&#xD;
2023-12-22 09:33:44.506+01:00 [    19] WARNING    - W&#xD;&#xD;
2023-12-22 09:33:44.506+01:00 [    19] WARNING    - W&#xD;&#xD;
2023-12-22 09:33:44.506+01:00 [    19] WARNING    - W&#xD;&#xD;
2023-12-22 09:33:44.506+01:00 [    19] WARNING    - W&#xD;&#xD;
2023-12-22 09:33:44.506+01:00 [    19] WARNING    - W&#xD;&#xD;
2023-12-22 09:33:44.506+01:00 [    19] WARNING    - W&#xD;&#xD;
2023-12-22 09:33:44.506+01:00 [    19] WARNING    - W&#xD;&#xD;
2023-12-22 09:33:44.506+01:00 [    19] WARNING    - W&#xD;&#xD;
2023-12-22 09:33:44.506+01:00 [    19] WARNING    - W&#xD;&#xD;
2023-12-22 09:33:44.506+01:00 [    19] WARNING    - W&#xD;&#xD;
2023-12-22 09:33:44.506+01:00 [    19] WARNING    - W&#xD;&#xD;
2023-12-22 09:33:44.506+01:00 [    19] WARNING    - W&#xD;&#xD;
2023-12-22 09:33:44.506+01:00 [    19] WARNING    - W&#xD;&#xD;
2023-12-22 09:33:44.506+01:00 [    19] WARNING    - W&#xD;&#xD;
2023-12-22 09:33:44.506+01:00 [    19] WARNING    - W&#xD;&#xD;
2023-12-22 09:33:44.506+01:00 [    19] WARNING    - W&#xD;&#xD;
2023-12-22 09:33:44.506+01:00 [    19] WARNING    - W&#xD;&#xD;
2023-12-22 09:33:44.506+01:00 [    19] WARNING    - W&#xD;&#xD;
2023-12-22 09:33:44.506+01:00 [    19] WARNING    - W&#xD;&#xD;
2023-12-22 09:33:44.506+01:00 [    19] WARNING    - W&#xD;&#xD;
2023-12-22 09:33:44.506+01:00 [    19] WARNING    - W&#xD;&#xD;
2023-12-22 09:33:44.506+01:00 [    19] WARNING    - W&#xD;&#xD;
2023-12-22 09:33:44.506+01:00 [    19] WARNING    - W&#xD;&#xD;
2023-12-22 09:33:44.506+01:00 [    19] WARNING    - W&#xD;&#xD;
2023-12-22 09:33:44.506+01:00 [    19] WARNING    - W&#xD;&#xD;
2023-12-22 09:33:44.506+01:00 [    19] WARNING    - W&#xD;&#xD;
2023-12-22 09:33:44.506+01:00 [    19] WARNING    - W&#xD;&#xD;
2023-12-22 09:33:44.506+01:00 [    19] WARNING    - W&#xD;&#xD;
2023-12-22 09:33:44.506+01:00 [    19] WARNING    - W&#xD;&#xD;
2023-12-22 09:33:44.506+01:00 [    19] WARNING    - W&#xD;&#xD;
2023-12-22 09:33:44.506+01:00 [    19] WARNING    - W&#xD;&#xD;
2023-12-22 09:33:44.506+01:00 [    19] WARNING    - W&#xD;&#xD;
2023-12-22 09:33:44.506+01:00 [    19] WARNING    - W&#xD;&#xD;
2023-12-22 09:33:44.506+01:00 [    19] WARNING    - W&#xD;&#xD;
2023-12-22 09:33:44.506+01:00 [    19] WARNING    - W&#xD;&#xD;
2023-12-22 09:33:44.506+01:00 [    19] WARNING    - W&#xD;&#xD;
2023-12-22 09:33:44.506+01:00 [    19] WARNING    - W&#xD;&#xD;
2023-12-22 09:33:44.506+01:00 [    19] WARNING    - W&#xD;&#xD;
2023-12-22 09:33:44.506+01:00 [    19] WARNING    - W&#xD;&#xD;
2023-12-22 09:33:44.506+01:00 [    19] WARNING    - W&#xD;&#xD;
2023-12-22 09:33:44.506+01:00 [    19] WARNING    - W&#xD;&#xD;
2023-12-22 09:33:44.506+01:00 [    19] WARNING    - W&#xD;&#xD;
2023-12-22 09:33:44.506+01:00 [    19] WARNING    - W&#xD;&#xD;
2023-12-22 09:33:44.506+01:00 [    19] WARNING    - W&#xD;&#xD;
2023-12-22 09:33:44.506+01:00 [    19] WARNING    - W&#xD;&#xD;
2023-12-22 09:33:44.506+01:00 [    19] WARNING    - W&#xD;&#xD;
2023-12-22 09:33:44.506+01:00 [    19] WARNING    - W&#xD;&#xD;
2023-12-22 09:33:44.506+01:00 [    19] WARNING    - W&#xD;&#xD;
2023-12-22 09:33:44.506+01:00 [    19] WARNING    - W&#xD;&#xD;
2023-12-22 09:33:44.506+01:00 [    19] WARNING    - W&#xD;&#xD;
2023-12-22 09:33:44.506+01:00 [    19] WARNING    - W&#xD;&#xD;
2023-12-22 09:33:44.506+01:00 [    19] WARNING    - W&#xD;&#xD;
2023-12-22 09:33:44.506+01:00 [    19] WARNING    - W&#xD;&#xD;
2023-12-22 09:33:44.506+01:00 [    19] WARNING    - W&#xD;&#xD;
2023-12-22 09:33:44.506+01:00 [    19] WARNING    - W&#xD;&#xD;
2023-12-22 09:33:44.506+01:00 [    19] WARNING    - W&#xD;&#xD;
2023-12-22 09:33:44.506+01:00 [    19] WARNING    - W&#xD;&#xD;
2023-12-22 09:33:44.506+01:00 [    19] WARNING    - W&#xD;&#xD;
2023-12-22 09:33:44.506+01:00 [    19] WARNING    - W&#xD;&#xD;
2023-12-22 09:33:44.506+01:00 [    19] WARNING    - W&#xD;&#xD;
2023-12-22 09:33:44.506+01:00 [    19] WARNING    - W&#xD;&#xD;
2023-12-22 09:33:44.506+01:00 [    19] WARNING    - W&#xD;&#xD;
2023-12-22 09:33:44.506+01:00 [    19] WARNING    - W&#xD;&#xD;
2023-12-22 09:33:44.506+01:00 [    19] WARNING    - W&#xD;&#xD;
2023-12-22 09:33:44.506+01:00 [    19] WARNING    - W&#xD;&#xD;
2023-12-22 09:33:44.506+01:00 [    19] WARNING    - W&#xD;&#xD;
2023-12-22 09:33:44.506+01:00 [    19] WARNING    - W&#xD;&#xD;
2023-12-22 09:33:44.506+01:00 [    19] WARNING    - W&#xD;&#xD;
2023-12-22 09:33:44.506+01:00 [    19] WARNING    - W&#xD;&#xD;
2023-12-22 09:33:44.506+01:00 [    19] WARNING    - W&#xD;&#xD;
2023-12-22 09:33:44.506+01:00 [    19] WARNING    - W&#xD;&#xD;
2023-12-22 09:33:44.506+01:00 [    19] WARNING    - W&#xD;&#xD;
2023-12-22 09:33:44.506+01:00 [    19] WARNING    - W&#xD;&#xD;
2023-12-22 09:33:44.506+01:00 [    19] WARNING    - W&#xD;&#xD;
2023-12-22 09:33:44.506+01:00 [    19] WARNING    - W&#xD;&#xD;
2023-12-22 09:33:44.506+01:00 [    19] WARNING    - W&#xD;&#xD;
2023-12-22 09:33:44.506+01:00 [    19] WARNING    - W&#xD;&#xD;
2023-12-22 09:33:44.506+01:00 [    19] WARNING    - W&#xD;&#xD;
2023-12-22 09:33:44.506+01:00 [    19] WARNING    - W&#xD;&#xD;
2023-12-22 09:33:44.506+01:00 [    19] WARNING    - W&#xD;&#xD;
2023-12-22 09:33:44.506+01:00 [    19] WARNING    - W&#xD;&#xD;
2023-12-22 09:33:44.506+01:00 [    19] WARNING    - W&#xD;&#xD;
2023-12-22 09:33:44.506+01:00 [    19] WARNING    - W&#xD;&#xD;
2023-12-22 09:33:44.506+01:00 [    19] WARNING    - W&#xD;&#xD;
2023-12-22 09:33:44.506+01:00 [    19] WARNING    - W&#xD;&#xD;
2023-12-22 09:33:44.506+01:00 [    19] WARNING    - W&#xD;&#xD;
2023-12-22 09:33:44.506+01:00 [    19] WARNING    - W&#xD;&#xD;
2023-12-22 09:33:44.506+01:00 [    19] WARNING    - W&#xD;&#xD;
2023-12-22 09:33:44.506+01:00 [    19] WARNING    - W&#xD;&#xD;
2023-12-22 09:33:44.506+01:00 [    19] WARNING    - W&#xD;&#xD;
2023-12-22 09:33:44.506+01:00 [    19] WARNING    - W&#xD;&#xD;
2023-12-22 09:33:44.506+01:00 [    19] WARNING    - W&#xD;&#xD;
2023-12-22 09:33:44.506+01:00 [    19] WARNING    - W&#xD;&#xD;
2023-12-22 09:33:44.506+01:00 [    19] WARNING    - W&#xD;&#xD;
2023-12-22 09:33:44.506+01:00 [    19] WARNING    - W&#xD;&#xD;
2023-12-22 09:33:44.506+01:00 [    19] WARNING    - W&#xD;&#xD;
2023-12-22 09:33:44.506+01:00 [    19] WARNING    - W&#xD;&#xD;
2023-12-22 09:33:44.506+01:00 [    19] WARNING    - W&#xD;&#xD;
2023-12-22 09:33:44.506+01:00 [    19] WARNING    - W&#xD;&#xD;
2023-12-22 09:33:44.506+01:00 [    19] WARNING    - W&#xD;&#xD;
2023-12-22 09:33:44.506+01:00 [    19] WARNING    - W&#xD;&#xD;
2023-12-22 09:33:44.506+01:00 [    19] WARNING    - W&#xD;&#xD;
2023-12-22 09:33:44.506+01:00 [    19] WARNING    - W&#xD;&#xD;
2023-12-22 09:33:44.506+01:00 [    19] WARNING    - W&#xD;&#xD;
2023-12-22 09:33:44.506+01:00 [    19] WARNING    - W&#xD;&#xD;
2023-12-22 09:33:44.506+01:00 [    19] WARNING    - W&#xD;&#xD;
2023-12-22 09:33:44.506+01:00 [    19] WARNING    - W&#xD;&#xD;
2023-12-22 09:33:44.506+01:00 [    19] WARNING    - W&#xD;&#xD;
2023-12-22 09:33:44.506+01:00 [    19] WARNING    - W&#xD;&#xD;
2023-12-22 09:33:44.506+01:00 [    19] WARNING    - W&#xD;&#xD;
2023-12-22 09:33:44.506+01:00 [    19] WARNING    - W&#xD;&#xD;
2023-12-22 09:33:44.506+01:00 [    19] WARNING    - W&#xD;&#xD;
2023-12-22 09:33:44.506+01:00 [    19] WARNING    - W&#xD;&#xD;
2023-12-22 09:33:44.506+01:00 [    19] WARNING    - W&#xD;&#xD;
2023-12-22 09:33:44.506+01:00 [    19] WARNING    - W&#xD;&#xD;
2023-12-22 09:33:44.506+01:00 [    19] WARNING    - W&#xD;&#xD;
2023-12-22 09:33:44.506+01:00 [    19] WARNING    - W&#xD;&#xD;
2023-12-22 09:33:44.506+01:00 [    19] WARNING    - W&#xD;&#xD;
2023-12-22 09:33:44.506+01:00 [    19] WARNING    - W&#xD;&#xD;
2023-12-22 09:33:44.506+01:00 [    19] WARNING    - W&#xD;&#xD;
2023-12-22 09:33:44.506+01:00 [    19] WARNING    - W&#xD;&#xD;
2023-12-22 09:33:44.506+01:00 [    19] WARNING    - W&#xD;&#xD;
2023-12-22 09:33:44.506+01:00 [    19] WARNING    - W&#xD;&#xD;
2023-12-22 09:33:44.506+01:00 [    19] WARNING    - W&#xD;&#xD;
2023-12-22 09:33:44.506+01:00 [    19] WARNING    - W&#xD;&#xD;
2023-12-22 09:33:44.506+01:00 [    19] WARNING    - W&#xD;&#xD;
2023-12-22 09:33:44.506+01:00 [    19] WARNING    - W&#xD;&#xD;
2023-12-22 09:33:44.506+01:00 [    19] WARNING    - W&#xD;&#xD;
2023-12-22 09:33:44.506+01:00 [    19] WARNING    - W&#xD;&#xD;
2023-12-22 09:33:44.506+01:00 [    19] WARNING    - W&#xD;&#xD;
2023-12-22 09:33:44.506+01:00 [    19] WARNING    - W&#xD;&#xD;
2023-12-22 09:33:44.506+01:00 [    19] WARNING    - W&#xD;&#xD;
2023-12-22 09:33:44.506+01:00 [    19] WARNING    - W&#xD;&#xD;
2023-12-22 09:33:44.506+01:00 [    19] WARNING    - W&#xD;&#xD;
2023-12-22 09:33:44.506+01:00 [    19] WARNING    - W&#xD;&#xD;
2023-12-22 09:33:44.506+01:00 [    19] WARNING    - W&#xD;&#xD;
2023-12-22 09:33:44.506+01:00 [    19] WARNING    - W&#xD;&#xD;
2023-12-22 09:33:44.506+01:00 [    19] WARNING    - W&#xD;&#xD;
2023-12-22 09:33:44.506+01:00 [    19] WARNING    - W&#xD;&#xD;
2023-12-22 09:33:44.506+01:00 [    19] WARNING    - W&#xD;&#xD;
2023-12-22 09:33:44.506+01:00 [    19] WARNING    - W&#xD;&#xD;
2023-12-22 09:33:44.506+01:00 [    19] WARNING    - W&#xD;&#xD;
2023-12-22 09:33:44.506+01:00 [    19] WARNING    - W&#xD;&#xD;
2023-12-22 09:33:44.506+01:00 [    19] WARNING    - W&#xD;&#xD;
2023-12-22 09:33:44.506+01:00 [    19] WARNING    - W&#xD;&#xD;
2023-12-22 09:33:44.506+01:00 [    19] WARNING    - W&#xD;&#xD;
2023-12-22 09:33:44.506+01:00 [    19] WARNING    - W&#xD;&#xD;
2023-12-22 09:33:44.506+01:00 [    19] WARNING    - W&#xD;&#xD;
2023-12-22 09:33:44.506+01:00 [    19] WARNING    - W&#xD;&#xD;
2023-12-22 09:33:44.506+01:00 [    19] WARNING    - W&#xD;&#xD;
2023-12-22 09:33:44.506+01:00 [    19] WARNING    - W&#xD;&#xD;
2023-12-22 09:33:44.506+01:00 [    19] WARNING    - W&#xD;&#xD;
2023-12-22 09:33:44.506+01:00 [    19] WARNING    - W&#xD;&#xD;
2023-12-22 09:33:44.506+01:00 [    19] WARNING    - W&#xD;&#xD;
2023-12-22 09:33:44.506+01:00 [    19] WARNING    - W&#xD;&#xD;
2023-12-22 09:33:44.506+01:00 [    19] WARNING    - W&#xD;&#xD;
2023-12-22 09:33:44.506+01:00 [    19] WARNING    - W&#xD;&#xD;
2023-12-22 09:33:44.506+01:00 [    19] WARNING    - W&#xD;&#xD;
2023-12-22 09:33:44.506+01:00 [    19] WARNING    - W&#xD;&#xD;
2023-12-22 09:33:44.506+01:00 [    19] WARNING    - W&#xD;&#xD;
2023-12-22 09:33:44.506+01:00 [    19] WARNING    - W&#xD;&#xD;
2023-12-22 09:33:44.506+01:00 [    19] WARNING    - W&#xD;&#xD;
2023-12-22 09:33:44.506+01:00 [    19] WARNING    - W&#xD;&#xD;
2023-12-22 09:33:44.506+01:00 [    19] WARNING    - W&#xD;&#xD;
2023-12-22 09:33:44.506+01:00 [    19] WARNING    - W&#xD;&#xD;
2023-12-22 09:33:44.506+01:00 [    19] WARNING    - W&#xD;&#xD;
2023-12-22 09:33:44.506+01:00 [    19] WARNING    - W&#xD;&#xD;
2023-12-22 09:33:44.506+01:00 [    19] WARNING    - W&#xD;&#xD;
2023-12-22 09:33:44.506+01:00 [    19] WARNING    - W&#xD;&#xD;
2023-12-22 09:33:44.506+01:00 [    19] WARNING    - W&#xD;&#xD;
2023-12-22 09:33:44.506+01:00 [    19] WARNING    - W&#xD;&#xD;
2023-12-22 09:33:44.506+01:00 [    19] WARNING    - W&#xD;&#xD;
2023-12-22 09:33:44.506+01:00 [    19] WARNING    - W&#xD;&#xD;
2023-12-22 09:33:44.506+01:00 [    19] WARNING    - W&#xD;&#xD;
2023-12-22 09:33:44.506+01:00 [    19] WARNING    - W&#xD;&#xD;
2023-12-22 09:33:44.506+01:00 [    19] WARNING    - W&#xD;&#xD;
2023-12-22 09:33:44.506+01:00 [    19] WARNING    - W&#xD;&#xD;
2023-12-22 09:33:44.506+01:00 [    19] WARNING    - W&#xD;&#xD;
2023-12-22 09:33:44.506+01:00 [    19] WARNING    - W&#xD;&#xD;
2023-12-22 09:33:44.506+01:00 [    19] WARNING    - W&#xD;&#xD;
2023-12-22 09:33:44.506+01:00 [    19] WARNING    - W&#xD;&#xD;
2023-12-22 09:33:44.506+01:00 [    19] WARNING    - W&#xD;&#xD;
2023-12-22 09:33:44.506+01:00 [    19] WARNING    - W&#xD;&#xD;
2023-12-22 09:33:44.506+01:00 [    19] WARNING    - W&#xD;&#xD;
2023-12-22 09:33:44.506+01:00 [    19] WARNING    - W&#xD;&#xD;
2023-12-22 09:33:44.506+01:00 [    19] WARNING    - W&#xD;&#xD;
2023-12-22 09:33:44.506+01:00 [    19] WARNING    - W&#xD;&#xD;
2023-12-22 09:33:44.506+01:00 [    19] WARNING    - W&#xD;&#xD;
2023-12-22 09:33:44.506+01:00 [    19] WARNING    - W&#xD;&#xD;
2023-12-22 09:33:44.506+01:00 [    19] WARNING    - W&#xD;&#xD;
2023-12-22 09:33:44.506+01:00 [    19] WARNING    - W&#xD;&#xD;
2023-12-22 09:33:44.506+01:00 [    19] WARNING    - W&#xD;&#xD;
2023-12-22 09:33:44.506+01:00 [    19] WARNING    - W&#xD;&#xD;
2023-12-22 09:33:44.506+01:00 [    19] WARNING    - W&#xD;&#xD;
2023-12-22 09:33:44.506+01:00 [    19] WARNING    - W&#xD;&#xD;
2023-12-22 09:33:44.506+01:00 [    19] WARNING    - W&#xD;&#xD;
2023-12-22 09:33:44.506+01:00 [    19] WARNING    - W&#xD;&#xD;
2023-12-22 09:33:44.506+01:00 [    19] WARNING    - W&#xD;&#xD;
2023-12-22 09:33:44.506+01:00 [    19] WARNING    - W&#xD;&#xD;
2023-12-22 09:33:44.506+01:00 [    19] WARNING    - W&#xD;&#xD;
2023-12-22 09:33:44.506+01:00 [    19] WARNING    - W&#xD;&#xD;
2023-12-22 09:33:44.506+01:00 [    19] WARNING    - W&#xD;&#xD;
2023-12-22 09:33:44.506+01:00 [    19] WARNING    - W&#xD;&#xD;
2023-12-22 09:33:44.506+01:00 [    19] WARNING    - W&#xD;&#xD;
2023-12-22 09:33:44.506+01:00 [    19] WARNING    - W&#xD;&#xD;
2023-12-22 09:33:44.506+01:00 [    19] WARNING    - W&#xD;&#xD;
2023-12-22 09:33:44.506+01:00 [    19] WARNING    - W&#xD;&#xD;
2023-12-22 09:33:44.506+01:00 [    19] WARNING    - W&#xD;&#xD;
2023-12-22 09:33:44.506+01:00 [    19] WARNING    - W&#xD;&#xD;
2023-12-22 09:33:44.506+01:00 [    19] WARNING    - W&#xD;&#xD;
2023-12-22 09:33:44.506+01:00 [    19] WARNING    - W&#xD;&#xD;
2023-12-22 09:33:44.506+01:00 [    19] WARNING    - W&#xD;&#xD;
2023-12-22 09:33:44.506+01:00 [    19] WARNING    - W&#xD;&#xD;
2023-12-22 09:33:44.506+01:00 [    19] WARNING    - W&#xD;&#xD;
2023-12-22 09:33:44.506+01:00 [    19] WARNING    - W&#xD;&#xD;
2023-12-22 09:33:44.506+01:00 [    19] WARNING    - W&#xD;&#xD;
2023-12-22 09:33:44.506+01:00 [    19] WARNING    - W&#xD;&#xD;
2023-12-22 09:33:44.506+01:00 [    19] WARNING    - W&#xD;&#xD;
2023-12-22 09:33:44.506+01:00 [    19] WARNING    - W&#xD;&#xD;
2023-12-22 09:33:44.506+01:00 [    19] WARNING    - W&#xD;&#xD;
2023-12-22 09:33:44.506+01:00 [    19] WARNING    - W&#xD;&#xD;
2023-12-22 09:33:44.506+01:00 [    19] WARNING    - W&#xD;&#xD;
2023-12-22 09:33:44.506+01:00 [    19] WARNING    - W&#xD;&#xD;
2023-12-22 09:33:44.506+01:00 [    19] WARNING    - W&#xD;&#xD;
2023-12-22 09:33:44.506+01:00 [    19] WARNING    - W&#xD;&#xD;
2023-12-22 09:33:44.506+01:00 [    19] WARNING    - W&#xD;&#xD;
2023-12-22 09:33:44.506+01:00 [    19] WARNING    - W&#xD;&#xD;
2023-12-22 09:33:44.506+01:00 [    19] WARNING    - W&#xD;&#xD;
2023-12-22 09:33:44.506+01:00 [    19] WARNING    - W&#xD;&#xD;
2023-12-22 09:33:44.506+01:00 [    19] WARNING    - W&#xD;&#xD;
2023-12-22 09:33:44.506+01:00 [    19] WARNING    - W&#xD;&#xD;
2023-12-22 09:33:44.506+01:00 [    19] WARNING    - W&#xD;&#xD;
2023-12-22 09:33:44.506+01:00 [    19] WARNING    - W&#xD;&#xD;
2023-12-22 09:33:44.506+01:00 [    19] WARNING    - W&#xD;&#xD;
2023-12-22 09:33:44.506+01:00 [    19] WARNING    - W&#xD;&#xD;
2023-12-22 09:33:44.506+01:00 [    19] WARNING    - W&#xD;&#xD;
2023-12-22 09:33:44.506+01:00 [    19] WARNING    - W&#xD;&#xD;
2023-12-22 09:33:44.506+01:00 [    19] WARNING    - W&#xD;&#xD;
2023-12-22 09:33:44.506+01:00 [    19] WARNING    - W&#xD;&#xD;
2023-12-22 09:33:44.506+01:00 [    19] WARNING    - W&#xD;&#xD;
2023-12-22 09:33:44.506+01:00 [    19] WARNING    - W&#xD;&#xD;
2023-12-22 09:33:44.506+01:00 [    19] WARNING    - W&#xD;&#xD;
2023-12-22 09:33:44.506+01:00 [    19] WARNING    - W&#xD;&#xD;
2023-12-22 09:33:44.506+01:00 [    19] WARNING    - W&#xD;&#xD;
2023-12-22 09:33:44.506+01:00 [    19] WARNING    - W&#xD;&#xD;
2023-12-22 09:33:44.506+01:00 [    19] WARNING    - W&#xD;&#xD;
2023-12-22 09:33:44.506+01:00 [    19] WARNING    - W&#xD;&#xD;
2023-12-22 09:33:44.506+01:00 [    19] WARNING    - W&#xD;&#xD;
2023-12-22 09:33:44.506+01:00 [    19] WARNING    - W&#xD;&#xD;
2023-12-22 09:33:44.506+01:00 [    19] WARNING    - W&#xD;&#xD;
2023-12-22 09:33:44.506+01:00 [    19] WARNING    - W&#xD;&#xD;
2023-12-22 09:33:44.506+01:00 [    19] WARNING    - W&#xD;&#xD;
2023-12-22 09:33:44.506+01:00 [    19] WARNING    - W&#xD;&#xD;
2023-12-22 09:33:44.506+01:00 [    19] WARNING    - W&#xD;&#xD;
2023-12-22 09:33:44.506+01:00 [    19] WARNING    - W&#xD;&#xD;
2023-12-22 09:33:44.506+01:00 [    19] WARNING    - W&#xD;&#xD;
2023-12-22 09:33:44.506+01:00 [    19] WARNING    - W&#xD;&#xD;
2023-12-22 09:33:44.506+01:00 [    19] WARNING    - W&#xD;&#xD;
2023-12-22 09:33:44.506+01:00 [    19] WARNING    - W&#xD;&#xD;
2023-12-22 09:33:44.506+01:00 [    19] WARNING    - W&#xD;&#xD;
2023-12-22 09:33:44.506+01:00 [    19] WARNING    - W&#xD;&#xD;
2023-12-22 09:33:44.506+01:00 [    19] WARNING    - W&#xD;&#xD;
2023-12-22 09:33:44.506+01:00 [    19] WARNING    - W&#xD;&#xD;
2023-12-22 09:33:44.506+01:00 [    19] WARNING    - W&#xD;&#xD;
2023-12-22 09:33:44.506+01:00 [    19] WARNING    - W&#xD;&#xD;
2023-12-22 09:33:44.506+01:00 [    19] WARNING    - W&#xD;&#xD;
2023-12-22 09:33:44.506+01:00 [    19] WARNING    - W&#xD;&#xD;
2023-12-22 09:33:44.506+01:00 [    19] WARNING    - W&#xD;&#xD;
2023-12-22 09:33:44.506+01:00 [    19] WARNING    - W&#xD;&#xD;
2023-12-22 09:33:44.506+01:00 [    19] WARNING    - W&#xD;&#xD;
2023-12-22 09:33:44.506+01:00 [    19] WARNING    - W&#xD;&#xD;
2023-12-22 09:33:44.506+01:00 [    19] WARNING    - W&#xD;&#xD;
2023-12-22 09:33:44.506+01:00 [    19] WARNING    - W&#xD;&#xD;
2023-12-22 09:33:44.506+01:00 [    19] WARNING    - W&#xD;&#xD;
2023-12-22 09:33:44.506+01:00 [    19] WARNING    - W&#xD;&#xD;
2023-12-22 09:33:44.506+01:00 [    19] WARNING    - W&#xD;&#xD;
2023-12-22 09:33:44.506+01:00 [    19] WARNING    - W&#xD;&#xD;
2023-12-22 09:33:44.506+01:00 [    19] WARNING    - W&#xD;&#xD;
2023-12-22 09:33:44.506+01:00 [    19] WARNING    - W&#xD;&#xD;
2023-12-22 09:33:44.506+01:00 [    19] WARNING    - W&#xD;&#xD;
2023-12-22 09:33:44.506+01:00 [    19] WARNING    - W&#xD;&#xD;
2023-12-22 09:33:44.506+01:00 [    19] WARNING    - W&#xD;&#xD;
2023-12-22 09:33:44.506+01:00 [    19] WARNING    - W&#xD;&#xD;
2023-12-22 09:33:44.506+01:00 [    19] WARNING    - W&#xD;&#xD;
2023-12-22 09:33:44.506+01:00 [    19] WARNING    - W&#xD;&#xD;
2023-12-22 09:33:44.506+01:00 [    19] WARNING    - W&#xD;&#xD;
2023-12-22 09:33:44.506+01:00 [    19] WARNING    - W&#xD;&#xD;
2023-12-22 09:33:44.506+01:00 [    19] WARNING    - W&#xD;&#xD;
2023-12-22 09:33:44.506+01:00 [    19] WARNING    - W&#xD;&#xD;
2023-12-22 09:33:44.506+01:00 [    19] WARNING    - W&#xD;&#xD;
2023-12-22 09:33:44.506+01:00 [    19] WARNING    - W&#xD;&#xD;
2023-12-22 09:33:44.506+01:00 [    19] WARNING    - W&#xD;&#xD;
2023-12-22 09:33:44.506+01:00 [    19] WARNING    - W&#xD;&#xD;
2023-12-22 09:33:44.506+01:00 [    19] WARNING    - W&#xD;&#xD;
2023-12-22 09:33:44.506+01:00 [    19] WARNING    - W&#xD;&#xD;
2023-12-22 09:33:44.506+01:00 [    19] WARNING    - W&#xD;&#xD;
2023-12-22 09:33:44.506+01:00 [    19] WARNING    - W&#xD;&#xD;
2023-12-22 09:33:44.506+01:00 [    19] WARNING    - W&#xD;&#xD;
2023-12-22 09:33:44.506+01:00 [    19] WARNING    - W&#xD;&#xD;
2023-12-22 09:33:44.506+01:00 [    19] WARNING    - W&#xD;&#xD;
2023-12-22 09:33:44.506+01:00 [    19] WARNING    - W&#xD;&#xD;
2023-12-22 09:33:44.506+01:00 [    19] WARNING    - W&#xD;&#xD;
2023-12-22 09:33:44.506+01:00 [    19] WARNING    - W&#xD;&#xD;
2023-12-22 09:33:44.506+01:00 [    19] WARNING    - W&#xD;&#xD;
2023-12-22 09:33:44.506+01:00 [    19] WARNING    - W&#xD;&#xD;
2023-12-22 09:33:44.506+01:00 [    19] WARNING    - W&#xD;&#xD;
2023-12-22 09:33:44.506+01:00 [    19] WARNING    - W&#xD;&#xD;
2023-12-22 09:33:44.506+01:00 [    19] WARNING    - W&#xD;&#xD;
2023-12-22 09:33:44.506+01:00 [    19] WARNING    - W&#xD;&#xD;
2023-12-22 09:33:44.506+01:00 [    19] WARNING    - W&#xD;&#xD;
2023-12-22 09:33:44.506+01:00 [    19] WARNING    - W&#xD;&#xD;
2023-12-22 09:33:44.506+01:00 [    19] WARNING    - W&#xD;&#xD;
2023-12-22 09:33:44.506+01:00 [    19] WARNING    - W&#xD;&#xD;
2023-12-22 09:33:44.506+01:00 [    19] WARNING    - W&#xD;&#xD;
2023-12-22 09:33:44.506+01:00 [    19] WARNING    - W&#xD;&#xD;
2023-12-22 09:33:44.506+01:00 [    19] WARNING    - W&#xD;&#xD;
2023-12-22 09:33:44.506+01:00 [    19] WARNING    - W&#xD;&#xD;
2023-12-22 09:33:44.506+01:00 [    19] WARNING    - W&#xD;&#xD;
2023-12-22 09:33:44.506+01:00 [    19] WARNING    - W&#xD;&#xD;
2023-12-22 09:33:44.506+01:00 [    19] WARNING    - W&#xD;&#xD;
2023-12-22 09:33:44.506+01:00 [    19] WARNING    - W&#xD;&#xD;
2023-12-22 09:33:44.506+01:00 [    19] WARNING    - W&#xD;&#xD;
2023-12-22 09:33:44.506+01:00 [    19] WARNING    - W&#xD;&#xD;
2023-12-22 09:33:44.506+01:00 [    19] WARNING    - W&#xD;&#xD;
2023-12-22 09:33:44.506+01:00 [    19] WARNING    - W&#xD;&#xD;
2023-12-22 09:33:44.506+01:00 [    19] WARNING    - W&#xD;&#xD;
2023-12-22 09:33:44.506+01:00 [    19] WARNING    - W&#xD;&#xD;
2023-12-22 09:33:44.506+01:00 [    19] WARNING    - W&#xD;&#xD;
2023-12-22 09:33:44.506+01:00 [    19] WARNING    - W&#xD;&#xD;
2023-12-22 09:33:44.506+01:00 [    19] WARNING    - W&#xD;&#xD;
2023-12-22 09:33:44.506+01:00 [    19] WARNING    - W&#xD;&#xD;
2023-12-22 09:33:44.506+01:00 [    19] WARNING    - W&#xD;&#xD;
2023-12-22 09:33:44.506+01:00 [    19] WARNING    - W&#xD;&#xD;
2023-12-22 09:33:44.506+01:00 [    19] WARNING    - W&#xD;&#xD;
2023-12-22 09:33:44.506+01:00 [    19] WARNING    - W&#xD;&#xD;
2023-12-22 09:33:44.506+01:00 [    19] WARNING    - W&#xD;&#xD;
2023-12-22 09:33:44.506+01:00 [    19] WARNING    - W&#xD;&#xD;
2023-12-22 09:33:44.506+01:00 [    19] WARNING    - W&#xD;&#xD;
2023-12-22 09:33:44.506+01:00 [    19] WARNING    - W&#xD;&#xD;
2023-12-22 09:33:44.506+01:00 [    19] WARNING    - W&#xD;&#xD;
2023-12-22 09:33:44.506+01:00 [    19] WARNING    - W&#xD;&#xD;
2023-12-22 09:33:44.506+01:00 [    19] WARNING    - W&#xD;&#xD;
2023-12-22 09:33:44.506+01:00 [    19] WARNING    - W&#xD;&#xD;
2023-12-22 09:33:44.506+01:00 [    19] WARNING    - W&#xD;&#xD;
2023-12-22 09:33:44.506+01:00 [    19] WARNING    - W&#xD;&#xD;
2023-12-22 09:33:44.506+01:00 [    19] WARNING    - W&#xD;&#xD;
2023-12-22 09:33:44.506+01:00 [    19] WARNING    - W&#xD;&#xD;
2023-12-22 09:33:44.506+01:00 [    19] WARNING    - W&#xD;&#xD;
2023-12-22 09:33:44.506+01:00 [    19] WARNING    - W&#xD;&#xD;
2023-12-22 09:33:44.506+01:00 [    19] WARNING    - W&#xD;&#xD;
2023-12-22 09:33:44.506+01:00 [    19] WARNING    - W&#xD;&#xD;
2023-12-22 09:33:44.506+01:00 [    19] WARNING    - W&#xD;&#xD;
2023-12-22 09:33:44.506+01:00 [    19] WARNING    - W&#xD;&#xD;
2023-12-22 09:33:44.506+01:00 [    19] WARNING    - W&#xD;&#xD;
2023-12-22 09:33:44.506+01:00 [    19] WARNING    - W&#xD;&#xD;
2023-12-22 09:33:44.506+01:00 [    19] WARNING    - W&#xD;&#xD;
2023-12-22 09:33:44.506+01:00 [    19] WARNING    - W&#xD;&#xD;
2023-12-22 09:33:44.506+01:00 [    19] WARNING    - W&#xD;&#xD;
2023-12-22 09:33:44.506+01:00 [    19] WARNING    - W&#xD;&#xD;
2023-12-22 09:33:44.506+01:00 [    19] WARNING    - W&#xD;&#xD;
2023-12-22 09:33:44.506+01:00 [    19] WARNING    - W&#xD;&#xD;
2023-12-22 09:33:44.506+01:00 [    19] WARNING    - W&#xD;&#xD;
2023-12-22 09:33:44.506+01:00 [    19] WARNING    - W&#xD;&#xD;
2023-12-22 09:33:44.506+01:00 [    19] WARNING    - W&#xD;&#xD;
2023-12-22 09:33:44.506+01:00 [    19] WARNING    - W&#xD;&#xD;
2023-12-22 09:33:44.506+01:00 [    19] WARNING    - W&#xD;&#xD;
2023-12-22 09:33:44.506+01:00 [    19] WARNING    - W&#xD;&#xD;
2023-12-22 09:33:44.506+01:00 [    19] WARNING    - W&#xD;&#xD;
2023-12-22 09:33:44.506+01:00 [    19] WARNING    - W&#xD;&#xD;
2023-12-22 09:33:44.506+01:00 [    19] WARNING    - W&#xD;&#xD;
2023-12-22 09:33:44.506+01:00 [    19] WARNING    - W&#xD;&#xD;
2023-12-22 09:33:44.506+01:00 [    19] WARNING    - W&#xD;&#xD;
2023-12-22 09:33:44.506+01:00 [    19] WARNING    - W&#xD;&#xD;
2023-12-22 09:33:44.506+01:00 [    19] WARNING    - W&#xD;&#xD;
2023-12-22 09:33:44.506+01:00 [    19] WARNING    - W&#xD;&#xD;
2023-12-22 09:33:44.506+01:00 [    19] WARNING    - W&#xD;&#xD;
2023-12-22 09:33:44.506+01:00 [    19] WARNING    - W&#xD;&#xD;
2023-12-22 09:33:44.506+01:00 [    19] WARNING    - W&#xD;&#xD;
2023-12-22 09:33:44.506+01:00 [    19] WARNING    - W&#xD;&#xD;
2023-12-22 09:33:44.506+01:00 [    19] WARNING    - W&#xD;&#xD;
2023-12-22 09:33:44.506+01:00 [    19] WARNING    - W&#xD;&#xD;
2023-12-22 09:33:44.506+01:00 [    19] WARNING    - W&#xD;&#xD;
2023-12-22 09:33:44.506+01:00 [    19] WARNING    - W&#xD;&#xD;
2023-12-22 09:33:44.506+01:00 [    19] WARNING    - W&#xD;&#xD;
2023-12-22 09:33:44.506+01:00 [    19] WARNING    - W&#xD;&#xD;
2023-12-22 09:33:44.506+01:00 [    19] WARNING    - W&#xD;&#xD;
2023-12-22 09:33:44.506+01:00 [    19] WARNING    - W&#xD;&#xD;
2023-12-22 09:33:44.506+01:00 [    19] WARNING    - W&#xD;&#xD;
2023-12-22 09:33:44.506+01:00 [    19] WARNING    - W&#xD;&#xD;
2023-12-22 09:33:44.506+01:00 [    19] WARNING    - W&#xD;&#xD;
2023-12-22 09:33:44.506+01:00 [    19] WARNING    - W&#xD;&#xD;
2023-12-22 09:33:44.506+01:00 [    19] WARNING    - W&#xD;&#xD;
2023-12-22 09:33:44.506+01:00 [    19] WARNING    - W&#xD;&#xD;
2023-12-22 09:33:44.506+01:00 [    19] WARNING    - W&#xD;&#xD;
2023-12-22 09:33:44.506+01:00 [    19] WARNING    - W&#xD;&#xD;
2023-12-22 09:33:44.506+01:00 [    19] WARNING    - W&#xD;&#xD;
2023-12-22 09:33:44.506+01:00 [    19] WARNING    - W&#xD;&#xD;
2023-12-22 09:33:44.506+01:00 [    19] WARNING    - W&#xD;&#xD;
2023-12-22 09:33:44.506+01:00 [    19] WARNING    - W&#xD;&#xD;
2023-12-22 09:33:44.506+01:00 [    19] WARNING    - W&#xD;&#xD;
2023-12-22 09:33:44.506+01:00 [    19] WARNING    - W&#xD;&#xD;
2023-12-22 09:33:44.506+01:00 [    19] WARNING    - W&#xD;&#xD;
2023-12-22 09:33:44.506+01:00 [    19] WARNING    - W&#xD;&#xD;
2023-12-22 09:33:44.506+01:00 [    19] WARNING    - W&#xD;&#xD;
2023-12-22 09:33:44.506+01:00 [    19] WARNING    - W&#xD;&#xD;
2023-12-22 09:33:44.506+01:00 [    19] WARNING    - W&#xD;&#xD;
2023-12-22 09:33:44.506+01:00 [    19] WARNING    - W&#xD;&#xD;
2023-12-22 09:33:44.506+01:00 [    19] WARNING    - W&#xD;&#xD;
2023-12-22 09:33:44.506+01:00 [    19] WARNING    - W&#xD;&#xD;
2023-12-22 09:33:44.506+01:00 [    19] WARNING    - W&#xD;&#xD;
2023-12-22 09:33:44.506+01:00 [    19] WARNING    - W&#xD;&#xD;
2023-12-22 09:33:44.506+01:00 [    19] WARNING    - W&#xD;&#xD;
2023-12-22 09:33:44.506+01:00 [    19] WARNING    - W&#xD;&#xD;
2023-12-22 09:33:44.506+01:00 [    19] WARNING    - W&#xD;&#xD;
2023-12-22 09:33:44.506+01:00 [    19] WARNING    - W&#xD;&#xD;
2023-12-22 09:33:44.506+01:00 [    19] WARNING    - W&#xD;&#xD;
2023-12-22 09:33:44.506+01:00 [    19] WARNING    - W&#xD;&#xD;
2023-12-22 09:33:44.506+01:00 [    19] WARNING    - W&#xD;&#xD;
2023-12-22 09:33:44.506+01:00 [    19] WARNING    - W&#xD;&#xD;
2023-12-22 09:33:44.506+01:00 [    19] WARNING    - W&#xD;&#xD;
2023-12-22 09:33:44.506+01:00 [    19] WARNING    - W&#xD;&#xD;
2023-12-22 09:33:44.506+01:00 [    19] WARNING    - W&#xD;&#xD;
2023-12-22 09:33:44.506+01:00 [    19] WARNING    - W&#xD;&#xD;
2023-12-22 09:33:44.506+01:00 [    19] WARNING    - W&#xD;&#xD;
2023-12-22 09:33:44.506+01:00 [    19] WARNING    - W&#xD;&#xD;
2023-12-22 09:33:44.506+01:00 [    19] WARNING    - W&#xD;&#xD;
2023-12-22 09:33:44.506+01:00 [    19] WARNING    - W&#xD;&#xD;
2023-12-22 09:33:44.506+01:00 [    19] WARNING    - W&#xD;&#xD;
2023-12-22 09:33:44.506+01:00 [    19] WARNING    - W&#xD;&#xD;
2023-12-22 09:33:44.506+01:00 [    19] WARNING    - W&#xD;&#xD;
2023-12-22 09:33:44.506+01:00 [    19] WARNING    - W&#xD;&#xD;
2023-12-22 09:33:44.506+01:00 [    19] WARNING    - W&#xD;&#xD;
2023-12-22 09:33:44.506+01:00 [    19] WARNING    - W&#xD;&#xD;
2023-12-22 09:33:44.506+01:00 [    19] WARNING    - W&#xD;&#xD;
2023-12-22 09:33:44.506+01:00 [    19] WARNING    - W&#xD;&#xD;
2023-12-22 09:33:44.506+01:00 [    19] WARNING    - W&#xD;&#xD;
2023-12-22 09:33:44.506+01:00 [    19] WARNING    - W&#xD;&#xD;
2023-12-22 09:33:44.506+01:00 [    19] WARNING    - W&#xD;&#xD;
2023-12-22 09:33:44.506+01:00 [    19] WARNING    - W&#xD;&#xD;
2023-12-22 09:33:44.506+01:00 [    19] WARNING    - W&#xD;&#xD;
2023-12-22 09:33:44.506+01:00 [    19] WARNING    - W&#xD;&#xD;
2023-12-22 09:33:44.506+01:00 [    19] WARNING    - W&#xD;&#xD;
2023-12-22 09:33:44.506+01:00 [    19] WARNING    - W&#xD;&#xD;
2023-12-22 09:33:44.506+01:00 [    19] WARNING    - W&#xD;&#xD;
2023-12-22 09:33:44.506+01:00 [    19] WARNING    - W&#xD;&#xD;
2023-12-22 09:33:44.506+01:00 [    19] WARNING    - W&#xD;&#xD;
2023-12-22 09:33:44.506+01:00 [    19] WARNING    - W&#xD;&#xD;
2023-12-22 09:33:44.506+01:00 [    19] WARNING    - W&#xD;&#xD;
2023-12-22 09:33:44.506+01:00 [    19] WARNING    - W&#xD;&#xD;
2023-12-22 09:33:44.506+01:00 [    19] WARNING    - W&#xD;&#xD;
2023-12-22 09:33:44.506+01:00 [    19] WARNING    - W&#xD;&#xD;
2023-12-22 09:33:44.506+01:00 [    19] WARNING    - W&#xD;&#xD;
2023-12-22 09:33:44.506+01:00 [    19] WARNING    - W&#xD;&#xD;
2023-12-22 09:33:44.506+01:00 [    19] WARNING    - W&#xD;&#xD;
2023-12-22 09:33:44.506+01:00 [    19] WARNING    - W&#xD;&#xD;
2023-12-22 09:33:44.506+01:00 [    19] WARNING    - W&#xD;&#xD;
2023-12-22 09:33:44.506+01:00 [    19] WARNING    - W&#xD;&#xD;
2023-12-22 09:33:44.506+01:00 [    19] WARNING    - W&#xD;&#xD;
2023-12-22 09:33:44.506+01:00 [    19] WARNING    - W&#xD;&#xD;
2023-12-22 09:33:44.506+01:00 [    19] WARNING    - W&#xD;&#xD;
2023-12-22 09:33:44.506+01:00 [    19] WARNING    - W&#xD;&#xD;
2023-12-22 09:33:44.506+01:00 [    19] WARNING    - W&#xD;&#xD;
2023-12-22 09:33:44.506+01:00 [    19] WARNING    - W&#xD;&#xD;
2023-12-22 09:33:44.506+01:00 [    19] WARNING    - W&#xD;&#xD;
2023-12-22 09:33:44.506+01:00 [    19] WARNING    - W&#xD;&#xD;
2023-12-22 09:33:44.506+01:00 [    19] WARNING    - W&#xD;&#xD;
2023-12-22 09:33:44.506+01:00 [    19] WARNING    - W&#xD;&#xD;
2023-12-22 09:33:44.506+01:00 [    19] WARNING    - W&#xD;&#xD;
2023-12-22 09:33:44.506+01:00 [    19] WARNING    - W&#xD;&#xD;
2023-12-22 09:33:44.506+01:00 [    19] WARNING    - W&#xD;&#xD;
2023-12-22 09:33:44.506+01:00 [    19] WARNING    - W&#xD;&#xD;
2023-12-22 09:33:44.506+01:00 [    19] WARNING    - W&#xD;&#xD;
2023-12-22 09:33:44.506+01:00 [    19] WARNING    - W&#xD;&#xD;
2023-12-22 09:33:44.506+01:00 [    19] WARNING    - W&#xD;&#xD;
2023-12-22 09:33:44.506+01:00 [    19] WARNING    - W&#xD;&#xD;
2023-12-22 09:33:44.506+01:00 [    19] WARNING    - W&#xD;&#xD;
2023-12-22 09:33:44.506+01:00 [    19] WARNING    - W&#xD;&#xD;
2023-12-22 09:33:44.506+01:00 [    19] WARNING    - W&#xD;&#xD;
2023-12-22 09:33:44.506+01:00 [    19] WARNING    - W&#xD;&#xD;
2023-12-22 09:33:44.506+01:00 [    19] WARNING    - W&#xD;&#xD;
2023-12-22 09:33:44.506+01:00 [    19] WARNING    - W&#xD;&#xD;
2023-12-22 09:33:44.506+01:00 [    19] WARNING    - W&#xD;&#xD;
2023-12-22 09:33:44.506+01:00 [    19] WARNING    - W&#xD;&#xD;
2023-12-22 09:33:44.506+01:00 [    19] WARNING    - W&#xD;&#xD;
2023-12-22 09:33:44.506+01:00 [    19] WARNING    - W&#xD;&#xD;
2023-12-22 09:33:44.506+01:00 [    19] WARNING    - W&#xD;&#xD;
2023-12-22 09:33:44.506+01:00 [    19] WARNING    - W&#xD;&#xD;
2023-12-22 09:33:44.506+01:00 [    19] WARNING    - W&#xD;&#xD;
2023-12-22 09:33:44.506+01:00 [    19] WARNING    - W&#xD;&#xD;
2023-12-22 09:33:44.506+01:00 [    19] WARNING    - W&#xD;&#xD;
2023-12-22 09:33:44.506+01:00 [    19] WARNING    - W&#xD;&#xD;
2023-12-22 09:33:44.506+01:00 [    19] WARNING    - W&#xD;&#xD;
2023-12-22 09:33:44.506+01:00 [    19] WARNING    - W&#xD;&#xD;
2023-12-22 09:33:44.506+01:00 [    19] WARNING    - W&#xD;&#xD;
2023-12-22 09:33:44.506+01:00 [    19] WARNING    - W&#xD;&#xD;
2023-12-22 09:33:44.506+01:00 [    19] WARNING    - W&#xD;&#xD;
2023-12-22 09:33:44.506+01:00 [    19] WARNING    - W&#xD;&#xD;
2023-12-22 09:33:44.506+01:00 [    19] WARNING    - W&#xD;&#xD;
2023-12-22 09:33:44.506+01:00 [    19] WARNING    - W&#xD;&#xD;
2023-12-22 09:33:44.506+01:00 [    19] WARNING    - W&#xD;&#xD;
2023-12-22 09:33:44.506+01:00 [    19] WARNING    - W&#xD;&#xD;
2023-12-22 09:33:44.506+01:00 [    19] WARNING    - W&#xD;&#xD;
2023-12-22 09:33:44.506+01:00 [    19] WARNING    - W&#xD;&#xD;
2023-12-22 09:33:44.506+01:00 [    19] WARNING    - W&#xD;&#xD;
2023-12-22 09:33:44.506+01:00 [    19] WARNING    - W&#xD;&#xD;
2023-12-22 09:33:44.506+01:00 [    19] WARNING    - W&#xD;&#xD;
2023-12-22 09:33:44.506+01:00 [    19] WARNING    - W&#xD;&#xD;
2023-12-22 09:33:44.506+01:00 [    19] WARNING    - W&#xD;&#xD;
2023-12-22 09:33:44.506+01:00 [    19] WARNING    - W&#xD;&#xD;
2023-12-22 09:33:44.506+01:00 [    19] WARNING    - W&#xD;&#xD;
2023-12-22 09:33:44.506+01:00 [    19] WARNING    - W&#xD;&#xD;
2023-12-22 09:33:44.506+01:00 [    19] WARNING    - W&#xD;&#xD;
2023-12-22 09:33:44.506+01:00 [    19] WARNING    - W&#xD;&#xD;
2023-12-22 09:33:44.506+01:00 [    19] WARNING    - W&#xD;&#xD;
2023-12-22 09:33:44.506+01:00 [    19] WARNING    - W&#xD;&#xD;
2023-12-22 09:33:44.506+01:00 [    19] WARNING    - W&#xD;&#xD;
2023-12-22 09:33:44.506+01:00 [    19] WARNING    - W&#xD;&#xD;
2023-12-22 09:33:44.506+01:00 [    19] WARNING    - W&#xD;&#xD;
2023-12-22 09:33:44.506+01:00 [    19] WARNING    - W&#xD;&#xD;
2023-12-22 09:33:44.506+01:00 [    19] WARNING    - W&#xD;&#xD;
2023-12-22 09:33:44.506+01:00 [    19] WARNING    - W&#xD;&#xD;
2023-12-22 09:33:44.506+01:00 [    19] WARNING    - W&#xD;&#xD;
2023-12-22 09:33:44.506+01:00 [    19] WARNING    - W&#xD;&#xD;
2023-12-22 09:33:44.506+01:00 [    19] WARNING    - W&#xD;&#xD;
2023-12-22 09:33:44.506+01:00 [    19] WARNING    - W&#xD;&#xD;
2023-12-22 09:33:44.506+01:00 [    19] WARNING    - W&#xD;&#xD;
2023-12-22 09:33:44.506+01:00 [    19] WARNING    - W&#xD;&#xD;
2023-12-22 09:33:44.506+01:00 [    19] WARNING    - W&#xD;&#xD;
2023-12-22 09:33:44.506+01:00 [    19] WARNING    - W&#xD;&#xD;
2023-12-22 09:33:44.506+01:00 [    19] WARNING    - W&#xD;&#xD;
2023-12-22 09:33:44.506+01:00 [    19] WARNING    - W&#xD;&#xD;
2023-12-22 09:33:44.506+01:00 [    19] WARNING    - W&#xD;&#xD;
2023-12-22 09:33:44.506+01:00 [    19] WARNING    - W&#xD;&#xD;
2023-12-22 09:33:44.506+01:00 [    19] WARNING    - W&#xD;&#xD;
2023-12-22 09:33:44.506+01:00 [    19] WARNING    - W&#xD;&#xD;
2023-12-22 09:33:44.506+01:00 [    19] WARNING    - W&#xD;&#xD;
2023-12-22 09:33:44.506+01:00 [    19] WARNING    - W&#xD;&#xD;
2023-12-22 09:33:44.506+01:00 [    19] WARNING    - W&#xD;&#xD;
2023-12-22 09:33:44.506+01:00 [    19] WARNING    - W&#xD;&#xD;
2023-12-22 09:33:44.506+01:00 [    19] WARNING    - W&#xD;&#xD;
2023-12-22 09:33:44.506+01:00 [    19] WARNING    - W&#xD;&#xD;
2023-12-22 09:33:44.506+01:00 [    19] WARNING    - W&#xD;&#xD;
2023-12-22 09:33:44.506+01:00 [    19] WARNING    - W&#xD;&#xD;
2023-12-22 09:33:44.506+01:00 [    19] WARNING    - W&#xD;&#xD;
2023-12-22 09:33:44.506+01:00 [    19] WARNING    - W&#xD;&#xD;
2023-12-22 09:33:44.506+01:00 [    19] WARNING    - W&#xD;&#xD;
2023-12-22 09:33:44.506+01:00 [    19] WARNING    - W&#xD;&#xD;
2023-12-22 09:33:44.506+01:00 [    19] WARNING    - W&#xD;&#xD;
2023-12-22 09:33:44.506+01:00 [    19] WARNING    - W&#xD;&#xD;
2023-12-22 09:33:44.506+01:00 [    19] WARNING    - W&#xD;&#xD;
2023-12-22 09:33:44.506+01:00 [    19] WARNING    - W&#xD;&#xD;
2023-12-22 09:33:44.506+01:00 [    19] WARNING    - W&#xD;&#xD;
2023-12-22 09:33:44.506+01:00 [    19] WARNING    - W&#xD;&#xD;
2023-12-22 09:33:44.506+01:00 [    19] WARNING    - W&#xD;&#xD;
2023-12-22 09:33:44.506+01:00 [    19] WARNING    - W&#xD;&#xD;
2023-12-22 09:33:44.506+01:00 [    19] WARNING    - W&#xD;&#xD;
2023-12-22 09:33:44.506+01:00 [    19] WARNING    - W&#xD;&#xD;
2023-12-22 09:33:44.506+01:00 [    19] WARNING    - W&#xD;&#xD;
2023-12-22 09:33:44.506+01:00 [    19] WARNING    - W&#xD;&#xD;
2023-12-22 09:33:44.506+01:00 [    19] WARNING    - W&#xD;&#xD;
2023-12-22 09:33:44.506+01:00 [    19] WARNING    - W&#xD;&#xD;
2023-12-22 09:33:44.506+01:00 [    19] WARNING    - W&#xD;&#xD;
2023-12-22 09:33:44.506+01:00 [    19] WARNING    - W&#xD;&#xD;
2023-12-22 09:33:44.506+01:00 [    19] WARNING    - W&#xD;&#xD;
2023-12-22 09:33:44.506+01:00 [    19] WARNING    - W&#xD;&#xD;
2023-12-22 09:33:44.506+01:00 [    19] WARNING    - W&#xD;&#xD;
2023-12-22 09:33:44.506+01:00 [    19] WARNING    - W&#xD;&#xD;
2023-12-22 09:33:44.506+01:00 [    19] WARNING    - W&#xD;&#xD;
2023-12-22 09:33:44.506+01:00 [    19] WARNING    - W&#xD;&#xD;
2023-12-22 09:33:44.506+01:00 [    19] WARNING    - W&#xD;&#xD;
2023-12-22 09:33:44.506+01:00 [    19] WARNING    - W&#xD;&#xD;
2023-12-22 09:33:44.506+01:00 [    19] WARNING    - W&#xD;&#xD;
2023-12-22 09:33:44.506+01:00 [    19] WARNING    - W&#xD;&#xD;
2023-12-22 09:33:44.506+01:00 [    19] WARNING    - W&#xD;&#xD;
2023-12-22 09:33:44.506+01:00 [    19] WARNING    - W&#xD;&#xD;
2023-12-22 09:33:44.506+01:00 [    19] WARNING    - W&#xD;&#xD;
2023-12-22 09:33:44.506+01:00 [    19] WARNING    - W&#xD;&#xD;
2023-12-22 09:33:44.506+01:00 [    19] WARNING    - W&#xD;&#xD;
2023-12-22 09:33:44.506+01:00 [    19] WARNING    - W&#xD;&#xD;
2023-12-22 09:33:44.506+01:00 [    19] WARNING    - W&#xD;&#xD;
2023-12-22 09:33:44.506+01:00 [    19] WARNING    - W&#xD;&#xD;
2023-12-22 09:33:44.506+01:00 [    19] WARNING    - W&#xD;&#xD;
2023-12-22 09:33:44.506+01:00 [    19] WARNING    - W&#xD;&#xD;
2023-12-22 09:33:44.506+01:00 [    19] WARNING    - W&#xD;&#xD;
2023-12-22 09:33:44.506+01:00 [    19] WARNING    - W&#xD;&#xD;
2023-12-22 09:33:44.506+01:00 [    19] WARNING    - W&#xD;&#xD;
2023-12-22 09:33:44.506+01:00 [    19] WARNING    - W&#xD;&#xD;
2023-12-22 09:33:44.506+01:00 [    19] WARNING    - W&#xD;&#xD;
2023-12-22 09:33:44.506+01:00 [    19] WARNING    - W&#xD;&#xD;
2023-12-22 09:33:44.506+01:00 [    19] WARNING    - W&#xD;&#xD;
2023-12-22 09:33:44.506+01:00 [    19] WARNING    - W&#xD;&#xD;
2023-12-22 09:33:44.506+01:00 [    19] WARNING    - W&#xD;&#xD;
2023-12-22 09:33:44.506+01:00 [    19] WARNING    - W&#xD;&#xD;
2023-12-22 09:33:44.506+01:00 [    19] WARNING    - W&#xD;&#xD;
2023-12-22 09:33:44.506+01:00 [    19] WARNING    - W&#xD;&#xD;
2023-12-22 09:33:44.506+01:00 [    19] WARNING    - W&#xD;&#xD;
2023-12-22 09:33:44.506+01:00 [    19] WARNING    - W&#xD;&#xD;
2023-12-22 09:33:44.506+01:00 [    19] WARNING    - W&#xD;&#xD;
2023-12-22 09:33:44.506+01:00 [    19] WARNING    - W&#xD;&#xD;
2023-12-22 09:33:44.506+01:00 [    19] WARNING    - W&#xD;&#xD;
2023-12-22 09:33:44.506+01:00 [    19] WARNING    - W&#xD;&#xD;
2023-12-22 09:33:44.506+01:00 [    19] WARNING    - W&#xD;&#xD;
2023-12-22 09:33:44.506+01:00 [    19] WARNING    - W&#xD;&#xD;
2023-12-22 09:33:44.506+01:00 [    19] WARNING    - W&#xD;&#xD;
2023-12-22 09:33:44.506+01:00 [    19] WARNING    - W&#xD;&#xD;
2023-12-22 09:33:44.506+01:00 [    19] WARNING    - W&#xD;&#xD;
2023-12-22 09:33:44.506+01:00 [    19] WARNING    - W&#xD;&#xD;
2023-12-22 09:33:44.506+01:00 [    19] WARNING    - W&#xD;&#xD;
2023-12-22 09:33:44.506+01:00 [    19] WARNING    - W&#xD;&#xD;
2023-12-22 09:33:44.506+01:00 [    19] WARNING    - W&#xD;&#xD;
2023-12-22 09:33:44.506+01:00 [    19] WARNING    - W&#xD;&#xD;
2023-12-22 09:33:44.506+01:00 [    19] WARNING    - W&#xD;&#xD;
2023-12-22 09:33:44.506+01:00 [    19] WARNING    - W&#xD;&#xD;
2023-12-22 09:33:44.506+01:00 [    19] WARNING    - W&#xD;&#xD;
2023-12-22 09:33:44.506+01:00 [    19] WARNING    - W&#xD;&#xD;
2023-12-22 09:33:44.506+01:00 [    19] WARNING    - W&#xD;&#xD;
2023-12-22 09:33:44.506+01:00 [    19] WARNING    - W&#xD;&#xD;
2023-12-22 09:33:44.506+01:00 [    19] WARNING    - W&#xD;&#xD;
2023-12-22 09:33:44.506+01:00 [    19] WARNING    - W&#xD;&#xD;
2023-12-22 09:33:44.506+01:00 [    19] WARNING    - W&#xD;&#xD;
2023-12-22 09:33:44.506+01:00 [    19] WARNING    - W&#xD;&#xD;
2023-12-22 09:33:44.506+01:00 [    19] WARNING    - W&#xD;&#xD;
2023-12-22 09:33:44.506+01:00 [    19] WARNING    - W&#xD;&#xD;
2023-12-22 09:33:44.506+01:00 [    19] WARNING    - W&#xD;&#xD;
2023-12-22 09:33:44.506+01:00 [    19] WARNING    - W&#xD;&#xD;
2023-12-22 09:33:44.506+01:00 [    19] WARNING    - W&#xD;&#xD;
2023-12-22 09:33:44.506+01:00 [    19] WARNING    - W&#xD;&#xD;
2023-12-22 09:33:44.506+01:00 [    19] WARNING    - W&#xD;&#xD;
2023-12-22 09:33:44.506+01:00 [    19] WARNING    - W&#xD;&#xD;
2023-12-22 09:33:44.506+01:00 [    19] WARNING    - W&#xD;&#xD;
2023-12-22 09:33:44.506+01:00 [    19] WARNING    - W&#xD;&#xD;
2023-12-22 09:33:44.506+01:00 [    19] WARNING    - W&#xD;&#xD;
2023-12-22 09:33:44.506+01:00 [    19] WARNING    - W&#xD;&#xD;
2023-12-22 09:33:44.506+01:00 [    19] WARNING    - W&#xD;&#xD;
2023-12-22 09:33:44.506+01:00 [    19] WARNING    - W&#xD;&#xD;
2023-12-22 09:33:44.506+01:00 [    19] WARNING    - W&#xD;&#xD;
2023-12-22 09:33:44.506+01:00 [    19] WARNING    - W&#xD;&#xD;
2023-12-22 09:33:44.506+01:00 [    19] WARNING    - W&#xD;&#xD;
2023-12-22 09:33:44.506+01:00 [    19] WARNING    - W&#xD;&#xD;
2023-12-22 09:33:44.506+01:00 [    19] WARNING    - W&#xD;&#xD;
2023-12-22 09:33:44.506+01:00 [    19] WARNING    - W&#xD;&#xD;
2023-12-22 09:33:44.506+01:00 [    19] WARNING    - W&#xD;&#xD;
2023-12-22 09:33:44.506+01:00 [    19] WARNING    - W&#xD;&#xD;
2023-12-22 09:33:44.506+01:00 [    19] WARNING    - W&#xD;&#xD;
2023-12-22 09:33:44.506+01:00 [    19] WARNING    - W&#xD;&#xD;
2023-12-22 09:33:44.506+01:00 [    19] WARNING    - W&#xD;&#xD;
2023-12-22 09:33:44.506+01:00 [    19] WARNING    - W&#xD;&#xD;
2023-12-22 09:33:44.506+01:00 [    19] WARNING    - W&#xD;&#xD;
2023-12-22 09:33:44.506+01:00 [    19] WARNING    - W&#xD;&#xD;
2023-12-22 09:33:44.506+01:00 [    19] WARNING    - W&#xD;&#xD;
2023-12-22 09:33:44.506+01:00 [    19] WARNING    - W&#xD;&#xD;
2023-12-22 09:33:44.506+01:00 [    19] WARNING    - W&#xD;&#xD;
2023-12-22 09:33:44.506+01:00 [    19] WARNING    - W&#xD;&#xD;
2023-12-22 09:33:44.506+01:00 [    19] WARNING    - W&#xD;&#xD;
2023-12-22 09:33:44.506+01:00 [    19] WARNING    - W&#xD;&#xD;
2023-12-22 09:33:44.506+01:00 [    19] WARNING    - W&#xD;&#xD;
2023-12-22 09:33:44.506+01:00 [    19] WARNING    - W&#xD;&#xD;
2023-12-22 09:33:44.506+01:00 [    19] WARNING    - W&#xD;&#xD;
2023-12-22 09:33:44.506+01:00 [    19] WARNING    - W&#xD;&#xD;
2023-12-22 09:33:44.506+01:00 [    19] WARNING    - W&#xD;&#xD;
2023-12-22 09:33:44.506+01:00 [    19] WARNING    - W&#xD;&#xD;
2023-12-22 09:33:44.506+01:00 [    19] WARNING    - W&#xD;&#xD;
2023-12-22 09:33:44.506+01:00 [    19] WARNING    - W&#xD;&#xD;
2023-12-22 09:33:44.506+01:00 [    19] WARNING    - W&#xD;&#xD;
2023-12-22 09:33:44.506+01:00 [    19] WARNING    - W&#xD;&#xD;
2023-12-22 09:33:44.506+01:00 [    19] WARNING    - W&#xD;&#xD;
2023-12-22 09:33:44.506+01:00 [    19] WARNING    - W&#xD;&#xD;
2023-12-22 09:33:44.506+01:00 [    19] WARNING    - W&#xD;&#xD;
2023-12-22 09:33:44.506+01:00 [    19] WARNING    - W&#xD;&#xD;
2023-12-22 09:33:44.506+01:00 [    19] WARNING    - W&#xD;&#xD;
2023-12-22 09:33:44.506+01:00 [    19] WARNING    - W&#xD;&#xD;
2023-12-22 09:33:44.506+01:00 [    19] WARNING    - W&#xD;&#xD;
2023-12-22 09:33:44.506+01:00 [    19] WARNING    - W&#xD;&#xD;
2023-12-22 09:33:44.506+01:00 [    19] WARNING    - W&#xD;&#xD;
2023-12-22 09:33:44.506+01:00 [    19] WARNING    - W&#xD;&#xD;
2023-12-22 09:33:44.506+01:00 [    19] WARNING    - W&#xD;&#xD;
2023-12-22 09:33:44.506+01:00 [    19] WARNING    - W&#xD;&#xD;
2023-12-22 09:33:44.506+01:00 [    19] WARNING    - W&#xD;&#xD;
2023-12-22 09:33:44.506+01:00 [    19] WARNING    - W&#xD;&#xD;
2023-12-22 09:33:44.506+01:00 [    19] WARNING    - W&#xD;&#xD;
2023-12-22 09:33:44.506+01:00 [    19] WARNING    - W&#xD;&#xD;
2023-12-22 09:33:44.506+01:00 [    19] WARNING    - W&#xD;&#xD;
2023-12-22 09:33:44.506+01:00 [    19] WARNING    - W&#xD;&#xD;
2023-12-22 09:33:44.506+01:00 [    19] WARNING    - W&#xD;&#xD;
2023-12-22 09:33:44.506+01:00 [    19] WARNING    - W&#xD;&#xD;
2023-12-22 09:33:44.506+01:00 [    19] WARNING    - W&#xD;&#xD;
2023-12-22 09:33:44.506+01:00 [    19] WARNING    - W&#xD;&#xD;
2023-12-22 09:33:44.506+01:00 [    19] WARNING    - W&#xD;&#xD;
2023-12-22 09:33:44.506+01:00 [    19] WARNING    - W&#xD;&#xD;
2023-12-22 09:33:44.506+01:00 [    19] WARNING    - W&#xD;&#xD;
2023-12-22 09:33:44.506+01:00 [    19] WARNING    - W&#xD;&#xD;
2023-12-22 09:33:44.506+01:00 [    19] WARNING    - W&#xD;&#xD;
2023-12-22 09:33:44.506+01:00 [    19] WARNING    - W&#xD;&#xD;
2023-12-22 09:33:44.506+01:00 [    19] WARNING    - W&#xD;&#xD;
2023-12-22 09:33:44.506+01:00 [    19] WARNING    - W&#xD;&#xD;
2023-12-22 09:33:44.506+01:00 [    19] WARNING    - W&#xD;&#xD;
2023-12-22 09:33:44.506+01:00 [    19] WARNING    - W&#xD;&#xD;
2023-12-22 09:33:44.506+01:00 [    19] WARNING    - W&#xD;&#xD;
2023-12-22 09:33:44.506+01:00 [    19] WARNING    - W&#xD;&#xD;
2023-12-22 09:33:44.506+01:00 [    19] WARNING    - W&#xD;&#xD;
2023-12-22 09:33:44.506+01:00 [    19] WARNING    - W&#xD;&#xD;
2023-12-22 09:33:44.506+01:00 [    19] WARNING    - W&#xD;&#xD;
2023-12-22 09:33:44.506+01:00 [    19] WARNING    - W&#xD;&#xD;
2023-12-22 09:33:44.506+01:00 [    19] WARNING    - W&#xD;&#xD;
2023-12-22 09:33:44.506+01:00 [    19] WARNING    - W&#xD;&#xD;
2023-12-22 09:33:44.506+01:00 [    19] WARNING    - W&#xD;&#xD;
2023-12-22 09:33:44.506+01:00 [    19] WARNING    - W&#xD;&#xD;
2023-12-22 09:33:44.506+01:00 [    19] WARNING    - W&#xD;&#xD;
2023-12-22 09:33:44.506+01:00 [    19] WARNING    - W&#xD;&#xD;
2023-12-22 09:33:44.506+01:00 [    19] WARNING    - W&#xD;&#xD;
2023-12-22 09:33:44.506+01:00 [    19] WARNING    - W&#xD;&#xD;
2023-12-22 09:33:44.506+01:00 [    19] WARNING    - W&#xD;&#xD;
2023-12-22 09:33:44.506+01:00 [    19] WARNING    - W&#xD;&#xD;
2023-12-22 09:33:44.506+01:00 [    19] WARNING    - W&#xD;&#xD;
2023-12-22 09:33:44.506+01:00 [    19] WARNING    - W&#xD;&#xD;
2023-12-22 09:33:44.506+01:00 [    19] WARNING    - W&#xD;&#xD;
2023-12-22 09:33:44.506+01:00 [    19] WARNING    - W&#xD;&#xD;
2023-12-22 09:33:44.506+01:00 [    19] WARNING    - W&#xD;&#xD;
2023-12-22 09:33:44.506+01:00 [    19] WARNING    - W&#xD;&#xD;
2023-12-22 09:33:44.506+01:00 [    19] WARNING    - W&#xD;&#xD;
2023-12-22 09:33:44.506+01:00 [    19] WARNING    - W&#xD;&#xD;
2023-12-22 09:33:44.506+01:00 [    19] WARNING    - W&#xD;&#xD;
2023-12-22 09:33:44.506+01:00 [    19] WARNING    - W&#xD;&#xD;
2023-12-22 09:33:44.506+01:00 [    19] WARNING    - W&#xD;&#xD;
2023-12-22 09:33:44.506+01:00 [    19] WARNING    - W&#xD;&#xD;
2023-12-22 09:33:44.506+01:00 [    19] WARNING    - W&#xD;&#xD;
2023-12-22 09:33:44.506+01:00 [    19] WARNING    - W&#xD;&#xD;
2023-12-22 09:33:44.506+01:00 [    19] WARNING    - W&#xD;&#xD;
2023-12-22 09:33:44.506+01:00 [    19] WARNING    - W&#xD;&#xD;
2023-12-22 09:33:44.506+01:00 [    19] WARNING    - W&#xD;&#xD;
2023-12-22 09:33:44.506+01:00 [    19] WARNING    - W&#xD;&#xD;
2023-12-22 09:33:44.506+01:00 [    19] WARNING    - W&#xD;&#xD;
2023-12-22 09:33:44.506+01:00 [    19] WARNING    - W&#xD;&#xD;
2023-12-22 09:33:44.506+01:00 [    19] WARNING    - W&#xD;&#xD;
2023-12-22 09:33:44.506+01:00 [    19] WARNING    - W&#xD;&#xD;
2023-12-22 09:33:44.506+01:00 [    19] WARNING    - W&#xD;&#xD;
2023-12-22 09:33:44.506+01:00 [    19] WARNING    - W&#xD;&#xD;
2023-12-22 09:33:44.506+01:00 [    19] WARNING    - W&#xD;&#xD;
2023-12-22 09:33:44.506+01:00 [    19] WARNING    - W&#xD;&#xD;
2023-12-22 09:33:44.506+01:00 [    19] WARNING    - W&#xD;&#xD;
2023-12-22 09:33:44.506+01:00 [    19] WARNING    - W&#xD;&#xD;
2023-12-22 09:33:44.506+01:00 [    19] WARNING    - W&#xD;&#xD;
2023-12-22 09:33:44.506+01:00 [    19] WARNING    - W&#xD;&#xD;
2023-12-22 09:33:44.506+01:00 [    19] WARNING    - W&#xD;&#xD;
2023-12-22 09:33:44.506+01:00 [    19] WARNING    - W&#xD;&#xD;
2023-12-22 09:33:44.506+01:00 [    19] WARNING    - W&#xD;&#xD;
2023-12-22 09:33:44.506+01:00 [    19] WARNING    - W&#xD;&#xD;
2023-12-22 09:33:44.506+01:00 [    19] WARNING    - W&#xD;&#xD;
2023-12-22 09:33:44.506+01:00 [    19] WARNING    - W&#xD;&#xD;
2023-12-22 09:33:44.506+01:00 [    19] WARNING    - W&#xD;&#xD;
2023-12-22 09:33:44.506+01:00 [    19] WARNING    - W&#xD;&#xD;
2023-12-22 09:33:44.506+01:00 [    19] WARNING    - W&#xD;&#xD;
2023-12-22 09:33:44.506+01:00 [    19] WARNING    - W&#xD;&#xD;
2023-12-22 09:33:44.506+01:00 [    19] WARNING    - W&#xD;&#xD;
2023-12-22 09:33:44.506+01:00 [    19] WARNING    - W&#xD;&#xD;
2023-12-22 09:33:44.506+01:00 [    19] WARNING    - W&#xD;&#xD;
2023-12-22 09:33:44.506+01:00 [    19] WARNING    - W&#xD;&#xD;
2023-12-22 09:33:44.506+01:00 [    19] WARNING    - W&#xD;&#xD;
2023-12-22 09:33:44.506+01:00 [    19] WARNING    - W&#xD;&#xD;
2023-12-22 09:33:44.506+01:00 [    19] WARNING    - W&#xD;&#xD;
2023-12-22 09:33:44.506+01:00 [    19] WARNING    - W&#xD;&#xD;
2023-12-22 09:33:44.506+01:00 [    19] WARNING    - W&#xD;&#xD;
2023-12-22 09:33:44.506+01:00 [    19] WARNING    - W&#xD;&#xD;
2023-12-22 09:33:44.506+01:00 [    19] WARNING    - W&#xD;&#xD;
2023-12-22 09:33:44.506+01:00 [    19] WARNING    - W&#xD;&#xD;
2023-12-22 09:33:44.506+01:00 [    19] WARNING    - W&#xD;&#xD;
2023-12-22 09:33:44.506+01:00 [    19] WARNING    - W&#xD;&#xD;
2023-12-22 09:33:44.506+01:00 [    19] WARNING    - W&#xD;&#xD;
2023-12-22 09:33:44.506+01:00 [    19] WARNING    - W&#xD;&#xD;
2023-12-22 09:33:44.506+01:00 [    19] WARNING    - W&#xD;&#xD;
2023-12-22 09:33:44.506+01:00 [    19] WARNING    - W&#xD;&#xD;
2023-12-22 09:33:44.506+01:00 [    19] WARNING    - W&#xD;&#xD;
2023-12-22 09:33:44.506+01:00 [    19] WARNING    - W&#xD;&#xD;
2023-12-22 09:33:44.506+01:00 [    19] WARNING    - W&#xD;&#xD;
2023-12-22 09:33:44.506+01:00 [    19] WARNING    - W&#xD;&#xD;
2023-12-22 09:33:44.506+01:00 [    19] WARNING    - W&#xD;&#xD;
2023-12-22 09:33:44.506+01:00 [    19] WARNING    - W&#xD;&#xD;
2023-12-22 09:33:44.506+01:00 [    19] WARNING    - W&#xD;&#xD;
2023-12-22 09:33:44.506+01:00 [    19] WARNING    - W&#xD;&#xD;
2023-12-22 09:33:44.506+01:00 [    19] WARNING    - W&#xD;&#xD;
2023-12-22 09:33:44.506+01:00 [    19] WARNING    - W&#xD;&#xD;
2023-12-22 09:33:44.506+01:00 [    19] WARNING    - W&#xD;&#xD;
2023-12-22 09:33:44.506+01:00 [    19] WARNING    - W&#xD;&#xD;
2023-12-22 09:33:44.506+01:00 [    19] WARNING    - W&#xD;&#xD;
2023-12-22 09:33:44.506+01:00 [    19] WARNING    - W&#xD;&#xD;
2023-12-22 09:33:44.506+01:00 [    19] WARNING    - W&#xD;&#xD;
2023-12-22 09:33:44.506+01:00 [    19] WARNING    - W&#xD;&#xD;
2023-12-22 09:33:44.506+01:00 [    19] WARNING    - W&#xD;&#xD;
2023-12-22 09:33:44.506+01:00 [    19] WARNING    - W&#xD;&#xD;
2023-12-22 09:33:44.506+01:00 [    19] WARNING    - W&#xD;&#xD;
2023-12-22 09:33:44.506+01:00 [    19] WARNING    - W&#xD;&#xD;
2023-12-22 09:33:44.506+01:00 [    19] WARNING    - W&#xD;&#xD;
2023-12-22 09:33:44.506+01:00 [    19] WARNING    - W&#xD;&#xD;
2023-12-22 09:33:44.506+01:00 [    19] WARNING    - W&#xD;&#xD;
2023-12-22 09:33:44.506+01:00 [    19] WARNING    - W&#xD;&#xD;
2023-12-22 09:33:44.506+01:00 [    19] WARNING    - W&#xD;&#xD;
2023-12-22 09:33:44.506+01:00 [    19] WARNING    - W&#xD;&#xD;
2023-12-22 09:33:44.506+01:00 [    19] WARNING    - W&#xD;&#xD;
2023-12-22 09:33:44.506+01:00 [    19] WARNING    - W&#xD;&#xD;
2023-12-22 09:33:44.506+01:00 [    19] WARNING    - W&#xD;&#xD;
2023-12-22 09:33:44.506+01:00 [    19] WARNING    - W&#xD;&#xD;
2023-12-22 09:33:44.506+01:00 [    19] WARNING    - W&#xD;&#xD;
2023-12-22 09:33:44.506+01:00 [    19] WARNING    - W&#xD;&#xD;
2023-12-22 09:33:44.506+01:00 [    19] WARNING    - W&#xD;&#xD;
2023-12-22 09:33:44.506+01:00 [    19] WARNING    - W&#xD;&#xD;
2023-12-22 09:33:44.506+01:00 [    19] WARNING    - W&#xD;&#xD;
2023-12-22 09:33:44.506+01:00 [    19] WARNING    - W&#xD;&#xD;
2023-12-22 09:33:44.506+01:00 [    19] WARNING    - W&#xD;&#xD;
2023-12-22 09:33:44.506+01:00 [    19] WARNING    - W&#xD;&#xD;
2023-12-22 09:33:44.506+01:00 [    19] WARNING    - W&#xD;&#xD;
2023-12-22 09:33:44.506+01:00 [    19] WARNING    - W&#xD;&#xD;
2023-12-22 09:33:44.506+01:00 [    19] WARNING    - W&#xD;&#xD;
2023-12-22 09:33:44.506+01:00 [    19] WARNING    - W&#xD;&#xD;
2023-12-22 09:33:44.506+01:00 [    19] WARNING    - W&#xD;&#xD;
2023-12-22 09:33:44.506+01:00 [    19] WARNING    - W&#xD;&#xD;
2023-12-22 09:33:44.506+01:00 [    19] WARNING    - W&#xD;&#xD;
2023-12-22 09:33:44.506+01:00 [    19] WARNING    - W&#xD;&#xD;
2023-12-22 09:33:44.506+01:00 [    19] WARNING    - W&#xD;&#xD;
2023-12-22 09:33:44.506+01:00 [    19] WARNING    - W&#xD;&#xD;
2023-12-22 09:33:44.506+01:00 [    19] WARNING    - W&#xD;&#xD;
2023-12-22 09:33:44.506+01:00 [    19] WARNING    - W&#xD;&#xD;
2023-12-22 09:33:44.506+01:00 [    19] WARNING    - W&#xD;&#xD;
2023-12-22 09:33:44.506+01:00 [    19] WARNING    - W&#xD;&#xD;
2023-12-22 09:33:44.506+01:00 [    19] WARNING    - W&#xD;&#xD;
2023-12-22 09:33:44.506+01:00 [    19] WARNING    - W&#xD;&#xD;
2023-12-22 09:33:44.506+01:00 [    19] WARNING    - W&#xD;&#xD;
2023-12-22 09:33:44.506+01:00 [    19] WARNING    - W&#xD;&#xD;
2023-12-22 09:33:44.506+01:00 [    19] WARNING    - W&#xD;&#xD;
2023-12-22 09:33:44.506+01:00 [    19] WARNING    - W&#xD;&#xD;
2023-12-22 09:33:44.506+01:00 [    19] WARNING    - W&#xD;&#xD;
2023-12-22 09:33:44.506+01:00 [    19] WARNING    - W&#xD;&#xD;
2023-12-22 09:33:44.506+01:00 [    19] WARNING    - W&#xD;&#xD;
2023-12-22 09:33:44.506+01:00 [    19] WARNING    - W&#xD;&#xD;
2023-12-22 09:33:44.506+01:00 [    19] WARNING    - W&#xD;&#xD;
2023-12-22 09:33:44.506+01:00 [    19] WARNING    - W&#xD;&#xD;
2023-12-22 09:33:44.506+01:00 [    19] WARNING    - W&#xD;&#xD;
2023-12-22 09:33:44.506+01:00 [    19] WARNING    - W&#xD;&#xD;
2023-12-22 09:33:44.506+01:00 [    19] WARNING    - W&#xD;&#xD;
2023-12-22 09:33:44.506+01:00 [    19] WARNING    - W&#xD;&#xD;
2023-12-22 09:33:44.506+01:00 [    19] WARNING    - W&#xD;&#xD;
2023-12-22 09:33:44.506+01:00 [    19] WARNING    - W&#xD;&#xD;
2023-12-22 09:33:44.506+01:00 [    19] WARNING    - W&#xD;&#xD;
2023-12-22 09:33:44.506+01:00 [    19] WARNING    - W&#xD;&#xD;
2023-12-22 09:33:44.506+01:00 [    19] WARNING    - W&#xD;&#xD;
2023-12-22 09:33:44.506+01:00 [    19] WARNING    - W&#xD;&#xD;
2023-12-22 09:33:44.506+01:00 [    19] WARNING    - W&#xD;&#xD;
2023-12-22 09:33:44.506+01:00 [    19] WARNING    - W&#xD;&#xD;
2023-12-22 09:33:44.506+01:00 [    19] WARNING    - W&#xD;&#xD;
2023-12-22 09:33:44.506+01:00 [    19] WARNING    - W&#xD;&#xD;
2023-12-22 09:33:44.506+01:00 [    19] WARNING    - W&#xD;&#xD;
2023-12-22 09:33:44.506+01:00 [    19] WARNING    - W&#xD;&#xD;
2023-12-22 09:33:44.506+01:00 [    19] WARNING    - W&#xD;&#xD;
2023-12-22 09:33:44.506+01:00 [    19] WARNING    - W&#xD;&#xD;
2023-12-22 09:33:44.506+01:00 [    19] WARNING    - W&#xD;&#xD;
2023-12-22 09:33:44.506+01:00 [    19] WARNING    - W&#xD;&#xD;
2023-12-22 09:33:44.506+01:00 [    19] WARNING    - W&#xD;&#xD;
2023-12-22 09:33:44.506+01:00 [    19] WARNING    - W&#xD;&#xD;
2023-12-22 09:33:44.506+01:00 [    19] WARNING    - W&#xD;&#xD;
2023-12-22 09:33:44.506+01:00 [    19] WARNING    - W&#xD;&#xD;
2023-12-22 09:33:44.506+01:00 [    19] WARNING    - W&#xD;&#xD;
2023-12-22 09:33:44.506+01:00 [    19] WARNING    - W&#xD;&#xD;
2023-12-22 09:33:44.506+01:00 [    19] WARNING    - W&#xD;&#xD;
2023-12-22 09:33:44.506+01:00 [    19] WARNING    - W&#xD;&#xD;
2023-12-22 09:33:44.506+01:00 [    19] WARNING    - W&#xD;&#xD;
2023-12-22 09:33:44.506+01:00 [    19] WARNING    - W&#xD;&#xD;
2023-12-22 09:33:44.506+01:00 [    19] WARNING    - W&#xD;&#xD;
2023-12-22 09:33:44.506+01:00 [    19] WARNING    - W&#xD;&#xD;
2023-12-22 09:33:44.506+01:00 [    19] WARNING    - W&#xD;&#xD;
2023-12-22 09:33:44.506+01:00 [    19] WARNING    - W&#xD;&#xD;
2023-12-22 09:33:44.506+01:00 [    19] WARNING    - W&#xD;&#xD;
2023-12-22 09:33:44.506+01:00 [    19] WARNING    - W&#xD;&#xD;
2023-12-22 09:33:44.506+01:00 [    19] WARNING    - W&#xD;&#xD;
2023-12-22 09:33:44.506+01:00 [    19] WARNING    - W&#xD;&#xD;
2023-12-22 09:33:44.506+01:00 [    19] WARNING    - W&#xD;&#xD;
2023-12-22 09:33:44.506+01:00 [    19] WARNING    - W&#xD;&#xD;
2023-12-22 09:33:44.506+01:00 [    19] WARNING    - W&#xD;&#xD;
2023-12-22 09:33:44.506+01:00 [    19] WARNING    - W&#xD;&#xD;
2023-12-22 09:33:44.506+01:00 [    19] WARNING    - W&#xD;&#xD;
2023-12-22 09:33:44.506+01:00 [    19] WARNING    - W&#xD;&#xD;
2023-12-22 09:33:44.506+01:00 [    19] WARNING    - W&#xD;&#xD;
2023-12-22 09:33:44.506+01:00 [    19] WARNING    - W&#xD;&#xD;
2023-12-22 09:33:44.506+01:00 [    19] WARNING    - W&#xD;&#xD;
2023-12-22 09:33:44.506+01:00 [    19] WARNING    - W&#xD;&#xD;
2023-12-22 09:33:44.506+01:00 [    19] WARNING    - W&#xD;&#xD;
2023-12-22 09:33:44.506+01:00 [    19] WARNING    - W&#xD;&#xD;
2023-12-22 09:33:44.506+01:00 [    19] WARNING    - W&#xD;&#xD;
2023-12-22 09:33:44.506+01:00 [    19] WARNING    - W&#xD;&#xD;
2023-12-22 09:33:44.506+01:00 [    19] WARNING    - W&#xD;&#xD;
2023-12-22 09:33:44.506+01:00 [    19] WARNING    - W&#xD;&#xD;
2023-12-22 09:33:44.506+01:00 [    19] WARNING    - W&#xD;&#xD;
2023-12-22 09:33:44.506+01:00 [    19] WARNING    - W&#xD;&#xD;
2023-12-22 09:33:44.506+01:00 [    19] WARNING    - W&#xD;&#xD;
2023-12-22 09:33:44.506+01:00 [    19] WARNING    - W&#xD;&#xD;
2023-12-22 09:33:44.506+01:00 [    19] WARNING    - W&#xD;&#xD;
2023-12-22 09:33:44.506+01:00 [    19] WARNING    - W&#xD;&#xD;
2023-12-22 09:33:44.506+01:00 [    19] WARNING    - W&#xD;&#xD;
2023-12-22 09:33:44.506+01:00 [    19] WARNING    - W&#xD;&#xD;
2023-12-22 09:33:44.506+01:00 [    19] WARNING    - W&#xD;&#xD;
2023-12-22 09:33:44.506+01:00 [    19] WARNING    - W&#xD;&#xD;
2023-12-22 09:33:44.506+01:00 [    19] WARNING    - W&#xD;&#xD;
2023-12-22 09:33:44.506+01:00 [    19] WARNING    - W&#xD;&#xD;
2023-12-22 09:33:44.506+01:00 [    19] WARNING    - W&#xD;&#xD;
2023-12-22 09:33:44.506+01:00 [    19] WARNING    - W&#xD;&#xD;
2023-12-22 09:33:44.506+01:00 [    19] WARNING    - W&#xD;&#xD;
2023-12-22 09:33:44.506+01:00 [    19] WARNING    - W&#xD;&#xD;
2023-12-22 09:33:44.506+01:00 [    19] WARNING    - W&#xD;&#xD;
2023-12-22 09:33:44.506+01:00 [    19] WARNING    - W&#xD;&#xD;
2023-12-22 09:33:44.506+01:00 [    19] WARNING    - W&#xD;&#xD;
2023-12-22 09:33:44.506+01:00 [    19] WARNING    - W&#xD;&#xD;
2023-12-22 09:33:44.506+01:00 [    19] WARNING    - W&#xD;&#xD;
2023-12-22 09:33:44.506+01:00 [    19] WARNING    - W&#xD;&#xD;
2023-12-22 09:33:44.506+01:00 [    19] WARNING    - W&#xD;&#xD;
2023-12-22 09:33:44.506+01:00 [    19] WARNING    - W&#xD;&#xD;
2023-12-22 09:33:44.506+01:00 [    19] WARNING    - W&#xD;&#xD;
2023-12-22 09:33:44.506+01:00 [    19] WARNING    - W&#xD;&#xD;
2023-12-22 09:33:44.506+01:00 [    19] WARNING    - W&#xD;&#xD;
2023-12-22 09:33:44.506+01:00 [    19] WARNING    - W&#xD;&#xD;
2023-12-22 09:33:44.506+01:00 [    19] WARNING    - W&#xD;&#xD;
2023-12-22 09:33:44.506+01:00 [    19] WARNING    - W&#xD;&#xD;
2023-12-22 09:33:44.506+01:00 [    19] WARNING    - W&#xD;&#xD;
2023-12-22 09:33:44.506+01:00 [    19] WARNING    - W&#xD;&#xD;
2023-12-22 09:33:44.506+01:00 [    19] WARNING    - W&#xD;&#xD;
2023-12-22 09:33:44.506+01:00 [    19] WARNING    - W&#xD;&#xD;
2023-12-22 09:33:44.506+01:00 [    19] WARNING    - W&#xD;&#xD;
2023-12-22 09:33:44.506+01:00 [    19] WARNING    - W&#xD;&#xD;
2023-12-22 09:33:44.506+01:00 [    19] WARNING    - W&#xD;&#xD;
2023-12-22 09:33:44.506+01:00 [    19] WARNING    - W&#xD;&#xD;
2023-12-22 09:33:44.506+01:00 [    19] WARNING    - W&#xD;&#xD;
2023-12-22 09:33:44.506+01:00 [    19] WARNING    - W&#xD;&#xD;
2023-12-22 09:33:44.506+01:00 [    19] WARNING    - W&#xD;&#xD;
2023-12-22 09:33:44.506+01:00 [    19] WARNING    - W&#xD;&#xD;
2023-12-22 09:33:44.506+01:00 [    19] WARNING    - W&#xD;&#xD;
2023-12-22 09:33:44.506+01:00 [    19] WARNING    - W&#xD;&#xD;
2023-12-22 09:33:44.506+01:00 [    19] WARNING    - W&#xD;&#xD;
2023-12-22 09:33:44.506+01:00 [    19] WARNING    - W&#xD;&#xD;
2023-12-22 09:33:44.506+01:00 [    19] WARNING    - W&#xD;&#xD;
2023-12-22 09:33:44.506+01:00 [    19] WARNING    - W&#xD;&#xD;
2023-12-22 09:33:44.506+01:00 [    19] WARNING    - W&#xD;&#xD;
2023-12-22 09:33:44.506+01:00 [    19] WARNING    - W&#xD;&#xD;
2023-12-22 09:33:44.506+01:00 [    19] WARNING    - W&#xD;&#xD;
2023-12-22 09:33:44.506+01:00 [    19] WARNING    - W&#xD;&#xD;
2023-12-22 09:33:44.506+01:00 [    19] WARNING    - W&#xD;&#xD;
2023-12-22 09:33:44.506+01:00 [    19] WARNING    - W&#xD;&#xD;
2023-12-22 09:33:44.506+01:00 [    19] WARNING    - W&#xD;&#xD;
2023-12-22 09:33:44.506+01:00 [    19] WARNING    - W&#xD;&#xD;
2023-12-22 09:33:44.506+01:00 [    19] WARNING    - W&#xD;&#xD;
2023-12-22 09:33:44.506+01:00 [    19] WARNING    - W&#xD;&#xD;
2023-12-22 09:33:44.506+01:00 [    19] WARNING    - W&#xD;&#xD;
2023-12-22 09:33:44.506+01:00 [    19] WARNING    - W&#xD;&#xD;
2023-12-22 09:33:44.506+01:00 [    19] WARNING    - W&#xD;&#xD;
2023-12-22 09:33:44.506+01:00 [    19] WARNING    - W&#xD;&#xD;
2023-12-22 09:33:44.506+01:00 [    19] WARNING    - W&#xD;&#xD;
2023-12-22 09:33:44.506+01:00 [    19] WARNING    - W&#xD;&#xD;
2023-12-22 09:33:44.506+01:00 [    19] WARNING    - W&#xD;&#xD;
2023-12-22 09:33:44.506+01:00 [    19] WARNING    - W&#xD;&#xD;
2023-12-22 09:33:44.506+01:00 [    19] WARNING    - W&#xD;&#xD;
2023-12-22 09:33:44.506+01:00 [    19] WARNING    - W&#xD;&#xD;
2023-12-22 09:33:44.506+01:00 [    19] WARNING    - W&#xD;&#xD;
2023-12-22 09:33:44.506+01:00 [    19] WARNING    - W&#xD;&#xD;
2023-12-22 09:33:44.506+01:00 [    19] WARNING    - W&#xD;&#xD;
2023-12-22 09:33:44.506+01:00 [    19] WARNING    - W&#xD;&#xD;
2023-12-22 09:33:44.506+01:00 [    19] WARNING    - W&#xD;&#xD;
2023-12-22 09:33:44.506+01:00 [    19] WARNING    - W&#xD;&#xD;
2023-12-22 09:33:44.506+01:00 [    19] WARNING    - W&#xD;&#xD;
2023-12-22 09:33:44.506+01:00 [    19] WARNING    - W&#xD;&#xD;
2023-12-22 09:33:44.506+01:00 [    19] WARNING    - W&#xD;&#xD;
2023-12-22 09:33:44.506+01:00 [    19] WARNING    - W&#xD;&#xD;
2023-12-22 09:33:44.506+01:00 [    19] WARNING    - W&#xD;&#xD;
2023-12-22 09:33:44.506+01:00 [    19] WARNING    - W&#xD;&#xD;
2023-12-22 09:33:44.506+01:00 [    19] WARNING    - W&#xD;&#xD;
2023-12-22 09:33:44.506+01:00 [    19] WARNING    - W&#xD;&#xD;
2023-12-22 09:33:44.506+01:00 [    19] WARNING    - W&#xD;&#xD;
2023-12-22 09:33:44.506+01:00 [    19] WARNING    - W&#xD;&#xD;
2023-12-22 09:33:44.506+01:00 [    19] WARNING    - W&#xD;&#xD;
2023-12-22 09:33:44.506+01:00 [    19] WARNING    - W&#xD;&#xD;
2023-12-22 09:33:44.506+01:00 [    19] WARNING    - W&#xD;&#xD;
2023-12-22 09:33:44.506+01:00 [    19] WARNING    - W&#xD;&#xD;
2023-12-22 09:33:44.506+01:00 [    19] WARNING    - W&#xD;&#xD;
2023-12-22 09:33:44.506+01:00 [    19] WARNING    - W&#xD;&#xD;
2023-12-22 09:33:44.506+01:00 [    19] WARNING    - W&#xD;&#xD;
2023-12-22 09:33:44.506+01:00 [    19] WARNING    - W&#xD;&#xD;
2023-12-22 09:33:44.506+01:00 [    19] WARNING    - W&#xD;&#xD;
2023-12-22 09:33:44.506+01:00 [    19] WARNING    - W&#xD;&#xD;
2023-12-22 09:33:44.506+01:00 [    19] WARNING    - W&#xD;&#xD;
2023-12-22 09:33:44.506+01:00 [    19] WARNING    - W&#xD;&#xD;
2023-12-22 09:33:44.506+01:00 [    19] WARNING    - W&#xD;&#xD;
2023-12-22 09:33:44.506+01:00 [    19] WARNING    - W&#xD;&#xD;
2023-12-22 09:33:44.506+01:00 [    19] WARNING    - W&#xD;&#xD;
2023-12-22 09:33:44.506+01:00 [    19] WARNING    - W&#xD;&#xD;
2023-12-22 09:33:44.506+01:00 [    19] WARNING    - W&#xD;&#xD;
2023-12-22 09:33:44.506+01:00 [    19] WARNING    - W&#xD;&#xD;
2023-12-22 09:33:44.506+01:00 [    19] WARNING    - W&#xD;&#xD;
2023-12-22 09:33:44.506+01:00 [    19] WARNING    - W&#xD;&#xD;
2023-12-22 09:33:44.506+01:00 [    19] WARNING    - W&#xD;&#xD;
2023-12-22 09:33:44.506+01:00 [    19] WARNING    - W&#xD;&#xD;
2023-12-22 09:33:44.506+01:00 [    19] WARNING    - W&#xD;&#xD;
2023-12-22 09:33:44.506+01:00 [    19] WARNING    - W&#xD;&#xD;
2023-12-22 09:33:44.506+01:00 [    19] WARNING    - W&#xD;&#xD;
2023-12-22 09:33:44.506+01:00 [    19] WARNING    - W&#xD;&#xD;
2023-12-22 09:33:44.506+01:00 [    19] WARNING    - W&#xD;&#xD;
2023-12-22 09:33:44.506+01:00 [    19] WARNING    - W&#xD;&#xD;
2023-12-22 09:33:44.506+01:00 [    19] WARNING    - W&#xD;&#xD;
2023-12-22 09:33:44.506+01:00 [    19] WARNING    - W&#xD;&#xD;
2023-12-22 09:33:44.506+01:00 [    19] WARNING    - W&#xD;&#xD;
2023-12-22 09:33:44.506+01:00 [    19] WARNING    - W&#xD;&#xD;
2023-12-22 09:33:44.506+01:00 [    19] WARNING    - W&#xD;&#xD;
2023-12-22 09:33:44.506+01:00 [    19] WARNING    - W&#xD;&#xD;
2023-12-22 09:33:44.506+01:00 [    19] WARNING    - W&#xD;&#xD;
2023-12-22 09:33:44.506+01:00 [    19] WARNING    - W&#xD;&#xD;
2023-12-22 09:33:44.506+01:00 [    19] WARNING    - W&#xD;&#xD;
2023-12-22 09:33:44.506+01:00 [    19] WARNING    - W&#xD;&#xD;
2023-12-22 09:33:44.506+01:00 [    19] WARNING    - W&#xD;&#xD;
2023-12-22 09:33:44.506+01:00 [    19] WARNING    - W&#xD;&#xD;
2023-12-22 09:33:44.506+01:00 [    19] WARNING    - W&#xD;&#xD;
2023-12-22 09:33:44.506+01:00 [    19] WARNING    - W&#xD;&#xD;
2023-12-22 09:33:44.506+01:00 [    19] WARNING    - W&#xD;&#xD;
2023-12-22 09:33:44.506+01:00 [    19] WARNING    - W&#xD;&#xD;
2023-12-22 09:33:44.506+01:00 [    19] WARNING    - W&#xD;&#xD;
2023-12-22 09:33:44.506+01:00 [    19] WARNING    - W&#xD;&#xD;
2023-12-22 09:33:44.506+01:00 [    19] WARNING    - W&#xD;&#xD;
2023-12-22 09:33:44.506+01:00 [    19] WARNING    - W&#xD;&#xD;
2023-12-22 09:33:44.506+01:00 [    19] WARNING    - W&#xD;&#xD;
2023-12-22 09:33:44.506+01:00 [    19] WARNING    - W&#xD;&#xD;
2023-12-22 09:33:44.506+01:00 [    19] WARNING    - W&#xD;&#xD;
2023-12-22 09:33:44.506+01:00 [    19] WARNING    - W&#xD;&#xD;
2023-12-22 09:33:44.506+01:00 [    19] WARNING    - W&#xD;&#xD;
2023-12-22 09:33:44.506+01:00 [    19] WARNING    - W&#xD;&#xD;
2023-12-22 09:33:44.506+01:00 [    19] WARNING    - W&#xD;&#xD;
2023-12-22 09:33:44.506+01:00 [    19] WARNING    - W&#xD;&#xD;
2023-12-22 09:33:44.506+01:00 [    19] WARNING    - W&#xD;&#xD;
2023-12-22 09:33:44.506+01:00 [    19] WARNING    - W&#xD;&#xD;
2023-12-22 09:33:44.506+01:00 [    19] WARNING    - W&#xD;&#xD;
2023-12-22 09:33:44.506+01:00 [    19] WARNING    - W&#xD;&#xD;
2023-12-22 09:33:44.506+01:00 [    19] WARNING    - W&#xD;&#xD;
2023-12-22 09:33:44.506+01:00 [    19] WARNING    - W&#xD;&#xD;
2023-12-22 09:33:44.506+01:00 [    19] WARNING    - W&#xD;&#xD;
2023-12-22 09:33:44.506+01:00 [    19] WARNING    - W&#xD;&#xD;
2023-12-22 09:33:44.506+01:00 [    19] WARNING    - W&#xD;&#xD;
2023-12-22 09:33:44.506+01:00 [    19] WARNING    - W&#xD;&#xD;
2023-12-22 09:33:44.506+01:00 [    19] WARNING    - W&#xD;&#xD;
2023-12-22 09:33:44.506+01:00 [    19] WARNING    - W&#xD;&#xD;
2023-12-22 09:33:44.506+01:00 [    19] WARNING    - W&#xD;&#xD;
2023-12-22 09:33:44.506+01:00 [    19] WARNING    - W&#xD;&#xD;
2023-12-22 09:33:44.506+01:00 [    19] WARNING    - W&#xD;&#xD;
2023-12-22 09:33:44.506+01:00 [    19] WARNING    - W&#xD;&#xD;
2023-12-22 09:33:44.506+01:00 [    19] WARNING    - W&#xD;&#xD;
2023-12-22 09:33:44.506+01:00 [    19] WARNING    - W&#xD;&#xD;
2023-12-22 09:33:44.506+01:00 [    19] WARNING    - W&#xD;&#xD;
2023-12-22 09:33:44.506+01:00 [    19] WARNING    - W&#xD;&#xD;
2023-12-22 09:33:44.506+01:00 [    19] WARNING    - W&#xD;&#xD;
2023-12-22 09:33:44.506+01:00 [    19] WARNING    - W&#xD;&#xD;
2023-12-22 09:33:44.506+01:00 [    19] WARNING    - W&#xD;&#xD;
2023-12-22 09:33:44.506+01:00 [    19] WARNING    - W&#xD;&#xD;
2023-12-22 09:33:44.506+01:00 [    19] WARNING    - W&#xD;&#xD;
2023-12-22 09:33:44.506+01:00 [    19] WARNING    - W&#xD;&#xD;
2023-12-22 09:33:44.506+01:00 [    19] WARNING    - W&#xD;&#xD;
2023-12-22 09:33:44.506+01:00 [    19] WARNING    - W&#xD;&#xD;
2023-12-22 09:33:44.506+01:00 [    19] WARNING    - W&#xD;&#xD;
2023-12-22 09:33:44.506+01:00 [    19] WARNING    - W&#xD;&#xD;
2023-12-22 09:33:44.506+01:00 [    19] WARNING    - W&#xD;&#xD;
2023-12-22 09:33:44.506+01:00 [    19] WARNING    - W&#xD;&#xD;
2023-12-22 09:33:44.506+01:00 [    19] WARNING    - W&#xD;&#xD;
2023-12-22 09:33:44.506+01:00 [    19] WARNING    - W&#xD;&#xD;
2023-12-22 09:33:44.506+01:00 [    19] WARNING    - W&#xD;&#xD;
2023-12-22 09:33:44.506+01:00 [    19] WARNING    - W&#xD;&#xD;
2023-12-22 09:33:44.506+01:00 [    19] WARNING    - W&#xD;&#xD;
2023-12-22 09:33:44.506+01:00 [    19] WARNING    - W&#xD;&#xD;
2023-12-22 09:33:44.506+01:00 [    19] WARNING    - W&#xD;&#xD;
2023-12-22 09:33:44.506+01:00 [    19] WARNING    - W&#xD;&#xD;
2023-12-22 09:33:44.506+01:00 [    19] WARNING    - W&#xD;&#xD;
2023-12-22 09:33:44.506+01:00 [    19] WARNING    - W&#xD;&#xD;
2023-12-22 09:33:44.506+01:00 [    19] WARNING    - W&#xD;&#xD;
2023-12-22 09:33:44.506+01:00 [    19] WARNING    - W&#xD;&#xD;
2023-12-22 09:33:44.506+01:00 [    19] WARNING    - W&#xD;&#xD;
2023-12-22 09:33:44.506+01:00 [    19] WARNING    - W&#xD;&#xD;
2023-12-22 09:33:44.506+01:00 [    19] WARNING    - W&#xD;&#xD;
2023-12-22 09:33:44.506+01:00 [    19] WARNING    - W&#xD;&#xD;
2023-12-22 09:33:44.506+01:00 [    19] WARNING    - W&#xD;&#xD;
2023-12-22 09:33:44.506+01:00 [    19] WARNING    - W&#xD;&#xD;
2023-12-22 09:33:44.506+01:00 [    19] WARNING    - W&#xD;&#xD;
2023-12-22 09:33:44.506+01:00 [    19] WARNING    - W&#xD;&#xD;
2023-12-22 09:33:44.506+01:00 [    19] WARNING    - W&#xD;&#xD;
2023-12-22 09:33:44.506+01:00 [    19] WARNING    - W&#xD;&#xD;
2023-12-22 09:33:44.506+01:00 [    19] WARNING    - W&#xD;&#xD;
2023-12-22 09:33:44.506+01:00 [    19] WARNING    - W&#xD;&#xD;
2023-12-22 09:33:44.506+01:00 [    19] WARNING    - W&#xD;&#xD;
2023-12-22 09:33:44.506+01:00 [    19] WARNING    - W&#xD;&#xD;
2023-12-22 09:33:44.506+01:00 [    19] WARNING    - W&#xD;&#xD;
2023-12-22 09:33:44.506+01:00 [    19] WARNING    - W&#xD;&#xD;
2023-12-22 09:33:44.506+01:00 [    19] WARNING    - W&#xD;&#xD;
2023-12-22 09:33:44.506+01:00 [    19] WARNING    - W&#xD;&#xD;
2023-12-22 09:33:44.506+01:00 [    19] WARNING    - W&#xD;&#xD;
2023-12-22 09:33:44.506+01:00 [    19] WARNING    - W&#xD;&#xD;
2023-12-22 09:33:44.506+01:00 [    19] WARNING    - W&#xD;&#xD;
2023-12-22 09:33:44.506+01:00 [    19] WARNING    - W&#xD;&#xD;
2023-12-22 09:33:44.506+01:00 [    19] WARNING    - W&#xD;&#xD;
2023-12-22 09:33:44.506+01:00 [    19] WARNING    - W&#xD;&#xD;
2023-12-22 09:33:44.506+01:00 [    19] WARNING    - W&#xD;&#xD;
2023-12-22 09:33:44.506+01:00 [    19] WARNING    - W&#xD;&#xD;
2023-12-22 09:33:44.506+01:00 [    19] WARNING    - W&#xD;&#xD;
2023-12-22 09:33:44.506+01:00 [    19] WARNING    - W&#xD;&#xD;
2023-12-22 09:33:44.506+01:00 [    19] WARNING    - W&#xD;&#xD;
2023-12-22 09:33:44.506+01:00 [    19] WARNING    - W&#xD;&#xD;
2023-12-22 09:33:44.506+01:00 [    19] WARNING    - W&#xD;&#xD;
2023-12-22 09:33:44.506+01:00 [    19] WARNING    - W&#xD;&#xD;
2023-12-22 09:33:44.506+01:00 [    19] WARNING    - W&#xD;&#xD;
2023-12-22 09:33:44.506+01:00 [    19] WARNING    - W&#xD;&#xD;
2023-12-22 09:33:44.506+01:00 [    19] WARNING    - W&#xD;&#xD;
2023-12-22 09:33:44.506+01:00 [    19] WARNING    - W&#xD;&#xD;
2023-12-22 09:33:44.506+01:00 [    19] WARNING    - W&#xD;&#xD;
2023-12-22 09:33:44.506+01:00 [    19] WARNING    - W&#xD;&#xD;
2023-12-22 09:33:44.506+01:00 [    19] WARNING    - W&#xD;&#xD;
2023-12-22 09:33:44.506+01:00 [    19] WARNING    - W&#xD;&#xD;
2023-12-22 09:33:44.506+01:00 [    19] WARNING    - W&#xD;&#xD;
2023-12-22 09:33:44.506+01:00 [    19] WARNING    - W&#xD;&#xD;
2023-12-22 09:33:44.506+01:00 [    19] WARNING    - W&#xD;&#xD;
2023-12-22 09:33:44.506+01:00 [    19] WARNING    - W&#xD;&#xD;
2023-12-22 09:33:44.506+01:00 [    19] WARNING    - W&#xD;&#xD;
2023-12-22 09:33:44.506+01:00 [    19] WARNING    - W&#xD;&#xD;
2023-12-22 09:33:44.506+01:00 [    19] WARNING    - W&#xD;&#xD;
2023-12-22 09:33:44.506+01:00 [    19] WARNING    - W&#xD;&#xD;
2023-12-22 09:33:44.506+01:00 [    19] WARNING    - W&#xD;&#xD;
2023-12-22 09:33:44.506+01:00 [    19] WARNING    - W&#xD;&#xD;
2023-12-22 09:33:44.506+01:00 [    19] WARNING    - W&#xD;&#xD;
2023-12-22 09:33:44.506+01:00 [    19] WARNING    - W&#xD;&#xD;
2023-12-22 09:33:44.506+01:00 [    19] WARNING    - W&#xD;&#xD;
2023-12-22 09:33:44.506+01:00 [    19] WARNING    - W&#xD;&#xD;
2023-12-22 09:33:44.506+01:00 [    19] WARNING    - W&#xD;&#xD;
2023-12-22 09:33:44.506+01:00 [    19] WARNING    - W&#xD;&#xD;
2023-12-22 09:33:44.506+01:00 [    19] WARNING    - W&#xD;&#xD;
2023-12-22 09:33:44.506+01:00 [    19] WARNING    - W&#xD;&#xD;
2023-12-22 09:33:44.506+01:00 [    19] WARNING    - W&#xD;&#xD;
2023-12-22 09:33:44.506+01:00 [    19] WARNING    - W&#xD;&#xD;
2023-12-22 09:33:44.506+01:00 [    19] WARNING    - W&#xD;&#xD;
2023-12-22 09:33:44.506+01:00 [    19] WARNING    - W&#xD;&#xD;
2023-12-22 09:33:44.506+01:00 [    19] WARNING    - W&#xD;&#xD;
2023-12-22 09:33:44.506+01:00 [    19] WARNING    - W&#xD;&#xD;
2023-12-22 09:33:44.506+01:00 [    19] WARNING    - W&#xD;&#xD;
2023-12-22 09:33:44.506+01:00 [    19] WARNING    - W&#xD;&#xD;
2023-12-22 09:33:44.506+01:00 [    19] WARNING    - W&#xD;&#xD;
2023-12-22 09:33:44.506+01:00 [    19] WARNING    - W&#xD;&#xD;
2023-12-22 09:33:44.506+01:00 [    19] WARNING    - W&#xD;&#xD;
2023-12-22 09:33:44.506+01:00 [    19] WARNING    - W&#xD;&#xD;
2023-12-22 09:33:44.506+01:00 [    19] WARNING    - W&#xD;&#xD;
2023-12-22 09:33:44.506+01:00 [    19] WARNING    - W&#xD;&#xD;
2023-12-22 09:33:44.506+01:00 [    19] WARNING    - W&#xD;&#xD;
2023-12-22 09:33:44.506+01:00 [    19] WARNING    - W&#xD;&#xD;
2023-12-22 09:33:44.506+01:00 [    19] WARNING    - W&#xD;&#xD;
2023-12-22 09:33:44.506+01:00 [    19] WARNING    - W&#xD;&#xD;
2023-12-22 09:33:44.506+01:00 [    19] WARNING    - W&#xD;&#xD;
2023-12-22 09:33:44.506+01:00 [    19] WARNING    - W&#xD;&#xD;
2023-12-22 09:33:44.506+01:00 [    19] WARNING    - W&#xD;&#xD;
2023-12-22 09:33:44.506+01:00 [    19] WARNING    - W&#xD;&#xD;
2023-12-22 09:33:44.506+01:00 [    19] WARNING    - W&#xD;&#xD;
2023-12-22 09:33:44.506+01:00 [    19] WARNING    - W&#xD;&#xD;
2023-12-22 09:33:44.506+01:00 [    19] WARNING    - W&#xD;&#xD;
2023-12-22 09:33:44.506+01:00 [    19] WARNING    - W&#xD;&#xD;
2023-12-22 09:33:44.506+01:00 [    19] WARNING    - W&#xD;&#xD;
2023-12-22 09:33:44.506+01:00 [    19] WARNING    - W&#xD;&#xD;
2023-12-22 09:33:44.506+01:00 [    19] WARNING    - W&#xD;&#xD;
2023-12-22 09:33:44.506+01:00 [    19] WARNING    - W&#xD;&#xD;
2023-12-22 09:33:44.506+01:00 [    19] WARNING    - W&#xD;&#xD;
2023-12-22 09:33:44.506+01:00 [    19] WARNING    - W&#xD;&#xD;
2023-12-22 09:33:44.506+01:00 [    19] WARNING    - W&#xD;&#xD;
2023-12-22 09:33:44.506+01:00 [    19] WARNING    - W&#xD;&#xD;
2023-12-22 09:33:44.506+01:00 [    19] WARNING    - W&#xD;&#xD;
2023-12-22 09:33:44.506+01:00 [    19] WARNING    - W&#xD;&#xD;
2023-12-22 09:33:44.506+01:00 [    19] WARNING    - W&#xD;&#xD;
2023-12-22 09:33:44.506+01:00 [    19] WARNING    - W&#xD;&#xD;
2023-12-22 09:33:44.506+01:00 [    19] WARNING    - W&#xD;&#xD;
2023-12-22 09:33:44.506+01:00 [    19] WARNING    - W&#xD;&#xD;
2023-12-22 09:33:44.506+01:00 [    19] WARNING    - W&#xD;&#xD;
2023-12-22 09:33:44.506+01:00 [    19] WARNING    - W&#xD;&#xD;
2023-12-22 09:33:44.506+01:00 [    19] WARNING    - W&#xD;&#xD;
2023-12-22 09:33:44.506+01:00 [    19] WARNING    - W&#xD;&#xD;
2023-12-22 09:33:44.506+01:00 [    19] WARNING    - W&#xD;&#xD;
2023-12-22 09:33:44.506+01:00 [    19] WARNING    - W&#xD;&#xD;
2023-12-22 09:33:44.506+01:00 [    19] WARNING    - W&#xD;&#xD;
2023-12-22 09:33:44.506+01:00 [    19] WARNING    - W&#xD;&#xD;
2023-12-22 09:33:44.506+01:00 [    19] WARNING    - W&#xD;&#xD;
2023-12-22 09:33:44.506+01:00 [    19] WARNING    - W&#xD;&#xD;
2023-12-22 09:33:44.506+01:00 [    19] WARNING    - W&#xD;&#xD;
2023-12-22 09:33:44.506+01:00 [    19] WARNING    - W&#xD;&#xD;
2023-12-22 09:33:44.506+01:00 [    19] WARNING    - W&#xD;&#xD;
2023-12-22 09:33:44.506+01:00 [    19] WARNING    - W&#xD;&#xD;
2023-12-22 09:33:44.506+01:00 [    19] WARNING    - W&#xD;&#xD;
2023-12-22 09:33:44.506+01:00 [    19] WARNING    - W&#xD;&#xD;
2023-12-22 09:33:44.506+01:00 [    19] WARNING    - W&#xD;&#xD;
2023-12-22 09:33:44.506+01:00 [    19] WARNING    - W&#xD;&#xD;
2023-12-22 09:33:44.506+01:00 [    19] WARNING    - W&#xD;&#xD;
2023-12-22 09:33:44.506+01:00 [    19] WARNING    - W&#xD;&#xD;
2023-12-22 09:33:44.506+01:00 [    19] WARNING    - W&#xD;&#xD;
2023-12-22 09:33:44.506+01:00 [    19] WARNING    - W&#xD;&#xD;
2023-12-22 09:33:44.506+01:00 [    19] WARNING    - W&#xD;&#xD;
2023-12-22 09:33:44.506+01:00 [    19] WARNING    - W&#xD;&#xD;
2023-12-22 09:33:44.506+01:00 [    19] WARNING    - W&#xD;&#xD;
2023-12-22 09:33:44.506+01:00 [    19] WARNING    - W&#xD;&#xD;
2023-12-22 09:33:44.506+01:00 [    19] WARNING    - W&#xD;&#xD;
2023-12-22 09:33:44.506+01:00 [    19] WARNING    - W&#xD;&#xD;
2023-12-22 09:33:44.506+01:00 [    19] WARNING    - W&#xD;&#xD;
2023-12-22 09:33:44.506+01:00 [    19] WARNING    - W&#xD;&#xD;
2023-12-22 09:33:44.506+01:00 [    19] WARNING    - W&#xD;&#xD;
2023-12-22 09:33:44.506+01:00 [    19] WARNING    - W&#xD;&#xD;
2023-12-22 09:33:44.506+01:00 [    19] WARNING    - W&#xD;&#xD;
2023-12-22 09:33:44.506+01:00 [    19] WARNING    - W&#xD;&#xD;
2023-12-22 09:33:44.506+01:00 [    19] WARNING    - W&#xD;&#xD;
2023-12-22 09:33:44.506+01:00 [    19] WARNING    - W&#xD;&#xD;
2023-12-22 09:33:44.506+01:00 [    19] WARNING    - W&#xD;&#xD;
2023-12-22 09:33:44.506+01:00 [    19] WARNING    - W&#xD;&#xD;
2023-12-22 09:33:44.506+01:00 [    19] WARNING    - W&#xD;&#xD;
2023-12-22 09:33:44.506+01:00 [    19] WARNING    - W&#xD;&#xD;
2023-12-22 09:33:44.506+01:00 [    19] WARNING    - W&#xD;&#xD;
2023-12-22 09:33:44.506+01:00 [    19] WARNING    - W&#xD;&#xD;
2023-12-22 09:33:44.506+01:00 [    19] WARNING    - W&#xD;&#xD;
2023-12-22 09:33:44.506+01:00 [    19] WARNING    - W&#xD;&#xD;
2023-12-22 09:33:44.506+01:00 [    19] WARNING    - W&#xD;&#xD;
2023-12-22 09:33:44.506+01:00 [    19] WARNING    - W&#xD;&#xD;
2023-12-22 09:33:44.506+01:00 [    19] WARNING    - W&#xD;&#xD;
2023-12-22 09:33:44.506+01:00 [    19] WARNING    - W&#xD;&#xD;
2023-12-22 09:33:44.506+01:00 [    19] WARNING    - W&#xD;&#xD;
2023-12-22 09:33:44.506+01:00 [    19] WARNING    - W&#xD;&#xD;
2023-12-22 09:33:44.506+01:00 [    19] WARNING    - W&#xD;&#xD;
2023-12-22 09:33:44.506+01:00 [    19] WARNING    - W&#xD;&#xD;
2023-12-22 09:33:44.506+01:00 [    19] WARNING    - W&#xD;&#xD;
2023-12-22 09:33:44.506+01:00 [    19] WARNING    - W&#xD;&#xD;
2023-12-22 09:33:44.506+01:00 [    19] WARNING    - W&#xD;&#xD;
2023-12-22 09:33:44.506+01:00 [    19] WARNING    - W&#xD;&#xD;
2023-12-22 09:33:44.506+01:00 [    19] WARNING    - W&#xD;&#xD;
2023-12-22 09:33:44.506+01:00 [    19] WARNING    - W&#xD;&#xD;
2023-12-22 09:33:44.506+01:00 [    19] WARNING    - W&#xD;&#xD;
2023-12-22 09:33:44.506+01:00 [    19] WARNING    - W&#xD;&#xD;
2023-12-22 09:33:44.506+01:00 [    19] WARNING    - W&#xD;&#xD;
2023-12-22 09:33:44.506+01:00 [    19] WARNING    - W&#xD;&#xD;
2023-12-22 09:33:44.506+01:00 [    19] WARNING    - W&#xD;&#xD;
2023-12-22 09:33:44.506+01:00 [    19] WARNING    - W&#xD;&#xD;
2023-12-22 09:33:44.506+01:00 [    19] WARNING    - W&#xD;&#xD;
2023-12-22 09:33:44.506+01:00 [    19] WARNING    - W&#xD;&#xD;
2023-12-22 09:33:44.506+01:00 [    19] WARNING    - W&#xD;&#xD;
2023-12-22 09:33:44.506+01:00 [    19] WARNING    - W&#xD;&#xD;
2023-12-22 09:33:44.506+01:00 [    19] WARNING    - W&#xD;&#xD;
2023-12-22 09:33:44.506+01:00 [    19] WARNING    - W&#xD;&#xD;
2023-12-22 09:33:44.506+01:00 [    19] WARNING    - W&#xD;&#xD;
2023-12-22 09:33:44.506+01:00 [    19] WARNING    - W&#xD;&#xD;
2023-12-22 09:33:44.506+01:00 [    19] WARNING    - W&#xD;&#xD;
2023-12-22 09:33:44.506+01:00 [    19] WARNING    - W&#xD;&#xD;
2023-12-22 09:33:44.506+01:00 [    19] WARNING    - W&#xD;&#xD;
2023-12-22 09:33:44.506+01:00 [    19] WARNING    - W&#xD;&#xD;
2023-12-22 09:33:44.506+01:00 [    19] WARNING    - W&#xD;&#xD;
2023-12-22 09:33:44.506+01:00 [    19] WARNING    - W&#xD;&#xD;
2023-12-22 09:33:44.506+01:00 [    19] WARNING    - W&#xD;&#xD;
2023-12-22 09:33:44.506+01:00 [    19] WARNING    - W&#xD;&#xD;
2023-12-22 09:33:44.506+01:00 [    19] WARNING    - W&#xD;&#xD;
2023-12-22 09:33:44.506+01:00 [    19] WARNING    - W&#xD;&#xD;
2023-12-22 09:33:44.506+01:00 [    19] WARNING    - W&#xD;&#xD;
2023-12-22 09:33:44.506+01:00 [    19] WARNING    - W&#xD;&#xD;
2023-12-22 09:33:44.506+01:00 [    19] WARNING    - W&#xD;&#xD;
2023-12-22 09:33:44.506+01:00 [    19] WARNING    - W&#xD;&#xD;
2023-12-22 09:33:44.506+01:00 [    19] WARNING    - W&#xD;&#xD;
2023-12-22 09:33:44.506+01:00 [    19] WARNING    - W&#xD;&#xD;
2023-12-22 09:33:44.506+01:00 [    19] WARNING    - W&#xD;&#xD;
2023-12-22 09:33:44.506+01:00 [    19] WARNING    - W&#xD;&#xD;
2023-12-22 09:33:44.506+01:00 [    19] WARNING    - W&#xD;&#xD;
2023-12-22 09:33:44.506+01:00 [    19] WARNING    - W&#xD;&#xD;
2023-12-22 09:33:44.506+01:00 [    19] WARNING    - W&#xD;&#xD;
2023-12-22 09:33:44.506+01:00 [    19] WARNING    - W&#xD;&#xD;
2023-12-22 09:33:44.506+01:00 [    19] WARNING    - W&#xD;&#xD;
2023-12-22 09:33:44.506+01:00 [    19] WARNING    - W&#xD;&#xD;
2023-12-22 09:33:44.506+01:00 [    19] WARNING    - W&#xD;&#xD;
2023-12-22 09:33:44.506+01:00 [    19] WARNING    - W&#xD;&#xD;
2023-12-22 09:33:44.506+01:00 [    19] WARNING    - W&#xD;&#xD;
2023-12-22 09:33:44.506+01:00 [    19] WARNING    - W&#xD;&#xD;
2023-12-22 09:33:44.506+01:00 [    19] WARNING    - W&#xD;&#xD;
2023-12-22 09:33:44.506+01:00 [    19] WARNING    - W&#xD;&#xD;
2023-12-22 09:33:44.506+01:00 [    19] WARNING    - W&#xD;&#xD;
2023-12-22 09:33:44.506+01:00 [    19] WARNING    - W&#xD;&#xD;
2023-12-22 09:33:44.506+01:00 [    19] WARNING    - W&#xD;&#xD;
2023-12-22 09:33:44.506+01:00 [    19] WARNING    - W&#xD;&#xD;
2023-12-22 09:33:44.506+01:00 [    19] WARNING    - W&#xD;&#xD;
2023-12-22 09:33:44.506+01:00 [    19] WARNING    - W&#xD;&#xD;
2023-12-22 09:33:44.506+01:00 [    19] WARNING    - W&#xD;&#xD;
2023-12-22 09:33:44.506+01:00 [    19] WARNING    - W&#xD;&#xD;
2023-12-22 09:33:44.506+01:00 [    19] WARNING    - W&#xD;&#xD;
2023-12-22 09:33:44.506+01:00 [    19] WARNING    - W&#xD;&#xD;
2023-12-22 09:33:44.506+01:00 [    19] WARNING    - W&#xD;&#xD;
2023-12-22 09:33:44.506+01:00 [    19] WARNING    - W&#xD;&#xD;
2023-12-22 09:33:44.506+01:00 [    19] WARNING    - W&#xD;&#xD;
2023-12-22 09:33:44.506+01:00 [    19] WARNING    - W&#xD;&#xD;
2023-12-22 09:33:44.506+01:00 [    19] WARNING    - W&#xD;&#xD;
2023-12-22 09:33:44.506+01:00 [    19] WARNING    - W&#xD;&#xD;
2023-12-22 09:33:44.506+01:00 [    19] WARNING    - W&#xD;&#xD;
2023-12-22 09:33:44.506+01:00 [    19] WARNING    - W&#xD;&#xD;
2023-12-22 09:33:44.506+01:00 [    19] WARNING    - W&#xD;&#xD;
2023-12-22 09:33:44.506+01:00 [    19] WARNING    - W&#xD;&#xD;
2023-12-22 09:33:44.506+01:00 [    19] WARNING    - W&#xD;&#xD;
2023-12-22 09:33:44.506+01:00 [    19] WARNING    - W&#xD;&#xD;
2023-12-22 09:33:44.506+01:00 [    19] WARNING    - W&#xD;&#xD;
2023-12-22 09:33:44.506+01:00 [    19] WARNING    - W&#xD;&#xD;
2023-12-22 09:33:44.506+01:00 [    19] WARNING    - W&#xD;&#xD;
2023-12-22 09:33:44.506+01:00 [    19] WARNING    - W&#xD;&#xD;
2023-12-22 09:33:44.506+01:00 [    19] WARNING    - W&#xD;&#xD;
2023-12-22 09:33:44.506+01:00 [    19] WARNING    - W&#xD;&#xD;
2023-12-22 09:33:44.506+01:00 [    19] WARNING    - W&#xD;&#xD;
2023-12-22 09:33:44.506+01:00 [    19] WARNING    - W&#xD;&#xD;
2023-12-22 09:33:44.506+01:00 [    19] WARNING    - W&#xD;&#xD;
2023-12-22 09:33:44.506+01:00 [    19] WARNING    - W&#xD;&#xD;
2023-12-22 09:33:44.506+01:00 [    19] WARNING    - W&#xD;&#xD;
2023-12-22 09:33:44.506+01:00 [    19] WARNING    - W&#xD;&#xD;
2023-12-22 09:33:44.506+01:00 [    19] WARNING    - W&#xD;&#xD;
2023-12-22 09:33:44.506+01:00 [    19] WARNING    - W&#xD;&#xD;
2023-12-22 09:33:44.506+01:00 [    19] WARNING    - W&#xD;&#xD;
2023-12-22 09:33:44.506+01:00 [    19] WARNING    - W&#xD;&#xD;
2023-12-22 09:33:44.506+01:00 [    19] WARNING    - W&#xD;&#xD;
2023-12-22 09:33:44.506+01:00 [    19] WARNING    - W&#xD;&#xD;
2023-12-22 09:33:44.506+01:00 [    19] WARNING    - W&#xD;&#xD;
2023-12-22 09:33:44.506+01:00 [    19] WARNING    - W&#xD;&#xD;
2023-12-22 09:33:44.506+01:00 [    19] WARNING    - W&#xD;&#xD;
2023-12-22 09:33:44.506+01:00 [    19] WARNING    - W&#xD;&#xD;
2023-12-22 09:33:44.506+01:00 [    19] WARNING    - W&#xD;&#xD;
2023-12-22 09:33:44.506+01:00 [    19] WARNING    - W&#xD;&#xD;
2023-12-22 09:33:44.506+01:00 [    19] WARNING    - W&#xD;&#xD;
2023-12-22 09:33:44.506+01:00 [    19] WARNING    - W&#xD;&#xD;
2023-12-22 09:33:44.506+01:00 [    19] WARNING    - W&#xD;&#xD;
2023-12-22 09:33:44.506+01:00 [    19] WARNING    - W&#xD;&#xD;
2023-12-22 09:33:44.506+01:00 [    19] WARNING    - W&#xD;&#xD;
2023-12-22 09:33:44.506+01:00 [    19] WARNING    - W&#xD;&#xD;
2023-12-22 09:33:44.506+01:00 [    19] WARNING    - W&#xD;&#xD;
2023-12-22 09:33:44.506+01:00 [    19] WARNING    - W&#xD;&#xD;
2023-12-22 09:33:44.506+01:00 [    19] WARNING    - W&#xD;&#xD;
2023-12-22 09:33:44.506+01:00 [    19] WARNING    - W&#xD;&#xD;
2023-12-22 09:33:44.506+01:00 [    19] WARNING    - W&#xD;&#xD;
2023-12-22 09:33:44.506+01:00 [    19] WARNING    - W&#xD;&#xD;
2023-12-22 09:33:44.506+01:00 [    19] WARNING    - W&#xD;&#xD;
2023-12-22 09:33:44.506+01:00 [    19] WARNING    - W&#xD;&#xD;
2023-12-22 09:33:44.506+01:00 [    19] WARNING    - W&#xD;&#xD;
2023-12-22 09:33:44.506+01:00 [    19] WARNING    - W&#xD;&#xD;
2023-12-22 09:33:44.506+01:00 [    19] WARNING    - W&#xD;&#xD;
2023-12-22 09:33:44.506+01:00 [    19] WARNING    - W&#xD;&#xD;
2023-12-22 09:33:44.506+01:00 [    19] WARNING    - W&#xD;&#xD;
2023-12-22 09:33:44.506+01:00 [    19] WARNING    - W&#xD;&#xD;
2023-12-22 09:33:44.506+01:00 [    19] WARNING    - W&#xD;&#xD;
2023-12-22 09:33:44.506+01:00 [    19] WARNING    - W&#xD;&#xD;
2023-12-22 09:33:44.506+01:00 [    19] WARNING    - W&#xD;&#xD;
2023-12-22 09:33:44.506+01:00 [    19] WARNING    - W&#xD;&#xD;
2023-12-22 09:33:44.506+01:00 [    19] WARNING    - W&#xD;&#xD;
2023-12-22 09:33:44.506+01:00 [    19] WARNING    - W&#xD;&#xD;
2023-12-22 09:33:44.506+01:00 [    19] WARNING    - W&#xD;&#xD;
2023-12-22 09:33:44.506+01:00 [    19] WARNING    - W&#xD;&#xD;
2023-12-22 09:33:44.506+01:00 [    19] WARNING    - W&#xD;&#xD;
2023-12-22 09:33:44.506+01:00 [    19] WARNING    - W&#xD;&#xD;
2023-12-22 09:33:44.506+01:00 [    19] WARNING    - W&#xD;&#xD;
2023-12-22 09:33:44.506+01:00 [    19] WARNING    - W&#xD;&#xD;
2023-12-22 09:33:44.506+01:00 [    19] WARNING    - W&#xD;&#xD;
2023-12-22 09:33:44.506+01:00 [    19] WARNING    - W&#xD;&#xD;
2023-12-22 09:33:44.506+01:00 [    19] WARNING    - W&#xD;&#xD;
2023-12-22 09:33:44.506+01:00 [    19] WARNING    - W&#xD;&#xD;
2023-12-22 09:33:44.506+01:00 [    19] WARNING    - W&#xD;&#xD;
2023-12-22 09:33:44.506+01:00 [    19] WARNING    - W&#xD;&#xD;
2023-12-22 09:33:44.506+01:00 [    19] WARNING    - W&#xD;&#xD;
2023-12-22 09:33:44.506+01:00 [    19] WARNING    - W&#xD;&#xD;
2023-12-22 09:33:44.506+01:00 [    19] WARNING    - W&#xD;&#xD;
2023-12-22 09:33:44.506+01:00 [    19] WARNING    - W&#xD;&#xD;
2023-12-22 09:33:44.506+01:00 [    19] WARNING    - W&#xD;&#xD;
2023-12-22 09:33:44.506+01:00 [    19] WARNING    - W&#xD;&#xD;
2023-12-22 09:33:44.506+01:00 [    19] WARNING    - W&#xD;&#xD;
2023-12-22 09:33:44.506+01:00 [    19] WARNING    - W&#xD;&#xD;
2023-12-22 09:33:44.506+01:00 [    19] WARNING    - W&#xD;&#xD;
2023-12-22 09:33:44.506+01:00 [    19] WARNING    - W&#xD;&#xD;
2023-12-22 09:33:44.506+01:00 [    19] WARNING    - W&#xD;&#xD;
2023-12-22 09:33:44.506+01:00 [    19] WARNING    - W&#xD;&#xD;
2023-12-22 09:33:44.506+01:00 [    19] WARNING    - W&#xD;&#xD;
2023-12-22 09:33:44.506+01:00 [    19] WARNING    - W&#xD;&#xD;
2023-12-22 09:33:44.506+01:00 [    19] WARNING    - W&#xD;&#xD;
2023-12-22 09:33:44.506+01:00 [    19] WARNING    - W&#xD;&#xD;
2023-12-22 09:33:44.506+01:00 [    19] WARNING    - W&#xD;&#xD;
2023-12-22 09:33:44.506+01:00 [    19] WARNING    - W&#xD;&#xD;
2023-12-22 09:33:44.506+01:00 [    19] WARNING    - W&#xD;&#xD;
2023-12-22 09:33:44.506+01:00 [    19] WARNING    - W&#xD;&#xD;
2023-12-22 09:33:44.506+01:00 [    19] WARNING    - W&#xD;&#xD;
2023-12-22 09:33:44.506+01:00 [    19] WARNING    - W&#xD;&#xD;
2023-12-22 09:33:44.506+01:00 [    19] WARNING    - W&#xD;&#xD;
2023-12-22 09:33:44.506+01:00 [    19] WARNING    - W&#xD;&#xD;
2023-12-22 09:33:44.506+01:00 [    19] WARNING    - W&#xD;&#xD;
2023-12-22 09:33:44.506+01:00 [    19] WARNING    - W&#xD;&#xD;
2023-12-22 09:33:44.506+01:00 [    19] WARNING    - W&#xD;&#xD;
2023-12-22 09:33:44.506+01:00 [    19] WARNING    - W&#xD;&#xD;
2023-12-22 09:33:44.506+01:00 [    19] WARNING    - W&#xD;&#xD;
2023-12-22 09:33:44.506+01:00 [    19] WARNING    - W&#xD;&#xD;
2023-12-22 09:33:44.506+01:00 [    19] WARNING    - W&#xD;&#xD;
2023-12-22 09:33:44.506+01:00 [    19] WARNING    - W&#xD;&#xD;
2023-12-22 09:33:44.506+01:00 [    19] WARNING    - W&#xD;&#xD;
2023-12-22 09:33:44.506+01:00 [    19] WARNING    - W&#xD;&#xD;
2023-12-22 09:33:44.506+01:00 [    19] WARNING    - W&#xD;&#xD;
2023-12-22 09:33:44.506+01:00 [    19] WARNING    - W&#xD;&#xD;
2023-12-22 09:33:44.506+01:00 [    19] WARNING    - W&#xD;&#xD;
2023-12-22 09:33:44.506+01:00 [    19] WARNING    - W&#xD;&#xD;
2023-12-22 09:33:44.506+01:00 [    19] WARNING    - W&#xD;&#xD;
2023-12-22 09:33:44.506+01:00 [    19] WARNING    - W&#xD;&#xD;
2023-12-22 09:33:44.506+01:00 [    19] WARNING    - W&#xD;&#xD;
2023-12-22 09:33:44.506+01:00 [    19] WARNING    - W&#xD;&#xD;
2023-12-22 09:33:44.506+01:00 [    19] WARNING    - W&#xD;&#xD;
2023-12-22 09:33:44.506+01:00 [    19] WARNING    - W&#xD;&#xD;
2023-12-22 09:33:44.506+01:00 [    19] WARNING    - W&#xD;&#xD;
2023-12-22 09:33:44.506+01:00 [    19] WARNING    - W&#xD;&#xD;
2023-12-22 09:33:44.506+01:00 [    19] WARNING    - W&#xD;&#xD;
2023-12-22 09:33:44.506+01:00 [    19] WARNING    - W&#xD;&#xD;
2023-12-22 09:33:44.506+01:00 [    19] WARNING    - W&#xD;&#xD;
2023-12-22 09:33:44.506+01:00 [    19] WARNING    - W&#xD;&#xD;
2023-12-22 09:33:44.506+01:00 [    19] WARNING    - W&#xD;&#xD;
2023-12-22 09:33:44.506+01:00 [    19] WARNING    - W&#xD;&#xD;
2023-12-22 09:33:44.506+01:00 [    19] WARNING    - W&#xD;&#xD;
2023-12-22 09:33:44.506+01:00 [    19] WARNING    - W&#xD;&#xD;
2023-12-22 09:33:44.506+01:00 [    19] WARNING    - W&#xD;&#xD;
2023-12-22 09:33:44.506+01:00 [    19] WARNING    - W&#xD;&#xD;
2023-12-22 09:33:44.506+01:00 [    19] WARNING    - W&#xD;&#xD;
2023-12-22 09:33:44.506+01:00 [    19] WARNING    - W&#xD;&#xD;
2023-12-22 09:33:44.506+01:00 [    19] WARNING    - W&#xD;&#xD;
2023-12-22 09:33:44.506+01:00 [    19] WARNING    - W&#xD;&#xD;
2023-12-22 09:33:44.506+01:00 [    19] WARNING    - W&#xD;&#xD;
2023-12-22 09:33:44.506+01:00 [    19] WARNING    - W&#xD;&#xD;
2023-12-22 09:33:44.506+01:00 [    19] WARNING    - W&#xD;&#xD;
2023-12-22 09:33:44.506+01:00 [    19] WARNING    - W&#xD;&#xD;
2023-12-22 09:33:44.506+01:00 [    19] WARNING    - W&#xD;&#xD;
2023-12-22 09:33:44.506+01:00 [    19] WARNING    - W&#xD;&#xD;
2023-12-22 09:33:44.506+01:00 [    19] WARNING    - W&#xD;&#xD;
2023-12-22 09:33:44.506+01:00 [    19] WARNING    - W&#xD;&#xD;
2023-12-22 09:33:44.506+01:00 [    19] WARNING    - W&#xD;&#xD;
2023-12-22 09:33:44.506+01:00 [    19] WARNING    - W&#xD;&#xD;
2023-12-22 09:33:44.506+01:00 [    19] WARNING    - W&#xD;&#xD;
2023-12-22 09:33:44.506+01:00 [    19] WARNING    - W&#xD;&#xD;
2023-12-22 09:33:44.506+01:00 [    19] WARNING    - W&#xD;&#xD;
2023-12-22 09:33:44.506+01:00 [    19] WARNING    - W&#xD;&#xD;
2023-12-22 09:33:44.506+01:00 [    19] WARNING    - W&#xD;&#xD;
2023-12-22 09:33:44.506+01:00 [    19] WARNING    - W&#xD;&#xD;
2023-12-22 09:33:44.506+01:00 [    19] WARNING    - W&#xD;&#xD;
2023-12-22 09:33:44.506+01:00 [    19] WARNING    - W&#xD;&#xD;
2023-12-22 09:33:44.506+01:00 [    19] WARNING    - W&#xD;&#xD;
2023-12-22 09:33:44.506+01:00 [    19] WARNING    - W&#xD;&#xD;
2023-12-22 09:33:44.506+01:00 [    19] WARNING    - W&#xD;&#xD;
2023-12-22 09:33:44.506+01:00 [    19] WARNING    - W&#xD;&#xD;
2023-12-22 09:33:44.506+01:00 [    19] WARNING    - W&#xD;&#xD;
2023-12-22 09:33:44.506+01:00 [    19] WARNING    - W&#xD;&#xD;
2023-12-22 09:33:44.506+01:00 [    19] WARNING    - W&#xD;&#xD;
2023-12-22 09:33:44.506+01:00 [    19] WARNING    - W&#xD;&#xD;
2023-12-22 09:33:44.506+01:00 [    19] WARNING    - W&#xD;&#xD;
2023-12-22 09:33:44.506+01:00 [    19] WARNING    - W&#xD;&#xD;
2023-12-22 09:33:44.506+01:00 [    19] WARNING    - W&#xD;&#xD;
2023-12-22 09:33:44.506+01:00 [    19] WARNING    - W&#xD;&#xD;
2023-12-22 09:33:44.506+01:00 [    19] WARNING    - W&#xD;&#xD;
2023-12-22 09:33:44.506+01:00 [    19] WARNING    - W&#xD;&#xD;
2023-12-22 09:33:44.506+01:00 [    19] WARNING    - W&#xD;&#xD;
2023-12-22 09:33:44.506+01:00 [    19] WARNING    - W&#xD;&#xD;
2023-12-22 09:33:44.506+01:00 [    19] WARNING    - W&#xD;&#xD;
2023-12-22 09:33:44.506+01:00 [    19] WARNING    - W&#xD;&#xD;
2023-12-22 09:33:44.506+01:00 [    19] WARNING    - W&#xD;&#xD;
2023-12-22 09:33:44.506+01:00 [    19] WARNING    - W&#xD;&#xD;
2023-12-22 09:33:44.506+01:00 [    19] WARNING    - W&#xD;&#xD;
2023-12-22 09:33:44.506+01:00 [    19] WARNING    - W&#xD;&#xD;
2023-12-22 09:33:44.506+01:00 [    19] WARNING    - W&#xD;&#xD;
2023-12-22 09:33:44.506+01:00 [    19] WARNING    - W&#xD;&#xD;
2023-12-22 09:33:44.506+01:00 [    19] WARNING    - W&#xD;&#xD;
2023-12-22 09:33:44.506+01:00 [    19] WARNING    - W&#xD;&#xD;
2023-12-22 09:33:44.506+01:00 [    19] WARNING    - W&#xD;&#xD;
2023-12-22 09:33:44.506+01:00 [    19] WARNING    - W&#xD;&#xD;
2023-12-22 09:33:44.506+01:00 [    19] WARNING    - W&#xD;&#xD;
2023-12-22 09:33:44.506+01:00 [    19] WARNING    - W&#xD;&#xD;
2023-12-22 09:33:44.506+01:00 [    19] WARNING    - W&#xD;&#xD;
2023-12-22 09:33:44.506+01:00 [    19] WARNING    - W&#xD;&#xD;
2023-12-22 09:33:44.506+01:00 [    19] WARNING    - W&#xD;&#xD;
2023-12-22 09:33:44.506+01:00 [    19] WARNING    - W&#xD;&#xD;
2023-12-22 09:33:44.506+01:00 [    19] WARNING    - W&#xD;&#xD;
2023-12-22 09:33:44.506+01:00 [    19] WARNING    - W&#xD;&#xD;
2023-12-22 09:33:44.506+01:00 [    19] WARNING    - W&#xD;&#xD;
2023-12-22 09:33:44.506+01:00 [    19] WARNING    - W&#xD;&#xD;
2023-12-22 09:33:44.506+01:00 [    19] WARNING    - W&#xD;&#xD;
2023-12-22 09:33:44.506+01:00 [    19] WARNING    - W&#xD;&#xD;
2023-12-22 09:33:44.506+01:00 [    19] WARNING    - W&#xD;&#xD;
2023-12-22 09:33:44.506+01:00 [    19] WARNING    - W&#xD;&#xD;
2023-12-22 09:33:44.506+01:00 [    19] WARNING    - W&#xD;&#xD;
2023-12-22 09:33:44.506+01:00 [    19] WARNING    - W&#xD;&#xD;
2023-12-22 09:33:44.506+01:00 [    19] WARNING    - W&#xD;&#xD;
2023-12-22 09:33:44.506+01:00 [    19] WARNING    - W&#xD;&#xD;
2023-12-22 09:33:44.506+01:00 [    19] WARNING    - W&#xD;&#xD;
2023-12-22 09:33:44.506+01:00 [    19] WARNING    - W&#xD;&#xD;
2023-12-22 09:33:44.506+01:00 [    19] WARNING    - W&#xD;&#xD;
2023-12-22 09:33:44.506+01:00 [    19] WARNING    - W&#xD;&#xD;
2023-12-22 09:33:44.506+01:00 [    19] WARNING    - W&#xD;&#xD;
2023-12-22 09:33:44.506+01:00 [    19] WARNING    - W&#xD;&#xD;
2023-12-22 09:33:44.506+01:00 [    19] WARNING    - W&#xD;&#xD;
2023-12-22 09:33:44.506+01:00 [    19] WARNING    - W&#xD;&#xD;
2023-12-22 09:33:44.506+01:00 [    19] WARNING    - W&#xD;&#xD;
2023-12-22 09:33:44.506+01:00 [    19] WARNING    - W&#xD;&#xD;
2023-12-22 09:33:44.506+01:00 [    19] WARNING    - W&#xD;&#xD;
2023-12-22 09:33:44.506+01:00 [    19] WARNING    - W&#xD;&#xD;
2023-12-22 09:33:44.506+01:00 [    19] WARNING    - W&#xD;&#xD;
2023-12-22 09:33:44.506+01:00 [    19] WARNING    - W&#xD;&#xD;
2023-12-22 09:33:44.506+01:00 [    19] WARNING    - W&#xD;&#xD;
2023-12-22 09:33:44.506+01:00 [    19] WARNING    - W&#xD;&#xD;
2023-12-22 09:33:44.506+01:00 [    19] WARNING    - W&#xD;&#xD;
2023-12-22 09:33:44.506+01:00 [    19] WARNING    - W&#xD;&#xD;
2023-12-22 09:33:44.506+01:00 [    19] WARNING    - W&#xD;&#xD;
2023-12-22 09:33:44.506+01:00 [    19] WARNING    - W&#xD;&#xD;
2023-12-22 09:33:44.506+01:00 [    19] WARNING    - W&#xD;&#xD;
2023-12-22 09:33:44.506+01:00 [    19] WARNING    - W&#xD;&#xD;
2023-12-22 09:33:44.506+01:00 [    19] WARNING    - W&#xD;&#xD;
2023-12-22 09:33:44.506+01:00 [    19] WARNING    - W&#xD;&#xD;
2023-12-22 09:33:44.506+01:00 [    19] WARNING    - W&#xD;&#xD;
2023-12-22 09:33:44.506+01:00 [    19] WARNING    - W&#xD;&#xD;
2023-12-22 09:33:44.506+01:00 [    19] WARNING    - W&#xD;&#xD;
2023-12-22 09:33:44.506+01:00 [    19] WARNING    - W&#xD;&#xD;
2023-12-22 09:33:44.506+01:00 [    19] WARNING    - W&#xD;&#xD;
2023-12-22 09:33:44.506+01:00 [    19] WARNING    - W&#xD;&#xD;
2023-12-22 09:33:44.506+01:00 [    19] WARNING    - W&#xD;&#xD;
2023-12-22 09:33:44.506+01:00 [    19] WARNING    - W&#xD;&#xD;
2023-12-22 09:33:44.506+01:00 [    19] WARNING    - W&#xD;&#xD;
2023-12-22 09:33:44.506+01:00 [    19] WARNING    - W&#xD;&#xD;
2023-12-22 09:33:44.506+01:00 [    19] WARNING    - W&#xD;&#xD;
2023-12-22 09:33:44.506+01:00 [    19] WARNING    - W&#xD;&#xD;
2023-12-22 09:33:44.506+01:00 [    19] WARNING    - W&#xD;&#xD;
2023-12-22 09:33:44.506+01:00 [    19] WARNING    - W&#xD;&#xD;
2023-12-22 09:33:44.506+01:00 [    19] WARNING    - W&#xD;&#xD;
2023-12-22 09:33:44.506+01:00 [    19] WARNING    - W&#xD;&#xD;
2023-12-22 09:33:44.506+01:00 [    19] WARNING    - W&#xD;&#xD;
2023-12-22 09:33:44.506+01:00 [    19] WARNING    - W&#xD;&#xD;
2023-12-22 09:33:44.506+01:00 [    19] WARNING    - W&#xD;&#xD;
2023-12-22 09:33:44.506+01:00 [    19] WARNING    - W&#xD;&#xD;
2023-12-22 09:33:44.506+01:00 [    19] WARNING    - W&#xD;&#xD;
2023-12-22 09:33:44.506+01:00 [    19] WARNING    - W&#xD;&#xD;
2023-12-22 09:33:44.506+01:00 [    19] WARNING    - W&#xD;&#xD;
2023-12-22 09:33:44.506+01:00 [    19] WARNING    - W&#xD;&#xD;
2023-12-22 09:33:44.506+01:00 [    19] WARNING    - W&#xD;&#xD;
2023-12-22 09:33:44.506+01:00 [    19] WARNING    - W&#xD;&#xD;
2023-12-22 09:33:44.506+01:00 [    19] WARNING    - W&#xD;&#xD;
2023-12-22 09:33:44.506+01:00 [    19] WARNING    - W&#xD;&#xD;
2023-12-22 09:33:44.506+01:00 [    19] WARNING    - W&#xD;&#xD;
2023-12-22 09:33:44.506+01:00 [    19] WARNING    - W&#xD;&#xD;
2023-12-22 09:33:44.506+01:00 [    19] WARNING    - W&#xD;&#xD;
2023-12-22 09:33:44.506+01:00 [    19] WARNING    - W&#xD;&#xD;
2023-12-22 09:33:44.506+01:00 [    19] WARNING    - W&#xD;&#xD;
2023-12-22 09:33:44.506+01:00 [    19] WARNING    - W&#xD;&#xD;
2023-12-22 09:33:44.506+01:00 [    19] WARNING    - W&#xD;&#xD;
2023-12-22 09:33:44.506+01:00 [    19] WARNING    - W&#xD;&#xD;
2023-12-22 09:33:44.506+01:00 [    19] WARNING    - W&#xD;&#xD;
2023-12-22 09:33:44.506+01:00 [    19] WARNING    - W&#xD;&#xD;
2023-12-22 09:33:44.506+01:00 [    19] WARNING    - W&#xD;&#xD;
2023-12-22 09:33:44.506+01:00 [    19] WARNING    - W&#xD;&#xD;
2023-12-22 09:33:44.506+01:00 [    19] WARNING    - W&#xD;&#xD;
2023-12-22 09:33:44.506+01:00 [    19] WARNING    - W&#xD;&#xD;
2023-12-22 09:33:44.506+01:00 [    19] WARNING    - W&#xD;&#xD;
2023-12-22 09:33:44.506+01:00 [    19] WARNING    - W&#xD;&#xD;
2023-12-22 09:33:44.506+01:00 [    19] WARNING    - W&#xD;&#xD;
2023-12-22 09:33:44.506+01:00 [    19] WARNING    - W&#xD;&#xD;
2023-12-22 09:33:44.506+01:00 [    19] WARNING    - W&#xD;&#xD;
2023-12-22 09:33:44.506+01:00 [    19] WARNING    - W&#xD;&#xD;
2023-12-22 09:33:44.506+01:00 [    19] WARNING    - W&#xD;&#xD;
2023-12-22 09:33:44.506+01:00 [    19] WARNING    - W&#xD;&#xD;
2023-12-22 09:33:44.506+01:00 [    19] WARNING    - W&#xD;&#xD;
2023-12-22 09:33:44.506+01:00 [    19] WARNING    - W&#xD;&#xD;
2023-12-22 09:33:44.506+01:00 [    19] WARNING    - W&#xD;&#xD;
2023-12-22 09:33:44.506+01:00 [    19] WARNING    - W&#xD;&#xD;
2023-12-22 09:33:44.506+01:00 [    19] WARNING    - W&#xD;&#xD;
2023-12-22 09:33:44.506+01:00 [    19] WARNING    - W&#xD;&#xD;
2023-12-22 09:33:44.506+01:00 [    19] WARNING    - W&#xD;&#xD;
2023-12-22 09:33:44.506+01:00 [    19] WARNING    - W&#xD;&#xD;
2023-12-22 09:33:44.506+01:00 [    19] WARNING    - W&#xD;&#xD;
2023-12-22 09:33:44.506+01:00 [    19] WARNING    - W&#xD;&#xD;
2023-12-22 09:33:44.506+01:00 [    19] WARNING    - W&#xD;&#xD;
2023-12-22 09:33:44.506+01:00 [    19] WARNING    - W&#xD;&#xD;
2023-12-22 09:33:44.506+01:00 [    19] WARNING    - W&#xD;&#xD;
2023-12-22 09:33:44.506+01:00 [    19] WARNING    - W&#xD;&#xD;
2023-12-22 09:33:44.506+01:00 [    19] WARNING    - W&#xD;&#xD;
2023-12-22 09:33:44.506+01:00 [    19] WARNING    - W&#xD;&#xD;
2023-12-22 09:33:44.506+01:00 [    19] WARNING    - W&#xD;&#xD;
2023-12-22 09:33:44.506+01:00 [    19] WARNING    - W&#xD;&#xD;
2023-12-22 09:33:44.506+01:00 [    19] WARNING    - W&#xD;&#xD;
2023-12-22 09:33:44.506+01:00 [    19] WARNING    - W&#xD;&#xD;
2023-12-22 09:33:44.506+01:00 [    19] WARNING    - W&#xD;&#xD;
2023-12-22 09:33:44.506+01:00 [    19] WARNING    - W&#xD;&#xD;
2023-12-22 09:33:44.506+01:00 [    19] WARNING    - W&#xD;&#xD;
2023-12-22 09:33:44.506+01:00 [    19] WARNING    - W&#xD;&#xD;
2023-12-22 09:33:44.506+01:00 [    19] WARNING    - W&#xD;&#xD;
2023-12-22 09:33:44.506+01:00 [    19] WARNING    - W&#xD;&#xD;
2023-12-22 09:33:44.506+01:00 [    19] WARNING    - W&#xD;&#xD;
2023-12-22 09:33:44.506+01:00 [    19] WARNING    - W&#xD;&#xD;
2023-12-22 09:33:44.506+01:00 [    19] WARNING    - W&#xD;&#xD;
2023-12-22 09:33:44.506+01:00 [    19] WARNING    - W&#xD;&#xD;
2023-12-22 09:33:44.506+01:00 [    19] WARNING    - W&#xD;&#xD;
2023-12-22 09:33:44.506+01:00 [    19] WARNING    - W&#xD;&#xD;
2023-12-22 09:33:44.506+01:00 [    19] WARNING    - W&#xD;&#xD;
2023-12-22 09:33:44.506+01:00 [    19] WARNING    - W&#xD;&#xD;
2023-12-22 09:33:44.506+01:00 [    19] WARNING    - W&#xD;&#xD;
2023-12-22 09:33:44.506+01:00 [    19] WARNING    - W&#xD;&#xD;
2023-12-22 09:33:44.506+01:00 [    19] WARNING    - W&#xD;&#xD;
2023-12-22 09:33:44.506+01:00 [    19] WARNING    - W&#xD;&#xD;
2023-12-22 09:33:44.506+01:00 [    19] WARNING    - W&#xD;&#xD;
2023-12-22 09:33:44.506+01:00 [    19] WARNING    - W&#xD;&#xD;
2023-12-22 09:33:44.506+01:00 [    19] WARNING    - W&#xD;&#xD;
2023-12-22 09:33:44.506+01:00 [    19] WARNING    - W&#xD;&#xD;
2023-12-22 09:33:44.506+01:00 [    19] WARNING    - W&#xD;&#xD;
2023-12-22 09:33:44.506+01:00 [    19] WARNING    - W&#xD;&#xD;
2023-12-22 09:33:44.506+01:00 [    19] WARNING    - W&#xD;&#xD;
2023-12-22 09:33:44.506+01:00 [    19] WARNING    - W&#xD;&#xD;
2023-12-22 09:33:44.506+01:00 [    19] WARNING    - W&#xD;&#xD;
2023-12-22 09:33:44.506+01:00 [    19] WARNING    - W&#xD;&#xD;
2023-12-22 09:33:44.506+01:00 [    19] WARNING    - W&#xD;&#xD;
2023-12-22 09:33:44.506+01:00 [    19] WARNING    - W&#xD;&#xD;
2023-12-22 09:33:44.506+01:00 [    19] WARNING    - W&#xD;&#xD;
2023-12-22 09:33:44.506+01:00 [    19] WARNING    - W&#xD;&#xD;
2023-12-22 09:33:44.506+01:00 [    19] WARNING    - W&#xD;&#xD;
2023-12-22 09:33:44.506+01:00 [    19] WARNING    - W&#xD;&#xD;
2023-12-22 09:33:44.506+01:00 [    19] WARNING    - W&#xD;&#xD;
2023-12-22 09:33:44.506+01:00 [    19] WARNING    - W&#xD;&#xD;
2023-12-22 09:33:44.506+01:00 [    19] WARNING    - W&#xD;&#xD;
2023-12-22 09:33:44.506+01:00 [    19] WARNING    - W&#xD;&#xD;
2023-12-22 09:33:44.506+01:00 [    19] WARNING    - W&#xD;&#xD;
2023-12-22 09:33:44.506+01:00 [    19] WARNING    - W&#xD;&#xD;
2023-12-22 09:33:44.506+01:00 [    19] WARNING    - W&#xD;&#xD;
2023-12-22 09:33:44.506+01:00 [    19] WARNING    - W&#xD;&#xD;
2023-12-22 09:33:44.506+01:00 [    19] WARNING    - W&#xD;&#xD;
2023-12-22 09:33:44.506+01:00 [    19] WARNING    - W&#xD;&#xD;
2023-12-22 09:33:44.506+01:00 [    19] WARNING    - W&#xD;&#xD;
2023-12-22 09:33:44.506+01:00 [    19] WARNING    - W&#xD;&#xD;
2023-12-22 09:33:44.506+01:00 [    19] WARNING    - W&#xD;&#xD;
2023-12-22 09:33:44.506+01:00 [    19] WARNING    - W&#xD;&#xD;
2023-12-22 09:33:44.506+01:00 [    19] WARNING    - W&#xD;&#xD;
2023-12-22 09:33:44.506+01:00 [    19] WARNING    - W&#xD;&#xD;
2023-12-22 09:33:44.506+01:00 [    19] WARNING    - W&#xD;&#xD;
2023-12-22 09:33:44.506+01:00 [    19] WARNING    - W&#xD;&#xD;
2023-12-22 09:33:44.506+01:00 [    19] WARNING    - W&#xD;&#xD;
2023-12-22 09:33:44.506+01:00 [    19] WARNING    - W&#xD;&#xD;
2023-12-22 09:33:44.506+01:00 [    19] WARNING    - W&#xD;&#xD;
2023-12-22 09:33:44.506+01:00 [    19] WARNING    - W&#xD;&#xD;
2023-12-22 09:33:44.506+01:00 [    19] WARNING    - W&#xD;&#xD;
2023-12-22 09:33:44.506+01:00 [    19] WARNING    - W&#xD;&#xD;
2023-12-22 09:33:44.506+01:00 [    19] WARNING    - W&#xD;&#xD;
2023-12-22 09:33:44.506+01:00 [    19] WARNING    - W&#xD;&#xD;
2023-12-22 09:33:44.506+01:00 [    19] WARNING    - W&#xD;&#xD;
2023-12-22 09:33:44.506+01:00 [    19] WARNING    - W&#xD;&#xD;
2023-12-22 09:33:44.506+01:00 [    19] WARNING    - W&#xD;&#xD;
2023-12-22 09:33:44.506+01:00 [    19] WARNING    - W&#xD;&#xD;
2023-12-22 09:33:44.506+01:00 [    19] WARNING    - W&#xD;&#xD;
2023-12-22 09:33:44.506+01:00 [    19] WARNING    - W&#xD;&#xD;
2023-12-22 09:33:44.506+01:00 [    19] WARNING    - W&#xD;&#xD;
2023-12-22 09:33:44.506+01:00 [    19] WARNING    - W&#xD;&#xD;
2023-12-22 09:33:44.506+01:00 [    19] WARNING    - W&#xD;&#xD;
2023-12-22 09:33:44.506+01:00 [    19] WARNING    - W&#xD;&#xD;
2023-12-22 09:33:44.506+01:00 [    19] WARNING    - W&#xD;&#xD;
2023-12-22 09:33:44.506+01:00 [    19] WARNING    - W&#xD;&#xD;
2023-12-22 09:33:44.506+01:00 [    19] WARNING    - W&#xD;&#xD;
2023-12-22 09:33:44.506+01:00 [    19] WARNING    - W&#xD;&#xD;
2023-12-22 09:33:44.506+01:00 [    19] WARNING    - W&#xD;&#xD;
2023-12-22 09:33:44.506+01:00 [    19] WARNING    - W&#xD;&#xD;
2023-12-22 09:33:44.506+01:00 [    19] WARNING    - W&#xD;&#xD;
2023-12-22 09:33:44.506+01:00 [    19] WARNING    - W&#xD;&#xD;
2023-12-22 09:33:44.506+01:00 [    19] WARNING    - W&#xD;&#xD;
2023-12-22 09:33:44.506+01:00 [    19] WARNING    - W&#xD;&#xD;
2023-12-22 09:33:44.506+01:00 [    19] WARNING    - W&#xD;&#xD;
2023-12-22 09:33:44.506+01:00 [    19] WARNING    - W&#xD;&#xD;
2023-12-22 09:33:44.506+01:00 [    19] WARNING    - W&#xD;&#xD;
2023-12-22 09:33:44.506+01:00 [    19] WARNING    - W&#xD;&#xD;
2023-12-22 09:33:44.506+01:00 [    19] WARNING    - W&#xD;&#xD;
2023-12-22 09:33:44.506+01:00 [    19] WARNING    - W&#xD;&#xD;
2023-12-22 09:33:44.506+01:00 [    19] WARNING    - W&#xD;&#xD;
2023-12-22 09:33:44.506+01:00 [    19] WARNING    - W&#xD;&#xD;
2023-12-22 09:33:44.506+01:00 [    19] WARNING    - W&#xD;&#xD;
2023-12-22 09:33:44.506+01:00 [    19] WARNING    - W&#xD;&#xD;
2023-12-22 09:33:44.506+01:00 [    19] WARNING    - W&#xD;&#xD;
2023-12-22 09:33:44.506+01:00 [    19] WARNING    - W&#xD;&#xD;
2023-12-22 09:33:44.506+01:00 [    19] WARNING    - W&#xD;&#xD;
2023-12-22 09:33:44.506+01:00 [    19] WARNING    - W&#xD;&#xD;
2023-12-22 09:33:44.506+01:00 [    19] WARNING    - W&#xD;&#xD;
2023-12-22 09:33:44.506+01:00 [    19] WARNING    - W&#xD;&#xD;
2023-12-22 09:33:44.506+01:00 [    19] WARNING    - W&#xD;&#xD;
2023-12-22 09:33:44.506+01:00 [    19] WARNING    - W&#xD;&#xD;
2023-12-22 09:33:44.506+01:00 [    19] WARNING    - W&#xD;&#xD;
2023-12-22 09:33:44.506+01:00 [    19] WARNING    - W&#xD;&#xD;
2023-12-22 09:33:44.506+01:00 [    19] WARNING    - W&#xD;&#xD;
2023-12-22 09:33:44.506+01:00 [    19] WARNING    - W&#xD;&#xD;
2023-12-22 09:33:44.506+01:00 [    19] WARNING    - W&#xD;&#xD;
2023-12-22 09:33:44.506+01:00 [    19] WARNING    - W&#xD;&#xD;
2023-12-22 09:33:44.506+01:00 [    19] WARNING    - W&#xD;&#xD;
2023-12-22 09:33:44.506+01:00 [    19] WARNING    - W&#xD;&#xD;
2023-12-22 09:33:44.506+01:00 [    19] WARNING    - W&#xD;&#xD;
2023-12-22 09:33:44.506+01:00 [    19] WARNING    - W&#xD;&#xD;
2023-12-22 09:33:44.506+01:00 [    19] WARNING    - W&#xD;&#xD;
2023-12-22 09:33:44.506+01:00 [    19] WARNING    - W&#xD;&#xD;
2023-12-22 09:33:44.506+01:00 [    19] WARNING    - W&#xD;&#xD;
2023-12-22 09:33:44.506+01:00 [    19] WARNING    - W&#xD;&#xD;
2023-12-22 09:33:44.506+01:00 [    19] WARNING    - W&#xD;&#xD;
2023-12-22 09:33:44.506+01:00 [    19] WARNING    - W&#xD;&#xD;
2023-12-22 09:33:44.506+01:00 [    19] WARNING    - W&#xD;&#xD;
2023-12-22 09:33:44.506+01:00 [    19] WARNING    - W&#xD;&#xD;
2023-12-22 09:33:44.506+01:00 [    19] WARNING    - W&#xD;&#xD;
2023-12-22 09:33:44.506+01:00 [    19] WARNING    - W&#xD;&#xD;
2023-12-22 09:33:44.506+01:00 [    19] WARNING    - W&#xD;&#xD;
2023-12-22 09:33:44.506+01:00 [    19] WARNING    - W&#xD;&#xD;
2023-12-22 09:33:44.506+01:00 [    19] WARNING    - W&#xD;&#xD;
2023-12-22 09:33:44.506+01:00 [    19] WARNING    - W&#xD;&#xD;
2023-12-22 09:33:44.506+01:00 [    19] WARNING    - W&#xD;&#xD;
2023-12-22 09:33:44.506+01:00 [    19] WARNING    - W&#xD;&#xD;
2023-12-22 09:33:44.506+01:00 [    19] WARNING    - W&#xD;&#xD;
2023-12-22 09:33:44.506+01:00 [    19] WARNING    - W&#xD;&#xD;
2023-12-22 09:33:44.506+01:00 [    19] WARNING    - W&#xD;&#xD;
2023-12-22 09:33:44.506+01:00 [    19] WARNING    - W&#xD;&#xD;
2023-12-22 09:33:44.506+01:00 [    19] WARNING    - W&#xD;&#xD;
2023-12-22 09:33:44.506+01:00 [    19] WARNING    - W&#xD;&#xD;
2023-12-22 09:33:44.506+01:00 [    19] WARNING    - W&#xD;&#xD;
2023-12-22 09:33:44.506+01:00 [    19] WARNING    - W&#xD;&#xD;
2023-12-22 09:33:44.506+01:00 [    19] WARNING    - W&#xD;&#xD;
2023-12-22 09:33:44.506+01:00 [    19] WARNING    - W&#xD;&#xD;
2023-12-22 09:33:44.506+01:00 [    19] WARNING    - W&#xD;&#xD;
2023-12-22 09:33:44.506+01:00 [    19] WARNING    - W&#xD;&#xD;
2023-12-22 09:33:44.506+01:00 [    19] WARNING    - W&#xD;&#xD;
2023-12-22 09:33:44.506+01:00 [    19] WARNING    - W&#xD;&#xD;
2023-12-22 09:33:44.506+01:00 [    19] WARNING    - W&#xD;&#xD;
2023-12-22 09:33:44.506+01:00 [    19] WARNING    - W&#xD;&#xD;
2023-12-22 09:33:44.506+01:00 [    19] WARNING    - W&#xD;&#xD;
2023-12-22 09:33:44.506+01:00 [    19] WARNING    - W&#xD;&#xD;
2023-12-22 09:33:44.506+01:00 [    19] WARNING    - W&#xD;&#xD;
2023-12-22 09:33:44.506+01:00 [    19] WARNING    - W&#xD;&#xD;
2023-12-22 09:33:44.506+01:00 [    19] WARNING    - W&#xD;&#xD;
2023-12-22 09:33:44.506+01:00 [    19] WARNING    - W&#xD;&#xD;
2023-12-22 09:33:44.506+01:00 [    19] WARNING    - W&#xD;&#xD;
2023-12-22 09:33:44.506+01:00 [    19] WARNING    - W&#xD;&#xD;
2023-12-22 09:33:44.506+01:00 [    19] WARNING    - W&#xD;&#xD;
2023-12-22 09:33:44.506+01:00 [    19] WARNING    - W&#xD;&#xD;
2023-12-22 09:33:44.506+01:00 [    19] WARNING    - W&#xD;&#xD;
2023-12-22 09:33:44.506+01:00 [    19] WARNING    - W&#xD;&#xD;
2023-12-22 09:33:44.506+01:00 [    19] WARNING    - W&#xD;&#xD;
2023-12-22 09:33:44.506+01:00 [    19] WARNING    - W&#xD;&#xD;
2023-12-22 09:33:44.506+01:00 [    19] WARNING    - W&#xD;&#xD;
2023-12-22 09:33:44.506+01:00 [    19] WARNING    - W&#xD;&#xD;
2023-12-22 09:33:44.506+01:00 [    19] WARNING    - W&#xD;&#xD;
2023-12-22 09:33:44.506+01:00 [    19] WARNING    - W&#xD;&#xD;
2023-12-22 09:33:44.506+01:00 [    19] WARNING    - W&#xD;&#xD;
2023-12-22 09:33:44.506+01:00 [    19] WARNING    - W&#xD;&#xD;
2023-12-22 09:33:44.506+01:00 [    19] WARNING    - W&#xD;&#xD;
2023-12-22 09:33:44.506+01:00 [    19] WARNING    - W&#xD;&#xD;
2023-12-22 09:33:44.506+01:00 [    19] WARNING    - W&#xD;&#xD;
2023-12-22 09:33:44.506+01:00 [    19] WARNING    - W&#xD;&#xD;
2023-12-22 09:33:44.506+01:00 [    19] WARNING    - W&#xD;&#xD;
2023-12-22 09:33:44.506+01:00 [    19] WARNING    - W&#xD;&#xD;
2023-12-22 09:33:44.506+01:00 [    19] WARNING    - W&#xD;&#xD;
2023-12-22 09:33:44.506+01:00 [    19] WARNING    - W&#xD;&#xD;
2023-12-22 09:33:44.506+01:00 [    19] WARNING    - W&#xD;&#xD;
2023-12-22 09:33:44.506+01:00 [    19] WARNING    - W&#xD;&#xD;
2023-12-22 09:33:44.506+01:00 [    19] WARNING    - W&#xD;&#xD;
2023-12-22 09:33:44.506+01:00 [    19] WARNING    - W&#xD;&#xD;
2023-12-22 09:33:44.506+01:00 [    19] WARNING    - W&#xD;&#xD;
2023-12-22 09:33:44.506+01:00 [    19] WARNING    - W&#xD;&#xD;
2023-12-22 09:33:44.506+01:00 [    19] WARNING    - W&#xD;&#xD;
2023-12-22 09:33:44.506+01:00 [    19] WARNING    - W&#xD;&#xD;
2023-12-22 09:33:44.506+01:00 [    19] WARNING    - W&#xD;&#xD;
2023-12-22 09:33:44.506+01:00 [    19] WARNING    - W&#xD;&#xD;
2023-12-22 09:33:44.506+01:00 [    19] WARNING    - W&#xD;&#xD;
2023-12-22 09:33:44.506+01:00 [    19] WARNING    - W&#xD;&#xD;
2023-12-22 09:33:44.506+01:00 [    19] WARNING    - W&#xD;&#xD;
2023-12-22 09:33:44.506+01:00 [    19] WARNING    - W&#xD;&#xD;
2023-12-22 09:33:44.506+01:00 [    19] WARNING    - W&#xD;&#xD;
2023-12-22 09:33:44.506+01:00 [    19] WARNING    - W&#xD;&#xD;
2023-12-22 09:33:44.506+01:00 [    19] WARNING    - W&#xD;&#xD;
2023-12-22 09:33:44.506+01:00 [    19] WARNING    - W&#xD;&#xD;
2023-12-22 09:33:44.506+01:00 [    19] WARNING    - W&#xD;&#xD;
2023-12-22 09:33:44.506+01:00 [    19] WARNING    - W&#xD;&#xD;
2023-12-22 09:33:44.506+01:00 [    19] WARNING    - W&#xD;&#xD;
2023-12-22 09:33:44.506+01:00 [    19] WARNING    - W&#xD;&#xD;
2023-12-22 09:33:44.506+01:00 [    19] WARNING    - W&#xD;&#xD;
2023-12-22 09:33:44.506+01:00 [    19] WARNING    - W&#xD;&#xD;
2023-12-22 09:33:44.506+01:00 [    19] WARNING    - W&#xD;&#xD;
2023-12-22 09:33:44.506+01:00 [    19] WARNING    - W&#xD;&#xD;
2023-12-22 09:33:44.506+01:00 [    19] WARNING    - W&#xD;&#xD;
2023-12-22 09:33:44.506+01:00 [    19] WARNING    - W&#xD;&#xD;
2023-12-22 09:33:44.506+01:00 [    19] WARNING    - W&#xD;&#xD;
2023-12-22 09:33:44.506+01:00 [    19] WARNING    - W&#xD;&#xD;
2023-12-22 09:33:44.506+01:00 [    19] WARNING    - W&#xD;&#xD;
2023-12-22 09:33:44.506+01:00 [    19] WARNING    - W&#xD;&#xD;
2023-12-22 09:33:44.506+01:00 [    19] WARNING    - W&#xD;&#xD;
2023-12-22 09:33:44.506+01:00 [    19] WARNING    - W&#xD;&#xD;
2023-12-22 09:33:44.506+01:00 [    19] WARNING    - W&#xD;&#xD;
2023-12-22 09:33:44.506+01:00 [    19] WARNING    - W&#xD;&#xD;
2023-12-22 09:33:44.506+01:00 [    19] WARNING    - W&#xD;&#xD;
2023-12-22 09:33:44.506+01:00 [    19] WARNING    - W&#xD;&#xD;
2023-12-22 09:33:44.506+01:00 [    19] WARNING    - W&#xD;&#xD;
2023-12-22 09:33:44.506+01:00 [    19] WARNING    - W&#xD;&#xD;
2023-12-22 09:33:44.506+01:00 [    19] WARNING    - W&#xD;&#xD;
2023-12-22 09:33:44.506+01:00 [    19] WARNING    - W&#xD;&#xD;
2023-12-22 09:33:44.506+01:00 [    19] WARNING    - W&#xD;&#xD;
2023-12-22 09:33:44.506+01:00 [    19] WARNING    - W&#xD;&#xD;
2023-12-22 09:33:44.506+01:00 [    19] WARNING    - W&#xD;&#xD;
2023-12-22 09:33:44.506+01:00 [    19] WARNING    - W&#xD;&#xD;
2023-12-22 09:33:44.506+01:00 [    19] WARNING    - W&#xD;&#xD;
2023-12-22 09:33:44.506+01:00 [    19] WARNING    - W&#xD;&#xD;
2023-12-22 09:33:44.506+01:00 [    19] WARNING    - W&#xD;&#xD;
2023-12-22 09:33:44.506+01:00 [    19] WARNING    - W&#xD;&#xD;
2023-12-22 09:33:44.506+01:00 [    19] WARNING    - W&#xD;&#xD;
2023-12-22 09:33:44.506+01:00 [    19] WARNING    - W&#xD;&#xD;
2023-12-22 09:33:44.506+01:00 [    19] WARNING    - W&#xD;&#xD;
2023-12-22 09:33:44.506+01:00 [    19] WARNING    - W&#xD;&#xD;
2023-12-22 09:33:44.506+01:00 [    19] WARNING    - W&#xD;&#xD;
2023-12-22 09:33:44.506+01:00 [    19] WARNING    - W&#xD;&#xD;
2023-12-22 09:33:44.506+01:00 [    19] WARNING    - W&#xD;&#xD;
2023-12-22 09:33:44.506+01:00 [    19] WARNING    - W&#xD;&#xD;
2023-12-22 09:33:44.506+01:00 [    19] WARNING    - W&#xD;&#xD;
2023-12-22 09:33:44.506+01:00 [    19] WARNING    - W&#xD;&#xD;
2023-12-22 09:33:44.506+01:00 [    19] WARNING    - W&#xD;&#xD;
2023-12-22 09:33:44.506+01:00 [    19] WARNING    - W&#xD;&#xD;
2023-12-22 09:33:44.506+01:00 [    19] WARNING    - W&#xD;&#xD;
2023-12-22 09:33:44.506+01:00 [    19] WARNING    - W&#xD;&#xD;
2023-12-22 09:33:44.506+01:00 [    19] WARNING    - W&#xD;&#xD;
2023-12-22 09:33:44.506+01:00 [    19] WARNING    - W&#xD;&#xD;
2023-12-22 09:33:44.506+01:00 [    19] WARNING    - W&#xD;&#xD;
2023-12-22 09:33:44.506+01:00 [    19] WARNING    - W&#xD;&#xD;
2023-12-22 09:33:44.506+01:00 [    19] WARNING    - W&#xD;&#xD;
2023-12-22 09:33:44.506+01:00 [    19] WARNING    - W&#xD;&#xD;
2023-12-22 09:33:44.506+01:00 [    19] WARNING    - W&#xD;&#xD;
2023-12-22 09:33:44.506+01:00 [    19] WARNING    - W&#xD;&#xD;
2023-12-22 09:33:44.506+01:00 [    19] WARNING    - W&#xD;&#xD;
2023-12-22 09:33:44.506+01:00 [    19] WARNING    - W&#xD;&#xD;
2023-12-22 09:33:44.506+01:00 [    19] WARNING    - W&#xD;&#xD;
2023-12-22 09:33:44.506+01:00 [    19] WARNING    - W&#xD;&#xD;
2023-12-22 09:33:44.506+01:00 [    19] WARNING    - W&#xD;&#xD;
2023-12-22 09:33:44.506+01:00 [    19] WARNING    - W&#xD;&#xD;
2023-12-22 09:33:44.506+01:00 [    19] WARNING    - W&#xD;&#xD;
2023-12-22 09:33:44.506+01:00 [    19] WARNING    - W&#xD;&#xD;
2023-12-22 09:33:44.506+01:00 [    19] WARNING    - W&#xD;&#xD;
2023-12-22 09:33:44.506+01:00 [    19] WARNING    - W&#xD;&#xD;
2023-12-22 09:33:44.506+01:00 [    19] WARNING    - W&#xD;&#xD;
2023-12-22 09:33:44.506+01:00 [    19] WARNING    - W&#xD;&#xD;
2023-12-22 09:33:44.506+01:00 [    19] WARNING    - W&#xD;&#xD;
2023-12-22 09:33:44.506+01:00 [    19] WARNING    - W&#xD;&#xD;
2023-12-22 09:33:44.506+01:00 [    19] WARNING    - W&#xD;&#xD;
2023-12-22 09:33:44.506+01:00 [    19] WARNING    - W&#xD;&#xD;
2023-12-22 09:33:44.506+01:00 [    19] WARNING    - W&#xD;&#xD;
2023-12-22 09:33:44.506+01:00 [    19] WARNING    - W&#xD;&#xD;
2023-12-22 09:33:44.506+01:00 [    19] WARNING    - W&#xD;&#xD;
2023-12-22 09:33:44.506+01:00 [    19] WARNING    - W&#xD;&#xD;
2023-12-22 09:33:44.506+01:00 [    19] WARNING    - W&#xD;&#xD;
2023-12-22 09:33:44.506+01:00 [    19] WARNING    - W&#xD;&#xD;
2023-12-22 09:33:44.506+01:00 [    19] WARNING    - W&#xD;&#xD;
2023-12-22 09:33:44.506+01:00 [    19] WARNING    - W&#xD;&#xD;
2023-12-22 09:33:44.506+01:00 [    19] WARNING    - W&#xD;&#xD;
2023-12-22 09:33:44.506+01:00 [    19] WARNING    - W&#xD;&#xD;
2023-12-22 09:33:44.506+01:00 [    19] WARNING    - W&#xD;&#xD;
2023-12-22 09:33:44.506+01:00 [    19] WARNING    - W&#xD;&#xD;
2023-12-22 09:33:44.506+01:00 [    19] WARNING    - W&#xD;&#xD;
2023-12-22 09:33:44.506+01:00 [    19] WARNING    - W&#xD;&#xD;
2023-12-22 09:33:44.506+01:00 [    19] WARNING    - W&#xD;&#xD;
2023-12-22 09:33:44.506+01:00 [    19] WARNING    - W&#xD;&#xD;
2023-12-22 09:33:44.506+01:00 [    19] WARNING    - W&#xD;&#xD;
2023-12-22 09:33:44.506+01:00 [    19] WARNING    - W&#xD;&#xD;
2023-12-22 09:33:44.506+01:00 [    19] WARNING    - W&#xD;&#xD;
2023-12-22 09:33:44.506+01:00 [    19] WARNING    - W&#xD;&#xD;
2023-12-22 09:33:44.506+01:00 [    19] WARNING    - W&#xD;&#xD;
2023-12-22 09:33:44.506+01:00 [    19] WARNING    - W&#xD;&#xD;
2023-12-22 09:33:44.506+01:00 [    19] WARNING    - W&#xD;&#xD;
2023-12-22 09:33:44.506+01:00 [    19] WARNING    - W&#xD;&#xD;
2023-12-22 09:33:44.506+01:00 [    19] WARNING    - W&#xD;&#xD;
2023-12-22 09:33:44.506+01:00 [    19] WARNING    - W&#xD;&#xD;
2023-12-22 09:33:44.506+01:00 [    19] WARNING    - W&#xD;&#xD;
2023-12-22 09:33:44.506+01:00 [    19] WARNING    - W&#xD;&#xD;
2023-12-22 09:33:44.506+01:00 [    19] WARNING    - W&#xD;&#xD;
2023-12-22 09:33:44.506+01:00 [    19] WARNING    - W&#xD;&#xD;
2023-12-22 09:33:44.506+01:00 [    19] WARNING    - W&#xD;&#xD;
2023-12-22 09:33:44.506+01:00 [    19] WARNING    - W&#xD;&#xD;
2023-12-22 09:33:44.506+01:00 [    19] WARNING    - W&#xD;&#xD;
2023-12-22 09:33:44.506+01:00 [    19] WARNING    - W&#xD;&#xD;
2023-12-22 09:33:44.506+01:00 [    19] WARNING    - W&#xD;&#xD;
2023-12-22 09:33:44.506+01:00 [    19] WARNING    - W&#xD;&#xD;
2023-12-22 09:33:44.506+01:00 [    19] WARNING    - W&#xD;&#xD;
2023-12-22 09:33:44.506+01:00 [    19] WARNING    - W&#xD;&#xD;
2023-12-22 09:33:44.506+01:00 [    19] WARNING    - W&#xD;&#xD;
2023-12-22 09:33:44.506+01:00 [    19] WARNING    - W&#xD;&#xD;
2023-12-22 09:33:44.506+01:00 [    19] WARNING    - W&#xD;&#xD;
2023-12-22 09:33:44.506+01:00 [    19] WARNING    - W&#xD;&#xD;
2023-12-22 09:33:44.506+01:00 [    19] WARNING    - W&#xD;&#xD;
2023-12-22 09:33:44.506+01:00 [    19] WARNING    - W&#xD;&#xD;
2023-12-22 09:33:44.506+01:00 [    19] WARNING    - W&#xD;&#xD;
2023-12-22 09:33:44.506+01:00 [    19] WARNING    - W&#xD;&#xD;
2023-12-22 09:33:44.506+01:00 [    19] WARNING    - W&#xD;&#xD;
2023-12-22 09:33:44.506+01:00 [    19] WARNING    - W&#xD;&#xD;
2023-12-22 09:33:44.506+01:00 [    19] WARNING    - W&#xD;&#xD;
2023-12-22 09:33:44.506+01:00 [    19] WARNING    - W&#xD;&#xD;
2023-12-22 09:33:44.506+01:00 [    19] WARNING    - W&#xD;&#xD;
2023-12-22 09:33:44.506+01:00 [    19] WARNING    - W&#xD;&#xD;
2023-12-22 09:33:44.506+01:00 [    19] WARNING    - W&#xD;&#xD;
2023-12-22 09:33:44.506+01:00 [    19] WARNING    - W&#xD;&#xD;
2023-12-22 09:33:44.506+01:00 [    19] WARNING    - W&#xD;&#xD;
2023-12-22 09:33:44.506+01:00 [    19] WARNING    - W&#xD;&#xD;
2023-12-22 09:33:44.506+01:00 [    19] WARNING    - W&#xD;&#xD;
2023-12-22 09:33:44.506+01:00 [    19] WARNING    - W&#xD;&#xD;
2023-12-22 09:33:44.506+01:00 [    19] WARNING    - W&#xD;&#xD;
2023-12-22 09:33:44.506+01:00 [    19] WARNING    - W&#xD;&#xD;
2023-12-22 09:33:44.506+01:00 [    19] WARNING    - W&#xD;&#xD;
2023-12-22 09:33:44.506+01:00 [    19] WARNING    - W&#xD;&#xD;
2023-12-22 09:33:44.506+01:00 [    19] WARNING    - W&#xD;&#xD;
2023-12-22 09:33:44.506+01:00 [    19] WARNING    - W&#xD;&#xD;
2023-12-22 09:33:44.506+01:00 [    19] WARNING    - W&#xD;&#xD;
2023-12-22 09:33:44.506+01:00 [    19] WARNING    - W&#xD;&#xD;
2023-12-22 09:33:44.506+01:00 [    19] WARNING    - W&#xD;&#xD;
2023-12-22 09:33:44.506+01:00 [    19] WARNING    - W&#xD;&#xD;
2023-12-22 09:33:44.506+01:00 [    19] WARNING    - W&#xD;&#xD;
2023-12-22 09:33:44.506+01:00 [    19] WARNING    - W&#xD;&#xD;
2023-12-22 09:33:44.506+01:00 [    19] WARNING    - W&#xD;&#xD;
2023-12-22 09:33:44.506+01:00 [    19] WARNING    - W&#xD;&#xD;
2023-12-22 09:33:44.506+01:00 [    19] WARNING    - W&#xD;&#xD;
2023-12-22 09:33:44.506+01:00 [    19] WARNING    - W&#xD;&#xD;
2023-12-22 09:33:44.506+01:00 [    19] WARNING    - W&#xD;&#xD;
2023-12-22 09:33:44.506+01:00 [    19] WARNING    - W&#xD;&#xD;
2023-12-22 09:33:44.506+01:00 [    19] WARNING    - W&#xD;&#xD;
2023-12-22 09:33:44.506+01:00 [    19] WARNING    - W&#xD;&#xD;
2023-12-22 09:33:44.506+01:00 [    19] WARNING    - W&#xD;&#xD;
2023-12-22 09:33:44.506+01:00 [    19] WARNING    - W&#xD;&#xD;
2023-12-22 09:33:44.506+01:00 [    19] WARNING    - W&#xD;&#xD;
2023-12-22 09:33:44.506+01:00 [    19] WARNING    - W&#xD;&#xD;
2023-12-22 09:33:44.506+01:00 [    19] WARNING    - W&#xD;&#xD;
2023-12-22 09:33:44.506+01:00 [    19] WARNING    - W&#xD;&#xD;
2023-12-22 09:33:44.506+01:00 [    19] WARNING    - W&#xD;&#xD;
2023-12-22 09:33:44.506+01:00 [    19] WARNING    - W&#xD;&#xD;
2023-12-22 09:33:44.506+01:00 [    19] WARNING    - W&#xD;&#xD;
2023-12-22 09:33:44.506+01:00 [    19] WARNING    - W&#xD;&#xD;
2023-12-22 09:33:44.506+01:00 [    19] WARNING    - W&#xD;&#xD;
2023-12-22 09:33:44.506+01:00 [    19] WARNING    - W&#xD;&#xD;
2023-12-22 09:33:44.506+01:00 [    19] WARNING    - W&#xD;&#xD;
2023-12-22 09:33:44.506+01:00 [    19] WARNING    - W&#xD;&#xD;
2023-12-22 09:33:44.506+01:00 [    19] WARNING    - W&#xD;&#xD;
2023-12-22 09:33:44.506+01:00 [    19] WARNING    - W&#xD;&#xD;
2023-12-22 09:33:44.506+01:00 [    19] WARNING    - W&#xD;&#xD;
2023-12-22 09:33:44.506+01:00 [    19] WARNING    - W&#xD;&#xD;
2023-12-22 09:33:44.506+01:00 [    19] WARNING    - W&#xD;&#xD;
2023-12-22 09:33:44.506+01:00 [    19] WARNING    - W&#xD;&#xD;
2023-12-22 09:33:44.506+01:00 [    19] WARNING    - W&#xD;&#xD;
2023-12-22 09:33:44.506+01:00 [    19] WARNING    - W&#xD;&#xD;
2023-12-22 09:33:44.506+01:00 [    19] WARNING    - W&#xD;&#xD;
2023-12-22 09:33:44.506+01:00 [    19] WARNING    - W&#xD;&#xD;
2023-12-22 09:33:44.506+01:00 [    19] WARNING    - W&#xD;&#xD;
2023-12-22 09:33:44.506+01:00 [    19] WARNING    - W&#xD;&#xD;
2023-12-22 09:33:44.506+01:00 [    19] WARNING    - W&#xD;&#xD;
2023-12-22 09:33:44.506+01:00 [    19] WARNING    - W&#xD;&#xD;
2023-12-22 09:33:44.506+01:00 [    19] WARNING    - W&#xD;&#xD;
2023-12-22 09:33:44.506+01:00 [    19] WARNING    - W&#xD;&#xD;
2023-12-22 09:33:44.506+01:00 [    19] WARNING    - W&#xD;&#xD;
2023-12-22 09:33:44.506+01:00 [    19] WARNING    - W&#xD;&#xD;
2023-12-22 09:33:44.506+01:00 [    19] WARNING    - W&#xD;&#xD;
2023-12-22 09:33:44.506+01:00 [    19] WARNING    - W&#xD;&#xD;
2023-12-22 09:33:44.506+01:00 [    19] WARNING    - W&#xD;&#xD;
2023-12-22 09:33:44.506+01:00 [    19] WARNING    - W&#xD;&#xD;
2023-12-22 09:33:44.506+01:00 [    19] WARNING    - W&#xD;&#xD;
2023-12-22 09:33:44.506+01:00 [    19] WARNING    - W&#xD;&#xD;
2023-12-22 09:33:44.506+01:00 [    19] WARNING    - W&#xD;&#xD;
2023-12-22 09:33:44.506+01:00 [    19] WARNING    - W&#xD;&#xD;
2023-12-22 09:33:44.506+01:00 [    19] WARNING    - W&#xD;&#xD;
2023-12-22 09:33:44.506+01:00 [    19] WARNING    - W&#xD;&#xD;
2023-12-22 09:33:44.506+01:00 [    19] WARNING    - W&#xD;&#xD;
2023-12-22 09:33:44.506+01:00 [    19] WARNING    - W&#xD;&#xD;
2023-12-22 09:33:44.506+01:00 [    19] WARNING    - W&#xD;&#xD;
2023-12-22 09:33:44.506+01:00 [    19] WARNING    - W&#xD;&#xD;
2023-12-22 09:33:44.506+01:00 [    19] WARNING    - W&#xD;&#xD;
2023-12-22 09:33:44.506+01:00 [    19] WARNING    - W&#xD;&#xD;
2023-12-22 09:33:44.506+01:00 [    19] WARNING    - W&#xD;&#xD;
2023-12-22 09:33:44.506+01:00 [    19] WARNING    - W&#xD;&#xD;
2023-12-22 09:33:44.506+01:00 [    19] WARNING    - W&#xD;&#xD;
2023-12-22 09:33:44.506+01:00 [    19] WARNING    - W&#xD;&#xD;
2023-12-22 09:33:44.506+01:00 [    19] WARNING    - W&#xD;&#xD;
2023-12-22 09:33:44.506+01:00 [    19] WARNING    - W&#xD;&#xD;
2023-12-22 09:33:44.506+01:00 [    19] WARNING    - W&#xD;&#xD;
2023-12-22 09:33:44.506+01:00 [    19] WARNING    - W&#xD;&#xD;
2023-12-22 09:33:44.506+01:00 [    19] WARNING    - W&#xD;&#xD;
2023-12-22 09:33:44.506+01:00 [    19] WARNING    - W&#xD;&#xD;
2023-12-22 09:33:44.506+01:00 [    19] WARNING    - W&#xD;&#xD;
2023-12-22 09:33:44.506+01:00 [    19] WARNING    - W&#xD;&#xD;
2023-12-22 09:33:44.506+01:00 [    19] WARNING    - W&#xD;&#xD;
2023-12-22 09:33:44.506+01:00 [    19] WARNING    - W&#xD;&#xD;
2023-12-22 09:33:44.506+01:00 [    19] WARNING    - W&#xD;&#xD;
2023-12-22 09:33:44.506+01:00 [    19] WARNING    - W&#xD;&#xD;
2023-12-22 09:33:44.506+01:00 [    19] WARNING    - W&#xD;&#xD;
2023-12-22 09:33:44.506+01:00 [    19] WARNING    - W&#xD;&#xD;
2023-12-22 09:33:44.506+01:00 [    19] WARNING    - W&#xD;&#xD;
2023-12-22 09:33:44.506+01:00 [    19] WARNING    - W&#xD;&#xD;
2023-12-22 09:33:44.506+01:00 [    19] WARNING    - W&#xD;&#xD;
2023-12-22 09:33:44.506+01:00 [    19] WARNING    - W&#xD;&#xD;
2023-12-22 09:33:44.506+01:00 [    19] WARNING    - W&#xD;&#xD;
2023-12-22 09:33:44.506+01:00 [    19] WARNING    - W&#xD;&#xD;
2023-12-22 09:33:44.506+01:00 [    19] WARNING    - W&#xD;&#xD;
2023-12-22 09:33:44.506+01:00 [    19] WARNING    - W&#xD;&#xD;
2023-12-22 09:33:44.506+01:00 [    19] WARNING    - W&#xD;&#xD;
2023-12-22 09:33:44.506+01:00 [    19] WARNING    - W&#xD;&#xD;
2023-12-22 09:33:44.506+01:00 [    19] WARNING    - W&#xD;&#xD;
2023-12-22 09:33:44.506+01:00 [    19] WARNING    - W&#xD;&#xD;
2023-12-22 09:33:44.506+01:00 [    19] WARNING    - W&#xD;&#xD;
2023-12-22 09:33:44.506+01:00 [    19] WARNING    - W&#xD;&#xD;
2023-12-22 09:33:44.506+01:00 [    19] WARNING    - W&#xD;&#xD;
2023-12-22 09:33:44.506+01:00 [    19] WARNING    - W&#xD;&#xD;
2023-12-22 09:33:44.506+01:00 [    19] WARNING    - W&#xD;&#xD;
2023-12-22 09:33:44.506+01:00 [    19] WARNING    - W&#xD;&#xD;
2023-12-22 09:33:44.506+01:00 [    19] WARNING    - W&#xD;&#xD;
2023-12-22 09:33:44.506+01:00 [    19] WARNING    - W&#xD;&#xD;
2023-12-22 09:33:44.506+01:00 [    19] WARNING    - W&#xD;&#xD;
2023-12-22 09:33:44.506+01:00 [    19] WARNING    - W&#xD;&#xD;
2023-12-22 09:33:44.506+01:00 [    19] WARNING    - W&#xD;&#xD;
2023-12-22 09:33:44.506+01:00 [    19] WARNING    - W&#xD;&#xD;
2023-12-22 09:33:44.506+01:00 [    19] WARNING    - W&#xD;&#xD;
2023-12-22 09:33:44.506+01:00 [    19] WARNING    - W&#xD;&#xD;
2023-12-22 09:33:44.506+01:00 [    19] WARNING    - W&#xD;&#xD;
2023-12-22 09:33:44.506+01:00 [    19] WARNING    - W&#xD;&#xD;
2023-12-22 09:33:44.506+01:00 [    19] WARNING    - W&#xD;&#xD;
2023-12-22 09:33:44.506+01:00 [    19] WARNING    - W&#xD;&#xD;
2023-12-22 09:33:44.506+01:00 [    19] WARNING    - W&#xD;&#xD;
2023-12-22 09:33:44.506+01:00 [    19] WARNING    - W&#xD;&#xD;
2023-12-22 09:33:44.506+01:00 [    19] WARNING    - W&#xD;&#xD;
2023-12-22 09:33:44.506+01:00 [    19] WARNING    - W&#xD;&#xD;
2023-12-22 09:33:44.506+01:00 [    19] WARNING    - W&#xD;&#xD;
2023-12-22 09:33:44.506+01:00 [    19] WARNING    - W&#xD;&#xD;
2023-12-22 09:33:44.506+01:00 [    19] WARNING    - W&#xD;&#xD;
2023-12-22 09:33:44.506+01:00 [    19] WARNING    - W&#xD;&#xD;
2023-12-22 09:33:44.506+01:00 [    19] WARNING    - W&#xD;&#xD;
2023-12-22 09:33:44.506+01:00 [    19] WARNING    - W&#xD;&#xD;
2023-12-22 09:33:44.506+01:00 [    19] WARNING    - W&#xD;&#xD;
2023-12-22 09:33:44.506+01:00 [    19] WARNING    - W&#xD;&#xD;
2023-12-22 09:33:44.506+01:00 [    19] WARNING    - W&#xD;&#xD;
2023-12-22 09:33:44.506+01:00 [    19] WARNING    - W&#xD;&#xD;
2023-12-22 09:33:44.506+01:00 [    19] WARNING    - W&#xD;&#xD;
2023-12-22 09:33:44.506+01:00 [    19] WARNING    - W&#xD;&#xD;
2023-12-22 09:33:44.506+01:00 [    19] WARNING    - W&#xD;&#xD;
2023-12-22 09:33:44.506+01:00 [    19] WARNING    - W&#xD;&#xD;
2023-12-22 09:33:44.506+01:00 [    19] WARNING    - W&#xD;&#xD;
2023-12-22 09:33:44.506+01:00 [    19] WARNING    - W&#xD;&#xD;
2023-12-22 09:33:44.506+01:00 [    19] WARNING    - W&#xD;&#xD;
2023-12-22 09:33:44.506+01:00 [    19] WARNING    - W&#xD;&#xD;
2023-12-22 09:33:44.506+01:00 [    19] WARNING    - W&#xD;&#xD;
2023-12-22 09:33:44.506+01:00 [    19] WARNING    - W&#xD;&#xD;
2023-12-22 09:33:44.506+01:00 [    19] WARNING    - W&#xD;&#xD;
2023-12-22 09:33:44.506+01:00 [    19] WARNING    - W&#xD;&#xD;
2023-12-22 09:33:44.506+01:00 [    19] WARNING    - W&#xD;&#xD;
2023-12-22 09:33:44.506+01:00 [    19] WARNING    - W&#xD;&#xD;
2023-12-22 09:33:44.506+01:00 [    19] WARNING    - W&#xD;&#xD;
2023-12-22 09:33:44.506+01:00 [    19] WARNING    - W&#xD;&#xD;
2023-12-22 09:33:44.506+01:00 [    19] WARNING    - W&#xD;&#xD;
2023-12-22 09:33:44.506+01:00 [    19] WARNING    - W&#xD;&#xD;
2023-12-22 09:33:44.506+01:00 [    19] WARNING    - W&#xD;&#xD;
2023-12-22 09:33:44.506+01:00 [    19] WARNING    - W&#xD;&#xD;
2023-12-22 09:33:44.506+01:00 [    19] WARNING    - W&#xD;&#xD;
2023-12-22 09:33:44.506+01:00 [    19] WARNING    - W&#xD;&#xD;
2023-12-22 09:33:44.506+01:00 [    19] WARNING    - W&#xD;&#xD;
2023-12-22 09:33:44.506+01:00 [    19] WARNING    - W&#xD;&#xD;
2023-12-22 09:33:44.506+01:00 [    19] WARNING    - W&#xD;&#xD;
2023-12-22 09:33:44.506+01:00 [    19] WARNING    - W&#xD;&#xD;
2023-12-22 09:33:44.506+01:00 [    19] WARNING    - W&#xD;&#xD;
2023-12-22 09:33:44.506+01:00 [    19] WARNING    - W&#xD;&#xD;
2023-12-22 09:33:44.506+01:00 [    19] WARNING    - W&#xD;&#xD;
2023-12-22 09:33:44.506+01:00 [    19] WARNING    - W&#xD;&#xD;
2023-12-22 09:33:44.506+01:00 [    19] WARNING    - W&#xD;&#xD;
2023-12-22 09:33:44.506+01:00 [    19] WARNING    - W&#xD;&#xD;
2023-12-22 09:33:44.506+01:00 [    19] WARNING    - W&#xD;&#xD;
2023-12-22 09:33:44.506+01:00 [    19] WARNING    - W&#xD;&#xD;
2023-12-22 09:33:44.506+01:00 [    19] WARNING    - W&#xD;&#xD;
2023-12-22 09:33:44.506+01:00 [    19] WARNING    - W&#xD;&#xD;
2023-12-22 09:33:44.506+01:00 [    19] WARNING    - W&#xD;&#xD;
2023-12-22 09:33:44.506+01:00 [    19] WARNING    - W&#xD;&#xD;
2023-12-22 09:33:44.506+01:00 [    19] WARNING    - W&#xD;&#xD;
2023-12-22 09:33:44.506+01:00 [    19] WARNING    - W&#xD;&#xD;
2023-12-22 09:33:44.506+01:00 [    19] WARNING    - W&#xD;&#xD;
2023-12-22 09:33:44.506+01:00 [    19] WARNING    - W&#xD;&#xD;
2023-12-22 09:33:44.506+01:00 [    19] WARNING    - W&#xD;&#xD;
2023-12-22 09:33:44.506+01:00 [    19] WARNING    - W&#xD;&#xD;
2023-12-22 09:33:44.506+01:00 [    19] WARNING    - W&#xD;&#xD;
2023-12-22 09:33:44.506+01:00 [    19] WARNING    - W&#xD;&#xD;
2023-12-22 09:33:44.506+01:00 [    19] WARNING    - W&#xD;&#xD;
2023-12-22 09:33:44.506+01:00 [    19] WARNING    - W&#xD;&#xD;
2023-12-22 09:33:44.506+01:00 [    19] WARNING    - W&#xD;&#xD;
2023-12-22 09:33:44.506+01:00 [    19] WARNING    - W&#xD;&#xD;
2023-12-22 09:33:44.506+01:00 [    19] WARNING    - W&#xD;&#xD;
2023-12-22 09:33:44.506+01:00 [    19] WARNING    - W&#xD;&#xD;
2023-12-22 09:33:44.506+01:00 [    19] WARNING    - W&#xD;&#xD;
2023-12-22 09:33:44.506+01:00 [    19] WARNING    - W&#xD;&#xD;
2023-12-22 09:33:44.506+01:00 [    19] WARNING    - W&#xD;&#xD;
2023-12-22 09:33:44.506+01:00 [    19] WARNING    - W&#xD;&#xD;
2023-12-22 09:33:44.506+01:00 [    19] WARNING    - W&#xD;&#xD;
2023-12-22 09:33:44.506+01:00 [    19] WARNING    - W&#xD;&#xD;
2023-12-22 09:33:44.506+01:00 [    19] WARNING    - W&#xD;&#xD;
2023-12-22 09:33:44.506+01:00 [    19] WARNING    - W&#xD;&#xD;
2023-12-22 09:33:44.506+01:00 [    19] WARNING    - W&#xD;&#xD;
2023-12-22 09:33:44.506+01:00 [    19] WARNING    - W&#xD;&#xD;
2023-12-22 09:33:44.506+01:00 [    19] WARNING    - W&#xD;&#xD;
2023-12-22 09:33:44.506+01:00 [    19] WARNING    - W&#xD;&#xD;
2023-12-22 09:33:44.506+01:00 [    19] WARNING    - W&#xD;&#xD;
2023-12-22 09:33:44.506+01:00 [    19] WARNING    - W&#xD;&#xD;
2023-12-22 09:33:44.506+01:00 [    19] WARNING    - W&#xD;&#xD;
2023-12-22 09:33:44.506+01:00 [    19] WARNING    - W&#xD;&#xD;
2023-12-22 09:33:44.506+01:00 [    19] WARNING    - W&#xD;&#xD;
2023-12-22 09:33:44.506+01:00 [    19] WARNING    - W&#xD;&#xD;
2023-12-22 09:33:44.506+01:00 [    19] WARNING    - W&#xD;&#xD;
2023-12-22 09:33:44.506+01:00 [    19] WARNING    - W&#xD;&#xD;
2023-12-22 09:33:44.506+01:00 [    19] WARNING    - W&#xD;&#xD;
2023-12-22 09:33:44.506+01:00 [    19] WARNING    - W&#xD;&#xD;
2023-12-22 09:33:44.506+01:00 [    19] WARNING    - W&#xD;&#xD;
2023-12-22 09:33:44.506+01:00 [    19] WARNING    - W&#xD;&#xD;
2023-12-22 09:33:44.506+01:00 [    19] WARNING    - W&#xD;&#xD;
2023-12-22 09:33:44.506+01:00 [    19] WARNING    - W&#xD;&#xD;
2023-12-22 09:33:44.506+01:00 [    19] WARNING    - W&#xD;&#xD;
2023-12-22 09:33:44.506+01:00 [    19] WARNING    - W&#xD;&#xD;
2023-12-22 09:33:44.506+01:00 [    19] WARNING    - W&#xD;&#xD;
2023-12-22 09:33:44.506+01:00 [    19] WARNING    - W&#xD;&#xD;
2023-12-22 09:33:44.506+01:00 [    19] WARNING    - W&#xD;&#xD;
2023-12-22 09:33:44.506+01:00 [    19] WARNING    - W&#xD;&#xD;
2023-12-22 09:33:44.506+01:00 [    19] WARNING    - W&#xD;&#xD;
2023-12-22 09:33:44.506+01:00 [    19] WARNING    - W&#xD;&#xD;
2023-12-22 09:33:44.506+01:00 [    19] WARNING    - W&#xD;&#xD;
2023-12-22 09:33:44.506+01:00 [    19] WARNING    - W&#xD;&#xD;
2023-12-22 09:33:44.506+01:00 [    19] WARNING    - W&#xD;&#xD;
2023-12-22 09:33:44.506+01:00 [    19] WARNING    - W&#xD;&#xD;
2023-12-22 09:33:44.506+01:00 [    19] WARNING    - W&#xD;&#xD;
2023-12-22 09:33:44.506+01:00 [    19] WARNING    - W&#xD;&#xD;
2023-12-22 09:33:44.506+01:00 [    19] WARNING    - W&#xD;&#xD;
2023-12-22 09:33:44.506+01:00 [    19] WARNING    - W&#xD;&#xD;
2023-12-22 09:33:44.506+01:00 [    19] WARNING    - W&#xD;&#xD;
2023-12-22 09:33:44.506+01:00 [    19] WARNING    - W&#xD;&#xD;
2023-12-22 09:33:44.506+01:00 [    19] WARNING    - W&#xD;&#xD;
2023-12-22 09:33:44.506+01:00 [    19] WARNING    - W&#xD;&#xD;
2023-12-22 09:33:44.506+01:00 [    19] WARNING    - W&#xD;&#xD;
2023-12-22 09:33:44.506+01:00 [    19] WARNING    - W&#xD;&#xD;
2023-12-22 09:33:44.506+01:00 [    19] WARNING    - W&#xD;&#xD;
2023-12-22 09:33:44.506+01:00 [    19] WARNING    - W&#xD;&#xD;
2023-12-22 09:33:44.506+01:00 [    19] WARNING    - W&#xD;&#xD;
2023-12-22 09:33:44.506+01:00 [    19] WARNING    - W&#xD;&#xD;
2023-12-22 09:33:44.506+01:00 [    19] WARNING    - W&#xD;&#xD;
2023-12-22 09:33:44.506+01:00 [    19] WARNING    - W&#xD;&#xD;
2023-12-22 09:33:44.506+01:00 [    19] WARNING    - W&#xD;&#xD;
2023-12-22 09:33:44.506+01:00 [    19] WARNING    - W&#xD;&#xD;
2023-12-22 09:33:44.506+01:00 [    19] WARNING    - W&#xD;&#xD;
2023-12-22 09:33:44.506+01:00 [    19] WARNING    - W&#xD;&#xD;
2023-12-22 09:33:44.506+01:00 [    19] WARNING    - W&#xD;&#xD;
2023-12-22 09:33:44.506+01:00 [    19] WARNING    - W&#xD;&#xD;
2023-12-22 09:33:44.506+01:00 [    19] WARNING    - W&#xD;&#xD;
2023-12-22 09:33:44.506+01:00 [    19] WARNING    - W&#xD;&#xD;
2023-12-22 09:33:44.506+01:00 [    19] WARNING    - W&#xD;&#xD;
2023-12-22 09:33:44.506+01:00 [    19] WARNING    - W&#xD;&#xD;
2023-12-22 09:33:44.506+01:00 [    19] WARNING    - W&#xD;&#xD;
2023-12-22 09:33:44.506+01:00 [    19] WARNING    - W&#xD;&#xD;
2023-12-22 09:33:44.506+01:00 [    19] WARNING    - W&#xD;&#xD;
2023-12-22 09:33:44.506+01:00 [    19] WARNING    - W&#xD;&#xD;
2023-12-22 09:33:44.506+01:00 [    19] WARNING    - W&#xD;&#xD;
2023-12-22 09:33:44.506+01:00 [    19] WARNING    - W&#xD;&#xD;
2023-12-22 09:33:44.506+01:00 [    19] WARNING    - W&#xD;&#xD;
2023-12-22 09:33:44.506+01:00 [    19] WARNING    - W&#xD;&#xD;
2023-12-22 09:33:44.506+01:00 [    19] WARNING    - W&#xD;&#xD;
2023-12-22 09:33:44.506+01:00 [    19] WARNING    - W&#xD;&#xD;
2023-12-22 09:33:44.506+01:00 [    19] WARNING    - W&#xD;&#xD;
2023-12-22 09:33:44.506+01:00 [    19] WARNING    - W&#xD;&#xD;
2023-12-22 09:33:44.506+01:00 [    19] WARNING    - W&#xD;&#xD;
2023-12-22 09:33:44.506+01:00 [    19] WARNING    - W&#xD;&#xD;
2023-12-22 09:33:44.506+01:00 [    19] WARNING    - W&#xD;&#xD;
2023-12-22 09:33:44.506+01:00 [    19] WARNING    - W&#xD;&#xD;
2023-12-22 09:33:44.506+01:00 [    19] WARNING    - W&#xD;&#xD;
2023-12-22 09:33:44.506+01:00 [    19] WARNING    - W&#xD;&#xD;
2023-12-22 09:33:44.506+01:00 [    19] WARNING    - W&#xD;&#xD;
2023-12-22 09:33:44.506+01:00 [    19] WARNING    - W&#xD;&#xD;
2023-12-22 09:33:44.506+01:00 [    19] WARNING    - W&#xD;&#xD;
2023-12-22 09:33:44.506+01:00 [    19] WARNING    - W&#xD;&#xD;
2023-12-22 09:33:44.506+01:00 [    19] WARNING    - W&#xD;&#xD;
2023-12-22 09:33:44.506+01:00 [    19] WARNING    - W&#xD;&#xD;
2023-12-22 09:33:44.506+01:00 [    19] WARNING    - W&#xD;&#xD;
2023-12-22 09:33:44.506+01:00 [    19] WARNING    - W&#xD;&#xD;
2023-12-22 09:33:44.506+01:00 [    19] WARNING    - W&#xD;&#xD;
2023-12-22 09:33:44.506+01:00 [    19] WARNING    - W&#xD;&#xD;
2023-12-22 09:33:44.506+01:00 [    19] WARNING    - W&#xD;&#xD;
2023-12-22 09:33:44.506+01:00 [    19] WARNING    - W&#xD;&#xD;
2023-12-22 09:33:44.506+01:00 [    19] WARNING    - W&#xD;&#xD;
2023-12-22 09:33:44.506+01:00 [    19] WARNING    - W&#xD;&#xD;
2023-12-22 09:33:44.506+01:00 [    19] WARNING    - W&#xD;&#xD;
2023-12-22 09:33:44.506+01:00 [    19] WARNING    - W&#xD;&#xD;
2023-12-22 09:33:44.506+01:00 [    19] WARNING    - W&#xD;&#xD;
2023-12-22 09:33:44.506+01:00 [    19] WARNING    - W&#xD;&#xD;
2023-12-22 09:33:44.506+01:00 [    19] WARNING    - W&#xD;&#xD;
2023-12-22 09:33:44.506+01:00 [    19] WARNING    - W&#xD;&#xD;
2023-12-22 09:33:44.506+01:00 [    19] WARNING    - W&#xD;&#xD;
2023-12-22 09:33:44.506+01:00 [    19] WARNING    - W&#xD;&#xD;
2023-12-22 09:33:44.506+01:00 [    19] WARNING    - W&#xD;&#xD;
2023-12-22 09:33:44.506+01:00 [    19] WARNING    - W&#xD;&#xD;
2023-12-22 09:33:44.506+01:00 [    19] WARNING    - W&#xD;&#xD;
2023-12-22 09:33:44.506+01:00 [    19] WARNING    - W&#xD;&#xD;
2023-12-22 09:33:44.506+01:00 [    19] WARNING    - W&#xD;&#xD;
2023-12-22 09:33:44.506+01:00 [    19] WARNING    - W&#xD;&#xD;
2023-12-22 09:33:44.506+01:00 [    19] WARNING    - W&#xD;&#xD;
2023-12-22 09:33:44.506+01:00 [    19] WARNING    - W&#xD;&#xD;
2023-12-22 09:33:44.506+01:00 [    19] WARNING    - W&#xD;&#xD;
2023-12-22 09:33:44.506+01:00 [    19] WARNING    - W&#xD;&#xD;
2023-12-22 09:33:44.506+01:00 [    19] WARNING    - W&#xD;&#xD;
2023-12-22 09:33:44.506+01:00 [    19] WARNING    - W&#xD;&#xD;
2023-12-22 09:33:44.506+01:00 [    19] WARNING    - W&#xD;&#xD;
2023-12-22 09:33:44.506+01:00 [    19] WARNING    - W&#xD;&#xD;
2023-12-22 09:33:44.506+01:00 [    19] WARNING    - W&#xD;&#xD;
2023-12-22 09:33:44.506+01:00 [    19] WARNING    - W&#xD;&#xD;
2023-12-22 09:33:44.506+01:00 [    19] WARNING    - W&#xD;&#xD;
2023-12-22 09:33:44.506+01:00 [    19] WARNING    - W&#xD;&#xD;
2023-12-22 09:33:44.506+01:00 [    19] WARNING    - W&#xD;&#xD;
2023-12-22 09:33:44.506+01:00 [    19] WARNING    - W&#xD;&#xD;
2023-12-22 09:33:44.506+01:00 [    19] WARNING    - W&#xD;&#xD;
2023-12-22 09:33:44.506+01:00 [    19] WARNING    - W&#xD;&#xD;
2023-12-22 09:33:44.506+01:00 [    19] WARNING    - W&#xD;&#xD;
2023-12-22 09:33:44.506+01:00 [    19] WARNING    - W&#xD;&#xD;
2023-12-22 09:33:44.506+01:00 [    19] WARNING    - W&#xD;&#xD;
2023-12-22 09:33:44.506+01:00 [    19] WARNING    - W&#xD;&#xD;
2023-12-22 09:33:44.506+01:00 [    19] WARNING    - W&#xD;&#xD;
2023-12-22 09:33:44.506+01:00 [    19] WARNING    - W&#xD;&#xD;
2023-12-22 09:33:44.506+01:00 [    19] WARNING    - W&#xD;&#xD;
2023-12-22 09:33:44.506+01:00 [    19] WARNING    - W&#xD;&#xD;
2023-12-22 09:33:44.506+01:00 [    19] WARNING    - W&#xD;&#xD;
2023-12-22 09:33:44.506+01:00 [    19] WARNING    - W&#xD;&#xD;
2023-12-22 09:33:44.506+01:00 [    19] WARNING    - W&#xD;&#xD;
2023-12-22 09:33:44.506+01:00 [    19] WARNING    - W&#xD;&#xD;
2023-12-22 09:33:44.506+01:00 [    19] WARNING    - W&#xD;&#xD;
2023-12-22 09:33:44.506+01:00 [    19] WARNING    - W&#xD;&#xD;
2023-12-22 09:33:44.506+01:00 [    19] WARNING    - W&#xD;&#xD;
2023-12-22 09:33:44.506+01:00 [    19] WARNING    - W&#xD;&#xD;
2023-12-22 09:33:44.506+01:00 [    19] WARNING    - W&#xD;&#xD;
2023-12-22 09:33:44.506+01:00 [    19] WARNING    - W&#xD;&#xD;
2023-12-22 09:33:44.506+01:00 [    19] WARNING    - W&#xD;&#xD;
2023-12-22 09:33:44.506+01:00 [    19] WARNING    - W&#xD;&#xD;
2023-12-22 09:33:44.506+01:00 [    19] WARNING    - W&#xD;&#xD;
2023-12-22 09:33:44.506+01:00 [    19] WARNING    - W&#xD;&#xD;
2023-12-22 09:33:44.506+01:00 [    19] WARNING    - W&#xD;&#xD;
2023-12-22 09:33:44.506+01:00 [    19] WARNING    - W&#xD;&#xD;
2023-12-22 09:33:44.506+01:00 [    19] WARNING    - W&#xD;&#xD;
2023-12-22 09:33:44.506+01:00 [    19] WARNING    - W&#xD;&#xD;
2023-12-22 09:33:44.506+01:00 [    19] WARNING    - W&#xD;&#xD;
2023-12-22 09:33:44.506+01:00 [    19] WARNING    - W&#xD;&#xD;
2023-12-22 09:33:44.506+01:00 [    19] WARNING    - W&#xD;&#xD;
2023-12-22 09:33:44.506+01:00 [    19] WARNING    - W&#xD;&#xD;
2023-12-22 09:33:44.506+01:00 [    19] WARNING    - W&#xD;&#xD;
2023-12-22 09:33:44.506+01:00 [    19] WARNING    - W&#xD;&#xD;
2023-12-22 09:33:44.506+01:00 [    19] WARNING    - W&#xD;&#xD;
2023-12-22 09:33:44.506+01:00 [    19] WARNING    - W&#xD;&#xD;
2023-12-22 09:33:44.506+01:00 [    19] WARNING    - W&#xD;&#xD;
2023-12-22 09:33:44.506+01:00 [    19] WARNING    - W&#xD;&#xD;
2023-12-22 09:33:44.506+01:00 [    19] WARNING    - W&#xD;&#xD;
2023-12-22 09:33:44.506+01:00 [    19] WARNING    - W&#xD;&#xD;
2023-12-22 09:33:44.506+01:00 [    19] WARNING    - W&#xD;&#xD;
2023-12-22 09:33:44.506+01:00 [    19] WARNING    - W&#xD;&#xD;
2023-12-22 09:33:44.506+01:00 [    19] WARNING    - W&#xD;&#xD;
2023-12-22 09:33:44.506+01:00 [    19] WARNING    - W&#xD;&#xD;
2023-12-22 09:33:44.506+01:00 [    19] WARNING    - W&#xD;&#xD;
2023-12-22 09:33:44.506+01:00 [    19] WARNING    - W&#xD;&#xD;
2023-12-22 09:33:44.506+01:00 [    19] WARNING    - W&#xD;&#xD;
2023-12-22 09:33:44.506+01:00 [    19] WARNING    - W&#xD;&#xD;
2023-12-22 09:33:44.506+01:00 [    19] WARNING    - W&#xD;&#xD;
2023-12-22 09:33:44.506+01:00 [    19] WARNING    - W&#xD;&#xD;
2023-12-22 09:33:44.506+01:00 [    19] WARNING    - W&#xD;&#xD;
2023-12-22 09:33:44.506+01:00 [    19] WARNING    - W&#xD;&#xD;
2023-12-22 09:33:44.506+01:00 [    19] WARNING    - W&#xD;&#xD;
2023-12-22 09:33:44.506+01:00 [    19] WARNING    - W&#xD;&#xD;
2023-12-22 09:33:44.506+01:00 [    19] WARNING    - W&#xD;&#xD;
2023-12-22 09:33:44.506+01:00 [    19] WARNING    - W&#xD;&#xD;
2023-12-22 09:33:44.506+01:00 [    19] WARNING    - W&#xD;&#xD;
2023-12-22 09:33:44.506+01:00 [    19] WARNING    - W&#xD;&#xD;
2023-12-22 09:33:44.506+01:00 [    19] WARNING    - W&#xD;&#xD;
2023-12-22 09:33:44.506+01:00 [    19] WARNING    - W&#xD;&#xD;
2023-12-22 09:33:44.506+01:00 [    19] WARNING    - W&#xD;&#xD;
2023-12-22 09:33:44.506+01:00 [    19] WARNING    - W&#xD;&#xD;
2023-12-22 09:33:44.506+01:00 [    19] WARNING    - W&#xD;&#xD;
2023-12-22 09:33:44.506+01:00 [    19] WARNING    - W&#xD;&#xD;
2023-12-22 09:33:44.506+01:00 [    19] WARNING    - W&#xD;&#xD;
2023-12-22 09:33:44.506+01:00 [    19] WARNING    - W&#xD;&#xD;
2023-12-22 09:33:44.506+01:00 [    19] WARNING    - W&#xD;&#xD;
2023-12-22 09:33:44.506+01:00 [    19] WARNING    - W&#xD;&#xD;
2023-12-22 09:33:44.506+01:00 [    19] WARNING    - W&#xD;&#xD;
2023-12-22 09:33:44.506+01:00 [    19] WARNING    - W&#xD;&#xD;
2023-12-22 09:33:44.506+01:00 [    19] WARNING    - W&#xD;&#xD;
2023-12-22 09:33:44.506+01:00 [    19] WARNING    - W&#xD;&#xD;
2023-12-22 09:33:44.506+01:00 [    19] WARNING    - W&#xD;&#xD;
2023-12-22 09:33:44.506+01:00 [    19] WARNING    - W&#xD;&#xD;
2023-12-22 09:33:44.506+01:00 [    19] WARNING    - W&#xD;&#xD;
2023-12-22 09:33:44.506+01:00 [    19] WARNING    - W&#xD;&#xD;
2023-12-22 09:33:44.506+01:00 [    19] WARNING    - W&#xD;&#xD;
2023-12-22 09:33:44.506+01:00 [    19] WARNING    - W&#xD;&#xD;
2023-12-22 09:33:44.506+01:00 [    19] WARNING    - W&#xD;&#xD;
2023-12-22 09:33:44.506+01:00 [    19] WARNING    - W&#xD;&#xD;
2023-12-22 09:33:44.506+01:00 [    19] WARNING    - W&#xD;&#xD;
2023-12-22 09:33:44.506+01:00 [    19] WARNING    - W&#xD;&#xD;
2023-12-22 09:33:44.506+01:00 [    19] WARNING    - W&#xD;&#xD;
2023-12-22 09:33:44.506+01:00 [    19] WARNING    - W&#xD;&#xD;
2023-12-22 09:33:44.506+01:00 [    19] WARNING    - W&#xD;&#xD;
2023-12-22 09:33:44.506+01:00 [    19] WARNING    - W&#xD;&#xD;
2023-12-22 09:33:44.506+01:00 [    19] WARNING    - W&#xD;&#xD;
2023-12-22 09:33:44.506+01:00 [    19] WARNING    - W&#xD;&#xD;
2023-12-22 09:33:44.506+01:00 [    19] WARNING    - W&#xD;&#xD;
2023-12-22 09:33:44.506+01:00 [    19] WARNING    - W&#xD;&#xD;
2023-12-22 09:33:44.506+01:00 [    19] WARNING    - W&#xD;&#xD;
2023-12-22 09:33:44.506+01:00 [    19] WARNING    - W&#xD;&#xD;
2023-12-22 09:33:44.506+01:00 [    19] WARNING    - W&#xD;&#xD;
2023-12-22 09:33:44.506+01:00 [    19] WARNING    - W&#xD;&#xD;
2023-12-22 09:33:44.506+01:00 [    19] WARNING    - W&#xD;&#xD;
2023-12-22 09:33:44.506+01:00 [    19] WARNING    - W&#xD;&#xD;
2023-12-22 09:33:44.506+01:00 [    19] WARNING    - W&#xD;&#xD;
2023-12-22 09:33:44.506+01:00 [    19] WARNING    - W&#xD;&#xD;
2023-12-22 09:33:44.506+01:00 [    19] WARNING    - W&#xD;&#xD;
2023-12-22 09:33:44.506+01:00 [    19] WARNING    - W&#xD;&#xD;
2023-12-22 09:33:44.506+01:00 [    19] WARNING    - W&#xD;&#xD;
2023-12-22 09:33:44.506+01:00 [    19] WARNING    - W&#xD;&#xD;
2023-12-22 09:33:44.506+01:00 [    19] WARNING    - W&#xD;&#xD;
2023-12-22 09:33:44.506+01:00 [    19] WARNING    - W&#xD;&#xD;
2023-12-22 09:33:44.506+01:00 [    19] WARNING    - W&#xD;&#xD;
2023-12-22 09:33:44.506+01:00 [    19] WARNING    - W&#xD;&#xD;
2023-12-22 09:33:44.506+01:00 [    19] WARNING    - W&#xD;&#xD;
2023-12-22 09:33:44.506+01:00 [    19] WARNING    - W&#xD;&#xD;
2023-12-22 09:33:44.506+01:00 [    19] WARNING    - W&#xD;&#xD;
2023-12-22 09:33:44.506+01:00 [    19] WARNING    - W&#xD;&#xD;
2023-12-22 09:33:44.506+01:00 [    19] WARNING    - W&#xD;&#xD;
2023-12-22 09:33:44.506+01:00 [    19] WARNING    - W&#xD;&#xD;
2023-12-22 09:33:44.506+01:00 [    19] WARNING    - W&#xD;&#xD;
2023-12-22 09:33:44.506+01:00 [    19] WARNING    - W&#xD;&#xD;
2023-12-22 09:33:44.506+01:00 [    19] WARNING    - W&#xD;&#xD;
2023-12-22 09:33:44.506+01:00 [    19] WARNING    - W&#xD;&#xD;
2023-12-22 09:33:44.506+01:00 [    19] WARNING    - W&#xD;&#xD;
2023-12-22 09:33:44.506+01:00 [    19] WARNING    - W&#xD;&#xD;
2023-12-22 09:33:44.506+01:00 [    19] WARNING    - W&#xD;&#xD;
2023-12-22 09:33:44.506+01:00 [    19] WARNING    - W&#xD;&#xD;
2023-12-22 09:33:44.506+01:00 [    19] WARNING    - W&#xD;&#xD;
2023-12-22 09:33:44.506+01:00 [    19] WARNING    - W&#xD;&#xD;
2023-12-22 09:33:44.506+01:00 [    19] WARNING    - W&#xD;&#xD;
2023-12-22 09:33:44.506+01:00 [    19] WARNING    - W&#xD;&#xD;
2023-12-22 09:33:44.506+01:00 [    19] WARNING    - W&#xD;&#xD;
2023-12-22 09:33:44.506+01:00 [    19] WARNING    - W&#xD;&#xD;
2023-12-22 09:33:44.506+01:00 [    19] WARNING    - W&#xD;&#xD;
2023-12-22 09:33:44.506+01:00 [    19] WARNING    - W&#xD;&#xD;
2023-12-22 09:33:44.506+01:00 [    19] WARNING    - W&#xD;&#xD;
2023-12-22 09:33:44.506+01:00 [    19] WARNING    - W&#xD;&#xD;
2023-12-22 09:33:44.506+01:00 [    19] WARNING    - W&#xD;&#xD;
2023-12-22 09:33:44.506+01:00 [    19] WARNING    - W&#xD;&#xD;
2023-12-22 09:33:44.506+01:00 [    19] WARNING    - W&#xD;&#xD;
2023-12-22 09:33:44.506+01:00 [    19] WARNING    - W&#xD;&#xD;
2023-12-22 09:33:44.506+01:00 [    19] WARNING    - W&#xD;&#xD;
2023-12-22 09:33:44.506+01:00 [    19] WARNING    - W&#xD;&#xD;
2023-12-22 09:33:44.506+01:00 [    19] WARNING    - W&#xD;&#xD;
2023-12-22 09:33:44.506+01:00 [    19] WARNING    - W&#xD;&#xD;
2023-12-22 09:33:44.506+01:00 [    19] WARNING    - W&#xD;&#xD;
2023-12-22 09:33:44.506+01:00 [    19] WARNING    - W&#xD;&#xD;
2023-12-22 09:33:44.506+01:00 [    19] WARNING    - W&#xD;&#xD;
2023-12-22 09:33:44.506+01:00 [    19] WARNING    - W&#xD;&#xD;
2023-12-22 09:33:44.506+01:00 [    19] WARNING    - W&#xD;&#xD;
2023-12-22 09:33:44.506+01:00 [    19] WARNING    - W&#xD;&#xD;
2023-12-22 09:33:44.506+01:00 [    19] WARNING    - W&#xD;&#xD;
2023-12-22 09:33:44.506+01:00 [    19] WARNING    - W&#xD;&#xD;
2023-12-22 09:33:44.506+01:00 [    19] WARNING    - W&#xD;&#xD;
2023-12-22 09:33:44.506+01:00 [    19] WARNING    - W&#xD;&#xD;
2023-12-22 09:33:44.506+01:00 [    19] WARNING    - W&#xD;&#xD;
2023-12-22 09:33:44.506+01:00 [    19] WARNING    - W&#xD;&#xD;
2023-12-22 09:33:44.506+01:00 [    19] WARNING    - W&#xD;&#xD;
2023-12-22 09:33:44.506+01:00 [    19] WARNING    - W&#xD;&#xD;
2023-12-22 09:33:44.506+01:00 [    19] WARNING    - W&#xD;&#xD;
2023-12-22 09:33:44.506+01:00 [    19] WARNING    - W&#xD;&#xD;
2023-12-22 09:33:44.506+01:00 [    19] WARNING    - W&#xD;&#xD;
2023-12-22 09:33:44.506+01:00 [    19] WARNING    - W&#xD;&#xD;
2023-12-22 09:33:44.506+01:00 [    19] WARNING    - W&#xD;&#xD;
2023-12-22 09:33:44.506+01:00 [    19] WARNING    - W&#xD;&#xD;
2023-12-22 09:33:44.506+01:00 [    19] WARNING    - W&#xD;&#xD;
2023-12-22 09:33:44.506+01:00 [    19] WARNING    - W&#xD;&#xD;
2023-12-22 09:33:44.506+01:00 [    19] WARNING    - W&#xD;&#xD;
2023-12-22 09:33:44.506+01:00 [    19] WARNING    - W&#xD;&#xD;
2023-12-22 09:33:44.506+01:00 [    19] WARNING    - W&#xD;&#xD;
2023-12-22 09:33:44.506+01:00 [    19] WARNING    - W&#xD;&#xD;
2023-12-22 09:33:44.506+01:00 [    19] WARNING    - W&#xD;&#xD;
2023-12-22 09:33:44.506+01:00 [    19] WARNING    - W&#xD;&#xD;
2023-12-22 09:33:44.506+01:00 [    19] WARNING    - W&#xD;&#xD;
2023-12-22 09:33:44.506+01:00 [    19] WARNING    - W&#xD;&#xD;
2023-12-22 09:33:44.506+01:00 [    19] WARNING    - W&#xD;&#xD;
2023-12-22 09:33:44.506+01:00 [    19] WARNING    - W&#xD;&#xD;
2023-12-22 09:33:44.506+01:00 [    19] WARNING    - W&#xD;&#xD;
2023-12-22 09:33:44.506+01:00 [    19] WARNING    - W&#xD;&#xD;
2023-12-22 09:33:44.506+01:00 [    19] WARNING    - W&#xD;&#xD;
2023-12-22 09:33:44.506+01:00 [    19] WARNING    - W&#xD;&#xD;
2023-12-22 09:33:44.506+01:00 [    19] WARNING    - W&#xD;&#xD;
2023-12-22 09:33:44.506+01:00 [    19] WARNING    - W&#xD;&#xD;
2023-12-22 09:33:44.506+01:00 [    19] WARNING    - W&#xD;&#xD;
2023-12-22 09:33:44.506+01:00 [    19] WARNING    - W&#xD;&#xD;
2023-12-22 09:33:44.506+01:00 [    19] WARNING    - W&#xD;&#xD;
2023-12-22 09:33:44.506+01:00 [    19] WARNING    - W&#xD;&#xD;
2023-12-22 09:33:44.506+01:00 [    19] WARNING    - W&#xD;&#xD;
2023-12-22 09:33:44.506+01:00 [    19] WARNING    - W&#xD;&#xD;
2023-12-22 09:33:44.506+01:00 [    19] WARNING    - W&#xD;&#xD;
2023-12-22 09:33:44.506+01:00 [    19] WARNING    - W&#xD;&#xD;
2023-12-22 09:33:44.506+01:00 [    19] WARNING    - W&#xD;&#xD;
2023-12-22 09:33:44.506+01:00 [    19] WARNING    - W&#xD;&#xD;
2023-12-22 09:33:44.506+01:00 [    19] WARNING    - W&#xD;&#xD;
2023-12-22 09:33:44.506+01:00 [    19] WARNING    - W&#xD;&#xD;
2023-12-22 09:33:44.506+01:00 [    19] WARNING    - W&#xD;&#xD;
2023-12-22 09:33:44.506+01:00 [    19] WARNING    - W&#xD;&#xD;
2023-12-22 09:33:44.506+01:00 [    19] WARNING    - W&#xD;&#xD;
2023-12-22 09:33:44.506+01:00 [    19] WARNING    - W&#xD;&#xD;
2023-12-22 09:33:44.506+01:00 [    19] WARNING    - W&#xD;&#xD;
2023-12-22 09:33:44.506+01:00 [    19] WARNING    - W&#xD;&#xD;
2023-12-22 09:33:44.506+01:00 [    19] WARNING    - W&#xD;&#xD;
2023-12-22 09:33:44.506+01:00 [    19] WARNING    - W&#xD;&#xD;
2023-12-22 09:33:44.506+01:00 [    19] WARNING    - W&#xD;&#xD;
2023-12-22 09:33:44.506+01:00 [    19] WARNING    - W&#xD;&#xD;
2023-12-22 09:33:44.506+01:00 [    19] WARNING    - W&#xD;&#xD;
2023-12-22 09:33:44.506+01:00 [    19] WARNING    - W&#xD;&#xD;
2023-12-22 09:33:44.506+01:00 [    19] WARNING    - W&#xD;&#xD;
2023-12-22 09:33:44.506+01:00 [    19] WARNING    - W&#xD;&#xD;
2023-12-22 09:33:44.506+01:00 [    19] WARNING    - W&#xD;&#xD;
2023-12-22 09:33:44.506+01:00 [    19] WARNING    - W&#xD;&#xD;
2023-12-22 09:33:44.506+01:00 [    19] WARNING    - W&#xD;&#xD;
2023-12-22 09:33:44.506+01:00 [    19] WARNING    - W&#xD;&#xD;
2023-12-22 09:33:44.506+01:00 [    19] WARNING    - W&#xD;&#xD;
2023-12-22 09:33:44.506+01:00 [    19] WARNING    - W&#xD;&#xD;
2023-12-22 09:33:44.506+01:00 [    19] WARNING    - W&#xD;&#xD;
2023-12-22 09:33:44.506+01:00 [    19] WARNING    - W&#xD;&#xD;
2023-12-22 09:33:44.506+01:00 [    19] WARNING    - W&#xD;&#xD;
2023-12-22 09:33:44.506+01:00 [    19] WARNING    - W&#xD;&#xD;
2023-12-22 09:33:44.506+01:00 [    19] WARNING    - W&#xD;&#xD;
2023-12-22 09:33:44.506+01:00 [    19] WARNING    - W&#xD;&#xD;
2023-12-22 09:33:44.506+01:00 [    19] WARNING    - W&#xD;&#xD;
2023-12-22 09:33:44.506+01:00 [    19] WARNING    - W&#xD;&#xD;
2023-12-22 09:33:44.506+01:00 [    19] WARNING    - W&#xD;&#xD;
2023-12-22 09:33:44.506+01:00 [    19] WARNING    - W&#xD;&#xD;
2023-12-22 09:33:44.506+01:00 [    19] WARNING    - W&#xD;&#xD;
2023-12-22 09:33:44.506+01:00 [    19] WARNING    - W&#xD;&#xD;
2023-12-22 09:33:44.506+01:00 [    19] WARNING    - W&#xD;&#xD;
2023-12-22 09:33:44.506+01:00 [    19] WARNING    - W&#xD;&#xD;
2023-12-22 09:33:44.506+01:00 [    19] WARNING    - W&#xD;&#xD;
2023-12-22 09:33:44.506+01:00 [    19] WARNING    - W&#xD;&#xD;
2023-12-22 09:33:44.506+01:00 [    19] WARNING    - W&#xD;&#xD;
2023-12-22 09:33:44.506+01:00 [    19] WARNING    - W&#xD;&#xD;
2023-12-22 09:33:44.506+01:00 [    19] WARNING    - W&#xD;&#xD;
2023-12-22 09:33:44.506+01:00 [    19] WARNING    - W&#xD;&#xD;
2023-12-22 09:33:44.506+01:00 [    19] WARNING    - W&#xD;&#xD;
2023-12-22 09:33:44.506+01:00 [    19] WARNING    - W&#xD;&#xD;
2023-12-22 09:33:44.506+01:00 [    19] WARNING    - W&#xD;&#xD;
2023-12-22 09:33:44.506+01:00 [    19] WARNING    - W&#xD;&#xD;
2023-12-22 09:33:44.506+01:00 [    19] WARNING    - W&#xD;&#xD;
2023-12-22 09:33:44.506+01:00 [    19] WARNING    - W&#xD;&#xD;
2023-12-22 09:33:44.506+01:00 [    19] WARNING    - W&#xD;&#xD;
2023-12-22 09:33:44.506+01:00 [    19] WARNING    - W&#xD;&#xD;
2023-12-22 09:33:44.506+01:00 [    19] WARNING    - W&#xD;&#xD;
2023-12-22 09:33:44.506+01:00 [    19] WARNING    - W&#xD;&#xD;
2023-12-22 09:33:44.506+01:00 [    19] WARNING    - W&#xD;&#xD;
2023-12-22 09:33:44.506+01:00 [    19] WARNING    - W&#xD;&#xD;
2023-12-22 09:33:44.506+01:00 [    19] WARNING    - W&#xD;&#xD;
2023-12-22 09:33:44.506+01:00 [    19] WARNING    - W&#xD;&#xD;
2023-12-22 09:33:44.506+01:00 [    19] WARNING    - W&#xD;&#xD;
2023-12-22 09:33:44.506+01:00 [    19] WARNING    - W&#xD;&#xD;
2023-12-22 09:33:44.506+01:00 [    19] WARNING    - W&#xD;&#xD;
2023-12-22 09:33:44.506+01:00 [    19] WARNING    - W&#xD;&#xD;
2023-12-22 09:33:44.506+01:00 [    19] WARNING    - W&#xD;&#xD;
2023-12-22 09:33:44.506+01:00 [    19] WARNING    - W&#xD;&#xD;
2023-12-22 09:33:44.506+01:00 [    19] WARNING    - W&#xD;&#xD;
2023-12-22 09:33:44.506+01:00 [    19] WARNING    - W&#xD;&#xD;
2023-12-22 09:33:44.506+01:00 [    19] WARNING    - W&#xD;&#xD;
2023-12-22 09:33:44.506+01:00 [    19] WARNING    - W&#xD;&#xD;
2023-12-22 09:33:44.506+01:00 [    19] WARNING    - W&#xD;&#xD;
2023-12-22 09:33:44.506+01:00 [    19] WARNING    - W&#xD;&#xD;
2023-12-22 09:33:44.506+01:00 [    19] WARNING    - W&#xD;&#xD;
2023-12-22 09:33:44.506+01:00 [    19] WARNING    - W&#xD;&#xD;
2023-12-22 09:33:44.506+01:00 [    19] WARNING    - W&#xD;&#xD;
2023-12-22 09:33:44.506+01:00 [    19] WARNING    - W&#xD;&#xD;
2023-12-22 09:33:44.506+01:00 [    19] WARNING    - W&#xD;&#xD;
2023-12-22 09:33:44.506+01:00 [    19] WARNING    - W&#xD;&#xD;
2023-12-22 09:33:44.506+01:00 [    19] WARNING    - W&#xD;&#xD;
2023-12-22 09:33:44.506+01:00 [    19] WARNING    - W&#xD;&#xD;
2023-12-22 09:33:44.506+01:00 [    19] WARNING    - W&#xD;&#xD;
2023-12-22 09:33:44.506+01:00 [    19] WARNING    - W&#xD;&#xD;
2023-12-22 09:33:44.506+01:00 [    19] WARNING    - W&#xD;&#xD;
2023-12-22 09:33:44.506+01:00 [    19] WARNING    - W&#xD;&#xD;
2023-12-22 09:33:44.506+01:00 [    19] WARNING    - W&#xD;&#xD;
2023-12-22 09:33:44.506+01:00 [    19] WARNING    - W&#xD;&#xD;
2023-12-22 09:33:44.506+01:00 [    19] WARNING    - W&#xD;&#xD;
2023-12-22 09:33:44.506+01:00 [    19] WARNING    - W&#xD;&#xD;
2023-12-22 09:33:44.506+01:00 [    19] WARNING    - W&#xD;&#xD;
2023-12-22 09:33:44.506+01:00 [    19] WARNING    - W&#xD;&#xD;
2023-12-22 09:33:44.506+01:00 [    19] WARNING    - W&#xD;&#xD;
2023-12-22 09:33:44.506+01:00 [    19] WARNING    - W&#xD;&#xD;
2023-12-22 09:33:44.506+01:00 [    19] WARNING    - W&#xD;&#xD;
2023-12-22 09:33:44.506+01:00 [    19] WARNING    - W&#xD;&#xD;
2023-12-22 09:33:44.506+01:00 [    19] WARNING    - W&#xD;&#xD;
2023-12-22 09:33:44.506+01:00 [    19] WARNING    - W&#xD;&#xD;
2023-12-22 09:33:44.506+01:00 [    19] WARNING    - W&#xD;&#xD;
2023-12-22 09:33:44.506+01:00 [    19] WARNING    - W&#xD;&#xD;
2023-12-22 09:33:44.506+01:00 [    19] WARNING    - W&#xD;&#xD;
2023-12-22 09:33:44.506+01:00 [    19] WARNING    - W&#xD;&#xD;
2023-12-22 09:33:44.506+01:00 [    19] WARNING    - W&#xD;&#xD;
2023-12-22 09:33:44.506+01:00 [    19] WARNING    - W&#xD;&#xD;
2023-12-22 09:33:44.506+01:00 [    19] WARNING    - W&#xD;&#xD;
2023-12-22 09:33:44.506+01:00 [    19] WARNING    - W&#xD;&#xD;
2023-12-22 09:33:44.506+01:00 [    19] WARNING    - W&#xD;&#xD;
2023-12-22 09:33:44.506+01:00 [    19] WARNING    - W&#xD;&#xD;
2023-12-22 09:33:44.506+01:00 [    19] WARNING    - W&#xD;&#xD;
2023-12-22 09:33:44.506+01:00 [    19] WARNING    - W&#xD;&#xD;
2023-12-22 09:33:44.506+01:00 [    19] WARNING    - W&#xD;&#xD;
2023-12-22 09:33:44.506+01:00 [    19] WARNING    - W&#xD;&#xD;
2023-12-22 09:33:44.506+01:00 [    19] WARNING    - W&#xD;&#xD;
2023-12-22 09:33:44.506+01:00 [    19] WARNING    - W&#xD;&#xD;
2023-12-22 09:33:44.506+01:00 [    19] WARNING    - W&#xD;&#xD;
2023-12-22 09:33:44.506+01:00 [    19] WARNING    - W&#xD;&#xD;
2023-12-22 09:33:44.506+01:00 [    19] WARNING    - W&#xD;&#xD;
2023-12-22 09:33:44.506+01:00 [    19] WARNING    - W&#xD;&#xD;
2023-12-22 09:33:44.506+01:00 [    19] WARNING    - W&#xD;&#xD;
2023-12-22 09:33:44.506+01:00 [    19] WARNING    - W&#xD;&#xD;
2023-12-22 09:33:44.506+01:00 [    19] WARNING    - W&#xD;&#xD;
2023-12-22 09:33:44.506+01:00 [    19] WARNING    - W&#xD;&#xD;
2023-12-22 09:33:44.506+01:00 [    19] WARNING    - W&#xD;&#xD;
2023-12-22 09:33:44.506+01:00 [    19] WARNING    - W&#xD;&#xD;
2023-12-22 09:33:44.506+01:00 [    19] WARNING    - W&#xD;&#xD;
2023-12-22 09:33:44.506+01:00 [    19] WARNING    - W&#xD;&#xD;
2023-12-22 09:33:44.506+01:00 [    19] WARNING    - W&#xD;&#xD;
2023-12-22 09:33:44.506+01:00 [    19] WARNING    - W&#xD;&#xD;
2023-12-22 09:33:44.506+01:00 [    19] WARNING    - W&#xD;&#xD;
2023-12-22 09:33:44.506+01:00 [    19] WARNING    - W&#xD;&#xD;
2023-12-22 09:33:44.506+01:00 [    19] WARNING    - W&#xD;&#xD;
2023-12-22 09:33:44.506+01:00 [    19] WARNING    - W&#xD;&#xD;
2023-12-22 09:33:44.506+01:00 [    19] WARNING    - W&#xD;&#xD;
2023-12-22 09:33:44.506+01:00 [    19] WARNING    - W&#xD;&#xD;
2023-12-22 09:33:44.506+01:00 [    19] WARNING    - W&#xD;&#xD;
2023-12-22 09:33:44.506+01:00 [    19] WARNING    - W&#xD;&#xD;
2023-12-22 09:33:44.506+01:00 [    19] WARNING    - W&#xD;&#xD;
2023-12-22 09:33:44.506+01:00 [    19] WARNING    - W&#xD;&#xD;
2023-12-22 09:33:44.506+01:00 [    19] WARNING    - W&#xD;&#xD;
2023-12-22 09:33:44.506+01:00 [    19] WARNING    - W&#xD;&#xD;
2023-12-22 09:33:44.506+01:00 [    19] WARNING    - W&#xD;&#xD;
2023-12-22 09:33:44.506+01:00 [    19] WARNING    - W&#xD;&#xD;
2023-12-22 09:33:44.506+01:00 [    19] WARNING    - W&#xD;&#xD;
2023-12-22 09:33:44.506+01:00 [    19] WARNING    - W&#xD;&#xD;
2023-12-22 09:33:44.506+01:00 [    19] WARNING    - W&#xD;&#xD;
2023-12-22 09:33:44.506+01:00 [    19] WARNING    - W&#xD;&#xD;
2023-12-22 09:33:44.506+01:00 [    19] WARNING    - W&#xD;&#xD;
2023-12-22 09:33:44.506+01:00 [    19] WARNING    - W&#xD;&#xD;
2023-12-22 09:33:44.506+01:00 [    19] WARNING    - W&#xD;&#xD;
2023-12-22 09:33:44.506+01:00 [    19] WARNING    - W&#xD;&#xD;
2023-12-22 09:33:44.506+01:00 [    19] WARNING    - W&#xD;&#xD;
2023-12-22 09:33:44.506+01:00 [    19] WARNING    - W&#xD;&#xD;
2023-12-22 09:33:44.506+01:00 [    19] WARNING    - W&#xD;&#xD;
2023-12-22 09:33:44.506+01:00 [    19] WARNING    - W&#xD;&#xD;
2023-12-22 09:33:44.506+01:00 [    19] WARNING    - W&#xD;&#xD;
2023-12-22 09:33:44.506+01:00 [    19] WARNING    - W&#xD;&#xD;
2023-12-22 09:33:44.506+01:00 [    19] WARNING    - W&#xD;&#xD;
2023-12-22 09:33:44.506+01:00 [    19] WARNING    - W&#xD;&#xD;
2023-12-22 09:33:44.506+01:00 [    19] WARNING    - W&#xD;&#xD;
2023-12-22 09:33:44.506+01:00 [    19] WARNING    - W&#xD;&#xD;
2023-12-22 09:33:44.506+01:00 [    19] WARNING    - W&#xD;&#xD;
2023-12-22 09:33:44.506+01:00 [    19] WARNING    - W&#xD;&#xD;
2023-12-22 09:33:44.506+01:00 [    19] WARNING    - W&#xD;&#xD;
2023-12-22 09:33:44.506+01:00 [    19] WARNING    - W&#xD;&#xD;
2023-12-22 09:33:44.506+01:00 [    19] WARNING    - W&#xD;&#xD;
2023-12-22 09:33:44.506+01:00 [    19] WARNING    - W&#xD;&#xD;
2023-12-22 09:33:44.506+01:00 [    19] WARNING    - W&#xD;&#xD;
2023-12-22 09:33:44.506+01:00 [    19] WARNING    - W&#xD;&#xD;
2023-12-22 09:33:44.506+01:00 [    19] WARNING    - W&#xD;&#xD;
2023-12-22 09:33:44.506+01:00 [    19] WARNING    - W&#xD;&#xD;
2023-12-22 09:33:44.506+01:00 [    19] WARNING    - W&#xD;&#xD;
2023-12-22 09:33:44.506+01:00 [    19] WARNING    - W&#xD;&#xD;
2023-12-22 09:33:44.506+01:00 [    19] WARNING    - W&#xD;&#xD;
2023-12-22 09:33:44.506+01:00 [    19] WARNING    - W&#xD;&#xD;
2023-12-22 09:33:44.506+01:00 [    19] WARNING    - W&#xD;&#xD;
2023-12-22 09:33:44.506+01:00 [    19] WARNING    - W&#xD;&#xD;
2023-12-22 09:33:44.506+01:00 [    19] WARNING    - W&#xD;&#xD;
2023-12-22 09:33:44.506+01:00 [    19] WARNING    - W&#xD;&#xD;
2023-12-22 09:33:44.506+01:00 [    19] WARNING    - W&#xD;&#xD;
2023-12-22 09:33:44.506+01:00 [    19] WARNING    - W&#xD;&#xD;
2023-12-22 09:33:44.506+01:00 [    19] WARNING    - W&#xD;&#xD;
2023-12-22 09:33:44.506+01:00 [    19] WARNING    - W&#xD;&#xD;
2023-12-22 09:33:44.506+01:00 [    19] WARNING    - W&#xD;&#xD;
2023-12-22 09:33:44.506+01:00 [    19] WARNING    - W&#xD;&#xD;
2023-12-22 09:33:44.506+01:00 [    19] WARNING    - W&#xD;&#xD;
2023-12-22 09:33:44.506+01:00 [    19] WARNING    - W&#xD;&#xD;
2023-12-22 09:33:44.506+01:00 [    19] WARNING    - W&#xD;&#xD;
2023-12-22 09:33:44.506+01:00 [    19] WARNING    - W&#xD;&#xD;
2023-12-22 09:33:44.506+01:00 [    19] WARNING    - W&#xD;&#xD;
2023-12-22 09:33:44.506+01:00 [    19] WARNING    - W&#xD;&#xD;
2023-12-22 09:33:44.506+01:00 [    19] WARNING    - W&#xD;&#xD;
2023-12-22 09:33:44.506+01:00 [    19] WARNING    - W&#xD;&#xD;
2023-12-22 09:33:44.506+01:00 [    19] WARNING    - W&#xD;&#xD;
2023-12-22 09:33:44.506+01:00 [    19] WARNING    - W&#xD;&#xD;
2023-12-22 09:33:44.506+01:00 [    19] WARNING    - W&#xD;&#xD;
2023-12-22 09:33:44.506+01:00 [    19] WARNING    - W&#xD;&#xD;
2023-12-22 09:33:44.506+01:00 [    19] WARNING    - W&#xD;&#xD;
2023-12-22 09:33:44.506+01:00 [    19] WARNING    - W&#xD;&#xD;
2023-12-22 09:33:44.506+01:00 [    19] WARNING    - W&#xD;&#xD;
2023-12-22 09:33:44.506+01:00 [    19] WARNING    - W&#xD;&#xD;
2023-12-22 09:33:44.506+01:00 [    19] WARNING    - W&#xD;&#xD;
2023-12-22 09:33:44.506+01:00 [    19] WARNING    - W&#xD;&#xD;
2023-12-22 09:33:44.506+01:00 [    19] WARNING    - W&#xD;&#xD;
2023-12-22 09:33:44.506+01:00 [    19] WARNING    - W&#xD;&#xD;
2023-12-22 09:33:44.506+01:00 [    19] WARNING    - W&#xD;&#xD;
2023-12-22 09:33:44.506+01:00 [    19] WARNING    - W&#xD;&#xD;
2023-12-22 09:33:44.506+01:00 [    19] WARNING    - W&#xD;&#xD;
2023-12-22 09:33:44.506+01:00 [    19] WARNING    - W&#xD;&#xD;
2023-12-22 09:33:44.506+01:00 [    19] WARNING    - W&#xD;&#xD;
2023-12-22 09:33:44.506+01:00 [    19] WARNING    - W&#xD;&#xD;
2023-12-22 09:33:44.506+01:00 [    19] WARNING    - W&#xD;&#xD;
2023-12-22 09:33:44.521+01:00 [    19] WARNING    - W&#xD;&#xD;
2023-12-22 09:33:44.521+01:00 [    19] WARNING    - W&#xD;&#xD;
2023-12-22 09:33:44.521+01:00 [    19] WARNING    - W&#xD;&#xD;
2023-12-22 09:33:44.521+01:00 [    19] WARNING    - W&#xD;&#xD;
2023-12-22 09:33:44.521+01:00 [    19] WARNING    - W&#xD;&#xD;
2023-12-22 09:33:44.521+01:00 [    19] WARNING    - W&#xD;&#xD;
2023-12-22 09:33:44.521+01:00 [    19] WARNING    - W&#xD;&#xD;
2023-12-22 09:33:44.521+01:00 [    19] WARNING    - W&#xD;&#xD;
2023-12-22 09:33:44.521+01:00 [    19] WARNING    - W&#xD;&#xD;
2023-12-22 09:33:44.521+01:00 [    19] WARNING    - W&#xD;&#xD;
2023-12-22 09:33:44.521+01:00 [    19] WARNING    - W&#xD;&#xD;
2023-12-22 09:33:44.521+01:00 [    19] WARNING    - W&#xD;&#xD;
2023-12-22 09:33:44.521+01:00 [    19] WARNING    - W&#xD;&#xD;
2023-12-22 09:33:44.521+01:00 [    19] WARNING    - W&#xD;&#xD;
2023-12-22 09:33:44.521+01:00 [    19] WARNING    - W&#xD;&#xD;
2023-12-22 09:33:44.521+01:00 [    19] WARNING    - W&#xD;&#xD;
2023-12-22 09:33:44.521+01:00 [    19] WARNING    - W&#xD;&#xD;
2023-12-22 09:33:44.521+01:00 [    19] WARNING    - W&#xD;&#xD;
2023-12-22 09:33:44.521+01:00 [    19] WARNING    - W&#xD;&#xD;
2023-12-22 09:33:44.521+01:00 [    19] WARNING    - W&#xD;&#xD;
2023-12-22 09:33:44.521+01:00 [    19] WARNING    - W&#xD;&#xD;
2023-12-22 09:33:44.521+01:00 [    19] WARNING    - W&#xD;&#xD;
2023-12-22 09:33:44.521+01:00 [    19] WARNING    - W&#xD;&#xD;
2023-12-22 09:33:44.521+01:00 [    19] WARNING    - W&#xD;&#xD;
2023-12-22 09:33:44.521+01:00 [    19] WARNING    - W&#xD;&#xD;
2023-12-22 09:33:44.521+01:00 [    19] WARNING    - W&#xD;&#xD;
2023-12-22 09:33:44.521+01:00 [    19] WARNING    - W&#xD;&#xD;
2023-12-22 09:33:44.521+01:00 [    19] WARNING    - W&#xD;&#xD;
2023-12-22 09:33:44.521+01:00 [    19] WARNING    - W&#xD;&#xD;
2023-12-22 09:33:44.521+01:00 [    19] WARNING    - W&#xD;&#xD;
2023-12-22 09:33:44.521+01:00 [    19] WARNING    - W&#xD;&#xD;
2023-12-22 09:33:44.521+01:00 [    19] WARNING    - W&#xD;&#xD;
2023-12-22 09:33:44.521+01:00 [    19] WARNING    - W&#xD;&#xD;
2023-12-22 09:33:44.521+01:00 [    19] WARNING    - W&#xD;&#xD;
2023-12-22 09:33:44.521+01:00 [    19] WARNING    - W&#xD;&#xD;
2023-12-22 09:33:44.521+01:00 [    19] WARNING    - W&#xD;&#xD;
2023-12-22 09:33:44.521+01:00 [    19] WARNING    - W&#xD;&#xD;
2023-12-22 09:33:44.521+01:00 [    19] WARNING    - W&#xD;&#xD;
2023-12-22 09:33:44.521+01:00 [    19] WARNING    - W&#xD;&#xD;
2023-12-22 09:33:44.521+01:00 [    19] WARNING    - W&#xD;&#xD;
2023-12-22 09:33:44.521+01:00 [    19] WARNING    - W&#xD;&#xD;
2023-12-22 09:33:44.521+01:00 [    19] WARNING    - W&#xD;&#xD;
2023-12-22 09:33:44.521+01:00 [    19] WARNING    - W&#xD;&#xD;
2023-12-22 09:33:44.521+01:00 [    19] WARNING    - W&#xD;&#xD;
2023-12-22 09:33:44.521+01:00 [    19] WARNING    - W&#xD;&#xD;
2023-12-22 09:33:44.521+01:00 [    19] WARNING    - W&#xD;&#xD;
2023-12-22 09:33:44.521+01:00 [    19] WARNING    - W&#xD;&#xD;
2023-12-22 09:33:44.521+01:00 [    19] WARNING    - W&#xD;&#xD;
2023-12-22 09:33:44.521+01:00 [    19] WARNING    - W&#xD;&#xD;
2023-12-22 09:33:44.521+01:00 [    19] WARNING    - W&#xD;&#xD;
2023-12-22 09:33:44.521+01:00 [    19] WARNING    - W&#xD;&#xD;
2023-12-22 09:33:44.521+01:00 [    19] WARNING    - W&#xD;&#xD;
2023-12-22 09:33:44.521+01:00 [    19] WARNING    - W&#xD;&#xD;
2023-12-22 09:33:44.521+01:00 [    19] WARNING    - W&#xD;&#xD;
2023-12-22 09:33:44.521+01:00 [    19] WARNING    - W&#xD;&#xD;
2023-12-22 09:33:44.521+01:00 [    19] WARNING    - W&#xD;&#xD;
2023-12-22 09:33:44.521+01:00 [    19] WARNING    - W&#xD;&#xD;
2023-12-22 09:33:44.521+01:00 [    19] WARNING    - W&#xD;&#xD;
2023-12-22 09:33:44.521+01:00 [    19] WARNING    - W&#xD;&#xD;
2023-12-22 09:33:44.521+01:00 [    19] WARNING    - W&#xD;&#xD;
2023-12-22 09:33:44.521+01:00 [    19] WARNING    - W&#xD;&#xD;
2023-12-22 09:33:44.521+01:00 [    19] WARNING    - W&#xD;&#xD;
2023-12-22 09:33:44.521+01:00 [    19] WARNING    - W&#xD;&#xD;
2023-12-22 09:33:44.521+01:00 [    19] WARNING    - W&#xD;&#xD;
2023-12-22 09:33:44.521+01:00 [    19] WARNING    - W&#xD;&#xD;
2023-12-22 09:33:44.521+01:00 [    19] WARNING    - W&#xD;&#xD;
2023-12-22 09:33:44.521+01:00 [    19] WARNING    - W&#xD;&#xD;
2023-12-22 09:33:44.521+01:00 [    19] WARNING    - W&#xD;&#xD;
2023-12-22 09:33:44.521+01:00 [    19] WARNING    - W&#xD;&#xD;
2023-12-22 09:33:44.521+01:00 [    19] WARNING    - W&#xD;&#xD;
2023-12-22 09:33:44.521+01:00 [    19] WARNING    - W&#xD;&#xD;
2023-12-22 09:33:44.521+01:00 [    19] WARNING    - W&#xD;&#xD;
2023-12-22 09:33:44.521+01:00 [    19] WARNING    - W&#xD;&#xD;
2023-12-22 09:33:44.521+01:00 [    19] WARNING    - W&#xD;&#xD;
2023-12-22 09:33:44.521+01:00 [    19] WARNING    - W&#xD;&#xD;
2023-12-22 09:33:44.521+01:00 [    19] WARNING    - W&#xD;&#xD;
2023-12-22 09:33:44.521+01:00 [    19] WARNING    - W&#xD;&#xD;
2023-12-22 09:33:44.521+01:00 [    19] WARNING    - W&#xD;&#xD;
2023-12-22 09:33:44.521+01:00 [    19] WARNING    - W&#xD;&#xD;
2023-12-22 09:33:44.521+01:00 [    19] WARNING    - W&#xD;&#xD;
2023-12-22 09:33:44.521+01:00 [    19] WARNING    - W&#xD;&#xD;
2023-12-22 09:33:44.521+01:00 [    19] WARNING    - W&#xD;&#xD;
2023-12-22 09:33:44.521+01:00 [    19] WARNING    - W&#xD;&#xD;
2023-12-22 09:33:44.521+01:00 [    19] WARNING    - W&#xD;&#xD;
2023-12-22 09:33:44.521+01:00 [    19] WARNING    - W&#xD;&#xD;
2023-12-22 09:33:44.521+01:00 [    19] WARNING    - W&#xD;&#xD;
2023-12-22 09:33:44.521+01:00 [    19] WARNING    - W&#xD;&#xD;
2023-12-22 09:33:44.521+01:00 [    19] WARNING    - W&#xD;&#xD;
2023-12-22 09:33:44.521+01:00 [    19] WARNING    - W&#xD;&#xD;
2023-12-22 09:33:44.521+01:00 [    19] WARNING    - W&#xD;&#xD;
2023-12-22 09:33:44.521+01:00 [    19] WARNING    - W&#xD;&#xD;
2023-12-22 09:33:44.521+01:00 [    19] WARNING    - W&#xD;&#xD;
2023-12-22 09:33:44.521+01:00 [    19] WARNING    - W&#xD;&#xD;
2023-12-22 09:33:44.521+01:00 [    19] WARNING    - W&#xD;&#xD;
2023-12-22 09:33:44.521+01:00 [    19] WARNING    - W&#xD;&#xD;
2023-12-22 09:33:44.521+01:00 [    19] WARNING    - W&#xD;&#xD;
2023-12-22 09:33:44.521+01:00 [    19] WARNING    - W&#xD;&#xD;
2023-12-22 09:33:44.521+01:00 [    19] WARNING    - W&#xD;&#xD;
2023-12-22 09:33:44.521+01:00 [    19] WARNING    - W&#xD;&#xD;
2023-12-22 09:33:44.521+01:00 [    19] WARNING    - W&#xD;&#xD;
2023-12-22 09:33:44.521+01:00 [    19] WARNING    - W&#xD;&#xD;
2023-12-22 09:33:44.521+01:00 [    19] WARNING    - W&#xD;&#xD;
2023-12-22 09:33:44.521+01:00 [    19] WARNING    - W&#xD;&#xD;
2023-12-22 09:33:44.521+01:00 [    19] WARNING    - W&#xD;&#xD;
2023-12-22 09:33:44.521+01:00 [    19] WARNING    - W&#xD;&#xD;
2023-12-22 09:33:44.521+01:00 [    19] WARNING    - W&#xD;&#xD;
2023-12-22 09:33:44.521+01:00 [    19] WARNING    - W&#xD;&#xD;
2023-12-22 09:33:44.521+01:00 [    19] WARNING    - W&#xD;&#xD;
2023-12-22 09:33:44.521+01:00 [    19] WARNING    - W&#xD;&#xD;
2023-12-22 09:33:44.521+01:00 [    19] WARNING    - W&#xD;&#xD;
2023-12-22 09:33:44.521+01:00 [    19] WARNING    - W&#xD;&#xD;
2023-12-22 09:33:44.521+01:00 [    19] WARNING    - W&#xD;&#xD;
2023-12-22 09:33:44.521+01:00 [    19] WARNING    - W&#xD;&#xD;
2023-12-22 09:33:44.521+01:00 [    19] WARNING    - W&#xD;&#xD;
2023-12-22 09:33:44.521+01:00 [    19] WARNING    - W&#xD;&#xD;
2023-12-22 09:33:44.521+01:00 [    19] WARNING    - W&#xD;&#xD;
2023-12-22 09:33:44.521+01:00 [    19] WARNING    - W&#xD;&#xD;
2023-12-22 09:33:44.521+01:00 [    19] WARNING    - W&#xD;&#xD;
2023-12-22 09:33:44.521+01:00 [    19] WARNING    - W&#xD;&#xD;
2023-12-22 09:33:44.521+01:00 [    19] WARNING    - W&#xD;&#xD;
2023-12-22 09:33:44.521+01:00 [    19] WARNING    - W&#xD;&#xD;
2023-12-22 09:33:44.521+01:00 [    19] WARNING    - W&#xD;&#xD;
2023-12-22 09:33:44.521+01:00 [    19] WARNING    - W&#xD;&#xD;
2023-12-22 09:33:44.521+01:00 [    19] WARNING    - W&#xD;&#xD;
2023-12-22 09:33:44.521+01:00 [    19] WARNING    - W&#xD;&#xD;
2023-12-22 09:33:44.521+01:00 [    19] WARNING    - W&#xD;&#xD;
2023-12-22 09:33:44.521+01:00 [    19] WARNING    - W&#xD;&#xD;
2023-12-22 09:33:44.521+01:00 [    19] WARNING    - W&#xD;&#xD;
2023-12-22 09:33:44.521+01:00 [    19] WARNING    - W&#xD;&#xD;
2023-12-22 09:33:44.521+01:00 [    19] WARNING    - W&#xD;&#xD;
2023-12-22 09:33:44.521+01:00 [    19] WARNING    - W&#xD;&#xD;
2023-12-22 09:33:44.521+01:00 [    19] WARNING    - W&#xD;&#xD;
2023-12-22 09:33:44.521+01:00 [    19] WARNING    - W&#xD;&#xD;
2023-12-22 09:33:44.521+01:00 [    19] WARNING    - W&#xD;&#xD;
2023-12-22 09:33:44.521+01:00 [    19] WARNING    - W&#xD;&#xD;
2023-12-22 09:33:44.521+01:00 [    19] WARNING    - W&#xD;&#xD;
2023-12-22 09:33:44.521+01:00 [    19] WARNING    - W&#xD;&#xD;
2023-12-22 09:33:44.521+01:00 [    19] WARNING    - W&#xD;&#xD;
2023-12-22 09:33:44.521+01:00 [    19] WARNING    - W&#xD;&#xD;
2023-12-22 09:33:44.521+01:00 [    19] WARNING    - W&#xD;&#xD;
2023-12-22 09:33:44.521+01:00 [    19] WARNING    - W&#xD;&#xD;
2023-12-22 09:33:44.521+01:00 [    19] WARNING    - W&#xD;&#xD;
2023-12-22 09:33:44.521+01:00 [    19] WARNING    - W&#xD;&#xD;
2023-12-22 09:33:44.521+01:00 [    19] WARNING    - W&#xD;&#xD;
2023-12-22 09:33:44.521+01:00 [    19] WARNING    - W&#xD;&#xD;
2023-12-22 09:33:44.521+01:00 [    19] WARNING    - W&#xD;&#xD;
2023-12-22 09:33:44.521+01:00 [    19] WARNING    - W&#xD;&#xD;
2023-12-22 09:33:44.521+01:00 [    19] WARNING    - W&#xD;&#xD;
2023-12-22 09:33:44.521+01:00 [    19] WARNING    - W&#xD;&#xD;
2023-12-22 09:33:44.521+01:00 [    19] WARNING    - W&#xD;&#xD;
2023-12-22 09:33:44.521+01:00 [    19] WARNING    - W&#xD;&#xD;
2023-12-22 09:33:44.521+01:00 [    19] WARNING    - W&#xD;&#xD;
2023-12-22 09:33:44.521+01:00 [    19] WARNING    - W&#xD;&#xD;
2023-12-22 09:33:44.521+01:00 [    19] WARNING    - W&#xD;&#xD;
2023-12-22 09:33:44.521+01:00 [    19] WARNING    - W&#xD;&#xD;
2023-12-22 09:33:44.521+01:00 [    19] WARNING    - W&#xD;&#xD;
2023-12-22 09:33:44.521+01:00 [    19] WARNING    - W&#xD;&#xD;
2023-12-22 09:33:44.521+01:00 [    19] WARNING    - W&#xD;&#xD;
2023-12-22 09:33:44.521+01:00 [    19] WARNING    - W&#xD;&#xD;
2023-12-22 09:33:44.521+01:00 [    19] WARNING    - W&#xD;&#xD;
2023-12-22 09:33:44.521+01:00 [    19] WARNING    - W&#xD;&#xD;
2023-12-22 09:33:44.521+01:00 [    19] WARNING    - W&#xD;&#xD;
2023-12-22 09:33:44.521+01:00 [    19] WARNING    - W&#xD;&#xD;
2023-12-22 09:33:44.521+01:00 [    19] WARNING    - W&#xD;&#xD;
2023-12-22 09:33:44.521+01:00 [    19] WARNING    - W&#xD;&#xD;
2023-12-22 09:33:44.521+01:00 [    19] WARNING    - W&#xD;&#xD;
2023-12-22 09:33:44.521+01:00 [    19] WARNING    - W&#xD;&#xD;
2023-12-22 09:33:44.521+01:00 [    19] WARNING    - W&#xD;&#xD;
2023-12-22 09:33:44.521+01:00 [    19] WARNING    - W&#xD;&#xD;
2023-12-22 09:33:44.521+01:00 [    19] WARNING    - W&#xD;&#xD;
2023-12-22 09:33:44.521+01:00 [    19] WARNING    - W&#xD;&#xD;
2023-12-22 09:33:44.521+01:00 [    19] WARNING    - W&#xD;&#xD;
2023-12-22 09:33:44.521+01:00 [    19] WARNING    - W&#xD;&#xD;
2023-12-22 09:33:44.521+01:00 [    19] WARNING    - W&#xD;&#xD;
2023-12-22 09:33:44.521+01:00 [    19] WARNING    - W&#xD;&#xD;
2023-12-22 09:33:44.521+01:00 [    19] WARNING    - W&#xD;&#xD;
2023-12-22 09:33:44.521+01:00 [    19] WARNING    - W&#xD;&#xD;
2023-12-22 09:33:44.521+01:00 [    19] WARNING    - W&#xD;&#xD;
2023-12-22 09:33:44.521+01:00 [    19] WARNING    - W&#xD;&#xD;
2023-12-22 09:33:44.521+01:00 [    19] WARNING    - W&#xD;&#xD;
2023-12-22 09:33:44.521+01:00 [    19] WARNING    - W&#xD;&#xD;
2023-12-22 09:33:44.521+01:00 [    19] WARNING    - W&#xD;&#xD;
2023-12-22 09:33:44.521+01:00 [    19] WARNING    - W&#xD;&#xD;
2023-12-22 09:33:44.521+01:00 [    19] WARNING    - W&#xD;&#xD;
2023-12-22 09:33:44.521+01:00 [    19] WARNING    - W&#xD;&#xD;
2023-12-22 09:33:44.521+01:00 [    19] WARNING    - W&#xD;&#xD;
2023-12-22 09:33:44.521+01:00 [    19] WARNING    - W&#xD;&#xD;
2023-12-22 09:33:44.521+01:00 [    19] WARNING    - W&#xD;&#xD;
2023-12-22 09:33:44.521+01:00 [    19] WARNING    - W&#xD;&#xD;
2023-12-22 09:33:44.521+01:00 [    19] WARNING    - W&#xD;&#xD;
2023-12-22 09:33:44.521+01:00 [    19] WARNING    - W&#xD;&#xD;
2023-12-22 09:33:44.521+01:00 [    19] WARNING    - W&#xD;&#xD;
2023-12-22 09:33:44.521+01:00 [    19] WARNING    - W&#xD;&#xD;
2023-12-22 09:33:44.521+01:00 [    19] WARNING    - W&#xD;&#xD;
2023-12-22 09:33:44.521+01:00 [    19] WARNING    - W&#xD;&#xD;
2023-12-22 09:33:44.521+01:00 [    19] WARNING    - W&#xD;&#xD;
2023-12-22 09:33:44.521+01:00 [    19] WARNING    - W&#xD;&#xD;
2023-12-22 09:33:44.521+01:00 [    19] WARNING    - W&#xD;&#xD;
2023-12-22 09:33:44.521+01:00 [    19] WARNING    - W&#xD;&#xD;
2023-12-22 09:33:44.521+01:00 [    19] WARNING    - W&#xD;&#xD;
2023-12-22 09:33:44.521+01:00 [    19] WARNING    - W&#xD;&#xD;
2023-12-22 09:33:44.521+01:00 [    19] WARNING    - W&#xD;&#xD;
2023-12-22 09:33:44.521+01:00 [    19] WARNING    - W&#xD;&#xD;
2023-12-22 09:33:44.521+01:00 [    19] WARNING    - W&#xD;&#xD;
2023-12-22 09:33:44.521+01:00 [    19] WARNING    - W&#xD;&#xD;
2023-12-22 09:33:44.521+01:00 [    19] WARNING    - W&#xD;&#xD;
2023-12-22 09:33:44.521+01:00 [    19] WARNING    - W&#xD;&#xD;
2023-12-22 09:33:44.521+01:00 [    19] WARNING    - W&#xD;&#xD;
2023-12-22 09:33:44.521+01:00 [    19] WARNING    - W&#xD;&#xD;
2023-12-22 09:33:44.521+01:00 [    19] WARNING    - W&#xD;&#xD;
2023-12-22 09:33:44.521+01:00 [    19] WARNING    - W&#xD;&#xD;
2023-12-22 09:33:44.521+01:00 [    19] WARNING    - W&#xD;&#xD;
2023-12-22 09:33:44.521+01:00 [    19] WARNING    - W&#xD;&#xD;
2023-12-22 09:33:44.521+01:00 [    19] WARNING    - W&#xD;&#xD;
2023-12-22 09:33:44.521+01:00 [    19] WARNING    - W&#xD;&#xD;
2023-12-22 09:33:44.521+01:00 [    19] WARNING    - W&#xD;&#xD;
2023-12-22 09:33:44.521+01:00 [    19] WARNING    - W&#xD;&#xD;
2023-12-22 09:33:44.521+01:00 [    19] WARNING    - W&#xD;&#xD;
2023-12-22 09:33:44.521+01:00 [    19] WARNING    - W&#xD;&#xD;
2023-12-22 09:33:44.521+01:00 [    19] WARNING    - W&#xD;&#xD;
2023-12-22 09:33:44.521+01:00 [    19] WARNING    - W&#xD;&#xD;
2023-12-22 09:33:44.521+01:00 [    19] WARNING    - W&#xD;&#xD;
2023-12-22 09:33:44.521+01:00 [    19] WARNING    - W&#xD;&#xD;
2023-12-22 09:33:44.521+01:00 [    19] WARNING    - W&#xD;&#xD;
2023-12-22 09:33:44.521+01:00 [    19] WARNING    - W&#xD;&#xD;
2023-12-22 09:33:44.521+01:00 [    19] WARNING    - W&#xD;&#xD;
2023-12-22 09:33:44.521+01:00 [    19] WARNING    - W&#xD;&#xD;
2023-12-22 09:33:44.521+01:00 [    19] WARNING    - W&#xD;&#xD;
2023-12-22 09:33:44.521+01:00 [    19] WARNING    - W&#xD;&#xD;
2023-12-22 09:33:44.521+01:00 [    19] WARNING    - W&#xD;&#xD;
2023-12-22 09:33:44.521+01:00 [    19] WARNING    - W&#xD;&#xD;
2023-12-22 09:33:44.521+01:00 [    19] WARNING    - W&#xD;&#xD;
2023-12-22 09:33:44.521+01:00 [    19] WARNING    - W&#xD;&#xD;
2023-12-22 09:33:44.521+01:00 [    19] WARNING    - W&#xD;&#xD;
2023-12-22 09:33:44.521+01:00 [    19] WARNING    - W&#xD;&#xD;
2023-12-22 09:33:44.521+01:00 [    19] WARNING    - W&#xD;&#xD;
2023-12-22 09:33:44.521+01:00 [    19] WARNING    - W&#xD;&#xD;
2023-12-22 09:33:44.521+01:00 [    19] WARNING    - W&#xD;&#xD;
2023-12-22 09:33:44.521+01:00 [    19] WARNING    - W&#xD;&#xD;
2023-12-22 09:33:44.521+01:00 [    19] WARNING    - W&#xD;&#xD;
2023-12-22 09:33:44.521+01:00 [    19] WARNING    - W&#xD;&#xD;
2023-12-22 09:33:44.521+01:00 [    19] WARNING    - W&#xD;&#xD;
2023-12-22 09:33:44.521+01:00 [    19] WARNING    - W&#xD;&#xD;
2023-12-22 09:33:44.521+01:00 [    19] WARNING    - W&#xD;&#xD;
2023-12-22 09:33:44.521+01:00 [    19] WARNING    - W&#xD;&#xD;
2023-12-22 09:33:44.521+01:00 [    19] WARNING    - W&#xD;&#xD;
2023-12-22 09:33:44.521+01:00 [    19] WARNING    - W&#xD;&#xD;
2023-12-22 09:33:44.521+01:00 [    19] WARNING    - W&#xD;&#xD;
2023-12-22 09:33:44.521+01:00 [    19] WARNING    - W&#xD;&#xD;
2023-12-22 09:33:44.521+01:00 [    19] WARNING    - W&#xD;&#xD;
2023-12-22 09:33:44.521+01:00 [    19] WARNING    - W&#xD;&#xD;
2023-12-22 09:33:44.521+01:00 [    19] WARNING    - W&#xD;&#xD;
2023-12-22 09:33:44.521+01:00 [    19] WARNING    - W&#xD;&#xD;
2023-12-22 09:33:44.521+01:00 [    19] WARNING    - W&#xD;&#xD;
2023-12-22 09:33:44.521+01:00 [    19] WARNING    - W&#xD;&#xD;
2023-12-22 09:33:44.521+01:00 [    19] WARNING    - W&#xD;&#xD;
2023-12-22 09:33:44.521+01:00 [    19] WARNING    - W&#xD;&#xD;
2023-12-22 09:33:44.521+01:00 [    19] WARNING    - W&#xD;&#xD;
2023-12-22 09:33:44.521+01:00 [    19] WARNING    - W&#xD;&#xD;
2023-12-22 09:33:44.521+01:00 [    19] WARNING    - W&#xD;&#xD;
2023-12-22 09:33:44.521+01:00 [    19] WARNING    - W&#xD;&#xD;
2023-12-22 09:33:44.521+01:00 [    19] WARNING    - W&#xD;&#xD;
2023-12-22 09:33:44.521+01:00 [    19] WARNING    - W&#xD;&#xD;
2023-12-22 09:33:44.521+01:00 [    19] WARNING    - W&#xD;&#xD;
2023-12-22 09:33:44.521+01:00 [    19] WARNING    - W&#xD;&#xD;
2023-12-22 09:33:44.521+01:00 [    19] WARNING    - W&#xD;&#xD;
2023-12-22 09:33:44.521+01:00 [    19] WARNING    - W&#xD;&#xD;
2023-12-22 09:33:44.521+01:00 [    19] WARNING    - W&#xD;&#xD;
2023-12-22 09:33:44.521+01:00 [    19] WARNING    - W&#xD;&#xD;
2023-12-22 09:33:44.521+01:00 [    19] WARNING    - W&#xD;&#xD;
2023-12-22 09:33:44.521+01:00 [    19] WARNING    - W&#xD;&#xD;
2023-12-22 09:33:44.521+01:00 [    19] WARNING    - W&#xD;&#xD;
2023-12-22 09:33:44.521+01:00 [    19] WARNING    - W&#xD;&#xD;
2023-12-22 09:33:44.521+01:00 [    19] WARNING    - W&#xD;&#xD;
2023-12-22 09:33:44.521+01:00 [    19] WARNING    - W&#xD;&#xD;
2023-12-22 09:33:44.521+01:00 [    19] WARNING    - W&#xD;&#xD;
2023-12-22 09:33:44.521+01:00 [    19] WARNING    - W&#xD;&#xD;
2023-12-22 09:33:44.521+01:00 [    19] WARNING    - W&#xD;&#xD;
2023-12-22 09:33:44.521+01:00 [    19] WARNING    - W&#xD;&#xD;
2023-12-22 09:33:44.521+01:00 [    19] WARNING    - W&#xD;&#xD;
2023-12-22 09:33:44.521+01:00 [    19] WARNING    - W&#xD;&#xD;
2023-12-22 09:33:44.521+01:00 [    19] WARNING    - W&#xD;&#xD;
2023-12-22 09:33:44.521+01:00 [    19] WARNING    - W&#xD;&#xD;
2023-12-22 09:33:44.521+01:00 [    19] WARNING    - W&#xD;&#xD;
2023-12-22 09:33:44.521+01:00 [    19] WARNING    - W&#xD;&#xD;
2023-12-22 09:33:44.521+01:00 [    19] WARNING    - W&#xD;&#xD;
2023-12-22 09:33:44.521+01:00 [    19] WARNING    - W&#xD;&#xD;
2023-12-22 09:33:44.521+01:00 [    19] WARNING    - W&#xD;&#xD;
2023-12-22 09:33:44.521+01:00 [    19] WARNING    - W&#xD;&#xD;
2023-12-22 09:33:44.521+01:00 [    19] WARNING    - W&#xD;&#xD;
2023-12-22 09:33:44.521+01:00 [    19] WARNING    - W&#xD;&#xD;
2023-12-22 09:33:44.521+01:00 [    19] WARNING    - W&#xD;&#xD;
2023-12-22 09:33:44.521+01:00 [    19] WARNING    - W&#xD;&#xD;
2023-12-22 09:33:44.521+01:00 [    19] WARNING    - W&#xD;&#xD;
2023-12-22 09:33:44.521+01:00 [    19] WARNING    - W&#xD;&#xD;
2023-12-22 09:33:44.521+01:00 [    19] WARNING    - W&#xD;&#xD;
2023-12-22 09:33:44.521+01:00 [    19] WARNING    - W&#xD;&#xD;
2023-12-22 09:33:44.521+01:00 [    19] WARNING    - W&#xD;&#xD;
2023-12-22 09:33:44.521+01:00 [    19] WARNING    - W&#xD;&#xD;
2023-12-22 09:33:44.521+01:00 [    19] WARNING    - W&#xD;&#xD;
2023-12-22 09:33:44.521+01:00 [    19] WARNING    - W&#xD;&#xD;
2023-12-22 09:33:44.521+01:00 [    19] WARNING    - W&#xD;&#xD;
2023-12-22 09:33:44.521+01:00 [    19] WARNING    - W&#xD;&#xD;
2023-12-22 09:33:44.521+01:00 [    19] WARNING    - W&#xD;&#xD;
2023-12-22 09:33:44.521+01:00 [    19] WARNING    - W&#xD;&#xD;
2023-12-22 09:33:44.521+01:00 [    19] WARNING    - W&#xD;&#xD;
2023-12-22 09:33:44.521+01:00 [    19] WARNING    - W&#xD;&#xD;
2023-12-22 09:33:44.521+01:00 [    19] WARNING    - W&#xD;&#xD;
2023-12-22 09:33:44.521+01:00 [    19] WARNING    - W&#xD;&#xD;
2023-12-22 09:33:44.521+01:00 [    19] WARNING    - W&#xD;&#xD;
2023-12-22 09:33:44.521+01:00 [    19] WARNING    - W&#xD;&#xD;
2023-12-22 09:33:44.521+01:00 [    19] WARNING    - W&#xD;&#xD;
2023-12-22 09:33:44.521+01:00 [    19] WARNING    - W&#xD;&#xD;
2023-12-22 09:33:44.521+01:00 [    19] WARNING    - W&#xD;&#xD;
2023-12-22 09:33:44.521+01:00 [    19] WARNING    - W&#xD;&#xD;
2023-12-22 09:33:44.521+01:00 [    19] WARNING    - W&#xD;&#xD;
2023-12-22 09:33:44.521+01:00 [    19] WARNING    - W&#xD;&#xD;
2023-12-22 09:33:44.521+01:00 [    19] WARNING    - W&#xD;&#xD;
2023-12-22 09:33:44.521+01:00 [    19] WARNING    - W&#xD;&#xD;
2023-12-22 09:33:44.521+01:00 [    19] WARNING    - W&#xD;&#xD;
2023-12-22 09:33:44.521+01:00 [    19] WARNING    - W&#xD;&#xD;
2023-12-22 09:33:44.521+01:00 [    19] WARNING    - W&#xD;&#xD;
2023-12-22 09:33:44.521+01:00 [    19] WARNING    - W&#xD;&#xD;
2023-12-22 09:33:44.521+01:00 [    19] WARNING    - W&#xD;&#xD;
2023-12-22 09:33:44.521+01:00 [    19] WARNING    - W&#xD;&#xD;
2023-12-22 09:33:44.521+01:00 [    19] WARNING    - W&#xD;&#xD;
2023-12-22 09:33:44.521+01:00 [    19] WARNING    - W&#xD;&#xD;
2023-12-22 09:33:44.521+01:00 [    19] WARNING    - W&#xD;&#xD;
2023-12-22 09:33:44.521+01:00 [    19] WARNING    - W&#xD;&#xD;
2023-12-22 09:33:44.521+01:00 [    19] WARNING    - W&#xD;&#xD;
2023-12-22 09:33:44.521+01:00 [    19] WARNING    - W&#xD;&#xD;
2023-12-22 09:33:44.521+01:00 [    19] WARNING    - W&#xD;&#xD;
2023-12-22 09:33:44.521+01:00 [    19] WARNING    - W&#xD;&#xD;
2023-12-22 09:33:44.521+01:00 [    19] WARNING    - W&#xD;&#xD;
2023-12-22 09:33:44.521+01:00 [    19] WARNING    - W&#xD;&#xD;
2023-12-22 09:33:44.521+01:00 [    19] WARNING    - W&#xD;&#xD;
2023-12-22 09:33:44.521+01:00 [    19] WARNING    - W&#xD;&#xD;
2023-12-22 09:33:44.521+01:00 [    19] WARNING    - W&#xD;&#xD;
2023-12-22 09:33:44.521+01:00 [    19] WARNING    - W&#xD;&#xD;
2023-12-22 09:33:44.521+01:00 [    19] WARNING    - W&#xD;&#xD;
2023-12-22 09:33:44.521+01:00 [    19] WARNING    - W&#xD;&#xD;
2023-12-22 09:33:44.521+01:00 [    19] WARNING    - W&#xD;&#xD;
2023-12-22 09:33:44.521+01:00 [    19] WARNING    - W&#xD;&#xD;
2023-12-22 09:33:44.521+01:00 [    19] WARNING    - W&#xD;&#xD;
2023-12-22 09:33:44.521+01:00 [    19] WARNING    - W&#xD;&#xD;
2023-12-22 09:33:44.521+01:00 [    19] WARNING    - W&#xD;&#xD;
2023-12-22 09:33:44.521+01:00 [    19] WARNING    - W&#xD;&#xD;
2023-12-22 09:33:44.521+01:00 [    19] WARNING    - W&#xD;&#xD;
2023-12-22 09:33:44.521+01:00 [    19] WARNING    - W&#xD;&#xD;
2023-12-22 09:33:44.521+01:00 [    19] WARNING    - W&#xD;&#xD;
2023-12-22 09:33:44.521+01:00 [    19] WARNING    - W&#xD;&#xD;
2023-12-22 09:33:44.521+01:00 [    19] WARNING    - W&#xD;&#xD;
2023-12-22 09:33:44.521+01:00 [    19] WARNING    - W&#xD;&#xD;
2023-12-22 09:33:44.521+01:00 [    19] WARNING    - W&#xD;&#xD;
2023-12-22 09:33:44.521+01:00 [    19] WARNING    - W&#xD;&#xD;
2023-12-22 09:33:44.521+01:00 [    19] WARNING    - W&#xD;&#xD;
2023-12-22 09:33:44.521+01:00 [    19] WARNING    - W&#xD;&#xD;
2023-12-22 09:33:44.521+01:00 [    19] WARNING    - W&#xD;&#xD;
2023-12-22 09:33:44.521+01:00 [    19] WARNING    - W&#xD;&#xD;
2023-12-22 09:33:44.521+01:00 [    19] WARNING    - W&#xD;&#xD;
2023-12-22 09:33:44.521+01:00 [    19] WARNING    - W&#xD;&#xD;
2023-12-22 09:33:44.521+01:00 [    19] WARNING    - W&#xD;&#xD;
2023-12-22 09:33:44.521+01:00 [    19] WARNING    - W&#xD;&#xD;
2023-12-22 09:33:44.521+01:00 [    19] WARNING    - W&#xD;&#xD;
2023-12-22 09:33:44.521+01:00 [    19] WARNING    - W&#xD;&#xD;
2023-12-22 09:33:44.521+01:00 [    19] WARNING    - W&#xD;&#xD;
2023-12-22 09:33:44.521+01:00 [    19] WARNING    - W&#xD;&#xD;
2023-12-22 09:33:44.521+01:00 [    19] WARNING    - W&#xD;&#xD;
2023-12-22 09:33:44.521+01:00 [    19] WARNING    - W&#xD;&#xD;
2023-12-22 09:33:44.521+01:00 [    19] WARNING    - W&#xD;&#xD;
2023-12-22 09:33:44.521+01:00 [    19] WARNING    - W&#xD;&#xD;
2023-12-22 09:33:44.521+01:00 [    19] WARNING    - W&#xD;&#xD;
2023-12-22 09:33:44.521+01:00 [    19] WARNING    - W&#xD;&#xD;
2023-12-22 09:33:44.521+01:00 [    19] WARNING    - W&#xD;&#xD;
2023-12-22 09:33:44.521+01:00 [    19] WARNING    - W&#xD;&#xD;
2023-12-22 09:33:44.521+01:00 [    19] WARNING    - W&#xD;&#xD;
2023-12-22 09:33:44.521+01:00 [    19] WARNING    - W&#xD;&#xD;
2023-12-22 09:33:44.521+01:00 [    19] WARNING    - W&#xD;&#xD;
2023-12-22 09:33:44.521+01:00 [    19] WARNING    - W&#xD;&#xD;
2023-12-22 09:33:44.521+01:00 [    19] WARNING    - W&#xD;&#xD;
2023-12-22 09:33:44.521+01:00 [    19] WARNING    - W&#xD;&#xD;
2023-12-22 09:33:44.521+01:00 [    19] WARNING    - W&#xD;&#xD;
2023-12-22 09:33:44.521+01:00 [    19] WARNING    - W&#xD;&#xD;
2023-12-22 09:33:44.521+01:00 [    19] WARNING    - W&#xD;&#xD;
2023-12-22 09:33:44.521+01:00 [    19] WARNING    - W&#xD;&#xD;
2023-12-22 09:33:44.521+01:00 [    19] WARNING    - W&#xD;&#xD;
2023-12-22 09:33:44.521+01:00 [    19] WARNING    - W&#xD;&#xD;
2023-12-22 09:33:44.521+01:00 [    19] WARNING    - W&#xD;&#xD;
2023-12-22 09:33:44.521+01:00 [    19] WARNING    - W&#xD;&#xD;
2023-12-22 09:33:44.521+01:00 [    19] WARNING    - W&#xD;&#xD;
2023-12-22 09:33:44.521+01:00 [    19] WARNING    - W&#xD;&#xD;
2023-12-22 09:33:44.521+01:00 [    19] WARNING    - W&#xD;&#xD;
2023-12-22 09:33:44.521+01:00 [    19] WARNING    - W&#xD;&#xD;
2023-12-22 09:33:44.521+01:00 [    19] WARNING    - W&#xD;&#xD;
2023-12-22 09:33:44.521+01:00 [    19] WARNING    - W&#xD;&#xD;
2023-12-22 09:33:44.521+01:00 [    19] WARNING    - W&#xD;&#xD;
2023-12-22 09:33:44.521+01:00 [    19] WARNING    - W&#xD;&#xD;
2023-12-22 09:33:44.521+01:00 [    19] WARNING    - W&#xD;&#xD;
2023-12-22 09:33:44.521+01:00 [    19] WARNING    - W&#xD;&#xD;
2023-12-22 09:33:44.521+01:00 [    19] WARNING    - W&#xD;&#xD;
2023-12-22 09:33:44.521+01:00 [    19] WARNING    - W&#xD;&#xD;
2023-12-22 09:33:44.521+01:00 [    19] WARNING    - W&#xD;&#xD;
2023-12-22 09:33:44.521+01:00 [    19] WARNING    - W&#xD;&#xD;
2023-12-22 09:33:44.521+01:00 [    19] WARNING    - W&#xD;&#xD;
2023-12-22 09:33:44.521+01:00 [    19] WARNING    - W&#xD;&#xD;
2023-12-22 09:33:44.521+01:00 [    19] WARNING    - W&#xD;&#xD;
2023-12-22 09:33:44.521+01:00 [    19] WARNING    - W&#xD;&#xD;
2023-12-22 09:33:44.521+01:00 [    19] WARNING    - W&#xD;&#xD;
2023-12-22 09:33:44.521+01:00 [    19] WARNING    - W&#xD;&#xD;
2023-12-22 09:33:44.521+01:00 [    19] WARNING    - W&#xD;&#xD;
2023-12-22 09:33:44.521+01:00 [    19] WARNING    - W&#xD;&#xD;
2023-12-22 09:33:44.521+01:00 [    19] WARNING    - W&#xD;&#xD;
2023-12-22 09:33:44.521+01:00 [    19] WARNING    - W&#xD;&#xD;
2023-12-22 09:33:44.521+01:00 [    19] WARNING    - W&#xD;&#xD;
2023-12-22 09:33:44.521+01:00 [    19] WARNING    - W&#xD;&#xD;
2023-12-22 09:33:44.521+01:00 [    19] WARNING    - W&#xD;&#xD;
2023-12-22 09:33:44.521+01:00 [    19] WARNING    - W&#xD;&#xD;
2023-12-22 09:33:44.521+01:00 [    19] WARNING    - W&#xD;&#xD;
2023-12-22 09:33:44.521+01:00 [    19] WARNING    - W&#xD;&#xD;
2023-12-22 09:33:44.521+01:00 [    19] WARNING    - W&#xD;&#xD;
2023-12-22 09:33:44.521+01:00 [    19] WARNING    - W&#xD;&#xD;
2023-12-22 09:33:44.521+01:00 [    19] WARNING    - W&#xD;&#xD;
2023-12-22 09:33:44.521+01:00 [    19] WARNING    - W&#xD;&#xD;
2023-12-22 09:33:44.521+01:00 [    19] WARNING    - W&#xD;&#xD;
2023-12-22 09:33:44.521+01:00 [    19] WARNING    - W&#xD;&#xD;
2023-12-22 09:33:44.521+01:00 [    19] WARNING    - W&#xD;&#xD;
2023-12-22 09:33:44.521+01:00 [    19] WARNING    - W&#xD;&#xD;
2023-12-22 09:33:44.521+01:00 [    19] WARNING    - W&#xD;&#xD;
2023-12-22 09:33:44.521+01:00 [    19] WARNING    - W&#xD;&#xD;
2023-12-22 09:33:44.521+01:00 [    19] WARNING    - W&#xD;&#xD;
2023-12-22 09:33:44.521+01:00 [    19] WARNING    - W&#xD;&#xD;
2023-12-22 09:33:44.521+01:00 [    19] WARNING    - W&#xD;&#xD;
2023-12-22 09:33:44.521+01:00 [    19] WARNING    - W&#xD;&#xD;
2023-12-22 09:33:44.521+01:00 [    19] WARNING    - W&#xD;&#xD;
2023-12-22 09:33:44.521+01:00 [    19] WARNING    - W&#xD;&#xD;
2023-12-22 09:33:44.521+01:00 [    19] WARNING    - W&#xD;&#xD;
2023-12-22 09:33:44.521+01:00 [    19] WARNING    - W&#xD;&#xD;
2023-12-22 09:33:44.521+01:00 [    19] WARNING    - W&#xD;&#xD;
2023-12-22 09:33:44.521+01:00 [    19] WARNING    - W&#xD;&#xD;
2023-12-22 09:33:44.521+01:00 [    19] WARNING    - W&#xD;&#xD;
2023-12-22 09:33:44.521+01:00 [    19] WARNING    - W&#xD;&#xD;
2023-12-22 09:33:44.521+01:00 [    19] WARNING    - W&#xD;&#xD;
2023-12-22 09:33:44.521+01:00 [    19] WARNING    - W&#xD;&#xD;
2023-12-22 09:33:44.521+01:00 [    19] WARNING    - W&#xD;&#xD;
2023-12-22 09:33:44.521+01:00 [    19] WARNING    - W&#xD;&#xD;
2023-12-22 09:33:44.521+01:00 [    19] WARNING    - W&#xD;&#xD;
2023-12-22 09:33:44.521+01:00 [    19] WARNING    - W&#xD;&#xD;
2023-12-22 09:33:44.521+01:00 [    19] WARNING    - W&#xD;&#xD;
2023-12-22 09:33:44.521+01:00 [    19] WARNING    - W&#xD;&#xD;
2023-12-22 09:33:44.521+01:00 [    19] WARNING    - W&#xD;&#xD;
2023-12-22 09:33:44.521+01:00 [    19] WARNING    - W&#xD;&#xD;
2023-12-22 09:33:44.521+01:00 [    19] WARNING    - W&#xD;&#xD;
2023-12-22 09:33:44.521+01:00 [    19] WARNING    - W&#xD;&#xD;
2023-12-22 09:33:44.521+01:00 [    19] WARNING    - W&#xD;&#xD;
2023-12-22 09:33:44.521+01:00 [    19] WARNING    - W&#xD;&#xD;
2023-12-22 09:33:44.521+01:00 [    19] WARNING    - W&#xD;&#xD;
2023-12-22 09:33:44.521+01:00 [    19] WARNING    - W&#xD;&#xD;
2023-12-22 09:33:44.521+01:00 [    19] WARNING    - W&#xD;&#xD;
2023-12-22 09:33:44.521+01:00 [    19] WARNING    - W&#xD;&#xD;
2023-12-22 09:33:44.521+01:00 [    19] WARNING    - W&#xD;&#xD;
2023-12-22 09:33:44.521+01:00 [    19] WARNING    - W&#xD;&#xD;
2023-12-22 09:33:44.521+01:00 [    19] WARNING    - W&#xD;&#xD;
2023-12-22 09:33:44.521+01:00 [    19] WARNING    - W&#xD;&#xD;
2023-12-22 09:33:44.521+01:00 [    19] WARNING    - W&#xD;&#xD;
2023-12-22 09:33:44.521+01:00 [    19] WARNING    - W&#xD;&#xD;
2023-12-22 09:33:44.521+01:00 [    19] WARNING    - W&#xD;&#xD;
2023-12-22 09:33:44.521+01:00 [    19] WARNING    - W&#xD;&#xD;
2023-12-22 09:33:44.521+01:00 [    19] WARNING    - W&#xD;&#xD;
2023-12-22 09:33:44.521+01:00 [    19] WARNING    - W&#xD;&#xD;
2023-12-22 09:33:44.521+01:00 [    19] WARNING    - W&#xD;&#xD;
2023-12-22 09:33:44.521+01:00 [    19] WARNING    - W&#xD;&#xD;
2023-12-22 09:33:44.521+01:00 [    19] WARNING    - W&#xD;&#xD;
2023-12-22 09:33:44.521+01:00 [    19] WARNING    - W&#xD;&#xD;
2023-12-22 09:33:44.521+01:00 [    19] WARNING    - W&#xD;&#xD;
2023-12-22 09:33:44.521+01:00 [    19] WARNING    - W&#xD;&#xD;
2023-12-22 09:33:44.521+01:00 [    19] WARNING    - W&#xD;&#xD;
2023-12-22 09:33:44.521+01:00 [    19] WARNING    - W&#xD;&#xD;
2023-12-22 09:33:44.521+01:00 [    19] WARNING    - W&#xD;&#xD;
2023-12-22 09:33:44.521+01:00 [    19] WARNING    - W&#xD;&#xD;
2023-12-22 09:33:44.521+01:00 [    19] WARNING    - W&#xD;&#xD;
2023-12-22 09:33:44.521+01:00 [    19] WARNING    - W&#xD;&#xD;
2023-12-22 09:33:44.521+01:00 [    19] WARNING    - W&#xD;&#xD;
2023-12-22 09:33:44.521+01:00 [    19] WARNING    - W&#xD;&#xD;
2023-12-22 09:33:44.521+01:00 [    19] WARNING    - W&#xD;&#xD;
2023-12-22 09:33:44.521+01:00 [    19] WARNING    - W&#xD;&#xD;
2023-12-22 09:33:44.521+01:00 [    19] WARNING    - W&#xD;&#xD;
2023-12-22 09:33:44.521+01:00 [    19] WARNING    - W&#xD;&#xD;
2023-12-22 09:33:44.521+01:00 [    19] WARNING    - W&#xD;&#xD;
2023-12-22 09:33:44.521+01:00 [    19] WARNING    - W&#xD;&#xD;
2023-12-22 09:33:44.521+01:00 [    19] WARNING    - W&#xD;&#xD;
2023-12-22 09:33:44.521+01:00 [    19] WARNING    - W&#xD;&#xD;
2023-12-22 09:33:44.521+01:00 [    19] WARNING    - W&#xD;&#xD;
2023-12-22 09:33:44.521+01:00 [    19] WARNING    - W&#xD;&#xD;
2023-12-22 09:33:44.521+01:00 [    19] WARNING    - W&#xD;&#xD;
2023-12-22 09:33:44.521+01:00 [    19] WARNING    - W&#xD;&#xD;
2023-12-22 09:33:44.521+01:00 [    19] WARNING    - W&#xD;&#xD;
2023-12-22 09:33:44.521+01:00 [    19] WARNING    - W&#xD;&#xD;
2023-12-22 09:33:44.521+01:00 [    19] WARNING    - W&#xD;&#xD;
2023-12-22 09:33:44.521+01:00 [    19] WARNING    - W&#xD;&#xD;
2023-12-22 09:33:44.521+01:00 [    19] WARNING    - W&#xD;&#xD;
2023-12-22 09:33:44.521+01:00 [    19] WARNING    - W&#xD;&#xD;
2023-12-22 09:33:44.521+01:00 [    19] WARNING    - W&#xD;&#xD;
2023-12-22 09:33:44.521+01:00 [    19] WARNING    - W&#xD;&#xD;
2023-12-22 09:33:44.521+01:00 [    19] WARNING    - W&#xD;&#xD;
2023-12-22 09:33:44.521+01:00 [    19] WARNING    - W&#xD;&#xD;
2023-12-22 09:33:44.521+01:00 [    19] WARNING    - W&#xD;&#xD;
2023-12-22 09:33:44.521+01:00 [    19] WARNING    - W&#xD;&#xD;
2023-12-22 09:33:44.521+01:00 [    19] WARNING    - W&#xD;&#xD;
2023-12-22 09:33:44.521+01:00 [    19] WARNING    - W&#xD;&#xD;
2023-12-22 09:33:44.521+01:00 [    19] WARNING    - W&#xD;&#xD;
2023-12-22 09:33:44.521+01:00 [    19] WARNING    - W&#xD;&#xD;
2023-12-22 09:33:44.521+01:00 [    19] WARNING    - W&#xD;&#xD;
2023-12-22 09:33:44.521+01:00 [    19] WARNING    - W&#xD;&#xD;
2023-12-22 09:33:44.521+01:00 [    19] WARNING    - W&#xD;&#xD;
2023-12-22 09:33:44.521+01:00 [    19] WARNING    - W&#xD;&#xD;
2023-12-22 09:33:44.521+01:00 [    19] WARNING    - W&#xD;&#xD;
2023-12-22 09:33:44.521+01:00 [    19] WARNING    - W&#xD;&#xD;
2023-12-22 09:33:44.521+01:00 [    19] WARNING    - W&#xD;&#xD;
2023-12-22 09:33:44.521+01:00 [    19] WARNING    - W&#xD;&#xD;
2023-12-22 09:33:44.521+01:00 [    19] WARNING    - W&#xD;&#xD;
2023-12-22 09:33:44.521+01:00 [    19] WARNING    - W&#xD;&#xD;
2023-12-22 09:33:44.521+01:00 [    19] WARNING    - W&#xD;&#xD;
2023-12-22 09:33:44.521+01:00 [    19] WARNING    - W&#xD;&#xD;
2023-12-22 09:33:44.521+01:00 [    19] WARNING    - W&#xD;&#xD;
2023-12-22 09:33:44.521+01:00 [    19] WARNING    - W&#xD;&#xD;
2023-12-22 09:33:44.521+01:00 [    19] WARNING    - W&#xD;&#xD;
2023-12-22 09:33:44.521+01:00 [    19] WARNING    - W&#xD;&#xD;
2023-12-22 09:33:44.521+01:00 [    19] WARNING    - W&#xD;&#xD;
2023-12-22 09:33:44.521+01:00 [    19] WARNING    - W&#xD;&#xD;
2023-12-22 09:33:44.521+01:00 [    19] WARNING    - W&#xD;&#xD;
2023-12-22 09:33:44.521+01:00 [    19] WARNING    - W&#xD;&#xD;
2023-12-22 09:33:44.521+01:00 [    19] WARNING    - W&#xD;&#xD;
2023-12-22 09:33:44.521+01:00 [    19] WARNING    - W&#xD;&#xD;
2023-12-22 09:33:44.521+01:00 [    19] WARNING    - W&#xD;&#xD;
2023-12-22 09:33:44.521+01:00 [    19] WARNING    - W&#xD;&#xD;
2023-12-22 09:33:44.521+01:00 [    19] WARNING    - W&#xD;&#xD;
2023-12-22 09:33:44.521+01:00 [    19] WARNING    - W&#xD;&#xD;
2023-12-22 09:33:44.521+01:00 [    19] WARNING    - W&#xD;&#xD;
2023-12-22 09:33:44.521+01:00 [    19] WARNING    - W&#xD;&#xD;
2023-12-22 09:33:44.521+01:00 [    19] WARNING    - W&#xD;&#xD;
2023-12-22 09:33:44.521+01:00 [    19] WARNING    - W&#xD;&#xD;
2023-12-22 09:33:44.521+01:00 [    19] WARNING    - W&#xD;&#xD;
2023-12-22 09:33:44.521+01:00 [    19] WARNING    - W&#xD;&#xD;
2023-12-22 09:33:44.521+01:00 [    19] WARNING    - W&#xD;&#xD;
2023-12-22 09:33:44.521+01:00 [    19] WARNING    - W&#xD;&#xD;
2023-12-22 09:33:44.521+01:00 [    19] WARNING    - W&#xD;&#xD;
2023-12-22 09:33:44.521+01:00 [    19] WARNING    - W&#xD;&#xD;
2023-12-22 09:33:44.521+01:00 [    19] WARNING    - W&#xD;&#xD;
2023-12-22 09:33:44.521+01:00 [    19] WARNING    - W&#xD;&#xD;
2023-12-22 09:33:44.521+01:00 [    19] WARNING    - W&#xD;&#xD;
2023-12-22 09:33:44.521+01:00 [    19] WARNING    - W&#xD;&#xD;
2023-12-22 09:33:44.521+01:00 [    19] WARNING    - W&#xD;&#xD;
2023-12-22 09:33:44.521+01:00 [    19] WARNING    - W&#xD;&#xD;
2023-12-22 09:33:44.521+01:00 [    19] WARNING    - W&#xD;&#xD;
2023-12-22 09:33:44.521+01:00 [    19] WARNING    - W&#xD;&#xD;
2023-12-22 09:33:44.521+01:00 [    19] WARNING    - W&#xD;&#xD;
2023-12-22 09:33:44.521+01:00 [    19] WARNING    - W&#xD;&#xD;
2023-12-22 09:33:44.521+01:00 [    19] WARNING    - W&#xD;&#xD;
2023-12-22 09:33:44.521+01:00 [    19] WARNING    - W&#xD;&#xD;
2023-12-22 09:33:44.521+01:00 [    19] WARNING    - W&#xD;&#xD;
2023-12-22 09:33:44.521+01:00 [    19] WARNING    - W&#xD;&#xD;
2023-12-22 09:33:44.521+01:00 [    19] WARNING    - W&#xD;&#xD;
2023-12-22 09:33:44.521+01:00 [    19] WARNING    - W&#xD;&#xD;
2023-12-22 09:33:44.521+01:00 [    19] WARNING    - W&#xD;&#xD;
2023-12-22 09:33:44.521+01:00 [    19] WARNING    - W&#xD;&#xD;
2023-12-22 09:33:44.521+01:00 [    19] WARNING    - W&#xD;&#xD;
2023-12-22 09:33:44.521+01:00 [    19] WARNING    - W&#xD;&#xD;
2023-12-22 09:33:44.521+01:00 [    19] WARNING    - W&#xD;&#xD;
2023-12-22 09:33:44.521+01:00 [    19] WARNING    - W&#xD;&#xD;
2023-12-22 09:33:44.521+01:00 [    19] WARNING    - W&#xD;&#xD;
2023-12-22 09:33:44.521+01:00 [    19] WARNING    - W&#xD;&#xD;
2023-12-22 09:33:44.521+01:00 [    19] WARNING    - W&#xD;&#xD;
2023-12-22 09:33:44.521+01:00 [    19] WARNING    - W&#xD;&#xD;
2023-12-22 09:33:44.521+01:00 [    19] WARNING    - W&#xD;&#xD;
2023-12-22 09:33:44.521+01:00 [    19] WARNING    - W&#xD;&#xD;
2023-12-22 09:33:44.521+01:00 [    19] WARNING    - W&#xD;&#xD;
2023-12-22 09:33:44.521+01:00 [    19] WARNING    - W&#xD;&#xD;
2023-12-22 09:33:44.521+01:00 [    19] WARNING    - W&#xD;&#xD;
2023-12-22 09:33:44.521+01:00 [    19] WARNING    - W&#xD;&#xD;
2023-12-22 09:33:44.521+01:00 [    19] WARNING    - W&#xD;&#xD;
2023-12-22 09:33:44.521+01:00 [    19] WARNING    - W&#xD;&#xD;
2023-12-22 09:33:44.521+01:00 [    19] WARNING    - W&#xD;&#xD;
2023-12-22 09:33:44.521+01:00 [    19] WARNING    - W&#xD;&#xD;
2023-12-22 09:33:44.521+01:00 [    19] WARNING    - W&#xD;&#xD;
2023-12-22 09:33:44.521+01:00 [    19] WARNING    - W&#xD;&#xD;
2023-12-22 09:33:44.521+01:00 [    19] WARNING    - W&#xD;&#xD;
2023-12-22 09:33:44.521+01:00 [    19] WARNING    - W&#xD;&#xD;
2023-12-22 09:33:44.521+01:00 [    19] WARNING    - W&#xD;&#xD;
2023-12-22 09:33:44.521+01:00 [    19] WARNING    - W&#xD;&#xD;
2023-12-22 09:33:44.521+01:00 [    19] WARNING    - W&#xD;&#xD;
2023-12-22 09:33:44.521+01:00 [    19] WARNING    - W&#xD;&#xD;
2023-12-22 09:33:44.521+01:00 [    19] WARNING    - W&#xD;&#xD;
2023-12-22 09:33:44.521+01:00 [    19] WARNING    - W&#xD;&#xD;
2023-12-22 09:33:44.521+01:00 [    19] WARNING    - W&#xD;&#xD;
2023-12-22 09:33:44.521+01:00 [    19] WARNING    - W&#xD;&#xD;
2023-12-22 09:33:44.521+01:00 [    19] WARNING    - W&#xD;&#xD;
2023-12-22 09:33:44.521+01:00 [    19] WARNING    - W&#xD;&#xD;
2023-12-22 09:33:44.521+01:00 [    19] WARNING    - W&#xD;&#xD;
2023-12-22 09:33:44.521+01:00 [    19] WARNING    - W&#xD;&#xD;
2023-12-22 09:33:44.521+01:00 [    19] WARNING    - W&#xD;&#xD;
2023-12-22 09:33:44.521+01:00 [    19] WARNING    - W&#xD;&#xD;
2023-12-22 09:33:44.521+01:00 [    19] WARNING    - W&#xD;&#xD;
2023-12-22 09:33:44.521+01:00 [    19] WARNING    - W&#xD;&#xD;
2023-12-22 09:33:44.521+01:00 [    19] WARNING    - W&#xD;&#xD;
2023-12-22 09:33:44.521+01:00 [    19] WARNING    - W&#xD;&#xD;
2023-12-22 09:33:44.521+01:00 [    19] WARNING    - W&#xD;&#xD;
2023-12-22 09:33:44.521+01:00 [    19] WARNING    - W&#xD;&#xD;
2023-12-22 09:33:44.521+01:00 [    19] WARNING    - W&#xD;&#xD;
2023-12-22 09:33:44.521+01:00 [    19] WARNING    - W&#xD;&#xD;
2023-12-22 09:33:44.521+01:00 [    19] WARNING    - W&#xD;&#xD;
2023-12-22 09:33:44.521+01:00 [    19] WARNING    - W&#xD;&#xD;
2023-12-22 09:33:44.521+01:00 [    19] WARNING    - W&#xD;&#xD;
2023-12-22 09:33:44.521+01:00 [    19] WARNING    - W&#xD;&#xD;
2023-12-22 09:33:44.521+01:00 [    19] WARNING    - W&#xD;&#xD;
2023-12-22 09:33:44.521+01:00 [    19] WARNING    - W&#xD;&#xD;
2023-12-22 09:33:44.521+01:00 [    19] WARNING    - W&#xD;&#xD;
2023-12-22 09:33:44.521+01:00 [    19] WARNING    - W&#xD;&#xD;
2023-12-22 09:33:44.521+01:00 [    19] WARNING    - W&#xD;&#xD;
2023-12-22 09:33:44.521+01:00 [    19] WARNING    - W&#xD;&#xD;
2023-12-22 09:33:44.521+01:00 [    19] WARNING    - W&#xD;&#xD;
2023-12-22 09:33:44.521+01:00 [    19] WARNING    - W&#xD;&#xD;
2023-12-22 09:33:44.521+01:00 [    19] WARNING    - W&#xD;&#xD;
2023-12-22 09:33:44.521+01:00 [    19] WARNING    - W&#xD;&#xD;
2023-12-22 09:33:44.521+01:00 [    19] WARNING    - W&#xD;&#xD;
2023-12-22 09:33:44.521+01:00 [    19] WARNING    - W&#xD;&#xD;
2023-12-22 09:33:44.521+01:00 [    19] WARNING    - W&#xD;&#xD;
2023-12-22 09:33:44.521+01:00 [    19] WARNING    - W&#xD;&#xD;
2023-12-22 09:33:44.521+01:00 [    19] WARNING    - W&#xD;&#xD;
2023-12-22 09:33:44.521+01:00 [    19] WARNING    - W&#xD;&#xD;
2023-12-22 09:33:44.521+01:00 [    19] WARNING    - W&#xD;&#xD;
2023-12-22 09:33:44.521+01:00 [    19] WARNING    - W&#xD;&#xD;
2023-12-22 09:33:44.521+01:00 [    19] WARNING    - W&#xD;&#xD;
2023-12-22 09:33:44.521+01:00 [    19] WARNING    - W&#xD;&#xD;
2023-12-22 09:33:44.521+01:00 [    19] WARNING    - W&#xD;&#xD;
2023-12-22 09:33:44.521+01:00 [    19] WARNING    - W&#xD;&#xD;
2023-12-22 09:33:44.521+01:00 [    19] WARNING    - W&#xD;&#xD;
2023-12-22 09:33:44.521+01:00 [    19] WARNING    - W&#xD;&#xD;
2023-12-22 09:33:44.521+01:00 [    19] WARNING    - W&#xD;&#xD;
2023-12-22 09:33:44.521+01:00 [    19] WARNING    - W&#xD;&#xD;
2023-12-22 09:33:44.521+01:00 [    19] WARNING    - W&#xD;&#xD;
2023-12-22 09:33:44.521+01:00 [    19] WARNING    - W&#xD;&#xD;
2023-12-22 09:33:44.521+01:00 [    19] WARNING    - W&#xD;&#xD;
2023-12-22 09:33:44.521+01:00 [    19] WARNING    - W&#xD;&#xD;
2023-12-22 09:33:44.521+01:00 [    19] WARNING    - W&#xD;&#xD;
2023-12-22 09:33:44.521+01:00 [    19] WARNING    - W&#xD;&#xD;
2023-12-22 09:33:44.521+01:00 [    19] WARNING    - W&#xD;&#xD;
2023-12-22 09:33:44.521+01:00 [    19] WARNING    - W&#xD;&#xD;
2023-12-22 09:33:44.521+01:00 [    19] WARNING    - W&#xD;&#xD;
2023-12-22 09:33:44.521+01:00 [    19] WARNING    - W&#xD;&#xD;
2023-12-22 09:33:44.521+01:00 [    19] WARNING    - W&#xD;&#xD;
2023-12-22 09:33:44.521+01:00 [    19] WARNING    - W&#xD;&#xD;
2023-12-22 09:33:44.521+01:00 [    19] WARNING    - W&#xD;&#xD;
2023-12-22 09:33:44.521+01:00 [    19] WARNING    - W&#xD;&#xD;
2023-12-22 09:33:44.521+01:00 [    19] WARNING    - W&#xD;&#xD;
2023-12-22 09:33:44.521+01:00 [    19] WARNING    - W&#xD;&#xD;
2023-12-22 09:33:44.521+01:00 [    19] WARNING    - W&#xD;&#xD;
2023-12-22 09:33:44.521+01:00 [    19] WARNING    - W&#xD;&#xD;
2023-12-22 09:33:44.521+01:00 [    19] WARNING    - W&#xD;&#xD;
2023-12-22 09:33:44.521+01:00 [    19] WARNING    - W&#xD;&#xD;
2023-12-22 09:33:44.521+01:00 [    19] WARNING    - W&#xD;&#xD;
2023-12-22 09:33:44.521+01:00 [    19] WARNING    - W&#xD;&#xD;
2023-12-22 09:33:44.521+01:00 [    19] WARNING    - W&#xD;&#xD;
2023-12-22 09:33:44.521+01:00 [    19] WARNING    - W&#xD;&#xD;
2023-12-22 09:33:44.521+01:00 [    19] WARNING    - W&#xD;&#xD;
2023-12-22 09:33:44.521+01:00 [    19] WARNING    - W&#xD;&#xD;
2023-12-22 09:33:44.521+01:00 [    19] WARNING    - W&#xD;&#xD;
2023-12-22 09:33:44.521+01:00 [    19] WARNING    - W&#xD;&#xD;
2023-12-22 09:33:44.521+01:00 [    19] WARNING    - W&#xD;&#xD;
2023-12-22 09:33:44.521+01:00 [    19] WARNING    - W&#xD;&#xD;
2023-12-22 09:33:44.521+01:00 [    19] WARNING    - W&#xD;&#xD;
2023-12-22 09:33:44.521+01:00 [    19] WARNING    - W&#xD;&#xD;
2023-12-22 09:33:44.521+01:00 [    19] WARNING    - W&#xD;&#xD;
2023-12-22 09:33:44.521+01:00 [    19] WARNING    - W&#xD;&#xD;
2023-12-22 09:33:44.521+01:00 [    19] WARNING    - W&#xD;&#xD;
2023-12-22 09:33:44.521+01:00 [    19] WARNING    - W&#xD;&#xD;
2023-12-22 09:33:44.521+01:00 [    19] WARNING    - W&#xD;&#xD;
2023-12-22 09:33:44.521+01:00 [    19] WARNING    - W&#xD;&#xD;
2023-12-22 09:33:44.521+01:00 [    19] WARNING    - W&#xD;&#xD;
2023-12-22 09:33:44.521+01:00 [    19] WARNING    - W&#xD;&#xD;
2023-12-22 09:33:44.521+01:00 [    19] WARNING    - W&#xD;&#xD;
2023-12-22 09:33:44.521+01:00 [    19] WARNING    - W&#xD;&#xD;
2023-12-22 09:33:44.521+01:00 [    19] WARNING    - W&#xD;&#xD;
2023-12-22 09:33:44.521+01:00 [    19] WARNING    - W&#xD;&#xD;
2023-12-22 09:33:44.521+01:00 [    19] WARNING    - W&#xD;&#xD;
2023-12-22 09:33:44.521+01:00 [    19] WARNING    - W&#xD;&#xD;
2023-12-22 09:33:44.521+01:00 [    19] WARNING    - W&#xD;&#xD;
2023-12-22 09:33:44.521+01:00 [    19] WARNING    - W&#xD;&#xD;
2023-12-22 09:33:44.521+01:00 [    19] WARNING    - W&#xD;&#xD;
2023-12-22 09:33:44.521+01:00 [    19] WARNING    - W&#xD;&#xD;
2023-12-22 09:33:44.521+01:00 [    19] WARNING    - W&#xD;&#xD;
2023-12-22 09:33:44.521+01:00 [    19] WARNING    - W&#xD;&#xD;
2023-12-22 09:33:44.521+01:00 [    19] WARNING    - W&#xD;&#xD;
2023-12-22 09:33:44.521+01:00 [    19] WARNING    - W&#xD;&#xD;
2023-12-22 09:33:44.521+01:00 [    19] WARNING    - W&#xD;&#xD;
2023-12-22 09:33:44.521+01:00 [    19] WARNING    - W&#xD;&#xD;
2023-12-22 09:33:44.521+01:00 [    19] WARNING    - W&#xD;&#xD;
2023-12-22 09:33:44.521+01:00 [    19] WARNING    - W&#xD;&#xD;
2023-12-22 09:33:44.521+01:00 [    19] WARNING    - W&#xD;&#xD;
2023-12-22 09:33:44.521+01:00 [    19] WARNING    - W&#xD;&#xD;
2023-12-22 09:33:44.521+01:00 [    19] WARNING    - W&#xD;&#xD;
2023-12-22 09:33:44.521+01:00 [    19] WARNING    - W&#xD;&#xD;
2023-12-22 09:33:44.521+01:00 [    19] WARNING    - W&#xD;&#xD;
2023-12-22 09:33:44.521+01:00 [    19] WARNING    - W&#xD;&#xD;
2023-12-22 09:33:44.521+01:00 [    19] WARNING    - W&#xD;&#xD;
2023-12-22 09:33:44.521+01:00 [    19] WARNING    - W&#xD;&#xD;
2023-12-22 09:33:44.521+01:00 [    19] WARNING    - W&#xD;&#xD;
2023-12-22 09:33:44.521+01:00 [    19] WARNING    - W&#xD;&#xD;
2023-12-22 09:33:44.521+01:00 [    19] WARNING    - W&#xD;&#xD;
2023-12-22 09:33:44.521+01:00 [    19] WARNING    - W&#xD;&#xD;
2023-12-22 09:33:44.521+01:00 [    19] WARNING    - W&#xD;&#xD;
2023-12-22 09:33:44.521+01:00 [    19] WARNING    - W&#xD;&#xD;
2023-12-22 09:33:44.521+01:00 [    19] WARNING    - W&#xD;&#xD;
2023-12-22 09:33:44.521+01:00 [    19] WARNING    - W&#xD;&#xD;
2023-12-22 09:33:44.521+01:00 [    19] WARNING    - W&#xD;&#xD;
2023-12-22 09:33:44.521+01:00 [    19] WARNING    - W&#xD;&#xD;
2023-12-22 09:33:44.521+01:00 [    19] WARNING    - W&#xD;&#xD;
2023-12-22 09:33:44.521+01:00 [    19] WARNING    - W&#xD;&#xD;
2023-12-22 09:33:44.521+01:00 [    19] WARNING    - W&#xD;&#xD;
2023-12-22 09:33:44.521+01:00 [    19] WARNING    - W&#xD;&#xD;
2023-12-22 09:33:44.521+01:00 [    19] WARNING    - W&#xD;&#xD;
2023-12-22 09:33:44.521+01:00 [    19] WARNING    - W&#xD;&#xD;
2023-12-22 09:33:44.521+01:00 [    19] WARNING    - W&#xD;&#xD;
2023-12-22 09:33:44.521+01:00 [    19] WARNING    - W&#xD;&#xD;
2023-12-22 09:33:44.521+01:00 [    19] WARNING    - W&#xD;&#xD;
2023-12-22 09:33:44.521+01:00 [    19] WARNING    - W&#xD;&#xD;
2023-12-22 09:33:44.521+01:00 [    19] WARNING    - W&#xD;&#xD;
2023-12-22 09:33:44.521+01:00 [    19] WARNING    - W&#xD;&#xD;
2023-12-22 09:33:44.521+01:00 [    19] WARNING    - W&#xD;&#xD;
2023-12-22 09:33:44.521+01:00 [    19] WARNING    - W&#xD;&#xD;
2023-12-22 09:33:44.521+01:00 [    19] WARNING    - W&#xD;&#xD;
2023-12-22 09:33:44.521+01:00 [    19] WARNING    - W&#xD;&#xD;
2023-12-22 09:33:44.521+01:00 [    19] WARNING    - W&#xD;&#xD;
2023-12-22 09:33:44.521+01:00 [    19] WARNING    - W&#xD;&#xD;
2023-12-22 09:33:44.521+01:00 [    19] WARNING    - W&#xD;&#xD;
2023-12-22 09:33:44.521+01:00 [    19] WARNING    - W&#xD;&#xD;
2023-12-22 09:33:44.521+01:00 [    19] WARNING    - W&#xD;&#xD;
2023-12-22 09:33:44.521+01:00 [    19] WARNING    - W&#xD;&#xD;
2023-12-22 09:33:44.521+01:00 [    19] WARNING    - W&#xD;&#xD;
2023-12-22 09:33:44.521+01:00 [    19] WARNING    - W&#xD;&#xD;
2023-12-22 09:33:44.521+01:00 [    19] WARNING    - W&#xD;&#xD;
2023-12-22 09:33:44.521+01:00 [    19] WARNING    - W&#xD;&#xD;
2023-12-22 09:33:44.521+01:00 [    19] WARNING    - W&#xD;&#xD;
2023-12-22 09:33:44.521+01:00 [    19] WARNING    - W&#xD;&#xD;
2023-12-22 09:33:44.521+01:00 [    19] WARNING    - W&#xD;&#xD;
2023-12-22 09:33:44.521+01:00 [    19] WARNING    - W&#xD;&#xD;
2023-12-22 09:33:44.521+01:00 [    19] WARNING    - W&#xD;&#xD;
2023-12-22 09:33:44.521+01:00 [    19] WARNING    - W&#xD;&#xD;
2023-12-22 09:33:44.521+01:00 [    19] WARNING    - W&#xD;&#xD;
2023-12-22 09:33:44.521+01:00 [    19] WARNING    - W&#xD;&#xD;
2023-12-22 09:33:44.521+01:00 [    19] WARNING    - W&#xD;&#xD;
2023-12-22 09:33:44.521+01:00 [    19] WARNING    - W&#xD;&#xD;
2023-12-22 09:33:44.521+01:00 [    19] WARNING    - W&#xD;&#xD;
2023-12-22 09:33:44.521+01:00 [    19] WARNING    - W&#xD;&#xD;
2023-12-22 09:33:44.521+01:00 [    19] WARNING    - W&#xD;&#xD;
2023-12-22 09:33:44.521+01:00 [    19] WARNING    - W&#xD;&#xD;
2023-12-22 09:33:44.521+01:00 [    19] WARNING    - W&#xD;&#xD;
2023-12-22 09:33:44.521+01:00 [    19] WARNING    - W&#xD;&#xD;
2023-12-22 09:33:44.521+01:00 [    19] WARNING    - W&#xD;&#xD;
2023-12-22 09:33:44.521+01:00 [    19] WARNING    - W&#xD;&#xD;
2023-12-22 09:33:44.521+01:00 [    19] WARNING    - W&#xD;&#xD;
2023-12-22 09:33:44.521+01:00 [    19] WARNING    - W&#xD;&#xD;
2023-12-22 09:33:44.521+01:00 [    19] WARNING    - W&#xD;&#xD;
2023-12-22 09:33:44.521+01:00 [    19] WARNING    - W&#xD;&#xD;
2023-12-22 09:33:44.521+01:00 [    19] WARNING    - W&#xD;&#xD;
2023-12-22 09:33:44.521+01:00 [    19] WARNING    - W&#xD;&#xD;
2023-12-22 09:33:44.521+01:00 [    19] WARNING    - W&#xD;&#xD;
2023-12-22 09:33:44.521+01:00 [    19] WARNING    - W&#xD;&#xD;
2023-12-22 09:33:44.521+01:00 [    19] WARNING    - W&#xD;&#xD;
2023-12-22 09:33:44.521+01:00 [    19] WARNING    - W&#xD;&#xD;
2023-12-22 09:33:44.521+01:00 [    19] WARNING    - W&#xD;&#xD;
2023-12-22 09:33:44.521+01:00 [    19] WARNING    - W&#xD;&#xD;
2023-12-22 09:33:44.521+01:00 [    19] WARNING    - W&#xD;&#xD;
2023-12-22 09:33:44.521+01:00 [    19] WARNING    - W&#xD;&#xD;
2023-12-22 09:33:44.521+01:00 [    19] WARNING    - W&#xD;&#xD;
2023-12-22 09:33:44.521+01:00 [    19] WARNING    - W&#xD;&#xD;
2023-12-22 09:33:44.521+01:00 [    19] WARNING    - W&#xD;&#xD;
2023-12-22 09:33:44.521+01:00 [    19] WARNING    - W&#xD;&#xD;
2023-12-22 09:33:44.521+01:00 [    19] WARNING    - W&#xD;&#xD;
2023-12-22 09:33:44.521+01:00 [    19] WARNING    - W&#xD;&#xD;
2023-12-22 09:33:44.521+01:00 [    19] WARNING    - W&#xD;&#xD;
2023-12-22 09:33:44.521+01:00 [    19] WARNING    - W&#xD;&#xD;
2023-12-22 09:33:44.521+01:00 [    19] WARNING    - W&#xD;&#xD;
2023-12-22 09:33:44.521+01:00 [    19] WARNING    - W&#xD;&#xD;
2023-12-22 09:33:44.521+01:00 [    19] WARNING    - W&#xD;&#xD;
2023-12-22 09:33:44.521+01:00 [    19] WARNING    - W&#xD;&#xD;
2023-12-22 09:33:44.521+01:00 [    19] WARNING    - W&#xD;&#xD;
2023-12-22 09:33:44.521+01:00 [    19] WARNING    - W&#xD;&#xD;
2023-12-22 09:33:44.521+01:00 [    19] WARNING    - W&#xD;&#xD;
2023-12-22 09:33:44.521+01:00 [    19] WARNING    - W&#xD;&#xD;
2023-12-22 09:33:44.521+01:00 [    19] WARNING    - W&#xD;&#xD;
2023-12-22 09:33:44.521+01:00 [    19] WARNING    - W&#xD;&#xD;
2023-12-22 09:33:44.521+01:00 [    19] WARNING    - W&#xD;&#xD;
2023-12-22 09:33:44.521+01:00 [    19] WARNING    - W&#xD;&#xD;
2023-12-22 09:33:44.521+01:00 [    19] WARNING    - W&#xD;&#xD;
2023-12-22 09:33:44.521+01:00 [    19] WARNING    - W&#xD;&#xD;
2023-12-22 09:33:44.521+01:00 [    19] WARNING    - W&#xD;&#xD;
2023-12-22 09:33:44.521+01:00 [    19] WARNING    - W&#xD;&#xD;
2023-12-22 09:33:44.521+01:00 [    19] WARNING    - W&#xD;&#xD;
2023-12-22 09:33:44.521+01:00 [    19] WARNING    - W&#xD;&#xD;
2023-12-22 09:33:44.521+01:00 [    19] WARNING    - W&#xD;&#xD;
2023-12-22 09:33:44.521+01:00 [    19] WARNING    - W&#xD;&#xD;
2023-12-22 09:33:44.521+01:00 [    19] WARNING    - W&#xD;&#xD;
2023-12-22 09:33:44.521+01:00 [    19] WARNING    - W&#xD;&#xD;
2023-12-22 09:33:44.521+01:00 [    19] WARNING    - W&#xD;&#xD;
2023-12-22 09:33:44.521+01:00 [    19] WARNING    - W&#xD;&#xD;
2023-12-22 09:33:44.521+01:00 [    19] WARNING    - W&#xD;&#xD;
2023-12-22 09:33:44.521+01:00 [    19] WARNING    - W&#xD;&#xD;
2023-12-22 09:33:44.521+01:00 [    19] WARNING    - W&#xD;&#xD;
2023-12-22 09:33:44.521+01:00 [    19] WARNING    - W&#xD;&#xD;
2023-12-22 09:33:44.521+01:00 [    19] WARNING    - W&#xD;&#xD;
2023-12-22 09:33:44.521+01:00 [    19] WARNING    - W&#xD;&#xD;
2023-12-22 09:33:44.521+01:00 [    19] WARNING    - W&#xD;&#xD;
2023-12-22 09:33:44.521+01:00 [    19] WARNING    - W&#xD;&#xD;
2023-12-22 09:33:44.521+01:00 [    19] WARNING    - W&#xD;&#xD;
2023-12-22 09:33:44.521+01:00 [    19] WARNING    - W&#xD;&#xD;
2023-12-22 09:33:44.521+01:00 [    19] WARNING    - W&#xD;&#xD;
2023-12-22 09:33:44.521+01:00 [    19] WARNING    - W&#xD;&#xD;
2023-12-22 09:33:44.521+01:00 [    19] WARNING    - W&#xD;&#xD;
2023-12-22 09:33:44.521+01:00 [    19] WARNING    - W&#xD;&#xD;
2023-12-22 09:33:44.521+01:00 [    19] WARNING    - W&#xD;&#xD;
2023-12-22 09:33:44.521+01:00 [    19] WARNING    - W&#xD;&#xD;
2023-12-22 09:33:44.521+01:00 [    19] WARNING    - W&#xD;&#xD;
2023-12-22 09:33:44.521+01:00 [    19] WARNING    - W&#xD;&#xD;
2023-12-22 09:33:44.521+01:00 [    19] WARNING    - W&#xD;&#xD;
2023-12-22 09:33:44.521+01:00 [    19] WARNING    - W&#xD;&#xD;
2023-12-22 09:33:44.521+01:00 [    19] WARNING    - W&#xD;&#xD;
2023-12-22 09:33:44.521+01:00 [    19] WARNING    - W&#xD;&#xD;
2023-12-22 09:33:44.521+01:00 [    19] WARNING    - W&#xD;&#xD;
2023-12-22 09:33:44.521+01:00 [    19] WARNING    - W&#xD;&#xD;
2023-12-22 09:33:44.521+01:00 [    19] WARNING    - W&#xD;&#xD;
2023-12-22 09:33:44.521+01:00 [    19] WARNING    - W&#xD;&#xD;
2023-12-22 09:33:44.521+01:00 [    19] WARNING    - W&#xD;&#xD;
2023-12-22 09:33:44.521+01:00 [    19] WARNING    - W&#xD;&#xD;
2023-12-22 09:33:44.521+01:00 [    19] WARNING    - W&#xD;&#xD;
2023-12-22 09:33:44.521+01:00 [    19] WARNING    - W&#xD;&#xD;
2023-12-22 09:33:44.521+01:00 [    19] WARNING    - W&#xD;&#xD;
2023-12-22 09:33:44.521+01:00 [    19] WARNING    - W&#xD;&#xD;
2023-12-22 09:33:44.521+01:00 [    19] WARNING    - W&#xD;&#xD;
2023-12-22 09:33:44.521+01:00 [    19] WARNING    - W&#xD;&#xD;
2023-12-22 09:33:44.521+01:00 [    19] WARNING    - W&#xD;&#xD;
2023-12-22 09:33:44.521+01:00 [    19] WARNING    - W&#xD;&#xD;
2023-12-22 09:33:44.521+01:00 [    19] WARNING    - W&#xD;&#xD;
2023-12-22 09:33:44.521+01:00 [    19] WARNING    - W&#xD;&#xD;
2023-12-22 09:33:44.521+01:00 [    19] WARNING    - W&#xD;&#xD;
2023-12-22 09:33:44.521+01:00 [    19] WARNING    - W&#xD;&#xD;
2023-12-22 09:33:44.521+01:00 [    19] WARNING    - W&#xD;&#xD;
2023-12-22 09:33:44.521+01:00 [    19] WARNING    - W&#xD;&#xD;
2023-12-22 09:33:44.521+01:00 [    19] WARNING    - W&#xD;&#xD;
2023-12-22 09:33:44.521+01:00 [    19] WARNING    - W&#xD;&#xD;
2023-12-22 09:33:44.521+01:00 [    19] WARNING    - W&#xD;&#xD;
2023-12-22 09:33:44.521+01:00 [    19] WARNING    - W&#xD;&#xD;
2023-12-22 09:33:44.521+01:00 [    19] WARNING    - W&#xD;&#xD;
2023-12-22 09:33:44.521+01:00 [    19] WARNING    - W&#xD;&#xD;
2023-12-22 09:33:44.521+01:00 [    19] WARNING    - W&#xD;&#xD;
2023-12-22 09:33:44.521+01:00 [    19] WARNING    - W&#xD;&#xD;
2023-12-22 09:33:44.521+01:00 [    19] WARNING    - W&#xD;&#xD;
2023-12-22 09:33:44.521+01:00 [    19] WARNING    - W&#xD;&#xD;
2023-12-22 09:33:44.521+01:00 [    19] WARNING    - W&#xD;&#xD;
2023-12-22 09:33:44.521+01:00 [    19] WARNING    - W&#xD;&#xD;
2023-12-22 09:33:44.521+01:00 [    19] WARNING    - W&#xD;&#xD;
2023-12-22 09:33:44.521+01:00 [    19] WARNING    - W&#xD;&#xD;
2023-12-22 09:33:44.521+01:00 [    19] WARNING    - W&#xD;&#xD;
2023-12-22 09:33:44.521+01:00 [    19] WARNING    - W&#xD;&#xD;
2023-12-22 09:33:44.521+01:00 [    19] WARNING    - W&#xD;&#xD;
2023-12-22 09:33:44.521+01:00 [    19] WARNING    - W&#xD;&#xD;
2023-12-22 09:33:44.521+01:00 [    19] WARNING    - W&#xD;&#xD;
2023-12-22 09:33:44.521+01:00 [    19] WARNING    - W&#xD;&#xD;
2023-12-22 09:33:44.521+01:00 [    19] WARNING    - W&#xD;&#xD;
2023-12-22 09:33:44.521+01:00 [    19] WARNING    - W&#xD;&#xD;
2023-12-22 09:33:44.521+01:00 [    19] WARNING    - W&#xD;&#xD;
2023-12-22 09:33:44.521+01:00 [    19] WARNING    - W&#xD;&#xD;
2023-12-22 09:33:44.521+01:00 [    19] WARNING    - W&#xD;&#xD;
2023-12-22 09:33:44.521+01:00 [    19] WARNING    - W&#xD;&#xD;
2023-12-22 09:33:44.521+01:00 [    19] WARNING    - W&#xD;&#xD;
2023-12-22 09:33:44.521+01:00 [    19] WARNING    - W&#xD;&#xD;
2023-12-22 09:33:44.521+01:00 [    19] WARNING    - W&#xD;&#xD;
2023-12-22 09:33:44.521+01:00 [    19] WARNING    - W&#xD;&#xD;
2023-12-22 09:33:44.521+01:00 [    19] WARNING    - W&#xD;&#xD;
2023-12-22 09:33:44.521+01:00 [    19] WARNING    - W&#xD;&#xD;
2023-12-22 09:33:44.521+01:00 [    19] WARNING    - W&#xD;&#xD;
2023-12-22 09:33:44.521+01:00 [    19] WARNING    - W&#xD;&#xD;
2023-12-22 09:33:44.521+01:00 [    19] WARNING    - W&#xD;&#xD;
2023-12-22 09:33:44.521+01:00 [    19] WARNING    - W&#xD;&#xD;
2023-12-22 09:33:44.521+01:00 [    19] WARNING    - W&#xD;&#xD;
2023-12-22 09:33:44.521+01:00 [    19] WARNING    - W&#xD;&#xD;
2023-12-22 09:33:44.521+01:00 [    19] WARNING    - W&#xD;&#xD;
2023-12-22 09:33:44.521+01:00 [    19] WARNING    - W&#xD;&#xD;
2023-12-22 09:33:44.521+01:00 [    19] WARNING    - W&#xD;&#xD;
2023-12-22 09:33:44.521+01:00 [    19] WARNING    - W&#xD;&#xD;
2023-12-22 09:33:44.521+01:00 [    19] WARNING    - W&#xD;&#xD;
2023-12-22 09:33:44.521+01:00 [    19] WARNING    - W&#xD;&#xD;
2023-12-22 09:33:44.521+01:00 [    19] WARNING    - W&#xD;&#xD;
2023-12-22 09:33:44.521+01:00 [    19] WARNING    - W&#xD;&#xD;
2023-12-22 09:33:44.521+01:00 [    19] WARNING    - W&#xD;&#xD;
2023-12-22 09:33:44.521+01:00 [    19] WARNING    - W&#xD;&#xD;
2023-12-22 09:33:44.521+01:00 [    19] WARNING    - W&#xD;&#xD;
2023-12-22 09:33:44.521+01:00 [    19] WARNING    - W&#xD;&#xD;
2023-12-22 09:33:44.521+01:00 [    19] WARNING    - W&#xD;&#xD;
2023-12-22 09:33:44.521+01:00 [    19] WARNING    - W&#xD;&#xD;
2023-12-22 09:33:44.521+01:00 [    19] WARNING    - W&#xD;&#xD;
2023-12-22 09:33:44.521+01:00 [    19] WARNING    - W&#xD;&#xD;
2023-12-22 09:33:44.521+01:00 [    19] WARNING    - W&#xD;&#xD;
2023-12-22 09:33:44.521+01:00 [    19] WARNING    - W&#xD;&#xD;
2023-12-22 09:33:44.521+01:00 [    19] WARNING    - W&#xD;&#xD;
2023-12-22 09:33:44.521+01:00 [    19] WARNING    - W&#xD;&#xD;
2023-12-22 09:33:44.521+01:00 [    19] WARNING    - W&#xD;&#xD;
2023-12-22 09:33:44.521+01:00 [    19] WARNING    - W&#xD;&#xD;
2023-12-22 09:33:44.521+01:00 [    19] WARNING    - W&#xD;&#xD;
2023-12-22 09:33:44.521+01:00 [    19] WARNING    - W&#xD;&#xD;
2023-12-22 09:33:44.521+01:00 [    19] WARNING    - W&#xD;&#xD;
2023-12-22 09:33:44.521+01:00 [    19] WARNING    - W&#xD;&#xD;
2023-12-22 09:33:44.521+01:00 [    19] WARNING    - W&#xD;&#xD;
2023-12-22 09:33:44.521+01:00 [    19] WARNING    - W&#xD;&#xD;
2023-12-22 09:33:44.521+01:00 [    19] WARNING    - W&#xD;&#xD;
2023-12-22 09:33:44.521+01:00 [    19] WARNING    - W&#xD;&#xD;
2023-12-22 09:33:44.521+01:00 [    19] WARNING    - W&#xD;&#xD;
2023-12-22 09:33:44.521+01:00 [    19] WARNING    - W&#xD;&#xD;
2023-12-22 09:33:44.521+01:00 [    19] WARNING    - W&#xD;&#xD;
2023-12-22 09:33:44.521+01:00 [    19] WARNING    - W&#xD;&#xD;
2023-12-22 09:33:44.521+01:00 [    19] WARNING    - W&#xD;&#xD;
2023-12-22 09:33:44.521+01:00 [    19] WARNING    - W&#xD;&#xD;
2023-12-22 09:33:44.521+01:00 [    19] WARNING    - W&#xD;&#xD;
2023-12-22 09:33:44.521+01:00 [    19] WARNING    - W&#xD;&#xD;
2023-12-22 09:33:44.521+01:00 [    19] WARNING    - W&#xD;&#xD;
2023-12-22 09:33:44.521+01:00 [    19] WARNING    - W&#xD;&#xD;
2023-12-22 09:33:44.521+01:00 [    19] WARNING    - W&#xD;&#xD;
2023-12-22 09:33:44.521+01:00 [    19] WARNING    - W&#xD;&#xD;
2023-12-22 09:33:44.521+01:00 [    19] WARNING    - W&#xD;&#xD;
2023-12-22 09:33:44.521+01:00 [    19] WARNING    - W&#xD;&#xD;
2023-12-22 09:33:44.521+01:00 [    19] WARNING    - W&#xD;&#xD;
2023-12-22 09:33:44.521+01:00 [    19] WARNING    - W&#xD;&#xD;
2023-12-22 09:33:44.521+01:00 [    19] WARNING    - W&#xD;&#xD;
2023-12-22 09:33:44.521+01:00 [    19] WARNING    - W&#xD;&#xD;
2023-12-22 09:33:44.521+01:00 [    19] WARNING    - W&#xD;&#xD;
2023-12-22 09:33:44.521+01:00 [    19] WARNING    - W&#xD;&#xD;
2023-12-22 09:33:44.521+01:00 [    19] WARNING    - W&#xD;&#xD;
2023-12-22 09:33:44.521+01:00 [    19] WARNING    - W&#xD;&#xD;
2023-12-22 09:33:44.521+01:00 [    19] WARNING    - W&#xD;&#xD;
2023-12-22 09:33:44.521+01:00 [    19] WARNING    - W&#xD;&#xD;
2023-12-22 09:33:44.521+01:00 [    19] WARNING    - W&#xD;&#xD;
2023-12-22 09:33:44.521+01:00 [    19] WARNING    - W&#xD;&#xD;
2023-12-22 09:33:44.521+01:00 [    19] WARNING    - W&#xD;&#xD;
2023-12-22 09:33:44.521+01:00 [    19] WARNING    - W&#xD;&#xD;
2023-12-22 09:33:44.521+01:00 [    19] WARNING    - W&#xD;&#xD;
2023-12-22 09:33:44.521+01:00 [    19] WARNING    - W&#xD;&#xD;
2023-12-22 09:33:44.521+01:00 [    19] WARNING    - W&#xD;&#xD;
2023-12-22 09:33:44.521+01:00 [    19] WARNING    - W&#xD;&#xD;
2023-12-22 09:33:44.521+01:00 [    19] WARNING    - W&#xD;&#xD;
2023-12-22 09:33:44.521+01:00 [    19] WARNING    - W&#xD;&#xD;
2023-12-22 09:33:44.521+01:00 [    19] WARNING    - W&#xD;&#xD;
2023-12-22 09:33:44.521+01:00 [    19] WARNING    - W&#xD;&#xD;
2023-12-22 09:33:44.521+01:00 [    19] WARNING    - W&#xD;&#xD;
2023-12-22 09:33:44.521+01:00 [    19] WARNING    - W&#xD;&#xD;
2023-12-22 09:33:44.521+01:00 [    19] WARNING    - W&#xD;&#xD;
2023-12-22 09:33:44.521+01:00 [    19] WARNING    - W&#xD;&#xD;
2023-12-22 09:33:44.521+01:00 [    19] WARNING    - W&#xD;&#xD;
2023-12-22 09:33:44.521+01:00 [    19] WARNING    - W&#xD;&#xD;
2023-12-22 09:33:44.521+01:00 [    19] WARNING    - W&#xD;&#xD;
2023-12-22 09:33:44.521+01:00 [    19] WARNING    - W&#xD;&#xD;
2023-12-22 09:33:44.521+01:00 [    19] WARNING    - W&#xD;&#xD;
2023-12-22 09:33:44.521+01:00 [    19] WARNING    - W&#xD;&#xD;
2023-12-22 09:33:44.521+01:00 [    19] WARNING    - W&#xD;&#xD;
2023-12-22 09:33:44.521+01:00 [    19] WARNING    - W&#xD;&#xD;
2023-12-22 09:33:44.521+01:00 [    19] WARNING    - W&#xD;&#xD;
2023-12-22 09:33:44.521+01:00 [    19] WARNING    - W&#xD;&#xD;
2023-12-22 09:33:44.521+01:00 [    19] WARNING    - W&#xD;&#xD;
2023-12-22 09:33:44.521+01:00 [    19] WARNING    - W&#xD;&#xD;
2023-12-22 09:33:44.521+01:00 [    19] WARNING    - W&#xD;&#xD;
2023-12-22 09:33:44.521+01:00 [    19] WARNING    - W&#xD;&#xD;
2023-12-22 09:33:44.521+01:00 [    19] WARNING    - W&#xD;&#xD;
2023-12-22 09:33:44.521+01:00 [    19] WARNING    - W&#xD;&#xD;
2023-12-22 09:33:44.521+01:00 [    19] WARNING    - W&#xD;&#xD;
2023-12-22 09:33:44.521+01:00 [    19] WARNING    - W&#xD;&#xD;
2023-12-22 09:33:44.521+01:00 [    19] WARNING    - W&#xD;&#xD;
2023-12-22 09:33:44.521+01:00 [    19] WARNING    - W&#xD;&#xD;
2023-12-22 09:33:44.521+01:00 [    19] WARNING    - W&#xD;&#xD;
2023-12-22 09:33:44.521+01:00 [    19] WARNING    - W&#xD;&#xD;
2023-12-22 09:33:44.521+01:00 [    19] WARNING    - W&#xD;&#xD;
2023-12-22 09:33:44.521+01:00 [    19] WARNING    - W&#xD;&#xD;
2023-12-22 09:33:44.521+01:00 [    19] WARNING    - W&#xD;&#xD;
2023-12-22 09:33:44.521+01:00 [    19] WARNING    - W&#xD;&#xD;
2023-12-22 09:33:44.521+01:00 [    19] WARNING    - W&#xD;&#xD;
2023-12-22 09:33:44.521+01:00 [    19] WARNING    - W&#xD;&#xD;
2023-12-22 09:33:44.521+01:00 [    19] WARNING    - W&#xD;&#xD;
2023-12-22 09:33:44.521+01:00 [    19] WARNING    - W&#xD;&#xD;
2023-12-22 09:33:44.521+01:00 [    19] WARNING    - W&#xD;&#xD;
2023-12-22 09:33:44.521+01:00 [    19] WARNING    - W&#xD;&#xD;
2023-12-22 09:33:44.521+01:00 [    19] WARNING    - W&#xD;&#xD;
2023-12-22 09:33:44.521+01:00 [    19] WARNING    - W&#xD;&#xD;
2023-12-22 09:33:44.521+01:00 [    19] WARNING    - W&#xD;&#xD;
2023-12-22 09:33:44.521+01:00 [    19] WARNING    - W&#xD;&#xD;
2023-12-22 09:33:44.521+01:00 [    19] WARNING    - W&#xD;&#xD;
2023-12-22 09:33:44.521+01:00 [    19] WARNING    - W&#xD;&#xD;
2023-12-22 09:33:44.521+01:00 [    19] WARNING    - W&#xD;&#xD;
2023-12-22 09:33:44.521+01:00 [    19] WARNING    - W&#xD;&#xD;
2023-12-22 09:33:44.521+01:00 [    19] WARNING    - W&#xD;&#xD;
2023-12-22 09:33:44.521+01:00 [    19] WARNING    - W&#xD;&#xD;
2023-12-22 09:33:44.521+01:00 [    19] WARNING    - W&#xD;&#xD;
2023-12-22 09:33:44.521+01:00 [    19] WARNING    - W&#xD;&#xD;
2023-12-22 09:33:44.521+01:00 [    19] WARNING    - W&#xD;&#xD;
2023-12-22 09:33:44.521+01:00 [    19] WARNING    - W&#xD;&#xD;
2023-12-22 09:33:44.521+01:00 [    19] WARNING    - W&#xD;&#xD;
2023-12-22 09:33:44.521+01:00 [    19] WARNING    - W&#xD;&#xD;
2023-12-22 09:33:44.521+01:00 [    19] WARNING    - W&#xD;&#xD;
2023-12-22 09:33:44.521+01:00 [    19] WARNING    - W&#xD;&#xD;
2023-12-22 09:33:44.521+01:00 [    19] WARNING    - W&#xD;&#xD;
2023-12-22 09:33:44.521+01:00 [    19] WARNING    - W&#xD;&#xD;
2023-12-22 09:33:44.521+01:00 [    19] WARNING    - W&#xD;&#xD;
2023-12-22 09:33:44.521+01:00 [    19] WARNING    - W&#xD;&#xD;
2023-12-22 09:33:44.521+01:00 [    19] WARNING    - W&#xD;&#xD;
2023-12-22 09:33:44.521+01:00 [    19] WARNING    - W&#xD;&#xD;
2023-12-22 09:33:44.521+01:00 [    19] WARNING    - W&#xD;&#xD;
2023-12-22 09:33:44.521+01:00 [    19] WARNING    - W&#xD;&#xD;
2023-12-22 09:33:44.521+01:00 [    19] WARNING    - W&#xD;&#xD;
2023-12-22 09:33:44.521+01:00 [    19] WARNING    - W&#xD;&#xD;
2023-12-22 09:33:44.521+01:00 [    19] WARNING    - W&#xD;&#xD;
2023-12-22 09:33:44.521+01:00 [    19] WARNING    - W&#xD;&#xD;
2023-12-22 09:33:44.521+01:00 [    19] WARNING    - W&#xD;&#xD;
2023-12-22 09:33:44.521+01:00 [    19] WARNING    - W&#xD;&#xD;
2023-12-22 09:33:44.521+01:00 [    19] WARNING    - W&#xD;&#xD;
2023-12-22 09:33:44.521+01:00 [    19] WARNING    - W&#xD;&#xD;
2023-12-22 09:33:44.521+01:00 [    19] WARNING    - W&#xD;&#xD;
2023-12-22 09:33:44.521+01:00 [    19] WARNING    - W&#xD;&#xD;
2023-12-22 09:33:44.521+01:00 [    19] WARNING    - W&#xD;&#xD;
2023-12-22 09:33:44.521+01:00 [    19] WARNING    - W&#xD;&#xD;
2023-12-22 09:33:44.521+01:00 [    19] WARNING    - W&#xD;&#xD;
2023-12-22 09:33:44.521+01:00 [    19] WARNING    - W&#xD;&#xD;
2023-12-22 09:33:44.521+01:00 [    19] WARNING    - W&#xD;&#xD;
2023-12-22 09:33:44.521+01:00 [    19] WARNING    - W&#xD;&#xD;
2023-12-22 09:33:44.521+01:00 [    19] WARNING    - W&#xD;&#xD;
2023-12-22 09:33:44.521+01:00 [    19] WARNING    - W&#xD;&#xD;
2023-12-22 09:33:44.521+01:00 [    19] WARNING    - W&#xD;&#xD;
2023-12-22 09:33:44.521+01:00 [    19] WARNING    - W&#xD;&#xD;
2023-12-22 09:33:44.521+01:00 [    19] WARNING    - W&#xD;&#xD;
2023-12-22 09:33:44.521+01:00 [    19] WARNING    - W&#xD;&#xD;
2023-12-22 09:33:44.521+01:00 [    19] WARNING    - W&#xD;&#xD;
2023-12-22 09:33:44.521+01:00 [    19] WARNING    - W&#xD;&#xD;
2023-12-22 09:33:44.521+01:00 [    19] WARNING    - W&#xD;&#xD;
2023-12-22 09:33:44.521+01:00 [    19] WARNING    - W&#xD;&#xD;
2023-12-22 09:33:44.521+01:00 [    19] WARNING    - W&#xD;&#xD;
2023-12-22 09:33:44.521+01:00 [    19] WARNING    - W&#xD;&#xD;
2023-12-22 09:33:44.521+01:00 [    19] WARNING    - W&#xD;&#xD;
2023-12-22 09:33:44.521+01:00 [    19] WARNING    - W&#xD;&#xD;
2023-12-22 09:33:44.521+01:00 [    19] WARNING    - W&#xD;&#xD;
2023-12-22 09:33:44.521+01:00 [    19] WARNING    - W&#xD;&#xD;
2023-12-22 09:33:44.521+01:00 [    19] WARNING    - W&#xD;&#xD;
2023-12-22 09:33:44.521+01:00 [    19] WARNING    - W&#xD;&#xD;
2023-12-22 09:33:44.521+01:00 [    19] WARNING    - W&#xD;&#xD;
2023-12-22 09:33:44.521+01:00 [    19] WARNING    - W&#xD;&#xD;
2023-12-22 09:33:44.521+01:00 [    19] WARNING    - W&#xD;&#xD;
2023-12-22 09:33:44.521+01:00 [    19] WARNING    - W&#xD;&#xD;
2023-12-22 09:33:44.521+01:00 [    19] WARNING    - W&#xD;&#xD;
2023-12-22 09:33:44.521+01:00 [    19] WARNING    - W&#xD;&#xD;
2023-12-22 09:33:44.521+01:00 [    19] WARNING    - W&#xD;&#xD;
2023-12-22 09:33:44.521+01:00 [    19] WARNING    - W&#xD;&#xD;
2023-12-22 09:33:44.521+01:00 [    19] WARNING    - W&#xD;&#xD;
2023-12-22 09:33:44.521+01:00 [    19] WARNING    - W&#xD;&#xD;
2023-12-22 09:33:44.521+01:00 [    19] WARNING    - W&#xD;&#xD;
2023-12-22 09:33:44.521+01:00 [    19] WARNING    - W&#xD;&#xD;
2023-12-22 09:33:44.521+01:00 [    19] WARNING    - W&#xD;&#xD;
2023-12-22 09:33:44.521+01:00 [    19] WARNING    - W&#xD;&#xD;
2023-12-22 09:33:44.521+01:00 [    19] WARNING    - W&#xD;&#xD;
2023-12-22 09:33:44.521+01:00 [    19] WARNING    - W&#xD;&#xD;
2023-12-22 09:33:44.521+01:00 [    19] WARNING    - W&#xD;&#xD;
2023-12-22 09:33:44.521+01:00 [    19] WARNING    - W&#xD;&#xD;
2023-12-22 09:33:44.521+01:00 [    19] WARNING    - W&#xD;&#xD;
2023-12-22 09:33:44.521+01:00 [    19] WARNING    - W&#xD;&#xD;
2023-12-22 09:33:44.521+01:00 [    19] WARNING    - W&#xD;&#xD;
2023-12-22 09:33:44.521+01:00 [    19] WARNING    - W&#xD;&#xD;
2023-12-22 09:33:44.521+01:00 [    19] WARNING    - W&#xD;&#xD;
2023-12-22 09:33:44.521+01:00 [    19] WARNING    - W&#xD;&#xD;
2023-12-22 09:33:44.521+01:00 [    19] WARNING    - W&#xD;&#xD;
2023-12-22 09:33:44.521+01:00 [    19] WARNING    - W&#xD;&#xD;
2023-12-22 09:33:44.521+01:00 [    19] WARNING    - W&#xD;&#xD;
2023-12-22 09:33:44.521+01:00 [    19] WARNING    - W&#xD;&#xD;
2023-12-22 09:33:44.521+01:00 [    19] WARNING    - W&#xD;&#xD;
2023-12-22 09:33:44.521+01:00 [    19] WARNING    - W&#xD;&#xD;
2023-12-22 09:33:44.521+01:00 [    19] WARNING    - W&#xD;&#xD;
2023-12-22 09:33:44.521+01:00 [    19] WARNING    - W&#xD;&#xD;
2023-12-22 09:33:44.521+01:00 [    19] WARNING    - W&#xD;&#xD;
2023-12-22 09:33:44.521+01:00 [    19] WARNING    - W&#xD;&#xD;
2023-12-22 09:33:44.521+01:00 [    19] WARNING    - W&#xD;&#xD;
2023-12-22 09:33:44.521+01:00 [    19] WARNING    - W&#xD;&#xD;
2023-12-22 09:33:44.521+01:00 [    19] WARNING    - W&#xD;&#xD;
2023-12-22 09:33:44.521+01:00 [    19] WARNING    - W&#xD;&#xD;
2023-12-22 09:33:44.521+01:00 [    19] WARNING    - W&#xD;&#xD;
2023-12-22 09:33:44.521+01:00 [    19] WARNING    - W&#xD;&#xD;
2023-12-22 09:33:44.521+01:00 [    19] WARNING    - W&#xD;&#xD;
2023-12-22 09:33:44.521+01:00 [    19] WARNING    - W&#xD;&#xD;
2023-12-22 09:33:44.521+01:00 [    19] WARNING    - W&#xD;&#xD;
2023-12-22 09:33:44.521+01:00 [    19] WARNING    - W&#xD;&#xD;
2023-12-22 09:33:44.521+01:00 [    19] WARNING    - W&#xD;&#xD;
2023-12-22 09:33:44.521+01:00 [    19] WARNING    - W&#xD;&#xD;
2023-12-22 09:33:44.521+01:00 [    19] WARNING    - W&#xD;&#xD;
2023-12-22 09:33:44.521+01:00 [    19] WARNING    - W&#xD;&#xD;
2023-12-22 09:33:44.521+01:00 [    19] WARNING    - W&#xD;&#xD;
2023-12-22 09:33:44.521+01:00 [    19] WARNING    - W&#xD;&#xD;
2023-12-22 09:33:44.521+01:00 [    19] WARNING    - W&#xD;&#xD;
2023-12-22 09:33:44.521+01:00 [    19] WARNING    - W&#xD;&#xD;
2023-12-22 09:33:44.521+01:00 [    19] WARNING    - W&#xD;&#xD;
2023-12-22 09:33:44.521+01:00 [    19] WARNING    - W&#xD;&#xD;
2023-12-22 09:33:44.521+01:00 [    19] WARNING    - W&#xD;&#xD;
2023-12-22 09:33:44.521+01:00 [    19] WARNING    - W&#xD;&#xD;
2023-12-22 09:33:44.521+01:00 [    19] WARNING    - W&#xD;&#xD;
2023-12-22 09:33:44.521+01:00 [    19] WARNING    - W&#xD;&#xD;
2023-12-22 09:33:44.521+01:00 [    19] WARNING    - W&#xD;&#xD;
2023-12-22 09:33:44.521+01:00 [    19] WARNING    - W&#xD;&#xD;
2023-12-22 09:33:44.521+01:00 [    19] WARNING    - W&#xD;&#xD;
2023-12-22 09:33:44.521+01:00 [    19] WARNING    - W&#xD;&#xD;
2023-12-22 09:33:44.521+01:00 [    19] WARNING    - W&#xD;&#xD;
2023-12-22 09:33:44.521+01:00 [    19] WARNING    - W&#xD;&#xD;
2023-12-22 09:33:44.521+01:00 [    19] WARNING    - W&#xD;&#xD;
2023-12-22 09:33:44.521+01:00 [    19] WARNING    - W&#xD;&#xD;
2023-12-22 09:33:44.521+01:00 [    19] WARNING    - W&#xD;&#xD;
2023-12-22 09:33:44.521+01:00 [    19] WARNING    - W&#xD;&#xD;
2023-12-22 09:33:44.521+01:00 [    19] WARNING    - W&#xD;&#xD;
2023-12-22 09:33:44.521+01:00 [    19] WARNING    - W&#xD;&#xD;
2023-12-22 09:33:44.521+01:00 [    19] WARNING    - W&#xD;&#xD;
2023-12-22 09:33:44.521+01:00 [    19] WARNING    - W&#xD;&#xD;
2023-12-22 09:33:44.521+01:00 [    19] WARNING    - W&#xD;&#xD;
2023-12-22 09:33:44.521+01:00 [    19] WARNING    - W&#xD;&#xD;
2023-12-22 09:33:44.521+01:00 [    19] WARNING    - W&#xD;&#xD;
2023-12-22 09:33:44.521+01:00 [    19] WARNING    - W&#xD;&#xD;
2023-12-22 09:33:44.521+01:00 [    19] WARNING    - W&#xD;&#xD;
2023-12-22 09:33:44.521+01:00 [    19] WARNING    - W&#xD;&#xD;
2023-12-22 09:33:44.521+01:00 [    19] WARNING    - W&#xD;&#xD;
2023-12-22 09:33:44.521+01:00 [    19] WARNING    - W&#xD;&#xD;
2023-12-22 09:33:44.521+01:00 [    19] WARNING    - W&#xD;&#xD;
2023-12-22 09:33:44.521+01:00 [    19] WARNING    - W&#xD;&#xD;
2023-12-22 09:33:44.521+01:00 [    19] WARNING    - W&#xD;&#xD;
2023-12-22 09:33:44.521+01:00 [    19] WARNING    - W&#xD;&#xD;
2023-12-22 09:33:44.521+01:00 [    19] WARNING    - W&#xD;&#xD;
2023-12-22 09:33:44.521+01:00 [    19] WARNING    - W&#xD;&#xD;
2023-12-22 09:33:44.521+01:00 [    19] WARNING    - W&#xD;&#xD;
2023-12-22 09:33:44.521+01:00 [    19] WARNING    - W&#xD;&#xD;
2023-12-22 09:33:44.521+01:00 [    19] WARNING    - W&#xD;&#xD;
2023-12-22 09:33:44.521+01:00 [    19] WARNING    - W&#xD;&#xD;
2023-12-22 09:33:44.521+01:00 [    19] WARNING    - W&#xD;&#xD;
2023-12-22 09:33:44.521+01:00 [    19] WARNING    - W&#xD;&#xD;
2023-12-22 09:33:44.521+01:00 [    19] WARNING    - W&#xD;&#xD;
2023-12-22 09:33:44.521+01:00 [    19] WARNING    - W&#xD;&#xD;
2023-12-22 09:33:44.521+01:00 [    19] WARNING    - W&#xD;&#xD;
2023-12-22 09:33:44.521+01:00 [    19] WARNING    - W&#xD;&#xD;
2023-12-22 09:33:44.521+01:00 [    19] WARNING    - W&#xD;&#xD;
2023-12-22 09:33:44.521+01:00 [    19] WARNING    - W&#xD;&#xD;
2023-12-22 09:33:44.521+01:00 [    19] WARNING    - W&#xD;&#xD;
2023-12-22 09:33:44.521+01:00 [    19] WARNING    - W&#xD;&#xD;
2023-12-22 09:33:44.521+01:00 [    19] WARNING    - W&#xD;&#xD;
2023-12-22 09:33:44.521+01:00 [    19] WARNING    - W&#xD;&#xD;
2023-12-22 09:33:44.521+01:00 [    19] WARNING    - W&#xD;&#xD;
2023-12-22 09:33:44.521+01:00 [    19] WARNING    - W&#xD;&#xD;
2023-12-22 09:33:44.521+01:00 [    19] WARNING    - W&#xD;&#xD;
2023-12-22 09:33:44.521+01:00 [    19] WARNING    - W&#xD;&#xD;
2023-12-22 09:33:44.521+01:00 [    19] WARNING    - W&#xD;&#xD;
2023-12-22 09:33:44.521+01:00 [    19] WARNING    - W&#xD;&#xD;
2023-12-22 09:33:44.521+01:00 [    19] WARNING    - W&#xD;&#xD;
2023-12-22 09:33:44.521+01:00 [    19] WARNING    - W&#xD;&#xD;
2023-12-22 09:33:44.521+01:00 [    19] WARNING    - W&#xD;&#xD;
2023-12-22 09:33:44.521+01:00 [    19] WARNING    - W&#xD;&#xD;
2023-12-22 09:33:44.521+01:00 [    19] WARNING    - W&#xD;&#xD;
2023-12-22 09:33:44.521+01:00 [    19] WARNING    - W&#xD;&#xD;
2023-12-22 09:33:44.521+01:00 [    19] WARNING    - W&#xD;&#xD;
2023-12-22 09:33:44.521+01:00 [    19] WARNING    - W&#xD;&#xD;
2023-12-22 09:33:44.521+01:00 [    19] WARNING    - W&#xD;&#xD;
2023-12-22 09:33:44.521+01:00 [    19] WARNING    - W&#xD;&#xD;
2023-12-22 09:33:44.521+01:00 [    19] WARNING    - W&#xD;&#xD;
2023-12-22 09:33:44.521+01:00 [    19] WARNING    - W&#xD;&#xD;
2023-12-22 09:33:44.521+01:00 [    19] WARNING    - W&#xD;&#xD;
2023-12-22 09:33:44.521+01:00 [    19] WARNING    - W&#xD;&#xD;
2023-12-22 09:33:44.521+01:00 [    19] WARNING    - W&#xD;&#xD;
2023-12-22 09:33:44.521+01:00 [    19] WARNING    - W&#xD;&#xD;
2023-12-22 09:33:44.521+01:00 [    19] WARNING    - W&#xD;&#xD;
2023-12-22 09:33:44.521+01:00 [    19] WARNING    - W&#xD;&#xD;
2023-12-22 09:33:44.521+01:00 [    19] WARNING    - W&#xD;&#xD;
2023-12-22 09:33:44.521+01:00 [    19] WARNING    - W&#xD;&#xD;
2023-12-22 09:33:44.521+01:00 [    19] WARNING    - W&#xD;&#xD;
2023-12-22 09:33:44.521+01:00 [    19] WARNING    - W&#xD;&#xD;
2023-12-22 09:33:44.521+01:00 [    19] WARNING    - W&#xD;&#xD;
2023-12-22 09:33:44.521+01:00 [    19] WARNING    - W&#xD;&#xD;
2023-12-22 09:33:44.521+01:00 [    19] WARNING    - W&#xD;&#xD;
2023-12-22 09:33:44.521+01:00 [    19] WARNING    - W&#xD;&#xD;
2023-12-22 09:33:44.521+01:00 [    19] WARNING    - W&#xD;&#xD;
2023-12-22 09:33:44.521+01:00 [    19] WARNING    - W&#xD;&#xD;
2023-12-22 09:33:44.521+01:00 [    19] WARNING    - W&#xD;&#xD;
2023-12-22 09:33:44.521+01:00 [    19] WARNING    - W&#xD;&#xD;
2023-12-22 09:33:44.521+01:00 [    19] WARNING    - W&#xD;&#xD;
2023-12-22 09:33:44.521+01:00 [    19] WARNING    - W&#xD;&#xD;
2023-12-22 09:33:44.521+01:00 [    19] WARNING    - W&#xD;&#xD;
2023-12-22 09:33:44.521+01:00 [    19] WARNING    - W&#xD;&#xD;
2023-12-22 09:33:44.521+01:00 [    19] WARNING    - W&#xD;&#xD;
2023-12-22 09:33:44.521+01:00 [    19] WARNING    - W&#xD;&#xD;
2023-12-22 09:33:44.521+01:00 [    19] WARNING    - W&#xD;&#xD;
2023-12-22 09:33:44.521+01:00 [    19] WARNING    - W&#xD;&#xD;
2023-12-22 09:33:44.521+01:00 [    19] WARNING    - W&#xD;&#xD;
2023-12-22 09:33:44.521+01:00 [    19] WARNING    - W&#xD;&#xD;
2023-12-22 09:33:44.521+01:00 [    19] WARNING    - W&#xD;&#xD;
2023-12-22 09:33:44.521+01:00 [    19] WARNING    - W&#xD;&#xD;
2023-12-22 09:33:44.521+01:00 [    19] WARNING    - W&#xD;&#xD;
2023-12-22 09:33:44.521+01:00 [    19] WARNING    - W&#xD;&#xD;
2023-12-22 09:33:44.521+01:00 [    19] WARNING    - W&#xD;&#xD;
2023-12-22 09:33:44.521+01:00 [    19] WARNING    - W&#xD;&#xD;
2023-12-22 09:33:44.521+01:00 [    19] WARNING    - W&#xD;&#xD;
2023-12-22 09:33:44.521+01:00 [    19] WARNING    - W&#xD;&#xD;
2023-12-22 09:33:44.521+01:00 [    19] WARNING    - W&#xD;&#xD;
2023-12-22 09:33:44.521+01:00 [    19] WARNING    - W&#xD;&#xD;
2023-12-22 09:33:44.521+01:00 [    19] WARNING    - W&#xD;&#xD;
2023-12-22 09:33:44.521+01:00 [    19] WARNING    - W&#xD;&#xD;
2023-12-22 09:33:44.521+01:00 [    19] WARNING    - W&#xD;&#xD;
2023-12-22 09:33:44.521+01:00 [    19] WARNING    - W&#xD;&#xD;
2023-12-22 09:33:44.521+01:00 [    19] WARNING    - W&#xD;&#xD;
2023-12-22 09:33:44.521+01:00 [    19] WARNING    - W&#xD;&#xD;
2023-12-22 09:33:44.521+01:00 [    19] WARNING    - W&#xD;&#xD;
2023-12-22 09:33:44.521+01:00 [    19] WARNING    - W&#xD;&#xD;
2023-12-22 09:33:44.521+01:00 [    19] WARNING    - W&#xD;&#xD;
2023-12-22 09:33:44.521+01:00 [    19] WARNING    - W&#xD;&#xD;
2023-12-22 09:33:44.521+01:00 [    19] WARNING    - W&#xD;&#xD;
2023-12-22 09:33:44.521+01:00 [    19] WARNING    - W&#xD;&#xD;
2023-12-22 09:33:44.521+01:00 [    19] WARNING    - W&#xD;&#xD;
2023-12-22 09:33:44.521+01:00 [    19] WARNING    - W&#xD;&#xD;
2023-12-22 09:33:44.521+01:00 [    19] WARNING    - W&#xD;&#xD;
2023-12-22 09:33:44.521+01:00 [    19] WARNING    - W&#xD;&#xD;
2023-12-22 09:33:44.521+01:00 [    19] WARNING    - W&#xD;&#xD;
2023-12-22 09:33:44.521+01:00 [    19] WARNING    - W&#xD;&#xD;
2023-12-22 09:33:44.521+01:00 [    19] WARNING    - W&#xD;&#xD;
2023-12-22 09:33:44.521+01:00 [    19] WARNING    - W&#xD;&#xD;
2023-12-22 09:33:44.521+01:00 [    19] WARNING    - W&#xD;&#xD;
2023-12-22 09:33:44.521+01:00 [    19] WARNING    - W&#xD;&#xD;
2023-12-22 09:33:44.521+01:00 [    19] WARNING    - W&#xD;&#xD;
2023-12-22 09:33:44.521+01:00 [    19] WARNING    - W&#xD;&#xD;
2023-12-22 09:33:44.521+01:00 [    19] WARNING    - W&#xD;&#xD;
2023-12-22 09:33:44.521+01:00 [    19] WARNING    - W&#xD;&#xD;
2023-12-22 09:33:44.521+01:00 [    19] WARNING    - W&#xD;&#xD;
2023-12-22 09:33:44.521+01:00 [    19] WARNING    - W&#xD;&#xD;
2023-12-22 09:33:44.521+01:00 [    19] WARNING    - W&#xD;&#xD;
2023-12-22 09:33:44.521+01:00 [    19] WARNING    - W&#xD;&#xD;
2023-12-22 09:33:44.521+01:00 [    19] WARNING    - W&#xD;&#xD;
2023-12-22 09:33:44.521+01:00 [    19] WARNING    - W&#xD;&#xD;
2023-12-22 09:33:44.521+01:00 [    19] WARNING    - W&#xD;&#xD;
2023-12-22 09:33:44.521+01:00 [    19] WARNING    - W&#xD;&#xD;
2023-12-22 09:33:44.521+01:00 [    19] WARNING    - W&#xD;&#xD;
2023-12-22 09:33:44.521+01:00 [    19] WARNING    - W&#xD;&#xD;
2023-12-22 09:33:44.521+01:00 [    19] WARNING    - W&#xD;&#xD;
2023-12-22 09:33:44.521+01:00 [    19] WARNING    - W&#xD;&#xD;
2023-12-22 09:33:44.521+01:00 [    19] WARNING    - W&#xD;&#xD;
2023-12-22 09:33:44.521+01:00 [    19] WARNING    - W&#xD;&#xD;
2023-12-22 09:33:44.521+01:00 [    19] WARNING    - W&#xD;&#xD;
2023-12-22 09:33:44.521+01:00 [    19] WARNING    - W&#xD;&#xD;
2023-12-22 09:33:44.521+01:00 [    19] WARNING    - W&#xD;&#xD;
2023-12-22 09:33:44.521+01:00 [    19] WARNING    - W&#xD;&#xD;
2023-12-22 09:33:44.521+01:00 [    19] WARNING    - W&#xD;&#xD;
2023-12-22 09:33:44.521+01:00 [    19] WARNING    - W&#xD;&#xD;
2023-12-22 09:33:44.521+01:00 [    19] WARNING    - W&#xD;&#xD;
2023-12-22 09:33:44.521+01:00 [    19] WARNING    - W&#xD;&#xD;
2023-12-22 09:33:44.521+01:00 [    19] WARNING    - W&#xD;&#xD;
2023-12-22 09:33:44.521+01:00 [    19] WARNING    - W&#xD;&#xD;
2023-12-22 09:33:44.521+01:00 [    19] WARNING    - W&#xD;&#xD;
2023-12-22 09:33:44.521+01:00 [    19] WARNING    - W&#xD;&#xD;
2023-12-22 09:33:44.521+01:00 [    19] WARNING    - W&#xD;&#xD;
2023-12-22 09:33:44.521+01:00 [    19] WARNING    - W&#xD;&#xD;
2023-12-22 09:33:44.521+01:00 [    19] WARNING    - W&#xD;&#xD;
2023-12-22 09:33:44.521+01:00 [    19] WARNING    - W&#xD;&#xD;
2023-12-22 09:33:44.521+01:00 [    19] WARNING    - W&#xD;&#xD;
2023-12-22 09:33:44.521+01:00 [    19] WARNING    - W&#xD;&#xD;
2023-12-22 09:33:44.521+01:00 [    19] WARNING    - W&#xD;&#xD;
2023-12-22 09:33:44.521+01:00 [    19] WARNING    - W&#xD;&#xD;
2023-12-22 09:33:44.521+01:00 [    19] WARNING    - W&#xD;&#xD;
2023-12-22 09:33:44.521+01:00 [    19] WARNING    - W&#xD;&#xD;
2023-12-22 09:33:44.521+01:00 [    19] WARNING    - W&#xD;&#xD;
2023-12-22 09:33:44.521+01:00 [    19] WARNING    - W&#xD;&#xD;
2023-12-22 09:33:44.521+01:00 [    19] WARNING    - W&#xD;&#xD;
2023-12-22 09:33:44.521+01:00 [    19] WARNING    - W&#xD;&#xD;
2023-12-22 09:33:44.521+01:00 [    19] WARNING    - W&#xD;&#xD;
2023-12-22 09:33:44.521+01:00 [    19] WARNING    - W&#xD;&#xD;
2023-12-22 09:33:44.521+01:00 [    19] WARNING    - W&#xD;&#xD;
2023-12-22 09:33:44.521+01:00 [    19] WARNING    - W&#xD;&#xD;
2023-12-22 09:33:44.521+01:00 [    19] WARNING    - W&#xD;&#xD;
2023-12-22 09:33:44.521+01:00 [    19] WARNING    - W&#xD;&#xD;
2023-12-22 09:33:44.521+01:00 [    19] WARNING    - W&#xD;&#xD;
2023-12-22 09:33:44.521+01:00 [    19] WARNING    - W&#xD;&#xD;
2023-12-22 09:33:44.521+01:00 [    19] WARNING    - W&#xD;&#xD;
2023-12-22 09:33:44.521+01:00 [    19] WARNING    - W&#xD;&#xD;
2023-12-22 09:33:44.521+01:00 [    19] WARNING    - W&#xD;&#xD;
2023-12-22 09:33:44.521+01:00 [    19] WARNING    - W&#xD;&#xD;
2023-12-22 09:33:44.521+01:00 [    19] WARNING    - W&#xD;&#xD;
2023-12-22 09:33:44.521+01:00 [    19] WARNING    - W&#xD;&#xD;
2023-12-22 09:33:44.521+01:00 [    19] WARNING    - W&#xD;&#xD;
2023-12-22 09:33:44.521+01:00 [    19] WARNING    - W&#xD;&#xD;
2023-12-22 09:33:44.521+01:00 [    19] WARNING    - W&#xD;&#xD;
2023-12-22 09:33:44.521+01:00 [    19] WARNING    - W&#xD;&#xD;
2023-12-22 09:33:44.521+01:00 [    19] WARNING    - W&#xD;&#xD;
2023-12-22 09:33:44.521+01:00 [    19] WARNING    - W&#xD;&#xD;
2023-12-22 09:33:44.521+01:00 [    19] WARNING    - W&#xD;&#xD;
2023-12-22 09:33:44.521+01:00 [    19] WARNING    - W&#xD;&#xD;
2023-12-22 09:33:44.521+01:00 [    19] WARNING    - W&#xD;&#xD;
2023-12-22 09:33:44.521+01:00 [    19] WARNING    - W&#xD;&#xD;
2023-12-22 09:33:44.521+01:00 [    19] WARNING    - W&#xD;&#xD;
2023-12-22 09:33:44.521+01:00 [    19] WARNING    - W&#xD;&#xD;
2023-12-22 09:33:44.521+01:00 [    19] WARNING    - W&#xD;&#xD;
2023-12-22 09:33:44.521+01:00 [    19] WARNING    - W&#xD;&#xD;
2023-12-22 09:33:44.521+01:00 [    19] WARNING    - W&#xD;&#xD;
2023-12-22 09:33:44.521+01:00 [    19] WARNING    - W&#xD;&#xD;
2023-12-22 09:33:44.521+01:00 [    19] WARNING    - W&#xD;&#xD;
2023-12-22 09:33:44.521+01:00 [    19] WARNING    - W&#xD;&#xD;
2023-12-22 09:33:44.521+01:00 [    19] WARNING    - W&#xD;&#xD;
2023-12-22 09:33:44.521+01:00 [    19] WARNING    - W&#xD;&#xD;
2023-12-22 09:33:44.521+01:00 [    19] WARNING    - W&#xD;&#xD;
2023-12-22 09:33:44.521+01:00 [    19] WARNING    - W&#xD;&#xD;
2023-12-22 09:33:44.521+01:00 [    19] WARNING    - W&#xD;&#xD;
2023-12-22 09:33:44.521+01:00 [    19] WARNING    - W&#xD;&#xD;
2023-12-22 09:33:44.521+01:00 [    19] WARNING    - W&#xD;&#xD;
2023-12-22 09:33:44.521+01:00 [    19] WARNING    - W&#xD;&#xD;
2023-12-22 09:33:44.521+01:00 [    19] WARNING    - W&#xD;&#xD;
2023-12-22 09:33:44.521+01:00 [    19] WARNING    - W&#xD;&#xD;
2023-12-22 09:33:44.521+01:00 [    19] WARNING    - W&#xD;&#xD;
2023-12-22 09:33:44.521+01:00 [    19] WARNING    - W&#xD;&#xD;
2023-12-22 09:33:44.521+01:00 [    19] WARNING    - W&#xD;&#xD;
2023-12-22 09:33:44.521+01:00 [    19] WARNING    - W&#xD;&#xD;
2023-12-22 09:33:44.521+01:00 [    19] WARNING    - W&#xD;&#xD;
2023-12-22 09:33:44.521+01:00 [    19] WARNING    - W&#xD;&#xD;
2023-12-22 09:33:44.521+01:00 [    19] WARNING    - W&#xD;&#xD;
2023-12-22 09:33:44.521+01:00 [    19] WARNING    - W&#xD;&#xD;
2023-12-22 09:33:44.521+01:00 [    19] WARNING    - W&#xD;&#xD;
2023-12-22 09:33:44.521+01:00 [    19] WARNING    - W&#xD;&#xD;
2023-12-22 09:33:44.521+01:00 [    19] WARNING    - W&#xD;&#xD;
2023-12-22 09:33:44.521+01:00 [    19] WARNING    - W&#xD;&#xD;
2023-12-22 09:33:44.521+01:00 [    19] WARNING    - W&#xD;&#xD;
2023-12-22 09:33:44.521+01:00 [    19] WARNING    - W&#xD;&#xD;
2023-12-22 09:33:44.521+01:00 [    19] WARNING    - W&#xD;&#xD;
2023-12-22 09:33:44.521+01:00 [    19] WARNING    - W&#xD;&#xD;
2023-12-22 09:33:44.521+01:00 [    19] WARNING    - W&#xD;&#xD;
2023-12-22 09:33:44.521+01:00 [    19] WARNING    - W&#xD;&#xD;
2023-12-22 09:33:44.521+01:00 [    19] WARNING    - W&#xD;&#xD;
2023-12-22 09:33:44.521+01:00 [    19] WARNING    - W&#xD;&#xD;
2023-12-22 09:33:44.521+01:00 [    19] WARNING    - W&#xD;&#xD;
2023-12-22 09:33:44.521+01:00 [    19] WARNING    - W&#xD;&#xD;
2023-12-22 09:33:44.521+01:00 [    19] WARNING    - W&#xD;&#xD;
2023-12-22 09:33:44.521+01:00 [    19] WARNING    - W&#xD;&#xD;
2023-12-22 09:33:44.521+01:00 [    19] WARNING    - W&#xD;&#xD;
2023-12-22 09:33:44.521+01:00 [    19] WARNING    - W&#xD;&#xD;
2023-12-22 09:33:44.521+01:00 [    19] WARNING    - W&#xD;&#xD;
2023-12-22 09:33:44.521+01:00 [    19] WARNING    - W&#xD;&#xD;
2023-12-22 09:33:44.521+01:00 [    19] WARNING    - W&#xD;&#xD;
2023-12-22 09:33:44.521+01:00 [    19] WARNING    - W&#xD;&#xD;
2023-12-22 09:33:44.521+01:00 [    19] WARNING    - W&#xD;&#xD;
2023-12-22 09:33:44.521+01:00 [    19] WARNING    - W&#xD;&#xD;
2023-12-22 09:33:44.521+01:00 [    19] WARNING    - W&#xD;&#xD;
2023-12-22 09:33:44.521+01:00 [    19] WARNING    - W&#xD;&#xD;
2023-12-22 09:33:44.521+01:00 [    19] WARNING    - W&#xD;&#xD;
2023-12-22 09:33:44.521+01:00 [    19] WARNING    - W&#xD;&#xD;
2023-12-22 09:33:44.521+01:00 [    19] WARNING    - W&#xD;&#xD;
2023-12-22 09:33:44.521+01:00 [    19] WARNING    - W&#xD;&#xD;
2023-12-22 09:33:44.521+01:00 [    19] WARNING    - W&#xD;&#xD;
2023-12-22 09:33:44.521+01:00 [    19] WARNING    - W&#xD;&#xD;
2023-12-22 09:33:44.521+01:00 [    19] WARNING    - W&#xD;&#xD;
2023-12-22 09:33:44.521+01:00 [    19] WARNING    - W&#xD;&#xD;
2023-12-22 09:33:44.521+01:00 [    19] WARNING    - W&#xD;&#xD;
2023-12-22 09:33:44.521+01:00 [    19] WARNING    - W&#xD;&#xD;
2023-12-22 09:33:44.521+01:00 [    19] WARNING    - W&#xD;&#xD;
2023-12-22 09:33:44.521+01:00 [    19] WARNING    - W&#xD;&#xD;
2023-12-22 09:33:44.521+01:00 [    19] WARNING    - W&#xD;&#xD;
2023-12-22 09:33:44.521+01:00 [    19] WARNING    - W&#xD;&#xD;
2023-12-22 09:33:44.521+01:00 [    19] WARNING    - W&#xD;&#xD;
2023-12-22 09:33:44.521+01:00 [    19] WARNING    - W&#xD;&#xD;
2023-12-22 09:33:44.521+01:00 [    19] WARNING    - W&#xD;&#xD;
2023-12-22 09:33:44.521+01:00 [    19] WARNING    - W&#xD;&#xD;
2023-12-22 09:33:44.521+01:00 [    19] WARNING    - W&#xD;&#xD;
2023-12-22 09:33:44.521+01:00 [    19] WARNING    - W&#xD;&#xD;
2023-12-22 09:33:44.521+01:00 [    19] WARNING    - W&#xD;&#xD;
2023-12-22 09:33:44.521+01:00 [    19] WARNING    - W&#xD;&#xD;
2023-12-22 09:33:44.521+01:00 [    19] WARNING    - W&#xD;&#xD;
2023-12-22 09:33:44.521+01:00 [    19] WARNING    - W&#xD;&#xD;
2023-12-22 09:33:44.521+01:00 [    19] WARNING    - W&#xD;&#xD;
2023-12-22 09:33:44.521+01:00 [    19] WARNING    - W&#xD;&#xD;
2023-12-22 09:33:44.521+01:00 [    19] WARNING    - W&#xD;&#xD;
2023-12-22 09:33:44.521+01:00 [    19] WARNING    - W&#xD;&#xD;
2023-12-22 09:33:44.521+01:00 [    19] WARNING    - W&#xD;&#xD;
2023-12-22 09:33:44.521+01:00 [    19] WARNING    - W&#xD;&#xD;
2023-12-22 09:33:44.521+01:00 [    19] WARNING    - W&#xD;&#xD;
2023-12-22 09:33:44.521+01:00 [    19] WARNING    - W&#xD;&#xD;
2023-12-22 09:33:44.521+01:00 [    19] WARNING    - W&#xD;&#xD;
2023-12-22 09:33:44.521+01:00 [    19] WARNING    - W&#xD;&#xD;
2023-12-22 09:33:44.521+01:00 [    19] WARNING    - W&#xD;&#xD;
2023-12-22 09:33:44.521+01:00 [    19] WARNING    - W&#xD;&#xD;
2023-12-22 09:33:44.521+01:00 [    19] WARNING    - W&#xD;&#xD;
2023-12-22 09:33:44.521+01:00 [    19] WARNING    - W&#xD;&#xD;
2023-12-22 09:33:44.521+01:00 [    19] WARNING    - W&#xD;&#xD;
2023-12-22 09:33:44.521+01:00 [    19] WARNING    - W&#xD;&#xD;
2023-12-22 09:33:44.521+01:00 [    19] WARNING    - W&#xD;&#xD;
2023-12-22 09:33:44.521+01:00 [    19] WARNING    - W&#xD;&#xD;
2023-12-22 09:33:44.521+01:00 [    19] WARNING    - W&#xD;&#xD;
2023-12-22 09:33:44.521+01:00 [    19] WARNING    - W&#xD;&#xD;
2023-12-22 09:33:44.521+01:00 [    19] WARNING    - W&#xD;&#xD;
2023-12-22 09:33:44.521+01:00 [    19] WARNING    - W&#xD;&#xD;
2023-12-22 09:33:44.521+01:00 [    19] WARNING    - W&#xD;&#xD;
2023-12-22 09:33:44.521+01:00 [    19] WARNING    - W&#xD;&#xD;
2023-12-22 09:33:44.521+01:00 [    19] WARNING    - W&#xD;&#xD;
2023-12-22 09:33:44.521+01:00 [    19] WARNING    - W&#xD;&#xD;
2023-12-22 09:33:44.521+01:00 [    19] WARNING    - W&#xD;&#xD;
2023-12-22 09:33:44.521+01:00 [    19] WARNING    - W&#xD;&#xD;
2023-12-22 09:33:44.521+01:00 [    19] WARNING    - W&#xD;&#xD;
2023-12-22 09:33:44.521+01:00 [    19] WARNING    - W&#xD;&#xD;
2023-12-22 09:33:44.521+01:00 [    19] WARNING    - W&#xD;&#xD;
2023-12-22 09:33:44.521+01:00 [    19] WARNING    - W&#xD;&#xD;
2023-12-22 09:33:44.521+01:00 [    19] WARNING    - W&#xD;&#xD;
2023-12-22 09:33:44.521+01:00 [    19] WARNING    - W&#xD;&#xD;
2023-12-22 09:33:44.521+01:00 [    19] WARNING    - W&#xD;&#xD;
2023-12-22 09:33:44.521+01:00 [    19] WARNING    - W&#xD;&#xD;
2023-12-22 09:33:44.521+01:00 [    19] WARNING    - W&#xD;&#xD;
2023-12-22 09:33:44.521+01:00 [    19] WARNING    - W&#xD;&#xD;
2023-12-22 09:33:44.521+01:00 [    19] WARNING    - W&#xD;&#xD;
2023-12-22 09:33:44.521+01:00 [    19] WARNING    - W&#xD;&#xD;
2023-12-22 09:33:44.521+01:00 [    19] WARNING    - W&#xD;&#xD;
2023-12-22 09:33:44.521+01:00 [    19] WARNING    - W&#xD;&#xD;
2023-12-22 09:33:44.521+01:00 [    19] WARNING    - W&#xD;&#xD;
2023-12-22 09:33:44.521+01:00 [    19] WARNING    - W&#xD;&#xD;
2023-12-22 09:33:44.521+01:00 [    19] WARNING    - W&#xD;&#xD;
2023-12-22 09:33:44.521+01:00 [    19] WARNING    - W&#xD;&#xD;
2023-12-22 09:33:44.521+01:00 [    19] WARNING    - W&#xD;&#xD;
2023-12-22 09:33:44.521+01:00 [    19] WARNING    - W&#xD;&#xD;
2023-12-22 09:33:44.521+01:00 [    19] WARNING    - W&#xD;&#xD;
2023-12-22 09:33:44.521+01:00 [    19] WARNING    - W&#xD;&#xD;
2023-12-22 09:33:44.521+01:00 [    19] WARNING    - W&#xD;&#xD;
2023-12-22 09:33:44.521+01:00 [    19] WARNING    - W&#xD;&#xD;
2023-12-22 09:33:44.521+01:00 [    19] WARNING    - W&#xD;&#xD;
2023-12-22 09:33:44.521+01:00 [    19] WARNING    - W&#xD;&#xD;
2023-12-22 09:33:44.521+01:00 [    19] WARNING    - W&#xD;&#xD;
2023-12-22 09:33:44.521+01:00 [    19] WARNING    - W&#xD;&#xD;
2023-12-22 09:33:44.521+01:00 [    19] WARNING    - W&#xD;&#xD;
2023-12-22 09:33:44.521+01:00 [    19] WARNING    - W&#xD;&#xD;
2023-12-22 09:33:44.521+01:00 [    19] WARNING    - W&#xD;&#xD;
2023-12-22 09:33:44.521+01:00 [    19] WARNING    - W&#xD;&#xD;
2023-12-22 09:33:44.521+01:00 [    19] WARNING    - W&#xD;&#xD;
2023-12-22 09:33:44.521+01:00 [    19] WARNING    - W&#xD;&#xD;
2023-12-22 09:33:44.521+01:00 [    19] WARNING    - W&#xD;&#xD;
2023-12-22 09:33:44.521+01:00 [    19] WARNING    - W&#xD;&#xD;
2023-12-22 09:33:44.521+01:00 [    19] WARNING    - W&#xD;&#xD;
2023-12-22 09:33:44.521+01:00 [    19] WARNING    - W&#xD;&#xD;
2023-12-22 09:33:44.521+01:00 [    19] WARNING    - W&#xD;&#xD;
2023-12-22 09:33:44.521+01:00 [    19] WARNING    - W&#xD;&#xD;
2023-12-22 09:33:44.521+01:00 [    19] WARNING    - W&#xD;&#xD;
2023-12-22 09:33:44.521+01:00 [    19] WARNING    - W&#xD;&#xD;
2023-12-22 09:33:44.521+01:00 [    19] WARNING    - W&#xD;&#xD;
2023-12-22 09:33:44.521+01:00 [    19] WARNING    - W&#xD;&#xD;
2023-12-22 09:33:44.521+01:00 [    19] WARNING    - W&#xD;&#xD;
2023-12-22 09:33:44.521+01:00 [    19] WARNING    - W&#xD;&#xD;
2023-12-22 09:33:44.521+01:00 [    19] WARNING    - W&#xD;&#xD;
2023-12-22 09:33:44.521+01:00 [    19] WARNING    - W&#xD;&#xD;
2023-12-22 09:33:44.521+01:00 [    19] WARNING    - W&#xD;&#xD;
2023-12-22 09:33:44.521+01:00 [    19] WARNING    - W&#xD;&#xD;
2023-12-22 09:33:44.521+01:00 [    19] WARNING    - W&#xD;&#xD;
2023-12-22 09:33:44.521+01:00 [    19] WARNING    - W&#xD;&#xD;
2023-12-22 09:33:44.521+01:00 [    19] WARNING    - W&#xD;&#xD;
2023-12-22 09:33:44.521+01:00 [    19] WARNING    - W&#xD;&#xD;
2023-12-22 09:33:44.521+01:00 [    19] WARNING    - W&#xD;&#xD;
2023-12-22 09:33:44.521+01:00 [    19] WARNING    - W&#xD;&#xD;
2023-12-22 09:33:44.521+01:00 [    19] WARNING    - W&#xD;&#xD;
2023-12-22 09:33:44.521+01:00 [    19] WARNING    - W&#xD;&#xD;
2023-12-22 09:33:44.521+01:00 [    19] WARNING    - W&#xD;&#xD;
2023-12-22 09:33:44.521+01:00 [    19] WARNING    - W&#xD;&#xD;
2023-12-22 09:33:44.521+01:00 [    19] WARNING    - W&#xD;&#xD;
2023-12-22 09:33:44.521+01:00 [    19] WARNING    - W&#xD;&#xD;
2023-12-22 09:33:44.521+01:00 [    19] WARNING    - W&#xD;&#xD;
2023-12-22 09:33:44.521+01:00 [    19] WARNING    - W&#xD;&#xD;
2023-12-22 09:33:44.521+01:00 [    19] WARNING    - W&#xD;&#xD;
2023-12-22 09:33:44.521+01:00 [    19] WARNING    - W&#xD;&#xD;
2023-12-22 09:33:44.521+01:00 [    19] WARNING    - W&#xD;&#xD;
2023-12-22 09:33:44.521+01:00 [    19] WARNING    - W&#xD;&#xD;
2023-12-22 09:33:44.521+01:00 [    19] WARNING    - W&#xD;&#xD;
2023-12-22 09:33:44.521+01:00 [    19] WARNING    - W&#xD;&#xD;
2023-12-22 09:33:44.521+01:00 [    19] WARNING    - W&#xD;&#xD;
2023-12-22 09:33:44.521+01:00 [    19] WARNING    - W&#xD;&#xD;
2023-12-22 09:33:44.521+01:00 [    19] WARNING    - W&#xD;&#xD;
2023-12-22 09:33:44.521+01:00 [    19] WARNING    - W&#xD;&#xD;
2023-12-22 09:33:44.521+01:00 [    19] WARNING    - W&#xD;&#xD;
2023-12-22 09:33:44.521+01:00 [    19] WARNING    - W&#xD;&#xD;
2023-12-22 09:33:44.521+01:00 [    19] WARNING    - W&#xD;&#xD;
2023-12-22 09:33:44.521+01:00 [    19] WARNING    - W&#xD;&#xD;
2023-12-22 09:33:44.521+01:00 [    19] WARNING    - W&#xD;&#xD;
2023-12-22 09:33:44.521+01:00 [    19] WARNING    - W&#xD;&#xD;
2023-12-22 09:33:44.521+01:00 [    19] WARNING    - W&#xD;&#xD;
2023-12-22 09:33:44.521+01:00 [    19] WARNING    - W&#xD;&#xD;
2023-12-22 09:33:44.521+01:00 [    19] WARNING    - W&#xD;&#xD;
2023-12-22 09:33:44.521+01:00 [    19] WARNING    - W&#xD;&#xD;
2023-12-22 09:33:44.521+01:00 [    19] WARNING    - W&#xD;&#xD;
2023-12-22 09:33:44.521+01:00 [    19] WARNING    - W&#xD;&#xD;
2023-12-22 09:33:44.521+01:00 [    19] WARNING    - W&#xD;&#xD;
2023-12-22 09:33:44.521+01:00 [    19] WARNING    - W&#xD;&#xD;
2023-12-22 09:33:44.521+01:00 [    19] WARNING    - W&#xD;&#xD;
2023-12-22 09:33:44.521+01:00 [    19] WARNING    - W&#xD;&#xD;
2023-12-22 09:33:44.521+01:00 [    19] WARNING    - W&#xD;&#xD;
2023-12-22 09:33:44.521+01:00 [    19] WARNING    - W&#xD;&#xD;
2023-12-22 09:33:44.521+01:00 [    19] WARNING    - W&#xD;&#xD;
2023-12-22 09:33:44.521+01:00 [    19] WARNING    - W&#xD;&#xD;
2023-12-22 09:33:44.521+01:00 [    19] WARNING    - W&#xD;&#xD;
2023-12-22 09:33:44.521+01:00 [    19] WARNING    - W&#xD;&#xD;
2023-12-22 09:33:44.521+01:00 [    19] WARNING    - W&#xD;&#xD;
2023-12-22 09:33:44.521+01:00 [    19] WARNING    - W&#xD;&#xD;
2023-12-22 09:33:44.521+01:00 [    19] WARNING    - W&#xD;&#xD;
2023-12-22 09:33:44.521+01:00 [    19] WARNING    - W&#xD;&#xD;
2023-12-22 09:33:44.521+01:00 [    19] WARNING    - W&#xD;&#xD;
2023-12-22 09:33:44.521+01:00 [    19] WARNING    - W&#xD;&#xD;
2023-12-22 09:33:44.521+01:00 [    19] WARNING    - W&#xD;&#xD;
2023-12-22 09:33:44.521+01:00 [    19] WARNING    - W&#xD;&#xD;
2023-12-22 09:33:44.521+01:00 [    19] WARNING    - W&#xD;&#xD;
2023-12-22 09:33:44.521+01:00 [    19] WARNING    - W&#xD;&#xD;
2023-12-22 09:33:44.521+01:00 [    19] WARNING    - W&#xD;&#xD;
2023-12-22 09:33:44.521+01:00 [    19] WARNING    - W&#xD;&#xD;
2023-12-22 09:33:44.521+01:00 [    19] WARNING    - W&#xD;&#xD;
2023-12-22 09:33:44.521+01:00 [    19] WARNING    - W&#xD;&#xD;
2023-12-22 09:33:44.521+01:00 [    19] WARNING    - W&#xD;&#xD;
2023-12-22 09:33:44.521+01:00 [    19] WARNING    - W&#xD;&#xD;
2023-12-22 09:33:44.521+01:00 [    19] WARNING    - W&#xD;&#xD;
2023-12-22 09:33:44.521+01:00 [    19] WARNING    - W&#xD;&#xD;
2023-12-22 09:33:44.521+01:00 [    19] WARNING    - W&#xD;&#xD;
2023-12-22 09:33:44.521+01:00 [    19] WARNING    - W&#xD;&#xD;
2023-12-22 09:33:44.521+01:00 [    19] WARNING    - W&#xD;&#xD;
2023-12-22 09:33:44.521+01:00 [    19] WARNING    - W&#xD;&#xD;
2023-12-22 09:33:44.521+01:00 [    19] WARNING    - W&#xD;&#xD;
2023-12-22 09:33:44.521+01:00 [    19] WARNING    - W&#xD;&#xD;
2023-12-22 09:33:44.521+01:00 [    19] WARNING    - W&#xD;&#xD;
2023-12-22 09:33:44.521+01:00 [    19] WARNING    - W&#xD;&#xD;
2023-12-22 09:33:44.521+01:00 [    19] WARNING    - W&#xD;&#xD;
2023-12-22 09:33:44.521+01:00 [    19] WARNING    - W&#xD;&#xD;
2023-12-22 09:33:44.521+01:00 [    19] WARNING    - W&#xD;&#xD;
2023-12-22 09:33:44.521+01:00 [    19] WARNING    - W&#xD;&#xD;
2023-12-22 09:33:44.521+01:00 [    19] WARNING    - W&#xD;&#xD;
2023-12-22 09:33:44.521+01:00 [    19] WARNING    - W&#xD;&#xD;
2023-12-22 09:33:44.521+01:00 [    19] WARNING    - W&#xD;&#xD;
2023-12-22 09:33:44.521+01:00 [    19] WARNING    - W&#xD;&#xD;
2023-12-22 09:33:44.521+01:00 [    19] WARNING    - W&#xD;&#xD;
2023-12-22 09:33:44.521+01:00 [    19] WARNING    - W&#xD;&#xD;
2023-12-22 09:33:44.521+01:00 [    19] WARNING    - W&#xD;&#xD;
2023-12-22 09:33:44.521+01:00 [    19] WARNING    - W&#xD;&#xD;
2023-12-22 09:33:44.521+01:00 [    19] WARNING    - W&#xD;&#xD;
2023-12-22 09:33:44.521+01:00 [    19] WARNING    - W&#xD;&#xD;
2023-12-22 09:33:44.521+01:00 [    19] WARNING    - W&#xD;&#xD;
2023-12-22 09:33:44.521+01:00 [    19] WARNING    - W&#xD;&#xD;
2023-12-22 09:33:44.521+01:00 [    19] WARNING    - W&#xD;&#xD;
2023-12-22 09:33:44.521+01:00 [    19] WARNING    - W&#xD;&#xD;
2023-12-22 09:33:44.521+01:00 [    19] WARNING    - W&#xD;&#xD;
2023-12-22 09:33:44.521+01:00 [    19] WARNING    - W&#xD;&#xD;
2023-12-22 09:33:44.521+01:00 [    19] WARNING    - W&#xD;&#xD;
2023-12-22 09:33:44.521+01:00 [    19] WARNING    - W&#xD;&#xD;
2023-12-22 09:33:44.521+01:00 [    19] WARNING    - W&#xD;&#xD;
2023-12-22 09:33:44.521+01:00 [    19] WARNING    - W&#xD;&#xD;
2023-12-22 09:33:44.521+01:00 [    19] WARNING    - W&#xD;&#xD;
2023-12-22 09:33:44.521+01:00 [    19] WARNING    - W&#xD;&#xD;
2023-12-22 09:33:44.521+01:00 [    19] WARNING    - W&#xD;&#xD;
2023-12-22 09:33:44.521+01:00 [    19] WARNING    - W&#xD;&#xD;
2023-12-22 09:33:44.521+01:00 [    19] WARNING    - W&#xD;&#xD;
2023-12-22 09:33:44.521+01:00 [    19] WARNING    - W&#xD;&#xD;
2023-12-22 09:33:44.521+01:00 [    19] WARNING    - W&#xD;&#xD;
2023-12-22 09:33:44.521+01:00 [    19] WARNING    - W&#xD;&#xD;
2023-12-22 09:33:44.521+01:00 [    19] WARNING    - W&#xD;&#xD;
2023-12-22 09:33:44.521+01:00 [    19] WARNING    - W&#xD;&#xD;
2023-12-22 09:33:44.521+01:00 [    19] WARNING    - W&#xD;&#xD;
2023-12-22 09:33:44.521+01:00 [    19] WARNING    - W&#xD;&#xD;
2023-12-22 09:33:44.521+01:00 [    19] WARNING    - W&#xD;&#xD;
2023-12-22 09:33:44.521+01:00 [    19] WARNING    - W&#xD;&#xD;
2023-12-22 09:33:44.521+01:00 [    19] WARNING    - W&#xD;&#xD;
2023-12-22 09:33:44.521+01:00 [    19] WARNING    - W&#xD;&#xD;
2023-12-22 09:33:44.521+01:00 [    19] WARNING    - W&#xD;&#xD;
2023-12-22 09:33:44.521+01:00 [    19] WARNING    - W&#xD;&#xD;
2023-12-22 09:33:44.521+01:00 [    19] WARNING    - W&#xD;&#xD;
2023-12-22 09:33:44.521+01:00 [    19] WARNING    - W&#xD;&#xD;
2023-12-22 09:33:44.521+01:00 [    19] WARNING    - W&#xD;&#xD;
2023-12-22 09:33:44.521+01:00 [    19] WARNING    - W&#xD;&#xD;
2023-12-22 09:33:44.521+01:00 [    19] WARNING    - W&#xD;&#xD;
2023-12-22 09:33:44.521+01:00 [    19] WARNING    - W&#xD;&#xD;
2023-12-22 09:33:44.521+01:00 [    19] WARNING    - W&#xD;&#xD;
2023-12-22 09:33:44.521+01:00 [    19] WARNING    - W&#xD;&#xD;
2023-12-22 09:33:44.521+01:00 [    19] WARNING    - W&#xD;&#xD;
2023-12-22 09:33:44.521+01:00 [    19] WARNING    - W&#xD;&#xD;
2023-12-22 09:33:44.521+01:00 [    19] WARNING    - W&#xD;&#xD;
2023-12-22 09:33:44.521+01:00 [    19] WARNING    - W&#xD;&#xD;
2023-12-22 09:33:44.521+01:00 [    19] WARNING    - W&#xD;&#xD;
2023-12-22 09:33:44.521+01:00 [    19] WARNING    - W&#xD;&#xD;
2023-12-22 09:33:44.521+01:00 [    19] WARNING    - W&#xD;&#xD;
2023-12-22 09:33:44.521+01:00 [    19] WARNING    - W&#xD;&#xD;
2023-12-22 09:33:44.521+01:00 [    19] WARNING    - W&#xD;&#xD;
2023-12-22 09:33:44.521+01:00 [    19] WARNING    - W&#xD;&#xD;
2023-12-22 09:33:44.521+01:00 [    19] WARNING    - W&#xD;&#xD;
2023-12-22 09:33:44.521+01:00 [    19] WARNING    - W&#xD;&#xD;
2023-12-22 09:33:44.521+01:00 [    19] WARNING    - W&#xD;&#xD;
2023-12-22 09:33:44.521+01:00 [    19] WARNING    - W&#xD;&#xD;
2023-12-22 09:33:44.521+01:00 [    19] WARNING    - W&#xD;&#xD;
2023-12-22 09:33:44.521+01:00 [    19] WARNING    - W&#xD;&#xD;
2023-12-22 09:33:44.521+01:00 [    19] WARNING    - W&#xD;&#xD;
2023-12-22 09:33:44.521+01:00 [    19] WARNING    - W&#xD;&#xD;
2023-12-22 09:33:44.521+01:00 [    19] WARNING    - W&#xD;&#xD;
2023-12-22 09:33:44.521+01:00 [    19] WARNING    - W&#xD;&#xD;
2023-12-22 09:33:44.521+01:00 [    19] WARNING    - W&#xD;&#xD;
2023-12-22 09:33:44.521+01:00 [    19] WARNING    - W&#xD;&#xD;
2023-12-22 09:33:44.521+01:00 [    19] WARNING    - W&#xD;&#xD;
2023-12-22 09:33:44.521+01:00 [    19] WARNING    - W&#xD;&#xD;
2023-12-22 09:33:44.521+01:00 [    19] WARNING    - W&#xD;&#xD;
2023-12-22 09:33:44.521+01:00 [    19] WARNING    - W&#xD;&#xD;
2023-12-22 09:33:44.521+01:00 [    19] WARNING    - W&#xD;&#xD;
2023-12-22 09:33:44.521+01:00 [    19] WARNING    - W&#xD;&#xD;
2023-12-22 09:33:44.521+01:00 [    19] WARNING    - W&#xD;&#xD;
2023-12-22 09:33:44.521+01:00 [    19] WARNING    - W&#xD;&#xD;
2023-12-22 09:33:44.521+01:00 [    19] WARNING    - W&#xD;&#xD;
2023-12-22 09:33:44.521+01:00 [    19] WARNING    - W&#xD;&#xD;
2023-12-22 09:33:44.521+01:00 [    19] WARNING    - W&#xD;&#xD;
2023-12-22 09:33:44.521+01:00 [    19] WARNING    - W&#xD;&#xD;
2023-12-22 09:33:44.521+01:00 [    19] WARNING    - W&#xD;&#xD;
2023-12-22 09:33:44.521+01:00 [    19] WARNING    - W&#xD;&#xD;
2023-12-22 09:33:44.521+01:00 [    19] WARNING    - W&#xD;&#xD;
2023-12-22 09:33:44.521+01:00 [    19] WARNING    - W&#xD;&#xD;
2023-12-22 09:33:44.521+01:00 [    19] WARNING    - W&#xD;&#xD;
2023-12-22 09:33:44.521+01:00 [    19] WARNING    - W&#xD;&#xD;
2023-12-22 09:33:44.521+01:00 [    19] WARNING    - W&#xD;&#xD;
2023-12-22 09:33:44.521+01:00 [    19] WARNING    - W&#xD;&#xD;
2023-12-22 09:33:44.521+01:00 [    19] WARNING    - W&#xD;&#xD;
2023-12-22 09:33:44.521+01:00 [    19] WARNING    - W&#xD;&#xD;
2023-12-22 09:33:44.521+01:00 [    19] WARNING    - W&#xD;&#xD;
2023-12-22 09:33:44.521+01:00 [    19] WARNING    - W&#xD;&#xD;
2023-12-22 09:33:44.521+01:00 [    19] WARNING    - W&#xD;&#xD;
2023-12-22 09:33:44.521+01:00 [    19] WARNING    - W&#xD;&#xD;
2023-12-22 09:33:44.521+01:00 [    19] WARNING    - W&#xD;&#xD;
2023-12-22 09:33:44.521+01:00 [    19] WARNING    - W&#xD;&#xD;
2023-12-22 09:33:44.521+01:00 [    19] WARNING    - W&#xD;&#xD;
2023-12-22 09:33:44.521+01:00 [    19] WARNING    - W&#xD;&#xD;
2023-12-22 09:33:44.521+01:00 [    19] WARNING    - W&#xD;&#xD;
2023-12-22 09:33:44.521+01:00 [    19] WARNING    - W&#xD;&#xD;
2023-12-22 09:33:44.521+01:00 [    19] WARNING    - W&#xD;&#xD;
2023-12-22 09:33:44.521+01:00 [    19] WARNING    - W&#xD;&#xD;
2023-12-22 09:33:44.521+01:00 [    19] WARNING    - W&#xD;&#xD;
2023-12-22 09:33:44.521+01:00 [    19] WARNING    - W&#xD;&#xD;
2023-12-22 09:33:44.521+01:00 [    19] WARNING    - W&#xD;&#xD;
2023-12-22 09:33:44.521+01:00 [    19] WARNING    - W&#xD;&#xD;
2023-12-22 09:33:44.521+01:00 [    19] WARNING    - W&#xD;&#xD;
2023-12-22 09:33:44.521+01:00 [    19] WARNING    - W&#xD;&#xD;
2023-12-22 09:33:44.521+01:00 [    19] WARNING    - W&#xD;&#xD;
2023-12-22 09:33:44.521+01:00 [    19] WARNING    - W&#xD;&#xD;
2023-12-22 09:33:44.521+01:00 [    19] WARNING    - W&#xD;&#xD;
2023-12-22 09:33:44.521+01:00 [    19] WARNING    - W&#xD;&#xD;
2023-12-22 09:33:44.521+01:00 [    19] WARNING    - W&#xD;&#xD;
2023-12-22 09:33:44.521+01:00 [    19] WARNING    - W&#xD;&#xD;
2023-12-22 09:33:44.521+01:00 [    19] WARNING    - W&#xD;&#xD;
2023-12-22 09:33:44.521+01:00 [    19] WARNING    - W&#xD;&#xD;
2023-12-22 09:33:44.521+01:00 [    19] WARNING    - W&#xD;&#xD;
2023-12-22 09:33:44.521+01:00 [    19] WARNING    - W&#xD;&#xD;
2023-12-22 09:33:44.521+01:00 [    19] WARNING    - W&#xD;&#xD;
2023-12-22 09:33:44.521+01:00 [    19] WARNING    - W&#xD;&#xD;
2023-12-22 09:33:44.521+01:00 [    19] WARNING    - W&#xD;&#xD;
2023-12-22 09:33:44.521+01:00 [    19] WARNING    - W&#xD;&#xD;
2023-12-22 09:33:44.521+01:00 [    19] WARNING    - W&#xD;&#xD;
2023-12-22 09:33:44.521+01:00 [    19] WARNING    - W&#xD;&#xD;
2023-12-22 09:33:44.521+01:00 [    19] WARNING    - W&#xD;&#xD;
2023-12-22 09:33:44.521+01:00 [    19] WARNING    - W&#xD;&#xD;
2023-12-22 09:33:44.521+01:00 [    19] WARNING    - W&#xD;&#xD;
2023-12-22 09:33:44.521+01:00 [    19] WARNING    - W&#xD;&#xD;
2023-12-22 09:33:44.521+01:00 [    19] WARNING    - W&#xD;&#xD;
2023-12-22 09:33:44.521+01:00 [    19] WARNING    - W&#xD;&#xD;
2023-12-22 09:33:44.521+01:00 [    19] WARNING    - W&#xD;&#xD;
2023-12-22 09:33:44.521+01:00 [    19] WARNING    - W&#xD;&#xD;
2023-12-22 09:33:44.521+01:00 [    19] WARNING    - W&#xD;&#xD;
2023-12-22 09:33:44.521+01:00 [    19] WARNING    - W&#xD;&#xD;
2023-12-22 09:33:44.521+01:00 [    19] WARNING    - W&#xD;&#xD;
2023-12-22 09:33:44.521+01:00 [    19] WARNING    - W&#xD;&#xD;
2023-12-22 09:33:44.521+01:00 [    19] WARNING    - W&#xD;&#xD;
2023-12-22 09:33:44.521+01:00 [    19] WARNING    - W&#xD;&#xD;
2023-12-22 09:33:44.521+01:00 [    19] WARNING    - W&#xD;&#xD;
2023-12-22 09:33:44.521+01:00 [    19] WARNING    - W&#xD;&#xD;
2023-12-22 09:33:44.521+01:00 [    19] WARNING    - W&#xD;&#xD;
2023-12-22 09:33:44.521+01:00 [    19] WARNING    - W&#xD;&#xD;
2023-12-22 09:33:44.521+01:00 [    19] WARNING    - W&#xD;&#xD;
2023-12-22 09:33:44.521+01:00 [    19] WARNING    - W&#xD;&#xD;
2023-12-22 09:33:44.521+01:00 [    19] WARNING    - W&#xD;&#xD;
2023-12-22 09:33:44.521+01:00 [    19] WARNING    - W&#xD;&#xD;
2023-12-22 09:33:44.521+01:00 [    19] WARNING    - W&#xD;&#xD;
2023-12-22 09:33:44.521+01:00 [    19] WARNING    - W&#xD;&#xD;
2023-12-22 09:33:44.521+01:00 [    19] WARNING    - W&#xD;&#xD;
2023-12-22 09:33:44.521+01:00 [    19] WARNING    - W&#xD;&#xD;
2023-12-22 09:33:44.521+01:00 [    19] WARNING    - W&#xD;&#xD;
2023-12-22 09:33:44.521+01:00 [    19] WARNING    - W&#xD;&#xD;
2023-12-22 09:33:44.521+01:00 [    19] WARNING    - W&#xD;&#xD;
2023-12-22 09:33:44.521+01:00 [    19] WARNING    - W&#xD;&#xD;
2023-12-22 09:33:44.521+01:00 [    19] WARNING    - W&#xD;&#xD;
2023-12-22 09:33:44.521+01:00 [    19] WARNING    - W&#xD;&#xD;
2023-12-22 09:33:44.521+01:00 [    19] WARNING    - W&#xD;&#xD;
2023-12-22 09:33:44.521+01:00 [    19] WARNING    - W&#xD;&#xD;
2023-12-22 09:33:44.521+01:00 [    19] WARNING    - W&#xD;&#xD;
2023-12-22 09:33:44.521+01:00 [    19] WARNING    - W&#xD;&#xD;
2023-12-22 09:33:44.521+01:00 [    19] WARNING    - W&#xD;&#xD;
2023-12-22 09:33:44.521+01:00 [    19] WARNING    - W&#xD;&#xD;
2023-12-22 09:33:44.521+01:00 [    19] WARNING    - W&#xD;&#xD;
2023-12-22 09:33:44.521+01:00 [    19] WARNING    - W&#xD;&#xD;
2023-12-22 09:33:44.521+01:00 [    19] WARNING    - W&#xD;&#xD;
2023-12-22 09:33:44.521+01:00 [    19] WARNING    - W&#xD;&#xD;
2023-12-22 09:33:44.521+01:00 [    19] WARNING    - W&#xD;&#xD;
2023-12-22 09:33:44.521+01:00 [    19] WARNING    - W&#xD;&#xD;
2023-12-22 09:33:44.521+01:00 [    19] WARNING    - W&#xD;&#xD;
2023-12-22 09:33:44.521+01:00 [    19] WARNING    - W&#xD;&#xD;
2023-12-22 09:33:44.521+01:00 [    19] WARNING    - W&#xD;&#xD;
2023-12-22 09:33:44.521+01:00 [    19] WARNING    - W&#xD;&#xD;
2023-12-22 09:33:44.521+01:00 [    19] WARNING    - W&#xD;&#xD;
2023-12-22 09:33:44.521+01:00 [    19] WARNING    - W&#xD;&#xD;
2023-12-22 09:33:44.521+01:00 [    19] WARNING    - W&#xD;&#xD;
2023-12-22 09:33:44.521+01:00 [    19] WARNING    - W&#xD;&#xD;
2023-12-22 09:33:44.521+01:00 [    19] WARNING    - W&#xD;&#xD;
2023-12-22 09:33:44.521+01:00 [    19] WARNING    - W&#xD;&#xD;
2023-12-22 09:33:44.521+01:00 [    19] WARNING    - W&#xD;&#xD;
2023-12-22 09:33:44.521+01:00 [    19] WARNING    - W&#xD;&#xD;
2023-12-22 09:33:44.521+01:00 [    19] WARNING    - W&#xD;&#xD;
2023-12-22 09:33:44.521+01:00 [    19] WARNING    - W&#xD;&#xD;
2023-12-22 09:33:44.521+01:00 [    19] WARNING    - W&#xD;&#xD;
2023-12-22 09:33:44.521+01:00 [    19] WARNING    - W&#xD;&#xD;
2023-12-22 09:33:44.521+01:00 [    19] WARNING    - W&#xD;&#xD;
2023-12-22 09:33:44.521+01:00 [    19] WARNING    - W&#xD;&#xD;
2023-12-22 09:33:44.521+01:00 [    19] WARNING    - W&#xD;&#xD;
2023-12-22 09:33:44.521+01:00 [    19] WARNING    - W&#xD;&#xD;
2023-12-22 09:33:44.521+01:00 [    19] WARNING    - W&#xD;&#xD;
2023-12-22 09:33:44.521+01:00 [    19] WARNING    - W&#xD;&#xD;
2023-12-22 09:33:44.521+01:00 [    19] WARNING    - W&#xD;&#xD;
2023-12-22 09:33:44.521+01:00 [    19] WARNING    - W&#xD;&#xD;
2023-12-22 09:33:44.521+01:00 [    19] WARNING    - W&#xD;&#xD;
2023-12-22 09:33:44.521+01:00 [    19] WARNING    - W&#xD;&#xD;
2023-12-22 09:33:44.521+01:00 [    19] WARNING    - W&#xD;&#xD;
2023-12-22 09:33:44.521+01:00 [    19] WARNING    - W&#xD;&#xD;
2023-12-22 09:33:44.521+01:00 [    19] WARNING    - W&#xD;&#xD;
2023-12-22 09:33:44.521+01:00 [    19] WARNING    - W&#xD;&#xD;
2023-12-22 09:33:44.521+01:00 [    19] WARNING    - W&#xD;&#xD;
2023-12-22 09:33:44.521+01:00 [    19] WARNING    - W&#xD;&#xD;
2023-12-22 09:33:44.521+01:00 [    19] WARNING    - W&#xD;&#xD;
2023-12-22 09:33:44.521+01:00 [    19] WARNING    - W&#xD;&#xD;
2023-12-22 09:33:44.521+01:00 [    19] WARNING    - W&#xD;&#xD;
2023-12-22 09:33:44.521+01:00 [    19] WARNING    - W&#xD;&#xD;
2023-12-22 09:33:44.521+01:00 [    19] WARNING    - W&#xD;&#xD;
2023-12-22 09:33:44.521+01:00 [    19] WARNING    - W&#xD;&#xD;
2023-12-22 09:33:44.521+01:00 [    19] WARNING    - W&#xD;&#xD;
2023-12-22 09:33:44.521+01:00 [    19] WARNING    - W&#xD;&#xD;
2023-12-22 09:33:44.521+01:00 [    19] WARNING    - W&#xD;&#xD;
2023-12-22 09:33:44.521+01:00 [    19] WARNING    - W&#xD;&#xD;
2023-12-22 09:33:44.521+01:00 [    19] WARNING    - W&#xD;&#xD;
2023-12-22 09:33:44.521+01:00 [    19] WARNING    - W&#xD;&#xD;
2023-12-22 09:33:44.521+01:00 [    19] WARNING    - W&#xD;&#xD;
2023-12-22 09:33:44.521+01:00 [    19] WARNING    - W&#xD;&#xD;
2023-12-22 09:33:44.521+01:00 [    19] WARNING    - W&#xD;&#xD;
2023-12-22 09:33:44.521+01:00 [    19] WARNING    - W&#xD;&#xD;
2023-12-22 09:33:44.521+01:00 [    19] WARNING    - W&#xD;&#xD;
2023-12-22 09:33:44.521+01:00 [    19] WARNING    - W&#xD;&#xD;
2023-12-22 09:33:44.521+01:00 [    19] WARNING    - W&#xD;&#xD;
2023-12-22 09:33:44.521+01:00 [    19] WARNING    - W&#xD;&#xD;
2023-12-22 09:33:44.521+01:00 [    19] WARNING    - W&#xD;&#xD;
2023-12-22 09:33:44.521+01:00 [    19] WARNING    - W&#xD;&#xD;
2023-12-22 09:33:44.521+01:00 [    19] WARNING    - W&#xD;&#xD;
2023-12-22 09:33:44.521+01:00 [    19] WARNING    - W&#xD;&#xD;
2023-12-22 09:33:44.521+01:00 [    19] WARNING    - W&#xD;&#xD;
2023-12-22 09:33:44.521+01:00 [    19] WARNING    - W&#xD;&#xD;
2023-12-22 09:33:44.521+01:00 [    19] WARNING    - W&#xD;&#xD;
2023-12-22 09:33:44.521+01:00 [    19] WARNING    - W&#xD;&#xD;
2023-12-22 09:33:44.521+01:00 [    19] WARNING    - W&#xD;&#xD;
2023-12-22 09:33:44.521+01:00 [    19] WARNING    - W&#xD;&#xD;
2023-12-22 09:33:44.521+01:00 [    19] WARNING    - W&#xD;&#xD;
2023-12-22 09:33:44.521+01:00 [    19] WARNING    - W&#xD;&#xD;
2023-12-22 09:33:44.521+01:00 [    19] WARNING    - W&#xD;&#xD;
2023-12-22 09:33:44.521+01:00 [    19] WARNING    - W&#xD;&#xD;
2023-12-22 09:33:44.521+01:00 [    19] WARNING    - W&#xD;&#xD;
2023-12-22 09:33:44.521+01:00 [    19] WARNING    - W&#xD;&#xD;
2023-12-22 09:33:44.521+01:00 [    19] WARNING    - W&#xD;&#xD;
2023-12-22 09:33:44.521+01:00 [    19] WARNING    - W&#xD;&#xD;
2023-12-22 09:33:44.521+01:00 [    19] WARNING    - W&#xD;&#xD;
2023-12-22 09:33:44.521+01:00 [    19] WARNING    - W&#xD;&#xD;
2023-12-22 09:33:44.521+01:00 [    19] WARNING    - W&#xD;&#xD;
2023-12-22 09:33:44.521+01:00 [    19] WARNING    - W&#xD;&#xD;
2023-12-22 09:33:44.521+01:00 [    19] WARNING    - W&#xD;&#xD;
2023-12-22 09:33:44.521+01:00 [    19] WARNING    - W&#xD;&#xD;
2023-12-22 09:33:44.521+01:00 [    19] WARNING    - W&#xD;&#xD;
2023-12-22 09:33:44.521+01:00 [    19] WARNING    - W&#xD;&#xD;
2023-12-22 09:33:44.521+01:00 [    19] WARNING    - W&#xD;&#xD;
2023-12-22 09:33:44.521+01:00 [    19] WARNING    - W&#xD;&#xD;
2023-12-22 09:33:44.521+01:00 [    19] WARNING    - W&#xD;&#xD;
2023-12-22 09:33:44.521+01:00 [    19] WARNING    - W&#xD;&#xD;
2023-12-22 09:33:44.521+01:00 [    19] WARNING    - W&#xD;&#xD;
2023-12-22 09:33:44.521+01:00 [    19] WARNING    - W&#xD;&#xD;
2023-12-22 09:33:44.521+01:00 [    19] WARNING    - W&#xD;&#xD;
2023-12-22 09:33:44.521+01:00 [    19] WARNING    - W&#xD;&#xD;
2023-12-22 09:33:44.521+01:00 [    19] WARNING    - W&#xD;&#xD;
2023-12-22 09:33:44.521+01:00 [    19] WARNING    - W&#xD;&#xD;
2023-12-22 09:33:44.521+01:00 [    19] WARNING    - W&#xD;&#xD;
2023-12-22 09:33:44.521+01:00 [    19] WARNING    - W&#xD;&#xD;
2023-12-22 09:33:44.521+01:00 [    19] WARNING    - W&#xD;&#xD;
2023-12-22 09:33:44.521+01:00 [    19] WARNING    - W&#xD;&#xD;
2023-12-22 09:33:44.521+01:00 [    19] WARNING    - W&#xD;&#xD;
2023-12-22 09:33:44.521+01:00 [    19] WARNING    - W&#xD;&#xD;
2023-12-22 09:33:44.521+01:00 [    19] WARNING    - W&#xD;&#xD;
2023-12-22 09:33:44.521+01:00 [    19] WARNING    - W&#xD;&#xD;
2023-12-22 09:33:44.521+01:00 [    19] WARNING    - W&#xD;&#xD;
2023-12-22 09:33:44.521+01:00 [    19] WARNING    - W&#xD;&#xD;
2023-12-22 09:33:44.521+01:00 [    19] WARNING    - W&#xD;&#xD;
2023-12-22 09:33:44.521+01:00 [    19] WARNING    - W&#xD;&#xD;
2023-12-22 09:33:44.521+01:00 [    19] WARNING    - W&#xD;&#xD;
2023-12-22 09:33:44.521+01:00 [    19] WARNING    - W&#xD;&#xD;
2023-12-22 09:33:44.521+01:00 [    19] WARNING    - W&#xD;&#xD;
2023-12-22 09:33:44.521+01:00 [    19] WARNING    - W&#xD;&#xD;
2023-12-22 09:33:44.521+01:00 [    19] WARNING    - W&#xD;&#xD;
2023-12-22 09:33:44.521+01:00 [    19] WARNING    - W&#xD;&#xD;
2023-12-22 09:33:44.521+01:00 [    19] WARNING    - W&#xD;&#xD;
2023-12-22 09:33:44.521+01:00 [    19] WARNING    - W&#xD;&#xD;
2023-12-22 09:33:44.521+01:00 [    19] WARNING    - W&#xD;&#xD;
2023-12-22 09:33:44.521+01:00 [    19] WARNING    - W&#xD;&#xD;
2023-12-22 09:33:44.521+01:00 [    19] WARNING    - W&#xD;&#xD;
2023-12-22 09:33:44.521+01:00 [    19] WARNING    - W&#xD;&#xD;
2023-12-22 09:33:44.521+01:00 [    19] WARNING    - W&#xD;&#xD;
2023-12-22 09:33:44.521+01:00 [    19] WARNING    - W&#xD;&#xD;
2023-12-22 09:33:44.521+01:00 [    19] WARNING    - W&#xD;&#xD;
2023-12-22 09:33:44.521+01:00 [    19] WARNING    - W&#xD;&#xD;
2023-12-22 09:33:44.521+01:00 [    19] WARNING    - W&#xD;&#xD;
2023-12-22 09:33:44.521+01:00 [    19] WARNING    - W&#xD;&#xD;
2023-12-22 09:33:44.521+01:00 [    19] WARNING    - W&#xD;&#xD;
2023-12-22 09:33:44.521+01:00 [    19] WARNING    - W&#xD;&#xD;
2023-12-22 09:33:44.521+01:00 [    19] WARNING    - W&#xD;&#xD;
2023-12-22 09:33:44.521+01:00 [    19] WARNING    - W&#xD;&#xD;
2023-12-22 09:33:44.521+01:00 [    19] WARNING    - W&#xD;&#xD;
2023-12-22 09:33:44.521+01:00 [    19] WARNING    - W&#xD;&#xD;
2023-12-22 09:33:44.521+01:00 [    19] WARNING    - W&#xD;&#xD;
2023-12-22 09:33:44.521+01:00 [    19] WARNING    - W&#xD;&#xD;
2023-12-22 09:33:44.521+01:00 [    19] WARNING    - W&#xD;&#xD;
2023-12-22 09:33:44.521+01:00 [    19] WARNING    - W&#xD;&#xD;
2023-12-22 09:33:44.521+01:00 [    19] WARNING    - W&#xD;&#xD;
2023-12-22 09:33:44.521+01:00 [    19] WARNING    - W&#xD;&#xD;
2023-12-22 09:33:44.521+01:00 [    19] WARNING    - W&#xD;&#xD;
2023-12-22 09:33:44.521+01:00 [    19] WARNING    - W&#xD;&#xD;
2023-12-22 09:33:44.521+01:00 [    19] WARNING    - W&#xD;&#xD;
2023-12-22 09:33:44.521+01:00 [    19] WARNING    - W&#xD;&#xD;
2023-12-22 09:33:44.521+01:00 [    19] WARNING    - W&#xD;&#xD;
2023-12-22 09:33:44.521+01:00 [    19] WARNING    - W&#xD;&#xD;
2023-12-22 09:33:44.521+01:00 [    19] WARNING    - W&#xD;&#xD;
2023-12-22 09:33:44.521+01:00 [    19] WARNING    - W&#xD;&#xD;
2023-12-22 09:33:44.521+01:00 [    19] WARNING    - W&#xD;&#xD;
2023-12-22 09:33:44.521+01:00 [    19] WARNING    - W&#xD;&#xD;
2023-12-22 09:33:44.521+01:00 [    19] WARNING    - W&#xD;&#xD;
2023-12-22 09:33:44.521+01:00 [    19] WARNING    - W&#xD;&#xD;
2023-12-22 09:33:44.521+01:00 [    19] WARNING    - W&#xD;&#xD;
2023-12-22 09:33:44.521+01:00 [    19] WARNING    - W&#xD;&#xD;
2023-12-22 09:33:44.521+01:00 [    19] WARNING    - W&#xD;&#xD;
2023-12-22 09:33:44.521+01:00 [    19] WARNING    - W&#xD;&#xD;
2023-12-22 09:33:44.521+01:00 [    19] WARNING    - W&#xD;&#xD;
2023-12-22 09:33:44.521+01:00 [    19] WARNING    - W&#xD;&#xD;
2023-12-22 09:33:44.521+01:00 [    19] WARNING    - W&#xD;&#xD;
2023-12-22 09:33:44.521+01:00 [    19] WARNING    - W&#xD;&#xD;
2023-12-22 09:33:44.521+01:00 [    19] WARNING    - W&#xD;&#xD;
2023-12-22 09:33:44.521+01:00 [    19] WARNING    - W&#xD;&#xD;
2023-12-22 09:33:44.521+01:00 [    19] WARNING    - W&#xD;&#xD;
2023-12-22 09:33:44.521+01:00 [    19] WARNING    - W&#xD;&#xD;
2023-12-22 09:33:44.521+01:00 [    19] WARNING    - W&#xD;&#xD;
2023-12-22 09:33:44.521+01:00 [    19] WARNING    - W&#xD;&#xD;
2023-12-22 09:33:44.521+01:00 [    19] WARNING    - W&#xD;&#xD;
2023-12-22 09:33:44.521+01:00 [    19] WARNING    - W&#xD;&#xD;
2023-12-22 09:33:44.521+01:00 [    19] WARNING    - W&#xD;&#xD;
2023-12-22 09:33:44.521+01:00 [    19] WARNING    - W&#xD;&#xD;
2023-12-22 09:33:44.521+01:00 [    19] WARNING    - W&#xD;&#xD;
2023-12-22 09:33:44.521+01:00 [    19] WARNING    - W&#xD;&#xD;
2023-12-22 09:33:44.521+01:00 [    19] WARNING    - W&#xD;&#xD;
2023-12-22 09:33:44.521+01:00 [    19] WARNING    - W&#xD;&#xD;
2023-12-22 09:33:44.521+01:00 [    19] WARNING    - W&#xD;&#xD;
2023-12-22 09:33:44.521+01:00 [    19] WARNING    - W&#xD;&#xD;
2023-12-22 09:33:44.521+01:00 [    19] WARNING    - W&#xD;&#xD;
2023-12-22 09:33:44.521+01:00 [    19] WARNING    - W&#xD;&#xD;
2023-12-22 09:33:44.521+01:00 [    19] WARNING    - W&#xD;&#xD;
2023-12-22 09:33:44.521+01:00 [    19] WARNING    - W&#xD;&#xD;
2023-12-22 09:33:44.521+01:00 [    19] WARNING    - W&#xD;&#xD;
2023-12-22 09:33:44.521+01:00 [    19] WARNING    - W&#xD;&#xD;
2023-12-22 09:33:44.521+01:00 [    19] WARNING    - W&#xD;&#xD;
2023-12-22 09:33:44.521+01:00 [    19] WARNING    - W&#xD;&#xD;
2023-12-22 09:33:44.521+01:00 [    19] WARNING    - W&#xD;&#xD;
2023-12-22 09:33:44.521+01:00 [    19] WARNING    - W&#xD;&#xD;
2023-12-22 09:33:44.521+01:00 [    19] WARNING    - W&#xD;&#xD;
2023-12-22 09:33:44.521+01:00 [    19] WARNING    - W&#xD;&#xD;
2023-12-22 09:33:44.521+01:00 [    19] WARNING    - W&#xD;&#xD;
2023-12-22 09:33:44.521+01:00 [    19] WARNING    - W&#xD;&#xD;
2023-12-22 09:33:44.521+01:00 [    19] WARNING    - W&#xD;&#xD;
2023-12-22 09:33:44.521+01:00 [    19] WARNING    - W&#xD;&#xD;
2023-12-22 09:33:44.521+01:00 [    19] WARNING    - W&#xD;&#xD;
2023-12-22 09:33:44.521+01:00 [    19] WARNING    - W&#xD;&#xD;
2023-12-22 09:33:44.521+01:00 [    19] WARNING    - W&#xD;&#xD;
2023-12-22 09:33:44.521+01:00 [    19] WARNING    - W&#xD;&#xD;
2023-12-22 09:33:44.521+01:00 [    19] WARNING    - W&#xD;&#xD;
2023-12-22 09:33:44.521+01:00 [    19] WARNING    - W&#xD;&#xD;
2023-12-22 09:33:44.521+01:00 [    19] WARNING    - W&#xD;&#xD;
2023-12-22 09:33:44.521+01:00 [    19] WARNING    - W&#xD;&#xD;
2023-12-22 09:33:44.521+01:00 [    19] WARNING    - W&#xD;&#xD;
2023-12-22 09:33:44.521+01:00 [    19] WARNING    - W&#xD;&#xD;
2023-12-22 09:33:44.521+01:00 [    19] WARNING    - W&#xD;&#xD;
2023-12-22 09:33:44.521+01:00 [    19] WARNING    - W&#xD;&#xD;
2023-12-22 09:33:44.521+01:00 [    19] WARNING    - W&#xD;&#xD;
2023-12-22 09:33:44.521+01:00 [    19] WARNING    - W&#xD;&#xD;
2023-12-22 09:33:44.521+01:00 [    19] WARNING    - W&#xD;&#xD;
2023-12-22 09:33:44.521+01:00 [    19] WARNING    - W&#xD;&#xD;
2023-12-22 09:33:44.521+01:00 [    19] WARNING    - W&#xD;&#xD;
2023-12-22 09:33:44.521+01:00 [    19] WARNING    - W&#xD;&#xD;
2023-12-22 09:33:44.521+01:00 [    19] WARNING    - W&#xD;&#xD;
2023-12-22 09:33:44.521+01:00 [    19] WARNING    - W&#xD;&#xD;
2023-12-22 09:33:44.521+01:00 [    19] WARNING    - W&#xD;&#xD;
2023-12-22 09:33:44.521+01:00 [    19] WARNING    - W&#xD;&#xD;
2023-12-22 09:33:44.521+01:00 [    19] WARNING    - W&#xD;&#xD;
2023-12-22 09:33:44.521+01:00 [    19] WARNING    - W&#xD;&#xD;
2023-12-22 09:33:44.521+01:00 [    19] WARNING    - W&#xD;&#xD;
2023-12-22 09:33:44.521+01:00 [    19] WARNING    - W&#xD;&#xD;
2023-12-22 09:33:44.521+01:00 [    19] WARNING    - W&#xD;&#xD;
2023-12-22 09:33:44.521+01:00 [    19] WARNING    - W&#xD;&#xD;
2023-12-22 09:33:44.521+01:00 [    19] WARNING    - W&#xD;&#xD;
2023-12-22 09:33:44.521+01:00 [    19] WARNING    - W&#xD;&#xD;
2023-12-22 09:33:44.521+01:00 [    19] WARNING    - W&#xD;&#xD;
2023-12-22 09:33:44.521+01:00 [    19] WARNING    - W&#xD;&#xD;
2023-12-22 09:33:44.521+01:00 [    19] WARNING    - W&#xD;&#xD;
2023-12-22 09:33:44.521+01:00 [    19] WARNING    - W&#xD;&#xD;
2023-12-22 09:33:44.521+01:00 [    19] WARNING    - W&#xD;&#xD;
2023-12-22 09:33:44.521+01:00 [    19] WARNING    - W&#xD;&#xD;
2023-12-22 09:33:44.521+01:00 [    19] WARNING    - W&#xD;&#xD;
2023-12-22 09:33:44.521+01:00 [    19] WARNING    - W&#xD;&#xD;
2023-12-22 09:33:44.521+01:00 [    19] WARNING    - W&#xD;&#xD;
2023-12-22 09:33:44.521+01:00 [    19] WARNING    - W&#xD;&#xD;
2023-12-22 09:33:44.521+01:00 [    19] WARNING    - W&#xD;&#xD;
2023-12-22 09:33:44.521+01:00 [    19] WARNING    - W&#xD;&#xD;
2023-12-22 09:33:44.521+01:00 [    19] WARNING    - W&#xD;&#xD;
2023-12-22 09:33:44.521+01:00 [    19] WARNING    - W&#xD;&#xD;
2023-12-22 09:33:44.521+01:00 [    19] WARNING    - W&#xD;&#xD;
2023-12-22 09:33:44.521+01:00 [    19] WARNING    - W&#xD;&#xD;
2023-12-22 09:33:44.521+01:00 [    19] WARNING    - W&#xD;&#xD;
2023-12-22 09:33:44.521+01:00 [    19] WARNING    - W&#xD;&#xD;
2023-12-22 09:33:44.521+01:00 [    19] WARNING    - W&#xD;&#xD;
2023-12-22 09:33:44.521+01:00 [    19] WARNING    - W&#xD;&#xD;
2023-12-22 09:33:44.521+01:00 [    19] WARNING    - W&#xD;&#xD;
2023-12-22 09:33:44.521+01:00 [    19] WARNING    - W&#xD;&#xD;
2023-12-22 09:33:44.521+01:00 [    19] WARNING    - W&#xD;&#xD;
2023-12-22 09:33:44.521+01:00 [    19] WARNING    - W&#xD;&#xD;
2023-12-22 09:33:44.521+01:00 [    19] WARNING    - W&#xD;&#xD;
2023-12-22 09:33:44.521+01:00 [    19] WARNING    - W&#xD;&#xD;
2023-12-22 09:33:44.521+01:00 [    19] WARNING    - W&#xD;&#xD;
2023-12-22 09:33:44.521+01:00 [    19] WARNING    - W&#xD;&#xD;
2023-12-22 09:33:44.521+01:00 [    19] WARNING    - W&#xD;&#xD;
2023-12-22 09:33:44.521+01:00 [    19] WARNING    - W&#xD;&#xD;
2023-12-22 09:33:44.521+01:00 [    19] WARNING    - W&#xD;&#xD;
2023-12-22 09:33:44.521+01:00 [    19] WARNING    - W&#xD;&#xD;
2023-12-22 09:33:44.521+01:00 [    19] WARNING    - W&#xD;&#xD;
2023-12-22 09:33:44.521+01:00 [    19] WARNING    - W&#xD;&#xD;
2023-12-22 09:33:44.521+01:00 [    19] WARNING    - W&#xD;&#xD;
2023-12-22 09:33:44.521+01:00 [    19] WARNING    - W&#xD;&#xD;
2023-12-22 09:33:44.521+01:00 [    19] WARNING    - W&#xD;&#xD;
2023-12-22 09:33:44.521+01:00 [    19] WARNING    - W&#xD;&#xD;
2023-12-22 09:33:44.521+01:00 [    19] WARNING    - W&#xD;&#xD;
2023-12-22 09:33:44.521+01:00 [    19] WARNING    - W&#xD;&#xD;
2023-12-22 09:33:44.521+01:00 [    19] WARNING    - W&#xD;&#xD;
2023-12-22 09:33:44.521+01:00 [    19] WARNING    - W&#xD;&#xD;
2023-12-22 09:33:44.521+01:00 [    19] WARNING    - W&#xD;&#xD;
2023-12-22 09:33:44.521+01:00 [    19] WARNING    - W&#xD;&#xD;
2023-12-22 09:33:44.521+01:00 [    19] WARNING    - W&#xD;&#xD;
2023-12-22 09:33:44.521+01:00 [    19] WARNING    - W&#xD;&#xD;
2023-12-22 09:33:44.521+01:00 [    19] WARNING    - W&#xD;&#xD;
2023-12-22 09:33:44.521+01:00 [    19] WARNING    - W&#xD;&#xD;
2023-12-22 09:33:44.521+01:00 [    19] WARNING    - W&#xD;&#xD;
2023-12-22 09:33:44.521+01:00 [    19] WARNING    - W&#xD;&#xD;
2023-12-22 09:33:44.521+01:00 [    19] WARNING    - W&#xD;&#xD;
2023-12-22 09:33:44.521+01:00 [    19] WARNING    - W&#xD;&#xD;
2023-12-22 09:33:44.521+01:00 [    19] WARNING    - W&#xD;&#xD;
2023-12-22 09:33:44.521+01:00 [    19] WARNING    - W&#xD;&#xD;
2023-12-22 09:33:44.521+01:00 [    19] WARNING    - W&#xD;&#xD;
2023-12-22 09:33:44.521+01:00 [    19] WARNING    - W&#xD;&#xD;
2023-12-22 09:33:44.521+01:00 [    19] WARNING    - W&#xD;&#xD;
2023-12-22 09:33:44.521+01:00 [    19] WARNING    - W&#xD;&#xD;
2023-12-22 09:33:44.521+01:00 [    19] WARNING    - W&#xD;&#xD;
2023-12-22 09:33:44.521+01:00 [    19] WARNING    - W&#xD;&#xD;
2023-12-22 09:33:44.521+01:00 [    19] WARNING    - W&#xD;&#xD;
2023-12-22 09:33:44.521+01:00 [    19] WARNING    - W&#xD;&#xD;
2023-12-22 09:33:44.521+01:00 [    19] WARNING    - W&#xD;&#xD;
2023-12-22 09:33:44.521+01:00 [    19] WARNING    - W&#xD;&#xD;
2023-12-22 09:33:44.521+01:00 [    19] WARNING    - W&#xD;&#xD;
2023-12-22 09:33:44.521+01:00 [    19] WARNING    - W&#xD;&#xD;
2023-12-22 09:33:44.521+01:00 [    19] WARNING    - W&#xD;&#xD;
2023-12-22 09:33:44.521+01:00 [    19] WARNING    - W&#xD;&#xD;
2023-12-22 09:33:44.521+01:00 [    19] WARNING    - W&#xD;&#xD;
2023-12-22 09:33:44.521+01:00 [    19] WARNING    - W&#xD;&#xD;
2023-12-22 09:33:44.521+01:00 [    19] WARNING    - W&#xD;&#xD;
2023-12-22 09:33:44.521+01:00 [    19] WARNING    - W&#xD;&#xD;
2023-12-22 09:33:44.521+01:00 [    19] WARNING    - W&#xD;&#xD;
2023-12-22 09:33:44.521+01:00 [    19] WARNING    - W&#xD;&#xD;
2023-12-22 09:33:44.521+01:00 [    19] WARNING    - W&#xD;&#xD;
2023-12-22 09:33:44.521+01:00 [    19] WARNING    - W&#xD;&#xD;
2023-12-22 09:33:44.521+01:00 [    19] WARNING    - W&#xD;&#xD;
2023-12-22 09:33:44.521+01:00 [    19] WARNING    - W&#xD;&#xD;
2023-12-22 09:33:44.521+01:00 [    19] WARNING    - W&#xD;&#xD;
2023-12-22 09:33:44.521+01:00 [    19] WARNING    - W&#xD;&#xD;
2023-12-22 09:33:44.521+01:00 [    19] WARNING    - W&#xD;&#xD;
2023-12-22 09:33:44.521+01:00 [    19] WARNING    - W&#xD;&#xD;
2023-12-22 09:33:44.521+01:00 [    19] WARNING    - W&#xD;&#xD;
2023-12-22 09:33:44.521+01:00 [    19] WARNING    - W&#xD;&#xD;
2023-12-22 09:33:44.521+01:00 [    19] WARNING    - W&#xD;&#xD;
2023-12-22 09:33:44.521+01:00 [    19] WARNING    - W&#xD;&#xD;
2023-12-22 09:33:44.521+01:00 [    19] WARNING    - W&#xD;&#xD;
2023-12-22 09:33:44.521+01:00 [    19] WARNING    - W&#xD;&#xD;
2023-12-22 09:33:44.521+01:00 [    19] WARNING    - W&#xD;&#xD;
2023-12-22 09:33:44.521+01:00 [    19] WARNING    - W&#xD;&#xD;
2023-12-22 09:33:44.521+01:00 [    19] WARNING    - W&#xD;&#xD;
2023-12-22 09:33:44.521+01:00 [    19] WARNING    - W&#xD;&#xD;
2023-12-22 09:33:44.521+01:00 [    19] WARNING    - W&#xD;&#xD;
2023-12-22 09:33:44.521+01:00 [    19] WARNING    - W&#xD;&#xD;
2023-12-22 09:33:44.521+01:00 [    19] WARNING    - W&#xD;&#xD;
2023-12-22 09:33:44.521+01:00 [    19] WARNING    - W&#xD;&#xD;
2023-12-22 09:33:44.521+01:00 [    19] WARNING    - W&#xD;&#xD;
2023-12-22 09:33:44.521+01:00 [    19] WARNING    - W&#xD;&#xD;
2023-12-22 09:33:44.521+01:00 [    19] WARNING    - W&#xD;&#xD;
2023-12-22 09:33:44.521+01:00 [    19] WARNING    - W&#xD;&#xD;
2023-12-22 09:33:44.521+01:00 [    19] WARNING    - W&#xD;&#xD;
2023-12-22 09:33:44.521+01:00 [    19] WARNING    - W&#xD;&#xD;
2023-12-22 09:33:44.521+01:00 [    19] WARNING    - W&#xD;&#xD;
2023-12-22 09:33:44.521+01:00 [    19] WARNING    - W&#xD;&#xD;
2023-12-22 09:33:44.521+01:00 [    19] WARNING    - W&#xD;&#xD;
2023-12-22 09:33:44.521+01:00 [    19] WARNING    - W&#xD;&#xD;
2023-12-22 09:33:44.521+01:00 [    19] WARNING    - W&#xD;&#xD;
2023-12-22 09:33:44.521+01:00 [    19] WARNING    - W&#xD;&#xD;
2023-12-22 09:33:44.521+01:00 [    19] WARNING    - W&#xD;&#xD;
2023-12-22 09:33:44.521+01:00 [    19] WARNING    - W&#xD;&#xD;
2023-12-22 09:33:44.521+01:00 [    19] WARNING    - W&#xD;&#xD;
2023-12-22 09:33:44.521+01:00 [    19] WARNING    - W&#xD;&#xD;
2023-12-22 09:33:44.521+01:00 [    19] WARNING    - W&#xD;&#xD;
2023-12-22 09:33:44.521+01:00 [    19] WARNING    - W&#xD;&#xD;
2023-12-22 09:33:44.521+01:00 [    19] WARNING    - W&#xD;&#xD;
2023-12-22 09:33:44.521+01:00 [    19] WARNING    - W&#xD;&#xD;
2023-12-22 09:33:44.521+01:00 [    19] WARNING    - W&#xD;&#xD;
2023-12-22 09:33:44.521+01:00 [    19] WARNING    - W&#xD;&#xD;
2023-12-22 09:33:44.521+01:00 [    19] WARNING    - W&#xD;&#xD;
2023-12-22 09:33:44.521+01:00 [    19] WARNING    - W&#xD;&#xD;
2023-12-22 09:33:44.521+01:00 [    19] WARNING    - W&#xD;&#xD;
2023-12-22 09:33:44.521+01:00 [    19] WARNING    - W&#xD;&#xD;
2023-12-22 09:33:44.521+01:00 [    19] WARNING    - W&#xD;&#xD;
2023-12-22 09:33:44.521+01:00 [    19] WARNING    - W&#xD;&#xD;
2023-12-22 09:33:44.521+01:00 [    19] WARNING    - W&#xD;&#xD;
2023-12-22 09:33:44.521+01:00 [    19] WARNING    - W&#xD;&#xD;
2023-12-22 09:33:44.521+01:00 [    19] WARNING    - W&#xD;&#xD;
2023-12-22 09:33:44.521+01:00 [    19] WARNING    - W&#xD;&#xD;
2023-12-22 09:33:44.521+01:00 [    19] WARNING    - W&#xD;&#xD;
2023-12-22 09:33:44.521+01:00 [    19] WARNING    - W&#xD;&#xD;
2023-12-22 09:33:44.521+01:00 [    19] WARNING    - W&#xD;&#xD;
2023-12-22 09:33:44.521+01:00 [    19] WARNING    - W&#xD;&#xD;
2023-12-22 09:33:44.521+01:00 [    19] WARNING    - W&#xD;&#xD;
2023-12-22 09:33:44.521+01:00 [    19] WARNING    - W&#xD;&#xD;
2023-12-22 09:33:44.521+01:00 [    19] WARNING    - W&#xD;&#xD;
2023-12-22 09:33:44.521+01:00 [    19] WARNING    - W&#xD;&#xD;
2023-12-22 09:33:44.521+01:00 [    19] WARNING    - W&#xD;&#xD;
2023-12-22 09:33:44.521+01:00 [    19] WARNING    - W&#xD;&#xD;
2023-12-22 09:33:44.521+01:00 [    19] WARNING    - W&#xD;&#xD;
2023-12-22 09:33:44.521+01:00 [    19] WARNING    - W&#xD;&#xD;
2023-12-22 09:33:44.521+01:00 [    19] WARNING    - W&#xD;&#xD;
2023-12-22 09:33:44.521+01:00 [    19] WARNING    - W&#xD;&#xD;
2023-12-22 09:33:44.521+01:00 [    19] WARNING    - W&#xD;&#xD;
2023-12-22 09:33:44.521+01:00 [    19] WARNING    - W&#xD;&#xD;
2023-12-22 09:33:44.521+01:00 [    19] WARNING    - W&#xD;&#xD;
2023-12-22 09:33:44.521+01:00 [    19] WARNING    - W&#xD;&#xD;
2023-12-22 09:33:44.521+01:00 [    19] WARNING    - W&#xD;&#xD;
2023-12-22 09:33:44.521+01:00 [    19] WARNING    - W&#xD;&#xD;
2023-12-22 09:33:44.521+01:00 [    19] WARNING    - W&#xD;&#xD;
2023-12-22 09:33:44.521+01:00 [    19] WARNING    - W&#xD;&#xD;
2023-12-22 09:33:44.521+01:00 [    19] WARNING    - W&#xD;&#xD;
2023-12-22 09:33:44.521+01:00 [    19] WARNING    - W&#xD;&#xD;
2023-12-22 09:33:44.521+01:00 [    19] WARNING    - W&#xD;&#xD;
2023-12-22 09:33:44.521+01:00 [    19] WARNING    - W&#xD;&#xD;
2023-12-22 09:33:44.521+01:00 [    19] WARNING    - W&#xD;&#xD;
2023-12-22 09:33:44.521+01:00 [    19] WARNING    - W&#xD;&#xD;
2023-12-22 09:33:44.521+01:00 [    19] WARNING    - W&#xD;&#xD;
2023-12-22 09:33:44.521+01:00 [    19] WARNING    - W&#xD;&#xD;
2023-12-22 09:33:44.521+01:00 [    19] WARNING    - W&#xD;&#xD;
2023-12-22 09:33:44.521+01:00 [    19] WARNING    - W&#xD;&#xD;
2023-12-22 09:33:44.521+01:00 [    19] WARNING    - W&#xD;&#xD;
2023-12-22 09:33:44.521+01:00 [    19] WARNING    - W&#xD;&#xD;
2023-12-22 09:33:44.521+01:00 [    19] WARNING    - W&#xD;&#xD;
2023-12-22 09:33:44.521+01:00 [    19] WARNING    - W&#xD;&#xD;
2023-12-22 09:33:44.521+01:00 [    19] WARNING    - W&#xD;&#xD;
2023-12-22 09:33:44.521+01:00 [    19] WARNING    - W&#xD;&#xD;
2023-12-22 09:33:44.521+01:00 [    19] WARNING    - W&#xD;&#xD;
2023-12-22 09:33:44.521+01:00 [    19] WARNING    - W&#xD;&#xD;
2023-12-22 09:33:44.521+01:00 [    19] WARNING    - W&#xD;&#xD;
2023-12-22 09:33:44.521+01:00 [    19] WARNING    - W&#xD;&#xD;
2023-12-22 09:33:44.521+01:00 [    19] WARNING    - W&#xD;&#xD;
2023-12-22 09:33:44.521+01:00 [    19] WARNING    - W&#xD;&#xD;
2023-12-22 09:33:44.521+01:00 [    19] WARNING    - W&#xD;&#xD;
2023-12-22 09:33:44.521+01:00 [    19] WARNING    - W&#xD;&#xD;
2023-12-22 09:33:44.521+01:00 [    19] WARNING    - Thread Done!&#xD;&#xD;
2023-12-22 09:33:44.553+01:00 [    20] WARNING    - W&#xD;&#xD;
2023-12-22 09:33:44.553+01:00 [    20] WARNING    - W&#xD;&#xD;
2023-12-22 09:33:44.553+01:00 [    20] WARNING    - W&#xD;&#xD;
2023-12-22 09:33:44.553+01:00 [    20] WARNING    - W&#xD;&#xD;
2023-12-22 09:33:44.553+01:00 [    20] WARNING    - W&#xD;&#xD;
2023-12-22 09:33:44.553+01:00 [    20] WARNING    - W&#xD;&#xD;
2023-12-22 09:33:44.553+01:00 [    20] WARNING    - W&#xD;&#xD;
2023-12-22 09:33:44.553+01:00 [    20] WARNING    - W&#xD;&#xD;
2023-12-22 09:33:44.553+01:00 [    20] WARNING    - W&#xD;&#xD;
2023-12-22 09:33:44.553+01:00 [    20] WARNING    - W&#xD;&#xD;
2023-12-22 09:33:44.553+01:00 [    20] WARNING    - W&#xD;&#xD;
2023-12-22 09:33:44.553+01:00 [    20] WARNING    - W&#xD;&#xD;
2023-12-22 09:33:44.553+01:00 [    20] WARNING    - W&#xD;&#xD;
2023-12-22 09:33:44.553+01:00 [    20] WARNING    - W&#xD;&#xD;
2023-12-22 09:33:44.553+01:00 [    20] WARNING    - W&#xD;&#xD;
2023-12-22 09:33:44.553+01:00 [    20] WARNING    - W&#xD;&#xD;
2023-12-22 09:33:44.553+01:00 [    20] WARNING    - W&#xD;&#xD;
2023-12-22 09:33:44.553+01:00 [    20] WARNING    - W&#xD;&#xD;
2023-12-22 09:33:44.553+01:00 [    20] WARNING    - W&#xD;&#xD;
2023-12-22 09:33:44.553+01:00 [    20] WARNING    - W&#xD;&#xD;
2023-12-22 09:33:44.553+01:00 [    20] WARNING    - W&#xD;&#xD;
2023-12-22 09:33:44.553+01:00 [    20] WARNING    - W&#xD;&#xD;
2023-12-22 09:33:44.553+01:00 [    20] WARNING    - W&#xD;&#xD;
2023-12-22 09:33:44.553+01:00 [    20] WARNING    - W&#xD;&#xD;
2023-12-22 09:33:44.553+01:00 [    20] WARNING    - W&#xD;&#xD;
2023-12-22 09:33:44.553+01:00 [    20] WARNING    - W&#xD;&#xD;
2023-12-22 09:33:44.553+01:00 [    20] WARNING    - W&#xD;&#xD;
2023-12-22 09:33:44.553+01:00 [    20] WARNING    - W&#xD;&#xD;
2023-12-22 09:33:44.553+01:00 [    20] WARNING    - W&#xD;&#xD;
2023-12-22 09:33:44.553+01:00 [    20] WARNING    - W&#xD;&#xD;
2023-12-22 09:33:44.553+01:00 [    20] WARNING    - W&#xD;&#xD;
2023-12-22 09:33:44.553+01:00 [    20] WARNING    - W&#xD;&#xD;
2023-12-22 09:33:44.553+01:00 [    20] WARNING    - W&#xD;&#xD;
2023-12-22 09:33:44.553+01:00 [    20] WARNING    - W&#xD;&#xD;
2023-12-22 09:33:44.553+01:00 [    20] WARNING    - W&#xD;&#xD;
2023-12-22 09:33:44.553+01:00 [    20] WARNING    - W&#xD;&#xD;
2023-12-22 09:33:44.553+01:00 [    20] WARNING    - W&#xD;&#xD;
2023-12-22 09:33:44.553+01:00 [    20] WARNING    - W&#xD;&#xD;
2023-12-22 09:33:44.553+01:00 [    20] WARNING    - W&#xD;&#xD;
2023-12-22 09:33:44.553+01:00 [    20] WARNING    - W&#xD;&#xD;
2023-12-22 09:33:44.553+01:00 [    20] WARNING    - W&#xD;&#xD;
2023-12-22 09:33:44.553+01:00 [    20] WARNING    - W&#xD;&#xD;
2023-12-22 09:33:44.553+01:00 [    20] WARNING    - W&#xD;&#xD;
2023-12-22 09:33:44.553+01:00 [    20] WARNING    - W&#xD;&#xD;
2023-12-22 09:33:44.553+01:00 [    20] WARNING    - W&#xD;&#xD;
2023-12-22 09:33:44.553+01:00 [    20] WARNING    - W&#xD;&#xD;
2023-12-22 09:33:44.553+01:00 [    20] WARNING    - W&#xD;&#xD;
2023-12-22 09:33:44.553+01:00 [    20] WARNING    - W&#xD;&#xD;
2023-12-22 09:33:44.553+01:00 [    20] WARNING    - W&#xD;&#xD;
2023-12-22 09:33:44.553+01:00 [    20] WARNING    - W&#xD;&#xD;
2023-12-22 09:33:44.553+01:00 [    20] WARNING    - W&#xD;&#xD;
2023-12-22 09:33:44.553+01:00 [    20] WARNING    - W&#xD;&#xD;
2023-12-22 09:33:44.553+01:00 [    20] WARNING    - W&#xD;&#xD;
2023-12-22 09:33:44.553+01:00 [    20] WARNING    - W&#xD;&#xD;
2023-12-22 09:33:44.553+01:00 [    20] WARNING    - W&#xD;&#xD;
2023-12-22 09:33:44.553+01:00 [    20] WARNING    - W&#xD;&#xD;
2023-12-22 09:33:44.553+01:00 [    20] WARNING    - W&#xD;&#xD;
2023-12-22 09:33:44.553+01:00 [    20] WARNING    - W&#xD;&#xD;
2023-12-22 09:33:44.553+01:00 [    20] WARNING    - W&#xD;&#xD;
2023-12-22 09:33:44.553+01:00 [    20] WARNING    - W&#xD;&#xD;
2023-12-22 09:33:44.553+01:00 [    20] WARNING    - W&#xD;&#xD;
2023-12-22 09:33:44.553+01:00 [    20] WARNING    - W&#xD;&#xD;
2023-12-22 09:33:44.553+01:00 [    20] WARNING    - W&#xD;&#xD;
2023-12-22 09:33:44.553+01:00 [    20] WARNING    - W&#xD;&#xD;
2023-12-22 09:33:44.553+01:00 [    20] WARNING    - W&#xD;&#xD;
2023-12-22 09:33:44.553+01:00 [    20] WARNING    - W&#xD;&#xD;
2023-12-22 09:33:44.553+01:00 [    20] WARNING    - W&#xD;&#xD;
2023-12-22 09:33:44.553+01:00 [    20] WARNING    - W&#xD;&#xD;
2023-12-22 09:33:44.553+01:00 [    20] WARNING    - W&#xD;&#xD;
2023-12-22 09:33:44.553+01:00 [    20] WARNING    - W&#xD;&#xD;
2023-12-22 09:33:44.553+01:00 [    20] WARNING    - W&#xD;&#xD;
2023-12-22 09:33:44.553+01:00 [    20] WARNING    - W&#xD;&#xD;
2023-12-22 09:33:44.553+01:00 [    20] WARNING    - W&#xD;&#xD;
2023-12-22 09:33:44.553+01:00 [    20] WARNING    - W&#xD;&#xD;
2023-12-22 09:33:44.553+01:00 [    20] WARNING    - W&#xD;&#xD;
2023-12-22 09:33:44.553+01:00 [    20] WARNING    - W&#xD;&#xD;
2023-12-22 09:33:44.553+01:00 [    20] WARNING    - W&#xD;&#xD;
2023-12-22 09:33:44.553+01:00 [    20] WARNING    - W&#xD;&#xD;
2023-12-22 09:33:44.553+01:00 [    20] WARNING    - W&#xD;&#xD;
2023-12-22 09:33:44.553+01:00 [    20] WARNING    - W&#xD;&#xD;
2023-12-22 09:33:44.553+01:00 [    20] WARNING    - W&#xD;&#xD;
2023-12-22 09:33:44.553+01:00 [    20] WARNING    - W&#xD;&#xD;
2023-12-22 09:33:44.553+01:00 [    20] WARNING    - W&#xD;&#xD;
2023-12-22 09:33:44.553+01:00 [    20] WARNING    - W&#xD;&#xD;
2023-12-22 09:33:44.553+01:00 [    20] WARNING    - W&#xD;&#xD;
2023-12-22 09:33:44.553+01:00 [    20] WARNING    - W&#xD;&#xD;
2023-12-22 09:33:44.553+01:00 [    20] WARNING    - W&#xD;&#xD;
2023-12-22 09:33:44.553+01:00 [    20] WARNING    - W&#xD;&#xD;
2023-12-22 09:33:44.553+01:00 [    20] WARNING    - W&#xD;&#xD;
2023-12-22 09:33:44.553+01:00 [    20] WARNING    - W&#xD;&#xD;
2023-12-22 09:33:44.553+01:00 [    20] WARNING    - W&#xD;&#xD;
2023-12-22 09:33:44.553+01:00 [    20] WARNING    - W&#xD;&#xD;
2023-12-22 09:33:44.553+01:00 [    20] WARNING    - W&#xD;&#xD;
2023-12-22 09:33:44.553+01:00 [    20] WARNING    - W&#xD;&#xD;
2023-12-22 09:33:44.553+01:00 [    20] WARNING    - W&#xD;&#xD;
2023-12-22 09:33:44.553+01:00 [    20] WARNING    - W&#xD;&#xD;
2023-12-22 09:33:44.553+01:00 [    20] WARNING    - W&#xD;&#xD;
2023-12-22 09:33:44.553+01:00 [    20] WARNING    - W&#xD;&#xD;
2023-12-22 09:33:44.553+01:00 [    20] WARNING    - W&#xD;&#xD;
2023-12-22 09:33:44.553+01:00 [    20] WARNING    - W&#xD;&#xD;
2023-12-22 09:33:44.553+01:00 [    20] WARNING    - W&#xD;&#xD;
2023-12-22 09:33:44.553+01:00 [    20] WARNING    - W&#xD;&#xD;
2023-12-22 09:33:44.553+01:00 [    20] WARNING    - W&#xD;&#xD;
2023-12-22 09:33:44.553+01:00 [    20] WARNING    - W&#xD;&#xD;
2023-12-22 09:33:44.553+01:00 [    20] WARNING    - W&#xD;&#xD;
2023-12-22 09:33:44.553+01:00 [    20] WARNING    - W&#xD;&#xD;
2023-12-22 09:33:44.553+01:00 [    20] WARNING    - W&#xD;&#xD;
2023-12-22 09:33:44.553+01:00 [    20] WARNING    - W&#xD;&#xD;
2023-12-22 09:33:44.553+01:00 [    20] WARNING    - W&#xD;&#xD;
2023-12-22 09:33:44.553+01:00 [    20] WARNING    - W&#xD;&#xD;
2023-12-22 09:33:44.553+01:00 [    20] WARNING    - W&#xD;&#xD;
2023-12-22 09:33:44.553+01:00 [    20] WARNING    - W&#xD;&#xD;
2023-12-22 09:33:44.553+01:00 [    20] WARNING    - W&#xD;&#xD;
2023-12-22 09:33:44.553+01:00 [    20] WARNING    - W&#xD;&#xD;
2023-12-22 09:33:44.553+01:00 [    20] WARNING    - W&#xD;&#xD;
2023-12-22 09:33:44.553+01:00 [    20] WARNING    - W&#xD;&#xD;
2023-12-22 09:33:44.553+01:00 [    20] WARNING    - W&#xD;&#xD;
2023-12-22 09:33:44.553+01:00 [    20] WARNING    - W&#xD;&#xD;
2023-12-22 09:33:44.553+01:00 [    20] WARNING    - W&#xD;&#xD;
2023-12-22 09:33:44.553+01:00 [    20] WARNING    - W&#xD;&#xD;
2023-12-22 09:33:44.553+01:00 [    20] WARNING    - W&#xD;&#xD;
2023-12-22 09:33:44.553+01:00 [    20] WARNING    - W&#xD;&#xD;
2023-12-22 09:33:44.553+01:00 [    20] WARNING    - W&#xD;&#xD;
2023-12-22 09:33:44.553+01:00 [    20] WARNING    - W&#xD;&#xD;
2023-12-22 09:33:44.553+01:00 [    20] WARNING    - W&#xD;&#xD;
2023-12-22 09:33:44.553+01:00 [    20] WARNING    - W&#xD;&#xD;
2023-12-22 09:33:44.553+01:00 [    20] WARNING    - W&#xD;&#xD;
2023-12-22 09:33:44.553+01:00 [    20] WARNING    - W&#xD;&#xD;
2023-12-22 09:33:44.553+01:00 [    20] WARNING    - W&#xD;&#xD;
2023-12-22 09:33:44.553+01:00 [    20] WARNING    - W&#xD;&#xD;
2023-12-22 09:33:44.553+01:00 [    20] WARNING    - W&#xD;&#xD;
2023-12-22 09:33:44.553+01:00 [    20] WARNING    - W&#xD;&#xD;
2023-12-22 09:33:44.553+01:00 [    20] WARNING    - W&#xD;&#xD;
2023-12-22 09:33:44.553+01:00 [    20] WARNING    - W&#xD;&#xD;
2023-12-22 09:33:44.553+01:00 [    20] WARNING    - W&#xD;&#xD;
2023-12-22 09:33:44.553+01:00 [    20] WARNING    - W&#xD;&#xD;
2023-12-22 09:33:44.553+01:00 [    20] WARNING    - W&#xD;&#xD;
2023-12-22 09:33:44.553+01:00 [    20] WARNING    - W&#xD;&#xD;
2023-12-22 09:33:44.553+01:00 [    20] WARNING    - W&#xD;&#xD;
2023-12-22 09:33:44.553+01:00 [    20] WARNING    - W&#xD;&#xD;
2023-12-22 09:33:44.553+01:00 [    20] WARNING    - W&#xD;&#xD;
2023-12-22 09:33:44.553+01:00 [    20] WARNING    - W&#xD;&#xD;
2023-12-22 09:33:44.553+01:00 [    20] WARNING    - W&#xD;&#xD;
2023-12-22 09:33:44.553+01:00 [    20] WARNING    - W&#xD;&#xD;
2023-12-22 09:33:44.553+01:00 [    20] WARNING    - W&#xD;&#xD;
2023-12-22 09:33:44.553+01:00 [    20] WARNING    - W&#xD;&#xD;
2023-12-22 09:33:44.553+01:00 [    20] WARNING    - W&#xD;&#xD;
2023-12-22 09:33:44.553+01:00 [    20] WARNING    - W&#xD;&#xD;
2023-12-22 09:33:44.553+01:00 [    20] WARNING    - W&#xD;&#xD;
2023-12-22 09:33:44.553+01:00 [    20] WARNING    - W&#xD;&#xD;
2023-12-22 09:33:44.553+01:00 [    20] WARNING    - W&#xD;&#xD;
2023-12-22 09:33:44.553+01:00 [    20] WARNING    - W&#xD;&#xD;
2023-12-22 09:33:44.553+01:00 [    20] WARNING    - W&#xD;&#xD;
2023-12-22 09:33:44.553+01:00 [    20] WARNING    - W&#xD;&#xD;
2023-12-22 09:33:44.553+01:00 [    20] WARNING    - W&#xD;&#xD;
2023-12-22 09:33:44.553+01:00 [    20] WARNING    - W&#xD;&#xD;
2023-12-22 09:33:44.553+01:00 [    20] WARNING    - W&#xD;&#xD;
2023-12-22 09:33:44.553+01:00 [    20] WARNING    - W&#xD;&#xD;
2023-12-22 09:33:44.553+01:00 [    20] WARNING    - W&#xD;&#xD;
2023-12-22 09:33:44.553+01:00 [    20] WARNING    - W&#xD;&#xD;
2023-12-22 09:33:44.553+01:00 [    20] WARNING    - W&#xD;&#xD;
2023-12-22 09:33:44.553+01:00 [    20] WARNING    - W&#xD;&#xD;
2023-12-22 09:33:44.553+01:00 [    20] WARNING    - W&#xD;&#xD;
2023-12-22 09:33:44.553+01:00 [    20] WARNING    - W&#xD;&#xD;
2023-12-22 09:33:44.553+01:00 [    20] WARNING    - W&#xD;&#xD;
2023-12-22 09:33:44.553+01:00 [    20] WARNING    - W&#xD;&#xD;
2023-12-22 09:33:44.553+01:00 [    20] WARNING    - W&#xD;&#xD;
2023-12-22 09:33:44.553+01:00 [    20] WARNING    - W&#xD;&#xD;
2023-12-22 09:33:44.553+01:00 [    20] WARNING    - W&#xD;&#xD;
2023-12-22 09:33:44.553+01:00 [    20] WARNING    - W&#xD;&#xD;
2023-12-22 09:33:44.553+01:00 [    20] WARNING    - W&#xD;&#xD;
2023-12-22 09:33:44.553+01:00 [    20] WARNING    - W&#xD;&#xD;
2023-12-22 09:33:44.553+01:00 [    20] WARNING    - W&#xD;&#xD;
2023-12-22 09:33:44.553+01:00 [    20] WARNING    - W&#xD;&#xD;
2023-12-22 09:33:44.553+01:00 [    20] WARNING    - W&#xD;&#xD;
2023-12-22 09:33:44.553+01:00 [    20] WARNING    - W&#xD;&#xD;
2023-12-22 09:33:44.553+01:00 [    20] WARNING    - W&#xD;&#xD;
2023-12-22 09:33:44.553+01:00 [    20] WARNING    - W&#xD;&#xD;
2023-12-22 09:33:44.553+01:00 [    20] WARNING    - W&#xD;&#xD;
2023-12-22 09:33:44.553+01:00 [    20] WARNING    - W&#xD;&#xD;
2023-12-22 09:33:44.553+01:00 [    20] WARNING    - W&#xD;&#xD;
2023-12-22 09:33:44.553+01:00 [    20] WARNING    - W&#xD;&#xD;
2023-12-22 09:33:44.553+01:00 [    20] WARNING    - W&#xD;&#xD;
2023-12-22 09:33:44.553+01:00 [    20] WARNING    - W&#xD;&#xD;
2023-12-22 09:33:44.553+01:00 [    20] WARNING    - W&#xD;&#xD;
2023-12-22 09:33:44.553+01:00 [    20] WARNING    - W&#xD;&#xD;
2023-12-22 09:33:44.553+01:00 [    20] WARNING    - W&#xD;&#xD;
2023-12-22 09:33:44.553+01:00 [    20] WARNING    - W&#xD;&#xD;
2023-12-22 09:33:44.553+01:00 [    20] WARNING    - W&#xD;&#xD;
2023-12-22 09:33:44.553+01:00 [    20] WARNING    - W&#xD;&#xD;
2023-12-22 09:33:44.553+01:00 [    20] WARNING    - W&#xD;&#xD;
2023-12-22 09:33:44.553+01:00 [    20] WARNING    - W&#xD;&#xD;
2023-12-22 09:33:44.553+01:00 [    20] WARNING    - W&#xD;&#xD;
2023-12-22 09:33:44.553+01:00 [    20] WARNING    - W&#xD;&#xD;
2023-12-22 09:33:44.553+01:00 [    20] WARNING    - W&#xD;&#xD;
2023-12-22 09:33:44.553+01:00 [    20] WARNING    - W&#xD;&#xD;
2023-12-22 09:33:44.553+01:00 [    20] WARNING    - W&#xD;&#xD;
2023-12-22 09:33:44.553+01:00 [    20] WARNING    - W&#xD;&#xD;
2023-12-22 09:33:44.553+01:00 [    20] WARNING    - W&#xD;&#xD;
2023-12-22 09:33:44.553+01:00 [    20] WARNING    - W&#xD;&#xD;
2023-12-22 09:33:44.553+01:00 [    20] WARNING    - W&#xD;&#xD;
2023-12-22 09:33:44.553+01:00 [    20] WARNING    - W&#xD;&#xD;
2023-12-22 09:33:44.553+01:00 [    20] WARNING    - W&#xD;&#xD;
2023-12-22 09:33:44.553+01:00 [    20] WARNING    - W&#xD;&#xD;
2023-12-22 09:33:44.553+01:00 [    20] WARNING    - W&#xD;&#xD;
2023-12-22 09:33:44.553+01:00 [    20] WARNING    - W&#xD;&#xD;
2023-12-22 09:33:44.553+01:00 [    20] WARNING    - W&#xD;&#xD;
2023-12-22 09:33:44.553+01:00 [    20] WARNING    - W&#xD;&#xD;
2023-12-22 09:33:44.553+01:00 [    20] WARNING    - W&#xD;&#xD;
2023-12-22 09:33:44.553+01:00 [    20] WARNING    - W&#xD;&#xD;
2023-12-22 09:33:44.553+01:00 [    20] WARNING    - W&#xD;&#xD;
2023-12-22 09:33:44.553+01:00 [    20] WARNING    - W&#xD;&#xD;
2023-12-22 09:33:44.553+01:00 [    20] WARNING    - W&#xD;&#xD;
2023-12-22 09:33:44.553+01:00 [    20] WARNING    - W&#xD;&#xD;
2023-12-22 09:33:44.553+01:00 [    20] WARNING    - W&#xD;&#xD;
2023-12-22 09:33:44.553+01:00 [    20] WARNING    - W&#xD;&#xD;
2023-12-22 09:33:44.553+01:00 [    20] WARNING    - W&#xD;&#xD;
2023-12-22 09:33:44.553+01:00 [    20] WARNING    - W&#xD;&#xD;
2023-12-22 09:33:44.553+01:00 [    20] WARNING    - W&#xD;&#xD;
2023-12-22 09:33:44.553+01:00 [    20] WARNING    - W&#xD;&#xD;
2023-12-22 09:33:44.553+01:00 [    20] WARNING    - W&#xD;&#xD;
2023-12-22 09:33:44.553+01:00 [    20] WARNING    - W&#xD;&#xD;
2023-12-22 09:33:44.553+01:00 [    20] WARNING    - W&#xD;&#xD;
2023-12-22 09:33:44.553+01:00 [    20] WARNING    - W&#xD;&#xD;
2023-12-22 09:33:44.553+01:00 [    20] WARNING    - W&#xD;&#xD;
2023-12-22 09:33:44.553+01:00 [    20] WARNING    - W&#xD;&#xD;
2023-12-22 09:33:44.553+01:00 [    20] WARNING    - W&#xD;&#xD;
2023-12-22 09:33:44.553+01:00 [    20] WARNING    - W&#xD;&#xD;
2023-12-22 09:33:44.553+01:00 [    20] WARNING    - W&#xD;&#xD;
2023-12-22 09:33:44.553+01:00 [    20] WARNING    - W&#xD;&#xD;
2023-12-22 09:33:44.553+01:00 [    20] WARNING    - W&#xD;&#xD;
2023-12-22 09:33:44.553+01:00 [    20] WARNING    - W&#xD;&#xD;
2023-12-22 09:33:44.553+01:00 [    20] WARNING    - W&#xD;&#xD;
2023-12-22 09:33:44.553+01:00 [    20] WARNING    - W&#xD;&#xD;
2023-12-22 09:33:44.553+01:00 [    20] WARNING    - W&#xD;&#xD;
2023-12-22 09:33:44.553+01:00 [    20] WARNING    - W&#xD;&#xD;
2023-12-22 09:33:44.553+01:00 [    20] WARNING    - W&#xD;&#xD;
2023-12-22 09:33:44.553+01:00 [    20] WARNING    - W&#xD;&#xD;
2023-12-22 09:33:44.553+01:00 [    20] WARNING    - W&#xD;&#xD;
2023-12-22 09:33:44.553+01:00 [    20] WARNING    - W&#xD;&#xD;
2023-12-22 09:33:44.553+01:00 [    20] WARNING    - W&#xD;&#xD;
2023-12-22 09:33:44.553+01:00 [    20] WARNING    - W&#xD;&#xD;
2023-12-22 09:33:44.553+01:00 [    20] WARNING    - W&#xD;&#xD;
2023-12-22 09:33:44.553+01:00 [    20] WARNING    - W&#xD;&#xD;
2023-12-22 09:33:44.553+01:00 [    20] WARNING    - W&#xD;&#xD;
2023-12-22 09:33:44.553+01:00 [    20] WARNING    - W&#xD;&#xD;
2023-12-22 09:33:44.553+01:00 [    20] WARNING    - W&#xD;&#xD;
2023-12-22 09:33:44.553+01:00 [    20] WARNING    - W&#xD;&#xD;
2023-12-22 09:33:44.553+01:00 [    20] WARNING    - W&#xD;&#xD;
2023-12-22 09:33:44.553+01:00 [    20] WARNING    - W&#xD;&#xD;
2023-12-22 09:33:44.553+01:00 [    20] WARNING    - W&#xD;&#xD;
2023-12-22 09:33:44.553+01:00 [    20] WARNING    - W&#xD;&#xD;
2023-12-22 09:33:44.553+01:00 [    20] WARNING    - W&#xD;&#xD;
2023-12-22 09:33:44.553+01:00 [    20] WARNING    - W&#xD;&#xD;
2023-12-22 09:33:44.553+01:00 [    20] WARNING    - W&#xD;&#xD;
2023-12-22 09:33:44.553+01:00 [    20] WARNING    - W&#xD;&#xD;
2023-12-22 09:33:44.553+01:00 [    20] WARNING    - W&#xD;&#xD;
2023-12-22 09:33:44.553+01:00 [    20] WARNING    - W&#xD;&#xD;
2023-12-22 09:33:44.553+01:00 [    20] WARNING    - W&#xD;&#xD;
2023-12-22 09:33:44.553+01:00 [    20] WARNING    - W&#xD;&#xD;
2023-12-22 09:33:44.553+01:00 [    20] WARNING    - W&#xD;&#xD;
2023-12-22 09:33:44.553+01:00 [    20] WARNING    - W&#xD;&#xD;
2023-12-22 09:33:44.553+01:00 [    20] WARNING    - W&#xD;&#xD;
2023-12-22 09:33:44.553+01:00 [    20] WARNING    - W&#xD;&#xD;
2023-12-22 09:33:44.553+01:00 [    20] WARNING    - W&#xD;&#xD;
2023-12-22 09:33:44.553+01:00 [    20] WARNING    - W&#xD;&#xD;
2023-12-22 09:33:44.553+01:00 [    20] WARNING    - W&#xD;&#xD;
2023-12-22 09:33:44.553+01:00 [    20] WARNING    - W&#xD;&#xD;
2023-12-22 09:33:44.553+01:00 [    20] WARNING    - W&#xD;&#xD;
2023-12-22 09:33:44.553+01:00 [    20] WARNING    - W&#xD;&#xD;
2023-12-22 09:33:44.553+01:00 [    20] WARNING    - W&#xD;&#xD;
2023-12-22 09:33:44.553+01:00 [    20] WARNING    - W&#xD;&#xD;
2023-12-22 09:33:44.553+01:00 [    20] WARNING    - W&#xD;&#xD;
2023-12-22 09:33:44.553+01:00 [    20] WARNING    - W&#xD;&#xD;
2023-12-22 09:33:44.553+01:00 [    20] WARNING    - W&#xD;&#xD;
2023-12-22 09:33:44.553+01:00 [    20] WARNING    - W&#xD;&#xD;
2023-12-22 09:33:44.553+01:00 [    20] WARNING    - W&#xD;&#xD;
2023-12-22 09:33:44.553+01:00 [    20] WARNING    - W&#xD;&#xD;
2023-12-22 09:33:44.553+01:00 [    20] WARNING    - W&#xD;&#xD;
2023-12-22 09:33:44.553+01:00 [    20] WARNING    - W&#xD;&#xD;
2023-12-22 09:33:44.553+01:00 [    20] WARNING    - W&#xD;&#xD;
2023-12-22 09:33:44.553+01:00 [    20] WARNING    - W&#xD;&#xD;
2023-12-22 09:33:44.553+01:00 [    20] WARNING    - W&#xD;&#xD;
2023-12-22 09:33:44.553+01:00 [    20] WARNING    - W&#xD;&#xD;
2023-12-22 09:33:44.553+01:00 [    20] WARNING    - W&#xD;&#xD;
2023-12-22 09:33:44.553+01:00 [    20] WARNING    - W&#xD;&#xD;
2023-12-22 09:33:44.553+01:00 [    20] WARNING    - W&#xD;&#xD;
2023-12-22 09:33:44.553+01:00 [    20] WARNING    - W&#xD;&#xD;
2023-12-22 09:33:44.553+01:00 [    20] WARNING    - W&#xD;&#xD;
2023-12-22 09:33:44.553+01:00 [    20] WARNING    - W&#xD;&#xD;
2023-12-22 09:33:44.553+01:00 [    20] WARNING    - W&#xD;&#xD;
2023-12-22 09:33:44.553+01:00 [    20] WARNING    - W&#xD;&#xD;
2023-12-22 09:33:44.553+01:00 [    20] WARNING    - W&#xD;&#xD;
2023-12-22 09:33:44.553+01:00 [    20] WARNING    - W&#xD;&#xD;
2023-12-22 09:33:44.553+01:00 [    20] WARNING    - W&#xD;&#xD;
2023-12-22 09:33:44.553+01:00 [    20] WARNING    - W&#xD;&#xD;
2023-12-22 09:33:44.553+01:00 [    20] WARNING    - W&#xD;&#xD;
2023-12-22 09:33:44.553+01:00 [    20] WARNING    - W&#xD;&#xD;
2023-12-22 09:33:44.553+01:00 [    20] WARNING    - W&#xD;&#xD;
2023-12-22 09:33:44.553+01:00 [    20] WARNING    - W&#xD;&#xD;
2023-12-22 09:33:44.553+01:00 [    20] WARNING    - W&#xD;&#xD;
2023-12-22 09:33:44.553+01:00 [    20] WARNING    - W&#xD;&#xD;
2023-12-22 09:33:44.553+01:00 [    20] WARNING    - W&#xD;&#xD;
2023-12-22 09:33:44.553+01:00 [    20] WARNING    - W&#xD;&#xD;
2023-12-22 09:33:44.553+01:00 [    20] WARNING    - W&#xD;&#xD;
2023-12-22 09:33:44.553+01:00 [    20] WARNING    - W&#xD;&#xD;
2023-12-22 09:33:44.553+01:00 [    20] WARNING    - W&#xD;&#xD;
2023-12-22 09:33:44.553+01:00 [    20] WARNING    - W&#xD;&#xD;
2023-12-22 09:33:44.553+01:00 [    20] WARNING    - W&#xD;&#xD;
2023-12-22 09:33:44.553+01:00 [    20] WARNING    - W&#xD;&#xD;
2023-12-22 09:33:44.553+01:00 [    20] WARNING    - W&#xD;&#xD;
2023-12-22 09:33:44.553+01:00 [    20] WARNING    - W&#xD;&#xD;
2023-12-22 09:33:44.553+01:00 [    20] WARNING    - W&#xD;&#xD;
2023-12-22 09:33:44.553+01:00 [    20] WARNING    - W&#xD;&#xD;
2023-12-22 09:33:44.553+01:00 [    20] WARNING    - W&#xD;&#xD;
2023-12-22 09:33:44.553+01:00 [    20] WARNING    - W&#xD;&#xD;
2023-12-22 09:33:44.553+01:00 [    20] WARNING    - W&#xD;&#xD;
2023-12-22 09:33:44.553+01:00 [    20] WARNING    - W&#xD;&#xD;
2023-12-22 09:33:44.553+01:00 [    20] WARNING    - W&#xD;&#xD;
2023-12-22 09:33:44.553+01:00 [    20] WARNING    - W&#xD;&#xD;
2023-12-22 09:33:44.553+01:00 [    20] WARNING    - W&#xD;&#xD;
2023-12-22 09:33:44.553+01:00 [    20] WARNING    - W&#xD;&#xD;
2023-12-22 09:33:44.553+01:00 [    20] WARNING    - W&#xD;&#xD;
2023-12-22 09:33:44.553+01:00 [    20] WARNING    - W&#xD;&#xD;
2023-12-22 09:33:44.553+01:00 [    20] WARNING    - W&#xD;&#xD;
2023-12-22 09:33:44.553+01:00 [    20] WARNING    - W&#xD;&#xD;
2023-12-22 09:33:44.553+01:00 [    20] WARNING    - W&#xD;&#xD;
2023-12-22 09:33:44.553+01:00 [    20] WARNING    - W&#xD;&#xD;
2023-12-22 09:33:44.553+01:00 [    20] WARNING    - W&#xD;&#xD;
2023-12-22 09:33:44.553+01:00 [    20] WARNING    - W&#xD;&#xD;
2023-12-22 09:33:44.553+01:00 [    20] WARNING    - W&#xD;&#xD;
2023-12-22 09:33:44.553+01:00 [    20] WARNING    - W&#xD;&#xD;
2023-12-22 09:33:44.553+01:00 [    20] WARNING    - W&#xD;&#xD;
2023-12-22 09:33:44.553+01:00 [    20] WARNING    - W&#xD;&#xD;
2023-12-22 09:33:44.553+01:00 [    20] WARNING    - W&#xD;&#xD;
2023-12-22 09:33:44.553+01:00 [    20] WARNING    - W&#xD;&#xD;
2023-12-22 09:33:44.553+01:00 [    20] WARNING    - W&#xD;&#xD;
2023-12-22 09:33:44.553+01:00 [    20] WARNING    - W&#xD;&#xD;
2023-12-22 09:33:44.553+01:00 [    20] WARNING    - W&#xD;&#xD;
2023-12-22 09:33:44.553+01:00 [    20] WARNING    - W&#xD;&#xD;
2023-12-22 09:33:44.553+01:00 [    20] WARNING    - W&#xD;&#xD;
2023-12-22 09:33:44.553+01:00 [    20] WARNING    - W&#xD;&#xD;
2023-12-22 09:33:44.553+01:00 [    20] WARNING    - W&#xD;&#xD;
2023-12-22 09:33:44.553+01:00 [    20] WARNING    - W&#xD;&#xD;
2023-12-22 09:33:44.553+01:00 [    20] WARNING    - W&#xD;&#xD;
2023-12-22 09:33:44.553+01:00 [    20] WARNING    - W&#xD;&#xD;
2023-12-22 09:33:44.553+01:00 [    20] WARNING    - W&#xD;&#xD;
2023-12-22 09:33:44.553+01:00 [    20] WARNING    - W&#xD;&#xD;
2023-12-22 09:33:44.553+01:00 [    20] WARNING    - W&#xD;&#xD;
2023-12-22 09:33:44.553+01:00 [    20] WARNING    - W&#xD;&#xD;
2023-12-22 09:33:44.553+01:00 [    20] WARNING    - W&#xD;&#xD;
2023-12-22 09:33:44.553+01:00 [    20] WARNING    - W&#xD;&#xD;
2023-12-22 09:33:44.553+01:00 [    20] WARNING    - W&#xD;&#xD;
2023-12-22 09:33:44.553+01:00 [    20] WARNING    - W&#xD;&#xD;
2023-12-22 09:33:44.553+01:00 [    20] WARNING    - W&#xD;&#xD;
2023-12-22 09:33:44.553+01:00 [    20] WARNING    - W&#xD;&#xD;
2023-12-22 09:33:44.553+01:00 [    20] WARNING    - W&#xD;&#xD;
2023-12-22 09:33:44.553+01:00 [    20] WARNING    - W&#xD;&#xD;
2023-12-22 09:33:44.553+01:00 [    20] WARNING    - W&#xD;&#xD;
2023-12-22 09:33:44.553+01:00 [    20] WARNING    - W&#xD;&#xD;
2023-12-22 09:33:44.553+01:00 [    20] WARNING    - W&#xD;&#xD;
2023-12-22 09:33:44.553+01:00 [    20] WARNING    - W&#xD;&#xD;
2023-12-22 09:33:44.553+01:00 [    20] WARNING    - W&#xD;&#xD;
2023-12-22 09:33:44.553+01:00 [    20] WARNING    - W&#xD;&#xD;
2023-12-22 09:33:44.553+01:00 [    20] WARNING    - W&#xD;&#xD;
2023-12-22 09:33:44.553+01:00 [    20] WARNING    - W&#xD;&#xD;
2023-12-22 09:33:44.553+01:00 [    20] WARNING    - W&#xD;&#xD;
2023-12-22 09:33:44.553+01:00 [    20] WARNING    - W&#xD;&#xD;
2023-12-22 09:33:44.553+01:00 [    20] WARNING    - W&#xD;&#xD;
2023-12-22 09:33:44.553+01:00 [    20] WARNING    - W&#xD;&#xD;
2023-12-22 09:33:44.553+01:00 [    20] WARNING    - W&#xD;&#xD;
2023-12-22 09:33:44.553+01:00 [    20] WARNING    - W&#xD;&#xD;
2023-12-22 09:33:44.553+01:00 [    20] WARNING    - W&#xD;&#xD;
2023-12-22 09:33:44.553+01:00 [    20] WARNING    - W&#xD;&#xD;
2023-12-22 09:33:44.553+01:00 [    20] WARNING    - W&#xD;&#xD;
2023-12-22 09:33:44.553+01:00 [    20] WARNING    - W&#xD;&#xD;
2023-12-22 09:33:44.553+01:00 [    20] WARNING    - W&#xD;&#xD;
2023-12-22 09:33:44.553+01:00 [    20] WARNING    - W&#xD;&#xD;
2023-12-22 09:33:44.553+01:00 [    20] WARNING    - W&#xD;&#xD;
2023-12-22 09:33:44.553+01:00 [    20] WARNING    - W&#xD;&#xD;
2023-12-22 09:33:44.553+01:00 [    20] WARNING    - W&#xD;&#xD;
2023-12-22 09:33:44.553+01:00 [    20] WARNING    - W&#xD;&#xD;
2023-12-22 09:33:44.553+01:00 [    20] WARNING    - W&#xD;&#xD;
2023-12-22 09:33:44.553+01:00 [    20] WARNING    - W&#xD;&#xD;
2023-12-22 09:33:44.553+01:00 [    20] WARNING    - W&#xD;&#xD;
2023-12-22 09:33:44.553+01:00 [    20] WARNING    - W&#xD;&#xD;
2023-12-22 09:33:44.553+01:00 [    20] WARNING    - W&#xD;&#xD;
2023-12-22 09:33:44.553+01:00 [    20] WARNING    - W&#xD;&#xD;
2023-12-22 09:33:44.553+01:00 [    20] WARNING    - W&#xD;&#xD;
2023-12-22 09:33:44.553+01:00 [    20] WARNING    - W&#xD;&#xD;
2023-12-22 09:33:44.553+01:00 [    20] WARNING    - W&#xD;&#xD;
2023-12-22 09:33:44.553+01:00 [    20] WARNING    - W&#xD;&#xD;
2023-12-22 09:33:44.553+01:00 [    20] WARNING    - W&#xD;&#xD;
2023-12-22 09:33:44.553+01:00 [    20] WARNING    - W&#xD;&#xD;
2023-12-22 09:33:44.553+01:00 [    20] WARNING    - W&#xD;&#xD;
2023-12-22 09:33:44.553+01:00 [    20] WARNING    - W&#xD;&#xD;
2023-12-22 09:33:44.553+01:00 [    20] WARNING    - W&#xD;&#xD;
2023-12-22 09:33:44.553+01:00 [    20] WARNING    - W&#xD;&#xD;
2023-12-22 09:33:44.553+01:00 [    20] WARNING    - W&#xD;&#xD;
2023-12-22 09:33:44.553+01:00 [    20] WARNING    - W&#xD;&#xD;
2023-12-22 09:33:44.553+01:00 [    20] WARNING    - W&#xD;&#xD;
2023-12-22 09:33:44.553+01:00 [    20] WARNING    - W&#xD;&#xD;
2023-12-22 09:33:44.553+01:00 [    20] WARNING    - W&#xD;&#xD;
2023-12-22 09:33:44.553+01:00 [    20] WARNING    - W&#xD;&#xD;
2023-12-22 09:33:44.553+01:00 [    20] WARNING    - W&#xD;&#xD;
2023-12-22 09:33:44.553+01:00 [    20] WARNING    - W&#xD;&#xD;
2023-12-22 09:33:44.553+01:00 [    20] WARNING    - W&#xD;&#xD;
2023-12-22 09:33:44.553+01:00 [    20] WARNING    - W&#xD;&#xD;
2023-12-22 09:33:44.553+01:00 [    20] WARNING    - W&#xD;&#xD;
2023-12-22 09:33:44.553+01:00 [    20] WARNING    - W&#xD;&#xD;
2023-12-22 09:33:44.553+01:00 [    20] WARNING    - W&#xD;&#xD;
2023-12-22 09:33:44.553+01:00 [    20] WARNING    - W&#xD;&#xD;
2023-12-22 09:33:44.553+01:00 [    20] WARNING    - W&#xD;&#xD;
2023-12-22 09:33:44.553+01:00 [    20] WARNING    - W&#xD;&#xD;
2023-12-22 09:33:44.553+01:00 [    20] WARNING    - W&#xD;&#xD;
2023-12-22 09:33:44.553+01:00 [    20] WARNING    - W&#xD;&#xD;
2023-12-22 09:33:44.553+01:00 [    20] WARNING    - W&#xD;&#xD;
2023-12-22 09:33:44.553+01:00 [    20] WARNING    - W&#xD;&#xD;
2023-12-22 09:33:44.553+01:00 [    20] WARNING    - W&#xD;&#xD;
2023-12-22 09:33:44.553+01:00 [    20] WARNING    - W&#xD;&#xD;
2023-12-22 09:33:44.553+01:00 [    20] WARNING    - W&#xD;&#xD;
2023-12-22 09:33:44.553+01:00 [    20] WARNING    - W&#xD;&#xD;
2023-12-22 09:33:44.553+01:00 [    20] WARNING    - W&#xD;&#xD;
2023-12-22 09:33:44.553+01:00 [    20] WARNING    - W&#xD;&#xD;
2023-12-22 09:33:44.553+01:00 [    20] WARNING    - W&#xD;&#xD;
2023-12-22 09:33:44.553+01:00 [    20] WARNING    - W&#xD;&#xD;
2023-12-22 09:33:44.553+01:00 [    20] WARNING    - W&#xD;&#xD;
2023-12-22 09:33:44.553+01:00 [    20] WARNING    - W&#xD;&#xD;
2023-12-22 09:33:44.553+01:00 [    20] WARNING    - W&#xD;&#xD;
2023-12-22 09:33:44.553+01:00 [    20] WARNING    - W&#xD;&#xD;
2023-12-22 09:33:44.553+01:00 [    20] WARNING    - W&#xD;&#xD;
2023-12-22 09:33:44.553+01:00 [    20] WARNING    - W&#xD;&#xD;
2023-12-22 09:33:44.553+01:00 [    20] WARNING    - W&#xD;&#xD;
2023-12-22 09:33:44.553+01:00 [    20] WARNING    - W&#xD;&#xD;
2023-12-22 09:33:44.553+01:00 [    20] WARNING    - W&#xD;&#xD;
2023-12-22 09:33:44.553+01:00 [    20] WARNING    - W&#xD;&#xD;
2023-12-22 09:33:44.553+01:00 [    20] WARNING    - W&#xD;&#xD;
2023-12-22 09:33:44.553+01:00 [    20] WARNING    - W&#xD;&#xD;
2023-12-22 09:33:44.553+01:00 [    20] WARNING    - W&#xD;&#xD;
2023-12-22 09:33:44.553+01:00 [    20] WARNING    - W&#xD;&#xD;
2023-12-22 09:33:44.553+01:00 [    20] WARNING    - W&#xD;&#xD;
2023-12-22 09:33:44.553+01:00 [    20] WARNING    - W&#xD;&#xD;
2023-12-22 09:33:44.553+01:00 [    20] WARNING    - W&#xD;&#xD;
2023-12-22 09:33:44.553+01:00 [    20] WARNING    - W&#xD;&#xD;
2023-12-22 09:33:44.553+01:00 [    20] WARNING    - W&#xD;&#xD;
2023-12-22 09:33:44.553+01:00 [    20] WARNING    - W&#xD;&#xD;
2023-12-22 09:33:44.553+01:00 [    20] WARNING    - W&#xD;&#xD;
2023-12-22 09:33:44.553+01:00 [    20] WARNING    - W&#xD;&#xD;
2023-12-22 09:33:44.553+01:00 [    20] WARNING    - W&#xD;&#xD;
2023-12-22 09:33:44.553+01:00 [    20] WARNING    - W&#xD;&#xD;
2023-12-22 09:33:44.553+01:00 [    20] WARNING    - W&#xD;&#xD;
2023-12-22 09:33:44.553+01:00 [    20] WARNING    - W&#xD;&#xD;
2023-12-22 09:33:44.553+01:00 [    20] WARNING    - W&#xD;&#xD;
2023-12-22 09:33:44.553+01:00 [    20] WARNING    - W&#xD;&#xD;
2023-12-22 09:33:44.553+01:00 [    20] WARNING    - W&#xD;&#xD;
2023-12-22 09:33:44.553+01:00 [    20] WARNING    - W&#xD;&#xD;
2023-12-22 09:33:44.553+01:00 [    20] WARNING    - W&#xD;&#xD;
2023-12-22 09:33:44.553+01:00 [    20] WARNING    - W&#xD;&#xD;
2023-12-22 09:33:44.553+01:00 [    20] WARNING    - W&#xD;&#xD;
2023-12-22 09:33:44.553+01:00 [    20] WARNING    - W&#xD;&#xD;
2023-12-22 09:33:44.553+01:00 [    20] WARNING    - W&#xD;&#xD;
2023-12-22 09:33:44.553+01:00 [    20] WARNING    - W&#xD;&#xD;
2023-12-22 09:33:44.553+01:00 [    20] WARNING    - W&#xD;&#xD;
2023-12-22 09:33:44.553+01:00 [    20] WARNING    - W&#xD;&#xD;
2023-12-22 09:33:44.553+01:00 [    20] WARNING    - W&#xD;&#xD;
2023-12-22 09:33:44.553+01:00 [    20] WARNING    - W&#xD;&#xD;
2023-12-22 09:33:44.553+01:00 [    20] WARNING    - W&#xD;&#xD;
2023-12-22 09:33:44.553+01:00 [    20] WARNING    - W&#xD;&#xD;
2023-12-22 09:33:44.553+01:00 [    20] WARNING    - W&#xD;&#xD;
2023-12-22 09:33:44.553+01:00 [    20] WARNING    - W&#xD;&#xD;
2023-12-22 09:33:44.553+01:00 [    20] WARNING    - W&#xD;&#xD;
2023-12-22 09:33:44.553+01:00 [    20] WARNING    - W&#xD;&#xD;
2023-12-22 09:33:44.553+01:00 [    20] WARNING    - W&#xD;&#xD;
2023-12-22 09:33:44.553+01:00 [    20] WARNING    - W&#xD;&#xD;
2023-12-22 09:33:44.553+01:00 [    20] WARNING    - W&#xD;&#xD;
2023-12-22 09:33:44.553+01:00 [    20] WARNING    - W&#xD;&#xD;
2023-12-22 09:33:44.553+01:00 [    20] WARNING    - W&#xD;&#xD;
2023-12-22 09:33:44.553+01:00 [    20] WARNING    - W&#xD;&#xD;
2023-12-22 09:33:44.553+01:00 [    20] WARNING    - W&#xD;&#xD;
2023-12-22 09:33:44.553+01:00 [    20] WARNING    - W&#xD;&#xD;
2023-12-22 09:33:44.553+01:00 [    20] WARNING    - W&#xD;&#xD;
2023-12-22 09:33:44.553+01:00 [    20] WARNING    - W&#xD;&#xD;
2023-12-22 09:33:44.553+01:00 [    20] WARNING    - W&#xD;&#xD;
2023-12-22 09:33:44.553+01:00 [    20] WARNING    - W&#xD;&#xD;
2023-12-22 09:33:44.553+01:00 [    20] WARNING    - W&#xD;&#xD;
2023-12-22 09:33:44.553+01:00 [    20] WARNING    - W&#xD;&#xD;
2023-12-22 09:33:44.553+01:00 [    20] WARNING    - W&#xD;&#xD;
2023-12-22 09:33:44.553+01:00 [    20] WARNING    - W&#xD;&#xD;
2023-12-22 09:33:44.553+01:00 [    20] WARNING    - W&#xD;&#xD;
2023-12-22 09:33:44.553+01:00 [    20] WARNING    - W&#xD;&#xD;
2023-12-22 09:33:44.553+01:00 [    20] WARNING    - W&#xD;&#xD;
2023-12-22 09:33:44.553+01:00 [    20] WARNING    - W&#xD;&#xD;
2023-12-22 09:33:44.553+01:00 [    20] WARNING    - W&#xD;&#xD;
2023-12-22 09:33:44.553+01:00 [    20] WARNING    - W&#xD;&#xD;
2023-12-22 09:33:44.553+01:00 [    20] WARNING    - W&#xD;&#xD;
2023-12-22 09:33:44.553+01:00 [    20] WARNING    - W&#xD;&#xD;
2023-12-22 09:33:44.553+01:00 [    20] WARNING    - W&#xD;&#xD;
2023-12-22 09:33:44.553+01:00 [    20] WARNING    - W&#xD;&#xD;
2023-12-22 09:33:44.553+01:00 [    20] WARNING    - W&#xD;&#xD;
2023-12-22 09:33:44.553+01:00 [    20] WARNING    - W&#xD;&#xD;
2023-12-22 09:33:44.553+01:00 [    20] WARNING    - W&#xD;&#xD;
2023-12-22 09:33:44.553+01:00 [    20] WARNING    - W&#xD;&#xD;
2023-12-22 09:33:44.553+01:00 [    20] WARNING    - W&#xD;&#xD;
2023-12-22 09:33:44.553+01:00 [    20] WARNING    - W&#xD;&#xD;
2023-12-22 09:33:44.553+01:00 [    20] WARNING    - W&#xD;&#xD;
2023-12-22 09:33:44.553+01:00 [    20] WARNING    - W&#xD;&#xD;
2023-12-22 09:33:44.553+01:00 [    20] WARNING    - W&#xD;&#xD;
2023-12-22 09:33:44.553+01:00 [    20] WARNING    - W&#xD;&#xD;
2023-12-22 09:33:44.553+01:00 [    20] WARNING    - W&#xD;&#xD;
2023-12-22 09:33:44.553+01:00 [    20] WARNING    - W&#xD;&#xD;
2023-12-22 09:33:44.553+01:00 [    20] WARNING    - W&#xD;&#xD;
2023-12-22 09:33:44.553+01:00 [    20] WARNING    - W&#xD;&#xD;
2023-12-22 09:33:44.553+01:00 [    20] WARNING    - W&#xD;&#xD;
2023-12-22 09:33:44.553+01:00 [    20] WARNING    - W&#xD;&#xD;
2023-12-22 09:33:44.553+01:00 [    20] WARNING    - W&#xD;&#xD;
2023-12-22 09:33:44.553+01:00 [    20] WARNING    - W&#xD;&#xD;
2023-12-22 09:33:44.553+01:00 [    20] WARNING    - W&#xD;&#xD;
2023-12-22 09:33:44.553+01:00 [    20] WARNING    - W&#xD;&#xD;
2023-12-22 09:33:44.553+01:00 [    20] WARNING    - W&#xD;&#xD;
2023-12-22 09:33:44.553+01:00 [    20] WARNING    - W&#xD;&#xD;
2023-12-22 09:33:44.553+01:00 [    20] WARNING    - W&#xD;&#xD;
2023-12-22 09:33:44.553+01:00 [    20] WARNING    - W&#xD;&#xD;
2023-12-22 09:33:44.553+01:00 [    20] WARNING    - W&#xD;&#xD;
2023-12-22 09:33:44.553+01:00 [    20] WARNING    - W&#xD;&#xD;
2023-12-22 09:33:44.553+01:00 [    20] WARNING    - W&#xD;&#xD;
2023-12-22 09:33:44.553+01:00 [    20] WARNING    - W&#xD;&#xD;
2023-12-22 09:33:44.553+01:00 [    20] WARNING    - W&#xD;&#xD;
2023-12-22 09:33:44.553+01:00 [    20] WARNING    - W&#xD;&#xD;
2023-12-22 09:33:44.553+01:00 [    20] WARNING    - W&#xD;&#xD;
2023-12-22 09:33:44.553+01:00 [    20] WARNING    - W&#xD;&#xD;
2023-12-22 09:33:44.553+01:00 [    20] WARNING    - W&#xD;&#xD;
2023-12-22 09:33:44.553+01:00 [    20] WARNING    - W&#xD;&#xD;
2023-12-22 09:33:44.553+01:00 [    20] WARNING    - W&#xD;&#xD;
2023-12-22 09:33:44.553+01:00 [    20] WARNING    - W&#xD;&#xD;
2023-12-22 09:33:44.553+01:00 [    20] WARNING    - W&#xD;&#xD;
2023-12-22 09:33:44.553+01:00 [    20] WARNING    - W&#xD;&#xD;
2023-12-22 09:33:44.553+01:00 [    20] WARNING    - W&#xD;&#xD;
2023-12-22 09:33:44.553+01:00 [    20] WARNING    - W&#xD;&#xD;
2023-12-22 09:33:44.553+01:00 [    20] WARNING    - W&#xD;&#xD;
2023-12-22 09:33:44.553+01:00 [    20] WARNING    - W&#xD;&#xD;
2023-12-22 09:33:44.553+01:00 [    20] WARNING    - W&#xD;&#xD;
2023-12-22 09:33:44.553+01:00 [    20] WARNING    - W&#xD;&#xD;
2023-12-22 09:33:44.553+01:00 [    20] WARNING    - W&#xD;&#xD;
2023-12-22 09:33:44.553+01:00 [    20] WARNING    - W&#xD;&#xD;
2023-12-22 09:33:44.553+01:00 [    20] WARNING    - W&#xD;&#xD;
2023-12-22 09:33:44.553+01:00 [    20] WARNING    - W&#xD;&#xD;
2023-12-22 09:33:44.553+01:00 [    20] WARNING    - W&#xD;&#xD;
2023-12-22 09:33:44.553+01:00 [    20] WARNING    - W&#xD;&#xD;
2023-12-22 09:33:44.553+01:00 [    20] WARNING    - W&#xD;&#xD;
2023-12-22 09:33:44.553+01:00 [    20] WARNING    - W&#xD;&#xD;
2023-12-22 09:33:44.553+01:00 [    20] WARNING    - W&#xD;&#xD;
2023-12-22 09:33:44.553+01:00 [    20] WARNING    - W&#xD;&#xD;
2023-12-22 09:33:44.553+01:00 [    20] WARNING    - W&#xD;&#xD;
2023-12-22 09:33:44.553+01:00 [    20] WARNING    - W&#xD;&#xD;
2023-12-22 09:33:44.553+01:00 [    20] WARNING    - W&#xD;&#xD;
2023-12-22 09:33:44.553+01:00 [    20] WARNING    - W&#xD;&#xD;
2023-12-22 09:33:44.553+01:00 [    20] WARNING    - W&#xD;&#xD;
2023-12-22 09:33:44.553+01:00 [    20] WARNING    - W&#xD;&#xD;
2023-12-22 09:33:44.553+01:00 [    20] WARNING    - W&#xD;&#xD;
2023-12-22 09:33:44.553+01:00 [    20] WARNING    - W&#xD;&#xD;
2023-12-22 09:33:44.553+01:00 [    20] WARNING    - W&#xD;&#xD;
2023-12-22 09:33:44.553+01:00 [    20] WARNING    - W&#xD;&#xD;
2023-12-22 09:33:44.553+01:00 [    20] WARNING    - W&#xD;&#xD;
2023-12-22 09:33:44.553+01:00 [    20] WARNING    - W&#xD;&#xD;
2023-12-22 09:33:44.553+01:00 [    20] WARNING    - W&#xD;&#xD;
2023-12-22 09:33:44.553+01:00 [    20] WARNING    - W&#xD;&#xD;
2023-12-22 09:33:44.553+01:00 [    20] WARNING    - W&#xD;&#xD;
2023-12-22 09:33:44.553+01:00 [    20] WARNING    - W&#xD;&#xD;
2023-12-22 09:33:44.553+01:00 [    20] WARNING    - W&#xD;&#xD;
2023-12-22 09:33:44.553+01:00 [    20] WARNING    - W&#xD;&#xD;
2023-12-22 09:33:44.553+01:00 [    20] WARNING    - W&#xD;&#xD;
2023-12-22 09:33:44.553+01:00 [    20] WARNING    - W&#xD;&#xD;
2023-12-22 09:33:44.553+01:00 [    20] WARNING    - W&#xD;&#xD;
2023-12-22 09:33:44.553+01:00 [    20] WARNING    - W&#xD;&#xD;
2023-12-22 09:33:44.553+01:00 [    20] WARNING    - W&#xD;&#xD;
2023-12-22 09:33:44.553+01:00 [    20] WARNING    - W&#xD;&#xD;
2023-12-22 09:33:44.553+01:00 [    20] WARNING    - W&#xD;&#xD;
2023-12-22 09:33:44.553+01:00 [    20] WARNING    - W&#xD;&#xD;
2023-12-22 09:33:44.553+01:00 [    20] WARNING    - W&#xD;&#xD;
2023-12-22 09:33:44.553+01:00 [    20] WARNING    - W&#xD;&#xD;
2023-12-22 09:33:44.553+01:00 [    20] WARNING    - W&#xD;&#xD;
2023-12-22 09:33:44.553+01:00 [    20] WARNING    - W&#xD;&#xD;
2023-12-22 09:33:44.553+01:00 [    20] WARNING    - W&#xD;&#xD;
2023-12-22 09:33:44.553+01:00 [    20] WARNING    - W&#xD;&#xD;
2023-12-22 09:33:44.553+01:00 [    20] WARNING    - W&#xD;&#xD;
2023-12-22 09:33:44.553+01:00 [    20] WARNING    - W&#xD;&#xD;
2023-12-22 09:33:44.553+01:00 [    20] WARNING    - W&#xD;&#xD;
2023-12-22 09:33:44.553+01:00 [    20] WARNING    - W&#xD;&#xD;
2023-12-22 09:33:44.553+01:00 [    20] WARNING    - W&#xD;&#xD;
2023-12-22 09:33:44.553+01:00 [    20] WARNING    - W&#xD;&#xD;
2023-12-22 09:33:44.553+01:00 [    20] WARNING    - W&#xD;&#xD;
2023-12-22 09:33:44.553+01:00 [    20] WARNING    - W&#xD;&#xD;
2023-12-22 09:33:44.553+01:00 [    20] WARNING    - W&#xD;&#xD;
2023-12-22 09:33:44.553+01:00 [    20] WARNING    - W&#xD;&#xD;
2023-12-22 09:33:44.553+01:00 [    20] WARNING    - W&#xD;&#xD;
2023-12-22 09:33:44.553+01:00 [    20] WARNING    - W&#xD;&#xD;
2023-12-22 09:33:44.553+01:00 [    20] WARNING    - W&#xD;&#xD;
2023-12-22 09:33:44.553+01:00 [    20] WARNING    - W&#xD;&#xD;
2023-12-22 09:33:44.553+01:00 [    20] WARNING    - W&#xD;&#xD;
2023-12-22 09:33:44.553+01:00 [    20] WARNING    - W&#xD;&#xD;
2023-12-22 09:33:44.553+01:00 [    20] WARNING    - W&#xD;&#xD;
2023-12-22 09:33:44.553+01:00 [    20] WARNING    - W&#xD;&#xD;
2023-12-22 09:33:44.553+01:00 [    20] WARNING    - W&#xD;&#xD;
2023-12-22 09:33:44.553+01:00 [    20] WARNING    - W&#xD;&#xD;
2023-12-22 09:33:44.553+01:00 [    20] WARNING    - W&#xD;&#xD;
2023-12-22 09:33:44.553+01:00 [    20] WARNING    - W&#xD;&#xD;
2023-12-22 09:33:44.553+01:00 [    20] WARNING    - W&#xD;&#xD;
2023-12-22 09:33:44.553+01:00 [    20] WARNING    - W&#xD;&#xD;
2023-12-22 09:33:44.553+01:00 [    20] WARNING    - W&#xD;&#xD;
2023-12-22 09:33:44.553+01:00 [    20] WARNING    - W&#xD;&#xD;
2023-12-22 09:33:44.553+01:00 [    20] WARNING    - W&#xD;&#xD;
2023-12-22 09:33:44.553+01:00 [    20] WARNING    - W&#xD;&#xD;
2023-12-22 09:33:44.553+01:00 [    20] WARNING    - W&#xD;&#xD;
2023-12-22 09:33:44.553+01:00 [    20] WARNING    - W&#xD;&#xD;
2023-12-22 09:33:44.553+01:00 [    20] WARNING    - W&#xD;&#xD;
2023-12-22 09:33:44.553+01:00 [    20] WARNING    - W&#xD;&#xD;
2023-12-22 09:33:44.553+01:00 [    20] WARNING    - W&#xD;&#xD;
2023-12-22 09:33:44.553+01:00 [    20] WARNING    - W&#xD;&#xD;
2023-12-22 09:33:44.553+01:00 [    20] WARNING    - W&#xD;&#xD;
2023-12-22 09:33:44.553+01:00 [    20] WARNING    - W&#xD;&#xD;
2023-12-22 09:33:44.553+01:00 [    20] WARNING    - W&#xD;&#xD;
2023-12-22 09:33:44.553+01:00 [    20] WARNING    - W&#xD;&#xD;
2023-12-22 09:33:44.553+01:00 [    20] WARNING    - W&#xD;&#xD;
2023-12-22 09:33:44.553+01:00 [    20] WARNING    - W&#xD;&#xD;
2023-12-22 09:33:44.553+01:00 [    20] WARNING    - W&#xD;&#xD;
2023-12-22 09:33:44.553+01:00 [    20] WARNING    - W&#xD;&#xD;
2023-12-22 09:33:44.553+01:00 [    20] WARNING    - W&#xD;&#xD;
2023-12-22 09:33:44.553+01:00 [    20] WARNING    - W&#xD;&#xD;
2023-12-22 09:33:44.553+01:00 [    20] WARNING    - W&#xD;&#xD;
2023-12-22 09:33:44.553+01:00 [    20] WARNING    - W&#xD;&#xD;
2023-12-22 09:33:44.553+01:00 [    20] WARNING    - W&#xD;&#xD;
2023-12-22 09:33:44.553+01:00 [    20] WARNING    - W&#xD;&#xD;
2023-12-22 09:33:44.553+01:00 [    20] WARNING    - W&#xD;&#xD;
2023-12-22 09:33:44.553+01:00 [    20] WARNING    - W&#xD;&#xD;
2023-12-22 09:33:44.553+01:00 [    20] WARNING    - W&#xD;&#xD;
2023-12-22 09:33:44.553+01:00 [    20] WARNING    - W&#xD;&#xD;
2023-12-22 09:33:44.553+01:00 [    20] WARNING    - W&#xD;&#xD;
2023-12-22 09:33:44.553+01:00 [    20] WARNING    - W&#xD;&#xD;
2023-12-22 09:33:44.553+01:00 [    20] WARNING    - W&#xD;&#xD;
2023-12-22 09:33:44.553+01:00 [    20] WARNING    - W&#xD;&#xD;
2023-12-22 09:33:44.553+01:00 [    20] WARNING    - W&#xD;&#xD;
2023-12-22 09:33:44.553+01:00 [    20] WARNING    - W&#xD;&#xD;
2023-12-22 09:33:44.553+01:00 [    20] WARNING    - W&#xD;&#xD;
2023-12-22 09:33:44.553+01:00 [    20] WARNING    - W&#xD;&#xD;
2023-12-22 09:33:44.553+01:00 [    20] WARNING    - W&#xD;&#xD;
2023-12-22 09:33:44.553+01:00 [    20] WARNING    - W&#xD;&#xD;
2023-12-22 09:33:44.553+01:00 [    20] WARNING    - W&#xD;&#xD;
2023-12-22 09:33:44.553+01:00 [    20] WARNING    - W&#xD;&#xD;
2023-12-22 09:33:44.553+01:00 [    20] WARNING    - W&#xD;&#xD;
2023-12-22 09:33:44.553+01:00 [    20] WARNING    - W&#xD;&#xD;
2023-12-22 09:33:44.553+01:00 [    20] WARNING    - W&#xD;&#xD;
2023-12-22 09:33:44.553+01:00 [    20] WARNING    - W&#xD;&#xD;
2023-12-22 09:33:44.553+01:00 [    20] WARNING    - W&#xD;&#xD;
2023-12-22 09:33:44.553+01:00 [    20] WARNING    - W&#xD;&#xD;
2023-12-22 09:33:44.553+01:00 [    20] WARNING    - W&#xD;&#xD;
2023-12-22 09:33:44.553+01:00 [    20] WARNING    - W&#xD;&#xD;
2023-12-22 09:33:44.553+01:00 [    20] WARNING    - W&#xD;&#xD;
2023-12-22 09:33:44.553+01:00 [    20] WARNING    - W&#xD;&#xD;
2023-12-22 09:33:44.553+01:00 [    20] WARNING    - W&#xD;&#xD;
2023-12-22 09:33:44.553+01:00 [    20] WARNING    - W&#xD;&#xD;
2023-12-22 09:33:44.553+01:00 [    20] WARNING    - W&#xD;&#xD;
2023-12-22 09:33:44.553+01:00 [    20] WARNING    - W&#xD;&#xD;
2023-12-22 09:33:44.553+01:00 [    20] WARNING    - W&#xD;&#xD;
2023-12-22 09:33:44.553+01:00 [    20] WARNING    - W&#xD;&#xD;
2023-12-22 09:33:44.553+01:00 [    20] WARNING    - W&#xD;&#xD;
2023-12-22 09:33:44.553+01:00 [    20] WARNING    - W&#xD;&#xD;
2023-12-22 09:33:44.553+01:00 [    20] WARNING    - W&#xD;&#xD;
2023-12-22 09:33:44.553+01:00 [    20] WARNING    - W&#xD;&#xD;
2023-12-22 09:33:44.553+01:00 [    20] WARNING    - W&#xD;&#xD;
2023-12-22 09:33:44.553+01:00 [    20] WARNING    - W&#xD;&#xD;
2023-12-22 09:33:44.553+01:00 [    20] WARNING    - W&#xD;&#xD;
2023-12-22 09:33:44.553+01:00 [    20] WARNING    - W&#xD;&#xD;
2023-12-22 09:33:44.553+01:00 [    20] WARNING    - W&#xD;&#xD;
2023-12-22 09:33:44.553+01:00 [    20] WARNING    - W&#xD;&#xD;
2023-12-22 09:33:44.553+01:00 [    20] WARNING    - W&#xD;&#xD;
2023-12-22 09:33:44.553+01:00 [    20] WARNING    - W&#xD;&#xD;
2023-12-22 09:33:44.553+01:00 [    20] WARNING    - W&#xD;&#xD;
2023-12-22 09:33:44.553+01:00 [    20] WARNING    - W&#xD;&#xD;
2023-12-22 09:33:44.553+01:00 [    20] WARNING    - W&#xD;&#xD;
2023-12-22 09:33:44.553+01:00 [    20] WARNING    - W&#xD;&#xD;
2023-12-22 09:33:44.553+01:00 [    20] WARNING    - W&#xD;&#xD;
2023-12-22 09:33:44.553+01:00 [    20] WARNING    - W&#xD;&#xD;
2023-12-22 09:33:44.553+01:00 [    20] WARNING    - W&#xD;&#xD;
2023-12-22 09:33:44.553+01:00 [    20] WARNING    - W&#xD;&#xD;
2023-12-22 09:33:44.553+01:00 [    20] WARNING    - W&#xD;&#xD;
2023-12-22 09:33:44.553+01:00 [    20] WARNING    - W&#xD;&#xD;
2023-12-22 09:33:44.553+01:00 [    20] WARNING    - W&#xD;&#xD;
2023-12-22 09:33:44.553+01:00 [    20] WARNING    - W&#xD;&#xD;
2023-12-22 09:33:44.553+01:00 [    20] WARNING    - W&#xD;&#xD;
2023-12-22 09:33:44.553+01:00 [    20] WARNING    - W&#xD;&#xD;
2023-12-22 09:33:44.553+01:00 [    20] WARNING    - W&#xD;&#xD;
2023-12-22 09:33:44.553+01:00 [    20] WARNING    - W&#xD;&#xD;
2023-12-22 09:33:44.553+01:00 [    20] WARNING    - W&#xD;&#xD;
2023-12-22 09:33:44.553+01:00 [    20] WARNING    - W&#xD;&#xD;
2023-12-22 09:33:44.553+01:00 [    20] WARNING    - W&#xD;&#xD;
2023-12-22 09:33:44.553+01:00 [    20] WARNING    - W&#xD;&#xD;
2023-12-22 09:33:44.553+01:00 [    20] WARNING    - W&#xD;&#xD;
2023-12-22 09:33:44.553+01:00 [    20] WARNING    - W&#xD;&#xD;
2023-12-22 09:33:44.553+01:00 [    20] WARNING    - W&#xD;&#xD;
2023-12-22 09:33:44.553+01:00 [    20] WARNING    - W&#xD;&#xD;
2023-12-22 09:33:44.553+01:00 [    20] WARNING    - W&#xD;&#xD;
2023-12-22 09:33:44.553+01:00 [    20] WARNING    - W&#xD;&#xD;
2023-12-22 09:33:44.553+01:00 [    20] WARNING    - W&#xD;&#xD;
2023-12-22 09:33:44.553+01:00 [    20] WARNING    - W&#xD;&#xD;
2023-12-22 09:33:44.553+01:00 [    20] WARNING    - W&#xD;&#xD;
2023-12-22 09:33:44.553+01:00 [    20] WARNING    - W&#xD;&#xD;
2023-12-22 09:33:44.553+01:00 [    20] WARNING    - W&#xD;&#xD;
2023-12-22 09:33:44.553+01:00 [    20] WARNING    - W&#xD;&#xD;
2023-12-22 09:33:44.553+01:00 [    20] WARNING    - W&#xD;&#xD;
2023-12-22 09:33:44.553+01:00 [    20] WARNING    - W&#xD;&#xD;
2023-12-22 09:33:44.553+01:00 [    20] WARNING    - W&#xD;&#xD;
2023-12-22 09:33:44.553+01:00 [    20] WARNING    - W&#xD;&#xD;
2023-12-22 09:33:44.553+01:00 [    20] WARNING    - W&#xD;&#xD;
2023-12-22 09:33:44.553+01:00 [    20] WARNING    - W&#xD;&#xD;
2023-12-22 09:33:44.553+01:00 [    20] WARNING    - W&#xD;&#xD;
2023-12-22 09:33:44.553+01:00 [    20] WARNING    - W&#xD;&#xD;
2023-12-22 09:33:44.553+01:00 [    20] WARNING    - W&#xD;&#xD;
2023-12-22 09:33:44.553+01:00 [    20] WARNING    - W&#xD;&#xD;
2023-12-22 09:33:44.553+01:00 [    20] WARNING    - W&#xD;&#xD;
2023-12-22 09:33:44.553+01:00 [    20] WARNING    - W&#xD;&#xD;
2023-12-22 09:33:44.553+01:00 [    20] WARNING    - W&#xD;&#xD;
2023-12-22 09:33:44.553+01:00 [    20] WARNING    - W&#xD;&#xD;
2023-12-22 09:33:44.553+01:00 [    20] WARNING    - W&#xD;&#xD;
2023-12-22 09:33:44.553+01:00 [    20] WARNING    - W&#xD;&#xD;
2023-12-22 09:33:44.553+01:00 [    20] WARNING    - W&#xD;&#xD;
2023-12-22 09:33:44.553+01:00 [    20] WARNING    - W&#xD;&#xD;
2023-12-22 09:33:44.553+01:00 [    20] WARNING    - W&#xD;&#xD;
2023-12-22 09:33:44.553+01:00 [    20] WARNING    - W&#xD;&#xD;
2023-12-22 09:33:44.553+01:00 [    20] WARNING    - W&#xD;&#xD;
2023-12-22 09:33:44.553+01:00 [    20] WARNING    - W&#xD;&#xD;
2023-12-22 09:33:44.553+01:00 [    20] WARNING    - W&#xD;&#xD;
2023-12-22 09:33:44.553+01:00 [    20] WARNING    - W&#xD;&#xD;
2023-12-22 09:33:44.553+01:00 [    20] WARNING    - W&#xD;&#xD;
2023-12-22 09:33:44.553+01:00 [    20] WARNING    - W&#xD;&#xD;
2023-12-22 09:33:44.553+01:00 [    20] WARNING    - W&#xD;&#xD;
2023-12-22 09:33:44.553+01:00 [    20] WARNING    - W&#xD;&#xD;
2023-12-22 09:33:44.553+01:00 [    20] WARNING    - W&#xD;&#xD;
2023-12-22 09:33:44.553+01:00 [    20] WARNING    - W&#xD;&#xD;
2023-12-22 09:33:44.553+01:00 [    20] WARNING    - W&#xD;&#xD;
2023-12-22 09:33:44.553+01:00 [    20] WARNING    - W&#xD;&#xD;
2023-12-22 09:33:44.553+01:00 [    20] WARNING    - W&#xD;&#xD;
2023-12-22 09:33:44.553+01:00 [    20] WARNING    - W&#xD;&#xD;
2023-12-22 09:33:44.553+01:00 [    20] WARNING    - W&#xD;&#xD;
2023-12-22 09:33:44.553+01:00 [    20] WARNING    - W&#xD;&#xD;
2023-12-22 09:33:44.553+01:00 [    20] WARNING    - W&#xD;&#xD;
2023-12-22 09:33:44.553+01:00 [    20] WARNING    - W&#xD;&#xD;
2023-12-22 09:33:44.553+01:00 [    20] WARNING    - W&#xD;&#xD;
2023-12-22 09:33:44.553+01:00 [    20] WARNING    - W&#xD;&#xD;
2023-12-22 09:33:44.553+01:00 [    20] WARNING    - W&#xD;&#xD;
2023-12-22 09:33:44.553+01:00 [    20] WARNING    - W&#xD;&#xD;
2023-12-22 09:33:44.553+01:00 [    20] WARNING    - W&#xD;&#xD;
2023-12-22 09:33:44.553+01:00 [    20] WARNING    - W&#xD;&#xD;
2023-12-22 09:33:44.553+01:00 [    20] WARNING    - W&#xD;&#xD;
2023-12-22 09:33:44.553+01:00 [    20] WARNING    - W&#xD;&#xD;
2023-12-22 09:33:44.553+01:00 [    20] WARNING    - W&#xD;&#xD;
2023-12-22 09:33:44.553+01:00 [    20] WARNING    - W&#xD;&#xD;
2023-12-22 09:33:44.553+01:00 [    20] WARNING    - W&#xD;&#xD;
2023-12-22 09:33:44.553+01:00 [    20] WARNING    - W&#xD;&#xD;
2023-12-22 09:33:44.553+01:00 [    20] WARNING    - W&#xD;&#xD;
2023-12-22 09:33:44.553+01:00 [    20] WARNING    - W&#xD;&#xD;
2023-12-22 09:33:44.553+01:00 [    20] WARNING    - W&#xD;&#xD;
2023-12-22 09:33:44.553+01:00 [    20] WARNING    - W&#xD;&#xD;
2023-12-22 09:33:44.553+01:00 [    20] WARNING    - W&#xD;&#xD;
2023-12-22 09:33:44.553+01:00 [    20] WARNING    - W&#xD;&#xD;
2023-12-22 09:33:44.553+01:00 [    20] WARNING    - W&#xD;&#xD;
2023-12-22 09:33:44.553+01:00 [    20] WARNING    - W&#xD;&#xD;
2023-12-22 09:33:44.553+01:00 [    20] WARNING    - W&#xD;&#xD;
2023-12-22 09:33:44.553+01:00 [    20] WARNING    - W&#xD;&#xD;
2023-12-22 09:33:44.553+01:00 [    20] WARNING    - W&#xD;&#xD;
2023-12-22 09:33:44.553+01:00 [    20] WARNING    - W&#xD;&#xD;
2023-12-22 09:33:44.553+01:00 [    20] WARNING    - W&#xD;&#xD;
2023-12-22 09:33:44.553+01:00 [    20] WARNING    - W&#xD;&#xD;
2023-12-22 09:33:44.553+01:00 [    20] WARNING    - W&#xD;&#xD;
2023-12-22 09:33:44.553+01:00 [    20] WARNING    - W&#xD;&#xD;
2023-12-22 09:33:44.553+01:00 [    20] WARNING    - W&#xD;&#xD;
2023-12-22 09:33:44.553+01:00 [    20] WARNING    - W&#xD;&#xD;
2023-12-22 09:33:44.553+01:00 [    20] WARNING    - W&#xD;&#xD;
2023-12-22 09:33:44.553+01:00 [    20] WARNING    - W&#xD;&#xD;
2023-12-22 09:33:44.553+01:00 [    20] WARNING    - W&#xD;&#xD;
2023-12-22 09:33:44.553+01:00 [    20] WARNING    - W&#xD;&#xD;
2023-12-22 09:33:44.553+01:00 [    20] WARNING    - W&#xD;&#xD;
2023-12-22 09:33:44.553+01:00 [    20] WARNING    - W&#xD;&#xD;
2023-12-22 09:33:44.553+01:00 [    20] WARNING    - W&#xD;&#xD;
2023-12-22 09:33:44.553+01:00 [    20] WARNING    - W&#xD;&#xD;
2023-12-22 09:33:44.553+01:00 [    20] WARNING    - W&#xD;&#xD;
2023-12-22 09:33:44.553+01:00 [    20] WARNING    - W&#xD;&#xD;
2023-12-22 09:33:44.553+01:00 [    20] WARNING    - W&#xD;&#xD;
2023-12-22 09:33:44.553+01:00 [    20] WARNING    - W&#xD;&#xD;
2023-12-22 09:33:44.553+01:00 [    20] WARNING    - W&#xD;&#xD;
2023-12-22 09:33:44.553+01:00 [    20] WARNING    - W&#xD;&#xD;
2023-12-22 09:33:44.553+01:00 [    20] WARNING    - W&#xD;&#xD;
2023-12-22 09:33:44.553+01:00 [    20] WARNING    - W&#xD;&#xD;
2023-12-22 09:33:44.553+01:00 [    20] WARNING    - W&#xD;&#xD;
2023-12-22 09:33:44.553+01:00 [    20] WARNING    - W&#xD;&#xD;
2023-12-22 09:33:44.553+01:00 [    20] WARNING    - W&#xD;&#xD;
2023-12-22 09:33:44.553+01:00 [    20] WARNING    - W&#xD;&#xD;
2023-12-22 09:33:44.553+01:00 [    20] WARNING    - W&#xD;&#xD;
2023-12-22 09:33:44.553+01:00 [    20] WARNING    - W&#xD;&#xD;
2023-12-22 09:33:44.553+01:00 [    20] WARNING    - W&#xD;&#xD;
2023-12-22 09:33:44.553+01:00 [    20] WARNING    - W&#xD;&#xD;
2023-12-22 09:33:44.553+01:00 [    20] WARNING    - W&#xD;&#xD;
2023-12-22 09:33:44.553+01:00 [    20] WARNING    - W&#xD;&#xD;
2023-12-22 09:33:44.553+01:00 [    20] WARNING    - W&#xD;&#xD;
2023-12-22 09:33:44.553+01:00 [    20] WARNING    - W&#xD;&#xD;
2023-12-22 09:33:44.553+01:00 [    20] WARNING    - W&#xD;&#xD;
2023-12-22 09:33:44.553+01:00 [    20] WARNING    - W&#xD;&#xD;
2023-12-22 09:33:44.553+01:00 [    20] WARNING    - W&#xD;&#xD;
2023-12-22 09:33:44.553+01:00 [    20] WARNING    - W&#xD;&#xD;
2023-12-22 09:33:44.553+01:00 [    20] WARNING    - W&#xD;&#xD;
2023-12-22 09:33:44.553+01:00 [    20] WARNING    - W&#xD;&#xD;
2023-12-22 09:33:44.553+01:00 [    20] WARNING    - W&#xD;&#xD;
2023-12-22 09:33:44.553+01:00 [    20] WARNING    - W&#xD;&#xD;
2023-12-22 09:33:44.553+01:00 [    20] WARNING    - W&#xD;&#xD;
2023-12-22 09:33:44.553+01:00 [    20] WARNING    - W&#xD;&#xD;
2023-12-22 09:33:44.553+01:00 [    20] WARNING    - W&#xD;&#xD;
2023-12-22 09:33:44.553+01:00 [    20] WARNING    - W&#xD;&#xD;
2023-12-22 09:33:44.553+01:00 [    20] WARNING    - W&#xD;&#xD;
2023-12-22 09:33:44.553+01:00 [    20] WARNING    - W&#xD;&#xD;
2023-12-22 09:33:44.553+01:00 [    20] WARNING    - W&#xD;&#xD;
2023-12-22 09:33:44.553+01:00 [    20] WARNING    - W&#xD;&#xD;
2023-12-22 09:33:44.553+01:00 [    20] WARNING    - W&#xD;&#xD;
2023-12-22 09:33:44.553+01:00 [    20] WARNING    - W&#xD;&#xD;
2023-12-22 09:33:44.553+01:00 [    20] WARNING    - W&#xD;&#xD;
2023-12-22 09:33:44.553+01:00 [    20] WARNING    - W&#xD;&#xD;
2023-12-22 09:33:44.553+01:00 [    20] WARNING    - W&#xD;&#xD;
2023-12-22 09:33:44.553+01:00 [    20] WARNING    - W&#xD;&#xD;
2023-12-22 09:33:44.553+01:00 [    20] WARNING    - W&#xD;&#xD;
2023-12-22 09:33:44.553+01:00 [    20] WARNING    - W&#xD;&#xD;
2023-12-22 09:33:44.553+01:00 [    20] WARNING    - W&#xD;&#xD;
2023-12-22 09:33:44.553+01:00 [    20] WARNING    - W&#xD;&#xD;
2023-12-22 09:33:44.553+01:00 [    20] WARNING    - W&#xD;&#xD;
2023-12-22 09:33:44.553+01:00 [    20] WARNING    - W&#xD;&#xD;
2023-12-22 09:33:44.553+01:00 [    20] WARNING    - W&#xD;&#xD;
2023-12-22 09:33:44.553+01:00 [    20] WARNING    - W&#xD;&#xD;
2023-12-22 09:33:44.553+01:00 [    20] WARNING    - W&#xD;&#xD;
2023-12-22 09:33:44.553+01:00 [    20] WARNING    - W&#xD;&#xD;
2023-12-22 09:33:44.553+01:00 [    20] WARNING    - W&#xD;&#xD;
2023-12-22 09:33:44.553+01:00 [    20] WARNING    - W&#xD;&#xD;
2023-12-22 09:33:44.553+01:00 [    20] WARNING    - W&#xD;&#xD;
2023-12-22 09:33:44.553+01:00 [    20] WARNING    - W&#xD;&#xD;
2023-12-22 09:33:44.553+01:00 [    20] WARNING    - W&#xD;&#xD;
2023-12-22 09:33:44.553+01:00 [    20] WARNING    - W&#xD;&#xD;
2023-12-22 09:33:44.553+01:00 [    20] WARNING    - W&#xD;&#xD;
2023-12-22 09:33:44.553+01:00 [    20] WARNING    - W&#xD;&#xD;
2023-12-22 09:33:44.553+01:00 [    20] WARNING    - W&#xD;&#xD;
2023-12-22 09:33:44.553+01:00 [    20] WARNING    - W&#xD;&#xD;
2023-12-22 09:33:44.553+01:00 [    20] WARNING    - W&#xD;&#xD;
2023-12-22 09:33:44.553+01:00 [    20] WARNING    - W&#xD;&#xD;
2023-12-22 09:33:44.553+01:00 [    20] WARNING    - W&#xD;&#xD;
2023-12-22 09:33:44.553+01:00 [    20] WARNING    - W&#xD;&#xD;
2023-12-22 09:33:44.553+01:00 [    20] WARNING    - W&#xD;&#xD;
2023-12-22 09:33:44.553+01:00 [    20] WARNING    - W&#xD;&#xD;
2023-12-22 09:33:44.553+01:00 [    20] WARNING    - W&#xD;&#xD;
2023-12-22 09:33:44.553+01:00 [    20] WARNING    - W&#xD;&#xD;
2023-12-22 09:33:44.553+01:00 [    20] WARNING    - W&#xD;&#xD;
2023-12-22 09:33:44.553+01:00 [    20] WARNING    - W&#xD;&#xD;
2023-12-22 09:33:44.553+01:00 [    20] WARNING    - W&#xD;&#xD;
2023-12-22 09:33:44.553+01:00 [    20] WARNING    - W&#xD;&#xD;
2023-12-22 09:33:44.553+01:00 [    20] WARNING    - W&#xD;&#xD;
2023-12-22 09:33:44.553+01:00 [    20] WARNING    - W&#xD;&#xD;
2023-12-22 09:33:44.553+01:00 [    20] WARNING    - W&#xD;&#xD;
2023-12-22 09:33:44.553+01:00 [    20] WARNING    - W&#xD;&#xD;
2023-12-22 09:33:44.553+01:00 [    20] WARNING    - W&#xD;&#xD;
2023-12-22 09:33:44.553+01:00 [    20] WARNING    - W&#xD;&#xD;
2023-12-22 09:33:44.553+01:00 [    20] WARNING    - W&#xD;&#xD;
2023-12-22 09:33:44.553+01:00 [    20] WARNING    - W&#xD;&#xD;
2023-12-22 09:33:44.553+01:00 [    20] WARNING    - W&#xD;&#xD;
2023-12-22 09:33:44.553+01:00 [    20] WARNING    - W&#xD;&#xD;
2023-12-22 09:33:44.553+01:00 [    20] WARNING    - W&#xD;&#xD;
2023-12-22 09:33:44.553+01:00 [    20] WARNING    - W&#xD;&#xD;
2023-12-22 09:33:44.553+01:00 [    20] WARNING    - W&#xD;&#xD;
2023-12-22 09:33:44.553+01:00 [    20] WARNING    - W&#xD;&#xD;
2023-12-22 09:33:44.553+01:00 [    20] WARNING    - W&#xD;&#xD;
2023-12-22 09:33:44.553+01:00 [    20] WARNING    - W&#xD;&#xD;
2023-12-22 09:33:44.553+01:00 [    20] WARNING    - W&#xD;&#xD;
2023-12-22 09:33:44.553+01:00 [    20] WARNING    - W&#xD;&#xD;
2023-12-22 09:33:44.553+01:00 [    20] WARNING    - W&#xD;&#xD;
2023-12-22 09:33:44.553+01:00 [    20] WARNING    - W&#xD;&#xD;
2023-12-22 09:33:44.553+01:00 [    20] WARNING    - W&#xD;&#xD;
2023-12-22 09:33:44.553+01:00 [    20] WARNING    - W&#xD;&#xD;
2023-12-22 09:33:44.553+01:00 [    20] WARNING    - W&#xD;&#xD;
2023-12-22 09:33:44.553+01:00 [    20] WARNING    - W&#xD;&#xD;
2023-12-22 09:33:44.553+01:00 [    20] WARNING    - W&#xD;&#xD;
2023-12-22 09:33:44.553+01:00 [    20] WARNING    - W&#xD;&#xD;
2023-12-22 09:33:44.553+01:00 [    20] WARNING    - W&#xD;&#xD;
2023-12-22 09:33:44.553+01:00 [    20] WARNING    - W&#xD;&#xD;
2023-12-22 09:33:44.553+01:00 [    20] WARNING    - W&#xD;&#xD;
2023-12-22 09:33:44.553+01:00 [    20] WARNING    - W&#xD;&#xD;
2023-12-22 09:33:44.553+01:00 [    20] WARNING    - W&#xD;&#xD;
2023-12-22 09:33:44.553+01:00 [    20] WARNING    - W&#xD;&#xD;
2023-12-22 09:33:44.553+01:00 [    20] WARNING    - W&#xD;&#xD;
2023-12-22 09:33:44.553+01:00 [    20] WARNING    - W&#xD;&#xD;
2023-12-22 09:33:44.553+01:00 [    20] WARNING    - W&#xD;&#xD;
2023-12-22 09:33:44.553+01:00 [    20] WARNING    - W&#xD;&#xD;
2023-12-22 09:33:44.553+01:00 [    20] WARNING    - W&#xD;&#xD;
2023-12-22 09:33:44.553+01:00 [    20] WARNING    - W&#xD;&#xD;
2023-12-22 09:33:44.553+01:00 [    20] WARNING    - W&#xD;&#xD;
2023-12-22 09:33:44.553+01:00 [    20] WARNING    - W&#xD;&#xD;
2023-12-22 09:33:44.553+01:00 [    20] WARNING    - W&#xD;&#xD;
2023-12-22 09:33:44.553+01:00 [    20] WARNING    - W&#xD;&#xD;
2023-12-22 09:33:44.553+01:00 [    20] WARNING    - W&#xD;&#xD;
2023-12-22 09:33:44.553+01:00 [    20] WARNING    - W&#xD;&#xD;
2023-12-22 09:33:44.553+01:00 [    20] WARNING    - W&#xD;&#xD;
2023-12-22 09:33:44.553+01:00 [    20] WARNING    - W&#xD;&#xD;
2023-12-22 09:33:44.553+01:00 [    20] WARNING    - W&#xD;&#xD;
2023-12-22 09:33:44.553+01:00 [    20] WARNING    - W&#xD;&#xD;
2023-12-22 09:33:44.553+01:00 [    20] WARNING    - W&#xD;&#xD;
2023-12-22 09:33:44.553+01:00 [    20] WARNING    - W&#xD;&#xD;
2023-12-22 09:33:44.553+01:00 [    20] WARNING    - W&#xD;&#xD;
2023-12-22 09:33:44.553+01:00 [    20] WARNING    - W&#xD;&#xD;
2023-12-22 09:33:44.553+01:00 [    20] WARNING    - W&#xD;&#xD;
2023-12-22 09:33:44.553+01:00 [    20] WARNING    - W&#xD;&#xD;
2023-12-22 09:33:44.553+01:00 [    20] WARNING    - W&#xD;&#xD;
2023-12-22 09:33:44.553+01:00 [    20] WARNING    - W&#xD;&#xD;
2023-12-22 09:33:44.553+01:00 [    20] WARNING    - W&#xD;&#xD;
2023-12-22 09:33:44.553+01:00 [    20] WARNING    - W&#xD;&#xD;
2023-12-22 09:33:44.553+01:00 [    20] WARNING    - W&#xD;&#xD;
2023-12-22 09:33:44.553+01:00 [    20] WARNING    - W&#xD;&#xD;
2023-12-22 09:33:44.553+01:00 [    20] WARNING    - W&#xD;&#xD;
2023-12-22 09:33:44.553+01:00 [    20] WARNING    - W&#xD;&#xD;
2023-12-22 09:33:44.553+01:00 [    20] WARNING    - W&#xD;&#xD;
2023-12-22 09:33:44.553+01:00 [    20] WARNING    - W&#xD;&#xD;
2023-12-22 09:33:44.553+01:00 [    20] WARNING    - W&#xD;&#xD;
2023-12-22 09:33:44.553+01:00 [    20] WARNING    - W&#xD;&#xD;
2023-12-22 09:33:44.553+01:00 [    20] WARNING    - W&#xD;&#xD;
2023-12-22 09:33:44.553+01:00 [    20] WARNING    - W&#xD;&#xD;
2023-12-22 09:33:44.553+01:00 [    20] WARNING    - W&#xD;&#xD;
2023-12-22 09:33:44.553+01:00 [    20] WARNING    - W&#xD;&#xD;
2023-12-22 09:33:44.553+01:00 [    20] WARNING    - W&#xD;&#xD;
2023-12-22 09:33:44.553+01:00 [    20] WARNING    - W&#xD;&#xD;
2023-12-22 09:33:44.553+01:00 [    20] WARNING    - W&#xD;&#xD;
2023-12-22 09:33:44.553+01:00 [    20] WARNING    - W&#xD;&#xD;
2023-12-22 09:33:44.553+01:00 [    20] WARNING    - W&#xD;&#xD;
2023-12-22 09:33:44.553+01:00 [    20] WARNING    - W&#xD;&#xD;
2023-12-22 09:33:44.553+01:00 [    20] WARNING    - W&#xD;&#xD;
2023-12-22 09:33:44.553+01:00 [    20] WARNING    - W&#xD;&#xD;
2023-12-22 09:33:44.553+01:00 [    20] WARNING    - W&#xD;&#xD;
2023-12-22 09:33:44.553+01:00 [    20] WARNING    - W&#xD;&#xD;
2023-12-22 09:33:44.553+01:00 [    20] WARNING    - W&#xD;&#xD;
2023-12-22 09:33:44.553+01:00 [    20] WARNING    - W&#xD;&#xD;
2023-12-22 09:33:44.553+01:00 [    20] WARNING    - W&#xD;&#xD;
2023-12-22 09:33:44.553+01:00 [    20] WARNING    - W&#xD;&#xD;
2023-12-22 09:33:44.553+01:00 [    20] WARNING    - W&#xD;&#xD;
2023-12-22 09:33:44.553+01:00 [    20] WARNING    - W&#xD;&#xD;
2023-12-22 09:33:44.553+01:00 [    20] WARNING    - W&#xD;&#xD;
2023-12-22 09:33:44.553+01:00 [    20] WARNING    - W&#xD;&#xD;
2023-12-22 09:33:44.553+01:00 [    20] WARNING    - W&#xD;&#xD;
2023-12-22 09:33:44.553+01:00 [    20] WARNING    - W&#xD;&#xD;
2023-12-22 09:33:44.553+01:00 [    20] WARNING    - W&#xD;&#xD;
2023-12-22 09:33:44.553+01:00 [    20] WARNING    - W&#xD;&#xD;
2023-12-22 09:33:44.553+01:00 [    20] WARNING    - W&#xD;&#xD;
2023-12-22 09:33:44.553+01:00 [    20] WARNING    - W&#xD;&#xD;
2023-12-22 09:33:44.553+01:00 [    20] WARNING    - W&#xD;&#xD;
2023-12-22 09:33:44.553+01:00 [    20] WARNING    - W&#xD;&#xD;
2023-12-22 09:33:44.553+01:00 [    20] WARNING    - W&#xD;&#xD;
2023-12-22 09:33:44.553+01:00 [    20] WARNING    - W&#xD;&#xD;
2023-12-22 09:33:44.553+01:00 [    20] WARNING    - W&#xD;&#xD;
2023-12-22 09:33:44.553+01:00 [    20] WARNING    - W&#xD;&#xD;
2023-12-22 09:33:44.553+01:00 [    20] WARNING    - W&#xD;&#xD;
2023-12-22 09:33:44.553+01:00 [    20] WARNING    - W&#xD;&#xD;
2023-12-22 09:33:44.553+01:00 [    20] WARNING    - W&#xD;&#xD;
2023-12-22 09:33:44.553+01:00 [    20] WARNING    - W&#xD;&#xD;
2023-12-22 09:33:44.553+01:00 [    20] WARNING    - W&#xD;&#xD;
2023-12-22 09:33:44.553+01:00 [    20] WARNING    - W&#xD;&#xD;
2023-12-22 09:33:44.553+01:00 [    20] WARNING    - W&#xD;&#xD;
2023-12-22 09:33:44.553+01:00 [    20] WARNING    - W&#xD;&#xD;
2023-12-22 09:33:44.553+01:00 [    20] WARNING    - W&#xD;&#xD;
2023-12-22 09:33:44.553+01:00 [    20] WARNING    - W&#xD;&#xD;
2023-12-22 09:33:44.553+01:00 [    20] WARNING    - W&#xD;&#xD;
2023-12-22 09:33:44.553+01:00 [    20] WARNING    - W&#xD;&#xD;
2023-12-22 09:33:44.553+01:00 [    20] WARNING    - W&#xD;&#xD;
2023-12-22 09:33:44.553+01:00 [    20] WARNING    - W&#xD;&#xD;
2023-12-22 09:33:44.553+01:00 [    20] WARNING    - W&#xD;&#xD;
2023-12-22 09:33:44.553+01:00 [    20] WARNING    - W&#xD;&#xD;
2023-12-22 09:33:44.553+01:00 [    20] WARNING    - W&#xD;&#xD;
2023-12-22 09:33:44.553+01:00 [    20] WARNING    - W&#xD;&#xD;
2023-12-22 09:33:44.553+01:00 [    20] WARNING    - W&#xD;&#xD;
2023-12-22 09:33:44.553+01:00 [    20] WARNING    - W&#xD;&#xD;
2023-12-22 09:33:44.553+01:00 [    20] WARNING    - W&#xD;&#xD;
2023-12-22 09:33:44.553+01:00 [    20] WARNING    - W&#xD;&#xD;
2023-12-22 09:33:44.553+01:00 [    20] WARNING    - W&#xD;&#xD;
2023-12-22 09:33:44.553+01:00 [    20] WARNING    - W&#xD;&#xD;
2023-12-22 09:33:44.553+01:00 [    20] WARNING    - W&#xD;&#xD;
2023-12-22 09:33:44.553+01:00 [    20] WARNING    - W&#xD;&#xD;
2023-12-22 09:33:44.553+01:00 [    20] WARNING    - W&#xD;&#xD;
2023-12-22 09:33:44.553+01:00 [    20] WARNING    - W&#xD;&#xD;
2023-12-22 09:33:44.553+01:00 [    20] WARNING    - W&#xD;&#xD;
2023-12-22 09:33:44.553+01:00 [    20] WARNING    - W&#xD;&#xD;
2023-12-22 09:33:44.553+01:00 [    20] WARNING    - W&#xD;&#xD;
2023-12-22 09:33:44.553+01:00 [    20] WARNING    - W&#xD;&#xD;
2023-12-22 09:33:44.553+01:00 [    20] WARNING    - W&#xD;&#xD;
2023-12-22 09:33:44.553+01:00 [    20] WARNING    - W&#xD;&#xD;
2023-12-22 09:33:44.553+01:00 [    20] WARNING    - W&#xD;&#xD;
2023-12-22 09:33:44.553+01:00 [    20] WARNING    - W&#xD;&#xD;
2023-12-22 09:33:44.553+01:00 [    20] WARNING    - W&#xD;&#xD;
2023-12-22 09:33:44.553+01:00 [    20] WARNING    - W&#xD;&#xD;
2023-12-22 09:33:44.553+01:00 [    20] WARNING    - W&#xD;&#xD;
2023-12-22 09:33:44.553+01:00 [    20] WARNING    - W&#xD;&#xD;
2023-12-22 09:33:44.553+01:00 [    20] WARNING    - W&#xD;&#xD;
2023-12-22 09:33:44.553+01:00 [    20] WARNING    - W&#xD;&#xD;
2023-12-22 09:33:44.553+01:00 [    20] WARNING    - W&#xD;&#xD;
2023-12-22 09:33:44.553+01:00 [    20] WARNING    - W&#xD;&#xD;
2023-12-22 09:33:44.553+01:00 [    20] WARNING    - W&#xD;&#xD;
2023-12-22 09:33:44.553+01:00 [    20] WARNING    - W&#xD;&#xD;
2023-12-22 09:33:44.553+01:00 [    20] WARNING    - W&#xD;&#xD;
2023-12-22 09:33:44.553+01:00 [    20] WARNING    - W&#xD;&#xD;
2023-12-22 09:33:44.553+01:00 [    20] WARNING    - W&#xD;&#xD;
2023-12-22 09:33:44.553+01:00 [    20] WARNING    - W&#xD;&#xD;
2023-12-22 09:33:44.553+01:00 [    20] WARNING    - W&#xD;&#xD;
2023-12-22 09:33:44.553+01:00 [    20] WARNING    - W&#xD;&#xD;
2023-12-22 09:33:44.553+01:00 [    20] WARNING    - W&#xD;&#xD;
2023-12-22 09:33:44.553+01:00 [    20] WARNING    - W&#xD;&#xD;
2023-12-22 09:33:44.553+01:00 [    20] WARNING    - W&#xD;&#xD;
2023-12-22 09:33:44.553+01:00 [    20] WARNING    - W&#xD;&#xD;
2023-12-22 09:33:44.553+01:00 [    20] WARNING    - W&#xD;&#xD;
2023-12-22 09:33:44.553+01:00 [    20] WARNING    - W&#xD;&#xD;
2023-12-22 09:33:44.553+01:00 [    20] WARNING    - W&#xD;&#xD;
2023-12-22 09:33:44.553+01:00 [    20] WARNING    - W&#xD;&#xD;
2023-12-22 09:33:44.553+01:00 [    20] WARNING    - W&#xD;&#xD;
2023-12-22 09:33:44.553+01:00 [    20] WARNING    - W&#xD;&#xD;
2023-12-22 09:33:44.553+01:00 [    20] WARNING    - W&#xD;&#xD;
2023-12-22 09:33:44.553+01:00 [    20] WARNING    - W&#xD;&#xD;
2023-12-22 09:33:44.553+01:00 [    20] WARNING    - W&#xD;&#xD;
2023-12-22 09:33:44.553+01:00 [    20] WARNING    - W&#xD;&#xD;
2023-12-22 09:33:44.553+01:00 [    20] WARNING    - W&#xD;&#xD;
2023-12-22 09:33:44.553+01:00 [    20] WARNING    - W&#xD;&#xD;
2023-12-22 09:33:44.553+01:00 [    20] WARNING    - W&#xD;&#xD;
2023-12-22 09:33:44.553+01:00 [    20] WARNING    - W&#xD;&#xD;
2023-12-22 09:33:44.553+01:00 [    20] WARNING    - W&#xD;&#xD;
2023-12-22 09:33:44.553+01:00 [    20] WARNING    - W&#xD;&#xD;
2023-12-22 09:33:44.553+01:00 [    20] WARNING    - W&#xD;&#xD;
2023-12-22 09:33:44.553+01:00 [    20] WARNING    - W&#xD;&#xD;
2023-12-22 09:33:44.553+01:00 [    20] WARNING    - W&#xD;&#xD;
2023-12-22 09:33:44.553+01:00 [    20] WARNING    - W&#xD;&#xD;
2023-12-22 09:33:44.553+01:00 [    20] WARNING    - W&#xD;&#xD;
2023-12-22 09:33:44.553+01:00 [    20] WARNING    - W&#xD;&#xD;
2023-12-22 09:33:44.553+01:00 [    20] WARNING    - W&#xD;&#xD;
2023-12-22 09:33:44.553+01:00 [    20] WARNING    - W&#xD;&#xD;
2023-12-22 09:33:44.553+01:00 [    20] WARNING    - W&#xD;&#xD;
2023-12-22 09:33:44.553+01:00 [    20] WARNING    - W&#xD;&#xD;
2023-12-22 09:33:44.553+01:00 [    20] WARNING    - W&#xD;&#xD;
2023-12-22 09:33:44.553+01:00 [    20] WARNING    - W&#xD;&#xD;
2023-12-22 09:33:44.553+01:00 [    20] WARNING    - W&#xD;&#xD;
2023-12-22 09:33:44.553+01:00 [    20] WARNING    - W&#xD;&#xD;
2023-12-22 09:33:44.553+01:00 [    20] WARNING    - W&#xD;&#xD;
2023-12-22 09:33:44.553+01:00 [    20] WARNING    - W&#xD;&#xD;
2023-12-22 09:33:44.553+01:00 [    20] WARNING    - W&#xD;&#xD;
2023-12-22 09:33:44.553+01:00 [    20] WARNING    - W&#xD;&#xD;
2023-12-22 09:33:44.553+01:00 [    20] WARNING    - W&#xD;&#xD;
2023-12-22 09:33:44.553+01:00 [    20] WARNING    - W&#xD;&#xD;
2023-12-22 09:33:44.553+01:00 [    20] WARNING    - W&#xD;&#xD;
2023-12-22 09:33:44.553+01:00 [    20] WARNING    - W&#xD;&#xD;
2023-12-22 09:33:44.553+01:00 [    20] WARNING    - W&#xD;&#xD;
2023-12-22 09:33:44.553+01:00 [    20] WARNING    - W&#xD;&#xD;
2023-12-22 09:33:44.553+01:00 [    20] WARNING    - W&#xD;&#xD;
2023-12-22 09:33:44.553+01:00 [    20] WARNING    - W&#xD;&#xD;
2023-12-22 09:33:44.553+01:00 [    20] WARNING    - W&#xD;&#xD;
2023-12-22 09:33:44.553+01:00 [    20] WARNING    - W&#xD;&#xD;
2023-12-22 09:33:44.553+01:00 [    20] WARNING    - W&#xD;&#xD;
2023-12-22 09:33:44.553+01:00 [    20] WARNING    - W&#xD;&#xD;
2023-12-22 09:33:44.553+01:00 [    20] WARNING    - W&#xD;&#xD;
2023-12-22 09:33:44.553+01:00 [    20] WARNING    - W&#xD;&#xD;
2023-12-22 09:33:44.553+01:00 [    20] WARNING    - W&#xD;&#xD;
2023-12-22 09:33:44.553+01:00 [    20] WARNING    - W&#xD;&#xD;
2023-12-22 09:33:44.553+01:00 [    20] WARNING    - W&#xD;&#xD;
2023-12-22 09:33:44.553+01:00 [    20] WARNING    - W&#xD;&#xD;
2023-12-22 09:33:44.553+01:00 [    20] WARNING    - W&#xD;&#xD;
2023-12-22 09:33:44.553+01:00 [    20] WARNING    - W&#xD;&#xD;
2023-12-22 09:33:44.553+01:00 [    20] WARNING    - W&#xD;&#xD;
2023-12-22 09:33:44.553+01:00 [    20] WARNING    - W&#xD;&#xD;
2023-12-22 09:33:44.553+01:00 [    20] WARNING    - W&#xD;&#xD;
2023-12-22 09:33:44.553+01:00 [    20] WARNING    - W&#xD;&#xD;
2023-12-22 09:33:44.553+01:00 [    20] WARNING    - W&#xD;&#xD;
2023-12-22 09:33:44.553+01:00 [    20] WARNING    - W&#xD;&#xD;
2023-12-22 09:33:44.553+01:00 [    20] WARNING    - W&#xD;&#xD;
2023-12-22 09:33:44.553+01:00 [    20] WARNING    - W&#xD;&#xD;
2023-12-22 09:33:44.553+01:00 [    20] WARNING    - W&#xD;&#xD;
2023-12-22 09:33:44.553+01:00 [    20] WARNING    - W&#xD;&#xD;
2023-12-22 09:33:44.553+01:00 [    20] WARNING    - W&#xD;&#xD;
2023-12-22 09:33:44.553+01:00 [    20] WARNING    - W&#xD;&#xD;
2023-12-22 09:33:44.553+01:00 [    20] WARNING    - W&#xD;&#xD;
2023-12-22 09:33:44.553+01:00 [    20] WARNING    - W&#xD;&#xD;
2023-12-22 09:33:44.553+01:00 [    20] WARNING    - W&#xD;&#xD;
2023-12-22 09:33:44.553+01:00 [    20] WARNING    - W&#xD;&#xD;
2023-12-22 09:33:44.553+01:00 [    20] WARNING    - W&#xD;&#xD;
2023-12-22 09:33:44.553+01:00 [    20] WARNING    - W&#xD;&#xD;
2023-12-22 09:33:44.553+01:00 [    20] WARNING    - W&#xD;&#xD;
2023-12-22 09:33:44.553+01:00 [    20] WARNING    - W&#xD;&#xD;
2023-12-22 09:33:44.553+01:00 [    20] WARNING    - W&#xD;&#xD;
2023-12-22 09:33:44.553+01:00 [    20] WARNING    - W&#xD;&#xD;
2023-12-22 09:33:44.553+01:00 [    20] WARNING    - W&#xD;&#xD;
2023-12-22 09:33:44.553+01:00 [    20] WARNING    - W&#xD;&#xD;
2023-12-22 09:33:44.553+01:00 [    20] WARNING    - W&#xD;&#xD;
2023-12-22 09:33:44.553+01:00 [    20] WARNING    - W&#xD;&#xD;
2023-12-22 09:33:44.553+01:00 [    20] WARNING    - W&#xD;&#xD;
2023-12-22 09:33:44.553+01:00 [    20] WARNING    - W&#xD;&#xD;
2023-12-22 09:33:44.553+01:00 [    20] WARNING    - W&#xD;&#xD;
2023-12-22 09:33:44.553+01:00 [    20] WARNING    - W&#xD;&#xD;
2023-12-22 09:33:44.553+01:00 [    20] WARNING    - W&#xD;&#xD;
2023-12-22 09:33:44.553+01:00 [    20] WARNING    - W&#xD;&#xD;
2023-12-22 09:33:44.553+01:00 [    20] WARNING    - W&#xD;&#xD;
2023-12-22 09:33:44.553+01:00 [    20] WARNING    - W&#xD;&#xD;
2023-12-22 09:33:44.553+01:00 [    20] WARNING    - W&#xD;&#xD;
2023-12-22 09:33:44.553+01:00 [    20] WARNING    - W&#xD;&#xD;
2023-12-22 09:33:44.553+01:00 [    20] WARNING    - W&#xD;&#xD;
2023-12-22 09:33:44.553+01:00 [    20] WARNING    - W&#xD;&#xD;
2023-12-22 09:33:44.553+01:00 [    20] WARNING    - W&#xD;&#xD;
2023-12-22 09:33:44.553+01:00 [    20] WARNING    - W&#xD;&#xD;
2023-12-22 09:33:44.553+01:00 [    20] WARNING    - W&#xD;&#xD;
2023-12-22 09:33:44.553+01:00 [    20] WARNING    - W&#xD;&#xD;
2023-12-22 09:33:44.553+01:00 [    20] WARNING    - W&#xD;&#xD;
2023-12-22 09:33:44.553+01:00 [    20] WARNING    - W&#xD;&#xD;
2023-12-22 09:33:44.553+01:00 [    20] WARNING    - W&#xD;&#xD;
2023-12-22 09:33:44.553+01:00 [    20] WARNING    - W&#xD;&#xD;
2023-12-22 09:33:44.553+01:00 [    20] WARNING    - W&#xD;&#xD;
2023-12-22 09:33:44.553+01:00 [    20] WARNING    - W&#xD;&#xD;
2023-12-22 09:33:44.553+01:00 [    20] WARNING    - W&#xD;&#xD;
2023-12-22 09:33:44.553+01:00 [    20] WARNING    - W&#xD;&#xD;
2023-12-22 09:33:44.553+01:00 [    20] WARNING    - W&#xD;&#xD;
2023-12-22 09:33:44.553+01:00 [    20] WARNING    - W&#xD;&#xD;
2023-12-22 09:33:44.553+01:00 [    20] WARNING    - W&#xD;&#xD;
2023-12-22 09:33:44.553+01:00 [    20] WARNING    - W&#xD;&#xD;
2023-12-22 09:33:44.553+01:00 [    20] WARNING    - W&#xD;&#xD;
2023-12-22 09:33:44.553+01:00 [    20] WARNING    - W&#xD;&#xD;
2023-12-22 09:33:44.553+01:00 [    20] WARNING    - W&#xD;&#xD;
2023-12-22 09:33:44.553+01:00 [    20] WARNING    - W&#xD;&#xD;
2023-12-22 09:33:44.553+01:00 [    20] WARNING    - W&#xD;&#xD;
2023-12-22 09:33:44.553+01:00 [    20] WARNING    - W&#xD;&#xD;
2023-12-22 09:33:44.553+01:00 [    20] WARNING    - W&#xD;&#xD;
2023-12-22 09:33:44.553+01:00 [    20] WARNING    - W&#xD;&#xD;
2023-12-22 09:33:44.553+01:00 [    20] WARNING    - W&#xD;&#xD;
2023-12-22 09:33:44.553+01:00 [    20] WARNING    - W&#xD;&#xD;
2023-12-22 09:33:44.553+01:00 [    20] WARNING    - W&#xD;&#xD;
2023-12-22 09:33:44.553+01:00 [    20] WARNING    - W&#xD;&#xD;
2023-12-22 09:33:44.553+01:00 [    20] WARNING    - W&#xD;&#xD;
2023-12-22 09:33:44.553+01:00 [    20] WARNING    - W&#xD;&#xD;
2023-12-22 09:33:44.553+01:00 [    20] WARNING    - W&#xD;&#xD;
2023-12-22 09:33:44.553+01:00 [    20] WARNING    - W&#xD;&#xD;
2023-12-22 09:33:44.553+01:00 [    20] WARNING    - W&#xD;&#xD;
2023-12-22 09:33:44.553+01:00 [    20] WARNING    - W&#xD;&#xD;
2023-12-22 09:33:44.553+01:00 [    20] WARNING    - W&#xD;&#xD;
2023-12-22 09:33:44.553+01:00 [    20] WARNING    - W&#xD;&#xD;
2023-12-22 09:33:44.553+01:00 [    20] WARNING    - W&#xD;&#xD;
2023-12-22 09:33:44.553+01:00 [    20] WARNING    - W&#xD;&#xD;
2023-12-22 09:33:44.553+01:00 [    20] WARNING    - W&#xD;&#xD;
2023-12-22 09:33:44.553+01:00 [    20] WARNING    - W&#xD;&#xD;
2023-12-22 09:33:44.553+01:00 [    20] WARNING    - W&#xD;&#xD;
2023-12-22 09:33:44.553+01:00 [    20] WARNING    - W&#xD;&#xD;
2023-12-22 09:33:44.553+01:00 [    20] WARNING    - W&#xD;&#xD;
2023-12-22 09:33:44.553+01:00 [    20] WARNING    - W&#xD;&#xD;
2023-12-22 09:33:44.553+01:00 [    20] WARNING    - W&#xD;&#xD;
2023-12-22 09:33:44.553+01:00 [    20] WARNING    - W&#xD;&#xD;
2023-12-22 09:33:44.553+01:00 [    20] WARNING    - W&#xD;&#xD;
2023-12-22 09:33:44.553+01:00 [    20] WARNING    - W&#xD;&#xD;
2023-12-22 09:33:44.553+01:00 [    20] WARNING    - W&#xD;&#xD;
2023-12-22 09:33:44.553+01:00 [    20] WARNING    - W&#xD;&#xD;
2023-12-22 09:33:44.553+01:00 [    20] WARNING    - W&#xD;&#xD;
2023-12-22 09:33:44.553+01:00 [    20] WARNING    - W&#xD;&#xD;
2023-12-22 09:33:44.553+01:00 [    20] WARNING    - W&#xD;&#xD;
2023-12-22 09:33:44.553+01:00 [    20] WARNING    - W&#xD;&#xD;
2023-12-22 09:33:44.553+01:00 [    20] WARNING    - W&#xD;&#xD;
2023-12-22 09:33:44.553+01:00 [    20] WARNING    - W&#xD;&#xD;
2023-12-22 09:33:44.553+01:00 [    20] WARNING    - W&#xD;&#xD;
2023-12-22 09:33:44.553+01:00 [    20] WARNING    - W&#xD;&#xD;
2023-12-22 09:33:44.553+01:00 [    20] WARNING    - W&#xD;&#xD;
2023-12-22 09:33:44.553+01:00 [    20] WARNING    - W&#xD;&#xD;
2023-12-22 09:33:44.553+01:00 [    20] WARNING    - W&#xD;&#xD;
2023-12-22 09:33:44.553+01:00 [    20] WARNING    - W&#xD;&#xD;
2023-12-22 09:33:44.553+01:00 [    20] WARNING    - W&#xD;&#xD;
2023-12-22 09:33:44.553+01:00 [    20] WARNING    - W&#xD;&#xD;
2023-12-22 09:33:44.553+01:00 [    20] WARNING    - W&#xD;&#xD;
2023-12-22 09:33:44.553+01:00 [    20] WARNING    - W&#xD;&#xD;
2023-12-22 09:33:44.553+01:00 [    20] WARNING    - W&#xD;&#xD;
2023-12-22 09:33:44.553+01:00 [    20] WARNING    - W&#xD;&#xD;
2023-12-22 09:33:44.553+01:00 [    20] WARNING    - W&#xD;&#xD;
2023-12-22 09:33:44.553+01:00 [    20] WARNING    - W&#xD;&#xD;
2023-12-22 09:33:44.553+01:00 [    20] WARNING    - W&#xD;&#xD;
2023-12-22 09:33:44.553+01:00 [    20] WARNING    - W&#xD;&#xD;
2023-12-22 09:33:44.553+01:00 [    20] WARNING    - W&#xD;&#xD;
2023-12-22 09:33:44.553+01:00 [    20] WARNING    - W&#xD;&#xD;
2023-12-22 09:33:44.553+01:00 [    20] WARNING    - W&#xD;&#xD;
2023-12-22 09:33:44.553+01:00 [    20] WARNING    - W&#xD;&#xD;
2023-12-22 09:33:44.553+01:00 [    20] WARNING    - W&#xD;&#xD;
2023-12-22 09:33:44.553+01:00 [    20] WARNING    - W&#xD;&#xD;
2023-12-22 09:33:44.553+01:00 [    20] WARNING    - W&#xD;&#xD;
2023-12-22 09:33:44.553+01:00 [    20] WARNING    - W&#xD;&#xD;
2023-12-22 09:33:44.553+01:00 [    20] WARNING    - W&#xD;&#xD;
2023-12-22 09:33:44.553+01:00 [    20] WARNING    - W&#xD;&#xD;
2023-12-22 09:33:44.553+01:00 [    20] WARNING    - W&#xD;&#xD;
2023-12-22 09:33:44.553+01:00 [    20] WARNING    - W&#xD;&#xD;
2023-12-22 09:33:44.553+01:00 [    20] WARNING    - W&#xD;&#xD;
2023-12-22 09:33:44.553+01:00 [    20] WARNING    - W&#xD;&#xD;
2023-12-22 09:33:44.553+01:00 [    20] WARNING    - W&#xD;&#xD;
2023-12-22 09:33:44.553+01:00 [    20] WARNING    - W&#xD;&#xD;
2023-12-22 09:33:44.553+01:00 [    20] WARNING    - W&#xD;&#xD;
2023-12-22 09:33:44.553+01:00 [    20] WARNING    - W&#xD;&#xD;
2023-12-22 09:33:44.553+01:00 [    20] WARNING    - W&#xD;&#xD;
2023-12-22 09:33:44.553+01:00 [    20] WARNING    - W&#xD;&#xD;
2023-12-22 09:33:44.553+01:00 [    20] WARNING    - W&#xD;&#xD;
2023-12-22 09:33:44.553+01:00 [    20] WARNING    - W&#xD;&#xD;
2023-12-22 09:33:44.553+01:00 [    20] WARNING    - W&#xD;&#xD;
2023-12-22 09:33:44.553+01:00 [    20] WARNING    - W&#xD;&#xD;
2023-12-22 09:33:44.553+01:00 [    20] WARNING    - W&#xD;&#xD;
2023-12-22 09:33:44.553+01:00 [    20] WARNING    - W&#xD;&#xD;
2023-12-22 09:33:44.553+01:00 [    20] WARNING    - W&#xD;&#xD;
2023-12-22 09:33:44.553+01:00 [    20] WARNING    - W&#xD;&#xD;
2023-12-22 09:33:44.553+01:00 [    20] WARNING    - W&#xD;&#xD;
2023-12-22 09:33:44.553+01:00 [    20] WARNING    - W&#xD;&#xD;
2023-12-22 09:33:44.553+01:00 [    20] WARNING    - W&#xD;&#xD;
2023-12-22 09:33:44.553+01:00 [    20] WARNING    - W&#xD;&#xD;
2023-12-22 09:33:44.553+01:00 [    20] WARNING    - W&#xD;&#xD;
2023-12-22 09:33:44.553+01:00 [    20] WARNING    - W&#xD;&#xD;
2023-12-22 09:33:44.553+01:00 [    20] WARNING    - W&#xD;&#xD;
2023-12-22 09:33:44.553+01:00 [    20] WARNING    - W&#xD;&#xD;
2023-12-22 09:33:44.553+01:00 [    20] WARNING    - W&#xD;&#xD;
2023-12-22 09:33:44.553+01:00 [    20] WARNING    - W&#xD;&#xD;
2023-12-22 09:33:44.553+01:00 [    20] WARNING    - W&#xD;&#xD;
2023-12-22 09:33:44.553+01:00 [    20] WARNING    - W&#xD;&#xD;
2023-12-22 09:33:44.553+01:00 [    20] WARNING    - W&#xD;&#xD;
2023-12-22 09:33:44.553+01:00 [    20] WARNING    - W&#xD;&#xD;
2023-12-22 09:33:44.553+01:00 [    20] WARNING    - W&#xD;&#xD;
2023-12-22 09:33:44.553+01:00 [    20] WARNING    - W&#xD;&#xD;
2023-12-22 09:33:44.553+01:00 [    20] WARNING    - W&#xD;&#xD;
2023-12-22 09:33:44.553+01:00 [    20] WARNING    - W&#xD;&#xD;
2023-12-22 09:33:44.553+01:00 [    20] WARNING    - W&#xD;&#xD;
2023-12-22 09:33:44.553+01:00 [    20] WARNING    - W&#xD;&#xD;
2023-12-22 09:33:44.553+01:00 [    20] WARNING    - W&#xD;&#xD;
2023-12-22 09:33:44.553+01:00 [    20] WARNING    - W&#xD;&#xD;
2023-12-22 09:33:44.553+01:00 [    20] WARNING    - W&#xD;&#xD;
2023-12-22 09:33:44.553+01:00 [    20] WARNING    - W&#xD;&#xD;
2023-12-22 09:33:44.553+01:00 [    20] WARNING    - W&#xD;&#xD;
2023-12-22 09:33:44.553+01:00 [    20] WARNING    - W&#xD;&#xD;
2023-12-22 09:33:44.553+01:00 [    20] WARNING    - W&#xD;&#xD;
2023-12-22 09:33:44.553+01:00 [    20] WARNING    - W&#xD;&#xD;
2023-12-22 09:33:44.553+01:00 [    20] WARNING    - W&#xD;&#xD;
2023-12-22 09:33:44.553+01:00 [    20] WARNING    - W&#xD;&#xD;
2023-12-22 09:33:44.553+01:00 [    20] WARNING    - W&#xD;&#xD;
2023-12-22 09:33:44.553+01:00 [    20] WARNING    - W&#xD;&#xD;
2023-12-22 09:33:44.553+01:00 [    20] WARNING    - W&#xD;&#xD;
2023-12-22 09:33:44.553+01:00 [    20] WARNING    - W&#xD;&#xD;
2023-12-22 09:33:44.553+01:00 [    20] WARNING    - W&#xD;&#xD;
2023-12-22 09:33:44.553+01:00 [    20] WARNING    - W&#xD;&#xD;
2023-12-22 09:33:44.553+01:00 [    20] WARNING    - W&#xD;&#xD;
2023-12-22 09:33:44.553+01:00 [    20] WARNING    - W&#xD;&#xD;
2023-12-22 09:33:44.553+01:00 [    20] WARNING    - W&#xD;&#xD;
2023-12-22 09:33:44.553+01:00 [    20] WARNING    - W&#xD;&#xD;
2023-12-22 09:33:44.553+01:00 [    20] WARNING    - W&#xD;&#xD;
2023-12-22 09:33:44.553+01:00 [    20] WARNING    - W&#xD;&#xD;
2023-12-22 09:33:44.553+01:00 [    20] WARNING    - W&#xD;&#xD;
2023-12-22 09:33:44.553+01:00 [    20] WARNING    - W&#xD;&#xD;
2023-12-22 09:33:44.553+01:00 [    20] WARNING    - W&#xD;&#xD;
2023-12-22 09:33:44.553+01:00 [    20] WARNING    - W&#xD;&#xD;
2023-12-22 09:33:44.553+01:00 [    20] WARNING    - W&#xD;&#xD;
2023-12-22 09:33:44.553+01:00 [    20] WARNING    - W&#xD;&#xD;
2023-12-22 09:33:44.553+01:00 [    20] WARNING    - W&#xD;&#xD;
2023-12-22 09:33:44.553+01:00 [    20] WARNING    - W&#xD;&#xD;
2023-12-22 09:33:44.553+01:00 [    20] WARNING    - W&#xD;&#xD;
2023-12-22 09:33:44.553+01:00 [    20] WARNING    - W&#xD;&#xD;
2023-12-22 09:33:44.553+01:00 [    20] WARNING    - W&#xD;&#xD;
2023-12-22 09:33:44.553+01:00 [    20] WARNING    - W&#xD;&#xD;
2023-12-22 09:33:44.553+01:00 [    20] WARNING    - W&#xD;&#xD;
2023-12-22 09:33:44.553+01:00 [    20] WARNING    - W&#xD;&#xD;
2023-12-22 09:33:44.553+01:00 [    20] WARNING    - W&#xD;&#xD;
2023-12-22 09:33:44.553+01:00 [    20] WARNING    - W&#xD;&#xD;
2023-12-22 09:33:44.553+01:00 [    20] WARNING    - W&#xD;&#xD;
2023-12-22 09:33:44.553+01:00 [    20] WARNING    - W&#xD;&#xD;
2023-12-22 09:33:44.553+01:00 [    20] WARNING    - W&#xD;&#xD;
2023-12-22 09:33:44.553+01:00 [    20] WARNING    - W&#xD;&#xD;
2023-12-22 09:33:44.553+01:00 [    20] WARNING    - W&#xD;&#xD;
2023-12-22 09:33:44.553+01:00 [    20] WARNING    - W&#xD;&#xD;
2023-12-22 09:33:44.553+01:00 [    20] WARNING    - W&#xD;&#xD;
2023-12-22 09:33:44.553+01:00 [    20] WARNING    - W&#xD;&#xD;
2023-12-22 09:33:44.553+01:00 [    20] WARNING    - W&#xD;&#xD;
2023-12-22 09:33:44.553+01:00 [    20] WARNING    - W&#xD;&#xD;
2023-12-22 09:33:44.553+01:00 [    20] WARNING    - W&#xD;&#xD;
2023-12-22 09:33:44.553+01:00 [    20] WARNING    - W&#xD;&#xD;
2023-12-22 09:33:44.553+01:00 [    20] WARNING    - W&#xD;&#xD;
2023-12-22 09:33:44.553+01:00 [    20] WARNING    - W&#xD;&#xD;
2023-12-22 09:33:44.553+01:00 [    20] WARNING    - W&#xD;&#xD;
2023-12-22 09:33:44.553+01:00 [    20] WARNING    - W&#xD;&#xD;
2023-12-22 09:33:44.553+01:00 [    20] WARNING    - W&#xD;&#xD;
2023-12-22 09:33:44.553+01:00 [    20] WARNING    - W&#xD;&#xD;
2023-12-22 09:33:44.553+01:00 [    20] WARNING    - W&#xD;&#xD;
2023-12-22 09:33:44.553+01:00 [    20] WARNING    - W&#xD;&#xD;
2023-12-22 09:33:44.553+01:00 [    20] WARNING    - W&#xD;&#xD;
2023-12-22 09:33:44.553+01:00 [    20] WARNING    - W&#xD;&#xD;
2023-12-22 09:33:44.553+01:00 [    20] WARNING    - W&#xD;&#xD;
2023-12-22 09:33:44.553+01:00 [    20] WARNING    - W&#xD;&#xD;
2023-12-22 09:33:44.553+01:00 [    20] WARNING    - W&#xD;&#xD;
2023-12-22 09:33:44.553+01:00 [    20] WARNING    - W&#xD;&#xD;
2023-12-22 09:33:44.553+01:00 [    20] WARNING    - W&#xD;&#xD;
2023-12-22 09:33:44.553+01:00 [    20] WARNING    - W&#xD;&#xD;
2023-12-22 09:33:44.553+01:00 [    20] WARNING    - W&#xD;&#xD;
2023-12-22 09:33:44.553+01:00 [    20] WARNING    - W&#xD;&#xD;
2023-12-22 09:33:44.553+01:00 [    20] WARNING    - W&#xD;&#xD;
2023-12-22 09:33:44.553+01:00 [    20] WARNING    - W&#xD;&#xD;
2023-12-22 09:33:44.553+01:00 [    20] WARNING    - W&#xD;&#xD;
2023-12-22 09:33:44.553+01:00 [    20] WARNING    - W&#xD;&#xD;
2023-12-22 09:33:44.553+01:00 [    20] WARNING    - W&#xD;&#xD;
2023-12-22 09:33:44.553+01:00 [    20] WARNING    - W&#xD;&#xD;
2023-12-22 09:33:44.553+01:00 [    20] WARNING    - W&#xD;&#xD;
2023-12-22 09:33:44.553+01:00 [    20] WARNING    - W&#xD;&#xD;
2023-12-22 09:33:44.553+01:00 [    20] WARNING    - W&#xD;&#xD;
2023-12-22 09:33:44.553+01:00 [    20] WARNING    - W&#xD;&#xD;
2023-12-22 09:33:44.553+01:00 [    20] WARNING    - W&#xD;&#xD;
2023-12-22 09:33:44.553+01:00 [    20] WARNING    - W&#xD;&#xD;
2023-12-22 09:33:44.553+01:00 [    20] WARNING    - W&#xD;&#xD;
2023-12-22 09:33:44.553+01:00 [    20] WARNING    - W&#xD;&#xD;
2023-12-22 09:33:44.553+01:00 [    20] WARNING    - W&#xD;&#xD;
2023-12-22 09:33:44.553+01:00 [    20] WARNING    - W&#xD;&#xD;
2023-12-22 09:33:44.553+01:00 [    20] WARNING    - W&#xD;&#xD;
2023-12-22 09:33:44.553+01:00 [    20] WARNING    - W&#xD;&#xD;
2023-12-22 09:33:44.553+01:00 [    20] WARNING    - W&#xD;&#xD;
2023-12-22 09:33:44.553+01:00 [    20] WARNING    - W&#xD;&#xD;
2023-12-22 09:33:44.553+01:00 [    20] WARNING    - W&#xD;&#xD;
2023-12-22 09:33:44.553+01:00 [    20] WARNING    - W&#xD;&#xD;
2023-12-22 09:33:44.553+01:00 [    20] WARNING    - W&#xD;&#xD;
2023-12-22 09:33:44.553+01:00 [    20] WARNING    - W&#xD;&#xD;
2023-12-22 09:33:44.553+01:00 [    20] WARNING    - W&#xD;&#xD;
2023-12-22 09:33:44.553+01:00 [    20] WARNING    - W&#xD;&#xD;
2023-12-22 09:33:44.553+01:00 [    20] WARNING    - W&#xD;&#xD;
2023-12-22 09:33:44.553+01:00 [    20] WARNING    - W&#xD;&#xD;
2023-12-22 09:33:44.553+01:00 [    20] WARNING    - W&#xD;&#xD;
2023-12-22 09:33:44.553+01:00 [    20] WARNING    - W&#xD;&#xD;
2023-12-22 09:33:44.553+01:00 [    20] WARNING    - W&#xD;&#xD;
2023-12-22 09:33:44.553+01:00 [    20] WARNING    - W&#xD;&#xD;
2023-12-22 09:33:44.553+01:00 [    20] WARNING    - W&#xD;&#xD;
2023-12-22 09:33:44.553+01:00 [    20] WARNING    - W&#xD;&#xD;
2023-12-22 09:33:44.553+01:00 [    20] WARNING    - W&#xD;&#xD;
2023-12-22 09:33:44.553+01:00 [    20] WARNING    - W&#xD;&#xD;
2023-12-22 09:33:44.553+01:00 [    20] WARNING    - W&#xD;&#xD;
2023-12-22 09:33:44.553+01:00 [    20] WARNING    - W&#xD;&#xD;
2023-12-22 09:33:44.553+01:00 [    20] WARNING    - W&#xD;&#xD;
2023-12-22 09:33:44.553+01:00 [    20] WARNING    - W&#xD;&#xD;
2023-12-22 09:33:44.553+01:00 [    20] WARNING    - W&#xD;&#xD;
2023-12-22 09:33:44.553+01:00 [    20] WARNING    - W&#xD;&#xD;
2023-12-22 09:33:44.553+01:00 [    20] WARNING    - W&#xD;&#xD;
2023-12-22 09:33:44.553+01:00 [    20] WARNING    - W&#xD;&#xD;
2023-12-22 09:33:44.553+01:00 [    20] WARNING    - W&#xD;&#xD;
2023-12-22 09:33:44.553+01:00 [    20] WARNING    - W&#xD;&#xD;
2023-12-22 09:33:44.553+01:00 [    20] WARNING    - W&#xD;&#xD;
2023-12-22 09:33:44.553+01:00 [    20] WARNING    - W&#xD;&#xD;
2023-12-22 09:33:44.553+01:00 [    20] WARNING    - W&#xD;&#xD;
2023-12-22 09:33:44.553+01:00 [    20] WARNING    - W&#xD;&#xD;
2023-12-22 09:33:44.553+01:00 [    20] WARNING    - W&#xD;&#xD;
2023-12-22 09:33:44.553+01:00 [    20] WARNING    - W&#xD;&#xD;
2023-12-22 09:33:44.553+01:00 [    20] WARNING    - W&#xD;&#xD;
2023-12-22 09:33:44.553+01:00 [    20] WARNING    - W&#xD;&#xD;
2023-12-22 09:33:44.553+01:00 [    20] WARNING    - W&#xD;&#xD;
2023-12-22 09:33:44.553+01:00 [    20] WARNING    - W&#xD;&#xD;
2023-12-22 09:33:44.553+01:00 [    20] WARNING    - W&#xD;&#xD;
2023-12-22 09:33:44.553+01:00 [    20] WARNING    - W&#xD;&#xD;
2023-12-22 09:33:44.553+01:00 [    20] WARNING    - W&#xD;&#xD;
2023-12-22 09:33:44.553+01:00 [    20] WARNING    - W&#xD;&#xD;
2023-12-22 09:33:44.553+01:00 [    20] WARNING    - W&#xD;&#xD;
2023-12-22 09:33:44.553+01:00 [    20] WARNING    - W&#xD;&#xD;
2023-12-22 09:33:44.553+01:00 [    20] WARNING    - W&#xD;&#xD;
2023-12-22 09:33:44.553+01:00 [    20] WARNING    - W&#xD;&#xD;
2023-12-22 09:33:44.553+01:00 [    20] WARNING    - W&#xD;&#xD;
2023-12-22 09:33:44.553+01:00 [    20] WARNING    - W&#xD;&#xD;
2023-12-22 09:33:44.553+01:00 [    20] WARNING    - W&#xD;&#xD;
2023-12-22 09:33:44.553+01:00 [    20] WARNING    - W&#xD;&#xD;
2023-12-22 09:33:44.553+01:00 [    20] WARNING    - W&#xD;&#xD;
2023-12-22 09:33:44.553+01:00 [    20] WARNING    - W&#xD;&#xD;
2023-12-22 09:33:44.553+01:00 [    20] WARNING    - W&#xD;&#xD;
2023-12-22 09:33:44.553+01:00 [    20] WARNING    - W&#xD;&#xD;
2023-12-22 09:33:44.553+01:00 [    20] WARNING    - W&#xD;&#xD;
2023-12-22 09:33:44.553+01:00 [    20] WARNING    - W&#xD;&#xD;
2023-12-22 09:33:44.553+01:00 [    20] WARNING    - W&#xD;&#xD;
2023-12-22 09:33:44.553+01:00 [    20] WARNING    - W&#xD;&#xD;
2023-12-22 09:33:44.553+01:00 [    20] WARNING    - W&#xD;&#xD;
2023-12-22 09:33:44.553+01:00 [    20] WARNING    - W&#xD;&#xD;
2023-12-22 09:33:44.553+01:00 [    20] WARNING    - W&#xD;&#xD;
2023-12-22 09:33:44.553+01:00 [    20] WARNING    - W&#xD;&#xD;
2023-12-22 09:33:44.553+01:00 [    20] WARNING    - W&#xD;&#xD;
2023-12-22 09:33:44.553+01:00 [    20] WARNING    - W&#xD;&#xD;
2023-12-22 09:33:44.553+01:00 [    20] WARNING    - W&#xD;&#xD;
2023-12-22 09:33:44.553+01:00 [    20] WARNING    - W&#xD;&#xD;
2023-12-22 09:33:44.553+01:00 [    20] WARNING    - W&#xD;&#xD;
2023-12-22 09:33:44.553+01:00 [    20] WARNING    - W&#xD;&#xD;
2023-12-22 09:33:44.553+01:00 [    20] WARNING    - W&#xD;&#xD;
2023-12-22 09:33:44.553+01:00 [    20] WARNING    - W&#xD;&#xD;
2023-12-22 09:33:44.553+01:00 [    20] WARNING    - W&#xD;&#xD;
2023-12-22 09:33:44.553+01:00 [    20] WARNING    - W&#xD;&#xD;
2023-12-22 09:33:44.553+01:00 [    20] WARNING    - W&#xD;&#xD;
2023-12-22 09:33:44.553+01:00 [    20] WARNING    - W&#xD;&#xD;
2023-12-22 09:33:44.553+01:00 [    20] WARNING    - W&#xD;&#xD;
2023-12-22 09:33:44.553+01:00 [    20] WARNING    - W&#xD;&#xD;
2023-12-22 09:33:44.553+01:00 [    20] WARNING    - W&#xD;&#xD;
2023-12-22 09:33:44.553+01:00 [    20] WARNING    - W&#xD;&#xD;
2023-12-22 09:33:44.553+01:00 [    20] WARNING    - W&#xD;&#xD;
2023-12-22 09:33:44.553+01:00 [    20] WARNING    - W&#xD;&#xD;
2023-12-22 09:33:44.553+01:00 [    20] WARNING    - W&#xD;&#xD;
2023-12-22 09:33:44.553+01:00 [    20] WARNING    - W&#xD;&#xD;
2023-12-22 09:33:44.553+01:00 [    20] WARNING    - W&#xD;&#xD;
2023-12-22 09:33:44.553+01:00 [    20] WARNING    - W&#xD;&#xD;
2023-12-22 09:33:44.553+01:00 [    20] WARNING    - W&#xD;&#xD;
2023-12-22 09:33:44.553+01:00 [    20] WARNING    - W&#xD;&#xD;
2023-12-22 09:33:44.553+01:00 [    20] WARNING    - W&#xD;&#xD;
2023-12-22 09:33:44.553+01:00 [    20] WARNING    - W&#xD;&#xD;
2023-12-22 09:33:44.553+01:00 [    20] WARNING    - W&#xD;&#xD;
2023-12-22 09:33:44.553+01:00 [    20] WARNING    - W&#xD;&#xD;
2023-12-22 09:33:44.553+01:00 [    20] WARNING    - W&#xD;&#xD;
2023-12-22 09:33:44.553+01:00 [    20] WARNING    - W&#xD;&#xD;
2023-12-22 09:33:44.553+01:00 [    20] WARNING    - W&#xD;&#xD;
2023-12-22 09:33:44.553+01:00 [    20] WARNING    - W&#xD;&#xD;
2023-12-22 09:33:44.553+01:00 [    20] WARNING    - W&#xD;&#xD;
2023-12-22 09:33:44.553+01:00 [    20] WARNING    - W&#xD;&#xD;
2023-12-22 09:33:44.553+01:00 [    20] WARNING    - W&#xD;&#xD;
2023-12-22 09:33:44.553+01:00 [    20] WARNING    - W&#xD;&#xD;
2023-12-22 09:33:44.553+01:00 [    20] WARNING    - W&#xD;&#xD;
2023-12-22 09:33:44.553+01:00 [    20] WARNING    - W&#xD;&#xD;
2023-12-22 09:33:44.553+01:00 [    20] WARNING    - W&#xD;&#xD;
2023-12-22 09:33:44.553+01:00 [    20] WARNING    - W&#xD;&#xD;
2023-12-22 09:33:44.553+01:00 [    20] WARNING    - W&#xD;&#xD;
2023-12-22 09:33:44.553+01:00 [    20] WARNING    - W&#xD;&#xD;
2023-12-22 09:33:44.553+01:00 [    20] WARNING    - W&#xD;&#xD;
2023-12-22 09:33:44.568+01:00 [    20] WARNING    - W&#xD;&#xD;
2023-12-22 09:33:44.568+01:00 [    20] WARNING    - W&#xD;&#xD;
2023-12-22 09:33:44.568+01:00 [    20] WARNING    - W&#xD;&#xD;
2023-12-22 09:33:44.568+01:00 [    20] WARNING    - W&#xD;&#xD;
2023-12-22 09:33:44.568+01:00 [    20] WARNING    - W&#xD;&#xD;
2023-12-22 09:33:44.568+01:00 [    20] WARNING    - W&#xD;&#xD;
2023-12-22 09:33:44.568+01:00 [    20] WARNING    - W&#xD;&#xD;
2023-12-22 09:33:44.568+01:00 [    20] WARNING    - W&#xD;&#xD;
2023-12-22 09:33:44.568+01:00 [    20] WARNING    - W&#xD;&#xD;
2023-12-22 09:33:44.568+01:00 [    20] WARNING    - W&#xD;&#xD;
2023-12-22 09:33:44.568+01:00 [    20] WARNING    - W&#xD;&#xD;
2023-12-22 09:33:44.568+01:00 [    20] WARNING    - W&#xD;&#xD;
2023-12-22 09:33:44.568+01:00 [    20] WARNING    - W&#xD;&#xD;
2023-12-22 09:33:44.568+01:00 [    20] WARNING    - W&#xD;&#xD;
2023-12-22 09:33:44.568+01:00 [    20] WARNING    - W&#xD;&#xD;
2023-12-22 09:33:44.568+01:00 [    20] WARNING    - W&#xD;&#xD;
2023-12-22 09:33:44.568+01:00 [    20] WARNING    - W&#xD;&#xD;
2023-12-22 09:33:44.568+01:00 [    20] WARNING    - W&#xD;&#xD;
2023-12-22 09:33:44.568+01:00 [    20] WARNING    - W&#xD;&#xD;
2023-12-22 09:33:44.568+01:00 [    20] WARNING    - W&#xD;&#xD;
2023-12-22 09:33:44.568+01:00 [    20] WARNING    - W&#xD;&#xD;
2023-12-22 09:33:44.568+01:00 [    20] WARNING    - W&#xD;&#xD;
2023-12-22 09:33:44.568+01:00 [    20] WARNING    - W&#xD;&#xD;
2023-12-22 09:33:44.568+01:00 [    20] WARNING    - W&#xD;&#xD;
2023-12-22 09:33:44.568+01:00 [    20] WARNING    - W&#xD;&#xD;
2023-12-22 09:33:44.568+01:00 [    20] WARNING    - W&#xD;&#xD;
2023-12-22 09:33:44.568+01:00 [    20] WARNING    - W&#xD;&#xD;
2023-12-22 09:33:44.568+01:00 [    20] WARNING    - W&#xD;&#xD;
2023-12-22 09:33:44.568+01:00 [    20] WARNING    - W&#xD;&#xD;
2023-12-22 09:33:44.568+01:00 [    20] WARNING    - W&#xD;&#xD;
2023-12-22 09:33:44.568+01:00 [    20] WARNING    - W&#xD;&#xD;
2023-12-22 09:33:44.568+01:00 [    20] WARNING    - W&#xD;&#xD;
2023-12-22 09:33:44.568+01:00 [    20] WARNING    - W&#xD;&#xD;
2023-12-22 09:33:44.568+01:00 [    20] WARNING    - W&#xD;&#xD;
2023-12-22 09:33:44.568+01:00 [    20] WARNING    - W&#xD;&#xD;
2023-12-22 09:33:44.568+01:00 [    20] WARNING    - W&#xD;&#xD;
2023-12-22 09:33:44.568+01:00 [    20] WARNING    - W&#xD;&#xD;
2023-12-22 09:33:44.568+01:00 [    20] WARNING    - W&#xD;&#xD;
2023-12-22 09:33:44.568+01:00 [    20] WARNING    - W&#xD;&#xD;
2023-12-22 09:33:44.568+01:00 [    20] WARNING    - W&#xD;&#xD;
2023-12-22 09:33:44.568+01:00 [    20] WARNING    - W&#xD;&#xD;
2023-12-22 09:33:44.568+01:00 [    20] WARNING    - W&#xD;&#xD;
2023-12-22 09:33:44.568+01:00 [    20] WARNING    - W&#xD;&#xD;
2023-12-22 09:33:44.568+01:00 [    20] WARNING    - W&#xD;&#xD;
2023-12-22 09:33:44.568+01:00 [    20] WARNING    - W&#xD;&#xD;
2023-12-22 09:33:44.568+01:00 [    20] WARNING    - W&#xD;&#xD;
2023-12-22 09:33:44.568+01:00 [    20] WARNING    - W&#xD;&#xD;
2023-12-22 09:33:44.568+01:00 [    20] WARNING    - W&#xD;&#xD;
2023-12-22 09:33:44.568+01:00 [    20] WARNING    - W&#xD;&#xD;
2023-12-22 09:33:44.568+01:00 [    20] WARNING    - W&#xD;&#xD;
2023-12-22 09:33:44.568+01:00 [    20] WARNING    - W&#xD;&#xD;
2023-12-22 09:33:44.568+01:00 [    20] WARNING    - W&#xD;&#xD;
2023-12-22 09:33:44.568+01:00 [    20] WARNING    - W&#xD;&#xD;
2023-12-22 09:33:44.568+01:00 [    20] WARNING    - W&#xD;&#xD;
2023-12-22 09:33:44.568+01:00 [    20] WARNING    - W&#xD;&#xD;
2023-12-22 09:33:44.568+01:00 [    20] WARNING    - W&#xD;&#xD;
2023-12-22 09:33:44.568+01:00 [    20] WARNING    - W&#xD;&#xD;
2023-12-22 09:33:44.568+01:00 [    20] WARNING    - W&#xD;&#xD;
2023-12-22 09:33:44.568+01:00 [    20] WARNING    - W&#xD;&#xD;
2023-12-22 09:33:44.568+01:00 [    20] WARNING    - W&#xD;&#xD;
2023-12-22 09:33:44.568+01:00 [    20] WARNING    - W&#xD;&#xD;
2023-12-22 09:33:44.568+01:00 [    20] WARNING    - W&#xD;&#xD;
2023-12-22 09:33:44.568+01:00 [    20] WARNING    - W&#xD;&#xD;
2023-12-22 09:33:44.568+01:00 [    20] WARNING    - W&#xD;&#xD;
2023-12-22 09:33:44.568+01:00 [    20] WARNING    - W&#xD;&#xD;
2023-12-22 09:33:44.568+01:00 [    20] WARNING    - W&#xD;&#xD;
2023-12-22 09:33:44.568+01:00 [    20] WARNING    - W&#xD;&#xD;
2023-12-22 09:33:44.568+01:00 [    20] WARNING    - W&#xD;&#xD;
2023-12-22 09:33:44.568+01:00 [    20] WARNING    - W&#xD;&#xD;
2023-12-22 09:33:44.568+01:00 [    20] WARNING    - W&#xD;&#xD;
2023-12-22 09:33:44.568+01:00 [    20] WARNING    - W&#xD;&#xD;
2023-12-22 09:33:44.568+01:00 [    20] WARNING    - W&#xD;&#xD;
2023-12-22 09:33:44.568+01:00 [    20] WARNING    - W&#xD;&#xD;
2023-12-22 09:33:44.568+01:00 [    20] WARNING    - W&#xD;&#xD;
2023-12-22 09:33:44.568+01:00 [    20] WARNING    - W&#xD;&#xD;
2023-12-22 09:33:44.568+01:00 [    20] WARNING    - W&#xD;&#xD;
2023-12-22 09:33:44.568+01:00 [    20] WARNING    - W&#xD;&#xD;
2023-12-22 09:33:44.568+01:00 [    20] WARNING    - W&#xD;&#xD;
2023-12-22 09:33:44.568+01:00 [    20] WARNING    - W&#xD;&#xD;
2023-12-22 09:33:44.568+01:00 [    20] WARNING    - W&#xD;&#xD;
2023-12-22 09:33:44.568+01:00 [    20] WARNING    - W&#xD;&#xD;
2023-12-22 09:33:44.568+01:00 [    20] WARNING    - W&#xD;&#xD;
2023-12-22 09:33:44.568+01:00 [    20] WARNING    - W&#xD;&#xD;
2023-12-22 09:33:44.568+01:00 [    20] WARNING    - W&#xD;&#xD;
2023-12-22 09:33:44.568+01:00 [    20] WARNING    - W&#xD;&#xD;
2023-12-22 09:33:44.568+01:00 [    20] WARNING    - W&#xD;&#xD;
2023-12-22 09:33:44.568+01:00 [    20] WARNING    - W&#xD;&#xD;
2023-12-22 09:33:44.568+01:00 [    20] WARNING    - W&#xD;&#xD;
2023-12-22 09:33:44.568+01:00 [    20] WARNING    - W&#xD;&#xD;
2023-12-22 09:33:44.568+01:00 [    20] WARNING    - W&#xD;&#xD;
2023-12-22 09:33:44.568+01:00 [    20] WARNING    - W&#xD;&#xD;
2023-12-22 09:33:44.568+01:00 [    20] WARNING    - W&#xD;&#xD;
2023-12-22 09:33:44.568+01:00 [    20] WARNING    - W&#xD;&#xD;
2023-12-22 09:33:44.568+01:00 [    20] WARNING    - W&#xD;&#xD;
2023-12-22 09:33:44.568+01:00 [    20] WARNING    - W&#xD;&#xD;
2023-12-22 09:33:44.568+01:00 [    20] WARNING    - W&#xD;&#xD;
2023-12-22 09:33:44.568+01:00 [    20] WARNING    - W&#xD;&#xD;
2023-12-22 09:33:44.568+01:00 [    20] WARNING    - W&#xD;&#xD;
2023-12-22 09:33:44.568+01:00 [    20] WARNING    - W&#xD;&#xD;
2023-12-22 09:33:44.568+01:00 [    20] WARNING    - W&#xD;&#xD;
2023-12-22 09:33:44.568+01:00 [    20] WARNING    - W&#xD;&#xD;
2023-12-22 09:33:44.568+01:00 [    20] WARNING    - W&#xD;&#xD;
2023-12-22 09:33:44.568+01:00 [    20] WARNING    - W&#xD;&#xD;
2023-12-22 09:33:44.568+01:00 [    20] WARNING    - W&#xD;&#xD;
2023-12-22 09:33:44.568+01:00 [    20] WARNING    - W&#xD;&#xD;
2023-12-22 09:33:44.568+01:00 [    20] WARNING    - W&#xD;&#xD;
2023-12-22 09:33:44.568+01:00 [    20] WARNING    - W&#xD;&#xD;
2023-12-22 09:33:44.568+01:00 [    20] WARNING    - W&#xD;&#xD;
2023-12-22 09:33:44.568+01:00 [    20] WARNING    - W&#xD;&#xD;
2023-12-22 09:33:44.568+01:00 [    20] WARNING    - W&#xD;&#xD;
2023-12-22 09:33:44.568+01:00 [    20] WARNING    - W&#xD;&#xD;
2023-12-22 09:33:44.568+01:00 [    20] WARNING    - W&#xD;&#xD;
2023-12-22 09:33:44.568+01:00 [    20] WARNING    - W&#xD;&#xD;
2023-12-22 09:33:44.568+01:00 [    20] WARNING    - W&#xD;&#xD;
2023-12-22 09:33:44.568+01:00 [    20] WARNING    - W&#xD;&#xD;
2023-12-22 09:33:44.568+01:00 [    20] WARNING    - W&#xD;&#xD;
2023-12-22 09:33:44.568+01:00 [    20] WARNING    - W&#xD;&#xD;
2023-12-22 09:33:44.568+01:00 [    20] WARNING    - W&#xD;&#xD;
2023-12-22 09:33:44.568+01:00 [    20] WARNING    - W&#xD;&#xD;
2023-12-22 09:33:44.568+01:00 [    20] WARNING    - W&#xD;&#xD;
2023-12-22 09:33:44.568+01:00 [    20] WARNING    - W&#xD;&#xD;
2023-12-22 09:33:44.568+01:00 [    20] WARNING    - W&#xD;&#xD;
2023-12-22 09:33:44.568+01:00 [    20] WARNING    - W&#xD;&#xD;
2023-12-22 09:33:44.568+01:00 [    20] WARNING    - W&#xD;&#xD;
2023-12-22 09:33:44.568+01:00 [    20] WARNING    - W&#xD;&#xD;
2023-12-22 09:33:44.568+01:00 [    20] WARNING    - W&#xD;&#xD;
2023-12-22 09:33:44.568+01:00 [    20] WARNING    - W&#xD;&#xD;
2023-12-22 09:33:44.568+01:00 [    20] WARNING    - W&#xD;&#xD;
2023-12-22 09:33:44.568+01:00 [    20] WARNING    - W&#xD;&#xD;
2023-12-22 09:33:44.568+01:00 [    20] WARNING    - W&#xD;&#xD;
2023-12-22 09:33:44.568+01:00 [    20] WARNING    - W&#xD;&#xD;
2023-12-22 09:33:44.568+01:00 [    20] WARNING    - W&#xD;&#xD;
2023-12-22 09:33:44.568+01:00 [    20] WARNING    - W&#xD;&#xD;
2023-12-22 09:33:44.568+01:00 [    20] WARNING    - W&#xD;&#xD;
2023-12-22 09:33:44.568+01:00 [    20] WARNING    - W&#xD;&#xD;
2023-12-22 09:33:44.568+01:00 [    20] WARNING    - W&#xD;&#xD;
2023-12-22 09:33:44.568+01:00 [    20] WARNING    - W&#xD;&#xD;
2023-12-22 09:33:44.568+01:00 [    20] WARNING    - W&#xD;&#xD;
2023-12-22 09:33:44.568+01:00 [    20] WARNING    - W&#xD;&#xD;
2023-12-22 09:33:44.568+01:00 [    20] WARNING    - W&#xD;&#xD;
2023-12-22 09:33:44.568+01:00 [    20] WARNING    - W&#xD;&#xD;
2023-12-22 09:33:44.568+01:00 [    20] WARNING    - W&#xD;&#xD;
2023-12-22 09:33:44.568+01:00 [    20] WARNING    - W&#xD;&#xD;
2023-12-22 09:33:44.568+01:00 [    20] WARNING    - W&#xD;&#xD;
2023-12-22 09:33:44.568+01:00 [    20] WARNING    - W&#xD;&#xD;
2023-12-22 09:33:44.568+01:00 [    20] WARNING    - W&#xD;&#xD;
2023-12-22 09:33:44.568+01:00 [    20] WARNING    - W&#xD;&#xD;
2023-12-22 09:33:44.568+01:00 [    20] WARNING    - W&#xD;&#xD;
2023-12-22 09:33:44.568+01:00 [    20] WARNING    - W&#xD;&#xD;
2023-12-22 09:33:44.568+01:00 [    20] WARNING    - W&#xD;&#xD;
2023-12-22 09:33:44.568+01:00 [    20] WARNING    - W&#xD;&#xD;
2023-12-22 09:33:44.568+01:00 [    20] WARNING    - W&#xD;&#xD;
2023-12-22 09:33:44.568+01:00 [    20] WARNING    - W&#xD;&#xD;
2023-12-22 09:33:44.568+01:00 [    20] WARNING    - W&#xD;&#xD;
2023-12-22 09:33:44.568+01:00 [    20] WARNING    - W&#xD;&#xD;
2023-12-22 09:33:44.568+01:00 [    20] WARNING    - W&#xD;&#xD;
2023-12-22 09:33:44.568+01:00 [    20] WARNING    - W&#xD;&#xD;
2023-12-22 09:33:44.568+01:00 [    20] WARNING    - W&#xD;&#xD;
2023-12-22 09:33:44.568+01:00 [    20] WARNING    - W&#xD;&#xD;
2023-12-22 09:33:44.568+01:00 [    20] WARNING    - W&#xD;&#xD;
2023-12-22 09:33:44.568+01:00 [    20] WARNING    - W&#xD;&#xD;
2023-12-22 09:33:44.568+01:00 [    20] WARNING    - W&#xD;&#xD;
2023-12-22 09:33:44.568+01:00 [    20] WARNING    - W&#xD;&#xD;
2023-12-22 09:33:44.568+01:00 [    20] WARNING    - W&#xD;&#xD;
2023-12-22 09:33:44.568+01:00 [    20] WARNING    - W&#xD;&#xD;
2023-12-22 09:33:44.568+01:00 [    20] WARNING    - W&#xD;&#xD;
2023-12-22 09:33:44.568+01:00 [    20] WARNING    - W&#xD;&#xD;
2023-12-22 09:33:44.568+01:00 [    20] WARNING    - W&#xD;&#xD;
2023-12-22 09:33:44.568+01:00 [    20] WARNING    - W&#xD;&#xD;
2023-12-22 09:33:44.568+01:00 [    20] WARNING    - W&#xD;&#xD;
2023-12-22 09:33:44.568+01:00 [    20] WARNING    - W&#xD;&#xD;
2023-12-22 09:33:44.568+01:00 [    20] WARNING    - W&#xD;&#xD;
2023-12-22 09:33:44.568+01:00 [    20] WARNING    - W&#xD;&#xD;
2023-12-22 09:33:44.568+01:00 [    20] WARNING    - W&#xD;&#xD;
2023-12-22 09:33:44.568+01:00 [    20] WARNING    - W&#xD;&#xD;
2023-12-22 09:33:44.568+01:00 [    20] WARNING    - W&#xD;&#xD;
2023-12-22 09:33:44.568+01:00 [    20] WARNING    - W&#xD;&#xD;
2023-12-22 09:33:44.568+01:00 [    20] WARNING    - W&#xD;&#xD;
2023-12-22 09:33:44.568+01:00 [    20] WARNING    - W&#xD;&#xD;
2023-12-22 09:33:44.568+01:00 [    20] WARNING    - W&#xD;&#xD;
2023-12-22 09:33:44.568+01:00 [    20] WARNING    - W&#xD;&#xD;
2023-12-22 09:33:44.568+01:00 [    20] WARNING    - W&#xD;&#xD;
2023-12-22 09:33:44.568+01:00 [    20] WARNING    - W&#xD;&#xD;
2023-12-22 09:33:44.568+01:00 [    20] WARNING    - W&#xD;&#xD;
2023-12-22 09:33:44.568+01:00 [    20] WARNING    - W&#xD;&#xD;
2023-12-22 09:33:44.568+01:00 [    20] WARNING    - W&#xD;&#xD;
2023-12-22 09:33:44.568+01:00 [    20] WARNING    - W&#xD;&#xD;
2023-12-22 09:33:44.568+01:00 [    20] WARNING    - W&#xD;&#xD;
2023-12-22 09:33:44.568+01:00 [    20] WARNING    - W&#xD;&#xD;
2023-12-22 09:33:44.568+01:00 [    20] WARNING    - W&#xD;&#xD;
2023-12-22 09:33:44.568+01:00 [    20] WARNING    - W&#xD;&#xD;
2023-12-22 09:33:44.568+01:00 [    20] WARNING    - W&#xD;&#xD;
2023-12-22 09:33:44.568+01:00 [    20] WARNING    - W&#xD;&#xD;
2023-12-22 09:33:44.568+01:00 [    20] WARNING    - W&#xD;&#xD;
2023-12-22 09:33:44.568+01:00 [    20] WARNING    - W&#xD;&#xD;
2023-12-22 09:33:44.568+01:00 [    20] WARNING    - W&#xD;&#xD;
2023-12-22 09:33:44.568+01:00 [    20] WARNING    - W&#xD;&#xD;
2023-12-22 09:33:44.568+01:00 [    20] WARNING    - W&#xD;&#xD;
2023-12-22 09:33:44.568+01:00 [    20] WARNING    - W&#xD;&#xD;
2023-12-22 09:33:44.568+01:00 [    20] WARNING    - W&#xD;&#xD;
2023-12-22 09:33:44.568+01:00 [    20] WARNING    - W&#xD;&#xD;
2023-12-22 09:33:44.568+01:00 [    20] WARNING    - W&#xD;&#xD;
2023-12-22 09:33:44.568+01:00 [    20] WARNING    - W&#xD;&#xD;
2023-12-22 09:33:44.568+01:00 [    20] WARNING    - W&#xD;&#xD;
2023-12-22 09:33:44.568+01:00 [    20] WARNING    - W&#xD;&#xD;
2023-12-22 09:33:44.568+01:00 [    20] WARNING    - W&#xD;&#xD;
2023-12-22 09:33:44.568+01:00 [    20] WARNING    - W&#xD;&#xD;
2023-12-22 09:33:44.568+01:00 [    20] WARNING    - W&#xD;&#xD;
2023-12-22 09:33:44.568+01:00 [    20] WARNING    - W&#xD;&#xD;
2023-12-22 09:33:44.568+01:00 [    20] WARNING    - W&#xD;&#xD;
2023-12-22 09:33:44.568+01:00 [    20] WARNING    - W&#xD;&#xD;
2023-12-22 09:33:44.568+01:00 [    20] WARNING    - W&#xD;&#xD;
2023-12-22 09:33:44.568+01:00 [    20] WARNING    - W&#xD;&#xD;
2023-12-22 09:33:44.568+01:00 [    20] WARNING    - W&#xD;&#xD;
2023-12-22 09:33:44.568+01:00 [    20] WARNING    - W&#xD;&#xD;
2023-12-22 09:33:44.568+01:00 [    20] WARNING    - W&#xD;&#xD;
2023-12-22 09:33:44.568+01:00 [    20] WARNING    - W&#xD;&#xD;
2023-12-22 09:33:44.568+01:00 [    20] WARNING    - W&#xD;&#xD;
2023-12-22 09:33:44.568+01:00 [    20] WARNING    - W&#xD;&#xD;
2023-12-22 09:33:44.568+01:00 [    20] WARNING    - W&#xD;&#xD;
2023-12-22 09:33:44.568+01:00 [    20] WARNING    - W&#xD;&#xD;
2023-12-22 09:33:44.568+01:00 [    20] WARNING    - W&#xD;&#xD;
2023-12-22 09:33:44.568+01:00 [    20] WARNING    - W&#xD;&#xD;
2023-12-22 09:33:44.568+01:00 [    20] WARNING    - W&#xD;&#xD;
2023-12-22 09:33:44.568+01:00 [    20] WARNING    - W&#xD;&#xD;
2023-12-22 09:33:44.568+01:00 [    20] WARNING    - W&#xD;&#xD;
2023-12-22 09:33:44.568+01:00 [    20] WARNING    - W&#xD;&#xD;
2023-12-22 09:33:44.568+01:00 [    20] WARNING    - W&#xD;&#xD;
2023-12-22 09:33:44.568+01:00 [    20] WARNING    - W&#xD;&#xD;
2023-12-22 09:33:44.568+01:00 [    20] WARNING    - W&#xD;&#xD;
2023-12-22 09:33:44.568+01:00 [    20] WARNING    - W&#xD;&#xD;
2023-12-22 09:33:44.568+01:00 [    20] WARNING    - W&#xD;&#xD;
2023-12-22 09:33:44.568+01:00 [    20] WARNING    - W&#xD;&#xD;
2023-12-22 09:33:44.568+01:00 [    20] WARNING    - W&#xD;&#xD;
2023-12-22 09:33:44.568+01:00 [    20] WARNING    - W&#xD;&#xD;
2023-12-22 09:33:44.568+01:00 [    20] WARNING    - W&#xD;&#xD;
2023-12-22 09:33:44.568+01:00 [    20] WARNING    - W&#xD;&#xD;
2023-12-22 09:33:44.568+01:00 [    20] WARNING    - W&#xD;&#xD;
2023-12-22 09:33:44.568+01:00 [    20] WARNING    - W&#xD;&#xD;
2023-12-22 09:33:44.568+01:00 [    20] WARNING    - W&#xD;&#xD;
2023-12-22 09:33:44.568+01:00 [    20] WARNING    - W&#xD;&#xD;
2023-12-22 09:33:44.568+01:00 [    20] WARNING    - W&#xD;&#xD;
2023-12-22 09:33:44.568+01:00 [    20] WARNING    - W&#xD;&#xD;
2023-12-22 09:33:44.568+01:00 [    20] WARNING    - W&#xD;&#xD;
2023-12-22 09:33:44.568+01:00 [    20] WARNING    - W&#xD;&#xD;
2023-12-22 09:33:44.568+01:00 [    20] WARNING    - W&#xD;&#xD;
2023-12-22 09:33:44.568+01:00 [    20] WARNING    - W&#xD;&#xD;
2023-12-22 09:33:44.568+01:00 [    20] WARNING    - W&#xD;&#xD;
2023-12-22 09:33:44.568+01:00 [    20] WARNING    - W&#xD;&#xD;
2023-12-22 09:33:44.568+01:00 [    20] WARNING    - W&#xD;&#xD;
2023-12-22 09:33:44.568+01:00 [    20] WARNING    - W&#xD;&#xD;
2023-12-22 09:33:44.568+01:00 [    20] WARNING    - W&#xD;&#xD;
2023-12-22 09:33:44.568+01:00 [    20] WARNING    - W&#xD;&#xD;
2023-12-22 09:33:44.568+01:00 [    20] WARNING    - W&#xD;&#xD;
2023-12-22 09:33:44.568+01:00 [    20] WARNING    - W&#xD;&#xD;
2023-12-22 09:33:44.568+01:00 [    20] WARNING    - W&#xD;&#xD;
2023-12-22 09:33:44.568+01:00 [    20] WARNING    - W&#xD;&#xD;
2023-12-22 09:33:44.568+01:00 [    20] WARNING    - W&#xD;&#xD;
2023-12-22 09:33:44.568+01:00 [    20] WARNING    - W&#xD;&#xD;
2023-12-22 09:33:44.568+01:00 [    20] WARNING    - W&#xD;&#xD;
2023-12-22 09:33:44.568+01:00 [    20] WARNING    - W&#xD;&#xD;
2023-12-22 09:33:44.568+01:00 [    20] WARNING    - W&#xD;&#xD;
2023-12-22 09:33:44.568+01:00 [    20] WARNING    - W&#xD;&#xD;
2023-12-22 09:33:44.568+01:00 [    20] WARNING    - W&#xD;&#xD;
2023-12-22 09:33:44.568+01:00 [    20] WARNING    - W&#xD;&#xD;
2023-12-22 09:33:44.568+01:00 [    20] WARNING    - W&#xD;&#xD;
2023-12-22 09:33:44.568+01:00 [    20] WARNING    - W&#xD;&#xD;
2023-12-22 09:33:44.568+01:00 [    20] WARNING    - W&#xD;&#xD;
2023-12-22 09:33:44.568+01:00 [    20] WARNING    - W&#xD;&#xD;
2023-12-22 09:33:44.568+01:00 [    20] WARNING    - W&#xD;&#xD;
2023-12-22 09:33:44.568+01:00 [    20] WARNING    - W&#xD;&#xD;
2023-12-22 09:33:44.568+01:00 [    20] WARNING    - W&#xD;&#xD;
2023-12-22 09:33:44.568+01:00 [    20] WARNING    - W&#xD;&#xD;
2023-12-22 09:33:44.568+01:00 [    20] WARNING    - W&#xD;&#xD;
2023-12-22 09:33:44.568+01:00 [    20] WARNING    - W&#xD;&#xD;
2023-12-22 09:33:44.568+01:00 [    20] WARNING    - W&#xD;&#xD;
2023-12-22 09:33:44.568+01:00 [    20] WARNING    - W&#xD;&#xD;
2023-12-22 09:33:44.568+01:00 [    20] WARNING    - W&#xD;&#xD;
2023-12-22 09:33:44.568+01:00 [    20] WARNING    - W&#xD;&#xD;
2023-12-22 09:33:44.568+01:00 [    20] WARNING    - W&#xD;&#xD;
2023-12-22 09:33:44.568+01:00 [    20] WARNING    - W&#xD;&#xD;
2023-12-22 09:33:44.568+01:00 [    20] WARNING    - W&#xD;&#xD;
2023-12-22 09:33:44.568+01:00 [    20] WARNING    - W&#xD;&#xD;
2023-12-22 09:33:44.568+01:00 [    20] WARNING    - W&#xD;&#xD;
2023-12-22 09:33:44.568+01:00 [    20] WARNING    - W&#xD;&#xD;
2023-12-22 09:33:44.568+01:00 [    20] WARNING    - W&#xD;&#xD;
2023-12-22 09:33:44.568+01:00 [    20] WARNING    - W&#xD;&#xD;
2023-12-22 09:33:44.568+01:00 [    20] WARNING    - W&#xD;&#xD;
2023-12-22 09:33:44.568+01:00 [    20] WARNING    - W&#xD;&#xD;
2023-12-22 09:33:44.568+01:00 [    20] WARNING    - W&#xD;&#xD;
2023-12-22 09:33:44.568+01:00 [    20] WARNING    - W&#xD;&#xD;
2023-12-22 09:33:44.568+01:00 [    20] WARNING    - W&#xD;&#xD;
2023-12-22 09:33:44.568+01:00 [    20] WARNING    - W&#xD;&#xD;
2023-12-22 09:33:44.568+01:00 [    20] WARNING    - W&#xD;&#xD;
2023-12-22 09:33:44.568+01:00 [    20] WARNING    - W&#xD;&#xD;
2023-12-22 09:33:44.568+01:00 [    20] WARNING    - W&#xD;&#xD;
2023-12-22 09:33:44.568+01:00 [    20] WARNING    - W&#xD;&#xD;
2023-12-22 09:33:44.568+01:00 [    20] WARNING    - W&#xD;&#xD;
2023-12-22 09:33:44.568+01:00 [    20] WARNING    - W&#xD;&#xD;
2023-12-22 09:33:44.568+01:00 [    20] WARNING    - W&#xD;&#xD;
2023-12-22 09:33:44.568+01:00 [    20] WARNING    - W&#xD;&#xD;
2023-12-22 09:33:44.568+01:00 [    20] WARNING    - W&#xD;&#xD;
2023-12-22 09:33:44.568+01:00 [    20] WARNING    - W&#xD;&#xD;
2023-12-22 09:33:44.568+01:00 [    20] WARNING    - W&#xD;&#xD;
2023-12-22 09:33:44.568+01:00 [    20] WARNING    - W&#xD;&#xD;
2023-12-22 09:33:44.568+01:00 [    20] WARNING    - W&#xD;&#xD;
2023-12-22 09:33:44.568+01:00 [    20] WARNING    - W&#xD;&#xD;
2023-12-22 09:33:44.568+01:00 [    20] WARNING    - W&#xD;&#xD;
2023-12-22 09:33:44.568+01:00 [    20] WARNING    - W&#xD;&#xD;
2023-12-22 09:33:44.568+01:00 [    20] WARNING    - W&#xD;&#xD;
2023-12-22 09:33:44.568+01:00 [    20] WARNING    - W&#xD;&#xD;
2023-12-22 09:33:44.568+01:00 [    20] WARNING    - W&#xD;&#xD;
2023-12-22 09:33:44.568+01:00 [    20] WARNING    - W&#xD;&#xD;
2023-12-22 09:33:44.568+01:00 [    20] WARNING    - W&#xD;&#xD;
2023-12-22 09:33:44.568+01:00 [    20] WARNING    - W&#xD;&#xD;
2023-12-22 09:33:44.568+01:00 [    20] WARNING    - W&#xD;&#xD;
2023-12-22 09:33:44.568+01:00 [    20] WARNING    - W&#xD;&#xD;
2023-12-22 09:33:44.568+01:00 [    20] WARNING    - W&#xD;&#xD;
2023-12-22 09:33:44.568+01:00 [    20] WARNING    - W&#xD;&#xD;
2023-12-22 09:33:44.568+01:00 [    20] WARNING    - W&#xD;&#xD;
2023-12-22 09:33:44.568+01:00 [    20] WARNING    - W&#xD;&#xD;
2023-12-22 09:33:44.568+01:00 [    20] WARNING    - W&#xD;&#xD;
2023-12-22 09:33:44.568+01:00 [    20] WARNING    - W&#xD;&#xD;
2023-12-22 09:33:44.568+01:00 [    20] WARNING    - W&#xD;&#xD;
2023-12-22 09:33:44.568+01:00 [    20] WARNING    - W&#xD;&#xD;
2023-12-22 09:33:44.568+01:00 [    20] WARNING    - W&#xD;&#xD;
2023-12-22 09:33:44.568+01:00 [    20] WARNING    - W&#xD;&#xD;
2023-12-22 09:33:44.568+01:00 [    20] WARNING    - W&#xD;&#xD;
2023-12-22 09:33:44.568+01:00 [    20] WARNING    - W&#xD;&#xD;
2023-12-22 09:33:44.568+01:00 [    20] WARNING    - W&#xD;&#xD;
2023-12-22 09:33:44.568+01:00 [    20] WARNING    - W&#xD;&#xD;
2023-12-22 09:33:44.568+01:00 [    20] WARNING    - W&#xD;&#xD;
2023-12-22 09:33:44.568+01:00 [    20] WARNING    - W&#xD;&#xD;
2023-12-22 09:33:44.568+01:00 [    20] WARNING    - W&#xD;&#xD;
2023-12-22 09:33:44.568+01:00 [    20] WARNING    - W&#xD;&#xD;
2023-12-22 09:33:44.568+01:00 [    20] WARNING    - W&#xD;&#xD;
2023-12-22 09:33:44.568+01:00 [    20] WARNING    - W&#xD;&#xD;
2023-12-22 09:33:44.568+01:00 [    20] WARNING    - W&#xD;&#xD;
2023-12-22 09:33:44.568+01:00 [    20] WARNING    - W&#xD;&#xD;
2023-12-22 09:33:44.568+01:00 [    20] WARNING    - W&#xD;&#xD;
2023-12-22 09:33:44.568+01:00 [    20] WARNING    - W&#xD;&#xD;
2023-12-22 09:33:44.568+01:00 [    20] WARNING    - W&#xD;&#xD;
2023-12-22 09:33:44.568+01:00 [    20] WARNING    - W&#xD;&#xD;
2023-12-22 09:33:44.568+01:00 [    20] WARNING    - W&#xD;&#xD;
2023-12-22 09:33:44.568+01:00 [    20] WARNING    - W&#xD;&#xD;
2023-12-22 09:33:44.568+01:00 [    20] WARNING    - W&#xD;&#xD;
2023-12-22 09:33:44.568+01:00 [    20] WARNING    - W&#xD;&#xD;
2023-12-22 09:33:44.568+01:00 [    20] WARNING    - W&#xD;&#xD;
2023-12-22 09:33:44.568+01:00 [    20] WARNING    - W&#xD;&#xD;
2023-12-22 09:33:44.568+01:00 [    20] WARNING    - W&#xD;&#xD;
2023-12-22 09:33:44.568+01:00 [    20] WARNING    - W&#xD;&#xD;
2023-12-22 09:33:44.568+01:00 [    20] WARNING    - W&#xD;&#xD;
2023-12-22 09:33:44.568+01:00 [    20] WARNING    - W&#xD;&#xD;
2023-12-22 09:33:44.568+01:00 [    20] WARNING    - W&#xD;&#xD;
2023-12-22 09:33:44.568+01:00 [    20] WARNING    - W&#xD;&#xD;
2023-12-22 09:33:44.568+01:00 [    20] WARNING    - W&#xD;&#xD;
2023-12-22 09:33:44.568+01:00 [    20] WARNING    - W&#xD;&#xD;
2023-12-22 09:33:44.568+01:00 [    20] WARNING    - W&#xD;&#xD;
2023-12-22 09:33:44.568+01:00 [    20] WARNING    - W&#xD;&#xD;
2023-12-22 09:33:44.568+01:00 [    20] WARNING    - W&#xD;&#xD;
2023-12-22 09:33:44.568+01:00 [    20] WARNING    - W&#xD;&#xD;
2023-12-22 09:33:44.568+01:00 [    20] WARNING    - W&#xD;&#xD;
2023-12-22 09:33:44.568+01:00 [    20] WARNING    - W&#xD;&#xD;
2023-12-22 09:33:44.568+01:00 [    20] WARNING    - W&#xD;&#xD;
2023-12-22 09:33:44.568+01:00 [    20] WARNING    - W&#xD;&#xD;
2023-12-22 09:33:44.568+01:00 [    20] WARNING    - W&#xD;&#xD;
2023-12-22 09:33:44.568+01:00 [    20] WARNING    - W&#xD;&#xD;
2023-12-22 09:33:44.568+01:00 [    20] WARNING    - W&#xD;&#xD;
2023-12-22 09:33:44.568+01:00 [    20] WARNING    - W&#xD;&#xD;
2023-12-22 09:33:44.568+01:00 [    20] WARNING    - W&#xD;&#xD;
2023-12-22 09:33:44.568+01:00 [    20] WARNING    - W&#xD;&#xD;
2023-12-22 09:33:44.568+01:00 [    20] WARNING    - W&#xD;&#xD;
2023-12-22 09:33:44.568+01:00 [    20] WARNING    - W&#xD;&#xD;
2023-12-22 09:33:44.568+01:00 [    20] WARNING    - W&#xD;&#xD;
2023-12-22 09:33:44.568+01:00 [    20] WARNING    - W&#xD;&#xD;
2023-12-22 09:33:44.568+01:00 [    20] WARNING    - W&#xD;&#xD;
2023-12-22 09:33:44.568+01:00 [    20] WARNING    - W&#xD;&#xD;
2023-12-22 09:33:44.568+01:00 [    20] WARNING    - W&#xD;&#xD;
2023-12-22 09:33:44.568+01:00 [    20] WARNING    - W&#xD;&#xD;
2023-12-22 09:33:44.568+01:00 [    20] WARNING    - W&#xD;&#xD;
2023-12-22 09:33:44.568+01:00 [    20] WARNING    - W&#xD;&#xD;
2023-12-22 09:33:44.568+01:00 [    20] WARNING    - W&#xD;&#xD;
2023-12-22 09:33:44.568+01:00 [    20] WARNING    - W&#xD;&#xD;
2023-12-22 09:33:44.568+01:00 [    20] WARNING    - W&#xD;&#xD;
2023-12-22 09:33:44.568+01:00 [    20] WARNING    - W&#xD;&#xD;
2023-12-22 09:33:44.568+01:00 [    20] WARNING    - W&#xD;&#xD;
2023-12-22 09:33:44.568+01:00 [    20] WARNING    - W&#xD;&#xD;
2023-12-22 09:33:44.568+01:00 [    20] WARNING    - W&#xD;&#xD;
2023-12-22 09:33:44.568+01:00 [    20] WARNING    - W&#xD;&#xD;
2023-12-22 09:33:44.568+01:00 [    20] WARNING    - W&#xD;&#xD;
2023-12-22 09:33:44.568+01:00 [    20] WARNING    - W&#xD;&#xD;
2023-12-22 09:33:44.568+01:00 [    20] WARNING    - W&#xD;&#xD;
2023-12-22 09:33:44.568+01:00 [    20] WARNING    - W&#xD;&#xD;
2023-12-22 09:33:44.568+01:00 [    20] WARNING    - W&#xD;&#xD;
2023-12-22 09:33:44.568+01:00 [    20] WARNING    - W&#xD;&#xD;
2023-12-22 09:33:44.568+01:00 [    20] WARNING    - W&#xD;&#xD;
2023-12-22 09:33:44.568+01:00 [    20] WARNING    - W&#xD;&#xD;
2023-12-22 09:33:44.568+01:00 [    20] WARNING    - W&#xD;&#xD;
2023-12-22 09:33:44.568+01:00 [    20] WARNING    - W&#xD;&#xD;
2023-12-22 09:33:44.568+01:00 [    20] WARNING    - W&#xD;&#xD;
2023-12-22 09:33:44.568+01:00 [    20] WARNING    - W&#xD;&#xD;
2023-12-22 09:33:44.568+01:00 [    20] WARNING    - W&#xD;&#xD;
2023-12-22 09:33:44.568+01:00 [    20] WARNING    - W&#xD;&#xD;
2023-12-22 09:33:44.568+01:00 [    20] WARNING    - W&#xD;&#xD;
2023-12-22 09:33:44.568+01:00 [    20] WARNING    - W&#xD;&#xD;
2023-12-22 09:33:44.568+01:00 [    20] WARNING    - W&#xD;&#xD;
2023-12-22 09:33:44.568+01:00 [    20] WARNING    - W&#xD;&#xD;
2023-12-22 09:33:44.568+01:00 [    20] WARNING    - W&#xD;&#xD;
2023-12-22 09:33:44.568+01:00 [    20] WARNING    - W&#xD;&#xD;
2023-12-22 09:33:44.568+01:00 [    20] WARNING    - W&#xD;&#xD;
2023-12-22 09:33:44.568+01:00 [    20] WARNING    - W&#xD;&#xD;
2023-12-22 09:33:44.568+01:00 [    20] WARNING    - W&#xD;&#xD;
2023-12-22 09:33:44.568+01:00 [    20] WARNING    - W&#xD;&#xD;
2023-12-22 09:33:44.568+01:00 [    20] WARNING    - W&#xD;&#xD;
2023-12-22 09:33:44.568+01:00 [    20] WARNING    - W&#xD;&#xD;
2023-12-22 09:33:44.568+01:00 [    20] WARNING    - W&#xD;&#xD;
2023-12-22 09:33:44.568+01:00 [    20] WARNING    - W&#xD;&#xD;
2023-12-22 09:33:44.568+01:00 [    20] WARNING    - W&#xD;&#xD;
2023-12-22 09:33:44.568+01:00 [    20] WARNING    - W&#xD;&#xD;
2023-12-22 09:33:44.568+01:00 [    20] WARNING    - W&#xD;&#xD;
2023-12-22 09:33:44.568+01:00 [    20] WARNING    - W&#xD;&#xD;
2023-12-22 09:33:44.568+01:00 [    20] WARNING    - W&#xD;&#xD;
2023-12-22 09:33:44.568+01:00 [    20] WARNING    - W&#xD;&#xD;
2023-12-22 09:33:44.568+01:00 [    20] WARNING    - W&#xD;&#xD;
2023-12-22 09:33:44.568+01:00 [    20] WARNING    - W&#xD;&#xD;
2023-12-22 09:33:44.568+01:00 [    20] WARNING    - W&#xD;&#xD;
2023-12-22 09:33:44.568+01:00 [    20] WARNING    - W&#xD;&#xD;
2023-12-22 09:33:44.568+01:00 [    20] WARNING    - W&#xD;&#xD;
2023-12-22 09:33:44.568+01:00 [    20] WARNING    - W&#xD;&#xD;
2023-12-22 09:33:44.568+01:00 [    20] WARNING    - W&#xD;&#xD;
2023-12-22 09:33:44.568+01:00 [    20] WARNING    - W&#xD;&#xD;
2023-12-22 09:33:44.568+01:00 [    20] WARNING    - W&#xD;&#xD;
2023-12-22 09:33:44.568+01:00 [    20] WARNING    - W&#xD;&#xD;
2023-12-22 09:33:44.568+01:00 [    20] WARNING    - W&#xD;&#xD;
2023-12-22 09:33:44.568+01:00 [    20] WARNING    - W&#xD;&#xD;
2023-12-22 09:33:44.568+01:00 [    20] WARNING    - W&#xD;&#xD;
2023-12-22 09:33:44.568+01:00 [    20] WARNING    - W&#xD;&#xD;
2023-12-22 09:33:44.568+01:00 [    20] WARNING    - W&#xD;&#xD;
2023-12-22 09:33:44.568+01:00 [    20] WARNING    - W&#xD;&#xD;
2023-12-22 09:33:44.568+01:00 [    20] WARNING    - W&#xD;&#xD;
2023-12-22 09:33:44.568+01:00 [    20] WARNING    - W&#xD;&#xD;
2023-12-22 09:33:44.568+01:00 [    20] WARNING    - W&#xD;&#xD;
2023-12-22 09:33:44.568+01:00 [    20] WARNING    - W&#xD;&#xD;
2023-12-22 09:33:44.568+01:00 [    20] WARNING    - W&#xD;&#xD;
2023-12-22 09:33:44.568+01:00 [    20] WARNING    - W&#xD;&#xD;
2023-12-22 09:33:44.568+01:00 [    20] WARNING    - W&#xD;&#xD;
2023-12-22 09:33:44.568+01:00 [    20] WARNING    - W&#xD;&#xD;
2023-12-22 09:33:44.568+01:00 [    20] WARNING    - W&#xD;&#xD;
2023-12-22 09:33:44.568+01:00 [    20] WARNING    - W&#xD;&#xD;
2023-12-22 09:33:44.568+01:00 [    20] WARNING    - W&#xD;&#xD;
2023-12-22 09:33:44.568+01:00 [    20] WARNING    - W&#xD;&#xD;
2023-12-22 09:33:44.568+01:00 [    20] WARNING    - W&#xD;&#xD;
2023-12-22 09:33:44.568+01:00 [    20] WARNING    - W&#xD;&#xD;
2023-12-22 09:33:44.568+01:00 [    20] WARNING    - W&#xD;&#xD;
2023-12-22 09:33:44.568+01:00 [    20] WARNING    - W&#xD;&#xD;
2023-12-22 09:33:44.568+01:00 [    20] WARNING    - W&#xD;&#xD;
2023-12-22 09:33:44.568+01:00 [    20] WARNING    - W&#xD;&#xD;
2023-12-22 09:33:44.568+01:00 [    20] WARNING    - W&#xD;&#xD;
2023-12-22 09:33:44.568+01:00 [    20] WARNING    - W&#xD;&#xD;
2023-12-22 09:33:44.568+01:00 [    20] WARNING    - W&#xD;&#xD;
2023-12-22 09:33:44.568+01:00 [    20] WARNING    - W&#xD;&#xD;
2023-12-22 09:33:44.568+01:00 [    20] WARNING    - W&#xD;&#xD;
2023-12-22 09:33:44.568+01:00 [    20] WARNING    - W&#xD;&#xD;
2023-12-22 09:33:44.568+01:00 [    20] WARNING    - W&#xD;&#xD;
2023-12-22 09:33:44.568+01:00 [    20] WARNING    - W&#xD;&#xD;
2023-12-22 09:33:44.568+01:00 [    20] WARNING    - W&#xD;&#xD;
2023-12-22 09:33:44.568+01:00 [    20] WARNING    - W&#xD;&#xD;
2023-12-22 09:33:44.568+01:00 [    20] WARNING    - W&#xD;&#xD;
2023-12-22 09:33:44.568+01:00 [    20] WARNING    - W&#xD;&#xD;
2023-12-22 09:33:44.568+01:00 [    20] WARNING    - W&#xD;&#xD;
2023-12-22 09:33:44.568+01:00 [    20] WARNING    - W&#xD;&#xD;
2023-12-22 09:33:44.568+01:00 [    20] WARNING    - W&#xD;&#xD;
2023-12-22 09:33:44.568+01:00 [    20] WARNING    - W&#xD;&#xD;
2023-12-22 09:33:44.568+01:00 [    20] WARNING    - W&#xD;&#xD;
2023-12-22 09:33:44.568+01:00 [    20] WARNING    - W&#xD;&#xD;
2023-12-22 09:33:44.568+01:00 [    20] WARNING    - W&#xD;&#xD;
2023-12-22 09:33:44.568+01:00 [    20] WARNING    - W&#xD;&#xD;
2023-12-22 09:33:44.568+01:00 [    20] WARNING    - W&#xD;&#xD;
2023-12-22 09:33:44.568+01:00 [    20] WARNING    - W&#xD;&#xD;
2023-12-22 09:33:44.568+01:00 [    20] WARNING    - W&#xD;&#xD;
2023-12-22 09:33:44.568+01:00 [    20] WARNING    - W&#xD;&#xD;
2023-12-22 09:33:44.568+01:00 [    20] WARNING    - W&#xD;&#xD;
2023-12-22 09:33:44.568+01:00 [    20] WARNING    - W&#xD;&#xD;
2023-12-22 09:33:44.568+01:00 [    20] WARNING    - W&#xD;&#xD;
2023-12-22 09:33:44.568+01:00 [    20] WARNING    - W&#xD;&#xD;
2023-12-22 09:33:44.568+01:00 [    20] WARNING    - W&#xD;&#xD;
2023-12-22 09:33:44.568+01:00 [    20] WARNING    - W&#xD;&#xD;
2023-12-22 09:33:44.568+01:00 [    20] WARNING    - W&#xD;&#xD;
2023-12-22 09:33:44.568+01:00 [    20] WARNING    - W&#xD;&#xD;
2023-12-22 09:33:44.568+01:00 [    20] WARNING    - W&#xD;&#xD;
2023-12-22 09:33:44.568+01:00 [    20] WARNING    - W&#xD;&#xD;
2023-12-22 09:33:44.568+01:00 [    20] WARNING    - W&#xD;&#xD;
2023-12-22 09:33:44.568+01:00 [    20] WARNING    - W&#xD;&#xD;
2023-12-22 09:33:44.568+01:00 [    20] WARNING    - W&#xD;&#xD;
2023-12-22 09:33:44.568+01:00 [    20] WARNING    - W&#xD;&#xD;
2023-12-22 09:33:44.568+01:00 [    20] WARNING    - W&#xD;&#xD;
2023-12-22 09:33:44.568+01:00 [    20] WARNING    - W&#xD;&#xD;
2023-12-22 09:33:44.568+01:00 [    20] WARNING    - W&#xD;&#xD;
2023-12-22 09:33:44.568+01:00 [    20] WARNING    - W&#xD;&#xD;
2023-12-22 09:33:44.568+01:00 [    20] WARNING    - W&#xD;&#xD;
2023-12-22 09:33:44.568+01:00 [    20] WARNING    - W&#xD;&#xD;
2023-12-22 09:33:44.568+01:00 [    20] WARNING    - W&#xD;&#xD;
2023-12-22 09:33:44.568+01:00 [    20] WARNING    - W&#xD;&#xD;
2023-12-22 09:33:44.568+01:00 [    20] WARNING    - W&#xD;&#xD;
2023-12-22 09:33:44.568+01:00 [    20] WARNING    - W&#xD;&#xD;
2023-12-22 09:33:44.568+01:00 [    20] WARNING    - W&#xD;&#xD;
2023-12-22 09:33:44.568+01:00 [    20] WARNING    - W&#xD;&#xD;
2023-12-22 09:33:44.568+01:00 [    20] WARNING    - W&#xD;&#xD;
2023-12-22 09:33:44.568+01:00 [    20] WARNING    - W&#xD;&#xD;
2023-12-22 09:33:44.568+01:00 [    20] WARNING    - W&#xD;&#xD;
2023-12-22 09:33:44.568+01:00 [    20] WARNING    - W&#xD;&#xD;
2023-12-22 09:33:44.568+01:00 [    20] WARNING    - W&#xD;&#xD;
2023-12-22 09:33:44.568+01:00 [    20] WARNING    - W&#xD;&#xD;
2023-12-22 09:33:44.568+01:00 [    20] WARNING    - W&#xD;&#xD;
2023-12-22 09:33:44.568+01:00 [    20] WARNING    - W&#xD;&#xD;
2023-12-22 09:33:44.568+01:00 [    20] WARNING    - W&#xD;&#xD;
2023-12-22 09:33:44.568+01:00 [    20] WARNING    - W&#xD;&#xD;
2023-12-22 09:33:44.568+01:00 [    20] WARNING    - W&#xD;&#xD;
2023-12-22 09:33:44.568+01:00 [    20] WARNING    - W&#xD;&#xD;
2023-12-22 09:33:44.568+01:00 [    20] WARNING    - W&#xD;&#xD;
2023-12-22 09:33:44.568+01:00 [    20] WARNING    - W&#xD;&#xD;
2023-12-22 09:33:44.568+01:00 [    20] WARNING    - W&#xD;&#xD;
2023-12-22 09:33:44.568+01:00 [    20] WARNING    - W&#xD;&#xD;
2023-12-22 09:33:44.568+01:00 [    20] WARNING    - W&#xD;&#xD;
2023-12-22 09:33:44.568+01:00 [    20] WARNING    - W&#xD;&#xD;
2023-12-22 09:33:44.568+01:00 [    20] WARNING    - W&#xD;&#xD;
2023-12-22 09:33:44.568+01:00 [    20] WARNING    - W&#xD;&#xD;
2023-12-22 09:33:44.568+01:00 [    20] WARNING    - W&#xD;&#xD;
2023-12-22 09:33:44.568+01:00 [    20] WARNING    - W&#xD;&#xD;
2023-12-22 09:33:44.568+01:00 [    20] WARNING    - W&#xD;&#xD;
2023-12-22 09:33:44.568+01:00 [    20] WARNING    - W&#xD;&#xD;
2023-12-22 09:33:44.568+01:00 [    20] WARNING    - W&#xD;&#xD;
2023-12-22 09:33:44.568+01:00 [    20] WARNING    - W&#xD;&#xD;
2023-12-22 09:33:44.568+01:00 [    20] WARNING    - W&#xD;&#xD;
2023-12-22 09:33:44.568+01:00 [    20] WARNING    - W&#xD;&#xD;
2023-12-22 09:33:44.568+01:00 [    20] WARNING    - W&#xD;&#xD;
2023-12-22 09:33:44.568+01:00 [    20] WARNING    - W&#xD;&#xD;
2023-12-22 09:33:44.568+01:00 [    20] WARNING    - W&#xD;&#xD;
2023-12-22 09:33:44.568+01:00 [    20] WARNING    - W&#xD;&#xD;
2023-12-22 09:33:44.568+01:00 [    20] WARNING    - W&#xD;&#xD;
2023-12-22 09:33:44.568+01:00 [    20] WARNING    - W&#xD;&#xD;
2023-12-22 09:33:44.568+01:00 [    20] WARNING    - W&#xD;&#xD;
2023-12-22 09:33:44.568+01:00 [    20] WARNING    - W&#xD;&#xD;
2023-12-22 09:33:44.568+01:00 [    20] WARNING    - W&#xD;&#xD;
2023-12-22 09:33:44.568+01:00 [    20] WARNING    - W&#xD;&#xD;
2023-12-22 09:33:44.568+01:00 [    20] WARNING    - W&#xD;&#xD;
2023-12-22 09:33:44.568+01:00 [    20] WARNING    - W&#xD;&#xD;
2023-12-22 09:33:44.568+01:00 [    20] WARNING    - W&#xD;&#xD;
2023-12-22 09:33:44.568+01:00 [    20] WARNING    - W&#xD;&#xD;
2023-12-22 09:33:44.568+01:00 [    20] WARNING    - W&#xD;&#xD;
2023-12-22 09:33:44.568+01:00 [    20] WARNING    - W&#xD;&#xD;
2023-12-22 09:33:44.568+01:00 [    20] WARNING    - W&#xD;&#xD;
2023-12-22 09:33:44.568+01:00 [    20] WARNING    - W&#xD;&#xD;
2023-12-22 09:33:44.568+01:00 [    20] WARNING    - W&#xD;&#xD;
2023-12-22 09:33:44.568+01:00 [    20] WARNING    - W&#xD;&#xD;
2023-12-22 09:33:44.568+01:00 [    20] WARNING    - W&#xD;&#xD;
2023-12-22 09:33:44.568+01:00 [    20] WARNING    - W&#xD;&#xD;
2023-12-22 09:33:44.568+01:00 [    20] WARNING    - W&#xD;&#xD;
2023-12-22 09:33:44.568+01:00 [    20] WARNING    - W&#xD;&#xD;
2023-12-22 09:33:44.568+01:00 [    20] WARNING    - W&#xD;&#xD;
2023-12-22 09:33:44.568+01:00 [    20] WARNING    - W&#xD;&#xD;
2023-12-22 09:33:44.568+01:00 [    20] WARNING    - W&#xD;&#xD;
2023-12-22 09:33:44.568+01:00 [    20] WARNING    - W&#xD;&#xD;
2023-12-22 09:33:44.568+01:00 [    20] WARNING    - W&#xD;&#xD;
2023-12-22 09:33:44.568+01:00 [    20] WARNING    - W&#xD;&#xD;
2023-12-22 09:33:44.568+01:00 [    20] WARNING    - W&#xD;&#xD;
2023-12-22 09:33:44.568+01:00 [    20] WARNING    - W&#xD;&#xD;
2023-12-22 09:33:44.568+01:00 [    20] WARNING    - W&#xD;&#xD;
2023-12-22 09:33:44.568+01:00 [    20] WARNING    - W&#xD;&#xD;
2023-12-22 09:33:44.568+01:00 [    20] WARNING    - W&#xD;&#xD;
2023-12-22 09:33:44.568+01:00 [    20] WARNING    - W&#xD;&#xD;
2023-12-22 09:33:44.568+01:00 [    20] WARNING    - W&#xD;&#xD;
2023-12-22 09:33:44.568+01:00 [    20] WARNING    - W&#xD;&#xD;
2023-12-22 09:33:44.568+01:00 [    20] WARNING    - W&#xD;&#xD;
2023-12-22 09:33:44.568+01:00 [    20] WARNING    - W&#xD;&#xD;
2023-12-22 09:33:44.568+01:00 [    20] WARNING    - W&#xD;&#xD;
2023-12-22 09:33:44.568+01:00 [    20] WARNING    - W&#xD;&#xD;
2023-12-22 09:33:44.568+01:00 [    20] WARNING    - W&#xD;&#xD;
2023-12-22 09:33:44.568+01:00 [    20] WARNING    - W&#xD;&#xD;
2023-12-22 09:33:44.568+01:00 [    20] WARNING    - W&#xD;&#xD;
2023-12-22 09:33:44.568+01:00 [    20] WARNING    - W&#xD;&#xD;
2023-12-22 09:33:44.568+01:00 [    20] WARNING    - W&#xD;&#xD;
2023-12-22 09:33:44.568+01:00 [    20] WARNING    - W&#xD;&#xD;
2023-12-22 09:33:44.568+01:00 [    20] WARNING    - W&#xD;&#xD;
2023-12-22 09:33:44.568+01:00 [    20] WARNING    - W&#xD;&#xD;
2023-12-22 09:33:44.568+01:00 [    20] WARNING    - W&#xD;&#xD;
2023-12-22 09:33:44.568+01:00 [    20] WARNING    - W&#xD;&#xD;
2023-12-22 09:33:44.568+01:00 [    20] WARNING    - W&#xD;&#xD;
2023-12-22 09:33:44.568+01:00 [    20] WARNING    - W&#xD;&#xD;
2023-12-22 09:33:44.568+01:00 [    20] WARNING    - W&#xD;&#xD;
2023-12-22 09:33:44.568+01:00 [    20] WARNING    - W&#xD;&#xD;
2023-12-22 09:33:44.568+01:00 [    20] WARNING    - W&#xD;&#xD;
2023-12-22 09:33:44.568+01:00 [    20] WARNING    - W&#xD;&#xD;
2023-12-22 09:33:44.568+01:00 [    20] WARNING    - W&#xD;&#xD;
2023-12-22 09:33:44.568+01:00 [    20] WARNING    - W&#xD;&#xD;
2023-12-22 09:33:44.568+01:00 [    20] WARNING    - W&#xD;&#xD;
2023-12-22 09:33:44.568+01:00 [    20] WARNING    - W&#xD;&#xD;
2023-12-22 09:33:44.568+01:00 [    20] WARNING    - W&#xD;&#xD;
2023-12-22 09:33:44.568+01:00 [    20] WARNING    - W&#xD;&#xD;
2023-12-22 09:33:44.568+01:00 [    20] WARNING    - W&#xD;&#xD;
2023-12-22 09:33:44.568+01:00 [    20] WARNING    - W&#xD;&#xD;
2023-12-22 09:33:44.568+01:00 [    20] WARNING    - W&#xD;&#xD;
2023-12-22 09:33:44.568+01:00 [    20] WARNING    - W&#xD;&#xD;
2023-12-22 09:33:44.568+01:00 [    20] WARNING    - W&#xD;&#xD;
2023-12-22 09:33:44.568+01:00 [    20] WARNING    - W&#xD;&#xD;
2023-12-22 09:33:44.568+01:00 [    20] WARNING    - W&#xD;&#xD;
2023-12-22 09:33:44.568+01:00 [    20] WARNING    - W&#xD;&#xD;
2023-12-22 09:33:44.568+01:00 [    20] WARNING    - W&#xD;&#xD;
2023-12-22 09:33:44.568+01:00 [    20] WARNING    - W&#xD;&#xD;
2023-12-22 09:33:44.568+01:00 [    20] WARNING    - W&#xD;&#xD;
2023-12-22 09:33:44.568+01:00 [    20] WARNING    - W&#xD;&#xD;
2023-12-22 09:33:44.568+01:00 [    20] WARNING    - W&#xD;&#xD;
2023-12-22 09:33:44.568+01:00 [    20] WARNING    - W&#xD;&#xD;
2023-12-22 09:33:44.568+01:00 [    20] WARNING    - W&#xD;&#xD;
2023-12-22 09:33:44.568+01:00 [    20] WARNING    - W&#xD;&#xD;
2023-12-22 09:33:44.568+01:00 [    20] WARNING    - W&#xD;&#xD;
2023-12-22 09:33:44.568+01:00 [    20] WARNING    - W&#xD;&#xD;
2023-12-22 09:33:44.568+01:00 [    20] WARNING    - W&#xD;&#xD;
2023-12-22 09:33:44.568+01:00 [    20] WARNING    - W&#xD;&#xD;
2023-12-22 09:33:44.568+01:00 [    20] WARNING    - W&#xD;&#xD;
2023-12-22 09:33:44.568+01:00 [    20] WARNING    - W&#xD;&#xD;
2023-12-22 09:33:44.568+01:00 [    20] WARNING    - W&#xD;&#xD;
2023-12-22 09:33:44.568+01:00 [    20] WARNING    - W&#xD;&#xD;
2023-12-22 09:33:44.568+01:00 [    20] WARNING    - W&#xD;&#xD;
2023-12-22 09:33:44.568+01:00 [    20] WARNING    - W&#xD;&#xD;
2023-12-22 09:33:44.568+01:00 [    20] WARNING    - W&#xD;&#xD;
2023-12-22 09:33:44.568+01:00 [    20] WARNING    - W&#xD;&#xD;
2023-12-22 09:33:44.568+01:00 [    20] WARNING    - W&#xD;&#xD;
2023-12-22 09:33:44.568+01:00 [    20] WARNING    - W&#xD;&#xD;
2023-12-22 09:33:44.568+01:00 [    20] WARNING    - W&#xD;&#xD;
2023-12-22 09:33:44.568+01:00 [    20] WARNING    - W&#xD;&#xD;
2023-12-22 09:33:44.568+01:00 [    20] WARNING    - W&#xD;&#xD;
2023-12-22 09:33:44.568+01:00 [    20] WARNING    - W&#xD;&#xD;
2023-12-22 09:33:44.568+01:00 [    20] WARNING    - W&#xD;&#xD;
2023-12-22 09:33:44.568+01:00 [    20] WARNING    - W&#xD;&#xD;
2023-12-22 09:33:44.568+01:00 [    20] WARNING    - W&#xD;&#xD;
2023-12-22 09:33:44.568+01:00 [    20] WARNING    - W&#xD;&#xD;
2023-12-22 09:33:44.568+01:00 [    20] WARNING    - W&#xD;&#xD;
2023-12-22 09:33:44.568+01:00 [    20] WARNING    - W&#xD;&#xD;
2023-12-22 09:33:44.568+01:00 [    20] WARNING    - W&#xD;&#xD;
2023-12-22 09:33:44.568+01:00 [    20] WARNING    - W&#xD;&#xD;
2023-12-22 09:33:44.568+01:00 [    20] WARNING    - W&#xD;&#xD;
2023-12-22 09:33:44.568+01:00 [    20] WARNING    - W&#xD;&#xD;
2023-12-22 09:33:44.568+01:00 [    20] WARNING    - W&#xD;&#xD;
2023-12-22 09:33:44.568+01:00 [    20] WARNING    - W&#xD;&#xD;
2023-12-22 09:33:44.568+01:00 [    20] WARNING    - W&#xD;&#xD;
2023-12-22 09:33:44.568+01:00 [    20] WARNING    - W&#xD;&#xD;
2023-12-22 09:33:44.568+01:00 [    20] WARNING    - W&#xD;&#xD;
2023-12-22 09:33:44.568+01:00 [    20] WARNING    - W&#xD;&#xD;
2023-12-22 09:33:44.568+01:00 [    20] WARNING    - W&#xD;&#xD;
2023-12-22 09:33:44.568+01:00 [    20] WARNING    - W&#xD;&#xD;
2023-12-22 09:33:44.568+01:00 [    20] WARNING    - W&#xD;&#xD;
2023-12-22 09:33:44.568+01:00 [    20] WARNING    - W&#xD;&#xD;
2023-12-22 09:33:44.568+01:00 [    20] WARNING    - W&#xD;&#xD;
2023-12-22 09:33:44.568+01:00 [    20] WARNING    - W&#xD;&#xD;
2023-12-22 09:33:44.568+01:00 [    20] WARNING    - W&#xD;&#xD;
2023-12-22 09:33:44.568+01:00 [    20] WARNING    - W&#xD;&#xD;
2023-12-22 09:33:44.568+01:00 [    20] WARNING    - W&#xD;&#xD;
2023-12-22 09:33:44.568+01:00 [    20] WARNING    - W&#xD;&#xD;
2023-12-22 09:33:44.568+01:00 [    20] WARNING    - W&#xD;&#xD;
2023-12-22 09:33:44.568+01:00 [    20] WARNING    - W&#xD;&#xD;
2023-12-22 09:33:44.568+01:00 [    20] WARNING    - W&#xD;&#xD;
2023-12-22 09:33:44.568+01:00 [    20] WARNING    - W&#xD;&#xD;
2023-12-22 09:33:44.568+01:00 [    20] WARNING    - W&#xD;&#xD;
2023-12-22 09:33:44.568+01:00 [    20] WARNING    - W&#xD;&#xD;
2023-12-22 09:33:44.568+01:00 [    20] WARNING    - W&#xD;&#xD;
2023-12-22 09:33:44.568+01:00 [    20] WARNING    - W&#xD;&#xD;
2023-12-22 09:33:44.568+01:00 [    20] WARNING    - W&#xD;&#xD;
2023-12-22 09:33:44.568+01:00 [    20] WARNING    - W&#xD;&#xD;
2023-12-22 09:33:44.568+01:00 [    20] WARNING    - W&#xD;&#xD;
2023-12-22 09:33:44.568+01:00 [    20] WARNING    - W&#xD;&#xD;
2023-12-22 09:33:44.568+01:00 [    20] WARNING    - W&#xD;&#xD;
2023-12-22 09:33:44.568+01:00 [    20] WARNING    - W&#xD;&#xD;
2023-12-22 09:33:44.568+01:00 [    20] WARNING    - W&#xD;&#xD;
2023-12-22 09:33:44.568+01:00 [    20] WARNING    - W&#xD;&#xD;
2023-12-22 09:33:44.568+01:00 [    20] WARNING    - W&#xD;&#xD;
2023-12-22 09:33:44.568+01:00 [    20] WARNING    - W&#xD;&#xD;
2023-12-22 09:33:44.568+01:00 [    20] WARNING    - W&#xD;&#xD;
2023-12-22 09:33:44.568+01:00 [    20] WARNING    - W&#xD;&#xD;
2023-12-22 09:33:44.568+01:00 [    20] WARNING    - W&#xD;&#xD;
2023-12-22 09:33:44.568+01:00 [    20] WARNING    - W&#xD;&#xD;
2023-12-22 09:33:44.568+01:00 [    20] WARNING    - W&#xD;&#xD;
2023-12-22 09:33:44.568+01:00 [    20] WARNING    - W&#xD;&#xD;
2023-12-22 09:33:44.568+01:00 [    20] WARNING    - W&#xD;&#xD;
2023-12-22 09:33:44.568+01:00 [    20] WARNING    - W&#xD;&#xD;
2023-12-22 09:33:44.568+01:00 [    20] WARNING    - W&#xD;&#xD;
2023-12-22 09:33:44.568+01:00 [    20] WARNING    - W&#xD;&#xD;
2023-12-22 09:33:44.568+01:00 [    20] WARNING    - W&#xD;&#xD;
2023-12-22 09:33:44.568+01:00 [    20] WARNING    - W&#xD;&#xD;
2023-12-22 09:33:44.568+01:00 [    20] WARNING    - W&#xD;&#xD;
2023-12-22 09:33:44.568+01:00 [    20] WARNING    - W&#xD;&#xD;
2023-12-22 09:33:44.568+01:00 [    20] WARNING    - W&#xD;&#xD;
2023-12-22 09:33:44.568+01:00 [    20] WARNING    - W&#xD;&#xD;
2023-12-22 09:33:44.568+01:00 [    20] WARNING    - W&#xD;&#xD;
2023-12-22 09:33:44.568+01:00 [    20] WARNING    - W&#xD;&#xD;
2023-12-22 09:33:44.568+01:00 [    20] WARNING    - W&#xD;&#xD;
2023-12-22 09:33:44.568+01:00 [    20] WARNING    - W&#xD;&#xD;
2023-12-22 09:33:44.568+01:00 [    20] WARNING    - W&#xD;&#xD;
2023-12-22 09:33:44.568+01:00 [    20] WARNING    - W&#xD;&#xD;
2023-12-22 09:33:44.568+01:00 [    20] WARNING    - W&#xD;&#xD;
2023-12-22 09:33:44.568+01:00 [    20] WARNING    - W&#xD;&#xD;
2023-12-22 09:33:44.568+01:00 [    20] WARNING    - W&#xD;&#xD;
2023-12-22 09:33:44.568+01:00 [    20] WARNING    - W&#xD;&#xD;
2023-12-22 09:33:44.568+01:00 [    20] WARNING    - W&#xD;&#xD;
2023-12-22 09:33:44.568+01:00 [    20] WARNING    - W&#xD;&#xD;
2023-12-22 09:33:44.568+01:00 [    20] WARNING    - W&#xD;&#xD;
2023-12-22 09:33:44.568+01:00 [    20] WARNING    - W&#xD;&#xD;
2023-12-22 09:33:44.568+01:00 [    20] WARNING    - W&#xD;&#xD;
2023-12-22 09:33:44.568+01:00 [    20] WARNING    - W&#xD;&#xD;
2023-12-22 09:33:44.568+01:00 [    20] WARNING    - W&#xD;&#xD;
2023-12-22 09:33:44.568+01:00 [    20] WARNING    - W&#xD;&#xD;
2023-12-22 09:33:44.568+01:00 [    20] WARNING    - W&#xD;&#xD;
2023-12-22 09:33:44.568+01:00 [    20] WARNING    - W&#xD;&#xD;
2023-12-22 09:33:44.568+01:00 [    20] WARNING    - W&#xD;&#xD;
2023-12-22 09:33:44.568+01:00 [    20] WARNING    - W&#xD;&#xD;
2023-12-22 09:33:44.568+01:00 [    20] WARNING    - W&#xD;&#xD;
2023-12-22 09:33:44.568+01:00 [    20] WARNING    - W&#xD;&#xD;
2023-12-22 09:33:44.568+01:00 [    20] WARNING    - W&#xD;&#xD;
2023-12-22 09:33:44.568+01:00 [    20] WARNING    - W&#xD;&#xD;
2023-12-22 09:33:44.568+01:00 [    20] WARNING    - W&#xD;&#xD;
2023-12-22 09:33:44.568+01:00 [    20] WARNING    - W&#xD;&#xD;
2023-12-22 09:33:44.568+01:00 [    20] WARNING    - W&#xD;&#xD;
2023-12-22 09:33:44.568+01:00 [    20] WARNING    - W&#xD;&#xD;
2023-12-22 09:33:44.568+01:00 [    20] WARNING    - W&#xD;&#xD;
2023-12-22 09:33:44.568+01:00 [    20] WARNING    - W&#xD;&#xD;
2023-12-22 09:33:44.568+01:00 [    20] WARNING    - W&#xD;&#xD;
2023-12-22 09:33:44.568+01:00 [    20] WARNING    - W&#xD;&#xD;
2023-12-22 09:33:44.568+01:00 [    20] WARNING    - W&#xD;&#xD;
2023-12-22 09:33:44.568+01:00 [    20] WARNING    - W&#xD;&#xD;
2023-12-22 09:33:44.568+01:00 [    20] WARNING    - W&#xD;&#xD;
2023-12-22 09:33:44.568+01:00 [    20] WARNING    - W&#xD;&#xD;
2023-12-22 09:33:44.568+01:00 [    20] WARNING    - W&#xD;&#xD;
2023-12-22 09:33:44.568+01:00 [    20] WARNING    - W&#xD;&#xD;
2023-12-22 09:33:44.568+01:00 [    20] WARNING    - W&#xD;&#xD;
2023-12-22 09:33:44.568+01:00 [    20] WARNING    - W&#xD;&#xD;
2023-12-22 09:33:44.568+01:00 [    20] WARNING    - W&#xD;&#xD;
2023-12-22 09:33:44.568+01:00 [    20] WARNING    - W&#xD;&#xD;
2023-12-22 09:33:44.568+01:00 [    20] WARNING    - W&#xD;&#xD;
2023-12-22 09:33:44.568+01:00 [    20] WARNING    - W&#xD;&#xD;
2023-12-22 09:33:44.568+01:00 [    20] WARNING    - W&#xD;&#xD;
2023-12-22 09:33:44.568+01:00 [    20] WARNING    - W&#xD;&#xD;
2023-12-22 09:33:44.568+01:00 [    20] WARNING    - W&#xD;&#xD;
2023-12-22 09:33:44.568+01:00 [    20] WARNING    - W&#xD;&#xD;
2023-12-22 09:33:44.568+01:00 [    20] WARNING    - W&#xD;&#xD;
2023-12-22 09:33:44.568+01:00 [    20] WARNING    - W&#xD;&#xD;
2023-12-22 09:33:44.568+01:00 [    20] WARNING    - W&#xD;&#xD;
2023-12-22 09:33:44.568+01:00 [    20] WARNING    - W&#xD;&#xD;
2023-12-22 09:33:44.568+01:00 [    20] WARNING    - W&#xD;&#xD;
2023-12-22 09:33:44.568+01:00 [    20] WARNING    - W&#xD;&#xD;
2023-12-22 09:33:44.568+01:00 [    20] WARNING    - W&#xD;&#xD;
2023-12-22 09:33:44.568+01:00 [    20] WARNING    - W&#xD;&#xD;
2023-12-22 09:33:44.568+01:00 [    20] WARNING    - W&#xD;&#xD;
2023-12-22 09:33:44.568+01:00 [    20] WARNING    - W&#xD;&#xD;
2023-12-22 09:33:44.568+01:00 [    20] WARNING    - W&#xD;&#xD;
2023-12-22 09:33:44.568+01:00 [    20] WARNING    - W&#xD;&#xD;
2023-12-22 09:33:44.568+01:00 [    20] WARNING    - W&#xD;&#xD;
2023-12-22 09:33:44.568+01:00 [    20] WARNING    - W&#xD;&#xD;
2023-12-22 09:33:44.568+01:00 [    20] WARNING    - W&#xD;&#xD;
2023-12-22 09:33:44.568+01:00 [    20] WARNING    - W&#xD;&#xD;
2023-12-22 09:33:44.568+01:00 [    20] WARNING    - W&#xD;&#xD;
2023-12-22 09:33:44.568+01:00 [    20] WARNING    - W&#xD;&#xD;
2023-12-22 09:33:44.568+01:00 [    20] WARNING    - W&#xD;&#xD;
2023-12-22 09:33:44.568+01:00 [    20] WARNING    - W&#xD;&#xD;
2023-12-22 09:33:44.568+01:00 [    20] WARNING    - W&#xD;&#xD;
2023-12-22 09:33:44.568+01:00 [    20] WARNING    - W&#xD;&#xD;
2023-12-22 09:33:44.568+01:00 [    20] WARNING    - W&#xD;&#xD;
2023-12-22 09:33:44.568+01:00 [    20] WARNING    - W&#xD;&#xD;
2023-12-22 09:33:44.568+01:00 [    20] WARNING    - W&#xD;&#xD;
2023-12-22 09:33:44.568+01:00 [    20] WARNING    - W&#xD;&#xD;
2023-12-22 09:33:44.568+01:00 [    20] WARNING    - W&#xD;&#xD;
2023-12-22 09:33:44.568+01:00 [    20] WARNING    - W&#xD;&#xD;
2023-12-22 09:33:44.568+01:00 [    20] WARNING    - W&#xD;&#xD;
2023-12-22 09:33:44.568+01:00 [    20] WARNING    - W&#xD;&#xD;
2023-12-22 09:33:44.568+01:00 [    20] WARNING    - W&#xD;&#xD;
2023-12-22 09:33:44.568+01:00 [    20] WARNING    - W&#xD;&#xD;
2023-12-22 09:33:44.568+01:00 [    20] WARNING    - W&#xD;&#xD;
2023-12-22 09:33:44.568+01:00 [    20] WARNING    - W&#xD;&#xD;
2023-12-22 09:33:44.568+01:00 [    20] WARNING    - W&#xD;&#xD;
2023-12-22 09:33:44.568+01:00 [    20] WARNING    - W&#xD;&#xD;
2023-12-22 09:33:44.568+01:00 [    20] WARNING    - W&#xD;&#xD;
2023-12-22 09:33:44.568+01:00 [    20] WARNING    - W&#xD;&#xD;
2023-12-22 09:33:44.568+01:00 [    20] WARNING    - W&#xD;&#xD;
2023-12-22 09:33:44.568+01:00 [    20] WARNING    - W&#xD;&#xD;
2023-12-22 09:33:44.568+01:00 [    20] WARNING    - W&#xD;&#xD;
2023-12-22 09:33:44.568+01:00 [    20] WARNING    - W&#xD;&#xD;
2023-12-22 09:33:44.568+01:00 [    20] WARNING    - W&#xD;&#xD;
2023-12-22 09:33:44.568+01:00 [    20] WARNING    - W&#xD;&#xD;
2023-12-22 09:33:44.568+01:00 [    20] WARNING    - W&#xD;&#xD;
2023-12-22 09:33:44.568+01:00 [    20] WARNING    - W&#xD;&#xD;
2023-12-22 09:33:44.568+01:00 [    20] WARNING    - W&#xD;&#xD;
2023-12-22 09:33:44.568+01:00 [    20] WARNING    - W&#xD;&#xD;
2023-12-22 09:33:44.568+01:00 [    20] WARNING    - W&#xD;&#xD;
2023-12-22 09:33:44.568+01:00 [    20] WARNING    - W&#xD;&#xD;
2023-12-22 09:33:44.568+01:00 [    20] WARNING    - W&#xD;&#xD;
2023-12-22 09:33:44.568+01:00 [    20] WARNING    - W&#xD;&#xD;
2023-12-22 09:33:44.568+01:00 [    20] WARNING    - W&#xD;&#xD;
2023-12-22 09:33:44.568+01:00 [    20] WARNING    - W&#xD;&#xD;
2023-12-22 09:33:44.568+01:00 [    20] WARNING    - W&#xD;&#xD;
2023-12-22 09:33:44.568+01:00 [    20] WARNING    - W&#xD;&#xD;
2023-12-22 09:33:44.568+01:00 [    20] WARNING    - W&#xD;&#xD;
2023-12-22 09:33:44.568+01:00 [    20] WARNING    - W&#xD;&#xD;
2023-12-22 09:33:44.568+01:00 [    20] WARNING    - W&#xD;&#xD;
2023-12-22 09:33:44.568+01:00 [    20] WARNING    - W&#xD;&#xD;
2023-12-22 09:33:44.568+01:00 [    20] WARNING    - W&#xD;&#xD;
2023-12-22 09:33:44.568+01:00 [    20] WARNING    - W&#xD;&#xD;
2023-12-22 09:33:44.568+01:00 [    20] WARNING    - W&#xD;&#xD;
2023-12-22 09:33:44.568+01:00 [    20] WARNING    - W&#xD;&#xD;
2023-12-22 09:33:44.568+01:00 [    20] WARNING    - W&#xD;&#xD;
2023-12-22 09:33:44.568+01:00 [    20] WARNING    - W&#xD;&#xD;
2023-12-22 09:33:44.568+01:00 [    20] WARNING    - W&#xD;&#xD;
2023-12-22 09:33:44.568+01:00 [    20] WARNING    - W&#xD;&#xD;
2023-12-22 09:33:44.568+01:00 [    20] WARNING    - W&#xD;&#xD;
2023-12-22 09:33:44.568+01:00 [    20] WARNING    - W&#xD;&#xD;
2023-12-22 09:33:44.568+01:00 [    20] WARNING    - W&#xD;&#xD;
2023-12-22 09:33:44.568+01:00 [    20] WARNING    - W&#xD;&#xD;
2023-12-22 09:33:44.568+01:00 [    20] WARNING    - W&#xD;&#xD;
2023-12-22 09:33:44.568+01:00 [    20] WARNING    - W&#xD;&#xD;
2023-12-22 09:33:44.568+01:00 [    20] WARNING    - W&#xD;&#xD;
2023-12-22 09:33:44.568+01:00 [    20] WARNING    - W&#xD;&#xD;
2023-12-22 09:33:44.568+01:00 [    20] WARNING    - W&#xD;&#xD;
2023-12-22 09:33:44.568+01:00 [    20] WARNING    - W&#xD;&#xD;
2023-12-22 09:33:44.568+01:00 [    20] WARNING    - W&#xD;&#xD;
2023-12-22 09:33:44.568+01:00 [    20] WARNING    - W&#xD;&#xD;
2023-12-22 09:33:44.568+01:00 [    20] WARNING    - W&#xD;&#xD;
2023-12-22 09:33:44.568+01:00 [    20] WARNING    - W&#xD;&#xD;
2023-12-22 09:33:44.568+01:00 [    20] WARNING    - W&#xD;&#xD;
2023-12-22 09:33:44.568+01:00 [    20] WARNING    - W&#xD;&#xD;
2023-12-22 09:33:44.568+01:00 [    20] WARNING    - W&#xD;&#xD;
2023-12-22 09:33:44.568+01:00 [    20] WARNING    - W&#xD;&#xD;
2023-12-22 09:33:44.568+01:00 [    20] WARNING    - W&#xD;&#xD;
2023-12-22 09:33:44.568+01:00 [    20] WARNING    - W&#xD;&#xD;
2023-12-22 09:33:44.568+01:00 [    20] WARNING    - W&#xD;&#xD;
2023-12-22 09:33:44.568+01:00 [    20] WARNING    - W&#xD;&#xD;
2023-12-22 09:33:44.568+01:00 [    20] WARNING    - W&#xD;&#xD;
2023-12-22 09:33:44.568+01:00 [    20] WARNING    - W&#xD;&#xD;
2023-12-22 09:33:44.568+01:00 [    20] WARNING    - W&#xD;&#xD;
2023-12-22 09:33:44.568+01:00 [    20] WARNING    - W&#xD;&#xD;
2023-12-22 09:33:44.568+01:00 [    20] WARNING    - W&#xD;&#xD;
2023-12-22 09:33:44.568+01:00 [    20] WARNING    - W&#xD;&#xD;
2023-12-22 09:33:44.568+01:00 [    20] WARNING    - W&#xD;&#xD;
2023-12-22 09:33:44.568+01:00 [    20] WARNING    - W&#xD;&#xD;
2023-12-22 09:33:44.568+01:00 [    20] WARNING    - W&#xD;&#xD;
2023-12-22 09:33:44.568+01:00 [    20] WARNING    - W&#xD;&#xD;
2023-12-22 09:33:44.568+01:00 [    20] WARNING    - W&#xD;&#xD;
2023-12-22 09:33:44.568+01:00 [    20] WARNING    - W&#xD;&#xD;
2023-12-22 09:33:44.568+01:00 [    20] WARNING    - W&#xD;&#xD;
2023-12-22 09:33:44.568+01:00 [    20] WARNING    - W&#xD;&#xD;
2023-12-22 09:33:44.568+01:00 [    20] WARNING    - W&#xD;&#xD;
2023-12-22 09:33:44.568+01:00 [    20] WARNING    - W&#xD;&#xD;
2023-12-22 09:33:44.568+01:00 [    20] WARNING    - W&#xD;&#xD;
2023-12-22 09:33:44.568+01:00 [    20] WARNING    - W&#xD;&#xD;
2023-12-22 09:33:44.568+01:00 [    20] WARNING    - W&#xD;&#xD;
2023-12-22 09:33:44.568+01:00 [    20] WARNING    - W&#xD;&#xD;
2023-12-22 09:33:44.568+01:00 [    20] WARNING    - W&#xD;&#xD;
2023-12-22 09:33:44.568+01:00 [    20] WARNING    - W&#xD;&#xD;
2023-12-22 09:33:44.568+01:00 [    20] WARNING    - W&#xD;&#xD;
2023-12-22 09:33:44.568+01:00 [    20] WARNING    - W&#xD;&#xD;
2023-12-22 09:33:44.568+01:00 [    20] WARNING    - W&#xD;&#xD;
2023-12-22 09:33:44.568+01:00 [    20] WARNING    - W&#xD;&#xD;
2023-12-22 09:33:44.568+01:00 [    20] WARNING    - W&#xD;&#xD;
2023-12-22 09:33:44.568+01:00 [    20] WARNING    - W&#xD;&#xD;
2023-12-22 09:33:44.568+01:00 [    20] WARNING    - W&#xD;&#xD;
2023-12-22 09:33:44.568+01:00 [    20] WARNING    - W&#xD;&#xD;
2023-12-22 09:33:44.568+01:00 [    20] WARNING    - W&#xD;&#xD;
2023-12-22 09:33:44.568+01:00 [    20] WARNING    - W&#xD;&#xD;
2023-12-22 09:33:44.568+01:00 [    20] WARNING    - W&#xD;&#xD;
2023-12-22 09:33:44.568+01:00 [    20] WARNING    - W&#xD;&#xD;
2023-12-22 09:33:44.568+01:00 [    20] WARNING    - W&#xD;&#xD;
2023-12-22 09:33:44.568+01:00 [    20] WARNING    - W&#xD;&#xD;
2023-12-22 09:33:44.568+01:00 [    20] WARNING    - W&#xD;&#xD;
2023-12-22 09:33:44.568+01:00 [    20] WARNING    - W&#xD;&#xD;
2023-12-22 09:33:44.568+01:00 [    20] WARNING    - W&#xD;&#xD;
2023-12-22 09:33:44.568+01:00 [    20] WARNING    - W&#xD;&#xD;
2023-12-22 09:33:44.568+01:00 [    20] WARNING    - W&#xD;&#xD;
2023-12-22 09:33:44.568+01:00 [    20] WARNING    - W&#xD;&#xD;
2023-12-22 09:33:44.568+01:00 [    20] WARNING    - W&#xD;&#xD;
2023-12-22 09:33:44.568+01:00 [    20] WARNING    - W&#xD;&#xD;
2023-12-22 09:33:44.568+01:00 [    20] WARNING    - W&#xD;&#xD;
2023-12-22 09:33:44.568+01:00 [    20] WARNING    - W&#xD;&#xD;
2023-12-22 09:33:44.568+01:00 [    20] WARNING    - W&#xD;&#xD;
2023-12-22 09:33:44.568+01:00 [    20] WARNING    - W&#xD;&#xD;
2023-12-22 09:33:44.568+01:00 [    20] WARNING    - W&#xD;&#xD;
2023-12-22 09:33:44.568+01:00 [    20] WARNING    - W&#xD;&#xD;
2023-12-22 09:33:44.568+01:00 [    20] WARNING    - W&#xD;&#xD;
2023-12-22 09:33:44.568+01:00 [    20] WARNING    - W&#xD;&#xD;
2023-12-22 09:33:44.568+01:00 [    20] WARNING    - W&#xD;&#xD;
2023-12-22 09:33:44.568+01:00 [    20] WARNING    - W&#xD;&#xD;
2023-12-22 09:33:44.568+01:00 [    20] WARNING    - W&#xD;&#xD;
2023-12-22 09:33:44.568+01:00 [    20] WARNING    - W&#xD;&#xD;
2023-12-22 09:33:44.568+01:00 [    20] WARNING    - W&#xD;&#xD;
2023-12-22 09:33:44.568+01:00 [    20] WARNING    - W&#xD;&#xD;
2023-12-22 09:33:44.568+01:00 [    20] WARNING    - W&#xD;&#xD;
2023-12-22 09:33:44.568+01:00 [    20] WARNING    - W&#xD;&#xD;
2023-12-22 09:33:44.568+01:00 [    20] WARNING    - W&#xD;&#xD;
2023-12-22 09:33:44.568+01:00 [    20] WARNING    - W&#xD;&#xD;
2023-12-22 09:33:44.568+01:00 [    20] WARNING    - W&#xD;&#xD;
2023-12-22 09:33:44.568+01:00 [    20] WARNING    - W&#xD;&#xD;
2023-12-22 09:33:44.568+01:00 [    20] WARNING    - W&#xD;&#xD;
2023-12-22 09:33:44.568+01:00 [    20] WARNING    - W&#xD;&#xD;
2023-12-22 09:33:44.568+01:00 [    20] WARNING    - W&#xD;&#xD;
2023-12-22 09:33:44.568+01:00 [    20] WARNING    - W&#xD;&#xD;
2023-12-22 09:33:44.568+01:00 [    20] WARNING    - W&#xD;&#xD;
2023-12-22 09:33:44.568+01:00 [    20] WARNING    - W&#xD;&#xD;
2023-12-22 09:33:44.568+01:00 [    20] WARNING    - W&#xD;&#xD;
2023-12-22 09:33:44.568+01:00 [    20] WARNING    - W&#xD;&#xD;
2023-12-22 09:33:44.568+01:00 [    20] WARNING    - W&#xD;&#xD;
2023-12-22 09:33:44.568+01:00 [    20] WARNING    - W&#xD;&#xD;
2023-12-22 09:33:44.568+01:00 [    20] WARNING    - W&#xD;&#xD;
2023-12-22 09:33:44.568+01:00 [    20] WARNING    - W&#xD;&#xD;
2023-12-22 09:33:44.568+01:00 [    20] WARNING    - W&#xD;&#xD;
2023-12-22 09:33:44.568+01:00 [    20] WARNING    - W&#xD;&#xD;
2023-12-22 09:33:44.568+01:00 [    20] WARNING    - W&#xD;&#xD;
2023-12-22 09:33:44.568+01:00 [    20] WARNING    - W&#xD;&#xD;
2023-12-22 09:33:44.568+01:00 [    20] WARNING    - W&#xD;&#xD;
2023-12-22 09:33:44.568+01:00 [    20] WARNING    - W&#xD;&#xD;
2023-12-22 09:33:44.568+01:00 [    20] WARNING    - W&#xD;&#xD;
2023-12-22 09:33:44.568+01:00 [    20] WARNING    - W&#xD;&#xD;
2023-12-22 09:33:44.568+01:00 [    20] WARNING    - W&#xD;&#xD;
2023-12-22 09:33:44.568+01:00 [    20] WARNING    - W&#xD;&#xD;
2023-12-22 09:33:44.568+01:00 [    20] WARNING    - W&#xD;&#xD;
2023-12-22 09:33:44.568+01:00 [    20] WARNING    - W&#xD;&#xD;
2023-12-22 09:33:44.568+01:00 [    20] WARNING    - W&#xD;&#xD;
2023-12-22 09:33:44.568+01:00 [    20] WARNING    - W&#xD;&#xD;
2023-12-22 09:33:44.568+01:00 [    20] WARNING    - W&#xD;&#xD;
2023-12-22 09:33:44.568+01:00 [    20] WARNING    - W&#xD;&#xD;
2023-12-22 09:33:44.568+01:00 [    20] WARNING    - W&#xD;&#xD;
2023-12-22 09:33:44.568+01:00 [    20] WARNING    - W&#xD;&#xD;
2023-12-22 09:33:44.568+01:00 [    20] WARNING    - W&#xD;&#xD;
2023-12-22 09:33:44.568+01:00 [    20] WARNING    - W&#xD;&#xD;
2023-12-22 09:33:44.568+01:00 [    20] WARNING    - W&#xD;&#xD;
2023-12-22 09:33:44.568+01:00 [    20] WARNING    - W&#xD;&#xD;
2023-12-22 09:33:44.568+01:00 [    20] WARNING    - W&#xD;&#xD;
2023-12-22 09:33:44.568+01:00 [    20] WARNING    - W&#xD;&#xD;
2023-12-22 09:33:44.568+01:00 [    20] WARNING    - W&#xD;&#xD;
2023-12-22 09:33:44.568+01:00 [    20] WARNING    - W&#xD;&#xD;
2023-12-22 09:33:44.568+01:00 [    20] WARNING    - W&#xD;&#xD;
2023-12-22 09:33:44.568+01:00 [    20] WARNING    - W&#xD;&#xD;
2023-12-22 09:33:44.568+01:00 [    20] WARNING    - W&#xD;&#xD;
2023-12-22 09:33:44.568+01:00 [    20] WARNING    - W&#xD;&#xD;
2023-12-22 09:33:44.568+01:00 [    20] WARNING    - W&#xD;&#xD;
2023-12-22 09:33:44.568+01:00 [    20] WARNING    - W&#xD;&#xD;
2023-12-22 09:33:44.568+01:00 [    20] WARNING    - W&#xD;&#xD;
2023-12-22 09:33:44.568+01:00 [    20] WARNING    - W&#xD;&#xD;
2023-12-22 09:33:44.568+01:00 [    20] WARNING    - W&#xD;&#xD;
2023-12-22 09:33:44.568+01:00 [    20] WARNING    - W&#xD;&#xD;
2023-12-22 09:33:44.568+01:00 [    20] WARNING    - W&#xD;&#xD;
2023-12-22 09:33:44.568+01:00 [    20] WARNING    - W&#xD;&#xD;
2023-12-22 09:33:44.568+01:00 [    20] WARNING    - W&#xD;&#xD;
2023-12-22 09:33:44.568+01:00 [    20] WARNING    - W&#xD;&#xD;
2023-12-22 09:33:44.568+01:00 [    20] WARNING    - W&#xD;&#xD;
2023-12-22 09:33:44.568+01:00 [    20] WARNING    - W&#xD;&#xD;
2023-12-22 09:33:44.568+01:00 [    20] WARNING    - W&#xD;&#xD;
2023-12-22 09:33:44.568+01:00 [    20] WARNING    - W&#xD;&#xD;
2023-12-22 09:33:44.568+01:00 [    20] WARNING    - W&#xD;&#xD;
2023-12-22 09:33:44.568+01:00 [    20] WARNING    - W&#xD;&#xD;
2023-12-22 09:33:44.568+01:00 [    20] WARNING    - W&#xD;&#xD;
2023-12-22 09:33:44.568+01:00 [    20] WARNING    - W&#xD;&#xD;
2023-12-22 09:33:44.568+01:00 [    20] WARNING    - W&#xD;&#xD;
2023-12-22 09:33:44.568+01:00 [    20] WARNING    - W&#xD;&#xD;
2023-12-22 09:33:44.568+01:00 [    20] WARNING    - W&#xD;&#xD;
2023-12-22 09:33:44.568+01:00 [    20] WARNING    - W&#xD;&#xD;
2023-12-22 09:33:44.568+01:00 [    20] WARNING    - W&#xD;&#xD;
2023-12-22 09:33:44.568+01:00 [    20] WARNING    - W&#xD;&#xD;
2023-12-22 09:33:44.568+01:00 [    20] WARNING    - W&#xD;&#xD;
2023-12-22 09:33:44.568+01:00 [    20] WARNING    - W&#xD;&#xD;
2023-12-22 09:33:44.568+01:00 [    20] WARNING    - W&#xD;&#xD;
2023-12-22 09:33:44.568+01:00 [    20] WARNING    - W&#xD;&#xD;
2023-12-22 09:33:44.568+01:00 [    20] WARNING    - W&#xD;&#xD;
2023-12-22 09:33:44.568+01:00 [    20] WARNING    - W&#xD;&#xD;
2023-12-22 09:33:44.568+01:00 [    20] WARNING    - W&#xD;&#xD;
2023-12-22 09:33:44.568+01:00 [    20] WARNING    - W&#xD;&#xD;
2023-12-22 09:33:44.568+01:00 [    20] WARNING    - W&#xD;&#xD;
2023-12-22 09:33:44.568+01:00 [    20] WARNING    - W&#xD;&#xD;
2023-12-22 09:33:44.568+01:00 [    20] WARNING    - W&#xD;&#xD;
2023-12-22 09:33:44.568+01:00 [    20] WARNING    - W&#xD;&#xD;
2023-12-22 09:33:44.568+01:00 [    20] WARNING    - W&#xD;&#xD;
2023-12-22 09:33:44.568+01:00 [    20] WARNING    - W&#xD;&#xD;
2023-12-22 09:33:44.568+01:00 [    20] WARNING    - W&#xD;&#xD;
2023-12-22 09:33:44.568+01:00 [    20] WARNING    - W&#xD;&#xD;
2023-12-22 09:33:44.568+01:00 [    20] WARNING    - W&#xD;&#xD;
2023-12-22 09:33:44.568+01:00 [    20] WARNING    - W&#xD;&#xD;
2023-12-22 09:33:44.568+01:00 [    20] WARNING    - W&#xD;&#xD;
2023-12-22 09:33:44.568+01:00 [    20] WARNING    - W&#xD;&#xD;
2023-12-22 09:33:44.568+01:00 [    20] WARNING    - W&#xD;&#xD;
2023-12-22 09:33:44.568+01:00 [    20] WARNING    - W&#xD;&#xD;
2023-12-22 09:33:44.568+01:00 [    20] WARNING    - W&#xD;&#xD;
2023-12-22 09:33:44.568+01:00 [    20] WARNING    - W&#xD;&#xD;
2023-12-22 09:33:44.568+01:00 [    20] WARNING    - W&#xD;&#xD;
2023-12-22 09:33:44.568+01:00 [    20] WARNING    - W&#xD;&#xD;
2023-12-22 09:33:44.568+01:00 [    20] WARNING    - W&#xD;&#xD;
2023-12-22 09:33:44.568+01:00 [    20] WARNING    - W&#xD;&#xD;
2023-12-22 09:33:44.568+01:00 [    20] WARNING    - W&#xD;&#xD;
2023-12-22 09:33:44.568+01:00 [    20] WARNING    - W&#xD;&#xD;
2023-12-22 09:33:44.568+01:00 [    20] WARNING    - W&#xD;&#xD;
2023-12-22 09:33:44.568+01:00 [    20] WARNING    - W&#xD;&#xD;
2023-12-22 09:33:44.568+01:00 [    20] WARNING    - W&#xD;&#xD;
2023-12-22 09:33:44.568+01:00 [    20] WARNING    - W&#xD;&#xD;
2023-12-22 09:33:44.568+01:00 [    20] WARNING    - W&#xD;&#xD;
2023-12-22 09:33:44.568+01:00 [    20] WARNING    - W&#xD;&#xD;
2023-12-22 09:33:44.568+01:00 [    20] WARNING    - W&#xD;&#xD;
2023-12-22 09:33:44.568+01:00 [    20] WARNING    - W&#xD;&#xD;
2023-12-22 09:33:44.568+01:00 [    20] WARNING    - W&#xD;&#xD;
2023-12-22 09:33:44.568+01:00 [    20] WARNING    - W&#xD;&#xD;
2023-12-22 09:33:44.568+01:00 [    20] WARNING    - W&#xD;&#xD;
2023-12-22 09:33:44.568+01:00 [    20] WARNING    - W&#xD;&#xD;
2023-12-22 09:33:44.568+01:00 [    20] WARNING    - W&#xD;&#xD;
2023-12-22 09:33:44.568+01:00 [    20] WARNING    - W&#xD;&#xD;
2023-12-22 09:33:44.568+01:00 [    20] WARNING    - W&#xD;&#xD;
2023-12-22 09:33:44.568+01:00 [    20] WARNING    - W&#xD;&#xD;
2023-12-22 09:33:44.568+01:00 [    20] WARNING    - W&#xD;&#xD;
2023-12-22 09:33:44.568+01:00 [    20] WARNING    - W&#xD;&#xD;
2023-12-22 09:33:44.568+01:00 [    20] WARNING    - W&#xD;&#xD;
2023-12-22 09:33:44.568+01:00 [    20] WARNING    - W&#xD;&#xD;
2023-12-22 09:33:44.568+01:00 [    20] WARNING    - W&#xD;&#xD;
2023-12-22 09:33:44.568+01:00 [    20] WARNING    - W&#xD;&#xD;
2023-12-22 09:33:44.568+01:00 [    20] WARNING    - W&#xD;&#xD;
2023-12-22 09:33:44.568+01:00 [    20] WARNING    - W&#xD;&#xD;
2023-12-22 09:33:44.568+01:00 [    20] WARNING    - W&#xD;&#xD;
2023-12-22 09:33:44.568+01:00 [    20] WARNING    - W&#xD;&#xD;
2023-12-22 09:33:44.568+01:00 [    20] WARNING    - W&#xD;&#xD;
2023-12-22 09:33:44.568+01:00 [    20] WARNING    - W&#xD;&#xD;
2023-12-22 09:33:44.568+01:00 [    20] WARNING    - W&#xD;&#xD;
2023-12-22 09:33:44.568+01:00 [    20] WARNING    - W&#xD;&#xD;
2023-12-22 09:33:44.568+01:00 [    20] WARNING    - W&#xD;&#xD;
2023-12-22 09:33:44.568+01:00 [    20] WARNING    - W&#xD;&#xD;
2023-12-22 09:33:44.568+01:00 [    20] WARNING    - W&#xD;&#xD;
2023-12-22 09:33:44.568+01:00 [    20] WARNING    - W&#xD;&#xD;
2023-12-22 09:33:44.568+01:00 [    20] WARNING    - W&#xD;&#xD;
2023-12-22 09:33:44.568+01:00 [    20] WARNING    - W&#xD;&#xD;
2023-12-22 09:33:44.568+01:00 [    20] WARNING    - W&#xD;&#xD;
2023-12-22 09:33:44.568+01:00 [    20] WARNING    - W&#xD;&#xD;
2023-12-22 09:33:44.568+01:00 [    20] WARNING    - W&#xD;&#xD;
2023-12-22 09:33:44.568+01:00 [    20] WARNING    - W&#xD;&#xD;
2023-12-22 09:33:44.568+01:00 [    20] WARNING    - W&#xD;&#xD;
2023-12-22 09:33:44.568+01:00 [    20] WARNING    - W&#xD;&#xD;
2023-12-22 09:33:44.568+01:00 [    20] WARNING    - W&#xD;&#xD;
2023-12-22 09:33:44.568+01:00 [    20] WARNING    - W&#xD;&#xD;
2023-12-22 09:33:44.568+01:00 [    20] WARNING    - W&#xD;&#xD;
2023-12-22 09:33:44.568+01:00 [    20] WARNING    - W&#xD;&#xD;
2023-12-22 09:33:44.568+01:00 [    20] WARNING    - W&#xD;&#xD;
2023-12-22 09:33:44.568+01:00 [    20] WARNING    - W&#xD;&#xD;
2023-12-22 09:33:44.568+01:00 [    20] WARNING    - W&#xD;&#xD;
2023-12-22 09:33:44.568+01:00 [    20] WARNING    - W&#xD;&#xD;
2023-12-22 09:33:44.568+01:00 [    20] WARNING    - W&#xD;&#xD;
2023-12-22 09:33:44.568+01:00 [    20] WARNING    - W&#xD;&#xD;
2023-12-22 09:33:44.568+01:00 [    20] WARNING    - W&#xD;&#xD;
2023-12-22 09:33:44.568+01:00 [    20] WARNING    - W&#xD;&#xD;
2023-12-22 09:33:44.568+01:00 [    20] WARNING    - W&#xD;&#xD;
2023-12-22 09:33:44.568+01:00 [    20] WARNING    - W&#xD;&#xD;
2023-12-22 09:33:44.568+01:00 [    20] WARNING    - W&#xD;&#xD;
2023-12-22 09:33:44.568+01:00 [    20] WARNING    - W&#xD;&#xD;
2023-12-22 09:33:44.568+01:00 [    20] WARNING    - W&#xD;&#xD;
2023-12-22 09:33:44.568+01:00 [    20] WARNING    - W&#xD;&#xD;
2023-12-22 09:33:44.568+01:00 [    20] WARNING    - W&#xD;&#xD;
2023-12-22 09:33:44.568+01:00 [    20] WARNING    - W&#xD;&#xD;
2023-12-22 09:33:44.568+01:00 [    20] WARNING    - W&#xD;&#xD;
2023-12-22 09:33:44.568+01:00 [    20] WARNING    - W&#xD;&#xD;
2023-12-22 09:33:44.568+01:00 [    20] WARNING    - W&#xD;&#xD;
2023-12-22 09:33:44.568+01:00 [    20] WARNING    - W&#xD;&#xD;
2023-12-22 09:33:44.568+01:00 [    20] WARNING    - W&#xD;&#xD;
2023-12-22 09:33:44.568+01:00 [    20] WARNING    - W&#xD;&#xD;
2023-12-22 09:33:44.568+01:00 [    20] WARNING    - W&#xD;&#xD;
2023-12-22 09:33:44.568+01:00 [    20] WARNING    - W&#xD;&#xD;
2023-12-22 09:33:44.568+01:00 [    20] WARNING    - W&#xD;&#xD;
2023-12-22 09:33:44.568+01:00 [    20] WARNING    - W&#xD;&#xD;
2023-12-22 09:33:44.568+01:00 [    20] WARNING    - W&#xD;&#xD;
2023-12-22 09:33:44.568+01:00 [    20] WARNING    - W&#xD;&#xD;
2023-12-22 09:33:44.568+01:00 [    20] WARNING    - W&#xD;&#xD;
2023-12-22 09:33:44.568+01:00 [    20] WARNING    - W&#xD;&#xD;
2023-12-22 09:33:44.568+01:00 [    20] WARNING    - W&#xD;&#xD;
2023-12-22 09:33:44.568+01:00 [    20] WARNING    - W&#xD;&#xD;
2023-12-22 09:33:44.568+01:00 [    20] WARNING    - W&#xD;&#xD;
2023-12-22 09:33:44.568+01:00 [    20] WARNING    - W&#xD;&#xD;
2023-12-22 09:33:44.568+01:00 [    20] WARNING    - W&#xD;&#xD;
2023-12-22 09:33:44.568+01:00 [    20] WARNING    - W&#xD;&#xD;
2023-12-22 09:33:44.568+01:00 [    20] WARNING    - W&#xD;&#xD;
2023-12-22 09:33:44.568+01:00 [    20] WARNING    - W&#xD;&#xD;
2023-12-22 09:33:44.568+01:00 [    20] WARNING    - W&#xD;&#xD;
2023-12-22 09:33:44.568+01:00 [    20] WARNING    - W&#xD;&#xD;
2023-12-22 09:33:44.568+01:00 [    20] WARNING    - W&#xD;&#xD;
2023-12-22 09:33:44.568+01:00 [    20] WARNING    - W&#xD;&#xD;
2023-12-22 09:33:44.568+01:00 [    20] WARNING    - W&#xD;&#xD;
2023-12-22 09:33:44.568+01:00 [    20] WARNING    - W&#xD;&#xD;
2023-12-22 09:33:44.568+01:00 [    20] WARNING    - W&#xD;&#xD;
2023-12-22 09:33:44.568+01:00 [    20] WARNING    - W&#xD;&#xD;
2023-12-22 09:33:44.568+01:00 [    20] WARNING    - W&#xD;&#xD;
2023-12-22 09:33:44.568+01:00 [    20] WARNING    - W&#xD;&#xD;
2023-12-22 09:33:44.568+01:00 [    20] WARNING    - W&#xD;&#xD;
2023-12-22 09:33:44.568+01:00 [    20] WARNING    - W&#xD;&#xD;
2023-12-22 09:33:44.568+01:00 [    20] WARNING    - W&#xD;&#xD;
2023-12-22 09:33:44.568+01:00 [    20] WARNING    - W&#xD;&#xD;
2023-12-22 09:33:44.568+01:00 [    20] WARNING    - W&#xD;&#xD;
2023-12-22 09:33:44.568+01:00 [    20] WARNING    - W&#xD;&#xD;
2023-12-22 09:33:44.568+01:00 [    20] WARNING    - W&#xD;&#xD;
2023-12-22 09:33:44.568+01:00 [    20] WARNING    - W&#xD;&#xD;
2023-12-22 09:33:44.568+01:00 [    20] WARNING    - W&#xD;&#xD;
2023-12-22 09:33:44.568+01:00 [    20] WARNING    - W&#xD;&#xD;
2023-12-22 09:33:44.568+01:00 [    20] WARNING    - W&#xD;&#xD;
2023-12-22 09:33:44.568+01:00 [    20] WARNING    - W&#xD;&#xD;
2023-12-22 09:33:44.568+01:00 [    20] WARNING    - W&#xD;&#xD;
2023-12-22 09:33:44.568+01:00 [    20] WARNING    - W&#xD;&#xD;
2023-12-22 09:33:44.568+01:00 [    20] WARNING    - W&#xD;&#xD;
2023-12-22 09:33:44.568+01:00 [    20] WARNING    - W&#xD;&#xD;
2023-12-22 09:33:44.568+01:00 [    20] WARNING    - W&#xD;&#xD;
2023-12-22 09:33:44.568+01:00 [    20] WARNING    - W&#xD;&#xD;
2023-12-22 09:33:44.568+01:00 [    20] WARNING    - W&#xD;&#xD;
2023-12-22 09:33:44.568+01:00 [    20] WARNING    - W&#xD;&#xD;
2023-12-22 09:33:44.568+01:00 [    20] WARNING    - W&#xD;&#xD;
2023-12-22 09:33:44.568+01:00 [    20] WARNING    - W&#xD;&#xD;
2023-12-22 09:33:44.568+01:00 [    20] WARNING    - W&#xD;&#xD;
2023-12-22 09:33:44.568+01:00 [    20] WARNING    - W&#xD;&#xD;
2023-12-22 09:33:44.568+01:00 [    20] WARNING    - W&#xD;&#xD;
2023-12-22 09:33:44.568+01:00 [    20] WARNING    - W&#xD;&#xD;
2023-12-22 09:33:44.568+01:00 [    20] WARNING    - W&#xD;&#xD;
2023-12-22 09:33:44.568+01:00 [    20] WARNING    - W&#xD;&#xD;
2023-12-22 09:33:44.568+01:00 [    20] WARNING    - W&#xD;&#xD;
2023-12-22 09:33:44.568+01:00 [    20] WARNING    - W&#xD;&#xD;
2023-12-22 09:33:44.568+01:00 [    20] WARNING    - W&#xD;&#xD;
2023-12-22 09:33:44.568+01:00 [    20] WARNING    - W&#xD;&#xD;
2023-12-22 09:33:44.568+01:00 [    20] WARNING    - W&#xD;&#xD;
2023-12-22 09:33:44.568+01:00 [    20] WARNING    - W&#xD;&#xD;
2023-12-22 09:33:44.568+01:00 [    20] WARNING    - W&#xD;&#xD;
2023-12-22 09:33:44.568+01:00 [    20] WARNING    - W&#xD;&#xD;
2023-12-22 09:33:44.568+01:00 [    20] WARNING    - W&#xD;&#xD;
2023-12-22 09:33:44.568+01:00 [    20] WARNING    - W&#xD;&#xD;
2023-12-22 09:33:44.568+01:00 [    20] WARNING    - W&#xD;&#xD;
2023-12-22 09:33:44.568+01:00 [    20] WARNING    - W&#xD;&#xD;
2023-12-22 09:33:44.568+01:00 [    20] WARNING    - W&#xD;&#xD;
2023-12-22 09:33:44.568+01:00 [    20] WARNING    - W&#xD;&#xD;
2023-12-22 09:33:44.568+01:00 [    20] WARNING    - W&#xD;&#xD;
2023-12-22 09:33:44.568+01:00 [    20] WARNING    - W&#xD;&#xD;
2023-12-22 09:33:44.568+01:00 [    20] WARNING    - W&#xD;&#xD;
2023-12-22 09:33:44.568+01:00 [    20] WARNING    - W&#xD;&#xD;
2023-12-22 09:33:44.568+01:00 [    20] WARNING    - W&#xD;&#xD;
2023-12-22 09:33:44.568+01:00 [    20] WARNING    - W&#xD;&#xD;
2023-12-22 09:33:44.568+01:00 [    20] WARNING    - W&#xD;&#xD;
2023-12-22 09:33:44.568+01:00 [    20] WARNING    - W&#xD;&#xD;
2023-12-22 09:33:44.568+01:00 [    20] WARNING    - W&#xD;&#xD;
2023-12-22 09:33:44.568+01:00 [    20] WARNING    - W&#xD;&#xD;
2023-12-22 09:33:44.568+01:00 [    20] WARNING    - W&#xD;&#xD;
2023-12-22 09:33:44.568+01:00 [    20] WARNING    - W&#xD;&#xD;
2023-12-22 09:33:44.568+01:00 [    20] WARNING    - W&#xD;&#xD;
2023-12-22 09:33:44.568+01:00 [    20] WARNING    - W&#xD;&#xD;
2023-12-22 09:33:44.568+01:00 [    20] WARNING    - W&#xD;&#xD;
2023-12-22 09:33:44.568+01:00 [    20] WARNING    - W&#xD;&#xD;
2023-12-22 09:33:44.568+01:00 [    20] WARNING    - W&#xD;&#xD;
2023-12-22 09:33:44.568+01:00 [    20] WARNING    - W&#xD;&#xD;
2023-12-22 09:33:44.568+01:00 [    20] WARNING    - W&#xD;&#xD;
2023-12-22 09:33:44.568+01:00 [    20] WARNING    - W&#xD;&#xD;
2023-12-22 09:33:44.568+01:00 [    20] WARNING    - W&#xD;&#xD;
2023-12-22 09:33:44.568+01:00 [    20] WARNING    - W&#xD;&#xD;
2023-12-22 09:33:44.568+01:00 [    20] WARNING    - W&#xD;&#xD;
2023-12-22 09:33:44.568+01:00 [    20] WARNING    - W&#xD;&#xD;
2023-12-22 09:33:44.568+01:00 [    20] WARNING    - W&#xD;&#xD;
2023-12-22 09:33:44.568+01:00 [    20] WARNING    - W&#xD;&#xD;
2023-12-22 09:33:44.568+01:00 [    20] WARNING    - W&#xD;&#xD;
2023-12-22 09:33:44.568+01:00 [    20] WARNING    - W&#xD;&#xD;
2023-12-22 09:33:44.568+01:00 [    20] WARNING    - W&#xD;&#xD;
2023-12-22 09:33:44.568+01:00 [    20] WARNING    - W&#xD;&#xD;
2023-12-22 09:33:44.568+01:00 [    20] WARNING    - W&#xD;&#xD;
2023-12-22 09:33:44.568+01:00 [    20] WARNING    - W&#xD;&#xD;
2023-12-22 09:33:44.568+01:00 [    20] WARNING    - W&#xD;&#xD;
2023-12-22 09:33:44.568+01:00 [    20] WARNING    - W&#xD;&#xD;
2023-12-22 09:33:44.568+01:00 [    20] WARNING    - W&#xD;&#xD;
2023-12-22 09:33:44.568+01:00 [    20] WARNING    - W&#xD;&#xD;
2023-12-22 09:33:44.568+01:00 [    20] WARNING    - W&#xD;&#xD;
2023-12-22 09:33:44.568+01:00 [    20] WARNING    - W&#xD;&#xD;
2023-12-22 09:33:44.568+01:00 [    20] WARNING    - W&#xD;&#xD;
2023-12-22 09:33:44.568+01:00 [    20] WARNING    - W&#xD;&#xD;
2023-12-22 09:33:44.568+01:00 [    20] WARNING    - W&#xD;&#xD;
2023-12-22 09:33:44.568+01:00 [    20] WARNING    - W&#xD;&#xD;
2023-12-22 09:33:44.568+01:00 [    20] WARNING    - W&#xD;&#xD;
2023-12-22 09:33:44.568+01:00 [    20] WARNING    - W&#xD;&#xD;
2023-12-22 09:33:44.568+01:00 [    20] WARNING    - W&#xD;&#xD;
2023-12-22 09:33:44.568+01:00 [    20] WARNING    - W&#xD;&#xD;
2023-12-22 09:33:44.568+01:00 [    20] WARNING    - W&#xD;&#xD;
2023-12-22 09:33:44.568+01:00 [    20] WARNING    - W&#xD;&#xD;
2023-12-22 09:33:44.568+01:00 [    20] WARNING    - W&#xD;&#xD;
2023-12-22 09:33:44.568+01:00 [    20] WARNING    - W&#xD;&#xD;
2023-12-22 09:33:44.568+01:00 [    20] WARNING    - W&#xD;&#xD;
2023-12-22 09:33:44.568+01:00 [    20] WARNING    - W&#xD;&#xD;
2023-12-22 09:33:44.568+01:00 [    20] WARNING    - W&#xD;&#xD;
2023-12-22 09:33:44.568+01:00 [    20] WARNING    - W&#xD;&#xD;
2023-12-22 09:33:44.568+01:00 [    20] WARNING    - W&#xD;&#xD;
2023-12-22 09:33:44.568+01:00 [    20] WARNING    - W&#xD;&#xD;
2023-12-22 09:33:44.568+01:00 [    20] WARNING    - W&#xD;&#xD;
2023-12-22 09:33:44.568+01:00 [    20] WARNING    - W&#xD;&#xD;
2023-12-22 09:33:44.568+01:00 [    20] WARNING    - W&#xD;&#xD;
2023-12-22 09:33:44.568+01:00 [    20] WARNING    - W&#xD;&#xD;
2023-12-22 09:33:44.568+01:00 [    20] WARNING    - W&#xD;&#xD;
2023-12-22 09:33:44.568+01:00 [    20] WARNING    - W&#xD;&#xD;
2023-12-22 09:33:44.568+01:00 [    20] WARNING    - W&#xD;&#xD;
2023-12-22 09:33:44.568+01:00 [    20] WARNING    - W&#xD;&#xD;
2023-12-22 09:33:44.568+01:00 [    20] WARNING    - W&#xD;&#xD;
2023-12-22 09:33:44.568+01:00 [    20] WARNING    - W&#xD;&#xD;
2023-12-22 09:33:44.568+01:00 [    20] WARNING    - W&#xD;&#xD;
2023-12-22 09:33:44.568+01:00 [    20] WARNING    - W&#xD;&#xD;
2023-12-22 09:33:44.568+01:00 [    20] WARNING    - W&#xD;&#xD;
2023-12-22 09:33:44.568+01:00 [    20] WARNING    - W&#xD;&#xD;
2023-12-22 09:33:44.568+01:00 [    20] WARNING    - W&#xD;&#xD;
2023-12-22 09:33:44.568+01:00 [    20] WARNING    - W&#xD;&#xD;
2023-12-22 09:33:44.568+01:00 [    20] WARNING    - W&#xD;&#xD;
2023-12-22 09:33:44.568+01:00 [    20] WARNING    - W&#xD;&#xD;
2023-12-22 09:33:44.568+01:00 [    20] WARNING    - W&#xD;&#xD;
2023-12-22 09:33:44.568+01:00 [    20] WARNING    - W&#xD;&#xD;
2023-12-22 09:33:44.568+01:00 [    20] WARNING    - W&#xD;&#xD;
2023-12-22 09:33:44.568+01:00 [    20] WARNING    - W&#xD;&#xD;
2023-12-22 09:33:44.568+01:00 [    20] WARNING    - W&#xD;&#xD;
2023-12-22 09:33:44.568+01:00 [    20] WARNING    - W&#xD;&#xD;
2023-12-22 09:33:44.568+01:00 [    20] WARNING    - W&#xD;&#xD;
2023-12-22 09:33:44.568+01:00 [    20] WARNING    - W&#xD;&#xD;
2023-12-22 09:33:44.568+01:00 [    20] WARNING    - W&#xD;&#xD;
2023-12-22 09:33:44.568+01:00 [    20] WARNING    - W&#xD;&#xD;
2023-12-22 09:33:44.568+01:00 [    20] WARNING    - W&#xD;&#xD;
2023-12-22 09:33:44.568+01:00 [    20] WARNING    - W&#xD;&#xD;
2023-12-22 09:33:44.568+01:00 [    20] WARNING    - W&#xD;&#xD;
2023-12-22 09:33:44.568+01:00 [    20] WARNING    - W&#xD;&#xD;
2023-12-22 09:33:44.568+01:00 [    20] WARNING    - W&#xD;&#xD;
2023-12-22 09:33:44.568+01:00 [    20] WARNING    - W&#xD;&#xD;
2023-12-22 09:33:44.568+01:00 [    20] WARNING    - W&#xD;&#xD;
2023-12-22 09:33:44.568+01:00 [    20] WARNING    - W&#xD;&#xD;
2023-12-22 09:33:44.568+01:00 [    20] WARNING    - W&#xD;&#xD;
2023-12-22 09:33:44.568+01:00 [    20] WARNING    - W&#xD;&#xD;
2023-12-22 09:33:44.568+01:00 [    20] WARNING    - W&#xD;&#xD;
2023-12-22 09:33:44.568+01:00 [    20] WARNING    - W&#xD;&#xD;
2023-12-22 09:33:44.568+01:00 [    20] WARNING    - W&#xD;&#xD;
2023-12-22 09:33:44.568+01:00 [    20] WARNING    - W&#xD;&#xD;
2023-12-22 09:33:44.568+01:00 [    20] WARNING    - W&#xD;&#xD;
2023-12-22 09:33:44.568+01:00 [    20] WARNING    - W&#xD;&#xD;
2023-12-22 09:33:44.568+01:00 [    20] WARNING    - W&#xD;&#xD;
2023-12-22 09:33:44.568+01:00 [    20] WARNING    - W&#xD;&#xD;
2023-12-22 09:33:44.568+01:00 [    20] WARNING    - W&#xD;&#xD;
2023-12-22 09:33:44.568+01:00 [    20] WARNING    - W&#xD;&#xD;
2023-12-22 09:33:44.568+01:00 [    20] WARNING    - W&#xD;&#xD;
2023-12-22 09:33:44.568+01:00 [    20] WARNING    - W&#xD;&#xD;
2023-12-22 09:33:44.568+01:00 [    20] WARNING    - W&#xD;&#xD;
2023-12-22 09:33:44.568+01:00 [    20] WARNING    - W&#xD;&#xD;
2023-12-22 09:33:44.568+01:00 [    20] WARNING    - W&#xD;&#xD;
2023-12-22 09:33:44.568+01:00 [    20] WARNING    - W&#xD;&#xD;
2023-12-22 09:33:44.568+01:00 [    20] WARNING    - W&#xD;&#xD;
2023-12-22 09:33:44.568+01:00 [    20] WARNING    - W&#xD;&#xD;
2023-12-22 09:33:44.568+01:00 [    20] WARNING    - W&#xD;&#xD;
2023-12-22 09:33:44.568+01:00 [    20] WARNING    - W&#xD;&#xD;
2023-12-22 09:33:44.568+01:00 [    20] WARNING    - W&#xD;&#xD;
2023-12-22 09:33:44.568+01:00 [    20] WARNING    - W&#xD;&#xD;
2023-12-22 09:33:44.568+01:00 [    20] WARNING    - W&#xD;&#xD;
2023-12-22 09:33:44.568+01:00 [    20] WARNING    - W&#xD;&#xD;
2023-12-22 09:33:44.568+01:00 [    20] WARNING    - W&#xD;&#xD;
2023-12-22 09:33:44.568+01:00 [    20] WARNING    - W&#xD;&#xD;
2023-12-22 09:33:44.568+01:00 [    20] WARNING    - W&#xD;&#xD;
2023-12-22 09:33:44.568+01:00 [    20] WARNING    - W&#xD;&#xD;
2023-12-22 09:33:44.568+01:00 [    20] WARNING    - W&#xD;&#xD;
2023-12-22 09:33:44.568+01:00 [    20] WARNING    - W&#xD;&#xD;
2023-12-22 09:33:44.568+01:00 [    20] WARNING    - W&#xD;&#xD;
2023-12-22 09:33:44.568+01:00 [    20] WARNING    - W&#xD;&#xD;
2023-12-22 09:33:44.568+01:00 [    20] WARNING    - W&#xD;&#xD;
2023-12-22 09:33:44.568+01:00 [    20] WARNING    - W&#xD;&#xD;
2023-12-22 09:33:44.568+01:00 [    20] WARNING    - W&#xD;&#xD;
2023-12-22 09:33:44.568+01:00 [    20] WARNING    - W&#xD;&#xD;
2023-12-22 09:33:44.568+01:00 [    20] WARNING    - W&#xD;&#xD;
2023-12-22 09:33:44.568+01:00 [    20] WARNING    - W&#xD;&#xD;
2023-12-22 09:33:44.568+01:00 [    20] WARNING    - W&#xD;&#xD;
2023-12-22 09:33:44.568+01:00 [    20] WARNING    - W&#xD;&#xD;
2023-12-22 09:33:44.568+01:00 [    20] WARNING    - W&#xD;&#xD;
2023-12-22 09:33:44.568+01:00 [    20] WARNING    - W&#xD;&#xD;
2023-12-22 09:33:44.568+01:00 [    20] WARNING    - W&#xD;&#xD;
2023-12-22 09:33:44.568+01:00 [    20] WARNING    - W&#xD;&#xD;
2023-12-22 09:33:44.568+01:00 [    20] WARNING    - W&#xD;&#xD;
2023-12-22 09:33:44.568+01:00 [    20] WARNING    - W&#xD;&#xD;
2023-12-22 09:33:44.568+01:00 [    20] WARNING    - W&#xD;&#xD;
2023-12-22 09:33:44.568+01:00 [    20] WARNING    - W&#xD;&#xD;
2023-12-22 09:33:44.568+01:00 [    20] WARNING    - W&#xD;&#xD;
2023-12-22 09:33:44.568+01:00 [    20] WARNING    - W&#xD;&#xD;
2023-12-22 09:33:44.568+01:00 [    20] WARNING    - W&#xD;&#xD;
2023-12-22 09:33:44.568+01:00 [    20] WARNING    - W&#xD;&#xD;
2023-12-22 09:33:44.568+01:00 [    20] WARNING    - W&#xD;&#xD;
2023-12-22 09:33:44.568+01:00 [    20] WARNING    - W&#xD;&#xD;
2023-12-22 09:33:44.568+01:00 [    20] WARNING    - W&#xD;&#xD;
2023-12-22 09:33:44.568+01:00 [    20] WARNING    - W&#xD;&#xD;
2023-12-22 09:33:44.568+01:00 [    20] WARNING    - W&#xD;&#xD;
2023-12-22 09:33:44.568+01:00 [    20] WARNING    - W&#xD;&#xD;
2023-12-22 09:33:44.568+01:00 [    20] WARNING    - W&#xD;&#xD;
2023-12-22 09:33:44.568+01:00 [    20] WARNING    - W&#xD;&#xD;
2023-12-22 09:33:44.568+01:00 [    20] WARNING    - W&#xD;&#xD;
2023-12-22 09:33:44.568+01:00 [    20] WARNING    - W&#xD;&#xD;
2023-12-22 09:33:44.568+01:00 [    20] WARNING    - W&#xD;&#xD;
2023-12-22 09:33:44.568+01:00 [    20] WARNING    - W&#xD;&#xD;
2023-12-22 09:33:44.568+01:00 [    20] WARNING    - W&#xD;&#xD;
2023-12-22 09:33:44.568+01:00 [    20] WARNING    - W&#xD;&#xD;
2023-12-22 09:33:44.568+01:00 [    20] WARNING    - W&#xD;&#xD;
2023-12-22 09:33:44.568+01:00 [    20] WARNING    - W&#xD;&#xD;
2023-12-22 09:33:44.568+01:00 [    20] WARNING    - W&#xD;&#xD;
2023-12-22 09:33:44.568+01:00 [    20] WARNING    - W&#xD;&#xD;
2023-12-22 09:33:44.568+01:00 [    20] WARNING    - W&#xD;&#xD;
2023-12-22 09:33:44.568+01:00 [    20] WARNING    - W&#xD;&#xD;
2023-12-22 09:33:44.568+01:00 [    20] WARNING    - W&#xD;&#xD;
2023-12-22 09:33:44.568+01:00 [    20] WARNING    - W&#xD;&#xD;
2023-12-22 09:33:44.568+01:00 [    20] WARNING    - W&#xD;&#xD;
2023-12-22 09:33:44.568+01:00 [    20] WARNING    - W&#xD;&#xD;
2023-12-22 09:33:44.568+01:00 [    20] WARNING    - W&#xD;&#xD;
2023-12-22 09:33:44.568+01:00 [    20] WARNING    - W&#xD;&#xD;
2023-12-22 09:33:44.568+01:00 [    20] WARNING    - W&#xD;&#xD;
2023-12-22 09:33:44.568+01:00 [    20] WARNING    - W&#xD;&#xD;
2023-12-22 09:33:44.568+01:00 [    20] WARNING    - W&#xD;&#xD;
2023-12-22 09:33:44.568+01:00 [    20] WARNING    - W&#xD;&#xD;
2023-12-22 09:33:44.568+01:00 [    20] WARNING    - W&#xD;&#xD;
2023-12-22 09:33:44.568+01:00 [    20] WARNING    - W&#xD;&#xD;
2023-12-22 09:33:44.568+01:00 [    20] WARNING    - W&#xD;&#xD;
2023-12-22 09:33:44.568+01:00 [    20] WARNING    - W&#xD;&#xD;
2023-12-22 09:33:44.568+01:00 [    20] WARNING    - W&#xD;&#xD;
2023-12-22 09:33:44.568+01:00 [    20] WARNING    - W&#xD;&#xD;
2023-12-22 09:33:44.568+01:00 [    20] WARNING    - W&#xD;&#xD;
2023-12-22 09:33:44.568+01:00 [    20] WARNING    - W&#xD;&#xD;
2023-12-22 09:33:44.568+01:00 [    20] WARNING    - W&#xD;&#xD;
2023-12-22 09:33:44.568+01:00 [    20] WARNING    - W&#xD;&#xD;
2023-12-22 09:33:44.568+01:00 [    20] WARNING    - W&#xD;&#xD;
2023-12-22 09:33:44.568+01:00 [    20] WARNING    - W&#xD;&#xD;
2023-12-22 09:33:44.568+01:00 [    20] WARNING    - W&#xD;&#xD;
2023-12-22 09:33:44.568+01:00 [    20] WARNING    - W&#xD;&#xD;
2023-12-22 09:33:44.568+01:00 [    20] WARNING    - W&#xD;&#xD;
2023-12-22 09:33:44.568+01:00 [    20] WARNING    - W&#xD;&#xD;
2023-12-22 09:33:44.568+01:00 [    20] WARNING    - W&#xD;&#xD;
2023-12-22 09:33:44.568+01:00 [    20] WARNING    - W&#xD;&#xD;
2023-12-22 09:33:44.568+01:00 [    20] WARNING    - W&#xD;&#xD;
2023-12-22 09:33:44.568+01:00 [    20] WARNING    - W&#xD;&#xD;
2023-12-22 09:33:44.568+01:00 [    20] WARNING    - W&#xD;&#xD;
2023-12-22 09:33:44.568+01:00 [    20] WARNING    - W&#xD;&#xD;
2023-12-22 09:33:44.568+01:00 [    20] WARNING    - W&#xD;&#xD;
2023-12-22 09:33:44.568+01:00 [    20] WARNING    - W&#xD;&#xD;
2023-12-22 09:33:44.568+01:00 [    20] WARNING    - W&#xD;&#xD;
2023-12-22 09:33:44.568+01:00 [    20] WARNING    - W&#xD;&#xD;
2023-12-22 09:33:44.568+01:00 [    20] WARNING    - W&#xD;&#xD;
2023-12-22 09:33:44.568+01:00 [    20] WARNING    - W&#xD;&#xD;
2023-12-22 09:33:44.568+01:00 [    20] WARNING    - W&#xD;&#xD;
2023-12-22 09:33:44.568+01:00 [    20] WARNING    - W&#xD;&#xD;
2023-12-22 09:33:44.568+01:00 [    20] WARNING    - W&#xD;&#xD;
2023-12-22 09:33:44.568+01:00 [    20] WARNING    - W&#xD;&#xD;
2023-12-22 09:33:44.568+01:00 [    20] WARNING    - W&#xD;&#xD;
2023-12-22 09:33:44.568+01:00 [    20] WARNING    - W&#xD;&#xD;
2023-12-22 09:33:44.568+01:00 [    20] WARNING    - W&#xD;&#xD;
2023-12-22 09:33:44.568+01:00 [    20] WARNING    - W&#xD;&#xD;
2023-12-22 09:33:44.568+01:00 [    20] WARNING    - W&#xD;&#xD;
2023-12-22 09:33:44.568+01:00 [    20] WARNING    - W&#xD;&#xD;
2023-12-22 09:33:44.568+01:00 [    20] WARNING    - W&#xD;&#xD;
2023-12-22 09:33:44.568+01:00 [    20] WARNING    - W&#xD;&#xD;
2023-12-22 09:33:44.568+01:00 [    20] WARNING    - W&#xD;&#xD;
2023-12-22 09:33:44.568+01:00 [    20] WARNING    - W&#xD;&#xD;
2023-12-22 09:33:44.568+01:00 [    20] WARNING    - W&#xD;&#xD;
2023-12-22 09:33:44.568+01:00 [    20] WARNING    - W&#xD;&#xD;
2023-12-22 09:33:44.568+01:00 [    20] WARNING    - W&#xD;&#xD;
2023-12-22 09:33:44.568+01:00 [    20] WARNING    - W&#xD;&#xD;
2023-12-22 09:33:44.568+01:00 [    20] WARNING    - W&#xD;&#xD;
2023-12-22 09:33:44.568+01:00 [    20] WARNING    - W&#xD;&#xD;
2023-12-22 09:33:44.568+01:00 [    20] WARNING    - W&#xD;&#xD;
2023-12-22 09:33:44.568+01:00 [    20] WARNING    - W&#xD;&#xD;
2023-12-22 09:33:44.568+01:00 [    20] WARNING    - W&#xD;&#xD;
2023-12-22 09:33:44.568+01:00 [    20] WARNING    - W&#xD;&#xD;
2023-12-22 09:33:44.568+01:00 [    20] WARNING    - W&#xD;&#xD;
2023-12-22 09:33:44.568+01:00 [    20] WARNING    - W&#xD;&#xD;
2023-12-22 09:33:44.568+01:00 [    20] WARNING    - W&#xD;&#xD;
2023-12-22 09:33:44.568+01:00 [    20] WARNING    - W&#xD;&#xD;
2023-12-22 09:33:44.568+01:00 [    20] WARNING    - W&#xD;&#xD;
2023-12-22 09:33:44.568+01:00 [    20] WARNING    - W&#xD;&#xD;
2023-12-22 09:33:44.568+01:00 [    20] WARNING    - W&#xD;&#xD;
2023-12-22 09:33:44.568+01:00 [    20] WARNING    - W&#xD;&#xD;
2023-12-22 09:33:44.568+01:00 [    20] WARNING    - W&#xD;&#xD;
2023-12-22 09:33:44.568+01:00 [    20] WARNING    - W&#xD;&#xD;
2023-12-22 09:33:44.568+01:00 [    20] WARNING    - W&#xD;&#xD;
2023-12-22 09:33:44.568+01:00 [    20] WARNING    - W&#xD;&#xD;
2023-12-22 09:33:44.568+01:00 [    20] WARNING    - W&#xD;&#xD;
2023-12-22 09:33:44.568+01:00 [    20] WARNING    - W&#xD;&#xD;
2023-12-22 09:33:44.568+01:00 [    20] WARNING    - W&#xD;&#xD;
2023-12-22 09:33:44.568+01:00 [    20] WARNING    - W&#xD;&#xD;
2023-12-22 09:33:44.568+01:00 [    20] WARNING    - W&#xD;&#xD;
2023-12-22 09:33:44.568+01:00 [    20] WARNING    - W&#xD;&#xD;
2023-12-22 09:33:44.568+01:00 [    20] WARNING    - W&#xD;&#xD;
2023-12-22 09:33:44.568+01:00 [    20] WARNING    - W&#xD;&#xD;
2023-12-22 09:33:44.568+01:00 [    20] WARNING    - W&#xD;&#xD;
2023-12-22 09:33:44.568+01:00 [    20] WARNING    - W&#xD;&#xD;
2023-12-22 09:33:44.568+01:00 [    20] WARNING    - W&#xD;&#xD;
2023-12-22 09:33:44.568+01:00 [    20] WARNING    - W&#xD;&#xD;
2023-12-22 09:33:44.568+01:00 [    20] WARNING    - W&#xD;&#xD;
2023-12-22 09:33:44.568+01:00 [    20] WARNING    - W&#xD;&#xD;
2023-12-22 09:33:44.568+01:00 [    20] WARNING    - W&#xD;&#xD;
2023-12-22 09:33:44.568+01:00 [    20] WARNING    - W&#xD;&#xD;
2023-12-22 09:33:44.568+01:00 [    20] WARNING    - W&#xD;&#xD;
2023-12-22 09:33:44.568+01:00 [    20] WARNING    - W&#xD;&#xD;
2023-12-22 09:33:44.568+01:00 [    20] WARNING    - W&#xD;&#xD;
2023-12-22 09:33:44.568+01:00 [    20] WARNING    - W&#xD;&#xD;
2023-12-22 09:33:44.568+01:00 [    20] WARNING    - W&#xD;&#xD;
2023-12-22 09:33:44.568+01:00 [    20] WARNING    - W&#xD;&#xD;
2023-12-22 09:33:44.568+01:00 [    20] WARNING    - W&#xD;&#xD;
2023-12-22 09:33:44.568+01:00 [    20] WARNING    - W&#xD;&#xD;
2023-12-22 09:33:44.568+01:00 [    20] WARNING    - W&#xD;&#xD;
2023-12-22 09:33:44.568+01:00 [    20] WARNING    - W&#xD;&#xD;
2023-12-22 09:33:44.568+01:00 [    20] WARNING    - W&#xD;&#xD;
2023-12-22 09:33:44.568+01:00 [    20] WARNING    - W&#xD;&#xD;
2023-12-22 09:33:44.568+01:00 [    20] WARNING    - W&#xD;&#xD;
2023-12-22 09:33:44.568+01:00 [    20] WARNING    - W&#xD;&#xD;
2023-12-22 09:33:44.568+01:00 [    20] WARNING    - W&#xD;&#xD;
2023-12-22 09:33:44.568+01:00 [    20] WARNING    - W&#xD;&#xD;
2023-12-22 09:33:44.568+01:00 [    20] WARNING    - W&#xD;&#xD;
2023-12-22 09:33:44.568+01:00 [    20] WARNING    - W&#xD;&#xD;
2023-12-22 09:33:44.568+01:00 [    20] WARNING    - W&#xD;&#xD;
2023-12-22 09:33:44.568+01:00 [    20] WARNING    - W&#xD;&#xD;
2023-12-22 09:33:44.568+01:00 [    20] WARNING    - W&#xD;&#xD;
2023-12-22 09:33:44.568+01:00 [    20] WARNING    - W&#xD;&#xD;
2023-12-22 09:33:44.568+01:00 [    20] WARNING    - W&#xD;&#xD;
2023-12-22 09:33:44.568+01:00 [    20] WARNING    - W&#xD;&#xD;
2023-12-22 09:33:44.568+01:00 [    20] WARNING    - W&#xD;&#xD;
2023-12-22 09:33:44.568+01:00 [    20] WARNING    - W&#xD;&#xD;
2023-12-22 09:33:44.568+01:00 [    20] WARNING    - W&#xD;&#xD;
2023-12-22 09:33:44.568+01:00 [    20] WARNING    - W&#xD;&#xD;
2023-12-22 09:33:44.568+01:00 [    20] WARNING    - W&#xD;&#xD;
2023-12-22 09:33:44.568+01:00 [    20] WARNING    - W&#xD;&#xD;
2023-12-22 09:33:44.568+01:00 [    20] WARNING    - W&#xD;&#xD;
2023-12-22 09:33:44.568+01:00 [    20] WARNING    - W&#xD;&#xD;
2023-12-22 09:33:44.568+01:00 [    20] WARNING    - W&#xD;&#xD;
2023-12-22 09:33:44.568+01:00 [    20] WARNING    - W&#xD;&#xD;
2023-12-22 09:33:44.568+01:00 [    20] WARNING    - W&#xD;&#xD;
2023-12-22 09:33:44.568+01:00 [    20] WARNING    - W&#xD;&#xD;
2023-12-22 09:33:44.568+01:00 [    20] WARNING    - W&#xD;&#xD;
2023-12-22 09:33:44.568+01:00 [    20] WARNING    - W&#xD;&#xD;
2023-12-22 09:33:44.568+01:00 [    20] WARNING    - W&#xD;&#xD;
2023-12-22 09:33:44.568+01:00 [    20] WARNING    - W&#xD;&#xD;
2023-12-22 09:33:44.568+01:00 [    20] WARNING    - W&#xD;&#xD;
2023-12-22 09:33:44.568+01:00 [    20] WARNING    - W&#xD;&#xD;
2023-12-22 09:33:44.568+01:00 [    20] WARNING    - W&#xD;&#xD;
2023-12-22 09:33:44.568+01:00 [    20] WARNING    - W&#xD;&#xD;
2023-12-22 09:33:44.568+01:00 [    20] WARNING    - W&#xD;&#xD;
2023-12-22 09:33:44.568+01:00 [    20] WARNING    - W&#xD;&#xD;
2023-12-22 09:33:44.568+01:00 [    20] WARNING    - W&#xD;&#xD;
2023-12-22 09:33:44.568+01:00 [    20] WARNING    - W&#xD;&#xD;
2023-12-22 09:33:44.568+01:00 [    20] WARNING    - W&#xD;&#xD;
2023-12-22 09:33:44.568+01:00 [    20] WARNING    - W&#xD;&#xD;
2023-12-22 09:33:44.568+01:00 [    20] WARNING    - W&#xD;&#xD;
2023-12-22 09:33:44.568+01:00 [    20] WARNING    - W&#xD;&#xD;
2023-12-22 09:33:44.568+01:00 [    20] WARNING    - W&#xD;&#xD;
2023-12-22 09:33:44.568+01:00 [    20] WARNING    - W&#xD;&#xD;
2023-12-22 09:33:44.568+01:00 [    20] WARNING    - W&#xD;&#xD;
2023-12-22 09:33:44.568+01:00 [    20] WARNING    - W&#xD;&#xD;
2023-12-22 09:33:44.568+01:00 [    20] WARNING    - W&#xD;&#xD;
2023-12-22 09:33:44.568+01:00 [    20] WARNING    - W&#xD;&#xD;
2023-12-22 09:33:44.568+01:00 [    20] WARNING    - W&#xD;&#xD;
2023-12-22 09:33:44.568+01:00 [    20] WARNING    - W&#xD;&#xD;
2023-12-22 09:33:44.568+01:00 [    20] WARNING    - W&#xD;&#xD;
2023-12-22 09:33:44.568+01:00 [    20] WARNING    - W&#xD;&#xD;
2023-12-22 09:33:44.568+01:00 [    20] WARNING    - W&#xD;&#xD;
2023-12-22 09:33:44.568+01:00 [    20] WARNING    - W&#xD;&#xD;
2023-12-22 09:33:44.568+01:00 [    20] WARNING    - W&#xD;&#xD;
2023-12-22 09:33:44.568+01:00 [    20] WARNING    - W&#xD;&#xD;
2023-12-22 09:33:44.568+01:00 [    20] WARNING    - W&#xD;&#xD;
2023-12-22 09:33:44.568+01:00 [    20] WARNING    - W&#xD;&#xD;
2023-12-22 09:33:44.568+01:00 [    20] WARNING    - W&#xD;&#xD;
2023-12-22 09:33:44.568+01:00 [    20] WARNING    - W&#xD;&#xD;
2023-12-22 09:33:44.568+01:00 [    20] WARNING    - W&#xD;&#xD;
2023-12-22 09:33:44.568+01:00 [    20] WARNING    - W&#xD;&#xD;
2023-12-22 09:33:44.568+01:00 [    20] WARNING    - W&#xD;&#xD;
2023-12-22 09:33:44.568+01:00 [    20] WARNING    - W&#xD;&#xD;
2023-12-22 09:33:44.568+01:00 [    20] WARNING    - W&#xD;&#xD;
2023-12-22 09:33:44.568+01:00 [    20] WARNING    - W&#xD;&#xD;
2023-12-22 09:33:44.568+01:00 [    20] WARNING    - W&#xD;&#xD;
2023-12-22 09:33:44.568+01:00 [    20] WARNING    - W&#xD;&#xD;
2023-12-22 09:33:44.568+01:00 [    20] WARNING    - W&#xD;&#xD;
2023-12-22 09:33:44.568+01:00 [    20] WARNING    - W&#xD;&#xD;
2023-12-22 09:33:44.568+01:00 [    20] WARNING    - W&#xD;&#xD;
2023-12-22 09:33:44.568+01:00 [    20] WARNING    - W&#xD;&#xD;
2023-12-22 09:33:44.568+01:00 [    20] WARNING    - W&#xD;&#xD;
2023-12-22 09:33:44.568+01:00 [    20] WARNING    - W&#xD;&#xD;
2023-12-22 09:33:44.568+01:00 [    20] WARNING    - W&#xD;&#xD;
2023-12-22 09:33:44.568+01:00 [    20] WARNING    - W&#xD;&#xD;
2023-12-22 09:33:44.568+01:00 [    20] WARNING    - W&#xD;&#xD;
2023-12-22 09:33:44.568+01:00 [    20] WARNING    - W&#xD;&#xD;
2023-12-22 09:33:44.568+01:00 [    20] WARNING    - W&#xD;&#xD;
2023-12-22 09:33:44.568+01:00 [    20] WARNING    - W&#xD;&#xD;
2023-12-22 09:33:44.568+01:00 [    20] WARNING    - W&#xD;&#xD;
2023-12-22 09:33:44.568+01:00 [    20] WARNING    - W&#xD;&#xD;
2023-12-22 09:33:44.568+01:00 [    20] WARNING    - W&#xD;&#xD;
2023-12-22 09:33:44.568+01:00 [    20] WARNING    - W&#xD;&#xD;
2023-12-22 09:33:44.568+01:00 [    20] WARNING    - W&#xD;&#xD;
2023-12-22 09:33:44.568+01:00 [    20] WARNING    - W&#xD;&#xD;
2023-12-22 09:33:44.568+01:00 [    20] WARNING    - W&#xD;&#xD;
2023-12-22 09:33:44.568+01:00 [    20] WARNING    - W&#xD;&#xD;
2023-12-22 09:33:44.568+01:00 [    20] WARNING    - W&#xD;&#xD;
2023-12-22 09:33:44.568+01:00 [    20] WARNING    - W&#xD;&#xD;
2023-12-22 09:33:44.568+01:00 [    20] WARNING    - W&#xD;&#xD;
2023-12-22 09:33:44.568+01:00 [    20] WARNING    - W&#xD;&#xD;
2023-12-22 09:33:44.568+01:00 [    20] WARNING    - W&#xD;&#xD;
2023-12-22 09:33:44.568+01:00 [    20] WARNING    - W&#xD;&#xD;
2023-12-22 09:33:44.568+01:00 [    20] WARNING    - W&#xD;&#xD;
2023-12-22 09:33:44.568+01:00 [    20] WARNING    - W&#xD;&#xD;
2023-12-22 09:33:44.568+01:00 [    20] WARNING    - W&#xD;&#xD;
2023-12-22 09:33:44.568+01:00 [    20] WARNING    - W&#xD;&#xD;
2023-12-22 09:33:44.568+01:00 [    20] WARNING    - W&#xD;&#xD;
2023-12-22 09:33:44.568+01:00 [    20] WARNING    - W&#xD;&#xD;
2023-12-22 09:33:44.568+01:00 [    20] WARNING    - W&#xD;&#xD;
2023-12-22 09:33:44.568+01:00 [    20] WARNING    - W&#xD;&#xD;
2023-12-22 09:33:44.568+01:00 [    20] WARNING    - W&#xD;&#xD;
2023-12-22 09:33:44.568+01:00 [    20] WARNING    - W&#xD;&#xD;
2023-12-22 09:33:44.568+01:00 [    20] WARNING    - W&#xD;&#xD;
2023-12-22 09:33:44.568+01:00 [    20] WARNING    - W&#xD;&#xD;
2023-12-22 09:33:44.568+01:00 [    20] WARNING    - W&#xD;&#xD;
2023-12-22 09:33:44.568+01:00 [    20] WARNING    - W&#xD;&#xD;
2023-12-22 09:33:44.568+01:00 [    20] WARNING    - W&#xD;&#xD;
2023-12-22 09:33:44.568+01:00 [    20] WARNING    - W&#xD;&#xD;
2023-12-22 09:33:44.568+01:00 [    20] WARNING    - W&#xD;&#xD;
2023-12-22 09:33:44.568+01:00 [    20] WARNING    - W&#xD;&#xD;
2023-12-22 09:33:44.568+01:00 [    20] WARNING    - W&#xD;&#xD;
2023-12-22 09:33:44.568+01:00 [    20] WARNING    - W&#xD;&#xD;
2023-12-22 09:33:44.568+01:00 [    20] WARNING    - W&#xD;&#xD;
2023-12-22 09:33:44.568+01:00 [    20] WARNING    - W&#xD;&#xD;
2023-12-22 09:33:44.568+01:00 [    20] WARNING    - W&#xD;&#xD;
2023-12-22 09:33:44.568+01:00 [    20] WARNING    - W&#xD;&#xD;
2023-12-22 09:33:44.568+01:00 [    20] WARNING    - W&#xD;&#xD;
2023-12-22 09:33:44.568+01:00 [    20] WARNING    - W&#xD;&#xD;
2023-12-22 09:33:44.568+01:00 [    20] WARNING    - W&#xD;&#xD;
2023-12-22 09:33:44.568+01:00 [    20] WARNING    - W&#xD;&#xD;
2023-12-22 09:33:44.568+01:00 [    20] WARNING    - W&#xD;&#xD;
2023-12-22 09:33:44.568+01:00 [    20] WARNING    - W&#xD;&#xD;
2023-12-22 09:33:44.568+01:00 [    20] WARNING    - W&#xD;&#xD;
2023-12-22 09:33:44.568+01:00 [    20] WARNING    - W&#xD;&#xD;
2023-12-22 09:33:44.568+01:00 [    20] WARNING    - W&#xD;&#xD;
2023-12-22 09:33:44.568+01:00 [    20] WARNING    - W&#xD;&#xD;
2023-12-22 09:33:44.568+01:00 [    20] WARNING    - W&#xD;&#xD;
2023-12-22 09:33:44.568+01:00 [    20] WARNING    - W&#xD;&#xD;
2023-12-22 09:33:44.568+01:00 [    20] WARNING    - W&#xD;&#xD;
2023-12-22 09:33:44.568+01:00 [    20] WARNING    - W&#xD;&#xD;
2023-12-22 09:33:44.568+01:00 [    20] WARNING    - W&#xD;&#xD;
2023-12-22 09:33:44.568+01:00 [    20] WARNING    - W&#xD;&#xD;
2023-12-22 09:33:44.568+01:00 [    20] WARNING    - W&#xD;&#xD;
2023-12-22 09:33:44.568+01:00 [    20] WARNING    - W&#xD;&#xD;
2023-12-22 09:33:44.568+01:00 [    20] WARNING    - W&#xD;&#xD;
2023-12-22 09:33:44.568+01:00 [    20] WARNING    - W&#xD;&#xD;
2023-12-22 09:33:44.568+01:00 [    20] WARNING    - W&#xD;&#xD;
2023-12-22 09:33:44.568+01:00 [    20] WARNING    - W&#xD;&#xD;
2023-12-22 09:33:44.568+01:00 [    20] WARNING    - W&#xD;&#xD;
2023-12-22 09:33:44.568+01:00 [    20] WARNING    - W&#xD;&#xD;
2023-12-22 09:33:44.568+01:00 [    20] WARNING    - W&#xD;&#xD;
2023-12-22 09:33:44.568+01:00 [    20] WARNING    - W&#xD;&#xD;
2023-12-22 09:33:44.568+01:00 [    20] WARNING    - W&#xD;&#xD;
2023-12-22 09:33:44.568+01:00 [    20] WARNING    - W&#xD;&#xD;
2023-12-22 09:33:44.568+01:00 [    20] WARNING    - W&#xD;&#xD;
2023-12-22 09:33:44.568+01:00 [    20] WARNING    - W&#xD;&#xD;
2023-12-22 09:33:44.568+01:00 [    20] WARNING    - W&#xD;&#xD;
2023-12-22 09:33:44.568+01:00 [    20] WARNING    - W&#xD;&#xD;
2023-12-22 09:33:44.568+01:00 [    20] WARNING    - W&#xD;&#xD;
2023-12-22 09:33:44.568+01:00 [    20] WARNING    - W&#xD;&#xD;
2023-12-22 09:33:44.568+01:00 [    20] WARNING    - W&#xD;&#xD;
2023-12-22 09:33:44.568+01:00 [    20] WARNING    - W&#xD;&#xD;
2023-12-22 09:33:44.568+01:00 [    20] WARNING    - W&#xD;&#xD;
2023-12-22 09:33:44.568+01:00 [    20] WARNING    - W&#xD;&#xD;
2023-12-22 09:33:44.568+01:00 [    20] WARNING    - W&#xD;&#xD;
2023-12-22 09:33:44.568+01:00 [    20] WARNING    - W&#xD;&#xD;
2023-12-22 09:33:44.568+01:00 [    20] WARNING    - W&#xD;&#xD;
2023-12-22 09:33:44.568+01:00 [    20] WARNING    - W&#xD;&#xD;
2023-12-22 09:33:44.568+01:00 [    20] WARNING    - W&#xD;&#xD;
2023-12-22 09:33:44.568+01:00 [    20] WARNING    - W&#xD;&#xD;
2023-12-22 09:33:44.568+01:00 [    20] WARNING    - W&#xD;&#xD;
2023-12-22 09:33:44.568+01:00 [    20] WARNING    - W&#xD;&#xD;
2023-12-22 09:33:44.568+01:00 [    20] WARNING    - W&#xD;&#xD;
2023-12-22 09:33:44.568+01:00 [    20] WARNING    - W&#xD;&#xD;
2023-12-22 09:33:44.568+01:00 [    20] WARNING    - W&#xD;&#xD;
2023-12-22 09:33:44.568+01:00 [    20] WARNING    - W&#xD;&#xD;
2023-12-22 09:33:44.568+01:00 [    20] WARNING    - W&#xD;&#xD;
2023-12-22 09:33:44.568+01:00 [    20] WARNING    - W&#xD;&#xD;
2023-12-22 09:33:44.568+01:00 [    20] WARNING    - W&#xD;&#xD;
2023-12-22 09:33:44.568+01:00 [    20] WARNING    - W&#xD;&#xD;
2023-12-22 09:33:44.568+01:00 [    20] WARNING    - W&#xD;&#xD;
2023-12-22 09:33:44.568+01:00 [    20] WARNING    - W&#xD;&#xD;
2023-12-22 09:33:44.568+01:00 [    20] WARNING    - W&#xD;&#xD;
2023-12-22 09:33:44.568+01:00 [    20] WARNING    - W&#xD;&#xD;
2023-12-22 09:33:44.568+01:00 [    20] WARNING    - W&#xD;&#xD;
2023-12-22 09:33:44.568+01:00 [    20] WARNING    - W&#xD;&#xD;
2023-12-22 09:33:44.568+01:00 [    20] WARNING    - W&#xD;&#xD;
2023-12-22 09:33:44.568+01:00 [    20] WARNING    - W&#xD;&#xD;
2023-12-22 09:33:44.568+01:00 [    20] WARNING    - W&#xD;&#xD;
2023-12-22 09:33:44.568+01:00 [    20] WARNING    - W&#xD;&#xD;
2023-12-22 09:33:44.568+01:00 [    20] WARNING    - W&#xD;&#xD;
2023-12-22 09:33:44.568+01:00 [    20] WARNING    - W&#xD;&#xD;
2023-12-22 09:33:44.568+01:00 [    20] WARNING    - W&#xD;&#xD;
2023-12-22 09:33:44.568+01:00 [    20] WARNING    - W&#xD;&#xD;
2023-12-22 09:33:44.568+01:00 [    20] WARNING    - W&#xD;&#xD;
2023-12-22 09:33:44.568+01:00 [    20] WARNING    - W&#xD;&#xD;
2023-12-22 09:33:44.568+01:00 [    20] WARNING    - W&#xD;&#xD;
2023-12-22 09:33:44.568+01:00 [    20] WARNING    - W&#xD;&#xD;
2023-12-22 09:33:44.568+01:00 [    20] WARNING    - W&#xD;&#xD;
2023-12-22 09:33:44.568+01:00 [    20] WARNING    - W&#xD;&#xD;
2023-12-22 09:33:44.568+01:00 [    20] WARNING    - W&#xD;&#xD;
2023-12-22 09:33:44.568+01:00 [    20] WARNING    - W&#xD;&#xD;
2023-12-22 09:33:44.568+01:00 [    20] WARNING    - W&#xD;&#xD;
2023-12-22 09:33:44.568+01:00 [    20] WARNING    - W&#xD;&#xD;
2023-12-22 09:33:44.568+01:00 [    20] WARNING    - W&#xD;&#xD;
2023-12-22 09:33:44.568+01:00 [    20] WARNING    - W&#xD;&#xD;
2023-12-22 09:33:44.568+01:00 [    20] WARNING    - W&#xD;&#xD;
2023-12-22 09:33:44.568+01:00 [    20] WARNING    - W&#xD;&#xD;
2023-12-22 09:33:44.568+01:00 [    20] WARNING    - W&#xD;&#xD;
2023-12-22 09:33:44.568+01:00 [    20] WARNING    - W&#xD;&#xD;
2023-12-22 09:33:44.568+01:00 [    20] WARNING    - W&#xD;&#xD;
2023-12-22 09:33:44.568+01:00 [    20] WARNING    - W&#xD;&#xD;
2023-12-22 09:33:44.568+01:00 [    20] WARNING    - W&#xD;&#xD;
2023-12-22 09:33:44.568+01:00 [    20] WARNING    - W&#xD;&#xD;
2023-12-22 09:33:44.568+01:00 [    20] WARNING    - W&#xD;&#xD;
2023-12-22 09:33:44.568+01:00 [    20] WARNING    - W&#xD;&#xD;
2023-12-22 09:33:44.568+01:00 [    20] WARNING    - W&#xD;&#xD;
2023-12-22 09:33:44.568+01:00 [    20] WARNING    - W&#xD;&#xD;
2023-12-22 09:33:44.568+01:00 [    20] WARNING    - W&#xD;&#xD;
2023-12-22 09:33:44.568+01:00 [    20] WARNING    - W&#xD;&#xD;
2023-12-22 09:33:44.568+01:00 [    20] WARNING    - W&#xD;&#xD;
2023-12-22 09:33:44.568+01:00 [    20] WARNING    - W&#xD;&#xD;
2023-12-22 09:33:44.568+01:00 [    20] WARNING    - W&#xD;&#xD;
2023-12-22 09:33:44.568+01:00 [    20] WARNING    - W&#xD;&#xD;
2023-12-22 09:33:44.568+01:00 [    20] WARNING    - W&#xD;&#xD;
2023-12-22 09:33:44.568+01:00 [    20] WARNING    - W&#xD;&#xD;
2023-12-22 09:33:44.568+01:00 [    20] WARNING    - W&#xD;&#xD;
2023-12-22 09:33:44.568+01:00 [    20] WARNING    - W&#xD;&#xD;
2023-12-22 09:33:44.568+01:00 [    20] WARNING    - W&#xD;&#xD;
2023-12-22 09:33:44.568+01:00 [    20] WARNING    - W&#xD;&#xD;
2023-12-22 09:33:44.568+01:00 [    20] WARNING    - W&#xD;&#xD;
2023-12-22 09:33:44.568+01:00 [    20] WARNING    - W&#xD;&#xD;
2023-12-22 09:33:44.568+01:00 [    20] WARNING    - W&#xD;&#xD;
2023-12-22 09:33:44.568+01:00 [    20] WARNING    - W&#xD;&#xD;
2023-12-22 09:33:44.568+01:00 [    20] WARNING    - W&#xD;&#xD;
2023-12-22 09:33:44.568+01:00 [    20] WARNING    - W&#xD;&#xD;
2023-12-22 09:33:44.568+01:00 [    20] WARNING    - W&#xD;&#xD;
2023-12-22 09:33:44.568+01:00 [    20] WARNING    - W&#xD;&#xD;
2023-12-22 09:33:44.568+01:00 [    20] WARNING    - W&#xD;&#xD;
2023-12-22 09:33:44.568+01:00 [    20] WARNING    - W&#xD;&#xD;
2023-12-22 09:33:44.568+01:00 [    20] WARNING    - W&#xD;&#xD;
2023-12-22 09:33:44.568+01:00 [    20] WARNING    - W&#xD;&#xD;
2023-12-22 09:33:44.568+01:00 [    20] WARNING    - W&#xD;&#xD;
2023-12-22 09:33:44.568+01:00 [    20] WARNING    - W&#xD;&#xD;
2023-12-22 09:33:44.568+01:00 [    20] WARNING    - W&#xD;&#xD;
2023-12-22 09:33:44.568+01:00 [    20] WARNING    - W&#xD;&#xD;
2023-12-22 09:33:44.568+01:00 [    20] WARNING    - W&#xD;&#xD;
2023-12-22 09:33:44.568+01:00 [    20] WARNING    - W&#xD;&#xD;
2023-12-22 09:33:44.568+01:00 [    20] WARNING    - W&#xD;&#xD;
2023-12-22 09:33:44.568+01:00 [    20] WARNING    - W&#xD;&#xD;
2023-12-22 09:33:44.568+01:00 [    20] WARNING    - W&#xD;&#xD;
2023-12-22 09:33:44.568+01:00 [    20] WARNING    - W&#xD;&#xD;
2023-12-22 09:33:44.568+01:00 [    20] WARNING    - W&#xD;&#xD;
2023-12-22 09:33:44.568+01:00 [    20] WARNING    - W&#xD;&#xD;
2023-12-22 09:33:44.568+01:00 [    20] WARNING    - W&#xD;&#xD;
2023-12-22 09:33:44.568+01:00 [    20] WARNING    - W&#xD;&#xD;
2023-12-22 09:33:44.568+01:00 [    20] WARNING    - W&#xD;&#xD;
2023-12-22 09:33:44.568+01:00 [    20] WARNING    - W&#xD;&#xD;
2023-12-22 09:33:44.568+01:00 [    20] WARNING    - W&#xD;&#xD;
2023-12-22 09:33:44.568+01:00 [    20] WARNING    - W&#xD;&#xD;
2023-12-22 09:33:44.568+01:00 [    20] WARNING    - W&#xD;&#xD;
2023-12-22 09:33:44.568+01:00 [    20] WARNING    - W&#xD;&#xD;
2023-12-22 09:33:44.568+01:00 [    20] WARNING    - W&#xD;&#xD;
2023-12-22 09:33:44.568+01:00 [    20] WARNING    - W&#xD;&#xD;
2023-12-22 09:33:44.568+01:00 [    20] WARNING    - W&#xD;&#xD;
2023-12-22 09:33:44.568+01:00 [    20] WARNING    - W&#xD;&#xD;
2023-12-22 09:33:44.568+01:00 [    20] WARNING    - W&#xD;&#xD;
2023-12-22 09:33:44.568+01:00 [    20] WARNING    - W&#xD;&#xD;
2023-12-22 09:33:44.568+01:00 [    20] WARNING    - W&#xD;&#xD;
2023-12-22 09:33:44.568+01:00 [    20] WARNING    - W&#xD;&#xD;
2023-12-22 09:33:44.568+01:00 [    20] WARNING    - W&#xD;&#xD;
2023-12-22 09:33:44.568+01:00 [    20] WARNING    - W&#xD;&#xD;
2023-12-22 09:33:44.568+01:00 [    20] WARNING    - W&#xD;&#xD;
2023-12-22 09:33:44.568+01:00 [    20] WARNING    - W&#xD;&#xD;
2023-12-22 09:33:44.568+01:00 [    20] WARNING    - W&#xD;&#xD;
2023-12-22 09:33:44.568+01:00 [    20] WARNING    - W&#xD;&#xD;
2023-12-22 09:33:44.568+01:00 [    20] WARNING    - W&#xD;&#xD;
2023-12-22 09:33:44.568+01:00 [    20] WARNING    - W&#xD;&#xD;
2023-12-22 09:33:44.568+01:00 [    20] WARNING    - W&#xD;&#xD;
2023-12-22 09:33:44.568+01:00 [    20] WARNING    - W&#xD;&#xD;
2023-12-22 09:33:44.568+01:00 [    20] WARNING    - W&#xD;&#xD;
2023-12-22 09:33:44.568+01:00 [    20] WARNING    - W&#xD;&#xD;
2023-12-22 09:33:44.568+01:00 [    20] WARNING    - W&#xD;&#xD;
2023-12-22 09:33:44.568+01:00 [    20] WARNING    - W&#xD;&#xD;
2023-12-22 09:33:44.568+01:00 [    20] WARNING    - W&#xD;&#xD;
2023-12-22 09:33:44.568+01:00 [    20] WARNING    - W&#xD;&#xD;
2023-12-22 09:33:44.568+01:00 [    20] WARNING    - W&#xD;&#xD;
2023-12-22 09:33:44.568+01:00 [    20] WARNING    - W&#xD;&#xD;
2023-12-22 09:33:44.568+01:00 [    20] WARNING    - W&#xD;&#xD;
2023-12-22 09:33:44.568+01:00 [    20] WARNING    - W&#xD;&#xD;
2023-12-22 09:33:44.568+01:00 [    20] WARNING    - W&#xD;&#xD;
2023-12-22 09:33:44.568+01:00 [    20] WARNING    - W&#xD;&#xD;
2023-12-22 09:33:44.568+01:00 [    20] WARNING    - W&#xD;&#xD;
2023-12-22 09:33:44.568+01:00 [    20] WARNING    - W&#xD;&#xD;
2023-12-22 09:33:44.568+01:00 [    20] WARNING    - W&#xD;&#xD;
2023-12-22 09:33:44.568+01:00 [    20] WARNING    - W&#xD;&#xD;
2023-12-22 09:33:44.568+01:00 [    20] WARNING    - W&#xD;&#xD;
2023-12-22 09:33:44.568+01:00 [    20] WARNING    - W&#xD;&#xD;
2023-12-22 09:33:44.568+01:00 [    20] WARNING    - W&#xD;&#xD;
2023-12-22 09:33:44.568+01:00 [    20] WARNING    - W&#xD;&#xD;
2023-12-22 09:33:44.568+01:00 [    20] WARNING    - W&#xD;&#xD;
2023-12-22 09:33:44.568+01:00 [    20] WARNING    - W&#xD;&#xD;
2023-12-22 09:33:44.568+01:00 [    20] WARNING    - W&#xD;&#xD;
2023-12-22 09:33:44.568+01:00 [    20] WARNING    - W&#xD;&#xD;
2023-12-22 09:33:44.568+01:00 [    20] WARNING    - W&#xD;&#xD;
2023-12-22 09:33:44.568+01:00 [    20] WARNING    - W&#xD;&#xD;
2023-12-22 09:33:44.568+01:00 [    20] WARNING    - W&#xD;&#xD;
2023-12-22 09:33:44.568+01:00 [    20] WARNING    - W&#xD;&#xD;
2023-12-22 09:33:44.568+01:00 [    20] WARNING    - W&#xD;&#xD;
2023-12-22 09:33:44.568+01:00 [    20] WARNING    - W&#xD;&#xD;
2023-12-22 09:33:44.568+01:00 [    20] WARNING    - W&#xD;&#xD;
2023-12-22 09:33:44.568+01:00 [    20] WARNING    - W&#xD;&#xD;
2023-12-22 09:33:44.568+01:00 [    20] WARNING    - W&#xD;&#xD;
2023-12-22 09:33:44.568+01:00 [    20] WARNING    - W&#xD;&#xD;
2023-12-22 09:33:44.568+01:00 [    20] WARNING    - W&#xD;&#xD;
2023-12-22 09:33:44.568+01:00 [    20] WARNING    - W&#xD;&#xD;
2023-12-22 09:33:44.568+01:00 [    20] WARNING    - W&#xD;&#xD;
2023-12-22 09:33:44.568+01:00 [    20] WARNING    - W&#xD;&#xD;
2023-12-22 09:33:44.568+01:00 [    20] WARNING    - W&#xD;&#xD;
2023-12-22 09:33:44.568+01:00 [    20] WARNING    - W&#xD;&#xD;
2023-12-22 09:33:44.568+01:00 [    20] WARNING    - W&#xD;&#xD;
2023-12-22 09:33:44.568+01:00 [    20] WARNING    - W&#xD;&#xD;
2023-12-22 09:33:44.568+01:00 [    20] WARNING    - W&#xD;&#xD;
2023-12-22 09:33:44.568+01:00 [    20] WARNING    - W&#xD;&#xD;
2023-12-22 09:33:44.568+01:00 [    20] WARNING    - W&#xD;&#xD;
2023-12-22 09:33:44.568+01:00 [    20] WARNING    - W&#xD;&#xD;
2023-12-22 09:33:44.568+01:00 [    20] WARNING    - W&#xD;&#xD;
2023-12-22 09:33:44.568+01:00 [    20] WARNING    - W&#xD;&#xD;
2023-12-22 09:33:44.568+01:00 [    20] WARNING    - W&#xD;&#xD;
2023-12-22 09:33:44.568+01:00 [    20] WARNING    - W&#xD;&#xD;
2023-12-22 09:33:44.568+01:00 [    20] WARNING    - W&#xD;&#xD;
2023-12-22 09:33:44.568+01:00 [    20] WARNING    - W&#xD;&#xD;
2023-12-22 09:33:44.568+01:00 [    20] WARNING    - W&#xD;&#xD;
2023-12-22 09:33:44.568+01:00 [    20] WARNING    - W&#xD;&#xD;
2023-12-22 09:33:44.568+01:00 [    20] WARNING    - W&#xD;&#xD;
2023-12-22 09:33:44.568+01:00 [    20] WARNING    - W&#xD;&#xD;
2023-12-22 09:33:44.568+01:00 [    20] WARNING    - W&#xD;&#xD;
2023-12-22 09:33:44.568+01:00 [    20] WARNING    - W&#xD;&#xD;
2023-12-22 09:33:44.568+01:00 [    20] WARNING    - W&#xD;&#xD;
2023-12-22 09:33:44.568+01:00 [    20] WARNING    - W&#xD;&#xD;
2023-12-22 09:33:44.568+01:00 [    20] WARNING    - W&#xD;&#xD;
2023-12-22 09:33:44.568+01:00 [    20] WARNING    - W&#xD;&#xD;
2023-12-22 09:33:44.568+01:00 [    20] WARNING    - W&#xD;&#xD;
2023-12-22 09:33:44.568+01:00 [    20] WARNING    - W&#xD;&#xD;
2023-12-22 09:33:44.568+01:00 [    20] WARNING    - W&#xD;&#xD;
2023-12-22 09:33:44.568+01:00 [    20] WARNING    - W&#xD;&#xD;
2023-12-22 09:33:44.568+01:00 [    20] WARNING    - W&#xD;&#xD;
2023-12-22 09:33:44.568+01:00 [    20] WARNING    - W&#xD;&#xD;
2023-12-22 09:33:44.568+01:00 [    20] WARNING    - W&#xD;&#xD;
2023-12-22 09:33:44.568+01:00 [    20] WARNING    - W&#xD;&#xD;
2023-12-22 09:33:44.568+01:00 [    20] WARNING    - W&#xD;&#xD;
2023-12-22 09:33:44.568+01:00 [    20] WARNING    - W&#xD;&#xD;
2023-12-22 09:33:44.568+01:00 [    20] WARNING    - W&#xD;&#xD;
2023-12-22 09:33:44.568+01:00 [    20] WARNING    - W&#xD;&#xD;
2023-12-22 09:33:44.568+01:00 [    20] WARNING    - W&#xD;&#xD;
2023-12-22 09:33:44.568+01:00 [    20] WARNING    - W&#xD;&#xD;
2023-12-22 09:33:44.568+01:00 [    20] WARNING    - W&#xD;&#xD;
2023-12-22 09:33:44.568+01:00 [    20] WARNING    - W&#xD;&#xD;
2023-12-22 09:33:44.568+01:00 [    20] WARNING    - W&#xD;&#xD;
2023-12-22 09:33:44.568+01:00 [    20] WARNING    - W&#xD;&#xD;
2023-12-22 09:33:44.568+01:00 [    20] WARNING    - W&#xD;&#xD;
2023-12-22 09:33:44.568+01:00 [    20] WARNING    - W&#xD;&#xD;
2023-12-22 09:33:44.568+01:00 [    20] WARNING    - W&#xD;&#xD;
2023-12-22 09:33:44.568+01:00 [    20] WARNING    - W&#xD;&#xD;
2023-12-22 09:33:44.568+01:00 [    20] WARNING    - W&#xD;&#xD;
2023-12-22 09:33:44.568+01:00 [    20] WARNING    - W&#xD;&#xD;
2023-12-22 09:33:44.568+01:00 [    20] WARNING    - W&#xD;&#xD;
2023-12-22 09:33:44.568+01:00 [    20] WARNING    - W&#xD;&#xD;
2023-12-22 09:33:44.568+01:00 [    20] WARNING    - W&#xD;&#xD;
2023-12-22 09:33:44.568+01:00 [    20] WARNING    - W&#xD;&#xD;
2023-12-22 09:33:44.568+01:00 [    20] WARNING    - W&#xD;&#xD;
2023-12-22 09:33:44.568+01:00 [    20] WARNING    - W&#xD;&#xD;
2023-12-22 09:33:44.568+01:00 [    20] WARNING    - W&#xD;&#xD;
2023-12-22 09:33:44.568+01:00 [    20] WARNING    - W&#xD;&#xD;
2023-12-22 09:33:44.568+01:00 [    20] WARNING    - W&#xD;&#xD;
2023-12-22 09:33:44.568+01:00 [    20] WARNING    - W&#xD;&#xD;
2023-12-22 09:33:44.568+01:00 [    20] WARNING    - W&#xD;&#xD;
2023-12-22 09:33:44.568+01:00 [    20] WARNING    - W&#xD;&#xD;
2023-12-22 09:33:44.568+01:00 [    20] WARNING    - W&#xD;&#xD;
2023-12-22 09:33:44.568+01:00 [    20] WARNING    - W&#xD;&#xD;
2023-12-22 09:33:44.568+01:00 [    20] WARNING    - W&#xD;&#xD;
2023-12-22 09:33:44.568+01:00 [    20] WARNING    - W&#xD;&#xD;
2023-12-22 09:33:44.568+01:00 [    20] WARNING    - W&#xD;&#xD;
2023-12-22 09:33:44.568+01:00 [    20] WARNING    - W&#xD;&#xD;
2023-12-22 09:33:44.568+01:00 [    20] WARNING    - W&#xD;&#xD;
2023-12-22 09:33:44.568+01:00 [    20] WARNING    - W&#xD;&#xD;
2023-12-22 09:33:44.568+01:00 [    20] WARNING    - W&#xD;&#xD;
2023-12-22 09:33:44.568+01:00 [    20] WARNING    - W&#xD;&#xD;
2023-12-22 09:33:44.568+01:00 [    20] WARNING    - W&#xD;&#xD;
2023-12-22 09:33:44.568+01:00 [    20] WARNING    - W&#xD;&#xD;
2023-12-22 09:33:44.568+01:00 [    20] WARNING    - W&#xD;&#xD;
2023-12-22 09:33:44.568+01:00 [    20] WARNING    - W&#xD;&#xD;
2023-12-22 09:33:44.568+01:00 [    20] WARNING    - W&#xD;&#xD;
2023-12-22 09:33:44.568+01:00 [    20] WARNING    - W&#xD;&#xD;
2023-12-22 09:33:44.568+01:00 [    20] WARNING    - W&#xD;&#xD;
2023-12-22 09:33:44.568+01:00 [    20] WARNING    - W&#xD;&#xD;
2023-12-22 09:33:44.568+01:00 [    20] WARNING    - W&#xD;&#xD;
2023-12-22 09:33:44.568+01:00 [    20] WARNING    - W&#xD;&#xD;
2023-12-22 09:33:44.568+01:00 [    20] WARNING    - W&#xD;&#xD;
2023-12-22 09:33:44.568+01:00 [    20] WARNING    - W&#xD;&#xD;
2023-12-22 09:33:44.568+01:00 [    20] WARNING    - W&#xD;&#xD;
2023-12-22 09:33:44.568+01:00 [    20] WARNING    - W&#xD;&#xD;
2023-12-22 09:33:44.568+01:00 [    20] WARNING    - W&#xD;&#xD;
2023-12-22 09:33:44.568+01:00 [    20] WARNING    - W&#xD;&#xD;
2023-12-22 09:33:44.568+01:00 [    20] WARNING    - W&#xD;&#xD;
2023-12-22 09:33:44.568+01:00 [    20] WARNING    - W&#xD;&#xD;
2023-12-22 09:33:44.568+01:00 [    20] WARNING    - W&#xD;&#xD;
2023-12-22 09:33:44.568+01:00 [    20] WARNING    - W&#xD;&#xD;
2023-12-22 09:33:44.568+01:00 [    20] WARNING    - W&#xD;&#xD;
2023-12-22 09:33:44.568+01:00 [    20] WARNING    - W&#xD;&#xD;
2023-12-22 09:33:44.568+01:00 [    20] WARNING    - W&#xD;&#xD;
2023-12-22 09:33:44.568+01:00 [    20] WARNING    - W&#xD;&#xD;
2023-12-22 09:33:44.568+01:00 [    20] WARNING    - W&#xD;&#xD;
2023-12-22 09:33:44.568+01:00 [    20] WARNING    - W&#xD;&#xD;
2023-12-22 09:33:44.568+01:00 [    20] WARNING    - W&#xD;&#xD;
2023-12-22 09:33:44.568+01:00 [    20] WARNING    - W&#xD;&#xD;
2023-12-22 09:33:44.568+01:00 [    20] WARNING    - W&#xD;&#xD;
2023-12-22 09:33:44.568+01:00 [    20] WARNING    - W&#xD;&#xD;
2023-12-22 09:33:44.568+01:00 [    20] WARNING    - W&#xD;&#xD;
2023-12-22 09:33:44.568+01:00 [    20] WARNING    - W&#xD;&#xD;
2023-12-22 09:33:44.568+01:00 [    20] WARNING    - W&#xD;&#xD;
2023-12-22 09:33:44.568+01:00 [    20] WARNING    - W&#xD;&#xD;
2023-12-22 09:33:44.568+01:00 [    20] WARNING    - W&#xD;&#xD;
2023-12-22 09:33:44.568+01:00 [    20] WARNING    - W&#xD;&#xD;
2023-12-22 09:33:44.568+01:00 [    20] WARNING    - W&#xD;&#xD;
2023-12-22 09:33:44.568+01:00 [    20] WARNING    - W&#xD;&#xD;
2023-12-22 09:33:44.568+01:00 [    20] WARNING    - W&#xD;&#xD;
2023-12-22 09:33:44.568+01:00 [    20] WARNING    - W&#xD;&#xD;
2023-12-22 09:33:44.568+01:00 [    20] WARNING    - W&#xD;&#xD;
2023-12-22 09:33:44.568+01:00 [    20] WARNING    - W&#xD;&#xD;
2023-12-22 09:33:44.568+01:00 [    20] WARNING    - W&#xD;&#xD;
2023-12-22 09:33:44.568+01:00 [    20] WARNING    - W&#xD;&#xD;
2023-12-22 09:33:44.568+01:00 [    20] WARNING    - W&#xD;&#xD;
2023-12-22 09:33:44.568+01:00 [    20] WARNING    - W&#xD;&#xD;
2023-12-22 09:33:44.568+01:00 [    20] WARNING    - W&#xD;&#xD;
2023-12-22 09:33:44.568+01:00 [    20] WARNING    - W&#xD;&#xD;
2023-12-22 09:33:44.568+01:00 [    20] WARNING    - W&#xD;&#xD;
2023-12-22 09:33:44.568+01:00 [    20] WARNING    - W&#xD;&#xD;
2023-12-22 09:33:44.568+01:00 [    20] WARNING    - W&#xD;&#xD;
2023-12-22 09:33:44.568+01:00 [    20] WARNING    - W&#xD;&#xD;
2023-12-22 09:33:44.568+01:00 [    20] WARNING    - W&#xD;&#xD;
2023-12-22 09:33:44.568+01:00 [    20] WARNING    - W&#xD;&#xD;
2023-12-22 09:33:44.568+01:00 [    20] WARNING    - W&#xD;&#xD;
2023-12-22 09:33:44.568+01:00 [    20] WARNING    - W&#xD;&#xD;
2023-12-22 09:33:44.568+01:00 [    20] WARNING    - W&#xD;&#xD;
2023-12-22 09:33:44.568+01:00 [    20] WARNING    - W&#xD;&#xD;
2023-12-22 09:33:44.568+01:00 [    20] WARNING    - W&#xD;&#xD;
2023-12-22 09:33:44.568+01:00 [    20] WARNING    - W&#xD;&#xD;
2023-12-22 09:33:44.568+01:00 [    20] WARNING    - W&#xD;&#xD;
2023-12-22 09:33:44.568+01:00 [    20] WARNING    - W&#xD;&#xD;
2023-12-22 09:33:44.568+01:00 [    20] WARNING    - W&#xD;&#xD;
2023-12-22 09:33:44.568+01:00 [    20] WARNING    - W&#xD;&#xD;
2023-12-22 09:33:44.568+01:00 [    20] WARNING    - W&#xD;&#xD;
2023-12-22 09:33:44.568+01:00 [    20] WARNING    - W&#xD;&#xD;
2023-12-22 09:33:44.568+01:00 [    20] WARNING    - W&#xD;&#xD;
2023-12-22 09:33:44.568+01:00 [    20] WARNING    - W&#xD;&#xD;
2023-12-22 09:33:44.568+01:00 [    20] WARNING    - W&#xD;&#xD;
2023-12-22 09:33:44.568+01:00 [    20] WARNING    - W&#xD;&#xD;
2023-12-22 09:33:44.568+01:00 [    20] WARNING    - W&#xD;&#xD;
2023-12-22 09:33:44.568+01:00 [    20] WARNING    - W&#xD;&#xD;
2023-12-22 09:33:44.568+01:00 [    20] WARNING    - W&#xD;&#xD;
2023-12-22 09:33:44.568+01:00 [    20] WARNING    - W&#xD;&#xD;
2023-12-22 09:33:44.568+01:00 [    20] WARNING    - W&#xD;&#xD;
2023-12-22 09:33:44.568+01:00 [    20] WARNING    - W&#xD;&#xD;
2023-12-22 09:33:44.568+01:00 [    20] WARNING    - W&#xD;&#xD;
2023-12-22 09:33:44.568+01:00 [    20] WARNING    - W&#xD;&#xD;
2023-12-22 09:33:44.568+01:00 [    20] WARNING    - W&#xD;&#xD;
2023-12-22 09:33:44.568+01:00 [    20] WARNING    - W&#xD;&#xD;
2023-12-22 09:33:44.568+01:00 [    20] WARNING    - W&#xD;&#xD;
2023-12-22 09:33:44.568+01:00 [    20] WARNING    - W&#xD;&#xD;
2023-12-22 09:33:44.568+01:00 [    20] WARNING    - W&#xD;&#xD;
2023-12-22 09:33:44.568+01:00 [    20] WARNING    - W&#xD;&#xD;
2023-12-22 09:33:44.568+01:00 [    20] WARNING    - W&#xD;&#xD;
2023-12-22 09:33:44.568+01:00 [    20] WARNING    - W&#xD;&#xD;
2023-12-22 09:33:44.568+01:00 [    20] WARNING    - W&#xD;&#xD;
2023-12-22 09:33:44.568+01:00 [    20] WARNING    - W&#xD;&#xD;
2023-12-22 09:33:44.568+01:00 [    20] WARNING    - W&#xD;&#xD;
2023-12-22 09:33:44.568+01:00 [    20] WARNING    - W&#xD;&#xD;
2023-12-22 09:33:44.568+01:00 [    20] WARNING    - W&#xD;&#xD;
2023-12-22 09:33:44.568+01:00 [    20] WARNING    - W&#xD;&#xD;
2023-12-22 09:33:44.568+01:00 [    20] WARNING    - W&#xD;&#xD;
2023-12-22 09:33:44.568+01:00 [    20] WARNING    - W&#xD;&#xD;
2023-12-22 09:33:44.568+01:00 [    20] WARNING    - W&#xD;&#xD;
2023-12-22 09:33:44.568+01:00 [    20] WARNING    - W&#xD;&#xD;
2023-12-22 09:33:44.568+01:00 [    20] WARNING    - W&#xD;&#xD;
2023-12-22 09:33:44.568+01:00 [    20] WARNING    - W&#xD;&#xD;
2023-12-22 09:33:44.568+01:00 [    20] WARNING    - W&#xD;&#xD;
2023-12-22 09:33:44.568+01:00 [    20] WARNING    - W&#xD;&#xD;
2023-12-22 09:33:44.568+01:00 [    20] WARNING    - W&#xD;&#xD;
2023-12-22 09:33:44.568+01:00 [    20] WARNING    - W&#xD;&#xD;
2023-12-22 09:33:44.568+01:00 [    20] WARNING    - W&#xD;&#xD;
2023-12-22 09:33:44.568+01:00 [    20] WARNING    - W&#xD;&#xD;
2023-12-22 09:33:44.568+01:00 [    20] WARNING    - W&#xD;&#xD;
2023-12-22 09:33:44.568+01:00 [    20] WARNING    - W&#xD;&#xD;
2023-12-22 09:33:44.568+01:00 [    20] WARNING    - W&#xD;&#xD;
2023-12-22 09:33:44.568+01:00 [    20] WARNING    - W&#xD;&#xD;
2023-12-22 09:33:44.568+01:00 [    20] WARNING    - W&#xD;&#xD;
2023-12-22 09:33:44.568+01:00 [    20] WARNING    - W&#xD;&#xD;
2023-12-22 09:33:44.568+01:00 [    20] WARNING    - W&#xD;&#xD;
2023-12-22 09:33:44.568+01:00 [    20] WARNING    - W&#xD;&#xD;
2023-12-22 09:33:44.568+01:00 [    20] WARNING    - W&#xD;&#xD;
2023-12-22 09:33:44.568+01:00 [    20] WARNING    - W&#xD;&#xD;
2023-12-22 09:33:44.568+01:00 [    20] WARNING    - W&#xD;&#xD;
2023-12-22 09:33:44.568+01:00 [    20] WARNING    - W&#xD;&#xD;
2023-12-22 09:33:44.568+01:00 [    20] WARNING    - W&#xD;&#xD;
2023-12-22 09:33:44.568+01:00 [    20] WARNING    - W&#xD;&#xD;
2023-12-22 09:33:44.568+01:00 [    20] WARNING    - W&#xD;&#xD;
2023-12-22 09:33:44.568+01:00 [    20] WARNING    - W&#xD;&#xD;
2023-12-22 09:33:44.568+01:00 [    20] WARNING    - W&#xD;&#xD;
2023-12-22 09:33:44.568+01:00 [    20] WARNING    - W&#xD;&#xD;
2023-12-22 09:33:44.568+01:00 [    20] WARNING    - W&#xD;&#xD;
2023-12-22 09:33:44.568+01:00 [    20] WARNING    - W&#xD;&#xD;
2023-12-22 09:33:44.568+01:00 [    20] WARNING    - W&#xD;&#xD;
2023-12-22 09:33:44.568+01:00 [    20] WARNING    - W&#xD;&#xD;
2023-12-22 09:33:44.568+01:00 [    20] WARNING    - W&#xD;&#xD;
2023-12-22 09:33:44.568+01:00 [    20] WARNING    - W&#xD;&#xD;
2023-12-22 09:33:44.568+01:00 [    20] WARNING    - W&#xD;&#xD;
2023-12-22 09:33:44.568+01:00 [    20] WARNING    - W&#xD;&#xD;
2023-12-22 09:33:44.568+01:00 [    20] WARNING    - W&#xD;&#xD;
2023-12-22 09:33:44.568+01:00 [    20] WARNING    - W&#xD;&#xD;
2023-12-22 09:33:44.568+01:00 [    20] WARNING    - W&#xD;&#xD;
2023-12-22 09:33:44.568+01:00 [    20] WARNING    - W&#xD;&#xD;
2023-12-22 09:33:44.568+01:00 [    20] WARNING    - W&#xD;&#xD;
2023-12-22 09:33:44.568+01:00 [    20] WARNING    - W&#xD;&#xD;
2023-12-22 09:33:44.568+01:00 [    20] WARNING    - W&#xD;&#xD;
2023-12-22 09:33:44.568+01:00 [    20] WARNING    - W&#xD;&#xD;
2023-12-22 09:33:44.568+01:00 [    20] WARNING    - W&#xD;&#xD;
2023-12-22 09:33:44.568+01:00 [    20] WARNING    - W&#xD;&#xD;
2023-12-22 09:33:44.568+01:00 [    20] WARNING    - W&#xD;&#xD;
2023-12-22 09:33:44.568+01:00 [    20] WARNING    - W&#xD;&#xD;
2023-12-22 09:33:44.568+01:00 [    20] WARNING    - W&#xD;&#xD;
2023-12-22 09:33:44.568+01:00 [    20] WARNING    - W&#xD;&#xD;
2023-12-22 09:33:44.568+01:00 [    20] WARNING    - W&#xD;&#xD;
2023-12-22 09:33:44.568+01:00 [    20] WARNING    - W&#xD;&#xD;
2023-12-22 09:33:44.568+01:00 [    20] WARNING    - W&#xD;&#xD;
2023-12-22 09:33:44.568+01:00 [    20] WARNING    - W&#xD;&#xD;
2023-12-22 09:33:44.568+01:00 [    20] WARNING    - W&#xD;&#xD;
2023-12-22 09:33:44.568+01:00 [    20] WARNING    - W&#xD;&#xD;
2023-12-22 09:33:44.568+01:00 [    20] WARNING    - W&#xD;&#xD;
2023-12-22 09:33:44.568+01:00 [    20] WARNING    - W&#xD;&#xD;
2023-12-22 09:33:44.568+01:00 [    20] WARNING    - W&#xD;&#xD;
2023-12-22 09:33:44.568+01:00 [    20] WARNING    - W&#xD;&#xD;
2023-12-22 09:33:44.568+01:00 [    20] WARNING    - W&#xD;&#xD;
2023-12-22 09:33:44.568+01:00 [    20] WARNING    - W&#xD;&#xD;
2023-12-22 09:33:44.568+01:00 [    20] WARNING    - W&#xD;&#xD;
2023-12-22 09:33:44.568+01:00 [    20] WARNING    - W&#xD;&#xD;
2023-12-22 09:33:44.568+01:00 [    20] WARNING    - W&#xD;&#xD;
2023-12-22 09:33:44.568+01:00 [    20] WARNING    - W&#xD;&#xD;
2023-12-22 09:33:44.568+01:00 [    20] WARNING    - W&#xD;&#xD;
2023-12-22 09:33:44.568+01:00 [    20] WARNING    - W&#xD;&#xD;
2023-12-22 09:33:44.568+01:00 [    20] WARNING    - W&#xD;&#xD;
2023-12-22 09:33:44.568+01:00 [    20] WARNING    - W&#xD;&#xD;
2023-12-22 09:33:44.568+01:00 [    20] WARNING    - W&#xD;&#xD;
2023-12-22 09:33:44.568+01:00 [    20] WARNING    - W&#xD;&#xD;
2023-12-22 09:33:44.568+01:00 [    20] WARNING    - W&#xD;&#xD;
2023-12-22 09:33:44.568+01:00 [    20] WARNING    - W&#xD;&#xD;
2023-12-22 09:33:44.568+01:00 [    20] WARNING    - W&#xD;&#xD;
2023-12-22 09:33:44.568+01:00 [    20] WARNING    - W&#xD;&#xD;
2023-12-22 09:33:44.568+01:00 [    20] WARNING    - W&#xD;&#xD;
2023-12-22 09:33:44.568+01:00 [    20] WARNING    - W&#xD;&#xD;
2023-12-22 09:33:44.568+01:00 [    20] WARNING    - W&#xD;&#xD;
2023-12-22 09:33:44.568+01:00 [    20] WARNING    - W&#xD;&#xD;
2023-12-22 09:33:44.568+01:00 [    20] WARNING    - W&#xD;&#xD;
2023-12-22 09:33:44.568+01:00 [    20] WARNING    - W&#xD;&#xD;
2023-12-22 09:33:44.568+01:00 [    20] WARNING    - W&#xD;&#xD;
2023-12-22 09:33:44.568+01:00 [    20] WARNING    - W&#xD;&#xD;
2023-12-22 09:33:44.568+01:00 [    20] WARNING    - W&#xD;&#xD;
2023-12-22 09:33:44.568+01:00 [    20] WARNING    - W&#xD;&#xD;
2023-12-22 09:33:44.568+01:00 [    20] WARNING    - W&#xD;&#xD;
2023-12-22 09:33:44.568+01:00 [    20] WARNING    - W&#xD;&#xD;
2023-12-22 09:33:44.568+01:00 [    20] WARNING    - W&#xD;&#xD;
2023-12-22 09:33:44.568+01:00 [    20] WARNING    - W&#xD;&#xD;
2023-12-22 09:33:44.568+01:00 [    20] WARNING    - W&#xD;&#xD;
2023-12-22 09:33:44.568+01:00 [    20] WARNING    - W&#xD;&#xD;
2023-12-22 09:33:44.568+01:00 [    20] WARNING    - W&#xD;&#xD;
2023-12-22 09:33:44.568+01:00 [    20] WARNING    - W&#xD;&#xD;
2023-12-22 09:33:44.568+01:00 [    20] WARNING    - W&#xD;&#xD;
2023-12-22 09:33:44.568+01:00 [    20] WARNING    - W&#xD;&#xD;
2023-12-22 09:33:44.568+01:00 [    20] WARNING    - W&#xD;&#xD;
2023-12-22 09:33:44.568+01:00 [    20] WARNING    - W&#xD;&#xD;
2023-12-22 09:33:44.568+01:00 [    20] WARNING    - W&#xD;&#xD;
2023-12-22 09:33:44.568+01:00 [    20] WARNING    - W&#xD;&#xD;
2023-12-22 09:33:44.568+01:00 [    20] WARNING    - W&#xD;&#xD;
2023-12-22 09:33:44.568+01:00 [    20] WARNING    - W&#xD;&#xD;
2023-12-22 09:33:44.568+01:00 [    20] WARNING    - W&#xD;&#xD;
2023-12-22 09:33:44.568+01:00 [    20] WARNING    - W&#xD;&#xD;
2023-12-22 09:33:44.568+01:00 [    20] WARNING    - W&#xD;&#xD;
2023-12-22 09:33:44.568+01:00 [    20] WARNING    - W&#xD;&#xD;
2023-12-22 09:33:44.568+01:00 [    20] WARNING    - W&#xD;&#xD;
2023-12-22 09:33:44.568+01:00 [    20] WARNING    - W&#xD;&#xD;
2023-12-22 09:33:44.568+01:00 [    20] WARNING    - W&#xD;&#xD;
2023-12-22 09:33:44.568+01:00 [    20] WARNING    - W&#xD;&#xD;
2023-12-22 09:33:44.568+01:00 [    20] WARNING    - W&#xD;&#xD;
2023-12-22 09:33:44.568+01:00 [    20] WARNING    - W&#xD;&#xD;
2023-12-22 09:33:44.568+01:00 [    20] WARNING    - W&#xD;&#xD;
2023-12-22 09:33:44.568+01:00 [    20] WARNING    - W&#xD;&#xD;
2023-12-22 09:33:44.568+01:00 [    20] WARNING    - W&#xD;&#xD;
2023-12-22 09:33:44.568+01:00 [    20] WARNING    - W&#xD;&#xD;
2023-12-22 09:33:44.568+01:00 [    20] WARNING    - W&#xD;&#xD;
2023-12-22 09:33:44.568+01:00 [    20] WARNING    - W&#xD;&#xD;
2023-12-22 09:33:44.568+01:00 [    20] WARNING    - W&#xD;&#xD;
2023-12-22 09:33:44.568+01:00 [    20] WARNING    - W&#xD;&#xD;
2023-12-22 09:33:44.568+01:00 [    20] WARNING    - W&#xD;&#xD;
2023-12-22 09:33:44.568+01:00 [    20] WARNING    - W&#xD;&#xD;
2023-12-22 09:33:44.568+01:00 [    20] WARNING    - W&#xD;&#xD;
2023-12-22 09:33:44.568+01:00 [    20] WARNING    - W&#xD;&#xD;
2023-12-22 09:33:44.568+01:00 [    20] WARNING    - W&#xD;&#xD;
2023-12-22 09:33:44.568+01:00 [    20] WARNING    - W&#xD;&#xD;
2023-12-22 09:33:44.568+01:00 [    20] WARNING    - W&#xD;&#xD;
2023-12-22 09:33:44.568+01:00 [    20] WARNING    - W&#xD;&#xD;
2023-12-22 09:33:44.568+01:00 [    20] WARNING    - W&#xD;&#xD;
2023-12-22 09:33:44.568+01:00 [    20] WARNING    - W&#xD;&#xD;
2023-12-22 09:33:44.568+01:00 [    20] WARNING    - W&#xD;&#xD;
2023-12-22 09:33:44.568+01:00 [    20] WARNING    - W&#xD;&#xD;
2023-12-22 09:33:44.568+01:00 [    20] WARNING    - W&#xD;&#xD;
2023-12-22 09:33:44.568+01:00 [    20] WARNING    - W&#xD;&#xD;
2023-12-22 09:33:44.568+01:00 [    20] WARNING    - W&#xD;&#xD;
2023-12-22 09:33:44.568+01:00 [    20] WARNING    - W&#xD;&#xD;
2023-12-22 09:33:44.568+01:00 [    20] WARNING    - W&#xD;&#xD;
2023-12-22 09:33:44.568+01:00 [    20] WARNING    - W&#xD;&#xD;
2023-12-22 09:33:44.568+01:00 [    20] WARNING    - W&#xD;&#xD;
2023-12-22 09:33:44.568+01:00 [    20] WARNING    - W&#xD;&#xD;
2023-12-22 09:33:44.568+01:00 [    20] WARNING    - W&#xD;&#xD;
2023-12-22 09:33:44.568+01:00 [    20] WARNING    - W&#xD;&#xD;
2023-12-22 09:33:44.568+01:00 [    20] WARNING    - W&#xD;&#xD;
2023-12-22 09:33:44.568+01:00 [    20] WARNING    - W&#xD;&#xD;
2023-12-22 09:33:44.568+01:00 [    20] WARNING    - W&#xD;&#xD;
2023-12-22 09:33:44.568+01:00 [    20] WARNING    - W&#xD;&#xD;
2023-12-22 09:33:44.568+01:00 [    20] WARNING    - W&#xD;&#xD;
2023-12-22 09:33:44.568+01:00 [    20] WARNING    - W&#xD;&#xD;
2023-12-22 09:33:44.568+01:00 [    20] WARNING    - W&#xD;&#xD;
2023-12-22 09:33:44.568+01:00 [    20] WARNING    - W&#xD;&#xD;
2023-12-22 09:33:44.568+01:00 [    20] WARNING    - W&#xD;&#xD;
2023-12-22 09:33:44.568+01:00 [    20] WARNING    - W&#xD;&#xD;
2023-12-22 09:33:44.568+01:00 [    20] WARNING    - W&#xD;&#xD;
2023-12-22 09:33:44.568+01:00 [    20] WARNING    - W&#xD;&#xD;
2023-12-22 09:33:44.568+01:00 [    20] WARNING    - W&#xD;&#xD;
2023-12-22 09:33:44.568+01:00 [    20] WARNING    - W&#xD;&#xD;
2023-12-22 09:33:44.568+01:00 [    20] WARNING    - W&#xD;&#xD;
2023-12-22 09:33:44.568+01:00 [    20] WARNING    - W&#xD;&#xD;
2023-12-22 09:33:44.568+01:00 [    20] WARNING    - W&#xD;&#xD;
2023-12-22 09:33:44.568+01:00 [    20] WARNING    - W&#xD;&#xD;
2023-12-22 09:33:44.568+01:00 [    20] WARNING    - W&#xD;&#xD;
2023-12-22 09:33:44.568+01:00 [    20] WARNING    - W&#xD;&#xD;
2023-12-22 09:33:44.568+01:00 [    20] WARNING    - W&#xD;&#xD;
2023-12-22 09:33:44.568+01:00 [    20] WARNING    - W&#xD;&#xD;
2023-12-22 09:33:44.568+01:00 [    20] WARNING    - W&#xD;&#xD;
2023-12-22 09:33:44.568+01:00 [    20] WARNING    - W&#xD;&#xD;
2023-12-22 09:33:44.568+01:00 [    20] WARNING    - W&#xD;&#xD;
2023-12-22 09:33:44.568+01:00 [    20] WARNING    - W&#xD;&#xD;
2023-12-22 09:33:44.568+01:00 [    20] WARNING    - W&#xD;&#xD;
2023-12-22 09:33:44.568+01:00 [    20] WARNING    - W&#xD;&#xD;
2023-12-22 09:33:44.568+01:00 [    20] WARNING    - W&#xD;&#xD;
2023-12-22 09:33:44.568+01:00 [    20] WARNING    - W&#xD;&#xD;
2023-12-22 09:33:44.568+01:00 [    20] WARNING    - W&#xD;&#xD;
2023-12-22 09:33:44.568+01:00 [    20] WARNING    - W&#xD;&#xD;
2023-12-22 09:33:44.568+01:00 [    20] WARNING    - W&#xD;&#xD;
2023-12-22 09:33:44.568+01:00 [    20] WARNING    - W&#xD;&#xD;
2023-12-22 09:33:44.568+01:00 [    20] WARNING    - W&#xD;&#xD;
2023-12-22 09:33:44.568+01:00 [    20] WARNING    - W&#xD;&#xD;
2023-12-22 09:33:44.568+01:00 [    20] WARNING    - W&#xD;&#xD;
2023-12-22 09:33:44.568+01:00 [    20] WARNING    - W&#xD;&#xD;
2023-12-22 09:33:44.568+01:00 [    20] WARNING    - W&#xD;&#xD;
2023-12-22 09:33:44.568+01:00 [    20] WARNING    - W&#xD;&#xD;
2023-12-22 09:33:44.568+01:00 [    20] WARNING    - W&#xD;&#xD;
2023-12-22 09:33:44.568+01:00 [    20] WARNING    - W&#xD;&#xD;
2023-12-22 09:33:44.568+01:00 [    20] WARNING    - W&#xD;&#xD;
2023-12-22 09:33:44.568+01:00 [    20] WARNING    - W&#xD;&#xD;
2023-12-22 09:33:44.568+01:00 [    20] WARNING    - W&#xD;&#xD;
2023-12-22 09:33:44.568+01:00 [    20] WARNING    - W&#xD;&#xD;
2023-12-22 09:33:44.568+01:00 [    20] WARNING    - W&#xD;&#xD;
2023-12-22 09:33:44.568+01:00 [    20] WARNING    - W&#xD;&#xD;
2023-12-22 09:33:44.568+01:00 [    20] WARNING    - W&#xD;&#xD;
2023-12-22 09:33:44.568+01:00 [    20] WARNING    - W&#xD;&#xD;
2023-12-22 09:33:44.568+01:00 [    20] WARNING    - W&#xD;&#xD;
2023-12-22 09:33:44.568+01:00 [    20] WARNING    - W&#xD;&#xD;
2023-12-22 09:33:44.568+01:00 [    20] WARNING    - W&#xD;&#xD;
2023-12-22 09:33:44.568+01:00 [    20] WARNING    - W&#xD;&#xD;
2023-12-22 09:33:44.568+01:00 [    20] WARNING    - W&#xD;&#xD;
2023-12-22 09:33:44.568+01:00 [    20] WARNING    - W&#xD;&#xD;
2023-12-22 09:33:44.568+01:00 [    20] WARNING    - W&#xD;&#xD;
2023-12-22 09:33:44.568+01:00 [    20] WARNING    - W&#xD;&#xD;
2023-12-22 09:33:44.568+01:00 [    20] WARNING    - W&#xD;&#xD;
2023-12-22 09:33:44.568+01:00 [    20] WARNING    - W&#xD;&#xD;
2023-12-22 09:33:44.568+01:00 [    20] WARNING    - W&#xD;&#xD;
2023-12-22 09:33:44.568+01:00 [    20] WARNING    - W&#xD;&#xD;
2023-12-22 09:33:44.568+01:00 [    20] WARNING    - W&#xD;&#xD;
2023-12-22 09:33:44.568+01:00 [    20] WARNING    - W&#xD;&#xD;
2023-12-22 09:33:44.568+01:00 [    20] WARNING    - W&#xD;&#xD;
2023-12-22 09:33:44.568+01:00 [    20] WARNING    - W&#xD;&#xD;
2023-12-22 09:33:44.568+01:00 [    20] WARNING    - W&#xD;&#xD;
2023-12-22 09:33:44.568+01:00 [    20] WARNING    - W&#xD;&#xD;
2023-12-22 09:33:44.568+01:00 [    20] WARNING    - W&#xD;&#xD;
2023-12-22 09:33:44.568+01:00 [    20] WARNING    - W&#xD;&#xD;
2023-12-22 09:33:44.568+01:00 [    20] WARNING    - W&#xD;&#xD;
2023-12-22 09:33:44.568+01:00 [    20] WARNING    - W&#xD;&#xD;
2023-12-22 09:33:44.568+01:00 [    20] WARNING    - W&#xD;&#xD;
2023-12-22 09:33:44.568+01:00 [    20] WARNING    - W&#xD;&#xD;
2023-12-22 09:33:44.568+01:00 [    20] WARNING    - W&#xD;&#xD;
2023-12-22 09:33:44.568+01:00 [    20] WARNING    - W&#xD;&#xD;
2023-12-22 09:33:44.568+01:00 [    20] WARNING    - W&#xD;&#xD;
2023-12-22 09:33:44.568+01:00 [    20] WARNING    - W&#xD;&#xD;
2023-12-22 09:33:44.568+01:00 [    20] WARNING    - W&#xD;&#xD;
2023-12-22 09:33:44.568+01:00 [    20] WARNING    - W&#xD;&#xD;
2023-12-22 09:33:44.568+01:00 [    20] WARNING    - W&#xD;&#xD;
2023-12-22 09:33:44.568+01:00 [    20] WARNING    - W&#xD;&#xD;
2023-12-22 09:33:44.568+01:00 [    20] WARNING    - W&#xD;&#xD;
2023-12-22 09:33:44.568+01:00 [    20] WARNING    - W&#xD;&#xD;
2023-12-22 09:33:44.568+01:00 [    20] WARNING    - W&#xD;&#xD;
2023-12-22 09:33:44.568+01:00 [    20] WARNING    - W&#xD;&#xD;
2023-12-22 09:33:44.568+01:00 [    20] WARNING    - W&#xD;&#xD;
2023-12-22 09:33:44.568+01:00 [    20] WARNING    - W&#xD;&#xD;
2023-12-22 09:33:44.568+01:00 [    20] WARNING    - W&#xD;&#xD;
2023-12-22 09:33:44.568+01:00 [    20] WARNING    - W&#xD;&#xD;
2023-12-22 09:33:44.568+01:00 [    20] WARNING    - W&#xD;&#xD;
2023-12-22 09:33:44.568+01:00 [    20] WARNING    - W&#xD;&#xD;
2023-12-22 09:33:44.568+01:00 [    20] WARNING    - W&#xD;&#xD;
2023-12-22 09:33:44.568+01:00 [    20] WARNING    - W&#xD;&#xD;
2023-12-22 09:33:44.568+01:00 [    20] WARNING    - W&#xD;&#xD;
2023-12-22 09:33:44.568+01:00 [    20] WARNING    - W&#xD;&#xD;
2023-12-22 09:33:44.568+01:00 [    20] WARNING    - W&#xD;&#xD;
2023-12-22 09:33:44.568+01:00 [    20] WARNING    - W&#xD;&#xD;
2023-12-22 09:33:44.568+01:00 [    20] WARNING    - W&#xD;&#xD;
2023-12-22 09:33:44.568+01:00 [    20] WARNING    - W&#xD;&#xD;
2023-12-22 09:33:44.568+01:00 [    20] WARNING    - W&#xD;&#xD;
2023-12-22 09:33:44.568+01:00 [    20] WARNING    - W&#xD;&#xD;
2023-12-22 09:33:44.568+01:00 [    20] WARNING    - W&#xD;&#xD;
2023-12-22 09:33:44.568+01:00 [    20] WARNING    - W&#xD;&#xD;
2023-12-22 09:33:44.568+01:00 [    20] WARNING    - W&#xD;&#xD;
2023-12-22 09:33:44.568+01:00 [    20] WARNING    - W&#xD;&#xD;
2023-12-22 09:33:44.568+01:00 [    20] WARNING    - W&#xD;&#xD;
2023-12-22 09:33:44.568+01:00 [    20] WARNING    - W&#xD;&#xD;
2023-12-22 09:33:44.568+01:00 [    20] WARNING    - W&#xD;&#xD;
2023-12-22 09:33:44.568+01:00 [    20] WARNING    - W&#xD;&#xD;
2023-12-22 09:33:44.568+01:00 [    20] WARNING    - W&#xD;&#xD;
2023-12-22 09:33:44.568+01:00 [    20] WARNING    - W&#xD;&#xD;
2023-12-22 09:33:44.568+01:00 [    20] WARNING    - W&#xD;&#xD;
2023-12-22 09:33:44.568+01:00 [    20] WARNING    - W&#xD;&#xD;
2023-12-22 09:33:44.568+01:00 [    20] WARNING    - W&#xD;&#xD;
2023-12-22 09:33:44.568+01:00 [    20] WARNING    - W&#xD;&#xD;
2023-12-22 09:33:44.568+01:00 [    20] WARNING    - W&#xD;&#xD;
2023-12-22 09:33:44.568+01:00 [    20] WARNING    - W&#xD;&#xD;
2023-12-22 09:33:44.568+01:00 [    20] WARNING    - W&#xD;&#xD;
2023-12-22 09:33:44.568+01:00 [    20] WARNING    - W&#xD;&#xD;
2023-12-22 09:33:44.568+01:00 [    20] WARNING    - W&#xD;&#xD;
2023-12-22 09:33:44.568+01:00 [    20] WARNING    - W&#xD;&#xD;
2023-12-22 09:33:44.568+01:00 [    20] WARNING    - W&#xD;&#xD;
2023-12-22 09:33:44.568+01:00 [    20] WARNING    - W&#xD;&#xD;
2023-12-22 09:33:44.568+01:00 [    20] WARNING    - W&#xD;&#xD;
2023-12-22 09:33:44.568+01:00 [    20] WARNING    - W&#xD;&#xD;
2023-12-22 09:33:44.568+01:00 [    20] WARNING    - W&#xD;&#xD;
2023-12-22 09:33:44.568+01:00 [    20] WARNING    - W&#xD;&#xD;
2023-12-22 09:33:44.568+01:00 [    20] WARNING    - W&#xD;&#xD;
2023-12-22 09:33:44.568+01:00 [    20] WARNING    - W&#xD;&#xD;
2023-12-22 09:33:44.568+01:00 [    20] WARNING    - W&#xD;&#xD;
2023-12-22 09:33:44.568+01:00 [    20] WARNING    - W&#xD;&#xD;
2023-12-22 09:33:44.568+01:00 [    20] WARNING    - W&#xD;&#xD;
2023-12-22 09:33:44.568+01:00 [    20] WARNING    - W&#xD;&#xD;
2023-12-22 09:33:44.568+01:00 [    20] WARNING    - W&#xD;&#xD;
2023-12-22 09:33:44.568+01:00 [    20] WARNING    - W&#xD;&#xD;
2023-12-22 09:33:44.568+01:00 [    20] WARNING    - W&#xD;&#xD;
2023-12-22 09:33:44.568+01:00 [    20] WARNING    - W&#xD;&#xD;
2023-12-22 09:33:44.568+01:00 [    20] WARNING    - W&#xD;&#xD;
2023-12-22 09:33:44.568+01:00 [    20] WARNING    - W&#xD;&#xD;
2023-12-22 09:33:44.568+01:00 [    20] WARNING    - W&#xD;&#xD;
2023-12-22 09:33:44.568+01:00 [    20] WARNING    - W&#xD;&#xD;
2023-12-22 09:33:44.568+01:00 [    20] WARNING    - W&#xD;&#xD;
2023-12-22 09:33:44.568+01:00 [    20] WARNING    - W&#xD;&#xD;
2023-12-22 09:33:44.568+01:00 [    20] WARNING    - W&#xD;&#xD;
2023-12-22 09:33:44.568+01:00 [    20] WARNING    - W&#xD;&#xD;
2023-12-22 09:33:44.568+01:00 [    20] WARNING    - W&#xD;&#xD;
2023-12-22 09:33:44.568+01:00 [    20] WARNING    - W&#xD;&#xD;
2023-12-22 09:33:44.568+01:00 [    20] WARNING    - W&#xD;&#xD;
2023-12-22 09:33:44.568+01:00 [    20] WARNING    - W&#xD;&#xD;
2023-12-22 09:33:44.568+01:00 [    20] WARNING    - W&#xD;&#xD;
2023-12-22 09:33:44.568+01:00 [    20] WARNING    - W&#xD;&#xD;
2023-12-22 09:33:44.568+01:00 [    20] WARNING    - W&#xD;&#xD;
2023-12-22 09:33:44.568+01:00 [    20] WARNING    - W&#xD;&#xD;
2023-12-22 09:33:44.568+01:00 [    20] WARNING    - W&#xD;&#xD;
2023-12-22 09:33:44.568+01:00 [    20] WARNING    - W&#xD;&#xD;
2023-12-22 09:33:44.568+01:00 [    20] WARNING    - W&#xD;&#xD;
2023-12-22 09:33:44.568+01:00 [    20] WARNING    - W&#xD;&#xD;
2023-12-22 09:33:44.568+01:00 [    20] WARNING    - W&#xD;&#xD;
2023-12-22 09:33:44.568+01:00 [    20] WARNING    - W&#xD;&#xD;
2023-12-22 09:33:44.568+01:00 [    20] WARNING    - W&#xD;&#xD;
2023-12-22 09:33:44.568+01:00 [    20] WARNING    - W&#xD;&#xD;
2023-12-22 09:33:44.568+01:00 [    20] WARNING    - W&#xD;&#xD;
2023-12-22 09:33:44.568+01:00 [    20] WARNING    - W&#xD;&#xD;
2023-12-22 09:33:44.568+01:00 [    20] WARNING    - W&#xD;&#xD;
2023-12-22 09:33:44.568+01:00 [    20] WARNING    - W&#xD;&#xD;
2023-12-22 09:33:44.568+01:00 [    20] WARNING    - W&#xD;&#xD;
2023-12-22 09:33:44.568+01:00 [    20] WARNING    - W&#xD;&#xD;
2023-12-22 09:33:44.568+01:00 [    20] WARNING    - W&#xD;&#xD;
2023-12-22 09:33:44.568+01:00 [    20] WARNING    - W&#xD;&#xD;
2023-12-22 09:33:44.568+01:00 [    20] WARNING    - W&#xD;&#xD;
2023-12-22 09:33:44.568+01:00 [    20] WARNING    - W&#xD;&#xD;
2023-12-22 09:33:44.568+01:00 [    20] WARNING    - W&#xD;&#xD;
2023-12-22 09:33:44.568+01:00 [    20] WARNING    - W&#xD;&#xD;
2023-12-22 09:33:44.568+01:00 [    20] WARNING    - W&#xD;&#xD;
2023-12-22 09:33:44.568+01:00 [    20] WARNING    - W&#xD;&#xD;
2023-12-22 09:33:44.568+01:00 [    20] WARNING    - W&#xD;&#xD;
2023-12-22 09:33:44.568+01:00 [    20] WARNING    - W&#xD;&#xD;
2023-12-22 09:33:44.568+01:00 [    20] WARNING    - W&#xD;&#xD;
2023-12-22 09:33:44.568+01:00 [    20] WARNING    - W&#xD;&#xD;
2023-12-22 09:33:44.568+01:00 [    20] WARNING    - W&#xD;&#xD;
2023-12-22 09:33:44.568+01:00 [    20] WARNING    - W&#xD;&#xD;
2023-12-22 09:33:44.568+01:00 [    20] WARNING    - W&#xD;&#xD;
2023-12-22 09:33:44.568+01:00 [    20] WARNING    - W&#xD;&#xD;
2023-12-22 09:33:44.568+01:00 [    20] WARNING    - W&#xD;&#xD;
2023-12-22 09:33:44.568+01:00 [    20] WARNING    - W&#xD;&#xD;
2023-12-22 09:33:44.568+01:00 [    20] WARNING    - W&#xD;&#xD;
2023-12-22 09:33:44.568+01:00 [    20] WARNING    - W&#xD;&#xD;
2023-12-22 09:33:44.568+01:00 [    20] WARNING    - W&#xD;&#xD;
2023-12-22 09:33:44.568+01:00 [    20] WARNING    - W&#xD;&#xD;
2023-12-22 09:33:44.568+01:00 [    20] WARNING    - W&#xD;&#xD;
2023-12-22 09:33:44.568+01:00 [    20] WARNING    - W&#xD;&#xD;
2023-12-22 09:33:44.568+01:00 [    20] WARNING    - W&#xD;&#xD;
2023-12-22 09:33:44.568+01:00 [    20] WARNING    - W&#xD;&#xD;
2023-12-22 09:33:44.568+01:00 [    20] WARNING    - W&#xD;&#xD;
2023-12-22 09:33:44.568+01:00 [    20] WARNING    - W&#xD;&#xD;
2023-12-22 09:33:44.568+01:00 [    20] WARNING    - W&#xD;&#xD;
2023-12-22 09:33:44.568+01:00 [    20] WARNING    - W&#xD;&#xD;
2023-12-22 09:33:44.568+01:00 [    20] WARNING    - W&#xD;&#xD;
2023-12-22 09:33:44.568+01:00 [    20] WARNING    - W&#xD;&#xD;
2023-12-22 09:33:44.568+01:00 [    20] WARNING    - W&#xD;&#xD;
2023-12-22 09:33:44.568+01:00 [    20] WARNING    - W&#xD;&#xD;
2023-12-22 09:33:44.568+01:00 [    20] WARNING    - W&#xD;&#xD;
2023-12-22 09:33:44.568+01:00 [    20] WARNING    - W&#xD;&#xD;
2023-12-22 09:33:44.568+01:00 [    20] WARNING    - W&#xD;&#xD;
2023-12-22 09:33:44.568+01:00 [    20] WARNING    - W&#xD;&#xD;
2023-12-22 09:33:44.568+01:00 [    20] WARNING    - W&#xD;&#xD;
2023-12-22 09:33:44.568+01:00 [    20] WARNING    - W&#xD;&#xD;
2023-12-22 09:33:44.568+01:00 [    20] WARNING    - W&#xD;&#xD;
2023-12-22 09:33:44.568+01:00 [    20] WARNING    - W&#xD;&#xD;
2023-12-22 09:33:44.568+01:00 [    20] WARNING    - W&#xD;&#xD;
2023-12-22 09:33:44.568+01:00 [    20] WARNING    - W&#xD;&#xD;
2023-12-22 09:33:44.568+01:00 [    20] WARNING    - W&#xD;&#xD;
2023-12-22 09:33:44.568+01:00 [    20] WARNING    - W&#xD;&#xD;
2023-12-22 09:33:44.568+01:00 [    20] WARNING    - W&#xD;&#xD;
2023-12-22 09:33:44.568+01:00 [    20] WARNING    - W&#xD;&#xD;
2023-12-22 09:33:44.568+01:00 [    20] WARNING    - W&#xD;&#xD;
2023-12-22 09:33:44.568+01:00 [    20] WARNING    - W&#xD;&#xD;
2023-12-22 09:33:44.568+01:00 [    20] WARNING    - W&#xD;&#xD;
2023-12-22 09:33:44.568+01:00 [    20] WARNING    - W&#xD;&#xD;
2023-12-22 09:33:44.568+01:00 [    20] WARNING    - W&#xD;&#xD;
2023-12-22 09:33:44.568+01:00 [    20] WARNING    - W&#xD;&#xD;
2023-12-22 09:33:44.568+01:00 [    20] WARNING    - W&#xD;&#xD;
2023-12-22 09:33:44.568+01:00 [    20] WARNING    - W&#xD;&#xD;
2023-12-22 09:33:44.568+01:00 [    20] WARNING    - W&#xD;&#xD;
2023-12-22 09:33:44.568+01:00 [    20] WARNING    - W&#xD;&#xD;
2023-12-22 09:33:44.568+01:00 [    20] WARNING    - W&#xD;&#xD;
2023-12-22 09:33:44.568+01:00 [    20] WARNING    - W&#xD;&#xD;
2023-12-22 09:33:44.568+01:00 [    20] WARNING    - W&#xD;&#xD;
2023-12-22 09:33:44.568+01:00 [    20] WARNING    - W&#xD;&#xD;
2023-12-22 09:33:44.568+01:00 [    20] WARNING    - W&#xD;&#xD;
2023-12-22 09:33:44.568+01:00 [    20] WARNING    - W&#xD;&#xD;
2023-12-22 09:33:44.568+01:00 [    20] WARNING    - W&#xD;&#xD;
2023-12-22 09:33:44.568+01:00 [    20] WARNING    - W&#xD;&#xD;
2023-12-22 09:33:44.568+01:00 [    20] WARNING    - W&#xD;&#xD;
2023-12-22 09:33:44.568+01:00 [    20] WARNING    - W&#xD;&#xD;
2023-12-22 09:33:44.568+01:00 [    20] WARNING    - W&#xD;&#xD;
2023-12-22 09:33:44.568+01:00 [    20] WARNING    - W&#xD;&#xD;
2023-12-22 09:33:44.568+01:00 [    20] WARNING    - W&#xD;&#xD;
2023-12-22 09:33:44.568+01:00 [    20] WARNING    - W&#xD;&#xD;
2023-12-22 09:33:44.568+01:00 [    20] WARNING    - W&#xD;&#xD;
2023-12-22 09:33:44.568+01:00 [    20] WARNING    - W&#xD;&#xD;
2023-12-22 09:33:44.568+01:00 [    20] WARNING    - W&#xD;&#xD;
2023-12-22 09:33:44.568+01:00 [    20] WARNING    - W&#xD;&#xD;
2023-12-22 09:33:44.568+01:00 [    20] WARNING    - W&#xD;&#xD;
2023-12-22 09:33:44.568+01:00 [    20] WARNING    - W&#xD;&#xD;
2023-12-22 09:33:44.568+01:00 [    20] WARNING    - W&#xD;&#xD;
2023-12-22 09:33:44.568+01:00 [    20] WARNING    - W&#xD;&#xD;
2023-12-22 09:33:44.568+01:00 [    20] WARNING    - W&#xD;&#xD;
2023-12-22 09:33:44.568+01:00 [    20] WARNING    - W&#xD;&#xD;
2023-12-22 09:33:44.568+01:00 [    20] WARNING    - W&#xD;&#xD;
2023-12-22 09:33:44.568+01:00 [    20] WARNING    - W&#xD;&#xD;
2023-12-22 09:33:44.568+01:00 [    20] WARNING    - W&#xD;&#xD;
2023-12-22 09:33:44.568+01:00 [    20] WARNING    - W&#xD;&#xD;
2023-12-22 09:33:44.568+01:00 [    20] WARNING    - W&#xD;&#xD;
2023-12-22 09:33:44.568+01:00 [    20] WARNING    - W&#xD;&#xD;
2023-12-22 09:33:44.568+01:00 [    20] WARNING    - W&#xD;&#xD;
2023-12-22 09:33:44.568+01:00 [    20] WARNING    - W&#xD;&#xD;
2023-12-22 09:33:44.568+01:00 [    20] WARNING    - W&#xD;&#xD;
2023-12-22 09:33:44.568+01:00 [    20] WARNING    - W&#xD;&#xD;
2023-12-22 09:33:44.568+01:00 [    20] WARNING    - W&#xD;&#xD;
2023-12-22 09:33:44.568+01:00 [    20] WARNING    - W&#xD;&#xD;
2023-12-22 09:33:44.568+01:00 [    20] WARNING    - W&#xD;&#xD;
2023-12-22 09:33:44.568+01:00 [    20] WARNING    - W&#xD;&#xD;
2023-12-22 09:33:44.568+01:00 [    20] WARNING    - W&#xD;&#xD;
2023-12-22 09:33:44.568+01:00 [    20] WARNING    - W&#xD;&#xD;
2023-12-22 09:33:44.568+01:00 [    20] WARNING    - W&#xD;&#xD;
2023-12-22 09:33:44.568+01:00 [    20] WARNING    - W&#xD;&#xD;
2023-12-22 09:33:44.568+01:00 [    20] WARNING    - W&#xD;&#xD;
2023-12-22 09:33:44.568+01:00 [    20] WARNING    - W&#xD;&#xD;
2023-12-22 09:33:44.568+01:00 [    20] WARNING    - W&#xD;&#xD;
2023-12-22 09:33:44.568+01:00 [    20] WARNING    - W&#xD;&#xD;
2023-12-22 09:33:44.568+01:00 [    20] WARNING    - W&#xD;&#xD;
2023-12-22 09:33:44.568+01:00 [    20] WARNING    - W&#xD;&#xD;
2023-12-22 09:33:44.568+01:00 [    20] WARNING    - W&#xD;&#xD;
2023-12-22 09:33:44.568+01:00 [    20] WARNING    - W&#xD;&#xD;
2023-12-22 09:33:44.568+01:00 [    20] WARNING    - W&#xD;&#xD;
2023-12-22 09:33:44.568+01:00 [    20] WARNING    - W&#xD;&#xD;
2023-12-22 09:33:44.568+01:00 [    20] WARNING    - W&#xD;&#xD;
2023-12-22 09:33:44.568+01:00 [    20] WARNING    - W&#xD;&#xD;
2023-12-22 09:33:44.568+01:00 [    20] WARNING    - W&#xD;&#xD;
2023-12-22 09:33:44.568+01:00 [    20] WARNING    - W&#xD;&#xD;
2023-12-22 09:33:44.568+01:00 [    20] WARNING    - W&#xD;&#xD;
2023-12-22 09:33:44.568+01:00 [    20] WARNING    - W&#xD;&#xD;
2023-12-22 09:33:44.568+01:00 [    20] WARNING    - W&#xD;&#xD;
2023-12-22 09:33:44.568+01:00 [    20] WARNING    - W&#xD;&#xD;
2023-12-22 09:33:44.568+01:00 [    20] WARNING    - W&#xD;&#xD;
2023-12-22 09:33:44.568+01:00 [    20] WARNING    - W&#xD;&#xD;
2023-12-22 09:33:44.568+01:00 [    20] WARNING    - W&#xD;&#xD;
2023-12-22 09:33:44.568+01:00 [    20] WARNING    - W&#xD;&#xD;
2023-12-22 09:33:44.568+01:00 [    20] WARNING    - W&#xD;&#xD;
2023-12-22 09:33:44.568+01:00 [    20] WARNING    - W&#xD;&#xD;
2023-12-22 09:33:44.568+01:00 [    20] WARNING    - W&#xD;&#xD;
2023-12-22 09:33:44.568+01:00 [    20] WARNING    - W&#xD;&#xD;
2023-12-22 09:33:44.568+01:00 [    20] WARNING    - W&#xD;&#xD;
2023-12-22 09:33:44.568+01:00 [    20] WARNING    - W&#xD;&#xD;
2023-12-22 09:33:44.568+01:00 [    20] WARNING    - W&#xD;&#xD;
2023-12-22 09:33:44.568+01:00 [    20] WARNING    - W&#xD;&#xD;
2023-12-22 09:33:44.568+01:00 [    20] WARNING    - W&#xD;&#xD;
2023-12-22 09:33:44.568+01:00 [    20] WARNING    - W&#xD;&#xD;
2023-12-22 09:33:44.568+01:00 [    20] WARNING    - W&#xD;&#xD;
2023-12-22 09:33:44.568+01:00 [    20] WARNING    - W&#xD;&#xD;
2023-12-22 09:33:44.568+01:00 [    20] WARNING    - W&#xD;&#xD;
2023-12-22 09:33:44.568+01:00 [    20] WARNING    - W&#xD;&#xD;
2023-12-22 09:33:44.568+01:00 [    20] WARNING    - W&#xD;&#xD;
2023-12-22 09:33:44.568+01:00 [    20] WARNING    - W&#xD;&#xD;
2023-12-22 09:33:44.568+01:00 [    20] WARNING    - W&#xD;&#xD;
2023-12-22 09:33:44.568+01:00 [    20] WARNING    - W&#xD;&#xD;
2023-12-22 09:33:44.568+01:00 [    20] WARNING    - W&#xD;&#xD;
2023-12-22 09:33:44.568+01:00 [    20] WARNING    - W&#xD;&#xD;
2023-12-22 09:33:44.568+01:00 [    20] WARNING    - W&#xD;&#xD;
2023-12-22 09:33:44.568+01:00 [    20] WARNING    - W&#xD;&#xD;
2023-12-22 09:33:44.568+01:00 [    20] WARNING    - W&#xD;&#xD;
2023-12-22 09:33:44.568+01:00 [    20] WARNING    - W&#xD;&#xD;
2023-12-22 09:33:44.568+01:00 [    20] WARNING    - W&#xD;&#xD;
2023-12-22 09:33:44.568+01:00 [    20] WARNING    - W&#xD;&#xD;
2023-12-22 09:33:44.568+01:00 [    20] WARNING    - W&#xD;&#xD;
2023-12-22 09:33:44.568+01:00 [    20] WARNING    - W&#xD;&#xD;
2023-12-22 09:33:44.568+01:00 [    20] WARNING    - W&#xD;&#xD;
2023-12-22 09:33:44.568+01:00 [    20] WARNING    - W&#xD;&#xD;
2023-12-22 09:33:44.568+01:00 [    20] WARNING    - W&#xD;&#xD;
2023-12-22 09:33:44.568+01:00 [    20] WARNING    - W&#xD;&#xD;
2023-12-22 09:33:44.568+01:00 [    20] WARNING    - W&#xD;&#xD;
2023-12-22 09:33:44.568+01:00 [    20] WARNING    - W&#xD;&#xD;
2023-12-22 09:33:44.568+01:00 [    20] WARNING    - W&#xD;&#xD;
2023-12-22 09:33:44.568+01:00 [    20] WARNING    - W&#xD;&#xD;
2023-12-22 09:33:44.568+01:00 [    20] WARNING    - W&#xD;&#xD;
2023-12-22 09:33:44.568+01:00 [    20] WARNING    - W&#xD;&#xD;
2023-12-22 09:33:44.568+01:00 [    20] WARNING    - W&#xD;&#xD;
2023-12-22 09:33:44.568+01:00 [    20] WARNING    - W&#xD;&#xD;
2023-12-22 09:33:44.568+01:00 [    20] WARNING    - W&#xD;&#xD;
2023-12-22 09:33:44.568+01:00 [    20] WARNING    - W&#xD;&#xD;
2023-12-22 09:33:44.568+01:00 [    20] WARNING    - W&#xD;&#xD;
2023-12-22 09:33:44.568+01:00 [    20] WARNING    - W&#xD;&#xD;
2023-12-22 09:33:44.568+01:00 [    20] WARNING    - W&#xD;&#xD;
2023-12-22 09:33:44.568+01:00 [    20] WARNING    - W&#xD;&#xD;
2023-12-22 09:33:44.568+01:00 [    20] WARNING    - W&#xD;&#xD;
2023-12-22 09:33:44.568+01:00 [    20] WARNING    - W&#xD;&#xD;
2023-12-22 09:33:44.568+01:00 [    20] WARNING    - W&#xD;&#xD;
2023-12-22 09:33:44.568+01:00 [    20] WARNING    - W&#xD;&#xD;
2023-12-22 09:33:44.568+01:00 [    20] WARNING    - W&#xD;&#xD;
2023-12-22 09:33:44.568+01:00 [    20] WARNING    - W&#xD;&#xD;
2023-12-22 09:33:44.568+01:00 [    20] WARNING    - W&#xD;&#xD;
2023-12-22 09:33:44.568+01:00 [    20] WARNING    - W&#xD;&#xD;
2023-12-22 09:33:44.568+01:00 [    20] WARNING    - W&#xD;&#xD;
2023-12-22 09:33:44.568+01:00 [    20] WARNING    - W&#xD;&#xD;
2023-12-22 09:33:44.568+01:00 [    20] WARNING    - W&#xD;&#xD;
2023-12-22 09:33:44.568+01:00 [    20] WARNING    - W&#xD;&#xD;
2023-12-22 09:33:44.568+01:00 [    20] WARNING    - W&#xD;&#xD;
2023-12-22 09:33:44.568+01:00 [    20] WARNING    - W&#xD;&#xD;
2023-12-22 09:33:44.568+01:00 [    20] WARNING    - W&#xD;&#xD;
2023-12-22 09:33:44.568+01:00 [    20] WARNING    - W&#xD;&#xD;
2023-12-22 09:33:44.568+01:00 [    20] WARNING    - W&#xD;&#xD;
2023-12-22 09:33:44.568+01:00 [    20] WARNING    - W&#xD;&#xD;
2023-12-22 09:33:44.568+01:00 [    20] WARNING    - W&#xD;&#xD;
2023-12-22 09:33:44.568+01:00 [    20] WARNING    - W&#xD;&#xD;
2023-12-22 09:33:44.568+01:00 [    20] WARNING    - W&#xD;&#xD;
2023-12-22 09:33:44.568+01:00 [    20] WARNING    - W&#xD;&#xD;
2023-12-22 09:33:44.568+01:00 [    20] WARNING    - W&#xD;&#xD;
2023-12-22 09:33:44.568+01:00 [    20] WARNING    - W&#xD;&#xD;
2023-12-22 09:33:44.568+01:00 [    20] WARNING    - W&#xD;&#xD;
2023-12-22 09:33:44.568+01:00 [    20] WARNING    - W&#xD;&#xD;
2023-12-22 09:33:44.568+01:00 [    20] WARNING    - W&#xD;&#xD;
2023-12-22 09:33:44.568+01:00 [    20] WARNING    - W&#xD;&#xD;
2023-12-22 09:33:44.568+01:00 [    20] WARNING    - W&#xD;&#xD;
2023-12-22 09:33:44.568+01:00 [    20] WARNING    - W&#xD;&#xD;
2023-12-22 09:33:44.568+01:00 [    20] WARNING    - W&#xD;&#xD;
2023-12-22 09:33:44.568+01:00 [    20] WARNING    - W&#xD;&#xD;
2023-12-22 09:33:44.568+01:00 [    20] WARNING    - W&#xD;&#xD;
2023-12-22 09:33:44.568+01:00 [    20] WARNING    - W&#xD;&#xD;
2023-12-22 09:33:44.568+01:00 [    20] WARNING    - W&#xD;&#xD;
2023-12-22 09:33:44.568+01:00 [    20] WARNING    - W&#xD;&#xD;
2023-12-22 09:33:44.568+01:00 [    20] WARNING    - W&#xD;&#xD;
2023-12-22 09:33:44.568+01:00 [    20] WARNING    - W&#xD;&#xD;
2023-12-22 09:33:44.568+01:00 [    20] WARNING    - W&#xD;&#xD;
2023-12-22 09:33:44.568+01:00 [    20] WARNING    - W&#xD;&#xD;
2023-12-22 09:33:44.568+01:00 [    20] WARNING    - W&#xD;&#xD;
2023-12-22 09:33:44.568+01:00 [    20] WARNING    - W&#xD;&#xD;
2023-12-22 09:33:44.568+01:00 [    20] WARNING    - W&#xD;&#xD;
2023-12-22 09:33:44.568+01:00 [    20] WARNING    - W&#xD;&#xD;
2023-12-22 09:33:44.568+01:00 [    20] WARNING    - W&#xD;&#xD;
2023-12-22 09:33:44.568+01:00 [    20] WARNING    - W&#xD;&#xD;
2023-12-22 09:33:44.568+01:00 [    20] WARNING    - W&#xD;&#xD;
2023-12-22 09:33:44.568+01:00 [    20] WARNING    - W&#xD;&#xD;
2023-12-22 09:33:44.568+01:00 [    20] WARNING    - W&#xD;&#xD;
2023-12-22 09:33:44.568+01:00 [    20] WARNING    - W&#xD;&#xD;
2023-12-22 09:33:44.568+01:00 [    20] WARNING    - W&#xD;&#xD;
2023-12-22 09:33:44.568+01:00 [    20] WARNING    - W&#xD;&#xD;
2023-12-22 09:33:44.568+01:00 [    20] WARNING    - W&#xD;&#xD;
2023-12-22 09:33:44.568+01:00 [    20] WARNING    - W&#xD;&#xD;
2023-12-22 09:33:44.568+01:00 [    20] WARNING    - W&#xD;&#xD;
2023-12-22 09:33:44.568+01:00 [    20] WARNING    - W&#xD;&#xD;
2023-12-22 09:33:44.568+01:00 [    20] WARNING    - W&#xD;&#xD;
2023-12-22 09:33:44.568+01:00 [    20] WARNING    - W&#xD;&#xD;
2023-12-22 09:33:44.568+01:00 [    20] WARNING    - W&#xD;&#xD;
2023-12-22 09:33:44.568+01:00 [    20] WARNING    - W&#xD;&#xD;
2023-12-22 09:33:44.568+01:00 [    20] WARNING    - W&#xD;&#xD;
2023-12-22 09:33:44.568+01:00 [    20] WARNING    - W&#xD;&#xD;
2023-12-22 09:33:44.568+01:00 [    20] WARNING    - W&#xD;&#xD;
2023-12-22 09:33:44.568+01:00 [    20] WARNING    - W&#xD;&#xD;
2023-12-22 09:33:44.568+01:00 [    20] WARNING    - W&#xD;&#xD;
2023-12-22 09:33:44.568+01:00 [    20] WARNING    - W&#xD;&#xD;
2023-12-22 09:33:44.568+01:00 [    20] WARNING    - W&#xD;&#xD;
2023-12-22 09:33:44.568+01:00 [    20] WARNING    - W&#xD;&#xD;
2023-12-22 09:33:44.568+01:00 [    20] WARNING    - W&#xD;&#xD;
2023-12-22 09:33:44.568+01:00 [    20] WARNING    - W&#xD;&#xD;
2023-12-22 09:33:44.568+01:00 [    20] WARNING    - W&#xD;&#xD;
2023-12-22 09:33:44.568+01:00 [    20] WARNING    - W&#xD;&#xD;
2023-12-22 09:33:44.568+01:00 [    20] WARNING    - W&#xD;&#xD;
2023-12-22 09:33:44.568+01:00 [    20] WARNING    - W&#xD;&#xD;
2023-12-22 09:33:44.568+01:00 [    20] WARNING    - W&#xD;&#xD;
2023-12-22 09:33:44.568+01:00 [    20] WARNING    - W&#xD;&#xD;
2023-12-22 09:33:44.568+01:00 [    20] WARNING    - W&#xD;&#xD;
2023-12-22 09:33:44.568+01:00 [    20] WARNING    - W&#xD;&#xD;
2023-12-22 09:33:44.568+01:00 [    20] WARNING    - W&#xD;&#xD;
2023-12-22 09:33:44.568+01:00 [    20] WARNING    - W&#xD;&#xD;
2023-12-22 09:33:44.568+01:00 [    20] WARNING    - W&#xD;&#xD;
2023-12-22 09:33:44.568+01:00 [    20] WARNING    - W&#xD;&#xD;
2023-12-22 09:33:44.568+01:00 [    20] WARNING    - W&#xD;&#xD;
2023-12-22 09:33:44.568+01:00 [    20] WARNING    - W&#xD;&#xD;
2023-12-22 09:33:44.568+01:00 [    20] WARNING    - W&#xD;&#xD;
2023-12-22 09:33:44.568+01:00 [    20] WARNING    - W&#xD;&#xD;
2023-12-22 09:33:44.568+01:00 [    20] WARNING    - W&#xD;&#xD;
2023-12-22 09:33:44.568+01:00 [    20] WARNING    - W&#xD;&#xD;
2023-12-22 09:33:44.568+01:00 [    20] WARNING    - W&#xD;&#xD;
2023-12-22 09:33:44.568+01:00 [    20] WARNING    - W&#xD;&#xD;
2023-12-22 09:33:44.568+01:00 [    20] WARNING    - W&#xD;&#xD;
2023-12-22 09:33:44.568+01:00 [    20] WARNING    - W&#xD;&#xD;
2023-12-22 09:33:44.568+01:00 [    20] WARNING    - W&#xD;&#xD;
2023-12-22 09:33:44.568+01:00 [    20] WARNING    - W&#xD;&#xD;
2023-12-22 09:33:44.568+01:00 [    20] WARNING    - W&#xD;&#xD;
2023-12-22 09:33:44.568+01:00 [    20] WARNING    - W&#xD;&#xD;
2023-12-22 09:33:44.568+01:00 [    20] WARNING    - W&#xD;&#xD;
2023-12-22 09:33:44.568+01:00 [    20] WARNING    - W&#xD;&#xD;
2023-12-22 09:33:44.568+01:00 [    20] WARNING    - W&#xD;&#xD;
2023-12-22 09:33:44.568+01:00 [    20] WARNING    - W&#xD;&#xD;
2023-12-22 09:33:44.568+01:00 [    20] WARNING    - W&#xD;&#xD;
2023-12-22 09:33:44.568+01:00 [    20] WARNING    - W&#xD;&#xD;
2023-12-22 09:33:44.568+01:00 [    20] WARNING    - W&#xD;&#xD;
2023-12-22 09:33:44.568+01:00 [    20] WARNING    - W&#xD;&#xD;
2023-12-22 09:33:44.568+01:00 [    20] WARNING    - W&#xD;&#xD;
2023-12-22 09:33:44.568+01:00 [    20] WARNING    - W&#xD;&#xD;
2023-12-22 09:33:44.568+01:00 [    20] WARNING    - W&#xD;&#xD;
2023-12-22 09:33:44.568+01:00 [    20] WARNING    - W&#xD;&#xD;
2023-12-22 09:33:44.568+01:00 [    20] WARNING    - W&#xD;&#xD;
2023-12-22 09:33:44.568+01:00 [    20] WARNING    - W&#xD;&#xD;
2023-12-22 09:33:44.568+01:00 [    20] WARNING    - W&#xD;&#xD;
2023-12-22 09:33:44.568+01:00 [    20] WARNING    - W&#xD;&#xD;
2023-12-22 09:33:44.568+01:00 [    20] WARNING    - W&#xD;&#xD;
2023-12-22 09:33:44.568+01:00 [    20] WARNING    - W&#xD;&#xD;
2023-12-22 09:33:44.568+01:00 [    20] WARNING    - W&#xD;&#xD;
2023-12-22 09:33:44.568+01:00 [    20] WARNING    - W&#xD;&#xD;
2023-12-22 09:33:44.568+01:00 [    20] WARNING    - W&#xD;&#xD;
2023-12-22 09:33:44.568+01:00 [    20] WARNING    - W&#xD;&#xD;
2023-12-22 09:33:44.568+01:00 [    20] WARNING    - W&#xD;&#xD;
2023-12-22 09:33:44.568+01:00 [    20] WARNING    - W&#xD;&#xD;
2023-12-22 09:33:44.568+01:00 [    20] WARNING    - W&#xD;&#xD;
2023-12-22 09:33:44.568+01:00 [    20] WARNING    - W&#xD;&#xD;
2023-12-22 09:33:44.568+01:00 [    20] WARNING    - W&#xD;&#xD;
2023-12-22 09:33:44.568+01:00 [    20] WARNING    - W&#xD;&#xD;
2023-12-22 09:33:44.568+01:00 [    20] WARNING    - W&#xD;&#xD;
2023-12-22 09:33:44.568+01:00 [    20] WARNING    - W&#xD;&#xD;
2023-12-22 09:33:44.568+01:00 [    20] WARNING    - W&#xD;&#xD;
2023-12-22 09:33:44.568+01:00 [    20] WARNING    - W&#xD;&#xD;
2023-12-22 09:33:44.568+01:00 [    20] WARNING    - W&#xD;&#xD;
2023-12-22 09:33:44.568+01:00 [    20] WARNING    - W&#xD;&#xD;
2023-12-22 09:33:44.568+01:00 [    20] WARNING    - W&#xD;&#xD;
2023-12-22 09:33:44.568+01:00 [    20] WARNING    - W&#xD;&#xD;
2023-12-22 09:33:44.568+01:00 [    20] WARNING    - W&#xD;&#xD;
2023-12-22 09:33:44.568+01:00 [    20] WARNING    - W&#xD;&#xD;
2023-12-22 09:33:44.568+01:00 [    20] WARNING    - W&#xD;&#xD;
2023-12-22 09:33:44.568+01:00 [    20] WARNING    - W&#xD;&#xD;
2023-12-22 09:33:44.568+01:00 [    20] WARNING    - W&#xD;&#xD;
2023-12-22 09:33:44.568+01:00 [    20] WARNING    - W&#xD;&#xD;
2023-12-22 09:33:44.568+01:00 [    20] WARNING    - W&#xD;&#xD;
2023-12-22 09:33:44.568+01:00 [    20] WARNING    - W&#xD;&#xD;
2023-12-22 09:33:44.568+01:00 [    20] WARNING    - W&#xD;&#xD;
2023-12-22 09:33:44.568+01:00 [    20] WARNING    - W&#xD;&#xD;
2023-12-22 09:33:44.568+01:00 [    20] WARNING    - W&#xD;&#xD;
2023-12-22 09:33:44.568+01:00 [    20] WARNING    - W&#xD;&#xD;
2023-12-22 09:33:44.568+01:00 [    20] WARNING    - W&#xD;&#xD;
2023-12-22 09:33:44.568+01:00 [    20] WARNING    - W&#xD;&#xD;
2023-12-22 09:33:44.568+01:00 [    20] WARNING    - W&#xD;&#xD;
2023-12-22 09:33:44.568+01:00 [    20] WARNING    - W&#xD;&#xD;
2023-12-22 09:33:44.568+01:00 [    20] WARNING    - W&#xD;&#xD;
2023-12-22 09:33:44.568+01:00 [    20] WARNING    - W&#xD;&#xD;
2023-12-22 09:33:44.568+01:00 [    20] WARNING    - W&#xD;&#xD;
2023-12-22 09:33:44.568+01:00 [    20] WARNING    - W&#xD;&#xD;
2023-12-22 09:33:44.568+01:00 [    20] WARNING    - W&#xD;&#xD;
2023-12-22 09:33:44.568+01:00 [    20] WARNING    - W&#xD;&#xD;
2023-12-22 09:33:44.568+01:00 [    20] WARNING    - W&#xD;&#xD;
2023-12-22 09:33:44.568+01:00 [    20] WARNING    - W&#xD;&#xD;
2023-12-22 09:33:44.568+01:00 [    20] WARNING    - W&#xD;&#xD;
2023-12-22 09:33:44.568+01:00 [    20] WARNING    - W&#xD;&#xD;
2023-12-22 09:33:44.568+01:00 [    20] WARNING    - W&#xD;&#xD;
2023-12-22 09:33:44.568+01:00 [    20] WARNING    - W&#xD;&#xD;
2023-12-22 09:33:44.568+01:00 [    20] WARNING    - W&#xD;&#xD;
2023-12-22 09:33:44.568+01:00 [    20] WARNING    - W&#xD;&#xD;
2023-12-22 09:33:44.568+01:00 [    20] WARNING    - W&#xD;&#xD;
2023-12-22 09:33:44.568+01:00 [    20] WARNING    - W&#xD;&#xD;
2023-12-22 09:33:44.568+01:00 [    20] WARNING    - W&#xD;&#xD;
2023-12-22 09:33:44.568+01:00 [    20] WARNING    - W&#xD;&#xD;
2023-12-22 09:33:44.568+01:00 [    20] WARNING    - W&#xD;&#xD;
2023-12-22 09:33:44.568+01:00 [    20] WARNING    - W&#xD;&#xD;
2023-12-22 09:33:44.568+01:00 [    20] WARNING    - W&#xD;&#xD;
2023-12-22 09:33:44.568+01:00 [    20] WARNING    - W&#xD;&#xD;
2023-12-22 09:33:44.568+01:00 [    20] WARNING    - W&#xD;&#xD;
2023-12-22 09:33:44.568+01:00 [    20] WARNING    - W&#xD;&#xD;
2023-12-22 09:33:44.568+01:00 [    20] WARNING    - W&#xD;&#xD;
2023-12-22 09:33:44.568+01:00 [    20] WARNING    - W&#xD;&#xD;
2023-12-22 09:33:44.568+01:00 [    20] WARNING    - W&#xD;&#xD;
2023-12-22 09:33:44.568+01:00 [    20] WARNING    - W&#xD;&#xD;
2023-12-22 09:33:44.568+01:00 [    20] WARNING    - W&#xD;&#xD;
2023-12-22 09:33:44.568+01:00 [    20] WARNING    - W&#xD;&#xD;
2023-12-22 09:33:44.568+01:00 [    20] WARNING    - W&#xD;&#xD;
2023-12-22 09:33:44.568+01:00 [    20] WARNING    - W&#xD;&#xD;
2023-12-22 09:33:44.568+01:00 [    20] WARNING    - W&#xD;&#xD;
2023-12-22 09:33:44.568+01:00 [    20] WARNING    - W&#xD;&#xD;
2023-12-22 09:33:44.568+01:00 [    20] WARNING    - W&#xD;&#xD;
2023-12-22 09:33:44.568+01:00 [    20] WARNING    - W&#xD;&#xD;
2023-12-22 09:33:44.568+01:00 [    20] WARNING    - W&#xD;&#xD;
2023-12-22 09:33:44.568+01:00 [    20] WARNING    - W&#xD;&#xD;
2023-12-22 09:33:44.568+01:00 [    20] WARNING    - W&#xD;&#xD;
2023-12-22 09:33:44.568+01:00 [    20] WARNING    - W&#xD;&#xD;
2023-12-22 09:33:44.568+01:00 [    20] WARNING    - W&#xD;&#xD;
2023-12-22 09:33:44.568+01:00 [    20] WARNING    - W&#xD;&#xD;
2023-12-22 09:33:44.568+01:00 [    20] WARNING    - W&#xD;&#xD;
2023-12-22 09:33:44.568+01:00 [    20] WARNING    - W&#xD;&#xD;
2023-12-22 09:33:44.568+01:00 [    20] WARNING    - W&#xD;&#xD;
2023-12-22 09:33:44.568+01:00 [    20] WARNING    - W&#xD;&#xD;
2023-12-22 09:33:44.568+01:00 [    20] WARNING    - W&#xD;&#xD;
2023-12-22 09:33:44.568+01:00 [    20] WARNING    - W&#xD;&#xD;
2023-12-22 09:33:44.568+01:00 [    20] WARNING    - W&#xD;&#xD;
2023-12-22 09:33:44.568+01:00 [    20] WARNING    - W&#xD;&#xD;
2023-12-22 09:33:44.568+01:00 [    20] WARNING    - W&#xD;&#xD;
2023-12-22 09:33:44.568+01:00 [    20] WARNING    - W&#xD;&#xD;
2023-12-22 09:33:44.568+01:00 [    20] WARNING    - W&#xD;&#xD;
2023-12-22 09:33:44.568+01:00 [    20] WARNING    - W&#xD;&#xD;
2023-12-22 09:33:44.568+01:00 [    20] WARNING    - W&#xD;&#xD;
2023-12-22 09:33:44.568+01:00 [    20] WARNING    - W&#xD;&#xD;
2023-12-22 09:33:44.568+01:00 [    20] WARNING    - W&#xD;&#xD;
2023-12-22 09:33:44.568+01:00 [    20] WARNING    - W&#xD;&#xD;
2023-12-22 09:33:44.568+01:00 [    20] WARNING    - W&#xD;&#xD;
2023-12-22 09:33:44.568+01:00 [    20] WARNING    - W&#xD;&#xD;
2023-12-22 09:33:44.568+01:00 [    20] WARNING    - W&#xD;&#xD;
2023-12-22 09:33:44.568+01:00 [    20] WARNING    - W&#xD;&#xD;
2023-12-22 09:33:44.568+01:00 [    20] WARNING    - W&#xD;&#xD;
2023-12-22 09:33:44.568+01:00 [    20] WARNING    - W&#xD;&#xD;
2023-12-22 09:33:44.568+01:00 [    20] WARNING    - W&#xD;&#xD;
2023-12-22 09:33:44.568+01:00 [    20] WARNING    - W&#xD;&#xD;
2023-12-22 09:33:44.568+01:00 [    20] WARNING    - W&#xD;&#xD;
2023-12-22 09:33:44.568+01:00 [    20] WARNING    - W&#xD;&#xD;
2023-12-22 09:33:44.568+01:00 [    20] WARNING    - W&#xD;&#xD;
2023-12-22 09:33:44.568+01:00 [    20] WARNING    - W&#xD;&#xD;
2023-12-22 09:33:44.568+01:00 [    20] WARNING    - W&#xD;&#xD;
2023-12-22 09:33:44.568+01:00 [    20] WARNING    - W&#xD;&#xD;
2023-12-22 09:33:44.568+01:00 [    20] WARNING    - W&#xD;&#xD;
2023-12-22 09:33:44.568+01:00 [    20] WARNING    - W&#xD;&#xD;
2023-12-22 09:33:44.568+01:00 [    20] WARNING    - W&#xD;&#xD;
2023-12-22 09:33:44.568+01:00 [    20] WARNING    - W&#xD;&#xD;
2023-12-22 09:33:44.568+01:00 [    20] WARNING    - W&#xD;&#xD;
2023-12-22 09:33:44.568+01:00 [    20] WARNING    - W&#xD;&#xD;
2023-12-22 09:33:44.568+01:00 [    20] WARNING    - W&#xD;&#xD;
2023-12-22 09:33:44.568+01:00 [    20] WARNING    - W&#xD;&#xD;
2023-12-22 09:33:44.568+01:00 [    20] WARNING    - W&#xD;&#xD;
2023-12-22 09:33:44.568+01:00 [    20] WARNING    - W&#xD;&#xD;
2023-12-22 09:33:44.568+01:00 [    20] WARNING    - W&#xD;&#xD;
2023-12-22 09:33:44.568+01:00 [    20] WARNING    - W&#xD;&#xD;
2023-12-22 09:33:44.568+01:00 [    20] WARNING    - W&#xD;&#xD;
2023-12-22 09:33:44.568+01:00 [    20] WARNING    - W&#xD;&#xD;
2023-12-22 09:33:44.568+01:00 [    20] WARNING    - W&#xD;&#xD;
2023-12-22 09:33:44.568+01:00 [    20] WARNING    - W&#xD;&#xD;
2023-12-22 09:33:44.568+01:00 [    20] WARNING    - W&#xD;&#xD;
2023-12-22 09:33:44.568+01:00 [    20] WARNING    - W&#xD;&#xD;
2023-12-22 09:33:44.568+01:00 [    20] WARNING    - W&#xD;&#xD;
2023-12-22 09:33:44.568+01:00 [    20] WARNING    - W&#xD;&#xD;
2023-12-22 09:33:44.568+01:00 [    20] WARNING    - W&#xD;&#xD;
2023-12-22 09:33:44.568+01:00 [    20] WARNING    - W&#xD;&#xD;
2023-12-22 09:33:44.568+01:00 [    20] WARNING    - W&#xD;&#xD;
2023-12-22 09:33:44.568+01:00 [    20] WARNING    - W&#xD;&#xD;
2023-12-22 09:33:44.568+01:00 [    20] WARNING    - W&#xD;&#xD;
2023-12-22 09:33:44.568+01:00 [    20] WARNING    - W&#xD;&#xD;
2023-12-22 09:33:44.568+01:00 [    20] WARNING    - W&#xD;&#xD;
2023-12-22 09:33:44.568+01:00 [    20] WARNING    - W&#xD;&#xD;
2023-12-22 09:33:44.568+01:00 [    20] WARNING    - W&#xD;&#xD;
2023-12-22 09:33:44.568+01:00 [    20] WARNING    - W&#xD;&#xD;
2023-12-22 09:33:44.568+01:00 [    20] WARNING    - W&#xD;&#xD;
2023-12-22 09:33:44.568+01:00 [    20] WARNING    - W&#xD;&#xD;
2023-12-22 09:33:44.568+01:00 [    20] WARNING    - W&#xD;&#xD;
2023-12-22 09:33:44.568+01:00 [    20] WARNING    - W&#xD;&#xD;
2023-12-22 09:33:44.568+01:00 [    20] WARNING    - W&#xD;&#xD;
2023-12-22 09:33:44.568+01:00 [    20] WARNING    - W&#xD;&#xD;
2023-12-22 09:33:44.568+01:00 [    20] WARNING    - W&#xD;&#xD;
2023-12-22 09:33:44.568+01:00 [    20] WARNING    - W&#xD;&#xD;
2023-12-22 09:33:44.568+01:00 [    20] WARNING    - W&#xD;&#xD;
2023-12-22 09:33:44.568+01:00 [    20] WARNING    - W&#xD;&#xD;
2023-12-22 09:33:44.568+01:00 [    20] WARNING    - W&#xD;&#xD;
2023-12-22 09:33:44.568+01:00 [    20] WARNING    - W&#xD;&#xD;
2023-12-22 09:33:44.568+01:00 [    20] WARNING    - W&#xD;&#xD;
2023-12-22 09:33:44.568+01:00 [    20] WARNING    - W&#xD;&#xD;
2023-12-22 09:33:44.568+01:00 [    20] WARNING    - W&#xD;&#xD;
2023-12-22 09:33:44.568+01:00 [    20] WARNING    - W&#xD;&#xD;
2023-12-22 09:33:44.568+01:00 [    20] WARNING    - W&#xD;&#xD;
2023-12-22 09:33:44.568+01:00 [    20] WARNING    - W&#xD;&#xD;
2023-12-22 09:33:44.568+01:00 [    20] WARNING    - W&#xD;&#xD;
2023-12-22 09:33:44.568+01:00 [    20] WARNING    - W&#xD;&#xD;
2023-12-22 09:33:44.568+01:00 [    20] WARNING    - W&#xD;&#xD;
2023-12-22 09:33:44.568+01:00 [    20] WARNING    - W&#xD;&#xD;
2023-12-22 09:33:44.568+01:00 [    20] WARNING    - W&#xD;&#xD;
2023-12-22 09:33:44.568+01:00 [    20] WARNING    - W&#xD;&#xD;
2023-12-22 09:33:44.568+01:00 [    20] WARNING    - W&#xD;&#xD;
2023-12-22 09:33:44.568+01:00 [    20] WARNING    - W&#xD;&#xD;
2023-12-22 09:33:44.568+01:00 [    20] WARNING    - W&#xD;&#xD;
2023-12-22 09:33:44.568+01:00 [    20] WARNING    - W&#xD;&#xD;
2023-12-22 09:33:44.568+01:00 [    20] WARNING    - W&#xD;&#xD;
2023-12-22 09:33:44.568+01:00 [    20] WARNING    - W&#xD;&#xD;
2023-12-22 09:33:44.568+01:00 [    20] WARNING    - W&#xD;&#xD;
2023-12-22 09:33:44.568+01:00 [    20] WARNING    - W&#xD;&#xD;
2023-12-22 09:33:44.568+01:00 [    20] WARNING    - W&#xD;&#xD;
2023-12-22 09:33:44.568+01:00 [    20] WARNING    - W&#xD;&#xD;
2023-12-22 09:33:44.568+01:00 [    20] WARNING    - W&#xD;&#xD;
2023-12-22 09:33:44.568+01:00 [    20] WARNING    - W&#xD;&#xD;
2023-12-22 09:33:44.568+01:00 [    20] WARNING    - W&#xD;&#xD;
2023-12-22 09:33:44.568+01:00 [    20] WARNING    - W&#xD;&#xD;
2023-12-22 09:33:44.568+01:00 [    20] WARNING    - W&#xD;&#xD;
2023-12-22 09:33:44.568+01:00 [    20] WARNING    - W&#xD;&#xD;
2023-12-22 09:33:44.568+01:00 [    20] WARNING    - W&#xD;&#xD;
2023-12-22 09:33:44.568+01:00 [    20] WARNING    - W&#xD;&#xD;
2023-12-22 09:33:44.568+01:00 [    20] WARNING    - W&#xD;&#xD;
2023-12-22 09:33:44.568+01:00 [    20] WARNING    - W&#xD;&#xD;
2023-12-22 09:33:44.568+01:00 [    20] WARNING    - W&#xD;&#xD;
2023-12-22 09:33:44.568+01:00 [    20] WARNING    - W&#xD;&#xD;
2023-12-22 09:33:44.568+01:00 [    20] WARNING    - W&#xD;&#xD;
2023-12-22 09:33:44.568+01:00 [    20] WARNING    - W&#xD;&#xD;
2023-12-22 09:33:44.568+01:00 [    20] WARNING    - W&#xD;&#xD;
2023-12-22 09:33:44.568+01:00 [    20] WARNING    - W&#xD;&#xD;
2023-12-22 09:33:44.568+01:00 [    20] WARNING    - W&#xD;&#xD;
2023-12-22 09:33:44.568+01:00 [    20] WARNING    - W&#xD;&#xD;
2023-12-22 09:33:44.568+01:00 [    20] WARNING    - W&#xD;&#xD;
2023-12-22 09:33:44.568+01:00 [    20] WARNING    - W&#xD;&#xD;
2023-12-22 09:33:44.568+01:00 [    20] WARNING    - W&#xD;&#xD;
2023-12-22 09:33:44.568+01:00 [    20] WARNING    - W&#xD;&#xD;
2023-12-22 09:33:44.568+01:00 [    20] WARNING    - W&#xD;&#xD;
2023-12-22 09:33:44.568+01:00 [    20] WARNING    - W&#xD;&#xD;
2023-12-22 09:33:44.568+01:00 [    20] WARNING    - W&#xD;&#xD;
2023-12-22 09:33:44.568+01:00 [    20] WARNING    - W&#xD;&#xD;
2023-12-22 09:33:44.568+01:00 [    20] WARNING    - W&#xD;&#xD;
2023-12-22 09:33:44.568+01:00 [    20] WARNING    - W&#xD;&#xD;
2023-12-22 09:33:44.568+01:00 [    20] WARNING    - W&#xD;&#xD;
2023-12-22 09:33:44.568+01:00 [    20] WARNING    - W&#xD;&#xD;
2023-12-22 09:33:44.568+01:00 [    20] WARNING    - W&#xD;&#xD;
2023-12-22 09:33:44.568+01:00 [    20] WARNING    - W&#xD;&#xD;
2023-12-22 09:33:44.568+01:00 [    20] WARNING    - W&#xD;&#xD;
2023-12-22 09:33:44.568+01:00 [    20] WARNING    - W&#xD;&#xD;
2023-12-22 09:33:44.568+01:00 [    20] WARNING    - W&#xD;&#xD;
2023-12-22 09:33:44.568+01:00 [    20] WARNING    - W&#xD;&#xD;
2023-12-22 09:33:44.568+01:00 [    20] WARNING    - W&#xD;&#xD;
2023-12-22 09:33:44.568+01:00 [    20] WARNING    - W&#xD;&#xD;
2023-12-22 09:33:44.568+01:00 [    20] WARNING    - W&#xD;&#xD;
2023-12-22 09:33:44.568+01:00 [    20] WARNING    - W&#xD;&#xD;
2023-12-22 09:33:44.568+01:00 [    20] WARNING    - W&#xD;&#xD;
2023-12-22 09:33:44.568+01:00 [    20] WARNING    - W&#xD;&#xD;
2023-12-22 09:33:44.568+01:00 [    20] WARNING    - W&#xD;&#xD;
2023-12-22 09:33:44.568+01:00 [    20] WARNING    - W&#xD;&#xD;
2023-12-22 09:33:44.568+01:00 [    20] WARNING    - W&#xD;&#xD;
2023-12-22 09:33:44.568+01:00 [    20] WARNING    - W&#xD;&#xD;
2023-12-22 09:33:44.568+01:00 [    20] WARNING    - W&#xD;&#xD;
2023-12-22 09:33:44.568+01:00 [    20] WARNING    - W&#xD;&#xD;
2023-12-22 09:33:44.568+01:00 [    20] WARNING    - W&#xD;&#xD;
2023-12-22 09:33:44.568+01:00 [    20] WARNING    - W&#xD;&#xD;
2023-12-22 09:33:44.568+01:00 [    20] WARNING    - W&#xD;&#xD;
2023-12-22 09:33:44.568+01:00 [    20] WARNING    - W&#xD;&#xD;
2023-12-22 09:33:44.568+01:00 [    20] WARNING    - W&#xD;&#xD;
2023-12-22 09:33:44.568+01:00 [    20] WARNING    - W&#xD;&#xD;
2023-12-22 09:33:44.568+01:00 [    20] WARNING    - W&#xD;&#xD;
2023-12-22 09:33:44.568+01:00 [    20] WARNING    - W&#xD;&#xD;
2023-12-22 09:33:44.568+01:00 [    20] WARNING    - W&#xD;&#xD;
2023-12-22 09:33:44.568+01:00 [    20] WARNING    - W&#xD;&#xD;
2023-12-22 09:33:44.568+01:00 [    20] WARNING    - W&#xD;&#xD;
2023-12-22 09:33:44.568+01:00 [    20] WARNING    - W&#xD;&#xD;
2023-12-22 09:33:44.568+01:00 [    20] WARNING    - W&#xD;&#xD;
2023-12-22 09:33:44.568+01:00 [    20] WARNING    - W&#xD;&#xD;
2023-12-22 09:33:44.568+01:00 [    20] WARNING    - W&#xD;&#xD;
2023-12-22 09:33:44.568+01:00 [    20] WARNING    - W&#xD;&#xD;
2023-12-22 09:33:44.568+01:00 [    20] WARNING    - W&#xD;&#xD;
2023-12-22 09:33:44.568+01:00 [    20] WARNING    - W&#xD;&#xD;
2023-12-22 09:33:44.568+01:00 [    20] WARNING    - W&#xD;&#xD;
2023-12-22 09:33:44.568+01:00 [    20] WARNING    - W&#xD;&#xD;
2023-12-22 09:33:44.568+01:00 [    20] WARNING    - W&#xD;&#xD;
2023-12-22 09:33:44.568+01:00 [    20] WARNING    - W&#xD;&#xD;
2023-12-22 09:33:44.568+01:00 [    20] WARNING    - W&#xD;&#xD;
2023-12-22 09:33:44.568+01:00 [    20] WARNING    - W&#xD;&#xD;
2023-12-22 09:33:44.568+01:00 [    20] WARNING    - W&#xD;&#xD;
2023-12-22 09:33:44.568+01:00 [    20] WARNING    - W&#xD;&#xD;
2023-12-22 09:33:44.568+01:00 [    20] WARNING    - W&#xD;&#xD;
2023-12-22 09:33:44.568+01:00 [    20] WARNING    - W&#xD;&#xD;
2023-12-22 09:33:44.568+01:00 [    20] WARNING    - W&#xD;&#xD;
2023-12-22 09:33:44.568+01:00 [    20] WARNING    - W&#xD;&#xD;
2023-12-22 09:33:44.568+01:00 [    20] WARNING    - W&#xD;&#xD;
2023-12-22 09:33:44.568+01:00 [    20] WARNING    - W&#xD;&#xD;
2023-12-22 09:33:44.568+01:00 [    20] WARNING    - W&#xD;&#xD;
2023-12-22 09:33:44.568+01:00 [    20] WARNING    - W&#xD;&#xD;
2023-12-22 09:33:44.568+01:00 [    20] WARNING    - W&#xD;&#xD;
2023-12-22 09:33:44.568+01:00 [    20] WARNING    - W&#xD;&#xD;
2023-12-22 09:33:44.568+01:00 [    20] WARNING    - W&#xD;&#xD;
2023-12-22 09:33:44.568+01:00 [    20] WARNING    - W&#xD;&#xD;
2023-12-22 09:33:44.568+01:00 [    20] WARNING    - W&#xD;&#xD;
2023-12-22 09:33:44.568+01:00 [    20] WARNING    - W&#xD;&#xD;
2023-12-22 09:33:44.568+01:00 [    20] WARNING    - W&#xD;&#xD;
2023-12-22 09:33:44.568+01:00 [    20] WARNING    - W&#xD;&#xD;
2023-12-22 09:33:44.568+01:00 [    20] WARNING    - W&#xD;&#xD;
2023-12-22 09:33:44.568+01:00 [    20] WARNING    - W&#xD;&#xD;
2023-12-22 09:33:44.568+01:00 [    20] WARNING    - W&#xD;&#xD;
2023-12-22 09:33:44.568+01:00 [    20] WARNING    - W&#xD;&#xD;
2023-12-22 09:33:44.568+01:00 [    20] WARNING    - W&#xD;&#xD;
2023-12-22 09:33:44.568+01:00 [    20] WARNING    - W&#xD;&#xD;
2023-12-22 09:33:44.568+01:00 [    20] WARNING    - W&#xD;&#xD;
2023-12-22 09:33:44.568+01:00 [    20] WARNING    - W&#xD;&#xD;
2023-12-22 09:33:44.568+01:00 [    20] WARNING    - W&#xD;&#xD;
2023-12-22 09:33:44.568+01:00 [    20] WARNING    - W&#xD;&#xD;
2023-12-22 09:33:44.568+01:00 [    20] WARNING    - W&#xD;&#xD;
2023-12-22 09:33:44.568+01:00 [    20] WARNING    - W&#xD;&#xD;
2023-12-22 09:33:44.568+01:00 [    20] WARNING    - W&#xD;&#xD;
2023-12-22 09:33:44.568+01:00 [    20] WARNING    - W&#xD;&#xD;
2023-12-22 09:33:44.568+01:00 [    20] WARNING    - W&#xD;&#xD;
2023-12-22 09:33:44.568+01:00 [    20] WARNING    - W&#xD;&#xD;
2023-12-22 09:33:44.568+01:00 [    20] WARNING    - W&#xD;&#xD;
2023-12-22 09:33:44.568+01:00 [    20] WARNING    - W&#xD;&#xD;
2023-12-22 09:33:44.568+01:00 [    20] WARNING    - W&#xD;&#xD;
2023-12-22 09:33:44.568+01:00 [    20] WARNING    - W&#xD;&#xD;
2023-12-22 09:33:44.568+01:00 [    20] WARNING    - W&#xD;&#xD;
2023-12-22 09:33:44.568+01:00 [    20] WARNING    - W&#xD;&#xD;
2023-12-22 09:33:44.568+01:00 [    20] WARNING    - W&#xD;&#xD;
2023-12-22 09:33:44.568+01:00 [    20] WARNING    - W&#xD;&#xD;
2023-12-22 09:33:44.568+01:00 [    20] WARNING    - W&#xD;&#xD;
2023-12-22 09:33:44.568+01:00 [    20] WARNING    - W&#xD;&#xD;
2023-12-22 09:33:44.568+01:00 [    20] WARNING    - W&#xD;&#xD;
2023-12-22 09:33:44.568+01:00 [    20] WARNING    - W&#xD;&#xD;
2023-12-22 09:33:44.568+01:00 [    20] WARNING    - W&#xD;&#xD;
2023-12-22 09:33:44.568+01:00 [    20] WARNING    - W&#xD;&#xD;
2023-12-22 09:33:44.568+01:00 [    20] WARNING    - W&#xD;&#xD;
2023-12-22 09:33:44.568+01:00 [    20] WARNING    - W&#xD;&#xD;
2023-12-22 09:33:44.568+01:00 [    20] WARNING    - W&#xD;&#xD;
2023-12-22 09:33:44.568+01:00 [    20] WARNING    - W&#xD;&#xD;
2023-12-22 09:33:44.568+01:00 [    20] WARNING    - W&#xD;&#xD;
2023-12-22 09:33:44.568+01:00 [    20] WARNING    - W&#xD;&#xD;
2023-12-22 09:33:44.568+01:00 [    20] WARNING    - W&#xD;&#xD;
2023-12-22 09:33:44.568+01:00 [    20] WARNING    - W&#xD;&#xD;
2023-12-22 09:33:44.568+01:00 [    20] WARNING    - W&#xD;&#xD;
2023-12-22 09:33:44.568+01:00 [    20] WARNING    - W&#xD;&#xD;
2023-12-22 09:33:44.568+01:00 [    20] WARNING    - W&#xD;&#xD;
2023-12-22 09:33:44.568+01:00 [    20] WARNING    - W&#xD;&#xD;
2023-12-22 09:33:44.568+01:00 [    20] WARNING    - W&#xD;&#xD;
2023-12-22 09:33:44.568+01:00 [    20] WARNING    - W&#xD;&#xD;
2023-12-22 09:33:44.568+01:00 [    20] WARNING    - W&#xD;&#xD;
2023-12-22 09:33:44.568+01:00 [    20] WARNING    - W&#xD;&#xD;
2023-12-22 09:33:44.568+01:00 [    20] WARNING    - W&#xD;&#xD;
2023-12-22 09:33:44.568+01:00 [    20] WARNING    - W&#xD;&#xD;
2023-12-22 09:33:44.568+01:00 [    20] WARNING    - W&#xD;&#xD;
2023-12-22 09:33:44.568+01:00 [    20] WARNING    - W&#xD;&#xD;
2023-12-22 09:33:44.568+01:00 [    20] WARNING    - W&#xD;&#xD;
2023-12-22 09:33:44.568+01:00 [    20] WARNING    - W&#xD;&#xD;
2023-12-22 09:33:44.568+01:00 [    20] WARNING    - W&#xD;&#xD;
2023-12-22 09:33:44.568+01:00 [    20] WARNING    - W&#xD;&#xD;
2023-12-22 09:33:44.568+01:00 [    20] WARNING    - W&#xD;&#xD;
2023-12-22 09:33:44.568+01:00 [    20] WARNING    - W&#xD;&#xD;
2023-12-22 09:33:44.568+01:00 [    20] WARNING    - W&#xD;&#xD;
2023-12-22 09:33:44.568+01:00 [    20] WARNING    - W&#xD;&#xD;
2023-12-22 09:33:44.568+01:00 [    20] WARNING    - W&#xD;&#xD;
2023-12-22 09:33:44.568+01:00 [    20] WARNING    - W&#xD;&#xD;
2023-12-22 09:33:44.568+01:00 [    20] WARNING    - W&#xD;&#xD;
2023-12-22 09:33:44.568+01:00 [    20] WARNING    - W&#xD;&#xD;
2023-12-22 09:33:44.568+01:00 [    20] WARNING    - W&#xD;&#xD;
2023-12-22 09:33:44.568+01:00 [    20] WARNING    - W&#xD;&#xD;
2023-12-22 09:33:44.568+01:00 [    20] WARNING    - W&#xD;&#xD;
2023-12-22 09:33:44.568+01:00 [    20] WARNING    - W&#xD;&#xD;
2023-12-22 09:33:44.568+01:00 [    20] WARNING    - W&#xD;&#xD;
2023-12-22 09:33:44.568+01:00 [    20] WARNING    - W&#xD;&#xD;
2023-12-22 09:33:44.568+01:00 [    20] WARNING    - W&#xD;&#xD;
2023-12-22 09:33:44.568+01:00 [    20] WARNING    - W&#xD;&#xD;
2023-12-22 09:33:44.568+01:00 [    20] WARNING    - W&#xD;&#xD;
2023-12-22 09:33:44.568+01:00 [    20] WARNING    - W&#xD;&#xD;
2023-12-22 09:33:44.568+01:00 [    20] WARNING    - W&#xD;&#xD;
2023-12-22 09:33:44.568+01:00 [    20] WARNING    - W&#xD;&#xD;
2023-12-22 09:33:44.568+01:00 [    20] WARNING    - W&#xD;&#xD;
2023-12-22 09:33:44.568+01:00 [    20] WARNING    - W&#xD;&#xD;
2023-12-22 09:33:44.568+01:00 [    20] WARNING    - W&#xD;&#xD;
2023-12-22 09:33:44.568+01:00 [    20] WARNING    - W&#xD;&#xD;
2023-12-22 09:33:44.568+01:00 [    20] WARNING    - W&#xD;&#xD;
2023-12-22 09:33:44.568+01:00 [    20] WARNING    - W&#xD;&#xD;
2023-12-22 09:33:44.568+01:00 [    20] WARNING    - W&#xD;&#xD;
2023-12-22 09:33:44.568+01:00 [    20] WARNING    - W&#xD;&#xD;
2023-12-22 09:33:44.568+01:00 [    20] WARNING    - W&#xD;&#xD;
2023-12-22 09:33:44.568+01:00 [    20] WARNING    - W&#xD;&#xD;
2023-12-22 09:33:44.568+01:00 [    20] WARNING    - W&#xD;&#xD;
2023-12-22 09:33:44.568+01:00 [    20] WARNING    - W&#xD;&#xD;
2023-12-22 09:33:44.568+01:00 [    20] WARNING    - W&#xD;&#xD;
2023-12-22 09:33:44.568+01:00 [    20] WARNING    - W&#xD;&#xD;
2023-12-22 09:33:44.568+01:00 [    20] WARNING    - W&#xD;&#xD;
2023-12-22 09:33:44.568+01:00 [    20] WARNING    - W&#xD;&#xD;
2023-12-22 09:33:44.568+01:00 [    20] WARNING    - W&#xD;&#xD;
2023-12-22 09:33:44.568+01:00 [    20] WARNING    - W&#xD;&#xD;
2023-12-22 09:33:44.568+01:00 [    20] WARNING    - W&#xD;&#xD;
2023-12-22 09:33:44.568+01:00 [    20] WARNING    - W&#xD;&#xD;
2023-12-22 09:33:44.568+01:00 [    20] WARNING    - W&#xD;&#xD;
2023-12-22 09:33:44.568+01:00 [    20] WARNING    - W&#xD;&#xD;
2023-12-22 09:33:44.568+01:00 [    20] WARNING    - W&#xD;&#xD;
2023-12-22 09:33:44.568+01:00 [    20] WARNING    - W&#xD;&#xD;
2023-12-22 09:33:44.568+01:00 [    20] WARNING    - W&#xD;&#xD;
2023-12-22 09:33:44.568+01:00 [    20] WARNING    - W&#xD;&#xD;
2023-12-22 09:33:44.568+01:00 [    20] WARNING    - W&#xD;&#xD;
2023-12-22 09:33:44.568+01:00 [    20] WARNING    - W&#xD;&#xD;
2023-12-22 09:33:44.568+01:00 [    20] WARNING    - W&#xD;&#xD;
2023-12-22 09:33:44.568+01:00 [    20] WARNING    - W&#xD;&#xD;
2023-12-22 09:33:44.568+01:00 [    20] WARNING    - W&#xD;&#xD;
2023-12-22 09:33:44.568+01:00 [    20] WARNING    - W&#xD;&#xD;
2023-12-22 09:33:44.568+01:00 [    20] WARNING    - W&#xD;&#xD;
2023-12-22 09:33:44.568+01:00 [    20] WARNING    - W&#xD;&#xD;
2023-12-22 09:33:44.568+01:00 [    20] WARNING    - W&#xD;&#xD;
2023-12-22 09:33:44.568+01:00 [    20] WARNING    - W&#xD;&#xD;
2023-12-22 09:33:44.568+01:00 [    20] WARNING    - W&#xD;&#xD;
2023-12-22 09:33:44.568+01:00 [    20] WARNING    - W&#xD;&#xD;
2023-12-22 09:33:44.568+01:00 [    20] WARNING    - W&#xD;&#xD;
2023-12-22 09:33:44.568+01:00 [    20] WARNING    - W&#xD;&#xD;
2023-12-22 09:33:44.568+01:00 [    20] WARNING    - W&#xD;&#xD;
2023-12-22 09:33:44.568+01:00 [    20] WARNING    - W&#xD;&#xD;
2023-12-22 09:33:44.568+01:00 [    20] WARNING    - W&#xD;&#xD;
2023-12-22 09:33:44.568+01:00 [    20] WARNING    - W&#xD;&#xD;
2023-12-22 09:33:44.568+01:00 [    20] WARNING    - W&#xD;&#xD;
2023-12-22 09:33:44.568+01:00 [    20] WARNING    - W&#xD;&#xD;
2023-12-22 09:33:44.568+01:00 [    20] WARNING    - W&#xD;&#xD;
2023-12-22 09:33:44.568+01:00 [    20] WARNING    - W&#xD;&#xD;
2023-12-22 09:33:44.568+01:00 [    20] WARNING    - W&#xD;&#xD;
2023-12-22 09:33:44.568+01:00 [    20] WARNING    - W&#xD;&#xD;
2023-12-22 09:33:44.568+01:00 [    20] WARNING    - W&#xD;&#xD;
2023-12-22 09:33:44.568+01:00 [    20] WARNING    - W&#xD;&#xD;
2023-12-22 09:33:44.568+01:00 [    20] WARNING    - W&#xD;&#xD;
2023-12-22 09:33:44.568+01:00 [    20] WARNING    - W&#xD;&#xD;
2023-12-22 09:33:44.568+01:00 [    20] WARNING    - W&#xD;&#xD;
2023-12-22 09:33:44.568+01:00 [    20] WARNING    - W&#xD;&#xD;
2023-12-22 09:33:44.568+01:00 [    20] WARNING    - W&#xD;&#xD;
2023-12-22 09:33:44.568+01:00 [    20] WARNING    - W&#xD;&#xD;
2023-12-22 09:33:44.568+01:00 [    20] WARNING    - W&#xD;&#xD;
2023-12-22 09:33:44.568+01:00 [    20] WARNING    - W&#xD;&#xD;
2023-12-22 09:33:44.568+01:00 [    20] WARNING    - W&#xD;&#xD;
2023-12-22 09:33:44.568+01:00 [    20] WARNING    - W&#xD;&#xD;
2023-12-22 09:33:44.568+01:00 [    20] WARNING    - W&#xD;&#xD;
2023-12-22 09:33:44.568+01:00 [    20] WARNING    - W&#xD;&#xD;
2023-12-22 09:33:44.568+01:00 [    20] WARNING    - W&#xD;&#xD;
2023-12-22 09:33:44.568+01:00 [    20] WARNING    - W&#xD;&#xD;
2023-12-22 09:33:44.568+01:00 [    20] WARNING    - W&#xD;&#xD;
2023-12-22 09:33:44.568+01:00 [    20] WARNING    - W&#xD;&#xD;
2023-12-22 09:33:44.568+01:00 [    20] WARNING    - W&#xD;&#xD;
2023-12-22 09:33:44.568+01:00 [    20] WARNING    - W&#xD;&#xD;
2023-12-22 09:33:44.568+01:00 [    20] WARNING    - W&#xD;&#xD;
2023-12-22 09:33:44.568+01:00 [    20] WARNING    - W&#xD;&#xD;
2023-12-22 09:33:44.568+01:00 [    20] WARNING    - W&#xD;&#xD;
2023-12-22 09:33:44.568+01:00 [    20] WARNING    - W&#xD;&#xD;
2023-12-22 09:33:44.568+01:00 [    20] WARNING    - W&#xD;&#xD;
2023-12-22 09:33:44.568+01:00 [    20] WARNING    - W&#xD;&#xD;
2023-12-22 09:33:44.568+01:00 [    20] WARNING    - W&#xD;&#xD;
2023-12-22 09:33:44.568+01:00 [    20] WARNING    - W&#xD;&#xD;
2023-12-22 09:33:44.568+01:00 [    20] WARNING    - W&#xD;&#xD;
2023-12-22 09:33:44.568+01:00 [    20] WARNING    - W&#xD;&#xD;
2023-12-22 09:33:44.568+01:00 [    20] WARNING    - W&#xD;&#xD;
2023-12-22 09:33:44.568+01:00 [    20] WARNING    - W&#xD;&#xD;
2023-12-22 09:33:44.568+01:00 [    20] WARNING    - W&#xD;&#xD;
2023-12-22 09:33:44.568+01:00 [    20] WARNING    - W&#xD;&#xD;
2023-12-22 09:33:44.568+01:00 [    20] WARNING    - W&#xD;&#xD;
2023-12-22 09:33:44.568+01:00 [    20] WARNING    - W&#xD;&#xD;
2023-12-22 09:33:44.568+01:00 [    20] WARNING    - W&#xD;&#xD;
2023-12-22 09:33:44.568+01:00 [    20] WARNING    - W&#xD;&#xD;
2023-12-22 09:33:44.568+01:00 [    20] WARNING    - W&#xD;&#xD;
2023-12-22 09:33:44.568+01:00 [    20] WARNING    - W&#xD;&#xD;
2023-12-22 09:33:44.568+01:00 [    20] WARNING    - W&#xD;&#xD;
2023-12-22 09:33:44.568+01:00 [    20] WARNING    - W&#xD;&#xD;
2023-12-22 09:33:44.568+01:00 [    20] WARNING    - W&#xD;&#xD;
2023-12-22 09:33:44.568+01:00 [    20] WARNING    - W&#xD;&#xD;
2023-12-22 09:33:44.568+01:00 [    20] WARNING    - W&#xD;&#xD;
2023-12-22 09:33:44.568+01:00 [    20] WARNING    - W&#xD;&#xD;
2023-12-22 09:33:44.568+01:00 [    20] WARNING    - W&#xD;&#xD;
2023-12-22 09:33:44.568+01:00 [    20] WARNING    - W&#xD;&#xD;
2023-12-22 09:33:44.568+01:00 [    20] WARNING    - W&#xD;&#xD;
2023-12-22 09:33:44.568+01:00 [    20] WARNING    - W&#xD;&#xD;
2023-12-22 09:33:44.568+01:00 [    20] WARNING    - W&#xD;&#xD;
2023-12-22 09:33:44.568+01:00 [    20] WARNING    - W&#xD;&#xD;
2023-12-22 09:33:44.568+01:00 [    20] WARNING    - W&#xD;&#xD;
2023-12-22 09:33:44.568+01:00 [    20] WARNING    - W&#xD;&#xD;
2023-12-22 09:33:44.568+01:00 [    20] WARNING    - W&#xD;&#xD;
2023-12-22 09:33:44.568+01:00 [    20] WARNING    - W&#xD;&#xD;
2023-12-22 09:33:44.568+01:00 [    20] WARNING    - W&#xD;&#xD;
2023-12-22 09:33:44.568+01:00 [    20] WARNING    - W&#xD;&#xD;
2023-12-22 09:33:44.568+01:00 [    20] WARNING    - W&#xD;&#xD;
2023-12-22 09:33:44.568+01:00 [    20] WARNING    - W&#xD;&#xD;
2023-12-22 09:33:44.568+01:00 [    20] WARNING    - W&#xD;&#xD;
2023-12-22 09:33:44.568+01:00 [    20] WARNING    - W&#xD;&#xD;
2023-12-22 09:33:44.568+01:00 [    20] WARNING    - W&#xD;&#xD;
2023-12-22 09:33:44.568+01:00 [    20] WARNING    - W&#xD;&#xD;
2023-12-22 09:33:44.568+01:00 [    20] WARNING    - W&#xD;&#xD;
2023-12-22 09:33:44.568+01:00 [    20] WARNING    - W&#xD;&#xD;
2023-12-22 09:33:44.568+01:00 [    20] WARNING    - W&#xD;&#xD;
2023-12-22 09:33:44.568+01:00 [    20] WARNING    - W&#xD;&#xD;
2023-12-22 09:33:44.568+01:00 [    20] WARNING    - W&#xD;&#xD;
2023-12-22 09:33:44.568+01:00 [    20] WARNING    - W&#xD;&#xD;
2023-12-22 09:33:44.568+01:00 [    20] WARNING    - W&#xD;&#xD;
2023-12-22 09:33:44.568+01:00 [    20] WARNING    - W&#xD;&#xD;
2023-12-22 09:33:44.568+01:00 [    20] WARNING    - W&#xD;&#xD;
2023-12-22 09:33:44.568+01:00 [    20] WARNING    - W&#xD;&#xD;
2023-12-22 09:33:44.568+01:00 [    20] WARNING    - W&#xD;&#xD;
2023-12-22 09:33:44.568+01:00 [    20] WARNING    - W&#xD;&#xD;
2023-12-22 09:33:44.568+01:00 [    20] WARNING    - W&#xD;&#xD;
2023-12-22 09:33:44.568+01:00 [    20] WARNING    - W&#xD;&#xD;
2023-12-22 09:33:44.568+01:00 [    20] WARNING    - W&#xD;&#xD;
2023-12-22 09:33:44.568+01:00 [    20] WARNING    - W&#xD;&#xD;
2023-12-22 09:33:44.568+01:00 [    20] WARNING    - W&#xD;&#xD;
2023-12-22 09:33:44.568+01:00 [    20] WARNING    - W&#xD;&#xD;
2023-12-22 09:33:44.568+01:00 [    20] WARNING    - W&#xD;&#xD;
2023-12-22 09:33:44.568+01:00 [    20] WARNING    - W&#xD;&#xD;
2023-12-22 09:33:44.568+01:00 [    20] WARNING    - W&#xD;&#xD;
2023-12-22 09:33:44.568+01:00 [    20] WARNING    - W&#xD;&#xD;
2023-12-22 09:33:44.568+01:00 [    20] WARNING    - W&#xD;&#xD;
2023-12-22 09:33:44.568+01:00 [    20] WARNING    - W&#xD;&#xD;
2023-12-22 09:33:44.568+01:00 [    20] WARNING    - W&#xD;&#xD;
2023-12-22 09:33:44.568+01:00 [    20] WARNING    - W&#xD;&#xD;
2023-12-22 09:33:44.568+01:00 [    20] WARNING    - W&#xD;&#xD;
2023-12-22 09:33:44.568+01:00 [    20] WARNING    - W&#xD;&#xD;
2023-12-22 09:33:44.568+01:00 [    20] WARNING    - W&#xD;&#xD;
2023-12-22 09:33:44.568+01:00 [    20] WARNING    - W&#xD;&#xD;
2023-12-22 09:33:44.568+01:00 [    20] WARNING    - W&#xD;&#xD;
2023-12-22 09:33:44.568+01:00 [    20] WARNING    - W&#xD;&#xD;
2023-12-22 09:33:44.568+01:00 [    20] WARNING    - W&#xD;&#xD;
2023-12-22 09:33:44.568+01:00 [    20] WARNING    - W&#xD;&#xD;
2023-12-22 09:33:44.568+01:00 [    20] WARNING    - W&#xD;&#xD;
2023-12-22 09:33:44.568+01:00 [    20] WARNING    - W&#xD;&#xD;
2023-12-22 09:33:44.568+01:00 [    20] WARNING    - W&#xD;&#xD;
2023-12-22 09:33:44.568+01:00 [    20] WARNING    - W&#xD;&#xD;
2023-12-22 09:33:44.568+01:00 [    20] WARNING    - W&#xD;&#xD;
2023-12-22 09:33:44.568+01:00 [    20] WARNING    - W&#xD;&#xD;
2023-12-22 09:33:44.568+01:00 [    20] WARNING    - W&#xD;&#xD;
2023-12-22 09:33:44.568+01:00 [    20] WARNING    - W&#xD;&#xD;
2023-12-22 09:33:44.568+01:00 [    20] WARNING    - W&#xD;&#xD;
2023-12-22 09:33:44.568+01:00 [    20] WARNING    - W&#xD;&#xD;
2023-12-22 09:33:44.568+01:00 [    20] WARNING    - W&#xD;&#xD;
2023-12-22 09:33:44.568+01:00 [    20] WARNING    - W&#xD;&#xD;
2023-12-22 09:33:44.568+01:00 [    20] WARNING    - W&#xD;&#xD;
2023-12-22 09:33:44.568+01:00 [    20] WARNING    - W&#xD;&#xD;
2023-12-22 09:33:44.568+01:00 [    20] WARNING    - W&#xD;&#xD;
2023-12-22 09:33:44.568+01:00 [    20] WARNING    - W&#xD;&#xD;
2023-12-22 09:33:44.568+01:00 [    20] WARNING    - W&#xD;&#xD;
2023-12-22 09:33:44.568+01:00 [    20] WARNING    - W&#xD;&#xD;
2023-12-22 09:33:44.568+01:00 [    20] WARNING    - W&#xD;&#xD;
2023-12-22 09:33:44.568+01:00 [    20] WARNING    - W&#xD;&#xD;
2023-12-22 09:33:44.568+01:00 [    20] WARNING    - W&#xD;&#xD;
2023-12-22 09:33:44.568+01:00 [    20] WARNING    - W&#xD;&#xD;
2023-12-22 09:33:44.568+01:00 [    20] WARNING    - W&#xD;&#xD;
2023-12-22 09:33:44.568+01:00 [    20] WARNING    - W&#xD;&#xD;
2023-12-22 09:33:44.568+01:00 [    20] WARNING    - W&#xD;&#xD;
2023-12-22 09:33:44.568+01:00 [    20] WARNING    - W&#xD;&#xD;
2023-12-22 09:33:44.568+01:00 [    20] WARNING    - W&#xD;&#xD;
2023-12-22 09:33:44.568+01:00 [    20] WARNING    - W&#xD;&#xD;
2023-12-22 09:33:44.568+01:00 [    20] WARNING    - W&#xD;&#xD;
2023-12-22 09:33:44.568+01:00 [    20] WARNING    - W&#xD;&#xD;
2023-12-22 09:33:44.568+01:00 [    20] WARNING    - W&#xD;&#xD;
2023-12-22 09:33:44.568+01:00 [    20] WARNING    - W&#xD;&#xD;
2023-12-22 09:33:44.568+01:00 [    20] WARNING    - W&#xD;&#xD;
2023-12-22 09:33:44.568+01:00 [    20] WARNING    - W&#xD;&#xD;
2023-12-22 09:33:44.568+01:00 [    20] WARNING    - W&#xD;&#xD;
2023-12-22 09:33:44.568+01:00 [    20] WARNING    - W&#xD;&#xD;
2023-12-22 09:33:44.568+01:00 [    20] WARNING    - W&#xD;&#xD;
2023-12-22 09:33:44.568+01:00 [    20] WARNING    - W&#xD;&#xD;
2023-12-22 09:33:44.568+01:00 [    20] WARNING    - W&#xD;&#xD;
2023-12-22 09:33:44.568+01:00 [    20] WARNING    - W&#xD;&#xD;
2023-12-22 09:33:44.568+01:00 [    20] WARNING    - W&#xD;&#xD;
2023-12-22 09:33:44.568+01:00 [    20] WARNING    - W&#xD;&#xD;
2023-12-22 09:33:44.568+01:00 [    20] WARNING    - W&#xD;&#xD;
2023-12-22 09:33:44.568+01:00 [    20] WARNING    - W&#xD;&#xD;
2023-12-22 09:33:44.568+01:00 [    20] WARNING    - W&#xD;&#xD;
2023-12-22 09:33:44.568+01:00 [    20] WARNING    - W&#xD;&#xD;
2023-12-22 09:33:44.568+01:00 [    20] WARNING    - W&#xD;&#xD;
2023-12-22 09:33:44.568+01:00 [    20] WARNING    - W&#xD;&#xD;
2023-12-22 09:33:44.568+01:00 [    20] WARNING    - W&#xD;&#xD;
2023-12-22 09:33:44.568+01:00 [    20] WARNING    - W&#xD;&#xD;
2023-12-22 09:33:44.568+01:00 [    20] WARNING    - W&#xD;&#xD;
2023-12-22 09:33:44.568+01:00 [    20] WARNING    - W&#xD;&#xD;
2023-12-22 09:33:44.568+01:00 [    20] WARNING    - W&#xD;&#xD;
2023-12-22 09:33:44.568+01:00 [    20] WARNING    - W&#xD;&#xD;
2023-12-22 09:33:44.568+01:00 [    20] WARNING    - W&#xD;&#xD;
2023-12-22 09:33:44.568+01:00 [    20] WARNING    - W&#xD;&#xD;
2023-12-22 09:33:44.568+01:00 [    20] WARNING    - W&#xD;&#xD;
2023-12-22 09:33:44.568+01:00 [    20] WARNING    - W&#xD;&#xD;
2023-12-22 09:33:44.568+01:00 [    20] WARNING    - W&#xD;&#xD;
2023-12-22 09:33:44.568+01:00 [    20] WARNING    - W&#xD;&#xD;
2023-12-22 09:33:44.568+01:00 [    20] WARNING    - W&#xD;&#xD;
2023-12-22 09:33:44.568+01:00 [    20] WARNING    - W&#xD;&#xD;
2023-12-22 09:33:44.568+01:00 [    20] WARNING    - W&#xD;&#xD;
2023-12-22 09:33:44.568+01:00 [    20] WARNING    - W&#xD;&#xD;
2023-12-22 09:33:44.568+01:00 [    20] WARNING    - W&#xD;&#xD;
2023-12-22 09:33:44.568+01:00 [    20] WARNING    - W&#xD;&#xD;
2023-12-22 09:33:44.568+01:00 [    20] WARNING    - W&#xD;&#xD;
2023-12-22 09:33:44.568+01:00 [    20] WARNING    - W&#xD;&#xD;
2023-12-22 09:33:44.568+01:00 [    20] WARNING    - W&#xD;&#xD;
2023-12-22 09:33:44.568+01:00 [    20] WARNING    - W&#xD;&#xD;
2023-12-22 09:33:44.568+01:00 [    20] WARNING    - W&#xD;&#xD;
2023-12-22 09:33:44.568+01:00 [    20] WARNING    - W&#xD;&#xD;
2023-12-22 09:33:44.568+01:00 [    20] WARNING    - W&#xD;&#xD;
2023-12-22 09:33:44.568+01:00 [    20] WARNING    - W&#xD;&#xD;
2023-12-22 09:33:44.568+01:00 [    20] WARNING    - W&#xD;&#xD;
2023-12-22 09:33:44.568+01:00 [    20] WARNING    - W&#xD;&#xD;
2023-12-22 09:33:44.568+01:00 [    20] WARNING    - W&#xD;&#xD;
2023-12-22 09:33:44.568+01:00 [    20] WARNING    - W&#xD;&#xD;
2023-12-22 09:33:44.568+01:00 [    20] WARNING    - W&#xD;&#xD;
2023-12-22 09:33:44.568+01:00 [    20] WARNING    - W&#xD;&#xD;
2023-12-22 09:33:44.568+01:00 [    20] WARNING    - W&#xD;&#xD;
2023-12-22 09:33:44.568+01:00 [    20] WARNING    - W&#xD;&#xD;
2023-12-22 09:33:44.568+01:00 [    20] WARNING    - W&#xD;&#xD;
2023-12-22 09:33:44.568+01:00 [    20] WARNING    - W&#xD;&#xD;
2023-12-22 09:33:44.568+01:00 [    20] WARNING    - W&#xD;&#xD;
2023-12-22 09:33:44.568+01:00 [    20] WARNING    - W&#xD;&#xD;
2023-12-22 09:33:44.568+01:00 [    20] WARNING    - W&#xD;&#xD;
2023-12-22 09:33:44.568+01:00 [    20] WARNING    - W&#xD;&#xD;
2023-12-22 09:33:44.568+01:00 [    20] WARNING    - W&#xD;&#xD;
2023-12-22 09:33:44.568+01:00 [    20] WARNING    - W&#xD;&#xD;
2023-12-22 09:33:44.568+01:00 [    20] WARNING    - W&#xD;&#xD;
2023-12-22 09:33:44.568+01:00 [    20] WARNING    - W&#xD;&#xD;
2023-12-22 09:33:44.568+01:00 [    20] WARNING    - W&#xD;&#xD;
2023-12-22 09:33:44.568+01:00 [    20] WARNING    - W&#xD;&#xD;
2023-12-22 09:33:44.568+01:00 [    20] WARNING    - W&#xD;&#xD;
2023-12-22 09:33:44.568+01:00 [    20] WARNING    - W&#xD;&#xD;
2023-12-22 09:33:44.568+01:00 [    20] WARNING    - W&#xD;&#xD;
2023-12-22 09:33:44.568+01:00 [    20] WARNING    - W&#xD;&#xD;
2023-12-22 09:33:44.568+01:00 [    20] WARNING    - W&#xD;&#xD;
2023-12-22 09:33:44.568+01:00 [    20] WARNING    - W&#xD;&#xD;
2023-12-22 09:33:44.568+01:00 [    20] WARNING    - W&#xD;&#xD;
2023-12-22 09:33:44.568+01:00 [    20] WARNING    - W&#xD;&#xD;
2023-12-22 09:33:44.568+01:00 [    20] WARNING    - W&#xD;&#xD;
2023-12-22 09:33:44.568+01:00 [    20] WARNING    - W&#xD;&#xD;
2023-12-22 09:33:44.568+01:00 [    20] WARNING    - W&#xD;&#xD;
2023-12-22 09:33:44.568+01:00 [    20] WARNING    - W&#xD;&#xD;
2023-12-22 09:33:44.568+01:00 [    20] WARNING    - W&#xD;&#xD;
2023-12-22 09:33:44.568+01:00 [    20] WARNING    - W&#xD;&#xD;
2023-12-22 09:33:44.568+01:00 [    20] WARNING    - W&#xD;&#xD;
2023-12-22 09:33:44.568+01:00 [    20] WARNING    - W&#xD;&#xD;
2023-12-22 09:33:44.568+01:00 [    20] WARNING    - W&#xD;&#xD;
2023-12-22 09:33:44.568+01:00 [    20] WARNING    - W&#xD;&#xD;
2023-12-22 09:33:44.568+01:00 [    20] WARNING    - W&#xD;&#xD;
2023-12-22 09:33:44.568+01:00 [    20] WARNING    - W&#xD;&#xD;
2023-12-22 09:33:44.568+01:00 [    20] WARNING    - W&#xD;&#xD;
2023-12-22 09:33:44.568+01:00 [    20] WARNING    - W&#xD;&#xD;
2023-12-22 09:33:44.568+01:00 [    20] WARNING    - W&#xD;&#xD;
2023-12-22 09:33:44.568+01:00 [    20] WARNING    - W&#xD;&#xD;
2023-12-22 09:33:44.568+01:00 [    20] WARNING    - W&#xD;&#xD;
2023-12-22 09:33:44.568+01:00 [    20] WARNING    - W&#xD;&#xD;
2023-12-22 09:33:44.568+01:00 [    20] WARNING    - W&#xD;&#xD;
2023-12-22 09:33:44.568+01:00 [    20] WARNING    - W&#xD;&#xD;
2023-12-22 09:33:44.568+01:00 [    20] WARNING    - W&#xD;&#xD;
2023-12-22 09:33:44.568+01:00 [    20] WARNING    - W&#xD;&#xD;
2023-12-22 09:33:44.568+01:00 [    20] WARNING    - W&#xD;&#xD;
2023-12-22 09:33:44.568+01:00 [    20] WARNING    - W&#xD;&#xD;
2023-12-22 09:33:44.568+01:00 [    20] WARNING    - W&#xD;&#xD;
2023-12-22 09:33:44.568+01:00 [    20] WARNING    - W&#xD;&#xD;
2023-12-22 09:33:44.568+01:00 [    20] WARNING    - W&#xD;&#xD;
2023-12-22 09:33:44.568+01:00 [    20] WARNING    - W&#xD;&#xD;
2023-12-22 09:33:44.568+01:00 [    20] WARNING    - W&#xD;&#xD;
2023-12-22 09:33:44.568+01:00 [    20] WARNING    - W&#xD;&#xD;
2023-12-22 09:33:44.568+01:00 [    20] WARNING    - W&#xD;&#xD;
2023-12-22 09:33:44.568+01:00 [    20] WARNING    - W&#xD;&#xD;
2023-12-22 09:33:44.568+01:00 [    20] WARNING    - W&#xD;&#xD;
2023-12-22 09:33:44.568+01:00 [    20] WARNING    - W&#xD;&#xD;
2023-12-22 09:33:44.568+01:00 [    20] WARNING    - W&#xD;&#xD;
2023-12-22 09:33:44.568+01:00 [    20] WARNING    - W&#xD;&#xD;
2023-12-22 09:33:44.568+01:00 [    20] WARNING    - W&#xD;&#xD;
2023-12-22 09:33:44.568+01:00 [    20] WARNING    - W&#xD;&#xD;
2023-12-22 09:33:44.568+01:00 [    20] WARNING    - W&#xD;&#xD;
2023-12-22 09:33:44.568+01:00 [    20] WARNING    - W&#xD;&#xD;
2023-12-22 09:33:44.568+01:00 [    20] WARNING    - W&#xD;&#xD;
2023-12-22 09:33:44.568+01:00 [    20] WARNING    - W&#xD;&#xD;
2023-12-22 09:33:44.568+01:00 [    20] WARNING    - W&#xD;&#xD;
2023-12-22 09:33:44.568+01:00 [    20] WARNING    - W&#xD;&#xD;
2023-12-22 09:33:44.568+01:00 [    20] WARNING    - W&#xD;&#xD;
2023-12-22 09:33:44.568+01:00 [    20] WARNING    - W&#xD;&#xD;
2023-12-22 09:33:44.568+01:00 [    20] WARNING    - W&#xD;&#xD;
2023-12-22 09:33:44.568+01:00 [    20] WARNING    - W&#xD;&#xD;
2023-12-22 09:33:44.568+01:00 [    20] WARNING    - W&#xD;&#xD;
2023-12-22 09:33:44.568+01:00 [    20] WARNING    - W&#xD;&#xD;
2023-12-22 09:33:44.568+01:00 [    20] WARNING    - W&#xD;&#xD;
2023-12-22 09:33:44.568+01:00 [    20] WARNING    - W&#xD;&#xD;
2023-12-22 09:33:44.568+01:00 [    20] WARNING    - W&#xD;&#xD;
2023-12-22 09:33:44.568+01:00 [    20] WARNING    - W&#xD;&#xD;
2023-12-22 09:33:44.568+01:00 [    20] WARNING    - W&#xD;&#xD;
2023-12-22 09:33:44.568+01:00 [    20] WARNING    - W&#xD;&#xD;
2023-12-22 09:33:44.568+01:00 [    20] WARNING    - W&#xD;&#xD;
2023-12-22 09:33:44.568+01:00 [    20] WARNING    - W&#xD;&#xD;
2023-12-22 09:33:44.568+01:00 [    20] WARNING    - W&#xD;&#xD;
2023-12-22 09:33:44.568+01:00 [    20] WARNING    - W&#xD;&#xD;
2023-12-22 09:33:44.568+01:00 [    20] WARNING    - W&#xD;&#xD;
2023-12-22 09:33:44.568+01:00 [    20] WARNING    - W&#xD;&#xD;
2023-12-22 09:33:44.568+01:00 [    20] WARNING    - W&#xD;&#xD;
2023-12-22 09:33:44.568+01:00 [    20] WARNING    - W&#xD;&#xD;
2023-12-22 09:33:44.568+01:00 [    20] WARNING    - W&#xD;&#xD;
2023-12-22 09:33:44.568+01:00 [    20] WARNING    - W&#xD;&#xD;
2023-12-22 09:33:44.568+01:00 [    20] WARNING    - W&#xD;&#xD;
2023-12-22 09:33:44.568+01:00 [    20] WARNING    - W&#xD;&#xD;
2023-12-22 09:33:44.568+01:00 [    20] WARNING    - W&#xD;&#xD;
2023-12-22 09:33:44.568+01:00 [    20] WARNING    - W&#xD;&#xD;
2023-12-22 09:33:44.568+01:00 [    20] WARNING    - W&#xD;&#xD;
2023-12-22 09:33:44.568+01:00 [    20] WARNING    - W&#xD;&#xD;
2023-12-22 09:33:44.568+01:00 [    20] WARNING    - W&#xD;&#xD;
2023-12-22 09:33:44.568+01:00 [    20] WARNING    - W&#xD;&#xD;
2023-12-22 09:33:44.568+01:00 [    20] WARNING    - W&#xD;&#xD;
2023-12-22 09:33:44.568+01:00 [    20] WARNING    - W&#xD;&#xD;
2023-12-22 09:33:44.568+01:00 [    20] WARNING    - W&#xD;&#xD;
2023-12-22 09:33:44.568+01:00 [    20] WARNING    - W&#xD;&#xD;
2023-12-22 09:33:44.568+01:00 [    20] WARNING    - W&#xD;&#xD;
2023-12-22 09:33:44.568+01:00 [    20] WARNING    - W&#xD;&#xD;
2023-12-22 09:33:44.568+01:00 [    20] WARNING    - W&#xD;&#xD;
2023-12-22 09:33:44.568+01:00 [    20] WARNING    - W&#xD;&#xD;
2023-12-22 09:33:44.568+01:00 [    20] WARNING    - W&#xD;&#xD;
2023-12-22 09:33:44.568+01:00 [    20] WARNING    - W&#xD;&#xD;
2023-12-22 09:33:44.568+01:00 [    20] WARNING    - W&#xD;&#xD;
2023-12-22 09:33:44.568+01:00 [    20] WARNING    - W&#xD;&#xD;
2023-12-22 09:33:44.568+01:00 [    20] WARNING    - W&#xD;&#xD;
2023-12-22 09:33:44.568+01:00 [    20] WARNING    - W&#xD;&#xD;
2023-12-22 09:33:44.568+01:00 [    20] WARNING    - W&#xD;&#xD;
2023-12-22 09:33:44.568+01:00 [    20] WARNING    - W&#xD;&#xD;
2023-12-22 09:33:44.568+01:00 [    20] WARNING    - W&#xD;&#xD;
2023-12-22 09:33:44.568+01:00 [    20] WARNING    - W&#xD;&#xD;
2023-12-22 09:33:44.568+01:00 [    20] WARNING    - W&#xD;&#xD;
2023-12-22 09:33:44.568+01:00 [    20] WARNING    - W&#xD;&#xD;
2023-12-22 09:33:44.568+01:00 [    20] WARNING    - W&#xD;&#xD;
2023-12-22 09:33:44.568+01:00 [    20] WARNING    - W&#xD;&#xD;
2023-12-22 09:33:44.568+01:00 [    20] WARNING    - W&#xD;&#xD;
2023-12-22 09:33:44.568+01:00 [    20] WARNING    - W&#xD;&#xD;
2023-12-22 09:33:44.568+01:00 [    20] WARNING    - W&#xD;&#xD;
2023-12-22 09:33:44.568+01:00 [    20] WARNING    - W&#xD;&#xD;
2023-12-22 09:33:44.568+01:00 [    20] WARNING    - W&#xD;&#xD;
2023-12-22 09:33:44.568+01:00 [    20] WARNING    - W&#xD;&#xD;
2023-12-22 09:33:44.568+01:00 [    20] WARNING    - W&#xD;&#xD;
2023-12-22 09:33:44.568+01:00 [    20] WARNING    - W&#xD;&#xD;
2023-12-22 09:33:44.568+01:00 [    20] WARNING    - W&#xD;&#xD;
2023-12-22 09:33:44.568+01:00 [    20] WARNING    - W&#xD;&#xD;
2023-12-22 09:33:44.568+01:00 [    20] WARNING    - W&#xD;&#xD;
2023-12-22 09:33:44.568+01:00 [    20] WARNING    - W&#xD;&#xD;
2023-12-22 09:33:44.568+01:00 [    20] WARNING    - W&#xD;&#xD;
2023-12-22 09:33:44.568+01:00 [    20] WARNING    - W&#xD;&#xD;
2023-12-22 09:33:44.568+01:00 [    20] WARNING    - W&#xD;&#xD;
2023-12-22 09:33:44.568+01:00 [    20] WARNING    - W&#xD;&#xD;
2023-12-22 09:33:44.568+01:00 [    20] WARNING    - W&#xD;&#xD;
2023-12-22 09:33:44.568+01:00 [    20] WARNING    - W&#xD;&#xD;
2023-12-22 09:33:44.568+01:00 [    20] WARNING    - W&#xD;&#xD;
2023-12-22 09:33:44.568+01:00 [    20] WARNING    - W&#xD;&#xD;
2023-12-22 09:33:44.568+01:00 [    20] WARNING    - W&#xD;&#xD;
2023-12-22 09:33:44.568+01:00 [    20] WARNING    - W&#xD;&#xD;
2023-12-22 09:33:44.568+01:00 [    20] WARNING    - W&#xD;&#xD;
2023-12-22 09:33:44.568+01:00 [    20] WARNING    - W&#xD;&#xD;
2023-12-22 09:33:44.568+01:00 [    20] WARNING    - W&#xD;&#xD;
2023-12-22 09:33:44.568+01:00 [    20] WARNING    - W&#xD;&#xD;
2023-12-22 09:33:44.568+01:00 [    20] WARNING    - W&#xD;&#xD;
2023-12-22 09:33:44.568+01:00 [    20] WARNING    - W&#xD;&#xD;
2023-12-22 09:33:44.568+01:00 [    20] WARNING    - W&#xD;&#xD;
2023-12-22 09:33:44.568+01:00 [    20] WARNING    - W&#xD;&#xD;
2023-12-22 09:33:44.568+01:00 [    20] WARNING    - W&#xD;&#xD;
2023-12-22 09:33:44.568+01:00 [    20] WARNING    - W&#xD;&#xD;
2023-12-22 09:33:44.568+01:00 [    20] WARNING    - W&#xD;&#xD;
2023-12-22 09:33:44.568+01:00 [    20] WARNING    - W&#xD;&#xD;
2023-12-22 09:33:44.568+01:00 [    20] WARNING    - W&#xD;&#xD;
2023-12-22 09:33:44.568+01:00 [    20] WARNING    - W&#xD;&#xD;
2023-12-22 09:33:44.568+01:00 [    20] WARNING    - W&#xD;&#xD;
2023-12-22 09:33:44.568+01:00 [    20] WARNING    - W&#xD;&#xD;
2023-12-22 09:33:44.568+01:00 [    20] WARNING    - W&#xD;&#xD;
2023-12-22 09:33:44.568+01:00 [    20] WARNING    - W&#xD;&#xD;
2023-12-22 09:33:44.568+01:00 [    20] WARNING    - W&#xD;&#xD;
2023-12-22 09:33:44.568+01:00 [    20] WARNING    - W&#xD;&#xD;
2023-12-22 09:33:44.568+01:00 [    20] WARNING    - W&#xD;&#xD;
2023-12-22 09:33:44.568+01:00 [    20] WARNING    - W&#xD;&#xD;
2023-12-22 09:33:44.568+01:00 [    20] WARNING    - W&#xD;&#xD;
2023-12-22 09:33:44.568+01:00 [    20] WARNING    - W&#xD;&#xD;
2023-12-22 09:33:44.568+01:00 [    20] WARNING    - W&#xD;&#xD;
2023-12-22 09:33:44.568+01:00 [    20] WARNING    - W&#xD;&#xD;
2023-12-22 09:33:44.568+01:00 [    20] WARNING    - W&#xD;&#xD;
2023-12-22 09:33:44.568+01:00 [    20] WARNING    - W&#xD;&#xD;
2023-12-22 09:33:44.568+01:00 [    20] WARNING    - W&#xD;&#xD;
2023-12-22 09:33:44.568+01:00 [    20] WARNING    - W&#xD;&#xD;
2023-12-22 09:33:44.568+01:00 [    20] WARNING    - W&#xD;&#xD;
2023-12-22 09:33:44.568+01:00 [    20] WARNING    - W&#xD;&#xD;
2023-12-22 09:33:44.568+01:00 [    20] WARNING    - W&#xD;&#xD;
2023-12-22 09:33:44.568+01:00 [    20] WARNING    - W&#xD;&#xD;
2023-12-22 09:33:44.568+01:00 [    20] WARNING    - W&#xD;&#xD;
2023-12-22 09:33:44.568+01:00 [    20] WARNING    - W&#xD;&#xD;
2023-12-22 09:33:44.568+01:00 [    20] WARNING    - W&#xD;&#xD;
2023-12-22 09:33:44.568+01:00 [    20] WARNING    - W&#xD;&#xD;
2023-12-22 09:33:44.568+01:00 [    20] WARNING    - W&#xD;&#xD;
2023-12-22 09:33:44.568+01:00 [    20] WARNING    - W&#xD;&#xD;
2023-12-22 09:33:44.568+01:00 [    20] WARNING    - W&#xD;&#xD;
2023-12-22 09:33:44.568+01:00 [    20] WARNING    - W&#xD;&#xD;
2023-12-22 09:33:44.568+01:00 [    20] WARNING    - W&#xD;&#xD;
2023-12-22 09:33:44.568+01:00 [    20] WARNING    - W&#xD;&#xD;
2023-12-22 09:33:44.568+01:00 [    20] WARNING    - W&#xD;&#xD;
2023-12-22 09:33:44.568+01:00 [    20] WARNING    - W&#xD;&#xD;
2023-12-22 09:33:44.568+01:00 [    20] WARNING    - W&#xD;&#xD;
2023-12-22 09:33:44.568+01:00 [    20] WARNING    - W&#xD;&#xD;
2023-12-22 09:33:44.568+01:00 [    20] WARNING    - W&#xD;&#xD;
2023-12-22 09:33:44.568+01:00 [    20] WARNING    - W&#xD;&#xD;
2023-12-22 09:33:44.568+01:00 [    20] WARNING    - W&#xD;&#xD;
2023-12-22 09:33:44.568+01:00 [    20] WARNING    - W&#xD;&#xD;
2023-12-22 09:33:44.568+01:00 [    20] WARNING    - W&#xD;&#xD;
2023-12-22 09:33:44.568+01:00 [    20] WARNING    - W&#xD;&#xD;
2023-12-22 09:33:44.568+01:00 [    20] WARNING    - W&#xD;&#xD;
2023-12-22 09:33:44.568+01:00 [    20] WARNING    - W&#xD;&#xD;
2023-12-22 09:33:44.568+01:00 [    20] WARNING    - W&#xD;&#xD;
2023-12-22 09:33:44.568+01:00 [    20] WARNING    - W&#xD;&#xD;
2023-12-22 09:33:44.568+01:00 [    20] WARNING    - W&#xD;&#xD;
2023-12-22 09:33:44.568+01:00 [    20] WARNING    - W&#xD;&#xD;
2023-12-22 09:33:44.568+01:00 [    20] WARNING    - W&#xD;&#xD;
2023-12-22 09:33:44.568+01:00 [    20] WARNING    - W&#xD;&#xD;
2023-12-22 09:33:44.568+01:00 [    20] WARNING    - W&#xD;&#xD;
2023-12-22 09:33:44.568+01:00 [    20] WARNING    - W&#xD;&#xD;
2023-12-22 09:33:44.568+01:00 [    20] WARNING    - W&#xD;&#xD;
2023-12-22 09:33:44.568+01:00 [    20] WARNING    - W&#xD;&#xD;
2023-12-22 09:33:44.568+01:00 [    20] WARNING    - W&#xD;&#xD;
2023-12-22 09:33:44.568+01:00 [    20] WARNING    - W&#xD;&#xD;
2023-12-22 09:33:44.568+01:00 [    20] WARNING    - W&#xD;&#xD;
2023-12-22 09:33:44.568+01:00 [    20] WARNING    - W&#xD;&#xD;
2023-12-22 09:33:44.568+01:00 [    20] WARNING    - W&#xD;&#xD;
2023-12-22 09:33:44.568+01:00 [    20] WARNING    - W&#xD;&#xD;
2023-12-22 09:33:44.568+01:00 [    20] WARNING    - W&#xD;&#xD;
2023-12-22 09:33:44.568+01:00 [    20] WARNING    - W&#xD;&#xD;
2023-12-22 09:33:44.568+01:00 [    20] WARNING    - W&#xD;&#xD;
2023-12-22 09:33:44.568+01:00 [    20] WARNING    - W&#xD;&#xD;
2023-12-22 09:33:44.568+01:00 [    20] WARNING    - W&#xD;&#xD;
2023-12-22 09:33:44.568+01:00 [    20] WARNING    - W&#xD;&#xD;
2023-12-22 09:33:44.568+01:00 [    20] WARNING    - W&#xD;&#xD;
2023-12-22 09:33:44.568+01:00 [    20] WARNING    - W&#xD;&#xD;
2023-12-22 09:33:44.568+01:00 [    20] WARNING    - W&#xD;&#xD;
2023-12-22 09:33:44.568+01:00 [    20] WARNING    - W&#xD;&#xD;
2023-12-22 09:33:44.568+01:00 [    20] WARNING    - W&#xD;&#xD;
2023-12-22 09:33:44.568+01:00 [    20] WARNING    - W&#xD;&#xD;
2023-12-22 09:33:44.568+01:00 [    20] WARNING    - W&#xD;&#xD;
2023-12-22 09:33:44.568+01:00 [    20] WARNING    - W&#xD;&#xD;
2023-12-22 09:33:44.568+01:00 [    20] WARNING    - W&#xD;&#xD;
2023-12-22 09:33:44.568+01:00 [    20] WARNING    - W&#xD;&#xD;
2023-12-22 09:33:44.568+01:00 [    20] WARNING    - W&#xD;&#xD;
2023-12-22 09:33:44.568+01:00 [    20] WARNING    - W&#xD;&#xD;
2023-12-22 09:33:44.568+01:00 [    20] WARNING    - W&#xD;&#xD;
2023-12-22 09:33:44.568+01:00 [    20] WARNING    - W&#xD;&#xD;
2023-12-22 09:33:44.568+01:00 [    20] WARNING    - W&#xD;&#xD;
2023-12-22 09:33:44.568+01:00 [    20] WARNING    - W&#xD;&#xD;
2023-12-22 09:33:44.568+01:00 [    20] WARNING    - W&#xD;&#xD;
2023-12-22 09:33:44.568+01:00 [    20] WARNING    - W&#xD;&#xD;
2023-12-22 09:33:44.568+01:00 [    20] WARNING    - W&#xD;&#xD;
2023-12-22 09:33:44.568+01:00 [    20] WARNING    - W&#xD;&#xD;
2023-12-22 09:33:44.568+01:00 [    20] WARNING    - W&#xD;&#xD;
2023-12-22 09:33:44.568+01:00 [    20] WARNING    - W&#xD;&#xD;
2023-12-22 09:33:44.568+01:00 [    20] WARNING    - W&#xD;&#xD;
2023-12-22 09:33:44.568+01:00 [    20] WARNING    - W&#xD;&#xD;
2023-12-22 09:33:44.568+01:00 [    20] WARNING    - W&#xD;&#xD;
2023-12-22 09:33:44.568+01:00 [    20] WARNING    - W&#xD;&#xD;
2023-12-22 09:33:44.568+01:00 [    20] WARNING    - W&#xD;&#xD;
2023-12-22 09:33:44.568+01:00 [    20] WARNING    - W&#xD;&#xD;
2023-12-22 09:33:44.568+01:00 [    20] WARNING    - W&#xD;&#xD;
2023-12-22 09:33:44.568+01:00 [    20] WARNING    - W&#xD;&#xD;
2023-12-22 09:33:44.568+01:00 [    20] WARNING    - W&#xD;&#xD;
2023-12-22 09:33:44.568+01:00 [    20] WARNING    - W&#xD;&#xD;
2023-12-22 09:33:44.568+01:00 [    20] WARNING    - W&#xD;&#xD;
2023-12-22 09:33:44.568+01:00 [    20] WARNING    - W&#xD;&#xD;
2023-12-22 09:33:44.568+01:00 [    20] WARNING    - W&#xD;&#xD;
2023-12-22 09:33:44.568+01:00 [    20] WARNING    - W&#xD;&#xD;
2023-12-22 09:33:44.568+01:00 [    20] WARNING    - W&#xD;&#xD;
2023-12-22 09:33:44.568+01:00 [    20] WARNING    - W&#xD;&#xD;
2023-12-22 09:33:44.568+01:00 [    20] WARNING    - W&#xD;&#xD;
2023-12-22 09:33:44.568+01:00 [    20] WARNING    - W&#xD;&#xD;
2023-12-22 09:33:44.568+01:00 [    20] WARNING    - W&#xD;&#xD;
2023-12-22 09:33:44.568+01:00 [    20] WARNING    - W&#xD;&#xD;
2023-12-22 09:33:44.568+01:00 [    20] WARNING    - W&#xD;&#xD;
2023-12-22 09:33:44.568+01:00 [    20] WARNING    - W&#xD;&#xD;
2023-12-22 09:33:44.568+01:00 [    20] WARNING    - W&#xD;&#xD;
2023-12-22 09:33:44.568+01:00 [    20] WARNING    - W&#xD;&#xD;
2023-12-22 09:33:44.568+01:00 [    20] WARNING    - W&#xD;&#xD;
2023-12-22 09:33:44.568+01:00 [    20] WARNING    - W&#xD;&#xD;
2023-12-22 09:33:44.568+01:00 [    20] WARNING    - W&#xD;&#xD;
2023-12-22 09:33:44.568+01:00 [    20] WARNING    - W&#xD;&#xD;
2023-12-22 09:33:44.568+01:00 [    20] WARNING    - W&#xD;&#xD;
2023-12-22 09:33:44.568+01:00 [    20] WARNING    - W&#xD;&#xD;
2023-12-22 09:33:44.568+01:00 [    20] WARNING    - W&#xD;&#xD;
2023-12-22 09:33:44.568+01:00 [    20] WARNING    - W&#xD;&#xD;
2023-12-22 09:33:44.568+01:00 [    20] WARNING    - W&#xD;&#xD;
2023-12-22 09:33:44.568+01:00 [    20] WARNING    - W&#xD;&#xD;
2023-12-22 09:33:44.568+01:00 [    20] WARNING    - W&#xD;&#xD;
2023-12-22 09:33:44.568+01:00 [    20] WARNING    - W&#xD;&#xD;
2023-12-22 09:33:44.568+01:00 [    20] WARNING    - W&#xD;&#xD;
2023-12-22 09:33:44.568+01:00 [    20] WARNING    - W&#xD;&#xD;
2023-12-22 09:33:44.568+01:00 [    20] WARNING    - W&#xD;&#xD;
2023-12-22 09:33:44.568+01:00 [    20] WARNING    - W&#xD;&#xD;
2023-12-22 09:33:44.568+01:00 [    20] WARNING    - W&#xD;&#xD;
2023-12-22 09:33:44.568+01:00 [    20] WARNING    - W&#xD;&#xD;
2023-12-22 09:33:44.568+01:00 [    20] WARNING    - W&#xD;&#xD;
2023-12-22 09:33:44.568+01:00 [    20] WARNING    - W&#xD;&#xD;
2023-12-22 09:33:44.568+01:00 [    20] WARNING    - W&#xD;&#xD;
2023-12-22 09:33:44.568+01:00 [    20] WARNING    - W&#xD;&#xD;
2023-12-22 09:33:44.568+01:00 [    20] WARNING    - W&#xD;&#xD;
2023-12-22 09:33:44.568+01:00 [    20] WARNING    - W&#xD;&#xD;
2023-12-22 09:33:44.568+01:00 [    20] WARNING    - W&#xD;&#xD;
2023-12-22 09:33:44.568+01:00 [    20] WARNING    - W&#xD;&#xD;
2023-12-22 09:33:44.568+01:00 [    20] WARNING    - W&#xD;&#xD;
2023-12-22 09:33:44.568+01:00 [    20] WARNING    - W&#xD;&#xD;
2023-12-22 09:33:44.568+01:00 [    20] WARNING    - W&#xD;&#xD;
2023-12-22 09:33:44.568+01:00 [    20] WARNING    - W&#xD;&#xD;
2023-12-22 09:33:44.568+01:00 [    20] WARNING    - W&#xD;&#xD;
2023-12-22 09:33:44.568+01:00 [    20] WARNING    - W&#xD;&#xD;
2023-12-22 09:33:44.568+01:00 [    20] WARNING    - W&#xD;&#xD;
2023-12-22 09:33:44.568+01:00 [    20] WARNING    - W&#xD;&#xD;
2023-12-22 09:33:44.568+01:00 [    20] WARNING    - W&#xD;&#xD;
2023-12-22 09:33:44.568+01:00 [    20] WARNING    - W&#xD;&#xD;
2023-12-22 09:33:44.568+01:00 [    20] WARNING    - W&#xD;&#xD;
2023-12-22 09:33:44.568+01:00 [    20] WARNING    - W&#xD;&#xD;
2023-12-22 09:33:44.568+01:00 [    20] WARNING    - W&#xD;&#xD;
2023-12-22 09:33:44.568+01:00 [    20] WARNING    - W&#xD;&#xD;
2023-12-22 09:33:44.568+01:00 [    20] WARNING    - W&#xD;&#xD;
2023-12-22 09:33:44.568+01:00 [    20] WARNING    - W&#xD;&#xD;
2023-12-22 09:33:44.568+01:00 [    20] WARNING    - W&#xD;&#xD;
2023-12-22 09:33:44.568+01:00 [    20] WARNING    - W&#xD;&#xD;
2023-12-22 09:33:44.568+01:00 [    20] WARNING    - W&#xD;&#xD;
2023-12-22 09:33:44.568+01:00 [    20] WARNING    - W&#xD;&#xD;
2023-12-22 09:33:44.568+01:00 [    20] WARNING    - W&#xD;&#xD;
2023-12-22 09:33:44.568+01:00 [    20] WARNING    - W&#xD;&#xD;
2023-12-22 09:33:44.568+01:00 [    20] WARNING    - W&#xD;&#xD;
2023-12-22 09:33:44.568+01:00 [    20] WARNING    - W&#xD;&#xD;
2023-12-22 09:33:44.568+01:00 [    20] WARNING    - W&#xD;&#xD;
2023-12-22 09:33:44.568+01:00 [    20] WARNING    - W&#xD;&#xD;
2023-12-22 09:33:44.568+01:00 [    20] WARNING    - W&#xD;&#xD;
2023-12-22 09:33:44.568+01:00 [    20] WARNING    - W&#xD;&#xD;
2023-12-22 09:33:44.568+01:00 [    20] WARNING    - W&#xD;&#xD;
2023-12-22 09:33:44.568+01:00 [    20] WARNING    - W&#xD;&#xD;
2023-12-22 09:33:44.568+01:00 [    20] WARNING    - W&#xD;&#xD;
2023-12-22 09:33:44.568+01:00 [    20] WARNING    - W&#xD;&#xD;
2023-12-22 09:33:44.568+01:00 [    20] WARNING    - W&#xD;&#xD;
2023-12-22 09:33:44.568+01:00 [    20] WARNING    - W&#xD;&#xD;
2023-12-22 09:33:44.568+01:00 [    20] WARNING    - W&#xD;&#xD;
2023-12-22 09:33:44.568+01:00 [    20] WARNING    - W&#xD;&#xD;
2023-12-22 09:33:44.568+01:00 [    20] WARNING    - W&#xD;&#xD;
2023-12-22 09:33:44.568+01:00 [    20] WARNING    - W&#xD;&#xD;
2023-12-22 09:33:44.568+01:00 [    20] WARNING    - W&#xD;&#xD;
2023-12-22 09:33:44.568+01:00 [    20] WARNING    - W&#xD;&#xD;
2023-12-22 09:33:44.568+01:00 [    20] WARNING    - W&#xD;&#xD;
2023-12-22 09:33:44.568+01:00 [    20] WARNING    - W&#xD;&#xD;
2023-12-22 09:33:44.568+01:00 [    20] WARNING    - W&#xD;&#xD;
2023-12-22 09:33:44.568+01:00 [    20] WARNING    - W&#xD;&#xD;
2023-12-22 09:33:44.568+01:00 [    20] WARNING    - W&#xD;&#xD;
2023-12-22 09:33:44.568+01:00 [    20] WARNING    - W&#xD;&#xD;
2023-12-22 09:33:44.568+01:00 [    20] WARNING    - W&#xD;&#xD;
2023-12-22 09:33:44.568+01:00 [    20] WARNING    - W&#xD;&#xD;
2023-12-22 09:33:44.568+01:00 [    20] WARNING    - W&#xD;&#xD;
2023-12-22 09:33:44.568+01:00 [    20] WARNING    - W&#xD;&#xD;
2023-12-22 09:33:44.568+01:00 [    20] WARNING    - W&#xD;&#xD;
2023-12-22 09:33:44.568+01:00 [    20] WARNING    - W&#xD;&#xD;
2023-12-22 09:33:44.568+01:00 [    20] WARNING    - W&#xD;&#xD;
2023-12-22 09:33:44.568+01:00 [    20] WARNING    - W&#xD;&#xD;
2023-12-22 09:33:44.568+01:00 [    20] WARNING    - W&#xD;&#xD;
2023-12-22 09:33:44.568+01:00 [    20] WARNING    - W&#xD;&#xD;
2023-12-22 09:33:44.568+01:00 [    20] WARNING    - W&#xD;&#xD;
2023-12-22 09:33:44.568+01:00 [    20] WARNING    - W&#xD;&#xD;
2023-12-22 09:33:44.568+01:00 [    20] WARNING    - W&#xD;&#xD;
2023-12-22 09:33:44.568+01:00 [    20] WARNING    - W&#xD;&#xD;
2023-12-22 09:33:44.568+01:00 [    20] WARNING    - W&#xD;&#xD;
2023-12-22 09:33:44.568+01:00 [    20] WARNING    - W&#xD;&#xD;
2023-12-22 09:33:44.568+01:00 [    20] WARNING    - W&#xD;&#xD;
2023-12-22 09:33:44.568+01:00 [    20] WARNING    - W&#xD;&#xD;
2023-12-22 09:33:44.568+01:00 [    20] WARNING    - W&#xD;&#xD;
2023-12-22 09:33:44.568+01:00 [    20] WARNING    - W&#xD;&#xD;
2023-12-22 09:33:44.568+01:00 [    20] WARNING    - W&#xD;&#xD;
2023-12-22 09:33:44.568+01:00 [    20] WARNING    - W&#xD;&#xD;
2023-12-22 09:33:44.568+01:00 [    20] WARNING    - W&#xD;&#xD;
2023-12-22 09:33:44.568+01:00 [    20] WARNING    - W&#xD;&#xD;
2023-12-22 09:33:44.568+01:00 [    20] WARNING    - W&#xD;&#xD;
2023-12-22 09:33:44.568+01:00 [    20] WARNING    - W&#xD;&#xD;
2023-12-22 09:33:44.568+01:00 [    20] WARNING    - W&#xD;&#xD;
2023-12-22 09:33:44.568+01:00 [    20] WARNING    - W&#xD;&#xD;
2023-12-22 09:33:44.568+01:00 [    20] WARNING    - W&#xD;&#xD;
2023-12-22 09:33:44.568+01:00 [    20] WARNING    - W&#xD;&#xD;
2023-12-22 09:33:44.568+01:00 [    20] WARNING    - W&#xD;&#xD;
2023-12-22 09:33:44.568+01:00 [    20] WARNING    - W&#xD;&#xD;
2023-12-22 09:33:44.568+01:00 [    20] WARNING    - W&#xD;&#xD;
2023-12-22 09:33:44.568+01:00 [    20] WARNING    - W&#xD;&#xD;
2023-12-22 09:33:44.568+01:00 [    20] WARNING    - W&#xD;&#xD;
2023-12-22 09:33:44.568+01:00 [    20] WARNING    - W&#xD;&#xD;
2023-12-22 09:33:44.568+01:00 [    20] WARNING    - W&#xD;&#xD;
2023-12-22 09:33:44.568+01:00 [    20] WARNING    - W&#xD;&#xD;
2023-12-22 09:33:44.568+01:00 [    20] WARNING    - W&#xD;&#xD;
2023-12-22 09:33:44.568+01:00 [    20] WARNING    - W&#xD;&#xD;
2023-12-22 09:33:44.568+01:00 [    20] WARNING    - W&#xD;&#xD;
2023-12-22 09:33:44.568+01:00 [    20] WARNING    - W&#xD;&#xD;
2023-12-22 09:33:44.568+01:00 [    20] WARNING    - W&#xD;&#xD;
2023-12-22 09:33:44.568+01:00 [    20] WARNING    - W&#xD;&#xD;
2023-12-22 09:33:44.568+01:00 [    20] WARNING    - W&#xD;&#xD;
2023-12-22 09:33:44.568+01:00 [    20] WARNING    - W&#xD;&#xD;
2023-12-22 09:33:44.568+01:00 [    20] WARNING    - W&#xD;&#xD;
2023-12-22 09:33:44.568+01:00 [    20] WARNING    - W&#xD;&#xD;
2023-12-22 09:33:44.568+01:00 [    20] WARNING    - W&#xD;&#xD;
2023-12-22 09:33:44.568+01:00 [    20] WARNING    - W&#xD;&#xD;
2023-12-22 09:33:44.568+01:00 [    20] WARNING    - W&#xD;&#xD;
2023-12-22 09:33:44.568+01:00 [    20] WARNING    - W&#xD;&#xD;
2023-12-22 09:33:44.568+01:00 [    20] WARNING    - W&#xD;&#xD;
2023-12-22 09:33:44.568+01:00 [    20] WARNING    - W&#xD;&#xD;
2023-12-22 09:33:44.568+01:00 [    20] WARNING    - W&#xD;&#xD;
2023-12-22 09:33:44.568+01:00 [    20] WARNING    - W&#xD;&#xD;
2023-12-22 09:33:44.568+01:00 [    20] WARNING    - W&#xD;&#xD;
2023-12-22 09:33:44.568+01:00 [    20] WARNING    - W&#xD;&#xD;
2023-12-22 09:33:44.568+01:00 [    20] WARNING    - W&#xD;&#xD;
2023-12-22 09:33:44.568+01:00 [    20] WARNING    - W&#xD;&#xD;
2023-12-22 09:33:44.568+01:00 [    20] WARNING    - W&#xD;&#xD;
2023-12-22 09:33:44.568+01:00 [    20] WARNING    - W&#xD;&#xD;
2023-12-22 09:33:44.568+01:00 [    20] WARNING    - W&#xD;&#xD;
2023-12-22 09:33:44.568+01:00 [    20] WARNING    - W&#xD;&#xD;
2023-12-22 09:33:44.568+01:00 [    20] WARNING    - W&#xD;&#xD;
2023-12-22 09:33:44.568+01:00 [    20] WARNING    - W&#xD;&#xD;
2023-12-22 09:33:44.568+01:00 [    20] WARNING    - W&#xD;&#xD;
2023-12-22 09:33:44.568+01:00 [    20] WARNING    - W&#xD;&#xD;
2023-12-22 09:33:44.568+01:00 [    20] WARNING    - W&#xD;&#xD;
2023-12-22 09:33:44.568+01:00 [    20] WARNING    - W&#xD;&#xD;
2023-12-22 09:33:44.568+01:00 [    20] WARNING    - W&#xD;&#xD;
2023-12-22 09:33:44.568+01:00 [    20] WARNING    - W&#xD;&#xD;
2023-12-22 09:33:44.568+01:00 [    20] WARNING    - W&#xD;&#xD;
2023-12-22 09:33:44.568+01:00 [    20] WARNING    - W&#xD;&#xD;
2023-12-22 09:33:44.568+01:00 [    20] WARNING    - W&#xD;&#xD;
2023-12-22 09:33:44.568+01:00 [    20] WARNING    - W&#xD;&#xD;
2023-12-22 09:33:44.568+01:00 [    20] WARNING    - W&#xD;&#xD;
2023-12-22 09:33:44.568+01:00 [    20] WARNING    - W&#xD;&#xD;
2023-12-22 09:33:44.568+01:00 [    20] WARNING    - W&#xD;&#xD;
2023-12-22 09:33:44.568+01:00 [    20] WARNING    - W&#xD;&#xD;
2023-12-22 09:33:44.568+01:00 [    20] WARNING    - W&#xD;&#xD;
2023-12-22 09:33:44.568+01:00 [    20] WARNING    - W&#xD;&#xD;
2023-12-22 09:33:44.568+01:00 [    20] WARNING    - W&#xD;&#xD;
2023-12-22 09:33:44.568+01:00 [    20] WARNING    - W&#xD;&#xD;
2023-12-22 09:33:44.568+01:00 [    20] WARNING    - W&#xD;&#xD;
2023-12-22 09:33:44.568+01:00 [    20] WARNING    - W&#xD;&#xD;
2023-12-22 09:33:44.568+01:00 [    20] WARNING    - W&#xD;&#xD;
2023-12-22 09:33:44.568+01:00 [    20] WARNING    - W&#xD;&#xD;
2023-12-22 09:33:44.568+01:00 [    20] WARNING    - W&#xD;&#xD;
2023-12-22 09:33:44.568+01:00 [    20] WARNING    - W&#xD;&#xD;
2023-12-22 09:33:44.568+01:00 [    20] WARNING    - W&#xD;&#xD;
2023-12-22 09:33:44.568+01:00 [    20] WARNING    - W&#xD;&#xD;
2023-12-22 09:33:44.568+01:00 [    20] WARNING    - W&#xD;&#xD;
2023-12-22 09:33:44.568+01:00 [    20] WARNING    - W&#xD;&#xD;
2023-12-22 09:33:44.568+01:00 [    20] WARNING    - W&#xD;&#xD;
2023-12-22 09:33:44.568+01:00 [    20] WARNING    - W&#xD;&#xD;
2023-12-22 09:33:44.568+01:00 [    20] WARNING    - W&#xD;&#xD;
2023-12-22 09:33:44.568+01:00 [    20] WARNING    - W&#xD;&#xD;
2023-12-22 09:33:44.568+01:00 [    20] WARNING    - W&#xD;&#xD;
2023-12-22 09:33:44.568+01:00 [    20] WARNING    - W&#xD;&#xD;
2023-12-22 09:33:44.568+01:00 [    20] WARNING    - W&#xD;&#xD;
2023-12-22 09:33:44.568+01:00 [    20] WARNING    - W&#xD;&#xD;
2023-12-22 09:33:44.568+01:00 [    20] WARNING    - W&#xD;&#xD;
2023-12-22 09:33:44.568+01:00 [    20] WARNING    - W&#xD;&#xD;
2023-12-22 09:33:44.568+01:00 [    20] WARNING    - W&#xD;&#xD;
2023-12-22 09:33:44.568+01:00 [    20] WARNING    - W&#xD;&#xD;
2023-12-22 09:33:44.568+01:00 [    20] WARNING    - W&#xD;&#xD;
2023-12-22 09:33:44.568+01:00 [    20] WARNING    - W&#xD;&#xD;
2023-12-22 09:33:44.568+01:00 [    20] WARNING    - W&#xD;&#xD;
2023-12-22 09:33:44.568+01:00 [    20] WARNING    - W&#xD;&#xD;
2023-12-22 09:33:44.568+01:00 [    20] WARNING    - W&#xD;&#xD;
2023-12-22 09:33:44.568+01:00 [    20] WARNING    - W&#xD;&#xD;
2023-12-22 09:33:44.568+01:00 [    20] WARNING    - W&#xD;&#xD;
2023-12-22 09:33:44.568+01:00 [    20] WARNING    - W&#xD;&#xD;
2023-12-22 09:33:44.568+01:00 [    20] WARNING    - W&#xD;&#xD;
2023-12-22 09:33:44.568+01:00 [    20] WARNING    - W&#xD;&#xD;
2023-12-22 09:33:44.568+01:00 [    20] WARNING    - W&#xD;&#xD;
2023-12-22 09:33:44.568+01:00 [    20] WARNING    - W&#xD;&#xD;
2023-12-22 09:33:44.568+01:00 [    20] WARNING    - W&#xD;&#xD;
2023-12-22 09:33:44.568+01:00 [    20] WARNING    - W&#xD;&#xD;
2023-12-22 09:33:44.568+01:00 [    20] WARNING    - W&#xD;&#xD;
2023-12-22 09:33:44.568+01:00 [    20] WARNING    - W&#xD;&#xD;
2023-12-22 09:33:44.568+01:00 [    20] WARNING    - W&#xD;&#xD;
2023-12-22 09:33:44.568+01:00 [    20] WARNING    - W&#xD;&#xD;
2023-12-22 09:33:44.568+01:00 [    20] WARNING    - W&#xD;&#xD;
2023-12-22 09:33:44.568+01:00 [    20] WARNING    - W&#xD;&#xD;
2023-12-22 09:33:44.568+01:00 [    20] WARNING    - W&#xD;&#xD;
2023-12-22 09:33:44.568+01:00 [    20] WARNING    - W&#xD;&#xD;
2023-12-22 09:33:44.568+01:00 [    20] WARNING    - W&#xD;&#xD;
2023-12-22 09:33:44.568+01:00 [    20] WARNING    - W&#xD;&#xD;
2023-12-22 09:33:44.568+01:00 [    20] WARNING    - W&#xD;&#xD;
2023-12-22 09:33:44.568+01:00 [    20] WARNING    - W&#xD;&#xD;
2023-12-22 09:33:44.568+01:00 [    20] WARNING    - W&#xD;&#xD;
2023-12-22 09:33:44.568+01:00 [    20] WARNING    - W&#xD;&#xD;
2023-12-22 09:33:44.568+01:00 [    20] WARNING    - W&#xD;&#xD;
2023-12-22 09:33:44.568+01:00 [    20] WARNING    - W&#xD;&#xD;
2023-12-22 09:33:44.568+01:00 [    20] WARNING    - W&#xD;&#xD;
2023-12-22 09:33:44.568+01:00 [    20] WARNING    - W&#xD;&#xD;
2023-12-22 09:33:44.568+01:00 [    20] WARNING    - W&#xD;&#xD;
2023-12-22 09:33:44.568+01:00 [    20] WARNING    - W&#xD;&#xD;
2023-12-22 09:33:44.568+01:00 [    20] WARNING    - W&#xD;&#xD;
2023-12-22 09:33:44.568+01:00 [    20] WARNING    - W&#xD;&#xD;
2023-12-22 09:33:44.568+01:00 [    20] WARNING    - W&#xD;&#xD;
2023-12-22 09:33:44.568+01:00 [    20] WARNING    - W&#xD;&#xD;
2023-12-22 09:33:44.568+01:00 [    20] WARNING    - W&#xD;&#xD;
2023-12-22 09:33:44.568+01:00 [    20] WARNING    - W&#xD;&#xD;
2023-12-22 09:33:44.568+01:00 [    20] WARNING    - W&#xD;&#xD;
2023-12-22 09:33:44.568+01:00 [    20] WARNING    - W&#xD;&#xD;
2023-12-22 09:33:44.568+01:00 [    20] WARNING    - W&#xD;&#xD;
2023-12-22 09:33:44.568+01:00 [    20] WARNING    - W&#xD;&#xD;
2023-12-22 09:33:44.568+01:00 [    20] WARNING    - W&#xD;&#xD;
2023-12-22 09:33:44.568+01:00 [    20] WARNING    - W&#xD;&#xD;
2023-12-22 09:33:44.568+01:00 [    20] WARNING    - W&#xD;&#xD;
2023-12-22 09:33:44.568+01:00 [    20] WARNING    - W&#xD;&#xD;
2023-12-22 09:33:44.568+01:00 [    20] WARNING    - W&#xD;&#xD;
2023-12-22 09:33:44.568+01:00 [    20] WARNING    - W&#xD;&#xD;
2023-12-22 09:33:44.568+01:00 [    20] WARNING    - W&#xD;&#xD;
2023-12-22 09:33:44.568+01:00 [    20] WARNING    - W&#xD;&#xD;
2023-12-22 09:33:44.568+01:00 [    20] WARNING    - W&#xD;&#xD;
2023-12-22 09:33:44.568+01:00 [    20] WARNING    - W&#xD;&#xD;
2023-12-22 09:33:44.568+01:00 [    20] WARNING    - W&#xD;&#xD;
2023-12-22 09:33:44.568+01:00 [    20] WARNING    - W&#xD;&#xD;
2023-12-22 09:33:44.568+01:00 [    20] WARNING    - W&#xD;&#xD;
2023-12-22 09:33:44.568+01:00 [    20] WARNING    - W&#xD;&#xD;
2023-12-22 09:33:44.568+01:00 [    20] WARNING    - W&#xD;&#xD;
2023-12-22 09:33:44.568+01:00 [    20] WARNING    - W&#xD;&#xD;
2023-12-22 09:33:44.568+01:00 [    20] WARNING    - W&#xD;&#xD;
2023-12-22 09:33:44.568+01:00 [    20] WARNING    - W&#xD;&#xD;
2023-12-22 09:33:44.568+01:00 [    20] WARNING    - W&#xD;&#xD;
2023-12-22 09:33:44.568+01:00 [    20] WARNING    - W&#xD;&#xD;
2023-12-22 09:33:44.568+01:00 [    20] WARNING    - W&#xD;&#xD;
2023-12-22 09:33:44.568+01:00 [    20] WARNING    - W&#xD;&#xD;
2023-12-22 09:33:44.568+01:00 [    20] WARNING    - W&#xD;&#xD;
2023-12-22 09:33:44.568+01:00 [    20] WARNING    - W&#xD;&#xD;
2023-12-22 09:33:44.568+01:00 [    20] WARNING    - W&#xD;&#xD;
2023-12-22 09:33:44.568+01:00 [    20] WARNING    - W&#xD;&#xD;
2023-12-22 09:33:44.568+01:00 [    20] WARNING    - W&#xD;&#xD;
2023-12-22 09:33:44.568+01:00 [    20] WARNING    - W&#xD;&#xD;
2023-12-22 09:33:44.568+01:00 [    20] WARNING    - W&#xD;&#xD;
2023-12-22 09:33:44.568+01:00 [    20] WARNING    - W&#xD;&#xD;
2023-12-22 09:33:44.568+01:00 [    20] WARNING    - W&#xD;&#xD;
2023-12-22 09:33:44.568+01:00 [    20] WARNING    - W&#xD;&#xD;
2023-12-22 09:33:44.568+01:00 [    20] WARNING    - W&#xD;&#xD;
2023-12-22 09:33:44.568+01:00 [    20] WARNING    - W&#xD;&#xD;
2023-12-22 09:33:44.568+01:00 [    20] WARNING    - W&#xD;&#xD;
2023-12-22 09:33:44.568+01:00 [    20] WARNING    - W&#xD;&#xD;
2023-12-22 09:33:44.568+01:00 [    20] WARNING    - W&#xD;&#xD;
2023-12-22 09:33:44.568+01:00 [    20] WARNING    - W&#xD;&#xD;
2023-12-22 09:33:44.568+01:00 [    20] WARNING    - W&#xD;&#xD;
2023-12-22 09:33:44.568+01:00 [    20] WARNING    - W&#xD;&#xD;
2023-12-22 09:33:44.568+01:00 [    20] WARNING    - W&#xD;&#xD;
2023-12-22 09:33:44.568+01:00 [    20] WARNING    - W&#xD;&#xD;
2023-12-22 09:33:44.568+01:00 [    20] WARNING    - W&#xD;&#xD;
2023-12-22 09:33:44.568+01:00 [    20] WARNING    - W&#xD;&#xD;
2023-12-22 09:33:44.568+01:00 [    20] WARNING    - W&#xD;&#xD;
2023-12-22 09:33:44.568+01:00 [    20] WARNING    - W&#xD;&#xD;
2023-12-22 09:33:44.568+01:00 [    20] WARNING    - W&#xD;&#xD;
2023-12-22 09:33:44.568+01:00 [    20] WARNING    - W&#xD;&#xD;
2023-12-22 09:33:44.568+01:00 [    20] WARNING    - W&#xD;&#xD;
2023-12-22 09:33:44.568+01:00 [    20] WARNING    - W&#xD;&#xD;
2023-12-22 09:33:44.568+01:00 [    20] WARNING    - W&#xD;&#xD;
2023-12-22 09:33:44.568+01:00 [    20] WARNING    - W&#xD;&#xD;
2023-12-22 09:33:44.568+01:00 [    20] WARNING    - W&#xD;&#xD;
2023-12-22 09:33:44.568+01:00 [    20] WARNING    - W&#xD;&#xD;
2023-12-22 09:33:44.568+01:00 [    20] WARNING    - W&#xD;&#xD;
2023-12-22 09:33:44.568+01:00 [    20] WARNING    - W&#xD;&#xD;
2023-12-22 09:33:44.568+01:00 [    20] WARNING    - W&#xD;&#xD;
2023-12-22 09:33:44.568+01:00 [    20] WARNING    - W&#xD;&#xD;
2023-12-22 09:33:44.568+01:00 [    20] WARNING    - W&#xD;&#xD;
2023-12-22 09:33:44.568+01:00 [    20] WARNING    - W&#xD;&#xD;
2023-12-22 09:33:44.568+01:00 [    20] WARNING    - W&#xD;&#xD;
2023-12-22 09:33:44.568+01:00 [    20] WARNING    - W&#xD;&#xD;
2023-12-22 09:33:44.568+01:00 [    20] WARNING    - W&#xD;&#xD;
2023-12-22 09:33:44.568+01:00 [    20] WARNING    - W&#xD;&#xD;
2023-12-22 09:33:44.568+01:00 [    20] WARNING    - W&#xD;&#xD;
2023-12-22 09:33:44.568+01:00 [    20] WARNING    - W&#xD;&#xD;
2023-12-22 09:33:44.568+01:00 [    20] WARNING    - W&#xD;&#xD;
2023-12-22 09:33:44.568+01:00 [    20] WARNING    - W&#xD;&#xD;
2023-12-22 09:33:44.568+01:00 [    20] WARNING    - W&#xD;&#xD;
2023-12-22 09:33:44.568+01:00 [    20] WARNING    - W&#xD;&#xD;
2023-12-22 09:33:44.568+01:00 [    20] WARNING    - W&#xD;&#xD;
2023-12-22 09:33:44.568+01:00 [    20] WARNING    - W&#xD;&#xD;
2023-12-22 09:33:44.568+01:00 [    20] WARNING    - W&#xD;&#xD;
2023-12-22 09:33:44.568+01:00 [    20] WARNING    - W&#xD;&#xD;
2023-12-22 09:33:44.568+01:00 [    20] WARNING    - Thread Done!</StdOut>
      </Output>
    </UnitTestResult>
    <UnitTestResult executionId="3ebeee64-a082-488a-99ae-88c222a2775f" testId="a0962efd-6872-4f01-46ab-3c59d3295f77" testName="FormatByteSizeStringExactTest11" computerName="DKSR-EFI-04" duration="00:00:00.0001979" startTime="2023-12-22T09:32:50.8185489+01:00" endTime="2023-12-22T09:32:50.8185489+01:00" testType="13cdc9d9-ddb5-4fa4-a97d-d965ccfc6d4b" outcome="Passed" testListId="8c84fa94-04c1-424b-9868-57a2d4851a1d" relativeResultsDirectory="3ebeee64-a082-488a-99ae-88c222a2775f" />
    <UnitTestResult executionId="aa24f52a-eb2d-4ffa-9874-f5d262945d79" testId="5b81d6e5-094a-36a1-d020-7e14c1925021" testName="Async_Method_Fires_Exception" computerName="DKSR-EFI-04" duration="00:00:00.0307951" startTime="2023-12-22T09:32:52.4279316+01:00" endTime="2023-12-22T09:32:52.4591829+01:00" testType="13cdc9d9-ddb5-4fa4-a97d-d965ccfc6d4b" outcome="Passed" testListId="8c84fa94-04c1-424b-9868-57a2d4851a1d" relativeResultsDirectory="aa24f52a-eb2d-4ffa-9874-f5d262945d79" />
    <UnitTestResult executionId="3adee7a5-b598-4057-bc4a-bf1889fca986" testId="3b43752d-a556-b0b9-8a62-50f89aa27699" testName="FormatByteSizeStringExactTest7" computerName="DKSR-EFI-04" duration="00:00:00.0002914" startTime="2023-12-22T09:32:50.7873003+01:00" endTime="2023-12-22T09:32:50.8029252+01:00" testType="13cdc9d9-ddb5-4fa4-a97d-d965ccfc6d4b" outcome="Passed" testListId="8c84fa94-04c1-424b-9868-57a2d4851a1d" relativeResultsDirectory="3adee7a5-b598-4057-bc4a-bf1889fca986" />
    <UnitTestResult executionId="99bedb66-9661-4cc3-8ee4-8c22a634d491" testId="2e72d041-95ef-42d2-a9b4-4e0a8647c8b5" testName="ShowHelp_OnlineWorkflow__DisplayHtmlHelp_InvokedWithValidUrl" computerName="DKSR-EFI-04" duration="00:00:00.0022237" startTime="2023-12-22T09:33:29.9124884+01:00" endTime="2023-12-22T09:33:29.9124884+01:00" testType="13cdc9d9-ddb5-4fa4-a97d-d965ccfc6d4b" outcome="Passed" testListId="8c84fa94-04c1-424b-9868-57a2d4851a1d" relativeResultsDirectory="99bedb66-9661-4cc3-8ee4-8c22a634d491" />
    <UnitTestResult executionId="3b9fe045-972a-452b-b493-e0e5cc96eecf" testId="2e1afd33-f1f3-7f6a-5d1d-b6fdf440414b" testName="MacAddressUtilities_CreateHashString_Success" computerName="DKSR-EFI-04" duration="00:00:00.0042331" startTime="2023-12-22T09:34:19.6939830+01:00" endTime="2023-12-22T09:34:19.6939830+01:00" testType="13cdc9d9-ddb5-4fa4-a97d-d965ccfc6d4b" outcome="Passed" testListId="8c84fa94-04c1-424b-9868-57a2d4851a1d" relativeResultsDirectory="3b9fe045-972a-452b-b493-e0e5cc96eecf" />
    <UnitTestResult executionId="2adeb966-0e93-43f8-8c5d-b887369dd924" testId="dea06a7e-7ad6-8964-e101-42d6ae50a61f" testName="SimpleInfoLevel" computerName="DKSR-EFI-04" duration="00:00:00.0003437" startTime="2023-12-22T09:33:44.2094311+01:00" endTime="2023-12-22T09:33:44.2094311+01:00" testType="13cdc9d9-ddb5-4fa4-a97d-d965ccfc6d4b" outcome="Passed" testListId="8c84fa94-04c1-424b-9868-57a2d4851a1d" relativeResultsDirectory="2adeb966-0e93-43f8-8c5d-b887369dd924" />
    <UnitTestResult executionId="f6c8ca8c-4c9c-4fa2-8238-60f9f08ea196" testId="b3d5b776-7954-57de-ff89-1e86f8900464" testName="NullCheckSupportsStrings" computerName="DKSR-EFI-04" duration="00:00:00.0006559" startTime="2023-12-22T09:32:51.6779291+01:00" endTime="2023-12-22T09:32:51.6779291+01:00" testType="13cdc9d9-ddb5-4fa4-a97d-d965ccfc6d4b" outcome="Passed" testListId="8c84fa94-04c1-424b-9868-57a2d4851a1d" relativeResultsDirectory="f6c8ca8c-4c9c-4fa2-8238-60f9f08ea196" />
    <UnitTestResult executionId="cbbb6545-6427-4f9b-9052-3a4465ff3fc8" testId="cae34a4f-22ac-a10a-8927-08673a15abcf" testName="DatabaseConnectionInfoConfigurator_Write_UpdateRegistry_SecurityException" computerName="DKSR-EFI-04" duration="00:00:00.0049332" startTime="2023-12-22T09:33:49.9438348+01:00" endTime="2023-12-22T09:33:49.9594580+01:00" testType="13cdc9d9-ddb5-4fa4-a97d-d965ccfc6d4b" outcome="Passed" testListId="8c84fa94-04c1-424b-9868-57a2d4851a1d" relativeResultsDirectory="cbbb6545-6427-4f9b-9052-3a4465ff3fc8" />
    <UnitTestResult executionId="0c36032f-d19c-4f13-8cbc-660624f7b106" testId="79a478af-1207-210c-868d-402e7ff157d0" testName="EncryptionFactory_Throws_OnCreateAsymmetricForLicense_WithKeysEmptyAndBlobNotNull" computerName="DKSR-EFI-04" duration="00:00:00.0005164" startTime="2023-12-22T09:34:21.1939900+01:00" endTime="2023-12-22T09:34:21.1939900+01:00" testType="13cdc9d9-ddb5-4fa4-a97d-d965ccfc6d4b" outcome="Passed" testListId="8c84fa94-04c1-424b-9868-57a2d4851a1d" relativeResultsDirectory="0c36032f-d19c-4f13-8cbc-660624f7b106" />
    <UnitTestResult executionId="585b5cb6-9e0a-4b2d-8b59-2c1aae98855c" testId="d27a4924-5023-085a-be43-fd469abc218c" testName="EncryptStringDataTestXmlDocument" computerName="DKSR-EFI-04" duration="00:00:00.0481782" startTime="2023-12-22T09:34:20.3502367+01:00" endTime="2023-12-22T09:34:20.3971124+01:00" testType="13cdc9d9-ddb5-4fa4-a97d-d965ccfc6d4b" outcome="Passed" testListId="8c84fa94-04c1-424b-9868-57a2d4851a1d" relativeResultsDirectory="585b5cb6-9e0a-4b2d-8b59-2c1aae98855c" />
    <UnitTestResult executionId="d7fcc5ee-022f-4174-8299-dd22e34235bf" testId="d20d53c4-d60c-1b48-530e-96eb522a068a" testName="RemoveInvalidXMLChars_Empty_EmptyResult" computerName="DKSR-EFI-04" duration="00:00:00.0001423" startTime="2023-12-22T09:33:30.0374877+01:00" endTime="2023-12-22T09:33:30.0374877+01:00" testType="13cdc9d9-ddb5-4fa4-a97d-d965ccfc6d4b" outcome="Passed" testListId="8c84fa94-04c1-424b-9868-57a2d4851a1d" relativeResultsDirectory="d7fcc5ee-022f-4174-8299-dd22e34235bf" />
    <UnitTestResult executionId="524b7a72-624d-478a-91f1-4ea280b32cc1" testId="36877966-316f-b632-0a3d-234e6371a979" testName="GetConnectionExecuteRetryableAsync" computerName="DKSR-EFI-04" duration="00:00:00.0150669" startTime="2023-12-22T09:34:19.5846057+01:00" endTime="2023-12-22T09:34:19.6002310+01:00" testType="13cdc9d9-ddb5-4fa4-a97d-d965ccfc6d4b" outcome="Passed" testListId="8c84fa94-04c1-424b-9868-57a2d4851a1d" relativeResultsDirectory="524b7a72-624d-478a-91f1-4ea280b32cc1" />
    <UnitTestResult executionId="df5833ff-00cd-4e74-87ce-11342ccf47a7" testId="c0aa0a52-7d77-6797-eefd-299e6b808fc4" testName="DatabaseConnectionInfoFromStorage_GetConnectionString_Integrated_Success" computerName="DKSR-EFI-04" duration="00:00:00.0062057" startTime="2023-12-22T09:33:50.0063335+01:00" endTime="2023-12-22T09:33:50.0219592+01:00" testType="13cdc9d9-ddb5-4fa4-a97d-d965ccfc6d4b" outcome="Passed" testListId="8c84fa94-04c1-424b-9868-57a2d4851a1d" relativeResultsDirectory="df5833ff-00cd-4e74-87ce-11342ccf47a7" />
    <UnitTestResult executionId="c924b825-05b9-4f24-ab37-96a15581892c" testId="54fc10f9-d528-1974-2f53-3a621ca67cb3" testName="Write_AndRead_PasswordShouldWork" computerName="DKSR-EFI-04" duration="00:00:00.0078764" startTime="2023-12-22T09:33:29.5062351+01:00" endTime="2023-12-22T09:33:29.5062351+01:00" testType="13cdc9d9-ddb5-4fa4-a97d-d965ccfc6d4b" outcome="Passed" testListId="8c84fa94-04c1-424b-9868-57a2d4851a1d" relativeResultsDirectory="c924b825-05b9-4f24-ab37-96a15581892c" />
    <UnitTestResult executionId="39da8102-e464-4388-ad21-8cf8737cd0a9" testId="bbf8c752-4784-ef40-3db3-d74c499ba536" testName="RunRetryableActionWhileInTransactionLevel0Fails" computerName="DKSR-EFI-04" duration="00:00:00.1324967" startTime="2023-12-22T09:34:18.2408506+01:00" endTime="2023-12-22T09:34:18.3814768+01:00" testType="13cdc9d9-ddb5-4fa4-a97d-d965ccfc6d4b" outcome="Passed" testListId="8c84fa94-04c1-424b-9868-57a2d4851a1d" relativeResultsDirectory="39da8102-e464-4388-ad21-8cf8737cd0a9" />
    <UnitTestResult executionId="0ec60289-d862-42e0-9448-cf591aea4c25" testId="307fe22a-fac9-b87a-1216-aca73ee96639" testName="ShowHelp_OfflineWorkflow__DisplayHtmlHelp_InvokeWithUNCPath" computerName="DKSR-EFI-04" duration="00:00:00.0008811" startTime="2023-12-22T09:33:29.8656112+01:00" endTime="2023-12-22T09:33:29.8656112+01:00" testType="13cdc9d9-ddb5-4fa4-a97d-d965ccfc6d4b" outcome="Passed" testListId="8c84fa94-04c1-424b-9868-57a2d4851a1d" relativeResultsDirectory="0ec60289-d862-42e0-9448-cf591aea4c25" />
    <UnitTestResult executionId="e06a38b7-bd70-4f0b-80b3-1a4a96c29443" testId="d2c6cd89-3134-4c47-ed4c-f9654d49986a" testName="FormatByteSizeStringExactTest2" computerName="DKSR-EFI-04" duration="00:00:00.0001262" startTime="2023-12-22T09:32:50.7560519+01:00" endTime="2023-12-22T09:32:50.7716749+01:00" testType="13cdc9d9-ddb5-4fa4-a97d-d965ccfc6d4b" outcome="Passed" testListId="8c84fa94-04c1-424b-9868-57a2d4851a1d" relativeResultsDirectory="e06a38b7-bd70-4f0b-80b3-1a4a96c29443" />
    <UnitTestResult executionId="984664db-dc08-4011-ab2c-37008f02a333" testId="21937501-5fae-13f0-6624-05bb57fbd618" testName="ExecuteReaderWithMultipleParametersAsyncBehavior" computerName="DKSR-EFI-04" duration="00:00:00.0065260" startTime="2023-12-22T09:33:46.5063197+01:00" endTime="2023-12-22T09:33:46.5063197+01:00" testType="13cdc9d9-ddb5-4fa4-a97d-d965ccfc6d4b" outcome="Passed" testListId="8c84fa94-04c1-424b-9868-57a2d4851a1d" relativeResultsDirectory="984664db-dc08-4011-ab2c-37008f02a333" />
    <UnitTestResult executionId="d2dcaba2-aa50-44d2-a5e7-0b96af6e9b3d" testId="de573e68-dc1a-4918-71c1-6d19c481580b" testName="ShowHelp_OfflineWorkflowWithLocale_HelpFileMissing__DisplayHtmlHelp_Exception" computerName="DKSR-EFI-04" duration="00:00:00.0204520" startTime="2023-12-22T09:33:29.8812379+01:00" endTime="2023-12-22T09:33:29.8968629+01:00" testType="13cdc9d9-ddb5-4fa4-a97d-d965ccfc6d4b" outcome="Passed" testListId="8c84fa94-04c1-424b-9868-57a2d4851a1d" relativeResultsDirectory="d2dcaba2-aa50-44d2-a5e7-0b96af6e9b3d">
      <Output>
        <StdOut>Debug Trace:&#xD;
Help &gt;&gt;&gt; file:///D:/actions-runner/_work/XPCO/XPCO/Common/VideoOS.Utilities/VideoOS.Utilities.UnitTests/bin/Debug/net472/HtmlHelp/da-Dk/missing_file.htm#cshid=53</StdOut>
      </Output>
    </UnitTestResult>
    <UnitTestResult executionId="9818686b-f21c-4575-85fe-d5431376e749" testId="a6afa94e-bac9-735b-0f52-af1a436a2457" testName="CompositeDebugLevel" computerName="DKSR-EFI-04" duration="00:00:00.0031572" startTime="2023-12-22T09:33:44.2250573+01:00" endTime="2023-12-22T09:33:44.2250573+01:00" testType="13cdc9d9-ddb5-4fa4-a97d-d965ccfc6d4b" outcome="Passed" testListId="8c84fa94-04c1-424b-9868-57a2d4851a1d" relativeResultsDirectory="9818686b-f21c-4575-85fe-d5431376e749" />
    <UnitTestResult executionId="0cfd8ca8-4085-4ee1-8ceb-46e1ba7d90fb" testId="ea65016e-24ff-18d8-4db6-a882b2acfbf0" testName="UpdateKey_ShouldReplaceTheKey" computerName="DKSR-EFI-04" duration="00:00:14.2354701" startTime="2023-12-22T09:33:01.8498506+01:00" endTime="2023-12-22T09:33:16.0842952+01:00" testType="13cdc9d9-ddb5-4fa4-a97d-d965ccfc6d4b" outcome="Passed" testListId="8c84fa94-04c1-424b-9868-57a2d4851a1d" relativeResultsDirectory="0cfd8ca8-4085-4ee1-8ceb-46e1ba7d90fb" />
    <UnitTestResult executionId="3f214624-b708-495b-8d6e-abdeea4a9679" testId="3f9a3040-194a-294c-571d-485d20ffce29" testName="MacAddressUtilities_CreateHashString_ArgumentException_InvalidSeperator" computerName="DKSR-EFI-04" duration="00:00:00.0005042" startTime="2023-12-22T09:34:19.7096086+01:00" endTime="2023-12-22T09:34:19.7096086+01:00" testType="13cdc9d9-ddb5-4fa4-a97d-d965ccfc6d4b" outcome="Passed" testListId="8c84fa94-04c1-424b-9868-57a2d4851a1d" relativeResultsDirectory="3f214624-b708-495b-8d6e-abdeea4a9679" />
    <UnitTestResult executionId="c498a9d7-0251-40cf-ab5a-a1b4b45b4bac" testId="d24d988b-3555-6244-4353-b7c1f76b55d3" testName="FileLoggerWithNameNewDir" computerName="DKSR-EFI-04" duration="00:00:00.2650344" startTime="2023-12-22T09:33:31.4437441+01:00" endTime="2023-12-22T09:33:31.7093695+01:00" testType="13cdc9d9-ddb5-4fa4-a97d-d965ccfc6d4b" outcome="Passed" testListId="8c84fa94-04c1-424b-9868-57a2d4851a1d" relativeResultsDirectory="c498a9d7-0251-40cf-ab5a-a1b4b45b4bac" />
    <UnitTestResult executionId="47d294cc-f39c-407f-be14-afeaf46adf3d" testId="2af5d521-8bbc-18e1-6f8f-3295fdc1595d" testName="Constructor_ShouldThrowKeyStorageException_WhenSecureFolderFails" computerName="DKSR-EFI-04" duration="00:00:00.0220821" startTime="2023-12-22T09:33:29.5687338+01:00" endTime="2023-12-22T09:33:29.5999839+01:00" testType="13cdc9d9-ddb5-4fa4-a97d-d965ccfc6d4b" outcome="Passed" testListId="8c84fa94-04c1-424b-9868-57a2d4851a1d" relativeResultsDirectory="47d294cc-f39c-407f-be14-afeaf46adf3d" />
    <UnitTestResult executionId="a2671fc8-f197-458a-9937-b8ed9ada5799" testId="8a58a8dd-6e74-59e0-5a8b-8a3cdd925c79" testName="BulkProcessor_MoreItemsInQueueThanBulkSize_ItemsInBulkEqualsBulkSize" computerName="DKSR-EFI-04" duration="00:00:00.0313643" startTime="2023-12-22T09:34:22.1471204+01:00" endTime="2023-12-22T09:34:22.1783703+01:00" testType="13cdc9d9-ddb5-4fa4-a97d-d965ccfc6d4b" outcome="Passed" testListId="8c84fa94-04c1-424b-9868-57a2d4851a1d" relativeResultsDirectory="a2671fc8-f197-458a-9937-b8ed9ada5799" />
    <UnitTestResult executionId="6e44d1fd-4238-4595-8f01-093821a77a7e" testId="dbba8f0a-23a9-a8ac-2de8-9f04dc869da2" testName="ShowHelp_OfflineWorkflowWithLocale__DisplayHtmlHelp_InvokedWithValidUrl" computerName="DKSR-EFI-04" duration="00:00:00.0026445" startTime="2023-12-22T09:33:29.8656112+01:00" endTime="2023-12-22T09:33:29.8656112+01:00" testType="13cdc9d9-ddb5-4fa4-a97d-d965ccfc6d4b" outcome="Passed" testListId="8c84fa94-04c1-424b-9868-57a2d4851a1d" relativeResultsDirectory="6e44d1fd-4238-4595-8f01-093821a77a7e" />
    <UnitTestResult executionId="03eb0f7a-e931-4c5f-953b-32ebced266bd" testId="884ecb2f-ce03-ec43-c561-69cc10afb055" testName="Parse_StrongWildcard_Https_WithRelativePathTest_NoTrailingSlash" computerName="DKSR-EFI-04" duration="00:00:00.0001820" startTime="2023-12-22T09:32:51.0529257+01:00" endTime="2023-12-22T09:32:51.0529257+01:00" testType="13cdc9d9-ddb5-4fa4-a97d-d965ccfc6d4b" outcome="Passed" testListId="8c84fa94-04c1-424b-9868-57a2d4851a1d" relativeResultsDirectory="03eb0f7a-e931-4c5f-953b-32ebced266bd" />
    <UnitTestResult executionId="52ccc945-8eaa-4fc2-9209-3a1d80babb7c" testId="b704fdb0-c7bb-1693-71ff-6ae0dd6bc4d2" testName="ConstructDatabaseConnectionInfo_With_ApplicationName" computerName="DKSR-EFI-04" duration="00:00:00.0002680" startTime="2023-12-22T09:33:50.0375856+01:00" endTime="2023-12-22T09:33:50.0375856+01:00" testType="13cdc9d9-ddb5-4fa4-a97d-d965ccfc6d4b" outcome="Passed" testListId="8c84fa94-04c1-424b-9868-57a2d4851a1d" relativeResultsDirectory="52ccc945-8eaa-4fc2-9209-3a1d80babb7c" />
    <UnitTestResult executionId="c142a37f-3b71-458f-8ea5-73f5583feb50" testId="11fb3fad-2351-7080-3049-42238d7f70fd" testName="HasKey_ReturnsTrue_WhenKeyIsPresentInTheDatabase" computerName="DKSR-EFI-04" duration="00:00:08.4554807" startTime="2023-12-22T09:33:17.9905552+01:00" endTime="2023-12-22T09:33:26.4593447+01:00" testType="13cdc9d9-ddb5-4fa4-a97d-d965ccfc6d4b" outcome="Passed" testListId="8c84fa94-04c1-424b-9868-57a2d4851a1d" relativeResultsDirectory="c142a37f-3b71-458f-8ea5-73f5583feb50" />
    <UnitTestResult executionId="b5018231-2afb-48ef-a022-9d5a550db665" testId="bfd927da-87a0-bf65-ed2b-dd9388826410" testName="SimpleErrorLevel" computerName="DKSR-EFI-04" duration="00:00:00.0003142" startTime="2023-12-22T09:33:44.2094311+01:00" endTime="2023-12-22T09:33:44.2250573+01:00" testType="13cdc9d9-ddb5-4fa4-a97d-d965ccfc6d4b" outcome="Passed" testListId="8c84fa94-04c1-424b-9868-57a2d4851a1d" relativeResultsDirectory="b5018231-2afb-48ef-a022-9d5a550db665" />
    <UnitTestResult executionId="2f90835c-93fc-41fc-a21b-825f37c875ab" testId="d0430f0e-538a-eefc-4b97-23107c00db2e" testName="PasswordTooShort" computerName="DKSR-EFI-04" duration="00:00:00.0316234" startTime="2023-12-22T09:32:50.0997960+01:00" endTime="2023-12-22T09:32:50.4747970+01:00" testType="13cdc9d9-ddb5-4fa4-a97d-d965ccfc6d4b" outcome="Passed" testListId="8c84fa94-04c1-424b-9868-57a2d4851a1d" relativeResultsDirectory="2f90835c-93fc-41fc-a21b-825f37c875ab" />
    <UnitTestResult executionId="c64ea4b6-95a0-44d4-be00-a59a52237c2b" testId="813781e4-6529-b9c3-dc2f-c58adbd45c67" testName="EncryptionFactory_Throws_OnCreateAsymmetricWithKeysOkPaddingNotNullAndBlobNull" computerName="DKSR-EFI-04" duration="00:00:00.0004924" startTime="2023-12-22T09:34:21.1939900+01:00" endTime="2023-12-22T09:34:21.1939900+01:00" testType="13cdc9d9-ddb5-4fa4-a97d-d965ccfc6d4b" outcome="Passed" testListId="8c84fa94-04c1-424b-9868-57a2d4851a1d" relativeResultsDirectory="c64ea4b6-95a0-44d4-be00-a59a52237c2b" />
    <UnitTestResult executionId="dde49a68-10f7-483d-be4b-d7d3960de02c" testId="8808a0d4-decf-b478-02fc-6d5995d94ea5" testName="ReadKey_ShouldThrow_WhenKeyDoesNotExist" computerName="DKSR-EFI-04" duration="00:00:01.7650319" startTime="2023-12-22T09:33:00.0685923+01:00" endTime="2023-12-22T09:33:01.8342282+01:00" testType="13cdc9d9-ddb5-4fa4-a97d-d965ccfc6d4b" outcome="Passed" testListId="8c84fa94-04c1-424b-9868-57a2d4851a1d" relativeResultsDirectory="dde49a68-10f7-483d-be4b-d7d3960de02c" />
    <UnitTestResult executionId="70fd7f03-4356-4705-82ef-52ea1a5612f8" testId="db3948b9-824e-0a4d-0cde-8550e9e2e4aa" testName="ExecuteReaderWithMultipleParametersAsyncBehaviorAndCancellationToken" computerName="DKSR-EFI-04" duration="00:00:00.0091354" startTime="2023-12-22T09:33:46.4906930+01:00" endTime="2023-12-22T09:33:46.5063197+01:00" testType="13cdc9d9-ddb5-4fa4-a97d-d965ccfc6d4b" outcome="Passed" testListId="8c84fa94-04c1-424b-9868-57a2d4851a1d" relativeResultsDirectory="70fd7f03-4356-4705-82ef-52ea1a5612f8" />
    <UnitTestResult executionId="c521071b-a826-48f7-8708-91d0da39acbe" testId="31b81597-16e9-5c45-376b-ceed82dbdfa0" testName="HashingUtilities_CreateHashString_ArgumentException_TooLong" computerName="DKSR-EFI-04" duration="00:00:00.0012838" startTime="2023-12-22T09:34:19.6471079+01:00" endTime="2023-12-22T09:34:19.6471079+01:00" testType="13cdc9d9-ddb5-4fa4-a97d-d965ccfc6d4b" outcome="Passed" testListId="8c84fa94-04c1-424b-9868-57a2d4851a1d" relativeResultsDirectory="c521071b-a826-48f7-8708-91d0da39acbe" />
    <UnitTestResult executionId="5ce334b7-94fd-4698-bb0f-f8fd71f10bee" testId="aef9028d-d413-1f1a-acff-d17d12a2954f" testName="EncryptionFactory_Throws_OnCreateAsymmetricWithKeysOkPaddingNullAndBlobNotNull" computerName="DKSR-EFI-04" duration="00:00:00.0006203" startTime="2023-12-22T09:34:21.1783652+01:00" endTime="2023-12-22T09:34:21.1783652+01:00" testType="13cdc9d9-ddb5-4fa4-a97d-d965ccfc6d4b" outcome="Passed" testListId="8c84fa94-04c1-424b-9868-57a2d4851a1d" relativeResultsDirectory="5ce334b7-94fd-4698-bb0f-f8fd71f10bee" />
    <UnitTestResult executionId="b06eee44-9357-467e-bb97-00c543b7f4c1" testId="cb1f0861-b2da-9616-9a03-c34074ad8358" testName="GetConnectionExecuteRetryable" computerName="DKSR-EFI-04" duration="00:00:00.0024534" startTime="2023-12-22T09:34:19.5846057+01:00" endTime="2023-12-22T09:34:19.5846057+01:00" testType="13cdc9d9-ddb5-4fa4-a97d-d965ccfc6d4b" outcome="Passed" testListId="8c84fa94-04c1-424b-9868-57a2d4851a1d" relativeResultsDirectory="b06eee44-9357-467e-bb97-00c543b7f4c1" />
    <UnitTestResult executionId="2e84ea83-da3f-447f-820d-a0e5935561fe" testId="a80f4070-2dfe-33e0-d5b2-9dc837f5874a" testName="Given_FeaturesAreAvailableAndSomeOfTheFeaturesAlreaddyInstalled_When_EnsureFeaturesAreInstalled_FeaturesThatInstallsSucces_Then_EnableFeaturesAreCalledWithExpectedArgumentsAndMethodReturnsInstalled" computerName="DKSR-EFI-04" duration="00:00:00.0089019" startTime="2023-12-22T09:33:30.2718637+01:00" endTime="2023-12-22T09:33:30.2718637+01:00" testType="13cdc9d9-ddb5-4fa4-a97d-d965ccfc6d4b" outcome="Passed" testListId="8c84fa94-04c1-424b-9868-57a2d4851a1d" relativeResultsDirectory="2e84ea83-da3f-447f-820d-a0e5935561fe" />
    <UnitTestResult executionId="22c7c1fe-4b0b-48f6-9497-65f287ee515d" testId="7baf5ad7-fd83-d136-4005-0a09919139e7" testName="HSL_EmptyString_ThrowsArgumentNullException" computerName="DKSR-EFI-04" duration="00:00:00.0009951" startTime="2023-12-22T09:34:21.9752448+01:00" endTime="2023-12-22T09:34:21.9752448+01:00" testType="13cdc9d9-ddb5-4fa4-a97d-d965ccfc6d4b" outcome="Passed" testListId="8c84fa94-04c1-424b-9868-57a2d4851a1d" relativeResultsDirectory="22c7c1fe-4b0b-48f6-9497-65f287ee515d" />
    <UnitTestResult executionId="8f558da6-4813-4a33-bc09-50f62fdaa7d0" testId="5be3ce35-ce99-9457-150c-dbfb4aa2dbc9" testName="Construct_RetrievesInvalidConfigurationFromReader_ConnectionStorageReadException_Throws_InvalidConnectionStringException" computerName="DKSR-EFI-04" duration="00:00:00.0149257" startTime="2023-12-22T09:34:19.5064821+01:00" endTime="2023-12-22T09:34:19.5221069+01:00" testType="13cdc9d9-ddb5-4fa4-a97d-d965ccfc6d4b" outcome="Passed" testListId="8c84fa94-04c1-424b-9868-57a2d4851a1d" relativeResultsDirectory="8f558da6-4813-4a33-bc09-50f62fdaa7d0" />
    <UnitTestResult executionId="3b0e35b7-a6d1-4436-9431-d8631111bf24" testId="f20f788e-2c4b-4fc6-3f24-f3394174c210" testName="GetKeyManagementState_NoKeyFound" computerName="DKSR-EFI-04" duration="00:00:00.0153283" startTime="2023-12-22T09:33:29.6624852+01:00" endTime="2023-12-22T09:33:29.6781105+01:00" testType="13cdc9d9-ddb5-4fa4-a97d-d965ccfc6d4b" outcome="Passed" testListId="8c84fa94-04c1-424b-9868-57a2d4851a1d" relativeResultsDirectory="3b0e35b7-a6d1-4436-9431-d8631111bf24" />
    <UnitTestResult executionId="6334c22e-e9ef-42f7-9758-ec4cf3658d9b" testId="7b0ff6f9-12f6-78a0-6d49-91c774d22925" testName="ChangePassword_ShouldNotUpdateKey_WhenPasswordFileIsInaccessible" computerName="DKSR-EFI-04" duration="00:00:00.0150919" startTime="2023-12-22T09:33:29.6312337+01:00" endTime="2023-12-22T09:33:29.6468605+01:00" testType="13cdc9d9-ddb5-4fa4-a97d-d965ccfc6d4b" outcome="Passed" testListId="8c84fa94-04c1-424b-9868-57a2d4851a1d" relativeResultsDirectory="6334c22e-e9ef-42f7-9758-ec4cf3658d9b" />
    <UnitTestResult executionId="e749f3e4-75ee-4e72-9d7d-4c22265b04e1" testId="bb71366c-0430-34ad-e4e3-0922219f5db7" testName="MacAddressUtilities_CreateHashString_ArgumentNull" computerName="DKSR-EFI-04" duration="00:00:00.0006638" startTime="2023-12-22T09:34:19.6939830+01:00" endTime="2023-12-22T09:34:19.7096086+01:00" testType="13cdc9d9-ddb5-4fa4-a97d-d965ccfc6d4b" outcome="Passed" testListId="8c84fa94-04c1-424b-9868-57a2d4851a1d" relativeResultsDirectory="e749f3e4-75ee-4e72-9d7d-4c22265b04e1" />
    <UnitTestResult executionId="a2b36878-a0ec-44af-bed8-13eff8f1214d" testId="b542b2a9-c57b-a34c-f3ad-0fcb0432bf83" testName="HasPassword_ShouldReturnFalse_IfPasswordFileEmpty" computerName="DKSR-EFI-04" duration="00:00:00.0006872" startTime="2023-12-22T09:33:29.5218575+01:00" endTime="2023-12-22T09:33:29.5218575+01:00" testType="13cdc9d9-ddb5-4fa4-a97d-d965ccfc6d4b" outcome="Passed" testListId="8c84fa94-04c1-424b-9868-57a2d4851a1d" relativeResultsDirectory="a2b36878-a0ec-44af-bed8-13eff8f1214d" />
    <UnitTestResult executionId="4108e489-bf9e-45f4-b35b-e6aa306b49b8" testId="a5a83dbc-7dbf-2fc7-63d9-c3c32958ddb2" testName="TestIsValidHostName_WithNull" computerName="DKSR-EFI-04" duration="00:00:00.0020460" startTime="2023-12-22T09:34:19.6627318+01:00" endTime="2023-12-22T09:34:19.6627318+01:00" testType="13cdc9d9-ddb5-4fa4-a97d-d965ccfc6d4b" outcome="Passed" testListId="8c84fa94-04c1-424b-9868-57a2d4851a1d" relativeResultsDirectory="4108e489-bf9e-45f4-b35b-e6aa306b49b8">
      <Output>
        <StdOut>Debug Trace:&#xD;
Fail: hostName is null</StdOut>
      </Output>
    </UnitTestResult>
    <UnitTestResult executionId="9c3b1f08-8edf-4fc6-a0b2-c616875b9aee" testId="1f84f103-72d5-a9f7-0d4c-3d44d2310bb9" testName="FormatByteSizeStringExactULTest7" computerName="DKSR-EFI-04" duration="00:00:00.0001555" startTime="2023-12-22T09:32:50.8029252+01:00" endTime="2023-12-22T09:32:50.8029252+01:00" testType="13cdc9d9-ddb5-4fa4-a97d-d965ccfc6d4b" outcome="Passed" testListId="8c84fa94-04c1-424b-9868-57a2d4851a1d" relativeResultsDirectory="9c3b1f08-8edf-4fc6-a0b2-c616875b9aee" />
    <UnitTestResult executionId="c981b882-2653-447f-9d45-770f9278c4d4" testId="9ec24b6f-cdfa-8d79-eaa8-3c7fea23cd5b" testName="Given_FeaturesAreAvailableAndAlreadyInstalled_When_EnsureFeaturesAreInstalled_Then_EnableFeaturesAreNotCalledAndMethodReturnsInstalled" computerName="DKSR-EFI-04" duration="00:00:00.0086730" startTime="2023-12-22T09:33:30.2406142+01:00" endTime="2023-12-22T09:33:30.2562366+01:00" testType="13cdc9d9-ddb5-4fa4-a97d-d965ccfc6d4b" outcome="Passed" testListId="8c84fa94-04c1-424b-9868-57a2d4851a1d" relativeResultsDirectory="c981b882-2653-447f-9d45-770f9278c4d4" />
    <UnitTestResult executionId="581f782c-1d72-46b4-930d-062c8f8e6458" testId="6ef51f53-4e1f-f25c-3e8d-6d67812652de" testName="RemoveInvalidXMLChars_Text_SameResult" computerName="DKSR-EFI-04" duration="00:00:00.0002063" startTime="2023-12-22T09:33:30.0531128+01:00" endTime="2023-12-22T09:33:30.0531128+01:00" testType="13cdc9d9-ddb5-4fa4-a97d-d965ccfc6d4b" outcome="Passed" testListId="8c84fa94-04c1-424b-9868-57a2d4851a1d" relativeResultsDirectory="581f782c-1d72-46b4-930d-062c8f8e6458" />
    <UnitTestResult executionId="be31ae94-d07d-4ff8-a142-446e5569fbb0" testId="40d53ff8-3a7f-523a-57c0-cd22766755d4" testName="SetText_127Characters_SetsAll" computerName="DKSR-EFI-04" duration="00:00:00.0426841" startTime="2023-12-22T09:32:50.9122997+01:00" endTime="2023-12-22T09:32:50.9591753+01:00" testType="13cdc9d9-ddb5-4fa4-a97d-d965ccfc6d4b" outcome="Passed" testListId="8c84fa94-04c1-424b-9868-57a2d4851a1d" relativeResultsDirectory="be31ae94-d07d-4ff8-a142-446e5569fbb0" />
    <UnitTestResult executionId="902cd5af-c22d-4f8a-86e1-71317c44ff1c" testId="87bcbaf6-47af-3501-8b0e-ebb19c6a84c3" testName="Dequeues_One_Message_Pre_Added" computerName="DKSR-EFI-04" duration="00:00:00.0072655" startTime="2023-12-22T09:34:22.0064999+01:00" endTime="2023-12-22T09:34:22.0221198+01:00" testType="13cdc9d9-ddb5-4fa4-a97d-d965ccfc6d4b" outcome="Passed" testListId="8c84fa94-04c1-424b-9868-57a2d4851a1d" relativeResultsDirectory="902cd5af-c22d-4f8a-86e1-71317c44ff1c" />
    <UnitTestResult executionId="a0492dde-ffb3-4c9c-bc75-2a930cbc8562" testId="528ff103-a748-eb55-6417-ec32a3dcef5f" testName="IsValidBase64String_DataDrivenTest (RGV2aWNlIGlzIGRpc2FibGVkCg==,True)" computerName="DKSR-EFI-04" duration="00:00:00.0000069" startTime="2023-12-22T09:32:51.6310528+01:00" endTime="2023-12-22T09:32:51.6310528+01:00" testType="13cdc9d9-ddb5-4fa4-a97d-d965ccfc6d4b" outcome="Passed" testListId="8c84fa94-04c1-424b-9868-57a2d4851a1d" relativeResultsDirectory="a0492dde-ffb3-4c9c-bc75-2a930cbc8562" />
    <UnitTestResult executionId="074a73d3-a093-442d-909c-1fff127004d3" testId="02b89666-b70e-5c0e-bed1-fe458440e8cc" testName="Parse_StrongWildcard_Http_WithRelativePathTest" computerName="DKSR-EFI-04" duration="00:00:00.0001642" startTime="2023-12-22T09:32:51.0372990+01:00" endTime="2023-12-22T09:32:51.0372990+01:00" testType="13cdc9d9-ddb5-4fa4-a97d-d965ccfc6d4b" outcome="Passed" testListId="8c84fa94-04c1-424b-9868-57a2d4851a1d" relativeResultsDirectory="074a73d3-a093-442d-909c-1fff127004d3" />
    <UnitTestResult executionId="a47fbe0d-e884-4fa7-b98b-78202eadae36" testId="058f954d-ce2c-c21f-f1fe-51ab343cb27e" testName="EnforceUrlReservation_ConflictingSchemeEntriesReplacedTest" computerName="DKSR-EFI-04" duration="00:00:00.0038790" startTime="2023-12-22T09:32:51.3498019+01:00" endTime="2023-12-22T09:32:51.3654260+01:00" testType="13cdc9d9-ddb5-4fa4-a97d-d965ccfc6d4b" outcome="Passed" testListId="8c84fa94-04c1-424b-9868-57a2d4851a1d" relativeResultsDirectory="a47fbe0d-e884-4fa7-b98b-78202eadae36" />
    <UnitTestResult executionId="509ba35c-27ce-44b2-9f3b-13ef796bc31b" testId="149328dd-9c2a-a5da-f7d5-2a68b860779c" testName="Given_PasswordWithUnknownError_When_Validating_AProperErrorMessageIsReturned" computerName="DKSR-EFI-04" duration="00:00:00.0002243" startTime="2023-12-22T09:32:50.6310494+01:00" endTime="2023-12-22T09:32:50.6310494+01:00" testType="13cdc9d9-ddb5-4fa4-a97d-d965ccfc6d4b" outcome="Passed" testListId="8c84fa94-04c1-424b-9868-57a2d4851a1d" relativeResultsDirectory="509ba35c-27ce-44b2-9f3b-13ef796bc31b" />
    <UnitTestResult executionId="4976f6b9-4f59-465d-9426-6cfc82f1a0e3" testId="5eba6bf3-2152-e22a-9319-f2055f166c30" testName="TestValidateAddress_ValidAdresses" computerName="DKSR-EFI-04" duration="00:00:00.0087166" startTime="2023-12-22T09:34:19.6783556+01:00" endTime="2023-12-22T09:34:19.6783556+01:00" testType="13cdc9d9-ddb5-4fa4-a97d-d965ccfc6d4b" outcome="Passed" testListId="8c84fa94-04c1-424b-9868-57a2d4851a1d" relativeResultsDirectory="4976f6b9-4f59-465d-9426-6cfc82f1a0e3" />
    <UnitTestResult executionId="14fe8933-951e-4639-ab89-5911f370ff4b" testId="806deb80-9486-1446-8b63-998fe3e82f73" testName="DeleteUrlReservation_Param_NullPrefixTest" computerName="DKSR-EFI-04" duration="00:00:00.0007531" startTime="2023-12-22T09:32:51.3654260+01:00" endTime="2023-12-22T09:32:51.3654260+01:00" testType="13cdc9d9-ddb5-4fa4-a97d-d965ccfc6d4b" outcome="Passed" testListId="8c84fa94-04c1-424b-9868-57a2d4851a1d" relativeResultsDirectory="14fe8933-951e-4639-ab89-5911f370ff4b" />
    <UnitTestResult executionId="164b0c61-60a2-4434-b9a5-26f896d93a04" testId="a94d41f2-a595-7d6a-84d4-8180033547b9" testName="CreateLicenseRequest_Throws_WhenCompanyPublicKeyIsNull" computerName="DKSR-EFI-04" duration="00:00:00.1038807" startTime="2023-12-22T09:32:53.9591901+01:00" endTime="2023-12-22T09:32:54.0529392+01:00" testType="13cdc9d9-ddb5-4fa4-a97d-d965ccfc6d4b" outcome="Passed" testListId="8c84fa94-04c1-424b-9868-57a2d4851a1d" relativeResultsDirectory="164b0c61-60a2-4434-b9a5-26f896d93a04" />
    <UnitTestResult executionId="b4b5ca33-3d4d-4fd8-8a13-81b0249ce3cb" testId="e8666d10-f6c2-324b-6b0e-e4b2d17eec15" testName="Given_TwoEmptyPasswords_When_Validating_AProperErrorMessageIsReturned" computerName="DKSR-EFI-04" duration="00:00:00.0001765" startTime="2023-12-22T09:32:50.5997973+01:00" endTime="2023-12-22T09:32:50.5997973+01:00" testType="13cdc9d9-ddb5-4fa4-a97d-d965ccfc6d4b" outcome="Passed" testListId="8c84fa94-04c1-424b-9868-57a2d4851a1d" relativeResultsDirectory="b4b5ca33-3d4d-4fd8-8a13-81b0249ce3cb" />
    <UnitTestResult executionId="066f0764-8cb2-440b-8637-d2ba77f968d3" testId="d982fa03-1651-7dd0-09f2-cee6e3c387f8" testName="Encode_WhenDataIsNull_Exception" computerName="DKSR-EFI-04" duration="00:00:00.0013178" startTime="2023-12-22T09:33:30.0062383+01:00" endTime="2023-12-22T09:33:30.0062383+01:00" testType="13cdc9d9-ddb5-4fa4-a97d-d965ccfc6d4b" outcome="Passed" testListId="8c84fa94-04c1-424b-9868-57a2d4851a1d" relativeResultsDirectory="066f0764-8cb2-440b-8637-d2ba77f968d3" />
    <UnitTestResult executionId="663dae5f-4714-4af1-9f4a-1dd3fe9f178f" testId="3944fccd-772e-d9fe-1a40-fdbfaf54babb" testName="ExecuteNonQuery" computerName="DKSR-EFI-04" duration="00:00:00.0137937" startTime="2023-12-22T09:33:46.6469448+01:00" endTime="2023-12-22T09:33:46.6625704+01:00" testType="13cdc9d9-ddb5-4fa4-a97d-d965ccfc6d4b" outcome="Passed" testListId="8c84fa94-04c1-424b-9868-57a2d4851a1d" relativeResultsDirectory="663dae5f-4714-4af1-9f4a-1dd3fe9f178f" />
    <UnitTestResult executionId="b80cad15-fad7-41d0-bf0b-74ce26a497d4" testId="b5a74696-bf2f-0d90-80f5-207370502a97" testName="ExecuteNonQueryAsync" computerName="DKSR-EFI-04" duration="00:00:00.0130964" startTime="2023-12-22T09:33:46.6781925+01:00" endTime="2023-12-22T09:33:46.6781925+01:00" testType="13cdc9d9-ddb5-4fa4-a97d-d965ccfc6d4b" outcome="Passed" testListId="8c84fa94-04c1-424b-9868-57a2d4851a1d" relativeResultsDirectory="b80cad15-fad7-41d0-bf0b-74ce26a497d4" />
    <UnitTestResult executionId="4ad72761-31d9-468b-a969-3e5c6f06aa27" testId="5b723daf-af09-91a0-345a-c135ce16530e" testName="ReadSslConfigurations_SunnyDayTest" computerName="DKSR-EFI-04" duration="00:00:00.0198235" startTime="2023-12-22T09:32:51.2716771+01:00" endTime="2023-12-22T09:32:51.2873014+01:00" testType="13cdc9d9-ddb5-4fa4-a97d-d965ccfc6d4b" outcome="Passed" testListId="8c84fa94-04c1-424b-9868-57a2d4851a1d" relativeResultsDirectory="4ad72761-31d9-468b-a969-3e5c6f06aa27" />
    <UnitTestResult executionId="82323e9b-125d-4f11-b55c-44c47c5387b7" testId="3083e6f4-31c6-2b3d-a3cf-4efc40ec98d7" testName="SimpleVerifySignatureRSA" computerName="DKSR-EFI-04" duration="00:00:00.0184705" startTime="2023-12-22T09:34:21.7564919+01:00" endTime="2023-12-22T09:34:21.7721183+01:00" testType="13cdc9d9-ddb5-4fa4-a97d-d965ccfc6d4b" outcome="Passed" testListId="8c84fa94-04c1-424b-9868-57a2d4851a1d" relativeResultsDirectory="82323e9b-125d-4f11-b55c-44c47c5387b7" />
    <UnitTestResult executionId="20c11806-12fc-414a-8d1b-f812cab50558" testId="279c7b2c-62d7-e632-1d8c-7c130e62a06d" testName="DeletePassword_CorrectlyThrowsSecurityException_WhenPermissionsError" computerName="DKSR-EFI-04" duration="00:00:00.0016931" startTime="2023-12-22T09:33:29.4906094+01:00" endTime="2023-12-22T09:33:29.4906094+01:00" testType="13cdc9d9-ddb5-4fa4-a97d-d965ccfc6d4b" outcome="Passed" testListId="8c84fa94-04c1-424b-9868-57a2d4851a1d" relativeResultsDirectory="20c11806-12fc-414a-8d1b-f812cab50558" />
    <UnitTestResult executionId="df5e801b-93a7-4c41-b128-f29b47207435" testId="ddbe8703-0958-b457-5a7d-b81bbfe3f85a" testName="CreateIPBoundWeakWildcard_IPv6_NoRelativePathTest" computerName="DKSR-EFI-04" duration="00:00:00.0012264" startTime="2023-12-22T09:32:51.1310502+01:00" endTime="2023-12-22T09:32:51.1310502+01:00" testType="13cdc9d9-ddb5-4fa4-a97d-d965ccfc6d4b" outcome="Passed" testListId="8c84fa94-04c1-424b-9868-57a2d4851a1d" relativeResultsDirectory="df5e801b-93a7-4c41-b128-f29b47207435" />
    <UnitTestResult executionId="35b43fe6-99e7-4dd8-8c11-3d2585427aeb" testId="b71129c9-df58-0336-4b9a-daa4004a44ec" testName="Construction_KeyInformationIsTheSame_OnConstructionWithKeyInformation" computerName="DKSR-EFI-04" duration="00:00:00.0890534" startTime="2023-12-22T09:34:20.6314877+01:00" endTime="2023-12-22T09:34:20.7252372+01:00" testType="13cdc9d9-ddb5-4fa4-a97d-d965ccfc6d4b" outcome="Passed" testListId="8c84fa94-04c1-424b-9868-57a2d4851a1d" relativeResultsDirectory="35b43fe6-99e7-4dd8-8c11-3d2585427aeb" />
    <UnitTestResult executionId="2daaf8d4-2ac5-46b2-9205-a3044d62363b" testId="6c1b5a96-836b-feef-a077-eaf20f42c48a" testName="IsValidBase64String_DataDrivenTest (AAAA,True)" computerName="DKSR-EFI-04" duration="00:00:00.0000070" startTime="2023-12-22T09:32:51.6310528+01:00" endTime="2023-12-22T09:32:51.6310528+01:00" testType="13cdc9d9-ddb5-4fa4-a97d-d965ccfc6d4b" outcome="Passed" testListId="8c84fa94-04c1-424b-9868-57a2d4851a1d" relativeResultsDirectory="2daaf8d4-2ac5-46b2-9205-a3044d62363b" />
    <UnitTestResult executionId="f4ce77e8-a6c3-464f-b2ba-7eeabb7867c3" testId="96119cc5-4c2f-24b7-eb33-7ff9b76c899e" testName="RemoveInvalidXMLChars_Text_Tab_NotRemoved" computerName="DKSR-EFI-04" duration="00:00:00.0001412" startTime="2023-12-22T09:33:30.0687371+01:00" endTime="2023-12-22T09:33:30.0687371+01:00" testType="13cdc9d9-ddb5-4fa4-a97d-d965ccfc6d4b" outcome="Passed" testListId="8c84fa94-04c1-424b-9868-57a2d4851a1d" relativeResultsDirectory="f4ce77e8-a6c3-464f-b2ba-7eeabb7867c3" />
    <UnitTestResult executionId="92e771b6-80ff-403e-8e36-22e37935ee2e" testId="150e4aae-3f60-faf6-82f4-5e55067d0b25" testName="ExecuteReaderMultipleResultSets" computerName="DKSR-EFI-04" duration="00:00:00.0055089" startTime="2023-12-22T09:33:46.6156917+01:00" endTime="2023-12-22T09:33:46.6156917+01:00" testType="13cdc9d9-ddb5-4fa4-a97d-d965ccfc6d4b" outcome="Passed" testListId="8c84fa94-04c1-424b-9868-57a2d4851a1d" relativeResultsDirectory="92e771b6-80ff-403e-8e36-22e37935ee2e" />
    <UnitTestResult executionId="e758608a-1984-4d60-b45e-dd238f9b9efd" testId="09d2e431-e77b-6b41-b7c7-c5b16d69b902" testName="Constructor_ShouldThrow_WhenSqlConnectionManagerIsNull" computerName="DKSR-EFI-04" duration="00:00:03.2299119" startTime="2023-12-22T09:32:54.4279416+01:00" endTime="2023-12-22T09:32:57.6623315+01:00" testType="13cdc9d9-ddb5-4fa4-a97d-d965ccfc6d4b" outcome="Passed" testListId="8c84fa94-04c1-424b-9868-57a2d4851a1d" relativeResultsDirectory="e758608a-1984-4d60-b45e-dd238f9b9efd" />
    <UnitTestResult executionId="ff6edfea-a9a5-4294-aaf3-b318c7f0a615" testId="a568b409-38f1-6ad9-4f1d-3150733bf202" testName="ConstructDatabaseConnectionInfo_DatabaseSourceAndDatabaseName_Success" computerName="DKSR-EFI-04" duration="00:00:00.0013461" startTime="2023-12-22T09:33:50.0219592+01:00" endTime="2023-12-22T09:33:50.0219592+01:00" testType="13cdc9d9-ddb5-4fa4-a97d-d965ccfc6d4b" outcome="Passed" testListId="8c84fa94-04c1-424b-9868-57a2d4851a1d" relativeResultsDirectory="ff6edfea-a9a5-4294-aaf3-b318c7f0a615" />
    <UnitTestResult executionId="8d3e8482-3243-4bea-9b9d-7db4ca61dde2" testId="d9f9c2c8-093d-13e9-89bd-1a9656a82bad" testName="Given_FeaturesAreAvailableWithUnexpectedState_When_EnsureFeaturesAreInstalled_Then_MethodReturnsTheFeatureWithUnexpectedState" computerName="DKSR-EFI-04" duration="00:00:00.0192900" startTime="2023-12-22T09:33:30.3812393+01:00" endTime="2023-12-22T09:33:30.4124899+01:00" testType="13cdc9d9-ddb5-4fa4-a97d-d965ccfc6d4b" outcome="Passed" testListId="8c84fa94-04c1-424b-9868-57a2d4851a1d" relativeResultsDirectory="8d3e8482-3243-4bea-9b9d-7db4ca61dde2" />
    <UnitTestResult executionId="26b30661-6caa-4b11-ac2c-ad70aa2b38cd" testId="7684af58-6d63-c0de-5c50-916e22c49de3" testName="RemoveInvalidXMLChars_Text_Enter_NotRemoved" computerName="DKSR-EFI-04" duration="00:00:00.0001404" startTime="2023-12-22T09:33:30.0843605+01:00" endTime="2023-12-22T09:33:30.0843605+01:00" testType="13cdc9d9-ddb5-4fa4-a97d-d965ccfc6d4b" outcome="Passed" testListId="8c84fa94-04c1-424b-9868-57a2d4851a1d" relativeResultsDirectory="26b30661-6caa-4b11-ac2c-ad70aa2b38cd" />
    <UnitTestResult executionId="122acfb8-e092-4dda-b3b2-33145933a656" testId="41c52249-7698-71fe-ff0e-3e351e2dcccd" testName="ExecuteQueryTest" computerName="DKSR-EFI-04" duration="00:00:00.0829642" startTime="2023-12-22T09:33:45.5531886+01:00" endTime="2023-12-22T09:33:45.6469386+01:00" testType="13cdc9d9-ddb5-4fa4-a97d-d965ccfc6d4b" outcome="Passed" testListId="8c84fa94-04c1-424b-9868-57a2d4851a1d" relativeResultsDirectory="122acfb8-e092-4dda-b3b2-33145933a656" />
    <UnitTestResult executionId="915fc73f-0f11-46f0-aa25-d8380e2dcecb" testId="9a5f2d25-e5df-c6ba-3b20-674ddeaf04cd" testName="CreateLicenseRequest_Throws_WhenCompanyPublicKeyIsEmpty" computerName="DKSR-EFI-04" duration="00:00:00.0839128" startTime="2023-12-22T09:32:54.2091905+01:00" endTime="2023-12-22T09:32:54.3029415+01:00" testType="13cdc9d9-ddb5-4fa4-a97d-d965ccfc6d4b" outcome="Passed" testListId="8c84fa94-04c1-424b-9868-57a2d4851a1d" relativeResultsDirectory="915fc73f-0f11-46f0-aa25-d8380e2dcecb" />
    <UnitTestResult executionId="50ae67da-fe81-4de9-939f-647028f729da" testId="6017adae-b1e1-76ad-01d4-c71c39f8ef57" testName="Constructor_SingleReservation_Delegate" computerName="DKSR-EFI-04" duration="00:00:00.0002510" startTime="2023-12-22T09:32:51.4904277+01:00" endTime="2023-12-22T09:32:51.4904277+01:00" testType="13cdc9d9-ddb5-4fa4-a97d-d965ccfc6d4b" outcome="Passed" testListId="8c84fa94-04c1-424b-9868-57a2d4851a1d" relativeResultsDirectory="50ae67da-fe81-4de9-939f-647028f729da" />
    <UnitTestResult executionId="5ae66648-7f52-4fba-89ba-aeb7cc700253" testId="5c0a09c0-9baa-c1c5-77a2-5d4bd6f2283d" testName="GetServerName_Success" computerName="DKSR-EFI-04" duration="00:00:00.0008735" startTime="2023-12-22T09:34:19.6158566+01:00" endTime="2023-12-22T09:34:19.6158566+01:00" testType="13cdc9d9-ddb5-4fa4-a97d-d965ccfc6d4b" outcome="Passed" testListId="8c84fa94-04c1-424b-9868-57a2d4851a1d" relativeResultsDirectory="5ae66648-7f52-4fba-89ba-aeb7cc700253" />
    <UnitTestResult executionId="3cee198a-4301-45c6-bc80-5f2315f23f8c" testId="b274d9ea-c57d-3fb4-e198-c80ba7111b51" testName="FormatTimeSpanStringTest7" computerName="DKSR-EFI-04" duration="00:00:00.0002796" startTime="2023-12-22T09:32:50.6466737+01:00" endTime="2023-12-22T09:32:50.6466737+01:00" testType="13cdc9d9-ddb5-4fa4-a97d-d965ccfc6d4b" outcome="Passed" testListId="8c84fa94-04c1-424b-9868-57a2d4851a1d" relativeResultsDirectory="3cee198a-4301-45c6-bc80-5f2315f23f8c" />
    <UnitTestResult executionId="15403270-ee05-42fe-8a9a-5894d04fabc3" testId="7ef7cf9e-9410-bfa9-57b6-c831f6653307" testName="Constructor_ShouldThrowArgumentNullException_WhenKeyProviderIsNull" computerName="DKSR-EFI-04" duration="00:00:00.0007752" startTime="2023-12-22T09:33:29.6312337+01:00" endTime="2023-12-22T09:33:29.6312337+01:00" testType="13cdc9d9-ddb5-4fa4-a97d-d965ccfc6d4b" outcome="Passed" testListId="8c84fa94-04c1-424b-9868-57a2d4851a1d" relativeResultsDirectory="15403270-ee05-42fe-8a9a-5894d04fabc3" />
    <UnitTestResult executionId="a3250b88-84a7-4a6b-b687-342c62fcee9c" testId="de96ddf0-d444-ee1c-2268-ec15a6f73012" testName="SimpleDebugLevel" computerName="DKSR-EFI-04" duration="00:00:00.0015539" startTime="2023-12-22T09:33:44.2094311+01:00" endTime="2023-12-22T09:33:44.2094311+01:00" testType="13cdc9d9-ddb5-4fa4-a97d-d965ccfc6d4b" outcome="Passed" testListId="8c84fa94-04c1-424b-9868-57a2d4851a1d" relativeResultsDirectory="a3250b88-84a7-4a6b-b687-342c62fcee9c">
      <Output>
        <StdOut>Reading config from file: D:\actions-runner\_work\XPCO\XPCO\Common\VideoOS.Utilities\VideoOS.Utilities.UnitTests\bin\Debug\net472\VideoOS.Utilities.UnitTests.dll.config</StdOut>
      </Output>
    </UnitTestResult>
    <UnitTestResult executionId="51d69a3e-88e8-4dbe-971f-1f5d9e4b02c0" testId="2127992f-d432-430c-3767-c76b100ba1ae" testName="Given_daDK_daGL_svAXSupported_When_GettingAvailableLanguages_NativeNamesAreDanskDanmarkDanskGrønlandSvenska" computerName="DKSR-EFI-04" duration="00:00:00.0036164" startTime="2023-12-22T09:33:29.9906129+01:00" endTime="2023-12-22T09:33:29.9906129+01:00" testType="13cdc9d9-ddb5-4fa4-a97d-d965ccfc6d4b" outcome="Passed" testListId="8c84fa94-04c1-424b-9868-57a2d4851a1d" relativeResultsDirectory="51d69a3e-88e8-4dbe-971f-1f5d9e4b02c0" />
    <UnitTestResult executionId="39da376a-4c2b-4c06-ae7e-e4adb7d6f83d" testId="4e3f0180-82b2-6414-7968-97eee117cb14" testName="ExecuteNonQueryTest" computerName="DKSR-EFI-04" duration="00:00:00.0853126" startTime="2023-12-22T09:33:45.8656887+01:00" endTime="2023-12-22T09:33:45.9594395+01:00" testType="13cdc9d9-ddb5-4fa4-a97d-d965ccfc6d4b" outcome="Passed" testListId="8c84fa94-04c1-424b-9868-57a2d4851a1d" relativeResultsDirectory="39da376a-4c2b-4c06-ae7e-e4adb7d6f83d" />
    <UnitTestResult executionId="dcbc1a91-3fbb-4b57-888f-c5101b512663" testId="004341c7-cec2-0f4b-c539-539d094096cc" testName="IsValidBase64String_DataDrivenTest (A===,True)" computerName="DKSR-EFI-04" duration="00:00:00.0000116" startTime="2023-12-22T09:32:51.6154291+01:00" endTime="2023-12-22T09:32:51.6154291+01:00" testType="13cdc9d9-ddb5-4fa4-a97d-d965ccfc6d4b" outcome="Passed" testListId="8c84fa94-04c1-424b-9868-57a2d4851a1d" relativeResultsDirectory="dcbc1a91-3fbb-4b57-888f-c5101b512663" />
    <UnitTestResult executionId="8f920680-c239-4ba8-81c5-2ba896ad9f15" testId="77859cfb-b1e5-83eb-e2d0-c9d51897f8dd" testName="ExecuteReaderGetBinary" computerName="DKSR-EFI-04" duration="00:00:00.0054158" startTime="2023-12-22T09:33:46.5375683+01:00" endTime="2023-12-22T09:33:46.5375683+01:00" testType="13cdc9d9-ddb5-4fa4-a97d-d965ccfc6d4b" outcome="Passed" testListId="8c84fa94-04c1-424b-9868-57a2d4851a1d" relativeResultsDirectory="8f920680-c239-4ba8-81c5-2ba896ad9f15" />
    <UnitTestResult executionId="d5afe696-0329-4dda-8670-e03e8f3bca52" testId="503ec25e-f94c-6a24-4b63-4dc824bcd484" testName="ExecuteReaderRetrieveDataUsingIndexer" computerName="DKSR-EFI-04" duration="00:00:00.0053667" startTime="2023-12-22T09:33:46.6156917+01:00" endTime="2023-12-22T09:33:46.6313176+01:00" testType="13cdc9d9-ddb5-4fa4-a97d-d965ccfc6d4b" outcome="Passed" testListId="8c84fa94-04c1-424b-9868-57a2d4851a1d" relativeResultsDirectory="d5afe696-0329-4dda-8670-e03e8f3bca52" />
    <UnitTestResult executionId="e5d8d62f-59b7-4ac9-8616-7d4eddf98376" testId="98b9ca62-c4d7-6731-f415-cbad2e4e91b8" testName="IsUpdateNeeded_CalculatesAllValues" computerName="DKSR-EFI-04" duration="00:00:00.0056643" startTime="2023-12-22T09:32:50.8810505+01:00" endTime="2023-12-22T09:32:50.8810505+01:00" testType="13cdc9d9-ddb5-4fa4-a97d-d965ccfc6d4b" outcome="Passed" testListId="8c84fa94-04c1-424b-9868-57a2d4851a1d" relativeResultsDirectory="e5d8d62f-59b7-4ac9-8616-7d4eddf98376" />
    <UnitTestResult executionId="cac666fb-283a-443c-9f0a-5dcfb2aa661d" testId="17e8d08f-f1d5-876f-3d0c-916dddf52252" testName="Given_TooShortPassword_When_Validating_AProperErrorMessageIsReturned" computerName="DKSR-EFI-04" duration="00:00:00.0013221" startTime="2023-12-22T09:32:50.5997973+01:00" endTime="2023-12-22T09:32:50.5997973+01:00" testType="13cdc9d9-ddb5-4fa4-a97d-d965ccfc6d4b" outcome="Passed" testListId="8c84fa94-04c1-424b-9868-57a2d4851a1d" relativeResultsDirectory="cac666fb-283a-443c-9f0a-5dcfb2aa661d" />
    <UnitTestResult executionId="1cb83a84-97ee-4e68-b4f4-24e94190908c" testId="113d1804-31b6-160b-355c-4c16286495f8" testName="EnforceSslConfiguration_NoConflictTest" computerName="DKSR-EFI-04" duration="00:00:00.0030855" startTime="2023-12-22T09:32:51.3810521+01:00" endTime="2023-12-22T09:32:51.3810521+01:00" testType="13cdc9d9-ddb5-4fa4-a97d-d965ccfc6d4b" outcome="Passed" testListId="8c84fa94-04c1-424b-9868-57a2d4851a1d" relativeResultsDirectory="1cb83a84-97ee-4e68-b4f4-24e94190908c" />
    <UnitTestResult executionId="6b786fb6-a3a0-4000-8bfc-07015d4c190a" testId="f03729f0-d331-f104-9fc2-6da799ef6144" testName="ValidateWebAddress_WithHttp" computerName="DKSR-EFI-04" duration="00:00:00.0002006" startTime="2023-12-22T09:34:19.6627318+01:00" endTime="2023-12-22T09:34:19.6627318+01:00" testType="13cdc9d9-ddb5-4fa4-a97d-d965ccfc6d4b" outcome="Passed" testListId="8c84fa94-04c1-424b-9868-57a2d4851a1d" relativeResultsDirectory="6b786fb6-a3a0-4000-8bfc-07015d4c190a" />
    <UnitTestResult executionId="090280c7-efd8-4573-bb06-099bb1064bb5" testId="041cd636-46f8-6a86-d0da-de8e88283f69" testName="DatabaseConnectionInfoFromStorage_ReadAndSecureConnectionString_Registry_UnauthorizedAccess" computerName="DKSR-EFI-04" duration="00:00:00.0052208" startTime="2023-12-22T09:33:49.9907108+01:00" endTime="2023-12-22T09:33:50.0063335+01:00" testType="13cdc9d9-ddb5-4fa4-a97d-d965ccfc6d4b" outcome="Passed" testListId="8c84fa94-04c1-424b-9868-57a2d4851a1d" relativeResultsDirectory="090280c7-efd8-4573-bb06-099bb1064bb5" />
    <UnitTestResult executionId="72ca8945-64b1-4b52-96ea-9e18c8953527" testId="7fbf4643-33b6-b50c-4d89-cf868424f0c4" testName="EncryptStringDataTestWrongPasswordTripleDES" computerName="DKSR-EFI-04" duration="00:00:00.0244815" startTime="2023-12-22T09:34:20.3190419+01:00" endTime="2023-12-22T09:34:20.3502367+01:00" testType="13cdc9d9-ddb5-4fa4-a97d-d965ccfc6d4b" outcome="Passed" testListId="8c84fa94-04c1-424b-9868-57a2d4851a1d" relativeResultsDirectory="72ca8945-64b1-4b52-96ea-9e18c8953527" />
    <UnitTestResult executionId="9433d79e-afc1-4a1e-be9e-c36a398bf9be" testId="fda94701-b4a5-79c1-309e-46f5c211feb1" testName="KilledConnectionFailsWithoutRetry" computerName="DKSR-EFI-04" duration="00:00:00.0275906" startTime="2023-12-22T09:33:51.3657156+01:00" endTime="2023-12-22T09:33:51.3813399+01:00" testType="13cdc9d9-ddb5-4fa4-a97d-d965ccfc6d4b" outcome="Passed" testListId="8c84fa94-04c1-424b-9868-57a2d4851a1d" relativeResultsDirectory="9433d79e-afc1-4a1e-be9e-c36a398bf9be" />
    <UnitTestResult executionId="f4eb2ee8-b69c-4979-8cce-f86dd63ee50b" testId="5dab0953-f8e5-4596-9599-693185a38502" testName="EncryptAndDecryptWithSpecificKey" computerName="DKSR-EFI-04" duration="00:00:00.0042444" startTime="2023-12-22T09:34:20.0533602+01:00" endTime="2023-12-22T09:34:20.0533602+01:00" testType="13cdc9d9-ddb5-4fa4-a97d-d965ccfc6d4b" outcome="Passed" testListId="8c84fa94-04c1-424b-9868-57a2d4851a1d" relativeResultsDirectory="f4eb2ee8-b69c-4979-8cce-f86dd63ee50b" />
    <UnitTestResult executionId="a551bddd-2379-4a1b-83d7-e09e8f7ab28f" testId="4d04cbd9-6b0c-129f-89f2-13ad5bb3b77d" testName="GetKeyManagementState_NoPasswordFound" computerName="DKSR-EFI-04" duration="00:00:00.0061694" startTime="2023-12-22T09:33:29.6781105+01:00" endTime="2023-12-22T09:33:29.6937344+01:00" testType="13cdc9d9-ddb5-4fa4-a97d-d965ccfc6d4b" outcome="Passed" testListId="8c84fa94-04c1-424b-9868-57a2d4851a1d" relativeResultsDirectory="a551bddd-2379-4a1b-83d7-e09e8f7ab28f" />
    <UnitTestResult executionId="516891cb-b027-479d-b469-f25683db6fa9" testId="90280cc0-709a-6c6d-8bb6-ae7ecee93410" testName="ForceUpdate_ReturnsUpdateTrue_WhenConditionsNotChanged" computerName="DKSR-EFI-04" duration="00:00:00.0006350" startTime="2023-12-22T09:32:50.8966749+01:00" endTime="2023-12-22T09:32:50.8966749+01:00" testType="13cdc9d9-ddb5-4fa4-a97d-d965ccfc6d4b" outcome="Passed" testListId="8c84fa94-04c1-424b-9868-57a2d4851a1d" relativeResultsDirectory="516891cb-b027-479d-b469-f25683db6fa9" />
    <UnitTestResult executionId="078b7aec-1d31-473d-9a61-aecbc121a9ae" testId="5e8218e5-ad16-734d-7b83-a405e0747b4a" testName="RemoveInvalidXMLChars_Text_Chinese_Chars" computerName="DKSR-EFI-04" duration="00:00:00.0001600" startTime="2023-12-22T09:33:30.0687371+01:00" endTime="2023-12-22T09:33:30.0687371+01:00" testType="13cdc9d9-ddb5-4fa4-a97d-d965ccfc6d4b" outcome="Passed" testListId="8c84fa94-04c1-424b-9868-57a2d4851a1d" relativeResultsDirectory="078b7aec-1d31-473d-9a61-aecbc121a9ae" />
    <UnitTestResult executionId="5ee7ebd8-3899-498b-9d3f-17d919432a48" testId="57dd1e3a-a56a-e404-e3c0-c58c06b0596f" testName="Async_Method_Cancelled_Silently_In_Time" computerName="DKSR-EFI-04" duration="00:00:00.0635179" startTime="2023-12-22T09:32:52.3654316+01:00" endTime="2023-12-22T09:32:52.4279316+01:00" testType="13cdc9d9-ddb5-4fa4-a97d-d965ccfc6d4b" outcome="Passed" testListId="8c84fa94-04c1-424b-9868-57a2d4851a1d" relativeResultsDirectory="5ee7ebd8-3899-498b-9d3f-17d919432a48" />
    <UnitTestResult executionId="71154f1c-61df-4c52-ae9a-4337326efb3b" testId="c9115134-3a66-60ac-719d-00bd512badb4" testName="CreateExplicit_StrongWildcardHost" computerName="DKSR-EFI-04" duration="00:00:00.0005334" startTime="2023-12-22T09:32:51.1623013+01:00" endTime="2023-12-22T09:32:51.1623013+01:00" testType="13cdc9d9-ddb5-4fa4-a97d-d965ccfc6d4b" outcome="Passed" testListId="8c84fa94-04c1-424b-9868-57a2d4851a1d" relativeResultsDirectory="71154f1c-61df-4c52-ae9a-4337326efb3b" />
    <UnitTestResult executionId="dbb96418-3544-4e77-a76e-eaa3b470bdc3" testId="95addf67-51d6-243f-594c-cd203efa3cab" testName="HelpManager_ctor_Success" computerName="DKSR-EFI-04" duration="00:00:00.0020454" startTime="2023-12-22T09:33:29.7093595+01:00" endTime="2023-12-22T09:33:29.7093595+01:00" testType="13cdc9d9-ddb5-4fa4-a97d-d965ccfc6d4b" outcome="Passed" testListId="8c84fa94-04c1-424b-9868-57a2d4851a1d" relativeResultsDirectory="dbb96418-3544-4e77-a76e-eaa3b470bdc3" />
    <UnitTestResult executionId="295026ca-17d9-4b00-90a5-83998ba31bdb" testId="318dfcc5-fe95-ef92-0ae4-5d0a5e9d05a7" testName="FormatByteSizeStringExactTest9" computerName="DKSR-EFI-04" duration="00:00:00.0001339" startTime="2023-12-22T09:32:50.8029252+01:00" endTime="2023-12-22T09:32:50.8029252+01:00" testType="13cdc9d9-ddb5-4fa4-a97d-d965ccfc6d4b" outcome="Passed" testListId="8c84fa94-04c1-424b-9868-57a2d4851a1d" relativeResultsDirectory="295026ca-17d9-4b00-90a5-83998ba31bdb" />
    <UnitTestResult executionId="a09de31c-dd3a-4f06-9265-95f196f38ff3" testId="400dcc7a-1baf-7c37-00e7-b9da7e64add4" testName="ConstructDatabaseConnectionInfo_NullDatabaseServerName_Throws" computerName="DKSR-EFI-04" duration="00:00:00.0006213" startTime="2023-12-22T09:33:50.0532106+01:00" endTime="2023-12-22T09:33:50.0532106+01:00" testType="13cdc9d9-ddb5-4fa4-a97d-d965ccfc6d4b" outcome="Passed" testListId="8c84fa94-04c1-424b-9868-57a2d4851a1d" relativeResultsDirectory="a09de31c-dd3a-4f06-9265-95f196f38ff3" />
    <UnitTestResult executionId="00b72a75-5bc5-4a74-aa67-1763cbbd217b" testId="80895b38-0d55-d592-cbc2-d8e8007febd1" testName="FormatByteSizeStringTest4" computerName="DKSR-EFI-04" duration="00:00:00.0033786" startTime="2023-12-22T09:32:50.6779246+01:00" endTime="2023-12-22T09:32:50.6779246+01:00" testType="13cdc9d9-ddb5-4fa4-a97d-d965ccfc6d4b" outcome="Passed" testListId="8c84fa94-04c1-424b-9868-57a2d4851a1d" relativeResultsDirectory="00b72a75-5bc5-4a74-aa67-1763cbbd217b" />
    <UnitTestResult executionId="97b076ce-4c79-49cb-a4ba-a3e9f4be5fa7" testId="a2a7beae-4d5d-b78f-d844-e7b8e96968ed" testName="EnforceUrlReservation_ConflictingEntryReplacedTest" computerName="DKSR-EFI-04" duration="00:00:00.0012660" startTime="2023-12-22T09:32:51.3498019+01:00" endTime="2023-12-22T09:32:51.3498019+01:00" testType="13cdc9d9-ddb5-4fa4-a97d-d965ccfc6d4b" outcome="Passed" testListId="8c84fa94-04c1-424b-9868-57a2d4851a1d" relativeResultsDirectory="97b076ce-4c79-49cb-a4ba-a3e9f4be5fa7" />
    <UnitTestResult executionId="5385ce4d-ffe9-45cd-907e-ffa3b7f9a5c8" testId="0d118129-696a-1633-b93a-1fd626a94b6d" testName="CreateIPBoundWeakWildcard_IPv6_InvalidPort" computerName="DKSR-EFI-04" duration="00:00:00.0005492" startTime="2023-12-22T09:32:51.1466761+01:00" endTime="2023-12-22T09:32:51.1466761+01:00" testType="13cdc9d9-ddb5-4fa4-a97d-d965ccfc6d4b" outcome="Passed" testListId="8c84fa94-04c1-424b-9868-57a2d4851a1d" relativeResultsDirectory="5385ce4d-ffe9-45cd-907e-ffa3b7f9a5c8" />
    <UnitTestResult executionId="3650552e-2871-446b-958f-f515e7477e7d" testId="ba173d83-84db-ecc2-8652-f1b2ec86e1cd" testName="DisposeConnectionWithActiveTrancount_Fail" computerName="DKSR-EFI-04" duration="00:00:00.0045292" startTime="2023-12-22T09:33:50.8188381+01:00" endTime="2023-12-22T09:33:50.8188381+01:00" testType="13cdc9d9-ddb5-4fa4-a97d-d965ccfc6d4b" outcome="Passed" testListId="8c84fa94-04c1-424b-9868-57a2d4851a1d" relativeResultsDirectory="3650552e-2871-446b-958f-f515e7477e7d" />
    <UnitTestResult executionId="df9afd80-039f-4d0e-ab9b-fdba6f736d55" testId="cdf0e564-ef3e-091a-b0a3-ee049b53ed18" testName="IsValidBase64String_DataDrivenTest (,True)" computerName="DKSR-EFI-04" duration="00:00:00.0005884" startTime="2023-12-22T09:32:51.5060523+01:00" endTime="2023-12-22T09:32:51.6154291+01:00" testType="13cdc9d9-ddb5-4fa4-a97d-d965ccfc6d4b" outcome="Passed" testListId="8c84fa94-04c1-424b-9868-57a2d4851a1d" relativeResultsDirectory="df9afd80-039f-4d0e-ab9b-fdba6f736d55" />
    <UnitTestResult executionId="270ce11e-6966-4980-b116-b454f567bef0" testId="70dcc9dc-c083-81ab-1519-b9d7bec34896" testName="CreateExplicit_WeakWildcardHost" computerName="DKSR-EFI-04" duration="00:00:00.0005323" startTime="2023-12-22T09:32:51.1779256+01:00" endTime="2023-12-22T09:32:51.1779256+01:00" testType="13cdc9d9-ddb5-4fa4-a97d-d965ccfc6d4b" outcome="Passed" testListId="8c84fa94-04c1-424b-9868-57a2d4851a1d" relativeResultsDirectory="270ce11e-6966-4980-b116-b454f567bef0" />
    <UnitTestResult executionId="5a858c95-e8cd-4831-a63b-d7bff4a0286e" testId="0723f267-425a-81f7-9210-a8b891ed5292" testName="BeginCommitTransactionInSql_Success" computerName="DKSR-EFI-04" duration="00:00:00.0048139" startTime="2023-12-22T09:33:50.1157090+01:00" endTime="2023-12-22T09:33:50.1157090+01:00" testType="13cdc9d9-ddb5-4fa4-a97d-d965ccfc6d4b" outcome="Passed" testListId="8c84fa94-04c1-424b-9868-57a2d4851a1d" relativeResultsDirectory="5a858c95-e8cd-4831-a63b-d7bff4a0286e" />
    <UnitTestResult executionId="42a957cd-54b8-438b-8f63-1ea37d2891cc" testId="7203a035-7bbe-0364-9105-54b3de255c94" testName="KilledConnectionReEstablishedWithRetry" computerName="DKSR-EFI-04" duration="00:00:00.4240462" startTime="2023-12-22T09:33:51.3969663+01:00" endTime="2023-12-22T09:33:51.8188442+01:00" testType="13cdc9d9-ddb5-4fa4-a97d-d965ccfc6d4b" outcome="Passed" testListId="8c84fa94-04c1-424b-9868-57a2d4851a1d" relativeResultsDirectory="42a957cd-54b8-438b-8f63-1ea37d2891cc" />
    <UnitTestResult executionId="20d0e585-cdef-4b3c-8872-815b0a2e048d" testId="56ce4334-a225-1470-b86a-1784fac43ca5" testName="DatabaseParametersBaseTest" computerName="DKSR-EFI-04" duration="00:00:00.1044322" startTime="2023-12-22T09:33:45.7406894+01:00" endTime="2023-12-22T09:33:45.8500656+01:00" testType="13cdc9d9-ddb5-4fa4-a97d-d965ccfc6d4b" outcome="Passed" testListId="8c84fa94-04c1-424b-9868-57a2d4851a1d" relativeResultsDirectory="20d0e585-cdef-4b3c-8872-815b0a2e048d" />
    <UnitTestResult executionId="eeb8c0b3-5fc4-488d-baba-f3eaa69142a6" testId="aebc7b24-a53e-b12c-f50e-a352c1f0fd02" testName="Constructor_InitializationCalledTest" computerName="DKSR-EFI-04" duration="00:00:00.0355122" startTime="2023-12-22T09:32:51.1779256+01:00" endTime="2023-12-22T09:32:51.2091777+01:00" testType="13cdc9d9-ddb5-4fa4-a97d-d965ccfc6d4b" outcome="Passed" testListId="8c84fa94-04c1-424b-9868-57a2d4851a1d" relativeResultsDirectory="eeb8c0b3-5fc4-488d-baba-f3eaa69142a6" />
    <UnitTestResult executionId="4444b4ae-6287-4151-b4c9-99ec70b2d256" testId="18d615e6-1fa1-eef4-9b1c-cbc8d21e6b51" testName="Dequeues_ThrowsCancellationException_When_Cancelled" computerName="DKSR-EFI-04" duration="00:00:00.0007026" startTime="2023-12-22T09:34:22.0846200+01:00" endTime="2023-12-22T09:34:22.0846200+01:00" testType="13cdc9d9-ddb5-4fa4-a97d-d965ccfc6d4b" outcome="Passed" testListId="8c84fa94-04c1-424b-9868-57a2d4851a1d" relativeResultsDirectory="4444b4ae-6287-4151-b4c9-99ec70b2d256" />
    <UnitTestResult executionId="ed5b25a5-84b3-48f9-b826-5a856e41e9f9" testId="ef5212b0-4020-30a6-8db2-7922698faddd" testName="DatabaseParametersTest" computerName="DKSR-EFI-04" duration="00:00:00.0174340" startTime="2023-12-22T09:33:45.8500656+01:00" endTime="2023-12-22T09:33:45.8656887+01:00" testType="13cdc9d9-ddb5-4fa4-a97d-d965ccfc6d4b" outcome="Passed" testListId="8c84fa94-04c1-424b-9868-57a2d4851a1d" relativeResultsDirectory="ed5b25a5-84b3-48f9-b826-5a856e41e9f9" />
    <UnitTestResult executionId="461a3660-9ee7-44ae-a5b3-2ce0ffc7f94a" testId="fd765706-fece-85c1-aaf1-a9c0a465fd55" testName="Close_WhenInitialized_Continue" computerName="DKSR-EFI-04" duration="00:00:00.0006024" startTime="2023-12-22T09:32:50.9122997+01:00" endTime="2023-12-22T09:32:50.9122997+01:00" testType="13cdc9d9-ddb5-4fa4-a97d-d965ccfc6d4b" outcome="Passed" testListId="8c84fa94-04c1-424b-9868-57a2d4851a1d" relativeResultsDirectory="461a3660-9ee7-44ae-a5b3-2ce0ffc7f94a" />
    <UnitTestResult executionId="352e6620-b500-4250-ac3c-5133003c9c00" testId="cde7e51e-35ed-100a-a550-358501305bf7" testName="DeleteUrlReservation_Param_SunnyDayTest" computerName="DKSR-EFI-04" duration="00:00:00.0004170" startTime="2023-12-22T09:32:51.3654260+01:00" endTime="2023-12-22T09:32:51.3654260+01:00" testType="13cdc9d9-ddb5-4fa4-a97d-d965ccfc6d4b" outcome="Passed" testListId="8c84fa94-04c1-424b-9868-57a2d4851a1d" relativeResultsDirectory="352e6620-b500-4250-ac3c-5133003c9c00" />
    <UnitTestResult executionId="43a7bb43-7336-4597-b106-582c57537a21" testId="e68e32b3-c415-6e9e-ccdd-8a130a00ba3d" testName="Arguments_ValidArguments_Success" computerName="DKSR-EFI-04" duration="00:00:00.0154118" startTime="2023-12-22T09:34:21.9596185+01:00" endTime="2023-12-22T09:34:21.9752448+01:00" testType="13cdc9d9-ddb5-4fa4-a97d-d965ccfc6d4b" outcome="Passed" testListId="8c84fa94-04c1-424b-9868-57a2d4851a1d" relativeResultsDirectory="43a7bb43-7336-4597-b106-582c57537a21" />
    <UnitTestResult executionId="b3b9576d-47f2-4448-89a9-553bf8dcd0f9" testId="f9365f57-5bb5-37f3-e6d7-f044fc7b06b0" testName="GetAllParametersWithNoParameters" computerName="DKSR-EFI-04" duration="00:00:00.0109546" startTime="2023-12-22T09:33:46.6469448+01:00" endTime="2023-12-22T09:33:46.6469448+01:00" testType="13cdc9d9-ddb5-4fa4-a97d-d965ccfc6d4b" outcome="Passed" testListId="8c84fa94-04c1-424b-9868-57a2d4851a1d" relativeResultsDirectory="b3b9576d-47f2-4448-89a9-553bf8dcd0f9" />
    <UnitTestResult executionId="c040d0f4-3eb1-43c3-bc24-e0710880ca67" testId="d6a5b564-6853-d350-20e1-f686b037eba7" testName="CreateExplicit_NoRelativePathTest" computerName="DKSR-EFI-04" duration="00:00:00.0005309" startTime="2023-12-22T09:32:51.1466761+01:00" endTime="2023-12-22T09:32:51.1466761+01:00" testType="13cdc9d9-ddb5-4fa4-a97d-d965ccfc6d4b" outcome="Passed" testListId="8c84fa94-04c1-424b-9868-57a2d4851a1d" relativeResultsDirectory="c040d0f4-3eb1-43c3-bc24-e0710880ca67" />
    <UnitTestResult executionId="61901071-ab18-42f7-b791-ee98aea4b81f" testId="eb6713ef-6a60-6fef-f5bb-959c27e27fc5" testName="ConstructDatabaseConnectionInfo_CloneForMaster_Success" computerName="DKSR-EFI-04" duration="00:00:00.0015617" startTime="2023-12-22T09:33:50.0219592+01:00" endTime="2023-12-22T09:33:50.0219592+01:00" testType="13cdc9d9-ddb5-4fa4-a97d-d965ccfc6d4b" outcome="Passed" testListId="8c84fa94-04c1-424b-9868-57a2d4851a1d" relativeResultsDirectory="61901071-ab18-42f7-b791-ee98aea4b81f" />
    <UnitTestResult executionId="5ce89702-963d-4adc-83c7-22f5773ecc47" testId="b56af203-658a-be22-0b10-4d4a6d7da24f" testName="CreateWeakWildcard_WithRelativePathTest" computerName="DKSR-EFI-04" duration="00:00:00.0001639" startTime="2023-12-22T09:32:51.0998013+01:00" endTime="2023-12-22T09:32:51.0998013+01:00" testType="13cdc9d9-ddb5-4fa4-a97d-d965ccfc6d4b" outcome="Passed" testListId="8c84fa94-04c1-424b-9868-57a2d4851a1d" relativeResultsDirectory="5ce89702-963d-4adc-83c7-22f5773ecc47" />
    <UnitTestResult executionId="e57b739b-447c-4a9f-a8b5-dad2b4ffd8ae" testId="b74dea82-9668-8988-05d7-33e650060d9c" testName="Construct_RetrievesInvalidConfigurationFromReader_NullValue_Throws_InvalidConnectionStringException" computerName="DKSR-EFI-04" duration="00:00:00.0014396" startTime="2023-12-22T09:34:19.5064821+01:00" endTime="2023-12-22T09:34:19.5064821+01:00" testType="13cdc9d9-ddb5-4fa4-a97d-d965ccfc6d4b" outcome="Passed" testListId="8c84fa94-04c1-424b-9868-57a2d4851a1d" relativeResultsDirectory="e57b739b-447c-4a9f-a8b5-dad2b4ffd8ae" />
    <UnitTestResult executionId="dbc097df-2f37-42a1-abbf-0e788041a6de" testId="f279c340-43e7-4882-4d5a-daf8021a3315" testName="Given_FeaturesAreAvailable_When_EnsureFeaturesAreInstalled_WithFeaturesThatInstallsSuccesfully_Then_EnableFeaturesIsCalledWithExpectedArgumentsAndMethodReturnsInstalled" computerName="DKSR-EFI-04" duration="00:00:00.1138776" startTime="2023-12-22T09:33:30.0843605+01:00" endTime="2023-12-22T09:33:30.2093628+01:00" testType="13cdc9d9-ddb5-4fa4-a97d-d965ccfc6d4b" outcome="Passed" testListId="8c84fa94-04c1-424b-9868-57a2d4851a1d" relativeResultsDirectory="dbc097df-2f37-42a1-abbf-0e788041a6de" />
    <UnitTestResult executionId="2074e407-441d-48ec-9583-3c9d688d6295" testId="c096eabf-b646-5277-57d9-044af92752a5" testName="Decrypt_UsingStoredKey_Success" computerName="DKSR-EFI-04" duration="00:00:00.0190127" startTime="2023-12-22T09:34:20.7252372+01:00" endTime="2023-12-22T09:34:20.7408621+01:00" testType="13cdc9d9-ddb5-4fa4-a97d-d965ccfc6d4b" outcome="Passed" testListId="8c84fa94-04c1-424b-9868-57a2d4851a1d" relativeResultsDirectory="2074e407-441d-48ec-9583-3c9d688d6295" />
    <UnitTestResult executionId="3cff8b08-7358-4b28-aa07-31b0e6446da5" testId="defafc91-1d2c-fc1f-49c6-e12ed3f63e94" testName="Construct_RetrievesInvalidConfigurationFromReader_InvalidConnectionString_Throws_InvalidConnectionStringException" computerName="DKSR-EFI-04" duration="00:00:00.0023894" startTime="2023-12-22T09:34:19.5221069+01:00" endTime="2023-12-22T09:34:19.5377327+01:00" testType="13cdc9d9-ddb5-4fa4-a97d-d965ccfc6d4b" outcome="Passed" testListId="8c84fa94-04c1-424b-9868-57a2d4851a1d" relativeResultsDirectory="3cff8b08-7358-4b28-aa07-31b0e6446da5" />
    <UnitTestResult executionId="a12f5f05-28e5-491c-b1d7-f8ae21c84f84" testId="2f38095a-364c-cd7f-6df7-e42d2ded147a" testName="Get_ParametersAssertRows_Success" computerName="DKSR-EFI-04" duration="00:00:00.0106712" startTime="2023-12-22T09:33:46.0844417+01:00" endTime="2023-12-22T09:33:46.1000642+01:00" testType="13cdc9d9-ddb5-4fa4-a97d-d965ccfc6d4b" outcome="Passed" testListId="8c84fa94-04c1-424b-9868-57a2d4851a1d" relativeResultsDirectory="a12f5f05-28e5-491c-b1d7-f8ae21c84f84" />
    <UnitTestResult executionId="236ecfd9-2fed-4ed2-9476-74cec669ce40" testId="4a5fd1b3-c1a6-22a8-abb5-64a896ca2adb" testName="NullCheckDoesNotThrowWhenObjectIsNotNull" computerName="DKSR-EFI-04" duration="00:00:00.0003427" startTime="2023-12-22T09:32:51.6779291+01:00" endTime="2023-12-22T09:32:51.6779291+01:00" testType="13cdc9d9-ddb5-4fa4-a97d-d965ccfc6d4b" outcome="Passed" testListId="8c84fa94-04c1-424b-9868-57a2d4851a1d" relativeResultsDirectory="236ecfd9-2fed-4ed2-9476-74cec669ce40" />
    <UnitTestResult executionId="52db74c9-8f59-4aea-b50f-80bb6623954f" testId="988ec47a-4955-b6f4-cf14-58297cdb2760" testName="Set_From_Run_Task_Non_Generic" computerName="DKSR-EFI-04" duration="00:00:00.0079450" startTime="2023-12-22T09:32:52.1623048+01:00" endTime="2023-12-22T09:32:52.1779316+01:00" testType="13cdc9d9-ddb5-4fa4-a97d-d965ccfc6d4b" outcome="Passed" testListId="8c84fa94-04c1-424b-9868-57a2d4851a1d" relativeResultsDirectory="52db74c9-8f59-4aea-b50f-80bb6623954f" />
    <UnitTestResult executionId="c5115f5d-58e1-4cba-a679-ba1f3f256196" testId="3aa8ac41-a452-0107-4106-098504c5a167" testName="Close_DoubleInvokeOnlineWorkflow_IsOK" computerName="DKSR-EFI-04" duration="00:00:00.0001997" startTime="2023-12-22T09:33:29.8031125+01:00" endTime="2023-12-22T09:33:29.8031125+01:00" testType="13cdc9d9-ddb5-4fa4-a97d-d965ccfc6d4b" outcome="Passed" testListId="8c84fa94-04c1-424b-9868-57a2d4851a1d" relativeResultsDirectory="c5115f5d-58e1-4cba-a679-ba1f3f256196" />
    <UnitTestResult executionId="0235cf2c-1e27-4523-a696-e644bdd5ab7a" testId="f946c001-2088-2a4c-235b-e55c2bf881df" testName="Parse_InvalidData_InvalidPortTest4" computerName="DKSR-EFI-04" duration="00:00:00.0004583" startTime="2023-12-22T09:32:51.0841764+01:00" endTime="2023-12-22T09:32:51.0841764+01:00" testType="13cdc9d9-ddb5-4fa4-a97d-d965ccfc6d4b" outcome="Passed" testListId="8c84fa94-04c1-424b-9868-57a2d4851a1d" relativeResultsDirectory="0235cf2c-1e27-4523-a696-e644bdd5ab7a" />
    <UnitTestResult executionId="0697ef93-831c-41c4-846c-8fd4f9240b91" testId="93ba48d0-5204-783e-22e2-0e86f00c3f43" testName="CanDisposeConnectionMultipleTimes_Success" computerName="DKSR-EFI-04" duration="00:00:00.0001482" startTime="2023-12-22T09:33:50.0688353+01:00" endTime="2023-12-22T09:33:50.0688353+01:00" testType="13cdc9d9-ddb5-4fa4-a97d-d965ccfc6d4b" outcome="Passed" testListId="8c84fa94-04c1-424b-9868-57a2d4851a1d" relativeResultsDirectory="0697ef93-831c-41c4-846c-8fd4f9240b91" />
    <UnitTestResult executionId="85b81f16-0e1a-4c47-a38a-7abe91d53d4d" testId="1fd80ead-9458-b2f1-f7f8-4f30eeb7cd1a" testName="Parse_StrongWildcard_Http_WithRelativePathTest_NoTrailingSlash" computerName="DKSR-EFI-04" duration="00:00:00.0001572" startTime="2023-12-22T09:32:51.0372990+01:00" endTime="2023-12-22T09:32:51.0372990+01:00" testType="13cdc9d9-ddb5-4fa4-a97d-d965ccfc6d4b" outcome="Passed" testListId="8c84fa94-04c1-424b-9868-57a2d4851a1d" relativeResultsDirectory="85b81f16-0e1a-4c47-a38a-7abe91d53d4d" />
    <UnitTestResult executionId="1ae5b063-9e1a-46df-a04b-b4249ab238b7" testId="3456c2ac-6383-db2f-076e-c42d1018058c" testName="ShowHelp_BeforeInitialize_Exception" computerName="DKSR-EFI-04" duration="00:00:00.0018673" startTime="2023-12-22T09:33:29.8187361+01:00" endTime="2023-12-22T09:33:29.8187361+01:00" testType="13cdc9d9-ddb5-4fa4-a97d-d965ccfc6d4b" outcome="Passed" testListId="8c84fa94-04c1-424b-9868-57a2d4851a1d" relativeResultsDirectory="1ae5b063-9e1a-46df-a04b-b4249ab238b7" />
    <UnitTestResult executionId="3352a875-c42b-4fbf-986d-94cf9aae97a9" testId="377004f2-12bc-34ff-6f42-7950b88a086a" testName="SetText_MoreThan127Characters_CutsText" computerName="DKSR-EFI-04" duration="00:00:00.0003705" startTime="2023-12-22T09:32:50.9904240+01:00" endTime="2023-12-22T09:32:50.9904240+01:00" testType="13cdc9d9-ddb5-4fa4-a97d-d965ccfc6d4b" outcome="Passed" testListId="8c84fa94-04c1-424b-9868-57a2d4851a1d" relativeResultsDirectory="3352a875-c42b-4fbf-986d-94cf9aae97a9" />
    <UnitTestResult executionId="2bc5cea9-73b3-42d3-a1c5-44267513b121" testId="101dcc33-d8d6-50e8-c5f2-d4b11695329f" testName="Write_ShouldNotWriteEmptyBytes_WhenPasswordIsNotEmptyString" computerName="DKSR-EFI-04" duration="00:00:00.0012735" startTime="2023-12-22T09:33:29.5999839+01:00" endTime="2023-12-22T09:33:29.5999839+01:00" testType="13cdc9d9-ddb5-4fa4-a97d-d965ccfc6d4b" outcome="Passed" testListId="8c84fa94-04c1-424b-9868-57a2d4851a1d" relativeResultsDirectory="2bc5cea9-73b3-42d3-a1c5-44267513b121" />
    <UnitTestResult executionId="a6d14469-7de9-4ee8-982b-3b58d0ac24bc" testId="24adbf6a-5db3-0671-76a8-020bd6ad9b9b" testName="HSL_ImproperlyFormattedHslString_ThrowsArgumentNullException" computerName="DKSR-EFI-04" duration="00:00:00.0008815" startTime="2023-12-22T09:34:21.9908681+01:00" endTime="2023-12-22T09:34:21.9908681+01:00" testType="13cdc9d9-ddb5-4fa4-a97d-d965ccfc6d4b" outcome="Passed" testListId="8c84fa94-04c1-424b-9868-57a2d4851a1d" relativeResultsDirectory="a6d14469-7de9-4ee8-982b-3b58d0ac24bc" />
    <UnitTestResult executionId="2580cd39-5837-4450-8997-101c4f4059e0" testId="ca6f0e31-7450-a0ca-4bc4-724a3bf1beb8" testName="CheckSignatureWithWrongKey" computerName="DKSR-EFI-04" duration="00:00:00.0015366" startTime="2023-12-22T09:34:21.9439977+01:00" endTime="2023-12-22T09:34:21.9439977+01:00" testType="13cdc9d9-ddb5-4fa4-a97d-d965ccfc6d4b" outcome="Passed" testListId="8c84fa94-04c1-424b-9868-57a2d4851a1d" relativeResultsDirectory="2580cd39-5837-4450-8997-101c4f4059e0" />
    <UnitTestResult executionId="93d7fd5c-3bfa-424c-975f-83742fd7a348" testId="90f643f5-a90b-25e9-f029-5ed7f28dfb08" testName="Initialize_NullArgs_ArgException" computerName="DKSR-EFI-04" duration="00:00:00.0017728" startTime="2023-12-22T09:33:29.7093595+01:00" endTime="2023-12-22T09:33:29.7249838+01:00" testType="13cdc9d9-ddb5-4fa4-a97d-d965ccfc6d4b" outcome="Passed" testListId="8c84fa94-04c1-424b-9868-57a2d4851a1d" relativeResultsDirectory="93d7fd5c-3bfa-424c-975f-83742fd7a348" />
    <UnitTestResult executionId="cc714a8a-229b-4e19-8f50-cd391e3fc734" testId="393d81cc-45e8-faf1-67a6-0c691df5ec41" testName="Constructor_UrlAclInfo_NullPrefix" computerName="DKSR-EFI-04" duration="00:00:00.0005668" startTime="2023-12-22T09:32:51.4748018+01:00" endTime="2023-12-22T09:32:51.4748018+01:00" testType="13cdc9d9-ddb5-4fa4-a97d-d965ccfc6d4b" outcome="Passed" testListId="8c84fa94-04c1-424b-9868-57a2d4851a1d" relativeResultsDirectory="cc714a8a-229b-4e19-8f50-cd391e3fc734" />
    <UnitTestResult executionId="76c21b48-595f-4c45-9269-987c2988af3a" testId="6167cf0e-2ca8-10aa-73f7-b2bdd77f7e36" testName="EnforceUrlReservation_NoConflictAccessDeniedTest" computerName="DKSR-EFI-04" duration="00:00:00.0009397" startTime="2023-12-22T09:32:51.3654260+01:00" endTime="2023-12-22T09:32:51.3654260+01:00" testType="13cdc9d9-ddb5-4fa4-a97d-d965ccfc6d4b" outcome="Passed" testListId="8c84fa94-04c1-424b-9868-57a2d4851a1d" relativeResultsDirectory="76c21b48-595f-4c45-9269-987c2988af3a" />
    <UnitTestResult executionId="c855ce4c-2d60-4f93-a7ad-6d47a5bb28f6" testId="b26b8179-2692-f99f-57c1-62402983fe30" testName="WhenExecuteNonQueryFailsDatabaseExceptionsAreThrownWithCorrectErrorNumber" computerName="DKSR-EFI-04" duration="00:00:00.0133933" startTime="2023-12-22T09:33:46.8031956+01:00" endTime="2023-12-22T09:33:46.8031956+01:00" testType="13cdc9d9-ddb5-4fa4-a97d-d965ccfc6d4b" outcome="Passed" testListId="8c84fa94-04c1-424b-9868-57a2d4851a1d" relativeResultsDirectory="c855ce4c-2d60-4f93-a7ad-6d47a5bb28f6" />
    <UnitTestResult executionId="2b3cbe5e-635d-4fca-80d4-6ea4b2c9f53a" testId="cd279f50-0712-03f7-c7c8-2a1f84e48d3b" testName="EncryptionFactory_Throws_OnCreateAsymmetricWithPaddingNullCngKeyNotNull" computerName="DKSR-EFI-04" duration="00:00:00.0168811" startTime="2023-12-22T09:34:21.1627406+01:00" endTime="2023-12-22T09:34:21.1783652+01:00" testType="13cdc9d9-ddb5-4fa4-a97d-d965ccfc6d4b" outcome="Passed" testListId="8c84fa94-04c1-424b-9868-57a2d4851a1d" relativeResultsDirectory="2b3cbe5e-635d-4fca-80d4-6ea4b2c9f53a" />
    <UnitTestResult executionId="8c189032-64dd-4935-8eb7-0acf2eb147c2" testId="1ce37233-b5c5-6528-d384-50e5daf3d106" testName="ValidateWebAddress_WithHttps" computerName="DKSR-EFI-04" duration="00:00:00.0001950" startTime="2023-12-22T09:34:19.6627318+01:00" endTime="2023-12-22T09:34:19.6627318+01:00" testType="13cdc9d9-ddb5-4fa4-a97d-d965ccfc6d4b" outcome="Passed" testListId="8c84fa94-04c1-424b-9868-57a2d4851a1d" relativeResultsDirectory="8c189032-64dd-4935-8eb7-0acf2eb147c2" />
    <UnitTestResult executionId="5e1511ea-1a79-4dc6-acd0-22c804b2c632" testId="640f2c79-4967-64e1-22df-3628571d9acc" testName="FormatByteSizeStringTest3" computerName="DKSR-EFI-04" duration="00:00:00.0002378" startTime="2023-12-22T09:32:50.6622988+01:00" endTime="2023-12-22T09:32:50.6779246+01:00" testType="13cdc9d9-ddb5-4fa4-a97d-d965ccfc6d4b" outcome="Passed" testListId="8c84fa94-04c1-424b-9868-57a2d4851a1d" relativeResultsDirectory="5e1511ea-1a79-4dc6-acd0-22c804b2c632" />
    <UnitTestResult executionId="ea3260bd-5578-4c38-bae7-84df6ff160e4" testId="8095e577-3bae-97b2-4ac6-e1de2fd8f54c" testName="NullCheckHasInformationOnObjectTypeAndCallerAndMayHaveOptionalTextAlternativeSyntax" computerName="DKSR-EFI-04" duration="00:00:00.0002701" startTime="2023-12-22T09:32:51.8029292+01:00" endTime="2023-12-22T09:32:51.8029292+01:00" testType="13cdc9d9-ddb5-4fa4-a97d-d965ccfc6d4b" outcome="Passed" testListId="8c84fa94-04c1-424b-9868-57a2d4851a1d" relativeResultsDirectory="ea3260bd-5578-4c38-bae7-84df6ff160e4" />
    <UnitTestResult executionId="8293ad12-0be7-4558-8ee2-10a1a28e136a" testId="eb3e1b48-92a3-4ac3-b537-9b97539fad7b" testName="ConstructDatabaseConnectionInfo_AzureIntegrated_Success" computerName="DKSR-EFI-04" duration="00:00:00.0009624" startTime="2023-12-22T09:33:50.0375856+01:00" endTime="2023-12-22T09:33:50.0375856+01:00" testType="13cdc9d9-ddb5-4fa4-a97d-d965ccfc6d4b" outcome="Passed" testListId="8c84fa94-04c1-424b-9868-57a2d4851a1d" relativeResultsDirectory="8293ad12-0be7-4558-8ee2-10a1a28e136a" />
    <UnitTestResult executionId="32f88070-bf1e-4d19-856a-19efded28ced" testId="42905f99-cf41-34cc-8b30-0be9cf777447" testName="FormatByteSizeStringTest8" computerName="DKSR-EFI-04" duration="00:00:00.0004674" startTime="2023-12-22T09:32:50.6935485+01:00" endTime="2023-12-22T09:32:50.6935485+01:00" testType="13cdc9d9-ddb5-4fa4-a97d-d965ccfc6d4b" outcome="Passed" testListId="8c84fa94-04c1-424b-9868-57a2d4851a1d" relativeResultsDirectory="32f88070-bf1e-4d19-856a-19efded28ced" />
    <UnitTestResult executionId="fdf79f30-99a8-46e9-8020-8b0fcca94f5b" testId="73aa7f18-51a7-6c4f-64a7-0dcd1a4e3e10" testName="DecryptKey_ShouldThrow_PasswordIsWrong" computerName="DKSR-EFI-04" duration="00:00:00.0008592" startTime="2023-12-22T09:33:29.3656084+01:00" endTime="2023-12-22T09:33:29.3656084+01:00" testType="13cdc9d9-ddb5-4fa4-a97d-d965ccfc6d4b" outcome="Passed" testListId="8c84fa94-04c1-424b-9868-57a2d4851a1d" relativeResultsDirectory="fdf79f30-99a8-46e9-8020-8b0fcca94f5b" />
    <UnitTestResult executionId="0a73d141-fe50-4c25-b50d-782a5f3950dc" testId="31d41479-fb61-29de-db02-254504f39eb9" testName="DatabaseCommandCanBeDisposedMultipleTimes_Success" computerName="DKSR-EFI-04" duration="00:00:00.0363438" startTime="2023-12-22T09:33:46.1000642+01:00" endTime="2023-12-22T09:33:46.1313146+01:00" testType="13cdc9d9-ddb5-4fa4-a97d-d965ccfc6d4b" outcome="Passed" testListId="8c84fa94-04c1-424b-9868-57a2d4851a1d" relativeResultsDirectory="0a73d141-fe50-4c25-b50d-782a5f3950dc" />
    <UnitTestResult executionId="63c2703a-e291-4061-9405-4c874897f1cf" testId="7521487b-b800-dc37-e964-083a965c87bf" testName="Construct_InvalidParam_ThreadName_Null_Throws_ArgumentNullException" computerName="DKSR-EFI-04" duration="00:00:00.0005253" startTime="2023-12-22T09:32:51.8185559+01:00" endTime="2023-12-22T09:32:51.8185559+01:00" testType="13cdc9d9-ddb5-4fa4-a97d-d965ccfc6d4b" outcome="Passed" testListId="8c84fa94-04c1-424b-9868-57a2d4851a1d" relativeResultsDirectory="63c2703a-e291-4061-9405-4c874897f1cf" />
    <UnitTestResult executionId="6ec041f6-fb13-4c5b-9279-182e4f47e3da" testId="1f72ae76-a2d4-09ee-f4d8-0ec9ccf3a352" testName="Integration_ReadSslConfigurationsTest" computerName="DKSR-EFI-04" duration="00:00:00.0506688" startTime="2023-12-22T09:32:51.3966771+01:00" endTime="2023-12-22T09:32:51.4435520+01:00" testType="13cdc9d9-ddb5-4fa4-a97d-d965ccfc6d4b" outcome="Passed" testListId="8c84fa94-04c1-424b-9868-57a2d4851a1d" relativeResultsDirectory="6ec041f6-fb13-4c5b-9279-182e4f47e3da" />
    <UnitTestResult executionId="98961808-7fb1-40f5-a7ef-fbf20d792ead" testId="290198e6-9e43-4652-4f5c-0f6d6f1957db" testName="Construct_InvalidParameter_SqlConnectionReader_Null_Throws_ArgumentNullException" computerName="DKSR-EFI-04" duration="00:00:00.0012800" startTime="2023-12-22T09:34:19.5064821+01:00" endTime="2023-12-22T09:34:19.5064821+01:00" testType="13cdc9d9-ddb5-4fa4-a97d-d965ccfc6d4b" outcome="Passed" testListId="8c84fa94-04c1-424b-9868-57a2d4851a1d" relativeResultsDirectory="98961808-7fb1-40f5-a7ef-fbf20d792ead" />
    <UnitTestResult executionId="fb43cd69-0c66-4c57-9860-bdaf569b43b3" testId="cee40b1c-44fd-06f2-8c32-6296e8ff547c" testName="IsValidBase64String_DataDrivenTest (AA==,True)" computerName="DKSR-EFI-04" duration="00:00:00.0000082" startTime="2023-12-22T09:32:51.6154291+01:00" endTime="2023-12-22T09:32:51.6310528+01:00" testType="13cdc9d9-ddb5-4fa4-a97d-d965ccfc6d4b" outcome="Passed" testListId="8c84fa94-04c1-424b-9868-57a2d4851a1d" relativeResultsDirectory="fb43cd69-0c66-4c57-9860-bdaf569b43b3" />
    <UnitTestResult executionId="56aeb64c-f108-4690-92b5-503c63d2e397" testId="9a2ba6b9-2b81-65ba-1e10-ab29f022efa1" testName="EncryptAndDecryptWithAutogeneratedKey" computerName="DKSR-EFI-04" duration="00:00:00.0439771" startTime="2023-12-22T09:34:19.9908589+01:00" endTime="2023-12-22T09:34:20.0533602+01:00" testType="13cdc9d9-ddb5-4fa4-a97d-d965ccfc6d4b" outcome="Passed" testListId="8c84fa94-04c1-424b-9868-57a2d4851a1d" relativeResultsDirectory="56aeb64c-f108-4690-92b5-503c63d2e397">
      <Output>
        <StdOut>Reading config from file: D:\actions-runner\_work\XPCO\XPCO\Common\VideoOS.Utilities\VideoOS.Utilities.UnitTests\bin\Debug\net472\VideoOS.Utilities.UnitTests.dll.config</StdOut>
      </Output>
    </UnitTestResult>
    <UnitTestResult executionId="3eefc7a2-c43f-4adb-96a6-bd662e07ef86" testId="45cf2d7a-2062-ef4f-44da-bfd3ef3112ba" testName="Construct_InvalidParam_ThreadName_EmptyString_Throws_ArgumentNullException" computerName="DKSR-EFI-04" duration="00:00:00.0005722" startTime="2023-12-22T09:32:51.8185559+01:00" endTime="2023-12-22T09:32:51.8185559+01:00" testType="13cdc9d9-ddb5-4fa4-a97d-d965ccfc6d4b" outcome="Passed" testListId="8c84fa94-04c1-424b-9868-57a2d4851a1d" relativeResultsDirectory="3eefc7a2-c43f-4adb-96a6-bd662e07ef86" />
    <UnitTestResult executionId="c3551f5f-2466-4c0a-a0f1-0bc0d0fcb762" testId="a93dea9f-f99b-b0ff-bad2-0f984b2c1fde" testName="SecureFolderWithBuiltinAccountGetsCreatedCorrectlySecondTimeItIsCreatedTheSecondUserGettheRightsAdded" computerName="DKSR-EFI-04" duration="00:00:00.0205552" startTime="2023-12-22T09:32:52.9904350+01:00" endTime="2023-12-22T09:32:53.0060586+01:00" testType="13cdc9d9-ddb5-4fa4-a97d-d965ccfc6d4b" outcome="Passed" testListId="8c84fa94-04c1-424b-9868-57a2d4851a1d" relativeResultsDirectory="c3551f5f-2466-4c0a-a0f1-0bc0d0fcb762" />
    <UnitTestResult executionId="958f26f8-73d8-4514-89a4-3f5733df4f95" testId="19767e6e-03f1-41e4-1677-97c27b4f568c" testName="EncryptStringDataTest" computerName="DKSR-EFI-04" duration="00:00:00.1097102" startTime="2023-12-22T09:34:20.1158606+01:00" endTime="2023-12-22T09:34:20.2252336+01:00" testType="13cdc9d9-ddb5-4fa4-a97d-d965ccfc6d4b" outcome="Passed" testListId="8c84fa94-04c1-424b-9868-57a2d4851a1d" relativeResultsDirectory="958f26f8-73d8-4514-89a4-3f5733df4f95" />
    <UnitTestResult executionId="f2236b64-a1be-40d4-8b2a-ac3547490503" testId="1f464ac7-138a-8fde-bfd4-f47c345bf2dd" testName="Get_Parameter_DatabaseDataReaderIsNull_Success" computerName="DKSR-EFI-04" duration="00:00:00.0008329" startTime="2023-12-22T09:33:46.0219430+01:00" endTime="2023-12-22T09:33:46.0219430+01:00" testType="13cdc9d9-ddb5-4fa4-a97d-d965ccfc6d4b" outcome="Passed" testListId="8c84fa94-04c1-424b-9868-57a2d4851a1d" relativeResultsDirectory="f2236b64-a1be-40d4-8b2a-ac3547490503" />
    <UnitTestResult executionId="7f367564-cec2-42db-b6d6-c68baeb1e7c7" testId="1d83290f-e3ba-c1a3-2d15-65b4e9354ab0" testName="ExecuteScalarInt" computerName="DKSR-EFI-04" duration="00:00:00.0050354" startTime="2023-12-22T09:33:46.1781910+01:00" endTime="2023-12-22T09:33:46.1781910+01:00" testType="13cdc9d9-ddb5-4fa4-a97d-d965ccfc6d4b" outcome="Passed" testListId="8c84fa94-04c1-424b-9868-57a2d4851a1d" relativeResultsDirectory="7f367564-cec2-42db-b6d6-c68baeb1e7c7" />
    <UnitTestResult executionId="331a7cb0-829a-4abc-ab0c-ebdef8120901" testId="d883e8ec-ed15-f934-3d1b-04767121e20e" testName="ComputeHash_ShouldReturnSameHashForSameByteArray" computerName="DKSR-EFI-04" duration="00:00:00.0002318" startTime="2023-12-22T09:34:21.6471165+01:00" endTime="2023-12-22T09:34:21.6471165+01:00" testType="13cdc9d9-ddb5-4fa4-a97d-d965ccfc6d4b" outcome="Passed" testListId="8c84fa94-04c1-424b-9868-57a2d4851a1d" relativeResultsDirectory="331a7cb0-829a-4abc-ab0c-ebdef8120901" />
    <UnitTestResult executionId="23dc9a97-7024-454f-92d3-bc4377bc24f2" testId="435bff6e-aa18-203e-c687-662b93130e0e" testName="GetSqlConnection_ValidPacketSizeSpecified_Success" computerName="DKSR-EFI-04" duration="00:00:00.0009805" startTime="2023-12-22T09:34:19.5846057+01:00" endTime="2023-12-22T09:34:19.5846057+01:00" testType="13cdc9d9-ddb5-4fa4-a97d-d965ccfc6d4b" outcome="Passed" testListId="8c84fa94-04c1-424b-9868-57a2d4851a1d" relativeResultsDirectory="23dc9a97-7024-454f-92d3-bc4377bc24f2" />
    <UnitTestResult executionId="02201e1f-c9cc-4c81-ae84-826dc1cb1d49" testId="93be8a15-d30b-59c3-9baa-ecde9bcf9e7d" testName="SimpleValidSignature" computerName="DKSR-EFI-04" duration="00:00:00.0191638" startTime="2023-12-22T09:34:21.6471165+01:00" endTime="2023-12-22T09:34:21.6627430+01:00" testType="13cdc9d9-ddb5-4fa4-a97d-d965ccfc6d4b" outcome="Passed" testListId="8c84fa94-04c1-424b-9868-57a2d4851a1d" relativeResultsDirectory="02201e1f-c9cc-4c81-ae84-826dc1cb1d49" />
    <UnitTestResult executionId="b9a17bc1-0eef-456a-998e-d1e6e9994bf5" testId="2e97e08c-ca7b-d885-f415-1eab71811422" testName="Init_WhenInitialized_RefuseMessageCorrect" computerName="DKSR-EFI-04" duration="00:00:00.0008182" startTime="2023-12-22T09:32:50.8966749+01:00" endTime="2023-12-22T09:32:50.9122997+01:00" testType="13cdc9d9-ddb5-4fa4-a97d-d965ccfc6d4b" outcome="Passed" testListId="8c84fa94-04c1-424b-9868-57a2d4851a1d" relativeResultsDirectory="b9a17bc1-0eef-456a-998e-d1e6e9994bf5" />
    <UnitTestResult executionId="cce05283-e292-4a84-8bab-b740e61dc754" testId="2f1abd26-fe2d-356b-6e24-a6759c1702e8" testName="PrettifyInlineXmlStringTest1" computerName="DKSR-EFI-04" duration="00:00:00.0261057" startTime="2023-12-22T09:32:50.8185489+01:00" endTime="2023-12-22T09:32:50.8498001+01:00" testType="13cdc9d9-ddb5-4fa4-a97d-d965ccfc6d4b" outcome="Passed" testListId="8c84fa94-04c1-424b-9868-57a2d4851a1d" relativeResultsDirectory="cce05283-e292-4a84-8bab-b740e61dc754" />
    <UnitTestResult executionId="feee26f8-18b3-46da-a395-c02a8e19d9a1" testId="36fe7898-eb5f-712d-8973-bbdeb7d95415" testName="Set_From_Run_Task_Generic" computerName="DKSR-EFI-04" duration="00:00:00.0044497" startTime="2023-12-22T09:32:52.1779316+01:00" endTime="2023-12-22T09:32:52.1779316+01:00" testType="13cdc9d9-ddb5-4fa4-a97d-d965ccfc6d4b" outcome="Passed" testListId="8c84fa94-04c1-424b-9868-57a2d4851a1d" relativeResultsDirectory="feee26f8-18b3-46da-a395-c02a8e19d9a1" />
    <UnitTestResult executionId="1bdcdfc3-9cf4-46fe-848e-e72a9bcaa967" testId="7ee6a8fd-0914-4717-6809-2f2aa589f3cc" testName="IsValidBase64String_DataDrivenTest (A==,False)" computerName="DKSR-EFI-04" duration="00:00:00.0000060" startTime="2023-12-22T09:32:51.6466797+01:00" endTime="2023-12-22T09:32:51.6466797+01:00" testType="13cdc9d9-ddb5-4fa4-a97d-d965ccfc6d4b" outcome="Passed" testListId="8c84fa94-04c1-424b-9868-57a2d4851a1d" relativeResultsDirectory="1bdcdfc3-9cf4-46fe-848e-e72a9bcaa967" />
    <UnitTestResult executionId="7f054e14-b5b8-4d11-b640-7b830a2e14d8" testId="f7b59fbe-5f8c-fa0d-bda8-8b01590f7019" testName="UpdateKey_ShouldThrow_WhenKeyDoesntExist" computerName="DKSR-EFI-04" duration="00:00:01.8969696" startTime="2023-12-22T09:33:16.0842952+01:00" endTime="2023-12-22T09:33:17.9905552+01:00" testType="13cdc9d9-ddb5-4fa4-a97d-d965ccfc6d4b" outcome="Passed" testListId="8c84fa94-04c1-424b-9868-57a2d4851a1d" relativeResultsDirectory="7f054e14-b5b8-4d11-b640-7b830a2e14d8" />
    <UnitTestResult executionId="d282d1b1-dcb2-405e-9fa5-216195327a99" testId="683ef6ce-3b7f-cb97-64d1-7227151e64b1" testName="CreateExplicit_IPv6Host" computerName="DKSR-EFI-04" duration="00:00:00.0005753" startTime="2023-12-22T09:32:51.1623013+01:00" endTime="2023-12-22T09:32:51.1623013+01:00" testType="13cdc9d9-ddb5-4fa4-a97d-d965ccfc6d4b" outcome="Passed" testListId="8c84fa94-04c1-424b-9868-57a2d4851a1d" relativeResultsDirectory="d282d1b1-dcb2-405e-9fa5-216195327a99" />
    <UnitTestResult executionId="08876ba2-8795-40fe-89a5-3c91ecc53b13" testId="8a4e895b-3fab-3c43-fe91-30e3dc726416" testName="Init_WhenInitialized_Refuse" computerName="DKSR-EFI-04" duration="00:00:00.0005648" startTime="2023-12-22T09:32:50.8966749+01:00" endTime="2023-12-22T09:32:50.8966749+01:00" testType="13cdc9d9-ddb5-4fa4-a97d-d965ccfc6d4b" outcome="Passed" testListId="8c84fa94-04c1-424b-9868-57a2d4851a1d" relativeResultsDirectory="08876ba2-8795-40fe-89a5-3c91ecc53b13" />
    <UnitTestResult executionId="9ef75e23-3ed0-404f-8888-42078c7031d0" testId="ac356aac-15fb-54ef-ad39-79e6f940bfad" testName="Initialize_ValidArgsOnline_Success" computerName="DKSR-EFI-04" duration="00:00:00.0001815" startTime="2023-12-22T09:33:29.8031125+01:00" endTime="2023-12-22T09:33:29.8031125+01:00" testType="13cdc9d9-ddb5-4fa4-a97d-d965ccfc6d4b" outcome="Passed" testListId="8c84fa94-04c1-424b-9868-57a2d4851a1d" relativeResultsDirectory="9ef75e23-3ed0-404f-8888-42078c7031d0" />
    <UnitTestResult executionId="7db2b3f2-fbea-4935-acd1-9b8b5564e016" testId="e56368fb-eec8-2178-32fc-f424cf4878e0" testName="Given_AGoodPassword_When_Validating_AnEmptyStringIsReturned" computerName="DKSR-EFI-04" duration="00:00:00.0003241" startTime="2023-12-22T09:32:50.6310494+01:00" endTime="2023-12-22T09:32:50.6310494+01:00" testType="13cdc9d9-ddb5-4fa4-a97d-d965ccfc6d4b" outcome="Passed" testListId="8c84fa94-04c1-424b-9868-57a2d4851a1d" relativeResultsDirectory="7db2b3f2-fbea-4935-acd1-9b8b5564e016" />
    <UnitTestResult executionId="a403e998-a618-4b12-8b8d-03e13a1c6d6c" testId="d5be28e1-6c3d-d460-ac2c-bc69a9e330d2" testName="FormatByteSizeStringExactULTest3" computerName="DKSR-EFI-04" duration="00:00:00.0001429" startTime="2023-12-22T09:32:50.7716749+01:00" endTime="2023-12-22T09:32:50.7716749+01:00" testType="13cdc9d9-ddb5-4fa4-a97d-d965ccfc6d4b" outcome="Passed" testListId="8c84fa94-04c1-424b-9868-57a2d4851a1d" relativeResultsDirectory="a403e998-a618-4b12-8b8d-03e13a1c6d6c" />
    <UnitTestResult executionId="9a7b3243-82f6-4c3b-bfbe-5a2f0adf33ea" testId="6cfd09a2-8ecf-3edd-9765-ba0cb070affa" testName="ExecuteRetryableCanBeCancelled" computerName="DKSR-EFI-04" duration="00:00:00.0010272" startTime="2023-12-22T09:33:51.3969663+01:00" endTime="2023-12-22T09:33:51.3969663+01:00" testType="13cdc9d9-ddb5-4fa4-a97d-d965ccfc6d4b" outcome="Passed" testListId="8c84fa94-04c1-424b-9868-57a2d4851a1d" relativeResultsDirectory="9a7b3243-82f6-4c3b-bfbe-5a2f0adf33ea" />
    <UnitTestResult executionId="16da9101-1721-4567-9d00-fd596c2fd163" testId="e7732954-0ebd-70e8-5548-a626a8593a17" testName="Parse_StrongWildcard_Https_WithRelativePathTest" computerName="DKSR-EFI-04" duration="00:00:00.0001583" startTime="2023-12-22T09:32:51.0529257+01:00" endTime="2023-12-22T09:32:51.0529257+01:00" testType="13cdc9d9-ddb5-4fa4-a97d-d965ccfc6d4b" outcome="Passed" testListId="8c84fa94-04c1-424b-9868-57a2d4851a1d" relativeResultsDirectory="16da9101-1721-4567-9d00-fd596c2fd163" />
    <UnitTestResult executionId="5f119a1f-169e-401c-87b1-5112cdc84536" testId="baa373a9-6d62-5c7c-faff-08d5369c08e0" testName="DatabaseReaderCanBeDisposedMultipleTimes_Success" computerName="DKSR-EFI-04" duration="00:00:00.0046920" startTime="2023-12-22T09:33:46.2719414+01:00" endTime="2023-12-22T09:33:46.2719414+01:00" testType="13cdc9d9-ddb5-4fa4-a97d-d965ccfc6d4b" outcome="Passed" testListId="8c84fa94-04c1-424b-9868-57a2d4851a1d" relativeResultsDirectory="5f119a1f-169e-401c-87b1-5112cdc84536" />
    <UnitTestResult executionId="ad336142-abec-4b32-ad5f-f93ba6821609" testId="84efefe4-2f76-ff05-86d1-84d6784b3574" testName="CreateIPBoundWeakWildcard_IPv4_InvalidPort" computerName="DKSR-EFI-04" duration="00:00:00.0005566" startTime="2023-12-22T09:32:51.0998013+01:00" endTime="2023-12-22T09:32:51.0998013+01:00" testType="13cdc9d9-ddb5-4fa4-a97d-d965ccfc6d4b" outcome="Passed" testListId="8c84fa94-04c1-424b-9868-57a2d4851a1d" relativeResultsDirectory="ad336142-abec-4b32-ad5f-f93ba6821609" />
    <UnitTestResult executionId="c2055caa-35b9-426e-a142-5c4c51f54fe3" testId="82a2d9e3-3271-538d-6079-95f7f4aa07c1" testName="ReadUrlReservationInfo_ExceptionThrownTest" computerName="DKSR-EFI-04" duration="00:00:00.0013616" startTime="2023-12-22T09:32:51.3185519+01:00" endTime="2023-12-22T09:32:51.3185519+01:00" testType="13cdc9d9-ddb5-4fa4-a97d-d965ccfc6d4b" outcome="Passed" testListId="8c84fa94-04c1-424b-9868-57a2d4851a1d" relativeResultsDirectory="c2055caa-35b9-426e-a142-5c4c51f54fe3" />
    <UnitTestResult executionId="bfdca2a7-0316-43a6-b6ec-8364d46454b8" testId="bb2297a8-8bdb-2449-af8c-583927bbd3b1" testName="Init_WhenNotInitialized_Continue" computerName="DKSR-EFI-04" duration="00:00:00.0016408" startTime="2023-12-22T09:32:50.8966749+01:00" endTime="2023-12-22T09:32:50.8966749+01:00" testType="13cdc9d9-ddb5-4fa4-a97d-d965ccfc6d4b" outcome="Passed" testListId="8c84fa94-04c1-424b-9868-57a2d4851a1d" relativeResultsDirectory="bfdca2a7-0316-43a6-b6ec-8364d46454b8" />
    <UnitTestResult executionId="7b939150-c490-45f7-a2fd-33ce54ee30d5" testId="41ab5df0-246c-41ee-1afd-7874e186cabc" testName="DecryptAfterEncrypt_ShouldReturnSameByteArray" computerName="DKSR-EFI-04" duration="00:00:00.0003847" startTime="2023-12-22T09:34:19.9908589+01:00" endTime="2023-12-22T09:34:19.9908589+01:00" testType="13cdc9d9-ddb5-4fa4-a97d-d965ccfc6d4b" outcome="Passed" testListId="8c84fa94-04c1-424b-9868-57a2d4851a1d" relativeResultsDirectory="7b939150-c490-45f7-a2fd-33ce54ee30d5" />
    <UnitTestResult executionId="539a5ae7-4637-4dc2-a0be-f8cb58b8db12" testId="3c8c1315-9de6-614f-2337-929c996bc646" testName="EncryptionFactory_Throws_OnCreateAsymmetricForLicense_WithKeysNullAndBlobNotNull" computerName="DKSR-EFI-04" duration="00:00:00.0010333" startTime="2023-12-22T09:34:21.1939900+01:00" endTime="2023-12-22T09:34:21.1939900+01:00" testType="13cdc9d9-ddb5-4fa4-a97d-d965ccfc6d4b" outcome="Passed" testListId="8c84fa94-04c1-424b-9868-57a2d4851a1d" relativeResultsDirectory="539a5ae7-4637-4dc2-a0be-f8cb58b8db12" />
    <UnitTestResult executionId="224ffb97-c9a5-4ea1-98d2-a7dbd6795bc3" testId="387688a2-0d07-a1d7-85d9-95e5f238d96c" testName="DeletePassword_CorrectlyThrowsIOException_WhenMissingFileOrFolder" computerName="DKSR-EFI-04" duration="00:00:00.0057021" startTime="2023-12-22T09:33:29.4749847+01:00" endTime="2023-12-22T09:33:29.4749847+01:00" testType="13cdc9d9-ddb5-4fa4-a97d-d965ccfc6d4b" outcome="Passed" testListId="8c84fa94-04c1-424b-9868-57a2d4851a1d" relativeResultsDirectory="224ffb97-c9a5-4ea1-98d2-a7dbd6795bc3" />
    <UnitTestResult executionId="17a23751-a5d0-461f-8b4d-b96fb796b4fa" testId="1d9d4c3f-8766-cca4-ae47-524a321d0ee5" testName="FormatTimeSpanStringTest9" computerName="DKSR-EFI-04" duration="00:00:00.0001309" startTime="2023-12-22T09:32:50.6466737+01:00" endTime="2023-12-22T09:32:50.6622988+01:00" testType="13cdc9d9-ddb5-4fa4-a97d-d965ccfc6d4b" outcome="Passed" testListId="8c84fa94-04c1-424b-9868-57a2d4851a1d" relativeResultsDirectory="17a23751-a5d0-461f-8b4d-b96fb796b4fa" />
    <UnitTestResult executionId="88b8bfd0-e2dd-4cc1-a7b9-d2f7300c2077" testId="2433a974-9b7f-7aba-f7bf-8418244f178d" testName="IsValidBase64String_DataDrivenTest (AAA=,True)" computerName="DKSR-EFI-04" duration="00:00:00.0000067" startTime="2023-12-22T09:32:51.6310528+01:00" endTime="2023-12-22T09:32:51.6310528+01:00" testType="13cdc9d9-ddb5-4fa4-a97d-d965ccfc6d4b" outcome="Passed" testListId="8c84fa94-04c1-424b-9868-57a2d4851a1d" relativeResultsDirectory="88b8bfd0-e2dd-4cc1-a7b9-d2f7300c2077" />
    <UnitTestResult executionId="835e5408-a38f-4d5d-b894-1480dde7923e" testId="fa4019b5-9f9e-ede1-e627-09b8a6572dec" testName="ExecuteScalarTest" computerName="DKSR-EFI-04" duration="00:00:00.0056327" startTime="2023-12-22T09:33:45.9750641+01:00" endTime="2023-12-22T09:33:45.9906907+01:00" testType="13cdc9d9-ddb5-4fa4-a97d-d965ccfc6d4b" outcome="Passed" testListId="8c84fa94-04c1-424b-9868-57a2d4851a1d" relativeResultsDirectory="835e5408-a38f-4d5d-b894-1480dde7923e" />
    <UnitTestResult executionId="f2c95a06-d3ed-4bc3-a198-f1959b4bf918" testId="d2da5433-a822-a67e-5ede-9bc2986dc993" testName="IsValidBase64String_DataDrivenTest (    ,False)" computerName="DKSR-EFI-04" duration="00:00:00.0000062" startTime="2023-12-22T09:32:51.6466797+01:00" endTime="2023-12-22T09:32:51.6466797+01:00" testType="13cdc9d9-ddb5-4fa4-a97d-d965ccfc6d4b" outcome="Passed" testListId="8c84fa94-04c1-424b-9868-57a2d4851a1d" relativeResultsDirectory="f2c95a06-d3ed-4bc3-a198-f1959b4bf918" />
    <UnitTestResult executionId="5653e002-308d-4080-83d9-a2b69b667e64" testId="c5f9deb1-ff12-b2cb-3433-80ded536108c" testName="EncryptionFactory_KeyInformationIsTheSame_OnCreateAsymmetricForLicenseInstanceFromCngKey" computerName="DKSR-EFI-04" duration="00:00:00.0186981" startTime="2023-12-22T09:34:21.6158681+01:00" endTime="2023-12-22T09:34:21.6314928+01:00" testType="13cdc9d9-ddb5-4fa4-a97d-d965ccfc6d4b" outcome="Passed" testListId="8c84fa94-04c1-424b-9868-57a2d4851a1d" relativeResultsDirectory="5653e002-308d-4080-83d9-a2b69b667e64" />
    <UnitTestResult executionId="889b0656-3375-481c-b473-dce925322ed4" testId="ce3cd530-f731-79f9-4b1e-7ff7bb1c3901" testName="ThrowWhenOperationsDoNotCleanupTransactions" computerName="DKSR-EFI-04" duration="00:00:00.0254609" startTime="2023-12-22T09:34:19.3971067+01:00" endTime="2023-12-22T09:34:19.4283545+01:00" testType="13cdc9d9-ddb5-4fa4-a97d-d965ccfc6d4b" outcome="Passed" testListId="8c84fa94-04c1-424b-9868-57a2d4851a1d" relativeResultsDirectory="889b0656-3375-481c-b473-dce925322ed4" />
    <UnitTestResult executionId="f24b1e85-7145-4ed6-b593-fa2911881f32" testId="aa220007-2bbf-bd15-3df9-80fcb2d4d50d" testName="DecryptEncryptKey_ShouldWorkWithRoundtrip" computerName="DKSR-EFI-04" duration="00:00:00.1422720" startTime="2023-12-22T09:33:29.1000218+01:00" endTime="2023-12-22T09:33:29.2406076+01:00" testType="13cdc9d9-ddb5-4fa4-a97d-d965ccfc6d4b" outcome="Passed" testListId="8c84fa94-04c1-424b-9868-57a2d4851a1d" relativeResultsDirectory="f24b1e85-7145-4ed6-b593-fa2911881f32" />
    <UnitTestResult executionId="8d9f18b8-aaba-454e-8e1a-c6c5241bfaf6" testId="944c038a-57a1-1f65-69fe-e78708ff0b36" testName="DeleteSslConfiguration_Param_IncorrectPortTest" computerName="DKSR-EFI-04" duration="00:00:00.0008898" startTime="2023-12-22T09:32:51.3966771+01:00" endTime="2023-12-22T09:32:51.3966771+01:00" testType="13cdc9d9-ddb5-4fa4-a97d-d965ccfc6d4b" outcome="Passed" testListId="8c84fa94-04c1-424b-9868-57a2d4851a1d" relativeResultsDirectory="8d9f18b8-aaba-454e-8e1a-c6c5241bfaf6" />
    <UnitTestResult executionId="cde6a5ac-69a2-413b-9c3b-4d161c0c0501" testId="4feb8d88-c51c-c8a7-4097-e675b461b0f8" testName="EncryptionFactory_KeyInformationIsTheSame_OnCreateAsymmetricForLicenseWithKeyInformation" computerName="DKSR-EFI-04" duration="00:00:00.0870612" startTime="2023-12-22T09:34:21.5221171+01:00" endTime="2023-12-22T09:34:21.6158681+01:00" testType="13cdc9d9-ddb5-4fa4-a97d-d965ccfc6d4b" outcome="Passed" testListId="8c84fa94-04c1-424b-9868-57a2d4851a1d" relativeResultsDirectory="cde6a5ac-69a2-413b-9c3b-4d161c0c0501" />
    <UnitTestResult executionId="2e827447-2d3b-4e3e-ba4c-575ed7cef59e" testId="b380cbbf-930f-c228-c7ee-eed99192c386" testName="DecryptAfterEncrypt_ShouldReturnSameStringAsInput_WhenUsingPassword" computerName="DKSR-EFI-04" duration="00:00:00.1271722" startTime="2023-12-22T09:34:19.7408584+01:00" endTime="2023-12-22T09:34:19.8658566+01:00" testType="13cdc9d9-ddb5-4fa4-a97d-d965ccfc6d4b" outcome="Passed" testListId="8c84fa94-04c1-424b-9868-57a2d4851a1d" relativeResultsDirectory="2e827447-2d3b-4e3e-ba4c-575ed7cef59e" />
    <UnitTestResult executionId="2be71d5c-8e5e-47cf-a67b-a399f0bfcd7c" testId="ff838e13-6bab-731d-a74c-6f0fc683652a" testName="EnforceSslConfiguration_ConflictTest" computerName="DKSR-EFI-04" duration="00:00:00.0015037" startTime="2023-12-22T09:32:51.3810521+01:00" endTime="2023-12-22T09:32:51.3810521+01:00" testType="13cdc9d9-ddb5-4fa4-a97d-d965ccfc6d4b" outcome="Passed" testListId="8c84fa94-04c1-424b-9868-57a2d4851a1d" relativeResultsDirectory="2be71d5c-8e5e-47cf-a67b-a399f0bfcd7c" />
    <UnitTestResult executionId="95c8cbfe-eed4-458c-886f-29e976ddceda" testId="b4e125d7-2bd3-2983-df73-e28b2a661990" testName="Constructor_ShouldThrowArgumentNullException_WhenEncryptionProviderIsNull" computerName="DKSR-EFI-04" duration="00:00:00.0090352" startTime="2023-12-22T09:33:29.6156141+01:00" endTime="2023-12-22T09:33:29.6312337+01:00" testType="13cdc9d9-ddb5-4fa4-a97d-d965ccfc6d4b" outcome="Passed" testListId="8c84fa94-04c1-424b-9868-57a2d4851a1d" relativeResultsDirectory="95c8cbfe-eed4-458c-886f-29e976ddceda" />
    <UnitTestResult executionId="ed414d67-f86d-4dc7-ac08-9e81ae6803f0" testId="1080b5ef-a946-c104-f8d8-18a170135d76" testName="SecureFolderWithUserAccountAccessGetsCreatedCorrectlyOnlyAdmin" computerName="DKSR-EFI-04" duration="00:00:00.0013582" startTime="2023-12-22T09:32:53.0529344+01:00" endTime="2023-12-22T09:32:53.0529344+01:00" testType="13cdc9d9-ddb5-4fa4-a97d-d965ccfc6d4b" outcome="Passed" testListId="8c84fa94-04c1-424b-9868-57a2d4851a1d" relativeResultsDirectory="ed414d67-f86d-4dc7-ac08-9e81ae6803f0" />
    <UnitTestResult executionId="90bf8400-f9b6-4298-beb2-62bffe706841" testId="4381a2d3-3c5e-0121-bc24-ad5cb9d3dc12" testName="SimpleMultiOutput" computerName="DKSR-EFI-04" startTime="2023-12-22T09:33:31.7093695+01:00" endTime="2023-12-22T09:33:31.7093695+01:00" testType="13cdc9d9-ddb5-4fa4-a97d-d965ccfc6d4b" outcome="NotExecuted" testListId="8c84fa94-04c1-424b-9868-57a2d4851a1d" relativeResultsDirectory="90bf8400-f9b6-4298-beb2-62bffe706841">
      <Output></Output>
    </UnitTestResult>
    <UnitTestResult executionId="aaba91ac-eb73-41cd-a24e-deccdbb4ae86" testId="a40b1912-becf-686c-2a4b-92647ed0b367" testName="EnforceSslConfiguration_Parameter_NullTest" computerName="DKSR-EFI-04" duration="00:00:00.0020389" startTime="2023-12-22T09:32:51.3810521+01:00" endTime="2023-12-22T09:32:51.3810521+01:00" testType="13cdc9d9-ddb5-4fa4-a97d-d965ccfc6d4b" outcome="Passed" testListId="8c84fa94-04c1-424b-9868-57a2d4851a1d" relativeResultsDirectory="aaba91ac-eb73-41cd-a24e-deccdbb4ae86" />
    <UnitTestResult executionId="c1f11711-0f95-4cca-81a2-b5e9a99cfae1" testId="79bf820c-df88-ce37-9503-568241dfb172" testName="DecryptEncryptKey_ShouldWorkWithRoundtrip_WhenPasswordIsEmpty" computerName="DKSR-EFI-04" duration="00:00:00.1242128" startTime="2023-12-22T09:33:29.2406076+01:00" endTime="2023-12-22T09:33:29.3656084+01:00" testType="13cdc9d9-ddb5-4fa4-a97d-d965ccfc6d4b" outcome="Passed" testListId="8c84fa94-04c1-424b-9868-57a2d4851a1d" relativeResultsDirectory="c1f11711-0f95-4cca-81a2-b5e9a99cfae1" />
    <UnitTestResult executionId="6049934b-4c08-4e4a-b384-6c61e28d28ed" testId="22e18a3c-fbe2-f5a0-ac98-8ca4729414c8" testName="ReadKey_ShouldFetchKey_WhenUsingFreshDatabase" computerName="DKSR-EFI-04" duration="00:00:02.4072724" startTime="2023-12-22T09:32:57.6623315+01:00" endTime="2023-12-22T09:33:00.0685923+01:00" testType="13cdc9d9-ddb5-4fa4-a97d-d965ccfc6d4b" outcome="Passed" testListId="8c84fa94-04c1-424b-9868-57a2d4851a1d" relativeResultsDirectory="6049934b-4c08-4e4a-b384-6c61e28d28ed" />
    <UnitTestResult executionId="8713d8a9-6fca-44e4-86d5-4d0b3392df71" testId="342188ed-743e-2359-1157-dbb857f7fc35" testName="EnforceUrlReservation_Parameter_NullAceTest" computerName="DKSR-EFI-04" duration="00:00:00.0005578" startTime="2023-12-22T09:32:51.3341773+01:00" endTime="2023-12-22T09:32:51.3341773+01:00" testType="13cdc9d9-ddb5-4fa4-a97d-d965ccfc6d4b" outcome="Passed" testListId="8c84fa94-04c1-424b-9868-57a2d4851a1d" relativeResultsDirectory="8713d8a9-6fca-44e4-86d5-4d0b3392df71" />
    <UnitTestResult executionId="6c958f2b-41d4-400c-8ddb-bd9ae7ac7f4c" testId="14ae642a-0b2f-a3b2-dc16-834e9a33ff82" testName="TestIsValidHostNameStrict" computerName="DKSR-EFI-04" duration="00:00:00.0011385" startTime="2023-12-22T09:34:19.6783556+01:00" endTime="2023-12-22T09:34:19.6783556+01:00" testType="13cdc9d9-ddb5-4fa4-a97d-d965ccfc6d4b" outcome="Passed" testListId="8c84fa94-04c1-424b-9868-57a2d4851a1d" relativeResultsDirectory="6c958f2b-41d4-400c-8ddb-bd9ae7ac7f4c" />
    <UnitTestResult executionId="d3f54a4b-1f61-4b59-ae54-0e78548f3682" testId="fddb90a4-c40a-f49b-7c8e-84a4e6d67595" testName="ConstructDatabaseConnectionInfo_UnknownAuth_Failes" computerName="DKSR-EFI-04" duration="00:00:00.0006040" startTime="2023-12-22T09:33:50.0375856+01:00" endTime="2023-12-22T09:33:50.0375856+01:00" testType="13cdc9d9-ddb5-4fa4-a97d-d965ccfc6d4b" outcome="Passed" testListId="8c84fa94-04c1-424b-9868-57a2d4851a1d" relativeResultsDirectory="d3f54a4b-1f61-4b59-ae54-0e78548f3682" />
    <UnitTestResult executionId="6edb4652-fc44-4188-bc65-ecf3583304fb" testId="86ed0180-2a38-091a-3c64-f74dc552c0af" testName="EncryptionFactory_Throws_OnCreateAsymmetricWithPaddingNull" computerName="DKSR-EFI-04" duration="00:00:00.0005918" startTime="2023-12-22T09:34:21.1471145+01:00" endTime="2023-12-22T09:34:21.1471145+01:00" testType="13cdc9d9-ddb5-4fa4-a97d-d965ccfc6d4b" outcome="Passed" testListId="8c84fa94-04c1-424b-9868-57a2d4851a1d" relativeResultsDirectory="6edb4652-fc44-4188-bc65-ecf3583304fb" />
    <UnitTestResult executionId="223dabeb-4eab-4ef8-be23-652d7bf02ff4" testId="71c62b77-613a-694d-4c4b-9ffdef1658cb" testName="Constructor_UrlAclInfo_EmptyPrefix" computerName="DKSR-EFI-04" duration="00:00:00.0005326" startTime="2023-12-22T09:32:51.4748018+01:00" endTime="2023-12-22T09:32:51.4748018+01:00" testType="13cdc9d9-ddb5-4fa4-a97d-d965ccfc6d4b" outcome="Passed" testListId="8c84fa94-04c1-424b-9868-57a2d4851a1d" relativeResultsDirectory="223dabeb-4eab-4ef8-be23-652d7bf02ff4" />
    <UnitTestResult executionId="64e09b06-f5bd-4743-a8cf-d5d07ee6ab22" testId="b4169adf-59df-d06f-8762-a945493d0ad0" testName="Constructor_SqlParameter_Success" computerName="DKSR-EFI-04" duration="00:00:00.0004034" startTime="2023-12-22T09:34:19.4283545+01:00" endTime="2023-12-22T09:34:19.4283545+01:00" testType="13cdc9d9-ddb5-4fa4-a97d-d965ccfc6d4b" outcome="Passed" testListId="8c84fa94-04c1-424b-9868-57a2d4851a1d" relativeResultsDirectory="64e09b06-f5bd-4743-a8cf-d5d07ee6ab22" />
    <UnitTestResult executionId="f4b28c60-bc79-4cb2-b61c-7e66d6225bbf" testId="9369cfde-baf2-3bd8-4bc1-22c69e21e126" testName="CreateIPBoundWeakWildcard_NullHost" computerName="DKSR-EFI-04" duration="00:00:00.0005311" startTime="2023-12-22T09:32:51.1466761+01:00" endTime="2023-12-22T09:32:51.1466761+01:00" testType="13cdc9d9-ddb5-4fa4-a97d-d965ccfc6d4b" outcome="Passed" testListId="8c84fa94-04c1-424b-9868-57a2d4851a1d" relativeResultsDirectory="f4b28c60-bc79-4cb2-b61c-7e66d6225bbf" />
    <UnitTestResult executionId="427a3a87-756a-43f0-bae8-9955e825c859" testId="df564ab0-dfdc-d966-9933-aab49384cecf" testName="FormatByteSizeStringExactTest3" computerName="DKSR-EFI-04" duration="00:00:00.0001875" startTime="2023-12-22T09:32:50.7716749+01:00" endTime="2023-12-22T09:32:50.7716749+01:00" testType="13cdc9d9-ddb5-4fa4-a97d-d965ccfc6d4b" outcome="Passed" testListId="8c84fa94-04c1-424b-9868-57a2d4851a1d" relativeResultsDirectory="427a3a87-756a-43f0-bae8-9955e825c859" />
    <UnitTestResult executionId="7721f2b3-6ba0-4fa1-ae25-8b31741bec36" testId="38d1f746-2b57-c1cd-17c2-0ac269ee0e54" testName="FormatByteSizeStringExactULTest5" computerName="DKSR-EFI-04" duration="00:00:00.0001495" startTime="2023-12-22T09:32:50.7873003+01:00" endTime="2023-12-22T09:32:50.7873003+01:00" testType="13cdc9d9-ddb5-4fa4-a97d-d965ccfc6d4b" outcome="Passed" testListId="8c84fa94-04c1-424b-9868-57a2d4851a1d" relativeResultsDirectory="7721f2b3-6ba0-4fa1-ae25-8b31741bec36" />
    <UnitTestResult executionId="f7445a38-896c-4a25-bf8d-c606e5cb8c65" testId="08489a7b-a612-37ae-e377-5aee70230735" testName="Constructor_NullUrlAclInfo" computerName="DKSR-EFI-04" duration="00:00:00.0005945" startTime="2023-12-22T09:32:51.4591774+01:00" endTime="2023-12-22T09:32:51.4591774+01:00" testType="13cdc9d9-ddb5-4fa4-a97d-d965ccfc6d4b" outcome="Passed" testListId="8c84fa94-04c1-424b-9868-57a2d4851a1d" relativeResultsDirectory="f7445a38-896c-4a25-bf8d-c606e5cb8c65" />
    <UnitTestResult executionId="16c479c8-e678-4c50-9b86-b0d8461c6e38" testId="720dced2-e8a9-630a-c740-35e6bc8220cd" testName="DatabaseExceptionPropsCanbeCalled" computerName="DKSR-EFI-04" duration="00:00:00.0009322" startTime="2023-12-22T09:34:18.0845990+01:00" endTime="2023-12-22T09:34:18.0845990+01:00" testType="13cdc9d9-ddb5-4fa4-a97d-d965ccfc6d4b" outcome="Passed" testListId="8c84fa94-04c1-424b-9868-57a2d4851a1d" relativeResultsDirectory="16c479c8-e678-4c50-9b86-b0d8461c6e38" />
    <UnitTestResult executionId="70cef923-e3ab-4598-953e-3af5c08e9ef1" testId="a84d4932-de7d-529d-e19c-907684e520e8" testName="GetSchemasTest" computerName="DKSR-EFI-04" duration="00:00:00.4173800" startTime="2023-12-22T09:33:50.8344625+01:00" endTime="2023-12-22T09:33:51.2407142+01:00" testType="13cdc9d9-ddb5-4fa4-a97d-d965ccfc6d4b" outcome="Passed" testListId="8c84fa94-04c1-424b-9868-57a2d4851a1d" relativeResultsDirectory="70cef923-e3ab-4598-953e-3af5c08e9ef1" />
    <UnitTestResult executionId="65ef6b51-4d33-46a9-8270-c10ad1ce22cb" testId="a0220a6b-65c5-ac84-e13e-0ee3877b281a" testName="GetContentFromActivatedLicense_InvalidContentType_ThrowsNotSupportedException" computerName="DKSR-EFI-04" duration="00:00:00.0009516" startTime="2023-12-22T09:32:53.6154374+01:00" endTime="2023-12-22T09:32:53.6319345+01:00" testType="13cdc9d9-ddb5-4fa4-a97d-d965ccfc6d4b" outcome="Passed" testListId="8c84fa94-04c1-424b-9868-57a2d4851a1d" relativeResultsDirectory="65ef6b51-4d33-46a9-8270-c10ad1ce22cb" />
    <UnitTestResult executionId="f816a00c-7efc-4f87-800c-514233ac685a" testId="1a5488cc-dc38-b193-c909-41a15addef87" testName="DatabaseConnectionInfoConfigurator_Write_ArgumentException" computerName="DKSR-EFI-04" duration="00:00:00.0176440" startTime="2023-12-22T09:33:49.8657093+01:00" endTime="2023-12-22T09:33:49.8813340+01:00" testType="13cdc9d9-ddb5-4fa4-a97d-d965ccfc6d4b" outcome="Passed" testListId="8c84fa94-04c1-424b-9868-57a2d4851a1d" relativeResultsDirectory="f816a00c-7efc-4f87-800c-514233ac685a" />
    <UnitTestResult executionId="41750889-0885-4019-818c-61e656384b60" testId="edb1f896-d8ff-0800-877d-639c9514c67a" testName="EnforceUrlReservation_ConflictingEntryAccessDeniedTest" computerName="DKSR-EFI-04" duration="00:00:00.0016661" startTime="2023-12-22T09:32:51.3654260+01:00" endTime="2023-12-22T09:32:51.3654260+01:00" testType="13cdc9d9-ddb5-4fa4-a97d-d965ccfc6d4b" outcome="Passed" testListId="8c84fa94-04c1-424b-9868-57a2d4851a1d" relativeResultsDirectory="41750889-0885-4019-818c-61e656384b60" />
    <UnitTestResult executionId="7f648d64-1955-4c63-84a9-4d53c2425b42" testId="f57a2b07-8e8c-9d76-cc0f-8d89bdca0ca4" testName="Parse_InvalidData_NullStringTest" computerName="DKSR-EFI-04" duration="00:00:00.0005525" startTime="2023-12-22T09:32:51.0685507+01:00" endTime="2023-12-22T09:32:51.0685507+01:00" testType="13cdc9d9-ddb5-4fa4-a97d-d965ccfc6d4b" outcome="Passed" testListId="8c84fa94-04c1-424b-9868-57a2d4851a1d" relativeResultsDirectory="7f648d64-1955-4c63-84a9-4d53c2425b42" />
    <UnitTestResult executionId="c7d7da59-ddcb-47c8-a4ed-b3d6f2aae546" testId="4d984853-c57d-8dde-8aa5-0f1125f0ead4" testName="ExecuteReaderTwoRowsAsync" computerName="DKSR-EFI-04" duration="00:00:00.1122810" startTime="2023-12-22T09:33:46.3031918+01:00" endTime="2023-12-22T09:33:46.4281904+01:00" testType="13cdc9d9-ddb5-4fa4-a97d-d965ccfc6d4b" outcome="Passed" testListId="8c84fa94-04c1-424b-9868-57a2d4851a1d" relativeResultsDirectory="c7d7da59-ddcb-47c8-a4ed-b3d6f2aae546" />
    <UnitTestResult executionId="86d545e5-e79f-4383-8594-8bc78ed0c0f4" testId="c915de97-2303-a6b8-fd02-ef6b7a768381" testName="CheckSignatureWithChangedSignature" computerName="DKSR-EFI-04" duration="00:00:00.0014716" startTime="2023-12-22T09:34:21.9439977+01:00" endTime="2023-12-22T09:34:21.9439977+01:00" testType="13cdc9d9-ddb5-4fa4-a97d-d965ccfc6d4b" outcome="Passed" testListId="8c84fa94-04c1-424b-9868-57a2d4851a1d" relativeResultsDirectory="86d545e5-e79f-4383-8594-8bc78ed0c0f4" />
    <UnitTestResult executionId="9ead901c-ef0a-4782-91da-f80f4a020888" testId="efee3d4a-040f-686a-9a0d-7f9cb65b493f" testName="HashingUtilities_CreateHashString_Success" computerName="DKSR-EFI-04" duration="00:00:00.0105808" startTime="2023-12-22T09:34:19.6158566+01:00" endTime="2023-12-22T09:34:19.6314824+01:00" testType="13cdc9d9-ddb5-4fa4-a97d-d965ccfc6d4b" outcome="Passed" testListId="8c84fa94-04c1-424b-9868-57a2d4851a1d" relativeResultsDirectory="9ead901c-ef0a-4782-91da-f80f4a020888" />
    <UnitTestResult executionId="d77b248a-025e-457c-ac5f-6901994d84f9" testId="e359eaed-a427-5117-244f-d80dfabb0e0f" testName="GetContentFromInitialLicenseFile_WrongPattern_ThrowsException" computerName="DKSR-EFI-04" duration="00:00:00.0006884" startTime="2023-12-22T09:32:53.6466883+01:00" endTime="2023-12-22T09:32:53.6466883+01:00" testType="13cdc9d9-ddb5-4fa4-a97d-d965ccfc6d4b" outcome="Passed" testListId="8c84fa94-04c1-424b-9868-57a2d4851a1d" relativeResultsDirectory="d77b248a-025e-457c-ac5f-6901994d84f9" />
    <UnitTestResult executionId="5b8278d0-e3dc-4e7c-8bce-b32a9b1f4818" testId="c2e1c206-872f-bca6-f3cb-5778c02ebb24" testName="Constructor_String_Object_Int_Success" computerName="DKSR-EFI-04" duration="00:00:00.0005087" startTime="2023-12-22T09:34:19.4439806+01:00" endTime="2023-12-22T09:34:19.4439806+01:00" testType="13cdc9d9-ddb5-4fa4-a97d-d965ccfc6d4b" outcome="Passed" testListId="8c84fa94-04c1-424b-9868-57a2d4851a1d" relativeResultsDirectory="5b8278d0-e3dc-4e7c-8bce-b32a9b1f4818" />
    <UnitTestResult executionId="6b7fc549-390d-40e0-a51b-738e55867ae4" testId="3aa9c7c4-1477-1ebf-7e13-c7cd4a09b351" testName="FormatByteSizeStringExactTest6" computerName="DKSR-EFI-04" duration="00:00:00.0001430" startTime="2023-12-22T09:32:50.7873003+01:00" endTime="2023-12-22T09:32:50.7873003+01:00" testType="13cdc9d9-ddb5-4fa4-a97d-d965ccfc6d4b" outcome="Passed" testListId="8c84fa94-04c1-424b-9868-57a2d4851a1d" relativeResultsDirectory="6b7fc549-390d-40e0-a51b-738e55867ae4" />
    <UnitTestResult executionId="4f8886ab-7a14-4da6-ac47-35717ae456bb" testId="5236636f-f101-4387-1048-021f430cdc7d" testName="IsValidBase64String_DataDrivenTest (AAA,False)" computerName="DKSR-EFI-04" duration="00:00:00.0000067" startTime="2023-12-22T09:32:51.6466797+01:00" endTime="2023-12-22T09:32:51.6466797+01:00" testType="13cdc9d9-ddb5-4fa4-a97d-d965ccfc6d4b" outcome="Passed" testListId="8c84fa94-04c1-424b-9868-57a2d4851a1d" relativeResultsDirectory="4f8886ab-7a14-4da6-ac47-35717ae456bb" />
    <UnitTestResult executionId="c3fef31c-53cb-4346-9507-a2660371491c" testId="d7245674-3551-a91c-e5c4-254b0bb05448" testName="DecryptKey_ShouldThrow_WhenWrongPasswordCanDecryptKey" computerName="DKSR-EFI-04" duration="00:00:00.0648794" startTime="2023-12-22T09:33:29.3812330+01:00" endTime="2023-12-22T09:33:29.4437324+01:00" testType="13cdc9d9-ddb5-4fa4-a97d-d965ccfc6d4b" outcome="Passed" testListId="8c84fa94-04c1-424b-9868-57a2d4851a1d" relativeResultsDirectory="c3fef31c-53cb-4346-9507-a2660371491c" />
    <UnitTestResult executionId="d9a01c70-5d0d-4ae6-bd5a-1207bc12479c" testId="44dbb50d-08f2-dffb-ccfd-36bc969d8e29" testName="DatabaseConnectionInfoFromStorage_Constructor_Success" computerName="DKSR-EFI-04" duration="00:00:00.0017608" startTime="2023-12-22T09:33:49.9750854+01:00" endTime="2023-12-22T09:33:49.9750854+01:00" testType="13cdc9d9-ddb5-4fa4-a97d-d965ccfc6d4b" outcome="Passed" testListId="8c84fa94-04c1-424b-9868-57a2d4851a1d" relativeResultsDirectory="d9a01c70-5d0d-4ae6-bd5a-1207bc12479c" />
    <UnitTestResult executionId="ad368e36-8cb8-4309-b87a-3d73c67051cb" testId="7893a160-1d57-7188-9b94-ba36447ad242" testName="CompositeInfoLevel" computerName="DKSR-EFI-04" duration="00:00:00.0006466" startTime="2023-12-22T09:33:44.2250573+01:00" endTime="2023-12-22T09:33:44.2250573+01:00" testType="13cdc9d9-ddb5-4fa4-a97d-d965ccfc6d4b" outcome="Passed" testListId="8c84fa94-04c1-424b-9868-57a2d4851a1d" relativeResultsDirectory="ad368e36-8cb8-4309-b87a-3d73c67051cb" />
    <UnitTestResult executionId="f654a784-855b-429a-a363-cb6c718e5871" testId="47f73a93-11c7-cac7-c7bc-9b90da7449c9" testName="PasswordTwoRequirements" computerName="DKSR-EFI-04" duration="00:00:00.0008215" startTime="2023-12-22T09:32:50.5841732+01:00" endTime="2023-12-22T09:32:50.5841732+01:00" testType="13cdc9d9-ddb5-4fa4-a97d-d965ccfc6d4b" outcome="Passed" testListId="8c84fa94-04c1-424b-9868-57a2d4851a1d" relativeResultsDirectory="f654a784-855b-429a-a363-cb6c718e5871" />
    <UnitTestResult executionId="615b9692-0618-4068-b4b3-4cfd216ea436" testId="954137eb-32e8-18a0-2eda-0a5c3d618562" testName="Parse_IPBoundWeakWildcard_IPv4_Http_WithRelativePathTest" computerName="DKSR-EFI-04" duration="00:00:00.0003511" startTime="2023-12-22T09:32:51.0529257+01:00" endTime="2023-12-22T09:32:51.0529257+01:00" testType="13cdc9d9-ddb5-4fa4-a97d-d965ccfc6d4b" outcome="Passed" testListId="8c84fa94-04c1-424b-9868-57a2d4851a1d" relativeResultsDirectory="615b9692-0618-4068-b4b3-4cfd216ea436" />
    <UnitTestResult executionId="ce27488c-e661-4768-b030-6249c2d2d417" testId="b4b05ce7-4492-0a8c-3b8e-075a53088e13" testName="Constructor_InitializationFailsTest" computerName="DKSR-EFI-04" duration="00:00:00.0036582" startTime="2023-12-22T09:32:51.2091777+01:00" endTime="2023-12-22T09:32:51.2091777+01:00" testType="13cdc9d9-ddb5-4fa4-a97d-d965ccfc6d4b" outcome="Passed" testListId="8c84fa94-04c1-424b-9868-57a2d4851a1d" relativeResultsDirectory="ce27488c-e661-4768-b030-6249c2d2d417" />
    <UnitTestResult executionId="080fd2dc-0ebe-428b-a138-42cd264f75f6" testId="39d84630-3e13-bb2a-de9f-5cd03c05fc3b" testName="FormatTimeSpanStringTest3" computerName="DKSR-EFI-04" duration="00:00:00.0001459" startTime="2023-12-22T09:32:50.6310494+01:00" endTime="2023-12-22T09:32:50.6310494+01:00" testType="13cdc9d9-ddb5-4fa4-a97d-d965ccfc6d4b" outcome="Passed" testListId="8c84fa94-04c1-424b-9868-57a2d4851a1d" relativeResultsDirectory="080fd2dc-0ebe-428b-a138-42cd264f75f6" />
    <UnitTestResult executionId="4481860c-dd85-4dc4-88a6-ad93428f16ce" testId="dfbc86c6-6b0e-dcdb-7acf-622c3bf6a97a" testName="FormatTimeSpanStringTest5" computerName="DKSR-EFI-04" duration="00:00:00.0014037" startTime="2023-12-22T09:32:50.6466737+01:00" endTime="2023-12-22T09:32:50.6466737+01:00" testType="13cdc9d9-ddb5-4fa4-a97d-d965ccfc6d4b" outcome="Passed" testListId="8c84fa94-04c1-424b-9868-57a2d4851a1d" relativeResultsDirectory="4481860c-dd85-4dc4-88a6-ad93428f16ce" />
    <UnitTestResult executionId="bd012a39-489f-46c2-92b8-203a1426a9d6" testId="1ae19ee1-9782-dc80-b0d1-ac9211391811" testName="DecryptAfterEncrypt_ReturnsSameData_OnSameInstance" computerName="DKSR-EFI-04" duration="00:00:00.1809730" startTime="2023-12-22T09:34:20.7564879+01:00" endTime="2023-12-22T09:34:20.9439860+01:00" testType="13cdc9d9-ddb5-4fa4-a97d-d965ccfc6d4b" outcome="Passed" testListId="8c84fa94-04c1-424b-9868-57a2d4851a1d" relativeResultsDirectory="bd012a39-489f-46c2-92b8-203a1426a9d6" />
    <UnitTestResult executionId="2c1ef452-96de-4f7c-bb91-b7aede97d150" testId="1a3838aa-5811-5cf2-c4d4-5954ea5afd82" testName="ShowHelp_OfflineWorkflow__DisplayHtmlHelp_InvokedWithValidUrl" computerName="DKSR-EFI-04" duration="00:00:00.0197978" startTime="2023-12-22T09:33:29.8187361+01:00" endTime="2023-12-22T09:33:29.8343605+01:00" testType="13cdc9d9-ddb5-4fa4-a97d-d965ccfc6d4b" outcome="Passed" testListId="8c84fa94-04c1-424b-9868-57a2d4851a1d" relativeResultsDirectory="2c1ef452-96de-4f7c-bb91-b7aede97d150" />
    <UnitTestResult executionId="01414481-9a7a-4474-a608-98d98c989243" testId="1b538ca9-c94c-0790-db61-f82e581895c1" testName="EncryptionFactory_Throws_OnCreateAsymmetricWithKeysNullPaddingAndBlobNotNull" computerName="DKSR-EFI-04" duration="00:00:00.0006047" startTime="2023-12-22T09:34:21.1783652+01:00" endTime="2023-12-22T09:34:21.1783652+01:00" testType="13cdc9d9-ddb5-4fa4-a97d-d965ccfc6d4b" outcome="Passed" testListId="8c84fa94-04c1-424b-9868-57a2d4851a1d" relativeResultsDirectory="01414481-9a7a-4474-a608-98d98c989243" />
    <UnitTestResult executionId="cb878ab7-d76e-4283-a66c-4c2b14c57005" testId="129fff76-ad58-2c3d-2b6e-d7a98a15da71" testName="EncryptionFactory_Throws_OnCreateAsymmetricWithCngKeyNull" computerName="DKSR-EFI-04" duration="00:00:00.0005691" startTime="2023-12-22T09:34:21.1471145+01:00" endTime="2023-12-22T09:34:21.1471145+01:00" testType="13cdc9d9-ddb5-4fa4-a97d-d965ccfc6d4b" outcome="Passed" testListId="8c84fa94-04c1-424b-9868-57a2d4851a1d" relativeResultsDirectory="cb878ab7-d76e-4283-a66c-4c2b14c57005" />
    <UnitTestResult executionId="e0852d36-ab27-497e-8048-325301ecb199" testId="bbf0e7fd-9e9e-fd45-f5a1-b83e019cbf64" testName="KilledConnectionCannotReEstablishedWithRetryWhenTransactionIsActive" computerName="DKSR-EFI-04" duration="00:00:00.1527487" startTime="2023-12-22T09:34:18.0845990+01:00" endTime="2023-12-22T09:34:18.2408506+01:00" testType="13cdc9d9-ddb5-4fa4-a97d-d965ccfc6d4b" outcome="Passed" testListId="8c84fa94-04c1-424b-9868-57a2d4851a1d" relativeResultsDirectory="e0852d36-ab27-497e-8048-325301ecb199" />
    <UnitTestResult executionId="fffda3d8-7e40-4235-951b-532b3a61adb6" testId="0b368f5b-1c89-ec64-1ec5-dee8061ba3b3" testName="DatabaseConnectionInfoFromStorage_ReadAndSecureConnectionString_Registry_SecurityException" computerName="DKSR-EFI-04" duration="00:00:00.0051296" startTime="2023-12-22T09:33:50.0063335+01:00" endTime="2023-12-22T09:33:50.0063335+01:00" testType="13cdc9d9-ddb5-4fa4-a97d-d965ccfc6d4b" outcome="Passed" testListId="8c84fa94-04c1-424b-9868-57a2d4851a1d" relativeResultsDirectory="fffda3d8-7e40-4235-951b-532b3a61adb6" />
    <UnitTestResult executionId="e2b8a9d8-bfab-4b89-af06-7b5cf01390d1" testId="ed3de6dd-8f36-30c1-6222-3d0da5b20a19" testName="Constructor_ShouldThrow_WhenSecureFolderIsNull" computerName="DKSR-EFI-04" duration="00:00:00.0005366" startTime="2023-12-22T09:33:29.5374837+01:00" endTime="2023-12-22T09:33:29.5374837+01:00" testType="13cdc9d9-ddb5-4fa4-a97d-d965ccfc6d4b" outcome="Passed" testListId="8c84fa94-04c1-424b-9868-57a2d4851a1d" relativeResultsDirectory="e2b8a9d8-bfab-4b89-af06-7b5cf01390d1" />
    <UnitTestResult executionId="571e6777-43d7-45c3-9397-d7b13903f72f" testId="30098cab-a01e-874e-bcf6-ecc840c812f2" testName="IsUpdateNeeded_CalculateAllValues_WhenDifferentEncountered" computerName="DKSR-EFI-04" duration="00:00:00.0007407" startTime="2023-12-22T09:32:50.8810505+01:00" endTime="2023-12-22T09:32:50.8966749+01:00" testType="13cdc9d9-ddb5-4fa4-a97d-d965ccfc6d4b" outcome="Passed" testListId="8c84fa94-04c1-424b-9868-57a2d4851a1d" relativeResultsDirectory="571e6777-43d7-45c3-9397-d7b13903f72f" />
    <UnitTestResult executionId="32c1473e-1916-4dd1-adeb-bea744cc1479" testId="c592003f-86a1-9459-54f2-eb8805c20ad1" testName="Construction_CreateInstanceFromCngKey_InformationIsTheSame_Success" computerName="DKSR-EFI-04" duration="00:00:00.0164150" startTime="2023-12-22T09:34:20.7408621+01:00" endTime="2023-12-22T09:34:20.7564879+01:00" testType="13cdc9d9-ddb5-4fa4-a97d-d965ccfc6d4b" outcome="Passed" testListId="8c84fa94-04c1-424b-9868-57a2d4851a1d" relativeResultsDirectory="32c1473e-1916-4dd1-adeb-bea744cc1479" />
    <UnitTestResult executionId="09da487a-a4c0-49c7-bb85-855bc8279c54" testId="e0eaad24-e7e1-f8e8-5bb5-f3e620df494d" testName="UseImportedConfigurationWithExternalIV" computerName="DKSR-EFI-04" duration="00:00:00.0023038" startTime="2023-12-22T09:34:20.0846109+01:00" endTime="2023-12-22T09:34:20.0846109+01:00" testType="13cdc9d9-ddb5-4fa4-a97d-d965ccfc6d4b" outcome="Passed" testListId="8c84fa94-04c1-424b-9868-57a2d4851a1d" relativeResultsDirectory="09da487a-a4c0-49c7-bb85-855bc8279c54" />
    <UnitTestResult executionId="a2464ed5-775b-48f7-9f52-030df8d3288d" testId="add06bf3-fab0-7e2a-a2d1-570d03c1137c" testName="Constructor_ShouldThrow_WhenAccountNameIsNull" computerName="DKSR-EFI-04" duration="00:00:00.0006570" startTime="2023-12-22T09:33:29.5218575+01:00" endTime="2023-12-22T09:33:29.5374837+01:00" testType="13cdc9d9-ddb5-4fa4-a97d-d965ccfc6d4b" outcome="Passed" testListId="8c84fa94-04c1-424b-9868-57a2d4851a1d" relativeResultsDirectory="a2464ed5-775b-48f7-9f52-030df8d3288d" />
    <UnitTestResult executionId="46cf1896-71a2-4d6d-ab0a-d9ae13f326fc" testId="5a6868e3-15dc-eaff-d9f4-826de8d42491" testName="FormatTimeSpanStringTest8" computerName="DKSR-EFI-04" duration="00:00:00.0001435" startTime="2023-12-22T09:32:50.6466737+01:00" endTime="2023-12-22T09:32:50.6466737+01:00" testType="13cdc9d9-ddb5-4fa4-a97d-d965ccfc6d4b" outcome="Passed" testListId="8c84fa94-04c1-424b-9868-57a2d4851a1d" relativeResultsDirectory="46cf1896-71a2-4d6d-ab0a-d9ae13f326fc" />
    <UnitTestResult executionId="0329f0dc-1de9-4a55-8b16-82cc6d9ea497" testId="88c026e0-bd32-0fd5-126c-0a352afaee03" testName="FormatByteSizeStringExactULTest6" computerName="DKSR-EFI-04" duration="00:00:00.0001530" startTime="2023-12-22T09:32:50.7873003+01:00" endTime="2023-12-22T09:32:50.7873003+01:00" testType="13cdc9d9-ddb5-4fa4-a97d-d965ccfc6d4b" outcome="Passed" testListId="8c84fa94-04c1-424b-9868-57a2d4851a1d" relativeResultsDirectory="0329f0dc-1de9-4a55-8b16-82cc6d9ea497" />
    <UnitTestResult executionId="4ba81d1a-a620-4eed-80af-f7801f6f2af8" testId="4fb4995f-1c2f-c537-7e80-5b61f9c16899" testName="ExecuteQueryTestReaderAsync" computerName="DKSR-EFI-04" duration="00:00:00.0929727" startTime="2023-12-22T09:33:45.6469386+01:00" endTime="2023-12-22T09:33:45.7406894+01:00" testType="13cdc9d9-ddb5-4fa4-a97d-d965ccfc6d4b" outcome="Passed" testListId="8c84fa94-04c1-424b-9868-57a2d4851a1d" relativeResultsDirectory="4ba81d1a-a620-4eed-80af-f7801f6f2af8" />
    <UnitTestResult executionId="314c434e-58fb-4b33-a91c-7f4b1b45219c" testId="5e16b1f2-ff89-9c37-5d87-e7aeeaf637e0" testName="CreateExplicit_EmptyHost" computerName="DKSR-EFI-04" duration="00:00:00.0005302" startTime="2023-12-22T09:32:51.1623013+01:00" endTime="2023-12-22T09:32:51.1623013+01:00" testType="13cdc9d9-ddb5-4fa4-a97d-d965ccfc6d4b" outcome="Passed" testListId="8c84fa94-04c1-424b-9868-57a2d4851a1d" relativeResultsDirectory="314c434e-58fb-4b33-a91c-7f4b1b45219c" />
    <UnitTestResult executionId="312c823f-62d9-4226-b8fe-d935c006234b" testId="487c7291-c30a-e14f-23c4-0aa9f3ead4c2" testName="FormatByteSizeStringExactTest4" computerName="DKSR-EFI-04" duration="00:00:00.0027816" startTime="2023-12-22T09:32:50.7716749+01:00" endTime="2023-12-22T09:32:50.7716749+01:00" testType="13cdc9d9-ddb5-4fa4-a97d-d965ccfc6d4b" outcome="Passed" testListId="8c84fa94-04c1-424b-9868-57a2d4851a1d" relativeResultsDirectory="312c823f-62d9-4226-b8fe-d935c006234b" />
    <UnitTestResult executionId="daaf6c0a-fc68-4504-bba4-b1a94813a005" testId="29199b1a-8dc7-6a91-9c06-a34a15275ea8" testName="IsValidBase64String_DataDrivenTest (V29ya2luZyBoYXJkIGZvciB0aGUgc3RhY2tzIG9mIGNhc2g=,True)" computerName="DKSR-EFI-04" duration="00:00:00.0000070" startTime="2023-12-22T09:32:51.6310528+01:00" endTime="2023-12-22T09:32:51.6310528+01:00" testType="13cdc9d9-ddb5-4fa4-a97d-d965ccfc6d4b" outcome="Passed" testListId="8c84fa94-04c1-424b-9868-57a2d4851a1d" relativeResultsDirectory="daaf6c0a-fc68-4504-bba4-b1a94813a005" />
    <UnitTestResult executionId="51180cb7-7a9e-4868-a975-b67f6a4a1d4a" testId="6f0c4fd5-1396-4a2d-d737-3b757b6cb543" testName="HSL_InvalidH_ThrowsArgumentException" computerName="DKSR-EFI-04" duration="00:00:00.0007915" startTime="2023-12-22T09:34:21.9752448+01:00" endTime="2023-12-22T09:34:21.9752448+01:00" testType="13cdc9d9-ddb5-4fa4-a97d-d965ccfc6d4b" outcome="Passed" testListId="8c84fa94-04c1-424b-9868-57a2d4851a1d" relativeResultsDirectory="51180cb7-7a9e-4868-a975-b67f6a4a1d4a" />
    <UnitTestResult executionId="22fa7444-4066-4a21-8f1e-7a183ec861a8" testId="589436c5-24f1-9b9b-f00c-1639c2701f78" testName="ExecuteNonQueryAsyncTest" computerName="DKSR-EFI-04" duration="00:00:00.0227499" startTime="2023-12-22T09:33:45.9594395+01:00" endTime="2023-12-22T09:33:45.9750641+01:00" testType="13cdc9d9-ddb5-4fa4-a97d-d965ccfc6d4b" outcome="Passed" testListId="8c84fa94-04c1-424b-9868-57a2d4851a1d" relativeResultsDirectory="22fa7444-4066-4a21-8f1e-7a183ec861a8" />
    <UnitTestResult executionId="575c2bc3-7f3a-4feb-9a25-857f84d03f6f" testId="5fb11a48-a905-3463-7164-ec948dab152a" testName="Given_FeaturesAreAvailableThatNeedsRebootWhenInstalled_When_EnsureFeaturesAreInstalled_Then_EnableFeaturesAreCalledWithExpectedArgumentsAndMethodReturnsNeedsReboot" computerName="DKSR-EFI-04" duration="00:00:00.0119027" startTime="2023-12-22T09:33:30.2249885+01:00" endTime="2023-12-22T09:33:30.2406142+01:00" testType="13cdc9d9-ddb5-4fa4-a97d-d965ccfc6d4b" outcome="Passed" testListId="8c84fa94-04c1-424b-9868-57a2d4851a1d" relativeResultsDirectory="575c2bc3-7f3a-4feb-9a25-857f84d03f6f" />
    <UnitTestResult executionId="6f9e6eb9-80a9-4a92-b4ea-fe28a76a4fe1" testId="25d0d593-c917-5b84-83b3-a4ee44dec843" testName="FormatByteSizeStringTest9" computerName="DKSR-EFI-04" duration="00:00:00.0003356" startTime="2023-12-22T09:32:50.6935485+01:00" endTime="2023-12-22T09:32:50.6935485+01:00" testType="13cdc9d9-ddb5-4fa4-a97d-d965ccfc6d4b" outcome="Passed" testListId="8c84fa94-04c1-424b-9868-57a2d4851a1d" relativeResultsDirectory="6f9e6eb9-80a9-4a92-b4ea-fe28a76a4fe1" />
    <UnitTestResult executionId="8aeeb55f-4c80-4736-97d3-d4e4c8e5afc3" testId="134b6de9-b038-4f94-f3f5-719f775f15b7" testName="FormatByteSizeStringExactUlongTest12" computerName="DKSR-EFI-04" duration="00:00:00.0001440" startTime="2023-12-22T09:32:50.8185489+01:00" endTime="2023-12-22T09:32:50.8185489+01:00" testType="13cdc9d9-ddb5-4fa4-a97d-d965ccfc6d4b" outcome="Passed" testListId="8c84fa94-04c1-424b-9868-57a2d4851a1d" relativeResultsDirectory="8aeeb55f-4c80-4736-97d3-d4e4c8e5afc3" />
    <UnitTestResult executionId="8f68ee46-1822-45ea-8efb-b783eaea5b07" testId="dc1305d6-a7c3-72c4-dd11-a29a047e7029" testName="EncodeDecode_WhenDataTypeIncompatible_Exception" computerName="DKSR-EFI-04" duration="00:00:00.0023127" startTime="2023-12-22T09:33:30.0218632+01:00" endTime="2023-12-22T09:33:30.0218632+01:00" testType="13cdc9d9-ddb5-4fa4-a97d-d965ccfc6d4b" outcome="Passed" testListId="8c84fa94-04c1-424b-9868-57a2d4851a1d" relativeResultsDirectory="8f68ee46-1822-45ea-8efb-b783eaea5b07" />
    <UnitTestResult executionId="e7f32a02-4d18-4b7b-8a00-e7af620cf77e" testId="401030be-29d7-eb86-f18e-56652d09e0bd" testName="ShowHelp_OfflineWorkflow__DisplayHtmlHelp_InvokeWithHttpPorts9000Url" computerName="DKSR-EFI-04" duration="00:00:00.0008341" startTime="2023-12-22T09:33:29.8499863+01:00" endTime="2023-12-22T09:33:29.8499863+01:00" testType="13cdc9d9-ddb5-4fa4-a97d-d965ccfc6d4b" outcome="Passed" testListId="8c84fa94-04c1-424b-9868-57a2d4851a1d" relativeResultsDirectory="e7f32a02-4d18-4b7b-8a00-e7af620cf77e" />
    <UnitTestResult executionId="4b0cac46-e8cb-427f-b4a9-c274e7bd0967" testId="3f45bfd3-8a83-50a7-719e-3148e0885f1e" testName="Parse_InvalidData_InvalidPortTest2" computerName="DKSR-EFI-04" duration="00:00:00.0004811" startTime="2023-12-22T09:32:51.0685507+01:00" endTime="2023-12-22T09:32:51.0841764+01:00" testType="13cdc9d9-ddb5-4fa4-a97d-d965ccfc6d4b" outcome="Passed" testListId="8c84fa94-04c1-424b-9868-57a2d4851a1d" relativeResultsDirectory="4b0cac46-e8cb-427f-b4a9-c274e7bd0967" />
    <UnitTestResult executionId="4025c7f8-00f5-4142-8b72-d25ddbab7ac2" testId="fd85e03e-0f3d-0871-554a-94dfeafc096e" testName="CreateSignatureWithPublicKey" computerName="DKSR-EFI-04" duration="00:00:00.0003932" startTime="2023-12-22T09:34:21.9596185+01:00" endTime="2023-12-22T09:34:21.9596185+01:00" testType="13cdc9d9-ddb5-4fa4-a97d-d965ccfc6d4b" outcome="Passed" testListId="8c84fa94-04c1-424b-9868-57a2d4851a1d" relativeResultsDirectory="4025c7f8-00f5-4142-8b72-d25ddbab7ac2" />
    <UnitTestResult executionId="7411fe27-8f2a-4ae5-acd5-b69a8bed467b" testId="66f621bf-d404-fc2d-2e5e-519eb3aca3c8" testName="Dispose_TokenDisposedTest" computerName="DKSR-EFI-04" duration="00:00:00.0006027" startTime="2023-12-22T09:32:51.2560505+01:00" endTime="2023-12-22T09:32:51.2560505+01:00" testType="13cdc9d9-ddb5-4fa4-a97d-d965ccfc6d4b" outcome="Passed" testListId="8c84fa94-04c1-424b-9868-57a2d4851a1d" relativeResultsDirectory="7411fe27-8f2a-4ae5-acd5-b69a8bed467b" />
    <UnitTestResult executionId="05dd52b5-6a63-49fc-ad76-ace1e062b9ff" testId="2b7d3970-312d-bf9b-fc45-5480e81b41d5" testName="EncryptionFactory_Throws_OnCreateAsymmetricForLicense_WithCngKeyNull" computerName="DKSR-EFI-04" duration="00:00:00.0005110" startTime="2023-12-22T09:34:21.1939900+01:00" endTime="2023-12-22T09:34:21.1939900+01:00" testType="13cdc9d9-ddb5-4fa4-a97d-d965ccfc6d4b" outcome="Passed" testListId="8c84fa94-04c1-424b-9868-57a2d4851a1d" relativeResultsDirectory="05dd52b5-6a63-49fc-ad76-ace1e062b9ff" />
    <UnitTestResult executionId="9e636560-5e94-4c4e-843e-0628fe4ee33f" testId="443b9dec-e28d-0ac7-a793-7092f4a9976c" testName="CompositeErrorLevel" computerName="DKSR-EFI-04" duration="00:00:00.0006327" startTime="2023-12-22T09:33:44.2250573+01:00" endTime="2023-12-22T09:33:44.2406814+01:00" testType="13cdc9d9-ddb5-4fa4-a97d-d965ccfc6d4b" outcome="Passed" testListId="8c84fa94-04c1-424b-9868-57a2d4851a1d" relativeResultsDirectory="9e636560-5e94-4c4e-843e-0628fe4ee33f" />
    <UnitTestResult executionId="9b917b9f-bd71-4efe-8ca0-3b685b5f71ce" testId="343615c7-90df-949d-2ce9-b18728ead0ec" testName="GetContentFromActivatedLicenseFile_DecryptLicense_Success" computerName="DKSR-EFI-04" duration="00:00:00.0520833" startTime="2023-12-22T09:32:53.6779363+01:00" endTime="2023-12-22T09:32:53.7404373+01:00" testType="13cdc9d9-ddb5-4fa4-a97d-d965ccfc6d4b" outcome="Passed" testListId="8c84fa94-04c1-424b-9868-57a2d4851a1d" relativeResultsDirectory="9b917b9f-bd71-4efe-8ca0-3b685b5f71ce" />
    <UnitTestResult executionId="6eb8b86d-7b94-40a8-85d0-a228aaf72528" testId="d659df81-c32d-32dd-f460-15af9784ff57" testName="ChangePassword_ShouldNotWritePassword_WhenUpdateKeyFails" computerName="DKSR-EFI-04" duration="00:00:00.0104789" startTime="2023-12-22T09:33:29.6624852+01:00" endTime="2023-12-22T09:33:29.6624852+01:00" testType="13cdc9d9-ddb5-4fa4-a97d-d965ccfc6d4b" outcome="Passed" testListId="8c84fa94-04c1-424b-9868-57a2d4851a1d" relativeResultsDirectory="6eb8b86d-7b94-40a8-85d0-a228aaf72528" />
    <UnitTestResult executionId="bfe5379d-1d03-4a93-ad88-25105b702dde" testId="8b97d570-fb7f-b0b3-b222-24bcdf5045a8" testName="ThrowingNonRetryableExcepionWithinRetryableBlockThrows" computerName="DKSR-EFI-04" duration="00:00:00.0006695" startTime="2023-12-22T09:34:01.5376396+01:00" endTime="2023-12-22T09:34:01.5376396+01:00" testType="13cdc9d9-ddb5-4fa4-a97d-d965ccfc6d4b" outcome="Passed" testListId="8c84fa94-04c1-424b-9868-57a2d4851a1d" relativeResultsDirectory="bfe5379d-1d03-4a93-ad88-25105b702dde" />
    <UnitTestResult executionId="bc9e46c8-2522-4789-96e3-19168da3c663" testId="ab4137bd-77f5-7d0c-b890-770e92c5e540" testName="IsUpdateNeeded_Success" computerName="DKSR-EFI-04" duration="00:00:00.0031047" startTime="2023-12-22T09:32:50.8654237+01:00" endTime="2023-12-22T09:32:50.8654237+01:00" testType="13cdc9d9-ddb5-4fa4-a97d-d965ccfc6d4b" outcome="Passed" testListId="8c84fa94-04c1-424b-9868-57a2d4851a1d" relativeResultsDirectory="bc9e46c8-2522-4789-96e3-19168da3c663" />
    <UnitTestResult executionId="436e9774-c270-44b9-be2b-e5ed762969aa" testId="55527208-ef48-54d9-41fd-271d38adaf49" testName="SecureFolderWithUserAccountReadOnlyAccessGetsCreatedCorrectly" computerName="DKSR-EFI-04" duration="00:00:00.0017657" startTime="2023-12-22T09:32:53.0998086+01:00" endTime="2023-12-22T09:32:53.0998086+01:00" testType="13cdc9d9-ddb5-4fa4-a97d-d965ccfc6d4b" outcome="Passed" testListId="8c84fa94-04c1-424b-9868-57a2d4851a1d" relativeResultsDirectory="436e9774-c270-44b9-be2b-e5ed762969aa" />
    <UnitTestResult executionId="b69ac837-4502-4a73-85f8-ecd242ab1724" testId="a3a86eec-fc7e-0b7c-774b-2ea596e0516f" testName="Constructor_String_SqlDbType_Int_Success" computerName="DKSR-EFI-04" duration="00:00:00.0005605" startTime="2023-12-22T09:34:19.4439806+01:00" endTime="2023-12-22T09:34:19.4439806+01:00" testType="13cdc9d9-ddb5-4fa4-a97d-d965ccfc6d4b" outcome="Passed" testListId="8c84fa94-04c1-424b-9868-57a2d4851a1d" relativeResultsDirectory="b69ac837-4502-4a73-85f8-ecd242ab1724" />
    <UnitTestResult executionId="c349b609-f484-42e9-87d5-aa2009326848" testId="9c8cb3bd-d0b7-5c65-7d6a-ee864f5ff141" testName="ExecuteReaderGetGuid" computerName="DKSR-EFI-04" duration="00:00:00.0054694" startTime="2023-12-22T09:33:46.5375683+01:00" endTime="2023-12-22T09:33:46.5531928+01:00" testType="13cdc9d9-ddb5-4fa4-a97d-d965ccfc6d4b" outcome="Passed" testListId="8c84fa94-04c1-424b-9868-57a2d4851a1d" relativeResultsDirectory="c349b609-f484-42e9-87d5-aa2009326848" />
    <UnitTestResult executionId="eddb53ad-1193-4ef5-be60-c0f2011b44e5" testId="66bb426a-3246-6a32-821e-6501f0f5b7a7" testName="TestValidateAddress_Exceptions" computerName="DKSR-EFI-04" duration="00:00:00.0007061" startTime="2023-12-22T09:34:19.6939830+01:00" endTime="2023-12-22T09:34:19.6939830+01:00" testType="13cdc9d9-ddb5-4fa4-a97d-d965ccfc6d4b" outcome="Passed" testListId="8c84fa94-04c1-424b-9868-57a2d4851a1d" relativeResultsDirectory="eddb53ad-1193-4ef5-be60-c0f2011b44e5" />
    <UnitTestResult executionId="165ed334-a436-4825-b2ca-faa9051ba58b" testId="aa9c40ce-f613-f729-f8f5-0d43cbdfea0e" testName="Construct_WhenDataTypeNotSerializable_Exception" computerName="DKSR-EFI-04" duration="00:00:00.0014381" startTime="2023-12-22T09:33:30.0062383+01:00" endTime="2023-12-22T09:33:30.0062383+01:00" testType="13cdc9d9-ddb5-4fa4-a97d-d965ccfc6d4b" outcome="Passed" testListId="8c84fa94-04c1-424b-9868-57a2d4851a1d" relativeResultsDirectory="165ed334-a436-4825-b2ca-faa9051ba58b" />
    <UnitTestResult executionId="cabf6cf9-98c6-44ff-b142-be71ae3b7950" testId="de2b3727-42bd-f3c1-88ed-aedeb1f59a88" testName="DecryptAfterEncrypt_ShouldReturnSameStringAsInput_WhenUsingBase64AndUsingPassword" computerName="DKSR-EFI-04" duration="00:00:00.1222368" startTime="2023-12-22T09:34:19.8658566+01:00" endTime="2023-12-22T09:34:19.9908589+01:00" testType="13cdc9d9-ddb5-4fa4-a97d-d965ccfc6d4b" outcome="Passed" testListId="8c84fa94-04c1-424b-9868-57a2d4851a1d" relativeResultsDirectory="cabf6cf9-98c6-44ff-b142-be71ae3b7950" />
    <UnitTestResult executionId="11b7fa93-303b-4d9b-ba95-f615319b8bf8" testId="56def5dd-e68b-62be-8395-de8cbb581964" testName="IsUpdateNeeded_CustomComparerWorks" computerName="DKSR-EFI-04" duration="00:00:00.0005665" startTime="2023-12-22T09:32:50.8654237+01:00" endTime="2023-12-22T09:32:50.8654237+01:00" testType="13cdc9d9-ddb5-4fa4-a97d-d965ccfc6d4b" outcome="Passed" testListId="8c84fa94-04c1-424b-9868-57a2d4851a1d" relativeResultsDirectory="11b7fa93-303b-4d9b-ba95-f615319b8bf8" />
    <UnitTestResult executionId="3c7db7c7-4285-4ebf-9f96-3f1e8913c0e0" testId="dff63977-0903-d16e-e458-b0b911e67d40" testName="RunRetryableActionWhileInTransactionLevelGt0Success" computerName="DKSR-EFI-04" duration="00:00:00.0115044" startTime="2023-12-22T09:34:18.3814768+01:00" endTime="2023-12-22T09:34:18.3971019+01:00" testType="13cdc9d9-ddb5-4fa4-a97d-d965ccfc6d4b" outcome="Passed" testListId="8c84fa94-04c1-424b-9868-57a2d4851a1d" relativeResultsDirectory="3c7db7c7-4285-4ebf-9f96-3f1e8913c0e0" />
    <UnitTestResult executionId="5a3b6472-449d-4532-a95b-3f67078a5ee5" testId="9b3f24a1-44c5-9716-97ad-15fff77c7013" testName="DeleteSslConfiguration_Param_NullKeyTest" computerName="DKSR-EFI-04" duration="00:00:00.0008866" startTime="2023-12-22T09:32:51.3810521+01:00" endTime="2023-12-22T09:32:51.3810521+01:00" testType="13cdc9d9-ddb5-4fa4-a97d-d965ccfc6d4b" outcome="Passed" testListId="8c84fa94-04c1-424b-9868-57a2d4851a1d" relativeResultsDirectory="5a3b6472-449d-4532-a95b-3f67078a5ee5" />
    <UnitTestResult executionId="aaf75a8c-d64a-4456-b976-d4c9e293d01a" testId="1f6812f3-4be6-cb99-f24c-d7757f0c6bc6" testName="FileLoggerWithName" computerName="DKSR-EFI-04" duration="00:00:00.2530866" startTime="2023-12-22T09:33:31.1781185+01:00" endTime="2023-12-22T09:33:31.4437441+01:00" testType="13cdc9d9-ddb5-4fa4-a97d-d965ccfc6d4b" outcome="Passed" testListId="8c84fa94-04c1-424b-9868-57a2d4851a1d" relativeResultsDirectory="aaf75a8c-d64a-4456-b976-d4c9e293d01a" />
    <UnitTestResult executionId="1826af68-22df-40bb-a0d3-35479322293f" testId="8bd6f728-bd8c-a59b-29b2-ad423ed63182" testName="CreateExplicit_InvalidPort" computerName="DKSR-EFI-04" duration="00:00:00.0006925" startTime="2023-12-22T09:32:51.1466761+01:00" endTime="2023-12-22T09:32:51.1466761+01:00" testType="13cdc9d9-ddb5-4fa4-a97d-d965ccfc6d4b" outcome="Passed" testListId="8c84fa94-04c1-424b-9868-57a2d4851a1d" relativeResultsDirectory="1826af68-22df-40bb-a0d3-35479322293f" />
    <UnitTestResult executionId="dcc82f39-6f15-4473-88ba-9a879bfc67e1" testId="6afda4e9-9f8c-3237-b982-85b4612c3d18" testName="ParserIntegrationTest" computerName="DKSR-EFI-04" duration="00:00:00.0020081" startTime="2023-12-22T09:32:51.4591774+01:00" endTime="2023-12-22T09:32:51.4591774+01:00" testType="13cdc9d9-ddb5-4fa4-a97d-d965ccfc6d4b" outcome="Passed" testListId="8c84fa94-04c1-424b-9868-57a2d4851a1d" relativeResultsDirectory="dcc82f39-6f15-4473-88ba-9a879bfc67e1" />
    <UnitTestResult executionId="40ef2fd8-e52a-4907-9b33-79736547468a" testId="ed97397d-6e25-ff1f-91ac-7705c9785c03" testName="BulkProcessor_Dispose_Success" computerName="DKSR-EFI-04" duration="00:00:00.0006231" startTime="2023-12-22T09:34:22.2408696+01:00" endTime="2023-12-22T09:34:22.2408696+01:00" testType="13cdc9d9-ddb5-4fa4-a97d-d965ccfc6d4b" outcome="Passed" testListId="8c84fa94-04c1-424b-9868-57a2d4851a1d" relativeResultsDirectory="40ef2fd8-e52a-4907-9b33-79736547468a" />
    <UnitTestResult executionId="09e49fac-6a6a-4070-a473-47451d06129f" testId="26b1b776-9f67-2484-a7a6-868cf6e041be" testName="InvalidPathToSecureFolderResultsInException" computerName="DKSR-EFI-04" duration="00:00:00.0025871" startTime="2023-12-22T09:32:53.0842851+01:00" endTime="2023-12-22T09:32:53.0842851+01:00" testType="13cdc9d9-ddb5-4fa4-a97d-d965ccfc6d4b" outcome="Passed" testListId="8c84fa94-04c1-424b-9868-57a2d4851a1d" relativeResultsDirectory="09e49fac-6a6a-4070-a473-47451d06129f" />
    <UnitTestResult executionId="3215ab59-e232-42f0-ae1e-119f0d4dd70a" testId="087b3dcc-2ad3-d33b-fb5a-cbb55331995d" testName="CreateExplicit_NullHost" computerName="DKSR-EFI-04" duration="00:00:00.0005560" startTime="2023-12-22T09:32:51.1623013+01:00" endTime="2023-12-22T09:32:51.1623013+01:00" testType="13cdc9d9-ddb5-4fa4-a97d-d965ccfc6d4b" outcome="Passed" testListId="8c84fa94-04c1-424b-9868-57a2d4851a1d" relativeResultsDirectory="3215ab59-e232-42f0-ae1e-119f0d4dd70a" />
    <UnitTestResult executionId="979e2904-6ac1-4bf6-b37d-1f84deb32555" testId="35a50abb-dc47-c595-8d19-14a2f7138023" testName="ExecuteReaderWithMultipleParameters" computerName="DKSR-EFI-04" duration="00:00:00.0326029" startTime="2023-12-22T09:33:46.4281904+01:00" endTime="2023-12-22T09:33:46.4594407+01:00" testType="13cdc9d9-ddb5-4fa4-a97d-d965ccfc6d4b" outcome="Passed" testListId="8c84fa94-04c1-424b-9868-57a2d4851a1d" relativeResultsDirectory="979e2904-6ac1-4bf6-b37d-1f84deb32555" />
    <UnitTestResult executionId="ff7f10b3-1ce8-43f5-9ff7-ff8272c090b4" testId="ff700ff8-f06d-2396-a611-610895971f2c" testName="Decode_WhenDataIsNull_Exception" computerName="DKSR-EFI-04" duration="00:00:00.0011393" startTime="2023-12-22T09:33:30.0062383+01:00" endTime="2023-12-22T09:33:30.0062383+01:00" testType="13cdc9d9-ddb5-4fa4-a97d-d965ccfc6d4b" outcome="Passed" testListId="8c84fa94-04c1-424b-9868-57a2d4851a1d" relativeResultsDirectory="ff7f10b3-1ce8-43f5-9ff7-ff8272c090b4" />
    <UnitTestResult executionId="4e260f1e-3d12-483c-8576-c682221b9ad0" testId="feade2f2-c9fd-971a-67c4-c7ca175b076d" testName="ExecuteReaderWithTaskFactory" computerName="DKSR-EFI-04" duration="00:00:00.0210292" startTime="2023-12-22T09:33:46.5063197+01:00" endTime="2023-12-22T09:33:46.5375683+01:00" testType="13cdc9d9-ddb5-4fa4-a97d-d965ccfc6d4b" outcome="Passed" testListId="8c84fa94-04c1-424b-9868-57a2d4851a1d" relativeResultsDirectory="4e260f1e-3d12-483c-8576-c682221b9ad0" />
    <UnitTestResult executionId="e183bb33-5442-4f7d-a989-8d31f8e6beb1" testId="503886e1-b7df-d930-e47b-1deea133524b" testName="GetKeyManagementState_PasswordCanDecryptKey" computerName="DKSR-EFI-04" duration="00:00:00.0042550" startTime="2023-12-22T09:33:29.7093595+01:00" endTime="2023-12-22T09:33:29.7093595+01:00" testType="13cdc9d9-ddb5-4fa4-a97d-d965ccfc6d4b" outcome="Passed" testListId="8c84fa94-04c1-424b-9868-57a2d4851a1d" relativeResultsDirectory="e183bb33-5442-4f7d-a989-8d31f8e6beb1" />
    <UnitTestResult executionId="1cd295ea-7da8-4f98-a834-5311a98187a8" testId="348cb3a9-a2d2-4d6a-46ed-c7bfff61a1e9" testName="Get_Parameters_Success" computerName="DKSR-EFI-04" duration="00:00:00.0368521" startTime="2023-12-22T09:33:46.0219430+01:00" endTime="2023-12-22T09:33:46.0688152+01:00" testType="13cdc9d9-ddb5-4fa4-a97d-d965ccfc6d4b" outcome="Passed" testListId="8c84fa94-04c1-424b-9868-57a2d4851a1d" relativeResultsDirectory="1cd295ea-7da8-4f98-a834-5311a98187a8" />
    <UnitTestResult executionId="a55bbe0c-d3ce-457b-a585-4139fccbd936" testId="519e41a2-1113-39e3-d737-8f8a6f913746" testName="CreateStrongWildcard_InvalidPort" computerName="DKSR-EFI-04" duration="00:00:00.0006352" startTime="2023-12-22T09:32:51.0841764+01:00" endTime="2023-12-22T09:32:51.0841764+01:00" testType="13cdc9d9-ddb5-4fa4-a97d-d965ccfc6d4b" outcome="Passed" testListId="8c84fa94-04c1-424b-9868-57a2d4851a1d" relativeResultsDirectory="a55bbe0c-d3ce-457b-a585-4139fccbd936" />
    <UnitTestResult executionId="4ab04e69-7163-4380-af8e-7aaf1617e689" testId="a69049fb-ce00-7e8c-85a0-3f418c7255b4" testName="Constructor_UrlAclInfo_EmptySddl" computerName="DKSR-EFI-04" duration="00:00:00.0005346" startTime="2023-12-22T09:32:51.4748018+01:00" endTime="2023-12-22T09:32:51.4748018+01:00" testType="13cdc9d9-ddb5-4fa4-a97d-d965ccfc6d4b" outcome="Passed" testListId="8c84fa94-04c1-424b-9868-57a2d4851a1d" relativeResultsDirectory="4ab04e69-7163-4380-af8e-7aaf1617e689" />
    <UnitTestResult executionId="b901519b-887c-4feb-b67d-7aa8440dd445" testId="dbe387cb-3f81-262a-5b42-c9d56349db35" testName="EventServerSqlConnectionStorage_Constructor_RegistryServiceNull_Throws_ArgumentNullException" computerName="DKSR-EFI-04" duration="00:00:00.0006264" startTime="2023-12-22T09:34:19.4596072+01:00" endTime="2023-12-22T09:34:19.4596072+01:00" testType="13cdc9d9-ddb5-4fa4-a97d-d965ccfc6d4b" outcome="Passed" testListId="8c84fa94-04c1-424b-9868-57a2d4851a1d" relativeResultsDirectory="b901519b-887c-4feb-b67d-7aa8440dd445" />
    <UnitTestResult executionId="2bb8d6c6-eb85-4bfb-aad2-56ef9b22391f" testId="46a9610b-f156-f766-715e-a2a222591964" testName="PrettifyInlineXmlStringTest4" computerName="DKSR-EFI-04" duration="00:00:00.0009942" startTime="2023-12-22T09:32:50.8654237+01:00" endTime="2023-12-22T09:32:50.8654237+01:00" testType="13cdc9d9-ddb5-4fa4-a97d-d965ccfc6d4b" outcome="Passed" testListId="8c84fa94-04c1-424b-9868-57a2d4851a1d" relativeResultsDirectory="2bb8d6c6-eb85-4bfb-aad2-56ef9b22391f" />
    <UnitTestResult executionId="9de89342-fb36-4bdd-815a-88981853d657" testId="08e6f33d-3e40-08d5-9977-fd4c7de4b765" testName="Given_TooWeakPassword_When_Validating_AProperErrorMessageIsReturned" computerName="DKSR-EFI-04" duration="00:00:00.0002455" startTime="2023-12-22T09:32:50.6154220+01:00" endTime="2023-12-22T09:32:50.6154220+01:00" testType="13cdc9d9-ddb5-4fa4-a97d-d965ccfc6d4b" outcome="Passed" testListId="8c84fa94-04c1-424b-9868-57a2d4851a1d" relativeResultsDirectory="9de89342-fb36-4bdd-815a-88981853d657" />
    <UnitTestResult executionId="08740c9f-0aae-4b17-af23-c8428b48cafb" testId="0a6d0473-2289-1d30-fa4b-94d229aa7a8b" testName="SignAndVerifyWithPrivateKeyDSA" computerName="DKSR-EFI-04" duration="00:00:00.0543511" startTime="2023-12-22T09:34:21.6939941+01:00" endTime="2023-12-22T09:34:21.7564919+01:00" testType="13cdc9d9-ddb5-4fa4-a97d-d965ccfc6d4b" outcome="Passed" testListId="8c84fa94-04c1-424b-9868-57a2d4851a1d" relativeResultsDirectory="08740c9f-0aae-4b17-af23-c8428b48cafb" />
    <UnitTestResult executionId="eac86745-bac9-404e-bde6-8c9d4bba8591" testId="3ba2e8f2-1068-c6f9-ce46-a2273ba91610" testName="PasswordThreeRequirements" computerName="DKSR-EFI-04" duration="00:00:00.0011061" startTime="2023-12-22T09:32:50.5841732+01:00" endTime="2023-12-22T09:32:50.5841732+01:00" testType="13cdc9d9-ddb5-4fa4-a97d-d965ccfc6d4b" outcome="Passed" testListId="8c84fa94-04c1-424b-9868-57a2d4851a1d" relativeResultsDirectory="eac86745-bac9-404e-bde6-8c9d4bba8591" />
    <UnitTestResult executionId="5101e96a-b4a9-4c0c-8a4a-6ecd2899b9c6" testId="32abfdbf-368d-b1bb-16ce-a913ad32a93c" testName="FormatByteSizeStringExactUlongTest11" computerName="DKSR-EFI-04" duration="00:00:00.0001857" startTime="2023-12-22T09:32:50.8185489+01:00" endTime="2023-12-22T09:32:50.8185489+01:00" testType="13cdc9d9-ddb5-4fa4-a97d-d965ccfc6d4b" outcome="Passed" testListId="8c84fa94-04c1-424b-9868-57a2d4851a1d" relativeResultsDirectory="5101e96a-b4a9-4c0c-8a4a-6ecd2899b9c6" />
    <UnitTestResult executionId="2fcb520b-44aa-4304-bca6-50751a56d247" testId="370b9bf2-7ddb-6ea3-d185-d814bfc92e58" testName="Construct_RetrievesInvalidConfigurationFromReader_InvalidFormat_Throws_InvalidConnectionStringException" computerName="DKSR-EFI-04" duration="00:00:00.0025267" startTime="2023-12-22T09:34:19.5377327+01:00" endTime="2023-12-22T09:34:19.5377327+01:00" testType="13cdc9d9-ddb5-4fa4-a97d-d965ccfc6d4b" outcome="Passed" testListId="8c84fa94-04c1-424b-9868-57a2d4851a1d" relativeResultsDirectory="2fcb520b-44aa-4304-bca6-50751a56d247" />
    <UnitTestResult executionId="fd6407ed-acc7-418d-bba0-43d2ffc5595d" testId="bc9f7a9f-c2f9-662c-88d8-25167e8477ca" testName="ExportImportKeysAndDecrypt" computerName="DKSR-EFI-04" duration="00:00:00.0058266" startTime="2023-12-22T09:34:20.0533602+01:00" endTime="2023-12-22T09:34:20.0689849+01:00" testType="13cdc9d9-ddb5-4fa4-a97d-d965ccfc6d4b" outcome="Passed" testListId="8c84fa94-04c1-424b-9868-57a2d4851a1d" relativeResultsDirectory="fd6407ed-acc7-418d-bba0-43d2ffc5595d" />
    <UnitTestResult executionId="c970f524-0fe9-4aff-9d2f-476b3c42f673" testId="c2a136cd-996a-f572-a51d-a2af9eb8c9d9" testName="CloseConnectionWithActiveDbTransaction_Fail" computerName="DKSR-EFI-04" duration="00:00:00.2243917" startTime="2023-12-22T09:33:50.5844620+01:00" endTime="2023-12-22T09:33:50.8032141+01:00" testType="13cdc9d9-ddb5-4fa4-a97d-d965ccfc6d4b" outcome="Passed" testListId="8c84fa94-04c1-424b-9868-57a2d4851a1d" relativeResultsDirectory="c970f524-0fe9-4aff-9d2f-476b3c42f673" />
    <UnitTestResult executionId="6f819117-1df6-4a70-815c-c6a10719719d" testId="c2de417d-b1d2-eef7-c7a6-ad1c229cf712" testName="WriteTest" computerName="DKSR-EFI-04" duration="00:00:12.4934656" startTime="2023-12-22T09:33:31.7093695+01:00" endTime="2023-12-22T09:33:44.2094311+01:00" testType="13cdc9d9-ddb5-4fa4-a97d-d965ccfc6d4b" outcome="Passed" testListId="8c84fa94-04c1-424b-9868-57a2d4851a1d" relativeResultsDirectory="6f819117-1df6-4a70-815c-c6a10719719d" />
    <UnitTestResult executionId="3d174ea5-1812-4965-8936-4dc5e37a2a4f" testId="1af5b482-b4b6-cb8b-315a-5b596ed32fdf" testName="Constructor_ShouldThrow_WhenFolderPathIsNull" computerName="DKSR-EFI-04" duration="00:00:00.0008732" startTime="2023-12-22T09:33:29.5218575+01:00" endTime="2023-12-22T09:33:29.5218575+01:00" testType="13cdc9d9-ddb5-4fa4-a97d-d965ccfc6d4b" outcome="Passed" testListId="8c84fa94-04c1-424b-9868-57a2d4851a1d" relativeResultsDirectory="3d174ea5-1812-4965-8936-4dc5e37a2a4f" />
    <UnitTestResult executionId="a008ebfa-ebe4-4ad6-94b0-9a889b4303eb" testId="afb9dd82-29f0-cf09-f921-bfceb82c5ba9" testName="CreateWeakWildcard_InvalidPort" computerName="DKSR-EFI-04" duration="00:00:00.0005405" startTime="2023-12-22T09:32:51.0998013+01:00" endTime="2023-12-22T09:32:51.0998013+01:00" testType="13cdc9d9-ddb5-4fa4-a97d-d965ccfc6d4b" outcome="Passed" testListId="8c84fa94-04c1-424b-9868-57a2d4851a1d" relativeResultsDirectory="a008ebfa-ebe4-4ad6-94b0-9a889b4303eb" />
    <UnitTestResult executionId="060e445d-8c79-430f-b7f6-58b4f85238f2" testId="f6e59f5b-ba50-e34c-4086-51e15af6c152" testName="EndpointSupportsSsl_InvalidTimeoutInSeconds_AboveMaximum_Throws_ArgumentException" computerName="DKSR-EFI-04" duration="00:00:00.0005068" startTime="2023-12-22T09:34:19.7252339+01:00" endTime="2023-12-22T09:34:19.7252339+01:00" testType="13cdc9d9-ddb5-4fa4-a97d-d965ccfc6d4b" outcome="Passed" testListId="8c84fa94-04c1-424b-9868-57a2d4851a1d" relativeResultsDirectory="060e445d-8c79-430f-b7f6-58b4f85238f2" />
    <UnitTestResult executionId="4035fb9b-d40a-4ac5-b6fd-10bebffa1ad3" testId="56051ed0-205a-9d34-ae90-d28c4f629459" testName="CheckSignatureWithPrivateKey" computerName="DKSR-EFI-04" duration="00:00:00.0024289" startTime="2023-12-22T09:34:21.9439977+01:00" endTime="2023-12-22T09:34:21.9596185+01:00" testType="13cdc9d9-ddb5-4fa4-a97d-d965ccfc6d4b" outcome="Passed" testListId="8c84fa94-04c1-424b-9868-57a2d4851a1d" relativeResultsDirectory="4035fb9b-d40a-4ac5-b6fd-10bebffa1ad3" />
    <UnitTestResult executionId="9e049162-5755-4926-a428-cdf393612936" testId="8a9e5061-fbd9-c439-e531-668e79a12e2a" testName="ConstructDatabaseConnectionInfo_NullDatabaseName_Throws" computerName="DKSR-EFI-04" duration="00:00:00.0001990" startTime="2023-12-22T09:33:50.0375856+01:00" endTime="2023-12-22T09:33:50.0375856+01:00" testType="13cdc9d9-ddb5-4fa4-a97d-d965ccfc6d4b" outcome="Passed" testListId="8c84fa94-04c1-424b-9868-57a2d4851a1d" relativeResultsDirectory="9e049162-5755-4926-a428-cdf393612936" />
    <UnitTestResult executionId="22a838b8-af05-4eef-89a3-022e0f2ab447" testId="4d95bc9a-0fda-0918-db17-181daa82a179" testName="GetDatabaseName_Success" computerName="DKSR-EFI-04" duration="00:00:00.0009666" startTime="2023-12-22T09:34:19.6158566+01:00" endTime="2023-12-22T09:34:19.6158566+01:00" testType="13cdc9d9-ddb5-4fa4-a97d-d965ccfc6d4b" outcome="Passed" testListId="8c84fa94-04c1-424b-9868-57a2d4851a1d" relativeResultsDirectory="22a838b8-af05-4eef-89a3-022e0f2ab447" />
    <UnitTestResult executionId="c2adfce6-b6b2-4311-ae12-82e20dcab2b1" testId="afbe5b29-1e4e-8f87-1e8c-93886f901956" testName="Parse_StrongWildcard_Http_NoRelativePathTest" computerName="DKSR-EFI-04" duration="00:00:00.0376557" startTime="2023-12-22T09:32:50.9904240+01:00" endTime="2023-12-22T09:32:51.0216750+01:00" testType="13cdc9d9-ddb5-4fa4-a97d-d965ccfc6d4b" outcome="Passed" testListId="8c84fa94-04c1-424b-9868-57a2d4851a1d" relativeResultsDirectory="c2adfce6-b6b2-4311-ae12-82e20dcab2b1" />
    <UnitTestResult executionId="902b2ee2-da6c-4a17-a9c2-b5ab2b2359b1" testId="3ec56139-2f5b-f0af-bf69-a8e82986d9a3" testName="FormatByteSizeStringTest5" computerName="DKSR-EFI-04" duration="00:00:00.0003536" startTime="2023-12-22T09:32:50.6779246+01:00" endTime="2023-12-22T09:32:50.6779246+01:00" testType="13cdc9d9-ddb5-4fa4-a97d-d965ccfc6d4b" outcome="Passed" testListId="8c84fa94-04c1-424b-9868-57a2d4851a1d" relativeResultsDirectory="902b2ee2-da6c-4a17-a9c2-b5ab2b2359b1" />
    <UnitTestResult executionId="15c603d6-bfd3-4afe-9e3a-27efaece9192" testId="8b97a2cc-f29f-d97e-8955-1e5e8dacbc24" testName="Dequeues_Empty_After_Timeout" computerName="DKSR-EFI-04" duration="00:00:00.0544646" startTime="2023-12-22T09:34:22.0221198+01:00" endTime="2023-12-22T09:34:22.0846200+01:00" testType="13cdc9d9-ddb5-4fa4-a97d-d965ccfc6d4b" outcome="Passed" testListId="8c84fa94-04c1-424b-9868-57a2d4851a1d" relativeResultsDirectory="15c603d6-bfd3-4afe-9e3a-27efaece9192" />
    <UnitTestResult executionId="9013028f-14f2-47e7-9a83-5ba98fb1ee98" testId="5807c780-3308-306a-b3ff-0496876717a2" testName="FormatTimeSpanStringTest4" computerName="DKSR-EFI-04" duration="00:00:00.0002605" startTime="2023-12-22T09:32:50.6466737+01:00" endTime="2023-12-22T09:32:50.6466737+01:00" testType="13cdc9d9-ddb5-4fa4-a97d-d965ccfc6d4b" outcome="Passed" testListId="8c84fa94-04c1-424b-9868-57a2d4851a1d" relativeResultsDirectory="9013028f-14f2-47e7-9a83-5ba98fb1ee98" />
    <UnitTestResult executionId="d5685198-32ae-457d-9772-0b26303525f0" testId="35b95933-d90e-cd65-613c-bb2a742279ae" testName="DoLogWarningEntries" computerName="DKSR-EFI-04" duration="00:00:00.3042810" startTime="2023-12-22T09:33:45.2563108+01:00" endTime="2023-12-22T09:33:45.5531886+01:00" testType="13cdc9d9-ddb5-4fa4-a97d-d965ccfc6d4b" outcome="Passed" testListId="8c84fa94-04c1-424b-9868-57a2d4851a1d" relativeResultsDirectory="d5685198-32ae-457d-9772-0b26303525f0" />
    <UnitTestResult executionId="439803ec-d61b-4e1b-b7bb-8134b04cfd34" testId="7270e4a6-d2eb-9ffe-5267-47ea67f29706" testName="Given_FeaturesAreAvailable_When_DisableFeaturesIsCalled_Then_DisableFeatureIsCalledWithExpectedArguments" computerName="DKSR-EFI-04" duration="00:00:00.0095280" startTime="2023-12-22T09:33:30.4124899+01:00" endTime="2023-12-22T09:33:30.4124899+01:00" testType="13cdc9d9-ddb5-4fa4-a97d-d965ccfc6d4b" outcome="Passed" testListId="8c84fa94-04c1-424b-9868-57a2d4851a1d" relativeResultsDirectory="439803ec-d61b-4e1b-b7bb-8134b04cfd34" />
    <UnitTestResult executionId="af0ec5f5-c407-45b5-9658-d4f6a05cde84" testId="f2c20958-f694-3d5b-0c20-5f911891a062" testName="FormatByteSizeStringTest7" computerName="DKSR-EFI-04" duration="00:00:00.0002131" startTime="2023-12-22T09:32:50.6935485+01:00" endTime="2023-12-22T09:32:50.6935485+01:00" testType="13cdc9d9-ddb5-4fa4-a97d-d965ccfc6d4b" outcome="Passed" testListId="8c84fa94-04c1-424b-9868-57a2d4851a1d" relativeResultsDirectory="af0ec5f5-c407-45b5-9658-d4f6a05cde84" />
    <UnitTestResult executionId="33dca1b9-c069-40e5-9652-c0c86577e7d0" testId="283fd4b2-e50d-4660-e957-612a080e8dde" testName="ImportAndExportConfigurationWithoutIV" computerName="DKSR-EFI-04" duration="00:00:00.0045305" startTime="2023-12-22T09:34:20.0689849+01:00" endTime="2023-12-22T09:34:20.0689849+01:00" testType="13cdc9d9-ddb5-4fa4-a97d-d965ccfc6d4b" outcome="Passed" testListId="8c84fa94-04c1-424b-9868-57a2d4851a1d" relativeResultsDirectory="33dca1b9-c069-40e5-9652-c0c86577e7d0" />
    <UnitTestResult executionId="6f8c3acf-0077-497d-8c2b-78dd1f472d4d" testId="c0102209-d31c-5c79-287d-436f6eaba2e9" testName="GetContentFromActivatedLicenseFile_ThrowsException_WhenAsymmetricEncryptionIsNull" computerName="DKSR-EFI-04" duration="00:00:00.0008217" startTime="2023-12-22T09:32:53.6779363+01:00" endTime="2023-12-22T09:32:53.6779363+01:00" testType="13cdc9d9-ddb5-4fa4-a97d-d965ccfc6d4b" outcome="Passed" testListId="8c84fa94-04c1-424b-9868-57a2d4851a1d" relativeResultsDirectory="6f8c3acf-0077-497d-8c2b-78dd1f472d4d" />
    <UnitTestResult executionId="03fb73c2-4db0-4627-9e22-5555856b95a4" testId="aafacad2-e4a0-019b-4e91-5e61b0b05500" testName="GetSqlConnection_AlternativeUsernameAndPasswordSupplied_Success" computerName="DKSR-EFI-04" duration="00:00:00.0009310" startTime="2023-12-22T09:34:19.5689806+01:00" endTime="2023-12-22T09:34:19.5689806+01:00" testType="13cdc9d9-ddb5-4fa4-a97d-d965ccfc6d4b" outcome="Passed" testListId="8c84fa94-04c1-424b-9868-57a2d4851a1d" relativeResultsDirectory="03fb73c2-4db0-4627-9e22-5555856b95a4" />
    <UnitTestResult executionId="04048bf1-9cdf-42c4-a897-33e2cc82f8cb" testId="da18fb30-4655-393f-9988-394ec1e6c1bb" testName="ExecuteScalarWithImplicitlytCreatedParameter" computerName="DKSR-EFI-04" duration="00:00:00.0045468" startTime="2023-12-22T09:33:46.1938137+01:00" endTime="2023-12-22T09:33:46.2094407+01:00" testType="13cdc9d9-ddb5-4fa4-a97d-d965ccfc6d4b" outcome="Passed" testListId="8c84fa94-04c1-424b-9868-57a2d4851a1d" relativeResultsDirectory="04048bf1-9cdf-42c4-a897-33e2cc82f8cb" />
    <UnitTestResult executionId="49823ff1-249d-4da0-99a0-aebe79d57b16" testId="be55453b-a97c-0dcd-7e17-6e35421ce45e" testName="Given_PasswordContainsLocalIllegalPhrase_When_Validating_AProperErrorMessageIsReturned" computerName="DKSR-EFI-04" duration="00:00:00.0003166" startTime="2023-12-22T09:32:50.6154220+01:00" endTime="2023-12-22T09:32:50.6154220+01:00" testType="13cdc9d9-ddb5-4fa4-a97d-d965ccfc6d4b" outcome="Passed" testListId="8c84fa94-04c1-424b-9868-57a2d4851a1d" relativeResultsDirectory="49823ff1-249d-4da0-99a0-aebe79d57b16" />
    <UnitTestResult executionId="43b24ade-b60c-4065-bb04-376c51ed2398" testId="fe054a7c-0d44-5a6f-eb77-0e31b0cd3386" testName="CompositeWarningLevel" computerName="DKSR-EFI-04" duration="00:00:00.0006306" startTime="2023-12-22T09:33:44.2250573+01:00" endTime="2023-12-22T09:33:44.2250573+01:00" testType="13cdc9d9-ddb5-4fa4-a97d-d965ccfc6d4b" outcome="Passed" testListId="8c84fa94-04c1-424b-9868-57a2d4851a1d" relativeResultsDirectory="43b24ade-b60c-4065-bb04-376c51ed2398" />
    <UnitTestResult executionId="ce8f35a8-84d4-44cb-8b02-5c8963b14273" testId="5e3832c7-abea-16d1-6aa8-af2a53c4b602" testName="FormatByteSizeStringTest14" computerName="DKSR-EFI-04" duration="00:00:00.0002088" startTime="2023-12-22T09:32:50.6935485+01:00" endTime="2023-12-22T09:32:50.6935485+01:00" testType="13cdc9d9-ddb5-4fa4-a97d-d965ccfc6d4b" outcome="Passed" testListId="8c84fa94-04c1-424b-9868-57a2d4851a1d" relativeResultsDirectory="ce8f35a8-84d4-44cb-8b02-5c8963b14273" />
    <UnitTestResult executionId="4929b4a1-c293-4de4-a2ec-6395ade7e7f3" testId="27a9f2fd-209f-b60a-fd64-787694905fbb" testName="GenerateKey_NotEqualToDefault" computerName="DKSR-EFI-04" duration="00:00:00.0005530" startTime="2023-12-22T09:34:19.7252339+01:00" endTime="2023-12-22T09:34:19.7252339+01:00" testType="13cdc9d9-ddb5-4fa4-a97d-d965ccfc6d4b" outcome="Passed" testListId="8c84fa94-04c1-424b-9868-57a2d4851a1d" relativeResultsDirectory="4929b4a1-c293-4de4-a2ec-6395ade7e7f3" />
    <UnitTestResult executionId="cf449a8e-15be-468c-a080-c360469c2a49" testId="79fb4624-f3db-c41b-1848-8c3122dc8342" testName="CreateLicenseRequest_CanRetrievePayload" computerName="DKSR-EFI-04" duration="00:00:00.2166496" startTime="2023-12-22T09:32:53.7404373+01:00" endTime="2023-12-22T09:32:53.9591901+01:00" testType="13cdc9d9-ddb5-4fa4-a97d-d965ccfc6d4b" outcome="Passed" testListId="8c84fa94-04c1-424b-9868-57a2d4851a1d" relativeResultsDirectory="cf449a8e-15be-468c-a080-c360469c2a49" />
    <UnitTestResult executionId="b878865a-1d0c-4198-8fe6-2fad38b04114" testId="9b8986c2-1031-9198-5469-7e71a9906561" testName="ConstructDatabaseConnectionInfo_CloneWithChangedDatabaseName_Success" computerName="DKSR-EFI-04" duration="00:00:00.0003002" startTime="2023-12-22T09:33:50.0375856+01:00" endTime="2023-12-22T09:33:50.0375856+01:00" testType="13cdc9d9-ddb5-4fa4-a97d-d965ccfc6d4b" outcome="Passed" testListId="8c84fa94-04c1-424b-9868-57a2d4851a1d" relativeResultsDirectory="b878865a-1d0c-4198-8fe6-2fad38b04114" />
    <UnitTestResult executionId="6bfe84fb-aeac-4bfc-8abb-26cf75a9724c" testId="21700473-52eb-1d18-2c33-06ebe5005119" testName="Constructor_UrlAclInfo_NullSddl" computerName="DKSR-EFI-04" duration="00:00:00.0005182" startTime="2023-12-22T09:32:51.4748018+01:00" endTime="2023-12-22T09:32:51.4748018+01:00" testType="13cdc9d9-ddb5-4fa4-a97d-d965ccfc6d4b" outcome="Passed" testListId="8c84fa94-04c1-424b-9868-57a2d4851a1d" relativeResultsDirectory="6bfe84fb-aeac-4bfc-8abb-26cf75a9724c" />
    <UnitTestResult executionId="648d613d-8b82-46ad-9abc-b9d28010b810" testId="9386d01f-8187-3c06-c9bc-5b2f08b810ad" testName="StartWritingSession_ShouldReturn_IFileWritingSession" computerName="DKSR-EFI-04" duration="00:00:00.0098021" startTime="2023-12-22T09:33:29.4593577+01:00" endTime="2023-12-22T09:33:29.4749847+01:00" testType="13cdc9d9-ddb5-4fa4-a97d-d965ccfc6d4b" outcome="Passed" testListId="8c84fa94-04c1-424b-9868-57a2d4851a1d" relativeResultsDirectory="648d613d-8b82-46ad-9abc-b9d28010b810" />
    <UnitTestResult executionId="2a573ffe-db09-441b-9100-5356b2477fd0" testId="25485208-776a-1dd8-a7a5-59f6826241a1" testName="FormatByteSizeStringExactULTest10" computerName="DKSR-EFI-04" duration="00:00:00.0001393" startTime="2023-12-22T09:32:50.8029252+01:00" endTime="2023-12-22T09:32:50.8185489+01:00" testType="13cdc9d9-ddb5-4fa4-a97d-d965ccfc6d4b" outcome="Passed" testListId="8c84fa94-04c1-424b-9868-57a2d4851a1d" relativeResultsDirectory="2a573ffe-db09-441b-9100-5356b2477fd0" />
    <UnitTestResult executionId="c2dbc0d5-f535-44db-a7e1-452acfb5d0c6" testId="bd94d8bc-ab63-7767-a91c-935732aae600" testName="FormatByteSizeStringExactTest1" computerName="DKSR-EFI-04" duration="00:00:00.0004313" startTime="2023-12-22T09:32:50.7560519+01:00" endTime="2023-12-22T09:32:50.7560519+01:00" testType="13cdc9d9-ddb5-4fa4-a97d-d965ccfc6d4b" outcome="Passed" testListId="8c84fa94-04c1-424b-9868-57a2d4851a1d" relativeResultsDirectory="c2dbc0d5-f535-44db-a7e1-452acfb5d0c6" />
    <UnitTestResult executionId="3ca01d83-3076-4fd0-82df-3374d6536e3a" testId="a6aacb08-b512-a0f5-8fbe-c7d635843ad5" testName="BeginEndTransaction_Success" computerName="DKSR-EFI-04" duration="00:00:00.0280179" startTime="2023-12-22T09:33:50.0844583+01:00" endTime="2023-12-22T09:33:50.1157090+01:00" testType="13cdc9d9-ddb5-4fa4-a97d-d965ccfc6d4b" outcome="Passed" testListId="8c84fa94-04c1-424b-9868-57a2d4851a1d" relativeResultsDirectory="3ca01d83-3076-4fd0-82df-3374d6536e3a" />
    <UnitTestResult executionId="0f3c3cc6-d07b-4e53-b767-81c222241166" testId="c8b65bc1-31fc-e839-1b8f-c9084a99b790" testName="CommandTimeout_IncreaseDefaultTimeout_Success" computerName="DKSR-EFI-04" duration="00:00:01.0191649" startTime="2023-12-22T09:33:46.8188178+01:00" endTime="2023-12-22T09:33:47.8344491+01:00" testType="13cdc9d9-ddb5-4fa4-a97d-d965ccfc6d4b" outcome="Passed" testListId="8c84fa94-04c1-424b-9868-57a2d4851a1d" relativeResultsDirectory="0f3c3cc6-d07b-4e53-b767-81c222241166" />
    <UnitTestResult executionId="e81433c1-884a-4fdf-9533-57c3a2361aaf" testId="71618826-bd51-2181-7645-287a6122f475" testName="ExecuteScalarString" computerName="DKSR-EFI-04" duration="00:00:00.0050927" startTime="2023-12-22T09:33:46.1781910+01:00" endTime="2023-12-22T09:33:46.1938137+01:00" testType="13cdc9d9-ddb5-4fa4-a97d-d965ccfc6d4b" outcome="Passed" testListId="8c84fa94-04c1-424b-9868-57a2d4851a1d" relativeResultsDirectory="e81433c1-884a-4fdf-9533-57c3a2361aaf" />
    <UnitTestResult executionId="d931e45f-8c89-45b2-92ad-76a8087d7ccc" testId="6c9d2a58-7908-5e4c-5a13-c7af8613eb4d" testName="ScheduleNextRun_CalledOnce_CancelledBeforeTimedDelayTriggered_Success" computerName="DKSR-EFI-04" startTime="2023-12-22T09:32:51.8185559+01:00" endTime="2023-12-22T09:32:51.8185559+01:00" testType="13cdc9d9-ddb5-4fa4-a97d-d965ccfc6d4b" outcome="NotExecuted" testListId="8c84fa94-04c1-424b-9868-57a2d4851a1d" relativeResultsDirectory="d931e45f-8c89-45b2-92ad-76a8087d7ccc">
      <Output></Output>
    </UnitTestResult>
    <UnitTestResult executionId="42c1ff8b-eff4-43f5-8ec4-dbd8b2b4806f" testId="4ddc8e24-b9ee-cffa-b889-52ce91adfc5f" testName="Constructor_SingleReservation_Listen" computerName="DKSR-EFI-04" duration="00:00:00.0047430" startTime="2023-12-22T09:32:51.4748018+01:00" endTime="2023-12-22T09:32:51.4904277+01:00" testType="13cdc9d9-ddb5-4fa4-a97d-d965ccfc6d4b" outcome="Passed" testListId="8c84fa94-04c1-424b-9868-57a2d4851a1d" relativeResultsDirectory="42c1ff8b-eff4-43f5-8ec4-dbd8b2b4806f" />
    <UnitTestResult executionId="0954a17e-3d36-4f6b-81e9-b3fdc407c302" testId="c8d52768-d5b1-c179-771a-3245a9b88ae9" testName="Given_FeaturesWithErrorAndGetLastErrorFails_When_EnsureFeaturesAreInstalled_Then_MethodReturnsTheFailedFeatureAndAProperErrorMessage" computerName="DKSR-EFI-04" duration="00:00:00.0325787" startTime="2023-12-22T09:33:30.3499905+01:00" endTime="2023-12-22T09:33:30.3812393+01:00" testType="13cdc9d9-ddb5-4fa4-a97d-d965ccfc6d4b" outcome="Passed" testListId="8c84fa94-04c1-424b-9868-57a2d4851a1d" relativeResultsDirectory="0954a17e-3d36-4f6b-81e9-b3fdc407c302" />
    <UnitTestResult executionId="a6dae9b7-97ae-43e9-b5d5-faf423a58113" testId="1e7ea809-ba13-69e3-4461-e9c6f06053fe" testName="ExecuteScalarAsyncWithCancellationToken" computerName="DKSR-EFI-04" duration="00:00:00.0452902" startTime="2023-12-22T09:33:46.2250709+01:00" endTime="2023-12-22T09:33:46.2719414+01:00" testType="13cdc9d9-ddb5-4fa4-a97d-d965ccfc6d4b" outcome="Passed" testListId="8c84fa94-04c1-424b-9868-57a2d4851a1d" relativeResultsDirectory="a6dae9b7-97ae-43e9-b5d5-faf423a58113" />
    <UnitTestResult executionId="36895da6-e4b1-4b5b-9393-504aa540323d" testId="66af18d1-3c4a-bdc0-363d-39fdb1c16fb5" testName="Parse_StrongWildcard_Https_NoRelativePathTest_NoTrailingSlash" computerName="DKSR-EFI-04" duration="00:00:00.0001596" startTime="2023-12-22T09:32:51.0372990+01:00" endTime="2023-12-22T09:32:51.0372990+01:00" testType="13cdc9d9-ddb5-4fa4-a97d-d965ccfc6d4b" outcome="Passed" testListId="8c84fa94-04c1-424b-9868-57a2d4851a1d" relativeResultsDirectory="36895da6-e4b1-4b5b-9393-504aa540323d" />
    <UnitTestResult executionId="95e1d4d0-c68b-4c62-972f-617417ae232f" testId="b984f92d-a706-0efa-7529-e27732f102f9" testName="Integration_ReadUrlAclConfigurationsTest" computerName="DKSR-EFI-04" duration="00:00:00.0039393" startTime="2023-12-22T09:32:51.4591774+01:00" endTime="2023-12-22T09:32:51.4591774+01:00" testType="13cdc9d9-ddb5-4fa4-a97d-d965ccfc6d4b" outcome="Passed" testListId="8c84fa94-04c1-424b-9868-57a2d4851a1d" relativeResultsDirectory="95e1d4d0-c68b-4c62-972f-617417ae232f" />
    <UnitTestResult executionId="c225a20b-3e37-451f-9931-38afac1eae99" testId="696179b0-5c72-c617-1221-943954880eda" testName="Constructor_ShouldThrowArgumentNullException_WhenFileNameIsNull" computerName="DKSR-EFI-04" duration="00:00:00.0006527" startTime="2023-12-22T09:33:29.4593577+01:00" endTime="2023-12-22T09:33:29.4593577+01:00" testType="13cdc9d9-ddb5-4fa4-a97d-d965ccfc6d4b" outcome="Passed" testListId="8c84fa94-04c1-424b-9868-57a2d4851a1d" relativeResultsDirectory="c225a20b-3e37-451f-9931-38afac1eae99" />
    <UnitTestResult executionId="e294465b-25cc-48d0-a5fe-ac4e1f5c7e58" testId="63e562ae-5691-7735-0766-c0813c6dda7c" testName="Construction_InvalidNullPadding_ThrowsArgumentNullException" computerName="DKSR-EFI-04" duration="00:00:00.0007212" startTime="2023-12-22T09:34:20.3971124+01:00" endTime="2023-12-22T09:34:20.3971124+01:00" testType="13cdc9d9-ddb5-4fa4-a97d-d965ccfc6d4b" outcome="Passed" testListId="8c84fa94-04c1-424b-9868-57a2d4851a1d" relativeResultsDirectory="e294465b-25cc-48d0-a5fe-ac4e1f5c7e58" />
    <UnitTestResult executionId="e40b84b4-604f-4bd0-957a-b7d3001045d9" testId="7bef3f2e-3174-f256-d81f-c6c6f2c6d912" testName="PasswordEqualToUserName" computerName="DKSR-EFI-04" duration="00:00:00.0011422" startTime="2023-12-22T09:32:50.5529227+01:00" endTime="2023-12-22T09:32:50.5529227+01:00" testType="13cdc9d9-ddb5-4fa4-a97d-d965ccfc6d4b" outcome="Passed" testListId="8c84fa94-04c1-424b-9868-57a2d4851a1d" relativeResultsDirectory="e40b84b4-604f-4bd0-957a-b7d3001045d9" />
    <UnitTestResult executionId="028045a2-3722-4317-b39c-6a07054686b2" testId="14088cd5-d1ab-99c6-742a-023862db880f" testName="GetContentFromInitialLicenseFile_OldEncryptionScheme_ThrowsException" computerName="DKSR-EFI-04" duration="00:00:00.0006239" startTime="2023-12-22T09:32:53.6623116+01:00" endTime="2023-12-22T09:32:53.6623116+01:00" testType="13cdc9d9-ddb5-4fa4-a97d-d965ccfc6d4b" outcome="Passed" testListId="8c84fa94-04c1-424b-9868-57a2d4851a1d" relativeResultsDirectory="028045a2-3722-4317-b39c-6a07054686b2" />
    <UnitTestResult executionId="2485722d-117e-4e99-afc2-7387364b06db" testId="8fc1b219-abfe-5492-9bb2-5cbc109a469b" testName="EventServerSqlConnectionStorage_RetrieveConnectionString_64_Success" computerName="DKSR-EFI-04" duration="00:00:00.0120364" startTime="2023-12-22T09:34:19.4596072+01:00" endTime="2023-12-22T09:34:19.4752312+01:00" testType="13cdc9d9-ddb5-4fa4-a97d-d965ccfc6d4b" outcome="Passed" testListId="8c84fa94-04c1-424b-9868-57a2d4851a1d" relativeResultsDirectory="2485722d-117e-4e99-afc2-7387364b06db" />
    <UnitTestResult executionId="a614893b-36b3-4bdc-bc60-d061f18c206c" testId="1f116986-35db-8dcf-83c8-e827ad240cba" testName="FormatTimeSpanStringTest6" computerName="DKSR-EFI-04" duration="00:00:00.0002650" startTime="2023-12-22T09:32:50.6466737+01:00" endTime="2023-12-22T09:32:50.6466737+01:00" testType="13cdc9d9-ddb5-4fa4-a97d-d965ccfc6d4b" outcome="Passed" testListId="8c84fa94-04c1-424b-9868-57a2d4851a1d" relativeResultsDirectory="a614893b-36b3-4bdc-bc60-d061f18c206c" />
    <UnitTestResult executionId="4e6600de-9bb9-40be-9cb6-37cb7c5a6c0b" testId="068bb2c8-661a-10ed-a30c-7de3cde0c6e9" testName="Sync_And_Add" computerName="DKSR-EFI-04" duration="00:00:00.0019725" startTime="2023-12-22T09:34:22.1002445+01:00" endTime="2023-12-22T09:34:22.1002445+01:00" testType="13cdc9d9-ddb5-4fa4-a97d-d965ccfc6d4b" outcome="Passed" testListId="8c84fa94-04c1-424b-9868-57a2d4851a1d" relativeResultsDirectory="4e6600de-9bb9-40be-9cb6-37cb7c5a6c0b" />
    <UnitTestResult executionId="c03fe0e6-370d-4648-8cfd-6a3c1cd0c65b" testId="ced8d624-bb3c-78ce-0fe9-b24f4b5b4949" testName="IsValidBase64String_DataDrivenTest (Device  is  disabled  and will stay    disabled  ,False)" computerName="DKSR-EFI-04" duration="00:00:00.0000061" startTime="2023-12-22T09:32:51.6466797+01:00" endTime="2023-12-22T09:32:51.6466797+01:00" testType="13cdc9d9-ddb5-4fa4-a97d-d965ccfc6d4b" outcome="Passed" testListId="8c84fa94-04c1-424b-9868-57a2d4851a1d" relativeResultsDirectory="c03fe0e6-370d-4648-8cfd-6a3c1cd0c65b" />
    <UnitTestResult executionId="73f37489-a064-4595-8b02-9ad59e5e0a6b" testId="d0bbac93-d8fc-1d21-a05e-de8fbe64b574" testName="WithoutRetryDeadlockedOperationsFail" computerName="DKSR-EFI-04" duration="00:00:10.6754882" startTime="2023-12-22T09:34:07.4126687+01:00" endTime="2023-12-22T09:34:18.0845990+01:00" testType="13cdc9d9-ddb5-4fa4-a97d-d965ccfc6d4b" outcome="Passed" testListId="8c84fa94-04c1-424b-9868-57a2d4851a1d" relativeResultsDirectory="73f37489-a064-4595-8b02-9ad59e5e0a6b" />
    <UnitTestResult executionId="956546a9-cb4f-4b6d-a17d-1108600d702f" testId="577a9233-f48b-3c20-0c8c-6cd838d96866" testName="Construct_ValidInstance_DefaultConstructor_Success" computerName="DKSR-EFI-04" duration="00:00:00.0007706" startTime="2023-12-22T09:32:51.8029292+01:00" endTime="2023-12-22T09:32:51.8029292+01:00" testType="13cdc9d9-ddb5-4fa4-a97d-d965ccfc6d4b" outcome="Passed" testListId="8c84fa94-04c1-424b-9868-57a2d4851a1d" relativeResultsDirectory="956546a9-cb4f-4b6d-a17d-1108600d702f" />
    <UnitTestResult executionId="5570d837-64ad-4d15-bbe7-3183faf8db7c" testId="b05dd664-b57f-ba95-fe26-dd98a5759af1" testName="EndpointSupportsSsl_InvalidTimeoutInSeconds_BelowMinimum_Throws_ArgumentException" computerName="DKSR-EFI-04" duration="00:00:00.0005103" startTime="2023-12-22T09:34:19.7252339+01:00" endTime="2023-12-22T09:34:19.7252339+01:00" testType="13cdc9d9-ddb5-4fa4-a97d-d965ccfc6d4b" outcome="Passed" testListId="8c84fa94-04c1-424b-9868-57a2d4851a1d" relativeResultsDirectory="5570d837-64ad-4d15-bbe7-3183faf8db7c" />
    <UnitTestResult executionId="95ab5974-98d4-4840-a2ae-db8e5fb51f30" testId="aa97711c-3d27-f367-5a9f-a5e192533ef5" testName="DetermineLicenseType_ActivatedLicense_ReturnsLicenseTypeActivated" computerName="DKSR-EFI-04" duration="00:00:00.0038278" startTime="2023-12-22T09:32:53.6623116+01:00" endTime="2023-12-22T09:32:53.6623116+01:00" testType="13cdc9d9-ddb5-4fa4-a97d-d965ccfc6d4b" outcome="Passed" testListId="8c84fa94-04c1-424b-9868-57a2d4851a1d" relativeResultsDirectory="95ab5974-98d4-4840-a2ae-db8e5fb51f30" />
    <UnitTestResult executionId="5cf3e13a-00a0-42c1-b708-aed10ae7fb27" testId="8f187ae8-0766-75f6-92c8-4065ce3ca9e1" testName="Constructor_ShouldThrowArgumentNullException_WhenPasswordProviderIsNull" computerName="DKSR-EFI-04" duration="00:00:00.0135619" startTime="2023-12-22T09:33:29.5999839+01:00" endTime="2023-12-22T09:33:29.6156141+01:00" testType="13cdc9d9-ddb5-4fa4-a97d-d965ccfc6d4b" outcome="Passed" testListId="8c84fa94-04c1-424b-9868-57a2d4851a1d" relativeResultsDirectory="5cf3e13a-00a0-42c1-b708-aed10ae7fb27" />
    <UnitTestResult executionId="05729ed1-93d0-4d57-938f-40b511b58cb3" testId="e5d616b2-da53-1e36-b5ae-fd674ea57f93" testName="Dequeues_Five_Messages_Pre_Added" computerName="DKSR-EFI-04" duration="00:00:00.0003597" startTime="2023-12-22T09:34:22.0221198+01:00" endTime="2023-12-22T09:34:22.0221198+01:00" testType="13cdc9d9-ddb5-4fa4-a97d-d965ccfc6d4b" outcome="Passed" testListId="8c84fa94-04c1-424b-9868-57a2d4851a1d" relativeResultsDirectory="05729ed1-93d0-4d57-938f-40b511b58cb3" />
    <UnitTestResult executionId="28524d36-bca7-4c26-a164-c0ceca41c0ed" testId="1e298c42-1eed-7a06-369c-d97e05665709" testName="FileLoggerNoName" computerName="DKSR-EFI-04" duration="00:00:00.7565757" startTime="2023-12-22T09:33:30.4281161+01:00" endTime="2023-12-22T09:33:31.1781185+01:00" testType="13cdc9d9-ddb5-4fa4-a97d-d965ccfc6d4b" outcome="Passed" testListId="8c84fa94-04c1-424b-9868-57a2d4851a1d" relativeResultsDirectory="28524d36-bca7-4c26-a164-c0ceca41c0ed">
      <Output>
        <StdOut>Reading config from file: D:\actions-runner\_work\XPCO\XPCO\Common\VideoOS.Utilities\VideoOS.Utilities.UnitTests\bin\Debug\net472\VideoOS.Utilities.UnitTests.dll.config</StdOut>
      </Output>
    </UnitTestResult>
    <UnitTestResult executionId="cad1b7d1-aef2-457d-863c-e9da18a2b62e" testId="aed15bdf-4c09-1b3e-0502-2a279f11b4b8" testName="WhenExecuteReaderFailsDatabaseExceptionsAreThrownWithCorrectErrorNumber" computerName="DKSR-EFI-04" duration="00:00:00.0384755" startTime="2023-12-22T09:33:46.7563197+01:00" endTime="2023-12-22T09:33:46.7875687+01:00" testType="13cdc9d9-ddb5-4fa4-a97d-d965ccfc6d4b" outcome="Passed" testListId="8c84fa94-04c1-424b-9868-57a2d4851a1d" relativeResultsDirectory="cad1b7d1-aef2-457d-863c-e9da18a2b62e" />
    <UnitTestResult executionId="94f3f378-8191-4ad7-9e55-ff2a1e745f48" testId="3f918602-dadf-d659-fcd4-b69281a1b26c" testName="GetContentFromInitialLicenseFile_ValidFile_Success" computerName="DKSR-EFI-04" duration="00:00:00.0213384" startTime="2023-12-22T09:32:53.6319345+01:00" endTime="2023-12-22T09:32:53.6466883+01:00" testType="13cdc9d9-ddb5-4fa4-a97d-d965ccfc6d4b" outcome="Passed" testListId="8c84fa94-04c1-424b-9868-57a2d4851a1d" relativeResultsDirectory="94f3f378-8191-4ad7-9e55-ff2a1e745f48" />
    <UnitTestResult executionId="2c61bdef-96c5-4e3a-ad40-b9cfa7ef116d" testId="0d3e7f6e-b2f6-5bed-ef32-22d6c29e0bdd" testName="Parse_InvalidData_InvalidSchemeTest1" computerName="DKSR-EFI-04" duration="00:00:00.0005031" startTime="2023-12-22T09:32:51.0685507+01:00" endTime="2023-12-22T09:32:51.0685507+01:00" testType="13cdc9d9-ddb5-4fa4-a97d-d965ccfc6d4b" outcome="Passed" testListId="8c84fa94-04c1-424b-9868-57a2d4851a1d" relativeResultsDirectory="2c61bdef-96c5-4e3a-ad40-b9cfa7ef116d" />
    <UnitTestResult executionId="09708d62-3438-459c-9bd6-8fc2e37af6f2" testId="466163d3-29ae-7c38-7842-5f2cc2050a74" testName="CreateLicenseRequest_Throws_WhenSitePublicKeyIsNull" computerName="DKSR-EFI-04" duration="00:00:00.1464705" startTime="2023-12-22T09:32:54.0685657+01:00" endTime="2023-12-22T09:32:54.2091905+01:00" testType="13cdc9d9-ddb5-4fa4-a97d-d965ccfc6d4b" outcome="Passed" testListId="8c84fa94-04c1-424b-9868-57a2d4851a1d" relativeResultsDirectory="09708d62-3438-459c-9bd6-8fc2e37af6f2" />
    <UnitTestResult executionId="0e7e7322-ad8b-421f-baed-3e1557280cb3" testId="3f15cb76-28ca-0676-96b0-c46697fd69a3" testName="AccessControlUpdater_SetFileAccessControl_RemoveAccessRuleReturnsFalse" computerName="DKSR-EFI-04" duration="00:00:00.0502936" startTime="2023-12-22T09:32:52.8810595+01:00" endTime="2023-12-22T09:32:52.9279322+01:00" testType="13cdc9d9-ddb5-4fa4-a97d-d965ccfc6d4b" outcome="Passed" testListId="8c84fa94-04c1-424b-9868-57a2d4851a1d" relativeResultsDirectory="0e7e7322-ad8b-421f-baed-3e1557280cb3" />
    <UnitTestResult executionId="25c8d994-0ea8-4200-b71e-8b92de3dff79" testId="05ad9f73-0dc9-9009-a233-ac97a06cdea9" testName="HSL_ToRGB_ReturnsProperColor_OnMilestoneBlue" computerName="DKSR-EFI-04" duration="00:00:00.0048545" startTime="2023-12-22T09:34:21.9908681+01:00" endTime="2023-12-22T09:34:22.0064999+01:00" testType="13cdc9d9-ddb5-4fa4-a97d-d965ccfc6d4b" outcome="Passed" testListId="8c84fa94-04c1-424b-9868-57a2d4851a1d" relativeResultsDirectory="25c8d994-0ea8-4200-b71e-8b92de3dff79" />
    <UnitTestResult executionId="0e42ef03-d60c-49a5-81c1-b4df3b697d49" testId="b27ba75a-d70a-287a-5d9e-b65a42439631" testName="ExecuteReaderWithMultipleParametersAsyncNoArgs" computerName="DKSR-EFI-04" duration="00:00:00.0128100" startTime="2023-12-22T09:33:46.4594407+01:00" endTime="2023-12-22T09:33:46.4750685+01:00" testType="13cdc9d9-ddb5-4fa4-a97d-d965ccfc6d4b" outcome="Passed" testListId="8c84fa94-04c1-424b-9868-57a2d4851a1d" relativeResultsDirectory="0e42ef03-d60c-49a5-81c1-b4df3b697d49" />
    <UnitTestResult executionId="c601002a-9fee-4f7b-9b55-0bf5b7490fea" testId="3350e284-d316-8104-3d1d-7739d3682cf8" testName="MacAddressUtilities_CreateHashString_ArgumentException_TooLong" computerName="DKSR-EFI-04" duration="00:00:00.0005169" startTime="2023-12-22T09:34:19.7096086+01:00" endTime="2023-12-22T09:34:19.7096086+01:00" testType="13cdc9d9-ddb5-4fa4-a97d-d965ccfc6d4b" outcome="Passed" testListId="8c84fa94-04c1-424b-9868-57a2d4851a1d" relativeResultsDirectory="c601002a-9fee-4f7b-9b55-0bf5b7490fea" />
    <UnitTestResult executionId="bddd8efe-f148-41ae-9ade-39ed280495f5" testId="b4febf0c-e78e-506a-21fa-fc3ca5cd1abc" testName="HashingUtilities_CreateHashString_ArgumentNull" computerName="DKSR-EFI-04" duration="00:00:00.0006194" startTime="2023-12-22T09:34:19.6314824+01:00" endTime="2023-12-22T09:34:19.6314824+01:00" testType="13cdc9d9-ddb5-4fa4-a97d-d965ccfc6d4b" outcome="Passed" testListId="8c84fa94-04c1-424b-9868-57a2d4851a1d" relativeResultsDirectory="bddd8efe-f148-41ae-9ade-39ed280495f5" />
    <UnitTestResult executionId="62495353-2224-42cc-8fa8-68ce07b4319c" testId="790ef27a-76ad-2546-a1a6-a0647af5948c" testName="FormatByteSizeStringExactULTest2" computerName="DKSR-EFI-04" duration="00:00:00.0001203" startTime="2023-12-22T09:32:50.7716749+01:00" endTime="2023-12-22T09:32:50.7716749+01:00" testType="13cdc9d9-ddb5-4fa4-a97d-d965ccfc6d4b" outcome="Passed" testListId="8c84fa94-04c1-424b-9868-57a2d4851a1d" relativeResultsDirectory="62495353-2224-42cc-8fa8-68ce07b4319c" />
    <UnitTestResult executionId="bcd86001-2058-4629-804d-d50a47d5cf44" testId="828e3157-ac03-8229-b330-f6c4dee8fcde" testName="ScheduleNextRun_ExceptionRaised_DoesNotContinueProcessing_Success" computerName="DKSR-EFI-04" startTime="2023-12-22T09:32:51.8185559+01:00" endTime="2023-12-22T09:32:51.8341788+01:00" testType="13cdc9d9-ddb5-4fa4-a97d-d965ccfc6d4b" outcome="NotExecuted" testListId="8c84fa94-04c1-424b-9868-57a2d4851a1d" relativeResultsDirectory="bcd86001-2058-4629-804d-d50a47d5cf44">
      <Output></Output>
    </UnitTestResult>
    <UnitTestResult executionId="5fbcbba3-85a0-40bd-bad1-a934966b4e7d" testId="dd495a7f-5dd2-ba1f-ce8f-cc15c274d433" testName="SecureFolderWithBuiltinAccountGetsCreatedCorrectly" computerName="DKSR-EFI-04" duration="00:00:00.0229622" startTime="2023-12-22T09:32:52.9591841+01:00" endTime="2023-12-22T09:32:52.9748084+01:00" testType="13cdc9d9-ddb5-4fa4-a97d-d965ccfc6d4b" outcome="Passed" testListId="8c84fa94-04c1-424b-9868-57a2d4851a1d" relativeResultsDirectory="5fbcbba3-85a0-40bd-bad1-a934966b4e7d" />
    <UnitTestResult executionId="795556cc-ce98-448b-b77f-58f93f26f6a5" testId="3b0ed5c5-28f4-8748-a0ec-63e3ab74f342" testName="EnforceUrlReservation_Parameter_NullPrefixTest" computerName="DKSR-EFI-04" duration="00:00:00.0035425" startTime="2023-12-22T09:32:51.3185519+01:00" endTime="2023-12-22T09:32:51.3341773+01:00" testType="13cdc9d9-ddb5-4fa4-a97d-d965ccfc6d4b" outcome="Passed" testListId="8c84fa94-04c1-424b-9868-57a2d4851a1d" relativeResultsDirectory="795556cc-ce98-448b-b77f-58f93f26f6a5" />
    <UnitTestResult executionId="9dacdc3f-c76a-487e-8a36-6be30ae93dbc" testId="921bbe3f-9b12-880e-5c26-3e0ea6096e5b" testName="DatabaseConnectionCanBeSetOnCommandAfterCreation" computerName="DKSR-EFI-04" duration="00:00:00.0320080" startTime="2023-12-22T09:33:46.1313146+01:00" endTime="2023-12-22T09:33:46.1781910+01:00" testType="13cdc9d9-ddb5-4fa4-a97d-d965ccfc6d4b" outcome="Passed" testListId="8c84fa94-04c1-424b-9868-57a2d4851a1d" relativeResultsDirectory="9dacdc3f-c76a-487e-8a36-6be30ae93dbc" />
    <UnitTestResult executionId="e939c3eb-02c8-4667-bd34-c99f9fbe2a1d" testId="a2b7e2de-0db6-3731-43cf-cc62cedd9a68" testName="Decode_WhenDataNotDeserializable_Exception" computerName="DKSR-EFI-04" duration="00:00:00.0015227" startTime="2023-12-22T09:33:30.0062383+01:00" endTime="2023-12-22T09:33:30.0218632+01:00" testType="13cdc9d9-ddb5-4fa4-a97d-d965ccfc6d4b" outcome="Passed" testListId="8c84fa94-04c1-424b-9868-57a2d4851a1d" relativeResultsDirectory="e939c3eb-02c8-4667-bd34-c99f9fbe2a1d" />
    <UnitTestResult executionId="deb397bd-8023-4563-b5d1-b07d2b8ee2e5" testId="28029fc9-a988-acd3-7aef-3072786cc6bb" testName="Initialize_Heartbeat_InvokedAndIsOnlineUpdated" computerName="DKSR-EFI-04" duration="00:00:00.0007106" startTime="2023-12-22T09:33:29.9281113+01:00" endTime="2023-12-22T09:33:29.9281113+01:00" testType="13cdc9d9-ddb5-4fa4-a97d-d965ccfc6d4b" outcome="Passed" testListId="8c84fa94-04c1-424b-9868-57a2d4851a1d" relativeResultsDirectory="deb397bd-8023-4563-b5d1-b07d2b8ee2e5" />
    <UnitTestResult executionId="04f8934b-034b-453d-a39a-c2f86ebf3116" testId="27012b81-c5b2-e383-7be7-461e876f34c1" testName="BulkProcessor_IsClosing_NewItemsAreNotEnqueued" computerName="DKSR-EFI-04" duration="00:00:00.0025134" startTime="2023-12-22T09:34:22.1783703+01:00" endTime="2023-12-22T09:34:22.1783703+01:00" testType="13cdc9d9-ddb5-4fa4-a97d-d965ccfc6d4b" outcome="Passed" testListId="8c84fa94-04c1-424b-9868-57a2d4851a1d" relativeResultsDirectory="04f8934b-034b-453d-a39a-c2f86ebf3116" />
    <UnitTestResult executionId="236c65bc-dd27-4865-b1c6-08b0c0b2b7bd" testId="cfc46475-9003-7061-8414-2cf74b691cc4" testName="TestIsValidHostName_WithEmptyString" computerName="DKSR-EFI-04" duration="00:00:00.0005012" startTime="2023-12-22T09:34:19.6627318+01:00" endTime="2023-12-22T09:34:19.6783556+01:00" testType="13cdc9d9-ddb5-4fa4-a97d-d965ccfc6d4b" outcome="Passed" testListId="8c84fa94-04c1-424b-9868-57a2d4851a1d" relativeResultsDirectory="236c65bc-dd27-4865-b1c6-08b0c0b2b7bd">
      <Output>
        <StdOut>Debug Trace:&#xD;
Fail: hostName is an empty string</StdOut>
      </Output>
    </UnitTestResult>
    <UnitTestResult executionId="cc24581c-83bd-48c1-b801-33b8823d10f4" testId="c9625d65-b8bc-1d40-44b2-ce27ca68ed64" testName="ValidateWebAddress_WithInvalidInput" computerName="DKSR-EFI-04" duration="00:00:00.0002394" startTime="2023-12-22T09:34:19.6627318+01:00" endTime="2023-12-22T09:34:19.6627318+01:00" testType="13cdc9d9-ddb5-4fa4-a97d-d965ccfc6d4b" outcome="Passed" testListId="8c84fa94-04c1-424b-9868-57a2d4851a1d" relativeResultsDirectory="cc24581c-83bd-48c1-b801-33b8823d10f4" />
    <UnitTestResult executionId="b5af2f0d-d20e-4bf5-946b-97e0cf0f9ba3" testId="5f178983-1688-fde2-250e-ccd47c9963d9" testName="ExecuteReaderMultipleResultSetsAsync" computerName="DKSR-EFI-04" duration="00:00:00.0594055" startTime="2023-12-22T09:33:46.5531928+01:00" endTime="2023-12-22T09:33:46.6156917+01:00" testType="13cdc9d9-ddb5-4fa4-a97d-d965ccfc6d4b" outcome="Passed" testListId="8c84fa94-04c1-424b-9868-57a2d4851a1d" relativeResultsDirectory="b5af2f0d-d20e-4bf5-946b-97e0cf0f9ba3" />
    <UnitTestResult executionId="d3bbffaa-8a72-467d-b374-e45c566dbb8a" testId="f6db2584-e92d-8b79-e003-09d814f47319" testName="GetSchemasByCollectionNameTest" computerName="DKSR-EFI-04" duration="00:00:00.1079786" startTime="2023-12-22T09:33:51.2407142+01:00" endTime="2023-12-22T09:33:51.3500904+01:00" testType="13cdc9d9-ddb5-4fa4-a97d-d965ccfc6d4b" outcome="Passed" testListId="8c84fa94-04c1-424b-9868-57a2d4851a1d" relativeResultsDirectory="d3bbffaa-8a72-467d-b374-e45c566dbb8a" />
    <UnitTestResult executionId="f6574d2b-64b4-4c1a-ac5b-c0a621912ba1" testId="66477fd6-1f77-8ac4-c4c3-12944fda49e9" testName="GetKeyManagementState_PasswordCannotDecryptKey" computerName="DKSR-EFI-04" duration="00:00:00.0071526" startTime="2023-12-22T09:33:29.6937344+01:00" endTime="2023-12-22T09:33:29.7093595+01:00" testType="13cdc9d9-ddb5-4fa4-a97d-d965ccfc6d4b" outcome="Passed" testListId="8c84fa94-04c1-424b-9868-57a2d4851a1d" relativeResultsDirectory="f6574d2b-64b4-4c1a-ac5b-c0a621912ba1" />
    <UnitTestResult executionId="97883b71-688e-44ac-af99-4387d24a9503" testId="a31c3542-4e38-bd00-15b1-6d91136089ff" testName="Construction_KeyInformationIsDifferent_OnDefaultConstruction" computerName="DKSR-EFI-04" duration="00:00:00.1899280" startTime="2023-12-22T09:34:20.4283640+01:00" endTime="2023-12-22T09:34:20.6314877+01:00" testType="13cdc9d9-ddb5-4fa4-a97d-d965ccfc6d4b" outcome="Passed" testListId="8c84fa94-04c1-424b-9868-57a2d4851a1d" relativeResultsDirectory="97883b71-688e-44ac-af99-4387d24a9503" />
    <UnitTestResult executionId="8ab08616-5e14-47e8-8daa-44476ddc9c8e" testId="25c9d848-d632-706e-91c2-392c75fc1d51" testName="Constructor_ShouldThrowArgumentNullException_WhenFoldermNameIsNull" computerName="DKSR-EFI-04" duration="00:00:00.0078397" startTime="2023-12-22T09:33:29.4437324+01:00" endTime="2023-12-22T09:33:29.4593577+01:00" testType="13cdc9d9-ddb5-4fa4-a97d-d965ccfc6d4b" outcome="Passed" testListId="8c84fa94-04c1-424b-9868-57a2d4851a1d" relativeResultsDirectory="8ab08616-5e14-47e8-8daa-44476ddc9c8e" />
    <UnitTestResult executionId="0813894e-0c76-4a72-b855-ba4afdcb7605" testId="367ea24e-9898-e7a3-b9c2-183a7ee625e8" testName="UseImportedConfigurationWithInternalIV" computerName="DKSR-EFI-04" duration="00:00:00.0021590" startTime="2023-12-22T09:34:20.0846109+01:00" endTime="2023-12-22T09:34:20.0846109+01:00" testType="13cdc9d9-ddb5-4fa4-a97d-d965ccfc6d4b" outcome="Passed" testListId="8c84fa94-04c1-424b-9868-57a2d4851a1d" relativeResultsDirectory="0813894e-0c76-4a72-b855-ba4afdcb7605" />
    <UnitTestResult executionId="1da87823-0562-4b34-9d57-80026a443000" testId="6858e7db-ba67-0f38-ef05-6651a9a30c51" testName="RemoveInvalidXMLChars_Spaces_SameResult" computerName="DKSR-EFI-04" duration="00:00:00.0053634" startTime="2023-12-22T09:33:30.0374877+01:00" endTime="2023-12-22T09:33:30.0531128+01:00" testType="13cdc9d9-ddb5-4fa4-a97d-d965ccfc6d4b" outcome="Passed" testListId="8c84fa94-04c1-424b-9868-57a2d4851a1d" relativeResultsDirectory="1da87823-0562-4b34-9d57-80026a443000" />
    <UnitTestResult executionId="6ae113cd-cd99-4665-87e0-e44244a761ed" testId="bb2beaed-b9d7-d298-993e-2c026228f646" testName="Dequeues_Five_Messages_Post_Added" computerName="DKSR-EFI-04" duration="00:00:00.0011218" startTime="2023-12-22T09:34:22.0221198+01:00" endTime="2023-12-22T09:34:22.0221198+01:00" testType="13cdc9d9-ddb5-4fa4-a97d-d965ccfc6d4b" outcome="Passed" testListId="8c84fa94-04c1-424b-9868-57a2d4851a1d" relativeResultsDirectory="6ae113cd-cd99-4665-87e0-e44244a761ed" />
    <UnitTestResult executionId="09bd5324-a358-441a-983d-c2fe9bddc4e8" testId="1fdee127-23bb-ff0c-9276-8ac196e40077" testName="HasKey_ReturnsFalse_WhenKeyIsMissingFromDatabase" computerName="DKSR-EFI-04" duration="00:00:01.5169540" startTime="2023-12-22T09:33:26.4905939+01:00" endTime="2023-12-22T09:33:28.0062255+01:00" testType="13cdc9d9-ddb5-4fa4-a97d-d965ccfc6d4b" outcome="Passed" testListId="8c84fa94-04c1-424b-9868-57a2d4851a1d" relativeResultsDirectory="09bd5324-a358-441a-983d-c2fe9bddc4e8" />
    <UnitTestResult executionId="fb3f7a5e-8743-4fc8-9d1b-6d74e3549a24" testId="b6efbc8e-fe25-47e5-17b6-661d6ca8384c" testName="CreateIPBoundWeakWildcard_IPv6_WithRelativePathTest" computerName="DKSR-EFI-04" duration="00:00:00.0002082" startTime="2023-12-22T09:32:51.1310502+01:00" endTime="2023-12-22T09:32:51.1310502+01:00" testType="13cdc9d9-ddb5-4fa4-a97d-d965ccfc6d4b" outcome="Passed" testListId="8c84fa94-04c1-424b-9868-57a2d4851a1d" relativeResultsDirectory="fb3f7a5e-8743-4fc8-9d1b-6d74e3549a24" />
    <UnitTestResult executionId="a4044209-7844-4751-acab-58f10c311a50" testId="efa72cc0-4833-b054-d7dc-249cb49adeeb" testName="EncodeDecode_WhenDataOk_Success" computerName="DKSR-EFI-04" duration="00:00:00.0067228" startTime="2023-12-22T09:33:30.0218632+01:00" endTime="2023-12-22T09:33:30.0374877+01:00" testType="13cdc9d9-ddb5-4fa4-a97d-d965ccfc6d4b" outcome="Passed" testListId="8c84fa94-04c1-424b-9868-57a2d4851a1d" relativeResultsDirectory="a4044209-7844-4751-acab-58f10c311a50" />
    <UnitTestResult executionId="9848cef4-0822-4273-b0a9-889e544655e3" testId="180b8821-00b6-0e9c-f8f5-5d38364d16fe" testName="ShowHelp_OfflineWorkflow__DisplayHtmlHelp_InvokeWithAbsoluteFileUrl" computerName="DKSR-EFI-04" duration="00:00:00.0015227" startTime="2023-12-22T09:33:29.8656112+01:00" endTime="2023-12-22T09:33:29.8656112+01:00" testType="13cdc9d9-ddb5-4fa4-a97d-d965ccfc6d4b" outcome="Passed" testListId="8c84fa94-04c1-424b-9868-57a2d4851a1d" relativeResultsDirectory="9848cef4-0822-4273-b0a9-889e544655e3" />
    <UnitTestResult executionId="426fc01c-c476-4888-b0ec-99d7167e2457" testId="cf938af7-63b1-2aab-b53a-ce80e7ece30e" testName="IsValidBase64String_DataDrivenTest (Device is disabled,False)" computerName="DKSR-EFI-04" duration="00:00:00.0000061" startTime="2023-12-22T09:32:51.6466797+01:00" endTime="2023-12-22T09:32:51.6466797+01:00" testType="13cdc9d9-ddb5-4fa4-a97d-d965ccfc6d4b" outcome="Passed" testListId="8c84fa94-04c1-424b-9868-57a2d4851a1d" relativeResultsDirectory="426fc01c-c476-4888-b0ec-99d7167e2457" />
    <UnitTestResult executionId="a38a9092-bc41-49c1-8181-b62a6cf692b4" testId="aec11fee-b228-804c-d242-d960744ceb55" testName="ReadPassword_CorrectlyThrowsSecurityException_WhenPermissionsError" computerName="DKSR-EFI-04" duration="00:00:00.0011064" startTime="2023-12-22T09:33:29.4906094+01:00" endTime="2023-12-22T09:33:29.4906094+01:00" testType="13cdc9d9-ddb5-4fa4-a97d-d965ccfc6d4b" outcome="Passed" testListId="8c84fa94-04c1-424b-9868-57a2d4851a1d" relativeResultsDirectory="a38a9092-bc41-49c1-8181-b62a6cf692b4" />
    <UnitTestResult executionId="f7a7724e-ad29-4953-866b-bf7f596a1236" testId="df959513-e347-64a3-0552-b0f6f26e74b5" testName="GivenSecureFolderWithTwoUserAccounWhenSettingExclusiveAccountTheOtherUserAccouintsAreRemoved" computerName="DKSR-EFI-04" duration="00:00:00.0058680" startTime="2023-12-22T09:32:53.0060586+01:00" endTime="2023-12-22T09:32:53.0060586+01:00" testType="13cdc9d9-ddb5-4fa4-a97d-d965ccfc6d4b" outcome="Passed" testListId="8c84fa94-04c1-424b-9868-57a2d4851a1d" relativeResultsDirectory="f7a7724e-ad29-4953-866b-bf7f596a1236" />
    <UnitTestResult executionId="2e7f92e3-c5ea-47cf-a1c8-feb5a0ef0994" testId="d59c2448-b80d-cac2-ba49-ef92d150d972" testName="EncryptStringDataTestWrongPasswordRC2" computerName="DKSR-EFI-04" duration="00:00:00.0283104" startTime="2023-12-22T09:34:20.2564855+01:00" endTime="2023-12-22T09:34:20.2721107+01:00" testType="13cdc9d9-ddb5-4fa4-a97d-d965ccfc6d4b" outcome="Passed" testListId="8c84fa94-04c1-424b-9868-57a2d4851a1d" relativeResultsDirectory="2e7f92e3-c5ea-47cf-a1c8-feb5a0ef0994" />
    <UnitTestResult executionId="df2640fe-d290-4d69-b264-49d2d46eb1dd" testId="40a03c98-b1a5-cb45-5715-a2bb2b1368ea" testName="Constructor_DatabaseColumnBinder_Success" computerName="DKSR-EFI-04" duration="00:00:00.0004672" startTime="2023-12-22T09:33:46.0219430+01:00" endTime="2023-12-22T09:33:46.0219430+01:00" testType="13cdc9d9-ddb5-4fa4-a97d-d965ccfc6d4b" outcome="Passed" testListId="8c84fa94-04c1-424b-9868-57a2d4851a1d" relativeResultsDirectory="df2640fe-d290-4d69-b264-49d2d46eb1dd" />
    <UnitTestResult executionId="c2514b9e-bbf6-4448-a324-543b38eefc5b" testId="e9bd4bf2-b5da-2df3-10bc-38140977569d" testName="IsValidBase64String_DataDrivenTest ( ,False)" computerName="DKSR-EFI-04" duration="00:00:00.0000068" startTime="2023-12-22T09:32:51.6310528+01:00" endTime="2023-12-22T09:32:51.6310528+01:00" testType="13cdc9d9-ddb5-4fa4-a97d-d965ccfc6d4b" outcome="Passed" testListId="8c84fa94-04c1-424b-9868-57a2d4851a1d" relativeResultsDirectory="c2514b9e-bbf6-4448-a324-543b38eefc5b" />
    <UnitTestResult executionId="8cce51b4-1b0a-4810-9290-07b28e431f05" testId="63c8c556-dbc7-a549-55de-ddcdddf19634" testName="EncryptWithPublicKey_DecryptWithPrivateKey" computerName="DKSR-EFI-04" duration="00:00:00.0991783" startTime="2023-12-22T09:34:21.0377374+01:00" endTime="2023-12-22T09:34:21.1471145+01:00" testType="13cdc9d9-ddb5-4fa4-a97d-d965ccfc6d4b" outcome="Passed" testListId="8c84fa94-04c1-424b-9868-57a2d4851a1d" relativeResultsDirectory="8cce51b4-1b0a-4810-9290-07b28e431f05" />
    <UnitTestResult executionId="adc9263d-8839-4191-a4f7-da7dc4540c94" testId="536f21ea-d825-9860-2d73-c30093160a11" testName="HSL_InvalidL_ThrowsArgumentException" computerName="DKSR-EFI-04" duration="00:00:00.0006055" startTime="2023-12-22T09:34:21.9908681+01:00" endTime="2023-12-22T09:34:21.9908681+01:00" testType="13cdc9d9-ddb5-4fa4-a97d-d965ccfc6d4b" outcome="Passed" testListId="8c84fa94-04c1-424b-9868-57a2d4851a1d" relativeResultsDirectory="adc9263d-8839-4191-a4f7-da7dc4540c94" />
    <UnitTestResult executionId="11163fdf-8c35-444f-9421-f0233a7a7715" testId="2452d0bf-6258-cf6b-3a40-dc31336f0d2b" testName="GetSqlConnection_UsernameAndPasswordSupplied_Success" computerName="DKSR-EFI-04" duration="00:00:00.0010867" startTime="2023-12-22T09:34:19.5689806+01:00" endTime="2023-12-22T09:34:19.5689806+01:00" testType="13cdc9d9-ddb5-4fa4-a97d-d965ccfc6d4b" outcome="Passed" testListId="8c84fa94-04c1-424b-9868-57a2d4851a1d" relativeResultsDirectory="11163fdf-8c35-444f-9421-f0233a7a7715" />
    <UnitTestResult executionId="4f33ec2d-4134-4abd-bfc5-a099195d31c0" testId="b277a2ac-923b-e5c0-c105-5378a94b63a7" testName="Sync_And_Clear" computerName="DKSR-EFI-04" duration="00:00:00.0009121" startTime="2023-12-22T09:34:22.1158693+01:00" endTime="2023-12-22T09:34:22.1158693+01:00" testType="13cdc9d9-ddb5-4fa4-a97d-d965ccfc6d4b" outcome="Passed" testListId="8c84fa94-04c1-424b-9868-57a2d4851a1d" relativeResultsDirectory="4f33ec2d-4134-4abd-bfc5-a099195d31c0" />
    <UnitTestResult executionId="3ead6f58-b5d2-46e8-a719-bdf6c337de98" testId="954c9117-406b-1754-d99a-c6a327b0d5d4" testName="CreateExplicit_IPv4Host" computerName="DKSR-EFI-04" duration="00:00:00.0011023" startTime="2023-12-22T09:32:51.1623013+01:00" endTime="2023-12-22T09:32:51.1623013+01:00" testType="13cdc9d9-ddb5-4fa4-a97d-d965ccfc6d4b" outcome="Passed" testListId="8c84fa94-04c1-424b-9868-57a2d4851a1d" relativeResultsDirectory="3ead6f58-b5d2-46e8-a719-bdf6c337de98" />
    <UnitTestResult executionId="27c8e90c-1965-469b-8451-8203136e6fe1" testId="e182530e-f038-5140-1406-9bac6a04acfb" testName="FormatByteSizeStringExactTest5" computerName="DKSR-EFI-04" duration="00:00:00.0001354" startTime="2023-12-22T09:32:50.7873003+01:00" endTime="2023-12-22T09:32:50.7873003+01:00" testType="13cdc9d9-ddb5-4fa4-a97d-d965ccfc6d4b" outcome="Passed" testListId="8c84fa94-04c1-424b-9868-57a2d4851a1d" relativeResultsDirectory="27c8e90c-1965-469b-8451-8203136e6fe1" />
    <UnitTestResult executionId="10d4af09-b812-4656-969c-ffe03b357140" testId="8bb53982-36a5-ccf6-0797-21c9eaef87ab" testName="Given_FeaturesAreAvailable_When_EnsureFeaturesAreInstalled_WithFeaturesThatInstallsSuccesfullyButNeedsReboot_Then_EnableFeaturesAreCalledWithExpectedArgumentsAndMethodReturnsNeedsReboot" computerName="DKSR-EFI-04" duration="00:00:00.0121291" startTime="2023-12-22T09:33:30.2562366+01:00" endTime="2023-12-22T09:33:30.2718637+01:00" testType="13cdc9d9-ddb5-4fa4-a97d-d965ccfc6d4b" outcome="Passed" testListId="8c84fa94-04c1-424b-9868-57a2d4851a1d" relativeResultsDirectory="10d4af09-b812-4656-969c-ffe03b357140" />
    <UnitTestResult executionId="b620f9f0-36b0-4ccc-a425-2ac329bf36d5" testId="49cad1f6-eba2-350a-45e7-7a41f9bcfb57" testName="ShowHelp_OfflineWorkflow__DisplayHtmlHelp_InvokeWithHttpPort80Url" computerName="DKSR-EFI-04" duration="00:00:00.0119527" startTime="2023-12-22T09:33:29.8343605+01:00" endTime="2023-12-22T09:33:29.8499863+01:00" testType="13cdc9d9-ddb5-4fa4-a97d-d965ccfc6d4b" outcome="Passed" testListId="8c84fa94-04c1-424b-9868-57a2d4851a1d" relativeResultsDirectory="b620f9f0-36b0-4ccc-a425-2ac329bf36d5" />
    <UnitTestResult executionId="c29d3c82-0c77-4f12-9c0a-ec95a85ba887" testId="73bf3234-dc5d-03b2-17ea-41170a93ce33" testName="ImportAndExportConfigurationWithIV" computerName="DKSR-EFI-04" duration="00:00:00.0004888" startTime="2023-12-22T09:34:20.0689849+01:00" endTime="2023-12-22T09:34:20.0846109+01:00" testType="13cdc9d9-ddb5-4fa4-a97d-d965ccfc6d4b" outcome="Passed" testListId="8c84fa94-04c1-424b-9868-57a2d4851a1d" relativeResultsDirectory="c29d3c82-0c77-4f12-9c0a-ec95a85ba887" />
    <UnitTestResult executionId="b73d8c74-3d11-444a-9fe7-68f9d6efd1cb" testId="24926e17-a02a-4047-b4e3-04a156766c48" testName="RGB_ToHSL_ReturnsProperColor_OnMilestoneBlue" computerName="DKSR-EFI-04" duration="00:00:00.0020646" startTime="2023-12-22T09:34:22.0064999+01:00" endTime="2023-12-22T09:34:22.0064999+01:00" testType="13cdc9d9-ddb5-4fa4-a97d-d965ccfc6d4b" outcome="Passed" testListId="8c84fa94-04c1-424b-9868-57a2d4851a1d" relativeResultsDirectory="b73d8c74-3d11-444a-9fe7-68f9d6efd1cb" />
    <UnitTestResult executionId="c496b7ba-4742-4003-8fd0-0efb0274b048" testId="2330d4e4-e7e1-b869-3796-3179869f0ea3" testName="GetContentFromActivatedLicense_InvalidFilePattern_ThrowsNotSupportedException" computerName="DKSR-EFI-04" duration="00:00:00.0529829" startTime="2023-12-22T09:32:53.5685616+01:00" endTime="2023-12-22T09:32:53.6154374+01:00" testType="13cdc9d9-ddb5-4fa4-a97d-d965ccfc6d4b" outcome="Passed" testListId="8c84fa94-04c1-424b-9868-57a2d4851a1d" relativeResultsDirectory="c496b7ba-4742-4003-8fd0-0efb0274b048" />
    <UnitTestResult executionId="04fa6af5-e810-4beb-908a-533846a72a2f" testId="d0f4ce70-1398-984e-fbab-b31f8b0772af" testName="PrettifyInlineXmlStringTest2" computerName="DKSR-EFI-04" duration="00:00:00.0072644" startTime="2023-12-22T09:32:50.8498001+01:00" endTime="2023-12-22T09:32:50.8498001+01:00" testType="13cdc9d9-ddb5-4fa4-a97d-d965ccfc6d4b" outcome="Passed" testListId="8c84fa94-04c1-424b-9868-57a2d4851a1d" relativeResultsDirectory="04fa6af5-e810-4beb-908a-533846a72a2f" />
    <UnitTestResult executionId="d69dcb6a-dc80-47c6-810c-f721b2ba4595" testId="406ea4ef-9543-88d7-8b75-4f1c74009154" testName="EncryptStringDataTestWrongPasswordRijndael" computerName="DKSR-EFI-04" duration="00:00:00.0393821" startTime="2023-12-22T09:34:20.2877339+01:00" endTime="2023-12-22T09:34:20.3190419+01:00" testType="13cdc9d9-ddb5-4fa4-a97d-d965ccfc6d4b" outcome="Passed" testListId="8c84fa94-04c1-424b-9868-57a2d4851a1d" relativeResultsDirectory="d69dcb6a-dc80-47c6-810c-f721b2ba4595" />
    <UnitTestResult executionId="332ea5ed-548d-4c47-9f4e-eb99af300e5f" testId="3961b1e6-9a4e-7bf7-e608-3495a77691a3" testName="ValidateWebAddress_WithEmpty" computerName="DKSR-EFI-04" duration="00:00:00.0006355" startTime="2023-12-22T09:34:19.6471079+01:00" endTime="2023-12-22T09:34:19.6627318+01:00" testType="13cdc9d9-ddb5-4fa4-a97d-d965ccfc6d4b" outcome="Passed" testListId="8c84fa94-04c1-424b-9868-57a2d4851a1d" relativeResultsDirectory="332ea5ed-548d-4c47-9f4e-eb99af300e5f">
      <Output>
        <StdOut>Debug Trace:&#xD;
Fail: address is an empty string&#xD;
Fail: address is an empty string&#xD;
Fail: address is an empty string</StdOut>
      </Output>
    </UnitTestResult>
    <UnitTestResult executionId="6e433438-2f6d-481f-9ab5-e07de1211542" testId="54bd00e6-9405-3d53-2a2a-6095d7c4f033" testName="Initialize_ValidArgsOffline_Success" computerName="DKSR-EFI-04" duration="00:00:00.0776714" startTime="2023-12-22T09:33:29.7249838+01:00" endTime="2023-12-22T09:33:29.8031125+01:00" testType="13cdc9d9-ddb5-4fa4-a97d-d965ccfc6d4b" outcome="Passed" testListId="8c84fa94-04c1-424b-9868-57a2d4851a1d" relativeResultsDirectory="6e433438-2f6d-481f-9ab5-e07de1211542" />
    <UnitTestResult executionId="4cb851c2-8a90-4b19-a76b-a25e3fdce4c8" testId="d2e0f34d-8861-b808-10a0-dd1e3ad0a537" testName="Constructor_ShouldThrowArgumentNullException_WhenLoggerIsNull" computerName="DKSR-EFI-04" duration="00:00:00.0006977" startTime="2023-12-22T09:33:29.6312337+01:00" endTime="2023-12-22T09:33:29.6312337+01:00" testType="13cdc9d9-ddb5-4fa4-a97d-d965ccfc6d4b" outcome="Passed" testListId="8c84fa94-04c1-424b-9868-57a2d4851a1d" relativeResultsDirectory="4cb851c2-8a90-4b19-a76b-a25e3fdce4c8" />
    <UnitTestResult executionId="4e7f8a53-1389-4fed-a895-dab7c6e41368" testId="59e40f78-ac27-6d17-266f-c4fd2832271d" testName="EncryptionFactory_Throws_OnCreateAsymmetricForLicense_WithKeysOkAndBlobNull" computerName="DKSR-EFI-04" duration="00:00:00.0005082" startTime="2023-12-22T09:34:21.1939900+01:00" endTime="2023-12-22T09:34:21.1939900+01:00" testType="13cdc9d9-ddb5-4fa4-a97d-d965ccfc6d4b" outcome="Passed" testListId="8c84fa94-04c1-424b-9868-57a2d4851a1d" relativeResultsDirectory="4e7f8a53-1389-4fed-a895-dab7c6e41368" />
    <UnitTestResult executionId="58897d84-a580-4fe2-86bc-e7be56c561eb" testId="bb95d783-f940-56c6-a483-cd099fc0b5c1" testName="SecureFolderWithUserAccountAccessGetsCreatedCorrectly" computerName="DKSR-EFI-04" duration="00:00:00.0065947" startTime="2023-12-22T09:32:53.0373097+01:00" endTime="2023-12-22T09:32:53.0529344+01:00" testType="13cdc9d9-ddb5-4fa4-a97d-d965ccfc6d4b" outcome="Passed" testListId="8c84fa94-04c1-424b-9868-57a2d4851a1d" relativeResultsDirectory="58897d84-a580-4fe2-86bc-e7be56c561eb" />
    <UnitTestResult executionId="d4e54356-9938-464d-82d3-f887748d897d" testId="0416b849-8ddf-281b-bdfe-c4257a9da123" testName="FormatByteSizeStringExactULTest4" computerName="DKSR-EFI-04" duration="00:00:00.0001652" startTime="2023-12-22T09:32:50.7716749+01:00" endTime="2023-12-22T09:32:50.7716749+01:00" testType="13cdc9d9-ddb5-4fa4-a97d-d965ccfc6d4b" outcome="Passed" testListId="8c84fa94-04c1-424b-9868-57a2d4851a1d" relativeResultsDirectory="d4e54356-9938-464d-82d3-f887748d897d" />
    <UnitTestResult executionId="3d74f338-0ef8-483c-bea9-f835491f8de8" testId="6a92e63a-f1a3-aa78-4994-eb75fdd05cc5" testName="ExecuteReaderWithMultipleParametersAsyncCancellationToken" computerName="DKSR-EFI-04" duration="00:00:00.0101215" startTime="2023-12-22T09:33:46.4750685+01:00" endTime="2023-12-22T09:33:46.4906930+01:00" testType="13cdc9d9-ddb5-4fa4-a97d-d965ccfc6d4b" outcome="Passed" testListId="8c84fa94-04c1-424b-9868-57a2d4851a1d" relativeResultsDirectory="3d74f338-0ef8-483c-bea9-f835491f8de8" />
    <UnitTestResult executionId="2f51877e-baa9-4ea6-8128-2019470cd7ec" testId="4ffad336-8474-5bea-4ff6-f37a84491ec4" testName="CreateLicenseRequest_Throws_WhenSitePublicKeyIsEmpty" computerName="DKSR-EFI-04" duration="00:00:00.1224105" startTime="2023-12-22T09:32:54.3029415+01:00" endTime="2023-12-22T09:32:54.4279416+01:00" testType="13cdc9d9-ddb5-4fa4-a97d-d965ccfc6d4b" outcome="Passed" testListId="8c84fa94-04c1-424b-9868-57a2d4851a1d" relativeResultsDirectory="2f51877e-baa9-4ea6-8128-2019470cd7ec" />
    <UnitTestResult executionId="809717c0-6d60-46d0-a481-cc4c66c95e11" testId="05e3ebf0-ca7b-6d21-9008-cd93cd416b08" testName="EndpointSupportsSsl_InvalidUri_Partial_Throws_ArgumentException" computerName="DKSR-EFI-04" duration="00:00:00.0005392" startTime="2023-12-22T09:34:19.7096086+01:00" endTime="2023-12-22T09:34:19.7252339+01:00" testType="13cdc9d9-ddb5-4fa4-a97d-d965ccfc6d4b" outcome="Passed" testListId="8c84fa94-04c1-424b-9868-57a2d4851a1d" relativeResultsDirectory="809717c0-6d60-46d0-a481-cc4c66c95e11" />
    <UnitTestResult executionId="184eb47e-6cd2-4a0a-b7ad-698887e1947e" testId="c0093cb3-d174-c24c-af87-4058fe1e0e56" testName="FormatByteSizeStringTest1" computerName="DKSR-EFI-04" duration="00:00:00.0083403" startTime="2023-12-22T09:32:50.6622988+01:00" endTime="2023-12-22T09:32:50.6622988+01:00" testType="13cdc9d9-ddb5-4fa4-a97d-d965ccfc6d4b" outcome="Passed" testListId="8c84fa94-04c1-424b-9868-57a2d4851a1d" relativeResultsDirectory="184eb47e-6cd2-4a0a-b7ad-698887e1947e" />
    <UnitTestResult executionId="15df6d95-6c57-4ebe-ac31-d3d1f6990a79" testId="e6168b43-db59-15ee-2867-16fe75fd5593" testName="DecryptAfterEncrypt_ShouldReturnSameStringAsInput_WhenUsingBase64" computerName="DKSR-EFI-04" duration="00:00:00.0004753" startTime="2023-12-22T09:34:19.7408584+01:00" endTime="2023-12-22T09:34:19.7408584+01:00" testType="13cdc9d9-ddb5-4fa4-a97d-d965ccfc6d4b" outcome="Passed" testListId="8c84fa94-04c1-424b-9868-57a2d4851a1d" relativeResultsDirectory="15df6d95-6c57-4ebe-ac31-d3d1f6990a79" />
    <UnitTestResult executionId="c56fc65c-a068-484e-af52-e35d62c4a6ad" testId="7846512e-b2de-90fb-3989-273d6ef474d7" testName="GetSqlConnection_TrustedConnectionWithUsernameAndPasswordSupplied__RemovesUserCredentials_Success" computerName="DKSR-EFI-04" duration="00:00:00.0009218" startTime="2023-12-22T09:34:19.5846057+01:00" endTime="2023-12-22T09:34:19.5846057+01:00" testType="13cdc9d9-ddb5-4fa4-a97d-d965ccfc6d4b" outcome="Passed" testListId="8c84fa94-04c1-424b-9868-57a2d4851a1d" relativeResultsDirectory="c56fc65c-a068-484e-af52-e35d62c4a6ad" />
    <UnitTestResult executionId="faef7cda-daad-4b9c-93d6-353e334e18f0" testId="89f9766a-a3f5-35f9-8ac2-917ccd2f55e2" testName="Write_ShouldNotWriteEmptyBytes_WhenPasswordIsEmptyString" computerName="DKSR-EFI-04" duration="00:00:00.0013697" startTime="2023-12-22T09:33:29.5999839+01:00" endTime="2023-12-22T09:33:29.5999839+01:00" testType="13cdc9d9-ddb5-4fa4-a97d-d965ccfc6d4b" outcome="Passed" testListId="8c84fa94-04c1-424b-9868-57a2d4851a1d" relativeResultsDirectory="faef7cda-daad-4b9c-93d6-353e334e18f0" />
    <UnitTestResult executionId="a810e764-5f64-4616-a550-3e0a3c6e4b3c" testId="54c9babb-7344-6611-91d4-2e6ce9100844" testName="FormatByteSizeStringTest20" computerName="DKSR-EFI-04" duration="00:00:00.0492741" startTime="2023-12-22T09:32:50.7091744+01:00" endTime="2023-12-22T09:32:50.7560519+01:00" testType="13cdc9d9-ddb5-4fa4-a97d-d965ccfc6d4b" outcome="Passed" testListId="8c84fa94-04c1-424b-9868-57a2d4851a1d" relativeResultsDirectory="a810e764-5f64-4616-a550-3e0a3c6e4b3c" />
    <UnitTestResult executionId="9639bac7-b690-446b-8b7b-295d7bd641e5" testId="8aad7972-6339-8666-6698-b41f02042ac3" testName="RemoveInvalidXMLChars_Email_SameResult" computerName="DKSR-EFI-04" duration="00:00:00.0001413" startTime="2023-12-22T09:33:30.0843605+01:00" endTime="2023-12-22T09:33:30.0843605+01:00" testType="13cdc9d9-ddb5-4fa4-a97d-d965ccfc6d4b" outcome="Passed" testListId="8c84fa94-04c1-424b-9868-57a2d4851a1d" relativeResultsDirectory="9639bac7-b690-446b-8b7b-295d7bd641e5" />
    <UnitTestResult executionId="93501dac-9c4f-433e-a48c-49a550273f28" testId="c552fac3-4ea7-3779-fb95-3ba1158677c6" testName="GetValue_AlwaysGetsNewestValue_WhenCustomComparerReturnsNoDifference" computerName="DKSR-EFI-04" duration="00:00:00.0016209" startTime="2023-12-22T09:32:50.8810505+01:00" endTime="2023-12-22T09:32:50.8810505+01:00" testType="13cdc9d9-ddb5-4fa4-a97d-d965ccfc6d4b" outcome="Passed" testListId="8c84fa94-04c1-424b-9868-57a2d4851a1d" relativeResultsDirectory="93501dac-9c4f-433e-a48c-49a550273f28" />
    <UnitTestResult executionId="557f0367-2c13-4e20-8434-3a1f91e1ed66" testId="1ae2f0d9-b8fd-b6f0-51fe-1bc460adf506" testName="EmptyPathToSecureFolderResultsInException" computerName="DKSR-EFI-04" duration="00:00:00.0008418" startTime="2023-12-22T09:32:53.0842851+01:00" endTime="2023-12-22T09:32:53.0842851+01:00" testType="13cdc9d9-ddb5-4fa4-a97d-d965ccfc6d4b" outcome="Passed" testListId="8c84fa94-04c1-424b-9868-57a2d4851a1d" relativeResultsDirectory="557f0367-2c13-4e20-8434-3a1f91e1ed66" />
    <UnitTestResult executionId="8e99cc2d-1458-487e-b4da-3fbec4115b4b" testId="df399b3b-65bd-eec7-8808-ddd74650eace" testName="EnforceUrlReservation_NoConflictingReservationsTest" computerName="DKSR-EFI-04" duration="00:00:00.0152168" startTime="2023-12-22T09:32:51.3341773+01:00" endTime="2023-12-22T09:32:51.3498019+01:00" testType="13cdc9d9-ddb5-4fa4-a97d-d965ccfc6d4b" outcome="Passed" testListId="8c84fa94-04c1-424b-9868-57a2d4851a1d" relativeResultsDirectory="8e99cc2d-1458-487e-b4da-3fbec4115b4b" />
    <UnitTestResult executionId="d4b91a91-4735-450c-802a-52dd03d6e041" testId="d4296253-5030-756d-1bbe-e24219eba037" testName="CreateStrongWildcard_NoRelativePathTest" computerName="DKSR-EFI-04" duration="00:00:00.0003041" startTime="2023-12-22T09:32:51.0841764+01:00" endTime="2023-12-22T09:32:51.0841764+01:00" testType="13cdc9d9-ddb5-4fa4-a97d-d965ccfc6d4b" outcome="Passed" testListId="8c84fa94-04c1-424b-9868-57a2d4851a1d" relativeResultsDirectory="d4b91a91-4735-450c-802a-52dd03d6e041" />
    <UnitTestResult executionId="3f77cafd-3e33-4e12-9dc7-9f9e804d8527" testId="9fccf9d0-1398-60df-8898-e3a9adf19d4b" testName="Construction_InvalidNullKey_ThrowsArgumentNullException" computerName="DKSR-EFI-04" duration="00:00:00.0005748" startTime="2023-12-22T09:34:20.4127389+01:00" endTime="2023-12-22T09:34:20.4127389+01:00" testType="13cdc9d9-ddb5-4fa4-a97d-d965ccfc6d4b" outcome="Passed" testListId="8c84fa94-04c1-424b-9868-57a2d4851a1d" relativeResultsDirectory="3f77cafd-3e33-4e12-9dc7-9f9e804d8527" />
    <UnitTestResult executionId="21445df6-190d-4013-b160-620290534686" testId="0439a172-009c-f501-9d08-38e22fac348b" testName="DisposeConnectionWithActiveDbTransaction_Fail" computerName="DKSR-EFI-04" duration="00:00:00.0046229" startTime="2023-12-22T09:33:50.8188381+01:00" endTime="2023-12-22T09:33:50.8188381+01:00" testType="13cdc9d9-ddb5-4fa4-a97d-d965ccfc6d4b" outcome="Passed" testListId="8c84fa94-04c1-424b-9868-57a2d4851a1d" relativeResultsDirectory="21445df6-190d-4013-b160-620290534686" />
    <UnitTestResult executionId="7457ff8b-ea43-45bd-94e7-dc7593c83015" testId="5e52fd3b-a97f-b641-940c-114fded929a9" testName="IsUpdateNeeded_CalculateAllValues_WhenForceUpdateEncountered" computerName="DKSR-EFI-04" duration="00:00:00.0008261" startTime="2023-12-22T09:32:50.8966749+01:00" endTime="2023-12-22T09:32:50.8966749+01:00" testType="13cdc9d9-ddb5-4fa4-a97d-d965ccfc6d4b" outcome="Passed" testListId="8c84fa94-04c1-424b-9868-57a2d4851a1d" relativeResultsDirectory="7457ff8b-ea43-45bd-94e7-dc7593c83015" />
    <UnitTestResult executionId="98c89b2c-eeb0-45bf-a4d4-c3496384d04a" testId="fd002043-94ea-412f-04ec-e9432b63a536" testName="UsingMultipleReadersBeingClosedSameConnection" computerName="DKSR-EFI-04" duration="00:00:00.0055160" startTime="2023-12-22T09:33:46.2875671+01:00" endTime="2023-12-22T09:33:46.2875671+01:00" testType="13cdc9d9-ddb5-4fa4-a97d-d965ccfc6d4b" outcome="Passed" testListId="8c84fa94-04c1-424b-9868-57a2d4851a1d" relativeResultsDirectory="98c89b2c-eeb0-45bf-a4d4-c3496384d04a" />
    <UnitTestResult executionId="5ad41b54-a638-4914-a63a-06c7e5ffa601" testId="b5d362df-a389-42fa-9e5b-f44d2b7d39a0" testName="GenerateKey_LenghtIsValid" computerName="DKSR-EFI-04" duration="00:00:00.0005567" startTime="2023-12-22T09:34:19.7252339+01:00" endTime="2023-12-22T09:34:19.7252339+01:00" testType="13cdc9d9-ddb5-4fa4-a97d-d965ccfc6d4b" outcome="Passed" testListId="8c84fa94-04c1-424b-9868-57a2d4851a1d" relativeResultsDirectory="5ad41b54-a638-4914-a63a-06c7e5ffa601" />
    <UnitTestResult executionId="5666a18c-88ee-4de5-b522-37e52e88547e" testId="4d0e6ccb-b8ae-ea93-2cb9-dd7bb56ee216" testName="Close_WhenNotInitialized_Refuse" computerName="DKSR-EFI-04" duration="00:00:00.0002945" startTime="2023-12-22T09:32:50.9122997+01:00" endTime="2023-12-22T09:32:50.9122997+01:00" testType="13cdc9d9-ddb5-4fa4-a97d-d965ccfc6d4b" outcome="Passed" testListId="8c84fa94-04c1-424b-9868-57a2d4851a1d" relativeResultsDirectory="5666a18c-88ee-4de5-b522-37e52e88547e" />
    <UnitTestResult executionId="9d4b9b56-a3d5-4689-9096-9a121ef877fd" testId="d476b362-e580-bb82-4252-c400e3ae9d2d" testName="GetContentFromInitialLicenseFile_WrongContentType_ThrowsException" computerName="DKSR-EFI-04" duration="00:00:00.0007133" startTime="2023-12-22T09:32:53.6466883+01:00" endTime="2023-12-22T09:32:53.6623116+01:00" testType="13cdc9d9-ddb5-4fa4-a97d-d965ccfc6d4b" outcome="Passed" testListId="8c84fa94-04c1-424b-9868-57a2d4851a1d" relativeResultsDirectory="9d4b9b56-a3d5-4689-9096-9a121ef877fd" />
    <UnitTestResult executionId="a5378bba-d46f-46b6-8611-d92fe1c335ab" testId="f367e524-c1bc-ef8d-3a94-8969f7cfeb92" testName="DatabaseConnectionInfoFromStorage_GetConnectionString_NewPasswordConfigured_Success" computerName="DKSR-EFI-04" duration="00:00:00.0081797" startTime="2023-12-22T09:33:49.9750854+01:00" endTime="2023-12-22T09:33:49.9907108+01:00" testType="13cdc9d9-ddb5-4fa4-a97d-d965ccfc6d4b" outcome="Passed" testListId="8c84fa94-04c1-424b-9868-57a2d4851a1d" relativeResultsDirectory="a5378bba-d46f-46b6-8611-d92fe1c335ab" />
    <UnitTestResult executionId="e498149f-0f66-4f62-b81b-01972968cd5b" testId="6cd5c2e3-097a-d9af-6be7-8207142d750b" testName="ExecuteScalarAsync" computerName="DKSR-EFI-04" duration="00:00:00.0166812" startTime="2023-12-22T09:33:46.2094407+01:00" endTime="2023-12-22T09:33:46.2250709+01:00" testType="13cdc9d9-ddb5-4fa4-a97d-d965ccfc6d4b" outcome="Passed" testListId="8c84fa94-04c1-424b-9868-57a2d4851a1d" relativeResultsDirectory="e498149f-0f66-4f62-b81b-01972968cd5b" />
    <UnitTestResult executionId="1bbec27c-9810-467e-86be-e5baf981f91e" testId="116fd96b-dde0-1b91-6cf9-e6ca8d269e2b" testName="EncryptStringDataTestWrongPasswordDES" computerName="DKSR-EFI-04" duration="00:00:00.0165486" startTime="2023-12-22T09:34:20.2252336+01:00" endTime="2023-12-22T09:34:20.2408589+01:00" testType="13cdc9d9-ddb5-4fa4-a97d-d965ccfc6d4b" outcome="Passed" testListId="8c84fa94-04c1-424b-9868-57a2d4851a1d" relativeResultsDirectory="1bbec27c-9810-467e-86be-e5baf981f91e" />
    <UnitTestResult executionId="435c7bc8-cd58-433d-8a64-7d43c4e771d2" testId="bc17b61c-cd60-94e8-8c15-436ea8d13b69" testName="EncryptionFactory_KeyInformationIsDifferent_OnDefaultCreateAsymmetricForLicense" computerName="DKSR-EFI-04" duration="00:00:00.3203440" startTime="2023-12-22T09:34:21.2096159+01:00" endTime="2023-12-22T09:34:21.5221171+01:00" testType="13cdc9d9-ddb5-4fa4-a97d-d965ccfc6d4b" outcome="Passed" testListId="8c84fa94-04c1-424b-9868-57a2d4851a1d" relativeResultsDirectory="435c7bc8-cd58-433d-8a64-7d43c4e771d2" />
    <UnitTestResult executionId="acbb0f20-1899-42de-858a-a58290676221" testId="f43ec50a-fe4e-bc05-8238-dad9d20ec786" testName="DatabaseConnectionInfoConfigurator_Write_UpdateRegistry_UnauthorizedAccessException" computerName="DKSR-EFI-04" duration="00:00:00.0544722" startTime="2023-12-22T09:33:49.8969582+01:00" endTime="2023-12-22T09:33:49.9438348+01:00" testType="13cdc9d9-ddb5-4fa4-a97d-d965ccfc6d4b" outcome="Passed" testListId="8c84fa94-04c1-424b-9868-57a2d4851a1d" relativeResultsDirectory="acbb0f20-1899-42de-858a-a58290676221" />
    <UnitTestResult executionId="901ed85d-f94e-4f50-8881-18056b5bea02" testId="ea331341-2f4e-7558-3dc3-a10798b3016a" testName="MacAddressUtilities_CreateHashString_ArgumentException_NotHex" computerName="DKSR-EFI-04" duration="00:00:00.0005515" startTime="2023-12-22T09:34:19.7096086+01:00" endTime="2023-12-22T09:34:19.7096086+01:00" testType="13cdc9d9-ddb5-4fa4-a97d-d965ccfc6d4b" outcome="Passed" testListId="8c84fa94-04c1-424b-9868-57a2d4851a1d" relativeResultsDirectory="901ed85d-f94e-4f50-8881-18056b5bea02" />
    <UnitTestResult executionId="2d637e11-c076-4c97-9dca-016d2224db7e" testId="ea5f9d0a-a52f-9a24-e46b-3856d2f10f55" testName="TestLoadOf2DifferentResources" computerName="DKSR-EFI-04" duration="00:00:00.4579194" startTime="2023-12-22T09:32:53.0998086+01:00" endTime="2023-12-22T09:32:53.5685616+01:00" testType="13cdc9d9-ddb5-4fa4-a97d-d965ccfc6d4b" outcome="Passed" testListId="8c84fa94-04c1-424b-9868-57a2d4851a1d" relativeResultsDirectory="2d637e11-c076-4c97-9dca-016d2224db7e" />
    <UnitTestResult executionId="1005dab5-4f8b-4f6a-bd6c-070dff600a91" testId="df6d7b1c-43d9-e887-7f51-aeb45e0f272c" testName="CreateIPBoundWeakWildcard_IPv4_WithRelativePathTest" computerName="DKSR-EFI-04" duration="00:00:00.0001788" startTime="2023-12-22T09:32:51.0998013+01:00" endTime="2023-12-22T09:32:51.0998013+01:00" testType="13cdc9d9-ddb5-4fa4-a97d-d965ccfc6d4b" outcome="Passed" testListId="8c84fa94-04c1-424b-9868-57a2d4851a1d" relativeResultsDirectory="1005dab5-4f8b-4f6a-bd6c-070dff600a91" />
    <UnitTestResult executionId="a6fb6f24-1bca-448d-a5ac-c35fcd9be9b7" testId="1f5e1d3e-236e-bc5a-967a-dd18746e51f8" testName="UsingMultipleReadersSameConnection" computerName="DKSR-EFI-04" duration="00:00:00.0047588" startTime="2023-12-22T09:33:46.2719414+01:00" endTime="2023-12-22T09:33:46.2875671+01:00" testType="13cdc9d9-ddb5-4fa4-a97d-d965ccfc6d4b" outcome="Passed" testListId="8c84fa94-04c1-424b-9868-57a2d4851a1d" relativeResultsDirectory="a6fb6f24-1bca-448d-a5ac-c35fcd9be9b7" />
    <UnitTestResult executionId="4cd99167-f4e4-4d1e-810c-59793ed497aa" testId="7e825cf4-9719-bedc-fb4d-0b42e7afd1d3" testName="WhenExecuteScalarFailsDatabaseExceptionsAreThrownWithCorrectErrorNumber" computerName="DKSR-EFI-04" duration="00:00:00.0394559" startTime="2023-12-22T09:33:46.7094440+01:00" endTime="2023-12-22T09:33:46.7406937+01:00" testType="13cdc9d9-ddb5-4fa4-a97d-d965ccfc6d4b" outcome="Passed" testListId="8c84fa94-04c1-424b-9868-57a2d4851a1d" relativeResultsDirectory="4cd99167-f4e4-4d1e-810c-59793ed497aa" />
    <UnitTestResult executionId="55e0960c-4f59-4c27-85dc-6a94c564c216" testId="e60a23b1-5d6b-f911-7213-6c4009dad4ad" testName="Constructor_ShouldThrowArgumentNullException_WhenSecureFolderIsNull" computerName="DKSR-EFI-04" duration="00:00:00.0004853" startTime="2023-12-22T09:33:29.4593577+01:00" endTime="2023-12-22T09:33:29.4593577+01:00" testType="13cdc9d9-ddb5-4fa4-a97d-d965ccfc6d4b" outcome="Passed" testListId="8c84fa94-04c1-424b-9868-57a2d4851a1d" relativeResultsDirectory="55e0960c-4f59-4c27-85dc-6a94c564c216" />
    <UnitTestResult executionId="4c6fe3a5-a041-4faa-87c4-463b6bc51ea0" testId="df428e74-abbd-9d65-2a41-bac9bd58b6db" testName="FormatByteSizeStringTest6" computerName="DKSR-EFI-04" duration="00:00:00.0003481" startTime="2023-12-22T09:32:50.6935485+01:00" endTime="2023-12-22T09:32:50.6935485+01:00" testType="13cdc9d9-ddb5-4fa4-a97d-d965ccfc6d4b" outcome="Passed" testListId="8c84fa94-04c1-424b-9868-57a2d4851a1d" relativeResultsDirectory="4c6fe3a5-a041-4faa-87c4-463b6bc51ea0" />
    <UnitTestResult executionId="f91da2bd-ed31-4ab1-9e46-5c0a6d643355" testId="f0788877-1309-4377-71d6-529ae40b5764" testName="HSL_InvalidS_ThrowsArgumentException" computerName="DKSR-EFI-04" duration="00:00:00.0013993" startTime="2023-12-22T09:34:21.9908681+01:00" endTime="2023-12-22T09:34:21.9908681+01:00" testType="13cdc9d9-ddb5-4fa4-a97d-d965ccfc6d4b" outcome="Passed" testListId="8c84fa94-04c1-424b-9868-57a2d4851a1d" relativeResultsDirectory="f91da2bd-ed31-4ab1-9e46-5c0a6d643355" />
    <UnitTestResult executionId="de7ffad6-7f8e-4d06-b640-162ade63f079" testId="07a602aa-40be-99a8-aab7-0223ae7770b6" testName="FormatTimeSpanStringTest2" computerName="DKSR-EFI-04" duration="00:00:00.0002710" startTime="2023-12-22T09:32:50.6310494+01:00" endTime="2023-12-22T09:32:50.6310494+01:00" testType="13cdc9d9-ddb5-4fa4-a97d-d965ccfc6d4b" outcome="Passed" testListId="8c84fa94-04c1-424b-9868-57a2d4851a1d" relativeResultsDirectory="de7ffad6-7f8e-4d06-b640-162ade63f079" />
    <UnitTestResult executionId="158caa2b-8281-44d9-a282-d354fdcaf6aa" testId="9a5079f6-67ed-9d1f-498a-1ac5c779f5de" testName="To_Async" computerName="DKSR-EFI-04" duration="00:00:00.1752020" startTime="2023-12-22T09:32:52.1779316+01:00" endTime="2023-12-22T09:32:52.3654316+01:00" testType="13cdc9d9-ddb5-4fa4-a97d-d965ccfc6d4b" outcome="Passed" testListId="8c84fa94-04c1-424b-9868-57a2d4851a1d" relativeResultsDirectory="158caa2b-8281-44d9-a282-d354fdcaf6aa" />
    <UnitTestResult executionId="628602e2-d7cb-4916-ae6e-b480034626ea" testId="12b2272e-7e3e-149e-15be-364df403867d" testName="NullAccountValueResultsInException" computerName="DKSR-EFI-04" duration="00:00:00.0007237" startTime="2023-12-22T09:32:53.0842851+01:00" endTime="2023-12-22T09:32:53.0998086+01:00" testType="13cdc9d9-ddb5-4fa4-a97d-d965ccfc6d4b" outcome="Passed" testListId="8c84fa94-04c1-424b-9868-57a2d4851a1d" relativeResultsDirectory="628602e2-d7cb-4916-ae6e-b480034626ea" />
    <UnitTestResult executionId="8de092f0-8dcf-4252-82da-fa78f4d44f2b" testId="0a10c4f5-63d2-9d6e-7859-29baf43ee467" testName="ReadPassword_CorrectlyThrowsIOException_WhenMissingFileOrFolder" computerName="DKSR-EFI-04" duration="00:00:00.0057751" startTime="2023-12-22T09:33:29.4906094+01:00" endTime="2023-12-22T09:33:29.4906094+01:00" testType="13cdc9d9-ddb5-4fa4-a97d-d965ccfc6d4b" outcome="Passed" testListId="8c84fa94-04c1-424b-9868-57a2d4851a1d" relativeResultsDirectory="8de092f0-8dcf-4252-82da-fa78f4d44f2b" />
    <UnitTestResult executionId="143674fa-4506-45e3-9551-5735dcac1c08" testId="8bf7f106-e8d8-dc46-4a35-c6b998ed2b47" testName="Constructor_String_Object_Success" computerName="DKSR-EFI-04" duration="00:00:00.0003319" startTime="2023-12-22T09:34:19.4283545+01:00" endTime="2023-12-22T09:34:19.4283545+01:00" testType="13cdc9d9-ddb5-4fa4-a97d-d965ccfc6d4b" outcome="Passed" testListId="8c84fa94-04c1-424b-9868-57a2d4851a1d" relativeResultsDirectory="143674fa-4506-45e3-9551-5735dcac1c08" />
    <UnitTestResult executionId="c2409a9c-5a9b-4977-a073-dd15eba1b3a0" testId="c2370614-d604-7777-0b7d-92bf5f34040d" testName="EncryptionFactory_Throws_OnCreateAsymmetricWithKeysEmptyPaddingAndBlobNotNull" computerName="DKSR-EFI-04" duration="00:00:00.0005296" startTime="2023-12-22T09:34:21.1783652+01:00" endTime="2023-12-22T09:34:21.1783652+01:00" testType="13cdc9d9-ddb5-4fa4-a97d-d965ccfc6d4b" outcome="Passed" testListId="8c84fa94-04c1-424b-9868-57a2d4851a1d" relativeResultsDirectory="c2409a9c-5a9b-4977-a073-dd15eba1b3a0" />
    <UnitTestResult executionId="f39e5a42-7a4b-4149-bfb9-9ef2ecf5ecbf" testId="dd9c00b0-a9d0-b2f3-1f0f-3a9a641e0da9" testName="ExecuteReaderTwoRows" computerName="DKSR-EFI-04" duration="00:00:00.0098929" startTime="2023-12-22T09:33:46.2875671+01:00" endTime="2023-12-22T09:33:46.3031918+01:00" testType="13cdc9d9-ddb5-4fa4-a97d-d965ccfc6d4b" outcome="Passed" testListId="8c84fa94-04c1-424b-9868-57a2d4851a1d" relativeResultsDirectory="f39e5a42-7a4b-4149-bfb9-9ef2ecf5ecbf" />
    <UnitTestResult executionId="26fd470a-e65b-4cc7-b2ca-8ae91c5de5fa" testId="5a5341a2-ae72-edbb-3ba1-5c07a01ee3cd" testName="ComputeHash_ShouldReturnSameHashForSameString" computerName="DKSR-EFI-04" duration="00:00:00.0077570" startTime="2023-12-22T09:34:21.6314928+01:00" endTime="2023-12-22T09:34:21.6471165+01:00" testType="13cdc9d9-ddb5-4fa4-a97d-d965ccfc6d4b" outcome="Passed" testListId="8c84fa94-04c1-424b-9868-57a2d4851a1d" relativeResultsDirectory="26fd470a-e65b-4cc7-b2ca-8ae91c5de5fa" />
    <UnitTestResult executionId="972f6141-e755-4d12-943d-732b48059dfa" testId="9c9f11d7-7c4b-75ce-a5d7-663cc80417fd" testName="EndpointSupportsSsl_InvalidUri_Null_Throws_ArgumentNullException" computerName="DKSR-EFI-04" duration="00:00:00.0027896" startTime="2023-12-22T09:34:19.7096086+01:00" endTime="2023-12-22T09:34:19.7096086+01:00" testType="13cdc9d9-ddb5-4fa4-a97d-d965ccfc6d4b" outcome="Passed" testListId="8c84fa94-04c1-424b-9868-57a2d4851a1d" relativeResultsDirectory="972f6141-e755-4d12-943d-732b48059dfa" />
    <UnitTestResult executionId="75b0b1e2-59a3-4a8b-832f-9e7c6facf108" testId="1130b0a6-11ce-bcba-8475-9a827b5e62e1" testName="SignAndVerifyWithPrivateKeyRSA" computerName="DKSR-EFI-04" duration="00:00:00.0243776" startTime="2023-12-22T09:34:21.6783668+01:00" endTime="2023-12-22T09:34:21.6939941+01:00" testType="13cdc9d9-ddb5-4fa4-a97d-d965ccfc6d4b" outcome="Passed" testListId="8c84fa94-04c1-424b-9868-57a2d4851a1d" relativeResultsDirectory="75b0b1e2-59a3-4a8b-832f-9e7c6facf108" />
    <UnitTestResult executionId="5a0425f0-bc1b-4e2c-bf63-146fd5495c45" testId="9a282f7e-f649-65f1-029a-2b971c1a798c" testName="ExecuteNonQueryAsyncDefaultCancellationToken" computerName="DKSR-EFI-04" duration="00:00:00.0137064" startTime="2023-12-22T09:33:46.6938182+01:00" endTime="2023-12-22T09:33:46.6938182+01:00" testType="13cdc9d9-ddb5-4fa4-a97d-d965ccfc6d4b" outcome="Passed" testListId="8c84fa94-04c1-424b-9868-57a2d4851a1d" relativeResultsDirectory="5a0425f0-bc1b-4e2c-bf63-146fd5495c45" />
    <UnitTestResult executionId="0d9d90d3-734b-4098-a5c0-1ed42c4538cd" testId="f10d3486-2847-7d12-3e88-c0a981db92bc" testName="UseEncryptionAndDecryptWithAndWithoutCompression" computerName="DKSR-EFI-04" duration="00:00:00.0084455" startTime="2023-12-22T09:34:20.1002352+01:00" endTime="2023-12-22T09:34:20.1158606+01:00" testType="13cdc9d9-ddb5-4fa4-a97d-d965ccfc6d4b" outcome="Passed" testListId="8c84fa94-04c1-424b-9868-57a2d4851a1d" relativeResultsDirectory="0d9d90d3-734b-4098-a5c0-1ed42c4538cd" />
    <UnitTestResult executionId="9481c20e-f6b3-4cb3-b6c5-db6930c5f19b" testId="9e77f6c7-c407-ae67-2194-60a57c0d0921" testName="ReadUrlReservationInfo_SunnyDayTest" computerName="DKSR-EFI-04" duration="00:00:00.0239304" startTime="2023-12-22T09:32:51.2873014+01:00" endTime="2023-12-22T09:32:51.3185519+01:00" testType="13cdc9d9-ddb5-4fa4-a97d-d965ccfc6d4b" outcome="Passed" testListId="8c84fa94-04c1-424b-9868-57a2d4851a1d" relativeResultsDirectory="9481c20e-f6b3-4cb3-b6c5-db6930c5f19b" />
    <UnitTestResult executionId="143b5c1c-9235-4946-b0c7-fc2642d80af1" testId="e5d974c9-a0eb-025e-acd9-38d4a0697b9c" testName="IsValidBase64String_DataDrivenTest (AA=,False)" computerName="DKSR-EFI-04" duration="00:00:00.0000064" startTime="2023-12-22T09:32:51.6466797+01:00" endTime="2023-12-22T09:32:51.6466797+01:00" testType="13cdc9d9-ddb5-4fa4-a97d-d965ccfc6d4b" outcome="Passed" testListId="8c84fa94-04c1-424b-9868-57a2d4851a1d" relativeResultsDirectory="143b5c1c-9235-4946-b0c7-fc2642d80af1" />
    <UnitTestResult executionId="9271250e-1237-42c3-b737-1a2839c9d0ba" testId="5f8087be-760c-ab73-a579-21273e63e33c" testName="HasPassword_ShouldReturnFalse_IfPasswordFileMissing" computerName="DKSR-EFI-04" duration="00:00:00.0021462" startTime="2023-12-22T09:33:29.5062351+01:00" endTime="2023-12-22T09:33:29.5218575+01:00" testType="13cdc9d9-ddb5-4fa4-a97d-d965ccfc6d4b" outcome="Passed" testListId="8c84fa94-04c1-424b-9868-57a2d4851a1d" relativeResultsDirectory="9271250e-1237-42c3-b737-1a2839c9d0ba" />
    <UnitTestResult executionId="21fbc709-53c0-4fbc-9e23-b29f44c1781c" testId="c7bbc647-3e1b-d450-cce3-09808a240509" testName="Parse_InvalidData_InvalidPortTest3" computerName="DKSR-EFI-04" duration="00:00:00.0004742" startTime="2023-12-22T09:32:51.0841764+01:00" endTime="2023-12-22T09:32:51.0841764+01:00" testType="13cdc9d9-ddb5-4fa4-a97d-d965ccfc6d4b" outcome="Passed" testListId="8c84fa94-04c1-424b-9868-57a2d4851a1d" relativeResultsDirectory="21fbc709-53c0-4fbc-9e23-b29f44c1781c" />
    <UnitTestResult executionId="4de74763-7a70-4862-b7fb-92568665be81" testId="01e65a26-a5d3-bfb1-c381-2771c7672c34" testName="GetSqlConnection_TrustedConnectionTrue_Success" computerName="DKSR-EFI-04" duration="00:00:00.0011339" startTime="2023-12-22T09:34:19.5689806+01:00" endTime="2023-12-22T09:34:19.5689806+01:00" testType="13cdc9d9-ddb5-4fa4-a97d-d965ccfc6d4b" outcome="Passed" testListId="8c84fa94-04c1-424b-9868-57a2d4851a1d" relativeResultsDirectory="4de74763-7a70-4862-b7fb-92568665be81" />
    <UnitTestResult executionId="74bacbc8-3504-440d-9c83-8fd626c67966" testId="a490e7e3-6c82-1670-0095-a769f3bb9318" testName="StartWritingSession_ShouldThrowArgumentNullException_WhenAccountNameIsNull" computerName="DKSR-EFI-04" duration="00:00:00.0007024" startTime="2023-12-22T09:33:29.4749847+01:00" endTime="2023-12-22T09:33:29.4749847+01:00" testType="13cdc9d9-ddb5-4fa4-a97d-d965ccfc6d4b" outcome="Passed" testListId="8c84fa94-04c1-424b-9868-57a2d4851a1d" relativeResultsDirectory="74bacbc8-3504-440d-9c83-8fd626c67966" />
    <UnitTestResult executionId="18512422-af24-430b-9653-e8850b86c7da" testId="e16b4985-2710-073b-d4ec-46bcb416a89f" testName="NullCheckThrowsWhenObjectIsNull" computerName="DKSR-EFI-04" duration="00:00:00.0013792" startTime="2023-12-22T09:32:51.6623069+01:00" endTime="2023-12-22T09:32:51.6623069+01:00" testType="13cdc9d9-ddb5-4fa4-a97d-d965ccfc6d4b" outcome="Passed" testListId="8c84fa94-04c1-424b-9868-57a2d4851a1d" relativeResultsDirectory="18512422-af24-430b-9653-e8850b86c7da" />
    <UnitTestResult executionId="9d96fbe5-11fc-403a-ba3e-07ba7d1ea2c1" testId="552a5c00-90d7-2914-85c7-10a59905e17b" testName="FormatByteSizeStringExactTest10" computerName="DKSR-EFI-04" duration="00:00:00.0001375" startTime="2023-12-22T09:32:50.8029252+01:00" endTime="2023-12-22T09:32:50.8029252+01:00" testType="13cdc9d9-ddb5-4fa4-a97d-d965ccfc6d4b" outcome="Passed" testListId="8c84fa94-04c1-424b-9868-57a2d4851a1d" relativeResultsDirectory="9d96fbe5-11fc-403a-ba3e-07ba7d1ea2c1" />
    <UnitTestResult executionId="71421e2f-1ca9-44c3-9662-28df4056818c" testId="6c12bb8d-3fcd-ce0c-8c0e-f9a545e5d0e9" testName="Parse_Explicit_Https_WithRelativePathTest" computerName="DKSR-EFI-04" duration="00:00:00.0001560" startTime="2023-12-22T09:32:51.0529257+01:00" endTime="2023-12-22T09:32:51.0529257+01:00" testType="13cdc9d9-ddb5-4fa4-a97d-d965ccfc6d4b" outcome="Passed" testListId="8c84fa94-04c1-424b-9868-57a2d4851a1d" relativeResultsDirectory="71421e2f-1ca9-44c3-9662-28df4056818c" />
    <UnitTestResult executionId="86fa1a28-8a78-47f7-9b34-7839edf67c5c" testId="4878715f-458a-49dd-3d11-419fd3e2c661" testName="IsValidBase64String_DataDrivenTest (====,False)" computerName="DKSR-EFI-04" duration="00:00:00.0000071" startTime="2023-12-22T09:32:51.6623069+01:00" endTime="2023-12-22T09:32:51.6623069+01:00" testType="13cdc9d9-ddb5-4fa4-a97d-d965ccfc6d4b" outcome="Passed" testListId="8c84fa94-04c1-424b-9868-57a2d4851a1d" relativeResultsDirectory="86fa1a28-8a78-47f7-9b34-7839edf67c5c" />
    <UnitTestResult executionId="77f4a813-ae3e-4c25-97a3-7746c7d90671" testId="6a60a5ac-aaa9-dc6c-d920-a86623f03938" testName="ValidateWebAddress_WithNull" computerName="DKSR-EFI-04" duration="00:00:00.0045983" startTime="2023-12-22T09:34:19.6471079+01:00" endTime="2023-12-22T09:34:19.6471079+01:00" testType="13cdc9d9-ddb5-4fa4-a97d-d965ccfc6d4b" outcome="Passed" testListId="8c84fa94-04c1-424b-9868-57a2d4851a1d" relativeResultsDirectory="77f4a813-ae3e-4c25-97a3-7746c7d90671">
      <Output>
        <StdOut>Debug Trace:&#xD;
Fail: address is null&#xD;
Fail: address is null&#xD;
Fail: address is null</StdOut>
      </Output>
    </UnitTestResult>
    <UnitTestResult executionId="d66cd825-df78-44a4-a533-d71270ea1cec" testId="1ba5436e-01a2-6387-85da-a1e3d5b0618d" testName="OnlyRetriesALimitedNumberOfTimesOnConnectionError" computerName="DKSR-EFI-04" duration="00:00:09.6948365" startTime="2023-12-22T09:33:51.8344680+01:00" endTime="2023-12-22T09:34:01.5220171+01:00" testType="13cdc9d9-ddb5-4fa4-a97d-d965ccfc6d4b" outcome="Passed" testListId="8c84fa94-04c1-424b-9868-57a2d4851a1d" relativeResultsDirectory="d66cd825-df78-44a4-a533-d71270ea1cec" />
    <UnitTestResult executionId="bebe524a-d4d1-41d2-b75e-e009abd0b4cd" testId="7ea4c52f-c964-05ae-10c5-e89520b6faa5" testName="FormatByteSizeStringExactULTest8" computerName="DKSR-EFI-04" duration="00:00:00.0001253" startTime="2023-12-22T09:32:50.8029252+01:00" endTime="2023-12-22T09:32:50.8029252+01:00" testType="13cdc9d9-ddb5-4fa4-a97d-d965ccfc6d4b" outcome="Passed" testListId="8c84fa94-04c1-424b-9868-57a2d4851a1d" relativeResultsDirectory="bebe524a-d4d1-41d2-b75e-e009abd0b4cd" />
    <UnitTestResult executionId="ad32b1fb-ee55-4e40-a732-a2dd33c54fae" testId="00cd8ac6-7e8f-faef-bb3f-cd1a5ea8560f" testName="KilledConnectionCanBeReEstablishedWithCorrectTransactionHandling" computerName="DKSR-EFI-04" duration="00:00:00.6574164" startTime="2023-12-22T09:34:01.5376396+01:00" endTime="2023-12-22T09:34:02.1938932+01:00" testType="13cdc9d9-ddb5-4fa4-a97d-d965ccfc6d4b" outcome="Passed" testListId="8c84fa94-04c1-424b-9868-57a2d4851a1d" relativeResultsDirectory="ad32b1fb-ee55-4e40-a732-a2dd33c54fae" />
    <UnitTestResult executionId="f4efe5c1-e10e-4071-96ed-ade9d0baf278" testId="020278e1-db17-5a0f-fbe8-5c9de3d6118a" testName="Task_Factory_Delay_Cancels" computerName="DKSR-EFI-04" duration="00:00:00.0102464" startTime="2023-12-22T09:32:52.1466813+01:00" endTime="2023-12-22T09:32:52.1623048+01:00" testType="13cdc9d9-ddb5-4fa4-a97d-d965ccfc6d4b" outcome="Passed" testListId="8c84fa94-04c1-424b-9868-57a2d4851a1d" relativeResultsDirectory="f4efe5c1-e10e-4071-96ed-ade9d0baf278" />
    <UnitTestResult executionId="37b96075-6146-4260-a7db-0a3b2e962c2a" testId="342537f6-8a0d-6ff0-8e49-021dfa1dd8a5" testName="DeadlockedOperationsAreRetried" computerName="DKSR-EFI-04" duration="00:00:05.2097183" startTime="2023-12-22T09:34:02.1938932+01:00" endTime="2023-12-22T09:34:07.4126687+01:00" testType="13cdc9d9-ddb5-4fa4-a97d-d965ccfc6d4b" outcome="Passed" testListId="8c84fa94-04c1-424b-9868-57a2d4851a1d" relativeResultsDirectory="37b96075-6146-4260-a7db-0a3b2e962c2a" />
    <UnitTestResult executionId="17e37a1b-1185-49a5-accb-cbe5e0443243" testId="c2dd9515-b767-f4ba-958d-84c8ff4654b3" testName="GetSqlConnection_IntegratedSecuritySetUsingTrue_Success" computerName="DKSR-EFI-04" duration="00:00:00.0008780" startTime="2023-12-22T09:34:19.5533558+01:00" endTime="2023-12-22T09:34:19.5533558+01:00" testType="13cdc9d9-ddb5-4fa4-a97d-d965ccfc6d4b" outcome="Passed" testListId="8c84fa94-04c1-424b-9868-57a2d4851a1d" relativeResultsDirectory="17e37a1b-1185-49a5-accb-cbe5e0443243" />
    <UnitTestResult executionId="69f5fe89-5576-4106-b8cf-8a1315bea00c" testId="a05684be-5eeb-8561-d3e0-700b715c206b" testName="IsValidBase64String_DataDrivenTest (===,False)" computerName="DKSR-EFI-04" duration="00:00:00.0000068" startTime="2023-12-22T09:32:51.6623069+01:00" endTime="2023-12-22T09:32:51.6623069+01:00" testType="13cdc9d9-ddb5-4fa4-a97d-d965ccfc6d4b" outcome="Passed" testListId="8c84fa94-04c1-424b-9868-57a2d4851a1d" relativeResultsDirectory="69f5fe89-5576-4106-b8cf-8a1315bea00c" />
    <UnitTestResult executionId="4aa32690-cec3-451e-9b5b-dae50522e42f" testId="02a432cf-4b04-c72f-1b20-0817c3291678" testName="GetSqlConnection_IntegratedSecuritySetUsingYes_Success" computerName="DKSR-EFI-04" duration="00:00:00.0008230" startTime="2023-12-22T09:34:19.5689806+01:00" endTime="2023-12-22T09:34:19.5689806+01:00" testType="13cdc9d9-ddb5-4fa4-a97d-d965ccfc6d4b" outcome="Passed" testListId="8c84fa94-04c1-424b-9868-57a2d4851a1d" relativeResultsDirectory="4aa32690-cec3-451e-9b5b-dae50522e42f" />
    <UnitTestResult executionId="2b5cb457-6322-423c-821d-717977fa1788" testId="e9766c79-9236-08e6-5284-2828780a17e2" testName="ConstructDatabaseConnectionInfo_AuthenticationTypeFromConnectionString_Success" computerName="DKSR-EFI-04" duration="00:00:00.0059057" startTime="2023-12-22T09:33:50.0375856+01:00" endTime="2023-12-22T09:33:50.0532106+01:00" testType="13cdc9d9-ddb5-4fa4-a97d-d965ccfc6d4b" outcome="Passed" testListId="8c84fa94-04c1-424b-9868-57a2d4851a1d" relativeResultsDirectory="2b5cb457-6322-423c-821d-717977fa1788" />
    <UnitTestResult executionId="fc105bf3-2897-414b-a6ae-60c5dcf5979b" testId="7d262306-28f5-9c61-9381-2d687acc0526" testName="FormatByteSizeStringTest2" computerName="DKSR-EFI-04" duration="00:00:00.0004420" startTime="2023-12-22T09:32:50.6622988+01:00" endTime="2023-12-22T09:32:50.6622988+01:00" testType="13cdc9d9-ddb5-4fa4-a97d-d965ccfc6d4b" outcome="Passed" testListId="8c84fa94-04c1-424b-9868-57a2d4851a1d" relativeResultsDirectory="fc105bf3-2897-414b-a6ae-60c5dcf5979b" />
    <UnitTestResult executionId="80b19b57-7d1b-4227-873c-3c24d3acbc90" testId="263dd6e4-a3a8-61ea-bf9a-d13a8e2ef748" testName="Construction_InvalidNullPaddingValidKey_ThrowsArgumentNullException" computerName="DKSR-EFI-04" duration="00:00:00.0194874" startTime="2023-12-22T09:34:20.4127389+01:00" endTime="2023-12-22T09:34:20.4283640+01:00" testType="13cdc9d9-ddb5-4fa4-a97d-d965ccfc6d4b" outcome="Passed" testListId="8c84fa94-04c1-424b-9868-57a2d4851a1d" relativeResultsDirectory="80b19b57-7d1b-4227-873c-3c24d3acbc90" />
    <UnitTestResult executionId="3f417d7c-d81f-4d6c-a6c9-63956fe7bec7" testId="2d732d99-5668-950b-70cf-b930fe884f89" testName="EncryptKey_ShouldThrow_KeyWrongLenght" computerName="DKSR-EFI-04" duration="00:00:00.0006042" startTime="2023-12-22T09:33:29.3656084+01:00" endTime="2023-12-22T09:33:29.3656084+01:00" testType="13cdc9d9-ddb5-4fa4-a97d-d965ccfc6d4b" outcome="Passed" testListId="8c84fa94-04c1-424b-9868-57a2d4851a1d" relativeResultsDirectory="3f417d7c-d81f-4d6c-a6c9-63956fe7bec7" />
    <UnitTestResult executionId="fb688bba-679e-4ec7-a6c1-84cc050bd59b" testId="69427a53-a1fa-451a-dd3d-193fa3d2ed89" testName="Constructor_SingleReservation_All" computerName="DKSR-EFI-04" duration="00:00:00.0002231" startTime="2023-12-22T09:32:51.4904277+01:00" endTime="2023-12-22T09:32:51.4904277+01:00" testType="13cdc9d9-ddb5-4fa4-a97d-d965ccfc6d4b" outcome="Passed" testListId="8c84fa94-04c1-424b-9868-57a2d4851a1d" relativeResultsDirectory="fb688bba-679e-4ec7-a6c1-84cc050bd59b" />
    <UnitTestResult executionId="87195531-83d7-4bc4-914f-12c5d6d38077" testId="d7846be6-7e4b-5ce8-dbd4-5fe5d9692e54" testName="Given_TooLongPassword_When_Validating_AProperErrorMessageIsReturned" computerName="DKSR-EFI-04" duration="00:00:00.0002554" startTime="2023-12-22T09:32:50.5997973+01:00" endTime="2023-12-22T09:32:50.5997973+01:00" testType="13cdc9d9-ddb5-4fa4-a97d-d965ccfc6d4b" outcome="Passed" testListId="8c84fa94-04c1-424b-9868-57a2d4851a1d" relativeResultsDirectory="87195531-83d7-4bc4-914f-12c5d6d38077" />
    <UnitTestResult executionId="540b0782-eef8-4adb-aa44-e0f5abf8ca60" testId="83481054-699a-701b-1d41-0138e8ec3589" testName="DatabaseConnectionInfoFromStorage_GetConnectionString_NotConfigured_Success" computerName="DKSR-EFI-04" duration="00:00:00.0048107" startTime="2023-12-22T09:33:49.9907108+01:00" endTime="2023-12-22T09:33:49.9907108+01:00" testType="13cdc9d9-ddb5-4fa4-a97d-d965ccfc6d4b" outcome="Passed" testListId="8c84fa94-04c1-424b-9868-57a2d4851a1d" relativeResultsDirectory="540b0782-eef8-4adb-aa44-e0f5abf8ca60" />
    <UnitTestResult executionId="69ec34e4-94cc-4277-8b77-01d57159f7e7" testId="d5973ae0-1a5a-58c1-956c-6fab15082446" testName="InvalidAccountResultsInFileAccessControlException" computerName="DKSR-EFI-04" duration="00:00:00.0045037" startTime="2023-12-22T09:32:53.0998086+01:00" endTime="2023-12-22T09:32:53.0998086+01:00" testType="13cdc9d9-ddb5-4fa4-a97d-d965ccfc6d4b" outcome="Passed" testListId="8c84fa94-04c1-424b-9868-57a2d4851a1d" relativeResultsDirectory="69ec34e4-94cc-4277-8b77-01d57159f7e7" />
    <UnitTestResult executionId="50a29ad3-462a-4fc2-a14e-eee5168b0150" testId="c065f0d0-2817-1867-185a-3ef7d09d25ee" testName="PasswordOneRequirement" computerName="DKSR-EFI-04" duration="00:00:00.0008259" startTime="2023-12-22T09:32:50.5685477+01:00" endTime="2023-12-22T09:32:50.5685477+01:00" testType="13cdc9d9-ddb5-4fa4-a97d-d965ccfc6d4b" outcome="Passed" testListId="8c84fa94-04c1-424b-9868-57a2d4851a1d" relativeResultsDirectory="50a29ad3-462a-4fc2-a14e-eee5168b0150" />
    <UnitTestResult executionId="b3f546f7-3281-49dd-aef9-c5e67dff5446" testId="73ad64b2-400a-e2bf-e885-7761dc1b879c" testName="Decode_WhenInvalidBase64Data_Exception" computerName="DKSR-EFI-04" duration="00:00:00.0007995" startTime="2023-12-22T09:33:30.0062383+01:00" endTime="2023-12-22T09:33:30.0062383+01:00" testType="13cdc9d9-ddb5-4fa4-a97d-d965ccfc6d4b" outcome="Passed" testListId="8c84fa94-04c1-424b-9868-57a2d4851a1d" relativeResultsDirectory="b3f546f7-3281-49dd-aef9-c5e67dff5446" />
    <UnitTestResult executionId="5b952876-a3d8-4403-bf4c-0a7e56759f21" testId="42046de8-02dc-a2da-ccf9-8b26b63eb9da" testName="HasPassword_ShouldReturnTrue_IfPasswordExists" computerName="DKSR-EFI-04" duration="00:00:00.0013605" startTime="2023-12-22T09:33:29.5062351+01:00" endTime="2023-12-22T09:33:29.5062351+01:00" testType="13cdc9d9-ddb5-4fa4-a97d-d965ccfc6d4b" outcome="Passed" testListId="8c84fa94-04c1-424b-9868-57a2d4851a1d" relativeResultsDirectory="5b952876-a3d8-4403-bf4c-0a7e56759f21" />
    <UnitTestResult executionId="4538d262-a735-4563-87e7-4bc48ab12a64" testId="7f168450-7beb-3ded-6f55-bc3efe431ecc" testName="BulkProcessor_Exception_In_ProcessDelegate" computerName="DKSR-EFI-04" duration="00:00:00.0088356" startTime="2023-12-22T09:34:22.2252466+01:00" endTime="2023-12-22T09:34:22.2252466+01:00" testType="13cdc9d9-ddb5-4fa4-a97d-d965ccfc6d4b" outcome="Passed" testListId="8c84fa94-04c1-424b-9868-57a2d4851a1d" relativeResultsDirectory="4538d262-a735-4563-87e7-4bc48ab12a64" />
    <UnitTestResult executionId="08ab7882-d215-4f11-93fd-45d83312e90a" testId="44b9c38d-1fef-b34e-63e4-2c853e734fec" testName="RetryableActionNotRetriedWhenNotOwnerOfTheTransaction" computerName="DKSR-EFI-04" duration="00:00:00.4536619" startTime="2023-12-22T09:34:18.3971019+01:00" endTime="2023-12-22T09:34:18.8502277+01:00" testType="13cdc9d9-ddb5-4fa4-a97d-d965ccfc6d4b" outcome="Passed" testListId="8c84fa94-04c1-424b-9868-57a2d4851a1d" relativeResultsDirectory="08ab7882-d215-4f11-93fd-45d83312e90a" />
    <UnitTestResult executionId="41c0c993-6e12-41fe-8155-395c6efe41ce" testId="507232d5-754f-e710-0185-2ff162f52ec5" testName="IsValidBase64String_DataDrivenTest (==,False)" computerName="DKSR-EFI-04" duration="00:00:00.0000070" startTime="2023-12-22T09:32:51.6623069+01:00" endTime="2023-12-22T09:32:51.6623069+01:00" testType="13cdc9d9-ddb5-4fa4-a97d-d965ccfc6d4b" outcome="Passed" testListId="8c84fa94-04c1-424b-9868-57a2d4851a1d" relativeResultsDirectory="41c0c993-6e12-41fe-8155-395c6efe41ce" />
    <UnitTestResult executionId="39049b5e-b3d5-488c-87cb-27b5691aea1e" testId="41a53a4c-df21-f4fc-4388-a122124f3bd1" testName="CreateIPBoundWeakWildcard_IPv4_NoRelativePathTest" computerName="DKSR-EFI-04" duration="00:00:00.0031114" startTime="2023-12-22T09:32:51.0998013+01:00" endTime="2023-12-22T09:32:51.0998013+01:00" testType="13cdc9d9-ddb5-4fa4-a97d-d965ccfc6d4b" outcome="Passed" testListId="8c84fa94-04c1-424b-9868-57a2d4851a1d" relativeResultsDirectory="39049b5e-b3d5-488c-87cb-27b5691aea1e" />
    <UnitTestResult executionId="a577b529-6765-48a4-b130-f2d9c35d7114" testId="f6d26f80-8605-5ec6-603e-727ed3a6876d" testName="OpenCloseConnection_Success" computerName="DKSR-EFI-04" duration="00:00:00.0091173" startTime="2023-12-22T09:33:50.0688353+01:00" endTime="2023-12-22T09:33:50.0844583+01:00" testType="13cdc9d9-ddb5-4fa4-a97d-d965ccfc6d4b" outcome="Passed" testListId="8c84fa94-04c1-424b-9868-57a2d4851a1d" relativeResultsDirectory="a577b529-6765-48a4-b130-f2d9c35d7114" />
    <UnitTestResult executionId="1fbbe367-5524-4371-b82c-9d0e58e5786a" testId="88b06e89-6009-9e01-9e1f-9df25d08d8fb" testName="FormatByteSizeStringTest10" computerName="DKSR-EFI-04" duration="00:00:00.0003163" startTime="2023-12-22T09:32:50.6935485+01:00" endTime="2023-12-22T09:32:50.6935485+01:00" testType="13cdc9d9-ddb5-4fa4-a97d-d965ccfc6d4b" outcome="Passed" testListId="8c84fa94-04c1-424b-9868-57a2d4851a1d" relativeResultsDirectory="1fbbe367-5524-4371-b82c-9d0e58e5786a" />
    <UnitTestResult executionId="9aa9aa15-543f-455b-89a7-a4507429e2ff" testId="12123a04-6a7d-9a7e-532b-47db46b56af1" testName="FormatByteSizeStringExactTest8" computerName="DKSR-EFI-04" duration="00:00:00.0001321" startTime="2023-12-22T09:32:50.8029252+01:00" endTime="2023-12-22T09:32:50.8029252+01:00" testType="13cdc9d9-ddb5-4fa4-a97d-d965ccfc6d4b" outcome="Passed" testListId="8c84fa94-04c1-424b-9868-57a2d4851a1d" relativeResultsDirectory="9aa9aa15-543f-455b-89a7-a4507429e2ff" />
    <UnitTestResult executionId="c06b2a2e-0a27-4178-8826-50ca75f561ad" testId="cc2f0458-7e3c-9c3d-dda6-64eadd456796" testName="NullCheckHasInformationOnObjectTypeAndCaller" computerName="DKSR-EFI-04" duration="00:00:00.1040727" startTime="2023-12-22T09:32:51.6779291+01:00" endTime="2023-12-22T09:32:51.7873048+01:00" testType="13cdc9d9-ddb5-4fa4-a97d-d965ccfc6d4b" outcome="Passed" testListId="8c84fa94-04c1-424b-9868-57a2d4851a1d" relativeResultsDirectory="c06b2a2e-0a27-4178-8826-50ca75f561ad" />
    <UnitTestResult executionId="6ea676a8-5818-4095-8dc9-58f1bdaafd96" testId="6cc7bb11-75a5-32ad-c8ad-c89efbe80686" testName="RemoveInvalidXMLChars_Text_Invalid_Chars" computerName="DKSR-EFI-04" duration="00:00:00.0049085" startTime="2023-12-22T09:33:30.0531128+01:00" endTime="2023-12-22T09:33:30.0687371+01:00" testType="13cdc9d9-ddb5-4fa4-a97d-d965ccfc6d4b" outcome="Passed" testListId="8c84fa94-04c1-424b-9868-57a2d4851a1d" relativeResultsDirectory="6ea676a8-5818-4095-8dc9-58f1bdaafd96" />
    <UnitTestResult executionId="d0b7de32-b660-447c-9e1e-610e6832eb5e" testId="b5d83e8e-4d0e-c182-b397-53e926517e1d" testName="CreateWeakWildcard_NoRelativePathTest" computerName="DKSR-EFI-04" duration="00:00:00.0003546" startTime="2023-12-22T09:32:51.0841764+01:00" endTime="2023-12-22T09:32:51.0998013+01:00" testType="13cdc9d9-ddb5-4fa4-a97d-d965ccfc6d4b" outcome="Passed" testListId="8c84fa94-04c1-424b-9868-57a2d4851a1d" relativeResultsDirectory="d0b7de32-b660-447c-9e1e-610e6832eb5e" />
    <UnitTestResult executionId="16ea97e3-6bd1-43ff-a794-fe907c629e06" testId="7ed46f28-07a7-c553-1d74-d9036ab1b4c6" testName="DontLogInfoEntries" computerName="DKSR-EFI-04" duration="00:00:00.2573891" startTime="2023-12-22T09:33:44.9906846+01:00" endTime="2023-12-22T09:33:45.2563108+01:00" testType="13cdc9d9-ddb5-4fa4-a97d-d965ccfc6d4b" outcome="Passed" testListId="8c84fa94-04c1-424b-9868-57a2d4851a1d" relativeResultsDirectory="16ea97e3-6bd1-43ff-a794-fe907c629e06">
      <Output>
        <StdOut>Reading config from file: D:\actions-runner\_work\XPCO\XPCO\Common\VideoOS.Utilities\VideoOS.Utilities.UnitTests\bin\Debug\net472\VideoOS.Utilities.UnitTests.dll.config</StdOut>
      </Output>
    </UnitTestResult>
    <UnitTestResult executionId="cab4def0-4afc-4f48-a2f7-1083a03eacd0" testId="f8c8bf25-1814-de3b-561e-0b0f8c5b78f7" testName="PrettifyInlineXmlStringTest3" computerName="DKSR-EFI-04" duration="00:00:00.0030340" startTime="2023-12-22T09:32:50.8654237+01:00" endTime="2023-12-22T09:32:50.8654237+01:00" testType="13cdc9d9-ddb5-4fa4-a97d-d965ccfc6d4b" outcome="Passed" testListId="8c84fa94-04c1-424b-9868-57a2d4851a1d" relativeResultsDirectory="cab4def0-4afc-4f48-a2f7-1083a03eacd0" />
    <UnitTestResult executionId="5ff82f80-6195-4d85-899d-66c368b88914" testId="3e58a3f3-e167-2cb9-8bde-357e5cd2944a" testName="CreateCommandAsync" computerName="DKSR-EFI-04" duration="00:00:00.2612270" startTime="2023-12-22T09:33:50.3188376+01:00" endTime="2023-12-22T09:33:50.5688376+01:00" testType="13cdc9d9-ddb5-4fa4-a97d-d965ccfc6d4b" outcome="Passed" testListId="8c84fa94-04c1-424b-9868-57a2d4851a1d" relativeResultsDirectory="5ff82f80-6195-4d85-899d-66c368b88914" />
    <UnitTestResult executionId="f7d4ae0a-b88c-4538-b37c-0f92e512290f" testId="b6e0eee9-ccff-1841-5159-192acffe7d54" testName="NullCheckHasInformationOnObjectTypeAndCallerAndMayHaveOptionalText" computerName="DKSR-EFI-04" duration="00:00:00.0002839" startTime="2023-12-22T09:32:51.7873048+01:00" endTime="2023-12-22T09:32:51.7873048+01:00" testType="13cdc9d9-ddb5-4fa4-a97d-d965ccfc6d4b" outcome="Passed" testListId="8c84fa94-04c1-424b-9868-57a2d4851a1d" relativeResultsDirectory="f7d4ae0a-b88c-4538-b37c-0f92e512290f" />
    <UnitTestResult executionId="756c9fff-0ef0-4d42-a2e9-f11ac4b3ec29" testId="b1f69e38-77d1-ee6d-147d-e342e18f3b47" testName="ConstructDisposeConnection_Success" computerName="DKSR-EFI-04" duration="00:00:00.0002581" startTime="2023-12-22T09:33:50.0532106+01:00" endTime="2023-12-22T09:33:50.0688353+01:00" testType="13cdc9d9-ddb5-4fa4-a97d-d965ccfc6d4b" outcome="Passed" testListId="8c84fa94-04c1-424b-9868-57a2d4851a1d" relativeResultsDirectory="756c9fff-0ef0-4d42-a2e9-f11ac4b3ec29" />
    <UnitTestResult executionId="abd243d5-a811-4ecd-98df-17375b5db4f1" testId="938736be-da6f-5be3-9607-246b14c03969" testName="BulkProcessor_EnqueueOneItemMultipleTimes_ItemsAreProcessedOneByOne" computerName="DKSR-EFI-04" duration="00:00:00.0160706" startTime="2023-12-22T09:34:22.1158693+01:00" endTime="2023-12-22T09:34:22.1471204+01:00" testType="13cdc9d9-ddb5-4fa4-a97d-d965ccfc6d4b" outcome="Passed" testListId="8c84fa94-04c1-424b-9868-57a2d4851a1d" relativeResultsDirectory="abd243d5-a811-4ecd-98df-17375b5db4f1" />
    <UnitTestResult executionId="4d0ea999-3d89-4826-aa55-1f16b417aeb4" testId="26350551-6953-223e-76e4-b0ce05990dca" testName="RemoveInvalidXMLChars_Text_Escaped_Chars" computerName="DKSR-EFI-04" duration="00:00:00.0001387" startTime="2023-12-22T09:33:30.0843605+01:00" endTime="2023-12-22T09:33:30.0843605+01:00" testType="13cdc9d9-ddb5-4fa4-a97d-d965ccfc6d4b" outcome="Passed" testListId="8c84fa94-04c1-424b-9868-57a2d4851a1d" relativeResultsDirectory="4d0ea999-3d89-4826-aa55-1f16b417aeb4" />
    <UnitTestResult executionId="698ea4f8-6c56-4627-98db-fb772ec36b9a" testId="3ce70e32-65f4-c9ea-299d-457b4a6f9a94" testName="CreateExplicit_WithRelativePathTest" computerName="DKSR-EFI-04" duration="00:00:00.0001883" startTime="2023-12-22T09:32:51.1466761+01:00" endTime="2023-12-22T09:32:51.1466761+01:00" testType="13cdc9d9-ddb5-4fa4-a97d-d965ccfc6d4b" outcome="Passed" testListId="8c84fa94-04c1-424b-9868-57a2d4851a1d" relativeResultsDirectory="698ea4f8-6c56-4627-98db-fb772ec36b9a" />
    <UnitTestResult executionId="e926a793-cdfc-4ba4-be0d-3d2f4ba5e5c6" testId="4ca6052f-c840-9732-5b12-a57797e01e31" testName="Given_SomeFeaturesAreAvailable_When_EnsureFeaturesAreInstalled_WithFeaturesThatAreNotAllAvailableWhenInstalling_Then_ReturnsTheMissingFeature" computerName="DKSR-EFI-04" duration="00:00:00.0091110" startTime="2023-12-22T09:33:30.3187415+01:00" endTime="2023-12-22T09:33:30.3343629+01:00" testType="13cdc9d9-ddb5-4fa4-a97d-d965ccfc6d4b" outcome="Passed" testListId="8c84fa94-04c1-424b-9868-57a2d4851a1d" relativeResultsDirectory="e926a793-cdfc-4ba4-be0d-3d2f4ba5e5c6" />
    <UnitTestResult executionId="97d73c82-e7ba-4a9c-b20a-6eb67d140a16" testId="6d0e1946-60bc-70f5-178a-f1caca7a1cd4" testName="Parse_WeakWildcard_Https_WithRelativePathTest" computerName="DKSR-EFI-04" duration="00:00:00.0001488" startTime="2023-12-22T09:32:51.0529257+01:00" endTime="2023-12-22T09:32:51.0529257+01:00" testType="13cdc9d9-ddb5-4fa4-a97d-d965ccfc6d4b" outcome="Passed" testListId="8c84fa94-04c1-424b-9868-57a2d4851a1d" relativeResultsDirectory="97d73c82-e7ba-4a9c-b20a-6eb67d140a16" />
    <UnitTestResult executionId="da818921-8498-419c-804d-6a50596ba1ff" testId="edfd8024-fc78-5caa-9ced-0aad8b5219b8" testName="Parse_StrongWildcard_Http_NoRelativePathTest_NoTrailingSlash" computerName="DKSR-EFI-04" duration="00:00:00.0001993" startTime="2023-12-22T09:32:51.0216750+01:00" endTime="2023-12-22T09:32:51.0372990+01:00" testType="13cdc9d9-ddb5-4fa4-a97d-d965ccfc6d4b" outcome="Passed" testListId="8c84fa94-04c1-424b-9868-57a2d4851a1d" relativeResultsDirectory="da818921-8498-419c-804d-6a50596ba1ff" />
    <UnitTestResult executionId="dfaf0c12-4021-4c0e-9f3e-d451f05d5ae5" testId="6bd29839-713f-ccba-0e0c-5fbc266ff70b" testName="IsValidBase64String_DataDrivenTest (SWYgeW91IHJlYWQgdGhpcywgdGhhdCBtZWFucyB0aGF0IHlvdSBhcmUgY29vbCAh,True)" computerName="DKSR-EFI-04" duration="00:00:00.0000070" startTime="2023-12-22T09:32:51.6310528+01:00" endTime="2023-12-22T09:32:51.6310528+01:00" testType="13cdc9d9-ddb5-4fa4-a97d-d965ccfc6d4b" outcome="Passed" testListId="8c84fa94-04c1-424b-9868-57a2d4851a1d" relativeResultsDirectory="dfaf0c12-4021-4c0e-9f3e-d451f05d5ae5" />
    <UnitTestResult executionId="a9f16253-113d-4afa-9a23-7492d396104e" testId="9fd0b18c-3df9-4c15-ef66-ffe47725f43b" testName="DecryptAfterEncrypt_ReturnsSameString_OnInstanceMadeFromStoredKeys" computerName="DKSR-EFI-04" duration="00:00:00.0972895" startTime="2023-12-22T09:34:20.9439860+01:00" endTime="2023-12-22T09:34:21.0377374+01:00" testType="13cdc9d9-ddb5-4fa4-a97d-d965ccfc6d4b" outcome="Passed" testListId="8c84fa94-04c1-424b-9868-57a2d4851a1d" relativeResultsDirectory="a9f16253-113d-4afa-9a23-7492d396104e" />
    <UnitTestResult executionId="041aa5a2-3722-4654-97e7-d1e60263e34e" testId="07c9f0f9-ce0a-3e72-5a75-fff685f8ab78" testName="Task_Factory_Delay_Delays" computerName="DKSR-EFI-04" duration="00:00:00.3163042" startTime="2023-12-22T09:32:51.8341788+01:00" endTime="2023-12-22T09:32:52.1466813+01:00" testType="13cdc9d9-ddb5-4fa4-a97d-d965ccfc6d4b" outcome="Passed" testListId="8c84fa94-04c1-424b-9868-57a2d4851a1d" relativeResultsDirectory="041aa5a2-3722-4654-97e7-d1e60263e34e" />
    <UnitTestResult executionId="3cdbc76d-716c-4138-baad-73e1862c82b8" testId="e8e6b714-af06-5b9d-4b5f-edc4da5e1381" testName="BulkProcessor_IsClosing_WaitForRunningTaskToComplete" computerName="DKSR-EFI-04" duration="00:00:00.0350432" startTime="2023-12-22T09:34:22.1783703+01:00" endTime="2023-12-22T09:34:22.2252466+01:00" testType="13cdc9d9-ddb5-4fa4-a97d-d965ccfc6d4b" outcome="Passed" testListId="8c84fa94-04c1-424b-9868-57a2d4851a1d" relativeResultsDirectory="3cdbc76d-716c-4138-baad-73e1862c82b8" />
    <UnitTestResult executionId="7513fafa-20a6-48ea-a4e5-b2de6deabb0c" testId="f5511270-0fb3-efe2-4c7f-a5b555764879" testName="GetAllParametersWithMultipleParameters" computerName="DKSR-EFI-04" duration="00:00:00.0066239" startTime="2023-12-22T09:33:46.6313176+01:00" endTime="2023-12-22T09:33:46.6313176+01:00" testType="13cdc9d9-ddb5-4fa4-a97d-d965ccfc6d4b" outcome="Passed" testListId="8c84fa94-04c1-424b-9868-57a2d4851a1d" relativeResultsDirectory="7513fafa-20a6-48ea-a4e5-b2de6deabb0c" />
    <UnitTestResult executionId="76d89269-f868-4281-a2f9-6aff2c9d5c2a" testId="59fd16aa-fcf0-7b06-e458-4da33c7a4c9d" testName="RemoveInvalidXMLChars_Null_EmptyResult" computerName="DKSR-EFI-04" duration="00:00:00.0012062" startTime="2023-12-22T09:33:30.0374877+01:00" endTime="2023-12-22T09:33:30.0374877+01:00" testType="13cdc9d9-ddb5-4fa4-a97d-d965ccfc6d4b" outcome="Passed" testListId="8c84fa94-04c1-424b-9868-57a2d4851a1d" relativeResultsDirectory="76d89269-f868-4281-a2f9-6aff2c9d5c2a" />
    <UnitTestResult executionId="fafa5d57-8cf5-456e-ba63-854b967f9bb9" testId="1d6beb11-0274-40f5-e90d-24ccaf0432c0" testName="Parse_InvalidData_EmptyStringTest" computerName="DKSR-EFI-04" duration="00:00:00.0004464" startTime="2023-12-22T09:32:51.0685507+01:00" endTime="2023-12-22T09:32:51.0685507+01:00" testType="13cdc9d9-ddb5-4fa4-a97d-d965ccfc6d4b" outcome="Passed" testListId="8c84fa94-04c1-424b-9868-57a2d4851a1d" relativeResultsDirectory="fafa5d57-8cf5-456e-ba63-854b967f9bb9" />
    <UnitTestResult executionId="49f3e3c1-4ccc-443a-9b00-dde903e9587d" testId="a5bff13c-597c-eaf5-9a03-5b17d5688856" testName="SimpleWarningLevel" computerName="DKSR-EFI-04" duration="00:00:00.0003230" startTime="2023-12-22T09:33:44.2094311+01:00" endTime="2023-12-22T09:33:44.2094311+01:00" testType="13cdc9d9-ddb5-4fa4-a97d-d965ccfc6d4b" outcome="Passed" testListId="8c84fa94-04c1-424b-9868-57a2d4851a1d" relativeResultsDirectory="49f3e3c1-4ccc-443a-9b00-dde903e9587d" />
    <UnitTestResult executionId="ac00de40-74c6-4782-b739-d330a0984458" testId="cfb95d60-8354-a841-9f4b-0521240aa0b7" testName="RemoveInvalidXMLChars_Text_DanishLetters_NotRemoved" computerName="DKSR-EFI-04" duration="00:00:00.0001474" startTime="2023-12-22T09:33:30.0843605+01:00" endTime="2023-12-22T09:33:30.0843605+01:00" testType="13cdc9d9-ddb5-4fa4-a97d-d965ccfc6d4b" outcome="Passed" testListId="8c84fa94-04c1-424b-9868-57a2d4851a1d" relativeResultsDirectory="ac00de40-74c6-4782-b739-d330a0984458" />
    <UnitTestResult executionId="b6c9cf82-de6b-46a1-b8e5-3d43f26f00f4" testId="92d86efa-2ff9-f426-428c-2d042ed7e545" testName="Given_FeaturesAreAvailable_When_EnsureFeaturesAreInstalled_WithFeaturesThatInstallsWithSessionReloadRequired_Then_EnableFeaturesIsCalledWithExpectedArgumentsAndMethodReturnsInstalled" computerName="DKSR-EFI-04" duration="00:00:00.0173560" startTime="2023-12-22T09:33:30.2093628+01:00" endTime="2023-12-22T09:33:30.2249885+01:00" testType="13cdc9d9-ddb5-4fa4-a97d-d965ccfc6d4b" outcome="Passed" testListId="8c84fa94-04c1-424b-9868-57a2d4851a1d" relativeResultsDirectory="b6c9cf82-de6b-46a1-b8e5-3d43f26f00f4" />
    <UnitTestResult executionId="3b2b0c12-5c04-4f61-87b3-83668dea4df1" testId="49c28004-dfd7-736e-4dad-1c9905b5bd78" testName="TooLongPathToSecureFolderResultsInException" computerName="DKSR-EFI-04" duration="00:00:00.0227648" startTime="2023-12-22T09:32:53.0529344+01:00" endTime="2023-12-22T09:32:53.0842851+01:00" testType="13cdc9d9-ddb5-4fa4-a97d-d965ccfc6d4b" outcome="Passed" testListId="8c84fa94-04c1-424b-9868-57a2d4851a1d" relativeResultsDirectory="3b2b0c12-5c04-4f61-87b3-83668dea4df1" />
    <UnitTestResult executionId="0faab965-3660-4756-bc57-7083cbe284e6" testId="4373c99e-3f83-f1f8-6ffe-41af6d8c0142" testName="Parse_InvalidData_InvalidHostTest1" computerName="DKSR-EFI-04" duration="00:00:00.0004815" startTime="2023-12-22T09:32:51.0685507+01:00" endTime="2023-12-22T09:32:51.0685507+01:00" testType="13cdc9d9-ddb5-4fa4-a97d-d965ccfc6d4b" outcome="Passed" testListId="8c84fa94-04c1-424b-9868-57a2d4851a1d" relativeResultsDirectory="0faab965-3660-4756-bc57-7083cbe284e6" />
    <UnitTestResult executionId="7fd97a9d-f4a0-4903-8fe5-4b0ea1690fea" testId="898e0cba-2f16-a9cb-7ec3-2f912910e7dc" testName="ShowHelp_OfflineWorkflow__DisplayHtmlHelp_InvokeWithRelativeFileUrl" computerName="DKSR-EFI-04" duration="00:00:00.0008275" startTime="2023-12-22T09:33:29.8656112+01:00" endTime="2023-12-22T09:33:29.8656112+01:00" testType="13cdc9d9-ddb5-4fa4-a97d-d965ccfc6d4b" outcome="Passed" testListId="8c84fa94-04c1-424b-9868-57a2d4851a1d" relativeResultsDirectory="7fd97a9d-f4a0-4903-8fe5-4b0ea1690fea" />
    <UnitTestResult executionId="9c8c722f-0157-45c1-a292-23d904631159" testId="b1bfcc7e-9f9c-584d-69d0-055c84b7a472" testName="IsValidBase64String_DataDrivenTest (=,False)" computerName="DKSR-EFI-04" duration="00:00:00.0000072" startTime="2023-12-22T09:32:51.6623069+01:00" endTime="2023-12-22T09:32:51.6623069+01:00" testType="13cdc9d9-ddb5-4fa4-a97d-d965ccfc6d4b" outcome="Passed" testListId="8c84fa94-04c1-424b-9868-57a2d4851a1d" relativeResultsDirectory="9c8c722f-0157-45c1-a292-23d904631159" />
    <UnitTestResult executionId="33f9266f-976a-4a4d-b99c-21c9f586e304" testId="b21d85f1-a71f-4254-44e7-f0b43c8f4ce2" testName="AccessControlUpdater_SetFileAccessControl_UseNetworkService" computerName="DKSR-EFI-04" duration="00:00:00.3786610" startTime="2023-12-22T09:32:52.4591829+01:00" endTime="2023-12-22T09:32:52.8498095+01:00" testType="13cdc9d9-ddb5-4fa4-a97d-d965ccfc6d4b" outcome="Passed" testListId="8c84fa94-04c1-424b-9868-57a2d4851a1d" relativeResultsDirectory="33f9266f-976a-4a4d-b99c-21c9f586e304" />
    <UnitTestResult executionId="ced66c63-41ec-40f6-bcc6-2ace9b4efc85" testId="81ca4b52-9931-0e35-0109-da24b8554b96" testName="Construct_RetrievesInvalidConfigurationFromReader_InvalidKey_Throws_InvalidConnectionStringException" computerName="DKSR-EFI-04" duration="00:00:00.0026891" startTime="2023-12-22T09:34:19.5377327+01:00" endTime="2023-12-22T09:34:19.5377327+01:00" testType="13cdc9d9-ddb5-4fa4-a97d-d965ccfc6d4b" outcome="Passed" testListId="8c84fa94-04c1-424b-9868-57a2d4851a1d" relativeResultsDirectory="ced66c63-41ec-40f6-bcc6-2ace9b4efc85" />
    <UnitTestResult executionId="6c4b8681-9ed5-4f43-ae5d-6cb8b993abbd" testId="feb7eb52-dbfc-1bbd-0c92-de56627f5f80" testName="UseEncryptionAndDecryptTwiceWithNewIVs" computerName="DKSR-EFI-04" duration="00:00:00.0036233" startTime="2023-12-22T09:34:20.1002352+01:00" endTime="2023-12-22T09:34:20.1002352+01:00" testType="13cdc9d9-ddb5-4fa4-a97d-d965ccfc6d4b" outcome="Passed" testListId="8c84fa94-04c1-424b-9868-57a2d4851a1d" relativeResultsDirectory="6c4b8681-9ed5-4f43-ae5d-6cb8b993abbd" />
    <UnitTestResult executionId="d702fc4f-85a5-409b-9e47-e81501b97e65" testId="ff890d3e-b7b7-d9b4-ed83-b859b02d2dc2" testName="TestCreateInitialLicenseAndDecrypt_Success" computerName="DKSR-EFI-04" duration="00:00:00.0008035" startTime="2023-12-22T09:32:53.6623116+01:00" endTime="2023-12-22T09:32:53.6623116+01:00" testType="13cdc9d9-ddb5-4fa4-a97d-d965ccfc6d4b" outcome="Passed" testListId="8c84fa94-04c1-424b-9868-57a2d4851a1d" relativeResultsDirectory="d702fc4f-85a5-409b-9e47-e81501b97e65" />
    <UnitTestResult executionId="c184a8c8-2142-47ce-a39d-4cab18617777" testId="c17e6a49-5090-3c4e-6c3c-c83ce25eb232" testName="Parse_IPBoundWeakWildcard_IPv6_Http_WithRelativePathTest" computerName="DKSR-EFI-04" duration="00:00:00.0015132" startTime="2023-12-22T09:32:51.0529257+01:00" endTime="2023-12-22T09:32:51.0529257+01:00" testType="13cdc9d9-ddb5-4fa4-a97d-d965ccfc6d4b" outcome="Passed" testListId="8c84fa94-04c1-424b-9868-57a2d4851a1d" relativeResultsDirectory="c184a8c8-2142-47ce-a39d-4cab18617777" />
    <UnitTestResult executionId="0b244ec8-0ba3-4355-a660-3d78e9650dfd" testId="3637415d-2358-71ca-7a4a-ab98593fbcba" testName="TestValidateAddress_InValidAdresses" computerName="DKSR-EFI-04" duration="00:00:00.0005827" startTime="2023-12-22T09:34:19.6939830+01:00" endTime="2023-12-22T09:34:19.6939830+01:00" testType="13cdc9d9-ddb5-4fa4-a97d-d965ccfc6d4b" outcome="Passed" testListId="8c84fa94-04c1-424b-9868-57a2d4851a1d" relativeResultsDirectory="0b244ec8-0ba3-4355-a660-3d78e9650dfd" />
    <UnitTestResult executionId="bb365857-6026-4fe0-a72f-5aa0cfbc3e9a" testId="c1d31aec-ba11-ae2a-3d1e-d8528d8e9d7f" testName="AccessControlUpdater_SetFileAccessControl_UseSystest" computerName="DKSR-EFI-04" duration="00:00:00.0230103" startTime="2023-12-22T09:32:52.8498095+01:00" endTime="2023-12-22T09:32:52.8810595+01:00" testType="13cdc9d9-ddb5-4fa4-a97d-d965ccfc6d4b" outcome="Passed" testListId="8c84fa94-04c1-424b-9868-57a2d4851a1d" relativeResultsDirectory="bb365857-6026-4fe0-a72f-5aa0cfbc3e9a" />
    <UnitTestResult executionId="e5c3663b-8609-436f-8913-948c7fd87b60" testId="2ab3c520-4161-54ba-03a4-f42e12a6dd3b" testName="EventLogNoFile" computerName="DKSR-EFI-04" startTime="2023-12-22T09:33:31.7093695+01:00" endTime="2023-12-22T09:33:31.7093695+01:00" testType="13cdc9d9-ddb5-4fa4-a97d-d965ccfc6d4b" outcome="NotExecuted" testListId="8c84fa94-04c1-424b-9868-57a2d4851a1d" relativeResultsDirectory="e5c3663b-8609-436f-8913-948c7fd87b60">
      <Output></Output>
    </UnitTestResult>
    <UnitTestResult executionId="38990843-b921-4532-8ce1-6e4645941726" testId="ccd931b9-83eb-8412-c54e-c74b9b6b8868" testName="Close_DoubleInvoke_IsOK" computerName="DKSR-EFI-04" duration="00:00:00.0001925" startTime="2023-12-22T09:33:29.8031125+01:00" endTime="2023-12-22T09:33:29.8031125+01:00" testType="13cdc9d9-ddb5-4fa4-a97d-d965ccfc6d4b" outcome="Passed" testListId="8c84fa94-04c1-424b-9868-57a2d4851a1d" relativeResultsDirectory="38990843-b921-4532-8ce1-6e4645941726" />
    <UnitTestResult executionId="74999a57-b55d-4cb5-a104-2ba9eac437b0" testId="a5ffaab7-821c-1c5c-3d56-be1c034329a5" testName="FormatByteSizeStringExactULTest9" computerName="DKSR-EFI-04" duration="00:00:00.0001357" startTime="2023-12-22T09:32:50.8029252+01:00" endTime="2023-12-22T09:32:50.8029252+01:00" testType="13cdc9d9-ddb5-4fa4-a97d-d965ccfc6d4b" outcome="Passed" testListId="8c84fa94-04c1-424b-9868-57a2d4851a1d" relativeResultsDirectory="74999a57-b55d-4cb5-a104-2ba9eac437b0" />
    <UnitTestResult executionId="12b536b8-abb5-4912-b2f2-41f9dfb9596a" testId="3d7d6393-f89e-0e47-6504-4ae48960e5c3" testName="DetermineLicenseType_LicenseRequest_ReturnsLicenseTypeRequest" computerName="DKSR-EFI-04" duration="00:00:00.0002898" startTime="2023-12-22T09:32:53.6779363+01:00" endTime="2023-12-22T09:32:53.6779363+01:00" testType="13cdc9d9-ddb5-4fa4-a97d-d965ccfc6d4b" outcome="Passed" testListId="8c84fa94-04c1-424b-9868-57a2d4851a1d" relativeResultsDirectory="12b536b8-abb5-4912-b2f2-41f9dfb9596a" />
    <UnitTestResult executionId="17f0d309-26af-491a-8892-df0319e24f72" testId="dbeb8969-0cf3-22c2-42f8-32cc947a535c" testName="FormatByteSizeStringExactULTest1" computerName="DKSR-EFI-04" duration="00:00:00.0003782" startTime="2023-12-22T09:32:50.7560519+01:00" endTime="2023-12-22T09:32:50.7560519+01:00" testType="13cdc9d9-ddb5-4fa4-a97d-d965ccfc6d4b" outcome="Passed" testListId="8c84fa94-04c1-424b-9868-57a2d4851a1d" relativeResultsDirectory="17f0d309-26af-491a-8892-df0319e24f72" />
    <UnitTestResult executionId="d93c50b9-759b-421c-8ca9-b212f4a57380" testId="bb807532-955d-ce2e-d67e-1867fc5bb38e" testName="UseEncryptionAndDecryptTwiceWithNewBase64IVs" computerName="DKSR-EFI-04" duration="00:00:00.0033836" startTime="2023-12-22T09:34:20.1002352+01:00" endTime="2023-12-22T09:34:20.1002352+01:00" testType="13cdc9d9-ddb5-4fa4-a97d-d965ccfc6d4b" outcome="Passed" testListId="8c84fa94-04c1-424b-9868-57a2d4851a1d" relativeResultsDirectory="d93c50b9-759b-421c-8ca9-b212f4a57380" />
    <UnitTestResult executionId="7e039a63-c2ca-4011-bc3b-6e64831939ee" testId="6be417f9-c335-0427-52c9-96d899c8041d" testName="ImportAndExportConfigurationWithAndWithoutCompression" computerName="DKSR-EFI-04" duration="00:00:00.0009422" startTime="2023-12-22T09:34:20.0846109+01:00" endTime="2023-12-22T09:34:20.0846109+01:00" testType="13cdc9d9-ddb5-4fa4-a97d-d965ccfc6d4b" outcome="Passed" testListId="8c84fa94-04c1-424b-9868-57a2d4851a1d" relativeResultsDirectory="7e039a63-c2ca-4011-bc3b-6e64831939ee" />
    <UnitTestResult executionId="71d2fd4c-07aa-44ff-a8b0-3c2cf908b952" testId="136e6029-6bf2-f97b-ac3f-ba8be5f1b505" testName="HashingUtilities_CreateHashString_ArgumentException_NotHex" computerName="DKSR-EFI-04" duration="00:00:00.0007832" startTime="2023-12-22T09:34:19.6471079+01:00" endTime="2023-12-22T09:34:19.6471079+01:00" testType="13cdc9d9-ddb5-4fa4-a97d-d965ccfc6d4b" outcome="Passed" testListId="8c84fa94-04c1-424b-9868-57a2d4851a1d" relativeResultsDirectory="71d2fd4c-07aa-44ff-a8b0-3c2cf908b952" />
    <UnitTestResult executionId="5f8fc2c5-4a90-4b0b-ab71-7a644ac01582" testId="511efe37-5a1d-2f29-8a7a-19f0a3d16960" testName="DetermineLicenseType_InitialLicense_ReturnsLicenseTypeInitial" computerName="DKSR-EFI-04" duration="00:00:00.0002974" startTime="2023-12-22T09:32:53.6623116+01:00" endTime="2023-12-22T09:32:53.6623116+01:00" testType="13cdc9d9-ddb5-4fa4-a97d-d965ccfc6d4b" outcome="Passed" testListId="8c84fa94-04c1-424b-9868-57a2d4851a1d" relativeResultsDirectory="5f8fc2c5-4a90-4b0b-ab71-7a644ac01582" />
    <UnitTestResult executionId="6531f4da-5eb6-44e7-89ca-f25046731c60" testId="802c6bf1-b2bb-dd75-dd57-f0dad1e37480" testName="Construct_InvalidParam_Timeout_Throws_ArgumentOutOfRangeException" computerName="DKSR-EFI-04" duration="00:00:00.0005992" startTime="2023-12-22T09:32:51.8029292+01:00" endTime="2023-12-22T09:32:51.8029292+01:00" testType="13cdc9d9-ddb5-4fa4-a97d-d965ccfc6d4b" outcome="Passed" testListId="8c84fa94-04c1-424b-9868-57a2d4851a1d" relativeResultsDirectory="6531f4da-5eb6-44e7-89ca-f25046731c60" />
    <UnitTestResult executionId="fde8f153-1584-4591-93fb-20aaf6b11d12" testId="c5cdcf4b-343d-7523-c4d6-145aa870108c" testName="CheckSignatureWithChangedData" computerName="DKSR-EFI-04" duration="00:00:00.0016810" startTime="2023-12-22T09:34:21.9439977+01:00" endTime="2023-12-22T09:34:21.9439977+01:00" testType="13cdc9d9-ddb5-4fa4-a97d-d965ccfc6d4b" outcome="Passed" testListId="8c84fa94-04c1-424b-9868-57a2d4851a1d" relativeResultsDirectory="fde8f153-1584-4591-93fb-20aaf6b11d12" />
    <UnitTestResult executionId="86f7cafd-0e2f-42c7-bc79-6f3ad099a3e7" testId="cb6625e8-d5a4-6ab8-1a3a-1a40acb593d9" testName="Sync_Once" computerName="DKSR-EFI-04" duration="00:00:00.0154084" startTime="2023-12-22T09:34:22.0846200+01:00" endTime="2023-12-22T09:34:22.1002445+01:00" testType="13cdc9d9-ddb5-4fa4-a97d-d965ccfc6d4b" outcome="Passed" testListId="8c84fa94-04c1-424b-9868-57a2d4851a1d" relativeResultsDirectory="86f7cafd-0e2f-42c7-bc79-6f3ad099a3e7" />
    <UnitTestResult executionId="4f010182-29d2-46d7-ab7e-9971f08dc9d7" testId="b642816d-4d24-8990-3894-7f013ee38898" testName="UseImportedConfigurationWithExternalBase64IV" computerName="DKSR-EFI-04" duration="00:00:00.0023607" startTime="2023-12-22T09:34:20.0846109+01:00" endTime="2023-12-22T09:34:20.1002352+01:00" testType="13cdc9d9-ddb5-4fa4-a97d-d965ccfc6d4b" outcome="Passed" testListId="8c84fa94-04c1-424b-9868-57a2d4851a1d" relativeResultsDirectory="4f010182-29d2-46d7-ab7e-9971f08dc9d7" />
    <UnitTestResult executionId="08960464-28b0-4b1b-bfb1-932461801479" testId="1553e3fc-8cd0-7459-eefd-8928c96041b4" testName="RemoveInvalidXMLChars_Text_Invalid_Chars2" computerName="DKSR-EFI-04" duration="00:00:00.0001561" startTime="2023-12-22T09:33:30.0687371+01:00" endTime="2023-12-22T09:33:30.0687371+01:00" testType="13cdc9d9-ddb5-4fa4-a97d-d965ccfc6d4b" outcome="Passed" testListId="8c84fa94-04c1-424b-9868-57a2d4851a1d" relativeResultsDirectory="08960464-28b0-4b1b-bfb1-932461801479" />
    <UnitTestResult executionId="26392130-12b8-471e-9248-91ac95c8d377" testId="774ae8ad-b5ba-cf99-969a-205cbd2149a6" testName="AccessControlUpdater_SetFileAccessControl_AccountNameEmpty" computerName="DKSR-EFI-04" duration="00:00:00.0022652" startTime="2023-12-22T09:32:52.8810595+01:00" endTime="2023-12-22T09:32:52.8810595+01:00" testType="13cdc9d9-ddb5-4fa4-a97d-d965ccfc6d4b" outcome="Passed" testListId="8c84fa94-04c1-424b-9868-57a2d4851a1d" relativeResultsDirectory="26392130-12b8-471e-9248-91ac95c8d377" />
    <UnitTestResult executionId="1ff4fa94-0965-4052-8510-39b811c76c1d" testId="90586c4d-1967-aac1-3fe3-337d63ef5e5c" testName="CreateStrongWildcard_WithRelativePathTest" computerName="DKSR-EFI-04" duration="00:00:00.0001585" startTime="2023-12-22T09:32:51.0841764+01:00" endTime="2023-12-22T09:32:51.0841764+01:00" testType="13cdc9d9-ddb5-4fa4-a97d-d965ccfc6d4b" outcome="Passed" testListId="8c84fa94-04c1-424b-9868-57a2d4851a1d" relativeResultsDirectory="1ff4fa94-0965-4052-8510-39b811c76c1d" />
    <UnitTestResult executionId="ea050779-09a4-432b-8f4b-48b62b37ef6d" testId="57ef9ea3-991d-aedb-8019-644b32be6cc6" testName="CommandsAreBeingAssociatedWithRunningTransaction" computerName="DKSR-EFI-04" duration="00:00:00.1875279" startTime="2023-12-22T09:33:50.1157090+01:00" endTime="2023-12-22T09:33:50.3188376+01:00" testType="13cdc9d9-ddb5-4fa4-a97d-d965ccfc6d4b" outcome="Passed" testListId="8c84fa94-04c1-424b-9868-57a2d4851a1d" relativeResultsDirectory="ea050779-09a4-432b-8f4b-48b62b37ef6d" />
    <UnitTestResult executionId="19e7d0e9-2e3a-482b-8224-21ef1c9ac513" testId="e4b5d231-48f8-f90c-7def-70a1254e9e0c" testName="HasPassword_ShouldThrowKeyStorageException_IfFileInUse" computerName="DKSR-EFI-04" duration="00:00:00.0011532" startTime="2023-12-22T09:33:29.5218575+01:00" endTime="2023-12-22T09:33:29.5218575+01:00" testType="13cdc9d9-ddb5-4fa4-a97d-d965ccfc6d4b" outcome="Passed" testListId="8c84fa94-04c1-424b-9868-57a2d4851a1d" relativeResultsDirectory="19e7d0e9-2e3a-482b-8224-21ef1c9ac513" />
    <UnitTestResult executionId="6ce6a68c-5979-4004-8717-09ac92059339" testId="1d1d1b7c-0ecd-b276-388a-9342bac3302f" testName="Parse_StrongWildcard_Https_NoRelativePathTest" computerName="DKSR-EFI-04" duration="00:00:00.0001677" startTime="2023-12-22T09:32:51.0372990+01:00" endTime="2023-12-22T09:32:51.0372990+01:00" testType="13cdc9d9-ddb5-4fa4-a97d-d965ccfc6d4b" outcome="Passed" testListId="8c84fa94-04c1-424b-9868-57a2d4851a1d" relativeResultsDirectory="6ce6a68c-5979-4004-8717-09ac92059339" />
    <UnitTestResult executionId="d3f0899d-e719-4a0e-9570-4c230d2cae3e" testId="6bb6f038-06a5-a12d-b80e-5d4bb6709312" testName="Constructor_MultipleItems" computerName="DKSR-EFI-04" duration="00:00:00.0003777" startTime="2023-12-22T09:32:51.4904277+01:00" endTime="2023-12-22T09:32:51.4904277+01:00" testType="13cdc9d9-ddb5-4fa4-a97d-d965ccfc6d4b" outcome="Passed" testListId="8c84fa94-04c1-424b-9868-57a2d4851a1d" relativeResultsDirectory="d3f0899d-e719-4a0e-9570-4c230d2cae3e" />
    <UnitTestResult executionId="cd8fb878-8508-4a19-a4fe-26eb61fe5135" testId="e3ac57fe-96f7-8188-e429-555145a2c596" testName="DeleteSslConfiguration_SunnyDayTest" computerName="DKSR-EFI-04" duration="00:00:00.0003460" startTime="2023-12-22T09:32:51.3966771+01:00" endTime="2023-12-22T09:32:51.3966771+01:00" testType="13cdc9d9-ddb5-4fa4-a97d-d965ccfc6d4b" outcome="Passed" testListId="8c84fa94-04c1-424b-9868-57a2d4851a1d" relativeResultsDirectory="cd8fb878-8508-4a19-a4fe-26eb61fe5135" />
    <UnitTestResult executionId="8d01cfb3-5f98-4d3b-ab9a-45024284a38b" testId="0d8fe114-e8f0-2954-61da-3e8a8364eb46" testName="NullCheckHasInformationOnObjectTypeAndCallerAlternativeSyntax" computerName="DKSR-EFI-04" duration="00:00:00.0052920" startTime="2023-12-22T09:32:51.7873048+01:00" endTime="2023-12-22T09:32:51.8029292+01:00" testType="13cdc9d9-ddb5-4fa4-a97d-d965ccfc6d4b" outcome="Passed" testListId="8c84fa94-04c1-424b-9868-57a2d4851a1d" relativeResultsDirectory="8d01cfb3-5f98-4d3b-ab9a-45024284a38b" />
    <UnitTestResult executionId="24a3480b-d599-4066-b23f-1321509dff35" testId="5173a017-06c1-2048-f8d5-2b43e18f16bb" testName="Get_Parameters_ColumnIsNullAndNullAllowed_Success" computerName="DKSR-EFI-04" duration="00:00:00.0154948" startTime="2023-12-22T09:33:46.0688152+01:00" endTime="2023-12-22T09:33:46.0844417+01:00" testType="13cdc9d9-ddb5-4fa4-a97d-d965ccfc6d4b" outcome="Passed" testListId="8c84fa94-04c1-424b-9868-57a2d4851a1d" relativeResultsDirectory="24a3480b-d599-4066-b23f-1321509dff35" />
    <UnitTestResult executionId="7b4b8ea4-c0bf-4d25-b566-00395e042e85" testId="77d97a86-1a5d-d799-c662-580704ebb4ff" testName="Given_TwoDifferentPasswords_When_Validating_AProperErrorMessageIsReturned" computerName="DKSR-EFI-04" duration="00:00:00.0052830" startTime="2023-12-22T09:32:50.5841732+01:00" endTime="2023-12-22T09:32:50.5997973+01:00" testType="13cdc9d9-ddb5-4fa4-a97d-d965ccfc6d4b" outcome="Passed" testListId="8c84fa94-04c1-424b-9868-57a2d4851a1d" relativeResultsDirectory="7b4b8ea4-c0bf-4d25-b566-00395e042e85" />
    <UnitTestResult executionId="8e5f6798-df59-482f-90ea-723e867810fc" testId="07a3a7ab-d824-7f57-0071-5feb7879d8a0" testName="Sync_And_Remove" computerName="DKSR-EFI-04" duration="00:00:00.0012561" startTime="2023-12-22T09:34:22.1158693+01:00" endTime="2023-12-22T09:34:22.1158693+01:00" testType="13cdc9d9-ddb5-4fa4-a97d-d965ccfc6d4b" outcome="Passed" testListId="8c84fa94-04c1-424b-9868-57a2d4851a1d" relativeResultsDirectory="8e5f6798-df59-482f-90ea-723e867810fc" />
    <UnitTestResult executionId="824ca096-fb15-4424-acf9-abea4d534de3" testId="b9cd51bc-b558-b299-0098-91b9fedbee77" testName="CommandTimeout_DefaultTimeout_LongerSqlExecution_ShouldThrow" computerName="DKSR-EFI-04" duration="00:00:02.0287230" startTime="2023-12-22T09:33:47.8344491+01:00" endTime="2023-12-22T09:33:49.8657093+01:00" testType="13cdc9d9-ddb5-4fa4-a97d-d965ccfc6d4b" outcome="Passed" testListId="8c84fa94-04c1-424b-9868-57a2d4851a1d" relativeResultsDirectory="824ca096-fb15-4424-acf9-abea4d534de3" />
    <UnitTestResult executionId="a5012284-adff-4cb9-923d-088f106fe8c0" testId="fda3a10d-ad1f-2ed2-cd85-9dbb0bec604d" testName="EventServerSqlConnectionStorage_RetrieveConnectionString_Returns_Null_Success" computerName="DKSR-EFI-04" duration="00:00:00.0087824" startTime="2023-12-22T09:34:19.4908563+01:00" endTime="2023-12-22T09:34:19.4908563+01:00" testType="13cdc9d9-ddb5-4fa4-a97d-d965ccfc6d4b" outcome="Passed" testListId="8c84fa94-04c1-424b-9868-57a2d4851a1d" relativeResultsDirectory="a5012284-adff-4cb9-923d-088f106fe8c0" />
    <UnitTestResult executionId="4cd307c3-fd28-4895-9bce-a11281f234de" testId="bec2d89c-d378-3a43-dfb9-883ca358e4f0" testName="RemoveInvalidXMLChars_Text_NewLine_NotRemoved" computerName="DKSR-EFI-04" duration="00:00:00.0001484" startTime="2023-12-22T09:33:30.0843605+01:00" endTime="2023-12-22T09:33:30.0843605+01:00" testType="13cdc9d9-ddb5-4fa4-a97d-d965ccfc6d4b" outcome="Passed" testListId="8c84fa94-04c1-424b-9868-57a2d4851a1d" relativeResultsDirectory="4cd307c3-fd28-4895-9bce-a11281f234de" />
    <UnitTestResult executionId="ca37c55e-8663-44b2-9eca-df7242962a7d" testId="48c8ede3-08d7-325a-e284-aeded3841607" testName="Constructor_ShouldCreateSecureFolder" computerName="DKSR-EFI-04" duration="00:00:00.0337688" startTime="2023-12-22T09:33:29.5374837+01:00" endTime="2023-12-22T09:33:29.5687338+01:00" testType="13cdc9d9-ddb5-4fa4-a97d-d965ccfc6d4b" outcome="Passed" testListId="8c84fa94-04c1-424b-9868-57a2d4851a1d" relativeResultsDirectory="ca37c55e-8663-44b2-9eca-df7242962a7d" />
    <UnitTestResult executionId="420f3b01-8c82-4ea6-82c6-9846e4583d90" testId="cc002690-0eab-9910-b5e7-76cca924cab4" testName="ScheduleNextRun_CalledTwice_AfterTimedDelayTriggered_Success" computerName="DKSR-EFI-04" startTime="2023-12-22T09:32:51.8185559+01:00" endTime="2023-12-22T09:32:51.8185559+01:00" testType="13cdc9d9-ddb5-4fa4-a97d-d965ccfc6d4b" outcome="NotExecuted" testListId="8c84fa94-04c1-424b-9868-57a2d4851a1d" relativeResultsDirectory="420f3b01-8c82-4ea6-82c6-9846e4583d90">
      <Output></Output>
    </UnitTestResult>
    <UnitTestResult executionId="d2897d24-38cd-4f38-b0c5-7fa0c0a325f4" testId="6670917e-e42c-a07b-7e25-3b7110e4f4b7" testName="ExecuteScalarWithExplicitlyCreatedParameter" computerName="DKSR-EFI-04" duration="00:00:00.0047574" startTime="2023-12-22T09:33:46.1938137+01:00" endTime="2023-12-22T09:33:46.1938137+01:00" testType="13cdc9d9-ddb5-4fa4-a97d-d965ccfc6d4b" outcome="Passed" testListId="8c84fa94-04c1-424b-9868-57a2d4851a1d" relativeResultsDirectory="d2897d24-38cd-4f38-b0c5-7fa0c0a325f4" />
    <UnitTestResult executionId="3a81c8f2-e758-4bf5-91a7-0db27149eaa1" testId="58c42bcc-eb60-32a9-24ac-5c0aaccec6ed" testName="Close_WhenNotInitialized_RefuseMessageCorrect" computerName="DKSR-EFI-04" duration="00:00:00.0005235" startTime="2023-12-22T09:32:50.9122997+01:00" endTime="2023-12-22T09:32:50.9122997+01:00" testType="13cdc9d9-ddb5-4fa4-a97d-d965ccfc6d4b" outcome="Passed" testListId="8c84fa94-04c1-424b-9868-57a2d4851a1d" relativeResultsDirectory="3a81c8f2-e758-4bf5-91a7-0db27149eaa1" />
    <UnitTestResult executionId="272d22cd-ff1c-4b68-9ba3-4b9c9f04e13e" testId="f4d8404a-1301-51ea-ea5c-4634b036234d" testName="DatabaseConnectionInfoConfigurator_Write" computerName="DKSR-EFI-04" duration="00:00:00.0120587" startTime="2023-12-22T09:33:49.9594580+01:00" endTime="2023-12-22T09:33:49.9750854+01:00" testType="13cdc9d9-ddb5-4fa4-a97d-d965ccfc6d4b" outcome="Passed" testListId="8c84fa94-04c1-424b-9868-57a2d4851a1d" relativeResultsDirectory="272d22cd-ff1c-4b68-9ba3-4b9c9f04e13e" />
    <UnitTestResult executionId="a2c5f982-7a6e-4774-90b4-5dafaa0f1025" testId="f9896d02-1512-0bc3-3b97-972541c5aed1" testName="EventServerSqlConnectionStorage_RetrieveConnectionString_32_Success" computerName="DKSR-EFI-04" duration="00:00:00.0111605" startTime="2023-12-22T09:34:19.4752312+01:00" endTime="2023-12-22T09:34:19.4908563+01:00" testType="13cdc9d9-ddb5-4fa4-a97d-d965ccfc6d4b" outcome="Passed" testListId="8c84fa94-04c1-424b-9868-57a2d4851a1d" relativeResultsDirectory="a2c5f982-7a6e-4774-90b4-5dafaa0f1025" />
    <UnitTestResult executionId="a87cad61-87ce-477d-bb62-49cbeec227d9" testId="2fdaf9d0-ed4d-06f2-70b2-65e45d9c49c9" testName="Constructor_SingleReservation_DelegateAndListen" computerName="DKSR-EFI-04" duration="00:00:00.0002322" startTime="2023-12-22T09:32:51.4904277+01:00" endTime="2023-12-22T09:32:51.4904277+01:00" testType="13cdc9d9-ddb5-4fa4-a97d-d965ccfc6d4b" outcome="Passed" testListId="8c84fa94-04c1-424b-9868-57a2d4851a1d" relativeResultsDirectory="a87cad61-87ce-477d-bb62-49cbeec227d9" />
  </Results>
  <TestDefinitions>
    <UnitTest name="EncryptionFactory_Throws_OnCreateAsymmetricForLicense_WithKeysNullAndBlobNotNull" storage="d:\actions-runner\_work\xpco\xpco\common\videoos.utilities\videoos.utilities.unittests\bin\debug\net472\videoos.utilities.unittests.dll" id="3c8c1315-9de6-614f-2337-929c996bc646">
      <Execution id="539a5ae7-4637-4dc2-a0be-f8cb58b8db12" />
      <TestMethod codeBase="D:\actions-runner\_work\XPCO\XPCO\Common\VideoOS.Utilities\VideoOS.Utilities.UnitTests\bin\Debug\net472\VideoOS.Utilities.UnitTests.dll" adapterTypeName="executor://mstestadapter/v2" className="VideoOS.Utilities.UnitTests.Cryptography.RsaCngAsymmetricEncryptionTests" name="EncryptionFactory_Throws_OnCreateAsymmetricForLicense_WithKeysNullAndBlobNotNull" />
    </UnitTest>
    <UnitTest name="ExecuteRetryableCanBeCancelled" storage="d:\actions-runner\_work\xpco\xpco\common\videoos.utilities\videoos.utilities.unittests\bin\debug\net472\videoos.utilities.unittests.dll" id="6cfd09a2-8ecf-3edd-9765-ba0cb070affa">
      <TestCategory>
        <TestCategoryItem TestCategory="DatabaseConnection" />
      </TestCategory>
      <Execution id="9a7b3243-82f6-4c3b-bfbe-5a2f0adf33ea" />
      <TestMethod codeBase="D:\actions-runner\_work\XPCO\XPCO\Common\VideoOS.Utilities\VideoOS.Utilities.UnitTests\bin\Debug\net472\VideoOS.Utilities.UnitTests.dll" adapterTypeName="executor://mstestadapter/v2" className="VideoOS.Utilities.UnitTests.Database.DatabaseConnectionTests" name="ExecuteRetryableCanBeCancelled" />
    </UnitTest>
    <UnitTest name="PasswordThreeRequirements" storage="d:\actions-runner\_work\xpco\xpco\common\videoos.utilities\videoos.utilities.unittests\bin\debug\net472\videoos.utilities.unittests.dll" id="3ba2e8f2-1068-c6f9-ce46-a2273ba91610">
      <Execution id="eac86745-bac9-404e-bde6-8c9d4bba8591" />
      <TestMethod codeBase="D:\actions-runner\_work\XPCO\XPCO\Common\VideoOS.Utilities\VideoOS.Utilities.UnitTests\bin\Debug\net472\VideoOS.Utilities.UnitTests.dll" adapterTypeName="executor://mstestadapter/v2" className="VideoOS.Common.EnvironmentServices.UnitTests.Security.PasswordTests" name="PasswordThreeRequirements" />
    </UnitTest>
    <UnitTest name="SimpleInfoLevel" storage="d:\actions-runner\_work\xpco\xpco\common\videoos.utilities\videoos.utilities.unittests\bin\debug\net472\videoos.utilities.unittests.dll" id="dea06a7e-7ad6-8964-e101-42d6ae50a61f">
      <Execution id="2adeb966-0e93-43f8-8c5d-b887369dd924" />
      <TestMethod codeBase="D:\actions-runner\_work\XPCO\XPCO\Common\VideoOS.Utilities\VideoOS.Utilities.UnitTests\bin\Debug\net472\VideoOS.Utilities.UnitTests.dll" adapterTypeName="executor://mstestadapter/v2" className="VideoOS.Utilities.UnitTests.Diagnostics.Levels" name="SimpleInfoLevel" />
    </UnitTest>
    <UnitTest name="EventServerSqlConnectionStorage_RetrieveConnectionString_32_Success" storage="d:\actions-runner\_work\xpco\xpco\common\videoos.utilities\videoos.utilities.unittests\bin\debug\net472\videoos.utilities.unittests.dll" id="f9896d02-1512-0bc3-3b97-972541c5aed1">
      <TestCategory>
        <TestCategoryItem TestCategory="Database" />
      </TestCategory>
      <Execution id="a2c5f982-7a6e-4774-90b4-5dafaa0f1025" />
      <TestMethod codeBase="D:\actions-runner\_work\XPCO\XPCO\Common\VideoOS.Utilities\VideoOS.Utilities.UnitTests\bin\Debug\net472\VideoOS.Utilities.UnitTests.dll" adapterTypeName="executor://mstestadapter/v2" className="VideoOS.Utilities.UnitTests.Database.EventServerSqlConnectionStorageTests" name="EventServerSqlConnectionStorage_RetrieveConnectionString_32_Success" />
    </UnitTest>
    <UnitTest name="SimpleWarningLevel" storage="d:\actions-runner\_work\xpco\xpco\common\videoos.utilities\videoos.utilities.unittests\bin\debug\net472\videoos.utilities.unittests.dll" id="a5bff13c-597c-eaf5-9a03-5b17d5688856">
      <Execution id="49f3e3c1-4ccc-443a-9b00-dde903e9587d" />
      <TestMethod codeBase="D:\actions-runner\_work\XPCO\XPCO\Common\VideoOS.Utilities\VideoOS.Utilities.UnitTests\bin\Debug\net472\VideoOS.Utilities.UnitTests.dll" adapterTypeName="executor://mstestadapter/v2" className="VideoOS.Utilities.UnitTests.Diagnostics.Levels" name="SimpleWarningLevel" />
    </UnitTest>
    <UnitTest name="Parse_StrongWildcard_Https_NoRelativePathTest" storage="d:\actions-runner\_work\xpco\xpco\common\videoos.utilities\videoos.utilities.unittests\bin\debug\net472\videoos.utilities.unittests.dll" id="1d1d1b7c-0ecd-b276-388a-9342bac3302f">
      <Execution id="6ce6a68c-5979-4004-8717-09ac92059339" />
      <TestMethod codeBase="D:\actions-runner\_work\XPCO\XPCO\Common\VideoOS.Utilities\VideoOS.Utilities.UnitTests\bin\Debug\net472\VideoOS.Utilities.UnitTests.dll" adapterTypeName="executor://mstestadapter/v2" className="VideoOS.Utilities.UnitTests.Windows.UrlPrefixTest" name="Parse_StrongWildcard_Https_NoRelativePathTest" />
    </UnitTest>
    <UnitTest name="Given_TooShortPassword_When_Validating_AProperErrorMessageIsReturned" storage="d:\actions-runner\_work\xpco\xpco\common\videoos.utilities\videoos.utilities.unittests\bin\debug\net472\videoos.utilities.unittests.dll" id="17e8d08f-f1d5-876f-3d0c-916dddf52252">
      <Execution id="cac666fb-283a-443c-9f0a-5dcfb2aa661d" />
      <TestMethod codeBase="D:\actions-runner\_work\XPCO\XPCO\Common\VideoOS.Utilities\VideoOS.Utilities.UnitTests\bin\Debug\net472\VideoOS.Utilities.UnitTests.dll" adapterTypeName="executor://mstestadapter/v2" className="VideoOS.Common.EnvironmentServices.UnitTests.Security.PasswordValidatorTest" name="Given_TooShortPassword_When_Validating_AProperErrorMessageIsReturned" />
    </UnitTest>
    <UnitTest name="DisposeConnectionWithActiveDbTransaction_Fail" storage="d:\actions-runner\_work\xpco\xpco\common\videoos.utilities\videoos.utilities.unittests\bin\debug\net472\videoos.utilities.unittests.dll" id="0439a172-009c-f501-9d08-38e22fac348b">
      <TestCategory>
        <TestCategoryItem TestCategory="DatabaseConnection" />
      </TestCategory>
      <Execution id="21445df6-190d-4013-b160-620290534686" />
      <TestMethod codeBase="D:\actions-runner\_work\XPCO\XPCO\Common\VideoOS.Utilities\VideoOS.Utilities.UnitTests\bin\Debug\net472\VideoOS.Utilities.UnitTests.dll" adapterTypeName="executor://mstestadapter/v2" className="VideoOS.Utilities.UnitTests.Database.DatabaseConnectionTests" name="DisposeConnectionWithActiveDbTransaction_Fail" />
    </UnitTest>
    <UnitTest name="FormatByteSizeStringExactTest11" storage="d:\actions-runner\_work\xpco\xpco\common\videoos.utilities\videoos.utilities.unittests\bin\debug\net472\videoos.utilities.unittests.dll" id="a0962efd-6872-4f01-46ab-3c59d3295f77">
      <Execution id="3ebeee64-a082-488a-99ae-88c222a2775f" />
      <TestMethod codeBase="D:\actions-runner\_work\XPCO\XPCO\Common\VideoOS.Utilities\VideoOS.Utilities.UnitTests\bin\Debug\net472\VideoOS.Utilities.UnitTests.dll" adapterTypeName="executor://mstestadapter/v2" className="VideoOS.Utilities.UnitTests.StringFormattingTest" name="FormatByteSizeStringExactTest11" />
    </UnitTest>
    <UnitTest name="DeletePassword_CorrectlyThrowsSecurityException_WhenPermissionsError" storage="d:\actions-runner\_work\xpco\xpco\common\videoos.utilities\videoos.utilities.unittests\bin\debug\net472\videoos.utilities.unittests.dll" id="279c7b2c-62d7-e632-1d8c-7c130e62a06d">
      <Execution id="20c11806-12fc-414a-8d1b-f812cab50558" />
      <TestMethod codeBase="D:\actions-runner\_work\XPCO\XPCO\Common\VideoOS.Utilities\VideoOS.Utilities.UnitTests\bin\Debug\net472\VideoOS.Utilities.UnitTests.dll" adapterTypeName="executor://mstestadapter/v2" className="VideoOS.Utilities.UnitTests.KeyManagement.FilePasswordProviderTests" name="DeletePassword_CorrectlyThrowsSecurityException_WhenPermissionsError" />
    </UnitTest>
    <UnitTest name="Constructor_UrlAclInfo_EmptySddl" storage="d:\actions-runner\_work\xpco\xpco\common\videoos.utilities\videoos.utilities.unittests\bin\debug\net472\videoos.utilities.unittests.dll" id="a69049fb-ce00-7e8c-85a0-3f418c7255b4">
      <Execution id="4ab04e69-7163-4380-af8e-7aaf1617e689" />
      <TestMethod codeBase="D:\actions-runner\_work\XPCO\XPCO\Common\VideoOS.Utilities\VideoOS.Utilities.UnitTests\bin\Debug\net472\VideoOS.Utilities.UnitTests.dll" adapterTypeName="executor://mstestadapter/v2" className="VideoOS.Utilities.UnitTests.Windows.Http.UrlReservationInfoCollectionWrapperTest" name="Constructor_UrlAclInfo_EmptySddl" />
    </UnitTest>
    <UnitTest name="Construct_RetrievesInvalidConfigurationFromReader_InvalidKey_Throws_InvalidConnectionStringException" storage="d:\actions-runner\_work\xpco\xpco\common\videoos.utilities\videoos.utilities.unittests\bin\debug\net472\videoos.utilities.unittests.dll" id="81ca4b52-9931-0e35-0109-da24b8554b96">
      <TestCategory>
        <TestCategoryItem TestCategory="Database" />
      </TestCategory>
      <Execution id="ced66c63-41ec-40f6-bcc6-2ace9b4efc85" />
      <TestMethod codeBase="D:\actions-runner\_work\XPCO\XPCO\Common\VideoOS.Utilities\VideoOS.Utilities.UnitTests\bin\Debug\net472\VideoOS.Utilities.UnitTests.dll" adapterTypeName="executor://mstestadapter/v2" className="VideoOS.Utilities.UnitTests.Database.SqlConnectionManagerTests" name="Construct_RetrievesInvalidConfigurationFromReader_InvalidKey_Throws_InvalidConnectionStringException" />
    </UnitTest>
    <UnitTest name="EnforceSslConfiguration_Parameter_NullTest" storage="d:\actions-runner\_work\xpco\xpco\common\videoos.utilities\videoos.utilities.unittests\bin\debug\net472\videoos.utilities.unittests.dll" id="a40b1912-becf-686c-2a4b-92647ed0b367">
      <Execution id="aaba91ac-eb73-41cd-a24e-deccdbb4ae86" />
      <TestMethod codeBase="D:\actions-runner\_work\XPCO\XPCO\Common\VideoOS.Utilities\VideoOS.Utilities.UnitTests\bin\Debug\net472\VideoOS.Utilities.UnitTests.dll" adapterTypeName="executor://mstestadapter/v2" className="VideoOS.Utilities.UnitTests.Windows.Http.HttpSysConfigTest" name="EnforceSslConfiguration_Parameter_NullTest" />
    </UnitTest>
    <UnitTest name="ShowHelp_OfflineWorkflowWithLocale__DisplayHtmlHelp_InvokedWithValidUrl" storage="d:\actions-runner\_work\xpco\xpco\common\videoos.utilities\videoos.utilities.unittests\bin\debug\net472\videoos.utilities.unittests.dll" id="dbba8f0a-23a9-a8ac-2de8-9f04dc869da2">
      <TestCategory>
        <TestCategoryItem TestCategory="Help" />
      </TestCategory>
      <Execution id="6e44d1fd-4238-4595-8f01-093821a77a7e" />
      <TestMethod codeBase="D:\actions-runner\_work\XPCO\XPCO\Common\VideoOS.Utilities\VideoOS.Utilities.UnitTests\bin\Debug\net472\VideoOS.Utilities.UnitTests.dll" adapterTypeName="executor://mstestadapter/v2" className="VideoOS.Utilities.UnitTests.Help.HelpManagerTests" name="ShowHelp_OfflineWorkflowWithLocale__DisplayHtmlHelp_InvokedWithValidUrl" />
    </UnitTest>
    <UnitTest name="Given_TwoEmptyPasswords_When_Validating_AProperErrorMessageIsReturned" storage="d:\actions-runner\_work\xpco\xpco\common\videoos.utilities\videoos.utilities.unittests\bin\debug\net472\videoos.utilities.unittests.dll" id="e8666d10-f6c2-324b-6b0e-e4b2d17eec15">
      <Execution id="b4b5ca33-3d4d-4fd8-8a13-81b0249ce3cb" />
      <TestMethod codeBase="D:\actions-runner\_work\XPCO\XPCO\Common\VideoOS.Utilities\VideoOS.Utilities.UnitTests\bin\Debug\net472\VideoOS.Utilities.UnitTests.dll" adapterTypeName="executor://mstestadapter/v2" className="VideoOS.Common.EnvironmentServices.UnitTests.Security.PasswordValidatorTest" name="Given_TwoEmptyPasswords_When_Validating_AProperErrorMessageIsReturned" />
    </UnitTest>
    <UnitTest name="FormatByteSizeStringExactULTest2" storage="d:\actions-runner\_work\xpco\xpco\common\videoos.utilities\videoos.utilities.unittests\bin\debug\net472\videoos.utilities.unittests.dll" id="790ef27a-76ad-2546-a1a6-a0647af5948c">
      <Execution id="62495353-2224-42cc-8fa8-68ce07b4319c" />
      <TestMethod codeBase="D:\actions-runner\_work\XPCO\XPCO\Common\VideoOS.Utilities\VideoOS.Utilities.UnitTests\bin\Debug\net472\VideoOS.Utilities.UnitTests.dll" adapterTypeName="executor://mstestadapter/v2" className="VideoOS.Utilities.UnitTests.StringFormattingTest" name="FormatByteSizeStringExactULTest2" />
    </UnitTest>
    <UnitTest name="ExecuteScalarInt" storage="d:\actions-runner\_work\xpco\xpco\common\videoos.utilities\videoos.utilities.unittests\bin\debug\net472\videoos.utilities.unittests.dll" id="1d83290f-e3ba-c1a3-2d15-65b4e9354ab0">
      <TestCategory>
        <TestCategoryItem TestCategory="DatabaseCommand" />
      </TestCategory>
      <Execution id="7f367564-cec2-42db-b6d6-c68baeb1e7c7" />
      <TestMethod codeBase="D:\actions-runner\_work\XPCO\XPCO\Common\VideoOS.Utilities\VideoOS.Utilities.UnitTests\bin\Debug\net472\VideoOS.Utilities.UnitTests.dll" adapterTypeName="executor://mstestadapter/v2" className="VideoOS.Utilities.UnitTests.Database.DatabaseCommandTest" name="ExecuteScalarInt" />
    </UnitTest>
    <UnitTest name="HSL_InvalidL_ThrowsArgumentException" storage="d:\actions-runner\_work\xpco\xpco\common\videoos.utilities\videoos.utilities.unittests\bin\debug\net472\videoos.utilities.unittests.dll" id="536f21ea-d825-9860-2d73-c30093160a11">
      <Execution id="adc9263d-8839-4191-a4f7-da7dc4540c94" />
      <TestMethod codeBase="D:\actions-runner\_work\XPCO\XPCO\Common\VideoOS.Utilities\VideoOS.Utilities.UnitTests\bin\Debug\net472\VideoOS.Utilities.UnitTests.dll" adapterTypeName="executor://mstestadapter/v2" className="VideoOS.Utilities.UnitTests.Colors.ColorConverterTests" name="HSL_InvalidL_ThrowsArgumentException" />
    </UnitTest>
    <UnitTest name="Construction_InvalidNullPadding_ThrowsArgumentNullException" storage="d:\actions-runner\_work\xpco\xpco\common\videoos.utilities\videoos.utilities.unittests\bin\debug\net472\videoos.utilities.unittests.dll" id="63e562ae-5691-7735-0766-c0813c6dda7c">
      <Execution id="e294465b-25cc-48d0-a5fe-ac4e1f5c7e58" />
      <TestMethod codeBase="D:\actions-runner\_work\XPCO\XPCO\Common\VideoOS.Utilities\VideoOS.Utilities.UnitTests\bin\Debug\net472\VideoOS.Utilities.UnitTests.dll" adapterTypeName="executor://mstestadapter/v2" className="VideoOS.Utilities.UnitTests.Cryptography.RsaCngAsymmetricEncryptionTests" name="Construction_InvalidNullPadding_ThrowsArgumentNullException" />
    </UnitTest>
    <UnitTest name="GetServerName_Success" storage="d:\actions-runner\_work\xpco\xpco\common\videoos.utilities\videoos.utilities.unittests\bin\debug\net472\videoos.utilities.unittests.dll" id="5c0a09c0-9baa-c1c5-77a2-5d4bd6f2283d">
      <TestCategory>
        <TestCategoryItem TestCategory="Database" />
      </TestCategory>
      <Execution id="5ae66648-7f52-4fba-89ba-aeb7cc700253" />
      <TestMethod codeBase="D:\actions-runner\_work\XPCO\XPCO\Common\VideoOS.Utilities\VideoOS.Utilities.UnitTests\bin\Debug\net472\VideoOS.Utilities.UnitTests.dll" adapterTypeName="executor://mstestadapter/v2" className="VideoOS.Utilities.UnitTests.Database.SqlConnectionManagerTests" name="GetServerName_Success" />
    </UnitTest>
    <UnitTest name="Constructor_ShouldThrowArgumentNullException_WhenPasswordProviderIsNull" storage="d:\actions-runner\_work\xpco\xpco\common\videoos.utilities\videoos.utilities.unittests\bin\debug\net472\videoos.utilities.unittests.dll" id="8f187ae8-0766-75f6-92c8-4065ce3ca9e1">
      <Execution id="5cf3e13a-00a0-42c1-b708-aed10ae7fb27" />
      <TestMethod codeBase="D:\actions-runner\_work\XPCO\XPCO\Common\VideoOS.Utilities\VideoOS.Utilities.UnitTests\bin\Debug\net472\VideoOS.Utilities.UnitTests.dll" adapterTypeName="executor://mstestadapter/v2" className="VideoOS.Utilities.UnitTests.KeyManagement.KeyManagerTests" name="Constructor_ShouldThrowArgumentNullException_WhenPasswordProviderIsNull" />
    </UnitTest>
    <UnitTest name="GetValue_AlwaysGetsNewestValue_WhenCustomComparerReturnsNoDifference" storage="d:\actions-runner\_work\xpco\xpco\common\videoos.utilities\videoos.utilities.unittests\bin\debug\net472\videoos.utilities.unittests.dll" id="c552fac3-4ea7-3779-fb95-3ba1158677c6">
      <TestCategory>
        <TestCategoryItem TestCategory="UI.Facilitators" />
      </TestCategory>
      <Execution id="93501dac-9c4f-433e-a48c-49a550273f28" />
      <TestMethod codeBase="D:\actions-runner\_work\XPCO\XPCO\Common\VideoOS.Utilities\VideoOS.Utilities.UnitTests\bin\Debug\net472\VideoOS.Utilities.UnitTests.dll" adapterTypeName="executor://mstestadapter/v2" className="VideoOS.Utilities.UnitTests.Workflow.CompareItemsUpdateStrategyTests" name="GetValue_AlwaysGetsNewestValue_WhenCustomComparerReturnsNoDifference" />
    </UnitTest>
    <UnitTest name="Constructor_UrlAclInfo_NullPrefix" storage="d:\actions-runner\_work\xpco\xpco\common\videoos.utilities\videoos.utilities.unittests\bin\debug\net472\videoos.utilities.unittests.dll" id="393d81cc-45e8-faf1-67a6-0c691df5ec41">
      <Execution id="cc714a8a-229b-4e19-8f50-cd391e3fc734" />
      <TestMethod codeBase="D:\actions-runner\_work\XPCO\XPCO\Common\VideoOS.Utilities\VideoOS.Utilities.UnitTests\bin\Debug\net472\VideoOS.Utilities.UnitTests.dll" adapterTypeName="executor://mstestadapter/v2" className="VideoOS.Utilities.UnitTests.Windows.Http.UrlReservationInfoCollectionWrapperTest" name="Constructor_UrlAclInfo_NullPrefix" />
    </UnitTest>
    <UnitTest name="Constructor_ShouldThrow_WhenSqlConnectionManagerIsNull" storage="d:\actions-runner\_work\xpco\xpco\common\videoos.utilities\videoos.utilities.unittests\bin\debug\net472\videoos.utilities.unittests.dll" id="09d2e431-e77b-6b41-b7c7-c5b16d69b902">
      <Execution id="e758608a-1984-4d60-b45e-dd238f9b9efd" />
      <TestMethod codeBase="D:\actions-runner\_work\XPCO\XPCO\Common\VideoOS.Utilities\VideoOS.Utilities.UnitTests\bin\Debug\net472\VideoOS.Utilities.UnitTests.dll" adapterTypeName="executor://mstestadapter/v2" className="VideoOS.Utilities.UnitTests.KeyManagement.DatabaseKeyProviderTests" name="Constructor_ShouldThrow_WhenSqlConnectionManagerIsNull" />
    </UnitTest>
    <UnitTest name="SecureFolderWithUserAccountAccessGetsCreatedCorrectly" storage="d:\actions-runner\_work\xpco\xpco\common\videoos.utilities\videoos.utilities.unittests\bin\debug\net472\videoos.utilities.unittests.dll" id="bb95d783-f940-56c6-a483-cd099fc0b5c1">
      <Execution id="58897d84-a580-4fe2-86bc-e7be56c561eb" />
      <TestMethod codeBase="D:\actions-runner\_work\XPCO\XPCO\Common\VideoOS.Utilities\VideoOS.Utilities.UnitTests\bin\Debug\net472\VideoOS.Utilities.UnitTests.dll" adapterTypeName="executor://mstestadapter/v2" className="VideoOS.Utilities.UnitTests.Security.SecureFolderTests" name="SecureFolderWithUserAccountAccessGetsCreatedCorrectly" />
    </UnitTest>
    <UnitTest name="DecryptEncryptKey_ShouldWorkWithRoundtrip" storage="d:\actions-runner\_work\xpco\xpco\common\videoos.utilities\videoos.utilities.unittests\bin\debug\net472\videoos.utilities.unittests.dll" id="aa220007-2bbf-bd15-3df9-80fcb2d4d50d">
      <Execution id="f24b1e85-7145-4ed6-b593-fa2911881f32" />
      <TestMethod codeBase="D:\actions-runner\_work\XPCO\XPCO\Common\VideoOS.Utilities\VideoOS.Utilities.UnitTests\bin\Debug\net472\VideoOS.Utilities.UnitTests.dll" adapterTypeName="executor://mstestadapter/v2" className="VideoOS.Utilities.UnitTests.KeyManagement.EncryptionProviderTests" name="DecryptEncryptKey_ShouldWorkWithRoundtrip" />
    </UnitTest>
    <UnitTest name="GetContentFromActivatedLicense_InvalidContentType_ThrowsNotSupportedException" storage="d:\actions-runner\_work\xpco\xpco\common\videoos.utilities\videoos.utilities.unittests\bin\debug\net472\videoos.utilities.unittests.dll" id="a0220a6b-65c5-ac84-e13e-0ee3877b281a">
      <Execution id="65ef6b51-4d33-46a9-8270-c10ad1ce22cb" />
      <TestMethod codeBase="D:\actions-runner\_work\XPCO\XPCO\Common\VideoOS.Utilities\VideoOS.Utilities.UnitTests\bin\Debug\net472\VideoOS.Utilities.UnitTests.dll" adapterTypeName="executor://mstestadapter/v2" className="VideoOS.Utilities.UnitTests.Licensing.LicenseFileHelperTests" name="GetContentFromActivatedLicense_InvalidContentType_ThrowsNotSupportedException" />
    </UnitTest>
    <UnitTest name="Construction_CreateInstanceFromCngKey_InformationIsTheSame_Success" storage="d:\actions-runner\_work\xpco\xpco\common\videoos.utilities\videoos.utilities.unittests\bin\debug\net472\videoos.utilities.unittests.dll" id="c592003f-86a1-9459-54f2-eb8805c20ad1">
      <Execution id="32c1473e-1916-4dd1-adeb-bea744cc1479" />
      <TestMethod codeBase="D:\actions-runner\_work\XPCO\XPCO\Common\VideoOS.Utilities\VideoOS.Utilities.UnitTests\bin\Debug\net472\VideoOS.Utilities.UnitTests.dll" adapterTypeName="executor://mstestadapter/v2" className="VideoOS.Utilities.UnitTests.Cryptography.RsaCngAsymmetricEncryptionTests" name="Construction_CreateInstanceFromCngKey_InformationIsTheSame_Success" />
    </UnitTest>
    <UnitTest name="To_Async" storage="d:\actions-runner\_work\xpco\xpco\common\videoos.utilities\videoos.utilities.unittests\bin\debug\net472\videoos.utilities.unittests.dll" id="9a5079f6-67ed-9d1f-498a-1ac5c779f5de">
      <Execution id="158caa2b-8281-44d9-a282-d354fdcaf6aa" />
      <TestMethod codeBase="D:\actions-runner\_work\XPCO\XPCO\Common\VideoOS.Utilities\VideoOS.Utilities.UnitTests\bin\Debug\net472\VideoOS.Utilities.UnitTests.dll" adapterTypeName="executor://mstestadapter/v2" className="VideoOS.Utilities.UnitTests.Threading.TaskExtensionTest" name="To_Async" />
    </UnitTest>
    <UnitTest name="CreateStrongWildcard_WithRelativePathTest" storage="d:\actions-runner\_work\xpco\xpco\common\videoos.utilities\videoos.utilities.unittests\bin\debug\net472\videoos.utilities.unittests.dll" id="90586c4d-1967-aac1-3fe3-337d63ef5e5c">
      <Execution id="1ff4fa94-0965-4052-8510-39b811c76c1d" />
      <TestMethod codeBase="D:\actions-runner\_work\XPCO\XPCO\Common\VideoOS.Utilities\VideoOS.Utilities.UnitTests\bin\Debug\net472\VideoOS.Utilities.UnitTests.dll" adapterTypeName="executor://mstestadapter/v2" className="VideoOS.Utilities.UnitTests.Windows.UrlPrefixTest" name="CreateStrongWildcard_WithRelativePathTest" />
    </UnitTest>
    <UnitTest name="ExecuteReaderWithMultipleParametersAsyncCancellationToken" storage="d:\actions-runner\_work\xpco\xpco\common\videoos.utilities\videoos.utilities.unittests\bin\debug\net472\videoos.utilities.unittests.dll" id="6a92e63a-f1a3-aa78-4994-eb75fdd05cc5">
      <TestCategory>
        <TestCategoryItem TestCategory="DatabaseCommand" />
      </TestCategory>
      <Execution id="3d74f338-0ef8-483c-bea9-f835491f8de8" />
      <TestMethod codeBase="D:\actions-runner\_work\XPCO\XPCO\Common\VideoOS.Utilities\VideoOS.Utilities.UnitTests\bin\Debug\net472\VideoOS.Utilities.UnitTests.dll" adapterTypeName="executor://mstestadapter/v2" className="VideoOS.Utilities.UnitTests.Database.DatabaseCommandTest" name="ExecuteReaderWithMultipleParametersAsyncCancellationToken" />
    </UnitTest>
    <UnitTest name="GetContentFromInitialLicenseFile_WrongContentType_ThrowsException" storage="d:\actions-runner\_work\xpco\xpco\common\videoos.utilities\videoos.utilities.unittests\bin\debug\net472\videoos.utilities.unittests.dll" id="d476b362-e580-bb82-4252-c400e3ae9d2d">
      <Execution id="9d4b9b56-a3d5-4689-9096-9a121ef877fd" />
      <TestMethod codeBase="D:\actions-runner\_work\XPCO\XPCO\Common\VideoOS.Utilities\VideoOS.Utilities.UnitTests\bin\Debug\net472\VideoOS.Utilities.UnitTests.dll" adapterTypeName="executor://mstestadapter/v2" className="VideoOS.Utilities.UnitTests.Licensing.LicenseFileHelperTests" name="GetContentFromInitialLicenseFile_WrongContentType_ThrowsException" />
    </UnitTest>
    <UnitTest name="DecryptAfterEncrypt_ShouldReturnSameStringAsInput_WhenUsingBase64" storage="d:\actions-runner\_work\xpco\xpco\common\videoos.utilities\videoos.utilities.unittests\bin\debug\net472\videoos.utilities.unittests.dll" id="e6168b43-db59-15ee-2867-16fe75fd5593">
      <Execution id="15df6d95-6c57-4ebe-ac31-d3d1f6990a79" />
      <TestMethod codeBase="D:\actions-runner\_work\XPCO\XPCO\Common\VideoOS.Utilities\VideoOS.Utilities.UnitTests\bin\Debug\net472\VideoOS.Utilities.UnitTests.dll" adapterTypeName="executor://mstestadapter/v2" className="VideoOS.Utilities.UnitTests.Cryptography.AesSymmetricEncryptionTests" name="DecryptAfterEncrypt_ShouldReturnSameStringAsInput_WhenUsingBase64" />
    </UnitTest>
    <UnitTest name="ScheduleNextRun_CalledOnce_CancelledBeforeTimedDelayTriggered_Success" storage="d:\actions-runner\_work\xpco\xpco\common\videoos.utilities\videoos.utilities.unittests\bin\debug\net472\videoos.utilities.unittests.dll" id="6c9d2a58-7908-5e4c-5a13-c7af8613eb4d">
      <TestCategory>
        <TestCategoryItem TestCategory="VideoOS Utilities Timers" />
      </TestCategory>
      <Execution id="d931e45f-8c89-45b2-92ad-76a8087d7ccc" />
      <TestMethod codeBase="D:\actions-runner\_work\XPCO\XPCO\Common\VideoOS.Utilities\VideoOS.Utilities.UnitTests\bin\Debug\net472\VideoOS.Utilities.UnitTests.dll" adapterTypeName="executor://mstestadapter/v2" className="VideoOS.Utilities.UnitTests.Threading.BaseTimeDelayedThreadTests" name="ScheduleNextRun_CalledOnce_CancelledBeforeTimedDelayTriggered_Success" />
    </UnitTest>
    <UnitTest name="IsUpdateNeeded_CalculateAllValues_WhenForceUpdateEncountered" storage="d:\actions-runner\_work\xpco\xpco\common\videoos.utilities\videoos.utilities.unittests\bin\debug\net472\videoos.utilities.unittests.dll" id="5e52fd3b-a97f-b641-940c-114fded929a9">
      <TestCategory>
        <TestCategoryItem TestCategory="UI.Facilitators" />
      </TestCategory>
      <Execution id="7457ff8b-ea43-45bd-94e7-dc7593c83015" />
      <TestMethod codeBase="D:\actions-runner\_work\XPCO\XPCO\Common\VideoOS.Utilities\VideoOS.Utilities.UnitTests\bin\Debug\net472\VideoOS.Utilities.UnitTests.dll" adapterTypeName="executor://mstestadapter/v2" className="VideoOS.Utilities.UnitTests.Workflow.CompareItemsUpdateStrategyTests" name="IsUpdateNeeded_CalculateAllValues_WhenForceUpdateEncountered" />
    </UnitTest>
    <UnitTest name="Construct_InvalidParam_ThreadName_Null_Throws_ArgumentNullException" storage="d:\actions-runner\_work\xpco\xpco\common\videoos.utilities\videoos.utilities.unittests\bin\debug\net472\videoos.utilities.unittests.dll" id="7521487b-b800-dc37-e964-083a965c87bf">
      <TestCategory>
        <TestCategoryItem TestCategory="VideoOS Utilities Timers" />
      </TestCategory>
      <Execution id="63c2703a-e291-4061-9405-4c874897f1cf" />
      <TestMethod codeBase="D:\actions-runner\_work\XPCO\XPCO\Common\VideoOS.Utilities\VideoOS.Utilities.UnitTests\bin\Debug\net472\VideoOS.Utilities.UnitTests.dll" adapterTypeName="executor://mstestadapter/v2" className="VideoOS.Utilities.UnitTests.Threading.BaseTimeDelayedThreadTests" name="Construct_InvalidParam_ThreadName_Null_Throws_ArgumentNullException" />
    </UnitTest>
    <UnitTest name="FormatByteSizeStringExactULTest3" storage="d:\actions-runner\_work\xpco\xpco\common\videoos.utilities\videoos.utilities.unittests\bin\debug\net472\videoos.utilities.unittests.dll" id="d5be28e1-6c3d-d460-ac2c-bc69a9e330d2">
      <Execution id="a403e998-a618-4b12-8b8d-03e13a1c6d6c" />
      <TestMethod codeBase="D:\actions-runner\_work\XPCO\XPCO\Common\VideoOS.Utilities\VideoOS.Utilities.UnitTests\bin\Debug\net472\VideoOS.Utilities.UnitTests.dll" adapterTypeName="executor://mstestadapter/v2" className="VideoOS.Utilities.UnitTests.StringFormattingTest" name="FormatByteSizeStringExactULTest3" />
    </UnitTest>
    <UnitTest name="BulkProcessor_IsClosing_WaitForRunningTaskToComplete" storage="d:\actions-runner\_work\xpco\xpco\common\videoos.utilities\videoos.utilities.unittests\bin\debug\net472\videoos.utilities.unittests.dll" id="e8e6b714-af06-5b9d-4b5f-edc4da5e1381">
      <Execution id="3cdbc76d-716c-4138-baad-73e1862c82b8" />
      <TestMethod codeBase="D:\actions-runner\_work\XPCO\XPCO\Common\VideoOS.Utilities\VideoOS.Utilities.UnitTests\bin\Debug\net472\VideoOS.Utilities.UnitTests.dll" adapterTypeName="executor://mstestadapter/v2" className="VideoOS.Utilities.BulkProcessing.UnitTests.BulkProcessorUnitTest" name="BulkProcessor_IsClosing_WaitForRunningTaskToComplete" />
    </UnitTest>
    <UnitTest name="EncryptStringDataTestWrongPasswordRC2" storage="d:\actions-runner\_work\xpco\xpco\common\videoos.utilities\videoos.utilities.unittests\bin\debug\net472\videoos.utilities.unittests.dll" id="d59c2448-b80d-cac2-ba49-ef92d150d972">
      <Execution id="2e7f92e3-c5ea-47cf-a1c8-feb5a0ef0994" />
      <TestMethod codeBase="D:\actions-runner\_work\XPCO\XPCO\Common\VideoOS.Utilities\VideoOS.Utilities.UnitTests\bin\Debug\net472\VideoOS.Utilities.UnitTests.dll" adapterTypeName="executor://mstestadapter/v2" className="VideoOS.Utilities.UnitTests.Cryptography.Encryption" name="EncryptStringDataTestWrongPasswordRC2" />
    </UnitTest>
    <UnitTest name="ExecuteReaderMultipleResultSets" storage="d:\actions-runner\_work\xpco\xpco\common\videoos.utilities\videoos.utilities.unittests\bin\debug\net472\videoos.utilities.unittests.dll" id="150e4aae-3f60-faf6-82f4-5e55067d0b25">
      <TestCategory>
        <TestCategoryItem TestCategory="DatabaseCommand" />
      </TestCategory>
      <Execution id="92e771b6-80ff-403e-8e36-22e37935ee2e" />
      <TestMethod codeBase="D:\actions-runner\_work\XPCO\XPCO\Common\VideoOS.Utilities\VideoOS.Utilities.UnitTests\bin\Debug\net472\VideoOS.Utilities.UnitTests.dll" adapterTypeName="executor://mstestadapter/v2" className="VideoOS.Utilities.UnitTests.Database.DatabaseCommandTest" name="ExecuteReaderMultipleResultSets" />
    </UnitTest>
    <UnitTest name="Integration_ReadUrlAclConfigurationsTest" storage="d:\actions-runner\_work\xpco\xpco\common\videoos.utilities\videoos.utilities.unittests\bin\debug\net472\videoos.utilities.unittests.dll" id="b984f92d-a706-0efa-7529-e27732f102f9">
      <Execution id="95e1d4d0-c68b-4c62-972f-617417ae232f" />
      <TestMethod codeBase="D:\actions-runner\_work\XPCO\XPCO\Common\VideoOS.Utilities\VideoOS.Utilities.UnitTests\bin\Debug\net472\VideoOS.Utilities.UnitTests.dll" adapterTypeName="executor://mstestadapter/v2" className="VideoOS.Utilities.UnitTests.Windows.Http.HttpSysConfigTest" name="Integration_ReadUrlAclConfigurationsTest" />
    </UnitTest>
    <UnitTest name="Parse_WeakWildcard_Https_WithRelativePathTest" storage="d:\actions-runner\_work\xpco\xpco\common\videoos.utilities\videoos.utilities.unittests\bin\debug\net472\videoos.utilities.unittests.dll" id="6d0e1946-60bc-70f5-178a-f1caca7a1cd4">
      <Execution id="97d73c82-e7ba-4a9c-b20a-6eb67d140a16" />
      <TestMethod codeBase="D:\actions-runner\_work\XPCO\XPCO\Common\VideoOS.Utilities\VideoOS.Utilities.UnitTests\bin\Debug\net472\VideoOS.Utilities.UnitTests.dll" adapterTypeName="executor://mstestadapter/v2" className="VideoOS.Utilities.UnitTests.Windows.UrlPrefixTest" name="Parse_WeakWildcard_Https_WithRelativePathTest" />
    </UnitTest>
    <UnitTest name="MacAddressUtilities_CreateHashString_ArgumentException_NotHex" storage="d:\actions-runner\_work\xpco\xpco\common\videoos.utilities\videoos.utilities.unittests\bin\debug\net472\videoos.utilities.unittests.dll" id="ea331341-2f4e-7558-3dc3-a10798b3016a">
      <Execution id="901ed85d-f94e-4f50-8881-18056b5bea02" />
      <TestMethod codeBase="D:\actions-runner\_work\XPCO\XPCO\Common\VideoOS.Utilities\VideoOS.Utilities.UnitTests\bin\Debug\net472\VideoOS.Utilities.UnitTests.dll" adapterTypeName="executor://mstestadapter/v2" className="VideoOS.Utilities.UnitTests.Network.MacAddressUtilitiesTests" name="MacAddressUtilities_CreateHashString_ArgumentException_NotHex" />
    </UnitTest>
    <UnitTest name="Construct_RetrievesInvalidConfigurationFromReader_NullValue_Throws_InvalidConnectionStringException" storage="d:\actions-runner\_work\xpco\xpco\common\videoos.utilities\videoos.utilities.unittests\bin\debug\net472\videoos.utilities.unittests.dll" id="b74dea82-9668-8988-05d7-33e650060d9c">
      <TestCategory>
        <TestCategoryItem TestCategory="Database" />
      </TestCategory>
      <Execution id="e57b739b-447c-4a9f-a8b5-dad2b4ffd8ae" />
      <TestMethod codeBase="D:\actions-runner\_work\XPCO\XPCO\Common\VideoOS.Utilities\VideoOS.Utilities.UnitTests\bin\Debug\net472\VideoOS.Utilities.UnitTests.dll" adapterTypeName="executor://mstestadapter/v2" className="VideoOS.Utilities.UnitTests.Database.SqlConnectionManagerTests" name="Construct_RetrievesInvalidConfigurationFromReader_NullValue_Throws_InvalidConnectionStringException" />
    </UnitTest>
    <UnitTest name="RemoveInvalidXMLChars_Text_DanishLetters_NotRemoved" storage="d:\actions-runner\_work\xpco\xpco\common\videoos.utilities\videoos.utilities.unittests\bin\debug\net472\videoos.utilities.unittests.dll" id="cfb95d60-8354-a841-9f4b-0521240aa0b7">
      <Execution id="ac00de40-74c6-4782-b739-d330a0984458" />
      <TestMethod codeBase="D:\actions-runner\_work\XPCO\XPCO\Common\VideoOS.Utilities\VideoOS.Utilities.UnitTests\bin\Debug\net472\VideoOS.Utilities.UnitTests.dll" adapterTypeName="executor://mstestadapter/v2" className="VideoOS.Utilities.UnitTests.Formatting.CharacterTests" name="RemoveInvalidXMLChars_Text_DanishLetters_NotRemoved" />
    </UnitTest>
    <UnitTest name="PrettifyInlineXmlStringTest4" storage="d:\actions-runner\_work\xpco\xpco\common\videoos.utilities\videoos.utilities.unittests\bin\debug\net472\videoos.utilities.unittests.dll" id="46a9610b-f156-f766-715e-a2a222591964">
      <Execution id="2bb8d6c6-eb85-4bfb-aad2-56ef9b22391f" />
      <TestMethod codeBase="D:\actions-runner\_work\XPCO\XPCO\Common\VideoOS.Utilities\VideoOS.Utilities.UnitTests\bin\Debug\net472\VideoOS.Utilities.UnitTests.dll" adapterTypeName="executor://mstestadapter/v2" className="VideoOS.Utilities.UnitTests.StringFormattingTest" name="PrettifyInlineXmlStringTest4" />
    </UnitTest>
    <UnitTest name="HashingUtilities_CreateHashString_ArgumentException_TooLong" storage="d:\actions-runner\_work\xpco\xpco\common\videoos.utilities\videoos.utilities.unittests\bin\debug\net472\videoos.utilities.unittests.dll" id="31b81597-16e9-5c45-376b-ceed82dbdfa0">
      <Execution id="c521071b-a826-48f7-8708-91d0da39acbe" />
      <TestMethod codeBase="D:\actions-runner\_work\XPCO\XPCO\Common\VideoOS.Utilities\VideoOS.Utilities.UnitTests\bin\Debug\net472\VideoOS.Utilities.UnitTests.dll" adapterTypeName="executor://mstestadapter/v2" className="VideoOS.Utilities.UnitTests.Network.HashingUtilitiesTests" name="HashingUtilities_CreateHashString_ArgumentException_TooLong" />
    </UnitTest>
    <UnitTest name="RemoveInvalidXMLChars_Text_Invalid_Chars2" storage="d:\actions-runner\_work\xpco\xpco\common\videoos.utilities\videoos.utilities.unittests\bin\debug\net472\videoos.utilities.unittests.dll" id="1553e3fc-8cd0-7459-eefd-8928c96041b4">
      <Execution id="08960464-28b0-4b1b-bfb1-932461801479" />
      <TestMethod codeBase="D:\actions-runner\_work\XPCO\XPCO\Common\VideoOS.Utilities\VideoOS.Utilities.UnitTests\bin\Debug\net472\VideoOS.Utilities.UnitTests.dll" adapterTypeName="executor://mstestadapter/v2" className="VideoOS.Utilities.UnitTests.Formatting.CharacterTests" name="RemoveInvalidXMLChars_Text_Invalid_Chars2" />
    </UnitTest>
    <UnitTest name="HasPassword_ShouldThrowKeyStorageException_IfFileInUse" storage="d:\actions-runner\_work\xpco\xpco\common\videoos.utilities\videoos.utilities.unittests\bin\debug\net472\videoos.utilities.unittests.dll" id="e4b5d231-48f8-f90c-7def-70a1254e9e0c">
      <Execution id="19e7d0e9-2e3a-482b-8224-21ef1c9ac513" />
      <TestMethod codeBase="D:\actions-runner\_work\XPCO\XPCO\Common\VideoOS.Utilities\VideoOS.Utilities.UnitTests\bin\Debug\net472\VideoOS.Utilities.UnitTests.dll" adapterTypeName="executor://mstestadapter/v2" className="VideoOS.Utilities.UnitTests.KeyManagement.FilePasswordProviderTests" name="HasPassword_ShouldThrowKeyStorageException_IfFileInUse" />
    </UnitTest>
    <UnitTest name="UpdateKey_ShouldThrow_WhenKeyDoesntExist" storage="d:\actions-runner\_work\xpco\xpco\common\videoos.utilities\videoos.utilities.unittests\bin\debug\net472\videoos.utilities.unittests.dll" id="f7b59fbe-5f8c-fa0d-bda8-8b01590f7019">
      <Execution id="7f054e14-b5b8-4d11-b640-7b830a2e14d8" />
      <TestMethod codeBase="D:\actions-runner\_work\XPCO\XPCO\Common\VideoOS.Utilities\VideoOS.Utilities.UnitTests\bin\Debug\net472\VideoOS.Utilities.UnitTests.dll" adapterTypeName="executor://mstestadapter/v2" className="VideoOS.Utilities.UnitTests.KeyManagement.DatabaseKeyProviderTests" name="UpdateKey_ShouldThrow_WhenKeyDoesntExist" />
    </UnitTest>
    <UnitTest name="EncryptionFactory_Throws_OnCreateAsymmetricForLicense_WithKeysEmptyAndBlobNotNull" storage="d:\actions-runner\_work\xpco\xpco\common\videoos.utilities\videoos.utilities.unittests\bin\debug\net472\videoos.utilities.unittests.dll" id="79a478af-1207-210c-868d-402e7ff157d0">
      <Execution id="0c36032f-d19c-4f13-8cbc-660624f7b106" />
      <TestMethod codeBase="D:\actions-runner\_work\XPCO\XPCO\Common\VideoOS.Utilities\VideoOS.Utilities.UnitTests\bin\Debug\net472\VideoOS.Utilities.UnitTests.dll" adapterTypeName="executor://mstestadapter/v2" className="VideoOS.Utilities.UnitTests.Cryptography.RsaCngAsymmetricEncryptionTests" name="EncryptionFactory_Throws_OnCreateAsymmetricForLicense_WithKeysEmptyAndBlobNotNull" />
    </UnitTest>
    <UnitTest name="AccessControlUpdater_SetFileAccessControl_RemoveAccessRuleReturnsFalse" storage="d:\actions-runner\_work\xpco\xpco\common\videoos.utilities\videoos.utilities.unittests\bin\debug\net472\videoos.utilities.unittests.dll" id="3f15cb76-28ca-0676-96b0-c46697fd69a3">
      <Execution id="0e7e7322-ad8b-421f-baed-3e1557280cb3" />
      <TestMethod codeBase="D:\actions-runner\_work\XPCO\XPCO\Common\VideoOS.Utilities\VideoOS.Utilities.UnitTests\bin\Debug\net472\VideoOS.Utilities.UnitTests.dll" adapterTypeName="executor://mstestadapter/v2" className="VideoOS.Utilities.UnitTests.Security.AccessControlUpdaterTests" name="AccessControlUpdater_SetFileAccessControl_RemoveAccessRuleReturnsFalse" />
    </UnitTest>
    <UnitTest name="Constructor_SingleReservation_DelegateAndListen" storage="d:\actions-runner\_work\xpco\xpco\common\videoos.utilities\videoos.utilities.unittests\bin\debug\net472\videoos.utilities.unittests.dll" id="2fdaf9d0-ed4d-06f2-70b2-65e45d9c49c9">
      <Execution id="a87cad61-87ce-477d-bb62-49cbeec227d9" />
      <TestMethod codeBase="D:\actions-runner\_work\XPCO\XPCO\Common\VideoOS.Utilities\VideoOS.Utilities.UnitTests\bin\Debug\net472\VideoOS.Utilities.UnitTests.dll" adapterTypeName="executor://mstestadapter/v2" className="VideoOS.Utilities.UnitTests.Windows.Http.UrlReservationInfoCollectionWrapperTest" name="Constructor_SingleReservation_DelegateAndListen" />
    </UnitTest>
    <UnitTest name="ExecuteScalarAsyncTest" storage="d:\actions-runner\_work\xpco\xpco\common\videoos.utilities\videoos.utilities.unittests\bin\debug\net472\videoos.utilities.unittests.dll" id="488c9566-159e-023d-55f9-6135ea491195">
      <TestCategory>
        <TestCategoryItem TestCategory="DatabaseCommand" />
      </TestCategory>
      <Execution id="b4269b00-d274-46a5-9b2f-a06fa49d88ce" />
      <TestMethod codeBase="D:\actions-runner\_work\XPCO\XPCO\Common\VideoOS.Utilities\VideoOS.Utilities.UnitTests\bin\Debug\net472\VideoOS.Utilities.UnitTests.dll" adapterTypeName="executor://mstestadapter/v2" className="VideoOS.Utilities.UnitTests.Database.SqlResourceComponentTest" name="ExecuteScalarAsyncTest" />
    </UnitTest>
    <UnitTest name="RetryableActionRetriedWhenOwnerOfTheTransaction" storage="d:\actions-runner\_work\xpco\xpco\common\videoos.utilities\videoos.utilities.unittests\bin\debug\net472\videoos.utilities.unittests.dll" id="c2067aaa-c435-63c7-5ffc-c02780c3c66c">
      <TestCategory>
        <TestCategoryItem TestCategory="DatabaseConnection" />
      </TestCategory>
      <Execution id="1fba0190-eacf-4b38-85f3-7a2d0d9eb911" />
      <TestMethod codeBase="D:\actions-runner\_work\XPCO\XPCO\Common\VideoOS.Utilities\VideoOS.Utilities.UnitTests\bin\Debug\net472\VideoOS.Utilities.UnitTests.dll" adapterTypeName="executor://mstestadapter/v2" className="VideoOS.Utilities.UnitTests.Database.DatabaseConnectionTests" name="RetryableActionRetriedWhenOwnerOfTheTransaction" />
    </UnitTest>
    <UnitTest name="ExecuteScalarTest" storage="d:\actions-runner\_work\xpco\xpco\common\videoos.utilities\videoos.utilities.unittests\bin\debug\net472\videoos.utilities.unittests.dll" id="fa4019b5-9f9e-ede1-e627-09b8a6572dec">
      <TestCategory>
        <TestCategoryItem TestCategory="DatabaseCommand" />
      </TestCategory>
      <Execution id="835e5408-a38f-4d5d-b894-1480dde7923e" />
      <TestMethod codeBase="D:\actions-runner\_work\XPCO\XPCO\Common\VideoOS.Utilities\VideoOS.Utilities.UnitTests\bin\Debug\net472\VideoOS.Utilities.UnitTests.dll" adapterTypeName="executor://mstestadapter/v2" className="VideoOS.Utilities.UnitTests.Database.SqlResourceComponentTest" name="ExecuteScalarTest" />
    </UnitTest>
    <UnitTest name="Sync_Once" storage="d:\actions-runner\_work\xpco\xpco\common\videoos.utilities\videoos.utilities.unittests\bin\debug\net472\videoos.utilities.unittests.dll" id="cb6625e8-d5a4-6ab8-1a3a-1a40acb593d9">
      <Execution id="86f7cafd-0e2f-42c7-bc79-6f3ad099a3e7" />
      <TestMethod codeBase="D:\actions-runner\_work\XPCO\XPCO\Common\VideoOS.Utilities\VideoOS.Utilities.UnitTests\bin\Debug\net472\VideoOS.Utilities.UnitTests.dll" adapterTypeName="executor://mstestadapter/v2" className="VideoOS.Utilities.UnitTests.Collections.SynchronizedListTest" name="Sync_Once" />
    </UnitTest>
    <UnitTest name="DecryptKey_ShouldThrow_PasswordIsWrong" storage="d:\actions-runner\_work\xpco\xpco\common\videoos.utilities\videoos.utilities.unittests\bin\debug\net472\videoos.utilities.unittests.dll" id="73aa7f18-51a7-6c4f-64a7-0dcd1a4e3e10">
      <Execution id="fdf79f30-99a8-46e9-8020-8b0fcca94f5b" />
      <TestMethod codeBase="D:\actions-runner\_work\XPCO\XPCO\Common\VideoOS.Utilities\VideoOS.Utilities.UnitTests\bin\Debug\net472\VideoOS.Utilities.UnitTests.dll" adapterTypeName="executor://mstestadapter/v2" className="VideoOS.Utilities.UnitTests.KeyManagement.EncryptionProviderTests" name="DecryptKey_ShouldThrow_PasswordIsWrong" />
    </UnitTest>
    <UnitTest name="MultipleThreadsAndAppenders" storage="d:\actions-runner\_work\xpco\xpco\common\videoos.utilities\videoos.utilities.unittests\bin\debug\net472\videoos.utilities.unittests.dll" id="57eb03f9-629b-e61d-a054-266af00de60c">
      <Execution id="819ffb49-284a-4ca5-8723-b2dbe39a8ab7" />
      <TestMethod codeBase="D:\actions-runner\_work\XPCO\XPCO\Common\VideoOS.Utilities\VideoOS.Utilities.UnitTests\bin\Debug\net472\VideoOS.Utilities.UnitTests.dll" adapterTypeName="executor://mstestadapter/v2" className="VideoOS.Utilities.UnitTests.Diagnostics.MultiThreading" name="MultipleThreadsAndAppenders" />
    </UnitTest>
    <UnitTest name="OpenCloseConnection_Success" storage="d:\actions-runner\_work\xpco\xpco\common\videoos.utilities\videoos.utilities.unittests\bin\debug\net472\videoos.utilities.unittests.dll" id="f6d26f80-8605-5ec6-603e-727ed3a6876d">
      <TestCategory>
        <TestCategoryItem TestCategory="DatabaseConnection" />
      </TestCategory>
      <Execution id="a577b529-6765-48a4-b130-f2d9c35d7114" />
      <TestMethod codeBase="D:\actions-runner\_work\XPCO\XPCO\Common\VideoOS.Utilities\VideoOS.Utilities.UnitTests\bin\Debug\net472\VideoOS.Utilities.UnitTests.dll" adapterTypeName="executor://mstestadapter/v2" className="VideoOS.Utilities.UnitTests.Database.DatabaseConnectionTests" name="OpenCloseConnection_Success" />
    </UnitTest>
    <UnitTest name="GetSqlConnection_IntegratedSecuritySetUsingSSPI_Success" storage="d:\actions-runner\_work\xpco\xpco\common\videoos.utilities\videoos.utilities.unittests\bin\debug\net472\videoos.utilities.unittests.dll" id="e56d7f60-ae86-4c76-0aba-91f49dfb5659">
      <TestCategory>
        <TestCategoryItem TestCategory="Database" />
      </TestCategory>
      <Execution id="c66a6040-45fe-4fd0-8dbb-65fa6fcfb743" />
      <TestMethod codeBase="D:\actions-runner\_work\XPCO\XPCO\Common\VideoOS.Utilities\VideoOS.Utilities.UnitTests\bin\Debug\net472\VideoOS.Utilities.UnitTests.dll" adapterTypeName="executor://mstestadapter/v2" className="VideoOS.Utilities.UnitTests.Database.SqlConnectionManagerTests" name="GetSqlConnection_IntegratedSecuritySetUsingSSPI_Success" />
    </UnitTest>
    <UnitTest name="BulkProcessor_Exception_In_ProcessDelegate" storage="d:\actions-runner\_work\xpco\xpco\common\videoos.utilities\videoos.utilities.unittests\bin\debug\net472\videoos.utilities.unittests.dll" id="7f168450-7beb-3ded-6f55-bc3efe431ecc">
      <Execution id="4538d262-a735-4563-87e7-4bc48ab12a64" />
      <TestMethod codeBase="D:\actions-runner\_work\XPCO\XPCO\Common\VideoOS.Utilities\VideoOS.Utilities.UnitTests\bin\Debug\net472\VideoOS.Utilities.UnitTests.dll" adapterTypeName="executor://mstestadapter/v2" className="VideoOS.Utilities.BulkProcessing.UnitTests.BulkProcessorUnitTest" name="BulkProcessor_Exception_In_ProcessDelegate" />
    </UnitTest>
    <UnitTest name="CreateStrongWildcard_NoRelativePathTest" storage="d:\actions-runner\_work\xpco\xpco\common\videoos.utilities\videoos.utilities.unittests\bin\debug\net472\videoos.utilities.unittests.dll" id="d4296253-5030-756d-1bbe-e24219eba037">
      <Execution id="d4b91a91-4735-450c-802a-52dd03d6e041" />
      <TestMethod codeBase="D:\actions-runner\_work\XPCO\XPCO\Common\VideoOS.Utilities\VideoOS.Utilities.UnitTests\bin\Debug\net472\VideoOS.Utilities.UnitTests.dll" adapterTypeName="executor://mstestadapter/v2" className="VideoOS.Utilities.UnitTests.Windows.UrlPrefixTest" name="CreateStrongWildcard_NoRelativePathTest" />
    </UnitTest>
    <UnitTest name="ExecuteReaderTwoRows" storage="d:\actions-runner\_work\xpco\xpco\common\videoos.utilities\videoos.utilities.unittests\bin\debug\net472\videoos.utilities.unittests.dll" id="dd9c00b0-a9d0-b2f3-1f0f-3a9a641e0da9">
      <TestCategory>
        <TestCategoryItem TestCategory="DatabaseCommand" />
      </TestCategory>
      <Execution id="f39e5a42-7a4b-4149-bfb9-9ef2ecf5ecbf" />
      <TestMethod codeBase="D:\actions-runner\_work\XPCO\XPCO\Common\VideoOS.Utilities\VideoOS.Utilities.UnitTests\bin\Debug\net472\VideoOS.Utilities.UnitTests.dll" adapterTypeName="executor://mstestadapter/v2" className="VideoOS.Utilities.UnitTests.Database.DatabaseCommandTest" name="ExecuteReaderTwoRows" />
    </UnitTest>
    <UnitTest name="Construction_KeyInformationIsTheSame_OnConstructionWithKeyInformation" storage="d:\actions-runner\_work\xpco\xpco\common\videoos.utilities\videoos.utilities.unittests\bin\debug\net472\videoos.utilities.unittests.dll" id="b71129c9-df58-0336-4b9a-daa4004a44ec">
      <Execution id="35b43fe6-99e7-4dd8-8c11-3d2585427aeb" />
      <TestMethod codeBase="D:\actions-runner\_work\XPCO\XPCO\Common\VideoOS.Utilities\VideoOS.Utilities.UnitTests\bin\Debug\net472\VideoOS.Utilities.UnitTests.dll" adapterTypeName="executor://mstestadapter/v2" className="VideoOS.Utilities.UnitTests.Cryptography.RsaCngAsymmetricEncryptionTests" name="Construction_KeyInformationIsTheSame_OnConstructionWithKeyInformation" />
    </UnitTest>
    <UnitTest name="ShowHelp_OfflineWorkflow__DisplayHtmlHelp_InvokeWithHttpPorts9000Url" storage="d:\actions-runner\_work\xpco\xpco\common\videoos.utilities\videoos.utilities.unittests\bin\debug\net472\videoos.utilities.unittests.dll" id="401030be-29d7-eb86-f18e-56652d09e0bd">
      <TestCategory>
        <TestCategoryItem TestCategory="Help" />
      </TestCategory>
      <Execution id="e7f32a02-4d18-4b7b-8a00-e7af620cf77e" />
      <TestMethod codeBase="D:\actions-runner\_work\XPCO\XPCO\Common\VideoOS.Utilities\VideoOS.Utilities.UnitTests\bin\Debug\net472\VideoOS.Utilities.UnitTests.dll" adapterTypeName="executor://mstestadapter/v2" className="VideoOS.Utilities.UnitTests.Help.HelpManagerTests" name="ShowHelp_OfflineWorkflow__DisplayHtmlHelp_InvokeWithHttpPorts9000Url" />
    </UnitTest>
    <UnitTest name="Given_FeaturesWithErrorAndGetLastErrorFails_When_EnsureFeaturesAreInstalled_Then_MethodReturnsTheFailedFeatureAndAProperErrorMessage" storage="d:\actions-runner\_work\xpco\xpco\common\videoos.utilities\videoos.utilities.unittests\bin\debug\net472\videoos.utilities.unittests.dll" id="c8d52768-d5b1-c179-771a-3245a9b88ae9">
      <Execution id="0954a17e-3d36-4f6b-81e9-b3fdc407c302" />
      <TestMethod codeBase="D:\actions-runner\_work\XPCO\XPCO\Common\VideoOS.Utilities\VideoOS.Utilities.UnitTests\bin\Debug\net472\VideoOS.Utilities.UnitTests.dll" adapterTypeName="executor://mstestadapter/v2" className="VideoOS.Utilities.UnitTests.Dism.DismSessionTest" name="Given_FeaturesWithErrorAndGetLastErrorFails_When_EnsureFeaturesAreInstalled_Then_MethodReturnsTheFailedFeatureAndAProperErrorMessage" />
    </UnitTest>
    <UnitTest name="Given_PasswordContainsLocalIllegalPhrase_When_Validating_AProperErrorMessageIsReturned" storage="d:\actions-runner\_work\xpco\xpco\common\videoos.utilities\videoos.utilities.unittests\bin\debug\net472\videoos.utilities.unittests.dll" id="be55453b-a97c-0dcd-7e17-6e35421ce45e">
      <Execution id="49823ff1-249d-4da0-99a0-aebe79d57b16" />
      <TestMethod codeBase="D:\actions-runner\_work\XPCO\XPCO\Common\VideoOS.Utilities\VideoOS.Utilities.UnitTests\bin\Debug\net472\VideoOS.Utilities.UnitTests.dll" adapterTypeName="executor://mstestadapter/v2" className="VideoOS.Common.EnvironmentServices.UnitTests.Security.PasswordValidatorTest" name="Given_PasswordContainsLocalIllegalPhrase_When_Validating_AProperErrorMessageIsReturned" />
    </UnitTest>
    <UnitTest name="Parse_IPBoundWeakWildcard_IPv6_Http_WithRelativePathTest" storage="d:\actions-runner\_work\xpco\xpco\common\videoos.utilities\videoos.utilities.unittests\bin\debug\net472\videoos.utilities.unittests.dll" id="c17e6a49-5090-3c4e-6c3c-c83ce25eb232">
      <Execution id="c184a8c8-2142-47ce-a39d-4cab18617777" />
      <TestMethod codeBase="D:\actions-runner\_work\XPCO\XPCO\Common\VideoOS.Utilities\VideoOS.Utilities.UnitTests\bin\Debug\net472\VideoOS.Utilities.UnitTests.dll" adapterTypeName="executor://mstestadapter/v2" className="VideoOS.Utilities.UnitTests.Windows.UrlPrefixTest" name="Parse_IPBoundWeakWildcard_IPv6_Http_WithRelativePathTest" />
    </UnitTest>
    <UnitTest name="UseEncryptionAndDecryptTwiceWithNewBase64IVs" storage="d:\actions-runner\_work\xpco\xpco\common\videoos.utilities\videoos.utilities.unittests\bin\debug\net472\videoos.utilities.unittests.dll" id="bb807532-955d-ce2e-d67e-1867fc5bb38e">
      <Execution id="d93c50b9-759b-421c-8ca9-b212f4a57380" />
      <TestMethod codeBase="D:\actions-runner\_work\XPCO\XPCO\Common\VideoOS.Utilities\VideoOS.Utilities.UnitTests\bin\Debug\net472\VideoOS.Utilities.UnitTests.dll" adapterTypeName="executor://mstestadapter/v2" className="VideoOS.Utilities.UnitTests.Cryptography.Encryption" name="UseEncryptionAndDecryptTwiceWithNewBase64IVs" />
    </UnitTest>
    <UnitTest name="FormatByteSizeStringExactTest9" storage="d:\actions-runner\_work\xpco\xpco\common\videoos.utilities\videoos.utilities.unittests\bin\debug\net472\videoos.utilities.unittests.dll" id="318dfcc5-fe95-ef92-0ae4-5d0a5e9d05a7">
      <Execution id="295026ca-17d9-4b00-90a5-83998ba31bdb" />
      <TestMethod codeBase="D:\actions-runner\_work\XPCO\XPCO\Common\VideoOS.Utilities\VideoOS.Utilities.UnitTests\bin\Debug\net472\VideoOS.Utilities.UnitTests.dll" adapterTypeName="executor://mstestadapter/v2" className="VideoOS.Utilities.UnitTests.StringFormattingTest" name="FormatByteSizeStringExactTest9" />
    </UnitTest>
    <UnitTest name="ConstructDatabaseConnectionInfo_NullDatabaseName_Throws" storage="d:\actions-runner\_work\xpco\xpco\common\videoos.utilities\videoos.utilities.unittests\bin\debug\net472\videoos.utilities.unittests.dll" id="8a9e5061-fbd9-c439-e531-668e79a12e2a">
      <Execution id="9e049162-5755-4926-a428-cdf393612936" />
      <TestMethod codeBase="D:\actions-runner\_work\XPCO\XPCO\Common\VideoOS.Utilities\VideoOS.Utilities.UnitTests\bin\Debug\net472\VideoOS.Utilities.UnitTests.dll" adapterTypeName="executor://mstestadapter/v2" className="VideoOS.Utilities.UnitTests.Database.DatabaseConnectionInfoTests" name="ConstructDatabaseConnectionInfo_NullDatabaseName_Throws" />
    </UnitTest>
    <UnitTest name="Construct_InvalidParam_ThreadName_EmptyString_Throws_ArgumentNullException" storage="d:\actions-runner\_work\xpco\xpco\common\videoos.utilities\videoos.utilities.unittests\bin\debug\net472\videoos.utilities.unittests.dll" id="45cf2d7a-2062-ef4f-44da-bfd3ef3112ba">
      <TestCategory>
        <TestCategoryItem TestCategory="VideoOS Utilities Timers" />
      </TestCategory>
      <Execution id="3eefc7a2-c43f-4adb-96a6-bd662e07ef86" />
      <TestMethod codeBase="D:\actions-runner\_work\XPCO\XPCO\Common\VideoOS.Utilities\VideoOS.Utilities.UnitTests\bin\Debug\net472\VideoOS.Utilities.UnitTests.dll" adapterTypeName="executor://mstestadapter/v2" className="VideoOS.Utilities.UnitTests.Threading.BaseTimeDelayedThreadTests" name="Construct_InvalidParam_ThreadName_EmptyString_Throws_ArgumentNullException" />
    </UnitTest>
    <UnitTest name="Init_WhenNotInitialized_Continue" storage="d:\actions-runner\_work\xpco\xpco\common\videoos.utilities\videoos.utilities.unittests\bin\debug\net472\videoos.utilities.unittests.dll" id="bb2297a8-8bdb-2449-af8c-583927bbd3b1">
      <Execution id="bfdca2a7-0316-43a6-b6ec-8364d46454b8" />
      <TestMethod codeBase="D:\actions-runner\_work\XPCO\XPCO\Common\VideoOS.Utilities\VideoOS.Utilities.UnitTests\bin\Debug\net472\VideoOS.Utilities.UnitTests.dll" adapterTypeName="executor://mstestadapter/v2" className="VideoOS.Utilities.UnitTests.Workflow.InitControlTests" name="Init_WhenNotInitialized_Continue" />
    </UnitTest>
    <UnitTest name="StartWritingSession_ShouldReturn_IFileWritingSession" storage="d:\actions-runner\_work\xpco\xpco\common\videoos.utilities\videoos.utilities.unittests\bin\debug\net472\videoos.utilities.unittests.dll" id="9386d01f-8187-3c06-c9bc-5b2f08b810ad">
      <Execution id="648d613d-8b82-46ad-9abc-b9d28010b810" />
      <TestMethod codeBase="D:\actions-runner\_work\XPCO\XPCO\Common\VideoOS.Utilities\VideoOS.Utilities.UnitTests\bin\Debug\net472\VideoOS.Utilities.UnitTests.dll" adapterTypeName="executor://mstestadapter/v2" className="VideoOS.Utilities.UnitTests.KeyManagement.FilePasswordProviderTests" name="StartWritingSession_ShouldReturn_IFileWritingSession" />
    </UnitTest>
    <UnitTest name="EncryptStringDataTestWrongPasswordRijndael" storage="d:\actions-runner\_work\xpco\xpco\common\videoos.utilities\videoos.utilities.unittests\bin\debug\net472\videoos.utilities.unittests.dll" id="406ea4ef-9543-88d7-8b75-4f1c74009154">
      <Execution id="d69dcb6a-dc80-47c6-810c-f721b2ba4595" />
      <TestMethod codeBase="D:\actions-runner\_work\XPCO\XPCO\Common\VideoOS.Utilities\VideoOS.Utilities.UnitTests\bin\Debug\net472\VideoOS.Utilities.UnitTests.dll" adapterTypeName="executor://mstestadapter/v2" className="VideoOS.Utilities.UnitTests.Cryptography.Encryption" name="EncryptStringDataTestWrongPasswordRijndael" />
    </UnitTest>
    <UnitTest name="Construct_RetrievesInvalidConfigurationFromReader_InvalidConnectionString_Throws_InvalidConnectionStringException" storage="d:\actions-runner\_work\xpco\xpco\common\videoos.utilities\videoos.utilities.unittests\bin\debug\net472\videoos.utilities.unittests.dll" id="defafc91-1d2c-fc1f-49c6-e12ed3f63e94">
      <TestCategory>
        <TestCategoryItem TestCategory="Database" />
      </TestCategory>
      <Execution id="3cff8b08-7358-4b28-aa07-31b0e6446da5" />
      <TestMethod codeBase="D:\actions-runner\_work\XPCO\XPCO\Common\VideoOS.Utilities\VideoOS.Utilities.UnitTests\bin\Debug\net472\VideoOS.Utilities.UnitTests.dll" adapterTypeName="executor://mstestadapter/v2" className="VideoOS.Utilities.UnitTests.Database.SqlConnectionManagerTests" name="Construct_RetrievesInvalidConfigurationFromReader_InvalidConnectionString_Throws_InvalidConnectionStringException" />
    </UnitTest>
    <UnitTest name="GetConnectionExecuteRetryable" storage="d:\actions-runner\_work\xpco\xpco\common\videoos.utilities\videoos.utilities.unittests\bin\debug\net472\videoos.utilities.unittests.dll" id="cb1f0861-b2da-9616-9a03-c34074ad8358">
      <TestCategory>
        <TestCategoryItem TestCategory="Database" />
      </TestCategory>
      <Execution id="b06eee44-9357-467e-bb97-00c543b7f4c1" />
      <TestMethod codeBase="D:\actions-runner\_work\XPCO\XPCO\Common\VideoOS.Utilities\VideoOS.Utilities.UnitTests\bin\Debug\net472\VideoOS.Utilities.UnitTests.dll" adapterTypeName="executor://mstestadapter/v2" className="VideoOS.Utilities.UnitTests.Database.SqlConnectionManagerTests" name="GetConnectionExecuteRetryable" />
    </UnitTest>
    <UnitTest name="FormatByteSizeStringTest9" storage="d:\actions-runner\_work\xpco\xpco\common\videoos.utilities\videoos.utilities.unittests\bin\debug\net472\videoos.utilities.unittests.dll" id="25d0d593-c917-5b84-83b3-a4ee44dec843">
      <Execution id="6f9e6eb9-80a9-4a92-b4ea-fe28a76a4fe1" />
      <TestMethod codeBase="D:\actions-runner\_work\XPCO\XPCO\Common\VideoOS.Utilities\VideoOS.Utilities.UnitTests\bin\Debug\net472\VideoOS.Utilities.UnitTests.dll" adapterTypeName="executor://mstestadapter/v2" className="VideoOS.Utilities.UnitTests.StringFormattingTest" name="FormatByteSizeStringTest9" />
    </UnitTest>
    <UnitTest name="UseEncryptionAndDecryptTwiceWithNewIVs" storage="d:\actions-runner\_work\xpco\xpco\common\videoos.utilities\videoos.utilities.unittests\bin\debug\net472\videoos.utilities.unittests.dll" id="feb7eb52-dbfc-1bbd-0c92-de56627f5f80">
      <Execution id="6c4b8681-9ed5-4f43-ae5d-6cb8b993abbd" />
      <TestMethod codeBase="D:\actions-runner\_work\XPCO\XPCO\Common\VideoOS.Utilities\VideoOS.Utilities.UnitTests\bin\Debug\net472\VideoOS.Utilities.UnitTests.dll" adapterTypeName="executor://mstestadapter/v2" className="VideoOS.Utilities.UnitTests.Cryptography.Encryption" name="UseEncryptionAndDecryptTwiceWithNewIVs" />
    </UnitTest>
    <UnitTest name="UseEncryptionAndDecryptWithAndWithoutCompression" storage="d:\actions-runner\_work\xpco\xpco\common\videoos.utilities\videoos.utilities.unittests\bin\debug\net472\videoos.utilities.unittests.dll" id="f10d3486-2847-7d12-3e88-c0a981db92bc">
      <Execution id="0d9d90d3-734b-4098-a5c0-1ed42c4538cd" />
      <TestMethod codeBase="D:\actions-runner\_work\XPCO\XPCO\Common\VideoOS.Utilities\VideoOS.Utilities.UnitTests\bin\Debug\net472\VideoOS.Utilities.UnitTests.dll" adapterTypeName="executor://mstestadapter/v2" className="VideoOS.Utilities.UnitTests.Cryptography.Encryption" name="UseEncryptionAndDecryptWithAndWithoutCompression" />
    </UnitTest>
    <UnitTest name="GetSchemasByCollectionNameTest" storage="d:\actions-runner\_work\xpco\xpco\common\videoos.utilities\videoos.utilities.unittests\bin\debug\net472\videoos.utilities.unittests.dll" id="f6db2584-e92d-8b79-e003-09d814f47319">
      <TestCategory>
        <TestCategoryItem TestCategory="DatabaseConnection" />
      </TestCategory>
      <Execution id="d3bbffaa-8a72-467d-b374-e45c566dbb8a" />
      <TestMethod codeBase="D:\actions-runner\_work\XPCO\XPCO\Common\VideoOS.Utilities\VideoOS.Utilities.UnitTests\bin\Debug\net472\VideoOS.Utilities.UnitTests.dll" adapterTypeName="executor://mstestadapter/v2" className="VideoOS.Utilities.UnitTests.Database.DatabaseConnectionTests" name="GetSchemasByCollectionNameTest" />
    </UnitTest>
    <UnitTest name="Initialize_ValidArgsOnline_Success" storage="d:\actions-runner\_work\xpco\xpco\common\videoos.utilities\videoos.utilities.unittests\bin\debug\net472\videoos.utilities.unittests.dll" id="ac356aac-15fb-54ef-ad39-79e6f940bfad">
      <TestCategory>
        <TestCategoryItem TestCategory="Help" />
      </TestCategory>
      <Execution id="9ef75e23-3ed0-404f-8888-42078c7031d0" />
      <TestMethod codeBase="D:\actions-runner\_work\XPCO\XPCO\Common\VideoOS.Utilities\VideoOS.Utilities.UnitTests\bin\Debug\net472\VideoOS.Utilities.UnitTests.dll" adapterTypeName="executor://mstestadapter/v2" className="VideoOS.Utilities.UnitTests.Help.HelpManagerTests" name="Initialize_ValidArgsOnline_Success" />
    </UnitTest>
    <UnitTest name="DeletePassword_CorrectlyThrowsIOException_WhenMissingFileOrFolder" storage="d:\actions-runner\_work\xpco\xpco\common\videoos.utilities\videoos.utilities.unittests\bin\debug\net472\videoos.utilities.unittests.dll" id="387688a2-0d07-a1d7-85d9-95e5f238d96c">
      <Execution id="224ffb97-c9a5-4ea1-98d2-a7dbd6795bc3" />
      <TestMethod codeBase="D:\actions-runner\_work\XPCO\XPCO\Common\VideoOS.Utilities\VideoOS.Utilities.UnitTests\bin\Debug\net472\VideoOS.Utilities.UnitTests.dll" adapterTypeName="executor://mstestadapter/v2" className="VideoOS.Utilities.UnitTests.KeyManagement.FilePasswordProviderTests" name="DeletePassword_CorrectlyThrowsIOException_WhenMissingFileOrFolder" />
    </UnitTest>
    <UnitTest name="BeginEndTransaction_Success" storage="d:\actions-runner\_work\xpco\xpco\common\videoos.utilities\videoos.utilities.unittests\bin\debug\net472\videoos.utilities.unittests.dll" id="a6aacb08-b512-a0f5-8fbe-c7d635843ad5">
      <TestCategory>
        <TestCategoryItem TestCategory="DatabaseConnection" />
      </TestCategory>
      <Execution id="3ca01d83-3076-4fd0-82df-3374d6536e3a" />
      <TestMethod codeBase="D:\actions-runner\_work\XPCO\XPCO\Common\VideoOS.Utilities\VideoOS.Utilities.UnitTests\bin\Debug\net472\VideoOS.Utilities.UnitTests.dll" adapterTypeName="executor://mstestadapter/v2" className="VideoOS.Utilities.UnitTests.Database.DatabaseConnectionTests" name="BeginEndTransaction_Success" />
    </UnitTest>
    <UnitTest name="DatabaseParametersBaseTest" storage="d:\actions-runner\_work\xpco\xpco\common\videoos.utilities\videoos.utilities.unittests\bin\debug\net472\videoos.utilities.unittests.dll" id="56ce4334-a225-1470-b86a-1784fac43ca5">
      <TestCategory>
        <TestCategoryItem TestCategory="DatabaseCommand" />
      </TestCategory>
      <Execution id="20d0e585-cdef-4b3c-8872-815b0a2e048d" />
      <TestMethod codeBase="D:\actions-runner\_work\XPCO\XPCO\Common\VideoOS.Utilities\VideoOS.Utilities.UnitTests\bin\Debug\net472\VideoOS.Utilities.UnitTests.dll" adapterTypeName="executor://mstestadapter/v2" className="VideoOS.Utilities.UnitTests.Database.SqlResourceComponentTest" name="DatabaseParametersBaseTest" />
    </UnitTest>
    <UnitTest name="EncryptionFactory_Throws_OnCreateAsymmetricWithKeysOkPaddingNotNullAndBlobNull" storage="d:\actions-runner\_work\xpco\xpco\common\videoos.utilities\videoos.utilities.unittests\bin\debug\net472\videoos.utilities.unittests.dll" id="813781e4-6529-b9c3-dc2f-c58adbd45c67">
      <Execution id="c64ea4b6-95a0-44d4-be00-a59a52237c2b" />
      <TestMethod codeBase="D:\actions-runner\_work\XPCO\XPCO\Common\VideoOS.Utilities\VideoOS.Utilities.UnitTests\bin\Debug\net472\VideoOS.Utilities.UnitTests.dll" adapterTypeName="executor://mstestadapter/v2" className="VideoOS.Utilities.UnitTests.Cryptography.RsaCngAsymmetricEncryptionTests" name="EncryptionFactory_Throws_OnCreateAsymmetricWithKeysOkPaddingNotNullAndBlobNull" />
    </UnitTest>
    <UnitTest name="Sync_And_Clear" storage="d:\actions-runner\_work\xpco\xpco\common\videoos.utilities\videoos.utilities.unittests\bin\debug\net472\videoos.utilities.unittests.dll" id="b277a2ac-923b-e5c0-c105-5378a94b63a7">
      <Execution id="4f33ec2d-4134-4abd-bfc5-a099195d31c0" />
      <TestMethod codeBase="D:\actions-runner\_work\XPCO\XPCO\Common\VideoOS.Utilities\VideoOS.Utilities.UnitTests\bin\Debug\net472\VideoOS.Utilities.UnitTests.dll" adapterTypeName="executor://mstestadapter/v2" className="VideoOS.Utilities.UnitTests.Collections.SynchronizedListTest" name="Sync_And_Clear" />
    </UnitTest>
    <UnitTest name="EventServerSqlConnectionStorage_Constructor_Success" storage="d:\actions-runner\_work\xpco\xpco\common\videoos.utilities\videoos.utilities.unittests\bin\debug\net472\videoos.utilities.unittests.dll" id="e0b8b063-cc2e-f702-2b53-1f80cea70f32">
      <TestCategory>
        <TestCategoryItem TestCategory="Database" />
      </TestCategory>
      <Execution id="6ddc1ca2-4f50-473c-9d9b-73a2e6cbe23a" />
      <TestMethod codeBase="D:\actions-runner\_work\XPCO\XPCO\Common\VideoOS.Utilities\VideoOS.Utilities.UnitTests\bin\Debug\net472\VideoOS.Utilities.UnitTests.dll" adapterTypeName="executor://mstestadapter/v2" className="VideoOS.Utilities.UnitTests.Database.EventServerSqlConnectionStorageTests" name="EventServerSqlConnectionStorage_Constructor_Success" />
    </UnitTest>
    <UnitTest name="HelpManager_ctor_Success" storage="d:\actions-runner\_work\xpco\xpco\common\videoos.utilities\videoos.utilities.unittests\bin\debug\net472\videoos.utilities.unittests.dll" id="95addf67-51d6-243f-594c-cd203efa3cab">
      <TestCategory>
        <TestCategoryItem TestCategory="Help" />
      </TestCategory>
      <Execution id="dbb96418-3544-4e77-a76e-eaa3b470bdc3" />
      <TestMethod codeBase="D:\actions-runner\_work\XPCO\XPCO\Common\VideoOS.Utilities\VideoOS.Utilities.UnitTests\bin\Debug\net472\VideoOS.Utilities.UnitTests.dll" adapterTypeName="executor://mstestadapter/v2" className="VideoOS.Utilities.UnitTests.Help.HelpManagerTests" name="HelpManager_ctor_Success" />
    </UnitTest>
    <UnitTest name="RemoveInvalidXMLChars_Null_EmptyResult" storage="d:\actions-runner\_work\xpco\xpco\common\videoos.utilities\videoos.utilities.unittests\bin\debug\net472\videoos.utilities.unittests.dll" id="59fd16aa-fcf0-7b06-e458-4da33c7a4c9d">
      <Execution id="76d89269-f868-4281-a2f9-6aff2c9d5c2a" />
      <TestMethod codeBase="D:\actions-runner\_work\XPCO\XPCO\Common\VideoOS.Utilities\VideoOS.Utilities.UnitTests\bin\Debug\net472\VideoOS.Utilities.UnitTests.dll" adapterTypeName="executor://mstestadapter/v2" className="VideoOS.Utilities.UnitTests.Formatting.CharacterTests" name="RemoveInvalidXMLChars_Null_EmptyResult" />
    </UnitTest>
    <UnitTest name="Construct_WhenDataTypeNotSerializable_Exception" storage="d:\actions-runner\_work\xpco\xpco\common\videoos.utilities\videoos.utilities.unittests\bin\debug\net472\videoos.utilities.unittests.dll" id="aa9c40ce-f613-f729-f8f5-0d43cbdfea0e">
      <Execution id="165ed334-a436-4825-b2ca-faa9051ba58b" />
      <TestMethod codeBase="D:\actions-runner\_work\XPCO\XPCO\Common\VideoOS.Utilities\VideoOS.Utilities.UnitTests\bin\Debug\net472\VideoOS.Utilities.UnitTests.dll" adapterTypeName="executor://mstestadapter/v2" className="VideoOS.Utilities.UnitTests.Formatting.Base64EncoderTest" name="Construct_WhenDataTypeNotSerializable_Exception" />
    </UnitTest>
    <UnitTest name="CreateSignatureWithPublicKey" storage="d:\actions-runner\_work\xpco\xpco\common\videoos.utilities\videoos.utilities.unittests\bin\debug\net472\videoos.utilities.unittests.dll" id="fd85e03e-0f3d-0871-554a-94dfeafc096e">
      <Execution id="4025c7f8-00f5-4142-8b72-d25ddbab7ac2" />
      <TestMethod codeBase="D:\actions-runner\_work\XPCO\XPCO\Common\VideoOS.Utilities\VideoOS.Utilities.UnitTests\bin\Debug\net472\VideoOS.Utilities.UnitTests.dll" adapterTypeName="executor://mstestadapter/v2" className="VideoOS.Utilities.UnitTests.Cryptography.StringSignatures" name="CreateSignatureWithPublicKey" />
    </UnitTest>
    <UnitTest name="ValidateWebAddress_WithInvalidInput" storage="d:\actions-runner\_work\xpco\xpco\common\videoos.utilities\videoos.utilities.unittests\bin\debug\net472\videoos.utilities.unittests.dll" id="c9625d65-b8bc-1d40-44b2-ce27ca68ed64">
      <Execution id="cc24581c-83bd-48c1-b801-33b8823d10f4" />
      <TestMethod codeBase="D:\actions-runner\_work\XPCO\XPCO\Common\VideoOS.Utilities\VideoOS.Utilities.UnitTests\bin\Debug\net472\VideoOS.Utilities.UnitTests.dll" adapterTypeName="executor://mstestadapter/v2" className="VideoOS.Utilities.UnitTests.Network.AddressValidationTests" name="ValidateWebAddress_WithInvalidInput" />
    </UnitTest>
    <UnitTest name="IsValidBase64String_DataDrivenTest (SWYgeW91IHJlYWQgdGhpcywgdGhhdCBtZWFucyB0aGF0IHlvdSBhcmUgY29vbCAh,True)" storage="d:\actions-runner\_work\xpco\xpco\common\videoos.utilities\videoos.utilities.unittests\bin\debug\net472\videoos.utilities.unittests.dll" id="6bd29839-713f-ccba-0e0c-5fbc266ff70b">
      <Execution id="dfaf0c12-4021-4c0e-9f3e-d451f05d5ae5" />
      <TestMethod codeBase="D:\actions-runner\_work\XPCO\XPCO\Common\VideoOS.Utilities\VideoOS.Utilities.UnitTests\bin\Debug\net472\VideoOS.Utilities.UnitTests.dll" adapterTypeName="executor://mstestadapter/v2" className="VideoOS.Utilities.UnitTests.Validation.Base64StringValidatorTests" name="IsValidBase64String_DataDrivenTest" />
    </UnitTest>
    <UnitTest name="CreateWeakWildcard_NoRelativePathTest" storage="d:\actions-runner\_work\xpco\xpco\common\videoos.utilities\videoos.utilities.unittests\bin\debug\net472\videoos.utilities.unittests.dll" id="b5d83e8e-4d0e-c182-b397-53e926517e1d">
      <Execution id="d0b7de32-b660-447c-9e1e-610e6832eb5e" />
      <TestMethod codeBase="D:\actions-runner\_work\XPCO\XPCO\Common\VideoOS.Utilities\VideoOS.Utilities.UnitTests\bin\Debug\net472\VideoOS.Utilities.UnitTests.dll" adapterTypeName="executor://mstestadapter/v2" className="VideoOS.Utilities.UnitTests.Windows.UrlPrefixTest" name="CreateWeakWildcard_NoRelativePathTest" />
    </UnitTest>
    <UnitTest name="EncryptStringDataTestWrongPasswordTripleDES" storage="d:\actions-runner\_work\xpco\xpco\common\videoos.utilities\videoos.utilities.unittests\bin\debug\net472\videoos.utilities.unittests.dll" id="7fbf4643-33b6-b50c-4d89-cf868424f0c4">
      <Execution id="72ca8945-64b1-4b52-96ea-9e18c8953527" />
      <TestMethod codeBase="D:\actions-runner\_work\XPCO\XPCO\Common\VideoOS.Utilities\VideoOS.Utilities.UnitTests\bin\Debug\net472\VideoOS.Utilities.UnitTests.dll" adapterTypeName="executor://mstestadapter/v2" className="VideoOS.Utilities.UnitTests.Cryptography.Encryption" name="EncryptStringDataTestWrongPasswordTripleDES" />
    </UnitTest>
    <UnitTest name="CreateExplicit_IPv6Host" storage="d:\actions-runner\_work\xpco\xpco\common\videoos.utilities\videoos.utilities.unittests\bin\debug\net472\videoos.utilities.unittests.dll" id="683ef6ce-3b7f-cb97-64d1-7227151e64b1">
      <Execution id="d282d1b1-dcb2-405e-9fa5-216195327a99" />
      <TestMethod codeBase="D:\actions-runner\_work\XPCO\XPCO\Common\VideoOS.Utilities\VideoOS.Utilities.UnitTests\bin\Debug\net472\VideoOS.Utilities.UnitTests.dll" adapterTypeName="executor://mstestadapter/v2" className="VideoOS.Utilities.UnitTests.Windows.UrlPrefixTest" name="CreateExplicit_IPv6Host" />
    </UnitTest>
    <UnitTest name="Decode_WhenDataNotDeserializable_Exception" storage="d:\actions-runner\_work\xpco\xpco\common\videoos.utilities\videoos.utilities.unittests\bin\debug\net472\videoos.utilities.unittests.dll" id="a2b7e2de-0db6-3731-43cf-cc62cedd9a68">
      <Execution id="e939c3eb-02c8-4667-bd34-c99f9fbe2a1d" />
      <TestMethod codeBase="D:\actions-runner\_work\XPCO\XPCO\Common\VideoOS.Utilities\VideoOS.Utilities.UnitTests\bin\Debug\net472\VideoOS.Utilities.UnitTests.dll" adapterTypeName="executor://mstestadapter/v2" className="VideoOS.Utilities.UnitTests.Formatting.Base64EncoderTest" name="Decode_WhenDataNotDeserializable_Exception" />
    </UnitTest>
    <UnitTest name="CloseConnectionWithActiveDbTransaction_Fail" storage="d:\actions-runner\_work\xpco\xpco\common\videoos.utilities\videoos.utilities.unittests\bin\debug\net472\videoos.utilities.unittests.dll" id="c2a136cd-996a-f572-a51d-a2af9eb8c9d9">
      <TestCategory>
        <TestCategoryItem TestCategory="DatabaseConnection" />
      </TestCategory>
      <Execution id="c970f524-0fe9-4aff-9d2f-476b3c42f673" />
      <TestMethod codeBase="D:\actions-runner\_work\XPCO\XPCO\Common\VideoOS.Utilities\VideoOS.Utilities.UnitTests\bin\Debug\net472\VideoOS.Utilities.UnitTests.dll" adapterTypeName="executor://mstestadapter/v2" className="VideoOS.Utilities.UnitTests.Database.DatabaseConnectionTests" name="CloseConnectionWithActiveDbTransaction_Fail" />
    </UnitTest>
    <UnitTest name="RemoveInvalidXMLChars_Text_Chinese_Chars" storage="d:\actions-runner\_work\xpco\xpco\common\videoos.utilities\videoos.utilities.unittests\bin\debug\net472\videoos.utilities.unittests.dll" id="5e8218e5-ad16-734d-7b83-a405e0747b4a">
      <Execution id="078b7aec-1d31-473d-9a61-aecbc121a9ae" />
      <TestMethod codeBase="D:\actions-runner\_work\XPCO\XPCO\Common\VideoOS.Utilities\VideoOS.Utilities.UnitTests\bin\Debug\net472\VideoOS.Utilities.UnitTests.dll" adapterTypeName="executor://mstestadapter/v2" className="VideoOS.Utilities.UnitTests.Formatting.CharacterTests" name="RemoveInvalidXMLChars_Text_Chinese_Chars" />
    </UnitTest>
    <UnitTest name="FormatByteSizeStringExactTest5" storage="d:\actions-runner\_work\xpco\xpco\common\videoos.utilities\videoos.utilities.unittests\bin\debug\net472\videoos.utilities.unittests.dll" id="e182530e-f038-5140-1406-9bac6a04acfb">
      <Execution id="27c8e90c-1965-469b-8451-8203136e6fe1" />
      <TestMethod codeBase="D:\actions-runner\_work\XPCO\XPCO\Common\VideoOS.Utilities\VideoOS.Utilities.UnitTests\bin\Debug\net472\VideoOS.Utilities.UnitTests.dll" adapterTypeName="executor://mstestadapter/v2" className="VideoOS.Utilities.UnitTests.StringFormattingTest" name="FormatByteSizeStringExactTest5" />
    </UnitTest>
    <UnitTest name="NullCheckHasInformationOnObjectTypeAndCallerAndMayHaveOptionalTextAlternativeSyntax" storage="d:\actions-runner\_work\xpco\xpco\common\videoos.utilities\videoos.utilities.unittests\bin\debug\net472\videoos.utilities.unittests.dll" id="8095e577-3bae-97b2-4ac6-e1de2fd8f54c">
      <Execution id="ea3260bd-5578-4c38-bae7-84df6ff160e4" />
      <TestMethod codeBase="D:\actions-runner\_work\XPCO\XPCO\Common\VideoOS.Utilities\VideoOS.Utilities.UnitTests\bin\Debug\net472\VideoOS.Utilities.UnitTests.dll" adapterTypeName="executor://mstestadapter/v2" className="VideoOS.Utilities.UnitTests.Validation.ValidationTests" name="NullCheckHasInformationOnObjectTypeAndCallerAndMayHaveOptionalTextAlternativeSyntax" />
    </UnitTest>
    <UnitTest name="EncryptionFactory_Throws_OnCreateAsymmetricForLicense_WithCngKeyNull" storage="d:\actions-runner\_work\xpco\xpco\common\videoos.utilities\videoos.utilities.unittests\bin\debug\net472\videoos.utilities.unittests.dll" id="2b7d3970-312d-bf9b-fc45-5480e81b41d5">
      <Execution id="05dd52b5-6a63-49fc-ad76-ace1e062b9ff" />
      <TestMethod codeBase="D:\actions-runner\_work\XPCO\XPCO\Common\VideoOS.Utilities\VideoOS.Utilities.UnitTests\bin\Debug\net472\VideoOS.Utilities.UnitTests.dll" adapterTypeName="executor://mstestadapter/v2" className="VideoOS.Utilities.UnitTests.Cryptography.RsaCngAsymmetricEncryptionTests" name="EncryptionFactory_Throws_OnCreateAsymmetricForLicense_WithCngKeyNull" />
    </UnitTest>
    <UnitTest name="FormatTimeSpanStringTest2" storage="d:\actions-runner\_work\xpco\xpco\common\videoos.utilities\videoos.utilities.unittests\bin\debug\net472\videoos.utilities.unittests.dll" id="07a602aa-40be-99a8-aab7-0223ae7770b6">
      <Execution id="de7ffad6-7f8e-4d06-b640-162ade63f079" />
      <TestMethod codeBase="D:\actions-runner\_work\XPCO\XPCO\Common\VideoOS.Utilities\VideoOS.Utilities.UnitTests\bin\Debug\net472\VideoOS.Utilities.UnitTests.dll" adapterTypeName="executor://mstestadapter/v2" className="VideoOS.Utilities.UnitTests.StringFormattingTest" name="FormatTimeSpanStringTest2" />
    </UnitTest>
    <UnitTest name="CreateIPBoundWeakWildcard_IPv6_InvalidPort" storage="d:\actions-runner\_work\xpco\xpco\common\videoos.utilities\videoos.utilities.unittests\bin\debug\net472\videoos.utilities.unittests.dll" id="0d118129-696a-1633-b93a-1fd626a94b6d">
      <Execution id="5385ce4d-ffe9-45cd-907e-ffa3b7f9a5c8" />
      <TestMethod codeBase="D:\actions-runner\_work\XPCO\XPCO\Common\VideoOS.Utilities\VideoOS.Utilities.UnitTests\bin\Debug\net472\VideoOS.Utilities.UnitTests.dll" adapterTypeName="executor://mstestadapter/v2" className="VideoOS.Utilities.UnitTests.Windows.UrlPrefixTest" name="CreateIPBoundWeakWildcard_IPv6_InvalidPort" />
    </UnitTest>
    <UnitTest name="ScheduleNextRun_ExceptionRaised_DoesNotContinueProcessing_Success" storage="d:\actions-runner\_work\xpco\xpco\common\videoos.utilities\videoos.utilities.unittests\bin\debug\net472\videoos.utilities.unittests.dll" id="828e3157-ac03-8229-b330-f6c4dee8fcde">
      <TestCategory>
        <TestCategoryItem TestCategory="VideoOS Utilities Timers" />
      </TestCategory>
      <Execution id="bcd86001-2058-4629-804d-d50a47d5cf44" />
      <TestMethod codeBase="D:\actions-runner\_work\XPCO\XPCO\Common\VideoOS.Utilities\VideoOS.Utilities.UnitTests\bin\Debug\net472\VideoOS.Utilities.UnitTests.dll" adapterTypeName="executor://mstestadapter/v2" className="VideoOS.Utilities.UnitTests.Threading.BaseTimeDelayedThreadTests" name="ScheduleNextRun_ExceptionRaised_DoesNotContinueProcessing_Success" />
    </UnitTest>
    <UnitTest name="DatabaseConnectionInfoConfigurator_Write" storage="d:\actions-runner\_work\xpco\xpco\common\videoos.utilities\videoos.utilities.unittests\bin\debug\net472\videoos.utilities.unittests.dll" id="f4d8404a-1301-51ea-ea5c-4634b036234d">
      <TestCategory>
        <TestCategoryItem TestCategory="Database" />
      </TestCategory>
      <Execution id="272d22cd-ff1c-4b68-9ba3-4b9c9f04e13e" />
      <TestMethod codeBase="D:\actions-runner\_work\XPCO\XPCO\Common\VideoOS.Utilities\VideoOS.Utilities.UnitTests\bin\Debug\net472\VideoOS.Utilities.UnitTests.dll" adapterTypeName="executor://mstestadapter/v2" className="VideoOS.Utilities.UnitTests.Database.DatabaseConnectionInfoConfiguratorTests" name="DatabaseConnectionInfoConfigurator_Write" />
    </UnitTest>
    <UnitTest name="DatabaseConnectionInfoConfigurator_Write_UpdateRegistry_SecurityException" storage="d:\actions-runner\_work\xpco\xpco\common\videoos.utilities\videoos.utilities.unittests\bin\debug\net472\videoos.utilities.unittests.dll" id="cae34a4f-22ac-a10a-8927-08673a15abcf">
      <TestCategory>
        <TestCategoryItem TestCategory="Database" />
      </TestCategory>
      <Execution id="cbbb6545-6427-4f9b-9052-3a4465ff3fc8" />
      <TestMethod codeBase="D:\actions-runner\_work\XPCO\XPCO\Common\VideoOS.Utilities\VideoOS.Utilities.UnitTests\bin\Debug\net472\VideoOS.Utilities.UnitTests.dll" adapterTypeName="executor://mstestadapter/v2" className="VideoOS.Utilities.UnitTests.Database.DatabaseConnectionInfoConfiguratorTests" name="DatabaseConnectionInfoConfigurator_Write_UpdateRegistry_SecurityException" />
    </UnitTest>
    <UnitTest name="FormatTimeSpanStringTest5" storage="d:\actions-runner\_work\xpco\xpco\common\videoos.utilities\videoos.utilities.unittests\bin\debug\net472\videoos.utilities.unittests.dll" id="dfbc86c6-6b0e-dcdb-7acf-622c3bf6a97a">
      <Execution id="4481860c-dd85-4dc4-88a6-ad93428f16ce" />
      <TestMethod codeBase="D:\actions-runner\_work\XPCO\XPCO\Common\VideoOS.Utilities\VideoOS.Utilities.UnitTests\bin\Debug\net472\VideoOS.Utilities.UnitTests.dll" adapterTypeName="executor://mstestadapter/v2" className="VideoOS.Utilities.UnitTests.StringFormattingTest" name="FormatTimeSpanStringTest5" />
    </UnitTest>
    <UnitTest name="EndpointSupportsSsl_InvalidTimeoutInSeconds_AboveMaximum_Throws_ArgumentException" storage="d:\actions-runner\_work\xpco\xpco\common\videoos.utilities\videoos.utilities.unittests\bin\debug\net472\videoos.utilities.unittests.dll" id="f6e59f5b-ba50-e34c-4086-51e15af6c152">
      <Execution id="060e445d-8c79-430f-b7f6-58b4f85238f2" />
      <TestMethod codeBase="D:\actions-runner\_work\XPCO\XPCO\Common\VideoOS.Utilities\VideoOS.Utilities.UnitTests\bin\Debug\net472\VideoOS.Utilities.UnitTests.dll" adapterTypeName="executor://mstestadapter/v2" className="VideoOS.Utilities.UnitTests.Network.SslUtilitiesTests" name="EndpointSupportsSsl_InvalidTimeoutInSeconds_AboveMaximum_Throws_ArgumentException" />
    </UnitTest>
    <UnitTest name="ExecuteReaderWithMultipleParametersAsyncBehaviorAndCancellationToken" storage="d:\actions-runner\_work\xpco\xpco\common\videoos.utilities\videoos.utilities.unittests\bin\debug\net472\videoos.utilities.unittests.dll" id="db3948b9-824e-0a4d-0cde-8550e9e2e4aa">
      <TestCategory>
        <TestCategoryItem TestCategory="DatabaseCommand" />
      </TestCategory>
      <Execution id="70fd7f03-4356-4705-82ef-52ea1a5612f8" />
      <TestMethod codeBase="D:\actions-runner\_work\XPCO\XPCO\Common\VideoOS.Utilities\VideoOS.Utilities.UnitTests\bin\Debug\net472\VideoOS.Utilities.UnitTests.dll" adapterTypeName="executor://mstestadapter/v2" className="VideoOS.Utilities.UnitTests.Database.DatabaseCommandTest" name="ExecuteReaderWithMultipleParametersAsyncBehaviorAndCancellationToken" />
    </UnitTest>
    <UnitTest name="IsValidBase64String_DataDrivenTest (==,False)" storage="d:\actions-runner\_work\xpco\xpco\common\videoos.utilities\videoos.utilities.unittests\bin\debug\net472\videoos.utilities.unittests.dll" id="507232d5-754f-e710-0185-2ff162f52ec5">
      <Execution id="41c0c993-6e12-41fe-8155-395c6efe41ce" />
      <TestMethod codeBase="D:\actions-runner\_work\XPCO\XPCO\Common\VideoOS.Utilities\VideoOS.Utilities.UnitTests\bin\Debug\net472\VideoOS.Utilities.UnitTests.dll" adapterTypeName="executor://mstestadapter/v2" className="VideoOS.Utilities.UnitTests.Validation.Base64StringValidatorTests" name="IsValidBase64String_DataDrivenTest" />
    </UnitTest>
    <UnitTest name="BeginCommitTransactionInSql_Success" storage="d:\actions-runner\_work\xpco\xpco\common\videoos.utilities\videoos.utilities.unittests\bin\debug\net472\videoos.utilities.unittests.dll" id="0723f267-425a-81f7-9210-a8b891ed5292">
      <TestCategory>
        <TestCategoryItem TestCategory="DatabaseConnection" />
      </TestCategory>
      <Execution id="5a858c95-e8cd-4831-a63b-d7bff4a0286e" />
      <TestMethod codeBase="D:\actions-runner\_work\XPCO\XPCO\Common\VideoOS.Utilities\VideoOS.Utilities.UnitTests\bin\Debug\net472\VideoOS.Utilities.UnitTests.dll" adapterTypeName="executor://mstestadapter/v2" className="VideoOS.Utilities.UnitTests.Database.DatabaseConnectionTests" name="BeginCommitTransactionInSql_Success" />
    </UnitTest>
    <UnitTest name="Parse_StrongWildcard_Http_NoRelativePathTest" storage="d:\actions-runner\_work\xpco\xpco\common\videoos.utilities\videoos.utilities.unittests\bin\debug\net472\videoos.utilities.unittests.dll" id="afbe5b29-1e4e-8f87-1e8c-93886f901956">
      <Execution id="c2adfce6-b6b2-4311-ae12-82e20dcab2b1" />
      <TestMethod codeBase="D:\actions-runner\_work\XPCO\XPCO\Common\VideoOS.Utilities\VideoOS.Utilities.UnitTests\bin\Debug\net472\VideoOS.Utilities.UnitTests.dll" adapterTypeName="executor://mstestadapter/v2" className="VideoOS.Utilities.UnitTests.Windows.UrlPrefixTest" name="Parse_StrongWildcard_Http_NoRelativePathTest" />
    </UnitTest>
    <UnitTest name="ExecuteReaderGetBinary" storage="d:\actions-runner\_work\xpco\xpco\common\videoos.utilities\videoos.utilities.unittests\bin\debug\net472\videoos.utilities.unittests.dll" id="77859cfb-b1e5-83eb-e2d0-c9d51897f8dd">
      <TestCategory>
        <TestCategoryItem TestCategory="DatabaseCommand" />
      </TestCategory>
      <Execution id="8f920680-c239-4ba8-81c5-2ba896ad9f15" />
      <TestMethod codeBase="D:\actions-runner\_work\XPCO\XPCO\Common\VideoOS.Utilities\VideoOS.Utilities.UnitTests\bin\Debug\net472\VideoOS.Utilities.UnitTests.dll" adapterTypeName="executor://mstestadapter/v2" className="VideoOS.Utilities.UnitTests.Database.DatabaseCommandTest" name="ExecuteReaderGetBinary" />
    </UnitTest>
    <UnitTest name="RemoveInvalidXMLChars_Text_NewLine_NotRemoved" storage="d:\actions-runner\_work\xpco\xpco\common\videoos.utilities\videoos.utilities.unittests\bin\debug\net472\videoos.utilities.unittests.dll" id="bec2d89c-d378-3a43-dfb9-883ca358e4f0">
      <Execution id="4cd307c3-fd28-4895-9bce-a11281f234de" />
      <TestMethod codeBase="D:\actions-runner\_work\XPCO\XPCO\Common\VideoOS.Utilities\VideoOS.Utilities.UnitTests\bin\Debug\net472\VideoOS.Utilities.UnitTests.dll" adapterTypeName="executor://mstestadapter/v2" className="VideoOS.Utilities.UnitTests.Formatting.CharacterTests" name="RemoveInvalidXMLChars_Text_NewLine_NotRemoved" />
    </UnitTest>
    <UnitTest name="FormatByteSizeStringTest2" storage="d:\actions-runner\_work\xpco\xpco\common\videoos.utilities\videoos.utilities.unittests\bin\debug\net472\videoos.utilities.unittests.dll" id="7d262306-28f5-9c61-9381-2d687acc0526">
      <Execution id="fc105bf3-2897-414b-a6ae-60c5dcf5979b" />
      <TestMethod codeBase="D:\actions-runner\_work\XPCO\XPCO\Common\VideoOS.Utilities\VideoOS.Utilities.UnitTests\bin\Debug\net472\VideoOS.Utilities.UnitTests.dll" adapterTypeName="executor://mstestadapter/v2" className="VideoOS.Utilities.UnitTests.StringFormattingTest" name="FormatByteSizeStringTest2" />
    </UnitTest>
    <UnitTest name="Parse_StrongWildcard_Http_NoRelativePathTest_NoTrailingSlash" storage="d:\actions-runner\_work\xpco\xpco\common\videoos.utilities\videoos.utilities.unittests\bin\debug\net472\videoos.utilities.unittests.dll" id="edfd8024-fc78-5caa-9ced-0aad8b5219b8">
      <Execution id="da818921-8498-419c-804d-6a50596ba1ff" />
      <TestMethod codeBase="D:\actions-runner\_work\XPCO\XPCO\Common\VideoOS.Utilities\VideoOS.Utilities.UnitTests\bin\Debug\net472\VideoOS.Utilities.UnitTests.dll" adapterTypeName="executor://mstestadapter/v2" className="VideoOS.Utilities.UnitTests.Windows.UrlPrefixTest" name="Parse_StrongWildcard_Http_NoRelativePathTest_NoTrailingSlash" />
    </UnitTest>
    <UnitTest name="Class_InheritsFromISqlConnectionManager_Success" storage="d:\actions-runner\_work\xpco\xpco\common\videoos.utilities\videoos.utilities.unittests\bin\debug\net472\videoos.utilities.unittests.dll" id="faa274f9-c395-9ea7-05af-9e5a4cdb7bc9">
      <TestCategory>
        <TestCategoryItem TestCategory="Database" />
      </TestCategory>
      <Execution id="014a0dfe-9558-4a50-a75e-3ce82ed5e2de" />
      <TestMethod codeBase="D:\actions-runner\_work\XPCO\XPCO\Common\VideoOS.Utilities\VideoOS.Utilities.UnitTests\bin\Debug\net472\VideoOS.Utilities.UnitTests.dll" adapterTypeName="executor://mstestadapter/v2" className="VideoOS.Utilities.UnitTests.Database.SqlConnectionManagerTests" name="Class_InheritsFromISqlConnectionManager_Success" />
    </UnitTest>
    <UnitTest name="Parse_Explicit_Https_WithRelativePathTest" storage="d:\actions-runner\_work\xpco\xpco\common\videoos.utilities\videoos.utilities.unittests\bin\debug\net472\videoos.utilities.unittests.dll" id="6c12bb8d-3fcd-ce0c-8c0e-f9a545e5d0e9">
      <Execution id="71421e2f-1ca9-44c3-9662-28df4056818c" />
      <TestMethod codeBase="D:\actions-runner\_work\XPCO\XPCO\Common\VideoOS.Utilities\VideoOS.Utilities.UnitTests\bin\Debug\net472\VideoOS.Utilities.UnitTests.dll" adapterTypeName="executor://mstestadapter/v2" className="VideoOS.Utilities.UnitTests.Windows.UrlPrefixTest" name="Parse_Explicit_Https_WithRelativePathTest" />
    </UnitTest>
    <UnitTest name="EnforceSslConfiguration_NoConflictTest" storage="d:\actions-runner\_work\xpco\xpco\common\videoos.utilities\videoos.utilities.unittests\bin\debug\net472\videoos.utilities.unittests.dll" id="113d1804-31b6-160b-355c-4c16286495f8">
      <Execution id="1cb83a84-97ee-4e68-b4f4-24e94190908c" />
      <TestMethod codeBase="D:\actions-runner\_work\XPCO\XPCO\Common\VideoOS.Utilities\VideoOS.Utilities.UnitTests\bin\Debug\net472\VideoOS.Utilities.UnitTests.dll" adapterTypeName="executor://mstestadapter/v2" className="VideoOS.Utilities.UnitTests.Windows.Http.HttpSysConfigTest" name="EnforceSslConfiguration_NoConflictTest" />
    </UnitTest>
    <UnitTest name="Given_FeaturesAreAvailableAndAlreadyInstalled_When_EnsureFeaturesAreInstalled_Then_EnableFeaturesAreNotCalledAndMethodReturnsInstalled" storage="d:\actions-runner\_work\xpco\xpco\common\videoos.utilities\videoos.utilities.unittests\bin\debug\net472\videoos.utilities.unittests.dll" id="9ec24b6f-cdfa-8d79-eaa8-3c7fea23cd5b">
      <Execution id="c981b882-2653-447f-9d45-770f9278c4d4" />
      <TestMethod codeBase="D:\actions-runner\_work\XPCO\XPCO\Common\VideoOS.Utilities\VideoOS.Utilities.UnitTests\bin\Debug\net472\VideoOS.Utilities.UnitTests.dll" adapterTypeName="executor://mstestadapter/v2" className="VideoOS.Utilities.UnitTests.Dism.DismSessionTest" name="Given_FeaturesAreAvailableAndAlreadyInstalled_When_EnsureFeaturesAreInstalled_Then_EnableFeaturesAreNotCalledAndMethodReturnsInstalled" />
    </UnitTest>
    <UnitTest name="EnforceUrlReservation_ConflictingEntryReplacedTest" storage="d:\actions-runner\_work\xpco\xpco\common\videoos.utilities\videoos.utilities.unittests\bin\debug\net472\videoos.utilities.unittests.dll" id="a2a7beae-4d5d-b78f-d844-e7b8e96968ed">
      <Execution id="97b076ce-4c79-49cb-a4ba-a3e9f4be5fa7" />
      <TestMethod codeBase="D:\actions-runner\_work\XPCO\XPCO\Common\VideoOS.Utilities\VideoOS.Utilities.UnitTests\bin\Debug\net472\VideoOS.Utilities.UnitTests.dll" adapterTypeName="executor://mstestadapter/v2" className="VideoOS.Utilities.UnitTests.Windows.Http.HttpSysConfigTest" name="EnforceUrlReservation_ConflictingEntryReplacedTest" />
    </UnitTest>
    <UnitTest name="Construct_InvalidParam_Timeout_Throws_ArgumentOutOfRangeException" storage="d:\actions-runner\_work\xpco\xpco\common\videoos.utilities\videoos.utilities.unittests\bin\debug\net472\videoos.utilities.unittests.dll" id="802c6bf1-b2bb-dd75-dd57-f0dad1e37480">
      <TestCategory>
        <TestCategoryItem TestCategory="VideoOS Utilities Timers" />
      </TestCategory>
      <Execution id="6531f4da-5eb6-44e7-89ca-f25046731c60" />
      <TestMethod codeBase="D:\actions-runner\_work\XPCO\XPCO\Common\VideoOS.Utilities\VideoOS.Utilities.UnitTests\bin\Debug\net472\VideoOS.Utilities.UnitTests.dll" adapterTypeName="executor://mstestadapter/v2" className="VideoOS.Utilities.UnitTests.Threading.BaseTimeDelayedThreadTests" name="Construct_InvalidParam_Timeout_Throws_ArgumentOutOfRangeException" />
    </UnitTest>
    <UnitTest name="ExecuteNonQueryAsyncDefaultCancellationToken" storage="d:\actions-runner\_work\xpco\xpco\common\videoos.utilities\videoos.utilities.unittests\bin\debug\net472\videoos.utilities.unittests.dll" id="9a282f7e-f649-65f1-029a-2b971c1a798c">
      <TestCategory>
        <TestCategoryItem TestCategory="DatabaseCommand" />
      </TestCategory>
      <Execution id="5a0425f0-bc1b-4e2c-bf63-146fd5495c45" />
      <TestMethod codeBase="D:\actions-runner\_work\XPCO\XPCO\Common\VideoOS.Utilities\VideoOS.Utilities.UnitTests\bin\Debug\net472\VideoOS.Utilities.UnitTests.dll" adapterTypeName="executor://mstestadapter/v2" className="VideoOS.Utilities.UnitTests.Database.DatabaseCommandTest" name="ExecuteNonQueryAsyncDefaultCancellationToken" />
    </UnitTest>
    <UnitTest name="ValidateWebAddress_WithEmpty" storage="d:\actions-runner\_work\xpco\xpco\common\videoos.utilities\videoos.utilities.unittests\bin\debug\net472\videoos.utilities.unittests.dll" id="3961b1e6-9a4e-7bf7-e608-3495a77691a3">
      <Execution id="332ea5ed-548d-4c47-9f4e-eb99af300e5f" />
      <TestMethod codeBase="D:\actions-runner\_work\XPCO\XPCO\Common\VideoOS.Utilities\VideoOS.Utilities.UnitTests\bin\Debug\net472\VideoOS.Utilities.UnitTests.dll" adapterTypeName="executor://mstestadapter/v2" className="VideoOS.Utilities.UnitTests.Network.AddressValidationTests" name="ValidateWebAddress_WithEmpty" />
    </UnitTest>
    <UnitTest name="EnforceSslConfiguration_ConflictTest" storage="d:\actions-runner\_work\xpco\xpco\common\videoos.utilities\videoos.utilities.unittests\bin\debug\net472\videoos.utilities.unittests.dll" id="ff838e13-6bab-731d-a74c-6f0fc683652a">
      <Execution id="2be71d5c-8e5e-47cf-a67b-a399f0bfcd7c" />
      <TestMethod codeBase="D:\actions-runner\_work\XPCO\XPCO\Common\VideoOS.Utilities\VideoOS.Utilities.UnitTests\bin\Debug\net472\VideoOS.Utilities.UnitTests.dll" adapterTypeName="executor://mstestadapter/v2" className="VideoOS.Utilities.UnitTests.Windows.Http.HttpSysConfigTest" name="EnforceSslConfiguration_ConflictTest" />
    </UnitTest>
    <UnitTest name="FormatByteSizeStringTest5" storage="d:\actions-runner\_work\xpco\xpco\common\videoos.utilities\videoos.utilities.unittests\bin\debug\net472\videoos.utilities.unittests.dll" id="3ec56139-2f5b-f0af-bf69-a8e82986d9a3">
      <Execution id="902b2ee2-da6c-4a17-a9c2-b5ab2b2359b1" />
      <TestMethod codeBase="D:\actions-runner\_work\XPCO\XPCO\Common\VideoOS.Utilities\VideoOS.Utilities.UnitTests\bin\Debug\net472\VideoOS.Utilities.UnitTests.dll" adapterTypeName="executor://mstestadapter/v2" className="VideoOS.Utilities.UnitTests.StringFormattingTest" name="FormatByteSizeStringTest5" />
    </UnitTest>
    <UnitTest name="MacAddressUtilities_CreateHashString_ArgumentException_TooLong" storage="d:\actions-runner\_work\xpco\xpco\common\videoos.utilities\videoos.utilities.unittests\bin\debug\net472\videoos.utilities.unittests.dll" id="3350e284-d316-8104-3d1d-7739d3682cf8">
      <Execution id="c601002a-9fee-4f7b-9b55-0bf5b7490fea" />
      <TestMethod codeBase="D:\actions-runner\_work\XPCO\XPCO\Common\VideoOS.Utilities\VideoOS.Utilities.UnitTests\bin\Debug\net472\VideoOS.Utilities.UnitTests.dll" adapterTypeName="executor://mstestadapter/v2" className="VideoOS.Utilities.UnitTests.Network.MacAddressUtilitiesTests" name="MacAddressUtilities_CreateHashString_ArgumentException_TooLong" />
    </UnitTest>
    <UnitTest name="UseImportedConfigurationWithInternalIV" storage="d:\actions-runner\_work\xpco\xpco\common\videoos.utilities\videoos.utilities.unittests\bin\debug\net472\videoos.utilities.unittests.dll" id="367ea24e-9898-e7a3-b9c2-183a7ee625e8">
      <Execution id="0813894e-0c76-4a72-b855-ba4afdcb7605" />
      <TestMethod codeBase="D:\actions-runner\_work\XPCO\XPCO\Common\VideoOS.Utilities\VideoOS.Utilities.UnitTests\bin\Debug\net472\VideoOS.Utilities.UnitTests.dll" adapterTypeName="executor://mstestadapter/v2" className="VideoOS.Utilities.UnitTests.Cryptography.Encryption" name="UseImportedConfigurationWithInternalIV" />
    </UnitTest>
    <UnitTest name="IsValidBase64String_DataDrivenTest (AAA=,True)" storage="d:\actions-runner\_work\xpco\xpco\common\videoos.utilities\videoos.utilities.unittests\bin\debug\net472\videoos.utilities.unittests.dll" id="2433a974-9b7f-7aba-f7bf-8418244f178d">
      <Execution id="88b8bfd0-e2dd-4cc1-a7b9-d2f7300c2077" />
      <TestMethod codeBase="D:\actions-runner\_work\XPCO\XPCO\Common\VideoOS.Utilities\VideoOS.Utilities.UnitTests\bin\Debug\net472\VideoOS.Utilities.UnitTests.dll" adapterTypeName="executor://mstestadapter/v2" className="VideoOS.Utilities.UnitTests.Validation.Base64StringValidatorTests" name="IsValidBase64String_DataDrivenTest" />
    </UnitTest>
    <UnitTest name="Given_FeaturesAreAvailable_When_EnsureFeaturesAreInstalled_WithFeaturesThatFailsWhenInstalling_Then_EnableFeaturesAreCalledWithExpectedArgumentsAndMethodReturnsTheFailingFeature" storage="d:\actions-runner\_work\xpco\xpco\common\videoos.utilities\videoos.utilities.unittests\bin\debug\net472\videoos.utilities.unittests.dll" id="648022f1-3bdd-5333-fbf2-f52900fdfbaf">
      <Execution id="c58696e2-48ea-46f5-a8de-2a7fdcb48fdb" />
      <TestMethod codeBase="D:\actions-runner\_work\XPCO\XPCO\Common\VideoOS.Utilities\VideoOS.Utilities.UnitTests\bin\Debug\net472\VideoOS.Utilities.UnitTests.dll" adapterTypeName="executor://mstestadapter/v2" className="VideoOS.Utilities.UnitTests.Dism.DismSessionTest" name="Given_FeaturesAreAvailable_When_EnsureFeaturesAreInstalled_WithFeaturesThatFailsWhenInstalling_Then_EnableFeaturesAreCalledWithExpectedArgumentsAndMethodReturnsTheFailingFeature" />
    </UnitTest>
    <UnitTest name="Constructor_SingleReservation_Delegate" storage="d:\actions-runner\_work\xpco\xpco\common\videoos.utilities\videoos.utilities.unittests\bin\debug\net472\videoos.utilities.unittests.dll" id="6017adae-b1e1-76ad-01d4-c71c39f8ef57">
      <Execution id="50ae67da-fe81-4de9-939f-647028f729da" />
      <TestMethod codeBase="D:\actions-runner\_work\XPCO\XPCO\Common\VideoOS.Utilities\VideoOS.Utilities.UnitTests\bin\Debug\net472\VideoOS.Utilities.UnitTests.dll" adapterTypeName="executor://mstestadapter/v2" className="VideoOS.Utilities.UnitTests.Windows.Http.UrlReservationInfoCollectionWrapperTest" name="Constructor_SingleReservation_Delegate" />
    </UnitTest>
    <UnitTest name="NullCheckHasInformationOnObjectTypeAndCaller" storage="d:\actions-runner\_work\xpco\xpco\common\videoos.utilities\videoos.utilities.unittests\bin\debug\net472\videoos.utilities.unittests.dll" id="cc2f0458-7e3c-9c3d-dda6-64eadd456796">
      <Execution id="c06b2a2e-0a27-4178-8826-50ca75f561ad" />
      <TestMethod codeBase="D:\actions-runner\_work\XPCO\XPCO\Common\VideoOS.Utilities\VideoOS.Utilities.UnitTests\bin\Debug\net472\VideoOS.Utilities.UnitTests.dll" adapterTypeName="executor://mstestadapter/v2" className="VideoOS.Utilities.UnitTests.Validation.ValidationTests" name="NullCheckHasInformationOnObjectTypeAndCaller" />
    </UnitTest>
    <UnitTest name="AccessControlUpdater_SetFileAccessControl_AccountNameEmpty" storage="d:\actions-runner\_work\xpco\xpco\common\videoos.utilities\videoos.utilities.unittests\bin\debug\net472\videoos.utilities.unittests.dll" id="774ae8ad-b5ba-cf99-969a-205cbd2149a6">
      <Execution id="26392130-12b8-471e-9248-91ac95c8d377" />
      <TestMethod codeBase="D:\actions-runner\_work\XPCO\XPCO\Common\VideoOS.Utilities\VideoOS.Utilities.UnitTests\bin\Debug\net472\VideoOS.Utilities.UnitTests.dll" adapterTypeName="executor://mstestadapter/v2" className="VideoOS.Utilities.UnitTests.Security.AccessControlUpdaterTests" name="AccessControlUpdater_SetFileAccessControl_AccountNameEmpty" />
    </UnitTest>
    <UnitTest name="Dispose_MultipleDisposeCallsTest" storage="d:\actions-runner\_work\xpco\xpco\common\videoos.utilities\videoos.utilities.unittests\bin\debug\net472\videoos.utilities.unittests.dll" id="4e2d2668-c3e5-6e93-3de2-3f371d9d4188">
      <Execution id="e03cea57-eb15-4f3c-8721-141c51c21def" />
      <TestMethod codeBase="D:\actions-runner\_work\XPCO\XPCO\Common\VideoOS.Utilities\VideoOS.Utilities.UnitTests\bin\Debug\net472\VideoOS.Utilities.UnitTests.dll" adapterTypeName="executor://mstestadapter/v2" className="VideoOS.Utilities.UnitTests.Windows.Http.HttpSysConfigTest" name="Dispose_MultipleDisposeCallsTest" />
    </UnitTest>
    <UnitTest name="RetryableActionNotRetriedWhenNotOwnerOfTheTransaction" storage="d:\actions-runner\_work\xpco\xpco\common\videoos.utilities\videoos.utilities.unittests\bin\debug\net472\videoos.utilities.unittests.dll" id="44b9c38d-1fef-b34e-63e4-2c853e734fec">
      <TestCategory>
        <TestCategoryItem TestCategory="DatabaseConnection" />
      </TestCategory>
      <Execution id="08ab7882-d215-4f11-93fd-45d83312e90a" />
      <TestMethod codeBase="D:\actions-runner\_work\XPCO\XPCO\Common\VideoOS.Utilities\VideoOS.Utilities.UnitTests\bin\Debug\net472\VideoOS.Utilities.UnitTests.dll" adapterTypeName="executor://mstestadapter/v2" className="VideoOS.Utilities.UnitTests.Database.DatabaseConnectionTests" name="RetryableActionNotRetriedWhenNotOwnerOfTheTransaction" />
    </UnitTest>
    <UnitTest name="EndpointSupportsSsl_InvalidUri_Partial_Throws_ArgumentException" storage="d:\actions-runner\_work\xpco\xpco\common\videoos.utilities\videoos.utilities.unittests\bin\debug\net472\videoos.utilities.unittests.dll" id="05e3ebf0-ca7b-6d21-9008-cd93cd416b08">
      <Execution id="809717c0-6d60-46d0-a481-cc4c66c95e11" />
      <TestMethod codeBase="D:\actions-runner\_work\XPCO\XPCO\Common\VideoOS.Utilities\VideoOS.Utilities.UnitTests\bin\Debug\net472\VideoOS.Utilities.UnitTests.dll" adapterTypeName="executor://mstestadapter/v2" className="VideoOS.Utilities.UnitTests.Network.SslUtilitiesTests" name="EndpointSupportsSsl_InvalidUri_Partial_Throws_ArgumentException" />
    </UnitTest>
    <UnitTest name="GetContentFromActivatedLicenseFile_DecryptLicense_Success" storage="d:\actions-runner\_work\xpco\xpco\common\videoos.utilities\videoos.utilities.unittests\bin\debug\net472\videoos.utilities.unittests.dll" id="343615c7-90df-949d-2ce9-b18728ead0ec">
      <Execution id="9b917b9f-bd71-4efe-8ca0-3b685b5f71ce" />
      <TestMethod codeBase="D:\actions-runner\_work\XPCO\XPCO\Common\VideoOS.Utilities\VideoOS.Utilities.UnitTests\bin\Debug\net472\VideoOS.Utilities.UnitTests.dll" adapterTypeName="executor://mstestadapter/v2" className="VideoOS.Utilities.UnitTests.Licensing.LicenseFileHelperTests" name="GetContentFromActivatedLicenseFile_DecryptLicense_Success" />
    </UnitTest>
    <UnitTest name="Constructor_DatabaseColumnBinder_Success" storage="d:\actions-runner\_work\xpco\xpco\common\videoos.utilities\videoos.utilities.unittests\bin\debug\net472\videoos.utilities.unittests.dll" id="40a03c98-b1a5-cb45-5715-a2bb2b1368ea">
      <TestCategory>
        <TestCategoryItem TestCategory="DatabaseColumnBinder" />
      </TestCategory>
      <Execution id="df2640fe-d290-4d69-b264-49d2d46eb1dd" />
      <TestMethod codeBase="D:\actions-runner\_work\XPCO\XPCO\Common\VideoOS.Utilities\VideoOS.Utilities.UnitTests\bin\Debug\net472\VideoOS.Utilities.UnitTests.dll" adapterTypeName="executor://mstestadapter/v2" className="VideoOS.Utilities.UnitTests.Database.DatabaseColumnBinderTests" name="Constructor_DatabaseColumnBinder_Success" />
    </UnitTest>
    <UnitTest name="ExecuteNonQuery" storage="d:\actions-runner\_work\xpco\xpco\common\videoos.utilities\videoos.utilities.unittests\bin\debug\net472\videoos.utilities.unittests.dll" id="3944fccd-772e-d9fe-1a40-fdbfaf54babb">
      <TestCategory>
        <TestCategoryItem TestCategory="DatabaseCommand" />
      </TestCategory>
      <Execution id="663dae5f-4714-4af1-9f4a-1dd3fe9f178f" />
      <TestMethod codeBase="D:\actions-runner\_work\XPCO\XPCO\Common\VideoOS.Utilities\VideoOS.Utilities.UnitTests\bin\Debug\net472\VideoOS.Utilities.UnitTests.dll" adapterTypeName="executor://mstestadapter/v2" className="VideoOS.Utilities.UnitTests.Database.DatabaseCommandTest" name="ExecuteNonQuery" />
    </UnitTest>
    <UnitTest name="SimpleDebugLevel" storage="d:\actions-runner\_work\xpco\xpco\common\videoos.utilities\videoos.utilities.unittests\bin\debug\net472\videoos.utilities.unittests.dll" id="de96ddf0-d444-ee1c-2268-ec15a6f73012">
      <Execution id="a3250b88-84a7-4a6b-b687-342c62fcee9c" />
      <TestMethod codeBase="D:\actions-runner\_work\XPCO\XPCO\Common\VideoOS.Utilities\VideoOS.Utilities.UnitTests\bin\Debug\net472\VideoOS.Utilities.UnitTests.dll" adapterTypeName="executor://mstestadapter/v2" className="VideoOS.Utilities.UnitTests.Diagnostics.Levels" name="SimpleDebugLevel" />
    </UnitTest>
    <UnitTest name="DoLogWarningEntries" storage="d:\actions-runner\_work\xpco\xpco\common\videoos.utilities\videoos.utilities.unittests\bin\debug\net472\videoos.utilities.unittests.dll" id="35b95933-d90e-cd65-613c-bb2a742279ae">
      <Execution id="d5685198-32ae-457d-9772-0b26303525f0" />
      <TestMethod codeBase="D:\actions-runner\_work\XPCO\XPCO\Common\VideoOS.Utilities\VideoOS.Utilities.UnitTests\bin\Debug\net472\VideoOS.Utilities.UnitTests.dll" adapterTypeName="executor://mstestadapter/v2" className="VideoOS.Utilities.UnitTests.Diagnostics.UnconfiguredLogger" name="DoLogWarningEntries" />
    </UnitTest>
    <UnitTest name="ExecuteReaderWithMultipleParametersAsyncBehavior" storage="d:\actions-runner\_work\xpco\xpco\common\videoos.utilities\videoos.utilities.unittests\bin\debug\net472\videoos.utilities.unittests.dll" id="21937501-5fae-13f0-6624-05bb57fbd618">
      <TestCategory>
        <TestCategoryItem TestCategory="DatabaseCommand" />
      </TestCategory>
      <Execution id="984664db-dc08-4011-ab2c-37008f02a333" />
      <TestMethod codeBase="D:\actions-runner\_work\XPCO\XPCO\Common\VideoOS.Utilities\VideoOS.Utilities.UnitTests\bin\Debug\net472\VideoOS.Utilities.UnitTests.dll" adapterTypeName="executor://mstestadapter/v2" className="VideoOS.Utilities.UnitTests.Database.DatabaseCommandTest" name="ExecuteReaderWithMultipleParametersAsyncBehavior" />
    </UnitTest>
    <UnitTest name="WhenExecuteReaderFailsDatabaseExceptionsAreThrownWithCorrectErrorNumber" storage="d:\actions-runner\_work\xpco\xpco\common\videoos.utilities\videoos.utilities.unittests\bin\debug\net472\videoos.utilities.unittests.dll" id="aed15bdf-4c09-1b3e-0502-2a279f11b4b8">
      <TestCategory>
        <TestCategoryItem TestCategory="DatabaseCommand" />
      </TestCategory>
      <Execution id="cad1b7d1-aef2-457d-863c-e9da18a2b62e" />
      <TestMethod codeBase="D:\actions-runner\_work\XPCO\XPCO\Common\VideoOS.Utilities\VideoOS.Utilities.UnitTests\bin\Debug\net472\VideoOS.Utilities.UnitTests.dll" adapterTypeName="executor://mstestadapter/v2" className="VideoOS.Utilities.UnitTests.Database.DatabaseCommandTest" name="WhenExecuteReaderFailsDatabaseExceptionsAreThrownWithCorrectErrorNumber" />
    </UnitTest>
    <UnitTest name="Given_FeaturesAreAvailable_When_EnsureFeaturesAreInstalled_WithFeaturesThatInstallsSuccesfully_Then_EnableFeaturesIsCalledWithExpectedArgumentsAndMethodReturnsInstalled" storage="d:\actions-runner\_work\xpco\xpco\common\videoos.utilities\videoos.utilities.unittests\bin\debug\net472\videoos.utilities.unittests.dll" id="f279c340-43e7-4882-4d5a-daf8021a3315">
      <Execution id="dbc097df-2f37-42a1-abbf-0e788041a6de" />
      <TestMethod codeBase="D:\actions-runner\_work\XPCO\XPCO\Common\VideoOS.Utilities\VideoOS.Utilities.UnitTests\bin\Debug\net472\VideoOS.Utilities.UnitTests.dll" adapterTypeName="executor://mstestadapter/v2" className="VideoOS.Utilities.UnitTests.Dism.DismSessionTest" name="Given_FeaturesAreAvailable_When_EnsureFeaturesAreInstalled_WithFeaturesThatInstallsSuccesfully_Then_EnableFeaturesIsCalledWithExpectedArgumentsAndMethodReturnsInstalled" />
    </UnitTest>
    <UnitTest name="Constructor_String_Object_Int_Success" storage="d:\actions-runner\_work\xpco\xpco\common\videoos.utilities\videoos.utilities.unittests\bin\debug\net472\videoos.utilities.unittests.dll" id="c2e1c206-872f-bca6-f3cb-5778c02ebb24">
      <TestCategory>
        <TestCategoryItem TestCategory="DatabaseParameter" />
      </TestCategory>
      <Execution id="5b8278d0-e3dc-4e7c-8bce-b32a9b1f4818" />
      <TestMethod codeBase="D:\actions-runner\_work\XPCO\XPCO\Common\VideoOS.Utilities\VideoOS.Utilities.UnitTests\bin\Debug\net472\VideoOS.Utilities.UnitTests.dll" adapterTypeName="executor://mstestadapter/v2" className="VideoOS.Utilities.UnitTests.Database.DatabaseParameterTests" name="Constructor_String_Object_Int_Success" />
    </UnitTest>
    <UnitTest name="CreateLicenseRequest_Throws_WhenCompanyPublicKeyIsNull" storage="d:\actions-runner\_work\xpco\xpco\common\videoos.utilities\videoos.utilities.unittests\bin\debug\net472\videoos.utilities.unittests.dll" id="a94d41f2-a595-7d6a-84d4-8180033547b9">
      <Execution id="164b0c61-60a2-4434-b9a5-26f896d93a04" />
      <TestMethod codeBase="D:\actions-runner\_work\XPCO\XPCO\Common\VideoOS.Utilities\VideoOS.Utilities.UnitTests\bin\Debug\net472\VideoOS.Utilities.UnitTests.dll" adapterTypeName="executor://mstestadapter/v2" className="VideoOS.Utilities.UnitTests.Licensing.LicenseFileHelperTests" name="CreateLicenseRequest_Throws_WhenCompanyPublicKeyIsNull" />
    </UnitTest>
    <UnitTest name="RunRetryableActionWhileInTransactionLevelGt0Success" storage="d:\actions-runner\_work\xpco\xpco\common\videoos.utilities\videoos.utilities.unittests\bin\debug\net472\videoos.utilities.unittests.dll" id="dff63977-0903-d16e-e458-b0b911e67d40">
      <TestCategory>
        <TestCategoryItem TestCategory="DatabaseConnection" />
      </TestCategory>
      <Execution id="3c7db7c7-4285-4ebf-9f96-3f1e8913c0e0" />
      <TestMethod codeBase="D:\actions-runner\_work\XPCO\XPCO\Common\VideoOS.Utilities\VideoOS.Utilities.UnitTests\bin\Debug\net472\VideoOS.Utilities.UnitTests.dll" adapterTypeName="executor://mstestadapter/v2" className="VideoOS.Utilities.UnitTests.Database.DatabaseConnectionTests" name="RunRetryableActionWhileInTransactionLevelGt0Success" />
    </UnitTest>
    <UnitTest name="RemoveInvalidXMLChars_Empty_EmptyResult" storage="d:\actions-runner\_work\xpco\xpco\common\videoos.utilities\videoos.utilities.unittests\bin\debug\net472\videoos.utilities.unittests.dll" id="d20d53c4-d60c-1b48-530e-96eb522a068a">
      <Execution id="d7fcc5ee-022f-4174-8299-dd22e34235bf" />
      <TestMethod codeBase="D:\actions-runner\_work\XPCO\XPCO\Common\VideoOS.Utilities\VideoOS.Utilities.UnitTests\bin\Debug\net472\VideoOS.Utilities.UnitTests.dll" adapterTypeName="executor://mstestadapter/v2" className="VideoOS.Utilities.UnitTests.Formatting.CharacterTests" name="RemoveInvalidXMLChars_Empty_EmptyResult" />
    </UnitTest>
    <UnitTest name="EncryptAndDecryptWithSpecificKey" storage="d:\actions-runner\_work\xpco\xpco\common\videoos.utilities\videoos.utilities.unittests\bin\debug\net472\videoos.utilities.unittests.dll" id="5dab0953-f8e5-4596-9599-693185a38502">
      <Execution id="f4eb2ee8-b69c-4979-8cce-f86dd63ee50b" />
      <TestMethod codeBase="D:\actions-runner\_work\XPCO\XPCO\Common\VideoOS.Utilities\VideoOS.Utilities.UnitTests\bin\Debug\net472\VideoOS.Utilities.UnitTests.dll" adapterTypeName="executor://mstestadapter/v2" className="VideoOS.Utilities.UnitTests.Cryptography.Encryption" name="EncryptAndDecryptWithSpecificKey" />
    </UnitTest>
    <UnitTest name="DeleteSslConfiguration_Param_NullKeyTest" storage="d:\actions-runner\_work\xpco\xpco\common\videoos.utilities\videoos.utilities.unittests\bin\debug\net472\videoos.utilities.unittests.dll" id="9b3f24a1-44c5-9716-97ad-15fff77c7013">
      <Execution id="5a3b6472-449d-4532-a95b-3f67078a5ee5" />
      <TestMethod codeBase="D:\actions-runner\_work\XPCO\XPCO\Common\VideoOS.Utilities\VideoOS.Utilities.UnitTests\bin\Debug\net472\VideoOS.Utilities.UnitTests.dll" adapterTypeName="executor://mstestadapter/v2" className="VideoOS.Utilities.UnitTests.Windows.Http.HttpSysConfigTest" name="DeleteSslConfiguration_Param_NullKeyTest" />
    </UnitTest>
    <UnitTest name="Parse_StrongWildcard_Https_NoRelativePathTest_NoTrailingSlash" storage="d:\actions-runner\_work\xpco\xpco\common\videoos.utilities\videoos.utilities.unittests\bin\debug\net472\videoos.utilities.unittests.dll" id="66af18d1-3c4a-bdc0-363d-39fdb1c16fb5">
      <Execution id="36895da6-e4b1-4b5b-9393-504aa540323d" />
      <TestMethod codeBase="D:\actions-runner\_work\XPCO\XPCO\Common\VideoOS.Utilities\VideoOS.Utilities.UnitTests\bin\Debug\net472\VideoOS.Utilities.UnitTests.dll" adapterTypeName="executor://mstestadapter/v2" className="VideoOS.Utilities.UnitTests.Windows.UrlPrefixTest" name="Parse_StrongWildcard_Https_NoRelativePathTest_NoTrailingSlash" />
    </UnitTest>
    <UnitTest name="Async_Method_Fires_Exception" storage="d:\actions-runner\_work\xpco\xpco\common\videoos.utilities\videoos.utilities.unittests\bin\debug\net472\videoos.utilities.unittests.dll" id="5b81d6e5-094a-36a1-d020-7e14c1925021">
      <Execution id="aa24f52a-eb2d-4ffa-9874-f5d262945d79" />
      <TestMethod codeBase="D:\actions-runner\_work\XPCO\XPCO\Common\VideoOS.Utilities\VideoOS.Utilities.UnitTests\bin\Debug\net472\VideoOS.Utilities.UnitTests.dll" adapterTypeName="executor://mstestadapter/v2" className="VideoOS.Utilities.UnitTests.Threading.TaskExtensionTest" name="Async_Method_Fires_Exception" />
    </UnitTest>
    <UnitTest name="FormatByteSizeStringExactTest2" storage="d:\actions-runner\_work\xpco\xpco\common\videoos.utilities\videoos.utilities.unittests\bin\debug\net472\videoos.utilities.unittests.dll" id="d2c6cd89-3134-4c47-ed4c-f9654d49986a">
      <Execution id="e06a38b7-bd70-4f0b-80b3-1a4a96c29443" />
      <TestMethod codeBase="D:\actions-runner\_work\XPCO\XPCO\Common\VideoOS.Utilities\VideoOS.Utilities.UnitTests\bin\Debug\net472\VideoOS.Utilities.UnitTests.dll" adapterTypeName="executor://mstestadapter/v2" className="VideoOS.Utilities.UnitTests.StringFormattingTest" name="FormatByteSizeStringExactTest2" />
    </UnitTest>
    <UnitTest name="ConstructDatabaseConnectionInfo_DatabaseSourceAndDatabaseName_Success" storage="d:\actions-runner\_work\xpco\xpco\common\videoos.utilities\videoos.utilities.unittests\bin\debug\net472\videoos.utilities.unittests.dll" id="a568b409-38f1-6ad9-4f1d-3150733bf202">
      <Execution id="ff6edfea-a9a5-4294-aaf3-b318c7f0a615" />
      <TestMethod codeBase="D:\actions-runner\_work\XPCO\XPCO\Common\VideoOS.Utilities\VideoOS.Utilities.UnitTests\bin\Debug\net472\VideoOS.Utilities.UnitTests.dll" adapterTypeName="executor://mstestadapter/v2" className="VideoOS.Utilities.UnitTests.Database.DatabaseConnectionInfoTests" name="ConstructDatabaseConnectionInfo_DatabaseSourceAndDatabaseName_Success" />
    </UnitTest>
    <UnitTest name="DeleteUrlReservation_Param_NullPrefixTest" storage="d:\actions-runner\_work\xpco\xpco\common\videoos.utilities\videoos.utilities.unittests\bin\debug\net472\videoos.utilities.unittests.dll" id="806deb80-9486-1446-8b63-998fe3e82f73">
      <Execution id="14fe8933-951e-4639-ab89-5911f370ff4b" />
      <TestMethod codeBase="D:\actions-runner\_work\XPCO\XPCO\Common\VideoOS.Utilities\VideoOS.Utilities.UnitTests\bin\Debug\net472\VideoOS.Utilities.UnitTests.dll" adapterTypeName="executor://mstestadapter/v2" className="VideoOS.Utilities.UnitTests.Windows.Http.HttpSysConfigTest" name="DeleteUrlReservation_Param_NullPrefixTest" />
    </UnitTest>
    <UnitTest name="Decode_WhenInvalidBase64Data_Exception" storage="d:\actions-runner\_work\xpco\xpco\common\videoos.utilities\videoos.utilities.unittests\bin\debug\net472\videoos.utilities.unittests.dll" id="73ad64b2-400a-e2bf-e885-7761dc1b879c">
      <Execution id="b3f546f7-3281-49dd-aef9-c5e67dff5446" />
      <TestMethod codeBase="D:\actions-runner\_work\XPCO\XPCO\Common\VideoOS.Utilities\VideoOS.Utilities.UnitTests\bin\Debug\net472\VideoOS.Utilities.UnitTests.dll" adapterTypeName="executor://mstestadapter/v2" className="VideoOS.Utilities.UnitTests.Formatting.Base64EncoderTest" name="Decode_WhenInvalidBase64Data_Exception" />
    </UnitTest>
    <UnitTest name="EndpointSupportsSsl_InvalidTimeoutInSeconds_BelowMinimum_Throws_ArgumentException" storage="d:\actions-runner\_work\xpco\xpco\common\videoos.utilities\videoos.utilities.unittests\bin\debug\net472\videoos.utilities.unittests.dll" id="b05dd664-b57f-ba95-fe26-dd98a5759af1">
      <Execution id="5570d837-64ad-4d15-bbe7-3183faf8db7c" />
      <TestMethod codeBase="D:\actions-runner\_work\XPCO\XPCO\Common\VideoOS.Utilities\VideoOS.Utilities.UnitTests\bin\Debug\net472\VideoOS.Utilities.UnitTests.dll" adapterTypeName="executor://mstestadapter/v2" className="VideoOS.Utilities.UnitTests.Network.SslUtilitiesTests" name="EndpointSupportsSsl_InvalidTimeoutInSeconds_BelowMinimum_Throws_ArgumentException" />
    </UnitTest>
    <UnitTest name="ShowHelp_OfflineWorkflow__DisplayHtmlHelp_InvokedWithValidUrl" storage="d:\actions-runner\_work\xpco\xpco\common\videoos.utilities\videoos.utilities.unittests\bin\debug\net472\videoos.utilities.unittests.dll" id="1a3838aa-5811-5cf2-c4d4-5954ea5afd82">
      <TestCategory>
        <TestCategoryItem TestCategory="Help" />
      </TestCategory>
      <Execution id="2c1ef452-96de-4f7c-bb91-b7aede97d150" />
      <TestMethod codeBase="D:\actions-runner\_work\XPCO\XPCO\Common\VideoOS.Utilities\VideoOS.Utilities.UnitTests\bin\Debug\net472\VideoOS.Utilities.UnitTests.dll" adapterTypeName="executor://mstestadapter/v2" className="VideoOS.Utilities.UnitTests.Help.HelpManagerTests" name="ShowHelp_OfflineWorkflow__DisplayHtmlHelp_InvokedWithValidUrl" />
    </UnitTest>
    <UnitTest name="FormatByteSizeStringExactUlongTest11" storage="d:\actions-runner\_work\xpco\xpco\common\videoos.utilities\videoos.utilities.unittests\bin\debug\net472\videoos.utilities.unittests.dll" id="32abfdbf-368d-b1bb-16ce-a913ad32a93c">
      <Execution id="5101e96a-b4a9-4c0c-8a4a-6ecd2899b9c6" />
      <TestMethod codeBase="D:\actions-runner\_work\XPCO\XPCO\Common\VideoOS.Utilities\VideoOS.Utilities.UnitTests\bin\Debug\net472\VideoOS.Utilities.UnitTests.dll" adapterTypeName="executor://mstestadapter/v2" className="VideoOS.Utilities.UnitTests.StringFormattingTest" name="FormatByteSizeStringExactUlongTest11" />
    </UnitTest>
    <UnitTest name="FormatByteSizeStringExactTest8" storage="d:\actions-runner\_work\xpco\xpco\common\videoos.utilities\videoos.utilities.unittests\bin\debug\net472\videoos.utilities.unittests.dll" id="12123a04-6a7d-9a7e-532b-47db46b56af1">
      <Execution id="9aa9aa15-543f-455b-89a7-a4507429e2ff" />
      <TestMethod codeBase="D:\actions-runner\_work\XPCO\XPCO\Common\VideoOS.Utilities\VideoOS.Utilities.UnitTests\bin\Debug\net472\VideoOS.Utilities.UnitTests.dll" adapterTypeName="executor://mstestadapter/v2" className="VideoOS.Utilities.UnitTests.StringFormattingTest" name="FormatByteSizeStringExactTest8" />
    </UnitTest>
    <UnitTest name="GetSqlConnection_IntegratedSecuritySetUsingYes_Success" storage="d:\actions-runner\_work\xpco\xpco\common\videoos.utilities\videoos.utilities.unittests\bin\debug\net472\videoos.utilities.unittests.dll" id="02a432cf-4b04-c72f-1b20-0817c3291678">
      <TestCategory>
        <TestCategoryItem TestCategory="Database" />
      </TestCategory>
      <Execution id="4aa32690-cec3-451e-9b5b-dae50522e42f" />
      <TestMethod codeBase="D:\actions-runner\_work\XPCO\XPCO\Common\VideoOS.Utilities\VideoOS.Utilities.UnitTests\bin\Debug\net472\VideoOS.Utilities.UnitTests.dll" adapterTypeName="executor://mstestadapter/v2" className="VideoOS.Utilities.UnitTests.Database.SqlConnectionManagerTests" name="GetSqlConnection_IntegratedSecuritySetUsingYes_Success" />
    </UnitTest>
    <UnitTest name="Parse_InvalidData_InvalidPortTest3" storage="d:\actions-runner\_work\xpco\xpco\common\videoos.utilities\videoos.utilities.unittests\bin\debug\net472\videoos.utilities.unittests.dll" id="c7bbc647-3e1b-d450-cce3-09808a240509">
      <Execution id="21fbc709-53c0-4fbc-9e23-b29f44c1781c" />
      <TestMethod codeBase="D:\actions-runner\_work\XPCO\XPCO\Common\VideoOS.Utilities\VideoOS.Utilities.UnitTests\bin\Debug\net472\VideoOS.Utilities.UnitTests.dll" adapterTypeName="executor://mstestadapter/v2" className="VideoOS.Utilities.UnitTests.Windows.UrlPrefixTest" name="Parse_InvalidData_InvalidPortTest3" />
    </UnitTest>
    <UnitTest name="Constructor_ShouldThrowArgumentNullException_WhenFoldermNameIsNull" storage="d:\actions-runner\_work\xpco\xpco\common\videoos.utilities\videoos.utilities.unittests\bin\debug\net472\videoos.utilities.unittests.dll" id="25c9d848-d632-706e-91c2-392c75fc1d51">
      <Execution id="8ab08616-5e14-47e8-8daa-44476ddc9c8e" />
      <TestMethod codeBase="D:\actions-runner\_work\XPCO\XPCO\Common\VideoOS.Utilities\VideoOS.Utilities.UnitTests\bin\Debug\net472\VideoOS.Utilities.UnitTests.dll" adapterTypeName="executor://mstestadapter/v2" className="VideoOS.Utilities.UnitTests.KeyManagement.FilePasswordProviderTests" name="Constructor_ShouldThrowArgumentNullException_WhenFoldermNameIsNull" />
    </UnitTest>
    <UnitTest name="CreateIPBoundWeakWildcard_IPv4_InvalidPort" storage="d:\actions-runner\_work\xpco\xpco\common\videoos.utilities\videoos.utilities.unittests\bin\debug\net472\videoos.utilities.unittests.dll" id="84efefe4-2f76-ff05-86d1-84d6784b3574">
      <Execution id="ad336142-abec-4b32-ad5f-f93ba6821609" />
      <TestMethod codeBase="D:\actions-runner\_work\XPCO\XPCO\Common\VideoOS.Utilities\VideoOS.Utilities.UnitTests\bin\Debug\net472\VideoOS.Utilities.UnitTests.dll" adapterTypeName="executor://mstestadapter/v2" className="VideoOS.Utilities.UnitTests.Windows.UrlPrefixTest" name="CreateIPBoundWeakWildcard_IPv4_InvalidPort" />
    </UnitTest>
    <UnitTest name="ComputeHash_ShouldReturnSameHashForSameByteArray" storage="d:\actions-runner\_work\xpco\xpco\common\videoos.utilities\videoos.utilities.unittests\bin\debug\net472\videoos.utilities.unittests.dll" id="d883e8ec-ed15-f934-3d1b-04767121e20e">
      <Execution id="331a7cb0-829a-4abc-ab0c-ebdef8120901" />
      <TestMethod codeBase="D:\actions-runner\_work\XPCO\XPCO\Common\VideoOS.Utilities\VideoOS.Utilities.UnitTests\bin\Debug\net472\VideoOS.Utilities.UnitTests.dll" adapterTypeName="executor://mstestadapter/v2" className="VideoOS.Utilities.UnitTests.Cryptography.SHA256HashAlgorithmTests" name="ComputeHash_ShouldReturnSameHashForSameByteArray" />
    </UnitTest>
    <UnitTest name="Dequeues_Five_Messages_Post_Added" storage="d:\actions-runner\_work\xpco\xpco\common\videoos.utilities\videoos.utilities.unittests\bin\debug\net472\videoos.utilities.unittests.dll" id="bb2beaed-b9d7-d298-993e-2c026228f646">
      <Execution id="6ae113cd-cd99-4665-87e0-e44244a761ed" />
      <TestMethod codeBase="D:\actions-runner\_work\XPCO\XPCO\Common\VideoOS.Utilities\VideoOS.Utilities.UnitTests\bin\Debug\net472\VideoOS.Utilities.UnitTests.dll" adapterTypeName="executor://mstestadapter/v2" className="VideoOS.Utilities.UnitTests.Collections.LongPollingMessageQueueTest" name="Dequeues_Five_Messages_Post_Added" />
    </UnitTest>
    <UnitTest name="Decrypt_UsingStoredKey_Success" storage="d:\actions-runner\_work\xpco\xpco\common\videoos.utilities\videoos.utilities.unittests\bin\debug\net472\videoos.utilities.unittests.dll" id="c096eabf-b646-5277-57d9-044af92752a5">
      <Execution id="2074e407-441d-48ec-9583-3c9d688d6295" />
      <TestMethod codeBase="D:\actions-runner\_work\XPCO\XPCO\Common\VideoOS.Utilities\VideoOS.Utilities.UnitTests\bin\Debug\net472\VideoOS.Utilities.UnitTests.dll" adapterTypeName="executor://mstestadapter/v2" className="VideoOS.Utilities.UnitTests.Cryptography.RsaCngAsymmetricEncryptionTests" name="Decrypt_UsingStoredKey_Success" />
    </UnitTest>
    <UnitTest name="Parse_InvalidData_InvalidPortTest4" storage="d:\actions-runner\_work\xpco\xpco\common\videoos.utilities\videoos.utilities.unittests\bin\debug\net472\videoos.utilities.unittests.dll" id="f946c001-2088-2a4c-235b-e55c2bf881df">
      <Execution id="0235cf2c-1e27-4523-a696-e644bdd5ab7a" />
      <TestMethod codeBase="D:\actions-runner\_work\XPCO\XPCO\Common\VideoOS.Utilities\VideoOS.Utilities.UnitTests\bin\Debug\net472\VideoOS.Utilities.UnitTests.dll" adapterTypeName="executor://mstestadapter/v2" className="VideoOS.Utilities.UnitTests.Windows.UrlPrefixTest" name="Parse_InvalidData_InvalidPortTest4" />
    </UnitTest>
    <UnitTest name="SimpleValidSignature" storage="d:\actions-runner\_work\xpco\xpco\common\videoos.utilities\videoos.utilities.unittests\bin\debug\net472\videoos.utilities.unittests.dll" id="93be8a15-d30b-59c3-9baa-ecde9bcf9e7d">
      <Execution id="02201e1f-c9cc-4c81-ae84-826dc1cb1d49" />
      <TestMethod codeBase="D:\actions-runner\_work\XPCO\XPCO\Common\VideoOS.Utilities\VideoOS.Utilities.UnitTests\bin\Debug\net472\VideoOS.Utilities.UnitTests.dll" adapterTypeName="executor://mstestadapter/v2" className="VideoOS.Utilities.UnitTests.Cryptography.StringSignatures" name="SimpleValidSignature" />
    </UnitTest>
    <UnitTest name="Parse_InvalidData_EmptyStringTest" storage="d:\actions-runner\_work\xpco\xpco\common\videoos.utilities\videoos.utilities.unittests\bin\debug\net472\videoos.utilities.unittests.dll" id="1d6beb11-0274-40f5-e90d-24ccaf0432c0">
      <Execution id="fafa5d57-8cf5-456e-ba63-854b967f9bb9" />
      <TestMethod codeBase="D:\actions-runner\_work\XPCO\XPCO\Common\VideoOS.Utilities\VideoOS.Utilities.UnitTests\bin\Debug\net472\VideoOS.Utilities.UnitTests.dll" adapterTypeName="executor://mstestadapter/v2" className="VideoOS.Utilities.UnitTests.Windows.UrlPrefixTest" name="Parse_InvalidData_EmptyStringTest" />
    </UnitTest>
    <UnitTest name="InvalidPathToSecureFolderResultsInException" storage="d:\actions-runner\_work\xpco\xpco\common\videoos.utilities\videoos.utilities.unittests\bin\debug\net472\videoos.utilities.unittests.dll" id="26b1b776-9f67-2484-a7a6-868cf6e041be">
      <Execution id="09e49fac-6a6a-4070-a473-47451d06129f" />
      <TestMethod codeBase="D:\actions-runner\_work\XPCO\XPCO\Common\VideoOS.Utilities\VideoOS.Utilities.UnitTests\bin\Debug\net472\VideoOS.Utilities.UnitTests.dll" adapterTypeName="executor://mstestadapter/v2" className="VideoOS.Utilities.UnitTests.Security.SecureFolderTests" name="InvalidPathToSecureFolderResultsInException" />
    </UnitTest>
    <UnitTest name="HSL_InvalidH_ThrowsArgumentException" storage="d:\actions-runner\_work\xpco\xpco\common\videoos.utilities\videoos.utilities.unittests\bin\debug\net472\videoos.utilities.unittests.dll" id="6f0c4fd5-1396-4a2d-d737-3b757b6cb543">
      <Execution id="51180cb7-7a9e-4868-a975-b67f6a4a1d4a" />
      <TestMethod codeBase="D:\actions-runner\_work\XPCO\XPCO\Common\VideoOS.Utilities\VideoOS.Utilities.UnitTests\bin\Debug\net472\VideoOS.Utilities.UnitTests.dll" adapterTypeName="executor://mstestadapter/v2" className="VideoOS.Utilities.UnitTests.Colors.ColorConverterTests" name="HSL_InvalidH_ThrowsArgumentException" />
    </UnitTest>
    <UnitTest name="Parse_StrongWildcard_Https_WithRelativePathTest" storage="d:\actions-runner\_work\xpco\xpco\common\videoos.utilities\videoos.utilities.unittests\bin\debug\net472\videoos.utilities.unittests.dll" id="e7732954-0ebd-70e8-5548-a626a8593a17">
      <Execution id="16da9101-1721-4567-9d00-fd596c2fd163" />
      <TestMethod codeBase="D:\actions-runner\_work\XPCO\XPCO\Common\VideoOS.Utilities\VideoOS.Utilities.UnitTests\bin\Debug\net472\VideoOS.Utilities.UnitTests.dll" adapterTypeName="executor://mstestadapter/v2" className="VideoOS.Utilities.UnitTests.Windows.UrlPrefixTest" name="Parse_StrongWildcard_Https_WithRelativePathTest" />
    </UnitTest>
    <UnitTest name="HasPassword_ShouldReturnTrue_IfPasswordExists" storage="d:\actions-runner\_work\xpco\xpco\common\videoos.utilities\videoos.utilities.unittests\bin\debug\net472\videoos.utilities.unittests.dll" id="42046de8-02dc-a2da-ccf9-8b26b63eb9da">
      <Execution id="5b952876-a3d8-4403-bf4c-0a7e56759f21" />
      <TestMethod codeBase="D:\actions-runner\_work\XPCO\XPCO\Common\VideoOS.Utilities\VideoOS.Utilities.UnitTests\bin\Debug\net472\VideoOS.Utilities.UnitTests.dll" adapterTypeName="executor://mstestadapter/v2" className="VideoOS.Utilities.UnitTests.KeyManagement.FilePasswordProviderTests" name="HasPassword_ShouldReturnTrue_IfPasswordExists" />
    </UnitTest>
    <UnitTest name="OnlyRetriesALimitedNumberOfTimesOnConnectionError" storage="d:\actions-runner\_work\xpco\xpco\common\videoos.utilities\videoos.utilities.unittests\bin\debug\net472\videoos.utilities.unittests.dll" id="1ba5436e-01a2-6387-85da-a1e3d5b0618d">
      <TestCategory>
        <TestCategoryItem TestCategory="DatabaseConnection" />
      </TestCategory>
      <Execution id="d66cd825-df78-44a4-a533-d71270ea1cec" />
      <TestMethod codeBase="D:\actions-runner\_work\XPCO\XPCO\Common\VideoOS.Utilities\VideoOS.Utilities.UnitTests\bin\Debug\net472\VideoOS.Utilities.UnitTests.dll" adapterTypeName="executor://mstestadapter/v2" className="VideoOS.Utilities.UnitTests.Database.DatabaseConnectionTests" name="OnlyRetriesALimitedNumberOfTimesOnConnectionError" />
    </UnitTest>
    <UnitTest name="Given_TwoDifferentPasswords_When_Validating_AProperErrorMessageIsReturned" storage="d:\actions-runner\_work\xpco\xpco\common\videoos.utilities\videoos.utilities.unittests\bin\debug\net472\videoos.utilities.unittests.dll" id="77d97a86-1a5d-d799-c662-580704ebb4ff">
      <Execution id="7b4b8ea4-c0bf-4d25-b566-00395e042e85" />
      <TestMethod codeBase="D:\actions-runner\_work\XPCO\XPCO\Common\VideoOS.Utilities\VideoOS.Utilities.UnitTests\bin\Debug\net472\VideoOS.Utilities.UnitTests.dll" adapterTypeName="executor://mstestadapter/v2" className="VideoOS.Common.EnvironmentServices.UnitTests.Security.PasswordValidatorTest" name="Given_TwoDifferentPasswords_When_Validating_AProperErrorMessageIsReturned" />
    </UnitTest>
    <UnitTest name="ExecuteNonQueryAsyncTest" storage="d:\actions-runner\_work\xpco\xpco\common\videoos.utilities\videoos.utilities.unittests\bin\debug\net472\videoos.utilities.unittests.dll" id="589436c5-24f1-9b9b-f00c-1639c2701f78">
      <TestCategory>
        <TestCategoryItem TestCategory="DatabaseCommand" />
      </TestCategory>
      <Execution id="22fa7444-4066-4a21-8f1e-7a183ec861a8" />
      <TestMethod codeBase="D:\actions-runner\_work\XPCO\XPCO\Common\VideoOS.Utilities\VideoOS.Utilities.UnitTests\bin\Debug\net472\VideoOS.Utilities.UnitTests.dll" adapterTypeName="executor://mstestadapter/v2" className="VideoOS.Utilities.UnitTests.Database.SqlResourceComponentTest" name="ExecuteNonQueryAsyncTest" />
    </UnitTest>
    <UnitTest name="CompositeWarningLevel" storage="d:\actions-runner\_work\xpco\xpco\common\videoos.utilities\videoos.utilities.unittests\bin\debug\net472\videoos.utilities.unittests.dll" id="fe054a7c-0d44-5a6f-eb77-0e31b0cd3386">
      <Execution id="43b24ade-b60c-4065-bb04-376c51ed2398" />
      <TestMethod codeBase="D:\actions-runner\_work\XPCO\XPCO\Common\VideoOS.Utilities\VideoOS.Utilities.UnitTests\bin\Debug\net472\VideoOS.Utilities.UnitTests.dll" adapterTypeName="executor://mstestadapter/v2" className="VideoOS.Utilities.UnitTests.Diagnostics.Levels" name="CompositeWarningLevel" />
    </UnitTest>
    <UnitTest name="NullCheckSupportsStrings" storage="d:\actions-runner\_work\xpco\xpco\common\videoos.utilities\videoos.utilities.unittests\bin\debug\net472\videoos.utilities.unittests.dll" id="b3d5b776-7954-57de-ff89-1e86f8900464">
      <Execution id="f6c8ca8c-4c9c-4fa2-8238-60f9f08ea196" />
      <TestMethod codeBase="D:\actions-runner\_work\XPCO\XPCO\Common\VideoOS.Utilities\VideoOS.Utilities.UnitTests\bin\Debug\net472\VideoOS.Utilities.UnitTests.dll" adapterTypeName="executor://mstestadapter/v2" className="VideoOS.Utilities.UnitTests.Validation.ValidationTests" name="NullCheckSupportsStrings" />
    </UnitTest>
    <UnitTest name="CreateExplicit_StrongWildcardHost" storage="d:\actions-runner\_work\xpco\xpco\common\videoos.utilities\videoos.utilities.unittests\bin\debug\net472\videoos.utilities.unittests.dll" id="c9115134-3a66-60ac-719d-00bd512badb4">
      <Execution id="71154f1c-61df-4c52-ae9a-4337326efb3b" />
      <TestMethod codeBase="D:\actions-runner\_work\XPCO\XPCO\Common\VideoOS.Utilities\VideoOS.Utilities.UnitTests\bin\Debug\net472\VideoOS.Utilities.UnitTests.dll" adapterTypeName="executor://mstestadapter/v2" className="VideoOS.Utilities.UnitTests.Windows.UrlPrefixTest" name="CreateExplicit_StrongWildcardHost" />
    </UnitTest>
    <UnitTest name="Given_daDK_svSE_deDESupported_When_GettingAvailableLanguages_NativeNamesAreDanskSvenskaDeutschIsReturned" storage="d:\actions-runner\_work\xpco\xpco\common\videoos.utilities\videoos.utilities.unittests\bin\debug\net472\videoos.utilities.unittests.dll" id="e3d2f4b4-4bae-40b1-8113-4f749d5c5430">
      <Execution id="119969db-942a-4f61-b572-7b10d332ab37" />
      <TestMethod codeBase="D:\actions-runner\_work\XPCO\XPCO\Common\VideoOS.Utilities\VideoOS.Utilities.UnitTests\bin\Debug\net472\VideoOS.Utilities.UnitTests.dll" adapterTypeName="executor://mstestadapter/v2" className="VideoOS.Utilities.UnitTests.Globalization.SettingsViewModelTest" name="Given_daDK_svSE_deDESupported_When_GettingAvailableLanguages_NativeNamesAreDanskSvenskaDeutschIsReturned" />
    </UnitTest>
    <UnitTest name="GivenSecureFolderWithTwoUserAccounWhenSettingExclusiveAccountTheOtherUserAccouintsAreRemoved" storage="d:\actions-runner\_work\xpco\xpco\common\videoos.utilities\videoos.utilities.unittests\bin\debug\net472\videoos.utilities.unittests.dll" id="df959513-e347-64a3-0552-b0f6f26e74b5">
      <Execution id="f7a7724e-ad29-4953-866b-bf7f596a1236" />
      <TestMethod codeBase="D:\actions-runner\_work\XPCO\XPCO\Common\VideoOS.Utilities\VideoOS.Utilities.UnitTests\bin\Debug\net472\VideoOS.Utilities.UnitTests.dll" adapterTypeName="executor://mstestadapter/v2" className="VideoOS.Utilities.UnitTests.Security.SecureFolderTests" name="GivenSecureFolderWithTwoUserAccounWhenSettingExclusiveAccountTheOtherUserAccouintsAreRemoved" />
    </UnitTest>
    <UnitTest name="CreateIPBoundWeakWildcard_IPv6_NoRelativePathTest" storage="d:\actions-runner\_work\xpco\xpco\common\videoos.utilities\videoos.utilities.unittests\bin\debug\net472\videoos.utilities.unittests.dll" id="ddbe8703-0958-b457-5a7d-b81bbfe3f85a">
      <Execution id="df5e801b-93a7-4c41-b128-f29b47207435" />
      <TestMethod codeBase="D:\actions-runner\_work\XPCO\XPCO\Common\VideoOS.Utilities\VideoOS.Utilities.UnitTests\bin\Debug\net472\VideoOS.Utilities.UnitTests.dll" adapterTypeName="executor://mstestadapter/v2" className="VideoOS.Utilities.UnitTests.Windows.UrlPrefixTest" name="CreateIPBoundWeakWildcard_IPv6_NoRelativePathTest" />
    </UnitTest>
    <UnitTest name="GetSqlConnection_TrustedConnectionWithUsernameAndPasswordSupplied__RemovesUserCredentials_Success" storage="d:\actions-runner\_work\xpco\xpco\common\videoos.utilities\videoos.utilities.unittests\bin\debug\net472\videoos.utilities.unittests.dll" id="7846512e-b2de-90fb-3989-273d6ef474d7">
      <TestCategory>
        <TestCategoryItem TestCategory="Database" />
      </TestCategory>
      <Execution id="c56fc65c-a068-484e-af52-e35d62c4a6ad" />
      <TestMethod codeBase="D:\actions-runner\_work\XPCO\XPCO\Common\VideoOS.Utilities\VideoOS.Utilities.UnitTests\bin\Debug\net472\VideoOS.Utilities.UnitTests.dll" adapterTypeName="executor://mstestadapter/v2" className="VideoOS.Utilities.UnitTests.Database.SqlConnectionManagerTests" name="GetSqlConnection_TrustedConnectionWithUsernameAndPasswordSupplied__RemovesUserCredentials_Success" />
    </UnitTest>
    <UnitTest name="Close_WhenInitialized_Continue" storage="d:\actions-runner\_work\xpco\xpco\common\videoos.utilities\videoos.utilities.unittests\bin\debug\net472\videoos.utilities.unittests.dll" id="fd765706-fece-85c1-aaf1-a9c0a465fd55">
      <Execution id="461a3660-9ee7-44ae-a5b3-2ce0ffc7f94a" />
      <TestMethod codeBase="D:\actions-runner\_work\XPCO\XPCO\Common\VideoOS.Utilities\VideoOS.Utilities.UnitTests\bin\Debug\net472\VideoOS.Utilities.UnitTests.dll" adapterTypeName="executor://mstestadapter/v2" className="VideoOS.Utilities.UnitTests.Workflow.InitControlTests" name="Close_WhenInitialized_Continue" />
    </UnitTest>
    <UnitTest name="HasKey_ReturnsTrue_WhenKeyIsPresentInTheDatabase" storage="d:\actions-runner\_work\xpco\xpco\common\videoos.utilities\videoos.utilities.unittests\bin\debug\net472\videoos.utilities.unittests.dll" id="11fb3fad-2351-7080-3049-42238d7f70fd">
      <Execution id="c142a37f-3b71-458f-8ea5-73f5583feb50" />
      <TestMethod codeBase="D:\actions-runner\_work\XPCO\XPCO\Common\VideoOS.Utilities\VideoOS.Utilities.UnitTests\bin\Debug\net472\VideoOS.Utilities.UnitTests.dll" adapterTypeName="executor://mstestadapter/v2" className="VideoOS.Utilities.UnitTests.KeyManagement.DatabaseKeyProviderTests" name="HasKey_ReturnsTrue_WhenKeyIsPresentInTheDatabase" />
    </UnitTest>
    <UnitTest name="ConstructDatabaseConnectionInfo_With_ApplicationName" storage="d:\actions-runner\_work\xpco\xpco\common\videoos.utilities\videoos.utilities.unittests\bin\debug\net472\videoos.utilities.unittests.dll" id="b704fdb0-c7bb-1693-71ff-6ae0dd6bc4d2">
      <Execution id="52ccc945-8eaa-4fc2-9209-3a1d80babb7c" />
      <TestMethod codeBase="D:\actions-runner\_work\XPCO\XPCO\Common\VideoOS.Utilities\VideoOS.Utilities.UnitTests\bin\Debug\net472\VideoOS.Utilities.UnitTests.dll" adapterTypeName="executor://mstestadapter/v2" className="VideoOS.Utilities.UnitTests.Database.DatabaseConnectionInfoTests" name="ConstructDatabaseConnectionInfo_With_ApplicationName" />
    </UnitTest>
    <UnitTest name="EncryptionFactory_Throws_OnCreateAsymmetricWithKeysOkPaddingNullAndBlobNotNull" storage="d:\actions-runner\_work\xpco\xpco\common\videoos.utilities\videoos.utilities.unittests\bin\debug\net472\videoos.utilities.unittests.dll" id="aef9028d-d413-1f1a-acff-d17d12a2954f">
      <Execution id="5ce334b7-94fd-4698-bb0f-f8fd71f10bee" />
      <TestMethod codeBase="D:\actions-runner\_work\XPCO\XPCO\Common\VideoOS.Utilities\VideoOS.Utilities.UnitTests\bin\Debug\net472\VideoOS.Utilities.UnitTests.dll" adapterTypeName="executor://mstestadapter/v2" className="VideoOS.Utilities.UnitTests.Cryptography.RsaCngAsymmetricEncryptionTests" name="EncryptionFactory_Throws_OnCreateAsymmetricWithKeysOkPaddingNullAndBlobNotNull" />
    </UnitTest>
    <UnitTest name="Given_FeaturesAreAvailableThatNeedsRebootWhenInstalled_When_EnsureFeaturesAreInstalled_Then_EnableFeaturesAreCalledWithExpectedArgumentsAndMethodReturnsNeedsReboot" storage="d:\actions-runner\_work\xpco\xpco\common\videoos.utilities\videoos.utilities.unittests\bin\debug\net472\videoos.utilities.unittests.dll" id="5fb11a48-a905-3463-7164-ec948dab152a">
      <Execution id="575c2bc3-7f3a-4feb-9a25-857f84d03f6f" />
      <TestMethod codeBase="D:\actions-runner\_work\XPCO\XPCO\Common\VideoOS.Utilities\VideoOS.Utilities.UnitTests\bin\Debug\net472\VideoOS.Utilities.UnitTests.dll" adapterTypeName="executor://mstestadapter/v2" className="VideoOS.Utilities.UnitTests.Dism.DismSessionTest" name="Given_FeaturesAreAvailableThatNeedsRebootWhenInstalled_When_EnsureFeaturesAreInstalled_Then_EnableFeaturesAreCalledWithExpectedArgumentsAndMethodReturnsNeedsReboot" />
    </UnitTest>
    <UnitTest name="AccessControlUpdater_SetFileAccessControl_UseLocalSystem" storage="d:\actions-runner\_work\xpco\xpco\common\videoos.utilities\videoos.utilities.unittests\bin\debug\net472\videoos.utilities.unittests.dll" id="054bfef9-7d9c-4f40-14b7-a4a1c121a79d">
      <Execution id="798bd224-67f4-41f1-aef5-30d34ac03f77" />
      <TestMethod codeBase="D:\actions-runner\_work\XPCO\XPCO\Common\VideoOS.Utilities\VideoOS.Utilities.UnitTests\bin\Debug\net472\VideoOS.Utilities.UnitTests.dll" adapterTypeName="executor://mstestadapter/v2" className="VideoOS.Utilities.UnitTests.Security.AccessControlUpdaterTests" name="AccessControlUpdater_SetFileAccessControl_UseLocalSystem" />
    </UnitTest>
    <UnitTest name="Construction_KeyInformationIsDifferent_OnDefaultConstruction" storage="d:\actions-runner\_work\xpco\xpco\common\videoos.utilities\videoos.utilities.unittests\bin\debug\net472\videoos.utilities.unittests.dll" id="a31c3542-4e38-bd00-15b1-6d91136089ff">
      <Execution id="97883b71-688e-44ac-af99-4387d24a9503" />
      <TestMethod codeBase="D:\actions-runner\_work\XPCO\XPCO\Common\VideoOS.Utilities\VideoOS.Utilities.UnitTests\bin\Debug\net472\VideoOS.Utilities.UnitTests.dll" adapterTypeName="executor://mstestadapter/v2" className="VideoOS.Utilities.UnitTests.Cryptography.RsaCngAsymmetricEncryptionTests" name="Construction_KeyInformationIsDifferent_OnDefaultConstruction" />
    </UnitTest>
    <UnitTest name="FormatByteSizeStringExactTest6" storage="d:\actions-runner\_work\xpco\xpco\common\videoos.utilities\videoos.utilities.unittests\bin\debug\net472\videoos.utilities.unittests.dll" id="3aa9c7c4-1477-1ebf-7e13-c7cd4a09b351">
      <Execution id="6b7fc549-390d-40e0-a51b-738e55867ae4" />
      <TestMethod codeBase="D:\actions-runner\_work\XPCO\XPCO\Common\VideoOS.Utilities\VideoOS.Utilities.UnitTests\bin\Debug\net472\VideoOS.Utilities.UnitTests.dll" adapterTypeName="executor://mstestadapter/v2" className="VideoOS.Utilities.UnitTests.StringFormattingTest" name="FormatByteSizeStringExactTest6" />
    </UnitTest>
    <UnitTest name="UseImportedConfigurationWithExternalIV" storage="d:\actions-runner\_work\xpco\xpco\common\videoos.utilities\videoos.utilities.unittests\bin\debug\net472\videoos.utilities.unittests.dll" id="e0eaad24-e7e1-f8e8-5bb5-f3e620df494d">
      <Execution id="09da487a-a4c0-49c7-bb85-855bc8279c54" />
      <TestMethod codeBase="D:\actions-runner\_work\XPCO\XPCO\Common\VideoOS.Utilities\VideoOS.Utilities.UnitTests\bin\Debug\net472\VideoOS.Utilities.UnitTests.dll" adapterTypeName="executor://mstestadapter/v2" className="VideoOS.Utilities.UnitTests.Cryptography.Encryption" name="UseImportedConfigurationWithExternalIV" />
    </UnitTest>
    <UnitTest name="SetText_MoreThan127Characters_CutsText" storage="d:\actions-runner\_work\xpco\xpco\common\videoos.utilities\videoos.utilities.unittests\bin\debug\net472\videoos.utilities.unittests.dll" id="377004f2-12bc-34ff-6f42-7950b88a086a">
      <Execution id="3352a875-c42b-4fbf-986d-94cf9aae97a9" />
      <TestMethod codeBase="D:\actions-runner\_work\XPCO\XPCO\Common\VideoOS.Utilities\VideoOS.Utilities.UnitTests\bin\Debug\net472\VideoOS.Utilities.UnitTests.dll" adapterTypeName="executor://mstestadapter/v2" className="VideoOS.Utilities.UnitTests.WinFormsExtensions.NotifyIconExtensionsTests" name="SetText_MoreThan127Characters_CutsText" />
    </UnitTest>
    <UnitTest name="GetSqlConnection_UsernameAndPasswordSupplied_Success" storage="d:\actions-runner\_work\xpco\xpco\common\videoos.utilities\videoos.utilities.unittests\bin\debug\net472\videoos.utilities.unittests.dll" id="2452d0bf-6258-cf6b-3a40-dc31336f0d2b">
      <TestCategory>
        <TestCategoryItem TestCategory="Database" />
      </TestCategory>
      <Execution id="11163fdf-8c35-444f-9421-f0233a7a7715" />
      <TestMethod codeBase="D:\actions-runner\_work\XPCO\XPCO\Common\VideoOS.Utilities\VideoOS.Utilities.UnitTests\bin\Debug\net472\VideoOS.Utilities.UnitTests.dll" adapterTypeName="executor://mstestadapter/v2" className="VideoOS.Utilities.UnitTests.Database.SqlConnectionManagerTests" name="GetSqlConnection_UsernameAndPasswordSupplied_Success" />
    </UnitTest>
    <UnitTest name="Given_FeaturesAreAvailable_When_EnsureFeaturesAreInstalled_WithFeaturesThatInstallsSuccesfullyButNeedsReboot_Then_EnableFeaturesAreCalledWithExpectedArgumentsAndMethodReturnsNeedsReboot" storage="d:\actions-runner\_work\xpco\xpco\common\videoos.utilities\videoos.utilities.unittests\bin\debug\net472\videoos.utilities.unittests.dll" id="8bb53982-36a5-ccf6-0797-21c9eaef87ab">
      <Execution id="10d4af09-b812-4656-969c-ffe03b357140" />
      <TestMethod codeBase="D:\actions-runner\_work\XPCO\XPCO\Common\VideoOS.Utilities\VideoOS.Utilities.UnitTests\bin\Debug\net472\VideoOS.Utilities.UnitTests.dll" adapterTypeName="executor://mstestadapter/v2" className="VideoOS.Utilities.UnitTests.Dism.DismSessionTest" name="Given_FeaturesAreAvailable_When_EnsureFeaturesAreInstalled_WithFeaturesThatInstallsSuccesfullyButNeedsReboot_Then_EnableFeaturesAreCalledWithExpectedArgumentsAndMethodReturnsNeedsReboot" />
    </UnitTest>
    <UnitTest name="GetAllParametersWithNoParameters" storage="d:\actions-runner\_work\xpco\xpco\common\videoos.utilities\videoos.utilities.unittests\bin\debug\net472\videoos.utilities.unittests.dll" id="f9365f57-5bb5-37f3-e6d7-f044fc7b06b0">
      <TestCategory>
        <TestCategoryItem TestCategory="DatabaseCommand" />
      </TestCategory>
      <Execution id="b3b9576d-47f2-4448-89a9-553bf8dcd0f9" />
      <TestMethod codeBase="D:\actions-runner\_work\XPCO\XPCO\Common\VideoOS.Utilities\VideoOS.Utilities.UnitTests\bin\Debug\net472\VideoOS.Utilities.UnitTests.dll" adapterTypeName="executor://mstestadapter/v2" className="VideoOS.Utilities.UnitTests.Database.DatabaseCommandTest" name="GetAllParametersWithNoParameters" />
    </UnitTest>
    <UnitTest name="ExecuteReaderWithMultipleParametersAsyncNoArgs" storage="d:\actions-runner\_work\xpco\xpco\common\videoos.utilities\videoos.utilities.unittests\bin\debug\net472\videoos.utilities.unittests.dll" id="b27ba75a-d70a-287a-5d9e-b65a42439631">
      <TestCategory>
        <TestCategoryItem TestCategory="DatabaseCommand" />
      </TestCategory>
      <Execution id="0e42ef03-d60c-49a5-81c1-b4df3b697d49" />
      <TestMethod codeBase="D:\actions-runner\_work\XPCO\XPCO\Common\VideoOS.Utilities\VideoOS.Utilities.UnitTests\bin\Debug\net472\VideoOS.Utilities.UnitTests.dll" adapterTypeName="executor://mstestadapter/v2" className="VideoOS.Utilities.UnitTests.Database.DatabaseCommandTest" name="ExecuteReaderWithMultipleParametersAsyncNoArgs" />
    </UnitTest>
    <UnitTest name="FormatByteSizeStringExactULTest4" storage="d:\actions-runner\_work\xpco\xpco\common\videoos.utilities\videoos.utilities.unittests\bin\debug\net472\videoos.utilities.unittests.dll" id="0416b849-8ddf-281b-bdfe-c4257a9da123">
      <Execution id="d4e54356-9938-464d-82d3-f887748d897d" />
      <TestMethod codeBase="D:\actions-runner\_work\XPCO\XPCO\Common\VideoOS.Utilities\VideoOS.Utilities.UnitTests\bin\Debug\net472\VideoOS.Utilities.UnitTests.dll" adapterTypeName="executor://mstestadapter/v2" className="VideoOS.Utilities.UnitTests.StringFormattingTest" name="FormatByteSizeStringExactULTest4" />
    </UnitTest>
    <UnitTest name="ValidateWebAddress_WithNull" storage="d:\actions-runner\_work\xpco\xpco\common\videoos.utilities\videoos.utilities.unittests\bin\debug\net472\videoos.utilities.unittests.dll" id="6a60a5ac-aaa9-dc6c-d920-a86623f03938">
      <Execution id="77f4a813-ae3e-4c25-97a3-7746c7d90671" />
      <TestMethod codeBase="D:\actions-runner\_work\XPCO\XPCO\Common\VideoOS.Utilities\VideoOS.Utilities.UnitTests\bin\Debug\net472\VideoOS.Utilities.UnitTests.dll" adapterTypeName="executor://mstestadapter/v2" className="VideoOS.Utilities.UnitTests.Network.AddressValidationTests" name="ValidateWebAddress_WithNull" />
    </UnitTest>
    <UnitTest name="DeleteUrlReservation_Param_SunnyDayTest" storage="d:\actions-runner\_work\xpco\xpco\common\videoos.utilities\videoos.utilities.unittests\bin\debug\net472\videoos.utilities.unittests.dll" id="cde7e51e-35ed-100a-a550-358501305bf7">
      <Execution id="352e6620-b500-4250-ac3c-5133003c9c00" />
      <TestMethod codeBase="D:\actions-runner\_work\XPCO\XPCO\Common\VideoOS.Utilities\VideoOS.Utilities.UnitTests\bin\Debug\net472\VideoOS.Utilities.UnitTests.dll" adapterTypeName="executor://mstestadapter/v2" className="VideoOS.Utilities.UnitTests.Windows.Http.HttpSysConfigTest" name="DeleteUrlReservation_Param_SunnyDayTest" />
    </UnitTest>
    <UnitTest name="ImportAndExportConfigurationWithAndWithoutCompression" storage="d:\actions-runner\_work\xpco\xpco\common\videoos.utilities\videoos.utilities.unittests\bin\debug\net472\videoos.utilities.unittests.dll" id="6be417f9-c335-0427-52c9-96d899c8041d">
      <Execution id="7e039a63-c2ca-4011-bc3b-6e64831939ee" />
      <TestMethod codeBase="D:\actions-runner\_work\XPCO\XPCO\Common\VideoOS.Utilities\VideoOS.Utilities.UnitTests\bin\Debug\net472\VideoOS.Utilities.UnitTests.dll" adapterTypeName="executor://mstestadapter/v2" className="VideoOS.Utilities.UnitTests.Cryptography.Encryption" name="ImportAndExportConfigurationWithAndWithoutCompression" />
    </UnitTest>
    <UnitTest name="EncryptionFactory_Throws_OnCreateAsymmetricWithKeysEmptyPaddingAndBlobNotNull" storage="d:\actions-runner\_work\xpco\xpco\common\videoos.utilities\videoos.utilities.unittests\bin\debug\net472\videoos.utilities.unittests.dll" id="c2370614-d604-7777-0b7d-92bf5f34040d">
      <Execution id="c2409a9c-5a9b-4977-a073-dd15eba1b3a0" />
      <TestMethod codeBase="D:\actions-runner\_work\XPCO\XPCO\Common\VideoOS.Utilities\VideoOS.Utilities.UnitTests\bin\Debug\net472\VideoOS.Utilities.UnitTests.dll" adapterTypeName="executor://mstestadapter/v2" className="VideoOS.Utilities.UnitTests.Cryptography.RsaCngAsymmetricEncryptionTests" name="EncryptionFactory_Throws_OnCreateAsymmetricWithKeysEmptyPaddingAndBlobNotNull" />
    </UnitTest>
    <UnitTest name="CompositeErrorLevel" storage="d:\actions-runner\_work\xpco\xpco\common\videoos.utilities\videoos.utilities.unittests\bin\debug\net472\videoos.utilities.unittests.dll" id="443b9dec-e28d-0ac7-a793-7092f4a9976c">
      <Execution id="9e636560-5e94-4c4e-843e-0628fe4ee33f" />
      <TestMethod codeBase="D:\actions-runner\_work\XPCO\XPCO\Common\VideoOS.Utilities\VideoOS.Utilities.UnitTests\bin\Debug\net472\VideoOS.Utilities.UnitTests.dll" adapterTypeName="executor://mstestadapter/v2" className="VideoOS.Utilities.UnitTests.Diagnostics.Levels" name="CompositeErrorLevel" />
    </UnitTest>
    <UnitTest name="RemoveInvalidXMLChars_Email_SameResult" storage="d:\actions-runner\_work\xpco\xpco\common\videoos.utilities\videoos.utilities.unittests\bin\debug\net472\videoos.utilities.unittests.dll" id="8aad7972-6339-8666-6698-b41f02042ac3">
      <Execution id="9639bac7-b690-446b-8b7b-295d7bd641e5" />
      <TestMethod codeBase="D:\actions-runner\_work\XPCO\XPCO\Common\VideoOS.Utilities\VideoOS.Utilities.UnitTests\bin\Debug\net472\VideoOS.Utilities.UnitTests.dll" adapterTypeName="executor://mstestadapter/v2" className="VideoOS.Utilities.UnitTests.Formatting.CharacterTests" name="RemoveInvalidXMLChars_Email_SameResult" />
    </UnitTest>
    <UnitTest name="ShowHelp_OfflineWorkflow__DisplayHtmlHelp_InvokeWithUNCPath" storage="d:\actions-runner\_work\xpco\xpco\common\videoos.utilities\videoos.utilities.unittests\bin\debug\net472\videoos.utilities.unittests.dll" id="307fe22a-fac9-b87a-1216-aca73ee96639">
      <TestCategory>
        <TestCategoryItem TestCategory="Help" />
      </TestCategory>
      <Execution id="0ec60289-d862-42e0-9448-cf591aea4c25" />
      <TestMethod codeBase="D:\actions-runner\_work\XPCO\XPCO\Common\VideoOS.Utilities\VideoOS.Utilities.UnitTests\bin\Debug\net472\VideoOS.Utilities.UnitTests.dll" adapterTypeName="executor://mstestadapter/v2" className="VideoOS.Utilities.UnitTests.Help.HelpManagerTests" name="ShowHelp_OfflineWorkflow__DisplayHtmlHelp_InvokeWithUNCPath" />
    </UnitTest>
    <UnitTest name="ConstructDatabaseConnectionInfo_CloneWithChangedDatabaseName_Success" storage="d:\actions-runner\_work\xpco\xpco\common\videoos.utilities\videoos.utilities.unittests\bin\debug\net472\videoos.utilities.unittests.dll" id="9b8986c2-1031-9198-5469-7e71a9906561">
      <Execution id="b878865a-1d0c-4198-8fe6-2fad38b04114" />
      <TestMethod codeBase="D:\actions-runner\_work\XPCO\XPCO\Common\VideoOS.Utilities\VideoOS.Utilities.UnitTests\bin\Debug\net472\VideoOS.Utilities.UnitTests.dll" adapterTypeName="executor://mstestadapter/v2" className="VideoOS.Utilities.UnitTests.Database.DatabaseConnectionInfoTests" name="ConstructDatabaseConnectionInfo_CloneWithChangedDatabaseName_Success" />
    </UnitTest>
    <UnitTest name="Parse_StrongWildcard_Https_WithRelativePathTest_NoTrailingSlash" storage="d:\actions-runner\_work\xpco\xpco\common\videoos.utilities\videoos.utilities.unittests\bin\debug\net472\videoos.utilities.unittests.dll" id="884ecb2f-ce03-ec43-c561-69cc10afb055">
      <Execution id="03eb0f7a-e931-4c5f-953b-32ebced266bd" />
      <TestMethod codeBase="D:\actions-runner\_work\XPCO\XPCO\Common\VideoOS.Utilities\VideoOS.Utilities.UnitTests\bin\Debug\net472\VideoOS.Utilities.UnitTests.dll" adapterTypeName="executor://mstestadapter/v2" className="VideoOS.Utilities.UnitTests.Windows.UrlPrefixTest" name="Parse_StrongWildcard_Https_WithRelativePathTest_NoTrailingSlash" />
    </UnitTest>
    <UnitTest name="Construction_InvalidNullKey_ThrowsArgumentNullException" storage="d:\actions-runner\_work\xpco\xpco\common\videoos.utilities\videoos.utilities.unittests\bin\debug\net472\videoos.utilities.unittests.dll" id="9fccf9d0-1398-60df-8898-e3a9adf19d4b">
      <Execution id="3f77cafd-3e33-4e12-9dc7-9f9e804d8527" />
      <TestMethod codeBase="D:\actions-runner\_work\XPCO\XPCO\Common\VideoOS.Utilities\VideoOS.Utilities.UnitTests\bin\Debug\net472\VideoOS.Utilities.UnitTests.dll" adapterTypeName="executor://mstestadapter/v2" className="VideoOS.Utilities.UnitTests.Cryptography.RsaCngAsymmetricEncryptionTests" name="Construction_InvalidNullKey_ThrowsArgumentNullException" />
    </UnitTest>
    <UnitTest name="IsUpdateNeeded_CalculateAllValues_WhenDifferentEncountered" storage="d:\actions-runner\_work\xpco\xpco\common\videoos.utilities\videoos.utilities.unittests\bin\debug\net472\videoos.utilities.unittests.dll" id="30098cab-a01e-874e-bcf6-ecc840c812f2">
      <TestCategory>
        <TestCategoryItem TestCategory="UI.Facilitators" />
      </TestCategory>
      <Execution id="571e6777-43d7-45c3-9397-d7b13903f72f" />
      <TestMethod codeBase="D:\actions-runner\_work\XPCO\XPCO\Common\VideoOS.Utilities\VideoOS.Utilities.UnitTests\bin\Debug\net472\VideoOS.Utilities.UnitTests.dll" adapterTypeName="executor://mstestadapter/v2" className="VideoOS.Utilities.UnitTests.Workflow.CompareItemsUpdateStrategyTests" name="IsUpdateNeeded_CalculateAllValues_WhenDifferentEncountered" />
    </UnitTest>
    <UnitTest name="EncryptStringDataTestWrongPasswordDES" storage="d:\actions-runner\_work\xpco\xpco\common\videoos.utilities\videoos.utilities.unittests\bin\debug\net472\videoos.utilities.unittests.dll" id="116fd96b-dde0-1b91-6cf9-e6ca8d269e2b">
      <Execution id="1bbec27c-9810-467e-86be-e5baf981f91e" />
      <TestMethod codeBase="D:\actions-runner\_work\XPCO\XPCO\Common\VideoOS.Utilities\VideoOS.Utilities.UnitTests\bin\Debug\net472\VideoOS.Utilities.UnitTests.dll" adapterTypeName="executor://mstestadapter/v2" className="VideoOS.Utilities.UnitTests.Cryptography.Encryption" name="EncryptStringDataTestWrongPasswordDES" />
    </UnitTest>
    <UnitTest name="EnforceUrlReservation_Parameter_NullPrefixTest" storage="d:\actions-runner\_work\xpco\xpco\common\videoos.utilities\videoos.utilities.unittests\bin\debug\net472\videoos.utilities.unittests.dll" id="3b0ed5c5-28f4-8748-a0ec-63e3ab74f342">
      <Execution id="795556cc-ce98-448b-b77f-58f93f26f6a5" />
      <TestMethod codeBase="D:\actions-runner\_work\XPCO\XPCO\Common\VideoOS.Utilities\VideoOS.Utilities.UnitTests\bin\Debug\net472\VideoOS.Utilities.UnitTests.dll" adapterTypeName="executor://mstestadapter/v2" className="VideoOS.Utilities.UnitTests.Windows.Http.HttpSysConfigTest" name="EnforceUrlReservation_Parameter_NullPrefixTest" />
    </UnitTest>
    <UnitTest name="CreateExplicit_WeakWildcardHost" storage="d:\actions-runner\_work\xpco\xpco\common\videoos.utilities\videoos.utilities.unittests\bin\debug\net472\videoos.utilities.unittests.dll" id="70dcc9dc-c083-81ab-1519-b9d7bec34896">
      <Execution id="270ce11e-6966-4980-b116-b454f567bef0" />
      <TestMethod codeBase="D:\actions-runner\_work\XPCO\XPCO\Common\VideoOS.Utilities\VideoOS.Utilities.UnitTests\bin\Debug\net472\VideoOS.Utilities.UnitTests.dll" adapterTypeName="executor://mstestadapter/v2" className="VideoOS.Utilities.UnitTests.Windows.UrlPrefixTest" name="CreateExplicit_WeakWildcardHost" />
    </UnitTest>
    <UnitTest name="Constructor_ShouldThrowArgumentNullException_WhenFileNameIsNull" storage="d:\actions-runner\_work\xpco\xpco\common\videoos.utilities\videoos.utilities.unittests\bin\debug\net472\videoos.utilities.unittests.dll" id="696179b0-5c72-c617-1221-943954880eda">
      <Execution id="c225a20b-3e37-451f-9931-38afac1eae99" />
      <TestMethod codeBase="D:\actions-runner\_work\XPCO\XPCO\Common\VideoOS.Utilities\VideoOS.Utilities.UnitTests\bin\Debug\net472\VideoOS.Utilities.UnitTests.dll" adapterTypeName="executor://mstestadapter/v2" className="VideoOS.Utilities.UnitTests.KeyManagement.FilePasswordProviderTests" name="Constructor_ShouldThrowArgumentNullException_WhenFileNameIsNull" />
    </UnitTest>
    <UnitTest name="PasswordTooShort" storage="d:\actions-runner\_work\xpco\xpco\common\videoos.utilities\videoos.utilities.unittests\bin\debug\net472\videoos.utilities.unittests.dll" id="d0430f0e-538a-eefc-4b97-23107c00db2e">
      <Execution id="2f90835c-93fc-41fc-a21b-825f37c875ab" />
      <TestMethod codeBase="D:\actions-runner\_work\XPCO\XPCO\Common\VideoOS.Utilities\VideoOS.Utilities.UnitTests\bin\Debug\net472\VideoOS.Utilities.UnitTests.dll" adapterTypeName="executor://mstestadapter/v2" className="VideoOS.Common.EnvironmentServices.UnitTests.Security.PasswordTests" name="PasswordTooShort" />
    </UnitTest>
    <UnitTest name="Construct_ValidInstance_DefaultConstructor_Success" storage="d:\actions-runner\_work\xpco\xpco\common\videoos.utilities\videoos.utilities.unittests\bin\debug\net472\videoos.utilities.unittests.dll" id="577a9233-f48b-3c20-0c8c-6cd838d96866">
      <TestCategory>
        <TestCategoryItem TestCategory="VideoOS Utilities Timers" />
      </TestCategory>
      <Execution id="956546a9-cb4f-4b6d-a17d-1108600d702f" />
      <TestMethod codeBase="D:\actions-runner\_work\XPCO\XPCO\Common\VideoOS.Utilities\VideoOS.Utilities.UnitTests\bin\Debug\net472\VideoOS.Utilities.UnitTests.dll" adapterTypeName="executor://mstestadapter/v2" className="VideoOS.Utilities.UnitTests.Threading.BaseTimeDelayedThreadTests" name="Construct_ValidInstance_DefaultConstructor_Success" />
    </UnitTest>
    <UnitTest name="GetSqlConnection_ValidMinimumConnectionString_success" storage="d:\actions-runner\_work\xpco\xpco\common\videoos.utilities\videoos.utilities.unittests\bin\debug\net472\videoos.utilities.unittests.dll" id="03525120-a612-e254-3483-349d47207dd5">
      <TestCategory>
        <TestCategoryItem TestCategory="Database" />
      </TestCategory>
      <Execution id="0d04d35e-dbaa-4092-8779-125f07acf0eb" />
      <TestMethod codeBase="D:\actions-runner\_work\XPCO\XPCO\Common\VideoOS.Utilities\VideoOS.Utilities.UnitTests\bin\Debug\net472\VideoOS.Utilities.UnitTests.dll" adapterTypeName="executor://mstestadapter/v2" className="VideoOS.Utilities.UnitTests.Database.SqlConnectionManagerTests" name="GetSqlConnection_ValidMinimumConnectionString_success" />
    </UnitTest>
    <UnitTest name="CommandTimeout_IncreaseDefaultTimeout_Success" storage="d:\actions-runner\_work\xpco\xpco\common\videoos.utilities\videoos.utilities.unittests\bin\debug\net472\videoos.utilities.unittests.dll" id="c8b65bc1-31fc-e839-1b8f-c9084a99b790">
      <TestCategory>
        <TestCategoryItem TestCategory="DatabaseCommand" />
      </TestCategory>
      <Execution id="0f3c3cc6-d07b-4e53-b767-81c222241166" />
      <TestMethod codeBase="D:\actions-runner\_work\XPCO\XPCO\Common\VideoOS.Utilities\VideoOS.Utilities.UnitTests\bin\Debug\net472\VideoOS.Utilities.UnitTests.dll" adapterTypeName="executor://mstestadapter/v2" className="VideoOS.Utilities.UnitTests.Database.DatabaseCommandTest" name="CommandTimeout_IncreaseDefaultTimeout_Success" />
    </UnitTest>
    <UnitTest name="DecryptAfterEncrypt_ReturnsSameString_OnInstanceMadeFromStoredKeys" storage="d:\actions-runner\_work\xpco\xpco\common\videoos.utilities\videoos.utilities.unittests\bin\debug\net472\videoos.utilities.unittests.dll" id="9fd0b18c-3df9-4c15-ef66-ffe47725f43b">
      <Execution id="a9f16253-113d-4afa-9a23-7492d396104e" />
      <TestMethod codeBase="D:\actions-runner\_work\XPCO\XPCO\Common\VideoOS.Utilities\VideoOS.Utilities.UnitTests\bin\Debug\net472\VideoOS.Utilities.UnitTests.dll" adapterTypeName="executor://mstestadapter/v2" className="VideoOS.Utilities.UnitTests.Cryptography.RsaCngAsymmetricEncryptionTests" name="DecryptAfterEncrypt_ReturnsSameString_OnInstanceMadeFromStoredKeys" />
    </UnitTest>
    <UnitTest name="EventServerSqlConnectionStorage_RetrieveConnectionString_Returns_Null_Success" storage="d:\actions-runner\_work\xpco\xpco\common\videoos.utilities\videoos.utilities.unittests\bin\debug\net472\videoos.utilities.unittests.dll" id="fda3a10d-ad1f-2ed2-cd85-9dbb0bec604d">
      <TestCategory>
        <TestCategoryItem TestCategory="Database" />
      </TestCategory>
      <Execution id="a5012284-adff-4cb9-923d-088f106fe8c0" />
      <TestMethod codeBase="D:\actions-runner\_work\XPCO\XPCO\Common\VideoOS.Utilities\VideoOS.Utilities.UnitTests\bin\Debug\net472\VideoOS.Utilities.UnitTests.dll" adapterTypeName="executor://mstestadapter/v2" className="VideoOS.Utilities.UnitTests.Database.EventServerSqlConnectionStorageTests" name="EventServerSqlConnectionStorage_RetrieveConnectionString_Returns_Null_Success" />
    </UnitTest>
    <UnitTest name="Dequeues_ThrowsCancellationException_When_Cancelled" storage="d:\actions-runner\_work\xpco\xpco\common\videoos.utilities\videoos.utilities.unittests\bin\debug\net472\videoos.utilities.unittests.dll" id="18d615e6-1fa1-eef4-9b1c-cbc8d21e6b51">
      <Execution id="4444b4ae-6287-4151-b4c9-99ec70b2d256" />
      <TestMethod codeBase="D:\actions-runner\_work\XPCO\XPCO\Common\VideoOS.Utilities\VideoOS.Utilities.UnitTests\bin\Debug\net472\VideoOS.Utilities.UnitTests.dll" adapterTypeName="executor://mstestadapter/v2" className="VideoOS.Utilities.UnitTests.Collections.LongPollingMessageQueueTest" name="Dequeues_ThrowsCancellationException_When_Cancelled" />
    </UnitTest>
    <UnitTest name="DeadlockedOperationsAreRetried" storage="d:\actions-runner\_work\xpco\xpco\common\videoos.utilities\videoos.utilities.unittests\bin\debug\net472\videoos.utilities.unittests.dll" id="342537f6-8a0d-6ff0-8e49-021dfa1dd8a5">
      <TestCategory>
        <TestCategoryItem TestCategory="DatabaseConnection" />
      </TestCategory>
      <Execution id="37b96075-6146-4260-a7db-0a3b2e962c2a" />
      <TestMethod codeBase="D:\actions-runner\_work\XPCO\XPCO\Common\VideoOS.Utilities\VideoOS.Utilities.UnitTests\bin\Debug\net472\VideoOS.Utilities.UnitTests.dll" adapterTypeName="executor://mstestadapter/v2" className="VideoOS.Utilities.UnitTests.Database.DatabaseConnectionTests" name="DeadlockedOperationsAreRetried" />
    </UnitTest>
    <UnitTest name="Constructor_String_Object_Success" storage="d:\actions-runner\_work\xpco\xpco\common\videoos.utilities\videoos.utilities.unittests\bin\debug\net472\videoos.utilities.unittests.dll" id="8bf7f106-e8d8-dc46-4a35-c6b998ed2b47">
      <TestCategory>
        <TestCategoryItem TestCategory="DatabaseParameter" />
      </TestCategory>
      <Execution id="143674fa-4506-45e3-9551-5735dcac1c08" />
      <TestMethod codeBase="D:\actions-runner\_work\XPCO\XPCO\Common\VideoOS.Utilities\VideoOS.Utilities.UnitTests\bin\Debug\net472\VideoOS.Utilities.UnitTests.dll" adapterTypeName="executor://mstestadapter/v2" className="VideoOS.Utilities.UnitTests.Database.DatabaseParameterTests" name="Constructor_String_Object_Success" />
    </UnitTest>
    <UnitTest name="EnforceUrlReservation_Parameter_NullAceTest" storage="d:\actions-runner\_work\xpco\xpco\common\videoos.utilities\videoos.utilities.unittests\bin\debug\net472\videoos.utilities.unittests.dll" id="342188ed-743e-2359-1157-dbb857f7fc35">
      <Execution id="8713d8a9-6fca-44e4-86d5-4d0b3392df71" />
      <TestMethod codeBase="D:\actions-runner\_work\XPCO\XPCO\Common\VideoOS.Utilities\VideoOS.Utilities.UnitTests\bin\Debug\net472\VideoOS.Utilities.UnitTests.dll" adapterTypeName="executor://mstestadapter/v2" className="VideoOS.Utilities.UnitTests.Windows.Http.HttpSysConfigTest" name="EnforceUrlReservation_Parameter_NullAceTest" />
    </UnitTest>
    <UnitTest name="EncodeDecode_WhenDataOk_Success" storage="d:\actions-runner\_work\xpco\xpco\common\videoos.utilities\videoos.utilities.unittests\bin\debug\net472\videoos.utilities.unittests.dll" id="efa72cc0-4833-b054-d7dc-249cb49adeeb">
      <Execution id="a4044209-7844-4751-acab-58f10c311a50" />
      <TestMethod codeBase="D:\actions-runner\_work\XPCO\XPCO\Common\VideoOS.Utilities\VideoOS.Utilities.UnitTests\bin\Debug\net472\VideoOS.Utilities.UnitTests.dll" adapterTypeName="executor://mstestadapter/v2" className="VideoOS.Utilities.UnitTests.Formatting.Base64EncoderTest" name="EncodeDecode_WhenDataOk_Success" />
    </UnitTest>
    <UnitTest name="NullCheckThrowsWhenObjectIsNull" storage="d:\actions-runner\_work\xpco\xpco\common\videoos.utilities\videoos.utilities.unittests\bin\debug\net472\videoos.utilities.unittests.dll" id="e16b4985-2710-073b-d4ec-46bcb416a89f">
      <Execution id="18512422-af24-430b-9653-e8850b86c7da" />
      <TestMethod codeBase="D:\actions-runner\_work\XPCO\XPCO\Common\VideoOS.Utilities\VideoOS.Utilities.UnitTests\bin\Debug\net472\VideoOS.Utilities.UnitTests.dll" adapterTypeName="executor://mstestadapter/v2" className="VideoOS.Utilities.UnitTests.Validation.ValidationTests" name="NullCheckThrowsWhenObjectIsNull" />
    </UnitTest>
    <UnitTest name="Arguments_ValidArguments_Success" storage="d:\actions-runner\_work\xpco\xpco\common\videoos.utilities\videoos.utilities.unittests\bin\debug\net472\videoos.utilities.unittests.dll" id="e68e32b3-c415-6e9e-ccdd-8a130a00ba3d">
      <Execution id="43a7bb43-7336-4597-b106-582c57537a21" />
      <TestMethod codeBase="D:\actions-runner\_work\XPCO\XPCO\Common\VideoOS.Utilities\VideoOS.Utilities.UnitTests\bin\Debug\net472\VideoOS.Utilities.UnitTests.dll" adapterTypeName="executor://mstestadapter/v2" className="VideoOS.Utilities.UnitTests.CommandLine.ArgumentsUnitTests" name="Arguments_ValidArguments_Success" />
    </UnitTest>
    <UnitTest name="GetSchemasTest" storage="d:\actions-runner\_work\xpco\xpco\common\videoos.utilities\videoos.utilities.unittests\bin\debug\net472\videoos.utilities.unittests.dll" id="a84d4932-de7d-529d-e19c-907684e520e8">
      <TestCategory>
        <TestCategoryItem TestCategory="DatabaseConnection" />
      </TestCategory>
      <Execution id="70cef923-e3ab-4598-953e-3af5c08e9ef1" />
      <TestMethod codeBase="D:\actions-runner\_work\XPCO\XPCO\Common\VideoOS.Utilities\VideoOS.Utilities.UnitTests\bin\Debug\net472\VideoOS.Utilities.UnitTests.dll" adapterTypeName="executor://mstestadapter/v2" className="VideoOS.Utilities.UnitTests.Database.DatabaseConnectionTests" name="GetSchemasTest" />
    </UnitTest>
    <UnitTest name="Write_AndRead_PasswordShouldWork" storage="d:\actions-runner\_work\xpco\xpco\common\videoos.utilities\videoos.utilities.unittests\bin\debug\net472\videoos.utilities.unittests.dll" id="54fc10f9-d528-1974-2f53-3a621ca67cb3">
      <Execution id="c924b825-05b9-4f24-ab37-96a15581892c" />
      <TestMethod codeBase="D:\actions-runner\_work\XPCO\XPCO\Common\VideoOS.Utilities\VideoOS.Utilities.UnitTests\bin\Debug\net472\VideoOS.Utilities.UnitTests.dll" adapterTypeName="executor://mstestadapter/v2" className="VideoOS.Utilities.UnitTests.KeyManagement.FilePasswordProviderTests" name="Write_AndRead_PasswordShouldWork" />
    </UnitTest>
    <UnitTest name="FormatByteSizeStringExactTest3" storage="d:\actions-runner\_work\xpco\xpco\common\videoos.utilities\videoos.utilities.unittests\bin\debug\net472\videoos.utilities.unittests.dll" id="df564ab0-dfdc-d966-9933-aab49384cecf">
      <Execution id="427a3a87-756a-43f0-bae8-9955e825c859" />
      <TestMethod codeBase="D:\actions-runner\_work\XPCO\XPCO\Common\VideoOS.Utilities\VideoOS.Utilities.UnitTests\bin\Debug\net472\VideoOS.Utilities.UnitTests.dll" adapterTypeName="executor://mstestadapter/v2" className="VideoOS.Utilities.UnitTests.StringFormattingTest" name="FormatByteSizeStringExactTest3" />
    </UnitTest>
    <UnitTest name="ShowHelp_OfflineWorkflowWithLocale_HelpFileMissing__DisplayHtmlHelp_Exception" storage="d:\actions-runner\_work\xpco\xpco\common\videoos.utilities\videoos.utilities.unittests\bin\debug\net472\videoos.utilities.unittests.dll" id="de573e68-dc1a-4918-71c1-6d19c481580b">
      <TestCategory>
        <TestCategoryItem TestCategory="Help" />
      </TestCategory>
      <Execution id="d2dcaba2-aa50-44d2-a5e7-0b96af6e9b3d" />
      <TestMethod codeBase="D:\actions-runner\_work\XPCO\XPCO\Common\VideoOS.Utilities\VideoOS.Utilities.UnitTests\bin\Debug\net472\VideoOS.Utilities.UnitTests.dll" adapterTypeName="executor://mstestadapter/v2" className="VideoOS.Utilities.UnitTests.Help.HelpManagerTests" name="ShowHelp_OfflineWorkflowWithLocale_HelpFileMissing__DisplayHtmlHelp_Exception" />
    </UnitTest>
    <UnitTest name="ShowHelp_OnlineWorkflow__DisplayHtmlHelp_InvokedWithValidUrl" storage="d:\actions-runner\_work\xpco\xpco\common\videoos.utilities\videoos.utilities.unittests\bin\debug\net472\videoos.utilities.unittests.dll" id="2e72d041-95ef-42d2-a9b4-4e0a8647c8b5">
      <TestCategory>
        <TestCategoryItem TestCategory="Help" />
      </TestCategory>
      <Execution id="99bedb66-9661-4cc3-8ee4-8c22a634d491" />
      <TestMethod codeBase="D:\actions-runner\_work\XPCO\XPCO\Common\VideoOS.Utilities\VideoOS.Utilities.UnitTests\bin\Debug\net472\VideoOS.Utilities.UnitTests.dll" adapterTypeName="executor://mstestadapter/v2" className="VideoOS.Utilities.UnitTests.Help.HelpManagerTests" name="ShowHelp_OnlineWorkflow__DisplayHtmlHelp_InvokedWithValidUrl" />
    </UnitTest>
    <UnitTest name="Construct_RetrievesInvalidConfigurationFromReader_InvalidFormat_Throws_InvalidConnectionStringException" storage="d:\actions-runner\_work\xpco\xpco\common\videoos.utilities\videoos.utilities.unittests\bin\debug\net472\videoos.utilities.unittests.dll" id="370b9bf2-7ddb-6ea3-d185-d814bfc92e58">
      <TestCategory>
        <TestCategoryItem TestCategory="Database" />
      </TestCategory>
      <Execution id="2fcb520b-44aa-4304-bca6-50751a56d247" />
      <TestMethod codeBase="D:\actions-runner\_work\XPCO\XPCO\Common\VideoOS.Utilities\VideoOS.Utilities.UnitTests\bin\Debug\net472\VideoOS.Utilities.UnitTests.dll" adapterTypeName="executor://mstestadapter/v2" className="VideoOS.Utilities.UnitTests.Database.SqlConnectionManagerTests" name="Construct_RetrievesInvalidConfigurationFromReader_InvalidFormat_Throws_InvalidConnectionStringException" />
    </UnitTest>
    <UnitTest name="CreateExplicit_EmptyHost" storage="d:\actions-runner\_work\xpco\xpco\common\videoos.utilities\videoos.utilities.unittests\bin\debug\net472\videoos.utilities.unittests.dll" id="5e16b1f2-ff89-9c37-5d87-e7aeeaf637e0">
      <Execution id="314c434e-58fb-4b33-a91c-7f4b1b45219c" />
      <TestMethod codeBase="D:\actions-runner\_work\XPCO\XPCO\Common\VideoOS.Utilities\VideoOS.Utilities.UnitTests\bin\Debug\net472\VideoOS.Utilities.UnitTests.dll" adapterTypeName="executor://mstestadapter/v2" className="VideoOS.Utilities.UnitTests.Windows.UrlPrefixTest" name="CreateExplicit_EmptyHost" />
    </UnitTest>
    <UnitTest name="HashingUtilities_CreateHashString_ArgumentException_NotHex" storage="d:\actions-runner\_work\xpco\xpco\common\videoos.utilities\videoos.utilities.unittests\bin\debug\net472\videoos.utilities.unittests.dll" id="136e6029-6bf2-f97b-ac3f-ba8be5f1b505">
      <Execution id="71d2fd4c-07aa-44ff-a8b0-3c2cf908b952" />
      <TestMethod codeBase="D:\actions-runner\_work\XPCO\XPCO\Common\VideoOS.Utilities\VideoOS.Utilities.UnitTests\bin\Debug\net472\VideoOS.Utilities.UnitTests.dll" adapterTypeName="executor://mstestadapter/v2" className="VideoOS.Utilities.UnitTests.Network.HashingUtilitiesTests" name="HashingUtilities_CreateHashString_ArgumentException_NotHex" />
    </UnitTest>
    <UnitTest name="ExecuteScalarWithImplicitlytCreatedParameter" storage="d:\actions-runner\_work\xpco\xpco\common\videoos.utilities\videoos.utilities.unittests\bin\debug\net472\videoos.utilities.unittests.dll" id="da18fb30-4655-393f-9988-394ec1e6c1bb">
      <TestCategory>
        <TestCategoryItem TestCategory="DatabaseCommand" />
      </TestCategory>
      <Execution id="04048bf1-9cdf-42c4-a897-33e2cc82f8cb" />
      <TestMethod codeBase="D:\actions-runner\_work\XPCO\XPCO\Common\VideoOS.Utilities\VideoOS.Utilities.UnitTests\bin\Debug\net472\VideoOS.Utilities.UnitTests.dll" adapterTypeName="executor://mstestadapter/v2" className="VideoOS.Utilities.UnitTests.Database.DatabaseCommandTest" name="ExecuteScalarWithImplicitlytCreatedParameter" />
    </UnitTest>
    <UnitTest name="UsingMultipleReadersSameConnection" storage="d:\actions-runner\_work\xpco\xpco\common\videoos.utilities\videoos.utilities.unittests\bin\debug\net472\videoos.utilities.unittests.dll" id="1f5e1d3e-236e-bc5a-967a-dd18746e51f8">
      <TestCategory>
        <TestCategoryItem TestCategory="DatabaseCommand" />
      </TestCategory>
      <Execution id="a6fb6f24-1bca-448d-a5ac-c35fcd9be9b7" />
      <TestMethod codeBase="D:\actions-runner\_work\XPCO\XPCO\Common\VideoOS.Utilities\VideoOS.Utilities.UnitTests\bin\Debug\net472\VideoOS.Utilities.UnitTests.dll" adapterTypeName="executor://mstestadapter/v2" className="VideoOS.Utilities.UnitTests.Database.DatabaseCommandTest" name="UsingMultipleReadersSameConnection" />
    </UnitTest>
    <UnitTest name="ReadSslConfigurations_SunnyDayTest" storage="d:\actions-runner\_work\xpco\xpco\common\videoos.utilities\videoos.utilities.unittests\bin\debug\net472\videoos.utilities.unittests.dll" id="5b723daf-af09-91a0-345a-c135ce16530e">
      <Execution id="4ad72761-31d9-468b-a969-3e5c6f06aa27" />
      <TestMethod codeBase="D:\actions-runner\_work\XPCO\XPCO\Common\VideoOS.Utilities\VideoOS.Utilities.UnitTests\bin\Debug\net472\VideoOS.Utilities.UnitTests.dll" adapterTypeName="executor://mstestadapter/v2" className="VideoOS.Utilities.UnitTests.Windows.Http.HttpSysConfigTest" name="ReadSslConfigurations_SunnyDayTest" />
    </UnitTest>
    <UnitTest name="Constructor_ShouldThrowArgumentNullException_WhenEncryptionProviderIsNull" storage="d:\actions-runner\_work\xpco\xpco\common\videoos.utilities\videoos.utilities.unittests\bin\debug\net472\videoos.utilities.unittests.dll" id="b4e125d7-2bd3-2983-df73-e28b2a661990">
      <Execution id="95c8cbfe-eed4-458c-886f-29e976ddceda" />
      <TestMethod codeBase="D:\actions-runner\_work\XPCO\XPCO\Common\VideoOS.Utilities\VideoOS.Utilities.UnitTests\bin\Debug\net472\VideoOS.Utilities.UnitTests.dll" adapterTypeName="executor://mstestadapter/v2" className="VideoOS.Utilities.UnitTests.KeyManagement.KeyManagerTests" name="Constructor_ShouldThrowArgumentNullException_WhenEncryptionProviderIsNull" />
    </UnitTest>
    <UnitTest name="DisposeConnectionWithActiveTrancount_Fail" storage="d:\actions-runner\_work\xpco\xpco\common\videoos.utilities\videoos.utilities.unittests\bin\debug\net472\videoos.utilities.unittests.dll" id="ba173d83-84db-ecc2-8652-f1b2ec86e1cd">
      <TestCategory>
        <TestCategoryItem TestCategory="DatabaseConnection" />
      </TestCategory>
      <Execution id="3650552e-2871-446b-958f-f515e7477e7d" />
      <TestMethod codeBase="D:\actions-runner\_work\XPCO\XPCO\Common\VideoOS.Utilities\VideoOS.Utilities.UnitTests\bin\Debug\net472\VideoOS.Utilities.UnitTests.dll" adapterTypeName="executor://mstestadapter/v2" className="VideoOS.Utilities.UnitTests.Database.DatabaseConnectionTests" name="DisposeConnectionWithActiveTrancount_Fail" />
    </UnitTest>
    <UnitTest name="FormatTimeSpanStringTest1" storage="d:\actions-runner\_work\xpco\xpco\common\videoos.utilities\videoos.utilities.unittests\bin\debug\net472\videoos.utilities.unittests.dll" id="84d3882a-5020-37f2-ee66-e79b1bc2b5cd">
      <Execution id="383d92da-d7c4-4d62-8cc3-9f372103011b" />
      <TestMethod codeBase="D:\actions-runner\_work\XPCO\XPCO\Common\VideoOS.Utilities\VideoOS.Utilities.UnitTests\bin\Debug\net472\VideoOS.Utilities.UnitTests.dll" adapterTypeName="executor://mstestadapter/v2" className="VideoOS.Utilities.UnitTests.StringFormattingTest" name="FormatTimeSpanStringTest1" />
    </UnitTest>
    <UnitTest name="BulkProcessor_EnqueueOneItemMultipleTimes_ItemsAreProcessedOneByOne" storage="d:\actions-runner\_work\xpco\xpco\common\videoos.utilities\videoos.utilities.unittests\bin\debug\net472\videoos.utilities.unittests.dll" id="938736be-da6f-5be3-9607-246b14c03969">
      <Execution id="abd243d5-a811-4ecd-98df-17375b5db4f1" />
      <TestMethod codeBase="D:\actions-runner\_work\XPCO\XPCO\Common\VideoOS.Utilities\VideoOS.Utilities.UnitTests\bin\Debug\net472\VideoOS.Utilities.UnitTests.dll" adapterTypeName="executor://mstestadapter/v2" className="VideoOS.Utilities.BulkProcessing.UnitTests.BulkProcessorUnitTest" name="BulkProcessor_EnqueueOneItemMultipleTimes_ItemsAreProcessedOneByOne" />
    </UnitTest>
    <UnitTest name="HSL_EmptyString_ThrowsArgumentNullException" storage="d:\actions-runner\_work\xpco\xpco\common\videoos.utilities\videoos.utilities.unittests\bin\debug\net472\videoos.utilities.unittests.dll" id="7baf5ad7-fd83-d136-4005-0a09919139e7">
      <Execution id="22c7c1fe-4b0b-48f6-9497-65f287ee515d" />
      <TestMethod codeBase="D:\actions-runner\_work\XPCO\XPCO\Common\VideoOS.Utilities\VideoOS.Utilities.UnitTests\bin\Debug\net472\VideoOS.Utilities.UnitTests.dll" adapterTypeName="executor://mstestadapter/v2" className="VideoOS.Utilities.UnitTests.Colors.ColorConverterTests" name="HSL_EmptyString_ThrowsArgumentNullException" />
    </UnitTest>
    <UnitTest name="Constructor_MultipleItems_ReadPermission" storage="d:\actions-runner\_work\xpco\xpco\common\videoos.utilities\videoos.utilities.unittests\bin\debug\net472\videoos.utilities.unittests.dll" id="43e187ac-6acd-8fb4-1f53-95709d764ad1">
      <Execution id="91ff7633-437d-4ba7-be03-51fa4d322fd8" />
      <TestMethod codeBase="D:\actions-runner\_work\XPCO\XPCO\Common\VideoOS.Utilities\VideoOS.Utilities.UnitTests\bin\Debug\net472\VideoOS.Utilities.UnitTests.dll" adapterTypeName="executor://mstestadapter/v2" className="VideoOS.Utilities.UnitTests.Windows.Http.UrlReservationInfoCollectionWrapperTest" name="Constructor_MultipleItems_ReadPermission" />
    </UnitTest>
    <UnitTest name="ExecuteReaderRetrieveDataUsingIndexer" storage="d:\actions-runner\_work\xpco\xpco\common\videoos.utilities\videoos.utilities.unittests\bin\debug\net472\videoos.utilities.unittests.dll" id="503ec25e-f94c-6a24-4b63-4dc824bcd484">
      <TestCategory>
        <TestCategoryItem TestCategory="DatabaseCommand" />
      </TestCategory>
      <Execution id="d5afe696-0329-4dda-8670-e03e8f3bca52" />
      <TestMethod codeBase="D:\actions-runner\_work\XPCO\XPCO\Common\VideoOS.Utilities\VideoOS.Utilities.UnitTests\bin\Debug\net472\VideoOS.Utilities.UnitTests.dll" adapterTypeName="executor://mstestadapter/v2" className="VideoOS.Utilities.UnitTests.Database.DatabaseCommandTest" name="ExecuteReaderRetrieveDataUsingIndexer" />
    </UnitTest>
    <UnitTest name="IsValidBase64String_DataDrivenTest (===,False)" storage="d:\actions-runner\_work\xpco\xpco\common\videoos.utilities\videoos.utilities.unittests\bin\debug\net472\videoos.utilities.unittests.dll" id="a05684be-5eeb-8561-d3e0-700b715c206b">
      <Execution id="69f5fe89-5576-4106-b8cf-8a1315bea00c" />
      <TestMethod codeBase="D:\actions-runner\_work\XPCO\XPCO\Common\VideoOS.Utilities\VideoOS.Utilities.UnitTests\bin\Debug\net472\VideoOS.Utilities.UnitTests.dll" adapterTypeName="executor://mstestadapter/v2" className="VideoOS.Utilities.UnitTests.Validation.Base64StringValidatorTests" name="IsValidBase64String_DataDrivenTest" />
    </UnitTest>
    <UnitTest name="FormatByteSizeStringTest8" storage="d:\actions-runner\_work\xpco\xpco\common\videoos.utilities\videoos.utilities.unittests\bin\debug\net472\videoos.utilities.unittests.dll" id="42905f99-cf41-34cc-8b30-0be9cf777447">
      <Execution id="32f88070-bf1e-4d19-856a-19efded28ced" />
      <TestMethod codeBase="D:\actions-runner\_work\XPCO\XPCO\Common\VideoOS.Utilities\VideoOS.Utilities.UnitTests\bin\Debug\net472\VideoOS.Utilities.UnitTests.dll" adapterTypeName="executor://mstestadapter/v2" className="VideoOS.Utilities.UnitTests.StringFormattingTest" name="FormatByteSizeStringTest8" />
    </UnitTest>
    <UnitTest name="DatabaseConnectionInfoFromStorage_GetConnectionString_Integrated_Success" storage="d:\actions-runner\_work\xpco\xpco\common\videoos.utilities\videoos.utilities.unittests\bin\debug\net472\videoos.utilities.unittests.dll" id="c0aa0a52-7d77-6797-eefd-299e6b808fc4">
      <TestCategory>
        <TestCategoryItem TestCategory="Database" />
      </TestCategory>
      <Execution id="df5833ff-00cd-4e74-87ce-11342ccf47a7" />
      <TestMethod codeBase="D:\actions-runner\_work\XPCO\XPCO\Common\VideoOS.Utilities\VideoOS.Utilities.UnitTests\bin\Debug\net472\VideoOS.Utilities.UnitTests.dll" adapterTypeName="executor://mstestadapter/v2" className="VideoOS.Utilities.UnitTests.Database.DatabaseConnectionInfoFromStorageTests" name="DatabaseConnectionInfoFromStorage_GetConnectionString_Integrated_Success" />
    </UnitTest>
    <UnitTest name="Close_WhenNotInitialized_RefuseMessageCorrect" storage="d:\actions-runner\_work\xpco\xpco\common\videoos.utilities\videoos.utilities.unittests\bin\debug\net472\videoos.utilities.unittests.dll" id="58c42bcc-eb60-32a9-24ac-5c0aaccec6ed">
      <Execution id="3a81c8f2-e758-4bf5-91a7-0db27149eaa1" />
      <TestMethod codeBase="D:\actions-runner\_work\XPCO\XPCO\Common\VideoOS.Utilities\VideoOS.Utilities.UnitTests\bin\Debug\net472\VideoOS.Utilities.UnitTests.dll" adapterTypeName="executor://mstestadapter/v2" className="VideoOS.Utilities.UnitTests.Workflow.InitControlTests" name="Close_WhenNotInitialized_RefuseMessageCorrect" />
    </UnitTest>
    <UnitTest name="SimpleMultiOutput" storage="d:\actions-runner\_work\xpco\xpco\common\videoos.utilities\videoos.utilities.unittests\bin\debug\net472\videoos.utilities.unittests.dll" id="4381a2d3-3c5e-0121-bc24-ad5cb9d3dc12">
      <Execution id="90bf8400-f9b6-4298-beb2-62bffe706841" />
      <TestMethod codeBase="D:\actions-runner\_work\XPCO\XPCO\Common\VideoOS.Utilities\VideoOS.Utilities.UnitTests\bin\Debug\net472\VideoOS.Utilities.UnitTests.dll" adapterTypeName="executor://mstestadapter/v2" className="VideoOS.Utilities.UnitTests.Diagnostics.ConfiguredLogger" name="SimpleMultiOutput" />
    </UnitTest>
    <UnitTest name="IsValidBase64String_DataDrivenTest (AAAA,True)" storage="d:\actions-runner\_work\xpco\xpco\common\videoos.utilities\videoos.utilities.unittests\bin\debug\net472\videoos.utilities.unittests.dll" id="6c1b5a96-836b-feef-a077-eaf20f42c48a">
      <Execution id="2daaf8d4-2ac5-46b2-9205-a3044d62363b" />
      <TestMethod codeBase="D:\actions-runner\_work\XPCO\XPCO\Common\VideoOS.Utilities\VideoOS.Utilities.UnitTests\bin\Debug\net472\VideoOS.Utilities.UnitTests.dll" adapterTypeName="executor://mstestadapter/v2" className="VideoOS.Utilities.UnitTests.Validation.Base64StringValidatorTests" name="IsValidBase64String_DataDrivenTest" />
    </UnitTest>
    <UnitTest name="Dequeues_Empty_After_Timeout" storage="d:\actions-runner\_work\xpco\xpco\common\videoos.utilities\videoos.utilities.unittests\bin\debug\net472\videoos.utilities.unittests.dll" id="8b97a2cc-f29f-d97e-8955-1e5e8dacbc24">
      <Execution id="15c603d6-bfd3-4afe-9e3a-27efaece9192" />
      <TestMethod codeBase="D:\actions-runner\_work\XPCO\XPCO\Common\VideoOS.Utilities\VideoOS.Utilities.UnitTests\bin\Debug\net472\VideoOS.Utilities.UnitTests.dll" adapterTypeName="executor://mstestadapter/v2" className="VideoOS.Utilities.UnitTests.Collections.LongPollingMessageQueueTest" name="Dequeues_Empty_After_Timeout" />
    </UnitTest>
    <UnitTest name="SecureFolderWithUserAccountReadOnlyAccessGetsCreatedCorrectly" storage="d:\actions-runner\_work\xpco\xpco\common\videoos.utilities\videoos.utilities.unittests\bin\debug\net472\videoos.utilities.unittests.dll" id="55527208-ef48-54d9-41fd-271d38adaf49">
      <Execution id="436e9774-c270-44b9-be2b-e5ed762969aa" />
      <TestMethod codeBase="D:\actions-runner\_work\XPCO\XPCO\Common\VideoOS.Utilities\VideoOS.Utilities.UnitTests\bin\Debug\net472\VideoOS.Utilities.UnitTests.dll" adapterTypeName="executor://mstestadapter/v2" className="VideoOS.Utilities.UnitTests.Security.SecureFolderTests" name="SecureFolderWithUserAccountReadOnlyAccessGetsCreatedCorrectly" />
    </UnitTest>
    <UnitTest name="Given_FeaturesAreAvailable_When_EnsureFeaturesAreInstalled_WithFeaturesThatInstallsWithSessionReloadRequired_Then_EnableFeaturesIsCalledWithExpectedArgumentsAndMethodReturnsInstalled" storage="d:\actions-runner\_work\xpco\xpco\common\videoos.utilities\videoos.utilities.unittests\bin\debug\net472\videoos.utilities.unittests.dll" id="92d86efa-2ff9-f426-428c-2d042ed7e545">
      <Execution id="b6c9cf82-de6b-46a1-b8e5-3d43f26f00f4" />
      <TestMethod codeBase="D:\actions-runner\_work\XPCO\XPCO\Common\VideoOS.Utilities\VideoOS.Utilities.UnitTests\bin\Debug\net472\VideoOS.Utilities.UnitTests.dll" adapterTypeName="executor://mstestadapter/v2" className="VideoOS.Utilities.UnitTests.Dism.DismSessionTest" name="Given_FeaturesAreAvailable_When_EnsureFeaturesAreInstalled_WithFeaturesThatInstallsWithSessionReloadRequired_Then_EnableFeaturesIsCalledWithExpectedArgumentsAndMethodReturnsInstalled" />
    </UnitTest>
    <UnitTest name="FormatByteSizeStringExactULTest6" storage="d:\actions-runner\_work\xpco\xpco\common\videoos.utilities\videoos.utilities.unittests\bin\debug\net472\videoos.utilities.unittests.dll" id="88c026e0-bd32-0fd5-126c-0a352afaee03">
      <Execution id="0329f0dc-1de9-4a55-8b16-82cc6d9ea497" />
      <TestMethod codeBase="D:\actions-runner\_work\XPCO\XPCO\Common\VideoOS.Utilities\VideoOS.Utilities.UnitTests\bin\Debug\net472\VideoOS.Utilities.UnitTests.dll" adapterTypeName="executor://mstestadapter/v2" className="VideoOS.Utilities.UnitTests.StringFormattingTest" name="FormatByteSizeStringExactULTest6" />
    </UnitTest>
    <UnitTest name="EncryptionFactory_Throws_OnCreateAsymmetricWithPaddingNullCngKeyNotNull" storage="d:\actions-runner\_work\xpco\xpco\common\videoos.utilities\videoos.utilities.unittests\bin\debug\net472\videoos.utilities.unittests.dll" id="cd279f50-0712-03f7-c7c8-2a1f84e48d3b">
      <Execution id="2b3cbe5e-635d-4fca-80d4-6ea4b2c9f53a" />
      <TestMethod codeBase="D:\actions-runner\_work\XPCO\XPCO\Common\VideoOS.Utilities\VideoOS.Utilities.UnitTests\bin\Debug\net472\VideoOS.Utilities.UnitTests.dll" adapterTypeName="executor://mstestadapter/v2" className="VideoOS.Utilities.UnitTests.Cryptography.RsaCngAsymmetricEncryptionTests" name="EncryptionFactory_Throws_OnCreateAsymmetricWithPaddingNullCngKeyNotNull" />
    </UnitTest>
    <UnitTest name="Constructor_UrlAclInfo_EmptyPrefix" storage="d:\actions-runner\_work\xpco\xpco\common\videoos.utilities\videoos.utilities.unittests\bin\debug\net472\videoos.utilities.unittests.dll" id="71c62b77-613a-694d-4c4b-9ffdef1658cb">
      <Execution id="223dabeb-4eab-4ef8-be23-652d7bf02ff4" />
      <TestMethod codeBase="D:\actions-runner\_work\XPCO\XPCO\Common\VideoOS.Utilities\VideoOS.Utilities.UnitTests\bin\Debug\net472\VideoOS.Utilities.UnitTests.dll" adapterTypeName="executor://mstestadapter/v2" className="VideoOS.Utilities.UnitTests.Windows.Http.UrlReservationInfoCollectionWrapperTest" name="Constructor_UrlAclInfo_EmptyPrefix" />
    </UnitTest>
    <UnitTest name="DatabaseExceptionPropsCanbeCalled" storage="d:\actions-runner\_work\xpco\xpco\common\videoos.utilities\videoos.utilities.unittests\bin\debug\net472\videoos.utilities.unittests.dll" id="720dced2-e8a9-630a-c740-35e6bc8220cd">
      <TestCategory>
        <TestCategoryItem TestCategory="DatabaseConnection" />
      </TestCategory>
      <Execution id="16c479c8-e678-4c50-9b86-b0d8461c6e38" />
      <TestMethod codeBase="D:\actions-runner\_work\XPCO\XPCO\Common\VideoOS.Utilities\VideoOS.Utilities.UnitTests\bin\Debug\net472\VideoOS.Utilities.UnitTests.dll" adapterTypeName="executor://mstestadapter/v2" className="VideoOS.Utilities.UnitTests.Database.DatabaseConnectionTests" name="DatabaseExceptionPropsCanbeCalled" />
    </UnitTest>
    <UnitTest name="TestCreateInitialLicenseAndDecrypt_Success" storage="d:\actions-runner\_work\xpco\xpco\common\videoos.utilities\videoos.utilities.unittests\bin\debug\net472\videoos.utilities.unittests.dll" id="ff890d3e-b7b7-d9b4-ed83-b859b02d2dc2">
      <Execution id="d702fc4f-85a5-409b-9e47-e81501b97e65" />
      <TestMethod codeBase="D:\actions-runner\_work\XPCO\XPCO\Common\VideoOS.Utilities\VideoOS.Utilities.UnitTests\bin\Debug\net472\VideoOS.Utilities.UnitTests.dll" adapterTypeName="executor://mstestadapter/v2" className="VideoOS.Utilities.UnitTests.Licensing.LicenseFileHelperTests" name="TestCreateInitialLicenseAndDecrypt_Success" />
    </UnitTest>
    <UnitTest name="Constructor_SqlParameter_Success" storage="d:\actions-runner\_work\xpco\xpco\common\videoos.utilities\videoos.utilities.unittests\bin\debug\net472\videoos.utilities.unittests.dll" id="b4169adf-59df-d06f-8762-a945493d0ad0">
      <TestCategory>
        <TestCategoryItem TestCategory="DatabaseParameter" />
      </TestCategory>
      <Execution id="64e09b06-f5bd-4743-a8cf-d5d07ee6ab22" />
      <TestMethod codeBase="D:\actions-runner\_work\XPCO\XPCO\Common\VideoOS.Utilities\VideoOS.Utilities.UnitTests\bin\Debug\net472\VideoOS.Utilities.UnitTests.dll" adapterTypeName="executor://mstestadapter/v2" className="VideoOS.Utilities.UnitTests.Database.DatabaseParameterTests" name="Constructor_SqlParameter_Success" />
    </UnitTest>
    <UnitTest name="CreateWeakWildcard_WithRelativePathTest" storage="d:\actions-runner\_work\xpco\xpco\common\videoos.utilities\videoos.utilities.unittests\bin\debug\net472\videoos.utilities.unittests.dll" id="b56af203-658a-be22-0b10-4d4a6d7da24f">
      <Execution id="5ce89702-963d-4adc-83c7-22f5773ecc47" />
      <TestMethod codeBase="D:\actions-runner\_work\XPCO\XPCO\Common\VideoOS.Utilities\VideoOS.Utilities.UnitTests\bin\Debug\net472\VideoOS.Utilities.UnitTests.dll" adapterTypeName="executor://mstestadapter/v2" className="VideoOS.Utilities.UnitTests.Windows.UrlPrefixTest" name="CreateWeakWildcard_WithRelativePathTest" />
    </UnitTest>
    <UnitTest name="TestValidateAddress_Exceptions" storage="d:\actions-runner\_work\xpco\xpco\common\videoos.utilities\videoos.utilities.unittests\bin\debug\net472\videoos.utilities.unittests.dll" id="66bb426a-3246-6a32-821e-6501f0f5b7a7">
      <Execution id="eddb53ad-1193-4ef5-be60-c0f2011b44e5" />
      <TestMethod codeBase="D:\actions-runner\_work\XPCO\XPCO\Common\VideoOS.Utilities\VideoOS.Utilities.UnitTests\bin\Debug\net472\VideoOS.Utilities.UnitTests.dll" adapterTypeName="executor://mstestadapter/v2" className="VideoOS.Utilities.UnitTests.Network.IPHelperTests" name="TestValidateAddress_Exceptions" />
    </UnitTest>
    <UnitTest name="EnforceUrlReservation_Parameter_EmptyAceTest" storage="d:\actions-runner\_work\xpco\xpco\common\videoos.utilities\videoos.utilities.unittests\bin\debug\net472\videoos.utilities.unittests.dll" id="e5fe2c62-2103-2378-a4f6-adcd9fb185a4">
      <Execution id="9c1e3e3b-4c07-4250-831a-b5a6da51f47e" />
      <TestMethod codeBase="D:\actions-runner\_work\XPCO\XPCO\Common\VideoOS.Utilities\VideoOS.Utilities.UnitTests\bin\Debug\net472\VideoOS.Utilities.UnitTests.dll" adapterTypeName="executor://mstestadapter/v2" className="VideoOS.Utilities.UnitTests.Windows.Http.HttpSysConfigTest" name="EnforceUrlReservation_Parameter_EmptyAceTest" />
    </UnitTest>
    <UnitTest name="Constructor_String_SqlDbType_Success" storage="d:\actions-runner\_work\xpco\xpco\common\videoos.utilities\videoos.utilities.unittests\bin\debug\net472\videoos.utilities.unittests.dll" id="b4d463d6-cc5b-23da-2ef9-5250fbeeaeb9">
      <TestCategory>
        <TestCategoryItem TestCategory="DatabaseParameter" />
      </TestCategory>
      <Execution id="4fe73450-4391-414c-8c9b-7bd9db5ec2de" />
      <TestMethod codeBase="D:\actions-runner\_work\XPCO\XPCO\Common\VideoOS.Utilities\VideoOS.Utilities.UnitTests\bin\Debug\net472\VideoOS.Utilities.UnitTests.dll" adapterTypeName="executor://mstestadapter/v2" className="VideoOS.Utilities.UnitTests.Database.DatabaseParameterTests" name="Constructor_String_SqlDbType_Success" />
    </UnitTest>
    <UnitTest name="BulkProcessor_IsClosing_NewItemsAreNotEnqueued" storage="d:\actions-runner\_work\xpco\xpco\common\videoos.utilities\videoos.utilities.unittests\bin\debug\net472\videoos.utilities.unittests.dll" id="27012b81-c5b2-e383-7be7-461e876f34c1">
      <Execution id="04f8934b-034b-453d-a39a-c2f86ebf3116" />
      <TestMethod codeBase="D:\actions-runner\_work\XPCO\XPCO\Common\VideoOS.Utilities\VideoOS.Utilities.UnitTests\bin\Debug\net472\VideoOS.Utilities.UnitTests.dll" adapterTypeName="executor://mstestadapter/v2" className="VideoOS.Utilities.BulkProcessing.UnitTests.BulkProcessorUnitTest" name="BulkProcessor_IsClosing_NewItemsAreNotEnqueued" />
    </UnitTest>
    <UnitTest name="EnforceUrlReservation_NoConflictingReservationsTest" storage="d:\actions-runner\_work\xpco\xpco\common\videoos.utilities\videoos.utilities.unittests\bin\debug\net472\videoos.utilities.unittests.dll" id="df399b3b-65bd-eec7-8808-ddd74650eace">
      <Execution id="8e99cc2d-1458-487e-b4da-3fbec4115b4b" />
      <TestMethod codeBase="D:\actions-runner\_work\XPCO\XPCO\Common\VideoOS.Utilities\VideoOS.Utilities.UnitTests\bin\Debug\net472\VideoOS.Utilities.UnitTests.dll" adapterTypeName="executor://mstestadapter/v2" className="VideoOS.Utilities.UnitTests.Windows.Http.HttpSysConfigTest" name="EnforceUrlReservation_NoConflictingReservationsTest" />
    </UnitTest>
    <UnitTest name="IsValidBase64String_DataDrivenTest (AA=,False)" storage="d:\actions-runner\_work\xpco\xpco\common\videoos.utilities\videoos.utilities.unittests\bin\debug\net472\videoos.utilities.unittests.dll" id="e5d974c9-a0eb-025e-acd9-38d4a0697b9c">
      <Execution id="143b5c1c-9235-4946-b0c7-fc2642d80af1" />
      <TestMethod codeBase="D:\actions-runner\_work\XPCO\XPCO\Common\VideoOS.Utilities\VideoOS.Utilities.UnitTests\bin\Debug\net472\VideoOS.Utilities.UnitTests.dll" adapterTypeName="executor://mstestadapter/v2" className="VideoOS.Utilities.UnitTests.Validation.Base64StringValidatorTests" name="IsValidBase64String_DataDrivenTest" />
    </UnitTest>
    <UnitTest name="PasswordOneRequirement" storage="d:\actions-runner\_work\xpco\xpco\common\videoos.utilities\videoos.utilities.unittests\bin\debug\net472\videoos.utilities.unittests.dll" id="c065f0d0-2817-1867-185a-3ef7d09d25ee">
      <Execution id="50a29ad3-462a-4fc2-a14e-eee5168b0150" />
      <TestMethod codeBase="D:\actions-runner\_work\XPCO\XPCO\Common\VideoOS.Utilities\VideoOS.Utilities.UnitTests\bin\Debug\net472\VideoOS.Utilities.UnitTests.dll" adapterTypeName="executor://mstestadapter/v2" className="VideoOS.Common.EnvironmentServices.UnitTests.Security.PasswordTests" name="PasswordOneRequirement" />
    </UnitTest>
    <UnitTest name="IsValidBase64String_DataDrivenTest (,True)" storage="d:\actions-runner\_work\xpco\xpco\common\videoos.utilities\videoos.utilities.unittests\bin\debug\net472\videoos.utilities.unittests.dll" id="cdf0e564-ef3e-091a-b0a3-ee049b53ed18">
      <Execution id="df9afd80-039f-4d0e-ab9b-fdba6f736d55" />
      <TestMethod codeBase="D:\actions-runner\_work\XPCO\XPCO\Common\VideoOS.Utilities\VideoOS.Utilities.UnitTests\bin\Debug\net472\VideoOS.Utilities.UnitTests.dll" adapterTypeName="executor://mstestadapter/v2" className="VideoOS.Utilities.UnitTests.Validation.Base64StringValidatorTests" name="IsValidBase64String_DataDrivenTest" />
    </UnitTest>
    <UnitTest name="TestIsValidHostNameStrict" storage="d:\actions-runner\_work\xpco\xpco\common\videoos.utilities\videoos.utilities.unittests\bin\debug\net472\videoos.utilities.unittests.dll" id="14ae642a-0b2f-a3b2-dc16-834e9a33ff82">
      <Execution id="6c958f2b-41d4-400c-8ddb-bd9ae7ac7f4c" />
      <TestMethod codeBase="D:\actions-runner\_work\XPCO\XPCO\Common\VideoOS.Utilities\VideoOS.Utilities.UnitTests\bin\Debug\net472\VideoOS.Utilities.UnitTests.dll" adapterTypeName="executor://mstestadapter/v2" className="VideoOS.Utilities.UnitTests.Network.IPHelperTests" name="TestIsValidHostNameStrict" />
    </UnitTest>
    <UnitTest name="Given_TooWeakPassword_When_Validating_AProperErrorMessageIsReturned" storage="d:\actions-runner\_work\xpco\xpco\common\videoos.utilities\videoos.utilities.unittests\bin\debug\net472\videoos.utilities.unittests.dll" id="08e6f33d-3e40-08d5-9977-fd4c7de4b765">
      <Execution id="9de89342-fb36-4bdd-815a-88981853d657" />
      <TestMethod codeBase="D:\actions-runner\_work\XPCO\XPCO\Common\VideoOS.Utilities\VideoOS.Utilities.UnitTests\bin\Debug\net472\VideoOS.Utilities.UnitTests.dll" adapterTypeName="executor://mstestadapter/v2" className="VideoOS.Common.EnvironmentServices.UnitTests.Security.PasswordValidatorTest" name="Given_TooWeakPassword_When_Validating_AProperErrorMessageIsReturned" />
    </UnitTest>
    <UnitTest name="IsUpdateNeeded_Success" storage="d:\actions-runner\_work\xpco\xpco\common\videoos.utilities\videoos.utilities.unittests\bin\debug\net472\videoos.utilities.unittests.dll" id="ab4137bd-77f5-7d0c-b890-770e92c5e540">
      <TestCategory>
        <TestCategoryItem TestCategory="UI.Facilitators" />
      </TestCategory>
      <Execution id="bc9e46c8-2522-4789-96e3-19168da3c663" />
      <TestMethod codeBase="D:\actions-runner\_work\XPCO\XPCO\Common\VideoOS.Utilities\VideoOS.Utilities.UnitTests\bin\Debug\net472\VideoOS.Utilities.UnitTests.dll" adapterTypeName="executor://mstestadapter/v2" className="VideoOS.Utilities.UnitTests.Workflow.CompareItemsUpdateStrategyTests" name="IsUpdateNeeded_Success" />
    </UnitTest>
    <UnitTest name="SignAndVerifyWithPrivateKeyRSA" storage="d:\actions-runner\_work\xpco\xpco\common\videoos.utilities\videoos.utilities.unittests\bin\debug\net472\videoos.utilities.unittests.dll" id="1130b0a6-11ce-bcba-8475-9a827b5e62e1">
      <Execution id="75b0b1e2-59a3-4a8b-832f-9e7c6facf108" />
      <TestMethod codeBase="D:\actions-runner\_work\XPCO\XPCO\Common\VideoOS.Utilities\VideoOS.Utilities.UnitTests\bin\Debug\net472\VideoOS.Utilities.UnitTests.dll" adapterTypeName="executor://mstestadapter/v2" className="VideoOS.Utilities.UnitTests.Cryptography.StringSignatures" name="SignAndVerifyWithPrivateKeyRSA" />
    </UnitTest>
    <UnitTest name="RemoveInvalidXMLChars_Text_Invalid_Chars" storage="d:\actions-runner\_work\xpco\xpco\common\videoos.utilities\videoos.utilities.unittests\bin\debug\net472\videoos.utilities.unittests.dll" id="6cc7bb11-75a5-32ad-c8ad-c89efbe80686">
      <Execution id="6ea676a8-5818-4095-8dc9-58f1bdaafd96" />
      <TestMethod codeBase="D:\actions-runner\_work\XPCO\XPCO\Common\VideoOS.Utilities\VideoOS.Utilities.UnitTests\bin\Debug\net472\VideoOS.Utilities.UnitTests.dll" adapterTypeName="executor://mstestadapter/v2" className="VideoOS.Utilities.UnitTests.Formatting.CharacterTests" name="RemoveInvalidXMLChars_Text_Invalid_Chars" />
    </UnitTest>
    <UnitTest name="ConstructDatabaseConnectionInfo_AzureIntegrated_Success" storage="d:\actions-runner\_work\xpco\xpco\common\videoos.utilities\videoos.utilities.unittests\bin\debug\net472\videoos.utilities.unittests.dll" id="eb3e1b48-92a3-4ac3-b537-9b97539fad7b">
      <Execution id="8293ad12-0be7-4558-8ee2-10a1a28e136a" />
      <TestMethod codeBase="D:\actions-runner\_work\XPCO\XPCO\Common\VideoOS.Utilities\VideoOS.Utilities.UnitTests\bin\Debug\net472\VideoOS.Utilities.UnitTests.dll" adapterTypeName="executor://mstestadapter/v2" className="VideoOS.Utilities.UnitTests.Database.DatabaseConnectionInfoTests" name="ConstructDatabaseConnectionInfo_AzureIntegrated_Success" />
    </UnitTest>
    <UnitTest name="WithoutRetryDeadlockedOperationsFail" storage="d:\actions-runner\_work\xpco\xpco\common\videoos.utilities\videoos.utilities.unittests\bin\debug\net472\videoos.utilities.unittests.dll" id="d0bbac93-d8fc-1d21-a05e-de8fbe64b574">
      <TestCategory>
        <TestCategoryItem TestCategory="DatabaseConnection" />
      </TestCategory>
      <Execution id="73f37489-a064-4595-8b02-9ad59e5e0a6b" />
      <TestMethod codeBase="D:\actions-runner\_work\XPCO\XPCO\Common\VideoOS.Utilities\VideoOS.Utilities.UnitTests\bin\Debug\net472\VideoOS.Utilities.UnitTests.dll" adapterTypeName="executor://mstestadapter/v2" className="VideoOS.Utilities.UnitTests.Database.DatabaseConnectionTests" name="WithoutRetryDeadlockedOperationsFail" />
    </UnitTest>
    <UnitTest name="GetContentFromActivatedLicense_InvalidFilePattern_ThrowsNotSupportedException" storage="d:\actions-runner\_work\xpco\xpco\common\videoos.utilities\videoos.utilities.unittests\bin\debug\net472\videoos.utilities.unittests.dll" id="2330d4e4-e7e1-b869-3796-3179869f0ea3">
      <Execution id="c496b7ba-4742-4003-8fd0-0efb0274b048" />
      <TestMethod codeBase="D:\actions-runner\_work\XPCO\XPCO\Common\VideoOS.Utilities\VideoOS.Utilities.UnitTests\bin\Debug\net472\VideoOS.Utilities.UnitTests.dll" adapterTypeName="executor://mstestadapter/v2" className="VideoOS.Utilities.UnitTests.Licensing.LicenseFileHelperTests" name="GetContentFromActivatedLicense_InvalidFilePattern_ThrowsNotSupportedException" />
    </UnitTest>
    <UnitTest name="Construction_InvalidNullPaddingValidKey_ThrowsArgumentNullException" storage="d:\actions-runner\_work\xpco\xpco\common\videoos.utilities\videoos.utilities.unittests\bin\debug\net472\videoos.utilities.unittests.dll" id="263dd6e4-a3a8-61ea-bf9a-d13a8e2ef748">
      <Execution id="80b19b57-7d1b-4227-873c-3c24d3acbc90" />
      <TestMethod codeBase="D:\actions-runner\_work\XPCO\XPCO\Common\VideoOS.Utilities\VideoOS.Utilities.UnitTests\bin\Debug\net472\VideoOS.Utilities.UnitTests.dll" adapterTypeName="executor://mstestadapter/v2" className="VideoOS.Utilities.UnitTests.Cryptography.RsaCngAsymmetricEncryptionTests" name="Construction_InvalidNullPaddingValidKey_ThrowsArgumentNullException" />
    </UnitTest>
    <UnitTest name="EncryptAndDecryptWithAutogeneratedKey" storage="d:\actions-runner\_work\xpco\xpco\common\videoos.utilities\videoos.utilities.unittests\bin\debug\net472\videoos.utilities.unittests.dll" id="9a2ba6b9-2b81-65ba-1e10-ab29f022efa1">
      <Execution id="56aeb64c-f108-4690-92b5-503c63d2e397" />
      <TestMethod codeBase="D:\actions-runner\_work\XPCO\XPCO\Common\VideoOS.Utilities\VideoOS.Utilities.UnitTests\bin\Debug\net472\VideoOS.Utilities.UnitTests.dll" adapterTypeName="executor://mstestadapter/v2" className="VideoOS.Utilities.UnitTests.Cryptography.Encryption" name="EncryptAndDecryptWithAutogeneratedKey" />
    </UnitTest>
    <UnitTest name="WhenExecuteScalarFailsDatabaseExceptionsAreThrownWithCorrectErrorNumber" storage="d:\actions-runner\_work\xpco\xpco\common\videoos.utilities\videoos.utilities.unittests\bin\debug\net472\videoos.utilities.unittests.dll" id="7e825cf4-9719-bedc-fb4d-0b42e7afd1d3">
      <TestCategory>
        <TestCategoryItem TestCategory="DatabaseCommand" />
      </TestCategory>
      <Execution id="4cd99167-f4e4-4d1e-810c-59793ed497aa" />
      <TestMethod codeBase="D:\actions-runner\_work\XPCO\XPCO\Common\VideoOS.Utilities\VideoOS.Utilities.UnitTests\bin\Debug\net472\VideoOS.Utilities.UnitTests.dll" adapterTypeName="executor://mstestadapter/v2" className="VideoOS.Utilities.UnitTests.Database.DatabaseCommandTest" name="WhenExecuteScalarFailsDatabaseExceptionsAreThrownWithCorrectErrorNumber" />
    </UnitTest>
    <UnitTest name="CreateWeakWildcard_InvalidPort" storage="d:\actions-runner\_work\xpco\xpco\common\videoos.utilities\videoos.utilities.unittests\bin\debug\net472\videoos.utilities.unittests.dll" id="afb9dd82-29f0-cf09-f921-bfceb82c5ba9">
      <Execution id="a008ebfa-ebe4-4ad6-94b0-9a889b4303eb" />
      <TestMethod codeBase="D:\actions-runner\_work\XPCO\XPCO\Common\VideoOS.Utilities\VideoOS.Utilities.UnitTests\bin\Debug\net472\VideoOS.Utilities.UnitTests.dll" adapterTypeName="executor://mstestadapter/v2" className="VideoOS.Utilities.UnitTests.Windows.UrlPrefixTest" name="CreateWeakWildcard_InvalidPort" />
    </UnitTest>
    <UnitTest name="CreateIPBoundWeakWildcard_NullHost" storage="d:\actions-runner\_work\xpco\xpco\common\videoos.utilities\videoos.utilities.unittests\bin\debug\net472\videoos.utilities.unittests.dll" id="9369cfde-baf2-3bd8-4bc1-22c69e21e126">
      <Execution id="f4b28c60-bc79-4cb2-b61c-7e66d6225bbf" />
      <TestMethod codeBase="D:\actions-runner\_work\XPCO\XPCO\Common\VideoOS.Utilities\VideoOS.Utilities.UnitTests\bin\Debug\net472\VideoOS.Utilities.UnitTests.dll" adapterTypeName="executor://mstestadapter/v2" className="VideoOS.Utilities.UnitTests.Windows.UrlPrefixTest" name="CreateIPBoundWeakWildcard_NullHost" />
    </UnitTest>
    <UnitTest name="ComputeHash_ShouldReturnSameHashForSameString" storage="d:\actions-runner\_work\xpco\xpco\common\videoos.utilities\videoos.utilities.unittests\bin\debug\net472\videoos.utilities.unittests.dll" id="5a5341a2-ae72-edbb-3ba1-5c07a01ee3cd">
      <Execution id="26fd470a-e65b-4cc7-b2ca-8ae91c5de5fa" />
      <TestMethod codeBase="D:\actions-runner\_work\XPCO\XPCO\Common\VideoOS.Utilities\VideoOS.Utilities.UnitTests\bin\Debug\net472\VideoOS.Utilities.UnitTests.dll" adapterTypeName="executor://mstestadapter/v2" className="VideoOS.Utilities.UnitTests.Cryptography.SHA256HashAlgorithmTests" name="ComputeHash_ShouldReturnSameHashForSameString" />
    </UnitTest>
    <UnitTest name="Dispose_TokenDisposedTest" storage="d:\actions-runner\_work\xpco\xpco\common\videoos.utilities\videoos.utilities.unittests\bin\debug\net472\videoos.utilities.unittests.dll" id="66f621bf-d404-fc2d-2e5e-519eb3aca3c8">
      <Execution id="7411fe27-8f2a-4ae5-acd5-b69a8bed467b" />
      <TestMethod codeBase="D:\actions-runner\_work\XPCO\XPCO\Common\VideoOS.Utilities\VideoOS.Utilities.UnitTests\bin\Debug\net472\VideoOS.Utilities.UnitTests.dll" adapterTypeName="executor://mstestadapter/v2" className="VideoOS.Utilities.UnitTests.Windows.Http.HttpSysConfigTest" name="Dispose_TokenDisposedTest" />
    </UnitTest>
    <UnitTest name="EncryptionFactory_KeyInformationIsTheSame_OnCreateAsymmetricForLicenseWithKeyInformation" storage="d:\actions-runner\_work\xpco\xpco\common\videoos.utilities\videoos.utilities.unittests\bin\debug\net472\videoos.utilities.unittests.dll" id="4feb8d88-c51c-c8a7-4097-e675b461b0f8">
      <Execution id="cde6a5ac-69a2-413b-9c3b-4d161c0c0501" />
      <TestMethod codeBase="D:\actions-runner\_work\XPCO\XPCO\Common\VideoOS.Utilities\VideoOS.Utilities.UnitTests\bin\Debug\net472\VideoOS.Utilities.UnitTests.dll" adapterTypeName="executor://mstestadapter/v2" className="VideoOS.Utilities.UnitTests.Cryptography.RsaCngAsymmetricEncryptionTests" name="EncryptionFactory_KeyInformationIsTheSame_OnCreateAsymmetricForLicenseWithKeyInformation" />
    </UnitTest>
    <UnitTest name="Constructor_SingleReservation_Listen" storage="d:\actions-runner\_work\xpco\xpco\common\videoos.utilities\videoos.utilities.unittests\bin\debug\net472\videoos.utilities.unittests.dll" id="4ddc8e24-b9ee-cffa-b889-52ce91adfc5f">
      <Execution id="42c1ff8b-eff4-43f5-8ec4-dbd8b2b4806f" />
      <TestMethod codeBase="D:\actions-runner\_work\XPCO\XPCO\Common\VideoOS.Utilities\VideoOS.Utilities.UnitTests\bin\Debug\net472\VideoOS.Utilities.UnitTests.dll" adapterTypeName="executor://mstestadapter/v2" className="VideoOS.Utilities.UnitTests.Windows.Http.UrlReservationInfoCollectionWrapperTest" name="Constructor_SingleReservation_Listen" />
    </UnitTest>
    <UnitTest name="CommandTimeout_DefaultTimeout_LongerSqlExecution_ShouldThrow" storage="d:\actions-runner\_work\xpco\xpco\common\videoos.utilities\videoos.utilities.unittests\bin\debug\net472\videoos.utilities.unittests.dll" id="b9cd51bc-b558-b299-0098-91b9fedbee77">
      <TestCategory>
        <TestCategoryItem TestCategory="DatabaseCommand" />
      </TestCategory>
      <Execution id="824ca096-fb15-4424-acf9-abea4d534de3" />
      <TestMethod codeBase="D:\actions-runner\_work\XPCO\XPCO\Common\VideoOS.Utilities\VideoOS.Utilities.UnitTests\bin\Debug\net472\VideoOS.Utilities.UnitTests.dll" adapterTypeName="executor://mstestadapter/v2" className="VideoOS.Utilities.UnitTests.Database.DatabaseCommandTest" name="CommandTimeout_DefaultTimeout_LongerSqlExecution_ShouldThrow" />
    </UnitTest>
    <UnitTest name="FormatByteSizeStringTest10" storage="d:\actions-runner\_work\xpco\xpco\common\videoos.utilities\videoos.utilities.unittests\bin\debug\net472\videoos.utilities.unittests.dll" id="88b06e89-6009-9e01-9e1f-9df25d08d8fb">
      <Execution id="1fbbe367-5524-4371-b82c-9d0e58e5786a" />
      <TestMethod codeBase="D:\actions-runner\_work\XPCO\XPCO\Common\VideoOS.Utilities\VideoOS.Utilities.UnitTests\bin\Debug\net472\VideoOS.Utilities.UnitTests.dll" adapterTypeName="executor://mstestadapter/v2" className="VideoOS.Utilities.UnitTests.StringFormattingTest" name="FormatByteSizeStringTest10" />
    </UnitTest>
    <UnitTest name="Write_ShouldNotWriteEmptyBytes_WhenPasswordIsNotEmptyString" storage="d:\actions-runner\_work\xpco\xpco\common\videoos.utilities\videoos.utilities.unittests\bin\debug\net472\videoos.utilities.unittests.dll" id="101dcc33-d8d6-50e8-c5f2-d4b11695329f">
      <Execution id="2bc5cea9-73b3-42d3-a1c5-44267513b121" />
      <TestMethod codeBase="D:\actions-runner\_work\XPCO\XPCO\Common\VideoOS.Utilities\VideoOS.Utilities.UnitTests\bin\Debug\net472\VideoOS.Utilities.UnitTests.dll" adapterTypeName="executor://mstestadapter/v2" className="VideoOS.Utilities.UnitTests.KeyManagement.FileWritingSessionTests" name="Write_ShouldNotWriteEmptyBytes_WhenPasswordIsNotEmptyString" />
    </UnitTest>
    <UnitTest name="UsingMultipleReadersBeingClosedSameConnection" storage="d:\actions-runner\_work\xpco\xpco\common\videoos.utilities\videoos.utilities.unittests\bin\debug\net472\videoos.utilities.unittests.dll" id="fd002043-94ea-412f-04ec-e9432b63a536">
      <TestCategory>
        <TestCategoryItem TestCategory="DatabaseCommand" />
      </TestCategory>
      <Execution id="98c89b2c-eeb0-45bf-a4d4-c3496384d04a" />
      <TestMethod codeBase="D:\actions-runner\_work\XPCO\XPCO\Common\VideoOS.Utilities\VideoOS.Utilities.UnitTests\bin\Debug\net472\VideoOS.Utilities.UnitTests.dll" adapterTypeName="executor://mstestadapter/v2" className="VideoOS.Utilities.UnitTests.Database.DatabaseCommandTest" name="UsingMultipleReadersBeingClosedSameConnection" />
    </UnitTest>
    <UnitTest name="CreateStrongWildcard_InvalidPort" storage="d:\actions-runner\_work\xpco\xpco\common\videoos.utilities\videoos.utilities.unittests\bin\debug\net472\videoos.utilities.unittests.dll" id="519e41a2-1113-39e3-d737-8f8a6f913746">
      <Execution id="a55bbe0c-d3ce-457b-a585-4139fccbd936" />
      <TestMethod codeBase="D:\actions-runner\_work\XPCO\XPCO\Common\VideoOS.Utilities\VideoOS.Utilities.UnitTests\bin\Debug\net472\VideoOS.Utilities.UnitTests.dll" adapterTypeName="executor://mstestadapter/v2" className="VideoOS.Utilities.UnitTests.Windows.UrlPrefixTest" name="CreateStrongWildcard_InvalidPort" />
    </UnitTest>
    <UnitTest name="DeleteSslConfiguration_SunnyDayTest" storage="d:\actions-runner\_work\xpco\xpco\common\videoos.utilities\videoos.utilities.unittests\bin\debug\net472\videoos.utilities.unittests.dll" id="e3ac57fe-96f7-8188-e429-555145a2c596">
      <Execution id="cd8fb878-8508-4a19-a4fe-26eb61fe5135" />
      <TestMethod codeBase="D:\actions-runner\_work\XPCO\XPCO\Common\VideoOS.Utilities\VideoOS.Utilities.UnitTests\bin\Debug\net472\VideoOS.Utilities.UnitTests.dll" adapterTypeName="executor://mstestadapter/v2" className="VideoOS.Utilities.UnitTests.Windows.Http.HttpSysConfigTest" name="DeleteSslConfiguration_SunnyDayTest" />
    </UnitTest>
    <UnitTest name="GetKeyManagementState_NoPasswordFound" storage="d:\actions-runner\_work\xpco\xpco\common\videoos.utilities\videoos.utilities.unittests\bin\debug\net472\videoos.utilities.unittests.dll" id="4d04cbd9-6b0c-129f-89f2-13ad5bb3b77d">
      <Execution id="a551bddd-2379-4a1b-83d7-e09e8f7ab28f" />
      <TestMethod codeBase="D:\actions-runner\_work\XPCO\XPCO\Common\VideoOS.Utilities\VideoOS.Utilities.UnitTests\bin\Debug\net472\VideoOS.Utilities.UnitTests.dll" adapterTypeName="executor://mstestadapter/v2" className="VideoOS.Utilities.UnitTests.KeyManagement.KeyManagerTests" name="GetKeyManagementState_NoPasswordFound" />
    </UnitTest>
    <UnitTest name="IsValidBase64String_DataDrivenTest (V29ya2luZyBoYXJkIGZvciB0aGUgc3RhY2tzIG9mIGNhc2g=,True)" storage="d:\actions-runner\_work\xpco\xpco\common\videoos.utilities\videoos.utilities.unittests\bin\debug\net472\videoos.utilities.unittests.dll" id="29199b1a-8dc7-6a91-9c06-a34a15275ea8">
      <Execution id="daaf6c0a-fc68-4504-bba4-b1a94813a005" />
      <TestMethod codeBase="D:\actions-runner\_work\XPCO\XPCO\Common\VideoOS.Utilities\VideoOS.Utilities.UnitTests\bin\Debug\net472\VideoOS.Utilities.UnitTests.dll" adapterTypeName="executor://mstestadapter/v2" className="VideoOS.Utilities.UnitTests.Validation.Base64StringValidatorTests" name="IsValidBase64String_DataDrivenTest" />
    </UnitTest>
    <UnitTest name="HSL_ImproperlyFormattedHslString_ThrowsArgumentNullException" storage="d:\actions-runner\_work\xpco\xpco\common\videoos.utilities\videoos.utilities.unittests\bin\debug\net472\videoos.utilities.unittests.dll" id="24adbf6a-5db3-0671-76a8-020bd6ad9b9b">
      <Execution id="a6d14469-7de9-4ee8-982b-3b58d0ac24bc" />
      <TestMethod codeBase="D:\actions-runner\_work\XPCO\XPCO\Common\VideoOS.Utilities\VideoOS.Utilities.UnitTests\bin\Debug\net472\VideoOS.Utilities.UnitTests.dll" adapterTypeName="executor://mstestadapter/v2" className="VideoOS.Utilities.UnitTests.Colors.ColorConverterTests" name="HSL_ImproperlyFormattedHslString_ThrowsArgumentNullException" />
    </UnitTest>
    <UnitTest name="IsValidBase64String_DataDrivenTest (A===,True)" storage="d:\actions-runner\_work\xpco\xpco\common\videoos.utilities\videoos.utilities.unittests\bin\debug\net472\videoos.utilities.unittests.dll" id="004341c7-cec2-0f4b-c539-539d094096cc">
      <Execution id="dcbc1a91-3fbb-4b57-888f-c5101b512663" />
      <TestMethod codeBase="D:\actions-runner\_work\XPCO\XPCO\Common\VideoOS.Utilities\VideoOS.Utilities.UnitTests\bin\Debug\net472\VideoOS.Utilities.UnitTests.dll" adapterTypeName="executor://mstestadapter/v2" className="VideoOS.Utilities.UnitTests.Validation.Base64StringValidatorTests" name="IsValidBase64String_DataDrivenTest" />
    </UnitTest>
    <UnitTest name="CreateExplicit_NoRelativePathTest" storage="d:\actions-runner\_work\xpco\xpco\common\videoos.utilities\videoos.utilities.unittests\bin\debug\net472\videoos.utilities.unittests.dll" id="d6a5b564-6853-d350-20e1-f686b037eba7">
      <Execution id="c040d0f4-3eb1-43c3-bc24-e0710880ca67" />
      <TestMethod codeBase="D:\actions-runner\_work\XPCO\XPCO\Common\VideoOS.Utilities\VideoOS.Utilities.UnitTests\bin\Debug\net472\VideoOS.Utilities.UnitTests.dll" adapterTypeName="executor://mstestadapter/v2" className="VideoOS.Utilities.UnitTests.Windows.UrlPrefixTest" name="CreateExplicit_NoRelativePathTest" />
    </UnitTest>
    <UnitTest name="ChangePassword_ShouldNotWritePassword_WhenUpdateKeyFails" storage="d:\actions-runner\_work\xpco\xpco\common\videoos.utilities\videoos.utilities.unittests\bin\debug\net472\videoos.utilities.unittests.dll" id="d659df81-c32d-32dd-f460-15af9784ff57">
      <Execution id="6eb8b86d-7b94-40a8-85d0-a228aaf72528" />
      <TestMethod codeBase="D:\actions-runner\_work\XPCO\XPCO\Common\VideoOS.Utilities\VideoOS.Utilities.UnitTests\bin\Debug\net472\VideoOS.Utilities.UnitTests.dll" adapterTypeName="executor://mstestadapter/v2" className="VideoOS.Utilities.UnitTests.KeyManagement.KeyManagerTests" name="ChangePassword_ShouldNotWritePassword_WhenUpdateKeyFails" />
    </UnitTest>
    <UnitTest name="IsUpdateNeeded_CustomComparerWorks" storage="d:\actions-runner\_work\xpco\xpco\common\videoos.utilities\videoos.utilities.unittests\bin\debug\net472\videoos.utilities.unittests.dll" id="56def5dd-e68b-62be-8395-de8cbb581964">
      <TestCategory>
        <TestCategoryItem TestCategory="UI.Facilitators" />
      </TestCategory>
      <Execution id="11b7fa93-303b-4d9b-ba95-f615319b8bf8" />
      <TestMethod codeBase="D:\actions-runner\_work\XPCO\XPCO\Common\VideoOS.Utilities\VideoOS.Utilities.UnitTests\bin\Debug\net472\VideoOS.Utilities.UnitTests.dll" adapterTypeName="executor://mstestadapter/v2" className="VideoOS.Utilities.UnitTests.Workflow.CompareItemsUpdateStrategyTests" name="IsUpdateNeeded_CustomComparerWorks" />
    </UnitTest>
    <UnitTest name="Initialize_ValidArgsOffline_Success" storage="d:\actions-runner\_work\xpco\xpco\common\videoos.utilities\videoos.utilities.unittests\bin\debug\net472\videoos.utilities.unittests.dll" id="54bd00e6-9405-3d53-2a2a-6095d7c4f033">
      <TestCategory>
        <TestCategoryItem TestCategory="Help" />
      </TestCategory>
      <Execution id="6e433438-2f6d-481f-9ab5-e07de1211542" />
      <TestMethod codeBase="D:\actions-runner\_work\XPCO\XPCO\Common\VideoOS.Utilities\VideoOS.Utilities.UnitTests\bin\Debug\net472\VideoOS.Utilities.UnitTests.dll" adapterTypeName="executor://mstestadapter/v2" className="VideoOS.Utilities.UnitTests.Help.HelpManagerTests" name="Initialize_ValidArgsOffline_Success" />
    </UnitTest>
    <UnitTest name="SimpleErrorLevel" storage="d:\actions-runner\_work\xpco\xpco\common\videoos.utilities\videoos.utilities.unittests\bin\debug\net472\videoos.utilities.unittests.dll" id="bfd927da-87a0-bf65-ed2b-dd9388826410">
      <Execution id="b5018231-2afb-48ef-a022-9d5a550db665" />
      <TestMethod codeBase="D:\actions-runner\_work\XPCO\XPCO\Common\VideoOS.Utilities\VideoOS.Utilities.UnitTests\bin\Debug\net472\VideoOS.Utilities.UnitTests.dll" adapterTypeName="executor://mstestadapter/v2" className="VideoOS.Utilities.UnitTests.Diagnostics.Levels" name="SimpleErrorLevel" />
    </UnitTest>
    <UnitTest name="FormatTimeSpanStringTest8" storage="d:\actions-runner\_work\xpco\xpco\common\videoos.utilities\videoos.utilities.unittests\bin\debug\net472\videoos.utilities.unittests.dll" id="5a6868e3-15dc-eaff-d9f4-826de8d42491">
      <Execution id="46cf1896-71a2-4d6d-ab0a-d9ae13f326fc" />
      <TestMethod codeBase="D:\actions-runner\_work\XPCO\XPCO\Common\VideoOS.Utilities\VideoOS.Utilities.UnitTests\bin\Debug\net472\VideoOS.Utilities.UnitTests.dll" adapterTypeName="executor://mstestadapter/v2" className="VideoOS.Utilities.UnitTests.StringFormattingTest" name="FormatTimeSpanStringTest8" />
    </UnitTest>
    <UnitTest name="EncryptionFactory_Throws_OnCreateAsymmetricWithPaddingNull" storage="d:\actions-runner\_work\xpco\xpco\common\videoos.utilities\videoos.utilities.unittests\bin\debug\net472\videoos.utilities.unittests.dll" id="86ed0180-2a38-091a-3c64-f74dc552c0af">
      <Execution id="6edb4652-fc44-4188-bc65-ecf3583304fb" />
      <TestMethod codeBase="D:\actions-runner\_work\XPCO\XPCO\Common\VideoOS.Utilities\VideoOS.Utilities.UnitTests\bin\Debug\net472\VideoOS.Utilities.UnitTests.dll" adapterTypeName="executor://mstestadapter/v2" className="VideoOS.Utilities.UnitTests.Cryptography.RsaCngAsymmetricEncryptionTests" name="EncryptionFactory_Throws_OnCreateAsymmetricWithPaddingNull" />
    </UnitTest>
    <UnitTest name="GetSqlConnection_ValidPacketSizeSpecified_Success" storage="d:\actions-runner\_work\xpco\xpco\common\videoos.utilities\videoos.utilities.unittests\bin\debug\net472\videoos.utilities.unittests.dll" id="435bff6e-aa18-203e-c687-662b93130e0e">
      <TestCategory>
        <TestCategoryItem TestCategory="Database" />
      </TestCategory>
      <Execution id="23dc9a97-7024-454f-92d3-bc4377bc24f2" />
      <TestMethod codeBase="D:\actions-runner\_work\XPCO\XPCO\Common\VideoOS.Utilities\VideoOS.Utilities.UnitTests\bin\Debug\net472\VideoOS.Utilities.UnitTests.dll" adapterTypeName="executor://mstestadapter/v2" className="VideoOS.Utilities.UnitTests.Database.SqlConnectionManagerTests" name="GetSqlConnection_ValidPacketSizeSpecified_Success" />
    </UnitTest>
    <UnitTest name="DecryptAfterEncrypt_ShouldReturnSameStringAsInput_WhenUsingPassword" storage="d:\actions-runner\_work\xpco\xpco\common\videoos.utilities\videoos.utilities.unittests\bin\debug\net472\videoos.utilities.unittests.dll" id="b380cbbf-930f-c228-c7ee-eed99192c386">
      <Execution id="2e827447-2d3b-4e3e-ba4c-575ed7cef59e" />
      <TestMethod codeBase="D:\actions-runner\_work\XPCO\XPCO\Common\VideoOS.Utilities\VideoOS.Utilities.UnitTests\bin\Debug\net472\VideoOS.Utilities.UnitTests.dll" adapterTypeName="executor://mstestadapter/v2" className="VideoOS.Utilities.UnitTests.Cryptography.AesSymmetricEncryptionTests" name="DecryptAfterEncrypt_ShouldReturnSameStringAsInput_WhenUsingPassword" />
    </UnitTest>
    <UnitTest name="SecureFolderWithBuiltinAccountGetsCreatedCorrectlySecondTimeItIsCreatedTheSecondUserGettheRightsAdded" storage="d:\actions-runner\_work\xpco\xpco\common\videoos.utilities\videoos.utilities.unittests\bin\debug\net472\videoos.utilities.unittests.dll" id="a93dea9f-f99b-b0ff-bad2-0f984b2c1fde">
      <Execution id="c3551f5f-2466-4c0a-a0f1-0bc0d0fcb762" />
      <TestMethod codeBase="D:\actions-runner\_work\XPCO\XPCO\Common\VideoOS.Utilities\VideoOS.Utilities.UnitTests\bin\Debug\net472\VideoOS.Utilities.UnitTests.dll" adapterTypeName="executor://mstestadapter/v2" className="VideoOS.Utilities.UnitTests.Security.SecureFolderTests" name="SecureFolderWithBuiltinAccountGetsCreatedCorrectlySecondTimeItIsCreatedTheSecondUserGettheRightsAdded" />
    </UnitTest>
    <UnitTest name="Task_Factory_Delay_Cancels" storage="d:\actions-runner\_work\xpco\xpco\common\videoos.utilities\videoos.utilities.unittests\bin\debug\net472\videoos.utilities.unittests.dll" id="020278e1-db17-5a0f-fbe8-5c9de3d6118a">
      <Execution id="f4efe5c1-e10e-4071-96ed-ade9d0baf278" />
      <TestMethod codeBase="D:\actions-runner\_work\XPCO\XPCO\Common\VideoOS.Utilities\VideoOS.Utilities.UnitTests\bin\Debug\net472\VideoOS.Utilities.UnitTests.dll" adapterTypeName="executor://mstestadapter/v2" className="VideoOS.Utilities.UnitTests.Threading.TaskExtensionTest" name="Task_Factory_Delay_Cancels" />
    </UnitTest>
    <UnitTest name="ParserIntegrationTest" storage="d:\actions-runner\_work\xpco\xpco\common\videoos.utilities\videoos.utilities.unittests\bin\debug\net472\videoos.utilities.unittests.dll" id="6afda4e9-9f8c-3237-b982-85b4612c3d18">
      <Execution id="dcc82f39-6f15-4473-88ba-9a879bfc67e1" />
      <TestMethod codeBase="D:\actions-runner\_work\XPCO\XPCO\Common\VideoOS.Utilities\VideoOS.Utilities.UnitTests\bin\Debug\net472\VideoOS.Utilities.UnitTests.dll" adapterTypeName="executor://mstestadapter/v2" className="VideoOS.Utilities.UnitTests.Windows.Http.UrlReservationInfoCollectionWrapperTest" name="ParserIntegrationTest" />
    </UnitTest>
    <UnitTest name="TestIsValidHostName_WithNull" storage="d:\actions-runner\_work\xpco\xpco\common\videoos.utilities\videoos.utilities.unittests\bin\debug\net472\videoos.utilities.unittests.dll" id="a5a83dbc-7dbf-2fc7-63d9-c3c32958ddb2">
      <Execution id="4108e489-bf9e-45f4-b35b-e6aa306b49b8" />
      <TestMethod codeBase="D:\actions-runner\_work\XPCO\XPCO\Common\VideoOS.Utilities\VideoOS.Utilities.UnitTests\bin\Debug\net472\VideoOS.Utilities.UnitTests.dll" adapterTypeName="executor://mstestadapter/v2" className="VideoOS.Utilities.UnitTests.Network.IPHelperTests" name="TestIsValidHostName_WithNull" />
    </UnitTest>
    <UnitTest name="TestValidateAddress_InValidAdresses" storage="d:\actions-runner\_work\xpco\xpco\common\videoos.utilities\videoos.utilities.unittests\bin\debug\net472\videoos.utilities.unittests.dll" id="3637415d-2358-71ca-7a4a-ab98593fbcba">
      <Execution id="0b244ec8-0ba3-4355-a660-3d78e9650dfd" />
      <TestMethod codeBase="D:\actions-runner\_work\XPCO\XPCO\Common\VideoOS.Utilities\VideoOS.Utilities.UnitTests\bin\Debug\net472\VideoOS.Utilities.UnitTests.dll" adapterTypeName="executor://mstestadapter/v2" className="VideoOS.Utilities.UnitTests.Network.IPHelperTests" name="TestValidateAddress_InValidAdresses" />
    </UnitTest>
    <UnitTest name="DatabaseReaderCanBeDisposedMultipleTimes_Success" storage="d:\actions-runner\_work\xpco\xpco\common\videoos.utilities\videoos.utilities.unittests\bin\debug\net472\videoos.utilities.unittests.dll" id="baa373a9-6d62-5c7c-faff-08d5369c08e0">
      <TestCategory>
        <TestCategoryItem TestCategory="DatabaseCommand" />
      </TestCategory>
      <Execution id="5f119a1f-169e-401c-87b1-5112cdc84536" />
      <TestMethod codeBase="D:\actions-runner\_work\XPCO\XPCO\Common\VideoOS.Utilities\VideoOS.Utilities.UnitTests\bin\Debug\net472\VideoOS.Utilities.UnitTests.dll" adapterTypeName="executor://mstestadapter/v2" className="VideoOS.Utilities.UnitTests.Database.DatabaseCommandTest" name="DatabaseReaderCanBeDisposedMultipleTimes_Success" />
    </UnitTest>
    <UnitTest name="HSL_InvalidS_ThrowsArgumentException" storage="d:\actions-runner\_work\xpco\xpco\common\videoos.utilities\videoos.utilities.unittests\bin\debug\net472\videoos.utilities.unittests.dll" id="f0788877-1309-4377-71d6-529ae40b5764">
      <Execution id="f91da2bd-ed31-4ab1-9e46-5c0a6d643355" />
      <TestMethod codeBase="D:\actions-runner\_work\XPCO\XPCO\Common\VideoOS.Utilities\VideoOS.Utilities.UnitTests\bin\Debug\net472\VideoOS.Utilities.UnitTests.dll" adapterTypeName="executor://mstestadapter/v2" className="VideoOS.Utilities.UnitTests.Colors.ColorConverterTests" name="HSL_InvalidS_ThrowsArgumentException" />
    </UnitTest>
    <UnitTest name="ValidateWebAddress_WithHttps" storage="d:\actions-runner\_work\xpco\xpco\common\videoos.utilities\videoos.utilities.unittests\bin\debug\net472\videoos.utilities.unittests.dll" id="1ce37233-b5c5-6528-d384-50e5daf3d106">
      <Execution id="8c189032-64dd-4935-8eb7-0acf2eb147c2" />
      <TestMethod codeBase="D:\actions-runner\_work\XPCO\XPCO\Common\VideoOS.Utilities\VideoOS.Utilities.UnitTests\bin\Debug\net472\VideoOS.Utilities.UnitTests.dll" adapterTypeName="executor://mstestadapter/v2" className="VideoOS.Utilities.UnitTests.Network.AddressValidationTests" name="ValidateWebAddress_WithHttps" />
    </UnitTest>
    <UnitTest name="IsValidBase64String_DataDrivenTest (Device  is  disabled  and will stay    disabled  ,False)" storage="d:\actions-runner\_work\xpco\xpco\common\videoos.utilities\videoos.utilities.unittests\bin\debug\net472\videoos.utilities.unittests.dll" id="ced8d624-bb3c-78ce-0fe9-b24f4b5b4949">
      <Execution id="c03fe0e6-370d-4648-8cfd-6a3c1cd0c65b" />
      <TestMethod codeBase="D:\actions-runner\_work\XPCO\XPCO\Common\VideoOS.Utilities\VideoOS.Utilities.UnitTests\bin\Debug\net472\VideoOS.Utilities.UnitTests.dll" adapterTypeName="executor://mstestadapter/v2" className="VideoOS.Utilities.UnitTests.Validation.Base64StringValidatorTests" name="IsValidBase64String_DataDrivenTest" />
    </UnitTest>
    <UnitTest name="Constructor_SingleReservation_All" storage="d:\actions-runner\_work\xpco\xpco\common\videoos.utilities\videoos.utilities.unittests\bin\debug\net472\videoos.utilities.unittests.dll" id="69427a53-a1fa-451a-dd3d-193fa3d2ed89">
      <Execution id="fb688bba-679e-4ec7-a6c1-84cc050bd59b" />
      <TestMethod codeBase="D:\actions-runner\_work\XPCO\XPCO\Common\VideoOS.Utilities\VideoOS.Utilities.UnitTests\bin\Debug\net472\VideoOS.Utilities.UnitTests.dll" adapterTypeName="executor://mstestadapter/v2" className="VideoOS.Utilities.UnitTests.Windows.Http.UrlReservationInfoCollectionWrapperTest" name="Constructor_SingleReservation_All" />
    </UnitTest>
    <UnitTest name="DatabaseCommandCanBeDisposedMultipleTimes_Success" storage="d:\actions-runner\_work\xpco\xpco\common\videoos.utilities\videoos.utilities.unittests\bin\debug\net472\videoos.utilities.unittests.dll" id="31d41479-fb61-29de-db02-254504f39eb9">
      <TestCategory>
        <TestCategoryItem TestCategory="DatabaseCommand" />
      </TestCategory>
      <Execution id="0a73d141-fe50-4c25-b50d-782a5f3950dc" />
      <TestMethod codeBase="D:\actions-runner\_work\XPCO\XPCO\Common\VideoOS.Utilities\VideoOS.Utilities.UnitTests\bin\Debug\net472\VideoOS.Utilities.UnitTests.dll" adapterTypeName="executor://mstestadapter/v2" className="VideoOS.Utilities.UnitTests.Database.DatabaseCommandTest" name="DatabaseCommandCanBeDisposedMultipleTimes_Success" />
    </UnitTest>
    <UnitTest name="CreateExplicit_IPv4Host" storage="d:\actions-runner\_work\xpco\xpco\common\videoos.utilities\videoos.utilities.unittests\bin\debug\net472\videoos.utilities.unittests.dll" id="954c9117-406b-1754-d99a-c6a327b0d5d4">
      <Execution id="3ead6f58-b5d2-46e8-a719-bdf6c337de98" />
      <TestMethod codeBase="D:\actions-runner\_work\XPCO\XPCO\Common\VideoOS.Utilities\VideoOS.Utilities.UnitTests\bin\Debug\net472\VideoOS.Utilities.UnitTests.dll" adapterTypeName="executor://mstestadapter/v2" className="VideoOS.Utilities.UnitTests.Windows.UrlPrefixTest" name="CreateExplicit_IPv4Host" />
    </UnitTest>
    <UnitTest name="CreateLicenseRequest_Throws_WhenSitePublicKeyIsEmpty" storage="d:\actions-runner\_work\xpco\xpco\common\videoos.utilities\videoos.utilities.unittests\bin\debug\net472\videoos.utilities.unittests.dll" id="4ffad336-8474-5bea-4ff6-f37a84491ec4">
      <Execution id="2f51877e-baa9-4ea6-8128-2019470cd7ec" />
      <TestMethod codeBase="D:\actions-runner\_work\XPCO\XPCO\Common\VideoOS.Utilities\VideoOS.Utilities.UnitTests\bin\Debug\net472\VideoOS.Utilities.UnitTests.dll" adapterTypeName="executor://mstestadapter/v2" className="VideoOS.Utilities.UnitTests.Licensing.LicenseFileHelperTests" name="CreateLicenseRequest_Throws_WhenSitePublicKeyIsEmpty" />
    </UnitTest>
    <UnitTest name="HasKey_ReturnsFalse_WhenKeyIsMissingFromDatabase" storage="d:\actions-runner\_work\xpco\xpco\common\videoos.utilities\videoos.utilities.unittests\bin\debug\net472\videoos.utilities.unittests.dll" id="1fdee127-23bb-ff0c-9276-8ac196e40077">
      <Execution id="09bd5324-a358-441a-983d-c2fe9bddc4e8" />
      <TestMethod codeBase="D:\actions-runner\_work\XPCO\XPCO\Common\VideoOS.Utilities\VideoOS.Utilities.UnitTests\bin\Debug\net472\VideoOS.Utilities.UnitTests.dll" adapterTypeName="executor://mstestadapter/v2" className="VideoOS.Utilities.UnitTests.KeyManagement.DatabaseKeyProviderTests" name="HasKey_ReturnsFalse_WhenKeyIsMissingFromDatabase" />
    </UnitTest>
    <UnitTest name="MacAddressUtilities_CreateHashString_ArgumentException_InvalidSeperator" storage="d:\actions-runner\_work\xpco\xpco\common\videoos.utilities\videoos.utilities.unittests\bin\debug\net472\videoos.utilities.unittests.dll" id="3f9a3040-194a-294c-571d-485d20ffce29">
      <Execution id="3f214624-b708-495b-8d6e-abdeea4a9679" />
      <TestMethod codeBase="D:\actions-runner\_work\XPCO\XPCO\Common\VideoOS.Utilities\VideoOS.Utilities.UnitTests\bin\Debug\net472\VideoOS.Utilities.UnitTests.dll" adapterTypeName="executor://mstestadapter/v2" className="VideoOS.Utilities.UnitTests.Network.MacAddressUtilitiesTests" name="MacAddressUtilities_CreateHashString_ArgumentException_InvalidSeperator" />
    </UnitTest>
    <UnitTest name="ExecuteQueryTestReaderAsync" storage="d:\actions-runner\_work\xpco\xpco\common\videoos.utilities\videoos.utilities.unittests\bin\debug\net472\videoos.utilities.unittests.dll" id="4fb4995f-1c2f-c537-7e80-5b61f9c16899">
      <TestCategory>
        <TestCategoryItem TestCategory="DatabaseCommand" />
      </TestCategory>
      <Execution id="4ba81d1a-a620-4eed-80af-f7801f6f2af8" />
      <TestMethod codeBase="D:\actions-runner\_work\XPCO\XPCO\Common\VideoOS.Utilities\VideoOS.Utilities.UnitTests\bin\Debug\net472\VideoOS.Utilities.UnitTests.dll" adapterTypeName="executor://mstestadapter/v2" className="VideoOS.Utilities.UnitTests.Database.SqlResourceComponentTest" name="ExecuteQueryTestReaderAsync" />
    </UnitTest>
    <UnitTest name="Dequeues_One_Message_Pre_Added" storage="d:\actions-runner\_work\xpco\xpco\common\videoos.utilities\videoos.utilities.unittests\bin\debug\net472\videoos.utilities.unittests.dll" id="87bcbaf6-47af-3501-8b0e-ebb19c6a84c3">
      <Execution id="902cd5af-c22d-4f8a-86e1-71317c44ff1c" />
      <TestMethod codeBase="D:\actions-runner\_work\XPCO\XPCO\Common\VideoOS.Utilities\VideoOS.Utilities.UnitTests\bin\Debug\net472\VideoOS.Utilities.UnitTests.dll" adapterTypeName="executor://mstestadapter/v2" className="VideoOS.Utilities.UnitTests.Collections.LongPollingMessageQueueTest" name="Dequeues_One_Message_Pre_Added" />
    </UnitTest>
    <UnitTest name="DontLogInfoEntries" storage="d:\actions-runner\_work\xpco\xpco\common\videoos.utilities\videoos.utilities.unittests\bin\debug\net472\videoos.utilities.unittests.dll" id="7ed46f28-07a7-c553-1d74-d9036ab1b4c6">
      <Execution id="16ea97e3-6bd1-43ff-a794-fe907c629e06" />
      <TestMethod codeBase="D:\actions-runner\_work\XPCO\XPCO\Common\VideoOS.Utilities\VideoOS.Utilities.UnitTests\bin\Debug\net472\VideoOS.Utilities.UnitTests.dll" adapterTypeName="executor://mstestadapter/v2" className="VideoOS.Utilities.UnitTests.Diagnostics.UnconfiguredLogger" name="DontLogInfoEntries" />
    </UnitTest>
    <UnitTest name="ExecuteReaderTwoRowsAsync" storage="d:\actions-runner\_work\xpco\xpco\common\videoos.utilities\videoos.utilities.unittests\bin\debug\net472\videoos.utilities.unittests.dll" id="4d984853-c57d-8dde-8aa5-0f1125f0ead4">
      <TestCategory>
        <TestCategoryItem TestCategory="DatabaseCommand" />
      </TestCategory>
      <Execution id="c7d7da59-ddcb-47c8-a4ed-b3d6f2aae546" />
      <TestMethod codeBase="D:\actions-runner\_work\XPCO\XPCO\Common\VideoOS.Utilities\VideoOS.Utilities.UnitTests\bin\Debug\net472\VideoOS.Utilities.UnitTests.dll" adapterTypeName="executor://mstestadapter/v2" className="VideoOS.Utilities.UnitTests.Database.DatabaseCommandTest" name="ExecuteReaderTwoRowsAsync" />
    </UnitTest>
    <UnitTest name="Constructor_InitializationCalledTest" storage="d:\actions-runner\_work\xpco\xpco\common\videoos.utilities\videoos.utilities.unittests\bin\debug\net472\videoos.utilities.unittests.dll" id="aebc7b24-a53e-b12c-f50e-a352c1f0fd02">
      <Execution id="eeb8c0b3-5fc4-488d-baba-f3eaa69142a6" />
      <TestMethod codeBase="D:\actions-runner\_work\XPCO\XPCO\Common\VideoOS.Utilities\VideoOS.Utilities.UnitTests\bin\Debug\net472\VideoOS.Utilities.UnitTests.dll" adapterTypeName="executor://mstestadapter/v2" className="VideoOS.Utilities.UnitTests.Windows.Http.HttpSysConfigTest" name="Constructor_InitializationCalledTest" />
    </UnitTest>
    <UnitTest name="EncryptStringDataTest" storage="d:\actions-runner\_work\xpco\xpco\common\videoos.utilities\videoos.utilities.unittests\bin\debug\net472\videoos.utilities.unittests.dll" id="19767e6e-03f1-41e4-1677-97c27b4f568c">
      <Execution id="958f26f8-73d8-4514-89a4-3f5733df4f95" />
      <TestMethod codeBase="D:\actions-runner\_work\XPCO\XPCO\Common\VideoOS.Utilities\VideoOS.Utilities.UnitTests\bin\Debug\net472\VideoOS.Utilities.UnitTests.dll" adapterTypeName="executor://mstestadapter/v2" className="VideoOS.Utilities.UnitTests.Cryptography.Encryption" name="EncryptStringDataTest" />
    </UnitTest>
    <UnitTest name="Parse_InvalidData_InvalidPortTest2" storage="d:\actions-runner\_work\xpco\xpco\common\videoos.utilities\videoos.utilities.unittests\bin\debug\net472\videoos.utilities.unittests.dll" id="3f45bfd3-8a83-50a7-719e-3148e0885f1e">
      <Execution id="4b0cac46-e8cb-427f-b4a9-c274e7bd0967" />
      <TestMethod codeBase="D:\actions-runner\_work\XPCO\XPCO\Common\VideoOS.Utilities\VideoOS.Utilities.UnitTests\bin\Debug\net472\VideoOS.Utilities.UnitTests.dll" adapterTypeName="executor://mstestadapter/v2" className="VideoOS.Utilities.UnitTests.Windows.UrlPrefixTest" name="Parse_InvalidData_InvalidPortTest2" />
    </UnitTest>
    <UnitTest name="IsValidBase64String_DataDrivenTest ( ,False)" storage="d:\actions-runner\_work\xpco\xpco\common\videoos.utilities\videoos.utilities.unittests\bin\debug\net472\videoos.utilities.unittests.dll" id="e9bd4bf2-b5da-2df3-10bc-38140977569d">
      <Execution id="c2514b9e-bbf6-4448-a324-543b38eefc5b" />
      <TestMethod codeBase="D:\actions-runner\_work\XPCO\XPCO\Common\VideoOS.Utilities\VideoOS.Utilities.UnitTests\bin\Debug\net472\VideoOS.Utilities.UnitTests.dll" adapterTypeName="executor://mstestadapter/v2" className="VideoOS.Utilities.UnitTests.Validation.Base64StringValidatorTests" name="IsValidBase64String_DataDrivenTest" />
    </UnitTest>
    <UnitTest name="DecryptAfterEncrypt_ShouldReturnSameByteArray" storage="d:\actions-runner\_work\xpco\xpco\common\videoos.utilities\videoos.utilities.unittests\bin\debug\net472\videoos.utilities.unittests.dll" id="41ab5df0-246c-41ee-1afd-7874e186cabc">
      <Execution id="7b939150-c490-45f7-a2fd-33ce54ee30d5" />
      <TestMethod codeBase="D:\actions-runner\_work\XPCO\XPCO\Common\VideoOS.Utilities\VideoOS.Utilities.UnitTests\bin\Debug\net472\VideoOS.Utilities.UnitTests.dll" adapterTypeName="executor://mstestadapter/v2" className="VideoOS.Utilities.UnitTests.Cryptography.AesSymmetricEncryptionTests" name="DecryptAfterEncrypt_ShouldReturnSameByteArray" />
    </UnitTest>
    <UnitTest name="AccessControlUpdater_SetFileAccessControl_UseNetworkService" storage="d:\actions-runner\_work\xpco\xpco\common\videoos.utilities\videoos.utilities.unittests\bin\debug\net472\videoos.utilities.unittests.dll" id="b21d85f1-a71f-4254-44e7-f0b43c8f4ce2">
      <Execution id="33f9266f-976a-4a4d-b99c-21c9f586e304" />
      <TestMethod codeBase="D:\actions-runner\_work\XPCO\XPCO\Common\VideoOS.Utilities\VideoOS.Utilities.UnitTests\bin\Debug\net472\VideoOS.Utilities.UnitTests.dll" adapterTypeName="executor://mstestadapter/v2" className="VideoOS.Utilities.UnitTests.Security.AccessControlUpdaterTests" name="AccessControlUpdater_SetFileAccessControl_UseNetworkService" />
    </UnitTest>
    <UnitTest name="DetermineLicenseType_InitialLicense_ReturnsLicenseTypeInitial" storage="d:\actions-runner\_work\xpco\xpco\common\videoos.utilities\videoos.utilities.unittests\bin\debug\net472\videoos.utilities.unittests.dll" id="511efe37-5a1d-2f29-8a7a-19f0a3d16960">
      <Execution id="5f8fc2c5-4a90-4b0b-ab71-7a644ac01582" />
      <TestMethod codeBase="D:\actions-runner\_work\XPCO\XPCO\Common\VideoOS.Utilities\VideoOS.Utilities.UnitTests\bin\Debug\net472\VideoOS.Utilities.UnitTests.dll" adapterTypeName="executor://mstestadapter/v2" className="VideoOS.Utilities.UnitTests.Licensing.LicenseFileHelperTests" name="DetermineLicenseType_InitialLicense_ReturnsLicenseTypeInitial" />
    </UnitTest>
    <UnitTest name="FileLoggerWithNameNewDir" storage="d:\actions-runner\_work\xpco\xpco\common\videoos.utilities\videoos.utilities.unittests\bin\debug\net472\videoos.utilities.unittests.dll" id="d24d988b-3555-6244-4353-b7c1f76b55d3">
      <Execution id="c498a9d7-0251-40cf-ab5a-a1b4b45b4bac" />
      <TestMethod codeBase="D:\actions-runner\_work\XPCO\XPCO\Common\VideoOS.Utilities\VideoOS.Utilities.UnitTests\bin\Debug\net472\VideoOS.Utilities.UnitTests.dll" adapterTypeName="executor://mstestadapter/v2" className="VideoOS.Utilities.UnitTests.Diagnostics.ConfiguredLogger" name="FileLoggerWithNameNewDir" />
    </UnitTest>
    <UnitTest name="CreateCommandAsync" storage="d:\actions-runner\_work\xpco\xpco\common\videoos.utilities\videoos.utilities.unittests\bin\debug\net472\videoos.utilities.unittests.dll" id="3e58a3f3-e167-2cb9-8bde-357e5cd2944a">
      <TestCategory>
        <TestCategoryItem TestCategory="DatabaseConnection" />
      </TestCategory>
      <Execution id="5ff82f80-6195-4d85-899d-66c368b88914" />
      <TestMethod codeBase="D:\actions-runner\_work\XPCO\XPCO\Common\VideoOS.Utilities\VideoOS.Utilities.UnitTests\bin\Debug\net472\VideoOS.Utilities.UnitTests.dll" adapterTypeName="executor://mstestadapter/v2" className="VideoOS.Utilities.UnitTests.Database.DatabaseConnectionTests" name="CreateCommandAsync" />
    </UnitTest>
    <UnitTest name="FormatTimeSpanStringTest3" storage="d:\actions-runner\_work\xpco\xpco\common\videoos.utilities\videoos.utilities.unittests\bin\debug\net472\videoos.utilities.unittests.dll" id="39d84630-3e13-bb2a-de9f-5cd03c05fc3b">
      <Execution id="080fd2dc-0ebe-428b-a138-42cd264f75f6" />
      <TestMethod codeBase="D:\actions-runner\_work\XPCO\XPCO\Common\VideoOS.Utilities\VideoOS.Utilities.UnitTests\bin\Debug\net472\VideoOS.Utilities.UnitTests.dll" adapterTypeName="executor://mstestadapter/v2" className="VideoOS.Utilities.UnitTests.StringFormattingTest" name="FormatTimeSpanStringTest3" />
    </UnitTest>
    <UnitTest name="ShowHelp_BeforeInitialize_Exception" storage="d:\actions-runner\_work\xpco\xpco\common\videoos.utilities\videoos.utilities.unittests\bin\debug\net472\videoos.utilities.unittests.dll" id="3456c2ac-6383-db2f-076e-c42d1018058c">
      <TestCategory>
        <TestCategoryItem TestCategory="Help" />
      </TestCategory>
      <Execution id="1ae5b063-9e1a-46df-a04b-b4249ab238b7" />
      <TestMethod codeBase="D:\actions-runner\_work\XPCO\XPCO\Common\VideoOS.Utilities\VideoOS.Utilities.UnitTests\bin\Debug\net472\VideoOS.Utilities.UnitTests.dll" adapterTypeName="executor://mstestadapter/v2" className="VideoOS.Utilities.UnitTests.Help.HelpManagerTests" name="ShowHelp_BeforeInitialize_Exception" />
    </UnitTest>
    <UnitTest name="IsUpdateNeeded_CalculatesAllValues" storage="d:\actions-runner\_work\xpco\xpco\common\videoos.utilities\videoos.utilities.unittests\bin\debug\net472\videoos.utilities.unittests.dll" id="98b9ca62-c4d7-6731-f415-cbad2e4e91b8">
      <TestCategory>
        <TestCategoryItem TestCategory="UI.Facilitators" />
      </TestCategory>
      <Execution id="e5d8d62f-59b7-4ac9-8616-7d4eddf98376" />
      <TestMethod codeBase="D:\actions-runner\_work\XPCO\XPCO\Common\VideoOS.Utilities\VideoOS.Utilities.UnitTests\bin\Debug\net472\VideoOS.Utilities.UnitTests.dll" adapterTypeName="executor://mstestadapter/v2" className="VideoOS.Utilities.UnitTests.Workflow.CompareItemsUpdateStrategyTests" name="IsUpdateNeeded_CalculatesAllValues" />
    </UnitTest>
    <UnitTest name="UpdateKey_ShouldReplaceTheKey" storage="d:\actions-runner\_work\xpco\xpco\common\videoos.utilities\videoos.utilities.unittests\bin\debug\net472\videoos.utilities.unittests.dll" id="ea65016e-24ff-18d8-4db6-a882b2acfbf0">
      <Execution id="0cfd8ca8-4085-4ee1-8ceb-46e1ba7d90fb" />
      <TestMethod codeBase="D:\actions-runner\_work\XPCO\XPCO\Common\VideoOS.Utilities\VideoOS.Utilities.UnitTests\bin\Debug\net472\VideoOS.Utilities.UnitTests.dll" adapterTypeName="executor://mstestadapter/v2" className="VideoOS.Utilities.UnitTests.KeyManagement.DatabaseKeyProviderTests" name="UpdateKey_ShouldReplaceTheKey" />
    </UnitTest>
    <UnitTest name="IsValidBase64String_DataDrivenTest (====,False)" storage="d:\actions-runner\_work\xpco\xpco\common\videoos.utilities\videoos.utilities.unittests\bin\debug\net472\videoos.utilities.unittests.dll" id="4878715f-458a-49dd-3d11-419fd3e2c661">
      <Execution id="86fa1a28-8a78-47f7-9b34-7839edf67c5c" />
      <TestMethod codeBase="D:\actions-runner\_work\XPCO\XPCO\Common\VideoOS.Utilities\VideoOS.Utilities.UnitTests\bin\Debug\net472\VideoOS.Utilities.UnitTests.dll" adapterTypeName="executor://mstestadapter/v2" className="VideoOS.Utilities.UnitTests.Validation.Base64StringValidatorTests" name="IsValidBase64String_DataDrivenTest" />
    </UnitTest>
    <UnitTest name="DatabaseConnectionInfoFromStorage_GetConnectionString_NewPasswordConfigured_Success" storage="d:\actions-runner\_work\xpco\xpco\common\videoos.utilities\videoos.utilities.unittests\bin\debug\net472\videoos.utilities.unittests.dll" id="f367e524-c1bc-ef8d-3a94-8969f7cfeb92">
      <TestCategory>
        <TestCategoryItem TestCategory="Database" />
      </TestCategory>
      <Execution id="a5378bba-d46f-46b6-8611-d92fe1c335ab" />
      <TestMethod codeBase="D:\actions-runner\_work\XPCO\XPCO\Common\VideoOS.Utilities\VideoOS.Utilities.UnitTests\bin\Debug\net472\VideoOS.Utilities.UnitTests.dll" adapterTypeName="executor://mstestadapter/v2" className="VideoOS.Utilities.UnitTests.Database.DatabaseConnectionInfoFromStorageTests" name="DatabaseConnectionInfoFromStorage_GetConnectionString_NewPasswordConfigured_Success" />
    </UnitTest>
    <UnitTest name="Initialize_Heartbeat_InvokedAndIsOnlineUpdated" storage="d:\actions-runner\_work\xpco\xpco\common\videoos.utilities\videoos.utilities.unittests\bin\debug\net472\videoos.utilities.unittests.dll" id="28029fc9-a988-acd3-7aef-3072786cc6bb">
      <TestCategory>
        <TestCategoryItem TestCategory="Help" />
      </TestCategory>
      <Execution id="deb397bd-8023-4563-b5d1-b07d2b8ee2e5" />
      <TestMethod codeBase="D:\actions-runner\_work\XPCO\XPCO\Common\VideoOS.Utilities\VideoOS.Utilities.UnitTests\bin\Debug\net472\VideoOS.Utilities.UnitTests.dll" adapterTypeName="executor://mstestadapter/v2" className="VideoOS.Utilities.UnitTests.Help.HelpManagerTests" name="Initialize_Heartbeat_InvokedAndIsOnlineUpdated" />
    </UnitTest>
    <UnitTest name="DecryptAfterEncrypt_ShouldReturnSameStringAsInput_WhenUsingBase64AndUsingPassword" storage="d:\actions-runner\_work\xpco\xpco\common\videoos.utilities\videoos.utilities.unittests\bin\debug\net472\videoos.utilities.unittests.dll" id="de2b3727-42bd-f3c1-88ed-aedeb1f59a88">
      <Execution id="cabf6cf9-98c6-44ff-b142-be71ae3b7950" />
      <TestMethod codeBase="D:\actions-runner\_work\XPCO\XPCO\Common\VideoOS.Utilities\VideoOS.Utilities.UnitTests\bin\Debug\net472\VideoOS.Utilities.UnitTests.dll" adapterTypeName="executor://mstestadapter/v2" className="VideoOS.Utilities.UnitTests.Cryptography.AesSymmetricEncryptionTests" name="DecryptAfterEncrypt_ShouldReturnSameStringAsInput_WhenUsingBase64AndUsingPassword" />
    </UnitTest>
    <UnitTest name="Initialize_NullArgs_ArgException" storage="d:\actions-runner\_work\xpco\xpco\common\videoos.utilities\videoos.utilities.unittests\bin\debug\net472\videoos.utilities.unittests.dll" id="90f643f5-a90b-25e9-f029-5ed7f28dfb08">
      <TestCategory>
        <TestCategoryItem TestCategory="Help" />
      </TestCategory>
      <Execution id="93d7fd5c-3bfa-424c-975f-83742fd7a348" />
      <TestMethod codeBase="D:\actions-runner\_work\XPCO\XPCO\Common\VideoOS.Utilities\VideoOS.Utilities.UnitTests\bin\Debug\net472\VideoOS.Utilities.UnitTests.dll" adapterTypeName="executor://mstestadapter/v2" className="VideoOS.Utilities.UnitTests.Help.HelpManagerTests" name="Initialize_NullArgs_ArgException" />
    </UnitTest>
    <UnitTest name="ExecuteReaderGetGuid" storage="d:\actions-runner\_work\xpco\xpco\common\videoos.utilities\videoos.utilities.unittests\bin\debug\net472\videoos.utilities.unittests.dll" id="9c8cb3bd-d0b7-5c65-7d6a-ee864f5ff141">
      <TestCategory>
        <TestCategoryItem TestCategory="DatabaseCommand" />
      </TestCategory>
      <Execution id="c349b609-f484-42e9-87d5-aa2009326848" />
      <TestMethod codeBase="D:\actions-runner\_work\XPCO\XPCO\Common\VideoOS.Utilities\VideoOS.Utilities.UnitTests\bin\Debug\net472\VideoOS.Utilities.UnitTests.dll" adapterTypeName="executor://mstestadapter/v2" className="VideoOS.Utilities.UnitTests.Database.DatabaseCommandTest" name="ExecuteReaderGetGuid" />
    </UnitTest>
    <UnitTest name="Given_FeaturesAreAvailable_When_EnsureFeaturesAreInstalled_WithFeaturesThatReporetsbeingRemoved_Then_MethodReturnsTheRemovedFeature" storage="d:\actions-runner\_work\xpco\xpco\common\videoos.utilities\videoos.utilities.unittests\bin\debug\net472\videoos.utilities.unittests.dll" id="4dbfc251-cd7c-e66a-ee68-c214068d0440">
      <Execution id="5b3c6f0d-dfc0-45ff-b942-684853a66a35" />
      <TestMethod codeBase="D:\actions-runner\_work\XPCO\XPCO\Common\VideoOS.Utilities\VideoOS.Utilities.UnitTests\bin\Debug\net472\VideoOS.Utilities.UnitTests.dll" adapterTypeName="executor://mstestadapter/v2" className="VideoOS.Utilities.UnitTests.Dism.DismSessionTest" name="Given_FeaturesAreAvailable_When_EnsureFeaturesAreInstalled_WithFeaturesThatReporetsbeingRemoved_Then_MethodReturnsTheRemovedFeature" />
    </UnitTest>
    <UnitTest name="GetMemoryStorage_WithPassword_Success" storage="d:\actions-runner\_work\xpco\xpco\common\videoos.utilities\videoos.utilities.unittests\bin\debug\net472\videoos.utilities.unittests.dll" id="f5e10d40-7608-a8d3-2b96-00d081cde0c3">
      <TestCategory>
        <TestCategoryItem TestCategory="Database" />
      </TestCategory>
      <Execution id="94b26ce8-281f-47ee-a172-b651df361f94" />
      <TestMethod codeBase="D:\actions-runner\_work\XPCO\XPCO\Common\VideoOS.Utilities\VideoOS.Utilities.UnitTests\bin\Debug\net472\VideoOS.Utilities.UnitTests.dll" adapterTypeName="executor://mstestadapter/v2" className="VideoOS.Utilities.UnitTests.Database.SqlConnectionManagerTests" name="GetMemoryStorage_WithPassword_Success" />
    </UnitTest>
    <UnitTest name="NullCheckDoesNotThrowWhenObjectIsNotNull" storage="d:\actions-runner\_work\xpco\xpco\common\videoos.utilities\videoos.utilities.unittests\bin\debug\net472\videoos.utilities.unittests.dll" id="4a5fd1b3-c1a6-22a8-abb5-64a896ca2adb">
      <Execution id="236ecfd9-2fed-4ed2-9476-74cec669ce40" />
      <TestMethod codeBase="D:\actions-runner\_work\XPCO\XPCO\Common\VideoOS.Utilities\VideoOS.Utilities.UnitTests\bin\Debug\net472\VideoOS.Utilities.UnitTests.dll" adapterTypeName="executor://mstestadapter/v2" className="VideoOS.Utilities.UnitTests.Validation.ValidationTests" name="NullCheckDoesNotThrowWhenObjectIsNotNull" />
    </UnitTest>
    <UnitTest name="ReadPassword_CorrectlyThrowsSecurityException_WhenPermissionsError" storage="d:\actions-runner\_work\xpco\xpco\common\videoos.utilities\videoos.utilities.unittests\bin\debug\net472\videoos.utilities.unittests.dll" id="aec11fee-b228-804c-d242-d960744ceb55">
      <Execution id="a38a9092-bc41-49c1-8181-b62a6cf692b4" />
      <TestMethod codeBase="D:\actions-runner\_work\XPCO\XPCO\Common\VideoOS.Utilities\VideoOS.Utilities.UnitTests\bin\Debug\net472\VideoOS.Utilities.UnitTests.dll" adapterTypeName="executor://mstestadapter/v2" className="VideoOS.Utilities.UnitTests.KeyManagement.FilePasswordProviderTests" name="ReadPassword_CorrectlyThrowsSecurityException_WhenPermissionsError" />
    </UnitTest>
    <UnitTest name="Close_DoubleInvoke_IsOK" storage="d:\actions-runner\_work\xpco\xpco\common\videoos.utilities\videoos.utilities.unittests\bin\debug\net472\videoos.utilities.unittests.dll" id="ccd931b9-83eb-8412-c54e-c74b9b6b8868">
      <TestCategory>
        <TestCategoryItem TestCategory="Help" />
      </TestCategory>
      <Execution id="38990843-b921-4532-8ce1-6e4645941726" />
      <TestMethod codeBase="D:\actions-runner\_work\XPCO\XPCO\Common\VideoOS.Utilities\VideoOS.Utilities.UnitTests\bin\Debug\net472\VideoOS.Utilities.UnitTests.dll" adapterTypeName="executor://mstestadapter/v2" className="VideoOS.Utilities.UnitTests.Help.HelpManagerTests" name="Close_DoubleInvoke_IsOK" />
    </UnitTest>
    <UnitTest name="GetSqlConnection_TrustedConnectionTrue_Success" storage="d:\actions-runner\_work\xpco\xpco\common\videoos.utilities\videoos.utilities.unittests\bin\debug\net472\videoos.utilities.unittests.dll" id="01e65a26-a5d3-bfb1-c381-2771c7672c34">
      <TestCategory>
        <TestCategoryItem TestCategory="Database" />
      </TestCategory>
      <Execution id="4de74763-7a70-4862-b7fb-92568665be81" />
      <TestMethod codeBase="D:\actions-runner\_work\XPCO\XPCO\Common\VideoOS.Utilities\VideoOS.Utilities.UnitTests\bin\Debug\net472\VideoOS.Utilities.UnitTests.dll" adapterTypeName="executor://mstestadapter/v2" className="VideoOS.Utilities.UnitTests.Database.SqlConnectionManagerTests" name="GetSqlConnection_TrustedConnectionTrue_Success" />
    </UnitTest>
    <UnitTest name="Parse_StrongWildcard_Http_WithRelativePathTest" storage="d:\actions-runner\_work\xpco\xpco\common\videoos.utilities\videoos.utilities.unittests\bin\debug\net472\videoos.utilities.unittests.dll" id="02b89666-b70e-5c0e-bed1-fe458440e8cc">
      <Execution id="074a73d3-a093-442d-909c-1fff127004d3" />
      <TestMethod codeBase="D:\actions-runner\_work\XPCO\XPCO\Common\VideoOS.Utilities\VideoOS.Utilities.UnitTests\bin\Debug\net472\VideoOS.Utilities.UnitTests.dll" adapterTypeName="executor://mstestadapter/v2" className="VideoOS.Utilities.UnitTests.Windows.UrlPrefixTest" name="Parse_StrongWildcard_Http_WithRelativePathTest" />
    </UnitTest>
    <UnitTest name="MacAddressUtilities_CreateHashString_Success" storage="d:\actions-runner\_work\xpco\xpco\common\videoos.utilities\videoos.utilities.unittests\bin\debug\net472\videoos.utilities.unittests.dll" id="2e1afd33-f1f3-7f6a-5d1d-b6fdf440414b">
      <Execution id="3b9fe045-972a-452b-b493-e0e5cc96eecf" />
      <TestMethod codeBase="D:\actions-runner\_work\XPCO\XPCO\Common\VideoOS.Utilities\VideoOS.Utilities.UnitTests\bin\Debug\net472\VideoOS.Utilities.UnitTests.dll" adapterTypeName="executor://mstestadapter/v2" className="VideoOS.Utilities.UnitTests.Network.MacAddressUtilitiesTests" name="MacAddressUtilities_CreateHashString_Success" />
    </UnitTest>
    <UnitTest name="FileLoggerWithName" storage="d:\actions-runner\_work\xpco\xpco\common\videoos.utilities\videoos.utilities.unittests\bin\debug\net472\videoos.utilities.unittests.dll" id="1f6812f3-4be6-cb99-f24c-d7757f0c6bc6">
      <Execution id="aaf75a8c-d64a-4456-b976-d4c9e293d01a" />
      <TestMethod codeBase="D:\actions-runner\_work\XPCO\XPCO\Common\VideoOS.Utilities\VideoOS.Utilities.UnitTests\bin\Debug\net472\VideoOS.Utilities.UnitTests.dll" adapterTypeName="executor://mstestadapter/v2" className="VideoOS.Utilities.UnitTests.Diagnostics.ConfiguredLogger" name="FileLoggerWithName" />
    </UnitTest>
    <UnitTest name="EndpointSupportsSsl_InvalidUri_Null_Throws_ArgumentNullException" storage="d:\actions-runner\_work\xpco\xpco\common\videoos.utilities\videoos.utilities.unittests\bin\debug\net472\videoos.utilities.unittests.dll" id="9c9f11d7-7c4b-75ce-a5d7-663cc80417fd">
      <Execution id="972f6141-e755-4d12-943d-732b48059dfa" />
      <TestMethod codeBase="D:\actions-runner\_work\XPCO\XPCO\Common\VideoOS.Utilities\VideoOS.Utilities.UnitTests\bin\Debug\net472\VideoOS.Utilities.UnitTests.dll" adapterTypeName="executor://mstestadapter/v2" className="VideoOS.Utilities.UnitTests.Network.SslUtilitiesTests" name="EndpointSupportsSsl_InvalidUri_Null_Throws_ArgumentNullException" />
    </UnitTest>
    <UnitTest name="HasPassword_ShouldReturnFalse_IfPasswordFileMissing" storage="d:\actions-runner\_work\xpco\xpco\common\videoos.utilities\videoos.utilities.unittests\bin\debug\net472\videoos.utilities.unittests.dll" id="5f8087be-760c-ab73-a579-21273e63e33c">
      <Execution id="9271250e-1237-42c3-b737-1a2839c9d0ba" />
      <TestMethod codeBase="D:\actions-runner\_work\XPCO\XPCO\Common\VideoOS.Utilities\VideoOS.Utilities.UnitTests\bin\Debug\net472\VideoOS.Utilities.UnitTests.dll" adapterTypeName="executor://mstestadapter/v2" className="VideoOS.Utilities.UnitTests.KeyManagement.FilePasswordProviderTests" name="HasPassword_ShouldReturnFalse_IfPasswordFileMissing" />
    </UnitTest>
    <UnitTest name="ShowHelp_OfflineWorkflow__DisplayHtmlHelp_InvokeWithAbsoluteFileUrl" storage="d:\actions-runner\_work\xpco\xpco\common\videoos.utilities\videoos.utilities.unittests\bin\debug\net472\videoos.utilities.unittests.dll" id="180b8821-00b6-0e9c-f8f5-5d38364d16fe">
      <TestCategory>
        <TestCategoryItem TestCategory="Help" />
      </TestCategory>
      <Execution id="9848cef4-0822-4273-b0a9-889e544655e3" />
      <TestMethod codeBase="D:\actions-runner\_work\XPCO\XPCO\Common\VideoOS.Utilities\VideoOS.Utilities.UnitTests\bin\Debug\net472\VideoOS.Utilities.UnitTests.dll" adapterTypeName="executor://mstestadapter/v2" className="VideoOS.Utilities.UnitTests.Help.HelpManagerTests" name="ShowHelp_OfflineWorkflow__DisplayHtmlHelp_InvokeWithAbsoluteFileUrl" />
    </UnitTest>
    <UnitTest name="Task_Factory_Delay_Delays" storage="d:\actions-runner\_work\xpco\xpco\common\videoos.utilities\videoos.utilities.unittests\bin\debug\net472\videoos.utilities.unittests.dll" id="07c9f0f9-ce0a-3e72-5a75-fff685f8ab78">
      <Execution id="041aa5a2-3722-4654-97e7-d1e60263e34e" />
      <TestMethod codeBase="D:\actions-runner\_work\XPCO\XPCO\Common\VideoOS.Utilities\VideoOS.Utilities.UnitTests\bin\Debug\net472\VideoOS.Utilities.UnitTests.dll" adapterTypeName="executor://mstestadapter/v2" className="VideoOS.Utilities.UnitTests.Threading.TaskExtensionTest" name="Task_Factory_Delay_Delays" />
    </UnitTest>
    <UnitTest name="ExecuteNonQueryAsync" storage="d:\actions-runner\_work\xpco\xpco\common\videoos.utilities\videoos.utilities.unittests\bin\debug\net472\videoos.utilities.unittests.dll" id="b5a74696-bf2f-0d90-80f5-207370502a97">
      <TestCategory>
        <TestCategoryItem TestCategory="DatabaseCommand" />
      </TestCategory>
      <Execution id="b80cad15-fad7-41d0-bf0b-74ce26a497d4" />
      <TestMethod codeBase="D:\actions-runner\_work\XPCO\XPCO\Common\VideoOS.Utilities\VideoOS.Utilities.UnitTests\bin\Debug\net472\VideoOS.Utilities.UnitTests.dll" adapterTypeName="executor://mstestadapter/v2" className="VideoOS.Utilities.UnitTests.Database.DatabaseCommandTest" name="ExecuteNonQueryAsync" />
    </UnitTest>
    <UnitTest name="ExecuteScalarAsyncWithCancellationToken" storage="d:\actions-runner\_work\xpco\xpco\common\videoos.utilities\videoos.utilities.unittests\bin\debug\net472\videoos.utilities.unittests.dll" id="1e7ea809-ba13-69e3-4461-e9c6f06053fe">
      <TestCategory>
        <TestCategoryItem TestCategory="DatabaseCommand" />
      </TestCategory>
      <Execution id="a6dae9b7-97ae-43e9-b5d5-faf423a58113" />
      <TestMethod codeBase="D:\actions-runner\_work\XPCO\XPCO\Common\VideoOS.Utilities\VideoOS.Utilities.UnitTests\bin\Debug\net472\VideoOS.Utilities.UnitTests.dll" adapterTypeName="executor://mstestadapter/v2" className="VideoOS.Utilities.UnitTests.Database.DatabaseCommandTest" name="ExecuteScalarAsyncWithCancellationToken" />
    </UnitTest>
    <UnitTest name="EncryptWithPublicKey_DecryptWithPrivateKey" storage="d:\actions-runner\_work\xpco\xpco\common\videoos.utilities\videoos.utilities.unittests\bin\debug\net472\videoos.utilities.unittests.dll" id="63c8c556-dbc7-a549-55de-ddcdddf19634">
      <Execution id="8cce51b4-1b0a-4810-9290-07b28e431f05" />
      <TestMethod codeBase="D:\actions-runner\_work\XPCO\XPCO\Common\VideoOS.Utilities\VideoOS.Utilities.UnitTests\bin\Debug\net472\VideoOS.Utilities.UnitTests.dll" adapterTypeName="executor://mstestadapter/v2" className="VideoOS.Utilities.UnitTests.Cryptography.RsaCngAsymmetricEncryptionTests" name="EncryptWithPublicKey_DecryptWithPrivateKey" />
    </UnitTest>
    <UnitTest name="DatabaseConnectionInfoFromStorage_ReadAndSecureConnectionString_Registry_UnauthorizedAccess" storage="d:\actions-runner\_work\xpco\xpco\common\videoos.utilities\videoos.utilities.unittests\bin\debug\net472\videoos.utilities.unittests.dll" id="041cd636-46f8-6a86-d0da-de8e88283f69">
      <TestCategory>
        <TestCategoryItem TestCategory="Database" />
      </TestCategory>
      <Execution id="090280c7-efd8-4573-bb06-099bb1064bb5" />
      <TestMethod codeBase="D:\actions-runner\_work\XPCO\XPCO\Common\VideoOS.Utilities\VideoOS.Utilities.UnitTests\bin\Debug\net472\VideoOS.Utilities.UnitTests.dll" adapterTypeName="executor://mstestadapter/v2" className="VideoOS.Utilities.UnitTests.Database.DatabaseConnectionInfoFromStorageTests" name="DatabaseConnectionInfoFromStorage_ReadAndSecureConnectionString_Registry_UnauthorizedAccess" />
    </UnitTest>
    <UnitTest name="FormatByteSizeStringExactTest10" storage="d:\actions-runner\_work\xpco\xpco\common\videoos.utilities\videoos.utilities.unittests\bin\debug\net472\videoos.utilities.unittests.dll" id="552a5c00-90d7-2914-85c7-10a59905e17b">
      <Execution id="9d96fbe5-11fc-403a-ba3e-07ba7d1ea2c1" />
      <TestMethod codeBase="D:\actions-runner\_work\XPCO\XPCO\Common\VideoOS.Utilities\VideoOS.Utilities.UnitTests\bin\Debug\net472\VideoOS.Utilities.UnitTests.dll" adapterTypeName="executor://mstestadapter/v2" className="VideoOS.Utilities.UnitTests.StringFormattingTest" name="FormatByteSizeStringExactTest10" />
    </UnitTest>
    <UnitTest name="Construct_RetrievesInvalidConfigurationFromReader_ConnectionStorageReadException_Throws_InvalidConnectionStringException" storage="d:\actions-runner\_work\xpco\xpco\common\videoos.utilities\videoos.utilities.unittests\bin\debug\net472\videoos.utilities.unittests.dll" id="5be3ce35-ce99-9457-150c-dbfb4aa2dbc9">
      <TestCategory>
        <TestCategoryItem TestCategory="Database" />
      </TestCategory>
      <Execution id="8f558da6-4813-4a33-bc09-50f62fdaa7d0" />
      <TestMethod codeBase="D:\actions-runner\_work\XPCO\XPCO\Common\VideoOS.Utilities\VideoOS.Utilities.UnitTests\bin\Debug\net472\VideoOS.Utilities.UnitTests.dll" adapterTypeName="executor://mstestadapter/v2" className="VideoOS.Utilities.UnitTests.Database.SqlConnectionManagerTests" name="Construct_RetrievesInvalidConfigurationFromReader_ConnectionStorageReadException_Throws_InvalidConnectionStringException" />
    </UnitTest>
    <UnitTest name="Constructor_ShouldThrow_WhenFolderPathIsNull" storage="d:\actions-runner\_work\xpco\xpco\common\videoos.utilities\videoos.utilities.unittests\bin\debug\net472\videoos.utilities.unittests.dll" id="1af5b482-b4b6-cb8b-315a-5b596ed32fdf">
      <Execution id="3d174ea5-1812-4965-8936-4dc5e37a2a4f" />
      <TestMethod codeBase="D:\actions-runner\_work\XPCO\XPCO\Common\VideoOS.Utilities\VideoOS.Utilities.UnitTests\bin\Debug\net472\VideoOS.Utilities.UnitTests.dll" adapterTypeName="executor://mstestadapter/v2" className="VideoOS.Utilities.UnitTests.KeyManagement.FileWritingSessionTests" name="Constructor_ShouldThrow_WhenFolderPathIsNull" />
    </UnitTest>
    <UnitTest name="Given_FeaturesAreAvailableAndSomeOfTheFeaturesAlreaddyInstalled_When_EnsureFeaturesAreInstalled_FeaturesThatInstallsSucces_Then_EnableFeaturesAreCalledWithExpectedArgumentsAndMethodReturnsInstalled" storage="d:\actions-runner\_work\xpco\xpco\common\videoos.utilities\videoos.utilities.unittests\bin\debug\net472\videoos.utilities.unittests.dll" id="a80f4070-2dfe-33e0-d5b2-9dc837f5874a">
      <Execution id="2e84ea83-da3f-447f-820d-a0e5935561fe" />
      <TestMethod codeBase="D:\actions-runner\_work\XPCO\XPCO\Common\VideoOS.Utilities\VideoOS.Utilities.UnitTests\bin\Debug\net472\VideoOS.Utilities.UnitTests.dll" adapterTypeName="executor://mstestadapter/v2" className="VideoOS.Utilities.UnitTests.Dism.DismSessionTest" name="Given_FeaturesAreAvailableAndSomeOfTheFeaturesAlreaddyInstalled_When_EnsureFeaturesAreInstalled_FeaturesThatInstallsSucces_Then_EnableFeaturesAreCalledWithExpectedArgumentsAndMethodReturnsInstalled" />
    </UnitTest>
    <UnitTest name="RemoveInvalidXMLChars_Text_Escaped_Chars" storage="d:\actions-runner\_work\xpco\xpco\common\videoos.utilities\videoos.utilities.unittests\bin\debug\net472\videoos.utilities.unittests.dll" id="26350551-6953-223e-76e4-b0ce05990dca">
      <Execution id="4d0ea999-3d89-4826-aa55-1f16b417aeb4" />
      <TestMethod codeBase="D:\actions-runner\_work\XPCO\XPCO\Common\VideoOS.Utilities\VideoOS.Utilities.UnitTests\bin\Debug\net472\VideoOS.Utilities.UnitTests.dll" adapterTypeName="executor://mstestadapter/v2" className="VideoOS.Utilities.UnitTests.Formatting.CharacterTests" name="RemoveInvalidXMLChars_Text_Escaped_Chars" />
    </UnitTest>
    <UnitTest name="WhenExecuteNonQueryFailsDatabaseExceptionsAreThrownWithCorrectErrorNumber" storage="d:\actions-runner\_work\xpco\xpco\common\videoos.utilities\videoos.utilities.unittests\bin\debug\net472\videoos.utilities.unittests.dll" id="b26b8179-2692-f99f-57c1-62402983fe30">
      <TestCategory>
        <TestCategoryItem TestCategory="DatabaseCommand" />
      </TestCategory>
      <Execution id="c855ce4c-2d60-4f93-a7ad-6d47a5bb28f6" />
      <TestMethod codeBase="D:\actions-runner\_work\XPCO\XPCO\Common\VideoOS.Utilities\VideoOS.Utilities.UnitTests\bin\Debug\net472\VideoOS.Utilities.UnitTests.dll" adapterTypeName="executor://mstestadapter/v2" className="VideoOS.Utilities.UnitTests.Database.DatabaseCommandTest" name="WhenExecuteNonQueryFailsDatabaseExceptionsAreThrownWithCorrectErrorNumber" />
    </UnitTest>
    <UnitTest name="FormatTimeSpanStringTest4" storage="d:\actions-runner\_work\xpco\xpco\common\videoos.utilities\videoos.utilities.unittests\bin\debug\net472\videoos.utilities.unittests.dll" id="5807c780-3308-306a-b3ff-0496876717a2">
      <Execution id="9013028f-14f2-47e7-9a83-5ba98fb1ee98" />
      <TestMethod codeBase="D:\actions-runner\_work\XPCO\XPCO\Common\VideoOS.Utilities\VideoOS.Utilities.UnitTests\bin\Debug\net472\VideoOS.Utilities.UnitTests.dll" adapterTypeName="executor://mstestadapter/v2" className="VideoOS.Utilities.UnitTests.StringFormattingTest" name="FormatTimeSpanStringTest4" />
    </UnitTest>
    <UnitTest name="CreateExplicit_InvalidPort" storage="d:\actions-runner\_work\xpco\xpco\common\videoos.utilities\videoos.utilities.unittests\bin\debug\net472\videoos.utilities.unittests.dll" id="8bd6f728-bd8c-a59b-29b2-ad423ed63182">
      <Execution id="1826af68-22df-40bb-a0d3-35479322293f" />
      <TestMethod codeBase="D:\actions-runner\_work\XPCO\XPCO\Common\VideoOS.Utilities\VideoOS.Utilities.UnitTests\bin\Debug\net472\VideoOS.Utilities.UnitTests.dll" adapterTypeName="executor://mstestadapter/v2" className="VideoOS.Utilities.UnitTests.Windows.UrlPrefixTest" name="CreateExplicit_InvalidPort" />
    </UnitTest>
    <UnitTest name="FormatByteSizeStringExactUlongTest12" storage="d:\actions-runner\_work\xpco\xpco\common\videoos.utilities\videoos.utilities.unittests\bin\debug\net472\videoos.utilities.unittests.dll" id="134b6de9-b038-4f94-f3f5-719f775f15b7">
      <Execution id="8aeeb55f-4c80-4736-97d3-d4e4c8e5afc3" />
      <TestMethod codeBase="D:\actions-runner\_work\XPCO\XPCO\Common\VideoOS.Utilities\VideoOS.Utilities.UnitTests\bin\Debug\net472\VideoOS.Utilities.UnitTests.dll" adapterTypeName="executor://mstestadapter/v2" className="VideoOS.Utilities.UnitTests.StringFormattingTest" name="FormatByteSizeStringExactUlongTest12" />
    </UnitTest>
    <UnitTest name="CreateLicenseRequest_CanRetrievePayload" storage="d:\actions-runner\_work\xpco\xpco\common\videoos.utilities\videoos.utilities.unittests\bin\debug\net472\videoos.utilities.unittests.dll" id="79fb4624-f3db-c41b-1848-8c3122dc8342">
      <Execution id="cf449a8e-15be-468c-a080-c360469c2a49" />
      <TestMethod codeBase="D:\actions-runner\_work\XPCO\XPCO\Common\VideoOS.Utilities\VideoOS.Utilities.UnitTests\bin\Debug\net472\VideoOS.Utilities.UnitTests.dll" adapterTypeName="executor://mstestadapter/v2" className="VideoOS.Utilities.UnitTests.Licensing.LicenseFileHelperTests" name="CreateLicenseRequest_CanRetrievePayload" />
    </UnitTest>
    <UnitTest name="Constructor_ShouldThrowArgumentNullException_WhenSecureFolderIsNull" storage="d:\actions-runner\_work\xpco\xpco\common\videoos.utilities\videoos.utilities.unittests\bin\debug\net472\videoos.utilities.unittests.dll" id="e60a23b1-5d6b-f911-7213-6c4009dad4ad">
      <Execution id="55e0960c-4f59-4c27-85dc-6a94c564c216" />
      <TestMethod codeBase="D:\actions-runner\_work\XPCO\XPCO\Common\VideoOS.Utilities\VideoOS.Utilities.UnitTests\bin\Debug\net472\VideoOS.Utilities.UnitTests.dll" adapterTypeName="executor://mstestadapter/v2" className="VideoOS.Utilities.UnitTests.KeyManagement.FilePasswordProviderTests" name="Constructor_ShouldThrowArgumentNullException_WhenSecureFolderIsNull" />
    </UnitTest>
    <UnitTest name="CheckSignatureWithPrivateKey" storage="d:\actions-runner\_work\xpco\xpco\common\videoos.utilities\videoos.utilities.unittests\bin\debug\net472\videoos.utilities.unittests.dll" id="56051ed0-205a-9d34-ae90-d28c4f629459">
      <Execution id="4035fb9b-d40a-4ac5-b6fd-10bebffa1ad3" />
      <TestMethod codeBase="D:\actions-runner\_work\XPCO\XPCO\Common\VideoOS.Utilities\VideoOS.Utilities.UnitTests\bin\Debug\net472\VideoOS.Utilities.UnitTests.dll" adapterTypeName="executor://mstestadapter/v2" className="VideoOS.Utilities.UnitTests.Cryptography.StringSignatures" name="CheckSignatureWithPrivateKey" />
    </UnitTest>
    <UnitTest name="Get_Parameters_Success" storage="d:\actions-runner\_work\xpco\xpco\common\videoos.utilities\videoos.utilities.unittests\bin\debug\net472\videoos.utilities.unittests.dll" id="348cb3a9-a2d2-4d6a-46ed-c7bfff61a1e9">
      <TestCategory>
        <TestCategoryItem TestCategory="DatabaseColumnBinder" />
      </TestCategory>
      <Execution id="1cd295ea-7da8-4f98-a834-5311a98187a8" />
      <TestMethod codeBase="D:\actions-runner\_work\XPCO\XPCO\Common\VideoOS.Utilities\VideoOS.Utilities.UnitTests\bin\Debug\net472\VideoOS.Utilities.UnitTests.dll" adapterTypeName="executor://mstestadapter/v2" className="VideoOS.Utilities.UnitTests.Database.DatabaseColumnBinderTests" name="Get_Parameters_Success" />
    </UnitTest>
    <UnitTest name="ScheduleNextRun_CalledOnce_AfterTimedDelayTriggered_Success" storage="d:\actions-runner\_work\xpco\xpco\common\videoos.utilities\videoos.utilities.unittests\bin\debug\net472\videoos.utilities.unittests.dll" id="a537d233-e850-29a6-d913-096e4438abfa">
      <TestCategory>
        <TestCategoryItem TestCategory="VideoOS Utilities Timers" />
      </TestCategory>
      <Execution id="2af43b2c-e65f-4a24-a88e-0bbb1596f3c4" />
      <TestMethod codeBase="D:\actions-runner\_work\XPCO\XPCO\Common\VideoOS.Utilities\VideoOS.Utilities.UnitTests\bin\Debug\net472\VideoOS.Utilities.UnitTests.dll" adapterTypeName="executor://mstestadapter/v2" className="VideoOS.Utilities.UnitTests.Threading.BaseTimeDelayedThreadTests" name="ScheduleNextRun_CalledOnce_AfterTimedDelayTriggered_Success" />
    </UnitTest>
    <UnitTest name="ReadKey_ShouldFetchKey_WhenUsingFreshDatabase" storage="d:\actions-runner\_work\xpco\xpco\common\videoos.utilities\videoos.utilities.unittests\bin\debug\net472\videoos.utilities.unittests.dll" id="22e18a3c-fbe2-f5a0-ac98-8ca4729414c8">
      <Execution id="6049934b-4c08-4e4a-b384-6c61e28d28ed" />
      <TestMethod codeBase="D:\actions-runner\_work\XPCO\XPCO\Common\VideoOS.Utilities\VideoOS.Utilities.UnitTests\bin\Debug\net472\VideoOS.Utilities.UnitTests.dll" adapterTypeName="executor://mstestadapter/v2" className="VideoOS.Utilities.UnitTests.KeyManagement.DatabaseKeyProviderTests" name="ReadKey_ShouldFetchKey_WhenUsingFreshDatabase" />
    </UnitTest>
    <UnitTest name="ReadPassword_CorrectlyThrowsIOException_WhenMissingFileOrFolder" storage="d:\actions-runner\_work\xpco\xpco\common\videoos.utilities\videoos.utilities.unittests\bin\debug\net472\videoos.utilities.unittests.dll" id="0a10c4f5-63d2-9d6e-7859-29baf43ee467">
      <Execution id="8de092f0-8dcf-4252-82da-fa78f4d44f2b" />
      <TestMethod codeBase="D:\actions-runner\_work\XPCO\XPCO\Common\VideoOS.Utilities\VideoOS.Utilities.UnitTests\bin\Debug\net472\VideoOS.Utilities.UnitTests.dll" adapterTypeName="executor://mstestadapter/v2" className="VideoOS.Utilities.UnitTests.KeyManagement.FilePasswordProviderTests" name="ReadPassword_CorrectlyThrowsIOException_WhenMissingFileOrFolder" />
    </UnitTest>
    <UnitTest name="FormatByteSizeStringTest3" storage="d:\actions-runner\_work\xpco\xpco\common\videoos.utilities\videoos.utilities.unittests\bin\debug\net472\videoos.utilities.unittests.dll" id="640f2c79-4967-64e1-22df-3628571d9acc">
      <Execution id="5e1511ea-1a79-4dc6-acd0-22c804b2c632" />
      <TestMethod codeBase="D:\actions-runner\_work\XPCO\XPCO\Common\VideoOS.Utilities\VideoOS.Utilities.UnitTests\bin\Debug\net472\VideoOS.Utilities.UnitTests.dll" adapterTypeName="executor://mstestadapter/v2" className="VideoOS.Utilities.UnitTests.StringFormattingTest" name="FormatByteSizeStringTest3" />
    </UnitTest>
    <UnitTest name="ValidateWebAddress_WithHttp" storage="d:\actions-runner\_work\xpco\xpco\common\videoos.utilities\videoos.utilities.unittests\bin\debug\net472\videoos.utilities.unittests.dll" id="f03729f0-d331-f104-9fc2-6da799ef6144">
      <Execution id="6b786fb6-a3a0-4000-8bfc-07015d4c190a" />
      <TestMethod codeBase="D:\actions-runner\_work\XPCO\XPCO\Common\VideoOS.Utilities\VideoOS.Utilities.UnitTests\bin\Debug\net472\VideoOS.Utilities.UnitTests.dll" adapterTypeName="executor://mstestadapter/v2" className="VideoOS.Utilities.UnitTests.Network.AddressValidationTests" name="ValidateWebAddress_WithHttp" />
    </UnitTest>
    <UnitTest name="HashingUtilities_CreateHashString_ArgumentNull" storage="d:\actions-runner\_work\xpco\xpco\common\videoos.utilities\videoos.utilities.unittests\bin\debug\net472\videoos.utilities.unittests.dll" id="b4febf0c-e78e-506a-21fa-fc3ca5cd1abc">
      <Execution id="bddd8efe-f148-41ae-9ade-39ed280495f5" />
      <TestMethod codeBase="D:\actions-runner\_work\XPCO\XPCO\Common\VideoOS.Utilities\VideoOS.Utilities.UnitTests\bin\Debug\net472\VideoOS.Utilities.UnitTests.dll" adapterTypeName="executor://mstestadapter/v2" className="VideoOS.Utilities.UnitTests.Network.HashingUtilitiesTests" name="HashingUtilities_CreateHashString_ArgumentNull" />
    </UnitTest>
    <UnitTest name="Given_FeaturesAreAvailableWithUnexpectedState_When_EnsureFeaturesAreInstalled_Then_MethodReturnsTheFeatureWithUnexpectedState" storage="d:\actions-runner\_work\xpco\xpco\common\videoos.utilities\videoos.utilities.unittests\bin\debug\net472\videoos.utilities.unittests.dll" id="d9f9c2c8-093d-13e9-89bd-1a9656a82bad">
      <Execution id="8d3e8482-3243-4bea-9b9d-7db4ca61dde2" />
      <TestMethod codeBase="D:\actions-runner\_work\XPCO\XPCO\Common\VideoOS.Utilities\VideoOS.Utilities.UnitTests\bin\Debug\net472\VideoOS.Utilities.UnitTests.dll" adapterTypeName="executor://mstestadapter/v2" className="VideoOS.Utilities.UnitTests.Dism.DismSessionTest" name="Given_FeaturesAreAvailableWithUnexpectedState_When_EnsureFeaturesAreInstalled_Then_MethodReturnsTheFeatureWithUnexpectedState" />
    </UnitTest>
    <UnitTest name="FormatByteSizeStringExactTest4" storage="d:\actions-runner\_work\xpco\xpco\common\videoos.utilities\videoos.utilities.unittests\bin\debug\net472\videoos.utilities.unittests.dll" id="487c7291-c30a-e14f-23c4-0aa9f3ead4c2">
      <Execution id="312c823f-62d9-4226-b8fe-d935c006234b" />
      <TestMethod codeBase="D:\actions-runner\_work\XPCO\XPCO\Common\VideoOS.Utilities\VideoOS.Utilities.UnitTests\bin\Debug\net472\VideoOS.Utilities.UnitTests.dll" adapterTypeName="executor://mstestadapter/v2" className="VideoOS.Utilities.UnitTests.StringFormattingTest" name="FormatByteSizeStringExactTest4" />
    </UnitTest>
    <UnitTest name="UseImportedConfigurationWithExternalBase64IV" storage="d:\actions-runner\_work\xpco\xpco\common\videoos.utilities\videoos.utilities.unittests\bin\debug\net472\videoos.utilities.unittests.dll" id="b642816d-4d24-8990-3894-7f013ee38898">
      <Execution id="4f010182-29d2-46d7-ab7e-9971f08dc9d7" />
      <TestMethod codeBase="D:\actions-runner\_work\XPCO\XPCO\Common\VideoOS.Utilities\VideoOS.Utilities.UnitTests\bin\Debug\net472\VideoOS.Utilities.UnitTests.dll" adapterTypeName="executor://mstestadapter/v2" className="VideoOS.Utilities.UnitTests.Cryptography.Encryption" name="UseImportedConfigurationWithExternalBase64IV" />
    </UnitTest>
    <UnitTest name="BulkProcessor_MoreItemsInQueueThanBulkSize_ItemsInBulkEqualsBulkSize" storage="d:\actions-runner\_work\xpco\xpco\common\videoos.utilities\videoos.utilities.unittests\bin\debug\net472\videoos.utilities.unittests.dll" id="8a58a8dd-6e74-59e0-5a8b-8a3cdd925c79">
      <Execution id="a2671fc8-f197-458a-9937-b8ed9ada5799" />
      <TestMethod codeBase="D:\actions-runner\_work\XPCO\XPCO\Common\VideoOS.Utilities\VideoOS.Utilities.UnitTests\bin\Debug\net472\VideoOS.Utilities.UnitTests.dll" adapterTypeName="executor://mstestadapter/v2" className="VideoOS.Utilities.BulkProcessing.UnitTests.BulkProcessorUnitTest" name="BulkProcessor_MoreItemsInQueueThanBulkSize_ItemsInBulkEqualsBulkSize" />
    </UnitTest>
    <UnitTest name="ConstructDisposeConnection_Success" storage="d:\actions-runner\_work\xpco\xpco\common\videoos.utilities\videoos.utilities.unittests\bin\debug\net472\videoos.utilities.unittests.dll" id="b1f69e38-77d1-ee6d-147d-e342e18f3b47">
      <TestCategory>
        <TestCategoryItem TestCategory="DatabaseConnection" />
      </TestCategory>
      <Execution id="756c9fff-0ef0-4d42-a2e9-f11ac4b3ec29" />
      <TestMethod codeBase="D:\actions-runner\_work\XPCO\XPCO\Common\VideoOS.Utilities\VideoOS.Utilities.UnitTests\bin\Debug\net472\VideoOS.Utilities.UnitTests.dll" adapterTypeName="executor://mstestadapter/v2" className="VideoOS.Utilities.UnitTests.Database.DatabaseConnectionTests" name="ConstructDisposeConnection_Success" />
    </UnitTest>
    <UnitTest name="FormatTimeSpanStringTest6" storage="d:\actions-runner\_work\xpco\xpco\common\videoos.utilities\videoos.utilities.unittests\bin\debug\net472\videoos.utilities.unittests.dll" id="1f116986-35db-8dcf-83c8-e827ad240cba">
      <Execution id="a614893b-36b3-4bdc-bc60-d061f18c206c" />
      <TestMethod codeBase="D:\actions-runner\_work\XPCO\XPCO\Common\VideoOS.Utilities\VideoOS.Utilities.UnitTests\bin\Debug\net472\VideoOS.Utilities.UnitTests.dll" adapterTypeName="executor://mstestadapter/v2" className="VideoOS.Utilities.UnitTests.StringFormattingTest" name="FormatTimeSpanStringTest6" />
    </UnitTest>
    <UnitTest name="MacAddressUtilities_CreateHashString_ArgumentNull" storage="d:\actions-runner\_work\xpco\xpco\common\videoos.utilities\videoos.utilities.unittests\bin\debug\net472\videoos.utilities.unittests.dll" id="bb71366c-0430-34ad-e4e3-0922219f5db7">
      <Execution id="e749f3e4-75ee-4e72-9d7d-4c22265b04e1" />
      <TestMethod codeBase="D:\actions-runner\_work\XPCO\XPCO\Common\VideoOS.Utilities\VideoOS.Utilities.UnitTests\bin\Debug\net472\VideoOS.Utilities.UnitTests.dll" adapterTypeName="executor://mstestadapter/v2" className="VideoOS.Utilities.UnitTests.Network.MacAddressUtilitiesTests" name="MacAddressUtilities_CreateHashString_ArgumentNull" />
    </UnitTest>
    <UnitTest name="Constructor_ShouldThrow_WhenSecureFolderIsNull" storage="d:\actions-runner\_work\xpco\xpco\common\videoos.utilities\videoos.utilities.unittests\bin\debug\net472\videoos.utilities.unittests.dll" id="ed3de6dd-8f36-30c1-6222-3d0da5b20a19">
      <Execution id="e2b8a9d8-bfab-4b89-af06-7b5cf01390d1" />
      <TestMethod codeBase="D:\actions-runner\_work\XPCO\XPCO\Common\VideoOS.Utilities\VideoOS.Utilities.UnitTests\bin\Debug\net472\VideoOS.Utilities.UnitTests.dll" adapterTypeName="executor://mstestadapter/v2" className="VideoOS.Utilities.UnitTests.KeyManagement.FileWritingSessionTests" name="Constructor_ShouldThrow_WhenSecureFolderIsNull" />
    </UnitTest>
    <UnitTest name="EncryptKey_ShouldThrow_KeyWrongLenght" storage="d:\actions-runner\_work\xpco\xpco\common\videoos.utilities\videoos.utilities.unittests\bin\debug\net472\videoos.utilities.unittests.dll" id="2d732d99-5668-950b-70cf-b930fe884f89">
      <Execution id="3f417d7c-d81f-4d6c-a6c9-63956fe7bec7" />
      <TestMethod codeBase="D:\actions-runner\_work\XPCO\XPCO\Common\VideoOS.Utilities\VideoOS.Utilities.UnitTests\bin\Debug\net472\VideoOS.Utilities.UnitTests.dll" adapterTypeName="executor://mstestadapter/v2" className="VideoOS.Utilities.UnitTests.KeyManagement.EncryptionProviderTests" name="EncryptKey_ShouldThrow_KeyWrongLenght" />
    </UnitTest>
    <UnitTest name="Decode_WhenDataIsNull_Exception" storage="d:\actions-runner\_work\xpco\xpco\common\videoos.utilities\videoos.utilities.unittests\bin\debug\net472\videoos.utilities.unittests.dll" id="ff700ff8-f06d-2396-a611-610895971f2c">
      <Execution id="ff7f10b3-1ce8-43f5-9ff7-ff8272c090b4" />
      <TestMethod codeBase="D:\actions-runner\_work\XPCO\XPCO\Common\VideoOS.Utilities\VideoOS.Utilities.UnitTests\bin\Debug\net472\VideoOS.Utilities.UnitTests.dll" adapterTypeName="executor://mstestadapter/v2" className="VideoOS.Utilities.UnitTests.Formatting.Base64EncoderTest" name="Decode_WhenDataIsNull_Exception" />
    </UnitTest>
    <UnitTest name="FormatByteSizeStringExactTest1" storage="d:\actions-runner\_work\xpco\xpco\common\videoos.utilities\videoos.utilities.unittests\bin\debug\net472\videoos.utilities.unittests.dll" id="bd94d8bc-ab63-7767-a91c-935732aae600">
      <Execution id="c2dbc0d5-f535-44db-a7e1-452acfb5d0c6" />
      <TestMethod codeBase="D:\actions-runner\_work\XPCO\XPCO\Common\VideoOS.Utilities\VideoOS.Utilities.UnitTests\bin\Debug\net472\VideoOS.Utilities.UnitTests.dll" adapterTypeName="executor://mstestadapter/v2" className="VideoOS.Utilities.UnitTests.StringFormattingTest" name="FormatByteSizeStringExactTest1" />
    </UnitTest>
    <UnitTest name="CheckSignatureWithChangedSignature" storage="d:\actions-runner\_work\xpco\xpco\common\videoos.utilities\videoos.utilities.unittests\bin\debug\net472\videoos.utilities.unittests.dll" id="c915de97-2303-a6b8-fd02-ef6b7a768381">
      <Execution id="86d545e5-e79f-4383-8594-8bc78ed0c0f4" />
      <TestMethod codeBase="D:\actions-runner\_work\XPCO\XPCO\Common\VideoOS.Utilities\VideoOS.Utilities.UnitTests\bin\Debug\net472\VideoOS.Utilities.UnitTests.dll" adapterTypeName="executor://mstestadapter/v2" className="VideoOS.Utilities.UnitTests.Cryptography.StringSignatures" name="CheckSignatureWithChangedSignature" />
    </UnitTest>
    <UnitTest name="CheckSignatureWithChangedData" storage="d:\actions-runner\_work\xpco\xpco\common\videoos.utilities\videoos.utilities.unittests\bin\debug\net472\videoos.utilities.unittests.dll" id="c5cdcf4b-343d-7523-c4d6-145aa870108c">
      <Execution id="fde8f153-1584-4591-93fb-20aaf6b11d12" />
      <TestMethod codeBase="D:\actions-runner\_work\XPCO\XPCO\Common\VideoOS.Utilities\VideoOS.Utilities.UnitTests\bin\Debug\net472\VideoOS.Utilities.UnitTests.dll" adapterTypeName="executor://mstestadapter/v2" className="VideoOS.Utilities.UnitTests.Cryptography.StringSignatures" name="CheckSignatureWithChangedData" />
    </UnitTest>
    <UnitTest name="PrettifyInlineXmlStringTest2" storage="d:\actions-runner\_work\xpco\xpco\common\videoos.utilities\videoos.utilities.unittests\bin\debug\net472\videoos.utilities.unittests.dll" id="d0f4ce70-1398-984e-fbab-b31f8b0772af">
      <Execution id="04fa6af5-e810-4beb-908a-533846a72a2f" />
      <TestMethod codeBase="D:\actions-runner\_work\XPCO\XPCO\Common\VideoOS.Utilities\VideoOS.Utilities.UnitTests\bin\Debug\net472\VideoOS.Utilities.UnitTests.dll" adapterTypeName="executor://mstestadapter/v2" className="VideoOS.Utilities.UnitTests.StringFormattingTest" name="PrettifyInlineXmlStringTest2" />
    </UnitTest>
    <UnitTest name="GenerateKey_NotEqualToDefault" storage="d:\actions-runner\_work\xpco\xpco\common\videoos.utilities\videoos.utilities.unittests\bin\debug\net472\videoos.utilities.unittests.dll" id="27a9f2fd-209f-b60a-fd64-787694905fbb">
      <Execution id="4929b4a1-c293-4de4-a2ec-6395ade7e7f3" />
      <TestMethod codeBase="D:\actions-runner\_work\XPCO\XPCO\Common\VideoOS.Utilities\VideoOS.Utilities.UnitTests\bin\Debug\net472\VideoOS.Utilities.UnitTests.dll" adapterTypeName="executor://mstestadapter/v2" className="VideoOS.Utilities.UnitTests.Cryptography.AesSymmetricEncryptionTests" name="GenerateKey_NotEqualToDefault" />
    </UnitTest>
    <UnitTest name="RemoveInvalidXMLChars_Spaces_SameResult" storage="d:\actions-runner\_work\xpco\xpco\common\videoos.utilities\videoos.utilities.unittests\bin\debug\net472\videoos.utilities.unittests.dll" id="6858e7db-ba67-0f38-ef05-6651a9a30c51">
      <Execution id="1da87823-0562-4b34-9d57-80026a443000" />
      <TestMethod codeBase="D:\actions-runner\_work\XPCO\XPCO\Common\VideoOS.Utilities\VideoOS.Utilities.UnitTests\bin\Debug\net472\VideoOS.Utilities.UnitTests.dll" adapterTypeName="executor://mstestadapter/v2" className="VideoOS.Utilities.UnitTests.Formatting.CharacterTests" name="RemoveInvalidXMLChars_Spaces_SameResult" />
    </UnitTest>
    <UnitTest name="ThrowingNonRetryableExcepionWithinRetryableBlockThrows" storage="d:\actions-runner\_work\xpco\xpco\common\videoos.utilities\videoos.utilities.unittests\bin\debug\net472\videoos.utilities.unittests.dll" id="8b97d570-fb7f-b0b3-b222-24bcdf5045a8">
      <TestCategory>
        <TestCategoryItem TestCategory="DatabaseConnection" />
      </TestCategory>
      <Execution id="bfe5379d-1d03-4a93-ad88-25105b702dde" />
      <TestMethod codeBase="D:\actions-runner\_work\XPCO\XPCO\Common\VideoOS.Utilities\VideoOS.Utilities.UnitTests\bin\Debug\net472\VideoOS.Utilities.UnitTests.dll" adapterTypeName="executor://mstestadapter/v2" className="VideoOS.Utilities.UnitTests.Database.DatabaseConnectionTests" name="ThrowingNonRetryableExcepionWithinRetryableBlockThrows" />
    </UnitTest>
    <UnitTest name="Given_TooLongPassword_When_Validating_AProperErrorMessageIsReturned" storage="d:\actions-runner\_work\xpco\xpco\common\videoos.utilities\videoos.utilities.unittests\bin\debug\net472\videoos.utilities.unittests.dll" id="d7846be6-7e4b-5ce8-dbd4-5fe5d9692e54">
      <Execution id="87195531-83d7-4bc4-914f-12c5d6d38077" />
      <TestMethod codeBase="D:\actions-runner\_work\XPCO\XPCO\Common\VideoOS.Utilities\VideoOS.Utilities.UnitTests\bin\Debug\net472\VideoOS.Utilities.UnitTests.dll" adapterTypeName="executor://mstestadapter/v2" className="VideoOS.Common.EnvironmentServices.UnitTests.Security.PasswordValidatorTest" name="Given_TooLongPassword_When_Validating_AProperErrorMessageIsReturned" />
    </UnitTest>
    <UnitTest name="ImportAndExportConfigurationWithIV" storage="d:\actions-runner\_work\xpco\xpco\common\videoos.utilities\videoos.utilities.unittests\bin\debug\net472\videoos.utilities.unittests.dll" id="73bf3234-dc5d-03b2-17ea-41170a93ce33">
      <Execution id="c29d3c82-0c77-4f12-9c0a-ec95a85ba887" />
      <TestMethod codeBase="D:\actions-runner\_work\XPCO\XPCO\Common\VideoOS.Utilities\VideoOS.Utilities.UnitTests\bin\Debug\net472\VideoOS.Utilities.UnitTests.dll" adapterTypeName="executor://mstestadapter/v2" className="VideoOS.Utilities.UnitTests.Cryptography.Encryption" name="ImportAndExportConfigurationWithIV" />
    </UnitTest>
    <UnitTest name="Given_SomeFeaturesAreAvailable_When_EnsureFeaturesAreInstalled_WithFeaturesThatAreNotAllAvailableWhenInstalling_Then_ReturnsTheMissingFeature" storage="d:\actions-runner\_work\xpco\xpco\common\videoos.utilities\videoos.utilities.unittests\bin\debug\net472\videoos.utilities.unittests.dll" id="4ca6052f-c840-9732-5b12-a57797e01e31">
      <Execution id="e926a793-cdfc-4ba4-be0d-3d2f4ba5e5c6" />
      <TestMethod codeBase="D:\actions-runner\_work\XPCO\XPCO\Common\VideoOS.Utilities\VideoOS.Utilities.UnitTests\bin\Debug\net472\VideoOS.Utilities.UnitTests.dll" adapterTypeName="executor://mstestadapter/v2" className="VideoOS.Utilities.UnitTests.Dism.DismSessionTest" name="Given_SomeFeaturesAreAvailable_When_EnsureFeaturesAreInstalled_WithFeaturesThatAreNotAllAvailableWhenInstalling_Then_ReturnsTheMissingFeature" />
    </UnitTest>
    <UnitTest name="DeleteSslConfiguration_Param_NullAddressTest" storage="d:\actions-runner\_work\xpco\xpco\common\videoos.utilities\videoos.utilities.unittests\bin\debug\net472\videoos.utilities.unittests.dll" id="a79acfca-4bc4-b15e-d56c-69fa06522e06">
      <Execution id="9d7eb7ad-e471-43c0-9f17-22c0360ce912" />
      <TestMethod codeBase="D:\actions-runner\_work\XPCO\XPCO\Common\VideoOS.Utilities\VideoOS.Utilities.UnitTests\bin\Debug\net472\VideoOS.Utilities.UnitTests.dll" adapterTypeName="executor://mstestadapter/v2" className="VideoOS.Utilities.UnitTests.Windows.Http.HttpSysConfigTest" name="DeleteSslConfiguration_Param_NullAddressTest" />
    </UnitTest>
    <UnitTest name="ReadUrlReservationInfo_ExceptionThrownTest" storage="d:\actions-runner\_work\xpco\xpco\common\videoos.utilities\videoos.utilities.unittests\bin\debug\net472\videoos.utilities.unittests.dll" id="82a2d9e3-3271-538d-6079-95f7f4aa07c1">
      <Execution id="c2055caa-35b9-426e-a142-5c4c51f54fe3" />
      <TestMethod codeBase="D:\actions-runner\_work\XPCO\XPCO\Common\VideoOS.Utilities\VideoOS.Utilities.UnitTests\bin\Debug\net472\VideoOS.Utilities.UnitTests.dll" adapterTypeName="executor://mstestadapter/v2" className="VideoOS.Utilities.UnitTests.Windows.Http.HttpSysConfigTest" name="ReadUrlReservationInfo_ExceptionThrownTest" />
    </UnitTest>
    <UnitTest name="GetContentFromInitialLicenseFile_OldEncryptionScheme_ThrowsException" storage="d:\actions-runner\_work\xpco\xpco\common\videoos.utilities\videoos.utilities.unittests\bin\debug\net472\videoos.utilities.unittests.dll" id="14088cd5-d1ab-99c6-742a-023862db880f">
      <Execution id="028045a2-3722-4317-b39c-6a07054686b2" />
      <TestMethod codeBase="D:\actions-runner\_work\XPCO\XPCO\Common\VideoOS.Utilities\VideoOS.Utilities.UnitTests\bin\Debug\net472\VideoOS.Utilities.UnitTests.dll" adapterTypeName="executor://mstestadapter/v2" className="VideoOS.Utilities.UnitTests.Licensing.LicenseFileHelperTests" name="GetContentFromInitialLicenseFile_OldEncryptionScheme_ThrowsException" />
    </UnitTest>
    <UnitTest name="Close_WhenNotInitialized_Refuse" storage="d:\actions-runner\_work\xpco\xpco\common\videoos.utilities\videoos.utilities.unittests\bin\debug\net472\videoos.utilities.unittests.dll" id="4d0e6ccb-b8ae-ea93-2cb9-dd7bb56ee216">
      <Execution id="5666a18c-88ee-4de5-b522-37e52e88547e" />
      <TestMethod codeBase="D:\actions-runner\_work\XPCO\XPCO\Common\VideoOS.Utilities\VideoOS.Utilities.UnitTests\bin\Debug\net472\VideoOS.Utilities.UnitTests.dll" adapterTypeName="executor://mstestadapter/v2" className="VideoOS.Utilities.UnitTests.Workflow.InitControlTests" name="Close_WhenNotInitialized_Refuse" />
    </UnitTest>
    <UnitTest name="FormatByteSizeStringTest4" storage="d:\actions-runner\_work\xpco\xpco\common\videoos.utilities\videoos.utilities.unittests\bin\debug\net472\videoos.utilities.unittests.dll" id="80895b38-0d55-d592-cbc2-d8e8007febd1">
      <Execution id="00b72a75-5bc5-4a74-aa67-1763cbbd217b" />
      <TestMethod codeBase="D:\actions-runner\_work\XPCO\XPCO\Common\VideoOS.Utilities\VideoOS.Utilities.UnitTests\bin\Debug\net472\VideoOS.Utilities.UnitTests.dll" adapterTypeName="executor://mstestadapter/v2" className="VideoOS.Utilities.UnitTests.StringFormattingTest" name="FormatByteSizeStringTest4" />
    </UnitTest>
    <UnitTest name="WriteTest" storage="d:\actions-runner\_work\xpco\xpco\common\videoos.utilities\videoos.utilities.unittests\bin\debug\net472\videoos.utilities.unittests.dll" id="c2de417d-b1d2-eef7-c7a6-ad1c229cf712">
      <Execution id="6f819117-1df6-4a70-815c-c6a10719719d" />
      <TestMethod codeBase="D:\actions-runner\_work\XPCO\XPCO\Common\VideoOS.Utilities\VideoOS.Utilities.UnitTests\bin\Debug\net472\VideoOS.Utilities.UnitTests.dll" adapterTypeName="executor://mstestadapter/v2" className="VideoOS.Utilities.UnitTests.Diagnostics.FileLoggerFormatTest" name="WriteTest" />
    </UnitTest>
    <UnitTest name="ExecuteScalarWithExplicitlyCreatedParameter" storage="d:\actions-runner\_work\xpco\xpco\common\videoos.utilities\videoos.utilities.unittests\bin\debug\net472\videoos.utilities.unittests.dll" id="6670917e-e42c-a07b-7e25-3b7110e4f4b7">
      <TestCategory>
        <TestCategoryItem TestCategory="DatabaseCommand" />
      </TestCategory>
      <Execution id="d2897d24-38cd-4f38-b0c5-7fa0c0a325f4" />
      <TestMethod codeBase="D:\actions-runner\_work\XPCO\XPCO\Common\VideoOS.Utilities\VideoOS.Utilities.UnitTests\bin\Debug\net472\VideoOS.Utilities.UnitTests.dll" adapterTypeName="executor://mstestadapter/v2" className="VideoOS.Utilities.UnitTests.Database.DatabaseCommandTest" name="ExecuteScalarWithExplicitlyCreatedParameter" />
    </UnitTest>
    <UnitTest name="Given_PasswordWithUnknownError_When_Validating_AProperErrorMessageIsReturned" storage="d:\actions-runner\_work\xpco\xpco\common\videoos.utilities\videoos.utilities.unittests\bin\debug\net472\videoos.utilities.unittests.dll" id="149328dd-9c2a-a5da-f7d5-2a68b860779c">
      <Execution id="509ba35c-27ce-44b2-9f3b-13ef796bc31b" />
      <TestMethod codeBase="D:\actions-runner\_work\XPCO\XPCO\Common\VideoOS.Utilities\VideoOS.Utilities.UnitTests\bin\Debug\net472\VideoOS.Utilities.UnitTests.dll" adapterTypeName="executor://mstestadapter/v2" className="VideoOS.Common.EnvironmentServices.UnitTests.Security.PasswordValidatorTest" name="Given_PasswordWithUnknownError_When_Validating_AProperErrorMessageIsReturned" />
    </UnitTest>
    <UnitTest name="ConstructDatabaseConnectionInfo_UnknownAuth_Failes" storage="d:\actions-runner\_work\xpco\xpco\common\videoos.utilities\videoos.utilities.unittests\bin\debug\net472\videoos.utilities.unittests.dll" id="fddb90a4-c40a-f49b-7c8e-84a4e6d67595">
      <Execution id="d3f54a4b-1f61-4b59-ae54-0e78548f3682" />
      <TestMethod codeBase="D:\actions-runner\_work\XPCO\XPCO\Common\VideoOS.Utilities\VideoOS.Utilities.UnitTests\bin\Debug\net472\VideoOS.Utilities.UnitTests.dll" adapterTypeName="executor://mstestadapter/v2" className="VideoOS.Utilities.UnitTests.Database.DatabaseConnectionInfoTests" name="ConstructDatabaseConnectionInfo_UnknownAuth_Failes" />
    </UnitTest>
    <UnitTest name="HasKey_ReturnsFalse_WhenTableIsMissing" storage="d:\actions-runner\_work\xpco\xpco\common\videoos.utilities\videoos.utilities.unittests\bin\debug\net472\videoos.utilities.unittests.dll" id="4ad4c3c3-39bf-3ab3-0ab0-ffc6ced77812">
      <Execution id="aaa614d8-71a5-4326-aab3-51c9af9a9e51" />
      <TestMethod codeBase="D:\actions-runner\_work\XPCO\XPCO\Common\VideoOS.Utilities\VideoOS.Utilities.UnitTests\bin\Debug\net472\VideoOS.Utilities.UnitTests.dll" adapterTypeName="executor://mstestadapter/v2" className="VideoOS.Utilities.UnitTests.KeyManagement.DatabaseKeyProviderTests" name="HasKey_ReturnsFalse_WhenTableIsMissing" />
    </UnitTest>
    <UnitTest name="DatabaseConnectionInfoFromStorage_GetConnectionString_NotConfigured_Success" storage="d:\actions-runner\_work\xpco\xpco\common\videoos.utilities\videoos.utilities.unittests\bin\debug\net472\videoos.utilities.unittests.dll" id="83481054-699a-701b-1d41-0138e8ec3589">
      <TestCategory>
        <TestCategoryItem TestCategory="Database" />
      </TestCategory>
      <Execution id="540b0782-eef8-4adb-aa44-e0f5abf8ca60" />
      <TestMethod codeBase="D:\actions-runner\_work\XPCO\XPCO\Common\VideoOS.Utilities\VideoOS.Utilities.UnitTests\bin\Debug\net472\VideoOS.Utilities.UnitTests.dll" adapterTypeName="executor://mstestadapter/v2" className="VideoOS.Utilities.UnitTests.Database.DatabaseConnectionInfoFromStorageTests" name="DatabaseConnectionInfoFromStorage_GetConnectionString_NotConfigured_Success" />
    </UnitTest>
    <UnitTest name="BulkProcessor_Dispose_Success" storage="d:\actions-runner\_work\xpco\xpco\common\videoos.utilities\videoos.utilities.unittests\bin\debug\net472\videoos.utilities.unittests.dll" id="ed97397d-6e25-ff1f-91ac-7705c9785c03">
      <Execution id="40ef2fd8-e52a-4907-9b33-79736547468a" />
      <TestMethod codeBase="D:\actions-runner\_work\XPCO\XPCO\Common\VideoOS.Utilities\VideoOS.Utilities.UnitTests\bin\Debug\net472\VideoOS.Utilities.UnitTests.dll" adapterTypeName="executor://mstestadapter/v2" className="VideoOS.Utilities.BulkProcessing.UnitTests.BulkProcessorUnitTest" name="BulkProcessor_Dispose_Success" />
    </UnitTest>
    <UnitTest name="DatabaseConnectionInfoFromStorage_ReadAndSecureConnectionString_Registry_SecurityException" storage="d:\actions-runner\_work\xpco\xpco\common\videoos.utilities\videoos.utilities.unittests\bin\debug\net472\videoos.utilities.unittests.dll" id="0b368f5b-1c89-ec64-1ec5-dee8061ba3b3">
      <TestCategory>
        <TestCategoryItem TestCategory="Database" />
      </TestCategory>
      <Execution id="fffda3d8-7e40-4235-951b-532b3a61adb6" />
      <TestMethod codeBase="D:\actions-runner\_work\XPCO\XPCO\Common\VideoOS.Utilities\VideoOS.Utilities.UnitTests\bin\Debug\net472\VideoOS.Utilities.UnitTests.dll" adapterTypeName="executor://mstestadapter/v2" className="VideoOS.Utilities.UnitTests.Database.DatabaseConnectionInfoFromStorageTests" name="DatabaseConnectionInfoFromStorage_ReadAndSecureConnectionString_Registry_SecurityException" />
    </UnitTest>
    <UnitTest name="CompositeDebugLevel" storage="d:\actions-runner\_work\xpco\xpco\common\videoos.utilities\videoos.utilities.unittests\bin\debug\net472\videoos.utilities.unittests.dll" id="a6afa94e-bac9-735b-0f52-af1a436a2457">
      <Execution id="9818686b-f21c-4575-85fe-d5431376e749" />
      <TestMethod codeBase="D:\actions-runner\_work\XPCO\XPCO\Common\VideoOS.Utilities\VideoOS.Utilities.UnitTests\bin\Debug\net472\VideoOS.Utilities.UnitTests.dll" adapterTypeName="executor://mstestadapter/v2" className="VideoOS.Utilities.UnitTests.Diagnostics.Levels" name="CompositeDebugLevel" />
    </UnitTest>
    <UnitTest name="AccessControlUpdater_SetFileAccessControl_UseSystest" storage="d:\actions-runner\_work\xpco\xpco\common\videoos.utilities\videoos.utilities.unittests\bin\debug\net472\videoos.utilities.unittests.dll" id="c1d31aec-ba11-ae2a-3d1e-d8528d8e9d7f">
      <Execution id="bb365857-6026-4fe0-a72f-5aa0cfbc3e9a" />
      <TestMethod codeBase="D:\actions-runner\_work\XPCO\XPCO\Common\VideoOS.Utilities\VideoOS.Utilities.UnitTests\bin\Debug\net472\VideoOS.Utilities.UnitTests.dll" adapterTypeName="executor://mstestadapter/v2" className="VideoOS.Utilities.UnitTests.Security.AccessControlUpdaterTests" name="AccessControlUpdater_SetFileAccessControl_UseSystest" />
    </UnitTest>
    <UnitTest name="ThrowWhenOperationsDoNotCleanupTransactions" storage="d:\actions-runner\_work\xpco\xpco\common\videoos.utilities\videoos.utilities.unittests\bin\debug\net472\videoos.utilities.unittests.dll" id="ce3cd530-f731-79f9-4b1e-7ff7bb1c3901">
      <TestCategory>
        <TestCategoryItem TestCategory="DatabaseConnection" />
      </TestCategory>
      <Execution id="889b0656-3375-481c-b473-dce925322ed4" />
      <TestMethod codeBase="D:\actions-runner\_work\XPCO\XPCO\Common\VideoOS.Utilities\VideoOS.Utilities.UnitTests\bin\Debug\net472\VideoOS.Utilities.UnitTests.dll" adapterTypeName="executor://mstestadapter/v2" className="VideoOS.Utilities.UnitTests.Database.DatabaseConnectionTests" name="ThrowWhenOperationsDoNotCleanupTransactions" />
    </UnitTest>
    <UnitTest name="DatabaseConnectionInfoConfigurator_Write_ArgumentException" storage="d:\actions-runner\_work\xpco\xpco\common\videoos.utilities\videoos.utilities.unittests\bin\debug\net472\videoos.utilities.unittests.dll" id="1a5488cc-dc38-b193-c909-41a15addef87">
      <TestCategory>
        <TestCategoryItem TestCategory="Database" />
      </TestCategory>
      <Execution id="f816a00c-7efc-4f87-800c-514233ac685a" />
      <TestMethod codeBase="D:\actions-runner\_work\XPCO\XPCO\Common\VideoOS.Utilities\VideoOS.Utilities.UnitTests\bin\Debug\net472\VideoOS.Utilities.UnitTests.dll" adapterTypeName="executor://mstestadapter/v2" className="VideoOS.Utilities.UnitTests.Database.DatabaseConnectionInfoConfiguratorTests" name="DatabaseConnectionInfoConfigurator_Write_ArgumentException" />
    </UnitTest>
    <UnitTest name="CreateIPBoundWeakWildcard_IPv4_NoRelativePathTest" storage="d:\actions-runner\_work\xpco\xpco\common\videoos.utilities\videoos.utilities.unittests\bin\debug\net472\videoos.utilities.unittests.dll" id="41a53a4c-df21-f4fc-4388-a122124f3bd1">
      <Execution id="39049b5e-b3d5-488c-87cb-27b5691aea1e" />
      <TestMethod codeBase="D:\actions-runner\_work\XPCO\XPCO\Common\VideoOS.Utilities\VideoOS.Utilities.UnitTests\bin\Debug\net472\VideoOS.Utilities.UnitTests.dll" adapterTypeName="executor://mstestadapter/v2" className="VideoOS.Utilities.UnitTests.Windows.UrlPrefixTest" name="CreateIPBoundWeakWildcard_IPv4_NoRelativePathTest" />
    </UnitTest>
    <UnitTest name="Constructor_String_SqlDbType_Int_Success" storage="d:\actions-runner\_work\xpco\xpco\common\videoos.utilities\videoos.utilities.unittests\bin\debug\net472\videoos.utilities.unittests.dll" id="a3a86eec-fc7e-0b7c-774b-2ea596e0516f">
      <TestCategory>
        <TestCategoryItem TestCategory="DatabaseParameter" />
      </TestCategory>
      <Execution id="b69ac837-4502-4a73-85f8-ecd242ab1724" />
      <TestMethod codeBase="D:\actions-runner\_work\XPCO\XPCO\Common\VideoOS.Utilities\VideoOS.Utilities.UnitTests\bin\Debug\net472\VideoOS.Utilities.UnitTests.dll" adapterTypeName="executor://mstestadapter/v2" className="VideoOS.Utilities.UnitTests.Database.DatabaseParameterTests" name="Constructor_String_SqlDbType_Int_Success" />
    </UnitTest>
    <UnitTest name="Constructor_ShouldThrowKeyStorageException_WhenSecureFolderFails" storage="d:\actions-runner\_work\xpco\xpco\common\videoos.utilities\videoos.utilities.unittests\bin\debug\net472\videoos.utilities.unittests.dll" id="2af5d521-8bbc-18e1-6f8f-3295fdc1595d">
      <Execution id="47d294cc-f39c-407f-be14-afeaf46adf3d" />
      <TestMethod codeBase="D:\actions-runner\_work\XPCO\XPCO\Common\VideoOS.Utilities\VideoOS.Utilities.UnitTests\bin\Debug\net472\VideoOS.Utilities.UnitTests.dll" adapterTypeName="executor://mstestadapter/v2" className="VideoOS.Utilities.UnitTests.KeyManagement.FileWritingSessionTests" name="Constructor_ShouldThrowKeyStorageException_WhenSecureFolderFails" />
    </UnitTest>
    <UnitTest name="EncryptionFactory_KeyInformationIsTheSame_OnCreateAsymmetricForLicenseInstanceFromCngKey" storage="d:\actions-runner\_work\xpco\xpco\common\videoos.utilities\videoos.utilities.unittests\bin\debug\net472\videoos.utilities.unittests.dll" id="c5f9deb1-ff12-b2cb-3433-80ded536108c">
      <Execution id="5653e002-308d-4080-83d9-a2b69b667e64" />
      <TestMethod codeBase="D:\actions-runner\_work\XPCO\XPCO\Common\VideoOS.Utilities\VideoOS.Utilities.UnitTests\bin\Debug\net472\VideoOS.Utilities.UnitTests.dll" adapterTypeName="executor://mstestadapter/v2" className="VideoOS.Utilities.UnitTests.Cryptography.RsaCngAsymmetricEncryptionTests" name="EncryptionFactory_KeyInformationIsTheSame_OnCreateAsymmetricForLicenseInstanceFromCngKey" />
    </UnitTest>
    <UnitTest name="DecryptAfterEncrypt_ReturnsSameData_OnSameInstance" storage="d:\actions-runner\_work\xpco\xpco\common\videoos.utilities\videoos.utilities.unittests\bin\debug\net472\videoos.utilities.unittests.dll" id="1ae19ee1-9782-dc80-b0d1-ac9211391811">
      <Execution id="bd012a39-489f-46c2-92b8-203a1426a9d6" />
      <TestMethod codeBase="D:\actions-runner\_work\XPCO\XPCO\Common\VideoOS.Utilities\VideoOS.Utilities.UnitTests\bin\Debug\net472\VideoOS.Utilities.UnitTests.dll" adapterTypeName="executor://mstestadapter/v2" className="VideoOS.Utilities.UnitTests.Cryptography.RsaCngAsymmetricEncryptionTests" name="DecryptAfterEncrypt_ReturnsSameData_OnSameInstance" />
    </UnitTest>
    <UnitTest name="DetermineLicenseType_ActivatedLicense_ReturnsLicenseTypeActivated" storage="d:\actions-runner\_work\xpco\xpco\common\videoos.utilities\videoos.utilities.unittests\bin\debug\net472\videoos.utilities.unittests.dll" id="aa97711c-3d27-f367-5a9f-a5e192533ef5">
      <Execution id="95ab5974-98d4-4840-a2ae-db8e5fb51f30" />
      <TestMethod codeBase="D:\actions-runner\_work\XPCO\XPCO\Common\VideoOS.Utilities\VideoOS.Utilities.UnitTests\bin\Debug\net472\VideoOS.Utilities.UnitTests.dll" adapterTypeName="executor://mstestadapter/v2" className="VideoOS.Utilities.UnitTests.Licensing.LicenseFileHelperTests" name="DetermineLicenseType_ActivatedLicense_ReturnsLicenseTypeActivated" />
    </UnitTest>
    <UnitTest name="Parse_InvalidData_InvalidSchemeTest1" storage="d:\actions-runner\_work\xpco\xpco\common\videoos.utilities\videoos.utilities.unittests\bin\debug\net472\videoos.utilities.unittests.dll" id="0d3e7f6e-b2f6-5bed-ef32-22d6c29e0bdd">
      <Execution id="2c61bdef-96c5-4e3a-ad40-b9cfa7ef116d" />
      <TestMethod codeBase="D:\actions-runner\_work\XPCO\XPCO\Common\VideoOS.Utilities\VideoOS.Utilities.UnitTests\bin\Debug\net472\VideoOS.Utilities.UnitTests.dll" adapterTypeName="executor://mstestadapter/v2" className="VideoOS.Utilities.UnitTests.Windows.UrlPrefixTest" name="Parse_InvalidData_InvalidSchemeTest1" />
    </UnitTest>
    <UnitTest name="Constructor_ShouldThrow_WhenFilenameIsNull" storage="d:\actions-runner\_work\xpco\xpco\common\videoos.utilities\videoos.utilities.unittests\bin\debug\net472\videoos.utilities.unittests.dll" id="ff11fe63-c800-55e8-3867-714194b6a3db">
      <Execution id="a36d574b-7e05-41dd-8c19-b10a77a65f00" />
      <TestMethod codeBase="D:\actions-runner\_work\XPCO\XPCO\Common\VideoOS.Utilities\VideoOS.Utilities.UnitTests\bin\Debug\net472\VideoOS.Utilities.UnitTests.dll" adapterTypeName="executor://mstestadapter/v2" className="VideoOS.Utilities.UnitTests.KeyManagement.FileWritingSessionTests" name="Constructor_ShouldThrow_WhenFilenameIsNull" />
    </UnitTest>
    <UnitTest name="IsValidBase64String_DataDrivenTest (AA==,True)" storage="d:\actions-runner\_work\xpco\xpco\common\videoos.utilities\videoos.utilities.unittests\bin\debug\net472\videoos.utilities.unittests.dll" id="cee40b1c-44fd-06f2-8c32-6296e8ff547c">
      <Execution id="fb43cd69-0c66-4c57-9860-bdaf569b43b3" />
      <TestMethod codeBase="D:\actions-runner\_work\XPCO\XPCO\Common\VideoOS.Utilities\VideoOS.Utilities.UnitTests\bin\Debug\net472\VideoOS.Utilities.UnitTests.dll" adapterTypeName="executor://mstestadapter/v2" className="VideoOS.Utilities.UnitTests.Validation.Base64StringValidatorTests" name="IsValidBase64String_DataDrivenTest" />
    </UnitTest>
    <UnitTest name="GetContentFromInitialLicenseFile_ValidFile_Success" storage="d:\actions-runner\_work\xpco\xpco\common\videoos.utilities\videoos.utilities.unittests\bin\debug\net472\videoos.utilities.unittests.dll" id="3f918602-dadf-d659-fcd4-b69281a1b26c">
      <Execution id="94f3f378-8191-4ad7-9e55-ff2a1e745f48" />
      <TestMethod codeBase="D:\actions-runner\_work\XPCO\XPCO\Common\VideoOS.Utilities\VideoOS.Utilities.UnitTests\bin\Debug\net472\VideoOS.Utilities.UnitTests.dll" adapterTypeName="executor://mstestadapter/v2" className="VideoOS.Utilities.UnitTests.Licensing.LicenseFileHelperTests" name="GetContentFromInitialLicenseFile_ValidFile_Success" />
    </UnitTest>
    <UnitTest name="TestIsValidHostName_WithEmptyString" storage="d:\actions-runner\_work\xpco\xpco\common\videoos.utilities\videoos.utilities.unittests\bin\debug\net472\videoos.utilities.unittests.dll" id="cfc46475-9003-7061-8414-2cf74b691cc4">
      <Execution id="236c65bc-dd27-4865-b1c6-08b0c0b2b7bd" />
      <TestMethod codeBase="D:\actions-runner\_work\XPCO\XPCO\Common\VideoOS.Utilities\VideoOS.Utilities.UnitTests\bin\Debug\net472\VideoOS.Utilities.UnitTests.dll" adapterTypeName="executor://mstestadapter/v2" className="VideoOS.Utilities.UnitTests.Network.IPHelperTests" name="TestIsValidHostName_WithEmptyString" />
    </UnitTest>
    <UnitTest name="HasPassword_ShouldReturnFalse_IfPasswordFileEmpty" storage="d:\actions-runner\_work\xpco\xpco\common\videoos.utilities\videoos.utilities.unittests\bin\debug\net472\videoos.utilities.unittests.dll" id="b542b2a9-c57b-a34c-f3ad-0fcb0432bf83">
      <Execution id="a2b36878-a0ec-44af-bed8-13eff8f1214d" />
      <TestMethod codeBase="D:\actions-runner\_work\XPCO\XPCO\Common\VideoOS.Utilities\VideoOS.Utilities.UnitTests\bin\Debug\net472\VideoOS.Utilities.UnitTests.dll" adapterTypeName="executor://mstestadapter/v2" className="VideoOS.Utilities.UnitTests.KeyManagement.FilePasswordProviderTests" name="HasPassword_ShouldReturnFalse_IfPasswordFileEmpty" />
    </UnitTest>
    <UnitTest name="Initialize_DblInitialize_HelpManagerAlreadyInitializedException" storage="d:\actions-runner\_work\xpco\xpco\common\videoos.utilities\videoos.utilities.unittests\bin\debug\net472\videoos.utilities.unittests.dll" id="65c2ea5b-763c-d0bd-7381-b24c3eb812aa">
      <TestCategory>
        <TestCategoryItem TestCategory="Help" />
      </TestCategory>
      <Execution id="ea398b7f-dff5-467d-a510-584aa81b72b7" />
      <TestMethod codeBase="D:\actions-runner\_work\XPCO\XPCO\Common\VideoOS.Utilities\VideoOS.Utilities.UnitTests\bin\Debug\net472\VideoOS.Utilities.UnitTests.dll" adapterTypeName="executor://mstestadapter/v2" className="VideoOS.Utilities.UnitTests.Help.HelpManagerTests" name="Initialize_DblInitialize_HelpManagerAlreadyInitializedException" />
    </UnitTest>
    <UnitTest name="Get_Parameters_ColumnIsNullAndNullAllowed_Success" storage="d:\actions-runner\_work\xpco\xpco\common\videoos.utilities\videoos.utilities.unittests\bin\debug\net472\videoos.utilities.unittests.dll" id="5173a017-06c1-2048-f8d5-2b43e18f16bb">
      <TestCategory>
        <TestCategoryItem TestCategory="DatabaseColumnBinder" />
      </TestCategory>
      <Execution id="24a3480b-d599-4066-b23f-1321509dff35" />
      <TestMethod codeBase="D:\actions-runner\_work\XPCO\XPCO\Common\VideoOS.Utilities\VideoOS.Utilities.UnitTests\bin\Debug\net472\VideoOS.Utilities.UnitTests.dll" adapterTypeName="executor://mstestadapter/v2" className="VideoOS.Utilities.UnitTests.Database.DatabaseColumnBinderTests" name="Get_Parameters_ColumnIsNullAndNullAllowed_Success" />
    </UnitTest>
    <UnitTest name="EventServerSqlConnectionStorage_RetrieveConnectionString_64_Success" storage="d:\actions-runner\_work\xpco\xpco\common\videoos.utilities\videoos.utilities.unittests\bin\debug\net472\videoos.utilities.unittests.dll" id="8fc1b219-abfe-5492-9bb2-5cbc109a469b">
      <TestCategory>
        <TestCategoryItem TestCategory="Database" />
      </TestCategory>
      <Execution id="2485722d-117e-4e99-afc2-7387364b06db" />
      <TestMethod codeBase="D:\actions-runner\_work\XPCO\XPCO\Common\VideoOS.Utilities\VideoOS.Utilities.UnitTests\bin\Debug\net472\VideoOS.Utilities.UnitTests.dll" adapterTypeName="executor://mstestadapter/v2" className="VideoOS.Utilities.UnitTests.Database.EventServerSqlConnectionStorageTests" name="EventServerSqlConnectionStorage_RetrieveConnectionString_64_Success" />
    </UnitTest>
    <UnitTest name="CreateIPBoundWeakWildcard_IPv6_WithRelativePathTest" storage="d:\actions-runner\_work\xpco\xpco\common\videoos.utilities\videoos.utilities.unittests\bin\debug\net472\videoos.utilities.unittests.dll" id="b6efbc8e-fe25-47e5-17b6-661d6ca8384c">
      <Execution id="fb3f7a5e-8743-4fc8-9d1b-6d74e3549a24" />
      <TestMethod codeBase="D:\actions-runner\_work\XPCO\XPCO\Common\VideoOS.Utilities\VideoOS.Utilities.UnitTests\bin\Debug\net472\VideoOS.Utilities.UnitTests.dll" adapterTypeName="executor://mstestadapter/v2" className="VideoOS.Utilities.UnitTests.Windows.UrlPrefixTest" name="CreateIPBoundWeakWildcard_IPv6_WithRelativePathTest" />
    </UnitTest>
    <UnitTest name="EnforceUrlReservation_ConflictingEntryAccessDeniedTest" storage="d:\actions-runner\_work\xpco\xpco\common\videoos.utilities\videoos.utilities.unittests\bin\debug\net472\videoos.utilities.unittests.dll" id="edb1f896-d8ff-0800-877d-639c9514c67a">
      <Execution id="41750889-0885-4019-818c-61e656384b60" />
      <TestMethod codeBase="D:\actions-runner\_work\XPCO\XPCO\Common\VideoOS.Utilities\VideoOS.Utilities.UnitTests\bin\Debug\net472\VideoOS.Utilities.UnitTests.dll" adapterTypeName="executor://mstestadapter/v2" className="VideoOS.Utilities.UnitTests.Windows.Http.HttpSysConfigTest" name="EnforceUrlReservation_ConflictingEntryAccessDeniedTest" />
    </UnitTest>
    <UnitTest name="Sync_And_Remove" storage="d:\actions-runner\_work\xpco\xpco\common\videoos.utilities\videoos.utilities.unittests\bin\debug\net472\videoos.utilities.unittests.dll" id="07a3a7ab-d824-7f57-0071-5feb7879d8a0">
      <Execution id="8e5f6798-df59-482f-90ea-723e867810fc" />
      <TestMethod codeBase="D:\actions-runner\_work\XPCO\XPCO\Common\VideoOS.Utilities\VideoOS.Utilities.UnitTests\bin\Debug\net472\VideoOS.Utilities.UnitTests.dll" adapterTypeName="executor://mstestadapter/v2" className="VideoOS.Utilities.UnitTests.Collections.SynchronizedListTest" name="Sync_And_Remove" />
    </UnitTest>
    <UnitTest name="TooLongPathToSecureFolderResultsInException" storage="d:\actions-runner\_work\xpco\xpco\common\videoos.utilities\videoos.utilities.unittests\bin\debug\net472\videoos.utilities.unittests.dll" id="49c28004-dfd7-736e-4dad-1c9905b5bd78">
      <Execution id="3b2b0c12-5c04-4f61-87b3-83668dea4df1" />
      <TestMethod codeBase="D:\actions-runner\_work\XPCO\XPCO\Common\VideoOS.Utilities\VideoOS.Utilities.UnitTests\bin\Debug\net472\VideoOS.Utilities.UnitTests.dll" adapterTypeName="executor://mstestadapter/v2" className="VideoOS.Utilities.UnitTests.Security.SecureFolderTests" name="TooLongPathToSecureFolderResultsInException" />
    </UnitTest>
    <UnitTest name="FormatByteSizeStringExactULTest10" storage="d:\actions-runner\_work\xpco\xpco\common\videoos.utilities\videoos.utilities.unittests\bin\debug\net472\videoos.utilities.unittests.dll" id="25485208-776a-1dd8-a7a5-59f6826241a1">
      <Execution id="2a573ffe-db09-441b-9100-5356b2477fd0" />
      <TestMethod codeBase="D:\actions-runner\_work\XPCO\XPCO\Common\VideoOS.Utilities\VideoOS.Utilities.UnitTests\bin\Debug\net472\VideoOS.Utilities.UnitTests.dll" adapterTypeName="executor://mstestadapter/v2" className="VideoOS.Utilities.UnitTests.StringFormattingTest" name="FormatByteSizeStringExactULTest10" />
    </UnitTest>
    <UnitTest name="Parse_IPBoundWeakWildcard_IPv4_Http_WithRelativePathTest" storage="d:\actions-runner\_work\xpco\xpco\common\videoos.utilities\videoos.utilities.unittests\bin\debug\net472\videoos.utilities.unittests.dll" id="954137eb-32e8-18a0-2eda-0a5c3d618562">
      <Execution id="615b9692-0618-4068-b4b3-4cfd216ea436" />
      <TestMethod codeBase="D:\actions-runner\_work\XPCO\XPCO\Common\VideoOS.Utilities\VideoOS.Utilities.UnitTests\bin\Debug\net472\VideoOS.Utilities.UnitTests.dll" adapterTypeName="executor://mstestadapter/v2" className="VideoOS.Utilities.UnitTests.Windows.UrlPrefixTest" name="Parse_IPBoundWeakWildcard_IPv4_Http_WithRelativePathTest" />
    </UnitTest>
    <UnitTest name="CreateExplicit_NullHost" storage="d:\actions-runner\_work\xpco\xpco\common\videoos.utilities\videoos.utilities.unittests\bin\debug\net472\videoos.utilities.unittests.dll" id="087b3dcc-2ad3-d33b-fb5a-cbb55331995d">
      <Execution id="3215ab59-e232-42f0-ae1e-119f0d4dd70a" />
      <TestMethod codeBase="D:\actions-runner\_work\XPCO\XPCO\Common\VideoOS.Utilities\VideoOS.Utilities.UnitTests\bin\Debug\net472\VideoOS.Utilities.UnitTests.dll" adapterTypeName="executor://mstestadapter/v2" className="VideoOS.Utilities.UnitTests.Windows.UrlPrefixTest" name="CreateExplicit_NullHost" />
    </UnitTest>
    <UnitTest name="GetKeyManagementState_NoKeyFound" storage="d:\actions-runner\_work\xpco\xpco\common\videoos.utilities\videoos.utilities.unittests\bin\debug\net472\videoos.utilities.unittests.dll" id="f20f788e-2c4b-4fc6-3f24-f3394174c210">
      <Execution id="3b0e35b7-a6d1-4436-9431-d8631111bf24" />
      <TestMethod codeBase="D:\actions-runner\_work\XPCO\XPCO\Common\VideoOS.Utilities\VideoOS.Utilities.UnitTests\bin\Debug\net472\VideoOS.Utilities.UnitTests.dll" adapterTypeName="executor://mstestadapter/v2" className="VideoOS.Utilities.UnitTests.KeyManagement.KeyManagerTests" name="GetKeyManagementState_NoKeyFound" />
    </UnitTest>
    <UnitTest name="ConstructDatabaseConnectionInfo_NullDatabaseServerName_Throws" storage="d:\actions-runner\_work\xpco\xpco\common\videoos.utilities\videoos.utilities.unittests\bin\debug\net472\videoos.utilities.unittests.dll" id="400dcc7a-1baf-7c37-00e7-b9da7e64add4">
      <Execution id="a09de31c-dd3a-4f06-9265-95f196f38ff3" />
      <TestMethod codeBase="D:\actions-runner\_work\XPCO\XPCO\Common\VideoOS.Utilities\VideoOS.Utilities.UnitTests\bin\Debug\net472\VideoOS.Utilities.UnitTests.dll" adapterTypeName="executor://mstestadapter/v2" className="VideoOS.Utilities.UnitTests.Database.DatabaseConnectionInfoTests" name="ConstructDatabaseConnectionInfo_NullDatabaseServerName_Throws" />
    </UnitTest>
    <UnitTest name="ReadKey_ShouldThrow_WhenKeyDoesNotExist" storage="d:\actions-runner\_work\xpco\xpco\common\videoos.utilities\videoos.utilities.unittests\bin\debug\net472\videoos.utilities.unittests.dll" id="8808a0d4-decf-b478-02fc-6d5995d94ea5">
      <Execution id="dde49a68-10f7-483d-be4b-d7d3960de02c" />
      <TestMethod codeBase="D:\actions-runner\_work\XPCO\XPCO\Common\VideoOS.Utilities\VideoOS.Utilities.UnitTests\bin\Debug\net472\VideoOS.Utilities.UnitTests.dll" adapterTypeName="executor://mstestadapter/v2" className="VideoOS.Utilities.UnitTests.KeyManagement.DatabaseKeyProviderTests" name="ReadKey_ShouldThrow_WhenKeyDoesNotExist" />
    </UnitTest>
    <UnitTest name="Write_ShouldNotWriteEmptyBytes_WhenPasswordIsEmptyString" storage="d:\actions-runner\_work\xpco\xpco\common\videoos.utilities\videoos.utilities.unittests\bin\debug\net472\videoos.utilities.unittests.dll" id="89f9766a-a3f5-35f9-8ac2-917ccd2f55e2">
      <Execution id="faef7cda-daad-4b9c-93d6-353e334e18f0" />
      <TestMethod codeBase="D:\actions-runner\_work\XPCO\XPCO\Common\VideoOS.Utilities\VideoOS.Utilities.UnitTests\bin\Debug\net472\VideoOS.Utilities.UnitTests.dll" adapterTypeName="executor://mstestadapter/v2" className="VideoOS.Utilities.UnitTests.KeyManagement.FileWritingSessionTests" name="Write_ShouldNotWriteEmptyBytes_WhenPasswordIsEmptyString" />
    </UnitTest>
    <UnitTest name="IsValidBase64String_DataDrivenTest (RGV2aWNlIGlzIGRpc2FibGVkCg==,True)" storage="d:\actions-runner\_work\xpco\xpco\common\videoos.utilities\videoos.utilities.unittests\bin\debug\net472\videoos.utilities.unittests.dll" id="528ff103-a748-eb55-6417-ec32a3dcef5f">
      <Execution id="a0492dde-ffb3-4c9c-bc75-2a930cbc8562" />
      <TestMethod codeBase="D:\actions-runner\_work\XPCO\XPCO\Common\VideoOS.Utilities\VideoOS.Utilities.UnitTests\bin\Debug\net472\VideoOS.Utilities.UnitTests.dll" adapterTypeName="executor://mstestadapter/v2" className="VideoOS.Utilities.UnitTests.Validation.Base64StringValidatorTests" name="IsValidBase64String_DataDrivenTest" />
    </UnitTest>
    <UnitTest name="GetKeyManagementState_PasswordCannotDecryptKey" storage="d:\actions-runner\_work\xpco\xpco\common\videoos.utilities\videoos.utilities.unittests\bin\debug\net472\videoos.utilities.unittests.dll" id="66477fd6-1f77-8ac4-c4c3-12944fda49e9">
      <Execution id="f6574d2b-64b4-4c1a-ac5b-c0a621912ba1" />
      <TestMethod codeBase="D:\actions-runner\_work\XPCO\XPCO\Common\VideoOS.Utilities\VideoOS.Utilities.UnitTests\bin\Debug\net472\VideoOS.Utilities.UnitTests.dll" adapterTypeName="executor://mstestadapter/v2" className="VideoOS.Utilities.UnitTests.KeyManagement.KeyManagerTests" name="GetKeyManagementState_PasswordCannotDecryptKey" />
    </UnitTest>
    <UnitTest name="RemoveInvalidXMLChars_Text_SameResult" storage="d:\actions-runner\_work\xpco\xpco\common\videoos.utilities\videoos.utilities.unittests\bin\debug\net472\videoos.utilities.unittests.dll" id="6ef51f53-4e1f-f25c-3e8d-6d67812652de">
      <Execution id="581f782c-1d72-46b4-930d-062c8f8e6458" />
      <TestMethod codeBase="D:\actions-runner\_work\XPCO\XPCO\Common\VideoOS.Utilities\VideoOS.Utilities.UnitTests\bin\Debug\net472\VideoOS.Utilities.UnitTests.dll" adapterTypeName="executor://mstestadapter/v2" className="VideoOS.Utilities.UnitTests.Formatting.CharacterTests" name="RemoveInvalidXMLChars_Text_SameResult" />
    </UnitTest>
    <UnitTest name="KilledConnectionFailsWithoutRetry" storage="d:\actions-runner\_work\xpco\xpco\common\videoos.utilities\videoos.utilities.unittests\bin\debug\net472\videoos.utilities.unittests.dll" id="fda94701-b4a5-79c1-309e-46f5c211feb1">
      <TestCategory>
        <TestCategoryItem TestCategory="DatabaseConnection" />
      </TestCategory>
      <Execution id="9433d79e-afc1-4a1e-be9e-c36a398bf9be" />
      <TestMethod codeBase="D:\actions-runner\_work\XPCO\XPCO\Common\VideoOS.Utilities\VideoOS.Utilities.UnitTests\bin\Debug\net472\VideoOS.Utilities.UnitTests.dll" adapterTypeName="executor://mstestadapter/v2" className="VideoOS.Utilities.UnitTests.Database.DatabaseConnectionTests" name="KilledConnectionFailsWithoutRetry" />
    </UnitTest>
    <UnitTest name="EncryptStringDataTestXmlDocument" storage="d:\actions-runner\_work\xpco\xpco\common\videoos.utilities\videoos.utilities.unittests\bin\debug\net472\videoos.utilities.unittests.dll" id="d27a4924-5023-085a-be43-fd469abc218c">
      <Execution id="585b5cb6-9e0a-4b2d-8b59-2c1aae98855c" />
      <TestMethod codeBase="D:\actions-runner\_work\XPCO\XPCO\Common\VideoOS.Utilities\VideoOS.Utilities.UnitTests\bin\Debug\net472\VideoOS.Utilities.UnitTests.dll" adapterTypeName="executor://mstestadapter/v2" className="VideoOS.Utilities.UnitTests.Cryptography.Encryption" name="EncryptStringDataTestXmlDocument" />
    </UnitTest>
    <UnitTest name="ExecuteReaderWithMultipleParameters" storage="d:\actions-runner\_work\xpco\xpco\common\videoos.utilities\videoos.utilities.unittests\bin\debug\net472\videoos.utilities.unittests.dll" id="35a50abb-dc47-c595-8d19-14a2f7138023">
      <TestCategory>
        <TestCategoryItem TestCategory="DatabaseCommand" />
      </TestCategory>
      <Execution id="979e2904-6ac1-4bf6-b37d-1f84deb32555" />
      <TestMethod codeBase="D:\actions-runner\_work\XPCO\XPCO\Common\VideoOS.Utilities\VideoOS.Utilities.UnitTests\bin\Debug\net472\VideoOS.Utilities.UnitTests.dll" adapterTypeName="executor://mstestadapter/v2" className="VideoOS.Utilities.UnitTests.Database.DatabaseCommandTest" name="ExecuteReaderWithMultipleParameters" />
    </UnitTest>
    <UnitTest name="RGB_ToHSL_ReturnsProperColor_OnMilestoneBlue" storage="d:\actions-runner\_work\xpco\xpco\common\videoos.utilities\videoos.utilities.unittests\bin\debug\net472\videoos.utilities.unittests.dll" id="24926e17-a02a-4047-b4e3-04a156766c48">
      <Execution id="b73d8c74-3d11-444a-9fe7-68f9d6efd1cb" />
      <TestMethod codeBase="D:\actions-runner\_work\XPCO\XPCO\Common\VideoOS.Utilities\VideoOS.Utilities.UnitTests\bin\Debug\net472\VideoOS.Utilities.UnitTests.dll" adapterTypeName="executor://mstestadapter/v2" className="VideoOS.Utilities.UnitTests.Colors.ColorConverterTests" name="RGB_ToHSL_ReturnsProperColor_OnMilestoneBlue" />
    </UnitTest>
    <UnitTest name="Constructor_MultipleItems" storage="d:\actions-runner\_work\xpco\xpco\common\videoos.utilities\videoos.utilities.unittests\bin\debug\net472\videoos.utilities.unittests.dll" id="6bb6f038-06a5-a12d-b80e-5d4bb6709312">
      <Execution id="d3f0899d-e719-4a0e-9570-4c230d2cae3e" />
      <TestMethod codeBase="D:\actions-runner\_work\XPCO\XPCO\Common\VideoOS.Utilities\VideoOS.Utilities.UnitTests\bin\Debug\net472\VideoOS.Utilities.UnitTests.dll" adapterTypeName="executor://mstestadapter/v2" className="VideoOS.Utilities.UnitTests.Windows.Http.UrlReservationInfoCollectionWrapperTest" name="Constructor_MultipleItems" />
    </UnitTest>
    <UnitTest name="Parse_InvalidData_InvalidPortTest1" storage="d:\actions-runner\_work\xpco\xpco\common\videoos.utilities\videoos.utilities.unittests\bin\debug\net472\videoos.utilities.unittests.dll" id="f1bd97b0-6b78-7a86-f2e6-3fc0ddc07936">
      <Execution id="ed713f5d-e1da-4e30-9089-55a8bdc4e58e" />
      <TestMethod codeBase="D:\actions-runner\_work\XPCO\XPCO\Common\VideoOS.Utilities\VideoOS.Utilities.UnitTests\bin\Debug\net472\VideoOS.Utilities.UnitTests.dll" adapterTypeName="executor://mstestadapter/v2" className="VideoOS.Utilities.UnitTests.Windows.UrlPrefixTest" name="Parse_InvalidData_InvalidPortTest1" />
    </UnitTest>
    <UnitTest name="Parse_InvalidData_InvalidHostTest1" storage="d:\actions-runner\_work\xpco\xpco\common\videoos.utilities\videoos.utilities.unittests\bin\debug\net472\videoos.utilities.unittests.dll" id="4373c99e-3f83-f1f8-6ffe-41af6d8c0142">
      <Execution id="0faab965-3660-4756-bc57-7083cbe284e6" />
      <TestMethod codeBase="D:\actions-runner\_work\XPCO\XPCO\Common\VideoOS.Utilities\VideoOS.Utilities.UnitTests\bin\Debug\net472\VideoOS.Utilities.UnitTests.dll" adapterTypeName="executor://mstestadapter/v2" className="VideoOS.Utilities.UnitTests.Windows.UrlPrefixTest" name="Parse_InvalidData_InvalidHostTest1" />
    </UnitTest>
    <UnitTest name="DecryptEncryptKey_ShouldWorkWithRoundtrip_WhenPasswordIsEmpty" storage="d:\actions-runner\_work\xpco\xpco\common\videoos.utilities\videoos.utilities.unittests\bin\debug\net472\videoos.utilities.unittests.dll" id="79bf820c-df88-ce37-9503-568241dfb172">
      <Execution id="c1f11711-0f95-4cca-81a2-b5e9a99cfae1" />
      <TestMethod codeBase="D:\actions-runner\_work\XPCO\XPCO\Common\VideoOS.Utilities\VideoOS.Utilities.UnitTests\bin\Debug\net472\VideoOS.Utilities.UnitTests.dll" adapterTypeName="executor://mstestadapter/v2" className="VideoOS.Utilities.UnitTests.KeyManagement.EncryptionProviderTests" name="DecryptEncryptKey_ShouldWorkWithRoundtrip_WhenPasswordIsEmpty" />
    </UnitTest>
    <UnitTest name="EnforceUrlReservation_NoConflictAccessDeniedTest" storage="d:\actions-runner\_work\xpco\xpco\common\videoos.utilities\videoos.utilities.unittests\bin\debug\net472\videoos.utilities.unittests.dll" id="6167cf0e-2ca8-10aa-73f7-b2bdd77f7e36">
      <Execution id="76c21b48-595f-4c45-9269-987c2988af3a" />
      <TestMethod codeBase="D:\actions-runner\_work\XPCO\XPCO\Common\VideoOS.Utilities\VideoOS.Utilities.UnitTests\bin\Debug\net472\VideoOS.Utilities.UnitTests.dll" adapterTypeName="executor://mstestadapter/v2" className="VideoOS.Utilities.UnitTests.Windows.Http.HttpSysConfigTest" name="EnforceUrlReservation_NoConflictAccessDeniedTest" />
    </UnitTest>
    <UnitTest name="GetDatabaseName_Success" storage="d:\actions-runner\_work\xpco\xpco\common\videoos.utilities\videoos.utilities.unittests\bin\debug\net472\videoos.utilities.unittests.dll" id="4d95bc9a-0fda-0918-db17-181daa82a179">
      <TestCategory>
        <TestCategoryItem TestCategory="Database" />
      </TestCategory>
      <Execution id="22a838b8-af05-4eef-89a3-022e0f2ab447" />
      <TestMethod codeBase="D:\actions-runner\_work\XPCO\XPCO\Common\VideoOS.Utilities\VideoOS.Utilities.UnitTests\bin\Debug\net472\VideoOS.Utilities.UnitTests.dll" adapterTypeName="executor://mstestadapter/v2" className="VideoOS.Utilities.UnitTests.Database.SqlConnectionManagerTests" name="GetDatabaseName_Success" />
    </UnitTest>
    <UnitTest name="ConstructDatabaseConnectionInfo_CloneForMaster_Success" storage="d:\actions-runner\_work\xpco\xpco\common\videoos.utilities\videoos.utilities.unittests\bin\debug\net472\videoos.utilities.unittests.dll" id="eb6713ef-6a60-6fef-f5bb-959c27e27fc5">
      <Execution id="61901071-ab18-42f7-b791-ee98aea4b81f" />
      <TestMethod codeBase="D:\actions-runner\_work\XPCO\XPCO\Common\VideoOS.Utilities\VideoOS.Utilities.UnitTests\bin\Debug\net472\VideoOS.Utilities.UnitTests.dll" adapterTypeName="executor://mstestadapter/v2" className="VideoOS.Utilities.UnitTests.Database.DatabaseConnectionInfoTests" name="ConstructDatabaseConnectionInfo_CloneForMaster_Success" />
    </UnitTest>
    <UnitTest name="CreateLicenseRequest_Throws_WhenCompanyPublicKeyIsEmpty" storage="d:\actions-runner\_work\xpco\xpco\common\videoos.utilities\videoos.utilities.unittests\bin\debug\net472\videoos.utilities.unittests.dll" id="9a5f2d25-e5df-c6ba-3b20-674ddeaf04cd">
      <Execution id="915fc73f-0f11-46f0-aa25-d8380e2dcecb" />
      <TestMethod codeBase="D:\actions-runner\_work\XPCO\XPCO\Common\VideoOS.Utilities\VideoOS.Utilities.UnitTests\bin\Debug\net472\VideoOS.Utilities.UnitTests.dll" adapterTypeName="executor://mstestadapter/v2" className="VideoOS.Utilities.UnitTests.Licensing.LicenseFileHelperTests" name="CreateLicenseRequest_Throws_WhenCompanyPublicKeyIsEmpty" />
    </UnitTest>
    <UnitTest name="ShowHelp_OfflineWorkflow__DisplayHtmlHelp_InvokeWithHttpPort80Url" storage="d:\actions-runner\_work\xpco\xpco\common\videoos.utilities\videoos.utilities.unittests\bin\debug\net472\videoos.utilities.unittests.dll" id="49cad1f6-eba2-350a-45e7-7a41f9bcfb57">
      <TestCategory>
        <TestCategoryItem TestCategory="Help" />
      </TestCategory>
      <Execution id="b620f9f0-36b0-4ccc-a425-2ac329bf36d5" />
      <TestMethod codeBase="D:\actions-runner\_work\XPCO\XPCO\Common\VideoOS.Utilities\VideoOS.Utilities.UnitTests\bin\Debug\net472\VideoOS.Utilities.UnitTests.dll" adapterTypeName="executor://mstestadapter/v2" className="VideoOS.Utilities.UnitTests.Help.HelpManagerTests" name="ShowHelp_OfflineWorkflow__DisplayHtmlHelp_InvokeWithHttpPort80Url" />
    </UnitTest>
    <UnitTest name="FormatByteSizeStringExactULTest5" storage="d:\actions-runner\_work\xpco\xpco\common\videoos.utilities\videoos.utilities.unittests\bin\debug\net472\videoos.utilities.unittests.dll" id="38d1f746-2b57-c1cd-17c2-0ac269ee0e54">
      <Execution id="7721f2b3-6ba0-4fa1-ae25-8b31741bec36" />
      <TestMethod codeBase="D:\actions-runner\_work\XPCO\XPCO\Common\VideoOS.Utilities\VideoOS.Utilities.UnitTests\bin\Debug\net472\VideoOS.Utilities.UnitTests.dll" adapterTypeName="executor://mstestadapter/v2" className="VideoOS.Utilities.UnitTests.StringFormattingTest" name="FormatByteSizeStringExactULTest5" />
    </UnitTest>
    <UnitTest name="PrettifyInlineXmlStringTest3" storage="d:\actions-runner\_work\xpco\xpco\common\videoos.utilities\videoos.utilities.unittests\bin\debug\net472\videoos.utilities.unittests.dll" id="f8c8bf25-1814-de3b-561e-0b0f8c5b78f7">
      <Execution id="cab4def0-4afc-4f48-a2f7-1083a03eacd0" />
      <TestMethod codeBase="D:\actions-runner\_work\XPCO\XPCO\Common\VideoOS.Utilities\VideoOS.Utilities.UnitTests\bin\Debug\net472\VideoOS.Utilities.UnitTests.dll" adapterTypeName="executor://mstestadapter/v2" className="VideoOS.Utilities.UnitTests.StringFormattingTest" name="PrettifyInlineXmlStringTest3" />
    </UnitTest>
    <UnitTest name="Constructor_ShouldCreateSecureFolder" storage="d:\actions-runner\_work\xpco\xpco\common\videoos.utilities\videoos.utilities.unittests\bin\debug\net472\videoos.utilities.unittests.dll" id="48c8ede3-08d7-325a-e284-aeded3841607">
      <Execution id="ca37c55e-8663-44b2-9eca-df7242962a7d" />
      <TestMethod codeBase="D:\actions-runner\_work\XPCO\XPCO\Common\VideoOS.Utilities\VideoOS.Utilities.UnitTests\bin\Debug\net472\VideoOS.Utilities.UnitTests.dll" adapterTypeName="executor://mstestadapter/v2" className="VideoOS.Utilities.UnitTests.KeyManagement.FileWritingSessionTests" name="Constructor_ShouldCreateSecureFolder" />
    </UnitTest>
    <UnitTest name="PrettifyInlineXmlStringTest1" storage="d:\actions-runner\_work\xpco\xpco\common\videoos.utilities\videoos.utilities.unittests\bin\debug\net472\videoos.utilities.unittests.dll" id="2f1abd26-fe2d-356b-6e24-a6759c1702e8">
      <Execution id="cce05283-e292-4a84-8bab-b740e61dc754" />
      <TestMethod codeBase="D:\actions-runner\_work\XPCO\XPCO\Common\VideoOS.Utilities\VideoOS.Utilities.UnitTests\bin\Debug\net472\VideoOS.Utilities.UnitTests.dll" adapterTypeName="executor://mstestadapter/v2" className="VideoOS.Utilities.UnitTests.StringFormattingTest" name="PrettifyInlineXmlStringTest1" />
    </UnitTest>
    <UnitTest name="FormatByteSizeStringExactULTest8" storage="d:\actions-runner\_work\xpco\xpco\common\videoos.utilities\videoos.utilities.unittests\bin\debug\net472\videoos.utilities.unittests.dll" id="7ea4c52f-c964-05ae-10c5-e89520b6faa5">
      <Execution id="bebe524a-d4d1-41d2-b75e-e009abd0b4cd" />
      <TestMethod codeBase="D:\actions-runner\_work\XPCO\XPCO\Common\VideoOS.Utilities\VideoOS.Utilities.UnitTests\bin\Debug\net472\VideoOS.Utilities.UnitTests.dll" adapterTypeName="executor://mstestadapter/v2" className="VideoOS.Utilities.UnitTests.StringFormattingTest" name="FormatByteSizeStringExactULTest8" />
    </UnitTest>
    <UnitTest name="SecureFolderWithUserAccountAccessGetsCreatedCorrectlyOnlyAdmin" storage="d:\actions-runner\_work\xpco\xpco\common\videoos.utilities\videoos.utilities.unittests\bin\debug\net472\videoos.utilities.unittests.dll" id="1080b5ef-a946-c104-f8d8-18a170135d76">
      <Execution id="ed414d67-f86d-4dc7-ac08-9e81ae6803f0" />
      <TestMethod codeBase="D:\actions-runner\_work\XPCO\XPCO\Common\VideoOS.Utilities\VideoOS.Utilities.UnitTests\bin\Debug\net472\VideoOS.Utilities.UnitTests.dll" adapterTypeName="executor://mstestadapter/v2" className="VideoOS.Utilities.UnitTests.Security.SecureFolderTests" name="SecureFolderWithUserAccountAccessGetsCreatedCorrectlyOnlyAdmin" />
    </UnitTest>
    <UnitTest name="EncryptionFactory_Throws_OnCreateAsymmetricForLicense_WithKeysOkAndBlobNull" storage="d:\actions-runner\_work\xpco\xpco\common\videoos.utilities\videoos.utilities.unittests\bin\debug\net472\videoos.utilities.unittests.dll" id="59e40f78-ac27-6d17-266f-c4fd2832271d">
      <Execution id="4e7f8a53-1389-4fed-a895-dab7c6e41368" />
      <TestMethod codeBase="D:\actions-runner\_work\XPCO\XPCO\Common\VideoOS.Utilities\VideoOS.Utilities.UnitTests\bin\Debug\net472\VideoOS.Utilities.UnitTests.dll" adapterTypeName="executor://mstestadapter/v2" className="VideoOS.Utilities.UnitTests.Cryptography.RsaCngAsymmetricEncryptionTests" name="EncryptionFactory_Throws_OnCreateAsymmetricForLicense_WithKeysOkAndBlobNull" />
    </UnitTest>
    <UnitTest name="IsValidBase64String_DataDrivenTest (AAA,False)" storage="d:\actions-runner\_work\xpco\xpco\common\videoos.utilities\videoos.utilities.unittests\bin\debug\net472\videoos.utilities.unittests.dll" id="5236636f-f101-4387-1048-021f430cdc7d">
      <Execution id="4f8886ab-7a14-4da6-ac47-35717ae456bb" />
      <TestMethod codeBase="D:\actions-runner\_work\XPCO\XPCO\Common\VideoOS.Utilities\VideoOS.Utilities.UnitTests\bin\Debug\net472\VideoOS.Utilities.UnitTests.dll" adapterTypeName="executor://mstestadapter/v2" className="VideoOS.Utilities.UnitTests.Validation.Base64StringValidatorTests" name="IsValidBase64String_DataDrivenTest" />
    </UnitTest>
    <UnitTest name="RemoveInvalidXMLChars_Text_Tab_NotRemoved" storage="d:\actions-runner\_work\xpco\xpco\common\videoos.utilities\videoos.utilities.unittests\bin\debug\net472\videoos.utilities.unittests.dll" id="96119cc5-4c2f-24b7-eb33-7ff9b76c899e">
      <Execution id="f4ce77e8-a6c3-464f-b2ba-7eeabb7867c3" />
      <TestMethod codeBase="D:\actions-runner\_work\XPCO\XPCO\Common\VideoOS.Utilities\VideoOS.Utilities.UnitTests\bin\Debug\net472\VideoOS.Utilities.UnitTests.dll" adapterTypeName="executor://mstestadapter/v2" className="VideoOS.Utilities.UnitTests.Formatting.CharacterTests" name="RemoveInvalidXMLChars_Text_Tab_NotRemoved" />
    </UnitTest>
    <UnitTest name="Constructor_NullUrlAclInfo" storage="d:\actions-runner\_work\xpco\xpco\common\videoos.utilities\videoos.utilities.unittests\bin\debug\net472\videoos.utilities.unittests.dll" id="08489a7b-a612-37ae-e377-5aee70230735">
      <Execution id="f7445a38-896c-4a25-bf8d-c606e5cb8c65" />
      <TestMethod codeBase="D:\actions-runner\_work\XPCO\XPCO\Common\VideoOS.Utilities\VideoOS.Utilities.UnitTests\bin\Debug\net472\VideoOS.Utilities.UnitTests.dll" adapterTypeName="executor://mstestadapter/v2" className="VideoOS.Utilities.UnitTests.Windows.Http.UrlReservationInfoCollectionWrapperTest" name="Constructor_NullUrlAclInfo" />
    </UnitTest>
    <UnitTest name="ExecuteReaderMultipleResultSetsAsync" storage="d:\actions-runner\_work\xpco\xpco\common\videoos.utilities\videoos.utilities.unittests\bin\debug\net472\videoos.utilities.unittests.dll" id="5f178983-1688-fde2-250e-ccd47c9963d9">
      <TestCategory>
        <TestCategoryItem TestCategory="DatabaseCommand" />
      </TestCategory>
      <Execution id="b5af2f0d-d20e-4bf5-946b-97e0cf0f9ba3" />
      <TestMethod codeBase="D:\actions-runner\_work\XPCO\XPCO\Common\VideoOS.Utilities\VideoOS.Utilities.UnitTests\bin\Debug\net472\VideoOS.Utilities.UnitTests.dll" adapterTypeName="executor://mstestadapter/v2" className="VideoOS.Utilities.UnitTests.Database.DatabaseCommandTest" name="ExecuteReaderMultipleResultSetsAsync" />
    </UnitTest>
    <UnitTest name="Parse_StrongWildcard_Http_WithRelativePathTest_NoTrailingSlash" storage="d:\actions-runner\_work\xpco\xpco\common\videoos.utilities\videoos.utilities.unittests\bin\debug\net472\videoos.utilities.unittests.dll" id="1fd80ead-9458-b2f1-f7f8-4f30eeb7cd1a">
      <Execution id="85b81f16-0e1a-4c47-a38a-7abe91d53d4d" />
      <TestMethod codeBase="D:\actions-runner\_work\XPCO\XPCO\Common\VideoOS.Utilities\VideoOS.Utilities.UnitTests\bin\Debug\net472\VideoOS.Utilities.UnitTests.dll" adapterTypeName="executor://mstestadapter/v2" className="VideoOS.Utilities.UnitTests.Windows.UrlPrefixTest" name="Parse_StrongWildcard_Http_WithRelativePathTest_NoTrailingSlash" />
    </UnitTest>
    <UnitTest name="DatabaseParametersTest" storage="d:\actions-runner\_work\xpco\xpco\common\videoos.utilities\videoos.utilities.unittests\bin\debug\net472\videoos.utilities.unittests.dll" id="ef5212b0-4020-30a6-8db2-7922698faddd">
      <TestCategory>
        <TestCategoryItem TestCategory="DatabaseCommand" />
      </TestCategory>
      <Execution id="ed5b25a5-84b3-48f9-b826-5a856e41e9f9" />
      <TestMethod codeBase="D:\actions-runner\_work\XPCO\XPCO\Common\VideoOS.Utilities\VideoOS.Utilities.UnitTests\bin\Debug\net472\VideoOS.Utilities.UnitTests.dll" adapterTypeName="executor://mstestadapter/v2" className="VideoOS.Utilities.UnitTests.Database.SqlResourceComponentTest" name="DatabaseParametersTest" />
    </UnitTest>
    <UnitTest name="Parse_InvalidData_NullStringTest" storage="d:\actions-runner\_work\xpco\xpco\common\videoos.utilities\videoos.utilities.unittests\bin\debug\net472\videoos.utilities.unittests.dll" id="f57a2b07-8e8c-9d76-cc0f-8d89bdca0ca4">
      <Execution id="7f648d64-1955-4c63-84a9-4d53c2425b42" />
      <TestMethod codeBase="D:\actions-runner\_work\XPCO\XPCO\Common\VideoOS.Utilities\VideoOS.Utilities.UnitTests\bin\Debug\net472\VideoOS.Utilities.UnitTests.dll" adapterTypeName="executor://mstestadapter/v2" className="VideoOS.Utilities.UnitTests.Windows.UrlPrefixTest" name="Parse_InvalidData_NullStringTest" />
    </UnitTest>
    <UnitTest name="EventServerSqlConnectionStorage_Constructor_RegistryServiceNull_Throws_ArgumentNullException" storage="d:\actions-runner\_work\xpco\xpco\common\videoos.utilities\videoos.utilities.unittests\bin\debug\net472\videoos.utilities.unittests.dll" id="dbe387cb-3f81-262a-5b42-c9d56349db35">
      <TestCategory>
        <TestCategoryItem TestCategory="Database" />
      </TestCategory>
      <Execution id="b901519b-887c-4feb-b67d-7aa8440dd445" />
      <TestMethod codeBase="D:\actions-runner\_work\XPCO\XPCO\Common\VideoOS.Utilities\VideoOS.Utilities.UnitTests\bin\Debug\net472\VideoOS.Utilities.UnitTests.dll" adapterTypeName="executor://mstestadapter/v2" className="VideoOS.Utilities.UnitTests.Database.EventServerSqlConnectionStorageTests" name="EventServerSqlConnectionStorage_Constructor_RegistryServiceNull_Throws_ArgumentNullException" />
    </UnitTest>
    <UnitTest name="ExecuteNonQueryTest" storage="d:\actions-runner\_work\xpco\xpco\common\videoos.utilities\videoos.utilities.unittests\bin\debug\net472\videoos.utilities.unittests.dll" id="4e3f0180-82b2-6414-7968-97eee117cb14">
      <TestCategory>
        <TestCategoryItem TestCategory="DatabaseCommand" />
      </TestCategory>
      <Execution id="39da376a-4c2b-4c06-ae7e-e4adb7d6f83d" />
      <TestMethod codeBase="D:\actions-runner\_work\XPCO\XPCO\Common\VideoOS.Utilities\VideoOS.Utilities.UnitTests\bin\Debug\net472\VideoOS.Utilities.UnitTests.dll" adapterTypeName="executor://mstestadapter/v2" className="VideoOS.Utilities.UnitTests.Database.SqlResourceComponentTest" name="ExecuteNonQueryTest" />
    </UnitTest>
    <UnitTest name="CanDisposeConnectionMultipleTimes_Success" storage="d:\actions-runner\_work\xpco\xpco\common\videoos.utilities\videoos.utilities.unittests\bin\debug\net472\videoos.utilities.unittests.dll" id="93ba48d0-5204-783e-22e2-0e86f00c3f43">
      <TestCategory>
        <TestCategoryItem TestCategory="DatabaseConnection" />
      </TestCategory>
      <Execution id="0697ef93-831c-41c4-846c-8fd4f9240b91" />
      <TestMethod codeBase="D:\actions-runner\_work\XPCO\XPCO\Common\VideoOS.Utilities\VideoOS.Utilities.UnitTests\bin\Debug\net472\VideoOS.Utilities.UnitTests.dll" adapterTypeName="executor://mstestadapter/v2" className="VideoOS.Utilities.UnitTests.Database.DatabaseConnectionTests" name="CanDisposeConnectionMultipleTimes_Success" />
    </UnitTest>
    <UnitTest name="DetermineLicenseType_LicenseRequest_ReturnsLicenseTypeRequest" storage="d:\actions-runner\_work\xpco\xpco\common\videoos.utilities\videoos.utilities.unittests\bin\debug\net472\videoos.utilities.unittests.dll" id="3d7d6393-f89e-0e47-6504-4ae48960e5c3">
      <Execution id="12b536b8-abb5-4912-b2f2-41f9dfb9596a" />
      <TestMethod codeBase="D:\actions-runner\_work\XPCO\XPCO\Common\VideoOS.Utilities\VideoOS.Utilities.UnitTests\bin\Debug\net472\VideoOS.Utilities.UnitTests.dll" adapterTypeName="executor://mstestadapter/v2" className="VideoOS.Utilities.UnitTests.Licensing.LicenseFileHelperTests" name="DetermineLicenseType_LicenseRequest_ReturnsLicenseTypeRequest" />
    </UnitTest>
    <UnitTest name="Get_Parameter_DatabaseDataReaderIsNull_Success" storage="d:\actions-runner\_work\xpco\xpco\common\videoos.utilities\videoos.utilities.unittests\bin\debug\net472\videoos.utilities.unittests.dll" id="1f464ac7-138a-8fde-bfd4-f47c345bf2dd">
      <TestCategory>
        <TestCategoryItem TestCategory="DatabaseColumnBinder" />
      </TestCategory>
      <Execution id="f2236b64-a1be-40d4-8b2a-ac3547490503" />
      <TestMethod codeBase="D:\actions-runner\_work\XPCO\XPCO\Common\VideoOS.Utilities\VideoOS.Utilities.UnitTests\bin\Debug\net472\VideoOS.Utilities.UnitTests.dll" adapterTypeName="executor://mstestadapter/v2" className="VideoOS.Utilities.UnitTests.Database.DatabaseColumnBinderTests" name="Get_Parameter_DatabaseDataReaderIsNull_Success" />
    </UnitTest>
    <UnitTest name="DecryptKey_ShouldThrow_WhenWrongPasswordCanDecryptKey" storage="d:\actions-runner\_work\xpco\xpco\common\videoos.utilities\videoos.utilities.unittests\bin\debug\net472\videoos.utilities.unittests.dll" id="d7245674-3551-a91c-e5c4-254b0bb05448">
      <Execution id="c3fef31c-53cb-4346-9507-a2660371491c" />
      <TestMethod codeBase="D:\actions-runner\_work\XPCO\XPCO\Common\VideoOS.Utilities\VideoOS.Utilities.UnitTests\bin\Debug\net472\VideoOS.Utilities.UnitTests.dll" adapterTypeName="executor://mstestadapter/v2" className="VideoOS.Utilities.UnitTests.KeyManagement.EncryptionProviderTests" name="DecryptKey_ShouldThrow_WhenWrongPasswordCanDecryptKey" />
    </UnitTest>
    <UnitTest name="Constructor_InitializationFailsTest" storage="d:\actions-runner\_work\xpco\xpco\common\videoos.utilities\videoos.utilities.unittests\bin\debug\net472\videoos.utilities.unittests.dll" id="b4b05ce7-4492-0a8c-3b8e-075a53088e13">
      <Execution id="ce27488c-e661-4768-b030-6249c2d2d417" />
      <TestMethod codeBase="D:\actions-runner\_work\XPCO\XPCO\Common\VideoOS.Utilities\VideoOS.Utilities.UnitTests\bin\Debug\net472\VideoOS.Utilities.UnitTests.dll" adapterTypeName="executor://mstestadapter/v2" className="VideoOS.Utilities.UnitTests.Windows.Http.HttpSysConfigTest" name="Constructor_InitializationFailsTest" />
    </UnitTest>
    <UnitTest name="ShowHelp_OfflineWorkflow__DisplayHtmlHelp_InvokeWithRelativeFileUrl" storage="d:\actions-runner\_work\xpco\xpco\common\videoos.utilities\videoos.utilities.unittests\bin\debug\net472\videoos.utilities.unittests.dll" id="898e0cba-2f16-a9cb-7ec3-2f912910e7dc">
      <TestCategory>
        <TestCategoryItem TestCategory="Help" />
      </TestCategory>
      <Execution id="7fd97a9d-f4a0-4903-8fe5-4b0ea1690fea" />
      <TestMethod codeBase="D:\actions-runner\_work\XPCO\XPCO\Common\VideoOS.Utilities\VideoOS.Utilities.UnitTests\bin\Debug\net472\VideoOS.Utilities.UnitTests.dll" adapterTypeName="executor://mstestadapter/v2" className="VideoOS.Utilities.UnitTests.Help.HelpManagerTests" name="ShowHelp_OfflineWorkflow__DisplayHtmlHelp_InvokeWithRelativeFileUrl" />
    </UnitTest>
    <UnitTest name="Set_From_Run_Task_Generic" storage="d:\actions-runner\_work\xpco\xpco\common\videoos.utilities\videoos.utilities.unittests\bin\debug\net472\videoos.utilities.unittests.dll" id="36fe7898-eb5f-712d-8973-bbdeb7d95415">
      <Execution id="feee26f8-18b3-46da-a395-c02a8e19d9a1" />
      <TestMethod codeBase="D:\actions-runner\_work\XPCO\XPCO\Common\VideoOS.Utilities\VideoOS.Utilities.UnitTests\bin\Debug\net472\VideoOS.Utilities.UnitTests.dll" adapterTypeName="executor://mstestadapter/v2" className="VideoOS.Utilities.UnitTests.Threading.TaskExtensionTest" name="Set_From_Run_Task_Generic" />
    </UnitTest>
    <UnitTest name="ChangePassword_ShouldNotUpdateKey_WhenPasswordFileIsInaccessible" storage="d:\actions-runner\_work\xpco\xpco\common\videoos.utilities\videoos.utilities.unittests\bin\debug\net472\videoos.utilities.unittests.dll" id="7b0ff6f9-12f6-78a0-6d49-91c774d22925">
      <Execution id="6334c22e-e9ef-42f7-9758-ec4cf3658d9b" />
      <TestMethod codeBase="D:\actions-runner\_work\XPCO\XPCO\Common\VideoOS.Utilities\VideoOS.Utilities.UnitTests\bin\Debug\net472\VideoOS.Utilities.UnitTests.dll" adapterTypeName="executor://mstestadapter/v2" className="VideoOS.Utilities.UnitTests.KeyManagement.KeyManagerTests" name="ChangePassword_ShouldNotUpdateKey_WhenPasswordFileIsInaccessible" />
    </UnitTest>
    <UnitTest name="FormatByteSizeStringExactTest7" storage="d:\actions-runner\_work\xpco\xpco\common\videoos.utilities\videoos.utilities.unittests\bin\debug\net472\videoos.utilities.unittests.dll" id="3b43752d-a556-b0b9-8a62-50f89aa27699">
      <Execution id="3adee7a5-b598-4057-bc4a-bf1889fca986" />
      <TestMethod codeBase="D:\actions-runner\_work\XPCO\XPCO\Common\VideoOS.Utilities\VideoOS.Utilities.UnitTests\bin\Debug\net472\VideoOS.Utilities.UnitTests.dll" adapterTypeName="executor://mstestadapter/v2" className="VideoOS.Utilities.UnitTests.StringFormattingTest" name="FormatByteSizeStringExactTest7" />
    </UnitTest>
    <UnitTest name="EncryptionFactory_Throws_OnCreateAsymmetricWithKeysNullPaddingAndBlobNotNull" storage="d:\actions-runner\_work\xpco\xpco\common\videoos.utilities\videoos.utilities.unittests\bin\debug\net472\videoos.utilities.unittests.dll" id="1b538ca9-c94c-0790-db61-f82e581895c1">
      <Execution id="01414481-9a7a-4474-a608-98d98c989243" />
      <TestMethod codeBase="D:\actions-runner\_work\XPCO\XPCO\Common\VideoOS.Utilities\VideoOS.Utilities.UnitTests\bin\Debug\net472\VideoOS.Utilities.UnitTests.dll" adapterTypeName="executor://mstestadapter/v2" className="VideoOS.Utilities.UnitTests.Cryptography.RsaCngAsymmetricEncryptionTests" name="EncryptionFactory_Throws_OnCreateAsymmetricWithKeysNullPaddingAndBlobNotNull" />
    </UnitTest>
    <UnitTest name="CreateLicenseRequest_Throws_WhenSitePublicKeyIsNull" storage="d:\actions-runner\_work\xpco\xpco\common\videoos.utilities\videoos.utilities.unittests\bin\debug\net472\videoos.utilities.unittests.dll" id="466163d3-29ae-7c38-7842-5f2cc2050a74">
      <Execution id="09708d62-3438-459c-9bd6-8fc2e37af6f2" />
      <TestMethod codeBase="D:\actions-runner\_work\XPCO\XPCO\Common\VideoOS.Utilities\VideoOS.Utilities.UnitTests\bin\Debug\net472\VideoOS.Utilities.UnitTests.dll" adapterTypeName="executor://mstestadapter/v2" className="VideoOS.Utilities.UnitTests.Licensing.LicenseFileHelperTests" name="CreateLicenseRequest_Throws_WhenSitePublicKeyIsNull" />
    </UnitTest>
    <UnitTest name="Encode_WhenDataIsNull_Exception" storage="d:\actions-runner\_work\xpco\xpco\common\videoos.utilities\videoos.utilities.unittests\bin\debug\net472\videoos.utilities.unittests.dll" id="d982fa03-1651-7dd0-09f2-cee6e3c387f8">
      <Execution id="066f0764-8cb2-440b-8637-d2ba77f968d3" />
      <TestMethod codeBase="D:\actions-runner\_work\XPCO\XPCO\Common\VideoOS.Utilities\VideoOS.Utilities.UnitTests\bin\Debug\net472\VideoOS.Utilities.UnitTests.dll" adapterTypeName="executor://mstestadapter/v2" className="VideoOS.Utilities.UnitTests.Formatting.Base64EncoderTest" name="Encode_WhenDataIsNull_Exception" />
    </UnitTest>
    <UnitTest name="HSL_ToRGB_ReturnsProperColor_OnMilestoneBlue" storage="d:\actions-runner\_work\xpco\xpco\common\videoos.utilities\videoos.utilities.unittests\bin\debug\net472\videoos.utilities.unittests.dll" id="05ad9f73-0dc9-9009-a233-ac97a06cdea9">
      <Execution id="25c8d994-0ea8-4200-b71e-8b92de3dff79" />
      <TestMethod codeBase="D:\actions-runner\_work\XPCO\XPCO\Common\VideoOS.Utilities\VideoOS.Utilities.UnitTests\bin\Debug\net472\VideoOS.Utilities.UnitTests.dll" adapterTypeName="executor://mstestadapter/v2" className="VideoOS.Utilities.UnitTests.Colors.ColorConverterTests" name="HSL_ToRGB_ReturnsProperColor_OnMilestoneBlue" />
    </UnitTest>
    <UnitTest name="IsValidBase64String_DataDrivenTest (=,False)" storage="d:\actions-runner\_work\xpco\xpco\common\videoos.utilities\videoos.utilities.unittests\bin\debug\net472\videoos.utilities.unittests.dll" id="b1bfcc7e-9f9c-584d-69d0-055c84b7a472">
      <Execution id="9c8c722f-0157-45c1-a292-23d904631159" />
      <TestMethod codeBase="D:\actions-runner\_work\XPCO\XPCO\Common\VideoOS.Utilities\VideoOS.Utilities.UnitTests\bin\Debug\net472\VideoOS.Utilities.UnitTests.dll" adapterTypeName="executor://mstestadapter/v2" className="VideoOS.Utilities.UnitTests.Validation.Base64StringValidatorTests" name="IsValidBase64String_DataDrivenTest" />
    </UnitTest>
    <UnitTest name="EncryptionFactory_KeyInformationIsDifferent_OnDefaultCreateAsymmetricForLicense" storage="d:\actions-runner\_work\xpco\xpco\common\videoos.utilities\videoos.utilities.unittests\bin\debug\net472\videoos.utilities.unittests.dll" id="bc17b61c-cd60-94e8-8c15-436ea8d13b69">
      <Execution id="435c7bc8-cd58-433d-8a64-7d43c4e771d2" />
      <TestMethod codeBase="D:\actions-runner\_work\XPCO\XPCO\Common\VideoOS.Utilities\VideoOS.Utilities.UnitTests\bin\Debug\net472\VideoOS.Utilities.UnitTests.dll" adapterTypeName="executor://mstestadapter/v2" className="VideoOS.Utilities.UnitTests.Cryptography.RsaCngAsymmetricEncryptionTests" name="EncryptionFactory_KeyInformationIsDifferent_OnDefaultCreateAsymmetricForLicense" />
    </UnitTest>
    <UnitTest name="NullCheckHasInformationOnObjectTypeAndCallerAndMayHaveOptionalText" storage="d:\actions-runner\_work\xpco\xpco\common\videoos.utilities\videoos.utilities.unittests\bin\debug\net472\videoos.utilities.unittests.dll" id="b6e0eee9-ccff-1841-5159-192acffe7d54">
      <Execution id="f7d4ae0a-b88c-4538-b37c-0f92e512290f" />
      <TestMethod codeBase="D:\actions-runner\_work\XPCO\XPCO\Common\VideoOS.Utilities\VideoOS.Utilities.UnitTests\bin\Debug\net472\VideoOS.Utilities.UnitTests.dll" adapterTypeName="executor://mstestadapter/v2" className="VideoOS.Utilities.UnitTests.Validation.ValidationTests" name="NullCheckHasInformationOnObjectTypeAndCallerAndMayHaveOptionalText" />
    </UnitTest>
    <UnitTest name="CreateExplicit_WithRelativePathTest" storage="d:\actions-runner\_work\xpco\xpco\common\videoos.utilities\videoos.utilities.unittests\bin\debug\net472\videoos.utilities.unittests.dll" id="3ce70e32-65f4-c9ea-299d-457b4a6f9a94">
      <Execution id="698ea4f8-6c56-4627-98db-fb772ec36b9a" />
      <TestMethod codeBase="D:\actions-runner\_work\XPCO\XPCO\Common\VideoOS.Utilities\VideoOS.Utilities.UnitTests\bin\Debug\net472\VideoOS.Utilities.UnitTests.dll" adapterTypeName="executor://mstestadapter/v2" className="VideoOS.Utilities.UnitTests.Windows.UrlPrefixTest" name="CreateExplicit_WithRelativePathTest" />
    </UnitTest>
    <UnitTest name="Init_WhenInitialized_RefuseMessageCorrect" storage="d:\actions-runner\_work\xpco\xpco\common\videoos.utilities\videoos.utilities.unittests\bin\debug\net472\videoos.utilities.unittests.dll" id="2e97e08c-ca7b-d885-f415-1eab71811422">
      <Execution id="b9a17bc1-0eef-456a-998e-d1e6e9994bf5" />
      <TestMethod codeBase="D:\actions-runner\_work\XPCO\XPCO\Common\VideoOS.Utilities\VideoOS.Utilities.UnitTests\bin\Debug\net472\VideoOS.Utilities.UnitTests.dll" adapterTypeName="executor://mstestadapter/v2" className="VideoOS.Utilities.UnitTests.Workflow.InitControlTests" name="Init_WhenInitialized_RefuseMessageCorrect" />
    </UnitTest>
    <UnitTest name="StartWritingSession_ShouldThrowArgumentNullException_WhenAccountNameIsNull" storage="d:\actions-runner\_work\xpco\xpco\common\videoos.utilities\videoos.utilities.unittests\bin\debug\net472\videoos.utilities.unittests.dll" id="a490e7e3-6c82-1670-0095-a769f3bb9318">
      <Execution id="74bacbc8-3504-440d-9c83-8fd626c67966" />
      <TestMethod codeBase="D:\actions-runner\_work\XPCO\XPCO\Common\VideoOS.Utilities\VideoOS.Utilities.UnitTests\bin\Debug\net472\VideoOS.Utilities.UnitTests.dll" adapterTypeName="executor://mstestadapter/v2" className="VideoOS.Utilities.UnitTests.KeyManagement.FilePasswordProviderTests" name="StartWritingSession_ShouldThrowArgumentNullException_WhenAccountNameIsNull" />
    </UnitTest>
    <UnitTest name="RunRetryableActionWhileInTransactionLevel0Fails" storage="d:\actions-runner\_work\xpco\xpco\common\videoos.utilities\videoos.utilities.unittests\bin\debug\net472\videoos.utilities.unittests.dll" id="bbf8c752-4784-ef40-3db3-d74c499ba536">
      <TestCategory>
        <TestCategoryItem TestCategory="DatabaseConnection" />
      </TestCategory>
      <Execution id="39da8102-e464-4388-ad21-8cf8737cd0a9" />
      <TestMethod codeBase="D:\actions-runner\_work\XPCO\XPCO\Common\VideoOS.Utilities\VideoOS.Utilities.UnitTests\bin\Debug\net472\VideoOS.Utilities.UnitTests.dll" adapterTypeName="executor://mstestadapter/v2" className="VideoOS.Utilities.UnitTests.Database.DatabaseConnectionTests" name="RunRetryableActionWhileInTransactionLevel0Fails" />
    </UnitTest>
    <UnitTest name="SetText_127Characters_SetsAll" storage="d:\actions-runner\_work\xpco\xpco\common\videoos.utilities\videoos.utilities.unittests\bin\debug\net472\videoos.utilities.unittests.dll" id="40d53ff8-3a7f-523a-57c0-cd22766755d4">
      <Execution id="be31ae94-d07d-4ff8-a142-446e5569fbb0" />
      <TestMethod codeBase="D:\actions-runner\_work\XPCO\XPCO\Common\VideoOS.Utilities\VideoOS.Utilities.UnitTests\bin\Debug\net472\VideoOS.Utilities.UnitTests.dll" adapterTypeName="executor://mstestadapter/v2" className="VideoOS.Utilities.UnitTests.WinFormsExtensions.NotifyIconExtensionsTests" name="SetText_127Characters_SetsAll" />
    </UnitTest>
    <UnitTest name="Given_daDK_daGL_svAXSupported_When_GettingAvailableLanguages_NativeNamesAreDanskDanmarkDanskGrønlandSvenska" storage="d:\actions-runner\_work\xpco\xpco\common\videoos.utilities\videoos.utilities.unittests\bin\debug\net472\videoos.utilities.unittests.dll" id="2127992f-d432-430c-3767-c76b100ba1ae">
      <Execution id="51d69a3e-88e8-4dbe-971f-1f5d9e4b02c0" />
      <TestMethod codeBase="D:\actions-runner\_work\XPCO\XPCO\Common\VideoOS.Utilities\VideoOS.Utilities.UnitTests\bin\Debug\net472\VideoOS.Utilities.UnitTests.dll" adapterTypeName="executor://mstestadapter/v2" className="VideoOS.Utilities.UnitTests.Globalization.SettingsViewModelTest" name="Given_daDK_daGL_svAXSupported_When_GettingAvailableLanguages_NativeNamesAreDanskDanmarkDanskGrønlandSvenska" />
    </UnitTest>
    <UnitTest name="DecryptAfterEncrypt_ShouldReturnSameStringAsInput" storage="d:\actions-runner\_work\xpco\xpco\common\videoos.utilities\videoos.utilities.unittests\bin\debug\net472\videoos.utilities.unittests.dll" id="51995322-8c00-f766-f088-c76b56aca7e2">
      <Execution id="b9f098c4-0c6b-409b-8048-ac7efd9f5aa4" />
      <TestMethod codeBase="D:\actions-runner\_work\XPCO\XPCO\Common\VideoOS.Utilities\VideoOS.Utilities.UnitTests\bin\Debug\net472\VideoOS.Utilities.UnitTests.dll" adapterTypeName="executor://mstestadapter/v2" className="VideoOS.Utilities.UnitTests.Cryptography.AesSymmetricEncryptionTests" name="DecryptAfterEncrypt_ShouldReturnSameStringAsInput" />
    </UnitTest>
    <UnitTest name="HashingUtilities_CreateHashString_Success" storage="d:\actions-runner\_work\xpco\xpco\common\videoos.utilities\videoos.utilities.unittests\bin\debug\net472\videoos.utilities.unittests.dll" id="efee3d4a-040f-686a-9a0d-7f9cb65b493f">
      <Execution id="9ead901c-ef0a-4782-91da-f80f4a020888" />
      <TestMethod codeBase="D:\actions-runner\_work\XPCO\XPCO\Common\VideoOS.Utilities\VideoOS.Utilities.UnitTests\bin\Debug\net472\VideoOS.Utilities.UnitTests.dll" adapterTypeName="executor://mstestadapter/v2" className="VideoOS.Utilities.UnitTests.Network.HashingUtilitiesTests" name="HashingUtilities_CreateHashString_Success" />
    </UnitTest>
    <UnitTest name="GetContentFromActivatedLicenseFile_ThrowsException_WhenAsymmetricEncryptionIsNull" storage="d:\actions-runner\_work\xpco\xpco\common\videoos.utilities\videoos.utilities.unittests\bin\debug\net472\videoos.utilities.unittests.dll" id="c0102209-d31c-5c79-287d-436f6eaba2e9">
      <Execution id="6f8c3acf-0077-497d-8c2b-78dd1f472d4d" />
      <TestMethod codeBase="D:\actions-runner\_work\XPCO\XPCO\Common\VideoOS.Utilities\VideoOS.Utilities.UnitTests\bin\Debug\net472\VideoOS.Utilities.UnitTests.dll" adapterTypeName="executor://mstestadapter/v2" className="VideoOS.Utilities.UnitTests.Licensing.LicenseFileHelperTests" name="GetContentFromActivatedLicenseFile_ThrowsException_WhenAsymmetricEncryptionIsNull" />
    </UnitTest>
    <UnitTest name="TestValidateAddress_ValidAdresses" storage="d:\actions-runner\_work\xpco\xpco\common\videoos.utilities\videoos.utilities.unittests\bin\debug\net472\videoos.utilities.unittests.dll" id="5eba6bf3-2152-e22a-9319-f2055f166c30">
      <Execution id="4976f6b9-4f59-465d-9426-6cfc82f1a0e3" />
      <TestMethod codeBase="D:\actions-runner\_work\XPCO\XPCO\Common\VideoOS.Utilities\VideoOS.Utilities.UnitTests\bin\Debug\net472\VideoOS.Utilities.UnitTests.dll" adapterTypeName="executor://mstestadapter/v2" className="VideoOS.Utilities.UnitTests.Network.IPHelperTests" name="TestValidateAddress_ValidAdresses" />
    </UnitTest>
    <UnitTest name="DatabaseConnectionInfoFromStorage_Constructor_Success" storage="d:\actions-runner\_work\xpco\xpco\common\videoos.utilities\videoos.utilities.unittests\bin\debug\net472\videoos.utilities.unittests.dll" id="44dbb50d-08f2-dffb-ccfd-36bc969d8e29">
      <TestCategory>
        <TestCategoryItem TestCategory="Database" />
      </TestCategory>
      <Execution id="d9a01c70-5d0d-4ae6-bd5a-1207bc12479c" />
      <TestMethod codeBase="D:\actions-runner\_work\XPCO\XPCO\Common\VideoOS.Utilities\VideoOS.Utilities.UnitTests\bin\Debug\net472\VideoOS.Utilities.UnitTests.dll" adapterTypeName="executor://mstestadapter/v2" className="VideoOS.Utilities.UnitTests.Database.DatabaseConnectionInfoFromStorageTests" name="DatabaseConnectionInfoFromStorage_Constructor_Success" />
    </UnitTest>
    <UnitTest name="GetSqlConnection_IntegratedSecuritySetUsingTrue_Success" storage="d:\actions-runner\_work\xpco\xpco\common\videoos.utilities\videoos.utilities.unittests\bin\debug\net472\videoos.utilities.unittests.dll" id="c2dd9515-b767-f4ba-958d-84c8ff4654b3">
      <TestCategory>
        <TestCategoryItem TestCategory="Database" />
      </TestCategory>
      <Execution id="17e37a1b-1185-49a5-accb-cbe5e0443243" />
      <TestMethod codeBase="D:\actions-runner\_work\XPCO\XPCO\Common\VideoOS.Utilities\VideoOS.Utilities.UnitTests\bin\Debug\net472\VideoOS.Utilities.UnitTests.dll" adapterTypeName="executor://mstestadapter/v2" className="VideoOS.Utilities.UnitTests.Database.SqlConnectionManagerTests" name="GetSqlConnection_IntegratedSecuritySetUsingTrue_Success" />
    </UnitTest>
    <UnitTest name="SimpleVerifySignatureRSA" storage="d:\actions-runner\_work\xpco\xpco\common\videoos.utilities\videoos.utilities.unittests\bin\debug\net472\videoos.utilities.unittests.dll" id="3083e6f4-31c6-2b3d-a3cf-4efc40ec98d7">
      <Execution id="82323e9b-125d-4f11-b55c-44c47c5387b7" />
      <TestMethod codeBase="D:\actions-runner\_work\XPCO\XPCO\Common\VideoOS.Utilities\VideoOS.Utilities.UnitTests\bin\Debug\net472\VideoOS.Utilities.UnitTests.dll" adapterTypeName="executor://mstestadapter/v2" className="VideoOS.Utilities.UnitTests.Cryptography.StringSignatures" name="SimpleVerifySignatureRSA" />
    </UnitTest>
    <UnitTest name="SimpleVerifySignatureDSA" storage="d:\actions-runner\_work\xpco\xpco\common\videoos.utilities\videoos.utilities.unittests\bin\debug\net472\videoos.utilities.unittests.dll" id="f9344ffb-dbd5-e93e-8d3e-a55f9219cc21">
      <Execution id="9e9ce678-ba87-48ba-aab6-482cad4b17d2" />
      <TestMethod codeBase="D:\actions-runner\_work\XPCO\XPCO\Common\VideoOS.Utilities\VideoOS.Utilities.UnitTests\bin\Debug\net472\VideoOS.Utilities.UnitTests.dll" adapterTypeName="executor://mstestadapter/v2" className="VideoOS.Utilities.UnitTests.Cryptography.StringSignatures" name="SimpleVerifySignatureDSA" />
    </UnitTest>
    <UnitTest name="GetConnectionExecuteRetryableAsync" storage="d:\actions-runner\_work\xpco\xpco\common\videoos.utilities\videoos.utilities.unittests\bin\debug\net472\videoos.utilities.unittests.dll" id="36877966-316f-b632-0a3d-234e6371a979">
      <TestCategory>
        <TestCategoryItem TestCategory="Database" />
      </TestCategory>
      <Execution id="524b7a72-624d-478a-91f1-4ea280b32cc1" />
      <TestMethod codeBase="D:\actions-runner\_work\XPCO\XPCO\Common\VideoOS.Utilities\VideoOS.Utilities.UnitTests\bin\Debug\net472\VideoOS.Utilities.UnitTests.dll" adapterTypeName="executor://mstestadapter/v2" className="VideoOS.Utilities.UnitTests.Database.SqlConnectionManagerTests" name="GetConnectionExecuteRetryableAsync" />
    </UnitTest>
    <UnitTest name="Async_Method_Cancelled_Silently_In_Time" storage="d:\actions-runner\_work\xpco\xpco\common\videoos.utilities\videoos.utilities.unittests\bin\debug\net472\videoos.utilities.unittests.dll" id="57dd1e3a-a56a-e404-e3c0-c58c06b0596f">
      <Execution id="5ee7ebd8-3899-498b-9d3f-17d919432a48" />
      <TestMethod codeBase="D:\actions-runner\_work\XPCO\XPCO\Common\VideoOS.Utilities\VideoOS.Utilities.UnitTests\bin\Debug\net472\VideoOS.Utilities.UnitTests.dll" adapterTypeName="executor://mstestadapter/v2" className="VideoOS.Utilities.UnitTests.Threading.TaskExtensionTest" name="Async_Method_Cancelled_Silently_In_Time" />
    </UnitTest>
    <UnitTest name="CreateIPBoundWeakWildcard_IPv4_WithRelativePathTest" storage="d:\actions-runner\_work\xpco\xpco\common\videoos.utilities\videoos.utilities.unittests\bin\debug\net472\videoos.utilities.unittests.dll" id="df6d7b1c-43d9-e887-7f51-aeb45e0f272c">
      <Execution id="1005dab5-4f8b-4f6a-bd6c-070dff600a91" />
      <TestMethod codeBase="D:\actions-runner\_work\XPCO\XPCO\Common\VideoOS.Utilities\VideoOS.Utilities.UnitTests\bin\Debug\net472\VideoOS.Utilities.UnitTests.dll" adapterTypeName="executor://mstestadapter/v2" className="VideoOS.Utilities.UnitTests.Windows.UrlPrefixTest" name="CreateIPBoundWeakWildcard_IPv4_WithRelativePathTest" />
    </UnitTest>
    <UnitTest name="GetSqlConnection_AlternativeUsernameAndPasswordSupplied_Success" storage="d:\actions-runner\_work\xpco\xpco\common\videoos.utilities\videoos.utilities.unittests\bin\debug\net472\videoos.utilities.unittests.dll" id="aafacad2-e4a0-019b-4e91-5e61b0b05500">
      <TestCategory>
        <TestCategoryItem TestCategory="Database" />
      </TestCategory>
      <Execution id="03fb73c2-4db0-4627-9e22-5555856b95a4" />
      <TestMethod codeBase="D:\actions-runner\_work\XPCO\XPCO\Common\VideoOS.Utilities\VideoOS.Utilities.UnitTests\bin\Debug\net472\VideoOS.Utilities.UnitTests.dll" adapterTypeName="executor://mstestadapter/v2" className="VideoOS.Utilities.UnitTests.Database.SqlConnectionManagerTests" name="GetSqlConnection_AlternativeUsernameAndPasswordSupplied_Success" />
    </UnitTest>
    <UnitTest name="Construct_InvalidParameter_SqlConnectionReader_Null_Throws_ArgumentNullException" storage="d:\actions-runner\_work\xpco\xpco\common\videoos.utilities\videoos.utilities.unittests\bin\debug\net472\videoos.utilities.unittests.dll" id="290198e6-9e43-4652-4f5c-0f6d6f1957db">
      <TestCategory>
        <TestCategoryItem TestCategory="Database" />
      </TestCategory>
      <Execution id="98961808-7fb1-40f5-a7ef-fbf20d792ead" />
      <TestMethod codeBase="D:\actions-runner\_work\XPCO\XPCO\Common\VideoOS.Utilities\VideoOS.Utilities.UnitTests\bin\Debug\net472\VideoOS.Utilities.UnitTests.dll" adapterTypeName="executor://mstestadapter/v2" className="VideoOS.Utilities.UnitTests.Database.SqlConnectionManagerTests" name="Construct_InvalidParameter_SqlConnectionReader_Null_Throws_ArgumentNullException" />
    </UnitTest>
    <UnitTest name="FormatByteSizeStringTest1" storage="d:\actions-runner\_work\xpco\xpco\common\videoos.utilities\videoos.utilities.unittests\bin\debug\net472\videoos.utilities.unittests.dll" id="c0093cb3-d174-c24c-af87-4058fe1e0e56">
      <Execution id="184eb47e-6cd2-4a0a-b7ad-698887e1947e" />
      <TestMethod codeBase="D:\actions-runner\_work\XPCO\XPCO\Common\VideoOS.Utilities\VideoOS.Utilities.UnitTests\bin\Debug\net472\VideoOS.Utilities.UnitTests.dll" adapterTypeName="executor://mstestadapter/v2" className="VideoOS.Utilities.UnitTests.StringFormattingTest" name="FormatByteSizeStringTest1" />
    </UnitTest>
    <UnitTest name="SignAndVerifyWithPrivateKeyDSA" storage="d:\actions-runner\_work\xpco\xpco\common\videoos.utilities\videoos.utilities.unittests\bin\debug\net472\videoos.utilities.unittests.dll" id="0a6d0473-2289-1d30-fa4b-94d229aa7a8b">
      <Execution id="08740c9f-0aae-4b17-af23-c8428b48cafb" />
      <TestMethod codeBase="D:\actions-runner\_work\XPCO\XPCO\Common\VideoOS.Utilities\VideoOS.Utilities.UnitTests\bin\Debug\net472\VideoOS.Utilities.UnitTests.dll" adapterTypeName="executor://mstestadapter/v2" className="VideoOS.Utilities.UnitTests.Cryptography.StringSignatures" name="SignAndVerifyWithPrivateKeyDSA" />
    </UnitTest>
    <UnitTest name="CompositeInfoLevel" storage="d:\actions-runner\_work\xpco\xpco\common\videoos.utilities\videoos.utilities.unittests\bin\debug\net472\videoos.utilities.unittests.dll" id="7893a160-1d57-7188-9b94-ba36447ad242">
      <Execution id="ad368e36-8cb8-4309-b87a-3d73c67051cb" />
      <TestMethod codeBase="D:\actions-runner\_work\XPCO\XPCO\Common\VideoOS.Utilities\VideoOS.Utilities.UnitTests\bin\Debug\net472\VideoOS.Utilities.UnitTests.dll" adapterTypeName="executor://mstestadapter/v2" className="VideoOS.Utilities.UnitTests.Diagnostics.Levels" name="CompositeInfoLevel" />
    </UnitTest>
    <UnitTest name="ExecuteScalarAsync" storage="d:\actions-runner\_work\xpco\xpco\common\videoos.utilities\videoos.utilities.unittests\bin\debug\net472\videoos.utilities.unittests.dll" id="6cd5c2e3-097a-d9af-6be7-8207142d750b">
      <TestCategory>
        <TestCategoryItem TestCategory="DatabaseCommand" />
      </TestCategory>
      <Execution id="e498149f-0f66-4f62-b81b-01972968cd5b" />
      <TestMethod codeBase="D:\actions-runner\_work\XPCO\XPCO\Common\VideoOS.Utilities\VideoOS.Utilities.UnitTests\bin\Debug\net472\VideoOS.Utilities.UnitTests.dll" adapterTypeName="executor://mstestadapter/v2" className="VideoOS.Utilities.UnitTests.Database.DatabaseCommandTest" name="ExecuteScalarAsync" />
    </UnitTest>
    <UnitTest name="DatabaseConnectionCanBeSetOnCommandAfterCreation" storage="d:\actions-runner\_work\xpco\xpco\common\videoos.utilities\videoos.utilities.unittests\bin\debug\net472\videoos.utilities.unittests.dll" id="921bbe3f-9b12-880e-5c26-3e0ea6096e5b">
      <TestCategory>
        <TestCategoryItem TestCategory="DatabaseCommand" />
      </TestCategory>
      <Execution id="9dacdc3f-c76a-487e-8a36-6be30ae93dbc" />
      <TestMethod codeBase="D:\actions-runner\_work\XPCO\XPCO\Common\VideoOS.Utilities\VideoOS.Utilities.UnitTests\bin\Debug\net472\VideoOS.Utilities.UnitTests.dll" adapterTypeName="executor://mstestadapter/v2" className="VideoOS.Utilities.UnitTests.Database.DatabaseCommandTest" name="DatabaseConnectionCanBeSetOnCommandAfterCreation" />
    </UnitTest>
    <UnitTest name="GetKeyManagementState_PasswordCanDecryptKey" storage="d:\actions-runner\_work\xpco\xpco\common\videoos.utilities\videoos.utilities.unittests\bin\debug\net472\videoos.utilities.unittests.dll" id="503886e1-b7df-d930-e47b-1deea133524b">
      <Execution id="e183bb33-5442-4f7d-a989-8d31f8e6beb1" />
      <TestMethod codeBase="D:\actions-runner\_work\XPCO\XPCO\Common\VideoOS.Utilities\VideoOS.Utilities.UnitTests\bin\Debug\net472\VideoOS.Utilities.UnitTests.dll" adapterTypeName="executor://mstestadapter/v2" className="VideoOS.Utilities.UnitTests.KeyManagement.KeyManagerTests" name="GetKeyManagementState_PasswordCanDecryptKey" />
    </UnitTest>
    <UnitTest name="Set_From_Run_Task_Non_Generic" storage="d:\actions-runner\_work\xpco\xpco\common\videoos.utilities\videoos.utilities.unittests\bin\debug\net472\videoos.utilities.unittests.dll" id="988ec47a-4955-b6f4-cf14-58297cdb2760">
      <Execution id="52db74c9-8f59-4aea-b50f-80bb6623954f" />
      <TestMethod codeBase="D:\actions-runner\_work\XPCO\XPCO\Common\VideoOS.Utilities\VideoOS.Utilities.UnitTests\bin\Debug\net472\VideoOS.Utilities.UnitTests.dll" adapterTypeName="executor://mstestadapter/v2" className="VideoOS.Utilities.UnitTests.Threading.TaskExtensionTest" name="Set_From_Run_Task_Non_Generic" />
    </UnitTest>
    <UnitTest name="GetContentFromInitialLicenseFile_WrongPattern_ThrowsException" storage="d:\actions-runner\_work\xpco\xpco\common\videoos.utilities\videoos.utilities.unittests\bin\debug\net472\videoos.utilities.unittests.dll" id="e359eaed-a427-5117-244f-d80dfabb0e0f">
      <Execution id="d77b248a-025e-457c-ac5f-6901994d84f9" />
      <TestMethod codeBase="D:\actions-runner\_work\XPCO\XPCO\Common\VideoOS.Utilities\VideoOS.Utilities.UnitTests\bin\Debug\net472\VideoOS.Utilities.UnitTests.dll" adapterTypeName="executor://mstestadapter/v2" className="VideoOS.Utilities.UnitTests.Licensing.LicenseFileHelperTests" name="GetContentFromInitialLicenseFile_WrongPattern_ThrowsException" />
    </UnitTest>
    <UnitTest name="IsValidBase64String_DataDrivenTest (A==,False)" storage="d:\actions-runner\_work\xpco\xpco\common\videoos.utilities\videoos.utilities.unittests\bin\debug\net472\videoos.utilities.unittests.dll" id="7ee6a8fd-0914-4717-6809-2f2aa589f3cc">
      <Execution id="1bdcdfc3-9cf4-46fe-848e-e72a9bcaa967" />
      <TestMethod codeBase="D:\actions-runner\_work\XPCO\XPCO\Common\VideoOS.Utilities\VideoOS.Utilities.UnitTests\bin\Debug\net472\VideoOS.Utilities.UnitTests.dll" adapterTypeName="executor://mstestadapter/v2" className="VideoOS.Utilities.UnitTests.Validation.Base64StringValidatorTests" name="IsValidBase64String_DataDrivenTest" />
    </UnitTest>
    <UnitTest name="KilledConnectionCanBeReEstablishedWithCorrectTransactionHandling" storage="d:\actions-runner\_work\xpco\xpco\common\videoos.utilities\videoos.utilities.unittests\bin\debug\net472\videoos.utilities.unittests.dll" id="00cd8ac6-7e8f-faef-bb3f-cd1a5ea8560f">
      <TestCategory>
        <TestCategoryItem TestCategory="DatabaseConnection" />
      </TestCategory>
      <Execution id="ad32b1fb-ee55-4e40-a732-a2dd33c54fae" />
      <TestMethod codeBase="D:\actions-runner\_work\XPCO\XPCO\Common\VideoOS.Utilities\VideoOS.Utilities.UnitTests\bin\Debug\net472\VideoOS.Utilities.UnitTests.dll" adapterTypeName="executor://mstestadapter/v2" className="VideoOS.Utilities.UnitTests.Database.DatabaseConnectionTests" name="KilledConnectionCanBeReEstablishedWithCorrectTransactionHandling" />
    </UnitTest>
    <UnitTest name="ReadSslConfigurations_ExceptionThrownTest" storage="d:\actions-runner\_work\xpco\xpco\common\videoos.utilities\videoos.utilities.unittests\bin\debug\net472\videoos.utilities.unittests.dll" id="ea5cb3a6-13ca-c077-cd8f-0dba821b3094">
      <Execution id="9ca08118-badd-4764-a3f9-c923832bf95f" />
      <TestMethod codeBase="D:\actions-runner\_work\XPCO\XPCO\Common\VideoOS.Utilities\VideoOS.Utilities.UnitTests\bin\Debug\net472\VideoOS.Utilities.UnitTests.dll" adapterTypeName="executor://mstestadapter/v2" className="VideoOS.Utilities.UnitTests.Windows.Http.HttpSysConfigTest" name="ReadSslConfigurations_ExceptionThrownTest" />
    </UnitTest>
    <UnitTest name="PasswordEqualToUserName" storage="d:\actions-runner\_work\xpco\xpco\common\videoos.utilities\videoos.utilities.unittests\bin\debug\net472\videoos.utilities.unittests.dll" id="7bef3f2e-3174-f256-d81f-c6c6f2c6d912">
      <Execution id="e40b84b4-604f-4bd0-957a-b7d3001045d9" />
      <TestMethod codeBase="D:\actions-runner\_work\XPCO\XPCO\Common\VideoOS.Utilities\VideoOS.Utilities.UnitTests\bin\Debug\net472\VideoOS.Utilities.UnitTests.dll" adapterTypeName="executor://mstestadapter/v2" className="VideoOS.Common.EnvironmentServices.UnitTests.Security.PasswordTests" name="PasswordEqualToUserName" />
    </UnitTest>
    <UnitTest name="Sync_And_Add" storage="d:\actions-runner\_work\xpco\xpco\common\videoos.utilities\videoos.utilities.unittests\bin\debug\net472\videoos.utilities.unittests.dll" id="068bb2c8-661a-10ed-a30c-7de3cde0c6e9">
      <Execution id="4e6600de-9bb9-40be-9cb6-37cb7c5a6c0b" />
      <TestMethod codeBase="D:\actions-runner\_work\XPCO\XPCO\Common\VideoOS.Utilities\VideoOS.Utilities.UnitTests\bin\Debug\net472\VideoOS.Utilities.UnitTests.dll" adapterTypeName="executor://mstestadapter/v2" className="VideoOS.Utilities.UnitTests.Collections.SynchronizedListTest" name="Sync_And_Add" />
    </UnitTest>
    <UnitTest name="ForceUpdate_ReturnsUpdateTrue_WhenConditionsNotChanged" storage="d:\actions-runner\_work\xpco\xpco\common\videoos.utilities\videoos.utilities.unittests\bin\debug\net472\videoos.utilities.unittests.dll" id="90280cc0-709a-6c6d-8bb6-ae7ecee93410">
      <TestCategory>
        <TestCategoryItem TestCategory="UI.Facilitators" />
      </TestCategory>
      <Execution id="516891cb-b027-479d-b469-f25683db6fa9" />
      <TestMethod codeBase="D:\actions-runner\_work\XPCO\XPCO\Common\VideoOS.Utilities\VideoOS.Utilities.UnitTests\bin\Debug\net472\VideoOS.Utilities.UnitTests.dll" adapterTypeName="executor://mstestadapter/v2" className="VideoOS.Utilities.UnitTests.Workflow.CompareItemsUpdateStrategyTests" name="ForceUpdate_ReturnsUpdateTrue_WhenConditionsNotChanged" />
    </UnitTest>
    <UnitTest name="Integration_ReadSslConfigurationsTest" storage="d:\actions-runner\_work\xpco\xpco\common\videoos.utilities\videoos.utilities.unittests\bin\debug\net472\videoos.utilities.unittests.dll" id="1f72ae76-a2d4-09ee-f4d8-0ec9ccf3a352">
      <Execution id="6ec041f6-fb13-4c5b-9279-182e4f47e3da" />
      <TestMethod codeBase="D:\actions-runner\_work\XPCO\XPCO\Common\VideoOS.Utilities\VideoOS.Utilities.UnitTests\bin\Debug\net472\VideoOS.Utilities.UnitTests.dll" adapterTypeName="executor://mstestadapter/v2" className="VideoOS.Utilities.UnitTests.Windows.Http.HttpSysConfigTest" name="Integration_ReadSslConfigurationsTest" />
    </UnitTest>
    <UnitTest name="Constructor_ShouldThrow_WhenAccountNameIsNull" storage="d:\actions-runner\_work\xpco\xpco\common\videoos.utilities\videoos.utilities.unittests\bin\debug\net472\videoos.utilities.unittests.dll" id="add06bf3-fab0-7e2a-a2d1-570d03c1137c">
      <Execution id="a2464ed5-775b-48f7-9f52-030df8d3288d" />
      <TestMethod codeBase="D:\actions-runner\_work\XPCO\XPCO\Common\VideoOS.Utilities\VideoOS.Utilities.UnitTests\bin\Debug\net472\VideoOS.Utilities.UnitTests.dll" adapterTypeName="executor://mstestadapter/v2" className="VideoOS.Utilities.UnitTests.KeyManagement.FileWritingSessionTests" name="Constructor_ShouldThrow_WhenAccountNameIsNull" />
    </UnitTest>
    <UnitTest name="FormatByteSizeStringTest7" storage="d:\actions-runner\_work\xpco\xpco\common\videoos.utilities\videoos.utilities.unittests\bin\debug\net472\videoos.utilities.unittests.dll" id="f2c20958-f694-3d5b-0c20-5f911891a062">
      <Execution id="af0ec5f5-c407-45b5-9658-d4f6a05cde84" />
      <TestMethod codeBase="D:\actions-runner\_work\XPCO\XPCO\Common\VideoOS.Utilities\VideoOS.Utilities.UnitTests\bin\Debug\net472\VideoOS.Utilities.UnitTests.dll" adapterTypeName="executor://mstestadapter/v2" className="VideoOS.Utilities.UnitTests.StringFormattingTest" name="FormatByteSizeStringTest7" />
    </UnitTest>
    <UnitTest name="FormatByteSizeStringTest20" storage="d:\actions-runner\_work\xpco\xpco\common\videoos.utilities\videoos.utilities.unittests\bin\debug\net472\videoos.utilities.unittests.dll" id="54c9babb-7344-6611-91d4-2e6ce9100844">
      <Execution id="a810e764-5f64-4616-a550-3e0a3c6e4b3c" />
      <TestMethod codeBase="D:\actions-runner\_work\XPCO\XPCO\Common\VideoOS.Utilities\VideoOS.Utilities.UnitTests\bin\Debug\net472\VideoOS.Utilities.UnitTests.dll" adapterTypeName="executor://mstestadapter/v2" className="VideoOS.Utilities.UnitTests.StringFormattingTest" name="FormatByteSizeStringTest20" />
    </UnitTest>
    <UnitTest name="ConstructDatabaseConnectionInfo_AuthenticationTypeFromConnectionString_Success" storage="d:\actions-runner\_work\xpco\xpco\common\videoos.utilities\videoos.utilities.unittests\bin\debug\net472\videoos.utilities.unittests.dll" id="e9766c79-9236-08e6-5284-2828780a17e2">
      <Execution id="2b5cb457-6322-423c-821d-717977fa1788" />
      <TestMethod codeBase="D:\actions-runner\_work\XPCO\XPCO\Common\VideoOS.Utilities\VideoOS.Utilities.UnitTests\bin\Debug\net472\VideoOS.Utilities.UnitTests.dll" adapterTypeName="executor://mstestadapter/v2" className="VideoOS.Utilities.UnitTests.Database.DatabaseConnectionInfoTests" name="ConstructDatabaseConnectionInfo_AuthenticationTypeFromConnectionString_Success" />
    </UnitTest>
    <UnitTest name="ExportImportKeysAndDecrypt" storage="d:\actions-runner\_work\xpco\xpco\common\videoos.utilities\videoos.utilities.unittests\bin\debug\net472\videoos.utilities.unittests.dll" id="bc9f7a9f-c2f9-662c-88d8-25167e8477ca">
      <Execution id="fd6407ed-acc7-418d-bba0-43d2ffc5595d" />
      <TestMethod codeBase="D:\actions-runner\_work\XPCO\XPCO\Common\VideoOS.Utilities\VideoOS.Utilities.UnitTests\bin\Debug\net472\VideoOS.Utilities.UnitTests.dll" adapterTypeName="executor://mstestadapter/v2" className="VideoOS.Utilities.UnitTests.Cryptography.Encryption" name="ExportImportKeysAndDecrypt" />
    </UnitTest>
    <UnitTest name="FormatByteSizeStringTest6" storage="d:\actions-runner\_work\xpco\xpco\common\videoos.utilities\videoos.utilities.unittests\bin\debug\net472\videoos.utilities.unittests.dll" id="df428e74-abbd-9d65-2a41-bac9bd58b6db">
      <Execution id="4c6fe3a5-a041-4faa-87c4-463b6bc51ea0" />
      <TestMethod codeBase="D:\actions-runner\_work\XPCO\XPCO\Common\VideoOS.Utilities\VideoOS.Utilities.UnitTests\bin\Debug\net472\VideoOS.Utilities.UnitTests.dll" adapterTypeName="executor://mstestadapter/v2" className="VideoOS.Utilities.UnitTests.StringFormattingTest" name="FormatByteSizeStringTest6" />
    </UnitTest>
    <UnitTest name="ExecuteReaderWithTaskFactory" storage="d:\actions-runner\_work\xpco\xpco\common\videoos.utilities\videoos.utilities.unittests\bin\debug\net472\videoos.utilities.unittests.dll" id="feade2f2-c9fd-971a-67c4-c7ca175b076d">
      <TestCategory>
        <TestCategoryItem TestCategory="DatabaseCommand" />
      </TestCategory>
      <Execution id="4e260f1e-3d12-483c-8576-c682221b9ad0" />
      <TestMethod codeBase="D:\actions-runner\_work\XPCO\XPCO\Common\VideoOS.Utilities\VideoOS.Utilities.UnitTests\bin\Debug\net472\VideoOS.Utilities.UnitTests.dll" adapterTypeName="executor://mstestadapter/v2" className="VideoOS.Utilities.UnitTests.Database.DatabaseCommandTest" name="ExecuteReaderWithTaskFactory" />
    </UnitTest>
    <UnitTest name="RemoveInvalidXMLChars_Text_Enter_NotRemoved" storage="d:\actions-runner\_work\xpco\xpco\common\videoos.utilities\videoos.utilities.unittests\bin\debug\net472\videoos.utilities.unittests.dll" id="7684af58-6d63-c0de-5c50-916e22c49de3">
      <Execution id="26b30661-6caa-4b11-ac2c-ad70aa2b38cd" />
      <TestMethod codeBase="D:\actions-runner\_work\XPCO\XPCO\Common\VideoOS.Utilities\VideoOS.Utilities.UnitTests\bin\Debug\net472\VideoOS.Utilities.UnitTests.dll" adapterTypeName="executor://mstestadapter/v2" className="VideoOS.Utilities.UnitTests.Formatting.CharacterTests" name="RemoveInvalidXMLChars_Text_Enter_NotRemoved" />
    </UnitTest>
    <UnitTest name="FormatByteSizeStringTest14" storage="d:\actions-runner\_work\xpco\xpco\common\videoos.utilities\videoos.utilities.unittests\bin\debug\net472\videoos.utilities.unittests.dll" id="5e3832c7-abea-16d1-6aa8-af2a53c4b602">
      <Execution id="ce8f35a8-84d4-44cb-8b02-5c8963b14273" />
      <TestMethod codeBase="D:\actions-runner\_work\XPCO\XPCO\Common\VideoOS.Utilities\VideoOS.Utilities.UnitTests\bin\Debug\net472\VideoOS.Utilities.UnitTests.dll" adapterTypeName="executor://mstestadapter/v2" className="VideoOS.Utilities.UnitTests.StringFormattingTest" name="FormatByteSizeStringTest14" />
    </UnitTest>
    <UnitTest name="TestLoadOf2DifferentResources" storage="d:\actions-runner\_work\xpco\xpco\common\videoos.utilities\videoos.utilities.unittests\bin\debug\net472\videoos.utilities.unittests.dll" id="ea5f9d0a-a52f-9a24-e46b-3856d2f10f55">
      <Execution id="2d637e11-c076-4c97-9dca-016d2224db7e" />
      <TestMethod codeBase="D:\actions-runner\_work\XPCO\XPCO\Common\VideoOS.Utilities\VideoOS.Utilities.UnitTests\bin\Debug\net472\VideoOS.Utilities.UnitTests.dll" adapterTypeName="executor://mstestadapter/v2" className="VideoOS.Utilities.UnitTests.OemResource.OemResourcePackageTest" name="TestLoadOf2DifferentResources" />
    </UnitTest>
    <UnitTest name="ImportAndExportConfigurationWithoutIV" storage="d:\actions-runner\_work\xpco\xpco\common\videoos.utilities\videoos.utilities.unittests\bin\debug\net472\videoos.utilities.unittests.dll" id="283fd4b2-e50d-4660-e957-612a080e8dde">
      <Execution id="33dca1b9-c069-40e5-9652-c0c86577e7d0" />
      <TestMethod codeBase="D:\actions-runner\_work\XPCO\XPCO\Common\VideoOS.Utilities\VideoOS.Utilities.UnitTests\bin\Debug\net472\VideoOS.Utilities.UnitTests.dll" adapterTypeName="executor://mstestadapter/v2" className="VideoOS.Utilities.UnitTests.Cryptography.Encryption" name="ImportAndExportConfigurationWithoutIV" />
    </UnitTest>
    <UnitTest name="DatabaseConnectionInfoConfigurator_Write_UpdateRegistry_UnauthorizedAccessException" storage="d:\actions-runner\_work\xpco\xpco\common\videoos.utilities\videoos.utilities.unittests\bin\debug\net472\videoos.utilities.unittests.dll" id="f43ec50a-fe4e-bc05-8238-dad9d20ec786">
      <TestCategory>
        <TestCategoryItem TestCategory="Database" />
      </TestCategory>
      <Execution id="acbb0f20-1899-42de-858a-a58290676221" />
      <TestMethod codeBase="D:\actions-runner\_work\XPCO\XPCO\Common\VideoOS.Utilities\VideoOS.Utilities.UnitTests\bin\Debug\net472\VideoOS.Utilities.UnitTests.dll" adapterTypeName="executor://mstestadapter/v2" className="VideoOS.Utilities.UnitTests.Database.DatabaseConnectionInfoConfiguratorTests" name="DatabaseConnectionInfoConfigurator_Write_UpdateRegistry_UnauthorizedAccessException" />
    </UnitTest>
    <UnitTest name="EncryptionFactory_Throws_OnCreateAsymmetricWithCngKeyNull" storage="d:\actions-runner\_work\xpco\xpco\common\videoos.utilities\videoos.utilities.unittests\bin\debug\net472\videoos.utilities.unittests.dll" id="129fff76-ad58-2c3d-2b6e-d7a98a15da71">
      <Execution id="cb878ab7-d76e-4283-a66c-4c2b14c57005" />
      <TestMethod codeBase="D:\actions-runner\_work\XPCO\XPCO\Common\VideoOS.Utilities\VideoOS.Utilities.UnitTests\bin\Debug\net472\VideoOS.Utilities.UnitTests.dll" adapterTypeName="executor://mstestadapter/v2" className="VideoOS.Utilities.UnitTests.Cryptography.RsaCngAsymmetricEncryptionTests" name="EncryptionFactory_Throws_OnCreateAsymmetricWithCngKeyNull" />
    </UnitTest>
    <UnitTest name="KilledConnectionReEstablishedWithRetry" storage="d:\actions-runner\_work\xpco\xpco\common\videoos.utilities\videoos.utilities.unittests\bin\debug\net472\videoos.utilities.unittests.dll" id="7203a035-7bbe-0364-9105-54b3de255c94">
      <TestCategory>
        <TestCategoryItem TestCategory="DatabaseConnection" />
      </TestCategory>
      <Execution id="42a957cd-54b8-438b-8f63-1ea37d2891cc" />
      <TestMethod codeBase="D:\actions-runner\_work\XPCO\XPCO\Common\VideoOS.Utilities\VideoOS.Utilities.UnitTests\bin\Debug\net472\VideoOS.Utilities.UnitTests.dll" adapterTypeName="executor://mstestadapter/v2" className="VideoOS.Utilities.UnitTests.Database.DatabaseConnectionTests" name="KilledConnectionReEstablishedWithRetry" />
    </UnitTest>
    <UnitTest name="GenerateKey_LenghtIsValid" storage="d:\actions-runner\_work\xpco\xpco\common\videoos.utilities\videoos.utilities.unittests\bin\debug\net472\videoos.utilities.unittests.dll" id="b5d362df-a389-42fa-9e5b-f44d2b7d39a0">
      <Execution id="5ad41b54-a638-4914-a63a-06c7e5ffa601" />
      <TestMethod codeBase="D:\actions-runner\_work\XPCO\XPCO\Common\VideoOS.Utilities\VideoOS.Utilities.UnitTests\bin\Debug\net472\VideoOS.Utilities.UnitTests.dll" adapterTypeName="executor://mstestadapter/v2" className="VideoOS.Utilities.UnitTests.Cryptography.AesSymmetricEncryptionTests" name="GenerateKey_LenghtIsValid" />
    </UnitTest>
    <UnitTest name="FormatTimeSpanStringTest9" storage="d:\actions-runner\_work\xpco\xpco\common\videoos.utilities\videoos.utilities.unittests\bin\debug\net472\videoos.utilities.unittests.dll" id="1d9d4c3f-8766-cca4-ae47-524a321d0ee5">
      <Execution id="17a23751-a5d0-461f-8b4d-b96fb796b4fa" />
      <TestMethod codeBase="D:\actions-runner\_work\XPCO\XPCO\Common\VideoOS.Utilities\VideoOS.Utilities.UnitTests\bin\Debug\net472\VideoOS.Utilities.UnitTests.dll" adapterTypeName="executor://mstestadapter/v2" className="VideoOS.Utilities.UnitTests.StringFormattingTest" name="FormatTimeSpanStringTest9" />
    </UnitTest>
    <UnitTest name="FormatByteSizeStringExactULTest7" storage="d:\actions-runner\_work\xpco\xpco\common\videoos.utilities\videoos.utilities.unittests\bin\debug\net472\videoos.utilities.unittests.dll" id="1f84f103-72d5-a9f7-0d4c-3d44d2310bb9">
      <Execution id="9c3b1f08-8edf-4fc6-a0b2-c616875b9aee" />
      <TestMethod codeBase="D:\actions-runner\_work\XPCO\XPCO\Common\VideoOS.Utilities\VideoOS.Utilities.UnitTests\bin\Debug\net472\VideoOS.Utilities.UnitTests.dll" adapterTypeName="executor://mstestadapter/v2" className="VideoOS.Utilities.UnitTests.StringFormattingTest" name="FormatByteSizeStringExactULTest7" />
    </UnitTest>
    <UnitTest name="Init_WhenInitialized_Refuse" storage="d:\actions-runner\_work\xpco\xpco\common\videoos.utilities\videoos.utilities.unittests\bin\debug\net472\videoos.utilities.unittests.dll" id="8a4e895b-3fab-3c43-fe91-30e3dc726416">
      <Execution id="08876ba2-8795-40fe-89a5-3c91ecc53b13" />
      <TestMethod codeBase="D:\actions-runner\_work\XPCO\XPCO\Common\VideoOS.Utilities\VideoOS.Utilities.UnitTests\bin\Debug\net472\VideoOS.Utilities.UnitTests.dll" adapterTypeName="executor://mstestadapter/v2" className="VideoOS.Utilities.UnitTests.Workflow.InitControlTests" name="Init_WhenInitialized_Refuse" />
    </UnitTest>
    <UnitTest name="Given_AGoodPassword_When_Validating_AnEmptyStringIsReturned" storage="d:\actions-runner\_work\xpco\xpco\common\videoos.utilities\videoos.utilities.unittests\bin\debug\net472\videoos.utilities.unittests.dll" id="e56368fb-eec8-2178-32fc-f424cf4878e0">
      <Execution id="7db2b3f2-fbea-4935-acd1-9b8b5564e016" />
      <TestMethod codeBase="D:\actions-runner\_work\XPCO\XPCO\Common\VideoOS.Utilities\VideoOS.Utilities.UnitTests\bin\Debug\net472\VideoOS.Utilities.UnitTests.dll" adapterTypeName="executor://mstestadapter/v2" className="VideoOS.Common.EnvironmentServices.UnitTests.Security.PasswordValidatorTest" name="Given_AGoodPassword_When_Validating_AnEmptyStringIsReturned" />
    </UnitTest>
    <UnitTest name="InvalidAccountResultsInFileAccessControlException" storage="d:\actions-runner\_work\xpco\xpco\common\videoos.utilities\videoos.utilities.unittests\bin\debug\net472\videoos.utilities.unittests.dll" id="d5973ae0-1a5a-58c1-956c-6fab15082446">
      <Execution id="69ec34e4-94cc-4277-8b77-01d57159f7e7" />
      <TestMethod codeBase="D:\actions-runner\_work\XPCO\XPCO\Common\VideoOS.Utilities\VideoOS.Utilities.UnitTests\bin\Debug\net472\VideoOS.Utilities.UnitTests.dll" adapterTypeName="executor://mstestadapter/v2" className="VideoOS.Utilities.UnitTests.Security.SecureFolderTests" name="InvalidAccountResultsInFileAccessControlException" />
    </UnitTest>
    <UnitTest name="ReadUrlReservationInfo_SunnyDayTest" storage="d:\actions-runner\_work\xpco\xpco\common\videoos.utilities\videoos.utilities.unittests\bin\debug\net472\videoos.utilities.unittests.dll" id="9e77f6c7-c407-ae67-2194-60a57c0d0921">
      <Execution id="9481c20e-f6b3-4cb3-b6c5-db6930c5f19b" />
      <TestMethod codeBase="D:\actions-runner\_work\XPCO\XPCO\Common\VideoOS.Utilities\VideoOS.Utilities.UnitTests\bin\Debug\net472\VideoOS.Utilities.UnitTests.dll" adapterTypeName="executor://mstestadapter/v2" className="VideoOS.Utilities.UnitTests.Windows.Http.HttpSysConfigTest" name="ReadUrlReservationInfo_SunnyDayTest" />
    </UnitTest>
    <UnitTest name="ScheduleNextRun_CalledTwice_AfterTimedDelayTriggered_Success" storage="d:\actions-runner\_work\xpco\xpco\common\videoos.utilities\videoos.utilities.unittests\bin\debug\net472\videoos.utilities.unittests.dll" id="cc002690-0eab-9910-b5e7-76cca924cab4">
      <TestCategory>
        <TestCategoryItem TestCategory="VideoOS Utilities Timers" />
      </TestCategory>
      <Execution id="420f3b01-8c82-4ea6-82c6-9846e4583d90" />
      <TestMethod codeBase="D:\actions-runner\_work\XPCO\XPCO\Common\VideoOS.Utilities\VideoOS.Utilities.UnitTests\bin\Debug\net472\VideoOS.Utilities.UnitTests.dll" adapterTypeName="executor://mstestadapter/v2" className="VideoOS.Utilities.UnitTests.Threading.BaseTimeDelayedThreadTests" name="ScheduleNextRun_CalledTwice_AfterTimedDelayTriggered_Success" />
    </UnitTest>
    <UnitTest name="SecureFolderWithBuiltinAccountGetsCreatedCorrectly" storage="d:\actions-runner\_work\xpco\xpco\common\videoos.utilities\videoos.utilities.unittests\bin\debug\net472\videoos.utilities.unittests.dll" id="dd495a7f-5dd2-ba1f-ce8f-cc15c274d433">
      <Execution id="5fbcbba3-85a0-40bd-bad1-a934966b4e7d" />
      <TestMethod codeBase="D:\actions-runner\_work\XPCO\XPCO\Common\VideoOS.Utilities\VideoOS.Utilities.UnitTests\bin\Debug\net472\VideoOS.Utilities.UnitTests.dll" adapterTypeName="executor://mstestadapter/v2" className="VideoOS.Utilities.UnitTests.Security.SecureFolderTests" name="SecureFolderWithBuiltinAccountGetsCreatedCorrectly" />
    </UnitTest>
    <UnitTest name="ExecuteScalarString" storage="d:\actions-runner\_work\xpco\xpco\common\videoos.utilities\videoos.utilities.unittests\bin\debug\net472\videoos.utilities.unittests.dll" id="71618826-bd51-2181-7645-287a6122f475">
      <TestCategory>
        <TestCategoryItem TestCategory="DatabaseCommand" />
      </TestCategory>
      <Execution id="e81433c1-884a-4fdf-9533-57c3a2361aaf" />
      <TestMethod codeBase="D:\actions-runner\_work\XPCO\XPCO\Common\VideoOS.Utilities\VideoOS.Utilities.UnitTests\bin\Debug\net472\VideoOS.Utilities.UnitTests.dll" adapterTypeName="executor://mstestadapter/v2" className="VideoOS.Utilities.UnitTests.Database.DatabaseCommandTest" name="ExecuteScalarString" />
    </UnitTest>
    <UnitTest name="Dequeues_Five_Messages_Pre_Added" storage="d:\actions-runner\_work\xpco\xpco\common\videoos.utilities\videoos.utilities.unittests\bin\debug\net472\videoos.utilities.unittests.dll" id="e5d616b2-da53-1e36-b5ae-fd674ea57f93">
      <Execution id="05729ed1-93d0-4d57-938f-40b511b58cb3" />
      <TestMethod codeBase="D:\actions-runner\_work\XPCO\XPCO\Common\VideoOS.Utilities\VideoOS.Utilities.UnitTests\bin\Debug\net472\VideoOS.Utilities.UnitTests.dll" adapterTypeName="executor://mstestadapter/v2" className="VideoOS.Utilities.UnitTests.Collections.LongPollingMessageQueueTest" name="Dequeues_Five_Messages_Pre_Added" />
    </UnitTest>
    <UnitTest name="CheckSignatureWithWrongKey" storage="d:\actions-runner\_work\xpco\xpco\common\videoos.utilities\videoos.utilities.unittests\bin\debug\net472\videoos.utilities.unittests.dll" id="ca6f0e31-7450-a0ca-4bc4-724a3bf1beb8">
      <Execution id="2580cd39-5837-4450-8997-101c4f4059e0" />
      <TestMethod codeBase="D:\actions-runner\_work\XPCO\XPCO\Common\VideoOS.Utilities\VideoOS.Utilities.UnitTests\bin\Debug\net472\VideoOS.Utilities.UnitTests.dll" adapterTypeName="executor://mstestadapter/v2" className="VideoOS.Utilities.UnitTests.Cryptography.StringSignatures" name="CheckSignatureWithWrongKey" />
    </UnitTest>
    <UnitTest name="FormatByteSizeStringExactULTest9" storage="d:\actions-runner\_work\xpco\xpco\common\videoos.utilities\videoos.utilities.unittests\bin\debug\net472\videoos.utilities.unittests.dll" id="a5ffaab7-821c-1c5c-3d56-be1c034329a5">
      <Execution id="74999a57-b55d-4cb5-a104-2ba9eac437b0" />
      <TestMethod codeBase="D:\actions-runner\_work\XPCO\XPCO\Common\VideoOS.Utilities\VideoOS.Utilities.UnitTests\bin\Debug\net472\VideoOS.Utilities.UnitTests.dll" adapterTypeName="executor://mstestadapter/v2" className="VideoOS.Utilities.UnitTests.StringFormattingTest" name="FormatByteSizeStringExactULTest9" />
    </UnitTest>
    <UnitTest name="CommandsAreBeingAssociatedWithRunningTransaction" storage="d:\actions-runner\_work\xpco\xpco\common\videoos.utilities\videoos.utilities.unittests\bin\debug\net472\videoos.utilities.unittests.dll" id="57ef9ea3-991d-aedb-8019-644b32be6cc6">
      <TestCategory>
        <TestCategoryItem TestCategory="DatabaseConnection" />
      </TestCategory>
      <Execution id="ea050779-09a4-432b-8f4b-48b62b37ef6d" />
      <TestMethod codeBase="D:\actions-runner\_work\XPCO\XPCO\Common\VideoOS.Utilities\VideoOS.Utilities.UnitTests\bin\Debug\net472\VideoOS.Utilities.UnitTests.dll" adapterTypeName="executor://mstestadapter/v2" className="VideoOS.Utilities.UnitTests.Database.DatabaseConnectionTests" name="CommandsAreBeingAssociatedWithRunningTransaction" />
    </UnitTest>
    <UnitTest name="EventLogNoFile" storage="d:\actions-runner\_work\xpco\xpco\common\videoos.utilities\videoos.utilities.unittests\bin\debug\net472\videoos.utilities.unittests.dll" id="2ab3c520-4161-54ba-03a4-f42e12a6dd3b">
      <Execution id="e5c3663b-8609-436f-8913-948c7fd87b60" />
      <TestMethod codeBase="D:\actions-runner\_work\XPCO\XPCO\Common\VideoOS.Utilities\VideoOS.Utilities.UnitTests\bin\Debug\net472\VideoOS.Utilities.UnitTests.dll" adapterTypeName="executor://mstestadapter/v2" className="VideoOS.Utilities.UnitTests.Diagnostics.ConfiguredLogger" name="EventLogNoFile" />
    </UnitTest>
    <UnitTest name="FormatByteSizeStringExactULTest1" storage="d:\actions-runner\_work\xpco\xpco\common\videoos.utilities\videoos.utilities.unittests\bin\debug\net472\videoos.utilities.unittests.dll" id="dbeb8969-0cf3-22c2-42f8-32cc947a535c">
      <Execution id="17f0d309-26af-491a-8892-df0319e24f72" />
      <TestMethod codeBase="D:\actions-runner\_work\XPCO\XPCO\Common\VideoOS.Utilities\VideoOS.Utilities.UnitTests\bin\Debug\net472\VideoOS.Utilities.UnitTests.dll" adapterTypeName="executor://mstestadapter/v2" className="VideoOS.Utilities.UnitTests.StringFormattingTest" name="FormatByteSizeStringExactULTest1" />
    </UnitTest>
    <UnitTest name="DeleteSslConfiguration_Param_IncorrectPortTest" storage="d:\actions-runner\_work\xpco\xpco\common\videoos.utilities\videoos.utilities.unittests\bin\debug\net472\videoos.utilities.unittests.dll" id="944c038a-57a1-1f65-69fe-e78708ff0b36">
      <Execution id="8d9f18b8-aaba-454e-8e1a-c6c5241bfaf6" />
      <TestMethod codeBase="D:\actions-runner\_work\XPCO\XPCO\Common\VideoOS.Utilities\VideoOS.Utilities.UnitTests\bin\Debug\net472\VideoOS.Utilities.UnitTests.dll" adapterTypeName="executor://mstestadapter/v2" className="VideoOS.Utilities.UnitTests.Windows.Http.HttpSysConfigTest" name="DeleteSslConfiguration_Param_IncorrectPortTest" />
    </UnitTest>
    <UnitTest name="ExecuteQueryTest" storage="d:\actions-runner\_work\xpco\xpco\common\videoos.utilities\videoos.utilities.unittests\bin\debug\net472\videoos.utilities.unittests.dll" id="41c52249-7698-71fe-ff0e-3e351e2dcccd">
      <TestCategory>
        <TestCategoryItem TestCategory="DatabaseCommand" />
      </TestCategory>
      <Execution id="122acfb8-e092-4dda-b3b2-33145933a656" />
      <TestMethod codeBase="D:\actions-runner\_work\XPCO\XPCO\Common\VideoOS.Utilities\VideoOS.Utilities.UnitTests\bin\Debug\net472\VideoOS.Utilities.UnitTests.dll" adapterTypeName="executor://mstestadapter/v2" className="VideoOS.Utilities.UnitTests.Database.SqlResourceComponentTest" name="ExecuteQueryTest" />
    </UnitTest>
    <UnitTest name="FileLoggerNoName" storage="d:\actions-runner\_work\xpco\xpco\common\videoos.utilities\videoos.utilities.unittests\bin\debug\net472\videoos.utilities.unittests.dll" id="1e298c42-1eed-7a06-369c-d97e05665709">
      <Execution id="28524d36-bca7-4c26-a164-c0ceca41c0ed" />
      <TestMethod codeBase="D:\actions-runner\_work\XPCO\XPCO\Common\VideoOS.Utilities\VideoOS.Utilities.UnitTests\bin\Debug\net472\VideoOS.Utilities.UnitTests.dll" adapterTypeName="executor://mstestadapter/v2" className="VideoOS.Utilities.UnitTests.Diagnostics.ConfiguredLogger" name="FileLoggerNoName" />
    </UnitTest>
    <UnitTest name="NullCheckHasInformationOnObjectTypeAndCallerAlternativeSyntax" storage="d:\actions-runner\_work\xpco\xpco\common\videoos.utilities\videoos.utilities.unittests\bin\debug\net472\videoos.utilities.unittests.dll" id="0d8fe114-e8f0-2954-61da-3e8a8364eb46">
      <Execution id="8d01cfb3-5f98-4d3b-ab9a-45024284a38b" />
      <TestMethod codeBase="D:\actions-runner\_work\XPCO\XPCO\Common\VideoOS.Utilities\VideoOS.Utilities.UnitTests\bin\Debug\net472\VideoOS.Utilities.UnitTests.dll" adapterTypeName="executor://mstestadapter/v2" className="VideoOS.Utilities.UnitTests.Validation.ValidationTests" name="NullCheckHasInformationOnObjectTypeAndCallerAlternativeSyntax" />
    </UnitTest>
    <UnitTest name="Constructor_ShouldThrowArgumentNullException_WhenLoggerIsNull" storage="d:\actions-runner\_work\xpco\xpco\common\videoos.utilities\videoos.utilities.unittests\bin\debug\net472\videoos.utilities.unittests.dll" id="d2e0f34d-8861-b808-10a0-dd1e3ad0a537">
      <Execution id="4cb851c2-8a90-4b19-a76b-a25e3fdce4c8" />
      <TestMethod codeBase="D:\actions-runner\_work\XPCO\XPCO\Common\VideoOS.Utilities\VideoOS.Utilities.UnitTests\bin\Debug\net472\VideoOS.Utilities.UnitTests.dll" adapterTypeName="executor://mstestadapter/v2" className="VideoOS.Utilities.UnitTests.KeyManagement.KeyManagerTests" name="Constructor_ShouldThrowArgumentNullException_WhenLoggerIsNull" />
    </UnitTest>
    <UnitTest name="GetAllParametersWithMultipleParameters" storage="d:\actions-runner\_work\xpco\xpco\common\videoos.utilities\videoos.utilities.unittests\bin\debug\net472\videoos.utilities.unittests.dll" id="f5511270-0fb3-efe2-4c7f-a5b555764879">
      <TestCategory>
        <TestCategoryItem TestCategory="DatabaseCommand" />
      </TestCategory>
      <Execution id="7513fafa-20a6-48ea-a4e5-b2de6deabb0c" />
      <TestMethod codeBase="D:\actions-runner\_work\XPCO\XPCO\Common\VideoOS.Utilities\VideoOS.Utilities.UnitTests\bin\Debug\net472\VideoOS.Utilities.UnitTests.dll" adapterTypeName="executor://mstestadapter/v2" className="VideoOS.Utilities.UnitTests.Database.DatabaseCommandTest" name="GetAllParametersWithMultipleParameters" />
    </UnitTest>
    <UnitTest name="Given_FeaturesAreAvailable_When_DisableFeaturesIsCalled_Then_DisableFeatureIsCalledWithExpectedArguments" storage="d:\actions-runner\_work\xpco\xpco\common\videoos.utilities\videoos.utilities.unittests\bin\debug\net472\videoos.utilities.unittests.dll" id="7270e4a6-d2eb-9ffe-5267-47ea67f29706">
      <Execution id="439803ec-d61b-4e1b-b7bb-8134b04cfd34" />
      <TestMethod codeBase="D:\actions-runner\_work\XPCO\XPCO\Common\VideoOS.Utilities\VideoOS.Utilities.UnitTests\bin\Debug\net472\VideoOS.Utilities.UnitTests.dll" adapterTypeName="executor://mstestadapter/v2" className="VideoOS.Utilities.UnitTests.Dism.DismSessionTest" name="Given_FeaturesAreAvailable_When_DisableFeaturesIsCalled_Then_DisableFeatureIsCalledWithExpectedArguments" />
    </UnitTest>
    <UnitTest name="IsValidBase64String_DataDrivenTest (    ,False)" storage="d:\actions-runner\_work\xpco\xpco\common\videoos.utilities\videoos.utilities.unittests\bin\debug\net472\videoos.utilities.unittests.dll" id="d2da5433-a822-a67e-5ede-9bc2986dc993">
      <Execution id="f2c95a06-d3ed-4bc3-a198-f1959b4bf918" />
      <TestMethod codeBase="D:\actions-runner\_work\XPCO\XPCO\Common\VideoOS.Utilities\VideoOS.Utilities.UnitTests\bin\Debug\net472\VideoOS.Utilities.UnitTests.dll" adapterTypeName="executor://mstestadapter/v2" className="VideoOS.Utilities.UnitTests.Validation.Base64StringValidatorTests" name="IsValidBase64String_DataDrivenTest" />
    </UnitTest>
    <UnitTest name="IsValidBase64String_DataDrivenTest (Device is disabled,False)" storage="d:\actions-runner\_work\xpco\xpco\common\videoos.utilities\videoos.utilities.unittests\bin\debug\net472\videoos.utilities.unittests.dll" id="cf938af7-63b1-2aab-b53a-ce80e7ece30e">
      <Execution id="426fc01c-c476-4888-b0ec-99d7167e2457" />
      <TestMethod codeBase="D:\actions-runner\_work\XPCO\XPCO\Common\VideoOS.Utilities\VideoOS.Utilities.UnitTests\bin\Debug\net472\VideoOS.Utilities.UnitTests.dll" adapterTypeName="executor://mstestadapter/v2" className="VideoOS.Utilities.UnitTests.Validation.Base64StringValidatorTests" name="IsValidBase64String_DataDrivenTest" />
    </UnitTest>
    <UnitTest name="EmptyPathToSecureFolderResultsInException" storage="d:\actions-runner\_work\xpco\xpco\common\videoos.utilities\videoos.utilities.unittests\bin\debug\net472\videoos.utilities.unittests.dll" id="1ae2f0d9-b8fd-b6f0-51fe-1bc460adf506">
      <Execution id="557f0367-2c13-4e20-8434-3a1f91e1ed66" />
      <TestMethod codeBase="D:\actions-runner\_work\XPCO\XPCO\Common\VideoOS.Utilities\VideoOS.Utilities.UnitTests\bin\Debug\net472\VideoOS.Utilities.UnitTests.dll" adapterTypeName="executor://mstestadapter/v2" className="VideoOS.Utilities.UnitTests.Security.SecureFolderTests" name="EmptyPathToSecureFolderResultsInException" />
    </UnitTest>
    <UnitTest name="Get_ParametersAssertRows_Success" storage="d:\actions-runner\_work\xpco\xpco\common\videoos.utilities\videoos.utilities.unittests\bin\debug\net472\videoos.utilities.unittests.dll" id="2f38095a-364c-cd7f-6df7-e42d2ded147a">
      <TestCategory>
        <TestCategoryItem TestCategory="DatabaseColumnBinder" />
      </TestCategory>
      <Execution id="a12f5f05-28e5-491c-b1d7-f8ae21c84f84" />
      <TestMethod codeBase="D:\actions-runner\_work\XPCO\XPCO\Common\VideoOS.Utilities\VideoOS.Utilities.UnitTests\bin\Debug\net472\VideoOS.Utilities.UnitTests.dll" adapterTypeName="executor://mstestadapter/v2" className="VideoOS.Utilities.UnitTests.Database.DatabaseColumnBinderTests" name="Get_ParametersAssertRows_Success" />
    </UnitTest>
    <UnitTest name="EnforceUrlReservation_ConflictingSchemeEntriesReplacedTest" storage="d:\actions-runner\_work\xpco\xpco\common\videoos.utilities\videoos.utilities.unittests\bin\debug\net472\videoos.utilities.unittests.dll" id="058f954d-ce2c-c21f-f1fe-51ab343cb27e">
      <Execution id="a47fbe0d-e884-4fa7-b98b-78202eadae36" />
      <TestMethod codeBase="D:\actions-runner\_work\XPCO\XPCO\Common\VideoOS.Utilities\VideoOS.Utilities.UnitTests\bin\Debug\net472\VideoOS.Utilities.UnitTests.dll" adapterTypeName="executor://mstestadapter/v2" className="VideoOS.Utilities.UnitTests.Windows.Http.HttpSysConfigTest" name="EnforceUrlReservation_ConflictingSchemeEntriesReplacedTest" />
    </UnitTest>
    <UnitTest name="Constructor_ShouldThrowArgumentNullException_WhenKeyProviderIsNull" storage="d:\actions-runner\_work\xpco\xpco\common\videoos.utilities\videoos.utilities.unittests\bin\debug\net472\videoos.utilities.unittests.dll" id="7ef7cf9e-9410-bfa9-57b6-c831f6653307">
      <Execution id="15403270-ee05-42fe-8a9a-5894d04fabc3" />
      <TestMethod codeBase="D:\actions-runner\_work\XPCO\XPCO\Common\VideoOS.Utilities\VideoOS.Utilities.UnitTests\bin\Debug\net472\VideoOS.Utilities.UnitTests.dll" adapterTypeName="executor://mstestadapter/v2" className="VideoOS.Utilities.UnitTests.KeyManagement.KeyManagerTests" name="Constructor_ShouldThrowArgumentNullException_WhenKeyProviderIsNull" />
    </UnitTest>
    <UnitTest name="PasswordTwoRequirements" storage="d:\actions-runner\_work\xpco\xpco\common\videoos.utilities\videoos.utilities.unittests\bin\debug\net472\videoos.utilities.unittests.dll" id="47f73a93-11c7-cac7-c7bc-9b90da7449c9">
      <Execution id="f654a784-855b-429a-a363-cb6c718e5871" />
      <TestMethod codeBase="D:\actions-runner\_work\XPCO\XPCO\Common\VideoOS.Utilities\VideoOS.Utilities.UnitTests\bin\Debug\net472\VideoOS.Utilities.UnitTests.dll" adapterTypeName="executor://mstestadapter/v2" className="VideoOS.Common.EnvironmentServices.UnitTests.Security.PasswordTests" name="PasswordTwoRequirements" />
    </UnitTest>
    <UnitTest name="Close_DoubleInvokeOnlineWorkflow_IsOK" storage="d:\actions-runner\_work\xpco\xpco\common\videoos.utilities\videoos.utilities.unittests\bin\debug\net472\videoos.utilities.unittests.dll" id="3aa8ac41-a452-0107-4106-098504c5a167">
      <TestCategory>
        <TestCategoryItem TestCategory="Help" />
      </TestCategory>
      <Execution id="c5115f5d-58e1-4cba-a679-ba1f3f256196" />
      <TestMethod codeBase="D:\actions-runner\_work\XPCO\XPCO\Common\VideoOS.Utilities\VideoOS.Utilities.UnitTests\bin\Debug\net472\VideoOS.Utilities.UnitTests.dll" adapterTypeName="executor://mstestadapter/v2" className="VideoOS.Utilities.UnitTests.Help.HelpManagerTests" name="Close_DoubleInvokeOnlineWorkflow_IsOK" />
    </UnitTest>
    <UnitTest name="EncodeDecode_WhenDataTypeIncompatible_Exception" storage="d:\actions-runner\_work\xpco\xpco\common\videoos.utilities\videoos.utilities.unittests\bin\debug\net472\videoos.utilities.unittests.dll" id="dc1305d6-a7c3-72c4-dd11-a29a047e7029">
      <Execution id="8f68ee46-1822-45ea-8efb-b783eaea5b07" />
      <TestMethod codeBase="D:\actions-runner\_work\XPCO\XPCO\Common\VideoOS.Utilities\VideoOS.Utilities.UnitTests\bin\Debug\net472\VideoOS.Utilities.UnitTests.dll" adapterTypeName="executor://mstestadapter/v2" className="VideoOS.Utilities.UnitTests.Formatting.Base64EncoderTest" name="EncodeDecode_WhenDataTypeIncompatible_Exception" />
    </UnitTest>
    <UnitTest name="KilledConnectionCannotReEstablishedWithRetryWhenTransactionIsActive" storage="d:\actions-runner\_work\xpco\xpco\common\videoos.utilities\videoos.utilities.unittests\bin\debug\net472\videoos.utilities.unittests.dll" id="bbf0e7fd-9e9e-fd45-f5a1-b83e019cbf64">
      <TestCategory>
        <TestCategoryItem TestCategory="DatabaseConnection" />
      </TestCategory>
      <Execution id="e0852d36-ab27-497e-8048-325301ecb199" />
      <TestMethod codeBase="D:\actions-runner\_work\XPCO\XPCO\Common\VideoOS.Utilities\VideoOS.Utilities.UnitTests\bin\Debug\net472\VideoOS.Utilities.UnitTests.dll" adapterTypeName="executor://mstestadapter/v2" className="VideoOS.Utilities.UnitTests.Database.DatabaseConnectionTests" name="KilledConnectionCannotReEstablishedWithRetryWhenTransactionIsActive" />
    </UnitTest>
    <UnitTest name="NullAccountValueResultsInException" storage="d:\actions-runner\_work\xpco\xpco\common\videoos.utilities\videoos.utilities.unittests\bin\debug\net472\videoos.utilities.unittests.dll" id="12b2272e-7e3e-149e-15be-364df403867d">
      <Execution id="628602e2-d7cb-4916-ae6e-b480034626ea" />
      <TestMethod codeBase="D:\actions-runner\_work\XPCO\XPCO\Common\VideoOS.Utilities\VideoOS.Utilities.UnitTests\bin\Debug\net472\VideoOS.Utilities.UnitTests.dll" adapterTypeName="executor://mstestadapter/v2" className="VideoOS.Utilities.UnitTests.Security.SecureFolderTests" name="NullAccountValueResultsInException" />
    </UnitTest>
    <UnitTest name="Constructor_UrlAclInfo_NullSddl" storage="d:\actions-runner\_work\xpco\xpco\common\videoos.utilities\videoos.utilities.unittests\bin\debug\net472\videoos.utilities.unittests.dll" id="21700473-52eb-1d18-2c33-06ebe5005119">
      <Execution id="6bfe84fb-aeac-4bfc-8abb-26cf75a9724c" />
      <TestMethod codeBase="D:\actions-runner\_work\XPCO\XPCO\Common\VideoOS.Utilities\VideoOS.Utilities.UnitTests\bin\Debug\net472\VideoOS.Utilities.UnitTests.dll" adapterTypeName="executor://mstestadapter/v2" className="VideoOS.Utilities.UnitTests.Windows.Http.UrlReservationInfoCollectionWrapperTest" name="Constructor_UrlAclInfo_NullSddl" />
    </UnitTest>
    <UnitTest name="FormatTimeSpanStringTest7" storage="d:\actions-runner\_work\xpco\xpco\common\videoos.utilities\videoos.utilities.unittests\bin\debug\net472\videoos.utilities.unittests.dll" id="b274d9ea-c57d-3fb4-e198-c80ba7111b51">
      <Execution id="3cee198a-4301-45c6-bc80-5f2315f23f8c" />
      <TestMethod codeBase="D:\actions-runner\_work\XPCO\XPCO\Common\VideoOS.Utilities\VideoOS.Utilities.UnitTests\bin\Debug\net472\VideoOS.Utilities.UnitTests.dll" adapterTypeName="executor://mstestadapter/v2" className="VideoOS.Utilities.UnitTests.StringFormattingTest" name="FormatTimeSpanStringTest7" />
    </UnitTest>
  </TestDefinitions>
  <TestEntries>
    <TestEntry testId="4ad4c3c3-39bf-3ab3-0ab0-ffc6ced77812" executionId="aaa614d8-71a5-4326-aab3-51c9af9a9e51" testListId="8c84fa94-04c1-424b-9868-57a2d4851a1d" />
    <TestEntry testId="5236636f-f101-4387-1048-021f430cdc7d" executionId="493d5178-c55d-4361-89e8-3fa424ea944e" testListId="8c84fa94-04c1-424b-9868-57a2d4851a1d" />
    <TestEntry testId="054bfef9-7d9c-4f40-14b7-a4a1c121a79d" executionId="798bd224-67f4-41f1-aef5-30d34ac03f77" testListId="8c84fa94-04c1-424b-9868-57a2d4851a1d" />
    <TestEntry testId="43e187ac-6acd-8fb4-1f53-95709d764ad1" executionId="91ff7633-437d-4ba7-be03-51fa4d322fd8" testListId="8c84fa94-04c1-424b-9868-57a2d4851a1d" />
    <TestEntry testId="a79acfca-4bc4-b15e-d56c-69fa06522e06" executionId="9d7eb7ad-e471-43c0-9f17-22c0360ce912" testListId="8c84fa94-04c1-424b-9868-57a2d4851a1d" />
    <TestEntry testId="03525120-a612-e254-3483-349d47207dd5" executionId="0d04d35e-dbaa-4092-8779-125f07acf0eb" testListId="8c84fa94-04c1-424b-9868-57a2d4851a1d" />
    <TestEntry testId="b4d463d6-cc5b-23da-2ef9-5250fbeeaeb9" executionId="4fe73450-4391-414c-8c9b-7bd9db5ec2de" testListId="8c84fa94-04c1-424b-9868-57a2d4851a1d" />
    <TestEntry testId="84d3882a-5020-37f2-ee66-e79b1bc2b5cd" executionId="383d92da-d7c4-4d62-8cc3-9f372103011b" testListId="8c84fa94-04c1-424b-9868-57a2d4851a1d" />
    <TestEntry testId="e56d7f60-ae86-4c76-0aba-91f49dfb5659" executionId="c66a6040-45fe-4fd0-8dbb-65fa6fcfb743" testListId="8c84fa94-04c1-424b-9868-57a2d4851a1d" />
    <TestEntry testId="e5fe2c62-2103-2378-a4f6-adcd9fb185a4" executionId="9c1e3e3b-4c07-4250-831a-b5a6da51f47e" testListId="8c84fa94-04c1-424b-9868-57a2d4851a1d" />
    <TestEntry testId="e0b8b063-cc2e-f702-2b53-1f80cea70f32" executionId="6ddc1ca2-4f50-473c-9d9b-73a2e6cbe23a" testListId="8c84fa94-04c1-424b-9868-57a2d4851a1d" />
    <TestEntry testId="a537d233-e850-29a6-d913-096e4438abfa" executionId="2af43b2c-e65f-4a24-a88e-0bbb1596f3c4" testListId="8c84fa94-04c1-424b-9868-57a2d4851a1d" />
    <TestEntry testId="ff11fe63-c800-55e8-3867-714194b6a3db" executionId="a36d574b-7e05-41dd-8c19-b10a77a65f00" testListId="8c84fa94-04c1-424b-9868-57a2d4851a1d" />
    <TestEntry testId="faa274f9-c395-9ea7-05af-9e5a4cdb7bc9" executionId="014a0dfe-9558-4a50-a75e-3ce82ed5e2de" testListId="8c84fa94-04c1-424b-9868-57a2d4851a1d" />
    <TestEntry testId="4dbfc251-cd7c-e66a-ee68-c214068d0440" executionId="5b3c6f0d-dfc0-45ff-b942-684853a66a35" testListId="8c84fa94-04c1-424b-9868-57a2d4851a1d" />
    <TestEntry testId="ea5cb3a6-13ca-c077-cd8f-0dba821b3094" executionId="9ca08118-badd-4764-a3f9-c923832bf95f" testListId="8c84fa94-04c1-424b-9868-57a2d4851a1d" />
    <TestEntry testId="c2067aaa-c435-63c7-5ffc-c02780c3c66c" executionId="1fba0190-eacf-4b38-85f3-7a2d0d9eb911" testListId="8c84fa94-04c1-424b-9868-57a2d4851a1d" />
    <TestEntry testId="65c2ea5b-763c-d0bd-7381-b24c3eb812aa" executionId="ea398b7f-dff5-467d-a510-584aa81b72b7" testListId="8c84fa94-04c1-424b-9868-57a2d4851a1d" />
    <TestEntry testId="4e2d2668-c3e5-6e93-3de2-3f371d9d4188" executionId="e03cea57-eb15-4f3c-8721-141c51c21def" testListId="8c84fa94-04c1-424b-9868-57a2d4851a1d" />
    <TestEntry testId="51995322-8c00-f766-f088-c76b56aca7e2" executionId="b9f098c4-0c6b-409b-8048-ac7efd9f5aa4" testListId="8c84fa94-04c1-424b-9868-57a2d4851a1d" />
    <TestEntry testId="f9344ffb-dbd5-e93e-8d3e-a55f9219cc21" executionId="9e9ce678-ba87-48ba-aab6-482cad4b17d2" testListId="8c84fa94-04c1-424b-9868-57a2d4851a1d" />
    <TestEntry testId="488c9566-159e-023d-55f9-6135ea491195" executionId="b4269b00-d274-46a5-9b2f-a06fa49d88ce" testListId="8c84fa94-04c1-424b-9868-57a2d4851a1d" />
    <TestEntry testId="f5e10d40-7608-a8d3-2b96-00d081cde0c3" executionId="94b26ce8-281f-47ee-a172-b651df361f94" testListId="8c84fa94-04c1-424b-9868-57a2d4851a1d" />
    <TestEntry testId="e3d2f4b4-4bae-40b1-8113-4f749d5c5430" executionId="119969db-942a-4f61-b572-7b10d332ab37" testListId="8c84fa94-04c1-424b-9868-57a2d4851a1d" />
    <TestEntry testId="f1bd97b0-6b78-7a86-f2e6-3fc0ddc07936" executionId="ed713f5d-e1da-4e30-9089-55a8bdc4e58e" testListId="8c84fa94-04c1-424b-9868-57a2d4851a1d" />
    <TestEntry testId="648022f1-3bdd-5333-fbf2-f52900fdfbaf" executionId="c58696e2-48ea-46f5-a8de-2a7fdcb48fdb" testListId="8c84fa94-04c1-424b-9868-57a2d4851a1d" />
    <TestEntry testId="57eb03f9-629b-e61d-a054-266af00de60c" executionId="819ffb49-284a-4ca5-8723-b2dbe39a8ab7" testListId="8c84fa94-04c1-424b-9868-57a2d4851a1d" />
    <TestEntry testId="a0962efd-6872-4f01-46ab-3c59d3295f77" executionId="3ebeee64-a082-488a-99ae-88c222a2775f" testListId="8c84fa94-04c1-424b-9868-57a2d4851a1d" />
    <TestEntry testId="5b81d6e5-094a-36a1-d020-7e14c1925021" executionId="aa24f52a-eb2d-4ffa-9874-f5d262945d79" testListId="8c84fa94-04c1-424b-9868-57a2d4851a1d" />
    <TestEntry testId="3b43752d-a556-b0b9-8a62-50f89aa27699" executionId="3adee7a5-b598-4057-bc4a-bf1889fca986" testListId="8c84fa94-04c1-424b-9868-57a2d4851a1d" />
    <TestEntry testId="2e72d041-95ef-42d2-a9b4-4e0a8647c8b5" executionId="99bedb66-9661-4cc3-8ee4-8c22a634d491" testListId="8c84fa94-04c1-424b-9868-57a2d4851a1d" />
    <TestEntry testId="2e1afd33-f1f3-7f6a-5d1d-b6fdf440414b" executionId="3b9fe045-972a-452b-b493-e0e5cc96eecf" testListId="8c84fa94-04c1-424b-9868-57a2d4851a1d" />
    <TestEntry testId="dea06a7e-7ad6-8964-e101-42d6ae50a61f" executionId="2adeb966-0e93-43f8-8c5d-b887369dd924" testListId="8c84fa94-04c1-424b-9868-57a2d4851a1d" />
    <TestEntry testId="b3d5b776-7954-57de-ff89-1e86f8900464" executionId="f6c8ca8c-4c9c-4fa2-8238-60f9f08ea196" testListId="8c84fa94-04c1-424b-9868-57a2d4851a1d" />
    <TestEntry testId="cae34a4f-22ac-a10a-8927-08673a15abcf" executionId="cbbb6545-6427-4f9b-9052-3a4465ff3fc8" testListId="8c84fa94-04c1-424b-9868-57a2d4851a1d" />
    <TestEntry testId="79a478af-1207-210c-868d-402e7ff157d0" executionId="0c36032f-d19c-4f13-8cbc-660624f7b106" testListId="8c84fa94-04c1-424b-9868-57a2d4851a1d" />
    <TestEntry testId="d27a4924-5023-085a-be43-fd469abc218c" executionId="585b5cb6-9e0a-4b2d-8b59-2c1aae98855c" testListId="8c84fa94-04c1-424b-9868-57a2d4851a1d" />
    <TestEntry testId="d20d53c4-d60c-1b48-530e-96eb522a068a" executionId="d7fcc5ee-022f-4174-8299-dd22e34235bf" testListId="8c84fa94-04c1-424b-9868-57a2d4851a1d" />
    <TestEntry testId="36877966-316f-b632-0a3d-234e6371a979" executionId="524b7a72-624d-478a-91f1-4ea280b32cc1" testListId="8c84fa94-04c1-424b-9868-57a2d4851a1d" />
    <TestEntry testId="c0aa0a52-7d77-6797-eefd-299e6b808fc4" executionId="df5833ff-00cd-4e74-87ce-11342ccf47a7" testListId="8c84fa94-04c1-424b-9868-57a2d4851a1d" />
    <TestEntry testId="54fc10f9-d528-1974-2f53-3a621ca67cb3" executionId="c924b825-05b9-4f24-ab37-96a15581892c" testListId="8c84fa94-04c1-424b-9868-57a2d4851a1d" />
    <TestEntry testId="bbf8c752-4784-ef40-3db3-d74c499ba536" executionId="39da8102-e464-4388-ad21-8cf8737cd0a9" testListId="8c84fa94-04c1-424b-9868-57a2d4851a1d" />
    <TestEntry testId="307fe22a-fac9-b87a-1216-aca73ee96639" executionId="0ec60289-d862-42e0-9448-cf591aea4c25" testListId="8c84fa94-04c1-424b-9868-57a2d4851a1d" />
    <TestEntry testId="d2c6cd89-3134-4c47-ed4c-f9654d49986a" executionId="e06a38b7-bd70-4f0b-80b3-1a4a96c29443" testListId="8c84fa94-04c1-424b-9868-57a2d4851a1d" />
    <TestEntry testId="21937501-5fae-13f0-6624-05bb57fbd618" executionId="984664db-dc08-4011-ab2c-37008f02a333" testListId="8c84fa94-04c1-424b-9868-57a2d4851a1d" />
    <TestEntry testId="de573e68-dc1a-4918-71c1-6d19c481580b" executionId="d2dcaba2-aa50-44d2-a5e7-0b96af6e9b3d" testListId="8c84fa94-04c1-424b-9868-57a2d4851a1d" />
    <TestEntry testId="a6afa94e-bac9-735b-0f52-af1a436a2457" executionId="9818686b-f21c-4575-85fe-d5431376e749" testListId="8c84fa94-04c1-424b-9868-57a2d4851a1d" />
    <TestEntry testId="ea65016e-24ff-18d8-4db6-a882b2acfbf0" executionId="0cfd8ca8-4085-4ee1-8ceb-46e1ba7d90fb" testListId="8c84fa94-04c1-424b-9868-57a2d4851a1d" />
    <TestEntry testId="3f9a3040-194a-294c-571d-485d20ffce29" executionId="3f214624-b708-495b-8d6e-abdeea4a9679" testListId="8c84fa94-04c1-424b-9868-57a2d4851a1d" />
    <TestEntry testId="d24d988b-3555-6244-4353-b7c1f76b55d3" executionId="c498a9d7-0251-40cf-ab5a-a1b4b45b4bac" testListId="8c84fa94-04c1-424b-9868-57a2d4851a1d" />
    <TestEntry testId="2af5d521-8bbc-18e1-6f8f-3295fdc1595d" executionId="47d294cc-f39c-407f-be14-afeaf46adf3d" testListId="8c84fa94-04c1-424b-9868-57a2d4851a1d" />
    <TestEntry testId="8a58a8dd-6e74-59e0-5a8b-8a3cdd925c79" executionId="a2671fc8-f197-458a-9937-b8ed9ada5799" testListId="8c84fa94-04c1-424b-9868-57a2d4851a1d" />
    <TestEntry testId="dbba8f0a-23a9-a8ac-2de8-9f04dc869da2" executionId="6e44d1fd-4238-4595-8f01-093821a77a7e" testListId="8c84fa94-04c1-424b-9868-57a2d4851a1d" />
    <TestEntry testId="884ecb2f-ce03-ec43-c561-69cc10afb055" executionId="03eb0f7a-e931-4c5f-953b-32ebced266bd" testListId="8c84fa94-04c1-424b-9868-57a2d4851a1d" />
    <TestEntry testId="b704fdb0-c7bb-1693-71ff-6ae0dd6bc4d2" executionId="52ccc945-8eaa-4fc2-9209-3a1d80babb7c" testListId="8c84fa94-04c1-424b-9868-57a2d4851a1d" />
    <TestEntry testId="11fb3fad-2351-7080-3049-42238d7f70fd" executionId="c142a37f-3b71-458f-8ea5-73f5583feb50" testListId="8c84fa94-04c1-424b-9868-57a2d4851a1d" />
    <TestEntry testId="bfd927da-87a0-bf65-ed2b-dd9388826410" executionId="b5018231-2afb-48ef-a022-9d5a550db665" testListId="8c84fa94-04c1-424b-9868-57a2d4851a1d" />
    <TestEntry testId="d0430f0e-538a-eefc-4b97-23107c00db2e" executionId="2f90835c-93fc-41fc-a21b-825f37c875ab" testListId="8c84fa94-04c1-424b-9868-57a2d4851a1d" />
    <TestEntry testId="813781e4-6529-b9c3-dc2f-c58adbd45c67" executionId="c64ea4b6-95a0-44d4-be00-a59a52237c2b" testListId="8c84fa94-04c1-424b-9868-57a2d4851a1d" />
    <TestEntry testId="8808a0d4-decf-b478-02fc-6d5995d94ea5" executionId="dde49a68-10f7-483d-be4b-d7d3960de02c" testListId="8c84fa94-04c1-424b-9868-57a2d4851a1d" />
    <TestEntry testId="db3948b9-824e-0a4d-0cde-8550e9e2e4aa" executionId="70fd7f03-4356-4705-82ef-52ea1a5612f8" testListId="8c84fa94-04c1-424b-9868-57a2d4851a1d" />
    <TestEntry testId="31b81597-16e9-5c45-376b-ceed82dbdfa0" executionId="c521071b-a826-48f7-8708-91d0da39acbe" testListId="8c84fa94-04c1-424b-9868-57a2d4851a1d" />
    <TestEntry testId="aef9028d-d413-1f1a-acff-d17d12a2954f" executionId="5ce334b7-94fd-4698-bb0f-f8fd71f10bee" testListId="8c84fa94-04c1-424b-9868-57a2d4851a1d" />
    <TestEntry testId="cb1f0861-b2da-9616-9a03-c34074ad8358" executionId="b06eee44-9357-467e-bb97-00c543b7f4c1" testListId="8c84fa94-04c1-424b-9868-57a2d4851a1d" />
    <TestEntry testId="a80f4070-2dfe-33e0-d5b2-9dc837f5874a" executionId="2e84ea83-da3f-447f-820d-a0e5935561fe" testListId="8c84fa94-04c1-424b-9868-57a2d4851a1d" />
    <TestEntry testId="7baf5ad7-fd83-d136-4005-0a09919139e7" executionId="22c7c1fe-4b0b-48f6-9497-65f287ee515d" testListId="8c84fa94-04c1-424b-9868-57a2d4851a1d" />
    <TestEntry testId="5be3ce35-ce99-9457-150c-dbfb4aa2dbc9" executionId="8f558da6-4813-4a33-bc09-50f62fdaa7d0" testListId="8c84fa94-04c1-424b-9868-57a2d4851a1d" />
    <TestEntry testId="f20f788e-2c4b-4fc6-3f24-f3394174c210" executionId="3b0e35b7-a6d1-4436-9431-d8631111bf24" testListId="8c84fa94-04c1-424b-9868-57a2d4851a1d" />
    <TestEntry testId="7b0ff6f9-12f6-78a0-6d49-91c774d22925" executionId="6334c22e-e9ef-42f7-9758-ec4cf3658d9b" testListId="8c84fa94-04c1-424b-9868-57a2d4851a1d" />
    <TestEntry testId="bb71366c-0430-34ad-e4e3-0922219f5db7" executionId="e749f3e4-75ee-4e72-9d7d-4c22265b04e1" testListId="8c84fa94-04c1-424b-9868-57a2d4851a1d" />
    <TestEntry testId="b542b2a9-c57b-a34c-f3ad-0fcb0432bf83" executionId="a2b36878-a0ec-44af-bed8-13eff8f1214d" testListId="8c84fa94-04c1-424b-9868-57a2d4851a1d" />
    <TestEntry testId="a5a83dbc-7dbf-2fc7-63d9-c3c32958ddb2" executionId="4108e489-bf9e-45f4-b35b-e6aa306b49b8" testListId="8c84fa94-04c1-424b-9868-57a2d4851a1d" />
    <TestEntry testId="1f84f103-72d5-a9f7-0d4c-3d44d2310bb9" executionId="9c3b1f08-8edf-4fc6-a0b2-c616875b9aee" testListId="8c84fa94-04c1-424b-9868-57a2d4851a1d" />
    <TestEntry testId="9ec24b6f-cdfa-8d79-eaa8-3c7fea23cd5b" executionId="c981b882-2653-447f-9d45-770f9278c4d4" testListId="8c84fa94-04c1-424b-9868-57a2d4851a1d" />
    <TestEntry testId="6ef51f53-4e1f-f25c-3e8d-6d67812652de" executionId="581f782c-1d72-46b4-930d-062c8f8e6458" testListId="8c84fa94-04c1-424b-9868-57a2d4851a1d" />
    <TestEntry testId="40d53ff8-3a7f-523a-57c0-cd22766755d4" executionId="be31ae94-d07d-4ff8-a142-446e5569fbb0" testListId="8c84fa94-04c1-424b-9868-57a2d4851a1d" />
    <TestEntry testId="87bcbaf6-47af-3501-8b0e-ebb19c6a84c3" executionId="902cd5af-c22d-4f8a-86e1-71317c44ff1c" testListId="8c84fa94-04c1-424b-9868-57a2d4851a1d" />
    <TestEntry testId="528ff103-a748-eb55-6417-ec32a3dcef5f" executionId="a0492dde-ffb3-4c9c-bc75-2a930cbc8562" testListId="8c84fa94-04c1-424b-9868-57a2d4851a1d" />
    <TestEntry testId="02b89666-b70e-5c0e-bed1-fe458440e8cc" executionId="074a73d3-a093-442d-909c-1fff127004d3" testListId="8c84fa94-04c1-424b-9868-57a2d4851a1d" />
    <TestEntry testId="058f954d-ce2c-c21f-f1fe-51ab343cb27e" executionId="a47fbe0d-e884-4fa7-b98b-78202eadae36" testListId="8c84fa94-04c1-424b-9868-57a2d4851a1d" />
    <TestEntry testId="149328dd-9c2a-a5da-f7d5-2a68b860779c" executionId="509ba35c-27ce-44b2-9f3b-13ef796bc31b" testListId="8c84fa94-04c1-424b-9868-57a2d4851a1d" />
    <TestEntry testId="5eba6bf3-2152-e22a-9319-f2055f166c30" executionId="4976f6b9-4f59-465d-9426-6cfc82f1a0e3" testListId="8c84fa94-04c1-424b-9868-57a2d4851a1d" />
    <TestEntry testId="806deb80-9486-1446-8b63-998fe3e82f73" executionId="14fe8933-951e-4639-ab89-5911f370ff4b" testListId="8c84fa94-04c1-424b-9868-57a2d4851a1d" />
    <TestEntry testId="a94d41f2-a595-7d6a-84d4-8180033547b9" executionId="164b0c61-60a2-4434-b9a5-26f896d93a04" testListId="8c84fa94-04c1-424b-9868-57a2d4851a1d" />
    <TestEntry testId="e8666d10-f6c2-324b-6b0e-e4b2d17eec15" executionId="b4b5ca33-3d4d-4fd8-8a13-81b0249ce3cb" testListId="8c84fa94-04c1-424b-9868-57a2d4851a1d" />
    <TestEntry testId="d982fa03-1651-7dd0-09f2-cee6e3c387f8" executionId="066f0764-8cb2-440b-8637-d2ba77f968d3" testListId="8c84fa94-04c1-424b-9868-57a2d4851a1d" />
    <TestEntry testId="3944fccd-772e-d9fe-1a40-fdbfaf54babb" executionId="663dae5f-4714-4af1-9f4a-1dd3fe9f178f" testListId="8c84fa94-04c1-424b-9868-57a2d4851a1d" />
    <TestEntry testId="b5a74696-bf2f-0d90-80f5-207370502a97" executionId="b80cad15-fad7-41d0-bf0b-74ce26a497d4" testListId="8c84fa94-04c1-424b-9868-57a2d4851a1d" />
    <TestEntry testId="5b723daf-af09-91a0-345a-c135ce16530e" executionId="4ad72761-31d9-468b-a969-3e5c6f06aa27" testListId="8c84fa94-04c1-424b-9868-57a2d4851a1d" />
    <TestEntry testId="3083e6f4-31c6-2b3d-a3cf-4efc40ec98d7" executionId="82323e9b-125d-4f11-b55c-44c47c5387b7" testListId="8c84fa94-04c1-424b-9868-57a2d4851a1d" />
    <TestEntry testId="279c7b2c-62d7-e632-1d8c-7c130e62a06d" executionId="20c11806-12fc-414a-8d1b-f812cab50558" testListId="8c84fa94-04c1-424b-9868-57a2d4851a1d" />
    <TestEntry testId="ddbe8703-0958-b457-5a7d-b81bbfe3f85a" executionId="df5e801b-93a7-4c41-b128-f29b47207435" testListId="8c84fa94-04c1-424b-9868-57a2d4851a1d" />
    <TestEntry testId="b71129c9-df58-0336-4b9a-daa4004a44ec" executionId="35b43fe6-99e7-4dd8-8c11-3d2585427aeb" testListId="8c84fa94-04c1-424b-9868-57a2d4851a1d" />
    <TestEntry testId="6c1b5a96-836b-feef-a077-eaf20f42c48a" executionId="2daaf8d4-2ac5-46b2-9205-a3044d62363b" testListId="8c84fa94-04c1-424b-9868-57a2d4851a1d" />
    <TestEntry testId="96119cc5-4c2f-24b7-eb33-7ff9b76c899e" executionId="f4ce77e8-a6c3-464f-b2ba-7eeabb7867c3" testListId="8c84fa94-04c1-424b-9868-57a2d4851a1d" />
    <TestEntry testId="150e4aae-3f60-faf6-82f4-5e55067d0b25" executionId="92e771b6-80ff-403e-8e36-22e37935ee2e" testListId="8c84fa94-04c1-424b-9868-57a2d4851a1d" />
    <TestEntry testId="09d2e431-e77b-6b41-b7c7-c5b16d69b902" executionId="e758608a-1984-4d60-b45e-dd238f9b9efd" testListId="8c84fa94-04c1-424b-9868-57a2d4851a1d" />
    <TestEntry testId="a568b409-38f1-6ad9-4f1d-3150733bf202" executionId="ff6edfea-a9a5-4294-aaf3-b318c7f0a615" testListId="8c84fa94-04c1-424b-9868-57a2d4851a1d" />
    <TestEntry testId="d9f9c2c8-093d-13e9-89bd-1a9656a82bad" executionId="8d3e8482-3243-4bea-9b9d-7db4ca61dde2" testListId="8c84fa94-04c1-424b-9868-57a2d4851a1d" />
    <TestEntry testId="7684af58-6d63-c0de-5c50-916e22c49de3" executionId="26b30661-6caa-4b11-ac2c-ad70aa2b38cd" testListId="8c84fa94-04c1-424b-9868-57a2d4851a1d" />
    <TestEntry testId="41c52249-7698-71fe-ff0e-3e351e2dcccd" executionId="122acfb8-e092-4dda-b3b2-33145933a656" testListId="8c84fa94-04c1-424b-9868-57a2d4851a1d" />
    <TestEntry testId="9a5f2d25-e5df-c6ba-3b20-674ddeaf04cd" executionId="915fc73f-0f11-46f0-aa25-d8380e2dcecb" testListId="8c84fa94-04c1-424b-9868-57a2d4851a1d" />
    <TestEntry testId="6017adae-b1e1-76ad-01d4-c71c39f8ef57" executionId="50ae67da-fe81-4de9-939f-647028f729da" testListId="8c84fa94-04c1-424b-9868-57a2d4851a1d" />
    <TestEntry testId="5c0a09c0-9baa-c1c5-77a2-5d4bd6f2283d" executionId="5ae66648-7f52-4fba-89ba-aeb7cc700253" testListId="8c84fa94-04c1-424b-9868-57a2d4851a1d" />
    <TestEntry testId="b274d9ea-c57d-3fb4-e198-c80ba7111b51" executionId="3cee198a-4301-45c6-bc80-5f2315f23f8c" testListId="8c84fa94-04c1-424b-9868-57a2d4851a1d" />
    <TestEntry testId="7ef7cf9e-9410-bfa9-57b6-c831f6653307" executionId="15403270-ee05-42fe-8a9a-5894d04fabc3" testListId="8c84fa94-04c1-424b-9868-57a2d4851a1d" />
    <TestEntry testId="de96ddf0-d444-ee1c-2268-ec15a6f73012" executionId="a3250b88-84a7-4a6b-b687-342c62fcee9c" testListId="8c84fa94-04c1-424b-9868-57a2d4851a1d" />
    <TestEntry testId="2127992f-d432-430c-3767-c76b100ba1ae" executionId="51d69a3e-88e8-4dbe-971f-1f5d9e4b02c0" testListId="8c84fa94-04c1-424b-9868-57a2d4851a1d" />
    <TestEntry testId="4e3f0180-82b2-6414-7968-97eee117cb14" executionId="39da376a-4c2b-4c06-ae7e-e4adb7d6f83d" testListId="8c84fa94-04c1-424b-9868-57a2d4851a1d" />
    <TestEntry testId="004341c7-cec2-0f4b-c539-539d094096cc" executionId="dcbc1a91-3fbb-4b57-888f-c5101b512663" testListId="8c84fa94-04c1-424b-9868-57a2d4851a1d" />
    <TestEntry testId="77859cfb-b1e5-83eb-e2d0-c9d51897f8dd" executionId="8f920680-c239-4ba8-81c5-2ba896ad9f15" testListId="8c84fa94-04c1-424b-9868-57a2d4851a1d" />
    <TestEntry testId="503ec25e-f94c-6a24-4b63-4dc824bcd484" executionId="d5afe696-0329-4dda-8670-e03e8f3bca52" testListId="8c84fa94-04c1-424b-9868-57a2d4851a1d" />
    <TestEntry testId="98b9ca62-c4d7-6731-f415-cbad2e4e91b8" executionId="e5d8d62f-59b7-4ac9-8616-7d4eddf98376" testListId="8c84fa94-04c1-424b-9868-57a2d4851a1d" />
    <TestEntry testId="17e8d08f-f1d5-876f-3d0c-916dddf52252" executionId="cac666fb-283a-443c-9f0a-5dcfb2aa661d" testListId="8c84fa94-04c1-424b-9868-57a2d4851a1d" />
    <TestEntry testId="113d1804-31b6-160b-355c-4c16286495f8" executionId="1cb83a84-97ee-4e68-b4f4-24e94190908c" testListId="8c84fa94-04c1-424b-9868-57a2d4851a1d" />
    <TestEntry testId="f03729f0-d331-f104-9fc2-6da799ef6144" executionId="6b786fb6-a3a0-4000-8bfc-07015d4c190a" testListId="8c84fa94-04c1-424b-9868-57a2d4851a1d" />
    <TestEntry testId="041cd636-46f8-6a86-d0da-de8e88283f69" executionId="090280c7-efd8-4573-bb06-099bb1064bb5" testListId="8c84fa94-04c1-424b-9868-57a2d4851a1d" />
    <TestEntry testId="7fbf4643-33b6-b50c-4d89-cf868424f0c4" executionId="72ca8945-64b1-4b52-96ea-9e18c8953527" testListId="8c84fa94-04c1-424b-9868-57a2d4851a1d" />
    <TestEntry testId="fda94701-b4a5-79c1-309e-46f5c211feb1" executionId="9433d79e-afc1-4a1e-be9e-c36a398bf9be" testListId="8c84fa94-04c1-424b-9868-57a2d4851a1d" />
    <TestEntry testId="5dab0953-f8e5-4596-9599-693185a38502" executionId="f4eb2ee8-b69c-4979-8cce-f86dd63ee50b" testListId="8c84fa94-04c1-424b-9868-57a2d4851a1d" />
    <TestEntry testId="4d04cbd9-6b0c-129f-89f2-13ad5bb3b77d" executionId="a551bddd-2379-4a1b-83d7-e09e8f7ab28f" testListId="8c84fa94-04c1-424b-9868-57a2d4851a1d" />
    <TestEntry testId="90280cc0-709a-6c6d-8bb6-ae7ecee93410" executionId="516891cb-b027-479d-b469-f25683db6fa9" testListId="8c84fa94-04c1-424b-9868-57a2d4851a1d" />
    <TestEntry testId="5e8218e5-ad16-734d-7b83-a405e0747b4a" executionId="078b7aec-1d31-473d-9a61-aecbc121a9ae" testListId="8c84fa94-04c1-424b-9868-57a2d4851a1d" />
    <TestEntry testId="57dd1e3a-a56a-e404-e3c0-c58c06b0596f" executionId="5ee7ebd8-3899-498b-9d3f-17d919432a48" testListId="8c84fa94-04c1-424b-9868-57a2d4851a1d" />
    <TestEntry testId="c9115134-3a66-60ac-719d-00bd512badb4" executionId="71154f1c-61df-4c52-ae9a-4337326efb3b" testListId="8c84fa94-04c1-424b-9868-57a2d4851a1d" />
    <TestEntry testId="95addf67-51d6-243f-594c-cd203efa3cab" executionId="dbb96418-3544-4e77-a76e-eaa3b470bdc3" testListId="8c84fa94-04c1-424b-9868-57a2d4851a1d" />
    <TestEntry testId="318dfcc5-fe95-ef92-0ae4-5d0a5e9d05a7" executionId="295026ca-17d9-4b00-90a5-83998ba31bdb" testListId="8c84fa94-04c1-424b-9868-57a2d4851a1d" />
    <TestEntry testId="400dcc7a-1baf-7c37-00e7-b9da7e64add4" executionId="a09de31c-dd3a-4f06-9265-95f196f38ff3" testListId="8c84fa94-04c1-424b-9868-57a2d4851a1d" />
    <TestEntry testId="80895b38-0d55-d592-cbc2-d8e8007febd1" executionId="00b72a75-5bc5-4a74-aa67-1763cbbd217b" testListId="8c84fa94-04c1-424b-9868-57a2d4851a1d" />
    <TestEntry testId="a2a7beae-4d5d-b78f-d844-e7b8e96968ed" executionId="97b076ce-4c79-49cb-a4ba-a3e9f4be5fa7" testListId="8c84fa94-04c1-424b-9868-57a2d4851a1d" />
    <TestEntry testId="0d118129-696a-1633-b93a-1fd626a94b6d" executionId="5385ce4d-ffe9-45cd-907e-ffa3b7f9a5c8" testListId="8c84fa94-04c1-424b-9868-57a2d4851a1d" />
    <TestEntry testId="ba173d83-84db-ecc2-8652-f1b2ec86e1cd" executionId="3650552e-2871-446b-958f-f515e7477e7d" testListId="8c84fa94-04c1-424b-9868-57a2d4851a1d" />
    <TestEntry testId="cdf0e564-ef3e-091a-b0a3-ee049b53ed18" executionId="df9afd80-039f-4d0e-ab9b-fdba6f736d55" testListId="8c84fa94-04c1-424b-9868-57a2d4851a1d" />
    <TestEntry testId="70dcc9dc-c083-81ab-1519-b9d7bec34896" executionId="270ce11e-6966-4980-b116-b454f567bef0" testListId="8c84fa94-04c1-424b-9868-57a2d4851a1d" />
    <TestEntry testId="0723f267-425a-81f7-9210-a8b891ed5292" executionId="5a858c95-e8cd-4831-a63b-d7bff4a0286e" testListId="8c84fa94-04c1-424b-9868-57a2d4851a1d" />
    <TestEntry testId="7203a035-7bbe-0364-9105-54b3de255c94" executionId="42a957cd-54b8-438b-8f63-1ea37d2891cc" testListId="8c84fa94-04c1-424b-9868-57a2d4851a1d" />
    <TestEntry testId="56ce4334-a225-1470-b86a-1784fac43ca5" executionId="20d0e585-cdef-4b3c-8872-815b0a2e048d" testListId="8c84fa94-04c1-424b-9868-57a2d4851a1d" />
    <TestEntry testId="aebc7b24-a53e-b12c-f50e-a352c1f0fd02" executionId="eeb8c0b3-5fc4-488d-baba-f3eaa69142a6" testListId="8c84fa94-04c1-424b-9868-57a2d4851a1d" />
    <TestEntry testId="18d615e6-1fa1-eef4-9b1c-cbc8d21e6b51" executionId="4444b4ae-6287-4151-b4c9-99ec70b2d256" testListId="8c84fa94-04c1-424b-9868-57a2d4851a1d" />
    <TestEntry testId="ef5212b0-4020-30a6-8db2-7922698faddd" executionId="ed5b25a5-84b3-48f9-b826-5a856e41e9f9" testListId="8c84fa94-04c1-424b-9868-57a2d4851a1d" />
    <TestEntry testId="fd765706-fece-85c1-aaf1-a9c0a465fd55" executionId="461a3660-9ee7-44ae-a5b3-2ce0ffc7f94a" testListId="8c84fa94-04c1-424b-9868-57a2d4851a1d" />
    <TestEntry testId="cde7e51e-35ed-100a-a550-358501305bf7" executionId="352e6620-b500-4250-ac3c-5133003c9c00" testListId="8c84fa94-04c1-424b-9868-57a2d4851a1d" />
    <TestEntry testId="e68e32b3-c415-6e9e-ccdd-8a130a00ba3d" executionId="43a7bb43-7336-4597-b106-582c57537a21" testListId="8c84fa94-04c1-424b-9868-57a2d4851a1d" />
    <TestEntry testId="f9365f57-5bb5-37f3-e6d7-f044fc7b06b0" executionId="b3b9576d-47f2-4448-89a9-553bf8dcd0f9" testListId="8c84fa94-04c1-424b-9868-57a2d4851a1d" />
    <TestEntry testId="d6a5b564-6853-d350-20e1-f686b037eba7" executionId="c040d0f4-3eb1-43c3-bc24-e0710880ca67" testListId="8c84fa94-04c1-424b-9868-57a2d4851a1d" />
    <TestEntry testId="eb6713ef-6a60-6fef-f5bb-959c27e27fc5" executionId="61901071-ab18-42f7-b791-ee98aea4b81f" testListId="8c84fa94-04c1-424b-9868-57a2d4851a1d" />
    <TestEntry testId="b56af203-658a-be22-0b10-4d4a6d7da24f" executionId="5ce89702-963d-4adc-83c7-22f5773ecc47" testListId="8c84fa94-04c1-424b-9868-57a2d4851a1d" />
    <TestEntry testId="b74dea82-9668-8988-05d7-33e650060d9c" executionId="e57b739b-447c-4a9f-a8b5-dad2b4ffd8ae" testListId="8c84fa94-04c1-424b-9868-57a2d4851a1d" />
    <TestEntry testId="f279c340-43e7-4882-4d5a-daf8021a3315" executionId="dbc097df-2f37-42a1-abbf-0e788041a6de" testListId="8c84fa94-04c1-424b-9868-57a2d4851a1d" />
    <TestEntry testId="c096eabf-b646-5277-57d9-044af92752a5" executionId="2074e407-441d-48ec-9583-3c9d688d6295" testListId="8c84fa94-04c1-424b-9868-57a2d4851a1d" />
    <TestEntry testId="defafc91-1d2c-fc1f-49c6-e12ed3f63e94" executionId="3cff8b08-7358-4b28-aa07-31b0e6446da5" testListId="8c84fa94-04c1-424b-9868-57a2d4851a1d" />
    <TestEntry testId="2f38095a-364c-cd7f-6df7-e42d2ded147a" executionId="a12f5f05-28e5-491c-b1d7-f8ae21c84f84" testListId="8c84fa94-04c1-424b-9868-57a2d4851a1d" />
    <TestEntry testId="4a5fd1b3-c1a6-22a8-abb5-64a896ca2adb" executionId="236ecfd9-2fed-4ed2-9476-74cec669ce40" testListId="8c84fa94-04c1-424b-9868-57a2d4851a1d" />
    <TestEntry testId="988ec47a-4955-b6f4-cf14-58297cdb2760" executionId="52db74c9-8f59-4aea-b50f-80bb6623954f" testListId="8c84fa94-04c1-424b-9868-57a2d4851a1d" />
    <TestEntry testId="3aa8ac41-a452-0107-4106-098504c5a167" executionId="c5115f5d-58e1-4cba-a679-ba1f3f256196" testListId="8c84fa94-04c1-424b-9868-57a2d4851a1d" />
    <TestEntry testId="f946c001-2088-2a4c-235b-e55c2bf881df" executionId="0235cf2c-1e27-4523-a696-e644bdd5ab7a" testListId="8c84fa94-04c1-424b-9868-57a2d4851a1d" />
    <TestEntry testId="93ba48d0-5204-783e-22e2-0e86f00c3f43" executionId="0697ef93-831c-41c4-846c-8fd4f9240b91" testListId="8c84fa94-04c1-424b-9868-57a2d4851a1d" />
    <TestEntry testId="1fd80ead-9458-b2f1-f7f8-4f30eeb7cd1a" executionId="85b81f16-0e1a-4c47-a38a-7abe91d53d4d" testListId="8c84fa94-04c1-424b-9868-57a2d4851a1d" />
    <TestEntry testId="3456c2ac-6383-db2f-076e-c42d1018058c" executionId="1ae5b063-9e1a-46df-a04b-b4249ab238b7" testListId="8c84fa94-04c1-424b-9868-57a2d4851a1d" />
    <TestEntry testId="377004f2-12bc-34ff-6f42-7950b88a086a" executionId="3352a875-c42b-4fbf-986d-94cf9aae97a9" testListId="8c84fa94-04c1-424b-9868-57a2d4851a1d" />
    <TestEntry testId="101dcc33-d8d6-50e8-c5f2-d4b11695329f" executionId="2bc5cea9-73b3-42d3-a1c5-44267513b121" testListId="8c84fa94-04c1-424b-9868-57a2d4851a1d" />
    <TestEntry testId="24adbf6a-5db3-0671-76a8-020bd6ad9b9b" executionId="a6d14469-7de9-4ee8-982b-3b58d0ac24bc" testListId="8c84fa94-04c1-424b-9868-57a2d4851a1d" />
    <TestEntry testId="ca6f0e31-7450-a0ca-4bc4-724a3bf1beb8" executionId="2580cd39-5837-4450-8997-101c4f4059e0" testListId="8c84fa94-04c1-424b-9868-57a2d4851a1d" />
    <TestEntry testId="90f643f5-a90b-25e9-f029-5ed7f28dfb08" executionId="93d7fd5c-3bfa-424c-975f-83742fd7a348" testListId="8c84fa94-04c1-424b-9868-57a2d4851a1d" />
    <TestEntry testId="393d81cc-45e8-faf1-67a6-0c691df5ec41" executionId="cc714a8a-229b-4e19-8f50-cd391e3fc734" testListId="8c84fa94-04c1-424b-9868-57a2d4851a1d" />
    <TestEntry testId="6167cf0e-2ca8-10aa-73f7-b2bdd77f7e36" executionId="76c21b48-595f-4c45-9269-987c2988af3a" testListId="8c84fa94-04c1-424b-9868-57a2d4851a1d" />
    <TestEntry testId="b26b8179-2692-f99f-57c1-62402983fe30" executionId="c855ce4c-2d60-4f93-a7ad-6d47a5bb28f6" testListId="8c84fa94-04c1-424b-9868-57a2d4851a1d" />
    <TestEntry testId="cd279f50-0712-03f7-c7c8-2a1f84e48d3b" executionId="2b3cbe5e-635d-4fca-80d4-6ea4b2c9f53a" testListId="8c84fa94-04c1-424b-9868-57a2d4851a1d" />
    <TestEntry testId="1ce37233-b5c5-6528-d384-50e5daf3d106" executionId="8c189032-64dd-4935-8eb7-0acf2eb147c2" testListId="8c84fa94-04c1-424b-9868-57a2d4851a1d" />
    <TestEntry testId="640f2c79-4967-64e1-22df-3628571d9acc" executionId="5e1511ea-1a79-4dc6-acd0-22c804b2c632" testListId="8c84fa94-04c1-424b-9868-57a2d4851a1d" />
    <TestEntry testId="8095e577-3bae-97b2-4ac6-e1de2fd8f54c" executionId="ea3260bd-5578-4c38-bae7-84df6ff160e4" testListId="8c84fa94-04c1-424b-9868-57a2d4851a1d" />
    <TestEntry testId="eb3e1b48-92a3-4ac3-b537-9b97539fad7b" executionId="8293ad12-0be7-4558-8ee2-10a1a28e136a" testListId="8c84fa94-04c1-424b-9868-57a2d4851a1d" />
    <TestEntry testId="42905f99-cf41-34cc-8b30-0be9cf777447" executionId="32f88070-bf1e-4d19-856a-19efded28ced" testListId="8c84fa94-04c1-424b-9868-57a2d4851a1d" />
    <TestEntry testId="73aa7f18-51a7-6c4f-64a7-0dcd1a4e3e10" executionId="fdf79f30-99a8-46e9-8020-8b0fcca94f5b" testListId="8c84fa94-04c1-424b-9868-57a2d4851a1d" />
    <TestEntry testId="31d41479-fb61-29de-db02-254504f39eb9" executionId="0a73d141-fe50-4c25-b50d-782a5f3950dc" testListId="8c84fa94-04c1-424b-9868-57a2d4851a1d" />
    <TestEntry testId="7521487b-b800-dc37-e964-083a965c87bf" executionId="63c2703a-e291-4061-9405-4c874897f1cf" testListId="8c84fa94-04c1-424b-9868-57a2d4851a1d" />
    <TestEntry testId="1f72ae76-a2d4-09ee-f4d8-0ec9ccf3a352" executionId="6ec041f6-fb13-4c5b-9279-182e4f47e3da" testListId="8c84fa94-04c1-424b-9868-57a2d4851a1d" />
    <TestEntry testId="290198e6-9e43-4652-4f5c-0f6d6f1957db" executionId="98961808-7fb1-40f5-a7ef-fbf20d792ead" testListId="8c84fa94-04c1-424b-9868-57a2d4851a1d" />
    <TestEntry testId="cee40b1c-44fd-06f2-8c32-6296e8ff547c" executionId="fb43cd69-0c66-4c57-9860-bdaf569b43b3" testListId="8c84fa94-04c1-424b-9868-57a2d4851a1d" />
    <TestEntry testId="9a2ba6b9-2b81-65ba-1e10-ab29f022efa1" executionId="56aeb64c-f108-4690-92b5-503c63d2e397" testListId="8c84fa94-04c1-424b-9868-57a2d4851a1d" />
    <TestEntry testId="45cf2d7a-2062-ef4f-44da-bfd3ef3112ba" executionId="3eefc7a2-c43f-4adb-96a6-bd662e07ef86" testListId="8c84fa94-04c1-424b-9868-57a2d4851a1d" />
    <TestEntry testId="a93dea9f-f99b-b0ff-bad2-0f984b2c1fde" executionId="c3551f5f-2466-4c0a-a0f1-0bc0d0fcb762" testListId="8c84fa94-04c1-424b-9868-57a2d4851a1d" />
    <TestEntry testId="19767e6e-03f1-41e4-1677-97c27b4f568c" executionId="958f26f8-73d8-4514-89a4-3f5733df4f95" testListId="8c84fa94-04c1-424b-9868-57a2d4851a1d" />
    <TestEntry testId="1f464ac7-138a-8fde-bfd4-f47c345bf2dd" executionId="f2236b64-a1be-40d4-8b2a-ac3547490503" testListId="8c84fa94-04c1-424b-9868-57a2d4851a1d" />
    <TestEntry testId="1d83290f-e3ba-c1a3-2d15-65b4e9354ab0" executionId="7f367564-cec2-42db-b6d6-c68baeb1e7c7" testListId="8c84fa94-04c1-424b-9868-57a2d4851a1d" />
    <TestEntry testId="d883e8ec-ed15-f934-3d1b-04767121e20e" executionId="331a7cb0-829a-4abc-ab0c-ebdef8120901" testListId="8c84fa94-04c1-424b-9868-57a2d4851a1d" />
    <TestEntry testId="435bff6e-aa18-203e-c687-662b93130e0e" executionId="23dc9a97-7024-454f-92d3-bc4377bc24f2" testListId="8c84fa94-04c1-424b-9868-57a2d4851a1d" />
    <TestEntry testId="93be8a15-d30b-59c3-9baa-ecde9bcf9e7d" executionId="02201e1f-c9cc-4c81-ae84-826dc1cb1d49" testListId="8c84fa94-04c1-424b-9868-57a2d4851a1d" />
    <TestEntry testId="2e97e08c-ca7b-d885-f415-1eab71811422" executionId="b9a17bc1-0eef-456a-998e-d1e6e9994bf5" testListId="8c84fa94-04c1-424b-9868-57a2d4851a1d" />
    <TestEntry testId="2f1abd26-fe2d-356b-6e24-a6759c1702e8" executionId="cce05283-e292-4a84-8bab-b740e61dc754" testListId="8c84fa94-04c1-424b-9868-57a2d4851a1d" />
    <TestEntry testId="36fe7898-eb5f-712d-8973-bbdeb7d95415" executionId="feee26f8-18b3-46da-a395-c02a8e19d9a1" testListId="8c84fa94-04c1-424b-9868-57a2d4851a1d" />
    <TestEntry testId="7ee6a8fd-0914-4717-6809-2f2aa589f3cc" executionId="1bdcdfc3-9cf4-46fe-848e-e72a9bcaa967" testListId="8c84fa94-04c1-424b-9868-57a2d4851a1d" />
    <TestEntry testId="f7b59fbe-5f8c-fa0d-bda8-8b01590f7019" executionId="7f054e14-b5b8-4d11-b640-7b830a2e14d8" testListId="8c84fa94-04c1-424b-9868-57a2d4851a1d" />
    <TestEntry testId="683ef6ce-3b7f-cb97-64d1-7227151e64b1" executionId="d282d1b1-dcb2-405e-9fa5-216195327a99" testListId="8c84fa94-04c1-424b-9868-57a2d4851a1d" />
    <TestEntry testId="8a4e895b-3fab-3c43-fe91-30e3dc726416" executionId="08876ba2-8795-40fe-89a5-3c91ecc53b13" testListId="8c84fa94-04c1-424b-9868-57a2d4851a1d" />
    <TestEntry testId="ac356aac-15fb-54ef-ad39-79e6f940bfad" executionId="9ef75e23-3ed0-404f-8888-42078c7031d0" testListId="8c84fa94-04c1-424b-9868-57a2d4851a1d" />
    <TestEntry testId="e56368fb-eec8-2178-32fc-f424cf4878e0" executionId="7db2b3f2-fbea-4935-acd1-9b8b5564e016" testListId="8c84fa94-04c1-424b-9868-57a2d4851a1d" />
    <TestEntry testId="d5be28e1-6c3d-d460-ac2c-bc69a9e330d2" executionId="a403e998-a618-4b12-8b8d-03e13a1c6d6c" testListId="8c84fa94-04c1-424b-9868-57a2d4851a1d" />
    <TestEntry testId="6cfd09a2-8ecf-3edd-9765-ba0cb070affa" executionId="9a7b3243-82f6-4c3b-bfbe-5a2f0adf33ea" testListId="8c84fa94-04c1-424b-9868-57a2d4851a1d" />
    <TestEntry testId="e7732954-0ebd-70e8-5548-a626a8593a17" executionId="16da9101-1721-4567-9d00-fd596c2fd163" testListId="8c84fa94-04c1-424b-9868-57a2d4851a1d" />
    <TestEntry testId="baa373a9-6d62-5c7c-faff-08d5369c08e0" executionId="5f119a1f-169e-401c-87b1-5112cdc84536" testListId="8c84fa94-04c1-424b-9868-57a2d4851a1d" />
    <TestEntry testId="84efefe4-2f76-ff05-86d1-84d6784b3574" executionId="ad336142-abec-4b32-ad5f-f93ba6821609" testListId="8c84fa94-04c1-424b-9868-57a2d4851a1d" />
    <TestEntry testId="82a2d9e3-3271-538d-6079-95f7f4aa07c1" executionId="c2055caa-35b9-426e-a142-5c4c51f54fe3" testListId="8c84fa94-04c1-424b-9868-57a2d4851a1d" />
    <TestEntry testId="bb2297a8-8bdb-2449-af8c-583927bbd3b1" executionId="bfdca2a7-0316-43a6-b6ec-8364d46454b8" testListId="8c84fa94-04c1-424b-9868-57a2d4851a1d" />
    <TestEntry testId="41ab5df0-246c-41ee-1afd-7874e186cabc" executionId="7b939150-c490-45f7-a2fd-33ce54ee30d5" testListId="8c84fa94-04c1-424b-9868-57a2d4851a1d" />
    <TestEntry testId="3c8c1315-9de6-614f-2337-929c996bc646" executionId="539a5ae7-4637-4dc2-a0be-f8cb58b8db12" testListId="8c84fa94-04c1-424b-9868-57a2d4851a1d" />
    <TestEntry testId="387688a2-0d07-a1d7-85d9-95e5f238d96c" executionId="224ffb97-c9a5-4ea1-98d2-a7dbd6795bc3" testListId="8c84fa94-04c1-424b-9868-57a2d4851a1d" />
    <TestEntry testId="1d9d4c3f-8766-cca4-ae47-524a321d0ee5" executionId="17a23751-a5d0-461f-8b4d-b96fb796b4fa" testListId="8c84fa94-04c1-424b-9868-57a2d4851a1d" />
    <TestEntry testId="2433a974-9b7f-7aba-f7bf-8418244f178d" executionId="88b8bfd0-e2dd-4cc1-a7b9-d2f7300c2077" testListId="8c84fa94-04c1-424b-9868-57a2d4851a1d" />
    <TestEntry testId="fa4019b5-9f9e-ede1-e627-09b8a6572dec" executionId="835e5408-a38f-4d5d-b894-1480dde7923e" testListId="8c84fa94-04c1-424b-9868-57a2d4851a1d" />
    <TestEntry testId="d2da5433-a822-a67e-5ede-9bc2986dc993" executionId="f2c95a06-d3ed-4bc3-a198-f1959b4bf918" testListId="8c84fa94-04c1-424b-9868-57a2d4851a1d" />
    <TestEntry testId="c5f9deb1-ff12-b2cb-3433-80ded536108c" executionId="5653e002-308d-4080-83d9-a2b69b667e64" testListId="8c84fa94-04c1-424b-9868-57a2d4851a1d" />
    <TestEntry testId="ce3cd530-f731-79f9-4b1e-7ff7bb1c3901" executionId="889b0656-3375-481c-b473-dce925322ed4" testListId="8c84fa94-04c1-424b-9868-57a2d4851a1d" />
    <TestEntry testId="aa220007-2bbf-bd15-3df9-80fcb2d4d50d" executionId="f24b1e85-7145-4ed6-b593-fa2911881f32" testListId="8c84fa94-04c1-424b-9868-57a2d4851a1d" />
    <TestEntry testId="944c038a-57a1-1f65-69fe-e78708ff0b36" executionId="8d9f18b8-aaba-454e-8e1a-c6c5241bfaf6" testListId="8c84fa94-04c1-424b-9868-57a2d4851a1d" />
    <TestEntry testId="4feb8d88-c51c-c8a7-4097-e675b461b0f8" executionId="cde6a5ac-69a2-413b-9c3b-4d161c0c0501" testListId="8c84fa94-04c1-424b-9868-57a2d4851a1d" />
    <TestEntry testId="b380cbbf-930f-c228-c7ee-eed99192c386" executionId="2e827447-2d3b-4e3e-ba4c-575ed7cef59e" testListId="8c84fa94-04c1-424b-9868-57a2d4851a1d" />
    <TestEntry testId="ff838e13-6bab-731d-a74c-6f0fc683652a" executionId="2be71d5c-8e5e-47cf-a67b-a399f0bfcd7c" testListId="8c84fa94-04c1-424b-9868-57a2d4851a1d" />
    <TestEntry testId="b4e125d7-2bd3-2983-df73-e28b2a661990" executionId="95c8cbfe-eed4-458c-886f-29e976ddceda" testListId="8c84fa94-04c1-424b-9868-57a2d4851a1d" />
    <TestEntry testId="1080b5ef-a946-c104-f8d8-18a170135d76" executionId="ed414d67-f86d-4dc7-ac08-9e81ae6803f0" testListId="8c84fa94-04c1-424b-9868-57a2d4851a1d" />
    <TestEntry testId="4381a2d3-3c5e-0121-bc24-ad5cb9d3dc12" executionId="90bf8400-f9b6-4298-beb2-62bffe706841" testListId="8c84fa94-04c1-424b-9868-57a2d4851a1d" />
    <TestEntry testId="a40b1912-becf-686c-2a4b-92647ed0b367" executionId="aaba91ac-eb73-41cd-a24e-deccdbb4ae86" testListId="8c84fa94-04c1-424b-9868-57a2d4851a1d" />
    <TestEntry testId="79bf820c-df88-ce37-9503-568241dfb172" executionId="c1f11711-0f95-4cca-81a2-b5e9a99cfae1" testListId="8c84fa94-04c1-424b-9868-57a2d4851a1d" />
    <TestEntry testId="22e18a3c-fbe2-f5a0-ac98-8ca4729414c8" executionId="6049934b-4c08-4e4a-b384-6c61e28d28ed" testListId="8c84fa94-04c1-424b-9868-57a2d4851a1d" />
    <TestEntry testId="342188ed-743e-2359-1157-dbb857f7fc35" executionId="8713d8a9-6fca-44e4-86d5-4d0b3392df71" testListId="8c84fa94-04c1-424b-9868-57a2d4851a1d" />
    <TestEntry testId="14ae642a-0b2f-a3b2-dc16-834e9a33ff82" executionId="6c958f2b-41d4-400c-8ddb-bd9ae7ac7f4c" testListId="8c84fa94-04c1-424b-9868-57a2d4851a1d" />
    <TestEntry testId="fddb90a4-c40a-f49b-7c8e-84a4e6d67595" executionId="d3f54a4b-1f61-4b59-ae54-0e78548f3682" testListId="8c84fa94-04c1-424b-9868-57a2d4851a1d" />
    <TestEntry testId="86ed0180-2a38-091a-3c64-f74dc552c0af" executionId="6edb4652-fc44-4188-bc65-ecf3583304fb" testListId="8c84fa94-04c1-424b-9868-57a2d4851a1d" />
    <TestEntry testId="71c62b77-613a-694d-4c4b-9ffdef1658cb" executionId="223dabeb-4eab-4ef8-be23-652d7bf02ff4" testListId="8c84fa94-04c1-424b-9868-57a2d4851a1d" />
    <TestEntry testId="b4169adf-59df-d06f-8762-a945493d0ad0" executionId="64e09b06-f5bd-4743-a8cf-d5d07ee6ab22" testListId="8c84fa94-04c1-424b-9868-57a2d4851a1d" />
    <TestEntry testId="9369cfde-baf2-3bd8-4bc1-22c69e21e126" executionId="f4b28c60-bc79-4cb2-b61c-7e66d6225bbf" testListId="8c84fa94-04c1-424b-9868-57a2d4851a1d" />
    <TestEntry testId="df564ab0-dfdc-d966-9933-aab49384cecf" executionId="427a3a87-756a-43f0-bae8-9955e825c859" testListId="8c84fa94-04c1-424b-9868-57a2d4851a1d" />
    <TestEntry testId="38d1f746-2b57-c1cd-17c2-0ac269ee0e54" executionId="7721f2b3-6ba0-4fa1-ae25-8b31741bec36" testListId="8c84fa94-04c1-424b-9868-57a2d4851a1d" />
    <TestEntry testId="08489a7b-a612-37ae-e377-5aee70230735" executionId="f7445a38-896c-4a25-bf8d-c606e5cb8c65" testListId="8c84fa94-04c1-424b-9868-57a2d4851a1d" />
    <TestEntry testId="720dced2-e8a9-630a-c740-35e6bc8220cd" executionId="16c479c8-e678-4c50-9b86-b0d8461c6e38" testListId="8c84fa94-04c1-424b-9868-57a2d4851a1d" />
    <TestEntry testId="a84d4932-de7d-529d-e19c-907684e520e8" executionId="70cef923-e3ab-4598-953e-3af5c08e9ef1" testListId="8c84fa94-04c1-424b-9868-57a2d4851a1d" />
    <TestEntry testId="a0220a6b-65c5-ac84-e13e-0ee3877b281a" executionId="65ef6b51-4d33-46a9-8270-c10ad1ce22cb" testListId="8c84fa94-04c1-424b-9868-57a2d4851a1d" />
    <TestEntry testId="1a5488cc-dc38-b193-c909-41a15addef87" executionId="f816a00c-7efc-4f87-800c-514233ac685a" testListId="8c84fa94-04c1-424b-9868-57a2d4851a1d" />
    <TestEntry testId="edb1f896-d8ff-0800-877d-639c9514c67a" executionId="41750889-0885-4019-818c-61e656384b60" testListId="8c84fa94-04c1-424b-9868-57a2d4851a1d" />
    <TestEntry testId="f57a2b07-8e8c-9d76-cc0f-8d89bdca0ca4" executionId="7f648d64-1955-4c63-84a9-4d53c2425b42" testListId="8c84fa94-04c1-424b-9868-57a2d4851a1d" />
    <TestEntry testId="4d984853-c57d-8dde-8aa5-0f1125f0ead4" executionId="c7d7da59-ddcb-47c8-a4ed-b3d6f2aae546" testListId="8c84fa94-04c1-424b-9868-57a2d4851a1d" />
    <TestEntry testId="c915de97-2303-a6b8-fd02-ef6b7a768381" executionId="86d545e5-e79f-4383-8594-8bc78ed0c0f4" testListId="8c84fa94-04c1-424b-9868-57a2d4851a1d" />
    <TestEntry testId="efee3d4a-040f-686a-9a0d-7f9cb65b493f" executionId="9ead901c-ef0a-4782-91da-f80f4a020888" testListId="8c84fa94-04c1-424b-9868-57a2d4851a1d" />
    <TestEntry testId="e359eaed-a427-5117-244f-d80dfabb0e0f" executionId="d77b248a-025e-457c-ac5f-6901994d84f9" testListId="8c84fa94-04c1-424b-9868-57a2d4851a1d" />
    <TestEntry testId="c2e1c206-872f-bca6-f3cb-5778c02ebb24" executionId="5b8278d0-e3dc-4e7c-8bce-b32a9b1f4818" testListId="8c84fa94-04c1-424b-9868-57a2d4851a1d" />
    <TestEntry testId="3aa9c7c4-1477-1ebf-7e13-c7cd4a09b351" executionId="6b7fc549-390d-40e0-a51b-738e55867ae4" testListId="8c84fa94-04c1-424b-9868-57a2d4851a1d" />
    <TestEntry testId="5236636f-f101-4387-1048-021f430cdc7d" executionId="4f8886ab-7a14-4da6-ac47-35717ae456bb" testListId="8c84fa94-04c1-424b-9868-57a2d4851a1d" />
    <TestEntry testId="d7245674-3551-a91c-e5c4-254b0bb05448" executionId="c3fef31c-53cb-4346-9507-a2660371491c" testListId="8c84fa94-04c1-424b-9868-57a2d4851a1d" />
    <TestEntry testId="44dbb50d-08f2-dffb-ccfd-36bc969d8e29" executionId="d9a01c70-5d0d-4ae6-bd5a-1207bc12479c" testListId="8c84fa94-04c1-424b-9868-57a2d4851a1d" />
    <TestEntry testId="7893a160-1d57-7188-9b94-ba36447ad242" executionId="ad368e36-8cb8-4309-b87a-3d73c67051cb" testListId="8c84fa94-04c1-424b-9868-57a2d4851a1d" />
    <TestEntry testId="47f73a93-11c7-cac7-c7bc-9b90da7449c9" executionId="f654a784-855b-429a-a363-cb6c718e5871" testListId="8c84fa94-04c1-424b-9868-57a2d4851a1d" />
    <TestEntry testId="954137eb-32e8-18a0-2eda-0a5c3d618562" executionId="615b9692-0618-4068-b4b3-4cfd216ea436" testListId="8c84fa94-04c1-424b-9868-57a2d4851a1d" />
    <TestEntry testId="b4b05ce7-4492-0a8c-3b8e-075a53088e13" executionId="ce27488c-e661-4768-b030-6249c2d2d417" testListId="8c84fa94-04c1-424b-9868-57a2d4851a1d" />
    <TestEntry testId="39d84630-3e13-bb2a-de9f-5cd03c05fc3b" executionId="080fd2dc-0ebe-428b-a138-42cd264f75f6" testListId="8c84fa94-04c1-424b-9868-57a2d4851a1d" />
    <TestEntry testId="dfbc86c6-6b0e-dcdb-7acf-622c3bf6a97a" executionId="4481860c-dd85-4dc4-88a6-ad93428f16ce" testListId="8c84fa94-04c1-424b-9868-57a2d4851a1d" />
    <TestEntry testId="1ae19ee1-9782-dc80-b0d1-ac9211391811" executionId="bd012a39-489f-46c2-92b8-203a1426a9d6" testListId="8c84fa94-04c1-424b-9868-57a2d4851a1d" />
    <TestEntry testId="1a3838aa-5811-5cf2-c4d4-5954ea5afd82" executionId="2c1ef452-96de-4f7c-bb91-b7aede97d150" testListId="8c84fa94-04c1-424b-9868-57a2d4851a1d" />
    <TestEntry testId="1b538ca9-c94c-0790-db61-f82e581895c1" executionId="01414481-9a7a-4474-a608-98d98c989243" testListId="8c84fa94-04c1-424b-9868-57a2d4851a1d" />
    <TestEntry testId="129fff76-ad58-2c3d-2b6e-d7a98a15da71" executionId="cb878ab7-d76e-4283-a66c-4c2b14c57005" testListId="8c84fa94-04c1-424b-9868-57a2d4851a1d" />
    <TestEntry testId="bbf0e7fd-9e9e-fd45-f5a1-b83e019cbf64" executionId="e0852d36-ab27-497e-8048-325301ecb199" testListId="8c84fa94-04c1-424b-9868-57a2d4851a1d" />
    <TestEntry testId="0b368f5b-1c89-ec64-1ec5-dee8061ba3b3" executionId="fffda3d8-7e40-4235-951b-532b3a61adb6" testListId="8c84fa94-04c1-424b-9868-57a2d4851a1d" />
    <TestEntry testId="ed3de6dd-8f36-30c1-6222-3d0da5b20a19" executionId="e2b8a9d8-bfab-4b89-af06-7b5cf01390d1" testListId="8c84fa94-04c1-424b-9868-57a2d4851a1d" />
    <TestEntry testId="30098cab-a01e-874e-bcf6-ecc840c812f2" executionId="571e6777-43d7-45c3-9397-d7b13903f72f" testListId="8c84fa94-04c1-424b-9868-57a2d4851a1d" />
    <TestEntry testId="c592003f-86a1-9459-54f2-eb8805c20ad1" executionId="32c1473e-1916-4dd1-adeb-bea744cc1479" testListId="8c84fa94-04c1-424b-9868-57a2d4851a1d" />
    <TestEntry testId="e0eaad24-e7e1-f8e8-5bb5-f3e620df494d" executionId="09da487a-a4c0-49c7-bb85-855bc8279c54" testListId="8c84fa94-04c1-424b-9868-57a2d4851a1d" />
    <TestEntry testId="add06bf3-fab0-7e2a-a2d1-570d03c1137c" executionId="a2464ed5-775b-48f7-9f52-030df8d3288d" testListId="8c84fa94-04c1-424b-9868-57a2d4851a1d" />
    <TestEntry testId="5a6868e3-15dc-eaff-d9f4-826de8d42491" executionId="46cf1896-71a2-4d6d-ab0a-d9ae13f326fc" testListId="8c84fa94-04c1-424b-9868-57a2d4851a1d" />
    <TestEntry testId="88c026e0-bd32-0fd5-126c-0a352afaee03" executionId="0329f0dc-1de9-4a55-8b16-82cc6d9ea497" testListId="8c84fa94-04c1-424b-9868-57a2d4851a1d" />
    <TestEntry testId="4fb4995f-1c2f-c537-7e80-5b61f9c16899" executionId="4ba81d1a-a620-4eed-80af-f7801f6f2af8" testListId="8c84fa94-04c1-424b-9868-57a2d4851a1d" />
    <TestEntry testId="5e16b1f2-ff89-9c37-5d87-e7aeeaf637e0" executionId="314c434e-58fb-4b33-a91c-7f4b1b45219c" testListId="8c84fa94-04c1-424b-9868-57a2d4851a1d" />
    <TestEntry testId="487c7291-c30a-e14f-23c4-0aa9f3ead4c2" executionId="312c823f-62d9-4226-b8fe-d935c006234b" testListId="8c84fa94-04c1-424b-9868-57a2d4851a1d" />
    <TestEntry testId="29199b1a-8dc7-6a91-9c06-a34a15275ea8" executionId="daaf6c0a-fc68-4504-bba4-b1a94813a005" testListId="8c84fa94-04c1-424b-9868-57a2d4851a1d" />
    <TestEntry testId="6f0c4fd5-1396-4a2d-d737-3b757b6cb543" executionId="51180cb7-7a9e-4868-a975-b67f6a4a1d4a" testListId="8c84fa94-04c1-424b-9868-57a2d4851a1d" />
    <TestEntry testId="589436c5-24f1-9b9b-f00c-1639c2701f78" executionId="22fa7444-4066-4a21-8f1e-7a183ec861a8" testListId="8c84fa94-04c1-424b-9868-57a2d4851a1d" />
    <TestEntry testId="5fb11a48-a905-3463-7164-ec948dab152a" executionId="575c2bc3-7f3a-4feb-9a25-857f84d03f6f" testListId="8c84fa94-04c1-424b-9868-57a2d4851a1d" />
    <TestEntry testId="25d0d593-c917-5b84-83b3-a4ee44dec843" executionId="6f9e6eb9-80a9-4a92-b4ea-fe28a76a4fe1" testListId="8c84fa94-04c1-424b-9868-57a2d4851a1d" />
    <TestEntry testId="134b6de9-b038-4f94-f3f5-719f775f15b7" executionId="8aeeb55f-4c80-4736-97d3-d4e4c8e5afc3" testListId="8c84fa94-04c1-424b-9868-57a2d4851a1d" />
    <TestEntry testId="dc1305d6-a7c3-72c4-dd11-a29a047e7029" executionId="8f68ee46-1822-45ea-8efb-b783eaea5b07" testListId="8c84fa94-04c1-424b-9868-57a2d4851a1d" />
    <TestEntry testId="401030be-29d7-eb86-f18e-56652d09e0bd" executionId="e7f32a02-4d18-4b7b-8a00-e7af620cf77e" testListId="8c84fa94-04c1-424b-9868-57a2d4851a1d" />
    <TestEntry testId="3f45bfd3-8a83-50a7-719e-3148e0885f1e" executionId="4b0cac46-e8cb-427f-b4a9-c274e7bd0967" testListId="8c84fa94-04c1-424b-9868-57a2d4851a1d" />
    <TestEntry testId="fd85e03e-0f3d-0871-554a-94dfeafc096e" executionId="4025c7f8-00f5-4142-8b72-d25ddbab7ac2" testListId="8c84fa94-04c1-424b-9868-57a2d4851a1d" />
    <TestEntry testId="66f621bf-d404-fc2d-2e5e-519eb3aca3c8" executionId="7411fe27-8f2a-4ae5-acd5-b69a8bed467b" testListId="8c84fa94-04c1-424b-9868-57a2d4851a1d" />
    <TestEntry testId="2b7d3970-312d-bf9b-fc45-5480e81b41d5" executionId="05dd52b5-6a63-49fc-ad76-ace1e062b9ff" testListId="8c84fa94-04c1-424b-9868-57a2d4851a1d" />
    <TestEntry testId="443b9dec-e28d-0ac7-a793-7092f4a9976c" executionId="9e636560-5e94-4c4e-843e-0628fe4ee33f" testListId="8c84fa94-04c1-424b-9868-57a2d4851a1d" />
    <TestEntry testId="343615c7-90df-949d-2ce9-b18728ead0ec" executionId="9b917b9f-bd71-4efe-8ca0-3b685b5f71ce" testListId="8c84fa94-04c1-424b-9868-57a2d4851a1d" />
    <TestEntry testId="d659df81-c32d-32dd-f460-15af9784ff57" executionId="6eb8b86d-7b94-40a8-85d0-a228aaf72528" testListId="8c84fa94-04c1-424b-9868-57a2d4851a1d" />
    <TestEntry testId="8b97d570-fb7f-b0b3-b222-24bcdf5045a8" executionId="bfe5379d-1d03-4a93-ad88-25105b702dde" testListId="8c84fa94-04c1-424b-9868-57a2d4851a1d" />
    <TestEntry testId="ab4137bd-77f5-7d0c-b890-770e92c5e540" executionId="bc9e46c8-2522-4789-96e3-19168da3c663" testListId="8c84fa94-04c1-424b-9868-57a2d4851a1d" />
    <TestEntry testId="55527208-ef48-54d9-41fd-271d38adaf49" executionId="436e9774-c270-44b9-be2b-e5ed762969aa" testListId="8c84fa94-04c1-424b-9868-57a2d4851a1d" />
    <TestEntry testId="a3a86eec-fc7e-0b7c-774b-2ea596e0516f" executionId="b69ac837-4502-4a73-85f8-ecd242ab1724" testListId="8c84fa94-04c1-424b-9868-57a2d4851a1d" />
    <TestEntry testId="9c8cb3bd-d0b7-5c65-7d6a-ee864f5ff141" executionId="c349b609-f484-42e9-87d5-aa2009326848" testListId="8c84fa94-04c1-424b-9868-57a2d4851a1d" />
    <TestEntry testId="66bb426a-3246-6a32-821e-6501f0f5b7a7" executionId="eddb53ad-1193-4ef5-be60-c0f2011b44e5" testListId="8c84fa94-04c1-424b-9868-57a2d4851a1d" />
    <TestEntry testId="aa9c40ce-f613-f729-f8f5-0d43cbdfea0e" executionId="165ed334-a436-4825-b2ca-faa9051ba58b" testListId="8c84fa94-04c1-424b-9868-57a2d4851a1d" />
    <TestEntry testId="de2b3727-42bd-f3c1-88ed-aedeb1f59a88" executionId="cabf6cf9-98c6-44ff-b142-be71ae3b7950" testListId="8c84fa94-04c1-424b-9868-57a2d4851a1d" />
    <TestEntry testId="56def5dd-e68b-62be-8395-de8cbb581964" executionId="11b7fa93-303b-4d9b-ba95-f615319b8bf8" testListId="8c84fa94-04c1-424b-9868-57a2d4851a1d" />
    <TestEntry testId="dff63977-0903-d16e-e458-b0b911e67d40" executionId="3c7db7c7-4285-4ebf-9f96-3f1e8913c0e0" testListId="8c84fa94-04c1-424b-9868-57a2d4851a1d" />
    <TestEntry testId="9b3f24a1-44c5-9716-97ad-15fff77c7013" executionId="5a3b6472-449d-4532-a95b-3f67078a5ee5" testListId="8c84fa94-04c1-424b-9868-57a2d4851a1d" />
    <TestEntry testId="1f6812f3-4be6-cb99-f24c-d7757f0c6bc6" executionId="aaf75a8c-d64a-4456-b976-d4c9e293d01a" testListId="8c84fa94-04c1-424b-9868-57a2d4851a1d" />
    <TestEntry testId="8bd6f728-bd8c-a59b-29b2-ad423ed63182" executionId="1826af68-22df-40bb-a0d3-35479322293f" testListId="8c84fa94-04c1-424b-9868-57a2d4851a1d" />
    <TestEntry testId="6afda4e9-9f8c-3237-b982-85b4612c3d18" executionId="dcc82f39-6f15-4473-88ba-9a879bfc67e1" testListId="8c84fa94-04c1-424b-9868-57a2d4851a1d" />
    <TestEntry testId="ed97397d-6e25-ff1f-91ac-7705c9785c03" executionId="40ef2fd8-e52a-4907-9b33-79736547468a" testListId="8c84fa94-04c1-424b-9868-57a2d4851a1d" />
    <TestEntry testId="26b1b776-9f67-2484-a7a6-868cf6e041be" executionId="09e49fac-6a6a-4070-a473-47451d06129f" testListId="8c84fa94-04c1-424b-9868-57a2d4851a1d" />
    <TestEntry testId="087b3dcc-2ad3-d33b-fb5a-cbb55331995d" executionId="3215ab59-e232-42f0-ae1e-119f0d4dd70a" testListId="8c84fa94-04c1-424b-9868-57a2d4851a1d" />
    <TestEntry testId="35a50abb-dc47-c595-8d19-14a2f7138023" executionId="979e2904-6ac1-4bf6-b37d-1f84deb32555" testListId="8c84fa94-04c1-424b-9868-57a2d4851a1d" />
    <TestEntry testId="ff700ff8-f06d-2396-a611-610895971f2c" executionId="ff7f10b3-1ce8-43f5-9ff7-ff8272c090b4" testListId="8c84fa94-04c1-424b-9868-57a2d4851a1d" />
    <TestEntry testId="feade2f2-c9fd-971a-67c4-c7ca175b076d" executionId="4e260f1e-3d12-483c-8576-c682221b9ad0" testListId="8c84fa94-04c1-424b-9868-57a2d4851a1d" />
    <TestEntry testId="503886e1-b7df-d930-e47b-1deea133524b" executionId="e183bb33-5442-4f7d-a989-8d31f8e6beb1" testListId="8c84fa94-04c1-424b-9868-57a2d4851a1d" />
    <TestEntry testId="348cb3a9-a2d2-4d6a-46ed-c7bfff61a1e9" executionId="1cd295ea-7da8-4f98-a834-5311a98187a8" testListId="8c84fa94-04c1-424b-9868-57a2d4851a1d" />
    <TestEntry testId="519e41a2-1113-39e3-d737-8f8a6f913746" executionId="a55bbe0c-d3ce-457b-a585-4139fccbd936" testListId="8c84fa94-04c1-424b-9868-57a2d4851a1d" />
    <TestEntry testId="a69049fb-ce00-7e8c-85a0-3f418c7255b4" executionId="4ab04e69-7163-4380-af8e-7aaf1617e689" testListId="8c84fa94-04c1-424b-9868-57a2d4851a1d" />
    <TestEntry testId="dbe387cb-3f81-262a-5b42-c9d56349db35" executionId="b901519b-887c-4feb-b67d-7aa8440dd445" testListId="8c84fa94-04c1-424b-9868-57a2d4851a1d" />
    <TestEntry testId="46a9610b-f156-f766-715e-a2a222591964" executionId="2bb8d6c6-eb85-4bfb-aad2-56ef9b22391f" testListId="8c84fa94-04c1-424b-9868-57a2d4851a1d" />
    <TestEntry testId="08e6f33d-3e40-08d5-9977-fd4c7de4b765" executionId="9de89342-fb36-4bdd-815a-88981853d657" testListId="8c84fa94-04c1-424b-9868-57a2d4851a1d" />
    <TestEntry testId="0a6d0473-2289-1d30-fa4b-94d229aa7a8b" executionId="08740c9f-0aae-4b17-af23-c8428b48cafb" testListId="8c84fa94-04c1-424b-9868-57a2d4851a1d" />
    <TestEntry testId="3ba2e8f2-1068-c6f9-ce46-a2273ba91610" executionId="eac86745-bac9-404e-bde6-8c9d4bba8591" testListId="8c84fa94-04c1-424b-9868-57a2d4851a1d" />
    <TestEntry testId="32abfdbf-368d-b1bb-16ce-a913ad32a93c" executionId="5101e96a-b4a9-4c0c-8a4a-6ecd2899b9c6" testListId="8c84fa94-04c1-424b-9868-57a2d4851a1d" />
    <TestEntry testId="370b9bf2-7ddb-6ea3-d185-d814bfc92e58" executionId="2fcb520b-44aa-4304-bca6-50751a56d247" testListId="8c84fa94-04c1-424b-9868-57a2d4851a1d" />
    <TestEntry testId="bc9f7a9f-c2f9-662c-88d8-25167e8477ca" executionId="fd6407ed-acc7-418d-bba0-43d2ffc5595d" testListId="8c84fa94-04c1-424b-9868-57a2d4851a1d" />
    <TestEntry testId="c2a136cd-996a-f572-a51d-a2af9eb8c9d9" executionId="c970f524-0fe9-4aff-9d2f-476b3c42f673" testListId="8c84fa94-04c1-424b-9868-57a2d4851a1d" />
    <TestEntry testId="c2de417d-b1d2-eef7-c7a6-ad1c229cf712" executionId="6f819117-1df6-4a70-815c-c6a10719719d" testListId="8c84fa94-04c1-424b-9868-57a2d4851a1d" />
    <TestEntry testId="1af5b482-b4b6-cb8b-315a-5b596ed32fdf" executionId="3d174ea5-1812-4965-8936-4dc5e37a2a4f" testListId="8c84fa94-04c1-424b-9868-57a2d4851a1d" />
    <TestEntry testId="afb9dd82-29f0-cf09-f921-bfceb82c5ba9" executionId="a008ebfa-ebe4-4ad6-94b0-9a889b4303eb" testListId="8c84fa94-04c1-424b-9868-57a2d4851a1d" />
    <TestEntry testId="f6e59f5b-ba50-e34c-4086-51e15af6c152" executionId="060e445d-8c79-430f-b7f6-58b4f85238f2" testListId="8c84fa94-04c1-424b-9868-57a2d4851a1d" />
    <TestEntry testId="56051ed0-205a-9d34-ae90-d28c4f629459" executionId="4035fb9b-d40a-4ac5-b6fd-10bebffa1ad3" testListId="8c84fa94-04c1-424b-9868-57a2d4851a1d" />
    <TestEntry testId="8a9e5061-fbd9-c439-e531-668e79a12e2a" executionId="9e049162-5755-4926-a428-cdf393612936" testListId="8c84fa94-04c1-424b-9868-57a2d4851a1d" />
    <TestEntry testId="4d95bc9a-0fda-0918-db17-181daa82a179" executionId="22a838b8-af05-4eef-89a3-022e0f2ab447" testListId="8c84fa94-04c1-424b-9868-57a2d4851a1d" />
    <TestEntry testId="afbe5b29-1e4e-8f87-1e8c-93886f901956" executionId="c2adfce6-b6b2-4311-ae12-82e20dcab2b1" testListId="8c84fa94-04c1-424b-9868-57a2d4851a1d" />
    <TestEntry testId="3ec56139-2f5b-f0af-bf69-a8e82986d9a3" executionId="902b2ee2-da6c-4a17-a9c2-b5ab2b2359b1" testListId="8c84fa94-04c1-424b-9868-57a2d4851a1d" />
    <TestEntry testId="8b97a2cc-f29f-d97e-8955-1e5e8dacbc24" executionId="15c603d6-bfd3-4afe-9e3a-27efaece9192" testListId="8c84fa94-04c1-424b-9868-57a2d4851a1d" />
    <TestEntry testId="5807c780-3308-306a-b3ff-0496876717a2" executionId="9013028f-14f2-47e7-9a83-5ba98fb1ee98" testListId="8c84fa94-04c1-424b-9868-57a2d4851a1d" />
    <TestEntry testId="35b95933-d90e-cd65-613c-bb2a742279ae" executionId="d5685198-32ae-457d-9772-0b26303525f0" testListId="8c84fa94-04c1-424b-9868-57a2d4851a1d" />
    <TestEntry testId="7270e4a6-d2eb-9ffe-5267-47ea67f29706" executionId="439803ec-d61b-4e1b-b7bb-8134b04cfd34" testListId="8c84fa94-04c1-424b-9868-57a2d4851a1d" />
    <TestEntry testId="f2c20958-f694-3d5b-0c20-5f911891a062" executionId="af0ec5f5-c407-45b5-9658-d4f6a05cde84" testListId="8c84fa94-04c1-424b-9868-57a2d4851a1d" />
    <TestEntry testId="283fd4b2-e50d-4660-e957-612a080e8dde" executionId="33dca1b9-c069-40e5-9652-c0c86577e7d0" testListId="8c84fa94-04c1-424b-9868-57a2d4851a1d" />
    <TestEntry testId="c0102209-d31c-5c79-287d-436f6eaba2e9" executionId="6f8c3acf-0077-497d-8c2b-78dd1f472d4d" testListId="8c84fa94-04c1-424b-9868-57a2d4851a1d" />
    <TestEntry testId="aafacad2-e4a0-019b-4e91-5e61b0b05500" executionId="03fb73c2-4db0-4627-9e22-5555856b95a4" testListId="8c84fa94-04c1-424b-9868-57a2d4851a1d" />
    <TestEntry testId="da18fb30-4655-393f-9988-394ec1e6c1bb" executionId="04048bf1-9cdf-42c4-a897-33e2cc82f8cb" testListId="8c84fa94-04c1-424b-9868-57a2d4851a1d" />
    <TestEntry testId="be55453b-a97c-0dcd-7e17-6e35421ce45e" executionId="49823ff1-249d-4da0-99a0-aebe79d57b16" testListId="8c84fa94-04c1-424b-9868-57a2d4851a1d" />
    <TestEntry testId="fe054a7c-0d44-5a6f-eb77-0e31b0cd3386" executionId="43b24ade-b60c-4065-bb04-376c51ed2398" testListId="8c84fa94-04c1-424b-9868-57a2d4851a1d" />
    <TestEntry testId="5e3832c7-abea-16d1-6aa8-af2a53c4b602" executionId="ce8f35a8-84d4-44cb-8b02-5c8963b14273" testListId="8c84fa94-04c1-424b-9868-57a2d4851a1d" />
    <TestEntry testId="27a9f2fd-209f-b60a-fd64-787694905fbb" executionId="4929b4a1-c293-4de4-a2ec-6395ade7e7f3" testListId="8c84fa94-04c1-424b-9868-57a2d4851a1d" />
    <TestEntry testId="79fb4624-f3db-c41b-1848-8c3122dc8342" executionId="cf449a8e-15be-468c-a080-c360469c2a49" testListId="8c84fa94-04c1-424b-9868-57a2d4851a1d" />
    <TestEntry testId="9b8986c2-1031-9198-5469-7e71a9906561" executionId="b878865a-1d0c-4198-8fe6-2fad38b04114" testListId="8c84fa94-04c1-424b-9868-57a2d4851a1d" />
    <TestEntry testId="21700473-52eb-1d18-2c33-06ebe5005119" executionId="6bfe84fb-aeac-4bfc-8abb-26cf75a9724c" testListId="8c84fa94-04c1-424b-9868-57a2d4851a1d" />
    <TestEntry testId="9386d01f-8187-3c06-c9bc-5b2f08b810ad" executionId="648d613d-8b82-46ad-9abc-b9d28010b810" testListId="8c84fa94-04c1-424b-9868-57a2d4851a1d" />
    <TestEntry testId="25485208-776a-1dd8-a7a5-59f6826241a1" executionId="2a573ffe-db09-441b-9100-5356b2477fd0" testListId="8c84fa94-04c1-424b-9868-57a2d4851a1d" />
    <TestEntry testId="bd94d8bc-ab63-7767-a91c-935732aae600" executionId="c2dbc0d5-f535-44db-a7e1-452acfb5d0c6" testListId="8c84fa94-04c1-424b-9868-57a2d4851a1d" />
    <TestEntry testId="a6aacb08-b512-a0f5-8fbe-c7d635843ad5" executionId="3ca01d83-3076-4fd0-82df-3374d6536e3a" testListId="8c84fa94-04c1-424b-9868-57a2d4851a1d" />
    <TestEntry testId="c8b65bc1-31fc-e839-1b8f-c9084a99b790" executionId="0f3c3cc6-d07b-4e53-b767-81c222241166" testListId="8c84fa94-04c1-424b-9868-57a2d4851a1d" />
    <TestEntry testId="71618826-bd51-2181-7645-287a6122f475" executionId="e81433c1-884a-4fdf-9533-57c3a2361aaf" testListId="8c84fa94-04c1-424b-9868-57a2d4851a1d" />
    <TestEntry testId="6c9d2a58-7908-5e4c-5a13-c7af8613eb4d" executionId="d931e45f-8c89-45b2-92ad-76a8087d7ccc" testListId="8c84fa94-04c1-424b-9868-57a2d4851a1d" />
    <TestEntry testId="4ddc8e24-b9ee-cffa-b889-52ce91adfc5f" executionId="42c1ff8b-eff4-43f5-8ec4-dbd8b2b4806f" testListId="8c84fa94-04c1-424b-9868-57a2d4851a1d" />
    <TestEntry testId="c8d52768-d5b1-c179-771a-3245a9b88ae9" executionId="0954a17e-3d36-4f6b-81e9-b3fdc407c302" testListId="8c84fa94-04c1-424b-9868-57a2d4851a1d" />
    <TestEntry testId="1e7ea809-ba13-69e3-4461-e9c6f06053fe" executionId="a6dae9b7-97ae-43e9-b5d5-faf423a58113" testListId="8c84fa94-04c1-424b-9868-57a2d4851a1d" />
    <TestEntry testId="66af18d1-3c4a-bdc0-363d-39fdb1c16fb5" executionId="36895da6-e4b1-4b5b-9393-504aa540323d" testListId="8c84fa94-04c1-424b-9868-57a2d4851a1d" />
    <TestEntry testId="b984f92d-a706-0efa-7529-e27732f102f9" executionId="95e1d4d0-c68b-4c62-972f-617417ae232f" testListId="8c84fa94-04c1-424b-9868-57a2d4851a1d" />
    <TestEntry testId="696179b0-5c72-c617-1221-943954880eda" executionId="c225a20b-3e37-451f-9931-38afac1eae99" testListId="8c84fa94-04c1-424b-9868-57a2d4851a1d" />
    <TestEntry testId="63e562ae-5691-7735-0766-c0813c6dda7c" executionId="e294465b-25cc-48d0-a5fe-ac4e1f5c7e58" testListId="8c84fa94-04c1-424b-9868-57a2d4851a1d" />
    <TestEntry testId="7bef3f2e-3174-f256-d81f-c6c6f2c6d912" executionId="e40b84b4-604f-4bd0-957a-b7d3001045d9" testListId="8c84fa94-04c1-424b-9868-57a2d4851a1d" />
    <TestEntry testId="14088cd5-d1ab-99c6-742a-023862db880f" executionId="028045a2-3722-4317-b39c-6a07054686b2" testListId="8c84fa94-04c1-424b-9868-57a2d4851a1d" />
    <TestEntry testId="8fc1b219-abfe-5492-9bb2-5cbc109a469b" executionId="2485722d-117e-4e99-afc2-7387364b06db" testListId="8c84fa94-04c1-424b-9868-57a2d4851a1d" />
    <TestEntry testId="1f116986-35db-8dcf-83c8-e827ad240cba" executionId="a614893b-36b3-4bdc-bc60-d061f18c206c" testListId="8c84fa94-04c1-424b-9868-57a2d4851a1d" />
    <TestEntry testId="068bb2c8-661a-10ed-a30c-7de3cde0c6e9" executionId="4e6600de-9bb9-40be-9cb6-37cb7c5a6c0b" testListId="8c84fa94-04c1-424b-9868-57a2d4851a1d" />
    <TestEntry testId="ced8d624-bb3c-78ce-0fe9-b24f4b5b4949" executionId="c03fe0e6-370d-4648-8cfd-6a3c1cd0c65b" testListId="8c84fa94-04c1-424b-9868-57a2d4851a1d" />
    <TestEntry testId="d0bbac93-d8fc-1d21-a05e-de8fbe64b574" executionId="73f37489-a064-4595-8b02-9ad59e5e0a6b" testListId="8c84fa94-04c1-424b-9868-57a2d4851a1d" />
    <TestEntry testId="577a9233-f48b-3c20-0c8c-6cd838d96866" executionId="956546a9-cb4f-4b6d-a17d-1108600d702f" testListId="8c84fa94-04c1-424b-9868-57a2d4851a1d" />
    <TestEntry testId="b05dd664-b57f-ba95-fe26-dd98a5759af1" executionId="5570d837-64ad-4d15-bbe7-3183faf8db7c" testListId="8c84fa94-04c1-424b-9868-57a2d4851a1d" />
    <TestEntry testId="aa97711c-3d27-f367-5a9f-a5e192533ef5" executionId="95ab5974-98d4-4840-a2ae-db8e5fb51f30" testListId="8c84fa94-04c1-424b-9868-57a2d4851a1d" />
    <TestEntry testId="8f187ae8-0766-75f6-92c8-4065ce3ca9e1" executionId="5cf3e13a-00a0-42c1-b708-aed10ae7fb27" testListId="8c84fa94-04c1-424b-9868-57a2d4851a1d" />
    <TestEntry testId="e5d616b2-da53-1e36-b5ae-fd674ea57f93" executionId="05729ed1-93d0-4d57-938f-40b511b58cb3" testListId="8c84fa94-04c1-424b-9868-57a2d4851a1d" />
    <TestEntry testId="1e298c42-1eed-7a06-369c-d97e05665709" executionId="28524d36-bca7-4c26-a164-c0ceca41c0ed" testListId="8c84fa94-04c1-424b-9868-57a2d4851a1d" />
    <TestEntry testId="aed15bdf-4c09-1b3e-0502-2a279f11b4b8" executionId="cad1b7d1-aef2-457d-863c-e9da18a2b62e" testListId="8c84fa94-04c1-424b-9868-57a2d4851a1d" />
    <TestEntry testId="3f918602-dadf-d659-fcd4-b69281a1b26c" executionId="94f3f378-8191-4ad7-9e55-ff2a1e745f48" testListId="8c84fa94-04c1-424b-9868-57a2d4851a1d" />
    <TestEntry testId="0d3e7f6e-b2f6-5bed-ef32-22d6c29e0bdd" executionId="2c61bdef-96c5-4e3a-ad40-b9cfa7ef116d" testListId="8c84fa94-04c1-424b-9868-57a2d4851a1d" />
    <TestEntry testId="466163d3-29ae-7c38-7842-5f2cc2050a74" executionId="09708d62-3438-459c-9bd6-8fc2e37af6f2" testListId="8c84fa94-04c1-424b-9868-57a2d4851a1d" />
    <TestEntry testId="3f15cb76-28ca-0676-96b0-c46697fd69a3" executionId="0e7e7322-ad8b-421f-baed-3e1557280cb3" testListId="8c84fa94-04c1-424b-9868-57a2d4851a1d" />
    <TestEntry testId="05ad9f73-0dc9-9009-a233-ac97a06cdea9" executionId="25c8d994-0ea8-4200-b71e-8b92de3dff79" testListId="8c84fa94-04c1-424b-9868-57a2d4851a1d" />
    <TestEntry testId="b27ba75a-d70a-287a-5d9e-b65a42439631" executionId="0e42ef03-d60c-49a5-81c1-b4df3b697d49" testListId="8c84fa94-04c1-424b-9868-57a2d4851a1d" />
    <TestEntry testId="3350e284-d316-8104-3d1d-7739d3682cf8" executionId="c601002a-9fee-4f7b-9b55-0bf5b7490fea" testListId="8c84fa94-04c1-424b-9868-57a2d4851a1d" />
    <TestEntry testId="b4febf0c-e78e-506a-21fa-fc3ca5cd1abc" executionId="bddd8efe-f148-41ae-9ade-39ed280495f5" testListId="8c84fa94-04c1-424b-9868-57a2d4851a1d" />
    <TestEntry testId="790ef27a-76ad-2546-a1a6-a0647af5948c" executionId="62495353-2224-42cc-8fa8-68ce07b4319c" testListId="8c84fa94-04c1-424b-9868-57a2d4851a1d" />
    <TestEntry testId="828e3157-ac03-8229-b330-f6c4dee8fcde" executionId="bcd86001-2058-4629-804d-d50a47d5cf44" testListId="8c84fa94-04c1-424b-9868-57a2d4851a1d" />
    <TestEntry testId="dd495a7f-5dd2-ba1f-ce8f-cc15c274d433" executionId="5fbcbba3-85a0-40bd-bad1-a934966b4e7d" testListId="8c84fa94-04c1-424b-9868-57a2d4851a1d" />
    <TestEntry testId="3b0ed5c5-28f4-8748-a0ec-63e3ab74f342" executionId="795556cc-ce98-448b-b77f-58f93f26f6a5" testListId="8c84fa94-04c1-424b-9868-57a2d4851a1d" />
    <TestEntry testId="921bbe3f-9b12-880e-5c26-3e0ea6096e5b" executionId="9dacdc3f-c76a-487e-8a36-6be30ae93dbc" testListId="8c84fa94-04c1-424b-9868-57a2d4851a1d" />
    <TestEntry testId="a2b7e2de-0db6-3731-43cf-cc62cedd9a68" executionId="e939c3eb-02c8-4667-bd34-c99f9fbe2a1d" testListId="8c84fa94-04c1-424b-9868-57a2d4851a1d" />
    <TestEntry testId="28029fc9-a988-acd3-7aef-3072786cc6bb" executionId="deb397bd-8023-4563-b5d1-b07d2b8ee2e5" testListId="8c84fa94-04c1-424b-9868-57a2d4851a1d" />
    <TestEntry testId="27012b81-c5b2-e383-7be7-461e876f34c1" executionId="04f8934b-034b-453d-a39a-c2f86ebf3116" testListId="8c84fa94-04c1-424b-9868-57a2d4851a1d" />
    <TestEntry testId="cfc46475-9003-7061-8414-2cf74b691cc4" executionId="236c65bc-dd27-4865-b1c6-08b0c0b2b7bd" testListId="8c84fa94-04c1-424b-9868-57a2d4851a1d" />
    <TestEntry testId="c9625d65-b8bc-1d40-44b2-ce27ca68ed64" executionId="cc24581c-83bd-48c1-b801-33b8823d10f4" testListId="8c84fa94-04c1-424b-9868-57a2d4851a1d" />
    <TestEntry testId="5f178983-1688-fde2-250e-ccd47c9963d9" executionId="b5af2f0d-d20e-4bf5-946b-97e0cf0f9ba3" testListId="8c84fa94-04c1-424b-9868-57a2d4851a1d" />
    <TestEntry testId="f6db2584-e92d-8b79-e003-09d814f47319" executionId="d3bbffaa-8a72-467d-b374-e45c566dbb8a" testListId="8c84fa94-04c1-424b-9868-57a2d4851a1d" />
    <TestEntry testId="66477fd6-1f77-8ac4-c4c3-12944fda49e9" executionId="f6574d2b-64b4-4c1a-ac5b-c0a621912ba1" testListId="8c84fa94-04c1-424b-9868-57a2d4851a1d" />
    <TestEntry testId="a31c3542-4e38-bd00-15b1-6d91136089ff" executionId="97883b71-688e-44ac-af99-4387d24a9503" testListId="8c84fa94-04c1-424b-9868-57a2d4851a1d" />
    <TestEntry testId="25c9d848-d632-706e-91c2-392c75fc1d51" executionId="8ab08616-5e14-47e8-8daa-44476ddc9c8e" testListId="8c84fa94-04c1-424b-9868-57a2d4851a1d" />
    <TestEntry testId="367ea24e-9898-e7a3-b9c2-183a7ee625e8" executionId="0813894e-0c76-4a72-b855-ba4afdcb7605" testListId="8c84fa94-04c1-424b-9868-57a2d4851a1d" />
    <TestEntry testId="6858e7db-ba67-0f38-ef05-6651a9a30c51" executionId="1da87823-0562-4b34-9d57-80026a443000" testListId="8c84fa94-04c1-424b-9868-57a2d4851a1d" />
    <TestEntry testId="bb2beaed-b9d7-d298-993e-2c026228f646" executionId="6ae113cd-cd99-4665-87e0-e44244a761ed" testListId="8c84fa94-04c1-424b-9868-57a2d4851a1d" />
    <TestEntry testId="1fdee127-23bb-ff0c-9276-8ac196e40077" executionId="09bd5324-a358-441a-983d-c2fe9bddc4e8" testListId="8c84fa94-04c1-424b-9868-57a2d4851a1d" />
    <TestEntry testId="b6efbc8e-fe25-47e5-17b6-661d6ca8384c" executionId="fb3f7a5e-8743-4fc8-9d1b-6d74e3549a24" testListId="8c84fa94-04c1-424b-9868-57a2d4851a1d" />
    <TestEntry testId="efa72cc0-4833-b054-d7dc-249cb49adeeb" executionId="a4044209-7844-4751-acab-58f10c311a50" testListId="8c84fa94-04c1-424b-9868-57a2d4851a1d" />
    <TestEntry testId="180b8821-00b6-0e9c-f8f5-5d38364d16fe" executionId="9848cef4-0822-4273-b0a9-889e544655e3" testListId="8c84fa94-04c1-424b-9868-57a2d4851a1d" />
    <TestEntry testId="cf938af7-63b1-2aab-b53a-ce80e7ece30e" executionId="426fc01c-c476-4888-b0ec-99d7167e2457" testListId="8c84fa94-04c1-424b-9868-57a2d4851a1d" />
    <TestEntry testId="aec11fee-b228-804c-d242-d960744ceb55" executionId="a38a9092-bc41-49c1-8181-b62a6cf692b4" testListId="8c84fa94-04c1-424b-9868-57a2d4851a1d" />
    <TestEntry testId="df959513-e347-64a3-0552-b0f6f26e74b5" executionId="f7a7724e-ad29-4953-866b-bf7f596a1236" testListId="8c84fa94-04c1-424b-9868-57a2d4851a1d" />
    <TestEntry testId="d59c2448-b80d-cac2-ba49-ef92d150d972" executionId="2e7f92e3-c5ea-47cf-a1c8-feb5a0ef0994" testListId="8c84fa94-04c1-424b-9868-57a2d4851a1d" />
    <TestEntry testId="40a03c98-b1a5-cb45-5715-a2bb2b1368ea" executionId="df2640fe-d290-4d69-b264-49d2d46eb1dd" testListId="8c84fa94-04c1-424b-9868-57a2d4851a1d" />
    <TestEntry testId="e9bd4bf2-b5da-2df3-10bc-38140977569d" executionId="c2514b9e-bbf6-4448-a324-543b38eefc5b" testListId="8c84fa94-04c1-424b-9868-57a2d4851a1d" />
    <TestEntry testId="63c8c556-dbc7-a549-55de-ddcdddf19634" executionId="8cce51b4-1b0a-4810-9290-07b28e431f05" testListId="8c84fa94-04c1-424b-9868-57a2d4851a1d" />
    <TestEntry testId="536f21ea-d825-9860-2d73-c30093160a11" executionId="adc9263d-8839-4191-a4f7-da7dc4540c94" testListId="8c84fa94-04c1-424b-9868-57a2d4851a1d" />
    <TestEntry testId="2452d0bf-6258-cf6b-3a40-dc31336f0d2b" executionId="11163fdf-8c35-444f-9421-f0233a7a7715" testListId="8c84fa94-04c1-424b-9868-57a2d4851a1d" />
    <TestEntry testId="b277a2ac-923b-e5c0-c105-5378a94b63a7" executionId="4f33ec2d-4134-4abd-bfc5-a099195d31c0" testListId="8c84fa94-04c1-424b-9868-57a2d4851a1d" />
    <TestEntry testId="954c9117-406b-1754-d99a-c6a327b0d5d4" executionId="3ead6f58-b5d2-46e8-a719-bdf6c337de98" testListId="8c84fa94-04c1-424b-9868-57a2d4851a1d" />
    <TestEntry testId="e182530e-f038-5140-1406-9bac6a04acfb" executionId="27c8e90c-1965-469b-8451-8203136e6fe1" testListId="8c84fa94-04c1-424b-9868-57a2d4851a1d" />
    <TestEntry testId="8bb53982-36a5-ccf6-0797-21c9eaef87ab" executionId="10d4af09-b812-4656-969c-ffe03b357140" testListId="8c84fa94-04c1-424b-9868-57a2d4851a1d" />
    <TestEntry testId="49cad1f6-eba2-350a-45e7-7a41f9bcfb57" executionId="b620f9f0-36b0-4ccc-a425-2ac329bf36d5" testListId="8c84fa94-04c1-424b-9868-57a2d4851a1d" />
    <TestEntry testId="73bf3234-dc5d-03b2-17ea-41170a93ce33" executionId="c29d3c82-0c77-4f12-9c0a-ec95a85ba887" testListId="8c84fa94-04c1-424b-9868-57a2d4851a1d" />
    <TestEntry testId="24926e17-a02a-4047-b4e3-04a156766c48" executionId="b73d8c74-3d11-444a-9fe7-68f9d6efd1cb" testListId="8c84fa94-04c1-424b-9868-57a2d4851a1d" />
    <TestEntry testId="2330d4e4-e7e1-b869-3796-3179869f0ea3" executionId="c496b7ba-4742-4003-8fd0-0efb0274b048" testListId="8c84fa94-04c1-424b-9868-57a2d4851a1d" />
    <TestEntry testId="d0f4ce70-1398-984e-fbab-b31f8b0772af" executionId="04fa6af5-e810-4beb-908a-533846a72a2f" testListId="8c84fa94-04c1-424b-9868-57a2d4851a1d" />
    <TestEntry testId="406ea4ef-9543-88d7-8b75-4f1c74009154" executionId="d69dcb6a-dc80-47c6-810c-f721b2ba4595" testListId="8c84fa94-04c1-424b-9868-57a2d4851a1d" />
    <TestEntry testId="3961b1e6-9a4e-7bf7-e608-3495a77691a3" executionId="332ea5ed-548d-4c47-9f4e-eb99af300e5f" testListId="8c84fa94-04c1-424b-9868-57a2d4851a1d" />
    <TestEntry testId="54bd00e6-9405-3d53-2a2a-6095d7c4f033" executionId="6e433438-2f6d-481f-9ab5-e07de1211542" testListId="8c84fa94-04c1-424b-9868-57a2d4851a1d" />
    <TestEntry testId="d2e0f34d-8861-b808-10a0-dd1e3ad0a537" executionId="4cb851c2-8a90-4b19-a76b-a25e3fdce4c8" testListId="8c84fa94-04c1-424b-9868-57a2d4851a1d" />
    <TestEntry testId="59e40f78-ac27-6d17-266f-c4fd2832271d" executionId="4e7f8a53-1389-4fed-a895-dab7c6e41368" testListId="8c84fa94-04c1-424b-9868-57a2d4851a1d" />
    <TestEntry testId="bb95d783-f940-56c6-a483-cd099fc0b5c1" executionId="58897d84-a580-4fe2-86bc-e7be56c561eb" testListId="8c84fa94-04c1-424b-9868-57a2d4851a1d" />
    <TestEntry testId="0416b849-8ddf-281b-bdfe-c4257a9da123" executionId="d4e54356-9938-464d-82d3-f887748d897d" testListId="8c84fa94-04c1-424b-9868-57a2d4851a1d" />
    <TestEntry testId="6a92e63a-f1a3-aa78-4994-eb75fdd05cc5" executionId="3d74f338-0ef8-483c-bea9-f835491f8de8" testListId="8c84fa94-04c1-424b-9868-57a2d4851a1d" />
    <TestEntry testId="4ffad336-8474-5bea-4ff6-f37a84491ec4" executionId="2f51877e-baa9-4ea6-8128-2019470cd7ec" testListId="8c84fa94-04c1-424b-9868-57a2d4851a1d" />
    <TestEntry testId="05e3ebf0-ca7b-6d21-9008-cd93cd416b08" executionId="809717c0-6d60-46d0-a481-cc4c66c95e11" testListId="8c84fa94-04c1-424b-9868-57a2d4851a1d" />
    <TestEntry testId="c0093cb3-d174-c24c-af87-4058fe1e0e56" executionId="184eb47e-6cd2-4a0a-b7ad-698887e1947e" testListId="8c84fa94-04c1-424b-9868-57a2d4851a1d" />
    <TestEntry testId="e6168b43-db59-15ee-2867-16fe75fd5593" executionId="15df6d95-6c57-4ebe-ac31-d3d1f6990a79" testListId="8c84fa94-04c1-424b-9868-57a2d4851a1d" />
    <TestEntry testId="7846512e-b2de-90fb-3989-273d6ef474d7" executionId="c56fc65c-a068-484e-af52-e35d62c4a6ad" testListId="8c84fa94-04c1-424b-9868-57a2d4851a1d" />
    <TestEntry testId="89f9766a-a3f5-35f9-8ac2-917ccd2f55e2" executionId="faef7cda-daad-4b9c-93d6-353e334e18f0" testListId="8c84fa94-04c1-424b-9868-57a2d4851a1d" />
    <TestEntry testId="54c9babb-7344-6611-91d4-2e6ce9100844" executionId="a810e764-5f64-4616-a550-3e0a3c6e4b3c" testListId="8c84fa94-04c1-424b-9868-57a2d4851a1d" />
    <TestEntry testId="8aad7972-6339-8666-6698-b41f02042ac3" executionId="9639bac7-b690-446b-8b7b-295d7bd641e5" testListId="8c84fa94-04c1-424b-9868-57a2d4851a1d" />
    <TestEntry testId="c552fac3-4ea7-3779-fb95-3ba1158677c6" executionId="93501dac-9c4f-433e-a48c-49a550273f28" testListId="8c84fa94-04c1-424b-9868-57a2d4851a1d" />
    <TestEntry testId="1ae2f0d9-b8fd-b6f0-51fe-1bc460adf506" executionId="557f0367-2c13-4e20-8434-3a1f91e1ed66" testListId="8c84fa94-04c1-424b-9868-57a2d4851a1d" />
    <TestEntry testId="df399b3b-65bd-eec7-8808-ddd74650eace" executionId="8e99cc2d-1458-487e-b4da-3fbec4115b4b" testListId="8c84fa94-04c1-424b-9868-57a2d4851a1d" />
    <TestEntry testId="d4296253-5030-756d-1bbe-e24219eba037" executionId="d4b91a91-4735-450c-802a-52dd03d6e041" testListId="8c84fa94-04c1-424b-9868-57a2d4851a1d" />
    <TestEntry testId="9fccf9d0-1398-60df-8898-e3a9adf19d4b" executionId="3f77cafd-3e33-4e12-9dc7-9f9e804d8527" testListId="8c84fa94-04c1-424b-9868-57a2d4851a1d" />
    <TestEntry testId="0439a172-009c-f501-9d08-38e22fac348b" executionId="21445df6-190d-4013-b160-620290534686" testListId="8c84fa94-04c1-424b-9868-57a2d4851a1d" />
    <TestEntry testId="5e52fd3b-a97f-b641-940c-114fded929a9" executionId="7457ff8b-ea43-45bd-94e7-dc7593c83015" testListId="8c84fa94-04c1-424b-9868-57a2d4851a1d" />
    <TestEntry testId="fd002043-94ea-412f-04ec-e9432b63a536" executionId="98c89b2c-eeb0-45bf-a4d4-c3496384d04a" testListId="8c84fa94-04c1-424b-9868-57a2d4851a1d" />
    <TestEntry testId="b5d362df-a389-42fa-9e5b-f44d2b7d39a0" executionId="5ad41b54-a638-4914-a63a-06c7e5ffa601" testListId="8c84fa94-04c1-424b-9868-57a2d4851a1d" />
    <TestEntry testId="4d0e6ccb-b8ae-ea93-2cb9-dd7bb56ee216" executionId="5666a18c-88ee-4de5-b522-37e52e88547e" testListId="8c84fa94-04c1-424b-9868-57a2d4851a1d" />
    <TestEntry testId="d476b362-e580-bb82-4252-c400e3ae9d2d" executionId="9d4b9b56-a3d5-4689-9096-9a121ef877fd" testListId="8c84fa94-04c1-424b-9868-57a2d4851a1d" />
    <TestEntry testId="f367e524-c1bc-ef8d-3a94-8969f7cfeb92" executionId="a5378bba-d46f-46b6-8611-d92fe1c335ab" testListId="8c84fa94-04c1-424b-9868-57a2d4851a1d" />
    <TestEntry testId="6cd5c2e3-097a-d9af-6be7-8207142d750b" executionId="e498149f-0f66-4f62-b81b-01972968cd5b" testListId="8c84fa94-04c1-424b-9868-57a2d4851a1d" />
    <TestEntry testId="116fd96b-dde0-1b91-6cf9-e6ca8d269e2b" executionId="1bbec27c-9810-467e-86be-e5baf981f91e" testListId="8c84fa94-04c1-424b-9868-57a2d4851a1d" />
    <TestEntry testId="bc17b61c-cd60-94e8-8c15-436ea8d13b69" executionId="435c7bc8-cd58-433d-8a64-7d43c4e771d2" testListId="8c84fa94-04c1-424b-9868-57a2d4851a1d" />
    <TestEntry testId="f43ec50a-fe4e-bc05-8238-dad9d20ec786" executionId="acbb0f20-1899-42de-858a-a58290676221" testListId="8c84fa94-04c1-424b-9868-57a2d4851a1d" />
    <TestEntry testId="ea331341-2f4e-7558-3dc3-a10798b3016a" executionId="901ed85d-f94e-4f50-8881-18056b5bea02" testListId="8c84fa94-04c1-424b-9868-57a2d4851a1d" />
    <TestEntry testId="ea5f9d0a-a52f-9a24-e46b-3856d2f10f55" executionId="2d637e11-c076-4c97-9dca-016d2224db7e" testListId="8c84fa94-04c1-424b-9868-57a2d4851a1d" />
    <TestEntry testId="df6d7b1c-43d9-e887-7f51-aeb45e0f272c" executionId="1005dab5-4f8b-4f6a-bd6c-070dff600a91" testListId="8c84fa94-04c1-424b-9868-57a2d4851a1d" />
    <TestEntry testId="1f5e1d3e-236e-bc5a-967a-dd18746e51f8" executionId="a6fb6f24-1bca-448d-a5ac-c35fcd9be9b7" testListId="8c84fa94-04c1-424b-9868-57a2d4851a1d" />
    <TestEntry testId="7e825cf4-9719-bedc-fb4d-0b42e7afd1d3" executionId="4cd99167-f4e4-4d1e-810c-59793ed497aa" testListId="8c84fa94-04c1-424b-9868-57a2d4851a1d" />
    <TestEntry testId="e60a23b1-5d6b-f911-7213-6c4009dad4ad" executionId="55e0960c-4f59-4c27-85dc-6a94c564c216" testListId="8c84fa94-04c1-424b-9868-57a2d4851a1d" />
    <TestEntry testId="df428e74-abbd-9d65-2a41-bac9bd58b6db" executionId="4c6fe3a5-a041-4faa-87c4-463b6bc51ea0" testListId="8c84fa94-04c1-424b-9868-57a2d4851a1d" />
    <TestEntry testId="f0788877-1309-4377-71d6-529ae40b5764" executionId="f91da2bd-ed31-4ab1-9e46-5c0a6d643355" testListId="8c84fa94-04c1-424b-9868-57a2d4851a1d" />
    <TestEntry testId="07a602aa-40be-99a8-aab7-0223ae7770b6" executionId="de7ffad6-7f8e-4d06-b640-162ade63f079" testListId="8c84fa94-04c1-424b-9868-57a2d4851a1d" />
    <TestEntry testId="9a5079f6-67ed-9d1f-498a-1ac5c779f5de" executionId="158caa2b-8281-44d9-a282-d354fdcaf6aa" testListId="8c84fa94-04c1-424b-9868-57a2d4851a1d" />
    <TestEntry testId="12b2272e-7e3e-149e-15be-364df403867d" executionId="628602e2-d7cb-4916-ae6e-b480034626ea" testListId="8c84fa94-04c1-424b-9868-57a2d4851a1d" />
    <TestEntry testId="0a10c4f5-63d2-9d6e-7859-29baf43ee467" executionId="8de092f0-8dcf-4252-82da-fa78f4d44f2b" testListId="8c84fa94-04c1-424b-9868-57a2d4851a1d" />
    <TestEntry testId="8bf7f106-e8d8-dc46-4a35-c6b998ed2b47" executionId="143674fa-4506-45e3-9551-5735dcac1c08" testListId="8c84fa94-04c1-424b-9868-57a2d4851a1d" />
    <TestEntry testId="c2370614-d604-7777-0b7d-92bf5f34040d" executionId="c2409a9c-5a9b-4977-a073-dd15eba1b3a0" testListId="8c84fa94-04c1-424b-9868-57a2d4851a1d" />
    <TestEntry testId="dd9c00b0-a9d0-b2f3-1f0f-3a9a641e0da9" executionId="f39e5a42-7a4b-4149-bfb9-9ef2ecf5ecbf" testListId="8c84fa94-04c1-424b-9868-57a2d4851a1d" />
    <TestEntry testId="5a5341a2-ae72-edbb-3ba1-5c07a01ee3cd" executionId="26fd470a-e65b-4cc7-b2ca-8ae91c5de5fa" testListId="8c84fa94-04c1-424b-9868-57a2d4851a1d" />
    <TestEntry testId="9c9f11d7-7c4b-75ce-a5d7-663cc80417fd" executionId="972f6141-e755-4d12-943d-732b48059dfa" testListId="8c84fa94-04c1-424b-9868-57a2d4851a1d" />
    <TestEntry testId="1130b0a6-11ce-bcba-8475-9a827b5e62e1" executionId="75b0b1e2-59a3-4a8b-832f-9e7c6facf108" testListId="8c84fa94-04c1-424b-9868-57a2d4851a1d" />
    <TestEntry testId="9a282f7e-f649-65f1-029a-2b971c1a798c" executionId="5a0425f0-bc1b-4e2c-bf63-146fd5495c45" testListId="8c84fa94-04c1-424b-9868-57a2d4851a1d" />
    <TestEntry testId="f10d3486-2847-7d12-3e88-c0a981db92bc" executionId="0d9d90d3-734b-4098-a5c0-1ed42c4538cd" testListId="8c84fa94-04c1-424b-9868-57a2d4851a1d" />
    <TestEntry testId="9e77f6c7-c407-ae67-2194-60a57c0d0921" executionId="9481c20e-f6b3-4cb3-b6c5-db6930c5f19b" testListId="8c84fa94-04c1-424b-9868-57a2d4851a1d" />
    <TestEntry testId="e5d974c9-a0eb-025e-acd9-38d4a0697b9c" executionId="143b5c1c-9235-4946-b0c7-fc2642d80af1" testListId="8c84fa94-04c1-424b-9868-57a2d4851a1d" />
    <TestEntry testId="5f8087be-760c-ab73-a579-21273e63e33c" executionId="9271250e-1237-42c3-b737-1a2839c9d0ba" testListId="8c84fa94-04c1-424b-9868-57a2d4851a1d" />
    <TestEntry testId="c7bbc647-3e1b-d450-cce3-09808a240509" executionId="21fbc709-53c0-4fbc-9e23-b29f44c1781c" testListId="8c84fa94-04c1-424b-9868-57a2d4851a1d" />
    <TestEntry testId="01e65a26-a5d3-bfb1-c381-2771c7672c34" executionId="4de74763-7a70-4862-b7fb-92568665be81" testListId="8c84fa94-04c1-424b-9868-57a2d4851a1d" />
    <TestEntry testId="a490e7e3-6c82-1670-0095-a769f3bb9318" executionId="74bacbc8-3504-440d-9c83-8fd626c67966" testListId="8c84fa94-04c1-424b-9868-57a2d4851a1d" />
    <TestEntry testId="e16b4985-2710-073b-d4ec-46bcb416a89f" executionId="18512422-af24-430b-9653-e8850b86c7da" testListId="8c84fa94-04c1-424b-9868-57a2d4851a1d" />
    <TestEntry testId="552a5c00-90d7-2914-85c7-10a59905e17b" executionId="9d96fbe5-11fc-403a-ba3e-07ba7d1ea2c1" testListId="8c84fa94-04c1-424b-9868-57a2d4851a1d" />
    <TestEntry testId="6c12bb8d-3fcd-ce0c-8c0e-f9a545e5d0e9" executionId="71421e2f-1ca9-44c3-9662-28df4056818c" testListId="8c84fa94-04c1-424b-9868-57a2d4851a1d" />
    <TestEntry testId="4878715f-458a-49dd-3d11-419fd3e2c661" executionId="86fa1a28-8a78-47f7-9b34-7839edf67c5c" testListId="8c84fa94-04c1-424b-9868-57a2d4851a1d" />
    <TestEntry testId="6a60a5ac-aaa9-dc6c-d920-a86623f03938" executionId="77f4a813-ae3e-4c25-97a3-7746c7d90671" testListId="8c84fa94-04c1-424b-9868-57a2d4851a1d" />
    <TestEntry testId="1ba5436e-01a2-6387-85da-a1e3d5b0618d" executionId="d66cd825-df78-44a4-a533-d71270ea1cec" testListId="8c84fa94-04c1-424b-9868-57a2d4851a1d" />
    <TestEntry testId="7ea4c52f-c964-05ae-10c5-e89520b6faa5" executionId="bebe524a-d4d1-41d2-b75e-e009abd0b4cd" testListId="8c84fa94-04c1-424b-9868-57a2d4851a1d" />
    <TestEntry testId="00cd8ac6-7e8f-faef-bb3f-cd1a5ea8560f" executionId="ad32b1fb-ee55-4e40-a732-a2dd33c54fae" testListId="8c84fa94-04c1-424b-9868-57a2d4851a1d" />
    <TestEntry testId="020278e1-db17-5a0f-fbe8-5c9de3d6118a" executionId="f4efe5c1-e10e-4071-96ed-ade9d0baf278" testListId="8c84fa94-04c1-424b-9868-57a2d4851a1d" />
    <TestEntry testId="342537f6-8a0d-6ff0-8e49-021dfa1dd8a5" executionId="37b96075-6146-4260-a7db-0a3b2e962c2a" testListId="8c84fa94-04c1-424b-9868-57a2d4851a1d" />
    <TestEntry testId="c2dd9515-b767-f4ba-958d-84c8ff4654b3" executionId="17e37a1b-1185-49a5-accb-cbe5e0443243" testListId="8c84fa94-04c1-424b-9868-57a2d4851a1d" />
    <TestEntry testId="a05684be-5eeb-8561-d3e0-700b715c206b" executionId="69f5fe89-5576-4106-b8cf-8a1315bea00c" testListId="8c84fa94-04c1-424b-9868-57a2d4851a1d" />
    <TestEntry testId="02a432cf-4b04-c72f-1b20-0817c3291678" executionId="4aa32690-cec3-451e-9b5b-dae50522e42f" testListId="8c84fa94-04c1-424b-9868-57a2d4851a1d" />
    <TestEntry testId="e9766c79-9236-08e6-5284-2828780a17e2" executionId="2b5cb457-6322-423c-821d-717977fa1788" testListId="8c84fa94-04c1-424b-9868-57a2d4851a1d" />
    <TestEntry testId="7d262306-28f5-9c61-9381-2d687acc0526" executionId="fc105bf3-2897-414b-a6ae-60c5dcf5979b" testListId="8c84fa94-04c1-424b-9868-57a2d4851a1d" />
    <TestEntry testId="263dd6e4-a3a8-61ea-bf9a-d13a8e2ef748" executionId="80b19b57-7d1b-4227-873c-3c24d3acbc90" testListId="8c84fa94-04c1-424b-9868-57a2d4851a1d" />
    <TestEntry testId="2d732d99-5668-950b-70cf-b930fe884f89" executionId="3f417d7c-d81f-4d6c-a6c9-63956fe7bec7" testListId="8c84fa94-04c1-424b-9868-57a2d4851a1d" />
    <TestEntry testId="69427a53-a1fa-451a-dd3d-193fa3d2ed89" executionId="fb688bba-679e-4ec7-a6c1-84cc050bd59b" testListId="8c84fa94-04c1-424b-9868-57a2d4851a1d" />
    <TestEntry testId="d7846be6-7e4b-5ce8-dbd4-5fe5d9692e54" executionId="87195531-83d7-4bc4-914f-12c5d6d38077" testListId="8c84fa94-04c1-424b-9868-57a2d4851a1d" />
    <TestEntry testId="83481054-699a-701b-1d41-0138e8ec3589" executionId="540b0782-eef8-4adb-aa44-e0f5abf8ca60" testListId="8c84fa94-04c1-424b-9868-57a2d4851a1d" />
    <TestEntry testId="d5973ae0-1a5a-58c1-956c-6fab15082446" executionId="69ec34e4-94cc-4277-8b77-01d57159f7e7" testListId="8c84fa94-04c1-424b-9868-57a2d4851a1d" />
    <TestEntry testId="c065f0d0-2817-1867-185a-3ef7d09d25ee" executionId="50a29ad3-462a-4fc2-a14e-eee5168b0150" testListId="8c84fa94-04c1-424b-9868-57a2d4851a1d" />
    <TestEntry testId="73ad64b2-400a-e2bf-e885-7761dc1b879c" executionId="b3f546f7-3281-49dd-aef9-c5e67dff5446" testListId="8c84fa94-04c1-424b-9868-57a2d4851a1d" />
    <TestEntry testId="42046de8-02dc-a2da-ccf9-8b26b63eb9da" executionId="5b952876-a3d8-4403-bf4c-0a7e56759f21" testListId="8c84fa94-04c1-424b-9868-57a2d4851a1d" />
    <TestEntry testId="7f168450-7beb-3ded-6f55-bc3efe431ecc" executionId="4538d262-a735-4563-87e7-4bc48ab12a64" testListId="8c84fa94-04c1-424b-9868-57a2d4851a1d" />
    <TestEntry testId="44b9c38d-1fef-b34e-63e4-2c853e734fec" executionId="08ab7882-d215-4f11-93fd-45d83312e90a" testListId="8c84fa94-04c1-424b-9868-57a2d4851a1d" />
    <TestEntry testId="507232d5-754f-e710-0185-2ff162f52ec5" executionId="41c0c993-6e12-41fe-8155-395c6efe41ce" testListId="8c84fa94-04c1-424b-9868-57a2d4851a1d" />
    <TestEntry testId="41a53a4c-df21-f4fc-4388-a122124f3bd1" executionId="39049b5e-b3d5-488c-87cb-27b5691aea1e" testListId="8c84fa94-04c1-424b-9868-57a2d4851a1d" />
    <TestEntry testId="f6d26f80-8605-5ec6-603e-727ed3a6876d" executionId="a577b529-6765-48a4-b130-f2d9c35d7114" testListId="8c84fa94-04c1-424b-9868-57a2d4851a1d" />
    <TestEntry testId="88b06e89-6009-9e01-9e1f-9df25d08d8fb" executionId="1fbbe367-5524-4371-b82c-9d0e58e5786a" testListId="8c84fa94-04c1-424b-9868-57a2d4851a1d" />
    <TestEntry testId="12123a04-6a7d-9a7e-532b-47db46b56af1" executionId="9aa9aa15-543f-455b-89a7-a4507429e2ff" testListId="8c84fa94-04c1-424b-9868-57a2d4851a1d" />
    <TestEntry testId="cc2f0458-7e3c-9c3d-dda6-64eadd456796" executionId="c06b2a2e-0a27-4178-8826-50ca75f561ad" testListId="8c84fa94-04c1-424b-9868-57a2d4851a1d" />
    <TestEntry testId="6cc7bb11-75a5-32ad-c8ad-c89efbe80686" executionId="6ea676a8-5818-4095-8dc9-58f1bdaafd96" testListId="8c84fa94-04c1-424b-9868-57a2d4851a1d" />
    <TestEntry testId="b5d83e8e-4d0e-c182-b397-53e926517e1d" executionId="d0b7de32-b660-447c-9e1e-610e6832eb5e" testListId="8c84fa94-04c1-424b-9868-57a2d4851a1d" />
    <TestEntry testId="7ed46f28-07a7-c553-1d74-d9036ab1b4c6" executionId="16ea97e3-6bd1-43ff-a794-fe907c629e06" testListId="8c84fa94-04c1-424b-9868-57a2d4851a1d" />
    <TestEntry testId="f8c8bf25-1814-de3b-561e-0b0f8c5b78f7" executionId="cab4def0-4afc-4f48-a2f7-1083a03eacd0" testListId="8c84fa94-04c1-424b-9868-57a2d4851a1d" />
    <TestEntry testId="3e58a3f3-e167-2cb9-8bde-357e5cd2944a" executionId="5ff82f80-6195-4d85-899d-66c368b88914" testListId="8c84fa94-04c1-424b-9868-57a2d4851a1d" />
    <TestEntry testId="b6e0eee9-ccff-1841-5159-192acffe7d54" executionId="f7d4ae0a-b88c-4538-b37c-0f92e512290f" testListId="8c84fa94-04c1-424b-9868-57a2d4851a1d" />
    <TestEntry testId="b1f69e38-77d1-ee6d-147d-e342e18f3b47" executionId="756c9fff-0ef0-4d42-a2e9-f11ac4b3ec29" testListId="8c84fa94-04c1-424b-9868-57a2d4851a1d" />
    <TestEntry testId="938736be-da6f-5be3-9607-246b14c03969" executionId="abd243d5-a811-4ecd-98df-17375b5db4f1" testListId="8c84fa94-04c1-424b-9868-57a2d4851a1d" />
    <TestEntry testId="26350551-6953-223e-76e4-b0ce05990dca" executionId="4d0ea999-3d89-4826-aa55-1f16b417aeb4" testListId="8c84fa94-04c1-424b-9868-57a2d4851a1d" />
    <TestEntry testId="3ce70e32-65f4-c9ea-299d-457b4a6f9a94" executionId="698ea4f8-6c56-4627-98db-fb772ec36b9a" testListId="8c84fa94-04c1-424b-9868-57a2d4851a1d" />
    <TestEntry testId="4ca6052f-c840-9732-5b12-a57797e01e31" executionId="e926a793-cdfc-4ba4-be0d-3d2f4ba5e5c6" testListId="8c84fa94-04c1-424b-9868-57a2d4851a1d" />
    <TestEntry testId="6d0e1946-60bc-70f5-178a-f1caca7a1cd4" executionId="97d73c82-e7ba-4a9c-b20a-6eb67d140a16" testListId="8c84fa94-04c1-424b-9868-57a2d4851a1d" />
    <TestEntry testId="edfd8024-fc78-5caa-9ced-0aad8b5219b8" executionId="da818921-8498-419c-804d-6a50596ba1ff" testListId="8c84fa94-04c1-424b-9868-57a2d4851a1d" />
    <TestEntry testId="6bd29839-713f-ccba-0e0c-5fbc266ff70b" executionId="dfaf0c12-4021-4c0e-9f3e-d451f05d5ae5" testListId="8c84fa94-04c1-424b-9868-57a2d4851a1d" />
    <TestEntry testId="9fd0b18c-3df9-4c15-ef66-ffe47725f43b" executionId="a9f16253-113d-4afa-9a23-7492d396104e" testListId="8c84fa94-04c1-424b-9868-57a2d4851a1d" />
    <TestEntry testId="07c9f0f9-ce0a-3e72-5a75-fff685f8ab78" executionId="041aa5a2-3722-4654-97e7-d1e60263e34e" testListId="8c84fa94-04c1-424b-9868-57a2d4851a1d" />
    <TestEntry testId="e8e6b714-af06-5b9d-4b5f-edc4da5e1381" executionId="3cdbc76d-716c-4138-baad-73e1862c82b8" testListId="8c84fa94-04c1-424b-9868-57a2d4851a1d" />
    <TestEntry testId="f5511270-0fb3-efe2-4c7f-a5b555764879" executionId="7513fafa-20a6-48ea-a4e5-b2de6deabb0c" testListId="8c84fa94-04c1-424b-9868-57a2d4851a1d" />
    <TestEntry testId="59fd16aa-fcf0-7b06-e458-4da33c7a4c9d" executionId="76d89269-f868-4281-a2f9-6aff2c9d5c2a" testListId="8c84fa94-04c1-424b-9868-57a2d4851a1d" />
    <TestEntry testId="1d6beb11-0274-40f5-e90d-24ccaf0432c0" executionId="fafa5d57-8cf5-456e-ba63-854b967f9bb9" testListId="8c84fa94-04c1-424b-9868-57a2d4851a1d" />
    <TestEntry testId="a5bff13c-597c-eaf5-9a03-5b17d5688856" executionId="49f3e3c1-4ccc-443a-9b00-dde903e9587d" testListId="8c84fa94-04c1-424b-9868-57a2d4851a1d" />
    <TestEntry testId="cfb95d60-8354-a841-9f4b-0521240aa0b7" executionId="ac00de40-74c6-4782-b739-d330a0984458" testListId="8c84fa94-04c1-424b-9868-57a2d4851a1d" />
    <TestEntry testId="92d86efa-2ff9-f426-428c-2d042ed7e545" executionId="b6c9cf82-de6b-46a1-b8e5-3d43f26f00f4" testListId="8c84fa94-04c1-424b-9868-57a2d4851a1d" />
    <TestEntry testId="49c28004-dfd7-736e-4dad-1c9905b5bd78" executionId="3b2b0c12-5c04-4f61-87b3-83668dea4df1" testListId="8c84fa94-04c1-424b-9868-57a2d4851a1d" />
    <TestEntry testId="4373c99e-3f83-f1f8-6ffe-41af6d8c0142" executionId="0faab965-3660-4756-bc57-7083cbe284e6" testListId="8c84fa94-04c1-424b-9868-57a2d4851a1d" />
    <TestEntry testId="898e0cba-2f16-a9cb-7ec3-2f912910e7dc" executionId="7fd97a9d-f4a0-4903-8fe5-4b0ea1690fea" testListId="8c84fa94-04c1-424b-9868-57a2d4851a1d" />
    <TestEntry testId="b1bfcc7e-9f9c-584d-69d0-055c84b7a472" executionId="9c8c722f-0157-45c1-a292-23d904631159" testListId="8c84fa94-04c1-424b-9868-57a2d4851a1d" />
    <TestEntry testId="b21d85f1-a71f-4254-44e7-f0b43c8f4ce2" executionId="33f9266f-976a-4a4d-b99c-21c9f586e304" testListId="8c84fa94-04c1-424b-9868-57a2d4851a1d" />
    <TestEntry testId="81ca4b52-9931-0e35-0109-da24b8554b96" executionId="ced66c63-41ec-40f6-bcc6-2ace9b4efc85" testListId="8c84fa94-04c1-424b-9868-57a2d4851a1d" />
    <TestEntry testId="feb7eb52-dbfc-1bbd-0c92-de56627f5f80" executionId="6c4b8681-9ed5-4f43-ae5d-6cb8b993abbd" testListId="8c84fa94-04c1-424b-9868-57a2d4851a1d" />
    <TestEntry testId="ff890d3e-b7b7-d9b4-ed83-b859b02d2dc2" executionId="d702fc4f-85a5-409b-9e47-e81501b97e65" testListId="8c84fa94-04c1-424b-9868-57a2d4851a1d" />
    <TestEntry testId="c17e6a49-5090-3c4e-6c3c-c83ce25eb232" executionId="c184a8c8-2142-47ce-a39d-4cab18617777" testListId="8c84fa94-04c1-424b-9868-57a2d4851a1d" />
    <TestEntry testId="3637415d-2358-71ca-7a4a-ab98593fbcba" executionId="0b244ec8-0ba3-4355-a660-3d78e9650dfd" testListId="8c84fa94-04c1-424b-9868-57a2d4851a1d" />
    <TestEntry testId="c1d31aec-ba11-ae2a-3d1e-d8528d8e9d7f" executionId="bb365857-6026-4fe0-a72f-5aa0cfbc3e9a" testListId="8c84fa94-04c1-424b-9868-57a2d4851a1d" />
    <TestEntry testId="2ab3c520-4161-54ba-03a4-f42e12a6dd3b" executionId="e5c3663b-8609-436f-8913-948c7fd87b60" testListId="8c84fa94-04c1-424b-9868-57a2d4851a1d" />
    <TestEntry testId="ccd931b9-83eb-8412-c54e-c74b9b6b8868" executionId="38990843-b921-4532-8ce1-6e4645941726" testListId="8c84fa94-04c1-424b-9868-57a2d4851a1d" />
    <TestEntry testId="a5ffaab7-821c-1c5c-3d56-be1c034329a5" executionId="74999a57-b55d-4cb5-a104-2ba9eac437b0" testListId="8c84fa94-04c1-424b-9868-57a2d4851a1d" />
    <TestEntry testId="3d7d6393-f89e-0e47-6504-4ae48960e5c3" executionId="12b536b8-abb5-4912-b2f2-41f9dfb9596a" testListId="8c84fa94-04c1-424b-9868-57a2d4851a1d" />
    <TestEntry testId="dbeb8969-0cf3-22c2-42f8-32cc947a535c" executionId="17f0d309-26af-491a-8892-df0319e24f72" testListId="8c84fa94-04c1-424b-9868-57a2d4851a1d" />
    <TestEntry testId="bb807532-955d-ce2e-d67e-1867fc5bb38e" executionId="d93c50b9-759b-421c-8ca9-b212f4a57380" testListId="8c84fa94-04c1-424b-9868-57a2d4851a1d" />
    <TestEntry testId="6be417f9-c335-0427-52c9-96d899c8041d" executionId="7e039a63-c2ca-4011-bc3b-6e64831939ee" testListId="8c84fa94-04c1-424b-9868-57a2d4851a1d" />
    <TestEntry testId="136e6029-6bf2-f97b-ac3f-ba8be5f1b505" executionId="71d2fd4c-07aa-44ff-a8b0-3c2cf908b952" testListId="8c84fa94-04c1-424b-9868-57a2d4851a1d" />
    <TestEntry testId="511efe37-5a1d-2f29-8a7a-19f0a3d16960" executionId="5f8fc2c5-4a90-4b0b-ab71-7a644ac01582" testListId="8c84fa94-04c1-424b-9868-57a2d4851a1d" />
    <TestEntry testId="802c6bf1-b2bb-dd75-dd57-f0dad1e37480" executionId="6531f4da-5eb6-44e7-89ca-f25046731c60" testListId="8c84fa94-04c1-424b-9868-57a2d4851a1d" />
    <TestEntry testId="c5cdcf4b-343d-7523-c4d6-145aa870108c" executionId="fde8f153-1584-4591-93fb-20aaf6b11d12" testListId="8c84fa94-04c1-424b-9868-57a2d4851a1d" />
    <TestEntry testId="cb6625e8-d5a4-6ab8-1a3a-1a40acb593d9" executionId="86f7cafd-0e2f-42c7-bc79-6f3ad099a3e7" testListId="8c84fa94-04c1-424b-9868-57a2d4851a1d" />
    <TestEntry testId="b642816d-4d24-8990-3894-7f013ee38898" executionId="4f010182-29d2-46d7-ab7e-9971f08dc9d7" testListId="8c84fa94-04c1-424b-9868-57a2d4851a1d" />
    <TestEntry testId="1553e3fc-8cd0-7459-eefd-8928c96041b4" executionId="08960464-28b0-4b1b-bfb1-932461801479" testListId="8c84fa94-04c1-424b-9868-57a2d4851a1d" />
    <TestEntry testId="774ae8ad-b5ba-cf99-969a-205cbd2149a6" executionId="26392130-12b8-471e-9248-91ac95c8d377" testListId="8c84fa94-04c1-424b-9868-57a2d4851a1d" />
    <TestEntry testId="90586c4d-1967-aac1-3fe3-337d63ef5e5c" executionId="1ff4fa94-0965-4052-8510-39b811c76c1d" testListId="8c84fa94-04c1-424b-9868-57a2d4851a1d" />
    <TestEntry testId="57ef9ea3-991d-aedb-8019-644b32be6cc6" executionId="ea050779-09a4-432b-8f4b-48b62b37ef6d" testListId="8c84fa94-04c1-424b-9868-57a2d4851a1d" />
    <TestEntry testId="e4b5d231-48f8-f90c-7def-70a1254e9e0c" executionId="19e7d0e9-2e3a-482b-8224-21ef1c9ac513" testListId="8c84fa94-04c1-424b-9868-57a2d4851a1d" />
    <TestEntry testId="1d1d1b7c-0ecd-b276-388a-9342bac3302f" executionId="6ce6a68c-5979-4004-8717-09ac92059339" testListId="8c84fa94-04c1-424b-9868-57a2d4851a1d" />
    <TestEntry testId="6bb6f038-06a5-a12d-b80e-5d4bb6709312" executionId="d3f0899d-e719-4a0e-9570-4c230d2cae3e" testListId="8c84fa94-04c1-424b-9868-57a2d4851a1d" />
    <TestEntry testId="e3ac57fe-96f7-8188-e429-555145a2c596" executionId="cd8fb878-8508-4a19-a4fe-26eb61fe5135" testListId="8c84fa94-04c1-424b-9868-57a2d4851a1d" />
    <TestEntry testId="0d8fe114-e8f0-2954-61da-3e8a8364eb46" executionId="8d01cfb3-5f98-4d3b-ab9a-45024284a38b" testListId="8c84fa94-04c1-424b-9868-57a2d4851a1d" />
    <TestEntry testId="5173a017-06c1-2048-f8d5-2b43e18f16bb" executionId="24a3480b-d599-4066-b23f-1321509dff35" testListId="8c84fa94-04c1-424b-9868-57a2d4851a1d" />
    <TestEntry testId="77d97a86-1a5d-d799-c662-580704ebb4ff" executionId="7b4b8ea4-c0bf-4d25-b566-00395e042e85" testListId="8c84fa94-04c1-424b-9868-57a2d4851a1d" />
    <TestEntry testId="07a3a7ab-d824-7f57-0071-5feb7879d8a0" executionId="8e5f6798-df59-482f-90ea-723e867810fc" testListId="8c84fa94-04c1-424b-9868-57a2d4851a1d" />
    <TestEntry testId="b9cd51bc-b558-b299-0098-91b9fedbee77" executionId="824ca096-fb15-4424-acf9-abea4d534de3" testListId="8c84fa94-04c1-424b-9868-57a2d4851a1d" />
    <TestEntry testId="fda3a10d-ad1f-2ed2-cd85-9dbb0bec604d" executionId="a5012284-adff-4cb9-923d-088f106fe8c0" testListId="8c84fa94-04c1-424b-9868-57a2d4851a1d" />
    <TestEntry testId="bec2d89c-d378-3a43-dfb9-883ca358e4f0" executionId="4cd307c3-fd28-4895-9bce-a11281f234de" testListId="8c84fa94-04c1-424b-9868-57a2d4851a1d" />
    <TestEntry testId="48c8ede3-08d7-325a-e284-aeded3841607" executionId="ca37c55e-8663-44b2-9eca-df7242962a7d" testListId="8c84fa94-04c1-424b-9868-57a2d4851a1d" />
    <TestEntry testId="cc002690-0eab-9910-b5e7-76cca924cab4" executionId="420f3b01-8c82-4ea6-82c6-9846e4583d90" testListId="8c84fa94-04c1-424b-9868-57a2d4851a1d" />
    <TestEntry testId="6670917e-e42c-a07b-7e25-3b7110e4f4b7" executionId="d2897d24-38cd-4f38-b0c5-7fa0c0a325f4" testListId="8c84fa94-04c1-424b-9868-57a2d4851a1d" />
    <TestEntry testId="58c42bcc-eb60-32a9-24ac-5c0aaccec6ed" executionId="3a81c8f2-e758-4bf5-91a7-0db27149eaa1" testListId="8c84fa94-04c1-424b-9868-57a2d4851a1d" />
    <TestEntry testId="f4d8404a-1301-51ea-ea5c-4634b036234d" executionId="272d22cd-ff1c-4b68-9ba3-4b9c9f04e13e" testListId="8c84fa94-04c1-424b-9868-57a2d4851a1d" />
    <TestEntry testId="f9896d02-1512-0bc3-3b97-972541c5aed1" executionId="a2c5f982-7a6e-4774-90b4-5dafaa0f1025" testListId="8c84fa94-04c1-424b-9868-57a2d4851a1d" />
    <TestEntry testId="2fdaf9d0-ed4d-06f2-70b2-65e45d9c49c9" executionId="a87cad61-87ce-477d-bb62-49cbeec227d9" testListId="8c84fa94-04c1-424b-9868-57a2d4851a1d" />
  </TestEntries>
  <TestLists>
    <TestList name="Results Not in a List" id="8c84fa94-04c1-424b-9868-57a2d4851a1d" />
    <TestList name="All Loaded Results" id="19431567-8539-422a-85d7-44ee4e166bda" />
  </TestLists>
  <ResultSummary outcome="Completed">
    <Counters total="579" executed="573" passed="573" failed="0" error="0" timeout="0" aborted="0" inconclusive="0" passedButRunAborted="0" notRunnable="0" notExecuted="0" disconnected="0" warning="0" completed="0" inProgress="0" pending="0" />
    <Output>
      <StdOut>Test 'ScheduleNextRun_CalledOnce_AfterTimedDelayTriggered_Success' was skipped in the test run.&#xD;
Test 'ScheduleNextRun_CalledTwice_AfterTimedDelayTriggered_Success' was skipped in the test run.&#xD;
Test 'ScheduleNextRun_CalledOnce_CancelledBeforeTimedDelayTriggered_Success' was skipped in the test run.&#xD;
Test 'ScheduleNextRun_ExceptionRaised_DoesNotContinueProcessing_Success' was skipped in the test run.&#xD;
Test 'EventLogNoFile' was skipped in the test run.&#xD;
Test 'SimpleMultiOutput' was skipped in the test run.&#xD;
</StdOut>
    </Output>
  </ResultSummary>
</TestRun>