<?xml version="1.0" encoding="utf-8"?>
<TestRun id="a21d0d71-a484-46e9-a711-381a66fb2ec7" name="DKSR-EFI-04$@DKSR-EFI-04 2023-12-22 09:34:13" runUser="NT AUTHORITY\NETWORK SERVICE" xmlns="http://microsoft.com/schemas/VisualStudio/TeamTest/2010">
  <Times creation="2023-12-22T09:34:13.3501988+01:00" queuing="2023-12-22T09:34:13.3501988+01:00" start="2023-12-22T09:34:05.2407837+01:00" finish="2023-12-22T09:34:14.7408332+01:00" />
  <TestSettings name="default" id="3b8e18e2-ae47-4884-8422-7c8d77c887b7">
    <Deployment runDeploymentRoot="DKSR-EFI-04$_DKSR-EFI-04_2023-12-22_09_34_13" />
  </TestSettings>
  <Results>
    <UnitTestResult executionId="690442c5-1004-4946-a9f9-68d25b96ffe2" testId="803948d0-ae0c-14ec-9988-79e8e3a3857c" testName="CallWithRetry_ShouldCreateNewClient_WhenFirstCallFails" computerName="DKSR-EFI-04" duration="00:00:00.0009009" startTime="2023-12-22T09:34:13.3033262+01:00" endTime="2023-12-22T09:34:13.3033262+01:00" testType="13cdc9d9-ddb5-4fa4-a97d-d965ccfc6d4b" outcome="Passed" testListId="8c84fa94-04c1-424b-9868-57a2d4851a1d" relativeResultsDirectory="690442c5-1004-4946-a9f9-68d25b96ffe2" />
    <UnitTestResult executionId="e037dea8-4271-4183-b438-6406da4b560b" testId="c424599a-2a28-6233-d147-7011b9cc4737" testName="CallWithRetry_ShouldNotCatchTimeoutException_WhenCallThrowsTimeoutException" computerName="DKSR-EFI-04" duration="00:00:00.0011227" startTime="2023-12-22T09:34:13.3033262+01:00" endTime="2023-12-22T09:34:13.3033262+01:00" testType="13cdc9d9-ddb5-4fa4-a97d-d965ccfc6d4b" outcome="Passed" testListId="8c84fa94-04c1-424b-9868-57a2d4851a1d" relativeResultsDirectory="e037dea8-4271-4183-b438-6406da4b560b" />
    <UnitTestResult executionId="bfc8bc60-99d7-4c88-b29b-e802de0c77a5" testId="141114a2-d64d-4f1a-a8b7-7c50cdbb1c26" testName="CallWithRetry_ShouldPropagateException_WhenCallFailsAndRetryCountExceeded" computerName="DKSR-EFI-04" duration="00:00:00.0011063" startTime="2023-12-22T09:34:13.3345771+01:00" endTime="2023-12-22T09:34:13.3345771+01:00" testType="13cdc9d9-ddb5-4fa4-a97d-d965ccfc6d4b" outcome="Passed" testListId="8c84fa94-04c1-424b-9868-57a2d4851a1d" relativeResultsDirectory="bfc8bc60-99d7-4c88-b29b-e802de0c77a5" />
    <UnitTestResult executionId="b1ce48b0-2548-403f-a3a6-3d76e1353846" testId="81e98247-83a8-c685-1fe7-2e644bcb0790" testName="CallWithRetry_ShouldReturnResult_WhenCallSucceedsImmediately" computerName="DKSR-EFI-04" duration="00:00:00.2497269" startTime="2023-12-22T09:34:13.0377022+01:00" endTime="2023-12-22T09:34:13.2877039+01:00" testType="13cdc9d9-ddb5-4fa4-a97d-d965ccfc6d4b" outcome="Passed" testListId="8c84fa94-04c1-424b-9868-57a2d4851a1d" relativeResultsDirectory="b1ce48b0-2548-403f-a3a6-3d76e1353846" />
    <UnitTestResult executionId="b5f7f0a3-e913-4cc0-ad48-83b0ebc20c23" testId="95fa3ec3-a0e4-4204-9f65-2dcc95428c1c" testName="CallWithRetry_ShouldReuseClient_WhenFirstCallSucceedsImmediatelyAndClientIsOpen" computerName="DKSR-EFI-04" duration="00:00:00.0090685" startTime="2023-12-22T09:34:13.2877039+01:00" endTime="2023-12-22T09:34:13.2877039+01:00" testType="13cdc9d9-ddb5-4fa4-a97d-d965ccfc6d4b" outcome="Passed" testListId="8c84fa94-04c1-424b-9868-57a2d4851a1d" relativeResultsDirectory="b5f7f0a3-e913-4cc0-ad48-83b0ebc20c23" />
    <UnitTestResult executionId="7efba717-1c61-4a1d-8a41-15b6473b6bc9" testId="3ce1b2ee-b6f6-1202-1712-327267d62eb5" testName="SetRetentionValue_ShouldStillClearList_WhenClientIsNull" computerName="DKSR-EFI-04" duration="00:00:00.0002124" startTime="2023-12-22T09:34:14.2095805+01:00" endTime="2023-12-22T09:34:14.2095805+01:00" testType="13cdc9d9-ddb5-4fa4-a97d-d965ccfc6d4b" outcome="Passed" testListId="8c84fa94-04c1-424b-9868-57a2d4851a1d" relativeResultsDirectory="7efba717-1c61-4a1d-8a41-15b6473b6bc9" />
    <UnitTestResult executionId="d96fd13a-b5df-46f7-a567-99cb7a508e39" testId="f3377996-4830-8266-cdad-64597e1a1b0a" testName="ServersWithEventServer_ShouldReturnAllKnownServersWithEventServersInstalled_IfPassedMajorIsNegativeNumber" computerName="DKSR-EFI-04" duration="00:00:00.0221892" startTime="2023-12-22T09:34:14.1783298+01:00" endTime="2023-12-22T09:34:14.1939558+01:00" testType="13cdc9d9-ddb5-4fa4-a97d-d965ccfc6d4b" outcome="Passed" testListId="8c84fa94-04c1-424b-9868-57a2d4851a1d" relativeResultsDirectory="d96fd13a-b5df-46f7-a567-99cb7a508e39" />
    <UnitTestResult executionId="eb361eb2-a1d3-4fd2-8dd0-acd83f84a87f" testId="ae9c8ff4-982b-a769-91eb-d2d18b3554ae" testName="CallWithRetryWithRetryCount_ShouldRetryAtMostRetryCount_WhenCallFails" computerName="DKSR-EFI-04" duration="00:00:00.0007122" startTime="2023-12-22T09:34:13.3189514+01:00" endTime="2023-12-22T09:34:13.3189514+01:00" testType="13cdc9d9-ddb5-4fa4-a97d-d965ccfc6d4b" outcome="Passed" testListId="8c84fa94-04c1-424b-9868-57a2d4851a1d" relativeResultsDirectory="eb361eb2-a1d3-4fd2-8dd0-acd83f84a87f" />
    <UnitTestResult executionId="18bee86e-6e8a-459b-8f37-b5a092e8d0c6" testId="4bc5aa20-97b0-ad0d-2acb-7f5aecd18a33" testName="ServersWithEventServer_ShouldExcludeServers_WithEventServerVersionLowerThanSpecified" computerName="DKSR-EFI-04" duration="00:00:00.8137366" startTime="2023-12-22T09:34:13.3345771+01:00" endTime="2023-12-22T09:34:14.1470797+01:00" testType="13cdc9d9-ddb5-4fa4-a97d-d965ccfc6d4b" outcome="Passed" testListId="8c84fa94-04c1-424b-9868-57a2d4851a1d" relativeResultsDirectory="18bee86e-6e8a-459b-8f37-b5a092e8d0c6" />
    <UnitTestResult executionId="e773bd57-8c17-47c9-b126-183c840b033e" testId="37d76f23-4a39-0694-3b5e-91de4b99dfa3" testName="CallWithRetry_ShouldThrowArgumentNullException_WhenCallIsNull" computerName="DKSR-EFI-04" duration="00:00:00.1894480" startTime="2023-12-22T09:34:12.6314451+01:00" endTime="2023-12-22T09:34:12.9752011+01:00" testType="13cdc9d9-ddb5-4fa4-a97d-d965ccfc6d4b" outcome="Passed" testListId="8c84fa94-04c1-424b-9868-57a2d4851a1d" relativeResultsDirectory="e773bd57-8c17-47c9-b126-183c840b033e" />
    <UnitTestResult executionId="c3b32294-6f4f-4bd7-a698-a3d7609ed638" testId="d523f139-9b85-fe84-5712-9e6e480e0e64" testName="RegisterProvider_ShouldAddOnlyOneProvider_WhenCalledTwiceWithSameProvider" computerName="DKSR-EFI-04" duration="00:00:00.0154392" startTime="2023-12-22T09:34:14.1939558+01:00" endTime="2023-12-22T09:34:14.2095805+01:00" testType="13cdc9d9-ddb5-4fa4-a97d-d965ccfc6d4b" outcome="Passed" testListId="8c84fa94-04c1-424b-9868-57a2d4851a1d" relativeResultsDirectory="c3b32294-6f4f-4bd7-a698-a3d7609ed638" />
    <UnitTestResult executionId="890dfd24-6e45-47cd-9cf0-b0abc2967ee4" testId="33465d6c-cc88-486b-128c-1354dace62da" testName="CallWithRetry_ShouldThrowArgumentOutOfRangeException_WhenRetryCountIsSmallerThanZero" computerName="DKSR-EFI-04" duration="00:00:00.0010434" startTime="2023-12-22T09:34:13.0220740+01:00" endTime="2023-12-22T09:34:13.0220740+01:00" testType="13cdc9d9-ddb5-4fa4-a97d-d965ccfc6d4b" outcome="Passed" testListId="8c84fa94-04c1-424b-9868-57a2d4851a1d" relativeResultsDirectory="890dfd24-6e45-47cd-9cf0-b0abc2967ee4" />
    <UnitTestResult executionId="5dcf7c21-1e03-46ea-86b6-c220adddaf60" testId="2322fc73-f833-21b1-33aa-74836a066ddc" testName="CallWithRetry_ShouldRetryAtMostMaxDefaultRetries_WhenCallFails" computerName="DKSR-EFI-04" duration="00:00:00.0007922" startTime="2023-12-22T09:34:13.3033262+01:00" endTime="2023-12-22T09:34:13.3033262+01:00" testType="13cdc9d9-ddb5-4fa4-a97d-d965ccfc6d4b" outcome="Passed" testListId="8c84fa94-04c1-424b-9868-57a2d4851a1d" relativeResultsDirectory="5dcf7c21-1e03-46ea-86b6-c220adddaf60" />
    <UnitTestResult executionId="3d25e726-e667-4649-9b6f-8f976641bdb4" testId="db5217fe-b14e-7f83-e10a-c52fc96c77bf" testName="ServersWithEventServer_ShouldExcludeServers_WithEventServerVersionLowerThanSpecifiedMajor" computerName="DKSR-EFI-04" duration="00:00:00.0184987" startTime="2023-12-22T09:34:14.1470797+01:00" endTime="2023-12-22T09:34:14.1627054+01:00" testType="13cdc9d9-ddb5-4fa4-a97d-d965ccfc6d4b" outcome="Passed" testListId="8c84fa94-04c1-424b-9868-57a2d4851a1d" relativeResultsDirectory="3d25e726-e667-4649-9b6f-8f976641bdb4" />
    <UnitTestResult executionId="29e53812-3044-4f93-a8f3-8fffa6c1e02c" testId="70067524-4c2b-e2f1-cc30-dba4b7ef3d2a" testName="CallWithRetry_ShouldReturnResult_WhenCallSucceedsOnSecondInvocation" computerName="DKSR-EFI-04" duration="00:00:00.0013857" startTime="2023-12-22T09:34:13.2877039+01:00" endTime="2023-12-22T09:34:13.3033262+01:00" testType="13cdc9d9-ddb5-4fa4-a97d-d965ccfc6d4b" outcome="Passed" testListId="8c84fa94-04c1-424b-9868-57a2d4851a1d" relativeResultsDirectory="29e53812-3044-4f93-a8f3-8fffa6c1e02c" />
    <UnitTestResult executionId="faff1b2a-daad-4903-97de-711f65a45749" testId="79b5770f-b295-c5d8-bee4-5210059a9279" testName="RegisterProvider_ShouldAddBothProviders_WhenCalledTwiceWithDifferentProviders" computerName="DKSR-EFI-04" duration="00:00:00.0002751" startTime="2023-12-22T09:34:14.2095805+01:00" endTime="2023-12-22T09:34:14.2095805+01:00" testType="13cdc9d9-ddb5-4fa4-a97d-d965ccfc6d4b" outcome="Passed" testListId="8c84fa94-04c1-424b-9868-57a2d4851a1d" relativeResultsDirectory="faff1b2a-daad-4903-97de-711f65a45749" />
  </Results>
  <TestDefinitions>
    <UnitTest name="CallWithRetry_ShouldReturnResult_WhenCallSucceedsOnSecondInvocation" storage="d:\actions-runner\_work\xpco\xpco\eventserver\communication\dotnet\videoos.eventserver.communication.unittest\bin\debug\videoos.eventserver.communication.unittest.dll" id="70067524-4c2b-e2f1-cc30-dba4b7ef3d2a">
      <Execution id="29e53812-3044-4f93-a8f3-8fffa6c1e02c" />
      <TestMethod codeBase="D:\actions-runner\_work\XPCO\XPCO\EventServer\Communication\dotNet\VideoOS.EventServer.Communication.UnitTest\bin\Debug\VideoOS.EventServer.Communication.UnitTest.dll" adapterTypeName="executor://mstestadapter/v1" className="VideoOS.EventServer.Communication.UnitTest.ClientPoolTest" name="CallWithRetry_ShouldReturnResult_WhenCallSucceedsOnSecondInvocation" />
    </UnitTest>
    <UnitTest name="RegisterProvider_ShouldAddOnlyOneProvider_WhenCalledTwiceWithSameProvider" storage="d:\actions-runner\_work\xpco\xpco\eventserver\communication\dotnet\videoos.eventserver.communication.unittest\bin\debug\videoos.eventserver.communication.unittest.dll" id="d523f139-9b85-fe84-5712-9e6e480e0e64">
      <Execution id="c3b32294-6f4f-4bd7-a698-a3d7609ed638" />
      <TestMethod codeBase="D:\actions-runner\_work\XPCO\XPCO\EventServer\Communication\dotNet\VideoOS.EventServer.Communication.UnitTest\bin\Debug\VideoOS.EventServer.Communication.UnitTest.dll" adapterTypeName="executor://mstestadapter/v1" className="VideoOS.EventServer.Communication.UnitTest.Configuration.EventRetentionUpdateTest" name="RegisterProvider_ShouldAddOnlyOneProvider_WhenCalledTwiceWithSameProvider" />
    </UnitTest>
    <UnitTest name="CallWithRetry_ShouldRetryAtMostMaxDefaultRetries_WhenCallFails" storage="d:\actions-runner\_work\xpco\xpco\eventserver\communication\dotnet\videoos.eventserver.communication.unittest\bin\debug\videoos.eventserver.communication.unittest.dll" id="2322fc73-f833-21b1-33aa-74836a066ddc">
      <Execution id="5dcf7c21-1e03-46ea-86b6-c220adddaf60" />
      <TestMethod codeBase="D:\actions-runner\_work\XPCO\XPCO\EventServer\Communication\dotNet\VideoOS.EventServer.Communication.UnitTest\bin\Debug\VideoOS.EventServer.Communication.UnitTest.dll" adapterTypeName="executor://mstestadapter/v1" className="VideoOS.EventServer.Communication.UnitTest.ClientPoolTest" name="CallWithRetry_ShouldRetryAtMostMaxDefaultRetries_WhenCallFails" />
    </UnitTest>
    <UnitTest name="ServersWithEventServer_ShouldExcludeServers_WithEventServerVersionLowerThanSpecifiedMajor" storage="d:\actions-runner\_work\xpco\xpco\eventserver\communication\dotnet\videoos.eventserver.communication.unittest\bin\debug\videoos.eventserver.communication.unittest.dll" id="db5217fe-b14e-7f83-e10a-c52fc96c77bf">
      <Execution id="3d25e726-e667-4649-9b6f-8f976641bdb4" />
      <TestMethod codeBase="D:\actions-runner\_work\XPCO\XPCO\EventServer\Communication\dotNet\VideoOS.EventServer.Communication.UnitTest\bin\Debug\VideoOS.EventServer.Communication.UnitTest.dll" adapterTypeName="executor://mstestadapter/v1" className="VideoOS.EventServer.Communication.UnitTest.ServerReceiverTest" name="ServersWithEventServer_ShouldExcludeServers_WithEventServerVersionLowerThanSpecifiedMajor" />
    </UnitTest>
    <UnitTest name="CallWithRetry_ShouldReuseClient_WhenFirstCallSucceedsImmediatelyAndClientIsOpen" storage="d:\actions-runner\_work\xpco\xpco\eventserver\communication\dotnet\videoos.eventserver.communication.unittest\bin\debug\videoos.eventserver.communication.unittest.dll" id="95fa3ec3-a0e4-4204-9f65-2dcc95428c1c">
      <Execution id="b5f7f0a3-e913-4cc0-ad48-83b0ebc20c23" />
      <TestMethod codeBase="D:\actions-runner\_work\XPCO\XPCO\EventServer\Communication\dotNet\VideoOS.EventServer.Communication.UnitTest\bin\Debug\VideoOS.EventServer.Communication.UnitTest.dll" adapterTypeName="executor://mstestadapter/v1" className="VideoOS.EventServer.Communication.UnitTest.ClientPoolTest" name="CallWithRetry_ShouldReuseClient_WhenFirstCallSucceedsImmediatelyAndClientIsOpen" />
    </UnitTest>
    <UnitTest name="CallWithRetry_ShouldCreateNewClient_WhenFirstCallFails" storage="d:\actions-runner\_work\xpco\xpco\eventserver\communication\dotnet\videoos.eventserver.communication.unittest\bin\debug\videoos.eventserver.communication.unittest.dll" id="803948d0-ae0c-14ec-9988-79e8e3a3857c">
      <Execution id="690442c5-1004-4946-a9f9-68d25b96ffe2" />
      <TestMethod codeBase="D:\actions-runner\_work\XPCO\XPCO\EventServer\Communication\dotNet\VideoOS.EventServer.Communication.UnitTest\bin\Debug\VideoOS.EventServer.Communication.UnitTest.dll" adapterTypeName="executor://mstestadapter/v1" className="VideoOS.EventServer.Communication.UnitTest.ClientPoolTest" name="CallWithRetry_ShouldCreateNewClient_WhenFirstCallFails" />
    </UnitTest>
    <UnitTest name="CallWithRetry_ShouldThrowArgumentNullException_WhenCallIsNull" storage="d:\actions-runner\_work\xpco\xpco\eventserver\communication\dotnet\videoos.eventserver.communication.unittest\bin\debug\videoos.eventserver.communication.unittest.dll" id="37d76f23-4a39-0694-3b5e-91de4b99dfa3">
      <Execution id="e773bd57-8c17-47c9-b126-183c840b033e" />
      <TestMethod codeBase="D:\actions-runner\_work\XPCO\XPCO\EventServer\Communication\dotNet\VideoOS.EventServer.Communication.UnitTest\bin\Debug\VideoOS.EventServer.Communication.UnitTest.dll" adapterTypeName="executor://mstestadapter/v1" className="VideoOS.EventServer.Communication.UnitTest.ClientPoolTest" name="CallWithRetry_ShouldThrowArgumentNullException_WhenCallIsNull" />
    </UnitTest>
    <UnitTest name="ServersWithEventServer_ShouldReturnAllKnownServersWithEventServersInstalled_IfPassedMajorIsNegativeNumber" storage="d:\actions-runner\_work\xpco\xpco\eventserver\communication\dotnet\videoos.eventserver.communication.unittest\bin\debug\videoos.eventserver.communication.unittest.dll" id="f3377996-4830-8266-cdad-64597e1a1b0a">
      <Execution id="d96fd13a-b5df-46f7-a567-99cb7a508e39" />
      <TestMethod codeBase="D:\actions-runner\_work\XPCO\XPCO\EventServer\Communication\dotNet\VideoOS.EventServer.Communication.UnitTest\bin\Debug\VideoOS.EventServer.Communication.UnitTest.dll" adapterTypeName="executor://mstestadapter/v1" className="VideoOS.EventServer.Communication.UnitTest.ServerReceiverTest" name="ServersWithEventServer_ShouldReturnAllKnownServersWithEventServersInstalled_IfPassedMajorIsNegativeNumber" />
    </UnitTest>
    <UnitTest name="RegisterProvider_ShouldAddBothProviders_WhenCalledTwiceWithDifferentProviders" storage="d:\actions-runner\_work\xpco\xpco\eventserver\communication\dotnet\videoos.eventserver.communication.unittest\bin\debug\videoos.eventserver.communication.unittest.dll" id="79b5770f-b295-c5d8-bee4-5210059a9279">
      <Execution id="faff1b2a-daad-4903-97de-711f65a45749" />
      <TestMethod codeBase="D:\actions-runner\_work\XPCO\XPCO\EventServer\Communication\dotNet\VideoOS.EventServer.Communication.UnitTest\bin\Debug\VideoOS.EventServer.Communication.UnitTest.dll" adapterTypeName="executor://mstestadapter/v1" className="VideoOS.EventServer.Communication.UnitTest.Configuration.EventRetentionUpdateTest" name="RegisterProvider_ShouldAddBothProviders_WhenCalledTwiceWithDifferentProviders" />
    </UnitTest>
    <UnitTest name="CallWithRetry_ShouldPropagateException_WhenCallFailsAndRetryCountExceeded" storage="d:\actions-runner\_work\xpco\xpco\eventserver\communication\dotnet\videoos.eventserver.communication.unittest\bin\debug\videoos.eventserver.communication.unittest.dll" id="141114a2-d64d-4f1a-a8b7-7c50cdbb1c26">
      <Execution id="bfc8bc60-99d7-4c88-b29b-e802de0c77a5" />
      <TestMethod codeBase="D:\actions-runner\_work\XPCO\XPCO\EventServer\Communication\dotNet\VideoOS.EventServer.Communication.UnitTest\bin\Debug\VideoOS.EventServer.Communication.UnitTest.dll" adapterTypeName="executor://mstestadapter/v1" className="VideoOS.EventServer.Communication.UnitTest.ClientPoolTest" name="CallWithRetry_ShouldPropagateException_WhenCallFailsAndRetryCountExceeded" />
    </UnitTest>
    <UnitTest name="SetRetentionValue_ShouldStillClearList_WhenClientIsNull" storage="d:\actions-runner\_work\xpco\xpco\eventserver\communication\dotnet\videoos.eventserver.communication.unittest\bin\debug\videoos.eventserver.communication.unittest.dll" id="3ce1b2ee-b6f6-1202-1712-327267d62eb5">
      <Execution id="7efba717-1c61-4a1d-8a41-15b6473b6bc9" />
      <TestMethod codeBase="D:\actions-runner\_work\XPCO\XPCO\EventServer\Communication\dotNet\VideoOS.EventServer.Communication.UnitTest\bin\Debug\VideoOS.EventServer.Communication.UnitTest.dll" adapterTypeName="executor://mstestadapter/v1" className="VideoOS.EventServer.Communication.UnitTest.Configuration.EventRetentionUpdateTest" name="SetRetentionValue_ShouldStillClearList_WhenClientIsNull" />
    </UnitTest>
    <UnitTest name="CallWithRetryWithRetryCount_ShouldRetryAtMostRetryCount_WhenCallFails" storage="d:\actions-runner\_work\xpco\xpco\eventserver\communication\dotnet\videoos.eventserver.communication.unittest\bin\debug\videoos.eventserver.communication.unittest.dll" id="ae9c8ff4-982b-a769-91eb-d2d18b3554ae">
      <Execution id="eb361eb2-a1d3-4fd2-8dd0-acd83f84a87f" />
      <TestMethod codeBase="D:\actions-runner\_work\XPCO\XPCO\EventServer\Communication\dotNet\VideoOS.EventServer.Communication.UnitTest\bin\Debug\VideoOS.EventServer.Communication.UnitTest.dll" adapterTypeName="executor://mstestadapter/v1" className="VideoOS.EventServer.Communication.UnitTest.ClientPoolTest" name="CallWithRetryWithRetryCount_ShouldRetryAtMostRetryCount_WhenCallFails" />
    </UnitTest>
    <UnitTest name="CallWithRetry_ShouldThrowArgumentOutOfRangeException_WhenRetryCountIsSmallerThanZero" storage="d:\actions-runner\_work\xpco\xpco\eventserver\communication\dotnet\videoos.eventserver.communication.unittest\bin\debug\videoos.eventserver.communication.unittest.dll" id="33465d6c-cc88-486b-128c-1354dace62da">
      <Execution id="890dfd24-6e45-47cd-9cf0-b0abc2967ee4" />
      <TestMethod codeBase="D:\actions-runner\_work\XPCO\XPCO\EventServer\Communication\dotNet\VideoOS.EventServer.Communication.UnitTest\bin\Debug\VideoOS.EventServer.Communication.UnitTest.dll" adapterTypeName="executor://mstestadapter/v1" className="VideoOS.EventServer.Communication.UnitTest.ClientPoolTest" name="CallWithRetry_ShouldThrowArgumentOutOfRangeException_WhenRetryCountIsSmallerThanZero" />
    </UnitTest>
    <UnitTest name="CallWithRetry_ShouldNotCatchTimeoutException_WhenCallThrowsTimeoutException" storage="d:\actions-runner\_work\xpco\xpco\eventserver\communication\dotnet\videoos.eventserver.communication.unittest\bin\debug\videoos.eventserver.communication.unittest.dll" id="c424599a-2a28-6233-d147-7011b9cc4737">
      <Execution id="e037dea8-4271-4183-b438-6406da4b560b" />
      <TestMethod codeBase="D:\actions-runner\_work\XPCO\XPCO\EventServer\Communication\dotNet\VideoOS.EventServer.Communication.UnitTest\bin\Debug\VideoOS.EventServer.Communication.UnitTest.dll" adapterTypeName="executor://mstestadapter/v1" className="VideoOS.EventServer.Communication.UnitTest.ClientPoolTest" name="CallWithRetry_ShouldNotCatchTimeoutException_WhenCallThrowsTimeoutException" />
    </UnitTest>
    <UnitTest name="CallWithRetry_ShouldReturnResult_WhenCallSucceedsImmediately" storage="d:\actions-runner\_work\xpco\xpco\eventserver\communication\dotnet\videoos.eventserver.communication.unittest\bin\debug\videoos.eventserver.communication.unittest.dll" id="81e98247-83a8-c685-1fe7-2e644bcb0790">
      <Execution id="b1ce48b0-2548-403f-a3a6-3d76e1353846" />
      <TestMethod codeBase="D:\actions-runner\_work\XPCO\XPCO\EventServer\Communication\dotNet\VideoOS.EventServer.Communication.UnitTest\bin\Debug\VideoOS.EventServer.Communication.UnitTest.dll" adapterTypeName="executor://mstestadapter/v1" className="VideoOS.EventServer.Communication.UnitTest.ClientPoolTest" name="CallWithRetry_ShouldReturnResult_WhenCallSucceedsImmediately" />
    </UnitTest>
    <UnitTest name="ServersWithEventServer_ShouldExcludeServers_WithEventServerVersionLowerThanSpecified" storage="d:\actions-runner\_work\xpco\xpco\eventserver\communication\dotnet\videoos.eventserver.communication.unittest\bin\debug\videoos.eventserver.communication.unittest.dll" id="4bc5aa20-97b0-ad0d-2acb-7f5aecd18a33">
      <Execution id="18bee86e-6e8a-459b-8f37-b5a092e8d0c6" />
      <TestMethod codeBase="D:\actions-runner\_work\XPCO\XPCO\EventServer\Communication\dotNet\VideoOS.EventServer.Communication.UnitTest\bin\Debug\VideoOS.EventServer.Communication.UnitTest.dll" adapterTypeName="executor://mstestadapter/v1" className="VideoOS.EventServer.Communication.UnitTest.ServerReceiverTest" name="ServersWithEventServer_ShouldExcludeServers_WithEventServerVersionLowerThanSpecified" />
    </UnitTest>
  </TestDefinitions>
  <TestEntries>
    <TestEntry testId="803948d0-ae0c-14ec-9988-79e8e3a3857c" executionId="690442c5-1004-4946-a9f9-68d25b96ffe2" testListId="8c84fa94-04c1-424b-9868-57a2d4851a1d" />
    <TestEntry testId="c424599a-2a28-6233-d147-7011b9cc4737" executionId="e037dea8-4271-4183-b438-6406da4b560b" testListId="8c84fa94-04c1-424b-9868-57a2d4851a1d" />
    <TestEntry testId="141114a2-d64d-4f1a-a8b7-7c50cdbb1c26" executionId="bfc8bc60-99d7-4c88-b29b-e802de0c77a5" testListId="8c84fa94-04c1-424b-9868-57a2d4851a1d" />
    <TestEntry testId="81e98247-83a8-c685-1fe7-2e644bcb0790" executionId="b1ce48b0-2548-403f-a3a6-3d76e1353846" testListId="8c84fa94-04c1-424b-9868-57a2d4851a1d" />
    <TestEntry testId="95fa3ec3-a0e4-4204-9f65-2dcc95428c1c" executionId="b5f7f0a3-e913-4cc0-ad48-83b0ebc20c23" testListId="8c84fa94-04c1-424b-9868-57a2d4851a1d" />
    <TestEntry testId="3ce1b2ee-b6f6-1202-1712-327267d62eb5" executionId="7efba717-1c61-4a1d-8a41-15b6473b6bc9" testListId="8c84fa94-04c1-424b-9868-57a2d4851a1d" />
    <TestEntry testId="f3377996-4830-8266-cdad-64597e1a1b0a" executionId="d96fd13a-b5df-46f7-a567-99cb7a508e39" testListId="8c84fa94-04c1-424b-9868-57a2d4851a1d" />
    <TestEntry testId="ae9c8ff4-982b-a769-91eb-d2d18b3554ae" executionId="eb361eb2-a1d3-4fd2-8dd0-acd83f84a87f" testListId="8c84fa94-04c1-424b-9868-57a2d4851a1d" />
    <TestEntry testId="4bc5aa20-97b0-ad0d-2acb-7f5aecd18a33" executionId="18bee86e-6e8a-459b-8f37-b5a092e8d0c6" testListId="8c84fa94-04c1-424b-9868-57a2d4851a1d" />
    <TestEntry testId="37d76f23-4a39-0694-3b5e-91de4b99dfa3" executionId="e773bd57-8c17-47c9-b126-183c840b033e" testListId="8c84fa94-04c1-424b-9868-57a2d4851a1d" />
    <TestEntry testId="d523f139-9b85-fe84-5712-9e6e480e0e64" executionId="c3b32294-6f4f-4bd7-a698-a3d7609ed638" testListId="8c84fa94-04c1-424b-9868-57a2d4851a1d" />
    <TestEntry testId="33465d6c-cc88-486b-128c-1354dace62da" executionId="890dfd24-6e45-47cd-9cf0-b0abc2967ee4" testListId="8c84fa94-04c1-424b-9868-57a2d4851a1d" />
    <TestEntry testId="2322fc73-f833-21b1-33aa-74836a066ddc" executionId="5dcf7c21-1e03-46ea-86b6-c220adddaf60" testListId="8c84fa94-04c1-424b-9868-57a2d4851a1d" />
    <TestEntry testId="db5217fe-b14e-7f83-e10a-c52fc96c77bf" executionId="3d25e726-e667-4649-9b6f-8f976641bdb4" testListId="8c84fa94-04c1-424b-9868-57a2d4851a1d" />
    <TestEntry testId="70067524-4c2b-e2f1-cc30-dba4b7ef3d2a" executionId="29e53812-3044-4f93-a8f3-8fffa6c1e02c" testListId="8c84fa94-04c1-424b-9868-57a2d4851a1d" />
    <TestEntry testId="79b5770f-b295-c5d8-bee4-5210059a9279" executionId="faff1b2a-daad-4903-97de-711f65a45749" testListId="8c84fa94-04c1-424b-9868-57a2d4851a1d" />
  </TestEntries>
  <TestLists>
    <TestList name="Results Not in a List" id="8c84fa94-04c1-424b-9868-57a2d4851a1d" />
    <TestList name="All Loaded Results" id="19431567-8539-422a-85d7-44ee4e166bda" />
  </TestLists>
  <ResultSummary outcome="Completed">
    <Counters total="16" executed="16" passed="16" failed="0" error="0" timeout="0" aborted="0" inconclusive="0" passedButRunAborted="0" notRunnable="0" notExecuted="0" disconnected="0" warning="0" completed="0" inProgress="0" pending="0" />
  </ResultSummary>
</TestRun>