<?xml version="1.0" encoding="utf-8"?>
<TestRun id="49fce444-7fbc-4a15-988b-0dda6616d170" name="DKSR-EFI-04$@DKSR-EFI-04 2023-12-22 09:32:59" runUser="NT AUTHORITY\NETWORK SERVICE" xmlns="http://microsoft.com/schemas/VisualStudio/TeamTest/2010">
  <Times creation="2023-12-22T09:32:59.5217164+01:00" queuing="2023-12-22T09:32:59.5217164+01:00" start="2023-12-22T09:32:51.4435520+01:00" finish="2023-12-22T09:32:59.8342176+01:00" />
  <TestSettings name="default" id="74daf2d2-66be-4568-b2ac-bf115afab6fa">
    <Deployment runDeploymentRoot="DKSR-EFI-04$_DKSR-EFI-04_2023-12-22_09_32_59" />
  </TestSettings>
  <Results>
    <UnitTestResult executionId="fa5b48a1-78f9-4a5f-b823-6723e3af8cc1" testId="f1131939-32b4-03c6-f28c-8fae23cbf6e8" testName="RecorderConfigSettingsTest_WithSystemData" computerName="DKSR-EFI-04" duration="00:00:00.0140253" startTime="2023-12-22T09:32:59.4748403+01:00" endTime="2023-12-22T09:32:59.4904651+01:00" testType="13cdc9d9-ddb5-4fa4-a97d-d965ccfc6d4b" outcome="Passed" testListId="8c84fa94-04c1-424b-9868-57a2d4851a1d" relativeResultsDirectory="fa5b48a1-78f9-4a5f-b823-6723e3af8cc1" />
    <UnitTestResult executionId="955df4e7-65d9-429f-b241-3a02d31dc9a4" testId="0a01db17-3237-050f-5b8b-3fa4fbf566c1" testName="RecorderConfigSettingsTest_NoSystemData" computerName="DKSR-EFI-04" duration="00:00:00.0007323" startTime="2023-12-22T09:32:59.5060902+01:00" endTime="2023-12-22T09:32:59.5060902+01:00" testType="13cdc9d9-ddb5-4fa4-a97d-d965ccfc6d4b" outcome="Passed" testListId="8c84fa94-04c1-424b-9868-57a2d4851a1d" relativeResultsDirectory="955df4e7-65d9-429f-b241-3a02d31dc9a4" />
    <UnitTestResult executionId="69722755-748f-4304-adba-99d0e086099d" testId="831cb234-f72e-c993-1aff-0b81f06cae63" testName="RecorderConfigSettingsTest_NoSystemData_SetLastWebApiPublicUriDnsEndpoint" computerName="DKSR-EFI-04" duration="00:00:01.0189443" startTime="2023-12-22T09:32:58.0373326+01:00" endTime="2023-12-22T09:32:59.4279639+01:00" testType="13cdc9d9-ddb5-4fa4-a97d-d965ccfc6d4b" outcome="Passed" testListId="8c84fa94-04c1-424b-9868-57a2d4851a1d" relativeResultsDirectory="69722755-748f-4304-adba-99d0e086099d" />
  </Results>
  <TestDefinitions>
    <UnitTest name="RecorderConfigSettingsTest_NoSystemData" storage="d:\actions-runner\_work\xpco\xpco\corporate\recordingserver\recorderservice\tst\recorder.uacparts.unittests\bin\x64\debug\net472\recorder.uacparts.unittests.dll" id="0a01db17-3237-050f-5b8b-3fa4fbf566c1">
      <Execution id="955df4e7-65d9-429f-b241-3a02d31dc9a4" />
      <TestMethod codeBase="D:\actions-runner\_work\XPCO\XPCO\Corporate\RecordingServer\RecorderService\tst\Recorder.UACParts.UnitTests\bin\x64\Debug\net472\Recorder.UACParts.UnitTests.dll" adapterTypeName="executor://mstestadapter/v2" className="Recorder.UACParts.UnitTests.RecorderConfigSettingsTest" name="RecorderConfigSettingsTest_NoSystemData" />
    </UnitTest>
    <UnitTest name="RecorderConfigSettingsTest_WithSystemData" storage="d:\actions-runner\_work\xpco\xpco\corporate\recordingserver\recorderservice\tst\recorder.uacparts.unittests\bin\x64\debug\net472\recorder.uacparts.unittests.dll" id="f1131939-32b4-03c6-f28c-8fae23cbf6e8">
      <Execution id="fa5b48a1-78f9-4a5f-b823-6723e3af8cc1" />
      <TestMethod codeBase="D:\actions-runner\_work\XPCO\XPCO\Corporate\RecordingServer\RecorderService\tst\Recorder.UACParts.UnitTests\bin\x64\Debug\net472\Recorder.UACParts.UnitTests.dll" adapterTypeName="executor://mstestadapter/v2" className="Recorder.UACParts.UnitTests.RecorderConfigSettingsTest" name="RecorderConfigSettingsTest_WithSystemData" />
    </UnitTest>
    <UnitTest name="RecorderConfigSettingsTest_NoSystemData_SetLastWebApiPublicUriDnsEndpoint" storage="d:\actions-runner\_work\xpco\xpco\corporate\recordingserver\recorderservice\tst\recorder.uacparts.unittests\bin\x64\debug\net472\recorder.uacparts.unittests.dll" id="831cb234-f72e-c993-1aff-0b81f06cae63">
      <Execution id="69722755-748f-4304-adba-99d0e086099d" />
      <TestMethod codeBase="D:\actions-runner\_work\XPCO\XPCO\Corporate\RecordingServer\RecorderService\tst\Recorder.UACParts.UnitTests\bin\x64\Debug\net472\Recorder.UACParts.UnitTests.dll" adapterTypeName="executor://mstestadapter/v2" className="Recorder.UACParts.UnitTests.RecorderConfigSettingsTest" name="RecorderConfigSettingsTest_NoSystemData_SetLastWebApiPublicUriDnsEndpoint" />
    </UnitTest>
  </TestDefinitions>
  <TestEntries>
    <TestEntry testId="f1131939-32b4-03c6-f28c-8fae23cbf6e8" executionId="fa5b48a1-78f9-4a5f-b823-6723e3af8cc1" testListId="8c84fa94-04c1-424b-9868-57a2d4851a1d" />
    <TestEntry testId="0a01db17-3237-050f-5b8b-3fa4fbf566c1" executionId="955df4e7-65d9-429f-b241-3a02d31dc9a4" testListId="8c84fa94-04c1-424b-9868-57a2d4851a1d" />
    <TestEntry testId="831cb234-f72e-c993-1aff-0b81f06cae63" executionId="69722755-748f-4304-adba-99d0e086099d" testListId="8c84fa94-04c1-424b-9868-57a2d4851a1d" />
  </TestEntries>
  <TestLists>
    <TestList name="Results Not in a List" id="8c84fa94-04c1-424b-9868-57a2d4851a1d" />
    <TestList name="All Loaded Results" id="19431567-8539-422a-85d7-44ee4e166bda" />
  </TestLists>
  <ResultSummary outcome="Completed">
    <Counters total="3" executed="3" passed="3" failed="0" error="0" timeout="0" aborted="0" inconclusive="0" passedButRunAborted="0" notRunnable="0" notExecuted="0" disconnected="0" warning="0" completed="0" inProgress="0" pending="0" />
  </ResultSummary>
</TestRun>