<?xml version="1.0" encoding="utf-8"?>
<TestRun id="2c4bac39-ff1a-4727-bbef-475e7746f1f6" name="DKSR-EFI-04$@DKSR-EFI-04 2023-12-22 09:34:18" runUser="NT AUTHORITY\NETWORK SERVICE" xmlns="http://microsoft.com/schemas/VisualStudio/TeamTest/2010">
  <Times creation="2023-12-22T09:34:18.4439752+01:00" queuing="2023-12-22T09:34:18.4439752+01:00" start="2023-12-22T09:34:09.1314293+01:00" finish="2023-12-22T09:34:46.9597464+01:00" />
  <TestSettings name="default" id="093368f2-195e-4feb-8e15-6ed4c8dfe038">
    <Deployment runDeploymentRoot="DKSR-EFI-04$_DKSR-EFI-04_2023-12-22_09_34_18" />
  </TestSettings>
  <Results>
    <UnitTestResult executionId="5dfce041-f079-4bbb-9f70-12ece96ec1e4" testId="afe8f66e-42c6-0a57-f65b-6396de58b87a" testName="TestWcfObject_GetWcfObjectWithoutExtent_Success" computerName="DKSR-EFI-04" duration="00:00:00.0005809" startTime="2023-12-22T09:34:23.8502520+01:00" endTime="2023-12-22T09:34:23.8502520+01:00" testType="13cdc9d9-ddb5-4fa4-a97d-d965ccfc6d4b" outcome="Passed" testListId="8c84fa94-04c1-424b-9868-57a2d4851a1d" relativeResultsDirectory="5dfce041-f079-4bbb-9f70-12ece96ec1e4" />
    <UnitTestResult executionId="49f26922-8483-482d-9925-67d44ea6ad96" testId="7d27d824-0743-e376-9195-513be1f269d1" testName="TestConstructor_ParsingWcfObject_Success" computerName="DKSR-EFI-04" duration="00:00:00.0012751" startTime="2023-12-22T09:34:24.4283811+01:00" endTime="2023-12-22T09:34:24.4283811+01:00" testType="13cdc9d9-ddb5-4fa4-a97d-d965ccfc6d4b" outcome="Passed" testListId="8c84fa94-04c1-424b-9868-57a2d4851a1d" relativeResultsDirectory="49f26922-8483-482d-9925-67d44ea6ad96" />
    <UnitTestResult executionId="ec955fdd-3b58-4da7-83ae-2aefa08117f9" testId="71713aaf-5d5f-848f-53a9-972129459e12" testName="TestProperties_GetPropertiesFromWcfObjectWithNullPosition_Success" computerName="DKSR-EFI-04" duration="00:00:00.0009442" startTime="2023-12-22T09:34:22.9752496+01:00" endTime="2023-12-22T09:34:22.9752496+01:00" testType="13cdc9d9-ddb5-4fa4-a97d-d965ccfc6d4b" outcome="Passed" testListId="8c84fa94-04c1-424b-9868-57a2d4851a1d" relativeResultsDirectory="ec955fdd-3b58-4da7-83ae-2aefa08117f9" />
    <UnitTestResult executionId="44846d8d-c9fc-4dc3-b7e8-5c94bf30bac0" testId="dddb05dc-f038-643f-0ca6-be77adfeb26d" testName="TestUpdateLevel_MultipleRows_Failure" computerName="DKSR-EFI-04" duration="00:00:00.0146488" startTime="2023-12-22T09:34:21.7252426+01:00" endTime="2023-12-22T09:34:21.7408682+01:00" testType="13cdc9d9-ddb5-4fa4-a97d-d965ccfc6d4b" outcome="Passed" testListId="8c84fa94-04c1-424b-9868-57a2d4851a1d" relativeResultsDirectory="44846d8d-c9fc-4dc3-b7e8-5c94bf30bac0" />
    <UnitTestResult executionId="a95c1cfd-b7ef-49be-8749-fb3086534535" testId="6513a362-7586-99fe-06c9-3880bce55ec5" testName="TestConstructor_ParsingWcfObjectWithNull_Success" computerName="DKSR-EFI-04" duration="00:00:00.0013405" startTime="2023-12-22T09:34:23.2408758+01:00" endTime="2023-12-22T09:34:23.2565002+01:00" testType="13cdc9d9-ddb5-4fa4-a97d-d965ccfc6d4b" outcome="Passed" testListId="8c84fa94-04c1-424b-9868-57a2d4851a1d" relativeResultsDirectory="a95c1cfd-b7ef-49be-8749-fb3086534535" />
    <UnitTestResult executionId="8e72f9f5-836d-4be8-bb5a-b9ae0e883366" testId="f8d3c84c-0871-1507-fccd-0fe0f76809c0" testName="TestConstructor_ParsingWcfObjectInvalidOutline_NotEnoughPoints_Failure" computerName="DKSR-EFI-04" duration="00:00:00.0010836" startTime="2023-12-22T09:34:46.0847397+01:00" endTime="2023-12-22T09:34:46.0847397+01:00" testType="13cdc9d9-ddb5-4fa4-a97d-d965ccfc6d4b" outcome="Passed" testListId="8c84fa94-04c1-424b-9868-57a2d4851a1d" relativeResultsDirectory="8e72f9f5-836d-4be8-bb5a-b9ae0e883366" />
    <UnitTestResult executionId="5de94be5-fe0e-4f28-9079-c583eb23bc92" testId="82d5db02-e94e-3b02-ad01-51ee97ec021c" testName="Send" computerName="DKSR-EFI-04" duration="00:00:00.0007130" startTime="2023-12-22T09:34:18.8658555+01:00" endTime="2023-12-22T09:34:18.8658555+01:00" testType="13cdc9d9-ddb5-4fa4-a97d-d965ccfc6d4b" outcome="Passed" testListId="8c84fa94-04c1-424b-9868-57a2d4851a1d" relativeResultsDirectory="5de94be5-fe0e-4f28-9079-c583eb23bc92" />
    <UnitTestResult executionId="b27e32fa-b74f-457f-9d3e-55c18d2127c6" testId="976aee34-4917-6995-10e6-86b8ca5eef0f" testName="TestUpdateProperties_UpdateAllProperties_Success" computerName="DKSR-EFI-04" duration="00:00:00.0005273" startTime="2023-12-22T09:34:22.7877481+01:00" endTime="2023-12-22T09:34:22.7877481+01:00" testType="13cdc9d9-ddb5-4fa4-a97d-d965ccfc6d4b" outcome="Passed" testListId="8c84fa94-04c1-424b-9868-57a2d4851a1d" relativeResultsDirectory="b27e32fa-b74f-457f-9d3e-55c18d2127c6" />
    <UnitTestResult executionId="1c09bfe5-7bae-4e10-a615-886db23018bb" testId="92cc9c71-ec15-863d-b9f8-3aa43a78bfd8" testName="TestWcfObject_GetWcfObjectWithoutTransformInfo_Success" computerName="DKSR-EFI-04" duration="00:00:00.0009998" startTime="2023-12-22T09:34:24.3815054+01:00" endTime="2023-12-22T09:34:24.3815054+01:00" testType="13cdc9d9-ddb5-4fa4-a97d-d965ccfc6d4b" outcome="Passed" testListId="8c84fa94-04c1-424b-9868-57a2d4851a1d" relativeResultsDirectory="1c09bfe5-7bae-4e10-a615-886db23018bb" />
    <UnitTestResult executionId="051751eb-da7a-46fe-964d-c0a6a5e39f32" testId="1c685bac-9cf9-24a9-fa5d-c79bcef4a504" testName="TestAuditLog_AuditLogLevelChanged_WithNoOldMapItems_Success" computerName="DKSR-EFI-04" duration="00:00:00.0200462" startTime="2023-12-22T09:34:46.3034911+01:00" endTime="2023-12-22T09:34:46.3191163+01:00" testType="13cdc9d9-ddb5-4fa4-a97d-d965ccfc6d4b" outcome="Passed" testListId="8c84fa94-04c1-424b-9868-57a2d4851a1d" relativeResultsDirectory="051751eb-da7a-46fe-964d-c0a6a5e39f32" />
    <UnitTestResult executionId="690aa267-dd11-4e15-817d-ac9375b710f2" testId="04d32b04-a6b3-be0c-303a-92162a097429" testName="TestProperties_GetProperties_Success" computerName="DKSR-EFI-04" duration="00:00:00.0010092" startTime="2023-12-22T09:34:24.2096303+01:00" endTime="2023-12-22T09:34:24.2096303+01:00" testType="13cdc9d9-ddb5-4fa4-a97d-d965ccfc6d4b" outcome="Passed" testListId="8c84fa94-04c1-424b-9868-57a2d4851a1d" relativeResultsDirectory="690aa267-dd11-4e15-817d-ac9375b710f2" />
    <UnitTestResult executionId="b001ef66-cf16-4e34-a764-9623427233aa" testId="5db8fd22-a9d2-d160-c154-7e7334ba659b" testName="InitializeIndex_3Items_Clusters_Levels" computerName="DKSR-EFI-04" duration="00:00:00.0079706" startTime="2023-12-22T09:34:24.5690058+01:00" endTime="2023-12-22T09:34:24.5690058+01:00" testType="13cdc9d9-ddb5-4fa4-a97d-d965ccfc6d4b" outcome="Passed" testListId="8c84fa94-04c1-424b-9868-57a2d4851a1d" relativeResultsDirectory="b001ef66-cf16-4e34-a764-9623427233aa" />
    <UnitTestResult executionId="85feec13-0a40-49a8-a078-77359708b837" testId="ec3dc390-40fa-2306-12dc-573ec97177fd" testName="TestAddLevels_DatabaseException_Failure" computerName="DKSR-EFI-04" duration="00:00:00.0051966" startTime="2023-12-22T09:34:21.6158681+01:00" endTime="2023-12-22T09:34:21.6158681+01:00" testType="13cdc9d9-ddb5-4fa4-a97d-d965ccfc6d4b" outcome="Passed" testListId="8c84fa94-04c1-424b-9868-57a2d4851a1d" relativeResultsDirectory="85feec13-0a40-49a8-a078-77359708b837" />
    <UnitTestResult executionId="081d70db-34a1-4a99-bf36-fed02e2fbb27" testId="13c32928-d3d0-38ae-6cc6-920f38100b74" testName="TestPropertyNames_GettingPropertyNames_Success" computerName="DKSR-EFI-04" duration="00:00:00.0018012" startTime="2023-12-22T09:34:24.0846291+01:00" endTime="2023-12-22T09:34:24.1002549+01:00" testType="13cdc9d9-ddb5-4fa4-a97d-d965ccfc6d4b" outcome="Passed" testListId="8c84fa94-04c1-424b-9868-57a2d4851a1d" relativeResultsDirectory="081d70db-34a1-4a99-bf36-fed02e2fbb27" />
    <UnitTestResult executionId="9db12dab-a99e-472b-a307-141c72d3f4b8" testId="4ad3d293-a459-4607-b5a6-c41dabb71206" testName="TestWcfObject_GetWcfObject_Success" computerName="DKSR-EFI-04" duration="00:00:00.0025745" startTime="2023-12-22T09:34:23.2565002+01:00" endTime="2023-12-22T09:34:23.2721256+01:00" testType="13cdc9d9-ddb5-4fa4-a97d-d965ccfc6d4b" outcome="Passed" testListId="8c84fa94-04c1-424b-9868-57a2d4851a1d" relativeResultsDirectory="9db12dab-a99e-472b-a307-141c72d3f4b8" />
    <UnitTestResult executionId="ef68baa1-1151-4626-ab50-e824077f3e3b" testId="84324c5d-7da7-f9ce-0616-e7ba25587da8" testName="IsOnLevel" computerName="DKSR-EFI-04" duration="00:00:00.0119698" startTime="2023-12-22T09:34:45.9128650+01:00" endTime="2023-12-22T09:34:45.9284905+01:00" testType="13cdc9d9-ddb5-4fa4-a97d-d965ccfc6d4b" outcome="Passed" testListId="8c84fa94-04c1-424b-9868-57a2d4851a1d" relativeResultsDirectory="ef68baa1-1151-4626-ab50-e824077f3e3b" />
    <UnitTestResult executionId="2dec85c0-32bc-404a-9721-1dbd0c6dcab8" testId="2627f119-e8a5-4430-1919-8ee30c0b561d" testName="TestUpdateProperties_UpdateAllProperties_Success" computerName="DKSR-EFI-04" duration="00:00:00.0027540" startTime="2023-12-22T09:34:23.9753088+01:00" endTime="2023-12-22T09:34:23.9753088+01:00" testType="13cdc9d9-ddb5-4fa4-a97d-d965ccfc6d4b" outcome="Passed" testListId="8c84fa94-04c1-424b-9868-57a2d4851a1d" relativeResultsDirectory="2dec85c0-32bc-404a-9721-1dbd0c6dcab8" />
    <UnitTestResult executionId="47cfeec8-d897-40a9-a7eb-1730e37d4804" testId="1a5ed80b-31fa-9edf-9977-d986cb1e8e1d" testName="OnLevelsAdded" computerName="DKSR-EFI-04" duration="00:00:00.0014012" startTime="2023-12-22T09:34:18.8502277+01:00" endTime="2023-12-22T09:34:18.8502277+01:00" testType="13cdc9d9-ddb5-4fa4-a97d-d965ccfc6d4b" outcome="Passed" testListId="8c84fa94-04c1-424b-9868-57a2d4851a1d" relativeResultsDirectory="47cfeec8-d897-40a9-a7eb-1730e37d4804" />
    <UnitTestResult executionId="6559a692-1cb5-4e50-a7c2-f53648d7a0b7" testId="47589e2e-4b76-47f2-c72b-72b4285b8c83" testName="TestAddBuildings_NullOutline_Failure" computerName="DKSR-EFI-04" duration="00:00:00.0034660" startTime="2023-12-22T09:34:20.8814864+01:00" endTime="2023-12-22T09:34:20.8814864+01:00" testType="13cdc9d9-ddb5-4fa4-a97d-d965ccfc6d4b" outcome="Passed" testListId="8c84fa94-04c1-424b-9868-57a2d4851a1d" relativeResultsDirectory="6559a692-1cb5-4e50-a7c2-f53648d7a0b7" />
    <UnitTestResult executionId="90b2675c-ed0c-499b-bd7d-393df6058379" testId="460657b9-140b-2240-063b-76a23862caf9" testName="Open_OpensComandsAndHostsInTheOrder" computerName="DKSR-EFI-04" duration="00:00:00.0091936" startTime="2023-12-22T09:34:18.3814768+01:00" endTime="2023-12-22T09:34:18.3814768+01:00" testType="13cdc9d9-ddb5-4fa4-a97d-d965ccfc6d4b" outcome="Passed" testListId="8c84fa94-04c1-424b-9868-57a2d4851a1d" relativeResultsDirectory="90b2675c-ed0c-499b-bd7d-393df6058379" />
    <UnitTestResult executionId="3ff173ac-14b6-4ca5-ab7e-7275abd8c8bc" testId="62b9fc9b-83f4-c639-183f-4922d8cc804d" testName="TestConstructor_Success" computerName="DKSR-EFI-04" duration="00:00:00.0002339" startTime="2023-12-22T09:34:22.7877481+01:00" endTime="2023-12-22T09:34:22.7877481+01:00" testType="13cdc9d9-ddb5-4fa4-a97d-d965ccfc6d4b" outcome="Passed" testListId="8c84fa94-04c1-424b-9868-57a2d4851a1d" relativeResultsDirectory="3ff173ac-14b6-4ca5-ab7e-7275abd8c8bc" />
    <UnitTestResult executionId="740a9c07-8711-4fe1-b14c-d2c6d4e10f4a" testId="995898c9-3176-c650-4198-443359757cf6" testName="TestProperties_GetProperties_Success" computerName="DKSR-EFI-04" duration="00:00:00.0020219" startTime="2023-12-22T09:34:23.7096288+01:00" endTime="2023-12-22T09:34:23.7096288+01:00" testType="13cdc9d9-ddb5-4fa4-a97d-d965ccfc6d4b" outcome="Passed" testListId="8c84fa94-04c1-424b-9868-57a2d4851a1d" relativeResultsDirectory="740a9c07-8711-4fe1-b14c-d2c6d4e10f4a" />
    <UnitTestResult executionId="d1055447-df25-445b-81a6-779aaefeb9a5" testId="37128e0d-32e5-a3ed-d148-3436bf935bb1" testName="TestAuditLog_AuditLogWithNullItemAuditParameters_Failure" computerName="DKSR-EFI-04" duration="00:00:00.0016914" startTime="2023-12-22T09:34:22.9752496+01:00" endTime="2023-12-22T09:34:22.9752496+01:00" testType="13cdc9d9-ddb5-4fa4-a97d-d965ccfc6d4b" outcome="Passed" testListId="8c84fa94-04c1-424b-9868-57a2d4851a1d" relativeResultsDirectory="d1055447-df25-445b-81a6-779aaefeb9a5" />
    <UnitTestResult executionId="d449ad57-a741-4b60-9f74-661073a8472f" testId="6fb66f34-924f-519a-0dc3-4b14db8627a0" testName="TestConstructor_Success" computerName="DKSR-EFI-04" duration="00:00:00.0021618" startTime="2023-12-22T09:34:22.5846226+01:00" endTime="2023-12-22T09:34:22.6002478+01:00" testType="13cdc9d9-ddb5-4fa4-a97d-d965ccfc6d4b" outcome="Passed" testListId="8c84fa94-04c1-424b-9868-57a2d4851a1d" relativeResultsDirectory="d449ad57-a741-4b60-9f74-661073a8472f" />
    <UnitTestResult executionId="18c6aae9-e44d-4970-919f-b485f472d490" testId="e6cf7354-a8a6-7200-c1dc-f1390bf8a393" testName="TestUpdateBuildings_NullOutline_Success" computerName="DKSR-EFI-04" duration="00:00:00.0379199" startTime="2023-12-22T09:34:21.2877402+01:00" endTime="2023-12-22T09:34:21.3346146+01:00" testType="13cdc9d9-ddb5-4fa4-a97d-d965ccfc6d4b" outcome="Passed" testListId="8c84fa94-04c1-424b-9868-57a2d4851a1d" relativeResultsDirectory="18c6aae9-e44d-4970-919f-b485f472d490" />
    <UnitTestResult executionId="fe1ab280-6cb7-41f5-b22a-13399653c0ce" testId="338483c5-58e3-0e62-9540-d6618cc71c10" testName="TestPropertyNames_GettingPropertyNames_Success" computerName="DKSR-EFI-04" duration="00:00:00.0005820" startTime="2023-12-22T09:34:23.9127534+01:00" endTime="2023-12-22T09:34:23.9127534+01:00" testType="13cdc9d9-ddb5-4fa4-a97d-d965ccfc6d4b" outcome="Passed" testListId="8c84fa94-04c1-424b-9868-57a2d4851a1d" relativeResultsDirectory="fe1ab280-6cb7-41f5-b22a-13399653c0ce" />
    <UnitTestResult executionId="f21924c5-c1a4-4b1d-aebd-cf58ede6cb56" testId="70223117-1028-488e-1109-b9f75188c95f" testName="TestProperties_GetPropertiesFromWcfObject_Success" computerName="DKSR-EFI-04" duration="00:00:00.0014468" startTime="2023-12-22T09:34:22.7564989+01:00" endTime="2023-12-22T09:34:22.7564989+01:00" testType="13cdc9d9-ddb5-4fa4-a97d-d965ccfc6d4b" outcome="Passed" testListId="8c84fa94-04c1-424b-9868-57a2d4851a1d" relativeResultsDirectory="f21924c5-c1a4-4b1d-aebd-cf58ede6cb56" />
    <UnitTestResult executionId="112dd4f5-9ff1-4b15-a44f-fcaf6051361e" testId="4f79bc1b-c633-44ca-3515-6aafcfce4559" testName="TestConstructor_Success" computerName="DKSR-EFI-04" duration="00:00:00.0001837" startTime="2023-12-22T09:34:22.7721224+01:00" endTime="2023-12-22T09:34:22.7721224+01:00" testType="13cdc9d9-ddb5-4fa4-a97d-d965ccfc6d4b" outcome="Passed" testListId="8c84fa94-04c1-424b-9868-57a2d4851a1d" relativeResultsDirectory="112dd4f5-9ff1-4b15-a44f-fcaf6051361e" />
    <UnitTestResult executionId="d7516066-18dc-4d06-b447-294925fa0417" testId="7f45314b-74ac-fe0a-6d3f-b3488a713648" testName="TestProperties_GetProperties_Success" computerName="DKSR-EFI-04" duration="00:00:00.0021960" startTime="2023-12-22T09:34:24.3971308+01:00" endTime="2023-12-22T09:34:24.3971308+01:00" testType="13cdc9d9-ddb5-4fa4-a97d-d965ccfc6d4b" outcome="Passed" testListId="8c84fa94-04c1-424b-9868-57a2d4851a1d" relativeResultsDirectory="d7516066-18dc-4d06-b447-294925fa0417" />
    <UnitTestResult executionId="0c30a589-63f9-4407-94f3-8641e2cc02f3" testId="391c2548-0365-c2f4-475a-bd969cac8e30" testName="TestProperties_GetProperties_Success" computerName="DKSR-EFI-04" duration="00:00:00.0009752" startTime="2023-12-22T09:34:23.7877518+01:00" endTime="2023-12-22T09:34:23.7877518+01:00" testType="13cdc9d9-ddb5-4fa4-a97d-d965ccfc6d4b" outcome="Passed" testListId="8c84fa94-04c1-424b-9868-57a2d4851a1d" relativeResultsDirectory="0c30a589-63f9-4407-94f3-8641e2cc02f3" />
    <UnitTestResult executionId="a87112d2-7b01-4128-8309-07a34dd85ed0" testId="5d5ce1ce-dfef-b62a-1958-b2855c4d0305" testName="TestWcfObject_GetWcfObjectWithoutExtent_Success" computerName="DKSR-EFI-04" duration="00:00:00.0011092" startTime="2023-12-22T09:34:24.2252572+01:00" endTime="2023-12-22T09:34:24.2252572+01:00" testType="13cdc9d9-ddb5-4fa4-a97d-d965ccfc6d4b" outcome="Passed" testListId="8c84fa94-04c1-424b-9868-57a2d4851a1d" relativeResultsDirectory="a87112d2-7b01-4128-8309-07a34dd85ed0" />
    <UnitTestResult executionId="c45bf6f3-30b3-491e-aac0-71c580e4c577" testId="4783053d-2f52-f4a3-164e-3fc995b4bfc4" testName="TestConstructor_ParsingWcfObjectWithNull_ArgumentNullException" computerName="DKSR-EFI-04" duration="00:00:00.0013218" startTime="2023-12-22T09:34:23.7565037+01:00" endTime="2023-12-22T09:34:23.7565037+01:00" testType="13cdc9d9-ddb5-4fa4-a97d-d965ccfc6d4b" outcome="Passed" testListId="8c84fa94-04c1-424b-9868-57a2d4851a1d" relativeResultsDirectory="c45bf6f3-30b3-491e-aac0-71c580e4c577" />
    <UnitTestResult executionId="94cb2e5d-adac-449f-a2a1-bcd4aac1f381" testId="aac946e7-c21e-0fab-5585-3a355bdc1d40" testName="RemoveItems_Init5Items_Remove2" computerName="DKSR-EFI-04" duration="00:00:00.0150226" startTime="2023-12-22T09:34:24.5846311+01:00" endTime="2023-12-22T09:34:24.6002565+01:00" testType="13cdc9d9-ddb5-4fa4-a97d-d965ccfc6d4b" outcome="Passed" testListId="8c84fa94-04c1-424b-9868-57a2d4851a1d" relativeResultsDirectory="94cb2e5d-adac-449f-a2a1-bcd4aac1f381" />
    <UnitTestResult executionId="5c947c6d-bdbe-4e16-b4c4-f011bc66a51a" testId="46027892-420d-4502-59c5-18418d2a2257" testName="TestConstructor_ParsingWcfObject_Success" computerName="DKSR-EFI-04" duration="00:00:00.0051317" startTime="2023-12-22T09:34:23.2565002+01:00" endTime="2023-12-22T09:34:23.2565002+01:00" testType="13cdc9d9-ddb5-4fa4-a97d-d965ccfc6d4b" outcome="Passed" testListId="8c84fa94-04c1-424b-9868-57a2d4851a1d" relativeResultsDirectory="5c947c6d-bdbe-4e16-b4c4-f011bc66a51a" />
    <UnitTestResult executionId="dcddbf14-0afa-4acd-bb80-adad5ed1e16a" testId="fb12a45f-e00b-ba7f-6773-a1c047514c81" testName="TestUpdateProperties_UpdateAllProperties_Success" computerName="DKSR-EFI-04" duration="00:00:00.0021042" startTime="2023-12-22T09:34:22.6939983+01:00" endTime="2023-12-22T09:34:22.7096235+01:00" testType="13cdc9d9-ddb5-4fa4-a97d-d965ccfc6d4b" outcome="Passed" testListId="8c84fa94-04c1-424b-9868-57a2d4851a1d" relativeResultsDirectory="dcddbf14-0afa-4acd-bb80-adad5ed1e16a" />
    <UnitTestResult executionId="3cd636c8-6c7a-447d-9809-d88fc0247ecd" testId="8079de8f-f0df-6ac6-461b-ddb887859bfe" testName="TestReorderLevels_NoUpdates_Success" computerName="DKSR-EFI-04" duration="00:00:00.0048947" startTime="2023-12-22T09:34:21.9596185+01:00" endTime="2023-12-22T09:34:21.9596185+01:00" testType="13cdc9d9-ddb5-4fa4-a97d-d965ccfc6d4b" outcome="Passed" testListId="8c84fa94-04c1-424b-9868-57a2d4851a1d" relativeResultsDirectory="3cd636c8-6c7a-447d-9809-d88fc0247ecd" />
    <UnitTestResult executionId="a6517321-bf3a-4054-9b98-da686e1c3459" testId="abaa0fb6-9b6a-2c30-af11-e003a576c6a6" testName="TestConstructor_ParsingWcfObject_Success" computerName="DKSR-EFI-04" duration="00:00:00.0017804" startTime="2023-12-22T09:34:46.0534903+01:00" endTime="2023-12-22T09:34:46.0534903+01:00" testType="13cdc9d9-ddb5-4fa4-a97d-d965ccfc6d4b" outcome="Passed" testListId="8c84fa94-04c1-424b-9868-57a2d4851a1d" relativeResultsDirectory="a6517321-bf3a-4054-9b98-da686e1c3459" />
    <UnitTestResult executionId="18a08018-fc50-4dd1-a130-c02a4c412e96" testId="3df1e46d-4265-9c4b-8aae-0a8052487f66" testName="TestWcfObject_GetWcfObjectWithoutExtent_Success" computerName="DKSR-EFI-04" duration="00:00:00.0013876" startTime="2023-12-22T09:34:24.3346315+01:00" endTime="2023-12-22T09:34:24.3346315+01:00" testType="13cdc9d9-ddb5-4fa4-a97d-d965ccfc6d4b" outcome="Passed" testListId="8c84fa94-04c1-424b-9868-57a2d4851a1d" relativeResultsDirectory="18a08018-fc50-4dd1-a130-c02a4c412e96" />
    <UnitTestResult executionId="63d62f4a-e71d-4728-842b-43f5135e197a" testId="8d8bb28b-c96b-7c96-82f9-2f5d5cd133a4" testName="TestPropertyNames_GettingPropertyNames_Success" computerName="DKSR-EFI-04" duration="00:00:00.0028993" startTime="2023-12-22T09:34:23.9753088+01:00" endTime="2023-12-22T09:34:23.9753088+01:00" testType="13cdc9d9-ddb5-4fa4-a97d-d965ccfc6d4b" outcome="Passed" testListId="8c84fa94-04c1-424b-9868-57a2d4851a1d" relativeResultsDirectory="63d62f4a-e71d-4728-842b-43f5135e197a" />
    <UnitTestResult executionId="75b79138-1367-475d-84aa-01ac7a19916d" testId="30c0fe40-dbaf-084d-fb6c-0bc34dcf7606" testName="TestPropertyNames_GettingPropertyNames_Success" computerName="DKSR-EFI-04" duration="00:00:00.0008544" startTime="2023-12-22T09:34:24.2252572+01:00" endTime="2023-12-22T09:34:24.2252572+01:00" testType="13cdc9d9-ddb5-4fa4-a97d-d965ccfc6d4b" outcome="Passed" testListId="8c84fa94-04c1-424b-9868-57a2d4851a1d" relativeResultsDirectory="75b79138-1367-475d-84aa-01ac7a19916d" />
    <UnitTestResult executionId="1c6dfb83-3631-4cb0-8355-6be2660bfdcb" testId="20f8962c-5092-11a0-6422-f1f46c1e62a3" testName="TestAddLevels_OnlyUnknownLevels_Success" computerName="DKSR-EFI-04" duration="00:00:00.0017603" startTime="2023-12-22T09:34:21.6471165+01:00" endTime="2023-12-22T09:34:21.6471165+01:00" testType="13cdc9d9-ddb5-4fa4-a97d-d965ccfc6d4b" outcome="Passed" testListId="8c84fa94-04c1-424b-9868-57a2d4851a1d" relativeResultsDirectory="1c6dfb83-3631-4cb0-8355-6be2660bfdcb" />
    <UnitTestResult executionId="b926fca6-0e01-41d6-ae3c-06cb18c0a197" testId="2605f120-228b-701d-b7e8-650173819492" testName="TestAuditLog_AuditLogWithNullItemAuditParameters_Failure" computerName="DKSR-EFI-04" duration="00:00:00.0016163" startTime="2023-12-22T09:34:23.2877519+01:00" endTime="2023-12-22T09:34:23.2877519+01:00" testType="13cdc9d9-ddb5-4fa4-a97d-d965ccfc6d4b" outcome="Passed" testListId="8c84fa94-04c1-424b-9868-57a2d4851a1d" relativeResultsDirectory="b926fca6-0e01-41d6-ae3c-06cb18c0a197" />
    <UnitTestResult executionId="c0b0317d-d9b5-4833-baa3-bbc776fc1dc8" testId="e06aa9c2-2f66-b89a-8e9f-e1f5d3b102d6" testName="TestWcfObject_GetWcfObject_Success" computerName="DKSR-EFI-04" duration="00:00:00.0014084" startTime="2023-12-22T09:34:23.9127534+01:00" endTime="2023-12-22T09:34:23.9127534+01:00" testType="13cdc9d9-ddb5-4fa4-a97d-d965ccfc6d4b" outcome="Passed" testListId="8c84fa94-04c1-424b-9868-57a2d4851a1d" relativeResultsDirectory="c0b0317d-d9b5-4833-baa3-bbc776fc1dc8" />
    <UnitTestResult executionId="5755ddca-6c1c-4f09-b5fd-42717ef25b09" testId="ebd932fc-384b-2ed8-74b5-1ae678346fad" testName="TestAddBuildings_DatabaseException_Failure" computerName="DKSR-EFI-04" duration="00:00:00.0049569" startTime="2023-12-22T09:34:20.8971130+01:00" endTime="2023-12-22T09:34:20.8971130+01:00" testType="13cdc9d9-ddb5-4fa4-a97d-d965ccfc6d4b" outcome="Passed" testListId="8c84fa94-04c1-424b-9868-57a2d4851a1d" relativeResultsDirectory="5755ddca-6c1c-4f09-b5fd-42717ef25b09" />
    <UnitTestResult executionId="30656275-ddb6-4f79-b2f7-f8c681146176" testId="137ad688-21c5-7950-f5f5-f73ab8951791" testName="TestAddBuildings_Success" computerName="DKSR-EFI-04" duration="00:00:00.0949761" startTime="2023-12-22T09:34:20.7721142+01:00" endTime="2023-12-22T09:34:20.8658622+01:00" testType="13cdc9d9-ddb5-4fa4-a97d-d965ccfc6d4b" outcome="Passed" testListId="8c84fa94-04c1-424b-9868-57a2d4851a1d" relativeResultsDirectory="30656275-ddb6-4f79-b2f7-f8c681146176" />
    <UnitTestResult executionId="0555add3-7353-4b38-bde1-ce293939b32b" testId="70239cb1-bb29-2718-47f7-8af376b9afbe" testName="TestWcfObject_ConvertToWcfObjectWithNullLayers_Success" computerName="DKSR-EFI-04" duration="00:00:00.0030683" startTime="2023-12-22T09:34:23.6783788+01:00" endTime="2023-12-22T09:34:23.6783788+01:00" testType="13cdc9d9-ddb5-4fa4-a97d-d965ccfc6d4b" outcome="Passed" testListId="8c84fa94-04c1-424b-9868-57a2d4851a1d" relativeResultsDirectory="0555add3-7353-4b38-bde1-ce293939b32b" />
    <UnitTestResult executionId="73f5bac1-74e7-4637-ba64-d74d6e7ee471" testId="6b423d08-c227-f5f8-3808-2400a4c07d70" testName="TestWcfObject_GetWcfObject_Success" computerName="DKSR-EFI-04" duration="00:00:00.0016151" startTime="2023-12-22T09:34:23.8815031+01:00" endTime="2023-12-22T09:34:23.8815031+01:00" testType="13cdc9d9-ddb5-4fa4-a97d-d965ccfc6d4b" outcome="Passed" testListId="8c84fa94-04c1-424b-9868-57a2d4851a1d" relativeResultsDirectory="73f5bac1-74e7-4637-ba64-d74d6e7ee471" />
    <UnitTestResult executionId="431d693d-cb23-4c0e-b2fb-943e110f150b" testId="2698abb0-970e-68a1-e045-11a57211a3c2" testName="TestAuditLog_AuditLogWithNullAuditLogger_Failure" computerName="DKSR-EFI-04" duration="00:00:00.0036640" startTime="2023-12-22T09:34:23.2877519+01:00" endTime="2023-12-22T09:34:23.2877519+01:00" testType="13cdc9d9-ddb5-4fa4-a97d-d965ccfc6d4b" outcome="Passed" testListId="8c84fa94-04c1-424b-9868-57a2d4851a1d" relativeResultsDirectory="431d693d-cb23-4c0e-b2fb-943e110f150b" />
    <UnitTestResult executionId="cce9af79-4716-467c-b5a6-09af9c3af1d4" testId="ea205de9-6749-c7ef-14e7-22264f57c46c" testName="FilterAsync_ReturnsNoItems" computerName="DKSR-EFI-04" duration="00:00:00.0075017" startTime="2023-12-22T09:34:19.6783556+01:00" endTime="2023-12-22T09:34:19.6939830+01:00" testType="13cdc9d9-ddb5-4fa4-a97d-d965ccfc6d4b" outcome="Passed" testListId="8c84fa94-04c1-424b-9868-57a2d4851a1d" relativeResultsDirectory="cce9af79-4716-467c-b5a6-09af9c3af1d4" />
    <UnitTestResult executionId="19d4ce9a-11fd-4f3a-9b84-f5a0e5495ffe" testId="4042113f-4b83-0085-6b09-7141055d9279" testName="GetItemsWithin" computerName="DKSR-EFI-04" duration="00:00:00.2956932" startTime="2023-12-22T09:34:45.1159868+01:00" endTime="2023-12-22T09:34:45.4128644+01:00" testType="13cdc9d9-ddb5-4fa4-a97d-d965ccfc6d4b" outcome="Passed" testListId="8c84fa94-04c1-424b-9868-57a2d4851a1d" relativeResultsDirectory="19d4ce9a-11fd-4f3a-9b84-f5a0e5495ffe" />
    <UnitTestResult executionId="beb39e3d-5b5f-4739-93ee-c8fc2d0ad236" testId="c22901ef-4efe-dbaf-3e73-8ce1b3fe2392" testName="TestPropertyNames_GettingPropertyNames_Success" computerName="DKSR-EFI-04" duration="00:00:00.0006192" startTime="2023-12-22T09:34:23.8815031+01:00" endTime="2023-12-22T09:34:23.8815031+01:00" testType="13cdc9d9-ddb5-4fa4-a97d-d965ccfc6d4b" outcome="Passed" testListId="8c84fa94-04c1-424b-9868-57a2d4851a1d" relativeResultsDirectory="beb39e3d-5b5f-4739-93ee-c8fc2d0ad236" />
    <UnitTestResult executionId="d3c61c7a-7a11-4166-b0f7-3bb29f75ee0a" testId="19754d99-5a9a-8b2e-522b-5437c09b728b" testName="TestConstructor" computerName="DKSR-EFI-04" duration="00:00:00.0011624" startTime="2023-12-22T09:34:22.4283733+01:00" endTime="2023-12-22T09:34:22.4283733+01:00" testType="13cdc9d9-ddb5-4fa4-a97d-d965ccfc6d4b" outcome="Passed" testListId="8c84fa94-04c1-424b-9868-57a2d4851a1d" relativeResultsDirectory="d3c61c7a-7a11-4166-b0f7-3bb29f75ee0a" />
    <UnitTestResult executionId="cb413560-7e76-4491-a2f2-55d3af5ef096" testId="b7cf3514-530d-1e86-1272-e0c2103bf312" testName="ExcludeItems_Init3Items_Exclude1" computerName="DKSR-EFI-04" duration="00:00:00.0052100" startTime="2023-12-22T09:34:24.6315089+01:00" endTime="2023-12-22T09:34:24.6471368+01:00" testType="13cdc9d9-ddb5-4fa4-a97d-d965ccfc6d4b" outcome="Passed" testListId="8c84fa94-04c1-424b-9868-57a2d4851a1d" relativeResultsDirectory="cb413560-7e76-4491-a2f2-55d3af5ef096" />
    <UnitTestResult executionId="74aa1e10-841d-430e-be53-a57c73ed8717" testId="9dd600bd-7eff-5241-1cff-fe245da5daab" testName="TestConstructor_ParsingWcfObject_Success" computerName="DKSR-EFI-04" duration="00:00:00.0003275" startTime="2023-12-22T09:34:22.7721224+01:00" endTime="2023-12-22T09:34:22.7721224+01:00" testType="13cdc9d9-ddb5-4fa4-a97d-d965ccfc6d4b" outcome="Passed" testListId="8c84fa94-04c1-424b-9868-57a2d4851a1d" relativeResultsDirectory="74aa1e10-841d-430e-be53-a57c73ed8717" />
    <UnitTestResult executionId="ecb59b1e-93d4-4310-94d7-7ceec0ec771e" testId="775bb72a-5183-39b4-039e-e0e23a1976ab" testName="TestProperties_GetPropertiesFromWcfObjectWithNullViewport_Success" computerName="DKSR-EFI-04" duration="00:00:00.0006569" startTime="2023-12-22T09:34:22.7721224+01:00" endTime="2023-12-22T09:34:22.7721224+01:00" testType="13cdc9d9-ddb5-4fa4-a97d-d965ccfc6d4b" outcome="Passed" testListId="8c84fa94-04c1-424b-9868-57a2d4851a1d" relativeResultsDirectory="ecb59b1e-93d4-4310-94d7-7ceec0ec771e" />
    <UnitTestResult executionId="c20d810f-b3ad-4bbb-9a21-0bdd8cf844d2" testId="15c8ff39-d173-a012-a398-b8dcf40711af" testName="TestAuditLog_AuditLogLayerAdded_Success" computerName="DKSR-EFI-04" duration="00:00:00.0051412" startTime="2023-12-22T09:34:24.1315031+01:00" endTime="2023-12-22T09:34:24.1315031+01:00" testType="13cdc9d9-ddb5-4fa4-a97d-d965ccfc6d4b" outcome="Passed" testListId="8c84fa94-04c1-424b-9868-57a2d4851a1d" relativeResultsDirectory="c20d810f-b3ad-4bbb-9a21-0bdd8cf844d2" />
    <UnitTestResult executionId="2030e0d1-1122-47e3-98c1-8b5c0d0a4a28" testId="9a55c708-d962-076a-f8e4-d8ec5dc295cc" testName="TestAddBuildings_DatabaseException_UniqueKeyViolation_Failure" computerName="DKSR-EFI-04" duration="00:00:00.0038667" startTime="2023-12-22T09:34:20.8971130+01:00" endTime="2023-12-22T09:34:20.9127372+01:00" testType="13cdc9d9-ddb5-4fa4-a97d-d965ccfc6d4b" outcome="Passed" testListId="8c84fa94-04c1-424b-9868-57a2d4851a1d" relativeResultsDirectory="2030e0d1-1122-47e3-98c1-8b5c0d0a4a28" />
    <UnitTestResult executionId="65e501c4-75a5-4bfb-bc4f-d25c9bbb1168" testId="cf98c7bf-0c18-8bef-f9b4-06b50799a21c" testName="TestUpdateBuildingOutline_Success" computerName="DKSR-EFI-04" duration="00:00:00.0169452" startTime="2023-12-22T09:34:21.1158635+01:00" endTime="2023-12-22T09:34:21.1314912+01:00" testType="13cdc9d9-ddb5-4fa4-a97d-d965ccfc6d4b" outcome="Passed" testListId="8c84fa94-04c1-424b-9868-57a2d4851a1d" relativeResultsDirectory="65e501c4-75a5-4bfb-bc4f-d25c9bbb1168" />
    <UnitTestResult executionId="ad8ce9a0-8f4d-4bd0-adcd-1f833490eb92" testId="4e2eb5fa-c2ba-a2ca-9cc3-2b7a38a14ebf" testName="GetMipItemsByKindAndArea_WhenNoBuildings_WholeCellClusteringStrategy" computerName="DKSR-EFI-04" duration="00:00:00.0129395" startTime="2023-12-22T09:34:18.7408530+01:00" endTime="2023-12-22T09:34:18.7564768+01:00" testType="13cdc9d9-ddb5-4fa4-a97d-d965ccfc6d4b" outcome="Passed" testListId="8c84fa94-04c1-424b-9868-57a2d4851a1d" relativeResultsDirectory="ad8ce9a0-8f4d-4bd0-adcd-1f833490eb92" />
    <UnitTestResult executionId="c212cec4-b5ff-4d69-8ffb-d6c05354afd3" testId="25894435-1855-c2d6-e621-cd9632fe96ea" testName="TestAddMultipleCapabilities_Success" computerName="DKSR-EFI-04" duration="00:00:00.0014365" startTime="2023-12-22T09:34:19.7877334+01:00" endTime="2023-12-22T09:34:19.7877334+01:00" testType="13cdc9d9-ddb5-4fa4-a97d-d965ccfc6d4b" outcome="Passed" testListId="8c84fa94-04c1-424b-9868-57a2d4851a1d" relativeResultsDirectory="c212cec4-b5ff-4d69-8ffb-d6c05354afd3" />
    <UnitTestResult executionId="7c089de2-38b3-4b3b-a7d6-82f9ab4e5470" testId="9040409d-ff41-1ee4-3413-41859d6b3560" testName="TestWcfObject_GetWcfObjectWithoutExtent_Success" computerName="DKSR-EFI-04" duration="00:00:00.0003818" startTime="2023-12-22T09:34:23.7408800+01:00" endTime="2023-12-22T09:34:23.7408800+01:00" testType="13cdc9d9-ddb5-4fa4-a97d-d965ccfc6d4b" outcome="Passed" testListId="8c84fa94-04c1-424b-9868-57a2d4851a1d" relativeResultsDirectory="7c089de2-38b3-4b3b-a7d6-82f9ab4e5470" />
    <UnitTestResult executionId="605c5d44-38bd-47c8-ad73-9c0e21fe9929" testId="41f86925-900c-d030-da0d-121d966754ef" testName="TestPropertyNames_GettingPropertyNames_Success" computerName="DKSR-EFI-04" duration="00:00:00.0007815" startTime="2023-12-22T09:34:22.8502507+01:00" endTime="2023-12-22T09:34:22.8502507+01:00" testType="13cdc9d9-ddb5-4fa4-a97d-d965ccfc6d4b" outcome="Passed" testListId="8c84fa94-04c1-424b-9868-57a2d4851a1d" relativeResultsDirectory="605c5d44-38bd-47c8-ad73-9c0e21fe9929" />
    <UnitTestResult executionId="cefb2f09-56c6-49d1-a497-15cc577daedb" testId="10824584-b0ef-c30e-5e75-e9428713871e" testName="RemoveLevel" computerName="DKSR-EFI-04" duration="00:00:00.0029472" startTime="2023-12-22T09:34:45.9909934+01:00" endTime="2023-12-22T09:34:45.9909934+01:00" testType="13cdc9d9-ddb5-4fa4-a97d-d965ccfc6d4b" outcome="Passed" testListId="8c84fa94-04c1-424b-9868-57a2d4851a1d" relativeResultsDirectory="cefb2f09-56c6-49d1-a497-15cc577daedb" />
    <UnitTestResult executionId="00950c8d-5df3-40a8-b707-30253f208a3a" testId="ee55fce2-f1e0-e02e-131a-8b7e8d63f669" testName="TestConstructor_ParsingWcfObjectInvalidOutline_StartEndNotSame_Failure" computerName="DKSR-EFI-04" duration="00:00:00.0092340" startTime="2023-12-22T09:34:46.0691171+01:00" endTime="2023-12-22T09:34:46.0847397+01:00" testType="13cdc9d9-ddb5-4fa4-a97d-d965ccfc6d4b" outcome="Passed" testListId="8c84fa94-04c1-424b-9868-57a2d4851a1d" relativeResultsDirectory="00950c8d-5df3-40a8-b707-30253f208a3a" />
    <UnitTestResult executionId="835a7b27-c119-4ee4-8902-146ce6cf791d" testId="a99a19d5-d38e-a036-6805-96140b18d0f5" testName="TestWcfObject_GetWcfObject_Success" computerName="DKSR-EFI-04" duration="00:00:00.0024349" startTime="2023-12-22T09:34:23.7408800+01:00" endTime="2023-12-22T09:34:23.7408800+01:00" testType="13cdc9d9-ddb5-4fa4-a97d-d965ccfc6d4b" outcome="Passed" testListId="8c84fa94-04c1-424b-9868-57a2d4851a1d" relativeResultsDirectory="835a7b27-c119-4ee4-8902-146ce6cf791d" />
    <UnitTestResult executionId="634dd779-b364-43dc-9c29-6ff373109687" testId="a4a444d2-a093-0e84-3156-18ce740a830e" testName="RemoveItem_Levels" computerName="DKSR-EFI-04" duration="00:00:00.0014571" startTime="2023-12-22T09:34:45.9753715+01:00" endTime="2023-12-22T09:34:45.9909934+01:00" testType="13cdc9d9-ddb5-4fa4-a97d-d965ccfc6d4b" outcome="Passed" testListId="8c84fa94-04c1-424b-9868-57a2d4851a1d" relativeResultsDirectory="634dd779-b364-43dc-9c29-6ff373109687" />
    <UnitTestResult executionId="43f45ab7-0ab2-4de2-9e47-d3caebb4dd12" testId="8ce8a134-b594-8a0e-fee7-c4fad8487f31" testName="TestUpdateProperties_UpdateAllProperties_Success" computerName="DKSR-EFI-04" duration="00:00:00.0005137" startTime="2023-12-22T09:34:24.3033802+01:00" endTime="2023-12-22T09:34:24.3033802+01:00" testType="13cdc9d9-ddb5-4fa4-a97d-d965ccfc6d4b" outcome="Passed" testListId="8c84fa94-04c1-424b-9868-57a2d4851a1d" relativeResultsDirectory="43f45ab7-0ab2-4de2-9e47-d3caebb4dd12" />
    <UnitTestResult executionId="a7a43121-0178-4353-bb3b-9f653ee964aa" testId="7c611c07-a440-4519-e7e8-8b4d3c72ab3f" testName="TestAuditLog_AuditLogItemAdded_Success" computerName="DKSR-EFI-04" duration="00:00:00.0080968" startTime="2023-12-22T09:34:23.5065004+01:00" endTime="2023-12-22T09:34:23.5221269+01:00" testType="13cdc9d9-ddb5-4fa4-a97d-d965ccfc6d4b" outcome="Passed" testListId="8c84fa94-04c1-424b-9868-57a2d4851a1d" relativeResultsDirectory="a7a43121-0178-4353-bb3b-9f653ee964aa" />
    <UnitTestResult executionId="c5c58d38-186d-4263-aafe-f60f6e978a90" testId="30d72bb8-bb99-a497-ea48-8dc8e58a3e0d" testName="TestReorderLevels_NullLevels_Failure" computerName="DKSR-EFI-04" duration="00:00:00.0018563" startTime="2023-12-22T09:34:21.9439977+01:00" endTime="2023-12-22T09:34:21.9439977+01:00" testType="13cdc9d9-ddb5-4fa4-a97d-d965ccfc6d4b" outcome="Passed" testListId="8c84fa94-04c1-424b-9868-57a2d4851a1d" relativeResultsDirectory="c5c58d38-186d-4263-aafe-f60f6e978a90" />
    <UnitTestResult executionId="470cb047-efcb-4b3d-8480-bd284138f0d2" testId="8ab69463-7ecf-1f86-4159-d154b370e1e0" testName="IsOnStumpLevel" computerName="DKSR-EFI-04" duration="00:00:00.0049764" startTime="2023-12-22T09:34:45.8816161+01:00" endTime="2023-12-22T09:34:45.8816161+01:00" testType="13cdc9d9-ddb5-4fa4-a97d-d965ccfc6d4b" outcome="Passed" testListId="8c84fa94-04c1-424b-9868-57a2d4851a1d" relativeResultsDirectory="470cb047-efcb-4b3d-8480-bd284138f0d2" />
    <UnitTestResult executionId="9b8d4447-0c59-4573-8933-2125b7081401" testId="0d3fa6f1-907f-8319-f20a-9dc83eb7dd3f" testName="TestConstructor_ParsingWcfObjectWithNullPosition_Success" computerName="DKSR-EFI-04" duration="00:00:00.0009064" startTime="2023-12-22T09:34:22.9440006+01:00" endTime="2023-12-22T09:34:22.9440006+01:00" testType="13cdc9d9-ddb5-4fa4-a97d-d965ccfc6d4b" outcome="Passed" testListId="8c84fa94-04c1-424b-9868-57a2d4851a1d" relativeResultsDirectory="9b8d4447-0c59-4573-8933-2125b7081401" />
    <UnitTestResult executionId="2d4584e4-6bec-485f-ac87-fc56ae200bd2" testId="0b3147f4-13ce-8c2b-1ed2-91ce468d31a1" testName="GetMipItemsByKindAndArea_WhenExistBuildings_BuildingsAwareClusteringStrategy" computerName="DKSR-EFI-04" duration="00:00:00.0256349" startTime="2023-12-22T09:34:18.7564768+01:00" endTime="2023-12-22T09:34:18.7877277+01:00" testType="13cdc9d9-ddb5-4fa4-a97d-d965ccfc6d4b" outcome="Passed" testListId="8c84fa94-04c1-424b-9868-57a2d4851a1d" relativeResultsDirectory="2d4584e4-6bec-485f-ac87-fc56ae200bd2" />
    <UnitTestResult executionId="7552263c-3717-4f32-aae6-78f767394b2c" testId="0c4f1f0a-95e3-bfb5-a831-a21137fae764" testName="TestConstructor_ParsingWcfObjectWithNull_ArgumentNullException" computerName="DKSR-EFI-04" duration="00:00:00.0013195" startTime="2023-12-22T09:34:23.8033788+01:00" endTime="2023-12-22T09:34:23.8033788+01:00" testType="13cdc9d9-ddb5-4fa4-a97d-d965ccfc6d4b" outcome="Passed" testListId="8c84fa94-04c1-424b-9868-57a2d4851a1d" relativeResultsDirectory="7552263c-3717-4f32-aae6-78f767394b2c" />
    <UnitTestResult executionId="adbd5058-0873-4394-948a-1df5a4b6d6c9" testId="a15ebbdc-1135-c3e6-aa16-da54eb3856ea" testName="UnknownAction_LogsError" computerName="DKSR-EFI-04" duration="00:00:00.0083009" startTime="2023-12-22T09:34:19.5064821+01:00" endTime="2023-12-22T09:34:19.5064821+01:00" testType="13cdc9d9-ddb5-4fa4-a97d-d965ccfc6d4b" outcome="Passed" testListId="8c84fa94-04c1-424b-9868-57a2d4851a1d" relativeResultsDirectory="adbd5058-0873-4394-948a-1df5a4b6d6c9" />
    <UnitTestResult executionId="45106c32-74a5-47ff-b230-82d0abc1b085" testId="4ebed83d-6835-8971-b4b9-e9a7030b58d9" testName="TestProperties_GetProperties_Success" computerName="DKSR-EFI-04" duration="00:00:00.0007225" startTime="2023-12-22T09:34:23.9127534+01:00" endTime="2023-12-22T09:34:23.9283787+01:00" testType="13cdc9d9-ddb5-4fa4-a97d-d965ccfc6d4b" outcome="Passed" testListId="8c84fa94-04c1-424b-9868-57a2d4851a1d" relativeResultsDirectory="45106c32-74a5-47ff-b230-82d0abc1b085" />
    <UnitTestResult executionId="9af96830-3db2-427e-9e94-e030157fd3ab" testId="3edc7d70-d2cc-b78d-21c0-d53a11fde45f" testName="TestAddLevels_DatabaseException_UniqueKeyViolation_Failure" computerName="DKSR-EFI-04" duration="00:00:00.0048866" startTime="2023-12-22T09:34:21.6314928+01:00" endTime="2023-12-22T09:34:21.6471165+01:00" testType="13cdc9d9-ddb5-4fa4-a97d-d965ccfc6d4b" outcome="Passed" testListId="8c84fa94-04c1-424b-9868-57a2d4851a1d" relativeResultsDirectory="9af96830-3db2-427e-9e94-e030157fd3ab" />
    <UnitTestResult executionId="5af248c8-42d6-444b-aef0-7e659bc34bcd" testId="94902b9c-8ccb-9e95-a875-a13953f7dd4e" testName="TestConstructor_ParsingWcfObjectWithoutPosition_Success" computerName="DKSR-EFI-04" duration="00:00:00.0006598" startTime="2023-12-22T09:34:23.2565002+01:00" endTime="2023-12-22T09:34:23.2565002+01:00" testType="13cdc9d9-ddb5-4fa4-a97d-d965ccfc6d4b" outcome="Passed" testListId="8c84fa94-04c1-424b-9868-57a2d4851a1d" relativeResultsDirectory="5af248c8-42d6-444b-aef0-7e659bc34bcd" />
    <UnitTestResult executionId="3dd12669-a43a-4182-8d30-0a37d5308100" testId="b201038f-d230-3fcc-a842-1395635e3b05" testName="TestQueryItemsByKindAndArea_Success" computerName="DKSR-EFI-04" duration="00:00:00.1338282" startTime="2023-12-22T09:34:22.4439969+01:00" endTime="2023-12-22T09:34:22.5846226+01:00" testType="13cdc9d9-ddb5-4fa4-a97d-d965ccfc6d4b" outcome="Passed" testListId="8c84fa94-04c1-424b-9868-57a2d4851a1d" relativeResultsDirectory="3dd12669-a43a-4182-8d30-0a37d5308100" />
    <UnitTestResult executionId="e4f57974-f155-4bdd-b326-2d470ffcd674" testId="900cf850-1dbc-b7b5-448d-c8b60857d7c5" testName="AddLevel" computerName="DKSR-EFI-04" duration="00:00:00.0017932" startTime="2023-12-22T09:34:45.9909934+01:00" endTime="2023-12-22T09:34:45.9909934+01:00" testType="13cdc9d9-ddb5-4fa4-a97d-d965ccfc6d4b" outcome="Passed" testListId="8c84fa94-04c1-424b-9868-57a2d4851a1d" relativeResultsDirectory="e4f57974-f155-4bdd-b326-2d470ffcd674" />
    <UnitTestResult executionId="b3523629-fc3b-4303-a322-0d42c9db452e" testId="88e33ecc-1d69-5a15-9df5-5b622ecf64fa" testName="Test_DeleteLevel_NonExistingId_Succes" computerName="DKSR-EFI-04" duration="00:00:00.0144697" startTime="2023-12-22T09:34:22.0064999+01:00" endTime="2023-12-22T09:34:22.0221198+01:00" testType="13cdc9d9-ddb5-4fa4-a97d-d965ccfc6d4b" outcome="Passed" testListId="8c84fa94-04c1-424b-9868-57a2d4851a1d" relativeResultsDirectory="b3523629-fc3b-4303-a322-0d42c9db452e" />
    <UnitTestResult executionId="e309c325-6869-4c92-9311-f770325cbe3f" testId="274c137f-2a4d-ebfe-99a3-10f166ce5eef" testName="TestPropertyNames_GettingPropertyNames_Success" computerName="DKSR-EFI-04" duration="00:00:00.0011295" startTime="2023-12-22T09:34:24.1940055+01:00" endTime="2023-12-22T09:34:24.1940055+01:00" testType="13cdc9d9-ddb5-4fa4-a97d-d965ccfc6d4b" outcome="Passed" testListId="8c84fa94-04c1-424b-9868-57a2d4851a1d" relativeResultsDirectory="e309c325-6869-4c92-9311-f770325cbe3f" />
    <UnitTestResult executionId="0d945ebd-4b0f-4770-8103-9278554c02cd" testId="898e1435-3690-2fd5-8ce0-e6d73cc3d59c" testName="TestAddBuildings_Exception_Failure" computerName="DKSR-EFI-04" duration="00:00:00.0035691" startTime="2023-12-22T09:34:20.8814864+01:00" endTime="2023-12-22T09:34:20.8971130+01:00" testType="13cdc9d9-ddb5-4fa4-a97d-d965ccfc6d4b" outcome="Passed" testListId="8c84fa94-04c1-424b-9868-57a2d4851a1d" relativeResultsDirectory="0d945ebd-4b0f-4770-8103-9278554c02cd" />
    <UnitTestResult executionId="78627005-1979-4586-839b-970fcb3752f5" testId="8e5f2ed4-bf7a-d0e0-4d73-7a0ac5ae0304" testName="Test_DeleteLevels_Succes" computerName="DKSR-EFI-04" duration="00:00:00.0306471" startTime="2023-12-22T09:34:22.0533695+01:00" endTime="2023-12-22T09:34:22.0846200+01:00" testType="13cdc9d9-ddb5-4fa4-a97d-d965ccfc6d4b" outcome="Passed" testListId="8c84fa94-04c1-424b-9868-57a2d4851a1d" relativeResultsDirectory="78627005-1979-4586-839b-970fcb3752f5" />
    <UnitTestResult executionId="fd0932d1-c3fa-4a54-b5ac-5aab1942663c" testId="2c7e5e56-c744-0a96-502d-e9f5dabd4e46" testName="TestWcfObject_GetWcfObject_Success" computerName="DKSR-EFI-04" duration="00:00:00.0018374" startTime="2023-12-22T09:34:24.0846291+01:00" endTime="2023-12-22T09:34:24.0846291+01:00" testType="13cdc9d9-ddb5-4fa4-a97d-d965ccfc6d4b" outcome="Passed" testListId="8c84fa94-04c1-424b-9868-57a2d4851a1d" relativeResultsDirectory="fd0932d1-c3fa-4a54-b5ac-5aab1942663c" />
    <UnitTestResult executionId="1f9dce83-402d-4ce5-a50a-706bd74747fc" testId="f9209f61-9c57-ae25-9c7a-160281aa2755" testName="TestConstructor_Success" computerName="DKSR-EFI-04" duration="00:00:00.0003212" startTime="2023-12-22T09:34:23.6002522+01:00" endTime="2023-12-22T09:34:23.6002522+01:00" testType="13cdc9d9-ddb5-4fa4-a97d-d965ccfc6d4b" outcome="Passed" testListId="8c84fa94-04c1-424b-9868-57a2d4851a1d" relativeResultsDirectory="1f9dce83-402d-4ce5-a50a-706bd74747fc" />
    <UnitTestResult executionId="e2c10a18-50a4-4a2f-998f-c28977f568dc" testId="df23d5d9-66a0-42bc-fea4-a9b6e4e25e75" testName="ConstructorFromData_InitializesFields" computerName="DKSR-EFI-04" duration="00:00:00.0005525" startTime="2023-12-22T09:34:24.4596297+01:00" endTime="2023-12-22T09:34:24.4596297+01:00" testType="13cdc9d9-ddb5-4fa4-a97d-d965ccfc6d4b" outcome="Passed" testListId="8c84fa94-04c1-424b-9868-57a2d4851a1d" relativeResultsDirectory="e2c10a18-50a4-4a2f-998f-c28977f568dc" />
    <UnitTestResult executionId="1d3af07a-b24c-4adb-b23e-d0017275aab6" testId="acdeebda-dc97-a730-f72b-8adad6d72a12" testName="TestAuditLog_AuditLogItemRemovedWithUnknownLocation_Success" computerName="DKSR-EFI-04" duration="00:00:00.0059525" startTime="2023-12-22T09:34:23.3658759+01:00" endTime="2023-12-22T09:34:23.3658759+01:00" testType="13cdc9d9-ddb5-4fa4-a97d-d965ccfc6d4b" outcome="Passed" testListId="8c84fa94-04c1-424b-9868-57a2d4851a1d" relativeResultsDirectory="1d3af07a-b24c-4adb-b23e-d0017275aab6" />
    <UnitTestResult executionId="7f606076-3a98-4dcc-9c22-0e3723f9a399" testId="9ad53845-14f4-c284-f6a5-248e9e3aba27" testName="TestConstructor_ParsingWcfObjectWithNull_Success" computerName="DKSR-EFI-04" duration="00:00:00.0014340" startTime="2023-12-22T09:34:24.0377535+01:00" endTime="2023-12-22T09:34:24.0377535+01:00" testType="13cdc9d9-ddb5-4fa4-a97d-d965ccfc6d4b" outcome="Passed" testListId="8c84fa94-04c1-424b-9868-57a2d4851a1d" relativeResultsDirectory="7f606076-3a98-4dcc-9c22-0e3723f9a399" />
    <UnitTestResult executionId="d79b92fd-f96e-490d-b542-9ab589bada54" testId="dbfbfac9-0b64-ce92-36c4-cd97af6f6704" testName="Excludetems_Rises_OnItemsExcluded" computerName="DKSR-EFI-04" duration="00:00:00.0044686" startTime="2023-12-22T09:34:24.6471368+01:00" endTime="2023-12-22T09:34:24.6627586+01:00" testType="13cdc9d9-ddb5-4fa4-a97d-d965ccfc6d4b" outcome="Passed" testListId="8c84fa94-04c1-424b-9868-57a2d4851a1d" relativeResultsDirectory="d79b92fd-f96e-490d-b542-9ab589bada54" />
    <UnitTestResult executionId="841fde34-a216-41bf-a75f-9baba96aadcd" testId="bdf1081a-26c2-c8c7-9407-30b311fea481" testName="TestAuditLog_AuditLogMapDisplayed_Success" computerName="DKSR-EFI-04" duration="00:00:00.0047023" startTime="2023-12-22T09:34:23.6002522+01:00" endTime="2023-12-22T09:34:23.6002522+01:00" testType="13cdc9d9-ddb5-4fa4-a97d-d965ccfc6d4b" outcome="Passed" testListId="8c84fa94-04c1-424b-9868-57a2d4851a1d" relativeResultsDirectory="841fde34-a216-41bf-a75f-9baba96aadcd" />
    <UnitTestResult executionId="ced0bf32-eac5-4747-a3a3-b08dd72bf9ca" testId="dca76539-28aa-3685-bd41-315f80308950" testName="TestConstructor_ParsingWcfObjectWithNullMapViewPoints_Success" computerName="DKSR-EFI-04" duration="00:00:00.0021422" startTime="2023-12-22T09:34:23.6471284+01:00" endTime="2023-12-22T09:34:23.6471284+01:00" testType="13cdc9d9-ddb5-4fa4-a97d-d965ccfc6d4b" outcome="Passed" testListId="8c84fa94-04c1-424b-9868-57a2d4851a1d" relativeResultsDirectory="ced0bf32-eac5-4747-a3a3-b08dd72bf9ca" />
    <UnitTestResult executionId="a97b8a46-b5ab-42ce-baef-b70f6f984825" testId="1b0c58e8-3ac0-6e55-13a6-976f6994288a" testName="Constructor_LevelsSet_IgnoreLevelItemsThatAreNotPartOfIndexer" computerName="DKSR-EFI-04" duration="00:00:00.0017378" startTime="2023-12-22T09:34:45.9597413+01:00" endTime="2023-12-22T09:34:45.9597413+01:00" testType="13cdc9d9-ddb5-4fa4-a97d-d965ccfc6d4b" outcome="Passed" testListId="8c84fa94-04c1-424b-9868-57a2d4851a1d" relativeResultsDirectory="a97b8a46-b5ab-42ce-baef-b70f6f984825" />
    <UnitTestResult executionId="092343ad-57ac-47e9-ba4e-aa50ab64431d" testId="1109a24e-6a8a-6b7e-ba0b-d040bc00fa21" testName="TestConstructor_ParsingWcfObjectWithNull_Success" computerName="DKSR-EFI-04" duration="00:00:00.0006768" startTime="2023-12-22T09:34:24.0690032+01:00" endTime="2023-12-22T09:34:24.0690032+01:00" testType="13cdc9d9-ddb5-4fa4-a97d-d965ccfc6d4b" outcome="Passed" testListId="8c84fa94-04c1-424b-9868-57a2d4851a1d" relativeResultsDirectory="092343ad-57ac-47e9-ba4e-aa50ab64431d" />
    <UnitTestResult executionId="32e43820-fa73-4a10-92a8-1c3591cb061a" testId="8bf51081-fafc-8979-8161-7893d9418115" testName="TestConstructor_Success" computerName="DKSR-EFI-04" duration="00:00:00.0001754" startTime="2023-12-22T09:34:46.0378672+01:00" endTime="2023-12-22T09:34:46.0378672+01:00" testType="13cdc9d9-ddb5-4fa4-a97d-d965ccfc6d4b" outcome="Passed" testListId="8c84fa94-04c1-424b-9868-57a2d4851a1d" relativeResultsDirectory="32e43820-fa73-4a10-92a8-1c3591cb061a" />
    <UnitTestResult executionId="7e31a863-50a4-46a4-a5a2-477bf2b92004" testId="04e6627c-fea8-4a3b-5994-ffc3bbebad08" testName="RemoveItems_Init5Items_RemoveWholeCluster" computerName="DKSR-EFI-04" duration="00:00:00.0112740" startTime="2023-12-22T09:34:24.6158826+01:00" endTime="2023-12-22T09:34:24.6158826+01:00" testType="13cdc9d9-ddb5-4fa4-a97d-d965ccfc6d4b" outcome="Passed" testListId="8c84fa94-04c1-424b-9868-57a2d4851a1d" relativeResultsDirectory="7e31a863-50a4-46a4-a5a2-477bf2b92004" />
    <UnitTestResult executionId="74c0a1fc-f898-4508-88a1-c320285ff5ec" testId="c14017f0-ad81-ccaa-1f10-437776dc6ea8" testName="TestUpdateBuildingsOutline_Success" computerName="DKSR-EFI-04" duration="00:00:00.0233666" startTime="2023-12-22T09:34:21.2564888+01:00" endTime="2023-12-22T09:34:21.2877402+01:00" testType="13cdc9d9-ddb5-4fa4-a97d-d965ccfc6d4b" outcome="Passed" testListId="8c84fa94-04c1-424b-9868-57a2d4851a1d" relativeResultsDirectory="74c0a1fc-f898-4508-88a1-c320285ff5ec" />
    <UnitTestResult executionId="4cec9508-1dce-496e-b0b7-c083587772eb" testId="87851395-fcf5-2604-9c3a-1f8aa7d9888b" testName="TestConstructor_ParsingWcfObject_Success" computerName="DKSR-EFI-04" duration="00:00:00.0035392" startTime="2023-12-22T09:34:46.1941166+01:00" endTime="2023-12-22T09:34:46.1941166+01:00" testType="13cdc9d9-ddb5-4fa4-a97d-d965ccfc6d4b" outcome="Passed" testListId="8c84fa94-04c1-424b-9868-57a2d4851a1d" relativeResultsDirectory="4cec9508-1dce-496e-b0b7-c083587772eb" />
    <UnitTestResult executionId="75428314-b9c5-4ca8-82b1-2f25179b8681" testId="47858b52-dec3-79cc-8ffc-6f311ff9916e" testName="ChangeBuildingGeography_Silent_WhenBuildingNotExists" computerName="DKSR-EFI-04" duration="00:00:00.0050781" startTime="2023-12-22T09:34:45.8034915+01:00" endTime="2023-12-22T09:34:45.8191151+01:00" testType="13cdc9d9-ddb5-4fa4-a97d-d965ccfc6d4b" outcome="Passed" testListId="8c84fa94-04c1-424b-9868-57a2d4851a1d" relativeResultsDirectory="75428314-b9c5-4ca8-82b1-2f25179b8681" />
    <UnitTestResult executionId="a506aca2-9f91-4bab-91a2-dd4b040df762" testId="1cab35a8-b0c5-387d-68e8-13b5d64c34a9" testName="ConstructorFromItem_WhenEnabledFalse_IsMapEnabledFalse" computerName="DKSR-EFI-04" duration="00:00:00.0002653" startTime="2023-12-22T09:34:24.4752573+01:00" endTime="2023-12-22T09:34:24.4752573+01:00" testType="13cdc9d9-ddb5-4fa4-a97d-d965ccfc6d4b" outcome="Passed" testListId="8c84fa94-04c1-424b-9868-57a2d4851a1d" relativeResultsDirectory="a506aca2-9f91-4bab-91a2-dd4b040df762" />
    <UnitTestResult executionId="93399ae1-9e97-4339-aa85-bfd997ccb936" testId="2c375059-c2c0-ba34-5158-7a6baae556a6" testName="TestWcfObject_GetWcfObjectWithoutTransformInfo_Success" computerName="DKSR-EFI-04" duration="00:00:00.0012596" startTime="2023-12-22T09:34:24.0846291+01:00" endTime="2023-12-22T09:34:24.0846291+01:00" testType="13cdc9d9-ddb5-4fa4-a97d-d965ccfc6d4b" outcome="Passed" testListId="8c84fa94-04c1-424b-9868-57a2d4851a1d" relativeResultsDirectory="93399ae1-9e97-4339-aa85-bfd997ccb936" />
    <UnitTestResult executionId="bdf93d37-953f-4b46-a660-003941e83d08" testId="961e74af-cf3b-f482-5921-8b5ffbc3313d" testName="TestPropertyNames_GettingPropertyNames_Success" computerName="DKSR-EFI-04" duration="00:00:00.0021346" startTime="2023-12-22T09:34:24.3815054+01:00" endTime="2023-12-22T09:34:24.3815054+01:00" testType="13cdc9d9-ddb5-4fa4-a97d-d965ccfc6d4b" outcome="Passed" testListId="8c84fa94-04c1-424b-9868-57a2d4851a1d" relativeResultsDirectory="bdf93d37-953f-4b46-a660-003941e83d08" />
    <UnitTestResult executionId="90013b4b-25cc-4e60-81da-956de897289b" testId="972f9fed-3d68-00b6-f92a-5aba0bc45ad4" testName="TestUpdateProperties_UpdateAllProperties_Success" computerName="DKSR-EFI-04" duration="00:00:00.0009535" startTime="2023-12-22T09:34:24.1627556+01:00" endTime="2023-12-22T09:34:24.1627556+01:00" testType="13cdc9d9-ddb5-4fa4-a97d-d965ccfc6d4b" outcome="Passed" testListId="8c84fa94-04c1-424b-9868-57a2d4851a1d" relativeResultsDirectory="90013b4b-25cc-4e60-81da-956de897289b" />
    <UnitTestResult executionId="c1ff077e-8066-4dcc-be07-e4c631f00ed5" testId="52c0751c-fa17-4f18-620a-1832d6f071ad" testName="TestPropertyNames_GettingPropertyNames_Success" computerName="DKSR-EFI-04" duration="00:00:00.0007532" startTime="2023-12-22T09:34:24.1627556+01:00" endTime="2023-12-22T09:34:24.1627556+01:00" testType="13cdc9d9-ddb5-4fa4-a97d-d965ccfc6d4b" outcome="Passed" testListId="8c84fa94-04c1-424b-9868-57a2d4851a1d" relativeResultsDirectory="c1ff077e-8066-4dcc-be07-e4c631f00ed5" />
    <UnitTestResult executionId="dafb5ac7-1c33-4d2b-87e3-b3a694d12a19" testId="6785586f-25cc-0aad-243a-6c4cd6551188" testName="TestDeleteBuilding_MultipleRows_Failure" computerName="DKSR-EFI-04" duration="00:00:00.0114790" startTime="2023-12-22T09:34:20.9596163+01:00" endTime="2023-12-22T09:34:20.9752387+01:00" testType="13cdc9d9-ddb5-4fa4-a97d-d965ccfc6d4b" outcome="Passed" testListId="8c84fa94-04c1-424b-9868-57a2d4851a1d" relativeResultsDirectory="dafb5ac7-1c33-4d2b-87e3-b3a694d12a19" />
    <UnitTestResult executionId="bdb2ee9d-255f-4631-9c64-a29a68b9712b" testId="521bdd45-0d41-c462-176b-42a5e54cc114" testName="TestReorderLevels_NegativeLevelOrder_Failure" computerName="DKSR-EFI-04" duration="00:00:00.0026119" startTime="2023-12-22T09:34:21.9439977+01:00" endTime="2023-12-22T09:34:21.9596185+01:00" testType="13cdc9d9-ddb5-4fa4-a97d-d965ccfc6d4b" outcome="Passed" testListId="8c84fa94-04c1-424b-9868-57a2d4851a1d" relativeResultsDirectory="bdb2ee9d-255f-4631-9c64-a29a68b9712b" />
    <UnitTestResult executionId="d366380e-1e23-4e48-b809-4af6388c0aa7" testId="b7ec63b1-0492-6e05-fe11-6e2f7a61b929" testName="TestUpdateLevels_NullLevels_Failure" computerName="DKSR-EFI-04" duration="00:00:00.0023917" startTime="2023-12-22T09:34:21.8502452+01:00" endTime="2023-12-22T09:34:21.8658689+01:00" testType="13cdc9d9-ddb5-4fa4-a97d-d965ccfc6d4b" outcome="Passed" testListId="8c84fa94-04c1-424b-9868-57a2d4851a1d" relativeResultsDirectory="d366380e-1e23-4e48-b809-4af6388c0aa7" />
    <UnitTestResult executionId="9617631f-95b8-4fb8-b21d-6ea467effd41" testId="e917a4a1-2ad0-15a4-edb3-95b628e78bf0" testName="TestWcfObject_GetWcfObjectWithoutExtent_Success" computerName="DKSR-EFI-04" duration="00:00:00.0006455" startTime="2023-12-22T09:34:23.7721263+01:00" endTime="2023-12-22T09:34:23.7721263+01:00" testType="13cdc9d9-ddb5-4fa4-a97d-d965ccfc6d4b" outcome="Passed" testListId="8c84fa94-04c1-424b-9868-57a2d4851a1d" relativeResultsDirectory="9617631f-95b8-4fb8-b21d-6ea467effd41" />
    <UnitTestResult executionId="d646fe1c-c1db-4b6f-b61a-603067715735" testId="1391fee0-5b61-1dfa-44f2-d6df660a3b0b" testName="TestConstructor_ParsingWcfObjectWithNull_Success" computerName="DKSR-EFI-04" duration="00:00:00.0005947" startTime="2023-12-22T09:34:22.7877481+01:00" endTime="2023-12-22T09:34:22.7877481+01:00" testType="13cdc9d9-ddb5-4fa4-a97d-d965ccfc6d4b" outcome="Passed" testListId="8c84fa94-04c1-424b-9868-57a2d4851a1d" relativeResultsDirectory="d646fe1c-c1db-4b6f-b61a-603067715735" />
    <UnitTestResult executionId="768f342e-2cd8-4b3f-9164-8a83ea276e0d" testId="b8bd6f81-a5e9-d969-ad7d-d2c75c8084ad" testName="ReaddItem_KeepsId" computerName="DKSR-EFI-04" duration="00:00:00.0011882" startTime="2023-12-22T09:34:45.9753715+01:00" endTime="2023-12-22T09:34:45.9753715+01:00" testType="13cdc9d9-ddb5-4fa4-a97d-d965ccfc6d4b" outcome="Passed" testListId="8c84fa94-04c1-424b-9868-57a2d4851a1d" relativeResultsDirectory="768f342e-2cd8-4b3f-9164-8a83ea276e0d" />
    <UnitTestResult executionId="ec0ddef0-8ceb-44b7-bb67-cd0121e6019e" testId="091530ba-fe2f-c00c-1db1-cb3e585f294c" testName="TestProperties_GetProperties_Success" computerName="DKSR-EFI-04" duration="00:00:00.0009880" startTime="2023-12-22T09:34:24.2408801+01:00" endTime="2023-12-22T09:34:24.2408801+01:00" testType="13cdc9d9-ddb5-4fa4-a97d-d965ccfc6d4b" outcome="Passed" testListId="8c84fa94-04c1-424b-9868-57a2d4851a1d" relativeResultsDirectory="ec0ddef0-8ceb-44b7-bb67-cd0121e6019e" />
    <UnitTestResult executionId="49515345-fe60-4f22-bf22-a22cc5e18098" testId="1225bd79-d039-d362-fc23-701b362c77ef" testName="TestConstructor_ParsingWcfObjectWithNull_Success" computerName="DKSR-EFI-04" duration="00:00:00.0012938" startTime="2023-12-22T09:34:24.2096303+01:00" endTime="2023-12-22T09:34:24.2096303+01:00" testType="13cdc9d9-ddb5-4fa4-a97d-d965ccfc6d4b" outcome="Passed" testListId="8c84fa94-04c1-424b-9868-57a2d4851a1d" relativeResultsDirectory="49515345-fe60-4f22-bf22-a22cc5e18098" />
    <UnitTestResult executionId="ca2680ea-2a68-4c23-8779-01b702ae95f5" testId="b1bae6dc-1810-1869-9eec-e31fd719e07b" testName="TestConstructor_ParsingWcfObject_Success" computerName="DKSR-EFI-04" duration="00:00:00.0006841" startTime="2023-12-22T09:34:23.5533771+01:00" endTime="2023-12-22T09:34:23.5533771+01:00" testType="13cdc9d9-ddb5-4fa4-a97d-d965ccfc6d4b" outcome="Passed" testListId="8c84fa94-04c1-424b-9868-57a2d4851a1d" relativeResultsDirectory="ca2680ea-2a68-4c23-8779-01b702ae95f5" />
    <UnitTestResult executionId="9b5b42d9-88dc-44f1-98d1-8f2cd4338662" testId="a48d558c-8190-a77f-a87d-a0c438140dd6" testName="TestWcfObject_ConvertToWcfObject_Success" computerName="DKSR-EFI-04" duration="00:00:00.0078591" startTime="2023-12-22T09:34:46.0847397+01:00" endTime="2023-12-22T09:34:46.0847397+01:00" testType="13cdc9d9-ddb5-4fa4-a97d-d965ccfc6d4b" outcome="Passed" testListId="8c84fa94-04c1-424b-9868-57a2d4851a1d" relativeResultsDirectory="9b5b42d9-88dc-44f1-98d1-8f2cd4338662" />
    <UnitTestResult executionId="608ff6d2-5f0b-442f-a8e0-4e313a19ebbe" testId="dfff711d-2880-9857-f959-f5692bac9747" testName="TestConstructor_ParsingWcfObject_Success" computerName="DKSR-EFI-04" duration="00:00:00.0033891" startTime="2023-12-22T09:34:22.6783717+01:00" endTime="2023-12-22T09:34:22.6939983+01:00" testType="13cdc9d9-ddb5-4fa4-a97d-d965ccfc6d4b" outcome="Passed" testListId="8c84fa94-04c1-424b-9868-57a2d4851a1d" relativeResultsDirectory="608ff6d2-5f0b-442f-a8e0-4e313a19ebbe" />
    <UnitTestResult executionId="d6c67e27-0c10-45bf-957e-bd6997f56535" testId="e305d0ec-3740-626b-6cd2-4ec9b6f5d763" testName="TestWcfObject_ConvertToWcfObject_NullMapItems_Success" computerName="DKSR-EFI-04" duration="00:00:00.0005631" startTime="2023-12-22T09:34:46.2097399+01:00" endTime="2023-12-22T09:34:46.2097399+01:00" testType="13cdc9d9-ddb5-4fa4-a97d-d965ccfc6d4b" outcome="Passed" testListId="8c84fa94-04c1-424b-9868-57a2d4851a1d" relativeResultsDirectory="d6c67e27-0c10-45bf-957e-bd6997f56535" />
    <UnitTestResult executionId="1d76be6a-7f10-46b3-92f8-e6acb1011c7e" testId="b9e21d8c-3ddd-a1c0-4f8b-75ec7a46549b" testName="FilterAsync_TestAuthorizationFromHashSet" computerName="DKSR-EFI-04" duration="00:00:00.0184312" startTime="2023-12-22T09:34:19.7408584+01:00" endTime="2023-12-22T09:34:19.7564837+01:00" testType="13cdc9d9-ddb5-4fa4-a97d-d965ccfc6d4b" outcome="Passed" testListId="8c84fa94-04c1-424b-9868-57a2d4851a1d" relativeResultsDirectory="1d76be6a-7f10-46b3-92f8-e6acb1011c7e" />
    <UnitTestResult executionId="eb75cf9a-35cb-44b8-b2a1-c69514cb942d" testId="d4d79da0-b2ef-366b-9228-bab94436f448" testName="DeleteItem_Success" computerName="DKSR-EFI-04" duration="00:00:00.0070589" startTime="2023-12-22T09:34:19.4127327+01:00" endTime="2023-12-22T09:34:19.4283545+01:00" testType="13cdc9d9-ddb5-4fa4-a97d-d965ccfc6d4b" outcome="Passed" testListId="8c84fa94-04c1-424b-9868-57a2d4851a1d" relativeResultsDirectory="eb75cf9a-35cb-44b8-b2a1-c69514cb942d" />
    <UnitTestResult executionId="b17bc86b-569e-4bff-9377-13c8a58df2f3" testId="efd5dbba-a9b7-a6ae-47b6-e9f23eff0b26" testName="OnItemsExcludedEvent_RemovesItems" computerName="DKSR-EFI-04" duration="00:00:00.0181857" startTime="2023-12-22T09:34:45.8503646+01:00" endTime="2023-12-22T09:34:45.8659889+01:00" testType="13cdc9d9-ddb5-4fa4-a97d-d965ccfc6d4b" outcome="Passed" testListId="8c84fa94-04c1-424b-9868-57a2d4851a1d" relativeResultsDirectory="b17bc86b-569e-4bff-9377-13c8a58df2f3" />
    <UnitTestResult executionId="dae7cbfa-f181-46af-bc79-5356c9071220" testId="33412608-e208-2cc9-991c-3029e8717790" testName="TestFactory_NewBrowseMap_WithParameters_Success" computerName="DKSR-EFI-04" duration="00:00:00.0024994" startTime="2023-12-22T09:34:23.5377508+01:00" endTime="2023-12-22T09:34:23.5377508+01:00" testType="13cdc9d9-ddb5-4fa4-a97d-d965ccfc6d4b" outcome="Passed" testListId="8c84fa94-04c1-424b-9868-57a2d4851a1d" relativeResultsDirectory="dae7cbfa-f181-46af-bc79-5356c9071220" />
    <UnitTestResult executionId="b779faa1-19b8-4aa2-86ef-ac1a421adcda" testId="f97c07d6-c79e-6792-aec5-40cae13baf91" testName="TestAuditLog_AuditLogItemChangedWithNoOldItem_Success" computerName="DKSR-EFI-04" duration="00:00:00.0048437" startTime="2023-12-22T09:34:23.3815031+01:00" endTime="2023-12-22T09:34:23.3815031+01:00" testType="13cdc9d9-ddb5-4fa4-a97d-d965ccfc6d4b" outcome="Passed" testListId="8c84fa94-04c1-424b-9868-57a2d4851a1d" relativeResultsDirectory="b779faa1-19b8-4aa2-86ef-ac1a421adcda" />
    <UnitTestResult executionId="fe638b36-7c69-4199-a908-82e977e2a45f" testId="2a381028-e7d6-b17f-b4fe-2917fe968631" testName="TestUpdateProperties_UpdateAllProperties_Success" computerName="DKSR-EFI-04" duration="00:00:00.0017185" startTime="2023-12-22T09:34:24.3815054+01:00" endTime="2023-12-22T09:34:24.3815054+01:00" testType="13cdc9d9-ddb5-4fa4-a97d-d965ccfc6d4b" outcome="Passed" testListId="8c84fa94-04c1-424b-9868-57a2d4851a1d" relativeResultsDirectory="fe638b36-7c69-4199-a908-82e977e2a45f" />
    <UnitTestResult executionId="a0028e08-c2a7-4cff-ac6b-ea4de30c1b16" testId="246ae01f-d162-d755-db6d-d087eacbfb62" testName="InsertExcludedItems_All_Rises_OnItemsInserted" computerName="DKSR-EFI-04" duration="00:00:00.0019081" startTime="2023-12-22T09:34:24.6783830+01:00" endTime="2023-12-22T09:34:24.6783830+01:00" testType="13cdc9d9-ddb5-4fa4-a97d-d965ccfc6d4b" outcome="Passed" testListId="8c84fa94-04c1-424b-9868-57a2d4851a1d" relativeResultsDirectory="a0028e08-c2a7-4cff-ac6b-ea4de30c1b16" />
    <UnitTestResult executionId="87e6c27c-aa27-475a-b8eb-bf48359bee5f" testId="f1a27f63-14ad-6394-e19e-207bf0a14e39" testName="TestQueryLevelsByBuildingId_MultipleRows_Success" computerName="DKSR-EFI-04" duration="00:00:00.0608156" startTime="2023-12-22T09:34:21.3971149+01:00" endTime="2023-12-22T09:34:21.4596151+01:00" testType="13cdc9d9-ddb5-4fa4-a97d-d965ccfc6d4b" outcome="Passed" testListId="8c84fa94-04c1-424b-9868-57a2d4851a1d" relativeResultsDirectory="87e6c27c-aa27-475a-b8eb-bf48359bee5f" />
    <UnitTestResult executionId="a4547d61-42c2-4aec-927c-85977abe8c94" testId="d1feca10-b072-e0a6-da9f-2f41bfdf07c2" testName="TestConstructor_Success" computerName="DKSR-EFI-04" duration="00:00:00.0024606" startTime="2023-12-22T09:34:23.9283787+01:00" endTime="2023-12-22T09:34:23.9283787+01:00" testType="13cdc9d9-ddb5-4fa4-a97d-d965ccfc6d4b" outcome="Passed" testListId="8c84fa94-04c1-424b-9868-57a2d4851a1d" relativeResultsDirectory="a4547d61-42c2-4aec-927c-85977abe8c94" />
    <UnitTestResult executionId="2bbc8f65-7286-4fde-8e03-a73d3a7c8dfd" testId="2580aeca-e356-6765-6580-fe71204d9b54" testName="TestConstructor_ParsingWcfObject_Success" computerName="DKSR-EFI-04" duration="00:00:00.0030107" startTime="2023-12-22T09:34:23.7721263+01:00" endTime="2023-12-22T09:34:23.7721263+01:00" testType="13cdc9d9-ddb5-4fa4-a97d-d965ccfc6d4b" outcome="Passed" testListId="8c84fa94-04c1-424b-9868-57a2d4851a1d" relativeResultsDirectory="2bbc8f65-7286-4fde-8e03-a73d3a7c8dfd" />
    <UnitTestResult executionId="828ae324-1195-4d25-9be0-0cda87315c4d" testId="c00250a9-ac70-9935-505f-dcd62ec7e2c8" testName="TestAuditLog_AuditLogChanged_AddingNewLegacyLinkFromEmptyTargetMapId_Success" computerName="DKSR-EFI-04" duration="00:00:00.0180095" startTime="2023-12-22T09:34:23.1627500+01:00" endTime="2023-12-22T09:34:23.1783751+01:00" testType="13cdc9d9-ddb5-4fa4-a97d-d965ccfc6d4b" outcome="Passed" testListId="8c84fa94-04c1-424b-9868-57a2d4851a1d" relativeResultsDirectory="828ae324-1195-4d25-9be0-0cda87315c4d" />
    <UnitTestResult executionId="0dfd88f8-6a06-4b24-96c2-3c66c27095b8" testId="4fadf45a-56f2-c010-4098-8fe90cd2a5e3" testName="TestConvertToType_UnknownType_Success" computerName="DKSR-EFI-04" duration="00:00:00.0001173" startTime="2023-12-22T09:34:22.5846226+01:00" endTime="2023-12-22T09:34:22.5846226+01:00" testType="13cdc9d9-ddb5-4fa4-a97d-d965ccfc6d4b" outcome="Passed" testListId="8c84fa94-04c1-424b-9868-57a2d4851a1d" relativeResultsDirectory="0dfd88f8-6a06-4b24-96c2-3c66c27095b8" />
    <UnitTestResult executionId="4f6bdc3c-64f6-4868-ad4c-014db3a5a4d8" testId="26fa2272-a607-859c-73fa-9a3b57cf6e18" testName="ConstructorFromData_WhenEnabledFalse_IsMapEnabledFalse" computerName="DKSR-EFI-04" duration="00:00:00.0002009" startTime="2023-12-22T09:34:24.4752573+01:00" endTime="2023-12-22T09:34:24.4752573+01:00" testType="13cdc9d9-ddb5-4fa4-a97d-d965ccfc6d4b" outcome="Passed" testListId="8c84fa94-04c1-424b-9868-57a2d4851a1d" relativeResultsDirectory="4f6bdc3c-64f6-4868-ad4c-014db3a5a4d8" />
    <UnitTestResult executionId="4a0dcbd8-2645-4650-8019-5ed85d54c72b" testId="020e038a-8ceb-41f3-89c9-ee68c3eb6e0a" testName="TestConstructor_ParsingWcfObject_Success" computerName="DKSR-EFI-04" duration="00:00:00.0004329" startTime="2023-12-22T09:34:46.0378672+01:00" endTime="2023-12-22T09:34:46.0378672+01:00" testType="13cdc9d9-ddb5-4fa4-a97d-d965ccfc6d4b" outcome="Passed" testListId="8c84fa94-04c1-424b-9868-57a2d4851a1d" relativeResultsDirectory="4a0dcbd8-2645-4650-8019-5ed85d54c72b" />
    <UnitTestResult executionId="5ec0f700-e090-4b56-bf8e-f1e38e00c05a" testId="c3fd9cbf-6feb-180c-d830-cea33df94a10" testName="TestConstructor_ParsingWcfObjectWithNullUpperLeftAndNullLowerRight_Success" computerName="DKSR-EFI-04" duration="00:00:00.0002098" startTime="2023-12-22T09:34:22.8033726+01:00" endTime="2023-12-22T09:34:22.8033726+01:00" testType="13cdc9d9-ddb5-4fa4-a97d-d965ccfc6d4b" outcome="Passed" testListId="8c84fa94-04c1-424b-9868-57a2d4851a1d" relativeResultsDirectory="5ec0f700-e090-4b56-bf8e-f1e38e00c05a" />
    <UnitTestResult executionId="52488ac3-243f-428f-9530-7eb92d0aefc5" testId="7afd44d1-6cdf-409d-7077-63d339735f4e" testName="TestConstructor_CreateService_Success" computerName="DKSR-EFI-04" duration="00:00:00.0007958" startTime="2023-12-22T09:34:18.2564760+01:00" endTime="2023-12-22T09:34:18.2564760+01:00" testType="13cdc9d9-ddb5-4fa4-a97d-d965ccfc6d4b" outcome="Passed" testListId="8c84fa94-04c1-424b-9868-57a2d4851a1d" relativeResultsDirectory="52488ac3-243f-428f-9530-7eb92d0aefc5" />
    <UnitTestResult executionId="f1cb08eb-a3d0-4106-bc36-e3bd6cde867a" testId="34196a27-ceec-877a-1534-0ad13ef02f8e" testName="TestAuditLog_AuditLogItemRemovedWithNonLocationItemType_Success" computerName="DKSR-EFI-04" duration="00:00:00.0052429" startTime="2023-12-22T09:34:23.3658759+01:00" endTime="2023-12-22T09:34:23.3815031+01:00" testType="13cdc9d9-ddb5-4fa4-a97d-d965ccfc6d4b" outcome="Passed" testListId="8c84fa94-04c1-424b-9868-57a2d4851a1d" relativeResultsDirectory="f1cb08eb-a3d0-4106-bc36-e3bd6cde867a" />
    <UnitTestResult executionId="76288f4d-2281-4207-90c4-475c97d8e6dd" testId="3bf901ad-8957-ad5e-296f-dd63c0fdc478" testName="BuildClusters_Levels" computerName="DKSR-EFI-04" duration="00:00:00.0845752" startTime="2023-12-22T09:34:45.5378649+01:00" endTime="2023-12-22T09:34:45.6316142+01:00" testType="13cdc9d9-ddb5-4fa4-a97d-d965ccfc6d4b" outcome="Passed" testListId="8c84fa94-04c1-424b-9868-57a2d4851a1d" relativeResultsDirectory="76288f4d-2281-4207-90c4-475c97d8e6dd" />
    <UnitTestResult executionId="1e61bd92-27ea-47ca-b74d-7dd6d40d211b" testId="c943880c-92b5-0eac-bae2-657d33d02b76" testName="TestProperties_GetPropertiesFromWcfObject_Success" computerName="DKSR-EFI-04" duration="00:00:00.0012822" startTime="2023-12-22T09:34:22.9596220+01:00" endTime="2023-12-22T09:34:22.9596220+01:00" testType="13cdc9d9-ddb5-4fa4-a97d-d965ccfc6d4b" outcome="Passed" testListId="8c84fa94-04c1-424b-9868-57a2d4851a1d" relativeResultsDirectory="1e61bd92-27ea-47ca-b74d-7dd6d40d211b" />
    <UnitTestResult executionId="24f7b55e-57ea-44eb-87ca-ac578dc2f97c" testId="11d85555-65ed-241f-da81-973daee73f7e" testName="TestAuditLog_AuditLogBuildingRenamed_NullOldBuilding_Failure" computerName="DKSR-EFI-04" duration="00:00:00.0018268" startTime="2023-12-22T09:34:46.1472427+01:00" endTime="2023-12-22T09:34:46.1472427+01:00" testType="13cdc9d9-ddb5-4fa4-a97d-d965ccfc6d4b" outcome="Passed" testListId="8c84fa94-04c1-424b-9868-57a2d4851a1d" relativeResultsDirectory="24f7b55e-57ea-44eb-87ca-ac578dc2f97c" />
    <UnitTestResult executionId="607c0c63-4d44-496e-ac5b-17a9c74991a8" testId="e5847aa1-876b-7024-6828-4efbdc1d0e5a" testName="TestWcfObject_GetWcfObject_Success" computerName="DKSR-EFI-04" duration="00:00:00.0042017" startTime="2023-12-22T09:34:23.9596287+01:00" endTime="2023-12-22T09:34:23.9596287+01:00" testType="13cdc9d9-ddb5-4fa4-a97d-d965ccfc6d4b" outcome="Passed" testListId="8c84fa94-04c1-424b-9868-57a2d4851a1d" relativeResultsDirectory="607c0c63-4d44-496e-ac5b-17a9c74991a8" />
    <UnitTestResult executionId="47e786c5-5e45-4026-a07e-4ad53a31a778" testId="dc5fe6b3-eebf-53e9-38d5-0e5a011c216c" testName="TestAuditLog_AuditLogWithNullItemAuditParameters_Failure" computerName="DKSR-EFI-04" duration="00:00:00.0016198" startTime="2023-12-22T09:34:23.5690018+01:00" endTime="2023-12-22T09:34:23.5690018+01:00" testType="13cdc9d9-ddb5-4fa4-a97d-d965ccfc6d4b" outcome="Passed" testListId="8c84fa94-04c1-424b-9868-57a2d4851a1d" relativeResultsDirectory="47e786c5-5e45-4026-a07e-4ad53a31a778" />
    <UnitTestResult executionId="2b0644e6-0356-402c-9b2c-5e52308854e6" testId="57cafb90-8600-81f7-33df-07cc1aad79dc" testName="TestAddLevel_Exception_Failure" computerName="DKSR-EFI-04" duration="00:00:00.0070977" startTime="2023-12-22T09:34:21.5064923+01:00" endTime="2023-12-22T09:34:21.5221171+01:00" testType="13cdc9d9-ddb5-4fa4-a97d-d965ccfc6d4b" outcome="Passed" testListId="8c84fa94-04c1-424b-9868-57a2d4851a1d" relativeResultsDirectory="2b0644e6-0356-402c-9b2c-5e52308854e6" />
    <UnitTestResult executionId="0211215b-3be4-4c05-85e6-8eab86ff8cad" testId="1f9e80a4-fbe0-8d4f-70fb-4fbd1e9ef2bf" testName="TestWcfObject_GetWcfObjectWithoutExtent_Success" computerName="DKSR-EFI-04" duration="00:00:00.0008420" startTime="2023-12-22T09:34:23.9596287+01:00" endTime="2023-12-22T09:34:23.9596287+01:00" testType="13cdc9d9-ddb5-4fa4-a97d-d965ccfc6d4b" outcome="Passed" testListId="8c84fa94-04c1-424b-9868-57a2d4851a1d" relativeResultsDirectory="0211215b-3be4-4c05-85e6-8eab86ff8cad" />
    <UnitTestResult executionId="a1af04e1-d48a-48e9-a459-1fd54d32ee19" testId="4efece0c-610b-ae49-3b7c-a171e539941a" testName="TestQueryBuildingByBuildingId_ZeroRows_Failure" computerName="DKSR-EFI-04" duration="00:00:00.0134648" startTime="2023-12-22T09:34:20.5533614+01:00" endTime="2023-12-22T09:34:20.5689856+01:00" testType="13cdc9d9-ddb5-4fa4-a97d-d965ccfc6d4b" outcome="Passed" testListId="8c84fa94-04c1-424b-9868-57a2d4851a1d" relativeResultsDirectory="a1af04e1-d48a-48e9-a459-1fd54d32ee19" />
    <UnitTestResult executionId="f1eeb192-4f42-4741-b21d-d01838fa03a0" testId="947db48e-1376-6f82-4699-fabe624cbabf" testName="TestWcfObject_GetWcfObject_Success" computerName="DKSR-EFI-04" duration="00:00:00.0014086" startTime="2023-12-22T09:34:23.4908749+01:00" endTime="2023-12-22T09:34:23.4908749+01:00" testType="13cdc9d9-ddb5-4fa4-a97d-d965ccfc6d4b" outcome="Passed" testListId="8c84fa94-04c1-424b-9868-57a2d4851a1d" relativeResultsDirectory="f1eeb192-4f42-4741-b21d-d01838fa03a0" />
    <UnitTestResult executionId="f6006a15-cfe3-4e83-bd2b-188734650e87" testId="54594980-824f-3671-8585-c0ee0df957ef" testName="TestAuditLog_AuditLogLevelChanged_WithMapItems_Success" computerName="DKSR-EFI-04" duration="00:00:00.0279548" startTime="2023-12-22T09:34:46.2722421+01:00" endTime="2023-12-22T09:34:46.3034911+01:00" testType="13cdc9d9-ddb5-4fa4-a97d-d965ccfc6d4b" outcome="Passed" testListId="8c84fa94-04c1-424b-9868-57a2d4851a1d" relativeResultsDirectory="f6006a15-cfe3-4e83-bd2b-188734650e87" />
    <UnitTestResult executionId="cbf2ea3e-1f8e-4eb7-9b66-b5649ba65194" testId="9582ffe9-d918-4b32-473f-0c994763e9b6" testName="AddItems_Init3Items_Add2" computerName="DKSR-EFI-04" duration="00:00:00.0109722" startTime="2023-12-22T09:34:24.5690058+01:00" endTime="2023-12-22T09:34:24.5846311+01:00" testType="13cdc9d9-ddb5-4fa4-a97d-d965ccfc6d4b" outcome="Passed" testListId="8c84fa94-04c1-424b-9868-57a2d4851a1d" relativeResultsDirectory="cbf2ea3e-1f8e-4eb7-9b66-b5649ba65194" />
    <UnitTestResult executionId="0d2e0eda-2fb2-40ae-83b6-8523a91d6167" testId="cad1cfa7-3b93-a8d3-5efb-8a137a6eec78" testName="TestConstructor_Success" computerName="DKSR-EFI-04" duration="00:00:00.0002996" startTime="2023-12-22T09:34:24.3190053+01:00" endTime="2023-12-22T09:34:24.3190053+01:00" testType="13cdc9d9-ddb5-4fa4-a97d-d965ccfc6d4b" outcome="Passed" testListId="8c84fa94-04c1-424b-9868-57a2d4851a1d" relativeResultsDirectory="0d2e0eda-2fb2-40ae-83b6-8523a91d6167" />
    <UnitTestResult executionId="90bf67b0-79a9-424b-ba6a-a5be43f9c204" testId="a4899625-05e4-8e51-0df7-376834f8676c" testName="TestProperties_GetPropertiesFromWcfObject_Success" computerName="DKSR-EFI-04" duration="00:00:00.0022139" startTime="2023-12-22T09:34:23.7096288+01:00" endTime="2023-12-22T09:34:23.7096288+01:00" testType="13cdc9d9-ddb5-4fa4-a97d-d965ccfc6d4b" outcome="Passed" testListId="8c84fa94-04c1-424b-9868-57a2d4851a1d" relativeResultsDirectory="90bf67b0-79a9-424b-ba6a-a5be43f9c204" />
    <UnitTestResult executionId="9a395734-195d-4e72-a922-9909f90efb74" testId="d131dd26-db8b-de9b-d86a-4b7b06f36702" testName="TestQueryBuildingByBuildingId_OneRow_Success" computerName="DKSR-EFI-04" duration="00:00:00.2061951" startTime="2023-12-22T09:34:20.3502367+01:00" endTime="2023-12-22T09:34:20.5533614+01:00" testType="13cdc9d9-ddb5-4fa4-a97d-d965ccfc6d4b" outcome="Passed" testListId="8c84fa94-04c1-424b-9868-57a2d4851a1d" relativeResultsDirectory="9a395734-195d-4e72-a922-9909f90efb74" />
    <UnitTestResult executionId="d136e23f-d008-485c-b37c-bde3f6218a71" testId="1f015b0c-07e3-2dd6-685e-bb75494d743a" testName="Open_SubscribesSerializationFaliure" computerName="DKSR-EFI-04" duration="00:00:00.0054512" startTime="2023-12-22T09:34:18.3658512+01:00" endTime="2023-12-22T09:34:18.3658512+01:00" testType="13cdc9d9-ddb5-4fa4-a97d-d965ccfc6d4b" outcome="Passed" testListId="8c84fa94-04c1-424b-9868-57a2d4851a1d" relativeResultsDirectory="d136e23f-d008-485c-b37c-bde3f6218a71" />
    <UnitTestResult executionId="c0f36f9c-c48c-4bb6-a841-38463359b499" testId="f1425c4d-1be6-14bd-738b-4e89531d196e" testName="TestConstructor_ParsingWcfObject_Success" computerName="DKSR-EFI-04" duration="00:00:00.0023633" startTime="2023-12-22T09:34:22.6002478+01:00" endTime="2023-12-22T09:34:22.6002478+01:00" testType="13cdc9d9-ddb5-4fa4-a97d-d965ccfc6d4b" outcome="Passed" testListId="8c84fa94-04c1-424b-9868-57a2d4851a1d" relativeResultsDirectory="c0f36f9c-c48c-4bb6-a841-38463359b499" />
    <UnitTestResult executionId="7bf5ed9e-9d62-4b54-9f4b-15be449b006e" testId="519f72f5-8881-b81f-fec6-f0bb7ca646da" testName="TestProperties_GetProperties_Success" computerName="DKSR-EFI-04" duration="00:00:00.0004889" startTime="2023-12-22T09:34:22.9127492+01:00" endTime="2023-12-22T09:34:22.9127492+01:00" testType="13cdc9d9-ddb5-4fa4-a97d-d965ccfc6d4b" outcome="Passed" testListId="8c84fa94-04c1-424b-9868-57a2d4851a1d" relativeResultsDirectory="7bf5ed9e-9d62-4b54-9f4b-15be449b006e" />
    <UnitTestResult executionId="d7f2b8ea-7f85-47bd-a973-320a678dbdf2" testId="ac65f872-586a-672d-5e21-8e896a1efa14" testName="TestWcfObject_ConvertToWcfObjectSelfCrossingLines_Success" computerName="DKSR-EFI-04" duration="00:00:00.0012408" startTime="2023-12-22T09:34:46.1003649+01:00" endTime="2023-12-22T09:34:46.1003649+01:00" testType="13cdc9d9-ddb5-4fa4-a97d-d965ccfc6d4b" outcome="Passed" testListId="8c84fa94-04c1-424b-9868-57a2d4851a1d" relativeResultsDirectory="d7f2b8ea-7f85-47bd-a973-320a678dbdf2" />
    <UnitTestResult executionId="0081ee0c-1be1-4e9b-ab1b-c0a59e7a81b0" testId="750aa28d-bc88-df57-e7bf-5774e0035ab5" testName="TestAuditLog_AuditLogItemChanged_AddingRemovingLinkFromEmptyLocationId_Success" computerName="DKSR-EFI-04" duration="00:00:00.0125154" startTime="2023-12-22T09:34:23.4596266+01:00" endTime="2023-12-22T09:34:23.4752515+01:00" testType="13cdc9d9-ddb5-4fa4-a97d-d965ccfc6d4b" outcome="Passed" testListId="8c84fa94-04c1-424b-9868-57a2d4851a1d" relativeResultsDirectory="0081ee0c-1be1-4e9b-ab1b-c0a59e7a81b0" />
    <UnitTestResult executionId="f035fab3-26a9-4e5c-8967-6aaffed502f1" testId="c9dae091-cbd1-5009-1467-3b9be0c62c7d" testName="TestUpdateProperties_UpdateAllProperties_Success" computerName="DKSR-EFI-04" duration="00:00:00.0011450" startTime="2023-12-22T09:34:24.3346315+01:00" endTime="2023-12-22T09:34:24.3346315+01:00" testType="13cdc9d9-ddb5-4fa4-a97d-d965ccfc6d4b" outcome="Passed" testListId="8c84fa94-04c1-424b-9868-57a2d4851a1d" relativeResultsDirectory="f035fab3-26a9-4e5c-8967-6aaffed502f1" />
    <UnitTestResult executionId="91ba11a1-5d82-40d3-8009-b8a0f3d58cb8" testId="b721be24-13b4-333b-637c-1858551e46e9" testName="BrowseLayer_UpdateProperties_Success" computerName="DKSR-EFI-04" duration="00:00:00.0026743" startTime="2023-12-22T09:34:24.2721326+01:00" endTime="2023-12-22T09:34:24.2721326+01:00" testType="13cdc9d9-ddb5-4fa4-a97d-d965ccfc6d4b" outcome="Passed" testListId="8c84fa94-04c1-424b-9868-57a2d4851a1d" relativeResultsDirectory="91ba11a1-5d82-40d3-8009-b8a0f3d58cb8" />
    <UnitTestResult executionId="8aa65960-30bf-4c04-ac05-6e6ae30d86dc" testId="1fbb432e-553f-c32f-e56e-0a9a6e42ffe9" testName="TestConstructor_Success" computerName="DKSR-EFI-04" duration="00:00:00.0005363" startTime="2023-12-22T09:34:24.3503152+01:00" endTime="2023-12-22T09:34:24.3503152+01:00" testType="13cdc9d9-ddb5-4fa4-a97d-d965ccfc6d4b" outcome="Passed" testListId="8c84fa94-04c1-424b-9868-57a2d4851a1d" relativeResultsDirectory="8aa65960-30bf-4c04-ac05-6e6ae30d86dc" />
    <UnitTestResult executionId="50e3b5eb-4d9f-45d3-b09d-0d2cd5232852" testId="50e0d0eb-7245-8173-ffb3-7f134f8650a4" testName="TestAuditLog_NullBuildingAuditParameters_Failure" computerName="DKSR-EFI-04" duration="00:00:00.0017449" startTime="2023-12-22T09:34:46.1003649+01:00" endTime="2023-12-22T09:34:46.1159926+01:00" testType="13cdc9d9-ddb5-4fa4-a97d-d965ccfc6d4b" outcome="Passed" testListId="8c84fa94-04c1-424b-9868-57a2d4851a1d" relativeResultsDirectory="50e3b5eb-4d9f-45d3-b09d-0d2cd5232852" />
    <UnitTestResult executionId="b304c990-e4a5-4a87-885c-5bfd7eec1c7d" testId="74b7eab0-017c-ab67-0513-7a91e4a07ac5" testName="TestAuditLog_AuditLogLegacyLinkWithNullMapRemoved_Success" computerName="DKSR-EFI-04" duration="00:00:00.0103059" startTime="2023-12-22T09:34:23.1314995+01:00" endTime="2023-12-22T09:34:23.1314995+01:00" testType="13cdc9d9-ddb5-4fa4-a97d-d965ccfc6d4b" outcome="Passed" testListId="8c84fa94-04c1-424b-9868-57a2d4851a1d" relativeResultsDirectory="b304c990-e4a5-4a87-885c-5bfd7eec1c7d" />
    <UnitTestResult executionId="5ad57f81-ea91-471b-af7c-d97ff12def9b" testId="fdb790fe-0df4-f51f-fe4f-df1e95a5f558" testName="TestConstructor_ParsingWcfObject_Success" computerName="DKSR-EFI-04" duration="00:00:00.0072134" startTime="2023-12-22T09:34:22.9283742+01:00" endTime="2023-12-22T09:34:22.9440006+01:00" testType="13cdc9d9-ddb5-4fa4-a97d-d965ccfc6d4b" outcome="Passed" testListId="8c84fa94-04c1-424b-9868-57a2d4851a1d" relativeResultsDirectory="5ad57f81-ea91-471b-af7c-d97ff12def9b" />
    <UnitTestResult executionId="1ae5fa7d-93a8-47ea-8fe9-f9d384e6c190" testId="f37f5b79-d351-3e25-99e3-e4e60c5d6c6d" testName="Constructor_ItemConnectionsSet" computerName="DKSR-EFI-04" duration="00:00:00.0013836" startTime="2023-12-22T09:34:45.9441133+01:00" endTime="2023-12-22T09:34:45.9441133+01:00" testType="13cdc9d9-ddb5-4fa4-a97d-d965ccfc6d4b" outcome="Passed" testListId="8c84fa94-04c1-424b-9868-57a2d4851a1d" relativeResultsDirectory="1ae5fa7d-93a8-47ea-8fe9-f9d384e6c190" />
    <UnitTestResult executionId="06a2ec1a-61a8-4943-b64c-62d544f5ab6f" testId="50e46cb8-cffb-3738-1400-fe8d93a5bf36" testName="OnItemsInsertedEvent_AddsItems" computerName="DKSR-EFI-04" duration="00:00:00.0145197" startTime="2023-12-22T09:34:45.8659889+01:00" endTime="2023-12-22T09:34:45.8816161+01:00" testType="13cdc9d9-ddb5-4fa4-a97d-d965ccfc6d4b" outcome="Passed" testListId="8c84fa94-04c1-424b-9868-57a2d4851a1d" relativeResultsDirectory="06a2ec1a-61a8-4943-b64c-62d544f5ab6f" />
    <UnitTestResult executionId="eacc60d7-9681-4fa3-9b66-02b9a4861e3a" testId="c2cd3012-87b0-efa0-222a-495ea1630f00" testName="TestConstructor_ParsingWcfObjectWithNull_Success" computerName="DKSR-EFI-04" duration="00:00:00.0024701" startTime="2023-12-22T09:34:22.8346251+01:00" endTime="2023-12-22T09:34:22.8346251+01:00" testType="13cdc9d9-ddb5-4fa4-a97d-d965ccfc6d4b" outcome="Passed" testListId="8c84fa94-04c1-424b-9868-57a2d4851a1d" relativeResultsDirectory="eacc60d7-9681-4fa3-9b66-02b9a4861e3a" />
    <UnitTestResult executionId="5c61e0f9-7ea8-4f1f-8611-e0edc147c4cd" testId="75298519-94ad-3cd1-9290-eb24793f55a6" testName="TestQueryLevelsByBuildingId_ZeroRows_Success" computerName="DKSR-EFI-04" duration="00:00:00.0157697" startTime="2023-12-22T09:34:21.3814902+01:00" endTime="2023-12-22T09:34:21.3971149+01:00" testType="13cdc9d9-ddb5-4fa4-a97d-d965ccfc6d4b" outcome="Passed" testListId="8c84fa94-04c1-424b-9868-57a2d4851a1d" relativeResultsDirectory="5c61e0f9-7ea8-4f1f-8611-e0edc147c4cd" />
    <UnitTestResult executionId="8cd758a7-21c8-461d-ac8d-ff32d14f41fb" testId="bfeca7aa-7f49-d61b-b07c-fa8ced01b767" testName="GettMipItemsByKindAndArea_WhenFetchingNotFinished_EmptyList" computerName="DKSR-EFI-04" duration="00:00:00.0032019" startTime="2023-12-22T09:34:18.7877277+01:00" endTime="2023-12-22T09:34:18.7877277+01:00" testType="13cdc9d9-ddb5-4fa4-a97d-d965ccfc6d4b" outcome="Passed" testListId="8c84fa94-04c1-424b-9868-57a2d4851a1d" relativeResultsDirectory="8cd758a7-21c8-461d-ac8d-ff32d14f41fb" />
    <UnitTestResult executionId="4bee81ee-30ac-40ad-9e60-29a8a2cd9745" testId="3764f41b-f9cb-0885-316f-a957903d1b79" testName="TestWcfObject_GetWcfObject_Success" computerName="DKSR-EFI-04" duration="00:00:00.0012642" startTime="2023-12-22T09:34:24.3346315+01:00" endTime="2023-12-22T09:34:24.3346315+01:00" testType="13cdc9d9-ddb5-4fa4-a97d-d965ccfc6d4b" outcome="Passed" testListId="8c84fa94-04c1-424b-9868-57a2d4851a1d" relativeResultsDirectory="4bee81ee-30ac-40ad-9e60-29a8a2cd9745" />
    <UnitTestResult executionId="9f0281df-0b90-46ce-8e88-d297586b5da8" testId="93a44ca8-76fe-bb9b-ae02-8cb54081d6e2" testName="TestAuditLog_AuditLogLegacyLinkChangedWithNullOldItem_Success" computerName="DKSR-EFI-04" duration="00:00:00.0062165" startTime="2023-12-22T09:34:23.1314995+01:00" endTime="2023-12-22T09:34:23.1471250+01:00" testType="13cdc9d9-ddb5-4fa4-a97d-d965ccfc6d4b" outcome="Passed" testListId="8c84fa94-04c1-424b-9868-57a2d4851a1d" relativeResultsDirectory="9f0281df-0b90-46ce-8e88-d297586b5da8" />
    <UnitTestResult executionId="e4b4e662-5d56-4d3e-83b9-0b796b1f2206" testId="628acf57-7e99-e0c2-5d80-a39c1d7710ca" testName="TestConstructor_Success" computerName="DKSR-EFI-04" duration="00:00:00.0008801" startTime="2023-12-22T09:34:24.1783803+01:00" endTime="2023-12-22T09:34:24.1783803+01:00" testType="13cdc9d9-ddb5-4fa4-a97d-d965ccfc6d4b" outcome="Passed" testListId="8c84fa94-04c1-424b-9868-57a2d4851a1d" relativeResultsDirectory="e4b4e662-5d56-4d3e-83b9-0b796b1f2206" />
    <UnitTestResult executionId="5b8a3d42-bf31-439b-8970-793ed50e7a66" testId="312c4b40-7d4e-1752-8bba-9dfd52ec4390" testName="GetItem_WhenWrongId_ReturnsNull" computerName="DKSR-EFI-04" duration="00:00:00.0011276" startTime="2023-12-22T09:34:18.9752287+01:00" endTime="2023-12-22T09:34:18.9752287+01:00" testType="13cdc9d9-ddb5-4fa4-a97d-d965ccfc6d4b" outcome="Passed" testListId="8c84fa94-04c1-424b-9868-57a2d4851a1d" relativeResultsDirectory="5b8a3d42-bf31-439b-8970-793ed50e7a66" />
    <UnitTestResult executionId="506a66e3-9ff2-4c85-8d0e-1b4bad9c341b" testId="0ffefbd3-a6e7-d608-090a-0192afaa4d82" testName="TestAddLevel_Success" computerName="DKSR-EFI-04" duration="00:00:00.0318540" startTime="2023-12-22T09:34:21.4752408+01:00" endTime="2023-12-22T09:34:21.5064923+01:00" testType="13cdc9d9-ddb5-4fa4-a97d-d965ccfc6d4b" outcome="Passed" testListId="8c84fa94-04c1-424b-9868-57a2d4851a1d" relativeResultsDirectory="506a66e3-9ff2-4c85-8d0e-1b4bad9c341b" />
    <UnitTestResult executionId="c3781bd5-24ba-4983-805e-4afee1cf0de2" testId="573ccc51-de6a-4489-8685-b9e8d56f7af4" testName="TestConstructor_ParsingWcfObjectWithoutExtent_Success" computerName="DKSR-EFI-04" duration="00:00:00.0004813" startTime="2023-12-22T09:34:23.8033788+01:00" endTime="2023-12-22T09:34:23.8033788+01:00" testType="13cdc9d9-ddb5-4fa4-a97d-d965ccfc6d4b" outcome="Passed" testListId="8c84fa94-04c1-424b-9868-57a2d4851a1d" relativeResultsDirectory="c3781bd5-24ba-4983-805e-4afee1cf0de2" />
    <UnitTestResult executionId="0eb0e936-850d-40c3-b73a-82abe2bf48a7" testId="cfdacb90-642d-2b9e-da19-1905d7ba1892" testName="TestConstructor_Success" computerName="DKSR-EFI-04" duration="00:00:00.0002310" startTime="2023-12-22T09:34:19.8033584+01:00" endTime="2023-12-22T09:34:19.8033584+01:00" testType="13cdc9d9-ddb5-4fa4-a97d-d965ccfc6d4b" outcome="Passed" testListId="8c84fa94-04c1-424b-9868-57a2d4851a1d" relativeResultsDirectory="0eb0e936-850d-40c3-b73a-82abe2bf48a7" />
    <UnitTestResult executionId="673fa697-a588-4a27-a0ca-fd70a53841b8" testId="8344f76a-2b82-d12a-fea3-dc428798b826" testName="Add_Success" computerName="DKSR-EFI-04" duration="00:00:00.0157671" startTime="2023-12-22T09:34:18.9908540+01:00" endTime="2023-12-22T09:34:19.0064797+01:00" testType="13cdc9d9-ddb5-4fa4-a97d-d965ccfc6d4b" outcome="Passed" testListId="8c84fa94-04c1-424b-9868-57a2d4851a1d" relativeResultsDirectory="673fa697-a588-4a27-a0ca-fd70a53841b8" />
    <UnitTestResult executionId="116395ae-a7b6-42c6-9e4c-9a9ea741408f" testId="824726c2-43c6-84ce-f1b2-7be76f2ed9ef" testName="Open_WhenAddressAccessDeniedException_LogsError" computerName="DKSR-EFI-04" duration="00:00:00.0078039" startTime="2023-12-22T09:34:18.3814768+01:00" endTime="2023-12-22T09:34:18.3971019+01:00" testType="13cdc9d9-ddb5-4fa4-a97d-d965ccfc6d4b" outcome="Passed" testListId="8c84fa94-04c1-424b-9868-57a2d4851a1d" relativeResultsDirectory="116395ae-a7b6-42c6-9e4c-9a9ea741408f" />
    <UnitTestResult executionId="074733cc-1e89-44b4-af42-e301dfcd66ee" testId="3b988a63-fef4-339e-a743-51559db35a54" testName="TestAuditLog_AuditLogLegacyLinkWithValidMapRemoved_Success" computerName="DKSR-EFI-04" duration="00:00:00.0133663" startTime="2023-12-22T09:34:23.0846252+01:00" endTime="2023-12-22T09:34:23.1002477+01:00" testType="13cdc9d9-ddb5-4fa4-a97d-d965ccfc6d4b" outcome="Passed" testListId="8c84fa94-04c1-424b-9868-57a2d4851a1d" relativeResultsDirectory="074733cc-1e89-44b4-af42-e301dfcd66ee" />
    <UnitTestResult executionId="fb4ac4b9-d798-467b-8b63-6a80dd5669f3" testId="89ea8517-ba94-19d6-fc04-c6e2ee009c09" testName="UpdateItem_EnabledAndNotExistant_Adds" computerName="DKSR-EFI-04" duration="00:00:00.0066484" startTime="2023-12-22T09:34:19.4908563+01:00" endTime="2023-12-22T09:34:19.5064821+01:00" testType="13cdc9d9-ddb5-4fa4-a97d-d965ccfc6d4b" outcome="Passed" testListId="8c84fa94-04c1-424b-9868-57a2d4851a1d" relativeResultsDirectory="fb4ac4b9-d798-467b-8b63-6a80dd5669f3" />
    <UnitTestResult executionId="c5b0f1e9-1e03-4d62-8db9-c0a8b9107974" testId="f61ab098-e5a8-c322-1966-eafc396e82e7" testName="TestWcfObject_GetWcfObjectWithoutExtent_Success" computerName="DKSR-EFI-04" duration="00:00:00.0004857" startTime="2023-12-22T09:34:24.0533813+01:00" endTime="2023-12-22T09:34:24.0533813+01:00" testType="13cdc9d9-ddb5-4fa4-a97d-d965ccfc6d4b" outcome="Passed" testListId="8c84fa94-04c1-424b-9868-57a2d4851a1d" relativeResultsDirectory="c5b0f1e9-1e03-4d62-8db9-c0a8b9107974" />
    <UnitTestResult executionId="f3de15ca-913e-4171-972e-7c4d4fcd583c" testId="21b559ad-df62-fa28-7456-d3ae515b37f4" testName="TestAuditLog_AuditLogWithNullAuditLogger_Failure" computerName="DKSR-EFI-04" duration="00:00:00.0028724" startTime="2023-12-22T09:34:24.1158803+01:00" endTime="2023-12-22T09:34:24.1158803+01:00" testType="13cdc9d9-ddb5-4fa4-a97d-d965ccfc6d4b" outcome="Passed" testListId="8c84fa94-04c1-424b-9868-57a2d4851a1d" relativeResultsDirectory="f3de15ca-913e-4171-972e-7c4d4fcd583c" />
    <UnitTestResult executionId="4f3390d0-f359-4c2a-8fda-8e22898aa6ef" testId="2dcffbb8-8fa5-47a6-b32e-a51aa99ef28f" testName="TestUpdateProperties_UpdateAllProperties_Success" computerName="DKSR-EFI-04" duration="00:00:00.0010109" startTime="2023-12-22T09:34:23.8190040+01:00" endTime="2023-12-22T09:34:23.8190040+01:00" testType="13cdc9d9-ddb5-4fa4-a97d-d965ccfc6d4b" outcome="Passed" testListId="8c84fa94-04c1-424b-9868-57a2d4851a1d" relativeResultsDirectory="4f3390d0-f359-4c2a-8fda-8e22898aa6ef" />
    <UnitTestResult executionId="a8a38003-67cb-4bc6-9941-a2c134329b93" testId="cbac9dff-c46f-1fae-a420-d6e5e875cd44" testName="TestConstructor_Success" computerName="DKSR-EFI-04" duration="00:00:00.0004930" startTime="2023-12-22T09:34:24.0690032+01:00" endTime="2023-12-22T09:34:24.0690032+01:00" testType="13cdc9d9-ddb5-4fa4-a97d-d965ccfc6d4b" outcome="Passed" testListId="8c84fa94-04c1-424b-9868-57a2d4851a1d" relativeResultsDirectory="a8a38003-67cb-4bc6-9941-a2c134329b93" />
    <UnitTestResult executionId="006d69da-308c-43f7-9079-b2eaf2cdc70a" testId="8e1cd980-f0bb-93ca-77d0-9148ca9c4d67" testName="Delete_Success" computerName="DKSR-EFI-04" duration="00:00:00.0078336" startTime="2023-12-22T09:34:19.0221031+01:00" endTime="2023-12-22T09:34:19.0221031+01:00" testType="13cdc9d9-ddb5-4fa4-a97d-d965ccfc6d4b" outcome="Passed" testListId="8c84fa94-04c1-424b-9868-57a2d4851a1d" relativeResultsDirectory="006d69da-308c-43f7-9079-b2eaf2cdc70a" />
    <UnitTestResult executionId="72b6474d-76a0-4cf2-b20c-4fbb417f3cbf" testId="67bcce03-d474-bfa1-ea71-cde16b0abd49" testName="TestAddCapability_NullValue_Failure" computerName="DKSR-EFI-04" duration="00:00:00.0010415" startTime="2023-12-22T09:34:19.7564837+01:00" endTime="2023-12-22T09:34:19.7564837+01:00" testType="13cdc9d9-ddb5-4fa4-a97d-d965ccfc6d4b" outcome="Passed" testListId="8c84fa94-04c1-424b-9868-57a2d4851a1d" relativeResultsDirectory="72b6474d-76a0-4cf2-b20c-4fbb417f3cbf" />
    <UnitTestResult executionId="66ee29b6-6fc8-42f3-af5d-0b7ee115b54f" testId="fe6f8eb7-9e45-eeda-d481-7ce0c15e65c1" testName="TestConstructor_ParsingWcfObjectWithNull_Success" computerName="DKSR-EFI-04" duration="00:00:00.0023765" startTime="2023-12-22T09:34:46.0534903+01:00" endTime="2023-12-22T09:34:46.0534903+01:00" testType="13cdc9d9-ddb5-4fa4-a97d-d965ccfc6d4b" outcome="Passed" testListId="8c84fa94-04c1-424b-9868-57a2d4851a1d" relativeResultsDirectory="66ee29b6-6fc8-42f3-af5d-0b7ee115b54f" />
    <UnitTestResult executionId="efffdd49-edd8-4a79-845e-87e0499a974d" testId="ded4c552-7c82-c874-2cd1-b418656e588e" testName="TestConstructor_ParsingWcfObjectWithNull_ArgumentNullException" computerName="DKSR-EFI-04" duration="00:00:00.0005948" startTime="2023-12-22T09:34:24.1471297+01:00" endTime="2023-12-22T09:34:24.1471297+01:00" testType="13cdc9d9-ddb5-4fa4-a97d-d965ccfc6d4b" outcome="Passed" testListId="8c84fa94-04c1-424b-9868-57a2d4851a1d" relativeResultsDirectory="efffdd49-edd8-4a79-845e-87e0499a974d" />
    <UnitTestResult executionId="30380535-e491-4ece-98f4-509cd557a422" testId="4e8c6090-82a1-d6a7-276a-839ec57dd1d4" testName="TestWcfObject_GetWcfObjectWithNullViewport_Success" computerName="DKSR-EFI-04" duration="00:00:00.0011660" startTime="2023-12-22T09:34:22.7408731+01:00" endTime="2023-12-22T09:34:22.7564989+01:00" testType="13cdc9d9-ddb5-4fa4-a97d-d965ccfc6d4b" outcome="Passed" testListId="8c84fa94-04c1-424b-9868-57a2d4851a1d" relativeResultsDirectory="30380535-e491-4ece-98f4-509cd557a422" />
    <UnitTestResult executionId="b698e737-afb4-4774-9bd8-0047c9ac9bfe" testId="6cf73013-a34f-7368-24a1-ab32cf20292a" testName="Test_QueryLayersByLevelId_OneRow_succes" computerName="DKSR-EFI-04" duration="00:00:00.1111228" startTime="2023-12-22T09:34:22.1471204+01:00" endTime="2023-12-22T09:34:22.2564956+01:00" testType="13cdc9d9-ddb5-4fa4-a97d-d965ccfc6d4b" outcome="Passed" testListId="8c84fa94-04c1-424b-9868-57a2d4851a1d" relativeResultsDirectory="b698e737-afb4-4774-9bd8-0047c9ac9bfe" />
    <UnitTestResult executionId="27a4ee7a-511e-4a7d-b5e0-a2125d519e4f" testId="4258ec35-f944-5fda-746a-95233f9dcbef" testName="TestProperties_GetPropertiesFromWcfObject_Success" computerName="DKSR-EFI-04" duration="00:00:00.0008738" startTime="2023-12-22T09:34:22.8189974+01:00" endTime="2023-12-22T09:34:22.8189974+01:00" testType="13cdc9d9-ddb5-4fa4-a97d-d965ccfc6d4b" outcome="Passed" testListId="8c84fa94-04c1-424b-9868-57a2d4851a1d" relativeResultsDirectory="27a4ee7a-511e-4a7d-b5e0-a2125d519e4f" />
    <UnitTestResult executionId="230bba7a-afc2-4ef3-8416-16cffe1a1512" testId="a893537d-e6d4-68f8-c84b-dc52a5a7bdbd" testName="BuildClusters_NotActiveBuilding_ItemsFallToTheCellCluster" computerName="DKSR-EFI-04" duration="00:00:00.0184566" startTime="2023-12-22T09:34:45.6316142+01:00" endTime="2023-12-22T09:34:45.6472387+01:00" testType="13cdc9d9-ddb5-4fa4-a97d-d965ccfc6d4b" outcome="Passed" testListId="8c84fa94-04c1-424b-9868-57a2d4851a1d" relativeResultsDirectory="230bba7a-afc2-4ef3-8416-16cffe1a1512" />
    <UnitTestResult executionId="7408356a-9f1a-4155-8fb4-1a75bd3a593b" testId="e9ea5347-0b8e-820b-619d-2931921f2a9d" testName="TestUpdateBuildings_NullDefaultLevel_Success" computerName="DKSR-EFI-04" duration="00:00:00.0329204" startTime="2023-12-22T09:34:21.3346146+01:00" endTime="2023-12-22T09:34:21.3658647+01:00" testType="13cdc9d9-ddb5-4fa4-a97d-d965ccfc6d4b" outcome="Passed" testListId="8c84fa94-04c1-424b-9868-57a2d4851a1d" relativeResultsDirectory="7408356a-9f1a-4155-8fb4-1a75bd3a593b" />
    <UnitTestResult executionId="07cdad92-9d91-4429-932e-57ee29ab0d41" testId="9402c974-f17c-f131-5a68-cca76bafe09d" testName="TestConstructor_ParsingWcfObjectWithoutExtent_Success" computerName="DKSR-EFI-04" duration="00:00:00.0002984" startTime="2023-12-22T09:34:23.8971266+01:00" endTime="2023-12-22T09:34:23.8971266+01:00" testType="13cdc9d9-ddb5-4fa4-a97d-d965ccfc6d4b" outcome="Passed" testListId="8c84fa94-04c1-424b-9868-57a2d4851a1d" relativeResultsDirectory="07cdad92-9d91-4429-932e-57ee29ab0d41" />
    <UnitTestResult executionId="b6d1bb0a-cf63-4287-8697-07ff7f1c2fad" testId="c54eb969-a3de-aa48-d99a-d442654c6d39" testName="TestPropertyNames_GettingPropertyNames_Success" computerName="DKSR-EFI-04" duration="00:00:00.0010389" startTime="2023-12-22T09:34:23.2721256+01:00" endTime="2023-12-22T09:34:23.2721256+01:00" testType="13cdc9d9-ddb5-4fa4-a97d-d965ccfc6d4b" outcome="Passed" testListId="8c84fa94-04c1-424b-9868-57a2d4851a1d" relativeResultsDirectory="b6d1bb0a-cf63-4287-8697-07ff7f1c2fad" />
    <UnitTestResult executionId="589df31f-ff32-4fa5-a7d5-968f1981ba4e" testId="4625213c-c4c6-194d-1838-c46fdcca2107" testName="TestWcfObject_ConvertToWcfObject_Success" computerName="DKSR-EFI-04" duration="00:00:00.0151396" startTime="2023-12-22T09:34:23.6627512+01:00" endTime="2023-12-22T09:34:23.6783788+01:00" testType="13cdc9d9-ddb5-4fa4-a97d-d965ccfc6d4b" outcome="Passed" testListId="8c84fa94-04c1-424b-9868-57a2d4851a1d" relativeResultsDirectory="589df31f-ff32-4fa5-a7d5-968f1981ba4e" />
    <UnitTestResult executionId="393d8fff-c594-443a-9695-bc7a1db5346d" testId="5ceb6db9-46b0-6675-2a85-42305df4f4fe" testName="GetClusters_EmptyResultWhenKindUnknown" computerName="DKSR-EFI-04" duration="00:00:00.0035728" startTime="2023-12-22T09:34:19.1314784+01:00" endTime="2023-12-22T09:34:19.1314784+01:00" testType="13cdc9d9-ddb5-4fa4-a97d-d965ccfc6d4b" outcome="Passed" testListId="8c84fa94-04c1-424b-9868-57a2d4851a1d" relativeResultsDirectory="393d8fff-c594-443a-9695-bc7a1db5346d" />
    <UnitTestResult executionId="f234d236-34fc-41c5-afc7-d9d67aeed61c" testId="9ae42ec2-98be-00f5-c3e2-5fe90424eff6" testName="TestWcfObject_ConvertToWcfObject_Success" computerName="DKSR-EFI-04" duration="00:00:00.0009819" startTime="2023-12-22T09:34:46.0378672+01:00" endTime="2023-12-22T09:34:46.0378672+01:00" testType="13cdc9d9-ddb5-4fa4-a97d-d965ccfc6d4b" outcome="Passed" testListId="8c84fa94-04c1-424b-9868-57a2d4851a1d" relativeResultsDirectory="f234d236-34fc-41c5-afc7-d9d67aeed61c" />
    <UnitTestResult executionId="317b0df9-f5a8-4763-af9c-ea4f20933574" testId="5801ef8b-052a-68b8-ec21-3bcee9ec2291" testName="TestAuditLog_NullServiceContract_Failure" computerName="DKSR-EFI-04" duration="00:00:00.0039439" startTime="2023-12-22T09:34:46.1003649+01:00" endTime="2023-12-22T09:34:46.1003649+01:00" testType="13cdc9d9-ddb5-4fa4-a97d-d965ccfc6d4b" outcome="Passed" testListId="8c84fa94-04c1-424b-9868-57a2d4851a1d" relativeResultsDirectory="317b0df9-f5a8-4763-af9c-ea4f20933574" />
    <UnitTestResult executionId="8c59c46e-44bb-4540-820d-5c14c35c48bb" testId="199b66d3-ae3f-aade-849f-dd6e71b6b64c" testName="GetClusters_ArgumentException_WhenTooBigArea" computerName="DKSR-EFI-04" duration="00:00:00.0026780" startTime="2023-12-22T09:34:45.1159868+01:00" endTime="2023-12-22T09:34:45.1159868+01:00" testType="13cdc9d9-ddb5-4fa4-a97d-d965ccfc6d4b" outcome="Passed" testListId="8c84fa94-04c1-424b-9868-57a2d4851a1d" relativeResultsDirectory="8c59c46e-44bb-4540-820d-5c14c35c48bb" />
    <UnitTestResult executionId="1f05890a-cfd7-4d78-98eb-82653c752e6f" testId="08c2e0c0-1347-5284-6bb8-16e1c89ccb18" testName="TestFactory_NewBrowseMap_Success" computerName="DKSR-EFI-04" duration="00:00:00.0013800" startTime="2023-12-22T09:34:23.5377508+01:00" endTime="2023-12-22T09:34:23.5377508+01:00" testType="13cdc9d9-ddb5-4fa4-a97d-d965ccfc6d4b" outcome="Passed" testListId="8c84fa94-04c1-424b-9868-57a2d4851a1d" relativeResultsDirectory="1f05890a-cfd7-4d78-98eb-82653c752e6f" />
    <UnitTestResult executionId="53c8120c-f934-439a-bbe6-ef2185ec613f" testId="8a96c2c9-6de7-92a2-677c-311c56f44dfb" testName="TestPropertyNames_GettingPropertyNames_Success" computerName="DKSR-EFI-04" duration="00:00:00.0004258" startTime="2023-12-22T09:34:22.8814998+01:00" endTime="2023-12-22T09:34:22.8814998+01:00" testType="13cdc9d9-ddb5-4fa4-a97d-d965ccfc6d4b" outcome="Passed" testListId="8c84fa94-04c1-424b-9868-57a2d4851a1d" relativeResultsDirectory="53c8120c-f934-439a-bbe6-ef2185ec613f" />
    <UnitTestResult executionId="4a4a4eeb-998f-4644-a9b8-24e7389d9e18" testId="a2064a79-24aa-c417-4d4b-8e3f5ae86d9c" testName="RemoveItem" computerName="DKSR-EFI-04" duration="00:00:00.0011859" startTime="2023-12-22T09:34:45.9753715+01:00" endTime="2023-12-22T09:34:45.9753715+01:00" testType="13cdc9d9-ddb5-4fa4-a97d-d965ccfc6d4b" outcome="Passed" testListId="8c84fa94-04c1-424b-9868-57a2d4851a1d" relativeResultsDirectory="4a4a4eeb-998f-4644-a9b8-24e7389d9e18" />
    <UnitTestResult executionId="b0a963b9-b0d7-4e6c-b664-1a2c80a1d768" testId="c5b4a8dc-2dec-bd0d-39d6-4cd447ff172b" testName="TestUpdateProperties_UpdateAllProperties_Success" computerName="DKSR-EFI-04" duration="00:00:00.0007305" startTime="2023-12-22T09:34:24.0533813+01:00" endTime="2023-12-22T09:34:24.0533813+01:00" testType="13cdc9d9-ddb5-4fa4-a97d-d965ccfc6d4b" outcome="Passed" testListId="8c84fa94-04c1-424b-9868-57a2d4851a1d" relativeResultsDirectory="b0a963b9-b0d7-4e6c-b664-1a2c80a1d768" />
    <UnitTestResult executionId="88cf6ce8-e6f8-4254-a61b-0f45ed3ad080" testId="1160c5d9-3b03-8b7c-d2ae-f7a44929d311" testName="TestUpdateProperties_UpdateAllProperties_Success" computerName="DKSR-EFI-04" duration="00:00:00.0017259" startTime="2023-12-22T09:34:22.9596220+01:00" endTime="2023-12-22T09:34:22.9596220+01:00" testType="13cdc9d9-ddb5-4fa4-a97d-d965ccfc6d4b" outcome="Passed" testListId="8c84fa94-04c1-424b-9868-57a2d4851a1d" relativeResultsDirectory="88cf6ce8-e6f8-4254-a61b-0f45ed3ad080" />
    <UnitTestResult executionId="5b058400-8942-4bb9-b38c-4e0639e18f50" testId="d8387385-ee97-e212-c9fc-5801ffa0d666" testName="TestAuditLog_AuditLogLayerRemoved_Success" computerName="DKSR-EFI-04" duration="00:00:00.0046285" startTime="2023-12-22T09:34:24.4127550+01:00" endTime="2023-12-22T09:34:24.4127550+01:00" testType="13cdc9d9-ddb5-4fa4-a97d-d965ccfc6d4b" outcome="Passed" testListId="8c84fa94-04c1-424b-9868-57a2d4851a1d" relativeResultsDirectory="5b058400-8942-4bb9-b38c-4e0639e18f50" />
    <UnitTestResult executionId="bb2f38ab-354e-4a9f-8fc2-5572f94d9d54" testId="607692ce-d9ad-913a-c01b-a726d8361c3f" testName="TestConstructor_ParsingWcfObjectWithNull_Success" computerName="DKSR-EFI-04" duration="00:00:00.0006508" startTime="2023-12-22T09:34:22.7721224+01:00" endTime="2023-12-22T09:34:22.7721224+01:00" testType="13cdc9d9-ddb5-4fa4-a97d-d965ccfc6d4b" outcome="Passed" testListId="8c84fa94-04c1-424b-9868-57a2d4851a1d" relativeResultsDirectory="bb2f38ab-354e-4a9f-8fc2-5572f94d9d54" />
    <UnitTestResult executionId="933857c9-202a-4bac-87f3-9102636475ea" testId="95bf7929-35e2-cfd9-e7a1-cdb3e56bc0fb" testName="TestProperties_GetProperties_Success" computerName="DKSR-EFI-04" duration="00:00:00.0009288" startTime="2023-12-22T09:34:22.8658751+01:00" endTime="2023-12-22T09:34:22.8658751+01:00" testType="13cdc9d9-ddb5-4fa4-a97d-d965ccfc6d4b" outcome="Passed" testListId="8c84fa94-04c1-424b-9868-57a2d4851a1d" relativeResultsDirectory="933857c9-202a-4bac-87f3-9102636475ea" />
    <UnitTestResult executionId="b9492417-b334-4f54-876c-65762df02082" testId="99f9fd62-ac7d-78fb-11ef-288f41ae274b" testName="TestAddBuilding_NullBuilding_Failure" computerName="DKSR-EFI-04" duration="00:00:00.0020794" startTime="2023-12-22T09:34:20.6939894+01:00" endTime="2023-12-22T09:34:20.6939894+01:00" testType="13cdc9d9-ddb5-4fa4-a97d-d965ccfc6d4b" outcome="Passed" testListId="8c84fa94-04c1-424b-9868-57a2d4851a1d" relativeResultsDirectory="b9492417-b334-4f54-876c-65762df02082" />
    <UnitTestResult executionId="f235e1b6-bdcf-4b5d-8337-16eb772211b8" testId="6e851fc6-093b-40f1-26c3-a3721c560c72" testName="TestConstructor_ParsingWcfObjectNullOuterRing_Success" computerName="DKSR-EFI-04" duration="00:00:00.0007175" startTime="2023-12-22T09:34:46.0691171+01:00" endTime="2023-12-22T09:34:46.0691171+01:00" testType="13cdc9d9-ddb5-4fa4-a97d-d965ccfc6d4b" outcome="Passed" testListId="8c84fa94-04c1-424b-9868-57a2d4851a1d" relativeResultsDirectory="f235e1b6-bdcf-4b5d-8337-16eb772211b8" />
    <UnitTestResult executionId="25c9b22b-84a9-4422-953e-03c81d458d08" testId="bb207594-bb0f-fb30-170e-6bebf8c1e41d" testName="TestAuditLog_AuditLogBuildingAdded_Success" computerName="DKSR-EFI-04" duration="00:00:00.0055291" startTime="2023-12-22T09:34:46.1159926+01:00" endTime="2023-12-22T09:34:46.1159926+01:00" testType="13cdc9d9-ddb5-4fa4-a97d-d965ccfc6d4b" outcome="Passed" testListId="8c84fa94-04c1-424b-9868-57a2d4851a1d" relativeResultsDirectory="25c9b22b-84a9-4422-953e-03c81d458d08" />
    <UnitTestResult executionId="dcc83168-b235-49f2-8c80-3d430f4bf06d" testId="746bd023-03df-7114-9f0e-7c5538738f75" testName="TestConstructor_Success" computerName="DKSR-EFI-04" duration="00:00:00.0002866" startTime="2023-12-22T09:34:24.4283811+01:00" endTime="2023-12-22T09:34:24.4283811+01:00" testType="13cdc9d9-ddb5-4fa4-a97d-d965ccfc6d4b" outcome="Passed" testListId="8c84fa94-04c1-424b-9868-57a2d4851a1d" relativeResultsDirectory="dcc83168-b235-49f2-8c80-3d430f4bf06d" />
    <UnitTestResult executionId="546daa54-833b-4581-90b0-6b7ce0cc4942" testId="5e41e430-2747-105c-57b9-110b878ed3bb" testName="TestConstructor_ParsingWcfObject_Success" computerName="DKSR-EFI-04" duration="00:00:00.0012514" startTime="2023-12-22T09:34:24.2096303+01:00" endTime="2023-12-22T09:34:24.2096303+01:00" testType="13cdc9d9-ddb5-4fa4-a97d-d965ccfc6d4b" outcome="Passed" testListId="8c84fa94-04c1-424b-9868-57a2d4851a1d" relativeResultsDirectory="546daa54-833b-4581-90b0-6b7ce0cc4942" />
    <UnitTestResult executionId="908514e8-c6f3-49d8-ad94-a70b5585b201" testId="5d294bba-2ebf-290a-e853-ad009704c202" testName="BuildingEvents_Reaction" computerName="DKSR-EFI-04" duration="00:00:00.0978585" startTime="2023-12-22T09:34:19.2564798+01:00" endTime="2023-12-22T09:34:19.3502295+01:00" testType="13cdc9d9-ddb5-4fa4-a97d-d965ccfc6d4b" outcome="Passed" testListId="8c84fa94-04c1-424b-9868-57a2d4851a1d" relativeResultsDirectory="908514e8-c6f3-49d8-ad94-a70b5585b201" />
    <UnitTestResult executionId="2d6e8d49-a4f4-47db-bf24-05a32dbbb712" testId="066390a6-0c18-98b7-6f8e-ce212a91b6c9" testName="AddNewItem_Success" computerName="DKSR-EFI-04" duration="00:00:00.0169969" startTime="2023-12-22T09:34:19.3971067+01:00" endTime="2023-12-22T09:34:19.4127327+01:00" testType="13cdc9d9-ddb5-4fa4-a97d-d965ccfc6d4b" outcome="Passed" testListId="8c84fa94-04c1-424b-9868-57a2d4851a1d" relativeResultsDirectory="2d6e8d49-a4f4-47db-bf24-05a32dbbb712" />
    <UnitTestResult executionId="30d4687e-ce34-442b-a97c-a6b04421cd09" testId="fedfa35e-6880-68f0-e203-0871803ddfef" testName="TestReorderLevels_DatabaseException_Failure" computerName="DKSR-EFI-04" duration="00:00:00.0045674" startTime="2023-12-22T09:34:21.9752448+01:00" endTime="2023-12-22T09:34:21.9752448+01:00" testType="13cdc9d9-ddb5-4fa4-a97d-d965ccfc6d4b" outcome="Passed" testListId="8c84fa94-04c1-424b-9868-57a2d4851a1d" relativeResultsDirectory="30d4687e-ce34-442b-a97c-a6b04421cd09" />
    <UnitTestResult executionId="aa523423-e7d7-4ada-9bbb-48ce96ae3f37" testId="4842b873-c97f-c447-58e9-28fdcf7fe08e" testName="SetMapItems_AssignsItems" computerName="DKSR-EFI-04" duration="00:00:00.0002687" startTime="2023-12-22T09:34:45.6941141+01:00" endTime="2023-12-22T09:34:45.6941141+01:00" testType="13cdc9d9-ddb5-4fa4-a97d-d965ccfc6d4b" outcome="Passed" testListId="8c84fa94-04c1-424b-9868-57a2d4851a1d" relativeResultsDirectory="aa523423-e7d7-4ada-9bbb-48ce96ae3f37" />
    <UnitTestResult executionId="c751be23-d368-401c-87d5-1247deb0f9e9" testId="7c79b127-b34c-0eb3-b547-ce4214dcdd77" testName="RemoveItems_Rises_OnItemsExcluded" computerName="DKSR-EFI-04" duration="00:00:00.0061819" startTime="2023-12-22T09:34:24.6315089+01:00" endTime="2023-12-22T09:34:24.6315089+01:00" testType="13cdc9d9-ddb5-4fa4-a97d-d965ccfc6d4b" outcome="Passed" testListId="8c84fa94-04c1-424b-9868-57a2d4851a1d" relativeResultsDirectory="c751be23-d368-401c-87d5-1247deb0f9e9" />
    <UnitTestResult executionId="f3e4d546-aed0-48d3-8550-c44f94ed6c59" testId="d5120fcc-cbac-a310-957a-6519ed43b078" testName="IsOnStumpLevel_Silent_WhenBuildingUnknown" computerName="DKSR-EFI-04" duration="00:00:00.0053937" startTime="2023-12-22T09:34:45.8972396+01:00" endTime="2023-12-22T09:34:45.9128650+01:00" testType="13cdc9d9-ddb5-4fa4-a97d-d965ccfc6d4b" outcome="Passed" testListId="8c84fa94-04c1-424b-9868-57a2d4851a1d" relativeResultsDirectory="f3e4d546-aed0-48d3-8550-c44f94ed6c59" />
    <UnitTestResult executionId="2e62a212-69fd-4e20-ab6c-7913c652d263" testId="10c9a457-cb36-9c66-57cc-73a8ab3286b0" testName="TestAuditLog_AuditLogChanged_AddingRemovingLegacyLinkChangingTargetServiceId_Success" computerName="DKSR-EFI-04" duration="00:00:00.0174527" startTime="2023-12-22T09:34:23.2252517+01:00" endTime="2023-12-22T09:34:23.2408758+01:00" testType="13cdc9d9-ddb5-4fa4-a97d-d965ccfc6d4b" outcome="Passed" testListId="8c84fa94-04c1-424b-9868-57a2d4851a1d" relativeResultsDirectory="2e62a212-69fd-4e20-ab6c-7913c652d263" />
    <UnitTestResult executionId="1d6c40c0-a228-444e-b40b-75f04cf2d432" testId="d34706a4-7950-d591-a268-b776543bf69d" testName="TestConstructor_ParsingWcfObject_Success" computerName="DKSR-EFI-04" duration="00:00:00.0221722" startTime="2023-12-22T09:34:23.6158777+01:00" endTime="2023-12-22T09:34:23.6315049+01:00" testType="13cdc9d9-ddb5-4fa4-a97d-d965ccfc6d4b" outcome="Passed" testListId="8c84fa94-04c1-424b-9868-57a2d4851a1d" relativeResultsDirectory="1d6c40c0-a228-444e-b40b-75f04cf2d432" />
    <UnitTestResult executionId="169f3323-97f0-4a0f-b671-8564f5d31aa3" testId="3ec67fea-5dc6-222c-dc57-4a5c36836eb7" testName="TestConstructor_ParsingWcfObject_Success" computerName="DKSR-EFI-04" duration="00:00:00.0016355" startTime="2023-12-22T09:34:24.0690032+01:00" endTime="2023-12-22T09:34:24.0690032+01:00" testType="13cdc9d9-ddb5-4fa4-a97d-d965ccfc6d4b" outcome="Passed" testListId="8c84fa94-04c1-424b-9868-57a2d4851a1d" relativeResultsDirectory="169f3323-97f0-4a0f-b671-8564f5d31aa3" />
    <UnitTestResult executionId="a13d18ed-97ce-4809-82fa-e09c2c178887" testId="db14eb35-236b-6292-252b-84c5d540251e" testName="TestConstructor_ParsingWcfObject_Success" computerName="DKSR-EFI-04" duration="00:00:00.0008132" startTime="2023-12-22T09:34:22.8814998+01:00" endTime="2023-12-22T09:34:22.8814998+01:00" testType="13cdc9d9-ddb5-4fa4-a97d-d965ccfc6d4b" outcome="Passed" testListId="8c84fa94-04c1-424b-9868-57a2d4851a1d" relativeResultsDirectory="a13d18ed-97ce-4809-82fa-e09c2c178887" />
    <UnitTestResult executionId="d33b9f84-0077-44ea-afbf-bafc75ff0b02" testId="71fc6305-6d45-312e-3256-a6c3d4d7310c" testName="TestWcfObject_GetWcfObjectWithNullUpperLeftAndNullLowerRight_Success" computerName="DKSR-EFI-04" duration="00:00:00.0004825" startTime="2023-12-22T09:34:22.8033726+01:00" endTime="2023-12-22T09:34:22.8033726+01:00" testType="13cdc9d9-ddb5-4fa4-a97d-d965ccfc6d4b" outcome="Passed" testListId="8c84fa94-04c1-424b-9868-57a2d4851a1d" relativeResultsDirectory="d33b9f84-0077-44ea-afbf-bafc75ff0b02" />
    <UnitTestResult executionId="5c9cc859-37e7-4ad6-971b-24d2aeb47187" testId="88f1d726-ecf3-6ece-4827-0194e8137033" testName="TestProperties_GetProperties_Success" computerName="DKSR-EFI-04" duration="00:00:00.0006381" startTime="2023-12-22T09:34:23.8971266+01:00" endTime="2023-12-22T09:34:23.8971266+01:00" testType="13cdc9d9-ddb5-4fa4-a97d-d965ccfc6d4b" outcome="Passed" testListId="8c84fa94-04c1-424b-9868-57a2d4851a1d" relativeResultsDirectory="5c9cc859-37e7-4ad6-971b-24d2aeb47187" />
    <UnitTestResult executionId="35a21fef-41de-49ce-92b7-9ded580f5e43" testId="bf0e4b1f-683f-dc6c-89fe-c24204c6eb29" testName="BuildClusters_3Buildings" computerName="DKSR-EFI-04" duration="00:00:00.0384237" startTime="2023-12-22T09:34:45.4753652+01:00" endTime="2023-12-22T09:34:45.5066143+01:00" testType="13cdc9d9-ddb5-4fa4-a97d-d965ccfc6d4b" outcome="Passed" testListId="8c84fa94-04c1-424b-9868-57a2d4851a1d" relativeResultsDirectory="35a21fef-41de-49ce-92b7-9ded580f5e43" />
    <UnitTestResult executionId="52dfcb14-0eb3-4409-b854-a3d24c68b363" testId="1ac7044b-d9a1-7803-0a4f-ce737c5e24f1" testName="TestConstructor_ParsingWcfObjectWithoutExtent_Success" computerName="DKSR-EFI-04" duration="00:00:00.0006242" startTime="2023-12-22T09:34:24.3190053+01:00" endTime="2023-12-22T09:34:24.3190053+01:00" testType="13cdc9d9-ddb5-4fa4-a97d-d965ccfc6d4b" outcome="Passed" testListId="8c84fa94-04c1-424b-9868-57a2d4851a1d" relativeResultsDirectory="52dfcb14-0eb3-4409-b854-a3d24c68b363" />
    <UnitTestResult executionId="845bd52b-d87a-417f-b651-c7a7fdff5c72" testId="a30fc66d-627a-89ef-95f1-4ebe1ee9d820" testName="GetMipItemsByKindAndArea_CallsFilter" computerName="DKSR-EFI-04" duration="00:00:00.0142471" startTime="2023-12-22T09:34:18.7252266+01:00" endTime="2023-12-22T09:34:18.7408530+01:00" testType="13cdc9d9-ddb5-4fa4-a97d-d965ccfc6d4b" outcome="Passed" testListId="8c84fa94-04c1-424b-9868-57a2d4851a1d" relativeResultsDirectory="845bd52b-d87a-417f-b651-c7a7fdff5c72" />
    <UnitTestResult executionId="7e3291e0-9848-4905-9a5c-7358bb65243e" testId="0c9aa8b6-9304-dd59-85f1-e44ef127992f" testName="UpdateItem_Disabled_Deletes" computerName="DKSR-EFI-04" duration="00:00:00.0072759" startTime="2023-12-22T09:34:19.4752312+01:00" endTime="2023-12-22T09:34:19.4908563+01:00" testType="13cdc9d9-ddb5-4fa4-a97d-d965ccfc6d4b" outcome="Passed" testListId="8c84fa94-04c1-424b-9868-57a2d4851a1d" relativeResultsDirectory="7e3291e0-9848-4905-9a5c-7358bb65243e" />
    <UnitTestResult executionId="e753fec2-0228-4a6b-bd86-389ab83e2824" testId="e7cc7186-2673-8199-a8c8-5cfc7ab4d6dd" testName="Clear_AllowsFreshUsage" computerName="DKSR-EFI-04" duration="00:00:00.0038040" startTime="2023-12-22T09:34:24.7253203+01:00" endTime="2023-12-22T09:34:24.7253203+01:00" testType="13cdc9d9-ddb5-4fa4-a97d-d965ccfc6d4b" outcome="Passed" testListId="8c84fa94-04c1-424b-9868-57a2d4851a1d" relativeResultsDirectory="e753fec2-0228-4a6b-bd86-389ab83e2824" />
    <UnitTestResult executionId="4c27a1ee-fb6b-4f21-bcd9-5d7dbefb0fdd" testId="a113a89e-e992-2477-4f24-2689a2a0836d" testName="TestWcfObject_GetWcfObjectWithoutPosition_Success" computerName="DKSR-EFI-04" duration="00:00:00.0004723" startTime="2023-12-22T09:34:23.4908749+01:00" endTime="2023-12-22T09:34:23.4908749+01:00" testType="13cdc9d9-ddb5-4fa4-a97d-d965ccfc6d4b" outcome="Passed" testListId="8c84fa94-04c1-424b-9868-57a2d4851a1d" relativeResultsDirectory="4c27a1ee-fb6b-4f21-bcd9-5d7dbefb0fdd" />
    <UnitTestResult executionId="d3ce3ad5-2be9-4f06-bd83-45bf2fd56120" testId="11b3e576-7a1b-62b2-277e-c000f57ce0f1" testName="TestProperties_GetPropertiesFromWcfObject_Success" computerName="DKSR-EFI-04" duration="00:00:00.0011937" startTime="2023-12-22T09:34:22.7096235+01:00" endTime="2023-12-22T09:34:22.7096235+01:00" testType="13cdc9d9-ddb5-4fa4-a97d-d965ccfc6d4b" outcome="Passed" testListId="8c84fa94-04c1-424b-9868-57a2d4851a1d" relativeResultsDirectory="d3ce3ad5-2be9-4f06-bd83-45bf2fd56120" />
    <UnitTestResult executionId="e66885ef-f575-44a4-833f-a0f61c6aa8b5" testId="8dcff6f9-cdfd-d89f-e03d-addb66eb0a35" testName="TestFactory_WithParamters_Success" computerName="DKSR-EFI-04" duration="00:00:00.0013862" startTime="2023-12-22T09:34:46.0222396+01:00" endTime="2023-12-22T09:34:46.0378672+01:00" testType="13cdc9d9-ddb5-4fa4-a97d-d965ccfc6d4b" outcome="Passed" testListId="8c84fa94-04c1-424b-9868-57a2d4851a1d" relativeResultsDirectory="e66885ef-f575-44a4-833f-a0f61c6aa8b5" />
    <UnitTestResult executionId="c29bffbb-3ed5-4f8d-a31d-1a6bfed6d22d" testId="c5e39ed0-0eee-e6dd-3322-30cdbf3be970" testName="TestAuditLog_AuditLogLevelAdded_Success" computerName="DKSR-EFI-04" duration="00:00:00.0095137" startTime="2023-12-22T09:34:46.2253684+01:00" endTime="2023-12-22T09:34:46.2253684+01:00" testType="13cdc9d9-ddb5-4fa4-a97d-d965ccfc6d4b" outcome="Passed" testListId="8c84fa94-04c1-424b-9868-57a2d4851a1d" relativeResultsDirectory="c29bffbb-3ed5-4f8d-a31d-1a6bfed6d22d" />
    <UnitTestResult executionId="a04320c5-0464-48b6-8446-2d560c4b527f" testId="2cfb7e90-0af1-6c66-4060-07f2a94c8dee" testName="GetClusters_StrategyCalledWithIndividualItemsOnlyTrue_WhenScaleIsLessThanMinimum" computerName="DKSR-EFI-04" duration="00:00:00.0100168" startTime="2023-12-22T09:34:24.7408807+01:00" endTime="2023-12-22T09:34:24.7565094+01:00" testType="13cdc9d9-ddb5-4fa4-a97d-d965ccfc6d4b" outcome="Passed" testListId="8c84fa94-04c1-424b-9868-57a2d4851a1d" relativeResultsDirectory="a04320c5-0464-48b6-8446-2d560c4b527f" />
    <UnitTestResult executionId="77b86c41-2cd5-4a4f-b883-c85f74b884b6" testId="7c715ebf-59d3-89bc-5957-83f19fad2bcf" testName="TestProperties_GetProperties_Success" computerName="DKSR-EFI-04" duration="00:00:00.0008989" startTime="2023-12-22T09:34:24.1627556+01:00" endTime="2023-12-22T09:34:24.1627556+01:00" testType="13cdc9d9-ddb5-4fa4-a97d-d965ccfc6d4b" outcome="Passed" testListId="8c84fa94-04c1-424b-9868-57a2d4851a1d" relativeResultsDirectory="77b86c41-2cd5-4a4f-b883-c85f74b884b6" />
    <UnitTestResult executionId="6ef2563b-fa60-4b38-9a99-4d8a9e92f94e" testId="e5d8a18f-07af-3300-6380-5893f036ee01" testName="UpdateBuildingLevel_WorksCorrectly_AfterAddingLevel" computerName="DKSR-EFI-04" duration="00:00:00.0172191" startTime="2023-12-22T09:34:45.8191151+01:00" endTime="2023-12-22T09:34:45.8347394+01:00" testType="13cdc9d9-ddb5-4fa4-a97d-d965ccfc6d4b" outcome="Passed" testListId="8c84fa94-04c1-424b-9868-57a2d4851a1d" relativeResultsDirectory="6ef2563b-fa60-4b38-9a99-4d8a9e92f94e" />
    <UnitTestResult executionId="9061bfd9-0e57-48a1-ad67-b1127860eb4d" testId="5aa5f274-79e9-1207-c601-01c6998ae510" testName="TestAuditLog_AuditLogBuildingRemoved_Success" computerName="DKSR-EFI-04" duration="00:00:00.0050567" startTime="2023-12-22T09:34:46.1159926+01:00" endTime="2023-12-22T09:34:46.1316169+01:00" testType="13cdc9d9-ddb5-4fa4-a97d-d965ccfc6d4b" outcome="Passed" testListId="8c84fa94-04c1-424b-9868-57a2d4851a1d" relativeResultsDirectory="9061bfd9-0e57-48a1-ad67-b1127860eb4d" />
    <UnitTestResult executionId="31915125-135f-41fb-8182-277d5cb62473" testId="b4c7197a-025f-2d58-2aa6-331c80e4987a" testName="GetClusters_ReturnsCorrectClusteredItemsByArea" computerName="DKSR-EFI-04" duration="00:00:00.0242095" startTime="2023-12-22T09:34:19.1002296+01:00" endTime="2023-12-22T09:34:19.1314784+01:00" testType="13cdc9d9-ddb5-4fa4-a97d-d965ccfc6d4b" outcome="Passed" testListId="8c84fa94-04c1-424b-9868-57a2d4851a1d" relativeResultsDirectory="31915125-135f-41fb-8182-277d5cb62473" />
    <UnitTestResult executionId="29a129cf-976d-44f8-b3d2-c5d80f9d6624" testId="78e1ad87-4fe8-4314-4c67-aedf5c8ef7d7" testName="TestCapabilities_OnlyLatestGeneration_Success" computerName="DKSR-EFI-04" duration="00:00:00.0009102" startTime="2023-12-22T09:34:19.7877334+01:00" endTime="2023-12-22T09:34:19.7877334+01:00" testType="13cdc9d9-ddb5-4fa4-a97d-d965ccfc6d4b" outcome="Passed" testListId="8c84fa94-04c1-424b-9868-57a2d4851a1d" relativeResultsDirectory="29a129cf-976d-44f8-b3d2-c5d80f9d6624" />
    <UnitTestResult executionId="d75bdd8e-307e-482b-b6cf-f10f5162ad4c" testId="176216d1-7732-025a-8e79-d4f3f1aa10fd" testName="TestConstructor_ParsingWcfObject_Success" computerName="DKSR-EFI-04" duration="00:00:00.0011810" startTime="2023-12-22T09:34:24.3190053+01:00" endTime="2023-12-22T09:34:24.3190053+01:00" testType="13cdc9d9-ddb5-4fa4-a97d-d965ccfc6d4b" outcome="Passed" testListId="8c84fa94-04c1-424b-9868-57a2d4851a1d" relativeResultsDirectory="d75bdd8e-307e-482b-b6cf-f10f5162ad4c" />
    <UnitTestResult executionId="ed3100ae-7d2a-422b-a7d6-3215bda2df4a" testId="43ca9d34-d402-7033-279f-b43f2b43ba62" testName="TestUpdateProperties_UpdateAllProperties_Success" computerName="DKSR-EFI-04" duration="00:00:00.0005820" startTime="2023-12-22T09:34:22.9127492+01:00" endTime="2023-12-22T09:34:22.9127492+01:00" testType="13cdc9d9-ddb5-4fa4-a97d-d965ccfc6d4b" outcome="Passed" testListId="8c84fa94-04c1-424b-9868-57a2d4851a1d" relativeResultsDirectory="ed3100ae-7d2a-422b-a7d6-3215bda2df4a" />
    <UnitTestResult executionId="890e270b-7cb0-4234-a3ef-f8820f56b9c4" testId="564c14ba-d484-d5d9-1f0e-86cced11558c" testName="AddNewItem_Disabled_Ignores" computerName="DKSR-EFI-04" duration="00:00:00.0039498" startTime="2023-12-22T09:34:19.4127327+01:00" endTime="2023-12-22T09:34:19.4127327+01:00" testType="13cdc9d9-ddb5-4fa4-a97d-d965ccfc6d4b" outcome="Passed" testListId="8c84fa94-04c1-424b-9868-57a2d4851a1d" relativeResultsDirectory="890e270b-7cb0-4234-a3ef-f8820f56b9c4" />
    <UnitTestResult executionId="e2fe3030-88cf-4767-acc5-4c2b2eefb372" testId="fe730865-2892-db3d-7097-9bb89a0f72c6" testName="TestConstructor_CreateService_Success" computerName="DKSR-EFI-04" duration="00:00:00.0007087" startTime="2023-12-22T09:34:18.8033519+01:00" endTime="2023-12-22T09:34:18.8033519+01:00" testType="13cdc9d9-ddb5-4fa4-a97d-d965ccfc6d4b" outcome="Passed" testListId="8c84fa94-04c1-424b-9868-57a2d4851a1d" relativeResultsDirectory="e2fe3030-88cf-4767-acc5-4c2b2eefb372" />
    <UnitTestResult executionId="991edac1-5637-4c3d-9309-888dfca4f5b8" testId="18d0606b-a3f4-7e0d-624a-40782179ea83" testName="TestAuditLog_AuditLogBuildingRenamed_Success" computerName="DKSR-EFI-04" duration="00:00:00.0101603" startTime="2023-12-22T09:34:46.1316169+01:00" endTime="2023-12-22T09:34:46.1472427+01:00" testType="13cdc9d9-ddb5-4fa4-a97d-d965ccfc6d4b" outcome="Passed" testListId="8c84fa94-04c1-424b-9868-57a2d4851a1d" relativeResultsDirectory="991edac1-5637-4c3d-9309-888dfca4f5b8" />
    <UnitTestResult executionId="a2b8e0cb-d5c8-43c2-86f4-0caab7b316ef" testId="87b6963a-14f0-3758-db39-bb05a3ddfb74" testName="TestConstructor_ParsingWcfObject_Success" computerName="DKSR-EFI-04" duration="00:00:00.0004234" startTime="2023-12-22T09:34:24.2877556+01:00" endTime="2023-12-22T09:34:24.3033802+01:00" testType="13cdc9d9-ddb5-4fa4-a97d-d965ccfc6d4b" outcome="Passed" testListId="8c84fa94-04c1-424b-9868-57a2d4851a1d" relativeResultsDirectory="a2b8e0cb-d5c8-43c2-86f4-0caab7b316ef" />
    <UnitTestResult executionId="7df9a595-c860-4f83-b67e-c88941a42ea5" testId="5247f914-d515-1ff4-acca-c3d5e02af252" testName="TestConstructor_ParsingWcfObjectWithNull_Success" computerName="DKSR-EFI-04" duration="00:00:00.0013719" startTime="2023-12-22T09:34:24.1783803+01:00" endTime="2023-12-22T09:34:24.1783803+01:00" testType="13cdc9d9-ddb5-4fa4-a97d-d965ccfc6d4b" outcome="Passed" testListId="8c84fa94-04c1-424b-9868-57a2d4851a1d" relativeResultsDirectory="7df9a595-c860-4f83-b67e-c88941a42ea5" />
    <UnitTestResult executionId="bc5e06b0-bcc6-468b-b37d-efeb936bb041" testId="db7de401-b646-d928-1a5f-89bb54cdcee8" testName="GetMipPlugins_Success" computerName="DKSR-EFI-04" duration="00:00:00.0167686" startTime="2023-12-22T09:34:18.6158529+01:00" endTime="2023-12-22T09:34:18.6314772+01:00" testType="13cdc9d9-ddb5-4fa4-a97d-d965ccfc6d4b" outcome="Passed" testListId="8c84fa94-04c1-424b-9868-57a2d4851a1d" relativeResultsDirectory="bc5e06b0-bcc6-468b-b37d-efeb936bb041" />
    <UnitTestResult executionId="6a1444f7-64c1-4f4a-a630-deca16e3134c" testId="50c7a51c-2a6b-67d6-f233-f5a26a2ef5b0" testName="TestPropertyNames_GettingPropertyNames_Success" computerName="DKSR-EFI-04" duration="00:00:00.0006356" startTime="2023-12-22T09:34:24.0533813+01:00" endTime="2023-12-22T09:34:24.0533813+01:00" testType="13cdc9d9-ddb5-4fa4-a97d-d965ccfc6d4b" outcome="Passed" testListId="8c84fa94-04c1-424b-9868-57a2d4851a1d" relativeResultsDirectory="6a1444f7-64c1-4f4a-a630-deca16e3134c" />
    <UnitTestResult executionId="b75864f8-9e2c-4528-8387-679b5fcb2215" testId="a4ae177a-07cb-a89d-81d1-b440a5ecad36" testName="TestWcfObject_GetWcfObjectWithNullUpperLeftUpperRightLowerLeftLowerRight_Success" computerName="DKSR-EFI-04" duration="00:00:00.0026781" startTime="2023-12-22T09:34:22.6158757+01:00" endTime="2023-12-22T09:34:22.6158757+01:00" testType="13cdc9d9-ddb5-4fa4-a97d-d965ccfc6d4b" outcome="Passed" testListId="8c84fa94-04c1-424b-9868-57a2d4851a1d" relativeResultsDirectory="b75864f8-9e2c-4528-8387-679b5fcb2215" />
    <UnitTestResult executionId="b912124c-9b3c-41da-8657-f7ebc7a50d91" testId="73c684e6-c886-4823-96f9-b9a8feb5cb2f" testName="TestWcfObject_ConvertToWcfObject_Success" computerName="DKSR-EFI-04" duration="00:00:00.0021340" startTime="2023-12-22T09:34:22.8502507+01:00" endTime="2023-12-22T09:34:22.8502507+01:00" testType="13cdc9d9-ddb5-4fa4-a97d-d965ccfc6d4b" outcome="Passed" testListId="8c84fa94-04c1-424b-9868-57a2d4851a1d" relativeResultsDirectory="b912124c-9b3c-41da-8657-f7ebc7a50d91" />
    <UnitTestResult executionId="4de229a2-7ffd-46a8-9143-f66ca5f3dfce" testId="26371502-1758-5e64-68b2-e0132da265a1" testName="GetClusters_ThrowsExceptionWhenNotInit" computerName="DKSR-EFI-04" duration="00:00:00.0007408" startTime="2023-12-22T09:34:45.1159868+01:00" endTime="2023-12-22T09:34:45.1159868+01:00" testType="13cdc9d9-ddb5-4fa4-a97d-d965ccfc6d4b" outcome="Passed" testListId="8c84fa94-04c1-424b-9868-57a2d4851a1d" relativeResultsDirectory="4de229a2-7ffd-46a8-9143-f66ca5f3dfce" />
    <UnitTestResult executionId="71bb8085-d2a1-427b-926c-d8426ebad085" testId="5cbe2fb0-0e31-b162-2ddc-c583c1192cd1" testName="Test_DeleteLevels_ArgumentException_Failure" computerName="DKSR-EFI-04" duration="00:00:00.0033397" startTime="2023-12-22T09:34:22.0846200+01:00" endTime="2023-12-22T09:34:22.0846200+01:00" testType="13cdc9d9-ddb5-4fa4-a97d-d965ccfc6d4b" outcome="Passed" testListId="8c84fa94-04c1-424b-9868-57a2d4851a1d" relativeResultsDirectory="71bb8085-d2a1-427b-926c-d8426ebad085" />
    <UnitTestResult executionId="33720a3c-8739-4ae3-9053-96bd6ed2c325" testId="560e69fa-0fa9-aa07-2de2-6ff26e5cacea" testName="TestConstructor_Success" computerName="DKSR-EFI-04" duration="00:00:00.0010051" startTime="2023-12-22T09:34:23.7252542+01:00" endTime="2023-12-22T09:34:23.7252542+01:00" testType="13cdc9d9-ddb5-4fa4-a97d-d965ccfc6d4b" outcome="Passed" testListId="8c84fa94-04c1-424b-9868-57a2d4851a1d" relativeResultsDirectory="33720a3c-8739-4ae3-9053-96bd6ed2c325" />
    <UnitTestResult executionId="9da6a9d0-8ef9-4a84-afc5-ce375d662665" testId="179e1ee4-3947-d241-311c-7731522f179c" testName="Init_TestInitTwice" computerName="DKSR-EFI-04" duration="00:00:00.0057644" startTime="2023-12-22T09:34:18.9283535+01:00" endTime="2023-12-22T09:34:18.9283535+01:00" testType="13cdc9d9-ddb5-4fa4-a97d-d965ccfc6d4b" outcome="Passed" testListId="8c84fa94-04c1-424b-9868-57a2d4851a1d" relativeResultsDirectory="9da6a9d0-8ef9-4a84-afc5-ce375d662665" />
    <UnitTestResult executionId="41d9af90-7516-41bc-9184-a63e8f3aea47" testId="21ece2aa-5b05-eb9f-6dfa-8fc89eabf1d3" testName="TestPropertyNames_GettingPropertyNames_Success" computerName="DKSR-EFI-04" duration="00:00:00.0014851" startTime="2023-12-22T09:34:22.7252487+01:00" endTime="2023-12-22T09:34:22.7252487+01:00" testType="13cdc9d9-ddb5-4fa4-a97d-d965ccfc6d4b" outcome="Passed" testListId="8c84fa94-04c1-424b-9868-57a2d4851a1d" relativeResultsDirectory="41d9af90-7516-41bc-9184-a63e8f3aea47" />
    <UnitTestResult executionId="8d1de32e-4b8e-4a4c-ad6b-35d472ab5c08" testId="0fe8c2d0-ab9d-9b21-6a79-90d5c8333662" testName="UpdateLevel_IgnoreLevelItemsThatAreNotPartOfIndexer" computerName="DKSR-EFI-04" duration="00:00:00.0030075" startTime="2023-12-22T09:34:46.0066162+01:00" endTime="2023-12-22T09:34:46.0222396+01:00" testType="13cdc9d9-ddb5-4fa4-a97d-d965ccfc6d4b" outcome="Passed" testListId="8c84fa94-04c1-424b-9868-57a2d4851a1d" relativeResultsDirectory="8d1de32e-4b8e-4a4c-ad6b-35d472ab5c08" />
    <UnitTestResult executionId="25d1b9f4-a939-4766-8cb5-7e5b54942c90" testId="0679e0f5-1558-0cf5-47c4-c47e9ac2abff" testName="GetGisMapKindsAsync_DistinctKinds" computerName="DKSR-EFI-04" duration="00:00:00.0028846" startTime="2023-12-22T09:34:19.5377327+01:00" endTime="2023-12-22T09:34:19.5377327+01:00" testType="13cdc9d9-ddb5-4fa4-a97d-d965ccfc6d4b" outcome="Passed" testListId="8c84fa94-04c1-424b-9868-57a2d4851a1d" relativeResultsDirectory="25d1b9f4-a939-4766-8cb5-7e5b54942c90" />
    <UnitTestResult executionId="36366358-9560-4f80-b9b7-82c10831daea" testId="ac3dfe4b-2b70-c976-7ea4-71f60efbb0e1" testName="TestAddLevel_SQLException_Failure" computerName="DKSR-EFI-04" duration="00:00:00.0042181" startTime="2023-12-22T09:34:21.5221171+01:00" endTime="2023-12-22T09:34:21.5221171+01:00" testType="13cdc9d9-ddb5-4fa4-a97d-d965ccfc6d4b" outcome="Passed" testListId="8c84fa94-04c1-424b-9868-57a2d4851a1d" relativeResultsDirectory="36366358-9560-4f80-b9b7-82c10831daea" />
    <UnitTestResult executionId="d2783583-881d-4acd-bf9b-f3fdf047b09d" testId="fa95aeff-d0ab-a4b0-a2ba-050a0072e692" testName="TestReorderLevels_LevelOrderGapFound_Failure" computerName="DKSR-EFI-04" duration="00:00:00.0061685" startTime="2023-12-22T09:34:21.9283677+01:00" endTime="2023-12-22T09:34:21.9439977+01:00" testType="13cdc9d9-ddb5-4fa4-a97d-d965ccfc6d4b" outcome="Passed" testListId="8c84fa94-04c1-424b-9868-57a2d4851a1d" relativeResultsDirectory="d2783583-881d-4acd-bf9b-f3fdf047b09d" />
    <UnitTestResult executionId="2968b52b-42e0-4a09-8627-b3d8f84c927b" testId="5e8a7617-f723-e9ed-71bb-da38cf5557d7" testName="TestProperties_GetProperties_Success" computerName="DKSR-EFI-04" duration="00:00:00.0008160" startTime="2023-12-22T09:34:22.8189974+01:00" endTime="2023-12-22T09:34:22.8189974+01:00" testType="13cdc9d9-ddb5-4fa4-a97d-d965ccfc6d4b" outcome="Passed" testListId="8c84fa94-04c1-424b-9868-57a2d4851a1d" relativeResultsDirectory="2968b52b-42e0-4a09-8627-b3d8f84c927b" />
    <UnitTestResult executionId="39ea2f9d-6847-4be4-abcb-b36e9cec7dc4" testId="0e0f15b4-3dc8-167d-b264-ab4e889633a6" testName="TestAuditLog_AuditLogItemAddedWithLocation_Success" computerName="DKSR-EFI-04" duration="00:00:00.0158398" startTime="2023-12-22T09:34:23.3033765+01:00" endTime="2023-12-22T09:34:23.3189996+01:00" testType="13cdc9d9-ddb5-4fa4-a97d-d965ccfc6d4b" outcome="Passed" testListId="8c84fa94-04c1-424b-9868-57a2d4851a1d" relativeResultsDirectory="39ea2f9d-6847-4be4-abcb-b36e9cec7dc4" />
    <UnitTestResult executionId="ae1cd009-9052-4df7-947f-3054f69b4f83" testId="494968e9-e16f-5064-9941-93749fe48f08" testName="TestConstructor_ParsingWcfObjectWithNull_ArgumentNullException" computerName="DKSR-EFI-04" duration="00:00:00.0005731" startTime="2023-12-22T09:34:24.4283811+01:00" endTime="2023-12-22T09:34:24.4283811+01:00" testType="13cdc9d9-ddb5-4fa4-a97d-d965ccfc6d4b" outcome="Passed" testListId="8c84fa94-04c1-424b-9868-57a2d4851a1d" relativeResultsDirectory="ae1cd009-9052-4df7-947f-3054f69b4f83" />
    <UnitTestResult executionId="a3bb5721-ceb4-4723-8070-5ad690166d98" testId="917360e7-b7d3-fad3-2f4b-096f42ed0ae6" testName="TestAuditLog_AuditLogLegacyLinkWithNullMapAdded_Success" computerName="DKSR-EFI-04" duration="00:00:00.0103720" startTime="2023-12-22T09:34:23.0689996+01:00" endTime="2023-12-22T09:34:23.0846252+01:00" testType="13cdc9d9-ddb5-4fa4-a97d-d965ccfc6d4b" outcome="Passed" testListId="8c84fa94-04c1-424b-9868-57a2d4851a1d" relativeResultsDirectory="a3bb5721-ceb4-4723-8070-5ad690166d98" />
    <UnitTestResult executionId="3d541a20-f6ef-4e31-a2f2-3735dd900bb5" testId="67bc7186-2550-aee3-214e-674332dcce53" testName="TestUpdateProperties_UpdateAllProperties_Success" computerName="DKSR-EFI-04" duration="00:00:00.0009489" startTime="2023-12-22T09:34:23.8502520+01:00" endTime="2023-12-22T09:34:23.8502520+01:00" testType="13cdc9d9-ddb5-4fa4-a97d-d965ccfc6d4b" outcome="Passed" testListId="8c84fa94-04c1-424b-9868-57a2d4851a1d" relativeResultsDirectory="3d541a20-f6ef-4e31-a2f2-3735dd900bb5" />
    <UnitTestResult executionId="a8739ee1-6867-47c2-bde1-324d9b89d590" testId="73345e39-00a8-d1d5-a37b-794338aedef0" testName="TestConstructor_ParsingWcfObjectWithoutTransformInfo_Success" computerName="DKSR-EFI-04" duration="00:00:00.0006718" startTime="2023-12-22T09:34:23.9440038+01:00" endTime="2023-12-22T09:34:23.9440038+01:00" testType="13cdc9d9-ddb5-4fa4-a97d-d965ccfc6d4b" outcome="Passed" testListId="8c84fa94-04c1-424b-9868-57a2d4851a1d" relativeResultsDirectory="a8739ee1-6867-47c2-bde1-324d9b89d590" />
    <UnitTestResult executionId="f639d88e-b5d0-4a3f-aeca-702fc3eb9c01" testId="a1383c1d-24c2-f298-c941-3b0bc5d65e32" testName="TestConstructor_WhiteSpaceName_Failure" computerName="DKSR-EFI-04" duration="00:00:00.0005512" startTime="2023-12-22T09:34:19.8033584+01:00" endTime="2023-12-22T09:34:19.8033584+01:00" testType="13cdc9d9-ddb5-4fa4-a97d-d965ccfc6d4b" outcome="Passed" testListId="8c84fa94-04c1-424b-9868-57a2d4851a1d" relativeResultsDirectory="f639d88e-b5d0-4a3f-aeca-702fc3eb9c01" />
    <UnitTestResult executionId="c0aea728-a309-4c98-b19c-530edbd3e619" testId="44301343-d884-c888-5daa-8bf33fcc30de" testName="TestProperties_GetProperties_Success" computerName="DKSR-EFI-04" duration="00:00:00.0004704" startTime="2023-12-22T09:34:22.7877481+01:00" endTime="2023-12-22T09:34:22.7877481+01:00" testType="13cdc9d9-ddb5-4fa4-a97d-d965ccfc6d4b" outcome="Passed" testListId="8c84fa94-04c1-424b-9868-57a2d4851a1d" relativeResultsDirectory="c0aea728-a309-4c98-b19c-530edbd3e619" />
    <UnitTestResult executionId="f372a5e6-5be9-4477-a25a-593611b8c0d1" testId="e750ff11-8e6d-9112-ff5b-77deeafbd511" testName="TestWcfObject_ConvertToWcfObjectWithNullPosition_Success" computerName="DKSR-EFI-04" duration="00:00:00.0039282" startTime="2023-12-22T09:34:23.6783788+01:00" endTime="2023-12-22T09:34:23.6783788+01:00" testType="13cdc9d9-ddb5-4fa4-a97d-d965ccfc6d4b" outcome="Passed" testListId="8c84fa94-04c1-424b-9868-57a2d4851a1d" relativeResultsDirectory="f372a5e6-5be9-4477-a25a-593611b8c0d1" />
    <UnitTestResult executionId="eab1fe51-9284-429d-937c-46cb32ba1fe7" testId="61e58a8d-8776-7946-2f5a-7ade5be897fa" testName="TestWcfObject_GetWcfObject_Success" computerName="DKSR-EFI-04" duration="00:00:00.0014145" startTime="2023-12-22T09:34:23.7721263+01:00" endTime="2023-12-22T09:34:23.7721263+01:00" testType="13cdc9d9-ddb5-4fa4-a97d-d965ccfc6d4b" outcome="Passed" testListId="8c84fa94-04c1-424b-9868-57a2d4851a1d" relativeResultsDirectory="eab1fe51-9284-429d-937c-46cb32ba1fe7" />
    <UnitTestResult executionId="3b593073-dcc0-496f-86da-7067fbbc11c0" testId="4b0cba85-e607-efc3-3f35-cb8b0c659cc4" testName="IsOnLevel_False_WhenNotInOutline" computerName="DKSR-EFI-04" duration="00:00:00.0038351" startTime="2023-12-22T09:34:45.9284905+01:00" endTime="2023-12-22T09:34:45.9284905+01:00" testType="13cdc9d9-ddb5-4fa4-a97d-d965ccfc6d4b" outcome="Passed" testListId="8c84fa94-04c1-424b-9868-57a2d4851a1d" relativeResultsDirectory="3b593073-dcc0-496f-86da-7067fbbc11c0" />
    <UnitTestResult executionId="973b54c1-9555-4eae-ba13-4b5641b4dae4" testId="5cc34387-ceda-5527-6996-7e8b322a8655" testName="GetClusters_StrategyCalledWithIndividualItemsOnlyFalse_WhenScaleIsMoreThanMinimum" computerName="DKSR-EFI-04" duration="00:00:00.0143872" startTime="2023-12-22T09:34:24.7253203+01:00" endTime="2023-12-22T09:34:24.7408807+01:00" testType="13cdc9d9-ddb5-4fa4-a97d-d965ccfc6d4b" outcome="Passed" testListId="8c84fa94-04c1-424b-9868-57a2d4851a1d" relativeResultsDirectory="973b54c1-9555-4eae-ba13-4b5641b4dae4" />
    <UnitTestResult executionId="33c21f54-6a93-41f4-a26c-b3cf57bf9033" testId="d64d5aae-2b27-1d91-cbfc-0ea8ed8f26e1" testName="TestAddLevel_UnknownLevel_Success" computerName="DKSR-EFI-04" duration="00:00:00.0110052" startTime="2023-12-22T09:34:21.5377417+01:00" endTime="2023-12-22T09:34:21.5377417+01:00" testType="13cdc9d9-ddb5-4fa4-a97d-d965ccfc6d4b" outcome="Passed" testListId="8c84fa94-04c1-424b-9868-57a2d4851a1d" relativeResultsDirectory="33c21f54-6a93-41f4-a26c-b3cf57bf9033" />
    <UnitTestResult executionId="461c0d2a-7f36-4c66-ab34-eaac584c3a0e" testId="a8b24ec3-7728-f6a5-d914-26a6e3351701" testName="TestConstructor_ParsingWcfObjectWithNull_Success" computerName="DKSR-EFI-04" duration="00:00:00.0012796" startTime="2023-12-22T09:34:23.8658794+01:00" endTime="2023-12-22T09:34:23.8658794+01:00" testType="13cdc9d9-ddb5-4fa4-a97d-d965ccfc6d4b" outcome="Passed" testListId="8c84fa94-04c1-424b-9868-57a2d4851a1d" relativeResultsDirectory="461c0d2a-7f36-4c66-ab34-eaac584c3a0e" />
    <UnitTestResult executionId="c8a226e4-3a74-4295-8350-c9f218206275" testId="103411f4-685a-6ac1-1878-c1276766ef48" testName="TestAuditLog_AuditLogItemAddedWithNonLocationItemType_Success" computerName="DKSR-EFI-04" duration="00:00:00.0053097" startTime="2023-12-22T09:34:23.3346250+01:00" endTime="2023-12-22T09:34:23.3346250+01:00" testType="13cdc9d9-ddb5-4fa4-a97d-d965ccfc6d4b" outcome="Passed" testListId="8c84fa94-04c1-424b-9868-57a2d4851a1d" relativeResultsDirectory="c8a226e4-3a74-4295-8350-c9f218206275" />
    <UnitTestResult executionId="634fa8c9-26b7-466f-b18e-4606a76ddc90" testId="30611e9b-0a62-6dab-5c2f-5b8c4e9b9b9f" testName="TestAuditLog_AuditLogLayerAdded_Success" computerName="DKSR-EFI-04" duration="00:00:00.0051079" startTime="2023-12-22T09:34:24.4127550+01:00" endTime="2023-12-22T09:34:24.4127550+01:00" testType="13cdc9d9-ddb5-4fa4-a97d-d965ccfc6d4b" outcome="Passed" testListId="8c84fa94-04c1-424b-9868-57a2d4851a1d" relativeResultsDirectory="634fa8c9-26b7-466f-b18e-4606a76ddc90" />
    <UnitTestResult executionId="687dd9e6-7497-407a-aeb3-10f3ad2b4afd" testId="9d275ce6-7efc-3e8f-9ccf-4a0309de2e06" testName="TestAddLevels_DatabaseException_NonUniqueBuildingId_Failure" computerName="DKSR-EFI-04" duration="00:00:00.0051824" startTime="2023-12-22T09:34:21.6314928+01:00" endTime="2023-12-22T09:34:21.6314928+01:00" testType="13cdc9d9-ddb5-4fa4-a97d-d965ccfc6d4b" outcome="Passed" testListId="8c84fa94-04c1-424b-9868-57a2d4851a1d" relativeResultsDirectory="687dd9e6-7497-407a-aeb3-10f3ad2b4afd" />
    <UnitTestResult executionId="333a1f43-525e-4569-87b1-b56016731bd2" testId="5b8da4a5-352d-83c5-0aba-cdc2dc824c85" testName="TestConstructor_ParsingWcfObjectWithNull_Success" computerName="DKSR-EFI-04" duration="00:00:00.0005775" startTime="2023-12-22T09:34:24.3190053+01:00" endTime="2023-12-22T09:34:24.3190053+01:00" testType="13cdc9d9-ddb5-4fa4-a97d-d965ccfc6d4b" outcome="Passed" testListId="8c84fa94-04c1-424b-9868-57a2d4851a1d" relativeResultsDirectory="333a1f43-525e-4569-87b1-b56016731bd2" />
    <UnitTestResult executionId="75a70c14-8faa-4f4c-9fe4-eb2ceef98e6d" testId="1996b3d4-502f-e720-be7d-7edc086c3d5e" testName="TestAddLevels_Success" computerName="DKSR-EFI-04" duration="00:00:00.0336576" startTime="2023-12-22T09:34:21.5689932+01:00" endTime="2023-12-22T09:34:21.6002420+01:00" testType="13cdc9d9-ddb5-4fa4-a97d-d965ccfc6d4b" outcome="Passed" testListId="8c84fa94-04c1-424b-9868-57a2d4851a1d" relativeResultsDirectory="75a70c14-8faa-4f4c-9fe4-eb2ceef98e6d" />
    <UnitTestResult executionId="1993bb1b-1f90-460e-bdec-f4ef9163b232" testId="014bb991-e210-4198-a561-1ea36e6a9c13" testName="TestAuditLog_AuditLogWithNullItemAuditParameters_Failure" computerName="DKSR-EFI-04" duration="00:00:00.0020245" startTime="2023-12-22T09:34:24.1158803+01:00" endTime="2023-12-22T09:34:24.1158803+01:00" testType="13cdc9d9-ddb5-4fa4-a97d-d965ccfc6d4b" outcome="Passed" testListId="8c84fa94-04c1-424b-9868-57a2d4851a1d" relativeResultsDirectory="1993bb1b-1f90-460e-bdec-f4ef9163b232" />
    <UnitTestResult executionId="debcf01d-a1e0-4049-9b28-fe6c85c3a9bb" testId="e1b84cfd-ea18-1fb0-2210-40fdc3a88771" testName="TestUpdateLevel_NoUpdates_Failure" computerName="DKSR-EFI-04" duration="00:00:00.0152451" startTime="2023-12-22T09:34:21.7096178+01:00" endTime="2023-12-22T09:34:21.7252426+01:00" testType="13cdc9d9-ddb5-4fa4-a97d-d965ccfc6d4b" outcome="Passed" testListId="8c84fa94-04c1-424b-9868-57a2d4851a1d" relativeResultsDirectory="debcf01d-a1e0-4049-9b28-fe6c85c3a9bb" />
    <UnitTestResult executionId="68ef911c-d233-492f-b608-3fae13aedad6" testId="01beb42d-d9fc-9a36-1867-2be1b8510803" testName="TestWcfObject_GetWcfObjectWithoutExtent_Success" computerName="DKSR-EFI-04" duration="00:00:00.0011766" startTime="2023-12-22T09:34:24.1940055+01:00" endTime="2023-12-22T09:34:24.1940055+01:00" testType="13cdc9d9-ddb5-4fa4-a97d-d965ccfc6d4b" outcome="Passed" testListId="8c84fa94-04c1-424b-9868-57a2d4851a1d" relativeResultsDirectory="68ef911c-d233-492f-b608-3fae13aedad6" />
    <UnitTestResult executionId="7e66bf27-469f-472d-b3b5-5d73ba946347" testId="85db59f6-5920-cb36-3faa-3b40cf5c858b" testName="HasItem_False" computerName="DKSR-EFI-04" duration="00:00:00.0014954" startTime="2023-12-22T09:34:18.9596048+01:00" endTime="2023-12-22T09:34:18.9596048+01:00" testType="13cdc9d9-ddb5-4fa4-a97d-d965ccfc6d4b" outcome="Passed" testListId="8c84fa94-04c1-424b-9868-57a2d4851a1d" relativeResultsDirectory="7e66bf27-469f-472d-b3b5-5d73ba946347" />
    <UnitTestResult executionId="460ffaf6-67a5-442d-9a0e-b7a00a52fe59" testId="b1f41409-c3ed-2f26-8c3f-9b18c1d05f5c" testName="TestAddBuildings_OnlyUnknownBuildings_Success" computerName="DKSR-EFI-04" duration="00:00:00.0018866" startTime="2023-12-22T09:34:20.9127372+01:00" endTime="2023-12-22T09:34:20.9127372+01:00" testType="13cdc9d9-ddb5-4fa4-a97d-d965ccfc6d4b" outcome="Passed" testListId="8c84fa94-04c1-424b-9868-57a2d4851a1d" relativeResultsDirectory="460ffaf6-67a5-442d-9a0e-b7a00a52fe59" />
    <UnitTestResult executionId="de9b1c29-d7ee-4ba4-8e04-1337f620c303" testId="f4e400af-adaa-653c-7739-14c2956be5e1" testName="TestWcfObject_ConvertToWcfObject_Success" computerName="DKSR-EFI-04" duration="00:00:00.0014993" startTime="2023-12-22T09:34:22.8814998+01:00" endTime="2023-12-22T09:34:22.8814998+01:00" testType="13cdc9d9-ddb5-4fa4-a97d-d965ccfc6d4b" outcome="Passed" testListId="8c84fa94-04c1-424b-9868-57a2d4851a1d" relativeResultsDirectory="de9b1c29-d7ee-4ba4-8e04-1337f620c303" />
    <UnitTestResult executionId="1ecfc9bc-572d-4578-b627-9d894f0438bb" testId="3cef07fc-fcc7-2fc0-892c-cfda8322bbb5" testName="TestUpdateProperties_UpdateAllProperties_Success" computerName="DKSR-EFI-04" duration="00:00:00.0011573" startTime="2023-12-22T09:34:24.1940055+01:00" endTime="2023-12-22T09:34:24.1940055+01:00" testType="13cdc9d9-ddb5-4fa4-a97d-d965ccfc6d4b" outcome="Passed" testListId="8c84fa94-04c1-424b-9868-57a2d4851a1d" relativeResultsDirectory="1ecfc9bc-572d-4578-b627-9d894f0438bb" />
    <UnitTestResult executionId="4918408e-5203-4f0a-9445-a94f560b8dbc" testId="1a7d046c-169c-9a92-3c61-35895eae39ce" testName="TestConstructor_ParsingWcfObjectWithoutExtent_Success" computerName="DKSR-EFI-04" duration="00:00:00.0014189" startTime="2023-12-22T09:34:24.0690032+01:00" endTime="2023-12-22T09:34:24.0690032+01:00" testType="13cdc9d9-ddb5-4fa4-a97d-d965ccfc6d4b" outcome="Passed" testListId="8c84fa94-04c1-424b-9868-57a2d4851a1d" relativeResultsDirectory="4918408e-5203-4f0a-9445-a94f560b8dbc" />
    <UnitTestResult executionId="923a09ed-8599-48fa-8ed6-cd40d1a3cebb" testId="d15b7f98-3554-6b24-805b-0de6db3ececb" testName="TestWcfObject_GetWcfObject_Success" computerName="DKSR-EFI-04" duration="00:00:00.0006605" startTime="2023-12-22T09:34:22.8033726+01:00" endTime="2023-12-22T09:34:22.8033726+01:00" testType="13cdc9d9-ddb5-4fa4-a97d-d965ccfc6d4b" outcome="Passed" testListId="8c84fa94-04c1-424b-9868-57a2d4851a1d" relativeResultsDirectory="923a09ed-8599-48fa-8ed6-cd40d1a3cebb" />
    <UnitTestResult executionId="c4b05add-b167-419d-a104-c65e8dba10cd" testId="37fb5746-cd94-a682-2a5a-0f0a8c0c7c60" testName="TestAdd_Levels_NullLevels_Failure" computerName="DKSR-EFI-04" duration="00:00:00.0021978" startTime="2023-12-22T09:34:21.6002420+01:00" endTime="2023-12-22T09:34:21.6158681+01:00" testType="13cdc9d9-ddb5-4fa4-a97d-d965ccfc6d4b" outcome="Passed" testListId="8c84fa94-04c1-424b-9868-57a2d4851a1d" relativeResultsDirectory="c4b05add-b167-419d-a104-c65e8dba10cd" />
    <UnitTestResult executionId="52601019-4f30-4fed-a4a4-17e5011e1630" testId="06111c50-7e5d-ae8d-e57b-4555dcb06eea" testName="GetGisMapKindsAsync_Success" computerName="DKSR-EFI-04" duration="00:00:00.0189201" startTime="2023-12-22T09:34:19.5064821+01:00" endTime="2023-12-22T09:34:19.5377327+01:00" testType="13cdc9d9-ddb5-4fa4-a97d-d965ccfc6d4b" outcome="Passed" testListId="8c84fa94-04c1-424b-9868-57a2d4851a1d" relativeResultsDirectory="52601019-4f30-4fed-a4a4-17e5011e1630" />
    <UnitTestResult executionId="206bd419-9a21-4fcf-a7fb-db43d284a1be" testId="8c344fd2-ca4e-27dc-cb75-8ed7a4e958eb" testName="TestConstructor_ParsingWcfObjectWithNull_Success" computerName="DKSR-EFI-04" duration="00:00:00.0014190" startTime="2023-12-22T09:34:23.7252542+01:00" endTime="2023-12-22T09:34:23.7252542+01:00" testType="13cdc9d9-ddb5-4fa4-a97d-d965ccfc6d4b" outcome="Passed" testListId="8c84fa94-04c1-424b-9868-57a2d4851a1d" relativeResultsDirectory="206bd419-9a21-4fcf-a7fb-db43d284a1be" />
    <UnitTestResult executionId="aabb5623-5eae-4930-b2ce-b6c6f37c4034" testId="5434a7c0-cc16-95d0-e718-da944d3bd710" testName="TestDeleteBuildings_Success" computerName="DKSR-EFI-04" duration="00:00:00.0393819" startTime="2023-12-22T09:34:20.9908633+01:00" endTime="2023-12-22T09:34:21.0221123+01:00" testType="13cdc9d9-ddb5-4fa4-a97d-d965ccfc6d4b" outcome="Passed" testListId="8c84fa94-04c1-424b-9868-57a2d4851a1d" relativeResultsDirectory="aabb5623-5eae-4930-b2ce-b6c6f37c4034" />
    <UnitTestResult executionId="a0a13114-2132-4ce4-b7e7-c2e4f236bb9d" testId="a1b6542a-b65b-8d00-567a-da1f4995f2ec" testName="TestAuditLog_AuditLogMapChanged_Success" computerName="DKSR-EFI-04" duration="00:00:00.0042588" startTime="2023-12-22T09:34:23.5846265+01:00" endTime="2023-12-22T09:34:23.5846265+01:00" testType="13cdc9d9-ddb5-4fa4-a97d-d965ccfc6d4b" outcome="Passed" testListId="8c84fa94-04c1-424b-9868-57a2d4851a1d" relativeResultsDirectory="a0a13114-2132-4ce4-b7e7-c2e4f236bb9d" />
    <UnitTestResult executionId="011de021-4af7-4beb-ab29-8056503e18fa" testId="53f8fdc8-702b-5ac8-9e59-2a1d5c6a6117" testName="GetClusters_PassesMinimumScaleToClusterToIndexer" computerName="DKSR-EFI-04" duration="00:00:00.0079080" startTime="2023-12-22T09:34:19.1002296+01:00" endTime="2023-12-22T09:34:19.1002296+01:00" testType="13cdc9d9-ddb5-4fa4-a97d-d965ccfc6d4b" outcome="Passed" testListId="8c84fa94-04c1-424b-9868-57a2d4851a1d" relativeResultsDirectory="011de021-4af7-4beb-ab29-8056503e18fa" />
    <UnitTestResult executionId="2519c3c7-3092-4324-b2dc-be89037d1ab0" testId="324d6929-56cf-f8dd-7a85-5e3044dd8b90" testName="OnLevelsDeleted" computerName="DKSR-EFI-04" duration="00:00:00.0013653" startTime="2023-12-22T09:34:18.8658555+01:00" endTime="2023-12-22T09:34:18.8658555+01:00" testType="13cdc9d9-ddb5-4fa4-a97d-d965ccfc6d4b" outcome="Passed" testListId="8c84fa94-04c1-424b-9868-57a2d4851a1d" relativeResultsDirectory="2519c3c7-3092-4324-b2dc-be89037d1ab0" />
    <UnitTestResult executionId="0b8b9e2a-74ce-4877-97df-9c24acfe202e" testId="a8ee5df4-e99a-0461-e037-d49becc39127" testName="TestPropertyNames_GettingPropertyNames_Success" computerName="DKSR-EFI-04" duration="00:00:00.0017604" startTime="2023-12-22T09:34:23.4908749+01:00" endTime="2023-12-22T09:34:23.5065004+01:00" testType="13cdc9d9-ddb5-4fa4-a97d-d965ccfc6d4b" outcome="Passed" testListId="8c84fa94-04c1-424b-9868-57a2d4851a1d" relativeResultsDirectory="0b8b9e2a-74ce-4877-97df-9c24acfe202e" />
    <UnitTestResult executionId="f5697043-5624-475e-9734-9e8bf104666a" testId="ed207763-465e-ee16-6e7a-77de3bd2081f" testName="TestWcfObject_ConvertToWcfObjectWithNullMapSettings_Success" computerName="DKSR-EFI-04" duration="00:00:00.0045903" startTime="2023-12-22T09:34:23.6940021+01:00" endTime="2023-12-22T09:34:23.6940021+01:00" testType="13cdc9d9-ddb5-4fa4-a97d-d965ccfc6d4b" outcome="Passed" testListId="8c84fa94-04c1-424b-9868-57a2d4851a1d" relativeResultsDirectory="f5697043-5624-475e-9734-9e8bf104666a" />
    <UnitTestResult executionId="7c4092ae-b760-4a4e-85ca-5de9f6db28c4" testId="789f9308-9c8b-06ae-e9b5-9a4766a7de8d" testName="TestProperties_GetProperties_Success" computerName="DKSR-EFI-04" duration="00:00:00.0018507" startTime="2023-12-22T09:34:22.7096235+01:00" endTime="2023-12-22T09:34:22.7096235+01:00" testType="13cdc9d9-ddb5-4fa4-a97d-d965ccfc6d4b" outcome="Passed" testListId="8c84fa94-04c1-424b-9868-57a2d4851a1d" relativeResultsDirectory="7c4092ae-b760-4a4e-85ca-5de9f6db28c4" />
    <UnitTestResult executionId="55e35406-6032-4448-b24b-960e02c95591" testId="ea4821c7-26a1-2537-47ce-e237cc6ee815" testName="TestConstructor_ParsingWcfObjectWithNull_Success" computerName="DKSR-EFI-04" duration="00:00:00.0005952" startTime="2023-12-22T09:34:24.3503152+01:00" endTime="2023-12-22T09:34:24.3503152+01:00" testType="13cdc9d9-ddb5-4fa4-a97d-d965ccfc6d4b" outcome="Passed" testListId="8c84fa94-04c1-424b-9868-57a2d4851a1d" relativeResultsDirectory="55e35406-6032-4448-b24b-960e02c95591" />
    <UnitTestResult executionId="ff6a3d4f-23bd-405b-83b2-00cc57a7f1d1" testId="2a2d9806-dab7-0fee-a434-4d24eb4cbd83" testName="TestWcfObject_GetWcfObject_Success" computerName="DKSR-EFI-04" duration="00:00:00.0044176" startTime="2023-12-22T09:34:24.2252572+01:00" endTime="2023-12-22T09:34:24.2252572+01:00" testType="13cdc9d9-ddb5-4fa4-a97d-d965ccfc6d4b" outcome="Passed" testListId="8c84fa94-04c1-424b-9868-57a2d4851a1d" relativeResultsDirectory="ff6a3d4f-23bd-405b-83b2-00cc57a7f1d1" />
    <UnitTestResult executionId="94d2523d-dc29-4561-b8b0-cd7fce47343b" testId="06b77a5d-4106-f7e7-80a6-61f7dcae951d" testName="TestWcfObject_ConvertToWcfObject_Success" computerName="DKSR-EFI-04" duration="00:00:00.0011408" startTime="2023-12-22T09:34:23.5533771+01:00" endTime="2023-12-22T09:34:23.5533771+01:00" testType="13cdc9d9-ddb5-4fa4-a97d-d965ccfc6d4b" outcome="Passed" testListId="8c84fa94-04c1-424b-9868-57a2d4851a1d" relativeResultsDirectory="94d2523d-dc29-4561-b8b0-cd7fce47343b" />
    <UnitTestResult executionId="01036376-1b58-4dc2-99ce-34280fdf7aee" testId="c17985eb-b37f-87fe-c770-bf32daacfbfc" testName="TestWcfObject_GetWcfObject_Success" computerName="DKSR-EFI-04" duration="00:00:00.0006770" startTime="2023-12-22T09:34:24.1627556+01:00" endTime="2023-12-22T09:34:24.1627556+01:00" testType="13cdc9d9-ddb5-4fa4-a97d-d965ccfc6d4b" outcome="Passed" testListId="8c84fa94-04c1-424b-9868-57a2d4851a1d" relativeResultsDirectory="01036376-1b58-4dc2-99ce-34280fdf7aee" />
    <UnitTestResult executionId="64afd718-cad0-45bf-abf6-f0229269ea89" testId="769ad065-b453-04e8-0c52-e6d5a58cc896" testName="TestUpdateLayer_Success" computerName="DKSR-EFI-04" duration="00:00:00.0184042" startTime="2023-12-22T09:34:22.3814960+01:00" endTime="2023-12-22T09:34:22.3971221+01:00" testType="13cdc9d9-ddb5-4fa4-a97d-d965ccfc6d4b" outcome="Passed" testListId="8c84fa94-04c1-424b-9868-57a2d4851a1d" relativeResultsDirectory="64afd718-cad0-45bf-abf6-f0229269ea89" />
    <UnitTestResult executionId="c15411e2-a819-4416-b9ea-29e6622bc0eb" testId="44c89347-444a-61de-1e83-8685b95b1a46" testName="GetBuildingsAsync_Success" computerName="DKSR-EFI-04" duration="00:00:00.0485628" startTime="2023-12-22T09:34:19.6002310+01:00" endTime="2023-12-22T09:34:19.6471079+01:00" testType="13cdc9d9-ddb5-4fa4-a97d-d965ccfc6d4b" outcome="Passed" testListId="8c84fa94-04c1-424b-9868-57a2d4851a1d" relativeResultsDirectory="c15411e2-a819-4416-b9ea-29e6622bc0eb" />
    <UnitTestResult executionId="d9761678-391c-40d5-b85a-05cecea5b1a8" testId="0af8387f-0f3d-a472-ff6c-783b0b9abf4c" testName="GetClusters_5Items_Offset2" computerName="DKSR-EFI-04" duration="00:00:00.0054813" startTime="2023-12-22T09:34:24.7096342+01:00" endTime="2023-12-22T09:34:24.7253203+01:00" testType="13cdc9d9-ddb5-4fa4-a97d-d965ccfc6d4b" outcome="Passed" testListId="8c84fa94-04c1-424b-9868-57a2d4851a1d" relativeResultsDirectory="d9761678-391c-40d5-b85a-05cecea5b1a8" />
    <UnitTestResult executionId="2a3aebbb-036a-493c-a4ac-9fdac0e8bced" testId="e251eb11-f207-8308-cc17-45ef0cb83860" testName="TestUpdateProperties_UpdateAllProperties_Success" computerName="DKSR-EFI-04" duration="00:00:00.0007193" startTime="2023-12-22T09:34:23.9127534+01:00" endTime="2023-12-22T09:34:23.9127534+01:00" testType="13cdc9d9-ddb5-4fa4-a97d-d965ccfc6d4b" outcome="Passed" testListId="8c84fa94-04c1-424b-9868-57a2d4851a1d" relativeResultsDirectory="2a3aebbb-036a-493c-a4ac-9fdac0e8bced" />
    <UnitTestResult executionId="278429c3-8e5e-48db-a454-9bf75ed37aa9" testId="c5a0d84f-93b6-08cd-1dd9-05e7cea29945" testName="TestConstructor_Success" computerName="DKSR-EFI-04" duration="00:00:00.0001797" startTime="2023-12-22T09:34:46.0378672+01:00" endTime="2023-12-22T09:34:46.0534903+01:00" testType="13cdc9d9-ddb5-4fa4-a97d-d965ccfc6d4b" outcome="Passed" testListId="8c84fa94-04c1-424b-9868-57a2d4851a1d" relativeResultsDirectory="278429c3-8e5e-48db-a454-9bf75ed37aa9" />
    <UnitTestResult executionId="63ac399a-89cc-4dbf-930e-1be8408c58ac" testId="e93a7b60-e657-d859-7691-17f336a6f9b4" testName="TestUpdateLevel_UnknownLevel_Success" computerName="DKSR-EFI-04" duration="00:00:00.0018713" startTime="2023-12-22T09:34:21.7564919+01:00" endTime="2023-12-22T09:34:21.7564919+01:00" testType="13cdc9d9-ddb5-4fa4-a97d-d965ccfc6d4b" outcome="Passed" testListId="8c84fa94-04c1-424b-9868-57a2d4851a1d" relativeResultsDirectory="63ac399a-89cc-4dbf-930e-1be8408c58ac" />
    <UnitTestResult executionId="f26a11f7-802c-408e-8aaa-efe8f69e858b" testId="2c112109-e6fe-03c3-4742-225cfb638a77" testName="TestUpdateProperties_UpdateAllProperties_Success" computerName="DKSR-EFI-04" duration="00:00:00.0018236" startTime="2023-12-22T09:34:23.7408800+01:00" endTime="2023-12-22T09:34:23.7565037+01:00" testType="13cdc9d9-ddb5-4fa4-a97d-d965ccfc6d4b" outcome="Passed" testListId="8c84fa94-04c1-424b-9868-57a2d4851a1d" relativeResultsDirectory="f26a11f7-802c-408e-8aaa-efe8f69e858b" />
    <UnitTestResult executionId="7c4e0fcb-9cf4-47fb-9d24-27dbb248e2e2" testId="9e3edf49-5afe-389d-fbb3-b0c5ca2c8ae8" testName="BuildClusters_ItemBelongsTo2Buildings_Still1Cluster" computerName="DKSR-EFI-04" duration="00:00:00.0066645" startTime="2023-12-22T09:34:45.6472387+01:00" endTime="2023-12-22T09:34:45.6472387+01:00" testType="13cdc9d9-ddb5-4fa4-a97d-d965ccfc6d4b" outcome="Passed" testListId="8c84fa94-04c1-424b-9868-57a2d4851a1d" relativeResultsDirectory="7c4e0fcb-9cf4-47fb-9d24-27dbb248e2e2" />
    <UnitTestResult executionId="a7612d0b-5cbc-4762-acc6-d2791ba7ae58" testId="9668ec61-f6ad-c200-83ec-c575bc32c092" testName="TestAddLayer_WithLevelId_Success" computerName="DKSR-EFI-04" duration="00:00:00.0167940" startTime="2023-12-22T09:34:22.3502464+01:00" endTime="2023-12-22T09:34:22.3658720+01:00" testType="13cdc9d9-ddb5-4fa4-a97d-d965ccfc6d4b" outcome="Passed" testListId="8c84fa94-04c1-424b-9868-57a2d4851a1d" relativeResultsDirectory="a7612d0b-5cbc-4762-acc6-d2791ba7ae58" />
    <UnitTestResult executionId="d4e6710d-5dad-4aa2-99fb-3d87319dd734" testId="b534c2a4-de2d-8897-f7e0-dddebd64f9c9" testName="TestUpdateBuilding_UnknownBuilding_Success" computerName="DKSR-EFI-04" duration="00:00:00.0017617" startTime="2023-12-22T09:34:21.2096159+01:00" endTime="2023-12-22T09:34:21.2096159+01:00" testType="13cdc9d9-ddb5-4fa4-a97d-d965ccfc6d4b" outcome="Passed" testListId="8c84fa94-04c1-424b-9868-57a2d4851a1d" relativeResultsDirectory="d4e6710d-5dad-4aa2-99fb-3d87319dd734" />
    <UnitTestResult executionId="3cf8c98e-2de6-4cdc-b186-04c038f8985a" testId="551fbefb-00a6-8fe0-ba69-2a84cac6bae8" testName="TestUpdateLevels_NullMapItems_Success" computerName="DKSR-EFI-04" duration="00:00:00.0363645" startTime="2023-12-22T09:34:21.8189970+01:00" endTime="2023-12-22T09:34:21.8502452+01:00" testType="13cdc9d9-ddb5-4fa4-a97d-d965ccfc6d4b" outcome="Passed" testListId="8c84fa94-04c1-424b-9868-57a2d4851a1d" relativeResultsDirectory="3cf8c98e-2de6-4cdc-b186-04c038f8985a" />
    <UnitTestResult executionId="49be860c-11f5-4148-842e-4450681d994d" testId="5a3cdcb1-8347-3e18-8365-a6038c2e7047" testName="TestPropertyNames_GettingPropertyNames_Success" computerName="DKSR-EFI-04" duration="00:00:00.0007640" startTime="2023-12-22T09:34:23.8190040+01:00" endTime="2023-12-22T09:34:23.8190040+01:00" testType="13cdc9d9-ddb5-4fa4-a97d-d965ccfc6d4b" outcome="Passed" testListId="8c84fa94-04c1-424b-9868-57a2d4851a1d" relativeResultsDirectory="49be860c-11f5-4148-842e-4450681d994d" />
    <UnitTestResult executionId="13ae2266-46b7-4e7a-9a06-f74c6284591e" testId="adebe84a-b2cb-66de-0691-9ff1e7eec31f" testName="TestAuditLog_AuditLogLegacyLinkToChildServerAdded_Success" computerName="DKSR-EFI-04" duration="00:00:00.0190101" startTime="2023-12-22T09:34:23.0533737+01:00" endTime="2023-12-22T09:34:23.0689996+01:00" testType="13cdc9d9-ddb5-4fa4-a97d-d965ccfc6d4b" outcome="Passed" testListId="8c84fa94-04c1-424b-9868-57a2d4851a1d" relativeResultsDirectory="13ae2266-46b7-4e7a-9a06-f74c6284591e" />
    <UnitTestResult executionId="199bfbcc-648c-407d-aecf-90912dd7a302" testId="4a13064a-2552-f664-e680-77edaca93e76" testName="Init_SubscribesToMessage" computerName="DKSR-EFI-04" duration="00:00:00.1003054" startTime="2023-12-22T09:34:19.1471057+01:00" endTime="2023-12-22T09:34:19.2408562+01:00" testType="13cdc9d9-ddb5-4fa4-a97d-d965ccfc6d4b" outcome="Passed" testListId="8c84fa94-04c1-424b-9868-57a2d4851a1d" relativeResultsDirectory="199bfbcc-648c-407d-aecf-90912dd7a302" />
    <UnitTestResult executionId="bb7c1f0d-99db-45bc-a66a-5bdbd6eca88d" testId="8194709e-7083-fd62-5a37-46cd930544c2" testName="TestAddLayer_NotAutoAssign_Success" computerName="DKSR-EFI-04" duration="00:00:00.0131790" startTime="2023-12-22T09:34:22.3658720+01:00" endTime="2023-12-22T09:34:22.3814960+01:00" testType="13cdc9d9-ddb5-4fa4-a97d-d965ccfc6d4b" outcome="Passed" testListId="8c84fa94-04c1-424b-9868-57a2d4851a1d" relativeResultsDirectory="bb7c1f0d-99db-45bc-a66a-5bdbd6eca88d" />
    <UnitTestResult executionId="657d0406-8b36-4f5d-b7fe-fd49e44c28d0" testId="0d667e6c-d319-5f2a-2703-774599695c78" testName="TestProperties_GetProperties_Success" computerName="DKSR-EFI-04" duration="00:00:00.0047179" startTime="2023-12-22T09:34:23.9753088+01:00" endTime="2023-12-22T09:34:23.9908797+01:00" testType="13cdc9d9-ddb5-4fa4-a97d-d965ccfc6d4b" outcome="Passed" testListId="8c84fa94-04c1-424b-9868-57a2d4851a1d" relativeResultsDirectory="657d0406-8b36-4f5d-b7fe-fd49e44c28d0" />
    <UnitTestResult executionId="c91ef63d-d586-4423-b5e2-e2aeb9be8946" testId="b683ad91-b12d-09a2-f3e7-de1598a6765a" testName="TestConstructor_ParsingWcfObjectWithNull_Success" computerName="DKSR-EFI-04" duration="00:00:00.0014607" startTime="2023-12-22T09:34:46.0378672+01:00" endTime="2023-12-22T09:34:46.0378672+01:00" testType="13cdc9d9-ddb5-4fa4-a97d-d965ccfc6d4b" outcome="Passed" testListId="8c84fa94-04c1-424b-9868-57a2d4851a1d" relativeResultsDirectory="c91ef63d-d586-4423-b5e2-e2aeb9be8946" />
    <UnitTestResult executionId="a6cf7e4e-656b-4607-a805-df20eea1ea41" testId="8f3b4f99-afdc-9597-8d92-9e2b1e15d907" testName="TestConstructor_ParsingWcfObject_Success" computerName="DKSR-EFI-04" duration="00:00:00.0012544" startTime="2023-12-22T09:34:23.8971266+01:00" endTime="2023-12-22T09:34:23.8971266+01:00" testType="13cdc9d9-ddb5-4fa4-a97d-d965ccfc6d4b" outcome="Passed" testListId="8c84fa94-04c1-424b-9868-57a2d4851a1d" relativeResultsDirectory="a6cf7e4e-656b-4607-a805-df20eea1ea41" />
    <UnitTestResult executionId="ab9bfd56-6440-4d4f-a0f3-e32c16998e1d" testId="eecb6157-cc70-87ec-5910-c7f31d468748" testName="TestPropertyNames_GettingPropertyNames_Success" computerName="DKSR-EFI-04" duration="00:00:00.0008892" startTime="2023-12-22T09:34:24.3346315+01:00" endTime="2023-12-22T09:34:24.3346315+01:00" testType="13cdc9d9-ddb5-4fa4-a97d-d965ccfc6d4b" outcome="Passed" testListId="8c84fa94-04c1-424b-9868-57a2d4851a1d" relativeResultsDirectory="ab9bfd56-6440-4d4f-a0f3-e32c16998e1d" />
    <UnitTestResult executionId="7f28bf0e-0aea-434a-9233-0383feb992b1" testId="a38e0aa9-55dd-8990-1ea8-62c9cdd5455d" testName="UpdateLevel" computerName="DKSR-EFI-04" duration="00:00:00.0065991" startTime="2023-12-22T09:34:46.0066162+01:00" endTime="2023-12-22T09:34:46.0066162+01:00" testType="13cdc9d9-ddb5-4fa4-a97d-d965ccfc6d4b" outcome="Passed" testListId="8c84fa94-04c1-424b-9868-57a2d4851a1d" relativeResultsDirectory="7f28bf0e-0aea-434a-9233-0383feb992b1" />
    <UnitTestResult executionId="a4846e03-b628-4bbe-9c44-f79cabf2da11" testId="239476df-0f59-876f-8e57-595caa988d44" testName="TestConstructor_ParsingWcfObjectWithoutExtent_Success" computerName="DKSR-EFI-04" duration="00:00:00.0006626" startTime="2023-12-22T09:34:23.9440038+01:00" endTime="2023-12-22T09:34:23.9440038+01:00" testType="13cdc9d9-ddb5-4fa4-a97d-d965ccfc6d4b" outcome="Passed" testListId="8c84fa94-04c1-424b-9868-57a2d4851a1d" relativeResultsDirectory="a4846e03-b628-4bbe-9c44-f79cabf2da11" />
    <UnitTestResult executionId="718d6a43-3be1-499a-a32f-d60ee32a26c0" testId="75bfc7ef-894d-f70f-7e3b-b822c5e6249f" testName="TestAuditLog_AuditLogLegacyLinkToChildServerRemoved_Success" computerName="DKSR-EFI-04" duration="00:00:00.0126579" startTime="2023-12-22T09:34:23.1158741+01:00" endTime="2023-12-22T09:34:23.1158741+01:00" testType="13cdc9d9-ddb5-4fa4-a97d-d965ccfc6d4b" outcome="Passed" testListId="8c84fa94-04c1-424b-9868-57a2d4851a1d" relativeResultsDirectory="718d6a43-3be1-499a-a32f-d60ee32a26c0" />
    <UnitTestResult executionId="99c38713-01a9-4f8b-baa4-5ee28ecdc5e1" testId="1ae99b50-4a58-b040-2d46-172bf2055039" testName="GetEnabledItemsAsync_Success" computerName="DKSR-EFI-04" duration="00:00:00.0585001" startTime="2023-12-22T09:34:19.5377327+01:00" endTime="2023-12-22T09:34:19.6002310+01:00" testType="13cdc9d9-ddb5-4fa4-a97d-d965ccfc6d4b" outcome="Passed" testListId="8c84fa94-04c1-424b-9868-57a2d4851a1d" relativeResultsDirectory="99c38713-01a9-4f8b-baa4-5ee28ecdc5e1" />
    <UnitTestResult executionId="a7e2e182-aeea-47bf-a52f-775fd04075de" testId="0c3b74ae-390f-47dd-e7b2-211ff8e28a83" testName="TestFactory_Success" computerName="DKSR-EFI-04" duration="00:00:00.0009597" startTime="2023-12-22T09:34:46.1784926+01:00" endTime="2023-12-22T09:34:46.1784926+01:00" testType="13cdc9d9-ddb5-4fa4-a97d-d965ccfc6d4b" outcome="Passed" testListId="8c84fa94-04c1-424b-9868-57a2d4851a1d" relativeResultsDirectory="a7e2e182-aeea-47bf-a52f-775fd04075de" />
    <UnitTestResult executionId="5c32ce59-f5b9-4b2b-b97a-21b7754629d4" testId="828ef787-afd5-c441-6789-6eda6598e6c8" testName="TestConstructor_ParsingWcfObjectWithNull_Success" computerName="DKSR-EFI-04" duration="00:00:00.0019566" startTime="2023-12-22T09:34:46.1784926+01:00" endTime="2023-12-22T09:34:46.1941166+01:00" testType="13cdc9d9-ddb5-4fa4-a97d-d965ccfc6d4b" outcome="Passed" testListId="8c84fa94-04c1-424b-9868-57a2d4851a1d" relativeResultsDirectory="5c32ce59-f5b9-4b2b-b97a-21b7754629d4" />
    <UnitTestResult executionId="d1419ddf-3ea6-4fa7-8a00-20c4e69c806d" testId="58fe92ec-7d5a-1c37-d4fb-7aafadcf26fa" testName="TestUpdateLevels_Success" computerName="DKSR-EFI-04" duration="00:00:00.0474430" startTime="2023-12-22T09:34:21.7721183+01:00" endTime="2023-12-22T09:34:21.8189970+01:00" testType="13cdc9d9-ddb5-4fa4-a97d-d965ccfc6d4b" outcome="Passed" testListId="8c84fa94-04c1-424b-9868-57a2d4851a1d" relativeResultsDirectory="d1419ddf-3ea6-4fa7-8a00-20c4e69c806d" />
    <UnitTestResult executionId="bbe50055-12d7-43ba-ae98-f6fb5e4eb39d" testId="f8fed124-5949-da98-15a4-9b82c6c49818" testName="TestConstructor_ParsingWcfObjectWithNull_ArgumentNullException" computerName="DKSR-EFI-04" duration="00:00:00.0013033" startTime="2023-12-22T09:34:23.8346296+01:00" endTime="2023-12-22T09:34:23.8346296+01:00" testType="13cdc9d9-ddb5-4fa4-a97d-d965ccfc6d4b" outcome="Passed" testListId="8c84fa94-04c1-424b-9868-57a2d4851a1d" relativeResultsDirectory="bbe50055-12d7-43ba-ae98-f6fb5e4eb39d" />
    <UnitTestResult executionId="a8793cce-f622-4d4a-8923-95a94342d053" testId="b9130c8e-9d83-6cc3-522b-ffedde30dd42" testName="TestUpdateProperties_UpdateAllProperties_Success" computerName="DKSR-EFI-04" duration="00:00:00.0025042" startTime="2023-12-22T09:34:22.8502507+01:00" endTime="2023-12-22T09:34:22.8658751+01:00" testType="13cdc9d9-ddb5-4fa4-a97d-d965ccfc6d4b" outcome="Passed" testListId="8c84fa94-04c1-424b-9868-57a2d4851a1d" relativeResultsDirectory="a8793cce-f622-4d4a-8923-95a94342d053" />
    <UnitTestResult executionId="c3add679-53bb-4378-b951-589ff61cbd66" testId="e355f905-ea73-21e7-9afa-7777ac3e2710" testName="TestPropertyNames_GettingPropertyNames_Success" computerName="DKSR-EFI-04" duration="00:00:00.0021292" startTime="2023-12-22T09:34:23.8502520+01:00" endTime="2023-12-22T09:34:23.8502520+01:00" testType="13cdc9d9-ddb5-4fa4-a97d-d965ccfc6d4b" outcome="Passed" testListId="8c84fa94-04c1-424b-9868-57a2d4851a1d" relativeResultsDirectory="c3add679-53bb-4378-b951-589ff61cbd66" />
    <UnitTestResult executionId="5122cffb-a444-496b-9b71-b539823e4ac4" testId="02dd0347-81a6-5d2e-72bb-1e46d337ac10" testName="TestAuditLog_AuditLogLevelRenamed_Success" computerName="DKSR-EFI-04" duration="00:00:00.0105222" startTime="2023-12-22T09:34:46.3191163+01:00" endTime="2023-12-22T09:34:46.3347449+01:00" testType="13cdc9d9-ddb5-4fa4-a97d-d965ccfc6d4b" outcome="Passed" testListId="8c84fa94-04c1-424b-9868-57a2d4851a1d" relativeResultsDirectory="5122cffb-a444-496b-9b71-b539823e4ac4" />
    <UnitTestResult executionId="de39b225-05d6-4d9e-93fc-9f916236f66f" testId="a6d51157-180c-99fc-79ca-7f2ea244e7e9" testName="Test_DeleteLevel_Succes" computerName="DKSR-EFI-04" duration="00:00:00.0279960" startTime="2023-12-22T09:34:21.9752448+01:00" endTime="2023-12-22T09:34:22.0064999+01:00" testType="13cdc9d9-ddb5-4fa4-a97d-d965ccfc6d4b" outcome="Passed" testListId="8c84fa94-04c1-424b-9868-57a2d4851a1d" relativeResultsDirectory="de39b225-05d6-4d9e-93fc-9f916236f66f" />
    <UnitTestResult executionId="46a19c93-5645-484c-bbc0-dafe1635e08b" testId="1ed4df3f-11ca-65e7-52ba-19aab1472d4e" testName="TestConstructor_ParsingWcfObjectWithNullViewport_Success" computerName="DKSR-EFI-04" duration="00:00:00.0007823" startTime="2023-12-22T09:34:22.7408731+01:00" endTime="2023-12-22T09:34:22.7408731+01:00" testType="13cdc9d9-ddb5-4fa4-a97d-d965ccfc6d4b" outcome="Passed" testListId="8c84fa94-04c1-424b-9868-57a2d4851a1d" relativeResultsDirectory="46a19c93-5645-484c-bbc0-dafe1635e08b" />
    <UnitTestResult executionId="7d956c72-7c53-4141-8ad2-92e70b7734b6" testId="2434dc0d-a355-9e16-f561-e23133111429" testName="Constructor_LevelsSet" computerName="DKSR-EFI-04" duration="00:00:00.0041759" startTime="2023-12-22T09:34:45.9441133+01:00" endTime="2023-12-22T09:34:45.9597413+01:00" testType="13cdc9d9-ddb5-4fa4-a97d-d965ccfc6d4b" outcome="Passed" testListId="8c84fa94-04c1-424b-9868-57a2d4851a1d" relativeResultsDirectory="7d956c72-7c53-4141-8ad2-92e70b7734b6" />
    <UnitTestResult executionId="e3a6d418-c099-4df3-bc95-6e0873243b43" testId="7ed8cc4e-8f6c-78f4-f374-6a2d955b5245" testName="BrowseLayer_Generic_CreateFromData_Fail" computerName="DKSR-EFI-04" duration="00:00:00.0023345" startTime="2023-12-22T09:34:24.2565053+01:00" endTime="2023-12-22T09:34:24.2565053+01:00" testType="13cdc9d9-ddb5-4fa4-a97d-d965ccfc6d4b" outcome="Passed" testListId="8c84fa94-04c1-424b-9868-57a2d4851a1d" relativeResultsDirectory="e3a6d418-c099-4df3-bc95-6e0873243b43" />
    <UnitTestResult executionId="27f72c26-67d9-44c5-bada-805eadc58f4d" testId="d7acaedb-eac0-4b1f-6d63-f57e9d538c04" testName="TestUpdateLevel_DatabaseException_Failure" computerName="DKSR-EFI-04" duration="00:00:00.0044425" startTime="2023-12-22T09:34:21.7564919+01:00" endTime="2023-12-22T09:34:21.7721183+01:00" testType="13cdc9d9-ddb5-4fa4-a97d-d965ccfc6d4b" outcome="Passed" testListId="8c84fa94-04c1-424b-9868-57a2d4851a1d" relativeResultsDirectory="27f72c26-67d9-44c5-bada-805eadc58f4d" />
    <UnitTestResult executionId="eebf019d-1d27-4b30-971e-bc8527d6dfaf" testId="9e8f8325-02f5-40d6-c526-347e0cfbaf29" testName="TestConstructor_ParsingWcfObjectWithoutExtent_Success" computerName="DKSR-EFI-04" duration="00:00:00.0002384" startTime="2023-12-22T09:34:24.3033802+01:00" endTime="2023-12-22T09:34:24.3033802+01:00" testType="13cdc9d9-ddb5-4fa4-a97d-d965ccfc6d4b" outcome="Passed" testListId="8c84fa94-04c1-424b-9868-57a2d4851a1d" relativeResultsDirectory="eebf019d-1d27-4b30-971e-bc8527d6dfaf" />
    <UnitTestResult executionId="577748a4-258d-4f92-ac94-0001c0452eae" testId="e61aa0d5-60b4-ff7e-f36b-5cb01be967c9" testName="AllItems_ExistAfterAddItems" computerName="DKSR-EFI-04" duration="00:00:00.0005046" startTime="2023-12-22T09:34:45.4284876+01:00" endTime="2023-12-22T09:34:45.4284876+01:00" testType="13cdc9d9-ddb5-4fa4-a97d-d965ccfc6d4b" outcome="Passed" testListId="8c84fa94-04c1-424b-9868-57a2d4851a1d" relativeResultsDirectory="577748a4-258d-4f92-ac94-0001c0452eae" />
    <UnitTestResult executionId="7f9bc7d8-b891-478a-977e-0fca1b94f716" testId="5d950d2b-db19-8586-aab7-9626ab9aaae8" testName="TestAuditLog_AuditLogChanged_AddingRemovingLegacyLinkChangingTargetMapId_Success" computerName="DKSR-EFI-04" duration="00:00:00.0210507" startTime="2023-12-22T09:34:23.1940018+01:00" endTime="2023-12-22T09:34:23.2252517+01:00" testType="13cdc9d9-ddb5-4fa4-a97d-d965ccfc6d4b" outcome="Passed" testListId="8c84fa94-04c1-424b-9868-57a2d4851a1d" relativeResultsDirectory="7f9bc7d8-b891-478a-977e-0fca1b94f716" />
    <UnitTestResult executionId="5b24f9f8-ed8f-4c6d-ac53-11d21758be10" testId="112610a4-4560-9baa-c234-22f91ee6fbaf" testName="TestConstructor_ParsingWcfObject_Success" computerName="DKSR-EFI-04" duration="00:00:00.0019161" startTime="2023-12-22T09:34:23.4908749+01:00" endTime="2023-12-22T09:34:23.4908749+01:00" testType="13cdc9d9-ddb5-4fa4-a97d-d965ccfc6d4b" outcome="Passed" testListId="8c84fa94-04c1-424b-9868-57a2d4851a1d" relativeResultsDirectory="5b24f9f8-ed8f-4c6d-ac53-11d21758be10" />
    <UnitTestResult executionId="cddc9a38-2e85-4575-bd79-683e9626d641" testId="ce255936-1b10-d498-bcfd-2601c485ce39" testName="GetClusters_CheckClusterIdNotPersistentInDifferentIndexers" computerName="DKSR-EFI-04" duration="00:00:00.0071415" startTime="2023-12-22T09:34:24.6940080+01:00" endTime="2023-12-22T09:34:24.7096342+01:00" testType="13cdc9d9-ddb5-4fa4-a97d-d965ccfc6d4b" outcome="Passed" testListId="8c84fa94-04c1-424b-9868-57a2d4851a1d" relativeResultsDirectory="cddc9a38-2e85-4575-bd79-683e9626d641" />
    <UnitTestResult executionId="5ed1ea21-af4f-4d76-ab97-6aa6eafc1453" testId="dc7cf344-d4a0-52e8-2492-3a1068a126d1" testName="TestConstructor_Success" computerName="DKSR-EFI-04" duration="00:00:00.0008633" startTime="2023-12-22T09:34:22.8971241+01:00" endTime="2023-12-22T09:34:22.8971241+01:00" testType="13cdc9d9-ddb5-4fa4-a97d-d965ccfc6d4b" outcome="Passed" testListId="8c84fa94-04c1-424b-9868-57a2d4851a1d" relativeResultsDirectory="5ed1ea21-af4f-4d76-ab97-6aa6eafc1453" />
    <UnitTestResult executionId="7c6e454b-3bd1-46df-95b6-c326860a6232" testId="345552b6-3ed3-703c-aa8d-185623b1498d" testName="TestConstructor_ParsingWcfObjectWithoutExtent_Success" computerName="DKSR-EFI-04" duration="00:00:00.0005950" startTime="2023-12-22T09:34:24.2096303+01:00" endTime="2023-12-22T09:34:24.2252572+01:00" testType="13cdc9d9-ddb5-4fa4-a97d-d965ccfc6d4b" outcome="Passed" testListId="8c84fa94-04c1-424b-9868-57a2d4851a1d" relativeResultsDirectory="7c6e454b-3bd1-46df-95b6-c326860a6232" />
    <UnitTestResult executionId="70a5370f-eaa5-4c5b-a012-97a4c627c085" testId="da6a80e7-4aab-f0eb-010a-506b0c4936a9" testName="TestUpdateBuilding_NullOutline_Success" computerName="DKSR-EFI-04" duration="00:00:00.0232332" startTime="2023-12-22T09:34:21.1314912+01:00" endTime="2023-12-22T09:34:21.1471145+01:00" testType="13cdc9d9-ddb5-4fa4-a97d-d965ccfc6d4b" outcome="Passed" testListId="8c84fa94-04c1-424b-9868-57a2d4851a1d" relativeResultsDirectory="70a5370f-eaa5-4c5b-a012-97a4c627c085" />
    <UnitTestResult executionId="00745c63-210d-4be7-af8e-6e38b52ef2f8" testId="88daf2ce-efc6-44a5-8795-43fb6f1fbf52" testName="TestWcfObject_GetWcfObject_Success" computerName="DKSR-EFI-04" duration="00:00:00.0015102" startTime="2023-12-22T09:34:24.4440069+01:00" endTime="2023-12-22T09:34:24.4440069+01:00" testType="13cdc9d9-ddb5-4fa4-a97d-d965ccfc6d4b" outcome="Passed" testListId="8c84fa94-04c1-424b-9868-57a2d4851a1d" relativeResultsDirectory="00745c63-210d-4be7-af8e-6e38b52ef2f8" />
    <UnitTestResult executionId="370006ce-4c74-40f3-b6b6-ecd197e21552" testId="4c18361d-692a-8703-c9f0-ec2f36e6cc36" testName="TestAuditLog_AuditLogItemAddedWithEmptyLocation_Success" computerName="DKSR-EFI-04" duration="00:00:00.0053754" startTime="2023-12-22T09:34:23.2877519+01:00" endTime="2023-12-22T09:34:23.3033765+01:00" testType="13cdc9d9-ddb5-4fa4-a97d-d965ccfc6d4b" outcome="Passed" testListId="8c84fa94-04c1-424b-9868-57a2d4851a1d" relativeResultsDirectory="370006ce-4c74-40f3-b6b6-ecd197e21552" />
    <UnitTestResult executionId="7cf978ee-edde-4a07-8a06-8fe4ee4cd285" testId="fa57984a-d9a0-35f8-c3c7-0eb647e15089" testName="TestAddBuilding_Exception_Failure" computerName="DKSR-EFI-04" duration="00:00:00.0077124" startTime="2023-12-22T09:34:20.7096126+01:00" endTime="2023-12-22T09:34:20.7096126+01:00" testType="13cdc9d9-ddb5-4fa4-a97d-d965ccfc6d4b" outcome="Passed" testListId="8c84fa94-04c1-424b-9868-57a2d4851a1d" relativeResultsDirectory="7cf978ee-edde-4a07-8a06-8fe4ee4cd285" />
    <UnitTestResult executionId="9f379331-5469-41c0-8ce8-296d22a1f553" testId="2bfc6d47-8ba4-02c9-48f6-b952f3a2b68d" testName="RemoveItems_RemovesWithChangedPosition" computerName="DKSR-EFI-04" duration="00:00:00.0037405" startTime="2023-12-22T09:34:24.6002565+01:00" endTime="2023-12-22T09:34:24.6002565+01:00" testType="13cdc9d9-ddb5-4fa4-a97d-d965ccfc6d4b" outcome="Passed" testListId="8c84fa94-04c1-424b-9868-57a2d4851a1d" relativeResultsDirectory="9f379331-5469-41c0-8ce8-296d22a1f553" />
    <UnitTestResult executionId="7d08ad6c-7d76-42e2-866c-826ccf568936" testId="4fd63e89-7a7b-2905-6d68-24d99fb54d1a" testName="TestUpdateProperties_UpdateAllProperties_Success" computerName="DKSR-EFI-04" duration="00:00:00.0020890" startTime="2023-12-22T09:34:23.7096288+01:00" endTime="2023-12-22T09:34:23.7096288+01:00" testType="13cdc9d9-ddb5-4fa4-a97d-d965ccfc6d4b" outcome="Passed" testListId="8c84fa94-04c1-424b-9868-57a2d4851a1d" relativeResultsDirectory="7d08ad6c-7d76-42e2-866c-826ccf568936" />
    <UnitTestResult executionId="dc739a46-4693-4401-88d3-6b6da78345ea" testId="3d0918cf-f564-1118-2b0c-d32328146c5b" testName="TestConvertToType_NullType_Success" computerName="DKSR-EFI-04" duration="00:00:00.0006278" startTime="2023-12-22T09:34:22.5846226+01:00" endTime="2023-12-22T09:34:22.5846226+01:00" testType="13cdc9d9-ddb5-4fa4-a97d-d965ccfc6d4b" outcome="Passed" testListId="8c84fa94-04c1-424b-9868-57a2d4851a1d" relativeResultsDirectory="dc739a46-4693-4401-88d3-6b6da78345ea" />
    <UnitTestResult executionId="20c26ef0-61a2-4028-ba84-704edf537a89" testId="5db863e2-d6e1-4b8a-5074-0b07052e3c37" testName="Test_DeleteLevels_NoFactory_Exception_Failure" computerName="DKSR-EFI-04" duration="00:00:00.0055114" startTime="2023-12-22T09:34:22.1314954+01:00" endTime="2023-12-22T09:34:22.1314954+01:00" testType="13cdc9d9-ddb5-4fa4-a97d-d965ccfc6d4b" outcome="Passed" testListId="8c84fa94-04c1-424b-9868-57a2d4851a1d" relativeResultsDirectory="20c26ef0-61a2-4028-ba84-704edf537a89" />
    <UnitTestResult executionId="93e95e48-662a-427c-9920-51f2c060bbc1" testId="8181e78a-574d-c8c0-84ae-90ed41d2011e" testName="TestWcfObject_GetWcfObjectWithoutExtent_Success" computerName="DKSR-EFI-04" duration="00:00:00.0004096" startTime="2023-12-22T09:34:23.8815031+01:00" endTime="2023-12-22T09:34:23.8815031+01:00" testType="13cdc9d9-ddb5-4fa4-a97d-d965ccfc6d4b" outcome="Passed" testListId="8c84fa94-04c1-424b-9868-57a2d4851a1d" relativeResultsDirectory="93e95e48-662a-427c-9920-51f2c060bbc1" />
    <UnitTestResult executionId="c16c5eb5-f46a-41d8-81fa-402fcd0e90f8" testId="0b1439ba-e984-e80d-2643-4fa8fa562b65" testName="FilterAsync_AddsAuthorizedItemIdsToSet" computerName="DKSR-EFI-04" duration="00:00:00.0071556" startTime="2023-12-22T09:34:19.7252339+01:00" endTime="2023-12-22T09:34:19.7252339+01:00" testType="13cdc9d9-ddb5-4fa4-a97d-d965ccfc6d4b" outcome="Passed" testListId="8c84fa94-04c1-424b-9868-57a2d4851a1d" relativeResultsDirectory="c16c5eb5-f46a-41d8-81fa-402fcd0e90f8" />
    <UnitTestResult executionId="5928717f-9803-4d73-a4c8-4860aca20793" testId="4c476855-320b-a089-aac0-48bc05a06daf" testName="TestConstructor_CreateService_Success" computerName="DKSR-EFI-04" duration="00:00:00.0008176" startTime="2023-12-22T09:34:18.2564760+01:00" endTime="2023-12-22T09:34:18.2564760+01:00" testType="13cdc9d9-ddb5-4fa4-a97d-d965ccfc6d4b" outcome="Passed" testListId="8c84fa94-04c1-424b-9868-57a2d4851a1d" relativeResultsDirectory="5928717f-9803-4d73-a4c8-4860aca20793" />
    <UnitTestResult executionId="91690a42-fb64-40e6-807b-c4b8d76bd523" testId="3b5d0571-6664-4ff9-d876-cc7ad22dbd7b" testName="TestPropertyNames_GettingPropertyNames_Success" computerName="DKSR-EFI-04" duration="00:00:00.0007258" startTime="2023-12-22T09:34:22.8033726+01:00" endTime="2023-12-22T09:34:22.8033726+01:00" testType="13cdc9d9-ddb5-4fa4-a97d-d965ccfc6d4b" outcome="Passed" testListId="8c84fa94-04c1-424b-9868-57a2d4851a1d" relativeResultsDirectory="91690a42-fb64-40e6-807b-c4b8d76bd523" />
    <UnitTestResult executionId="e5dde49b-3b4b-4b6e-80c5-388e08f208e6" testId="77e0e43e-a4af-d366-f787-2bdb74a60872" testName="TestProperties_GetProperties_Success" computerName="DKSR-EFI-04" duration="00:00:00.0018067" startTime="2023-12-22T09:34:22.7564989+01:00" endTime="2023-12-22T09:34:22.7564989+01:00" testType="13cdc9d9-ddb5-4fa4-a97d-d965ccfc6d4b" outcome="Passed" testListId="8c84fa94-04c1-424b-9868-57a2d4851a1d" relativeResultsDirectory="e5dde49b-3b4b-4b6e-80c5-388e08f208e6" />
    <UnitTestResult executionId="d0ad52f2-5b06-438e-b3b0-4ba0db69dd22" testId="20425a98-ac9b-d8ef-0106-f6abe6744cde" testName="TestWcfObject_GetWcfObject_Success" computerName="DKSR-EFI-04" duration="00:00:00.0035187" startTime="2023-12-22T09:34:24.0377535+01:00" endTime="2023-12-22T09:34:24.0533813+01:00" testType="13cdc9d9-ddb5-4fa4-a97d-d965ccfc6d4b" outcome="Passed" testListId="8c84fa94-04c1-424b-9868-57a2d4851a1d" relativeResultsDirectory="d0ad52f2-5b06-438e-b3b0-4ba0db69dd22" />
    <UnitTestResult executionId="9ad10a4f-a674-4801-8171-9b27661dbb17" testId="7bfc939c-2abf-1b06-8e36-c8a0358f00e7" testName="Test_QueryLayersByLevelId_ZeroRows_succes" computerName="DKSR-EFI-04" duration="00:00:00.0065269" startTime="2023-12-22T09:34:22.1314954+01:00" endTime="2023-12-22T09:34:22.1471204+01:00" testType="13cdc9d9-ddb5-4fa4-a97d-d965ccfc6d4b" outcome="Passed" testListId="8c84fa94-04c1-424b-9868-57a2d4851a1d" relativeResultsDirectory="9ad10a4f-a674-4801-8171-9b27661dbb17" />
    <UnitTestResult executionId="58e8249a-55ba-438d-ae90-c94b5cc935d4" testId="630ac451-2612-b7c0-a7c3-7bc384dc7630" testName="TestWcfObject_GetWcfObject_Success" computerName="DKSR-EFI-04" duration="00:00:00.0021896" startTime="2023-12-22T09:34:22.7408731+01:00" endTime="2023-12-22T09:34:22.7408731+01:00" testType="13cdc9d9-ddb5-4fa4-a97d-d965ccfc6d4b" outcome="Passed" testListId="8c84fa94-04c1-424b-9868-57a2d4851a1d" relativeResultsDirectory="58e8249a-55ba-438d-ae90-c94b5cc935d4" />
    <UnitTestResult executionId="a18854ab-b7bf-4de5-aeeb-4ae85c5b00c1" testId="7ee73049-9fdf-3f50-ffdb-fe86cbdad9da" testName="TestAuditLog_AuditLogLayerChanged_Success" computerName="DKSR-EFI-04" duration="00:00:00.0053949" startTime="2023-12-22T09:34:24.0221303+01:00" endTime="2023-12-22T09:34:24.0221303+01:00" testType="13cdc9d9-ddb5-4fa4-a97d-d965ccfc6d4b" outcome="Passed" testListId="8c84fa94-04c1-424b-9868-57a2d4851a1d" relativeResultsDirectory="a18854ab-b7bf-4de5-aeeb-4ae85c5b00c1" />
    <UnitTestResult executionId="0aa6c091-9da0-4410-9435-55debd2c94de" testId="7b87f874-d919-2ac5-02d2-23671531fba1" testName="TestAuditLog_AuditLogWithNullAuditLogger_Failure" computerName="DKSR-EFI-04" duration="00:00:00.0031565" startTime="2023-12-22T09:34:24.3971308+01:00" endTime="2023-12-22T09:34:24.3971308+01:00" testType="13cdc9d9-ddb5-4fa4-a97d-d965ccfc6d4b" outcome="Passed" testListId="8c84fa94-04c1-424b-9868-57a2d4851a1d" relativeResultsDirectory="0aa6c091-9da0-4410-9435-55debd2c94de" />
    <UnitTestResult executionId="1f8c2057-f964-479d-8065-e66022701ec9" testId="b9bd6d8c-3df7-0bc0-636a-207c0f6f708c" testName="OnBuildingsDeleted" computerName="DKSR-EFI-04" duration="00:00:00.0012761" startTime="2023-12-22T09:34:18.8346041+01:00" endTime="2023-12-22T09:34:18.8346041+01:00" testType="13cdc9d9-ddb5-4fa4-a97d-d965ccfc6d4b" outcome="Passed" testListId="8c84fa94-04c1-424b-9868-57a2d4851a1d" relativeResultsDirectory="1f8c2057-f964-479d-8065-e66022701ec9" />
    <UnitTestResult executionId="f0f3bd59-8af0-452f-bc6c-47104174464f" testId="7cee938e-4726-ecfc-427c-4cc906afc6df" testName="TestQueryKindsVisibility_OneKind_Success" computerName="DKSR-EFI-04" duration="00:00:00.0113216" startTime="2023-12-22T09:34:22.4283733+01:00" endTime="2023-12-22T09:34:22.4439969+01:00" testType="13cdc9d9-ddb5-4fa4-a97d-d965ccfc6d4b" outcome="Passed" testListId="8c84fa94-04c1-424b-9868-57a2d4851a1d" relativeResultsDirectory="f0f3bd59-8af0-452f-bc6c-47104174464f" />
    <UnitTestResult executionId="c5ac2643-fbff-4b6f-a9b5-658ed9f9a764" testId="07b80e63-7c2f-589b-2e04-4e8029babfad" testName="Send_Empty_NotSent" computerName="DKSR-EFI-04" duration="00:00:00.0004118" startTime="2023-12-22T09:34:18.8658555+01:00" endTime="2023-12-22T09:34:18.8658555+01:00" testType="13cdc9d9-ddb5-4fa4-a97d-d965ccfc6d4b" outcome="Passed" testListId="8c84fa94-04c1-424b-9868-57a2d4851a1d" relativeResultsDirectory="c5ac2643-fbff-4b6f-a9b5-658ed9f9a764" />
    <UnitTestResult executionId="c3b44f47-bb97-4ac6-befe-2aa74d8a01ab" testId="79cd390f-82e9-a0ad-b31f-33e0e0bcb389" testName="TestAuditLog_AuditLogWithNullItemAuditParameters_Failure" computerName="DKSR-EFI-04" duration="00:00:00.0023024" startTime="2023-12-22T09:34:24.3971308+01:00" endTime="2023-12-22T09:34:24.3971308+01:00" testType="13cdc9d9-ddb5-4fa4-a97d-d965ccfc6d4b" outcome="Passed" testListId="8c84fa94-04c1-424b-9868-57a2d4851a1d" relativeResultsDirectory="c3b44f47-bb97-4ac6-befe-2aa74d8a01ab" />
    <UnitTestResult executionId="c6e7349e-6768-4413-aa7a-3440a8bf7ba2" testId="ebd43f71-bf52-f6ae-ad03-a45fb0f7a764" testName="TestConstructor_ParsingWcfObjectWithoutOriginalExtent_Success" computerName="DKSR-EFI-04" duration="00:00:00.0008299" startTime="2023-12-22T09:34:24.3658813+01:00" endTime="2023-12-22T09:34:24.3658813+01:00" testType="13cdc9d9-ddb5-4fa4-a97d-d965ccfc6d4b" outcome="Passed" testListId="8c84fa94-04c1-424b-9868-57a2d4851a1d" relativeResultsDirectory="c6e7349e-6768-4413-aa7a-3440a8bf7ba2" />
    <UnitTestResult executionId="bb55370f-050e-41e3-b3e4-4804d0d25d67" testId="267ac0aa-3310-c2a4-2036-c5e9e7be48a1" testName="TestWcfObject_GetWcfObjectWithoutExtent_Success" computerName="DKSR-EFI-04" duration="00:00:00.0009968" startTime="2023-12-22T09:34:24.3658813+01:00" endTime="2023-12-22T09:34:24.3658813+01:00" testType="13cdc9d9-ddb5-4fa4-a97d-d965ccfc6d4b" outcome="Passed" testListId="8c84fa94-04c1-424b-9868-57a2d4851a1d" relativeResultsDirectory="bb55370f-050e-41e3-b3e4-4804d0d25d67" />
    <UnitTestResult executionId="05b476c2-e778-48f9-ac4e-d20f757b2ceb" testId="3db0fc72-d7ad-dd65-723e-e1b395e7c54e" testName="TestAuditLog_AuditLogItemRemovedWithLocation_Success" computerName="DKSR-EFI-04" duration="00:00:00.0080750" startTime="2023-12-22T09:34:23.3502509+01:00" endTime="2023-12-22T09:34:23.3502509+01:00" testType="13cdc9d9-ddb5-4fa4-a97d-d965ccfc6d4b" outcome="Passed" testListId="8c84fa94-04c1-424b-9868-57a2d4851a1d" relativeResultsDirectory="05b476c2-e778-48f9-ac4e-d20f757b2ceb" />
    <UnitTestResult executionId="11746d06-a355-4bc0-a356-f6b58b7b1940" testId="7f74b32f-3c4a-e7ef-d888-6778dc71ab50" testName="AllItems_NotExistAfterRemoveItems" computerName="DKSR-EFI-04" duration="00:00:00.0044907" startTime="2023-12-22T09:34:45.4284876+01:00" endTime="2023-12-22T09:34:45.4441117+01:00" testType="13cdc9d9-ddb5-4fa4-a97d-d965ccfc6d4b" outcome="Passed" testListId="8c84fa94-04c1-424b-9868-57a2d4851a1d" relativeResultsDirectory="11746d06-a355-4bc0-a356-f6b58b7b1940" />
    <UnitTestResult executionId="af562fc0-742c-4b9b-9e76-2c979bb826d1" testId="e97f4669-3c86-1034-0a38-98883988da58" testName="TestConstructor_ParsingWcfObjectWithNullLayers_Success" computerName="DKSR-EFI-04" duration="00:00:00.0027280" startTime="2023-12-22T09:34:23.6315049+01:00" endTime="2023-12-22T09:34:23.6315049+01:00" testType="13cdc9d9-ddb5-4fa4-a97d-d965ccfc6d4b" outcome="Passed" testListId="8c84fa94-04c1-424b-9868-57a2d4851a1d" relativeResultsDirectory="af562fc0-742c-4b9b-9e76-2c979bb826d1" />
    <UnitTestResult executionId="714595eb-7074-4d10-bdcb-dd0d5197feff" testId="749c19e7-aee0-159d-ac54-1cec5332e8a7" testName="TestAddBuilding_UnknownBuilding_Success" computerName="DKSR-EFI-04" duration="00:00:00.0116486" startTime="2023-12-22T09:34:20.7564879+01:00" endTime="2023-12-22T09:34:20.7721142+01:00" testType="13cdc9d9-ddb5-4fa4-a97d-d965ccfc6d4b" outcome="Passed" testListId="8c84fa94-04c1-424b-9868-57a2d4851a1d" relativeResultsDirectory="714595eb-7074-4d10-bdcb-dd0d5197feff" />
    <UnitTestResult executionId="1ed70c6e-885a-4c3f-9410-d28c739aaceb" testId="4f75dcfb-0277-2bdc-92d3-cc3daff103b9" testName="TestConstructor_ParsingWcfObjectWithNullViewport_Success" computerName="DKSR-EFI-04" duration="00:00:00.0002921" startTime="2023-12-22T09:34:22.6939983+01:00" endTime="2023-12-22T09:34:22.6939983+01:00" testType="13cdc9d9-ddb5-4fa4-a97d-d965ccfc6d4b" outcome="Passed" testListId="8c84fa94-04c1-424b-9868-57a2d4851a1d" relativeResultsDirectory="1ed70c6e-885a-4c3f-9410-d28c739aaceb" />
    <UnitTestResult executionId="f699778a-dbe4-4a87-b36f-66090df1fc88" testId="da617ff0-d5a0-0b73-eeff-7ea482f164c1" testName="TestAuditLog_AuditLogMapAdded_Success" computerName="DKSR-EFI-04" duration="00:00:00.0047928" startTime="2023-12-22T09:34:23.5690018+01:00" endTime="2023-12-22T09:34:23.5846265+01:00" testType="13cdc9d9-ddb5-4fa4-a97d-d965ccfc6d4b" outcome="Passed" testListId="8c84fa94-04c1-424b-9868-57a2d4851a1d" relativeResultsDirectory="f699778a-dbe4-4a87-b36f-66090df1fc88" />
    <UnitTestResult executionId="cc4b0f77-b6f0-4036-b7f8-24d6d76c4b15" testId="3af7f087-b7b3-0534-145c-6c01dbaa4992" testName="TestUpdateBuilding_Exception_Failure" computerName="DKSR-EFI-04" duration="00:00:00.0043402" startTime="2023-12-22T09:34:21.1939900+01:00" endTime="2023-12-22T09:34:21.2096159+01:00" testType="13cdc9d9-ddb5-4fa4-a97d-d965ccfc6d4b" outcome="Passed" testListId="8c84fa94-04c1-424b-9868-57a2d4851a1d" relativeResultsDirectory="cc4b0f77-b6f0-4036-b7f8-24d6d76c4b15" />
    <UnitTestResult executionId="0a379ea2-163b-4661-9289-70a6e40fd0d4" testId="f8b3dabf-0f19-9e05-2f20-874d753a8128" testName="TestProperties_GetProperties_Success" computerName="DKSR-EFI-04" duration="00:00:00.0012141" startTime="2023-12-22T09:34:24.3503152+01:00" endTime="2023-12-22T09:34:24.3503152+01:00" testType="13cdc9d9-ddb5-4fa4-a97d-d965ccfc6d4b" outcome="Passed" testListId="8c84fa94-04c1-424b-9868-57a2d4851a1d" relativeResultsDirectory="0a379ea2-163b-4661-9289-70a6e40fd0d4" />
    <UnitTestResult executionId="f73f1137-efd7-411d-ba3d-bb326d1d81cd" testId="11404e7c-7edb-e531-9c6e-76c1e9d74073" testName="TestUpdateBuilding_NullBuilding_Failure" computerName="DKSR-EFI-04" duration="00:00:00.0018722" startTime="2023-12-22T09:34:21.2096159+01:00" endTime="2023-12-22T09:34:21.2096159+01:00" testType="13cdc9d9-ddb5-4fa4-a97d-d965ccfc6d4b" outcome="Passed" testListId="8c84fa94-04c1-424b-9868-57a2d4851a1d" relativeResultsDirectory="f73f1137-efd7-411d-ba3d-bb326d1d81cd" />
    <UnitTestResult executionId="7d009ebb-7edb-402f-b4cb-4655634ae8a1" testId="4f4538ec-4913-9bf7-26f1-4b9cf7115972" testName="TestWcfObject_ConvertToWcfObjectWithNullMapViewPoint_Success" computerName="DKSR-EFI-04" duration="00:00:00.0027887" startTime="2023-12-22T09:34:23.6940021+01:00" endTime="2023-12-22T09:34:23.6940021+01:00" testType="13cdc9d9-ddb5-4fa4-a97d-d965ccfc6d4b" outcome="Passed" testListId="8c84fa94-04c1-424b-9868-57a2d4851a1d" relativeResultsDirectory="7d009ebb-7edb-402f-b4cb-4655634ae8a1" />
    <UnitTestResult executionId="f331af6c-bee4-4825-88f1-5d0257d0e12c" testId="486f2d4e-862f-b7d0-0ff0-5dc28ba0a17d" testName="TestAuditLog_AuditLogBuildingDefaultChanged_NullDefaultLevel_Success" computerName="DKSR-EFI-04" duration="00:00:00.0064705" startTime="2023-12-22T09:34:46.1628681+01:00" endTime="2023-12-22T09:34:46.1784926+01:00" testType="13cdc9d9-ddb5-4fa4-a97d-d965ccfc6d4b" outcome="Passed" testListId="8c84fa94-04c1-424b-9868-57a2d4851a1d" relativeResultsDirectory="f331af6c-bee4-4825-88f1-5d0257d0e12c" />
    <UnitTestResult executionId="583d0785-2d3b-474d-9ad1-ae64cb580b89" testId="223437d7-9528-f75b-bdaa-04ae404f0ddd" testName="TestConstructor_ParsingWcfObjectWithNull_Success" computerName="DKSR-EFI-04" duration="00:00:00.0014340" startTime="2023-12-22T09:34:22.6783717+01:00" endTime="2023-12-22T09:34:22.6783717+01:00" testType="13cdc9d9-ddb5-4fa4-a97d-d965ccfc6d4b" outcome="Passed" testListId="8c84fa94-04c1-424b-9868-57a2d4851a1d" relativeResultsDirectory="583d0785-2d3b-474d-9ad1-ae64cb580b89" />
    <UnitTestResult executionId="c8d42d36-6d49-4732-8946-1db91706e33e" testId="a42d239d-baf4-f5a8-cf3e-7324b28cfead" testName="TestConstructor_Success" computerName="DKSR-EFI-04" duration="00:00:00.0001560" startTime="2023-12-22T09:34:23.5533771+01:00" endTime="2023-12-22T09:34:23.5533771+01:00" testType="13cdc9d9-ddb5-4fa4-a97d-d965ccfc6d4b" outcome="Passed" testListId="8c84fa94-04c1-424b-9868-57a2d4851a1d" relativeResultsDirectory="c8d42d36-6d49-4732-8946-1db91706e33e" />
    <UnitTestResult executionId="c9f3d7b8-1c20-4ea8-9bf1-96b32ef50f4b" testId="57eb827e-22de-ea5e-ac49-20767f9ce186" testName="TestUpdateLevels_NoUpdates_Success" computerName="DKSR-EFI-04" duration="00:00:00.0065278" startTime="2023-12-22T09:34:21.8658689+01:00" endTime="2023-12-22T09:34:21.8658689+01:00" testType="13cdc9d9-ddb5-4fa4-a97d-d965ccfc6d4b" outcome="Passed" testListId="8c84fa94-04c1-424b-9868-57a2d4851a1d" relativeResultsDirectory="c9f3d7b8-1c20-4ea8-9bf1-96b32ef50f4b" />
    <UnitTestResult executionId="d72861c9-8d4a-47ad-951b-1c24717214c8" testId="76e8e25b-7f65-8c60-0639-561ef8c308e2" testName="GetClusters_PassesZoomOffsetToIndexer" computerName="DKSR-EFI-04" duration="00:00:00.0069433" startTime="2023-12-22T09:34:19.0846039+01:00" endTime="2023-12-22T09:34:19.1002296+01:00" testType="13cdc9d9-ddb5-4fa4-a97d-d965ccfc6d4b" outcome="Passed" testListId="8c84fa94-04c1-424b-9868-57a2d4851a1d" relativeResultsDirectory="d72861c9-8d4a-47ad-951b-1c24717214c8" />
    <UnitTestResult executionId="63717614-0432-4787-baeb-31e77bf81ccf" testId="1659e2e1-078f-341b-0cfb-f59dda1952ab" testName="TestConstructor_ParsingWcfObjectWithoutExtent_Success" computerName="DKSR-EFI-04" duration="00:00:00.0006852" startTime="2023-12-22T09:34:24.4440069+01:00" endTime="2023-12-22T09:34:24.4440069+01:00" testType="13cdc9d9-ddb5-4fa4-a97d-d965ccfc6d4b" outcome="Passed" testListId="8c84fa94-04c1-424b-9868-57a2d4851a1d" relativeResultsDirectory="63717614-0432-4787-baeb-31e77bf81ccf" />
    <UnitTestResult executionId="477422d2-5ca6-4a23-87a3-5f6c56984343" testId="04850947-4df2-d516-cf72-ba8e231127f1" testName="TestWcfObject_GetWcfObjectWithoutExtent_Success" computerName="DKSR-EFI-04" duration="00:00:00.0003763" startTime="2023-12-22T09:34:24.3033802+01:00" endTime="2023-12-22T09:34:24.3033802+01:00" testType="13cdc9d9-ddb5-4fa4-a97d-d965ccfc6d4b" outcome="Passed" testListId="8c84fa94-04c1-424b-9868-57a2d4851a1d" relativeResultsDirectory="477422d2-5ca6-4a23-87a3-5f6c56984343" />
    <UnitTestResult executionId="8ba65698-83dc-4eb0-9f1a-f1f0693a534d" testId="85221abc-5b6f-d1ce-2e6b-cf874117f35e" testName="TestUpdateBuildings_NullBuildings_Failure" computerName="DKSR-EFI-04" duration="00:00:00.0023493" startTime="2023-12-22T09:34:21.3814902+01:00" endTime="2023-12-22T09:34:21.3814902+01:00" testType="13cdc9d9-ddb5-4fa4-a97d-d965ccfc6d4b" outcome="Passed" testListId="8c84fa94-04c1-424b-9868-57a2d4851a1d" relativeResultsDirectory="8ba65698-83dc-4eb0-9f1a-f1f0693a534d" />
    <UnitTestResult executionId="ee1879c4-6e6b-4e7a-9e36-ae5b70d86ccd" testId="c8200f57-df1a-2908-f70f-de69738ec680" testName="BuildClusters_ReturnsClusterWithAllCellItems" computerName="DKSR-EFI-04" duration="00:00:00.0025526" startTime="2023-12-22T09:34:45.4441117+01:00" endTime="2023-12-22T09:34:45.4441117+01:00" testType="13cdc9d9-ddb5-4fa4-a97d-d965ccfc6d4b" outcome="Passed" testListId="8c84fa94-04c1-424b-9868-57a2d4851a1d" relativeResultsDirectory="ee1879c4-6e6b-4e7a-9e36-ae5b70d86ccd" />
    <UnitTestResult executionId="c95cede5-c10a-4c0f-b224-d2dc689ae403" testId="83921641-4a25-dc4d-d456-f6312452f936" testName="TestUpdateBuildings_Success" computerName="DKSR-EFI-04" duration="00:00:00.0445935" startTime="2023-12-22T09:34:21.2096159+01:00" endTime="2023-12-22T09:34:21.2564888+01:00" testType="13cdc9d9-ddb5-4fa4-a97d-d965ccfc6d4b" outcome="Passed" testListId="8c84fa94-04c1-424b-9868-57a2d4851a1d" relativeResultsDirectory="c95cede5-c10a-4c0f-b224-d2dc689ae403" />
    <UnitTestResult executionId="11eb8f20-e4d6-4b64-a78e-dab39cafa934" testId="1b8c2d97-2fe1-5cdf-2fc9-4f78207edb1d" testName="TestConstructor_ParsingWcfObject_NullMapItems_Success" computerName="DKSR-EFI-04" duration="00:00:00.0004882" startTime="2023-12-22T09:34:46.1941166+01:00" endTime="2023-12-22T09:34:46.1941166+01:00" testType="13cdc9d9-ddb5-4fa4-a97d-d965ccfc6d4b" outcome="Passed" testListId="8c84fa94-04c1-424b-9868-57a2d4851a1d" relativeResultsDirectory="11eb8f20-e4d6-4b64-a78e-dab39cafa934" />
    <UnitTestResult executionId="7198c591-aa98-4cf2-a76f-9bfcfb6ad63b" testId="d1c3c18f-4297-c4a6-f06b-9b0ca293dec5" testName="TestConstructor_Success" computerName="DKSR-EFI-04" duration="00:00:00.0013048" startTime="2023-12-22T09:34:22.6627491+01:00" endTime="2023-12-22T09:34:22.6627491+01:00" testType="13cdc9d9-ddb5-4fa4-a97d-d965ccfc6d4b" outcome="Passed" testListId="8c84fa94-04c1-424b-9868-57a2d4851a1d" relativeResultsDirectory="7198c591-aa98-4cf2-a76f-9bfcfb6ad63b" />
    <UnitTestResult executionId="41545de4-faa7-4428-b9f4-6201df8d18d5" testId="36f7ffc5-4303-4f16-8cf5-72d7038c3fc9" testName="TestConstructor_ParsingWcfObjectWithNull_Success" computerName="DKSR-EFI-04" duration="00:00:00.0013822" startTime="2023-12-22T09:34:23.5533771+01:00" endTime="2023-12-22T09:34:23.5533771+01:00" testType="13cdc9d9-ddb5-4fa4-a97d-d965ccfc6d4b" outcome="Passed" testListId="8c84fa94-04c1-424b-9868-57a2d4851a1d" relativeResultsDirectory="41545de4-faa7-4428-b9f4-6201df8d18d5" />
    <UnitTestResult executionId="3b45edfa-7c9c-44f4-9776-a8ff3c112344" testId="f6fae18a-ad2e-2677-9848-47d8b4e8722b" testName="TestUpdateLevel_NullMapItems_Success" computerName="DKSR-EFI-04" duration="00:00:00.0243557" startTime="2023-12-22T09:34:21.6783668+01:00" endTime="2023-12-22T09:34:21.7096178+01:00" testType="13cdc9d9-ddb5-4fa4-a97d-d965ccfc6d4b" outcome="Passed" testListId="8c84fa94-04c1-424b-9868-57a2d4851a1d" relativeResultsDirectory="3b45edfa-7c9c-44f4-9776-a8ff3c112344" />
    <UnitTestResult executionId="5fdb6e71-c5d5-4e78-bc90-18e6c586325f" testId="3b3c6885-ccd5-d3e5-6ba9-bee7593c46a6" testName="GetClusters_ReturnsCorrectClusteredItemsByScale" computerName="DKSR-EFI-04" duration="00:00:00.0334054" startTime="2023-12-22T09:34:19.0533530+01:00" endTime="2023-12-22T09:34:19.0846039+01:00" testType="13cdc9d9-ddb5-4fa4-a97d-d965ccfc6d4b" outcome="Passed" testListId="8c84fa94-04c1-424b-9868-57a2d4851a1d" relativeResultsDirectory="5fdb6e71-c5d5-4e78-bc90-18e6c586325f" />
    <UnitTestResult executionId="27230f8c-9aae-483c-9b2b-6f979038e57e" testId="bfd4fe82-f2d9-d173-cede-18fa0c3510b9" testName="TestProperties_GetProperties_Success" computerName="DKSR-EFI-04" duration="00:00:00.0009513" startTime="2023-12-22T09:34:23.8190040+01:00" endTime="2023-12-22T09:34:23.8190040+01:00" testType="13cdc9d9-ddb5-4fa4-a97d-d965ccfc6d4b" outcome="Passed" testListId="8c84fa94-04c1-424b-9868-57a2d4851a1d" relativeResultsDirectory="27230f8c-9aae-483c-9b2b-6f979038e57e" />
    <UnitTestResult executionId="87146fe2-4593-493f-8778-a7cccdbfab58" testId="37910af0-e6f1-a5fe-7138-781f3aa9bdd2" testName="FilterAsync_ReturnsNoMoreThan2" computerName="DKSR-EFI-04" duration="00:00:00.0254526" startTime="2023-12-22T09:34:19.6939830+01:00" endTime="2023-12-22T09:34:19.7252339+01:00" testType="13cdc9d9-ddb5-4fa4-a97d-d965ccfc6d4b" outcome="Passed" testListId="8c84fa94-04c1-424b-9868-57a2d4851a1d" relativeResultsDirectory="87146fe2-4593-493f-8778-a7cccdbfab58" />
    <UnitTestResult executionId="27ea0e49-c550-454f-bb18-b27ce889d96f" testId="7dda6913-3207-49f5-fa97-10337b5a08c7" testName="TestConstructor_Success" computerName="DKSR-EFI-04" duration="00:00:00.0009486" startTime="2023-12-22T09:34:23.7877518+01:00" endTime="2023-12-22T09:34:23.7877518+01:00" testType="13cdc9d9-ddb5-4fa4-a97d-d965ccfc6d4b" outcome="Passed" testListId="8c84fa94-04c1-424b-9868-57a2d4851a1d" relativeResultsDirectory="27ea0e49-c550-454f-bb18-b27ce889d96f" />
    <UnitTestResult executionId="9266af1d-3213-4665-9403-3e39761f39e1" testId="ca1ba1e8-3744-cbcf-07b6-cf659aea1b5b" testName="Init_CreatesIndexersDependingOnType" computerName="DKSR-EFI-04" duration="00:00:00.0362699" startTime="2023-12-22T09:34:18.8658555+01:00" endTime="2023-12-22T09:34:18.9127290+01:00" testType="13cdc9d9-ddb5-4fa4-a97d-d965ccfc6d4b" outcome="Passed" testListId="8c84fa94-04c1-424b-9868-57a2d4851a1d" relativeResultsDirectory="9266af1d-3213-4665-9403-3e39761f39e1" />
    <UnitTestResult executionId="5f9225ff-fdcd-49ff-b0f7-351c24d4661e" testId="bb6da51d-3cfc-e61e-30bd-82c9fa83aa16" testName="Test_DeleteLevel_ExtraRowsException_Failure" computerName="DKSR-EFI-04" duration="00:00:00.0168421" startTime="2023-12-22T09:34:22.0221198+01:00" endTime="2023-12-22T09:34:22.0377429+01:00" testType="13cdc9d9-ddb5-4fa4-a97d-d965ccfc6d4b" outcome="Passed" testListId="8c84fa94-04c1-424b-9868-57a2d4851a1d" relativeResultsDirectory="5f9225ff-fdcd-49ff-b0f7-351c24d4661e" />
    <UnitTestResult executionId="5c21d9ac-fa7e-4d54-8dbd-321ee74b0784" testId="5f07c322-8294-68d5-231b-4a60daaa4c46" testName="TestUpdateProperties_UpdateAllProperties_Success" computerName="DKSR-EFI-04" duration="00:00:00.0024224" startTime="2023-12-22T09:34:24.1002549+01:00" endTime="2023-12-22T09:34:24.1002549+01:00" testType="13cdc9d9-ddb5-4fa4-a97d-d965ccfc6d4b" outcome="Passed" testListId="8c84fa94-04c1-424b-9868-57a2d4851a1d" relativeResultsDirectory="5c21d9ac-fa7e-4d54-8dbd-321ee74b0784" />
    <UnitTestResult executionId="df7b4295-3c7a-4ad5-b7b6-bffa17d942fa" testId="b22fc2ff-d2e9-6229-af68-1fa8a128f0b2" testName="GetClusters_CheckClusterIdPersistentInSameIndexer" computerName="DKSR-EFI-04" duration="00:00:00.0065900" startTime="2023-12-22T09:34:24.6940080+01:00" endTime="2023-12-22T09:34:24.6940080+01:00" testType="13cdc9d9-ddb5-4fa4-a97d-d965ccfc6d4b" outcome="Passed" testListId="8c84fa94-04c1-424b-9868-57a2d4851a1d" relativeResultsDirectory="df7b4295-3c7a-4ad5-b7b6-bffa17d942fa" />
    <UnitTestResult executionId="7cf5b378-f443-472d-8e69-51d70e1acd27" testId="40fa7841-646c-f8cd-24bf-6fc7f4dedfa9" testName="GetClusters_ShouldWorkOnDeepLevel" computerName="DKSR-EFI-04" duration="00:00:20.3008523" startTime="2023-12-22T09:34:24.7565094+01:00" endTime="2023-12-22T09:34:45.0534878+01:00" testType="13cdc9d9-ddb5-4fa4-a97d-d965ccfc6d4b" outcome="Passed" testListId="8c84fa94-04c1-424b-9868-57a2d4851a1d" relativeResultsDirectory="7cf5b378-f443-472d-8e69-51d70e1acd27" />
    <UnitTestResult executionId="5a645dbc-cf1f-480f-9f47-fc1802823974" testId="2cb56ad0-636d-3aa7-1245-d703cd1dcc16" testName="TestAddLevel_NullLevel_Failure" computerName="DKSR-EFI-04" duration="00:00:00.0018596" startTime="2023-12-22T09:34:21.5064923+01:00" endTime="2023-12-22T09:34:21.5064923+01:00" testType="13cdc9d9-ddb5-4fa4-a97d-d965ccfc6d4b" outcome="Passed" testListId="8c84fa94-04c1-424b-9868-57a2d4851a1d" relativeResultsDirectory="5a645dbc-cf1f-480f-9f47-fc1802823974" />
    <UnitTestResult executionId="fa65a0be-0f37-4799-87eb-354bb454b02d" testId="b1429e09-1d3a-6942-4336-fea0cfeb2f67" testName="TestAddDuplicateCapability_Success" computerName="DKSR-EFI-04" duration="00:00:00.0014724" startTime="2023-12-22T09:34:19.7877334+01:00" endTime="2023-12-22T09:34:19.7877334+01:00" testType="13cdc9d9-ddb5-4fa4-a97d-d965ccfc6d4b" outcome="Passed" testListId="8c84fa94-04c1-424b-9868-57a2d4851a1d" relativeResultsDirectory="fa65a0be-0f37-4799-87eb-354bb454b02d" />
    <UnitTestResult executionId="919a9888-dfc4-4c7b-b1bf-5adba8d4eaa7" testId="fed09793-9c3a-9343-02da-e21f2e2fd308" testName="TestConstructor_ParsingWcfObject_Success" computerName="DKSR-EFI-04" duration="00:00:00.0012337" startTime="2023-12-22T09:34:24.1783803+01:00" endTime="2023-12-22T09:34:24.1783803+01:00" testType="13cdc9d9-ddb5-4fa4-a97d-d965ccfc6d4b" outcome="Passed" testListId="8c84fa94-04c1-424b-9868-57a2d4851a1d" relativeResultsDirectory="919a9888-dfc4-4c7b-b1bf-5adba8d4eaa7" />
    <UnitTestResult executionId="a6bda704-38be-4b5d-b057-ac7dbf6d2ff9" testId="e738bdf7-ba0e-92ad-cdc0-e47401330a0b" testName="TestDeleteBuilding_ZeroRows_Success" computerName="DKSR-EFI-04" duration="00:00:00.0051373" startTime="2023-12-22T09:34:20.9596163+01:00" endTime="2023-12-22T09:34:20.9596163+01:00" testType="13cdc9d9-ddb5-4fa4-a97d-d965ccfc6d4b" outcome="Passed" testListId="8c84fa94-04c1-424b-9868-57a2d4851a1d" relativeResultsDirectory="a6bda704-38be-4b5d-b057-ac7dbf6d2ff9" />
    <UnitTestResult executionId="bfe5717d-f473-4226-a52e-e6616088da00" testId="44129e22-5902-4a49-0032-210cb66ea536" testName="InitializeIndex_5Items_2Clusters" computerName="DKSR-EFI-04" duration="00:00:00.0795971" startTime="2023-12-22T09:34:24.4752573+01:00" endTime="2023-12-22T09:34:24.5533823+01:00" testType="13cdc9d9-ddb5-4fa4-a97d-d965ccfc6d4b" outcome="Passed" testListId="8c84fa94-04c1-424b-9868-57a2d4851a1d" relativeResultsDirectory="bfe5717d-f473-4226-a52e-e6616088da00" />
    <UnitTestResult executionId="4f5acaa1-c34d-447a-95c6-6611e04584c0" testId="142a0250-319a-0925-fe13-f1d0b039bde1" testName="TestConstructor_ParsingWcfObject_Success" computerName="DKSR-EFI-04" duration="00:00:00.0019056" startTime="2023-12-22T09:34:23.7252542+01:00" endTime="2023-12-22T09:34:23.7252542+01:00" testType="13cdc9d9-ddb5-4fa4-a97d-d965ccfc6d4b" outcome="Passed" testListId="8c84fa94-04c1-424b-9868-57a2d4851a1d" relativeResultsDirectory="4f5acaa1-c34d-447a-95c6-6611e04584c0" />
    <UnitTestResult executionId="2a89a900-e4e3-46a2-84f3-b60a2898ea6b" testId="61cb0c64-d1e1-e43f-2b31-f68c6eb75f82" testName="TestReorderLevels_NonUniqueBuildingId_Failure" computerName="DKSR-EFI-04" duration="00:00:00.0059160" startTime="2023-12-22T09:34:21.9596185+01:00" endTime="2023-12-22T09:34:21.9752448+01:00" testType="13cdc9d9-ddb5-4fa4-a97d-d965ccfc6d4b" outcome="Passed" testListId="8c84fa94-04c1-424b-9868-57a2d4851a1d" relativeResultsDirectory="2a89a900-e4e3-46a2-84f3-b60a2898ea6b" />
    <UnitTestResult executionId="d05bd09f-8231-4d95-b829-74782be8ca9b" testId="da0185d2-8ac7-fc8e-ec2a-ef10f8179250" testName="TestPropertyNames_GettingPropertyNames_Success" computerName="DKSR-EFI-04" duration="00:00:00.0018754" startTime="2023-12-22T09:34:22.9283742+01:00" endTime="2023-12-22T09:34:22.9283742+01:00" testType="13cdc9d9-ddb5-4fa4-a97d-d965ccfc6d4b" outcome="Passed" testListId="8c84fa94-04c1-424b-9868-57a2d4851a1d" relativeResultsDirectory="d05bd09f-8231-4d95-b829-74782be8ca9b" />
    <UnitTestResult executionId="cb2300d0-ff8f-4d91-8019-3e5c92f028ae" testId="552e8d70-6b85-25e5-9317-984c02304f46" testName="TestWcfObject_GetWcfObject_Success" computerName="DKSR-EFI-04" duration="00:00:00.0022058" startTime="2023-12-22T09:34:24.1940055+01:00" endTime="2023-12-22T09:34:24.1940055+01:00" testType="13cdc9d9-ddb5-4fa4-a97d-d965ccfc6d4b" outcome="Passed" testListId="8c84fa94-04c1-424b-9868-57a2d4851a1d" relativeResultsDirectory="cb2300d0-ff8f-4d91-8019-3e5c92f028ae" />
    <UnitTestResult executionId="26a2de5e-a67a-4739-ac68-bf6224228b84" testId="fe7c42f0-2c83-dcc1-1919-949a7427bbb5" testName="TestConstructor_ParsingWcfObject_Success" computerName="DKSR-EFI-04" duration="00:00:00.0068311" startTime="2023-12-22T09:34:22.7252487+01:00" endTime="2023-12-22T09:34:22.7408731+01:00" testType="13cdc9d9-ddb5-4fa4-a97d-d965ccfc6d4b" outcome="Passed" testListId="8c84fa94-04c1-424b-9868-57a2d4851a1d" relativeResultsDirectory="26a2de5e-a67a-4739-ac68-bf6224228b84" />
    <UnitTestResult executionId="d921c0d9-03b0-4cf4-94c0-4916f6dc3d43" testId="de68b978-331f-70de-d76a-a01f3e3bf43a" testName="TestConstructor_Success" computerName="DKSR-EFI-04" duration="00:00:00.0011417" startTime="2023-12-22T09:34:23.8190040+01:00" endTime="2023-12-22T09:34:23.8346296+01:00" testType="13cdc9d9-ddb5-4fa4-a97d-d965ccfc6d4b" outcome="Passed" testListId="8c84fa94-04c1-424b-9868-57a2d4851a1d" relativeResultsDirectory="d921c0d9-03b0-4cf4-94c0-4916f6dc3d43" />
    <UnitTestResult executionId="d09133f1-b9a1-4041-995c-67a4ea24f28e" testId="78bf092d-e293-c941-de66-d713e54352cb" testName="TestAuditLog_AuditLogLayerRemoved_Success" computerName="DKSR-EFI-04" duration="00:00:00.0042626" startTime="2023-12-22T09:34:24.1315031+01:00" endTime="2023-12-22T09:34:24.1315031+01:00" testType="13cdc9d9-ddb5-4fa4-a97d-d965ccfc6d4b" outcome="Passed" testListId="8c84fa94-04c1-424b-9868-57a2d4851a1d" relativeResultsDirectory="d09133f1-b9a1-4041-995c-67a4ea24f28e" />
    <UnitTestResult executionId="8cfff06e-fbf5-453a-8620-4fb2c3d955f4" testId="02bcd648-f213-e33f-0087-08a2823f154a" testName="Test_QueryLayersByLevelId_MultipleRows_succes" computerName="DKSR-EFI-04" duration="00:00:00.0268878" startTime="2023-12-22T09:34:22.2564956+01:00" endTime="2023-12-22T09:34:22.2877446+01:00" testType="13cdc9d9-ddb5-4fa4-a97d-d965ccfc6d4b" outcome="Passed" testListId="8c84fa94-04c1-424b-9868-57a2d4851a1d" relativeResultsDirectory="8cfff06e-fbf5-453a-8620-4fb2c3d955f4" />
    <UnitTestResult executionId="32d5f62a-465d-4c43-baac-0a1a6f292c09" testId="f434da66-320a-7547-60e6-80235a87abc4" testName="TestWcfObject_GetWcfObject_Success" computerName="DKSR-EFI-04" duration="00:00:00.0013639" startTime="2023-12-22T09:34:24.3033802+01:00" endTime="2023-12-22T09:34:24.3033802+01:00" testType="13cdc9d9-ddb5-4fa4-a97d-d965ccfc6d4b" outcome="Passed" testListId="8c84fa94-04c1-424b-9868-57a2d4851a1d" relativeResultsDirectory="32d5f62a-465d-4c43-baac-0a1a6f292c09" />
    <UnitTestResult executionId="5257b1e3-cad5-4582-9ec8-ae17a35eb703" testId="738596c1-e9a3-ae41-b6a9-45326ce37937" testName="TestDeleteBuildings_OneRow_Success" computerName="DKSR-EFI-04" duration="00:00:00.0137794" startTime="2023-12-22T09:34:21.0377374+01:00" endTime="2023-12-22T09:34:21.0377374+01:00" testType="13cdc9d9-ddb5-4fa4-a97d-d965ccfc6d4b" outcome="Passed" testListId="8c84fa94-04c1-424b-9868-57a2d4851a1d" relativeResultsDirectory="5257b1e3-cad5-4582-9ec8-ae17a35eb703" />
    <UnitTestResult executionId="258451a1-f58c-480d-a530-f57fa9078841" testId="1e8c8fa6-6e5a-aad4-7c27-b287906ae7eb" testName="TestUpdateLevel_NullLevel_Failure" computerName="DKSR-EFI-04" duration="00:00:00.0021989" startTime="2023-12-22T09:34:21.7408682+01:00" endTime="2023-12-22T09:34:21.7564919+01:00" testType="13cdc9d9-ddb5-4fa4-a97d-d965ccfc6d4b" outcome="Passed" testListId="8c84fa94-04c1-424b-9868-57a2d4851a1d" relativeResultsDirectory="258451a1-f58c-480d-a530-f57fa9078841" />
    <UnitTestResult executionId="f114796b-3222-40c2-b5c6-0d581a9aa88d" testId="44a11249-7c43-d64e-7844-c3ead76dcdd0" testName="TestWcfObject_GetWcfObjectWithoutExtent_Success" computerName="DKSR-EFI-04" duration="00:00:00.0012757" startTime="2023-12-22T09:34:24.4440069+01:00" endTime="2023-12-22T09:34:24.4440069+01:00" testType="13cdc9d9-ddb5-4fa4-a97d-d965ccfc6d4b" outcome="Passed" testListId="8c84fa94-04c1-424b-9868-57a2d4851a1d" relativeResultsDirectory="f114796b-3222-40c2-b5c6-0d581a9aa88d" />
    <UnitTestResult executionId="1b05844d-7d80-4a9f-bfd9-0c39e53a983d" testId="ccf44089-d837-ef21-154b-8bc424400182" testName="TestWcfObject_GetWcfObject_Success" computerName="DKSR-EFI-04" duration="00:00:00.0010573" startTime="2023-12-22T09:34:24.3658813+01:00" endTime="2023-12-22T09:34:24.3658813+01:00" testType="13cdc9d9-ddb5-4fa4-a97d-d965ccfc6d4b" outcome="Passed" testListId="8c84fa94-04c1-424b-9868-57a2d4851a1d" relativeResultsDirectory="1b05844d-7d80-4a9f-bfd9-0c39e53a983d" />
    <UnitTestResult executionId="345e1f50-2218-4d45-82f9-f5d4c7cc63a3" testId="d41c6327-ea90-b94f-1f78-624102c742e4" testName="ConstructorFromItem_WhenPositionEmpty_IsMapEnabledFalse" computerName="DKSR-EFI-04" duration="00:00:00.0002642" startTime="2023-12-22T09:34:24.4752573+01:00" endTime="2023-12-22T09:34:24.4752573+01:00" testType="13cdc9d9-ddb5-4fa4-a97d-d965ccfc6d4b" outcome="Passed" testListId="8c84fa94-04c1-424b-9868-57a2d4851a1d" relativeResultsDirectory="345e1f50-2218-4d45-82f9-f5d4c7cc63a3" />
    <UnitTestResult executionId="866a0b0c-c9b0-47cf-a415-93cd104629e4" testId="8c2fc1c3-ffae-cb92-62ae-f080b730c76a" testName="TestWcfObject_GetWcfObjectWithNullViewport_Success" computerName="DKSR-EFI-04" duration="00:00:00.0006838" startTime="2023-12-22T09:34:22.6939983+01:00" endTime="2023-12-22T09:34:22.6939983+01:00" testType="13cdc9d9-ddb5-4fa4-a97d-d965ccfc6d4b" outcome="Passed" testListId="8c84fa94-04c1-424b-9868-57a2d4851a1d" relativeResultsDirectory="866a0b0c-c9b0-47cf-a415-93cd104629e4" />
    <UnitTestResult executionId="a3908541-6d8d-43ab-98f1-c38d9e43918d" testId="c2f6972a-54a9-8143-fe77-19a1d70be49e" testName="TestWcfObject_GetWcfObjectWithoutOriginalExtent_Success" computerName="DKSR-EFI-04" duration="00:00:00.0008196" startTime="2023-12-22T09:34:23.9596287+01:00" endTime="2023-12-22T09:34:23.9596287+01:00" testType="13cdc9d9-ddb5-4fa4-a97d-d965ccfc6d4b" outcome="Passed" testListId="8c84fa94-04c1-424b-9868-57a2d4851a1d" relativeResultsDirectory="a3908541-6d8d-43ab-98f1-c38d9e43918d" />
    <UnitTestResult executionId="c0e399bf-c2e7-42bd-b22a-79295fe28029" testId="a217a913-b791-95a5-866a-798f3e2995c9" testName="TestQueryBuildingsByMapId_MultipleRows_Success" computerName="DKSR-EFI-04" duration="00:00:00.0180342" startTime="2023-12-22T09:34:20.6002373+01:00" endTime="2023-12-22T09:34:20.6158648+01:00" testType="13cdc9d9-ddb5-4fa4-a97d-d965ccfc6d4b" outcome="Passed" testListId="8c84fa94-04c1-424b-9868-57a2d4851a1d" relativeResultsDirectory="c0e399bf-c2e7-42bd-b22a-79295fe28029" />
    <UnitTestResult executionId="4db8ff10-125f-47eb-b9cb-b93dd2219043" testId="bdbe67fc-c4b5-ffd2-9d15-29eaea468cd3" testName="TestAddBuilding_DatabaseException_UniqueKeyViolation_Failure" computerName="DKSR-EFI-04" duration="00:00:00.0092516" startTime="2023-12-22T09:34:20.7408621+01:00" endTime="2023-12-22T09:34:20.7564879+01:00" testType="13cdc9d9-ddb5-4fa4-a97d-d965ccfc6d4b" outcome="Passed" testListId="8c84fa94-04c1-424b-9868-57a2d4851a1d" relativeResultsDirectory="4db8ff10-125f-47eb-b9cb-b93dd2219043" />
    <UnitTestResult executionId="1bcd4c6b-64af-4633-a8a1-0c7181a962cc" testId="be8a5657-5dbf-cc26-1424-1f563209b9bd" testName="TestConstructor_ParsingWcfObjectWithoutExtent_Success" computerName="DKSR-EFI-04" duration="00:00:00.0003992" startTime="2023-12-22T09:34:24.0377535+01:00" endTime="2023-12-22T09:34:24.0377535+01:00" testType="13cdc9d9-ddb5-4fa4-a97d-d965ccfc6d4b" outcome="Passed" testListId="8c84fa94-04c1-424b-9868-57a2d4851a1d" relativeResultsDirectory="1bcd4c6b-64af-4633-a8a1-0c7181a962cc" />
    <UnitTestResult executionId="45d2b634-3dbb-4a5c-b7f4-4236db09aee2" testId="249ec01b-acb8-4b7c-e110-39ed4e0dc85b" testName="TestAuditLog_AuditLogItemChanged_AddingNewLinkFromEmptyLocationId_Success" computerName="DKSR-EFI-04" duration="00:00:00.0124635" startTime="2023-12-22T09:34:23.4127517+01:00" endTime="2023-12-22T09:34:23.4283760+01:00" testType="13cdc9d9-ddb5-4fa4-a97d-d965ccfc6d4b" outcome="Passed" testListId="8c84fa94-04c1-424b-9868-57a2d4851a1d" relativeResultsDirectory="45d2b634-3dbb-4a5c-b7f4-4236db09aee2" />
    <UnitTestResult executionId="05d10470-e5af-44fb-95f8-703fa696e3a5" testId="e861b9e3-e4b2-69ea-5675-3905004d5ab3" testName="TestAuditLog_AuditLogLevelAdded_WithMapItems_Success" computerName="DKSR-EFI-04" duration="00:00:00.0138002" startTime="2023-12-22T09:34:46.2409897+01:00" endTime="2023-12-22T09:34:46.2566150+01:00" testType="13cdc9d9-ddb5-4fa4-a97d-d965ccfc6d4b" outcome="Passed" testListId="8c84fa94-04c1-424b-9868-57a2d4851a1d" relativeResultsDirectory="05d10470-e5af-44fb-95f8-703fa696e3a5" />
    <UnitTestResult executionId="2aeb41fa-f12d-4348-bb3a-2a89b3e3a47e" testId="20cf9a06-255a-d92d-afcd-8dfc739bd6b9" testName="InsertExcludedItems_Rises_OnItemsInserted" computerName="DKSR-EFI-04" duration="00:00:00.0034052" startTime="2023-12-22T09:34:24.6783830+01:00" endTime="2023-12-22T09:34:24.6783830+01:00" testType="13cdc9d9-ddb5-4fa4-a97d-d965ccfc6d4b" outcome="Passed" testListId="8c84fa94-04c1-424b-9868-57a2d4851a1d" relativeResultsDirectory="2aeb41fa-f12d-4348-bb3a-2a89b3e3a47e" />
    <UnitTestResult executionId="4b65d4ac-4e07-4983-9718-d75f10022453" testId="ff962744-44ce-857d-8cb7-730338e97029" testName="BrowseLayer_GetProperties_Success" computerName="DKSR-EFI-04" duration="00:00:00.0066296" startTime="2023-12-22T09:34:24.2721326+01:00" endTime="2023-12-22T09:34:24.2877556+01:00" testType="13cdc9d9-ddb5-4fa4-a97d-d965ccfc6d4b" outcome="Passed" testListId="8c84fa94-04c1-424b-9868-57a2d4851a1d" relativeResultsDirectory="4b65d4ac-4e07-4983-9718-d75f10022453" />
    <UnitTestResult executionId="4320b3c2-7c0e-4b4e-94f2-dd5488347d31" testId="b2931be2-9ec6-7ce5-6548-609b3ce1a9c8" testName="TestPropertyNames_GettingPropertyNames_Success" computerName="DKSR-EFI-04" duration="00:00:00.0007414" startTime="2023-12-22T09:34:23.7877518+01:00" endTime="2023-12-22T09:34:23.7877518+01:00" testType="13cdc9d9-ddb5-4fa4-a97d-d965ccfc6d4b" outcome="Passed" testListId="8c84fa94-04c1-424b-9868-57a2d4851a1d" relativeResultsDirectory="4320b3c2-7c0e-4b4e-94f2-dd5488347d31" />
    <UnitTestResult executionId="4b36c828-ac76-4536-8240-ac915bb4e8b6" testId="facab277-3a24-70a6-9997-48fee33f5612" testName="TestConstructor_ParsingWcfObjectWithNull_Success" computerName="DKSR-EFI-04" duration="00:00:00.0013084" startTime="2023-12-22T09:34:24.2877556+01:00" endTime="2023-12-22T09:34:24.2877556+01:00" testType="13cdc9d9-ddb5-4fa4-a97d-d965ccfc6d4b" outcome="Passed" testListId="8c84fa94-04c1-424b-9868-57a2d4851a1d" relativeResultsDirectory="4b36c828-ac76-4536-8240-ac915bb4e8b6" />
    <UnitTestResult executionId="58f22c66-6c83-4402-b380-798bc9643138" testId="650d24b9-a276-9623-9991-78f255056e80" testName="BrowseLayer_Generic_CreateNew_Success" computerName="DKSR-EFI-04" duration="00:00:00.0106833" startTime="2023-12-22T09:34:24.2565053+01:00" endTime="2023-12-22T09:34:24.2721326+01:00" testType="13cdc9d9-ddb5-4fa4-a97d-d965ccfc6d4b" outcome="Passed" testListId="8c84fa94-04c1-424b-9868-57a2d4851a1d" relativeResultsDirectory="58f22c66-6c83-4402-b380-798bc9643138" />
    <UnitTestResult executionId="78437b47-1706-4844-91d8-a37f7a15e72e" testId="8e608111-2482-a69f-8834-32bc755d3893" testName="TestWcfObject_GetWcfObjectWithoutExtent_Success" computerName="DKSR-EFI-04" duration="00:00:00.0004672" startTime="2023-12-22T09:34:23.9127534+01:00" endTime="2023-12-22T09:34:23.9127534+01:00" testType="13cdc9d9-ddb5-4fa4-a97d-d965ccfc6d4b" outcome="Passed" testListId="8c84fa94-04c1-424b-9868-57a2d4851a1d" relativeResultsDirectory="78437b47-1706-4844-91d8-a37f7a15e72e" />
    <UnitTestResult executionId="3c36f48d-f63f-42bb-a62b-0c277ff6e559" testId="2933d78f-9b5e-7f9d-5d86-010c98506a2d" testName="TestConstructor_Success" computerName="DKSR-EFI-04" duration="00:00:00.0009355" startTime="2023-12-22T09:34:23.8658794+01:00" endTime="2023-12-22T09:34:23.8658794+01:00" testType="13cdc9d9-ddb5-4fa4-a97d-d965ccfc6d4b" outcome="Passed" testListId="8c84fa94-04c1-424b-9868-57a2d4851a1d" relativeResultsDirectory="3c36f48d-f63f-42bb-a62b-0c277ff6e559" />
    <UnitTestResult executionId="e945a6ed-fa08-4c39-b8fc-dcd11dcf511c" testId="ba8f7378-090a-2641-181b-d47d856f1c40" testName="RemoveBuilding_Silent_WhenBuildingNotExists" computerName="DKSR-EFI-04" duration="00:00:00.0051140" startTime="2023-12-22T09:34:45.7722413+01:00" endTime="2023-12-22T09:34:45.7878657+01:00" testType="13cdc9d9-ddb5-4fa4-a97d-d965ccfc6d4b" outcome="Passed" testListId="8c84fa94-04c1-424b-9868-57a2d4851a1d" relativeResultsDirectory="e945a6ed-fa08-4c39-b8fc-dcd11dcf511c" />
    <UnitTestResult executionId="85377d7a-ce0c-49ba-b7dc-5d4dc13853e5" testId="ff65dad1-742e-582b-a3c8-bd26130b4be6" testName="AddItems_1Item_1Cluster" computerName="DKSR-EFI-04" duration="00:00:00.0026246" startTime="2023-12-22T09:34:24.6627586+01:00" endTime="2023-12-22T09:34:24.6627586+01:00" testType="13cdc9d9-ddb5-4fa4-a97d-d965ccfc6d4b" outcome="Passed" testListId="8c84fa94-04c1-424b-9868-57a2d4851a1d" relativeResultsDirectory="85377d7a-ce0c-49ba-b7dc-5d4dc13853e5" />
    <UnitTestResult executionId="3e495a6b-8978-47c1-9618-06be35b2a8f1" testId="2f23cad2-3f5b-57a6-787b-0ce6ac6f9de4" testName="TestUpdateBuildings_Exception_Failure" computerName="DKSR-EFI-04" duration="00:00:00.0052114" startTime="2023-12-22T09:34:21.3658647+01:00" endTime="2023-12-22T09:34:21.3658647+01:00" testType="13cdc9d9-ddb5-4fa4-a97d-d965ccfc6d4b" outcome="Passed" testListId="8c84fa94-04c1-424b-9868-57a2d4851a1d" relativeResultsDirectory="3e495a6b-8978-47c1-9618-06be35b2a8f1" />
    <UnitTestResult executionId="c7db6696-1e87-487b-b63c-2fb33cfdef11" testId="dd73bd6b-a286-7dfa-e085-1f1796e3abf4" testName="Constructor_BuildingSet" computerName="DKSR-EFI-04" duration="00:00:00.0003652" startTime="2023-12-22T09:34:45.9441133+01:00" endTime="2023-12-22T09:34:45.9441133+01:00" testType="13cdc9d9-ddb5-4fa4-a97d-d965ccfc6d4b" outcome="Passed" testListId="8c84fa94-04c1-424b-9868-57a2d4851a1d" relativeResultsDirectory="c7db6696-1e87-487b-b63c-2fb33cfdef11" />
    <UnitTestResult executionId="ae4e72b9-2329-4b16-ad9e-5f3ed84c1299" testId="342b73f6-2859-1a11-5c38-736f3244c606" testName="AddItems_Init2Items_Add1_Excluded" computerName="DKSR-EFI-04" duration="00:00:00.0027960" startTime="2023-12-22T09:34:24.6627586+01:00" endTime="2023-12-22T09:34:24.6627586+01:00" testType="13cdc9d9-ddb5-4fa4-a97d-d965ccfc6d4b" outcome="Passed" testListId="8c84fa94-04c1-424b-9868-57a2d4851a1d" relativeResultsDirectory="ae4e72b9-2329-4b16-ad9e-5f3ed84c1299" />
    <UnitTestResult executionId="0c1801de-7a52-40dd-971b-43bf7b548a39" testId="f9d1dc0b-347a-174a-749b-b738a8744e4b" testName="FilterAsync_ReturnsAuthorizedItems" computerName="DKSR-EFI-04" duration="00:00:00.0287642" startTime="2023-12-22T09:34:19.6471079+01:00" endTime="2023-12-22T09:34:19.6783556+01:00" testType="13cdc9d9-ddb5-4fa4-a97d-d965ccfc6d4b" outcome="Passed" testListId="8c84fa94-04c1-424b-9868-57a2d4851a1d" relativeResultsDirectory="0c1801de-7a52-40dd-971b-43bf7b548a39" />
    <UnitTestResult executionId="9f111e42-f6c2-48c2-899f-efa5294a51f8" testId="e07fad58-8c83-04cf-2df6-998e29b37428" testName="TestConstructor_Success" computerName="DKSR-EFI-04" duration="00:00:00.0007874" startTime="2023-12-22T09:34:22.8658751+01:00" endTime="2023-12-22T09:34:22.8658751+01:00" testType="13cdc9d9-ddb5-4fa4-a97d-d965ccfc6d4b" outcome="Passed" testListId="8c84fa94-04c1-424b-9868-57a2d4851a1d" relativeResultsDirectory="9f111e42-f6c2-48c2-899f-efa5294a51f8" />
    <UnitTestResult executionId="43e4a1c3-cecb-4df4-bf41-fc6867037a84" testId="96897db5-5055-bad1-acbd-4076d2446290" testName="TestUpdateBuilding_Success" computerName="DKSR-EFI-04" duration="00:00:00.0393106" startTime="2023-12-22T09:34:21.0689893+01:00" endTime="2023-12-22T09:34:21.1002372+01:00" testType="13cdc9d9-ddb5-4fa4-a97d-d965ccfc6d4b" outcome="Passed" testListId="8c84fa94-04c1-424b-9868-57a2d4851a1d" relativeResultsDirectory="43e4a1c3-cecb-4df4-bf41-fc6867037a84" />
    <UnitTestResult executionId="34eb9426-4856-41d0-ad13-6273f215e13e" testId="16372458-88c2-55a4-d00e-c4dab41c676a" testName="TestAuditLog_AuditLogLayerChanged_Success" computerName="DKSR-EFI-04" duration="00:00:00.0052221" startTime="2023-12-22T09:34:24.4127550+01:00" endTime="2023-12-22T09:34:24.4283811+01:00" testType="13cdc9d9-ddb5-4fa4-a97d-d965ccfc6d4b" outcome="Passed" testListId="8c84fa94-04c1-424b-9868-57a2d4851a1d" relativeResultsDirectory="34eb9426-4856-41d0-ad13-6273f215e13e" />
    <UnitTestResult executionId="cadfdd09-1f22-4746-bb3b-9242aa4f5bfc" testId="d0f479e0-3a7f-e544-6024-8f9323c792a3" testName="RemoveItem_KeepsId" computerName="DKSR-EFI-04" duration="00:00:00.0008690" startTime="2023-12-22T09:34:45.9753715+01:00" endTime="2023-12-22T09:34:45.9753715+01:00" testType="13cdc9d9-ddb5-4fa4-a97d-d965ccfc6d4b" outcome="Passed" testListId="8c84fa94-04c1-424b-9868-57a2d4851a1d" relativeResultsDirectory="cadfdd09-1f22-4746-bb3b-9242aa4f5bfc" />
    <UnitTestResult executionId="45421513-2e4a-4131-8d35-51ed60714c55" testId="59236ceb-c740-a9fb-456c-b7bc04607c61" testName="TestConstructor_ParsingWcfObject_Success" computerName="DKSR-EFI-04" duration="00:00:00.0028683" startTime="2023-12-22T09:34:23.8033788+01:00" endTime="2023-12-22T09:34:23.8033788+01:00" testType="13cdc9d9-ddb5-4fa4-a97d-d965ccfc6d4b" outcome="Passed" testListId="8c84fa94-04c1-424b-9868-57a2d4851a1d" relativeResultsDirectory="45421513-2e4a-4131-8d35-51ed60714c55" />
    <UnitTestResult executionId="271ef154-769d-4864-9241-d20bcfb6d2b3" testId="d11e39e1-04f9-204c-9f0f-b32d163913dc" testName="TestConstructor_Success" computerName="DKSR-EFI-04" duration="00:00:00.0007736" startTime="2023-12-22T09:34:23.8971266+01:00" endTime="2023-12-22T09:34:23.8971266+01:00" testType="13cdc9d9-ddb5-4fa4-a97d-d965ccfc6d4b" outcome="Passed" testListId="8c84fa94-04c1-424b-9868-57a2d4851a1d" relativeResultsDirectory="271ef154-769d-4864-9241-d20bcfb6d2b3" />
    <UnitTestResult executionId="6790c9f9-b447-4941-bb87-cd5198963147" testId="9b3f1de6-5ced-afd7-143c-4ccc2375e488" testName="TestPropertyNames_GettingPropertyNames_Success" computerName="DKSR-EFI-04" duration="00:00:00.0005413" startTime="2023-12-22T09:34:24.3033802+01:00" endTime="2023-12-22T09:34:24.3033802+01:00" testType="13cdc9d9-ddb5-4fa4-a97d-d965ccfc6d4b" outcome="Passed" testListId="8c84fa94-04c1-424b-9868-57a2d4851a1d" relativeResultsDirectory="6790c9f9-b447-4941-bb87-cd5198963147" />
    <UnitTestResult executionId="488c958b-7dd3-43ca-94ee-c35d75264857" testId="aca4d5ad-1c9b-c802-daeb-95a056e1dffe" testName="TestConstructor_Success" computerName="DKSR-EFI-04" duration="00:00:00.0024557" startTime="2023-12-22T09:34:19.7564837+01:00" endTime="2023-12-22T09:34:19.7564837+01:00" testType="13cdc9d9-ddb5-4fa4-a97d-d965ccfc6d4b" outcome="Passed" testListId="8c84fa94-04c1-424b-9868-57a2d4851a1d" relativeResultsDirectory="488c958b-7dd3-43ca-94ee-c35d75264857" />
    <UnitTestResult executionId="2d41e901-a607-464b-bcdd-53979102a0ef" testId="b9bae4db-82da-0419-5a25-0bc7c49962ce" testName="UpdateItem_UpdatesName" computerName="DKSR-EFI-04" duration="00:00:00.0174103" startTime="2023-12-22T09:34:19.4283545+01:00" endTime="2023-12-22T09:34:19.4596072+01:00" testType="13cdc9d9-ddb5-4fa4-a97d-d965ccfc6d4b" outcome="Passed" testListId="8c84fa94-04c1-424b-9868-57a2d4851a1d" relativeResultsDirectory="2d41e901-a607-464b-bcdd-53979102a0ef" />
    <UnitTestResult executionId="4bab9145-e6c8-4e6a-8802-6caff05101b7" testId="06894ed5-2df1-e54f-2874-93dd297ad943" testName="TestProperties_GetProperties_Success" computerName="DKSR-EFI-04" duration="00:00:00.0021328" startTime="2023-12-22T09:34:23.7565037+01:00" endTime="2023-12-22T09:34:23.7565037+01:00" testType="13cdc9d9-ddb5-4fa4-a97d-d965ccfc6d4b" outcome="Passed" testListId="8c84fa94-04c1-424b-9868-57a2d4851a1d" relativeResultsDirectory="4bab9145-e6c8-4e6a-8802-6caff05101b7" />
    <UnitTestResult executionId="effc24a5-9f7b-423d-b01b-b7544841e08c" testId="1668ece2-ea78-3795-a517-8423d4532c10" testName="TestConstructor_ParsingWcfObjectWithoutPosition_Success" computerName="DKSR-EFI-04" duration="00:00:00.0003791" startTime="2023-12-22T09:34:23.4908749+01:00" endTime="2023-12-22T09:34:23.4908749+01:00" testType="13cdc9d9-ddb5-4fa4-a97d-d965ccfc6d4b" outcome="Passed" testListId="8c84fa94-04c1-424b-9868-57a2d4851a1d" relativeResultsDirectory="effc24a5-9f7b-423d-b01b-b7544841e08c" />
    <UnitTestResult executionId="0e958bb0-c5bd-4fe5-b628-5e602cc1addd" testId="5e4f2083-fb8f-922d-4062-771153ce0caf" testName="TestUpdateProperties_UpdateAllProperties_Success" computerName="DKSR-EFI-04" duration="00:00:00.0013561" startTime="2023-12-22T09:34:24.4596297+01:00" endTime="2023-12-22T09:34:24.4596297+01:00" testType="13cdc9d9-ddb5-4fa4-a97d-d965ccfc6d4b" outcome="Passed" testListId="8c84fa94-04c1-424b-9868-57a2d4851a1d" relativeResultsDirectory="0e958bb0-c5bd-4fe5-b628-5e602cc1addd" />
    <UnitTestResult executionId="726c91e6-2bf2-4d39-8847-4ae1bccf3f18" testId="20658f53-7fff-0724-5d84-93afea1c1f49" testName="AddItem" computerName="DKSR-EFI-04" duration="00:00:00.0018421" startTime="2023-12-22T09:34:45.9597413+01:00" endTime="2023-12-22T09:34:45.9597413+01:00" testType="13cdc9d9-ddb5-4fa4-a97d-d965ccfc6d4b" outcome="Passed" testListId="8c84fa94-04c1-424b-9868-57a2d4851a1d" relativeResultsDirectory="726c91e6-2bf2-4d39-8847-4ae1bccf3f18" />
    <UnitTestResult executionId="4ee8ee16-eb06-45b7-b756-7686a843995b" testId="cb978b57-3176-52a3-77aa-39092f280071" testName="ConstructorFromItem_InitializesFields" computerName="DKSR-EFI-04" duration="00:00:00.0010926" startTime="2023-12-22T09:34:24.4596297+01:00" endTime="2023-12-22T09:34:24.4596297+01:00" testType="13cdc9d9-ddb5-4fa4-a97d-d965ccfc6d4b" outcome="Passed" testListId="8c84fa94-04c1-424b-9868-57a2d4851a1d" relativeResultsDirectory="4ee8ee16-eb06-45b7-b756-7686a843995b" />
    <UnitTestResult executionId="6fd341e7-eb10-4116-b1bf-357fcac59902" testId="80e59a76-986a-dbc8-dce4-bff838813140" testName="TestProperties_GetPropertiesFromWcfObjectWithoutExtent_Success" computerName="DKSR-EFI-04" duration="00:00:00.0020242" startTime="2023-12-22T09:34:24.1002549+01:00" endTime="2023-12-22T09:34:24.1158803+01:00" testType="13cdc9d9-ddb5-4fa4-a97d-d965ccfc6d4b" outcome="Passed" testListId="8c84fa94-04c1-424b-9868-57a2d4851a1d" relativeResultsDirectory="6fd341e7-eb10-4116-b1bf-357fcac59902" />
    <UnitTestResult executionId="d9eaf253-4079-46f9-8f00-5a2731e4f79b" testId="f5cee685-06e6-5e74-b3df-2251547fd175" testName="BuildClusters_IndividualItemClusters_WhenIndividualItemsOnlyTrue" computerName="DKSR-EFI-04" duration="00:00:00.0027426" startTime="2023-12-22T09:34:45.4441117+01:00" endTime="2023-12-22T09:34:45.4597384+01:00" testType="13cdc9d9-ddb5-4fa4-a97d-d965ccfc6d4b" outcome="Passed" testListId="8c84fa94-04c1-424b-9868-57a2d4851a1d" relativeResultsDirectory="d9eaf253-4079-46f9-8f00-5a2731e4f79b" />
    <UnitTestResult executionId="f0b545fd-fa53-4c7c-857a-9e87cd2fd1bd" testId="bc98f6d6-7ca2-444f-bf52-b490e8756b7e" testName="TestProperties_GetPropertiesFromWcfObjectWithNullMapSettings_Success" computerName="DKSR-EFI-04" duration="00:00:00.0002740" startTime="2023-12-22T09:34:23.7252542+01:00" endTime="2023-12-22T09:34:23.7252542+01:00" testType="13cdc9d9-ddb5-4fa4-a97d-d965ccfc6d4b" outcome="Passed" testListId="8c84fa94-04c1-424b-9868-57a2d4851a1d" relativeResultsDirectory="f0b545fd-fa53-4c7c-857a-9e87cd2fd1bd" />
    <UnitTestResult executionId="f21b45c2-4770-4bd2-9755-71478aea9818" testId="f878432b-12f0-1786-7600-b1ff9fc6794c" testName="OnBuildingOutlinesUpdated" computerName="DKSR-EFI-04" duration="00:00:00.0175976" startTime="2023-12-22T09:34:18.8033519+01:00" endTime="2023-12-22T09:34:18.8189775+01:00" testType="13cdc9d9-ddb5-4fa4-a97d-d965ccfc6d4b" outcome="Passed" testListId="8c84fa94-04c1-424b-9868-57a2d4851a1d" relativeResultsDirectory="f21b45c2-4770-4bd2-9755-71478aea9818" />
    <UnitTestResult executionId="0ebf55cf-5ad5-47b3-93ad-81b57f377879" testId="cd4672a1-22dc-345f-2c24-c937272932c6" testName="Close_UnsubscribesSerializationFaliure" computerName="DKSR-EFI-04" duration="00:00:00.0021703" startTime="2023-12-22T09:34:18.3658512+01:00" endTime="2023-12-22T09:34:18.3814768+01:00" testType="13cdc9d9-ddb5-4fa4-a97d-d965ccfc6d4b" outcome="Passed" testListId="8c84fa94-04c1-424b-9868-57a2d4851a1d" relativeResultsDirectory="0ebf55cf-5ad5-47b3-93ad-81b57f377879" />
    <UnitTestResult executionId="f088a43d-6f6a-4455-944c-97b2576f20ab" testId="1f5d248f-73b7-ff37-ee73-daed54890e10" testName="GetMipItemsByKindAndArea_Success" computerName="DKSR-EFI-04" duration="00:00:00.0773254" startTime="2023-12-22T09:34:18.6314772+01:00" endTime="2023-12-22T09:34:18.7096040+01:00" testType="13cdc9d9-ddb5-4fa4-a97d-d965ccfc6d4b" outcome="Passed" testListId="8c84fa94-04c1-424b-9868-57a2d4851a1d" relativeResultsDirectory="f088a43d-6f6a-4455-944c-97b2576f20ab" />
    <UnitTestResult executionId="5db134d2-0c15-464d-b3f0-d18cea1176c8" testId="f7c9fa49-7718-f777-d5d3-f2f97fafcc6b" testName="TestAuditLog_AuditLogItemRemovedWithEmptyLocation_Success" computerName="DKSR-EFI-04" duration="00:00:00.0049367" startTime="2023-12-22T09:34:23.3346250+01:00" endTime="2023-12-22T09:34:23.3502509+01:00" testType="13cdc9d9-ddb5-4fa4-a97d-d965ccfc6d4b" outcome="Passed" testListId="8c84fa94-04c1-424b-9868-57a2d4851a1d" relativeResultsDirectory="5db134d2-0c15-464d-b3f0-d18cea1176c8" />
    <UnitTestResult executionId="83aa102a-5cb5-48ab-a438-e38af0d9ccf3" testId="70ceb465-3a7f-7a9e-f78b-a3e5795571d2" testName="TestProperties_GetProperties_Success" computerName="DKSR-EFI-04" duration="00:00:00.0006335" startTime="2023-12-22T09:34:23.5065004+01:00" endTime="2023-12-22T09:34:23.5065004+01:00" testType="13cdc9d9-ddb5-4fa4-a97d-d965ccfc6d4b" outcome="Passed" testListId="8c84fa94-04c1-424b-9868-57a2d4851a1d" relativeResultsDirectory="83aa102a-5cb5-48ab-a438-e38af0d9ccf3" />
    <UnitTestResult executionId="cd28258f-00fe-4a95-9654-af29e909ab15" testId="f1cf8805-9f2a-3ea0-68a1-486890b5b405" testName="TestConstructor_ParsingWcfObjectWithoutExtent_Success" computerName="DKSR-EFI-04" duration="00:00:00.0004655" startTime="2023-12-22T09:34:24.1471297+01:00" endTime="2023-12-22T09:34:24.1627556+01:00" testType="13cdc9d9-ddb5-4fa4-a97d-d965ccfc6d4b" outcome="Passed" testListId="8c84fa94-04c1-424b-9868-57a2d4851a1d" relativeResultsDirectory="cd28258f-00fe-4a95-9654-af29e909ab15" />
    <UnitTestResult executionId="3f867a9d-bf4b-4567-bf25-ba890e16a132" testId="77a34115-e210-c108-4631-a73effb015a7" testName="TestWcfObject_GetWcfObjectWithNoPosition_Success" computerName="DKSR-EFI-04" duration="00:00:00.0012279" startTime="2023-12-22T09:34:22.9440006+01:00" endTime="2023-12-22T09:34:22.9596220+01:00" testType="13cdc9d9-ddb5-4fa4-a97d-d965ccfc6d4b" outcome="Passed" testListId="8c84fa94-04c1-424b-9868-57a2d4851a1d" relativeResultsDirectory="3f867a9d-bf4b-4567-bf25-ba890e16a132" />
    <UnitTestResult executionId="88da57ad-991f-4d19-a2e2-ed92d3b20e13" testId="a25dbc1e-9062-0ee9-d717-a8c96e681368" testName="UpdateItem_PositionNotChanged_Ignores" computerName="DKSR-EFI-04" duration="00:00:00.0075657" startTime="2023-12-22T09:34:19.4752312+01:00" endTime="2023-12-22T09:34:19.4752312+01:00" testType="13cdc9d9-ddb5-4fa4-a97d-d965ccfc6d4b" outcome="Passed" testListId="8c84fa94-04c1-424b-9868-57a2d4851a1d" relativeResultsDirectory="88da57ad-991f-4d19-a2e2-ed92d3b20e13" />
    <UnitTestResult executionId="33d2ef24-a3ed-4ae0-8bd7-87e57f5b4543" testId="0b427970-7f06-1e6c-dbf4-7d3298a97e17" testName="Test_DeleteLevels_DatabaseException_Failure" computerName="DKSR-EFI-04" duration="00:00:00.0050820" startTime="2023-12-22T09:34:22.1158693+01:00" endTime="2023-12-22T09:34:22.1158693+01:00" testType="13cdc9d9-ddb5-4fa4-a97d-d965ccfc6d4b" outcome="Passed" testListId="8c84fa94-04c1-424b-9868-57a2d4851a1d" relativeResultsDirectory="33d2ef24-a3ed-4ae0-8bd7-87e57f5b4543" />
    <UnitTestResult executionId="23cd0041-066a-4e0b-8d98-98d7fba9957b" testId="14b2ec50-6ce7-f651-9fe1-47d918ef4599" testName="TestAuditLog_NullServiceContract_Failure" computerName="DKSR-EFI-04" duration="00:00:00.0052814" startTime="2023-12-22T09:34:46.2097399+01:00" endTime="2023-12-22T09:34:46.2097399+01:00" testType="13cdc9d9-ddb5-4fa4-a97d-d965ccfc6d4b" outcome="Passed" testListId="8c84fa94-04c1-424b-9868-57a2d4851a1d" relativeResultsDirectory="23cd0041-066a-4e0b-8d98-98d7fba9957b" />
    <UnitTestResult executionId="403a79fc-2743-4f22-95de-c447c953d03a" testId="7a702412-b890-3df3-5368-b92412527630" testName="TestUpdateLevels_OnlyUnknownLevels_Success" computerName="DKSR-EFI-04" duration="00:00:00.0021111" startTime="2023-12-22T09:34:21.8658689+01:00" endTime="2023-12-22T09:34:21.8658689+01:00" testType="13cdc9d9-ddb5-4fa4-a97d-d965ccfc6d4b" outcome="Passed" testListId="8c84fa94-04c1-424b-9868-57a2d4851a1d" relativeResultsDirectory="403a79fc-2743-4f22-95de-c447c953d03a" />
    <UnitTestResult executionId="5d623b0b-412a-498c-8323-1a4ffec33e2b" testId="7fe8dd67-f18b-0b92-ac3b-d19aad03b760" testName="TestUpdateProperties_UpdateAllProperties_Success" computerName="DKSR-EFI-04" duration="00:00:00.0015014" startTime="2023-12-22T09:34:23.2721256+01:00" endTime="2023-12-22T09:34:23.2721256+01:00" testType="13cdc9d9-ddb5-4fa4-a97d-d965ccfc6d4b" outcome="Passed" testListId="8c84fa94-04c1-424b-9868-57a2d4851a1d" relativeResultsDirectory="5d623b0b-412a-498c-8323-1a4ffec33e2b" />
    <UnitTestResult executionId="bb49e39b-c9b7-477a-9a45-b0b990f101a7" testId="77cba1b8-d81f-5df6-acc7-2e681367e225" testName="TestQueryKindsVisibility_MultiKind_Success" computerName="DKSR-EFI-04" duration="00:00:00.0044008" startTime="2023-12-22T09:34:22.4439969+01:00" endTime="2023-12-22T09:34:22.4439969+01:00" testType="13cdc9d9-ddb5-4fa4-a97d-d965ccfc6d4b" outcome="Passed" testListId="8c84fa94-04c1-424b-9868-57a2d4851a1d" relativeResultsDirectory="bb49e39b-c9b7-477a-9a45-b0b990f101a7" />
    <UnitTestResult executionId="d84e3077-f44a-4748-94c2-0d84fa7d11fc" testId="9e39c9d5-9571-adf7-3b76-b1f4ee444803" testName="TestAuditLog_AuditLogLegacyLinkWithNullTargetMapIdRemoved_Success" computerName="DKSR-EFI-04" duration="00:00:00.0053011" startTime="2023-12-22T09:34:23.1002477+01:00" endTime="2023-12-22T09:34:23.1002477+01:00" testType="13cdc9d9-ddb5-4fa4-a97d-d965ccfc6d4b" outcome="Passed" testListId="8c84fa94-04c1-424b-9868-57a2d4851a1d" relativeResultsDirectory="d84e3077-f44a-4748-94c2-0d84fa7d11fc" />
    <UnitTestResult executionId="a7b2b15e-3d71-4a87-84df-e761086dc8a0" testId="602dc06d-2e03-b254-bc33-ff556e01d42c" testName="TestAddBuildings_DatabaseException_NonUniqueMapId_Failure" computerName="DKSR-EFI-04" duration="00:00:00.0057215" startTime="2023-12-22T09:34:20.9127372+01:00" endTime="2023-12-22T09:34:20.9127372+01:00" testType="13cdc9d9-ddb5-4fa4-a97d-d965ccfc6d4b" outcome="Passed" testListId="8c84fa94-04c1-424b-9868-57a2d4851a1d" relativeResultsDirectory="a7b2b15e-3d71-4a87-84df-e761086dc8a0" />
    <UnitTestResult executionId="e24d56e2-3cb5-47c6-91c4-63fb715acf27" testId="d8b2e962-57d6-7d23-5c24-4c7c5ef024f4" testName="TestAuditLog_AuditLogItemChanged_Success" computerName="DKSR-EFI-04" duration="00:00:00.0053584" startTime="2023-12-22T09:34:23.5221269+01:00" endTime="2023-12-22T09:34:23.5377508+01:00" testType="13cdc9d9-ddb5-4fa4-a97d-d965ccfc6d4b" outcome="Passed" testListId="8c84fa94-04c1-424b-9868-57a2d4851a1d" relativeResultsDirectory="e24d56e2-3cb5-47c6-91c4-63fb715acf27" />
    <UnitTestResult executionId="10194a26-b9fd-40dd-a2dc-d695775e0302" testId="72a58601-6a0b-286c-f611-d0390f38d4b1" testName="TestConstructor_EmptyName_Failure" computerName="DKSR-EFI-04" duration="00:00:00.0005685" startTime="2023-12-22T09:34:19.8033584+01:00" endTime="2023-12-22T09:34:19.8033584+01:00" testType="13cdc9d9-ddb5-4fa4-a97d-d965ccfc6d4b" outcome="Passed" testListId="8c84fa94-04c1-424b-9868-57a2d4851a1d" relativeResultsDirectory="10194a26-b9fd-40dd-a2dc-d695775e0302" />
    <UnitTestResult executionId="a7948e25-cfb2-4cee-82c2-1d15e47d3311" testId="fbdd6967-4ef8-9ce7-9005-2f3c653c2ea2" testName="TestConstructor_ParsingWcfObject_Success" computerName="DKSR-EFI-04" duration="00:00:00.0006742" startTime="2023-12-22T09:34:22.8033726+01:00" endTime="2023-12-22T09:34:22.8033726+01:00" testType="13cdc9d9-ddb5-4fa4-a97d-d965ccfc6d4b" outcome="Passed" testListId="8c84fa94-04c1-424b-9868-57a2d4851a1d" relativeResultsDirectory="a7948e25-cfb2-4cee-82c2-1d15e47d3311" />
    <UnitTestResult executionId="e4cbed9f-6b71-43cc-9a4c-8ce21cbc6021" testId="9662224f-b457-65d9-c99b-6097f83310c7" testName="TestWcfObject_ConvertToWcfObject_Success" computerName="DKSR-EFI-04" duration="00:00:00.0014543" startTime="2023-12-22T09:34:22.8971241+01:00" endTime="2023-12-22T09:34:22.8971241+01:00" testType="13cdc9d9-ddb5-4fa4-a97d-d965ccfc6d4b" outcome="Passed" testListId="8c84fa94-04c1-424b-9868-57a2d4851a1d" relativeResultsDirectory="e4cbed9f-6b71-43cc-9a4c-8ce21cbc6021" />
    <UnitTestResult executionId="f1df342f-93ee-4909-be59-124e65e2a6c5" testId="66d507cc-9025-368f-6651-8c50b19c18e9" testName="TestWcfObject_GetWcfObject_Success" computerName="DKSR-EFI-04" duration="00:00:00.0029060" startTime="2023-12-22T09:34:22.9440006+01:00" endTime="2023-12-22T09:34:22.9440006+01:00" testType="13cdc9d9-ddb5-4fa4-a97d-d965ccfc6d4b" outcome="Passed" testListId="8c84fa94-04c1-424b-9868-57a2d4851a1d" relativeResultsDirectory="f1df342f-93ee-4909-be59-124e65e2a6c5" />
    <UnitTestResult executionId="3d934235-6e6c-4431-bd88-5606940454be" testId="6fd438e4-dc9d-fb54-7c5c-386af97e259c" testName="AddBuilding_Silent_WhenBuildingExists" computerName="DKSR-EFI-04" duration="00:00:00.0054365" startTime="2023-12-22T09:34:45.7567617+01:00" endTime="2023-12-22T09:34:45.7722413+01:00" testType="13cdc9d9-ddb5-4fa4-a97d-d965ccfc6d4b" outcome="Passed" testListId="8c84fa94-04c1-424b-9868-57a2d4851a1d" relativeResultsDirectory="3d934235-6e6c-4431-bd88-5606940454be" />
    <UnitTestResult executionId="db8088d2-f5cc-4565-8017-1c34a3a87a06" testId="c75aec8a-633a-6e53-7147-bd05d2a42767" testName="TestConstructor_ParsingWcfObjectWithNull_Success" computerName="DKSR-EFI-04" duration="00:00:00.0012926" startTime="2023-12-22T09:34:23.8971266+01:00" endTime="2023-12-22T09:34:23.8971266+01:00" testType="13cdc9d9-ddb5-4fa4-a97d-d965ccfc6d4b" outcome="Passed" testListId="8c84fa94-04c1-424b-9868-57a2d4851a1d" relativeResultsDirectory="db8088d2-f5cc-4565-8017-1c34a3a87a06" />
    <UnitTestResult executionId="65da7d13-095b-4a9e-82c9-fbf817511374" testId="bcd74528-5b0b-127d-c9ab-7e254f110932" testName="TestConstructor_Success" computerName="DKSR-EFI-04" duration="00:00:00.0001555" startTime="2023-12-22T09:34:46.1784926+01:00" endTime="2023-12-22T09:34:46.1784926+01:00" testType="13cdc9d9-ddb5-4fa4-a97d-d965ccfc6d4b" outcome="Passed" testListId="8c84fa94-04c1-424b-9868-57a2d4851a1d" relativeResultsDirectory="65da7d13-095b-4a9e-82c9-fbf817511374" />
    <UnitTestResult executionId="a15cfc44-f4a6-4e67-917a-53fb669b4f01" testId="2988c6e9-72a8-0c7c-a354-29ca48799c77" testName="TestConstructor_Success" computerName="DKSR-EFI-04" duration="00:00:00.0016716" startTime="2023-12-22T09:34:22.7252487+01:00" endTime="2023-12-22T09:34:22.7252487+01:00" testType="13cdc9d9-ddb5-4fa4-a97d-d965ccfc6d4b" outcome="Passed" testListId="8c84fa94-04c1-424b-9868-57a2d4851a1d" relativeResultsDirectory="a15cfc44-f4a6-4e67-917a-53fb669b4f01" />
    <UnitTestResult executionId="a60297cf-8dd4-4dc8-874d-3e3de823ac1b" testId="d6e582e8-e39f-b2ee-ec4e-bf584393feaf" testName="TestConstructor_ParsingWcfObjectWithNull_Success" computerName="DKSR-EFI-04" duration="00:00:00.0017353" startTime="2023-12-22T09:34:23.4752515+01:00" endTime="2023-12-22T09:34:23.4752515+01:00" testType="13cdc9d9-ddb5-4fa4-a97d-d965ccfc6d4b" outcome="Passed" testListId="8c84fa94-04c1-424b-9868-57a2d4851a1d" relativeResultsDirectory="a60297cf-8dd4-4dc8-874d-3e3de823ac1b" />
    <UnitTestResult executionId="77502cb7-3281-4934-9352-eba904d31101" testId="0a07b8ff-c721-e171-25a3-148cb1965270" testName="TestProperties_GetPropertiesFromWcfObjectWithNullViewport_Success" computerName="DKSR-EFI-04" duration="00:00:00.0004228" startTime="2023-12-22T09:34:22.7096235+01:00" endTime="2023-12-22T09:34:22.7096235+01:00" testType="13cdc9d9-ddb5-4fa4-a97d-d965ccfc6d4b" outcome="Passed" testListId="8c84fa94-04c1-424b-9868-57a2d4851a1d" relativeResultsDirectory="77502cb7-3281-4934-9352-eba904d31101" />
    <UnitTestResult executionId="3cadfc85-851e-427d-9b49-3807c0f4cd8c" testId="030414c7-bb4d-d636-f810-945d8c6a1e71" testName="TestUpdateProperties_UpdateAllProperties_Success" computerName="DKSR-EFI-04" duration="00:00:00.0006076" startTime="2023-12-22T09:34:22.8814998+01:00" endTime="2023-12-22T09:34:22.8814998+01:00" testType="13cdc9d9-ddb5-4fa4-a97d-d965ccfc6d4b" outcome="Passed" testListId="8c84fa94-04c1-424b-9868-57a2d4851a1d" relativeResultsDirectory="3cadfc85-851e-427d-9b49-3807c0f4cd8c" />
    <UnitTestResult executionId="28777dd7-206e-425b-ab41-9f75383343b8" testId="127f6b6f-60eb-7684-1110-d02ee3eb235d" testName="OnBuildingsAdded" computerName="DKSR-EFI-04" duration="00:00:00.0016000" startTime="2023-12-22T09:34:18.8346041+01:00" endTime="2023-12-22T09:34:18.8346041+01:00" testType="13cdc9d9-ddb5-4fa4-a97d-d965ccfc6d4b" outcome="Passed" testListId="8c84fa94-04c1-424b-9868-57a2d4851a1d" relativeResultsDirectory="28777dd7-206e-425b-ab41-9f75383343b8" />
    <UnitTestResult executionId="fcfa9d33-6fb6-4dd8-b2af-f7a947c8a024" testId="2e2ba133-dfa3-73a4-19a6-a0369a18ebcc" testName="ChangeBuildingGeography" computerName="DKSR-EFI-04" duration="00:00:00.0157327" startTime="2023-12-22T09:34:45.7878657+01:00" endTime="2023-12-22T09:34:45.8034915+01:00" testType="13cdc9d9-ddb5-4fa4-a97d-d965ccfc6d4b" outcome="Passed" testListId="8c84fa94-04c1-424b-9868-57a2d4851a1d" relativeResultsDirectory="fcfa9d33-6fb6-4dd8-b2af-f7a947c8a024" />
    <UnitTestResult executionId="c564d819-09ed-4075-b58d-cf6ccebb379d" testId="20f48aed-1e6c-3774-d5cc-1668524098ab" testName="TestUpdateProperties_UpdateAllProperties_Success" computerName="DKSR-EFI-04" duration="00:00:00.0013270" startTime="2023-12-22T09:34:24.2252572+01:00" endTime="2023-12-22T09:34:24.2408801+01:00" testType="13cdc9d9-ddb5-4fa4-a97d-d965ccfc6d4b" outcome="Passed" testListId="8c84fa94-04c1-424b-9868-57a2d4851a1d" relativeResultsDirectory="c564d819-09ed-4075-b58d-cf6ccebb379d" />
    <UnitTestResult executionId="ba3c1d2a-78a7-48c7-b069-5a1a3820d118" testId="34d2567d-7bf6-dea3-25f7-4ceefb27ffbc" testName="TestAuditLog_NullLevelAuditParameters_Failure" computerName="DKSR-EFI-04" duration="00:00:00.0016365" startTime="2023-12-22T09:34:46.2097399+01:00" endTime="2023-12-22T09:34:46.2097399+01:00" testType="13cdc9d9-ddb5-4fa4-a97d-d965ccfc6d4b" outcome="Passed" testListId="8c84fa94-04c1-424b-9868-57a2d4851a1d" relativeResultsDirectory="ba3c1d2a-78a7-48c7-b069-5a1a3820d118" />
    <UnitTestResult executionId="b91e0c14-129b-4cfc-8327-c46f6407b759" testId="57665be6-41a6-a79e-fa5a-6cb5e4d12320" testName="TestAttribute_OnlyOnGuidProperties_Success" computerName="DKSR-EFI-04" duration="00:00:00.0048294" startTime="2023-12-22T09:34:22.8189974+01:00" endTime="2023-12-22T09:34:22.8346251+01:00" testType="13cdc9d9-ddb5-4fa4-a97d-d965ccfc6d4b" outcome="Passed" testListId="8c84fa94-04c1-424b-9868-57a2d4851a1d" relativeResultsDirectory="b91e0c14-129b-4cfc-8327-c46f6407b759" />
    <UnitTestResult executionId="b4a67e81-e899-4c46-b6e7-5abee61ae81c" testId="02a5c68e-a8d5-55d6-a5f0-8a99f693c236" testName="TestConstructor_ParsingWcfObjectWithNull_Success" computerName="DKSR-EFI-04" duration="00:00:00.0013613" startTime="2023-12-22T09:34:22.8971241+01:00" endTime="2023-12-22T09:34:22.8971241+01:00" testType="13cdc9d9-ddb5-4fa4-a97d-d965ccfc6d4b" outcome="Passed" testListId="8c84fa94-04c1-424b-9868-57a2d4851a1d" relativeResultsDirectory="b4a67e81-e899-4c46-b6e7-5abee61ae81c" />
    <UnitTestResult executionId="a0a8c638-2145-4a1d-a53a-841d7bb4e0c0" testId="d1a27594-4f18-9b17-9e55-306b1cffb20d" testName="TestConstructor_ParsingWcfObject_Success" computerName="DKSR-EFI-04" duration="00:00:00.0012884" startTime="2023-12-22T09:34:24.0377535+01:00" endTime="2023-12-22T09:34:24.0377535+01:00" testType="13cdc9d9-ddb5-4fa4-a97d-d965ccfc6d4b" outcome="Passed" testListId="8c84fa94-04c1-424b-9868-57a2d4851a1d" relativeResultsDirectory="a0a8c638-2145-4a1d-a53a-841d7bb4e0c0" />
    <UnitTestResult executionId="bd11bae0-d00a-4223-8486-6bd349be6835" testId="6ff685fd-526a-bf1d-9b26-1797b3a232bf" testName="TestConstructor_Success" computerName="DKSR-EFI-04" duration="00:00:00.0009304" startTime="2023-12-22T09:34:24.2096303+01:00" endTime="2023-12-22T09:34:24.2096303+01:00" testType="13cdc9d9-ddb5-4fa4-a97d-d965ccfc6d4b" outcome="Passed" testListId="8c84fa94-04c1-424b-9868-57a2d4851a1d" relativeResultsDirectory="bd11bae0-d00a-4223-8486-6bd349be6835" />
    <UnitTestResult executionId="ec69fad5-2073-461e-84d1-68f96e096072" testId="982f0da6-6119-19e9-04ac-bf5c62d4284e" testName="TestAddCapability_Success" computerName="DKSR-EFI-04" duration="00:00:00.0073244" startTime="2023-12-22T09:34:19.7721102+01:00" endTime="2023-12-22T09:34:19.7877334+01:00" testType="13cdc9d9-ddb5-4fa4-a97d-d965ccfc6d4b" outcome="Passed" testListId="8c84fa94-04c1-424b-9868-57a2d4851a1d" relativeResultsDirectory="ec69fad5-2073-461e-84d1-68f96e096072" />
    <UnitTestResult executionId="7663ba1e-27a9-4364-9d69-8d43fa09d115" testId="e8c563f6-2a49-d4ae-5b78-4cd29410569d" testName="TestUpdateProperties_UpdateAllProperties_Success" computerName="DKSR-EFI-04" duration="00:00:00.0150278" startTime="2023-12-22T09:34:22.6314989+01:00" endTime="2023-12-22T09:34:22.6471234+01:00" testType="13cdc9d9-ddb5-4fa4-a97d-d965ccfc6d4b" outcome="Passed" testListId="8c84fa94-04c1-424b-9868-57a2d4851a1d" relativeResultsDirectory="7663ba1e-27a9-4364-9d69-8d43fa09d115" />
    <UnitTestResult executionId="8abc0315-4624-47c0-a03b-2ccbb5530301" testId="660a99f8-6ec0-ed3b-6042-ca002a4fe61b" testName="TestConstructor_Success" computerName="DKSR-EFI-04" duration="00:00:00.0009356" startTime="2023-12-22T09:34:23.7565037+01:00" endTime="2023-12-22T09:34:23.7565037+01:00" testType="13cdc9d9-ddb5-4fa4-a97d-d965ccfc6d4b" outcome="Passed" testListId="8c84fa94-04c1-424b-9868-57a2d4851a1d" relativeResultsDirectory="8abc0315-4624-47c0-a03b-2ccbb5530301" />
    <UnitTestResult executionId="87ae18aa-7724-42d4-b633-3bc13269d4f5" testId="e41c5fa9-9a65-735d-15f8-59b35276c506" testName="BuildClusters_CheckBuildingClusterIds" computerName="DKSR-EFI-04" duration="00:00:00.0374674" startTime="2023-12-22T09:34:45.6628647+01:00" endTime="2023-12-22T09:34:45.6941141+01:00" testType="13cdc9d9-ddb5-4fa4-a97d-d965ccfc6d4b" outcome="Passed" testListId="8c84fa94-04c1-424b-9868-57a2d4851a1d" relativeResultsDirectory="87ae18aa-7724-42d4-b633-3bc13269d4f5" />
    <UnitTestResult executionId="99f251b1-2cff-4bed-b005-55e4fdbc79bd" testId="8ece25b2-85c1-6c5c-6450-bff475f02b6b" testName="TestWcfObject_GetWcfObjectWithoutExtent_Success" computerName="DKSR-EFI-04" duration="00:00:00.0017473" startTime="2023-12-22T09:34:24.0846291+01:00" endTime="2023-12-22T09:34:24.0846291+01:00" testType="13cdc9d9-ddb5-4fa4-a97d-d965ccfc6d4b" outcome="Passed" testListId="8c84fa94-04c1-424b-9868-57a2d4851a1d" relativeResultsDirectory="99f251b1-2cff-4bed-b005-55e4fdbc79bd" />
    <UnitTestResult executionId="23a7872d-031c-44a7-b26d-7f9872346a18" testId="a69e04e0-8d31-9c0a-776d-0b72ee598d47" testName="TestAuditLog_AuditLogLegacyLinkWithEmptyTargetMapId_Success" computerName="DKSR-EFI-04" duration="00:00:00.0049549" startTime="2023-12-22T09:34:23.0377498+01:00" endTime="2023-12-22T09:34:23.0377498+01:00" testType="13cdc9d9-ddb5-4fa4-a97d-d965ccfc6d4b" outcome="Passed" testListId="8c84fa94-04c1-424b-9868-57a2d4851a1d" relativeResultsDirectory="23a7872d-031c-44a7-b26d-7f9872346a18" />
    <UnitTestResult executionId="804cd2eb-7e32-4c6a-9578-8a6a4a8e48e9" testId="2765213b-23be-1437-a0da-b0abdf853349" testName="TestAuditLog_AuditLogLevelChanged_Success" computerName="DKSR-EFI-04" duration="00:00:00.0138697" startTime="2023-12-22T09:34:46.2566150+01:00" endTime="2023-12-22T09:34:46.2722421+01:00" testType="13cdc9d9-ddb5-4fa4-a97d-d965ccfc6d4b" outcome="Passed" testListId="8c84fa94-04c1-424b-9868-57a2d4851a1d" relativeResultsDirectory="804cd2eb-7e32-4c6a-9578-8a6a4a8e48e9" />
    <UnitTestResult executionId="630d9dd4-ba34-465d-8f7a-7beee585d067" testId="d6f766be-1c50-7ddb-6fe3-b017cbd1ac3b" testName="Clear_TestClearsIndexers" computerName="DKSR-EFI-04" duration="00:00:00.0019190" startTime="2023-12-22T09:34:18.9596048+01:00" endTime="2023-12-22T09:34:18.9596048+01:00" testType="13cdc9d9-ddb5-4fa4-a97d-d965ccfc6d4b" outcome="Passed" testListId="8c84fa94-04c1-424b-9868-57a2d4851a1d" relativeResultsDirectory="630d9dd4-ba34-465d-8f7a-7beee585d067" />
    <UnitTestResult executionId="81b412d2-7541-4218-92d5-64aae162bad3" testId="e8cd83a9-1255-52c8-c545-87c6b911bee8" testName="Constructor_CreatesCommands" computerName="DKSR-EFI-04" duration="00:00:00.0880944" startTime="2023-12-22T09:34:18.2564760+01:00" endTime="2023-12-22T09:34:18.3502273+01:00" testType="13cdc9d9-ddb5-4fa4-a97d-d965ccfc6d4b" outcome="Passed" testListId="8c84fa94-04c1-424b-9868-57a2d4851a1d" relativeResultsDirectory="81b412d2-7541-4218-92d5-64aae162bad3" />
    <UnitTestResult executionId="ea244fca-6d35-4ef6-a619-c4ab92cf60db" testId="9d15926f-8e0d-e7e6-e033-9879de948c2e" testName="Closed_DeinitializesServices" computerName="DKSR-EFI-04" duration="00:00:00.0082740" startTime="2023-12-22T09:34:18.5689754+01:00" endTime="2023-12-22T09:34:18.5689754+01:00" testType="13cdc9d9-ddb5-4fa4-a97d-d965ccfc6d4b" outcome="Passed" testListId="8c84fa94-04c1-424b-9868-57a2d4851a1d" relativeResultsDirectory="ea244fca-6d35-4ef6-a619-c4ab92cf60db" />
    <UnitTestResult executionId="9613de70-6006-4dfd-93b7-f598acac8932" testId="e6900046-16da-c379-2c5b-a2fb993e94ea" testName="ConstructorFromData_WhenPositionEmpty_IsMapEnabledFalse" computerName="DKSR-EFI-04" duration="00:00:00.0001861" startTime="2023-12-22T09:34:24.4752573+01:00" endTime="2023-12-22T09:34:24.4752573+01:00" testType="13cdc9d9-ddb5-4fa4-a97d-d965ccfc6d4b" outcome="Passed" testListId="8c84fa94-04c1-424b-9868-57a2d4851a1d" relativeResultsDirectory="9613de70-6006-4dfd-93b7-f598acac8932" />
    <UnitTestResult executionId="d837d88b-df70-427c-a45d-f124bd45366f" testId="63e3d58e-77fe-7338-b4b2-5c415ed1e848" testName="Test_DeleteLevels_EmptyArgument_Succes" computerName="DKSR-EFI-04" duration="00:00:00.0144325" startTime="2023-12-22T09:34:22.0846200+01:00" endTime="2023-12-22T09:34:22.1002445+01:00" testType="13cdc9d9-ddb5-4fa4-a97d-d965ccfc6d4b" outcome="Passed" testListId="8c84fa94-04c1-424b-9868-57a2d4851a1d" relativeResultsDirectory="d837d88b-df70-427c-a45d-f124bd45366f" />
    <UnitTestResult executionId="dcede87b-cc8d-479a-a8a7-f552af5de33d" testId="2ad0eb64-70cf-9075-752b-cdd33ae1fb88" testName="TestUpdateProperties_UpdateAllProperties_Success" computerName="DKSR-EFI-04" duration="00:00:00.0006244" startTime="2023-12-22T09:34:23.5065004+01:00" endTime="2023-12-22T09:34:23.5065004+01:00" testType="13cdc9d9-ddb5-4fa4-a97d-d965ccfc6d4b" outcome="Passed" testListId="8c84fa94-04c1-424b-9868-57a2d4851a1d" relativeResultsDirectory="dcede87b-cc8d-479a-a8a7-f552af5de33d" />
    <UnitTestResult executionId="7e13dbc7-cc38-4053-8e10-3486d98288db" testId="02feca23-6655-5568-716b-bd0cb04d3015" testName="TestProperties_GetProperties_Success" computerName="DKSR-EFI-04" duration="00:00:00.0020710" startTime="2023-12-22T09:34:24.1002549+01:00" endTime="2023-12-22T09:34:24.1002549+01:00" testType="13cdc9d9-ddb5-4fa4-a97d-d965ccfc6d4b" outcome="Passed" testListId="8c84fa94-04c1-424b-9868-57a2d4851a1d" relativeResultsDirectory="7e13dbc7-cc38-4053-8e10-3486d98288db" />
    <UnitTestResult executionId="ff36f9c2-feee-41f7-9b13-2b68ce53a415" testId="79b6c85e-0b7d-cb65-82e7-89f5d068ffea" testName="TestFactory_Success" computerName="DKSR-EFI-04" duration="00:00:00.0009624" startTime="2023-12-22T09:34:46.0222396+01:00" endTime="2023-12-22T09:34:46.0222396+01:00" testType="13cdc9d9-ddb5-4fa4-a97d-d965ccfc6d4b" outcome="Passed" testListId="8c84fa94-04c1-424b-9868-57a2d4851a1d" relativeResultsDirectory="ff36f9c2-feee-41f7-9b13-2b68ce53a415" />
    <UnitTestResult executionId="244c6aa6-97bb-41ad-b776-a859a7663388" testId="d94f0f94-5dd6-5846-2e1a-43577eb31456" testName="AddItems_3Iems_3Clusters" computerName="DKSR-EFI-04" duration="00:00:00.0052660" startTime="2023-12-22T09:34:24.6627586+01:00" endTime="2023-12-22T09:34:24.6783830+01:00" testType="13cdc9d9-ddb5-4fa4-a97d-d965ccfc6d4b" outcome="Passed" testListId="8c84fa94-04c1-424b-9868-57a2d4851a1d" relativeResultsDirectory="244c6aa6-97bb-41ad-b776-a859a7663388" />
    <UnitTestResult executionId="45d497a0-aec4-459a-9c7a-cbdb7ad6f35d" testId="b4d6d17f-df18-f9fd-dc55-d919392c93da" testName="TestAddLevel_BuildingNotFound_Failure" computerName="DKSR-EFI-04" duration="00:00:00.0040963" startTime="2023-12-22T09:34:21.5533667+01:00" endTime="2023-12-22T09:34:21.5533667+01:00" testType="13cdc9d9-ddb5-4fa4-a97d-d965ccfc6d4b" outcome="Passed" testListId="8c84fa94-04c1-424b-9868-57a2d4851a1d" relativeResultsDirectory="45d497a0-aec4-459a-9c7a-cbdb7ad6f35d" />
    <UnitTestResult executionId="56936b80-aa52-4b1d-a738-14300f3d6641" testId="064a40b7-4414-721c-b888-a78177031ee8" testName="TestProperties_GetProperties_Success" computerName="DKSR-EFI-04" duration="00:00:00.0009439" startTime="2023-12-22T09:34:23.8502520+01:00" endTime="2023-12-22T09:34:23.8658794+01:00" testType="13cdc9d9-ddb5-4fa4-a97d-d965ccfc6d4b" outcome="Passed" testListId="8c84fa94-04c1-424b-9868-57a2d4851a1d" relativeResultsDirectory="56936b80-aa52-4b1d-a738-14300f3d6641" />
    <UnitTestResult executionId="88d056d7-5794-458d-a04b-0bcf7a990b8e" testId="ee012e59-9eef-b52f-11ac-e344e742f309" testName="TestWcfObject_GetWcfObjectWithoutTransformInfo_Success" computerName="DKSR-EFI-04" duration="00:00:00.0007972" startTime="2023-12-22T09:34:23.9596287+01:00" endTime="2023-12-22T09:34:23.9596287+01:00" testType="13cdc9d9-ddb5-4fa4-a97d-d965ccfc6d4b" outcome="Passed" testListId="8c84fa94-04c1-424b-9868-57a2d4851a1d" relativeResultsDirectory="88d056d7-5794-458d-a04b-0bcf7a990b8e" />
    <UnitTestResult executionId="2026e2d4-8b06-4fbc-b7dc-17bd971182ba" testId="0e5e57e7-156f-1afb-4215-734dfc901d81" testName="TestPropertyNames_GettingPropertyNames_Success" computerName="DKSR-EFI-04" duration="00:00:00.0017515" startTime="2023-12-22T09:34:22.6783717+01:00" endTime="2023-12-22T09:34:22.6783717+01:00" testType="13cdc9d9-ddb5-4fa4-a97d-d965ccfc6d4b" outcome="Passed" testListId="8c84fa94-04c1-424b-9868-57a2d4851a1d" relativeResultsDirectory="2026e2d4-8b06-4fbc-b7dc-17bd971182ba" />
    <UnitTestResult executionId="747ae33c-4356-4d18-b4e9-ee758a0f6bd7" testId="826f9014-332f-610b-e2c7-728e9ec50cd4" testName="TestConstructor" computerName="DKSR-EFI-04" duration="00:00:00.0013197" startTime="2023-12-22T09:34:22.2877446+01:00" endTime="2023-12-22T09:34:22.2877446+01:00" testType="13cdc9d9-ddb5-4fa4-a97d-d965ccfc6d4b" outcome="Passed" testListId="8c84fa94-04c1-424b-9868-57a2d4851a1d" relativeResultsDirectory="747ae33c-4356-4d18-b4e9-ee758a0f6bd7" />
    <UnitTestResult executionId="66e679b9-2fee-4c02-8829-1530fb469cb5" testId="1c2a8c06-877d-88dd-3bb9-78c2306a3033" testName="TestConstructor_Success" computerName="DKSR-EFI-04" duration="00:00:00.0012443" startTime="2023-12-22T09:34:23.2408758+01:00" endTime="2023-12-22T09:34:23.2408758+01:00" testType="13cdc9d9-ddb5-4fa4-a97d-d965ccfc6d4b" outcome="Passed" testListId="8c84fa94-04c1-424b-9868-57a2d4851a1d" relativeResultsDirectory="66e679b9-2fee-4c02-8829-1530fb469cb5" />
    <UnitTestResult executionId="e0d07e0f-3cbd-4071-973e-90e246821d64" testId="087b1e39-d1fa-3d6c-4685-64625acfa9e4" testName="TestConstructor_CreateService_Success" computerName="DKSR-EFI-04" duration="00:00:00.3886841" startTime="2023-12-22T09:34:17.0689695+01:00" endTime="2023-12-22T09:34:17.9752230+01:00" testType="13cdc9d9-ddb5-4fa4-a97d-d965ccfc6d4b" outcome="Passed" testListId="8c84fa94-04c1-424b-9868-57a2d4851a1d" relativeResultsDirectory="e0d07e0f-3cbd-4071-973e-90e246821d64" />
    <UnitTestResult executionId="339ee5ae-68e1-4a3b-9c20-2dc1ac74153b" testId="9a622f3d-bf69-0522-d0f1-bc7afea2cbf7" testName="TestConstructor_ParsingWcfObject_Success" computerName="DKSR-EFI-04" duration="00:00:00.0047132" startTime="2023-12-22T09:34:23.9283787+01:00" endTime="2023-12-22T09:34:23.9440038+01:00" testType="13cdc9d9-ddb5-4fa4-a97d-d965ccfc6d4b" outcome="Passed" testListId="8c84fa94-04c1-424b-9868-57a2d4851a1d" relativeResultsDirectory="339ee5ae-68e1-4a3b-9c20-2dc1ac74153b" />
    <UnitTestResult executionId="fc41309f-a431-4661-bf92-26f0781d3175" testId="d2cc6638-fdf5-bcda-78fa-c3a5a7f5d3ea" testName="TestPropertyNames_GettingPropertyNames_Success" computerName="DKSR-EFI-04" duration="00:00:00.0015867" startTime="2023-12-22T09:34:23.6940021+01:00" endTime="2023-12-22T09:34:23.7096288+01:00" testType="13cdc9d9-ddb5-4fa4-a97d-d965ccfc6d4b" outcome="Passed" testListId="8c84fa94-04c1-424b-9868-57a2d4851a1d" relativeResultsDirectory="fc41309f-a431-4661-bf92-26f0781d3175" />
    <UnitTestResult executionId="cf3a5ca5-df01-43ab-a44f-2ab02e3a47dc" testId="73d5f157-b67c-059a-2447-5c77364d7e8b" testName="Add_WhenExistingKind_NotInitializesIndex" computerName="DKSR-EFI-04" duration="00:00:00.0029886" startTime="2023-12-22T09:34:19.0064797+01:00" endTime="2023-12-22T09:34:19.0221031+01:00" testType="13cdc9d9-ddb5-4fa4-a97d-d965ccfc6d4b" outcome="Passed" testListId="8c84fa94-04c1-424b-9868-57a2d4851a1d" relativeResultsDirectory="cf3a5ca5-df01-43ab-a44f-2ab02e3a47dc" />
    <UnitTestResult executionId="ca6a760f-1f78-4300-a5d6-b17648846b84" testId="0b688f41-c47e-a7e7-8e10-e6bdbcffe353" testName="GetBuildingItemConnectionId_ReturnsUniquePersistentIds" computerName="DKSR-EFI-04" duration="00:00:00.0077717" startTime="2023-12-22T09:34:45.7409897+01:00" endTime="2023-12-22T09:34:45.7409897+01:00" testType="13cdc9d9-ddb5-4fa4-a97d-d965ccfc6d4b" outcome="Passed" testListId="8c84fa94-04c1-424b-9868-57a2d4851a1d" relativeResultsDirectory="ca6a760f-1f78-4300-a5d6-b17648846b84" />
    <UnitTestResult executionId="81438333-cd50-434c-a8fd-729c1061472d" testId="6d2326d2-1132-af41-2236-2760df0fdb19" testName="RemoveBuildingLevel" computerName="DKSR-EFI-04" duration="00:00:00.0092096" startTime="2023-12-22T09:34:45.8347394+01:00" endTime="2023-12-22T09:34:45.8503646+01:00" testType="13cdc9d9-ddb5-4fa4-a97d-d965ccfc6d4b" outcome="Passed" testListId="8c84fa94-04c1-424b-9868-57a2d4851a1d" relativeResultsDirectory="81438333-cd50-434c-a8fd-729c1061472d" />
    <UnitTestResult executionId="5c01b370-1dba-4558-bfb7-bc515147e7a7" testId="be8bbfdf-5cee-e570-a087-d8a3e11536eb" testName="TestUpdateLevel_Success" computerName="DKSR-EFI-04" duration="00:00:00.0354100" startTime="2023-12-22T09:34:21.6471165+01:00" endTime="2023-12-22T09:34:21.6783668+01:00" testType="13cdc9d9-ddb5-4fa4-a97d-d965ccfc6d4b" outcome="Passed" testListId="8c84fa94-04c1-424b-9868-57a2d4851a1d" relativeResultsDirectory="5c01b370-1dba-4558-bfb7-bc515147e7a7" />
    <UnitTestResult executionId="93e561eb-06cf-4a01-b10c-492e64074051" testId="2c89b3f6-f469-5955-a32a-c0758733b827" testName="TestAuditLog_AuditLogWithNullItemAuditParameters_Failure" computerName="DKSR-EFI-04" duration="00:00:00.0038193" startTime="2023-12-22T09:34:23.9908797+01:00" endTime="2023-12-22T09:34:23.9908797+01:00" testType="13cdc9d9-ddb5-4fa4-a97d-d965ccfc6d4b" outcome="Passed" testListId="8c84fa94-04c1-424b-9868-57a2d4851a1d" relativeResultsDirectory="93e561eb-06cf-4a01-b10c-492e64074051" />
    <UnitTestResult executionId="cd16f9f0-f2b5-4f0c-a30e-4d1d51c32508" testId="1b4f6424-00d7-80fc-397d-ca110018694f" testName="IsOnLevel_Silent_WhenBuildingUnknown" computerName="DKSR-EFI-04" duration="00:00:00.0027853" startTime="2023-12-22T09:34:45.9284905+01:00" endTime="2023-12-22T09:34:45.9441133+01:00" testType="13cdc9d9-ddb5-4fa4-a97d-d965ccfc6d4b" outcome="Passed" testListId="8c84fa94-04c1-424b-9868-57a2d4851a1d" relativeResultsDirectory="cd16f9f0-f2b5-4f0c-a30e-4d1d51c32508" />
    <UnitTestResult executionId="63fb5703-a7b1-49b2-a92e-597da259a67b" testId="792cb16d-f91f-d7a2-bf2a-18f4a208d9a6" testName="TestProperties_GetPropertiesFromWcfObjectWithoutTransformInfo_Success" computerName="DKSR-EFI-04" duration="00:00:00.0016504" startTime="2023-12-22T09:34:24.1158803+01:00" endTime="2023-12-22T09:34:24.1158803+01:00" testType="13cdc9d9-ddb5-4fa4-a97d-d965ccfc6d4b" outcome="Passed" testListId="8c84fa94-04c1-424b-9868-57a2d4851a1d" relativeResultsDirectory="63fb5703-a7b1-49b2-a92e-597da259a67b" />
    <UnitTestResult executionId="4cdb81d9-57df-47a6-9cb6-1aabe5c073f9" testId="bbe434c3-32b3-7412-1e7a-cd1b98481aaf" testName="TestAddBuilding_NullOutline_Failure" computerName="DKSR-EFI-04" duration="00:00:00.0062616" startTime="2023-12-22T09:34:20.6939894+01:00" endTime="2023-12-22T09:34:20.7096126+01:00" testType="13cdc9d9-ddb5-4fa4-a97d-d965ccfc6d4b" outcome="Passed" testListId="8c84fa94-04c1-424b-9868-57a2d4851a1d" relativeResultsDirectory="4cdb81d9-57df-47a6-9cb6-1aabe5c073f9" />
    <UnitTestResult executionId="f3ada94c-e5a3-4e34-b0c1-19a0a91ddba3" testId="a05c3d12-7a0d-46dc-ba10-7b66f15ce019" testName="TestAddLevels_Exception_Failure" computerName="DKSR-EFI-04" duration="00:00:00.0044670" startTime="2023-12-22T09:34:21.6158681+01:00" endTime="2023-12-22T09:34:21.6158681+01:00" testType="13cdc9d9-ddb5-4fa4-a97d-d965ccfc6d4b" outcome="Passed" testListId="8c84fa94-04c1-424b-9868-57a2d4851a1d" relativeResultsDirectory="f3ada94c-e5a3-4e34-b0c1-19a0a91ddba3" />
    <UnitTestResult executionId="8d33c653-ed47-417c-8b8e-b0349d1037c3" testId="30d234e3-d8e4-6f41-9375-34f1b00cb21b" testName="TestAddLevel_SQLException_UniqueKeyViolation_Failure" computerName="DKSR-EFI-04" duration="00:00:00.0045917" startTime="2023-12-22T09:34:21.5221171+01:00" endTime="2023-12-22T09:34:21.5377417+01:00" testType="13cdc9d9-ddb5-4fa4-a97d-d965ccfc6d4b" outcome="Passed" testListId="8c84fa94-04c1-424b-9868-57a2d4851a1d" relativeResultsDirectory="8d33c653-ed47-417c-8b8e-b0349d1037c3" />
    <UnitTestResult executionId="7b8f9345-4356-4633-a7b8-6e1a76499967" testId="85fce7c7-8cd1-075e-36ed-c440375e909a" testName="TestConstructor_ParsingWcfObject_Success" computerName="DKSR-EFI-04" duration="00:00:00.0006167" startTime="2023-12-22T09:34:24.1471297+01:00" endTime="2023-12-22T09:34:24.1471297+01:00" testType="13cdc9d9-ddb5-4fa4-a97d-d965ccfc6d4b" outcome="Passed" testListId="8c84fa94-04c1-424b-9868-57a2d4851a1d" relativeResultsDirectory="7b8f9345-4356-4633-a7b8-6e1a76499967" />
    <UnitTestResult executionId="32261e02-9034-4a84-953e-0beb680f6fd0" testId="3f64cf55-1663-03c1-53b4-20fe58d327f0" testName="TestConstructor_CreateService_Success" computerName="DKSR-EFI-04" duration="00:00:00.0007200" startTime="2023-12-22T09:34:18.8033519+01:00" endTime="2023-12-22T09:34:18.8033519+01:00" testType="13cdc9d9-ddb5-4fa4-a97d-d965ccfc6d4b" outcome="Passed" testListId="8c84fa94-04c1-424b-9868-57a2d4851a1d" relativeResultsDirectory="32261e02-9034-4a84-953e-0beb680f6fd0" />
    <UnitTestResult executionId="01c34e59-04df-4bb5-b462-5d6367694651" testId="6996c8e0-08a0-bfff-fca5-a05e55543939" testName="TestAuditLog_NullLevelAuditParameters_Building_Failure" computerName="DKSR-EFI-04" duration="00:00:00.0017367" startTime="2023-12-22T09:34:46.2253684+01:00" endTime="2023-12-22T09:34:46.2253684+01:00" testType="13cdc9d9-ddb5-4fa4-a97d-d965ccfc6d4b" outcome="Passed" testListId="8c84fa94-04c1-424b-9868-57a2d4851a1d" relativeResultsDirectory="01c34e59-04df-4bb5-b462-5d6367694651" />
    <UnitTestResult executionId="e37e8bd6-9614-46b1-96ac-8a5869aebe22" testId="2c92206f-910a-b4af-c919-e3a119b0a747" testName="DeleteItem_NonExistant_Ignores" computerName="DKSR-EFI-04" duration="00:00:00.0049308" startTime="2023-12-22T09:34:19.4283545+01:00" endTime="2023-12-22T09:34:19.4283545+01:00" testType="13cdc9d9-ddb5-4fa4-a97d-d965ccfc6d4b" outcome="Passed" testListId="8c84fa94-04c1-424b-9868-57a2d4851a1d" relativeResultsDirectory="e37e8bd6-9614-46b1-96ac-8a5869aebe22" />
    <UnitTestResult executionId="c92525a9-34ba-42e7-9972-25cc94965122" testId="0fb9c2a6-ea9b-e8a0-a382-04b6cf31ab2d" testName="Opened_ObtainsItemsInitializesServices" computerName="DKSR-EFI-04" duration="00:00:00.1401520" startTime="2023-12-22T09:34:18.4127266+01:00" endTime="2023-12-22T09:34:18.5533520+01:00" testType="13cdc9d9-ddb5-4fa4-a97d-d965ccfc6d4b" outcome="Passed" testListId="8c84fa94-04c1-424b-9868-57a2d4851a1d" relativeResultsDirectory="c92525a9-34ba-42e7-9972-25cc94965122" />
    <UnitTestResult executionId="a46ddabb-1fbc-4347-ba34-df5f4408b9b6" testId="bccf4cb6-374e-946c-2c8b-599e30165b27" testName="GetClusters_5Iems_1Cluster_InArea" computerName="DKSR-EFI-04" duration="00:00:00.0037939" startTime="2023-12-22T09:34:24.7096342+01:00" endTime="2023-12-22T09:34:24.7096342+01:00" testType="13cdc9d9-ddb5-4fa4-a97d-d965ccfc6d4b" outcome="Passed" testListId="8c84fa94-04c1-424b-9868-57a2d4851a1d" relativeResultsDirectory="a46ddabb-1fbc-4347-ba34-df5f4408b9b6" />
    <UnitTestResult executionId="700fd9a7-725f-4abe-aef8-a4524a5345ae" testId="27ff166e-b5e3-5e12-5f72-cdf5284654c4" testName="TestAuditLog_AuditLogItemChanged_WithoutChangingAnyLocations_Success" computerName="DKSR-EFI-04" duration="00:00:00.0107756" startTime="2023-12-22T09:34:23.3971263+01:00" endTime="2023-12-22T09:34:23.4127517+01:00" testType="13cdc9d9-ddb5-4fa4-a97d-d965ccfc6d4b" outcome="Passed" testListId="8c84fa94-04c1-424b-9868-57a2d4851a1d" relativeResultsDirectory="700fd9a7-725f-4abe-aef8-a4524a5345ae" />
    <UnitTestResult executionId="68df368d-64ef-44cb-a4e4-00a6a191c52a" testId="4a6b21bb-5bba-4983-b68d-5e6937cebf15" testName="AddBuilding" computerName="DKSR-EFI-04" duration="00:00:00.0076362" startTime="2023-12-22T09:34:45.7409897+01:00" endTime="2023-12-22T09:34:45.7567617+01:00" testType="13cdc9d9-ddb5-4fa4-a97d-d965ccfc6d4b" outcome="Passed" testListId="8c84fa94-04c1-424b-9868-57a2d4851a1d" relativeResultsDirectory="68df368d-64ef-44cb-a4e4-00a6a191c52a" />
    <UnitTestResult executionId="4f4be5a7-efd0-4f1f-b85a-0545e2f35d5a" testId="c6033b07-486f-3d82-e115-16884ba6fd5c" testName="TestPropertyNames_GettingPropertyNames_Success" computerName="DKSR-EFI-04" duration="00:00:00.0098119" startTime="2023-12-22T09:34:22.6158757+01:00" endTime="2023-12-22T09:34:22.6314989+01:00" testType="13cdc9d9-ddb5-4fa4-a97d-d965ccfc6d4b" outcome="Passed" testListId="8c84fa94-04c1-424b-9868-57a2d4851a1d" relativeResultsDirectory="4f4be5a7-efd0-4f1f-b85a-0545e2f35d5a" />
    <UnitTestResult executionId="daf8d6e3-1d99-46a3-92d8-2d3c120bd47d" testId="33ad8b92-a294-28a8-50a7-fb68567a5873" testName="TestConstructor_ParsingWcfObject_Success" computerName="DKSR-EFI-04" duration="00:00:00.0007888" startTime="2023-12-22T09:34:22.8971241+01:00" endTime="2023-12-22T09:34:22.8971241+01:00" testType="13cdc9d9-ddb5-4fa4-a97d-d965ccfc6d4b" outcome="Passed" testListId="8c84fa94-04c1-424b-9868-57a2d4851a1d" relativeResultsDirectory="daf8d6e3-1d99-46a3-92d8-2d3c120bd47d" />
    <UnitTestResult executionId="e040ebf9-c80e-4fa2-8a9b-298547bf1f05" testId="c2671202-eec0-eb61-aaf8-b6ed3b317f8b" testName="TestAddBuilding_Success" computerName="DKSR-EFI-04" duration="00:00:00.0643553" startTime="2023-12-22T09:34:20.6158648+01:00" endTime="2023-12-22T09:34:20.6783613+01:00" testType="13cdc9d9-ddb5-4fa4-a97d-d965ccfc6d4b" outcome="Passed" testListId="8c84fa94-04c1-424b-9868-57a2d4851a1d" relativeResultsDirectory="e040ebf9-c80e-4fa2-8a9b-298547bf1f05" />
    <UnitTestResult executionId="ee0e4f61-4971-4a1c-b8d0-bcb1d3c33a59" testId="b5ac5ac6-ee6f-2fae-da61-a14730c5b67f" testName="TestAuditLog_AuditLogWithNullAuditLogger_Failure" computerName="DKSR-EFI-04" duration="00:00:00.0055837" startTime="2023-12-22T09:34:23.5533771+01:00" endTime="2023-12-22T09:34:23.5690018+01:00" testType="13cdc9d9-ddb5-4fa4-a97d-d965ccfc6d4b" outcome="Passed" testListId="8c84fa94-04c1-424b-9868-57a2d4851a1d" relativeResultsDirectory="ee0e4f61-4971-4a1c-b8d0-bcb1d3c33a59" />
    <UnitTestResult executionId="f34d53c9-a0a5-41a3-9d34-eb39146906a6" testId="9c19758e-d9ee-78de-7800-7d27fd6f112b" testName="TestWcfObject_GetWcfObjectWithoutPosition_Success" computerName="DKSR-EFI-04" duration="00:00:00.0006995" startTime="2023-12-22T09:34:23.2721256+01:00" endTime="2023-12-22T09:34:23.2721256+01:00" testType="13cdc9d9-ddb5-4fa4-a97d-d965ccfc6d4b" outcome="Passed" testListId="8c84fa94-04c1-424b-9868-57a2d4851a1d" relativeResultsDirectory="f34d53c9-a0a5-41a3-9d34-eb39146906a6" />
    <UnitTestResult executionId="48add0cc-5a0b-41f7-8191-5d8265b0d163" testId="f98068f9-99f7-ff5b-d168-ef651dd264ce" testName="Close_ClosesCommandsAndHostsInTheOrder" computerName="DKSR-EFI-04" duration="00:00:00.0021782" startTime="2023-12-22T09:34:18.4127266+01:00" endTime="2023-12-22T09:34:18.4127266+01:00" testType="13cdc9d9-ddb5-4fa4-a97d-d965ccfc6d4b" outcome="Passed" testListId="8c84fa94-04c1-424b-9868-57a2d4851a1d" relativeResultsDirectory="48add0cc-5a0b-41f7-8191-5d8265b0d163" />
    <UnitTestResult executionId="5d23cb7b-911e-4ebd-a481-d8edda8aeaaa" testId="28140170-9ac9-05fa-34fa-147a1c4f6356" testName="Test_DeleteLevels_NonUniqueBuildingException_Failure" computerName="DKSR-EFI-04" duration="00:00:00.0080588" startTime="2023-12-22T09:34:22.1002445+01:00" endTime="2023-12-22T09:34:22.1158693+01:00" testType="13cdc9d9-ddb5-4fa4-a97d-d965ccfc6d4b" outcome="Passed" testListId="8c84fa94-04c1-424b-9868-57a2d4851a1d" relativeResultsDirectory="5d23cb7b-911e-4ebd-a481-d8edda8aeaaa" />
    <UnitTestResult executionId="0867d6c9-a468-4661-97aa-e4119f0ba191" testId="aaef23ea-7d4f-464a-f3c4-a3b6ae89c399" testName="BrowseLayer_Generic_CreateFromData_Success" computerName="DKSR-EFI-04" duration="00:00:00.0126973" startTime="2023-12-22T09:34:24.2408801+01:00" endTime="2023-12-22T09:34:24.2565053+01:00" testType="13cdc9d9-ddb5-4fa4-a97d-d965ccfc6d4b" outcome="Passed" testListId="8c84fa94-04c1-424b-9868-57a2d4851a1d" relativeResultsDirectory="0867d6c9-a468-4661-97aa-e4119f0ba191" />
    <UnitTestResult executionId="0edbf3a8-8471-4cf9-bd99-064a5615a780" testId="fa6de487-a47b-e1b2-0660-76fc5d8d43a9" testName="TestConstructor_ParsingWcfObjectWithoutExtent_Success" computerName="DKSR-EFI-04" duration="00:00:00.0002627" startTime="2023-12-22T09:34:23.8658794+01:00" endTime="2023-12-22T09:34:23.8658794+01:00" testType="13cdc9d9-ddb5-4fa4-a97d-d965ccfc6d4b" outcome="Passed" testListId="8c84fa94-04c1-424b-9868-57a2d4851a1d" relativeResultsDirectory="0edbf3a8-8471-4cf9-bd99-064a5615a780" />
    <UnitTestResult executionId="bbca2e76-2fd2-4d8c-9363-99f155d861d4" testId="c79d8919-0c8f-922d-ea75-de9901ebd1ee" testName="LevelEvents_Reaction" computerName="DKSR-EFI-04" duration="00:00:00.0314224" startTime="2023-12-22T09:34:19.3502295+01:00" endTime="2023-12-22T09:34:19.3814796+01:00" testType="13cdc9d9-ddb5-4fa4-a97d-d965ccfc6d4b" outcome="Passed" testListId="8c84fa94-04c1-424b-9868-57a2d4851a1d" relativeResultsDirectory="bbca2e76-2fd2-4d8c-9363-99f155d861d4" />
    <UnitTestResult executionId="233295b9-4f8f-486c-9411-275fde2e71ea" testId="0b552305-9a3c-ae3d-211e-4f06f0749f1a" testName="GetMipItemContextMenu_Success" computerName="DKSR-EFI-04" duration="00:00:00.0195904" startTime="2023-12-22T09:34:18.5689754+01:00" endTime="2023-12-22T09:34:18.6002277+01:00" testType="13cdc9d9-ddb5-4fa4-a97d-d965ccfc6d4b" outcome="Passed" testListId="8c84fa94-04c1-424b-9868-57a2d4851a1d" relativeResultsDirectory="233295b9-4f8f-486c-9411-275fde2e71ea" />
    <UnitTestResult executionId="90997082-4da3-43d5-8548-ff032ab71dbe" testId="dd3c3a60-8205-afc0-6c6b-c7fa7c584838" testName="TestWcfObject_GetWcfObjectWithoutOriginalExtent_Success" computerName="DKSR-EFI-04" duration="00:00:00.0009698" startTime="2023-12-22T09:34:24.3815054+01:00" endTime="2023-12-22T09:34:24.3815054+01:00" testType="13cdc9d9-ddb5-4fa4-a97d-d965ccfc6d4b" outcome="Passed" testListId="8c84fa94-04c1-424b-9868-57a2d4851a1d" relativeResultsDirectory="90997082-4da3-43d5-8548-ff032ab71dbe" />
    <UnitTestResult executionId="7e4501d2-2b0b-4603-bda8-6e8ec61e4b5c" testId="e0a7365a-ad4d-0da4-c7ec-e8c8531859b3" testName="TestPropertyNames_GettingPropertyNames_Success" computerName="DKSR-EFI-04" duration="00:00:00.0004272" startTime="2023-12-22T09:34:22.7721224+01:00" endTime="2023-12-22T09:34:22.7721224+01:00" testType="13cdc9d9-ddb5-4fa4-a97d-d965ccfc6d4b" outcome="Passed" testListId="8c84fa94-04c1-424b-9868-57a2d4851a1d" relativeResultsDirectory="7e4501d2-2b0b-4603-bda8-6e8ec61e4b5c" />
    <UnitTestResult executionId="36424b4d-3a02-4d9d-a7a7-03cfe4fa7e4c" testId="3c4a8dbc-f203-f5c2-5853-8bf56a4fbb7a" testName="TestAddBuildings_NullBuildings_Failure" computerName="DKSR-EFI-04" duration="00:00:00.0023341" startTime="2023-12-22T09:34:20.8658622+01:00" endTime="2023-12-22T09:34:20.8658622+01:00" testType="13cdc9d9-ddb5-4fa4-a97d-d965ccfc6d4b" outcome="Passed" testListId="8c84fa94-04c1-424b-9868-57a2d4851a1d" relativeResultsDirectory="36424b4d-3a02-4d9d-a7a7-03cfe4fa7e4c" />
    <UnitTestResult executionId="3a8145a7-3d97-4656-929b-1f0637c5ecfa" testId="5748818a-e4fb-d506-37f3-b1d42a9f27d4" testName="TestConstructor_ParsingWcfObjectWithoutExtent_Success" computerName="DKSR-EFI-04" duration="00:00:00.0008197" startTime="2023-12-22T09:34:24.3503152+01:00" endTime="2023-12-22T09:34:24.3503152+01:00" testType="13cdc9d9-ddb5-4fa4-a97d-d965ccfc6d4b" outcome="Passed" testListId="8c84fa94-04c1-424b-9868-57a2d4851a1d" relativeResultsDirectory="3a8145a7-3d97-4656-929b-1f0637c5ecfa" />
    <UnitTestResult executionId="ac354608-6274-4a99-8340-180798530b75" testId="4dad2563-00d9-d9fe-66d8-9e23a8e0b44f" testName="TestConstructor_ParsingWcfObject_Success" computerName="DKSR-EFI-04" duration="00:00:00.0008802" startTime="2023-12-22T09:34:23.8658794+01:00" endTime="2023-12-22T09:34:23.8658794+01:00" testType="13cdc9d9-ddb5-4fa4-a97d-d965ccfc6d4b" outcome="Passed" testListId="8c84fa94-04c1-424b-9868-57a2d4851a1d" relativeResultsDirectory="ac354608-6274-4a99-8340-180798530b75" />
    <UnitTestResult executionId="008136b5-be53-4fb7-ae69-2c70593bae33" testId="ffc2f231-3796-544f-ac40-4ff508739cbb" testName="TestConstructor_ParsingWcfObjectWithoutTransformInfo_Success" computerName="DKSR-EFI-04" duration="00:00:00.0004899" startTime="2023-12-22T09:34:24.0846291+01:00" endTime="2023-12-22T09:34:24.0846291+01:00" testType="13cdc9d9-ddb5-4fa4-a97d-d965ccfc6d4b" outcome="Passed" testListId="8c84fa94-04c1-424b-9868-57a2d4851a1d" relativeResultsDirectory="008136b5-be53-4fb7-ae69-2c70593bae33" />
    <UnitTestResult executionId="2d50a028-92ee-4958-afe5-d7d9a3080b03" testId="80143aa7-6703-945c-b8b2-c6dc9d604a4b" testName="TestProperties_GetProperties_Success" computerName="DKSR-EFI-04" duration="00:00:00.0011350" startTime="2023-12-22T09:34:24.4596297+01:00" endTime="2023-12-22T09:34:24.4596297+01:00" testType="13cdc9d9-ddb5-4fa4-a97d-d965ccfc6d4b" outcome="Passed" testListId="8c84fa94-04c1-424b-9868-57a2d4851a1d" relativeResultsDirectory="2d50a028-92ee-4958-afe5-d7d9a3080b03" />
    <UnitTestResult executionId="46c0b55b-c71a-419a-abd1-bcd00882d391" testId="d213c998-c49d-6852-8aff-647de77dd87a" testName="TestUpdateLevels_DatabaseException_Failure" computerName="DKSR-EFI-04" duration="00:00:00.0049173" startTime="2023-12-22T09:34:21.8814934+01:00" endTime="2023-12-22T09:34:21.8814934+01:00" testType="13cdc9d9-ddb5-4fa4-a97d-d965ccfc6d4b" outcome="Passed" testListId="8c84fa94-04c1-424b-9868-57a2d4851a1d" relativeResultsDirectory="46c0b55b-c71a-419a-abd1-bcd00882d391" />
    <UnitTestResult executionId="af76b865-ab4c-4ef2-b4c3-284545ae9d37" testId="bc906a33-27f9-6951-f669-a9b3927c0fa3" testName="TestUpdateProperties_UpdateAllProperties_Success" computerName="DKSR-EFI-04" duration="00:00:00.0020580" startTime="2023-12-22T09:34:22.7564989+01:00" endTime="2023-12-22T09:34:22.7564989+01:00" testType="13cdc9d9-ddb5-4fa4-a97d-d965ccfc6d4b" outcome="Passed" testListId="8c84fa94-04c1-424b-9868-57a2d4851a1d" relativeResultsDirectory="af76b865-ab4c-4ef2-b4c3-284545ae9d37" />
    <UnitTestResult executionId="06fa28fd-b939-480e-99d4-af46d851a541" testId="881aee88-0885-86de-0d65-0a933a92e7c3" testName="TestConstructor_ParsingWcfObjectNullOutline_Success" computerName="DKSR-EFI-04" duration="00:00:00.0005547" startTime="2023-12-22T09:34:46.0691171+01:00" endTime="2023-12-22T09:34:46.0691171+01:00" testType="13cdc9d9-ddb5-4fa4-a97d-d965ccfc6d4b" outcome="Passed" testListId="8c84fa94-04c1-424b-9868-57a2d4851a1d" relativeResultsDirectory="06fa28fd-b939-480e-99d4-af46d851a541" />
    <UnitTestResult executionId="c2602e48-6d17-45a5-a236-c3fd7224b3d4" testId="6ea25f34-c5cc-0441-bee5-06b40fda8ee3" testName="TestConstructor" computerName="DKSR-EFI-04" duration="00:00:00.0002381" startTime="2023-12-22T09:34:45.6941141+01:00" endTime="2023-12-22T09:34:45.6941141+01:00" testType="13cdc9d9-ddb5-4fa4-a97d-d965ccfc6d4b" outcome="Passed" testListId="8c84fa94-04c1-424b-9868-57a2d4851a1d" relativeResultsDirectory="c2602e48-6d17-45a5-a236-c3fd7224b3d4" />
    <UnitTestResult executionId="fd9b6c4c-7f74-4363-9112-e86d2464d682" testId="7b2097a1-e30d-1da0-745e-238447ccb557" testName="TestConstructor_ParsingWcfObjectWithNullMapSettings_Success" computerName="DKSR-EFI-04" duration="00:00:00.0026616" startTime="2023-12-22T09:34:23.6471284+01:00" endTime="2023-12-22T09:34:23.6471284+01:00" testType="13cdc9d9-ddb5-4fa4-a97d-d965ccfc6d4b" outcome="Passed" testListId="8c84fa94-04c1-424b-9868-57a2d4851a1d" relativeResultsDirectory="fd9b6c4c-7f74-4363-9112-e86d2464d682" />
    <UnitTestResult executionId="f2183daf-ec07-4cd1-8ca5-54bcaa60088a" testId="44c3ebfb-f372-6e47-e9f1-df85b6126208" testName="TestConstructor_ParsingWcfObjectWithoutExtent_Success" computerName="DKSR-EFI-04" duration="00:00:00.0006278" startTime="2023-12-22T09:34:24.1783803+01:00" endTime="2023-12-22T09:34:24.1783803+01:00" testType="13cdc9d9-ddb5-4fa4-a97d-d965ccfc6d4b" outcome="Passed" testListId="8c84fa94-04c1-424b-9868-57a2d4851a1d" relativeResultsDirectory="f2183daf-ec07-4cd1-8ca5-54bcaa60088a" />
    <UnitTestResult executionId="5d5b77c3-b6bf-4670-afc7-89722a2e6b60" testId="b57b6d91-ad4c-2a37-0eea-35646e89bedd" testName="TestConstructor_Success" computerName="DKSR-EFI-04" duration="00:00:00.0009542" startTime="2023-12-22T09:34:24.2877556+01:00" endTime="2023-12-22T09:34:24.2877556+01:00" testType="13cdc9d9-ddb5-4fa4-a97d-d965ccfc6d4b" outcome="Passed" testListId="8c84fa94-04c1-424b-9868-57a2d4851a1d" relativeResultsDirectory="5d5b77c3-b6bf-4670-afc7-89722a2e6b60" />
    <UnitTestResult executionId="c5bf596a-7a83-4c81-8295-5da3665db621" testId="83b4ca69-9612-d0a8-ed16-13285ba555a1" testName="TestProperties_GetProperties_Success" computerName="DKSR-EFI-04" duration="00:00:00.0068341" startTime="2023-12-22T09:34:22.6471234+01:00" endTime="2023-12-22T09:34:22.6627491+01:00" testType="13cdc9d9-ddb5-4fa4-a97d-d965ccfc6d4b" outcome="Passed" testListId="8c84fa94-04c1-424b-9868-57a2d4851a1d" relativeResultsDirectory="c5bf596a-7a83-4c81-8295-5da3665db621" />
    <UnitTestResult executionId="fbf77c5c-fc02-471d-bae5-abae4caebd3f" testId="a3247744-89f4-35dc-16c0-150d01903f01" testName="TestConstructor_ParsingWcfObjectWithNullUpperLeftUpperRightLowerLeftLowerRight_Success" computerName="DKSR-EFI-04" duration="00:00:00.0021155" startTime="2023-12-22T09:34:22.6002478+01:00" endTime="2023-12-22T09:34:22.6002478+01:00" testType="13cdc9d9-ddb5-4fa4-a97d-d965ccfc6d4b" outcome="Passed" testListId="8c84fa94-04c1-424b-9868-57a2d4851a1d" relativeResultsDirectory="fbf77c5c-fc02-471d-bae5-abae4caebd3f" />
    <UnitTestResult executionId="d46bf2e2-8097-40cc-81e7-b521f845ddfb" testId="e3e7ed91-54d1-f895-6b06-62e2b626bdd6" testName="GetItemBuildings" computerName="DKSR-EFI-04" duration="00:00:00.0263637" startTime="2023-12-22T09:34:45.7097411+01:00" endTime="2023-12-22T09:34:45.7409897+01:00" testType="13cdc9d9-ddb5-4fa4-a97d-d965ccfc6d4b" outcome="Passed" testListId="8c84fa94-04c1-424b-9868-57a2d4851a1d" relativeResultsDirectory="d46bf2e2-8097-40cc-81e7-b521f845ddfb" />
    <UnitTestResult executionId="4f8023a7-fb39-4170-b490-c45a048a2cc8" testId="57413277-6e73-a6ec-8287-b7d3e305b5ba" testName="TestUpdateBuilding_MultipleRows_Failure" computerName="DKSR-EFI-04" duration="00:00:00.0155432" startTime="2023-12-22T09:34:21.1783652+01:00" endTime="2023-12-22T09:34:21.1939900+01:00" testType="13cdc9d9-ddb5-4fa4-a97d-d965ccfc6d4b" outcome="Passed" testListId="8c84fa94-04c1-424b-9868-57a2d4851a1d" relativeResultsDirectory="4f8023a7-fb39-4170-b490-c45a048a2cc8" />
    <UnitTestResult executionId="1b885a56-a21b-4c0e-8d7a-93e620b4209d" testId="a5eb2fee-b9b1-5717-6228-97f4dd42bf1c" testName="TestAuditLog_AuditLogLegacyLinkValidMapAdded_Success" computerName="DKSR-EFI-04" duration="00:00:00.0532379" startTime="2023-12-22T09:34:22.9752496+01:00" endTime="2023-12-22T09:34:23.0377498+01:00" testType="13cdc9d9-ddb5-4fa4-a97d-d965ccfc6d4b" outcome="Passed" testListId="8c84fa94-04c1-424b-9868-57a2d4851a1d" relativeResultsDirectory="1b885a56-a21b-4c0e-8d7a-93e620b4209d" />
    <UnitTestResult executionId="1fdfd535-457f-4a2f-a0c1-87369b9bb351" testId="612916a7-ba3b-d557-9866-51fc7ebe250f" testName="TestDeleteBuildings_ZeroRows_Success" computerName="DKSR-EFI-04" duration="00:00:00.0046094" startTime="2023-12-22T09:34:21.0533656+01:00" endTime="2023-12-22T09:34:21.0533656+01:00" testType="13cdc9d9-ddb5-4fa4-a97d-d965ccfc6d4b" outcome="Passed" testListId="8c84fa94-04c1-424b-9868-57a2d4851a1d" relativeResultsDirectory="1fdfd535-457f-4a2f-a0c1-87369b9bb351" />
    <UnitTestResult executionId="cd5df8da-2144-41cd-953a-4aaf68c460d3" testId="131c4e67-90f7-5d65-1e4c-ceccc321216d" testName="Close_UnsubscribesFromMessage" computerName="DKSR-EFI-04" duration="00:00:00.0073872" startTime="2023-12-22T09:34:19.2408562+01:00" endTime="2023-12-22T09:34:19.2564798+01:00" testType="13cdc9d9-ddb5-4fa4-a97d-d965ccfc6d4b" outcome="Passed" testListId="8c84fa94-04c1-424b-9868-57a2d4851a1d" relativeResultsDirectory="cd5df8da-2144-41cd-953a-4aaf68c460d3" />
    <UnitTestResult executionId="a01dd4e3-41a9-4437-9d86-69862beae69c" testId="2b0ddda1-fce4-b042-1aa2-8a51e8069254" testName="TestDeleteBuildings_NullId_Failure" computerName="DKSR-EFI-04" duration="00:00:00.0030347" startTime="2023-12-22T09:34:21.0533656+01:00" endTime="2023-12-22T09:34:21.0533656+01:00" testType="13cdc9d9-ddb5-4fa4-a97d-d965ccfc6d4b" outcome="Passed" testListId="8c84fa94-04c1-424b-9868-57a2d4851a1d" relativeResultsDirectory="a01dd4e3-41a9-4437-9d86-69862beae69c" />
    <UnitTestResult executionId="80e42545-10ca-47f9-bbcb-d7d6f74d43ab" testId="9c476a3a-eb18-5698-75f9-97279492aa92" testName="OnLevelsUpdated" computerName="DKSR-EFI-04" duration="00:00:00.0108299" startTime="2023-12-22T09:34:18.8346041+01:00" endTime="2023-12-22T09:34:18.8502277+01:00" testType="13cdc9d9-ddb5-4fa4-a97d-d965ccfc6d4b" outcome="Passed" testListId="8c84fa94-04c1-424b-9868-57a2d4851a1d" relativeResultsDirectory="80e42545-10ca-47f9-bbcb-d7d6f74d43ab" />
    <UnitTestResult executionId="9389a48d-ef3b-469c-8500-a99677147521" testId="a87e64c5-985f-097d-7fbf-350e3851e0ae" testName="TestConstructor_Success" computerName="DKSR-EFI-04" duration="00:00:00.0024031" startTime="2023-12-22T09:34:22.9127492+01:00" endTime="2023-12-22T09:34:22.9127492+01:00" testType="13cdc9d9-ddb5-4fa4-a97d-d965ccfc6d4b" outcome="Passed" testListId="8c84fa94-04c1-424b-9868-57a2d4851a1d" relativeResultsDirectory="9389a48d-ef3b-469c-8500-a99677147521" />
    <UnitTestResult executionId="6e5f93e6-c4db-426d-b03e-f3dad16e5779" testId="e39289e7-df4e-1a22-74d8-c48f8fdbeef7" testName="GetItem_WhenCorrectId_ReturnsItem" computerName="DKSR-EFI-04" duration="00:00:00.0030182" startTime="2023-12-22T09:34:18.9596048+01:00" endTime="2023-12-22T09:34:18.9752287+01:00" testType="13cdc9d9-ddb5-4fa4-a97d-d965ccfc6d4b" outcome="Passed" testListId="8c84fa94-04c1-424b-9868-57a2d4851a1d" relativeResultsDirectory="6e5f93e6-c4db-426d-b03e-f3dad16e5779" />
    <UnitTestResult executionId="5f46e1b2-fb6f-4c4a-9437-bd63a575614b" testId="71060007-55e0-b160-6c14-41d2191d62cc" testName="TestConstructor_ParsingWcfObjectWithoutTransformInfo_Success" computerName="DKSR-EFI-04" duration="00:00:00.0007711" startTime="2023-12-22T09:34:24.3658813+01:00" endTime="2023-12-22T09:34:24.3658813+01:00" testType="13cdc9d9-ddb5-4fa4-a97d-d965ccfc6d4b" outcome="Passed" testListId="8c84fa94-04c1-424b-9868-57a2d4851a1d" relativeResultsDirectory="5f46e1b2-fb6f-4c4a-9437-bd63a575614b" />
    <UnitTestResult executionId="6ba0a5b3-e82e-4e5f-b5f2-d3f0275dcfa7" testId="e44b226a-a744-9d8e-171f-87098ada8608" testName="TestConstructor_CreateService_Success" computerName="DKSR-EFI-04" duration="00:00:00.0006933" startTime="2023-12-22T09:34:18.7877277+01:00" endTime="2023-12-22T09:34:18.7877277+01:00" testType="13cdc9d9-ddb5-4fa4-a97d-d965ccfc6d4b" outcome="Passed" testListId="8c84fa94-04c1-424b-9868-57a2d4851a1d" relativeResultsDirectory="6ba0a5b3-e82e-4e5f-b5f2-d3f0275dcfa7" />
    <UnitTestResult executionId="8ab0ad9a-1c29-4494-99f6-763416922440" testId="94421dcd-1197-85ae-01f5-f60d4f7fcf6c" testName="HasItem_True" computerName="DKSR-EFI-04" duration="00:00:00.0016037" startTime="2023-12-22T09:34:18.9596048+01:00" endTime="2023-12-22T09:34:18.9596048+01:00" testType="13cdc9d9-ddb5-4fa4-a97d-d965ccfc6d4b" outcome="Passed" testListId="8c84fa94-04c1-424b-9868-57a2d4851a1d" relativeResultsDirectory="8ab0ad9a-1c29-4494-99f6-763416922440" />
    <UnitTestResult executionId="b750f88d-8dd6-44db-91fa-211de5aa51d7" testId="4c25d9c4-7195-e009-f47f-314745602d75" testName="TestProperties_GetProperties_Success" computerName="DKSR-EFI-04" duration="00:00:00.0005806" startTime="2023-12-22T09:34:24.3190053+01:00" endTime="2023-12-22T09:34:24.3190053+01:00" testType="13cdc9d9-ddb5-4fa4-a97d-d965ccfc6d4b" outcome="Passed" testListId="8c84fa94-04c1-424b-9868-57a2d4851a1d" relativeResultsDirectory="b750f88d-8dd6-44db-91fa-211de5aa51d7" />
    <UnitTestResult executionId="bd886663-8572-4262-9447-d2b90116b8e4" testId="fd386a3f-a9a9-f707-af1f-7bfff4525e38" testName="TestWcfObject_GetWcfObject_Success" computerName="DKSR-EFI-04" duration="00:00:00.0023116" startTime="2023-12-22T09:34:23.8346296+01:00" endTime="2023-12-22T09:34:23.8502520+01:00" testType="13cdc9d9-ddb5-4fa4-a97d-d965ccfc6d4b" outcome="Passed" testListId="8c84fa94-04c1-424b-9868-57a2d4851a1d" relativeResultsDirectory="bd886663-8572-4262-9447-d2b90116b8e4" />
    <UnitTestResult executionId="aef2779c-ac06-4e94-97dd-e5d3206161d1" testId="831a4700-4280-3ccd-21d8-f5f604ea12d2" testName="Init_PopulatesMainIndexer" computerName="DKSR-EFI-04" duration="00:00:00.0123943" startTime="2023-12-22T09:34:18.9127290+01:00" endTime="2023-12-22T09:34:18.9283535+01:00" testType="13cdc9d9-ddb5-4fa4-a97d-d965ccfc6d4b" outcome="Passed" testListId="8c84fa94-04c1-424b-9868-57a2d4851a1d" relativeResultsDirectory="aef2779c-ac06-4e94-97dd-e5d3206161d1" />
    <UnitTestResult executionId="b6fbf792-47fb-4ed1-9357-cb5f6d7adf3b" testId="ea7c8f3d-8a16-b2f3-b86d-92e1bbc9b9c7" testName="TestWcfObject_ConvertToWcfObject_Success" computerName="DKSR-EFI-04" duration="00:00:00.0022392" startTime="2023-12-22T09:34:46.1941166+01:00" endTime="2023-12-22T09:34:46.1941166+01:00" testType="13cdc9d9-ddb5-4fa4-a97d-d965ccfc6d4b" outcome="Passed" testListId="8c84fa94-04c1-424b-9868-57a2d4851a1d" relativeResultsDirectory="b6fbf792-47fb-4ed1-9357-cb5f6d7adf3b" />
    <UnitTestResult executionId="5138543d-e939-4956-85fd-a61203587317" testId="6e05f086-3ad3-b5e2-47c5-d7b514255409" testName="TestWcfObject_ConvertToWcfObjectEmptyOutline_Success" computerName="DKSR-EFI-04" duration="00:00:00.0007242" startTime="2023-12-22T09:34:46.1003649+01:00" endTime="2023-12-22T09:34:46.1003649+01:00" testType="13cdc9d9-ddb5-4fa4-a97d-d965ccfc6d4b" outcome="Passed" testListId="8c84fa94-04c1-424b-9868-57a2d4851a1d" relativeResultsDirectory="5138543d-e939-4956-85fd-a61203587317" />
    <UnitTestResult executionId="e6c86115-3eca-4f51-9768-2f9c0393ceb8" testId="37e0a575-b1f4-8a64-66cd-841cc5096015" testName="RemoveBuilding" computerName="DKSR-EFI-04" duration="00:00:00.0102553" startTime="2023-12-22T09:34:45.7722413+01:00" endTime="2023-12-22T09:34:45.7722413+01:00" testType="13cdc9d9-ddb5-4fa4-a97d-d965ccfc6d4b" outcome="Passed" testListId="8c84fa94-04c1-424b-9868-57a2d4851a1d" relativeResultsDirectory="e6c86115-3eca-4f51-9768-2f9c0393ceb8" />
    <UnitTestResult executionId="8ebc358b-68d1-4998-9d1b-43db95b5bc9c" testId="4cb27c6f-9918-3553-f9c8-f8aa01445295" testName="AllItems_NotExistAfterClear" computerName="DKSR-EFI-04" duration="00:00:00.0015797" startTime="2023-12-22T09:34:45.4441117+01:00" endTime="2023-12-22T09:34:45.4441117+01:00" testType="13cdc9d9-ddb5-4fa4-a97d-d965ccfc6d4b" outcome="Passed" testListId="8c84fa94-04c1-424b-9868-57a2d4851a1d" relativeResultsDirectory="8ebc358b-68d1-4998-9d1b-43db95b5bc9c" />
    <UnitTestResult executionId="e4aae65a-478e-4b52-a458-1778b696450e" testId="72caf7c5-5a44-3398-6059-60ed1b0451dd" testName="TestAuditLog_AuditLogItemRemoved_Success" computerName="DKSR-EFI-04" duration="00:00:00.0061681" startTime="2023-12-22T09:34:23.5221269+01:00" endTime="2023-12-22T09:34:23.5221269+01:00" testType="13cdc9d9-ddb5-4fa4-a97d-d965ccfc6d4b" outcome="Passed" testListId="8c84fa94-04c1-424b-9868-57a2d4851a1d" relativeResultsDirectory="e4aae65a-478e-4b52-a458-1778b696450e" />
    <UnitTestResult executionId="b17ad669-67ce-4b0b-9477-4a1fdb789a9a" testId="5da8c5dc-8ba7-124b-a743-a3a3e93bca01" testName="TestAuditLog_AuditLogWithNullAuditLogger_Failure" computerName="DKSR-EFI-04" duration="00:00:00.0032360" startTime="2023-12-22T09:34:23.9908797+01:00" endTime="2023-12-22T09:34:23.9908797+01:00" testType="13cdc9d9-ddb5-4fa4-a97d-d965ccfc6d4b" outcome="Passed" testListId="8c84fa94-04c1-424b-9868-57a2d4851a1d" relativeResultsDirectory="b17ad669-67ce-4b0b-9477-4a1fdb789a9a" />
    <UnitTestResult executionId="bd968472-8db4-49ad-803f-7d615d70c524" testId="9cf8d3db-c963-4d0a-6444-41006ff07e7e" testName="TestConstructor_ParsingWcfObjectWithNull_Success" computerName="DKSR-EFI-04" duration="00:00:00.0027953" startTime="2023-12-22T09:34:22.9127492+01:00" endTime="2023-12-22T09:34:22.9283742+01:00" testType="13cdc9d9-ddb5-4fa4-a97d-d965ccfc6d4b" outcome="Passed" testListId="8c84fa94-04c1-424b-9868-57a2d4851a1d" relativeResultsDirectory="bd968472-8db4-49ad-803f-7d615d70c524" />
    <UnitTestResult executionId="2b854198-7c31-4ab4-9600-0a6d0b6f2885" testId="c334bc67-8ff9-4161-02ad-25619016df5f" testName="TestFactory_Success" computerName="DKSR-EFI-04" duration="00:00:00.0013630" startTime="2023-12-22T09:34:46.0222396+01:00" endTime="2023-12-22T09:34:46.0222396+01:00" testType="13cdc9d9-ddb5-4fa4-a97d-d965ccfc6d4b" outcome="Passed" testListId="8c84fa94-04c1-424b-9868-57a2d4851a1d" relativeResultsDirectory="2b854198-7c31-4ab4-9600-0a6d0b6f2885" />
    <UnitTestResult executionId="2ea7f5b8-f52b-4f10-a876-1c4931b26d51" testId="a740fbf0-9aa2-cd52-dab0-01c20d647d43" testName="TestAuditLog_AuditLogLayerRemoved_Success" computerName="DKSR-EFI-04" duration="00:00:00.0055481" startTime="2023-12-22T09:34:24.0065041+01:00" endTime="2023-12-22T09:34:24.0221303+01:00" testType="13cdc9d9-ddb5-4fa4-a97d-d965ccfc6d4b" outcome="Passed" testListId="8c84fa94-04c1-424b-9868-57a2d4851a1d" relativeResultsDirectory="2ea7f5b8-f52b-4f10-a876-1c4931b26d51" />
    <UnitTestResult executionId="d0b5ecad-7466-425e-830c-907a68cd0db0" testId="5fb5ca8d-2b3c-1e3c-db7a-47c6ee32b770" testName="SetMapItems_SetsPositionForItemWithMinimumId" computerName="DKSR-EFI-04" duration="00:00:00.0019387" startTime="2023-12-22T09:34:45.7097411+01:00" endTime="2023-12-22T09:34:45.7097411+01:00" testType="13cdc9d9-ddb5-4fa4-a97d-d965ccfc6d4b" outcome="Passed" testListId="8c84fa94-04c1-424b-9868-57a2d4851a1d" relativeResultsDirectory="d0b5ecad-7466-425e-830c-907a68cd0db0" />
    <UnitTestResult executionId="65f8137c-8ce0-4a45-974e-9bd161511741" testId="27498d42-7bbc-c38f-fb94-d07994a07cdc" testName="TestConstructor_ParsingWcfObjectWithNull_Success" computerName="DKSR-EFI-04" duration="00:00:00.0013653" startTime="2023-12-22T09:34:22.7252487+01:00" endTime="2023-12-22T09:34:22.7252487+01:00" testType="13cdc9d9-ddb5-4fa4-a97d-d965ccfc6d4b" outcome="Passed" testListId="8c84fa94-04c1-424b-9868-57a2d4851a1d" relativeResultsDirectory="65f8137c-8ce0-4a45-974e-9bd161511741" />
    <UnitTestResult executionId="ecddf31b-ee98-454b-a865-507506032e7c" testId="9825cfbc-2da7-4392-c4fd-cb2df3e16b64" testName="TestAuditLog_AuditLogLegacyLinkChangedWithWrongOldItem_Success" computerName="DKSR-EFI-04" duration="00:00:00.0081556" startTime="2023-12-22T09:34:23.1471250+01:00" endTime="2023-12-22T09:34:23.1627500+01:00" testType="13cdc9d9-ddb5-4fa4-a97d-d965ccfc6d4b" outcome="Passed" testListId="8c84fa94-04c1-424b-9868-57a2d4851a1d" relativeResultsDirectory="ecddf31b-ee98-454b-a865-507506032e7c" />
    <UnitTestResult executionId="6f2725d7-d7f7-46f2-b91f-99b5921189c7" testId="51ddb7b9-203d-bea5-aae2-647bb1045c8d" testName="TestConstructor" computerName="DKSR-EFI-04" duration="00:00:00.5290416" startTime="2023-12-22T09:34:19.8033584+01:00" endTime="2023-12-22T09:34:20.3346108+01:00" testType="13cdc9d9-ddb5-4fa4-a97d-d965ccfc6d4b" outcome="Passed" testListId="8c84fa94-04c1-424b-9868-57a2d4851a1d" relativeResultsDirectory="6f2725d7-d7f7-46f2-b91f-99b5921189c7" />
    <UnitTestResult executionId="d3f72627-7c58-404e-9f49-5bf8ceac71c2" testId="3593faca-3b71-6a5c-b854-16983be47203" testName="TestAuditLog_AuditLogMapRemoved_Success" computerName="DKSR-EFI-04" duration="00:00:00.0046651" startTime="2023-12-22T09:34:23.5846265+01:00" endTime="2023-12-22T09:34:23.5846265+01:00" testType="13cdc9d9-ddb5-4fa4-a97d-d965ccfc6d4b" outcome="Passed" testListId="8c84fa94-04c1-424b-9868-57a2d4851a1d" relativeResultsDirectory="d3f72627-7c58-404e-9f49-5bf8ceac71c2" />
    <UnitTestResult executionId="161d8d1b-e5c4-4441-a077-c040d1d73f30" testId="dcab0f5a-559b-645f-8113-283b97911312" testName="TestQueryBuildingsByMapId_ZeroRows_Success" computerName="DKSR-EFI-04" duration="00:00:00.0095856" startTime="2023-12-22T09:34:20.5846101+01:00" endTime="2023-12-22T09:34:20.5846101+01:00" testType="13cdc9d9-ddb5-4fa4-a97d-d965ccfc6d4b" outcome="Passed" testListId="8c84fa94-04c1-424b-9868-57a2d4851a1d" relativeResultsDirectory="161d8d1b-e5c4-4441-a077-c040d1d73f30" />
    <UnitTestResult executionId="7a08d227-2ae4-4637-bd80-9f8e42327642" testId="873b0ec3-8762-3e25-eb95-5c23fee39684" testName="TestQueryBuildingByBuildingId_MultipleRows_Failure" computerName="DKSR-EFI-04" duration="00:00:00.0109347" startTime="2023-12-22T09:34:20.5689856+01:00" endTime="2023-12-22T09:34:20.5846101+01:00" testType="13cdc9d9-ddb5-4fa4-a97d-d965ccfc6d4b" outcome="Passed" testListId="8c84fa94-04c1-424b-9868-57a2d4851a1d" relativeResultsDirectory="7a08d227-2ae4-4637-bd80-9f8e42327642" />
    <UnitTestResult executionId="9253363f-c95a-49a9-819b-3a6fd95a8a80" testId="ee42f87e-76f9-dab0-c8e1-bdd1a6df38c5" testName="Init_ExceptionWhenNoPositionalArea" computerName="DKSR-EFI-04" duration="00:00:00.0145215" startTime="2023-12-22T09:34:18.9283535+01:00" endTime="2023-12-22T09:34:18.9439780+01:00" testType="13cdc9d9-ddb5-4fa4-a97d-d965ccfc6d4b" outcome="Passed" testListId="8c84fa94-04c1-424b-9868-57a2d4851a1d" relativeResultsDirectory="9253363f-c95a-49a9-819b-3a6fd95a8a80" />
    <UnitTestResult executionId="f66d7119-9677-4c4a-89f4-ef961592bfac" testId="e0c30c38-4acf-7edb-0311-7e2ff9a258c6" testName="TestConstructor_ParsingWcfObjectWithNull_Success" computerName="DKSR-EFI-04" duration="00:00:00.0026140" startTime="2023-12-22T09:34:23.6002522+01:00" endTime="2023-12-22T09:34:23.6002522+01:00" testType="13cdc9d9-ddb5-4fa4-a97d-d965ccfc6d4b" outcome="Passed" testListId="8c84fa94-04c1-424b-9868-57a2d4851a1d" relativeResultsDirectory="f66d7119-9677-4c4a-89f4-ef961592bfac" />
    <UnitTestResult executionId="ddd0f542-a50b-4252-8661-a72aad5f43e8" testId="21164ddf-0ff1-4552-16fa-82b564f20ece" testName="TestConstructor_NullName_Failure" computerName="DKSR-EFI-04" duration="00:00:00.0006373" startTime="2023-12-22T09:34:19.8033584+01:00" endTime="2023-12-22T09:34:19.8033584+01:00" testType="13cdc9d9-ddb5-4fa4-a97d-d965ccfc6d4b" outcome="Passed" testListId="8c84fa94-04c1-424b-9868-57a2d4851a1d" relativeResultsDirectory="ddd0f542-a50b-4252-8661-a72aad5f43e8" />
    <UnitTestResult executionId="3a7bf00a-f5c9-416d-91fe-5ee2d39f390d" testId="e42eb884-a502-43a5-d5eb-c36e2990c151" testName="ActivatePluginAction_Success" computerName="DKSR-EFI-04" duration="00:00:00.0183818" startTime="2023-12-22T09:34:18.6002277+01:00" endTime="2023-12-22T09:34:18.6158529+01:00" testType="13cdc9d9-ddb5-4fa4-a97d-d965ccfc6d4b" outcome="Passed" testListId="8c84fa94-04c1-424b-9868-57a2d4851a1d" relativeResultsDirectory="3a7bf00a-f5c9-416d-91fe-5ee2d39f390d" />
    <UnitTestResult executionId="9712ff87-7e98-4bd1-aebe-6cb47b534103" testId="518aa60d-70ea-c078-7267-9254ad099443" testName="TestWcfObject_GetWcfObject_Success" computerName="DKSR-EFI-04" duration="00:00:00.0023025" startTime="2023-12-22T09:34:22.6939983+01:00" endTime="2023-12-22T09:34:22.6939983+01:00" testType="13cdc9d9-ddb5-4fa4-a97d-d965ccfc6d4b" outcome="Passed" testListId="8c84fa94-04c1-424b-9868-57a2d4851a1d" relativeResultsDirectory="9712ff87-7e98-4bd1-aebe-6cb47b534103" />
    <UnitTestResult executionId="ac925e56-a228-4235-b97b-747a7dc601eb" testId="55bf2929-b444-c088-260d-e1f54a53793f" testName="TestConstructor_ParsingWcfObject_Success" computerName="DKSR-EFI-04" duration="00:00:00.0052946" startTime="2023-12-22T09:34:22.8346251+01:00" endTime="2023-12-22T09:34:22.8502507+01:00" testType="13cdc9d9-ddb5-4fa4-a97d-d965ccfc6d4b" outcome="Passed" testListId="8c84fa94-04c1-424b-9868-57a2d4851a1d" relativeResultsDirectory="ac925e56-a228-4235-b97b-747a7dc601eb" />
    <UnitTestResult executionId="5a84b944-58f6-44be-acb4-7f918a505eb1" testId="1fe02c7d-840c-85b9-a599-0d65d4be7904" testName="TestAuditLog_AuditLogWithNullAuditLogger_Failure" computerName="DKSR-EFI-04" duration="00:00:00.0041487" startTime="2023-12-22T09:34:22.9752496+01:00" endTime="2023-12-22T09:34:22.9752496+01:00" testType="13cdc9d9-ddb5-4fa4-a97d-d965ccfc6d4b" outcome="Passed" testListId="8c84fa94-04c1-424b-9868-57a2d4851a1d" relativeResultsDirectory="5a84b944-58f6-44be-acb4-7f918a505eb1" />
    <UnitTestResult executionId="8b668454-35b7-47a1-b6f3-7c52410fd4ce" testId="a0716c2f-3af0-a7aa-191d-2dd33bd2956b" testName="GetClusters_ReturnsCorrectClusteredItemsByType" computerName="DKSR-EFI-04" duration="00:00:00.0175012" startTime="2023-12-22T09:34:19.0377292+01:00" endTime="2023-12-22T09:34:19.0533530+01:00" testType="13cdc9d9-ddb5-4fa4-a97d-d965ccfc6d4b" outcome="Passed" testListId="8c84fa94-04c1-424b-9868-57a2d4851a1d" relativeResultsDirectory="8b668454-35b7-47a1-b6f3-7c52410fd4ce" />
    <UnitTestResult executionId="f4577ab3-c2e1-49d4-a7f8-91b0e917f1d2" testId="2b653649-6e33-5754-da73-e11394219d94" testName="TestFactory_WithParameters_Success" computerName="DKSR-EFI-04" duration="00:00:00.0015331" startTime="2023-12-22T09:34:46.1784926+01:00" endTime="2023-12-22T09:34:46.1784926+01:00" testType="13cdc9d9-ddb5-4fa4-a97d-d965ccfc6d4b" outcome="Passed" testListId="8c84fa94-04c1-424b-9868-57a2d4851a1d" relativeResultsDirectory="f4577ab3-c2e1-49d4-a7f8-91b0e917f1d2" />
    <UnitTestResult executionId="a6e0b79c-50bd-4dbf-856a-fc9fee793b2b" testId="d315d4a8-7093-dfe1-f195-162981862df8" testName="TestProperties_GetProperties_Success" computerName="DKSR-EFI-04" duration="00:00:00.0004945" startTime="2023-12-22T09:34:22.8814998+01:00" endTime="2023-12-22T09:34:22.8971241+01:00" testType="13cdc9d9-ddb5-4fa4-a97d-d965ccfc6d4b" outcome="Passed" testListId="8c84fa94-04c1-424b-9868-57a2d4851a1d" relativeResultsDirectory="a6e0b79c-50bd-4dbf-856a-fc9fee793b2b" />
    <UnitTestResult executionId="dd3ce3d9-c315-4fec-8b48-e03a37f31fa8" testId="6e59caa7-d3d7-2228-d2ea-7c7e50d33d8a" testName="Move_Success" computerName="DKSR-EFI-04" duration="00:00:00.0174175" startTime="2023-12-22T09:34:18.9752287+01:00" endTime="2023-12-22T09:34:18.9908540+01:00" testType="13cdc9d9-ddb5-4fa4-a97d-d965ccfc6d4b" outcome="Passed" testListId="8c84fa94-04c1-424b-9868-57a2d4851a1d" relativeResultsDirectory="dd3ce3d9-c315-4fec-8b48-e03a37f31fa8" />
    <UnitTestResult executionId="2ec7341c-c20d-498a-999d-ce7a00b14be1" testId="a4bcc8b8-30aa-0188-cf3e-b46354e70d8f" testName="AllItems_ExistAfterInitializeIndex" computerName="DKSR-EFI-04" duration="00:00:00.0015237" startTime="2023-12-22T09:34:45.4284876+01:00" endTime="2023-12-22T09:34:45.4284876+01:00" testType="13cdc9d9-ddb5-4fa4-a97d-d965ccfc6d4b" outcome="Passed" testListId="8c84fa94-04c1-424b-9868-57a2d4851a1d" relativeResultsDirectory="2ec7341c-c20d-498a-999d-ce7a00b14be1" />
    <UnitTestResult executionId="62fb825c-2c07-46aa-b8d0-5c4cf7d41c58" testId="861d2551-3797-dc3c-215c-ed23aee8dd5f" testName="TestProperties_GetPropertiesFromWcfObject_Success" computerName="DKSR-EFI-04" duration="00:00:00.0005084" startTime="2023-12-22T09:34:22.7877481+01:00" endTime="2023-12-22T09:34:22.7877481+01:00" testType="13cdc9d9-ddb5-4fa4-a97d-d965ccfc6d4b" outcome="Passed" testListId="8c84fa94-04c1-424b-9868-57a2d4851a1d" relativeResultsDirectory="62fb825c-2c07-46aa-b8d0-5c4cf7d41c58" />
    <UnitTestResult executionId="f012654c-79da-4f7a-878e-5123d4f4fa36" testId="60288a6f-cda2-3d1b-005c-ed5d7b4eab90" testName="TestConstructor_Success" computerName="DKSR-EFI-04" duration="00:00:00.0002669" startTime="2023-12-22T09:34:23.4752515+01:00" endTime="2023-12-22T09:34:23.4752515+01:00" testType="13cdc9d9-ddb5-4fa4-a97d-d965ccfc6d4b" outcome="Passed" testListId="8c84fa94-04c1-424b-9868-57a2d4851a1d" relativeResultsDirectory="f012654c-79da-4f7a-878e-5123d4f4fa36" />
    <UnitTestResult executionId="45e2e8d4-d729-4113-a347-c663e4b8b05b" testId="2d702fc6-7b20-a656-2e48-b8bfa8dc6b8b" testName="TestConstructor_ParsingWcfObjectWithoutExtent_Success" computerName="DKSR-EFI-04" duration="00:00:00.0004854" startTime="2023-12-22T09:34:23.7721263+01:00" endTime="2023-12-22T09:34:23.7721263+01:00" testType="13cdc9d9-ddb5-4fa4-a97d-d965ccfc6d4b" outcome="Passed" testListId="8c84fa94-04c1-424b-9868-57a2d4851a1d" relativeResultsDirectory="45e2e8d4-d729-4113-a347-c663e4b8b05b" />
    <UnitTestResult executionId="9694d3c3-c4d0-4eb1-9901-d8a64f3a87f4" testId="a4e7e6b0-f47f-77cc-78fc-8bb726fd1e88" testName="TestProperties_GetProperties_Success" computerName="DKSR-EFI-04" duration="00:00:00.0006849" startTime="2023-12-22T09:34:24.0533813+01:00" endTime="2023-12-22T09:34:24.0533813+01:00" testType="13cdc9d9-ddb5-4fa4-a97d-d965ccfc6d4b" outcome="Passed" testListId="8c84fa94-04c1-424b-9868-57a2d4851a1d" relativeResultsDirectory="9694d3c3-c4d0-4eb1-9901-d8a64f3a87f4" />
    <UnitTestResult executionId="f89ec8e3-eec4-4f9a-a536-47d3e92644d9" testId="268d5a21-ac9e-4e74-553d-d96f5454f6a5" testName="TestAuditLog_AuditLogLayerChanged_Success" computerName="DKSR-EFI-04" duration="00:00:00.0046526" startTime="2023-12-22T09:34:24.1315031+01:00" endTime="2023-12-22T09:34:24.1471297+01:00" testType="13cdc9d9-ddb5-4fa4-a97d-d965ccfc6d4b" outcome="Passed" testListId="8c84fa94-04c1-424b-9868-57a2d4851a1d" relativeResultsDirectory="f89ec8e3-eec4-4f9a-a536-47d3e92644d9" />
    <UnitTestResult executionId="6f642c0d-1159-4148-99d7-a2c44154f01c" testId="49f414c6-759e-10c7-56c6-a3de5733e99b" testName="TestUpdateBuilding_BuildingNotFound_Failure" computerName="DKSR-EFI-04" duration="00:00:00.0044594" startTime="2023-12-22T09:34:21.1783652+01:00" endTime="2023-12-22T09:34:21.1783652+01:00" testType="13cdc9d9-ddb5-4fa4-a97d-d965ccfc6d4b" outcome="Passed" testListId="8c84fa94-04c1-424b-9868-57a2d4851a1d" relativeResultsDirectory="6f642c0d-1159-4148-99d7-a2c44154f01c" />
    <UnitTestResult executionId="f2c4d46f-793b-4310-ad2e-8b8acbab9601" testId="b33228ae-5200-3eaf-6ae6-c19f5e7f8288" testName="BuildClusters_IndividualItemClusters_WhenIndividualItemsOnlyTrue" computerName="DKSR-EFI-04" duration="00:00:00.0263069" startTime="2023-12-22T09:34:45.5066143+01:00" endTime="2023-12-22T09:34:45.5378649+01:00" testType="13cdc9d9-ddb5-4fa4-a97d-d965ccfc6d4b" outcome="Passed" testListId="8c84fa94-04c1-424b-9868-57a2d4851a1d" relativeResultsDirectory="f2c4d46f-793b-4310-ad2e-8b8acbab9601" />
    <UnitTestResult executionId="c10126f7-eca4-476a-bd63-6519943c16e9" testId="aefecab0-bd07-aad7-eee6-85c8245976ba" testName="TestCapabilities_Opened_Success" computerName="DKSR-EFI-04" duration="00:00:00.2106826" startTime="2023-12-22T09:34:18.0377255+01:00" endTime="2023-12-22T09:34:18.2564760+01:00" testType="13cdc9d9-ddb5-4fa4-a97d-d965ccfc6d4b" outcome="Passed" testListId="8c84fa94-04c1-424b-9868-57a2d4851a1d" relativeResultsDirectory="c10126f7-eca4-476a-bd63-6519943c16e9" />
    <UnitTestResult executionId="acf3ef5c-772b-4656-b4b5-90c7a6740db9" testId="a1740249-5b73-d42d-2ee5-0bb59ecab300" testName="TestWcfObject_GetWcfObjectWithoutExtent_Success" computerName="DKSR-EFI-04" duration="00:00:00.0006198" startTime="2023-12-22T09:34:24.1627556+01:00" endTime="2023-12-22T09:34:24.1627556+01:00" testType="13cdc9d9-ddb5-4fa4-a97d-d965ccfc6d4b" outcome="Passed" testListId="8c84fa94-04c1-424b-9868-57a2d4851a1d" relativeResultsDirectory="acf3ef5c-772b-4656-b4b5-90c7a6740db9" />
    <UnitTestResult executionId="be399134-728a-467f-bf7a-89d35a946e73" testId="d2915daa-2f5a-df8f-2065-a9e7a7ecfa8f" testName="TestProperties_GetPropertiesFromWcfObjectWithNullUpperLeftAndNullLowerRight_Success" computerName="DKSR-EFI-04" duration="00:00:00.0002359" startTime="2023-12-22T09:34:22.8189974+01:00" endTime="2023-12-22T09:34:22.8189974+01:00" testType="13cdc9d9-ddb5-4fa4-a97d-d965ccfc6d4b" outcome="Passed" testListId="8c84fa94-04c1-424b-9868-57a2d4851a1d" relativeResultsDirectory="be399134-728a-467f-bf7a-89d35a946e73" />
    <UnitTestResult executionId="c4bbf370-479a-4eec-9f65-58ff41d8660b" testId="ae7e4216-6c43-151b-b40f-2949a789d7a6" testName="BuildClusters_NoBuildings_ReturnsCellItems" computerName="DKSR-EFI-04" duration="00:00:00.0101381" startTime="2023-12-22T09:34:45.4597384+01:00" endTime="2023-12-22T09:34:45.4597384+01:00" testType="13cdc9d9-ddb5-4fa4-a97d-d965ccfc6d4b" outcome="Passed" testListId="8c84fa94-04c1-424b-9868-57a2d4851a1d" relativeResultsDirectory="c4bbf370-479a-4eec-9f65-58ff41d8660b" />
    <UnitTestResult executionId="7f3ffdbd-6c6c-47b0-9d88-9b36d8ea3f8d" testId="b3ff4076-6744-0bb7-0212-2bb49c946c00" testName="TestAuditLog_AuditLogItemChangedWithOldItemOfWrongType_Success" computerName="DKSR-EFI-04" duration="00:00:00.0099624" startTime="2023-12-22T09:34:23.3815031+01:00" endTime="2023-12-22T09:34:23.3971263+01:00" testType="13cdc9d9-ddb5-4fa4-a97d-d965ccfc6d4b" outcome="Passed" testListId="8c84fa94-04c1-424b-9868-57a2d4851a1d" relativeResultsDirectory="7f3ffdbd-6c6c-47b0-9d88-9b36d8ea3f8d" />
    <UnitTestResult executionId="4a572d85-7198-4cb0-917a-c8a90b06c998" testId="743b9db0-6a0f-7501-ff12-756b83ece87a" testName="TestQueryLayerByLayerId_Success" computerName="DKSR-EFI-04" duration="00:00:00.0190148" startTime="2023-12-22T09:34:22.3971221+01:00" endTime="2023-12-22T09:34:22.4283733+01:00" testType="13cdc9d9-ddb5-4fa4-a97d-d965ccfc6d4b" outcome="Passed" testListId="8c84fa94-04c1-424b-9868-57a2d4851a1d" relativeResultsDirectory="4a572d85-7198-4cb0-917a-c8a90b06c998" />
    <UnitTestResult executionId="77474b4e-8dc6-4eff-80ea-0c19e3eb8f5b" testId="070017ab-b10d-4a6b-6803-f0763996f7d1" testName="TestConstructor_ParsingWcfObjectWithNull_Success" computerName="DKSR-EFI-04" duration="00:00:00.0017486" startTime="2023-12-22T09:34:22.6002478+01:00" endTime="2023-12-22T09:34:22.6002478+01:00" testType="13cdc9d9-ddb5-4fa4-a97d-d965ccfc6d4b" outcome="Passed" testListId="8c84fa94-04c1-424b-9868-57a2d4851a1d" relativeResultsDirectory="77474b4e-8dc6-4eff-80ea-0c19e3eb8f5b" />
    <UnitTestResult executionId="5030a973-c2d8-465f-a0b4-e2bc2dce1978" testId="d8ab00bc-0a1b-9be6-ec5b-0912cb157711" testName="TestConstructor_ParsingWcfObjectWithoutExtent_Success" computerName="DKSR-EFI-04" duration="00:00:00.0002614" startTime="2023-12-22T09:34:23.7408800+01:00" endTime="2023-12-22T09:34:23.7408800+01:00" testType="13cdc9d9-ddb5-4fa4-a97d-d965ccfc6d4b" outcome="Passed" testListId="8c84fa94-04c1-424b-9868-57a2d4851a1d" relativeResultsDirectory="5030a973-c2d8-465f-a0b4-e2bc2dce1978" />
    <UnitTestResult executionId="d6a7dcec-3e9f-4a30-bf9b-b619544b693d" testId="4b5596be-07db-8d75-a5c8-92c98ec20ff1" testName="TestPropertyNames_GettingPropertyNames_Success" computerName="DKSR-EFI-04" duration="00:00:00.0016043" startTime="2023-12-22T09:34:23.7408800+01:00" endTime="2023-12-22T09:34:23.7408800+01:00" testType="13cdc9d9-ddb5-4fa4-a97d-d965ccfc6d4b" outcome="Passed" testListId="8c84fa94-04c1-424b-9868-57a2d4851a1d" relativeResultsDirectory="d6a7dcec-3e9f-4a30-bf9b-b619544b693d" />
    <UnitTestResult executionId="a86a66ee-4a94-4112-9636-cc7acd95a0c7" testId="13601ec6-61f0-b258-ec6f-80d29fd448e1" testName="TestReorderLevels_LevelOrderDuplicateFound_Failure" computerName="DKSR-EFI-04" duration="00:00:00.0054912" startTime="2023-12-22T09:34:21.9283677+01:00" endTime="2023-12-22T09:34:21.9283677+01:00" testType="13cdc9d9-ddb5-4fa4-a97d-d965ccfc6d4b" outcome="Passed" testListId="8c84fa94-04c1-424b-9868-57a2d4851a1d" relativeResultsDirectory="a86a66ee-4a94-4112-9636-cc7acd95a0c7" />
    <UnitTestResult executionId="f4994dda-4fee-4c5a-9989-b7e4faab8d1f" testId="644b08c7-1295-9b8c-bbb9-4b4fbedfbd93" testName="TestAuditLog_AuditLogBuildingChanged_Success" computerName="DKSR-EFI-04" duration="00:00:00.0065909" startTime="2023-12-22T09:34:46.1316169+01:00" endTime="2023-12-22T09:34:46.1316169+01:00" testType="13cdc9d9-ddb5-4fa4-a97d-d965ccfc6d4b" outcome="Passed" testListId="8c84fa94-04c1-424b-9868-57a2d4851a1d" relativeResultsDirectory="f4994dda-4fee-4c5a-9989-b7e4faab8d1f" />
    <UnitTestResult executionId="b9149337-e06b-427c-ba89-bdcf5e8c82d1" testId="26283692-6ea5-ef23-5227-803d8498a28b" testName="TestUpdateProperties_UpdateAllProperties_Success" computerName="DKSR-EFI-04" duration="00:00:00.0009408" startTime="2023-12-22T09:34:23.7877518+01:00" endTime="2023-12-22T09:34:23.7877518+01:00" testType="13cdc9d9-ddb5-4fa4-a97d-d965ccfc6d4b" outcome="Passed" testListId="8c84fa94-04c1-424b-9868-57a2d4851a1d" relativeResultsDirectory="b9149337-e06b-427c-ba89-bdcf5e8c82d1" />
    <UnitTestResult executionId="69cafd50-fffe-4e90-a2e5-411958074576" testId="e1147cf7-e114-c0f6-ec05-af3a859e7d84" testName="TestConstructor_ParsingWcfObjectWithoutExtent_Success" computerName="DKSR-EFI-04" duration="00:00:00.0004396" startTime="2023-12-22T09:34:23.8346296+01:00" endTime="2023-12-22T09:34:23.8346296+01:00" testType="13cdc9d9-ddb5-4fa4-a97d-d965ccfc6d4b" outcome="Passed" testListId="8c84fa94-04c1-424b-9868-57a2d4851a1d" relativeResultsDirectory="69cafd50-fffe-4e90-a2e5-411958074576" />
    <UnitTestResult executionId="3cb932b8-9f2f-4a64-b379-c2cc64f75d59" testId="c74efa06-54fc-004a-450f-b031280dca5f" testName="TestAddLevel_MultipleRows_Failure" computerName="DKSR-EFI-04" duration="00:00:00.0140184" startTime="2023-12-22T09:34:21.5533667+01:00" endTime="2023-12-22T09:34:21.5689932+01:00" testType="13cdc9d9-ddb5-4fa4-a97d-d965ccfc6d4b" outcome="Passed" testListId="8c84fa94-04c1-424b-9868-57a2d4851a1d" relativeResultsDirectory="3cb932b8-9f2f-4a64-b379-c2cc64f75d59" />
    <UnitTestResult executionId="eed8e180-23c0-438f-bb69-5b766000efa4" testId="f282f516-d6f5-0f39-4b1d-4707b9d8b389" testName="TestAddBuilding_DatabaseException_Failure" computerName="DKSR-EFI-04" duration="00:00:00.0172807" startTime="2023-12-22T09:34:20.7252372+01:00" endTime="2023-12-22T09:34:20.7408621+01:00" testType="13cdc9d9-ddb5-4fa4-a97d-d965ccfc6d4b" outcome="Passed" testListId="8c84fa94-04c1-424b-9868-57a2d4851a1d" relativeResultsDirectory="eed8e180-23c0-438f-bb69-5b766000efa4" />
    <UnitTestResult executionId="d6dd11b7-4447-4099-8fb2-5d6ebc869955" testId="cd4a74fd-d6aa-9edc-46cf-42e0c57d2d6f" testName="AddLevel_IgnoreLevelItemsThatAreNotPartOfIndexer" computerName="DKSR-EFI-04" duration="00:00:00.0024614" startTime="2023-12-22T09:34:45.9909934+01:00" endTime="2023-12-22T09:34:45.9909934+01:00" testType="13cdc9d9-ddb5-4fa4-a97d-d965ccfc6d4b" outcome="Passed" testListId="8c84fa94-04c1-424b-9868-57a2d4851a1d" relativeResultsDirectory="d6dd11b7-4447-4099-8fb2-5d6ebc869955" />
    <UnitTestResult executionId="53f96f05-f3d4-4191-93dc-0507602289d8" testId="ddac6368-76dc-846a-51e1-c9e3b8e386f6" testName="TestDeleteBuilding_DatabaseException_Failure" computerName="DKSR-EFI-04" duration="00:00:00.0045844" startTime="2023-12-22T09:34:20.9752387+01:00" endTime="2023-12-22T09:34:20.9908633+01:00" testType="13cdc9d9-ddb5-4fa4-a97d-d965ccfc6d4b" outcome="Passed" testListId="8c84fa94-04c1-424b-9868-57a2d4851a1d" relativeResultsDirectory="53f96f05-f3d4-4191-93dc-0507602289d8" />
    <UnitTestResult executionId="92937027-867b-4d20-a9bf-ba2f6a705f50" testId="3164209d-17e5-0efd-f874-022401969ff2" testName="TestWcfObject_GetWcfObject_Success" computerName="DKSR-EFI-04" duration="00:00:00.0003557" startTime="2023-12-22T09:34:22.7877481+01:00" endTime="2023-12-22T09:34:22.7877481+01:00" testType="13cdc9d9-ddb5-4fa4-a97d-d965ccfc6d4b" outcome="Passed" testListId="8c84fa94-04c1-424b-9868-57a2d4851a1d" relativeResultsDirectory="92937027-867b-4d20-a9bf-ba2f6a705f50" />
    <UnitTestResult executionId="b989f91d-0f7d-4cba-ab26-d9450864cfa1" testId="ac3a7322-cc2f-ea3b-97f9-3379a3199eb7" testName="TestAuditLog_AuditLogItemAddedWithUnknownLocation_Success" computerName="DKSR-EFI-04" duration="00:00:00.0065739" startTime="2023-12-22T09:34:23.3189996+01:00" endTime="2023-12-22T09:34:23.3189996+01:00" testType="13cdc9d9-ddb5-4fa4-a97d-d965ccfc6d4b" outcome="Passed" testListId="8c84fa94-04c1-424b-9868-57a2d4851a1d" relativeResultsDirectory="b989f91d-0f7d-4cba-ab26-d9450864cfa1" />
    <UnitTestResult executionId="494820ae-d6a7-4225-814c-ffabdc779c3b" testId="80efc0c9-dbbe-5e7f-5fb7-2414b5b4faf7" testName="TestProperties_GetProperties_Success" computerName="DKSR-EFI-04" duration="00:00:00.0013562" startTime="2023-12-22T09:34:23.2721256+01:00" endTime="2023-12-22T09:34:23.2877519+01:00" testType="13cdc9d9-ddb5-4fa4-a97d-d965ccfc6d4b" outcome="Passed" testListId="8c84fa94-04c1-424b-9868-57a2d4851a1d" relativeResultsDirectory="494820ae-d6a7-4225-814c-ffabdc779c3b" />
    <UnitTestResult executionId="3426c0c1-28a1-4c9c-88cb-6b8bdee52174" testId="a1439d3c-8d7e-02e3-f982-9cee2961859c" testName="Send_Null_NotSent" computerName="DKSR-EFI-04" duration="00:00:00.0004195" startTime="2023-12-22T09:34:18.8658555+01:00" endTime="2023-12-22T09:34:18.8658555+01:00" testType="13cdc9d9-ddb5-4fa4-a97d-d965ccfc6d4b" outcome="Passed" testListId="8c84fa94-04c1-424b-9868-57a2d4851a1d" relativeResultsDirectory="3426c0c1-28a1-4c9c-88cb-6b8bdee52174" />
    <UnitTestResult executionId="350355d1-4b6e-4367-baa8-f9d3983f7fa0" testId="767be23d-52dd-1b2a-9c75-39cdbd09e837" testName="ExcludeItems_ExcludesWithChangedPoisition" computerName="DKSR-EFI-04" duration="00:00:00.0040991" startTime="2023-12-22T09:34:24.6471368+01:00" endTime="2023-12-22T09:34:24.6471368+01:00" testType="13cdc9d9-ddb5-4fa4-a97d-d965ccfc6d4b" outcome="Passed" testListId="8c84fa94-04c1-424b-9868-57a2d4851a1d" relativeResultsDirectory="350355d1-4b6e-4367-baa8-f9d3983f7fa0" />
    <UnitTestResult executionId="17945224-7d75-4986-8f4c-fd9a8b2ba16c" testId="508081dd-dca9-3012-b00b-9eb9373a2d4d" testName="TestReorderLevels_Success" computerName="DKSR-EFI-04" duration="00:00:00.0400277" startTime="2023-12-22T09:34:21.8814934+01:00" endTime="2023-12-22T09:34:21.9283677+01:00" testType="13cdc9d9-ddb5-4fa4-a97d-d965ccfc6d4b" outcome="Passed" testListId="8c84fa94-04c1-424b-9868-57a2d4851a1d" relativeResultsDirectory="17945224-7d75-4986-8f4c-fd9a8b2ba16c" />
    <UnitTestResult executionId="bdb84205-e5d2-4c27-8138-a7b19d44f354" testId="8391f402-d143-5964-176a-6ac406d2c593" testName="TestProperties_GetProperties_Success" computerName="DKSR-EFI-04" duration="00:00:00.0031388" startTime="2023-12-22T09:34:22.9596220+01:00" endTime="2023-12-22T09:34:22.9596220+01:00" testType="13cdc9d9-ddb5-4fa4-a97d-d965ccfc6d4b" outcome="Passed" testListId="8c84fa94-04c1-424b-9868-57a2d4851a1d" relativeResultsDirectory="bdb84205-e5d2-4c27-8138-a7b19d44f354" />
    <UnitTestResult executionId="9b797e20-c3f4-48e3-9b5f-e8eed6e05660" testId="cb02662b-9837-a44f-4572-7ad943af279f" testName="TestAuditLog_AuditLogLevelRemoved_Success" computerName="DKSR-EFI-04" duration="00:00:00.0057382" startTime="2023-12-22T09:34:46.3347449+01:00" endTime="2023-12-22T09:34:46.3503687+01:00" testType="13cdc9d9-ddb5-4fa4-a97d-d965ccfc6d4b" outcome="Passed" testListId="8c84fa94-04c1-424b-9868-57a2d4851a1d" relativeResultsDirectory="9b797e20-c3f4-48e3-9b5f-e8eed6e05660" />
    <UnitTestResult executionId="285eecf8-116e-4050-9b03-192c2591b24a" testId="e4f648f2-0672-2b28-d6c9-33370a86b335" testName="TestConstructor_ParsingWcfObjectWithNull_Success" computerName="DKSR-EFI-04" duration="00:00:00.0022510" startTime="2023-12-22T09:34:23.9283787+01:00" endTime="2023-12-22T09:34:23.9283787+01:00" testType="13cdc9d9-ddb5-4fa4-a97d-d965ccfc6d4b" outcome="Passed" testListId="8c84fa94-04c1-424b-9868-57a2d4851a1d" relativeResultsDirectory="285eecf8-116e-4050-9b03-192c2591b24a" />
    <UnitTestResult executionId="61268178-f91e-41bc-bf59-2d3dc9726034" testId="a37dfa91-edcb-1f50-e5b8-8ef48cf05477" testName="TestDeleteBuildings_DatabaseException_Failure" computerName="DKSR-EFI-04" duration="00:00:00.0039507" startTime="2023-12-22T09:34:21.0533656+01:00" endTime="2023-12-22T09:34:21.0689893+01:00" testType="13cdc9d9-ddb5-4fa4-a97d-d965ccfc6d4b" outcome="Passed" testListId="8c84fa94-04c1-424b-9868-57a2d4851a1d" relativeResultsDirectory="61268178-f91e-41bc-bf59-2d3dc9726034" />
    <UnitTestResult executionId="375cd0f3-e333-4597-b8c4-5403d1b50166" testId="587a0f19-ab82-2c4f-fcdb-f629754ca072" testName="TestAuditLog_AuditLogItemChanged_AddingRemovingLinkFromEmptyTargetServerId_Success" computerName="DKSR-EFI-04" duration="00:00:00.0125373" startTime="2023-12-22T09:34:23.4440015+01:00" endTime="2023-12-22T09:34:23.4596266+01:00" testType="13cdc9d9-ddb5-4fa4-a97d-d965ccfc6d4b" outcome="Passed" testListId="8c84fa94-04c1-424b-9868-57a2d4851a1d" relativeResultsDirectory="375cd0f3-e333-4597-b8c4-5403d1b50166" />
    <UnitTestResult executionId="3c46ed7c-64d5-4fc4-a674-800134c37e9c" testId="35a16321-597a-cf21-e1c5-00eacefa4fe6" testName="TestFactory_WithParamters_Success" computerName="DKSR-EFI-04" duration="00:00:00.0020439" startTime="2023-12-22T09:34:46.0222396+01:00" endTime="2023-12-22T09:34:46.0222396+01:00" testType="13cdc9d9-ddb5-4fa4-a97d-d965ccfc6d4b" outcome="Passed" testListId="8c84fa94-04c1-424b-9868-57a2d4851a1d" relativeResultsDirectory="3c46ed7c-64d5-4fc4-a674-800134c37e9c" />
    <UnitTestResult executionId="f8047511-00bd-4bd2-9d13-50b0cd341c2b" testId="e2d2317a-47a7-3cda-ea7e-01c7d425d8a7" testName="TestPropertyNames_GettingPropertyNames_Success" computerName="DKSR-EFI-04" duration="00:00:00.0004370" startTime="2023-12-22T09:34:22.9127492+01:00" endTime="2023-12-22T09:34:22.9127492+01:00" testType="13cdc9d9-ddb5-4fa4-a97d-d965ccfc6d4b" outcome="Passed" testListId="8c84fa94-04c1-424b-9868-57a2d4851a1d" relativeResultsDirectory="f8047511-00bd-4bd2-9d13-50b0cd341c2b" />
    <UnitTestResult executionId="cd9c7e9a-29e9-4b17-8b17-f269e404658b" testId="4c4a38c8-f94a-5b87-dc20-e9e971892500" testName="TestDeleteBuilding_Success" computerName="DKSR-EFI-04" duration="00:00:00.0272565" startTime="2023-12-22T09:34:20.9283618+01:00" endTime="2023-12-22T09:34:20.9596163+01:00" testType="13cdc9d9-ddb5-4fa4-a97d-d965ccfc6d4b" outcome="Passed" testListId="8c84fa94-04c1-424b-9868-57a2d4851a1d" relativeResultsDirectory="cd9c7e9a-29e9-4b17-8b17-f269e404658b" />
    <UnitTestResult executionId="916e698a-a683-48cf-9241-48b4079bf53a" testId="d1573ce3-bd92-2600-94b7-f1c11afafb7b" testName="TestUpdateBuildings_OnlyUnknownBuildings_Success" computerName="DKSR-EFI-04" duration="00:00:00.0029632" startTime="2023-12-22T09:34:21.3814902+01:00" endTime="2023-12-22T09:34:21.3814902+01:00" testType="13cdc9d9-ddb5-4fa4-a97d-d965ccfc6d4b" outcome="Passed" testListId="8c84fa94-04c1-424b-9868-57a2d4851a1d" relativeResultsDirectory="916e698a-a683-48cf-9241-48b4079bf53a" />
    <UnitTestResult executionId="34251c78-a8e6-498f-ad0d-b82a39ec47f3" testId="e9b54d64-f76b-4059-7709-45a7f0e7e855" testName="TestWcfObject_GetWcfObject_Success" computerName="DKSR-EFI-04" duration="00:00:00.0015509" startTime="2023-12-22T09:34:23.8033788+01:00" endTime="2023-12-22T09:34:23.8190040+01:00" testType="13cdc9d9-ddb5-4fa4-a97d-d965ccfc6d4b" outcome="Passed" testListId="8c84fa94-04c1-424b-9868-57a2d4851a1d" relativeResultsDirectory="34251c78-a8e6-498f-ad0d-b82a39ec47f3" />
    <UnitTestResult executionId="f74d4de8-336f-4761-b9e2-9d931f1a09cf" testId="bbc0d264-8ce0-2864-98f6-f8803cb7a31f" testName="TestAuditLog_AuditLogLayerAdded_Success" computerName="DKSR-EFI-04" duration="00:00:00.0054681" startTime="2023-12-22T09:34:24.0065041+01:00" endTime="2023-12-22T09:34:24.0065041+01:00" testType="13cdc9d9-ddb5-4fa4-a97d-d965ccfc6d4b" outcome="Passed" testListId="8c84fa94-04c1-424b-9868-57a2d4851a1d" relativeResultsDirectory="f74d4de8-336f-4761-b9e2-9d931f1a09cf" />
    <UnitTestResult executionId="e4e232d7-ce5f-45ed-b313-5e1482fe5748" testId="b247f828-c4c9-ff77-3c8b-b73d97d2769b" testName="TestConstructor_ParsingWcfObject_Success" computerName="DKSR-EFI-04" duration="00:00:00.0027430" startTime="2023-12-22T09:34:23.8346296+01:00" endTime="2023-12-22T09:34:23.8346296+01:00" testType="13cdc9d9-ddb5-4fa4-a97d-d965ccfc6d4b" outcome="Passed" testListId="8c84fa94-04c1-424b-9868-57a2d4851a1d" relativeResultsDirectory="e4e232d7-ce5f-45ed-b313-5e1482fe5748" />
    <UnitTestResult executionId="e0d674cf-d080-48a6-8997-5abcde7895fa" testId="09569d09-2516-706e-d9b6-9e01c0be7776" testName="TestAuditLog_AuditLogChanged_RemovingLegacyLinkWithValidTargetMapId_Success" computerName="DKSR-EFI-04" duration="00:00:00.0173175" startTime="2023-12-22T09:34:23.1783751+01:00" endTime="2023-12-22T09:34:23.1940018+01:00" testType="13cdc9d9-ddb5-4fa4-a97d-d965ccfc6d4b" outcome="Passed" testListId="8c84fa94-04c1-424b-9868-57a2d4851a1d" relativeResultsDirectory="e0d674cf-d080-48a6-8997-5abcde7895fa" />
    <UnitTestResult executionId="83094a81-b3c3-4e73-9146-da7404277926" testId="9fc058b5-5450-12d9-8d4a-ccf8735abd5f" testName="AddItem_Levels" computerName="DKSR-EFI-04" duration="00:00:00.0038444" startTime="2023-12-22T09:34:45.9597413+01:00" endTime="2023-12-22T09:34:45.9753715+01:00" testType="13cdc9d9-ddb5-4fa4-a97d-d965ccfc6d4b" outcome="Passed" testListId="8c84fa94-04c1-424b-9868-57a2d4851a1d" relativeResultsDirectory="83094a81-b3c3-4e73-9146-da7404277926" />
    <UnitTestResult executionId="8cad2ddb-4524-47e6-84f3-b46f3d8f61de" testId="9e263691-77f1-8197-8698-8c7739de3ed1" testName="TestAddLayer_Success" computerName="DKSR-EFI-04" duration="00:00:00.0513994" startTime="2023-12-22T09:34:22.2877446+01:00" endTime="2023-12-22T09:34:22.3502464+01:00" testType="13cdc9d9-ddb5-4fa4-a97d-d965ccfc6d4b" outcome="Passed" testListId="8c84fa94-04c1-424b-9868-57a2d4851a1d" relativeResultsDirectory="8cad2ddb-4524-47e6-84f3-b46f3d8f61de" />
    <UnitTestResult executionId="34e245fc-6987-4e94-be23-a5fad63ced7e" testId="0e546871-92ca-2379-fab8-fca184e7cd10" testName="TestConstructor_ParsingWcfObject_Success" computerName="DKSR-EFI-04" duration="00:00:00.0009695" startTime="2023-12-22T09:34:24.3503152+01:00" endTime="2023-12-22T09:34:24.3503152+01:00" testType="13cdc9d9-ddb5-4fa4-a97d-d965ccfc6d4b" outcome="Passed" testListId="8c84fa94-04c1-424b-9868-57a2d4851a1d" relativeResultsDirectory="34e245fc-6987-4e94-be23-a5fad63ced7e" />
    <UnitTestResult executionId="2dbc04c7-ed62-4bc2-9e38-e751e3f9e3ba" testId="ef11c466-bb59-1011-9803-0914c21a535a" testName="Constructor_ItemsSet" computerName="DKSR-EFI-04" duration="00:00:00.0010088" startTime="2023-12-22T09:34:45.9441133+01:00" endTime="2023-12-22T09:34:45.9441133+01:00" testType="13cdc9d9-ddb5-4fa4-a97d-d965ccfc6d4b" outcome="Passed" testListId="8c84fa94-04c1-424b-9868-57a2d4851a1d" relativeResultsDirectory="2dbc04c7-ed62-4bc2-9e38-e751e3f9e3ba" />
    <UnitTestResult executionId="ad7cf9ed-a8a7-41e7-805f-daeb7d33c893" testId="463d1e96-c1d7-0e9c-2a9a-2258af1ecd4e" testName="TestConstructor_ParsingWcfObjectWithoutOriginalExtent_Success" computerName="DKSR-EFI-04" duration="00:00:00.0006799" startTime="2023-12-22T09:34:23.9440038+01:00" endTime="2023-12-22T09:34:23.9440038+01:00" testType="13cdc9d9-ddb5-4fa4-a97d-d965ccfc6d4b" outcome="Passed" testListId="8c84fa94-04c1-424b-9868-57a2d4851a1d" relativeResultsDirectory="ad7cf9ed-a8a7-41e7-805f-daeb7d33c893" />
    <UnitTestResult executionId="7040817d-9ea5-4d13-b946-c452d40acda7" testId="71b46026-ee57-7414-4cfe-318877eaaba4" testName="AllItems_ExistAfterAddItems_InsertExcludedItems" computerName="DKSR-EFI-04" duration="00:00:00.0015671" startTime="2023-12-22T09:34:45.4284876+01:00" endTime="2023-12-22T09:34:45.4284876+01:00" testType="13cdc9d9-ddb5-4fa4-a97d-d965ccfc6d4b" outcome="Passed" testListId="8c84fa94-04c1-424b-9868-57a2d4851a1d" relativeResultsDirectory="7040817d-9ea5-4d13-b946-c452d40acda7" />
    <UnitTestResult executionId="068da3a2-9e3e-4b51-9f6f-ad2ad9546010" testId="80526718-af9c-a000-b0c5-0f1b776e905a" testName="TestPropertyNames_GettingPropertyNames_Success" computerName="DKSR-EFI-04" duration="00:00:00.0009398" startTime="2023-12-22T09:34:24.4440069+01:00" endTime="2023-12-22T09:34:24.4596297+01:00" testType="13cdc9d9-ddb5-4fa4-a97d-d965ccfc6d4b" outcome="Passed" testListId="8c84fa94-04c1-424b-9868-57a2d4851a1d" relativeResultsDirectory="068da3a2-9e3e-4b51-9f6f-ad2ad9546010" />
    <UnitTestResult executionId="37129190-16ff-4c4e-bdfb-a4f7baa8b573" testId="f64710c5-45e7-9c6b-9dc4-9553befe996c" testName="TestUpdateBuilding_NullDefaultLevel_Success" computerName="DKSR-EFI-04" duration="00:00:00.0154173" startTime="2023-12-22T09:34:21.1627406+01:00" endTime="2023-12-22T09:34:21.1783652+01:00" testType="13cdc9d9-ddb5-4fa4-a97d-d965ccfc6d4b" outcome="Passed" testListId="8c84fa94-04c1-424b-9868-57a2d4851a1d" relativeResultsDirectory="37129190-16ff-4c4e-bdfb-a4f7baa8b573" />
    <UnitTestResult executionId="39f9be30-d685-4185-97fd-a85fe68bd437" testId="014aa458-d759-b18e-e76f-1c52acf08817" testName="TestConstructor_Success" computerName="DKSR-EFI-04" duration="00:00:00.0016403" startTime="2023-12-22T09:34:22.8346251+01:00" endTime="2023-12-22T09:34:22.8346251+01:00" testType="13cdc9d9-ddb5-4fa4-a97d-d965ccfc6d4b" outcome="Passed" testListId="8c84fa94-04c1-424b-9868-57a2d4851a1d" relativeResultsDirectory="39f9be30-d685-4185-97fd-a85fe68bd437" />
    <UnitTestResult executionId="64ab0d62-0efa-4ca9-8f59-29d0807b339e" testId="8d3ecfb5-4f4c-425b-4ea5-1bf251a4964d" testName="TestConstructor_ParsingWcfObjectWithNullPosition_Success" computerName="DKSR-EFI-04" duration="00:00:00.0030196" startTime="2023-12-22T09:34:23.6471284+01:00" endTime="2023-12-22T09:34:23.6471284+01:00" testType="13cdc9d9-ddb5-4fa4-a97d-d965ccfc6d4b" outcome="Passed" testListId="8c84fa94-04c1-424b-9868-57a2d4851a1d" relativeResultsDirectory="64ab0d62-0efa-4ca9-8f59-29d0807b339e" />
    <UnitTestResult executionId="275106f7-fb8f-474e-8873-e64f2c643a54" testId="54d25c6f-dc20-daf2-4e1d-b092fe675c39" testName="TestAuditLog_AuditLogItemChanged_RemovingLinkFromValidTargetMapId_Success" computerName="DKSR-EFI-04" duration="00:00:00.0112897" startTime="2023-12-22T09:34:23.4283760+01:00" endTime="2023-12-22T09:34:23.4440015+01:00" testType="13cdc9d9-ddb5-4fa4-a97d-d965ccfc6d4b" outcome="Passed" testListId="8c84fa94-04c1-424b-9868-57a2d4851a1d" relativeResultsDirectory="275106f7-fb8f-474e-8873-e64f2c643a54" />
    <UnitTestResult executionId="c59bd5bc-6183-4543-97ee-c0c7d7b75f47" testId="97aa3fa1-18ae-4ef4-802a-81d1bbb86107" testName="TestUpdateProperties_UpdateAllProperties_Success" computerName="DKSR-EFI-04" duration="00:00:00.0009477" startTime="2023-12-22T09:34:22.8189974+01:00" endTime="2023-12-22T09:34:22.8189974+01:00" testType="13cdc9d9-ddb5-4fa4-a97d-d965ccfc6d4b" outcome="Passed" testListId="8c84fa94-04c1-424b-9868-57a2d4851a1d" relativeResultsDirectory="c59bd5bc-6183-4543-97ee-c0c7d7b75f47" />
    <UnitTestResult executionId="42f9c543-c765-452c-ae8c-8509baa958b8" testId="811d2d85-72f5-81dc-da5e-fa6233c93a0a" testName="TestWcfObject_GetWcfObjectWithoutExtent_Success" computerName="DKSR-EFI-04" duration="00:00:00.0006336" startTime="2023-12-22T09:34:23.8190040+01:00" endTime="2023-12-22T09:34:23.8190040+01:00" testType="13cdc9d9-ddb5-4fa4-a97d-d965ccfc6d4b" outcome="Passed" testListId="8c84fa94-04c1-424b-9868-57a2d4851a1d" relativeResultsDirectory="42f9c543-c765-452c-ae8c-8509baa958b8" />
    <UnitTestResult executionId="1fa6dc4e-cecd-4544-a5fc-1870c71b7642" testId="b5a1ec9c-efba-50d6-27f6-dccb30113c80" testName="TestWcfObject_GetWcfObject_Success" computerName="DKSR-EFI-04" duration="00:00:00.0011877" startTime="2023-12-22T09:34:22.6158757+01:00" endTime="2023-12-22T09:34:22.6158757+01:00" testType="13cdc9d9-ddb5-4fa4-a97d-d965ccfc6d4b" outcome="Passed" testListId="8c84fa94-04c1-424b-9868-57a2d4851a1d" relativeResultsDirectory="1fa6dc4e-cecd-4544-a5fc-1870c71b7642" />
    <UnitTestResult executionId="ad0b4b3d-067c-4fdf-9097-2d0a194c0ed3" testId="def93bc1-1d00-221e-ff3a-72fa3b306e12" testName="TestAuditLog_AuditLogBuildingDefaultChanged_Success" computerName="DKSR-EFI-04" duration="00:00:00.0089415" startTime="2023-12-22T09:34:46.1472427+01:00" endTime="2023-12-22T09:34:46.1628681+01:00" testType="13cdc9d9-ddb5-4fa4-a97d-d965ccfc6d4b" outcome="Passed" testListId="8c84fa94-04c1-424b-9868-57a2d4851a1d" relativeResultsDirectory="ad0b4b3d-067c-4fdf-9097-2d0a194c0ed3" />
    <UnitTestResult executionId="8e0e7290-8e6f-4be2-98e5-f9fa7ba9eac2" testId="a2477821-055b-9066-54fb-985208058e05" testName="TestConstructor_ParsingWcfObjectWithNull_Success" computerName="DKSR-EFI-04" duration="00:00:00.0012189" startTime="2023-12-22T09:34:22.8658751+01:00" endTime="2023-12-22T09:34:22.8658751+01:00" testType="13cdc9d9-ddb5-4fa4-a97d-d965ccfc6d4b" outcome="Passed" testListId="8c84fa94-04c1-424b-9868-57a2d4851a1d" relativeResultsDirectory="8e0e7290-8e6f-4be2-98e5-f9fa7ba9eac2" />
    <UnitTestResult executionId="777516a8-b139-4f41-8565-608272782d1d" testId="47607c4c-e7ac-953f-458b-a3c0040bf011" testName="TestConstructor_ParsingWcfObjectEmptyOutline_Success" computerName="DKSR-EFI-04" duration="00:00:00.0007850" startTime="2023-12-22T09:34:46.0534903+01:00" endTime="2023-12-22T09:34:46.0534903+01:00" testType="13cdc9d9-ddb5-4fa4-a97d-d965ccfc6d4b" outcome="Passed" testListId="8c84fa94-04c1-424b-9868-57a2d4851a1d" relativeResultsDirectory="777516a8-b139-4f41-8565-608272782d1d" />
    <UnitTestResult executionId="01246d3d-4ffe-4611-87ee-0ae398d035f7" testId="a24d2938-8b8c-cfc6-8442-4b8e53130137" testName="TestUpdateProperties_UpdateAllProperties_Success" computerName="DKSR-EFI-04" duration="00:00:00.0005754" startTime="2023-12-22T09:34:23.8815031+01:00" endTime="2023-12-22T09:34:23.8815031+01:00" testType="13cdc9d9-ddb5-4fa4-a97d-d965ccfc6d4b" outcome="Passed" testListId="8c84fa94-04c1-424b-9868-57a2d4851a1d" relativeResultsDirectory="01246d3d-4ffe-4611-87ee-0ae398d035f7" />
    <UnitTestResult executionId="748881a9-c443-4502-85d9-fc03bff4c8d9" testId="2ce95934-9fe4-6fa4-2010-77aef0c6633d" testName="TestConstructor_Success" computerName="DKSR-EFI-04" duration="00:00:00.0012987" startTime="2023-12-22T09:34:24.0221303+01:00" endTime="2023-12-22T09:34:24.0221303+01:00" testType="13cdc9d9-ddb5-4fa4-a97d-d965ccfc6d4b" outcome="Passed" testListId="8c84fa94-04c1-424b-9868-57a2d4851a1d" relativeResultsDirectory="748881a9-c443-4502-85d9-fc03bff4c8d9" />
    <UnitTestResult executionId="c41fa37b-4082-4e5e-89aa-41fe7a9b87cf" testId="094c5718-da43-3007-1e10-b3d9e851d275" testName="TestConstructor_Success" computerName="DKSR-EFI-04" duration="00:00:00.0002992" startTime="2023-12-22T09:34:24.1471297+01:00" endTime="2023-12-22T09:34:24.1471297+01:00" testType="13cdc9d9-ddb5-4fa4-a97d-d965ccfc6d4b" outcome="Passed" testListId="8c84fa94-04c1-424b-9868-57a2d4851a1d" relativeResultsDirectory="c41fa37b-4082-4e5e-89aa-41fe7a9b87cf" />
    <UnitTestResult executionId="76f513d9-2833-428c-bb16-09acf6b74498" testId="26a11d24-5430-325a-f86e-03d3ca9c8af1" testName="UpdateItem_PositionChanged_Moves" computerName="DKSR-EFI-04" duration="00:00:00.0132671" startTime="2023-12-22T09:34:19.4596072+01:00" endTime="2023-12-22T09:34:19.4752312+01:00" testType="13cdc9d9-ddb5-4fa4-a97d-d965ccfc6d4b" outcome="Passed" testListId="8c84fa94-04c1-424b-9868-57a2d4851a1d" relativeResultsDirectory="76f513d9-2833-428c-bb16-09acf6b74498" />
  </Results>
  <TestDefinitions>
    <UnitTest name="Init_ExceptionWhenNoPositionalArea" storage="d:\actions-runner\_work\xpco\xpco\eventserver\server\components\central\gismap.unittest\bin\x64\debug\videoos.eventserver.gismap.unittest.dll" id="ee42f87e-76f9-dab0-c8e1-bdd1a6df38c5">
      <TestCategory>
        <TestCategoryItem TestCategory="GisMapServices" />
      </TestCategory>
      <Execution id="9253363f-c95a-49a9-819b-3a6fd95a8a80" />
      <TestMethod codeBase="D:\actions-runner\_work\XPCO\XPCO\EventServer\Server\Components\Central\GisMap.UnitTest\bin\x64\Debug\VideoOS.EventServer.GisMap.UnitTest.dll" adapterTypeName="executor://mstestadapter/v2" className="VideoOS.EventServer.GisMap.UnitTest.Services.Clustering.ItemClusteringServiceTest" name="Init_ExceptionWhenNoPositionalArea" />
    </UnitTest>
    <UnitTest name="TestConstructor_ParsingWcfObjectWithNull_ArgumentNullException" storage="d:\actions-runner\_work\xpco\xpco\eventserver\server\components\central\gismap.unittest\bin\x64\debug\videoos.eventserver.gismap.unittest.dll" id="ded4c552-7c82-c874-2cd1-b418656e588e">
      <TestCategory>
        <TestCategoryItem TestCategory="BusinessObjects" />
      </TestCategory>
      <Execution id="efffdd49-edd8-4a79-845e-87e0499a974d" />
      <TestMethod codeBase="D:\actions-runner\_work\XPCO\XPCO\EventServer\Server\Components\Central\GisMap.UnitTest\bin\x64\Debug\VideoOS.EventServer.GisMap.UnitTest.dll" adapterTypeName="executor://mstestadapter/v2" className="VideoOS.EventServer.GisMap.UnitTest.BusinessObjects.Layers.CameraLayerTest" name="TestConstructor_ParsingWcfObjectWithNull_ArgumentNullException" />
    </UnitTest>
    <UnitTest name="TestAuditLog_AuditLogLegacyLinkWithEmptyTargetMapId_Success" storage="d:\actions-runner\_work\xpco\xpco\eventserver\server\components\central\gismap.unittest\bin\x64\debug\videoos.eventserver.gismap.unittest.dll" id="a69e04e0-8d31-9c0a-776d-0b72ee598d47">
      <TestCategory>
        <TestCategoryItem TestCategory="BusinessObjects" />
      </TestCategory>
      <Execution id="23a7872d-031c-44a7-b26d-7f9872346a18" />
      <TestMethod codeBase="D:\actions-runner\_work\XPCO\XPCO\EventServer\Server\Components\Central\GisMap.UnitTest\bin\x64\Debug\VideoOS.EventServer.GisMap.UnitTest.dll" adapterTypeName="executor://mstestadapter/v2" className="VideoOS.EventServer.GisMap.UnitTest.BusinessObjects.Items.LegacyLinkItemTest" name="TestAuditLog_AuditLogLegacyLinkWithEmptyTargetMapId_Success" />
    </UnitTest>
    <UnitTest name="TestConstructor_ParsingWcfObjectWithoutTransformInfo_Success" storage="d:\actions-runner\_work\xpco\xpco\eventserver\server\components\central\gismap.unittest\bin\x64\debug\videoos.eventserver.gismap.unittest.dll" id="73345e39-00a8-d1d5-a37b-794338aedef0">
      <TestCategory>
        <TestCategoryItem TestCategory="BusinessObjects" />
      </TestCategory>
      <Execution id="a8739ee1-6867-47c2-bde1-324d9b89d590" />
      <TestMethod codeBase="D:\actions-runner\_work\XPCO\XPCO\EventServer\Server\Components\Central\GisMap.UnitTest\bin\x64\Debug\VideoOS.EventServer.GisMap.UnitTest.dll" adapterTypeName="executor://mstestadapter/v2" className="VideoOS.EventServer.GisMap.UnitTest.BusinessObjects.Layers.CADLayerTest" name="TestConstructor_ParsingWcfObjectWithoutTransformInfo_Success" />
    </UnitTest>
    <UnitTest name="TestPropertyNames_GettingPropertyNames_Success" storage="d:\actions-runner\_work\xpco\xpco\eventserver\server\components\central\gismap.unittest\bin\x64\debug\videoos.eventserver.gismap.unittest.dll" id="da0185d2-8ac7-fc8e-ec2a-ef10f8179250">
      <TestCategory>
        <TestCategoryItem TestCategory="BusinessObjects" />
      </TestCategory>
      <Execution id="d05bd09f-8231-4d95-b829-74782be8ca9b" />
      <TestMethod codeBase="D:\actions-runner\_work\XPCO\XPCO\EventServer\Server\Components\Central\GisMap.UnitTest\bin\x64\Debug\VideoOS.EventServer.GisMap.UnitTest.dll" adapterTypeName="executor://mstestadapter/v2" className="VideoOS.EventServer.GisMap.UnitTest.BusinessObjects.Items.LegacyLinkItemTest" name="TestPropertyNames_GettingPropertyNames_Success" />
    </UnitTest>
    <UnitTest name="TestProperties_GetProperties_Success" storage="d:\actions-runner\_work\xpco\xpco\eventserver\server\components\central\gismap.unittest\bin\x64\debug\videoos.eventserver.gismap.unittest.dll" id="bfd4fe82-f2d9-d173-cede-18fa0c3510b9">
      <TestCategory>
        <TestCategoryItem TestCategory="BusinessObjects" />
      </TestCategory>
      <Execution id="27230f8c-9aae-483c-9b2b-6f979038e57e" />
      <TestMethod codeBase="D:\actions-runner\_work\XPCO\XPCO\EventServer\Server\Components\Central\GisMap.UnitTest\bin\x64\Debug\VideoOS.EventServer.GisMap.UnitTest.dll" adapterTypeName="executor://mstestadapter/v2" className="VideoOS.EventServer.GisMap.UnitTest.BusinessObjects.Layers.MicrophoneLayerTest" name="TestProperties_GetProperties_Success" />
    </UnitTest>
    <UnitTest name="TestConstructor_ParsingWcfObjectWithNullPosition_Success" storage="d:\actions-runner\_work\xpco\xpco\eventserver\server\components\central\gismap.unittest\bin\x64\debug\videoos.eventserver.gismap.unittest.dll" id="0d3fa6f1-907f-8319-f20a-9dc83eb7dd3f">
      <TestCategory>
        <TestCategoryItem TestCategory="BusinessObjects" />
      </TestCategory>
      <Execution id="9b8d4447-0c59-4573-8933-2125b7081401" />
      <TestMethod codeBase="D:\actions-runner\_work\XPCO\XPCO\EventServer\Server\Components\Central\GisMap.UnitTest\bin\x64\Debug\VideoOS.EventServer.GisMap.UnitTest.dll" adapterTypeName="executor://mstestadapter/v2" className="VideoOS.EventServer.GisMap.UnitTest.BusinessObjects.Items.LegacyLinkItemTest" name="TestConstructor_ParsingWcfObjectWithNullPosition_Success" />
    </UnitTest>
    <UnitTest name="GetClusters_EmptyResultWhenKindUnknown" storage="d:\actions-runner\_work\xpco\xpco\eventserver\server\components\central\gismap.unittest\bin\x64\debug\videoos.eventserver.gismap.unittest.dll" id="5ceb6db9-46b0-6675-2a85-42305df4f4fe">
      <TestCategory>
        <TestCategoryItem TestCategory="GisMapServices" />
      </TestCategory>
      <Execution id="393d8fff-c594-443a-9695-bc7a1db5346d" />
      <TestMethod codeBase="D:\actions-runner\_work\XPCO\XPCO\EventServer\Server\Components\Central\GisMap.UnitTest\bin\x64\Debug\VideoOS.EventServer.GisMap.UnitTest.dll" adapterTypeName="executor://mstestadapter/v2" className="VideoOS.EventServer.GisMap.UnitTest.Services.Clustering.ItemClusteringServiceTest" name="GetClusters_EmptyResultWhenKindUnknown" />
    </UnitTest>
    <UnitTest name="TestAuditLog_AuditLogBuildingChanged_Success" storage="d:\actions-runner\_work\xpco\xpco\eventserver\server\components\central\gismap.unittest\bin\x64\debug\videoos.eventserver.gismap.unittest.dll" id="644b08c7-1295-9b8c-bbb9-4b4fbedfbd93">
      <TestCategory>
        <TestCategoryItem TestCategory="BusinessObjects" />
      </TestCategory>
      <Execution id="f4994dda-4fee-4c5a-9989-b7e4faab8d1f" />
      <TestMethod codeBase="D:\actions-runner\_work\XPCO\XPCO\EventServer\Server\Components\Central\GisMap.UnitTest\bin\x64\Debug\VideoOS.EventServer.GisMap.UnitTest.dll" adapterTypeName="executor://mstestadapter/v2" className="VideoOS.EventServer.GisMap.UnitTest.BusinessObjects.Buildings.BuildingTest" name="TestAuditLog_AuditLogBuildingChanged_Success" />
    </UnitTest>
    <UnitTest name="TestProperties_GetProperties_Success" storage="d:\actions-runner\_work\xpco\xpco\eventserver\server\components\central\gismap.unittest\bin\x64\debug\videoos.eventserver.gismap.unittest.dll" id="83b4ca69-9612-d0a8-ed16-13285ba555a1">
      <TestCategory>
        <TestCategoryItem TestCategory="BusinessObjects" />
      </TestCategory>
      <Execution id="c5bf596a-7a83-4c81-8295-5da3665db621" />
      <TestMethod codeBase="D:\actions-runner\_work\XPCO\XPCO\EventServer\Server\Components\Central\GisMap.UnitTest\bin\x64\Debug\VideoOS.EventServer.GisMap.UnitTest.dll" adapterTypeName="executor://mstestadapter/v2" className="VideoOS.EventServer.GisMap.UnitTest.BusinessObjects.TransformInfoTest" name="TestProperties_GetProperties_Success" />
    </UnitTest>
    <UnitTest name="TestProperties_GetPropertiesFromWcfObject_Success" storage="d:\actions-runner\_work\xpco\xpco\eventserver\server\components\central\gismap.unittest\bin\x64\debug\videoos.eventserver.gismap.unittest.dll" id="c943880c-92b5-0eac-bae2-657d33d02b76">
      <TestCategory>
        <TestCategoryItem TestCategory="BusinessObjects" />
      </TestCategory>
      <Execution id="1e61bd92-27ea-47ca-b74d-7dd6d40d211b" />
      <TestMethod codeBase="D:\actions-runner\_work\XPCO\XPCO\EventServer\Server\Components\Central\GisMap.UnitTest\bin\x64\Debug\VideoOS.EventServer.GisMap.UnitTest.dll" adapterTypeName="executor://mstestadapter/v2" className="VideoOS.EventServer.GisMap.UnitTest.BusinessObjects.Items.LegacyLinkItemTest" name="TestProperties_GetPropertiesFromWcfObject_Success" />
    </UnitTest>
    <UnitTest name="TestConstructor_ParsingWcfObjectWithoutExtent_Success" storage="d:\actions-runner\_work\xpco\xpco\eventserver\server\components\central\gismap.unittest\bin\x64\debug\videoos.eventserver.gismap.unittest.dll" id="573ccc51-de6a-4489-8685-b9e8d56f7af4">
      <TestCategory>
        <TestCategoryItem TestCategory="BusinessObjects" />
      </TestCategory>
      <Execution id="c3781bd5-24ba-4983-805e-4afee1cf0de2" />
      <TestMethod codeBase="D:\actions-runner\_work\XPCO\XPCO\EventServer\Server\Components\Central\GisMap.UnitTest\bin\x64\Debug\VideoOS.EventServer.GisMap.UnitTest.dll" adapterTypeName="executor://mstestadapter/v2" className="VideoOS.EventServer.GisMap.UnitTest.BusinessObjects.Layers.MicrophoneLayerTest" name="TestConstructor_ParsingWcfObjectWithoutExtent_Success" />
    </UnitTest>
    <UnitTest name="ExcludeItems_Init3Items_Exclude1" storage="d:\actions-runner\_work\xpco\xpco\eventserver\server\components\central\gismap.unittest\bin\x64\debug\videoos.eventserver.gismap.unittest.dll" id="b7cf3514-530d-1e86-1272-e0c2103bf312">
      <TestCategory>
        <TestCategoryItem TestCategory="BusinessObjects" />
      </TestCategory>
      <Execution id="cb413560-7e76-4491-a2f2-55d3af5ef096" />
      <TestMethod codeBase="D:\actions-runner\_work\XPCO\XPCO\EventServer\Server\Components\Central\GisMap.UnitTest\bin\x64\Debug\VideoOS.EventServer.GisMap.UnitTest.dll" adapterTypeName="executor://mstestadapter/v2" className="VideoOS.EventServer.GisMap.UnitTest.BusinessObjects.Indexer.MapItemIndexerTest" name="ExcludeItems_Init3Items_Exclude1" />
    </UnitTest>
    <UnitTest name="TestAuditLog_AuditLogLegacyLinkValidMapAdded_Success" storage="d:\actions-runner\_work\xpco\xpco\eventserver\server\components\central\gismap.unittest\bin\x64\debug\videoos.eventserver.gismap.unittest.dll" id="a5eb2fee-b9b1-5717-6228-97f4dd42bf1c">
      <TestCategory>
        <TestCategoryItem TestCategory="BusinessObjects" />
      </TestCategory>
      <Execution id="1b885a56-a21b-4c0e-8d7a-93e620b4209d" />
      <TestMethod codeBase="D:\actions-runner\_work\XPCO\XPCO\EventServer\Server\Components\Central\GisMap.UnitTest\bin\x64\Debug\VideoOS.EventServer.GisMap.UnitTest.dll" adapterTypeName="executor://mstestadapter/v2" className="VideoOS.EventServer.GisMap.UnitTest.BusinessObjects.Items.LegacyLinkItemTest" name="TestAuditLog_AuditLogLegacyLinkValidMapAdded_Success" />
    </UnitTest>
    <UnitTest name="TestConstructor_ParsingWcfObjectWithoutExtent_Success" storage="d:\actions-runner\_work\xpco\xpco\eventserver\server\components\central\gismap.unittest\bin\x64\debug\videoos.eventserver.gismap.unittest.dll" id="9e8f8325-02f5-40d6-c526-347e0cfbaf29">
      <TestCategory>
        <TestCategoryItem TestCategory="BusinessObjects" />
      </TestCategory>
      <Execution id="eebf019d-1d27-4b30-971e-bc8527d6dfaf" />
      <TestMethod codeBase="D:\actions-runner\_work\XPCO\XPCO\EventServer\Server\Components\Central\GisMap.UnitTest\bin\x64\Debug\VideoOS.EventServer.GisMap.UnitTest.dll" adapterTypeName="executor://mstestadapter/v2" className="VideoOS.EventServer.GisMap.UnitTest.BusinessObjects.Layers.LocationLayerTest" name="TestConstructor_ParsingWcfObjectWithoutExtent_Success" />
    </UnitTest>
    <UnitTest name="TestAuditLog_AuditLogLayerChanged_Success" storage="d:\actions-runner\_work\xpco\xpco\eventserver\server\components\central\gismap.unittest\bin\x64\debug\videoos.eventserver.gismap.unittest.dll" id="16372458-88c2-55a4-d00e-c4dab41c676a">
      <TestCategory>
        <TestCategoryItem TestCategory="BusinessObjects" />
      </TestCategory>
      <Execution id="34eb9426-4856-41d0-ad13-6273f215e13e" />
      <TestMethod codeBase="D:\actions-runner\_work\XPCO\XPCO\EventServer\Server\Components\Central\GisMap.UnitTest\bin\x64\Debug\VideoOS.EventServer.GisMap.UnitTest.dll" adapterTypeName="executor://mstestadapter/v2" className="VideoOS.EventServer.GisMap.UnitTest.BusinessObjects.Layers.ShapeFileLayerTest" name="TestAuditLog_AuditLogLayerChanged_Success" />
    </UnitTest>
    <UnitTest name="TestAuditLog_AuditLogWithNullItemAuditParameters_Failure" storage="d:\actions-runner\_work\xpco\xpco\eventserver\server\components\central\gismap.unittest\bin\x64\debug\videoos.eventserver.gismap.unittest.dll" id="37128e0d-32e5-a3ed-d148-3436bf935bb1">
      <TestCategory>
        <TestCategoryItem TestCategory="BusinessObjects" />
      </TestCategory>
      <Execution id="d1055447-df25-445b-81a6-779aaefeb9a5" />
      <TestMethod codeBase="D:\actions-runner\_work\XPCO\XPCO\EventServer\Server\Components\Central\GisMap.UnitTest\bin\x64\Debug\VideoOS.EventServer.GisMap.UnitTest.dll" adapterTypeName="executor://mstestadapter/v2" className="VideoOS.EventServer.GisMap.UnitTest.BusinessObjects.Items.LegacyLinkItemTest" name="TestAuditLog_AuditLogWithNullItemAuditParameters_Failure" />
    </UnitTest>
    <UnitTest name="TestConstructor_Success" storage="d:\actions-runner\_work\xpco\xpco\eventserver\server\components\central\gismap.unittest\bin\x64\debug\videoos.eventserver.gismap.unittest.dll" id="bcd74528-5b0b-127d-c9ab-7e254f110932">
      <TestCategory>
        <TestCategoryItem TestCategory="BusinessObjects" />
      </TestCategory>
      <Execution id="65da7d13-095b-4a9e-82c9-fbf817511374" />
      <TestMethod codeBase="D:\actions-runner\_work\XPCO\XPCO\EventServer\Server\Components\Central\GisMap.UnitTest\bin\x64\Debug\VideoOS.EventServer.GisMap.UnitTest.dll" adapterTypeName="executor://mstestadapter/v2" className="VideoOS.EventServer.GisMap.UnitTest.BusinessObjects.Buildings.LevelTest" name="TestConstructor_Success" />
    </UnitTest>
    <UnitTest name="GetClusters_StrategyCalledWithIndividualItemsOnlyFalse_WhenScaleIsMoreThanMinimum" storage="d:\actions-runner\_work\xpco\xpco\eventserver\server\components\central\gismap.unittest\bin\x64\debug\videoos.eventserver.gismap.unittest.dll" id="5cc34387-ceda-5527-6996-7e8b322a8655">
      <TestCategory>
        <TestCategoryItem TestCategory="BusinessObjects" />
      </TestCategory>
      <Execution id="973b54c1-9555-4eae-ba13-4b5641b4dae4" />
      <TestMethod codeBase="D:\actions-runner\_work\XPCO\XPCO\EventServer\Server\Components\Central\GisMap.UnitTest\bin\x64\Debug\VideoOS.EventServer.GisMap.UnitTest.dll" adapterTypeName="executor://mstestadapter/v2" className="VideoOS.EventServer.GisMap.UnitTest.BusinessObjects.Indexer.MapItemIndexerTest" name="GetClusters_StrategyCalledWithIndividualItemsOnlyFalse_WhenScaleIsMoreThanMinimum" />
    </UnitTest>
    <UnitTest name="TestAuditLog_AuditLogLegacyLinkWithValidMapRemoved_Success" storage="d:\actions-runner\_work\xpco\xpco\eventserver\server\components\central\gismap.unittest\bin\x64\debug\videoos.eventserver.gismap.unittest.dll" id="3b988a63-fef4-339e-a743-51559db35a54">
      <TestCategory>
        <TestCategoryItem TestCategory="BusinessObjects" />
      </TestCategory>
      <Execution id="074733cc-1e89-44b4-af42-e301dfcd66ee" />
      <TestMethod codeBase="D:\actions-runner\_work\XPCO\XPCO\EventServer\Server\Components\Central\GisMap.UnitTest\bin\x64\Debug\VideoOS.EventServer.GisMap.UnitTest.dll" adapterTypeName="executor://mstestadapter/v2" className="VideoOS.EventServer.GisMap.UnitTest.BusinessObjects.Items.LegacyLinkItemTest" name="TestAuditLog_AuditLogLegacyLinkWithValidMapRemoved_Success" />
    </UnitTest>
    <UnitTest name="TestPropertyNames_GettingPropertyNames_Success" storage="d:\actions-runner\_work\xpco\xpco\eventserver\server\components\central\gismap.unittest\bin\x64\debug\videoos.eventserver.gismap.unittest.dll" id="4b5596be-07db-8d75-a5c8-92c98ec20ff1">
      <TestCategory>
        <TestCategoryItem TestCategory="BusinessObjects" />
      </TestCategory>
      <Execution id="d6a7dcec-3e9f-4a30-bf9b-b619544b693d" />
      <TestMethod codeBase="D:\actions-runner\_work\XPCO\XPCO\EventServer\Server\Components\Central\GisMap.UnitTest\bin\x64\Debug\VideoOS.EventServer.GisMap.UnitTest.dll" adapterTypeName="executor://mstestadapter/v2" className="VideoOS.EventServer.GisMap.UnitTest.BusinessObjects.Layers.BuildingLayerTest" name="TestPropertyNames_GettingPropertyNames_Success" />
    </UnitTest>
    <UnitTest name="TestAddBuilding_NullOutline_Failure" storage="d:\actions-runner\_work\xpco\xpco\eventserver\server\components\central\gismap.unittest\bin\x64\debug\videoos.eventserver.gismap.unittest.dll" id="bbe434c3-32b3-7412-1e7a-cd1b98481aaf">
      <TestCategory>
        <TestCategoryItem TestCategory="DataComponent" />
      </TestCategory>
      <Execution id="4cdb81d9-57df-47a6-9cb6-1aabe5c073f9" />
      <TestMethod codeBase="D:\actions-runner\_work\XPCO\XPCO\EventServer\Server\Components\Central\GisMap.UnitTest\bin\x64\Debug\VideoOS.EventServer.GisMap.UnitTest.dll" adapterTypeName="executor://mstestadapter/v2" className="VideoOS.EventServer.GisMap.UnitTest.DB.DataComponent.BuildingComponentTest" name="TestAddBuilding_NullOutline_Failure" />
    </UnitTest>
    <UnitTest name="TestWcfObject_GetWcfObject_Success" storage="d:\actions-runner\_work\xpco\xpco\eventserver\server\components\central\gismap.unittest\bin\x64\debug\videoos.eventserver.gismap.unittest.dll" id="e9b54d64-f76b-4059-7709-45a7f0e7e855">
      <TestCategory>
        <TestCategoryItem TestCategory="BusinessObjects" />
      </TestCategory>
      <Execution id="34251c78-a8e6-498f-ad0d-b82a39ec47f3" />
      <TestMethod codeBase="D:\actions-runner\_work\XPCO\XPCO\EventServer\Server\Components\Central\GisMap.UnitTest\bin\x64\Debug\VideoOS.EventServer.GisMap.UnitTest.dll" adapterTypeName="executor://mstestadapter/v2" className="VideoOS.EventServer.GisMap.UnitTest.BusinessObjects.Layers.MicrophoneLayerTest" name="TestWcfObject_GetWcfObject_Success" />
    </UnitTest>
    <UnitTest name="ConstructorFromData_InitializesFields" storage="d:\actions-runner\_work\xpco\xpco\eventserver\server\components\central\gismap.unittest\bin\x64\debug\videoos.eventserver.gismap.unittest.dll" id="df23d5d9-66a0-42bc-fea4-a9b6e4e25e75">
      <TestCategory>
        <TestCategoryItem TestCategory="BusinessObjects" />
      </TestCategory>
      <Execution id="e2c10a18-50a4-4a2f-998f-c28977f568dc" />
      <TestMethod codeBase="D:\actions-runner\_work\XPCO\XPCO\EventServer\Server\Components\Central\GisMap.UnitTest\bin\x64\Debug\VideoOS.EventServer.GisMap.UnitTest.dll" adapterTypeName="executor://mstestadapter/v2" className="VideoOS.EventServer.GisMap.UnitTest.BusinessObjects.Indexer.MapItemTest" name="ConstructorFromData_InitializesFields" />
    </UnitTest>
    <UnitTest name="OnLevelsAdded" storage="d:\actions-runner\_work\xpco\xpco\eventserver\server\components\central\gismap.unittest\bin\x64\debug\videoos.eventserver.gismap.unittest.dll" id="1a5ed80b-31fa-9edf-9977-d986cb1e8e1d">
      <TestCategory>
        <TestCategoryItem TestCategory="GisMapServices" />
      </TestCategory>
      <Execution id="47cfeec8-d897-40a9-a7eb-1730e37d4804" />
      <TestMethod codeBase="D:\actions-runner\_work\XPCO\XPCO\EventServer\Server\Components\Central\GisMap.UnitTest\bin\x64\Debug\VideoOS.EventServer.GisMap.UnitTest.dll" adapterTypeName="executor://mstestadapter/v2" className="VideoOS.EventServer.GisMap.UnitTest.Services.Events.EventBusTest" name="OnLevelsAdded" />
    </UnitTest>
    <UnitTest name="TestAuditLog_NullLevelAuditParameters_Failure" storage="d:\actions-runner\_work\xpco\xpco\eventserver\server\components\central\gismap.unittest\bin\x64\debug\videoos.eventserver.gismap.unittest.dll" id="34d2567d-7bf6-dea3-25f7-4ceefb27ffbc">
      <TestCategory>
        <TestCategoryItem TestCategory="BusinessObjects" />
      </TestCategory>
      <Execution id="ba3c1d2a-78a7-48c7-b069-5a1a3820d118" />
      <TestMethod codeBase="D:\actions-runner\_work\XPCO\XPCO\EventServer\Server\Components\Central\GisMap.UnitTest\bin\x64\Debug\VideoOS.EventServer.GisMap.UnitTest.dll" adapterTypeName="executor://mstestadapter/v2" className="VideoOS.EventServer.GisMap.UnitTest.BusinessObjects.Buildings.LevelTest" name="TestAuditLog_NullLevelAuditParameters_Failure" />
    </UnitTest>
    <UnitTest name="TestPropertyNames_GettingPropertyNames_Success" storage="d:\actions-runner\_work\xpco\xpco\eventserver\server\components\central\gismap.unittest\bin\x64\debug\videoos.eventserver.gismap.unittest.dll" id="e355f905-ea73-21e7-9afa-7777ac3e2710">
      <TestCategory>
        <TestCategoryItem TestCategory="BusinessObjects" />
      </TestCategory>
      <Execution id="c3add679-53bb-4378-b951-589ff61cbd66" />
      <TestMethod codeBase="D:\actions-runner\_work\XPCO\XPCO\EventServer\Server\Components\Central\GisMap.UnitTest\bin\x64\Debug\VideoOS.EventServer.GisMap.UnitTest.dll" adapterTypeName="executor://mstestadapter/v2" className="VideoOS.EventServer.GisMap.UnitTest.BusinessObjects.Layers.InputLayerTest" name="TestPropertyNames_GettingPropertyNames_Success" />
    </UnitTest>
    <UnitTest name="TestConstructor_ParsingWcfObjectWithoutExtent_Success" storage="d:\actions-runner\_work\xpco\xpco\eventserver\server\components\central\gismap.unittest\bin\x64\debug\videoos.eventserver.gismap.unittest.dll" id="9402c974-f17c-f131-5a68-cca76bafe09d">
      <TestCategory>
        <TestCategoryItem TestCategory="BusinessObjects" />
      </TestCategory>
      <Execution id="07cdad92-9d91-4429-932e-57ee29ab0d41" />
      <TestMethod codeBase="D:\actions-runner\_work\XPCO\XPCO\EventServer\Server\Components\Central\GisMap.UnitTest\bin\x64\Debug\VideoOS.EventServer.GisMap.UnitTest.dll" adapterTypeName="executor://mstestadapter/v2" className="VideoOS.EventServer.GisMap.UnitTest.BusinessObjects.Layers.BingMapLayerTest" name="TestConstructor_ParsingWcfObjectWithoutExtent_Success" />
    </UnitTest>
    <UnitTest name="TestProperties_GetPropertiesFromWcfObject_Success" storage="d:\actions-runner\_work\xpco\xpco\eventserver\server\components\central\gismap.unittest\bin\x64\debug\videoos.eventserver.gismap.unittest.dll" id="70223117-1028-488e-1109-b9f75188c95f">
      <TestCategory>
        <TestCategoryItem TestCategory="BusinessObjects" />
      </TestCategory>
      <Execution id="f21924c5-c1a4-4b1d-aebd-cf58ede6cb56" />
      <TestMethod codeBase="D:\actions-runner\_work\XPCO\XPCO\EventServer\Server\Components\Central\GisMap.UnitTest\bin\x64\Debug\VideoOS.EventServer.GisMap.UnitTest.dll" adapterTypeName="executor://mstestadapter/v2" className="VideoOS.EventServer.GisMap.UnitTest.BusinessObjects.MapViewPointTest" name="TestProperties_GetPropertiesFromWcfObject_Success" />
    </UnitTest>
    <UnitTest name="TestAddLayer_NotAutoAssign_Success" storage="d:\actions-runner\_work\xpco\xpco\eventserver\server\components\central\gismap.unittest\bin\x64\debug\videoos.eventserver.gismap.unittest.dll" id="8194709e-7083-fd62-5a37-46cd930544c2">
      <TestCategory>
        <TestCategoryItem TestCategory="DataComponent" />
      </TestCategory>
      <Execution id="bb7c1f0d-99db-45bc-a66a-5bdbd6eca88d" />
      <TestMethod codeBase="D:\actions-runner\_work\XPCO\XPCO\EventServer\Server\Components\Central\GisMap.UnitTest\bin\x64\Debug\VideoOS.EventServer.GisMap.UnitTest.dll" adapterTypeName="executor://mstestadapter/v2" className="VideoOS.EventServer.GisMap.UnitTest.DB.DataComponent.LayerComponentTest" name="TestAddLayer_NotAutoAssign_Success" />
    </UnitTest>
    <UnitTest name="TestConstructor_ParsingWcfObjectWithNull_ArgumentNullException" storage="d:\actions-runner\_work\xpco\xpco\eventserver\server\components\central\gismap.unittest\bin\x64\debug\videoos.eventserver.gismap.unittest.dll" id="f8fed124-5949-da98-15a4-9b82c6c49818">
      <TestCategory>
        <TestCategoryItem TestCategory="BusinessObjects" />
      </TestCategory>
      <Execution id="bbe50055-12d7-43ba-ae98-f6fb5e4eb39d" />
      <TestMethod codeBase="D:\actions-runner\_work\XPCO\XPCO\EventServer\Server\Components\Central\GisMap.UnitTest\bin\x64\Debug\VideoOS.EventServer.GisMap.UnitTest.dll" adapterTypeName="executor://mstestadapter/v2" className="VideoOS.EventServer.GisMap.UnitTest.BusinessObjects.Layers.InputLayerTest" name="TestConstructor_ParsingWcfObjectWithNull_ArgumentNullException" />
    </UnitTest>
    <UnitTest name="GetClusters_PassesMinimumScaleToClusterToIndexer" storage="d:\actions-runner\_work\xpco\xpco\eventserver\server\components\central\gismap.unittest\bin\x64\debug\videoos.eventserver.gismap.unittest.dll" id="53f8fdc8-702b-5ac8-9e59-2a1d5c6a6117">
      <TestCategory>
        <TestCategoryItem TestCategory="GisMapServices" />
      </TestCategory>
      <Execution id="011de021-4af7-4beb-ab29-8056503e18fa" />
      <TestMethod codeBase="D:\actions-runner\_work\XPCO\XPCO\EventServer\Server\Components\Central\GisMap.UnitTest\bin\x64\Debug\VideoOS.EventServer.GisMap.UnitTest.dll" adapterTypeName="executor://mstestadapter/v2" className="VideoOS.EventServer.GisMap.UnitTest.Services.Clustering.ItemClusteringServiceTest" name="GetClusters_PassesMinimumScaleToClusterToIndexer" />
    </UnitTest>
    <UnitTest name="TestUpdateBuilding_BuildingNotFound_Failure" storage="d:\actions-runner\_work\xpco\xpco\eventserver\server\components\central\gismap.unittest\bin\x64\debug\videoos.eventserver.gismap.unittest.dll" id="49f414c6-759e-10c7-56c6-a3de5733e99b">
      <TestCategory>
        <TestCategoryItem TestCategory="DataComponent" />
      </TestCategory>
      <Execution id="6f642c0d-1159-4148-99d7-a2c44154f01c" />
      <TestMethod codeBase="D:\actions-runner\_work\XPCO\XPCO\EventServer\Server\Components\Central\GisMap.UnitTest\bin\x64\Debug\VideoOS.EventServer.GisMap.UnitTest.dll" adapterTypeName="executor://mstestadapter/v2" className="VideoOS.EventServer.GisMap.UnitTest.DB.DataComponent.BuildingComponentTest" name="TestUpdateBuilding_BuildingNotFound_Failure" />
    </UnitTest>
    <UnitTest name="Test_DeleteLevels_ArgumentException_Failure" storage="d:\actions-runner\_work\xpco\xpco\eventserver\server\components\central\gismap.unittest\bin\x64\debug\videoos.eventserver.gismap.unittest.dll" id="5cbe2fb0-0e31-b162-2ddc-c583c1192cd1">
      <TestCategory>
        <TestCategoryItem TestCategory="DataComponent" />
      </TestCategory>
      <Execution id="71bb8085-d2a1-427b-926c-d8426ebad085" />
      <TestMethod codeBase="D:\actions-runner\_work\XPCO\XPCO\EventServer\Server\Components\Central\GisMap.UnitTest\bin\x64\Debug\VideoOS.EventServer.GisMap.UnitTest.dll" adapterTypeName="executor://mstestadapter/v2" className="VideoOS.EventServer.GisMap.UnitTest.DB.DataComponent.BuildingComponent_LevelTest" name="Test_DeleteLevels_ArgumentException_Failure" />
    </UnitTest>
    <UnitTest name="TestConstructor_ParsingWcfObject_Success" storage="d:\actions-runner\_work\xpco\xpco\eventserver\server\components\central\gismap.unittest\bin\x64\debug\videoos.eventserver.gismap.unittest.dll" id="9a622f3d-bf69-0522-d0f1-bc7afea2cbf7">
      <TestCategory>
        <TestCategoryItem TestCategory="BusinessObjects" />
      </TestCategory>
      <Execution id="339ee5ae-68e1-4a3b-9c20-2dc1ac74153b" />
      <TestMethod codeBase="D:\actions-runner\_work\XPCO\XPCO\EventServer\Server\Components\Central\GisMap.UnitTest\bin\x64\Debug\VideoOS.EventServer.GisMap.UnitTest.dll" adapterTypeName="executor://mstestadapter/v2" className="VideoOS.EventServer.GisMap.UnitTest.BusinessObjects.Layers.CADLayerTest" name="TestConstructor_ParsingWcfObject_Success" />
    </UnitTest>
    <UnitTest name="TestConstructor" storage="d:\actions-runner\_work\xpco\xpco\eventserver\server\components\central\gismap.unittest\bin\x64\debug\videoos.eventserver.gismap.unittest.dll" id="826f9014-332f-610b-e2c7-728e9ec50cd4">
      <TestCategory>
        <TestCategoryItem TestCategory="DataComponent" />
      </TestCategory>
      <Execution id="747ae33c-4356-4d18-b4e9-ee758a0f6bd7" />
      <TestMethod codeBase="D:\actions-runner\_work\XPCO\XPCO\EventServer\Server\Components\Central\GisMap.UnitTest\bin\x64\Debug\VideoOS.EventServer.GisMap.UnitTest.dll" adapterTypeName="executor://mstestadapter/v2" className="VideoOS.EventServer.GisMap.UnitTest.DB.DataComponent.LayerComponentTest" name="TestConstructor" />
    </UnitTest>
    <UnitTest name="TestAuditLog_AuditLogLegacyLinkToChildServerRemoved_Success" storage="d:\actions-runner\_work\xpco\xpco\eventserver\server\components\central\gismap.unittest\bin\x64\debug\videoos.eventserver.gismap.unittest.dll" id="75bfc7ef-894d-f70f-7e3b-b822c5e6249f">
      <TestCategory>
        <TestCategoryItem TestCategory="BusinessObjects" />
      </TestCategory>
      <Execution id="718d6a43-3be1-499a-a32f-d60ee32a26c0" />
      <TestMethod codeBase="D:\actions-runner\_work\XPCO\XPCO\EventServer\Server\Components\Central\GisMap.UnitTest\bin\x64\Debug\VideoOS.EventServer.GisMap.UnitTest.dll" adapterTypeName="executor://mstestadapter/v2" className="VideoOS.EventServer.GisMap.UnitTest.BusinessObjects.Items.LegacyLinkItemTest" name="TestAuditLog_AuditLogLegacyLinkToChildServerRemoved_Success" />
    </UnitTest>
    <UnitTest name="TestConstructor_ParsingWcfObject_Success" storage="d:\actions-runner\_work\xpco\xpco\eventserver\server\components\central\gismap.unittest\bin\x64\debug\videoos.eventserver.gismap.unittest.dll" id="d34706a4-7950-d591-a268-b776543bf69d">
      <TestCategory>
        <TestCategoryItem TestCategory="BusinessObjects" />
      </TestCategory>
      <Execution id="1d6c40c0-a228-444e-b40b-75f04cf2d432" />
      <TestMethod codeBase="D:\actions-runner\_work\XPCO\XPCO\EventServer\Server\Components\Central\GisMap.UnitTest\bin\x64\Debug\VideoOS.EventServer.GisMap.UnitTest.dll" adapterTypeName="executor://mstestadapter/v2" className="VideoOS.EventServer.GisMap.UnitTest.BusinessObjects.Maps.MapTest" name="TestConstructor_ParsingWcfObject_Success" />
    </UnitTest>
    <UnitTest name="TestUpdateLevels_Success" storage="d:\actions-runner\_work\xpco\xpco\eventserver\server\components\central\gismap.unittest\bin\x64\debug\videoos.eventserver.gismap.unittest.dll" id="58fe92ec-7d5a-1c37-d4fb-7aafadcf26fa">
      <TestCategory>
        <TestCategoryItem TestCategory="DataComponent" />
      </TestCategory>
      <Execution id="d1419ddf-3ea6-4fa7-8a00-20c4e69c806d" />
      <TestMethod codeBase="D:\actions-runner\_work\XPCO\XPCO\EventServer\Server\Components\Central\GisMap.UnitTest\bin\x64\Debug\VideoOS.EventServer.GisMap.UnitTest.dll" adapterTypeName="executor://mstestadapter/v2" className="VideoOS.EventServer.GisMap.UnitTest.DB.DataComponent.BuildingComponent_LevelTest" name="TestUpdateLevels_Success" />
    </UnitTest>
    <UnitTest name="TestPropertyNames_GettingPropertyNames_Success" storage="d:\actions-runner\_work\xpco\xpco\eventserver\server\components\central\gismap.unittest\bin\x64\debug\videoos.eventserver.gismap.unittest.dll" id="a8ee5df4-e99a-0461-e037-d49becc39127">
      <TestCategory>
        <TestCategoryItem TestCategory="BusinessObjects" />
      </TestCategory>
      <Execution id="0b8b9e2a-74ce-4877-97df-9c24acfe202e" />
      <TestMethod codeBase="D:\actions-runner\_work\XPCO\XPCO\EventServer\Server\Components\Central\GisMap.UnitTest\bin\x64\Debug\VideoOS.EventServer.GisMap.UnitTest.dll" adapterTypeName="executor://mstestadapter/v2" className="VideoOS.EventServer.GisMap.UnitTest.BusinessObjects.Items.LocationItemTest" name="TestPropertyNames_GettingPropertyNames_Success" />
    </UnitTest>
    <UnitTest name="TestUpdateProperties_UpdateAllProperties_Success" storage="d:\actions-runner\_work\xpco\xpco\eventserver\server\components\central\gismap.unittest\bin\x64\debug\videoos.eventserver.gismap.unittest.dll" id="43ca9d34-d402-7033-279f-b43f2b43ba62">
      <TestCategory>
        <TestCategoryItem TestCategory="BusinessObjects" />
      </TestCategory>
      <Execution id="ed3100ae-7d2a-422b-a7d6-3215bda2df4a" />
      <TestMethod codeBase="D:\actions-runner\_work\XPCO\XPCO\EventServer\Server\Components\Central\GisMap.UnitTest\bin\x64\Debug\VideoOS.EventServer.GisMap.UnitTest.dll" adapterTypeName="executor://mstestadapter/v2" className="VideoOS.EventServer.GisMap.UnitTest.BusinessObjects.Repositories.ShapeFileRepositoryTest" name="TestUpdateProperties_UpdateAllProperties_Success" />
    </UnitTest>
    <UnitTest name="BrowseLayer_Generic_CreateFromData_Success" storage="d:\actions-runner\_work\xpco\xpco\eventserver\server\components\central\gismap.unittest\bin\x64\debug\videoos.eventserver.gismap.unittest.dll" id="aaef23ea-7d4f-464a-f3c4-a3b6ae89c399">
      <Execution id="0867d6c9-a468-4661-97aa-e4119f0ba191" />
      <TestMethod codeBase="D:\actions-runner\_work\XPCO\XPCO\EventServer\Server\Components\Central\GisMap.UnitTest\bin\x64\Debug\VideoOS.EventServer.GisMap.UnitTest.dll" adapterTypeName="executor://mstestadapter/v2" className="VideoOS.EventServer.GisMap.UnitTest.BusinessObjects.Layers.BrowseLayerTest" name="BrowseLayer_Generic_CreateFromData_Success" />
    </UnitTest>
    <UnitTest name="Constructor_BuildingSet" storage="d:\actions-runner\_work\xpco\xpco\eventserver\server\components\central\gismap.unittest\bin\x64\debug\videoos.eventserver.gismap.unittest.dll" id="dd73bd6b-a286-7dfa-e085-1f1796e3abf4">
      <TestCategory>
        <TestCategoryItem TestCategory="BusinessObjects" />
      </TestCategory>
      <Execution id="c7db6696-1e87-487b-b63c-2fb33cfdef11" />
      <TestMethod codeBase="D:\actions-runner\_work\XPCO\XPCO\EventServer\Server\Components\Central\GisMap.UnitTest\bin\x64\Debug\VideoOS.EventServer.GisMap.UnitTest.dll" adapterTypeName="executor://mstestadapter/v2" className="VideoOS.EventServer.GisMap.UnitTest.BusinessObjects.Indexer.Buildings.BuildingIndexTest" name="Constructor_BuildingSet" />
    </UnitTest>
    <UnitTest name="TestUpdateBuildings_Success" storage="d:\actions-runner\_work\xpco\xpco\eventserver\server\components\central\gismap.unittest\bin\x64\debug\videoos.eventserver.gismap.unittest.dll" id="83921641-4a25-dc4d-d456-f6312452f936">
      <TestCategory>
        <TestCategoryItem TestCategory="DataComponent" />
      </TestCategory>
      <Execution id="c95cede5-c10a-4c0f-b224-d2dc689ae403" />
      <TestMethod codeBase="D:\actions-runner\_work\XPCO\XPCO\EventServer\Server\Components\Central\GisMap.UnitTest\bin\x64\Debug\VideoOS.EventServer.GisMap.UnitTest.dll" adapterTypeName="executor://mstestadapter/v2" className="VideoOS.EventServer.GisMap.UnitTest.DB.DataComponent.BuildingComponentTest" name="TestUpdateBuildings_Success" />
    </UnitTest>
    <UnitTest name="TestAuditLog_AuditLogItemRemovedWithLocation_Success" storage="d:\actions-runner\_work\xpco\xpco\eventserver\server\components\central\gismap.unittest\bin\x64\debug\videoos.eventserver.gismap.unittest.dll" id="3db0fc72-d7ad-dd65-723e-e1b395e7c54e">
      <TestCategory>
        <TestCategoryItem TestCategory="BusinessObjects" />
      </TestCategory>
      <Execution id="05b476c2-e778-48f9-ac4e-d20f757b2ceb" />
      <TestMethod codeBase="D:\actions-runner\_work\XPCO\XPCO\EventServer\Server\Components\Central\GisMap.UnitTest\bin\x64\Debug\VideoOS.EventServer.GisMap.UnitTest.dll" adapterTypeName="executor://mstestadapter/v2" className="VideoOS.EventServer.GisMap.UnitTest.BusinessObjects.Items.LinkItemTest" name="TestAuditLog_AuditLogItemRemovedWithLocation_Success" />
    </UnitTest>
    <UnitTest name="TestConstructor_ParsingWcfObjectWithNull_ArgumentNullException" storage="d:\actions-runner\_work\xpco\xpco\eventserver\server\components\central\gismap.unittest\bin\x64\debug\videoos.eventserver.gismap.unittest.dll" id="4783053d-2f52-f4a3-164e-3fc995b4bfc4">
      <TestCategory>
        <TestCategoryItem TestCategory="BusinessObjects" />
      </TestCategory>
      <Execution id="c45bf6f3-30b3-491e-aac0-71c580e4c577" />
      <TestMethod codeBase="D:\actions-runner\_work\XPCO\XPCO\EventServer\Server\Components\Central\GisMap.UnitTest\bin\x64\Debug\VideoOS.EventServer.GisMap.UnitTest.dll" adapterTypeName="executor://mstestadapter/v2" className="VideoOS.EventServer.GisMap.UnitTest.BusinessObjects.Layers.OutputLayerTest" name="TestConstructor_ParsingWcfObjectWithNull_ArgumentNullException" />
    </UnitTest>
    <UnitTest name="TestProperties_GetProperties_Success" storage="d:\actions-runner\_work\xpco\xpco\eventserver\server\components\central\gismap.unittest\bin\x64\debug\videoos.eventserver.gismap.unittest.dll" id="519f72f5-8881-b81f-fec6-f0bb7ca646da">
      <TestCategory>
        <TestCategoryItem TestCategory="BusinessObjects" />
      </TestCategory>
      <Execution id="7bf5ed9e-9d62-4b54-9f4b-15be449b006e" />
      <TestMethod codeBase="D:\actions-runner\_work\XPCO\XPCO\EventServer\Server\Components\Central\GisMap.UnitTest\bin\x64\Debug\VideoOS.EventServer.GisMap.UnitTest.dll" adapterTypeName="executor://mstestadapter/v2" className="VideoOS.EventServer.GisMap.UnitTest.BusinessObjects.Repositories.ShapeFileRepositoryTest" name="TestProperties_GetProperties_Success" />
    </UnitTest>
    <UnitTest name="TestAuditLog_AuditLogLevelAdded_WithMapItems_Success" storage="d:\actions-runner\_work\xpco\xpco\eventserver\server\components\central\gismap.unittest\bin\x64\debug\videoos.eventserver.gismap.unittest.dll" id="e861b9e3-e4b2-69ea-5675-3905004d5ab3">
      <TestCategory>
        <TestCategoryItem TestCategory="BusinessObjects" />
      </TestCategory>
      <Execution id="05d10470-e5af-44fb-95f8-703fa696e3a5" />
      <TestMethod codeBase="D:\actions-runner\_work\XPCO\XPCO\EventServer\Server\Components\Central\GisMap.UnitTest\bin\x64\Debug\VideoOS.EventServer.GisMap.UnitTest.dll" adapterTypeName="executor://mstestadapter/v2" className="VideoOS.EventServer.GisMap.UnitTest.BusinessObjects.Buildings.LevelTest" name="TestAuditLog_AuditLogLevelAdded_WithMapItems_Success" />
    </UnitTest>
    <UnitTest name="TestReorderLevels_LevelOrderDuplicateFound_Failure" storage="d:\actions-runner\_work\xpco\xpco\eventserver\server\components\central\gismap.unittest\bin\x64\debug\videoos.eventserver.gismap.unittest.dll" id="13601ec6-61f0-b258-ec6f-80d29fd448e1">
      <TestCategory>
        <TestCategoryItem TestCategory="DataComponent" />
      </TestCategory>
      <Execution id="a86a66ee-4a94-4112-9636-cc7acd95a0c7" />
      <TestMethod codeBase="D:\actions-runner\_work\XPCO\XPCO\EventServer\Server\Components\Central\GisMap.UnitTest\bin\x64\Debug\VideoOS.EventServer.GisMap.UnitTest.dll" adapterTypeName="executor://mstestadapter/v2" className="VideoOS.EventServer.GisMap.UnitTest.DB.DataComponent.BuildingComponent_LevelTest" name="TestReorderLevels_LevelOrderDuplicateFound_Failure" />
    </UnitTest>
    <UnitTest name="TestUpdateProperties_UpdateAllProperties_Success" storage="d:\actions-runner\_work\xpco\xpco\eventserver\server\components\central\gismap.unittest\bin\x64\debug\videoos.eventserver.gismap.unittest.dll" id="67bc7186-2550-aee3-214e-674332dcce53">
      <TestCategory>
        <TestCategoryItem TestCategory="BusinessObjects" />
      </TestCategory>
      <Execution id="3d541a20-f6ef-4e31-a2f2-3735dd900bb5" />
      <TestMethod codeBase="D:\actions-runner\_work\XPCO\XPCO\EventServer\Server\Components\Central\GisMap.UnitTest\bin\x64\Debug\VideoOS.EventServer.GisMap.UnitTest.dll" adapterTypeName="executor://mstestadapter/v2" className="VideoOS.EventServer.GisMap.UnitTest.BusinessObjects.Layers.InputLayerTest" name="TestUpdateProperties_UpdateAllProperties_Success" />
    </UnitTest>
    <UnitTest name="TestConstructor_ParsingWcfObject_Success" storage="d:\actions-runner\_work\xpco\xpco\eventserver\server\components\central\gismap.unittest\bin\x64\debug\videoos.eventserver.gismap.unittest.dll" id="f1425c4d-1be6-14bd-738b-4e89531d196e">
      <TestCategory>
        <TestCategoryItem TestCategory="BusinessObjects" />
      </TestCategory>
      <Execution id="c0f36f9c-c48c-4bb6-a841-38463359b499" />
      <TestMethod codeBase="D:\actions-runner\_work\XPCO\XPCO\EventServer\Server\Components\Central\GisMap.UnitTest\bin\x64\Debug\VideoOS.EventServer.GisMap.UnitTest.dll" adapterTypeName="executor://mstestadapter/v2" className="VideoOS.EventServer.GisMap.UnitTest.BusinessObjects.TransformInfoTest" name="TestConstructor_ParsingWcfObject_Success" />
    </UnitTest>
    <UnitTest name="TestUpdateLevel_UnknownLevel_Success" storage="d:\actions-runner\_work\xpco\xpco\eventserver\server\components\central\gismap.unittest\bin\x64\debug\videoos.eventserver.gismap.unittest.dll" id="e93a7b60-e657-d859-7691-17f336a6f9b4">
      <TestCategory>
        <TestCategoryItem TestCategory="DataComponent" />
      </TestCategory>
      <Execution id="63ac399a-89cc-4dbf-930e-1be8408c58ac" />
      <TestMethod codeBase="D:\actions-runner\_work\XPCO\XPCO\EventServer\Server\Components\Central\GisMap.UnitTest\bin\x64\Debug\VideoOS.EventServer.GisMap.UnitTest.dll" adapterTypeName="executor://mstestadapter/v2" className="VideoOS.EventServer.GisMap.UnitTest.DB.DataComponent.BuildingComponent_LevelTest" name="TestUpdateLevel_UnknownLevel_Success" />
    </UnitTest>
    <UnitTest name="AddLevel_IgnoreLevelItemsThatAreNotPartOfIndexer" storage="d:\actions-runner\_work\xpco\xpco\eventserver\server\components\central\gismap.unittest\bin\x64\debug\videoos.eventserver.gismap.unittest.dll" id="cd4a74fd-d6aa-9edc-46cf-42e0c57d2d6f">
      <TestCategory>
        <TestCategoryItem TestCategory="BusinessObjects" />
      </TestCategory>
      <Execution id="d6dd11b7-4447-4099-8fb2-5d6ebc869955" />
      <TestMethod codeBase="D:\actions-runner\_work\XPCO\XPCO\EventServer\Server\Components\Central\GisMap.UnitTest\bin\x64\Debug\VideoOS.EventServer.GisMap.UnitTest.dll" adapterTypeName="executor://mstestadapter/v2" className="VideoOS.EventServer.GisMap.UnitTest.BusinessObjects.Indexer.Buildings.BuildingIndexTest" name="AddLevel_IgnoreLevelItemsThatAreNotPartOfIndexer" />
    </UnitTest>
    <UnitTest name="TestUpdateProperties_UpdateAllProperties_Success" storage="d:\actions-runner\_work\xpco\xpco\eventserver\server\components\central\gismap.unittest\bin\x64\debug\videoos.eventserver.gismap.unittest.dll" id="1160c5d9-3b03-8b7c-d2ae-f7a44929d311">
      <TestCategory>
        <TestCategoryItem TestCategory="BusinessObjects" />
      </TestCategory>
      <Execution id="88cf6ce8-e6f8-4254-a61b-0f45ed3ad080" />
      <TestMethod codeBase="D:\actions-runner\_work\XPCO\XPCO\EventServer\Server\Components\Central\GisMap.UnitTest\bin\x64\Debug\VideoOS.EventServer.GisMap.UnitTest.dll" adapterTypeName="executor://mstestadapter/v2" className="VideoOS.EventServer.GisMap.UnitTest.BusinessObjects.Items.LegacyLinkItemTest" name="TestUpdateProperties_UpdateAllProperties_Success" />
    </UnitTest>
    <UnitTest name="TestQueryLevelsByBuildingId_ZeroRows_Success" storage="d:\actions-runner\_work\xpco\xpco\eventserver\server\components\central\gismap.unittest\bin\x64\debug\videoos.eventserver.gismap.unittest.dll" id="75298519-94ad-3cd1-9290-eb24793f55a6">
      <TestCategory>
        <TestCategoryItem TestCategory="DataComponent" />
      </TestCategory>
      <Execution id="5c61e0f9-7ea8-4f1f-8611-e0edc147c4cd" />
      <TestMethod codeBase="D:\actions-runner\_work\XPCO\XPCO\EventServer\Server\Components\Central\GisMap.UnitTest\bin\x64\Debug\VideoOS.EventServer.GisMap.UnitTest.dll" adapterTypeName="executor://mstestadapter/v2" className="VideoOS.EventServer.GisMap.UnitTest.DB.DataComponent.BuildingComponent_LevelTest" name="TestQueryLevelsByBuildingId_ZeroRows_Success" />
    </UnitTest>
    <UnitTest name="TestWcfObject_GetWcfObjectWithoutOriginalExtent_Success" storage="d:\actions-runner\_work\xpco\xpco\eventserver\server\components\central\gismap.unittest\bin\x64\debug\videoos.eventserver.gismap.unittest.dll" id="dd3c3a60-8205-afc0-6c6b-c7fa7c584838">
      <TestCategory>
        <TestCategoryItem TestCategory="BusinessObjects" />
      </TestCategory>
      <Execution id="90997082-4da3-43d5-8548-ff032ab71dbe" />
      <TestMethod codeBase="D:\actions-runner\_work\XPCO\XPCO\EventServer\Server\Components\Central\GisMap.UnitTest\bin\x64\Debug\VideoOS.EventServer.GisMap.UnitTest.dll" adapterTypeName="executor://mstestadapter/v2" className="VideoOS.EventServer.GisMap.UnitTest.BusinessObjects.Layers.ShapeFileLayerTest" name="TestWcfObject_GetWcfObjectWithoutOriginalExtent_Success" />
    </UnitTest>
    <UnitTest name="TestWcfObject_GetWcfObject_Success" storage="d:\actions-runner\_work\xpco\xpco\eventserver\server\components\central\gismap.unittest\bin\x64\debug\videoos.eventserver.gismap.unittest.dll" id="a99a19d5-d38e-a036-6805-96140b18d0f5">
      <TestCategory>
        <TestCategoryItem TestCategory="BusinessObjects" />
      </TestCategory>
      <Execution id="835a7b27-c119-4ee4-8902-146ce6cf791d" />
      <TestMethod codeBase="D:\actions-runner\_work\XPCO\XPCO\EventServer\Server\Components\Central\GisMap.UnitTest\bin\x64\Debug\VideoOS.EventServer.GisMap.UnitTest.dll" adapterTypeName="executor://mstestadapter/v2" className="VideoOS.EventServer.GisMap.UnitTest.BusinessObjects.Layers.BuildingLayerTest" name="TestWcfObject_GetWcfObject_Success" />
    </UnitTest>
    <UnitTest name="TestAuditLog_AuditLogLegacyLinkChangedWithNullOldItem_Success" storage="d:\actions-runner\_work\xpco\xpco\eventserver\server\components\central\gismap.unittest\bin\x64\debug\videoos.eventserver.gismap.unittest.dll" id="93a44ca8-76fe-bb9b-ae02-8cb54081d6e2">
      <TestCategory>
        <TestCategoryItem TestCategory="BusinessObjects" />
      </TestCategory>
      <Execution id="9f0281df-0b90-46ce-8e88-d297586b5da8" />
      <TestMethod codeBase="D:\actions-runner\_work\XPCO\XPCO\EventServer\Server\Components\Central\GisMap.UnitTest\bin\x64\Debug\VideoOS.EventServer.GisMap.UnitTest.dll" adapterTypeName="executor://mstestadapter/v2" className="VideoOS.EventServer.GisMap.UnitTest.BusinessObjects.Items.LegacyLinkItemTest" name="TestAuditLog_AuditLogLegacyLinkChangedWithNullOldItem_Success" />
    </UnitTest>
    <UnitTest name="TestConstructor_ParsingWcfObjectWithoutExtent_Success" storage="d:\actions-runner\_work\xpco\xpco\eventserver\server\components\central\gismap.unittest\bin\x64\debug\videoos.eventserver.gismap.unittest.dll" id="345552b6-3ed3-703c-aa8d-185623b1498d">
      <TestCategory>
        <TestCategoryItem TestCategory="BusinessObjects" />
      </TestCategory>
      <Execution id="7c6e454b-3bd1-46df-95b6-c326860a6232" />
      <TestMethod codeBase="D:\actions-runner\_work\XPCO\XPCO\EventServer\Server\Components\Central\GisMap.UnitTest\bin\x64\Debug\VideoOS.EventServer.GisMap.UnitTest.dll" adapterTypeName="executor://mstestadapter/v2" className="VideoOS.EventServer.GisMap.UnitTest.BusinessObjects.Layers.LinkLayerTest" name="TestConstructor_ParsingWcfObjectWithoutExtent_Success" />
    </UnitTest>
    <UnitTest name="Test_DeleteLevels_DatabaseException_Failure" storage="d:\actions-runner\_work\xpco\xpco\eventserver\server\components\central\gismap.unittest\bin\x64\debug\videoos.eventserver.gismap.unittest.dll" id="0b427970-7f06-1e6c-dbf4-7d3298a97e17">
      <TestCategory>
        <TestCategoryItem TestCategory="DataComponent" />
      </TestCategory>
      <Execution id="33d2ef24-a3ed-4ae0-8bd7-87e57f5b4543" />
      <TestMethod codeBase="D:\actions-runner\_work\XPCO\XPCO\EventServer\Server\Components\Central\GisMap.UnitTest\bin\x64\Debug\VideoOS.EventServer.GisMap.UnitTest.dll" adapterTypeName="executor://mstestadapter/v2" className="VideoOS.EventServer.GisMap.UnitTest.DB.DataComponent.BuildingComponent_LevelTest" name="Test_DeleteLevels_DatabaseException_Failure" />
    </UnitTest>
    <UnitTest name="AddLevel" storage="d:\actions-runner\_work\xpco\xpco\eventserver\server\components\central\gismap.unittest\bin\x64\debug\videoos.eventserver.gismap.unittest.dll" id="900cf850-1dbc-b7b5-448d-c8b60857d7c5">
      <TestCategory>
        <TestCategoryItem TestCategory="BusinessObjects" />
      </TestCategory>
      <Execution id="e4f57974-f155-4bdd-b326-2d470ffcd674" />
      <TestMethod codeBase="D:\actions-runner\_work\XPCO\XPCO\EventServer\Server\Components\Central\GisMap.UnitTest\bin\x64\Debug\VideoOS.EventServer.GisMap.UnitTest.dll" adapterTypeName="executor://mstestadapter/v2" className="VideoOS.EventServer.GisMap.UnitTest.BusinessObjects.Indexer.Buildings.BuildingIndexTest" name="AddLevel" />
    </UnitTest>
    <UnitTest name="TestReorderLevels_LevelOrderGapFound_Failure" storage="d:\actions-runner\_work\xpco\xpco\eventserver\server\components\central\gismap.unittest\bin\x64\debug\videoos.eventserver.gismap.unittest.dll" id="fa95aeff-d0ab-a4b0-a2ba-050a0072e692">
      <TestCategory>
        <TestCategoryItem TestCategory="DataComponent" />
      </TestCategory>
      <Execution id="d2783583-881d-4acd-bf9b-f3fdf047b09d" />
      <TestMethod codeBase="D:\actions-runner\_work\XPCO\XPCO\EventServer\Server\Components\Central\GisMap.UnitTest\bin\x64\Debug\VideoOS.EventServer.GisMap.UnitTest.dll" adapterTypeName="executor://mstestadapter/v2" className="VideoOS.EventServer.GisMap.UnitTest.DB.DataComponent.BuildingComponent_LevelTest" name="TestReorderLevels_LevelOrderGapFound_Failure" />
    </UnitTest>
    <UnitTest name="TestProperties_GetPropertiesFromWcfObjectWithNullViewport_Success" storage="d:\actions-runner\_work\xpco\xpco\eventserver\server\components\central\gismap.unittest\bin\x64\debug\videoos.eventserver.gismap.unittest.dll" id="0a07b8ff-c721-e171-25a3-148cb1965270">
      <TestCategory>
        <TestCategoryItem TestCategory="BusinessObjects" />
      </TestCategory>
      <Execution id="77502cb7-3281-4934-9352-eba904d31101" />
      <TestMethod codeBase="D:\actions-runner\_work\XPCO\XPCO\EventServer\Server\Components\Central\GisMap.UnitTest\bin\x64\Debug\VideoOS.EventServer.GisMap.UnitTest.dll" adapterTypeName="executor://mstestadapter/v2" className="VideoOS.EventServer.GisMap.UnitTest.BusinessObjects.MapSettingsTest" name="TestProperties_GetPropertiesFromWcfObjectWithNullViewport_Success" />
    </UnitTest>
    <UnitTest name="RemoveItems_RemovesWithChangedPosition" storage="d:\actions-runner\_work\xpco\xpco\eventserver\server\components\central\gismap.unittest\bin\x64\debug\videoos.eventserver.gismap.unittest.dll" id="2bfc6d47-8ba4-02c9-48f6-b952f3a2b68d">
      <TestCategory>
        <TestCategoryItem TestCategory="BusinessObjects" />
      </TestCategory>
      <Execution id="9f379331-5469-41c0-8ce8-296d22a1f553" />
      <TestMethod codeBase="D:\actions-runner\_work\XPCO\XPCO\EventServer\Server\Components\Central\GisMap.UnitTest\bin\x64\Debug\VideoOS.EventServer.GisMap.UnitTest.dll" adapterTypeName="executor://mstestadapter/v2" className="VideoOS.EventServer.GisMap.UnitTest.BusinessObjects.Indexer.MapItemIndexerTest" name="RemoveItems_RemovesWithChangedPosition" />
    </UnitTest>
    <UnitTest name="TestConstructor_Success" storage="d:\actions-runner\_work\xpco\xpco\eventserver\server\components\central\gismap.unittest\bin\x64\debug\videoos.eventserver.gismap.unittest.dll" id="de68b978-331f-70de-d76a-a01f3e3bf43a">
      <TestCategory>
        <TestCategoryItem TestCategory="BusinessObjects" />
      </TestCategory>
      <Execution id="d921c0d9-03b0-4cf4-94c0-4916f6dc3d43" />
      <TestMethod codeBase="D:\actions-runner\_work\XPCO\XPCO\EventServer\Server\Components\Central\GisMap.UnitTest\bin\x64\Debug\VideoOS.EventServer.GisMap.UnitTest.dll" adapterTypeName="executor://mstestadapter/v2" className="VideoOS.EventServer.GisMap.UnitTest.BusinessObjects.Layers.InputLayerTest" name="TestConstructor_Success" />
    </UnitTest>
    <UnitTest name="TestAddLayer_WithLevelId_Success" storage="d:\actions-runner\_work\xpco\xpco\eventserver\server\components\central\gismap.unittest\bin\x64\debug\videoos.eventserver.gismap.unittest.dll" id="9668ec61-f6ad-c200-83ec-c575bc32c092">
      <TestCategory>
        <TestCategoryItem TestCategory="DataComponent" />
      </TestCategory>
      <Execution id="a7612d0b-5cbc-4762-acc6-d2791ba7ae58" />
      <TestMethod codeBase="D:\actions-runner\_work\XPCO\XPCO\EventServer\Server\Components\Central\GisMap.UnitTest\bin\x64\Debug\VideoOS.EventServer.GisMap.UnitTest.dll" adapterTypeName="executor://mstestadapter/v2" className="VideoOS.EventServer.GisMap.UnitTest.DB.DataComponent.LayerComponentTest" name="TestAddLayer_WithLevelId_Success" />
    </UnitTest>
    <UnitTest name="Test_DeleteLevels_NoFactory_Exception_Failure" storage="d:\actions-runner\_work\xpco\xpco\eventserver\server\components\central\gismap.unittest\bin\x64\debug\videoos.eventserver.gismap.unittest.dll" id="5db863e2-d6e1-4b8a-5074-0b07052e3c37">
      <TestCategory>
        <TestCategoryItem TestCategory="DataComponent" />
      </TestCategory>
      <Execution id="20c26ef0-61a2-4028-ba84-704edf537a89" />
      <TestMethod codeBase="D:\actions-runner\_work\XPCO\XPCO\EventServer\Server\Components\Central\GisMap.UnitTest\bin\x64\Debug\VideoOS.EventServer.GisMap.UnitTest.dll" adapterTypeName="executor://mstestadapter/v2" className="VideoOS.EventServer.GisMap.UnitTest.DB.DataComponent.BuildingComponent_LevelTest" name="Test_DeleteLevels_NoFactory_Exception_Failure" />
    </UnitTest>
    <UnitTest name="TestConstructor_ParsingWcfObjectWithNull_Success" storage="d:\actions-runner\_work\xpco\xpco\eventserver\server\components\central\gismap.unittest\bin\x64\debug\videoos.eventserver.gismap.unittest.dll" id="a8b24ec3-7728-f6a5-d914-26a6e3351701">
      <TestCategory>
        <TestCategoryItem TestCategory="BusinessObjects" />
      </TestCategory>
      <Execution id="461c0d2a-7f36-4c66-ab34-eaac584c3a0e" />
      <TestMethod codeBase="D:\actions-runner\_work\XPCO\XPCO\EventServer\Server\Components\Central\GisMap.UnitTest\bin\x64\Debug\VideoOS.EventServer.GisMap.UnitTest.dll" adapterTypeName="executor://mstestadapter/v2" className="VideoOS.EventServer.GisMap.UnitTest.BusinessObjects.Layers.MipLayerTest" name="TestConstructor_ParsingWcfObjectWithNull_Success" />
    </UnitTest>
    <UnitTest name="TestConstructor_ParsingWcfObjectWithoutTransformInfo_Success" storage="d:\actions-runner\_work\xpco\xpco\eventserver\server\components\central\gismap.unittest\bin\x64\debug\videoos.eventserver.gismap.unittest.dll" id="ffc2f231-3796-544f-ac40-4ff508739cbb">
      <TestCategory>
        <TestCategoryItem TestCategory="BusinessObjects" />
      </TestCategory>
      <Execution id="008136b5-be53-4fb7-ae69-2c70593bae33" />
      <TestMethod codeBase="D:\actions-runner\_work\XPCO\XPCO\EventServer\Server\Components\Central\GisMap.UnitTest\bin\x64\Debug\VideoOS.EventServer.GisMap.UnitTest.dll" adapterTypeName="executor://mstestadapter/v2" className="VideoOS.EventServer.GisMap.UnitTest.BusinessObjects.Layers.ImageLayerTest" name="TestConstructor_ParsingWcfObjectWithoutTransformInfo_Success" />
    </UnitTest>
    <UnitTest name="TestUpdateBuilding_UnknownBuilding_Success" storage="d:\actions-runner\_work\xpco\xpco\eventserver\server\components\central\gismap.unittest\bin\x64\debug\videoos.eventserver.gismap.unittest.dll" id="b534c2a4-de2d-8897-f7e0-dddebd64f9c9">
      <TestCategory>
        <TestCategoryItem TestCategory="DataComponent" />
      </TestCategory>
      <Execution id="d4e6710d-5dad-4aa2-99fb-3d87319dd734" />
      <TestMethod codeBase="D:\actions-runner\_work\XPCO\XPCO\EventServer\Server\Components\Central\GisMap.UnitTest\bin\x64\Debug\VideoOS.EventServer.GisMap.UnitTest.dll" adapterTypeName="executor://mstestadapter/v2" className="VideoOS.EventServer.GisMap.UnitTest.DB.DataComponent.BuildingComponentTest" name="TestUpdateBuilding_UnknownBuilding_Success" />
    </UnitTest>
    <UnitTest name="UnknownAction_LogsError" storage="d:\actions-runner\_work\xpco\xpco\eventserver\server\components\central\gismap.unittest\bin\x64\debug\videoos.eventserver.gismap.unittest.dll" id="a15ebbdc-1135-c3e6-aa16-da54eb3856ea">
      <TestCategory>
        <TestCategoryItem TestCategory="GisMapServices" />
      </TestCategory>
      <Execution id="adbd5058-0873-4394-948a-1df5a4b6d6c9" />
      <TestMethod codeBase="D:\actions-runner\_work\XPCO\XPCO\EventServer\Server\Components\Central\GisMap.UnitTest\bin\x64\Debug\VideoOS.EventServer.GisMap.UnitTest.dll" adapterTypeName="executor://mstestadapter/v2" className="VideoOS.EventServer.GisMap.UnitTest.Services.Clustering.MapDataUpdaterTest" name="UnknownAction_LogsError" />
    </UnitTest>
    <UnitTest name="ConstructorFromData_WhenEnabledFalse_IsMapEnabledFalse" storage="d:\actions-runner\_work\xpco\xpco\eventserver\server\components\central\gismap.unittest\bin\x64\debug\videoos.eventserver.gismap.unittest.dll" id="26fa2272-a607-859c-73fa-9a3b57cf6e18">
      <TestCategory>
        <TestCategoryItem TestCategory="BusinessObjects" />
      </TestCategory>
      <Execution id="4f6bdc3c-64f6-4868-ad4c-014db3a5a4d8" />
      <TestMethod codeBase="D:\actions-runner\_work\XPCO\XPCO\EventServer\Server\Components\Central\GisMap.UnitTest\bin\x64\Debug\VideoOS.EventServer.GisMap.UnitTest.dll" adapterTypeName="executor://mstestadapter/v2" className="VideoOS.EventServer.GisMap.UnitTest.BusinessObjects.Indexer.MapItemTest" name="ConstructorFromData_WhenEnabledFalse_IsMapEnabledFalse" />
    </UnitTest>
    <UnitTest name="IsOnLevel_False_WhenNotInOutline" storage="d:\actions-runner\_work\xpco\xpco\eventserver\server\components\central\gismap.unittest\bin\x64\debug\videoos.eventserver.gismap.unittest.dll" id="4b0cba85-e607-efc3-3f35-cb8b0c659cc4">
      <TestCategory>
        <TestCategoryItem TestCategory="BusinessObjects" />
      </TestCategory>
      <Execution id="3b593073-dcc0-496f-86da-7067fbbc11c0" />
      <TestMethod codeBase="D:\actions-runner\_work\XPCO\XPCO\EventServer\Server\Components\Central\GisMap.UnitTest\bin\x64\Debug\VideoOS.EventServer.GisMap.UnitTest.dll" adapterTypeName="executor://mstestadapter/v2" className="VideoOS.EventServer.GisMap.UnitTest.BusinessObjects.Indexer.Buildings.BuildingItemsIndexerTest" name="IsOnLevel_False_WhenNotInOutline" />
    </UnitTest>
    <UnitTest name="TestPropertyNames_GettingPropertyNames_Success" storage="d:\actions-runner\_work\xpco\xpco\eventserver\server\components\central\gismap.unittest\bin\x64\debug\videoos.eventserver.gismap.unittest.dll" id="274c137f-2a4d-ebfe-99a3-10f166ce5eef">
      <TestCategory>
        <TestCategoryItem TestCategory="BusinessObjects" />
      </TestCategory>
      <Execution id="e309c325-6869-4c92-9311-f770325cbe3f" />
      <TestMethod codeBase="D:\actions-runner\_work\XPCO\XPCO\EventServer\Server\Components\Central\GisMap.UnitTest\bin\x64\Debug\VideoOS.EventServer.GisMap.UnitTest.dll" adapterTypeName="executor://mstestadapter/v2" className="VideoOS.EventServer.GisMap.UnitTest.BusinessObjects.Layers.LegacyLinkLayerTest" name="TestPropertyNames_GettingPropertyNames_Success" />
    </UnitTest>
    <UnitTest name="OnItemsInsertedEvent_AddsItems" storage="d:\actions-runner\_work\xpco\xpco\eventserver\server\components\central\gismap.unittest\bin\x64\debug\videoos.eventserver.gismap.unittest.dll" id="50e46cb8-cffb-3738-1400-fe8d93a5bf36">
      <TestCategory>
        <TestCategoryItem TestCategory="BusinessObjects" />
      </TestCategory>
      <Execution id="06a2ec1a-61a8-4943-b64c-62d544f5ab6f" />
      <TestMethod codeBase="D:\actions-runner\_work\XPCO\XPCO\EventServer\Server\Components\Central\GisMap.UnitTest\bin\x64\Debug\VideoOS.EventServer.GisMap.UnitTest.dll" adapterTypeName="executor://mstestadapter/v2" className="VideoOS.EventServer.GisMap.UnitTest.BusinessObjects.Indexer.Buildings.BuildingItemsIndexerTest" name="OnItemsInsertedEvent_AddsItems" />
    </UnitTest>
    <UnitTest name="AddItem_Levels" storage="d:\actions-runner\_work\xpco\xpco\eventserver\server\components\central\gismap.unittest\bin\x64\debug\videoos.eventserver.gismap.unittest.dll" id="9fc058b5-5450-12d9-8d4a-ccf8735abd5f">
      <TestCategory>
        <TestCategoryItem TestCategory="BusinessObjects" />
      </TestCategory>
      <Execution id="83094a81-b3c3-4e73-9146-da7404277926" />
      <TestMethod codeBase="D:\actions-runner\_work\XPCO\XPCO\EventServer\Server\Components\Central\GisMap.UnitTest\bin\x64\Debug\VideoOS.EventServer.GisMap.UnitTest.dll" adapterTypeName="executor://mstestadapter/v2" className="VideoOS.EventServer.GisMap.UnitTest.BusinessObjects.Indexer.Buildings.BuildingIndexTest" name="AddItem_Levels" />
    </UnitTest>
    <UnitTest name="TestConstructor_Success" storage="d:\actions-runner\_work\xpco\xpco\eventserver\server\components\central\gismap.unittest\bin\x64\debug\videoos.eventserver.gismap.unittest.dll" id="d11e39e1-04f9-204c-9f0f-b32d163913dc">
      <TestCategory>
        <TestCategoryItem TestCategory="BusinessObjects" />
      </TestCategory>
      <Execution id="271ef154-769d-4864-9241-d20bcfb6d2b3" />
      <TestMethod codeBase="D:\actions-runner\_work\XPCO\XPCO\EventServer\Server\Components\Central\GisMap.UnitTest\bin\x64\Debug\VideoOS.EventServer.GisMap.UnitTest.dll" adapterTypeName="executor://mstestadapter/v2" className="VideoOS.EventServer.GisMap.UnitTest.BusinessObjects.Layers.BingMapLayerTest" name="TestConstructor_Success" />
    </UnitTest>
    <UnitTest name="AllItems_ExistAfterInitializeIndex" storage="d:\actions-runner\_work\xpco\xpco\eventserver\server\components\central\gismap.unittest\bin\x64\debug\videoos.eventserver.gismap.unittest.dll" id="a4bcc8b8-30aa-0188-cf3e-b46354e70d8f">
      <TestCategory>
        <TestCategoryItem TestCategory="BusinessObjects" />
      </TestCategory>
      <Execution id="2ec7341c-c20d-498a-999d-ce7a00b14be1" />
      <TestMethod codeBase="D:\actions-runner\_work\XPCO\XPCO\EventServer\Server\Components\Central\GisMap.UnitTest\bin\x64\Debug\VideoOS.EventServer.GisMap.UnitTest.dll" adapterTypeName="executor://mstestadapter/v2" className="VideoOS.EventServer.GisMap.UnitTest.BusinessObjects.Indexer.MapItemIndexerTest" name="AllItems_ExistAfterInitializeIndex" />
    </UnitTest>
    <UnitTest name="TestConstructor_ParsingWcfObjectWithNullViewport_Success" storage="d:\actions-runner\_work\xpco\xpco\eventserver\server\components\central\gismap.unittest\bin\x64\debug\videoos.eventserver.gismap.unittest.dll" id="1ed4df3f-11ca-65e7-52ba-19aab1472d4e">
      <TestCategory>
        <TestCategoryItem TestCategory="BusinessObjects" />
      </TestCategory>
      <Execution id="46a19c93-5645-484c-bbc0-dafe1635e08b" />
      <TestMethod codeBase="D:\actions-runner\_work\XPCO\XPCO\EventServer\Server\Components\Central\GisMap.UnitTest\bin\x64\Debug\VideoOS.EventServer.GisMap.UnitTest.dll" adapterTypeName="executor://mstestadapter/v2" className="VideoOS.EventServer.GisMap.UnitTest.BusinessObjects.MapViewPointTest" name="TestConstructor_ParsingWcfObjectWithNullViewport_Success" />
    </UnitTest>
    <UnitTest name="TestConstructor_Success" storage="d:\actions-runner\_work\xpco\xpco\eventserver\server\components\central\gismap.unittest\bin\x64\debug\videoos.eventserver.gismap.unittest.dll" id="cad1cfa7-3b93-a8d3-5efb-8a137a6eec78">
      <TestCategory>
        <TestCategoryItem TestCategory="BusinessObjects" />
      </TestCategory>
      <Execution id="0d2e0eda-2fb2-40ae-83b6-8523a91d6167" />
      <TestMethod codeBase="D:\actions-runner\_work\XPCO\XPCO\EventServer\Server\Components\Central\GisMap.UnitTest\bin\x64\Debug\VideoOS.EventServer.GisMap.UnitTest.dll" adapterTypeName="executor://mstestadapter/v2" className="VideoOS.EventServer.GisMap.UnitTest.BusinessObjects.Layers.OpenStreetMapLayerTest" name="TestConstructor_Success" />
    </UnitTest>
    <UnitTest name="GetClusters_ReturnsCorrectClusteredItemsByArea" storage="d:\actions-runner\_work\xpco\xpco\eventserver\server\components\central\gismap.unittest\bin\x64\debug\videoos.eventserver.gismap.unittest.dll" id="b4c7197a-025f-2d58-2aa6-331c80e4987a">
      <TestCategory>
        <TestCategoryItem TestCategory="GisMapServices" />
      </TestCategory>
      <Execution id="31915125-135f-41fb-8182-277d5cb62473" />
      <TestMethod codeBase="D:\actions-runner\_work\XPCO\XPCO\EventServer\Server\Components\Central\GisMap.UnitTest\bin\x64\Debug\VideoOS.EventServer.GisMap.UnitTest.dll" adapterTypeName="executor://mstestadapter/v2" className="VideoOS.EventServer.GisMap.UnitTest.Services.Clustering.ItemClusteringServiceTest" name="GetClusters_ReturnsCorrectClusteredItemsByArea" />
    </UnitTest>
    <UnitTest name="TestProperties_GetProperties_Success" storage="d:\actions-runner\_work\xpco\xpco\eventserver\server\components\central\gismap.unittest\bin\x64\debug\videoos.eventserver.gismap.unittest.dll" id="04d32b04-a6b3-be0c-303a-92162a097429">
      <TestCategory>
        <TestCategoryItem TestCategory="BusinessObjects" />
      </TestCategory>
      <Execution id="690aa267-dd11-4e15-817d-ac9375b710f2" />
      <TestMethod codeBase="D:\actions-runner\_work\XPCO\XPCO\EventServer\Server\Components\Central\GisMap.UnitTest\bin\x64\Debug\VideoOS.EventServer.GisMap.UnitTest.dll" adapterTypeName="executor://mstestadapter/v2" className="VideoOS.EventServer.GisMap.UnitTest.BusinessObjects.Layers.LegacyLinkLayerTest" name="TestProperties_GetProperties_Success" />
    </UnitTest>
    <UnitTest name="TestConstructor_Success" storage="d:\actions-runner\_work\xpco\xpco\eventserver\server\components\central\gismap.unittest\bin\x64\debug\videoos.eventserver.gismap.unittest.dll" id="c5a0d84f-93b6-08cd-1dd9-05e7cea29945">
      <TestCategory>
        <TestCategoryItem TestCategory="BusinessObjects" />
      </TestCategory>
      <Execution id="278429c3-8e5e-48db-a454-9bf75ed37aa9" />
      <TestMethod codeBase="D:\actions-runner\_work\XPCO\XPCO\EventServer\Server\Components\Central\GisMap.UnitTest\bin\x64\Debug\VideoOS.EventServer.GisMap.UnitTest.dll" adapterTypeName="executor://mstestadapter/v2" className="VideoOS.EventServer.GisMap.UnitTest.BusinessObjects.Buildings.BuildingTest" name="TestConstructor_Success" />
    </UnitTest>
    <UnitTest name="TestConstructor_Success" storage="d:\actions-runner\_work\xpco\xpco\eventserver\server\components\central\gismap.unittest\bin\x64\debug\videoos.eventserver.gismap.unittest.dll" id="e07fad58-8c83-04cf-2df6-998e29b37428">
      <TestCategory>
        <TestCategoryItem TestCategory="BusinessObjects" />
      </TestCategory>
      <Execution id="9f111e42-f6c2-48c2-899f-efa5294a51f8" />
      <TestMethod codeBase="D:\actions-runner\_work\XPCO\XPCO\EventServer\Server\Components\Central\GisMap.UnitTest\bin\x64\Debug\VideoOS.EventServer.GisMap.UnitTest.dll" adapterTypeName="executor://mstestadapter/v2" className="VideoOS.EventServer.GisMap.UnitTest.BusinessObjects.Repositories.ImageRepositoryTest" name="TestConstructor_Success" />
    </UnitTest>
    <UnitTest name="TestConstructor_ParsingWcfObjectWithNullUpperLeftAndNullLowerRight_Success" storage="d:\actions-runner\_work\xpco\xpco\eventserver\server\components\central\gismap.unittest\bin\x64\debug\videoos.eventserver.gismap.unittest.dll" id="c3fd9cbf-6feb-180c-d830-cea33df94a10">
      <TestCategory>
        <TestCategoryItem TestCategory="BusinessObjects" />
      </TestCategory>
      <Execution id="5ec0f700-e090-4b56-bf8e-f1e38e00c05a" />
      <TestMethod codeBase="D:\actions-runner\_work\XPCO\XPCO\EventServer\Server\Components\Central\GisMap.UnitTest\bin\x64\Debug\VideoOS.EventServer.GisMap.UnitTest.dll" adapterTypeName="executor://mstestadapter/v2" className="VideoOS.EventServer.GisMap.UnitTest.BusinessObjects.RectangleTest" name="TestConstructor_ParsingWcfObjectWithNullUpperLeftAndNullLowerRight_Success" />
    </UnitTest>
    <UnitTest name="TestPropertyNames_GettingPropertyNames_Success" storage="d:\actions-runner\_work\xpco\xpco\eventserver\server\components\central\gismap.unittest\bin\x64\debug\videoos.eventserver.gismap.unittest.dll" id="8d8bb28b-c96b-7c96-82f9-2f5d5cd133a4">
      <TestCategory>
        <TestCategoryItem TestCategory="BusinessObjects" />
      </TestCategory>
      <Execution id="63d62f4a-e71d-4728-842b-43f5135e197a" />
      <TestMethod codeBase="D:\actions-runner\_work\XPCO\XPCO\EventServer\Server\Components\Central\GisMap.UnitTest\bin\x64\Debug\VideoOS.EventServer.GisMap.UnitTest.dll" adapterTypeName="executor://mstestadapter/v2" className="VideoOS.EventServer.GisMap.UnitTest.BusinessObjects.Layers.CADLayerTest" name="TestPropertyNames_GettingPropertyNames_Success" />
    </UnitTest>
    <UnitTest name="TestWcfObject_GetWcfObject_Success" storage="d:\actions-runner\_work\xpco\xpco\eventserver\server\components\central\gismap.unittest\bin\x64\debug\videoos.eventserver.gismap.unittest.dll" id="e06aa9c2-2f66-b89a-8e9f-e1f5d3b102d6">
      <TestCategory>
        <TestCategoryItem TestCategory="BusinessObjects" />
      </TestCategory>
      <Execution id="c0b0317d-d9b5-4833-baa3-bbc776fc1dc8" />
      <TestMethod codeBase="D:\actions-runner\_work\XPCO\XPCO\EventServer\Server\Components\Central\GisMap.UnitTest\bin\x64\Debug\VideoOS.EventServer.GisMap.UnitTest.dll" adapterTypeName="executor://mstestadapter/v2" className="VideoOS.EventServer.GisMap.UnitTest.BusinessObjects.Layers.BingMapLayerTest" name="TestWcfObject_GetWcfObject_Success" />
    </UnitTest>
    <UnitTest name="TestProperties_GetProperties_Success" storage="d:\actions-runner\_work\xpco\xpco\eventserver\server\components\central\gismap.unittest\bin\x64\debug\videoos.eventserver.gismap.unittest.dll" id="06894ed5-2df1-e54f-2874-93dd297ad943">
      <TestCategory>
        <TestCategoryItem TestCategory="BusinessObjects" />
      </TestCategory>
      <Execution id="4bab9145-e6c8-4e6a-8802-6caff05101b7" />
      <TestMethod codeBase="D:\actions-runner\_work\XPCO\XPCO\EventServer\Server\Components\Central\GisMap.UnitTest\bin\x64\Debug\VideoOS.EventServer.GisMap.UnitTest.dll" adapterTypeName="executor://mstestadapter/v2" className="VideoOS.EventServer.GisMap.UnitTest.BusinessObjects.Layers.BuildingLayerTest" name="TestProperties_GetProperties_Success" />
    </UnitTest>
    <UnitTest name="TestConstructor_ParsingWcfObject_Success" storage="d:\actions-runner\_work\xpco\xpco\eventserver\server\components\central\gismap.unittest\bin\x64\debug\videoos.eventserver.gismap.unittest.dll" id="85fce7c7-8cd1-075e-36ed-c440375e909a">
      <TestCategory>
        <TestCategoryItem TestCategory="BusinessObjects" />
      </TestCategory>
      <Execution id="7b8f9345-4356-4633-a7b8-6e1a76499967" />
      <TestMethod codeBase="D:\actions-runner\_work\XPCO\XPCO\EventServer\Server\Components\Central\GisMap.UnitTest\bin\x64\Debug\VideoOS.EventServer.GisMap.UnitTest.dll" adapterTypeName="executor://mstestadapter/v2" className="VideoOS.EventServer.GisMap.UnitTest.BusinessObjects.Layers.CameraLayerTest" name="TestConstructor_ParsingWcfObject_Success" />
    </UnitTest>
    <UnitTest name="UpdateItem_PositionChanged_Moves" storage="d:\actions-runner\_work\xpco\xpco\eventserver\server\components\central\gismap.unittest\bin\x64\debug\videoos.eventserver.gismap.unittest.dll" id="26a11d24-5430-325a-f86e-03d3ca9c8af1">
      <TestCategory>
        <TestCategoryItem TestCategory="GisMapServices" />
      </TestCategory>
      <Execution id="76f513d9-2833-428c-bb16-09acf6b74498" />
      <TestMethod codeBase="D:\actions-runner\_work\XPCO\XPCO\EventServer\Server\Components\Central\GisMap.UnitTest\bin\x64\Debug\VideoOS.EventServer.GisMap.UnitTest.dll" adapterTypeName="executor://mstestadapter/v2" className="VideoOS.EventServer.GisMap.UnitTest.Services.Clustering.MapDataUpdaterTest" name="UpdateItem_PositionChanged_Moves" />
    </UnitTest>
    <UnitTest name="TestAuditLog_AuditLogWithNullItemAuditParameters_Failure" storage="d:\actions-runner\_work\xpco\xpco\eventserver\server\components\central\gismap.unittest\bin\x64\debug\videoos.eventserver.gismap.unittest.dll" id="2605f120-228b-701d-b7e8-650173819492">
      <TestCategory>
        <TestCategoryItem TestCategory="BusinessObjects" />
      </TestCategory>
      <Execution id="b926fca6-0e01-41d6-ae3c-06cb18c0a197" />
      <TestMethod codeBase="D:\actions-runner\_work\XPCO\XPCO\EventServer\Server\Components\Central\GisMap.UnitTest\bin\x64\Debug\VideoOS.EventServer.GisMap.UnitTest.dll" adapterTypeName="executor://mstestadapter/v2" className="VideoOS.EventServer.GisMap.UnitTest.BusinessObjects.Items.LinkItemTest" name="TestAuditLog_AuditLogWithNullItemAuditParameters_Failure" />
    </UnitTest>
    <UnitTest name="TestConstructor_Success" storage="d:\actions-runner\_work\xpco\xpco\eventserver\server\components\central\gismap.unittest\bin\x64\debug\videoos.eventserver.gismap.unittest.dll" id="094c5718-da43-3007-1e10-b3d9e851d275">
      <TestCategory>
        <TestCategoryItem TestCategory="BusinessObjects" />
      </TestCategory>
      <Execution id="c41fa37b-4082-4e5e-89aa-41fe7a9b87cf" />
      <TestMethod codeBase="D:\actions-runner\_work\XPCO\XPCO\EventServer\Server\Components\Central\GisMap.UnitTest\bin\x64\Debug\VideoOS.EventServer.GisMap.UnitTest.dll" adapterTypeName="executor://mstestadapter/v2" className="VideoOS.EventServer.GisMap.UnitTest.BusinessObjects.Layers.CameraLayerTest" name="TestConstructor_Success" />
    </UnitTest>
    <UnitTest name="Test_QueryLayersByLevelId_ZeroRows_succes" storage="d:\actions-runner\_work\xpco\xpco\eventserver\server\components\central\gismap.unittest\bin\x64\debug\videoos.eventserver.gismap.unittest.dll" id="7bfc939c-2abf-1b06-8e36-c8a0358f00e7">
      <TestCategory>
        <TestCategoryItem TestCategory="DataComponent" />
      </TestCategory>
      <Execution id="9ad10a4f-a674-4801-8171-9b27661dbb17" />
      <TestMethod codeBase="D:\actions-runner\_work\XPCO\XPCO\EventServer\Server\Components\Central\GisMap.UnitTest\bin\x64\Debug\VideoOS.EventServer.GisMap.UnitTest.dll" adapterTypeName="executor://mstestadapter/v2" className="VideoOS.EventServer.GisMap.UnitTest.DB.DataComponent.BuildingComponent_LevelTest" name="Test_QueryLayersByLevelId_ZeroRows_succes" />
    </UnitTest>
    <UnitTest name="ChangeBuildingGeography" storage="d:\actions-runner\_work\xpco\xpco\eventserver\server\components\central\gismap.unittest\bin\x64\debug\videoos.eventserver.gismap.unittest.dll" id="2e2ba133-dfa3-73a4-19a6-a0369a18ebcc">
      <TestCategory>
        <TestCategoryItem TestCategory="BusinessObjects" />
      </TestCategory>
      <Execution id="fcfa9d33-6fb6-4dd8-b2af-f7a947c8a024" />
      <TestMethod codeBase="D:\actions-runner\_work\XPCO\XPCO\EventServer\Server\Components\Central\GisMap.UnitTest\bin\x64\Debug\VideoOS.EventServer.GisMap.UnitTest.dll" adapterTypeName="executor://mstestadapter/v2" className="VideoOS.EventServer.GisMap.UnitTest.BusinessObjects.Indexer.Buildings.BuildingItemsIndexerTest" name="ChangeBuildingGeography" />
    </UnitTest>
    <UnitTest name="TestConstructor_ParsingWcfObject_Success" storage="d:\actions-runner\_work\xpco\xpco\eventserver\server\components\central\gismap.unittest\bin\x64\debug\videoos.eventserver.gismap.unittest.dll" id="9dd600bd-7eff-5241-1cff-fe245da5daab">
      <TestCategory>
        <TestCategoryItem TestCategory="BusinessObjects" />
      </TestCategory>
      <Execution id="74aa1e10-841d-430e-be53-a57c73ed8717" />
      <TestMethod codeBase="D:\actions-runner\_work\XPCO\XPCO\EventServer\Server\Components\Central\GisMap.UnitTest\bin\x64\Debug\VideoOS.EventServer.GisMap.UnitTest.dll" adapterTypeName="executor://mstestadapter/v2" className="VideoOS.EventServer.GisMap.UnitTest.BusinessObjects.PositionTest" name="TestConstructor_ParsingWcfObject_Success" />
    </UnitTest>
    <UnitTest name="TestConstructor_Success" storage="d:\actions-runner\_work\xpco\xpco\eventserver\server\components\central\gismap.unittest\bin\x64\debug\videoos.eventserver.gismap.unittest.dll" id="7dda6913-3207-49f5-fa97-10337b5a08c7">
      <TestCategory>
        <TestCategoryItem TestCategory="BusinessObjects" />
      </TestCategory>
      <Execution id="27ea0e49-c550-454f-bb18-b27ce889d96f" />
      <TestMethod codeBase="D:\actions-runner\_work\XPCO\XPCO\EventServer\Server\Components\Central\GisMap.UnitTest\bin\x64\Debug\VideoOS.EventServer.GisMap.UnitTest.dll" adapterTypeName="executor://mstestadapter/v2" className="VideoOS.EventServer.GisMap.UnitTest.BusinessObjects.Layers.MicrophoneLayerTest" name="TestConstructor_Success" />
    </UnitTest>
    <UnitTest name="GetItem_WhenWrongId_ReturnsNull" storage="d:\actions-runner\_work\xpco\xpco\eventserver\server\components\central\gismap.unittest\bin\x64\debug\videoos.eventserver.gismap.unittest.dll" id="312c4b40-7d4e-1752-8bba-9dfd52ec4390">
      <TestCategory>
        <TestCategoryItem TestCategory="GisMapServices" />
      </TestCategory>
      <Execution id="5b8a3d42-bf31-439b-8970-793ed50e7a66" />
      <TestMethod codeBase="D:\actions-runner\_work\XPCO\XPCO\EventServer\Server\Components\Central\GisMap.UnitTest\bin\x64\Debug\VideoOS.EventServer.GisMap.UnitTest.dll" adapterTypeName="executor://mstestadapter/v2" className="VideoOS.EventServer.GisMap.UnitTest.Services.Clustering.ItemClusteringServiceTest" name="GetItem_WhenWrongId_ReturnsNull" />
    </UnitTest>
    <UnitTest name="RemoveItems_Init5Items_Remove2" storage="d:\actions-runner\_work\xpco\xpco\eventserver\server\components\central\gismap.unittest\bin\x64\debug\videoos.eventserver.gismap.unittest.dll" id="aac946e7-c21e-0fab-5585-3a355bdc1d40">
      <TestCategory>
        <TestCategoryItem TestCategory="BusinessObjects" />
      </TestCategory>
      <Execution id="94cb2e5d-adac-449f-a2a1-bcd4aac1f381" />
      <TestMethod codeBase="D:\actions-runner\_work\XPCO\XPCO\EventServer\Server\Components\Central\GisMap.UnitTest\bin\x64\Debug\VideoOS.EventServer.GisMap.UnitTest.dll" adapterTypeName="executor://mstestadapter/v2" className="VideoOS.EventServer.GisMap.UnitTest.BusinessObjects.Indexer.MapItemIndexerTest" name="RemoveItems_Init5Items_Remove2" />
    </UnitTest>
    <UnitTest name="TestWcfObject_GetWcfObjectWithoutPosition_Success" storage="d:\actions-runner\_work\xpco\xpco\eventserver\server\components\central\gismap.unittest\bin\x64\debug\videoos.eventserver.gismap.unittest.dll" id="9c19758e-d9ee-78de-7800-7d27fd6f112b">
      <TestCategory>
        <TestCategoryItem TestCategory="BusinessObjects" />
      </TestCategory>
      <Execution id="f34d53c9-a0a5-41a3-9d34-eb39146906a6" />
      <TestMethod codeBase="D:\actions-runner\_work\XPCO\XPCO\EventServer\Server\Components\Central\GisMap.UnitTest\bin\x64\Debug\VideoOS.EventServer.GisMap.UnitTest.dll" adapterTypeName="executor://mstestadapter/v2" className="VideoOS.EventServer.GisMap.UnitTest.BusinessObjects.Items.LinkItemTest" name="TestWcfObject_GetWcfObjectWithoutPosition_Success" />
    </UnitTest>
    <UnitTest name="BuildClusters_ReturnsClusterWithAllCellItems" storage="d:\actions-runner\_work\xpco\xpco\eventserver\server\components\central\gismap.unittest\bin\x64\debug\videoos.eventserver.gismap.unittest.dll" id="c8200f57-df1a-2908-f70f-de69738ec680">
      <TestCategory>
        <TestCategoryItem TestCategory="BusinessObjects" />
      </TestCategory>
      <Execution id="ee1879c4-6e6b-4e7a-9e36-ae5b70d86ccd" />
      <TestMethod codeBase="D:\actions-runner\_work\XPCO\XPCO\EventServer\Server\Components\Central\GisMap.UnitTest\bin\x64\Debug\VideoOS.EventServer.GisMap.UnitTest.dll" adapterTypeName="executor://mstestadapter/v2" className="VideoOS.EventServer.GisMap.UnitTest.BusinessObjects.Indexer.Clustering.WholeCellClusterStrategyTest" name="BuildClusters_ReturnsClusterWithAllCellItems" />
    </UnitTest>
    <UnitTest name="TestProperties_GetProperties_Success" storage="d:\actions-runner\_work\xpco\xpco\eventserver\server\components\central\gismap.unittest\bin\x64\debug\videoos.eventserver.gismap.unittest.dll" id="44301343-d884-c888-5daa-8bf33fcc30de">
      <TestCategory>
        <TestCategoryItem TestCategory="BusinessObjects" />
      </TestCategory>
      <Execution id="c0aea728-a309-4c98-b19c-530edbd3e619" />
      <TestMethod codeBase="D:\actions-runner\_work\XPCO\XPCO\EventServer\Server\Components\Central\GisMap.UnitTest\bin\x64\Debug\VideoOS.EventServer.GisMap.UnitTest.dll" adapterTypeName="executor://mstestadapter/v2" className="VideoOS.EventServer.GisMap.UnitTest.BusinessObjects.PositionTest" name="TestProperties_GetProperties_Success" />
    </UnitTest>
    <UnitTest name="TestConstructor_ParsingWcfObject_NullMapItems_Success" storage="d:\actions-runner\_work\xpco\xpco\eventserver\server\components\central\gismap.unittest\bin\x64\debug\videoos.eventserver.gismap.unittest.dll" id="1b8c2d97-2fe1-5cdf-2fc9-4f78207edb1d">
      <TestCategory>
        <TestCategoryItem TestCategory="BusinessObjects" />
      </TestCategory>
      <Execution id="11eb8f20-e4d6-4b64-a78e-dab39cafa934" />
      <TestMethod codeBase="D:\actions-runner\_work\XPCO\XPCO\EventServer\Server\Components\Central\GisMap.UnitTest\bin\x64\Debug\VideoOS.EventServer.GisMap.UnitTest.dll" adapterTypeName="executor://mstestadapter/v2" className="VideoOS.EventServer.GisMap.UnitTest.BusinessObjects.Buildings.LevelTest" name="TestConstructor_ParsingWcfObject_NullMapItems_Success" />
    </UnitTest>
    <UnitTest name="TestReorderLevels_NegativeLevelOrder_Failure" storage="d:\actions-runner\_work\xpco\xpco\eventserver\server\components\central\gismap.unittest\bin\x64\debug\videoos.eventserver.gismap.unittest.dll" id="521bdd45-0d41-c462-176b-42a5e54cc114">
      <TestCategory>
        <TestCategoryItem TestCategory="DataComponent" />
      </TestCategory>
      <Execution id="bdb2ee9d-255f-4631-9c64-a29a68b9712b" />
      <TestMethod codeBase="D:\actions-runner\_work\XPCO\XPCO\EventServer\Server\Components\Central\GisMap.UnitTest\bin\x64\Debug\VideoOS.EventServer.GisMap.UnitTest.dll" adapterTypeName="executor://mstestadapter/v2" className="VideoOS.EventServer.GisMap.UnitTest.DB.DataComponent.BuildingComponent_LevelTest" name="TestReorderLevels_NegativeLevelOrder_Failure" />
    </UnitTest>
    <UnitTest name="ConstructorFromData_WhenPositionEmpty_IsMapEnabledFalse" storage="d:\actions-runner\_work\xpco\xpco\eventserver\server\components\central\gismap.unittest\bin\x64\debug\videoos.eventserver.gismap.unittest.dll" id="e6900046-16da-c379-2c5b-a2fb993e94ea">
      <TestCategory>
        <TestCategoryItem TestCategory="BusinessObjects" />
      </TestCategory>
      <Execution id="9613de70-6006-4dfd-93b7-f598acac8932" />
      <TestMethod codeBase="D:\actions-runner\_work\XPCO\XPCO\EventServer\Server\Components\Central\GisMap.UnitTest\bin\x64\Debug\VideoOS.EventServer.GisMap.UnitTest.dll" adapterTypeName="executor://mstestadapter/v2" className="VideoOS.EventServer.GisMap.UnitTest.BusinessObjects.Indexer.MapItemTest" name="ConstructorFromData_WhenPositionEmpty_IsMapEnabledFalse" />
    </UnitTest>
    <UnitTest name="TestPropertyNames_GettingPropertyNames_Success" storage="d:\actions-runner\_work\xpco\xpco\eventserver\server\components\central\gismap.unittest\bin\x64\debug\videoos.eventserver.gismap.unittest.dll" id="8a96c2c9-6de7-92a2-677c-311c56f44dfb">
      <TestCategory>
        <TestCategoryItem TestCategory="BusinessObjects" />
      </TestCategory>
      <Execution id="53c8120c-f934-439a-bbe6-ef2185ec613f" />
      <TestMethod codeBase="D:\actions-runner\_work\XPCO\XPCO\EventServer\Server\Components\Central\GisMap.UnitTest\bin\x64\Debug\VideoOS.EventServer.GisMap.UnitTest.dll" adapterTypeName="executor://mstestadapter/v2" className="VideoOS.EventServer.GisMap.UnitTest.BusinessObjects.Repositories.ImageRepositoryTest" name="TestPropertyNames_GettingPropertyNames_Success" />
    </UnitTest>
    <UnitTest name="TestAddBuildings_NullOutline_Failure" storage="d:\actions-runner\_work\xpco\xpco\eventserver\server\components\central\gismap.unittest\bin\x64\debug\videoos.eventserver.gismap.unittest.dll" id="47589e2e-4b76-47f2-c72b-72b4285b8c83">
      <TestCategory>
        <TestCategoryItem TestCategory="DataComponent" />
      </TestCategory>
      <Execution id="6559a692-1cb5-4e50-a7c2-f53648d7a0b7" />
      <TestMethod codeBase="D:\actions-runner\_work\XPCO\XPCO\EventServer\Server\Components\Central\GisMap.UnitTest\bin\x64\Debug\VideoOS.EventServer.GisMap.UnitTest.dll" adapterTypeName="executor://mstestadapter/v2" className="VideoOS.EventServer.GisMap.UnitTest.DB.DataComponent.BuildingComponentTest" name="TestAddBuildings_NullOutline_Failure" />
    </UnitTest>
    <UnitTest name="TestAddBuildings_Success" storage="d:\actions-runner\_work\xpco\xpco\eventserver\server\components\central\gismap.unittest\bin\x64\debug\videoos.eventserver.gismap.unittest.dll" id="137ad688-21c5-7950-f5f5-f73ab8951791">
      <TestCategory>
        <TestCategoryItem TestCategory="DataComponent" />
      </TestCategory>
      <Execution id="30656275-ddb6-4f79-b2f7-f8c681146176" />
      <TestMethod codeBase="D:\actions-runner\_work\XPCO\XPCO\EventServer\Server\Components\Central\GisMap.UnitTest\bin\x64\Debug\VideoOS.EventServer.GisMap.UnitTest.dll" adapterTypeName="executor://mstestadapter/v2" className="VideoOS.EventServer.GisMap.UnitTest.DB.DataComponent.BuildingComponentTest" name="TestAddBuildings_Success" />
    </UnitTest>
    <UnitTest name="TestConstructor_ParsingWcfObjectWithNull_Success" storage="d:\actions-runner\_work\xpco\xpco\eventserver\server\components\central\gismap.unittest\bin\x64\debug\videoos.eventserver.gismap.unittest.dll" id="b683ad91-b12d-09a2-f3e7-de1598a6765a">
      <TestCategory>
        <TestCategoryItem TestCategory="BusinessObjects" />
      </TestCategory>
      <Execution id="c91ef63d-d586-4423-b5e2-e2aeb9be8946" />
      <TestMethod codeBase="D:\actions-runner\_work\XPCO\XPCO\EventServer\Server\Components\Central\GisMap.UnitTest\bin\x64\Debug\VideoOS.EventServer.GisMap.UnitTest.dll" adapterTypeName="executor://mstestadapter/v2" className="VideoOS.EventServer.GisMap.UnitTest.BusinessObjects.Buildings.BuildingMapItemTest" name="TestConstructor_ParsingWcfObjectWithNull_Success" />
    </UnitTest>
    <UnitTest name="TestWcfObject_GetWcfObjectWithNullUpperLeftUpperRightLowerLeftLowerRight_Success" storage="d:\actions-runner\_work\xpco\xpco\eventserver\server\components\central\gismap.unittest\bin\x64\debug\videoos.eventserver.gismap.unittest.dll" id="a4ae177a-07cb-a89d-81d1-b440a5ecad36">
      <TestCategory>
        <TestCategoryItem TestCategory="BusinessObjects" />
      </TestCategory>
      <Execution id="b75864f8-9e2c-4528-8387-679b5fcb2215" />
      <TestMethod codeBase="D:\actions-runner\_work\XPCO\XPCO\EventServer\Server\Components\Central\GisMap.UnitTest\bin\x64\Debug\VideoOS.EventServer.GisMap.UnitTest.dll" adapterTypeName="executor://mstestadapter/v2" className="VideoOS.EventServer.GisMap.UnitTest.BusinessObjects.TransformInfoTest" name="TestWcfObject_GetWcfObjectWithNullUpperLeftUpperRightLowerLeftLowerRight_Success" />
    </UnitTest>
    <UnitTest name="TestWcfObject_ConvertToWcfObjectWithNullMapSettings_Success" storage="d:\actions-runner\_work\xpco\xpco\eventserver\server\components\central\gismap.unittest\bin\x64\debug\videoos.eventserver.gismap.unittest.dll" id="ed207763-465e-ee16-6e7a-77de3bd2081f">
      <TestCategory>
        <TestCategoryItem TestCategory="BusinessObjects" />
      </TestCategory>
      <Execution id="f5697043-5624-475e-9734-9e8bf104666a" />
      <TestMethod codeBase="D:\actions-runner\_work\XPCO\XPCO\EventServer\Server\Components\Central\GisMap.UnitTest\bin\x64\Debug\VideoOS.EventServer.GisMap.UnitTest.dll" adapterTypeName="executor://mstestadapter/v2" className="VideoOS.EventServer.GisMap.UnitTest.BusinessObjects.Maps.MapTest" name="TestWcfObject_ConvertToWcfObjectWithNullMapSettings_Success" />
    </UnitTest>
    <UnitTest name="IsOnLevel" storage="d:\actions-runner\_work\xpco\xpco\eventserver\server\components\central\gismap.unittest\bin\x64\debug\videoos.eventserver.gismap.unittest.dll" id="84324c5d-7da7-f9ce-0616-e7ba25587da8">
      <TestCategory>
        <TestCategoryItem TestCategory="BusinessObjects" />
      </TestCategory>
      <Execution id="ef68baa1-1151-4626-ab50-e824077f3e3b" />
      <TestMethod codeBase="D:\actions-runner\_work\XPCO\XPCO\EventServer\Server\Components\Central\GisMap.UnitTest\bin\x64\Debug\VideoOS.EventServer.GisMap.UnitTest.dll" adapterTypeName="executor://mstestadapter/v2" className="VideoOS.EventServer.GisMap.UnitTest.BusinessObjects.Indexer.Buildings.BuildingItemsIndexerTest" name="IsOnLevel" />
    </UnitTest>
    <UnitTest name="TestQueryKindsVisibility_MultiKind_Success" storage="d:\actions-runner\_work\xpco\xpco\eventserver\server\components\central\gismap.unittest\bin\x64\debug\videoos.eventserver.gismap.unittest.dll" id="77cba1b8-d81f-5df6-acc7-2e681367e225">
      <TestCategory>
        <TestCategoryItem TestCategory="DataComponent" />
      </TestCategory>
      <Execution id="bb49e39b-c9b7-477a-9a45-b0b990f101a7" />
      <TestMethod codeBase="D:\actions-runner\_work\XPCO\XPCO\EventServer\Server\Components\Central\GisMap.UnitTest\bin\x64\Debug\VideoOS.EventServer.GisMap.UnitTest.dll" adapterTypeName="executor://mstestadapter/v2" className="VideoOS.EventServer.GisMap.UnitTest.DB.DataComponent.MipItemComponentTest" name="TestQueryKindsVisibility_MultiKind_Success" />
    </UnitTest>
    <UnitTest name="TestAuditLog_AuditLogBuildingDefaultChanged_Success" storage="d:\actions-runner\_work\xpco\xpco\eventserver\server\components\central\gismap.unittest\bin\x64\debug\videoos.eventserver.gismap.unittest.dll" id="def93bc1-1d00-221e-ff3a-72fa3b306e12">
      <TestCategory>
        <TestCategoryItem TestCategory="BusinessObjects" />
      </TestCategory>
      <Execution id="ad0b4b3d-067c-4fdf-9097-2d0a194c0ed3" />
      <TestMethod codeBase="D:\actions-runner\_work\XPCO\XPCO\EventServer\Server\Components\Central\GisMap.UnitTest\bin\x64\Debug\VideoOS.EventServer.GisMap.UnitTest.dll" adapterTypeName="executor://mstestadapter/v2" className="VideoOS.EventServer.GisMap.UnitTest.BusinessObjects.Buildings.BuildingTest" name="TestAuditLog_AuditLogBuildingDefaultChanged_Success" />
    </UnitTest>
    <UnitTest name="TestWcfObject_ConvertToWcfObject_Success" storage="d:\actions-runner\_work\xpco\xpco\eventserver\server\components\central\gismap.unittest\bin\x64\debug\videoos.eventserver.gismap.unittest.dll" id="06b77a5d-4106-f7e7-80a6-61f7dcae951d">
      <TestCategory>
        <TestCategoryItem TestCategory="BusinessObjects" />
      </TestCategory>
      <Execution id="94d2523d-dc29-4561-b8b0-cd7fce47343b" />
      <TestMethod codeBase="D:\actions-runner\_work\XPCO\XPCO\EventServer\Server\Components\Central\GisMap.UnitTest\bin\x64\Debug\VideoOS.EventServer.GisMap.UnitTest.dll" adapterTypeName="executor://mstestadapter/v2" className="VideoOS.EventServer.GisMap.UnitTest.BusinessObjects.Maps.BrowseMapTest" name="TestWcfObject_ConvertToWcfObject_Success" />
    </UnitTest>
    <UnitTest name="TestProperties_GetPropertiesFromWcfObject_Success" storage="d:\actions-runner\_work\xpco\xpco\eventserver\server\components\central\gismap.unittest\bin\x64\debug\videoos.eventserver.gismap.unittest.dll" id="11b3e576-7a1b-62b2-277e-c000f57ce0f1">
      <TestCategory>
        <TestCategoryItem TestCategory="BusinessObjects" />
      </TestCategory>
      <Execution id="d3ce3ad5-2be9-4f06-bd83-45bf2fd56120" />
      <TestMethod codeBase="D:\actions-runner\_work\XPCO\XPCO\EventServer\Server\Components\Central\GisMap.UnitTest\bin\x64\Debug\VideoOS.EventServer.GisMap.UnitTest.dll" adapterTypeName="executor://mstestadapter/v2" className="VideoOS.EventServer.GisMap.UnitTest.BusinessObjects.MapSettingsTest" name="TestProperties_GetPropertiesFromWcfObject_Success" />
    </UnitTest>
    <UnitTest name="TestAuditLog_AuditLogItemChangedWithNoOldItem_Success" storage="d:\actions-runner\_work\xpco\xpco\eventserver\server\components\central\gismap.unittest\bin\x64\debug\videoos.eventserver.gismap.unittest.dll" id="f97c07d6-c79e-6792-aec5-40cae13baf91">
      <TestCategory>
        <TestCategoryItem TestCategory="BusinessObjects" />
      </TestCategory>
      <Execution id="b779faa1-19b8-4aa2-86ef-ac1a421adcda" />
      <TestMethod codeBase="D:\actions-runner\_work\XPCO\XPCO\EventServer\Server\Components\Central\GisMap.UnitTest\bin\x64\Debug\VideoOS.EventServer.GisMap.UnitTest.dll" adapterTypeName="executor://mstestadapter/v2" className="VideoOS.EventServer.GisMap.UnitTest.BusinessObjects.Items.LinkItemTest" name="TestAuditLog_AuditLogItemChangedWithNoOldItem_Success" />
    </UnitTest>
    <UnitTest name="AddItems_1Item_1Cluster" storage="d:\actions-runner\_work\xpco\xpco\eventserver\server\components\central\gismap.unittest\bin\x64\debug\videoos.eventserver.gismap.unittest.dll" id="ff65dad1-742e-582b-a3c8-bd26130b4be6">
      <TestCategory>
        <TestCategoryItem TestCategory="BusinessObjects" />
      </TestCategory>
      <Execution id="85377d7a-ce0c-49ba-b7dc-5d4dc13853e5" />
      <TestMethod codeBase="D:\actions-runner\_work\XPCO\XPCO\EventServer\Server\Components\Central\GisMap.UnitTest\bin\x64\Debug\VideoOS.EventServer.GisMap.UnitTest.dll" adapterTypeName="executor://mstestadapter/v2" className="VideoOS.EventServer.GisMap.UnitTest.BusinessObjects.Indexer.MapItemIndexerTest" name="AddItems_1Item_1Cluster" />
    </UnitTest>
    <UnitTest name="TestUpdateLevels_DatabaseException_Failure" storage="d:\actions-runner\_work\xpco\xpco\eventserver\server\components\central\gismap.unittest\bin\x64\debug\videoos.eventserver.gismap.unittest.dll" id="d213c998-c49d-6852-8aff-647de77dd87a">
      <TestCategory>
        <TestCategoryItem TestCategory="DataComponent" />
      </TestCategory>
      <Execution id="46c0b55b-c71a-419a-abd1-bcd00882d391" />
      <TestMethod codeBase="D:\actions-runner\_work\XPCO\XPCO\EventServer\Server\Components\Central\GisMap.UnitTest\bin\x64\Debug\VideoOS.EventServer.GisMap.UnitTest.dll" adapterTypeName="executor://mstestadapter/v2" className="VideoOS.EventServer.GisMap.UnitTest.DB.DataComponent.BuildingComponent_LevelTest" name="TestUpdateLevels_DatabaseException_Failure" />
    </UnitTest>
    <UnitTest name="TestConstructor_ParsingWcfObject_Success" storage="d:\actions-runner\_work\xpco\xpco\eventserver\server\components\central\gismap.unittest\bin\x64\debug\videoos.eventserver.gismap.unittest.dll" id="8f3b4f99-afdc-9597-8d92-9e2b1e15d907">
      <TestCategory>
        <TestCategoryItem TestCategory="BusinessObjects" />
      </TestCategory>
      <Execution id="a6cf7e4e-656b-4607-a805-df20eea1ea41" />
      <TestMethod codeBase="D:\actions-runner\_work\XPCO\XPCO\EventServer\Server\Components\Central\GisMap.UnitTest\bin\x64\Debug\VideoOS.EventServer.GisMap.UnitTest.dll" adapterTypeName="executor://mstestadapter/v2" className="VideoOS.EventServer.GisMap.UnitTest.BusinessObjects.Layers.BingMapLayerTest" name="TestConstructor_ParsingWcfObject_Success" />
    </UnitTest>
    <UnitTest name="TestWcfObject_GetWcfObject_Success" storage="d:\actions-runner\_work\xpco\xpco\eventserver\server\components\central\gismap.unittest\bin\x64\debug\videoos.eventserver.gismap.unittest.dll" id="630ac451-2612-b7c0-a7c3-7bc384dc7630">
      <TestCategory>
        <TestCategoryItem TestCategory="BusinessObjects" />
      </TestCategory>
      <Execution id="58e8249a-55ba-438d-ae90-c94b5cc935d4" />
      <TestMethod codeBase="D:\actions-runner\_work\XPCO\XPCO\EventServer\Server\Components\Central\GisMap.UnitTest\bin\x64\Debug\VideoOS.EventServer.GisMap.UnitTest.dll" adapterTypeName="executor://mstestadapter/v2" className="VideoOS.EventServer.GisMap.UnitTest.BusinessObjects.MapViewPointTest" name="TestWcfObject_GetWcfObject_Success" />
    </UnitTest>
    <UnitTest name="TestConstructor_ParsingWcfObjectWithNull_Success" storage="d:\actions-runner\_work\xpco\xpco\eventserver\server\components\central\gismap.unittest\bin\x64\debug\videoos.eventserver.gismap.unittest.dll" id="fe6f8eb7-9e45-eeda-d481-7ce0c15e65c1">
      <TestCategory>
        <TestCategoryItem TestCategory="BusinessObjects" />
      </TestCategory>
      <Execution id="66ee29b6-6fc8-42f3-af5d-0b7ee115b54f" />
      <TestMethod codeBase="D:\actions-runner\_work\XPCO\XPCO\EventServer\Server\Components\Central\GisMap.UnitTest\bin\x64\Debug\VideoOS.EventServer.GisMap.UnitTest.dll" adapterTypeName="executor://mstestadapter/v2" className="VideoOS.EventServer.GisMap.UnitTest.BusinessObjects.Buildings.BuildingTest" name="TestConstructor_ParsingWcfObjectWithNull_Success" />
    </UnitTest>
    <UnitTest name="TestPropertyNames_GettingPropertyNames_Success" storage="d:\actions-runner\_work\xpco\xpco\eventserver\server\components\central\gismap.unittest\bin\x64\debug\videoos.eventserver.gismap.unittest.dll" id="c54eb969-a3de-aa48-d99a-d442654c6d39">
      <TestCategory>
        <TestCategoryItem TestCategory="BusinessObjects" />
      </TestCategory>
      <Execution id="b6d1bb0a-cf63-4287-8697-07ff7f1c2fad" />
      <TestMethod codeBase="D:\actions-runner\_work\XPCO\XPCO\EventServer\Server\Components\Central\GisMap.UnitTest\bin\x64\Debug\VideoOS.EventServer.GisMap.UnitTest.dll" adapterTypeName="executor://mstestadapter/v2" className="VideoOS.EventServer.GisMap.UnitTest.BusinessObjects.Items.LinkItemTest" name="TestPropertyNames_GettingPropertyNames_Success" />
    </UnitTest>
    <UnitTest name="TestAuditLog_AuditLogLayerAdded_Success" storage="d:\actions-runner\_work\xpco\xpco\eventserver\server\components\central\gismap.unittest\bin\x64\debug\videoos.eventserver.gismap.unittest.dll" id="bbc0d264-8ce0-2864-98f6-f8803cb7a31f">
      <TestCategory>
        <TestCategoryItem TestCategory="BusinessObjects" />
      </TestCategory>
      <Execution id="f74d4de8-336f-4761-b9e2-9d931f1a09cf" />
      <TestMethod codeBase="D:\actions-runner\_work\XPCO\XPCO\EventServer\Server\Components\Central\GisMap.UnitTest\bin\x64\Debug\VideoOS.EventServer.GisMap.UnitTest.dll" adapterTypeName="executor://mstestadapter/v2" className="VideoOS.EventServer.GisMap.UnitTest.BusinessObjects.Layers.CADLayerTest" name="TestAuditLog_AuditLogLayerAdded_Success" />
    </UnitTest>
    <UnitTest name="TestAddBuilding_NullBuilding_Failure" storage="d:\actions-runner\_work\xpco\xpco\eventserver\server\components\central\gismap.unittest\bin\x64\debug\videoos.eventserver.gismap.unittest.dll" id="99f9fd62-ac7d-78fb-11ef-288f41ae274b">
      <TestCategory>
        <TestCategoryItem TestCategory="DataComponent" />
      </TestCategory>
      <Execution id="b9492417-b334-4f54-876c-65762df02082" />
      <TestMethod codeBase="D:\actions-runner\_work\XPCO\XPCO\EventServer\Server\Components\Central\GisMap.UnitTest\bin\x64\Debug\VideoOS.EventServer.GisMap.UnitTest.dll" adapterTypeName="executor://mstestadapter/v2" className="VideoOS.EventServer.GisMap.UnitTest.DB.DataComponent.BuildingComponentTest" name="TestAddBuilding_NullBuilding_Failure" />
    </UnitTest>
    <UnitTest name="TestWcfObject_GetWcfObjectWithNullViewport_Success" storage="d:\actions-runner\_work\xpco\xpco\eventserver\server\components\central\gismap.unittest\bin\x64\debug\videoos.eventserver.gismap.unittest.dll" id="8c2fc1c3-ffae-cb92-62ae-f080b730c76a">
      <TestCategory>
        <TestCategoryItem TestCategory="BusinessObjects" />
      </TestCategory>
      <Execution id="866a0b0c-c9b0-47cf-a415-93cd104629e4" />
      <TestMethod codeBase="D:\actions-runner\_work\XPCO\XPCO\EventServer\Server\Components\Central\GisMap.UnitTest\bin\x64\Debug\VideoOS.EventServer.GisMap.UnitTest.dll" adapterTypeName="executor://mstestadapter/v2" className="VideoOS.EventServer.GisMap.UnitTest.BusinessObjects.MapSettingsTest" name="TestWcfObject_GetWcfObjectWithNullViewport_Success" />
    </UnitTest>
    <UnitTest name="TestUpdateProperties_UpdateAllProperties_Success" storage="d:\actions-runner\_work\xpco\xpco\eventserver\server\components\central\gismap.unittest\bin\x64\debug\videoos.eventserver.gismap.unittest.dll" id="3cef07fc-fcc7-2fc0-892c-cfda8322bbb5">
      <TestCategory>
        <TestCategoryItem TestCategory="BusinessObjects" />
      </TestCategory>
      <Execution id="1ecfc9bc-572d-4578-b627-9d894f0438bb" />
      <TestMethod codeBase="D:\actions-runner\_work\XPCO\XPCO\EventServer\Server\Components\Central\GisMap.UnitTest\bin\x64\Debug\VideoOS.EventServer.GisMap.UnitTest.dll" adapterTypeName="executor://mstestadapter/v2" className="VideoOS.EventServer.GisMap.UnitTest.BusinessObjects.Layers.LegacyLinkLayerTest" name="TestUpdateProperties_UpdateAllProperties_Success" />
    </UnitTest>
    <UnitTest name="Constructor_LevelsSet_IgnoreLevelItemsThatAreNotPartOfIndexer" storage="d:\actions-runner\_work\xpco\xpco\eventserver\server\components\central\gismap.unittest\bin\x64\debug\videoos.eventserver.gismap.unittest.dll" id="1b0c58e8-3ac0-6e55-13a6-976f6994288a">
      <TestCategory>
        <TestCategoryItem TestCategory="BusinessObjects" />
      </TestCategory>
      <Execution id="a97b8a46-b5ab-42ce-baef-b70f6f984825" />
      <TestMethod codeBase="D:\actions-runner\_work\XPCO\XPCO\EventServer\Server\Components\Central\GisMap.UnitTest\bin\x64\Debug\VideoOS.EventServer.GisMap.UnitTest.dll" adapterTypeName="executor://mstestadapter/v2" className="VideoOS.EventServer.GisMap.UnitTest.BusinessObjects.Indexer.Buildings.BuildingIndexTest" name="Constructor_LevelsSet_IgnoreLevelItemsThatAreNotPartOfIndexer" />
    </UnitTest>
    <UnitTest name="TestConstructor_ParsingWcfObjectWithNull_Success" storage="d:\actions-runner\_work\xpco\xpco\eventserver\server\components\central\gismap.unittest\bin\x64\debug\videoos.eventserver.gismap.unittest.dll" id="9ad53845-14f4-c284-f6a5-248e9e3aba27">
      <TestCategory>
        <TestCategoryItem TestCategory="BusinessObjects" />
      </TestCategory>
      <Execution id="7f606076-3a98-4dcc-9c22-0e3723f9a399" />
      <TestMethod codeBase="D:\actions-runner\_work\XPCO\XPCO\EventServer\Server\Components\Central\GisMap.UnitTest\bin\x64\Debug\VideoOS.EventServer.GisMap.UnitTest.dll" adapterTypeName="executor://mstestadapter/v2" className="VideoOS.EventServer.GisMap.UnitTest.BusinessObjects.Layers.GoogleMapLayerTest" name="TestConstructor_ParsingWcfObjectWithNull_Success" />
    </UnitTest>
    <UnitTest name="RemoveLevel" storage="d:\actions-runner\_work\xpco\xpco\eventserver\server\components\central\gismap.unittest\bin\x64\debug\videoos.eventserver.gismap.unittest.dll" id="10824584-b0ef-c30e-5e75-e9428713871e">
      <TestCategory>
        <TestCategoryItem TestCategory="BusinessObjects" />
      </TestCategory>
      <Execution id="cefb2f09-56c6-49d1-a497-15cc577daedb" />
      <TestMethod codeBase="D:\actions-runner\_work\XPCO\XPCO\EventServer\Server\Components\Central\GisMap.UnitTest\bin\x64\Debug\VideoOS.EventServer.GisMap.UnitTest.dll" adapterTypeName="executor://mstestadapter/v2" className="VideoOS.EventServer.GisMap.UnitTest.BusinessObjects.Indexer.Buildings.BuildingIndexTest" name="RemoveLevel" />
    </UnitTest>
    <UnitTest name="TestAuditLog_AuditLogLevelRenamed_Success" storage="d:\actions-runner\_work\xpco\xpco\eventserver\server\components\central\gismap.unittest\bin\x64\debug\videoos.eventserver.gismap.unittest.dll" id="02dd0347-81a6-5d2e-72bb-1e46d337ac10">
      <TestCategory>
        <TestCategoryItem TestCategory="BusinessObjects" />
      </TestCategory>
      <Execution id="5122cffb-a444-496b-9b71-b539823e4ac4" />
      <TestMethod codeBase="D:\actions-runner\_work\XPCO\XPCO\EventServer\Server\Components\Central\GisMap.UnitTest\bin\x64\Debug\VideoOS.EventServer.GisMap.UnitTest.dll" adapterTypeName="executor://mstestadapter/v2" className="VideoOS.EventServer.GisMap.UnitTest.BusinessObjects.Buildings.LevelTest" name="TestAuditLog_AuditLogLevelRenamed_Success" />
    </UnitTest>
    <UnitTest name="TestUpdateLevel_Success" storage="d:\actions-runner\_work\xpco\xpco\eventserver\server\components\central\gismap.unittest\bin\x64\debug\videoos.eventserver.gismap.unittest.dll" id="be8bbfdf-5cee-e570-a087-d8a3e11536eb">
      <TestCategory>
        <TestCategoryItem TestCategory="DataComponent" />
      </TestCategory>
      <Execution id="5c01b370-1dba-4558-bfb7-bc515147e7a7" />
      <TestMethod codeBase="D:\actions-runner\_work\XPCO\XPCO\EventServer\Server\Components\Central\GisMap.UnitTest\bin\x64\Debug\VideoOS.EventServer.GisMap.UnitTest.dll" adapterTypeName="executor://mstestadapter/v2" className="VideoOS.EventServer.GisMap.UnitTest.DB.DataComponent.BuildingComponent_LevelTest" name="TestUpdateLevel_Success" />
    </UnitTest>
    <UnitTest name="RemoveItems_Init5Items_RemoveWholeCluster" storage="d:\actions-runner\_work\xpco\xpco\eventserver\server\components\central\gismap.unittest\bin\x64\debug\videoos.eventserver.gismap.unittest.dll" id="04e6627c-fea8-4a3b-5994-ffc3bbebad08">
      <TestCategory>
        <TestCategoryItem TestCategory="BusinessObjects" />
      </TestCategory>
      <Execution id="7e31a863-50a4-46a4-a5a2-477bf2b92004" />
      <TestMethod codeBase="D:\actions-runner\_work\XPCO\XPCO\EventServer\Server\Components\Central\GisMap.UnitTest\bin\x64\Debug\VideoOS.EventServer.GisMap.UnitTest.dll" adapterTypeName="executor://mstestadapter/v2" className="VideoOS.EventServer.GisMap.UnitTest.BusinessObjects.Indexer.MapItemIndexerTest" name="RemoveItems_Init5Items_RemoveWholeCluster" />
    </UnitTest>
    <UnitTest name="Opened_ObtainsItemsInitializesServices" storage="d:\actions-runner\_work\xpco\xpco\eventserver\server\components\central\gismap.unittest\bin\x64\debug\videoos.eventserver.gismap.unittest.dll" id="0fb9c2a6-ea9b-e8a0-a382-04b6cf31ab2d">
      <TestCategory>
        <TestCategoryItem TestCategory="GisMapMipItems" />
      </TestCategory>
      <Execution id="c92525a9-34ba-42e7-9972-25cc94965122" />
      <TestMethod codeBase="D:\actions-runner\_work\XPCO\XPCO\EventServer\Server\Components\Central\GisMap.UnitTest\bin\x64\Debug\VideoOS.EventServer.GisMap.UnitTest.dll" adapterTypeName="executor://mstestadapter/v2" className="VideoOS.EventServer.GisMap.UnitTest.WebService.GisMipItemCommandTest" name="Opened_ObtainsItemsInitializesServices" />
    </UnitTest>
    <UnitTest name="TestWcfObject_ConvertToWcfObject_Success" storage="d:\actions-runner\_work\xpco\xpco\eventserver\server\components\central\gismap.unittest\bin\x64\debug\videoos.eventserver.gismap.unittest.dll" id="f4e400af-adaa-653c-7739-14c2956be5e1">
      <TestCategory>
        <TestCategoryItem TestCategory="BusinessObjects" />
      </TestCategory>
      <Execution id="de9b1c29-d7ee-4ba4-8e04-1337f620c303" />
      <TestMethod codeBase="D:\actions-runner\_work\XPCO\XPCO\EventServer\Server\Components\Central\GisMap.UnitTest\bin\x64\Debug\VideoOS.EventServer.GisMap.UnitTest.dll" adapterTypeName="executor://mstestadapter/v2" className="VideoOS.EventServer.GisMap.UnitTest.BusinessObjects.Repositories.ImageRepositoryTest" name="TestWcfObject_ConvertToWcfObject_Success" />
    </UnitTest>
    <UnitTest name="RemoveItem_Levels" storage="d:\actions-runner\_work\xpco\xpco\eventserver\server\components\central\gismap.unittest\bin\x64\debug\videoos.eventserver.gismap.unittest.dll" id="a4a444d2-a093-0e84-3156-18ce740a830e">
      <TestCategory>
        <TestCategoryItem TestCategory="BusinessObjects" />
      </TestCategory>
      <Execution id="634dd779-b364-43dc-9c29-6ff373109687" />
      <TestMethod codeBase="D:\actions-runner\_work\XPCO\XPCO\EventServer\Server\Components\Central\GisMap.UnitTest\bin\x64\Debug\VideoOS.EventServer.GisMap.UnitTest.dll" adapterTypeName="executor://mstestadapter/v2" className="VideoOS.EventServer.GisMap.UnitTest.BusinessObjects.Indexer.Buildings.BuildingIndexTest" name="RemoveItem_Levels" />
    </UnitTest>
    <UnitTest name="TestConstructor_ParsingWcfObjectWithoutExtent_Success" storage="d:\actions-runner\_work\xpco\xpco\eventserver\server\components\central\gismap.unittest\bin\x64\debug\videoos.eventserver.gismap.unittest.dll" id="be8a5657-5dbf-cc26-1424-1f563209b9bd">
      <TestCategory>
        <TestCategoryItem TestCategory="BusinessObjects" />
      </TestCategory>
      <Execution id="1bcd4c6b-64af-4633-a8a1-0c7181a962cc" />
      <TestMethod codeBase="D:\actions-runner\_work\XPCO\XPCO\EventServer\Server\Components\Central\GisMap.UnitTest\bin\x64\Debug\VideoOS.EventServer.GisMap.UnitTest.dll" adapterTypeName="executor://mstestadapter/v2" className="VideoOS.EventServer.GisMap.UnitTest.BusinessObjects.Layers.GoogleMapLayerTest" name="TestConstructor_ParsingWcfObjectWithoutExtent_Success" />
    </UnitTest>
    <UnitTest name="TestProperties_GetProperties_Success" storage="d:\actions-runner\_work\xpco\xpco\eventserver\server\components\central\gismap.unittest\bin\x64\debug\videoos.eventserver.gismap.unittest.dll" id="091530ba-fe2f-c00c-1db1-cb3e585f294c">
      <TestCategory>
        <TestCategoryItem TestCategory="BusinessObjects" />
      </TestCategory>
      <Execution id="ec0ddef0-8ceb-44b7-bb67-cd0121e6019e" />
      <TestMethod codeBase="D:\actions-runner\_work\XPCO\XPCO\EventServer\Server\Components\Central\GisMap.UnitTest\bin\x64\Debug\VideoOS.EventServer.GisMap.UnitTest.dll" adapterTypeName="executor://mstestadapter/v2" className="VideoOS.EventServer.GisMap.UnitTest.BusinessObjects.Layers.LinkLayerTest" name="TestProperties_GetProperties_Success" />
    </UnitTest>
    <UnitTest name="BuildingEvents_Reaction" storage="d:\actions-runner\_work\xpco\xpco\eventserver\server\components\central\gismap.unittest\bin\x64\debug\videoos.eventserver.gismap.unittest.dll" id="5d294bba-2ebf-290a-e853-ad009704c202">
      <TestCategory>
        <TestCategoryItem TestCategory="GisMapServices" />
      </TestCategory>
      <Execution id="908514e8-c6f3-49d8-ad94-a70b5585b201" />
      <TestMethod codeBase="D:\actions-runner\_work\XPCO\XPCO\EventServer\Server\Components\Central\GisMap.UnitTest\bin\x64\Debug\VideoOS.EventServer.GisMap.UnitTest.dll" adapterTypeName="executor://mstestadapter/v2" className="VideoOS.EventServer.GisMap.UnitTest.Services.Clustering.MapDataUpdaterTest" name="BuildingEvents_Reaction" />
    </UnitTest>
    <UnitTest name="RemoveItems_Rises_OnItemsExcluded" storage="d:\actions-runner\_work\xpco\xpco\eventserver\server\components\central\gismap.unittest\bin\x64\debug\videoos.eventserver.gismap.unittest.dll" id="7c79b127-b34c-0eb3-b547-ce4214dcdd77">
      <TestCategory>
        <TestCategoryItem TestCategory="BusinessObjects" />
      </TestCategory>
      <Execution id="c751be23-d368-401c-87d5-1247deb0f9e9" />
      <TestMethod codeBase="D:\actions-runner\_work\XPCO\XPCO\EventServer\Server\Components\Central\GisMap.UnitTest\bin\x64\Debug\VideoOS.EventServer.GisMap.UnitTest.dll" adapterTypeName="executor://mstestadapter/v2" className="VideoOS.EventServer.GisMap.UnitTest.BusinessObjects.Indexer.MapItemIndexerTest" name="RemoveItems_Rises_OnItemsExcluded" />
    </UnitTest>
    <UnitTest name="OnBuildingOutlinesUpdated" storage="d:\actions-runner\_work\xpco\xpco\eventserver\server\components\central\gismap.unittest\bin\x64\debug\videoos.eventserver.gismap.unittest.dll" id="f878432b-12f0-1786-7600-b1ff9fc6794c">
      <TestCategory>
        <TestCategoryItem TestCategory="GisMapServices" />
      </TestCategory>
      <Execution id="f21b45c2-4770-4bd2-9755-71478aea9818" />
      <TestMethod codeBase="D:\actions-runner\_work\XPCO\XPCO\EventServer\Server\Components\Central\GisMap.UnitTest\bin\x64\Debug\VideoOS.EventServer.GisMap.UnitTest.dll" adapterTypeName="executor://mstestadapter/v2" className="VideoOS.EventServer.GisMap.UnitTest.Services.Events.EventBusTest" name="OnBuildingOutlinesUpdated" />
    </UnitTest>
    <UnitTest name="SetMapItems_SetsPositionForItemWithMinimumId" storage="d:\actions-runner\_work\xpco\xpco\eventserver\server\components\central\gismap.unittest\bin\x64\debug\videoos.eventserver.gismap.unittest.dll" id="5fb5ca8d-2b3c-1e3c-db7a-47c6ee32b770">
      <TestCategory>
        <TestCategoryItem TestCategory="BusinessObjects" />
      </TestCategory>
      <Execution id="d0b5ecad-7466-425e-830c-907a68cd0db0" />
      <TestMethod codeBase="D:\actions-runner\_work\XPCO\XPCO\EventServer\Server\Components\Central\GisMap.UnitTest\bin\x64\Debug\VideoOS.EventServer.GisMap.UnitTest.dll" adapterTypeName="executor://mstestadapter/v2" className="VideoOS.EventServer.GisMap.UnitTest.BusinessObjects.Indexer.Clustering.MapItemClusterTest" name="SetMapItems_SetsPositionForItemWithMinimumId" />
    </UnitTest>
    <UnitTest name="GetMipItemsByKindAndArea_WhenExistBuildings_BuildingsAwareClusteringStrategy" storage="d:\actions-runner\_work\xpco\xpco\eventserver\server\components\central\gismap.unittest\bin\x64\debug\videoos.eventserver.gismap.unittest.dll" id="0b3147f4-13ce-8c2b-1ed2-91ce468d31a1">
      <TestCategory>
        <TestCategoryItem TestCategory="GisMapMipItems" />
      </TestCategory>
      <Execution id="2d4584e4-6bec-485f-ac87-fc56ae200bd2" />
      <TestMethod codeBase="D:\actions-runner\_work\XPCO\XPCO\EventServer\Server\Components\Central\GisMap.UnitTest\bin\x64\Debug\VideoOS.EventServer.GisMap.UnitTest.dll" adapterTypeName="executor://mstestadapter/v2" className="VideoOS.EventServer.GisMap.UnitTest.WebService.GisMipItemCommandTest" name="GetMipItemsByKindAndArea_WhenExistBuildings_BuildingsAwareClusteringStrategy" />
    </UnitTest>
    <UnitTest name="TestWcfObject_GetWcfObject_Success" storage="d:\actions-runner\_work\xpco\xpco\eventserver\server\components\central\gismap.unittest\bin\x64\debug\videoos.eventserver.gismap.unittest.dll" id="d15b7f98-3554-6b24-805b-0de6db3ececb">
      <TestCategory>
        <TestCategoryItem TestCategory="BusinessObjects" />
      </TestCategory>
      <Execution id="923a09ed-8599-48fa-8ed6-cd40d1a3cebb" />
      <TestMethod codeBase="D:\actions-runner\_work\XPCO\XPCO\EventServer\Server\Components\Central\GisMap.UnitTest\bin\x64\Debug\VideoOS.EventServer.GisMap.UnitTest.dll" adapterTypeName="executor://mstestadapter/v2" className="VideoOS.EventServer.GisMap.UnitTest.BusinessObjects.RectangleTest" name="TestWcfObject_GetWcfObject_Success" />
    </UnitTest>
    <UnitTest name="TestConstructor_CreateService_Success" storage="d:\actions-runner\_work\xpco\xpco\eventserver\server\components\central\gismap.unittest\bin\x64\debug\videoos.eventserver.gismap.unittest.dll" id="087b1e39-d1fa-3d6c-4685-64625acfa9e4">
      <TestCategory>
        <TestCategoryItem TestCategory="GisCommand" />
      </TestCategory>
      <Execution id="e0d07e0f-3cbd-4071-973e-90e246821d64" />
      <TestMethod codeBase="D:\actions-runner\_work\XPCO\XPCO\EventServer\Server\Components\Central\GisMap.UnitTest\bin\x64\Debug\VideoOS.EventServer.GisMap.UnitTest.dll" adapterTypeName="executor://mstestadapter/v2" className="VideoOS.EventServer.GisMap.UnitTest.WebService.GisBuildingCommandTest" name="TestConstructor_CreateService_Success" />
    </UnitTest>
    <UnitTest name="TestConstructor_Success" storage="d:\actions-runner\_work\xpco\xpco\eventserver\server\components\central\gismap.unittest\bin\x64\debug\videoos.eventserver.gismap.unittest.dll" id="2ce95934-9fe4-6fa4-2010-77aef0c6633d">
      <TestCategory>
        <TestCategoryItem TestCategory="BusinessObjects" />
      </TestCategory>
      <Execution id="748881a9-c443-4502-85d9-fc03bff4c8d9" />
      <TestMethod codeBase="D:\actions-runner\_work\XPCO\XPCO\EventServer\Server\Components\Central\GisMap.UnitTest\bin\x64\Debug\VideoOS.EventServer.GisMap.UnitTest.dll" adapterTypeName="executor://mstestadapter/v2" className="VideoOS.EventServer.GisMap.UnitTest.BusinessObjects.Layers.GoogleMapLayerTest" name="TestConstructor_Success" />
    </UnitTest>
    <UnitTest name="TestConstructor_ParsingWcfObjectWithoutExtent_Success" storage="d:\actions-runner\_work\xpco\xpco\eventserver\server\components\central\gismap.unittest\bin\x64\debug\videoos.eventserver.gismap.unittest.dll" id="1659e2e1-078f-341b-0cfb-f59dda1952ab">
      <TestCategory>
        <TestCategoryItem TestCategory="BusinessObjects" />
      </TestCategory>
      <Execution id="63717614-0432-4787-baeb-31e77bf81ccf" />
      <TestMethod codeBase="D:\actions-runner\_work\XPCO\XPCO\EventServer\Server\Components\Central\GisMap.UnitTest\bin\x64\Debug\VideoOS.EventServer.GisMap.UnitTest.dll" adapterTypeName="executor://mstestadapter/v2" className="VideoOS.EventServer.GisMap.UnitTest.BusinessObjects.Layers.ViewZoneLayerTest" name="TestConstructor_ParsingWcfObjectWithoutExtent_Success" />
    </UnitTest>
    <UnitTest name="Open_WhenAddressAccessDeniedException_LogsError" storage="d:\actions-runner\_work\xpco\xpco\eventserver\server\components\central\gismap.unittest\bin\x64\debug\videoos.eventserver.gismap.unittest.dll" id="824726c2-43c6-84ce-f1b2-7be76f2ed9ef">
      <TestCategory>
        <TestCategoryItem TestCategory="GisMap" />
      </TestCategory>
      <Execution id="116395ae-a7b6-42c6-9e4c-9a9ea741408f" />
      <TestMethod codeBase="D:\actions-runner\_work\XPCO\XPCO\EventServer\Server\Components\Central\GisMap.UnitTest\bin\x64\Debug\VideoOS.EventServer.GisMap.UnitTest.dll" adapterTypeName="executor://mstestadapter/v2" className="VideoOS.EventServer.GisMap.UnitTest.WebService.GisMapWebServiceTest" name="Open_WhenAddressAccessDeniedException_LogsError" />
    </UnitTest>
    <UnitTest name="TestProperties_GetPropertiesFromWcfObjectWithNullPosition_Success" storage="d:\actions-runner\_work\xpco\xpco\eventserver\server\components\central\gismap.unittest\bin\x64\debug\videoos.eventserver.gismap.unittest.dll" id="71713aaf-5d5f-848f-53a9-972129459e12">
      <TestCategory>
        <TestCategoryItem TestCategory="BusinessObjects" />
      </TestCategory>
      <Execution id="ec955fdd-3b58-4da7-83ae-2aefa08117f9" />
      <TestMethod codeBase="D:\actions-runner\_work\XPCO\XPCO\EventServer\Server\Components\Central\GisMap.UnitTest\bin\x64\Debug\VideoOS.EventServer.GisMap.UnitTest.dll" adapterTypeName="executor://mstestadapter/v2" className="VideoOS.EventServer.GisMap.UnitTest.BusinessObjects.Items.LegacyLinkItemTest" name="TestProperties_GetPropertiesFromWcfObjectWithNullPosition_Success" />
    </UnitTest>
    <UnitTest name="HasItem_False" storage="d:\actions-runner\_work\xpco\xpco\eventserver\server\components\central\gismap.unittest\bin\x64\debug\videoos.eventserver.gismap.unittest.dll" id="85db59f6-5920-cb36-3faa-3b40cf5c858b">
      <TestCategory>
        <TestCategoryItem TestCategory="GisMapServices" />
      </TestCategory>
      <Execution id="7e66bf27-469f-472d-b3b5-5d73ba946347" />
      <TestMethod codeBase="D:\actions-runner\_work\XPCO\XPCO\EventServer\Server\Components\Central\GisMap.UnitTest\bin\x64\Debug\VideoOS.EventServer.GisMap.UnitTest.dll" adapterTypeName="executor://mstestadapter/v2" className="VideoOS.EventServer.GisMap.UnitTest.Services.Clustering.ItemClusteringServiceTest" name="HasItem_False" />
    </UnitTest>
    <UnitTest name="Open_OpensComandsAndHostsInTheOrder" storage="d:\actions-runner\_work\xpco\xpco\eventserver\server\components\central\gismap.unittest\bin\x64\debug\videoos.eventserver.gismap.unittest.dll" id="460657b9-140b-2240-063b-76a23862caf9">
      <TestCategory>
        <TestCategoryItem TestCategory="GisMap" />
      </TestCategory>
      <Execution id="90b2675c-ed0c-499b-bd7d-393df6058379" />
      <TestMethod codeBase="D:\actions-runner\_work\XPCO\XPCO\EventServer\Server\Components\Central\GisMap.UnitTest\bin\x64\Debug\VideoOS.EventServer.GisMap.UnitTest.dll" adapterTypeName="executor://mstestadapter/v2" className="VideoOS.EventServer.GisMap.UnitTest.WebService.GisMapWebServiceTest" name="Open_OpensComandsAndHostsInTheOrder" />
    </UnitTest>
    <UnitTest name="TestAuditLog_AuditLogWithNullItemAuditParameters_Failure" storage="d:\actions-runner\_work\xpco\xpco\eventserver\server\components\central\gismap.unittest\bin\x64\debug\videoos.eventserver.gismap.unittest.dll" id="014bb991-e210-4198-a561-1ea36e6a9c13">
      <TestCategory>
        <TestCategoryItem TestCategory="BusinessObjects" />
      </TestCategory>
      <Execution id="1993bb1b-1f90-460e-bdec-f4ef9163b232" />
      <TestMethod codeBase="D:\actions-runner\_work\XPCO\XPCO\EventServer\Server\Components\Central\GisMap.UnitTest\bin\x64\Debug\VideoOS.EventServer.GisMap.UnitTest.dll" adapterTypeName="executor://mstestadapter/v2" className="VideoOS.EventServer.GisMap.UnitTest.BusinessObjects.Layers.ImageLayerTest" name="TestAuditLog_AuditLogWithNullItemAuditParameters_Failure" />
    </UnitTest>
    <UnitTest name="TestAddLevels_Success" storage="d:\actions-runner\_work\xpco\xpco\eventserver\server\components\central\gismap.unittest\bin\x64\debug\videoos.eventserver.gismap.unittest.dll" id="1996b3d4-502f-e720-be7d-7edc086c3d5e">
      <TestCategory>
        <TestCategoryItem TestCategory="DataComponent" />
      </TestCategory>
      <Execution id="75a70c14-8faa-4f4c-9fe4-eb2ceef98e6d" />
      <TestMethod codeBase="D:\actions-runner\_work\XPCO\XPCO\EventServer\Server\Components\Central\GisMap.UnitTest\bin\x64\Debug\VideoOS.EventServer.GisMap.UnitTest.dll" adapterTypeName="executor://mstestadapter/v2" className="VideoOS.EventServer.GisMap.UnitTest.DB.DataComponent.BuildingComponent_LevelTest" name="TestAddLevels_Success" />
    </UnitTest>
    <UnitTest name="TestConstructor_ParsingWcfObject_Success" storage="d:\actions-runner\_work\xpco\xpco\eventserver\server\components\central\gismap.unittest\bin\x64\debug\videoos.eventserver.gismap.unittest.dll" id="dfff711d-2880-9857-f959-f5692bac9747">
      <TestCategory>
        <TestCategoryItem TestCategory="BusinessObjects" />
      </TestCategory>
      <Execution id="608ff6d2-5f0b-442f-a8e0-4e313a19ebbe" />
      <TestMethod codeBase="D:\actions-runner\_work\XPCO\XPCO\EventServer\Server\Components\Central\GisMap.UnitTest\bin\x64\Debug\VideoOS.EventServer.GisMap.UnitTest.dll" adapterTypeName="executor://mstestadapter/v2" className="VideoOS.EventServer.GisMap.UnitTest.BusinessObjects.MapSettingsTest" name="TestConstructor_ParsingWcfObject_Success" />
    </UnitTest>
    <UnitTest name="TestAddBuilding_DatabaseException_Failure" storage="d:\actions-runner\_work\xpco\xpco\eventserver\server\components\central\gismap.unittest\bin\x64\debug\videoos.eventserver.gismap.unittest.dll" id="f282f516-d6f5-0f39-4b1d-4707b9d8b389">
      <TestCategory>
        <TestCategoryItem TestCategory="DataComponent" />
      </TestCategory>
      <Execution id="eed8e180-23c0-438f-bb69-5b766000efa4" />
      <TestMethod codeBase="D:\actions-runner\_work\XPCO\XPCO\EventServer\Server\Components\Central\GisMap.UnitTest\bin\x64\Debug\VideoOS.EventServer.GisMap.UnitTest.dll" adapterTypeName="executor://mstestadapter/v2" className="VideoOS.EventServer.GisMap.UnitTest.DB.DataComponent.BuildingComponentTest" name="TestAddBuilding_DatabaseException_Failure" />
    </UnitTest>
    <UnitTest name="TestAuditLog_AuditLogWithNullItemAuditParameters_Failure" storage="d:\actions-runner\_work\xpco\xpco\eventserver\server\components\central\gismap.unittest\bin\x64\debug\videoos.eventserver.gismap.unittest.dll" id="79cd390f-82e9-a0ad-b31f-33e0e0bcb389">
      <TestCategory>
        <TestCategoryItem TestCategory="BusinessObjects" />
      </TestCategory>
      <Execution id="c3b44f47-bb97-4ac6-befe-2aa74d8a01ab" />
      <TestMethod codeBase="D:\actions-runner\_work\XPCO\XPCO\EventServer\Server\Components\Central\GisMap.UnitTest\bin\x64\Debug\VideoOS.EventServer.GisMap.UnitTest.dll" adapterTypeName="executor://mstestadapter/v2" className="VideoOS.EventServer.GisMap.UnitTest.BusinessObjects.Layers.ShapeFileLayerTest" name="TestAuditLog_AuditLogWithNullItemAuditParameters_Failure" />
    </UnitTest>
    <UnitTest name="TestConstructor_ParsingWcfObjectWithNull_Success" storage="d:\actions-runner\_work\xpco\xpco\eventserver\server\components\central\gismap.unittest\bin\x64\debug\videoos.eventserver.gismap.unittest.dll" id="5b8da4a5-352d-83c5-0aba-cdc2dc824c85">
      <TestCategory>
        <TestCategoryItem TestCategory="BusinessObjects" />
      </TestCategory>
      <Execution id="333a1f43-525e-4569-87b1-b56016731bd2" />
      <TestMethod codeBase="D:\actions-runner\_work\XPCO\XPCO\EventServer\Server\Components\Central\GisMap.UnitTest\bin\x64\Debug\VideoOS.EventServer.GisMap.UnitTest.dll" adapterTypeName="executor://mstestadapter/v2" className="VideoOS.EventServer.GisMap.UnitTest.BusinessObjects.Layers.OpenStreetMapLayerTest" name="TestConstructor_ParsingWcfObjectWithNull_Success" />
    </UnitTest>
    <UnitTest name="TestAdd_Levels_NullLevels_Failure" storage="d:\actions-runner\_work\xpco\xpco\eventserver\server\components\central\gismap.unittest\bin\x64\debug\videoos.eventserver.gismap.unittest.dll" id="37fb5746-cd94-a682-2a5a-0f0a8c0c7c60">
      <TestCategory>
        <TestCategoryItem TestCategory="DataComponent" />
      </TestCategory>
      <Execution id="c4b05add-b167-419d-a104-c65e8dba10cd" />
      <TestMethod codeBase="D:\actions-runner\_work\XPCO\XPCO\EventServer\Server\Components\Central\GisMap.UnitTest\bin\x64\Debug\VideoOS.EventServer.GisMap.UnitTest.dll" adapterTypeName="executor://mstestadapter/v2" className="VideoOS.EventServer.GisMap.UnitTest.DB.DataComponent.BuildingComponent_LevelTest" name="TestAdd_Levels_NullLevels_Failure" />
    </UnitTest>
    <UnitTest name="TestAuditLog_AuditLogBuildingRenamed_NullOldBuilding_Failure" storage="d:\actions-runner\_work\xpco\xpco\eventserver\server\components\central\gismap.unittest\bin\x64\debug\videoos.eventserver.gismap.unittest.dll" id="11d85555-65ed-241f-da81-973daee73f7e">
      <TestCategory>
        <TestCategoryItem TestCategory="BusinessObjects" />
      </TestCategory>
      <Execution id="24f7b55e-57ea-44eb-87ca-ac578dc2f97c" />
      <TestMethod codeBase="D:\actions-runner\_work\XPCO\XPCO\EventServer\Server\Components\Central\GisMap.UnitTest\bin\x64\Debug\VideoOS.EventServer.GisMap.UnitTest.dll" adapterTypeName="executor://mstestadapter/v2" className="VideoOS.EventServer.GisMap.UnitTest.BusinessObjects.Buildings.BuildingTest" name="TestAuditLog_AuditLogBuildingRenamed_NullOldBuilding_Failure" />
    </UnitTest>
    <UnitTest name="TestAddBuildings_Exception_Failure" storage="d:\actions-runner\_work\xpco\xpco\eventserver\server\components\central\gismap.unittest\bin\x64\debug\videoos.eventserver.gismap.unittest.dll" id="898e1435-3690-2fd5-8ce0-e6d73cc3d59c">
      <TestCategory>
        <TestCategoryItem TestCategory="DataComponent" />
      </TestCategory>
      <Execution id="0d945ebd-4b0f-4770-8103-9278554c02cd" />
      <TestMethod codeBase="D:\actions-runner\_work\XPCO\XPCO\EventServer\Server\Components\Central\GisMap.UnitTest\bin\x64\Debug\VideoOS.EventServer.GisMap.UnitTest.dll" adapterTypeName="executor://mstestadapter/v2" className="VideoOS.EventServer.GisMap.UnitTest.DB.DataComponent.BuildingComponentTest" name="TestAddBuildings_Exception_Failure" />
    </UnitTest>
    <UnitTest name="TestAuditLog_AuditLogLegacyLinkWithNullTargetMapIdRemoved_Success" storage="d:\actions-runner\_work\xpco\xpco\eventserver\server\components\central\gismap.unittest\bin\x64\debug\videoos.eventserver.gismap.unittest.dll" id="9e39c9d5-9571-adf7-3b76-b1f4ee444803">
      <TestCategory>
        <TestCategoryItem TestCategory="BusinessObjects" />
      </TestCategory>
      <Execution id="d84e3077-f44a-4748-94c2-0d84fa7d11fc" />
      <TestMethod codeBase="D:\actions-runner\_work\XPCO\XPCO\EventServer\Server\Components\Central\GisMap.UnitTest\bin\x64\Debug\VideoOS.EventServer.GisMap.UnitTest.dll" adapterTypeName="executor://mstestadapter/v2" className="VideoOS.EventServer.GisMap.UnitTest.BusinessObjects.Items.LegacyLinkItemTest" name="TestAuditLog_AuditLogLegacyLinkWithNullTargetMapIdRemoved_Success" />
    </UnitTest>
    <UnitTest name="TestConstructor_Success" storage="d:\actions-runner\_work\xpco\xpco\eventserver\server\components\central\gismap.unittest\bin\x64\debug\videoos.eventserver.gismap.unittest.dll" id="b57b6d91-ad4c-2a37-0eea-35646e89bedd">
      <TestCategory>
        <TestCategoryItem TestCategory="BusinessObjects" />
      </TestCategory>
      <Execution id="5d5b77c3-b6bf-4670-afc7-89722a2e6b60" />
      <TestMethod codeBase="D:\actions-runner\_work\XPCO\XPCO\EventServer\Server\Components\Central\GisMap.UnitTest\bin\x64\Debug\VideoOS.EventServer.GisMap.UnitTest.dll" adapterTypeName="executor://mstestadapter/v2" className="VideoOS.EventServer.GisMap.UnitTest.BusinessObjects.Layers.LocationLayerTest" name="TestConstructor_Success" />
    </UnitTest>
    <UnitTest name="TestWcfObject_GetWcfObject_Success" storage="d:\actions-runner\_work\xpco\xpco\eventserver\server\components\central\gismap.unittest\bin\x64\debug\videoos.eventserver.gismap.unittest.dll" id="3164209d-17e5-0efd-f874-022401969ff2">
      <TestCategory>
        <TestCategoryItem TestCategory="BusinessObjects" />
      </TestCategory>
      <Execution id="92937027-867b-4d20-a9bf-ba2f6a705f50" />
      <TestMethod codeBase="D:\actions-runner\_work\XPCO\XPCO\EventServer\Server\Components\Central\GisMap.UnitTest\bin\x64\Debug\VideoOS.EventServer.GisMap.UnitTest.dll" adapterTypeName="executor://mstestadapter/v2" className="VideoOS.EventServer.GisMap.UnitTest.BusinessObjects.PositionTest" name="TestWcfObject_GetWcfObject_Success" />
    </UnitTest>
    <UnitTest name="TestProperties_GetProperties_Success" storage="d:\actions-runner\_work\xpco\xpco\eventserver\server\components\central\gismap.unittest\bin\x64\debug\videoos.eventserver.gismap.unittest.dll" id="70ceb465-3a7f-7a9e-f78b-a3e5795571d2">
      <TestCategory>
        <TestCategoryItem TestCategory="BusinessObjects" />
      </TestCategory>
      <Execution id="83aa102a-5cb5-48ab-a438-e38af0d9ccf3" />
      <TestMethod codeBase="D:\actions-runner\_work\XPCO\XPCO\EventServer\Server\Components\Central\GisMap.UnitTest\bin\x64\Debug\VideoOS.EventServer.GisMap.UnitTest.dll" adapterTypeName="executor://mstestadapter/v2" className="VideoOS.EventServer.GisMap.UnitTest.BusinessObjects.Items.LocationItemTest" name="TestProperties_GetProperties_Success" />
    </UnitTest>
    <UnitTest name="TestConstructor_ParsingWcfObject_Success" storage="d:\actions-runner\_work\xpco\xpco\eventserver\server\components\central\gismap.unittest\bin\x64\debug\videoos.eventserver.gismap.unittest.dll" id="176216d1-7732-025a-8e79-d4f3f1aa10fd">
      <TestCategory>
        <TestCategoryItem TestCategory="BusinessObjects" />
      </TestCategory>
      <Execution id="d75bdd8e-307e-482b-b6cf-f10f5162ad4c" />
      <TestMethod codeBase="D:\actions-runner\_work\XPCO\XPCO\EventServer\Server\Components\Central\GisMap.UnitTest\bin\x64\Debug\VideoOS.EventServer.GisMap.UnitTest.dll" adapterTypeName="executor://mstestadapter/v2" className="VideoOS.EventServer.GisMap.UnitTest.BusinessObjects.Layers.OpenStreetMapLayerTest" name="TestConstructor_ParsingWcfObject_Success" />
    </UnitTest>
    <UnitTest name="RemoveBuildingLevel" storage="d:\actions-runner\_work\xpco\xpco\eventserver\server\components\central\gismap.unittest\bin\x64\debug\videoos.eventserver.gismap.unittest.dll" id="6d2326d2-1132-af41-2236-2760df0fdb19">
      <TestCategory>
        <TestCategoryItem TestCategory="BusinessObjects" />
      </TestCategory>
      <Execution id="81438333-cd50-434c-a8fd-729c1061472d" />
      <TestMethod codeBase="D:\actions-runner\_work\XPCO\XPCO\EventServer\Server\Components\Central\GisMap.UnitTest\bin\x64\Debug\VideoOS.EventServer.GisMap.UnitTest.dll" adapterTypeName="executor://mstestadapter/v2" className="VideoOS.EventServer.GisMap.UnitTest.BusinessObjects.Indexer.Buildings.BuildingItemsIndexerTest" name="RemoveBuildingLevel" />
    </UnitTest>
    <UnitTest name="TestAddCapability_Success" storage="d:\actions-runner\_work\xpco\xpco\eventserver\server\components\central\gismap.unittest\bin\x64\debug\videoos.eventserver.gismap.unittest.dll" id="982f0da6-6119-19e9-04ac-bf5c62d4284e">
      <Execution id="ec69fad5-2073-461e-84d1-68f96e096072" />
      <TestMethod codeBase="D:\actions-runner\_work\XPCO\XPCO\EventServer\Server\Components\Central\GisMap.UnitTest\bin\x64\Debug\VideoOS.EventServer.GisMap.UnitTest.dll" adapterTypeName="executor://mstestadapter/v2" className="VideoOS.EventServer.GisMap.UnitTest.Services.Capabilities.ServerCapabilitiesTest" name="TestAddCapability_Success" />
    </UnitTest>
    <UnitTest name="TestPropertyNames_GettingPropertyNames_Success" storage="d:\actions-runner\_work\xpco\xpco\eventserver\server\components\central\gismap.unittest\bin\x64\debug\videoos.eventserver.gismap.unittest.dll" id="50c7a51c-2a6b-67d6-f233-f5a26a2ef5b0">
      <TestCategory>
        <TestCategoryItem TestCategory="BusinessObjects" />
      </TestCategory>
      <Execution id="6a1444f7-64c1-4f4a-a630-deca16e3134c" />
      <TestMethod codeBase="D:\actions-runner\_work\XPCO\XPCO\EventServer\Server\Components\Central\GisMap.UnitTest\bin\x64\Debug\VideoOS.EventServer.GisMap.UnitTest.dll" adapterTypeName="executor://mstestadapter/v2" className="VideoOS.EventServer.GisMap.UnitTest.BusinessObjects.Layers.GoogleMapLayerTest" name="TestPropertyNames_GettingPropertyNames_Success" />
    </UnitTest>
    <UnitTest name="TestConstructor_ParsingWcfObjectWithoutExtent_Success" storage="d:\actions-runner\_work\xpco\xpco\eventserver\server\components\central\gismap.unittest\bin\x64\debug\videoos.eventserver.gismap.unittest.dll" id="239476df-0f59-876f-8e57-595caa988d44">
      <TestCategory>
        <TestCategoryItem TestCategory="BusinessObjects" />
      </TestCategory>
      <Execution id="a4846e03-b628-4bbe-9c44-f79cabf2da11" />
      <TestMethod codeBase="D:\actions-runner\_work\XPCO\XPCO\EventServer\Server\Components\Central\GisMap.UnitTest\bin\x64\Debug\VideoOS.EventServer.GisMap.UnitTest.dll" adapterTypeName="executor://mstestadapter/v2" className="VideoOS.EventServer.GisMap.UnitTest.BusinessObjects.Layers.CADLayerTest" name="TestConstructor_ParsingWcfObjectWithoutExtent_Success" />
    </UnitTest>
    <UnitTest name="IsOnStumpLevel_Silent_WhenBuildingUnknown" storage="d:\actions-runner\_work\xpco\xpco\eventserver\server\components\central\gismap.unittest\bin\x64\debug\videoos.eventserver.gismap.unittest.dll" id="d5120fcc-cbac-a310-957a-6519ed43b078">
      <TestCategory>
        <TestCategoryItem TestCategory="BusinessObjects" />
      </TestCategory>
      <Execution id="f3e4d546-aed0-48d3-8550-c44f94ed6c59" />
      <TestMethod codeBase="D:\actions-runner\_work\XPCO\XPCO\EventServer\Server\Components\Central\GisMap.UnitTest\bin\x64\Debug\VideoOS.EventServer.GisMap.UnitTest.dll" adapterTypeName="executor://mstestadapter/v2" className="VideoOS.EventServer.GisMap.UnitTest.BusinessObjects.Indexer.Buildings.BuildingItemsIndexerTest" name="IsOnStumpLevel_Silent_WhenBuildingUnknown" />
    </UnitTest>
    <UnitTest name="TestConstructor_ParsingWcfObjectWithNull_Success" storage="d:\actions-runner\_work\xpco\xpco\eventserver\server\components\central\gismap.unittest\bin\x64\debug\videoos.eventserver.gismap.unittest.dll" id="070017ab-b10d-4a6b-6803-f0763996f7d1">
      <TestCategory>
        <TestCategoryItem TestCategory="BusinessObjects" />
      </TestCategory>
      <Execution id="77474b4e-8dc6-4eff-80ea-0c19e3eb8f5b" />
      <TestMethod codeBase="D:\actions-runner\_work\XPCO\XPCO\EventServer\Server\Components\Central\GisMap.UnitTest\bin\x64\Debug\VideoOS.EventServer.GisMap.UnitTest.dll" adapterTypeName="executor://mstestadapter/v2" className="VideoOS.EventServer.GisMap.UnitTest.BusinessObjects.TransformInfoTest" name="TestConstructor_ParsingWcfObjectWithNull_Success" />
    </UnitTest>
    <UnitTest name="TestProperties_GetPropertiesFromWcfObject_Success" storage="d:\actions-runner\_work\xpco\xpco\eventserver\server\components\central\gismap.unittest\bin\x64\debug\videoos.eventserver.gismap.unittest.dll" id="a4899625-05e4-8e51-0df7-376834f8676c">
      <TestCategory>
        <TestCategoryItem TestCategory="BusinessObjects" />
      </TestCategory>
      <Execution id="90bf67b0-79a9-424b-ba6a-a5be43f9c204" />
      <TestMethod codeBase="D:\actions-runner\_work\XPCO\XPCO\EventServer\Server\Components\Central\GisMap.UnitTest\bin\x64\Debug\VideoOS.EventServer.GisMap.UnitTest.dll" adapterTypeName="executor://mstestadapter/v2" className="VideoOS.EventServer.GisMap.UnitTest.BusinessObjects.Maps.MapTest" name="TestProperties_GetPropertiesFromWcfObject_Success" />
    </UnitTest>
    <UnitTest name="TestConstructor_ParsingWcfObjectWithNullUpperLeftUpperRightLowerLeftLowerRight_Success" storage="d:\actions-runner\_work\xpco\xpco\eventserver\server\components\central\gismap.unittest\bin\x64\debug\videoos.eventserver.gismap.unittest.dll" id="a3247744-89f4-35dc-16c0-150d01903f01">
      <TestCategory>
        <TestCategoryItem TestCategory="BusinessObjects" />
      </TestCategory>
      <Execution id="fbf77c5c-fc02-471d-bae5-abae4caebd3f" />
      <TestMethod codeBase="D:\actions-runner\_work\XPCO\XPCO\EventServer\Server\Components\Central\GisMap.UnitTest\bin\x64\Debug\VideoOS.EventServer.GisMap.UnitTest.dll" adapterTypeName="executor://mstestadapter/v2" className="VideoOS.EventServer.GisMap.UnitTest.BusinessObjects.TransformInfoTest" name="TestConstructor_ParsingWcfObjectWithNullUpperLeftUpperRightLowerLeftLowerRight_Success" />
    </UnitTest>
    <UnitTest name="TestDeleteBuilding_DatabaseException_Failure" storage="d:\actions-runner\_work\xpco\xpco\eventserver\server\components\central\gismap.unittest\bin\x64\debug\videoos.eventserver.gismap.unittest.dll" id="ddac6368-76dc-846a-51e1-c9e3b8e386f6">
      <TestCategory>
        <TestCategoryItem TestCategory="DataComponent" />
      </TestCategory>
      <Execution id="53f96f05-f3d4-4191-93dc-0507602289d8" />
      <TestMethod codeBase="D:\actions-runner\_work\XPCO\XPCO\EventServer\Server\Components\Central\GisMap.UnitTest\bin\x64\Debug\VideoOS.EventServer.GisMap.UnitTest.dll" adapterTypeName="executor://mstestadapter/v2" className="VideoOS.EventServer.GisMap.UnitTest.DB.DataComponent.BuildingComponentTest" name="TestDeleteBuilding_DatabaseException_Failure" />
    </UnitTest>
    <UnitTest name="TestAuditLog_AuditLogItemChanged_WithoutChangingAnyLocations_Success" storage="d:\actions-runner\_work\xpco\xpco\eventserver\server\components\central\gismap.unittest\bin\x64\debug\videoos.eventserver.gismap.unittest.dll" id="27ff166e-b5e3-5e12-5f72-cdf5284654c4">
      <TestCategory>
        <TestCategoryItem TestCategory="BusinessObjects" />
      </TestCategory>
      <Execution id="700fd9a7-725f-4abe-aef8-a4524a5345ae" />
      <TestMethod codeBase="D:\actions-runner\_work\XPCO\XPCO\EventServer\Server\Components\Central\GisMap.UnitTest\bin\x64\Debug\VideoOS.EventServer.GisMap.UnitTest.dll" adapterTypeName="executor://mstestadapter/v2" className="VideoOS.EventServer.GisMap.UnitTest.BusinessObjects.Items.LinkItemTest" name="TestAuditLog_AuditLogItemChanged_WithoutChangingAnyLocations_Success" />
    </UnitTest>
    <UnitTest name="TestUpdateProperties_UpdateAllProperties_Success" storage="d:\actions-runner\_work\xpco\xpco\eventserver\server\components\central\gismap.unittest\bin\x64\debug\videoos.eventserver.gismap.unittest.dll" id="fb12a45f-e00b-ba7f-6773-a1c047514c81">
      <TestCategory>
        <TestCategoryItem TestCategory="BusinessObjects" />
      </TestCategory>
      <Execution id="dcddbf14-0afa-4acd-bb80-adad5ed1e16a" />
      <TestMethod codeBase="D:\actions-runner\_work\XPCO\XPCO\EventServer\Server\Components\Central\GisMap.UnitTest\bin\x64\Debug\VideoOS.EventServer.GisMap.UnitTest.dll" adapterTypeName="executor://mstestadapter/v2" className="VideoOS.EventServer.GisMap.UnitTest.BusinessObjects.MapSettingsTest" name="TestUpdateProperties_UpdateAllProperties_Success" />
    </UnitTest>
    <UnitTest name="GetClusters_ArgumentException_WhenTooBigArea" storage="d:\actions-runner\_work\xpco\xpco\eventserver\server\components\central\gismap.unittest\bin\x64\debug\videoos.eventserver.gismap.unittest.dll" id="199b66d3-ae3f-aade-849f-dd6e71b6b64c">
      <TestCategory>
        <TestCategoryItem TestCategory="BusinessObjects" />
      </TestCategory>
      <Execution id="8c59c46e-44bb-4540-820d-5c14c35c48bb" />
      <TestMethod codeBase="D:\actions-runner\_work\XPCO\XPCO\EventServer\Server\Components\Central\GisMap.UnitTest\bin\x64\Debug\VideoOS.EventServer.GisMap.UnitTest.dll" adapterTypeName="executor://mstestadapter/v2" className="VideoOS.EventServer.GisMap.UnitTest.BusinessObjects.Indexer.MapItemIndexerTest" name="GetClusters_ArgumentException_WhenTooBigArea" />
    </UnitTest>
    <UnitTest name="TestUpdateProperties_UpdateAllProperties_Success" storage="d:\actions-runner\_work\xpco\xpco\eventserver\server\components\central\gismap.unittest\bin\x64\debug\videoos.eventserver.gismap.unittest.dll" id="c9dae091-cbd1-5009-1467-3b9be0c62c7d">
      <TestCategory>
        <TestCategoryItem TestCategory="BusinessObjects" />
      </TestCategory>
      <Execution id="f035fab3-26a9-4e5c-8967-6aaffed502f1" />
      <TestMethod codeBase="D:\actions-runner\_work\XPCO\XPCO\EventServer\Server\Components\Central\GisMap.UnitTest\bin\x64\Debug\VideoOS.EventServer.GisMap.UnitTest.dll" adapterTypeName="executor://mstestadapter/v2" className="VideoOS.EventServer.GisMap.UnitTest.BusinessObjects.Layers.OpenStreetMapLayerTest" name="TestUpdateProperties_UpdateAllProperties_Success" />
    </UnitTest>
    <UnitTest name="TestUpdateBuilding_NullDefaultLevel_Success" storage="d:\actions-runner\_work\xpco\xpco\eventserver\server\components\central\gismap.unittest\bin\x64\debug\videoos.eventserver.gismap.unittest.dll" id="f64710c5-45e7-9c6b-9dc4-9553befe996c">
      <TestCategory>
        <TestCategoryItem TestCategory="DataComponent" />
      </TestCategory>
      <Execution id="37129190-16ff-4c4e-bdfb-a4f7baa8b573" />
      <TestMethod codeBase="D:\actions-runner\_work\XPCO\XPCO\EventServer\Server\Components\Central\GisMap.UnitTest\bin\x64\Debug\VideoOS.EventServer.GisMap.UnitTest.dll" adapterTypeName="executor://mstestadapter/v2" className="VideoOS.EventServer.GisMap.UnitTest.DB.DataComponent.BuildingComponentTest" name="TestUpdateBuilding_NullDefaultLevel_Success" />
    </UnitTest>
    <UnitTest name="BuildClusters_NoBuildings_ReturnsCellItems" storage="d:\actions-runner\_work\xpco\xpco\eventserver\server\components\central\gismap.unittest\bin\x64\debug\videoos.eventserver.gismap.unittest.dll" id="ae7e4216-6c43-151b-b40f-2949a789d7a6">
      <TestCategory>
        <TestCategoryItem TestCategory="BusinessObjects" />
      </TestCategory>
      <Execution id="c4bbf370-479a-4eec-9f65-58ff41d8660b" />
      <TestMethod codeBase="D:\actions-runner\_work\XPCO\XPCO\EventServer\Server\Components\Central\GisMap.UnitTest\bin\x64\Debug\VideoOS.EventServer.GisMap.UnitTest.dll" adapterTypeName="executor://mstestadapter/v2" className="VideoOS.EventServer.GisMap.UnitTest.BusinessObjects.Indexer.Clustering.BuildingsAwareClusterStrategyTest" name="BuildClusters_NoBuildings_ReturnsCellItems" />
    </UnitTest>
    <UnitTest name="TestFactory_NewBrowseMap_WithParameters_Success" storage="d:\actions-runner\_work\xpco\xpco\eventserver\server\components\central\gismap.unittest\bin\x64\debug\videoos.eventserver.gismap.unittest.dll" id="33412608-e208-2cc9-991c-3029e8717790">
      <Execution id="dae7cbfa-f181-46af-bc79-5356c9071220" />
      <TestMethod codeBase="D:\actions-runner\_work\XPCO\XPCO\EventServer\Server\Components\Central\GisMap.UnitTest\bin\x64\Debug\VideoOS.EventServer.GisMap.UnitTest.dll" adapterTypeName="executor://mstestadapter/v2" className="VideoOS.EventServer.GisMap.UnitTest.BusinessObjects.Maps.MapFactoryTest" name="TestFactory_NewBrowseMap_WithParameters_Success" />
    </UnitTest>
    <UnitTest name="TestWcfObject_ConvertToWcfObject_NullMapItems_Success" storage="d:\actions-runner\_work\xpco\xpco\eventserver\server\components\central\gismap.unittest\bin\x64\debug\videoos.eventserver.gismap.unittest.dll" id="e305d0ec-3740-626b-6cd2-4ec9b6f5d763">
      <TestCategory>
        <TestCategoryItem TestCategory="BusinessObjects" />
      </TestCategory>
      <Execution id="d6c67e27-0c10-45bf-957e-bd6997f56535" />
      <TestMethod codeBase="D:\actions-runner\_work\XPCO\XPCO\EventServer\Server\Components\Central\GisMap.UnitTest\bin\x64\Debug\VideoOS.EventServer.GisMap.UnitTest.dll" adapterTypeName="executor://mstestadapter/v2" className="VideoOS.EventServer.GisMap.UnitTest.BusinessObjects.Buildings.LevelTest" name="TestWcfObject_ConvertToWcfObject_NullMapItems_Success" />
    </UnitTest>
    <UnitTest name="TestWcfObject_GetWcfObject_Success" storage="d:\actions-runner\_work\xpco\xpco\eventserver\server\components\central\gismap.unittest\bin\x64\debug\videoos.eventserver.gismap.unittest.dll" id="f434da66-320a-7547-60e6-80235a87abc4">
      <TestCategory>
        <TestCategoryItem TestCategory="BusinessObjects" />
      </TestCategory>
      <Execution id="32d5f62a-465d-4c43-baac-0a1a6f292c09" />
      <TestMethod codeBase="D:\actions-runner\_work\XPCO\XPCO\EventServer\Server\Components\Central\GisMap.UnitTest\bin\x64\Debug\VideoOS.EventServer.GisMap.UnitTest.dll" adapterTypeName="executor://mstestadapter/v2" className="VideoOS.EventServer.GisMap.UnitTest.BusinessObjects.Layers.LocationLayerTest" name="TestWcfObject_GetWcfObject_Success" />
    </UnitTest>
    <UnitTest name="TestAuditLog_AuditLogWithNullAuditLogger_Failure" storage="d:\actions-runner\_work\xpco\xpco\eventserver\server\components\central\gismap.unittest\bin\x64\debug\videoos.eventserver.gismap.unittest.dll" id="7b87f874-d919-2ac5-02d2-23671531fba1">
      <TestCategory>
        <TestCategoryItem TestCategory="BusinessObjects" />
      </TestCategory>
      <Execution id="0aa6c091-9da0-4410-9435-55debd2c94de" />
      <TestMethod codeBase="D:\actions-runner\_work\XPCO\XPCO\EventServer\Server\Components\Central\GisMap.UnitTest\bin\x64\Debug\VideoOS.EventServer.GisMap.UnitTest.dll" adapterTypeName="executor://mstestadapter/v2" className="VideoOS.EventServer.GisMap.UnitTest.BusinessObjects.Layers.ShapeFileLayerTest" name="TestAuditLog_AuditLogWithNullAuditLogger_Failure" />
    </UnitTest>
    <UnitTest name="TestConstructor_ParsingWcfObjectWithNull_Success" storage="d:\actions-runner\_work\xpco\xpco\eventserver\server\components\central\gismap.unittest\bin\x64\debug\videoos.eventserver.gismap.unittest.dll" id="e4f648f2-0672-2b28-d6c9-33370a86b335">
      <TestCategory>
        <TestCategoryItem TestCategory="BusinessObjects" />
      </TestCategory>
      <Execution id="285eecf8-116e-4050-9b03-192c2591b24a" />
      <TestMethod codeBase="D:\actions-runner\_work\XPCO\XPCO\EventServer\Server\Components\Central\GisMap.UnitTest\bin\x64\Debug\VideoOS.EventServer.GisMap.UnitTest.dll" adapterTypeName="executor://mstestadapter/v2" className="VideoOS.EventServer.GisMap.UnitTest.BusinessObjects.Layers.CADLayerTest" name="TestConstructor_ParsingWcfObjectWithNull_Success" />
    </UnitTest>
    <UnitTest name="AddItem" storage="d:\actions-runner\_work\xpco\xpco\eventserver\server\components\central\gismap.unittest\bin\x64\debug\videoos.eventserver.gismap.unittest.dll" id="20658f53-7fff-0724-5d84-93afea1c1f49">
      <TestCategory>
        <TestCategoryItem TestCategory="BusinessObjects" />
      </TestCategory>
      <Execution id="726c91e6-2bf2-4d39-8847-4ae1bccf3f18" />
      <TestMethod codeBase="D:\actions-runner\_work\XPCO\XPCO\EventServer\Server\Components\Central\GisMap.UnitTest\bin\x64\Debug\VideoOS.EventServer.GisMap.UnitTest.dll" adapterTypeName="executor://mstestadapter/v2" className="VideoOS.EventServer.GisMap.UnitTest.BusinessObjects.Indexer.Buildings.BuildingIndexTest" name="AddItem" />
    </UnitTest>
    <UnitTest name="RemoveBuilding" storage="d:\actions-runner\_work\xpco\xpco\eventserver\server\components\central\gismap.unittest\bin\x64\debug\videoos.eventserver.gismap.unittest.dll" id="37e0a575-b1f4-8a64-66cd-841cc5096015">
      <TestCategory>
        <TestCategoryItem TestCategory="BusinessObjects" />
      </TestCategory>
      <Execution id="e6c86115-3eca-4f51-9768-2f9c0393ceb8" />
      <TestMethod codeBase="D:\actions-runner\_work\XPCO\XPCO\EventServer\Server\Components\Central\GisMap.UnitTest\bin\x64\Debug\VideoOS.EventServer.GisMap.UnitTest.dll" adapterTypeName="executor://mstestadapter/v2" className="VideoOS.EventServer.GisMap.UnitTest.BusinessObjects.Indexer.Buildings.BuildingItemsIndexerTest" name="RemoveBuilding" />
    </UnitTest>
    <UnitTest name="TestAuditLog_AuditLogLevelAdded_Success" storage="d:\actions-runner\_work\xpco\xpco\eventserver\server\components\central\gismap.unittest\bin\x64\debug\videoos.eventserver.gismap.unittest.dll" id="c5e39ed0-0eee-e6dd-3322-30cdbf3be970">
      <TestCategory>
        <TestCategoryItem TestCategory="BusinessObjects" />
      </TestCategory>
      <Execution id="c29bffbb-3ed5-4f8d-a31d-1a6bfed6d22d" />
      <TestMethod codeBase="D:\actions-runner\_work\XPCO\XPCO\EventServer\Server\Components\Central\GisMap.UnitTest\bin\x64\Debug\VideoOS.EventServer.GisMap.UnitTest.dll" adapterTypeName="executor://mstestadapter/v2" className="VideoOS.EventServer.GisMap.UnitTest.BusinessObjects.Buildings.LevelTest" name="TestAuditLog_AuditLogLevelAdded_Success" />
    </UnitTest>
    <UnitTest name="TestProperties_GetProperties_Success" storage="d:\actions-runner\_work\xpco\xpco\eventserver\server\components\central\gismap.unittest\bin\x64\debug\videoos.eventserver.gismap.unittest.dll" id="7f45314b-74ac-fe0a-6d3f-b3488a713648">
      <TestCategory>
        <TestCategoryItem TestCategory="BusinessObjects" />
      </TestCategory>
      <Execution id="d7516066-18dc-4d06-b447-294925fa0417" />
      <TestMethod codeBase="D:\actions-runner\_work\XPCO\XPCO\EventServer\Server\Components\Central\GisMap.UnitTest\bin\x64\Debug\VideoOS.EventServer.GisMap.UnitTest.dll" adapterTypeName="executor://mstestadapter/v2" className="VideoOS.EventServer.GisMap.UnitTest.BusinessObjects.Layers.ShapeFileLayerTest" name="TestProperties_GetProperties_Success" />
    </UnitTest>
    <UnitTest name="TestPropertyNames_GettingPropertyNames_Success" storage="d:\actions-runner\_work\xpco\xpco\eventserver\server\components\central\gismap.unittest\bin\x64\debug\videoos.eventserver.gismap.unittest.dll" id="5a3cdcb1-8347-3e18-8365-a6038c2e7047">
      <TestCategory>
        <TestCategoryItem TestCategory="BusinessObjects" />
      </TestCategory>
      <Execution id="49be860c-11f5-4148-842e-4450681d994d" />
      <TestMethod codeBase="D:\actions-runner\_work\XPCO\XPCO\EventServer\Server\Components\Central\GisMap.UnitTest\bin\x64\Debug\VideoOS.EventServer.GisMap.UnitTest.dll" adapterTypeName="executor://mstestadapter/v2" className="VideoOS.EventServer.GisMap.UnitTest.BusinessObjects.Layers.MicrophoneLayerTest" name="TestPropertyNames_GettingPropertyNames_Success" />
    </UnitTest>
    <UnitTest name="TestWcfObject_GetWcfObjectWithoutExtent_Success" storage="d:\actions-runner\_work\xpco\xpco\eventserver\server\components\central\gismap.unittest\bin\x64\debug\videoos.eventserver.gismap.unittest.dll" id="04850947-4df2-d516-cf72-ba8e231127f1">
      <TestCategory>
        <TestCategoryItem TestCategory="BusinessObjects" />
      </TestCategory>
      <Execution id="477422d2-5ca6-4a23-87a3-5f6c56984343" />
      <TestMethod codeBase="D:\actions-runner\_work\XPCO\XPCO\EventServer\Server\Components\Central\GisMap.UnitTest\bin\x64\Debug\VideoOS.EventServer.GisMap.UnitTest.dll" adapterTypeName="executor://mstestadapter/v2" className="VideoOS.EventServer.GisMap.UnitTest.BusinessObjects.Layers.LocationLayerTest" name="TestWcfObject_GetWcfObjectWithoutExtent_Success" />
    </UnitTest>
    <UnitTest name="TestUpdateBuildingOutline_Success" storage="d:\actions-runner\_work\xpco\xpco\eventserver\server\components\central\gismap.unittest\bin\x64\debug\videoos.eventserver.gismap.unittest.dll" id="cf98c7bf-0c18-8bef-f9b4-06b50799a21c">
      <TestCategory>
        <TestCategoryItem TestCategory="DataComponent" />
      </TestCategory>
      <Execution id="65e501c4-75a5-4bfb-bc4f-d25c9bbb1168" />
      <TestMethod codeBase="D:\actions-runner\_work\XPCO\XPCO\EventServer\Server\Components\Central\GisMap.UnitTest\bin\x64\Debug\VideoOS.EventServer.GisMap.UnitTest.dll" adapterTypeName="executor://mstestadapter/v2" className="VideoOS.EventServer.GisMap.UnitTest.DB.DataComponent.BuildingComponentTest" name="TestUpdateBuildingOutline_Success" />
    </UnitTest>
    <UnitTest name="ActivatePluginAction_Success" storage="d:\actions-runner\_work\xpco\xpco\eventserver\server\components\central\gismap.unittest\bin\x64\debug\videoos.eventserver.gismap.unittest.dll" id="e42eb884-a502-43a5-d5eb-c36e2990c151">
      <TestCategory>
        <TestCategoryItem TestCategory="GisMapMipItems" />
      </TestCategory>
      <Execution id="3a7bf00a-f5c9-416d-91fe-5ee2d39f390d" />
      <TestMethod codeBase="D:\actions-runner\_work\XPCO\XPCO\EventServer\Server\Components\Central\GisMap.UnitTest\bin\x64\Debug\VideoOS.EventServer.GisMap.UnitTest.dll" adapterTypeName="executor://mstestadapter/v2" className="VideoOS.EventServer.GisMap.UnitTest.WebService.GisMipItemCommandTest" name="ActivatePluginAction_Success" />
    </UnitTest>
    <UnitTest name="TestConstructor_ParsingWcfObjectWithoutExtent_Success" storage="d:\actions-runner\_work\xpco\xpco\eventserver\server\components\central\gismap.unittest\bin\x64\debug\videoos.eventserver.gismap.unittest.dll" id="fa6de487-a47b-e1b2-0660-76fc5d8d43a9">
      <TestCategory>
        <TestCategoryItem TestCategory="BusinessObjects" />
      </TestCategory>
      <Execution id="0edbf3a8-8471-4cf9-bd99-064a5615a780" />
      <TestMethod codeBase="D:\actions-runner\_work\XPCO\XPCO\EventServer\Server\Components\Central\GisMap.UnitTest\bin\x64\Debug\VideoOS.EventServer.GisMap.UnitTest.dll" adapterTypeName="executor://mstestadapter/v2" className="VideoOS.EventServer.GisMap.UnitTest.BusinessObjects.Layers.MipLayerTest" name="TestConstructor_ParsingWcfObjectWithoutExtent_Success" />
    </UnitTest>
    <UnitTest name="TestWcfObject_GetWcfObjectWithoutOriginalExtent_Success" storage="d:\actions-runner\_work\xpco\xpco\eventserver\server\components\central\gismap.unittest\bin\x64\debug\videoos.eventserver.gismap.unittest.dll" id="c2f6972a-54a9-8143-fe77-19a1d70be49e">
      <TestCategory>
        <TestCategoryItem TestCategory="BusinessObjects" />
      </TestCategory>
      <Execution id="a3908541-6d8d-43ab-98f1-c38d9e43918d" />
      <TestMethod codeBase="D:\actions-runner\_work\XPCO\XPCO\EventServer\Server\Components\Central\GisMap.UnitTest\bin\x64\Debug\VideoOS.EventServer.GisMap.UnitTest.dll" adapterTypeName="executor://mstestadapter/v2" className="VideoOS.EventServer.GisMap.UnitTest.BusinessObjects.Layers.CADLayerTest" name="TestWcfObject_GetWcfObjectWithoutOriginalExtent_Success" />
    </UnitTest>
    <UnitTest name="GetClusters_ReturnsCorrectClusteredItemsByType" storage="d:\actions-runner\_work\xpco\xpco\eventserver\server\components\central\gismap.unittest\bin\x64\debug\videoos.eventserver.gismap.unittest.dll" id="a0716c2f-3af0-a7aa-191d-2dd33bd2956b">
      <TestCategory>
        <TestCategoryItem TestCategory="GisMapServices" />
      </TestCategory>
      <Execution id="8b668454-35b7-47a1-b6f3-7c52410fd4ce" />
      <TestMethod codeBase="D:\actions-runner\_work\XPCO\XPCO\EventServer\Server\Components\Central\GisMap.UnitTest\bin\x64\Debug\VideoOS.EventServer.GisMap.UnitTest.dll" adapterTypeName="executor://mstestadapter/v2" className="VideoOS.EventServer.GisMap.UnitTest.Services.Clustering.ItemClusteringServiceTest" name="GetClusters_ReturnsCorrectClusteredItemsByType" />
    </UnitTest>
    <UnitTest name="TestUpdateBuilding_MultipleRows_Failure" storage="d:\actions-runner\_work\xpco\xpco\eventserver\server\components\central\gismap.unittest\bin\x64\debug\videoos.eventserver.gismap.unittest.dll" id="57413277-6e73-a6ec-8287-b7d3e305b5ba">
      <TestCategory>
        <TestCategoryItem TestCategory="DataComponent" />
      </TestCategory>
      <Execution id="4f8023a7-fb39-4170-b490-c45a048a2cc8" />
      <TestMethod codeBase="D:\actions-runner\_work\XPCO\XPCO\EventServer\Server\Components\Central\GisMap.UnitTest\bin\x64\Debug\VideoOS.EventServer.GisMap.UnitTest.dll" adapterTypeName="executor://mstestadapter/v2" className="VideoOS.EventServer.GisMap.UnitTest.DB.DataComponent.BuildingComponentTest" name="TestUpdateBuilding_MultipleRows_Failure" />
    </UnitTest>
    <UnitTest name="TestProperties_GetPropertiesFromWcfObject_Success" storage="d:\actions-runner\_work\xpco\xpco\eventserver\server\components\central\gismap.unittest\bin\x64\debug\videoos.eventserver.gismap.unittest.dll" id="861d2551-3797-dc3c-215c-ed23aee8dd5f">
      <TestCategory>
        <TestCategoryItem TestCategory="BusinessObjects" />
      </TestCategory>
      <Execution id="62fb825c-2c07-46aa-b8d0-5c4cf7d41c58" />
      <TestMethod codeBase="D:\actions-runner\_work\XPCO\XPCO\EventServer\Server\Components\Central\GisMap.UnitTest\bin\x64\Debug\VideoOS.EventServer.GisMap.UnitTest.dll" adapterTypeName="executor://mstestadapter/v2" className="VideoOS.EventServer.GisMap.UnitTest.BusinessObjects.PositionTest" name="TestProperties_GetPropertiesFromWcfObject_Success" />
    </UnitTest>
    <UnitTest name="TestDeleteBuilding_ZeroRows_Success" storage="d:\actions-runner\_work\xpco\xpco\eventserver\server\components\central\gismap.unittest\bin\x64\debug\videoos.eventserver.gismap.unittest.dll" id="e738bdf7-ba0e-92ad-cdc0-e47401330a0b">
      <TestCategory>
        <TestCategoryItem TestCategory="DataComponent" />
      </TestCategory>
      <Execution id="a6bda704-38be-4b5d-b057-ac7dbf6d2ff9" />
      <TestMethod codeBase="D:\actions-runner\_work\XPCO\XPCO\EventServer\Server\Components\Central\GisMap.UnitTest\bin\x64\Debug\VideoOS.EventServer.GisMap.UnitTest.dll" adapterTypeName="executor://mstestadapter/v2" className="VideoOS.EventServer.GisMap.UnitTest.DB.DataComponent.BuildingComponentTest" name="TestDeleteBuilding_ZeroRows_Success" />
    </UnitTest>
    <UnitTest name="TestAuditLog_AuditLogItemAdded_Success" storage="d:\actions-runner\_work\xpco\xpco\eventserver\server\components\central\gismap.unittest\bin\x64\debug\videoos.eventserver.gismap.unittest.dll" id="7c611c07-a440-4519-e7e8-8b4d3c72ab3f">
      <TestCategory>
        <TestCategoryItem TestCategory="BusinessObjects" />
      </TestCategory>
      <Execution id="a7a43121-0178-4353-bb3b-9f653ee964aa" />
      <TestMethod codeBase="D:\actions-runner\_work\XPCO\XPCO\EventServer\Server\Components\Central\GisMap.UnitTest\bin\x64\Debug\VideoOS.EventServer.GisMap.UnitTest.dll" adapterTypeName="executor://mstestadapter/v2" className="VideoOS.EventServer.GisMap.UnitTest.BusinessObjects.Items.LocationItemTest" name="TestAuditLog_AuditLogItemAdded_Success" />
    </UnitTest>
    <UnitTest name="TestUpdateBuilding_NullBuilding_Failure" storage="d:\actions-runner\_work\xpco\xpco\eventserver\server\components\central\gismap.unittest\bin\x64\debug\videoos.eventserver.gismap.unittest.dll" id="11404e7c-7edb-e531-9c6e-76c1e9d74073">
      <TestCategory>
        <TestCategoryItem TestCategory="DataComponent" />
      </TestCategory>
      <Execution id="f73f1137-efd7-411d-ba3d-bb326d1d81cd" />
      <TestMethod codeBase="D:\actions-runner\_work\XPCO\XPCO\EventServer\Server\Components\Central\GisMap.UnitTest\bin\x64\Debug\VideoOS.EventServer.GisMap.UnitTest.dll" adapterTypeName="executor://mstestadapter/v2" className="VideoOS.EventServer.GisMap.UnitTest.DB.DataComponent.BuildingComponentTest" name="TestUpdateBuilding_NullBuilding_Failure" />
    </UnitTest>
    <UnitTest name="TestConstructor_Success" storage="d:\actions-runner\_work\xpco\xpco\eventserver\server\components\central\gismap.unittest\bin\x64\debug\videoos.eventserver.gismap.unittest.dll" id="2988c6e9-72a8-0c7c-a354-29ca48799c77">
      <TestCategory>
        <TestCategoryItem TestCategory="BusinessObjects" />
      </TestCategory>
      <Execution id="a15cfc44-f4a6-4e67-917a-53fb669b4f01" />
      <TestMethod codeBase="D:\actions-runner\_work\XPCO\XPCO\EventServer\Server\Components\Central\GisMap.UnitTest\bin\x64\Debug\VideoOS.EventServer.GisMap.UnitTest.dll" adapterTypeName="executor://mstestadapter/v2" className="VideoOS.EventServer.GisMap.UnitTest.BusinessObjects.MapViewPointTest" name="TestConstructor_Success" />
    </UnitTest>
    <UnitTest name="TestConstructor_ParsingWcfObjectWithNullMapViewPoints_Success" storage="d:\actions-runner\_work\xpco\xpco\eventserver\server\components\central\gismap.unittest\bin\x64\debug\videoos.eventserver.gismap.unittest.dll" id="dca76539-28aa-3685-bd41-315f80308950">
      <TestCategory>
        <TestCategoryItem TestCategory="BusinessObjects" />
      </TestCategory>
      <Execution id="ced0bf32-eac5-4747-a3a3-b08dd72bf9ca" />
      <TestMethod codeBase="D:\actions-runner\_work\XPCO\XPCO\EventServer\Server\Components\Central\GisMap.UnitTest\bin\x64\Debug\VideoOS.EventServer.GisMap.UnitTest.dll" adapterTypeName="executor://mstestadapter/v2" className="VideoOS.EventServer.GisMap.UnitTest.BusinessObjects.Maps.MapTest" name="TestConstructor_ParsingWcfObjectWithNullMapViewPoints_Success" />
    </UnitTest>
    <UnitTest name="BuildClusters_NotActiveBuilding_ItemsFallToTheCellCluster" storage="d:\actions-runner\_work\xpco\xpco\eventserver\server\components\central\gismap.unittest\bin\x64\debug\videoos.eventserver.gismap.unittest.dll" id="a893537d-e6d4-68f8-c84b-dc52a5a7bdbd">
      <TestCategory>
        <TestCategoryItem TestCategory="BusinessObjects" />
      </TestCategory>
      <Execution id="230bba7a-afc2-4ef3-8416-16cffe1a1512" />
      <TestMethod codeBase="D:\actions-runner\_work\XPCO\XPCO\EventServer\Server\Components\Central\GisMap.UnitTest\bin\x64\Debug\VideoOS.EventServer.GisMap.UnitTest.dll" adapterTypeName="executor://mstestadapter/v2" className="VideoOS.EventServer.GisMap.UnitTest.BusinessObjects.Indexer.Clustering.BuildingsAwareClusterStrategyTest" name="BuildClusters_NotActiveBuilding_ItemsFallToTheCellCluster" />
    </UnitTest>
    <UnitTest name="BuildClusters_CheckBuildingClusterIds" storage="d:\actions-runner\_work\xpco\xpco\eventserver\server\components\central\gismap.unittest\bin\x64\debug\videoos.eventserver.gismap.unittest.dll" id="e41c5fa9-9a65-735d-15f8-59b35276c506">
      <TestCategory>
        <TestCategoryItem TestCategory="BusinessObjects" />
      </TestCategory>
      <Execution id="87ae18aa-7724-42d4-b633-3bc13269d4f5" />
      <TestMethod codeBase="D:\actions-runner\_work\XPCO\XPCO\EventServer\Server\Components\Central\GisMap.UnitTest\bin\x64\Debug\VideoOS.EventServer.GisMap.UnitTest.dll" adapterTypeName="executor://mstestadapter/v2" className="VideoOS.EventServer.GisMap.UnitTest.BusinessObjects.Indexer.Clustering.BuildingsAwareClusterStrategyTest" name="BuildClusters_CheckBuildingClusterIds" />
    </UnitTest>
    <UnitTest name="Send" storage="d:\actions-runner\_work\xpco\xpco\eventserver\server\components\central\gismap.unittest\bin\x64\debug\videoos.eventserver.gismap.unittest.dll" id="82d5db02-e94e-3b02-ad01-51ee97ec021c">
      <TestCategory>
        <TestCategoryItem TestCategory="GisMapServices" />
      </TestCategory>
      <Execution id="5de94be5-fe0e-4f28-9079-c583eb23bc92" />
      <TestMethod codeBase="D:\actions-runner\_work\XPCO\XPCO\EventServer\Server\Components\Central\GisMap.UnitTest\bin\x64\Debug\VideoOS.EventServer.GisMap.UnitTest.dll" adapterTypeName="executor://mstestadapter/v2" className="VideoOS.EventServer.GisMap.UnitTest.Services.Events.EventBusTest" name="Send" />
    </UnitTest>
    <UnitTest name="TestConstructor_ParsingWcfObjectWithNull_Success" storage="d:\actions-runner\_work\xpco\xpco\eventserver\server\components\central\gismap.unittest\bin\x64\debug\videoos.eventserver.gismap.unittest.dll" id="1109a24e-6a8a-6b7e-ba0b-d040bc00fa21">
      <TestCategory>
        <TestCategoryItem TestCategory="BusinessObjects" />
      </TestCategory>
      <Execution id="092343ad-57ac-47e9-ba4e-aa50ab64431d" />
      <TestMethod codeBase="D:\actions-runner\_work\XPCO\XPCO\EventServer\Server\Components\Central\GisMap.UnitTest\bin\x64\Debug\VideoOS.EventServer.GisMap.UnitTest.dll" adapterTypeName="executor://mstestadapter/v2" className="VideoOS.EventServer.GisMap.UnitTest.BusinessObjects.Layers.ImageLayerTest" name="TestConstructor_ParsingWcfObjectWithNull_Success" />
    </UnitTest>
    <UnitTest name="TestProperties_GetProperties_Success" storage="d:\actions-runner\_work\xpco\xpco\eventserver\server\components\central\gismap.unittest\bin\x64\debug\videoos.eventserver.gismap.unittest.dll" id="0d667e6c-d319-5f2a-2703-774599695c78">
      <TestCategory>
        <TestCategoryItem TestCategory="BusinessObjects" />
      </TestCategory>
      <Execution id="657d0406-8b36-4f5d-b7fe-fd49e44c28d0" />
      <TestMethod codeBase="D:\actions-runner\_work\XPCO\XPCO\EventServer\Server\Components\Central\GisMap.UnitTest\bin\x64\Debug\VideoOS.EventServer.GisMap.UnitTest.dll" adapterTypeName="executor://mstestadapter/v2" className="VideoOS.EventServer.GisMap.UnitTest.BusinessObjects.Layers.CADLayerTest" name="TestProperties_GetProperties_Success" />
    </UnitTest>
    <UnitTest name="TestAddLevel_SQLException_Failure" storage="d:\actions-runner\_work\xpco\xpco\eventserver\server\components\central\gismap.unittest\bin\x64\debug\videoos.eventserver.gismap.unittest.dll" id="ac3dfe4b-2b70-c976-7ea4-71f60efbb0e1">
      <TestCategory>
        <TestCategoryItem TestCategory="DataComponent" />
      </TestCategory>
      <Execution id="36366358-9560-4f80-b9b7-82c10831daea" />
      <TestMethod codeBase="D:\actions-runner\_work\XPCO\XPCO\EventServer\Server\Components\Central\GisMap.UnitTest\bin\x64\Debug\VideoOS.EventServer.GisMap.UnitTest.dll" adapterTypeName="executor://mstestadapter/v2" className="VideoOS.EventServer.GisMap.UnitTest.DB.DataComponent.BuildingComponent_LevelTest" name="TestAddLevel_SQLException_Failure" />
    </UnitTest>
    <UnitTest name="TestConstructor_ParsingWcfObjectWithNull_Success" storage="d:\actions-runner\_work\xpco\xpco\eventserver\server\components\central\gismap.unittest\bin\x64\debug\videoos.eventserver.gismap.unittest.dll" id="5247f914-d515-1ff4-acca-c3d5e02af252">
      <TestCategory>
        <TestCategoryItem TestCategory="BusinessObjects" />
      </TestCategory>
      <Execution id="7df9a595-c860-4f83-b67e-c88941a42ea5" />
      <TestMethod codeBase="D:\actions-runner\_work\XPCO\XPCO\EventServer\Server\Components\Central\GisMap.UnitTest\bin\x64\Debug\VideoOS.EventServer.GisMap.UnitTest.dll" adapterTypeName="executor://mstestadapter/v2" className="VideoOS.EventServer.GisMap.UnitTest.BusinessObjects.Layers.LegacyLinkLayerTest" name="TestConstructor_ParsingWcfObjectWithNull_Success" />
    </UnitTest>
    <UnitTest name="GetMipItemsByKindAndArea_WhenNoBuildings_WholeCellClusteringStrategy" storage="d:\actions-runner\_work\xpco\xpco\eventserver\server\components\central\gismap.unittest\bin\x64\debug\videoos.eventserver.gismap.unittest.dll" id="4e2eb5fa-c2ba-a2ca-9cc3-2b7a38a14ebf">
      <TestCategory>
        <TestCategoryItem TestCategory="GisMapMipItems" />
      </TestCategory>
      <Execution id="ad8ce9a0-8f4d-4bd0-adcd-1f833490eb92" />
      <TestMethod codeBase="D:\actions-runner\_work\XPCO\XPCO\EventServer\Server\Components\Central\GisMap.UnitTest\bin\x64\Debug\VideoOS.EventServer.GisMap.UnitTest.dll" adapterTypeName="executor://mstestadapter/v2" className="VideoOS.EventServer.GisMap.UnitTest.WebService.GisMipItemCommandTest" name="GetMipItemsByKindAndArea_WhenNoBuildings_WholeCellClusteringStrategy" />
    </UnitTest>
    <UnitTest name="TestConstructor_Success" storage="d:\actions-runner\_work\xpco\xpco\eventserver\server\components\central\gismap.unittest\bin\x64\debug\videoos.eventserver.gismap.unittest.dll" id="d1c3c18f-4297-c4a6-f06b-9b0ca293dec5">
      <TestCategory>
        <TestCategoryItem TestCategory="BusinessObjects" />
      </TestCategory>
      <Execution id="7198c591-aa98-4cf2-a76f-9bfcfb6ad63b" />
      <TestMethod codeBase="D:\actions-runner\_work\XPCO\XPCO\EventServer\Server\Components\Central\GisMap.UnitTest\bin\x64\Debug\VideoOS.EventServer.GisMap.UnitTest.dll" adapterTypeName="executor://mstestadapter/v2" className="VideoOS.EventServer.GisMap.UnitTest.BusinessObjects.MapSettingsTest" name="TestConstructor_Success" />
    </UnitTest>
    <UnitTest name="TestConstructor_ParsingWcfObjectWithNull_Success" storage="d:\actions-runner\_work\xpco\xpco\eventserver\server\components\central\gismap.unittest\bin\x64\debug\videoos.eventserver.gismap.unittest.dll" id="c75aec8a-633a-6e53-7147-bd05d2a42767">
      <TestCategory>
        <TestCategoryItem TestCategory="BusinessObjects" />
      </TestCategory>
      <Execution id="db8088d2-f5cc-4565-8017-1c34a3a87a06" />
      <TestMethod codeBase="D:\actions-runner\_work\XPCO\XPCO\EventServer\Server\Components\Central\GisMap.UnitTest\bin\x64\Debug\VideoOS.EventServer.GisMap.UnitTest.dll" adapterTypeName="executor://mstestadapter/v2" className="VideoOS.EventServer.GisMap.UnitTest.BusinessObjects.Layers.BingMapLayerTest" name="TestConstructor_ParsingWcfObjectWithNull_Success" />
    </UnitTest>
    <UnitTest name="TestAuditLog_AuditLogLevelRemoved_Success" storage="d:\actions-runner\_work\xpco\xpco\eventserver\server\components\central\gismap.unittest\bin\x64\debug\videoos.eventserver.gismap.unittest.dll" id="cb02662b-9837-a44f-4572-7ad943af279f">
      <TestCategory>
        <TestCategoryItem TestCategory="BusinessObjects" />
      </TestCategory>
      <Execution id="9b797e20-c3f4-48e3-9b5f-e8eed6e05660" />
      <TestMethod codeBase="D:\actions-runner\_work\XPCO\XPCO\EventServer\Server\Components\Central\GisMap.UnitTest\bin\x64\Debug\VideoOS.EventServer.GisMap.UnitTest.dll" adapterTypeName="executor://mstestadapter/v2" className="VideoOS.EventServer.GisMap.UnitTest.BusinessObjects.Buildings.LevelTest" name="TestAuditLog_AuditLogLevelRemoved_Success" />
    </UnitTest>
    <UnitTest name="DeleteItem_NonExistant_Ignores" storage="d:\actions-runner\_work\xpco\xpco\eventserver\server\components\central\gismap.unittest\bin\x64\debug\videoos.eventserver.gismap.unittest.dll" id="2c92206f-910a-b4af-c919-e3a119b0a747">
      <TestCategory>
        <TestCategoryItem TestCategory="GisMapServices" />
      </TestCategory>
      <Execution id="e37e8bd6-9614-46b1-96ac-8a5869aebe22" />
      <TestMethod codeBase="D:\actions-runner\_work\XPCO\XPCO\EventServer\Server\Components\Central\GisMap.UnitTest\bin\x64\Debug\VideoOS.EventServer.GisMap.UnitTest.dll" adapterTypeName="executor://mstestadapter/v2" className="VideoOS.EventServer.GisMap.UnitTest.Services.Clustering.MapDataUpdaterTest" name="DeleteItem_NonExistant_Ignores" />
    </UnitTest>
    <UnitTest name="TestConstructor_Success" storage="d:\actions-runner\_work\xpco\xpco\eventserver\server\components\central\gismap.unittest\bin\x64\debug\videoos.eventserver.gismap.unittest.dll" id="8bf51081-fafc-8979-8161-7893d9418115">
      <TestCategory>
        <TestCategoryItem TestCategory="BusinessObjects" />
      </TestCategory>
      <Execution id="32e43820-fa73-4a10-92a8-1c3591cb061a" />
      <TestMethod codeBase="D:\actions-runner\_work\XPCO\XPCO\EventServer\Server\Components\Central\GisMap.UnitTest\bin\x64\Debug\VideoOS.EventServer.GisMap.UnitTest.dll" adapterTypeName="executor://mstestadapter/v2" className="VideoOS.EventServer.GisMap.UnitTest.BusinessObjects.Buildings.BuildingMapItemTest" name="TestConstructor_Success" />
    </UnitTest>
    <UnitTest name="TestConstructor_CreateService_Success" storage="d:\actions-runner\_work\xpco\xpco\eventserver\server\components\central\gismap.unittest\bin\x64\debug\videoos.eventserver.gismap.unittest.dll" id="fe730865-2892-db3d-7097-9bb89a0f72c6">
      <TestCategory>
        <TestCategoryItem TestCategory="GisMap" />
      </TestCategory>
      <Execution id="e2fe3030-88cf-4767-acc5-4c2b2eefb372" />
      <TestMethod codeBase="D:\actions-runner\_work\XPCO\XPCO\EventServer\Server\Components\Central\GisMap.UnitTest\bin\x64\Debug\VideoOS.EventServer.GisMap.UnitTest.dll" adapterTypeName="executor://mstestadapter/v2" className="VideoOS.EventServer.GisMap.UnitTest.WebService.GisRepositoryCommandTest" name="TestConstructor_CreateService_Success" />
    </UnitTest>
    <UnitTest name="TestAuditLog_AuditLogItemAddedWithUnknownLocation_Success" storage="d:\actions-runner\_work\xpco\xpco\eventserver\server\components\central\gismap.unittest\bin\x64\debug\videoos.eventserver.gismap.unittest.dll" id="ac3a7322-cc2f-ea3b-97f9-3379a3199eb7">
      <TestCategory>
        <TestCategoryItem TestCategory="BusinessObjects" />
      </TestCategory>
      <Execution id="b989f91d-0f7d-4cba-ab26-d9450864cfa1" />
      <TestMethod codeBase="D:\actions-runner\_work\XPCO\XPCO\EventServer\Server\Components\Central\GisMap.UnitTest\bin\x64\Debug\VideoOS.EventServer.GisMap.UnitTest.dll" adapterTypeName="executor://mstestadapter/v2" className="VideoOS.EventServer.GisMap.UnitTest.BusinessObjects.Items.LinkItemTest" name="TestAuditLog_AuditLogItemAddedWithUnknownLocation_Success" />
    </UnitTest>
    <UnitTest name="TestConstructor_CreateService_Success" storage="d:\actions-runner\_work\xpco\xpco\eventserver\server\components\central\gismap.unittest\bin\x64\debug\videoos.eventserver.gismap.unittest.dll" id="e44b226a-a744-9d8e-171f-87098ada8608">
      <TestCategory>
        <TestCategoryItem TestCategory="GisMap" />
      </TestCategory>
      <Execution id="6ba0a5b3-e82e-4e5f-b5f2-d3f0275dcfa7" />
      <TestMethod codeBase="D:\actions-runner\_work\XPCO\XPCO\EventServer\Server\Components\Central\GisMap.UnitTest\bin\x64\Debug\VideoOS.EventServer.GisMap.UnitTest.dll" adapterTypeName="executor://mstestadapter/v2" className="VideoOS.EventServer.GisMap.UnitTest.WebService.GisMapCommandTest" name="TestConstructor_CreateService_Success" />
    </UnitTest>
    <UnitTest name="RemoveItem" storage="d:\actions-runner\_work\xpco\xpco\eventserver\server\components\central\gismap.unittest\bin\x64\debug\videoos.eventserver.gismap.unittest.dll" id="a2064a79-24aa-c417-4d4b-8e3f5ae86d9c">
      <TestCategory>
        <TestCategoryItem TestCategory="BusinessObjects" />
      </TestCategory>
      <Execution id="4a4a4eeb-998f-4644-a9b8-24e7389d9e18" />
      <TestMethod codeBase="D:\actions-runner\_work\XPCO\XPCO\EventServer\Server\Components\Central\GisMap.UnitTest\bin\x64\Debug\VideoOS.EventServer.GisMap.UnitTest.dll" adapterTypeName="executor://mstestadapter/v2" className="VideoOS.EventServer.GisMap.UnitTest.BusinessObjects.Indexer.Buildings.BuildingIndexTest" name="RemoveItem" />
    </UnitTest>
    <UnitTest name="TestUpdateProperties_UpdateAllProperties_Success" storage="d:\actions-runner\_work\xpco\xpco\eventserver\server\components\central\gismap.unittest\bin\x64\debug\videoos.eventserver.gismap.unittest.dll" id="030414c7-bb4d-d636-f810-945d8c6a1e71">
      <TestCategory>
        <TestCategoryItem TestCategory="BusinessObjects" />
      </TestCategory>
      <Execution id="3cadfc85-851e-427d-9b49-3807c0f4cd8c" />
      <TestMethod codeBase="D:\actions-runner\_work\XPCO\XPCO\EventServer\Server\Components\Central\GisMap.UnitTest\bin\x64\Debug\VideoOS.EventServer.GisMap.UnitTest.dll" adapterTypeName="executor://mstestadapter/v2" className="VideoOS.EventServer.GisMap.UnitTest.BusinessObjects.Repositories.ImageRepositoryTest" name="TestUpdateProperties_UpdateAllProperties_Success" />
    </UnitTest>
    <UnitTest name="OnBuildingsDeleted" storage="d:\actions-runner\_work\xpco\xpco\eventserver\server\components\central\gismap.unittest\bin\x64\debug\videoos.eventserver.gismap.unittest.dll" id="b9bd6d8c-3df7-0bc0-636a-207c0f6f708c">
      <TestCategory>
        <TestCategoryItem TestCategory="GisMapServices" />
      </TestCategory>
      <Execution id="1f8c2057-f964-479d-8065-e66022701ec9" />
      <TestMethod codeBase="D:\actions-runner\_work\XPCO\XPCO\EventServer\Server\Components\Central\GisMap.UnitTest\bin\x64\Debug\VideoOS.EventServer.GisMap.UnitTest.dll" adapterTypeName="executor://mstestadapter/v2" className="VideoOS.EventServer.GisMap.UnitTest.Services.Events.EventBusTest" name="OnBuildingsDeleted" />
    </UnitTest>
    <UnitTest name="TestReorderLevels_NoUpdates_Success" storage="d:\actions-runner\_work\xpco\xpco\eventserver\server\components\central\gismap.unittest\bin\x64\debug\videoos.eventserver.gismap.unittest.dll" id="8079de8f-f0df-6ac6-461b-ddb887859bfe">
      <TestCategory>
        <TestCategoryItem TestCategory="DataComponent" />
      </TestCategory>
      <Execution id="3cd636c8-6c7a-447d-9809-d88fc0247ecd" />
      <TestMethod codeBase="D:\actions-runner\_work\XPCO\XPCO\EventServer\Server\Components\Central\GisMap.UnitTest\bin\x64\Debug\VideoOS.EventServer.GisMap.UnitTest.dll" adapterTypeName="executor://mstestadapter/v2" className="VideoOS.EventServer.GisMap.UnitTest.DB.DataComponent.BuildingComponent_LevelTest" name="TestReorderLevels_NoUpdates_Success" />
    </UnitTest>
    <UnitTest name="InsertExcludedItems_Rises_OnItemsInserted" storage="d:\actions-runner\_work\xpco\xpco\eventserver\server\components\central\gismap.unittest\bin\x64\debug\videoos.eventserver.gismap.unittest.dll" id="20cf9a06-255a-d92d-afcd-8dfc739bd6b9">
      <TestCategory>
        <TestCategoryItem TestCategory="BusinessObjects" />
      </TestCategory>
      <Execution id="2aeb41fa-f12d-4348-bb3a-2a89b3e3a47e" />
      <TestMethod codeBase="D:\actions-runner\_work\XPCO\XPCO\EventServer\Server\Components\Central\GisMap.UnitTest\bin\x64\Debug\VideoOS.EventServer.GisMap.UnitTest.dll" adapterTypeName="executor://mstestadapter/v2" className="VideoOS.EventServer.GisMap.UnitTest.BusinessObjects.Indexer.MapItemIndexerTest" name="InsertExcludedItems_Rises_OnItemsInserted" />
    </UnitTest>
    <UnitTest name="TestWcfObject_GetWcfObjectWithNullUpperLeftAndNullLowerRight_Success" storage="d:\actions-runner\_work\xpco\xpco\eventserver\server\components\central\gismap.unittest\bin\x64\debug\videoos.eventserver.gismap.unittest.dll" id="71fc6305-6d45-312e-3256-a6c3d4d7310c">
      <TestCategory>
        <TestCategoryItem TestCategory="BusinessObjects" />
      </TestCategory>
      <Execution id="d33b9f84-0077-44ea-afbf-bafc75ff0b02" />
      <TestMethod codeBase="D:\actions-runner\_work\XPCO\XPCO\EventServer\Server\Components\Central\GisMap.UnitTest\bin\x64\Debug\VideoOS.EventServer.GisMap.UnitTest.dll" adapterTypeName="executor://mstestadapter/v2" className="VideoOS.EventServer.GisMap.UnitTest.BusinessObjects.RectangleTest" name="TestWcfObject_GetWcfObjectWithNullUpperLeftAndNullLowerRight_Success" />
    </UnitTest>
    <UnitTest name="TestAuditLog_AuditLogMapChanged_Success" storage="d:\actions-runner\_work\xpco\xpco\eventserver\server\components\central\gismap.unittest\bin\x64\debug\videoos.eventserver.gismap.unittest.dll" id="a1b6542a-b65b-8d00-567a-da1f4995f2ec">
      <TestCategory>
        <TestCategoryItem TestCategory="BusinessObjects" />
      </TestCategory>
      <Execution id="a0a13114-2132-4ce4-b7e7-c2e4f236bb9d" />
      <TestMethod codeBase="D:\actions-runner\_work\XPCO\XPCO\EventServer\Server\Components\Central\GisMap.UnitTest\bin\x64\Debug\VideoOS.EventServer.GisMap.UnitTest.dll" adapterTypeName="executor://mstestadapter/v2" className="VideoOS.EventServer.GisMap.UnitTest.BusinessObjects.Maps.BrowseMapTest" name="TestAuditLog_AuditLogMapChanged_Success" />
    </UnitTest>
    <UnitTest name="TestPropertyNames_GettingPropertyNames_Success" storage="d:\actions-runner\_work\xpco\xpco\eventserver\server\components\central\gismap.unittest\bin\x64\debug\videoos.eventserver.gismap.unittest.dll" id="eecb6157-cc70-87ec-5910-c7f31d468748">
      <TestCategory>
        <TestCategoryItem TestCategory="BusinessObjects" />
      </TestCategory>
      <Execution id="ab9bfd56-6440-4d4f-a0f3-e32c16998e1d" />
      <TestMethod codeBase="D:\actions-runner\_work\XPCO\XPCO\EventServer\Server\Components\Central\GisMap.UnitTest\bin\x64\Debug\VideoOS.EventServer.GisMap.UnitTest.dll" adapterTypeName="executor://mstestadapter/v2" className="VideoOS.EventServer.GisMap.UnitTest.BusinessObjects.Layers.OpenStreetMapLayerTest" name="TestPropertyNames_GettingPropertyNames_Success" />
    </UnitTest>
    <UnitTest name="TestWcfObject_ConvertToWcfObjectSelfCrossingLines_Success" storage="d:\actions-runner\_work\xpco\xpco\eventserver\server\components\central\gismap.unittest\bin\x64\debug\videoos.eventserver.gismap.unittest.dll" id="ac65f872-586a-672d-5e21-8e896a1efa14">
      <TestCategory>
        <TestCategoryItem TestCategory="BusinessObjects" />
      </TestCategory>
      <Execution id="d7f2b8ea-7f85-47bd-a973-320a678dbdf2" />
      <TestMethod codeBase="D:\actions-runner\_work\XPCO\XPCO\EventServer\Server\Components\Central\GisMap.UnitTest\bin\x64\Debug\VideoOS.EventServer.GisMap.UnitTest.dll" adapterTypeName="executor://mstestadapter/v2" className="VideoOS.EventServer.GisMap.UnitTest.BusinessObjects.Buildings.BuildingTest" name="TestWcfObject_ConvertToWcfObjectSelfCrossingLines_Success" />
    </UnitTest>
    <UnitTest name="TestAuditLog_AuditLogLayerAdded_Success" storage="d:\actions-runner\_work\xpco\xpco\eventserver\server\components\central\gismap.unittest\bin\x64\debug\videoos.eventserver.gismap.unittest.dll" id="15c8ff39-d173-a012-a398-b8dcf40711af">
      <TestCategory>
        <TestCategoryItem TestCategory="BusinessObjects" />
      </TestCategory>
      <Execution id="c20d810f-b3ad-4bbb-9a21-0bdd8cf844d2" />
      <TestMethod codeBase="D:\actions-runner\_work\XPCO\XPCO\EventServer\Server\Components\Central\GisMap.UnitTest\bin\x64\Debug\VideoOS.EventServer.GisMap.UnitTest.dll" adapterTypeName="executor://mstestadapter/v2" className="VideoOS.EventServer.GisMap.UnitTest.BusinessObjects.Layers.ImageLayerTest" name="TestAuditLog_AuditLogLayerAdded_Success" />
    </UnitTest>
    <UnitTest name="GetClusters_CheckClusterIdPersistentInSameIndexer" storage="d:\actions-runner\_work\xpco\xpco\eventserver\server\components\central\gismap.unittest\bin\x64\debug\videoos.eventserver.gismap.unittest.dll" id="b22fc2ff-d2e9-6229-af68-1fa8a128f0b2">
      <TestCategory>
        <TestCategoryItem TestCategory="BusinessObjects" />
      </TestCategory>
      <Execution id="df7b4295-3c7a-4ad5-b7b6-bffa17d942fa" />
      <TestMethod codeBase="D:\actions-runner\_work\XPCO\XPCO\EventServer\Server\Components\Central\GisMap.UnitTest\bin\x64\Debug\VideoOS.EventServer.GisMap.UnitTest.dll" adapterTypeName="executor://mstestadapter/v2" className="VideoOS.EventServer.GisMap.UnitTest.BusinessObjects.Indexer.MapItemIndexerTest" name="GetClusters_CheckClusterIdPersistentInSameIndexer" />
    </UnitTest>
    <UnitTest name="TestAuditLog_NullBuildingAuditParameters_Failure" storage="d:\actions-runner\_work\xpco\xpco\eventserver\server\components\central\gismap.unittest\bin\x64\debug\videoos.eventserver.gismap.unittest.dll" id="50e0d0eb-7245-8173-ffb3-7f134f8650a4">
      <TestCategory>
        <TestCategoryItem TestCategory="BusinessObjects" />
      </TestCategory>
      <Execution id="50e3b5eb-4d9f-45d3-b09d-0d2cd5232852" />
      <TestMethod codeBase="D:\actions-runner\_work\XPCO\XPCO\EventServer\Server\Components\Central\GisMap.UnitTest\bin\x64\Debug\VideoOS.EventServer.GisMap.UnitTest.dll" adapterTypeName="executor://mstestadapter/v2" className="VideoOS.EventServer.GisMap.UnitTest.BusinessObjects.Buildings.BuildingTest" name="TestAuditLog_NullBuildingAuditParameters_Failure" />
    </UnitTest>
    <UnitTest name="Init_PopulatesMainIndexer" storage="d:\actions-runner\_work\xpco\xpco\eventserver\server\components\central\gismap.unittest\bin\x64\debug\videoos.eventserver.gismap.unittest.dll" id="831a4700-4280-3ccd-21d8-f5f604ea12d2">
      <TestCategory>
        <TestCategoryItem TestCategory="GisMapServices" />
      </TestCategory>
      <Execution id="aef2779c-ac06-4e94-97dd-e5d3206161d1" />
      <TestMethod codeBase="D:\actions-runner\_work\XPCO\XPCO\EventServer\Server\Components\Central\GisMap.UnitTest\bin\x64\Debug\VideoOS.EventServer.GisMap.UnitTest.dll" adapterTypeName="executor://mstestadapter/v2" className="VideoOS.EventServer.GisMap.UnitTest.Services.Clustering.ItemClusteringServiceTest" name="Init_PopulatesMainIndexer" />
    </UnitTest>
    <UnitTest name="TestConstructor_Success" storage="d:\actions-runner\_work\xpco\xpco\eventserver\server\components\central\gismap.unittest\bin\x64\debug\videoos.eventserver.gismap.unittest.dll" id="6fb66f34-924f-519a-0dc3-4b14db8627a0">
      <TestCategory>
        <TestCategoryItem TestCategory="BusinessObjects" />
      </TestCategory>
      <Execution id="d449ad57-a741-4b60-9f74-661073a8472f" />
      <TestMethod codeBase="D:\actions-runner\_work\XPCO\XPCO\EventServer\Server\Components\Central\GisMap.UnitTest\bin\x64\Debug\VideoOS.EventServer.GisMap.UnitTest.dll" adapterTypeName="executor://mstestadapter/v2" className="VideoOS.EventServer.GisMap.UnitTest.BusinessObjects.TransformInfoTest" name="TestConstructor_Success" />
    </UnitTest>
    <UnitTest name="Send_Null_NotSent" storage="d:\actions-runner\_work\xpco\xpco\eventserver\server\components\central\gismap.unittest\bin\x64\debug\videoos.eventserver.gismap.unittest.dll" id="a1439d3c-8d7e-02e3-f982-9cee2961859c">
      <TestCategory>
        <TestCategoryItem TestCategory="GisMapServices" />
      </TestCategory>
      <Execution id="3426c0c1-28a1-4c9c-88cb-6b8bdee52174" />
      <TestMethod codeBase="D:\actions-runner\_work\XPCO\XPCO\EventServer\Server\Components\Central\GisMap.UnitTest\bin\x64\Debug\VideoOS.EventServer.GisMap.UnitTest.dll" adapterTypeName="executor://mstestadapter/v2" className="VideoOS.EventServer.GisMap.UnitTest.Services.Events.EventBusTest" name="Send_Null_NotSent" />
    </UnitTest>
    <UnitTest name="TestWcfObject_GetWcfObject_Success" storage="d:\actions-runner\_work\xpco\xpco\eventserver\server\components\central\gismap.unittest\bin\x64\debug\videoos.eventserver.gismap.unittest.dll" id="4ad3d293-a459-4607-b5a6-c41dabb71206">
      <TestCategory>
        <TestCategoryItem TestCategory="BusinessObjects" />
      </TestCategory>
      <Execution id="9db12dab-a99e-472b-a307-141c72d3f4b8" />
      <TestMethod codeBase="D:\actions-runner\_work\XPCO\XPCO\EventServer\Server\Components\Central\GisMap.UnitTest\bin\x64\Debug\VideoOS.EventServer.GisMap.UnitTest.dll" adapterTypeName="executor://mstestadapter/v2" className="VideoOS.EventServer.GisMap.UnitTest.BusinessObjects.Items.LinkItemTest" name="TestWcfObject_GetWcfObject_Success" />
    </UnitTest>
    <UnitTest name="TestConstructor_ParsingWcfObjectWithNull_Success" storage="d:\actions-runner\_work\xpco\xpco\eventserver\server\components\central\gismap.unittest\bin\x64\debug\videoos.eventserver.gismap.unittest.dll" id="8c344fd2-ca4e-27dc-cb75-8ed7a4e958eb">
      <TestCategory>
        <TestCategoryItem TestCategory="BusinessObjects" />
      </TestCategory>
      <Execution id="206bd419-9a21-4fcf-a7fb-db43d284a1be" />
      <TestMethod codeBase="D:\actions-runner\_work\XPCO\XPCO\EventServer\Server\Components\Central\GisMap.UnitTest\bin\x64\Debug\VideoOS.EventServer.GisMap.UnitTest.dll" adapterTypeName="executor://mstestadapter/v2" className="VideoOS.EventServer.GisMap.UnitTest.BusinessObjects.Layers.BuildingLayerTest" name="TestConstructor_ParsingWcfObjectWithNull_Success" />
    </UnitTest>
    <UnitTest name="TestAuditLog_AuditLogItemRemoved_Success" storage="d:\actions-runner\_work\xpco\xpco\eventserver\server\components\central\gismap.unittest\bin\x64\debug\videoos.eventserver.gismap.unittest.dll" id="72caf7c5-5a44-3398-6059-60ed1b0451dd">
      <TestCategory>
        <TestCategoryItem TestCategory="BusinessObjects" />
      </TestCategory>
      <Execution id="e4aae65a-478e-4b52-a458-1778b696450e" />
      <TestMethod codeBase="D:\actions-runner\_work\XPCO\XPCO\EventServer\Server\Components\Central\GisMap.UnitTest\bin\x64\Debug\VideoOS.EventServer.GisMap.UnitTest.dll" adapterTypeName="executor://mstestadapter/v2" className="VideoOS.EventServer.GisMap.UnitTest.BusinessObjects.Items.LocationItemTest" name="TestAuditLog_AuditLogItemRemoved_Success" />
    </UnitTest>
    <UnitTest name="HasItem_True" storage="d:\actions-runner\_work\xpco\xpco\eventserver\server\components\central\gismap.unittest\bin\x64\debug\videoos.eventserver.gismap.unittest.dll" id="94421dcd-1197-85ae-01f5-f60d4f7fcf6c">
      <TestCategory>
        <TestCategoryItem TestCategory="GisMapServices" />
      </TestCategory>
      <Execution id="8ab0ad9a-1c29-4494-99f6-763416922440" />
      <TestMethod codeBase="D:\actions-runner\_work\XPCO\XPCO\EventServer\Server\Components\Central\GisMap.UnitTest\bin\x64\Debug\VideoOS.EventServer.GisMap.UnitTest.dll" adapterTypeName="executor://mstestadapter/v2" className="VideoOS.EventServer.GisMap.UnitTest.Services.Clustering.ItemClusteringServiceTest" name="HasItem_True" />
    </UnitTest>
    <UnitTest name="TestQueryKindsVisibility_OneKind_Success" storage="d:\actions-runner\_work\xpco\xpco\eventserver\server\components\central\gismap.unittest\bin\x64\debug\videoos.eventserver.gismap.unittest.dll" id="7cee938e-4726-ecfc-427c-4cc906afc6df">
      <TestCategory>
        <TestCategoryItem TestCategory="DataComponent" />
      </TestCategory>
      <Execution id="f0f3bd59-8af0-452f-bc6c-47104174464f" />
      <TestMethod codeBase="D:\actions-runner\_work\XPCO\XPCO\EventServer\Server\Components\Central\GisMap.UnitTest\bin\x64\Debug\VideoOS.EventServer.GisMap.UnitTest.dll" adapterTypeName="executor://mstestadapter/v2" className="VideoOS.EventServer.GisMap.UnitTest.DB.DataComponent.MipItemComponentTest" name="TestQueryKindsVisibility_OneKind_Success" />
    </UnitTest>
    <UnitTest name="BrowseLayer_Generic_CreateNew_Success" storage="d:\actions-runner\_work\xpco\xpco\eventserver\server\components\central\gismap.unittest\bin\x64\debug\videoos.eventserver.gismap.unittest.dll" id="650d24b9-a276-9623-9991-78f255056e80">
      <Execution id="58f22c66-6c83-4402-b380-798bc9643138" />
      <TestMethod codeBase="D:\actions-runner\_work\XPCO\XPCO\EventServer\Server\Components\Central\GisMap.UnitTest\bin\x64\Debug\VideoOS.EventServer.GisMap.UnitTest.dll" adapterTypeName="executor://mstestadapter/v2" className="VideoOS.EventServer.GisMap.UnitTest.BusinessObjects.Layers.BrowseLayerTest" name="BrowseLayer_Generic_CreateNew_Success" />
    </UnitTest>
    <UnitTest name="TestConstructor_Success" storage="d:\actions-runner\_work\xpco\xpco\eventserver\server\components\central\gismap.unittest\bin\x64\debug\videoos.eventserver.gismap.unittest.dll" id="4f79bc1b-c633-44ca-3515-6aafcfce4559">
      <TestCategory>
        <TestCategoryItem TestCategory="BusinessObjects" />
      </TestCategory>
      <Execution id="112dd4f5-9ff1-4b15-a44f-fcaf6051361e" />
      <TestMethod codeBase="D:\actions-runner\_work\XPCO\XPCO\EventServer\Server\Components\Central\GisMap.UnitTest\bin\x64\Debug\VideoOS.EventServer.GisMap.UnitTest.dll" adapterTypeName="executor://mstestadapter/v2" className="VideoOS.EventServer.GisMap.UnitTest.BusinessObjects.PositionTest" name="TestConstructor_Success" />
    </UnitTest>
    <UnitTest name="TestAuditLog_AuditLogLegacyLinkChangedWithWrongOldItem_Success" storage="d:\actions-runner\_work\xpco\xpco\eventserver\server\components\central\gismap.unittest\bin\x64\debug\videoos.eventserver.gismap.unittest.dll" id="9825cfbc-2da7-4392-c4fd-cb2df3e16b64">
      <TestCategory>
        <TestCategoryItem TestCategory="BusinessObjects" />
      </TestCategory>
      <Execution id="ecddf31b-ee98-454b-a865-507506032e7c" />
      <TestMethod codeBase="D:\actions-runner\_work\XPCO\XPCO\EventServer\Server\Components\Central\GisMap.UnitTest\bin\x64\Debug\VideoOS.EventServer.GisMap.UnitTest.dll" adapterTypeName="executor://mstestadapter/v2" className="VideoOS.EventServer.GisMap.UnitTest.BusinessObjects.Items.LegacyLinkItemTest" name="TestAuditLog_AuditLogLegacyLinkChangedWithWrongOldItem_Success" />
    </UnitTest>
    <UnitTest name="TestPropertyNames_GettingPropertyNames_Success" storage="d:\actions-runner\_work\xpco\xpco\eventserver\server\components\central\gismap.unittest\bin\x64\debug\videoos.eventserver.gismap.unittest.dll" id="b2931be2-9ec6-7ce5-6548-609b3ce1a9c8">
      <TestCategory>
        <TestCategoryItem TestCategory="BusinessObjects" />
      </TestCategory>
      <Execution id="4320b3c2-7c0e-4b4e-94f2-dd5488347d31" />
      <TestMethod codeBase="D:\actions-runner\_work\XPCO\XPCO\EventServer\Server\Components\Central\GisMap.UnitTest\bin\x64\Debug\VideoOS.EventServer.GisMap.UnitTest.dll" adapterTypeName="executor://mstestadapter/v2" className="VideoOS.EventServer.GisMap.UnitTest.BusinessObjects.Layers.OutputLayerTest" name="TestPropertyNames_GettingPropertyNames_Success" />
    </UnitTest>
    <UnitTest name="TestConstructor_ParsingWcfObjectWithNull_Success" storage="d:\actions-runner\_work\xpco\xpco\eventserver\server\components\central\gismap.unittest\bin\x64\debug\videoos.eventserver.gismap.unittest.dll" id="828ef787-afd5-c441-6789-6eda6598e6c8">
      <TestCategory>
        <TestCategoryItem TestCategory="BusinessObjects" />
      </TestCategory>
      <Execution id="5c32ce59-f5b9-4b2b-b97a-21b7754629d4" />
      <TestMethod codeBase="D:\actions-runner\_work\XPCO\XPCO\EventServer\Server\Components\Central\GisMap.UnitTest\bin\x64\Debug\VideoOS.EventServer.GisMap.UnitTest.dll" adapterTypeName="executor://mstestadapter/v2" className="VideoOS.EventServer.GisMap.UnitTest.BusinessObjects.Buildings.LevelTest" name="TestConstructor_ParsingWcfObjectWithNull_Success" />
    </UnitTest>
    <UnitTest name="GetClusters_StrategyCalledWithIndividualItemsOnlyTrue_WhenScaleIsLessThanMinimum" storage="d:\actions-runner\_work\xpco\xpco\eventserver\server\components\central\gismap.unittest\bin\x64\debug\videoos.eventserver.gismap.unittest.dll" id="2cfb7e90-0af1-6c66-4060-07f2a94c8dee">
      <TestCategory>
        <TestCategoryItem TestCategory="BusinessObjects" />
      </TestCategory>
      <Execution id="a04320c5-0464-48b6-8446-2d560c4b527f" />
      <TestMethod codeBase="D:\actions-runner\_work\XPCO\XPCO\EventServer\Server\Components\Central\GisMap.UnitTest\bin\x64\Debug\VideoOS.EventServer.GisMap.UnitTest.dll" adapterTypeName="executor://mstestadapter/v2" className="VideoOS.EventServer.GisMap.UnitTest.BusinessObjects.Indexer.MapItemIndexerTest" name="GetClusters_StrategyCalledWithIndividualItemsOnlyTrue_WhenScaleIsLessThanMinimum" />
    </UnitTest>
    <UnitTest name="TestAuditLog_AuditLogItemAddedWithLocation_Success" storage="d:\actions-runner\_work\xpco\xpco\eventserver\server\components\central\gismap.unittest\bin\x64\debug\videoos.eventserver.gismap.unittest.dll" id="0e0f15b4-3dc8-167d-b264-ab4e889633a6">
      <TestCategory>
        <TestCategoryItem TestCategory="BusinessObjects" />
      </TestCategory>
      <Execution id="39ea2f9d-6847-4be4-abcb-b36e9cec7dc4" />
      <TestMethod codeBase="D:\actions-runner\_work\XPCO\XPCO\EventServer\Server\Components\Central\GisMap.UnitTest\bin\x64\Debug\VideoOS.EventServer.GisMap.UnitTest.dll" adapterTypeName="executor://mstestadapter/v2" className="VideoOS.EventServer.GisMap.UnitTest.BusinessObjects.Items.LinkItemTest" name="TestAuditLog_AuditLogItemAddedWithLocation_Success" />
    </UnitTest>
    <UnitTest name="TestConstructor_ParsingWcfObjectWithNull_Success" storage="d:\actions-runner\_work\xpco\xpco\eventserver\server\components\central\gismap.unittest\bin\x64\debug\videoos.eventserver.gismap.unittest.dll" id="6513a362-7586-99fe-06c9-3880bce55ec5">
      <TestCategory>
        <TestCategoryItem TestCategory="BusinessObjects" />
      </TestCategory>
      <Execution id="a95c1cfd-b7ef-49be-8749-fb3086534535" />
      <TestMethod codeBase="D:\actions-runner\_work\XPCO\XPCO\EventServer\Server\Components\Central\GisMap.UnitTest\bin\x64\Debug\VideoOS.EventServer.GisMap.UnitTest.dll" adapterTypeName="executor://mstestadapter/v2" className="VideoOS.EventServer.GisMap.UnitTest.BusinessObjects.Items.LinkItemTest" name="TestConstructor_ParsingWcfObjectWithNull_Success" />
    </UnitTest>
    <UnitTest name="TestUpdateProperties_UpdateAllProperties_Success" storage="d:\actions-runner\_work\xpco\xpco\eventserver\server\components\central\gismap.unittest\bin\x64\debug\videoos.eventserver.gismap.unittest.dll" id="5f07c322-8294-68d5-231b-4a60daaa4c46">
      <TestCategory>
        <TestCategoryItem TestCategory="BusinessObjects" />
      </TestCategory>
      <Execution id="5c21d9ac-fa7e-4d54-8dbd-321ee74b0784" />
      <TestMethod codeBase="D:\actions-runner\_work\XPCO\XPCO\EventServer\Server\Components\Central\GisMap.UnitTest\bin\x64\Debug\VideoOS.EventServer.GisMap.UnitTest.dll" adapterTypeName="executor://mstestadapter/v2" className="VideoOS.EventServer.GisMap.UnitTest.BusinessObjects.Layers.ImageLayerTest" name="TestUpdateProperties_UpdateAllProperties_Success" />
    </UnitTest>
    <UnitTest name="TestConstructor_ParsingWcfObjectWithNull_Success" storage="d:\actions-runner\_work\xpco\xpco\eventserver\server\components\central\gismap.unittest\bin\x64\debug\videoos.eventserver.gismap.unittest.dll" id="1225bd79-d039-d362-fc23-701b362c77ef">
      <TestCategory>
        <TestCategoryItem TestCategory="BusinessObjects" />
      </TestCategory>
      <Execution id="49515345-fe60-4f22-bf22-a22cc5e18098" />
      <TestMethod codeBase="D:\actions-runner\_work\XPCO\XPCO\EventServer\Server\Components\Central\GisMap.UnitTest\bin\x64\Debug\VideoOS.EventServer.GisMap.UnitTest.dll" adapterTypeName="executor://mstestadapter/v2" className="VideoOS.EventServer.GisMap.UnitTest.BusinessObjects.Layers.LinkLayerTest" name="TestConstructor_ParsingWcfObjectWithNull_Success" />
    </UnitTest>
    <UnitTest name="Init_SubscribesToMessage" storage="d:\actions-runner\_work\xpco\xpco\eventserver\server\components\central\gismap.unittest\bin\x64\debug\videoos.eventserver.gismap.unittest.dll" id="4a13064a-2552-f664-e680-77edaca93e76">
      <TestCategory>
        <TestCategoryItem TestCategory="GisMapServices" />
      </TestCategory>
      <Execution id="199bfbcc-648c-407d-aecf-90912dd7a302" />
      <TestMethod codeBase="D:\actions-runner\_work\XPCO\XPCO\EventServer\Server\Components\Central\GisMap.UnitTest\bin\x64\Debug\VideoOS.EventServer.GisMap.UnitTest.dll" adapterTypeName="executor://mstestadapter/v2" className="VideoOS.EventServer.GisMap.UnitTest.Services.Clustering.MapDataUpdaterTest" name="Init_SubscribesToMessage" />
    </UnitTest>
    <UnitTest name="TestProperties_GetPropertiesFromWcfObjectWithNullMapSettings_Success" storage="d:\actions-runner\_work\xpco\xpco\eventserver\server\components\central\gismap.unittest\bin\x64\debug\videoos.eventserver.gismap.unittest.dll" id="bc98f6d6-7ca2-444f-bf52-b490e8756b7e">
      <TestCategory>
        <TestCategoryItem TestCategory="BusinessObjects" />
      </TestCategory>
      <Execution id="f0b545fd-fa53-4c7c-857a-9e87cd2fd1bd" />
      <TestMethod codeBase="D:\actions-runner\_work\XPCO\XPCO\EventServer\Server\Components\Central\GisMap.UnitTest\bin\x64\Debug\VideoOS.EventServer.GisMap.UnitTest.dll" adapterTypeName="executor://mstestadapter/v2" className="VideoOS.EventServer.GisMap.UnitTest.BusinessObjects.Maps.MapTest" name="TestProperties_GetPropertiesFromWcfObjectWithNullMapSettings_Success" />
    </UnitTest>
    <UnitTest name="BuildClusters_IndividualItemClusters_WhenIndividualItemsOnlyTrue" storage="d:\actions-runner\_work\xpco\xpco\eventserver\server\components\central\gismap.unittest\bin\x64\debug\videoos.eventserver.gismap.unittest.dll" id="f5cee685-06e6-5e74-b3df-2251547fd175">
      <TestCategory>
        <TestCategoryItem TestCategory="BusinessObjects" />
      </TestCategory>
      <Execution id="d9eaf253-4079-46f9-8f00-5a2731e4f79b" />
      <TestMethod codeBase="D:\actions-runner\_work\XPCO\XPCO\EventServer\Server\Components\Central\GisMap.UnitTest\bin\x64\Debug\VideoOS.EventServer.GisMap.UnitTest.dll" adapterTypeName="executor://mstestadapter/v2" className="VideoOS.EventServer.GisMap.UnitTest.BusinessObjects.Indexer.Clustering.WholeCellClusterStrategyTest" name="BuildClusters_IndividualItemClusters_WhenIndividualItemsOnlyTrue" />
    </UnitTest>
    <UnitTest name="TestAddLevel_Exception_Failure" storage="d:\actions-runner\_work\xpco\xpco\eventserver\server\components\central\gismap.unittest\bin\x64\debug\videoos.eventserver.gismap.unittest.dll" id="57cafb90-8600-81f7-33df-07cc1aad79dc">
      <TestCategory>
        <TestCategoryItem TestCategory="DataComponent" />
      </TestCategory>
      <Execution id="2b0644e6-0356-402c-9b2c-5e52308854e6" />
      <TestMethod codeBase="D:\actions-runner\_work\XPCO\XPCO\EventServer\Server\Components\Central\GisMap.UnitTest\bin\x64\Debug\VideoOS.EventServer.GisMap.UnitTest.dll" adapterTypeName="executor://mstestadapter/v2" className="VideoOS.EventServer.GisMap.UnitTest.DB.DataComponent.BuildingComponent_LevelTest" name="TestAddLevel_Exception_Failure" />
    </UnitTest>
    <UnitTest name="GetClusters_ReturnsCorrectClusteredItemsByScale" storage="d:\actions-runner\_work\xpco\xpco\eventserver\server\components\central\gismap.unittest\bin\x64\debug\videoos.eventserver.gismap.unittest.dll" id="3b3c6885-ccd5-d3e5-6ba9-bee7593c46a6">
      <TestCategory>
        <TestCategoryItem TestCategory="GisMapServices" />
      </TestCategory>
      <Execution id="5fdb6e71-c5d5-4e78-bc90-18e6c586325f" />
      <TestMethod codeBase="D:\actions-runner\_work\XPCO\XPCO\EventServer\Server\Components\Central\GisMap.UnitTest\bin\x64\Debug\VideoOS.EventServer.GisMap.UnitTest.dll" adapterTypeName="executor://mstestadapter/v2" className="VideoOS.EventServer.GisMap.UnitTest.Services.Clustering.ItemClusteringServiceTest" name="GetClusters_ReturnsCorrectClusteredItemsByScale" />
    </UnitTest>
    <UnitTest name="TestUpdateProperties_UpdateAllProperties_Success" storage="d:\actions-runner\_work\xpco\xpco\eventserver\server\components\central\gismap.unittest\bin\x64\debug\videoos.eventserver.gismap.unittest.dll" id="2dcffbb8-8fa5-47a6-b32e-a51aa99ef28f">
      <TestCategory>
        <TestCategoryItem TestCategory="BusinessObjects" />
      </TestCategory>
      <Execution id="4f3390d0-f359-4c2a-8fda-8e22898aa6ef" />
      <TestMethod codeBase="D:\actions-runner\_work\XPCO\XPCO\EventServer\Server\Components\Central\GisMap.UnitTest\bin\x64\Debug\VideoOS.EventServer.GisMap.UnitTest.dll" adapterTypeName="executor://mstestadapter/v2" className="VideoOS.EventServer.GisMap.UnitTest.BusinessObjects.Layers.MicrophoneLayerTest" name="TestUpdateProperties_UpdateAllProperties_Success" />
    </UnitTest>
    <UnitTest name="GettMipItemsByKindAndArea_WhenFetchingNotFinished_EmptyList" storage="d:\actions-runner\_work\xpco\xpco\eventserver\server\components\central\gismap.unittest\bin\x64\debug\videoos.eventserver.gismap.unittest.dll" id="bfeca7aa-7f49-d61b-b07c-fa8ced01b767">
      <TestCategory>
        <TestCategoryItem TestCategory="GisMapMipItems" />
      </TestCategory>
      <Execution id="8cd758a7-21c8-461d-ac8d-ff32d14f41fb" />
      <TestMethod codeBase="D:\actions-runner\_work\XPCO\XPCO\EventServer\Server\Components\Central\GisMap.UnitTest\bin\x64\Debug\VideoOS.EventServer.GisMap.UnitTest.dll" adapterTypeName="executor://mstestadapter/v2" className="VideoOS.EventServer.GisMap.UnitTest.WebService.GisMipItemCommandTest" name="GettMipItemsByKindAndArea_WhenFetchingNotFinished_EmptyList" />
    </UnitTest>
    <UnitTest name="TestWcfObject_GetWcfObjectWithoutExtent_Success" storage="d:\actions-runner\_work\xpco\xpco\eventserver\server\components\central\gismap.unittest\bin\x64\debug\videoos.eventserver.gismap.unittest.dll" id="1f9e80a4-fbe0-8d4f-70fb-4fbd1e9ef2bf">
      <TestCategory>
        <TestCategoryItem TestCategory="BusinessObjects" />
      </TestCategory>
      <Execution id="0211215b-3be4-4c05-85e6-8eab86ff8cad" />
      <TestMethod codeBase="D:\actions-runner\_work\XPCO\XPCO\EventServer\Server\Components\Central\GisMap.UnitTest\bin\x64\Debug\VideoOS.EventServer.GisMap.UnitTest.dll" adapterTypeName="executor://mstestadapter/v2" className="VideoOS.EventServer.GisMap.UnitTest.BusinessObjects.Layers.CADLayerTest" name="TestWcfObject_GetWcfObjectWithoutExtent_Success" />
    </UnitTest>
    <UnitTest name="TestUpdateBuilding_Success" storage="d:\actions-runner\_work\xpco\xpco\eventserver\server\components\central\gismap.unittest\bin\x64\debug\videoos.eventserver.gismap.unittest.dll" id="96897db5-5055-bad1-acbd-4076d2446290">
      <TestCategory>
        <TestCategoryItem TestCategory="DataComponent" />
      </TestCategory>
      <Execution id="43e4a1c3-cecb-4df4-bf41-fc6867037a84" />
      <TestMethod codeBase="D:\actions-runner\_work\XPCO\XPCO\EventServer\Server\Components\Central\GisMap.UnitTest\bin\x64\Debug\VideoOS.EventServer.GisMap.UnitTest.dll" adapterTypeName="executor://mstestadapter/v2" className="VideoOS.EventServer.GisMap.UnitTest.DB.DataComponent.BuildingComponentTest" name="TestUpdateBuilding_Success" />
    </UnitTest>
    <UnitTest name="GetBuildingsAsync_Success" storage="d:\actions-runner\_work\xpco\xpco\eventserver\server\components\central\gismap.unittest\bin\x64\debug\videoos.eventserver.gismap.unittest.dll" id="44c89347-444a-61de-1e83-8685b95b1a46">
      <TestCategory>
        <TestCategoryItem TestCategory="GisMapServices" />
      </TestCategory>
      <Execution id="c15411e2-a819-4416-b9ea-29e6622bc0eb" />
      <TestMethod codeBase="D:\actions-runner\_work\XPCO\XPCO\EventServer\Server\Components\Central\GisMap.UnitTest\bin\x64\Debug\VideoOS.EventServer.GisMap.UnitTest.dll" adapterTypeName="executor://mstestadapter/v2" className="VideoOS.EventServer.GisMap.UnitTest.Services.Clustering.MapDataObtainerTest" name="GetBuildingsAsync_Success" />
    </UnitTest>
    <UnitTest name="TestWcfObject_ConvertToWcfObject_Success" storage="d:\actions-runner\_work\xpco\xpco\eventserver\server\components\central\gismap.unittest\bin\x64\debug\videoos.eventserver.gismap.unittest.dll" id="73c684e6-c886-4823-96f9-b9a8feb5cb2f">
      <TestCategory>
        <TestCategoryItem TestCategory="BusinessObjects" />
      </TestCategory>
      <Execution id="b912124c-9b3c-41da-8657-f7ebc7a50d91" />
      <TestMethod codeBase="D:\actions-runner\_work\XPCO\XPCO\EventServer\Server\Components\Central\GisMap.UnitTest\bin\x64\Debug\VideoOS.EventServer.GisMap.UnitTest.dll" adapterTypeName="executor://mstestadapter/v2" className="VideoOS.EventServer.GisMap.UnitTest.BusinessObjects.Repositories.CADRepositoryTest" name="TestWcfObject_ConvertToWcfObject_Success" />
    </UnitTest>
    <UnitTest name="TestDeleteBuildings_NullId_Failure" storage="d:\actions-runner\_work\xpco\xpco\eventserver\server\components\central\gismap.unittest\bin\x64\debug\videoos.eventserver.gismap.unittest.dll" id="2b0ddda1-fce4-b042-1aa2-8a51e8069254">
      <TestCategory>
        <TestCategoryItem TestCategory="DataComponent" />
      </TestCategory>
      <Execution id="a01dd4e3-41a9-4437-9d86-69862beae69c" />
      <TestMethod codeBase="D:\actions-runner\_work\XPCO\XPCO\EventServer\Server\Components\Central\GisMap.UnitTest\bin\x64\Debug\VideoOS.EventServer.GisMap.UnitTest.dll" adapterTypeName="executor://mstestadapter/v2" className="VideoOS.EventServer.GisMap.UnitTest.DB.DataComponent.BuildingComponentTest" name="TestDeleteBuildings_NullId_Failure" />
    </UnitTest>
    <UnitTest name="AddBuilding_Silent_WhenBuildingExists" storage="d:\actions-runner\_work\xpco\xpco\eventserver\server\components\central\gismap.unittest\bin\x64\debug\videoos.eventserver.gismap.unittest.dll" id="6fd438e4-dc9d-fb54-7c5c-386af97e259c">
      <TestCategory>
        <TestCategoryItem TestCategory="BusinessObjects" />
      </TestCategory>
      <Execution id="3d934235-6e6c-4431-bd88-5606940454be" />
      <TestMethod codeBase="D:\actions-runner\_work\XPCO\XPCO\EventServer\Server\Components\Central\GisMap.UnitTest\bin\x64\Debug\VideoOS.EventServer.GisMap.UnitTest.dll" adapterTypeName="executor://mstestadapter/v2" className="VideoOS.EventServer.GisMap.UnitTest.BusinessObjects.Indexer.Buildings.BuildingItemsIndexerTest" name="AddBuilding_Silent_WhenBuildingExists" />
    </UnitTest>
    <UnitTest name="TestConstructor_Success" storage="d:\actions-runner\_work\xpco\xpco\eventserver\server\components\central\gismap.unittest\bin\x64\debug\videoos.eventserver.gismap.unittest.dll" id="a87e64c5-985f-097d-7fbf-350e3851e0ae">
      <TestCategory>
        <TestCategoryItem TestCategory="BusinessObjects" />
      </TestCategory>
      <Execution id="9389a48d-ef3b-469c-8500-a99677147521" />
      <TestMethod codeBase="D:\actions-runner\_work\XPCO\XPCO\EventServer\Server\Components\Central\GisMap.UnitTest\bin\x64\Debug\VideoOS.EventServer.GisMap.UnitTest.dll" adapterTypeName="executor://mstestadapter/v2" className="VideoOS.EventServer.GisMap.UnitTest.BusinessObjects.Items.LegacyLinkItemTest" name="TestConstructor_Success" />
    </UnitTest>
    <UnitTest name="TestAuditLog_NullServiceContract_Failure" storage="d:\actions-runner\_work\xpco\xpco\eventserver\server\components\central\gismap.unittest\bin\x64\debug\videoos.eventserver.gismap.unittest.dll" id="5801ef8b-052a-68b8-ec21-3bcee9ec2291">
      <TestCategory>
        <TestCategoryItem TestCategory="BusinessObjects" />
      </TestCategory>
      <Execution id="317b0df9-f5a8-4763-af9c-ea4f20933574" />
      <TestMethod codeBase="D:\actions-runner\_work\XPCO\XPCO\EventServer\Server\Components\Central\GisMap.UnitTest\bin\x64\Debug\VideoOS.EventServer.GisMap.UnitTest.dll" adapterTypeName="executor://mstestadapter/v2" className="VideoOS.EventServer.GisMap.UnitTest.BusinessObjects.Buildings.BuildingTest" name="TestAuditLog_NullServiceContract_Failure" />
    </UnitTest>
    <UnitTest name="IsOnLevel_Silent_WhenBuildingUnknown" storage="d:\actions-runner\_work\xpco\xpco\eventserver\server\components\central\gismap.unittest\bin\x64\debug\videoos.eventserver.gismap.unittest.dll" id="1b4f6424-00d7-80fc-397d-ca110018694f">
      <TestCategory>
        <TestCategoryItem TestCategory="BusinessObjects" />
      </TestCategory>
      <Execution id="cd16f9f0-f2b5-4f0c-a30e-4d1d51c32508" />
      <TestMethod codeBase="D:\actions-runner\_work\XPCO\XPCO\EventServer\Server\Components\Central\GisMap.UnitTest\bin\x64\Debug\VideoOS.EventServer.GisMap.UnitTest.dll" adapterTypeName="executor://mstestadapter/v2" className="VideoOS.EventServer.GisMap.UnitTest.BusinessObjects.Indexer.Buildings.BuildingItemsIndexerTest" name="IsOnLevel_Silent_WhenBuildingUnknown" />
    </UnitTest>
    <UnitTest name="Close_UnsubscribesSerializationFaliure" storage="d:\actions-runner\_work\xpco\xpco\eventserver\server\components\central\gismap.unittest\bin\x64\debug\videoos.eventserver.gismap.unittest.dll" id="cd4672a1-22dc-345f-2c24-c937272932c6">
      <TestCategory>
        <TestCategoryItem TestCategory="GisMap" />
      </TestCategory>
      <Execution id="0ebf55cf-5ad5-47b3-93ad-81b57f377879" />
      <TestMethod codeBase="D:\actions-runner\_work\XPCO\XPCO\EventServer\Server\Components\Central\GisMap.UnitTest\bin\x64\Debug\VideoOS.EventServer.GisMap.UnitTest.dll" adapterTypeName="executor://mstestadapter/v2" className="VideoOS.EventServer.GisMap.UnitTest.WebService.GisMapWebServiceTest" name="Close_UnsubscribesSerializationFaliure" />
    </UnitTest>
    <UnitTest name="TestUpdateProperties_UpdateAllProperties_Success" storage="d:\actions-runner\_work\xpco\xpco\eventserver\server\components\central\gismap.unittest\bin\x64\debug\videoos.eventserver.gismap.unittest.dll" id="bc906a33-27f9-6951-f669-a9b3927c0fa3">
      <TestCategory>
        <TestCategoryItem TestCategory="BusinessObjects" />
      </TestCategory>
      <Execution id="af76b865-ab4c-4ef2-b4c3-284545ae9d37" />
      <TestMethod codeBase="D:\actions-runner\_work\XPCO\XPCO\EventServer\Server\Components\Central\GisMap.UnitTest\bin\x64\Debug\VideoOS.EventServer.GisMap.UnitTest.dll" adapterTypeName="executor://mstestadapter/v2" className="VideoOS.EventServer.GisMap.UnitTest.BusinessObjects.MapViewPointTest" name="TestUpdateProperties_UpdateAllProperties_Success" />
    </UnitTest>
    <UnitTest name="TestProperties_GetProperties_Success" storage="d:\actions-runner\_work\xpco\xpco\eventserver\server\components\central\gismap.unittest\bin\x64\debug\videoos.eventserver.gismap.unittest.dll" id="77e0e43e-a4af-d366-f787-2bdb74a60872">
      <TestCategory>
        <TestCategoryItem TestCategory="BusinessObjects" />
      </TestCategory>
      <Execution id="e5dde49b-3b4b-4b6e-80c5-388e08f208e6" />
      <TestMethod codeBase="D:\actions-runner\_work\XPCO\XPCO\EventServer\Server\Components\Central\GisMap.UnitTest\bin\x64\Debug\VideoOS.EventServer.GisMap.UnitTest.dll" adapterTypeName="executor://mstestadapter/v2" className="VideoOS.EventServer.GisMap.UnitTest.BusinessObjects.MapViewPointTest" name="TestProperties_GetProperties_Success" />
    </UnitTest>
    <UnitTest name="UpdateItem_UpdatesName" storage="d:\actions-runner\_work\xpco\xpco\eventserver\server\components\central\gismap.unittest\bin\x64\debug\videoos.eventserver.gismap.unittest.dll" id="b9bae4db-82da-0419-5a25-0bc7c49962ce">
      <TestCategory>
        <TestCategoryItem TestCategory="GisMapServices" />
      </TestCategory>
      <Execution id="2d41e901-a607-464b-bcdd-53979102a0ef" />
      <TestMethod codeBase="D:\actions-runner\_work\XPCO\XPCO\EventServer\Server\Components\Central\GisMap.UnitTest\bin\x64\Debug\VideoOS.EventServer.GisMap.UnitTest.dll" adapterTypeName="executor://mstestadapter/v2" className="VideoOS.EventServer.GisMap.UnitTest.Services.Clustering.MapDataUpdaterTest" name="UpdateItem_UpdatesName" />
    </UnitTest>
    <UnitTest name="TestAuditLog_AuditLogItemAddedWithNonLocationItemType_Success" storage="d:\actions-runner\_work\xpco\xpco\eventserver\server\components\central\gismap.unittest\bin\x64\debug\videoos.eventserver.gismap.unittest.dll" id="103411f4-685a-6ac1-1878-c1276766ef48">
      <TestCategory>
        <TestCategoryItem TestCategory="BusinessObjects" />
      </TestCategory>
      <Execution id="c8a226e4-3a74-4295-8350-c9f218206275" />
      <TestMethod codeBase="D:\actions-runner\_work\XPCO\XPCO\EventServer\Server\Components\Central\GisMap.UnitTest\bin\x64\Debug\VideoOS.EventServer.GisMap.UnitTest.dll" adapterTypeName="executor://mstestadapter/v2" className="VideoOS.EventServer.GisMap.UnitTest.BusinessObjects.Items.LinkItemTest" name="TestAuditLog_AuditLogItemAddedWithNonLocationItemType_Success" />
    </UnitTest>
    <UnitTest name="RemoveBuilding_Silent_WhenBuildingNotExists" storage="d:\actions-runner\_work\xpco\xpco\eventserver\server\components\central\gismap.unittest\bin\x64\debug\videoos.eventserver.gismap.unittest.dll" id="ba8f7378-090a-2641-181b-d47d856f1c40">
      <TestCategory>
        <TestCategoryItem TestCategory="BusinessObjects" />
      </TestCategory>
      <Execution id="e945a6ed-fa08-4c39-b8fc-dcd11dcf511c" />
      <TestMethod codeBase="D:\actions-runner\_work\XPCO\XPCO\EventServer\Server\Components\Central\GisMap.UnitTest\bin\x64\Debug\VideoOS.EventServer.GisMap.UnitTest.dll" adapterTypeName="executor://mstestadapter/v2" className="VideoOS.EventServer.GisMap.UnitTest.BusinessObjects.Indexer.Buildings.BuildingItemsIndexerTest" name="RemoveBuilding_Silent_WhenBuildingNotExists" />
    </UnitTest>
    <UnitTest name="TestDeleteBuildings_DatabaseException_Failure" storage="d:\actions-runner\_work\xpco\xpco\eventserver\server\components\central\gismap.unittest\bin\x64\debug\videoos.eventserver.gismap.unittest.dll" id="a37dfa91-edcb-1f50-e5b8-8ef48cf05477">
      <TestCategory>
        <TestCategoryItem TestCategory="DataComponent" />
      </TestCategory>
      <Execution id="61268178-f91e-41bc-bf59-2d3dc9726034" />
      <TestMethod codeBase="D:\actions-runner\_work\XPCO\XPCO\EventServer\Server\Components\Central\GisMap.UnitTest\bin\x64\Debug\VideoOS.EventServer.GisMap.UnitTest.dll" adapterTypeName="executor://mstestadapter/v2" className="VideoOS.EventServer.GisMap.UnitTest.DB.DataComponent.BuildingComponentTest" name="TestDeleteBuildings_DatabaseException_Failure" />
    </UnitTest>
    <UnitTest name="TestConstructor" storage="d:\actions-runner\_work\xpco\xpco\eventserver\server\components\central\gismap.unittest\bin\x64\debug\videoos.eventserver.gismap.unittest.dll" id="51ddb7b9-203d-bea5-aae2-647bb1045c8d">
      <TestCategory>
        <TestCategoryItem TestCategory="DataComponent" />
      </TestCategory>
      <Execution id="6f2725d7-d7f7-46f2-b91f-99b5921189c7" />
      <TestMethod codeBase="D:\actions-runner\_work\XPCO\XPCO\EventServer\Server\Components\Central\GisMap.UnitTest\bin\x64\Debug\VideoOS.EventServer.GisMap.UnitTest.dll" adapterTypeName="executor://mstestadapter/v2" className="VideoOS.EventServer.GisMap.UnitTest.DB.DataComponent.BuildingComponentTest" name="TestConstructor" />
    </UnitTest>
    <UnitTest name="TestAuditLog_AuditLogItemChanged_AddingRemovingLinkFromEmptyTargetServerId_Success" storage="d:\actions-runner\_work\xpco\xpco\eventserver\server\components\central\gismap.unittest\bin\x64\debug\videoos.eventserver.gismap.unittest.dll" id="587a0f19-ab82-2c4f-fcdb-f629754ca072">
      <TestCategory>
        <TestCategoryItem TestCategory="BusinessObjects" />
      </TestCategory>
      <Execution id="375cd0f3-e333-4597-b8c4-5403d1b50166" />
      <TestMethod codeBase="D:\actions-runner\_work\XPCO\XPCO\EventServer\Server\Components\Central\GisMap.UnitTest\bin\x64\Debug\VideoOS.EventServer.GisMap.UnitTest.dll" adapterTypeName="executor://mstestadapter/v2" className="VideoOS.EventServer.GisMap.UnitTest.BusinessObjects.Items.LinkItemTest" name="TestAuditLog_AuditLogItemChanged_AddingRemovingLinkFromEmptyTargetServerId_Success" />
    </UnitTest>
    <UnitTest name="SetMapItems_AssignsItems" storage="d:\actions-runner\_work\xpco\xpco\eventserver\server\components\central\gismap.unittest\bin\x64\debug\videoos.eventserver.gismap.unittest.dll" id="4842b873-c97f-c447-58e9-28fdcf7fe08e">
      <TestCategory>
        <TestCategoryItem TestCategory="BusinessObjects" />
      </TestCategory>
      <Execution id="aa523423-e7d7-4ada-9bbb-48ce96ae3f37" />
      <TestMethod codeBase="D:\actions-runner\_work\XPCO\XPCO\EventServer\Server\Components\Central\GisMap.UnitTest\bin\x64\Debug\VideoOS.EventServer.GisMap.UnitTest.dll" adapterTypeName="executor://mstestadapter/v2" className="VideoOS.EventServer.GisMap.UnitTest.BusinessObjects.Indexer.Clustering.MapItemClusterTest" name="SetMapItems_AssignsItems" />
    </UnitTest>
    <UnitTest name="Add_WhenExistingKind_NotInitializesIndex" storage="d:\actions-runner\_work\xpco\xpco\eventserver\server\components\central\gismap.unittest\bin\x64\debug\videoos.eventserver.gismap.unittest.dll" id="73d5f157-b67c-059a-2447-5c77364d7e8b">
      <TestCategory>
        <TestCategoryItem TestCategory="GisMapServices" />
      </TestCategory>
      <Execution id="cf3a5ca5-df01-43ab-a44f-2ab02e3a47dc" />
      <TestMethod codeBase="D:\actions-runner\_work\XPCO\XPCO\EventServer\Server\Components\Central\GisMap.UnitTest\bin\x64\Debug\VideoOS.EventServer.GisMap.UnitTest.dll" adapterTypeName="executor://mstestadapter/v2" className="VideoOS.EventServer.GisMap.UnitTest.Services.Clustering.ItemClusteringServiceTest" name="Add_WhenExistingKind_NotInitializesIndex" />
    </UnitTest>
    <UnitTest name="UpdateItem_PositionNotChanged_Ignores" storage="d:\actions-runner\_work\xpco\xpco\eventserver\server\components\central\gismap.unittest\bin\x64\debug\videoos.eventserver.gismap.unittest.dll" id="a25dbc1e-9062-0ee9-d717-a8c96e681368">
      <TestCategory>
        <TestCategoryItem TestCategory="GisMapServices" />
      </TestCategory>
      <Execution id="88da57ad-991f-4d19-a2e2-ed92d3b20e13" />
      <TestMethod codeBase="D:\actions-runner\_work\XPCO\XPCO\EventServer\Server\Components\Central\GisMap.UnitTest\bin\x64\Debug\VideoOS.EventServer.GisMap.UnitTest.dll" adapterTypeName="executor://mstestadapter/v2" className="VideoOS.EventServer.GisMap.UnitTest.Services.Clustering.MapDataUpdaterTest" name="UpdateItem_PositionNotChanged_Ignores" />
    </UnitTest>
    <UnitTest name="TestPropertyNames_GettingPropertyNames_Success" storage="d:\actions-runner\_work\xpco\xpco\eventserver\server\components\central\gismap.unittest\bin\x64\debug\videoos.eventserver.gismap.unittest.dll" id="e0a7365a-ad4d-0da4-c7ec-e8c8531859b3">
      <TestCategory>
        <TestCategoryItem TestCategory="BusinessObjects" />
      </TestCategory>
      <Execution id="7e4501d2-2b0b-4603-bda8-6e8ec61e4b5c" />
      <TestMethod codeBase="D:\actions-runner\_work\XPCO\XPCO\EventServer\Server\Components\Central\GisMap.UnitTest\bin\x64\Debug\VideoOS.EventServer.GisMap.UnitTest.dll" adapterTypeName="executor://mstestadapter/v2" className="VideoOS.EventServer.GisMap.UnitTest.BusinessObjects.PositionTest" name="TestPropertyNames_GettingPropertyNames_Success" />
    </UnitTest>
    <UnitTest name="TestWcfObject_GetWcfObject_Success" storage="d:\actions-runner\_work\xpco\xpco\eventserver\server\components\central\gismap.unittest\bin\x64\debug\videoos.eventserver.gismap.unittest.dll" id="6b423d08-c227-f5f8-3808-2400a4c07d70">
      <TestCategory>
        <TestCategoryItem TestCategory="BusinessObjects" />
      </TestCategory>
      <Execution id="73f5bac1-74e7-4637-ba64-d74d6e7ee471" />
      <TestMethod codeBase="D:\actions-runner\_work\XPCO\XPCO\EventServer\Server\Components\Central\GisMap.UnitTest\bin\x64\Debug\VideoOS.EventServer.GisMap.UnitTest.dll" adapterTypeName="executor://mstestadapter/v2" className="VideoOS.EventServer.GisMap.UnitTest.BusinessObjects.Layers.MipLayerTest" name="TestWcfObject_GetWcfObject_Success" />
    </UnitTest>
    <UnitTest name="TestConstructor_ParsingWcfObject_Success" storage="d:\actions-runner\_work\xpco\xpco\eventserver\server\components\central\gismap.unittest\bin\x64\debug\videoos.eventserver.gismap.unittest.dll" id="b1bae6dc-1810-1869-9eec-e31fd719e07b">
      <TestCategory>
        <TestCategoryItem TestCategory="BusinessObjects" />
      </TestCategory>
      <Execution id="ca2680ea-2a68-4c23-8779-01b702ae95f5" />
      <TestMethod codeBase="D:\actions-runner\_work\XPCO\XPCO\EventServer\Server\Components\Central\GisMap.UnitTest\bin\x64\Debug\VideoOS.EventServer.GisMap.UnitTest.dll" adapterTypeName="executor://mstestadapter/v2" className="VideoOS.EventServer.GisMap.UnitTest.BusinessObjects.Maps.BrowseMapTest" name="TestConstructor_ParsingWcfObject_Success" />
    </UnitTest>
    <UnitTest name="TestProperties_GetProperties_Success" storage="d:\actions-runner\_work\xpco\xpco\eventserver\server\components\central\gismap.unittest\bin\x64\debug\videoos.eventserver.gismap.unittest.dll" id="391c2548-0365-c2f4-475a-bd969cac8e30">
      <TestCategory>
        <TestCategoryItem TestCategory="BusinessObjects" />
      </TestCategory>
      <Execution id="0c30a589-63f9-4407-94f3-8641e2cc02f3" />
      <TestMethod codeBase="D:\actions-runner\_work\XPCO\XPCO\EventServer\Server\Components\Central\GisMap.UnitTest\bin\x64\Debug\VideoOS.EventServer.GisMap.UnitTest.dll" adapterTypeName="executor://mstestadapter/v2" className="VideoOS.EventServer.GisMap.UnitTest.BusinessObjects.Layers.OutputLayerTest" name="TestProperties_GetProperties_Success" />
    </UnitTest>
    <UnitTest name="RemoveItem_KeepsId" storage="d:\actions-runner\_work\xpco\xpco\eventserver\server\components\central\gismap.unittest\bin\x64\debug\videoos.eventserver.gismap.unittest.dll" id="d0f479e0-3a7f-e544-6024-8f9323c792a3">
      <TestCategory>
        <TestCategoryItem TestCategory="BusinessObjects" />
      </TestCategory>
      <Execution id="cadfdd09-1f22-4746-bb3b-9242aa4f5bfc" />
      <TestMethod codeBase="D:\actions-runner\_work\XPCO\XPCO\EventServer\Server\Components\Central\GisMap.UnitTest\bin\x64\Debug\VideoOS.EventServer.GisMap.UnitTest.dll" adapterTypeName="executor://mstestadapter/v2" className="VideoOS.EventServer.GisMap.UnitTest.BusinessObjects.Indexer.Buildings.BuildingIndexTest" name="RemoveItem_KeepsId" />
    </UnitTest>
    <UnitTest name="TestFactory_WithParamters_Success" storage="d:\actions-runner\_work\xpco\xpco\eventserver\server\components\central\gismap.unittest\bin\x64\debug\videoos.eventserver.gismap.unittest.dll" id="35a16321-597a-cf21-e1c5-00eacefa4fe6">
      <Execution id="3c46ed7c-64d5-4fc4-a674-800134c37e9c" />
      <TestMethod codeBase="D:\actions-runner\_work\XPCO\XPCO\EventServer\Server\Components\Central\GisMap.UnitTest\bin\x64\Debug\VideoOS.EventServer.GisMap.UnitTest.dll" adapterTypeName="executor://mstestadapter/v2" className="VideoOS.EventServer.GisMap.UnitTest.BusinessObjects.Buildings.BuildingFactoryTest" name="TestFactory_WithParamters_Success" />
    </UnitTest>
    <UnitTest name="TestQueryItemsByKindAndArea_Success" storage="d:\actions-runner\_work\xpco\xpco\eventserver\server\components\central\gismap.unittest\bin\x64\debug\videoos.eventserver.gismap.unittest.dll" id="b201038f-d230-3fcc-a842-1395635e3b05">
      <TestCategory>
        <TestCategoryItem TestCategory="DataComponent" />
      </TestCategory>
      <Execution id="3dd12669-a43a-4182-8d30-0a37d5308100" />
      <TestMethod codeBase="D:\actions-runner\_work\XPCO\XPCO\EventServer\Server\Components\Central\GisMap.UnitTest\bin\x64\Debug\VideoOS.EventServer.GisMap.UnitTest.dll" adapterTypeName="executor://mstestadapter/v2" className="VideoOS.EventServer.GisMap.UnitTest.DB.DataComponent.MipItemComponentTest" name="TestQueryItemsByKindAndArea_Success" />
    </UnitTest>
    <UnitTest name="TestWcfObject_GetWcfObject_Success" storage="d:\actions-runner\_work\xpco\xpco\eventserver\server\components\central\gismap.unittest\bin\x64\debug\videoos.eventserver.gismap.unittest.dll" id="fd386a3f-a9a9-f707-af1f-7bfff4525e38">
      <TestCategory>
        <TestCategoryItem TestCategory="BusinessObjects" />
      </TestCategory>
      <Execution id="bd886663-8572-4262-9447-d2b90116b8e4" />
      <TestMethod codeBase="D:\actions-runner\_work\XPCO\XPCO\EventServer\Server\Components\Central\GisMap.UnitTest\bin\x64\Debug\VideoOS.EventServer.GisMap.UnitTest.dll" adapterTypeName="executor://mstestadapter/v2" className="VideoOS.EventServer.GisMap.UnitTest.BusinessObjects.Layers.InputLayerTest" name="TestWcfObject_GetWcfObject_Success" />
    </UnitTest>
    <UnitTest name="TestAuditLog_AuditLogItemRemovedWithNonLocationItemType_Success" storage="d:\actions-runner\_work\xpco\xpco\eventserver\server\components\central\gismap.unittest\bin\x64\debug\videoos.eventserver.gismap.unittest.dll" id="34196a27-ceec-877a-1534-0ad13ef02f8e">
      <TestCategory>
        <TestCategoryItem TestCategory="BusinessObjects" />
      </TestCategory>
      <Execution id="f1cb08eb-a3d0-4106-bc36-e3bd6cde867a" />
      <TestMethod codeBase="D:\actions-runner\_work\XPCO\XPCO\EventServer\Server\Components\Central\GisMap.UnitTest\bin\x64\Debug\VideoOS.EventServer.GisMap.UnitTest.dll" adapterTypeName="executor://mstestadapter/v2" className="VideoOS.EventServer.GisMap.UnitTest.BusinessObjects.Items.LinkItemTest" name="TestAuditLog_AuditLogItemRemovedWithNonLocationItemType_Success" />
    </UnitTest>
    <UnitTest name="TestPropertyNames_GettingPropertyNames_Success" storage="d:\actions-runner\_work\xpco\xpco\eventserver\server\components\central\gismap.unittest\bin\x64\debug\videoos.eventserver.gismap.unittest.dll" id="80526718-af9c-a000-b0c5-0f1b776e905a">
      <TestCategory>
        <TestCategoryItem TestCategory="BusinessObjects" />
      </TestCategory>
      <Execution id="068da3a2-9e3e-4b51-9f6f-ad2ad9546010" />
      <TestMethod codeBase="D:\actions-runner\_work\XPCO\XPCO\EventServer\Server\Components\Central\GisMap.UnitTest\bin\x64\Debug\VideoOS.EventServer.GisMap.UnitTest.dll" adapterTypeName="executor://mstestadapter/v2" className="VideoOS.EventServer.GisMap.UnitTest.BusinessObjects.Layers.ViewZoneLayerTest" name="TestPropertyNames_GettingPropertyNames_Success" />
    </UnitTest>
    <UnitTest name="Move_Success" storage="d:\actions-runner\_work\xpco\xpco\eventserver\server\components\central\gismap.unittest\bin\x64\debug\videoos.eventserver.gismap.unittest.dll" id="6e59caa7-d3d7-2228-d2ea-7c7e50d33d8a">
      <TestCategory>
        <TestCategoryItem TestCategory="GisMapServices" />
      </TestCategory>
      <Execution id="dd3ce3d9-c315-4fec-8b48-e03a37f31fa8" />
      <TestMethod codeBase="D:\actions-runner\_work\XPCO\XPCO\EventServer\Server\Components\Central\GisMap.UnitTest\bin\x64\Debug\VideoOS.EventServer.GisMap.UnitTest.dll" adapterTypeName="executor://mstestadapter/v2" className="VideoOS.EventServer.GisMap.UnitTest.Services.Clustering.ItemClusteringServiceTest" name="Move_Success" />
    </UnitTest>
    <UnitTest name="AddNewItem_Disabled_Ignores" storage="d:\actions-runner\_work\xpco\xpco\eventserver\server\components\central\gismap.unittest\bin\x64\debug\videoos.eventserver.gismap.unittest.dll" id="564c14ba-d484-d5d9-1f0e-86cced11558c">
      <TestCategory>
        <TestCategoryItem TestCategory="GisMapServices" />
      </TestCategory>
      <Execution id="890e270b-7cb0-4234-a3ef-f8820f56b9c4" />
      <TestMethod codeBase="D:\actions-runner\_work\XPCO\XPCO\EventServer\Server\Components\Central\GisMap.UnitTest\bin\x64\Debug\VideoOS.EventServer.GisMap.UnitTest.dll" adapterTypeName="executor://mstestadapter/v2" className="VideoOS.EventServer.GisMap.UnitTest.Services.Clustering.MapDataUpdaterTest" name="AddNewItem_Disabled_Ignores" />
    </UnitTest>
    <UnitTest name="TestQueryLevelsByBuildingId_MultipleRows_Success" storage="d:\actions-runner\_work\xpco\xpco\eventserver\server\components\central\gismap.unittest\bin\x64\debug\videoos.eventserver.gismap.unittest.dll" id="f1a27f63-14ad-6394-e19e-207bf0a14e39">
      <TestCategory>
        <TestCategoryItem TestCategory="DataComponent" />
      </TestCategory>
      <Execution id="87e6c27c-aa27-475a-b8eb-bf48359bee5f" />
      <TestMethod codeBase="D:\actions-runner\_work\XPCO\XPCO\EventServer\Server\Components\Central\GisMap.UnitTest\bin\x64\Debug\VideoOS.EventServer.GisMap.UnitTest.dll" adapterTypeName="executor://mstestadapter/v2" className="VideoOS.EventServer.GisMap.UnitTest.DB.DataComponent.BuildingComponent_LevelTest" name="TestQueryLevelsByBuildingId_MultipleRows_Success" />
    </UnitTest>
    <UnitTest name="TestConstructor_ParsingWcfObjectWithNull_Success" storage="d:\actions-runner\_work\xpco\xpco\eventserver\server\components\central\gismap.unittest\bin\x64\debug\videoos.eventserver.gismap.unittest.dll" id="facab277-3a24-70a6-9997-48fee33f5612">
      <TestCategory>
        <TestCategoryItem TestCategory="BusinessObjects" />
      </TestCategory>
      <Execution id="4b36c828-ac76-4536-8240-ac915bb4e8b6" />
      <TestMethod codeBase="D:\actions-runner\_work\XPCO\XPCO\EventServer\Server\Components\Central\GisMap.UnitTest\bin\x64\Debug\VideoOS.EventServer.GisMap.UnitTest.dll" adapterTypeName="executor://mstestadapter/v2" className="VideoOS.EventServer.GisMap.UnitTest.BusinessObjects.Layers.LocationLayerTest" name="TestConstructor_ParsingWcfObjectWithNull_Success" />
    </UnitTest>
    <UnitTest name="Test_DeleteLevels_NonUniqueBuildingException_Failure" storage="d:\actions-runner\_work\xpco\xpco\eventserver\server\components\central\gismap.unittest\bin\x64\debug\videoos.eventserver.gismap.unittest.dll" id="28140170-9ac9-05fa-34fa-147a1c4f6356">
      <TestCategory>
        <TestCategoryItem TestCategory="DataComponent" />
      </TestCategory>
      <Execution id="5d23cb7b-911e-4ebd-a481-d8edda8aeaaa" />
      <TestMethod codeBase="D:\actions-runner\_work\XPCO\XPCO\EventServer\Server\Components\Central\GisMap.UnitTest\bin\x64\Debug\VideoOS.EventServer.GisMap.UnitTest.dll" adapterTypeName="executor://mstestadapter/v2" className="VideoOS.EventServer.GisMap.UnitTest.DB.DataComponent.BuildingComponent_LevelTest" name="Test_DeleteLevels_NonUniqueBuildingException_Failure" />
    </UnitTest>
    <UnitTest name="TestConstructor_ParsingWcfObject_Success" storage="d:\actions-runner\_work\xpco\xpco\eventserver\server\components\central\gismap.unittest\bin\x64\debug\videoos.eventserver.gismap.unittest.dll" id="7d27d824-0743-e376-9195-513be1f269d1">
      <TestCategory>
        <TestCategoryItem TestCategory="BusinessObjects" />
      </TestCategory>
      <Execution id="49f26922-8483-482d-9925-67d44ea6ad96" />
      <TestMethod codeBase="D:\actions-runner\_work\XPCO\XPCO\EventServer\Server\Components\Central\GisMap.UnitTest\bin\x64\Debug\VideoOS.EventServer.GisMap.UnitTest.dll" adapterTypeName="executor://mstestadapter/v2" className="VideoOS.EventServer.GisMap.UnitTest.BusinessObjects.Layers.ViewZoneLayerTest" name="TestConstructor_ParsingWcfObject_Success" />
    </UnitTest>
    <UnitTest name="ConstructorFromItem_InitializesFields" storage="d:\actions-runner\_work\xpco\xpco\eventserver\server\components\central\gismap.unittest\bin\x64\debug\videoos.eventserver.gismap.unittest.dll" id="cb978b57-3176-52a3-77aa-39092f280071">
      <TestCategory>
        <TestCategoryItem TestCategory="BusinessObjects" />
      </TestCategory>
      <Execution id="4ee8ee16-eb06-45b7-b756-7686a843995b" />
      <TestMethod codeBase="D:\actions-runner\_work\XPCO\XPCO\EventServer\Server\Components\Central\GisMap.UnitTest\bin\x64\Debug\VideoOS.EventServer.GisMap.UnitTest.dll" adapterTypeName="executor://mstestadapter/v2" className="VideoOS.EventServer.GisMap.UnitTest.BusinessObjects.Indexer.MapItemTest" name="ConstructorFromItem_InitializesFields" />
    </UnitTest>
    <UnitTest name="TestWcfObject_ConvertToWcfObject_Success" storage="d:\actions-runner\_work\xpco\xpco\eventserver\server\components\central\gismap.unittest\bin\x64\debug\videoos.eventserver.gismap.unittest.dll" id="ea7c8f3d-8a16-b2f3-b86d-92e1bbc9b9c7">
      <TestCategory>
        <TestCategoryItem TestCategory="BusinessObjects" />
      </TestCategory>
      <Execution id="b6fbf792-47fb-4ed1-9357-cb5f6d7adf3b" />
      <TestMethod codeBase="D:\actions-runner\_work\XPCO\XPCO\EventServer\Server\Components\Central\GisMap.UnitTest\bin\x64\Debug\VideoOS.EventServer.GisMap.UnitTest.dll" adapterTypeName="executor://mstestadapter/v2" className="VideoOS.EventServer.GisMap.UnitTest.BusinessObjects.Buildings.LevelTest" name="TestWcfObject_ConvertToWcfObject_Success" />
    </UnitTest>
    <UnitTest name="FilterAsync_ReturnsAuthorizedItems" storage="d:\actions-runner\_work\xpco\xpco\eventserver\server\components\central\gismap.unittest\bin\x64\debug\videoos.eventserver.gismap.unittest.dll" id="f9d1dc0b-347a-174a-749b-b738a8744e4b">
      <TestCategory>
        <TestCategoryItem TestCategory="GisMapServices" />
      </TestCategory>
      <Execution id="0c1801de-7a52-40dd-971b-43bf7b548a39" />
      <TestMethod codeBase="D:\actions-runner\_work\XPCO\XPCO\EventServer\Server\Components\Central\GisMap.UnitTest\bin\x64\Debug\VideoOS.EventServer.GisMap.UnitTest.dll" adapterTypeName="executor://mstestadapter/v2" className="VideoOS.EventServer.GisMap.UnitTest.Services.Clustering.ClusteredItemsAuthorizationWithCountFilterTest" name="FilterAsync_ReturnsAuthorizedItems" />
    </UnitTest>
    <UnitTest name="TestUpdateProperties_UpdateAllProperties_Success" storage="d:\actions-runner\_work\xpco\xpco\eventserver\server\components\central\gismap.unittest\bin\x64\debug\videoos.eventserver.gismap.unittest.dll" id="2627f119-e8a5-4430-1919-8ee30c0b561d">
      <TestCategory>
        <TestCategoryItem TestCategory="BusinessObjects" />
      </TestCategory>
      <Execution id="2dec85c0-32bc-404a-9721-1dbd0c6dcab8" />
      <TestMethod codeBase="D:\actions-runner\_work\XPCO\XPCO\EventServer\Server\Components\Central\GisMap.UnitTest\bin\x64\Debug\VideoOS.EventServer.GisMap.UnitTest.dll" adapterTypeName="executor://mstestadapter/v2" className="VideoOS.EventServer.GisMap.UnitTest.BusinessObjects.Layers.CADLayerTest" name="TestUpdateProperties_UpdateAllProperties_Success" />
    </UnitTest>
    <UnitTest name="InitializeIndex_3Items_Clusters_Levels" storage="d:\actions-runner\_work\xpco\xpco\eventserver\server\components\central\gismap.unittest\bin\x64\debug\videoos.eventserver.gismap.unittest.dll" id="5db8fd22-a9d2-d160-c154-7e7334ba659b">
      <TestCategory>
        <TestCategoryItem TestCategory="BusinessObjects" />
      </TestCategory>
      <Execution id="b001ef66-cf16-4e34-a764-9623427233aa" />
      <TestMethod codeBase="D:\actions-runner\_work\XPCO\XPCO\EventServer\Server\Components\Central\GisMap.UnitTest\bin\x64\Debug\VideoOS.EventServer.GisMap.UnitTest.dll" adapterTypeName="executor://mstestadapter/v2" className="VideoOS.EventServer.GisMap.UnitTest.BusinessObjects.Indexer.MapItemIndexerTest" name="InitializeIndex_3Items_Clusters_Levels" />
    </UnitTest>
    <UnitTest name="TestConstructor_Success" storage="d:\actions-runner\_work\xpco\xpco\eventserver\server\components\central\gismap.unittest\bin\x64\debug\videoos.eventserver.gismap.unittest.dll" id="62b9fc9b-83f4-c639-183f-4922d8cc804d">
      <TestCategory>
        <TestCategoryItem TestCategory="BusinessObjects" />
      </TestCategory>
      <Execution id="3ff173ac-14b6-4ca5-ab7e-7275abd8c8bc" />
      <TestMethod codeBase="D:\actions-runner\_work\XPCO\XPCO\EventServer\Server\Components\Central\GisMap.UnitTest\bin\x64\Debug\VideoOS.EventServer.GisMap.UnitTest.dll" adapterTypeName="executor://mstestadapter/v2" className="VideoOS.EventServer.GisMap.UnitTest.BusinessObjects.RectangleTest" name="TestConstructor_Success" />
    </UnitTest>
    <UnitTest name="TestConstructor_ParsingWcfObject_Success" storage="d:\actions-runner\_work\xpco\xpco\eventserver\server\components\central\gismap.unittest\bin\x64\debug\videoos.eventserver.gismap.unittest.dll" id="abaa0fb6-9b6a-2c30-af11-e003a576c6a6">
      <TestCategory>
        <TestCategoryItem TestCategory="BusinessObjects" />
      </TestCategory>
      <Execution id="a6517321-bf3a-4054-9b98-da686e1c3459" />
      <TestMethod codeBase="D:\actions-runner\_work\XPCO\XPCO\EventServer\Server\Components\Central\GisMap.UnitTest\bin\x64\Debug\VideoOS.EventServer.GisMap.UnitTest.dll" adapterTypeName="executor://mstestadapter/v2" className="VideoOS.EventServer.GisMap.UnitTest.BusinessObjects.Buildings.BuildingTest" name="TestConstructor_ParsingWcfObject_Success" />
    </UnitTest>
    <UnitTest name="TestAuditLog_NullServiceContract_Failure" storage="d:\actions-runner\_work\xpco\xpco\eventserver\server\components\central\gismap.unittest\bin\x64\debug\videoos.eventserver.gismap.unittest.dll" id="14b2ec50-6ce7-f651-9fe1-47d918ef4599">
      <TestCategory>
        <TestCategoryItem TestCategory="BusinessObjects" />
      </TestCategory>
      <Execution id="23cd0041-066a-4e0b-8d98-98d7fba9957b" />
      <TestMethod codeBase="D:\actions-runner\_work\XPCO\XPCO\EventServer\Server\Components\Central\GisMap.UnitTest\bin\x64\Debug\VideoOS.EventServer.GisMap.UnitTest.dll" adapterTypeName="executor://mstestadapter/v2" className="VideoOS.EventServer.GisMap.UnitTest.BusinessObjects.Buildings.LevelTest" name="TestAuditLog_NullServiceContract_Failure" />
    </UnitTest>
    <UnitTest name="TestWcfObject_ConvertToWcfObject_Success" storage="d:\actions-runner\_work\xpco\xpco\eventserver\server\components\central\gismap.unittest\bin\x64\debug\videoos.eventserver.gismap.unittest.dll" id="a48d558c-8190-a77f-a87d-a0c438140dd6">
      <TestCategory>
        <TestCategoryItem TestCategory="BusinessObjects" />
      </TestCategory>
      <Execution id="9b5b42d9-88dc-44f1-98d1-8f2cd4338662" />
      <TestMethod codeBase="D:\actions-runner\_work\XPCO\XPCO\EventServer\Server\Components\Central\GisMap.UnitTest\bin\x64\Debug\VideoOS.EventServer.GisMap.UnitTest.dll" adapterTypeName="executor://mstestadapter/v2" className="VideoOS.EventServer.GisMap.UnitTest.BusinessObjects.Buildings.BuildingTest" name="TestWcfObject_ConvertToWcfObject_Success" />
    </UnitTest>
    <UnitTest name="TestAuditLog_AuditLogWithNullAuditLogger_Failure" storage="d:\actions-runner\_work\xpco\xpco\eventserver\server\components\central\gismap.unittest\bin\x64\debug\videoos.eventserver.gismap.unittest.dll" id="5da8c5dc-8ba7-124b-a743-a3a3e93bca01">
      <TestCategory>
        <TestCategoryItem TestCategory="BusinessObjects" />
      </TestCategory>
      <Execution id="b17ad669-67ce-4b0b-9477-4a1fdb789a9a" />
      <TestMethod codeBase="D:\actions-runner\_work\XPCO\XPCO\EventServer\Server\Components\Central\GisMap.UnitTest\bin\x64\Debug\VideoOS.EventServer.GisMap.UnitTest.dll" adapterTypeName="executor://mstestadapter/v2" className="VideoOS.EventServer.GisMap.UnitTest.BusinessObjects.Layers.CADLayerTest" name="TestAuditLog_AuditLogWithNullAuditLogger_Failure" />
    </UnitTest>
    <UnitTest name="TestUpdateBuildings_Exception_Failure" storage="d:\actions-runner\_work\xpco\xpco\eventserver\server\components\central\gismap.unittest\bin\x64\debug\videoos.eventserver.gismap.unittest.dll" id="2f23cad2-3f5b-57a6-787b-0ce6ac6f9de4">
      <TestCategory>
        <TestCategoryItem TestCategory="DataComponent" />
      </TestCategory>
      <Execution id="3e495a6b-8978-47c1-9618-06be35b2a8f1" />
      <TestMethod codeBase="D:\actions-runner\_work\XPCO\XPCO\EventServer\Server\Components\Central\GisMap.UnitTest\bin\x64\Debug\VideoOS.EventServer.GisMap.UnitTest.dll" adapterTypeName="executor://mstestadapter/v2" className="VideoOS.EventServer.GisMap.UnitTest.DB.DataComponent.BuildingComponentTest" name="TestUpdateBuildings_Exception_Failure" />
    </UnitTest>
    <UnitTest name="TestConstructor_ParsingWcfObjectWithNull_Success" storage="d:\actions-runner\_work\xpco\xpco\eventserver\server\components\central\gismap.unittest\bin\x64\debug\videoos.eventserver.gismap.unittest.dll" id="223437d7-9528-f75b-bdaa-04ae404f0ddd">
      <TestCategory>
        <TestCategoryItem TestCategory="BusinessObjects" />
      </TestCategory>
      <Execution id="583d0785-2d3b-474d-9ad1-ae64cb580b89" />
      <TestMethod codeBase="D:\actions-runner\_work\XPCO\XPCO\EventServer\Server\Components\Central\GisMap.UnitTest\bin\x64\Debug\VideoOS.EventServer.GisMap.UnitTest.dll" adapterTypeName="executor://mstestadapter/v2" className="VideoOS.EventServer.GisMap.UnitTest.BusinessObjects.MapSettingsTest" name="TestConstructor_ParsingWcfObjectWithNull_Success" />
    </UnitTest>
    <UnitTest name="GetGisMapKindsAsync_DistinctKinds" storage="d:\actions-runner\_work\xpco\xpco\eventserver\server\components\central\gismap.unittest\bin\x64\debug\videoos.eventserver.gismap.unittest.dll" id="0679e0f5-1558-0cf5-47c4-c47e9ac2abff">
      <TestCategory>
        <TestCategoryItem TestCategory="GisMapServices" />
      </TestCategory>
      <Execution id="25d1b9f4-a939-4766-8cb5-7e5b54942c90" />
      <TestMethod codeBase="D:\actions-runner\_work\XPCO\XPCO\EventServer\Server\Components\Central\GisMap.UnitTest\bin\x64\Debug\VideoOS.EventServer.GisMap.UnitTest.dll" adapterTypeName="executor://mstestadapter/v2" className="VideoOS.EventServer.GisMap.UnitTest.Services.Clustering.MapDataObtainerTest" name="GetGisMapKindsAsync_DistinctKinds" />
    </UnitTest>
    <UnitTest name="TestAddDuplicateCapability_Success" storage="d:\actions-runner\_work\xpco\xpco\eventserver\server\components\central\gismap.unittest\bin\x64\debug\videoos.eventserver.gismap.unittest.dll" id="b1429e09-1d3a-6942-4336-fea0cfeb2f67">
      <Execution id="fa65a0be-0f37-4799-87eb-354bb454b02d" />
      <TestMethod codeBase="D:\actions-runner\_work\XPCO\XPCO\EventServer\Server\Components\Central\GisMap.UnitTest\bin\x64\Debug\VideoOS.EventServer.GisMap.UnitTest.dll" adapterTypeName="executor://mstestadapter/v2" className="VideoOS.EventServer.GisMap.UnitTest.Services.Capabilities.ServerCapabilitiesTest" name="TestAddDuplicateCapability_Success" />
    </UnitTest>
    <UnitTest name="TestAuditLog_AuditLogItemRemovedWithEmptyLocation_Success" storage="d:\actions-runner\_work\xpco\xpco\eventserver\server\components\central\gismap.unittest\bin\x64\debug\videoos.eventserver.gismap.unittest.dll" id="f7c9fa49-7718-f777-d5d3-f2f97fafcc6b">
      <TestCategory>
        <TestCategoryItem TestCategory="BusinessObjects" />
      </TestCategory>
      <Execution id="5db134d2-0c15-464d-b3f0-d18cea1176c8" />
      <TestMethod codeBase="D:\actions-runner\_work\XPCO\XPCO\EventServer\Server\Components\Central\GisMap.UnitTest\bin\x64\Debug\VideoOS.EventServer.GisMap.UnitTest.dll" adapterTypeName="executor://mstestadapter/v2" className="VideoOS.EventServer.GisMap.UnitTest.BusinessObjects.Items.LinkItemTest" name="TestAuditLog_AuditLogItemRemovedWithEmptyLocation_Success" />
    </UnitTest>
    <UnitTest name="TestConstructor_ParsingWcfObjectWithNull_Success" storage="d:\actions-runner\_work\xpco\xpco\eventserver\server\components\central\gismap.unittest\bin\x64\debug\videoos.eventserver.gismap.unittest.dll" id="02a5c68e-a8d5-55d6-a5f0-8a99f693c236">
      <TestCategory>
        <TestCategoryItem TestCategory="BusinessObjects" />
      </TestCategory>
      <Execution id="b4a67e81-e899-4c46-b6e7-5abee61ae81c" />
      <TestMethod codeBase="D:\actions-runner\_work\XPCO\XPCO\EventServer\Server\Components\Central\GisMap.UnitTest\bin\x64\Debug\VideoOS.EventServer.GisMap.UnitTest.dll" adapterTypeName="executor://mstestadapter/v2" className="VideoOS.EventServer.GisMap.UnitTest.BusinessObjects.Repositories.ShapeFileRepositoryTest" name="TestConstructor_ParsingWcfObjectWithNull_Success" />
    </UnitTest>
    <UnitTest name="TestConstructor_ParsingWcfObjectWithNull_ArgumentNullException" storage="d:\actions-runner\_work\xpco\xpco\eventserver\server\components\central\gismap.unittest\bin\x64\debug\videoos.eventserver.gismap.unittest.dll" id="494968e9-e16f-5064-9941-93749fe48f08">
      <TestCategory>
        <TestCategoryItem TestCategory="BusinessObjects" />
      </TestCategory>
      <Execution id="ae1cd009-9052-4df7-947f-3054f69b4f83" />
      <TestMethod codeBase="D:\actions-runner\_work\XPCO\XPCO\EventServer\Server\Components\Central\GisMap.UnitTest\bin\x64\Debug\VideoOS.EventServer.GisMap.UnitTest.dll" adapterTypeName="executor://mstestadapter/v2" className="VideoOS.EventServer.GisMap.UnitTest.BusinessObjects.Layers.ViewZoneLayerTest" name="TestConstructor_ParsingWcfObjectWithNull_ArgumentNullException" />
    </UnitTest>
    <UnitTest name="TestConstructor_ParsingWcfObject_Success" storage="d:\actions-runner\_work\xpco\xpco\eventserver\server\components\central\gismap.unittest\bin\x64\debug\videoos.eventserver.gismap.unittest.dll" id="db14eb35-236b-6292-252b-84c5d540251e">
      <TestCategory>
        <TestCategoryItem TestCategory="BusinessObjects" />
      </TestCategory>
      <Execution id="a13d18ed-97ce-4809-82fa-e09c2c178887" />
      <TestMethod codeBase="D:\actions-runner\_work\XPCO\XPCO\EventServer\Server\Components\Central\GisMap.UnitTest\bin\x64\Debug\VideoOS.EventServer.GisMap.UnitTest.dll" adapterTypeName="executor://mstestadapter/v2" className="VideoOS.EventServer.GisMap.UnitTest.BusinessObjects.Repositories.ImageRepositoryTest" name="TestConstructor_ParsingWcfObject_Success" />
    </UnitTest>
    <UnitTest name="TestUpdateProperties_UpdateAllProperties_Success" storage="d:\actions-runner\_work\xpco\xpco\eventserver\server\components\central\gismap.unittest\bin\x64\debug\videoos.eventserver.gismap.unittest.dll" id="5e4f2083-fb8f-922d-4062-771153ce0caf">
      <TestCategory>
        <TestCategoryItem TestCategory="BusinessObjects" />
      </TestCategory>
      <Execution id="0e958bb0-c5bd-4fe5-b628-5e602cc1addd" />
      <TestMethod codeBase="D:\actions-runner\_work\XPCO\XPCO\EventServer\Server\Components\Central\GisMap.UnitTest\bin\x64\Debug\VideoOS.EventServer.GisMap.UnitTest.dll" adapterTypeName="executor://mstestadapter/v2" className="VideoOS.EventServer.GisMap.UnitTest.BusinessObjects.Layers.ViewZoneLayerTest" name="TestUpdateProperties_UpdateAllProperties_Success" />
    </UnitTest>
    <UnitTest name="TestQueryBuildingByBuildingId_OneRow_Success" storage="d:\actions-runner\_work\xpco\xpco\eventserver\server\components\central\gismap.unittest\bin\x64\debug\videoos.eventserver.gismap.unittest.dll" id="d131dd26-db8b-de9b-d86a-4b7b06f36702">
      <TestCategory>
        <TestCategoryItem TestCategory="DataComponent" />
      </TestCategory>
      <Execution id="9a395734-195d-4e72-a922-9909f90efb74" />
      <TestMethod codeBase="D:\actions-runner\_work\XPCO\XPCO\EventServer\Server\Components\Central\GisMap.UnitTest\bin\x64\Debug\VideoOS.EventServer.GisMap.UnitTest.dll" adapterTypeName="executor://mstestadapter/v2" className="VideoOS.EventServer.GisMap.UnitTest.DB.DataComponent.BuildingComponentTest" name="TestQueryBuildingByBuildingId_OneRow_Success" />
    </UnitTest>
    <UnitTest name="TestAuditLog_AuditLogLayerChanged_Success" storage="d:\actions-runner\_work\xpco\xpco\eventserver\server\components\central\gismap.unittest\bin\x64\debug\videoos.eventserver.gismap.unittest.dll" id="268d5a21-ac9e-4e74-553d-d96f5454f6a5">
      <TestCategory>
        <TestCategoryItem TestCategory="BusinessObjects" />
      </TestCategory>
      <Execution id="f89ec8e3-eec4-4f9a-a536-47d3e92644d9" />
      <TestMethod codeBase="D:\actions-runner\_work\XPCO\XPCO\EventServer\Server\Components\Central\GisMap.UnitTest\bin\x64\Debug\VideoOS.EventServer.GisMap.UnitTest.dll" adapterTypeName="executor://mstestadapter/v2" className="VideoOS.EventServer.GisMap.UnitTest.BusinessObjects.Layers.ImageLayerTest" name="TestAuditLog_AuditLogLayerChanged_Success" />
    </UnitTest>
    <UnitTest name="TestConstructor_ParsingWcfObjectWithNull_Success" storage="d:\actions-runner\_work\xpco\xpco\eventserver\server\components\central\gismap.unittest\bin\x64\debug\videoos.eventserver.gismap.unittest.dll" id="9cf8d3db-c963-4d0a-6444-41006ff07e7e">
      <TestCategory>
        <TestCategoryItem TestCategory="BusinessObjects" />
      </TestCategory>
      <Execution id="bd968472-8db4-49ad-803f-7d615d70c524" />
      <TestMethod codeBase="D:\actions-runner\_work\XPCO\XPCO\EventServer\Server\Components\Central\GisMap.UnitTest\bin\x64\Debug\VideoOS.EventServer.GisMap.UnitTest.dll" adapterTypeName="executor://mstestadapter/v2" className="VideoOS.EventServer.GisMap.UnitTest.BusinessObjects.Items.LegacyLinkItemTest" name="TestConstructor_ParsingWcfObjectWithNull_Success" />
    </UnitTest>
    <UnitTest name="TestWcfObject_GetWcfObjectWithoutExtent_Success" storage="d:\actions-runner\_work\xpco\xpco\eventserver\server\components\central\gismap.unittest\bin\x64\debug\videoos.eventserver.gismap.unittest.dll" id="01beb42d-d9fc-9a36-1867-2be1b8510803">
      <TestCategory>
        <TestCategoryItem TestCategory="BusinessObjects" />
      </TestCategory>
      <Execution id="68ef911c-d233-492f-b608-3fae13aedad6" />
      <TestMethod codeBase="D:\actions-runner\_work\XPCO\XPCO\EventServer\Server\Components\Central\GisMap.UnitTest\bin\x64\Debug\VideoOS.EventServer.GisMap.UnitTest.dll" adapterTypeName="executor://mstestadapter/v2" className="VideoOS.EventServer.GisMap.UnitTest.BusinessObjects.Layers.LegacyLinkLayerTest" name="TestWcfObject_GetWcfObjectWithoutExtent_Success" />
    </UnitTest>
    <UnitTest name="TestWcfObject_GetWcfObjectWithoutExtent_Success" storage="d:\actions-runner\_work\xpco\xpco\eventserver\server\components\central\gismap.unittest\bin\x64\debug\videoos.eventserver.gismap.unittest.dll" id="f61ab098-e5a8-c322-1966-eafc396e82e7">
      <TestCategory>
        <TestCategoryItem TestCategory="BusinessObjects" />
      </TestCategory>
      <Execution id="c5b0f1e9-1e03-4d62-8db9-c0a8b9107974" />
      <TestMethod codeBase="D:\actions-runner\_work\XPCO\XPCO\EventServer\Server\Components\Central\GisMap.UnitTest\bin\x64\Debug\VideoOS.EventServer.GisMap.UnitTest.dll" adapterTypeName="executor://mstestadapter/v2" className="VideoOS.EventServer.GisMap.UnitTest.BusinessObjects.Layers.GoogleMapLayerTest" name="TestWcfObject_GetWcfObjectWithoutExtent_Success" />
    </UnitTest>
    <UnitTest name="TestConstructor_Success" storage="d:\actions-runner\_work\xpco\xpco\eventserver\server\components\central\gismap.unittest\bin\x64\debug\videoos.eventserver.gismap.unittest.dll" id="f9209f61-9c57-ae25-9c7a-160281aa2755">
      <TestCategory>
        <TestCategoryItem TestCategory="BusinessObjects" />
      </TestCategory>
      <Execution id="1f9dce83-402d-4ce5-a50a-706bd74747fc" />
      <TestMethod codeBase="D:\actions-runner\_work\XPCO\XPCO\EventServer\Server\Components\Central\GisMap.UnitTest\bin\x64\Debug\VideoOS.EventServer.GisMap.UnitTest.dll" adapterTypeName="executor://mstestadapter/v2" className="VideoOS.EventServer.GisMap.UnitTest.BusinessObjects.Maps.MapTest" name="TestConstructor_Success" />
    </UnitTest>
    <UnitTest name="TestConstructor_ParsingWcfObjectWithNullLayers_Success" storage="d:\actions-runner\_work\xpco\xpco\eventserver\server\components\central\gismap.unittest\bin\x64\debug\videoos.eventserver.gismap.unittest.dll" id="e97f4669-3c86-1034-0a38-98883988da58">
      <TestCategory>
        <TestCategoryItem TestCategory="BusinessObjects" />
      </TestCategory>
      <Execution id="af562fc0-742c-4b9b-9e76-2c979bb826d1" />
      <TestMethod codeBase="D:\actions-runner\_work\XPCO\XPCO\EventServer\Server\Components\Central\GisMap.UnitTest\bin\x64\Debug\VideoOS.EventServer.GisMap.UnitTest.dll" adapterTypeName="executor://mstestadapter/v2" className="VideoOS.EventServer.GisMap.UnitTest.BusinessObjects.Maps.MapTest" name="TestConstructor_ParsingWcfObjectWithNullLayers_Success" />
    </UnitTest>
    <UnitTest name="TestAddLevel_Success" storage="d:\actions-runner\_work\xpco\xpco\eventserver\server\components\central\gismap.unittest\bin\x64\debug\videoos.eventserver.gismap.unittest.dll" id="0ffefbd3-a6e7-d608-090a-0192afaa4d82">
      <TestCategory>
        <TestCategoryItem TestCategory="DataComponent" />
      </TestCategory>
      <Execution id="506a66e3-9ff2-4c85-8d0e-1b4bad9c341b" />
      <TestMethod codeBase="D:\actions-runner\_work\XPCO\XPCO\EventServer\Server\Components\Central\GisMap.UnitTest\bin\x64\Debug\VideoOS.EventServer.GisMap.UnitTest.dll" adapterTypeName="executor://mstestadapter/v2" className="VideoOS.EventServer.GisMap.UnitTest.DB.DataComponent.BuildingComponent_LevelTest" name="TestAddLevel_Success" />
    </UnitTest>
    <UnitTest name="Constructor_ItemsSet" storage="d:\actions-runner\_work\xpco\xpco\eventserver\server\components\central\gismap.unittest\bin\x64\debug\videoos.eventserver.gismap.unittest.dll" id="ef11c466-bb59-1011-9803-0914c21a535a">
      <TestCategory>
        <TestCategoryItem TestCategory="BusinessObjects" />
      </TestCategory>
      <Execution id="2dbc04c7-ed62-4bc2-9e38-e751e3f9e3ba" />
      <TestMethod codeBase="D:\actions-runner\_work\XPCO\XPCO\EventServer\Server\Components\Central\GisMap.UnitTest\bin\x64\Debug\VideoOS.EventServer.GisMap.UnitTest.dll" adapterTypeName="executor://mstestadapter/v2" className="VideoOS.EventServer.GisMap.UnitTest.BusinessObjects.Indexer.Buildings.BuildingIndexTest" name="Constructor_ItemsSet" />
    </UnitTest>
    <UnitTest name="TestConstructor_ParsingWcfObject_Success" storage="d:\actions-runner\_work\xpco\xpco\eventserver\server\components\central\gismap.unittest\bin\x64\debug\videoos.eventserver.gismap.unittest.dll" id="fdb790fe-0df4-f51f-fe4f-df1e95a5f558">
      <TestCategory>
        <TestCategoryItem TestCategory="BusinessObjects" />
      </TestCategory>
      <Execution id="5ad57f81-ea91-471b-af7c-d97ff12def9b" />
      <TestMethod codeBase="D:\actions-runner\_work\XPCO\XPCO\EventServer\Server\Components\Central\GisMap.UnitTest\bin\x64\Debug\VideoOS.EventServer.GisMap.UnitTest.dll" adapterTypeName="executor://mstestadapter/v2" className="VideoOS.EventServer.GisMap.UnitTest.BusinessObjects.Items.LegacyLinkItemTest" name="TestConstructor_ParsingWcfObject_Success" />
    </UnitTest>
    <UnitTest name="TestAuditLog_AuditLogBuildingAdded_Success" storage="d:\actions-runner\_work\xpco\xpco\eventserver\server\components\central\gismap.unittest\bin\x64\debug\videoos.eventserver.gismap.unittest.dll" id="bb207594-bb0f-fb30-170e-6bebf8c1e41d">
      <TestCategory>
        <TestCategoryItem TestCategory="BusinessObjects" />
      </TestCategory>
      <Execution id="25c9b22b-84a9-4422-953e-03c81d458d08" />
      <TestMethod codeBase="D:\actions-runner\_work\XPCO\XPCO\EventServer\Server\Components\Central\GisMap.UnitTest\bin\x64\Debug\VideoOS.EventServer.GisMap.UnitTest.dll" adapterTypeName="executor://mstestadapter/v2" className="VideoOS.EventServer.GisMap.UnitTest.BusinessObjects.Buildings.BuildingTest" name="TestAuditLog_AuditLogBuildingAdded_Success" />
    </UnitTest>
    <UnitTest name="GetClusters_5Iems_1Cluster_InArea" storage="d:\actions-runner\_work\xpco\xpco\eventserver\server\components\central\gismap.unittest\bin\x64\debug\videoos.eventserver.gismap.unittest.dll" id="bccf4cb6-374e-946c-2c8b-599e30165b27">
      <TestCategory>
        <TestCategoryItem TestCategory="BusinessObjects" />
      </TestCategory>
      <Execution id="a46ddabb-1fbc-4347-ba34-df5f4408b9b6" />
      <TestMethod codeBase="D:\actions-runner\_work\XPCO\XPCO\EventServer\Server\Components\Central\GisMap.UnitTest\bin\x64\Debug\VideoOS.EventServer.GisMap.UnitTest.dll" adapterTypeName="executor://mstestadapter/v2" className="VideoOS.EventServer.GisMap.UnitTest.BusinessObjects.Indexer.MapItemIndexerTest" name="GetClusters_5Iems_1Cluster_InArea" />
    </UnitTest>
    <UnitTest name="Constructor_LevelsSet" storage="d:\actions-runner\_work\xpco\xpco\eventserver\server\components\central\gismap.unittest\bin\x64\debug\videoos.eventserver.gismap.unittest.dll" id="2434dc0d-a355-9e16-f561-e23133111429">
      <TestCategory>
        <TestCategoryItem TestCategory="BusinessObjects" />
      </TestCategory>
      <Execution id="7d956c72-7c53-4141-8ad2-92e70b7734b6" />
      <TestMethod codeBase="D:\actions-runner\_work\XPCO\XPCO\EventServer\Server\Components\Central\GisMap.UnitTest\bin\x64\Debug\VideoOS.EventServer.GisMap.UnitTest.dll" adapterTypeName="executor://mstestadapter/v2" className="VideoOS.EventServer.GisMap.UnitTest.BusinessObjects.Indexer.Buildings.BuildingIndexTest" name="Constructor_LevelsSet" />
    </UnitTest>
    <UnitTest name="ExcludeItems_ExcludesWithChangedPoisition" storage="d:\actions-runner\_work\xpco\xpco\eventserver\server\components\central\gismap.unittest\bin\x64\debug\videoos.eventserver.gismap.unittest.dll" id="767be23d-52dd-1b2a-9c75-39cdbd09e837">
      <TestCategory>
        <TestCategoryItem TestCategory="BusinessObjects" />
      </TestCategory>
      <Execution id="350355d1-4b6e-4367-baa8-f9d3983f7fa0" />
      <TestMethod codeBase="D:\actions-runner\_work\XPCO\XPCO\EventServer\Server\Components\Central\GisMap.UnitTest\bin\x64\Debug\VideoOS.EventServer.GisMap.UnitTest.dll" adapterTypeName="executor://mstestadapter/v2" className="VideoOS.EventServer.GisMap.UnitTest.BusinessObjects.Indexer.MapItemIndexerTest" name="ExcludeItems_ExcludesWithChangedPoisition" />
    </UnitTest>
    <UnitTest name="TestAddLevel_UnknownLevel_Success" storage="d:\actions-runner\_work\xpco\xpco\eventserver\server\components\central\gismap.unittest\bin\x64\debug\videoos.eventserver.gismap.unittest.dll" id="d64d5aae-2b27-1d91-cbfc-0ea8ed8f26e1">
      <TestCategory>
        <TestCategoryItem TestCategory="DataComponent" />
      </TestCategory>
      <Execution id="33c21f54-6a93-41f4-a26c-b3cf57bf9033" />
      <TestMethod codeBase="D:\actions-runner\_work\XPCO\XPCO\EventServer\Server\Components\Central\GisMap.UnitTest\bin\x64\Debug\VideoOS.EventServer.GisMap.UnitTest.dll" adapterTypeName="executor://mstestadapter/v2" className="VideoOS.EventServer.GisMap.UnitTest.DB.DataComponent.BuildingComponent_LevelTest" name="TestAddLevel_UnknownLevel_Success" />
    </UnitTest>
    <UnitTest name="TestPropertyNames_GettingPropertyNames_Success" storage="d:\actions-runner\_work\xpco\xpco\eventserver\server\components\central\gismap.unittest\bin\x64\debug\videoos.eventserver.gismap.unittest.dll" id="c6033b07-486f-3d82-e115-16884ba6fd5c">
      <TestCategory>
        <TestCategoryItem TestCategory="BusinessObjects" />
      </TestCategory>
      <Execution id="4f4be5a7-efd0-4f1f-b85a-0545e2f35d5a" />
      <TestMethod codeBase="D:\actions-runner\_work\XPCO\XPCO\EventServer\Server\Components\Central\GisMap.UnitTest\bin\x64\Debug\VideoOS.EventServer.GisMap.UnitTest.dll" adapterTypeName="executor://mstestadapter/v2" className="VideoOS.EventServer.GisMap.UnitTest.BusinessObjects.TransformInfoTest" name="TestPropertyNames_GettingPropertyNames_Success" />
    </UnitTest>
    <UnitTest name="TestConstructor_CreateService_Success" storage="d:\actions-runner\_work\xpco\xpco\eventserver\server\components\central\gismap.unittest\bin\x64\debug\videoos.eventserver.gismap.unittest.dll" id="7afd44d1-6cdf-409d-7077-63d339735f4e">
      <TestCategory>
        <TestCategoryItem TestCategory="GisMap" />
      </TestCategory>
      <Execution id="52488ac3-243f-428f-9530-7eb92d0aefc5" />
      <TestMethod codeBase="D:\actions-runner\_work\XPCO\XPCO\EventServer\Server\Components\Central\GisMap.UnitTest\bin\x64\Debug\VideoOS.EventServer.GisMap.UnitTest.dll" adapterTypeName="executor://mstestadapter/v2" className="VideoOS.EventServer.GisMap.UnitTest.WebService.GisLayerCommandTest" name="TestConstructor_CreateService_Success" />
    </UnitTest>
    <UnitTest name="TestConstructor_ParsingWcfObject_Success" storage="d:\actions-runner\_work\xpco\xpco\eventserver\server\components\central\gismap.unittest\bin\x64\debug\videoos.eventserver.gismap.unittest.dll" id="fe7c42f0-2c83-dcc1-1919-949a7427bbb5">
      <TestCategory>
        <TestCategoryItem TestCategory="BusinessObjects" />
      </TestCategory>
      <Execution id="26a2de5e-a67a-4739-ac68-bf6224228b84" />
      <TestMethod codeBase="D:\actions-runner\_work\XPCO\XPCO\EventServer\Server\Components\Central\GisMap.UnitTest\bin\x64\Debug\VideoOS.EventServer.GisMap.UnitTest.dll" adapterTypeName="executor://mstestadapter/v2" className="VideoOS.EventServer.GisMap.UnitTest.BusinessObjects.MapViewPointTest" name="TestConstructor_ParsingWcfObject_Success" />
    </UnitTest>
    <UnitTest name="TestWcfObject_GetWcfObjectWithoutExtent_Success" storage="d:\actions-runner\_work\xpco\xpco\eventserver\server\components\central\gismap.unittest\bin\x64\debug\videoos.eventserver.gismap.unittest.dll" id="9040409d-ff41-1ee4-3413-41859d6b3560">
      <TestCategory>
        <TestCategoryItem TestCategory="BusinessObjects" />
      </TestCategory>
      <Execution id="7c089de2-38b3-4b3b-a7d6-82f9ab4e5470" />
      <TestMethod codeBase="D:\actions-runner\_work\XPCO\XPCO\EventServer\Server\Components\Central\GisMap.UnitTest\bin\x64\Debug\VideoOS.EventServer.GisMap.UnitTest.dll" adapterTypeName="executor://mstestadapter/v2" className="VideoOS.EventServer.GisMap.UnitTest.BusinessObjects.Layers.BuildingLayerTest" name="TestWcfObject_GetWcfObjectWithoutExtent_Success" />
    </UnitTest>
    <UnitTest name="TestConstructor_ParsingWcfObjectWithNull_Success" storage="d:\actions-runner\_work\xpco\xpco\eventserver\server\components\central\gismap.unittest\bin\x64\debug\videoos.eventserver.gismap.unittest.dll" id="ea4821c7-26a1-2537-47ce-e237cc6ee815">
      <TestCategory>
        <TestCategoryItem TestCategory="BusinessObjects" />
      </TestCategory>
      <Execution id="55e35406-6032-4448-b24b-960e02c95591" />
      <TestMethod codeBase="D:\actions-runner\_work\XPCO\XPCO\EventServer\Server\Components\Central\GisMap.UnitTest\bin\x64\Debug\VideoOS.EventServer.GisMap.UnitTest.dll" adapterTypeName="executor://mstestadapter/v2" className="VideoOS.EventServer.GisMap.UnitTest.BusinessObjects.Layers.ShapeFileLayerTest" name="TestConstructor_ParsingWcfObjectWithNull_Success" />
    </UnitTest>
    <UnitTest name="TestAuditLog_AuditLogWithNullAuditLogger_Failure" storage="d:\actions-runner\_work\xpco\xpco\eventserver\server\components\central\gismap.unittest\bin\x64\debug\videoos.eventserver.gismap.unittest.dll" id="2698abb0-970e-68a1-e045-11a57211a3c2">
      <TestCategory>
        <TestCategoryItem TestCategory="BusinessObjects" />
      </TestCategory>
      <Execution id="431d693d-cb23-4c0e-b2fb-943e110f150b" />
      <TestMethod codeBase="D:\actions-runner\_work\XPCO\XPCO\EventServer\Server\Components\Central\GisMap.UnitTest\bin\x64\Debug\VideoOS.EventServer.GisMap.UnitTest.dll" adapterTypeName="executor://mstestadapter/v2" className="VideoOS.EventServer.GisMap.UnitTest.BusinessObjects.Items.LinkItemTest" name="TestAuditLog_AuditLogWithNullAuditLogger_Failure" />
    </UnitTest>
    <UnitTest name="GetClusters_ThrowsExceptionWhenNotInit" storage="d:\actions-runner\_work\xpco\xpco\eventserver\server\components\central\gismap.unittest\bin\x64\debug\videoos.eventserver.gismap.unittest.dll" id="26371502-1758-5e64-68b2-e0132da265a1">
      <TestCategory>
        <TestCategoryItem TestCategory="BusinessObjects" />
      </TestCategory>
      <Execution id="4de229a2-7ffd-46a8-9143-f66ca5f3dfce" />
      <TestMethod codeBase="D:\actions-runner\_work\XPCO\XPCO\EventServer\Server\Components\Central\GisMap.UnitTest\bin\x64\Debug\VideoOS.EventServer.GisMap.UnitTest.dll" adapterTypeName="executor://mstestadapter/v2" className="VideoOS.EventServer.GisMap.UnitTest.BusinessObjects.Indexer.MapItemIndexerTest" name="GetClusters_ThrowsExceptionWhenNotInit" />
    </UnitTest>
    <UnitTest name="Test_DeleteLevel_ExtraRowsException_Failure" storage="d:\actions-runner\_work\xpco\xpco\eventserver\server\components\central\gismap.unittest\bin\x64\debug\videoos.eventserver.gismap.unittest.dll" id="bb6da51d-3cfc-e61e-30bd-82c9fa83aa16">
      <TestCategory>
        <TestCategoryItem TestCategory="DataComponent" />
      </TestCategory>
      <Execution id="5f9225ff-fdcd-49ff-b0f7-351c24d4661e" />
      <TestMethod codeBase="D:\actions-runner\_work\XPCO\XPCO\EventServer\Server\Components\Central\GisMap.UnitTest\bin\x64\Debug\VideoOS.EventServer.GisMap.UnitTest.dll" adapterTypeName="executor://mstestadapter/v2" className="VideoOS.EventServer.GisMap.UnitTest.DB.DataComponent.BuildingComponent_LevelTest" name="Test_DeleteLevel_ExtraRowsException_Failure" />
    </UnitTest>
    <UnitTest name="TestConstructor_ParsingWcfObjectWithoutExtent_Success" storage="d:\actions-runner\_work\xpco\xpco\eventserver\server\components\central\gismap.unittest\bin\x64\debug\videoos.eventserver.gismap.unittest.dll" id="2d702fc6-7b20-a656-2e48-b8bfa8dc6b8b">
      <TestCategory>
        <TestCategoryItem TestCategory="BusinessObjects" />
      </TestCategory>
      <Execution id="45e2e8d4-d729-4113-a347-c663e4b8b05b" />
      <TestMethod codeBase="D:\actions-runner\_work\XPCO\XPCO\EventServer\Server\Components\Central\GisMap.UnitTest\bin\x64\Debug\VideoOS.EventServer.GisMap.UnitTest.dll" adapterTypeName="executor://mstestadapter/v2" className="VideoOS.EventServer.GisMap.UnitTest.BusinessObjects.Layers.OutputLayerTest" name="TestConstructor_ParsingWcfObjectWithoutExtent_Success" />
    </UnitTest>
    <UnitTest name="ReaddItem_KeepsId" storage="d:\actions-runner\_work\xpco\xpco\eventserver\server\components\central\gismap.unittest\bin\x64\debug\videoos.eventserver.gismap.unittest.dll" id="b8bd6f81-a5e9-d969-ad7d-d2c75c8084ad">
      <TestCategory>
        <TestCategoryItem TestCategory="BusinessObjects" />
      </TestCategory>
      <Execution id="768f342e-2cd8-4b3f-9164-8a83ea276e0d" />
      <TestMethod codeBase="D:\actions-runner\_work\XPCO\XPCO\EventServer\Server\Components\Central\GisMap.UnitTest\bin\x64\Debug\VideoOS.EventServer.GisMap.UnitTest.dll" adapterTypeName="executor://mstestadapter/v2" className="VideoOS.EventServer.GisMap.UnitTest.BusinessObjects.Indexer.Buildings.BuildingIndexTest" name="ReaddItem_KeepsId" />
    </UnitTest>
    <UnitTest name="TestReorderLevels_NullLevels_Failure" storage="d:\actions-runner\_work\xpco\xpco\eventserver\server\components\central\gismap.unittest\bin\x64\debug\videoos.eventserver.gismap.unittest.dll" id="30d72bb8-bb99-a497-ea48-8dc8e58a3e0d">
      <TestCategory>
        <TestCategoryItem TestCategory="DataComponent" />
      </TestCategory>
      <Execution id="c5c58d38-186d-4263-aafe-f60f6e978a90" />
      <TestMethod codeBase="D:\actions-runner\_work\XPCO\XPCO\EventServer\Server\Components\Central\GisMap.UnitTest\bin\x64\Debug\VideoOS.EventServer.GisMap.UnitTest.dll" adapterTypeName="executor://mstestadapter/v2" className="VideoOS.EventServer.GisMap.UnitTest.DB.DataComponent.BuildingComponent_LevelTest" name="TestReorderLevels_NullLevels_Failure" />
    </UnitTest>
    <UnitTest name="TestAuditLog_AuditLogItemChangedWithOldItemOfWrongType_Success" storage="d:\actions-runner\_work\xpco\xpco\eventserver\server\components\central\gismap.unittest\bin\x64\debug\videoos.eventserver.gismap.unittest.dll" id="b3ff4076-6744-0bb7-0212-2bb49c946c00">
      <TestCategory>
        <TestCategoryItem TestCategory="BusinessObjects" />
      </TestCategory>
      <Execution id="7f3ffdbd-6c6c-47b0-9d88-9b36d8ea3f8d" />
      <TestMethod codeBase="D:\actions-runner\_work\XPCO\XPCO\EventServer\Server\Components\Central\GisMap.UnitTest\bin\x64\Debug\VideoOS.EventServer.GisMap.UnitTest.dll" adapterTypeName="executor://mstestadapter/v2" className="VideoOS.EventServer.GisMap.UnitTest.BusinessObjects.Items.LinkItemTest" name="TestAuditLog_AuditLogItemChangedWithOldItemOfWrongType_Success" />
    </UnitTest>
    <UnitTest name="TestConstructor" storage="d:\actions-runner\_work\xpco\xpco\eventserver\server\components\central\gismap.unittest\bin\x64\debug\videoos.eventserver.gismap.unittest.dll" id="6ea25f34-c5cc-0441-bee5-06b40fda8ee3">
      <TestCategory>
        <TestCategoryItem TestCategory="BusinessObjects" />
      </TestCategory>
      <Execution id="c2602e48-6d17-45a5-a236-c3fd7224b3d4" />
      <TestMethod codeBase="D:\actions-runner\_work\XPCO\XPCO\EventServer\Server\Components\Central\GisMap.UnitTest\bin\x64\Debug\VideoOS.EventServer.GisMap.UnitTest.dll" adapterTypeName="executor://mstestadapter/v2" className="VideoOS.EventServer.GisMap.UnitTest.BusinessObjects.Indexer.Clustering.MapItemClusterTest" name="TestConstructor" />
    </UnitTest>
    <UnitTest name="TestProperties_GetProperties_Success" storage="d:\actions-runner\_work\xpco\xpco\eventserver\server\components\central\gismap.unittest\bin\x64\debug\videoos.eventserver.gismap.unittest.dll" id="995898c9-3176-c650-4198-443359757cf6">
      <TestCategory>
        <TestCategoryItem TestCategory="BusinessObjects" />
      </TestCategory>
      <Execution id="740a9c07-8711-4fe1-b14c-d2c6d4e10f4a" />
      <TestMethod codeBase="D:\actions-runner\_work\XPCO\XPCO\EventServer\Server\Components\Central\GisMap.UnitTest\bin\x64\Debug\VideoOS.EventServer.GisMap.UnitTest.dll" adapterTypeName="executor://mstestadapter/v2" className="VideoOS.EventServer.GisMap.UnitTest.BusinessObjects.Maps.MapTest" name="TestProperties_GetProperties_Success" />
    </UnitTest>
    <UnitTest name="TestUpdateBuilding_Exception_Failure" storage="d:\actions-runner\_work\xpco\xpco\eventserver\server\components\central\gismap.unittest\bin\x64\debug\videoos.eventserver.gismap.unittest.dll" id="3af7f087-b7b3-0534-145c-6c01dbaa4992">
      <TestCategory>
        <TestCategoryItem TestCategory="DataComponent" />
      </TestCategory>
      <Execution id="cc4b0f77-b6f0-4036-b7f8-24d6d76c4b15" />
      <TestMethod codeBase="D:\actions-runner\_work\XPCO\XPCO\EventServer\Server\Components\Central\GisMap.UnitTest\bin\x64\Debug\VideoOS.EventServer.GisMap.UnitTest.dll" adapterTypeName="executor://mstestadapter/v2" className="VideoOS.EventServer.GisMap.UnitTest.DB.DataComponent.BuildingComponentTest" name="TestUpdateBuilding_Exception_Failure" />
    </UnitTest>
    <UnitTest name="TestDeleteBuildings_Success" storage="d:\actions-runner\_work\xpco\xpco\eventserver\server\components\central\gismap.unittest\bin\x64\debug\videoos.eventserver.gismap.unittest.dll" id="5434a7c0-cc16-95d0-e718-da944d3bd710">
      <TestCategory>
        <TestCategoryItem TestCategory="DataComponent" />
      </TestCategory>
      <Execution id="aabb5623-5eae-4930-b2ce-b6c6f37c4034" />
      <TestMethod codeBase="D:\actions-runner\_work\XPCO\XPCO\EventServer\Server\Components\Central\GisMap.UnitTest\bin\x64\Debug\VideoOS.EventServer.GisMap.UnitTest.dll" adapterTypeName="executor://mstestadapter/v2" className="VideoOS.EventServer.GisMap.UnitTest.DB.DataComponent.BuildingComponentTest" name="TestDeleteBuildings_Success" />
    </UnitTest>
    <UnitTest name="TestConstructor_Success" storage="d:\actions-runner\_work\xpco\xpco\eventserver\server\components\central\gismap.unittest\bin\x64\debug\videoos.eventserver.gismap.unittest.dll" id="628acf57-7e99-e0c2-5d80-a39c1d7710ca">
      <TestCategory>
        <TestCategoryItem TestCategory="BusinessObjects" />
      </TestCategory>
      <Execution id="e4b4e662-5d56-4d3e-83b9-0b796b1f2206" />
      <TestMethod codeBase="D:\actions-runner\_work\XPCO\XPCO\EventServer\Server\Components\Central\GisMap.UnitTest\bin\x64\Debug\VideoOS.EventServer.GisMap.UnitTest.dll" adapterTypeName="executor://mstestadapter/v2" className="VideoOS.EventServer.GisMap.UnitTest.BusinessObjects.Layers.LegacyLinkLayerTest" name="TestConstructor_Success" />
    </UnitTest>
    <UnitTest name="TestWcfObject_ConvertToWcfObject_Success" storage="d:\actions-runner\_work\xpco\xpco\eventserver\server\components\central\gismap.unittest\bin\x64\debug\videoos.eventserver.gismap.unittest.dll" id="9ae42ec2-98be-00f5-c3e2-5fe90424eff6">
      <TestCategory>
        <TestCategoryItem TestCategory="BusinessObjects" />
      </TestCategory>
      <Execution id="f234d236-34fc-41c5-afc7-d9d67aeed61c" />
      <TestMethod codeBase="D:\actions-runner\_work\XPCO\XPCO\EventServer\Server\Components\Central\GisMap.UnitTest\bin\x64\Debug\VideoOS.EventServer.GisMap.UnitTest.dll" adapterTypeName="executor://mstestadapter/v2" className="VideoOS.EventServer.GisMap.UnitTest.BusinessObjects.Buildings.BuildingMapItemTest" name="TestWcfObject_ConvertToWcfObject_Success" />
    </UnitTest>
    <UnitTest name="TestConstructor_ParsingWcfObjectWithoutOriginalExtent_Success" storage="d:\actions-runner\_work\xpco\xpco\eventserver\server\components\central\gismap.unittest\bin\x64\debug\videoos.eventserver.gismap.unittest.dll" id="ebd43f71-bf52-f6ae-ad03-a45fb0f7a764">
      <TestCategory>
        <TestCategoryItem TestCategory="BusinessObjects" />
      </TestCategory>
      <Execution id="c6e7349e-6768-4413-aa7a-3440a8bf7ba2" />
      <TestMethod codeBase="D:\actions-runner\_work\XPCO\XPCO\EventServer\Server\Components\Central\GisMap.UnitTest\bin\x64\Debug\VideoOS.EventServer.GisMap.UnitTest.dll" adapterTypeName="executor://mstestadapter/v2" className="VideoOS.EventServer.GisMap.UnitTest.BusinessObjects.Layers.ShapeFileLayerTest" name="TestConstructor_ParsingWcfObjectWithoutOriginalExtent_Success" />
    </UnitTest>
    <UnitTest name="TestUpdateProperties_UpdateAllProperties_Success" storage="d:\actions-runner\_work\xpco\xpco\eventserver\server\components\central\gismap.unittest\bin\x64\debug\videoos.eventserver.gismap.unittest.dll" id="2a381028-e7d6-b17f-b4fe-2917fe968631">
      <TestCategory>
        <TestCategoryItem TestCategory="BusinessObjects" />
      </TestCategory>
      <Execution id="fe638b36-7c69-4199-a908-82e977e2a45f" />
      <TestMethod codeBase="D:\actions-runner\_work\XPCO\XPCO\EventServer\Server\Components\Central\GisMap.UnitTest\bin\x64\Debug\VideoOS.EventServer.GisMap.UnitTest.dll" adapterTypeName="executor://mstestadapter/v2" className="VideoOS.EventServer.GisMap.UnitTest.BusinessObjects.Layers.ShapeFileLayerTest" name="TestUpdateProperties_UpdateAllProperties_Success" />
    </UnitTest>
    <UnitTest name="DeleteItem_Success" storage="d:\actions-runner\_work\xpco\xpco\eventserver\server\components\central\gismap.unittest\bin\x64\debug\videoos.eventserver.gismap.unittest.dll" id="d4d79da0-b2ef-366b-9228-bab94436f448">
      <TestCategory>
        <TestCategoryItem TestCategory="GisMapServices" />
      </TestCategory>
      <Execution id="eb75cf9a-35cb-44b8-b2a1-c69514cb942d" />
      <TestMethod codeBase="D:\actions-runner\_work\XPCO\XPCO\EventServer\Server\Components\Central\GisMap.UnitTest\bin\x64\Debug\VideoOS.EventServer.GisMap.UnitTest.dll" adapterTypeName="executor://mstestadapter/v2" className="VideoOS.EventServer.GisMap.UnitTest.Services.Clustering.MapDataUpdaterTest" name="DeleteItem_Success" />
    </UnitTest>
    <UnitTest name="TestUpdateLevel_MultipleRows_Failure" storage="d:\actions-runner\_work\xpco\xpco\eventserver\server\components\central\gismap.unittest\bin\x64\debug\videoos.eventserver.gismap.unittest.dll" id="dddb05dc-f038-643f-0ca6-be77adfeb26d">
      <TestCategory>
        <TestCategoryItem TestCategory="DataComponent" />
      </TestCategory>
      <Execution id="44846d8d-c9fc-4dc3-b7e8-5c94bf30bac0" />
      <TestMethod codeBase="D:\actions-runner\_work\XPCO\XPCO\EventServer\Server\Components\Central\GisMap.UnitTest\bin\x64\Debug\VideoOS.EventServer.GisMap.UnitTest.dll" adapterTypeName="executor://mstestadapter/v2" className="VideoOS.EventServer.GisMap.UnitTest.DB.DataComponent.BuildingComponent_LevelTest" name="TestUpdateLevel_MultipleRows_Failure" />
    </UnitTest>
    <UnitTest name="GetEnabledItemsAsync_Success" storage="d:\actions-runner\_work\xpco\xpco\eventserver\server\components\central\gismap.unittest\bin\x64\debug\videoos.eventserver.gismap.unittest.dll" id="1ae99b50-4a58-b040-2d46-172bf2055039">
      <TestCategory>
        <TestCategoryItem TestCategory="GisMapServices" />
      </TestCategory>
      <Execution id="99c38713-01a9-4f8b-baa4-5ee28ecdc5e1" />
      <TestMethod codeBase="D:\actions-runner\_work\XPCO\XPCO\EventServer\Server\Components\Central\GisMap.UnitTest\bin\x64\Debug\VideoOS.EventServer.GisMap.UnitTest.dll" adapterTypeName="executor://mstestadapter/v2" className="VideoOS.EventServer.GisMap.UnitTest.Services.Clustering.MapDataObtainerTest" name="GetEnabledItemsAsync_Success" />
    </UnitTest>
    <UnitTest name="TestWcfObject_GetWcfObject_Success" storage="d:\actions-runner\_work\xpco\xpco\eventserver\server\components\central\gismap.unittest\bin\x64\debug\videoos.eventserver.gismap.unittest.dll" id="88daf2ce-efc6-44a5-8795-43fb6f1fbf52">
      <TestCategory>
        <TestCategoryItem TestCategory="BusinessObjects" />
      </TestCategory>
      <Execution id="00745c63-210d-4be7-af8e-6e38b52ef2f8" />
      <TestMethod codeBase="D:\actions-runner\_work\XPCO\XPCO\EventServer\Server\Components\Central\GisMap.UnitTest\bin\x64\Debug\VideoOS.EventServer.GisMap.UnitTest.dll" adapterTypeName="executor://mstestadapter/v2" className="VideoOS.EventServer.GisMap.UnitTest.BusinessObjects.Layers.ViewZoneLayerTest" name="TestWcfObject_GetWcfObject_Success" />
    </UnitTest>
    <UnitTest name="TestWcfObject_GetWcfObject_Success" storage="d:\actions-runner\_work\xpco\xpco\eventserver\server\components\central\gismap.unittest\bin\x64\debug\videoos.eventserver.gismap.unittest.dll" id="947db48e-1376-6f82-4699-fabe624cbabf">
      <TestCategory>
        <TestCategoryItem TestCategory="BusinessObjects" />
      </TestCategory>
      <Execution id="f1eeb192-4f42-4741-b21d-d01838fa03a0" />
      <TestMethod codeBase="D:\actions-runner\_work\XPCO\XPCO\EventServer\Server\Components\Central\GisMap.UnitTest\bin\x64\Debug\VideoOS.EventServer.GisMap.UnitTest.dll" adapterTypeName="executor://mstestadapter/v2" className="VideoOS.EventServer.GisMap.UnitTest.BusinessObjects.Items.LocationItemTest" name="TestWcfObject_GetWcfObject_Success" />
    </UnitTest>
    <UnitTest name="TestConstructor_ParsingWcfObjectNullOuterRing_Success" storage="d:\actions-runner\_work\xpco\xpco\eventserver\server\components\central\gismap.unittest\bin\x64\debug\videoos.eventserver.gismap.unittest.dll" id="6e851fc6-093b-40f1-26c3-a3721c560c72">
      <TestCategory>
        <TestCategoryItem TestCategory="BusinessObjects" />
      </TestCategory>
      <Execution id="f235e1b6-bdcf-4b5d-8337-16eb772211b8" />
      <TestMethod codeBase="D:\actions-runner\_work\XPCO\XPCO\EventServer\Server\Components\Central\GisMap.UnitTest\bin\x64\Debug\VideoOS.EventServer.GisMap.UnitTest.dll" adapterTypeName="executor://mstestadapter/v2" className="VideoOS.EventServer.GisMap.UnitTest.BusinessObjects.Buildings.BuildingTest" name="TestConstructor_ParsingWcfObjectNullOuterRing_Success" />
    </UnitTest>
    <UnitTest name="GetGisMapKindsAsync_Success" storage="d:\actions-runner\_work\xpco\xpco\eventserver\server\components\central\gismap.unittest\bin\x64\debug\videoos.eventserver.gismap.unittest.dll" id="06111c50-7e5d-ae8d-e57b-4555dcb06eea">
      <TestCategory>
        <TestCategoryItem TestCategory="GisMapServices" />
      </TestCategory>
      <Execution id="52601019-4f30-4fed-a4a4-17e5011e1630" />
      <TestMethod codeBase="D:\actions-runner\_work\XPCO\XPCO\EventServer\Server\Components\Central\GisMap.UnitTest\bin\x64\Debug\VideoOS.EventServer.GisMap.UnitTest.dll" adapterTypeName="executor://mstestadapter/v2" className="VideoOS.EventServer.GisMap.UnitTest.Services.Clustering.MapDataObtainerTest" name="GetGisMapKindsAsync_Success" />
    </UnitTest>
    <UnitTest name="TestAddBuilding_UnknownBuilding_Success" storage="d:\actions-runner\_work\xpco\xpco\eventserver\server\components\central\gismap.unittest\bin\x64\debug\videoos.eventserver.gismap.unittest.dll" id="749c19e7-aee0-159d-ac54-1cec5332e8a7">
      <TestCategory>
        <TestCategoryItem TestCategory="DataComponent" />
      </TestCategory>
      <Execution id="714595eb-7074-4d10-bdcb-dd0d5197feff" />
      <TestMethod codeBase="D:\actions-runner\_work\XPCO\XPCO\EventServer\Server\Components\Central\GisMap.UnitTest\bin\x64\Debug\VideoOS.EventServer.GisMap.UnitTest.dll" adapterTypeName="executor://mstestadapter/v2" className="VideoOS.EventServer.GisMap.UnitTest.DB.DataComponent.BuildingComponentTest" name="TestAddBuilding_UnknownBuilding_Success" />
    </UnitTest>
    <UnitTest name="TestAddLayer_Success" storage="d:\actions-runner\_work\xpco\xpco\eventserver\server\components\central\gismap.unittest\bin\x64\debug\videoos.eventserver.gismap.unittest.dll" id="9e263691-77f1-8197-8698-8c7739de3ed1">
      <TestCategory>
        <TestCategoryItem TestCategory="DataComponent" />
      </TestCategory>
      <Execution id="8cad2ddb-4524-47e6-84f3-b46f3d8f61de" />
      <TestMethod codeBase="D:\actions-runner\_work\XPCO\XPCO\EventServer\Server\Components\Central\GisMap.UnitTest\bin\x64\Debug\VideoOS.EventServer.GisMap.UnitTest.dll" adapterTypeName="executor://mstestadapter/v2" className="VideoOS.EventServer.GisMap.UnitTest.DB.DataComponent.LayerComponentTest" name="TestAddLayer_Success" />
    </UnitTest>
    <UnitTest name="TestAddMultipleCapabilities_Success" storage="d:\actions-runner\_work\xpco\xpco\eventserver\server\components\central\gismap.unittest\bin\x64\debug\videoos.eventserver.gismap.unittest.dll" id="25894435-1855-c2d6-e621-cd9632fe96ea">
      <Execution id="c212cec4-b5ff-4d69-8ffb-d6c05354afd3" />
      <TestMethod codeBase="D:\actions-runner\_work\XPCO\XPCO\EventServer\Server\Components\Central\GisMap.UnitTest\bin\x64\Debug\VideoOS.EventServer.GisMap.UnitTest.dll" adapterTypeName="executor://mstestadapter/v2" className="VideoOS.EventServer.GisMap.UnitTest.Services.Capabilities.ServerCapabilitiesTest" name="TestAddMultipleCapabilities_Success" />
    </UnitTest>
    <UnitTest name="TestQueryBuildingByBuildingId_MultipleRows_Failure" storage="d:\actions-runner\_work\xpco\xpco\eventserver\server\components\central\gismap.unittest\bin\x64\debug\videoos.eventserver.gismap.unittest.dll" id="873b0ec3-8762-3e25-eb95-5c23fee39684">
      <TestCategory>
        <TestCategoryItem TestCategory="DataComponent" />
      </TestCategory>
      <Execution id="7a08d227-2ae4-4637-bd80-9f8e42327642" />
      <TestMethod codeBase="D:\actions-runner\_work\XPCO\XPCO\EventServer\Server\Components\Central\GisMap.UnitTest\bin\x64\Debug\VideoOS.EventServer.GisMap.UnitTest.dll" adapterTypeName="executor://mstestadapter/v2" className="VideoOS.EventServer.GisMap.UnitTest.DB.DataComponent.BuildingComponentTest" name="TestQueryBuildingByBuildingId_MultipleRows_Failure" />
    </UnitTest>
    <UnitTest name="GetMipPlugins_Success" storage="d:\actions-runner\_work\xpco\xpco\eventserver\server\components\central\gismap.unittest\bin\x64\debug\videoos.eventserver.gismap.unittest.dll" id="db7de401-b646-d928-1a5f-89bb54cdcee8">
      <TestCategory>
        <TestCategoryItem TestCategory="GisMapMipItems" />
      </TestCategory>
      <Execution id="bc5e06b0-bcc6-468b-b37d-efeb936bb041" />
      <TestMethod codeBase="D:\actions-runner\_work\XPCO\XPCO\EventServer\Server\Components\Central\GisMap.UnitTest\bin\x64\Debug\VideoOS.EventServer.GisMap.UnitTest.dll" adapterTypeName="executor://mstestadapter/v2" className="VideoOS.EventServer.GisMap.UnitTest.WebService.GisMipItemCommandTest" name="GetMipPlugins_Success" />
    </UnitTest>
    <UnitTest name="TestUpdateBuildings_OnlyUnknownBuildings_Success" storage="d:\actions-runner\_work\xpco\xpco\eventserver\server\components\central\gismap.unittest\bin\x64\debug\videoos.eventserver.gismap.unittest.dll" id="d1573ce3-bd92-2600-94b7-f1c11afafb7b">
      <TestCategory>
        <TestCategoryItem TestCategory="DataComponent" />
      </TestCategory>
      <Execution id="916e698a-a683-48cf-9241-48b4079bf53a" />
      <TestMethod codeBase="D:\actions-runner\_work\XPCO\XPCO\EventServer\Server\Components\Central\GisMap.UnitTest\bin\x64\Debug\VideoOS.EventServer.GisMap.UnitTest.dll" adapterTypeName="executor://mstestadapter/v2" className="VideoOS.EventServer.GisMap.UnitTest.DB.DataComponent.BuildingComponentTest" name="TestUpdateBuildings_OnlyUnknownBuildings_Success" />
    </UnitTest>
    <UnitTest name="TestAddBuildings_DatabaseException_UniqueKeyViolation_Failure" storage="d:\actions-runner\_work\xpco\xpco\eventserver\server\components\central\gismap.unittest\bin\x64\debug\videoos.eventserver.gismap.unittest.dll" id="9a55c708-d962-076a-f8e4-d8ec5dc295cc">
      <TestCategory>
        <TestCategoryItem TestCategory="DataComponent" />
      </TestCategory>
      <Execution id="2030e0d1-1122-47e3-98c1-8b5c0d0a4a28" />
      <TestMethod codeBase="D:\actions-runner\_work\XPCO\XPCO\EventServer\Server\Components\Central\GisMap.UnitTest\bin\x64\Debug\VideoOS.EventServer.GisMap.UnitTest.dll" adapterTypeName="executor://mstestadapter/v2" className="VideoOS.EventServer.GisMap.UnitTest.DB.DataComponent.BuildingComponentTest" name="TestAddBuildings_DatabaseException_UniqueKeyViolation_Failure" />
    </UnitTest>
    <UnitTest name="TestConvertToType_NullType_Success" storage="d:\actions-runner\_work\xpco\xpco\eventserver\server\components\central\gismap.unittest\bin\x64\debug\videoos.eventserver.gismap.unittest.dll" id="3d0918cf-f564-1118-2b0c-d32328146c5b">
      <Execution id="dc739a46-4693-4401-88d3-6b6da78345ea" />
      <TestMethod codeBase="D:\actions-runner\_work\XPCO\XPCO\EventServer\Server\Components\Central\GisMap.UnitTest\bin\x64\Debug\VideoOS.EventServer.GisMap.UnitTest.dll" adapterTypeName="executor://mstestadapter/v2" className="VideoOS.EventServer.GisMap.UnitTest.DB.Converters.DatabaseTypeNameConverterTest" name="TestConvertToType_NullType_Success" />
    </UnitTest>
    <UnitTest name="Test_DeleteLevels_EmptyArgument_Succes" storage="d:\actions-runner\_work\xpco\xpco\eventserver\server\components\central\gismap.unittest\bin\x64\debug\videoos.eventserver.gismap.unittest.dll" id="63e3d58e-77fe-7338-b4b2-5c415ed1e848">
      <TestCategory>
        <TestCategoryItem TestCategory="DataComponent" />
      </TestCategory>
      <Execution id="d837d88b-df70-427c-a45d-f124bd45366f" />
      <TestMethod codeBase="D:\actions-runner\_work\XPCO\XPCO\EventServer\Server\Components\Central\GisMap.UnitTest\bin\x64\Debug\VideoOS.EventServer.GisMap.UnitTest.dll" adapterTypeName="executor://mstestadapter/v2" className="VideoOS.EventServer.GisMap.UnitTest.DB.DataComponent.BuildingComponent_LevelTest" name="Test_DeleteLevels_EmptyArgument_Succes" />
    </UnitTest>
    <UnitTest name="TestProperties_GetProperties_Success" storage="d:\actions-runner\_work\xpco\xpco\eventserver\server\components\central\gismap.unittest\bin\x64\debug\videoos.eventserver.gismap.unittest.dll" id="80efc0c9-dbbe-5e7f-5fb7-2414b5b4faf7">
      <TestCategory>
        <TestCategoryItem TestCategory="BusinessObjects" />
      </TestCategory>
      <Execution id="494820ae-d6a7-4225-814c-ffabdc779c3b" />
      <TestMethod codeBase="D:\actions-runner\_work\XPCO\XPCO\EventServer\Server\Components\Central\GisMap.UnitTest\bin\x64\Debug\VideoOS.EventServer.GisMap.UnitTest.dll" adapterTypeName="executor://mstestadapter/v2" className="VideoOS.EventServer.GisMap.UnitTest.BusinessObjects.Items.LinkItemTest" name="TestProperties_GetProperties_Success" />
    </UnitTest>
    <UnitTest name="TestConstructor_Success" storage="d:\actions-runner\_work\xpco\xpco\eventserver\server\components\central\gismap.unittest\bin\x64\debug\videoos.eventserver.gismap.unittest.dll" id="aca4d5ad-1c9b-c802-daeb-95a056e1dffe">
      <Execution id="488c958b-7dd3-43ca-94ee-c35d75264857" />
      <TestMethod codeBase="D:\actions-runner\_work\XPCO\XPCO\EventServer\Server\Components\Central\GisMap.UnitTest\bin\x64\Debug\VideoOS.EventServer.GisMap.UnitTest.dll" adapterTypeName="executor://mstestadapter/v2" className="VideoOS.EventServer.GisMap.UnitTest.Services.Capabilities.ServerCapabilitiesTest" name="TestConstructor_Success" />
    </UnitTest>
    <UnitTest name="TestWcfObject_GetWcfObject_Success" storage="d:\actions-runner\_work\xpco\xpco\eventserver\server\components\central\gismap.unittest\bin\x64\debug\videoos.eventserver.gismap.unittest.dll" id="b5a1ec9c-efba-50d6-27f6-dccb30113c80">
      <TestCategory>
        <TestCategoryItem TestCategory="BusinessObjects" />
      </TestCategory>
      <Execution id="1fa6dc4e-cecd-4544-a5fc-1870c71b7642" />
      <TestMethod codeBase="D:\actions-runner\_work\XPCO\XPCO\EventServer\Server\Components\Central\GisMap.UnitTest\bin\x64\Debug\VideoOS.EventServer.GisMap.UnitTest.dll" adapterTypeName="executor://mstestadapter/v2" className="VideoOS.EventServer.GisMap.UnitTest.BusinessObjects.TransformInfoTest" name="TestWcfObject_GetWcfObject_Success" />
    </UnitTest>
    <UnitTest name="TestAuditLog_AuditLogWithNullItemAuditParameters_Failure" storage="d:\actions-runner\_work\xpco\xpco\eventserver\server\components\central\gismap.unittest\bin\x64\debug\videoos.eventserver.gismap.unittest.dll" id="2c89b3f6-f469-5955-a32a-c0758733b827">
      <TestCategory>
        <TestCategoryItem TestCategory="BusinessObjects" />
      </TestCategory>
      <Execution id="93e561eb-06cf-4a01-b10c-492e64074051" />
      <TestMethod codeBase="D:\actions-runner\_work\XPCO\XPCO\EventServer\Server\Components\Central\GisMap.UnitTest\bin\x64\Debug\VideoOS.EventServer.GisMap.UnitTest.dll" adapterTypeName="executor://mstestadapter/v2" className="VideoOS.EventServer.GisMap.UnitTest.BusinessObjects.Layers.CADLayerTest" name="TestAuditLog_AuditLogWithNullItemAuditParameters_Failure" />
    </UnitTest>
    <UnitTest name="ChangeBuildingGeography_Silent_WhenBuildingNotExists" storage="d:\actions-runner\_work\xpco\xpco\eventserver\server\components\central\gismap.unittest\bin\x64\debug\videoos.eventserver.gismap.unittest.dll" id="47858b52-dec3-79cc-8ffc-6f311ff9916e">
      <TestCategory>
        <TestCategoryItem TestCategory="BusinessObjects" />
      </TestCategory>
      <Execution id="75428314-b9c5-4ca8-82b1-2f25179b8681" />
      <TestMethod codeBase="D:\actions-runner\_work\XPCO\XPCO\EventServer\Server\Components\Central\GisMap.UnitTest\bin\x64\Debug\VideoOS.EventServer.GisMap.UnitTest.dll" adapterTypeName="executor://mstestadapter/v2" className="VideoOS.EventServer.GisMap.UnitTest.BusinessObjects.Indexer.Buildings.BuildingItemsIndexerTest" name="ChangeBuildingGeography_Silent_WhenBuildingNotExists" />
    </UnitTest>
    <UnitTest name="TestAddCapability_NullValue_Failure" storage="d:\actions-runner\_work\xpco\xpco\eventserver\server\components\central\gismap.unittest\bin\x64\debug\videoos.eventserver.gismap.unittest.dll" id="67bcce03-d474-bfa1-ea71-cde16b0abd49">
      <Execution id="72b6474d-76a0-4cf2-b20c-4fbb417f3cbf" />
      <TestMethod codeBase="D:\actions-runner\_work\XPCO\XPCO\EventServer\Server\Components\Central\GisMap.UnitTest\bin\x64\Debug\VideoOS.EventServer.GisMap.UnitTest.dll" adapterTypeName="executor://mstestadapter/v2" className="VideoOS.EventServer.GisMap.UnitTest.Services.Capabilities.ServerCapabilitiesTest" name="TestAddCapability_NullValue_Failure" />
    </UnitTest>
    <UnitTest name="TestWcfObject_GetWcfObjectWithoutTransformInfo_Success" storage="d:\actions-runner\_work\xpco\xpco\eventserver\server\components\central\gismap.unittest\bin\x64\debug\videoos.eventserver.gismap.unittest.dll" id="2c375059-c2c0-ba34-5158-7a6baae556a6">
      <TestCategory>
        <TestCategoryItem TestCategory="BusinessObjects" />
      </TestCategory>
      <Execution id="93399ae1-9e97-4339-aa85-bfd997ccb936" />
      <TestMethod codeBase="D:\actions-runner\_work\XPCO\XPCO\EventServer\Server\Components\Central\GisMap.UnitTest\bin\x64\Debug\VideoOS.EventServer.GisMap.UnitTest.dll" adapterTypeName="executor://mstestadapter/v2" className="VideoOS.EventServer.GisMap.UnitTest.BusinessObjects.Layers.ImageLayerTest" name="TestWcfObject_GetWcfObjectWithoutTransformInfo_Success" />
    </UnitTest>
    <UnitTest name="TestAuditLog_AuditLogLegacyLinkToChildServerAdded_Success" storage="d:\actions-runner\_work\xpco\xpco\eventserver\server\components\central\gismap.unittest\bin\x64\debug\videoos.eventserver.gismap.unittest.dll" id="adebe84a-b2cb-66de-0691-9ff1e7eec31f">
      <TestCategory>
        <TestCategoryItem TestCategory="BusinessObjects" />
      </TestCategory>
      <Execution id="13ae2266-46b7-4e7a-9a06-f74c6284591e" />
      <TestMethod codeBase="D:\actions-runner\_work\XPCO\XPCO\EventServer\Server\Components\Central\GisMap.UnitTest\bin\x64\Debug\VideoOS.EventServer.GisMap.UnitTest.dll" adapterTypeName="executor://mstestadapter/v2" className="VideoOS.EventServer.GisMap.UnitTest.BusinessObjects.Items.LegacyLinkItemTest" name="TestAuditLog_AuditLogLegacyLinkToChildServerAdded_Success" />
    </UnitTest>
    <UnitTest name="AllItems_ExistAfterAddItems_InsertExcludedItems" storage="d:\actions-runner\_work\xpco\xpco\eventserver\server\components\central\gismap.unittest\bin\x64\debug\videoos.eventserver.gismap.unittest.dll" id="71b46026-ee57-7414-4cfe-318877eaaba4">
      <TestCategory>
        <TestCategoryItem TestCategory="BusinessObjects" />
      </TestCategory>
      <Execution id="7040817d-9ea5-4d13-b946-c452d40acda7" />
      <TestMethod codeBase="D:\actions-runner\_work\XPCO\XPCO\EventServer\Server\Components\Central\GisMap.UnitTest\bin\x64\Debug\VideoOS.EventServer.GisMap.UnitTest.dll" adapterTypeName="executor://mstestadapter/v2" className="VideoOS.EventServer.GisMap.UnitTest.BusinessObjects.Indexer.MapItemIndexerTest" name="AllItems_ExistAfterAddItems_InsertExcludedItems" />
    </UnitTest>
    <UnitTest name="TestConstructor_NullName_Failure" storage="d:\actions-runner\_work\xpco\xpco\eventserver\server\components\central\gismap.unittest\bin\x64\debug\videoos.eventserver.gismap.unittest.dll" id="21164ddf-0ff1-4552-16fa-82b564f20ece">
      <Execution id="ddd0f542-a50b-4252-8661-a72aad5f43e8" />
      <TestMethod codeBase="D:\actions-runner\_work\XPCO\XPCO\EventServer\Server\Components\Central\GisMap.UnitTest\bin\x64\Debug\VideoOS.EventServer.GisMap.UnitTest.dll" adapterTypeName="executor://mstestadapter/v2" className="VideoOS.EventServer.GisMap.UnitTest.Services.Capabilities.ServerCapabilityTest" name="TestConstructor_NullName_Failure" />
    </UnitTest>
    <UnitTest name="TestProperties_GetPropertiesFromWcfObjectWithoutTransformInfo_Success" storage="d:\actions-runner\_work\xpco\xpco\eventserver\server\components\central\gismap.unittest\bin\x64\debug\videoos.eventserver.gismap.unittest.dll" id="792cb16d-f91f-d7a2-bf2a-18f4a208d9a6">
      <TestCategory>
        <TestCategoryItem TestCategory="BusinessObjects" />
      </TestCategory>
      <Execution id="63fb5703-a7b1-49b2-a92e-597da259a67b" />
      <TestMethod codeBase="D:\actions-runner\_work\XPCO\XPCO\EventServer\Server\Components\Central\GisMap.UnitTest\bin\x64\Debug\VideoOS.EventServer.GisMap.UnitTest.dll" adapterTypeName="executor://mstestadapter/v2" className="VideoOS.EventServer.GisMap.UnitTest.BusinessObjects.Layers.ImageLayerTest" name="TestProperties_GetPropertiesFromWcfObjectWithoutTransformInfo_Success" />
    </UnitTest>
    <UnitTest name="TestConstructor_EmptyName_Failure" storage="d:\actions-runner\_work\xpco\xpco\eventserver\server\components\central\gismap.unittest\bin\x64\debug\videoos.eventserver.gismap.unittest.dll" id="72a58601-6a0b-286c-f611-d0390f38d4b1">
      <Execution id="10194a26-b9fd-40dd-a2dc-d695775e0302" />
      <TestMethod codeBase="D:\actions-runner\_work\XPCO\XPCO\EventServer\Server\Components\Central\GisMap.UnitTest\bin\x64\Debug\VideoOS.EventServer.GisMap.UnitTest.dll" adapterTypeName="executor://mstestadapter/v2" className="VideoOS.EventServer.GisMap.UnitTest.Services.Capabilities.ServerCapabilityTest" name="TestConstructor_EmptyName_Failure" />
    </UnitTest>
    <UnitTest name="OnBuildingsAdded" storage="d:\actions-runner\_work\xpco\xpco\eventserver\server\components\central\gismap.unittest\bin\x64\debug\videoos.eventserver.gismap.unittest.dll" id="127f6b6f-60eb-7684-1110-d02ee3eb235d">
      <TestCategory>
        <TestCategoryItem TestCategory="GisMapServices" />
      </TestCategory>
      <Execution id="28777dd7-206e-425b-ab41-9f75383343b8" />
      <TestMethod codeBase="D:\actions-runner\_work\XPCO\XPCO\EventServer\Server\Components\Central\GisMap.UnitTest\bin\x64\Debug\VideoOS.EventServer.GisMap.UnitTest.dll" adapterTypeName="executor://mstestadapter/v2" className="VideoOS.EventServer.GisMap.UnitTest.Services.Events.EventBusTest" name="OnBuildingsAdded" />
    </UnitTest>
    <UnitTest name="TestUpdateProperties_UpdateAllProperties_Success" storage="d:\actions-runner\_work\xpco\xpco\eventserver\server\components\central\gismap.unittest\bin\x64\debug\videoos.eventserver.gismap.unittest.dll" id="8ce8a134-b594-8a0e-fee7-c4fad8487f31">
      <TestCategory>
        <TestCategoryItem TestCategory="BusinessObjects" />
      </TestCategory>
      <Execution id="43f45ab7-0ab2-4de2-9e47-d3caebb4dd12" />
      <TestMethod codeBase="D:\actions-runner\_work\XPCO\XPCO\EventServer\Server\Components\Central\GisMap.UnitTest\bin\x64\Debug\VideoOS.EventServer.GisMap.UnitTest.dll" adapterTypeName="executor://mstestadapter/v2" className="VideoOS.EventServer.GisMap.UnitTest.BusinessObjects.Layers.LocationLayerTest" name="TestUpdateProperties_UpdateAllProperties_Success" />
    </UnitTest>
    <UnitTest name="TestConstructor_ParsingWcfObjectWithNullPosition_Success" storage="d:\actions-runner\_work\xpco\xpco\eventserver\server\components\central\gismap.unittest\bin\x64\debug\videoos.eventserver.gismap.unittest.dll" id="8d3ecfb5-4f4c-425b-4ea5-1bf251a4964d">
      <TestCategory>
        <TestCategoryItem TestCategory="BusinessObjects" />
      </TestCategory>
      <Execution id="64ab0d62-0efa-4ca9-8f59-29d0807b339e" />
      <TestMethod codeBase="D:\actions-runner\_work\XPCO\XPCO\EventServer\Server\Components\Central\GisMap.UnitTest\bin\x64\Debug\VideoOS.EventServer.GisMap.UnitTest.dll" adapterTypeName="executor://mstestadapter/v2" className="VideoOS.EventServer.GisMap.UnitTest.BusinessObjects.Maps.MapTest" name="TestConstructor_ParsingWcfObjectWithNullPosition_Success" />
    </UnitTest>
    <UnitTest name="TestProperties_GetPropertiesFromWcfObjectWithoutExtent_Success" storage="d:\actions-runner\_work\xpco\xpco\eventserver\server\components\central\gismap.unittest\bin\x64\debug\videoos.eventserver.gismap.unittest.dll" id="80e59a76-986a-dbc8-dce4-bff838813140">
      <TestCategory>
        <TestCategoryItem TestCategory="BusinessObjects" />
      </TestCategory>
      <Execution id="6fd341e7-eb10-4116-b1bf-357fcac59902" />
      <TestMethod codeBase="D:\actions-runner\_work\XPCO\XPCO\EventServer\Server\Components\Central\GisMap.UnitTest\bin\x64\Debug\VideoOS.EventServer.GisMap.UnitTest.dll" adapterTypeName="executor://mstestadapter/v2" className="VideoOS.EventServer.GisMap.UnitTest.BusinessObjects.Layers.ImageLayerTest" name="TestProperties_GetPropertiesFromWcfObjectWithoutExtent_Success" />
    </UnitTest>
    <UnitTest name="TestUpdateLevels_OnlyUnknownLevels_Success" storage="d:\actions-runner\_work\xpco\xpco\eventserver\server\components\central\gismap.unittest\bin\x64\debug\videoos.eventserver.gismap.unittest.dll" id="7a702412-b890-3df3-5368-b92412527630">
      <TestCategory>
        <TestCategoryItem TestCategory="DataComponent" />
      </TestCategory>
      <Execution id="403a79fc-2743-4f22-95de-c447c953d03a" />
      <TestMethod codeBase="D:\actions-runner\_work\XPCO\XPCO\EventServer\Server\Components\Central\GisMap.UnitTest\bin\x64\Debug\VideoOS.EventServer.GisMap.UnitTest.dll" adapterTypeName="executor://mstestadapter/v2" className="VideoOS.EventServer.GisMap.UnitTest.DB.DataComponent.BuildingComponent_LevelTest" name="TestUpdateLevels_OnlyUnknownLevels_Success" />
    </UnitTest>
    <UnitTest name="TestUpdateLevel_DatabaseException_Failure" storage="d:\actions-runner\_work\xpco\xpco\eventserver\server\components\central\gismap.unittest\bin\x64\debug\videoos.eventserver.gismap.unittest.dll" id="d7acaedb-eac0-4b1f-6d63-f57e9d538c04">
      <TestCategory>
        <TestCategoryItem TestCategory="DataComponent" />
      </TestCategory>
      <Execution id="27f72c26-67d9-44c5-bada-805eadc58f4d" />
      <TestMethod codeBase="D:\actions-runner\_work\XPCO\XPCO\EventServer\Server\Components\Central\GisMap.UnitTest\bin\x64\Debug\VideoOS.EventServer.GisMap.UnitTest.dll" adapterTypeName="executor://mstestadapter/v2" className="VideoOS.EventServer.GisMap.UnitTest.DB.DataComponent.BuildingComponent_LevelTest" name="TestUpdateLevel_DatabaseException_Failure" />
    </UnitTest>
    <UnitTest name="TestConstructor_ParsingWcfObject_Success" storage="d:\actions-runner\_work\xpco\xpco\eventserver\server\components\central\gismap.unittest\bin\x64\debug\videoos.eventserver.gismap.unittest.dll" id="55bf2929-b444-c088-260d-e1f54a53793f">
      <TestCategory>
        <TestCategoryItem TestCategory="BusinessObjects" />
      </TestCategory>
      <Execution id="ac925e56-a228-4235-b97b-747a7dc601eb" />
      <TestMethod codeBase="D:\actions-runner\_work\XPCO\XPCO\EventServer\Server\Components\Central\GisMap.UnitTest\bin\x64\Debug\VideoOS.EventServer.GisMap.UnitTest.dll" adapterTypeName="executor://mstestadapter/v2" className="VideoOS.EventServer.GisMap.UnitTest.BusinessObjects.Repositories.CADRepositoryTest" name="TestConstructor_ParsingWcfObject_Success" />
    </UnitTest>
    <UnitTest name="TestWcfObject_GetWcfObjectWithoutExtent_Success" storage="d:\actions-runner\_work\xpco\xpco\eventserver\server\components\central\gismap.unittest\bin\x64\debug\videoos.eventserver.gismap.unittest.dll" id="8181e78a-574d-c8c0-84ae-90ed41d2011e">
      <TestCategory>
        <TestCategoryItem TestCategory="BusinessObjects" />
      </TestCategory>
      <Execution id="93e95e48-662a-427c-9920-51f2c060bbc1" />
      <TestMethod codeBase="D:\actions-runner\_work\XPCO\XPCO\EventServer\Server\Components\Central\GisMap.UnitTest\bin\x64\Debug\VideoOS.EventServer.GisMap.UnitTest.dll" adapterTypeName="executor://mstestadapter/v2" className="VideoOS.EventServer.GisMap.UnitTest.BusinessObjects.Layers.MipLayerTest" name="TestWcfObject_GetWcfObjectWithoutExtent_Success" />
    </UnitTest>
    <UnitTest name="TestAuditLog_AuditLogChanged_RemovingLegacyLinkWithValidTargetMapId_Success" storage="d:\actions-runner\_work\xpco\xpco\eventserver\server\components\central\gismap.unittest\bin\x64\debug\videoos.eventserver.gismap.unittest.dll" id="09569d09-2516-706e-d9b6-9e01c0be7776">
      <TestCategory>
        <TestCategoryItem TestCategory="BusinessObjects" />
      </TestCategory>
      <Execution id="e0d674cf-d080-48a6-8997-5abcde7895fa" />
      <TestMethod codeBase="D:\actions-runner\_work\XPCO\XPCO\EventServer\Server\Components\Central\GisMap.UnitTest\bin\x64\Debug\VideoOS.EventServer.GisMap.UnitTest.dll" adapterTypeName="executor://mstestadapter/v2" className="VideoOS.EventServer.GisMap.UnitTest.BusinessObjects.Items.LegacyLinkItemTest" name="TestAuditLog_AuditLogChanged_RemovingLegacyLinkWithValidTargetMapId_Success" />
    </UnitTest>
    <UnitTest name="TestConstructor_Success" storage="d:\actions-runner\_work\xpco\xpco\eventserver\server\components\central\gismap.unittest\bin\x64\debug\videoos.eventserver.gismap.unittest.dll" id="660a99f8-6ec0-ed3b-6042-ca002a4fe61b">
      <TestCategory>
        <TestCategoryItem TestCategory="BusinessObjects" />
      </TestCategory>
      <Execution id="8abc0315-4624-47c0-a03b-2ccbb5530301" />
      <TestMethod codeBase="D:\actions-runner\_work\XPCO\XPCO\EventServer\Server\Components\Central\GisMap.UnitTest\bin\x64\Debug\VideoOS.EventServer.GisMap.UnitTest.dll" adapterTypeName="executor://mstestadapter/v2" className="VideoOS.EventServer.GisMap.UnitTest.BusinessObjects.Layers.OutputLayerTest" name="TestConstructor_Success" />
    </UnitTest>
    <UnitTest name="GetMipItemsByKindAndArea_CallsFilter" storage="d:\actions-runner\_work\xpco\xpco\eventserver\server\components\central\gismap.unittest\bin\x64\debug\videoos.eventserver.gismap.unittest.dll" id="a30fc66d-627a-89ef-95f1-4ebe1ee9d820">
      <TestCategory>
        <TestCategoryItem TestCategory="GisMapMipItems" />
      </TestCategory>
      <Execution id="845bd52b-d87a-417f-b651-c7a7fdff5c72" />
      <TestMethod codeBase="D:\actions-runner\_work\XPCO\XPCO\EventServer\Server\Components\Central\GisMap.UnitTest\bin\x64\Debug\VideoOS.EventServer.GisMap.UnitTest.dll" adapterTypeName="executor://mstestadapter/v2" className="VideoOS.EventServer.GisMap.UnitTest.WebService.GisMipItemCommandTest" name="GetMipItemsByKindAndArea_CallsFilter" />
    </UnitTest>
    <UnitTest name="TestProperties_GetPropertiesFromWcfObject_Success" storage="d:\actions-runner\_work\xpco\xpco\eventserver\server\components\central\gismap.unittest\bin\x64\debug\videoos.eventserver.gismap.unittest.dll" id="4258ec35-f944-5fda-746a-95233f9dcbef">
      <TestCategory>
        <TestCategoryItem TestCategory="BusinessObjects" />
      </TestCategory>
      <Execution id="27a4ee7a-511e-4a7d-b5e0-a2125d519e4f" />
      <TestMethod codeBase="D:\actions-runner\_work\XPCO\XPCO\EventServer\Server\Components\Central\GisMap.UnitTest\bin\x64\Debug\VideoOS.EventServer.GisMap.UnitTest.dll" adapterTypeName="executor://mstestadapter/v2" className="VideoOS.EventServer.GisMap.UnitTest.BusinessObjects.RectangleTest" name="TestProperties_GetPropertiesFromWcfObject_Success" />
    </UnitTest>
    <UnitTest name="GetClusters_PassesZoomOffsetToIndexer" storage="d:\actions-runner\_work\xpco\xpco\eventserver\server\components\central\gismap.unittest\bin\x64\debug\videoos.eventserver.gismap.unittest.dll" id="76e8e25b-7f65-8c60-0639-561ef8c308e2">
      <TestCategory>
        <TestCategoryItem TestCategory="GisMapServices" />
      </TestCategory>
      <Execution id="d72861c9-8d4a-47ad-951b-1c24717214c8" />
      <TestMethod codeBase="D:\actions-runner\_work\XPCO\XPCO\EventServer\Server\Components\Central\GisMap.UnitTest\bin\x64\Debug\VideoOS.EventServer.GisMap.UnitTest.dll" adapterTypeName="executor://mstestadapter/v2" className="VideoOS.EventServer.GisMap.UnitTest.Services.Clustering.ItemClusteringServiceTest" name="GetClusters_PassesZoomOffsetToIndexer" />
    </UnitTest>
    <UnitTest name="TestUpdateProperties_UpdateAllProperties_Success" storage="d:\actions-runner\_work\xpco\xpco\eventserver\server\components\central\gismap.unittest\bin\x64\debug\videoos.eventserver.gismap.unittest.dll" id="2ad0eb64-70cf-9075-752b-cdd33ae1fb88">
      <TestCategory>
        <TestCategoryItem TestCategory="BusinessObjects" />
      </TestCategory>
      <Execution id="dcede87b-cc8d-479a-a8a7-f552af5de33d" />
      <TestMethod codeBase="D:\actions-runner\_work\XPCO\XPCO\EventServer\Server\Components\Central\GisMap.UnitTest\bin\x64\Debug\VideoOS.EventServer.GisMap.UnitTest.dll" adapterTypeName="executor://mstestadapter/v2" className="VideoOS.EventServer.GisMap.UnitTest.BusinessObjects.Items.LocationItemTest" name="TestUpdateProperties_UpdateAllProperties_Success" />
    </UnitTest>
    <UnitTest name="TestPropertyNames_GettingPropertyNames_Success" storage="d:\actions-runner\_work\xpco\xpco\eventserver\server\components\central\gismap.unittest\bin\x64\debug\videoos.eventserver.gismap.unittest.dll" id="30c0fe40-dbaf-084d-fb6c-0bc34dcf7606">
      <TestCategory>
        <TestCategoryItem TestCategory="BusinessObjects" />
      </TestCategory>
      <Execution id="75b79138-1367-475d-84aa-01ac7a19916d" />
      <TestMethod codeBase="D:\actions-runner\_work\XPCO\XPCO\EventServer\Server\Components\Central\GisMap.UnitTest\bin\x64\Debug\VideoOS.EventServer.GisMap.UnitTest.dll" adapterTypeName="executor://mstestadapter/v2" className="VideoOS.EventServer.GisMap.UnitTest.BusinessObjects.Layers.LinkLayerTest" name="TestPropertyNames_GettingPropertyNames_Success" />
    </UnitTest>
    <UnitTest name="Test_QueryLayersByLevelId_MultipleRows_succes" storage="d:\actions-runner\_work\xpco\xpco\eventserver\server\components\central\gismap.unittest\bin\x64\debug\videoos.eventserver.gismap.unittest.dll" id="02bcd648-f213-e33f-0087-08a2823f154a">
      <TestCategory>
        <TestCategoryItem TestCategory="DataComponent" />
      </TestCategory>
      <Execution id="8cfff06e-fbf5-453a-8620-4fb2c3d955f4" />
      <TestMethod codeBase="D:\actions-runner\_work\XPCO\XPCO\EventServer\Server\Components\Central\GisMap.UnitTest\bin\x64\Debug\VideoOS.EventServer.GisMap.UnitTest.dll" adapterTypeName="executor://mstestadapter/v2" className="VideoOS.EventServer.GisMap.UnitTest.DB.DataComponent.BuildingComponent_LevelTest" name="Test_QueryLayersByLevelId_MultipleRows_succes" />
    </UnitTest>
    <UnitTest name="TestConstructor_ParsingWcfObjectWithoutPosition_Success" storage="d:\actions-runner\_work\xpco\xpco\eventserver\server\components\central\gismap.unittest\bin\x64\debug\videoos.eventserver.gismap.unittest.dll" id="1668ece2-ea78-3795-a517-8423d4532c10">
      <TestCategory>
        <TestCategoryItem TestCategory="BusinessObjects" />
      </TestCategory>
      <Execution id="effc24a5-9f7b-423d-b01b-b7544841e08c" />
      <TestMethod codeBase="D:\actions-runner\_work\XPCO\XPCO\EventServer\Server\Components\Central\GisMap.UnitTest\bin\x64\Debug\VideoOS.EventServer.GisMap.UnitTest.dll" adapterTypeName="executor://mstestadapter/v2" className="VideoOS.EventServer.GisMap.UnitTest.BusinessObjects.Items.LocationItemTest" name="TestConstructor_ParsingWcfObjectWithoutPosition_Success" />
    </UnitTest>
    <UnitTest name="TestWcfObject_GetWcfObjectWithoutExtent_Success" storage="d:\actions-runner\_work\xpco\xpco\eventserver\server\components\central\gismap.unittest\bin\x64\debug\videoos.eventserver.gismap.unittest.dll" id="a1740249-5b73-d42d-2ee5-0bb59ecab300">
      <TestCategory>
        <TestCategoryItem TestCategory="BusinessObjects" />
      </TestCategory>
      <Execution id="acf3ef5c-772b-4656-b4b5-90c7a6740db9" />
      <TestMethod codeBase="D:\actions-runner\_work\XPCO\XPCO\EventServer\Server\Components\Central\GisMap.UnitTest\bin\x64\Debug\VideoOS.EventServer.GisMap.UnitTest.dll" adapterTypeName="executor://mstestadapter/v2" className="VideoOS.EventServer.GisMap.UnitTest.BusinessObjects.Layers.CameraLayerTest" name="TestWcfObject_GetWcfObjectWithoutExtent_Success" />
    </UnitTest>
    <UnitTest name="TestConstructor_ParsingWcfObject_Success" storage="d:\actions-runner\_work\xpco\xpco\eventserver\server\components\central\gismap.unittest\bin\x64\debug\videoos.eventserver.gismap.unittest.dll" id="142a0250-319a-0925-fe13-f1d0b039bde1">
      <TestCategory>
        <TestCategoryItem TestCategory="BusinessObjects" />
      </TestCategory>
      <Execution id="4f5acaa1-c34d-447a-95c6-6611e04584c0" />
      <TestMethod codeBase="D:\actions-runner\_work\XPCO\XPCO\EventServer\Server\Components\Central\GisMap.UnitTest\bin\x64\Debug\VideoOS.EventServer.GisMap.UnitTest.dll" adapterTypeName="executor://mstestadapter/v2" className="VideoOS.EventServer.GisMap.UnitTest.BusinessObjects.Layers.BuildingLayerTest" name="TestConstructor_ParsingWcfObject_Success" />
    </UnitTest>
    <UnitTest name="TestConstructor_ParsingWcfObjectWithoutPosition_Success" storage="d:\actions-runner\_work\xpco\xpco\eventserver\server\components\central\gismap.unittest\bin\x64\debug\videoos.eventserver.gismap.unittest.dll" id="94902b9c-8ccb-9e95-a875-a13953f7dd4e">
      <TestCategory>
        <TestCategoryItem TestCategory="BusinessObjects" />
      </TestCategory>
      <Execution id="5af248c8-42d6-444b-aef0-7e659bc34bcd" />
      <TestMethod codeBase="D:\actions-runner\_work\XPCO\XPCO\EventServer\Server\Components\Central\GisMap.UnitTest\bin\x64\Debug\VideoOS.EventServer.GisMap.UnitTest.dll" adapterTypeName="executor://mstestadapter/v2" className="VideoOS.EventServer.GisMap.UnitTest.BusinessObjects.Items.LinkItemTest" name="TestConstructor_ParsingWcfObjectWithoutPosition_Success" />
    </UnitTest>
    <UnitTest name="TestFactory_NewBrowseMap_Success" storage="d:\actions-runner\_work\xpco\xpco\eventserver\server\components\central\gismap.unittest\bin\x64\debug\videoos.eventserver.gismap.unittest.dll" id="08c2e0c0-1347-5284-6bb8-16e1c89ccb18">
      <Execution id="1f05890a-cfd7-4d78-98eb-82653c752e6f" />
      <TestMethod codeBase="D:\actions-runner\_work\XPCO\XPCO\EventServer\Server\Components\Central\GisMap.UnitTest\bin\x64\Debug\VideoOS.EventServer.GisMap.UnitTest.dll" adapterTypeName="executor://mstestadapter/v2" className="VideoOS.EventServer.GisMap.UnitTest.BusinessObjects.Maps.MapFactoryTest" name="TestFactory_NewBrowseMap_Success" />
    </UnitTest>
    <UnitTest name="TestWcfObject_GetWcfObject_Success" storage="d:\actions-runner\_work\xpco\xpco\eventserver\server\components\central\gismap.unittest\bin\x64\debug\videoos.eventserver.gismap.unittest.dll" id="61e58a8d-8776-7946-2f5a-7ade5be897fa">
      <TestCategory>
        <TestCategoryItem TestCategory="BusinessObjects" />
      </TestCategory>
      <Execution id="eab1fe51-9284-429d-937c-46cb32ba1fe7" />
      <TestMethod codeBase="D:\actions-runner\_work\XPCO\XPCO\EventServer\Server\Components\Central\GisMap.UnitTest\bin\x64\Debug\VideoOS.EventServer.GisMap.UnitTest.dll" adapterTypeName="executor://mstestadapter/v2" className="VideoOS.EventServer.GisMap.UnitTest.BusinessObjects.Layers.OutputLayerTest" name="TestWcfObject_GetWcfObject_Success" />
    </UnitTest>
    <UnitTest name="TestUpdateBuildings_NullDefaultLevel_Success" storage="d:\actions-runner\_work\xpco\xpco\eventserver\server\components\central\gismap.unittest\bin\x64\debug\videoos.eventserver.gismap.unittest.dll" id="e9ea5347-0b8e-820b-619d-2931921f2a9d">
      <TestCategory>
        <TestCategoryItem TestCategory="DataComponent" />
      </TestCategory>
      <Execution id="7408356a-9f1a-4155-8fb4-1a75bd3a593b" />
      <TestMethod codeBase="D:\actions-runner\_work\XPCO\XPCO\EventServer\Server\Components\Central\GisMap.UnitTest\bin\x64\Debug\VideoOS.EventServer.GisMap.UnitTest.dll" adapterTypeName="executor://mstestadapter/v2" className="VideoOS.EventServer.GisMap.UnitTest.DB.DataComponent.BuildingComponentTest" name="TestUpdateBuildings_NullDefaultLevel_Success" />
    </UnitTest>
    <UnitTest name="TestPropertyNames_GettingPropertyNames_Success" storage="d:\actions-runner\_work\xpco\xpco\eventserver\server\components\central\gismap.unittest\bin\x64\debug\videoos.eventserver.gismap.unittest.dll" id="d2cc6638-fdf5-bcda-78fa-c3a5a7f5d3ea">
      <TestCategory>
        <TestCategoryItem TestCategory="BusinessObjects" />
      </TestCategory>
      <Execution id="fc41309f-a431-4661-bf92-26f0781d3175" />
      <TestMethod codeBase="D:\actions-runner\_work\XPCO\XPCO\EventServer\Server\Components\Central\GisMap.UnitTest\bin\x64\Debug\VideoOS.EventServer.GisMap.UnitTest.dll" adapterTypeName="executor://mstestadapter/v2" className="VideoOS.EventServer.GisMap.UnitTest.BusinessObjects.Maps.MapTest" name="TestPropertyNames_GettingPropertyNames_Success" />
    </UnitTest>
    <UnitTest name="TestUpdateLevels_NullLevels_Failure" storage="d:\actions-runner\_work\xpco\xpco\eventserver\server\components\central\gismap.unittest\bin\x64\debug\videoos.eventserver.gismap.unittest.dll" id="b7ec63b1-0492-6e05-fe11-6e2f7a61b929">
      <TestCategory>
        <TestCategoryItem TestCategory="DataComponent" />
      </TestCategory>
      <Execution id="d366380e-1e23-4e48-b809-4af6388c0aa7" />
      <TestMethod codeBase="D:\actions-runner\_work\XPCO\XPCO\EventServer\Server\Components\Central\GisMap.UnitTest\bin\x64\Debug\VideoOS.EventServer.GisMap.UnitTest.dll" adapterTypeName="executor://mstestadapter/v2" className="VideoOS.EventServer.GisMap.UnitTest.DB.DataComponent.BuildingComponent_LevelTest" name="TestUpdateLevels_NullLevels_Failure" />
    </UnitTest>
    <UnitTest name="TestWcfObject_GetWcfObject_Success" storage="d:\actions-runner\_work\xpco\xpco\eventserver\server\components\central\gismap.unittest\bin\x64\debug\videoos.eventserver.gismap.unittest.dll" id="c17985eb-b37f-87fe-c770-bf32daacfbfc">
      <TestCategory>
        <TestCategoryItem TestCategory="BusinessObjects" />
      </TestCategory>
      <Execution id="01036376-1b58-4dc2-99ce-34280fdf7aee" />
      <TestMethod codeBase="D:\actions-runner\_work\XPCO\XPCO\EventServer\Server\Components\Central\GisMap.UnitTest\bin\x64\Debug\VideoOS.EventServer.GisMap.UnitTest.dll" adapterTypeName="executor://mstestadapter/v2" className="VideoOS.EventServer.GisMap.UnitTest.BusinessObjects.Layers.CameraLayerTest" name="TestWcfObject_GetWcfObject_Success" />
    </UnitTest>
    <UnitTest name="TestWcfObject_ConvertToWcfObjectWithNullLayers_Success" storage="d:\actions-runner\_work\xpco\xpco\eventserver\server\components\central\gismap.unittest\bin\x64\debug\videoos.eventserver.gismap.unittest.dll" id="70239cb1-bb29-2718-47f7-8af376b9afbe">
      <TestCategory>
        <TestCategoryItem TestCategory="BusinessObjects" />
      </TestCategory>
      <Execution id="0555add3-7353-4b38-bde1-ce293939b32b" />
      <TestMethod codeBase="D:\actions-runner\_work\XPCO\XPCO\EventServer\Server\Components\Central\GisMap.UnitTest\bin\x64\Debug\VideoOS.EventServer.GisMap.UnitTest.dll" adapterTypeName="executor://mstestadapter/v2" className="VideoOS.EventServer.GisMap.UnitTest.BusinessObjects.Maps.MapTest" name="TestWcfObject_ConvertToWcfObjectWithNullLayers_Success" />
    </UnitTest>
    <UnitTest name="TestUpdateProperties_UpdateAllProperties_Success" storage="d:\actions-runner\_work\xpco\xpco\eventserver\server\components\central\gismap.unittest\bin\x64\debug\videoos.eventserver.gismap.unittest.dll" id="2c112109-e6fe-03c3-4742-225cfb638a77">
      <TestCategory>
        <TestCategoryItem TestCategory="BusinessObjects" />
      </TestCategory>
      <Execution id="f26a11f7-802c-408e-8aaa-efe8f69e858b" />
      <TestMethod codeBase="D:\actions-runner\_work\XPCO\XPCO\EventServer\Server\Components\Central\GisMap.UnitTest\bin\x64\Debug\VideoOS.EventServer.GisMap.UnitTest.dll" adapterTypeName="executor://mstestadapter/v2" className="VideoOS.EventServer.GisMap.UnitTest.BusinessObjects.Layers.BuildingLayerTest" name="TestUpdateProperties_UpdateAllProperties_Success" />
    </UnitTest>
    <UnitTest name="TestAuditLog_AuditLogChanged_AddingNewLegacyLinkFromEmptyTargetMapId_Success" storage="d:\actions-runner\_work\xpco\xpco\eventserver\server\components\central\gismap.unittest\bin\x64\debug\videoos.eventserver.gismap.unittest.dll" id="c00250a9-ac70-9935-505f-dcd62ec7e2c8">
      <TestCategory>
        <TestCategoryItem TestCategory="BusinessObjects" />
      </TestCategory>
      <Execution id="828ae324-1195-4d25-9be0-0cda87315c4d" />
      <TestMethod codeBase="D:\actions-runner\_work\XPCO\XPCO\EventServer\Server\Components\Central\GisMap.UnitTest\bin\x64\Debug\VideoOS.EventServer.GisMap.UnitTest.dll" adapterTypeName="executor://mstestadapter/v2" className="VideoOS.EventServer.GisMap.UnitTest.BusinessObjects.Items.LegacyLinkItemTest" name="TestAuditLog_AuditLogChanged_AddingNewLegacyLinkFromEmptyTargetMapId_Success" />
    </UnitTest>
    <UnitTest name="TestUpdateLevel_NullMapItems_Success" storage="d:\actions-runner\_work\xpco\xpco\eventserver\server\components\central\gismap.unittest\bin\x64\debug\videoos.eventserver.gismap.unittest.dll" id="f6fae18a-ad2e-2677-9848-47d8b4e8722b">
      <TestCategory>
        <TestCategoryItem TestCategory="DataComponent" />
      </TestCategory>
      <Execution id="3b45edfa-7c9c-44f4-9776-a8ff3c112344" />
      <TestMethod codeBase="D:\actions-runner\_work\XPCO\XPCO\EventServer\Server\Components\Central\GisMap.UnitTest\bin\x64\Debug\VideoOS.EventServer.GisMap.UnitTest.dll" adapterTypeName="executor://mstestadapter/v2" className="VideoOS.EventServer.GisMap.UnitTest.DB.DataComponent.BuildingComponent_LevelTest" name="TestUpdateLevel_NullMapItems_Success" />
    </UnitTest>
    <UnitTest name="TestAuditLog_AuditLogLayerAdded_Success" storage="d:\actions-runner\_work\xpco\xpco\eventserver\server\components\central\gismap.unittest\bin\x64\debug\videoos.eventserver.gismap.unittest.dll" id="30611e9b-0a62-6dab-5c2f-5b8c4e9b9b9f">
      <TestCategory>
        <TestCategoryItem TestCategory="BusinessObjects" />
      </TestCategory>
      <Execution id="634fa8c9-26b7-466f-b18e-4606a76ddc90" />
      <TestMethod codeBase="D:\actions-runner\_work\XPCO\XPCO\EventServer\Server\Components\Central\GisMap.UnitTest\bin\x64\Debug\VideoOS.EventServer.GisMap.UnitTest.dll" adapterTypeName="executor://mstestadapter/v2" className="VideoOS.EventServer.GisMap.UnitTest.BusinessObjects.Layers.ShapeFileLayerTest" name="TestAuditLog_AuditLogLayerAdded_Success" />
    </UnitTest>
    <UnitTest name="TestConstructor_Success" storage="d:\actions-runner\_work\xpco\xpco\eventserver\server\components\central\gismap.unittest\bin\x64\debug\videoos.eventserver.gismap.unittest.dll" id="cbac9dff-c46f-1fae-a420-d6e5e875cd44">
      <TestCategory>
        <TestCategoryItem TestCategory="BusinessObjects" />
      </TestCategory>
      <Execution id="a8a38003-67cb-4bc6-9941-a2c134329b93" />
      <TestMethod codeBase="D:\actions-runner\_work\XPCO\XPCO\EventServer\Server\Components\Central\GisMap.UnitTest\bin\x64\Debug\VideoOS.EventServer.GisMap.UnitTest.dll" adapterTypeName="executor://mstestadapter/v2" className="VideoOS.EventServer.GisMap.UnitTest.BusinessObjects.Layers.ImageLayerTest" name="TestConstructor_Success" />
    </UnitTest>
    <UnitTest name="TestWcfObject_GetWcfObjectWithoutExtent_Success" storage="d:\actions-runner\_work\xpco\xpco\eventserver\server\components\central\gismap.unittest\bin\x64\debug\videoos.eventserver.gismap.unittest.dll" id="5d5ce1ce-dfef-b62a-1958-b2855c4d0305">
      <TestCategory>
        <TestCategoryItem TestCategory="BusinessObjects" />
      </TestCategory>
      <Execution id="a87112d2-7b01-4128-8309-07a34dd85ed0" />
      <TestMethod codeBase="D:\actions-runner\_work\XPCO\XPCO\EventServer\Server\Components\Central\GisMap.UnitTest\bin\x64\Debug\VideoOS.EventServer.GisMap.UnitTest.dll" adapterTypeName="executor://mstestadapter/v2" className="VideoOS.EventServer.GisMap.UnitTest.BusinessObjects.Layers.LinkLayerTest" name="TestWcfObject_GetWcfObjectWithoutExtent_Success" />
    </UnitTest>
    <UnitTest name="TestWcfObject_GetWcfObject_Success" storage="d:\actions-runner\_work\xpco\xpco\eventserver\server\components\central\gismap.unittest\bin\x64\debug\videoos.eventserver.gismap.unittest.dll" id="ccf44089-d837-ef21-154b-8bc424400182">
      <TestCategory>
        <TestCategoryItem TestCategory="BusinessObjects" />
      </TestCategory>
      <Execution id="1b05844d-7d80-4a9f-bfd9-0c39e53a983d" />
      <TestMethod codeBase="D:\actions-runner\_work\XPCO\XPCO\EventServer\Server\Components\Central\GisMap.UnitTest\bin\x64\Debug\VideoOS.EventServer.GisMap.UnitTest.dll" adapterTypeName="executor://mstestadapter/v2" className="VideoOS.EventServer.GisMap.UnitTest.BusinessObjects.Layers.ShapeFileLayerTest" name="TestWcfObject_GetWcfObject_Success" />
    </UnitTest>
    <UnitTest name="OnItemsExcludedEvent_RemovesItems" storage="d:\actions-runner\_work\xpco\xpco\eventserver\server\components\central\gismap.unittest\bin\x64\debug\videoos.eventserver.gismap.unittest.dll" id="efd5dbba-a9b7-a6ae-47b6-e9f23eff0b26">
      <TestCategory>
        <TestCategoryItem TestCategory="BusinessObjects" />
      </TestCategory>
      <Execution id="b17bc86b-569e-4bff-9377-13c8a58df2f3" />
      <TestMethod codeBase="D:\actions-runner\_work\XPCO\XPCO\EventServer\Server\Components\Central\GisMap.UnitTest\bin\x64\Debug\VideoOS.EventServer.GisMap.UnitTest.dll" adapterTypeName="executor://mstestadapter/v2" className="VideoOS.EventServer.GisMap.UnitTest.BusinessObjects.Indexer.Buildings.BuildingItemsIndexerTest" name="OnItemsExcludedEvent_RemovesItems" />
    </UnitTest>
    <UnitTest name="TestAuditLog_AuditLogLevelChanged_WithMapItems_Success" storage="d:\actions-runner\_work\xpco\xpco\eventserver\server\components\central\gismap.unittest\bin\x64\debug\videoos.eventserver.gismap.unittest.dll" id="54594980-824f-3671-8585-c0ee0df957ef">
      <TestCategory>
        <TestCategoryItem TestCategory="BusinessObjects" />
      </TestCategory>
      <Execution id="f6006a15-cfe3-4e83-bd2b-188734650e87" />
      <TestMethod codeBase="D:\actions-runner\_work\XPCO\XPCO\EventServer\Server\Components\Central\GisMap.UnitTest\bin\x64\Debug\VideoOS.EventServer.GisMap.UnitTest.dll" adapterTypeName="executor://mstestadapter/v2" className="VideoOS.EventServer.GisMap.UnitTest.BusinessObjects.Buildings.LevelTest" name="TestAuditLog_AuditLogLevelChanged_WithMapItems_Success" />
    </UnitTest>
    <UnitTest name="TestConstructor_ParsingWcfObject_Success" storage="d:\actions-runner\_work\xpco\xpco\eventserver\server\components\central\gismap.unittest\bin\x64\debug\videoos.eventserver.gismap.unittest.dll" id="b247f828-c4c9-ff77-3c8b-b73d97d2769b">
      <TestCategory>
        <TestCategoryItem TestCategory="BusinessObjects" />
      </TestCategory>
      <Execution id="e4e232d7-ce5f-45ed-b313-5e1482fe5748" />
      <TestMethod codeBase="D:\actions-runner\_work\XPCO\XPCO\EventServer\Server\Components\Central\GisMap.UnitTest\bin\x64\Debug\VideoOS.EventServer.GisMap.UnitTest.dll" adapterTypeName="executor://mstestadapter/v2" className="VideoOS.EventServer.GisMap.UnitTest.BusinessObjects.Layers.InputLayerTest" name="TestConstructor_ParsingWcfObject_Success" />
    </UnitTest>
    <UnitTest name="TestConstructor_ParsingWcfObjectWithNullMapSettings_Success" storage="d:\actions-runner\_work\xpco\xpco\eventserver\server\components\central\gismap.unittest\bin\x64\debug\videoos.eventserver.gismap.unittest.dll" id="7b2097a1-e30d-1da0-745e-238447ccb557">
      <TestCategory>
        <TestCategoryItem TestCategory="BusinessObjects" />
      </TestCategory>
      <Execution id="fd9b6c4c-7f74-4363-9112-e86d2464d682" />
      <TestMethod codeBase="D:\actions-runner\_work\XPCO\XPCO\EventServer\Server\Components\Central\GisMap.UnitTest\bin\x64\Debug\VideoOS.EventServer.GisMap.UnitTest.dll" adapterTypeName="executor://mstestadapter/v2" className="VideoOS.EventServer.GisMap.UnitTest.BusinessObjects.Maps.MapTest" name="TestConstructor_ParsingWcfObjectWithNullMapSettings_Success" />
    </UnitTest>
    <UnitTest name="TestConstructor_ParsingWcfObject_Success" storage="d:\actions-runner\_work\xpco\xpco\eventserver\server\components\central\gismap.unittest\bin\x64\debug\videoos.eventserver.gismap.unittest.dll" id="33ad8b92-a294-28a8-50a7-fb68567a5873">
      <TestCategory>
        <TestCategoryItem TestCategory="BusinessObjects" />
      </TestCategory>
      <Execution id="daf8d6e3-1d99-46a3-92d8-2d3c120bd47d" />
      <TestMethod codeBase="D:\actions-runner\_work\XPCO\XPCO\EventServer\Server\Components\Central\GisMap.UnitTest\bin\x64\Debug\VideoOS.EventServer.GisMap.UnitTest.dll" adapterTypeName="executor://mstestadapter/v2" className="VideoOS.EventServer.GisMap.UnitTest.BusinessObjects.Repositories.ShapeFileRepositoryTest" name="TestConstructor_ParsingWcfObject_Success" />
    </UnitTest>
    <UnitTest name="TestFactory_Success" storage="d:\actions-runner\_work\xpco\xpco\eventserver\server\components\central\gismap.unittest\bin\x64\debug\videoos.eventserver.gismap.unittest.dll" id="0c3b74ae-390f-47dd-e7b2-211ff8e28a83">
      <Execution id="a7e2e182-aeea-47bf-a52f-775fd04075de" />
      <TestMethod codeBase="D:\actions-runner\_work\XPCO\XPCO\EventServer\Server\Components\Central\GisMap.UnitTest\bin\x64\Debug\VideoOS.EventServer.GisMap.UnitTest.dll" adapterTypeName="executor://mstestadapter/v2" className="VideoOS.EventServer.GisMap.UnitTest.BusinessObjects.Buildings.LevelFactoryTest" name="TestFactory_Success" />
    </UnitTest>
    <UnitTest name="TestConstructor_Success" storage="d:\actions-runner\_work\xpco\xpco\eventserver\server\components\central\gismap.unittest\bin\x64\debug\videoos.eventserver.gismap.unittest.dll" id="560e69fa-0fa9-aa07-2de2-6ff26e5cacea">
      <TestCategory>
        <TestCategoryItem TestCategory="BusinessObjects" />
      </TestCategory>
      <Execution id="33720a3c-8739-4ae3-9053-96bd6ed2c325" />
      <TestMethod codeBase="D:\actions-runner\_work\XPCO\XPCO\EventServer\Server\Components\Central\GisMap.UnitTest\bin\x64\Debug\VideoOS.EventServer.GisMap.UnitTest.dll" adapterTypeName="executor://mstestadapter/v2" className="VideoOS.EventServer.GisMap.UnitTest.BusinessObjects.Layers.BuildingLayerTest" name="TestConstructor_Success" />
    </UnitTest>
    <UnitTest name="TestWcfObject_GetWcfObjectWithoutExtent_Success" storage="d:\actions-runner\_work\xpco\xpco\eventserver\server\components\central\gismap.unittest\bin\x64\debug\videoos.eventserver.gismap.unittest.dll" id="44a11249-7c43-d64e-7844-c3ead76dcdd0">
      <TestCategory>
        <TestCategoryItem TestCategory="BusinessObjects" />
      </TestCategory>
      <Execution id="f114796b-3222-40c2-b5c6-0d581a9aa88d" />
      <TestMethod codeBase="D:\actions-runner\_work\XPCO\XPCO\EventServer\Server\Components\Central\GisMap.UnitTest\bin\x64\Debug\VideoOS.EventServer.GisMap.UnitTest.dll" adapterTypeName="executor://mstestadapter/v2" className="VideoOS.EventServer.GisMap.UnitTest.BusinessObjects.Layers.ViewZoneLayerTest" name="TestWcfObject_GetWcfObjectWithoutExtent_Success" />
    </UnitTest>
    <UnitTest name="TestAddBuildings_DatabaseException_NonUniqueMapId_Failure" storage="d:\actions-runner\_work\xpco\xpco\eventserver\server\components\central\gismap.unittest\bin\x64\debug\videoos.eventserver.gismap.unittest.dll" id="602dc06d-2e03-b254-bc33-ff556e01d42c">
      <TestCategory>
        <TestCategoryItem TestCategory="DataComponent" />
      </TestCategory>
      <Execution id="a7b2b15e-3d71-4a87-84df-e761086dc8a0" />
      <TestMethod codeBase="D:\actions-runner\_work\XPCO\XPCO\EventServer\Server\Components\Central\GisMap.UnitTest\bin\x64\Debug\VideoOS.EventServer.GisMap.UnitTest.dll" adapterTypeName="executor://mstestadapter/v2" className="VideoOS.EventServer.GisMap.UnitTest.DB.DataComponent.BuildingComponentTest" name="TestAddBuildings_DatabaseException_NonUniqueMapId_Failure" />
    </UnitTest>
    <UnitTest name="TestAddBuilding_Exception_Failure" storage="d:\actions-runner\_work\xpco\xpco\eventserver\server\components\central\gismap.unittest\bin\x64\debug\videoos.eventserver.gismap.unittest.dll" id="fa57984a-d9a0-35f8-c3c7-0eb647e15089">
      <TestCategory>
        <TestCategoryItem TestCategory="DataComponent" />
      </TestCategory>
      <Execution id="7cf978ee-edde-4a07-8a06-8fe4ee4cd285" />
      <TestMethod codeBase="D:\actions-runner\_work\XPCO\XPCO\EventServer\Server\Components\Central\GisMap.UnitTest\bin\x64\Debug\VideoOS.EventServer.GisMap.UnitTest.dll" adapterTypeName="executor://mstestadapter/v2" className="VideoOS.EventServer.GisMap.UnitTest.DB.DataComponent.BuildingComponentTest" name="TestAddBuilding_Exception_Failure" />
    </UnitTest>
    <UnitTest name="TestConstructor" storage="d:\actions-runner\_work\xpco\xpco\eventserver\server\components\central\gismap.unittest\bin\x64\debug\videoos.eventserver.gismap.unittest.dll" id="19754d99-5a9a-8b2e-522b-5437c09b728b">
      <TestCategory>
        <TestCategoryItem TestCategory="DataComponent" />
      </TestCategory>
      <Execution id="d3c61c7a-7a11-4166-b0f7-3bb29f75ee0a" />
      <TestMethod codeBase="D:\actions-runner\_work\XPCO\XPCO\EventServer\Server\Components\Central\GisMap.UnitTest\bin\x64\Debug\VideoOS.EventServer.GisMap.UnitTest.dll" adapterTypeName="executor://mstestadapter/v2" className="VideoOS.EventServer.GisMap.UnitTest.DB.DataComponent.MipItemComponentTest" name="TestConstructor" />
    </UnitTest>
    <UnitTest name="TestWcfObject_GetWcfObjectWithoutExtent_Success" storage="d:\actions-runner\_work\xpco\xpco\eventserver\server\components\central\gismap.unittest\bin\x64\debug\videoos.eventserver.gismap.unittest.dll" id="e917a4a1-2ad0-15a4-edb3-95b628e78bf0">
      <TestCategory>
        <TestCategoryItem TestCategory="BusinessObjects" />
      </TestCategory>
      <Execution id="9617631f-95b8-4fb8-b21d-6ea467effd41" />
      <TestMethod codeBase="D:\actions-runner\_work\XPCO\XPCO\EventServer\Server\Components\Central\GisMap.UnitTest\bin\x64\Debug\VideoOS.EventServer.GisMap.UnitTest.dll" adapterTypeName="executor://mstestadapter/v2" className="VideoOS.EventServer.GisMap.UnitTest.BusinessObjects.Layers.OutputLayerTest" name="TestWcfObject_GetWcfObjectWithoutExtent_Success" />
    </UnitTest>
    <UnitTest name="TestConstructor_ParsingWcfObject_Success" storage="d:\actions-runner\_work\xpco\xpco\eventserver\server\components\central\gismap.unittest\bin\x64\debug\videoos.eventserver.gismap.unittest.dll" id="fbdd6967-4ef8-9ce7-9005-2f3c653c2ea2">
      <TestCategory>
        <TestCategoryItem TestCategory="BusinessObjects" />
      </TestCategory>
      <Execution id="a7948e25-cfb2-4cee-82c2-1d15e47d3311" />
      <TestMethod codeBase="D:\actions-runner\_work\XPCO\XPCO\EventServer\Server\Components\Central\GisMap.UnitTest\bin\x64\Debug\VideoOS.EventServer.GisMap.UnitTest.dll" adapterTypeName="executor://mstestadapter/v2" className="VideoOS.EventServer.GisMap.UnitTest.BusinessObjects.RectangleTest" name="TestConstructor_ParsingWcfObject_Success" />
    </UnitTest>
    <UnitTest name="TestProperties_GetPropertiesFromWcfObjectWithNullUpperLeftAndNullLowerRight_Success" storage="d:\actions-runner\_work\xpco\xpco\eventserver\server\components\central\gismap.unittest\bin\x64\debug\videoos.eventserver.gismap.unittest.dll" id="d2915daa-2f5a-df8f-2065-a9e7a7ecfa8f">
      <TestCategory>
        <TestCategoryItem TestCategory="BusinessObjects" />
      </TestCategory>
      <Execution id="be399134-728a-467f-bf7a-89d35a946e73" />
      <TestMethod codeBase="D:\actions-runner\_work\XPCO\XPCO\EventServer\Server\Components\Central\GisMap.UnitTest\bin\x64\Debug\VideoOS.EventServer.GisMap.UnitTest.dll" adapterTypeName="executor://mstestadapter/v2" className="VideoOS.EventServer.GisMap.UnitTest.BusinessObjects.RectangleTest" name="TestProperties_GetPropertiesFromWcfObjectWithNullUpperLeftAndNullLowerRight_Success" />
    </UnitTest>
    <UnitTest name="TestProperties_GetProperties_Success" storage="d:\actions-runner\_work\xpco\xpco\eventserver\server\components\central\gismap.unittest\bin\x64\debug\videoos.eventserver.gismap.unittest.dll" id="80143aa7-6703-945c-b8b2-c6dc9d604a4b">
      <TestCategory>
        <TestCategoryItem TestCategory="BusinessObjects" />
      </TestCategory>
      <Execution id="2d50a028-92ee-4958-afe5-d7d9a3080b03" />
      <TestMethod codeBase="D:\actions-runner\_work\XPCO\XPCO\EventServer\Server\Components\Central\GisMap.UnitTest\bin\x64\Debug\VideoOS.EventServer.GisMap.UnitTest.dll" adapterTypeName="executor://mstestadapter/v2" className="VideoOS.EventServer.GisMap.UnitTest.BusinessObjects.Layers.ViewZoneLayerTest" name="TestProperties_GetProperties_Success" />
    </UnitTest>
    <UnitTest name="TestAddLevel_NullLevel_Failure" storage="d:\actions-runner\_work\xpco\xpco\eventserver\server\components\central\gismap.unittest\bin\x64\debug\videoos.eventserver.gismap.unittest.dll" id="2cb56ad0-636d-3aa7-1245-d703cd1dcc16">
      <TestCategory>
        <TestCategoryItem TestCategory="DataComponent" />
      </TestCategory>
      <Execution id="5a645dbc-cf1f-480f-9f47-fc1802823974" />
      <TestMethod codeBase="D:\actions-runner\_work\XPCO\XPCO\EventServer\Server\Components\Central\GisMap.UnitTest\bin\x64\Debug\VideoOS.EventServer.GisMap.UnitTest.dll" adapterTypeName="executor://mstestadapter/v2" className="VideoOS.EventServer.GisMap.UnitTest.DB.DataComponent.BuildingComponent_LevelTest" name="TestAddLevel_NullLevel_Failure" />
    </UnitTest>
    <UnitTest name="TestConstructor_ParsingWcfObject_Success" storage="d:\actions-runner\_work\xpco\xpco\eventserver\server\components\central\gismap.unittest\bin\x64\debug\videoos.eventserver.gismap.unittest.dll" id="fed09793-9c3a-9343-02da-e21f2e2fd308">
      <TestCategory>
        <TestCategoryItem TestCategory="BusinessObjects" />
      </TestCategory>
      <Execution id="919a9888-dfc4-4c7b-b1bf-5adba8d4eaa7" />
      <TestMethod codeBase="D:\actions-runner\_work\XPCO\XPCO\EventServer\Server\Components\Central\GisMap.UnitTest\bin\x64\Debug\VideoOS.EventServer.GisMap.UnitTest.dll" adapterTypeName="executor://mstestadapter/v2" className="VideoOS.EventServer.GisMap.UnitTest.BusinessObjects.Layers.LegacyLinkLayerTest" name="TestConstructor_ParsingWcfObject_Success" />
    </UnitTest>
    <UnitTest name="TestConstructor_ParsingWcfObjectInvalidOutline_StartEndNotSame_Failure" storage="d:\actions-runner\_work\xpco\xpco\eventserver\server\components\central\gismap.unittest\bin\x64\debug\videoos.eventserver.gismap.unittest.dll" id="ee55fce2-f1e0-e02e-131a-8b7e8d63f669">
      <TestCategory>
        <TestCategoryItem TestCategory="BusinessObjects" />
      </TestCategory>
      <Execution id="00950c8d-5df3-40a8-b707-30253f208a3a" />
      <TestMethod codeBase="D:\actions-runner\_work\XPCO\XPCO\EventServer\Server\Components\Central\GisMap.UnitTest\bin\x64\Debug\VideoOS.EventServer.GisMap.UnitTest.dll" adapterTypeName="executor://mstestadapter/v2" className="VideoOS.EventServer.GisMap.UnitTest.BusinessObjects.Buildings.BuildingTest" name="TestConstructor_ParsingWcfObjectInvalidOutline_StartEndNotSame_Failure" />
    </UnitTest>
    <UnitTest name="GetClusters_CheckClusterIdNotPersistentInDifferentIndexers" storage="d:\actions-runner\_work\xpco\xpco\eventserver\server\components\central\gismap.unittest\bin\x64\debug\videoos.eventserver.gismap.unittest.dll" id="ce255936-1b10-d498-bcfd-2601c485ce39">
      <TestCategory>
        <TestCategoryItem TestCategory="BusinessObjects" />
      </TestCategory>
      <Execution id="cddc9a38-2e85-4575-bd79-683e9626d641" />
      <TestMethod codeBase="D:\actions-runner\_work\XPCO\XPCO\EventServer\Server\Components\Central\GisMap.UnitTest\bin\x64\Debug\VideoOS.EventServer.GisMap.UnitTest.dll" adapterTypeName="executor://mstestadapter/v2" className="VideoOS.EventServer.GisMap.UnitTest.BusinessObjects.Indexer.MapItemIndexerTest" name="GetClusters_CheckClusterIdNotPersistentInDifferentIndexers" />
    </UnitTest>
    <UnitTest name="BrowseLayer_UpdateProperties_Success" storage="d:\actions-runner\_work\xpco\xpco\eventserver\server\components\central\gismap.unittest\bin\x64\debug\videoos.eventserver.gismap.unittest.dll" id="b721be24-13b4-333b-637c-1858551e46e9">
      <Execution id="91ba11a1-5d82-40d3-8009-b8a0f3d58cb8" />
      <TestMethod codeBase="D:\actions-runner\_work\XPCO\XPCO\EventServer\Server\Components\Central\GisMap.UnitTest\bin\x64\Debug\VideoOS.EventServer.GisMap.UnitTest.dll" adapterTypeName="executor://mstestadapter/v2" className="VideoOS.EventServer.GisMap.UnitTest.BusinessObjects.Layers.BrowseLayerTest" name="BrowseLayer_UpdateProperties_Success" />
    </UnitTest>
    <UnitTest name="TestWcfObject_GetWcfObjectWithNullViewport_Success" storage="d:\actions-runner\_work\xpco\xpco\eventserver\server\components\central\gismap.unittest\bin\x64\debug\videoos.eventserver.gismap.unittest.dll" id="4e8c6090-82a1-d6a7-276a-839ec57dd1d4">
      <TestCategory>
        <TestCategoryItem TestCategory="BusinessObjects" />
      </TestCategory>
      <Execution id="30380535-e491-4ece-98f4-509cd557a422" />
      <TestMethod codeBase="D:\actions-runner\_work\XPCO\XPCO\EventServer\Server\Components\Central\GisMap.UnitTest\bin\x64\Debug\VideoOS.EventServer.GisMap.UnitTest.dll" adapterTypeName="executor://mstestadapter/v2" className="VideoOS.EventServer.GisMap.UnitTest.BusinessObjects.MapViewPointTest" name="TestWcfObject_GetWcfObjectWithNullViewport_Success" />
    </UnitTest>
    <UnitTest name="GetClusters_5Items_Offset2" storage="d:\actions-runner\_work\xpco\xpco\eventserver\server\components\central\gismap.unittest\bin\x64\debug\videoos.eventserver.gismap.unittest.dll" id="0af8387f-0f3d-a472-ff6c-783b0b9abf4c">
      <TestCategory>
        <TestCategoryItem TestCategory="BusinessObjects" />
      </TestCategory>
      <Execution id="d9761678-391c-40d5-b85a-05cecea5b1a8" />
      <TestMethod codeBase="D:\actions-runner\_work\XPCO\XPCO\EventServer\Server\Components\Central\GisMap.UnitTest\bin\x64\Debug\VideoOS.EventServer.GisMap.UnitTest.dll" adapterTypeName="executor://mstestadapter/v2" className="VideoOS.EventServer.GisMap.UnitTest.BusinessObjects.Indexer.MapItemIndexerTest" name="GetClusters_5Items_Offset2" />
    </UnitTest>
    <UnitTest name="TestDeleteBuilding_Success" storage="d:\actions-runner\_work\xpco\xpco\eventserver\server\components\central\gismap.unittest\bin\x64\debug\videoos.eventserver.gismap.unittest.dll" id="4c4a38c8-f94a-5b87-dc20-e9e971892500">
      <TestCategory>
        <TestCategoryItem TestCategory="DataComponent" />
      </TestCategory>
      <Execution id="cd9c7e9a-29e9-4b17-8b17-f269e404658b" />
      <TestMethod codeBase="D:\actions-runner\_work\XPCO\XPCO\EventServer\Server\Components\Central\GisMap.UnitTest\bin\x64\Debug\VideoOS.EventServer.GisMap.UnitTest.dll" adapterTypeName="executor://mstestadapter/v2" className="VideoOS.EventServer.GisMap.UnitTest.DB.DataComponent.BuildingComponentTest" name="TestDeleteBuilding_Success" />
    </UnitTest>
    <UnitTest name="TestAuditLog_AuditLogWithNullAuditLogger_Failure" storage="d:\actions-runner\_work\xpco\xpco\eventserver\server\components\central\gismap.unittest\bin\x64\debug\videoos.eventserver.gismap.unittest.dll" id="21b559ad-df62-fa28-7456-d3ae515b37f4">
      <TestCategory>
        <TestCategoryItem TestCategory="BusinessObjects" />
      </TestCategory>
      <Execution id="f3de15ca-913e-4171-972e-7c4d4fcd583c" />
      <TestMethod codeBase="D:\actions-runner\_work\XPCO\XPCO\EventServer\Server\Components\Central\GisMap.UnitTest\bin\x64\Debug\VideoOS.EventServer.GisMap.UnitTest.dll" adapterTypeName="executor://mstestadapter/v2" className="VideoOS.EventServer.GisMap.UnitTest.BusinessObjects.Layers.ImageLayerTest" name="TestAuditLog_AuditLogWithNullAuditLogger_Failure" />
    </UnitTest>
    <UnitTest name="TestConstructor_ParsingWcfObject_Success" storage="d:\actions-runner\_work\xpco\xpco\eventserver\server\components\central\gismap.unittest\bin\x64\debug\videoos.eventserver.gismap.unittest.dll" id="020e038a-8ceb-41f3-89c9-ee68c3eb6e0a">
      <TestCategory>
        <TestCategoryItem TestCategory="BusinessObjects" />
      </TestCategory>
      <Execution id="4a0dcbd8-2645-4650-8019-5ed85d54c72b" />
      <TestMethod codeBase="D:\actions-runner\_work\XPCO\XPCO\EventServer\Server\Components\Central\GisMap.UnitTest\bin\x64\Debug\VideoOS.EventServer.GisMap.UnitTest.dll" adapterTypeName="executor://mstestadapter/v2" className="VideoOS.EventServer.GisMap.UnitTest.BusinessObjects.Buildings.BuildingMapItemTest" name="TestConstructor_ParsingWcfObject_Success" />
    </UnitTest>
    <UnitTest name="AllItems_ExistAfterAddItems" storage="d:\actions-runner\_work\xpco\xpco\eventserver\server\components\central\gismap.unittest\bin\x64\debug\videoos.eventserver.gismap.unittest.dll" id="e61aa0d5-60b4-ff7e-f36b-5cb01be967c9">
      <TestCategory>
        <TestCategoryItem TestCategory="BusinessObjects" />
      </TestCategory>
      <Execution id="577748a4-258d-4f92-ac94-0001c0452eae" />
      <TestMethod codeBase="D:\actions-runner\_work\XPCO\XPCO\EventServer\Server\Components\Central\GisMap.UnitTest\bin\x64\Debug\VideoOS.EventServer.GisMap.UnitTest.dll" adapterTypeName="executor://mstestadapter/v2" className="VideoOS.EventServer.GisMap.UnitTest.BusinessObjects.Indexer.MapItemIndexerTest" name="AllItems_ExistAfterAddItems" />
    </UnitTest>
    <UnitTest name="TestAuditLog_AuditLogLegacyLinkWithNullMapRemoved_Success" storage="d:\actions-runner\_work\xpco\xpco\eventserver\server\components\central\gismap.unittest\bin\x64\debug\videoos.eventserver.gismap.unittest.dll" id="74b7eab0-017c-ab67-0513-7a91e4a07ac5">
      <TestCategory>
        <TestCategoryItem TestCategory="BusinessObjects" />
      </TestCategory>
      <Execution id="b304c990-e4a5-4a87-885c-5bfd7eec1c7d" />
      <TestMethod codeBase="D:\actions-runner\_work\XPCO\XPCO\EventServer\Server\Components\Central\GisMap.UnitTest\bin\x64\Debug\VideoOS.EventServer.GisMap.UnitTest.dll" adapterTypeName="executor://mstestadapter/v2" className="VideoOS.EventServer.GisMap.UnitTest.BusinessObjects.Items.LegacyLinkItemTest" name="TestAuditLog_AuditLogLegacyLinkWithNullMapRemoved_Success" />
    </UnitTest>
    <UnitTest name="TestAddBuilding_DatabaseException_UniqueKeyViolation_Failure" storage="d:\actions-runner\_work\xpco\xpco\eventserver\server\components\central\gismap.unittest\bin\x64\debug\videoos.eventserver.gismap.unittest.dll" id="bdbe67fc-c4b5-ffd2-9d15-29eaea468cd3">
      <TestCategory>
        <TestCategoryItem TestCategory="DataComponent" />
      </TestCategory>
      <Execution id="4db8ff10-125f-47eb-b9cb-b93dd2219043" />
      <TestMethod codeBase="D:\actions-runner\_work\XPCO\XPCO\EventServer\Server\Components\Central\GisMap.UnitTest\bin\x64\Debug\VideoOS.EventServer.GisMap.UnitTest.dll" adapterTypeName="executor://mstestadapter/v2" className="VideoOS.EventServer.GisMap.UnitTest.DB.DataComponent.BuildingComponentTest" name="TestAddBuilding_DatabaseException_UniqueKeyViolation_Failure" />
    </UnitTest>
    <UnitTest name="TestProperties_GetProperties_Success" storage="d:\actions-runner\_work\xpco\xpco\eventserver\server\components\central\gismap.unittest\bin\x64\debug\videoos.eventserver.gismap.unittest.dll" id="d315d4a8-7093-dfe1-f195-162981862df8">
      <TestCategory>
        <TestCategoryItem TestCategory="BusinessObjects" />
      </TestCategory>
      <Execution id="a6e0b79c-50bd-4dbf-856a-fc9fee793b2b" />
      <TestMethod codeBase="D:\actions-runner\_work\XPCO\XPCO\EventServer\Server\Components\Central\GisMap.UnitTest\bin\x64\Debug\VideoOS.EventServer.GisMap.UnitTest.dll" adapterTypeName="executor://mstestadapter/v2" className="VideoOS.EventServer.GisMap.UnitTest.BusinessObjects.Repositories.ImageRepositoryTest" name="TestProperties_GetProperties_Success" />
    </UnitTest>
    <UnitTest name="AllItems_NotExistAfterRemoveItems" storage="d:\actions-runner\_work\xpco\xpco\eventserver\server\components\central\gismap.unittest\bin\x64\debug\videoos.eventserver.gismap.unittest.dll" id="7f74b32f-3c4a-e7ef-d888-6778dc71ab50">
      <TestCategory>
        <TestCategoryItem TestCategory="BusinessObjects" />
      </TestCategory>
      <Execution id="11746d06-a355-4bc0-a356-f6b58b7b1940" />
      <TestMethod codeBase="D:\actions-runner\_work\XPCO\XPCO\EventServer\Server\Components\Central\GisMap.UnitTest\bin\x64\Debug\VideoOS.EventServer.GisMap.UnitTest.dll" adapterTypeName="executor://mstestadapter/v2" className="VideoOS.EventServer.GisMap.UnitTest.BusinessObjects.Indexer.MapItemIndexerTest" name="AllItems_NotExistAfterRemoveItems" />
    </UnitTest>
    <UnitTest name="TestConstructor_ParsingWcfObject_Success" storage="d:\actions-runner\_work\xpco\xpco\eventserver\server\components\central\gismap.unittest\bin\x64\debug\videoos.eventserver.gismap.unittest.dll" id="112610a4-4560-9baa-c234-22f91ee6fbaf">
      <TestCategory>
        <TestCategoryItem TestCategory="BusinessObjects" />
      </TestCategory>
      <Execution id="5b24f9f8-ed8f-4c6d-ac53-11d21758be10" />
      <TestMethod codeBase="D:\actions-runner\_work\XPCO\XPCO\EventServer\Server\Components\Central\GisMap.UnitTest\bin\x64\Debug\VideoOS.EventServer.GisMap.UnitTest.dll" adapterTypeName="executor://mstestadapter/v2" className="VideoOS.EventServer.GisMap.UnitTest.BusinessObjects.Items.LocationItemTest" name="TestConstructor_ParsingWcfObject_Success" />
    </UnitTest>
    <UnitTest name="TestAuditLog_AuditLogLayerRemoved_Success" storage="d:\actions-runner\_work\xpco\xpco\eventserver\server\components\central\gismap.unittest\bin\x64\debug\videoos.eventserver.gismap.unittest.dll" id="d8387385-ee97-e212-c9fc-5801ffa0d666">
      <TestCategory>
        <TestCategoryItem TestCategory="BusinessObjects" />
      </TestCategory>
      <Execution id="5b058400-8942-4bb9-b38c-4e0639e18f50" />
      <TestMethod codeBase="D:\actions-runner\_work\XPCO\XPCO\EventServer\Server\Components\Central\GisMap.UnitTest\bin\x64\Debug\VideoOS.EventServer.GisMap.UnitTest.dll" adapterTypeName="executor://mstestadapter/v2" className="VideoOS.EventServer.GisMap.UnitTest.BusinessObjects.Layers.ShapeFileLayerTest" name="TestAuditLog_AuditLogLayerRemoved_Success" />
    </UnitTest>
    <UnitTest name="TestConstructor_ParsingWcfObjectWithNull_Success" storage="d:\actions-runner\_work\xpco\xpco\eventserver\server\components\central\gismap.unittest\bin\x64\debug\videoos.eventserver.gismap.unittest.dll" id="c2cd3012-87b0-efa0-222a-495ea1630f00">
      <TestCategory>
        <TestCategoryItem TestCategory="BusinessObjects" />
      </TestCategory>
      <Execution id="eacc60d7-9681-4fa3-9b66-02b9a4861e3a" />
      <TestMethod codeBase="D:\actions-runner\_work\XPCO\XPCO\EventServer\Server\Components\Central\GisMap.UnitTest\bin\x64\Debug\VideoOS.EventServer.GisMap.UnitTest.dll" adapterTypeName="executor://mstestadapter/v2" className="VideoOS.EventServer.GisMap.UnitTest.BusinessObjects.Repositories.CADRepositoryTest" name="TestConstructor_ParsingWcfObjectWithNull_Success" />
    </UnitTest>
    <UnitTest name="TestConstructor_ParsingWcfObject_Success" storage="d:\actions-runner\_work\xpco\xpco\eventserver\server\components\central\gismap.unittest\bin\x64\debug\videoos.eventserver.gismap.unittest.dll" id="4dad2563-00d9-d9fe-66d8-9e23a8e0b44f">
      <TestCategory>
        <TestCategoryItem TestCategory="BusinessObjects" />
      </TestCategory>
      <Execution id="ac354608-6274-4a99-8340-180798530b75" />
      <TestMethod codeBase="D:\actions-runner\_work\XPCO\XPCO\EventServer\Server\Components\Central\GisMap.UnitTest\bin\x64\Debug\VideoOS.EventServer.GisMap.UnitTest.dll" adapterTypeName="executor://mstestadapter/v2" className="VideoOS.EventServer.GisMap.UnitTest.BusinessObjects.Layers.MipLayerTest" name="TestConstructor_ParsingWcfObject_Success" />
    </UnitTest>
    <UnitTest name="TestProperties_GetProperties_Success" storage="d:\actions-runner\_work\xpco\xpco\eventserver\server\components\central\gismap.unittest\bin\x64\debug\videoos.eventserver.gismap.unittest.dll" id="064a40b7-4414-721c-b888-a78177031ee8">
      <TestCategory>
        <TestCategoryItem TestCategory="BusinessObjects" />
      </TestCategory>
      <Execution id="56936b80-aa52-4b1d-a738-14300f3d6641" />
      <TestMethod codeBase="D:\actions-runner\_work\XPCO\XPCO\EventServer\Server\Components\Central\GisMap.UnitTest\bin\x64\Debug\VideoOS.EventServer.GisMap.UnitTest.dll" adapterTypeName="executor://mstestadapter/v2" className="VideoOS.EventServer.GisMap.UnitTest.BusinessObjects.Layers.InputLayerTest" name="TestProperties_GetProperties_Success" />
    </UnitTest>
    <UnitTest name="TestUpdateLevel_NoUpdates_Failure" storage="d:\actions-runner\_work\xpco\xpco\eventserver\server\components\central\gismap.unittest\bin\x64\debug\videoos.eventserver.gismap.unittest.dll" id="e1b84cfd-ea18-1fb0-2210-40fdc3a88771">
      <TestCategory>
        <TestCategoryItem TestCategory="DataComponent" />
      </TestCategory>
      <Execution id="debcf01d-a1e0-4049-9b28-fe6c85c3a9bb" />
      <TestMethod codeBase="D:\actions-runner\_work\XPCO\XPCO\EventServer\Server\Components\Central\GisMap.UnitTest\bin\x64\Debug\VideoOS.EventServer.GisMap.UnitTest.dll" adapterTypeName="executor://mstestadapter/v2" className="VideoOS.EventServer.GisMap.UnitTest.DB.DataComponent.BuildingComponent_LevelTest" name="TestUpdateLevel_NoUpdates_Failure" />
    </UnitTest>
    <UnitTest name="TestWcfObject_GetWcfObjectWithoutExtent_Success" storage="d:\actions-runner\_work\xpco\xpco\eventserver\server\components\central\gismap.unittest\bin\x64\debug\videoos.eventserver.gismap.unittest.dll" id="8e608111-2482-a69f-8834-32bc755d3893">
      <TestCategory>
        <TestCategoryItem TestCategory="BusinessObjects" />
      </TestCategory>
      <Execution id="78437b47-1706-4844-91d8-a37f7a15e72e" />
      <TestMethod codeBase="D:\actions-runner\_work\XPCO\XPCO\EventServer\Server\Components\Central\GisMap.UnitTest\bin\x64\Debug\VideoOS.EventServer.GisMap.UnitTest.dll" adapterTypeName="executor://mstestadapter/v2" className="VideoOS.EventServer.GisMap.UnitTest.BusinessObjects.Layers.BingMapLayerTest" name="TestWcfObject_GetWcfObjectWithoutExtent_Success" />
    </UnitTest>
    <UnitTest name="TestProperties_GetPropertiesFromWcfObjectWithNullViewport_Success" storage="d:\actions-runner\_work\xpco\xpco\eventserver\server\components\central\gismap.unittest\bin\x64\debug\videoos.eventserver.gismap.unittest.dll" id="775bb72a-5183-39b4-039e-e0e23a1976ab">
      <TestCategory>
        <TestCategoryItem TestCategory="BusinessObjects" />
      </TestCategory>
      <Execution id="ecb59b1e-93d4-4310-94d7-7ceec0ec771e" />
      <TestMethod codeBase="D:\actions-runner\_work\XPCO\XPCO\EventServer\Server\Components\Central\GisMap.UnitTest\bin\x64\Debug\VideoOS.EventServer.GisMap.UnitTest.dll" adapterTypeName="executor://mstestadapter/v2" className="VideoOS.EventServer.GisMap.UnitTest.BusinessObjects.MapViewPointTest" name="TestProperties_GetPropertiesFromWcfObjectWithNullViewport_Success" />
    </UnitTest>
    <UnitTest name="Test_QueryLayersByLevelId_OneRow_succes" storage="d:\actions-runner\_work\xpco\xpco\eventserver\server\components\central\gismap.unittest\bin\x64\debug\videoos.eventserver.gismap.unittest.dll" id="6cf73013-a34f-7368-24a1-ab32cf20292a">
      <TestCategory>
        <TestCategoryItem TestCategory="DataComponent" />
      </TestCategory>
      <Execution id="b698e737-afb4-4774-9bd8-0047c9ac9bfe" />
      <TestMethod codeBase="D:\actions-runner\_work\XPCO\XPCO\EventServer\Server\Components\Central\GisMap.UnitTest\bin\x64\Debug\VideoOS.EventServer.GisMap.UnitTest.dll" adapterTypeName="executor://mstestadapter/v2" className="VideoOS.EventServer.GisMap.UnitTest.DB.DataComponent.BuildingComponent_LevelTest" name="Test_QueryLayersByLevelId_OneRow_succes" />
    </UnitTest>
    <UnitTest name="TestConstructor_WhiteSpaceName_Failure" storage="d:\actions-runner\_work\xpco\xpco\eventserver\server\components\central\gismap.unittest\bin\x64\debug\videoos.eventserver.gismap.unittest.dll" id="a1383c1d-24c2-f298-c941-3b0bc5d65e32">
      <Execution id="f639d88e-b5d0-4a3f-aeca-702fc3eb9c01" />
      <TestMethod codeBase="D:\actions-runner\_work\XPCO\XPCO\EventServer\Server\Components\Central\GisMap.UnitTest\bin\x64\Debug\VideoOS.EventServer.GisMap.UnitTest.dll" adapterTypeName="executor://mstestadapter/v2" className="VideoOS.EventServer.GisMap.UnitTest.Services.Capabilities.ServerCapabilityTest" name="TestConstructor_WhiteSpaceName_Failure" />
    </UnitTest>
    <UnitTest name="TestAuditLog_AuditLogWithNullAuditLogger_Failure" storage="d:\actions-runner\_work\xpco\xpco\eventserver\server\components\central\gismap.unittest\bin\x64\debug\videoos.eventserver.gismap.unittest.dll" id="1fe02c7d-840c-85b9-a599-0d65d4be7904">
      <TestCategory>
        <TestCategoryItem TestCategory="BusinessObjects" />
      </TestCategory>
      <Execution id="5a84b944-58f6-44be-acb4-7f918a505eb1" />
      <TestMethod codeBase="D:\actions-runner\_work\XPCO\XPCO\EventServer\Server\Components\Central\GisMap.UnitTest\bin\x64\Debug\VideoOS.EventServer.GisMap.UnitTest.dll" adapterTypeName="executor://mstestadapter/v2" className="VideoOS.EventServer.GisMap.UnitTest.BusinessObjects.Items.LegacyLinkItemTest" name="TestAuditLog_AuditLogWithNullAuditLogger_Failure" />
    </UnitTest>
    <UnitTest name="TestProperties_GetProperties_Success" storage="d:\actions-runner\_work\xpco\xpco\eventserver\server\components\central\gismap.unittest\bin\x64\debug\videoos.eventserver.gismap.unittest.dll" id="789f9308-9c8b-06ae-e9b5-9a4766a7de8d">
      <TestCategory>
        <TestCategoryItem TestCategory="BusinessObjects" />
      </TestCategory>
      <Execution id="7c4092ae-b760-4a4e-85ca-5de9f6db28c4" />
      <TestMethod codeBase="D:\actions-runner\_work\XPCO\XPCO\EventServer\Server\Components\Central\GisMap.UnitTest\bin\x64\Debug\VideoOS.EventServer.GisMap.UnitTest.dll" adapterTypeName="executor://mstestadapter/v2" className="VideoOS.EventServer.GisMap.UnitTest.BusinessObjects.MapSettingsTest" name="TestProperties_GetProperties_Success" />
    </UnitTest>
    <UnitTest name="ConstructorFromItem_WhenEnabledFalse_IsMapEnabledFalse" storage="d:\actions-runner\_work\xpco\xpco\eventserver\server\components\central\gismap.unittest\bin\x64\debug\videoos.eventserver.gismap.unittest.dll" id="1cab35a8-b0c5-387d-68e8-13b5d64c34a9">
      <TestCategory>
        <TestCategoryItem TestCategory="BusinessObjects" />
      </TestCategory>
      <Execution id="a506aca2-9f91-4bab-91a2-dd4b040df762" />
      <TestMethod codeBase="D:\actions-runner\_work\XPCO\XPCO\EventServer\Server\Components\Central\GisMap.UnitTest\bin\x64\Debug\VideoOS.EventServer.GisMap.UnitTest.dll" adapterTypeName="executor://mstestadapter/v2" className="VideoOS.EventServer.GisMap.UnitTest.BusinessObjects.Indexer.MapItemTest" name="ConstructorFromItem_WhenEnabledFalse_IsMapEnabledFalse" />
    </UnitTest>
    <UnitTest name="TestUpdateProperties_UpdateAllProperties_Success" storage="d:\actions-runner\_work\xpco\xpco\eventserver\server\components\central\gismap.unittest\bin\x64\debug\videoos.eventserver.gismap.unittest.dll" id="c5b4a8dc-2dec-bd0d-39d6-4cd447ff172b">
      <TestCategory>
        <TestCategoryItem TestCategory="BusinessObjects" />
      </TestCategory>
      <Execution id="b0a963b9-b0d7-4e6c-b664-1a2c80a1d768" />
      <TestMethod codeBase="D:\actions-runner\_work\XPCO\XPCO\EventServer\Server\Components\Central\GisMap.UnitTest\bin\x64\Debug\VideoOS.EventServer.GisMap.UnitTest.dll" adapterTypeName="executor://mstestadapter/v2" className="VideoOS.EventServer.GisMap.UnitTest.BusinessObjects.Layers.GoogleMapLayerTest" name="TestUpdateProperties_UpdateAllProperties_Success" />
    </UnitTest>
    <UnitTest name="TestPropertyNames_GettingPropertyNames_Success" storage="d:\actions-runner\_work\xpco\xpco\eventserver\server\components\central\gismap.unittest\bin\x64\debug\videoos.eventserver.gismap.unittest.dll" id="961e74af-cf3b-f482-5921-8b5ffbc3313d">
      <TestCategory>
        <TestCategoryItem TestCategory="BusinessObjects" />
      </TestCategory>
      <Execution id="bdf93d37-953f-4b46-a660-003941e83d08" />
      <TestMethod codeBase="D:\actions-runner\_work\XPCO\XPCO\EventServer\Server\Components\Central\GisMap.UnitTest\bin\x64\Debug\VideoOS.EventServer.GisMap.UnitTest.dll" adapterTypeName="executor://mstestadapter/v2" className="VideoOS.EventServer.GisMap.UnitTest.BusinessObjects.Layers.ShapeFileLayerTest" name="TestPropertyNames_GettingPropertyNames_Success" />
    </UnitTest>
    <UnitTest name="TestPropertyNames_GettingPropertyNames_Success" storage="d:\actions-runner\_work\xpco\xpco\eventserver\server\components\central\gismap.unittest\bin\x64\debug\videoos.eventserver.gismap.unittest.dll" id="e2d2317a-47a7-3cda-ea7e-01c7d425d8a7">
      <TestCategory>
        <TestCategoryItem TestCategory="BusinessObjects" />
      </TestCategory>
      <Execution id="f8047511-00bd-4bd2-9d13-50b0cd341c2b" />
      <TestMethod codeBase="D:\actions-runner\_work\XPCO\XPCO\EventServer\Server\Components\Central\GisMap.UnitTest\bin\x64\Debug\VideoOS.EventServer.GisMap.UnitTest.dll" adapterTypeName="executor://mstestadapter/v2" className="VideoOS.EventServer.GisMap.UnitTest.BusinessObjects.Repositories.ShapeFileRepositoryTest" name="TestPropertyNames_GettingPropertyNames_Success" />
    </UnitTest>
    <UnitTest name="TestAttribute_OnlyOnGuidProperties_Success" storage="d:\actions-runner\_work\xpco\xpco\eventserver\server\components\central\gismap.unittest\bin\x64\debug\videoos.eventserver.gismap.unittest.dll" id="57665be6-41a6-a79e-fa5a-6cb5e4d12320">
      <TestCategory>
        <TestCategoryItem TestCategory="BusinessObjects" />
      </TestCategory>
      <Execution id="b91e0c14-129b-4cfc-8327-c46f6407b759" />
      <TestMethod codeBase="D:\actions-runner\_work\XPCO\XPCO\EventServer\Server\Components\Central\GisMap.UnitTest\bin\x64\Debug\VideoOS.EventServer.GisMap.UnitTest.dll" adapterTypeName="executor://mstestadapter/v2" className="VideoOS.EventServer.GisMap.UnitTest.BusinessObjects.RepositoryPropertyAttributeTest" name="TestAttribute_OnlyOnGuidProperties_Success" />
    </UnitTest>
    <UnitTest name="TestWcfObject_GetWcfObject_Success" storage="d:\actions-runner\_work\xpco\xpco\eventserver\server\components\central\gismap.unittest\bin\x64\debug\videoos.eventserver.gismap.unittest.dll" id="20425a98-ac9b-d8ef-0106-f6abe6744cde">
      <TestCategory>
        <TestCategoryItem TestCategory="BusinessObjects" />
      </TestCategory>
      <Execution id="d0ad52f2-5b06-438e-b3b0-4ba0db69dd22" />
      <TestMethod codeBase="D:\actions-runner\_work\XPCO\XPCO\EventServer\Server\Components\Central\GisMap.UnitTest\bin\x64\Debug\VideoOS.EventServer.GisMap.UnitTest.dll" adapterTypeName="executor://mstestadapter/v2" className="VideoOS.EventServer.GisMap.UnitTest.BusinessObjects.Layers.GoogleMapLayerTest" name="TestWcfObject_GetWcfObject_Success" />
    </UnitTest>
    <UnitTest name="TestConstructor_ParsingWcfObjectWithoutExtent_Success" storage="d:\actions-runner\_work\xpco\xpco\eventserver\server\components\central\gismap.unittest\bin\x64\debug\videoos.eventserver.gismap.unittest.dll" id="e1147cf7-e114-c0f6-ec05-af3a859e7d84">
      <TestCategory>
        <TestCategoryItem TestCategory="BusinessObjects" />
      </TestCategory>
      <Execution id="69cafd50-fffe-4e90-a2e5-411958074576" />
      <TestMethod codeBase="D:\actions-runner\_work\XPCO\XPCO\EventServer\Server\Components\Central\GisMap.UnitTest\bin\x64\Debug\VideoOS.EventServer.GisMap.UnitTest.dll" adapterTypeName="executor://mstestadapter/v2" className="VideoOS.EventServer.GisMap.UnitTest.BusinessObjects.Layers.InputLayerTest" name="TestConstructor_ParsingWcfObjectWithoutExtent_Success" />
    </UnitTest>
    <UnitTest name="TestUpdateLayer_Success" storage="d:\actions-runner\_work\xpco\xpco\eventserver\server\components\central\gismap.unittest\bin\x64\debug\videoos.eventserver.gismap.unittest.dll" id="769ad065-b453-04e8-0c52-e6d5a58cc896">
      <TestCategory>
        <TestCategoryItem TestCategory="DataComponent" />
      </TestCategory>
      <Execution id="64afd718-cad0-45bf-abf6-f0229269ea89" />
      <TestMethod codeBase="D:\actions-runner\_work\XPCO\XPCO\EventServer\Server\Components\Central\GisMap.UnitTest\bin\x64\Debug\VideoOS.EventServer.GisMap.UnitTest.dll" adapterTypeName="executor://mstestadapter/v2" className="VideoOS.EventServer.GisMap.UnitTest.DB.DataComponent.LayerComponentTest" name="TestUpdateLayer_Success" />
    </UnitTest>
    <UnitTest name="TestAuditLog_AuditLogItemRemovedWithUnknownLocation_Success" storage="d:\actions-runner\_work\xpco\xpco\eventserver\server\components\central\gismap.unittest\bin\x64\debug\videoos.eventserver.gismap.unittest.dll" id="acdeebda-dc97-a730-f72b-8adad6d72a12">
      <TestCategory>
        <TestCategoryItem TestCategory="BusinessObjects" />
      </TestCategory>
      <Execution id="1d3af07a-b24c-4adb-b23e-d0017275aab6" />
      <TestMethod codeBase="D:\actions-runner\_work\XPCO\XPCO\EventServer\Server\Components\Central\GisMap.UnitTest\bin\x64\Debug\VideoOS.EventServer.GisMap.UnitTest.dll" adapterTypeName="executor://mstestadapter/v2" className="VideoOS.EventServer.GisMap.UnitTest.BusinessObjects.Items.LinkItemTest" name="TestAuditLog_AuditLogItemRemovedWithUnknownLocation_Success" />
    </UnitTest>
    <UnitTest name="BrowseLayer_Generic_CreateFromData_Fail" storage="d:\actions-runner\_work\xpco\xpco\eventserver\server\components\central\gismap.unittest\bin\x64\debug\videoos.eventserver.gismap.unittest.dll" id="7ed8cc4e-8f6c-78f4-f374-6a2d955b5245">
      <Execution id="e3a6d418-c099-4df3-bc95-6e0873243b43" />
      <TestMethod codeBase="D:\actions-runner\_work\XPCO\XPCO\EventServer\Server\Components\Central\GisMap.UnitTest\bin\x64\Debug\VideoOS.EventServer.GisMap.UnitTest.dll" adapterTypeName="executor://mstestadapter/v2" className="VideoOS.EventServer.GisMap.UnitTest.BusinessObjects.Layers.BrowseLayerTest" name="BrowseLayer_Generic_CreateFromData_Fail" />
    </UnitTest>
    <UnitTest name="TestUpdateBuildingsOutline_Success" storage="d:\actions-runner\_work\xpco\xpco\eventserver\server\components\central\gismap.unittest\bin\x64\debug\videoos.eventserver.gismap.unittest.dll" id="c14017f0-ad81-ccaa-1f10-437776dc6ea8">
      <TestCategory>
        <TestCategoryItem TestCategory="DataComponent" />
      </TestCategory>
      <Execution id="74c0a1fc-f898-4508-88a1-c320285ff5ec" />
      <TestMethod codeBase="D:\actions-runner\_work\XPCO\XPCO\EventServer\Server\Components\Central\GisMap.UnitTest\bin\x64\Debug\VideoOS.EventServer.GisMap.UnitTest.dll" adapterTypeName="executor://mstestadapter/v2" className="VideoOS.EventServer.GisMap.UnitTest.DB.DataComponent.BuildingComponentTest" name="TestUpdateBuildingsOutline_Success" />
    </UnitTest>
    <UnitTest name="TestAddLevel_SQLException_UniqueKeyViolation_Failure" storage="d:\actions-runner\_work\xpco\xpco\eventserver\server\components\central\gismap.unittest\bin\x64\debug\videoos.eventserver.gismap.unittest.dll" id="30d234e3-d8e4-6f41-9375-34f1b00cb21b">
      <TestCategory>
        <TestCategoryItem TestCategory="DataComponent" />
      </TestCategory>
      <Execution id="8d33c653-ed47-417c-8b8e-b0349d1037c3" />
      <TestMethod codeBase="D:\actions-runner\_work\XPCO\XPCO\EventServer\Server\Components\Central\GisMap.UnitTest\bin\x64\Debug\VideoOS.EventServer.GisMap.UnitTest.dll" adapterTypeName="executor://mstestadapter/v2" className="VideoOS.EventServer.GisMap.UnitTest.DB.DataComponent.BuildingComponent_LevelTest" name="TestAddLevel_SQLException_UniqueKeyViolation_Failure" />
    </UnitTest>
    <UnitTest name="TestProperties_GetProperties_Success" storage="d:\actions-runner\_work\xpco\xpco\eventserver\server\components\central\gismap.unittest\bin\x64\debug\videoos.eventserver.gismap.unittest.dll" id="88f1d726-ecf3-6ece-4827-0194e8137033">
      <TestCategory>
        <TestCategoryItem TestCategory="BusinessObjects" />
      </TestCategory>
      <Execution id="5c9cc859-37e7-4ad6-971b-24d2aeb47187" />
      <TestMethod codeBase="D:\actions-runner\_work\XPCO\XPCO\EventServer\Server\Components\Central\GisMap.UnitTest\bin\x64\Debug\VideoOS.EventServer.GisMap.UnitTest.dll" adapterTypeName="executor://mstestadapter/v2" className="VideoOS.EventServer.GisMap.UnitTest.BusinessObjects.Layers.MipLayerTest" name="TestProperties_GetProperties_Success" />
    </UnitTest>
    <UnitTest name="TestAddBuildings_NullBuildings_Failure" storage="d:\actions-runner\_work\xpco\xpco\eventserver\server\components\central\gismap.unittest\bin\x64\debug\videoos.eventserver.gismap.unittest.dll" id="3c4a8dbc-f203-f5c2-5853-8bf56a4fbb7a">
      <TestCategory>
        <TestCategoryItem TestCategory="DataComponent" />
      </TestCategory>
      <Execution id="36424b4d-3a02-4d9d-a7a7-03cfe4fa7e4c" />
      <TestMethod codeBase="D:\actions-runner\_work\XPCO\XPCO\EventServer\Server\Components\Central\GisMap.UnitTest\bin\x64\Debug\VideoOS.EventServer.GisMap.UnitTest.dll" adapterTypeName="executor://mstestadapter/v2" className="VideoOS.EventServer.GisMap.UnitTest.DB.DataComponent.BuildingComponentTest" name="TestAddBuildings_NullBuildings_Failure" />
    </UnitTest>
    <UnitTest name="TestPropertyNames_GettingPropertyNames_Success" storage="d:\actions-runner\_work\xpco\xpco\eventserver\server\components\central\gismap.unittest\bin\x64\debug\videoos.eventserver.gismap.unittest.dll" id="338483c5-58e3-0e62-9540-d6618cc71c10">
      <TestCategory>
        <TestCategoryItem TestCategory="BusinessObjects" />
      </TestCategory>
      <Execution id="fe1ab280-6cb7-41f5-b22a-13399653c0ce" />
      <TestMethod codeBase="D:\actions-runner\_work\XPCO\XPCO\EventServer\Server\Components\Central\GisMap.UnitTest\bin\x64\Debug\VideoOS.EventServer.GisMap.UnitTest.dll" adapterTypeName="executor://mstestadapter/v2" className="VideoOS.EventServer.GisMap.UnitTest.BusinessObjects.Layers.BingMapLayerTest" name="TestPropertyNames_GettingPropertyNames_Success" />
    </UnitTest>
    <UnitTest name="TestConstructor_ParsingWcfObjectWithoutExtent_Success" storage="d:\actions-runner\_work\xpco\xpco\eventserver\server\components\central\gismap.unittest\bin\x64\debug\videoos.eventserver.gismap.unittest.dll" id="44c3ebfb-f372-6e47-e9f1-df85b6126208">
      <TestCategory>
        <TestCategoryItem TestCategory="BusinessObjects" />
      </TestCategory>
      <Execution id="f2183daf-ec07-4cd1-8ca5-54bcaa60088a" />
      <TestMethod codeBase="D:\actions-runner\_work\XPCO\XPCO\EventServer\Server\Components\Central\GisMap.UnitTest\bin\x64\Debug\VideoOS.EventServer.GisMap.UnitTest.dll" adapterTypeName="executor://mstestadapter/v2" className="VideoOS.EventServer.GisMap.UnitTest.BusinessObjects.Layers.LegacyLinkLayerTest" name="TestConstructor_ParsingWcfObjectWithoutExtent_Success" />
    </UnitTest>
    <UnitTest name="GetItem_WhenCorrectId_ReturnsItem" storage="d:\actions-runner\_work\xpco\xpco\eventserver\server\components\central\gismap.unittest\bin\x64\debug\videoos.eventserver.gismap.unittest.dll" id="e39289e7-df4e-1a22-74d8-c48f8fdbeef7">
      <TestCategory>
        <TestCategoryItem TestCategory="GisMapServices" />
      </TestCategory>
      <Execution id="6e5f93e6-c4db-426d-b03e-f3dad16e5779" />
      <TestMethod codeBase="D:\actions-runner\_work\XPCO\XPCO\EventServer\Server\Components\Central\GisMap.UnitTest\bin\x64\Debug\VideoOS.EventServer.GisMap.UnitTest.dll" adapterTypeName="executor://mstestadapter/v2" className="VideoOS.EventServer.GisMap.UnitTest.Services.Clustering.ItemClusteringServiceTest" name="GetItem_WhenCorrectId_ReturnsItem" />
    </UnitTest>
    <UnitTest name="TestWcfObject_GetWcfObject_Success" storage="d:\actions-runner\_work\xpco\xpco\eventserver\server\components\central\gismap.unittest\bin\x64\debug\videoos.eventserver.gismap.unittest.dll" id="2c7e5e56-c744-0a96-502d-e9f5dabd4e46">
      <TestCategory>
        <TestCategoryItem TestCategory="BusinessObjects" />
      </TestCategory>
      <Execution id="fd0932d1-c3fa-4a54-b5ac-5aab1942663c" />
      <TestMethod codeBase="D:\actions-runner\_work\XPCO\XPCO\EventServer\Server\Components\Central\GisMap.UnitTest\bin\x64\Debug\VideoOS.EventServer.GisMap.UnitTest.dll" adapterTypeName="executor://mstestadapter/v2" className="VideoOS.EventServer.GisMap.UnitTest.BusinessObjects.Layers.ImageLayerTest" name="TestWcfObject_GetWcfObject_Success" />
    </UnitTest>
    <UnitTest name="TestConstructor_Success" storage="d:\actions-runner\_work\xpco\xpco\eventserver\server\components\central\gismap.unittest\bin\x64\debug\videoos.eventserver.gismap.unittest.dll" id="cfdacb90-642d-2b9e-da19-1905d7ba1892">
      <Execution id="0eb0e936-850d-40c3-b73a-82abe2bf48a7" />
      <TestMethod codeBase="D:\actions-runner\_work\XPCO\XPCO\EventServer\Server\Components\Central\GisMap.UnitTest\bin\x64\Debug\VideoOS.EventServer.GisMap.UnitTest.dll" adapterTypeName="executor://mstestadapter/v2" className="VideoOS.EventServer.GisMap.UnitTest.Services.Capabilities.ServerCapabilityTest" name="TestConstructor_Success" />
    </UnitTest>
    <UnitTest name="TestAuditLog_AuditLogMapRemoved_Success" storage="d:\actions-runner\_work\xpco\xpco\eventserver\server\components\central\gismap.unittest\bin\x64\debug\videoos.eventserver.gismap.unittest.dll" id="3593faca-3b71-6a5c-b854-16983be47203">
      <TestCategory>
        <TestCategoryItem TestCategory="BusinessObjects" />
      </TestCategory>
      <Execution id="d3f72627-7c58-404e-9f49-5bf8ceac71c2" />
      <TestMethod codeBase="D:\actions-runner\_work\XPCO\XPCO\EventServer\Server\Components\Central\GisMap.UnitTest\bin\x64\Debug\VideoOS.EventServer.GisMap.UnitTest.dll" adapterTypeName="executor://mstestadapter/v2" className="VideoOS.EventServer.GisMap.UnitTest.BusinessObjects.Maps.BrowseMapTest" name="TestAuditLog_AuditLogMapRemoved_Success" />
    </UnitTest>
    <UnitTest name="Closed_DeinitializesServices" storage="d:\actions-runner\_work\xpco\xpco\eventserver\server\components\central\gismap.unittest\bin\x64\debug\videoos.eventserver.gismap.unittest.dll" id="9d15926f-8e0d-e7e6-e033-9879de948c2e">
      <TestCategory>
        <TestCategoryItem TestCategory="GisMapMipItems" />
      </TestCategory>
      <Execution id="ea244fca-6d35-4ef6-a619-c4ab92cf60db" />
      <TestMethod codeBase="D:\actions-runner\_work\XPCO\XPCO\EventServer\Server\Components\Central\GisMap.UnitTest\bin\x64\Debug\VideoOS.EventServer.GisMap.UnitTest.dll" adapterTypeName="executor://mstestadapter/v2" className="VideoOS.EventServer.GisMap.UnitTest.WebService.GisMipItemCommandTest" name="Closed_DeinitializesServices" />
    </UnitTest>
    <UnitTest name="FilterAsync_ReturnsNoMoreThan2" storage="d:\actions-runner\_work\xpco\xpco\eventserver\server\components\central\gismap.unittest\bin\x64\debug\videoos.eventserver.gismap.unittest.dll" id="37910af0-e6f1-a5fe-7138-781f3aa9bdd2">
      <TestCategory>
        <TestCategoryItem TestCategory="GisMapServices" />
      </TestCategory>
      <Execution id="87146fe2-4593-493f-8778-a7cccdbfab58" />
      <TestMethod codeBase="D:\actions-runner\_work\XPCO\XPCO\EventServer\Server\Components\Central\GisMap.UnitTest\bin\x64\Debug\VideoOS.EventServer.GisMap.UnitTest.dll" adapterTypeName="executor://mstestadapter/v2" className="VideoOS.EventServer.GisMap.UnitTest.Services.Clustering.ClusteredItemsAuthorizationWithCountFilterTest" name="FilterAsync_ReturnsNoMoreThan2" />
    </UnitTest>
    <UnitTest name="UpdateItem_Disabled_Deletes" storage="d:\actions-runner\_work\xpco\xpco\eventserver\server\components\central\gismap.unittest\bin\x64\debug\videoos.eventserver.gismap.unittest.dll" id="0c9aa8b6-9304-dd59-85f1-e44ef127992f">
      <TestCategory>
        <TestCategoryItem TestCategory="GisMapServices" />
      </TestCategory>
      <Execution id="7e3291e0-9848-4905-9a5c-7358bb65243e" />
      <TestMethod codeBase="D:\actions-runner\_work\XPCO\XPCO\EventServer\Server\Components\Central\GisMap.UnitTest\bin\x64\Debug\VideoOS.EventServer.GisMap.UnitTest.dll" adapterTypeName="executor://mstestadapter/v2" className="VideoOS.EventServer.GisMap.UnitTest.Services.Clustering.MapDataUpdaterTest" name="UpdateItem_Disabled_Deletes" />
    </UnitTest>
    <UnitTest name="TestProperties_GetProperties_Success" storage="d:\actions-runner\_work\xpco\xpco\eventserver\server\components\central\gismap.unittest\bin\x64\debug\videoos.eventserver.gismap.unittest.dll" id="5e8a7617-f723-e9ed-71bb-da38cf5557d7">
      <TestCategory>
        <TestCategoryItem TestCategory="BusinessObjects" />
      </TestCategory>
      <Execution id="2968b52b-42e0-4a09-8627-b3d8f84c927b" />
      <TestMethod codeBase="D:\actions-runner\_work\XPCO\XPCO\EventServer\Server\Components\Central\GisMap.UnitTest\bin\x64\Debug\VideoOS.EventServer.GisMap.UnitTest.dll" adapterTypeName="executor://mstestadapter/v2" className="VideoOS.EventServer.GisMap.UnitTest.BusinessObjects.RectangleTest" name="TestProperties_GetProperties_Success" />
    </UnitTest>
    <UnitTest name="TestConstructor_ParsingWcfObject_Success" storage="d:\actions-runner\_work\xpco\xpco\eventserver\server\components\central\gismap.unittest\bin\x64\debug\videoos.eventserver.gismap.unittest.dll" id="3ec67fea-5dc6-222c-dc57-4a5c36836eb7">
      <TestCategory>
        <TestCategoryItem TestCategory="BusinessObjects" />
      </TestCategory>
      <Execution id="169f3323-97f0-4a0f-b671-8564f5d31aa3" />
      <TestMethod codeBase="D:\actions-runner\_work\XPCO\XPCO\EventServer\Server\Components\Central\GisMap.UnitTest\bin\x64\Debug\VideoOS.EventServer.GisMap.UnitTest.dll" adapterTypeName="executor://mstestadapter/v2" className="VideoOS.EventServer.GisMap.UnitTest.BusinessObjects.Layers.ImageLayerTest" name="TestConstructor_ParsingWcfObject_Success" />
    </UnitTest>
    <UnitTest name="TestConstructor_ParsingWcfObjectNullOutline_Success" storage="d:\actions-runner\_work\xpco\xpco\eventserver\server\components\central\gismap.unittest\bin\x64\debug\videoos.eventserver.gismap.unittest.dll" id="881aee88-0885-86de-0d65-0a933a92e7c3">
      <TestCategory>
        <TestCategoryItem TestCategory="BusinessObjects" />
      </TestCategory>
      <Execution id="06fa28fd-b939-480e-99d4-af46d851a541" />
      <TestMethod codeBase="D:\actions-runner\_work\XPCO\XPCO\EventServer\Server\Components\Central\GisMap.UnitTest\bin\x64\Debug\VideoOS.EventServer.GisMap.UnitTest.dll" adapterTypeName="executor://mstestadapter/v2" className="VideoOS.EventServer.GisMap.UnitTest.BusinessObjects.Buildings.BuildingTest" name="TestConstructor_ParsingWcfObjectNullOutline_Success" />
    </UnitTest>
    <UnitTest name="TestWcfObject_GetWcfObjectWithoutExtent_Success" storage="d:\actions-runner\_work\xpco\xpco\eventserver\server\components\central\gismap.unittest\bin\x64\debug\videoos.eventserver.gismap.unittest.dll" id="267ac0aa-3310-c2a4-2036-c5e9e7be48a1">
      <TestCategory>
        <TestCategoryItem TestCategory="BusinessObjects" />
      </TestCategory>
      <Execution id="bb55370f-050e-41e3-b3e4-4804d0d25d67" />
      <TestMethod codeBase="D:\actions-runner\_work\XPCO\XPCO\EventServer\Server\Components\Central\GisMap.UnitTest\bin\x64\Debug\VideoOS.EventServer.GisMap.UnitTest.dll" adapterTypeName="executor://mstestadapter/v2" className="VideoOS.EventServer.GisMap.UnitTest.BusinessObjects.Layers.ShapeFileLayerTest" name="TestWcfObject_GetWcfObjectWithoutExtent_Success" />
    </UnitTest>
    <UnitTest name="TestConstructor_Success" storage="d:\actions-runner\_work\xpco\xpco\eventserver\server\components\central\gismap.unittest\bin\x64\debug\videoos.eventserver.gismap.unittest.dll" id="6ff685fd-526a-bf1d-9b26-1797b3a232bf">
      <TestCategory>
        <TestCategoryItem TestCategory="BusinessObjects" />
      </TestCategory>
      <Execution id="bd11bae0-d00a-4223-8486-6bd349be6835" />
      <TestMethod codeBase="D:\actions-runner\_work\XPCO\XPCO\EventServer\Server\Components\Central\GisMap.UnitTest\bin\x64\Debug\VideoOS.EventServer.GisMap.UnitTest.dll" adapterTypeName="executor://mstestadapter/v2" className="VideoOS.EventServer.GisMap.UnitTest.BusinessObjects.Layers.LinkLayerTest" name="TestConstructor_Success" />
    </UnitTest>
    <UnitTest name="TestWcfObject_GetWcfObjectWithoutExtent_Success" storage="d:\actions-runner\_work\xpco\xpco\eventserver\server\components\central\gismap.unittest\bin\x64\debug\videoos.eventserver.gismap.unittest.dll" id="afe8f66e-42c6-0a57-f65b-6396de58b87a">
      <TestCategory>
        <TestCategoryItem TestCategory="BusinessObjects" />
      </TestCategory>
      <Execution id="5dfce041-f079-4bbb-9f70-12ece96ec1e4" />
      <TestMethod codeBase="D:\actions-runner\_work\XPCO\XPCO\EventServer\Server\Components\Central\GisMap.UnitTest\bin\x64\Debug\VideoOS.EventServer.GisMap.UnitTest.dll" adapterTypeName="executor://mstestadapter/v2" className="VideoOS.EventServer.GisMap.UnitTest.BusinessObjects.Layers.InputLayerTest" name="TestWcfObject_GetWcfObjectWithoutExtent_Success" />
    </UnitTest>
    <UnitTest name="TestUpdateProperties_UpdateAllProperties_Success" storage="d:\actions-runner\_work\xpco\xpco\eventserver\server\components\central\gismap.unittest\bin\x64\debug\videoos.eventserver.gismap.unittest.dll" id="7fe8dd67-f18b-0b92-ac3b-d19aad03b760">
      <TestCategory>
        <TestCategoryItem TestCategory="BusinessObjects" />
      </TestCategory>
      <Execution id="5d623b0b-412a-498c-8323-1a4ffec33e2b" />
      <TestMethod codeBase="D:\actions-runner\_work\XPCO\XPCO\EventServer\Server\Components\Central\GisMap.UnitTest\bin\x64\Debug\VideoOS.EventServer.GisMap.UnitTest.dll" adapterTypeName="executor://mstestadapter/v2" className="VideoOS.EventServer.GisMap.UnitTest.BusinessObjects.Items.LinkItemTest" name="TestUpdateProperties_UpdateAllProperties_Success" />
    </UnitTest>
    <UnitTest name="TestUpdateLevel_NullLevel_Failure" storage="d:\actions-runner\_work\xpco\xpco\eventserver\server\components\central\gismap.unittest\bin\x64\debug\videoos.eventserver.gismap.unittest.dll" id="1e8c8fa6-6e5a-aad4-7c27-b287906ae7eb">
      <TestCategory>
        <TestCategoryItem TestCategory="DataComponent" />
      </TestCategory>
      <Execution id="258451a1-f58c-480d-a530-f57fa9078841" />
      <TestMethod codeBase="D:\actions-runner\_work\XPCO\XPCO\EventServer\Server\Components\Central\GisMap.UnitTest\bin\x64\Debug\VideoOS.EventServer.GisMap.UnitTest.dll" adapterTypeName="executor://mstestadapter/v2" className="VideoOS.EventServer.GisMap.UnitTest.DB.DataComponent.BuildingComponent_LevelTest" name="TestUpdateLevel_NullLevel_Failure" />
    </UnitTest>
    <UnitTest name="TestConstructor_Success" storage="d:\actions-runner\_work\xpco\xpco\eventserver\server\components\central\gismap.unittest\bin\x64\debug\videoos.eventserver.gismap.unittest.dll" id="014aa458-d759-b18e-e76f-1c52acf08817">
      <TestCategory>
        <TestCategoryItem TestCategory="BusinessObjects" />
      </TestCategory>
      <Execution id="39f9be30-d685-4185-97fd-a85fe68bd437" />
      <TestMethod codeBase="D:\actions-runner\_work\XPCO\XPCO\EventServer\Server\Components\Central\GisMap.UnitTest\bin\x64\Debug\VideoOS.EventServer.GisMap.UnitTest.dll" adapterTypeName="executor://mstestadapter/v2" className="VideoOS.EventServer.GisMap.UnitTest.BusinessObjects.Repositories.CADRepositoryTest" name="TestConstructor_Success" />
    </UnitTest>
    <UnitTest name="TestConstructor_Success" storage="d:\actions-runner\_work\xpco\xpco\eventserver\server\components\central\gismap.unittest\bin\x64\debug\videoos.eventserver.gismap.unittest.dll" id="60288a6f-cda2-3d1b-005c-ed5d7b4eab90">
      <TestCategory>
        <TestCategoryItem TestCategory="BusinessObjects" />
      </TestCategory>
      <Execution id="f012654c-79da-4f7a-878e-5123d4f4fa36" />
      <TestMethod codeBase="D:\actions-runner\_work\XPCO\XPCO\EventServer\Server\Components\Central\GisMap.UnitTest\bin\x64\Debug\VideoOS.EventServer.GisMap.UnitTest.dll" adapterTypeName="executor://mstestadapter/v2" className="VideoOS.EventServer.GisMap.UnitTest.BusinessObjects.Items.LocationItemTest" name="TestConstructor_Success" />
    </UnitTest>
    <UnitTest name="TestAuditLog_AuditLogItemChanged_Success" storage="d:\actions-runner\_work\xpco\xpco\eventserver\server\components\central\gismap.unittest\bin\x64\debug\videoos.eventserver.gismap.unittest.dll" id="d8b2e962-57d6-7d23-5c24-4c7c5ef024f4">
      <TestCategory>
        <TestCategoryItem TestCategory="BusinessObjects" />
      </TestCategory>
      <Execution id="e24d56e2-3cb5-47c6-91c4-63fb715acf27" />
      <TestMethod codeBase="D:\actions-runner\_work\XPCO\XPCO\EventServer\Server\Components\Central\GisMap.UnitTest\bin\x64\Debug\VideoOS.EventServer.GisMap.UnitTest.dll" adapterTypeName="executor://mstestadapter/v2" className="VideoOS.EventServer.GisMap.UnitTest.BusinessObjects.Items.LocationItemTest" name="TestAuditLog_AuditLogItemChanged_Success" />
    </UnitTest>
    <UnitTest name="TestAuditLog_AuditLogLayerRemoved_Success" storage="d:\actions-runner\_work\xpco\xpco\eventserver\server\components\central\gismap.unittest\bin\x64\debug\videoos.eventserver.gismap.unittest.dll" id="78bf092d-e293-c941-de66-d713e54352cb">
      <TestCategory>
        <TestCategoryItem TestCategory="BusinessObjects" />
      </TestCategory>
      <Execution id="d09133f1-b9a1-4041-995c-67a4ea24f28e" />
      <TestMethod codeBase="D:\actions-runner\_work\XPCO\XPCO\EventServer\Server\Components\Central\GisMap.UnitTest\bin\x64\Debug\VideoOS.EventServer.GisMap.UnitTest.dll" adapterTypeName="executor://mstestadapter/v2" className="VideoOS.EventServer.GisMap.UnitTest.BusinessObjects.Layers.ImageLayerTest" name="TestAuditLog_AuditLogLayerRemoved_Success" />
    </UnitTest>
    <UnitTest name="TestFactory_WithParameters_Success" storage="d:\actions-runner\_work\xpco\xpco\eventserver\server\components\central\gismap.unittest\bin\x64\debug\videoos.eventserver.gismap.unittest.dll" id="2b653649-6e33-5754-da73-e11394219d94">
      <Execution id="f4577ab3-c2e1-49d4-a7f8-91b0e917f1d2" />
      <TestMethod codeBase="D:\actions-runner\_work\XPCO\XPCO\EventServer\Server\Components\Central\GisMap.UnitTest\bin\x64\Debug\VideoOS.EventServer.GisMap.UnitTest.dll" adapterTypeName="executor://mstestadapter/v2" className="VideoOS.EventServer.GisMap.UnitTest.BusinessObjects.Buildings.LevelFactoryTest" name="TestFactory_WithParameters_Success" />
    </UnitTest>
    <UnitTest name="TestConstructor_ParsingWcfObjectWithoutExtent_Success" storage="d:\actions-runner\_work\xpco\xpco\eventserver\server\components\central\gismap.unittest\bin\x64\debug\videoos.eventserver.gismap.unittest.dll" id="f1cf8805-9f2a-3ea0-68a1-486890b5b405">
      <TestCategory>
        <TestCategoryItem TestCategory="BusinessObjects" />
      </TestCategory>
      <Execution id="cd28258f-00fe-4a95-9654-af29e909ab15" />
      <TestMethod codeBase="D:\actions-runner\_work\XPCO\XPCO\EventServer\Server\Components\Central\GisMap.UnitTest\bin\x64\Debug\VideoOS.EventServer.GisMap.UnitTest.dll" adapterTypeName="executor://mstestadapter/v2" className="VideoOS.EventServer.GisMap.UnitTest.BusinessObjects.Layers.CameraLayerTest" name="TestConstructor_ParsingWcfObjectWithoutExtent_Success" />
    </UnitTest>
    <UnitTest name="TestConstructor_ParsingWcfObjectWithNull_Success" storage="d:\actions-runner\_work\xpco\xpco\eventserver\server\components\central\gismap.unittest\bin\x64\debug\videoos.eventserver.gismap.unittest.dll" id="607692ce-d9ad-913a-c01b-a726d8361c3f">
      <TestCategory>
        <TestCategoryItem TestCategory="BusinessObjects" />
      </TestCategory>
      <Execution id="bb2f38ab-354e-4a9f-8fc2-5572f94d9d54" />
      <TestMethod codeBase="D:\actions-runner\_work\XPCO\XPCO\EventServer\Server\Components\Central\GisMap.UnitTest\bin\x64\Debug\VideoOS.EventServer.GisMap.UnitTest.dll" adapterTypeName="executor://mstestadapter/v2" className="VideoOS.EventServer.GisMap.UnitTest.BusinessObjects.PositionTest" name="TestConstructor_ParsingWcfObjectWithNull_Success" />
    </UnitTest>
    <UnitTest name="TestProperties_GetProperties_Success" storage="d:\actions-runner\_work\xpco\xpco\eventserver\server\components\central\gismap.unittest\bin\x64\debug\videoos.eventserver.gismap.unittest.dll" id="8391f402-d143-5964-176a-6ac406d2c593">
      <TestCategory>
        <TestCategoryItem TestCategory="BusinessObjects" />
      </TestCategory>
      <Execution id="bdb84205-e5d2-4c27-8138-a7b19d44f354" />
      <TestMethod codeBase="D:\actions-runner\_work\XPCO\XPCO\EventServer\Server\Components\Central\GisMap.UnitTest\bin\x64\Debug\VideoOS.EventServer.GisMap.UnitTest.dll" adapterTypeName="executor://mstestadapter/v2" className="VideoOS.EventServer.GisMap.UnitTest.BusinessObjects.Items.LegacyLinkItemTest" name="TestProperties_GetProperties_Success" />
    </UnitTest>
    <UnitTest name="TestAuditLog_AuditLogMapAdded_Success" storage="d:\actions-runner\_work\xpco\xpco\eventserver\server\components\central\gismap.unittest\bin\x64\debug\videoos.eventserver.gismap.unittest.dll" id="da617ff0-d5a0-0b73-eeff-7ea482f164c1">
      <TestCategory>
        <TestCategoryItem TestCategory="BusinessObjects" />
      </TestCategory>
      <Execution id="f699778a-dbe4-4a87-b36f-66090df1fc88" />
      <TestMethod codeBase="D:\actions-runner\_work\XPCO\XPCO\EventServer\Server\Components\Central\GisMap.UnitTest\bin\x64\Debug\VideoOS.EventServer.GisMap.UnitTest.dll" adapterTypeName="executor://mstestadapter/v2" className="VideoOS.EventServer.GisMap.UnitTest.BusinessObjects.Maps.BrowseMapTest" name="TestAuditLog_AuditLogMapAdded_Success" />
    </UnitTest>
    <UnitTest name="GetItemBuildings" storage="d:\actions-runner\_work\xpco\xpco\eventserver\server\components\central\gismap.unittest\bin\x64\debug\videoos.eventserver.gismap.unittest.dll" id="e3e7ed91-54d1-f895-6b06-62e2b626bdd6">
      <TestCategory>
        <TestCategoryItem TestCategory="BusinessObjects" />
      </TestCategory>
      <Execution id="d46bf2e2-8097-40cc-81e7-b521f845ddfb" />
      <TestMethod codeBase="D:\actions-runner\_work\XPCO\XPCO\EventServer\Server\Components\Central\GisMap.UnitTest\bin\x64\Debug\VideoOS.EventServer.GisMap.UnitTest.dll" adapterTypeName="executor://mstestadapter/v2" className="VideoOS.EventServer.GisMap.UnitTest.BusinessObjects.Indexer.Buildings.BuildingItemsIndexerTest" name="GetItemBuildings" />
    </UnitTest>
    <UnitTest name="TestWcfObject_GetWcfObject_Success" storage="d:\actions-runner\_work\xpco\xpco\eventserver\server\components\central\gismap.unittest\bin\x64\debug\videoos.eventserver.gismap.unittest.dll" id="518aa60d-70ea-c078-7267-9254ad099443">
      <TestCategory>
        <TestCategoryItem TestCategory="BusinessObjects" />
      </TestCategory>
      <Execution id="9712ff87-7e98-4bd1-aebe-6cb47b534103" />
      <TestMethod codeBase="D:\actions-runner\_work\XPCO\XPCO\EventServer\Server\Components\Central\GisMap.UnitTest\bin\x64\Debug\VideoOS.EventServer.GisMap.UnitTest.dll" adapterTypeName="executor://mstestadapter/v2" className="VideoOS.EventServer.GisMap.UnitTest.BusinessObjects.MapSettingsTest" name="TestWcfObject_GetWcfObject_Success" />
    </UnitTest>
    <UnitTest name="TestProperties_GetProperties_Success" storage="d:\actions-runner\_work\xpco\xpco\eventserver\server\components\central\gismap.unittest\bin\x64\debug\videoos.eventserver.gismap.unittest.dll" id="4c25d9c4-7195-e009-f47f-314745602d75">
      <TestCategory>
        <TestCategoryItem TestCategory="BusinessObjects" />
      </TestCategory>
      <Execution id="b750f88d-8dd6-44db-91fa-211de5aa51d7" />
      <TestMethod codeBase="D:\actions-runner\_work\XPCO\XPCO\EventServer\Server\Components\Central\GisMap.UnitTest\bin\x64\Debug\VideoOS.EventServer.GisMap.UnitTest.dll" adapterTypeName="executor://mstestadapter/v2" className="VideoOS.EventServer.GisMap.UnitTest.BusinessObjects.Layers.LocationLayerTest" name="TestProperties_GetProperties_Success" />
    </UnitTest>
    <UnitTest name="TestWcfObject_GetWcfObject_Success" storage="d:\actions-runner\_work\xpco\xpco\eventserver\server\components\central\gismap.unittest\bin\x64\debug\videoos.eventserver.gismap.unittest.dll" id="66d507cc-9025-368f-6651-8c50b19c18e9">
      <TestCategory>
        <TestCategoryItem TestCategory="BusinessObjects" />
      </TestCategory>
      <Execution id="f1df342f-93ee-4909-be59-124e65e2a6c5" />
      <TestMethod codeBase="D:\actions-runner\_work\XPCO\XPCO\EventServer\Server\Components\Central\GisMap.UnitTest\bin\x64\Debug\VideoOS.EventServer.GisMap.UnitTest.dll" adapterTypeName="executor://mstestadapter/v2" className="VideoOS.EventServer.GisMap.UnitTest.BusinessObjects.Items.LegacyLinkItemTest" name="TestWcfObject_GetWcfObject_Success" />
    </UnitTest>
    <UnitTest name="AddItems_Init3Items_Add2" storage="d:\actions-runner\_work\xpco\xpco\eventserver\server\components\central\gismap.unittest\bin\x64\debug\videoos.eventserver.gismap.unittest.dll" id="9582ffe9-d918-4b32-473f-0c994763e9b6">
      <TestCategory>
        <TestCategoryItem TestCategory="BusinessObjects" />
      </TestCategory>
      <Execution id="cbf2ea3e-1f8e-4eb7-9b66-b5649ba65194" />
      <TestMethod codeBase="D:\actions-runner\_work\XPCO\XPCO\EventServer\Server\Components\Central\GisMap.UnitTest\bin\x64\Debug\VideoOS.EventServer.GisMap.UnitTest.dll" adapterTypeName="executor://mstestadapter/v2" className="VideoOS.EventServer.GisMap.UnitTest.BusinessObjects.Indexer.MapItemIndexerTest" name="AddItems_Init3Items_Add2" />
    </UnitTest>
    <UnitTest name="Add_Success" storage="d:\actions-runner\_work\xpco\xpco\eventserver\server\components\central\gismap.unittest\bin\x64\debug\videoos.eventserver.gismap.unittest.dll" id="8344f76a-2b82-d12a-fea3-dc428798b826">
      <TestCategory>
        <TestCategoryItem TestCategory="GisMapServices" />
      </TestCategory>
      <Execution id="673fa697-a588-4a27-a0ca-fd70a53841b8" />
      <TestMethod codeBase="D:\actions-runner\_work\XPCO\XPCO\EventServer\Server\Components\Central\GisMap.UnitTest\bin\x64\Debug\VideoOS.EventServer.GisMap.UnitTest.dll" adapterTypeName="executor://mstestadapter/v2" className="VideoOS.EventServer.GisMap.UnitTest.Services.Clustering.ItemClusteringServiceTest" name="Add_Success" />
    </UnitTest>
    <UnitTest name="TestQueryBuildingsByMapId_ZeroRows_Success" storage="d:\actions-runner\_work\xpco\xpco\eventserver\server\components\central\gismap.unittest\bin\x64\debug\videoos.eventserver.gismap.unittest.dll" id="dcab0f5a-559b-645f-8113-283b97911312">
      <TestCategory>
        <TestCategoryItem TestCategory="DataComponent" />
      </TestCategory>
      <Execution id="161d8d1b-e5c4-4441-a077-c040d1d73f30" />
      <TestMethod codeBase="D:\actions-runner\_work\XPCO\XPCO\EventServer\Server\Components\Central\GisMap.UnitTest\bin\x64\Debug\VideoOS.EventServer.GisMap.UnitTest.dll" adapterTypeName="executor://mstestadapter/v2" className="VideoOS.EventServer.GisMap.UnitTest.DB.DataComponent.BuildingComponentTest" name="TestQueryBuildingsByMapId_ZeroRows_Success" />
    </UnitTest>
    <UnitTest name="TestFactory_WithParamters_Success" storage="d:\actions-runner\_work\xpco\xpco\eventserver\server\components\central\gismap.unittest\bin\x64\debug\videoos.eventserver.gismap.unittest.dll" id="8dcff6f9-cdfd-d89f-e03d-addb66eb0a35">
      <Execution id="e66885ef-f575-44a4-833f-a0f61c6aa8b5" />
      <TestMethod codeBase="D:\actions-runner\_work\XPCO\XPCO\EventServer\Server\Components\Central\GisMap.UnitTest\bin\x64\Debug\VideoOS.EventServer.GisMap.UnitTest.dll" adapterTypeName="executor://mstestadapter/v2" className="VideoOS.EventServer.GisMap.UnitTest.BusinessObjects.Buildings.BuildingMapItemFactoryTest" name="TestFactory_WithParamters_Success" />
    </UnitTest>
    <UnitTest name="TestAuditLog_AuditLogBuildingRemoved_Success" storage="d:\actions-runner\_work\xpco\xpco\eventserver\server\components\central\gismap.unittest\bin\x64\debug\videoos.eventserver.gismap.unittest.dll" id="5aa5f274-79e9-1207-c601-01c6998ae510">
      <TestCategory>
        <TestCategoryItem TestCategory="BusinessObjects" />
      </TestCategory>
      <Execution id="9061bfd9-0e57-48a1-ad67-b1127860eb4d" />
      <TestMethod codeBase="D:\actions-runner\_work\XPCO\XPCO\EventServer\Server\Components\Central\GisMap.UnitTest\bin\x64\Debug\VideoOS.EventServer.GisMap.UnitTest.dll" adapterTypeName="executor://mstestadapter/v2" className="VideoOS.EventServer.GisMap.UnitTest.BusinessObjects.Buildings.BuildingTest" name="TestAuditLog_AuditLogBuildingRemoved_Success" />
    </UnitTest>
    <UnitTest name="TestConstructor_ParsingWcfObjectWithoutExtent_Success" storage="d:\actions-runner\_work\xpco\xpco\eventserver\server\components\central\gismap.unittest\bin\x64\debug\videoos.eventserver.gismap.unittest.dll" id="1ac7044b-d9a1-7803-0a4f-ce737c5e24f1">
      <TestCategory>
        <TestCategoryItem TestCategory="BusinessObjects" />
      </TestCategory>
      <Execution id="52dfcb14-0eb3-4409-b854-a3d24c68b363" />
      <TestMethod codeBase="D:\actions-runner\_work\XPCO\XPCO\EventServer\Server\Components\Central\GisMap.UnitTest\bin\x64\Debug\VideoOS.EventServer.GisMap.UnitTest.dll" adapterTypeName="executor://mstestadapter/v2" className="VideoOS.EventServer.GisMap.UnitTest.BusinessObjects.Layers.OpenStreetMapLayerTest" name="TestConstructor_ParsingWcfObjectWithoutExtent_Success" />
    </UnitTest>
    <UnitTest name="TestConstructor_Success" storage="d:\actions-runner\_work\xpco\xpco\eventserver\server\components\central\gismap.unittest\bin\x64\debug\videoos.eventserver.gismap.unittest.dll" id="1fbb432e-553f-c32f-e56e-0a9a6e42ffe9">
      <TestCategory>
        <TestCategoryItem TestCategory="BusinessObjects" />
      </TestCategory>
      <Execution id="8aa65960-30bf-4c04-ac05-6e6ae30d86dc" />
      <TestMethod codeBase="D:\actions-runner\_work\XPCO\XPCO\EventServer\Server\Components\Central\GisMap.UnitTest\bin\x64\Debug\VideoOS.EventServer.GisMap.UnitTest.dll" adapterTypeName="executor://mstestadapter/v2" className="VideoOS.EventServer.GisMap.UnitTest.BusinessObjects.Layers.ShapeFileLayerTest" name="TestConstructor_Success" />
    </UnitTest>
    <UnitTest name="TestDeleteBuildings_OneRow_Success" storage="d:\actions-runner\_work\xpco\xpco\eventserver\server\components\central\gismap.unittest\bin\x64\debug\videoos.eventserver.gismap.unittest.dll" id="738596c1-e9a3-ae41-b6a9-45326ce37937">
      <TestCategory>
        <TestCategoryItem TestCategory="DataComponent" />
      </TestCategory>
      <Execution id="5257b1e3-cad5-4582-9ec8-ae17a35eb703" />
      <TestMethod codeBase="D:\actions-runner\_work\XPCO\XPCO\EventServer\Server\Components\Central\GisMap.UnitTest\bin\x64\Debug\VideoOS.EventServer.GisMap.UnitTest.dll" adapterTypeName="executor://mstestadapter/v2" className="VideoOS.EventServer.GisMap.UnitTest.DB.DataComponent.BuildingComponentTest" name="TestDeleteBuildings_OneRow_Success" />
    </UnitTest>
    <UnitTest name="Close_UnsubscribesFromMessage" storage="d:\actions-runner\_work\xpco\xpco\eventserver\server\components\central\gismap.unittest\bin\x64\debug\videoos.eventserver.gismap.unittest.dll" id="131c4e67-90f7-5d65-1e4c-ceccc321216d">
      <TestCategory>
        <TestCategoryItem TestCategory="GisMapServices" />
      </TestCategory>
      <Execution id="cd5df8da-2144-41cd-953a-4aaf68c460d3" />
      <TestMethod codeBase="D:\actions-runner\_work\XPCO\XPCO\EventServer\Server\Components\Central\GisMap.UnitTest\bin\x64\Debug\VideoOS.EventServer.GisMap.UnitTest.dll" adapterTypeName="executor://mstestadapter/v2" className="VideoOS.EventServer.GisMap.UnitTest.Services.Clustering.MapDataUpdaterTest" name="Close_UnsubscribesFromMessage" />
    </UnitTest>
    <UnitTest name="GetBuildingItemConnectionId_ReturnsUniquePersistentIds" storage="d:\actions-runner\_work\xpco\xpco\eventserver\server\components\central\gismap.unittest\bin\x64\debug\videoos.eventserver.gismap.unittest.dll" id="0b688f41-c47e-a7e7-8e10-e6bdbcffe353">
      <TestCategory>
        <TestCategoryItem TestCategory="BusinessObjects" />
      </TestCategory>
      <Execution id="ca6a760f-1f78-4300-a5d6-b17648846b84" />
      <TestMethod codeBase="D:\actions-runner\_work\XPCO\XPCO\EventServer\Server\Components\Central\GisMap.UnitTest\bin\x64\Debug\VideoOS.EventServer.GisMap.UnitTest.dll" adapterTypeName="executor://mstestadapter/v2" className="VideoOS.EventServer.GisMap.UnitTest.BusinessObjects.Indexer.Buildings.BuildingItemsIndexerTest" name="GetBuildingItemConnectionId_ReturnsUniquePersistentIds" />
    </UnitTest>
    <UnitTest name="AddItems_3Iems_3Clusters" storage="d:\actions-runner\_work\xpco\xpco\eventserver\server\components\central\gismap.unittest\bin\x64\debug\videoos.eventserver.gismap.unittest.dll" id="d94f0f94-5dd6-5846-2e1a-43577eb31456">
      <TestCategory>
        <TestCategoryItem TestCategory="BusinessObjects" />
      </TestCategory>
      <Execution id="244c6aa6-97bb-41ad-b776-a859a7663388" />
      <TestMethod codeBase="D:\actions-runner\_work\XPCO\XPCO\EventServer\Server\Components\Central\GisMap.UnitTest\bin\x64\Debug\VideoOS.EventServer.GisMap.UnitTest.dll" adapterTypeName="executor://mstestadapter/v2" className="VideoOS.EventServer.GisMap.UnitTest.BusinessObjects.Indexer.MapItemIndexerTest" name="AddItems_3Iems_3Clusters" />
    </UnitTest>
    <UnitTest name="TestAddLevel_MultipleRows_Failure" storage="d:\actions-runner\_work\xpco\xpco\eventserver\server\components\central\gismap.unittest\bin\x64\debug\videoos.eventserver.gismap.unittest.dll" id="c74efa06-54fc-004a-450f-b031280dca5f">
      <TestCategory>
        <TestCategoryItem TestCategory="DataComponent" />
      </TestCategory>
      <Execution id="3cb932b8-9f2f-4a64-b379-c2cc64f75d59" />
      <TestMethod codeBase="D:\actions-runner\_work\XPCO\XPCO\EventServer\Server\Components\Central\GisMap.UnitTest\bin\x64\Debug\VideoOS.EventServer.GisMap.UnitTest.dll" adapterTypeName="executor://mstestadapter/v2" className="VideoOS.EventServer.GisMap.UnitTest.DB.DataComponent.BuildingComponent_LevelTest" name="TestAddLevel_MultipleRows_Failure" />
    </UnitTest>
    <UnitTest name="TestPropertyNames_GettingPropertyNames_Success" storage="d:\actions-runner\_work\xpco\xpco\eventserver\server\components\central\gismap.unittest\bin\x64\debug\videoos.eventserver.gismap.unittest.dll" id="c22901ef-4efe-dbaf-3e73-8ce1b3fe2392">
      <TestCategory>
        <TestCategoryItem TestCategory="BusinessObjects" />
      </TestCategory>
      <Execution id="beb39e3d-5b5f-4739-93ee-c8fc2d0ad236" />
      <TestMethod codeBase="D:\actions-runner\_work\XPCO\XPCO\EventServer\Server\Components\Central\GisMap.UnitTest\bin\x64\Debug\VideoOS.EventServer.GisMap.UnitTest.dll" adapterTypeName="executor://mstestadapter/v2" className="VideoOS.EventServer.GisMap.UnitTest.BusinessObjects.Layers.MipLayerTest" name="TestPropertyNames_GettingPropertyNames_Success" />
    </UnitTest>
    <UnitTest name="TestAuditLog_AuditLogBuildingDefaultChanged_NullDefaultLevel_Success" storage="d:\actions-runner\_work\xpco\xpco\eventserver\server\components\central\gismap.unittest\bin\x64\debug\videoos.eventserver.gismap.unittest.dll" id="486f2d4e-862f-b7d0-0ff0-5dc28ba0a17d">
      <TestCategory>
        <TestCategoryItem TestCategory="BusinessObjects" />
      </TestCategory>
      <Execution id="f331af6c-bee4-4825-88f1-5d0257d0e12c" />
      <TestMethod codeBase="D:\actions-runner\_work\XPCO\XPCO\EventServer\Server\Components\Central\GisMap.UnitTest\bin\x64\Debug\VideoOS.EventServer.GisMap.UnitTest.dll" adapterTypeName="executor://mstestadapter/v2" className="VideoOS.EventServer.GisMap.UnitTest.BusinessObjects.Buildings.BuildingTest" name="TestAuditLog_AuditLogBuildingDefaultChanged_NullDefaultLevel_Success" />
    </UnitTest>
    <UnitTest name="TestQueryBuildingsByMapId_MultipleRows_Success" storage="d:\actions-runner\_work\xpco\xpco\eventserver\server\components\central\gismap.unittest\bin\x64\debug\videoos.eventserver.gismap.unittest.dll" id="a217a913-b791-95a5-866a-798f3e2995c9">
      <TestCategory>
        <TestCategoryItem TestCategory="DataComponent" />
      </TestCategory>
      <Execution id="c0e399bf-c2e7-42bd-b22a-79295fe28029" />
      <TestMethod codeBase="D:\actions-runner\_work\XPCO\XPCO\EventServer\Server\Components\Central\GisMap.UnitTest\bin\x64\Debug\VideoOS.EventServer.GisMap.UnitTest.dll" adapterTypeName="executor://mstestadapter/v2" className="VideoOS.EventServer.GisMap.UnitTest.DB.DataComponent.BuildingComponentTest" name="TestQueryBuildingsByMapId_MultipleRows_Success" />
    </UnitTest>
    <UnitTest name="OnLevelsUpdated" storage="d:\actions-runner\_work\xpco\xpco\eventserver\server\components\central\gismap.unittest\bin\x64\debug\videoos.eventserver.gismap.unittest.dll" id="9c476a3a-eb18-5698-75f9-97279492aa92">
      <TestCategory>
        <TestCategoryItem TestCategory="GisMapServices" />
      </TestCategory>
      <Execution id="80e42545-10ca-47f9-bbcb-d7d6f74d43ab" />
      <TestMethod codeBase="D:\actions-runner\_work\XPCO\XPCO\EventServer\Server\Components\Central\GisMap.UnitTest\bin\x64\Debug\VideoOS.EventServer.GisMap.UnitTest.dll" adapterTypeName="executor://mstestadapter/v2" className="VideoOS.EventServer.GisMap.UnitTest.Services.Events.EventBusTest" name="OnLevelsUpdated" />
    </UnitTest>
    <UnitTest name="TestUpdateBuilding_NullOutline_Success" storage="d:\actions-runner\_work\xpco\xpco\eventserver\server\components\central\gismap.unittest\bin\x64\debug\videoos.eventserver.gismap.unittest.dll" id="da6a80e7-4aab-f0eb-010a-506b0c4936a9">
      <TestCategory>
        <TestCategoryItem TestCategory="DataComponent" />
      </TestCategory>
      <Execution id="70a5370f-eaa5-4c5b-a012-97a4c627c085" />
      <TestMethod codeBase="D:\actions-runner\_work\XPCO\XPCO\EventServer\Server\Components\Central\GisMap.UnitTest\bin\x64\Debug\VideoOS.EventServer.GisMap.UnitTest.dll" adapterTypeName="executor://mstestadapter/v2" className="VideoOS.EventServer.GisMap.UnitTest.DB.DataComponent.BuildingComponentTest" name="TestUpdateBuilding_NullOutline_Success" />
    </UnitTest>
    <UnitTest name="TestAddBuildings_DatabaseException_Failure" storage="d:\actions-runner\_work\xpco\xpco\eventserver\server\components\central\gismap.unittest\bin\x64\debug\videoos.eventserver.gismap.unittest.dll" id="ebd932fc-384b-2ed8-74b5-1ae678346fad">
      <TestCategory>
        <TestCategoryItem TestCategory="DataComponent" />
      </TestCategory>
      <Execution id="5755ddca-6c1c-4f09-b5fd-42717ef25b09" />
      <TestMethod codeBase="D:\actions-runner\_work\XPCO\XPCO\EventServer\Server\Components\Central\GisMap.UnitTest\bin\x64\Debug\VideoOS.EventServer.GisMap.UnitTest.dll" adapterTypeName="executor://mstestadapter/v2" className="VideoOS.EventServer.GisMap.UnitTest.DB.DataComponent.BuildingComponentTest" name="TestAddBuildings_DatabaseException_Failure" />
    </UnitTest>
    <UnitTest name="BuildClusters_IndividualItemClusters_WhenIndividualItemsOnlyTrue" storage="d:\actions-runner\_work\xpco\xpco\eventserver\server\components\central\gismap.unittest\bin\x64\debug\videoos.eventserver.gismap.unittest.dll" id="b33228ae-5200-3eaf-6ae6-c19f5e7f8288">
      <TestCategory>
        <TestCategoryItem TestCategory="BusinessObjects" />
      </TestCategory>
      <Execution id="f2c4d46f-793b-4310-ad2e-8b8acbab9601" />
      <TestMethod codeBase="D:\actions-runner\_work\XPCO\XPCO\EventServer\Server\Components\Central\GisMap.UnitTest\bin\x64\Debug\VideoOS.EventServer.GisMap.UnitTest.dll" adapterTypeName="executor://mstestadapter/v2" className="VideoOS.EventServer.GisMap.UnitTest.BusinessObjects.Indexer.Clustering.BuildingsAwareClusterStrategyTest" name="BuildClusters_IndividualItemClusters_WhenIndividualItemsOnlyTrue" />
    </UnitTest>
    <UnitTest name="TestConstructor_Success" storage="d:\actions-runner\_work\xpco\xpco\eventserver\server\components\central\gismap.unittest\bin\x64\debug\videoos.eventserver.gismap.unittest.dll" id="1c2a8c06-877d-88dd-3bb9-78c2306a3033">
      <TestCategory>
        <TestCategoryItem TestCategory="BusinessObjects" />
      </TestCategory>
      <Execution id="66e679b9-2fee-4c02-8829-1530fb469cb5" />
      <TestMethod codeBase="D:\actions-runner\_work\XPCO\XPCO\EventServer\Server\Components\Central\GisMap.UnitTest\bin\x64\Debug\VideoOS.EventServer.GisMap.UnitTest.dll" adapterTypeName="executor://mstestadapter/v2" className="VideoOS.EventServer.GisMap.UnitTest.BusinessObjects.Items.LinkItemTest" name="TestConstructor_Success" />
    </UnitTest>
    <UnitTest name="TestUpdateLevels_NullMapItems_Success" storage="d:\actions-runner\_work\xpco\xpco\eventserver\server\components\central\gismap.unittest\bin\x64\debug\videoos.eventserver.gismap.unittest.dll" id="551fbefb-00a6-8fe0-ba69-2a84cac6bae8">
      <TestCategory>
        <TestCategoryItem TestCategory="DataComponent" />
      </TestCategory>
      <Execution id="3cf8c98e-2de6-4cdc-b186-04c038f8985a" />
      <TestMethod codeBase="D:\actions-runner\_work\XPCO\XPCO\EventServer\Server\Components\Central\GisMap.UnitTest\bin\x64\Debug\VideoOS.EventServer.GisMap.UnitTest.dll" adapterTypeName="executor://mstestadapter/v2" className="VideoOS.EventServer.GisMap.UnitTest.DB.DataComponent.BuildingComponent_LevelTest" name="TestUpdateLevels_NullMapItems_Success" />
    </UnitTest>
    <UnitTest name="TestWcfObject_GetWcfObjectWithoutExtent_Success" storage="d:\actions-runner\_work\xpco\xpco\eventserver\server\components\central\gismap.unittest\bin\x64\debug\videoos.eventserver.gismap.unittest.dll" id="811d2d85-72f5-81dc-da5e-fa6233c93a0a">
      <TestCategory>
        <TestCategoryItem TestCategory="BusinessObjects" />
      </TestCategory>
      <Execution id="42f9c543-c765-452c-ae8c-8509baa958b8" />
      <TestMethod codeBase="D:\actions-runner\_work\XPCO\XPCO\EventServer\Server\Components\Central\GisMap.UnitTest\bin\x64\Debug\VideoOS.EventServer.GisMap.UnitTest.dll" adapterTypeName="executor://mstestadapter/v2" className="VideoOS.EventServer.GisMap.UnitTest.BusinessObjects.Layers.MicrophoneLayerTest" name="TestWcfObject_GetWcfObjectWithoutExtent_Success" />
    </UnitTest>
    <UnitTest name="TestAddLevels_Exception_Failure" storage="d:\actions-runner\_work\xpco\xpco\eventserver\server\components\central\gismap.unittest\bin\x64\debug\videoos.eventserver.gismap.unittest.dll" id="a05c3d12-7a0d-46dc-ba10-7b66f15ce019">
      <TestCategory>
        <TestCategoryItem TestCategory="DataComponent" />
      </TestCategory>
      <Execution id="f3ada94c-e5a3-4e34-b0c1-19a0a91ddba3" />
      <TestMethod codeBase="D:\actions-runner\_work\XPCO\XPCO\EventServer\Server\Components\Central\GisMap.UnitTest\bin\x64\Debug\VideoOS.EventServer.GisMap.UnitTest.dll" adapterTypeName="executor://mstestadapter/v2" className="VideoOS.EventServer.GisMap.UnitTest.DB.DataComponent.BuildingComponent_LevelTest" name="TestAddLevels_Exception_Failure" />
    </UnitTest>
    <UnitTest name="FilterAsync_ReturnsNoItems" storage="d:\actions-runner\_work\xpco\xpco\eventserver\server\components\central\gismap.unittest\bin\x64\debug\videoos.eventserver.gismap.unittest.dll" id="ea205de9-6749-c7ef-14e7-22264f57c46c">
      <TestCategory>
        <TestCategoryItem TestCategory="GisMapServices" />
      </TestCategory>
      <Execution id="cce9af79-4716-467c-b5a6-09af9c3af1d4" />
      <TestMethod codeBase="D:\actions-runner\_work\XPCO\XPCO\EventServer\Server\Components\Central\GisMap.UnitTest\bin\x64\Debug\VideoOS.EventServer.GisMap.UnitTest.dll" adapterTypeName="executor://mstestadapter/v2" className="VideoOS.EventServer.GisMap.UnitTest.Services.Clustering.ClusteredItemsAuthorizationWithCountFilterTest" name="FilterAsync_ReturnsNoItems" />
    </UnitTest>
    <UnitTest name="TestAuditLog_AuditLogMapDisplayed_Success" storage="d:\actions-runner\_work\xpco\xpco\eventserver\server\components\central\gismap.unittest\bin\x64\debug\videoos.eventserver.gismap.unittest.dll" id="bdf1081a-26c2-c8c7-9407-30b311fea481">
      <TestCategory>
        <TestCategoryItem TestCategory="BusinessObjects" />
      </TestCategory>
      <Execution id="841fde34-a216-41bf-a75f-9baba96aadcd" />
      <TestMethod codeBase="D:\actions-runner\_work\XPCO\XPCO\EventServer\Server\Components\Central\GisMap.UnitTest\bin\x64\Debug\VideoOS.EventServer.GisMap.UnitTest.dll" adapterTypeName="executor://mstestadapter/v2" className="VideoOS.EventServer.GisMap.UnitTest.BusinessObjects.Maps.BrowseMapTest" name="TestAuditLog_AuditLogMapDisplayed_Success" />
    </UnitTest>
    <UnitTest name="TestConstructor_ParsingWcfObjectWithNull_Success" storage="d:\actions-runner\_work\xpco\xpco\eventserver\server\components\central\gismap.unittest\bin\x64\debug\videoos.eventserver.gismap.unittest.dll" id="e0c30c38-4acf-7edb-0311-7e2ff9a258c6">
      <TestCategory>
        <TestCategoryItem TestCategory="BusinessObjects" />
      </TestCategory>
      <Execution id="f66d7119-9677-4c4a-89f4-ef961592bfac" />
      <TestMethod codeBase="D:\actions-runner\_work\XPCO\XPCO\EventServer\Server\Components\Central\GisMap.UnitTest\bin\x64\Debug\VideoOS.EventServer.GisMap.UnitTest.dll" adapterTypeName="executor://mstestadapter/v2" className="VideoOS.EventServer.GisMap.UnitTest.BusinessObjects.Maps.MapTest" name="TestConstructor_ParsingWcfObjectWithNull_Success" />
    </UnitTest>
    <UnitTest name="InitializeIndex_5Items_2Clusters" storage="d:\actions-runner\_work\xpco\xpco\eventserver\server\components\central\gismap.unittest\bin\x64\debug\videoos.eventserver.gismap.unittest.dll" id="44129e22-5902-4a49-0032-210cb66ea536">
      <TestCategory>
        <TestCategoryItem TestCategory="BusinessObjects" />
      </TestCategory>
      <Execution id="bfe5717d-f473-4226-a52e-e6616088da00" />
      <TestMethod codeBase="D:\actions-runner\_work\XPCO\XPCO\EventServer\Server\Components\Central\GisMap.UnitTest\bin\x64\Debug\VideoOS.EventServer.GisMap.UnitTest.dll" adapterTypeName="executor://mstestadapter/v2" className="VideoOS.EventServer.GisMap.UnitTest.BusinessObjects.Indexer.MapItemIndexerTest" name="InitializeIndex_5Items_2Clusters" />
    </UnitTest>
    <UnitTest name="TestAuditLog_AuditLogWithNullItemAuditParameters_Failure" storage="d:\actions-runner\_work\xpco\xpco\eventserver\server\components\central\gismap.unittest\bin\x64\debug\videoos.eventserver.gismap.unittest.dll" id="dc5fe6b3-eebf-53e9-38d5-0e5a011c216c">
      <TestCategory>
        <TestCategoryItem TestCategory="BusinessObjects" />
      </TestCategory>
      <Execution id="47e786c5-5e45-4026-a07e-4ad53a31a778" />
      <TestMethod codeBase="D:\actions-runner\_work\XPCO\XPCO\EventServer\Server\Components\Central\GisMap.UnitTest\bin\x64\Debug\VideoOS.EventServer.GisMap.UnitTest.dll" adapterTypeName="executor://mstestadapter/v2" className="VideoOS.EventServer.GisMap.UnitTest.BusinessObjects.Maps.BrowseMapTest" name="TestAuditLog_AuditLogWithNullItemAuditParameters_Failure" />
    </UnitTest>
    <UnitTest name="TestConstructor_ParsingWcfObjectWithoutTransformInfo_Success" storage="d:\actions-runner\_work\xpco\xpco\eventserver\server\components\central\gismap.unittest\bin\x64\debug\videoos.eventserver.gismap.unittest.dll" id="71060007-55e0-b160-6c14-41d2191d62cc">
      <TestCategory>
        <TestCategoryItem TestCategory="BusinessObjects" />
      </TestCategory>
      <Execution id="5f46e1b2-fb6f-4c4a-9437-bd63a575614b" />
      <TestMethod codeBase="D:\actions-runner\_work\XPCO\XPCO\EventServer\Server\Components\Central\GisMap.UnitTest\bin\x64\Debug\VideoOS.EventServer.GisMap.UnitTest.dll" adapterTypeName="executor://mstestadapter/v2" className="VideoOS.EventServer.GisMap.UnitTest.BusinessObjects.Layers.ShapeFileLayerTest" name="TestConstructor_ParsingWcfObjectWithoutTransformInfo_Success" />
    </UnitTest>
    <UnitTest name="Excludetems_Rises_OnItemsExcluded" storage="d:\actions-runner\_work\xpco\xpco\eventserver\server\components\central\gismap.unittest\bin\x64\debug\videoos.eventserver.gismap.unittest.dll" id="dbfbfac9-0b64-ce92-36c4-cd97af6f6704">
      <TestCategory>
        <TestCategoryItem TestCategory="BusinessObjects" />
      </TestCategory>
      <Execution id="d79b92fd-f96e-490d-b542-9ab589bada54" />
      <TestMethod codeBase="D:\actions-runner\_work\XPCO\XPCO\EventServer\Server\Components\Central\GisMap.UnitTest\bin\x64\Debug\VideoOS.EventServer.GisMap.UnitTest.dll" adapterTypeName="executor://mstestadapter/v2" className="VideoOS.EventServer.GisMap.UnitTest.BusinessObjects.Indexer.MapItemIndexerTest" name="Excludetems_Rises_OnItemsExcluded" />
    </UnitTest>
    <UnitTest name="TestPropertyNames_GettingPropertyNames_Success" storage="d:\actions-runner\_work\xpco\xpco\eventserver\server\components\central\gismap.unittest\bin\x64\debug\videoos.eventserver.gismap.unittest.dll" id="0e5e57e7-156f-1afb-4215-734dfc901d81">
      <TestCategory>
        <TestCategoryItem TestCategory="BusinessObjects" />
      </TestCategory>
      <Execution id="2026e2d4-8b06-4fbc-b7dc-17bd971182ba" />
      <TestMethod codeBase="D:\actions-runner\_work\XPCO\XPCO\EventServer\Server\Components\Central\GisMap.UnitTest\bin\x64\Debug\VideoOS.EventServer.GisMap.UnitTest.dll" adapterTypeName="executor://mstestadapter/v2" className="VideoOS.EventServer.GisMap.UnitTest.BusinessObjects.MapSettingsTest" name="TestPropertyNames_GettingPropertyNames_Success" />
    </UnitTest>
    <UnitTest name="TestAuditLog_AuditLogLayerChanged_Success" storage="d:\actions-runner\_work\xpco\xpco\eventserver\server\components\central\gismap.unittest\bin\x64\debug\videoos.eventserver.gismap.unittest.dll" id="7ee73049-9fdf-3f50-ffdb-fe86cbdad9da">
      <TestCategory>
        <TestCategoryItem TestCategory="BusinessObjects" />
      </TestCategory>
      <Execution id="a18854ab-b7bf-4de5-aeeb-4ae85c5b00c1" />
      <TestMethod codeBase="D:\actions-runner\_work\XPCO\XPCO\EventServer\Server\Components\Central\GisMap.UnitTest\bin\x64\Debug\VideoOS.EventServer.GisMap.UnitTest.dll" adapterTypeName="executor://mstestadapter/v2" className="VideoOS.EventServer.GisMap.UnitTest.BusinessObjects.Layers.CADLayerTest" name="TestAuditLog_AuditLogLayerChanged_Success" />
    </UnitTest>
    <UnitTest name="TestReorderLevels_NonUniqueBuildingId_Failure" storage="d:\actions-runner\_work\xpco\xpco\eventserver\server\components\central\gismap.unittest\bin\x64\debug\videoos.eventserver.gismap.unittest.dll" id="61cb0c64-d1e1-e43f-2b31-f68c6eb75f82">
      <TestCategory>
        <TestCategoryItem TestCategory="DataComponent" />
      </TestCategory>
      <Execution id="2a89a900-e4e3-46a2-84f3-b60a2898ea6b" />
      <TestMethod codeBase="D:\actions-runner\_work\XPCO\XPCO\EventServer\Server\Components\Central\GisMap.UnitTest\bin\x64\Debug\VideoOS.EventServer.GisMap.UnitTest.dll" adapterTypeName="executor://mstestadapter/v2" className="VideoOS.EventServer.GisMap.UnitTest.DB.DataComponent.BuildingComponent_LevelTest" name="TestReorderLevels_NonUniqueBuildingId_Failure" />
    </UnitTest>
    <UnitTest name="TestPropertyNames_GettingPropertyNames_Success" storage="d:\actions-runner\_work\xpco\xpco\eventserver\server\components\central\gismap.unittest\bin\x64\debug\videoos.eventserver.gismap.unittest.dll" id="41f86925-900c-d030-da0d-121d966754ef">
      <TestCategory>
        <TestCategoryItem TestCategory="BusinessObjects" />
      </TestCategory>
      <Execution id="605c5d44-38bd-47c8-ad73-9c0e21fe9929" />
      <TestMethod codeBase="D:\actions-runner\_work\XPCO\XPCO\EventServer\Server\Components\Central\GisMap.UnitTest\bin\x64\Debug\VideoOS.EventServer.GisMap.UnitTest.dll" adapterTypeName="executor://mstestadapter/v2" className="VideoOS.EventServer.GisMap.UnitTest.BusinessObjects.Repositories.CADRepositoryTest" name="TestPropertyNames_GettingPropertyNames_Success" />
    </UnitTest>
    <UnitTest name="Send_Empty_NotSent" storage="d:\actions-runner\_work\xpco\xpco\eventserver\server\components\central\gismap.unittest\bin\x64\debug\videoos.eventserver.gismap.unittest.dll" id="07b80e63-7c2f-589b-2e04-4e8029babfad">
      <TestCategory>
        <TestCategoryItem TestCategory="GisMapServices" />
      </TestCategory>
      <Execution id="c5ac2643-fbff-4b6f-a9b5-658ed9f9a764" />
      <TestMethod codeBase="D:\actions-runner\_work\XPCO\XPCO\EventServer\Server\Components\Central\GisMap.UnitTest\bin\x64\Debug\VideoOS.EventServer.GisMap.UnitTest.dll" adapterTypeName="executor://mstestadapter/v2" className="VideoOS.EventServer.GisMap.UnitTest.Services.Events.EventBusTest" name="Send_Empty_NotSent" />
    </UnitTest>
    <UnitTest name="TestConstructor_Success" storage="d:\actions-runner\_work\xpco\xpco\eventserver\server\components\central\gismap.unittest\bin\x64\debug\videoos.eventserver.gismap.unittest.dll" id="746bd023-03df-7114-9f0e-7c5538738f75">
      <TestCategory>
        <TestCategoryItem TestCategory="BusinessObjects" />
      </TestCategory>
      <Execution id="dcc83168-b235-49f2-8c80-3d430f4bf06d" />
      <TestMethod codeBase="D:\actions-runner\_work\XPCO\XPCO\EventServer\Server\Components\Central\GisMap.UnitTest\bin\x64\Debug\VideoOS.EventServer.GisMap.UnitTest.dll" adapterTypeName="executor://mstestadapter/v2" className="VideoOS.EventServer.GisMap.UnitTest.BusinessObjects.Layers.ViewZoneLayerTest" name="TestConstructor_Success" />
    </UnitTest>
    <UnitTest name="TestConstructor_ParsingWcfObjectWithoutExtent_Success" storage="d:\actions-runner\_work\xpco\xpco\eventserver\server\components\central\gismap.unittest\bin\x64\debug\videoos.eventserver.gismap.unittest.dll" id="d8ab00bc-0a1b-9be6-ec5b-0912cb157711">
      <TestCategory>
        <TestCategoryItem TestCategory="BusinessObjects" />
      </TestCategory>
      <Execution id="5030a973-c2d8-465f-a0b4-e2bc2dce1978" />
      <TestMethod codeBase="D:\actions-runner\_work\XPCO\XPCO\EventServer\Server\Components\Central\GisMap.UnitTest\bin\x64\Debug\VideoOS.EventServer.GisMap.UnitTest.dll" adapterTypeName="executor://mstestadapter/v2" className="VideoOS.EventServer.GisMap.UnitTest.BusinessObjects.Layers.BuildingLayerTest" name="TestConstructor_ParsingWcfObjectWithoutExtent_Success" />
    </UnitTest>
    <UnitTest name="TestDeleteBuilding_MultipleRows_Failure" storage="d:\actions-runner\_work\xpco\xpco\eventserver\server\components\central\gismap.unittest\bin\x64\debug\videoos.eventserver.gismap.unittest.dll" id="6785586f-25cc-0aad-243a-6c4cd6551188">
      <TestCategory>
        <TestCategoryItem TestCategory="DataComponent" />
      </TestCategory>
      <Execution id="dafb5ac7-1c33-4d2b-87e3-b3a694d12a19" />
      <TestMethod codeBase="D:\actions-runner\_work\XPCO\XPCO\EventServer\Server\Components\Central\GisMap.UnitTest\bin\x64\Debug\VideoOS.EventServer.GisMap.UnitTest.dll" adapterTypeName="executor://mstestadapter/v2" className="VideoOS.EventServer.GisMap.UnitTest.DB.DataComponent.BuildingComponentTest" name="TestDeleteBuilding_MultipleRows_Failure" />
    </UnitTest>
    <UnitTest name="TestConstructor_ParsingWcfObjectWithNull_Success" storage="d:\actions-runner\_work\xpco\xpco\eventserver\server\components\central\gismap.unittest\bin\x64\debug\videoos.eventserver.gismap.unittest.dll" id="36f7ffc5-4303-4f16-8cf5-72d7038c3fc9">
      <TestCategory>
        <TestCategoryItem TestCategory="BusinessObjects" />
      </TestCategory>
      <Execution id="41545de4-faa7-4428-b9f4-6201df8d18d5" />
      <TestMethod codeBase="D:\actions-runner\_work\XPCO\XPCO\EventServer\Server\Components\Central\GisMap.UnitTest\bin\x64\Debug\VideoOS.EventServer.GisMap.UnitTest.dll" adapterTypeName="executor://mstestadapter/v2" className="VideoOS.EventServer.GisMap.UnitTest.BusinessObjects.Maps.BrowseMapTest" name="TestConstructor_ParsingWcfObjectWithNull_Success" />
    </UnitTest>
    <UnitTest name="TestWcfObject_ConvertToWcfObject_Success" storage="d:\actions-runner\_work\xpco\xpco\eventserver\server\components\central\gismap.unittest\bin\x64\debug\videoos.eventserver.gismap.unittest.dll" id="4625213c-c4c6-194d-1838-c46fdcca2107">
      <TestCategory>
        <TestCategoryItem TestCategory="BusinessObjects" />
      </TestCategory>
      <Execution id="589df31f-ff32-4fa5-a7d5-968f1981ba4e" />
      <TestMethod codeBase="D:\actions-runner\_work\XPCO\XPCO\EventServer\Server\Components\Central\GisMap.UnitTest\bin\x64\Debug\VideoOS.EventServer.GisMap.UnitTest.dll" adapterTypeName="executor://mstestadapter/v2" className="VideoOS.EventServer.GisMap.UnitTest.BusinessObjects.Maps.MapTest" name="TestWcfObject_ConvertToWcfObject_Success" />
    </UnitTest>
    <UnitTest name="TestUpdateProperties_UpdateAllProperties_Success" storage="d:\actions-runner\_work\xpco\xpco\eventserver\server\components\central\gismap.unittest\bin\x64\debug\videoos.eventserver.gismap.unittest.dll" id="20f48aed-1e6c-3774-d5cc-1668524098ab">
      <TestCategory>
        <TestCategoryItem TestCategory="BusinessObjects" />
      </TestCategory>
      <Execution id="c564d819-09ed-4075-b58d-cf6ccebb379d" />
      <TestMethod codeBase="D:\actions-runner\_work\XPCO\XPCO\EventServer\Server\Components\Central\GisMap.UnitTest\bin\x64\Debug\VideoOS.EventServer.GisMap.UnitTest.dll" adapterTypeName="executor://mstestadapter/v2" className="VideoOS.EventServer.GisMap.UnitTest.BusinessObjects.Layers.LinkLayerTest" name="TestUpdateProperties_UpdateAllProperties_Success" />
    </UnitTest>
    <UnitTest name="AllItems_NotExistAfterClear" storage="d:\actions-runner\_work\xpco\xpco\eventserver\server\components\central\gismap.unittest\bin\x64\debug\videoos.eventserver.gismap.unittest.dll" id="4cb27c6f-9918-3553-f9c8-f8aa01445295">
      <TestCategory>
        <TestCategoryItem TestCategory="BusinessObjects" />
      </TestCategory>
      <Execution id="8ebc358b-68d1-4998-9d1b-43db95b5bc9c" />
      <TestMethod codeBase="D:\actions-runner\_work\XPCO\XPCO\EventServer\Server\Components\Central\GisMap.UnitTest\bin\x64\Debug\VideoOS.EventServer.GisMap.UnitTest.dll" adapterTypeName="executor://mstestadapter/v2" className="VideoOS.EventServer.GisMap.UnitTest.BusinessObjects.Indexer.MapItemIndexerTest" name="AllItems_NotExistAfterClear" />
    </UnitTest>
    <UnitTest name="TestAddLevels_DatabaseException_NonUniqueBuildingId_Failure" storage="d:\actions-runner\_work\xpco\xpco\eventserver\server\components\central\gismap.unittest\bin\x64\debug\videoos.eventserver.gismap.unittest.dll" id="9d275ce6-7efc-3e8f-9ccf-4a0309de2e06">
      <TestCategory>
        <TestCategoryItem TestCategory="DataComponent" />
      </TestCategory>
      <Execution id="687dd9e6-7497-407a-aeb3-10f3ad2b4afd" />
      <TestMethod codeBase="D:\actions-runner\_work\XPCO\XPCO\EventServer\Server\Components\Central\GisMap.UnitTest\bin\x64\Debug\VideoOS.EventServer.GisMap.UnitTest.dll" adapterTypeName="executor://mstestadapter/v2" className="VideoOS.EventServer.GisMap.UnitTest.DB.DataComponent.BuildingComponent_LevelTest" name="TestAddLevels_DatabaseException_NonUniqueBuildingId_Failure" />
    </UnitTest>
    <UnitTest name="TestUpdateProperties_UpdateAllProperties_Success" storage="d:\actions-runner\_work\xpco\xpco\eventserver\server\components\central\gismap.unittest\bin\x64\debug\videoos.eventserver.gismap.unittest.dll" id="e8c563f6-2a49-d4ae-5b78-4cd29410569d">
      <TestCategory>
        <TestCategoryItem TestCategory="BusinessObjects" />
      </TestCategory>
      <Execution id="7663ba1e-27a9-4364-9d69-8d43fa09d115" />
      <TestMethod codeBase="D:\actions-runner\_work\XPCO\XPCO\EventServer\Server\Components\Central\GisMap.UnitTest\bin\x64\Debug\VideoOS.EventServer.GisMap.UnitTest.dll" adapterTypeName="executor://mstestadapter/v2" className="VideoOS.EventServer.GisMap.UnitTest.BusinessObjects.TransformInfoTest" name="TestUpdateProperties_UpdateAllProperties_Success" />
    </UnitTest>
    <UnitTest name="TestWcfObject_GetWcfObjectWithoutExtent_Success" storage="d:\actions-runner\_work\xpco\xpco\eventserver\server\components\central\gismap.unittest\bin\x64\debug\videoos.eventserver.gismap.unittest.dll" id="8ece25b2-85c1-6c5c-6450-bff475f02b6b">
      <TestCategory>
        <TestCategoryItem TestCategory="BusinessObjects" />
      </TestCategory>
      <Execution id="99f251b1-2cff-4bed-b005-55e4fdbc79bd" />
      <TestMethod codeBase="D:\actions-runner\_work\XPCO\XPCO\EventServer\Server\Components\Central\GisMap.UnitTest\bin\x64\Debug\VideoOS.EventServer.GisMap.UnitTest.dll" adapterTypeName="executor://mstestadapter/v2" className="VideoOS.EventServer.GisMap.UnitTest.BusinessObjects.Layers.ImageLayerTest" name="TestWcfObject_GetWcfObjectWithoutExtent_Success" />
    </UnitTest>
    <UnitTest name="TestConstructor_Success" storage="d:\actions-runner\_work\xpco\xpco\eventserver\server\components\central\gismap.unittest\bin\x64\debug\videoos.eventserver.gismap.unittest.dll" id="2933d78f-9b5e-7f9d-5d86-010c98506a2d">
      <TestCategory>
        <TestCategoryItem TestCategory="BusinessObjects" />
      </TestCategory>
      <Execution id="3c36f48d-f63f-42bb-a62b-0c277ff6e559" />
      <TestMethod codeBase="D:\actions-runner\_work\XPCO\XPCO\EventServer\Server\Components\Central\GisMap.UnitTest\bin\x64\Debug\VideoOS.EventServer.GisMap.UnitTest.dll" adapterTypeName="executor://mstestadapter/v2" className="VideoOS.EventServer.GisMap.UnitTest.BusinessObjects.Layers.MipLayerTest" name="TestConstructor_Success" />
    </UnitTest>
    <UnitTest name="TestWcfObject_GetWcfObject_Success" storage="d:\actions-runner\_work\xpco\xpco\eventserver\server\components\central\gismap.unittest\bin\x64\debug\videoos.eventserver.gismap.unittest.dll" id="2a2d9806-dab7-0fee-a434-4d24eb4cbd83">
      <TestCategory>
        <TestCategoryItem TestCategory="BusinessObjects" />
      </TestCategory>
      <Execution id="ff6a3d4f-23bd-405b-83b2-00cc57a7f1d1" />
      <TestMethod codeBase="D:\actions-runner\_work\XPCO\XPCO\EventServer\Server\Components\Central\GisMap.UnitTest\bin\x64\Debug\VideoOS.EventServer.GisMap.UnitTest.dll" adapterTypeName="executor://mstestadapter/v2" className="VideoOS.EventServer.GisMap.UnitTest.BusinessObjects.Layers.LinkLayerTest" name="TestWcfObject_GetWcfObject_Success" />
    </UnitTest>
    <UnitTest name="TestWcfObject_GetWcfObjectWithNoPosition_Success" storage="d:\actions-runner\_work\xpco\xpco\eventserver\server\components\central\gismap.unittest\bin\x64\debug\videoos.eventserver.gismap.unittest.dll" id="77a34115-e210-c108-4631-a73effb015a7">
      <TestCategory>
        <TestCategoryItem TestCategory="BusinessObjects" />
      </TestCategory>
      <Execution id="3f867a9d-bf4b-4567-bf25-ba890e16a132" />
      <TestMethod codeBase="D:\actions-runner\_work\XPCO\XPCO\EventServer\Server\Components\Central\GisMap.UnitTest\bin\x64\Debug\VideoOS.EventServer.GisMap.UnitTest.dll" adapterTypeName="executor://mstestadapter/v2" className="VideoOS.EventServer.GisMap.UnitTest.BusinessObjects.Items.LegacyLinkItemTest" name="TestWcfObject_GetWcfObjectWithNoPosition_Success" />
    </UnitTest>
    <UnitTest name="TestCapabilities_Opened_Success" storage="d:\actions-runner\_work\xpco\xpco\eventserver\server\components\central\gismap.unittest\bin\x64\debug\videoos.eventserver.gismap.unittest.dll" id="aefecab0-bd07-aad7-eee6-85c8245976ba">
      <TestCategory>
        <TestCategoryItem TestCategory="GisCommand" />
      </TestCategory>
      <Execution id="c10126f7-eca4-476a-bd63-6519943c16e9" />
      <TestMethod codeBase="D:\actions-runner\_work\XPCO\XPCO\EventServer\Server\Components\Central\GisMap.UnitTest\bin\x64\Debug\VideoOS.EventServer.GisMap.UnitTest.dll" adapterTypeName="executor://mstestadapter/v2" className="VideoOS.EventServer.GisMap.UnitTest.WebService.GisBuildingCommandTest" name="TestCapabilities_Opened_Success" />
    </UnitTest>
    <UnitTest name="TestWcfObject_GetWcfObject_Success" storage="d:\actions-runner\_work\xpco\xpco\eventserver\server\components\central\gismap.unittest\bin\x64\debug\videoos.eventserver.gismap.unittest.dll" id="3764f41b-f9cb-0885-316f-a957903d1b79">
      <TestCategory>
        <TestCategoryItem TestCategory="BusinessObjects" />
      </TestCategory>
      <Execution id="4bee81ee-30ac-40ad-9e60-29a8a2cd9745" />
      <TestMethod codeBase="D:\actions-runner\_work\XPCO\XPCO\EventServer\Server\Components\Central\GisMap.UnitTest\bin\x64\Debug\VideoOS.EventServer.GisMap.UnitTest.dll" adapterTypeName="executor://mstestadapter/v2" className="VideoOS.EventServer.GisMap.UnitTest.BusinessObjects.Layers.OpenStreetMapLayerTest" name="TestWcfObject_GetWcfObject_Success" />
    </UnitTest>
    <UnitTest name="GetMipItemsByKindAndArea_Success" storage="d:\actions-runner\_work\xpco\xpco\eventserver\server\components\central\gismap.unittest\bin\x64\debug\videoos.eventserver.gismap.unittest.dll" id="1f5d248f-73b7-ff37-ee73-daed54890e10">
      <TestCategory>
        <TestCategoryItem TestCategory="GisMapMipItems" />
      </TestCategory>
      <Execution id="f088a43d-6f6a-4455-944c-97b2576f20ab" />
      <TestMethod codeBase="D:\actions-runner\_work\XPCO\XPCO\EventServer\Server\Components\Central\GisMap.UnitTest\bin\x64\Debug\VideoOS.EventServer.GisMap.UnitTest.dll" adapterTypeName="executor://mstestadapter/v2" className="VideoOS.EventServer.GisMap.UnitTest.WebService.GisMipItemCommandTest" name="GetMipItemsByKindAndArea_Success" />
    </UnitTest>
    <UnitTest name="TestAddLevels_OnlyUnknownLevels_Success" storage="d:\actions-runner\_work\xpco\xpco\eventserver\server\components\central\gismap.unittest\bin\x64\debug\videoos.eventserver.gismap.unittest.dll" id="20f8962c-5092-11a0-6422-f1f46c1e62a3">
      <TestCategory>
        <TestCategoryItem TestCategory="DataComponent" />
      </TestCategory>
      <Execution id="1c6dfb83-3631-4cb0-8355-6be2660bfdcb" />
      <TestMethod codeBase="D:\actions-runner\_work\XPCO\XPCO\EventServer\Server\Components\Central\GisMap.UnitTest\bin\x64\Debug\VideoOS.EventServer.GisMap.UnitTest.dll" adapterTypeName="executor://mstestadapter/v2" className="VideoOS.EventServer.GisMap.UnitTest.DB.DataComponent.BuildingComponent_LevelTest" name="TestAddLevels_OnlyUnknownLevels_Success" />
    </UnitTest>
    <UnitTest name="TestUpdateBuildings_NullOutline_Success" storage="d:\actions-runner\_work\xpco\xpco\eventserver\server\components\central\gismap.unittest\bin\x64\debug\videoos.eventserver.gismap.unittest.dll" id="e6cf7354-a8a6-7200-c1dc-f1390bf8a393">
      <TestCategory>
        <TestCategoryItem TestCategory="DataComponent" />
      </TestCategory>
      <Execution id="18c6aae9-e44d-4970-919f-b485f472d490" />
      <TestMethod codeBase="D:\actions-runner\_work\XPCO\XPCO\EventServer\Server\Components\Central\GisMap.UnitTest\bin\x64\Debug\VideoOS.EventServer.GisMap.UnitTest.dll" adapterTypeName="executor://mstestadapter/v2" className="VideoOS.EventServer.GisMap.UnitTest.DB.DataComponent.BuildingComponentTest" name="TestUpdateBuildings_NullOutline_Success" />
    </UnitTest>
    <UnitTest name="TestAuditLog_NullLevelAuditParameters_Building_Failure" storage="d:\actions-runner\_work\xpco\xpco\eventserver\server\components\central\gismap.unittest\bin\x64\debug\videoos.eventserver.gismap.unittest.dll" id="6996c8e0-08a0-bfff-fca5-a05e55543939">
      <TestCategory>
        <TestCategoryItem TestCategory="BusinessObjects" />
      </TestCategory>
      <Execution id="01c34e59-04df-4bb5-b462-5d6367694651" />
      <TestMethod codeBase="D:\actions-runner\_work\XPCO\XPCO\EventServer\Server\Components\Central\GisMap.UnitTest\bin\x64\Debug\VideoOS.EventServer.GisMap.UnitTest.dll" adapterTypeName="executor://mstestadapter/v2" className="VideoOS.EventServer.GisMap.UnitTest.BusinessObjects.Buildings.LevelTest" name="TestAuditLog_NullLevelAuditParameters_Building_Failure" />
    </UnitTest>
    <UnitTest name="TestConstructor_ParsingWcfObjectWithoutExtent_Success" storage="d:\actions-runner\_work\xpco\xpco\eventserver\server\components\central\gismap.unittest\bin\x64\debug\videoos.eventserver.gismap.unittest.dll" id="1a7d046c-169c-9a92-3c61-35895eae39ce">
      <TestCategory>
        <TestCategoryItem TestCategory="BusinessObjects" />
      </TestCategory>
      <Execution id="4918408e-5203-4f0a-9445-a94f560b8dbc" />
      <TestMethod codeBase="D:\actions-runner\_work\XPCO\XPCO\EventServer\Server\Components\Central\GisMap.UnitTest\bin\x64\Debug\VideoOS.EventServer.GisMap.UnitTest.dll" adapterTypeName="executor://mstestadapter/v2" className="VideoOS.EventServer.GisMap.UnitTest.BusinessObjects.Layers.ImageLayerTest" name="TestConstructor_ParsingWcfObjectWithoutExtent_Success" />
    </UnitTest>
    <UnitTest name="BuildClusters_3Buildings" storage="d:\actions-runner\_work\xpco\xpco\eventserver\server\components\central\gismap.unittest\bin\x64\debug\videoos.eventserver.gismap.unittest.dll" id="bf0e4b1f-683f-dc6c-89fe-c24204c6eb29">
      <TestCategory>
        <TestCategoryItem TestCategory="BusinessObjects" />
      </TestCategory>
      <Execution id="35a21fef-41de-49ce-92b7-9ded580f5e43" />
      <TestMethod codeBase="D:\actions-runner\_work\XPCO\XPCO\EventServer\Server\Components\Central\GisMap.UnitTest\bin\x64\Debug\VideoOS.EventServer.GisMap.UnitTest.dll" adapterTypeName="executor://mstestadapter/v2" className="VideoOS.EventServer.GisMap.UnitTest.BusinessObjects.Indexer.Clustering.BuildingsAwareClusterStrategyTest" name="BuildClusters_3Buildings" />
    </UnitTest>
    <UnitTest name="TestAuditLog_AuditLogLayerRemoved_Success" storage="d:\actions-runner\_work\xpco\xpco\eventserver\server\components\central\gismap.unittest\bin\x64\debug\videoos.eventserver.gismap.unittest.dll" id="a740fbf0-9aa2-cd52-dab0-01c20d647d43">
      <TestCategory>
        <TestCategoryItem TestCategory="BusinessObjects" />
      </TestCategory>
      <Execution id="2ea7f5b8-f52b-4f10-a876-1c4931b26d51" />
      <TestMethod codeBase="D:\actions-runner\_work\XPCO\XPCO\EventServer\Server\Components\Central\GisMap.UnitTest\bin\x64\Debug\VideoOS.EventServer.GisMap.UnitTest.dll" adapterTypeName="executor://mstestadapter/v2" className="VideoOS.EventServer.GisMap.UnitTest.BusinessObjects.Layers.CADLayerTest" name="TestAuditLog_AuditLogLayerRemoved_Success" />
    </UnitTest>
    <UnitTest name="TestUpdateLevels_NoUpdates_Success" storage="d:\actions-runner\_work\xpco\xpco\eventserver\server\components\central\gismap.unittest\bin\x64\debug\videoos.eventserver.gismap.unittest.dll" id="57eb827e-22de-ea5e-ac49-20767f9ce186">
      <TestCategory>
        <TestCategoryItem TestCategory="DataComponent" />
      </TestCategory>
      <Execution id="c9f3d7b8-1c20-4ea8-9bf1-96b32ef50f4b" />
      <TestMethod codeBase="D:\actions-runner\_work\XPCO\XPCO\EventServer\Server\Components\Central\GisMap.UnitTest\bin\x64\Debug\VideoOS.EventServer.GisMap.UnitTest.dll" adapterTypeName="executor://mstestadapter/v2" className="VideoOS.EventServer.GisMap.UnitTest.DB.DataComponent.BuildingComponent_LevelTest" name="TestUpdateLevels_NoUpdates_Success" />
    </UnitTest>
    <UnitTest name="TestConstructor_ParsingWcfObject_Success" storage="d:\actions-runner\_work\xpco\xpco\eventserver\server\components\central\gismap.unittest\bin\x64\debug\videoos.eventserver.gismap.unittest.dll" id="0e546871-92ca-2379-fab8-fca184e7cd10">
      <TestCategory>
        <TestCategoryItem TestCategory="BusinessObjects" />
      </TestCategory>
      <Execution id="34e245fc-6987-4e94-be23-a5fad63ced7e" />
      <TestMethod codeBase="D:\actions-runner\_work\XPCO\XPCO\EventServer\Server\Components\Central\GisMap.UnitTest\bin\x64\Debug\VideoOS.EventServer.GisMap.UnitTest.dll" adapterTypeName="executor://mstestadapter/v2" className="VideoOS.EventServer.GisMap.UnitTest.BusinessObjects.Layers.ShapeFileLayerTest" name="TestConstructor_ParsingWcfObject_Success" />
    </UnitTest>
    <UnitTest name="TestWcfObject_GetWcfObject_Success" storage="d:\actions-runner\_work\xpco\xpco\eventserver\server\components\central\gismap.unittest\bin\x64\debug\videoos.eventserver.gismap.unittest.dll" id="e5847aa1-876b-7024-6828-4efbdc1d0e5a">
      <TestCategory>
        <TestCategoryItem TestCategory="BusinessObjects" />
      </TestCategory>
      <Execution id="607c0c63-4d44-496e-ac5b-17a9c74991a8" />
      <TestMethod codeBase="D:\actions-runner\_work\XPCO\XPCO\EventServer\Server\Components\Central\GisMap.UnitTest\bin\x64\Debug\VideoOS.EventServer.GisMap.UnitTest.dll" adapterTypeName="executor://mstestadapter/v2" className="VideoOS.EventServer.GisMap.UnitTest.BusinessObjects.Layers.CADLayerTest" name="TestWcfObject_GetWcfObject_Success" />
    </UnitTest>
    <UnitTest name="AddNewItem_Success" storage="d:\actions-runner\_work\xpco\xpco\eventserver\server\components\central\gismap.unittest\bin\x64\debug\videoos.eventserver.gismap.unittest.dll" id="066390a6-0c18-98b7-6f8e-ce212a91b6c9">
      <TestCategory>
        <TestCategoryItem TestCategory="GisMapServices" />
      </TestCategory>
      <Execution id="2d6e8d49-a4f4-47db-bf24-05a32dbbb712" />
      <TestMethod codeBase="D:\actions-runner\_work\XPCO\XPCO\EventServer\Server\Components\Central\GisMap.UnitTest\bin\x64\Debug\VideoOS.EventServer.GisMap.UnitTest.dll" adapterTypeName="executor://mstestadapter/v2" className="VideoOS.EventServer.GisMap.UnitTest.Services.Clustering.MapDataUpdaterTest" name="AddNewItem_Success" />
    </UnitTest>
    <UnitTest name="TestUpdateProperties_UpdateAllProperties_Success" storage="d:\actions-runner\_work\xpco\xpco\eventserver\server\components\central\gismap.unittest\bin\x64\debug\videoos.eventserver.gismap.unittest.dll" id="976aee34-4917-6995-10e6-86b8ca5eef0f">
      <TestCategory>
        <TestCategoryItem TestCategory="BusinessObjects" />
      </TestCategory>
      <Execution id="b27e32fa-b74f-457f-9d3e-55c18d2127c6" />
      <TestMethod codeBase="D:\actions-runner\_work\XPCO\XPCO\EventServer\Server\Components\Central\GisMap.UnitTest\bin\x64\Debug\VideoOS.EventServer.GisMap.UnitTest.dll" adapterTypeName="executor://mstestadapter/v2" className="VideoOS.EventServer.GisMap.UnitTest.BusinessObjects.PositionTest" name="TestUpdateProperties_UpdateAllProperties_Success" />
    </UnitTest>
    <UnitTest name="TestFactory_Success" storage="d:\actions-runner\_work\xpco\xpco\eventserver\server\components\central\gismap.unittest\bin\x64\debug\videoos.eventserver.gismap.unittest.dll" id="c334bc67-8ff9-4161-02ad-25619016df5f">
      <Execution id="2b854198-7c31-4ab4-9600-0a6d0b6f2885" />
      <TestMethod codeBase="D:\actions-runner\_work\XPCO\XPCO\EventServer\Server\Components\Central\GisMap.UnitTest\bin\x64\Debug\VideoOS.EventServer.GisMap.UnitTest.dll" adapterTypeName="executor://mstestadapter/v2" className="VideoOS.EventServer.GisMap.UnitTest.BusinessObjects.Buildings.BuildingMapItemFactoryTest" name="TestFactory_Success" />
    </UnitTest>
    <UnitTest name="TestQueryBuildingByBuildingId_ZeroRows_Failure" storage="d:\actions-runner\_work\xpco\xpco\eventserver\server\components\central\gismap.unittest\bin\x64\debug\videoos.eventserver.gismap.unittest.dll" id="4efece0c-610b-ae49-3b7c-a171e539941a">
      <TestCategory>
        <TestCategoryItem TestCategory="DataComponent" />
      </TestCategory>
      <Execution id="a1af04e1-d48a-48e9-a459-1fd54d32ee19" />
      <TestMethod codeBase="D:\actions-runner\_work\XPCO\XPCO\EventServer\Server\Components\Central\GisMap.UnitTest\bin\x64\Debug\VideoOS.EventServer.GisMap.UnitTest.dll" adapterTypeName="executor://mstestadapter/v2" className="VideoOS.EventServer.GisMap.UnitTest.DB.DataComponent.BuildingComponentTest" name="TestQueryBuildingByBuildingId_ZeroRows_Failure" />
    </UnitTest>
    <UnitTest name="TestConstructor_ParsingWcfObjectEmptyOutline_Success" storage="d:\actions-runner\_work\xpco\xpco\eventserver\server\components\central\gismap.unittest\bin\x64\debug\videoos.eventserver.gismap.unittest.dll" id="47607c4c-e7ac-953f-458b-a3c0040bf011">
      <TestCategory>
        <TestCategoryItem TestCategory="BusinessObjects" />
      </TestCategory>
      <Execution id="777516a8-b139-4f41-8565-608272782d1d" />
      <TestMethod codeBase="D:\actions-runner\_work\XPCO\XPCO\EventServer\Server\Components\Central\GisMap.UnitTest\bin\x64\Debug\VideoOS.EventServer.GisMap.UnitTest.dll" adapterTypeName="executor://mstestadapter/v2" className="VideoOS.EventServer.GisMap.UnitTest.BusinessObjects.Buildings.BuildingTest" name="TestConstructor_ParsingWcfObjectEmptyOutline_Success" />
    </UnitTest>
    <UnitTest name="TestQueryLayerByLayerId_Success" storage="d:\actions-runner\_work\xpco\xpco\eventserver\server\components\central\gismap.unittest\bin\x64\debug\videoos.eventserver.gismap.unittest.dll" id="743b9db0-6a0f-7501-ff12-756b83ece87a">
      <TestCategory>
        <TestCategoryItem TestCategory="DataComponent" />
      </TestCategory>
      <Execution id="4a572d85-7198-4cb0-917a-c8a90b06c998" />
      <TestMethod codeBase="D:\actions-runner\_work\XPCO\XPCO\EventServer\Server\Components\Central\GisMap.UnitTest\bin\x64\Debug\VideoOS.EventServer.GisMap.UnitTest.dll" adapterTypeName="executor://mstestadapter/v2" className="VideoOS.EventServer.GisMap.UnitTest.DB.DataComponent.LayerComponentTest" name="TestQueryLayerByLayerId_Success" />
    </UnitTest>
    <UnitTest name="UpdateLevel_IgnoreLevelItemsThatAreNotPartOfIndexer" storage="d:\actions-runner\_work\xpco\xpco\eventserver\server\components\central\gismap.unittest\bin\x64\debug\videoos.eventserver.gismap.unittest.dll" id="0fe8c2d0-ab9d-9b21-6a79-90d5c8333662">
      <TestCategory>
        <TestCategoryItem TestCategory="BusinessObjects" />
      </TestCategory>
      <Execution id="8d1de32e-4b8e-4a4c-ad6b-35d472ab5c08" />
      <TestMethod codeBase="D:\actions-runner\_work\XPCO\XPCO\EventServer\Server\Components\Central\GisMap.UnitTest\bin\x64\Debug\VideoOS.EventServer.GisMap.UnitTest.dll" adapterTypeName="executor://mstestadapter/v2" className="VideoOS.EventServer.GisMap.UnitTest.BusinessObjects.Indexer.Buildings.BuildingIndexTest" name="UpdateLevel_IgnoreLevelItemsThatAreNotPartOfIndexer" />
    </UnitTest>
    <UnitTest name="TestConstructor_ParsingWcfObject_Success" storage="d:\actions-runner\_work\xpco\xpco\eventserver\server\components\central\gismap.unittest\bin\x64\debug\videoos.eventserver.gismap.unittest.dll" id="87b6963a-14f0-3758-db39-bb05a3ddfb74">
      <TestCategory>
        <TestCategoryItem TestCategory="BusinessObjects" />
      </TestCategory>
      <Execution id="a2b8e0cb-d5c8-43c2-86f4-0caab7b316ef" />
      <TestMethod codeBase="D:\actions-runner\_work\XPCO\XPCO\EventServer\Server\Components\Central\GisMap.UnitTest\bin\x64\Debug\VideoOS.EventServer.GisMap.UnitTest.dll" adapterTypeName="executor://mstestadapter/v2" className="VideoOS.EventServer.GisMap.UnitTest.BusinessObjects.Layers.LocationLayerTest" name="TestConstructor_ParsingWcfObject_Success" />
    </UnitTest>
    <UnitTest name="TestAddBuildings_OnlyUnknownBuildings_Success" storage="d:\actions-runner\_work\xpco\xpco\eventserver\server\components\central\gismap.unittest\bin\x64\debug\videoos.eventserver.gismap.unittest.dll" id="b1f41409-c3ed-2f26-8c3f-9b18c1d05f5c">
      <TestCategory>
        <TestCategoryItem TestCategory="DataComponent" />
      </TestCategory>
      <Execution id="460ffaf6-67a5-442d-9a0e-b7a00a52fe59" />
      <TestMethod codeBase="D:\actions-runner\_work\XPCO\XPCO\EventServer\Server\Components\Central\GisMap.UnitTest\bin\x64\Debug\VideoOS.EventServer.GisMap.UnitTest.dll" adapterTypeName="executor://mstestadapter/v2" className="VideoOS.EventServer.GisMap.UnitTest.DB.DataComponent.BuildingComponentTest" name="TestAddBuildings_OnlyUnknownBuildings_Success" />
    </UnitTest>
    <UnitTest name="TestConstructor_ParsingWcfObjectWithNull_Success" storage="d:\actions-runner\_work\xpco\xpco\eventserver\server\components\central\gismap.unittest\bin\x64\debug\videoos.eventserver.gismap.unittest.dll" id="a2477821-055b-9066-54fb-985208058e05">
      <TestCategory>
        <TestCategoryItem TestCategory="BusinessObjects" />
      </TestCategory>
      <Execution id="8e0e7290-8e6f-4be2-98e5-f9fa7ba9eac2" />
      <TestMethod codeBase="D:\actions-runner\_work\XPCO\XPCO\EventServer\Server\Components\Central\GisMap.UnitTest\bin\x64\Debug\VideoOS.EventServer.GisMap.UnitTest.dll" adapterTypeName="executor://mstestadapter/v2" className="VideoOS.EventServer.GisMap.UnitTest.BusinessObjects.Repositories.ImageRepositoryTest" name="TestConstructor_ParsingWcfObjectWithNull_Success" />
    </UnitTest>
    <UnitTest name="TestConstructor_Success" storage="d:\actions-runner\_work\xpco\xpco\eventserver\server\components\central\gismap.unittest\bin\x64\debug\videoos.eventserver.gismap.unittest.dll" id="d1feca10-b072-e0a6-da9f-2f41bfdf07c2">
      <TestCategory>
        <TestCategoryItem TestCategory="BusinessObjects" />
      </TestCategory>
      <Execution id="a4547d61-42c2-4aec-927c-85977abe8c94" />
      <TestMethod codeBase="D:\actions-runner\_work\XPCO\XPCO\EventServer\Server\Components\Central\GisMap.UnitTest\bin\x64\Debug\VideoOS.EventServer.GisMap.UnitTest.dll" adapterTypeName="executor://mstestadapter/v2" className="VideoOS.EventServer.GisMap.UnitTest.BusinessObjects.Layers.CADLayerTest" name="TestConstructor_Success" />
    </UnitTest>
    <UnitTest name="AddBuilding" storage="d:\actions-runner\_work\xpco\xpco\eventserver\server\components\central\gismap.unittest\bin\x64\debug\videoos.eventserver.gismap.unittest.dll" id="4a6b21bb-5bba-4983-b68d-5e6937cebf15">
      <TestCategory>
        <TestCategoryItem TestCategory="BusinessObjects" />
      </TestCategory>
      <Execution id="68df368d-64ef-44cb-a4e4-00a6a191c52a" />
      <TestMethod codeBase="D:\actions-runner\_work\XPCO\XPCO\EventServer\Server\Components\Central\GisMap.UnitTest\bin\x64\Debug\VideoOS.EventServer.GisMap.UnitTest.dll" adapterTypeName="executor://mstestadapter/v2" className="VideoOS.EventServer.GisMap.UnitTest.BusinessObjects.Indexer.Buildings.BuildingItemsIndexerTest" name="AddBuilding" />
    </UnitTest>
    <UnitTest name="ConstructorFromItem_WhenPositionEmpty_IsMapEnabledFalse" storage="d:\actions-runner\_work\xpco\xpco\eventserver\server\components\central\gismap.unittest\bin\x64\debug\videoos.eventserver.gismap.unittest.dll" id="d41c6327-ea90-b94f-1f78-624102c742e4">
      <TestCategory>
        <TestCategoryItem TestCategory="BusinessObjects" />
      </TestCategory>
      <Execution id="345e1f50-2218-4d45-82f9-f5d4c7cc63a3" />
      <TestMethod codeBase="D:\actions-runner\_work\XPCO\XPCO\EventServer\Server\Components\Central\GisMap.UnitTest\bin\x64\Debug\VideoOS.EventServer.GisMap.UnitTest.dll" adapterTypeName="executor://mstestadapter/v2" className="VideoOS.EventServer.GisMap.UnitTest.BusinessObjects.Indexer.MapItemTest" name="ConstructorFromItem_WhenPositionEmpty_IsMapEnabledFalse" />
    </UnitTest>
    <UnitTest name="TestWcfObject_ConvertToWcfObjectEmptyOutline_Success" storage="d:\actions-runner\_work\xpco\xpco\eventserver\server\components\central\gismap.unittest\bin\x64\debug\videoos.eventserver.gismap.unittest.dll" id="6e05f086-3ad3-b5e2-47c5-d7b514255409">
      <TestCategory>
        <TestCategoryItem TestCategory="BusinessObjects" />
      </TestCategory>
      <Execution id="5138543d-e939-4956-85fd-a61203587317" />
      <TestMethod codeBase="D:\actions-runner\_work\XPCO\XPCO\EventServer\Server\Components\Central\GisMap.UnitTest\bin\x64\Debug\VideoOS.EventServer.GisMap.UnitTest.dll" adapterTypeName="executor://mstestadapter/v2" className="VideoOS.EventServer.GisMap.UnitTest.BusinessObjects.Buildings.BuildingTest" name="TestWcfObject_ConvertToWcfObjectEmptyOutline_Success" />
    </UnitTest>
    <UnitTest name="TestProperties_GetProperties_Success" storage="d:\actions-runner\_work\xpco\xpco\eventserver\server\components\central\gismap.unittest\bin\x64\debug\videoos.eventserver.gismap.unittest.dll" id="7c715ebf-59d3-89bc-5957-83f19fad2bcf">
      <TestCategory>
        <TestCategoryItem TestCategory="BusinessObjects" />
      </TestCategory>
      <Execution id="77b86c41-2cd5-4a4f-b883-c85f74b884b6" />
      <TestMethod codeBase="D:\actions-runner\_work\XPCO\XPCO\EventServer\Server\Components\Central\GisMap.UnitTest\bin\x64\Debug\VideoOS.EventServer.GisMap.UnitTest.dll" adapterTypeName="executor://mstestadapter/v2" className="VideoOS.EventServer.GisMap.UnitTest.BusinessObjects.Layers.CameraLayerTest" name="TestProperties_GetProperties_Success" />
    </UnitTest>
    <UnitTest name="TestConstructor_CreateService_Success" storage="d:\actions-runner\_work\xpco\xpco\eventserver\server\components\central\gismap.unittest\bin\x64\debug\videoos.eventserver.gismap.unittest.dll" id="4c476855-320b-a089-aac0-48bc05a06daf">
      <TestCategory>
        <TestCategoryItem TestCategory="GisMap" />
      </TestCategory>
      <Execution id="5928717f-9803-4d73-a4c8-4860aca20793" />
      <TestMethod codeBase="D:\actions-runner\_work\XPCO\XPCO\EventServer\Server\Components\Central\GisMap.UnitTest\bin\x64\Debug\VideoOS.EventServer.GisMap.UnitTest.dll" adapterTypeName="executor://mstestadapter/v2" className="VideoOS.EventServer.GisMap.UnitTest.WebService.GisItemCommandTest" name="TestConstructor_CreateService_Success" />
    </UnitTest>
    <UnitTest name="TestConstructor_ParsingWcfObjectWithNullViewport_Success" storage="d:\actions-runner\_work\xpco\xpco\eventserver\server\components\central\gismap.unittest\bin\x64\debug\videoos.eventserver.gismap.unittest.dll" id="4f75dcfb-0277-2bdc-92d3-cc3daff103b9">
      <TestCategory>
        <TestCategoryItem TestCategory="BusinessObjects" />
      </TestCategory>
      <Execution id="1ed70c6e-885a-4c3f-9410-d28c739aaceb" />
      <TestMethod codeBase="D:\actions-runner\_work\XPCO\XPCO\EventServer\Server\Components\Central\GisMap.UnitTest\bin\x64\Debug\VideoOS.EventServer.GisMap.UnitTest.dll" adapterTypeName="executor://mstestadapter/v2" className="VideoOS.EventServer.GisMap.UnitTest.BusinessObjects.MapSettingsTest" name="TestConstructor_ParsingWcfObjectWithNullViewport_Success" />
    </UnitTest>
    <UnitTest name="TestWcfObject_GetWcfObjectWithoutTransformInfo_Success" storage="d:\actions-runner\_work\xpco\xpco\eventserver\server\components\central\gismap.unittest\bin\x64\debug\videoos.eventserver.gismap.unittest.dll" id="92cc9c71-ec15-863d-b9f8-3aa43a78bfd8">
      <TestCategory>
        <TestCategoryItem TestCategory="BusinessObjects" />
      </TestCategory>
      <Execution id="1c09bfe5-7bae-4e10-a615-886db23018bb" />
      <TestMethod codeBase="D:\actions-runner\_work\XPCO\XPCO\EventServer\Server\Components\Central\GisMap.UnitTest\bin\x64\Debug\VideoOS.EventServer.GisMap.UnitTest.dll" adapterTypeName="executor://mstestadapter/v2" className="VideoOS.EventServer.GisMap.UnitTest.BusinessObjects.Layers.ShapeFileLayerTest" name="TestWcfObject_GetWcfObjectWithoutTransformInfo_Success" />
    </UnitTest>
    <UnitTest name="Test_DeleteLevel_Succes" storage="d:\actions-runner\_work\xpco\xpco\eventserver\server\components\central\gismap.unittest\bin\x64\debug\videoos.eventserver.gismap.unittest.dll" id="a6d51157-180c-99fc-79ca-7f2ea244e7e9">
      <TestCategory>
        <TestCategoryItem TestCategory="DataComponent" />
      </TestCategory>
      <Execution id="de39b225-05d6-4d9e-93fc-9f916236f66f" />
      <TestMethod codeBase="D:\actions-runner\_work\XPCO\XPCO\EventServer\Server\Components\Central\GisMap.UnitTest\bin\x64\Debug\VideoOS.EventServer.GisMap.UnitTest.dll" adapterTypeName="executor://mstestadapter/v2" className="VideoOS.EventServer.GisMap.UnitTest.DB.DataComponent.BuildingComponent_LevelTest" name="Test_DeleteLevel_Succes" />
    </UnitTest>
    <UnitTest name="TestConstructor_ParsingWcfObject_Success" storage="d:\actions-runner\_work\xpco\xpco\eventserver\server\components\central\gismap.unittest\bin\x64\debug\videoos.eventserver.gismap.unittest.dll" id="59236ceb-c740-a9fb-456c-b7bc04607c61">
      <TestCategory>
        <TestCategoryItem TestCategory="BusinessObjects" />
      </TestCategory>
      <Execution id="45421513-2e4a-4131-8d35-51ed60714c55" />
      <TestMethod codeBase="D:\actions-runner\_work\XPCO\XPCO\EventServer\Server\Components\Central\GisMap.UnitTest\bin\x64\Debug\VideoOS.EventServer.GisMap.UnitTest.dll" adapterTypeName="executor://mstestadapter/v2" className="VideoOS.EventServer.GisMap.UnitTest.BusinessObjects.Layers.MicrophoneLayerTest" name="TestConstructor_ParsingWcfObject_Success" />
    </UnitTest>
    <UnitTest name="AddItems_Init2Items_Add1_Excluded" storage="d:\actions-runner\_work\xpco\xpco\eventserver\server\components\central\gismap.unittest\bin\x64\debug\videoos.eventserver.gismap.unittest.dll" id="342b73f6-2859-1a11-5c38-736f3244c606">
      <TestCategory>
        <TestCategoryItem TestCategory="BusinessObjects" />
      </TestCategory>
      <Execution id="ae4e72b9-2329-4b16-ad9e-5f3ed84c1299" />
      <TestMethod codeBase="D:\actions-runner\_work\XPCO\XPCO\EventServer\Server\Components\Central\GisMap.UnitTest\bin\x64\Debug\VideoOS.EventServer.GisMap.UnitTest.dll" adapterTypeName="executor://mstestadapter/v2" className="VideoOS.EventServer.GisMap.UnitTest.BusinessObjects.Indexer.MapItemIndexerTest" name="AddItems_Init2Items_Add1_Excluded" />
    </UnitTest>
    <UnitTest name="TestConstructor_Success" storage="d:\actions-runner\_work\xpco\xpco\eventserver\server\components\central\gismap.unittest\bin\x64\debug\videoos.eventserver.gismap.unittest.dll" id="dc7cf344-d4a0-52e8-2492-3a1068a126d1">
      <TestCategory>
        <TestCategoryItem TestCategory="BusinessObjects" />
      </TestCategory>
      <Execution id="5ed1ea21-af4f-4d76-ab97-6aa6eafc1453" />
      <TestMethod codeBase="D:\actions-runner\_work\XPCO\XPCO\EventServer\Server\Components\Central\GisMap.UnitTest\bin\x64\Debug\VideoOS.EventServer.GisMap.UnitTest.dll" adapterTypeName="executor://mstestadapter/v2" className="VideoOS.EventServer.GisMap.UnitTest.BusinessObjects.Repositories.ShapeFileRepositoryTest" name="TestConstructor_Success" />
    </UnitTest>
    <UnitTest name="GetClusters_ShouldWorkOnDeepLevel" storage="d:\actions-runner\_work\xpco\xpco\eventserver\server\components\central\gismap.unittest\bin\x64\debug\videoos.eventserver.gismap.unittest.dll" id="40fa7841-646c-f8cd-24bf-6fc7f4dedfa9">
      <TestCategory>
        <TestCategoryItem TestCategory="BusinessObjects" />
      </TestCategory>
      <Execution id="7cf5b378-f443-472d-8e69-51d70e1acd27" />
      <TestMethod codeBase="D:\actions-runner\_work\XPCO\XPCO\EventServer\Server\Components\Central\GisMap.UnitTest\bin\x64\Debug\VideoOS.EventServer.GisMap.UnitTest.dll" adapterTypeName="executor://mstestadapter/v2" className="VideoOS.EventServer.GisMap.UnitTest.BusinessObjects.Indexer.MapItemIndexerTest" name="GetClusters_ShouldWorkOnDeepLevel" />
    </UnitTest>
    <UnitTest name="TestAuditLog_AuditLogBuildingRenamed_Success" storage="d:\actions-runner\_work\xpco\xpco\eventserver\server\components\central\gismap.unittest\bin\x64\debug\videoos.eventserver.gismap.unittest.dll" id="18d0606b-a3f4-7e0d-624a-40782179ea83">
      <TestCategory>
        <TestCategoryItem TestCategory="BusinessObjects" />
      </TestCategory>
      <Execution id="991edac1-5637-4c3d-9309-888dfca4f5b8" />
      <TestMethod codeBase="D:\actions-runner\_work\XPCO\XPCO\EventServer\Server\Components\Central\GisMap.UnitTest\bin\x64\Debug\VideoOS.EventServer.GisMap.UnitTest.dll" adapterTypeName="executor://mstestadapter/v2" className="VideoOS.EventServer.GisMap.UnitTest.BusinessObjects.Buildings.BuildingTest" name="TestAuditLog_AuditLogBuildingRenamed_Success" />
    </UnitTest>
    <UnitTest name="Clear_TestClearsIndexers" storage="d:\actions-runner\_work\xpco\xpco\eventserver\server\components\central\gismap.unittest\bin\x64\debug\videoos.eventserver.gismap.unittest.dll" id="d6f766be-1c50-7ddb-6fe3-b017cbd1ac3b">
      <TestCategory>
        <TestCategoryItem TestCategory="GisMapServices" />
      </TestCategory>
      <Execution id="630d9dd4-ba34-465d-8f7a-7beee585d067" />
      <TestMethod codeBase="D:\actions-runner\_work\XPCO\XPCO\EventServer\Server\Components\Central\GisMap.UnitTest\bin\x64\Debug\VideoOS.EventServer.GisMap.UnitTest.dll" adapterTypeName="executor://mstestadapter/v2" className="VideoOS.EventServer.GisMap.UnitTest.Services.Clustering.ItemClusteringServiceTest" name="Clear_TestClearsIndexers" />
    </UnitTest>
    <UnitTest name="TestConstructor_ParsingWcfObject_Success" storage="d:\actions-runner\_work\xpco\xpco\eventserver\server\components\central\gismap.unittest\bin\x64\debug\videoos.eventserver.gismap.unittest.dll" id="d1a27594-4f18-9b17-9e55-306b1cffb20d">
      <TestCategory>
        <TestCategoryItem TestCategory="BusinessObjects" />
      </TestCategory>
      <Execution id="a0a8c638-2145-4a1d-a53a-841d7bb4e0c0" />
      <TestMethod codeBase="D:\actions-runner\_work\XPCO\XPCO\EventServer\Server\Components\Central\GisMap.UnitTest\bin\x64\Debug\VideoOS.EventServer.GisMap.UnitTest.dll" adapterTypeName="executor://mstestadapter/v2" className="VideoOS.EventServer.GisMap.UnitTest.BusinessObjects.Layers.GoogleMapLayerTest" name="TestConstructor_ParsingWcfObject_Success" />
    </UnitTest>
    <UnitTest name="IsOnStumpLevel" storage="d:\actions-runner\_work\xpco\xpco\eventserver\server\components\central\gismap.unittest\bin\x64\debug\videoos.eventserver.gismap.unittest.dll" id="8ab69463-7ecf-1f86-4159-d154b370e1e0">
      <TestCategory>
        <TestCategoryItem TestCategory="BusinessObjects" />
      </TestCategory>
      <Execution id="470cb047-efcb-4b3d-8480-bd284138f0d2" />
      <TestMethod codeBase="D:\actions-runner\_work\XPCO\XPCO\EventServer\Server\Components\Central\GisMap.UnitTest\bin\x64\Debug\VideoOS.EventServer.GisMap.UnitTest.dll" adapterTypeName="executor://mstestadapter/v2" className="VideoOS.EventServer.GisMap.UnitTest.BusinessObjects.Indexer.Buildings.BuildingItemsIndexerTest" name="IsOnStumpLevel" />
    </UnitTest>
    <UnitTest name="TestWcfObject_ConvertToWcfObjectWithNullMapViewPoint_Success" storage="d:\actions-runner\_work\xpco\xpco\eventserver\server\components\central\gismap.unittest\bin\x64\debug\videoos.eventserver.gismap.unittest.dll" id="4f4538ec-4913-9bf7-26f1-4b9cf7115972">
      <TestCategory>
        <TestCategoryItem TestCategory="BusinessObjects" />
      </TestCategory>
      <Execution id="7d009ebb-7edb-402f-b4cb-4655634ae8a1" />
      <TestMethod codeBase="D:\actions-runner\_work\XPCO\XPCO\EventServer\Server\Components\Central\GisMap.UnitTest\bin\x64\Debug\VideoOS.EventServer.GisMap.UnitTest.dll" adapterTypeName="executor://mstestadapter/v2" className="VideoOS.EventServer.GisMap.UnitTest.BusinessObjects.Maps.MapTest" name="TestWcfObject_ConvertToWcfObjectWithNullMapViewPoint_Success" />
    </UnitTest>
    <UnitTest name="Test_DeleteLevel_NonExistingId_Succes" storage="d:\actions-runner\_work\xpco\xpco\eventserver\server\components\central\gismap.unittest\bin\x64\debug\videoos.eventserver.gismap.unittest.dll" id="88e33ecc-1d69-5a15-9df5-5b622ecf64fa">
      <TestCategory>
        <TestCategoryItem TestCategory="DataComponent" />
      </TestCategory>
      <Execution id="b3523629-fc3b-4303-a322-0d42c9db452e" />
      <TestMethod codeBase="D:\actions-runner\_work\XPCO\XPCO\EventServer\Server\Components\Central\GisMap.UnitTest\bin\x64\Debug\VideoOS.EventServer.GisMap.UnitTest.dll" adapterTypeName="executor://mstestadapter/v2" className="VideoOS.EventServer.GisMap.UnitTest.DB.DataComponent.BuildingComponent_LevelTest" name="Test_DeleteLevel_NonExistingId_Succes" />
    </UnitTest>
    <UnitTest name="TestAuditLog_AuditLogWithNullAuditLogger_Failure" storage="d:\actions-runner\_work\xpco\xpco\eventserver\server\components\central\gismap.unittest\bin\x64\debug\videoos.eventserver.gismap.unittest.dll" id="b5ac5ac6-ee6f-2fae-da61-a14730c5b67f">
      <TestCategory>
        <TestCategoryItem TestCategory="BusinessObjects" />
      </TestCategory>
      <Execution id="ee0e4f61-4971-4a1c-b8d0-bcb1d3c33a59" />
      <TestMethod codeBase="D:\actions-runner\_work\XPCO\XPCO\EventServer\Server\Components\Central\GisMap.UnitTest\bin\x64\Debug\VideoOS.EventServer.GisMap.UnitTest.dll" adapterTypeName="executor://mstestadapter/v2" className="VideoOS.EventServer.GisMap.UnitTest.BusinessObjects.Maps.BrowseMapTest" name="TestAuditLog_AuditLogWithNullAuditLogger_Failure" />
    </UnitTest>
    <UnitTest name="TestAuditLog_AuditLogItemChanged_AddingRemovingLinkFromEmptyLocationId_Success" storage="d:\actions-runner\_work\xpco\xpco\eventserver\server\components\central\gismap.unittest\bin\x64\debug\videoos.eventserver.gismap.unittest.dll" id="750aa28d-bc88-df57-e7bf-5774e0035ab5">
      <TestCategory>
        <TestCategoryItem TestCategory="BusinessObjects" />
      </TestCategory>
      <Execution id="0081ee0c-1be1-4e9b-ab1b-c0a59e7a81b0" />
      <TestMethod codeBase="D:\actions-runner\_work\XPCO\XPCO\EventServer\Server\Components\Central\GisMap.UnitTest\bin\x64\Debug\VideoOS.EventServer.GisMap.UnitTest.dll" adapterTypeName="executor://mstestadapter/v2" className="VideoOS.EventServer.GisMap.UnitTest.BusinessObjects.Items.LinkItemTest" name="TestAuditLog_AuditLogItemChanged_AddingRemovingLinkFromEmptyLocationId_Success" />
    </UnitTest>
    <UnitTest name="TestProperties_GetProperties_Success" storage="d:\actions-runner\_work\xpco\xpco\eventserver\server\components\central\gismap.unittest\bin\x64\debug\videoos.eventserver.gismap.unittest.dll" id="4ebed83d-6835-8971-b4b9-e9a7030b58d9">
      <TestCategory>
        <TestCategoryItem TestCategory="BusinessObjects" />
      </TestCategory>
      <Execution id="45106c32-74a5-47ff-b230-82d0abc1b085" />
      <TestMethod codeBase="D:\actions-runner\_work\XPCO\XPCO\EventServer\Server\Components\Central\GisMap.UnitTest\bin\x64\Debug\VideoOS.EventServer.GisMap.UnitTest.dll" adapterTypeName="executor://mstestadapter/v2" className="VideoOS.EventServer.GisMap.UnitTest.BusinessObjects.Layers.BingMapLayerTest" name="TestProperties_GetProperties_Success" />
    </UnitTest>
    <UnitTest name="TestWcfObject_GetWcfObjectWithoutTransformInfo_Success" storage="d:\actions-runner\_work\xpco\xpco\eventserver\server\components\central\gismap.unittest\bin\x64\debug\videoos.eventserver.gismap.unittest.dll" id="ee012e59-9eef-b52f-11ac-e344e742f309">
      <TestCategory>
        <TestCategoryItem TestCategory="BusinessObjects" />
      </TestCategory>
      <Execution id="88d056d7-5794-458d-a04b-0bcf7a990b8e" />
      <TestMethod codeBase="D:\actions-runner\_work\XPCO\XPCO\EventServer\Server\Components\Central\GisMap.UnitTest\bin\x64\Debug\VideoOS.EventServer.GisMap.UnitTest.dll" adapterTypeName="executor://mstestadapter/v2" className="VideoOS.EventServer.GisMap.UnitTest.BusinessObjects.Layers.CADLayerTest" name="TestWcfObject_GetWcfObjectWithoutTransformInfo_Success" />
    </UnitTest>
    <UnitTest name="TestPropertyNames_GettingPropertyNames_Success" storage="d:\actions-runner\_work\xpco\xpco\eventserver\server\components\central\gismap.unittest\bin\x64\debug\videoos.eventserver.gismap.unittest.dll" id="3b5d0571-6664-4ff9-d876-cc7ad22dbd7b">
      <TestCategory>
        <TestCategoryItem TestCategory="BusinessObjects" />
      </TestCategory>
      <Execution id="91690a42-fb64-40e6-807b-c4b8d76bd523" />
      <TestMethod codeBase="D:\actions-runner\_work\XPCO\XPCO\EventServer\Server\Components\Central\GisMap.UnitTest\bin\x64\Debug\VideoOS.EventServer.GisMap.UnitTest.dll" adapterTypeName="executor://mstestadapter/v2" className="VideoOS.EventServer.GisMap.UnitTest.BusinessObjects.RectangleTest" name="TestPropertyNames_GettingPropertyNames_Success" />
    </UnitTest>
    <UnitTest name="TestWcfObject_ConvertToWcfObject_Success" storage="d:\actions-runner\_work\xpco\xpco\eventserver\server\components\central\gismap.unittest\bin\x64\debug\videoos.eventserver.gismap.unittest.dll" id="9662224f-b457-65d9-c99b-6097f83310c7">
      <TestCategory>
        <TestCategoryItem TestCategory="BusinessObjects" />
      </TestCategory>
      <Execution id="e4cbed9f-6b71-43cc-9a4c-8ce21cbc6021" />
      <TestMethod codeBase="D:\actions-runner\_work\XPCO\XPCO\EventServer\Server\Components\Central\GisMap.UnitTest\bin\x64\Debug\VideoOS.EventServer.GisMap.UnitTest.dll" adapterTypeName="executor://mstestadapter/v2" className="VideoOS.EventServer.GisMap.UnitTest.BusinessObjects.Repositories.ShapeFileRepositoryTest" name="TestWcfObject_ConvertToWcfObject_Success" />
    </UnitTest>
    <UnitTest name="OnLevelsDeleted" storage="d:\actions-runner\_work\xpco\xpco\eventserver\server\components\central\gismap.unittest\bin\x64\debug\videoos.eventserver.gismap.unittest.dll" id="324d6929-56cf-f8dd-7a85-5e3044dd8b90">
      <TestCategory>
        <TestCategoryItem TestCategory="GisMapServices" />
      </TestCategory>
      <Execution id="2519c3c7-3092-4324-b2dc-be89037d1ab0" />
      <TestMethod codeBase="D:\actions-runner\_work\XPCO\XPCO\EventServer\Server\Components\Central\GisMap.UnitTest\bin\x64\Debug\VideoOS.EventServer.GisMap.UnitTest.dll" adapterTypeName="executor://mstestadapter/v2" className="VideoOS.EventServer.GisMap.UnitTest.Services.Events.EventBusTest" name="OnLevelsDeleted" />
    </UnitTest>
    <UnitTest name="TestPropertyNames_GettingPropertyNames_Success" storage="d:\actions-runner\_work\xpco\xpco\eventserver\server\components\central\gismap.unittest\bin\x64\debug\videoos.eventserver.gismap.unittest.dll" id="21ece2aa-5b05-eb9f-6dfa-8fc89eabf1d3">
      <TestCategory>
        <TestCategoryItem TestCategory="BusinessObjects" />
      </TestCategory>
      <Execution id="41d9af90-7516-41bc-9184-a63e8f3aea47" />
      <TestMethod codeBase="D:\actions-runner\_work\XPCO\XPCO\EventServer\Server\Components\Central\GisMap.UnitTest\bin\x64\Debug\VideoOS.EventServer.GisMap.UnitTest.dll" adapterTypeName="executor://mstestadapter/v2" className="VideoOS.EventServer.GisMap.UnitTest.BusinessObjects.MapViewPointTest" name="TestPropertyNames_GettingPropertyNames_Success" />
    </UnitTest>
    <UnitTest name="Delete_Success" storage="d:\actions-runner\_work\xpco\xpco\eventserver\server\components\central\gismap.unittest\bin\x64\debug\videoos.eventserver.gismap.unittest.dll" id="8e1cd980-f0bb-93ca-77d0-9148ca9c4d67">
      <TestCategory>
        <TestCategoryItem TestCategory="GisMapServices" />
      </TestCategory>
      <Execution id="006d69da-308c-43f7-9079-b2eaf2cdc70a" />
      <TestMethod codeBase="D:\actions-runner\_work\XPCO\XPCO\EventServer\Server\Components\Central\GisMap.UnitTest\bin\x64\Debug\VideoOS.EventServer.GisMap.UnitTest.dll" adapterTypeName="executor://mstestadapter/v2" className="VideoOS.EventServer.GisMap.UnitTest.Services.Clustering.ItemClusteringServiceTest" name="Delete_Success" />
    </UnitTest>
    <UnitTest name="TestAuditLog_AuditLogLevelChanged_Success" storage="d:\actions-runner\_work\xpco\xpco\eventserver\server\components\central\gismap.unittest\bin\x64\debug\videoos.eventserver.gismap.unittest.dll" id="2765213b-23be-1437-a0da-b0abdf853349">
      <TestCategory>
        <TestCategoryItem TestCategory="BusinessObjects" />
      </TestCategory>
      <Execution id="804cd2eb-7e32-4c6a-9578-8a6a4a8e48e9" />
      <TestMethod codeBase="D:\actions-runner\_work\XPCO\XPCO\EventServer\Server\Components\Central\GisMap.UnitTest\bin\x64\Debug\VideoOS.EventServer.GisMap.UnitTest.dll" adapterTypeName="executor://mstestadapter/v2" className="VideoOS.EventServer.GisMap.UnitTest.BusinessObjects.Buildings.LevelTest" name="TestAuditLog_AuditLogLevelChanged_Success" />
    </UnitTest>
    <UnitTest name="TestConstructor_ParsingWcfObject_Success" storage="d:\actions-runner\_work\xpco\xpco\eventserver\server\components\central\gismap.unittest\bin\x64\debug\videoos.eventserver.gismap.unittest.dll" id="2580aeca-e356-6765-6580-fe71204d9b54">
      <TestCategory>
        <TestCategoryItem TestCategory="BusinessObjects" />
      </TestCategory>
      <Execution id="2bbc8f65-7286-4fde-8e03-a73d3a7c8dfd" />
      <TestMethod codeBase="D:\actions-runner\_work\XPCO\XPCO\EventServer\Server\Components\Central\GisMap.UnitTest\bin\x64\Debug\VideoOS.EventServer.GisMap.UnitTest.dll" adapterTypeName="executor://mstestadapter/v2" className="VideoOS.EventServer.GisMap.UnitTest.BusinessObjects.Layers.OutputLayerTest" name="TestConstructor_ParsingWcfObject_Success" />
    </UnitTest>
    <UnitTest name="TestUpdateProperties_UpdateAllProperties_Success" storage="d:\actions-runner\_work\xpco\xpco\eventserver\server\components\central\gismap.unittest\bin\x64\debug\videoos.eventserver.gismap.unittest.dll" id="e251eb11-f207-8308-cc17-45ef0cb83860">
      <TestCategory>
        <TestCategoryItem TestCategory="BusinessObjects" />
      </TestCategory>
      <Execution id="2a3aebbb-036a-493c-a4ac-9fdac0e8bced" />
      <TestMethod codeBase="D:\actions-runner\_work\XPCO\XPCO\EventServer\Server\Components\Central\GisMap.UnitTest\bin\x64\Debug\VideoOS.EventServer.GisMap.UnitTest.dll" adapterTypeName="executor://mstestadapter/v2" className="VideoOS.EventServer.GisMap.UnitTest.BusinessObjects.Layers.BingMapLayerTest" name="TestUpdateProperties_UpdateAllProperties_Success" />
    </UnitTest>
    <UnitTest name="FilterAsync_TestAuthorizationFromHashSet" storage="d:\actions-runner\_work\xpco\xpco\eventserver\server\components\central\gismap.unittest\bin\x64\debug\videoos.eventserver.gismap.unittest.dll" id="b9e21d8c-3ddd-a1c0-4f8b-75ec7a46549b">
      <TestCategory>
        <TestCategoryItem TestCategory="GisMapServices" />
      </TestCategory>
      <Execution id="1d76be6a-7f10-46b3-92f8-e6acb1011c7e" />
      <TestMethod codeBase="D:\actions-runner\_work\XPCO\XPCO\EventServer\Server\Components\Central\GisMap.UnitTest\bin\x64\Debug\VideoOS.EventServer.GisMap.UnitTest.dll" adapterTypeName="executor://mstestadapter/v2" className="VideoOS.EventServer.GisMap.UnitTest.Services.Clustering.ClusteredItemsAuthorizationWithCountFilterTest" name="FilterAsync_TestAuthorizationFromHashSet" />
    </UnitTest>
    <UnitTest name="TestConstructor_ParsingWcfObjectInvalidOutline_NotEnoughPoints_Failure" storage="d:\actions-runner\_work\xpco\xpco\eventserver\server\components\central\gismap.unittest\bin\x64\debug\videoos.eventserver.gismap.unittest.dll" id="f8d3c84c-0871-1507-fccd-0fe0f76809c0">
      <TestCategory>
        <TestCategoryItem TestCategory="BusinessObjects" />
      </TestCategory>
      <Execution id="8e72f9f5-836d-4be8-bb5a-b9ae0e883366" />
      <TestMethod codeBase="D:\actions-runner\_work\XPCO\XPCO\EventServer\Server\Components\Central\GisMap.UnitTest\bin\x64\Debug\VideoOS.EventServer.GisMap.UnitTest.dll" adapterTypeName="executor://mstestadapter/v2" className="VideoOS.EventServer.GisMap.UnitTest.BusinessObjects.Buildings.BuildingTest" name="TestConstructor_ParsingWcfObjectInvalidOutline_NotEnoughPoints_Failure" />
    </UnitTest>
    <UnitTest name="TestConstructor_ParsingWcfObject_Success" storage="d:\actions-runner\_work\xpco\xpco\eventserver\server\components\central\gismap.unittest\bin\x64\debug\videoos.eventserver.gismap.unittest.dll" id="5e41e430-2747-105c-57b9-110b878ed3bb">
      <TestCategory>
        <TestCategoryItem TestCategory="BusinessObjects" />
      </TestCategory>
      <Execution id="546daa54-833b-4581-90b0-6b7ce0cc4942" />
      <TestMethod codeBase="D:\actions-runner\_work\XPCO\XPCO\EventServer\Server\Components\Central\GisMap.UnitTest\bin\x64\Debug\VideoOS.EventServer.GisMap.UnitTest.dll" adapterTypeName="executor://mstestadapter/v2" className="VideoOS.EventServer.GisMap.UnitTest.BusinessObjects.Layers.LinkLayerTest" name="TestConstructor_ParsingWcfObject_Success" />
    </UnitTest>
    <UnitTest name="Open_SubscribesSerializationFaliure" storage="d:\actions-runner\_work\xpco\xpco\eventserver\server\components\central\gismap.unittest\bin\x64\debug\videoos.eventserver.gismap.unittest.dll" id="1f015b0c-07e3-2dd6-685e-bb75494d743a">
      <TestCategory>
        <TestCategoryItem TestCategory="GisMap" />
      </TestCategory>
      <Execution id="d136e23f-d008-485c-b37c-bde3f6218a71" />
      <TestMethod codeBase="D:\actions-runner\_work\XPCO\XPCO\EventServer\Server\Components\Central\GisMap.UnitTest\bin\x64\Debug\VideoOS.EventServer.GisMap.UnitTest.dll" adapterTypeName="executor://mstestadapter/v2" className="VideoOS.EventServer.GisMap.UnitTest.WebService.GisMapWebServiceTest" name="Open_SubscribesSerializationFaliure" />
    </UnitTest>
    <UnitTest name="TestPropertyNames_GettingPropertyNames_Success" storage="d:\actions-runner\_work\xpco\xpco\eventserver\server\components\central\gismap.unittest\bin\x64\debug\videoos.eventserver.gismap.unittest.dll" id="13c32928-d3d0-38ae-6cc6-920f38100b74">
      <TestCategory>
        <TestCategoryItem TestCategory="BusinessObjects" />
      </TestCategory>
      <Execution id="081d70db-34a1-4a99-bf36-fed02e2fbb27" />
      <TestMethod codeBase="D:\actions-runner\_work\XPCO\XPCO\EventServer\Server\Components\Central\GisMap.UnitTest\bin\x64\Debug\VideoOS.EventServer.GisMap.UnitTest.dll" adapterTypeName="executor://mstestadapter/v2" className="VideoOS.EventServer.GisMap.UnitTest.BusinessObjects.Layers.ImageLayerTest" name="TestPropertyNames_GettingPropertyNames_Success" />
    </UnitTest>
    <UnitTest name="TestConstructor_ParsingWcfObjectWithNull_Success" storage="d:\actions-runner\_work\xpco\xpco\eventserver\server\components\central\gismap.unittest\bin\x64\debug\videoos.eventserver.gismap.unittest.dll" id="d6e582e8-e39f-b2ee-ec4e-bf584393feaf">
      <TestCategory>
        <TestCategoryItem TestCategory="BusinessObjects" />
      </TestCategory>
      <Execution id="a60297cf-8dd4-4dc8-874d-3e3de823ac1b" />
      <TestMethod codeBase="D:\actions-runner\_work\XPCO\XPCO\EventServer\Server\Components\Central\GisMap.UnitTest\bin\x64\Debug\VideoOS.EventServer.GisMap.UnitTest.dll" adapterTypeName="executor://mstestadapter/v2" className="VideoOS.EventServer.GisMap.UnitTest.BusinessObjects.Items.LocationItemTest" name="TestConstructor_ParsingWcfObjectWithNull_Success" />
    </UnitTest>
    <UnitTest name="TestProperties_GetProperties_Success" storage="d:\actions-runner\_work\xpco\xpco\eventserver\server\components\central\gismap.unittest\bin\x64\debug\videoos.eventserver.gismap.unittest.dll" id="f8b3dabf-0f19-9e05-2f20-874d753a8128">
      <TestCategory>
        <TestCategoryItem TestCategory="BusinessObjects" />
      </TestCategory>
      <Execution id="0a379ea2-163b-4661-9289-70a6e40fd0d4" />
      <TestMethod codeBase="D:\actions-runner\_work\XPCO\XPCO\EventServer\Server\Components\Central\GisMap.UnitTest\bin\x64\Debug\VideoOS.EventServer.GisMap.UnitTest.dll" adapterTypeName="executor://mstestadapter/v2" className="VideoOS.EventServer.GisMap.UnitTest.BusinessObjects.Layers.OpenStreetMapLayerTest" name="TestProperties_GetProperties_Success" />
    </UnitTest>
    <UnitTest name="TestUpdateProperties_UpdateAllProperties_Success" storage="d:\actions-runner\_work\xpco\xpco\eventserver\server\components\central\gismap.unittest\bin\x64\debug\videoos.eventserver.gismap.unittest.dll" id="972f9fed-3d68-00b6-f92a-5aba0bc45ad4">
      <TestCategory>
        <TestCategoryItem TestCategory="BusinessObjects" />
      </TestCategory>
      <Execution id="90013b4b-25cc-4e60-81da-956de897289b" />
      <TestMethod codeBase="D:\actions-runner\_work\XPCO\XPCO\EventServer\Server\Components\Central\GisMap.UnitTest\bin\x64\Debug\VideoOS.EventServer.GisMap.UnitTest.dll" adapterTypeName="executor://mstestadapter/v2" className="VideoOS.EventServer.GisMap.UnitTest.BusinessObjects.Layers.CameraLayerTest" name="TestUpdateProperties_UpdateAllProperties_Success" />
    </UnitTest>
    <UnitTest name="TestConstructor_ParsingWcfObjectWithNull_Success" storage="d:\actions-runner\_work\xpco\xpco\eventserver\server\components\central\gismap.unittest\bin\x64\debug\videoos.eventserver.gismap.unittest.dll" id="1391fee0-5b61-1dfa-44f2-d6df660a3b0b">
      <TestCategory>
        <TestCategoryItem TestCategory="BusinessObjects" />
      </TestCategory>
      <Execution id="d646fe1c-c1db-4b6f-b61a-603067715735" />
      <TestMethod codeBase="D:\actions-runner\_work\XPCO\XPCO\EventServer\Server\Components\Central\GisMap.UnitTest\bin\x64\Debug\VideoOS.EventServer.GisMap.UnitTest.dll" adapterTypeName="executor://mstestadapter/v2" className="VideoOS.EventServer.GisMap.UnitTest.BusinessObjects.RectangleTest" name="TestConstructor_ParsingWcfObjectWithNull_Success" />
    </UnitTest>
    <UnitTest name="TestConstructor_ParsingWcfObject_Success" storage="d:\actions-runner\_work\xpco\xpco\eventserver\server\components\central\gismap.unittest\bin\x64\debug\videoos.eventserver.gismap.unittest.dll" id="87851395-fcf5-2604-9c3a-1f8aa7d9888b">
      <TestCategory>
        <TestCategoryItem TestCategory="BusinessObjects" />
      </TestCategory>
      <Execution id="4cec9508-1dce-496e-b0b7-c083587772eb" />
      <TestMethod codeBase="D:\actions-runner\_work\XPCO\XPCO\EventServer\Server\Components\Central\GisMap.UnitTest\bin\x64\Debug\VideoOS.EventServer.GisMap.UnitTest.dll" adapterTypeName="executor://mstestadapter/v2" className="VideoOS.EventServer.GisMap.UnitTest.BusinessObjects.Buildings.LevelTest" name="TestConstructor_ParsingWcfObject_Success" />
    </UnitTest>
    <UnitTest name="TestAuditLog_AuditLogLegacyLinkWithNullMapAdded_Success" storage="d:\actions-runner\_work\xpco\xpco\eventserver\server\components\central\gismap.unittest\bin\x64\debug\videoos.eventserver.gismap.unittest.dll" id="917360e7-b7d3-fad3-2f4b-096f42ed0ae6">
      <TestCategory>
        <TestCategoryItem TestCategory="BusinessObjects" />
      </TestCategory>
      <Execution id="a3bb5721-ceb4-4723-8070-5ad690166d98" />
      <TestMethod codeBase="D:\actions-runner\_work\XPCO\XPCO\EventServer\Server\Components\Central\GisMap.UnitTest\bin\x64\Debug\VideoOS.EventServer.GisMap.UnitTest.dll" adapterTypeName="executor://mstestadapter/v2" className="VideoOS.EventServer.GisMap.UnitTest.BusinessObjects.Items.LegacyLinkItemTest" name="TestAuditLog_AuditLogLegacyLinkWithNullMapAdded_Success" />
    </UnitTest>
    <UnitTest name="TestAuditLog_AuditLogLevelChanged_WithNoOldMapItems_Success" storage="d:\actions-runner\_work\xpco\xpco\eventserver\server\components\central\gismap.unittest\bin\x64\debug\videoos.eventserver.gismap.unittest.dll" id="1c685bac-9cf9-24a9-fa5d-c79bcef4a504">
      <TestCategory>
        <TestCategoryItem TestCategory="BusinessObjects" />
      </TestCategory>
      <Execution id="051751eb-da7a-46fe-964d-c0a6a5e39f32" />
      <TestMethod codeBase="D:\actions-runner\_work\XPCO\XPCO\EventServer\Server\Components\Central\GisMap.UnitTest\bin\x64\Debug\VideoOS.EventServer.GisMap.UnitTest.dll" adapterTypeName="executor://mstestadapter/v2" className="VideoOS.EventServer.GisMap.UnitTest.BusinessObjects.Buildings.LevelTest" name="TestAuditLog_AuditLogLevelChanged_WithNoOldMapItems_Success" />
    </UnitTest>
    <UnitTest name="TestAuditLog_AuditLogItemChanged_RemovingLinkFromValidTargetMapId_Success" storage="d:\actions-runner\_work\xpco\xpco\eventserver\server\components\central\gismap.unittest\bin\x64\debug\videoos.eventserver.gismap.unittest.dll" id="54d25c6f-dc20-daf2-4e1d-b092fe675c39">
      <TestCategory>
        <TestCategoryItem TestCategory="BusinessObjects" />
      </TestCategory>
      <Execution id="275106f7-fb8f-474e-8873-e64f2c643a54" />
      <TestMethod codeBase="D:\actions-runner\_work\XPCO\XPCO\EventServer\Server\Components\Central\GisMap.UnitTest\bin\x64\Debug\VideoOS.EventServer.GisMap.UnitTest.dll" adapterTypeName="executor://mstestadapter/v2" className="VideoOS.EventServer.GisMap.UnitTest.BusinessObjects.Items.LinkItemTest" name="TestAuditLog_AuditLogItemChanged_RemovingLinkFromValidTargetMapId_Success" />
    </UnitTest>
    <UnitTest name="TestAddBuilding_Success" storage="d:\actions-runner\_work\xpco\xpco\eventserver\server\components\central\gismap.unittest\bin\x64\debug\videoos.eventserver.gismap.unittest.dll" id="c2671202-eec0-eb61-aaf8-b6ed3b317f8b">
      <TestCategory>
        <TestCategoryItem TestCategory="DataComponent" />
      </TestCategory>
      <Execution id="e040ebf9-c80e-4fa2-8a9b-298547bf1f05" />
      <TestMethod codeBase="D:\actions-runner\_work\XPCO\XPCO\EventServer\Server\Components\Central\GisMap.UnitTest\bin\x64\Debug\VideoOS.EventServer.GisMap.UnitTest.dll" adapterTypeName="executor://mstestadapter/v2" className="VideoOS.EventServer.GisMap.UnitTest.DB.DataComponent.BuildingComponentTest" name="TestAddBuilding_Success" />
    </UnitTest>
    <UnitTest name="GetItemsWithin" storage="d:\actions-runner\_work\xpco\xpco\eventserver\server\components\central\gismap.unittest\bin\x64\debug\videoos.eventserver.gismap.unittest.dll" id="4042113f-4b83-0085-6b09-7141055d9279">
      <TestCategory>
        <TestCategoryItem TestCategory="BusinessObjects" />
      </TestCategory>
      <Execution id="19d4ce9a-11fd-4f3a-9b84-f5a0e5495ffe" />
      <TestMethod codeBase="D:\actions-runner\_work\XPCO\XPCO\EventServer\Server\Components\Central\GisMap.UnitTest\bin\x64\Debug\VideoOS.EventServer.GisMap.UnitTest.dll" adapterTypeName="executor://mstestadapter/v2" className="VideoOS.EventServer.GisMap.UnitTest.BusinessObjects.Indexer.MapItemIndexerTest" name="GetItemsWithin" />
    </UnitTest>
    <UnitTest name="Init_TestInitTwice" storage="d:\actions-runner\_work\xpco\xpco\eventserver\server\components\central\gismap.unittest\bin\x64\debug\videoos.eventserver.gismap.unittest.dll" id="179e1ee4-3947-d241-311c-7731522f179c">
      <TestCategory>
        <TestCategoryItem TestCategory="GisMapServices" />
      </TestCategory>
      <Execution id="9da6a9d0-8ef9-4a84-afc5-ce375d662665" />
      <TestMethod codeBase="D:\actions-runner\_work\XPCO\XPCO\EventServer\Server\Components\Central\GisMap.UnitTest\bin\x64\Debug\VideoOS.EventServer.GisMap.UnitTest.dll" adapterTypeName="executor://mstestadapter/v2" className="VideoOS.EventServer.GisMap.UnitTest.Services.Clustering.ItemClusteringServiceTest" name="Init_TestInitTwice" />
    </UnitTest>
    <UnitTest name="TestWcfObject_GetWcfObject_Success" storage="d:\actions-runner\_work\xpco\xpco\eventserver\server\components\central\gismap.unittest\bin\x64\debug\videoos.eventserver.gismap.unittest.dll" id="552e8d70-6b85-25e5-9317-984c02304f46">
      <TestCategory>
        <TestCategoryItem TestCategory="BusinessObjects" />
      </TestCategory>
      <Execution id="cb2300d0-ff8f-4d91-8019-3e5c92f028ae" />
      <TestMethod codeBase="D:\actions-runner\_work\XPCO\XPCO\EventServer\Server\Components\Central\GisMap.UnitTest\bin\x64\Debug\VideoOS.EventServer.GisMap.UnitTest.dll" adapterTypeName="executor://mstestadapter/v2" className="VideoOS.EventServer.GisMap.UnitTest.BusinessObjects.Layers.LegacyLinkLayerTest" name="TestWcfObject_GetWcfObject_Success" />
    </UnitTest>
    <UnitTest name="Init_CreatesIndexersDependingOnType" storage="d:\actions-runner\_work\xpco\xpco\eventserver\server\components\central\gismap.unittest\bin\x64\debug\videoos.eventserver.gismap.unittest.dll" id="ca1ba1e8-3744-cbcf-07b6-cf659aea1b5b">
      <TestCategory>
        <TestCategoryItem TestCategory="GisMapServices" />
      </TestCategory>
      <Execution id="9266af1d-3213-4665-9403-3e39761f39e1" />
      <TestMethod codeBase="D:\actions-runner\_work\XPCO\XPCO\EventServer\Server\Components\Central\GisMap.UnitTest\bin\x64\Debug\VideoOS.EventServer.GisMap.UnitTest.dll" adapterTypeName="executor://mstestadapter/v2" className="VideoOS.EventServer.GisMap.UnitTest.Services.Clustering.ItemClusteringServiceTest" name="Init_CreatesIndexersDependingOnType" />
    </UnitTest>
    <UnitTest name="UpdateBuildingLevel_WorksCorrectly_AfterAddingLevel" storage="d:\actions-runner\_work\xpco\xpco\eventserver\server\components\central\gismap.unittest\bin\x64\debug\videoos.eventserver.gismap.unittest.dll" id="e5d8a18f-07af-3300-6380-5893f036ee01">
      <TestCategory>
        <TestCategoryItem TestCategory="BusinessObjects" />
      </TestCategory>
      <Execution id="6ef2563b-fa60-4b38-9a99-4d8a9e92f94e" />
      <TestMethod codeBase="D:\actions-runner\_work\XPCO\XPCO\EventServer\Server\Components\Central\GisMap.UnitTest\bin\x64\Debug\VideoOS.EventServer.GisMap.UnitTest.dll" adapterTypeName="executor://mstestadapter/v2" className="VideoOS.EventServer.GisMap.UnitTest.BusinessObjects.Indexer.Buildings.BuildingItemsIndexerTest" name="UpdateBuildingLevel_WorksCorrectly_AfterAddingLevel" />
    </UnitTest>
    <UnitTest name="TestFactory_Success" storage="d:\actions-runner\_work\xpco\xpco\eventserver\server\components\central\gismap.unittest\bin\x64\debug\videoos.eventserver.gismap.unittest.dll" id="79b6c85e-0b7d-cb65-82e7-89f5d068ffea">
      <Execution id="ff36f9c2-feee-41f7-9b13-2b68ce53a415" />
      <TestMethod codeBase="D:\actions-runner\_work\XPCO\XPCO\EventServer\Server\Components\Central\GisMap.UnitTest\bin\x64\Debug\VideoOS.EventServer.GisMap.UnitTest.dll" adapterTypeName="executor://mstestadapter/v2" className="VideoOS.EventServer.GisMap.UnitTest.BusinessObjects.Buildings.BuildingFactoryTest" name="TestFactory_Success" />
    </UnitTest>
    <UnitTest name="TestUpdateProperties_UpdateAllProperties_Success" storage="d:\actions-runner\_work\xpco\xpco\eventserver\server\components\central\gismap.unittest\bin\x64\debug\videoos.eventserver.gismap.unittest.dll" id="a24d2938-8b8c-cfc6-8442-4b8e53130137">
      <TestCategory>
        <TestCategoryItem TestCategory="BusinessObjects" />
      </TestCategory>
      <Execution id="01246d3d-4ffe-4611-87ee-0ae398d035f7" />
      <TestMethod codeBase="D:\actions-runner\_work\XPCO\XPCO\EventServer\Server\Components\Central\GisMap.UnitTest\bin\x64\Debug\VideoOS.EventServer.GisMap.UnitTest.dll" adapterTypeName="executor://mstestadapter/v2" className="VideoOS.EventServer.GisMap.UnitTest.BusinessObjects.Layers.MipLayerTest" name="TestUpdateProperties_UpdateAllProperties_Success" />
    </UnitTest>
    <UnitTest name="GetMipItemContextMenu_Success" storage="d:\actions-runner\_work\xpco\xpco\eventserver\server\components\central\gismap.unittest\bin\x64\debug\videoos.eventserver.gismap.unittest.dll" id="0b552305-9a3c-ae3d-211e-4f06f0749f1a">
      <TestCategory>
        <TestCategoryItem TestCategory="GisMapMipItems" />
      </TestCategory>
      <Execution id="233295b9-4f8f-486c-9411-275fde2e71ea" />
      <TestMethod codeBase="D:\actions-runner\_work\XPCO\XPCO\EventServer\Server\Components\Central\GisMap.UnitTest\bin\x64\Debug\VideoOS.EventServer.GisMap.UnitTest.dll" adapterTypeName="executor://mstestadapter/v2" className="VideoOS.EventServer.GisMap.UnitTest.WebService.GisMipItemCommandTest" name="GetMipItemContextMenu_Success" />
    </UnitTest>
    <UnitTest name="TestWcfObject_GetWcfObjectWithoutExtent_Success" storage="d:\actions-runner\_work\xpco\xpco\eventserver\server\components\central\gismap.unittest\bin\x64\debug\videoos.eventserver.gismap.unittest.dll" id="3df1e46d-4265-9c4b-8aae-0a8052487f66">
      <TestCategory>
        <TestCategoryItem TestCategory="BusinessObjects" />
      </TestCategory>
      <Execution id="18a08018-fc50-4dd1-a130-c02a4c412e96" />
      <TestMethod codeBase="D:\actions-runner\_work\XPCO\XPCO\EventServer\Server\Components\Central\GisMap.UnitTest\bin\x64\Debug\VideoOS.EventServer.GisMap.UnitTest.dll" adapterTypeName="executor://mstestadapter/v2" className="VideoOS.EventServer.GisMap.UnitTest.BusinessObjects.Layers.OpenStreetMapLayerTest" name="TestWcfObject_GetWcfObjectWithoutExtent_Success" />
    </UnitTest>
    <UnitTest name="Test_DeleteLevels_Succes" storage="d:\actions-runner\_work\xpco\xpco\eventserver\server\components\central\gismap.unittest\bin\x64\debug\videoos.eventserver.gismap.unittest.dll" id="8e5f2ed4-bf7a-d0e0-4d73-7a0ac5ae0304">
      <TestCategory>
        <TestCategoryItem TestCategory="DataComponent" />
      </TestCategory>
      <Execution id="78627005-1979-4586-839b-970fcb3752f5" />
      <TestMethod codeBase="D:\actions-runner\_work\XPCO\XPCO\EventServer\Server\Components\Central\GisMap.UnitTest\bin\x64\Debug\VideoOS.EventServer.GisMap.UnitTest.dll" adapterTypeName="executor://mstestadapter/v2" className="VideoOS.EventServer.GisMap.UnitTest.DB.DataComponent.BuildingComponent_LevelTest" name="Test_DeleteLevels_Succes" />
    </UnitTest>
    <UnitTest name="TestDeleteBuildings_ZeroRows_Success" storage="d:\actions-runner\_work\xpco\xpco\eventserver\server\components\central\gismap.unittest\bin\x64\debug\videoos.eventserver.gismap.unittest.dll" id="612916a7-ba3b-d557-9866-51fc7ebe250f">
      <TestCategory>
        <TestCategoryItem TestCategory="DataComponent" />
      </TestCategory>
      <Execution id="1fdfd535-457f-4a2f-a0c1-87369b9bb351" />
      <TestMethod codeBase="D:\actions-runner\_work\XPCO\XPCO\EventServer\Server\Components\Central\GisMap.UnitTest\bin\x64\Debug\VideoOS.EventServer.GisMap.UnitTest.dll" adapterTypeName="executor://mstestadapter/v2" className="VideoOS.EventServer.GisMap.UnitTest.DB.DataComponent.BuildingComponentTest" name="TestDeleteBuildings_ZeroRows_Success" />
    </UnitTest>
    <UnitTest name="TestProperties_GetProperties_Success" storage="d:\actions-runner\_work\xpco\xpco\eventserver\server\components\central\gismap.unittest\bin\x64\debug\videoos.eventserver.gismap.unittest.dll" id="a4e7e6b0-f47f-77cc-78fc-8bb726fd1e88">
      <TestCategory>
        <TestCategoryItem TestCategory="BusinessObjects" />
      </TestCategory>
      <Execution id="9694d3c3-c4d0-4eb1-9901-d8a64f3a87f4" />
      <TestMethod codeBase="D:\actions-runner\_work\XPCO\XPCO\EventServer\Server\Components\Central\GisMap.UnitTest\bin\x64\Debug\VideoOS.EventServer.GisMap.UnitTest.dll" adapterTypeName="executor://mstestadapter/v2" className="VideoOS.EventServer.GisMap.UnitTest.BusinessObjects.Layers.GoogleMapLayerTest" name="TestProperties_GetProperties_Success" />
    </UnitTest>
    <UnitTest name="InsertExcludedItems_All_Rises_OnItemsInserted" storage="d:\actions-runner\_work\xpco\xpco\eventserver\server\components\central\gismap.unittest\bin\x64\debug\videoos.eventserver.gismap.unittest.dll" id="246ae01f-d162-d755-db6d-d087eacbfb62">
      <TestCategory>
        <TestCategoryItem TestCategory="BusinessObjects" />
      </TestCategory>
      <Execution id="a0028e08-c2a7-4cff-ac6b-ea4de30c1b16" />
      <TestMethod codeBase="D:\actions-runner\_work\XPCO\XPCO\EventServer\Server\Components\Central\GisMap.UnitTest\bin\x64\Debug\VideoOS.EventServer.GisMap.UnitTest.dll" adapterTypeName="executor://mstestadapter/v2" className="VideoOS.EventServer.GisMap.UnitTest.BusinessObjects.Indexer.MapItemIndexerTest" name="InsertExcludedItems_All_Rises_OnItemsInserted" />
    </UnitTest>
    <UnitTest name="TestPropertyNames_GettingPropertyNames_Success" storage="d:\actions-runner\_work\xpco\xpco\eventserver\server\components\central\gismap.unittest\bin\x64\debug\videoos.eventserver.gismap.unittest.dll" id="9b3f1de6-5ced-afd7-143c-4ccc2375e488">
      <TestCategory>
        <TestCategoryItem TestCategory="BusinessObjects" />
      </TestCategory>
      <Execution id="6790c9f9-b447-4941-bb87-cd5198963147" />
      <TestMethod codeBase="D:\actions-runner\_work\XPCO\XPCO\EventServer\Server\Components\Central\GisMap.UnitTest\bin\x64\Debug\VideoOS.EventServer.GisMap.UnitTest.dll" adapterTypeName="executor://mstestadapter/v2" className="VideoOS.EventServer.GisMap.UnitTest.BusinessObjects.Layers.LocationLayerTest" name="TestPropertyNames_GettingPropertyNames_Success" />
    </UnitTest>
    <UnitTest name="TestConstructor_ParsingWcfObjectWithoutExtent_Success" storage="d:\actions-runner\_work\xpco\xpco\eventserver\server\components\central\gismap.unittest\bin\x64\debug\videoos.eventserver.gismap.unittest.dll" id="5748818a-e4fb-d506-37f3-b1d42a9f27d4">
      <TestCategory>
        <TestCategoryItem TestCategory="BusinessObjects" />
      </TestCategory>
      <Execution id="3a8145a7-3d97-4656-929b-1f0637c5ecfa" />
      <TestMethod codeBase="D:\actions-runner\_work\XPCO\XPCO\EventServer\Server\Components\Central\GisMap.UnitTest\bin\x64\Debug\VideoOS.EventServer.GisMap.UnitTest.dll" adapterTypeName="executor://mstestadapter/v2" className="VideoOS.EventServer.GisMap.UnitTest.BusinessObjects.Layers.ShapeFileLayerTest" name="TestConstructor_ParsingWcfObjectWithoutExtent_Success" />
    </UnitTest>
    <UnitTest name="TestUpdateProperties_UpdateAllProperties_Success" storage="d:\actions-runner\_work\xpco\xpco\eventserver\server\components\central\gismap.unittest\bin\x64\debug\videoos.eventserver.gismap.unittest.dll" id="26283692-6ea5-ef23-5227-803d8498a28b">
      <TestCategory>
        <TestCategoryItem TestCategory="BusinessObjects" />
      </TestCategory>
      <Execution id="b9149337-e06b-427c-ba89-bdcf5e8c82d1" />
      <TestMethod codeBase="D:\actions-runner\_work\XPCO\XPCO\EventServer\Server\Components\Central\GisMap.UnitTest\bin\x64\Debug\VideoOS.EventServer.GisMap.UnitTest.dll" adapterTypeName="executor://mstestadapter/v2" className="VideoOS.EventServer.GisMap.UnitTest.BusinessObjects.Layers.OutputLayerTest" name="TestUpdateProperties_UpdateAllProperties_Success" />
    </UnitTest>
    <UnitTest name="BuildClusters_ItemBelongsTo2Buildings_Still1Cluster" storage="d:\actions-runner\_work\xpco\xpco\eventserver\server\components\central\gismap.unittest\bin\x64\debug\videoos.eventserver.gismap.unittest.dll" id="9e3edf49-5afe-389d-fbb3-b0c5ca2c8ae8">
      <TestCategory>
        <TestCategoryItem TestCategory="BusinessObjects" />
      </TestCategory>
      <Execution id="7c4e0fcb-9cf4-47fb-9d24-27dbb248e2e2" />
      <TestMethod codeBase="D:\actions-runner\_work\XPCO\XPCO\EventServer\Server\Components\Central\GisMap.UnitTest\bin\x64\Debug\VideoOS.EventServer.GisMap.UnitTest.dll" adapterTypeName="executor://mstestadapter/v2" className="VideoOS.EventServer.GisMap.UnitTest.BusinessObjects.Indexer.Clustering.BuildingsAwareClusterStrategyTest" name="BuildClusters_ItemBelongsTo2Buildings_Still1Cluster" />
    </UnitTest>
    <UnitTest name="TestPropertyNames_GettingPropertyNames_Success" storage="d:\actions-runner\_work\xpco\xpco\eventserver\server\components\central\gismap.unittest\bin\x64\debug\videoos.eventserver.gismap.unittest.dll" id="52c0751c-fa17-4f18-620a-1832d6f071ad">
      <TestCategory>
        <TestCategoryItem TestCategory="BusinessObjects" />
      </TestCategory>
      <Execution id="c1ff077e-8066-4dcc-be07-e4c631f00ed5" />
      <TestMethod codeBase="D:\actions-runner\_work\XPCO\XPCO\EventServer\Server\Components\Central\GisMap.UnitTest\bin\x64\Debug\VideoOS.EventServer.GisMap.UnitTest.dll" adapterTypeName="executor://mstestadapter/v2" className="VideoOS.EventServer.GisMap.UnitTest.BusinessObjects.Layers.CameraLayerTest" name="TestPropertyNames_GettingPropertyNames_Success" />
    </UnitTest>
    <UnitTest name="TestAuditLog_AuditLogChanged_AddingRemovingLegacyLinkChangingTargetMapId_Success" storage="d:\actions-runner\_work\xpco\xpco\eventserver\server\components\central\gismap.unittest\bin\x64\debug\videoos.eventserver.gismap.unittest.dll" id="5d950d2b-db19-8586-aab7-9626ab9aaae8">
      <TestCategory>
        <TestCategoryItem TestCategory="BusinessObjects" />
      </TestCategory>
      <Execution id="7f9bc7d8-b891-478a-977e-0fca1b94f716" />
      <TestMethod codeBase="D:\actions-runner\_work\XPCO\XPCO\EventServer\Server\Components\Central\GisMap.UnitTest\bin\x64\Debug\VideoOS.EventServer.GisMap.UnitTest.dll" adapterTypeName="executor://mstestadapter/v2" className="VideoOS.EventServer.GisMap.UnitTest.BusinessObjects.Items.LegacyLinkItemTest" name="TestAuditLog_AuditLogChanged_AddingRemovingLegacyLinkChangingTargetMapId_Success" />
    </UnitTest>
    <UnitTest name="TestWcfObject_ConvertToWcfObjectWithNullPosition_Success" storage="d:\actions-runner\_work\xpco\xpco\eventserver\server\components\central\gismap.unittest\bin\x64\debug\videoos.eventserver.gismap.unittest.dll" id="e750ff11-8e6d-9112-ff5b-77deeafbd511">
      <TestCategory>
        <TestCategoryItem TestCategory="BusinessObjects" />
      </TestCategory>
      <Execution id="f372a5e6-5be9-4477-a25a-593611b8c0d1" />
      <TestMethod codeBase="D:\actions-runner\_work\XPCO\XPCO\EventServer\Server\Components\Central\GisMap.UnitTest\bin\x64\Debug\VideoOS.EventServer.GisMap.UnitTest.dll" adapterTypeName="executor://mstestadapter/v2" className="VideoOS.EventServer.GisMap.UnitTest.BusinessObjects.Maps.MapTest" name="TestWcfObject_ConvertToWcfObjectWithNullPosition_Success" />
    </UnitTest>
    <UnitTest name="TestConstructor_ParsingWcfObjectWithNull_Success" storage="d:\actions-runner\_work\xpco\xpco\eventserver\server\components\central\gismap.unittest\bin\x64\debug\videoos.eventserver.gismap.unittest.dll" id="27498d42-7bbc-c38f-fb94-d07994a07cdc">
      <TestCategory>
        <TestCategoryItem TestCategory="BusinessObjects" />
      </TestCategory>
      <Execution id="65f8137c-8ce0-4a45-974e-9bd161511741" />
      <TestMethod codeBase="D:\actions-runner\_work\XPCO\XPCO\EventServer\Server\Components\Central\GisMap.UnitTest\bin\x64\Debug\VideoOS.EventServer.GisMap.UnitTest.dll" adapterTypeName="executor://mstestadapter/v2" className="VideoOS.EventServer.GisMap.UnitTest.BusinessObjects.MapViewPointTest" name="TestConstructor_ParsingWcfObjectWithNull_Success" />
    </UnitTest>
    <UnitTest name="TestReorderLevels_Success" storage="d:\actions-runner\_work\xpco\xpco\eventserver\server\components\central\gismap.unittest\bin\x64\debug\videoos.eventserver.gismap.unittest.dll" id="508081dd-dca9-3012-b00b-9eb9373a2d4d">
      <TestCategory>
        <TestCategoryItem TestCategory="DataComponent" />
      </TestCategory>
      <Execution id="17945224-7d75-4986-8f4c-fd9a8b2ba16c" />
      <TestMethod codeBase="D:\actions-runner\_work\XPCO\XPCO\EventServer\Server\Components\Central\GisMap.UnitTest\bin\x64\Debug\VideoOS.EventServer.GisMap.UnitTest.dll" adapterTypeName="executor://mstestadapter/v2" className="VideoOS.EventServer.GisMap.UnitTest.DB.DataComponent.BuildingComponent_LevelTest" name="TestReorderLevels_Success" />
    </UnitTest>
    <UnitTest name="BrowseLayer_GetProperties_Success" storage="d:\actions-runner\_work\xpco\xpco\eventserver\server\components\central\gismap.unittest\bin\x64\debug\videoos.eventserver.gismap.unittest.dll" id="ff962744-44ce-857d-8cb7-730338e97029">
      <Execution id="4b65d4ac-4e07-4983-9718-d75f10022453" />
      <TestMethod codeBase="D:\actions-runner\_work\XPCO\XPCO\EventServer\Server\Components\Central\GisMap.UnitTest\bin\x64\Debug\VideoOS.EventServer.GisMap.UnitTest.dll" adapterTypeName="executor://mstestadapter/v2" className="VideoOS.EventServer.GisMap.UnitTest.BusinessObjects.Layers.BrowseLayerTest" name="BrowseLayer_GetProperties_Success" />
    </UnitTest>
    <UnitTest name="TestAddLevels_DatabaseException_UniqueKeyViolation_Failure" storage="d:\actions-runner\_work\xpco\xpco\eventserver\server\components\central\gismap.unittest\bin\x64\debug\videoos.eventserver.gismap.unittest.dll" id="3edc7d70-d2cc-b78d-21c0-d53a11fde45f">
      <TestCategory>
        <TestCategoryItem TestCategory="DataComponent" />
      </TestCategory>
      <Execution id="9af96830-3db2-427e-9e94-e030157fd3ab" />
      <TestMethod codeBase="D:\actions-runner\_work\XPCO\XPCO\EventServer\Server\Components\Central\GisMap.UnitTest\bin\x64\Debug\VideoOS.EventServer.GisMap.UnitTest.dll" adapterTypeName="executor://mstestadapter/v2" className="VideoOS.EventServer.GisMap.UnitTest.DB.DataComponent.BuildingComponent_LevelTest" name="TestAddLevels_DatabaseException_UniqueKeyViolation_Failure" />
    </UnitTest>
    <UnitTest name="TestCapabilities_OnlyLatestGeneration_Success" storage="d:\actions-runner\_work\xpco\xpco\eventserver\server\components\central\gismap.unittest\bin\x64\debug\videoos.eventserver.gismap.unittest.dll" id="78e1ad87-4fe8-4314-4c67-aedf5c8ef7d7">
      <Execution id="29a129cf-976d-44f8-b3d2-c5d80f9d6624" />
      <TestMethod codeBase="D:\actions-runner\_work\XPCO\XPCO\EventServer\Server\Components\Central\GisMap.UnitTest\bin\x64\Debug\VideoOS.EventServer.GisMap.UnitTest.dll" adapterTypeName="executor://mstestadapter/v2" className="VideoOS.EventServer.GisMap.UnitTest.Services.Capabilities.ServerCapabilitiesTest" name="TestCapabilities_OnlyLatestGeneration_Success" />
    </UnitTest>
    <UnitTest name="TestProperties_GetProperties_Success" storage="d:\actions-runner\_work\xpco\xpco\eventserver\server\components\central\gismap.unittest\bin\x64\debug\videoos.eventserver.gismap.unittest.dll" id="95bf7929-35e2-cfd9-e7a1-cdb3e56bc0fb">
      <TestCategory>
        <TestCategoryItem TestCategory="BusinessObjects" />
      </TestCategory>
      <Execution id="933857c9-202a-4bac-87f3-9102636475ea" />
      <TestMethod codeBase="D:\actions-runner\_work\XPCO\XPCO\EventServer\Server\Components\Central\GisMap.UnitTest\bin\x64\Debug\VideoOS.EventServer.GisMap.UnitTest.dll" adapterTypeName="executor://mstestadapter/v2" className="VideoOS.EventServer.GisMap.UnitTest.BusinessObjects.Repositories.CADRepositoryTest" name="TestProperties_GetProperties_Success" />
    </UnitTest>
    <UnitTest name="Constructor_ItemConnectionsSet" storage="d:\actions-runner\_work\xpco\xpco\eventserver\server\components\central\gismap.unittest\bin\x64\debug\videoos.eventserver.gismap.unittest.dll" id="f37f5b79-d351-3e25-99e3-e4e60c5d6c6d">
      <TestCategory>
        <TestCategoryItem TestCategory="BusinessObjects" />
      </TestCategory>
      <Execution id="1ae5fa7d-93a8-47ea-8fe9-f9d384e6c190" />
      <TestMethod codeBase="D:\actions-runner\_work\XPCO\XPCO\EventServer\Server\Components\Central\GisMap.UnitTest\bin\x64\Debug\VideoOS.EventServer.GisMap.UnitTest.dll" adapterTypeName="executor://mstestadapter/v2" className="VideoOS.EventServer.GisMap.UnitTest.BusinessObjects.Indexer.Buildings.BuildingIndexTest" name="Constructor_ItemConnectionsSet" />
    </UnitTest>
    <UnitTest name="TestAuditLog_AuditLogChanged_AddingRemovingLegacyLinkChangingTargetServiceId_Success" storage="d:\actions-runner\_work\xpco\xpco\eventserver\server\components\central\gismap.unittest\bin\x64\debug\videoos.eventserver.gismap.unittest.dll" id="10c9a457-cb36-9c66-57cc-73a8ab3286b0">
      <TestCategory>
        <TestCategoryItem TestCategory="BusinessObjects" />
      </TestCategory>
      <Execution id="2e62a212-69fd-4e20-ab6c-7913c652d263" />
      <TestMethod codeBase="D:\actions-runner\_work\XPCO\XPCO\EventServer\Server\Components\Central\GisMap.UnitTest\bin\x64\Debug\VideoOS.EventServer.GisMap.UnitTest.dll" adapterTypeName="executor://mstestadapter/v2" className="VideoOS.EventServer.GisMap.UnitTest.BusinessObjects.Items.LegacyLinkItemTest" name="TestAuditLog_AuditLogChanged_AddingRemovingLegacyLinkChangingTargetServiceId_Success" />
    </UnitTest>
    <UnitTest name="TestUpdateProperties_UpdateAllProperties_Success" storage="d:\actions-runner\_work\xpco\xpco\eventserver\server\components\central\gismap.unittest\bin\x64\debug\videoos.eventserver.gismap.unittest.dll" id="97aa3fa1-18ae-4ef4-802a-81d1bbb86107">
      <TestCategory>
        <TestCategoryItem TestCategory="BusinessObjects" />
      </TestCategory>
      <Execution id="c59bd5bc-6183-4543-97ee-c0c7d7b75f47" />
      <TestMethod codeBase="D:\actions-runner\_work\XPCO\XPCO\EventServer\Server\Components\Central\GisMap.UnitTest\bin\x64\Debug\VideoOS.EventServer.GisMap.UnitTest.dll" adapterTypeName="executor://mstestadapter/v2" className="VideoOS.EventServer.GisMap.UnitTest.BusinessObjects.RectangleTest" name="TestUpdateProperties_UpdateAllProperties_Success" />
    </UnitTest>
    <UnitTest name="TestConstructor_CreateService_Success" storage="d:\actions-runner\_work\xpco\xpco\eventserver\server\components\central\gismap.unittest\bin\x64\debug\videoos.eventserver.gismap.unittest.dll" id="3f64cf55-1663-03c1-53b4-20fe58d327f0">
      <TestCategory>
        <TestCategoryItem TestCategory="GisMap" />
      </TestCategory>
      <Execution id="32261e02-9034-4a84-953e-0beb680f6fd0" />
      <TestMethod codeBase="D:\actions-runner\_work\XPCO\XPCO\EventServer\Server\Components\Central\GisMap.UnitTest\bin\x64\Debug\VideoOS.EventServer.GisMap.UnitTest.dll" adapterTypeName="executor://mstestadapter/v2" className="VideoOS.EventServer.GisMap.UnitTest.WebService.GisNotificationCommandTest" name="TestConstructor_CreateService_Success" />
    </UnitTest>
    <UnitTest name="TestConstructor_ParsingWcfObject_Success" storage="d:\actions-runner\_work\xpco\xpco\eventserver\server\components\central\gismap.unittest\bin\x64\debug\videoos.eventserver.gismap.unittest.dll" id="46027892-420d-4502-59c5-18418d2a2257">
      <TestCategory>
        <TestCategoryItem TestCategory="BusinessObjects" />
      </TestCategory>
      <Execution id="5c947c6d-bdbe-4e16-b4c4-f011bc66a51a" />
      <TestMethod codeBase="D:\actions-runner\_work\XPCO\XPCO\EventServer\Server\Components\Central\GisMap.UnitTest\bin\x64\Debug\VideoOS.EventServer.GisMap.UnitTest.dll" adapterTypeName="executor://mstestadapter/v2" className="VideoOS.EventServer.GisMap.UnitTest.BusinessObjects.Items.LinkItemTest" name="TestConstructor_ParsingWcfObject_Success" />
    </UnitTest>
    <UnitTest name="UpdateLevel" storage="d:\actions-runner\_work\xpco\xpco\eventserver\server\components\central\gismap.unittest\bin\x64\debug\videoos.eventserver.gismap.unittest.dll" id="a38e0aa9-55dd-8990-1ea8-62c9cdd5455d">
      <TestCategory>
        <TestCategoryItem TestCategory="BusinessObjects" />
      </TestCategory>
      <Execution id="7f28bf0e-0aea-434a-9233-0383feb992b1" />
      <TestMethod codeBase="D:\actions-runner\_work\XPCO\XPCO\EventServer\Server\Components\Central\GisMap.UnitTest\bin\x64\Debug\VideoOS.EventServer.GisMap.UnitTest.dll" adapterTypeName="executor://mstestadapter/v2" className="VideoOS.EventServer.GisMap.UnitTest.BusinessObjects.Indexer.Buildings.BuildingIndexTest" name="UpdateLevel" />
    </UnitTest>
    <UnitTest name="UpdateItem_EnabledAndNotExistant_Adds" storage="d:\actions-runner\_work\xpco\xpco\eventserver\server\components\central\gismap.unittest\bin\x64\debug\videoos.eventserver.gismap.unittest.dll" id="89ea8517-ba94-19d6-fc04-c6e2ee009c09">
      <TestCategory>
        <TestCategoryItem TestCategory="GisMapServices" />
      </TestCategory>
      <Execution id="fb4ac4b9-d798-467b-8b63-6a80dd5669f3" />
      <TestMethod codeBase="D:\actions-runner\_work\XPCO\XPCO\EventServer\Server\Components\Central\GisMap.UnitTest\bin\x64\Debug\VideoOS.EventServer.GisMap.UnitTest.dll" adapterTypeName="executor://mstestadapter/v2" className="VideoOS.EventServer.GisMap.UnitTest.Services.Clustering.MapDataUpdaterTest" name="UpdateItem_EnabledAndNotExistant_Adds" />
    </UnitTest>
    <UnitTest name="TestUpdateBuildings_NullBuildings_Failure" storage="d:\actions-runner\_work\xpco\xpco\eventserver\server\components\central\gismap.unittest\bin\x64\debug\videoos.eventserver.gismap.unittest.dll" id="85221abc-5b6f-d1ce-2e6b-cf874117f35e">
      <TestCategory>
        <TestCategoryItem TestCategory="DataComponent" />
      </TestCategory>
      <Execution id="8ba65698-83dc-4eb0-9f1a-f1f0693a534d" />
      <TestMethod codeBase="D:\actions-runner\_work\XPCO\XPCO\EventServer\Server\Components\Central\GisMap.UnitTest\bin\x64\Debug\VideoOS.EventServer.GisMap.UnitTest.dll" adapterTypeName="executor://mstestadapter/v2" className="VideoOS.EventServer.GisMap.UnitTest.DB.DataComponent.BuildingComponentTest" name="TestUpdateBuildings_NullBuildings_Failure" />
    </UnitTest>
    <UnitTest name="BuildClusters_Levels" storage="d:\actions-runner\_work\xpco\xpco\eventserver\server\components\central\gismap.unittest\bin\x64\debug\videoos.eventserver.gismap.unittest.dll" id="3bf901ad-8957-ad5e-296f-dd63c0fdc478">
      <TestCategory>
        <TestCategoryItem TestCategory="BusinessObjects" />
      </TestCategory>
      <Execution id="76288f4d-2281-4207-90c4-475c97d8e6dd" />
      <TestMethod codeBase="D:\actions-runner\_work\XPCO\XPCO\EventServer\Server\Components\Central\GisMap.UnitTest\bin\x64\Debug\VideoOS.EventServer.GisMap.UnitTest.dll" adapterTypeName="executor://mstestadapter/v2" className="VideoOS.EventServer.GisMap.UnitTest.BusinessObjects.Indexer.Clustering.BuildingsAwareClusterStrategyTest" name="BuildClusters_Levels" />
    </UnitTest>
    <UnitTest name="TestUpdateProperties_UpdateAllProperties_Success" storage="d:\actions-runner\_work\xpco\xpco\eventserver\server\components\central\gismap.unittest\bin\x64\debug\videoos.eventserver.gismap.unittest.dll" id="b9130c8e-9d83-6cc3-522b-ffedde30dd42">
      <TestCategory>
        <TestCategoryItem TestCategory="BusinessObjects" />
      </TestCategory>
      <Execution id="a8793cce-f622-4d4a-8923-95a94342d053" />
      <TestMethod codeBase="D:\actions-runner\_work\XPCO\XPCO\EventServer\Server\Components\Central\GisMap.UnitTest\bin\x64\Debug\VideoOS.EventServer.GisMap.UnitTest.dll" adapterTypeName="executor://mstestadapter/v2" className="VideoOS.EventServer.GisMap.UnitTest.BusinessObjects.Repositories.CADRepositoryTest" name="TestUpdateProperties_UpdateAllProperties_Success" />
    </UnitTest>
    <UnitTest name="TestConvertToType_UnknownType_Success" storage="d:\actions-runner\_work\xpco\xpco\eventserver\server\components\central\gismap.unittest\bin\x64\debug\videoos.eventserver.gismap.unittest.dll" id="4fadf45a-56f2-c010-4098-8fe90cd2a5e3">
      <Execution id="0dfd88f8-6a06-4b24-96c2-3c66c27095b8" />
      <TestMethod codeBase="D:\actions-runner\_work\XPCO\XPCO\EventServer\Server\Components\Central\GisMap.UnitTest\bin\x64\Debug\VideoOS.EventServer.GisMap.UnitTest.dll" adapterTypeName="executor://mstestadapter/v2" className="VideoOS.EventServer.GisMap.UnitTest.DB.Converters.DatabaseTypeNameConverterTest" name="TestConvertToType_UnknownType_Success" />
    </UnitTest>
    <UnitTest name="TestReorderLevels_DatabaseException_Failure" storage="d:\actions-runner\_work\xpco\xpco\eventserver\server\components\central\gismap.unittest\bin\x64\debug\videoos.eventserver.gismap.unittest.dll" id="fedfa35e-6880-68f0-e203-0871803ddfef">
      <TestCategory>
        <TestCategoryItem TestCategory="DataComponent" />
      </TestCategory>
      <Execution id="30d4687e-ce34-442b-a97c-a6b04421cd09" />
      <TestMethod codeBase="D:\actions-runner\_work\XPCO\XPCO\EventServer\Server\Components\Central\GisMap.UnitTest\bin\x64\Debug\VideoOS.EventServer.GisMap.UnitTest.dll" adapterTypeName="executor://mstestadapter/v2" className="VideoOS.EventServer.GisMap.UnitTest.DB.DataComponent.BuildingComponent_LevelTest" name="TestReorderLevels_DatabaseException_Failure" />
    </UnitTest>
    <UnitTest name="Constructor_CreatesCommands" storage="d:\actions-runner\_work\xpco\xpco\eventserver\server\components\central\gismap.unittest\bin\x64\debug\videoos.eventserver.gismap.unittest.dll" id="e8cd83a9-1255-52c8-c545-87c6b911bee8">
      <TestCategory>
        <TestCategoryItem TestCategory="GisMap" />
      </TestCategory>
      <Execution id="81b412d2-7541-4218-92d5-64aae162bad3" />
      <TestMethod codeBase="D:\actions-runner\_work\XPCO\XPCO\EventServer\Server\Components\Central\GisMap.UnitTest\bin\x64\Debug\VideoOS.EventServer.GisMap.UnitTest.dll" adapterTypeName="executor://mstestadapter/v2" className="VideoOS.EventServer.GisMap.UnitTest.WebService.GisMapWebServiceTest" name="Constructor_CreatesCommands" />
    </UnitTest>
    <UnitTest name="TestAuditLog_AuditLogItemAddedWithEmptyLocation_Success" storage="d:\actions-runner\_work\xpco\xpco\eventserver\server\components\central\gismap.unittest\bin\x64\debug\videoos.eventserver.gismap.unittest.dll" id="4c18361d-692a-8703-c9f0-ec2f36e6cc36">
      <TestCategory>
        <TestCategoryItem TestCategory="BusinessObjects" />
      </TestCategory>
      <Execution id="370006ce-4c74-40f3-b6b6-ecd197e21552" />
      <TestMethod codeBase="D:\actions-runner\_work\XPCO\XPCO\EventServer\Server\Components\Central\GisMap.UnitTest\bin\x64\Debug\VideoOS.EventServer.GisMap.UnitTest.dll" adapterTypeName="executor://mstestadapter/v2" className="VideoOS.EventServer.GisMap.UnitTest.BusinessObjects.Items.LinkItemTest" name="TestAuditLog_AuditLogItemAddedWithEmptyLocation_Success" />
    </UnitTest>
    <UnitTest name="Close_ClosesCommandsAndHostsInTheOrder" storage="d:\actions-runner\_work\xpco\xpco\eventserver\server\components\central\gismap.unittest\bin\x64\debug\videoos.eventserver.gismap.unittest.dll" id="f98068f9-99f7-ff5b-d168-ef651dd264ce">
      <TestCategory>
        <TestCategoryItem TestCategory="GisMap" />
      </TestCategory>
      <Execution id="48add0cc-5a0b-41f7-8191-5d8265b0d163" />
      <TestMethod codeBase="D:\actions-runner\_work\XPCO\XPCO\EventServer\Server\Components\Central\GisMap.UnitTest\bin\x64\Debug\VideoOS.EventServer.GisMap.UnitTest.dll" adapterTypeName="executor://mstestadapter/v2" className="VideoOS.EventServer.GisMap.UnitTest.WebService.GisMapWebServiceTest" name="Close_ClosesCommandsAndHostsInTheOrder" />
    </UnitTest>
    <UnitTest name="LevelEvents_Reaction" storage="d:\actions-runner\_work\xpco\xpco\eventserver\server\components\central\gismap.unittest\bin\x64\debug\videoos.eventserver.gismap.unittest.dll" id="c79d8919-0c8f-922d-ea75-de9901ebd1ee">
      <TestCategory>
        <TestCategoryItem TestCategory="GisMapServices" />
      </TestCategory>
      <Execution id="bbca2e76-2fd2-4d8c-9363-99f155d861d4" />
      <TestMethod codeBase="D:\actions-runner\_work\XPCO\XPCO\EventServer\Server\Components\Central\GisMap.UnitTest\bin\x64\Debug\VideoOS.EventServer.GisMap.UnitTest.dll" adapterTypeName="executor://mstestadapter/v2" className="VideoOS.EventServer.GisMap.UnitTest.Services.Clustering.MapDataUpdaterTest" name="LevelEvents_Reaction" />
    </UnitTest>
    <UnitTest name="TestAuditLog_AuditLogItemChanged_AddingNewLinkFromEmptyLocationId_Success" storage="d:\actions-runner\_work\xpco\xpco\eventserver\server\components\central\gismap.unittest\bin\x64\debug\videoos.eventserver.gismap.unittest.dll" id="249ec01b-acb8-4b7c-e110-39ed4e0dc85b">
      <TestCategory>
        <TestCategoryItem TestCategory="BusinessObjects" />
      </TestCategory>
      <Execution id="45d2b634-3dbb-4a5c-b7f4-4236db09aee2" />
      <TestMethod codeBase="D:\actions-runner\_work\XPCO\XPCO\EventServer\Server\Components\Central\GisMap.UnitTest\bin\x64\Debug\VideoOS.EventServer.GisMap.UnitTest.dll" adapterTypeName="executor://mstestadapter/v2" className="VideoOS.EventServer.GisMap.UnitTest.BusinessObjects.Items.LinkItemTest" name="TestAuditLog_AuditLogItemChanged_AddingNewLinkFromEmptyLocationId_Success" />
    </UnitTest>
    <UnitTest name="TestConstructor_Success" storage="d:\actions-runner\_work\xpco\xpco\eventserver\server\components\central\gismap.unittest\bin\x64\debug\videoos.eventserver.gismap.unittest.dll" id="a42d239d-baf4-f5a8-cf3e-7324b28cfead">
      <TestCategory>
        <TestCategoryItem TestCategory="BusinessObjects" />
      </TestCategory>
      <Execution id="c8d42d36-6d49-4732-8946-1db91706e33e" />
      <TestMethod codeBase="D:\actions-runner\_work\XPCO\XPCO\EventServer\Server\Components\Central\GisMap.UnitTest\bin\x64\Debug\VideoOS.EventServer.GisMap.UnitTest.dll" adapterTypeName="executor://mstestadapter/v2" className="VideoOS.EventServer.GisMap.UnitTest.BusinessObjects.Maps.BrowseMapTest" name="TestConstructor_Success" />
    </UnitTest>
    <UnitTest name="Clear_AllowsFreshUsage" storage="d:\actions-runner\_work\xpco\xpco\eventserver\server\components\central\gismap.unittest\bin\x64\debug\videoos.eventserver.gismap.unittest.dll" id="e7cc7186-2673-8199-a8c8-5cfc7ab4d6dd">
      <TestCategory>
        <TestCategoryItem TestCategory="BusinessObjects" />
      </TestCategory>
      <Execution id="e753fec2-0228-4a6b-bd86-389ab83e2824" />
      <TestMethod codeBase="D:\actions-runner\_work\XPCO\XPCO\EventServer\Server\Components\Central\GisMap.UnitTest\bin\x64\Debug\VideoOS.EventServer.GisMap.UnitTest.dll" adapterTypeName="executor://mstestadapter/v2" className="VideoOS.EventServer.GisMap.UnitTest.BusinessObjects.Indexer.MapItemIndexerTest" name="Clear_AllowsFreshUsage" />
    </UnitTest>
    <UnitTest name="TestProperties_GetProperties_Success" storage="d:\actions-runner\_work\xpco\xpco\eventserver\server\components\central\gismap.unittest\bin\x64\debug\videoos.eventserver.gismap.unittest.dll" id="02feca23-6655-5568-716b-bd0cb04d3015">
      <TestCategory>
        <TestCategoryItem TestCategory="BusinessObjects" />
      </TestCategory>
      <Execution id="7e13dbc7-cc38-4053-8e10-3486d98288db" />
      <TestMethod codeBase="D:\actions-runner\_work\XPCO\XPCO\EventServer\Server\Components\Central\GisMap.UnitTest\bin\x64\Debug\VideoOS.EventServer.GisMap.UnitTest.dll" adapterTypeName="executor://mstestadapter/v2" className="VideoOS.EventServer.GisMap.UnitTest.BusinessObjects.Layers.ImageLayerTest" name="TestProperties_GetProperties_Success" />
    </UnitTest>
    <UnitTest name="TestAddLevels_DatabaseException_Failure" storage="d:\actions-runner\_work\xpco\xpco\eventserver\server\components\central\gismap.unittest\bin\x64\debug\videoos.eventserver.gismap.unittest.dll" id="ec3dc390-40fa-2306-12dc-573ec97177fd">
      <TestCategory>
        <TestCategoryItem TestCategory="DataComponent" />
      </TestCategory>
      <Execution id="85feec13-0a40-49a8-a078-77359708b837" />
      <TestMethod codeBase="D:\actions-runner\_work\XPCO\XPCO\EventServer\Server\Components\Central\GisMap.UnitTest\bin\x64\Debug\VideoOS.EventServer.GisMap.UnitTest.dll" adapterTypeName="executor://mstestadapter/v2" className="VideoOS.EventServer.GisMap.UnitTest.DB.DataComponent.BuildingComponent_LevelTest" name="TestAddLevels_DatabaseException_Failure" />
    </UnitTest>
    <UnitTest name="TestConstructor_ParsingWcfObjectWithoutOriginalExtent_Success" storage="d:\actions-runner\_work\xpco\xpco\eventserver\server\components\central\gismap.unittest\bin\x64\debug\videoos.eventserver.gismap.unittest.dll" id="463d1e96-c1d7-0e9c-2a9a-2258af1ecd4e">
      <TestCategory>
        <TestCategoryItem TestCategory="BusinessObjects" />
      </TestCategory>
      <Execution id="ad7cf9ed-a8a7-41e7-805f-daeb7d33c893" />
      <TestMethod codeBase="D:\actions-runner\_work\XPCO\XPCO\EventServer\Server\Components\Central\GisMap.UnitTest\bin\x64\Debug\VideoOS.EventServer.GisMap.UnitTest.dll" adapterTypeName="executor://mstestadapter/v2" className="VideoOS.EventServer.GisMap.UnitTest.BusinessObjects.Layers.CADLayerTest" name="TestConstructor_ParsingWcfObjectWithoutOriginalExtent_Success" />
    </UnitTest>
    <UnitTest name="TestUpdateProperties_UpdateAllProperties_Success" storage="d:\actions-runner\_work\xpco\xpco\eventserver\server\components\central\gismap.unittest\bin\x64\debug\videoos.eventserver.gismap.unittest.dll" id="4fd63e89-7a7b-2905-6d68-24d99fb54d1a">
      <TestCategory>
        <TestCategoryItem TestCategory="BusinessObjects" />
      </TestCategory>
      <Execution id="7d08ad6c-7d76-42e2-866c-826ccf568936" />
      <TestMethod codeBase="D:\actions-runner\_work\XPCO\XPCO\EventServer\Server\Components\Central\GisMap.UnitTest\bin\x64\Debug\VideoOS.EventServer.GisMap.UnitTest.dll" adapterTypeName="executor://mstestadapter/v2" className="VideoOS.EventServer.GisMap.UnitTest.BusinessObjects.Maps.MapTest" name="TestUpdateProperties_UpdateAllProperties_Success" />
    </UnitTest>
    <UnitTest name="FilterAsync_AddsAuthorizedItemIdsToSet" storage="d:\actions-runner\_work\xpco\xpco\eventserver\server\components\central\gismap.unittest\bin\x64\debug\videoos.eventserver.gismap.unittest.dll" id="0b1439ba-e984-e80d-2643-4fa8fa562b65">
      <TestCategory>
        <TestCategoryItem TestCategory="GisMapServices" />
      </TestCategory>
      <Execution id="c16c5eb5-f46a-41d8-81fa-402fcd0e90f8" />
      <TestMethod codeBase="D:\actions-runner\_work\XPCO\XPCO\EventServer\Server\Components\Central\GisMap.UnitTest\bin\x64\Debug\VideoOS.EventServer.GisMap.UnitTest.dll" adapterTypeName="executor://mstestadapter/v2" className="VideoOS.EventServer.GisMap.UnitTest.Services.Clustering.ClusteredItemsAuthorizationWithCountFilterTest" name="FilterAsync_AddsAuthorizedItemIdsToSet" />
    </UnitTest>
    <UnitTest name="TestWcfObject_GetWcfObjectWithoutPosition_Success" storage="d:\actions-runner\_work\xpco\xpco\eventserver\server\components\central\gismap.unittest\bin\x64\debug\videoos.eventserver.gismap.unittest.dll" id="a113a89e-e992-2477-4f24-2689a2a0836d">
      <TestCategory>
        <TestCategoryItem TestCategory="BusinessObjects" />
      </TestCategory>
      <Execution id="4c27a1ee-fb6b-4f21-bcd9-5d7dbefb0fdd" />
      <TestMethod codeBase="D:\actions-runner\_work\XPCO\XPCO\EventServer\Server\Components\Central\GisMap.UnitTest\bin\x64\Debug\VideoOS.EventServer.GisMap.UnitTest.dll" adapterTypeName="executor://mstestadapter/v2" className="VideoOS.EventServer.GisMap.UnitTest.BusinessObjects.Items.LocationItemTest" name="TestWcfObject_GetWcfObjectWithoutPosition_Success" />
    </UnitTest>
    <UnitTest name="TestConstructor_ParsingWcfObjectWithNull_ArgumentNullException" storage="d:\actions-runner\_work\xpco\xpco\eventserver\server\components\central\gismap.unittest\bin\x64\debug\videoos.eventserver.gismap.unittest.dll" id="0c4f1f0a-95e3-bfb5-a831-a21137fae764">
      <TestCategory>
        <TestCategoryItem TestCategory="BusinessObjects" />
      </TestCategory>
      <Execution id="7552263c-3717-4f32-aae6-78f767394b2c" />
      <TestMethod codeBase="D:\actions-runner\_work\XPCO\XPCO\EventServer\Server\Components\Central\GisMap.UnitTest\bin\x64\Debug\VideoOS.EventServer.GisMap.UnitTest.dll" adapterTypeName="executor://mstestadapter/v2" className="VideoOS.EventServer.GisMap.UnitTest.BusinessObjects.Layers.MicrophoneLayerTest" name="TestConstructor_ParsingWcfObjectWithNull_ArgumentNullException" />
    </UnitTest>
    <UnitTest name="TestAddLevel_BuildingNotFound_Failure" storage="d:\actions-runner\_work\xpco\xpco\eventserver\server\components\central\gismap.unittest\bin\x64\debug\videoos.eventserver.gismap.unittest.dll" id="b4d6d17f-df18-f9fd-dc55-d919392c93da">
      <TestCategory>
        <TestCategoryItem TestCategory="DataComponent" />
      </TestCategory>
      <Execution id="45d497a0-aec4-459a-9c7a-cbdb7ad6f35d" />
      <TestMethod codeBase="D:\actions-runner\_work\XPCO\XPCO\EventServer\Server\Components\Central\GisMap.UnitTest\bin\x64\Debug\VideoOS.EventServer.GisMap.UnitTest.dll" adapterTypeName="executor://mstestadapter/v2" className="VideoOS.EventServer.GisMap.UnitTest.DB.DataComponent.BuildingComponent_LevelTest" name="TestAddLevel_BuildingNotFound_Failure" />
    </UnitTest>
  </TestDefinitions>
  <TestEntries>
    <TestEntry testId="afe8f66e-42c6-0a57-f65b-6396de58b87a" executionId="5dfce041-f079-4bbb-9f70-12ece96ec1e4" testListId="8c84fa94-04c1-424b-9868-57a2d4851a1d" />
    <TestEntry testId="7d27d824-0743-e376-9195-513be1f269d1" executionId="49f26922-8483-482d-9925-67d44ea6ad96" testListId="8c84fa94-04c1-424b-9868-57a2d4851a1d" />
    <TestEntry testId="71713aaf-5d5f-848f-53a9-972129459e12" executionId="ec955fdd-3b58-4da7-83ae-2aefa08117f9" testListId="8c84fa94-04c1-424b-9868-57a2d4851a1d" />
    <TestEntry testId="dddb05dc-f038-643f-0ca6-be77adfeb26d" executionId="44846d8d-c9fc-4dc3-b7e8-5c94bf30bac0" testListId="8c84fa94-04c1-424b-9868-57a2d4851a1d" />
    <TestEntry testId="6513a362-7586-99fe-06c9-3880bce55ec5" executionId="a95c1cfd-b7ef-49be-8749-fb3086534535" testListId="8c84fa94-04c1-424b-9868-57a2d4851a1d" />
    <TestEntry testId="f8d3c84c-0871-1507-fccd-0fe0f76809c0" executionId="8e72f9f5-836d-4be8-bb5a-b9ae0e883366" testListId="8c84fa94-04c1-424b-9868-57a2d4851a1d" />
    <TestEntry testId="82d5db02-e94e-3b02-ad01-51ee97ec021c" executionId="5de94be5-fe0e-4f28-9079-c583eb23bc92" testListId="8c84fa94-04c1-424b-9868-57a2d4851a1d" />
    <TestEntry testId="976aee34-4917-6995-10e6-86b8ca5eef0f" executionId="b27e32fa-b74f-457f-9d3e-55c18d2127c6" testListId="8c84fa94-04c1-424b-9868-57a2d4851a1d" />
    <TestEntry testId="92cc9c71-ec15-863d-b9f8-3aa43a78bfd8" executionId="1c09bfe5-7bae-4e10-a615-886db23018bb" testListId="8c84fa94-04c1-424b-9868-57a2d4851a1d" />
    <TestEntry testId="1c685bac-9cf9-24a9-fa5d-c79bcef4a504" executionId="051751eb-da7a-46fe-964d-c0a6a5e39f32" testListId="8c84fa94-04c1-424b-9868-57a2d4851a1d" />
    <TestEntry testId="04d32b04-a6b3-be0c-303a-92162a097429" executionId="690aa267-dd11-4e15-817d-ac9375b710f2" testListId="8c84fa94-04c1-424b-9868-57a2d4851a1d" />
    <TestEntry testId="5db8fd22-a9d2-d160-c154-7e7334ba659b" executionId="b001ef66-cf16-4e34-a764-9623427233aa" testListId="8c84fa94-04c1-424b-9868-57a2d4851a1d" />
    <TestEntry testId="ec3dc390-40fa-2306-12dc-573ec97177fd" executionId="85feec13-0a40-49a8-a078-77359708b837" testListId="8c84fa94-04c1-424b-9868-57a2d4851a1d" />
    <TestEntry testId="13c32928-d3d0-38ae-6cc6-920f38100b74" executionId="081d70db-34a1-4a99-bf36-fed02e2fbb27" testListId="8c84fa94-04c1-424b-9868-57a2d4851a1d" />
    <TestEntry testId="4ad3d293-a459-4607-b5a6-c41dabb71206" executionId="9db12dab-a99e-472b-a307-141c72d3f4b8" testListId="8c84fa94-04c1-424b-9868-57a2d4851a1d" />
    <TestEntry testId="84324c5d-7da7-f9ce-0616-e7ba25587da8" executionId="ef68baa1-1151-4626-ab50-e824077f3e3b" testListId="8c84fa94-04c1-424b-9868-57a2d4851a1d" />
    <TestEntry testId="2627f119-e8a5-4430-1919-8ee30c0b561d" executionId="2dec85c0-32bc-404a-9721-1dbd0c6dcab8" testListId="8c84fa94-04c1-424b-9868-57a2d4851a1d" />
    <TestEntry testId="1a5ed80b-31fa-9edf-9977-d986cb1e8e1d" executionId="47cfeec8-d897-40a9-a7eb-1730e37d4804" testListId="8c84fa94-04c1-424b-9868-57a2d4851a1d" />
    <TestEntry testId="47589e2e-4b76-47f2-c72b-72b4285b8c83" executionId="6559a692-1cb5-4e50-a7c2-f53648d7a0b7" testListId="8c84fa94-04c1-424b-9868-57a2d4851a1d" />
    <TestEntry testId="460657b9-140b-2240-063b-76a23862caf9" executionId="90b2675c-ed0c-499b-bd7d-393df6058379" testListId="8c84fa94-04c1-424b-9868-57a2d4851a1d" />
    <TestEntry testId="62b9fc9b-83f4-c639-183f-4922d8cc804d" executionId="3ff173ac-14b6-4ca5-ab7e-7275abd8c8bc" testListId="8c84fa94-04c1-424b-9868-57a2d4851a1d" />
    <TestEntry testId="995898c9-3176-c650-4198-443359757cf6" executionId="740a9c07-8711-4fe1-b14c-d2c6d4e10f4a" testListId="8c84fa94-04c1-424b-9868-57a2d4851a1d" />
    <TestEntry testId="37128e0d-32e5-a3ed-d148-3436bf935bb1" executionId="d1055447-df25-445b-81a6-779aaefeb9a5" testListId="8c84fa94-04c1-424b-9868-57a2d4851a1d" />
    <TestEntry testId="6fb66f34-924f-519a-0dc3-4b14db8627a0" executionId="d449ad57-a741-4b60-9f74-661073a8472f" testListId="8c84fa94-04c1-424b-9868-57a2d4851a1d" />
    <TestEntry testId="e6cf7354-a8a6-7200-c1dc-f1390bf8a393" executionId="18c6aae9-e44d-4970-919f-b485f472d490" testListId="8c84fa94-04c1-424b-9868-57a2d4851a1d" />
    <TestEntry testId="338483c5-58e3-0e62-9540-d6618cc71c10" executionId="fe1ab280-6cb7-41f5-b22a-13399653c0ce" testListId="8c84fa94-04c1-424b-9868-57a2d4851a1d" />
    <TestEntry testId="70223117-1028-488e-1109-b9f75188c95f" executionId="f21924c5-c1a4-4b1d-aebd-cf58ede6cb56" testListId="8c84fa94-04c1-424b-9868-57a2d4851a1d" />
    <TestEntry testId="4f79bc1b-c633-44ca-3515-6aafcfce4559" executionId="112dd4f5-9ff1-4b15-a44f-fcaf6051361e" testListId="8c84fa94-04c1-424b-9868-57a2d4851a1d" />
    <TestEntry testId="7f45314b-74ac-fe0a-6d3f-b3488a713648" executionId="d7516066-18dc-4d06-b447-294925fa0417" testListId="8c84fa94-04c1-424b-9868-57a2d4851a1d" />
    <TestEntry testId="391c2548-0365-c2f4-475a-bd969cac8e30" executionId="0c30a589-63f9-4407-94f3-8641e2cc02f3" testListId="8c84fa94-04c1-424b-9868-57a2d4851a1d" />
    <TestEntry testId="5d5ce1ce-dfef-b62a-1958-b2855c4d0305" executionId="a87112d2-7b01-4128-8309-07a34dd85ed0" testListId="8c84fa94-04c1-424b-9868-57a2d4851a1d" />
    <TestEntry testId="4783053d-2f52-f4a3-164e-3fc995b4bfc4" executionId="c45bf6f3-30b3-491e-aac0-71c580e4c577" testListId="8c84fa94-04c1-424b-9868-57a2d4851a1d" />
    <TestEntry testId="aac946e7-c21e-0fab-5585-3a355bdc1d40" executionId="94cb2e5d-adac-449f-a2a1-bcd4aac1f381" testListId="8c84fa94-04c1-424b-9868-57a2d4851a1d" />
    <TestEntry testId="46027892-420d-4502-59c5-18418d2a2257" executionId="5c947c6d-bdbe-4e16-b4c4-f011bc66a51a" testListId="8c84fa94-04c1-424b-9868-57a2d4851a1d" />
    <TestEntry testId="fb12a45f-e00b-ba7f-6773-a1c047514c81" executionId="dcddbf14-0afa-4acd-bb80-adad5ed1e16a" testListId="8c84fa94-04c1-424b-9868-57a2d4851a1d" />
    <TestEntry testId="8079de8f-f0df-6ac6-461b-ddb887859bfe" executionId="3cd636c8-6c7a-447d-9809-d88fc0247ecd" testListId="8c84fa94-04c1-424b-9868-57a2d4851a1d" />
    <TestEntry testId="abaa0fb6-9b6a-2c30-af11-e003a576c6a6" executionId="a6517321-bf3a-4054-9b98-da686e1c3459" testListId="8c84fa94-04c1-424b-9868-57a2d4851a1d" />
    <TestEntry testId="3df1e46d-4265-9c4b-8aae-0a8052487f66" executionId="18a08018-fc50-4dd1-a130-c02a4c412e96" testListId="8c84fa94-04c1-424b-9868-57a2d4851a1d" />
    <TestEntry testId="8d8bb28b-c96b-7c96-82f9-2f5d5cd133a4" executionId="63d62f4a-e71d-4728-842b-43f5135e197a" testListId="8c84fa94-04c1-424b-9868-57a2d4851a1d" />
    <TestEntry testId="30c0fe40-dbaf-084d-fb6c-0bc34dcf7606" executionId="75b79138-1367-475d-84aa-01ac7a19916d" testListId="8c84fa94-04c1-424b-9868-57a2d4851a1d" />
    <TestEntry testId="20f8962c-5092-11a0-6422-f1f46c1e62a3" executionId="1c6dfb83-3631-4cb0-8355-6be2660bfdcb" testListId="8c84fa94-04c1-424b-9868-57a2d4851a1d" />
    <TestEntry testId="2605f120-228b-701d-b7e8-650173819492" executionId="b926fca6-0e01-41d6-ae3c-06cb18c0a197" testListId="8c84fa94-04c1-424b-9868-57a2d4851a1d" />
    <TestEntry testId="e06aa9c2-2f66-b89a-8e9f-e1f5d3b102d6" executionId="c0b0317d-d9b5-4833-baa3-bbc776fc1dc8" testListId="8c84fa94-04c1-424b-9868-57a2d4851a1d" />
    <TestEntry testId="ebd932fc-384b-2ed8-74b5-1ae678346fad" executionId="5755ddca-6c1c-4f09-b5fd-42717ef25b09" testListId="8c84fa94-04c1-424b-9868-57a2d4851a1d" />
    <TestEntry testId="137ad688-21c5-7950-f5f5-f73ab8951791" executionId="30656275-ddb6-4f79-b2f7-f8c681146176" testListId="8c84fa94-04c1-424b-9868-57a2d4851a1d" />
    <TestEntry testId="70239cb1-bb29-2718-47f7-8af376b9afbe" executionId="0555add3-7353-4b38-bde1-ce293939b32b" testListId="8c84fa94-04c1-424b-9868-57a2d4851a1d" />
    <TestEntry testId="6b423d08-c227-f5f8-3808-2400a4c07d70" executionId="73f5bac1-74e7-4637-ba64-d74d6e7ee471" testListId="8c84fa94-04c1-424b-9868-57a2d4851a1d" />
    <TestEntry testId="2698abb0-970e-68a1-e045-11a57211a3c2" executionId="431d693d-cb23-4c0e-b2fb-943e110f150b" testListId="8c84fa94-04c1-424b-9868-57a2d4851a1d" />
    <TestEntry testId="ea205de9-6749-c7ef-14e7-22264f57c46c" executionId="cce9af79-4716-467c-b5a6-09af9c3af1d4" testListId="8c84fa94-04c1-424b-9868-57a2d4851a1d" />
    <TestEntry testId="4042113f-4b83-0085-6b09-7141055d9279" executionId="19d4ce9a-11fd-4f3a-9b84-f5a0e5495ffe" testListId="8c84fa94-04c1-424b-9868-57a2d4851a1d" />
    <TestEntry testId="c22901ef-4efe-dbaf-3e73-8ce1b3fe2392" executionId="beb39e3d-5b5f-4739-93ee-c8fc2d0ad236" testListId="8c84fa94-04c1-424b-9868-57a2d4851a1d" />
    <TestEntry testId="19754d99-5a9a-8b2e-522b-5437c09b728b" executionId="d3c61c7a-7a11-4166-b0f7-3bb29f75ee0a" testListId="8c84fa94-04c1-424b-9868-57a2d4851a1d" />
    <TestEntry testId="b7cf3514-530d-1e86-1272-e0c2103bf312" executionId="cb413560-7e76-4491-a2f2-55d3af5ef096" testListId="8c84fa94-04c1-424b-9868-57a2d4851a1d" />
    <TestEntry testId="9dd600bd-7eff-5241-1cff-fe245da5daab" executionId="74aa1e10-841d-430e-be53-a57c73ed8717" testListId="8c84fa94-04c1-424b-9868-57a2d4851a1d" />
    <TestEntry testId="775bb72a-5183-39b4-039e-e0e23a1976ab" executionId="ecb59b1e-93d4-4310-94d7-7ceec0ec771e" testListId="8c84fa94-04c1-424b-9868-57a2d4851a1d" />
    <TestEntry testId="15c8ff39-d173-a012-a398-b8dcf40711af" executionId="c20d810f-b3ad-4bbb-9a21-0bdd8cf844d2" testListId="8c84fa94-04c1-424b-9868-57a2d4851a1d" />
    <TestEntry testId="9a55c708-d962-076a-f8e4-d8ec5dc295cc" executionId="2030e0d1-1122-47e3-98c1-8b5c0d0a4a28" testListId="8c84fa94-04c1-424b-9868-57a2d4851a1d" />
    <TestEntry testId="cf98c7bf-0c18-8bef-f9b4-06b50799a21c" executionId="65e501c4-75a5-4bfb-bc4f-d25c9bbb1168" testListId="8c84fa94-04c1-424b-9868-57a2d4851a1d" />
    <TestEntry testId="4e2eb5fa-c2ba-a2ca-9cc3-2b7a38a14ebf" executionId="ad8ce9a0-8f4d-4bd0-adcd-1f833490eb92" testListId="8c84fa94-04c1-424b-9868-57a2d4851a1d" />
    <TestEntry testId="25894435-1855-c2d6-e621-cd9632fe96ea" executionId="c212cec4-b5ff-4d69-8ffb-d6c05354afd3" testListId="8c84fa94-04c1-424b-9868-57a2d4851a1d" />
    <TestEntry testId="9040409d-ff41-1ee4-3413-41859d6b3560" executionId="7c089de2-38b3-4b3b-a7d6-82f9ab4e5470" testListId="8c84fa94-04c1-424b-9868-57a2d4851a1d" />
    <TestEntry testId="41f86925-900c-d030-da0d-121d966754ef" executionId="605c5d44-38bd-47c8-ad73-9c0e21fe9929" testListId="8c84fa94-04c1-424b-9868-57a2d4851a1d" />
    <TestEntry testId="10824584-b0ef-c30e-5e75-e9428713871e" executionId="cefb2f09-56c6-49d1-a497-15cc577daedb" testListId="8c84fa94-04c1-424b-9868-57a2d4851a1d" />
    <TestEntry testId="ee55fce2-f1e0-e02e-131a-8b7e8d63f669" executionId="00950c8d-5df3-40a8-b707-30253f208a3a" testListId="8c84fa94-04c1-424b-9868-57a2d4851a1d" />
    <TestEntry testId="a99a19d5-d38e-a036-6805-96140b18d0f5" executionId="835a7b27-c119-4ee4-8902-146ce6cf791d" testListId="8c84fa94-04c1-424b-9868-57a2d4851a1d" />
    <TestEntry testId="a4a444d2-a093-0e84-3156-18ce740a830e" executionId="634dd779-b364-43dc-9c29-6ff373109687" testListId="8c84fa94-04c1-424b-9868-57a2d4851a1d" />
    <TestEntry testId="8ce8a134-b594-8a0e-fee7-c4fad8487f31" executionId="43f45ab7-0ab2-4de2-9e47-d3caebb4dd12" testListId="8c84fa94-04c1-424b-9868-57a2d4851a1d" />
    <TestEntry testId="7c611c07-a440-4519-e7e8-8b4d3c72ab3f" executionId="a7a43121-0178-4353-bb3b-9f653ee964aa" testListId="8c84fa94-04c1-424b-9868-57a2d4851a1d" />
    <TestEntry testId="30d72bb8-bb99-a497-ea48-8dc8e58a3e0d" executionId="c5c58d38-186d-4263-aafe-f60f6e978a90" testListId="8c84fa94-04c1-424b-9868-57a2d4851a1d" />
    <TestEntry testId="8ab69463-7ecf-1f86-4159-d154b370e1e0" executionId="470cb047-efcb-4b3d-8480-bd284138f0d2" testListId="8c84fa94-04c1-424b-9868-57a2d4851a1d" />
    <TestEntry testId="0d3fa6f1-907f-8319-f20a-9dc83eb7dd3f" executionId="9b8d4447-0c59-4573-8933-2125b7081401" testListId="8c84fa94-04c1-424b-9868-57a2d4851a1d" />
    <TestEntry testId="0b3147f4-13ce-8c2b-1ed2-91ce468d31a1" executionId="2d4584e4-6bec-485f-ac87-fc56ae200bd2" testListId="8c84fa94-04c1-424b-9868-57a2d4851a1d" />
    <TestEntry testId="0c4f1f0a-95e3-bfb5-a831-a21137fae764" executionId="7552263c-3717-4f32-aae6-78f767394b2c" testListId="8c84fa94-04c1-424b-9868-57a2d4851a1d" />
    <TestEntry testId="a15ebbdc-1135-c3e6-aa16-da54eb3856ea" executionId="adbd5058-0873-4394-948a-1df5a4b6d6c9" testListId="8c84fa94-04c1-424b-9868-57a2d4851a1d" />
    <TestEntry testId="4ebed83d-6835-8971-b4b9-e9a7030b58d9" executionId="45106c32-74a5-47ff-b230-82d0abc1b085" testListId="8c84fa94-04c1-424b-9868-57a2d4851a1d" />
    <TestEntry testId="3edc7d70-d2cc-b78d-21c0-d53a11fde45f" executionId="9af96830-3db2-427e-9e94-e030157fd3ab" testListId="8c84fa94-04c1-424b-9868-57a2d4851a1d" />
    <TestEntry testId="94902b9c-8ccb-9e95-a875-a13953f7dd4e" executionId="5af248c8-42d6-444b-aef0-7e659bc34bcd" testListId="8c84fa94-04c1-424b-9868-57a2d4851a1d" />
    <TestEntry testId="b201038f-d230-3fcc-a842-1395635e3b05" executionId="3dd12669-a43a-4182-8d30-0a37d5308100" testListId="8c84fa94-04c1-424b-9868-57a2d4851a1d" />
    <TestEntry testId="900cf850-1dbc-b7b5-448d-c8b60857d7c5" executionId="e4f57974-f155-4bdd-b326-2d470ffcd674" testListId="8c84fa94-04c1-424b-9868-57a2d4851a1d" />
    <TestEntry testId="88e33ecc-1d69-5a15-9df5-5b622ecf64fa" executionId="b3523629-fc3b-4303-a322-0d42c9db452e" testListId="8c84fa94-04c1-424b-9868-57a2d4851a1d" />
    <TestEntry testId="274c137f-2a4d-ebfe-99a3-10f166ce5eef" executionId="e309c325-6869-4c92-9311-f770325cbe3f" testListId="8c84fa94-04c1-424b-9868-57a2d4851a1d" />
    <TestEntry testId="898e1435-3690-2fd5-8ce0-e6d73cc3d59c" executionId="0d945ebd-4b0f-4770-8103-9278554c02cd" testListId="8c84fa94-04c1-424b-9868-57a2d4851a1d" />
    <TestEntry testId="8e5f2ed4-bf7a-d0e0-4d73-7a0ac5ae0304" executionId="78627005-1979-4586-839b-970fcb3752f5" testListId="8c84fa94-04c1-424b-9868-57a2d4851a1d" />
    <TestEntry testId="2c7e5e56-c744-0a96-502d-e9f5dabd4e46" executionId="fd0932d1-c3fa-4a54-b5ac-5aab1942663c" testListId="8c84fa94-04c1-424b-9868-57a2d4851a1d" />
    <TestEntry testId="f9209f61-9c57-ae25-9c7a-160281aa2755" executionId="1f9dce83-402d-4ce5-a50a-706bd74747fc" testListId="8c84fa94-04c1-424b-9868-57a2d4851a1d" />
    <TestEntry testId="df23d5d9-66a0-42bc-fea4-a9b6e4e25e75" executionId="e2c10a18-50a4-4a2f-998f-c28977f568dc" testListId="8c84fa94-04c1-424b-9868-57a2d4851a1d" />
    <TestEntry testId="acdeebda-dc97-a730-f72b-8adad6d72a12" executionId="1d3af07a-b24c-4adb-b23e-d0017275aab6" testListId="8c84fa94-04c1-424b-9868-57a2d4851a1d" />
    <TestEntry testId="9ad53845-14f4-c284-f6a5-248e9e3aba27" executionId="7f606076-3a98-4dcc-9c22-0e3723f9a399" testListId="8c84fa94-04c1-424b-9868-57a2d4851a1d" />
    <TestEntry testId="dbfbfac9-0b64-ce92-36c4-cd97af6f6704" executionId="d79b92fd-f96e-490d-b542-9ab589bada54" testListId="8c84fa94-04c1-424b-9868-57a2d4851a1d" />
    <TestEntry testId="bdf1081a-26c2-c8c7-9407-30b311fea481" executionId="841fde34-a216-41bf-a75f-9baba96aadcd" testListId="8c84fa94-04c1-424b-9868-57a2d4851a1d" />
    <TestEntry testId="dca76539-28aa-3685-bd41-315f80308950" executionId="ced0bf32-eac5-4747-a3a3-b08dd72bf9ca" testListId="8c84fa94-04c1-424b-9868-57a2d4851a1d" />
    <TestEntry testId="1b0c58e8-3ac0-6e55-13a6-976f6994288a" executionId="a97b8a46-b5ab-42ce-baef-b70f6f984825" testListId="8c84fa94-04c1-424b-9868-57a2d4851a1d" />
    <TestEntry testId="1109a24e-6a8a-6b7e-ba0b-d040bc00fa21" executionId="092343ad-57ac-47e9-ba4e-aa50ab64431d" testListId="8c84fa94-04c1-424b-9868-57a2d4851a1d" />
    <TestEntry testId="8bf51081-fafc-8979-8161-7893d9418115" executionId="32e43820-fa73-4a10-92a8-1c3591cb061a" testListId="8c84fa94-04c1-424b-9868-57a2d4851a1d" />
    <TestEntry testId="04e6627c-fea8-4a3b-5994-ffc3bbebad08" executionId="7e31a863-50a4-46a4-a5a2-477bf2b92004" testListId="8c84fa94-04c1-424b-9868-57a2d4851a1d" />
    <TestEntry testId="c14017f0-ad81-ccaa-1f10-437776dc6ea8" executionId="74c0a1fc-f898-4508-88a1-c320285ff5ec" testListId="8c84fa94-04c1-424b-9868-57a2d4851a1d" />
    <TestEntry testId="87851395-fcf5-2604-9c3a-1f8aa7d9888b" executionId="4cec9508-1dce-496e-b0b7-c083587772eb" testListId="8c84fa94-04c1-424b-9868-57a2d4851a1d" />
    <TestEntry testId="47858b52-dec3-79cc-8ffc-6f311ff9916e" executionId="75428314-b9c5-4ca8-82b1-2f25179b8681" testListId="8c84fa94-04c1-424b-9868-57a2d4851a1d" />
    <TestEntry testId="1cab35a8-b0c5-387d-68e8-13b5d64c34a9" executionId="a506aca2-9f91-4bab-91a2-dd4b040df762" testListId="8c84fa94-04c1-424b-9868-57a2d4851a1d" />
    <TestEntry testId="2c375059-c2c0-ba34-5158-7a6baae556a6" executionId="93399ae1-9e97-4339-aa85-bfd997ccb936" testListId="8c84fa94-04c1-424b-9868-57a2d4851a1d" />
    <TestEntry testId="961e74af-cf3b-f482-5921-8b5ffbc3313d" executionId="bdf93d37-953f-4b46-a660-003941e83d08" testListId="8c84fa94-04c1-424b-9868-57a2d4851a1d" />
    <TestEntry testId="972f9fed-3d68-00b6-f92a-5aba0bc45ad4" executionId="90013b4b-25cc-4e60-81da-956de897289b" testListId="8c84fa94-04c1-424b-9868-57a2d4851a1d" />
    <TestEntry testId="52c0751c-fa17-4f18-620a-1832d6f071ad" executionId="c1ff077e-8066-4dcc-be07-e4c631f00ed5" testListId="8c84fa94-04c1-424b-9868-57a2d4851a1d" />
    <TestEntry testId="6785586f-25cc-0aad-243a-6c4cd6551188" executionId="dafb5ac7-1c33-4d2b-87e3-b3a694d12a19" testListId="8c84fa94-04c1-424b-9868-57a2d4851a1d" />
    <TestEntry testId="521bdd45-0d41-c462-176b-42a5e54cc114" executionId="bdb2ee9d-255f-4631-9c64-a29a68b9712b" testListId="8c84fa94-04c1-424b-9868-57a2d4851a1d" />
    <TestEntry testId="b7ec63b1-0492-6e05-fe11-6e2f7a61b929" executionId="d366380e-1e23-4e48-b809-4af6388c0aa7" testListId="8c84fa94-04c1-424b-9868-57a2d4851a1d" />
    <TestEntry testId="e917a4a1-2ad0-15a4-edb3-95b628e78bf0" executionId="9617631f-95b8-4fb8-b21d-6ea467effd41" testListId="8c84fa94-04c1-424b-9868-57a2d4851a1d" />
    <TestEntry testId="1391fee0-5b61-1dfa-44f2-d6df660a3b0b" executionId="d646fe1c-c1db-4b6f-b61a-603067715735" testListId="8c84fa94-04c1-424b-9868-57a2d4851a1d" />
    <TestEntry testId="b8bd6f81-a5e9-d969-ad7d-d2c75c8084ad" executionId="768f342e-2cd8-4b3f-9164-8a83ea276e0d" testListId="8c84fa94-04c1-424b-9868-57a2d4851a1d" />
    <TestEntry testId="091530ba-fe2f-c00c-1db1-cb3e585f294c" executionId="ec0ddef0-8ceb-44b7-bb67-cd0121e6019e" testListId="8c84fa94-04c1-424b-9868-57a2d4851a1d" />
    <TestEntry testId="1225bd79-d039-d362-fc23-701b362c77ef" executionId="49515345-fe60-4f22-bf22-a22cc5e18098" testListId="8c84fa94-04c1-424b-9868-57a2d4851a1d" />
    <TestEntry testId="b1bae6dc-1810-1869-9eec-e31fd719e07b" executionId="ca2680ea-2a68-4c23-8779-01b702ae95f5" testListId="8c84fa94-04c1-424b-9868-57a2d4851a1d" />
    <TestEntry testId="a48d558c-8190-a77f-a87d-a0c438140dd6" executionId="9b5b42d9-88dc-44f1-98d1-8f2cd4338662" testListId="8c84fa94-04c1-424b-9868-57a2d4851a1d" />
    <TestEntry testId="dfff711d-2880-9857-f959-f5692bac9747" executionId="608ff6d2-5f0b-442f-a8e0-4e313a19ebbe" testListId="8c84fa94-04c1-424b-9868-57a2d4851a1d" />
    <TestEntry testId="e305d0ec-3740-626b-6cd2-4ec9b6f5d763" executionId="d6c67e27-0c10-45bf-957e-bd6997f56535" testListId="8c84fa94-04c1-424b-9868-57a2d4851a1d" />
    <TestEntry testId="b9e21d8c-3ddd-a1c0-4f8b-75ec7a46549b" executionId="1d76be6a-7f10-46b3-92f8-e6acb1011c7e" testListId="8c84fa94-04c1-424b-9868-57a2d4851a1d" />
    <TestEntry testId="d4d79da0-b2ef-366b-9228-bab94436f448" executionId="eb75cf9a-35cb-44b8-b2a1-c69514cb942d" testListId="8c84fa94-04c1-424b-9868-57a2d4851a1d" />
    <TestEntry testId="efd5dbba-a9b7-a6ae-47b6-e9f23eff0b26" executionId="b17bc86b-569e-4bff-9377-13c8a58df2f3" testListId="8c84fa94-04c1-424b-9868-57a2d4851a1d" />
    <TestEntry testId="33412608-e208-2cc9-991c-3029e8717790" executionId="dae7cbfa-f181-46af-bc79-5356c9071220" testListId="8c84fa94-04c1-424b-9868-57a2d4851a1d" />
    <TestEntry testId="f97c07d6-c79e-6792-aec5-40cae13baf91" executionId="b779faa1-19b8-4aa2-86ef-ac1a421adcda" testListId="8c84fa94-04c1-424b-9868-57a2d4851a1d" />
    <TestEntry testId="2a381028-e7d6-b17f-b4fe-2917fe968631" executionId="fe638b36-7c69-4199-a908-82e977e2a45f" testListId="8c84fa94-04c1-424b-9868-57a2d4851a1d" />
    <TestEntry testId="246ae01f-d162-d755-db6d-d087eacbfb62" executionId="a0028e08-c2a7-4cff-ac6b-ea4de30c1b16" testListId="8c84fa94-04c1-424b-9868-57a2d4851a1d" />
    <TestEntry testId="f1a27f63-14ad-6394-e19e-207bf0a14e39" executionId="87e6c27c-aa27-475a-b8eb-bf48359bee5f" testListId="8c84fa94-04c1-424b-9868-57a2d4851a1d" />
    <TestEntry testId="d1feca10-b072-e0a6-da9f-2f41bfdf07c2" executionId="a4547d61-42c2-4aec-927c-85977abe8c94" testListId="8c84fa94-04c1-424b-9868-57a2d4851a1d" />
    <TestEntry testId="2580aeca-e356-6765-6580-fe71204d9b54" executionId="2bbc8f65-7286-4fde-8e03-a73d3a7c8dfd" testListId="8c84fa94-04c1-424b-9868-57a2d4851a1d" />
    <TestEntry testId="c00250a9-ac70-9935-505f-dcd62ec7e2c8" executionId="828ae324-1195-4d25-9be0-0cda87315c4d" testListId="8c84fa94-04c1-424b-9868-57a2d4851a1d" />
    <TestEntry testId="4fadf45a-56f2-c010-4098-8fe90cd2a5e3" executionId="0dfd88f8-6a06-4b24-96c2-3c66c27095b8" testListId="8c84fa94-04c1-424b-9868-57a2d4851a1d" />
    <TestEntry testId="26fa2272-a607-859c-73fa-9a3b57cf6e18" executionId="4f6bdc3c-64f6-4868-ad4c-014db3a5a4d8" testListId="8c84fa94-04c1-424b-9868-57a2d4851a1d" />
    <TestEntry testId="020e038a-8ceb-41f3-89c9-ee68c3eb6e0a" executionId="4a0dcbd8-2645-4650-8019-5ed85d54c72b" testListId="8c84fa94-04c1-424b-9868-57a2d4851a1d" />
    <TestEntry testId="c3fd9cbf-6feb-180c-d830-cea33df94a10" executionId="5ec0f700-e090-4b56-bf8e-f1e38e00c05a" testListId="8c84fa94-04c1-424b-9868-57a2d4851a1d" />
    <TestEntry testId="7afd44d1-6cdf-409d-7077-63d339735f4e" executionId="52488ac3-243f-428f-9530-7eb92d0aefc5" testListId="8c84fa94-04c1-424b-9868-57a2d4851a1d" />
    <TestEntry testId="34196a27-ceec-877a-1534-0ad13ef02f8e" executionId="f1cb08eb-a3d0-4106-bc36-e3bd6cde867a" testListId="8c84fa94-04c1-424b-9868-57a2d4851a1d" />
    <TestEntry testId="3bf901ad-8957-ad5e-296f-dd63c0fdc478" executionId="76288f4d-2281-4207-90c4-475c97d8e6dd" testListId="8c84fa94-04c1-424b-9868-57a2d4851a1d" />
    <TestEntry testId="c943880c-92b5-0eac-bae2-657d33d02b76" executionId="1e61bd92-27ea-47ca-b74d-7dd6d40d211b" testListId="8c84fa94-04c1-424b-9868-57a2d4851a1d" />
    <TestEntry testId="11d85555-65ed-241f-da81-973daee73f7e" executionId="24f7b55e-57ea-44eb-87ca-ac578dc2f97c" testListId="8c84fa94-04c1-424b-9868-57a2d4851a1d" />
    <TestEntry testId="e5847aa1-876b-7024-6828-4efbdc1d0e5a" executionId="607c0c63-4d44-496e-ac5b-17a9c74991a8" testListId="8c84fa94-04c1-424b-9868-57a2d4851a1d" />
    <TestEntry testId="dc5fe6b3-eebf-53e9-38d5-0e5a011c216c" executionId="47e786c5-5e45-4026-a07e-4ad53a31a778" testListId="8c84fa94-04c1-424b-9868-57a2d4851a1d" />
    <TestEntry testId="57cafb90-8600-81f7-33df-07cc1aad79dc" executionId="2b0644e6-0356-402c-9b2c-5e52308854e6" testListId="8c84fa94-04c1-424b-9868-57a2d4851a1d" />
    <TestEntry testId="1f9e80a4-fbe0-8d4f-70fb-4fbd1e9ef2bf" executionId="0211215b-3be4-4c05-85e6-8eab86ff8cad" testListId="8c84fa94-04c1-424b-9868-57a2d4851a1d" />
    <TestEntry testId="4efece0c-610b-ae49-3b7c-a171e539941a" executionId="a1af04e1-d48a-48e9-a459-1fd54d32ee19" testListId="8c84fa94-04c1-424b-9868-57a2d4851a1d" />
    <TestEntry testId="947db48e-1376-6f82-4699-fabe624cbabf" executionId="f1eeb192-4f42-4741-b21d-d01838fa03a0" testListId="8c84fa94-04c1-424b-9868-57a2d4851a1d" />
    <TestEntry testId="54594980-824f-3671-8585-c0ee0df957ef" executionId="f6006a15-cfe3-4e83-bd2b-188734650e87" testListId="8c84fa94-04c1-424b-9868-57a2d4851a1d" />
    <TestEntry testId="9582ffe9-d918-4b32-473f-0c994763e9b6" executionId="cbf2ea3e-1f8e-4eb7-9b66-b5649ba65194" testListId="8c84fa94-04c1-424b-9868-57a2d4851a1d" />
    <TestEntry testId="cad1cfa7-3b93-a8d3-5efb-8a137a6eec78" executionId="0d2e0eda-2fb2-40ae-83b6-8523a91d6167" testListId="8c84fa94-04c1-424b-9868-57a2d4851a1d" />
    <TestEntry testId="a4899625-05e4-8e51-0df7-376834f8676c" executionId="90bf67b0-79a9-424b-ba6a-a5be43f9c204" testListId="8c84fa94-04c1-424b-9868-57a2d4851a1d" />
    <TestEntry testId="d131dd26-db8b-de9b-d86a-4b7b06f36702" executionId="9a395734-195d-4e72-a922-9909f90efb74" testListId="8c84fa94-04c1-424b-9868-57a2d4851a1d" />
    <TestEntry testId="1f015b0c-07e3-2dd6-685e-bb75494d743a" executionId="d136e23f-d008-485c-b37c-bde3f6218a71" testListId="8c84fa94-04c1-424b-9868-57a2d4851a1d" />
    <TestEntry testId="f1425c4d-1be6-14bd-738b-4e89531d196e" executionId="c0f36f9c-c48c-4bb6-a841-38463359b499" testListId="8c84fa94-04c1-424b-9868-57a2d4851a1d" />
    <TestEntry testId="519f72f5-8881-b81f-fec6-f0bb7ca646da" executionId="7bf5ed9e-9d62-4b54-9f4b-15be449b006e" testListId="8c84fa94-04c1-424b-9868-57a2d4851a1d" />
    <TestEntry testId="ac65f872-586a-672d-5e21-8e896a1efa14" executionId="d7f2b8ea-7f85-47bd-a973-320a678dbdf2" testListId="8c84fa94-04c1-424b-9868-57a2d4851a1d" />
    <TestEntry testId="750aa28d-bc88-df57-e7bf-5774e0035ab5" executionId="0081ee0c-1be1-4e9b-ab1b-c0a59e7a81b0" testListId="8c84fa94-04c1-424b-9868-57a2d4851a1d" />
    <TestEntry testId="c9dae091-cbd1-5009-1467-3b9be0c62c7d" executionId="f035fab3-26a9-4e5c-8967-6aaffed502f1" testListId="8c84fa94-04c1-424b-9868-57a2d4851a1d" />
    <TestEntry testId="b721be24-13b4-333b-637c-1858551e46e9" executionId="91ba11a1-5d82-40d3-8009-b8a0f3d58cb8" testListId="8c84fa94-04c1-424b-9868-57a2d4851a1d" />
    <TestEntry testId="1fbb432e-553f-c32f-e56e-0a9a6e42ffe9" executionId="8aa65960-30bf-4c04-ac05-6e6ae30d86dc" testListId="8c84fa94-04c1-424b-9868-57a2d4851a1d" />
    <TestEntry testId="50e0d0eb-7245-8173-ffb3-7f134f8650a4" executionId="50e3b5eb-4d9f-45d3-b09d-0d2cd5232852" testListId="8c84fa94-04c1-424b-9868-57a2d4851a1d" />
    <TestEntry testId="74b7eab0-017c-ab67-0513-7a91e4a07ac5" executionId="b304c990-e4a5-4a87-885c-5bfd7eec1c7d" testListId="8c84fa94-04c1-424b-9868-57a2d4851a1d" />
    <TestEntry testId="fdb790fe-0df4-f51f-fe4f-df1e95a5f558" executionId="5ad57f81-ea91-471b-af7c-d97ff12def9b" testListId="8c84fa94-04c1-424b-9868-57a2d4851a1d" />
    <TestEntry testId="f37f5b79-d351-3e25-99e3-e4e60c5d6c6d" executionId="1ae5fa7d-93a8-47ea-8fe9-f9d384e6c190" testListId="8c84fa94-04c1-424b-9868-57a2d4851a1d" />
    <TestEntry testId="50e46cb8-cffb-3738-1400-fe8d93a5bf36" executionId="06a2ec1a-61a8-4943-b64c-62d544f5ab6f" testListId="8c84fa94-04c1-424b-9868-57a2d4851a1d" />
    <TestEntry testId="c2cd3012-87b0-efa0-222a-495ea1630f00" executionId="eacc60d7-9681-4fa3-9b66-02b9a4861e3a" testListId="8c84fa94-04c1-424b-9868-57a2d4851a1d" />
    <TestEntry testId="75298519-94ad-3cd1-9290-eb24793f55a6" executionId="5c61e0f9-7ea8-4f1f-8611-e0edc147c4cd" testListId="8c84fa94-04c1-424b-9868-57a2d4851a1d" />
    <TestEntry testId="bfeca7aa-7f49-d61b-b07c-fa8ced01b767" executionId="8cd758a7-21c8-461d-ac8d-ff32d14f41fb" testListId="8c84fa94-04c1-424b-9868-57a2d4851a1d" />
    <TestEntry testId="3764f41b-f9cb-0885-316f-a957903d1b79" executionId="4bee81ee-30ac-40ad-9e60-29a8a2cd9745" testListId="8c84fa94-04c1-424b-9868-57a2d4851a1d" />
    <TestEntry testId="93a44ca8-76fe-bb9b-ae02-8cb54081d6e2" executionId="9f0281df-0b90-46ce-8e88-d297586b5da8" testListId="8c84fa94-04c1-424b-9868-57a2d4851a1d" />
    <TestEntry testId="628acf57-7e99-e0c2-5d80-a39c1d7710ca" executionId="e4b4e662-5d56-4d3e-83b9-0b796b1f2206" testListId="8c84fa94-04c1-424b-9868-57a2d4851a1d" />
    <TestEntry testId="312c4b40-7d4e-1752-8bba-9dfd52ec4390" executionId="5b8a3d42-bf31-439b-8970-793ed50e7a66" testListId="8c84fa94-04c1-424b-9868-57a2d4851a1d" />
    <TestEntry testId="0ffefbd3-a6e7-d608-090a-0192afaa4d82" executionId="506a66e3-9ff2-4c85-8d0e-1b4bad9c341b" testListId="8c84fa94-04c1-424b-9868-57a2d4851a1d" />
    <TestEntry testId="573ccc51-de6a-4489-8685-b9e8d56f7af4" executionId="c3781bd5-24ba-4983-805e-4afee1cf0de2" testListId="8c84fa94-04c1-424b-9868-57a2d4851a1d" />
    <TestEntry testId="cfdacb90-642d-2b9e-da19-1905d7ba1892" executionId="0eb0e936-850d-40c3-b73a-82abe2bf48a7" testListId="8c84fa94-04c1-424b-9868-57a2d4851a1d" />
    <TestEntry testId="8344f76a-2b82-d12a-fea3-dc428798b826" executionId="673fa697-a588-4a27-a0ca-fd70a53841b8" testListId="8c84fa94-04c1-424b-9868-57a2d4851a1d" />
    <TestEntry testId="824726c2-43c6-84ce-f1b2-7be76f2ed9ef" executionId="116395ae-a7b6-42c6-9e4c-9a9ea741408f" testListId="8c84fa94-04c1-424b-9868-57a2d4851a1d" />
    <TestEntry testId="3b988a63-fef4-339e-a743-51559db35a54" executionId="074733cc-1e89-44b4-af42-e301dfcd66ee" testListId="8c84fa94-04c1-424b-9868-57a2d4851a1d" />
    <TestEntry testId="89ea8517-ba94-19d6-fc04-c6e2ee009c09" executionId="fb4ac4b9-d798-467b-8b63-6a80dd5669f3" testListId="8c84fa94-04c1-424b-9868-57a2d4851a1d" />
    <TestEntry testId="f61ab098-e5a8-c322-1966-eafc396e82e7" executionId="c5b0f1e9-1e03-4d62-8db9-c0a8b9107974" testListId="8c84fa94-04c1-424b-9868-57a2d4851a1d" />
    <TestEntry testId="21b559ad-df62-fa28-7456-d3ae515b37f4" executionId="f3de15ca-913e-4171-972e-7c4d4fcd583c" testListId="8c84fa94-04c1-424b-9868-57a2d4851a1d" />
    <TestEntry testId="2dcffbb8-8fa5-47a6-b32e-a51aa99ef28f" executionId="4f3390d0-f359-4c2a-8fda-8e22898aa6ef" testListId="8c84fa94-04c1-424b-9868-57a2d4851a1d" />
    <TestEntry testId="cbac9dff-c46f-1fae-a420-d6e5e875cd44" executionId="a8a38003-67cb-4bc6-9941-a2c134329b93" testListId="8c84fa94-04c1-424b-9868-57a2d4851a1d" />
    <TestEntry testId="8e1cd980-f0bb-93ca-77d0-9148ca9c4d67" executionId="006d69da-308c-43f7-9079-b2eaf2cdc70a" testListId="8c84fa94-04c1-424b-9868-57a2d4851a1d" />
    <TestEntry testId="67bcce03-d474-bfa1-ea71-cde16b0abd49" executionId="72b6474d-76a0-4cf2-b20c-4fbb417f3cbf" testListId="8c84fa94-04c1-424b-9868-57a2d4851a1d" />
    <TestEntry testId="fe6f8eb7-9e45-eeda-d481-7ce0c15e65c1" executionId="66ee29b6-6fc8-42f3-af5d-0b7ee115b54f" testListId="8c84fa94-04c1-424b-9868-57a2d4851a1d" />
    <TestEntry testId="ded4c552-7c82-c874-2cd1-b418656e588e" executionId="efffdd49-edd8-4a79-845e-87e0499a974d" testListId="8c84fa94-04c1-424b-9868-57a2d4851a1d" />
    <TestEntry testId="4e8c6090-82a1-d6a7-276a-839ec57dd1d4" executionId="30380535-e491-4ece-98f4-509cd557a422" testListId="8c84fa94-04c1-424b-9868-57a2d4851a1d" />
    <TestEntry testId="6cf73013-a34f-7368-24a1-ab32cf20292a" executionId="b698e737-afb4-4774-9bd8-0047c9ac9bfe" testListId="8c84fa94-04c1-424b-9868-57a2d4851a1d" />
    <TestEntry testId="4258ec35-f944-5fda-746a-95233f9dcbef" executionId="27a4ee7a-511e-4a7d-b5e0-a2125d519e4f" testListId="8c84fa94-04c1-424b-9868-57a2d4851a1d" />
    <TestEntry testId="a893537d-e6d4-68f8-c84b-dc52a5a7bdbd" executionId="230bba7a-afc2-4ef3-8416-16cffe1a1512" testListId="8c84fa94-04c1-424b-9868-57a2d4851a1d" />
    <TestEntry testId="e9ea5347-0b8e-820b-619d-2931921f2a9d" executionId="7408356a-9f1a-4155-8fb4-1a75bd3a593b" testListId="8c84fa94-04c1-424b-9868-57a2d4851a1d" />
    <TestEntry testId="9402c974-f17c-f131-5a68-cca76bafe09d" executionId="07cdad92-9d91-4429-932e-57ee29ab0d41" testListId="8c84fa94-04c1-424b-9868-57a2d4851a1d" />
    <TestEntry testId="c54eb969-a3de-aa48-d99a-d442654c6d39" executionId="b6d1bb0a-cf63-4287-8697-07ff7f1c2fad" testListId="8c84fa94-04c1-424b-9868-57a2d4851a1d" />
    <TestEntry testId="4625213c-c4c6-194d-1838-c46fdcca2107" executionId="589df31f-ff32-4fa5-a7d5-968f1981ba4e" testListId="8c84fa94-04c1-424b-9868-57a2d4851a1d" />
    <TestEntry testId="5ceb6db9-46b0-6675-2a85-42305df4f4fe" executionId="393d8fff-c594-443a-9695-bc7a1db5346d" testListId="8c84fa94-04c1-424b-9868-57a2d4851a1d" />
    <TestEntry testId="9ae42ec2-98be-00f5-c3e2-5fe90424eff6" executionId="f234d236-34fc-41c5-afc7-d9d67aeed61c" testListId="8c84fa94-04c1-424b-9868-57a2d4851a1d" />
    <TestEntry testId="5801ef8b-052a-68b8-ec21-3bcee9ec2291" executionId="317b0df9-f5a8-4763-af9c-ea4f20933574" testListId="8c84fa94-04c1-424b-9868-57a2d4851a1d" />
    <TestEntry testId="199b66d3-ae3f-aade-849f-dd6e71b6b64c" executionId="8c59c46e-44bb-4540-820d-5c14c35c48bb" testListId="8c84fa94-04c1-424b-9868-57a2d4851a1d" />
    <TestEntry testId="08c2e0c0-1347-5284-6bb8-16e1c89ccb18" executionId="1f05890a-cfd7-4d78-98eb-82653c752e6f" testListId="8c84fa94-04c1-424b-9868-57a2d4851a1d" />
    <TestEntry testId="8a96c2c9-6de7-92a2-677c-311c56f44dfb" executionId="53c8120c-f934-439a-bbe6-ef2185ec613f" testListId="8c84fa94-04c1-424b-9868-57a2d4851a1d" />
    <TestEntry testId="a2064a79-24aa-c417-4d4b-8e3f5ae86d9c" executionId="4a4a4eeb-998f-4644-a9b8-24e7389d9e18" testListId="8c84fa94-04c1-424b-9868-57a2d4851a1d" />
    <TestEntry testId="c5b4a8dc-2dec-bd0d-39d6-4cd447ff172b" executionId="b0a963b9-b0d7-4e6c-b664-1a2c80a1d768" testListId="8c84fa94-04c1-424b-9868-57a2d4851a1d" />
    <TestEntry testId="1160c5d9-3b03-8b7c-d2ae-f7a44929d311" executionId="88cf6ce8-e6f8-4254-a61b-0f45ed3ad080" testListId="8c84fa94-04c1-424b-9868-57a2d4851a1d" />
    <TestEntry testId="d8387385-ee97-e212-c9fc-5801ffa0d666" executionId="5b058400-8942-4bb9-b38c-4e0639e18f50" testListId="8c84fa94-04c1-424b-9868-57a2d4851a1d" />
    <TestEntry testId="607692ce-d9ad-913a-c01b-a726d8361c3f" executionId="bb2f38ab-354e-4a9f-8fc2-5572f94d9d54" testListId="8c84fa94-04c1-424b-9868-57a2d4851a1d" />
    <TestEntry testId="95bf7929-35e2-cfd9-e7a1-cdb3e56bc0fb" executionId="933857c9-202a-4bac-87f3-9102636475ea" testListId="8c84fa94-04c1-424b-9868-57a2d4851a1d" />
    <TestEntry testId="99f9fd62-ac7d-78fb-11ef-288f41ae274b" executionId="b9492417-b334-4f54-876c-65762df02082" testListId="8c84fa94-04c1-424b-9868-57a2d4851a1d" />
    <TestEntry testId="6e851fc6-093b-40f1-26c3-a3721c560c72" executionId="f235e1b6-bdcf-4b5d-8337-16eb772211b8" testListId="8c84fa94-04c1-424b-9868-57a2d4851a1d" />
    <TestEntry testId="bb207594-bb0f-fb30-170e-6bebf8c1e41d" executionId="25c9b22b-84a9-4422-953e-03c81d458d08" testListId="8c84fa94-04c1-424b-9868-57a2d4851a1d" />
    <TestEntry testId="746bd023-03df-7114-9f0e-7c5538738f75" executionId="dcc83168-b235-49f2-8c80-3d430f4bf06d" testListId="8c84fa94-04c1-424b-9868-57a2d4851a1d" />
    <TestEntry testId="5e41e430-2747-105c-57b9-110b878ed3bb" executionId="546daa54-833b-4581-90b0-6b7ce0cc4942" testListId="8c84fa94-04c1-424b-9868-57a2d4851a1d" />
    <TestEntry testId="5d294bba-2ebf-290a-e853-ad009704c202" executionId="908514e8-c6f3-49d8-ad94-a70b5585b201" testListId="8c84fa94-04c1-424b-9868-57a2d4851a1d" />
    <TestEntry testId="066390a6-0c18-98b7-6f8e-ce212a91b6c9" executionId="2d6e8d49-a4f4-47db-bf24-05a32dbbb712" testListId="8c84fa94-04c1-424b-9868-57a2d4851a1d" />
    <TestEntry testId="fedfa35e-6880-68f0-e203-0871803ddfef" executionId="30d4687e-ce34-442b-a97c-a6b04421cd09" testListId="8c84fa94-04c1-424b-9868-57a2d4851a1d" />
    <TestEntry testId="4842b873-c97f-c447-58e9-28fdcf7fe08e" executionId="aa523423-e7d7-4ada-9bbb-48ce96ae3f37" testListId="8c84fa94-04c1-424b-9868-57a2d4851a1d" />
    <TestEntry testId="7c79b127-b34c-0eb3-b547-ce4214dcdd77" executionId="c751be23-d368-401c-87d5-1247deb0f9e9" testListId="8c84fa94-04c1-424b-9868-57a2d4851a1d" />
    <TestEntry testId="d5120fcc-cbac-a310-957a-6519ed43b078" executionId="f3e4d546-aed0-48d3-8550-c44f94ed6c59" testListId="8c84fa94-04c1-424b-9868-57a2d4851a1d" />
    <TestEntry testId="10c9a457-cb36-9c66-57cc-73a8ab3286b0" executionId="2e62a212-69fd-4e20-ab6c-7913c652d263" testListId="8c84fa94-04c1-424b-9868-57a2d4851a1d" />
    <TestEntry testId="d34706a4-7950-d591-a268-b776543bf69d" executionId="1d6c40c0-a228-444e-b40b-75f04cf2d432" testListId="8c84fa94-04c1-424b-9868-57a2d4851a1d" />
    <TestEntry testId="3ec67fea-5dc6-222c-dc57-4a5c36836eb7" executionId="169f3323-97f0-4a0f-b671-8564f5d31aa3" testListId="8c84fa94-04c1-424b-9868-57a2d4851a1d" />
    <TestEntry testId="db14eb35-236b-6292-252b-84c5d540251e" executionId="a13d18ed-97ce-4809-82fa-e09c2c178887" testListId="8c84fa94-04c1-424b-9868-57a2d4851a1d" />
    <TestEntry testId="71fc6305-6d45-312e-3256-a6c3d4d7310c" executionId="d33b9f84-0077-44ea-afbf-bafc75ff0b02" testListId="8c84fa94-04c1-424b-9868-57a2d4851a1d" />
    <TestEntry testId="88f1d726-ecf3-6ece-4827-0194e8137033" executionId="5c9cc859-37e7-4ad6-971b-24d2aeb47187" testListId="8c84fa94-04c1-424b-9868-57a2d4851a1d" />
    <TestEntry testId="bf0e4b1f-683f-dc6c-89fe-c24204c6eb29" executionId="35a21fef-41de-49ce-92b7-9ded580f5e43" testListId="8c84fa94-04c1-424b-9868-57a2d4851a1d" />
    <TestEntry testId="1ac7044b-d9a1-7803-0a4f-ce737c5e24f1" executionId="52dfcb14-0eb3-4409-b854-a3d24c68b363" testListId="8c84fa94-04c1-424b-9868-57a2d4851a1d" />
    <TestEntry testId="a30fc66d-627a-89ef-95f1-4ebe1ee9d820" executionId="845bd52b-d87a-417f-b651-c7a7fdff5c72" testListId="8c84fa94-04c1-424b-9868-57a2d4851a1d" />
    <TestEntry testId="0c9aa8b6-9304-dd59-85f1-e44ef127992f" executionId="7e3291e0-9848-4905-9a5c-7358bb65243e" testListId="8c84fa94-04c1-424b-9868-57a2d4851a1d" />
    <TestEntry testId="e7cc7186-2673-8199-a8c8-5cfc7ab4d6dd" executionId="e753fec2-0228-4a6b-bd86-389ab83e2824" testListId="8c84fa94-04c1-424b-9868-57a2d4851a1d" />
    <TestEntry testId="a113a89e-e992-2477-4f24-2689a2a0836d" executionId="4c27a1ee-fb6b-4f21-bcd9-5d7dbefb0fdd" testListId="8c84fa94-04c1-424b-9868-57a2d4851a1d" />
    <TestEntry testId="11b3e576-7a1b-62b2-277e-c000f57ce0f1" executionId="d3ce3ad5-2be9-4f06-bd83-45bf2fd56120" testListId="8c84fa94-04c1-424b-9868-57a2d4851a1d" />
    <TestEntry testId="8dcff6f9-cdfd-d89f-e03d-addb66eb0a35" executionId="e66885ef-f575-44a4-833f-a0f61c6aa8b5" testListId="8c84fa94-04c1-424b-9868-57a2d4851a1d" />
    <TestEntry testId="c5e39ed0-0eee-e6dd-3322-30cdbf3be970" executionId="c29bffbb-3ed5-4f8d-a31d-1a6bfed6d22d" testListId="8c84fa94-04c1-424b-9868-57a2d4851a1d" />
    <TestEntry testId="2cfb7e90-0af1-6c66-4060-07f2a94c8dee" executionId="a04320c5-0464-48b6-8446-2d560c4b527f" testListId="8c84fa94-04c1-424b-9868-57a2d4851a1d" />
    <TestEntry testId="7c715ebf-59d3-89bc-5957-83f19fad2bcf" executionId="77b86c41-2cd5-4a4f-b883-c85f74b884b6" testListId="8c84fa94-04c1-424b-9868-57a2d4851a1d" />
    <TestEntry testId="e5d8a18f-07af-3300-6380-5893f036ee01" executionId="6ef2563b-fa60-4b38-9a99-4d8a9e92f94e" testListId="8c84fa94-04c1-424b-9868-57a2d4851a1d" />
    <TestEntry testId="5aa5f274-79e9-1207-c601-01c6998ae510" executionId="9061bfd9-0e57-48a1-ad67-b1127860eb4d" testListId="8c84fa94-04c1-424b-9868-57a2d4851a1d" />
    <TestEntry testId="b4c7197a-025f-2d58-2aa6-331c80e4987a" executionId="31915125-135f-41fb-8182-277d5cb62473" testListId="8c84fa94-04c1-424b-9868-57a2d4851a1d" />
    <TestEntry testId="78e1ad87-4fe8-4314-4c67-aedf5c8ef7d7" executionId="29a129cf-976d-44f8-b3d2-c5d80f9d6624" testListId="8c84fa94-04c1-424b-9868-57a2d4851a1d" />
    <TestEntry testId="176216d1-7732-025a-8e79-d4f3f1aa10fd" executionId="d75bdd8e-307e-482b-b6cf-f10f5162ad4c" testListId="8c84fa94-04c1-424b-9868-57a2d4851a1d" />
    <TestEntry testId="43ca9d34-d402-7033-279f-b43f2b43ba62" executionId="ed3100ae-7d2a-422b-a7d6-3215bda2df4a" testListId="8c84fa94-04c1-424b-9868-57a2d4851a1d" />
    <TestEntry testId="564c14ba-d484-d5d9-1f0e-86cced11558c" executionId="890e270b-7cb0-4234-a3ef-f8820f56b9c4" testListId="8c84fa94-04c1-424b-9868-57a2d4851a1d" />
    <TestEntry testId="fe730865-2892-db3d-7097-9bb89a0f72c6" executionId="e2fe3030-88cf-4767-acc5-4c2b2eefb372" testListId="8c84fa94-04c1-424b-9868-57a2d4851a1d" />
    <TestEntry testId="18d0606b-a3f4-7e0d-624a-40782179ea83" executionId="991edac1-5637-4c3d-9309-888dfca4f5b8" testListId="8c84fa94-04c1-424b-9868-57a2d4851a1d" />
    <TestEntry testId="87b6963a-14f0-3758-db39-bb05a3ddfb74" executionId="a2b8e0cb-d5c8-43c2-86f4-0caab7b316ef" testListId="8c84fa94-04c1-424b-9868-57a2d4851a1d" />
    <TestEntry testId="5247f914-d515-1ff4-acca-c3d5e02af252" executionId="7df9a595-c860-4f83-b67e-c88941a42ea5" testListId="8c84fa94-04c1-424b-9868-57a2d4851a1d" />
    <TestEntry testId="db7de401-b646-d928-1a5f-89bb54cdcee8" executionId="bc5e06b0-bcc6-468b-b37d-efeb936bb041" testListId="8c84fa94-04c1-424b-9868-57a2d4851a1d" />
    <TestEntry testId="50c7a51c-2a6b-67d6-f233-f5a26a2ef5b0" executionId="6a1444f7-64c1-4f4a-a630-deca16e3134c" testListId="8c84fa94-04c1-424b-9868-57a2d4851a1d" />
    <TestEntry testId="a4ae177a-07cb-a89d-81d1-b440a5ecad36" executionId="b75864f8-9e2c-4528-8387-679b5fcb2215" testListId="8c84fa94-04c1-424b-9868-57a2d4851a1d" />
    <TestEntry testId="73c684e6-c886-4823-96f9-b9a8feb5cb2f" executionId="b912124c-9b3c-41da-8657-f7ebc7a50d91" testListId="8c84fa94-04c1-424b-9868-57a2d4851a1d" />
    <TestEntry testId="26371502-1758-5e64-68b2-e0132da265a1" executionId="4de229a2-7ffd-46a8-9143-f66ca5f3dfce" testListId="8c84fa94-04c1-424b-9868-57a2d4851a1d" />
    <TestEntry testId="5cbe2fb0-0e31-b162-2ddc-c583c1192cd1" executionId="71bb8085-d2a1-427b-926c-d8426ebad085" testListId="8c84fa94-04c1-424b-9868-57a2d4851a1d" />
    <TestEntry testId="560e69fa-0fa9-aa07-2de2-6ff26e5cacea" executionId="33720a3c-8739-4ae3-9053-96bd6ed2c325" testListId="8c84fa94-04c1-424b-9868-57a2d4851a1d" />
    <TestEntry testId="179e1ee4-3947-d241-311c-7731522f179c" executionId="9da6a9d0-8ef9-4a84-afc5-ce375d662665" testListId="8c84fa94-04c1-424b-9868-57a2d4851a1d" />
    <TestEntry testId="21ece2aa-5b05-eb9f-6dfa-8fc89eabf1d3" executionId="41d9af90-7516-41bc-9184-a63e8f3aea47" testListId="8c84fa94-04c1-424b-9868-57a2d4851a1d" />
    <TestEntry testId="0fe8c2d0-ab9d-9b21-6a79-90d5c8333662" executionId="8d1de32e-4b8e-4a4c-ad6b-35d472ab5c08" testListId="8c84fa94-04c1-424b-9868-57a2d4851a1d" />
    <TestEntry testId="0679e0f5-1558-0cf5-47c4-c47e9ac2abff" executionId="25d1b9f4-a939-4766-8cb5-7e5b54942c90" testListId="8c84fa94-04c1-424b-9868-57a2d4851a1d" />
    <TestEntry testId="ac3dfe4b-2b70-c976-7ea4-71f60efbb0e1" executionId="36366358-9560-4f80-b9b7-82c10831daea" testListId="8c84fa94-04c1-424b-9868-57a2d4851a1d" />
    <TestEntry testId="fa95aeff-d0ab-a4b0-a2ba-050a0072e692" executionId="d2783583-881d-4acd-bf9b-f3fdf047b09d" testListId="8c84fa94-04c1-424b-9868-57a2d4851a1d" />
    <TestEntry testId="5e8a7617-f723-e9ed-71bb-da38cf5557d7" executionId="2968b52b-42e0-4a09-8627-b3d8f84c927b" testListId="8c84fa94-04c1-424b-9868-57a2d4851a1d" />
    <TestEntry testId="0e0f15b4-3dc8-167d-b264-ab4e889633a6" executionId="39ea2f9d-6847-4be4-abcb-b36e9cec7dc4" testListId="8c84fa94-04c1-424b-9868-57a2d4851a1d" />
    <TestEntry testId="494968e9-e16f-5064-9941-93749fe48f08" executionId="ae1cd009-9052-4df7-947f-3054f69b4f83" testListId="8c84fa94-04c1-424b-9868-57a2d4851a1d" />
    <TestEntry testId="917360e7-b7d3-fad3-2f4b-096f42ed0ae6" executionId="a3bb5721-ceb4-4723-8070-5ad690166d98" testListId="8c84fa94-04c1-424b-9868-57a2d4851a1d" />
    <TestEntry testId="67bc7186-2550-aee3-214e-674332dcce53" executionId="3d541a20-f6ef-4e31-a2f2-3735dd900bb5" testListId="8c84fa94-04c1-424b-9868-57a2d4851a1d" />
    <TestEntry testId="73345e39-00a8-d1d5-a37b-794338aedef0" executionId="a8739ee1-6867-47c2-bde1-324d9b89d590" testListId="8c84fa94-04c1-424b-9868-57a2d4851a1d" />
    <TestEntry testId="a1383c1d-24c2-f298-c941-3b0bc5d65e32" executionId="f639d88e-b5d0-4a3f-aeca-702fc3eb9c01" testListId="8c84fa94-04c1-424b-9868-57a2d4851a1d" />
    <TestEntry testId="44301343-d884-c888-5daa-8bf33fcc30de" executionId="c0aea728-a309-4c98-b19c-530edbd3e619" testListId="8c84fa94-04c1-424b-9868-57a2d4851a1d" />
    <TestEntry testId="e750ff11-8e6d-9112-ff5b-77deeafbd511" executionId="f372a5e6-5be9-4477-a25a-593611b8c0d1" testListId="8c84fa94-04c1-424b-9868-57a2d4851a1d" />
    <TestEntry testId="61e58a8d-8776-7946-2f5a-7ade5be897fa" executionId="eab1fe51-9284-429d-937c-46cb32ba1fe7" testListId="8c84fa94-04c1-424b-9868-57a2d4851a1d" />
    <TestEntry testId="4b0cba85-e607-efc3-3f35-cb8b0c659cc4" executionId="3b593073-dcc0-496f-86da-7067fbbc11c0" testListId="8c84fa94-04c1-424b-9868-57a2d4851a1d" />
    <TestEntry testId="5cc34387-ceda-5527-6996-7e8b322a8655" executionId="973b54c1-9555-4eae-ba13-4b5641b4dae4" testListId="8c84fa94-04c1-424b-9868-57a2d4851a1d" />
    <TestEntry testId="d64d5aae-2b27-1d91-cbfc-0ea8ed8f26e1" executionId="33c21f54-6a93-41f4-a26c-b3cf57bf9033" testListId="8c84fa94-04c1-424b-9868-57a2d4851a1d" />
    <TestEntry testId="a8b24ec3-7728-f6a5-d914-26a6e3351701" executionId="461c0d2a-7f36-4c66-ab34-eaac584c3a0e" testListId="8c84fa94-04c1-424b-9868-57a2d4851a1d" />
    <TestEntry testId="103411f4-685a-6ac1-1878-c1276766ef48" executionId="c8a226e4-3a74-4295-8350-c9f218206275" testListId="8c84fa94-04c1-424b-9868-57a2d4851a1d" />
    <TestEntry testId="30611e9b-0a62-6dab-5c2f-5b8c4e9b9b9f" executionId="634fa8c9-26b7-466f-b18e-4606a76ddc90" testListId="8c84fa94-04c1-424b-9868-57a2d4851a1d" />
    <TestEntry testId="9d275ce6-7efc-3e8f-9ccf-4a0309de2e06" executionId="687dd9e6-7497-407a-aeb3-10f3ad2b4afd" testListId="8c84fa94-04c1-424b-9868-57a2d4851a1d" />
    <TestEntry testId="5b8da4a5-352d-83c5-0aba-cdc2dc824c85" executionId="333a1f43-525e-4569-87b1-b56016731bd2" testListId="8c84fa94-04c1-424b-9868-57a2d4851a1d" />
    <TestEntry testId="1996b3d4-502f-e720-be7d-7edc086c3d5e" executionId="75a70c14-8faa-4f4c-9fe4-eb2ceef98e6d" testListId="8c84fa94-04c1-424b-9868-57a2d4851a1d" />
    <TestEntry testId="014bb991-e210-4198-a561-1ea36e6a9c13" executionId="1993bb1b-1f90-460e-bdec-f4ef9163b232" testListId="8c84fa94-04c1-424b-9868-57a2d4851a1d" />
    <TestEntry testId="e1b84cfd-ea18-1fb0-2210-40fdc3a88771" executionId="debcf01d-a1e0-4049-9b28-fe6c85c3a9bb" testListId="8c84fa94-04c1-424b-9868-57a2d4851a1d" />
    <TestEntry testId="01beb42d-d9fc-9a36-1867-2be1b8510803" executionId="68ef911c-d233-492f-b608-3fae13aedad6" testListId="8c84fa94-04c1-424b-9868-57a2d4851a1d" />
    <TestEntry testId="85db59f6-5920-cb36-3faa-3b40cf5c858b" executionId="7e66bf27-469f-472d-b3b5-5d73ba946347" testListId="8c84fa94-04c1-424b-9868-57a2d4851a1d" />
    <TestEntry testId="b1f41409-c3ed-2f26-8c3f-9b18c1d05f5c" executionId="460ffaf6-67a5-442d-9a0e-b7a00a52fe59" testListId="8c84fa94-04c1-424b-9868-57a2d4851a1d" />
    <TestEntry testId="f4e400af-adaa-653c-7739-14c2956be5e1" executionId="de9b1c29-d7ee-4ba4-8e04-1337f620c303" testListId="8c84fa94-04c1-424b-9868-57a2d4851a1d" />
    <TestEntry testId="3cef07fc-fcc7-2fc0-892c-cfda8322bbb5" executionId="1ecfc9bc-572d-4578-b627-9d894f0438bb" testListId="8c84fa94-04c1-424b-9868-57a2d4851a1d" />
    <TestEntry testId="1a7d046c-169c-9a92-3c61-35895eae39ce" executionId="4918408e-5203-4f0a-9445-a94f560b8dbc" testListId="8c84fa94-04c1-424b-9868-57a2d4851a1d" />
    <TestEntry testId="d15b7f98-3554-6b24-805b-0de6db3ececb" executionId="923a09ed-8599-48fa-8ed6-cd40d1a3cebb" testListId="8c84fa94-04c1-424b-9868-57a2d4851a1d" />
    <TestEntry testId="37fb5746-cd94-a682-2a5a-0f0a8c0c7c60" executionId="c4b05add-b167-419d-a104-c65e8dba10cd" testListId="8c84fa94-04c1-424b-9868-57a2d4851a1d" />
    <TestEntry testId="06111c50-7e5d-ae8d-e57b-4555dcb06eea" executionId="52601019-4f30-4fed-a4a4-17e5011e1630" testListId="8c84fa94-04c1-424b-9868-57a2d4851a1d" />
    <TestEntry testId="8c344fd2-ca4e-27dc-cb75-8ed7a4e958eb" executionId="206bd419-9a21-4fcf-a7fb-db43d284a1be" testListId="8c84fa94-04c1-424b-9868-57a2d4851a1d" />
    <TestEntry testId="5434a7c0-cc16-95d0-e718-da944d3bd710" executionId="aabb5623-5eae-4930-b2ce-b6c6f37c4034" testListId="8c84fa94-04c1-424b-9868-57a2d4851a1d" />
    <TestEntry testId="a1b6542a-b65b-8d00-567a-da1f4995f2ec" executionId="a0a13114-2132-4ce4-b7e7-c2e4f236bb9d" testListId="8c84fa94-04c1-424b-9868-57a2d4851a1d" />
    <TestEntry testId="53f8fdc8-702b-5ac8-9e59-2a1d5c6a6117" executionId="011de021-4af7-4beb-ab29-8056503e18fa" testListId="8c84fa94-04c1-424b-9868-57a2d4851a1d" />
    <TestEntry testId="324d6929-56cf-f8dd-7a85-5e3044dd8b90" executionId="2519c3c7-3092-4324-b2dc-be89037d1ab0" testListId="8c84fa94-04c1-424b-9868-57a2d4851a1d" />
    <TestEntry testId="a8ee5df4-e99a-0461-e037-d49becc39127" executionId="0b8b9e2a-74ce-4877-97df-9c24acfe202e" testListId="8c84fa94-04c1-424b-9868-57a2d4851a1d" />
    <TestEntry testId="ed207763-465e-ee16-6e7a-77de3bd2081f" executionId="f5697043-5624-475e-9734-9e8bf104666a" testListId="8c84fa94-04c1-424b-9868-57a2d4851a1d" />
    <TestEntry testId="789f9308-9c8b-06ae-e9b5-9a4766a7de8d" executionId="7c4092ae-b760-4a4e-85ca-5de9f6db28c4" testListId="8c84fa94-04c1-424b-9868-57a2d4851a1d" />
    <TestEntry testId="ea4821c7-26a1-2537-47ce-e237cc6ee815" executionId="55e35406-6032-4448-b24b-960e02c95591" testListId="8c84fa94-04c1-424b-9868-57a2d4851a1d" />
    <TestEntry testId="2a2d9806-dab7-0fee-a434-4d24eb4cbd83" executionId="ff6a3d4f-23bd-405b-83b2-00cc57a7f1d1" testListId="8c84fa94-04c1-424b-9868-57a2d4851a1d" />
    <TestEntry testId="06b77a5d-4106-f7e7-80a6-61f7dcae951d" executionId="94d2523d-dc29-4561-b8b0-cd7fce47343b" testListId="8c84fa94-04c1-424b-9868-57a2d4851a1d" />
    <TestEntry testId="c17985eb-b37f-87fe-c770-bf32daacfbfc" executionId="01036376-1b58-4dc2-99ce-34280fdf7aee" testListId="8c84fa94-04c1-424b-9868-57a2d4851a1d" />
    <TestEntry testId="769ad065-b453-04e8-0c52-e6d5a58cc896" executionId="64afd718-cad0-45bf-abf6-f0229269ea89" testListId="8c84fa94-04c1-424b-9868-57a2d4851a1d" />
    <TestEntry testId="44c89347-444a-61de-1e83-8685b95b1a46" executionId="c15411e2-a819-4416-b9ea-29e6622bc0eb" testListId="8c84fa94-04c1-424b-9868-57a2d4851a1d" />
    <TestEntry testId="0af8387f-0f3d-a472-ff6c-783b0b9abf4c" executionId="d9761678-391c-40d5-b85a-05cecea5b1a8" testListId="8c84fa94-04c1-424b-9868-57a2d4851a1d" />
    <TestEntry testId="e251eb11-f207-8308-cc17-45ef0cb83860" executionId="2a3aebbb-036a-493c-a4ac-9fdac0e8bced" testListId="8c84fa94-04c1-424b-9868-57a2d4851a1d" />
    <TestEntry testId="c5a0d84f-93b6-08cd-1dd9-05e7cea29945" executionId="278429c3-8e5e-48db-a454-9bf75ed37aa9" testListId="8c84fa94-04c1-424b-9868-57a2d4851a1d" />
    <TestEntry testId="e93a7b60-e657-d859-7691-17f336a6f9b4" executionId="63ac399a-89cc-4dbf-930e-1be8408c58ac" testListId="8c84fa94-04c1-424b-9868-57a2d4851a1d" />
    <TestEntry testId="2c112109-e6fe-03c3-4742-225cfb638a77" executionId="f26a11f7-802c-408e-8aaa-efe8f69e858b" testListId="8c84fa94-04c1-424b-9868-57a2d4851a1d" />
    <TestEntry testId="9e3edf49-5afe-389d-fbb3-b0c5ca2c8ae8" executionId="7c4e0fcb-9cf4-47fb-9d24-27dbb248e2e2" testListId="8c84fa94-04c1-424b-9868-57a2d4851a1d" />
    <TestEntry testId="9668ec61-f6ad-c200-83ec-c575bc32c092" executionId="a7612d0b-5cbc-4762-acc6-d2791ba7ae58" testListId="8c84fa94-04c1-424b-9868-57a2d4851a1d" />
    <TestEntry testId="b534c2a4-de2d-8897-f7e0-dddebd64f9c9" executionId="d4e6710d-5dad-4aa2-99fb-3d87319dd734" testListId="8c84fa94-04c1-424b-9868-57a2d4851a1d" />
    <TestEntry testId="551fbefb-00a6-8fe0-ba69-2a84cac6bae8" executionId="3cf8c98e-2de6-4cdc-b186-04c038f8985a" testListId="8c84fa94-04c1-424b-9868-57a2d4851a1d" />
    <TestEntry testId="5a3cdcb1-8347-3e18-8365-a6038c2e7047" executionId="49be860c-11f5-4148-842e-4450681d994d" testListId="8c84fa94-04c1-424b-9868-57a2d4851a1d" />
    <TestEntry testId="adebe84a-b2cb-66de-0691-9ff1e7eec31f" executionId="13ae2266-46b7-4e7a-9a06-f74c6284591e" testListId="8c84fa94-04c1-424b-9868-57a2d4851a1d" />
    <TestEntry testId="4a13064a-2552-f664-e680-77edaca93e76" executionId="199bfbcc-648c-407d-aecf-90912dd7a302" testListId="8c84fa94-04c1-424b-9868-57a2d4851a1d" />
    <TestEntry testId="8194709e-7083-fd62-5a37-46cd930544c2" executionId="bb7c1f0d-99db-45bc-a66a-5bdbd6eca88d" testListId="8c84fa94-04c1-424b-9868-57a2d4851a1d" />
    <TestEntry testId="0d667e6c-d319-5f2a-2703-774599695c78" executionId="657d0406-8b36-4f5d-b7fe-fd49e44c28d0" testListId="8c84fa94-04c1-424b-9868-57a2d4851a1d" />
    <TestEntry testId="b683ad91-b12d-09a2-f3e7-de1598a6765a" executionId="c91ef63d-d586-4423-b5e2-e2aeb9be8946" testListId="8c84fa94-04c1-424b-9868-57a2d4851a1d" />
    <TestEntry testId="8f3b4f99-afdc-9597-8d92-9e2b1e15d907" executionId="a6cf7e4e-656b-4607-a805-df20eea1ea41" testListId="8c84fa94-04c1-424b-9868-57a2d4851a1d" />
    <TestEntry testId="eecb6157-cc70-87ec-5910-c7f31d468748" executionId="ab9bfd56-6440-4d4f-a0f3-e32c16998e1d" testListId="8c84fa94-04c1-424b-9868-57a2d4851a1d" />
    <TestEntry testId="a38e0aa9-55dd-8990-1ea8-62c9cdd5455d" executionId="7f28bf0e-0aea-434a-9233-0383feb992b1" testListId="8c84fa94-04c1-424b-9868-57a2d4851a1d" />
    <TestEntry testId="239476df-0f59-876f-8e57-595caa988d44" executionId="a4846e03-b628-4bbe-9c44-f79cabf2da11" testListId="8c84fa94-04c1-424b-9868-57a2d4851a1d" />
    <TestEntry testId="75bfc7ef-894d-f70f-7e3b-b822c5e6249f" executionId="718d6a43-3be1-499a-a32f-d60ee32a26c0" testListId="8c84fa94-04c1-424b-9868-57a2d4851a1d" />
    <TestEntry testId="1ae99b50-4a58-b040-2d46-172bf2055039" executionId="99c38713-01a9-4f8b-baa4-5ee28ecdc5e1" testListId="8c84fa94-04c1-424b-9868-57a2d4851a1d" />
    <TestEntry testId="0c3b74ae-390f-47dd-e7b2-211ff8e28a83" executionId="a7e2e182-aeea-47bf-a52f-775fd04075de" testListId="8c84fa94-04c1-424b-9868-57a2d4851a1d" />
    <TestEntry testId="828ef787-afd5-c441-6789-6eda6598e6c8" executionId="5c32ce59-f5b9-4b2b-b97a-21b7754629d4" testListId="8c84fa94-04c1-424b-9868-57a2d4851a1d" />
    <TestEntry testId="58fe92ec-7d5a-1c37-d4fb-7aafadcf26fa" executionId="d1419ddf-3ea6-4fa7-8a00-20c4e69c806d" testListId="8c84fa94-04c1-424b-9868-57a2d4851a1d" />
    <TestEntry testId="f8fed124-5949-da98-15a4-9b82c6c49818" executionId="bbe50055-12d7-43ba-ae98-f6fb5e4eb39d" testListId="8c84fa94-04c1-424b-9868-57a2d4851a1d" />
    <TestEntry testId="b9130c8e-9d83-6cc3-522b-ffedde30dd42" executionId="a8793cce-f622-4d4a-8923-95a94342d053" testListId="8c84fa94-04c1-424b-9868-57a2d4851a1d" />
    <TestEntry testId="e355f905-ea73-21e7-9afa-7777ac3e2710" executionId="c3add679-53bb-4378-b951-589ff61cbd66" testListId="8c84fa94-04c1-424b-9868-57a2d4851a1d" />
    <TestEntry testId="02dd0347-81a6-5d2e-72bb-1e46d337ac10" executionId="5122cffb-a444-496b-9b71-b539823e4ac4" testListId="8c84fa94-04c1-424b-9868-57a2d4851a1d" />
    <TestEntry testId="a6d51157-180c-99fc-79ca-7f2ea244e7e9" executionId="de39b225-05d6-4d9e-93fc-9f916236f66f" testListId="8c84fa94-04c1-424b-9868-57a2d4851a1d" />
    <TestEntry testId="1ed4df3f-11ca-65e7-52ba-19aab1472d4e" executionId="46a19c93-5645-484c-bbc0-dafe1635e08b" testListId="8c84fa94-04c1-424b-9868-57a2d4851a1d" />
    <TestEntry testId="2434dc0d-a355-9e16-f561-e23133111429" executionId="7d956c72-7c53-4141-8ad2-92e70b7734b6" testListId="8c84fa94-04c1-424b-9868-57a2d4851a1d" />
    <TestEntry testId="7ed8cc4e-8f6c-78f4-f374-6a2d955b5245" executionId="e3a6d418-c099-4df3-bc95-6e0873243b43" testListId="8c84fa94-04c1-424b-9868-57a2d4851a1d" />
    <TestEntry testId="d7acaedb-eac0-4b1f-6d63-f57e9d538c04" executionId="27f72c26-67d9-44c5-bada-805eadc58f4d" testListId="8c84fa94-04c1-424b-9868-57a2d4851a1d" />
    <TestEntry testId="9e8f8325-02f5-40d6-c526-347e0cfbaf29" executionId="eebf019d-1d27-4b30-971e-bc8527d6dfaf" testListId="8c84fa94-04c1-424b-9868-57a2d4851a1d" />
    <TestEntry testId="e61aa0d5-60b4-ff7e-f36b-5cb01be967c9" executionId="577748a4-258d-4f92-ac94-0001c0452eae" testListId="8c84fa94-04c1-424b-9868-57a2d4851a1d" />
    <TestEntry testId="5d950d2b-db19-8586-aab7-9626ab9aaae8" executionId="7f9bc7d8-b891-478a-977e-0fca1b94f716" testListId="8c84fa94-04c1-424b-9868-57a2d4851a1d" />
    <TestEntry testId="112610a4-4560-9baa-c234-22f91ee6fbaf" executionId="5b24f9f8-ed8f-4c6d-ac53-11d21758be10" testListId="8c84fa94-04c1-424b-9868-57a2d4851a1d" />
    <TestEntry testId="ce255936-1b10-d498-bcfd-2601c485ce39" executionId="cddc9a38-2e85-4575-bd79-683e9626d641" testListId="8c84fa94-04c1-424b-9868-57a2d4851a1d" />
    <TestEntry testId="dc7cf344-d4a0-52e8-2492-3a1068a126d1" executionId="5ed1ea21-af4f-4d76-ab97-6aa6eafc1453" testListId="8c84fa94-04c1-424b-9868-57a2d4851a1d" />
    <TestEntry testId="345552b6-3ed3-703c-aa8d-185623b1498d" executionId="7c6e454b-3bd1-46df-95b6-c326860a6232" testListId="8c84fa94-04c1-424b-9868-57a2d4851a1d" />
    <TestEntry testId="da6a80e7-4aab-f0eb-010a-506b0c4936a9" executionId="70a5370f-eaa5-4c5b-a012-97a4c627c085" testListId="8c84fa94-04c1-424b-9868-57a2d4851a1d" />
    <TestEntry testId="88daf2ce-efc6-44a5-8795-43fb6f1fbf52" executionId="00745c63-210d-4be7-af8e-6e38b52ef2f8" testListId="8c84fa94-04c1-424b-9868-57a2d4851a1d" />
    <TestEntry testId="4c18361d-692a-8703-c9f0-ec2f36e6cc36" executionId="370006ce-4c74-40f3-b6b6-ecd197e21552" testListId="8c84fa94-04c1-424b-9868-57a2d4851a1d" />
    <TestEntry testId="fa57984a-d9a0-35f8-c3c7-0eb647e15089" executionId="7cf978ee-edde-4a07-8a06-8fe4ee4cd285" testListId="8c84fa94-04c1-424b-9868-57a2d4851a1d" />
    <TestEntry testId="2bfc6d47-8ba4-02c9-48f6-b952f3a2b68d" executionId="9f379331-5469-41c0-8ce8-296d22a1f553" testListId="8c84fa94-04c1-424b-9868-57a2d4851a1d" />
    <TestEntry testId="4fd63e89-7a7b-2905-6d68-24d99fb54d1a" executionId="7d08ad6c-7d76-42e2-866c-826ccf568936" testListId="8c84fa94-04c1-424b-9868-57a2d4851a1d" />
    <TestEntry testId="3d0918cf-f564-1118-2b0c-d32328146c5b" executionId="dc739a46-4693-4401-88d3-6b6da78345ea" testListId="8c84fa94-04c1-424b-9868-57a2d4851a1d" />
    <TestEntry testId="5db863e2-d6e1-4b8a-5074-0b07052e3c37" executionId="20c26ef0-61a2-4028-ba84-704edf537a89" testListId="8c84fa94-04c1-424b-9868-57a2d4851a1d" />
    <TestEntry testId="8181e78a-574d-c8c0-84ae-90ed41d2011e" executionId="93e95e48-662a-427c-9920-51f2c060bbc1" testListId="8c84fa94-04c1-424b-9868-57a2d4851a1d" />
    <TestEntry testId="0b1439ba-e984-e80d-2643-4fa8fa562b65" executionId="c16c5eb5-f46a-41d8-81fa-402fcd0e90f8" testListId="8c84fa94-04c1-424b-9868-57a2d4851a1d" />
    <TestEntry testId="4c476855-320b-a089-aac0-48bc05a06daf" executionId="5928717f-9803-4d73-a4c8-4860aca20793" testListId="8c84fa94-04c1-424b-9868-57a2d4851a1d" />
    <TestEntry testId="3b5d0571-6664-4ff9-d876-cc7ad22dbd7b" executionId="91690a42-fb64-40e6-807b-c4b8d76bd523" testListId="8c84fa94-04c1-424b-9868-57a2d4851a1d" />
    <TestEntry testId="77e0e43e-a4af-d366-f787-2bdb74a60872" executionId="e5dde49b-3b4b-4b6e-80c5-388e08f208e6" testListId="8c84fa94-04c1-424b-9868-57a2d4851a1d" />
    <TestEntry testId="20425a98-ac9b-d8ef-0106-f6abe6744cde" executionId="d0ad52f2-5b06-438e-b3b0-4ba0db69dd22" testListId="8c84fa94-04c1-424b-9868-57a2d4851a1d" />
    <TestEntry testId="7bfc939c-2abf-1b06-8e36-c8a0358f00e7" executionId="9ad10a4f-a674-4801-8171-9b27661dbb17" testListId="8c84fa94-04c1-424b-9868-57a2d4851a1d" />
    <TestEntry testId="630ac451-2612-b7c0-a7c3-7bc384dc7630" executionId="58e8249a-55ba-438d-ae90-c94b5cc935d4" testListId="8c84fa94-04c1-424b-9868-57a2d4851a1d" />
    <TestEntry testId="7ee73049-9fdf-3f50-ffdb-fe86cbdad9da" executionId="a18854ab-b7bf-4de5-aeeb-4ae85c5b00c1" testListId="8c84fa94-04c1-424b-9868-57a2d4851a1d" />
    <TestEntry testId="7b87f874-d919-2ac5-02d2-23671531fba1" executionId="0aa6c091-9da0-4410-9435-55debd2c94de" testListId="8c84fa94-04c1-424b-9868-57a2d4851a1d" />
    <TestEntry testId="b9bd6d8c-3df7-0bc0-636a-207c0f6f708c" executionId="1f8c2057-f964-479d-8065-e66022701ec9" testListId="8c84fa94-04c1-424b-9868-57a2d4851a1d" />
    <TestEntry testId="7cee938e-4726-ecfc-427c-4cc906afc6df" executionId="f0f3bd59-8af0-452f-bc6c-47104174464f" testListId="8c84fa94-04c1-424b-9868-57a2d4851a1d" />
    <TestEntry testId="07b80e63-7c2f-589b-2e04-4e8029babfad" executionId="c5ac2643-fbff-4b6f-a9b5-658ed9f9a764" testListId="8c84fa94-04c1-424b-9868-57a2d4851a1d" />
    <TestEntry testId="79cd390f-82e9-a0ad-b31f-33e0e0bcb389" executionId="c3b44f47-bb97-4ac6-befe-2aa74d8a01ab" testListId="8c84fa94-04c1-424b-9868-57a2d4851a1d" />
    <TestEntry testId="ebd43f71-bf52-f6ae-ad03-a45fb0f7a764" executionId="c6e7349e-6768-4413-aa7a-3440a8bf7ba2" testListId="8c84fa94-04c1-424b-9868-57a2d4851a1d" />
    <TestEntry testId="267ac0aa-3310-c2a4-2036-c5e9e7be48a1" executionId="bb55370f-050e-41e3-b3e4-4804d0d25d67" testListId="8c84fa94-04c1-424b-9868-57a2d4851a1d" />
    <TestEntry testId="3db0fc72-d7ad-dd65-723e-e1b395e7c54e" executionId="05b476c2-e778-48f9-ac4e-d20f757b2ceb" testListId="8c84fa94-04c1-424b-9868-57a2d4851a1d" />
    <TestEntry testId="7f74b32f-3c4a-e7ef-d888-6778dc71ab50" executionId="11746d06-a355-4bc0-a356-f6b58b7b1940" testListId="8c84fa94-04c1-424b-9868-57a2d4851a1d" />
    <TestEntry testId="e97f4669-3c86-1034-0a38-98883988da58" executionId="af562fc0-742c-4b9b-9e76-2c979bb826d1" testListId="8c84fa94-04c1-424b-9868-57a2d4851a1d" />
    <TestEntry testId="749c19e7-aee0-159d-ac54-1cec5332e8a7" executionId="714595eb-7074-4d10-bdcb-dd0d5197feff" testListId="8c84fa94-04c1-424b-9868-57a2d4851a1d" />
    <TestEntry testId="4f75dcfb-0277-2bdc-92d3-cc3daff103b9" executionId="1ed70c6e-885a-4c3f-9410-d28c739aaceb" testListId="8c84fa94-04c1-424b-9868-57a2d4851a1d" />
    <TestEntry testId="da617ff0-d5a0-0b73-eeff-7ea482f164c1" executionId="f699778a-dbe4-4a87-b36f-66090df1fc88" testListId="8c84fa94-04c1-424b-9868-57a2d4851a1d" />
    <TestEntry testId="3af7f087-b7b3-0534-145c-6c01dbaa4992" executionId="cc4b0f77-b6f0-4036-b7f8-24d6d76c4b15" testListId="8c84fa94-04c1-424b-9868-57a2d4851a1d" />
    <TestEntry testId="f8b3dabf-0f19-9e05-2f20-874d753a8128" executionId="0a379ea2-163b-4661-9289-70a6e40fd0d4" testListId="8c84fa94-04c1-424b-9868-57a2d4851a1d" />
    <TestEntry testId="11404e7c-7edb-e531-9c6e-76c1e9d74073" executionId="f73f1137-efd7-411d-ba3d-bb326d1d81cd" testListId="8c84fa94-04c1-424b-9868-57a2d4851a1d" />
    <TestEntry testId="4f4538ec-4913-9bf7-26f1-4b9cf7115972" executionId="7d009ebb-7edb-402f-b4cb-4655634ae8a1" testListId="8c84fa94-04c1-424b-9868-57a2d4851a1d" />
    <TestEntry testId="486f2d4e-862f-b7d0-0ff0-5dc28ba0a17d" executionId="f331af6c-bee4-4825-88f1-5d0257d0e12c" testListId="8c84fa94-04c1-424b-9868-57a2d4851a1d" />
    <TestEntry testId="223437d7-9528-f75b-bdaa-04ae404f0ddd" executionId="583d0785-2d3b-474d-9ad1-ae64cb580b89" testListId="8c84fa94-04c1-424b-9868-57a2d4851a1d" />
    <TestEntry testId="a42d239d-baf4-f5a8-cf3e-7324b28cfead" executionId="c8d42d36-6d49-4732-8946-1db91706e33e" testListId="8c84fa94-04c1-424b-9868-57a2d4851a1d" />
    <TestEntry testId="57eb827e-22de-ea5e-ac49-20767f9ce186" executionId="c9f3d7b8-1c20-4ea8-9bf1-96b32ef50f4b" testListId="8c84fa94-04c1-424b-9868-57a2d4851a1d" />
    <TestEntry testId="76e8e25b-7f65-8c60-0639-561ef8c308e2" executionId="d72861c9-8d4a-47ad-951b-1c24717214c8" testListId="8c84fa94-04c1-424b-9868-57a2d4851a1d" />
    <TestEntry testId="1659e2e1-078f-341b-0cfb-f59dda1952ab" executionId="63717614-0432-4787-baeb-31e77bf81ccf" testListId="8c84fa94-04c1-424b-9868-57a2d4851a1d" />
    <TestEntry testId="04850947-4df2-d516-cf72-ba8e231127f1" executionId="477422d2-5ca6-4a23-87a3-5f6c56984343" testListId="8c84fa94-04c1-424b-9868-57a2d4851a1d" />
    <TestEntry testId="85221abc-5b6f-d1ce-2e6b-cf874117f35e" executionId="8ba65698-83dc-4eb0-9f1a-f1f0693a534d" testListId="8c84fa94-04c1-424b-9868-57a2d4851a1d" />
    <TestEntry testId="c8200f57-df1a-2908-f70f-de69738ec680" executionId="ee1879c4-6e6b-4e7a-9e36-ae5b70d86ccd" testListId="8c84fa94-04c1-424b-9868-57a2d4851a1d" />
    <TestEntry testId="83921641-4a25-dc4d-d456-f6312452f936" executionId="c95cede5-c10a-4c0f-b224-d2dc689ae403" testListId="8c84fa94-04c1-424b-9868-57a2d4851a1d" />
    <TestEntry testId="1b8c2d97-2fe1-5cdf-2fc9-4f78207edb1d" executionId="11eb8f20-e4d6-4b64-a78e-dab39cafa934" testListId="8c84fa94-04c1-424b-9868-57a2d4851a1d" />
    <TestEntry testId="d1c3c18f-4297-c4a6-f06b-9b0ca293dec5" executionId="7198c591-aa98-4cf2-a76f-9bfcfb6ad63b" testListId="8c84fa94-04c1-424b-9868-57a2d4851a1d" />
    <TestEntry testId="36f7ffc5-4303-4f16-8cf5-72d7038c3fc9" executionId="41545de4-faa7-4428-b9f4-6201df8d18d5" testListId="8c84fa94-04c1-424b-9868-57a2d4851a1d" />
    <TestEntry testId="f6fae18a-ad2e-2677-9848-47d8b4e8722b" executionId="3b45edfa-7c9c-44f4-9776-a8ff3c112344" testListId="8c84fa94-04c1-424b-9868-57a2d4851a1d" />
    <TestEntry testId="3b3c6885-ccd5-d3e5-6ba9-bee7593c46a6" executionId="5fdb6e71-c5d5-4e78-bc90-18e6c586325f" testListId="8c84fa94-04c1-424b-9868-57a2d4851a1d" />
    <TestEntry testId="bfd4fe82-f2d9-d173-cede-18fa0c3510b9" executionId="27230f8c-9aae-483c-9b2b-6f979038e57e" testListId="8c84fa94-04c1-424b-9868-57a2d4851a1d" />
    <TestEntry testId="37910af0-e6f1-a5fe-7138-781f3aa9bdd2" executionId="87146fe2-4593-493f-8778-a7cccdbfab58" testListId="8c84fa94-04c1-424b-9868-57a2d4851a1d" />
    <TestEntry testId="7dda6913-3207-49f5-fa97-10337b5a08c7" executionId="27ea0e49-c550-454f-bb18-b27ce889d96f" testListId="8c84fa94-04c1-424b-9868-57a2d4851a1d" />
    <TestEntry testId="ca1ba1e8-3744-cbcf-07b6-cf659aea1b5b" executionId="9266af1d-3213-4665-9403-3e39761f39e1" testListId="8c84fa94-04c1-424b-9868-57a2d4851a1d" />
    <TestEntry testId="bb6da51d-3cfc-e61e-30bd-82c9fa83aa16" executionId="5f9225ff-fdcd-49ff-b0f7-351c24d4661e" testListId="8c84fa94-04c1-424b-9868-57a2d4851a1d" />
    <TestEntry testId="5f07c322-8294-68d5-231b-4a60daaa4c46" executionId="5c21d9ac-fa7e-4d54-8dbd-321ee74b0784" testListId="8c84fa94-04c1-424b-9868-57a2d4851a1d" />
    <TestEntry testId="b22fc2ff-d2e9-6229-af68-1fa8a128f0b2" executionId="df7b4295-3c7a-4ad5-b7b6-bffa17d942fa" testListId="8c84fa94-04c1-424b-9868-57a2d4851a1d" />
    <TestEntry testId="40fa7841-646c-f8cd-24bf-6fc7f4dedfa9" executionId="7cf5b378-f443-472d-8e69-51d70e1acd27" testListId="8c84fa94-04c1-424b-9868-57a2d4851a1d" />
    <TestEntry testId="2cb56ad0-636d-3aa7-1245-d703cd1dcc16" executionId="5a645dbc-cf1f-480f-9f47-fc1802823974" testListId="8c84fa94-04c1-424b-9868-57a2d4851a1d" />
    <TestEntry testId="b1429e09-1d3a-6942-4336-fea0cfeb2f67" executionId="fa65a0be-0f37-4799-87eb-354bb454b02d" testListId="8c84fa94-04c1-424b-9868-57a2d4851a1d" />
    <TestEntry testId="fed09793-9c3a-9343-02da-e21f2e2fd308" executionId="919a9888-dfc4-4c7b-b1bf-5adba8d4eaa7" testListId="8c84fa94-04c1-424b-9868-57a2d4851a1d" />
    <TestEntry testId="e738bdf7-ba0e-92ad-cdc0-e47401330a0b" executionId="a6bda704-38be-4b5d-b057-ac7dbf6d2ff9" testListId="8c84fa94-04c1-424b-9868-57a2d4851a1d" />
    <TestEntry testId="44129e22-5902-4a49-0032-210cb66ea536" executionId="bfe5717d-f473-4226-a52e-e6616088da00" testListId="8c84fa94-04c1-424b-9868-57a2d4851a1d" />
    <TestEntry testId="142a0250-319a-0925-fe13-f1d0b039bde1" executionId="4f5acaa1-c34d-447a-95c6-6611e04584c0" testListId="8c84fa94-04c1-424b-9868-57a2d4851a1d" />
    <TestEntry testId="61cb0c64-d1e1-e43f-2b31-f68c6eb75f82" executionId="2a89a900-e4e3-46a2-84f3-b60a2898ea6b" testListId="8c84fa94-04c1-424b-9868-57a2d4851a1d" />
    <TestEntry testId="da0185d2-8ac7-fc8e-ec2a-ef10f8179250" executionId="d05bd09f-8231-4d95-b829-74782be8ca9b" testListId="8c84fa94-04c1-424b-9868-57a2d4851a1d" />
    <TestEntry testId="552e8d70-6b85-25e5-9317-984c02304f46" executionId="cb2300d0-ff8f-4d91-8019-3e5c92f028ae" testListId="8c84fa94-04c1-424b-9868-57a2d4851a1d" />
    <TestEntry testId="fe7c42f0-2c83-dcc1-1919-949a7427bbb5" executionId="26a2de5e-a67a-4739-ac68-bf6224228b84" testListId="8c84fa94-04c1-424b-9868-57a2d4851a1d" />
    <TestEntry testId="de68b978-331f-70de-d76a-a01f3e3bf43a" executionId="d921c0d9-03b0-4cf4-94c0-4916f6dc3d43" testListId="8c84fa94-04c1-424b-9868-57a2d4851a1d" />
    <TestEntry testId="78bf092d-e293-c941-de66-d713e54352cb" executionId="d09133f1-b9a1-4041-995c-67a4ea24f28e" testListId="8c84fa94-04c1-424b-9868-57a2d4851a1d" />
    <TestEntry testId="02bcd648-f213-e33f-0087-08a2823f154a" executionId="8cfff06e-fbf5-453a-8620-4fb2c3d955f4" testListId="8c84fa94-04c1-424b-9868-57a2d4851a1d" />
    <TestEntry testId="f434da66-320a-7547-60e6-80235a87abc4" executionId="32d5f62a-465d-4c43-baac-0a1a6f292c09" testListId="8c84fa94-04c1-424b-9868-57a2d4851a1d" />
    <TestEntry testId="738596c1-e9a3-ae41-b6a9-45326ce37937" executionId="5257b1e3-cad5-4582-9ec8-ae17a35eb703" testListId="8c84fa94-04c1-424b-9868-57a2d4851a1d" />
    <TestEntry testId="1e8c8fa6-6e5a-aad4-7c27-b287906ae7eb" executionId="258451a1-f58c-480d-a530-f57fa9078841" testListId="8c84fa94-04c1-424b-9868-57a2d4851a1d" />
    <TestEntry testId="44a11249-7c43-d64e-7844-c3ead76dcdd0" executionId="f114796b-3222-40c2-b5c6-0d581a9aa88d" testListId="8c84fa94-04c1-424b-9868-57a2d4851a1d" />
    <TestEntry testId="ccf44089-d837-ef21-154b-8bc424400182" executionId="1b05844d-7d80-4a9f-bfd9-0c39e53a983d" testListId="8c84fa94-04c1-424b-9868-57a2d4851a1d" />
    <TestEntry testId="d41c6327-ea90-b94f-1f78-624102c742e4" executionId="345e1f50-2218-4d45-82f9-f5d4c7cc63a3" testListId="8c84fa94-04c1-424b-9868-57a2d4851a1d" />
    <TestEntry testId="8c2fc1c3-ffae-cb92-62ae-f080b730c76a" executionId="866a0b0c-c9b0-47cf-a415-93cd104629e4" testListId="8c84fa94-04c1-424b-9868-57a2d4851a1d" />
    <TestEntry testId="c2f6972a-54a9-8143-fe77-19a1d70be49e" executionId="a3908541-6d8d-43ab-98f1-c38d9e43918d" testListId="8c84fa94-04c1-424b-9868-57a2d4851a1d" />
    <TestEntry testId="a217a913-b791-95a5-866a-798f3e2995c9" executionId="c0e399bf-c2e7-42bd-b22a-79295fe28029" testListId="8c84fa94-04c1-424b-9868-57a2d4851a1d" />
    <TestEntry testId="bdbe67fc-c4b5-ffd2-9d15-29eaea468cd3" executionId="4db8ff10-125f-47eb-b9cb-b93dd2219043" testListId="8c84fa94-04c1-424b-9868-57a2d4851a1d" />
    <TestEntry testId="be8a5657-5dbf-cc26-1424-1f563209b9bd" executionId="1bcd4c6b-64af-4633-a8a1-0c7181a962cc" testListId="8c84fa94-04c1-424b-9868-57a2d4851a1d" />
    <TestEntry testId="249ec01b-acb8-4b7c-e110-39ed4e0dc85b" executionId="45d2b634-3dbb-4a5c-b7f4-4236db09aee2" testListId="8c84fa94-04c1-424b-9868-57a2d4851a1d" />
    <TestEntry testId="e861b9e3-e4b2-69ea-5675-3905004d5ab3" executionId="05d10470-e5af-44fb-95f8-703fa696e3a5" testListId="8c84fa94-04c1-424b-9868-57a2d4851a1d" />
    <TestEntry testId="20cf9a06-255a-d92d-afcd-8dfc739bd6b9" executionId="2aeb41fa-f12d-4348-bb3a-2a89b3e3a47e" testListId="8c84fa94-04c1-424b-9868-57a2d4851a1d" />
    <TestEntry testId="ff962744-44ce-857d-8cb7-730338e97029" executionId="4b65d4ac-4e07-4983-9718-d75f10022453" testListId="8c84fa94-04c1-424b-9868-57a2d4851a1d" />
    <TestEntry testId="b2931be2-9ec6-7ce5-6548-609b3ce1a9c8" executionId="4320b3c2-7c0e-4b4e-94f2-dd5488347d31" testListId="8c84fa94-04c1-424b-9868-57a2d4851a1d" />
    <TestEntry testId="facab277-3a24-70a6-9997-48fee33f5612" executionId="4b36c828-ac76-4536-8240-ac915bb4e8b6" testListId="8c84fa94-04c1-424b-9868-57a2d4851a1d" />
    <TestEntry testId="650d24b9-a276-9623-9991-78f255056e80" executionId="58f22c66-6c83-4402-b380-798bc9643138" testListId="8c84fa94-04c1-424b-9868-57a2d4851a1d" />
    <TestEntry testId="8e608111-2482-a69f-8834-32bc755d3893" executionId="78437b47-1706-4844-91d8-a37f7a15e72e" testListId="8c84fa94-04c1-424b-9868-57a2d4851a1d" />
    <TestEntry testId="2933d78f-9b5e-7f9d-5d86-010c98506a2d" executionId="3c36f48d-f63f-42bb-a62b-0c277ff6e559" testListId="8c84fa94-04c1-424b-9868-57a2d4851a1d" />
    <TestEntry testId="ba8f7378-090a-2641-181b-d47d856f1c40" executionId="e945a6ed-fa08-4c39-b8fc-dcd11dcf511c" testListId="8c84fa94-04c1-424b-9868-57a2d4851a1d" />
    <TestEntry testId="ff65dad1-742e-582b-a3c8-bd26130b4be6" executionId="85377d7a-ce0c-49ba-b7dc-5d4dc13853e5" testListId="8c84fa94-04c1-424b-9868-57a2d4851a1d" />
    <TestEntry testId="2f23cad2-3f5b-57a6-787b-0ce6ac6f9de4" executionId="3e495a6b-8978-47c1-9618-06be35b2a8f1" testListId="8c84fa94-04c1-424b-9868-57a2d4851a1d" />
    <TestEntry testId="dd73bd6b-a286-7dfa-e085-1f1796e3abf4" executionId="c7db6696-1e87-487b-b63c-2fb33cfdef11" testListId="8c84fa94-04c1-424b-9868-57a2d4851a1d" />
    <TestEntry testId="342b73f6-2859-1a11-5c38-736f3244c606" executionId="ae4e72b9-2329-4b16-ad9e-5f3ed84c1299" testListId="8c84fa94-04c1-424b-9868-57a2d4851a1d" />
    <TestEntry testId="f9d1dc0b-347a-174a-749b-b738a8744e4b" executionId="0c1801de-7a52-40dd-971b-43bf7b548a39" testListId="8c84fa94-04c1-424b-9868-57a2d4851a1d" />
    <TestEntry testId="e07fad58-8c83-04cf-2df6-998e29b37428" executionId="9f111e42-f6c2-48c2-899f-efa5294a51f8" testListId="8c84fa94-04c1-424b-9868-57a2d4851a1d" />
    <TestEntry testId="96897db5-5055-bad1-acbd-4076d2446290" executionId="43e4a1c3-cecb-4df4-bf41-fc6867037a84" testListId="8c84fa94-04c1-424b-9868-57a2d4851a1d" />
    <TestEntry testId="16372458-88c2-55a4-d00e-c4dab41c676a" executionId="34eb9426-4856-41d0-ad13-6273f215e13e" testListId="8c84fa94-04c1-424b-9868-57a2d4851a1d" />
    <TestEntry testId="d0f479e0-3a7f-e544-6024-8f9323c792a3" executionId="cadfdd09-1f22-4746-bb3b-9242aa4f5bfc" testListId="8c84fa94-04c1-424b-9868-57a2d4851a1d" />
    <TestEntry testId="59236ceb-c740-a9fb-456c-b7bc04607c61" executionId="45421513-2e4a-4131-8d35-51ed60714c55" testListId="8c84fa94-04c1-424b-9868-57a2d4851a1d" />
    <TestEntry testId="d11e39e1-04f9-204c-9f0f-b32d163913dc" executionId="271ef154-769d-4864-9241-d20bcfb6d2b3" testListId="8c84fa94-04c1-424b-9868-57a2d4851a1d" />
    <TestEntry testId="9b3f1de6-5ced-afd7-143c-4ccc2375e488" executionId="6790c9f9-b447-4941-bb87-cd5198963147" testListId="8c84fa94-04c1-424b-9868-57a2d4851a1d" />
    <TestEntry testId="aca4d5ad-1c9b-c802-daeb-95a056e1dffe" executionId="488c958b-7dd3-43ca-94ee-c35d75264857" testListId="8c84fa94-04c1-424b-9868-57a2d4851a1d" />
    <TestEntry testId="b9bae4db-82da-0419-5a25-0bc7c49962ce" executionId="2d41e901-a607-464b-bcdd-53979102a0ef" testListId="8c84fa94-04c1-424b-9868-57a2d4851a1d" />
    <TestEntry testId="06894ed5-2df1-e54f-2874-93dd297ad943" executionId="4bab9145-e6c8-4e6a-8802-6caff05101b7" testListId="8c84fa94-04c1-424b-9868-57a2d4851a1d" />
    <TestEntry testId="1668ece2-ea78-3795-a517-8423d4532c10" executionId="effc24a5-9f7b-423d-b01b-b7544841e08c" testListId="8c84fa94-04c1-424b-9868-57a2d4851a1d" />
    <TestEntry testId="5e4f2083-fb8f-922d-4062-771153ce0caf" executionId="0e958bb0-c5bd-4fe5-b628-5e602cc1addd" testListId="8c84fa94-04c1-424b-9868-57a2d4851a1d" />
    <TestEntry testId="20658f53-7fff-0724-5d84-93afea1c1f49" executionId="726c91e6-2bf2-4d39-8847-4ae1bccf3f18" testListId="8c84fa94-04c1-424b-9868-57a2d4851a1d" />
    <TestEntry testId="cb978b57-3176-52a3-77aa-39092f280071" executionId="4ee8ee16-eb06-45b7-b756-7686a843995b" testListId="8c84fa94-04c1-424b-9868-57a2d4851a1d" />
    <TestEntry testId="80e59a76-986a-dbc8-dce4-bff838813140" executionId="6fd341e7-eb10-4116-b1bf-357fcac59902" testListId="8c84fa94-04c1-424b-9868-57a2d4851a1d" />
    <TestEntry testId="f5cee685-06e6-5e74-b3df-2251547fd175" executionId="d9eaf253-4079-46f9-8f00-5a2731e4f79b" testListId="8c84fa94-04c1-424b-9868-57a2d4851a1d" />
    <TestEntry testId="bc98f6d6-7ca2-444f-bf52-b490e8756b7e" executionId="f0b545fd-fa53-4c7c-857a-9e87cd2fd1bd" testListId="8c84fa94-04c1-424b-9868-57a2d4851a1d" />
    <TestEntry testId="f878432b-12f0-1786-7600-b1ff9fc6794c" executionId="f21b45c2-4770-4bd2-9755-71478aea9818" testListId="8c84fa94-04c1-424b-9868-57a2d4851a1d" />
    <TestEntry testId="cd4672a1-22dc-345f-2c24-c937272932c6" executionId="0ebf55cf-5ad5-47b3-93ad-81b57f377879" testListId="8c84fa94-04c1-424b-9868-57a2d4851a1d" />
    <TestEntry testId="1f5d248f-73b7-ff37-ee73-daed54890e10" executionId="f088a43d-6f6a-4455-944c-97b2576f20ab" testListId="8c84fa94-04c1-424b-9868-57a2d4851a1d" />
    <TestEntry testId="f7c9fa49-7718-f777-d5d3-f2f97fafcc6b" executionId="5db134d2-0c15-464d-b3f0-d18cea1176c8" testListId="8c84fa94-04c1-424b-9868-57a2d4851a1d" />
    <TestEntry testId="70ceb465-3a7f-7a9e-f78b-a3e5795571d2" executionId="83aa102a-5cb5-48ab-a438-e38af0d9ccf3" testListId="8c84fa94-04c1-424b-9868-57a2d4851a1d" />
    <TestEntry testId="f1cf8805-9f2a-3ea0-68a1-486890b5b405" executionId="cd28258f-00fe-4a95-9654-af29e909ab15" testListId="8c84fa94-04c1-424b-9868-57a2d4851a1d" />
    <TestEntry testId="77a34115-e210-c108-4631-a73effb015a7" executionId="3f867a9d-bf4b-4567-bf25-ba890e16a132" testListId="8c84fa94-04c1-424b-9868-57a2d4851a1d" />
    <TestEntry testId="a25dbc1e-9062-0ee9-d717-a8c96e681368" executionId="88da57ad-991f-4d19-a2e2-ed92d3b20e13" testListId="8c84fa94-04c1-424b-9868-57a2d4851a1d" />
    <TestEntry testId="0b427970-7f06-1e6c-dbf4-7d3298a97e17" executionId="33d2ef24-a3ed-4ae0-8bd7-87e57f5b4543" testListId="8c84fa94-04c1-424b-9868-57a2d4851a1d" />
    <TestEntry testId="14b2ec50-6ce7-f651-9fe1-47d918ef4599" executionId="23cd0041-066a-4e0b-8d98-98d7fba9957b" testListId="8c84fa94-04c1-424b-9868-57a2d4851a1d" />
    <TestEntry testId="7a702412-b890-3df3-5368-b92412527630" executionId="403a79fc-2743-4f22-95de-c447c953d03a" testListId="8c84fa94-04c1-424b-9868-57a2d4851a1d" />
    <TestEntry testId="7fe8dd67-f18b-0b92-ac3b-d19aad03b760" executionId="5d623b0b-412a-498c-8323-1a4ffec33e2b" testListId="8c84fa94-04c1-424b-9868-57a2d4851a1d" />
    <TestEntry testId="77cba1b8-d81f-5df6-acc7-2e681367e225" executionId="bb49e39b-c9b7-477a-9a45-b0b990f101a7" testListId="8c84fa94-04c1-424b-9868-57a2d4851a1d" />
    <TestEntry testId="9e39c9d5-9571-adf7-3b76-b1f4ee444803" executionId="d84e3077-f44a-4748-94c2-0d84fa7d11fc" testListId="8c84fa94-04c1-424b-9868-57a2d4851a1d" />
    <TestEntry testId="602dc06d-2e03-b254-bc33-ff556e01d42c" executionId="a7b2b15e-3d71-4a87-84df-e761086dc8a0" testListId="8c84fa94-04c1-424b-9868-57a2d4851a1d" />
    <TestEntry testId="d8b2e962-57d6-7d23-5c24-4c7c5ef024f4" executionId="e24d56e2-3cb5-47c6-91c4-63fb715acf27" testListId="8c84fa94-04c1-424b-9868-57a2d4851a1d" />
    <TestEntry testId="72a58601-6a0b-286c-f611-d0390f38d4b1" executionId="10194a26-b9fd-40dd-a2dc-d695775e0302" testListId="8c84fa94-04c1-424b-9868-57a2d4851a1d" />
    <TestEntry testId="fbdd6967-4ef8-9ce7-9005-2f3c653c2ea2" executionId="a7948e25-cfb2-4cee-82c2-1d15e47d3311" testListId="8c84fa94-04c1-424b-9868-57a2d4851a1d" />
    <TestEntry testId="9662224f-b457-65d9-c99b-6097f83310c7" executionId="e4cbed9f-6b71-43cc-9a4c-8ce21cbc6021" testListId="8c84fa94-04c1-424b-9868-57a2d4851a1d" />
    <TestEntry testId="66d507cc-9025-368f-6651-8c50b19c18e9" executionId="f1df342f-93ee-4909-be59-124e65e2a6c5" testListId="8c84fa94-04c1-424b-9868-57a2d4851a1d" />
    <TestEntry testId="6fd438e4-dc9d-fb54-7c5c-386af97e259c" executionId="3d934235-6e6c-4431-bd88-5606940454be" testListId="8c84fa94-04c1-424b-9868-57a2d4851a1d" />
    <TestEntry testId="c75aec8a-633a-6e53-7147-bd05d2a42767" executionId="db8088d2-f5cc-4565-8017-1c34a3a87a06" testListId="8c84fa94-04c1-424b-9868-57a2d4851a1d" />
    <TestEntry testId="bcd74528-5b0b-127d-c9ab-7e254f110932" executionId="65da7d13-095b-4a9e-82c9-fbf817511374" testListId="8c84fa94-04c1-424b-9868-57a2d4851a1d" />
    <TestEntry testId="2988c6e9-72a8-0c7c-a354-29ca48799c77" executionId="a15cfc44-f4a6-4e67-917a-53fb669b4f01" testListId="8c84fa94-04c1-424b-9868-57a2d4851a1d" />
    <TestEntry testId="d6e582e8-e39f-b2ee-ec4e-bf584393feaf" executionId="a60297cf-8dd4-4dc8-874d-3e3de823ac1b" testListId="8c84fa94-04c1-424b-9868-57a2d4851a1d" />
    <TestEntry testId="0a07b8ff-c721-e171-25a3-148cb1965270" executionId="77502cb7-3281-4934-9352-eba904d31101" testListId="8c84fa94-04c1-424b-9868-57a2d4851a1d" />
    <TestEntry testId="030414c7-bb4d-d636-f810-945d8c6a1e71" executionId="3cadfc85-851e-427d-9b49-3807c0f4cd8c" testListId="8c84fa94-04c1-424b-9868-57a2d4851a1d" />
    <TestEntry testId="127f6b6f-60eb-7684-1110-d02ee3eb235d" executionId="28777dd7-206e-425b-ab41-9f75383343b8" testListId="8c84fa94-04c1-424b-9868-57a2d4851a1d" />
    <TestEntry testId="2e2ba133-dfa3-73a4-19a6-a0369a18ebcc" executionId="fcfa9d33-6fb6-4dd8-b2af-f7a947c8a024" testListId="8c84fa94-04c1-424b-9868-57a2d4851a1d" />
    <TestEntry testId="20f48aed-1e6c-3774-d5cc-1668524098ab" executionId="c564d819-09ed-4075-b58d-cf6ccebb379d" testListId="8c84fa94-04c1-424b-9868-57a2d4851a1d" />
    <TestEntry testId="34d2567d-7bf6-dea3-25f7-4ceefb27ffbc" executionId="ba3c1d2a-78a7-48c7-b069-5a1a3820d118" testListId="8c84fa94-04c1-424b-9868-57a2d4851a1d" />
    <TestEntry testId="57665be6-41a6-a79e-fa5a-6cb5e4d12320" executionId="b91e0c14-129b-4cfc-8327-c46f6407b759" testListId="8c84fa94-04c1-424b-9868-57a2d4851a1d" />
    <TestEntry testId="02a5c68e-a8d5-55d6-a5f0-8a99f693c236" executionId="b4a67e81-e899-4c46-b6e7-5abee61ae81c" testListId="8c84fa94-04c1-424b-9868-57a2d4851a1d" />
    <TestEntry testId="d1a27594-4f18-9b17-9e55-306b1cffb20d" executionId="a0a8c638-2145-4a1d-a53a-841d7bb4e0c0" testListId="8c84fa94-04c1-424b-9868-57a2d4851a1d" />
    <TestEntry testId="6ff685fd-526a-bf1d-9b26-1797b3a232bf" executionId="bd11bae0-d00a-4223-8486-6bd349be6835" testListId="8c84fa94-04c1-424b-9868-57a2d4851a1d" />
    <TestEntry testId="982f0da6-6119-19e9-04ac-bf5c62d4284e" executionId="ec69fad5-2073-461e-84d1-68f96e096072" testListId="8c84fa94-04c1-424b-9868-57a2d4851a1d" />
    <TestEntry testId="e8c563f6-2a49-d4ae-5b78-4cd29410569d" executionId="7663ba1e-27a9-4364-9d69-8d43fa09d115" testListId="8c84fa94-04c1-424b-9868-57a2d4851a1d" />
    <TestEntry testId="660a99f8-6ec0-ed3b-6042-ca002a4fe61b" executionId="8abc0315-4624-47c0-a03b-2ccbb5530301" testListId="8c84fa94-04c1-424b-9868-57a2d4851a1d" />
    <TestEntry testId="e41c5fa9-9a65-735d-15f8-59b35276c506" executionId="87ae18aa-7724-42d4-b633-3bc13269d4f5" testListId="8c84fa94-04c1-424b-9868-57a2d4851a1d" />
    <TestEntry testId="8ece25b2-85c1-6c5c-6450-bff475f02b6b" executionId="99f251b1-2cff-4bed-b005-55e4fdbc79bd" testListId="8c84fa94-04c1-424b-9868-57a2d4851a1d" />
    <TestEntry testId="a69e04e0-8d31-9c0a-776d-0b72ee598d47" executionId="23a7872d-031c-44a7-b26d-7f9872346a18" testListId="8c84fa94-04c1-424b-9868-57a2d4851a1d" />
    <TestEntry testId="2765213b-23be-1437-a0da-b0abdf853349" executionId="804cd2eb-7e32-4c6a-9578-8a6a4a8e48e9" testListId="8c84fa94-04c1-424b-9868-57a2d4851a1d" />
    <TestEntry testId="d6f766be-1c50-7ddb-6fe3-b017cbd1ac3b" executionId="630d9dd4-ba34-465d-8f7a-7beee585d067" testListId="8c84fa94-04c1-424b-9868-57a2d4851a1d" />
    <TestEntry testId="e8cd83a9-1255-52c8-c545-87c6b911bee8" executionId="81b412d2-7541-4218-92d5-64aae162bad3" testListId="8c84fa94-04c1-424b-9868-57a2d4851a1d" />
    <TestEntry testId="9d15926f-8e0d-e7e6-e033-9879de948c2e" executionId="ea244fca-6d35-4ef6-a619-c4ab92cf60db" testListId="8c84fa94-04c1-424b-9868-57a2d4851a1d" />
    <TestEntry testId="e6900046-16da-c379-2c5b-a2fb993e94ea" executionId="9613de70-6006-4dfd-93b7-f598acac8932" testListId="8c84fa94-04c1-424b-9868-57a2d4851a1d" />
    <TestEntry testId="63e3d58e-77fe-7338-b4b2-5c415ed1e848" executionId="d837d88b-df70-427c-a45d-f124bd45366f" testListId="8c84fa94-04c1-424b-9868-57a2d4851a1d" />
    <TestEntry testId="2ad0eb64-70cf-9075-752b-cdd33ae1fb88" executionId="dcede87b-cc8d-479a-a8a7-f552af5de33d" testListId="8c84fa94-04c1-424b-9868-57a2d4851a1d" />
    <TestEntry testId="02feca23-6655-5568-716b-bd0cb04d3015" executionId="7e13dbc7-cc38-4053-8e10-3486d98288db" testListId="8c84fa94-04c1-424b-9868-57a2d4851a1d" />
    <TestEntry testId="79b6c85e-0b7d-cb65-82e7-89f5d068ffea" executionId="ff36f9c2-feee-41f7-9b13-2b68ce53a415" testListId="8c84fa94-04c1-424b-9868-57a2d4851a1d" />
    <TestEntry testId="d94f0f94-5dd6-5846-2e1a-43577eb31456" executionId="244c6aa6-97bb-41ad-b776-a859a7663388" testListId="8c84fa94-04c1-424b-9868-57a2d4851a1d" />
    <TestEntry testId="b4d6d17f-df18-f9fd-dc55-d919392c93da" executionId="45d497a0-aec4-459a-9c7a-cbdb7ad6f35d" testListId="8c84fa94-04c1-424b-9868-57a2d4851a1d" />
    <TestEntry testId="064a40b7-4414-721c-b888-a78177031ee8" executionId="56936b80-aa52-4b1d-a738-14300f3d6641" testListId="8c84fa94-04c1-424b-9868-57a2d4851a1d" />
    <TestEntry testId="ee012e59-9eef-b52f-11ac-e344e742f309" executionId="88d056d7-5794-458d-a04b-0bcf7a990b8e" testListId="8c84fa94-04c1-424b-9868-57a2d4851a1d" />
    <TestEntry testId="0e5e57e7-156f-1afb-4215-734dfc901d81" executionId="2026e2d4-8b06-4fbc-b7dc-17bd971182ba" testListId="8c84fa94-04c1-424b-9868-57a2d4851a1d" />
    <TestEntry testId="826f9014-332f-610b-e2c7-728e9ec50cd4" executionId="747ae33c-4356-4d18-b4e9-ee758a0f6bd7" testListId="8c84fa94-04c1-424b-9868-57a2d4851a1d" />
    <TestEntry testId="1c2a8c06-877d-88dd-3bb9-78c2306a3033" executionId="66e679b9-2fee-4c02-8829-1530fb469cb5" testListId="8c84fa94-04c1-424b-9868-57a2d4851a1d" />
    <TestEntry testId="087b1e39-d1fa-3d6c-4685-64625acfa9e4" executionId="e0d07e0f-3cbd-4071-973e-90e246821d64" testListId="8c84fa94-04c1-424b-9868-57a2d4851a1d" />
    <TestEntry testId="9a622f3d-bf69-0522-d0f1-bc7afea2cbf7" executionId="339ee5ae-68e1-4a3b-9c20-2dc1ac74153b" testListId="8c84fa94-04c1-424b-9868-57a2d4851a1d" />
    <TestEntry testId="d2cc6638-fdf5-bcda-78fa-c3a5a7f5d3ea" executionId="fc41309f-a431-4661-bf92-26f0781d3175" testListId="8c84fa94-04c1-424b-9868-57a2d4851a1d" />
    <TestEntry testId="73d5f157-b67c-059a-2447-5c77364d7e8b" executionId="cf3a5ca5-df01-43ab-a44f-2ab02e3a47dc" testListId="8c84fa94-04c1-424b-9868-57a2d4851a1d" />
    <TestEntry testId="0b688f41-c47e-a7e7-8e10-e6bdbcffe353" executionId="ca6a760f-1f78-4300-a5d6-b17648846b84" testListId="8c84fa94-04c1-424b-9868-57a2d4851a1d" />
    <TestEntry testId="6d2326d2-1132-af41-2236-2760df0fdb19" executionId="81438333-cd50-434c-a8fd-729c1061472d" testListId="8c84fa94-04c1-424b-9868-57a2d4851a1d" />
    <TestEntry testId="be8bbfdf-5cee-e570-a087-d8a3e11536eb" executionId="5c01b370-1dba-4558-bfb7-bc515147e7a7" testListId="8c84fa94-04c1-424b-9868-57a2d4851a1d" />
    <TestEntry testId="2c89b3f6-f469-5955-a32a-c0758733b827" executionId="93e561eb-06cf-4a01-b10c-492e64074051" testListId="8c84fa94-04c1-424b-9868-57a2d4851a1d" />
    <TestEntry testId="1b4f6424-00d7-80fc-397d-ca110018694f" executionId="cd16f9f0-f2b5-4f0c-a30e-4d1d51c32508" testListId="8c84fa94-04c1-424b-9868-57a2d4851a1d" />
    <TestEntry testId="792cb16d-f91f-d7a2-bf2a-18f4a208d9a6" executionId="63fb5703-a7b1-49b2-a92e-597da259a67b" testListId="8c84fa94-04c1-424b-9868-57a2d4851a1d" />
    <TestEntry testId="bbe434c3-32b3-7412-1e7a-cd1b98481aaf" executionId="4cdb81d9-57df-47a6-9cb6-1aabe5c073f9" testListId="8c84fa94-04c1-424b-9868-57a2d4851a1d" />
    <TestEntry testId="a05c3d12-7a0d-46dc-ba10-7b66f15ce019" executionId="f3ada94c-e5a3-4e34-b0c1-19a0a91ddba3" testListId="8c84fa94-04c1-424b-9868-57a2d4851a1d" />
    <TestEntry testId="30d234e3-d8e4-6f41-9375-34f1b00cb21b" executionId="8d33c653-ed47-417c-8b8e-b0349d1037c3" testListId="8c84fa94-04c1-424b-9868-57a2d4851a1d" />
    <TestEntry testId="85fce7c7-8cd1-075e-36ed-c440375e909a" executionId="7b8f9345-4356-4633-a7b8-6e1a76499967" testListId="8c84fa94-04c1-424b-9868-57a2d4851a1d" />
    <TestEntry testId="3f64cf55-1663-03c1-53b4-20fe58d327f0" executionId="32261e02-9034-4a84-953e-0beb680f6fd0" testListId="8c84fa94-04c1-424b-9868-57a2d4851a1d" />
    <TestEntry testId="6996c8e0-08a0-bfff-fca5-a05e55543939" executionId="01c34e59-04df-4bb5-b462-5d6367694651" testListId="8c84fa94-04c1-424b-9868-57a2d4851a1d" />
    <TestEntry testId="2c92206f-910a-b4af-c919-e3a119b0a747" executionId="e37e8bd6-9614-46b1-96ac-8a5869aebe22" testListId="8c84fa94-04c1-424b-9868-57a2d4851a1d" />
    <TestEntry testId="0fb9c2a6-ea9b-e8a0-a382-04b6cf31ab2d" executionId="c92525a9-34ba-42e7-9972-25cc94965122" testListId="8c84fa94-04c1-424b-9868-57a2d4851a1d" />
    <TestEntry testId="bccf4cb6-374e-946c-2c8b-599e30165b27" executionId="a46ddabb-1fbc-4347-ba34-df5f4408b9b6" testListId="8c84fa94-04c1-424b-9868-57a2d4851a1d" />
    <TestEntry testId="27ff166e-b5e3-5e12-5f72-cdf5284654c4" executionId="700fd9a7-725f-4abe-aef8-a4524a5345ae" testListId="8c84fa94-04c1-424b-9868-57a2d4851a1d" />
    <TestEntry testId="4a6b21bb-5bba-4983-b68d-5e6937cebf15" executionId="68df368d-64ef-44cb-a4e4-00a6a191c52a" testListId="8c84fa94-04c1-424b-9868-57a2d4851a1d" />
    <TestEntry testId="c6033b07-486f-3d82-e115-16884ba6fd5c" executionId="4f4be5a7-efd0-4f1f-b85a-0545e2f35d5a" testListId="8c84fa94-04c1-424b-9868-57a2d4851a1d" />
    <TestEntry testId="33ad8b92-a294-28a8-50a7-fb68567a5873" executionId="daf8d6e3-1d99-46a3-92d8-2d3c120bd47d" testListId="8c84fa94-04c1-424b-9868-57a2d4851a1d" />
    <TestEntry testId="c2671202-eec0-eb61-aaf8-b6ed3b317f8b" executionId="e040ebf9-c80e-4fa2-8a9b-298547bf1f05" testListId="8c84fa94-04c1-424b-9868-57a2d4851a1d" />
    <TestEntry testId="b5ac5ac6-ee6f-2fae-da61-a14730c5b67f" executionId="ee0e4f61-4971-4a1c-b8d0-bcb1d3c33a59" testListId="8c84fa94-04c1-424b-9868-57a2d4851a1d" />
    <TestEntry testId="9c19758e-d9ee-78de-7800-7d27fd6f112b" executionId="f34d53c9-a0a5-41a3-9d34-eb39146906a6" testListId="8c84fa94-04c1-424b-9868-57a2d4851a1d" />
    <TestEntry testId="f98068f9-99f7-ff5b-d168-ef651dd264ce" executionId="48add0cc-5a0b-41f7-8191-5d8265b0d163" testListId="8c84fa94-04c1-424b-9868-57a2d4851a1d" />
    <TestEntry testId="28140170-9ac9-05fa-34fa-147a1c4f6356" executionId="5d23cb7b-911e-4ebd-a481-d8edda8aeaaa" testListId="8c84fa94-04c1-424b-9868-57a2d4851a1d" />
    <TestEntry testId="aaef23ea-7d4f-464a-f3c4-a3b6ae89c399" executionId="0867d6c9-a468-4661-97aa-e4119f0ba191" testListId="8c84fa94-04c1-424b-9868-57a2d4851a1d" />
    <TestEntry testId="fa6de487-a47b-e1b2-0660-76fc5d8d43a9" executionId="0edbf3a8-8471-4cf9-bd99-064a5615a780" testListId="8c84fa94-04c1-424b-9868-57a2d4851a1d" />
    <TestEntry testId="c79d8919-0c8f-922d-ea75-de9901ebd1ee" executionId="bbca2e76-2fd2-4d8c-9363-99f155d861d4" testListId="8c84fa94-04c1-424b-9868-57a2d4851a1d" />
    <TestEntry testId="0b552305-9a3c-ae3d-211e-4f06f0749f1a" executionId="233295b9-4f8f-486c-9411-275fde2e71ea" testListId="8c84fa94-04c1-424b-9868-57a2d4851a1d" />
    <TestEntry testId="dd3c3a60-8205-afc0-6c6b-c7fa7c584838" executionId="90997082-4da3-43d5-8548-ff032ab71dbe" testListId="8c84fa94-04c1-424b-9868-57a2d4851a1d" />
    <TestEntry testId="e0a7365a-ad4d-0da4-c7ec-e8c8531859b3" executionId="7e4501d2-2b0b-4603-bda8-6e8ec61e4b5c" testListId="8c84fa94-04c1-424b-9868-57a2d4851a1d" />
    <TestEntry testId="3c4a8dbc-f203-f5c2-5853-8bf56a4fbb7a" executionId="36424b4d-3a02-4d9d-a7a7-03cfe4fa7e4c" testListId="8c84fa94-04c1-424b-9868-57a2d4851a1d" />
    <TestEntry testId="5748818a-e4fb-d506-37f3-b1d42a9f27d4" executionId="3a8145a7-3d97-4656-929b-1f0637c5ecfa" testListId="8c84fa94-04c1-424b-9868-57a2d4851a1d" />
    <TestEntry testId="4dad2563-00d9-d9fe-66d8-9e23a8e0b44f" executionId="ac354608-6274-4a99-8340-180798530b75" testListId="8c84fa94-04c1-424b-9868-57a2d4851a1d" />
    <TestEntry testId="ffc2f231-3796-544f-ac40-4ff508739cbb" executionId="008136b5-be53-4fb7-ae69-2c70593bae33" testListId="8c84fa94-04c1-424b-9868-57a2d4851a1d" />
    <TestEntry testId="80143aa7-6703-945c-b8b2-c6dc9d604a4b" executionId="2d50a028-92ee-4958-afe5-d7d9a3080b03" testListId="8c84fa94-04c1-424b-9868-57a2d4851a1d" />
    <TestEntry testId="d213c998-c49d-6852-8aff-647de77dd87a" executionId="46c0b55b-c71a-419a-abd1-bcd00882d391" testListId="8c84fa94-04c1-424b-9868-57a2d4851a1d" />
    <TestEntry testId="bc906a33-27f9-6951-f669-a9b3927c0fa3" executionId="af76b865-ab4c-4ef2-b4c3-284545ae9d37" testListId="8c84fa94-04c1-424b-9868-57a2d4851a1d" />
    <TestEntry testId="881aee88-0885-86de-0d65-0a933a92e7c3" executionId="06fa28fd-b939-480e-99d4-af46d851a541" testListId="8c84fa94-04c1-424b-9868-57a2d4851a1d" />
    <TestEntry testId="6ea25f34-c5cc-0441-bee5-06b40fda8ee3" executionId="c2602e48-6d17-45a5-a236-c3fd7224b3d4" testListId="8c84fa94-04c1-424b-9868-57a2d4851a1d" />
    <TestEntry testId="7b2097a1-e30d-1da0-745e-238447ccb557" executionId="fd9b6c4c-7f74-4363-9112-e86d2464d682" testListId="8c84fa94-04c1-424b-9868-57a2d4851a1d" />
    <TestEntry testId="44c3ebfb-f372-6e47-e9f1-df85b6126208" executionId="f2183daf-ec07-4cd1-8ca5-54bcaa60088a" testListId="8c84fa94-04c1-424b-9868-57a2d4851a1d" />
    <TestEntry testId="b57b6d91-ad4c-2a37-0eea-35646e89bedd" executionId="5d5b77c3-b6bf-4670-afc7-89722a2e6b60" testListId="8c84fa94-04c1-424b-9868-57a2d4851a1d" />
    <TestEntry testId="83b4ca69-9612-d0a8-ed16-13285ba555a1" executionId="c5bf596a-7a83-4c81-8295-5da3665db621" testListId="8c84fa94-04c1-424b-9868-57a2d4851a1d" />
    <TestEntry testId="a3247744-89f4-35dc-16c0-150d01903f01" executionId="fbf77c5c-fc02-471d-bae5-abae4caebd3f" testListId="8c84fa94-04c1-424b-9868-57a2d4851a1d" />
    <TestEntry testId="e3e7ed91-54d1-f895-6b06-62e2b626bdd6" executionId="d46bf2e2-8097-40cc-81e7-b521f845ddfb" testListId="8c84fa94-04c1-424b-9868-57a2d4851a1d" />
    <TestEntry testId="57413277-6e73-a6ec-8287-b7d3e305b5ba" executionId="4f8023a7-fb39-4170-b490-c45a048a2cc8" testListId="8c84fa94-04c1-424b-9868-57a2d4851a1d" />
    <TestEntry testId="a5eb2fee-b9b1-5717-6228-97f4dd42bf1c" executionId="1b885a56-a21b-4c0e-8d7a-93e620b4209d" testListId="8c84fa94-04c1-424b-9868-57a2d4851a1d" />
    <TestEntry testId="612916a7-ba3b-d557-9866-51fc7ebe250f" executionId="1fdfd535-457f-4a2f-a0c1-87369b9bb351" testListId="8c84fa94-04c1-424b-9868-57a2d4851a1d" />
    <TestEntry testId="131c4e67-90f7-5d65-1e4c-ceccc321216d" executionId="cd5df8da-2144-41cd-953a-4aaf68c460d3" testListId="8c84fa94-04c1-424b-9868-57a2d4851a1d" />
    <TestEntry testId="2b0ddda1-fce4-b042-1aa2-8a51e8069254" executionId="a01dd4e3-41a9-4437-9d86-69862beae69c" testListId="8c84fa94-04c1-424b-9868-57a2d4851a1d" />
    <TestEntry testId="9c476a3a-eb18-5698-75f9-97279492aa92" executionId="80e42545-10ca-47f9-bbcb-d7d6f74d43ab" testListId="8c84fa94-04c1-424b-9868-57a2d4851a1d" />
    <TestEntry testId="a87e64c5-985f-097d-7fbf-350e3851e0ae" executionId="9389a48d-ef3b-469c-8500-a99677147521" testListId="8c84fa94-04c1-424b-9868-57a2d4851a1d" />
    <TestEntry testId="e39289e7-df4e-1a22-74d8-c48f8fdbeef7" executionId="6e5f93e6-c4db-426d-b03e-f3dad16e5779" testListId="8c84fa94-04c1-424b-9868-57a2d4851a1d" />
    <TestEntry testId="71060007-55e0-b160-6c14-41d2191d62cc" executionId="5f46e1b2-fb6f-4c4a-9437-bd63a575614b" testListId="8c84fa94-04c1-424b-9868-57a2d4851a1d" />
    <TestEntry testId="e44b226a-a744-9d8e-171f-87098ada8608" executionId="6ba0a5b3-e82e-4e5f-b5f2-d3f0275dcfa7" testListId="8c84fa94-04c1-424b-9868-57a2d4851a1d" />
    <TestEntry testId="94421dcd-1197-85ae-01f5-f60d4f7fcf6c" executionId="8ab0ad9a-1c29-4494-99f6-763416922440" testListId="8c84fa94-04c1-424b-9868-57a2d4851a1d" />
    <TestEntry testId="4c25d9c4-7195-e009-f47f-314745602d75" executionId="b750f88d-8dd6-44db-91fa-211de5aa51d7" testListId="8c84fa94-04c1-424b-9868-57a2d4851a1d" />
    <TestEntry testId="fd386a3f-a9a9-f707-af1f-7bfff4525e38" executionId="bd886663-8572-4262-9447-d2b90116b8e4" testListId="8c84fa94-04c1-424b-9868-57a2d4851a1d" />
    <TestEntry testId="831a4700-4280-3ccd-21d8-f5f604ea12d2" executionId="aef2779c-ac06-4e94-97dd-e5d3206161d1" testListId="8c84fa94-04c1-424b-9868-57a2d4851a1d" />
    <TestEntry testId="ea7c8f3d-8a16-b2f3-b86d-92e1bbc9b9c7" executionId="b6fbf792-47fb-4ed1-9357-cb5f6d7adf3b" testListId="8c84fa94-04c1-424b-9868-57a2d4851a1d" />
    <TestEntry testId="6e05f086-3ad3-b5e2-47c5-d7b514255409" executionId="5138543d-e939-4956-85fd-a61203587317" testListId="8c84fa94-04c1-424b-9868-57a2d4851a1d" />
    <TestEntry testId="37e0a575-b1f4-8a64-66cd-841cc5096015" executionId="e6c86115-3eca-4f51-9768-2f9c0393ceb8" testListId="8c84fa94-04c1-424b-9868-57a2d4851a1d" />
    <TestEntry testId="4cb27c6f-9918-3553-f9c8-f8aa01445295" executionId="8ebc358b-68d1-4998-9d1b-43db95b5bc9c" testListId="8c84fa94-04c1-424b-9868-57a2d4851a1d" />
    <TestEntry testId="72caf7c5-5a44-3398-6059-60ed1b0451dd" executionId="e4aae65a-478e-4b52-a458-1778b696450e" testListId="8c84fa94-04c1-424b-9868-57a2d4851a1d" />
    <TestEntry testId="5da8c5dc-8ba7-124b-a743-a3a3e93bca01" executionId="b17ad669-67ce-4b0b-9477-4a1fdb789a9a" testListId="8c84fa94-04c1-424b-9868-57a2d4851a1d" />
    <TestEntry testId="9cf8d3db-c963-4d0a-6444-41006ff07e7e" executionId="bd968472-8db4-49ad-803f-7d615d70c524" testListId="8c84fa94-04c1-424b-9868-57a2d4851a1d" />
    <TestEntry testId="c334bc67-8ff9-4161-02ad-25619016df5f" executionId="2b854198-7c31-4ab4-9600-0a6d0b6f2885" testListId="8c84fa94-04c1-424b-9868-57a2d4851a1d" />
    <TestEntry testId="a740fbf0-9aa2-cd52-dab0-01c20d647d43" executionId="2ea7f5b8-f52b-4f10-a876-1c4931b26d51" testListId="8c84fa94-04c1-424b-9868-57a2d4851a1d" />
    <TestEntry testId="5fb5ca8d-2b3c-1e3c-db7a-47c6ee32b770" executionId="d0b5ecad-7466-425e-830c-907a68cd0db0" testListId="8c84fa94-04c1-424b-9868-57a2d4851a1d" />
    <TestEntry testId="27498d42-7bbc-c38f-fb94-d07994a07cdc" executionId="65f8137c-8ce0-4a45-974e-9bd161511741" testListId="8c84fa94-04c1-424b-9868-57a2d4851a1d" />
    <TestEntry testId="9825cfbc-2da7-4392-c4fd-cb2df3e16b64" executionId="ecddf31b-ee98-454b-a865-507506032e7c" testListId="8c84fa94-04c1-424b-9868-57a2d4851a1d" />
    <TestEntry testId="51ddb7b9-203d-bea5-aae2-647bb1045c8d" executionId="6f2725d7-d7f7-46f2-b91f-99b5921189c7" testListId="8c84fa94-04c1-424b-9868-57a2d4851a1d" />
    <TestEntry testId="3593faca-3b71-6a5c-b854-16983be47203" executionId="d3f72627-7c58-404e-9f49-5bf8ceac71c2" testListId="8c84fa94-04c1-424b-9868-57a2d4851a1d" />
    <TestEntry testId="dcab0f5a-559b-645f-8113-283b97911312" executionId="161d8d1b-e5c4-4441-a077-c040d1d73f30" testListId="8c84fa94-04c1-424b-9868-57a2d4851a1d" />
    <TestEntry testId="873b0ec3-8762-3e25-eb95-5c23fee39684" executionId="7a08d227-2ae4-4637-bd80-9f8e42327642" testListId="8c84fa94-04c1-424b-9868-57a2d4851a1d" />
    <TestEntry testId="ee42f87e-76f9-dab0-c8e1-bdd1a6df38c5" executionId="9253363f-c95a-49a9-819b-3a6fd95a8a80" testListId="8c84fa94-04c1-424b-9868-57a2d4851a1d" />
    <TestEntry testId="e0c30c38-4acf-7edb-0311-7e2ff9a258c6" executionId="f66d7119-9677-4c4a-89f4-ef961592bfac" testListId="8c84fa94-04c1-424b-9868-57a2d4851a1d" />
    <TestEntry testId="21164ddf-0ff1-4552-16fa-82b564f20ece" executionId="ddd0f542-a50b-4252-8661-a72aad5f43e8" testListId="8c84fa94-04c1-424b-9868-57a2d4851a1d" />
    <TestEntry testId="e42eb884-a502-43a5-d5eb-c36e2990c151" executionId="3a7bf00a-f5c9-416d-91fe-5ee2d39f390d" testListId="8c84fa94-04c1-424b-9868-57a2d4851a1d" />
    <TestEntry testId="518aa60d-70ea-c078-7267-9254ad099443" executionId="9712ff87-7e98-4bd1-aebe-6cb47b534103" testListId="8c84fa94-04c1-424b-9868-57a2d4851a1d" />
    <TestEntry testId="55bf2929-b444-c088-260d-e1f54a53793f" executionId="ac925e56-a228-4235-b97b-747a7dc601eb" testListId="8c84fa94-04c1-424b-9868-57a2d4851a1d" />
    <TestEntry testId="1fe02c7d-840c-85b9-a599-0d65d4be7904" executionId="5a84b944-58f6-44be-acb4-7f918a505eb1" testListId="8c84fa94-04c1-424b-9868-57a2d4851a1d" />
    <TestEntry testId="a0716c2f-3af0-a7aa-191d-2dd33bd2956b" executionId="8b668454-35b7-47a1-b6f3-7c52410fd4ce" testListId="8c84fa94-04c1-424b-9868-57a2d4851a1d" />
    <TestEntry testId="2b653649-6e33-5754-da73-e11394219d94" executionId="f4577ab3-c2e1-49d4-a7f8-91b0e917f1d2" testListId="8c84fa94-04c1-424b-9868-57a2d4851a1d" />
    <TestEntry testId="d315d4a8-7093-dfe1-f195-162981862df8" executionId="a6e0b79c-50bd-4dbf-856a-fc9fee793b2b" testListId="8c84fa94-04c1-424b-9868-57a2d4851a1d" />
    <TestEntry testId="6e59caa7-d3d7-2228-d2ea-7c7e50d33d8a" executionId="dd3ce3d9-c315-4fec-8b48-e03a37f31fa8" testListId="8c84fa94-04c1-424b-9868-57a2d4851a1d" />
    <TestEntry testId="a4bcc8b8-30aa-0188-cf3e-b46354e70d8f" executionId="2ec7341c-c20d-498a-999d-ce7a00b14be1" testListId="8c84fa94-04c1-424b-9868-57a2d4851a1d" />
    <TestEntry testId="861d2551-3797-dc3c-215c-ed23aee8dd5f" executionId="62fb825c-2c07-46aa-b8d0-5c4cf7d41c58" testListId="8c84fa94-04c1-424b-9868-57a2d4851a1d" />
    <TestEntry testId="60288a6f-cda2-3d1b-005c-ed5d7b4eab90" executionId="f012654c-79da-4f7a-878e-5123d4f4fa36" testListId="8c84fa94-04c1-424b-9868-57a2d4851a1d" />
    <TestEntry testId="2d702fc6-7b20-a656-2e48-b8bfa8dc6b8b" executionId="45e2e8d4-d729-4113-a347-c663e4b8b05b" testListId="8c84fa94-04c1-424b-9868-57a2d4851a1d" />
    <TestEntry testId="a4e7e6b0-f47f-77cc-78fc-8bb726fd1e88" executionId="9694d3c3-c4d0-4eb1-9901-d8a64f3a87f4" testListId="8c84fa94-04c1-424b-9868-57a2d4851a1d" />
    <TestEntry testId="268d5a21-ac9e-4e74-553d-d96f5454f6a5" executionId="f89ec8e3-eec4-4f9a-a536-47d3e92644d9" testListId="8c84fa94-04c1-424b-9868-57a2d4851a1d" />
    <TestEntry testId="49f414c6-759e-10c7-56c6-a3de5733e99b" executionId="6f642c0d-1159-4148-99d7-a2c44154f01c" testListId="8c84fa94-04c1-424b-9868-57a2d4851a1d" />
    <TestEntry testId="b33228ae-5200-3eaf-6ae6-c19f5e7f8288" executionId="f2c4d46f-793b-4310-ad2e-8b8acbab9601" testListId="8c84fa94-04c1-424b-9868-57a2d4851a1d" />
    <TestEntry testId="aefecab0-bd07-aad7-eee6-85c8245976ba" executionId="c10126f7-eca4-476a-bd63-6519943c16e9" testListId="8c84fa94-04c1-424b-9868-57a2d4851a1d" />
    <TestEntry testId="a1740249-5b73-d42d-2ee5-0bb59ecab300" executionId="acf3ef5c-772b-4656-b4b5-90c7a6740db9" testListId="8c84fa94-04c1-424b-9868-57a2d4851a1d" />
    <TestEntry testId="d2915daa-2f5a-df8f-2065-a9e7a7ecfa8f" executionId="be399134-728a-467f-bf7a-89d35a946e73" testListId="8c84fa94-04c1-424b-9868-57a2d4851a1d" />
    <TestEntry testId="ae7e4216-6c43-151b-b40f-2949a789d7a6" executionId="c4bbf370-479a-4eec-9f65-58ff41d8660b" testListId="8c84fa94-04c1-424b-9868-57a2d4851a1d" />
    <TestEntry testId="b3ff4076-6744-0bb7-0212-2bb49c946c00" executionId="7f3ffdbd-6c6c-47b0-9d88-9b36d8ea3f8d" testListId="8c84fa94-04c1-424b-9868-57a2d4851a1d" />
    <TestEntry testId="743b9db0-6a0f-7501-ff12-756b83ece87a" executionId="4a572d85-7198-4cb0-917a-c8a90b06c998" testListId="8c84fa94-04c1-424b-9868-57a2d4851a1d" />
    <TestEntry testId="070017ab-b10d-4a6b-6803-f0763996f7d1" executionId="77474b4e-8dc6-4eff-80ea-0c19e3eb8f5b" testListId="8c84fa94-04c1-424b-9868-57a2d4851a1d" />
    <TestEntry testId="d8ab00bc-0a1b-9be6-ec5b-0912cb157711" executionId="5030a973-c2d8-465f-a0b4-e2bc2dce1978" testListId="8c84fa94-04c1-424b-9868-57a2d4851a1d" />
    <TestEntry testId="4b5596be-07db-8d75-a5c8-92c98ec20ff1" executionId="d6a7dcec-3e9f-4a30-bf9b-b619544b693d" testListId="8c84fa94-04c1-424b-9868-57a2d4851a1d" />
    <TestEntry testId="13601ec6-61f0-b258-ec6f-80d29fd448e1" executionId="a86a66ee-4a94-4112-9636-cc7acd95a0c7" testListId="8c84fa94-04c1-424b-9868-57a2d4851a1d" />
    <TestEntry testId="644b08c7-1295-9b8c-bbb9-4b4fbedfbd93" executionId="f4994dda-4fee-4c5a-9989-b7e4faab8d1f" testListId="8c84fa94-04c1-424b-9868-57a2d4851a1d" />
    <TestEntry testId="26283692-6ea5-ef23-5227-803d8498a28b" executionId="b9149337-e06b-427c-ba89-bdcf5e8c82d1" testListId="8c84fa94-04c1-424b-9868-57a2d4851a1d" />
    <TestEntry testId="e1147cf7-e114-c0f6-ec05-af3a859e7d84" executionId="69cafd50-fffe-4e90-a2e5-411958074576" testListId="8c84fa94-04c1-424b-9868-57a2d4851a1d" />
    <TestEntry testId="c74efa06-54fc-004a-450f-b031280dca5f" executionId="3cb932b8-9f2f-4a64-b379-c2cc64f75d59" testListId="8c84fa94-04c1-424b-9868-57a2d4851a1d" />
    <TestEntry testId="f282f516-d6f5-0f39-4b1d-4707b9d8b389" executionId="eed8e180-23c0-438f-bb69-5b766000efa4" testListId="8c84fa94-04c1-424b-9868-57a2d4851a1d" />
    <TestEntry testId="cd4a74fd-d6aa-9edc-46cf-42e0c57d2d6f" executionId="d6dd11b7-4447-4099-8fb2-5d6ebc869955" testListId="8c84fa94-04c1-424b-9868-57a2d4851a1d" />
    <TestEntry testId="ddac6368-76dc-846a-51e1-c9e3b8e386f6" executionId="53f96f05-f3d4-4191-93dc-0507602289d8" testListId="8c84fa94-04c1-424b-9868-57a2d4851a1d" />
    <TestEntry testId="3164209d-17e5-0efd-f874-022401969ff2" executionId="92937027-867b-4d20-a9bf-ba2f6a705f50" testListId="8c84fa94-04c1-424b-9868-57a2d4851a1d" />
    <TestEntry testId="ac3a7322-cc2f-ea3b-97f9-3379a3199eb7" executionId="b989f91d-0f7d-4cba-ab26-d9450864cfa1" testListId="8c84fa94-04c1-424b-9868-57a2d4851a1d" />
    <TestEntry testId="80efc0c9-dbbe-5e7f-5fb7-2414b5b4faf7" executionId="494820ae-d6a7-4225-814c-ffabdc779c3b" testListId="8c84fa94-04c1-424b-9868-57a2d4851a1d" />
    <TestEntry testId="a1439d3c-8d7e-02e3-f982-9cee2961859c" executionId="3426c0c1-28a1-4c9c-88cb-6b8bdee52174" testListId="8c84fa94-04c1-424b-9868-57a2d4851a1d" />
    <TestEntry testId="767be23d-52dd-1b2a-9c75-39cdbd09e837" executionId="350355d1-4b6e-4367-baa8-f9d3983f7fa0" testListId="8c84fa94-04c1-424b-9868-57a2d4851a1d" />
    <TestEntry testId="508081dd-dca9-3012-b00b-9eb9373a2d4d" executionId="17945224-7d75-4986-8f4c-fd9a8b2ba16c" testListId="8c84fa94-04c1-424b-9868-57a2d4851a1d" />
    <TestEntry testId="8391f402-d143-5964-176a-6ac406d2c593" executionId="bdb84205-e5d2-4c27-8138-a7b19d44f354" testListId="8c84fa94-04c1-424b-9868-57a2d4851a1d" />
    <TestEntry testId="cb02662b-9837-a44f-4572-7ad943af279f" executionId="9b797e20-c3f4-48e3-9b5f-e8eed6e05660" testListId="8c84fa94-04c1-424b-9868-57a2d4851a1d" />
    <TestEntry testId="e4f648f2-0672-2b28-d6c9-33370a86b335" executionId="285eecf8-116e-4050-9b03-192c2591b24a" testListId="8c84fa94-04c1-424b-9868-57a2d4851a1d" />
    <TestEntry testId="a37dfa91-edcb-1f50-e5b8-8ef48cf05477" executionId="61268178-f91e-41bc-bf59-2d3dc9726034" testListId="8c84fa94-04c1-424b-9868-57a2d4851a1d" />
    <TestEntry testId="587a0f19-ab82-2c4f-fcdb-f629754ca072" executionId="375cd0f3-e333-4597-b8c4-5403d1b50166" testListId="8c84fa94-04c1-424b-9868-57a2d4851a1d" />
    <TestEntry testId="35a16321-597a-cf21-e1c5-00eacefa4fe6" executionId="3c46ed7c-64d5-4fc4-a674-800134c37e9c" testListId="8c84fa94-04c1-424b-9868-57a2d4851a1d" />
    <TestEntry testId="e2d2317a-47a7-3cda-ea7e-01c7d425d8a7" executionId="f8047511-00bd-4bd2-9d13-50b0cd341c2b" testListId="8c84fa94-04c1-424b-9868-57a2d4851a1d" />
    <TestEntry testId="4c4a38c8-f94a-5b87-dc20-e9e971892500" executionId="cd9c7e9a-29e9-4b17-8b17-f269e404658b" testListId="8c84fa94-04c1-424b-9868-57a2d4851a1d" />
    <TestEntry testId="d1573ce3-bd92-2600-94b7-f1c11afafb7b" executionId="916e698a-a683-48cf-9241-48b4079bf53a" testListId="8c84fa94-04c1-424b-9868-57a2d4851a1d" />
    <TestEntry testId="e9b54d64-f76b-4059-7709-45a7f0e7e855" executionId="34251c78-a8e6-498f-ad0d-b82a39ec47f3" testListId="8c84fa94-04c1-424b-9868-57a2d4851a1d" />
    <TestEntry testId="bbc0d264-8ce0-2864-98f6-f8803cb7a31f" executionId="f74d4de8-336f-4761-b9e2-9d931f1a09cf" testListId="8c84fa94-04c1-424b-9868-57a2d4851a1d" />
    <TestEntry testId="b247f828-c4c9-ff77-3c8b-b73d97d2769b" executionId="e4e232d7-ce5f-45ed-b313-5e1482fe5748" testListId="8c84fa94-04c1-424b-9868-57a2d4851a1d" />
    <TestEntry testId="09569d09-2516-706e-d9b6-9e01c0be7776" executionId="e0d674cf-d080-48a6-8997-5abcde7895fa" testListId="8c84fa94-04c1-424b-9868-57a2d4851a1d" />
    <TestEntry testId="9fc058b5-5450-12d9-8d4a-ccf8735abd5f" executionId="83094a81-b3c3-4e73-9146-da7404277926" testListId="8c84fa94-04c1-424b-9868-57a2d4851a1d" />
    <TestEntry testId="9e263691-77f1-8197-8698-8c7739de3ed1" executionId="8cad2ddb-4524-47e6-84f3-b46f3d8f61de" testListId="8c84fa94-04c1-424b-9868-57a2d4851a1d" />
    <TestEntry testId="0e546871-92ca-2379-fab8-fca184e7cd10" executionId="34e245fc-6987-4e94-be23-a5fad63ced7e" testListId="8c84fa94-04c1-424b-9868-57a2d4851a1d" />
    <TestEntry testId="ef11c466-bb59-1011-9803-0914c21a535a" executionId="2dbc04c7-ed62-4bc2-9e38-e751e3f9e3ba" testListId="8c84fa94-04c1-424b-9868-57a2d4851a1d" />
    <TestEntry testId="463d1e96-c1d7-0e9c-2a9a-2258af1ecd4e" executionId="ad7cf9ed-a8a7-41e7-805f-daeb7d33c893" testListId="8c84fa94-04c1-424b-9868-57a2d4851a1d" />
    <TestEntry testId="71b46026-ee57-7414-4cfe-318877eaaba4" executionId="7040817d-9ea5-4d13-b946-c452d40acda7" testListId="8c84fa94-04c1-424b-9868-57a2d4851a1d" />
    <TestEntry testId="80526718-af9c-a000-b0c5-0f1b776e905a" executionId="068da3a2-9e3e-4b51-9f6f-ad2ad9546010" testListId="8c84fa94-04c1-424b-9868-57a2d4851a1d" />
    <TestEntry testId="f64710c5-45e7-9c6b-9dc4-9553befe996c" executionId="37129190-16ff-4c4e-bdfb-a4f7baa8b573" testListId="8c84fa94-04c1-424b-9868-57a2d4851a1d" />
    <TestEntry testId="014aa458-d759-b18e-e76f-1c52acf08817" executionId="39f9be30-d685-4185-97fd-a85fe68bd437" testListId="8c84fa94-04c1-424b-9868-57a2d4851a1d" />
    <TestEntry testId="8d3ecfb5-4f4c-425b-4ea5-1bf251a4964d" executionId="64ab0d62-0efa-4ca9-8f59-29d0807b339e" testListId="8c84fa94-04c1-424b-9868-57a2d4851a1d" />
    <TestEntry testId="54d25c6f-dc20-daf2-4e1d-b092fe675c39" executionId="275106f7-fb8f-474e-8873-e64f2c643a54" testListId="8c84fa94-04c1-424b-9868-57a2d4851a1d" />
    <TestEntry testId="97aa3fa1-18ae-4ef4-802a-81d1bbb86107" executionId="c59bd5bc-6183-4543-97ee-c0c7d7b75f47" testListId="8c84fa94-04c1-424b-9868-57a2d4851a1d" />
    <TestEntry testId="811d2d85-72f5-81dc-da5e-fa6233c93a0a" executionId="42f9c543-c765-452c-ae8c-8509baa958b8" testListId="8c84fa94-04c1-424b-9868-57a2d4851a1d" />
    <TestEntry testId="b5a1ec9c-efba-50d6-27f6-dccb30113c80" executionId="1fa6dc4e-cecd-4544-a5fc-1870c71b7642" testListId="8c84fa94-04c1-424b-9868-57a2d4851a1d" />
    <TestEntry testId="def93bc1-1d00-221e-ff3a-72fa3b306e12" executionId="ad0b4b3d-067c-4fdf-9097-2d0a194c0ed3" testListId="8c84fa94-04c1-424b-9868-57a2d4851a1d" />
    <TestEntry testId="a2477821-055b-9066-54fb-985208058e05" executionId="8e0e7290-8e6f-4be2-98e5-f9fa7ba9eac2" testListId="8c84fa94-04c1-424b-9868-57a2d4851a1d" />
    <TestEntry testId="47607c4c-e7ac-953f-458b-a3c0040bf011" executionId="777516a8-b139-4f41-8565-608272782d1d" testListId="8c84fa94-04c1-424b-9868-57a2d4851a1d" />
    <TestEntry testId="a24d2938-8b8c-cfc6-8442-4b8e53130137" executionId="01246d3d-4ffe-4611-87ee-0ae398d035f7" testListId="8c84fa94-04c1-424b-9868-57a2d4851a1d" />
    <TestEntry testId="2ce95934-9fe4-6fa4-2010-77aef0c6633d" executionId="748881a9-c443-4502-85d9-fc03bff4c8d9" testListId="8c84fa94-04c1-424b-9868-57a2d4851a1d" />
    <TestEntry testId="094c5718-da43-3007-1e10-b3d9e851d275" executionId="c41fa37b-4082-4e5e-89aa-41fe7a9b87cf" testListId="8c84fa94-04c1-424b-9868-57a2d4851a1d" />
    <TestEntry testId="26a11d24-5430-325a-f86e-03d3ca9c8af1" executionId="76f513d9-2833-428c-bb16-09acf6b74498" testListId="8c84fa94-04c1-424b-9868-57a2d4851a1d" />
  </TestEntries>
  <TestLists>
    <TestList name="Results Not in a List" id="8c84fa94-04c1-424b-9868-57a2d4851a1d" />
    <TestList name="All Loaded Results" id="19431567-8539-422a-85d7-44ee4e166bda" />
  </TestLists>
  <ResultSummary outcome="Completed">
    <Counters total="662" executed="662" passed="662" failed="0" error="0" timeout="0" aborted="0" inconclusive="0" passedButRunAborted="0" notRunnable="0" notExecuted="0" disconnected="0" warning="0" completed="0" inProgress="0" pending="0" />
  </ResultSummary>
</TestRun>