<?xml version="1.0" encoding="utf-8"?>
<TestRun id="60b6f06a-fa01-4ea2-a5e7-84408da70d8b" name="DKSR-EFI-04$@DKSR-EFI-04 2023-12-22 09:32:23" runUser="NT AUTHORITY\NETWORK SERVICE" xmlns="http://microsoft.com/schemas/VisualStudio/TeamTest/2010">
  <Times creation="2023-12-22T09:32:23.0840464+01:00" queuing="2023-12-22T09:32:23.0840464+01:00" start="2023-12-22T09:32:21.3027891+01:00" finish="2023-12-22T09:34:05.1314071+01:00" />
  <TestSettings name="default" id="7434ac26-c28b-4c34-856a-e602aee92039">
    <Deployment runDeploymentRoot="DKSR-EFI-04$_DKSR-EFI-04_2023-12-22_09_32_23" />
  </TestSettings>
  <Results>
    <UnitTestResult executionId="212616bc-280e-423f-9984-9fd11e03b6be" testId="79a493f3-eadd-d3ad-d16d-72b9a5373ac2" testName="DeleteSettings_EncryptionEnabledIsFalse_SchemeIsHttp" computerName="DKSR-EFI-04" duration="00:00:00.0029657" startTime="2023-12-22T09:34:03.9907799+01:00" endTime="2023-12-22T09:34:03.9907799+01:00" testType="13cdc9d9-ddb5-4fa4-a97d-d965ccfc6d4b" outcome="Passed" testListId="8c84fa94-04c1-424b-9868-57a2d4851a1d" relativeResultsDirectory="212616bc-280e-423f-9984-9fd11e03b6be" />
    <UnitTestResult executionId="9bbd4a65-a2ff-42d9-bed7-3c94a66c957a" testId="2250117e-e5e3-16cb-d339-b1e5deef55da" testName="Given_ClassThatInheritsBaseClass_When_SettingAnAddressThatIsPresentWithNonWebExceptionWithNonHttpResponse_Then_RegistrationReturnsUnknownError" computerName="DKSR-EFI-04" duration="00:00:00.0045203" startTime="2023-12-22T09:34:04.3032802+01:00" endTime="2023-12-22T09:34:04.3189060+01:00" testType="13cdc9d9-ddb5-4fa4-a97d-d965ccfc6d4b" outcome="Passed" testListId="8c84fa94-04c1-424b-9868-57a2d4851a1d" relativeResultsDirectory="9bbd4a65-a2ff-42d9-bed7-3c94a66c957a" />
    <UnitTestResult executionId="d9c009ea-4e7a-452a-8f98-1f9f757089e2" testId="5818bfd6-f7d1-a08c-dce1-112f30fa95f7" testName="RegisterClientWithRetry_Success" computerName="DKSR-EFI-04" duration="00:00:00.1869215" startTime="2023-12-22T09:32:22.9434212+01:00" endTime="2023-12-22T09:32:23.1309213+01:00" testType="13cdc9d9-ddb5-4fa4-a97d-d965ccfc6d4b" outcome="Passed" testListId="8c84fa94-04c1-424b-9868-57a2d4851a1d" relativeResultsDirectory="d9c009ea-4e7a-452a-8f98-1f9f757089e2" />
    <UnitTestResult executionId="b0ffb0d2-f98c-4612-81ac-3411b274240d" testId="3a255943-38fd-65a0-06e8-f98bd5bb6ead" testName="SaveSettings_EncryptionEnabledIsTrue_EnforceSslConfigurationAndUrlReservationIsCalledAndSchemeIsHttps" computerName="DKSR-EFI-04" duration="00:00:00.0061717" startTime="2023-12-22T09:34:03.9282785+01:00" endTime="2023-12-22T09:34:03.9439031+01:00" testType="13cdc9d9-ddb5-4fa4-a97d-d965ccfc6d4b" outcome="Passed" testListId="8c84fa94-04c1-424b-9868-57a2d4851a1d" relativeResultsDirectory="b0ffb0d2-f98c-4612-81ac-3411b274240d" />
    <UnitTestResult executionId="ebad9065-9c25-4d39-a7bd-fe1b05850170" testId="a21fdb2e-3655-b9f0-5ff0-63b04dd2fe77" testName="Ctor_ServicenNameIsNull_ThrowsArgumentNullException" computerName="DKSR-EFI-04" duration="00:00:00.0010001" startTime="2023-12-22T09:34:03.9907799+01:00" endTime="2023-12-22T09:34:03.9907799+01:00" testType="13cdc9d9-ddb5-4fa4-a97d-d965ccfc6d4b" outcome="Passed" testListId="8c84fa94-04c1-424b-9868-57a2d4851a1d" relativeResultsDirectory="ebad9065-9c25-4d39-a7bd-fe1b05850170" />
    <UnitTestResult executionId="d2e9e429-c810-4220-9707-c3c9b1a155db" testId="93662373-249d-c98c-580e-bfcc9245381a" testName="PreExecute_ReturnStatusThatCauseStop_SuccessStatusReturned" computerName="DKSR-EFI-04" duration="00:00:00.0440223" startTime="2023-12-22T09:34:04.3345313+01:00" endTime="2023-12-22T09:34:04.3657815+01:00" testType="13cdc9d9-ddb5-4fa4-a97d-d965ccfc6d4b" outcome="Passed" testListId="8c84fa94-04c1-424b-9868-57a2d4851a1d" relativeResultsDirectory="d2e9e429-c810-4220-9707-c3c9b1a155db" />
    <UnitTestResult executionId="45f1395d-1fa1-4c01-afe4-5f770f856f88" testId="047c9a72-711d-4fb1-a112-f93b115bf550" testName="SaveSettings_EncryptionEnabledIsTrue_EnforceSslConfigurationAndUrlReservationIsCalledAndSchemeIsHttps_AndRelativeUriIsSet" computerName="DKSR-EFI-04" duration="00:00:00.0049066" startTime="2023-12-22T09:34:03.9595299+01:00" endTime="2023-12-22T09:34:03.9595299+01:00" testType="13cdc9d9-ddb5-4fa4-a97d-d965ccfc6d4b" outcome="Passed" testListId="8c84fa94-04c1-424b-9868-57a2d4851a1d" relativeResultsDirectory="45f1395d-1fa1-4c01-afe4-5f770f856f88" />
    <UnitTestResult executionId="f89eec6b-86ae-4773-bb3c-6bbd42fc14d6" testId="0279fe0a-9bc6-8f00-7ac7-de06e6aceb8a" testName="Given_ClassThatInheritsBaseClass_When_SettingAnAddressThatIsPresentWithWebExceptionInsufficientCredentials_Then_RegistrationSucceedsAndNoWarningsAreLogged" computerName="DKSR-EFI-04" duration="00:00:00.0050644" startTime="2023-12-22T09:34:04.3032802+01:00" endTime="2023-12-22T09:34:04.3032802+01:00" testType="13cdc9d9-ddb5-4fa4-a97d-d965ccfc6d4b" outcome="Passed" testListId="8c84fa94-04c1-424b-9868-57a2d4851a1d" relativeResultsDirectory="f89eec6b-86ae-4773-bb3c-6bbd42fc14d6" />
    <UnitTestResult executionId="76a7c763-83f0-4209-a804-2fd08f3d7fd5" testId="9bf51f39-7b99-ae61-e144-e563cf172e93" testName="RegisterClient_RegisterClientThrowsHttpRequestException_AuthorizationServerNotFoundIsReturned" computerName="DKSR-EFI-04" duration="00:00:30.1728019" startTime="2023-12-22T09:32:33.5844081+01:00" endTime="2023-12-22T09:33:03.7561116+01:00" testType="13cdc9d9-ddb5-4fa4-a97d-d965ccfc6d4b" outcome="Passed" testListId="8c84fa94-04c1-424b-9868-57a2d4851a1d" relativeResultsDirectory="76a7c763-83f0-4209-a804-2fd08f3d7fd5" />
    <UnitTestResult executionId="6e2bc720-53d8-45a6-adf6-c5b0480a6f9b" testId="75177370-ff6c-8337-c81e-033ee713647f" testName="PreExecute_ReturnStatusThatCauseNoStop_SuccessStatusReturned" computerName="DKSR-EFI-04" duration="00:00:00.0112138" startTime="2023-12-22T09:34:04.3657815+01:00" endTime="2023-12-22T09:34:04.3814060+01:00" testType="13cdc9d9-ddb5-4fa4-a97d-d965ccfc6d4b" outcome="Passed" testListId="8c84fa94-04c1-424b-9868-57a2d4851a1d" relativeResultsDirectory="6e2bc720-53d8-45a6-adf6-c5b0480a6f9b" />
    <UnitTestResult executionId="233d49dd-81fb-4298-b406-87605f706f93" testId="639bf11a-4e66-0eec-6005-1b15ab2dca23" testName="Given_ClassThatInheritsBaseClass_When_SettingAnAddressThatIsNotPresent_Then_RegistrationReturnsMsNotFound" computerName="DKSR-EFI-04" duration="00:00:00.0016621" startTime="2023-12-22T09:34:04.3032802+01:00" endTime="2023-12-22T09:34:04.3032802+01:00" testType="13cdc9d9-ddb5-4fa4-a97d-d965ccfc6d4b" outcome="Passed" testListId="8c84fa94-04c1-424b-9868-57a2d4851a1d" relativeResultsDirectory="233d49dd-81fb-4298-b406-87605f706f93" />
    <UnitTestResult executionId="9677eb5f-1214-4ac0-a63d-6674a24429aa" testId="76ac24d3-c0e1-918b-ed89-0c9a580f78bf" testName="PreExecute_StopServiceThrowsException_ServiceIsAlreadyStopped_Succeeds" computerName="DKSR-EFI-04" duration="00:00:00.0023988" startTime="2023-12-22T09:34:04.4282866+01:00" endTime="2023-12-22T09:34:04.4282866+01:00" testType="13cdc9d9-ddb5-4fa4-a97d-d965ccfc6d4b" outcome="Passed" testListId="8c84fa94-04c1-424b-9868-57a2d4851a1d" relativeResultsDirectory="9677eb5f-1214-4ac0-a63d-6674a24429aa" />
    <UnitTestResult executionId="0d00f955-7235-45ba-a779-02dfa451a6dd" testId="6191fff3-03bb-cef0-9e31-b12d5ce38c25" testName="RegisterClient_UnsuccessfulHttpStatus_CorrectErrorCodeIsReturned (Unauthorized,VmsAdminCredentialsNeeded)" computerName="DKSR-EFI-04" duration="00:00:30.0640078" startTime="2023-12-22T09:33:03.7561116+01:00" endTime="2023-12-22T09:33:33.8500058+01:00" testType="13cdc9d9-ddb5-4fa4-a97d-d965ccfc6d4b" outcome="Passed" testListId="8c84fa94-04c1-424b-9868-57a2d4851a1d" relativeResultsDirectory="0d00f955-7235-45ba-a779-02dfa451a6dd" />
    <UnitTestResult executionId="25e8ea0c-ef5e-46d8-9e88-dd1fe2382ea0" testId="ffdd7d7c-e933-fc49-2354-9d6ee3484422" testName="SaveSettings_EncryptionEnabledIsTrueMultipleRelativeUris_EnforceSslConfigurationAndUrlReservationIsCalledAndSchemeIsHttps_AndAllRelativeUriAreSet" computerName="DKSR-EFI-04" duration="00:00:00.0129246" startTime="2023-12-22T09:34:03.9595299+01:00" endTime="2023-12-22T09:34:03.9751557+01:00" testType="13cdc9d9-ddb5-4fa4-a97d-d965ccfc6d4b" outcome="Passed" testListId="8c84fa94-04c1-424b-9868-57a2d4851a1d" relativeResultsDirectory="25e8ea0c-ef5e-46d8-9e88-dd1fe2382ea0" />
    <UnitTestResult executionId="258ead75-825b-478d-ae22-5c87689c13e3" testId="737f180e-adc2-9bd5-b15b-cce3f0786bbd" testName="LoggedErrorStatus_NullException_ErrorLoggedAndReturned" computerName="DKSR-EFI-04" duration="00:00:00.0009919" startTime="2023-12-22T09:34:04.4595299+01:00" endTime="2023-12-22T09:34:04.4595299+01:00" testType="13cdc9d9-ddb5-4fa4-a97d-d965ccfc6d4b" outcome="Passed" testListId="8c84fa94-04c1-424b-9868-57a2d4851a1d" relativeResultsDirectory="258ead75-825b-478d-ae22-5c87689c13e3" />
    <UnitTestResult executionId="39afb655-a513-4c1a-b3db-a7f1ea289e21" testId="781c0c5a-15aa-b878-d316-875348e8af34" testName="EndpointRegistrarBase_ServiceNameIsNull_ArgumentNullExceptionThrown" computerName="DKSR-EFI-04" duration="00:00:00.0006306" startTime="2023-12-22T09:32:22.6465445+01:00" endTime="2023-12-22T09:32:22.6465445+01:00" testType="13cdc9d9-ddb5-4fa4-a97d-d965ccfc6d4b" outcome="Passed" testListId="8c84fa94-04c1-424b-9868-57a2d4851a1d" relativeResultsDirectory="39afb655-a513-4c1a-b3db-a7f1ea289e21" />
    <UnitTestResult executionId="df8190db-7bd1-47ed-b88a-266030802236" testId="ae5dc155-54b8-fb2f-5161-45627538006b" testName="PostExecute_ServiceNotRunning_SuccessStatusReturned" computerName="DKSR-EFI-04" duration="00:00:00.0009561" startTime="2023-12-22T09:34:04.4282866+01:00" endTime="2023-12-22T09:34:04.4282866+01:00" testType="13cdc9d9-ddb5-4fa4-a97d-d965ccfc6d4b" outcome="Passed" testListId="8c84fa94-04c1-424b-9868-57a2d4851a1d" relativeResultsDirectory="df8190db-7bd1-47ed-b88a-266030802236" />
    <UnitTestResult executionId="4024aaa6-f4b7-4838-968d-bd118b3ff7a6" testId="bd257202-dc8f-dd22-ad23-824e7be45ac8" testName="PostExecute_ServiceRunningWaitForServiceTimeOut_ErrorStatusLoggedAndReturned" computerName="DKSR-EFI-04" duration="00:00:00.0034042" startTime="2023-12-22T09:34:04.4439064+01:00" endTime="2023-12-22T09:34:04.4439064+01:00" testType="13cdc9d9-ddb5-4fa4-a97d-d965ccfc6d4b" outcome="Passed" testListId="8c84fa94-04c1-424b-9868-57a2d4851a1d" relativeResultsDirectory="4024aaa6-f4b7-4838-968d-bd118b3ff7a6" />
    <UnitTestResult executionId="0456f1e8-8162-4f04-bda2-bd5f453e57f5" testId="58bcb3f3-5a47-0466-b490-f461c9cdbf2d" testName="SaveSettings_EncryptionEnabledIsTrue_EnforceSslConfigurationAndUrlReservationIsCalledAndSchemeIsHttps_AndRelativeUriIsSetToNull" computerName="DKSR-EFI-04" duration="00:00:00.0149532" startTime="2023-12-22T09:34:03.9439031+01:00" endTime="2023-12-22T09:34:03.9595299+01:00" testType="13cdc9d9-ddb5-4fa4-a97d-d965ccfc6d4b" outcome="Passed" testListId="8c84fa94-04c1-424b-9868-57a2d4851a1d" relativeResultsDirectory="0456f1e8-8162-4f04-bda2-bd5f453e57f5" />
    <UnitTestResult executionId="5a5dd361-519b-4368-8dd1-6ce8d9387e90" testId="da3ae52e-52ca-a63c-541e-980271333f51" testName="Initialize_ValidLogger_SuccessStatusReturned" computerName="DKSR-EFI-04" duration="00:00:00.0005425" startTime="2023-12-22T09:34:04.3189060+01:00" endTime="2023-12-22T09:34:04.3189060+01:00" testType="13cdc9d9-ddb5-4fa4-a97d-d965ccfc6d4b" outcome="Passed" testListId="8c84fa94-04c1-424b-9868-57a2d4851a1d" relativeResultsDirectory="5a5dd361-519b-4368-8dd1-6ce8d9387e90" />
    <UnitTestResult executionId="dbf8425d-8dfb-4163-9b81-6b7892fc9e1d" testId="c50e0311-b229-85ce-5199-799e657d5a38" testName="ServerRegisterServiceBase_RegisterThisService_AuthenticationFailed_Success" computerName="DKSR-EFI-04" duration="00:00:00.0156596" startTime="2023-12-22T09:34:04.2251549+01:00" endTime="2023-12-22T09:34:04.2407801+01:00" testType="13cdc9d9-ddb5-4fa4-a97d-d965ccfc6d4b" outcome="Passed" testListId="8c84fa94-04c1-424b-9868-57a2d4851a1d" relativeResultsDirectory="dbf8425d-8dfb-4163-9b81-6b7892fc9e1d" />
    <UnitTestResult executionId="cf27beb5-d127-48d8-9464-6e4e0cc88511" testId="a5d03c54-5883-3feb-b41e-22112af4551c" testName="EndpointRegistrarBase_ServiceNameIsEmpty_ArgumentExceptionIsThrown" computerName="DKSR-EFI-04" duration="00:00:00.0005801" startTime="2023-12-22T09:32:22.6465445+01:00" endTime="2023-12-22T09:32:22.6621703+01:00" testType="13cdc9d9-ddb5-4fa4-a97d-d965ccfc6d4b" outcome="Passed" testListId="8c84fa94-04c1-424b-9868-57a2d4851a1d" relativeResultsDirectory="cf27beb5-d127-48d8-9464-6e4e0cc88511" />
    <UnitTestResult executionId="19aaecb9-8d89-4c87-902d-12aecd8c1f68" testId="9091d5ba-96b7-561c-ce33-e1546bd1b67d" testName="SaveSettings_ExistingConfigsExists_DeleteAllExistingConfigsBeforeNewConfigIsSaved" computerName="DKSR-EFI-04" duration="00:00:00.0495875" startTime="2023-12-22T09:34:03.8814025+01:00" endTime="2023-12-22T09:34:03.9282785+01:00" testType="13cdc9d9-ddb5-4fa4-a97d-d965ccfc6d4b" outcome="Passed" testListId="8c84fa94-04c1-424b-9868-57a2d4851a1d" relativeResultsDirectory="19aaecb9-8d89-4c87-902d-12aecd8c1f68" />
    <UnitTestResult executionId="012759b1-c970-4215-b965-5c4508c60d2a" testId="59dbfecd-600b-5bb3-9816-f92b1ad66171" testName="Ctor_InstanceCountIsZero_ThrowsArgumentOutOfRangeException" computerName="DKSR-EFI-04" duration="00:00:00.0005049" startTime="2023-12-22T09:34:03.8814025+01:00" endTime="2023-12-22T09:34:03.8814025+01:00" testType="13cdc9d9-ddb5-4fa4-a97d-d965ccfc6d4b" outcome="Passed" testListId="8c84fa94-04c1-424b-9868-57a2d4851a1d" relativeResultsDirectory="012759b1-c970-4215-b965-5c4508c60d2a" />
    <UnitTestResult executionId="4d28f959-f595-431c-948c-321647c21eaf" testId="819155bf-efc3-b828-a24c-39ad69922a8f" testName="ServerRegisterServiceBase_Ctor_Success" computerName="DKSR-EFI-04" duration="00:00:00.0006185" startTime="2023-12-22T09:34:04.0689047+01:00" endTime="2023-12-22T09:34:04.0689047+01:00" testType="13cdc9d9-ddb5-4fa4-a97d-d965ccfc6d4b" outcome="Passed" testListId="8c84fa94-04c1-424b-9868-57a2d4851a1d" relativeResultsDirectory="4d28f959-f595-431c-948c-321647c21eaf" />
    <UnitTestResult executionId="03baf1e8-5c25-4d9e-a1dc-6fe4acc93e35" testId="ee65ac4c-4fd5-efa2-3e0b-0ff33493e8e1" testName="RegisterClient_authorizationServiceIsNull_OtherErrorStatusCodeIsReturned" computerName="DKSR-EFI-04" duration="00:00:00.1484409" startTime="2023-12-22T09:32:22.6621703+01:00" endTime="2023-12-22T09:32:22.8027960+01:00" testType="13cdc9d9-ddb5-4fa4-a97d-d965ccfc6d4b" outcome="Passed" testListId="8c84fa94-04c1-424b-9868-57a2d4851a1d" relativeResultsDirectory="03baf1e8-5c25-4d9e-a1dc-6fe4acc93e35" />
    <UnitTestResult executionId="898aa8c6-f5b1-4798-ad89-205150f7be37" testId="52b604cd-1b5f-3fea-5be0-4a4e1ecb76b6" testName="Given_ClassThatInheritsBaseClass_When_SettingAnAddressThatIsPresentWithWebExceptionWithNotFound_Then_RegistrationReturnsMsNotFound" computerName="DKSR-EFI-04" duration="00:00:00.0014207" startTime="2023-12-22T09:34:04.3032802+01:00" endTime="2023-12-22T09:34:04.3032802+01:00" testType="13cdc9d9-ddb5-4fa4-a97d-d965ccfc6d4b" outcome="Passed" testListId="8c84fa94-04c1-424b-9868-57a2d4851a1d" relativeResultsDirectory="898aa8c6-f5b1-4798-ad89-205150f7be37" />
    <UnitTestResult executionId="4ca0ab39-ce56-4baf-91fe-5c6f8c4450e3" testId="c61eb568-f5a6-31e5-0a7b-14df01247acc" testName="ServerRegisterServiceBase_ServiceNameIsNull_ArgumentNullExceptionIsThrown" computerName="DKSR-EFI-04" duration="00:00:00.0313451" startTime="2023-12-22T09:34:04.0376541+01:00" endTime="2023-12-22T09:34:04.0689047+01:00" testType="13cdc9d9-ddb5-4fa4-a97d-d965ccfc6d4b" outcome="Passed" testListId="8c84fa94-04c1-424b-9868-57a2d4851a1d" relativeResultsDirectory="4ca0ab39-ce56-4baf-91fe-5c6f8c4450e3" />
    <UnitTestResult executionId="a538ad32-c84f-4042-ae01-aac5dcb6e2c1" testId="f457056a-e799-374b-e836-e89749008681" testName="SaveSettings_EnforceSslConfigurationThrowsWin32Exception_ThrowsChangeEncryptionSettings" computerName="DKSR-EFI-04" duration="00:00:00.0025140" startTime="2023-12-22T09:34:03.9751557+01:00" endTime="2023-12-22T09:34:03.9907799+01:00" testType="13cdc9d9-ddb5-4fa4-a97d-d965ccfc6d4b" outcome="Passed" testListId="8c84fa94-04c1-424b-9868-57a2d4851a1d" relativeResultsDirectory="a538ad32-c84f-4042-ae01-aac5dcb6e2c1" />
    <UnitTestResult executionId="81d6982a-ef6c-4c00-8369-14c853cfb31e" testId="d3aefef5-c41d-952b-949f-1b0db02ec76d" testName="PreExecute_StopServiceThrowsException_ServiceConfigurationExceptionThrown" computerName="DKSR-EFI-04" duration="00:00:00.0028084" startTime="2023-12-22T09:34:04.4282866+01:00" endTime="2023-12-22T09:34:04.4282866+01:00" testType="13cdc9d9-ddb5-4fa4-a97d-d965ccfc6d4b" outcome="Passed" testListId="8c84fa94-04c1-424b-9868-57a2d4851a1d" relativeResultsDirectory="81d6982a-ef6c-4c00-8369-14c853cfb31e" />
    <UnitTestResult executionId="69f607f0-8257-4d99-859a-2c56e46f7210" testId="72c3da66-9cb0-806f-8f0c-a8488919ac76" testName="RegisterClient_SecretExceptionThrown_OtherErrorReturned" computerName="DKSR-EFI-04" duration="00:00:00.2256410" startTime="2023-12-22T09:32:33.3497201+01:00" endTime="2023-12-22T09:32:33.5684709+01:00" testType="13cdc9d9-ddb5-4fa4-a97d-d965ccfc6d4b" outcome="Passed" testListId="8c84fa94-04c1-424b-9868-57a2d4851a1d" relativeResultsDirectory="69f607f0-8257-4d99-859a-2c56e46f7210" />
    <UnitTestResult executionId="7504de2b-0a41-460e-8f76-ee837400ff5f" testId="c8961633-bbe2-bc57-729b-12f0b92c7eef" testName="PreExecute_StatusIsStopped_NoServiceStopSuccessStatusReturned" computerName="DKSR-EFI-04" duration="00:00:00.0032789" startTime="2023-12-22T09:34:04.3814060+01:00" endTime="2023-12-22T09:34:04.3814060+01:00" testType="13cdc9d9-ddb5-4fa4-a97d-d965ccfc6d4b" outcome="Passed" testListId="8c84fa94-04c1-424b-9868-57a2d4851a1d" relativeResultsDirectory="7504de2b-0a41-460e-8f76-ee837400ff5f" />
    <UnitTestResult executionId="c9f76541-af68-48df-b7f3-b142315e02f1" testId="020a06c9-565c-908c-7da2-72b9df169a4f" testName="RegisterClient_Success" computerName="DKSR-EFI-04" duration="00:00:00.1333615" startTime="2023-12-22T09:32:22.8027960+01:00" endTime="2023-12-22T09:32:22.9434212+01:00" testType="13cdc9d9-ddb5-4fa4-a97d-d965ccfc6d4b" outcome="Passed" testListId="8c84fa94-04c1-424b-9868-57a2d4851a1d" relativeResultsDirectory="c9f76541-af68-48df-b7f3-b142315e02f1" />
    <UnitTestResult executionId="eea62207-f488-492a-a75a-8cdde19da2de" testId="2e9ee066-e092-20e5-4abe-7784b9a0b75a" testName="Ctor_SecurityIdentifierIsNull_ThrowsArgumentNullException" computerName="DKSR-EFI-04" duration="00:00:00.0007979" startTime="2023-12-22T09:34:03.9907799+01:00" endTime="2023-12-22T09:34:03.9907799+01:00" testType="13cdc9d9-ddb5-4fa4-a97d-d965ccfc6d4b" outcome="Passed" testListId="8c84fa94-04c1-424b-9868-57a2d4851a1d" relativeResultsDirectory="eea62207-f488-492a-a75a-8cdde19da2de" />
    <UnitTestResult executionId="94627429-5f77-4e6c-bc75-8ea5e117461e" testId="6964b6fa-a7c6-635e-0fdc-50dce4181e47" testName="EndpointRegistrarBase_IRegistrationParametersHandlerIsNull_ArgumentNullExceptionIsThrown" computerName="DKSR-EFI-04" duration="00:00:00.0018058" startTime="2023-12-22T09:32:22.6465445+01:00" endTime="2023-12-22T09:32:22.6465445+01:00" testType="13cdc9d9-ddb5-4fa4-a97d-d965ccfc6d4b" outcome="Passed" testListId="8c84fa94-04c1-424b-9868-57a2d4851a1d" relativeResultsDirectory="94627429-5f77-4e6c-bc75-8ea5e117461e" />
    <UnitTestResult executionId="57d03b51-c946-444a-a365-1731741df72d" testId="266ce242-890f-c8a2-6c3c-861d38ff4a4a" testName="ApplyCertificate_ThumbprintIsPassed_StatusCodeIsSuccess" computerName="DKSR-EFI-04" duration="00:00:00.0141214" startTime="2023-12-22T09:34:03.9907799+01:00" endTime="2023-12-22T09:34:04.0064057+01:00" testType="13cdc9d9-ddb5-4fa4-a97d-d965ccfc6d4b" outcome="Passed" testListId="8c84fa94-04c1-424b-9868-57a2d4851a1d" relativeResultsDirectory="57d03b51-c946-444a-a365-1731741df72d" />
    <UnitTestResult executionId="2e01f9f2-9281-47f9-b9f9-249466beeb80" testId="c9707235-f6b6-27f5-c54e-a3831ed29fe5" testName="ServerRegisterServiceBase_RegisteredServiceNameIsNull_ArgumentNullExceptionIsThrown" computerName="DKSR-EFI-04" duration="00:00:00.0012081" startTime="2023-12-22T09:34:04.0689047+01:00" endTime="2023-12-22T09:34:04.0689047+01:00" testType="13cdc9d9-ddb5-4fa4-a97d-d965ccfc6d4b" outcome="Passed" testListId="8c84fa94-04c1-424b-9868-57a2d4851a1d" relativeResultsDirectory="2e01f9f2-9281-47f9-b9f9-249466beeb80" />
    <UnitTestResult executionId="a87aa857-d847-46c3-bd14-953f3fe1b0bb" testId="9a7c718b-4e91-68ce-413e-16147ce1afc3" testName="ServerRegisterServiceBase_IServiceRegistrationServiceFactoryIsNull_ArgumentNullExceptionIsThrown" computerName="DKSR-EFI-04" duration="00:00:00.0160292" startTime="2023-12-22T09:34:04.0220294+01:00" endTime="2023-12-22T09:34:04.0376541+01:00" testType="13cdc9d9-ddb5-4fa4-a97d-d965ccfc6d4b" outcome="Passed" testListId="8c84fa94-04c1-424b-9868-57a2d4851a1d" relativeResultsDirectory="a87aa857-d847-46c3-bd14-953f3fe1b0bb" />
    <UnitTestResult executionId="ef01f0a2-91a5-44f9-aadc-546ababf771f" testId="8f8e16be-c28a-5688-50d4-e05e47e3b951" testName="ServerRegisterServiceBase_Ctor_WithIServiceRegistrationServiceFactory_Success" computerName="DKSR-EFI-04" duration="00:00:00.0005749" startTime="2023-12-22T09:34:04.0689047+01:00" endTime="2023-12-22T09:34:04.0689047+01:00" testType="13cdc9d9-ddb5-4fa4-a97d-d965ccfc6d4b" outcome="Passed" testListId="8c84fa94-04c1-424b-9868-57a2d4851a1d" relativeResultsDirectory="ef01f0a2-91a5-44f9-aadc-546ababf771f" />
    <UnitTestResult executionId="3ee4a036-133a-443b-9d4c-3d319e9f0d58" testId="4b0c3f35-2ec1-4356-d8bb-ee6fd4c7baca" testName="EndpointRegistrarBase_ISecretProviderIsNull_ArgumentNullExceptionThrown" computerName="DKSR-EFI-04" duration="00:00:00.0006489" startTime="2023-12-22T09:32:22.6465445+01:00" endTime="2023-12-22T09:32:22.6465445+01:00" testType="13cdc9d9-ddb5-4fa4-a97d-d965ccfc6d4b" outcome="Passed" testListId="8c84fa94-04c1-424b-9868-57a2d4851a1d" relativeResultsDirectory="3ee4a036-133a-443b-9d4c-3d319e9f0d58" />
    <UnitTestResult executionId="e116b243-0bfd-421f-b4d0-8954b97f78d6" testId="c307961e-bdf6-8c7d-dc1f-0d292a27cf88" testName="Given_ClassThatInheritsBaseClass_When_SettingAnAddressThatIsPresent_Then_RegistrationSucceeds" computerName="DKSR-EFI-04" duration="00:00:00.0409010" startTime="2023-12-22T09:34:04.2564060+01:00" endTime="2023-12-22T09:34:04.2878281+01:00" testType="13cdc9d9-ddb5-4fa4-a97d-d965ccfc6d4b" outcome="Passed" testListId="8c84fa94-04c1-424b-9868-57a2d4851a1d" relativeResultsDirectory="e116b243-0bfd-421f-b4d0-8954b97f78d6" />
    <UnitTestResult executionId="4ad4c354-2e63-4d3a-96d4-1331bfe4b9fe" testId="c596cb99-d491-23fb-19f4-94635ef51e88" testName="DeleteSettings_DeleteSslConfigurationThrowsWin32Exception_ThrowsChangeEncryptionException" computerName="DKSR-EFI-04" duration="00:00:00.0015492" startTime="2023-12-22T09:34:03.9907799+01:00" endTime="2023-12-22T09:34:03.9907799+01:00" testType="13cdc9d9-ddb5-4fa4-a97d-d965ccfc6d4b" outcome="Passed" testListId="8c84fa94-04c1-424b-9868-57a2d4851a1d" relativeResultsDirectory="4ad4c354-2e63-4d3a-96d4-1331bfe4b9fe" />
    <UnitTestResult executionId="2f5ddbcc-9e35-45ac-85a2-96e52f71098c" testId="11ed481f-2bf0-7b21-5d86-b1d7653af84a" testName="EndpointRegistrarBase_IRegistrationClientFactoryIsNull_ArgumentNullExceptionIsThrown" computerName="DKSR-EFI-04" duration="00:00:00.3902140" startTime="2023-12-22T09:32:22.1465433+01:00" endTime="2023-12-22T09:32:22.6309189+01:00" testType="13cdc9d9-ddb5-4fa4-a97d-d965ccfc6d4b" outcome="Passed" testListId="8c84fa94-04c1-424b-9868-57a2d4851a1d" relativeResultsDirectory="2f5ddbcc-9e35-45ac-85a2-96e52f71098c" />
    <UnitTestResult executionId="cb6bb68b-ea6c-49d4-b53d-754ca837cb7a" testId="23879a03-12d4-2581-a786-b22dbbdf4df8" testName="ServerRegisterServiceBase_RegisterThisService_ChangeToIsSecure_Success" computerName="DKSR-EFI-04" duration="00:00:00.0108241" startTime="2023-12-22T09:34:04.2407801+01:00" endTime="2023-12-22T09:34:04.2564060+01:00" testType="13cdc9d9-ddb5-4fa4-a97d-d965ccfc6d4b" outcome="Passed" testListId="8c84fa94-04c1-424b-9868-57a2d4851a1d" relativeResultsDirectory="cb6bb68b-ea6c-49d4-b53d-754ca837cb7a" />
    <UnitTestResult executionId="76925577-c001-4e64-b6b5-5357f0b23b70" testId="f0374c79-6b39-0925-2c11-25d9bbfeae10" testName="Initialize_NullLogger_ArgumentNullException" computerName="DKSR-EFI-04" duration="00:00:00.0008447" startTime="2023-12-22T09:34:04.3189060+01:00" endTime="2023-12-22T09:34:04.3345313+01:00" testType="13cdc9d9-ddb5-4fa4-a97d-d965ccfc6d4b" outcome="Passed" testListId="8c84fa94-04c1-424b-9868-57a2d4851a1d" relativeResultsDirectory="76925577-c001-4e64-b6b5-5357f0b23b70" />
    <UnitTestResult executionId="5993ddb2-fb3a-42f4-84fd-a6aab377511e" testId="f9bdecf0-46ba-5440-79ea-fec367d5c9f3" testName="DeleteSettings_ExistingConfigsExists_DeleteAllExistingConfigs" computerName="DKSR-EFI-04" duration="00:00:00.0028350" startTime="2023-12-22T09:34:03.9907799+01:00" endTime="2023-12-22T09:34:03.9907799+01:00" testType="13cdc9d9-ddb5-4fa4-a97d-d965ccfc6d4b" outcome="Passed" testListId="8c84fa94-04c1-424b-9868-57a2d4851a1d" relativeResultsDirectory="5993ddb2-fb3a-42f4-84fd-a6aab377511e" />
    <UnitTestResult executionId="4923b309-4dc4-469c-b0c9-687fcf2f7aa1" testId="942b3a55-0786-1462-9c63-fbf4500edeb7" testName="Ctor_PortIsLessThan1OrGreaterThan65535_ThrowsArgumentOutOfRangeException (65536)" computerName="DKSR-EFI-04" duration="00:00:00.0000488" startTime="2023-12-22T09:34:03.9907799+01:00" endTime="2023-12-22T09:34:03.9907799+01:00" testType="13cdc9d9-ddb5-4fa4-a97d-d965ccfc6d4b" outcome="Passed" testListId="8c84fa94-04c1-424b-9868-57a2d4851a1d" relativeResultsDirectory="4923b309-4dc4-469c-b0c9-687fcf2f7aa1" />
    <UnitTestResult executionId="ee3bc1f6-6693-4939-aad6-6408f31ecef0" testId="a6b15578-45a2-ca78-3a0d-4cb04c7bfe7b" testName="ServerRegisterServiceBase_RegisterThisService_NewManagementServerAddressIsNull_ArgumentNullExceptionIsThrown" computerName="DKSR-EFI-04" duration="00:00:00.0027584" startTime="2023-12-22T09:34:04.0689047+01:00" endTime="2023-12-22T09:34:04.0689047+01:00" testType="13cdc9d9-ddb5-4fa4-a97d-d965ccfc6d4b" outcome="Passed" testListId="8c84fa94-04c1-424b-9868-57a2d4851a1d" relativeResultsDirectory="ee3bc1f6-6693-4939-aad6-6408f31ecef0" />
    <UnitTestResult executionId="c0b3a519-eb4b-47a8-928b-c52117aadd28" testId="f81c868c-286b-5c1a-f39f-e860976698e9" testName="SaveSettings_EncryptionEnabledIsFalse_UrlReservationIsCalledAndSchemeIsHttpButEnforceSslConfigurationIsNot" computerName="DKSR-EFI-04" duration="00:00:00.0046910" startTime="2023-12-22T09:34:03.9751557+01:00" endTime="2023-12-22T09:34:03.9751557+01:00" testType="13cdc9d9-ddb5-4fa4-a97d-d965ccfc6d4b" outcome="Passed" testListId="8c84fa94-04c1-424b-9868-57a2d4851a1d" relativeResultsDirectory="c0b3a519-eb4b-47a8-928b-c52117aadd28" />
    <UnitTestResult executionId="02de1025-6309-42d6-8299-27c94db54b1d" testId="c6e46d5f-b233-bbc8-1cfb-8a1367cf9a66" testName="SaveSettings_DeleteSslThrowsWin32Exception_ThrowsChangeEncryptionException" computerName="DKSR-EFI-04" duration="00:00:00.0029025" startTime="2023-12-22T09:34:03.9282785+01:00" endTime="2023-12-22T09:34:03.9282785+01:00" testType="13cdc9d9-ddb5-4fa4-a97d-d965ccfc6d4b" outcome="Passed" testListId="8c84fa94-04c1-424b-9868-57a2d4851a1d" relativeResultsDirectory="02de1025-6309-42d6-8299-27c94db54b1d" />
    <UnitTestResult executionId="6bc6aad8-130a-4707-b0ba-e7c1e2d53498" testId="b8045e97-71a3-0991-705f-c4c6df756ba2" testName="ServerRegisterServiceBase_RegisterThisService_NoServiceRegistered_Fails" computerName="DKSR-EFI-04" duration="00:00:00.0103253" startTime="2023-12-22T09:34:04.1782801+01:00" endTime="2023-12-22T09:34:04.1939076+01:00" testType="13cdc9d9-ddb5-4fa4-a97d-d965ccfc6d4b" outcome="Passed" testListId="8c84fa94-04c1-424b-9868-57a2d4851a1d" relativeResultsDirectory="6bc6aad8-130a-4707-b0ba-e7c1e2d53498" />
    <UnitTestResult executionId="77261da3-042b-4d0c-9c0a-4446ea796e47" testId="ddd8fc2e-643b-51d9-c33a-6ba5ae8a764a" testName="Given_NetworkCredentials_When_SerializedAndDeserialized_Then_InformationIsMaintained" computerName="DKSR-EFI-04" duration="00:00:00.0081167" startTime="2023-12-22T09:34:04.4595299+01:00" endTime="2023-12-22T09:34:04.4595299+01:00" testType="13cdc9d9-ddb5-4fa4-a97d-d965ccfc6d4b" outcome="Passed" testListId="8c84fa94-04c1-424b-9868-57a2d4851a1d" relativeResultsDirectory="77261da3-042b-4d0c-9c0a-4446ea796e47" />
    <UnitTestResult executionId="461f4914-0797-4fdb-8ab5-e0b44d2fb13c" testId="b39d4aab-e093-ee5c-26fd-fbbd19df8121" testName="RegisterClient_CantWriteRegistrationParameters_OtherErrorReturned" computerName="DKSR-EFI-04" duration="00:00:00.0103688" startTime="2023-12-22T09:32:33.5844081+01:00" endTime="2023-12-22T09:32:33.5844081+01:00" testType="13cdc9d9-ddb5-4fa4-a97d-d965ccfc6d4b" outcome="Passed" testListId="8c84fa94-04c1-424b-9868-57a2d4851a1d" relativeResultsDirectory="461f4914-0797-4fdb-8ab5-e0b44d2fb13c" />
    <UnitTestResult executionId="e4b83855-4225-413a-9528-b8ccbf98019e" testId="018dc1a8-8462-d200-b509-6808e488dc2e" testName="DeleteSettings_EncryptionEnabledIsTrue_SchemeIsHttps" computerName="DKSR-EFI-04" duration="00:00:00.0026919" startTime="2023-12-22T09:34:03.9907799+01:00" endTime="2023-12-22T09:34:03.9907799+01:00" testType="13cdc9d9-ddb5-4fa4-a97d-d965ccfc6d4b" outcome="Passed" testListId="8c84fa94-04c1-424b-9868-57a2d4851a1d" relativeResultsDirectory="e4b83855-4225-413a-9528-b8ccbf98019e" />
    <UnitTestResult executionId="f3605251-c6f7-4585-992d-21f9a708e268" testId="fb7cfadb-664e-f34b-c0ad-4418e7050a8e" testName="SaveSettings_CertificateCannotBeFound_ThrowsChangeEncryptionException" computerName="DKSR-EFI-04" duration="00:00:00.0009848" startTime="2023-12-22T09:34:03.9282785+01:00" endTime="2023-12-22T09:34:03.9282785+01:00" testType="13cdc9d9-ddb5-4fa4-a97d-d965ccfc6d4b" outcome="Passed" testListId="8c84fa94-04c1-424b-9868-57a2d4851a1d" relativeResultsDirectory="f3605251-c6f7-4585-992d-21f9a708e268" />
    <UnitTestResult executionId="bdaa0ec5-5474-4a45-bce9-3ca02ee575bd" testId="d595de9b-f478-19dd-5366-22b13b7c2fbc" testName="ServerRegisterServiceBase_RegisterThisService_UriFormatInvalid_Success" computerName="DKSR-EFI-04" duration="00:00:00.0300158" startTime="2023-12-22T09:34:04.1939076+01:00" endTime="2023-12-22T09:34:04.2251549+01:00" testType="13cdc9d9-ddb5-4fa4-a97d-d965ccfc6d4b" outcome="Passed" testListId="8c84fa94-04c1-424b-9868-57a2d4851a1d" relativeResultsDirectory="bdaa0ec5-5474-4a45-bce9-3ca02ee575bd" />
    <UnitTestResult executionId="51aad634-1d49-45c2-84fb-7e8908e6eeef" testId="5e1d8673-9b0b-62e0-5fef-8b49ff4efd9b" testName="ServerRegisterServiceBase_RegisterThisService_HostToRegisterIsNull_ArgumentNullExceptionIsThrown" computerName="DKSR-EFI-04" duration="00:00:00.0017816" startTime="2023-12-22T09:34:04.0689047+01:00" endTime="2023-12-22T09:34:04.0689047+01:00" testType="13cdc9d9-ddb5-4fa4-a97d-d965ccfc6d4b" outcome="Passed" testListId="8c84fa94-04c1-424b-9868-57a2d4851a1d" relativeResultsDirectory="51aad634-1d49-45c2-84fb-7e8908e6eeef" />
    <UnitTestResult executionId="c402ebd7-b79d-4089-981b-083efebd4d82" testId="76dd7e59-7646-177d-90dd-4a3d85085a70" testName="Ctor_PortIsLessThan1OrGreaterThan65535_ThrowsArgumentOutOfRangeException (0)" computerName="DKSR-EFI-04" duration="00:00:00.0003428" startTime="2023-12-22T09:34:03.9907799+01:00" endTime="2023-12-22T09:34:03.9907799+01:00" testType="13cdc9d9-ddb5-4fa4-a97d-d965ccfc6d4b" outcome="Passed" testListId="8c84fa94-04c1-424b-9868-57a2d4851a1d" relativeResultsDirectory="c402ebd7-b79d-4089-981b-083efebd4d82" />
    <UnitTestResult executionId="e2022971-0e92-4e1f-892c-7f7d11a56ee9" testId="39ba04e7-164a-6477-93f0-f5a8e149b210" testName="EndpointRegistrarBase_Ctor_Success" computerName="DKSR-EFI-04" duration="00:00:00.0005286" startTime="2023-12-22T09:32:22.6621703+01:00" endTime="2023-12-22T09:32:22.6621703+01:00" testType="13cdc9d9-ddb5-4fa4-a97d-d965ccfc6d4b" outcome="Passed" testListId="8c84fa94-04c1-424b-9868-57a2d4851a1d" relativeResultsDirectory="e2022971-0e92-4e1f-892c-7f7d11a56ee9" />
    <UnitTestResult executionId="907f7bf7-2397-4726-9d5d-df6dd4e8e213" testId="a6f2ab1f-d156-c9ba-26f5-29d8052f340f" testName="ServerRegisterServiceBase_RegisterThisService_CredentialsIsNull_Success" computerName="DKSR-EFI-04" duration="00:00:00.0942145" startTime="2023-12-22T09:34:04.0689047+01:00" endTime="2023-12-22T09:34:04.1626549+01:00" testType="13cdc9d9-ddb5-4fa4-a97d-d965ccfc6d4b" outcome="Passed" testListId="8c84fa94-04c1-424b-9868-57a2d4851a1d" relativeResultsDirectory="907f7bf7-2397-4726-9d5d-df6dd4e8e213" />
    <UnitTestResult executionId="23f36a06-04fb-4ae4-97ca-b92f690a0f9e" testId="a81a929a-7470-e799-7aa1-1de8890f9d73" testName="Given_ClassThatInheritsBaseClass_When_SettingAnAddressThatIsPresentWithInsufficientCredentials_Then_RegistrationSucceedsAndNoWarningsAreLogged" computerName="DKSR-EFI-04" duration="00:00:00.0037854" startTime="2023-12-22T09:34:04.2878281+01:00" endTime="2023-12-22T09:34:04.3032802+01:00" testType="13cdc9d9-ddb5-4fa4-a97d-d965ccfc6d4b" outcome="Passed" testListId="8c84fa94-04c1-424b-9868-57a2d4851a1d" relativeResultsDirectory="23f36a06-04fb-4ae4-97ca-b92f690a0f9e" />
    <UnitTestResult executionId="3f49f282-c910-4c4f-81c6-fa9932f64773" testId="2b13c4e7-5c64-3950-b286-557e015b795d" testName="ServerRegisterServiceBase_ServiceTypeIsEmpty_ArgumentNullExceptionIsThrown" computerName="DKSR-EFI-04" duration="00:00:00.0011572" startTime="2023-12-22T09:34:04.0689047+01:00" endTime="2023-12-22T09:34:04.0689047+01:00" testType="13cdc9d9-ddb5-4fa4-a97d-d965ccfc6d4b" outcome="Passed" testListId="8c84fa94-04c1-424b-9868-57a2d4851a1d" relativeResultsDirectory="3f49f282-c910-4c4f-81c6-fa9932f64773" />
    <UnitTestResult executionId="0d675a55-8580-46a7-a977-594b20e699ba" testId="d10521e7-0254-d22a-eb52-f9ef6c889d29" testName="PostExecute_ServiceRunningStartServiceThrowsException_AlreadyRunning_RestartsService" computerName="DKSR-EFI-04" duration="00:00:00.0033159" startTime="2023-12-22T09:34:04.4439064+01:00" endTime="2023-12-22T09:34:04.4439064+01:00" testType="13cdc9d9-ddb5-4fa4-a97d-d965ccfc6d4b" outcome="Passed" testListId="8c84fa94-04c1-424b-9868-57a2d4851a1d" relativeResultsDirectory="0d675a55-8580-46a7-a977-594b20e699ba" />
    <UnitTestResult executionId="fdba9e54-b5db-4a34-b59c-43224756d25f" testId="bb154a6e-c619-4b5b-8062-cde96a10b4ce" testName="PostExecute_ServiceRunning_ServiceStartedSuccessStatusLoggedAndReturned" computerName="DKSR-EFI-04" duration="00:00:00.0039887" startTime="2023-12-22T09:34:04.4282866+01:00" endTime="2023-12-22T09:34:04.4439064+01:00" testType="13cdc9d9-ddb5-4fa4-a97d-d965ccfc6d4b" outcome="Passed" testListId="8c84fa94-04c1-424b-9868-57a2d4851a1d" relativeResultsDirectory="fdba9e54-b5db-4a34-b59c-43224756d25f" />
    <UnitTestResult executionId="61d0efef-9cfa-4f64-a9cc-81e75acb2e6d" testId="1912aad4-2051-492f-0e84-575be58a058c" testName="PreExecute_WaitForServiceTimeOut_ErrorStatusLoggedAndReturned" computerName="DKSR-EFI-04" duration="00:00:00.0414744" startTime="2023-12-22T09:34:04.3814060+01:00" endTime="2023-12-22T09:34:04.4282866+01:00" testType="13cdc9d9-ddb5-4fa4-a97d-d965ccfc6d4b" outcome="Passed" testListId="8c84fa94-04c1-424b-9868-57a2d4851a1d" relativeResultsDirectory="61d0efef-9cfa-4f64-a9cc-81e75acb2e6d" />
    <UnitTestResult executionId="4a16d01d-7bbe-4c3d-947c-8e650ee00dac" testId="0f07d21c-9388-5d5f-6dea-c0c8b6b2970e" testName="RegisterClientWithExtendedRetry_Success" computerName="DKSR-EFI-04" duration="00:00:10.2248828" startTime="2023-12-22T09:32:23.1309213+01:00" endTime="2023-12-22T09:32:33.3497201+01:00" testType="13cdc9d9-ddb5-4fa4-a97d-d965ccfc6d4b" outcome="Passed" testListId="8c84fa94-04c1-424b-9868-57a2d4851a1d" relativeResultsDirectory="4a16d01d-7bbe-4c3d-947c-8e650ee00dac" />
    <UnitTestResult executionId="36ce141d-9ad6-418c-b705-833d4f00a711" testId="595d7717-ca1a-5969-045c-60a9db03b983" testName="RegisterClient_UnsuccessfulHttpStatus_CorrectErrorCodeIsReturned (BadRequest,UnspecifiedErrorRegistration)" computerName="DKSR-EFI-04" duration="00:00:30.0167571" startTime="2023-12-22T09:33:33.8500058+01:00" endTime="2023-12-22T09:34:03.8657785+01:00" testType="13cdc9d9-ddb5-4fa4-a97d-d965ccfc6d4b" outcome="Passed" testListId="8c84fa94-04c1-424b-9868-57a2d4851a1d" relativeResultsDirectory="36ce141d-9ad6-418c-b705-833d4f00a711" />
    <UnitTestResult executionId="4fdca5cb-4383-469e-8f54-17f82fd317c3" testId="42c7552f-fa39-b5a6-d594-2f086cd6dd52" testName="Ctor_NoServiceNameAndNotWellKnownAppGuid_ThrowsArgumentException" computerName="DKSR-EFI-04" duration="00:00:00.0152028" startTime="2023-12-22T09:34:03.8657785+01:00" endTime="2023-12-22T09:34:03.8814025+01:00" testType="13cdc9d9-ddb5-4fa4-a97d-d965ccfc6d4b" outcome="Passed" testListId="8c84fa94-04c1-424b-9868-57a2d4851a1d" relativeResultsDirectory="4fdca5cb-4383-469e-8f54-17f82fd317c3" />
    <UnitTestResult executionId="26c31cfb-55ea-46b0-bdd2-d71434c4f546" testId="a7260dbe-6ca1-e92d-0885-182405233700" testName="PostExecute_ServiceRunningStartServiceThrowsException_ServiceConfigurationExceptionThrown" computerName="DKSR-EFI-04" duration="00:00:00.0026238" startTime="2023-12-22T09:34:04.4439064+01:00" endTime="2023-12-22T09:34:04.4439064+01:00" testType="13cdc9d9-ddb5-4fa4-a97d-d965ccfc6d4b" outcome="Passed" testListId="8c84fa94-04c1-424b-9868-57a2d4851a1d" relativeResultsDirectory="26c31cfb-55ea-46b0-bdd2-d71434c4f546" />
    <UnitTestResult executionId="ad692ecc-1d4a-40d0-91df-7584824cf86e" testId="5e0d969e-0f96-a043-44ac-2e76cc53e20c" testName="ApplyCertificate_HttpSysSettingsThrowsException_StatusCodeIsOtherError" computerName="DKSR-EFI-04" duration="00:00:00.0039554" startTime="2023-12-22T09:34:04.0064057+01:00" endTime="2023-12-22T09:34:04.0220294+01:00" testType="13cdc9d9-ddb5-4fa4-a97d-d965ccfc6d4b" outcome="Passed" testListId="8c84fa94-04c1-424b-9868-57a2d4851a1d" relativeResultsDirectory="ad692ecc-1d4a-40d0-91df-7584824cf86e" />
    <UnitTestResult executionId="5b576dc7-42b8-4849-8efa-d195520108e1" testId="a00e88e6-9cdf-83e8-2144-390a93546611" testName="ServerRegisterServiceBase_RegisterThisService_ServiceAlreadyRegistered_Success" computerName="DKSR-EFI-04" duration="00:00:00.0132301" startTime="2023-12-22T09:34:04.1626549+01:00" endTime="2023-12-22T09:34:04.1782801+01:00" testType="13cdc9d9-ddb5-4fa4-a97d-d965ccfc6d4b" outcome="Passed" testListId="8c84fa94-04c1-424b-9868-57a2d4851a1d" relativeResultsDirectory="5b576dc7-42b8-4849-8efa-d195520108e1" />
    <UnitTestResult executionId="ab775eb7-0523-44b1-b3ac-84f47b00fc63" testId="2e5069bf-b8e6-f8ea-21f9-17cee9c2bdd0" testName="LoggedErrorStatus_VailedException_ErrorLoggedAndReturned" computerName="DKSR-EFI-04" duration="00:00:00.0014829" startTime="2023-12-22T09:34:04.4439064+01:00" endTime="2023-12-22T09:34:04.4595299+01:00" testType="13cdc9d9-ddb5-4fa4-a97d-d965ccfc6d4b" outcome="Passed" testListId="8c84fa94-04c1-424b-9868-57a2d4851a1d" relativeResultsDirectory="ab775eb7-0523-44b1-b3ac-84f47b00fc63" />
    <UnitTestResult executionId="4cff1907-b816-4e87-a93e-d1dd71f3e228" testId="cd4cf7d8-3296-7ad2-cab9-81cbe1ddb98d" testName="WindowsServiceConfiguratorBase_Construction_Success" computerName="DKSR-EFI-04" duration="00:00:00.0130683" startTime="2023-12-22T09:34:04.3189060+01:00" endTime="2023-12-22T09:34:04.3189060+01:00" testType="13cdc9d9-ddb5-4fa4-a97d-d965ccfc6d4b" outcome="Passed" testListId="8c84fa94-04c1-424b-9868-57a2d4851a1d" relativeResultsDirectory="4cff1907-b816-4e87-a93e-d1dd71f3e228" />
  </Results>
  <TestDefinitions>
    <UnitTest name="Ctor_PortIsLessThan1OrGreaterThan65535_ThrowsArgumentOutOfRangeException (0)" storage="d:\actions-runner\_work\xpco\xpco\common\videoos.certificateregistration.common\videoos.certificateregistration.common.unittests\bin\debug\videoos.certificateregistration.common.unittests.dll" id="76dd7e59-7646-177d-90dd-4a3d85085a70">
      <Execution id="c402ebd7-b79d-4089-981b-083efebd4d82" />
      <TestMethod codeBase="D:\actions-runner\_work\XPCO\XPCO\Common\VideoOS.CertificateRegistration.Common\VideoOS.CertificateRegistration.Common.UnitTests\bin\Debug\VideoOS.CertificateRegistration.Common.UnitTests.dll" adapterTypeName="executor://mstestadapter/v2" className="VideoOS.CertificateRegistration.Common.UnitTests.ServerEndpointRegistrarBaseTests" name="Ctor_PortIsLessThan1OrGreaterThan65535_ThrowsArgumentOutOfRangeException" />
    </UnitTest>
    <UnitTest name="RegisterClient_RegisterClientThrowsHttpRequestException_AuthorizationServerNotFoundIsReturned" storage="d:\actions-runner\_work\xpco\xpco\common\videoos.certificateregistration.common\videoos.certificateregistration.common.unittests\bin\debug\videoos.certificateregistration.common.unittests.dll" id="9bf51f39-7b99-ae61-e144-e563cf172e93">
      <Execution id="76a7c763-83f0-4209-a804-2fd08f3d7fd5" />
      <TestMethod codeBase="D:\actions-runner\_work\XPCO\XPCO\Common\VideoOS.CertificateRegistration.Common\VideoOS.CertificateRegistration.Common.UnitTests\bin\Debug\VideoOS.CertificateRegistration.Common.UnitTests.dll" adapterTypeName="executor://mstestadapter/v2" className="VideoOS.CertificateRegistration.Common.UnitTests.CleintEndpointRegistrarBaseUnitTests" name="RegisterClient_RegisterClientThrowsHttpRequestException_AuthorizationServerNotFoundIsReturned" />
    </UnitTest>
    <UnitTest name="RegisterClient_Success" storage="d:\actions-runner\_work\xpco\xpco\common\videoos.certificateregistration.common\videoos.certificateregistration.common.unittests\bin\debug\videoos.certificateregistration.common.unittests.dll" id="020a06c9-565c-908c-7da2-72b9df169a4f">
      <Execution id="c9f76541-af68-48df-b7f3-b142315e02f1" />
      <TestMethod codeBase="D:\actions-runner\_work\XPCO\XPCO\Common\VideoOS.CertificateRegistration.Common\VideoOS.CertificateRegistration.Common.UnitTests\bin\Debug\VideoOS.CertificateRegistration.Common.UnitTests.dll" adapterTypeName="executor://mstestadapter/v2" className="VideoOS.CertificateRegistration.Common.UnitTests.CleintEndpointRegistrarBaseUnitTests" name="RegisterClient_Success" />
    </UnitTest>
    <UnitTest name="SaveSettings_EncryptionEnabledIsFalse_UrlReservationIsCalledAndSchemeIsHttpButEnforceSslConfigurationIsNot" storage="d:\actions-runner\_work\xpco\xpco\common\videoos.certificateregistration.common\videoos.certificateregistration.common.unittests\bin\debug\videoos.certificateregistration.common.unittests.dll" id="f81c868c-286b-5c1a-f39f-e860976698e9">
      <Execution id="c0b3a519-eb4b-47a8-928b-c52117aadd28" />
      <TestMethod codeBase="D:\actions-runner\_work\XPCO\XPCO\Common\VideoOS.CertificateRegistration.Common\VideoOS.CertificateRegistration.Common.UnitTests\bin\Debug\VideoOS.CertificateRegistration.Common.UnitTests.dll" adapterTypeName="executor://mstestadapter/v2" className="VideoOS.CertificateRegistration.Common.UnitTests.HttpSysSettingsTests" name="SaveSettings_EncryptionEnabledIsFalse_UrlReservationIsCalledAndSchemeIsHttpButEnforceSslConfigurationIsNot" />
    </UnitTest>
    <UnitTest name="Given_ClassThatInheritsBaseClass_When_SettingAnAddressThatIsPresentWithInsufficientCredentials_Then_RegistrationSucceedsAndNoWarningsAreLogged" storage="d:\actions-runner\_work\xpco\xpco\common\videoos.certificateregistration.common\videoos.certificateregistration.common.unittests\bin\debug\videoos.certificateregistration.common.unittests.dll" id="a81a929a-7470-e799-7aa1-1de8890f9d73">
      <Execution id="23f36a06-04fb-4ae4-97ca-b92f690a0f9e" />
      <TestMethod codeBase="D:\actions-runner\_work\XPCO\XPCO\Common\VideoOS.CertificateRegistration.Common\VideoOS.CertificateRegistration.Common.UnitTests\bin\Debug\VideoOS.CertificateRegistration.Common.UnitTests.dll" adapterTypeName="executor://mstestadapter/v2" className="VideoOS.CertificateRegistration.Common.UnitTests.SetManagementServerBaseTest" name="Given_ClassThatInheritsBaseClass_When_SettingAnAddressThatIsPresentWithInsufficientCredentials_Then_RegistrationSucceedsAndNoWarningsAreLogged" />
    </UnitTest>
    <UnitTest name="PostExecute_ServiceRunning_ServiceStartedSuccessStatusLoggedAndReturned" storage="d:\actions-runner\_work\xpco\xpco\common\videoos.certificateregistration.common\videoos.certificateregistration.common.unittests\bin\debug\videoos.certificateregistration.common.unittests.dll" id="bb154a6e-c619-4b5b-8062-cde96a10b4ce">
      <Execution id="fdba9e54-b5db-4a34-b59c-43224756d25f" />
      <TestMethod codeBase="D:\actions-runner\_work\XPCO\XPCO\Common\VideoOS.CertificateRegistration.Common\VideoOS.CertificateRegistration.Common.UnitTests\bin\Debug\VideoOS.CertificateRegistration.Common.UnitTests.dll" adapterTypeName="executor://mstestadapter/v2" className="VideoOS.CertificateRegistration.Common.UnitTests.WindowsServiceConfiguratorBaseTests" name="PostExecute_ServiceRunning_ServiceStartedSuccessStatusLoggedAndReturned" />
    </UnitTest>
    <UnitTest name="PostExecute_ServiceRunningStartServiceThrowsException_AlreadyRunning_RestartsService" storage="d:\actions-runner\_work\xpco\xpco\common\videoos.certificateregistration.common\videoos.certificateregistration.common.unittests\bin\debug\videoos.certificateregistration.common.unittests.dll" id="d10521e7-0254-d22a-eb52-f9ef6c889d29">
      <Execution id="0d675a55-8580-46a7-a977-594b20e699ba" />
      <TestMethod codeBase="D:\actions-runner\_work\XPCO\XPCO\Common\VideoOS.CertificateRegistration.Common\VideoOS.CertificateRegistration.Common.UnitTests\bin\Debug\VideoOS.CertificateRegistration.Common.UnitTests.dll" adapterTypeName="executor://mstestadapter/v2" className="VideoOS.CertificateRegistration.Common.UnitTests.WindowsServiceConfiguratorBaseTests" name="PostExecute_ServiceRunningStartServiceThrowsException_AlreadyRunning_RestartsService" />
    </UnitTest>
    <UnitTest name="PostExecute_ServiceRunningStartServiceThrowsException_ServiceConfigurationExceptionThrown" storage="d:\actions-runner\_work\xpco\xpco\common\videoos.certificateregistration.common\videoos.certificateregistration.common.unittests\bin\debug\videoos.certificateregistration.common.unittests.dll" id="a7260dbe-6ca1-e92d-0885-182405233700">
      <Execution id="26c31cfb-55ea-46b0-bdd2-d71434c4f546" />
      <TestMethod codeBase="D:\actions-runner\_work\XPCO\XPCO\Common\VideoOS.CertificateRegistration.Common\VideoOS.CertificateRegistration.Common.UnitTests\bin\Debug\VideoOS.CertificateRegistration.Common.UnitTests.dll" adapterTypeName="executor://mstestadapter/v2" className="VideoOS.CertificateRegistration.Common.UnitTests.WindowsServiceConfiguratorBaseTests" name="PostExecute_ServiceRunningStartServiceThrowsException_ServiceConfigurationExceptionThrown" />
    </UnitTest>
    <UnitTest name="Given_ClassThatInheritsBaseClass_When_SettingAnAddressThatIsPresentWithWebExceptionInsufficientCredentials_Then_RegistrationSucceedsAndNoWarningsAreLogged" storage="d:\actions-runner\_work\xpco\xpco\common\videoos.certificateregistration.common\videoos.certificateregistration.common.unittests\bin\debug\videoos.certificateregistration.common.unittests.dll" id="0279fe0a-9bc6-8f00-7ac7-de06e6aceb8a">
      <Execution id="f89eec6b-86ae-4773-bb3c-6bbd42fc14d6" />
      <TestMethod codeBase="D:\actions-runner\_work\XPCO\XPCO\Common\VideoOS.CertificateRegistration.Common\VideoOS.CertificateRegistration.Common.UnitTests\bin\Debug\VideoOS.CertificateRegistration.Common.UnitTests.dll" adapterTypeName="executor://mstestadapter/v2" className="VideoOS.CertificateRegistration.Common.UnitTests.SetManagementServerBaseTest" name="Given_ClassThatInheritsBaseClass_When_SettingAnAddressThatIsPresentWithWebExceptionInsufficientCredentials_Then_RegistrationSucceedsAndNoWarningsAreLogged" />
    </UnitTest>
    <UnitTest name="PreExecute_ReturnStatusThatCauseStop_SuccessStatusReturned" storage="d:\actions-runner\_work\xpco\xpco\common\videoos.certificateregistration.common\videoos.certificateregistration.common.unittests\bin\debug\videoos.certificateregistration.common.unittests.dll" id="93662373-249d-c98c-580e-bfcc9245381a">
      <Execution id="d2e9e429-c810-4220-9707-c3c9b1a155db" />
      <TestMethod codeBase="D:\actions-runner\_work\XPCO\XPCO\Common\VideoOS.CertificateRegistration.Common\VideoOS.CertificateRegistration.Common.UnitTests\bin\Debug\VideoOS.CertificateRegistration.Common.UnitTests.dll" adapterTypeName="executor://mstestadapter/v2" className="VideoOS.CertificateRegistration.Common.UnitTests.WindowsServiceConfiguratorBaseTests" name="PreExecute_ReturnStatusThatCauseStop_SuccessStatusReturned" />
    </UnitTest>
    <UnitTest name="Ctor_NoServiceNameAndNotWellKnownAppGuid_ThrowsArgumentException" storage="d:\actions-runner\_work\xpco\xpco\common\videoos.certificateregistration.common\videoos.certificateregistration.common.unittests\bin\debug\videoos.certificateregistration.common.unittests.dll" id="42c7552f-fa39-b5a6-d594-2f086cd6dd52">
      <Execution id="4fdca5cb-4383-469e-8f54-17f82fd317c3" />
      <TestMethod codeBase="D:\actions-runner\_work\XPCO\XPCO\Common\VideoOS.CertificateRegistration.Common\VideoOS.CertificateRegistration.Common.UnitTests\bin\Debug\VideoOS.CertificateRegistration.Common.UnitTests.dll" adapterTypeName="executor://mstestadapter/v2" className="VideoOS.CertificateRegistration.Common.UnitTests.HttpSysSettingsTests" name="Ctor_NoServiceNameAndNotWellKnownAppGuid_ThrowsArgumentException" />
    </UnitTest>
    <UnitTest name="PreExecute_WaitForServiceTimeOut_ErrorStatusLoggedAndReturned" storage="d:\actions-runner\_work\xpco\xpco\common\videoos.certificateregistration.common\videoos.certificateregistration.common.unittests\bin\debug\videoos.certificateregistration.common.unittests.dll" id="1912aad4-2051-492f-0e84-575be58a058c">
      <Execution id="61d0efef-9cfa-4f64-a9cc-81e75acb2e6d" />
      <TestMethod codeBase="D:\actions-runner\_work\XPCO\XPCO\Common\VideoOS.CertificateRegistration.Common\VideoOS.CertificateRegistration.Common.UnitTests\bin\Debug\VideoOS.CertificateRegistration.Common.UnitTests.dll" adapterTypeName="executor://mstestadapter/v2" className="VideoOS.CertificateRegistration.Common.UnitTests.WindowsServiceConfiguratorBaseTests" name="PreExecute_WaitForServiceTimeOut_ErrorStatusLoggedAndReturned" />
    </UnitTest>
    <UnitTest name="DeleteSettings_DeleteSslConfigurationThrowsWin32Exception_ThrowsChangeEncryptionException" storage="d:\actions-runner\_work\xpco\xpco\common\videoos.certificateregistration.common\videoos.certificateregistration.common.unittests\bin\debug\videoos.certificateregistration.common.unittests.dll" id="c596cb99-d491-23fb-19f4-94635ef51e88">
      <Execution id="4ad4c354-2e63-4d3a-96d4-1331bfe4b9fe" />
      <TestMethod codeBase="D:\actions-runner\_work\XPCO\XPCO\Common\VideoOS.CertificateRegistration.Common\VideoOS.CertificateRegistration.Common.UnitTests\bin\Debug\VideoOS.CertificateRegistration.Common.UnitTests.dll" adapterTypeName="executor://mstestadapter/v2" className="VideoOS.CertificateRegistration.Common.UnitTests.HttpSysSettingsTests" name="DeleteSettings_DeleteSslConfigurationThrowsWin32Exception_ThrowsChangeEncryptionException" />
    </UnitTest>
    <UnitTest name="ServerRegisterServiceBase_RegisterThisService_NoServiceRegistered_Fails" storage="d:\actions-runner\_work\xpco\xpco\common\videoos.certificateregistration.common\videoos.certificateregistration.common.unittests\bin\debug\videoos.certificateregistration.common.unittests.dll" id="b8045e97-71a3-0991-705f-c4c6df756ba2">
      <Execution id="6bc6aad8-130a-4707-b0ba-e7c1e2d53498" />
      <TestMethod codeBase="D:\actions-runner\_work\XPCO\XPCO\Common\VideoOS.CertificateRegistration.Common\VideoOS.CertificateRegistration.Common.UnitTests\bin\Debug\VideoOS.CertificateRegistration.Common.UnitTests.dll" adapterTypeName="executor://mstestadapter/v2" className="VideoOS.CertificateRegistration.Common.UnitTests.ServerRegisterServiceBaseTests" name="ServerRegisterServiceBase_RegisterThisService_NoServiceRegistered_Fails" />
    </UnitTest>
    <UnitTest name="RegisterClientWithExtendedRetry_Success" storage="d:\actions-runner\_work\xpco\xpco\common\videoos.certificateregistration.common\videoos.certificateregistration.common.unittests\bin\debug\videoos.certificateregistration.common.unittests.dll" id="0f07d21c-9388-5d5f-6dea-c0c8b6b2970e">
      <Execution id="4a16d01d-7bbe-4c3d-947c-8e650ee00dac" />
      <TestMethod codeBase="D:\actions-runner\_work\XPCO\XPCO\Common\VideoOS.CertificateRegistration.Common\VideoOS.CertificateRegistration.Common.UnitTests\bin\Debug\VideoOS.CertificateRegistration.Common.UnitTests.dll" adapterTypeName="executor://mstestadapter/v2" className="VideoOS.CertificateRegistration.Common.UnitTests.CleintEndpointRegistrarBaseUnitTests" name="RegisterClientWithExtendedRetry_Success" />
    </UnitTest>
    <UnitTest name="RegisterClient_authorizationServiceIsNull_OtherErrorStatusCodeIsReturned" storage="d:\actions-runner\_work\xpco\xpco\common\videoos.certificateregistration.common\videoos.certificateregistration.common.unittests\bin\debug\videoos.certificateregistration.common.unittests.dll" id="ee65ac4c-4fd5-efa2-3e0b-0ff33493e8e1">
      <Execution id="03baf1e8-5c25-4d9e-a1dc-6fe4acc93e35" />
      <TestMethod codeBase="D:\actions-runner\_work\XPCO\XPCO\Common\VideoOS.CertificateRegistration.Common\VideoOS.CertificateRegistration.Common.UnitTests\bin\Debug\VideoOS.CertificateRegistration.Common.UnitTests.dll" adapterTypeName="executor://mstestadapter/v2" className="VideoOS.CertificateRegistration.Common.UnitTests.CleintEndpointRegistrarBaseUnitTests" name="RegisterClient_authorizationServiceIsNull_OtherErrorStatusCodeIsReturned" />
    </UnitTest>
    <UnitTest name="EndpointRegistrarBase_ServiceNameIsNull_ArgumentNullExceptionThrown" storage="d:\actions-runner\_work\xpco\xpco\common\videoos.certificateregistration.common\videoos.certificateregistration.common.unittests\bin\debug\videoos.certificateregistration.common.unittests.dll" id="781c0c5a-15aa-b878-d316-875348e8af34">
      <Execution id="39afb655-a513-4c1a-b3db-a7f1ea289e21" />
      <TestMethod codeBase="D:\actions-runner\_work\XPCO\XPCO\Common\VideoOS.CertificateRegistration.Common\VideoOS.CertificateRegistration.Common.UnitTests\bin\Debug\VideoOS.CertificateRegistration.Common.UnitTests.dll" adapterTypeName="executor://mstestadapter/v2" className="VideoOS.CertificateRegistration.Common.UnitTests.CleintEndpointRegistrarBaseUnitTests" name="EndpointRegistrarBase_ServiceNameIsNull_ArgumentNullExceptionThrown" />
    </UnitTest>
    <UnitTest name="PreExecute_StatusIsStopped_NoServiceStopSuccessStatusReturned" storage="d:\actions-runner\_work\xpco\xpco\common\videoos.certificateregistration.common\videoos.certificateregistration.common.unittests\bin\debug\videoos.certificateregistration.common.unittests.dll" id="c8961633-bbe2-bc57-729b-12f0b92c7eef">
      <Execution id="7504de2b-0a41-460e-8f76-ee837400ff5f" />
      <TestMethod codeBase="D:\actions-runner\_work\XPCO\XPCO\Common\VideoOS.CertificateRegistration.Common\VideoOS.CertificateRegistration.Common.UnitTests\bin\Debug\VideoOS.CertificateRegistration.Common.UnitTests.dll" adapterTypeName="executor://mstestadapter/v2" className="VideoOS.CertificateRegistration.Common.UnitTests.WindowsServiceConfiguratorBaseTests" name="PreExecute_StatusIsStopped_NoServiceStopSuccessStatusReturned" />
    </UnitTest>
    <UnitTest name="ServerRegisterServiceBase_ServiceNameIsNull_ArgumentNullExceptionIsThrown" storage="d:\actions-runner\_work\xpco\xpco\common\videoos.certificateregistration.common\videoos.certificateregistration.common.unittests\bin\debug\videoos.certificateregistration.common.unittests.dll" id="c61eb568-f5a6-31e5-0a7b-14df01247acc">
      <Execution id="4ca0ab39-ce56-4baf-91fe-5c6f8c4450e3" />
      <TestMethod codeBase="D:\actions-runner\_work\XPCO\XPCO\Common\VideoOS.CertificateRegistration.Common\VideoOS.CertificateRegistration.Common.UnitTests\bin\Debug\VideoOS.CertificateRegistration.Common.UnitTests.dll" adapterTypeName="executor://mstestadapter/v2" className="VideoOS.CertificateRegistration.Common.UnitTests.ServerRegisterServiceBaseTests" name="ServerRegisterServiceBase_ServiceNameIsNull_ArgumentNullExceptionIsThrown" />
    </UnitTest>
    <UnitTest name="ServerRegisterServiceBase_RegisterThisService_NewManagementServerAddressIsNull_ArgumentNullExceptionIsThrown" storage="d:\actions-runner\_work\xpco\xpco\common\videoos.certificateregistration.common\videoos.certificateregistration.common.unittests\bin\debug\videoos.certificateregistration.common.unittests.dll" id="a6b15578-45a2-ca78-3a0d-4cb04c7bfe7b">
      <Execution id="ee3bc1f6-6693-4939-aad6-6408f31ecef0" />
      <TestMethod codeBase="D:\actions-runner\_work\XPCO\XPCO\Common\VideoOS.CertificateRegistration.Common\VideoOS.CertificateRegistration.Common.UnitTests\bin\Debug\VideoOS.CertificateRegistration.Common.UnitTests.dll" adapterTypeName="executor://mstestadapter/v2" className="VideoOS.CertificateRegistration.Common.UnitTests.ServerRegisterServiceBaseTests" name="ServerRegisterServiceBase_RegisterThisService_NewManagementServerAddressIsNull_ArgumentNullExceptionIsThrown" />
    </UnitTest>
    <UnitTest name="DeleteSettings_ExistingConfigsExists_DeleteAllExistingConfigs" storage="d:\actions-runner\_work\xpco\xpco\common\videoos.certificateregistration.common\videoos.certificateregistration.common.unittests\bin\debug\videoos.certificateregistration.common.unittests.dll" id="f9bdecf0-46ba-5440-79ea-fec367d5c9f3">
      <Execution id="5993ddb2-fb3a-42f4-84fd-a6aab377511e" />
      <TestMethod codeBase="D:\actions-runner\_work\XPCO\XPCO\Common\VideoOS.CertificateRegistration.Common\VideoOS.CertificateRegistration.Common.UnitTests\bin\Debug\VideoOS.CertificateRegistration.Common.UnitTests.dll" adapterTypeName="executor://mstestadapter/v2" className="VideoOS.CertificateRegistration.Common.UnitTests.HttpSysSettingsTests" name="DeleteSettings_ExistingConfigsExists_DeleteAllExistingConfigs" />
    </UnitTest>
    <UnitTest name="SaveSettings_EncryptionEnabledIsTrue_EnforceSslConfigurationAndUrlReservationIsCalledAndSchemeIsHttps_AndRelativeUriIsSetToNull" storage="d:\actions-runner\_work\xpco\xpco\common\videoos.certificateregistration.common\videoos.certificateregistration.common.unittests\bin\debug\videoos.certificateregistration.common.unittests.dll" id="58bcb3f3-5a47-0466-b490-f461c9cdbf2d">
      <Execution id="0456f1e8-8162-4f04-bda2-bd5f453e57f5" />
      <TestMethod codeBase="D:\actions-runner\_work\XPCO\XPCO\Common\VideoOS.CertificateRegistration.Common\VideoOS.CertificateRegistration.Common.UnitTests\bin\Debug\VideoOS.CertificateRegistration.Common.UnitTests.dll" adapterTypeName="executor://mstestadapter/v2" className="VideoOS.CertificateRegistration.Common.UnitTests.HttpSysSettingsTests" name="SaveSettings_EncryptionEnabledIsTrue_EnforceSslConfigurationAndUrlReservationIsCalledAndSchemeIsHttps_AndRelativeUriIsSetToNull" />
    </UnitTest>
    <UnitTest name="WindowsServiceConfiguratorBase_Construction_Success" storage="d:\actions-runner\_work\xpco\xpco\common\videoos.certificateregistration.common\videoos.certificateregistration.common.unittests\bin\debug\videoos.certificateregistration.common.unittests.dll" id="cd4cf7d8-3296-7ad2-cab9-81cbe1ddb98d">
      <Execution id="4cff1907-b816-4e87-a93e-d1dd71f3e228" />
      <TestMethod codeBase="D:\actions-runner\_work\XPCO\XPCO\Common\VideoOS.CertificateRegistration.Common\VideoOS.CertificateRegistration.Common.UnitTests\bin\Debug\VideoOS.CertificateRegistration.Common.UnitTests.dll" adapterTypeName="executor://mstestadapter/v2" className="VideoOS.CertificateRegistration.Common.UnitTests.WindowsServiceConfiguratorBaseTests" name="WindowsServiceConfiguratorBase_Construction_Success" />
    </UnitTest>
    <UnitTest name="ApplyCertificate_ThumbprintIsPassed_StatusCodeIsSuccess" storage="d:\actions-runner\_work\xpco\xpco\common\videoos.certificateregistration.common\videoos.certificateregistration.common.unittests\bin\debug\videoos.certificateregistration.common.unittests.dll" id="266ce242-890f-c8a2-6c3c-861d38ff4a4a">
      <Execution id="57d03b51-c946-444a-a365-1731741df72d" />
      <TestMethod codeBase="D:\actions-runner\_work\XPCO\XPCO\Common\VideoOS.CertificateRegistration.Common\VideoOS.CertificateRegistration.Common.UnitTests\bin\Debug\VideoOS.CertificateRegistration.Common.UnitTests.dll" adapterTypeName="executor://mstestadapter/v2" className="VideoOS.CertificateRegistration.Common.UnitTests.ServerEndpointRegistrarBaseTests" name="ApplyCertificate_ThumbprintIsPassed_StatusCodeIsSuccess" />
    </UnitTest>
    <UnitTest name="EndpointRegistrarBase_Ctor_Success" storage="d:\actions-runner\_work\xpco\xpco\common\videoos.certificateregistration.common\videoos.certificateregistration.common.unittests\bin\debug\videoos.certificateregistration.common.unittests.dll" id="39ba04e7-164a-6477-93f0-f5a8e149b210">
      <Execution id="e2022971-0e92-4e1f-892c-7f7d11a56ee9" />
      <TestMethod codeBase="D:\actions-runner\_work\XPCO\XPCO\Common\VideoOS.CertificateRegistration.Common\VideoOS.CertificateRegistration.Common.UnitTests\bin\Debug\VideoOS.CertificateRegistration.Common.UnitTests.dll" adapterTypeName="executor://mstestadapter/v2" className="VideoOS.CertificateRegistration.Common.UnitTests.CleintEndpointRegistrarBaseUnitTests" name="EndpointRegistrarBase_Ctor_Success" />
    </UnitTest>
    <UnitTest name="RegisterClient_CantWriteRegistrationParameters_OtherErrorReturned" storage="d:\actions-runner\_work\xpco\xpco\common\videoos.certificateregistration.common\videoos.certificateregistration.common.unittests\bin\debug\videoos.certificateregistration.common.unittests.dll" id="b39d4aab-e093-ee5c-26fd-fbbd19df8121">
      <Execution id="461f4914-0797-4fdb-8ab5-e0b44d2fb13c" />
      <TestMethod codeBase="D:\actions-runner\_work\XPCO\XPCO\Common\VideoOS.CertificateRegistration.Common\VideoOS.CertificateRegistration.Common.UnitTests\bin\Debug\VideoOS.CertificateRegistration.Common.UnitTests.dll" adapterTypeName="executor://mstestadapter/v2" className="VideoOS.CertificateRegistration.Common.UnitTests.CleintEndpointRegistrarBaseUnitTests" name="RegisterClient_CantWriteRegistrationParameters_OtherErrorReturned" />
    </UnitTest>
    <UnitTest name="PreExecute_StopServiceThrowsException_ServiceConfigurationExceptionThrown" storage="d:\actions-runner\_work\xpco\xpco\common\videoos.certificateregistration.common\videoos.certificateregistration.common.unittests\bin\debug\videoos.certificateregistration.common.unittests.dll" id="d3aefef5-c41d-952b-949f-1b0db02ec76d">
      <Execution id="81d6982a-ef6c-4c00-8369-14c853cfb31e" />
      <TestMethod codeBase="D:\actions-runner\_work\XPCO\XPCO\Common\VideoOS.CertificateRegistration.Common\VideoOS.CertificateRegistration.Common.UnitTests\bin\Debug\VideoOS.CertificateRegistration.Common.UnitTests.dll" adapterTypeName="executor://mstestadapter/v2" className="VideoOS.CertificateRegistration.Common.UnitTests.WindowsServiceConfiguratorBaseTests" name="PreExecute_StopServiceThrowsException_ServiceConfigurationExceptionThrown" />
    </UnitTest>
    <UnitTest name="ServerRegisterServiceBase_IServiceRegistrationServiceFactoryIsNull_ArgumentNullExceptionIsThrown" storage="d:\actions-runner\_work\xpco\xpco\common\videoos.certificateregistration.common\videoos.certificateregistration.common.unittests\bin\debug\videoos.certificateregistration.common.unittests.dll" id="9a7c718b-4e91-68ce-413e-16147ce1afc3">
      <Execution id="a87aa857-d847-46c3-bd14-953f3fe1b0bb" />
      <TestMethod codeBase="D:\actions-runner\_work\XPCO\XPCO\Common\VideoOS.CertificateRegistration.Common\VideoOS.CertificateRegistration.Common.UnitTests\bin\Debug\VideoOS.CertificateRegistration.Common.UnitTests.dll" adapterTypeName="executor://mstestadapter/v2" className="VideoOS.CertificateRegistration.Common.UnitTests.ServerRegisterServiceBaseTests" name="ServerRegisterServiceBase_IServiceRegistrationServiceFactoryIsNull_ArgumentNullExceptionIsThrown" />
    </UnitTest>
    <UnitTest name="Initialize_ValidLogger_SuccessStatusReturned" storage="d:\actions-runner\_work\xpco\xpco\common\videoos.certificateregistration.common\videoos.certificateregistration.common.unittests\bin\debug\videoos.certificateregistration.common.unittests.dll" id="da3ae52e-52ca-a63c-541e-980271333f51">
      <Execution id="5a5dd361-519b-4368-8dd1-6ce8d9387e90" />
      <TestMethod codeBase="D:\actions-runner\_work\XPCO\XPCO\Common\VideoOS.CertificateRegistration.Common\VideoOS.CertificateRegistration.Common.UnitTests\bin\Debug\VideoOS.CertificateRegistration.Common.UnitTests.dll" adapterTypeName="executor://mstestadapter/v2" className="VideoOS.CertificateRegistration.Common.UnitTests.WindowsServiceConfiguratorBaseTests" name="Initialize_ValidLogger_SuccessStatusReturned" />
    </UnitTest>
    <UnitTest name="DeleteSettings_EncryptionEnabledIsTrue_SchemeIsHttps" storage="d:\actions-runner\_work\xpco\xpco\common\videoos.certificateregistration.common\videoos.certificateregistration.common.unittests\bin\debug\videoos.certificateregistration.common.unittests.dll" id="018dc1a8-8462-d200-b509-6808e488dc2e">
      <Execution id="e4b83855-4225-413a-9528-b8ccbf98019e" />
      <TestMethod codeBase="D:\actions-runner\_work\XPCO\XPCO\Common\VideoOS.CertificateRegistration.Common\VideoOS.CertificateRegistration.Common.UnitTests\bin\Debug\VideoOS.CertificateRegistration.Common.UnitTests.dll" adapterTypeName="executor://mstestadapter/v2" className="VideoOS.CertificateRegistration.Common.UnitTests.HttpSysSettingsTests" name="DeleteSettings_EncryptionEnabledIsTrue_SchemeIsHttps" />
    </UnitTest>
    <UnitTest name="DeleteSettings_EncryptionEnabledIsFalse_SchemeIsHttp" storage="d:\actions-runner\_work\xpco\xpco\common\videoos.certificateregistration.common\videoos.certificateregistration.common.unittests\bin\debug\videoos.certificateregistration.common.unittests.dll" id="79a493f3-eadd-d3ad-d16d-72b9a5373ac2">
      <Execution id="212616bc-280e-423f-9984-9fd11e03b6be" />
      <TestMethod codeBase="D:\actions-runner\_work\XPCO\XPCO\Common\VideoOS.CertificateRegistration.Common\VideoOS.CertificateRegistration.Common.UnitTests\bin\Debug\VideoOS.CertificateRegistration.Common.UnitTests.dll" adapterTypeName="executor://mstestadapter/v2" className="VideoOS.CertificateRegistration.Common.UnitTests.HttpSysSettingsTests" name="DeleteSettings_EncryptionEnabledIsFalse_SchemeIsHttp" />
    </UnitTest>
    <UnitTest name="PostExecute_ServiceRunningWaitForServiceTimeOut_ErrorStatusLoggedAndReturned" storage="d:\actions-runner\_work\xpco\xpco\common\videoos.certificateregistration.common\videoos.certificateregistration.common.unittests\bin\debug\videoos.certificateregistration.common.unittests.dll" id="bd257202-dc8f-dd22-ad23-824e7be45ac8">
      <Execution id="4024aaa6-f4b7-4838-968d-bd118b3ff7a6" />
      <TestMethod codeBase="D:\actions-runner\_work\XPCO\XPCO\Common\VideoOS.CertificateRegistration.Common\VideoOS.CertificateRegistration.Common.UnitTests\bin\Debug\VideoOS.CertificateRegistration.Common.UnitTests.dll" adapterTypeName="executor://mstestadapter/v2" className="VideoOS.CertificateRegistration.Common.UnitTests.WindowsServiceConfiguratorBaseTests" name="PostExecute_ServiceRunningWaitForServiceTimeOut_ErrorStatusLoggedAndReturned" />
    </UnitTest>
    <UnitTest name="RegisterClient_UnsuccessfulHttpStatus_CorrectErrorCodeIsReturned (Unauthorized,VmsAdminCredentialsNeeded)" storage="d:\actions-runner\_work\xpco\xpco\common\videoos.certificateregistration.common\videoos.certificateregistration.common.unittests\bin\debug\videoos.certificateregistration.common.unittests.dll" id="6191fff3-03bb-cef0-9e31-b12d5ce38c25">
      <Execution id="0d00f955-7235-45ba-a779-02dfa451a6dd" />
      <TestMethod codeBase="D:\actions-runner\_work\XPCO\XPCO\Common\VideoOS.CertificateRegistration.Common\VideoOS.CertificateRegistration.Common.UnitTests\bin\Debug\VideoOS.CertificateRegistration.Common.UnitTests.dll" adapterTypeName="executor://mstestadapter/v2" className="VideoOS.CertificateRegistration.Common.UnitTests.CleintEndpointRegistrarBaseUnitTests" name="RegisterClient_UnsuccessfulHttpStatus_CorrectErrorCodeIsReturned" />
    </UnitTest>
    <UnitTest name="SaveSettings_EncryptionEnabledIsTrue_EnforceSslConfigurationAndUrlReservationIsCalledAndSchemeIsHttps" storage="d:\actions-runner\_work\xpco\xpco\common\videoos.certificateregistration.common\videoos.certificateregistration.common.unittests\bin\debug\videoos.certificateregistration.common.unittests.dll" id="3a255943-38fd-65a0-06e8-f98bd5bb6ead">
      <Execution id="b0ffb0d2-f98c-4612-81ac-3411b274240d" />
      <TestMethod codeBase="D:\actions-runner\_work\XPCO\XPCO\Common\VideoOS.CertificateRegistration.Common\VideoOS.CertificateRegistration.Common.UnitTests\bin\Debug\VideoOS.CertificateRegistration.Common.UnitTests.dll" adapterTypeName="executor://mstestadapter/v2" className="VideoOS.CertificateRegistration.Common.UnitTests.HttpSysSettingsTests" name="SaveSettings_EncryptionEnabledIsTrue_EnforceSslConfigurationAndUrlReservationIsCalledAndSchemeIsHttps" />
    </UnitTest>
    <UnitTest name="Ctor_PortIsLessThan1OrGreaterThan65535_ThrowsArgumentOutOfRangeException (65536)" storage="d:\actions-runner\_work\xpco\xpco\common\videoos.certificateregistration.common\videoos.certificateregistration.common.unittests\bin\debug\videoos.certificateregistration.common.unittests.dll" id="942b3a55-0786-1462-9c63-fbf4500edeb7">
      <Execution id="4923b309-4dc4-469c-b0c9-687fcf2f7aa1" />
      <TestMethod codeBase="D:\actions-runner\_work\XPCO\XPCO\Common\VideoOS.CertificateRegistration.Common\VideoOS.CertificateRegistration.Common.UnitTests\bin\Debug\VideoOS.CertificateRegistration.Common.UnitTests.dll" adapterTypeName="executor://mstestadapter/v2" className="VideoOS.CertificateRegistration.Common.UnitTests.ServerEndpointRegistrarBaseTests" name="Ctor_PortIsLessThan1OrGreaterThan65535_ThrowsArgumentOutOfRangeException" />
    </UnitTest>
    <UnitTest name="EndpointRegistrarBase_ServiceNameIsEmpty_ArgumentExceptionIsThrown" storage="d:\actions-runner\_work\xpco\xpco\common\videoos.certificateregistration.common\videoos.certificateregistration.common.unittests\bin\debug\videoos.certificateregistration.common.unittests.dll" id="a5d03c54-5883-3feb-b41e-22112af4551c">
      <Execution id="cf27beb5-d127-48d8-9464-6e4e0cc88511" />
      <TestMethod codeBase="D:\actions-runner\_work\XPCO\XPCO\Common\VideoOS.CertificateRegistration.Common\VideoOS.CertificateRegistration.Common.UnitTests\bin\Debug\VideoOS.CertificateRegistration.Common.UnitTests.dll" adapterTypeName="executor://mstestadapter/v2" className="VideoOS.CertificateRegistration.Common.UnitTests.CleintEndpointRegistrarBaseUnitTests" name="EndpointRegistrarBase_ServiceNameIsEmpty_ArgumentExceptionIsThrown" />
    </UnitTest>
    <UnitTest name="SaveSettings_DeleteSslThrowsWin32Exception_ThrowsChangeEncryptionException" storage="d:\actions-runner\_work\xpco\xpco\common\videoos.certificateregistration.common\videoos.certificateregistration.common.unittests\bin\debug\videoos.certificateregistration.common.unittests.dll" id="c6e46d5f-b233-bbc8-1cfb-8a1367cf9a66">
      <Execution id="02de1025-6309-42d6-8299-27c94db54b1d" />
      <TestMethod codeBase="D:\actions-runner\_work\XPCO\XPCO\Common\VideoOS.CertificateRegistration.Common\VideoOS.CertificateRegistration.Common.UnitTests\bin\Debug\VideoOS.CertificateRegistration.Common.UnitTests.dll" adapterTypeName="executor://mstestadapter/v2" className="VideoOS.CertificateRegistration.Common.UnitTests.HttpSysSettingsTests" name="SaveSettings_DeleteSslThrowsWin32Exception_ThrowsChangeEncryptionException" />
    </UnitTest>
    <UnitTest name="ServerRegisterServiceBase_ServiceTypeIsEmpty_ArgumentNullExceptionIsThrown" storage="d:\actions-runner\_work\xpco\xpco\common\videoos.certificateregistration.common\videoos.certificateregistration.common.unittests\bin\debug\videoos.certificateregistration.common.unittests.dll" id="2b13c4e7-5c64-3950-b286-557e015b795d">
      <Execution id="3f49f282-c910-4c4f-81c6-fa9932f64773" />
      <TestMethod codeBase="D:\actions-runner\_work\XPCO\XPCO\Common\VideoOS.CertificateRegistration.Common\VideoOS.CertificateRegistration.Common.UnitTests\bin\Debug\VideoOS.CertificateRegistration.Common.UnitTests.dll" adapterTypeName="executor://mstestadapter/v2" className="VideoOS.CertificateRegistration.Common.UnitTests.ServerRegisterServiceBaseTests" name="ServerRegisterServiceBase_ServiceTypeIsEmpty_ArgumentNullExceptionIsThrown" />
    </UnitTest>
    <UnitTest name="ServerRegisterServiceBase_Ctor_WithIServiceRegistrationServiceFactory_Success" storage="d:\actions-runner\_work\xpco\xpco\common\videoos.certificateregistration.common\videoos.certificateregistration.common.unittests\bin\debug\videoos.certificateregistration.common.unittests.dll" id="8f8e16be-c28a-5688-50d4-e05e47e3b951">
      <Execution id="ef01f0a2-91a5-44f9-aadc-546ababf771f" />
      <TestMethod codeBase="D:\actions-runner\_work\XPCO\XPCO\Common\VideoOS.CertificateRegistration.Common\VideoOS.CertificateRegistration.Common.UnitTests\bin\Debug\VideoOS.CertificateRegistration.Common.UnitTests.dll" adapterTypeName="executor://mstestadapter/v2" className="VideoOS.CertificateRegistration.Common.UnitTests.ServerRegisterServiceBaseTests" name="ServerRegisterServiceBase_Ctor_WithIServiceRegistrationServiceFactory_Success" />
    </UnitTest>
    <UnitTest name="RegisterClient_SecretExceptionThrown_OtherErrorReturned" storage="d:\actions-runner\_work\xpco\xpco\common\videoos.certificateregistration.common\videoos.certificateregistration.common.unittests\bin\debug\videoos.certificateregistration.common.unittests.dll" id="72c3da66-9cb0-806f-8f0c-a8488919ac76">
      <Execution id="69f607f0-8257-4d99-859a-2c56e46f7210" />
      <TestMethod codeBase="D:\actions-runner\_work\XPCO\XPCO\Common\VideoOS.CertificateRegistration.Common\VideoOS.CertificateRegistration.Common.UnitTests\bin\Debug\VideoOS.CertificateRegistration.Common.UnitTests.dll" adapterTypeName="executor://mstestadapter/v2" className="VideoOS.CertificateRegistration.Common.UnitTests.CleintEndpointRegistrarBaseUnitTests" name="RegisterClient_SecretExceptionThrown_OtherErrorReturned" />
    </UnitTest>
    <UnitTest name="ApplyCertificate_HttpSysSettingsThrowsException_StatusCodeIsOtherError" storage="d:\actions-runner\_work\xpco\xpco\common\videoos.certificateregistration.common\videoos.certificateregistration.common.unittests\bin\debug\videoos.certificateregistration.common.unittests.dll" id="5e0d969e-0f96-a043-44ac-2e76cc53e20c">
      <Execution id="ad692ecc-1d4a-40d0-91df-7584824cf86e" />
      <TestMethod codeBase="D:\actions-runner\_work\XPCO\XPCO\Common\VideoOS.CertificateRegistration.Common\VideoOS.CertificateRegistration.Common.UnitTests\bin\Debug\VideoOS.CertificateRegistration.Common.UnitTests.dll" adapterTypeName="executor://mstestadapter/v2" className="VideoOS.CertificateRegistration.Common.UnitTests.ServerEndpointRegistrarBaseTests" name="ApplyCertificate_HttpSysSettingsThrowsException_StatusCodeIsOtherError" />
    </UnitTest>
    <UnitTest name="RegisterClientWithRetry_Success" storage="d:\actions-runner\_work\xpco\xpco\common\videoos.certificateregistration.common\videoos.certificateregistration.common.unittests\bin\debug\videoos.certificateregistration.common.unittests.dll" id="5818bfd6-f7d1-a08c-dce1-112f30fa95f7">
      <Execution id="d9c009ea-4e7a-452a-8f98-1f9f757089e2" />
      <TestMethod codeBase="D:\actions-runner\_work\XPCO\XPCO\Common\VideoOS.CertificateRegistration.Common\VideoOS.CertificateRegistration.Common.UnitTests\bin\Debug\VideoOS.CertificateRegistration.Common.UnitTests.dll" adapterTypeName="executor://mstestadapter/v2" className="VideoOS.CertificateRegistration.Common.UnitTests.CleintEndpointRegistrarBaseUnitTests" name="RegisterClientWithRetry_Success" />
    </UnitTest>
    <UnitTest name="Given_NetworkCredentials_When_SerializedAndDeserialized_Then_InformationIsMaintained" storage="d:\actions-runner\_work\xpco\xpco\common\videoos.certificateregistration.common\videoos.certificateregistration.common.unittests\bin\debug\videoos.certificateregistration.common.unittests.dll" id="ddd8fc2e-643b-51d9-c33a-6ba5ae8a764a">
      <Execution id="77261da3-042b-4d0c-9c0a-4446ea796e47" />
      <TestMethod codeBase="D:\actions-runner\_work\XPCO\XPCO\Common\VideoOS.CertificateRegistration.Common\VideoOS.CertificateRegistration.Common.UnitTests\bin\Debug\VideoOS.CertificateRegistration.Common.UnitTests.dll" adapterTypeName="executor://mstestadapter/v2" className="VideoOS.CertificateRegistration.Common.UnitTests.WindowsServiceConfiguratorBaseTests" name="Given_NetworkCredentials_When_SerializedAndDeserialized_Then_InformationIsMaintained" />
    </UnitTest>
    <UnitTest name="Ctor_ServicenNameIsNull_ThrowsArgumentNullException" storage="d:\actions-runner\_work\xpco\xpco\common\videoos.certificateregistration.common\videoos.certificateregistration.common.unittests\bin\debug\videoos.certificateregistration.common.unittests.dll" id="a21fdb2e-3655-b9f0-5ff0-63b04dd2fe77">
      <Execution id="ebad9065-9c25-4d39-a7bd-fe1b05850170" />
      <TestMethod codeBase="D:\actions-runner\_work\XPCO\XPCO\Common\VideoOS.CertificateRegistration.Common\VideoOS.CertificateRegistration.Common.UnitTests\bin\Debug\VideoOS.CertificateRegistration.Common.UnitTests.dll" adapterTypeName="executor://mstestadapter/v2" className="VideoOS.CertificateRegistration.Common.UnitTests.ServerEndpointRegistrarBaseTests" name="Ctor_ServicenNameIsNull_ThrowsArgumentNullException" />
    </UnitTest>
    <UnitTest name="SaveSettings_EncryptionEnabledIsTrueMultipleRelativeUris_EnforceSslConfigurationAndUrlReservationIsCalledAndSchemeIsHttps_AndAllRelativeUriAreSet" storage="d:\actions-runner\_work\xpco\xpco\common\videoos.certificateregistration.common\videoos.certificateregistration.common.unittests\bin\debug\videoos.certificateregistration.common.unittests.dll" id="ffdd7d7c-e933-fc49-2354-9d6ee3484422">
      <Execution id="25e8ea0c-ef5e-46d8-9e88-dd1fe2382ea0" />
      <TestMethod codeBase="D:\actions-runner\_work\XPCO\XPCO\Common\VideoOS.CertificateRegistration.Common\VideoOS.CertificateRegistration.Common.UnitTests\bin\Debug\VideoOS.CertificateRegistration.Common.UnitTests.dll" adapterTypeName="executor://mstestadapter/v2" className="VideoOS.CertificateRegistration.Common.UnitTests.HttpSysSettingsTests" name="SaveSettings_EncryptionEnabledIsTrueMultipleRelativeUris_EnforceSslConfigurationAndUrlReservationIsCalledAndSchemeIsHttps_AndAllRelativeUriAreSet" />
    </UnitTest>
    <UnitTest name="SaveSettings_EnforceSslConfigurationThrowsWin32Exception_ThrowsChangeEncryptionSettings" storage="d:\actions-runner\_work\xpco\xpco\common\videoos.certificateregistration.common\videoos.certificateregistration.common.unittests\bin\debug\videoos.certificateregistration.common.unittests.dll" id="f457056a-e799-374b-e836-e89749008681">
      <Execution id="a538ad32-c84f-4042-ae01-aac5dcb6e2c1" />
      <TestMethod codeBase="D:\actions-runner\_work\XPCO\XPCO\Common\VideoOS.CertificateRegistration.Common\VideoOS.CertificateRegistration.Common.UnitTests\bin\Debug\VideoOS.CertificateRegistration.Common.UnitTests.dll" adapterTypeName="executor://mstestadapter/v2" className="VideoOS.CertificateRegistration.Common.UnitTests.HttpSysSettingsTests" name="SaveSettings_EnforceSslConfigurationThrowsWin32Exception_ThrowsChangeEncryptionSettings" />
    </UnitTest>
    <UnitTest name="Initialize_NullLogger_ArgumentNullException" storage="d:\actions-runner\_work\xpco\xpco\common\videoos.certificateregistration.common\videoos.certificateregistration.common.unittests\bin\debug\videoos.certificateregistration.common.unittests.dll" id="f0374c79-6b39-0925-2c11-25d9bbfeae10">
      <Execution id="76925577-c001-4e64-b6b5-5357f0b23b70" />
      <TestMethod codeBase="D:\actions-runner\_work\XPCO\XPCO\Common\VideoOS.CertificateRegistration.Common\VideoOS.CertificateRegistration.Common.UnitTests\bin\Debug\VideoOS.CertificateRegistration.Common.UnitTests.dll" adapterTypeName="executor://mstestadapter/v2" className="VideoOS.CertificateRegistration.Common.UnitTests.WindowsServiceConfiguratorBaseTests" name="Initialize_NullLogger_ArgumentNullException" />
    </UnitTest>
    <UnitTest name="SaveSettings_CertificateCannotBeFound_ThrowsChangeEncryptionException" storage="d:\actions-runner\_work\xpco\xpco\common\videoos.certificateregistration.common\videoos.certificateregistration.common.unittests\bin\debug\videoos.certificateregistration.common.unittests.dll" id="fb7cfadb-664e-f34b-c0ad-4418e7050a8e">
      <Execution id="f3605251-c6f7-4585-992d-21f9a708e268" />
      <TestMethod codeBase="D:\actions-runner\_work\XPCO\XPCO\Common\VideoOS.CertificateRegistration.Common\VideoOS.CertificateRegistration.Common.UnitTests\bin\Debug\VideoOS.CertificateRegistration.Common.UnitTests.dll" adapterTypeName="executor://mstestadapter/v2" className="VideoOS.CertificateRegistration.Common.UnitTests.HttpSysSettingsTests" name="SaveSettings_CertificateCannotBeFound_ThrowsChangeEncryptionException" />
    </UnitTest>
    <UnitTest name="LoggedErrorStatus_NullException_ErrorLoggedAndReturned" storage="d:\actions-runner\_work\xpco\xpco\common\videoos.certificateregistration.common\videoos.certificateregistration.common.unittests\bin\debug\videoos.certificateregistration.common.unittests.dll" id="737f180e-adc2-9bd5-b15b-cce3f0786bbd">
      <Execution id="258ead75-825b-478d-ae22-5c87689c13e3" />
      <TestMethod codeBase="D:\actions-runner\_work\XPCO\XPCO\Common\VideoOS.CertificateRegistration.Common\VideoOS.CertificateRegistration.Common.UnitTests\bin\Debug\VideoOS.CertificateRegistration.Common.UnitTests.dll" adapterTypeName="executor://mstestadapter/v2" className="VideoOS.CertificateRegistration.Common.UnitTests.WindowsServiceConfiguratorBaseTests" name="LoggedErrorStatus_NullException_ErrorLoggedAndReturned" />
    </UnitTest>
    <UnitTest name="ServerRegisterServiceBase_RegisterThisService_CredentialsIsNull_Success" storage="d:\actions-runner\_work\xpco\xpco\common\videoos.certificateregistration.common\videoos.certificateregistration.common.unittests\bin\debug\videoos.certificateregistration.common.unittests.dll" id="a6f2ab1f-d156-c9ba-26f5-29d8052f340f">
      <Execution id="907f7bf7-2397-4726-9d5d-df6dd4e8e213" />
      <TestMethod codeBase="D:\actions-runner\_work\XPCO\XPCO\Common\VideoOS.CertificateRegistration.Common\VideoOS.CertificateRegistration.Common.UnitTests\bin\Debug\VideoOS.CertificateRegistration.Common.UnitTests.dll" adapterTypeName="executor://mstestadapter/v2" className="VideoOS.CertificateRegistration.Common.UnitTests.ServerRegisterServiceBaseTests" name="ServerRegisterServiceBase_RegisterThisService_CredentialsIsNull_Success" />
    </UnitTest>
    <UnitTest name="PreExecute_StopServiceThrowsException_ServiceIsAlreadyStopped_Succeeds" storage="d:\actions-runner\_work\xpco\xpco\common\videoos.certificateregistration.common\videoos.certificateregistration.common.unittests\bin\debug\videoos.certificateregistration.common.unittests.dll" id="76ac24d3-c0e1-918b-ed89-0c9a580f78bf">
      <Execution id="9677eb5f-1214-4ac0-a63d-6674a24429aa" />
      <TestMethod codeBase="D:\actions-runner\_work\XPCO\XPCO\Common\VideoOS.CertificateRegistration.Common\VideoOS.CertificateRegistration.Common.UnitTests\bin\Debug\VideoOS.CertificateRegistration.Common.UnitTests.dll" adapterTypeName="executor://mstestadapter/v2" className="VideoOS.CertificateRegistration.Common.UnitTests.WindowsServiceConfiguratorBaseTests" name="PreExecute_StopServiceThrowsException_ServiceIsAlreadyStopped_Succeeds" />
    </UnitTest>
    <UnitTest name="EndpointRegistrarBase_IRegistrationParametersHandlerIsNull_ArgumentNullExceptionIsThrown" storage="d:\actions-runner\_work\xpco\xpco\common\videoos.certificateregistration.common\videoos.certificateregistration.common.unittests\bin\debug\videoos.certificateregistration.common.unittests.dll" id="6964b6fa-a7c6-635e-0fdc-50dce4181e47">
      <Execution id="94627429-5f77-4e6c-bc75-8ea5e117461e" />
      <TestMethod codeBase="D:\actions-runner\_work\XPCO\XPCO\Common\VideoOS.CertificateRegistration.Common\VideoOS.CertificateRegistration.Common.UnitTests\bin\Debug\VideoOS.CertificateRegistration.Common.UnitTests.dll" adapterTypeName="executor://mstestadapter/v2" className="VideoOS.CertificateRegistration.Common.UnitTests.CleintEndpointRegistrarBaseUnitTests" name="EndpointRegistrarBase_IRegistrationParametersHandlerIsNull_ArgumentNullExceptionIsThrown" />
    </UnitTest>
    <UnitTest name="SaveSettings_EncryptionEnabledIsTrue_EnforceSslConfigurationAndUrlReservationIsCalledAndSchemeIsHttps_AndRelativeUriIsSet" storage="d:\actions-runner\_work\xpco\xpco\common\videoos.certificateregistration.common\videoos.certificateregistration.common.unittests\bin\debug\videoos.certificateregistration.common.unittests.dll" id="047c9a72-711d-4fb1-a112-f93b115bf550">
      <Execution id="45f1395d-1fa1-4c01-afe4-5f770f856f88" />
      <TestMethod codeBase="D:\actions-runner\_work\XPCO\XPCO\Common\VideoOS.CertificateRegistration.Common\VideoOS.CertificateRegistration.Common.UnitTests\bin\Debug\VideoOS.CertificateRegistration.Common.UnitTests.dll" adapterTypeName="executor://mstestadapter/v2" className="VideoOS.CertificateRegistration.Common.UnitTests.HttpSysSettingsTests" name="SaveSettings_EncryptionEnabledIsTrue_EnforceSslConfigurationAndUrlReservationIsCalledAndSchemeIsHttps_AndRelativeUriIsSet" />
    </UnitTest>
    <UnitTest name="Ctor_SecurityIdentifierIsNull_ThrowsArgumentNullException" storage="d:\actions-runner\_work\xpco\xpco\common\videoos.certificateregistration.common\videoos.certificateregistration.common.unittests\bin\debug\videoos.certificateregistration.common.unittests.dll" id="2e9ee066-e092-20e5-4abe-7784b9a0b75a">
      <Execution id="eea62207-f488-492a-a75a-8cdde19da2de" />
      <TestMethod codeBase="D:\actions-runner\_work\XPCO\XPCO\Common\VideoOS.CertificateRegistration.Common\VideoOS.CertificateRegistration.Common.UnitTests\bin\Debug\VideoOS.CertificateRegistration.Common.UnitTests.dll" adapterTypeName="executor://mstestadapter/v2" className="VideoOS.CertificateRegistration.Common.UnitTests.ServerEndpointRegistrarBaseTests" name="Ctor_SecurityIdentifierIsNull_ThrowsArgumentNullException" />
    </UnitTest>
    <UnitTest name="RegisterClient_UnsuccessfulHttpStatus_CorrectErrorCodeIsReturned (BadRequest,UnspecifiedErrorRegistration)" storage="d:\actions-runner\_work\xpco\xpco\common\videoos.certificateregistration.common\videoos.certificateregistration.common.unittests\bin\debug\videoos.certificateregistration.common.unittests.dll" id="595d7717-ca1a-5969-045c-60a9db03b983">
      <Execution id="36ce141d-9ad6-418c-b705-833d4f00a711" />
      <TestMethod codeBase="D:\actions-runner\_work\XPCO\XPCO\Common\VideoOS.CertificateRegistration.Common\VideoOS.CertificateRegistration.Common.UnitTests\bin\Debug\VideoOS.CertificateRegistration.Common.UnitTests.dll" adapterTypeName="executor://mstestadapter/v2" className="VideoOS.CertificateRegistration.Common.UnitTests.CleintEndpointRegistrarBaseUnitTests" name="RegisterClient_UnsuccessfulHttpStatus_CorrectErrorCodeIsReturned" />
    </UnitTest>
    <UnitTest name="Given_ClassThatInheritsBaseClass_When_SettingAnAddressThatIsPresentWithWebExceptionWithNotFound_Then_RegistrationReturnsMsNotFound" storage="d:\actions-runner\_work\xpco\xpco\common\videoos.certificateregistration.common\videoos.certificateregistration.common.unittests\bin\debug\videoos.certificateregistration.common.unittests.dll" id="52b604cd-1b5f-3fea-5be0-4a4e1ecb76b6">
      <Execution id="898aa8c6-f5b1-4798-ad89-205150f7be37" />
      <TestMethod codeBase="D:\actions-runner\_work\XPCO\XPCO\Common\VideoOS.CertificateRegistration.Common\VideoOS.CertificateRegistration.Common.UnitTests\bin\Debug\VideoOS.CertificateRegistration.Common.UnitTests.dll" adapterTypeName="executor://mstestadapter/v2" className="VideoOS.CertificateRegistration.Common.UnitTests.SetManagementServerBaseTest" name="Given_ClassThatInheritsBaseClass_When_SettingAnAddressThatIsPresentWithWebExceptionWithNotFound_Then_RegistrationReturnsMsNotFound" />
    </UnitTest>
    <UnitTest name="ServerRegisterServiceBase_RegisterThisService_AuthenticationFailed_Success" storage="d:\actions-runner\_work\xpco\xpco\common\videoos.certificateregistration.common\videoos.certificateregistration.common.unittests\bin\debug\videoos.certificateregistration.common.unittests.dll" id="c50e0311-b229-85ce-5199-799e657d5a38">
      <Execution id="dbf8425d-8dfb-4163-9b81-6b7892fc9e1d" />
      <TestMethod codeBase="D:\actions-runner\_work\XPCO\XPCO\Common\VideoOS.CertificateRegistration.Common\VideoOS.CertificateRegistration.Common.UnitTests\bin\Debug\VideoOS.CertificateRegistration.Common.UnitTests.dll" adapterTypeName="executor://mstestadapter/v2" className="VideoOS.CertificateRegistration.Common.UnitTests.ServerRegisterServiceBaseTests" name="ServerRegisterServiceBase_RegisterThisService_AuthenticationFailed_Success" />
    </UnitTest>
    <UnitTest name="Given_ClassThatInheritsBaseClass_When_SettingAnAddressThatIsPresentWithNonWebExceptionWithNonHttpResponse_Then_RegistrationReturnsUnknownError" storage="d:\actions-runner\_work\xpco\xpco\common\videoos.certificateregistration.common\videoos.certificateregistration.common.unittests\bin\debug\videoos.certificateregistration.common.unittests.dll" id="2250117e-e5e3-16cb-d339-b1e5deef55da">
      <Execution id="9bbd4a65-a2ff-42d9-bed7-3c94a66c957a" />
      <TestMethod codeBase="D:\actions-runner\_work\XPCO\XPCO\Common\VideoOS.CertificateRegistration.Common\VideoOS.CertificateRegistration.Common.UnitTests\bin\Debug\VideoOS.CertificateRegistration.Common.UnitTests.dll" adapterTypeName="executor://mstestadapter/v2" className="VideoOS.CertificateRegistration.Common.UnitTests.SetManagementServerBaseTest" name="Given_ClassThatInheritsBaseClass_When_SettingAnAddressThatIsPresentWithNonWebExceptionWithNonHttpResponse_Then_RegistrationReturnsUnknownError" />
    </UnitTest>
    <UnitTest name="SaveSettings_ExistingConfigsExists_DeleteAllExistingConfigsBeforeNewConfigIsSaved" storage="d:\actions-runner\_work\xpco\xpco\common\videoos.certificateregistration.common\videoos.certificateregistration.common.unittests\bin\debug\videoos.certificateregistration.common.unittests.dll" id="9091d5ba-96b7-561c-ce33-e1546bd1b67d">
      <Execution id="19aaecb9-8d89-4c87-902d-12aecd8c1f68" />
      <TestMethod codeBase="D:\actions-runner\_work\XPCO\XPCO\Common\VideoOS.CertificateRegistration.Common\VideoOS.CertificateRegistration.Common.UnitTests\bin\Debug\VideoOS.CertificateRegistration.Common.UnitTests.dll" adapterTypeName="executor://mstestadapter/v2" className="VideoOS.CertificateRegistration.Common.UnitTests.HttpSysSettingsTests" name="SaveSettings_ExistingConfigsExists_DeleteAllExistingConfigsBeforeNewConfigIsSaved" />
    </UnitTest>
    <UnitTest name="Given_ClassThatInheritsBaseClass_When_SettingAnAddressThatIsPresent_Then_RegistrationSucceeds" storage="d:\actions-runner\_work\xpco\xpco\common\videoos.certificateregistration.common\videoos.certificateregistration.common.unittests\bin\debug\videoos.certificateregistration.common.unittests.dll" id="c307961e-bdf6-8c7d-dc1f-0d292a27cf88">
      <Execution id="e116b243-0bfd-421f-b4d0-8954b97f78d6" />
      <TestMethod codeBase="D:\actions-runner\_work\XPCO\XPCO\Common\VideoOS.CertificateRegistration.Common\VideoOS.CertificateRegistration.Common.UnitTests\bin\Debug\VideoOS.CertificateRegistration.Common.UnitTests.dll" adapterTypeName="executor://mstestadapter/v2" className="VideoOS.CertificateRegistration.Common.UnitTests.SetManagementServerBaseTest" name="Given_ClassThatInheritsBaseClass_When_SettingAnAddressThatIsPresent_Then_RegistrationSucceeds" />
    </UnitTest>
    <UnitTest name="ServerRegisterServiceBase_RegisteredServiceNameIsNull_ArgumentNullExceptionIsThrown" storage="d:\actions-runner\_work\xpco\xpco\common\videoos.certificateregistration.common\videoos.certificateregistration.common.unittests\bin\debug\videoos.certificateregistration.common.unittests.dll" id="c9707235-f6b6-27f5-c54e-a3831ed29fe5">
      <Execution id="2e01f9f2-9281-47f9-b9f9-249466beeb80" />
      <TestMethod codeBase="D:\actions-runner\_work\XPCO\XPCO\Common\VideoOS.CertificateRegistration.Common\VideoOS.CertificateRegistration.Common.UnitTests\bin\Debug\VideoOS.CertificateRegistration.Common.UnitTests.dll" adapterTypeName="executor://mstestadapter/v2" className="VideoOS.CertificateRegistration.Common.UnitTests.ServerRegisterServiceBaseTests" name="ServerRegisterServiceBase_RegisteredServiceNameIsNull_ArgumentNullExceptionIsThrown" />
    </UnitTest>
    <UnitTest name="ServerRegisterServiceBase_RegisterThisService_ChangeToIsSecure_Success" storage="d:\actions-runner\_work\xpco\xpco\common\videoos.certificateregistration.common\videoos.certificateregistration.common.unittests\bin\debug\videoos.certificateregistration.common.unittests.dll" id="23879a03-12d4-2581-a786-b22dbbdf4df8">
      <Execution id="cb6bb68b-ea6c-49d4-b53d-754ca837cb7a" />
      <TestMethod codeBase="D:\actions-runner\_work\XPCO\XPCO\Common\VideoOS.CertificateRegistration.Common\VideoOS.CertificateRegistration.Common.UnitTests\bin\Debug\VideoOS.CertificateRegistration.Common.UnitTests.dll" adapterTypeName="executor://mstestadapter/v2" className="VideoOS.CertificateRegistration.Common.UnitTests.ServerRegisterServiceBaseTests" name="ServerRegisterServiceBase_RegisterThisService_ChangeToIsSecure_Success" />
    </UnitTest>
    <UnitTest name="LoggedErrorStatus_VailedException_ErrorLoggedAndReturned" storage="d:\actions-runner\_work\xpco\xpco\common\videoos.certificateregistration.common\videoos.certificateregistration.common.unittests\bin\debug\videoos.certificateregistration.common.unittests.dll" id="2e5069bf-b8e6-f8ea-21f9-17cee9c2bdd0">
      <Execution id="ab775eb7-0523-44b1-b3ac-84f47b00fc63" />
      <TestMethod codeBase="D:\actions-runner\_work\XPCO\XPCO\Common\VideoOS.CertificateRegistration.Common\VideoOS.CertificateRegistration.Common.UnitTests\bin\Debug\VideoOS.CertificateRegistration.Common.UnitTests.dll" adapterTypeName="executor://mstestadapter/v2" className="VideoOS.CertificateRegistration.Common.UnitTests.WindowsServiceConfiguratorBaseTests" name="LoggedErrorStatus_VailedException_ErrorLoggedAndReturned" />
    </UnitTest>
    <UnitTest name="EndpointRegistrarBase_ISecretProviderIsNull_ArgumentNullExceptionThrown" storage="d:\actions-runner\_work\xpco\xpco\common\videoos.certificateregistration.common\videoos.certificateregistration.common.unittests\bin\debug\videoos.certificateregistration.common.unittests.dll" id="4b0c3f35-2ec1-4356-d8bb-ee6fd4c7baca">
      <Execution id="3ee4a036-133a-443b-9d4c-3d319e9f0d58" />
      <TestMethod codeBase="D:\actions-runner\_work\XPCO\XPCO\Common\VideoOS.CertificateRegistration.Common\VideoOS.CertificateRegistration.Common.UnitTests\bin\Debug\VideoOS.CertificateRegistration.Common.UnitTests.dll" adapterTypeName="executor://mstestadapter/v2" className="VideoOS.CertificateRegistration.Common.UnitTests.CleintEndpointRegistrarBaseUnitTests" name="EndpointRegistrarBase_ISecretProviderIsNull_ArgumentNullExceptionThrown" />
    </UnitTest>
    <UnitTest name="Given_ClassThatInheritsBaseClass_When_SettingAnAddressThatIsNotPresent_Then_RegistrationReturnsMsNotFound" storage="d:\actions-runner\_work\xpco\xpco\common\videoos.certificateregistration.common\videoos.certificateregistration.common.unittests\bin\debug\videoos.certificateregistration.common.unittests.dll" id="639bf11a-4e66-0eec-6005-1b15ab2dca23">
      <Execution id="233d49dd-81fb-4298-b406-87605f706f93" />
      <TestMethod codeBase="D:\actions-runner\_work\XPCO\XPCO\Common\VideoOS.CertificateRegistration.Common\VideoOS.CertificateRegistration.Common.UnitTests\bin\Debug\VideoOS.CertificateRegistration.Common.UnitTests.dll" adapterTypeName="executor://mstestadapter/v2" className="VideoOS.CertificateRegistration.Common.UnitTests.SetManagementServerBaseTest" name="Given_ClassThatInheritsBaseClass_When_SettingAnAddressThatIsNotPresent_Then_RegistrationReturnsMsNotFound" />
    </UnitTest>
    <UnitTest name="ServerRegisterServiceBase_RegisterThisService_UriFormatInvalid_Success" storage="d:\actions-runner\_work\xpco\xpco\common\videoos.certificateregistration.common\videoos.certificateregistration.common.unittests\bin\debug\videoos.certificateregistration.common.unittests.dll" id="d595de9b-f478-19dd-5366-22b13b7c2fbc">
      <Execution id="bdaa0ec5-5474-4a45-bce9-3ca02ee575bd" />
      <TestMethod codeBase="D:\actions-runner\_work\XPCO\XPCO\Common\VideoOS.CertificateRegistration.Common\VideoOS.CertificateRegistration.Common.UnitTests\bin\Debug\VideoOS.CertificateRegistration.Common.UnitTests.dll" adapterTypeName="executor://mstestadapter/v2" className="VideoOS.CertificateRegistration.Common.UnitTests.ServerRegisterServiceBaseTests" name="ServerRegisterServiceBase_RegisterThisService_UriFormatInvalid_Success" />
    </UnitTest>
    <UnitTest name="ServerRegisterServiceBase_RegisterThisService_ServiceAlreadyRegistered_Success" storage="d:\actions-runner\_work\xpco\xpco\common\videoos.certificateregistration.common\videoos.certificateregistration.common.unittests\bin\debug\videoos.certificateregistration.common.unittests.dll" id="a00e88e6-9cdf-83e8-2144-390a93546611">
      <Execution id="5b576dc7-42b8-4849-8efa-d195520108e1" />
      <TestMethod codeBase="D:\actions-runner\_work\XPCO\XPCO\Common\VideoOS.CertificateRegistration.Common\VideoOS.CertificateRegistration.Common.UnitTests\bin\Debug\VideoOS.CertificateRegistration.Common.UnitTests.dll" adapterTypeName="executor://mstestadapter/v2" className="VideoOS.CertificateRegistration.Common.UnitTests.ServerRegisterServiceBaseTests" name="ServerRegisterServiceBase_RegisterThisService_ServiceAlreadyRegistered_Success" />
    </UnitTest>
    <UnitTest name="PreExecute_ReturnStatusThatCauseNoStop_SuccessStatusReturned" storage="d:\actions-runner\_work\xpco\xpco\common\videoos.certificateregistration.common\videoos.certificateregistration.common.unittests\bin\debug\videoos.certificateregistration.common.unittests.dll" id="75177370-ff6c-8337-c81e-033ee713647f">
      <Execution id="6e2bc720-53d8-45a6-adf6-c5b0480a6f9b" />
      <TestMethod codeBase="D:\actions-runner\_work\XPCO\XPCO\Common\VideoOS.CertificateRegistration.Common\VideoOS.CertificateRegistration.Common.UnitTests\bin\Debug\VideoOS.CertificateRegistration.Common.UnitTests.dll" adapterTypeName="executor://mstestadapter/v2" className="VideoOS.CertificateRegistration.Common.UnitTests.WindowsServiceConfiguratorBaseTests" name="PreExecute_ReturnStatusThatCauseNoStop_SuccessStatusReturned" />
    </UnitTest>
    <UnitTest name="PostExecute_ServiceNotRunning_SuccessStatusReturned" storage="d:\actions-runner\_work\xpco\xpco\common\videoos.certificateregistration.common\videoos.certificateregistration.common.unittests\bin\debug\videoos.certificateregistration.common.unittests.dll" id="ae5dc155-54b8-fb2f-5161-45627538006b">
      <Execution id="df8190db-7bd1-47ed-b88a-266030802236" />
      <TestMethod codeBase="D:\actions-runner\_work\XPCO\XPCO\Common\VideoOS.CertificateRegistration.Common\VideoOS.CertificateRegistration.Common.UnitTests\bin\Debug\VideoOS.CertificateRegistration.Common.UnitTests.dll" adapterTypeName="executor://mstestadapter/v2" className="VideoOS.CertificateRegistration.Common.UnitTests.WindowsServiceConfiguratorBaseTests" name="PostExecute_ServiceNotRunning_SuccessStatusReturned" />
    </UnitTest>
    <UnitTest name="EndpointRegistrarBase_IRegistrationClientFactoryIsNull_ArgumentNullExceptionIsThrown" storage="d:\actions-runner\_work\xpco\xpco\common\videoos.certificateregistration.common\videoos.certificateregistration.common.unittests\bin\debug\videoos.certificateregistration.common.unittests.dll" id="11ed481f-2bf0-7b21-5d86-b1d7653af84a">
      <Execution id="2f5ddbcc-9e35-45ac-85a2-96e52f71098c" />
      <TestMethod codeBase="D:\actions-runner\_work\XPCO\XPCO\Common\VideoOS.CertificateRegistration.Common\VideoOS.CertificateRegistration.Common.UnitTests\bin\Debug\VideoOS.CertificateRegistration.Common.UnitTests.dll" adapterTypeName="executor://mstestadapter/v2" className="VideoOS.CertificateRegistration.Common.UnitTests.CleintEndpointRegistrarBaseUnitTests" name="EndpointRegistrarBase_IRegistrationClientFactoryIsNull_ArgumentNullExceptionIsThrown" />
    </UnitTest>
    <UnitTest name="Ctor_InstanceCountIsZero_ThrowsArgumentOutOfRangeException" storage="d:\actions-runner\_work\xpco\xpco\common\videoos.certificateregistration.common\videoos.certificateregistration.common.unittests\bin\debug\videoos.certificateregistration.common.unittests.dll" id="59dbfecd-600b-5bb3-9816-f92b1ad66171">
      <Execution id="012759b1-c970-4215-b965-5c4508c60d2a" />
      <TestMethod codeBase="D:\actions-runner\_work\XPCO\XPCO\Common\VideoOS.CertificateRegistration.Common\VideoOS.CertificateRegistration.Common.UnitTests\bin\Debug\VideoOS.CertificateRegistration.Common.UnitTests.dll" adapterTypeName="executor://mstestadapter/v2" className="VideoOS.CertificateRegistration.Common.UnitTests.HttpSysSettingsTests" name="Ctor_InstanceCountIsZero_ThrowsArgumentOutOfRangeException" />
    </UnitTest>
    <UnitTest name="ServerRegisterServiceBase_RegisterThisService_HostToRegisterIsNull_ArgumentNullExceptionIsThrown" storage="d:\actions-runner\_work\xpco\xpco\common\videoos.certificateregistration.common\videoos.certificateregistration.common.unittests\bin\debug\videoos.certificateregistration.common.unittests.dll" id="5e1d8673-9b0b-62e0-5fef-8b49ff4efd9b">
      <Execution id="51aad634-1d49-45c2-84fb-7e8908e6eeef" />
      <TestMethod codeBase="D:\actions-runner\_work\XPCO\XPCO\Common\VideoOS.CertificateRegistration.Common\VideoOS.CertificateRegistration.Common.UnitTests\bin\Debug\VideoOS.CertificateRegistration.Common.UnitTests.dll" adapterTypeName="executor://mstestadapter/v2" className="VideoOS.CertificateRegistration.Common.UnitTests.ServerRegisterServiceBaseTests" name="ServerRegisterServiceBase_RegisterThisService_HostToRegisterIsNull_ArgumentNullExceptionIsThrown" />
    </UnitTest>
    <UnitTest name="ServerRegisterServiceBase_Ctor_Success" storage="d:\actions-runner\_work\xpco\xpco\common\videoos.certificateregistration.common\videoos.certificateregistration.common.unittests\bin\debug\videoos.certificateregistration.common.unittests.dll" id="819155bf-efc3-b828-a24c-39ad69922a8f">
      <Execution id="4d28f959-f595-431c-948c-321647c21eaf" />
      <TestMethod codeBase="D:\actions-runner\_work\XPCO\XPCO\Common\VideoOS.CertificateRegistration.Common\VideoOS.CertificateRegistration.Common.UnitTests\bin\Debug\VideoOS.CertificateRegistration.Common.UnitTests.dll" adapterTypeName="executor://mstestadapter/v2" className="VideoOS.CertificateRegistration.Common.UnitTests.ServerRegisterServiceBaseTests" name="ServerRegisterServiceBase_Ctor_Success" />
    </UnitTest>
  </TestDefinitions>
  <TestEntries>
    <TestEntry testId="79a493f3-eadd-d3ad-d16d-72b9a5373ac2" executionId="212616bc-280e-423f-9984-9fd11e03b6be" testListId="8c84fa94-04c1-424b-9868-57a2d4851a1d" />
    <TestEntry testId="2250117e-e5e3-16cb-d339-b1e5deef55da" executionId="9bbd4a65-a2ff-42d9-bed7-3c94a66c957a" testListId="8c84fa94-04c1-424b-9868-57a2d4851a1d" />
    <TestEntry testId="5818bfd6-f7d1-a08c-dce1-112f30fa95f7" executionId="d9c009ea-4e7a-452a-8f98-1f9f757089e2" testListId="8c84fa94-04c1-424b-9868-57a2d4851a1d" />
    <TestEntry testId="3a255943-38fd-65a0-06e8-f98bd5bb6ead" executionId="b0ffb0d2-f98c-4612-81ac-3411b274240d" testListId="8c84fa94-04c1-424b-9868-57a2d4851a1d" />
    <TestEntry testId="a21fdb2e-3655-b9f0-5ff0-63b04dd2fe77" executionId="ebad9065-9c25-4d39-a7bd-fe1b05850170" testListId="8c84fa94-04c1-424b-9868-57a2d4851a1d" />
    <TestEntry testId="93662373-249d-c98c-580e-bfcc9245381a" executionId="d2e9e429-c810-4220-9707-c3c9b1a155db" testListId="8c84fa94-04c1-424b-9868-57a2d4851a1d" />
    <TestEntry testId="047c9a72-711d-4fb1-a112-f93b115bf550" executionId="45f1395d-1fa1-4c01-afe4-5f770f856f88" testListId="8c84fa94-04c1-424b-9868-57a2d4851a1d" />
    <TestEntry testId="0279fe0a-9bc6-8f00-7ac7-de06e6aceb8a" executionId="f89eec6b-86ae-4773-bb3c-6bbd42fc14d6" testListId="8c84fa94-04c1-424b-9868-57a2d4851a1d" />
    <TestEntry testId="9bf51f39-7b99-ae61-e144-e563cf172e93" executionId="76a7c763-83f0-4209-a804-2fd08f3d7fd5" testListId="8c84fa94-04c1-424b-9868-57a2d4851a1d" />
    <TestEntry testId="75177370-ff6c-8337-c81e-033ee713647f" executionId="6e2bc720-53d8-45a6-adf6-c5b0480a6f9b" testListId="8c84fa94-04c1-424b-9868-57a2d4851a1d" />
    <TestEntry testId="639bf11a-4e66-0eec-6005-1b15ab2dca23" executionId="233d49dd-81fb-4298-b406-87605f706f93" testListId="8c84fa94-04c1-424b-9868-57a2d4851a1d" />
    <TestEntry testId="76ac24d3-c0e1-918b-ed89-0c9a580f78bf" executionId="9677eb5f-1214-4ac0-a63d-6674a24429aa" testListId="8c84fa94-04c1-424b-9868-57a2d4851a1d" />
    <TestEntry testId="6191fff3-03bb-cef0-9e31-b12d5ce38c25" executionId="0d00f955-7235-45ba-a779-02dfa451a6dd" testListId="8c84fa94-04c1-424b-9868-57a2d4851a1d" />
    <TestEntry testId="ffdd7d7c-e933-fc49-2354-9d6ee3484422" executionId="25e8ea0c-ef5e-46d8-9e88-dd1fe2382ea0" testListId="8c84fa94-04c1-424b-9868-57a2d4851a1d" />
    <TestEntry testId="737f180e-adc2-9bd5-b15b-cce3f0786bbd" executionId="258ead75-825b-478d-ae22-5c87689c13e3" testListId="8c84fa94-04c1-424b-9868-57a2d4851a1d" />
    <TestEntry testId="781c0c5a-15aa-b878-d316-875348e8af34" executionId="39afb655-a513-4c1a-b3db-a7f1ea289e21" testListId="8c84fa94-04c1-424b-9868-57a2d4851a1d" />
    <TestEntry testId="ae5dc155-54b8-fb2f-5161-45627538006b" executionId="df8190db-7bd1-47ed-b88a-266030802236" testListId="8c84fa94-04c1-424b-9868-57a2d4851a1d" />
    <TestEntry testId="bd257202-dc8f-dd22-ad23-824e7be45ac8" executionId="4024aaa6-f4b7-4838-968d-bd118b3ff7a6" testListId="8c84fa94-04c1-424b-9868-57a2d4851a1d" />
    <TestEntry testId="58bcb3f3-5a47-0466-b490-f461c9cdbf2d" executionId="0456f1e8-8162-4f04-bda2-bd5f453e57f5" testListId="8c84fa94-04c1-424b-9868-57a2d4851a1d" />
    <TestEntry testId="da3ae52e-52ca-a63c-541e-980271333f51" executionId="5a5dd361-519b-4368-8dd1-6ce8d9387e90" testListId="8c84fa94-04c1-424b-9868-57a2d4851a1d" />
    <TestEntry testId="c50e0311-b229-85ce-5199-799e657d5a38" executionId="dbf8425d-8dfb-4163-9b81-6b7892fc9e1d" testListId="8c84fa94-04c1-424b-9868-57a2d4851a1d" />
    <TestEntry testId="a5d03c54-5883-3feb-b41e-22112af4551c" executionId="cf27beb5-d127-48d8-9464-6e4e0cc88511" testListId="8c84fa94-04c1-424b-9868-57a2d4851a1d" />
    <TestEntry testId="9091d5ba-96b7-561c-ce33-e1546bd1b67d" executionId="19aaecb9-8d89-4c87-902d-12aecd8c1f68" testListId="8c84fa94-04c1-424b-9868-57a2d4851a1d" />
    <TestEntry testId="59dbfecd-600b-5bb3-9816-f92b1ad66171" executionId="012759b1-c970-4215-b965-5c4508c60d2a" testListId="8c84fa94-04c1-424b-9868-57a2d4851a1d" />
    <TestEntry testId="819155bf-efc3-b828-a24c-39ad69922a8f" executionId="4d28f959-f595-431c-948c-321647c21eaf" testListId="8c84fa94-04c1-424b-9868-57a2d4851a1d" />
    <TestEntry testId="ee65ac4c-4fd5-efa2-3e0b-0ff33493e8e1" executionId="03baf1e8-5c25-4d9e-a1dc-6fe4acc93e35" testListId="8c84fa94-04c1-424b-9868-57a2d4851a1d" />
    <TestEntry testId="52b604cd-1b5f-3fea-5be0-4a4e1ecb76b6" executionId="898aa8c6-f5b1-4798-ad89-205150f7be37" testListId="8c84fa94-04c1-424b-9868-57a2d4851a1d" />
    <TestEntry testId="c61eb568-f5a6-31e5-0a7b-14df01247acc" executionId="4ca0ab39-ce56-4baf-91fe-5c6f8c4450e3" testListId="8c84fa94-04c1-424b-9868-57a2d4851a1d" />
    <TestEntry testId="f457056a-e799-374b-e836-e89749008681" executionId="a538ad32-c84f-4042-ae01-aac5dcb6e2c1" testListId="8c84fa94-04c1-424b-9868-57a2d4851a1d" />
    <TestEntry testId="d3aefef5-c41d-952b-949f-1b0db02ec76d" executionId="81d6982a-ef6c-4c00-8369-14c853cfb31e" testListId="8c84fa94-04c1-424b-9868-57a2d4851a1d" />
    <TestEntry testId="72c3da66-9cb0-806f-8f0c-a8488919ac76" executionId="69f607f0-8257-4d99-859a-2c56e46f7210" testListId="8c84fa94-04c1-424b-9868-57a2d4851a1d" />
    <TestEntry testId="c8961633-bbe2-bc57-729b-12f0b92c7eef" executionId="7504de2b-0a41-460e-8f76-ee837400ff5f" testListId="8c84fa94-04c1-424b-9868-57a2d4851a1d" />
    <TestEntry testId="020a06c9-565c-908c-7da2-72b9df169a4f" executionId="c9f76541-af68-48df-b7f3-b142315e02f1" testListId="8c84fa94-04c1-424b-9868-57a2d4851a1d" />
    <TestEntry testId="2e9ee066-e092-20e5-4abe-7784b9a0b75a" executionId="eea62207-f488-492a-a75a-8cdde19da2de" testListId="8c84fa94-04c1-424b-9868-57a2d4851a1d" />
    <TestEntry testId="6964b6fa-a7c6-635e-0fdc-50dce4181e47" executionId="94627429-5f77-4e6c-bc75-8ea5e117461e" testListId="8c84fa94-04c1-424b-9868-57a2d4851a1d" />
    <TestEntry testId="266ce242-890f-c8a2-6c3c-861d38ff4a4a" executionId="57d03b51-c946-444a-a365-1731741df72d" testListId="8c84fa94-04c1-424b-9868-57a2d4851a1d" />
    <TestEntry testId="c9707235-f6b6-27f5-c54e-a3831ed29fe5" executionId="2e01f9f2-9281-47f9-b9f9-249466beeb80" testListId="8c84fa94-04c1-424b-9868-57a2d4851a1d" />
    <TestEntry testId="9a7c718b-4e91-68ce-413e-16147ce1afc3" executionId="a87aa857-d847-46c3-bd14-953f3fe1b0bb" testListId="8c84fa94-04c1-424b-9868-57a2d4851a1d" />
    <TestEntry testId="8f8e16be-c28a-5688-50d4-e05e47e3b951" executionId="ef01f0a2-91a5-44f9-aadc-546ababf771f" testListId="8c84fa94-04c1-424b-9868-57a2d4851a1d" />
    <TestEntry testId="4b0c3f35-2ec1-4356-d8bb-ee6fd4c7baca" executionId="3ee4a036-133a-443b-9d4c-3d319e9f0d58" testListId="8c84fa94-04c1-424b-9868-57a2d4851a1d" />
    <TestEntry testId="c307961e-bdf6-8c7d-dc1f-0d292a27cf88" executionId="e116b243-0bfd-421f-b4d0-8954b97f78d6" testListId="8c84fa94-04c1-424b-9868-57a2d4851a1d" />
    <TestEntry testId="c596cb99-d491-23fb-19f4-94635ef51e88" executionId="4ad4c354-2e63-4d3a-96d4-1331bfe4b9fe" testListId="8c84fa94-04c1-424b-9868-57a2d4851a1d" />
    <TestEntry testId="11ed481f-2bf0-7b21-5d86-b1d7653af84a" executionId="2f5ddbcc-9e35-45ac-85a2-96e52f71098c" testListId="8c84fa94-04c1-424b-9868-57a2d4851a1d" />
    <TestEntry testId="23879a03-12d4-2581-a786-b22dbbdf4df8" executionId="cb6bb68b-ea6c-49d4-b53d-754ca837cb7a" testListId="8c84fa94-04c1-424b-9868-57a2d4851a1d" />
    <TestEntry testId="f0374c79-6b39-0925-2c11-25d9bbfeae10" executionId="76925577-c001-4e64-b6b5-5357f0b23b70" testListId="8c84fa94-04c1-424b-9868-57a2d4851a1d" />
    <TestEntry testId="f9bdecf0-46ba-5440-79ea-fec367d5c9f3" executionId="5993ddb2-fb3a-42f4-84fd-a6aab377511e" testListId="8c84fa94-04c1-424b-9868-57a2d4851a1d" />
    <TestEntry testId="942b3a55-0786-1462-9c63-fbf4500edeb7" executionId="4923b309-4dc4-469c-b0c9-687fcf2f7aa1" testListId="8c84fa94-04c1-424b-9868-57a2d4851a1d" />
    <TestEntry testId="a6b15578-45a2-ca78-3a0d-4cb04c7bfe7b" executionId="ee3bc1f6-6693-4939-aad6-6408f31ecef0" testListId="8c84fa94-04c1-424b-9868-57a2d4851a1d" />
    <TestEntry testId="f81c868c-286b-5c1a-f39f-e860976698e9" executionId="c0b3a519-eb4b-47a8-928b-c52117aadd28" testListId="8c84fa94-04c1-424b-9868-57a2d4851a1d" />
    <TestEntry testId="c6e46d5f-b233-bbc8-1cfb-8a1367cf9a66" executionId="02de1025-6309-42d6-8299-27c94db54b1d" testListId="8c84fa94-04c1-424b-9868-57a2d4851a1d" />
    <TestEntry testId="b8045e97-71a3-0991-705f-c4c6df756ba2" executionId="6bc6aad8-130a-4707-b0ba-e7c1e2d53498" testListId="8c84fa94-04c1-424b-9868-57a2d4851a1d" />
    <TestEntry testId="ddd8fc2e-643b-51d9-c33a-6ba5ae8a764a" executionId="77261da3-042b-4d0c-9c0a-4446ea796e47" testListId="8c84fa94-04c1-424b-9868-57a2d4851a1d" />
    <TestEntry testId="b39d4aab-e093-ee5c-26fd-fbbd19df8121" executionId="461f4914-0797-4fdb-8ab5-e0b44d2fb13c" testListId="8c84fa94-04c1-424b-9868-57a2d4851a1d" />
    <TestEntry testId="018dc1a8-8462-d200-b509-6808e488dc2e" executionId="e4b83855-4225-413a-9528-b8ccbf98019e" testListId="8c84fa94-04c1-424b-9868-57a2d4851a1d" />
    <TestEntry testId="fb7cfadb-664e-f34b-c0ad-4418e7050a8e" executionId="f3605251-c6f7-4585-992d-21f9a708e268" testListId="8c84fa94-04c1-424b-9868-57a2d4851a1d" />
    <TestEntry testId="d595de9b-f478-19dd-5366-22b13b7c2fbc" executionId="bdaa0ec5-5474-4a45-bce9-3ca02ee575bd" testListId="8c84fa94-04c1-424b-9868-57a2d4851a1d" />
    <TestEntry testId="5e1d8673-9b0b-62e0-5fef-8b49ff4efd9b" executionId="51aad634-1d49-45c2-84fb-7e8908e6eeef" testListId="8c84fa94-04c1-424b-9868-57a2d4851a1d" />
    <TestEntry testId="76dd7e59-7646-177d-90dd-4a3d85085a70" executionId="c402ebd7-b79d-4089-981b-083efebd4d82" testListId="8c84fa94-04c1-424b-9868-57a2d4851a1d" />
    <TestEntry testId="39ba04e7-164a-6477-93f0-f5a8e149b210" executionId="e2022971-0e92-4e1f-892c-7f7d11a56ee9" testListId="8c84fa94-04c1-424b-9868-57a2d4851a1d" />
    <TestEntry testId="a6f2ab1f-d156-c9ba-26f5-29d8052f340f" executionId="907f7bf7-2397-4726-9d5d-df6dd4e8e213" testListId="8c84fa94-04c1-424b-9868-57a2d4851a1d" />
    <TestEntry testId="a81a929a-7470-e799-7aa1-1de8890f9d73" executionId="23f36a06-04fb-4ae4-97ca-b92f690a0f9e" testListId="8c84fa94-04c1-424b-9868-57a2d4851a1d" />
    <TestEntry testId="2b13c4e7-5c64-3950-b286-557e015b795d" executionId="3f49f282-c910-4c4f-81c6-fa9932f64773" testListId="8c84fa94-04c1-424b-9868-57a2d4851a1d" />
    <TestEntry testId="d10521e7-0254-d22a-eb52-f9ef6c889d29" executionId="0d675a55-8580-46a7-a977-594b20e699ba" testListId="8c84fa94-04c1-424b-9868-57a2d4851a1d" />
    <TestEntry testId="bb154a6e-c619-4b5b-8062-cde96a10b4ce" executionId="fdba9e54-b5db-4a34-b59c-43224756d25f" testListId="8c84fa94-04c1-424b-9868-57a2d4851a1d" />
    <TestEntry testId="1912aad4-2051-492f-0e84-575be58a058c" executionId="61d0efef-9cfa-4f64-a9cc-81e75acb2e6d" testListId="8c84fa94-04c1-424b-9868-57a2d4851a1d" />
    <TestEntry testId="0f07d21c-9388-5d5f-6dea-c0c8b6b2970e" executionId="4a16d01d-7bbe-4c3d-947c-8e650ee00dac" testListId="8c84fa94-04c1-424b-9868-57a2d4851a1d" />
    <TestEntry testId="595d7717-ca1a-5969-045c-60a9db03b983" executionId="36ce141d-9ad6-418c-b705-833d4f00a711" testListId="8c84fa94-04c1-424b-9868-57a2d4851a1d" />
    <TestEntry testId="42c7552f-fa39-b5a6-d594-2f086cd6dd52" executionId="4fdca5cb-4383-469e-8f54-17f82fd317c3" testListId="8c84fa94-04c1-424b-9868-57a2d4851a1d" />
    <TestEntry testId="a7260dbe-6ca1-e92d-0885-182405233700" executionId="26c31cfb-55ea-46b0-bdd2-d71434c4f546" testListId="8c84fa94-04c1-424b-9868-57a2d4851a1d" />
    <TestEntry testId="5e0d969e-0f96-a043-44ac-2e76cc53e20c" executionId="ad692ecc-1d4a-40d0-91df-7584824cf86e" testListId="8c84fa94-04c1-424b-9868-57a2d4851a1d" />
    <TestEntry testId="a00e88e6-9cdf-83e8-2144-390a93546611" executionId="5b576dc7-42b8-4849-8efa-d195520108e1" testListId="8c84fa94-04c1-424b-9868-57a2d4851a1d" />
    <TestEntry testId="2e5069bf-b8e6-f8ea-21f9-17cee9c2bdd0" executionId="ab775eb7-0523-44b1-b3ac-84f47b00fc63" testListId="8c84fa94-04c1-424b-9868-57a2d4851a1d" />
    <TestEntry testId="cd4cf7d8-3296-7ad2-cab9-81cbe1ddb98d" executionId="4cff1907-b816-4e87-a93e-d1dd71f3e228" testListId="8c84fa94-04c1-424b-9868-57a2d4851a1d" />
  </TestEntries>
  <TestLists>
    <TestList name="Results Not in a List" id="8c84fa94-04c1-424b-9868-57a2d4851a1d" />
    <TestList name="All Loaded Results" id="19431567-8539-422a-85d7-44ee4e166bda" />
  </TestLists>
  <ResultSummary outcome="Completed">
    <Counters total="73" executed="73" passed="73" failed="0" error="0" timeout="0" aborted="0" inconclusive="0" passedButRunAborted="0" notRunnable="0" notExecuted="0" disconnected="0" warning="0" completed="0" inProgress="0" pending="0" />
  </ResultSummary>
</TestRun>