<?xml version="1.0" encoding="utf-8"?>
<TestRun id="3aaef052-003b-41b3-8720-08436a8a2674" name="DKSR-EFI-04$@DKSR-EFI-04 2023-12-22 09:32:48" runUser="NT AUTHORITY\NETWORK SERVICE" xmlns="http://microsoft.com/schemas/VisualStudio/TeamTest/2010">
  <Times creation="2023-12-22T09:32:48.1466623+01:00" queuing="2023-12-22T09:32:48.1466623+01:00" start="2023-12-22T09:32:47.2716599+01:00" finish="2023-12-22T09:32:48.1466623+01:00" />
  <TestSettings name="default" id="66d311c4-1810-4c65-a2a8-895e9a04edcb">
    <Deployment runDeploymentRoot="DKSR-EFI-04$_DKSR-EFI-04_2023-12-22_09_32_48" />
  </TestSettings>
  <TestLists>
    <TestList name="Results Not in a List" id="8c84fa94-04c1-424b-9868-57a2d4851a1d" />
    <TestList name="All Loaded Results" id="19431567-8539-422a-85d7-44ee4e166bda" />
  </TestLists>
  <ResultSummary outcome="Completed">
    <Counters total="0" executed="0" passed="0" failed="0" error="0" timeout="0" aborted="0" inconclusive="0" passedButRunAborted="0" notRunnable="0" notExecuted="0" disconnected="0" warning="0" completed="0" inProgress="0" pending="0" />
    <RunInfos>
      <RunInfo computerName="DKSR-EFI-04" outcome="Warning" timestamp="2023-12-22T09:32:48.1310358+01:00">
        <Text>No test is available in D:\actions-runner\_work\XPCO\XPCO\AllSolutions\..\Corporate\RecordingServer\Common.Drivers\tst\VideoOS.IO.Drivers.UnitTests\bin\x64\Debug\net472\VideoOS.IO.Drivers.UnitTests.dll. Make sure that test discoverer &amp; executors are registered and platform &amp; framework version settings are appropriate and try again.</Text>
      </RunInfo>
    </RunInfos>
  </ResultSummary>
</TestRun>