<?xml version="1.0" encoding="utf-8"?>
<TestRun id="e6ab7644-89a2-4d7b-8a4f-727ef7c40d73" name="DKSR-EFI-04$@DKSR-EFI-04 2023-12-22 09:32:07" runUser="NT AUTHORITY\NETWORK SERVICE" xmlns="http://microsoft.com/schemas/VisualStudio/TeamTest/2010">
  <Times creation="2023-12-22T09:32:07.3964748+01:00" queuing="2023-12-22T09:32:07.3964748+01:00" start="2023-12-22T09:32:04.0214625+01:00" finish="2023-12-22T09:32:07.8652270+01:00" />
  <TestSettings name="default" id="7b3891ab-cad2-4255-9f92-533ec4b9d31c">
    <Deployment runDeploymentRoot="DKSR-EFI-04$_DKSR-EFI-04_2023-12-22_09_32_07" />
  </TestSettings>
  <Results>
    <UnitTestResult executionId="fc870ed4-ec45-4e46-987d-8a9af06f6f97" testId="0bf4ee9c-0400-010c-e0fa-75320c5a4433" testName="ReportPropertiesWhenInvokedReturnTimeout" computerName="DKSR-EFI-04" duration="00:00:00.0042748" startTime="2023-12-22T09:32:07.0370980+01:00" endTime="2023-12-22T09:32:07.0370980+01:00" testType="13cdc9d9-ddb5-4fa4-a97d-d965ccfc6d4b" outcome="Passed" testListId="8c84fa94-04c1-424b-9868-57a2d4851a1d" relativeResultsDirectory="fc870ed4-ec45-4e46-987d-8a9af06f6f97" />
    <UnitTestResult executionId="b5384df6-1cbc-4185-bf13-ccf9106d6bd1" testId="9b8ee8ad-c136-9e40-9496-4db827cbdaad" testName="ViewModelStoresTimeoutValue" computerName="DKSR-EFI-04" duration="00:00:00.0004168" startTime="2023-12-22T09:32:07.3964748+01:00" endTime="2023-12-22T09:32:07.3964748+01:00" testType="13cdc9d9-ddb5-4fa4-a97d-d965ccfc6d4b" outcome="Passed" testListId="8c84fa94-04c1-424b-9868-57a2d4851a1d" relativeResultsDirectory="b5384df6-1cbc-4185-bf13-ccf9106d6bd1" />
    <UnitTestResult executionId="089296a9-ee6d-4850-b708-6893787afb87" testId="86c6b611-a113-ab26-0f97-a6c1d8f9035a" testName="WhenClearingItShouldNotReturnAnError" computerName="DKSR-EFI-04" duration="00:00:00.0003849" startTime="2023-12-22T09:32:07.5058512+01:00" endTime="2023-12-22T09:32:07.5058512+01:00" testType="13cdc9d9-ddb5-4fa4-a97d-d965ccfc6d4b" outcome="Passed" testListId="8c84fa94-04c1-424b-9868-57a2d4851a1d" relativeResultsDirectory="089296a9-ee6d-4850-b708-6893787afb87" />
    <UnitTestResult executionId="66bc94c9-5ba8-481f-a541-2a0569d4a86e" testId="d9ed62f7-9663-b024-63e8-12f4c4b77bd7" testName="WhenTimeoutSettingIsModifiedConfigurationChangedEventIsRised" computerName="DKSR-EFI-04" duration="00:00:00.0036407" startTime="2023-12-22T09:32:07.3964748+01:00" endTime="2023-12-22T09:32:07.3964748+01:00" testType="13cdc9d9-ddb5-4fa4-a97d-d965ccfc6d4b" outcome="Passed" testListId="8c84fa94-04c1-424b-9868-57a2d4851a1d" relativeResultsDirectory="66bc94c9-5ba8-481f-a541-2a0569d4a86e" />
    <UnitTestResult executionId="e3d6c25d-4b30-4cc6-bd89-73e0114aba40" testId="15d6574d-7c44-73f1-3648-2e5723fc5031" testName="WhenItemIsNullReturnTheDefaultTimeout" computerName="DKSR-EFI-04" duration="00:00:00.1314843" startTime="2023-12-22T09:32:06.8964734+01:00" endTime="2023-12-22T09:32:07.0370980+01:00" testType="13cdc9d9-ddb5-4fa4-a97d-d965ccfc6d4b" outcome="Passed" testListId="8c84fa94-04c1-424b-9868-57a2d4851a1d" relativeResultsDirectory="e3d6c25d-4b30-4cc6-bd89-73e0114aba40" />
    <UnitTestResult executionId="cec9d9f5-1c9b-4379-a0e5-d580744e7d85" testId="e57d2af6-72aa-58ee-9419-d2581d6d0308" testName="WhenBlurringAdminIsConstructedItShouldAssignProperties" computerName="DKSR-EFI-04" duration="00:00:00.6569762" startTime="2023-12-22T09:32:05.8964682+01:00" endTime="2023-12-22T09:32:06.8808485+01:00" testType="13cdc9d9-ddb5-4fa4-a97d-d965ccfc6d4b" outcome="Passed" testListId="8c84fa94-04c1-424b-9868-57a2d4851a1d" relativeResultsDirectory="cec9d9f5-1c9b-4379-a0e5-d580744e7d85" />
    <UnitTestResult executionId="d7b642eb-7bb9-4ced-bfcd-63f47a75844f" testId="11a1f07d-5698-5d76-f766-a3de30b2458c" testName="WhenTimerIsModifiedAndSavedItShouldBeAuditLogger" computerName="DKSR-EFI-04" duration="00:00:00.0486823" startTime="2023-12-22T09:32:07.3964748+01:00" endTime="2023-12-22T09:32:07.4433503+01:00" testType="13cdc9d9-ddb5-4fa4-a97d-d965ccfc6d4b" outcome="Passed" testListId="8c84fa94-04c1-424b-9868-57a2d4851a1d" relativeResultsDirectory="d7b642eb-7bb9-4ced-bfcd-63f47a75844f" />
    <UnitTestResult executionId="4171b116-d11c-46b7-998e-a009d282d5f6" testId="4a1c2dec-4cc4-192d-3464-eb3d64c6908e" testName="WhenFillingItShouldFireOnPropertyChanged" computerName="DKSR-EFI-04" duration="00:00:00.0028749" startTime="2023-12-22T09:32:07.5058512+01:00" endTime="2023-12-22T09:32:07.5058512+01:00" testType="13cdc9d9-ddb5-4fa4-a97d-d965ccfc6d4b" outcome="Passed" testListId="8c84fa94-04c1-424b-9868-57a2d4851a1d" relativeResultsDirectory="4171b116-d11c-46b7-998e-a009d282d5f6" />
    <UnitTestResult executionId="045747a8-fadb-4f72-87e9-7feed63bb06d" testId="3327ea62-f054-f068-81b8-51dd79e2c35d" testName="DecrementTimeoutCommandDecrementsOneTimeUnit" computerName="DKSR-EFI-04" duration="00:00:00.0007282" startTime="2023-12-22T09:32:07.3964748+01:00" endTime="2023-12-22T09:32:07.3964748+01:00" testType="13cdc9d9-ddb5-4fa4-a97d-d965ccfc6d4b" outcome="Passed" testListId="8c84fa94-04c1-424b-9868-57a2d4851a1d" relativeResultsDirectory="045747a8-fadb-4f72-87e9-7feed63bb06d" />
    <UnitTestResult executionId="72c6f65b-3aae-4bcd-bacf-ff2eb2d2070d" testId="339b3254-c61d-3f59-ddd4-2917a9f5eef5" testName="WhenTimerIsNotModifiedAndSavedItShouldNotBeAuditLogger" computerName="DKSR-EFI-04" duration="00:00:00.0597542" startTime="2023-12-22T09:32:07.4433503+01:00" endTime="2023-12-22T09:32:07.5058512+01:00" testType="13cdc9d9-ddb5-4fa4-a97d-d965ccfc6d4b" outcome="Passed" testListId="8c84fa94-04c1-424b-9868-57a2d4851a1d" relativeResultsDirectory="72c6f65b-3aae-4bcd-bacf-ff2eb2d2070d" />
    <UnitTestResult executionId="2c832b10-0dee-4c4f-9d86-80ba299ca9a0" testId="408cbcb7-a427-bc13-f24e-9be77f3e31b5" testName="WhenConvertingFromStringItShouldReturnIntValue" computerName="DKSR-EFI-04" duration="00:00:00.0001835" startTime="2023-12-22T09:32:07.5214742+01:00" endTime="2023-12-22T09:32:07.5214742+01:00" testType="13cdc9d9-ddb5-4fa4-a97d-d965ccfc6d4b" outcome="Passed" testListId="8c84fa94-04c1-424b-9868-57a2d4851a1d" relativeResultsDirectory="2c832b10-0dee-4c4f-9d86-80ba299ca9a0" />
    <UnitTestResult executionId="ebb097f3-4a19-48a3-ac33-dacb08f9bf3d" testId="98604d9c-4e9b-b71d-05e0-f40c1e5cff5b" testName="IncrementTimeoutCommandIncrementsOneTimeUnit" computerName="DKSR-EFI-04" duration="00:00:00.3534714" startTime="2023-12-22T09:32:07.0370980+01:00" endTime="2023-12-22T09:32:07.3964748+01:00" testType="13cdc9d9-ddb5-4fa4-a97d-d965ccfc6d4b" outcome="Passed" testListId="8c84fa94-04c1-424b-9868-57a2d4851a1d" relativeResultsDirectory="ebb097f3-4a19-48a3-ac33-dacb08f9bf3d" />
    <UnitTestResult executionId="88fb29d6-6211-44e2-a3dd-0b4669beb3b2" testId="b4b83390-ed95-c57c-3c37-60ea104f5aa2" testName="TimeoutSettingDefaultIsTheExpected" computerName="DKSR-EFI-04" duration="00:00:00.0003343" startTime="2023-12-22T09:32:07.3964748+01:00" endTime="2023-12-22T09:32:07.3964748+01:00" testType="13cdc9d9-ddb5-4fa4-a97d-d965ccfc6d4b" outcome="Passed" testListId="8c84fa94-04c1-424b-9868-57a2d4851a1d" relativeResultsDirectory="88fb29d6-6211-44e2-a3dd-0b4669beb3b2" />
    <UnitTestResult executionId="a37340bd-1796-4c89-9442-3c2c577b1d37" testId="6ac5d0ea-06ae-ff00-7cc5-9fa023ccbdd3" testName="WhenConvertingFromIntItShouldReturnIntValue" computerName="DKSR-EFI-04" duration="00:00:00.0127576" startTime="2023-12-22T09:32:07.5058512+01:00" endTime="2023-12-22T09:32:07.5214742+01:00" testType="13cdc9d9-ddb5-4fa4-a97d-d965ccfc6d4b" outcome="Passed" testListId="8c84fa94-04c1-424b-9868-57a2d4851a1d" relativeResultsDirectory="a37340bd-1796-4c89-9442-3c2c577b1d37" />
    <UnitTestResult executionId="adcb5bd6-6f27-48f1-9965-29dffe542f4b" testId="0f2fd633-05dc-0bc1-20a5-c75c5fef85ad" testName="ViewModelRecoversStoredTimeoutValue" computerName="DKSR-EFI-04" duration="00:00:00.0014544" startTime="2023-12-22T09:32:07.3964748+01:00" endTime="2023-12-22T09:32:07.3964748+01:00" testType="13cdc9d9-ddb5-4fa4-a97d-d965ccfc6d4b" outcome="Passed" testListId="8c84fa94-04c1-424b-9868-57a2d4851a1d" relativeResultsDirectory="adcb5bd6-6f27-48f1-9965-29dffe542f4b" />
    <UnitTestResult executionId="69ec8fdf-ff2f-430f-927f-cccbf02cabb4" testId="bbde45dd-23ed-eca3-85d3-bc826d10e09e" testName="WhenConvertingBackItShouldReturnStringValue" computerName="DKSR-EFI-04" duration="00:00:00.0002625" startTime="2023-12-22T09:32:07.5214742+01:00" endTime="2023-12-22T09:32:07.5214742+01:00" testType="13cdc9d9-ddb5-4fa4-a97d-d965ccfc6d4b" outcome="Passed" testListId="8c84fa94-04c1-424b-9868-57a2d4851a1d" relativeResultsDirectory="69ec8fdf-ff2f-430f-927f-cccbf02cabb4" />
  </Results>
  <TestDefinitions>
    <UnitTest name="IncrementTimeoutCommandIncrementsOneTimeUnit" storage="d:\actions-runner\_work\xpco\xpco\addons\plugins\blurring\tst\videoos.plugins.blurring.mc.unittests\bin\x64\debug\net472\videoos.plugins.blurring.mc.unittests.dll" id="98604d9c-4e9b-b71d-05e0-f40c1e5cff5b">
      <Execution id="ebb097f3-4a19-48a3-ac33-dacb08f9bf3d" />
      <TestMethod codeBase="D:\actions-runner\_work\XPCO\XPCO\AddOns\Plugins\Blurring\tst\VideoOS.Plugins.Blurring.MC.UnitTests\bin\x64\Debug\net472\VideoOS.Plugins.Blurring.MC.UnitTests.dll" adapterTypeName="executor://mstestadapter/v2" className="VideoOS.Plugins.Blurring.MC.UnitTests.BlurringViewModelTests" name="IncrementTimeoutCommandIncrementsOneTimeUnit" />
    </UnitTest>
    <UnitTest name="WhenTimeoutSettingIsModifiedConfigurationChangedEventIsRised" storage="d:\actions-runner\_work\xpco\xpco\addons\plugins\blurring\tst\videoos.plugins.blurring.mc.unittests\bin\x64\debug\net472\videoos.plugins.blurring.mc.unittests.dll" id="d9ed62f7-9663-b024-63e8-12f4c4b77bd7">
      <Execution id="66bc94c9-5ba8-481f-a541-2a0569d4a86e" />
      <TestMethod codeBase="D:\actions-runner\_work\XPCO\XPCO\AddOns\Plugins\Blurring\tst\VideoOS.Plugins.Blurring.MC.UnitTests\bin\x64\Debug\net472\VideoOS.Plugins.Blurring.MC.UnitTests.dll" adapterTypeName="executor://mstestadapter/v2" className="VideoOS.Plugins.Blurring.MC.UnitTests.BlurringViewModelTests" name="WhenTimeoutSettingIsModifiedConfigurationChangedEventIsRised" />
    </UnitTest>
    <UnitTest name="ViewModelStoresTimeoutValue" storage="d:\actions-runner\_work\xpco\xpco\addons\plugins\blurring\tst\videoos.plugins.blurring.mc.unittests\bin\x64\debug\net472\videoos.plugins.blurring.mc.unittests.dll" id="9b8ee8ad-c136-9e40-9496-4db827cbdaad">
      <Execution id="b5384df6-1cbc-4185-bf13-ccf9106d6bd1" />
      <TestMethod codeBase="D:\actions-runner\_work\XPCO\XPCO\AddOns\Plugins\Blurring\tst\VideoOS.Plugins.Blurring.MC.UnitTests\bin\x64\Debug\net472\VideoOS.Plugins.Blurring.MC.UnitTests.dll" adapterTypeName="executor://mstestadapter/v2" className="VideoOS.Plugins.Blurring.MC.UnitTests.BlurringViewModelTests" name="ViewModelStoresTimeoutValue" />
    </UnitTest>
    <UnitTest name="ViewModelRecoversStoredTimeoutValue" storage="d:\actions-runner\_work\xpco\xpco\addons\plugins\blurring\tst\videoos.plugins.blurring.mc.unittests\bin\x64\debug\net472\videoos.plugins.blurring.mc.unittests.dll" id="0f2fd633-05dc-0bc1-20a5-c75c5fef85ad">
      <Execution id="adcb5bd6-6f27-48f1-9965-29dffe542f4b" />
      <TestMethod codeBase="D:\actions-runner\_work\XPCO\XPCO\AddOns\Plugins\Blurring\tst\VideoOS.Plugins.Blurring.MC.UnitTests\bin\x64\Debug\net472\VideoOS.Plugins.Blurring.MC.UnitTests.dll" adapterTypeName="executor://mstestadapter/v2" className="VideoOS.Plugins.Blurring.MC.UnitTests.BlurringViewModelTests" name="ViewModelRecoversStoredTimeoutValue" />
    </UnitTest>
    <UnitTest name="WhenConvertingBackItShouldReturnStringValue" storage="d:\actions-runner\_work\xpco\xpco\addons\plugins\blurring\tst\videoos.plugins.blurring.mc.unittests\bin\x64\debug\net472\videoos.plugins.blurring.mc.unittests.dll" id="bbde45dd-23ed-eca3-85d3-bc826d10e09e">
      <Execution id="69ec8fdf-ff2f-430f-927f-cccbf02cabb4" />
      <TestMethod codeBase="D:\actions-runner\_work\XPCO\XPCO\AddOns\Plugins\Blurring\tst\VideoOS.Plugins.Blurring.MC.UnitTests\bin\x64\Debug\net472\VideoOS.Plugins.Blurring.MC.UnitTests.dll" adapterTypeName="executor://mstestadapter/v2" className="VideoOS.Plugins.Blurring.MC.UnitTests.StringToIntegerConverterTests" name="WhenConvertingBackItShouldReturnStringValue" />
    </UnitTest>
    <UnitTest name="WhenItemIsNullReturnTheDefaultTimeout" storage="d:\actions-runner\_work\xpco\xpco\addons\plugins\blurring\tst\videoos.plugins.blurring.mc.unittests\bin\x64\debug\net472\videoos.plugins.blurring.mc.unittests.dll" id="15d6574d-7c44-73f1-3648-2e5723fc5031">
      <Execution id="e3d6c25d-4b30-4cc6-bd89-73e0114aba40" />
      <TestMethod codeBase="D:\actions-runner\_work\XPCO\XPCO\AddOns\Plugins\Blurring\tst\VideoOS.Plugins.Blurring.MC.UnitTests\bin\x64\Debug\net472\VideoOS.Plugins.Blurring.MC.UnitTests.dll" adapterTypeName="executor://mstestadapter/v2" className="VideoOS.Plugins.Blurring.MC.UnitTests.BlurringConfigurationTests" name="WhenItemIsNullReturnTheDefaultTimeout" />
    </UnitTest>
    <UnitTest name="WhenConvertingFromStringItShouldReturnIntValue" storage="d:\actions-runner\_work\xpco\xpco\addons\plugins\blurring\tst\videoos.plugins.blurring.mc.unittests\bin\x64\debug\net472\videoos.plugins.blurring.mc.unittests.dll" id="408cbcb7-a427-bc13-f24e-9be77f3e31b5">
      <Execution id="2c832b10-0dee-4c4f-9d86-80ba299ca9a0" />
      <TestMethod codeBase="D:\actions-runner\_work\XPCO\XPCO\AddOns\Plugins\Blurring\tst\VideoOS.Plugins.Blurring.MC.UnitTests\bin\x64\Debug\net472\VideoOS.Plugins.Blurring.MC.UnitTests.dll" adapterTypeName="executor://mstestadapter/v2" className="VideoOS.Plugins.Blurring.MC.UnitTests.StringToIntegerConverterTests" name="WhenConvertingFromStringItShouldReturnIntValue" />
    </UnitTest>
    <UnitTest name="WhenBlurringAdminIsConstructedItShouldAssignProperties" storage="d:\actions-runner\_work\xpco\xpco\addons\plugins\blurring\tst\videoos.plugins.blurring.mc.unittests\bin\x64\debug\net472\videoos.plugins.blurring.mc.unittests.dll" id="e57d2af6-72aa-58ee-9419-d2581d6d0308">
      <Execution id="cec9d9f5-1c9b-4379-a0e5-d580744e7d85" />
      <TestMethod codeBase="D:\actions-runner\_work\XPCO\XPCO\AddOns\Plugins\Blurring\tst\VideoOS.Plugins.Blurring.MC.UnitTests\bin\x64\Debug\net472\VideoOS.Plugins.Blurring.MC.UnitTests.dll" adapterTypeName="executor://mstestadapter/v2" className="VideoOS.Plugins.Blurring.MC.UnitTests.BlurringAdminTests" name="WhenBlurringAdminIsConstructedItShouldAssignProperties" />
    </UnitTest>
    <UnitTest name="WhenTimerIsModifiedAndSavedItShouldBeAuditLogger" storage="d:\actions-runner\_work\xpco\xpco\addons\plugins\blurring\tst\videoos.plugins.blurring.mc.unittests\bin\x64\debug\net472\videoos.plugins.blurring.mc.unittests.dll" id="11a1f07d-5698-5d76-f766-a3de30b2458c">
      <Execution id="d7b642eb-7bb9-4ced-bfcd-63f47a75844f" />
      <TestMethod codeBase="D:\actions-runner\_work\XPCO\XPCO\AddOns\Plugins\Blurring\tst\VideoOS.Plugins.Blurring.MC.UnitTests\bin\x64\Debug\net472\VideoOS.Plugins.Blurring.MC.UnitTests.dll" adapterTypeName="executor://mstestadapter/v2" className="VideoOS.Plugins.Blurring.MC.UnitTests.BlurringViewModelTests" name="WhenTimerIsModifiedAndSavedItShouldBeAuditLogger" />
    </UnitTest>
    <UnitTest name="WhenClearingItShouldNotReturnAnError" storage="d:\actions-runner\_work\xpco\xpco\addons\plugins\blurring\tst\videoos.plugins.blurring.mc.unittests\bin\x64\debug\net472\videoos.plugins.blurring.mc.unittests.dll" id="86c6b611-a113-ab26-0f97-a6c1d8f9035a">
      <Execution id="089296a9-ee6d-4850-b708-6893787afb87" />
      <TestMethod codeBase="D:\actions-runner\_work\XPCO\XPCO\AddOns\Plugins\Blurring\tst\VideoOS.Plugins.Blurring.MC.UnitTests\bin\x64\Debug\net472\VideoOS.Plugins.Blurring.MC.UnitTests.dll" adapterTypeName="executor://mstestadapter/v2" className="VideoOS.Plugins.Blurring.MC.UnitTests.BlurringViewModelTests" name="WhenClearingItShouldNotReturnAnError" />
    </UnitTest>
    <UnitTest name="WhenConvertingFromIntItShouldReturnIntValue" storage="d:\actions-runner\_work\xpco\xpco\addons\plugins\blurring\tst\videoos.plugins.blurring.mc.unittests\bin\x64\debug\net472\videoos.plugins.blurring.mc.unittests.dll" id="6ac5d0ea-06ae-ff00-7cc5-9fa023ccbdd3">
      <Execution id="a37340bd-1796-4c89-9442-3c2c577b1d37" />
      <TestMethod codeBase="D:\actions-runner\_work\XPCO\XPCO\AddOns\Plugins\Blurring\tst\VideoOS.Plugins.Blurring.MC.UnitTests\bin\x64\Debug\net472\VideoOS.Plugins.Blurring.MC.UnitTests.dll" adapterTypeName="executor://mstestadapter/v2" className="VideoOS.Plugins.Blurring.MC.UnitTests.StringToIntegerConverterTests" name="WhenConvertingFromIntItShouldReturnIntValue" />
    </UnitTest>
    <UnitTest name="ReportPropertiesWhenInvokedReturnTimeout" storage="d:\actions-runner\_work\xpco\xpco\addons\plugins\blurring\tst\videoos.plugins.blurring.mc.unittests\bin\x64\debug\net472\videoos.plugins.blurring.mc.unittests.dll" id="0bf4ee9c-0400-010c-e0fa-75320c5a4433">
      <Execution id="fc870ed4-ec45-4e46-987d-8a9af06f6f97" />
      <TestMethod codeBase="D:\actions-runner\_work\XPCO\XPCO\AddOns\Plugins\Blurring\tst\VideoOS.Plugins.Blurring.MC.UnitTests\bin\x64\Debug\net472\VideoOS.Plugins.Blurring.MC.UnitTests.dll" adapterTypeName="executor://mstestadapter/v2" className="VideoOS.Plugins.Blurring.MC.UnitTests.BlurringConfigurationTests" name="ReportPropertiesWhenInvokedReturnTimeout" />
    </UnitTest>
    <UnitTest name="DecrementTimeoutCommandDecrementsOneTimeUnit" storage="d:\actions-runner\_work\xpco\xpco\addons\plugins\blurring\tst\videoos.plugins.blurring.mc.unittests\bin\x64\debug\net472\videoos.plugins.blurring.mc.unittests.dll" id="3327ea62-f054-f068-81b8-51dd79e2c35d">
      <Execution id="045747a8-fadb-4f72-87e9-7feed63bb06d" />
      <TestMethod codeBase="D:\actions-runner\_work\XPCO\XPCO\AddOns\Plugins\Blurring\tst\VideoOS.Plugins.Blurring.MC.UnitTests\bin\x64\Debug\net472\VideoOS.Plugins.Blurring.MC.UnitTests.dll" adapterTypeName="executor://mstestadapter/v2" className="VideoOS.Plugins.Blurring.MC.UnitTests.BlurringViewModelTests" name="DecrementTimeoutCommandDecrementsOneTimeUnit" />
    </UnitTest>
    <UnitTest name="WhenTimerIsNotModifiedAndSavedItShouldNotBeAuditLogger" storage="d:\actions-runner\_work\xpco\xpco\addons\plugins\blurring\tst\videoos.plugins.blurring.mc.unittests\bin\x64\debug\net472\videoos.plugins.blurring.mc.unittests.dll" id="339b3254-c61d-3f59-ddd4-2917a9f5eef5">
      <Execution id="72c6f65b-3aae-4bcd-bacf-ff2eb2d2070d" />
      <TestMethod codeBase="D:\actions-runner\_work\XPCO\XPCO\AddOns\Plugins\Blurring\tst\VideoOS.Plugins.Blurring.MC.UnitTests\bin\x64\Debug\net472\VideoOS.Plugins.Blurring.MC.UnitTests.dll" adapterTypeName="executor://mstestadapter/v2" className="VideoOS.Plugins.Blurring.MC.UnitTests.BlurringViewModelTests" name="WhenTimerIsNotModifiedAndSavedItShouldNotBeAuditLogger" />
    </UnitTest>
    <UnitTest name="TimeoutSettingDefaultIsTheExpected" storage="d:\actions-runner\_work\xpco\xpco\addons\plugins\blurring\tst\videoos.plugins.blurring.mc.unittests\bin\x64\debug\net472\videoos.plugins.blurring.mc.unittests.dll" id="b4b83390-ed95-c57c-3c37-60ea104f5aa2">
      <Execution id="88fb29d6-6211-44e2-a3dd-0b4669beb3b2" />
      <TestMethod codeBase="D:\actions-runner\_work\XPCO\XPCO\AddOns\Plugins\Blurring\tst\VideoOS.Plugins.Blurring.MC.UnitTests\bin\x64\Debug\net472\VideoOS.Plugins.Blurring.MC.UnitTests.dll" adapterTypeName="executor://mstestadapter/v2" className="VideoOS.Plugins.Blurring.MC.UnitTests.BlurringViewModelTests" name="TimeoutSettingDefaultIsTheExpected" />
    </UnitTest>
    <UnitTest name="WhenFillingItShouldFireOnPropertyChanged" storage="d:\actions-runner\_work\xpco\xpco\addons\plugins\blurring\tst\videoos.plugins.blurring.mc.unittests\bin\x64\debug\net472\videoos.plugins.blurring.mc.unittests.dll" id="4a1c2dec-4cc4-192d-3464-eb3d64c6908e">
      <Execution id="4171b116-d11c-46b7-998e-a009d282d5f6" />
      <TestMethod codeBase="D:\actions-runner\_work\XPCO\XPCO\AddOns\Plugins\Blurring\tst\VideoOS.Plugins.Blurring.MC.UnitTests\bin\x64\Debug\net472\VideoOS.Plugins.Blurring.MC.UnitTests.dll" adapterTypeName="executor://mstestadapter/v2" className="VideoOS.Plugins.Blurring.MC.UnitTests.BlurringViewModelTests" name="WhenFillingItShouldFireOnPropertyChanged" />
    </UnitTest>
  </TestDefinitions>
  <TestEntries>
    <TestEntry testId="0bf4ee9c-0400-010c-e0fa-75320c5a4433" executionId="fc870ed4-ec45-4e46-987d-8a9af06f6f97" testListId="8c84fa94-04c1-424b-9868-57a2d4851a1d" />
    <TestEntry testId="9b8ee8ad-c136-9e40-9496-4db827cbdaad" executionId="b5384df6-1cbc-4185-bf13-ccf9106d6bd1" testListId="8c84fa94-04c1-424b-9868-57a2d4851a1d" />
    <TestEntry testId="86c6b611-a113-ab26-0f97-a6c1d8f9035a" executionId="089296a9-ee6d-4850-b708-6893787afb87" testListId="8c84fa94-04c1-424b-9868-57a2d4851a1d" />
    <TestEntry testId="d9ed62f7-9663-b024-63e8-12f4c4b77bd7" executionId="66bc94c9-5ba8-481f-a541-2a0569d4a86e" testListId="8c84fa94-04c1-424b-9868-57a2d4851a1d" />
    <TestEntry testId="15d6574d-7c44-73f1-3648-2e5723fc5031" executionId="e3d6c25d-4b30-4cc6-bd89-73e0114aba40" testListId="8c84fa94-04c1-424b-9868-57a2d4851a1d" />
    <TestEntry testId="e57d2af6-72aa-58ee-9419-d2581d6d0308" executionId="cec9d9f5-1c9b-4379-a0e5-d580744e7d85" testListId="8c84fa94-04c1-424b-9868-57a2d4851a1d" />
    <TestEntry testId="11a1f07d-5698-5d76-f766-a3de30b2458c" executionId="d7b642eb-7bb9-4ced-bfcd-63f47a75844f" testListId="8c84fa94-04c1-424b-9868-57a2d4851a1d" />
    <TestEntry testId="4a1c2dec-4cc4-192d-3464-eb3d64c6908e" executionId="4171b116-d11c-46b7-998e-a009d282d5f6" testListId="8c84fa94-04c1-424b-9868-57a2d4851a1d" />
    <TestEntry testId="3327ea62-f054-f068-81b8-51dd79e2c35d" executionId="045747a8-fadb-4f72-87e9-7feed63bb06d" testListId="8c84fa94-04c1-424b-9868-57a2d4851a1d" />
    <TestEntry testId="339b3254-c61d-3f59-ddd4-2917a9f5eef5" executionId="72c6f65b-3aae-4bcd-bacf-ff2eb2d2070d" testListId="8c84fa94-04c1-424b-9868-57a2d4851a1d" />
    <TestEntry testId="408cbcb7-a427-bc13-f24e-9be77f3e31b5" executionId="2c832b10-0dee-4c4f-9d86-80ba299ca9a0" testListId="8c84fa94-04c1-424b-9868-57a2d4851a1d" />
    <TestEntry testId="98604d9c-4e9b-b71d-05e0-f40c1e5cff5b" executionId="ebb097f3-4a19-48a3-ac33-dacb08f9bf3d" testListId="8c84fa94-04c1-424b-9868-57a2d4851a1d" />
    <TestEntry testId="b4b83390-ed95-c57c-3c37-60ea104f5aa2" executionId="88fb29d6-6211-44e2-a3dd-0b4669beb3b2" testListId="8c84fa94-04c1-424b-9868-57a2d4851a1d" />
    <TestEntry testId="6ac5d0ea-06ae-ff00-7cc5-9fa023ccbdd3" executionId="a37340bd-1796-4c89-9442-3c2c577b1d37" testListId="8c84fa94-04c1-424b-9868-57a2d4851a1d" />
    <TestEntry testId="0f2fd633-05dc-0bc1-20a5-c75c5fef85ad" executionId="adcb5bd6-6f27-48f1-9965-29dffe542f4b" testListId="8c84fa94-04c1-424b-9868-57a2d4851a1d" />
    <TestEntry testId="bbde45dd-23ed-eca3-85d3-bc826d10e09e" executionId="69ec8fdf-ff2f-430f-927f-cccbf02cabb4" testListId="8c84fa94-04c1-424b-9868-57a2d4851a1d" />
  </TestEntries>
  <TestLists>
    <TestList name="Results Not in a List" id="8c84fa94-04c1-424b-9868-57a2d4851a1d" />
    <TestList name="All Loaded Results" id="19431567-8539-422a-85d7-44ee4e166bda" />
  </TestLists>
  <ResultSummary outcome="Completed">
    <Counters total="16" executed="16" passed="16" failed="0" error="0" timeout="0" aborted="0" inconclusive="0" passedButRunAborted="0" notRunnable="0" notExecuted="0" disconnected="0" warning="0" completed="0" inProgress="0" pending="0" />
  </ResultSummary>
</TestRun>