<?xml version="1.0" encoding="utf-8"?>
<TestRun id="d4b35f98-d641-428b-ba63-f6a9e964ac76" name="DKSR-EFI-04$@DKSR-EFI-04 2023-12-22 09:34:05" runUser="NT AUTHORITY\NETWORK SERVICE" xmlns="http://microsoft.com/schemas/VisualStudio/TeamTest/2010">
  <Times creation="2023-12-22T09:34:05.2407837+01:00" queuing="2023-12-22T09:34:05.2407837+01:00" start="2023-12-22T09:33:55.0063591+01:00" finish="2023-12-22T09:34:06.3345403+01:00" />
  <TestSettings name="default" id="11150b1a-889b-46d4-bc13-e0a525030695">
    <Deployment runDeploymentRoot="DKSR-EFI-04$_DKSR-EFI-04_2023-12-22_09_34_05" />
  </TestSettings>
  <Results>
    <UnitTestResult executionId="4729d9f1-85d2-4715-b551-70dead231ba1" testId="768fb936-0661-a66b-e3d6-af27227417e8" testName="TestForAssemblyCoverage" computerName="DKSR-EFI-04" duration="00:00:00.0006034" startTime="2023-12-22T09:34:05.5220341+01:00" endTime="2023-12-22T09:34:05.5220341+01:00" testType="13cdc9d9-ddb5-4fa4-a97d-d965ccfc6d4b" outcome="Passed" testListId="8c84fa94-04c1-424b-9868-57a2d4851a1d" relativeResultsDirectory="4729d9f1-85d2-4715-b551-70dead231ba1" />
    <UnitTestResult executionId="2d604b3b-cfe4-40a4-82ad-9d2254157dbb" testId="f034d32d-db85-5ce4-5b78-7cce31c126f3" testName="AlarmPluginDefinition_ShowsAlarmSettingsPanelPlugin_WhenHasFeatureEnabled" computerName="DKSR-EFI-04" duration="00:00:00.2759329" startTime="2023-12-22T09:34:05.2251597+01:00" endTime="2023-12-22T09:34:05.5064112+01:00" testType="13cdc9d9-ddb5-4fa4-a97d-d965ccfc6d4b" outcome="Passed" testListId="8c84fa94-04c1-424b-9868-57a2d4851a1d" relativeResultsDirectory="2d604b3b-cfe4-40a4-82ad-9d2254157dbb" />
    <UnitTestResult executionId="71bb7f58-4ef2-451a-8814-33d2c5cac869" testId="0d535260-4650-2ad9-28d5-1261bbd05cf5" testName="AlarmSettingsSCSetting_SetsFollowServerTrue_WhenProfileSettingValueIsSet" computerName="DKSR-EFI-04" duration="00:00:00.0003805" startTime="2023-12-22T09:34:05.6470390+01:00" endTime="2023-12-22T09:34:05.6470390+01:00" testType="13cdc9d9-ddb5-4fa4-a97d-d965ccfc6d4b" outcome="Passed" testListId="8c84fa94-04c1-424b-9868-57a2d4851a1d" relativeResultsDirectory="71bb7f58-4ef2-451a-8814-33d2c5cac869" />
    <UnitTestResult executionId="5d292993-5d7b-4de2-adb2-a4d2fbbb2d9a" testId="477d521b-21d8-a347-519b-78b82add236f" testName="AlarmPluginDefinition_HidesAlarmSettingsPanelPlugin_WhenHasFeatureEnabled" computerName="DKSR-EFI-04" duration="00:00:00.0037479" startTime="2023-12-22T09:34:05.5064112+01:00" endTime="2023-12-22T09:34:05.5220341+01:00" testType="13cdc9d9-ddb5-4fa4-a97d-d965ccfc6d4b" outcome="Passed" testListId="8c84fa94-04c1-424b-9868-57a2d4851a1d" relativeResultsDirectory="5d292993-5d7b-4de2-adb2-a4d2fbbb2d9a" />
    <UnitTestResult executionId="6d94b747-0987-4557-8b8e-24d11764c722" testId="71b1744f-8a75-b92f-ff1d-d20bf16c91d3" testName="AlarmSettingsSCSetting_SetsNotAvailable_WhenProfileSettingValueIsNotValidBool ()" computerName="DKSR-EFI-04" duration="00:00:00.0000092" startTime="2023-12-22T09:34:05.6470390+01:00" endTime="2023-12-22T09:34:05.6470390+01:00" testType="13cdc9d9-ddb5-4fa4-a97d-d965ccfc6d4b" outcome="Passed" testListId="8c84fa94-04c1-424b-9868-57a2d4851a1d" relativeResultsDirectory="6d94b747-0987-4557-8b8e-24d11764c722" />
    <UnitTestResult executionId="f82d5410-b54b-4a57-853c-4050e7a014a3" testId="5c248614-1e9c-1f2d-c709-9832d2152167" testName="AlarmSettingsSCSetting_SetsValueEqualToServerValue_WhenProfileSettingValueIsSet (False)" computerName="DKSR-EFI-04" duration="00:00:00.0000100" startTime="2023-12-22T09:34:05.6626613+01:00" endTime="2023-12-22T09:34:05.6626613+01:00" testType="13cdc9d9-ddb5-4fa4-a97d-d965ccfc6d4b" outcome="Passed" testListId="8c84fa94-04c1-424b-9868-57a2d4851a1d" relativeResultsDirectory="f82d5410-b54b-4a57-853c-4050e7a014a3" />
    <UnitTestResult executionId="26bbb204-3cdf-459d-82b0-4af51999dd6f" testId="df7ada67-d406-99e1-684b-ea03ef77e667" testName="AlarmSettingsSCSetting_SetsValueEqualToServerValue_WhenProfileSettingValueIsSet (True)" computerName="DKSR-EFI-04" duration="00:00:00.0002045" startTime="2023-12-22T09:34:05.6470390+01:00" endTime="2023-12-22T09:34:05.6626613+01:00" testType="13cdc9d9-ddb5-4fa4-a97d-d965ccfc6d4b" outcome="Passed" testListId="8c84fa94-04c1-424b-9868-57a2d4851a1d" relativeResultsDirectory="26bbb204-3cdf-459d-82b0-4af51999dd6f" />
    <UnitTestResult executionId="f6d1c488-cc00-47ca-b0a3-d753f5b1a2b4" testId="32471366-16f4-72c0-23b5-e769b39f9478" testName="AlarmSettingsSCSetting_SetsValueToServerValue_WhenStartsFollowingServer" computerName="DKSR-EFI-04" duration="00:00:00.0057163" startTime="2023-12-22T09:34:05.5220341+01:00" endTime="2023-12-22T09:34:05.5376612+01:00" testType="13cdc9d9-ddb5-4fa4-a97d-d965ccfc6d4b" outcome="Passed" testListId="8c84fa94-04c1-424b-9868-57a2d4851a1d" relativeResultsDirectory="f6d1c488-cc00-47ca-b0a3-d753f5b1a2b4" />
    <UnitTestResult executionId="7e812277-df0b-4adc-b72b-584a22acb301" testId="8e86e83e-3f2d-4a09-8447-ac431317e860" testName="AlarmSettingsSCSetting_SetsNotAvailable_WhenProfileSettingValueIsNotValidBool (not-a-valid-bool)" computerName="DKSR-EFI-04" duration="00:00:00.0008809" startTime="2023-12-22T09:34:05.5376612+01:00" endTime="2023-12-22T09:34:05.6470390+01:00" testType="13cdc9d9-ddb5-4fa4-a97d-d965ccfc6d4b" outcome="Passed" testListId="8c84fa94-04c1-424b-9868-57a2d4851a1d" relativeResultsDirectory="7e812277-df0b-4adc-b72b-584a22acb301" />
    <UnitTestResult executionId="e0beae47-8751-403c-b472-fc0bd48803a0" testId="9da05bd7-028d-6604-f7cf-14abaf5446f3" testName="AlarmMessageSender_LogsException_WhenPostMessageMapMessageThrowsException" computerName="DKSR-EFI-04" duration="00:00:01.3434750" startTime="2023-12-22T09:34:03.4751506+01:00" endTime="2023-12-22T09:34:05.1470356+01:00" testType="13cdc9d9-ddb5-4fa4-a97d-d965ccfc6d4b" outcome="Passed" testListId="8c84fa94-04c1-424b-9868-57a2d4851a1d" relativeResultsDirectory="e0beae47-8751-403c-b472-fc0bd48803a0" />
  </Results>
  <TestDefinitions>
    <UnitTest name="AlarmSettingsSCSetting_SetsValueEqualToServerValue_WhenProfileSettingValueIsSet (True)" storage="d:\actions-runner\_work\xpco\xpco\eventserver\alarmplugin\components\central\videoos.eventserver.alarmplugin.smartclient.unittest\bin\debug\videoos.eventserver.alarmplugin.smartclient.unittest.dll" id="df7ada67-d406-99e1-684b-ea03ef77e667">
      <Execution id="26bbb204-3cdf-459d-82b0-4af51999dd6f" />
      <TestMethod codeBase="D:\actions-runner\_work\XPCO\XPCO\EventServer\AlarmPlugin\Components\Central\VideoOS.EventServer.AlarmPlugin.SmartClient.UnitTest\bin\Debug\VideoOS.EventServer.AlarmPlugin.SmartClient.UnitTest.dll" adapterTypeName="executor://mstestadapter/v2" className="VideoOS.EventServer.AlarmPlugin.SmartClient.UnitTest.AlarmSettingsSCSettingTest" name="AlarmSettingsSCSetting_SetsValueEqualToServerValue_WhenProfileSettingValueIsSet" />
    </UnitTest>
    <UnitTest name="AlarmSettingsSCSetting_SetsValueEqualToServerValue_WhenProfileSettingValueIsSet (False)" storage="d:\actions-runner\_work\xpco\xpco\eventserver\alarmplugin\components\central\videoos.eventserver.alarmplugin.smartclient.unittest\bin\debug\videoos.eventserver.alarmplugin.smartclient.unittest.dll" id="5c248614-1e9c-1f2d-c709-9832d2152167">
      <Execution id="f82d5410-b54b-4a57-853c-4050e7a014a3" />
      <TestMethod codeBase="D:\actions-runner\_work\XPCO\XPCO\EventServer\AlarmPlugin\Components\Central\VideoOS.EventServer.AlarmPlugin.SmartClient.UnitTest\bin\Debug\VideoOS.EventServer.AlarmPlugin.SmartClient.UnitTest.dll" adapterTypeName="executor://mstestadapter/v2" className="VideoOS.EventServer.AlarmPlugin.SmartClient.UnitTest.AlarmSettingsSCSettingTest" name="AlarmSettingsSCSetting_SetsValueEqualToServerValue_WhenProfileSettingValueIsSet" />
    </UnitTest>
    <UnitTest name="AlarmPluginDefinition_HidesAlarmSettingsPanelPlugin_WhenHasFeatureEnabled" storage="d:\actions-runner\_work\xpco\xpco\eventserver\alarmplugin\components\central\videoos.eventserver.alarmplugin.smartclient.unittest\bin\debug\videoos.eventserver.alarmplugin.smartclient.unittest.dll" id="477d521b-21d8-a347-519b-78b82add236f">
      <Execution id="5d292993-5d7b-4de2-adb2-a4d2fbbb2d9a" />
      <TestMethod codeBase="D:\actions-runner\_work\XPCO\XPCO\EventServer\AlarmPlugin\Components\Central\VideoOS.EventServer.AlarmPlugin.SmartClient.UnitTest\bin\Debug\VideoOS.EventServer.AlarmPlugin.SmartClient.UnitTest.dll" adapterTypeName="executor://mstestadapter/v2" className="VideoOS.EventServer.AlarmPlugin.SmartClient.UnitTest.AlarmPluginDefinitionTest" name="AlarmPluginDefinition_HidesAlarmSettingsPanelPlugin_WhenHasFeatureEnabled" />
    </UnitTest>
    <UnitTest name="TestForAssemblyCoverage" storage="d:\actions-runner\_work\xpco\xpco\eventserver\alarmplugin\components\central\videoos.eventserver.alarmplugin.smartclient.unittest\bin\debug\videoos.eventserver.alarmplugin.smartclient.unittest.dll" id="768fb936-0661-a66b-e3d6-af27227417e8">
      <Execution id="4729d9f1-85d2-4715-b551-70dead231ba1" />
      <TestMethod codeBase="D:\actions-runner\_work\XPCO\XPCO\EventServer\AlarmPlugin\Components\Central\VideoOS.EventServer.AlarmPlugin.SmartClient.UnitTest\bin\Debug\VideoOS.EventServer.AlarmPlugin.SmartClient.UnitTest.dll" adapterTypeName="executor://mstestadapter/v2" className="VideoOS.EventServer.AlarmPlugin.SmartClient.UnitTest.AssemblyCoverageTest" name="TestForAssemblyCoverage" />
    </UnitTest>
    <UnitTest name="AlarmMessageSender_LogsException_WhenPostMessageMapMessageThrowsException" storage="d:\actions-runner\_work\xpco\xpco\eventserver\alarmplugin\components\central\videoos.eventserver.alarmplugin.smartclient.unittest\bin\debug\videoos.eventserver.alarmplugin.smartclient.unittest.dll" id="9da05bd7-028d-6604-f7cf-14abaf5446f3">
      <TestCategory>
        <TestCategoryItem TestCategory="AlarmView.AlarmMessageSender" />
      </TestCategory>
      <Execution id="e0beae47-8751-403c-b472-fc0bd48803a0" />
      <TestMethod codeBase="D:\actions-runner\_work\XPCO\XPCO\EventServer\AlarmPlugin\Components\Central\VideoOS.EventServer.AlarmPlugin.SmartClient.UnitTest\bin\Debug\VideoOS.EventServer.AlarmPlugin.SmartClient.UnitTest.dll" adapterTypeName="executor://mstestadapter/v2" className="VideoOS.EventServer.AlarmPlugin.SmartClient.UnitTest.AlarmMessageSenderTest" name="AlarmMessageSender_LogsException_WhenPostMessageMapMessageThrowsException" />
    </UnitTest>
    <UnitTest name="AlarmSettingsSCSetting_SetsValueToServerValue_WhenStartsFollowingServer" storage="d:\actions-runner\_work\xpco\xpco\eventserver\alarmplugin\components\central\videoos.eventserver.alarmplugin.smartclient.unittest\bin\debug\videoos.eventserver.alarmplugin.smartclient.unittest.dll" id="32471366-16f4-72c0-23b5-e769b39f9478">
      <Execution id="f6d1c488-cc00-47ca-b0a3-d753f5b1a2b4" />
      <TestMethod codeBase="D:\actions-runner\_work\XPCO\XPCO\EventServer\AlarmPlugin\Components\Central\VideoOS.EventServer.AlarmPlugin.SmartClient.UnitTest\bin\Debug\VideoOS.EventServer.AlarmPlugin.SmartClient.UnitTest.dll" adapterTypeName="executor://mstestadapter/v2" className="VideoOS.EventServer.AlarmPlugin.SmartClient.UnitTest.AlarmSettingsSCSettingTest" name="AlarmSettingsSCSetting_SetsValueToServerValue_WhenStartsFollowingServer" />
    </UnitTest>
    <UnitTest name="AlarmSettingsSCSetting_SetsFollowServerTrue_WhenProfileSettingValueIsSet" storage="d:\actions-runner\_work\xpco\xpco\eventserver\alarmplugin\components\central\videoos.eventserver.alarmplugin.smartclient.unittest\bin\debug\videoos.eventserver.alarmplugin.smartclient.unittest.dll" id="0d535260-4650-2ad9-28d5-1261bbd05cf5">
      <Execution id="71bb7f58-4ef2-451a-8814-33d2c5cac869" />
      <TestMethod codeBase="D:\actions-runner\_work\XPCO\XPCO\EventServer\AlarmPlugin\Components\Central\VideoOS.EventServer.AlarmPlugin.SmartClient.UnitTest\bin\Debug\VideoOS.EventServer.AlarmPlugin.SmartClient.UnitTest.dll" adapterTypeName="executor://mstestadapter/v2" className="VideoOS.EventServer.AlarmPlugin.SmartClient.UnitTest.AlarmSettingsSCSettingTest" name="AlarmSettingsSCSetting_SetsFollowServerTrue_WhenProfileSettingValueIsSet" />
    </UnitTest>
    <UnitTest name="AlarmSettingsSCSetting_SetsNotAvailable_WhenProfileSettingValueIsNotValidBool ()" storage="d:\actions-runner\_work\xpco\xpco\eventserver\alarmplugin\components\central\videoos.eventserver.alarmplugin.smartclient.unittest\bin\debug\videoos.eventserver.alarmplugin.smartclient.unittest.dll" id="71b1744f-8a75-b92f-ff1d-d20bf16c91d3">
      <Execution id="6d94b747-0987-4557-8b8e-24d11764c722" />
      <TestMethod codeBase="D:\actions-runner\_work\XPCO\XPCO\EventServer\AlarmPlugin\Components\Central\VideoOS.EventServer.AlarmPlugin.SmartClient.UnitTest\bin\Debug\VideoOS.EventServer.AlarmPlugin.SmartClient.UnitTest.dll" adapterTypeName="executor://mstestadapter/v2" className="VideoOS.EventServer.AlarmPlugin.SmartClient.UnitTest.AlarmSettingsSCSettingTest" name="AlarmSettingsSCSetting_SetsNotAvailable_WhenProfileSettingValueIsNotValidBool" />
    </UnitTest>
    <UnitTest name="AlarmPluginDefinition_ShowsAlarmSettingsPanelPlugin_WhenHasFeatureEnabled" storage="d:\actions-runner\_work\xpco\xpco\eventserver\alarmplugin\components\central\videoos.eventserver.alarmplugin.smartclient.unittest\bin\debug\videoos.eventserver.alarmplugin.smartclient.unittest.dll" id="f034d32d-db85-5ce4-5b78-7cce31c126f3">
      <Execution id="2d604b3b-cfe4-40a4-82ad-9d2254157dbb" />
      <TestMethod codeBase="D:\actions-runner\_work\XPCO\XPCO\EventServer\AlarmPlugin\Components\Central\VideoOS.EventServer.AlarmPlugin.SmartClient.UnitTest\bin\Debug\VideoOS.EventServer.AlarmPlugin.SmartClient.UnitTest.dll" adapterTypeName="executor://mstestadapter/v2" className="VideoOS.EventServer.AlarmPlugin.SmartClient.UnitTest.AlarmPluginDefinitionTest" name="AlarmPluginDefinition_ShowsAlarmSettingsPanelPlugin_WhenHasFeatureEnabled" />
    </UnitTest>
    <UnitTest name="AlarmSettingsSCSetting_SetsNotAvailable_WhenProfileSettingValueIsNotValidBool (not-a-valid-bool)" storage="d:\actions-runner\_work\xpco\xpco\eventserver\alarmplugin\components\central\videoos.eventserver.alarmplugin.smartclient.unittest\bin\debug\videoos.eventserver.alarmplugin.smartclient.unittest.dll" id="8e86e83e-3f2d-4a09-8447-ac431317e860">
      <Execution id="7e812277-df0b-4adc-b72b-584a22acb301" />
      <TestMethod codeBase="D:\actions-runner\_work\XPCO\XPCO\EventServer\AlarmPlugin\Components\Central\VideoOS.EventServer.AlarmPlugin.SmartClient.UnitTest\bin\Debug\VideoOS.EventServer.AlarmPlugin.SmartClient.UnitTest.dll" adapterTypeName="executor://mstestadapter/v2" className="VideoOS.EventServer.AlarmPlugin.SmartClient.UnitTest.AlarmSettingsSCSettingTest" name="AlarmSettingsSCSetting_SetsNotAvailable_WhenProfileSettingValueIsNotValidBool" />
    </UnitTest>
  </TestDefinitions>
  <TestEntries>
    <TestEntry testId="768fb936-0661-a66b-e3d6-af27227417e8" executionId="4729d9f1-85d2-4715-b551-70dead231ba1" testListId="8c84fa94-04c1-424b-9868-57a2d4851a1d" />
    <TestEntry testId="f034d32d-db85-5ce4-5b78-7cce31c126f3" executionId="2d604b3b-cfe4-40a4-82ad-9d2254157dbb" testListId="8c84fa94-04c1-424b-9868-57a2d4851a1d" />
    <TestEntry testId="0d535260-4650-2ad9-28d5-1261bbd05cf5" executionId="71bb7f58-4ef2-451a-8814-33d2c5cac869" testListId="8c84fa94-04c1-424b-9868-57a2d4851a1d" />
    <TestEntry testId="477d521b-21d8-a347-519b-78b82add236f" executionId="5d292993-5d7b-4de2-adb2-a4d2fbbb2d9a" testListId="8c84fa94-04c1-424b-9868-57a2d4851a1d" />
    <TestEntry testId="71b1744f-8a75-b92f-ff1d-d20bf16c91d3" executionId="6d94b747-0987-4557-8b8e-24d11764c722" testListId="8c84fa94-04c1-424b-9868-57a2d4851a1d" />
    <TestEntry testId="5c248614-1e9c-1f2d-c709-9832d2152167" executionId="f82d5410-b54b-4a57-853c-4050e7a014a3" testListId="8c84fa94-04c1-424b-9868-57a2d4851a1d" />
    <TestEntry testId="df7ada67-d406-99e1-684b-ea03ef77e667" executionId="26bbb204-3cdf-459d-82b0-4af51999dd6f" testListId="8c84fa94-04c1-424b-9868-57a2d4851a1d" />
    <TestEntry testId="32471366-16f4-72c0-23b5-e769b39f9478" executionId="f6d1c488-cc00-47ca-b0a3-d753f5b1a2b4" testListId="8c84fa94-04c1-424b-9868-57a2d4851a1d" />
    <TestEntry testId="8e86e83e-3f2d-4a09-8447-ac431317e860" executionId="7e812277-df0b-4adc-b72b-584a22acb301" testListId="8c84fa94-04c1-424b-9868-57a2d4851a1d" />
    <TestEntry testId="9da05bd7-028d-6604-f7cf-14abaf5446f3" executionId="e0beae47-8751-403c-b472-fc0bd48803a0" testListId="8c84fa94-04c1-424b-9868-57a2d4851a1d" />
  </TestEntries>
  <TestLists>
    <TestList name="Results Not in a List" id="8c84fa94-04c1-424b-9868-57a2d4851a1d" />
    <TestList name="All Loaded Results" id="19431567-8539-422a-85d7-44ee4e166bda" />
  </TestLists>
  <ResultSummary outcome="Completed">
    <Counters total="10" executed="10" passed="10" failed="0" error="0" timeout="0" aborted="0" inconclusive="0" passedButRunAborted="0" notRunnable="0" notExecuted="0" disconnected="0" warning="0" completed="0" inProgress="0" pending="0" />
    <RunInfos>
      <RunInfo computerName="DKSR-EFI-04" outcome="Warning" timestamp="2023-12-22T09:34:03.1157759+01:00">
        <Text>[MSTest][Discovery][D:\actions-runner\_work\XPCO\XPCO\AllSolutions\..\EventServer\AlarmPlugin\Components\Central\VideoOS.EventServer.AlarmPlugin.SmartClient.UnitTest\bin\Debug\VideoOS.EventServer.AlarmPlugin.SmartClient.UnitTest.dll] UTA007: Method AlarmMessageSender_SendsSmartMapMessage_WhenMapTypeIsSmartMap defined in class VideoOS.EventServer.AlarmPlugin.SmartClient.UnitTest.AlarmMessageSenderTest does not have correct signature. Test method marked with the [TestMethod] attribute must be non-static, public, return-type as void  and should not take any parameter. Example: public void Test.Class1.Test(). Additionally, if you are using async-await in test method then return-type must be Task. Example: public async Task Test.Class1.Test2()</Text>
      </RunInfo>
    </RunInfos>
  </ResultSummary>
</TestRun>