<?xml version="1.0" encoding="utf-8"?>
<TestRun id="e0dca4a0-41d7-4139-b5fc-18a7ffcdabcf" name="DKSR-EFI-04$@DKSR-EFI-04 2023-12-22 09:36:52" runUser="NT AUTHORITY\NETWORK SERVICE" xmlns="http://microsoft.com/schemas/VisualStudio/TeamTest/2010">
  <Times creation="2023-12-22T09:36:52.8197809+01:00" queuing="2023-12-22T09:36:52.8197809+01:00" start="2023-12-22T09:36:49.5385151+01:00" finish="2023-12-22T09:37:16.1636619+01:00" />
  <TestSettings name="default" id="d3dcc1ae-f634-4374-8e88-4cc88ee92267">
    <Deployment runDeploymentRoot="DKSR-EFI-04$_DKSR-EFI-04_2023-12-22_09_36_52" />
  </TestSettings>
  <Results>
    <UnitTestResult executionId="0ac400c8-c1aa-41ec-9226-0065f71dd835" testId="2bc0ce96-c350-d094-ddf7-a0dcbcc01a25" testName="StopRecording_ShouldStopRecording_WhenRecordingIsStarted" computerName="DKSR-EFI-04" duration="00:00:00.0009632" startTime="2023-12-22T09:37:15.9727201+01:00" endTime="2023-12-22T09:37:15.9738878+01:00" testType="13cdc9d9-ddb5-4fa4-a97d-d965ccfc6d4b" outcome="Passed" testListId="8c84fa94-04c1-424b-9868-57a2d4851a1d" relativeResultsDirectory="0ac400c8-c1aa-41ec-9226-0065f71dd835" />
    <UnitTestResult executionId="4ea1cb2d-4873-4787-be8e-b70a518fbf28" testId="d2f3bae5-4b87-92ba-8e82-de1dd6dbd488" testName="XpcoMultiUserLoginServerList" computerName="DKSR-EFI-04" duration="00:00:01.3678484" startTime="2023-12-22T09:37:02.7087349+01:00" endTime="2023-12-22T09:37:04.0768638+01:00" testType="13cdc9d9-ddb5-4fa4-a97d-d965ccfc6d4b" outcome="Passed" testListId="8c84fa94-04c1-424b-9868-57a2d4851a1d" relativeResultsDirectory="4ea1cb2d-4873-4787-be8e-b70a518fbf28">
      <Output>
        <StdOut>Debug Trace:&#xD;
TopLevelControl returns null. PostMessage may have problems&#xD;
12/22/2023 9:37:02 AMFindBestAddress - Start for: http://4.4.4.4:55/, type=XPCO&#xD;
ConnectionCheck for:http://4.4.4.4:55/, Took:0ms&#xD;
12/22/2023 9:37:02 AMFindBestAddress - End for: http://4.4.4.4:55/, type=XPCO&#xD;
MIP: Error: ConfigurationApiItemWrapper (): ConfigAPI GetItem(): System.NotImplementedException, The method or operation is not implemented.&#xD;
MIP: Error: Factory.IsItemTypeSupported (): Exception source:      VideoOS.Platform.SDK.UnitTests&#xD;
Exception type:        System.NotImplementedException&#xD;
Exception message:     The method or operation is not implemented.&#xD;
Exception target site: GetItem&#xD;
   at VideoOS.Platform.SDKUnittest.EnvironmentTests.TestConfigurationClientService.GetItem(String path) in D:\actions-runner\_work\XPCO\XPCO\MIP\MIPSDK\tst\VideoOS.Platform.SDK.UnitTests\EnvironmentTests\TestsWithCorporateShimsBase.cs:line 227&#xD;
   at VideoOS.Platform.Proxy.ConfigApi.ConfigurationApiItemWrapper..ctor(ServerId serverId, String path) in D:\actions-runner\_work\XPCO\XPCO\MIP\PlatformPlugin\VideoOS.Platform\src\Proxy\ConfigApi\ConfigurationApiItemWrapper.cs:line 104&#xD;
   at VideoOS.Platform.ConfigurationItems.Factory.IsItemTypeSupported(ServerId serverId, String itemType) in D:\actions-runner\_work\XPCO\XPCO\MIP\PlatformPlugin\VideoOS.Platform\src\ConfigurationItems\Factory.cs:line 464&#xD;
&#xD;
Factory.IsItemTypeSupportedFactory.IsItemTypeSupported ()The method or operation is not implemented.   at VideoOS.Platform.SDKUnittest.EnvironmentTests.TestConfigurationClientService.GetItem(String path) in D:\actions-runner\_work\XPCO\XPCO\MIP\MIPSDK\tst\VideoOS.Platform.SDK.UnitTests\EnvironmentTests\TestsWithCorporateShimsBase.cs:line 227&#xD;
   at VideoOS.Platform.Proxy.ConfigApi.ConfigurationApiItemWrapper..ctor(ServerId serverId, String path) in D:\actions-runner\_work\XPCO\XPCO\MIP\PlatformPlugin\VideoOS.Platform\src\Proxy\ConfigApi\ConfigurationApiItemWrapper.cs:line 104&#xD;
   at VideoOS.Platform.ConfigurationItems.Factory.IsItemTypeSupported(ServerId serverId, String itemType) in D:\actions-runner\_work\XPCO\XPCO\MIP\PlatformPlugin\VideoOS.Platform\src\ConfigurationItems\Factory.cs:line 464&#xD;
MIP: Error: GetConfiguration (): CustomSetting not found for the given platformDefinitionId: e145597a-ecaf-40a1-99e6-14bb9d45a09e&#xD;
MIP: Error: ConfigurationApiItemWrapper (): ConfigAPI GetItem(): System.NotImplementedException, The method or operation is not implemented.&#xD;
MIP: Error: Factory.IsItemTypeSupported (): Exception source:      VideoOS.Platform.SDK.UnitTests&#xD;
Exception type:        System.NotImplementedException&#xD;
Exception message:     The method or operation is not implemented.&#xD;
Exception target site: GetItem&#xD;
   at VideoOS.Platform.SDKUnittest.EnvironmentTests.TestConfigurationClientService.GetItem(String path) in D:\actions-runner\_work\XPCO\XPCO\MIP\MIPSDK\tst\VideoOS.Platform.SDK.UnitTests\EnvironmentTests\TestsWithCorporateShimsBase.cs:line 227&#xD;
   at VideoOS.Platform.Proxy.ConfigApi.ConfigurationApiItemWrapper..ctor(ServerId serverId, String path) in D:\actions-runner\_work\XPCO\XPCO\MIP\PlatformPlugin\VideoOS.Platform\src\Proxy\ConfigApi\ConfigurationApiItemWrapper.cs:line 104&#xD;
   at VideoOS.Platform.ConfigurationItems.Factory.IsItemTypeSupported(ServerId serverId, String itemType) in D:\actions-runner\_work\XPCO\XPCO\MIP\PlatformPlugin\VideoOS.Platform\src\ConfigurationItems\Factory.cs:line 464&#xD;
&#xD;
Factory.IsItemTypeSupportedFactory.IsItemTypeSupported ()The method or operation is not implemented.   at VideoOS.Platform.SDKUnittest.EnvironmentTests.TestConfigurationClientService.GetItem(String path) in D:\actions-runner\_work\XPCO\XPCO\MIP\MIPSDK\tst\VideoOS.Platform.SDK.UnitTests\EnvironmentTests\TestsWithCorporateShimsBase.cs:line 227&#xD;
   at VideoOS.Platform.Proxy.ConfigApi.ConfigurationApiItemWrapper..ctor(ServerId serverId, String path) in D:\actions-runner\_work\XPCO\XPCO\MIP\PlatformPlugin\VideoOS.Platform\src\Proxy\ConfigApi\ConfigurationApiItemWrapper.cs:line 104&#xD;
   at VideoOS.Platform.ConfigurationItems.Factory.IsItemTypeSupported(ServerId serverId, String itemType) in D:\actions-runner\_work\XPCO\XPCO\MIP\PlatformPlugin\VideoOS.Platform\src\ConfigurationItems\Factory.cs:line 464&#xD;
MIP: Error: LoginServerOauth (): https://1.2.3.5:55/ManagementServer/ServerCommandServiceOAuth.svc The method or operation is not implemented.&#xD;
MIP: Error: ConfigurationApiItemWrapper (): ConfigAPI GetItem(): System.NotImplementedException, The method or operation is not implemented.&#xD;
MIP: Error: Factory.IsItemTypeSupported (): Exception source:      VideoOS.Platform.SDK.UnitTests&#xD;
Exception type:        System.NotImplementedException&#xD;
Exception message:     The method or operation is not implemented.&#xD;
Exception target site: GetItem&#xD;
   at VideoOS.Platform.SDKUnittest.EnvironmentTests.TestConfigurationClientService.GetItem(String path) in D:\actions-runner\_work\XPCO\XPCO\MIP\MIPSDK\tst\VideoOS.Platform.SDK.UnitTests\EnvironmentTests\TestsWithCorporateShimsBase.cs:line 227&#xD;
   at VideoOS.Platform.Proxy.ConfigApi.ConfigurationApiItemWrapper..ctor(ServerId serverId, String path) in D:\actions-runner\_work\XPCO\XPCO\MIP\PlatformPlugin\VideoOS.Platform\src\Proxy\ConfigApi\ConfigurationApiItemWrapper.cs:line 104&#xD;
   at VideoOS.Platform.ConfigurationItems.Factory.IsItemTypeSupported(ServerId serverId, String itemType) in D:\actions-runner\_work\XPCO\XPCO\MIP\PlatformPlugin\VideoOS.Platform\src\ConfigurationItems\Factory.cs:line 464&#xD;
&#xD;
Factory.IsItemTypeSupportedFactory.IsItemTypeSupported ()The method or operation is not implemented.   at VideoOS.Platform.SDKUnittest.EnvironmentTests.TestConfigurationClientService.GetItem(String path) in D:\actions-runner\_work\XPCO\XPCO\MIP\MIPSDK\tst\VideoOS.Platform.SDK.UnitTests\EnvironmentTests\TestsWithCorporateShimsBase.cs:line 227&#xD;
   at VideoOS.Platform.Proxy.ConfigApi.ConfigurationApiItemWrapper..ctor(ServerId serverId, String path) in D:\actions-runner\_work\XPCO\XPCO\MIP\PlatformPlugin\VideoOS.Platform\src\Proxy\ConfigApi\ConfigurationApiItemWrapper.cs:line 104&#xD;
   at VideoOS.Platform.ConfigurationItems.Factory.IsItemTypeSupported(ServerId serverId, String itemType) in D:\actions-runner\_work\XPCO\XPCO\MIP\PlatformPlugin\VideoOS.Platform\src\ConfigurationItems\Factory.cs:line 464&#xD;
MIP: Error: GetConfiguration (): CustomSetting not found for the given platformDefinitionId: e145597a-ecaf-40a1-99e6-14bb9d45a09e&#xD;
MIP: Error: ConfigurationApiItemWrapper (): ConfigAPI GetItem(): System.NotImplementedException, The method or operation is not implemented.&#xD;
MIP: Error: Factory.IsItemTypeSupported (): Exception source:      VideoOS.Platform.SDK.UnitTests&#xD;
Exception type:        System.NotImplementedException&#xD;
Exception message:     The method or operation is not implemented.&#xD;
Exception target site: GetItem&#xD;
   at VideoOS.Platform.SDKUnittest.EnvironmentTests.TestConfigurationClientService.GetItem(String path) in D:\actions-runner\_work\XPCO\XPCO\MIP\MIPSDK\tst\VideoOS.Platform.SDK.UnitTests\EnvironmentTests\TestsWithCorporateShimsBase.cs:line 227&#xD;
   at VideoOS.Platform.Proxy.ConfigApi.ConfigurationApiItemWrapper..ctor(ServerId serverId, String path) in D:\actions-runner\_work\XPCO\XPCO\MIP\PlatformPlugin\VideoOS.Platform\src\Proxy\ConfigApi\ConfigurationApiItemWrapper.cs:line 104&#xD;
   at VideoOS.Platform.ConfigurationItems.Factory.IsItemTypeSupported(ServerId serverId, String itemType) in D:\actions-runner\_work\XPCO\XPCO\MIP\PlatformPlugin\VideoOS.Platform\src\ConfigurationItems\Factory.cs:line 464&#xD;
&#xD;
Factory.IsItemTypeSupportedFactory.IsItemTypeSupported ()The method or operation is not implemented.   at VideoOS.Platform.SDKUnittest.EnvironmentTests.TestConfigurationClientService.GetItem(String path) in D:\actions-runner\_work\XPCO\XPCO\MIP\MIPSDK\tst\VideoOS.Platform.SDK.UnitTests\EnvironmentTests\TestsWithCorporateShimsBase.cs:line 227&#xD;
   at VideoOS.Platform.Proxy.ConfigApi.ConfigurationApiItemWrapper..ctor(ServerId serverId, String path) in D:\actions-runner\_work\XPCO\XPCO\MIP\PlatformPlugin\VideoOS.Platform\src\Proxy\ConfigApi\ConfigurationApiItemWrapper.cs:line 104&#xD;
   at VideoOS.Platform.ConfigurationItems.Factory.IsItemTypeSupported(ServerId serverId, String itemType) in D:\actions-runner\_work\XPCO\XPCO\MIP\PlatformPlugin\VideoOS.Platform\src\ConfigurationItems\Factory.cs:line 464&#xD;
MIP: Error: LoginServerOauth (): https://1.2.3.5:55/ManagementServer/ServerCommandServiceOAuth.svc The method or operation is not implemented.&#xD;
MIP: Error: ConfigurationApiItemWrapper (): ConfigAPI GetItem(): System.NotImplementedException, The method or operation is not implemented.&#xD;
MIP: Error: Factory.IsItemTypeSupported (): Exception source:      VideoOS.Platform.SDK.UnitTests&#xD;
Exception type:        System.NotImplementedException&#xD;
Exception message:     The method or operation is not implemented.&#xD;
Exception target site: GetItem&#xD;
   at VideoOS.Platform.SDKUnittest.EnvironmentTests.TestConfigurationClientService.GetItem(String path) in D:\actions-runner\_work\XPCO\XPCO\MIP\MIPSDK\tst\VideoOS.Platform.SDK.UnitTests\EnvironmentTests\TestsWithCorporateShimsBase.cs:line 227&#xD;
   at VideoOS.Platform.Proxy.ConfigApi.ConfigurationApiItemWrapper..ctor(ServerId serverId, String path) in D:\actions-runner\_work\XPCO\XPCO\MIP\PlatformPlugin\VideoOS.Platform\src\Proxy\ConfigApi\ConfigurationApiItemWrapper.cs:line 104&#xD;
   at VideoOS.Platform.ConfigurationItems.Factory.IsItemTypeSupported(ServerId serverId, String itemType) in D:\actions-runner\_work\XPCO\XPCO\MIP\PlatformPlugin\VideoOS.Platform\src\ConfigurationItems\Factory.cs:line 464&#xD;
&#xD;
Factory.IsItemTypeSupportedFactory.IsItemTypeSupported ()The method or operation is not implemented.   at VideoOS.Platform.SDKUnittest.EnvironmentTests.TestConfigurationClientService.GetItem(String path) in D:\actions-runner\_work\XPCO\XPCO\MIP\MIPSDK\tst\VideoOS.Platform.SDK.UnitTests\EnvironmentTests\TestsWithCorporateShimsBase.cs:line 227&#xD;
   at VideoOS.Platform.Proxy.ConfigApi.ConfigurationApiItemWrapper..ctor(ServerId serverId, String path) in D:\actions-runner\_work\XPCO\XPCO\MIP\PlatformPlugin\VideoOS.Platform\src\Proxy\ConfigApi\ConfigurationApiItemWrapper.cs:line 104&#xD;
   at VideoOS.Platform.ConfigurationItems.Factory.IsItemTypeSupported(ServerId serverId, String itemType) in D:\actions-runner\_work\XPCO\XPCO\MIP\PlatformPlugin\VideoOS.Platform\src\ConfigurationItems\Factory.cs:line 464&#xD;
MIP: Error: ConfigurationApiItemWrapper (): ConfigAPI GetItem(): System.NotImplementedException, The method or operation is not implemented.&#xD;
MIP: Error: Factory.IsItemTypeSupported (): Exception source:      VideoOS.Platform.SDK.UnitTests&#xD;
Exception type:        System.NotImplementedException&#xD;
Exception message:     The method or operation is not implemented.&#xD;
Exception target site: GetItem&#xD;
   at VideoOS.Platform.SDKUnittest.EnvironmentTests.TestConfigurationClientService.GetItem(String path) in D:\actions-runner\_work\XPCO\XPCO\MIP\MIPSDK\tst\VideoOS.Platform.SDK.UnitTests\EnvironmentTests\TestsWithCorporateShimsBase.cs:line 227&#xD;
   at VideoOS.Platform.Proxy.ConfigApi.ConfigurationApiItemWrapper..ctor(ServerId serverId, String path) in D:\actions-runner\_work\XPCO\XPCO\MIP\PlatformPlugin\VideoOS.Platform\src\Proxy\ConfigApi\ConfigurationApiItemWrapper.cs:line 104&#xD;
   at VideoOS.Platform.ConfigurationItems.Factory.IsItemTypeSupported(ServerId serverId, String itemType) in D:\actions-runner\_work\XPCO\XPCO\MIP\PlatformPlugin\VideoOS.Platform\src\ConfigurationItems\Factory.cs:line 464&#xD;
&#xD;
Factory.IsItemTypeSupportedFactory.IsItemTypeSupported ()The method or operation is not implemented.   at VideoOS.Platform.SDKUnittest.EnvironmentTests.TestConfigurationClientService.GetItem(String path) in D:\actions-runner\_work\XPCO\XPCO\MIP\MIPSDK\tst\VideoOS.Platform.SDK.UnitTests\EnvironmentTests\TestsWithCorporateShimsBase.cs:line 227&#xD;
   at VideoOS.Platform.Proxy.ConfigApi.ConfigurationApiItemWrapper..ctor(ServerId serverId, String path) in D:\actions-runner\_work\XPCO\XPCO\MIP\PlatformPlugin\VideoOS.Platform\src\Proxy\ConfigApi\ConfigurationApiItemWrapper.cs:line 104&#xD;
   at VideoOS.Platform.ConfigurationItems.Factory.IsItemTypeSupported(ServerId serverId, String itemType) in D:\actions-runner\_work\XPCO\XPCO\MIP\PlatformPlugin\VideoOS.Platform\src\ConfigurationItems\Factory.cs:line 464&#xD;
MIP: Error: LoginServerOauth (): https://1.2.3.5:55/ManagementServer/ServerCommandServiceOAuth.svc The method or operation is not implemented.&#xD;
MIP: Error: ConfigurationApiItemWrapper (): ConfigAPI GetItem(): System.NotImplementedException, The method or operation is not implemented.&#xD;
MIP: Error: Factory.IsItemTypeSupported (): Exception source:      VideoOS.Platform.SDK.UnitTests&#xD;
Exception type:        System.NotImplementedException&#xD;
Exception message:     The method or operation is not implemented.&#xD;
Exception target site: GetItem&#xD;
   at VideoOS.Platform.SDKUnittest.EnvironmentTests.TestConfigurationClientService.GetItem(String path) in D:\actions-runner\_work\XPCO\XPCO\MIP\MIPSDK\tst\VideoOS.Platform.SDK.UnitTests\EnvironmentTests\TestsWithCorporateShimsBase.cs:line 227&#xD;
   at VideoOS.Platform.Proxy.ConfigApi.ConfigurationApiItemWrapper..ctor(ServerId serverId, String path) in D:\actions-runner\_work\XPCO\XPCO\MIP\PlatformPlugin\VideoOS.Platform\src\Proxy\ConfigApi\ConfigurationApiItemWrapper.cs:line 104&#xD;
   at VideoOS.Platform.ConfigurationItems.Factory.IsItemTypeSupported(ServerId serverId, String itemType) in D:\actions-runner\_work\XPCO\XPCO\MIP\PlatformPlugin\VideoOS.Platform\src\ConfigurationItems\Factory.cs:line 464&#xD;
&#xD;
Factory.IsItemTypeSupportedFactory.IsItemTypeSupported ()The method or operation is not implemented.   at VideoOS.Platform.SDKUnittest.EnvironmentTests.TestConfigurationClientService.GetItem(String path) in D:\actions-runner\_work\XPCO\XPCO\MIP\MIPSDK\tst\VideoOS.Platform.SDK.UnitTests\EnvironmentTests\TestsWithCorporateShimsBase.cs:line 227&#xD;
   at VideoOS.Platform.Proxy.ConfigApi.ConfigurationApiItemWrapper..ctor(ServerId serverId, String path) in D:\actions-runner\_work\XPCO\XPCO\MIP\PlatformPlugin\VideoOS.Platform\src\Proxy\ConfigApi\ConfigurationApiItemWrapper.cs:line 104&#xD;
   at VideoOS.Platform.ConfigurationItems.Factory.IsItemTypeSupported(ServerId serverId, String itemType) in D:\actions-runner\_work\XPCO\XPCO\MIP\PlatformPlugin\VideoOS.Platform\src\ConfigurationItems\Factory.cs:line 464&#xD;
MIP: Error: GetConfiguration (): CustomSetting not found for the given platformDefinitionId: e145597a-ecaf-40a1-99e6-14bb9d45a09e&#xD;
MIP: Error: ConfigurationApiItemWrapper (): ConfigAPI GetItem(): System.NotImplementedException, The method or operation is not implemented.&#xD;
MIP: Error: Factory.IsItemTypeSupported (): Exception source:      VideoOS.Platform.SDK.UnitTests&#xD;
Exception type:        System.NotImplementedException&#xD;
Exception message:     The method or operation is not implemented.&#xD;
Exception target site: GetItem&#xD;
   at VideoOS.Platform.SDKUnittest.EnvironmentTests.TestConfigurationClientService.GetItem(String path) in D:\actions-runner\_work\XPCO\XPCO\MIP\MIPSDK\tst\VideoOS.Platform.SDK.UnitTests\EnvironmentTests\TestsWithCorporateShimsBase.cs:line 227&#xD;
   at VideoOS.Platform.Proxy.ConfigApi.ConfigurationApiItemWrapper..ctor(ServerId serverId, String path) in D:\actions-runner\_work\XPCO\XPCO\MIP\PlatformPlugin\VideoOS.Platform\src\Proxy\ConfigApi\ConfigurationApiItemWrapper.cs:line 104&#xD;
   at VideoOS.Platform.ConfigurationItems.Factory.IsItemTypeSupported(ServerId serverId, String itemType) in D:\actions-runner\_work\XPCO\XPCO\MIP\PlatformPlugin\VideoOS.Platform\src\ConfigurationItems\Factory.cs:line 464&#xD;
&#xD;
Factory.IsItemTypeSupportedFactory.IsItemTypeSupported ()The method or operation is not implemented.   at VideoOS.Platform.SDKUnittest.EnvironmentTests.TestConfigurationClientService.GetItem(String path) in D:\actions-runner\_work\XPCO\XPCO\MIP\MIPSDK\tst\VideoOS.Platform.SDK.UnitTests\EnvironmentTests\TestsWithCorporateShimsBase.cs:line 227&#xD;
   at VideoOS.Platform.Proxy.ConfigApi.ConfigurationApiItemWrapper..ctor(ServerId serverId, String path) in D:\actions-runner\_work\XPCO\XPCO\MIP\PlatformPlugin\VideoOS.Platform\src\Proxy\ConfigApi\ConfigurationApiItemWrapper.cs:line 104&#xD;
   at VideoOS.Platform.ConfigurationItems.Factory.IsItemTypeSupported(ServerId serverId, String itemType) in D:\actions-runner\_work\XPCO\XPCO\MIP\PlatformPlugin\VideoOS.Platform\src\ConfigurationItems\Factory.cs:line 464&#xD;
MIP: Error: LoginServerOauth (): https://1.2.3.5:55/ManagementServer/ServerCommandServiceOAuth.svc The method or operation is not implemented.&#xD;
MIP: Error: ConfigurationApiItemWrapper (): ConfigAPI GetItem(): System.NotImplementedException, The method or operation is not implemented.&#xD;
MIP: Error: Factory.IsItemTypeSupported (): Exception source:      VideoOS.Platform.SDK.UnitTests&#xD;
Exception type:        System.NotImplementedException&#xD;
Exception message:     The method or operation is not implemented.&#xD;
Exception target site: GetItem&#xD;
   at VideoOS.Platform.SDKUnittest.EnvironmentTests.TestConfigurationClientService.GetItem(String path) in D:\actions-runner\_work\XPCO\XPCO\MIP\MIPSDK\tst\VideoOS.Platform.SDK.UnitTests\EnvironmentTests\TestsWithCorporateShimsBase.cs:line 227&#xD;
   at VideoOS.Platform.Proxy.ConfigApi.ConfigurationApiItemWrapper..ctor(ServerId serverId, String path) in D:\actions-runner\_work\XPCO\XPCO\MIP\PlatformPlugin\VideoOS.Platform\src\Proxy\ConfigApi\ConfigurationApiItemWrapper.cs:line 104&#xD;
   at VideoOS.Platform.ConfigurationItems.Factory.IsItemTypeSupported(ServerId serverId, String itemType) in D:\actions-runner\_work\XPCO\XPCO\MIP\PlatformPlugin\VideoOS.Platform\src\ConfigurationItems\Factory.cs:line 464&#xD;
&#xD;
Factory.IsItemTypeSupportedFactory.IsItemTypeSupported ()The method or operation is not implemented.   at VideoOS.Platform.SDKUnittest.EnvironmentTests.TestConfigurationClientService.GetItem(String path) in D:\actions-runner\_work\XPCO\XPCO\MIP\MIPSDK\tst\VideoOS.Platform.SDK.UnitTests\EnvironmentTests\TestsWithCorporateShimsBase.cs:line 227&#xD;
   at VideoOS.Platform.Proxy.ConfigApi.ConfigurationApiItemWrapper..ctor(ServerId serverId, String path) in D:\actions-runner\_work\XPCO\XPCO\MIP\PlatformPlugin\VideoOS.Platform\src\Proxy\ConfigApi\ConfigurationApiItemWrapper.cs:line 104&#xD;
   at VideoOS.Platform.ConfigurationItems.Factory.IsItemTypeSupported(ServerId serverId, String itemType) in D:\actions-runner\_work\XPCO\XPCO\MIP\PlatformPlugin\VideoOS.Platform\src\ConfigurationItems\Factory.cs:line 464&#xD;
MIP: Error: GetConfiguration (): CustomSetting not found for the given platformDefinitionId: e145597a-ecaf-40a1-99e6-14bb9d45a09e&#xD;
MIP: Error: ConfigurationApiItemWrapper (): ConfigAPI GetItem(): System.NotImplementedException, The method or operation is not implemented.&#xD;
MIP: Error: Factory.IsItemTypeSupported (): Exception source:      VideoOS.Platform.SDK.UnitTests&#xD;
Exception type:        System.NotImplementedException&#xD;
Exception message:     The method or operation is not implemented.&#xD;
Exception target site: GetItem&#xD;
   at VideoOS.Platform.SDKUnittest.EnvironmentTests.TestConfigurationClientService.GetItem(String path) in D:\actions-runner\_work\XPCO\XPCO\MIP\MIPSDK\tst\VideoOS.Platform.SDK.UnitTests\EnvironmentTests\TestsWithCorporateShimsBase.cs:line 227&#xD;
   at VideoOS.Platform.Proxy.ConfigApi.ConfigurationApiItemWrapper..ctor(ServerId serverId, String path) in D:\actions-runner\_work\XPCO\XPCO\MIP\PlatformPlugin\VideoOS.Platform\src\Proxy\ConfigApi\ConfigurationApiItemWrapper.cs:line 104&#xD;
   at VideoOS.Platform.ConfigurationItems.Factory.IsItemTypeSupported(ServerId serverId, String itemType) in D:\actions-runner\_work\XPCO\XPCO\MIP\PlatformPlugin\VideoOS.Platform\src\ConfigurationItems\Factory.cs:line 464&#xD;
&#xD;
Factory.IsItemTypeSupportedFactory.IsItemTypeSupported ()The method or operation is not implemented.   at VideoOS.Platform.SDKUnittest.EnvironmentTests.TestConfigurationClientService.GetItem(String path) in D:\actions-runner\_work\XPCO\XPCO\MIP\MIPSDK\tst\VideoOS.Platform.SDK.UnitTests\EnvironmentTests\TestsWithCorporateShimsBase.cs:line 227&#xD;
   at VideoOS.Platform.Proxy.ConfigApi.ConfigurationApiItemWrapper..ctor(ServerId serverId, String path) in D:\actions-runner\_work\XPCO\XPCO\MIP\PlatformPlugin\VideoOS.Platform\src\Proxy\ConfigApi\ConfigurationApiItemWrapper.cs:line 104&#xD;
   at VideoOS.Platform.ConfigurationItems.Factory.IsItemTypeSupported(ServerId serverId, String itemType) in D:\actions-runner\_work\XPCO\XPCO\MIP\PlatformPlugin\VideoOS.Platform\src\ConfigurationItems\Factory.cs:line 464&#xD;
MIP: Error: LoginServerOauth (): https://1.2.3.5:55/ManagementServer/ServerCommandServiceOAuth.svc The method or operation is not implemented.&#xD;
MIP: Error: ConfigurationApiItemWrapper (): ConfigAPI GetItem(): System.NotImplementedException, The method or operation is not implemented.&#xD;
MIP: Error: Factory.IsItemTypeSupported (): Exception source:      VideoOS.Platform.SDK.UnitTests&#xD;
Exception type:        System.NotImplementedException&#xD;
Exception message:     The method or operation is not implemented.&#xD;
Exception target site: GetItem&#xD;
   at VideoOS.Platform.SDKUnittest.EnvironmentTests.TestConfigurationClientService.GetItem(String path) in D:\actions-runner\_work\XPCO\XPCO\MIP\MIPSDK\tst\VideoOS.Platform.SDK.UnitTests\EnvironmentTests\TestsWithCorporateShimsBase.cs:line 227&#xD;
   at VideoOS.Platform.Proxy.ConfigApi.ConfigurationApiItemWrapper..ctor(ServerId serverId, String path) in D:\actions-runner\_work\XPCO\XPCO\MIP\PlatformPlugin\VideoOS.Platform\src\Proxy\ConfigApi\ConfigurationApiItemWrapper.cs:line 104&#xD;
   at VideoOS.Platform.ConfigurationItems.Factory.IsItemTypeSupported(ServerId serverId, String itemType) in D:\actions-runner\_work\XPCO\XPCO\MIP\PlatformPlugin\VideoOS.Platform\src\ConfigurationItems\Factory.cs:line 464&#xD;
&#xD;
Factory.IsItemTypeSupportedFactory.IsItemTypeSupported ()The method or operation is not implemented.   at VideoOS.Platform.SDKUnittest.EnvironmentTests.TestConfigurationClientService.GetItem(String path) in D:\actions-runner\_work\XPCO\XPCO\MIP\MIPSDK\tst\VideoOS.Platform.SDK.UnitTests\EnvironmentTests\TestsWithCorporateShimsBase.cs:line 227&#xD;
   at VideoOS.Platform.Proxy.ConfigApi.ConfigurationApiItemWrapper..ctor(ServerId serverId, String path) in D:\actions-runner\_work\XPCO\XPCO\MIP\PlatformPlugin\VideoOS.Platform\src\Proxy\ConfigApi\ConfigurationApiItemWrapper.cs:line 104&#xD;
   at VideoOS.Platform.ConfigurationItems.Factory.IsItemTypeSupported(ServerId serverId, String itemType) in D:\actions-runner\_work\XPCO\XPCO\MIP\PlatformPlugin\VideoOS.Platform\src\ConfigurationItems\Factory.cs:line 464&#xD;
MIP: Error: GetConfiguration (): CustomSetting not found for the given platformDefinitionId: e145597a-ecaf-40a1-99e6-14bb9d45a09e&#xD;
MIP: Error: ConfigurationApiItemWrapper (): ConfigAPI GetItem(): System.NotImplementedException, The method or operation is not implemented.&#xD;
MIP: Error: Factory.IsItemTypeSupported (): Exception source:      VideoOS.Platform.SDK.UnitTests&#xD;
Exception type:        System.NotImplementedException&#xD;
Exception message:     The method or operation is not implemented.&#xD;
Exception target site: GetItem&#xD;
   at VideoOS.Platform.SDKUnittest.EnvironmentTests.TestConfigurationClientService.GetItem(String path) in D:\actions-runner\_work\XPCO\XPCO\MIP\MIPSDK\tst\VideoOS.Platform.SDK.UnitTests\EnvironmentTests\TestsWithCorporateShimsBase.cs:line 227&#xD;
   at VideoOS.Platform.Proxy.ConfigApi.ConfigurationApiItemWrapper..ctor(ServerId serverId, String path) in D:\actions-runner\_work\XPCO\XPCO\MIP\PlatformPlugin\VideoOS.Platform\src\Proxy\ConfigApi\ConfigurationApiItemWrapper.cs:line 104&#xD;
   at VideoOS.Platform.ConfigurationItems.Factory.IsItemTypeSupported(ServerId serverId, String itemType) in D:\actions-runner\_work\XPCO\XPCO\MIP\PlatformPlugin\VideoOS.Platform\src\ConfigurationItems\Factory.cs:line 464&#xD;
&#xD;
Factory.IsItemTypeSupportedFactory.IsItemTypeSupported ()The method or operation is not implemented.   at VideoOS.Platform.SDKUnittest.EnvironmentTests.TestConfigurationClientService.GetItem(String path) in D:\actions-runner\_work\XPCO\XPCO\MIP\MIPSDK\tst\VideoOS.Platform.SDK.UnitTests\EnvironmentTests\TestsWithCorporateShimsBase.cs:line 227&#xD;
   at VideoOS.Platform.Proxy.ConfigApi.ConfigurationApiItemWrapper..ctor(ServerId serverId, String path) in D:\actions-runner\_work\XPCO\XPCO\MIP\PlatformPlugin\VideoOS.Platform\src\Proxy\ConfigApi\ConfigurationApiItemWrapper.cs:line 104&#xD;
   at VideoOS.Platform.ConfigurationItems.Factory.IsItemTypeSupported(ServerId serverId, String itemType) in D:\actions-runner\_work\XPCO\XPCO\MIP\PlatformPlugin\VideoOS.Platform\src\ConfigurationItems\Factory.cs:line 464&#xD;
MIP: Error: LoginServerOauth (): https://1.2.3.5:55/ManagementServer/ServerCommandServiceOAuth.svc The method or operation is not implemented.&#xD;
MIP: Error: ConfigurationApiItemWrapper (): ConfigAPI GetItem(): System.NotImplementedException, The method or operation is not implemented.&#xD;
MIP: Error: Factory.IsItemTypeSupported (): Exception source:      VideoOS.Platform.SDK.UnitTests&#xD;
Exception type:        System.NotImplementedException&#xD;
Exception message:     The method or operation is not implemented.&#xD;
Exception target site: GetItem&#xD;
   at VideoOS.Platform.SDKUnittest.EnvironmentTests.TestConfigurationClientService.GetItem(String path) in D:\actions-runner\_work\XPCO\XPCO\MIP\MIPSDK\tst\VideoOS.Platform.SDK.UnitTests\EnvironmentTests\TestsWithCorporateShimsBase.cs:line 227&#xD;
   at VideoOS.Platform.Proxy.ConfigApi.ConfigurationApiItemWrapper..ctor(ServerId serverId, String path) in D:\actions-runner\_work\XPCO\XPCO\MIP\PlatformPlugin\VideoOS.Platform\src\Proxy\ConfigApi\ConfigurationApiItemWrapper.cs:line 104&#xD;
   at VideoOS.Platform.ConfigurationItems.Factory.IsItemTypeSupported(ServerId serverId, String itemType) in D:\actions-runner\_work\XPCO\XPCO\MIP\PlatformPlugin\VideoOS.Platform\src\ConfigurationItems\Factory.cs:line 464&#xD;
&#xD;
Factory.IsItemTypeSupportedFactory.IsItemTypeSupported ()The method or operation is not implemented.   at VideoOS.Platform.SDKUnittest.EnvironmentTests.TestConfigurationClientService.GetItem(String path) in D:\actions-runner\_work\XPCO\XPCO\MIP\MIPSDK\tst\VideoOS.Platform.SDK.UnitTests\EnvironmentTests\TestsWithCorporateShimsBase.cs:line 227&#xD;
   at VideoOS.Platform.Proxy.ConfigApi.ConfigurationApiItemWrapper..ctor(ServerId serverId, String path) in D:\actions-runner\_work\XPCO\XPCO\MIP\PlatformPlugin\VideoOS.Platform\src\Proxy\ConfigApi\ConfigurationApiItemWrapper.cs:line 104&#xD;
   at VideoOS.Platform.ConfigurationItems.Factory.IsItemTypeSupported(ServerId serverId, String itemType) in D:\actions-runner\_work\XPCO\XPCO\MIP\PlatformPlugin\VideoOS.Platform\src\ConfigurationItems\Factory.cs:line 464&#xD;
MIP: Error: ConfigurationApiItemWrapper (): ConfigAPI GetItem(): System.NotImplementedException, The method or operation is not implemented.&#xD;
MIP: Error: Factory.IsItemTypeSupported (): Exception source:      VideoOS.Platform.SDK.UnitTests&#xD;
Exception type:        System.NotImplementedException&#xD;
Exception message:     The method or operation is not implemented.&#xD;
Exception target site: GetItem&#xD;
   at VideoOS.Platform.SDKUnittest.EnvironmentTests.TestConfigurationClientService.GetItem(String path) in D:\actions-runner\_work\XPCO\XPCO\MIP\MIPSDK\tst\VideoOS.Platform.SDK.UnitTests\EnvironmentTests\TestsWithCorporateShimsBase.cs:line 227&#xD;
   at VideoOS.Platform.Proxy.ConfigApi.ConfigurationApiItemWrapper..ctor(ServerId serverId, String path) in D:\actions-runner\_work\XPCO\XPCO\MIP\PlatformPlugin\VideoOS.Platform\src\Proxy\ConfigApi\ConfigurationApiItemWrapper.cs:line 104&#xD;
   at VideoOS.Platform.ConfigurationItems.Factory.IsItemTypeSupported(ServerId serverId, String itemType) in D:\actions-runner\_work\XPCO\XPCO\MIP\PlatformPlugin\VideoOS.Platform\src\ConfigurationItems\Factory.cs:line 464&#xD;
&#xD;
Factory.IsItemTypeSupportedFactory.IsItemTypeSupported ()The method or operation is not implemented.   at VideoOS.Platform.SDKUnittest.EnvironmentTests.TestConfigurationClientService.GetItem(String path) in D:\actions-runner\_work\XPCO\XPCO\MIP\MIPSDK\tst\VideoOS.Platform.SDK.UnitTests\EnvironmentTests\TestsWithCorporateShimsBase.cs:line 227&#xD;
   at VideoOS.Platform.Proxy.ConfigApi.ConfigurationApiItemWrapper..ctor(ServerId serverId, String path) in D:\actions-runner\_work\XPCO\XPCO\MIP\PlatformPlugin\VideoOS.Platform\src\Proxy\ConfigApi\ConfigurationApiItemWrapper.cs:line 104&#xD;
   at VideoOS.Platform.ConfigurationItems.Factory.IsItemTypeSupported(ServerId serverId, String itemType) in D:\actions-runner\_work\XPCO\XPCO\MIP\PlatformPlugin\VideoOS.Platform\src\ConfigurationItems\Factory.cs:line 464&#xD;
MIP: Error: LoginServerOauth (): https://1.2.3.5:55/ManagementServer/ServerCommandServiceOAuth.svc The method or operation is not implemented.&#xD;
MIP: Error: ConfigurationApiItemWrapper (): ConfigAPI GetItem(): System.NotImplementedException, The method or operation is not implemented.&#xD;
MIP: Error: Factory.IsItemTypeSupported (): Exception source:      VideoOS.Platform.SDK.UnitTests&#xD;
Exception type:        System.NotImplementedException&#xD;
Exception message:     The method or operation is not implemented.&#xD;
Exception target site: GetItem&#xD;
   at VideoOS.Platform.SDKUnittest.EnvironmentTests.TestConfigurationClientService.GetItem(String path) in D:\actions-runner\_work\XPCO\XPCO\MIP\MIPSDK\tst\VideoOS.Platform.SDK.UnitTests\EnvironmentTests\TestsWithCorporateShimsBase.cs:line 227&#xD;
   at VideoOS.Platform.Proxy.ConfigApi.ConfigurationApiItemWrapper..ctor(ServerId serverId, String path) in D:\actions-runner\_work\XPCO\XPCO\MIP\PlatformPlugin\VideoOS.Platform\src\Proxy\ConfigApi\ConfigurationApiItemWrapper.cs:line 104&#xD;
   at VideoOS.Platform.ConfigurationItems.Factory.IsItemTypeSupported(ServerId serverId, String itemType) in D:\actions-runner\_work\XPCO\XPCO\MIP\PlatformPlugin\VideoOS.Platform\src\ConfigurationItems\Factory.cs:line 464&#xD;
&#xD;
Factory.IsItemTypeSupportedFactory.IsItemTypeSupported ()The method or operation is not implemented.   at VideoOS.Platform.SDKUnittest.EnvironmentTests.TestConfigurationClientService.GetItem(String path) in D:\actions-runner\_work\XPCO\XPCO\MIP\MIPSDK\tst\VideoOS.Platform.SDK.UnitTests\EnvironmentTests\TestsWithCorporateShimsBase.cs:line 227&#xD;
   at VideoOS.Platform.Proxy.ConfigApi.ConfigurationApiItemWrapper..ctor(ServerId serverId, String path) in D:\actions-runner\_work\XPCO\XPCO\MIP\PlatformPlugin\VideoOS.Platform\src\Proxy\ConfigApi\ConfigurationApiItemWrapper.cs:line 104&#xD;
   at VideoOS.Platform.ConfigurationItems.Factory.IsItemTypeSupported(ServerId serverId, String itemType) in D:\actions-runner\_work\XPCO\XPCO\MIP\PlatformPlugin\VideoOS.Platform\src\ConfigurationItems\Factory.cs:line 464&#xD;
MIP: Error: GetConfiguration (): CustomSetting not found for the given platformDefinitionId: e145597a-ecaf-40a1-99e6-14bb9d45a09e&#xD;
MIP: Error: ConfigurationApiItemWrapper (): ConfigAPI GetItem(): System.NotImplementedException, The method or operation is not implemented.&#xD;
MIP: Error: Factory.IsItemTypeSupported (): Exception source:      VideoOS.Platform.SDK.UnitTests&#xD;
Exception type:        System.NotImplementedException&#xD;
Exception message:     The method or operation is not implemented.&#xD;
Exception target site: GetItem&#xD;
   at VideoOS.Platform.SDKUnittest.EnvironmentTests.TestConfigurationClientService.GetItem(String path) in D:\actions-runner\_work\XPCO\XPCO\MIP\MIPSDK\tst\VideoOS.Platform.SDK.UnitTests\EnvironmentTests\TestsWithCorporateShimsBase.cs:line 227&#xD;
   at VideoOS.Platform.Proxy.ConfigApi.ConfigurationApiItemWrapper..ctor(ServerId serverId, String path) in D:\actions-runner\_work\XPCO\XPCO\MIP\PlatformPlugin\VideoOS.Platform\src\Proxy\ConfigApi\ConfigurationApiItemWrapper.cs:line 104&#xD;
   at VideoOS.Platform.ConfigurationItems.Factory.IsItemTypeSupported(ServerId serverId, String itemType) in D:\actions-runner\_work\XPCO\XPCO\MIP\PlatformPlugin\VideoOS.Platform\src\ConfigurationItems\Factory.cs:line 464&#xD;
&#xD;
Factory.IsItemTypeSupportedFactory.IsItemTypeSupported ()The method or operation is not implemented.   at VideoOS.Platform.SDKUnittest.EnvironmentTests.TestConfigurationClientService.GetItem(String path) in D:\actions-runner\_work\XPCO\XPCO\MIP\MIPSDK\tst\VideoOS.Platform.SDK.UnitTests\EnvironmentTests\TestsWithCorporateShimsBase.cs:line 227&#xD;
   at VideoOS.Platform.Proxy.ConfigApi.ConfigurationApiItemWrapper..ctor(ServerId serverId, String path) in D:\actions-runner\_work\XPCO\XPCO\MIP\PlatformPlugin\VideoOS.Platform\src\Proxy\ConfigApi\ConfigurationApiItemWrapper.cs:line 104&#xD;
   at VideoOS.Platform.ConfigurationItems.Factory.IsItemTypeSupported(ServerId serverId, String itemType) in D:\actions-runner\_work\XPCO\XPCO\MIP\PlatformPlugin\VideoOS.Platform\src\ConfigurationItems\Factory.cs:line 464&#xD;
MIP: Error: LoginServerOauth (): https://1.2.3.5:55/ManagementServer/ServerCommandServiceOAuth.svc The method or operation is not implemented.&#xD;
MIP: Error: ConfigurationApiItemWrapper (): ConfigAPI GetItem(): System.NotImplementedException, The method or operation is not implemented.&#xD;
MIP: Error: Factory.IsItemTypeSupported (): Exception source:      VideoOS.Platform.SDK.UnitTests&#xD;
Exception type:        System.NotImplementedException&#xD;
Exception message:     The method or operation is not implemented.&#xD;
Exception target site: GetItem&#xD;
   at VideoOS.Platform.SDKUnittest.EnvironmentTests.TestConfigurationClientService.GetItem(String path) in D:\actions-runner\_work\XPCO\XPCO\MIP\MIPSDK\tst\VideoOS.Platform.SDK.UnitTests\EnvironmentTests\TestsWithCorporateShimsBase.cs:line 227&#xD;
   at VideoOS.Platform.Proxy.ConfigApi.ConfigurationApiItemWrapper..ctor(ServerId serverId, String path) in D:\actions-runner\_work\XPCO\XPCO\MIP\PlatformPlugin\VideoOS.Platform\src\Proxy\ConfigApi\ConfigurationApiItemWrapper.cs:line 104&#xD;
   at VideoOS.Platform.ConfigurationItems.Factory.IsItemTypeSupported(ServerId serverId, String itemType) in D:\actions-runner\_work\XPCO\XPCO\MIP\PlatformPlugin\VideoOS.Platform\src\ConfigurationItems\Factory.cs:line 464&#xD;
&#xD;
Factory.IsItemTypeSupportedFactory.IsItemTypeSupported ()The method or operation is not implemented.   at VideoOS.Platform.SDKUnittest.EnvironmentTests.TestConfigurationClientService.GetItem(String path) in D:\actions-runner\_work\XPCO\XPCO\MIP\MIPSDK\tst\VideoOS.Platform.SDK.UnitTests\EnvironmentTests\TestsWithCorporateShimsBase.cs:line 227&#xD;
   at VideoOS.Platform.Proxy.ConfigApi.ConfigurationApiItemWrapper..ctor(ServerId serverId, String path) in D:\actions-runner\_work\XPCO\XPCO\MIP\PlatformPlugin\VideoOS.Platform\src\Proxy\ConfigApi\ConfigurationApiItemWrapper.cs:line 104&#xD;
   at VideoOS.Platform.ConfigurationItems.Factory.IsItemTypeSupported(ServerId serverId, String itemType) in D:\actions-runner\_work\XPCO\XPCO\MIP\PlatformPlugin\VideoOS.Platform\src\ConfigurationItems\Factory.cs:line 464&#xD;
MIP: Error: ConfigurationApiItemWrapper (): ConfigAPI GetItem(): System.NotImplementedException, The method or operation is not implemented.&#xD;
MIP: Error: Factory.IsItemTypeSupported (): Exception source:      VideoOS.Platform.SDK.UnitTests&#xD;
Exception type:        System.NotImplementedException&#xD;
Exception message:     The method or operation is not implemented.&#xD;
Exception target site: GetItem&#xD;
   at VideoOS.Platform.SDKUnittest.EnvironmentTests.TestConfigurationClientService.GetItem(String path) in D:\actions-runner\_work\XPCO\XPCO\MIP\MIPSDK\tst\VideoOS.Platform.SDK.UnitTests\EnvironmentTests\TestsWithCorporateShimsBase.cs:line 227&#xD;
   at VideoOS.Platform.Proxy.ConfigApi.ConfigurationApiItemWrapper..ctor(ServerId serverId, String path) in D:\actions-runner\_work\XPCO\XPCO\MIP\PlatformPlugin\VideoOS.Platform\src\Proxy\ConfigApi\ConfigurationApiItemWrapper.cs:line 104&#xD;
   at VideoOS.Platform.ConfigurationItems.Factory.IsItemTypeSupported(ServerId serverId, String itemType) in D:\actions-runner\_work\XPCO\XPCO\MIP\PlatformPlugin\VideoOS.Platform\src\ConfigurationItems\Factory.cs:line 464&#xD;
&#xD;
Factory.IsItemTypeSupportedFactory.IsItemTypeSupported ()The method or operation is not implemented.   at VideoOS.Platform.SDKUnittest.EnvironmentTests.TestConfigurationClientService.GetItem(String path) in D:\actions-runner\_work\XPCO\XPCO\MIP\MIPSDK\tst\VideoOS.Platform.SDK.UnitTests\EnvironmentTests\TestsWithCorporateShimsBase.cs:line 227&#xD;
   at VideoOS.Platform.Proxy.ConfigApi.ConfigurationApiItemWrapper..ctor(ServerId serverId, String path) in D:\actions-runner\_work\XPCO\XPCO\MIP\PlatformPlugin\VideoOS.Platform\src\Proxy\ConfigApi\ConfigurationApiItemWrapper.cs:line 104&#xD;
   at VideoOS.Platform.ConfigurationItems.Factory.IsItemTypeSupported(ServerId serverId, String itemType) in D:\actions-runner\_work\XPCO\XPCO\MIP\PlatformPlugin\VideoOS.Platform\src\ConfigurationItems\Factory.cs:line 464&#xD;
MIP: Error: ConfigurationApiItemWrapper (): ConfigAPI GetItem(): System.NotImplementedException, The method or operation is not implemented.&#xD;
MIP: Error: Factory.IsItemTypeSupported (): Exception source:      VideoOS.Platform.SDK.UnitTests&#xD;
Exception type:        System.NotImplementedException&#xD;
Exception message:     The method or operation is not implemented.&#xD;
Exception target site: GetItem&#xD;
   at VideoOS.Platform.SDKUnittest.EnvironmentTests.TestConfigurationClientService.GetItem(String path) in D:\actions-runner\_work\XPCO\XPCO\MIP\MIPSDK\tst\VideoOS.Platform.SDK.UnitTests\EnvironmentTests\TestsWithCorporateShimsBase.cs:line 227&#xD;
   at VideoOS.Platform.Proxy.ConfigApi.ConfigurationApiItemWrapper..ctor(ServerId serverId, String path) in D:\actions-runner\_work\XPCO\XPCO\MIP\PlatformPlugin\VideoOS.Platform\src\Proxy\ConfigApi\ConfigurationApiItemWrapper.cs:line 104&#xD;
   at VideoOS.Platform.ConfigurationItems.Factory.IsItemTypeSupported(ServerId serverId, String itemType) in D:\actions-runner\_work\XPCO\XPCO\MIP\PlatformPlugin\VideoOS.Platform\src\ConfigurationItems\Factory.cs:line 464&#xD;
&#xD;
Factory.IsItemTypeSupportedFactory.IsItemTypeSupported ()The method or operation is not implemented.   at VideoOS.Platform.SDKUnittest.EnvironmentTests.TestConfigurationClientService.GetItem(String path) in D:\actions-runner\_work\XPCO\XPCO\MIP\MIPSDK\tst\VideoOS.Platform.SDK.UnitTests\EnvironmentTests\TestsWithCorporateShimsBase.cs:line 227&#xD;
   at VideoOS.Platform.Proxy.ConfigApi.ConfigurationApiItemWrapper..ctor(ServerId serverId, String path) in D:\actions-runner\_work\XPCO\XPCO\MIP\PlatformPlugin\VideoOS.Platform\src\Proxy\ConfigApi\ConfigurationApiItemWrapper.cs:line 104&#xD;
   at VideoOS.Platform.ConfigurationItems.Factory.IsItemTypeSupported(ServerId serverId, String itemType) in D:\actions-runner\_work\XPCO\XPCO\MIP\PlatformPlugin\VideoOS.Platform\src\ConfigurationItems\Factory.cs:line 464&#xD;
MIP: Error: ConfigurationApiItemWrapper (): ConfigAPI GetItem(): System.NotImplementedException, The method or operation is not implemented.&#xD;
MIP: Error: Factory.IsItemTypeSupported (): Exception source:      VideoOS.Platform.SDK.UnitTests&#xD;
Exception type:        System.NotImplementedException&#xD;
Exception message:     The method or operation is not implemented.&#xD;
Exception target site: GetItem&#xD;
   at VideoOS.Platform.SDKUnittest.EnvironmentTests.TestConfigurationClientService.GetItem(String path) in D:\actions-runner\_work\XPCO\XPCO\MIP\MIPSDK\tst\VideoOS.Platform.SDK.UnitTests\EnvironmentTests\TestsWithCorporateShimsBase.cs:line 227&#xD;
   at VideoOS.Platform.Proxy.ConfigApi.ConfigurationApiItemWrapper..ctor(ServerId serverId, String path) in D:\actions-runner\_work\XPCO\XPCO\MIP\PlatformPlugin\VideoOS.Platform\src\Proxy\ConfigApi\ConfigurationApiItemWrapper.cs:line 104&#xD;
   at VideoOS.Platform.ConfigurationItems.Factory.IsItemTypeSupported(ServerId serverId, String itemType) in D:\actions-runner\_work\XPCO\XPCO\MIP\PlatformPlugin\VideoOS.Platform\src\ConfigurationItems\Factory.cs:line 464&#xD;
&#xD;
Factory.IsItemTypeSupportedFactory.IsItemTypeSupported ()The method or operation is not implemented.   at VideoOS.Platform.SDKUnittest.EnvironmentTests.TestConfigurationClientService.GetItem(String path) in D:\actions-runner\_work\XPCO\XPCO\MIP\MIPSDK\tst\VideoOS.Platform.SDK.UnitTests\EnvironmentTests\TestsWithCorporateShimsBase.cs:line 227&#xD;
   at VideoOS.Platform.Proxy.ConfigApi.ConfigurationApiItemWrapper..ctor(ServerId serverId, String path) in D:\actions-runner\_work\XPCO\XPCO\MIP\PlatformPlugin\VideoOS.Platform\src\Proxy\ConfigApi\ConfigurationApiItemWrapper.cs:line 104&#xD;
   at VideoOS.Platform.ConfigurationItems.Factory.IsItemTypeSupported(ServerId serverId, String itemType) in D:\actions-runner\_work\XPCO\XPCO\MIP\PlatformPlugin\VideoOS.Platform\src\ConfigurationItems\Factory.cs:line 464&#xD;
MIP: Error: ConfigurationApiItemWrapper (): ConfigAPI GetItem(): System.NotImplementedException, The method or operation is not implemented.&#xD;
MIP: Error: Factory.IsItemTypeSupported (): Exception source:      VideoOS.Platform.SDK.UnitTests&#xD;
Exception type:        System.NotImplementedException&#xD;
Exception message:     The method or operation is not implemented.&#xD;
Exception target site: GetItem&#xD;
   at VideoOS.Platform.SDKUnittest.EnvironmentTests.TestConfigurationClientService.GetItem(String path) in D:\actions-runner\_work\XPCO\XPCO\MIP\MIPSDK\tst\VideoOS.Platform.SDK.UnitTests\EnvironmentTests\TestsWithCorporateShimsBase.cs:line 227&#xD;
   at VideoOS.Platform.Proxy.ConfigApi.ConfigurationApiItemWrapper..ctor(ServerId serverId, String path) in D:\actions-runner\_work\XPCO\XPCO\MIP\PlatformPlugin\VideoOS.Platform\src\Proxy\ConfigApi\ConfigurationApiItemWrapper.cs:line 104&#xD;
   at VideoOS.Platform.ConfigurationItems.Factory.IsItemTypeSupported(ServerId serverId, String itemType) in D:\actions-runner\_work\XPCO\XPCO\MIP\PlatformPlugin\VideoOS.Platform\src\ConfigurationItems\Factory.cs:line 464&#xD;
&#xD;
Factory.IsItemTypeSupportedFactory.IsItemTypeSupported ()The method or operation is not implemented.   at VideoOS.Platform.SDKUnittest.EnvironmentTests.TestConfigurationClientService.GetItem(String path) in D:\actions-runner\_work\XPCO\XPCO\MIP\MIPSDK\tst\VideoOS.Platform.SDK.UnitTests\EnvironmentTests\TestsWithCorporateShimsBase.cs:line 227&#xD;
   at VideoOS.Platform.Proxy.ConfigApi.ConfigurationApiItemWrapper..ctor(ServerId serverId, String path) in D:\actions-runner\_work\XPCO\XPCO\MIP\PlatformPlugin\VideoOS.Platform\src\Proxy\ConfigApi\ConfigurationApiItemWrapper.cs:line 104&#xD;
   at VideoOS.Platform.ConfigurationItems.Factory.IsItemTypeSupported(ServerId serverId, String itemType) in D:\actions-runner\_work\XPCO\XPCO\MIP\PlatformPlugin\VideoOS.Platform\src\ConfigurationItems\Factory.cs:line 464</StdOut>
      </Output>
    </UnitTestResult>
    <UnitTestResult executionId="4cd96146-3205-4ca1-ac13-5082b9ecd35e" testId="486bf095-ef80-8760-1ed9-25c366babe7b" testName="Given_Connected_When_ResumeSessionUnsuccessful_Then_NoSuccessAndNewSessionIdIsReturned" computerName="DKSR-EFI-04" duration="00:00:00.0022024" startTime="2023-12-22T09:36:55.1749540+01:00" endTime="2023-12-22T09:36:55.1773966+01:00" testType="13cdc9d9-ddb5-4fa4-a97d-d965ccfc6d4b" outcome="Passed" testListId="8c84fa94-04c1-424b-9868-57a2d4851a1d" relativeResultsDirectory="4cd96146-3205-4ca1-ac13-5082b9ecd35e" />
    <UnitTestResult executionId="d13b6ff8-8dc0-4de4-941a-3579ec91b852" testId="e630de82-fafd-ad10-afe7-e93e9dd1df87" testName="CheckBaseTime1970FromDouble" computerName="DKSR-EFI-04" duration="00:00:00.0444912" startTime="2023-12-22T09:36:54.7732909+01:00" endTime="2023-12-22T09:36:54.8182273+01:00" testType="13cdc9d9-ddb5-4fa4-a97d-d965ccfc6d4b" outcome="Passed" testListId="8c84fa94-04c1-424b-9868-57a2d4851a1d" relativeResultsDirectory="d13b6ff8-8dc0-4de4-941a-3579ec91b852" />
    <UnitTestResult executionId="d1bbf913-66c0-4eff-a1ae-82105640b8db" testId="425d7606-d05b-43b7-5f3e-aef51500fc4a" testName="Init_Success" computerName="DKSR-EFI-04" duration="00:00:00.3272394" startTime="2023-12-22T09:36:52.2840291+01:00" endTime="2023-12-22T09:36:52.6354483+01:00" testType="13cdc9d9-ddb5-4fa4-a97d-d965ccfc6d4b" outcome="Passed" testListId="8c84fa94-04c1-424b-9868-57a2d4851a1d" relativeResultsDirectory="d1bbf913-66c0-4eff-a1ae-82105640b8db" />
    <UnitTestResult executionId="35126e0b-390d-4fee-973c-a602cb31b4ca" testId="23b8a97d-73db-ca9d-ee8d-e27bad17d5d3" testName="Given_Nothing_When_AMessageCannotBeParsed_Then_ItIsLoggedAsWarning" computerName="DKSR-EFI-04" duration="00:00:00.0037917" startTime="2023-12-22T09:36:55.0865491+01:00" endTime="2023-12-22T09:36:55.0906108+01:00" testType="13cdc9d9-ddb5-4fa4-a97d-d965ccfc6d4b" outcome="Passed" testListId="8c84fa94-04c1-424b-9868-57a2d4851a1d" relativeResultsDirectory="35126e0b-390d-4fee-973c-a602cb31b4ca" />
    <UnitTestResult executionId="705bb12f-f5a8-416d-8cb0-a2f0619684e0" testId="7fe1ef40-9ce0-1e32-d490-dcfb0a7df207" testName="XpcoMultiLoginLoadConfiguration" computerName="DKSR-EFI-04" duration="00:00:00.4112914" startTime="2023-12-22T09:36:58.1611676+01:00" endTime="2023-12-22T09:36:58.5727135+01:00" testType="13cdc9d9-ddb5-4fa4-a97d-d965ccfc6d4b" outcome="Passed" testListId="8c84fa94-04c1-424b-9868-57a2d4851a1d" relativeResultsDirectory="705bb12f-f5a8-416d-8cb0-a2f0619684e0">
      <Output>
        <StdOut>Debug Trace:&#xD;
TopLevelControl returns null. PostMessage may have problems&#xD;
MIP: Error: LicenseManager (): Login settings not found. EnvironmentType: Standalone&#xD;
MIP: Error: License Load (): Exception source:      VideoOS.Platform&#xD;
Exception type:        VideoOS.Platform.MIPException&#xD;
Exception message:     Login settings not found.&#xD;
Exception target site: GetCompatibilityHandler&#xD;
   at VideoOS.Platform.License.LicenseManager.GetCompatibilityHandler() in D:\actions-runner\_work\XPCO\XPCO\MIP\PlatformPlugin\VideoOS.Platform\src\License\LicenseManager.Internal.cs:line 565&#xD;
   at VideoOS.Platform.License.LicenseManager.LoadLicenseInformation() in D:\actions-runner\_work\XPCO\XPCO\MIP\PlatformPlugin\VideoOS.Platform\src\License\LicenseManager.Internal.cs:line 75&#xD;
&#xD;
License LoadLicense Load ()Login settings not found.   at VideoOS.Platform.License.LicenseManager.GetCompatibilityHandler() in D:\actions-runner\_work\XPCO\XPCO\MIP\PlatformPlugin\VideoOS.Platform\src\License\LicenseManager.Internal.cs:line 565&#xD;
   at VideoOS.Platform.License.LicenseManager.LoadLicenseInformation() in D:\actions-runner\_work\XPCO\XPCO\MIP\PlatformPlugin\VideoOS.Platform\src\License\LicenseManager.Internal.cs:line 75</StdOut>
      </Output>
    </UnitTestResult>
    <UnitTestResult executionId="3577c8ab-58c1-417a-8f91-d50093e15619" testId="346fbfa0-3649-8251-d8d1-a07b030b1578" testName="Given_Connected_When_CreateSessionTimesOut_Then_AnExceptionIsThrown" computerName="DKSR-EFI-04" duration="00:00:00.0023373" startTime="2023-12-22T09:36:55.1781400+01:00" endTime="2023-12-22T09:36:55.1807261+01:00" testType="13cdc9d9-ddb5-4fa4-a97d-d965ccfc6d4b" outcome="Passed" testListId="8c84fa94-04c1-424b-9868-57a2d4851a1d" relativeResultsDirectory="3577c8ab-58c1-417a-8f91-d50093e15619" />
    <UnitTestResult executionId="4ca32922-dd60-4614-bf57-4427d7c7bf52" testId="ca527ff0-e8d3-ed62-5f44-c8e5eb7d34bb" testName="Free_ShouldDoNothing_WhenAudioRecorderIsNotInitialized" computerName="DKSR-EFI-04" duration="00:00:00.0005685" startTime="2023-12-22T09:37:15.9765312+01:00" endTime="2023-12-22T09:37:15.9773250+01:00" testType="13cdc9d9-ddb5-4fa4-a97d-d965ccfc6d4b" outcome="Passed" testListId="8c84fa94-04c1-424b-9868-57a2d4851a1d" relativeResultsDirectory="4ca32922-dd60-4614-bf57-4427d7c7bf52" />
    <UnitTestResult executionId="f1fd6909-c26f-448b-8fa1-efb814fe4baf" testId="0692d415-cb51-e036-3177-b14298f4c3a2" testName="StopRecording_ShouldDoNothing_WhenRecordingIsAlreadyStopped" computerName="DKSR-EFI-04" duration="00:00:00.0010317" startTime="2023-12-22T09:37:15.9746188+01:00" endTime="2023-12-22T09:37:15.9758589+01:00" testType="13cdc9d9-ddb5-4fa4-a97d-d965ccfc6d4b" outcome="Passed" testListId="8c84fa94-04c1-424b-9868-57a2d4851a1d" relativeResultsDirectory="f1fd6909-c26f-448b-8fa1-efb814fe4baf" />
    <UnitTestResult executionId="7fd6313a-c59a-4d5d-8823-f77be1eb3275" testId="892ffa70-f349-35d4-9ae8-df9e08b6a0a5" testName="MergeCredentialCache_WhenException_Logs" computerName="DKSR-EFI-04" duration="00:00:00.0036390" startTime="2023-12-22T09:36:54.7236782+01:00" endTime="2023-12-22T09:36:54.7275200+01:00" testType="13cdc9d9-ddb5-4fa4-a97d-d965ccfc6d4b" outcome="Passed" testListId="8c84fa94-04c1-424b-9868-57a2d4851a1d" relativeResultsDirectory="7fd6313a-c59a-4d5d-8823-f77be1eb3275" />
    <UnitTestResult executionId="c11d2c1f-3406-43ff-afc3-4f4bca8141a4" testId="d389fe94-fff2-4d0c-61e3-1873fab89725" testName="ReloadConfiguration_WhenServerIdNull_NotCallRefreshServer" computerName="DKSR-EFI-04" duration="00:00:00.0013984" startTime="2023-12-22T09:36:52.7179977+01:00" endTime="2023-12-22T09:36:52.7195192+01:00" testType="13cdc9d9-ddb5-4fa4-a97d-d965ccfc6d4b" outcome="Passed" testListId="8c84fa94-04c1-424b-9868-57a2d4851a1d" relativeResultsDirectory="c11d2c1f-3406-43ff-afc3-4f4bca8141a4" />
    <UnitTestResult executionId="8b2db78f-52f2-4bc8-aff8-9a9caa68ee7e" testId="ed60ffe8-498e-b9e0-cb5e-701cf0899e33" testName="AddServer_WithCredentialCache_Correct" computerName="DKSR-EFI-04" duration="00:00:00.0426986" startTime="2023-12-22T09:36:52.8667372+01:00" endTime="2023-12-22T09:36:52.9096019+01:00" testType="13cdc9d9-ddb5-4fa4-a97d-d965ccfc6d4b" outcome="Passed" testListId="8c84fa94-04c1-424b-9868-57a2d4851a1d" relativeResultsDirectory="8b2db78f-52f2-4bc8-aff8-9a9caa68ee7e" />
    <UnitTestResult executionId="f6e86a9e-2cb6-45b0-8907-be97d542d137" testId="56497288-6a33-5a75-f21c-09bd940b969b" testName="XpcoSiteInfoUriCorrectServerType" computerName="DKSR-EFI-04" duration="00:00:00.0248155" startTime="2023-12-22T09:36:59.3390703+01:00" endTime="2023-12-22T09:36:59.3641756+01:00" testType="13cdc9d9-ddb5-4fa4-a97d-d965ccfc6d4b" outcome="Passed" testListId="8c84fa94-04c1-424b-9868-57a2d4851a1d" relativeResultsDirectory="f6e86a9e-2cb6-45b0-8907-be97d542d137" />
    <UnitTestResult executionId="e0d87469-5da5-4740-91ba-fb617fb1a63e" testId="8ffc533e-dbe2-a04a-622a-b6eb34e0e1a2" testName="XpcoSiteInfoUri" computerName="DKSR-EFI-04" duration="00:00:00.0474464" startTime="2023-12-22T09:36:58.5734650+01:00" endTime="2023-12-22T09:36:58.6211630+01:00" testType="13cdc9d9-ddb5-4fa4-a97d-d965ccfc6d4b" outcome="Passed" testListId="8c84fa94-04c1-424b-9868-57a2d4851a1d" relativeResultsDirectory="e0d87469-5da5-4740-91ba-fb617fb1a63e" />
    <UnitTestResult executionId="dcb1f7d7-ab95-48fb-ba90-2fe04d3af147" testId="48cf9cec-86cd-b055-9df4-4490d5d29676" testName="XpcoSiteInfoUriNoSuccessBasic" computerName="DKSR-EFI-04" duration="00:00:00.3293996" startTime="2023-12-22T09:36:59.0085436+01:00" endTime="2023-12-22T09:36:59.3382521+01:00" testType="13cdc9d9-ddb5-4fa4-a97d-d965ccfc6d4b" outcome="Passed" testListId="8c84fa94-04c1-424b-9868-57a2d4851a1d" relativeResultsDirectory="dcb1f7d7-ab95-48fb-ba90-2fe04d3af147">
      <Output>
        <StdOut>Debug Trace:&#xD;
12/22/2023 9:36:59 AMFindBestAddress - Start for: https://4.4.4.4:55/, type=XPCO&#xD;
12/22/2023 9:36:59 AMFindBestAddress - Start for: http://4.4.4.4:55/, type=XPCO&#xD;
ConnectionCheck:http://4.4.4.4:55/  :The method or operation is not implemented.&#xD;
ConnectionCheck:https://4.4.4.4:55/  :The method or operation is not implemented.&#xD;
ConnectionCheck for:http://4.4.4.4:55/, Took:213ms&#xD;
ConnectionCheck for:https://4.4.4.4:55/, Took:214ms&#xD;
12/22/2023 9:36:59 AMFindBestAddress - End for: http://4.4.4.4:55/, type=XPCO&#xD;
12/22/2023 9:36:59 AMFindBestAddress - End for: https://4.4.4.4:55/, type=XPCO&#xD;
MIP: Error: FindBestAddress (): No server found on address: http://4.4.4.4:55/&#xD;
ConstructLoginServer: Unable to identify server type:4.4.4.4</StdOut>
      </Output>
    </UnitTestResult>
    <UnitTestResult executionId="bc3ff270-869a-4370-9ad5-4cf89906a7d7" testId="4df6750c-aff6-44b1-13dd-4de227a8986b" testName="InitializeUnitializeInitialize_ShouldCallServiceInitTwice" computerName="DKSR-EFI-04" duration="00:00:00.0021654" startTime="2023-12-22T09:36:53.2307959+01:00" endTime="2023-12-22T09:36:53.2330748+01:00" testType="13cdc9d9-ddb5-4fa4-a97d-d965ccfc6d4b" outcome="Passed" testListId="8c84fa94-04c1-424b-9868-57a2d4851a1d" relativeResultsDirectory="bc3ff270-869a-4370-9ad5-4cf89906a7d7" />
    <UnitTestResult executionId="902bb044-b6ca-4311-b269-627e0595a4f5" testId="00962e3e-83d9-46ce-082c-5ce3071a9a13" testName="StartRecording_ShouldStartRecording_WhenRecordingIsStopped" computerName="DKSR-EFI-04" duration="00:00:00.0018336" startTime="2023-12-22T09:37:15.9660125+01:00" endTime="2023-12-22T09:37:15.9680672+01:00" testType="13cdc9d9-ddb5-4fa4-a97d-d965ccfc6d4b" outcome="Passed" testListId="8c84fa94-04c1-424b-9868-57a2d4851a1d" relativeResultsDirectory="902bb044-b6ca-4311-b269-627e0595a4f5" />
    <UnitTestResult executionId="03a54b9f-2a41-484f-aef7-0d80783b68ac" testId="f9063bff-e7ba-c028-46f9-189d14a707c0" testName="Logout_Success" computerName="DKSR-EFI-04" duration="00:00:00.0150170" startTime="2023-12-22T09:36:52.8250378+01:00" endTime="2023-12-22T09:36:52.8402322+01:00" testType="13cdc9d9-ddb5-4fa4-a97d-d965ccfc6d4b" outcome="Passed" testListId="8c84fa94-04c1-424b-9868-57a2d4851a1d" relativeResultsDirectory="03a54b9f-2a41-484f-aef7-0d80783b68ac" />
    <UnitTestResult executionId="41110a4a-9420-4450-ac15-76ae5299adcc" testId="24f8123c-e826-303b-a65a-9364447f6890" testName="XpcoMultiUserLoginSingleServer" computerName="DKSR-EFI-04" duration="00:00:01.0857759" startTime="2023-12-22T09:37:05.3855018+01:00" endTime="2023-12-22T09:37:06.4715584+01:00" testType="13cdc9d9-ddb5-4fa4-a97d-d965ccfc6d4b" outcome="Passed" testListId="8c84fa94-04c1-424b-9868-57a2d4851a1d" relativeResultsDirectory="41110a4a-9420-4450-ac15-76ae5299adcc">
      <Output>
        <StdOut>Debug Trace:&#xD;
TopLevelControl returns null. PostMessage may have problems&#xD;
MIP: Error: ConfigurationApiItemWrapper (): ConfigAPI GetItem(): System.NotImplementedException, The method or operation is not implemented.&#xD;
MIP: Error: Factory.IsItemTypeSupported (): Exception source:      VideoOS.Platform.SDK.UnitTests&#xD;
Exception type:        System.NotImplementedException&#xD;
Exception message:     The method or operation is not implemented.&#xD;
Exception target site: GetItem&#xD;
   at VideoOS.Platform.SDKUnittest.EnvironmentTests.TestConfigurationClientService.GetItem(String path) in D:\actions-runner\_work\XPCO\XPCO\MIP\MIPSDK\tst\VideoOS.Platform.SDK.UnitTests\EnvironmentTests\TestsWithCorporateShimsBase.cs:line 227&#xD;
   at VideoOS.Platform.Proxy.ConfigApi.ConfigurationApiItemWrapper..ctor(ServerId serverId, String path) in D:\actions-runner\_work\XPCO\XPCO\MIP\PlatformPlugin\VideoOS.Platform\src\Proxy\ConfigApi\ConfigurationApiItemWrapper.cs:line 104&#xD;
   at VideoOS.Platform.ConfigurationItems.Factory.IsItemTypeSupported(ServerId serverId, String itemType) in D:\actions-runner\_work\XPCO\XPCO\MIP\PlatformPlugin\VideoOS.Platform\src\ConfigurationItems\Factory.cs:line 464&#xD;
&#xD;
Factory.IsItemTypeSupportedFactory.IsItemTypeSupported ()The method or operation is not implemented.   at VideoOS.Platform.SDKUnittest.EnvironmentTests.TestConfigurationClientService.GetItem(String path) in D:\actions-runner\_work\XPCO\XPCO\MIP\MIPSDK\tst\VideoOS.Platform.SDK.UnitTests\EnvironmentTests\TestsWithCorporateShimsBase.cs:line 227&#xD;
   at VideoOS.Platform.Proxy.ConfigApi.ConfigurationApiItemWrapper..ctor(ServerId serverId, String path) in D:\actions-runner\_work\XPCO\XPCO\MIP\PlatformPlugin\VideoOS.Platform\src\Proxy\ConfigApi\ConfigurationApiItemWrapper.cs:line 104&#xD;
   at VideoOS.Platform.ConfigurationItems.Factory.IsItemTypeSupported(ServerId serverId, String itemType) in D:\actions-runner\_work\XPCO\XPCO\MIP\PlatformPlugin\VideoOS.Platform\src\ConfigurationItems\Factory.cs:line 464&#xD;
MIP: Error: GetConfiguration (): CustomSetting not found for the given platformDefinitionId: e145597a-ecaf-40a1-99e6-14bb9d45a09e&#xD;
MIP: Error: ConfigurationApiItemWrapper (): ConfigAPI GetItem(): System.NotImplementedException, The method or operation is not implemented.&#xD;
MIP: Error: Factory.IsItemTypeSupported (): Exception source:      VideoOS.Platform.SDK.UnitTests&#xD;
Exception type:        System.NotImplementedException&#xD;
Exception message:     The method or operation is not implemented.&#xD;
Exception target site: GetItem&#xD;
   at VideoOS.Platform.SDKUnittest.EnvironmentTests.TestConfigurationClientService.GetItem(String path) in D:\actions-runner\_work\XPCO\XPCO\MIP\MIPSDK\tst\VideoOS.Platform.SDK.UnitTests\EnvironmentTests\TestsWithCorporateShimsBase.cs:line 227&#xD;
   at VideoOS.Platform.Proxy.ConfigApi.ConfigurationApiItemWrapper..ctor(ServerId serverId, String path) in D:\actions-runner\_work\XPCO\XPCO\MIP\PlatformPlugin\VideoOS.Platform\src\Proxy\ConfigApi\ConfigurationApiItemWrapper.cs:line 104&#xD;
   at VideoOS.Platform.ConfigurationItems.Factory.IsItemTypeSupported(ServerId serverId, String itemType) in D:\actions-runner\_work\XPCO\XPCO\MIP\PlatformPlugin\VideoOS.Platform\src\ConfigurationItems\Factory.cs:line 464&#xD;
&#xD;
Factory.IsItemTypeSupportedFactory.IsItemTypeSupported ()The method or operation is not implemented.   at VideoOS.Platform.SDKUnittest.EnvironmentTests.TestConfigurationClientService.GetItem(String path) in D:\actions-runner\_work\XPCO\XPCO\MIP\MIPSDK\tst\VideoOS.Platform.SDK.UnitTests\EnvironmentTests\TestsWithCorporateShimsBase.cs:line 227&#xD;
   at VideoOS.Platform.Proxy.ConfigApi.ConfigurationApiItemWrapper..ctor(ServerId serverId, String path) in D:\actions-runner\_work\XPCO\XPCO\MIP\PlatformPlugin\VideoOS.Platform\src\Proxy\ConfigApi\ConfigurationApiItemWrapper.cs:line 104&#xD;
   at VideoOS.Platform.ConfigurationItems.Factory.IsItemTypeSupported(ServerId serverId, String itemType) in D:\actions-runner\_work\XPCO\XPCO\MIP\PlatformPlugin\VideoOS.Platform\src\ConfigurationItems\Factory.cs:line 464&#xD;
MIP: Error: LoginServerOauth (): https://1.2.3.5:55/ManagementServer/ServerCommandServiceOAuth.svc The method or operation is not implemented.&#xD;
MIP: Error: ConfigurationApiItemWrapper (): ConfigAPI GetItem(): System.NotImplementedException, The method or operation is not implemented.&#xD;
MIP: Error: Factory.IsItemTypeSupported (): Exception source:      VideoOS.Platform.SDK.UnitTests&#xD;
Exception type:        System.NotImplementedException&#xD;
Exception message:     The method or operation is not implemented.&#xD;
Exception target site: GetItem&#xD;
   at VideoOS.Platform.SDKUnittest.EnvironmentTests.TestConfigurationClientService.GetItem(String path) in D:\actions-runner\_work\XPCO\XPCO\MIP\MIPSDK\tst\VideoOS.Platform.SDK.UnitTests\EnvironmentTests\TestsWithCorporateShimsBase.cs:line 227&#xD;
   at VideoOS.Platform.Proxy.ConfigApi.ConfigurationApiItemWrapper..ctor(ServerId serverId, String path) in D:\actions-runner\_work\XPCO\XPCO\MIP\PlatformPlugin\VideoOS.Platform\src\Proxy\ConfigApi\ConfigurationApiItemWrapper.cs:line 104&#xD;
   at VideoOS.Platform.ConfigurationItems.Factory.IsItemTypeSupported(ServerId serverId, String itemType) in D:\actions-runner\_work\XPCO\XPCO\MIP\PlatformPlugin\VideoOS.Platform\src\ConfigurationItems\Factory.cs:line 464&#xD;
&#xD;
Factory.IsItemTypeSupportedFactory.IsItemTypeSupported ()The method or operation is not implemented.   at VideoOS.Platform.SDKUnittest.EnvironmentTests.TestConfigurationClientService.GetItem(String path) in D:\actions-runner\_work\XPCO\XPCO\MIP\MIPSDK\tst\VideoOS.Platform.SDK.UnitTests\EnvironmentTests\TestsWithCorporateShimsBase.cs:line 227&#xD;
   at VideoOS.Platform.Proxy.ConfigApi.ConfigurationApiItemWrapper..ctor(ServerId serverId, String path) in D:\actions-runner\_work\XPCO\XPCO\MIP\PlatformPlugin\VideoOS.Platform\src\Proxy\ConfigApi\ConfigurationApiItemWrapper.cs:line 104&#xD;
   at VideoOS.Platform.ConfigurationItems.Factory.IsItemTypeSupported(ServerId serverId, String itemType) in D:\actions-runner\_work\XPCO\XPCO\MIP\PlatformPlugin\VideoOS.Platform\src\ConfigurationItems\Factory.cs:line 464&#xD;
MIP: Error: GetConfiguration (): CustomSetting not found for the given platformDefinitionId: e145597a-ecaf-40a1-99e6-14bb9d45a09e&#xD;
MIP: Error: ConfigurationApiItemWrapper (): ConfigAPI GetItem(): System.NotImplementedException, The method or operation is not implemented.&#xD;
MIP: Error: Factory.IsItemTypeSupported (): Exception source:      VideoOS.Platform.SDK.UnitTests&#xD;
Exception type:        System.NotImplementedException&#xD;
Exception message:     The method or operation is not implemented.&#xD;
Exception target site: GetItem&#xD;
   at VideoOS.Platform.SDKUnittest.EnvironmentTests.TestConfigurationClientService.GetItem(String path) in D:\actions-runner\_work\XPCO\XPCO\MIP\MIPSDK\tst\VideoOS.Platform.SDK.UnitTests\EnvironmentTests\TestsWithCorporateShimsBase.cs:line 227&#xD;
   at VideoOS.Platform.Proxy.ConfigApi.ConfigurationApiItemWrapper..ctor(ServerId serverId, String path) in D:\actions-runner\_work\XPCO\XPCO\MIP\PlatformPlugin\VideoOS.Platform\src\Proxy\ConfigApi\ConfigurationApiItemWrapper.cs:line 104&#xD;
   at VideoOS.Platform.ConfigurationItems.Factory.IsItemTypeSupported(ServerId serverId, String itemType) in D:\actions-runner\_work\XPCO\XPCO\MIP\PlatformPlugin\VideoOS.Platform\src\ConfigurationItems\Factory.cs:line 464&#xD;
&#xD;
Factory.IsItemTypeSupportedFactory.IsItemTypeSupported ()The method or operation is not implemented.   at VideoOS.Platform.SDKUnittest.EnvironmentTests.TestConfigurationClientService.GetItem(String path) in D:\actions-runner\_work\XPCO\XPCO\MIP\MIPSDK\tst\VideoOS.Platform.SDK.UnitTests\EnvironmentTests\TestsWithCorporateShimsBase.cs:line 227&#xD;
   at VideoOS.Platform.Proxy.ConfigApi.ConfigurationApiItemWrapper..ctor(ServerId serverId, String path) in D:\actions-runner\_work\XPCO\XPCO\MIP\PlatformPlugin\VideoOS.Platform\src\Proxy\ConfigApi\ConfigurationApiItemWrapper.cs:line 104&#xD;
   at VideoOS.Platform.ConfigurationItems.Factory.IsItemTypeSupported(ServerId serverId, String itemType) in D:\actions-runner\_work\XPCO\XPCO\MIP\PlatformPlugin\VideoOS.Platform\src\ConfigurationItems\Factory.cs:line 464&#xD;
MIP: Error: LoginServerOauth (): https://1.2.3.5:55/ManagementServer/ServerCommandServiceOAuth.svc The method or operation is not implemented.&#xD;
MIP: Error: ConfigurationApiItemWrapper (): ConfigAPI GetItem(): System.NotImplementedException, The method or operation is not implemented.&#xD;
MIP: Error: Factory.IsItemTypeSupported (): Exception source:      VideoOS.Platform.SDK.UnitTests&#xD;
Exception type:        System.NotImplementedException&#xD;
Exception message:     The method or operation is not implemented.&#xD;
Exception target site: GetItem&#xD;
   at VideoOS.Platform.SDKUnittest.EnvironmentTests.TestConfigurationClientService.GetItem(String path) in D:\actions-runner\_work\XPCO\XPCO\MIP\MIPSDK\tst\VideoOS.Platform.SDK.UnitTests\EnvironmentTests\TestsWithCorporateShimsBase.cs:line 227&#xD;
   at VideoOS.Platform.Proxy.ConfigApi.ConfigurationApiItemWrapper..ctor(ServerId serverId, String path) in D:\actions-runner\_work\XPCO\XPCO\MIP\PlatformPlugin\VideoOS.Platform\src\Proxy\ConfigApi\ConfigurationApiItemWrapper.cs:line 104&#xD;
   at VideoOS.Platform.ConfigurationItems.Factory.IsItemTypeSupported(ServerId serverId, String itemType) in D:\actions-runner\_work\XPCO\XPCO\MIP\PlatformPlugin\VideoOS.Platform\src\ConfigurationItems\Factory.cs:line 464&#xD;
&#xD;
Factory.IsItemTypeSupportedFactory.IsItemTypeSupported ()The method or operation is not implemented.   at VideoOS.Platform.SDKUnittest.EnvironmentTests.TestConfigurationClientService.GetItem(String path) in D:\actions-runner\_work\XPCO\XPCO\MIP\MIPSDK\tst\VideoOS.Platform.SDK.UnitTests\EnvironmentTests\TestsWithCorporateShimsBase.cs:line 227&#xD;
   at VideoOS.Platform.Proxy.ConfigApi.ConfigurationApiItemWrapper..ctor(ServerId serverId, String path) in D:\actions-runner\_work\XPCO\XPCO\MIP\PlatformPlugin\VideoOS.Platform\src\Proxy\ConfigApi\ConfigurationApiItemWrapper.cs:line 104&#xD;
   at VideoOS.Platform.ConfigurationItems.Factory.IsItemTypeSupported(ServerId serverId, String itemType) in D:\actions-runner\_work\XPCO\XPCO\MIP\PlatformPlugin\VideoOS.Platform\src\ConfigurationItems\Factory.cs:line 464&#xD;
MIP: Error: ConfigurationApiItemWrapper (): ConfigAPI GetItem(): System.NotImplementedException, The method or operation is not implemented.&#xD;
MIP: Error: Factory.IsItemTypeSupported (): Exception source:      VideoOS.Platform.SDK.UnitTests&#xD;
Exception type:        System.NotImplementedException&#xD;
Exception message:     The method or operation is not implemented.&#xD;
Exception target site: GetItem&#xD;
   at VideoOS.Platform.SDKUnittest.EnvironmentTests.TestConfigurationClientService.GetItem(String path) in D:\actions-runner\_work\XPCO\XPCO\MIP\MIPSDK\tst\VideoOS.Platform.SDK.UnitTests\EnvironmentTests\TestsWithCorporateShimsBase.cs:line 227&#xD;
   at VideoOS.Platform.Proxy.ConfigApi.ConfigurationApiItemWrapper..ctor(ServerId serverId, String path) in D:\actions-runner\_work\XPCO\XPCO\MIP\PlatformPlugin\VideoOS.Platform\src\Proxy\ConfigApi\ConfigurationApiItemWrapper.cs:line 104&#xD;
   at VideoOS.Platform.ConfigurationItems.Factory.IsItemTypeSupported(ServerId serverId, String itemType) in D:\actions-runner\_work\XPCO\XPCO\MIP\PlatformPlugin\VideoOS.Platform\src\ConfigurationItems\Factory.cs:line 464&#xD;
&#xD;
Factory.IsItemTypeSupportedFactory.IsItemTypeSupported ()The method or operation is not implemented.   at VideoOS.Platform.SDKUnittest.EnvironmentTests.TestConfigurationClientService.GetItem(String path) in D:\actions-runner\_work\XPCO\XPCO\MIP\MIPSDK\tst\VideoOS.Platform.SDK.UnitTests\EnvironmentTests\TestsWithCorporateShimsBase.cs:line 227&#xD;
   at VideoOS.Platform.Proxy.ConfigApi.ConfigurationApiItemWrapper..ctor(ServerId serverId, String path) in D:\actions-runner\_work\XPCO\XPCO\MIP\PlatformPlugin\VideoOS.Platform\src\Proxy\ConfigApi\ConfigurationApiItemWrapper.cs:line 104&#xD;
   at VideoOS.Platform.ConfigurationItems.Factory.IsItemTypeSupported(ServerId serverId, String itemType) in D:\actions-runner\_work\XPCO\XPCO\MIP\PlatformPlugin\VideoOS.Platform\src\ConfigurationItems\Factory.cs:line 464&#xD;
MIP: Error: LoginServerOauth (): https://1.2.3.5:55/ManagementServer/ServerCommandServiceOAuth.svc The method or operation is not implemented.&#xD;
MIP: Error: ConfigurationApiItemWrapper (): ConfigAPI GetItem(): System.NotImplementedException, The method or operation is not implemented.&#xD;
MIP: Error: Factory.IsItemTypeSupported (): Exception source:      VideoOS.Platform.SDK.UnitTests&#xD;
Exception type:        System.NotImplementedException&#xD;
Exception message:     The method or operation is not implemented.&#xD;
Exception target site: GetItem&#xD;
   at VideoOS.Platform.SDKUnittest.EnvironmentTests.TestConfigurationClientService.GetItem(String path) in D:\actions-runner\_work\XPCO\XPCO\MIP\MIPSDK\tst\VideoOS.Platform.SDK.UnitTests\EnvironmentTests\TestsWithCorporateShimsBase.cs:line 227&#xD;
   at VideoOS.Platform.Proxy.ConfigApi.ConfigurationApiItemWrapper..ctor(ServerId serverId, String path) in D:\actions-runner\_work\XPCO\XPCO\MIP\PlatformPlugin\VideoOS.Platform\src\Proxy\ConfigApi\ConfigurationApiItemWrapper.cs:line 104&#xD;
   at VideoOS.Platform.ConfigurationItems.Factory.IsItemTypeSupported(ServerId serverId, String itemType) in D:\actions-runner\_work\XPCO\XPCO\MIP\PlatformPlugin\VideoOS.Platform\src\ConfigurationItems\Factory.cs:line 464&#xD;
&#xD;
Factory.IsItemTypeSupportedFactory.IsItemTypeSupported ()The method or operation is not implemented.   at VideoOS.Platform.SDKUnittest.EnvironmentTests.TestConfigurationClientService.GetItem(String path) in D:\actions-runner\_work\XPCO\XPCO\MIP\MIPSDK\tst\VideoOS.Platform.SDK.UnitTests\EnvironmentTests\TestsWithCorporateShimsBase.cs:line 227&#xD;
   at VideoOS.Platform.Proxy.ConfigApi.ConfigurationApiItemWrapper..ctor(ServerId serverId, String path) in D:\actions-runner\_work\XPCO\XPCO\MIP\PlatformPlugin\VideoOS.Platform\src\Proxy\ConfigApi\ConfigurationApiItemWrapper.cs:line 104&#xD;
   at VideoOS.Platform.ConfigurationItems.Factory.IsItemTypeSupported(ServerId serverId, String itemType) in D:\actions-runner\_work\XPCO\XPCO\MIP\PlatformPlugin\VideoOS.Platform\src\ConfigurationItems\Factory.cs:line 464&#xD;
MIP: Error: GetConfiguration (): CustomSetting not found for the given platformDefinitionId: e145597a-ecaf-40a1-99e6-14bb9d45a09e&#xD;
MIP: Error: ConfigurationApiItemWrapper (): ConfigAPI GetItem(): System.NotImplementedException, The method or operation is not implemented.&#xD;
MIP: Error: Factory.IsItemTypeSupported (): Exception source:      VideoOS.Platform.SDK.UnitTests&#xD;
Exception type:        System.NotImplementedException&#xD;
Exception message:     The method or operation is not implemented.&#xD;
Exception target site: GetItem&#xD;
   at VideoOS.Platform.SDKUnittest.EnvironmentTests.TestConfigurationClientService.GetItem(String path) in D:\actions-runner\_work\XPCO\XPCO\MIP\MIPSDK\tst\VideoOS.Platform.SDK.UnitTests\EnvironmentTests\TestsWithCorporateShimsBase.cs:line 227&#xD;
   at VideoOS.Platform.Proxy.ConfigApi.ConfigurationApiItemWrapper..ctor(ServerId serverId, String path) in D:\actions-runner\_work\XPCO\XPCO\MIP\PlatformPlugin\VideoOS.Platform\src\Proxy\ConfigApi\ConfigurationApiItemWrapper.cs:line 104&#xD;
   at VideoOS.Platform.ConfigurationItems.Factory.IsItemTypeSupported(ServerId serverId, String itemType) in D:\actions-runner\_work\XPCO\XPCO\MIP\PlatformPlugin\VideoOS.Platform\src\ConfigurationItems\Factory.cs:line 464&#xD;
&#xD;
Factory.IsItemTypeSupportedFactory.IsItemTypeSupported ()The method or operation is not implemented.   at VideoOS.Platform.SDKUnittest.EnvironmentTests.TestConfigurationClientService.GetItem(String path) in D:\actions-runner\_work\XPCO\XPCO\MIP\MIPSDK\tst\VideoOS.Platform.SDK.UnitTests\EnvironmentTests\TestsWithCorporateShimsBase.cs:line 227&#xD;
   at VideoOS.Platform.Proxy.ConfigApi.ConfigurationApiItemWrapper..ctor(ServerId serverId, String path) in D:\actions-runner\_work\XPCO\XPCO\MIP\PlatformPlugin\VideoOS.Platform\src\Proxy\ConfigApi\ConfigurationApiItemWrapper.cs:line 104&#xD;
   at VideoOS.Platform.ConfigurationItems.Factory.IsItemTypeSupported(ServerId serverId, String itemType) in D:\actions-runner\_work\XPCO\XPCO\MIP\PlatformPlugin\VideoOS.Platform\src\ConfigurationItems\Factory.cs:line 464&#xD;
MIP: Error: LoginServerOauth (): https://1.2.3.5:55/ManagementServer/ServerCommandServiceOAuth.svc The method or operation is not implemented.&#xD;
MIP: Error: ConfigurationApiItemWrapper (): ConfigAPI GetItem(): System.NotImplementedException, The method or operation is not implemented.&#xD;
MIP: Error: Factory.IsItemTypeSupported (): Exception source:      VideoOS.Platform.SDK.UnitTests&#xD;
Exception type:        System.NotImplementedException&#xD;
Exception message:     The method or operation is not implemented.&#xD;
Exception target site: GetItem&#xD;
   at VideoOS.Platform.SDKUnittest.EnvironmentTests.TestConfigurationClientService.GetItem(String path) in D:\actions-runner\_work\XPCO\XPCO\MIP\MIPSDK\tst\VideoOS.Platform.SDK.UnitTests\EnvironmentTests\TestsWithCorporateShimsBase.cs:line 227&#xD;
   at VideoOS.Platform.Proxy.ConfigApi.ConfigurationApiItemWrapper..ctor(ServerId serverId, String path) in D:\actions-runner\_work\XPCO\XPCO\MIP\PlatformPlugin\VideoOS.Platform\src\Proxy\ConfigApi\ConfigurationApiItemWrapper.cs:line 104&#xD;
   at VideoOS.Platform.ConfigurationItems.Factory.IsItemTypeSupported(ServerId serverId, String itemType) in D:\actions-runner\_work\XPCO\XPCO\MIP\PlatformPlugin\VideoOS.Platform\src\ConfigurationItems\Factory.cs:line 464&#xD;
&#xD;
Factory.IsItemTypeSupportedFactory.IsItemTypeSupported ()The method or operation is not implemented.   at VideoOS.Platform.SDKUnittest.EnvironmentTests.TestConfigurationClientService.GetItem(String path) in D:\actions-runner\_work\XPCO\XPCO\MIP\MIPSDK\tst\VideoOS.Platform.SDK.UnitTests\EnvironmentTests\TestsWithCorporateShimsBase.cs:line 227&#xD;
   at VideoOS.Platform.Proxy.ConfigApi.ConfigurationApiItemWrapper..ctor(ServerId serverId, String path) in D:\actions-runner\_work\XPCO\XPCO\MIP\PlatformPlugin\VideoOS.Platform\src\Proxy\ConfigApi\ConfigurationApiItemWrapper.cs:line 104&#xD;
   at VideoOS.Platform.ConfigurationItems.Factory.IsItemTypeSupported(ServerId serverId, String itemType) in D:\actions-runner\_work\XPCO\XPCO\MIP\PlatformPlugin\VideoOS.Platform\src\ConfigurationItems\Factory.cs:line 464&#xD;
MIP: Error: GetConfiguration (): CustomSetting not found for the given platformDefinitionId: e145597a-ecaf-40a1-99e6-14bb9d45a09e&#xD;
MIP: Error: ConfigurationApiItemWrapper (): ConfigAPI GetItem(): System.NotImplementedException, The method or operation is not implemented.&#xD;
MIP: Error: Factory.IsItemTypeSupported (): Exception source:      VideoOS.Platform.SDK.UnitTests&#xD;
Exception type:        System.NotImplementedException&#xD;
Exception message:     The method or operation is not implemented.&#xD;
Exception target site: GetItem&#xD;
   at VideoOS.Platform.SDKUnittest.EnvironmentTests.TestConfigurationClientService.GetItem(String path) in D:\actions-runner\_work\XPCO\XPCO\MIP\MIPSDK\tst\VideoOS.Platform.SDK.UnitTests\EnvironmentTests\TestsWithCorporateShimsBase.cs:line 227&#xD;
   at VideoOS.Platform.Proxy.ConfigApi.ConfigurationApiItemWrapper..ctor(ServerId serverId, String path) in D:\actions-runner\_work\XPCO\XPCO\MIP\PlatformPlugin\VideoOS.Platform\src\Proxy\ConfigApi\ConfigurationApiItemWrapper.cs:line 104&#xD;
   at VideoOS.Platform.ConfigurationItems.Factory.IsItemTypeSupported(ServerId serverId, String itemType) in D:\actions-runner\_work\XPCO\XPCO\MIP\PlatformPlugin\VideoOS.Platform\src\ConfigurationItems\Factory.cs:line 464&#xD;
&#xD;
Factory.IsItemTypeSupportedFactory.IsItemTypeSupported ()The method or operation is not implemented.   at VideoOS.Platform.SDKUnittest.EnvironmentTests.TestConfigurationClientService.GetItem(String path) in D:\actions-runner\_work\XPCO\XPCO\MIP\MIPSDK\tst\VideoOS.Platform.SDK.UnitTests\EnvironmentTests\TestsWithCorporateShimsBase.cs:line 227&#xD;
   at VideoOS.Platform.Proxy.ConfigApi.ConfigurationApiItemWrapper..ctor(ServerId serverId, String path) in D:\actions-runner\_work\XPCO\XPCO\MIP\PlatformPlugin\VideoOS.Platform\src\Proxy\ConfigApi\ConfigurationApiItemWrapper.cs:line 104&#xD;
   at VideoOS.Platform.ConfigurationItems.Factory.IsItemTypeSupported(ServerId serverId, String itemType) in D:\actions-runner\_work\XPCO\XPCO\MIP\PlatformPlugin\VideoOS.Platform\src\ConfigurationItems\Factory.cs:line 464&#xD;
MIP: Error: LoginServerOauth (): https://1.2.3.5:55/ManagementServer/ServerCommandServiceOAuth.svc The method or operation is not implemented.&#xD;
MIP: Error: ConfigurationApiItemWrapper (): ConfigAPI GetItem(): System.NotImplementedException, The method or operation is not implemented.&#xD;
MIP: Error: Factory.IsItemTypeSupported (): Exception source:      VideoOS.Platform.SDK.UnitTests&#xD;
Exception type:        System.NotImplementedException&#xD;
Exception message:     The method or operation is not implemented.&#xD;
Exception target site: GetItem&#xD;
   at VideoOS.Platform.SDKUnittest.EnvironmentTests.TestConfigurationClientService.GetItem(String path) in D:\actions-runner\_work\XPCO\XPCO\MIP\MIPSDK\tst\VideoOS.Platform.SDK.UnitTests\EnvironmentTests\TestsWithCorporateShimsBase.cs:line 227&#xD;
   at VideoOS.Platform.Proxy.ConfigApi.ConfigurationApiItemWrapper..ctor(ServerId serverId, String path) in D:\actions-runner\_work\XPCO\XPCO\MIP\PlatformPlugin\VideoOS.Platform\src\Proxy\ConfigApi\ConfigurationApiItemWrapper.cs:line 104&#xD;
   at VideoOS.Platform.ConfigurationItems.Factory.IsItemTypeSupported(ServerId serverId, String itemType) in D:\actions-runner\_work\XPCO\XPCO\MIP\PlatformPlugin\VideoOS.Platform\src\ConfigurationItems\Factory.cs:line 464&#xD;
&#xD;
Factory.IsItemTypeSupportedFactory.IsItemTypeSupported ()The method or operation is not implemented.   at VideoOS.Platform.SDKUnittest.EnvironmentTests.TestConfigurationClientService.GetItem(String path) in D:\actions-runner\_work\XPCO\XPCO\MIP\MIPSDK\tst\VideoOS.Platform.SDK.UnitTests\EnvironmentTests\TestsWithCorporateShimsBase.cs:line 227&#xD;
   at VideoOS.Platform.Proxy.ConfigApi.ConfigurationApiItemWrapper..ctor(ServerId serverId, String path) in D:\actions-runner\_work\XPCO\XPCO\MIP\PlatformPlugin\VideoOS.Platform\src\Proxy\ConfigApi\ConfigurationApiItemWrapper.cs:line 104&#xD;
   at VideoOS.Platform.ConfigurationItems.Factory.IsItemTypeSupported(ServerId serverId, String itemType) in D:\actions-runner\_work\XPCO\XPCO\MIP\PlatformPlugin\VideoOS.Platform\src\ConfigurationItems\Factory.cs:line 464&#xD;
MIP: Error: GetConfiguration (): CustomSetting not found for the given platformDefinitionId: e145597a-ecaf-40a1-99e6-14bb9d45a09e&#xD;
MIP: Error: ConfigurationApiItemWrapper (): ConfigAPI GetItem(): System.NotImplementedException, The method or operation is not implemented.&#xD;
MIP: Error: Factory.IsItemTypeSupported (): Exception source:      VideoOS.Platform.SDK.UnitTests&#xD;
Exception type:        System.NotImplementedException&#xD;
Exception message:     The method or operation is not implemented.&#xD;
Exception target site: GetItem&#xD;
   at VideoOS.Platform.SDKUnittest.EnvironmentTests.TestConfigurationClientService.GetItem(String path) in D:\actions-runner\_work\XPCO\XPCO\MIP\MIPSDK\tst\VideoOS.Platform.SDK.UnitTests\EnvironmentTests\TestsWithCorporateShimsBase.cs:line 227&#xD;
   at VideoOS.Platform.Proxy.ConfigApi.ConfigurationApiItemWrapper..ctor(ServerId serverId, String path) in D:\actions-runner\_work\XPCO\XPCO\MIP\PlatformPlugin\VideoOS.Platform\src\Proxy\ConfigApi\ConfigurationApiItemWrapper.cs:line 104&#xD;
   at VideoOS.Platform.ConfigurationItems.Factory.IsItemTypeSupported(ServerId serverId, String itemType) in D:\actions-runner\_work\XPCO\XPCO\MIP\PlatformPlugin\VideoOS.Platform\src\ConfigurationItems\Factory.cs:line 464&#xD;
&#xD;
Factory.IsItemTypeSupportedFactory.IsItemTypeSupported ()The method or operation is not implemented.   at VideoOS.Platform.SDKUnittest.EnvironmentTests.TestConfigurationClientService.GetItem(String path) in D:\actions-runner\_work\XPCO\XPCO\MIP\MIPSDK\tst\VideoOS.Platform.SDK.UnitTests\EnvironmentTests\TestsWithCorporateShimsBase.cs:line 227&#xD;
   at VideoOS.Platform.Proxy.ConfigApi.ConfigurationApiItemWrapper..ctor(ServerId serverId, String path) in D:\actions-runner\_work\XPCO\XPCO\MIP\PlatformPlugin\VideoOS.Platform\src\Proxy\ConfigApi\ConfigurationApiItemWrapper.cs:line 104&#xD;
   at VideoOS.Platform.ConfigurationItems.Factory.IsItemTypeSupported(ServerId serverId, String itemType) in D:\actions-runner\_work\XPCO\XPCO\MIP\PlatformPlugin\VideoOS.Platform\src\ConfigurationItems\Factory.cs:line 464&#xD;
MIP: Error: LoginServerOauth (): https://1.2.3.5:55/ManagementServer/ServerCommandServiceOAuth.svc The method or operation is not implemented.&#xD;
MIP: Error: ConfigurationApiItemWrapper (): ConfigAPI GetItem(): System.NotImplementedException, The method or operation is not implemented.&#xD;
MIP: Error: Factory.IsItemTypeSupported (): Exception source:      VideoOS.Platform.SDK.UnitTests&#xD;
Exception type:        System.NotImplementedException&#xD;
Exception message:     The method or operation is not implemented.&#xD;
Exception target site: GetItem&#xD;
   at VideoOS.Platform.SDKUnittest.EnvironmentTests.TestConfigurationClientService.GetItem(String path) in D:\actions-runner\_work\XPCO\XPCO\MIP\MIPSDK\tst\VideoOS.Platform.SDK.UnitTests\EnvironmentTests\TestsWithCorporateShimsBase.cs:line 227&#xD;
   at VideoOS.Platform.Proxy.ConfigApi.ConfigurationApiItemWrapper..ctor(ServerId serverId, String path) in D:\actions-runner\_work\XPCO\XPCO\MIP\PlatformPlugin\VideoOS.Platform\src\Proxy\ConfigApi\ConfigurationApiItemWrapper.cs:line 104&#xD;
   at VideoOS.Platform.ConfigurationItems.Factory.IsItemTypeSupported(ServerId serverId, String itemType) in D:\actions-runner\_work\XPCO\XPCO\MIP\PlatformPlugin\VideoOS.Platform\src\ConfigurationItems\Factory.cs:line 464&#xD;
&#xD;
Factory.IsItemTypeSupportedFactory.IsItemTypeSupported ()The method or operation is not implemented.   at VideoOS.Platform.SDKUnittest.EnvironmentTests.TestConfigurationClientService.GetItem(String path) in D:\actions-runner\_work\XPCO\XPCO\MIP\MIPSDK\tst\VideoOS.Platform.SDK.UnitTests\EnvironmentTests\TestsWithCorporateShimsBase.cs:line 227&#xD;
   at VideoOS.Platform.Proxy.ConfigApi.ConfigurationApiItemWrapper..ctor(ServerId serverId, String path) in D:\actions-runner\_work\XPCO\XPCO\MIP\PlatformPlugin\VideoOS.Platform\src\Proxy\ConfigApi\ConfigurationApiItemWrapper.cs:line 104&#xD;
   at VideoOS.Platform.ConfigurationItems.Factory.IsItemTypeSupported(ServerId serverId, String itemType) in D:\actions-runner\_work\XPCO\XPCO\MIP\PlatformPlugin\VideoOS.Platform\src\ConfigurationItems\Factory.cs:line 464&#xD;
MIP: Error: ConfigurationApiItemWrapper (): ConfigAPI GetItem(): System.NotImplementedException, The method or operation is not implemented.&#xD;
MIP: Error: Factory.IsItemTypeSupported (): Exception source:      VideoOS.Platform.SDK.UnitTests&#xD;
Exception type:        System.NotImplementedException&#xD;
Exception message:     The method or operation is not implemented.&#xD;
Exception target site: GetItem&#xD;
   at VideoOS.Platform.SDKUnittest.EnvironmentTests.TestConfigurationClientService.GetItem(String path) in D:\actions-runner\_work\XPCO\XPCO\MIP\MIPSDK\tst\VideoOS.Platform.SDK.UnitTests\EnvironmentTests\TestsWithCorporateShimsBase.cs:line 227&#xD;
   at VideoOS.Platform.Proxy.ConfigApi.ConfigurationApiItemWrapper..ctor(ServerId serverId, String path) in D:\actions-runner\_work\XPCO\XPCO\MIP\PlatformPlugin\VideoOS.Platform\src\Proxy\ConfigApi\ConfigurationApiItemWrapper.cs:line 104&#xD;
   at VideoOS.Platform.ConfigurationItems.Factory.IsItemTypeSupported(ServerId serverId, String itemType) in D:\actions-runner\_work\XPCO\XPCO\MIP\PlatformPlugin\VideoOS.Platform\src\ConfigurationItems\Factory.cs:line 464&#xD;
&#xD;
Factory.IsItemTypeSupportedFactory.IsItemTypeSupported ()The method or operation is not implemented.   at VideoOS.Platform.SDKUnittest.EnvironmentTests.TestConfigurationClientService.GetItem(String path) in D:\actions-runner\_work\XPCO\XPCO\MIP\MIPSDK\tst\VideoOS.Platform.SDK.UnitTests\EnvironmentTests\TestsWithCorporateShimsBase.cs:line 227&#xD;
   at VideoOS.Platform.Proxy.ConfigApi.ConfigurationApiItemWrapper..ctor(ServerId serverId, String path) in D:\actions-runner\_work\XPCO\XPCO\MIP\PlatformPlugin\VideoOS.Platform\src\Proxy\ConfigApi\ConfigurationApiItemWrapper.cs:line 104&#xD;
   at VideoOS.Platform.ConfigurationItems.Factory.IsItemTypeSupported(ServerId serverId, String itemType) in D:\actions-runner\_work\XPCO\XPCO\MIP\PlatformPlugin\VideoOS.Platform\src\ConfigurationItems\Factory.cs:line 464&#xD;
MIP: Error: LoginServerOauth (): https://1.2.3.5:55/ManagementServer/ServerCommandServiceOAuth.svc The method or operation is not implemented.&#xD;
MIP: Error: ConfigurationApiItemWrapper (): ConfigAPI GetItem(): System.NotImplementedException, The method or operation is not implemented.&#xD;
MIP: Error: Factory.IsItemTypeSupported (): Exception source:      VideoOS.Platform.SDK.UnitTests&#xD;
Exception type:        System.NotImplementedException&#xD;
Exception message:     The method or operation is not implemented.&#xD;
Exception target site: GetItem&#xD;
   at VideoOS.Platform.SDKUnittest.EnvironmentTests.TestConfigurationClientService.GetItem(String path) in D:\actions-runner\_work\XPCO\XPCO\MIP\MIPSDK\tst\VideoOS.Platform.SDK.UnitTests\EnvironmentTests\TestsWithCorporateShimsBase.cs:line 227&#xD;
   at VideoOS.Platform.Proxy.ConfigApi.ConfigurationApiItemWrapper..ctor(ServerId serverId, String path) in D:\actions-runner\_work\XPCO\XPCO\MIP\PlatformPlugin\VideoOS.Platform\src\Proxy\ConfigApi\ConfigurationApiItemWrapper.cs:line 104&#xD;
   at VideoOS.Platform.ConfigurationItems.Factory.IsItemTypeSupported(ServerId serverId, String itemType) in D:\actions-runner\_work\XPCO\XPCO\MIP\PlatformPlugin\VideoOS.Platform\src\ConfigurationItems\Factory.cs:line 464&#xD;
&#xD;
Factory.IsItemTypeSupportedFactory.IsItemTypeSupported ()The method or operation is not implemented.   at VideoOS.Platform.SDKUnittest.EnvironmentTests.TestConfigurationClientService.GetItem(String path) in D:\actions-runner\_work\XPCO\XPCO\MIP\MIPSDK\tst\VideoOS.Platform.SDK.UnitTests\EnvironmentTests\TestsWithCorporateShimsBase.cs:line 227&#xD;
   at VideoOS.Platform.Proxy.ConfigApi.ConfigurationApiItemWrapper..ctor(ServerId serverId, String path) in D:\actions-runner\_work\XPCO\XPCO\MIP\PlatformPlugin\VideoOS.Platform\src\Proxy\ConfigApi\ConfigurationApiItemWrapper.cs:line 104&#xD;
   at VideoOS.Platform.ConfigurationItems.Factory.IsItemTypeSupported(ServerId serverId, String itemType) in D:\actions-runner\_work\XPCO\XPCO\MIP\PlatformPlugin\VideoOS.Platform\src\ConfigurationItems\Factory.cs:line 464&#xD;
MIP: Error: GetConfiguration (): CustomSetting not found for the given platformDefinitionId: e145597a-ecaf-40a1-99e6-14bb9d45a09e&#xD;
MIP: Error: ConfigurationApiItemWrapper (): ConfigAPI GetItem(): System.NotImplementedException, The method or operation is not implemented.&#xD;
MIP: Error: Factory.IsItemTypeSupported (): Exception source:      VideoOS.Platform.SDK.UnitTests&#xD;
Exception type:        System.NotImplementedException&#xD;
Exception message:     The method or operation is not implemented.&#xD;
Exception target site: GetItem&#xD;
   at VideoOS.Platform.SDKUnittest.EnvironmentTests.TestConfigurationClientService.GetItem(String path) in D:\actions-runner\_work\XPCO\XPCO\MIP\MIPSDK\tst\VideoOS.Platform.SDK.UnitTests\EnvironmentTests\TestsWithCorporateShimsBase.cs:line 227&#xD;
   at VideoOS.Platform.Proxy.ConfigApi.ConfigurationApiItemWrapper..ctor(ServerId serverId, String path) in D:\actions-runner\_work\XPCO\XPCO\MIP\PlatformPlugin\VideoOS.Platform\src\Proxy\ConfigApi\ConfigurationApiItemWrapper.cs:line 104&#xD;
   at VideoOS.Platform.ConfigurationItems.Factory.IsItemTypeSupported(ServerId serverId, String itemType) in D:\actions-runner\_work\XPCO\XPCO\MIP\PlatformPlugin\VideoOS.Platform\src\ConfigurationItems\Factory.cs:line 464&#xD;
&#xD;
Factory.IsItemTypeSupportedFactory.IsItemTypeSupported ()The method or operation is not implemented.   at VideoOS.Platform.SDKUnittest.EnvironmentTests.TestConfigurationClientService.GetItem(String path) in D:\actions-runner\_work\XPCO\XPCO\MIP\MIPSDK\tst\VideoOS.Platform.SDK.UnitTests\EnvironmentTests\TestsWithCorporateShimsBase.cs:line 227&#xD;
   at VideoOS.Platform.Proxy.ConfigApi.ConfigurationApiItemWrapper..ctor(ServerId serverId, String path) in D:\actions-runner\_work\XPCO\XPCO\MIP\PlatformPlugin\VideoOS.Platform\src\Proxy\ConfigApi\ConfigurationApiItemWrapper.cs:line 104&#xD;
   at VideoOS.Platform.ConfigurationItems.Factory.IsItemTypeSupported(ServerId serverId, String itemType) in D:\actions-runner\_work\XPCO\XPCO\MIP\PlatformPlugin\VideoOS.Platform\src\ConfigurationItems\Factory.cs:line 464&#xD;
MIP: Error: LoginServerOauth (): https://1.2.3.5:55/ManagementServer/ServerCommandServiceOAuth.svc The method or operation is not implemented.&#xD;
MIP: Error: ConfigurationApiItemWrapper (): ConfigAPI GetItem(): System.NotImplementedException, The method or operation is not implemented.&#xD;
MIP: Error: Factory.IsItemTypeSupported (): Exception source:      VideoOS.Platform.SDK.UnitTests&#xD;
Exception type:        System.NotImplementedException&#xD;
Exception message:     The method or operation is not implemented.&#xD;
Exception target site: GetItem&#xD;
   at VideoOS.Platform.SDKUnittest.EnvironmentTests.TestConfigurationClientService.GetItem(String path) in D:\actions-runner\_work\XPCO\XPCO\MIP\MIPSDK\tst\VideoOS.Platform.SDK.UnitTests\EnvironmentTests\TestsWithCorporateShimsBase.cs:line 227&#xD;
   at VideoOS.Platform.Proxy.ConfigApi.ConfigurationApiItemWrapper..ctor(ServerId serverId, String path) in D:\actions-runner\_work\XPCO\XPCO\MIP\PlatformPlugin\VideoOS.Platform\src\Proxy\ConfigApi\ConfigurationApiItemWrapper.cs:line 104&#xD;
   at VideoOS.Platform.ConfigurationItems.Factory.IsItemTypeSupported(ServerId serverId, String itemType) in D:\actions-runner\_work\XPCO\XPCO\MIP\PlatformPlugin\VideoOS.Platform\src\ConfigurationItems\Factory.cs:line 464&#xD;
&#xD;
Factory.IsItemTypeSupportedFactory.IsItemTypeSupported ()The method or operation is not implemented.   at VideoOS.Platform.SDKUnittest.EnvironmentTests.TestConfigurationClientService.GetItem(String path) in D:\actions-runner\_work\XPCO\XPCO\MIP\MIPSDK\tst\VideoOS.Platform.SDK.UnitTests\EnvironmentTests\TestsWithCorporateShimsBase.cs:line 227&#xD;
   at VideoOS.Platform.Proxy.ConfigApi.ConfigurationApiItemWrapper..ctor(ServerId serverId, String path) in D:\actions-runner\_work\XPCO\XPCO\MIP\PlatformPlugin\VideoOS.Platform\src\Proxy\ConfigApi\ConfigurationApiItemWrapper.cs:line 104&#xD;
   at VideoOS.Platform.ConfigurationItems.Factory.IsItemTypeSupported(ServerId serverId, String itemType) in D:\actions-runner\_work\XPCO\XPCO\MIP\PlatformPlugin\VideoOS.Platform\src\ConfigurationItems\Factory.cs:line 464&#xD;
MIP: Error: ConfigurationApiItemWrapper (): ConfigAPI GetItem(): System.NotImplementedException, The method or operation is not implemented.&#xD;
MIP: Error: Factory.IsItemTypeSupported (): Exception source:      VideoOS.Platform.SDK.UnitTests&#xD;
Exception type:        System.NotImplementedException&#xD;
Exception message:     The method or operation is not implemented.&#xD;
Exception target site: GetItem&#xD;
   at VideoOS.Platform.SDKUnittest.EnvironmentTests.TestConfigurationClientService.GetItem(String path) in D:\actions-runner\_work\XPCO\XPCO\MIP\MIPSDK\tst\VideoOS.Platform.SDK.UnitTests\EnvironmentTests\TestsWithCorporateShimsBase.cs:line 227&#xD;
   at VideoOS.Platform.Proxy.ConfigApi.ConfigurationApiItemWrapper..ctor(ServerId serverId, String path) in D:\actions-runner\_work\XPCO\XPCO\MIP\PlatformPlugin\VideoOS.Platform\src\Proxy\ConfigApi\ConfigurationApiItemWrapper.cs:line 104&#xD;
   at VideoOS.Platform.ConfigurationItems.Factory.IsItemTypeSupported(ServerId serverId, String itemType) in D:\actions-runner\_work\XPCO\XPCO\MIP\PlatformPlugin\VideoOS.Platform\src\ConfigurationItems\Factory.cs:line 464&#xD;
&#xD;
Factory.IsItemTypeSupportedFactory.IsItemTypeSupported ()The method or operation is not implemented.   at VideoOS.Platform.SDKUnittest.EnvironmentTests.TestConfigurationClientService.GetItem(String path) in D:\actions-runner\_work\XPCO\XPCO\MIP\MIPSDK\tst\VideoOS.Platform.SDK.UnitTests\EnvironmentTests\TestsWithCorporateShimsBase.cs:line 227&#xD;
   at VideoOS.Platform.Proxy.ConfigApi.ConfigurationApiItemWrapper..ctor(ServerId serverId, String path) in D:\actions-runner\_work\XPCO\XPCO\MIP\PlatformPlugin\VideoOS.Platform\src\Proxy\ConfigApi\ConfigurationApiItemWrapper.cs:line 104&#xD;
   at VideoOS.Platform.ConfigurationItems.Factory.IsItemTypeSupported(ServerId serverId, String itemType) in D:\actions-runner\_work\XPCO\XPCO\MIP\PlatformPlugin\VideoOS.Platform\src\ConfigurationItems\Factory.cs:line 464&#xD;
MIP: Error: ConfigurationApiItemWrapper (): ConfigAPI GetItem(): System.NotImplementedException, The method or operation is not implemented.&#xD;
MIP: Error: Factory.IsItemTypeSupported (): Exception source:      VideoOS.Platform.SDK.UnitTests&#xD;
Exception type:        System.NotImplementedException&#xD;
Exception message:     The method or operation is not implemented.&#xD;
Exception target site: GetItem&#xD;
   at VideoOS.Platform.SDKUnittest.EnvironmentTests.TestConfigurationClientService.GetItem(String path) in D:\actions-runner\_work\XPCO\XPCO\MIP\MIPSDK\tst\VideoOS.Platform.SDK.UnitTests\EnvironmentTests\TestsWithCorporateShimsBase.cs:line 227&#xD;
   at VideoOS.Platform.Proxy.ConfigApi.ConfigurationApiItemWrapper..ctor(ServerId serverId, String path) in D:\actions-runner\_work\XPCO\XPCO\MIP\PlatformPlugin\VideoOS.Platform\src\Proxy\ConfigApi\ConfigurationApiItemWrapper.cs:line 104&#xD;
   at VideoOS.Platform.ConfigurationItems.Factory.IsItemTypeSupported(ServerId serverId, String itemType) in D:\actions-runner\_work\XPCO\XPCO\MIP\PlatformPlugin\VideoOS.Platform\src\ConfigurationItems\Factory.cs:line 464&#xD;
&#xD;
Factory.IsItemTypeSupportedFactory.IsItemTypeSupported ()The method or operation is not implemented.   at VideoOS.Platform.SDKUnittest.EnvironmentTests.TestConfigurationClientService.GetItem(String path) in D:\actions-runner\_work\XPCO\XPCO\MIP\MIPSDK\tst\VideoOS.Platform.SDK.UnitTests\EnvironmentTests\TestsWithCorporateShimsBase.cs:line 227&#xD;
   at VideoOS.Platform.Proxy.ConfigApi.ConfigurationApiItemWrapper..ctor(ServerId serverId, String path) in D:\actions-runner\_work\XPCO\XPCO\MIP\PlatformPlugin\VideoOS.Platform\src\Proxy\ConfigApi\ConfigurationApiItemWrapper.cs:line 104&#xD;
   at VideoOS.Platform.ConfigurationItems.Factory.IsItemTypeSupported(ServerId serverId, String itemType) in D:\actions-runner\_work\XPCO\XPCO\MIP\PlatformPlugin\VideoOS.Platform\src\ConfigurationItems\Factory.cs:line 464&#xD;
MIP: Error: ConfigurationApiItemWrapper (): ConfigAPI GetItem(): System.NotImplementedException, The method or operation is not implemented.&#xD;
MIP: Error: Factory.IsItemTypeSupported (): Exception source:      VideoOS.Platform.SDK.UnitTests&#xD;
Exception type:        System.NotImplementedException&#xD;
Exception message:     The method or operation is not implemented.&#xD;
Exception target site: GetItem&#xD;
   at VideoOS.Platform.SDKUnittest.EnvironmentTests.TestConfigurationClientService.GetItem(String path) in D:\actions-runner\_work\XPCO\XPCO\MIP\MIPSDK\tst\VideoOS.Platform.SDK.UnitTests\EnvironmentTests\TestsWithCorporateShimsBase.cs:line 227&#xD;
   at VideoOS.Platform.Proxy.ConfigApi.ConfigurationApiItemWrapper..ctor(ServerId serverId, String path) in D:\actions-runner\_work\XPCO\XPCO\MIP\PlatformPlugin\VideoOS.Platform\src\Proxy\ConfigApi\ConfigurationApiItemWrapper.cs:line 104&#xD;
   at VideoOS.Platform.ConfigurationItems.Factory.IsItemTypeSupported(ServerId serverId, String itemType) in D:\actions-runner\_work\XPCO\XPCO\MIP\PlatformPlugin\VideoOS.Platform\src\ConfigurationItems\Factory.cs:line 464&#xD;
&#xD;
Factory.IsItemTypeSupportedFactory.IsItemTypeSupported ()The method or operation is not implemented.   at VideoOS.Platform.SDKUnittest.EnvironmentTests.TestConfigurationClientService.GetItem(String path) in D:\actions-runner\_work\XPCO\XPCO\MIP\MIPSDK\tst\VideoOS.Platform.SDK.UnitTests\EnvironmentTests\TestsWithCorporateShimsBase.cs:line 227&#xD;
   at VideoOS.Platform.Proxy.ConfigApi.ConfigurationApiItemWrapper..ctor(ServerId serverId, String path) in D:\actions-runner\_work\XPCO\XPCO\MIP\PlatformPlugin\VideoOS.Platform\src\Proxy\ConfigApi\ConfigurationApiItemWrapper.cs:line 104&#xD;
   at VideoOS.Platform.ConfigurationItems.Factory.IsItemTypeSupported(ServerId serverId, String itemType) in D:\actions-runner\_work\XPCO\XPCO\MIP\PlatformPlugin\VideoOS.Platform\src\ConfigurationItems\Factory.cs:line 464&#xD;
MIP: Error: ConfigurationApiItemWrapper (): ConfigAPI GetItem(): System.NotImplementedException, The method or operation is not implemented.&#xD;
MIP: Error: Factory.IsItemTypeSupported (): Exception source:      VideoOS.Platform.SDK.UnitTests&#xD;
Exception type:        System.NotImplementedException&#xD;
Exception message:     The method or operation is not implemented.&#xD;
Exception target site: GetItem&#xD;
   at VideoOS.Platform.SDKUnittest.EnvironmentTests.TestConfigurationClientService.GetItem(String path) in D:\actions-runner\_work\XPCO\XPCO\MIP\MIPSDK\tst\VideoOS.Platform.SDK.UnitTests\EnvironmentTests\TestsWithCorporateShimsBase.cs:line 227&#xD;
   at VideoOS.Platform.Proxy.ConfigApi.ConfigurationApiItemWrapper..ctor(ServerId serverId, String path) in D:\actions-runner\_work\XPCO\XPCO\MIP\PlatformPlugin\VideoOS.Platform\src\Proxy\ConfigApi\ConfigurationApiItemWrapper.cs:line 104&#xD;
   at VideoOS.Platform.ConfigurationItems.Factory.IsItemTypeSupported(ServerId serverId, String itemType) in D:\actions-runner\_work\XPCO\XPCO\MIP\PlatformPlugin\VideoOS.Platform\src\ConfigurationItems\Factory.cs:line 464&#xD;
&#xD;
Factory.IsItemTypeSupportedFactory.IsItemTypeSupported ()The method or operation is not implemented.   at VideoOS.Platform.SDKUnittest.EnvironmentTests.TestConfigurationClientService.GetItem(String path) in D:\actions-runner\_work\XPCO\XPCO\MIP\MIPSDK\tst\VideoOS.Platform.SDK.UnitTests\EnvironmentTests\TestsWithCorporateShimsBase.cs:line 227&#xD;
   at VideoOS.Platform.Proxy.ConfigApi.ConfigurationApiItemWrapper..ctor(ServerId serverId, String path) in D:\actions-runner\_work\XPCO\XPCO\MIP\PlatformPlugin\VideoOS.Platform\src\Proxy\ConfigApi\ConfigurationApiItemWrapper.cs:line 104&#xD;
   at VideoOS.Platform.ConfigurationItems.Factory.IsItemTypeSupported(ServerId serverId, String itemType) in D:\actions-runner\_work\XPCO\XPCO\MIP\PlatformPlugin\VideoOS.Platform\src\ConfigurationItems\Factory.cs:line 464</StdOut>
      </Output>
    </UnitTestResult>
    <UnitTestResult executionId="7d0513a4-faeb-4ffc-a461-00a2238d5de0" testId="f232c283-5c67-bba8-153c-a9bb7624a0ae" testName="XpcoSiteInfoUriNoSuccessActiveDirectory" computerName="DKSR-EFI-04" duration="00:00:00.3854712" startTime="2023-12-22T09:36:58.6219418+01:00" endTime="2023-12-22T09:36:59.0077049+01:00" testType="13cdc9d9-ddb5-4fa4-a97d-d965ccfc6d4b" outcome="Passed" testListId="8c84fa94-04c1-424b-9868-57a2d4851a1d" relativeResultsDirectory="7d0513a4-faeb-4ffc-a461-00a2238d5de0">
      <Output>
        <StdOut>Debug Trace:&#xD;
12/22/2023 9:36:58 AMFindBestAddress - Start for: https://4.4.4.4:55/, type=XPCO&#xD;
12/22/2023 9:36:58 AMFindBestAddress - Start for: http://4.4.4.4:55/, type=XPCO&#xD;
ConnectionCheck:http://4.4.4.4:55/  :The method or operation is not implemented.&#xD;
ConnectionCheck:https://4.4.4.4:55/  :The method or operation is not implemented.&#xD;
ConnectionCheck for:https://4.4.4.4:55/, Took:236ms&#xD;
ConnectionCheck for:http://4.4.4.4:55/, Took:235ms&#xD;
12/22/2023 9:36:58 AMFindBestAddress - End for: https://4.4.4.4:55/, type=XPCO&#xD;
12/22/2023 9:36:58 AMFindBestAddress - End for: http://4.4.4.4:55/, type=XPCO&#xD;
MIP: Error: FindBestAddress (): No server found on address: http://4.4.4.4:55/&#xD;
ConstructLoginServer: Unable to identify server type:4.4.4.4</StdOut>
      </Output>
    </UnitTestResult>
    <UnitTestResult executionId="4c35a23c-186c-4704-81b0-3813d9f1f4f3" testId="15ad8216-9c14-c256-63f8-389788086f93" testName="When_MipTokenCacheIsSet_BearerTokenBehaviourIsAdded" computerName="DKSR-EFI-04" duration="00:00:00.2794384" startTime="2023-12-22T09:36:54.3926584+01:00" endTime="2023-12-22T09:36:54.6725245+01:00" testType="13cdc9d9-ddb5-4fa4-a97d-d965ccfc6d4b" outcome="Passed" testListId="8c84fa94-04c1-424b-9868-57a2d4851a1d" relativeResultsDirectory="4c35a23c-186c-4704-81b0-3813d9f1f4f3" />
    <UnitTestResult executionId="633f4742-bc1a-40fa-a52b-8ab99cb362d3" testId="40843798-41bf-fb8a-959c-ba732aa831ed" testName="Reset_Success" computerName="DKSR-EFI-04" duration="00:00:00.0035590" startTime="2023-12-22T09:36:52.6518628+01:00" endTime="2023-12-22T09:36:52.6556491+01:00" testType="13cdc9d9-ddb5-4fa4-a97d-d965ccfc6d4b" outcome="Passed" testListId="8c84fa94-04c1-424b-9868-57a2d4851a1d" relativeResultsDirectory="633f4742-bc1a-40fa-a52b-8ab99cb362d3" />
    <UnitTestResult executionId="5a92b96c-a139-4a64-bec4-b333edd8637d" testId="bc335d91-1297-3bd7-e46e-c0c3ae74878f" testName="LoadSiteItem_WithServerType_Success" computerName="DKSR-EFI-04" duration="00:00:00.0049858" startTime="2023-12-22T09:36:52.6893905+01:00" endTime="2023-12-22T09:36:52.6945486+01:00" testType="13cdc9d9-ddb5-4fa4-a97d-d965ccfc6d4b" outcome="Passed" testListId="8c84fa94-04c1-424b-9868-57a2d4851a1d" relativeResultsDirectory="5a92b96c-a139-4a64-bec4-b333edd8637d" />
    <UnitTestResult executionId="9bad799a-9994-447b-bc17-1a3843a5c430" testId="6afb3563-c986-73d9-429e-d345f8912c2c" testName="XpcoGroupCheck" computerName="DKSR-EFI-04" duration="00:00:01.0793701" startTime="2023-12-22T09:37:14.8428107+01:00" endTime="2023-12-22T09:37:15.9223970+01:00" testType="13cdc9d9-ddb5-4fa4-a97d-d965ccfc6d4b" outcome="Passed" testListId="8c84fa94-04c1-424b-9868-57a2d4851a1d" relativeResultsDirectory="9bad799a-9994-447b-bc17-1a3843a5c430">
      <Output>
        <StdOut>Debug Trace:&#xD;
TopLevelControl returns null. PostMessage may have problems&#xD;
MIP: Error: ConfigurationApiItemWrapper (): ConfigAPI GetItem(): System.NotImplementedException, The method or operation is not implemented.&#xD;
MIP: Error: Factory.IsItemTypeSupported (): Exception source:      VideoOS.Platform.SDK.UnitTests&#xD;
Exception type:        System.NotImplementedException&#xD;
Exception message:     The method or operation is not implemented.&#xD;
Exception target site: GetItem&#xD;
   at VideoOS.Platform.SDKUnittest.EnvironmentTests.TestConfigurationClientService.GetItem(String path) in D:\actions-runner\_work\XPCO\XPCO\MIP\MIPSDK\tst\VideoOS.Platform.SDK.UnitTests\EnvironmentTests\TestsWithCorporateShimsBase.cs:line 227&#xD;
   at VideoOS.Platform.Proxy.ConfigApi.ConfigurationApiItemWrapper..ctor(ServerId serverId, String path) in D:\actions-runner\_work\XPCO\XPCO\MIP\PlatformPlugin\VideoOS.Platform\src\Proxy\ConfigApi\ConfigurationApiItemWrapper.cs:line 104&#xD;
   at VideoOS.Platform.ConfigurationItems.Factory.IsItemTypeSupported(ServerId serverId, String itemType) in D:\actions-runner\_work\XPCO\XPCO\MIP\PlatformPlugin\VideoOS.Platform\src\ConfigurationItems\Factory.cs:line 464&#xD;
&#xD;
Factory.IsItemTypeSupportedFactory.IsItemTypeSupported ()The method or operation is not implemented.   at VideoOS.Platform.SDKUnittest.EnvironmentTests.TestConfigurationClientService.GetItem(String path) in D:\actions-runner\_work\XPCO\XPCO\MIP\MIPSDK\tst\VideoOS.Platform.SDK.UnitTests\EnvironmentTests\TestsWithCorporateShimsBase.cs:line 227&#xD;
   at VideoOS.Platform.Proxy.ConfigApi.ConfigurationApiItemWrapper..ctor(ServerId serverId, String path) in D:\actions-runner\_work\XPCO\XPCO\MIP\PlatformPlugin\VideoOS.Platform\src\Proxy\ConfigApi\ConfigurationApiItemWrapper.cs:line 104&#xD;
   at VideoOS.Platform.ConfigurationItems.Factory.IsItemTypeSupported(ServerId serverId, String itemType) in D:\actions-runner\_work\XPCO\XPCO\MIP\PlatformPlugin\VideoOS.Platform\src\ConfigurationItems\Factory.cs:line 464&#xD;
MIP: Error: GetConfiguration (): CustomSetting not found for the given platformDefinitionId: e145597a-ecaf-40a1-99e6-14bb9d45a09e&#xD;
MIP: Error: ConfigurationApiItemWrapper (): ConfigAPI GetItem(): System.NotImplementedException, The method or operation is not implemented.&#xD;
MIP: Error: Factory.IsItemTypeSupported (): Exception source:      VideoOS.Platform.SDK.UnitTests&#xD;
Exception type:        System.NotImplementedException&#xD;
Exception message:     The method or operation is not implemented.&#xD;
Exception target site: GetItem&#xD;
   at VideoOS.Platform.SDKUnittest.EnvironmentTests.TestConfigurationClientService.GetItem(String path) in D:\actions-runner\_work\XPCO\XPCO\MIP\MIPSDK\tst\VideoOS.Platform.SDK.UnitTests\EnvironmentTests\TestsWithCorporateShimsBase.cs:line 227&#xD;
   at VideoOS.Platform.Proxy.ConfigApi.ConfigurationApiItemWrapper..ctor(ServerId serverId, String path) in D:\actions-runner\_work\XPCO\XPCO\MIP\PlatformPlugin\VideoOS.Platform\src\Proxy\ConfigApi\ConfigurationApiItemWrapper.cs:line 104&#xD;
   at VideoOS.Platform.ConfigurationItems.Factory.IsItemTypeSupported(ServerId serverId, String itemType) in D:\actions-runner\_work\XPCO\XPCO\MIP\PlatformPlugin\VideoOS.Platform\src\ConfigurationItems\Factory.cs:line 464&#xD;
&#xD;
Factory.IsItemTypeSupportedFactory.IsItemTypeSupported ()The method or operation is not implemented.   at VideoOS.Platform.SDKUnittest.EnvironmentTests.TestConfigurationClientService.GetItem(String path) in D:\actions-runner\_work\XPCO\XPCO\MIP\MIPSDK\tst\VideoOS.Platform.SDK.UnitTests\EnvironmentTests\TestsWithCorporateShimsBase.cs:line 227&#xD;
   at VideoOS.Platform.Proxy.ConfigApi.ConfigurationApiItemWrapper..ctor(ServerId serverId, String path) in D:\actions-runner\_work\XPCO\XPCO\MIP\PlatformPlugin\VideoOS.Platform\src\Proxy\ConfigApi\ConfigurationApiItemWrapper.cs:line 104&#xD;
   at VideoOS.Platform.ConfigurationItems.Factory.IsItemTypeSupported(ServerId serverId, String itemType) in D:\actions-runner\_work\XPCO\XPCO\MIP\PlatformPlugin\VideoOS.Platform\src\ConfigurationItems\Factory.cs:line 464&#xD;
MIP: Error: LoginServerOauth (): https://1.2.3.5:55/ManagementServer/ServerCommandServiceOAuth.svc The method or operation is not implemented.&#xD;
MIP: Error: ConfigurationApiItemWrapper (): ConfigAPI GetItem(): System.NotImplementedException, The method or operation is not implemented.&#xD;
MIP: Error: Factory.IsItemTypeSupported (): Exception source:      VideoOS.Platform.SDK.UnitTests&#xD;
Exception type:        System.NotImplementedException&#xD;
Exception message:     The method or operation is not implemented.&#xD;
Exception target site: GetItem&#xD;
   at VideoOS.Platform.SDKUnittest.EnvironmentTests.TestConfigurationClientService.GetItem(String path) in D:\actions-runner\_work\XPCO\XPCO\MIP\MIPSDK\tst\VideoOS.Platform.SDK.UnitTests\EnvironmentTests\TestsWithCorporateShimsBase.cs:line 227&#xD;
   at VideoOS.Platform.Proxy.ConfigApi.ConfigurationApiItemWrapper..ctor(ServerId serverId, String path) in D:\actions-runner\_work\XPCO\XPCO\MIP\PlatformPlugin\VideoOS.Platform\src\Proxy\ConfigApi\ConfigurationApiItemWrapper.cs:line 104&#xD;
   at VideoOS.Platform.ConfigurationItems.Factory.IsItemTypeSupported(ServerId serverId, String itemType) in D:\actions-runner\_work\XPCO\XPCO\MIP\PlatformPlugin\VideoOS.Platform\src\ConfigurationItems\Factory.cs:line 464&#xD;
&#xD;
Factory.IsItemTypeSupportedFactory.IsItemTypeSupported ()The method or operation is not implemented.   at VideoOS.Platform.SDKUnittest.EnvironmentTests.TestConfigurationClientService.GetItem(String path) in D:\actions-runner\_work\XPCO\XPCO\MIP\MIPSDK\tst\VideoOS.Platform.SDK.UnitTests\EnvironmentTests\TestsWithCorporateShimsBase.cs:line 227&#xD;
   at VideoOS.Platform.Proxy.ConfigApi.ConfigurationApiItemWrapper..ctor(ServerId serverId, String path) in D:\actions-runner\_work\XPCO\XPCO\MIP\PlatformPlugin\VideoOS.Platform\src\Proxy\ConfigApi\ConfigurationApiItemWrapper.cs:line 104&#xD;
   at VideoOS.Platform.ConfigurationItems.Factory.IsItemTypeSupported(ServerId serverId, String itemType) in D:\actions-runner\_work\XPCO\XPCO\MIP\PlatformPlugin\VideoOS.Platform\src\ConfigurationItems\Factory.cs:line 464&#xD;
MIP: Error: GetConfiguration (): CustomSetting not found for the given platformDefinitionId: e145597a-ecaf-40a1-99e6-14bb9d45a09e&#xD;
MIP: Error: ConfigurationApiItemWrapper (): ConfigAPI GetItem(): System.NotImplementedException, The method or operation is not implemented.&#xD;
MIP: Error: Factory.IsItemTypeSupported (): Exception source:      VideoOS.Platform.SDK.UnitTests&#xD;
Exception type:        System.NotImplementedException&#xD;
Exception message:     The method or operation is not implemented.&#xD;
Exception target site: GetItem&#xD;
   at VideoOS.Platform.SDKUnittest.EnvironmentTests.TestConfigurationClientService.GetItem(String path) in D:\actions-runner\_work\XPCO\XPCO\MIP\MIPSDK\tst\VideoOS.Platform.SDK.UnitTests\EnvironmentTests\TestsWithCorporateShimsBase.cs:line 227&#xD;
   at VideoOS.Platform.Proxy.ConfigApi.ConfigurationApiItemWrapper..ctor(ServerId serverId, String path) in D:\actions-runner\_work\XPCO\XPCO\MIP\PlatformPlugin\VideoOS.Platform\src\Proxy\ConfigApi\ConfigurationApiItemWrapper.cs:line 104&#xD;
   at VideoOS.Platform.ConfigurationItems.Factory.IsItemTypeSupported(ServerId serverId, String itemType) in D:\actions-runner\_work\XPCO\XPCO\MIP\PlatformPlugin\VideoOS.Platform\src\ConfigurationItems\Factory.cs:line 464&#xD;
&#xD;
Factory.IsItemTypeSupportedFactory.IsItemTypeSupported ()The method or operation is not implemented.   at VideoOS.Platform.SDKUnittest.EnvironmentTests.TestConfigurationClientService.GetItem(String path) in D:\actions-runner\_work\XPCO\XPCO\MIP\MIPSDK\tst\VideoOS.Platform.SDK.UnitTests\EnvironmentTests\TestsWithCorporateShimsBase.cs:line 227&#xD;
   at VideoOS.Platform.Proxy.ConfigApi.ConfigurationApiItemWrapper..ctor(ServerId serverId, String path) in D:\actions-runner\_work\XPCO\XPCO\MIP\PlatformPlugin\VideoOS.Platform\src\Proxy\ConfigApi\ConfigurationApiItemWrapper.cs:line 104&#xD;
   at VideoOS.Platform.ConfigurationItems.Factory.IsItemTypeSupported(ServerId serverId, String itemType) in D:\actions-runner\_work\XPCO\XPCO\MIP\PlatformPlugin\VideoOS.Platform\src\ConfigurationItems\Factory.cs:line 464&#xD;
MIP: Error: LoginServerOauth (): https://1.2.3.5:55/ManagementServer/ServerCommandServiceOAuth.svc The method or operation is not implemented.&#xD;
MIP: Error: ConfigurationApiItemWrapper (): ConfigAPI GetItem(): System.NotImplementedException, The method or operation is not implemented.&#xD;
MIP: Error: Factory.IsItemTypeSupported (): Exception source:      VideoOS.Platform.SDK.UnitTests&#xD;
Exception type:        System.NotImplementedException&#xD;
Exception message:     The method or operation is not implemented.&#xD;
Exception target site: GetItem&#xD;
   at VideoOS.Platform.SDKUnittest.EnvironmentTests.TestConfigurationClientService.GetItem(String path) in D:\actions-runner\_work\XPCO\XPCO\MIP\MIPSDK\tst\VideoOS.Platform.SDK.UnitTests\EnvironmentTests\TestsWithCorporateShimsBase.cs:line 227&#xD;
   at VideoOS.Platform.Proxy.ConfigApi.ConfigurationApiItemWrapper..ctor(ServerId serverId, String path) in D:\actions-runner\_work\XPCO\XPCO\MIP\PlatformPlugin\VideoOS.Platform\src\Proxy\ConfigApi\ConfigurationApiItemWrapper.cs:line 104&#xD;
   at VideoOS.Platform.ConfigurationItems.Factory.IsItemTypeSupported(ServerId serverId, String itemType) in D:\actions-runner\_work\XPCO\XPCO\MIP\PlatformPlugin\VideoOS.Platform\src\ConfigurationItems\Factory.cs:line 464&#xD;
&#xD;
Factory.IsItemTypeSupportedFactory.IsItemTypeSupported ()The method or operation is not implemented.   at VideoOS.Platform.SDKUnittest.EnvironmentTests.TestConfigurationClientService.GetItem(String path) in D:\actions-runner\_work\XPCO\XPCO\MIP\MIPSDK\tst\VideoOS.Platform.SDK.UnitTests\EnvironmentTests\TestsWithCorporateShimsBase.cs:line 227&#xD;
   at VideoOS.Platform.Proxy.ConfigApi.ConfigurationApiItemWrapper..ctor(ServerId serverId, String path) in D:\actions-runner\_work\XPCO\XPCO\MIP\PlatformPlugin\VideoOS.Platform\src\Proxy\ConfigApi\ConfigurationApiItemWrapper.cs:line 104&#xD;
   at VideoOS.Platform.ConfigurationItems.Factory.IsItemTypeSupported(ServerId serverId, String itemType) in D:\actions-runner\_work\XPCO\XPCO\MIP\PlatformPlugin\VideoOS.Platform\src\ConfigurationItems\Factory.cs:line 464&#xD;
MIP: Error: ConfigurationApiItemWrapper (): ConfigAPI GetItem(): System.NotImplementedException, The method or operation is not implemented.&#xD;
MIP: Error: Factory.IsItemTypeSupported (): Exception source:      VideoOS.Platform.SDK.UnitTests&#xD;
Exception type:        System.NotImplementedException&#xD;
Exception message:     The method or operation is not implemented.&#xD;
Exception target site: GetItem&#xD;
   at VideoOS.Platform.SDKUnittest.EnvironmentTests.TestConfigurationClientService.GetItem(String path) in D:\actions-runner\_work\XPCO\XPCO\MIP\MIPSDK\tst\VideoOS.Platform.SDK.UnitTests\EnvironmentTests\TestsWithCorporateShimsBase.cs:line 227&#xD;
   at VideoOS.Platform.Proxy.ConfigApi.ConfigurationApiItemWrapper..ctor(ServerId serverId, String path) in D:\actions-runner\_work\XPCO\XPCO\MIP\PlatformPlugin\VideoOS.Platform\src\Proxy\ConfigApi\ConfigurationApiItemWrapper.cs:line 104&#xD;
   at VideoOS.Platform.ConfigurationItems.Factory.IsItemTypeSupported(ServerId serverId, String itemType) in D:\actions-runner\_work\XPCO\XPCO\MIP\PlatformPlugin\VideoOS.Platform\src\ConfigurationItems\Factory.cs:line 464&#xD;
&#xD;
Factory.IsItemTypeSupportedFactory.IsItemTypeSupported ()The method or operation is not implemented.   at VideoOS.Platform.SDKUnittest.EnvironmentTests.TestConfigurationClientService.GetItem(String path) in D:\actions-runner\_work\XPCO\XPCO\MIP\MIPSDK\tst\VideoOS.Platform.SDK.UnitTests\EnvironmentTests\TestsWithCorporateShimsBase.cs:line 227&#xD;
   at VideoOS.Platform.Proxy.ConfigApi.ConfigurationApiItemWrapper..ctor(ServerId serverId, String path) in D:\actions-runner\_work\XPCO\XPCO\MIP\PlatformPlugin\VideoOS.Platform\src\Proxy\ConfigApi\ConfigurationApiItemWrapper.cs:line 104&#xD;
   at VideoOS.Platform.ConfigurationItems.Factory.IsItemTypeSupported(ServerId serverId, String itemType) in D:\actions-runner\_work\XPCO\XPCO\MIP\PlatformPlugin\VideoOS.Platform\src\ConfigurationItems\Factory.cs:line 464&#xD;
MIP: Error: LoginServerOauth (): https://1.2.3.5:55/ManagementServer/ServerCommandServiceOAuth.svc The method or operation is not implemented.&#xD;
MIP: Error: ConfigurationApiItemWrapper (): ConfigAPI GetItem(): System.NotImplementedException, The method or operation is not implemented.&#xD;
MIP: Error: Factory.IsItemTypeSupported (): Exception source:      VideoOS.Platform.SDK.UnitTests&#xD;
Exception type:        System.NotImplementedException&#xD;
Exception message:     The method or operation is not implemented.&#xD;
Exception target site: GetItem&#xD;
   at VideoOS.Platform.SDKUnittest.EnvironmentTests.TestConfigurationClientService.GetItem(String path) in D:\actions-runner\_work\XPCO\XPCO\MIP\MIPSDK\tst\VideoOS.Platform.SDK.UnitTests\EnvironmentTests\TestsWithCorporateShimsBase.cs:line 227&#xD;
   at VideoOS.Platform.Proxy.ConfigApi.ConfigurationApiItemWrapper..ctor(ServerId serverId, String path) in D:\actions-runner\_work\XPCO\XPCO\MIP\PlatformPlugin\VideoOS.Platform\src\Proxy\ConfigApi\ConfigurationApiItemWrapper.cs:line 104&#xD;
   at VideoOS.Platform.ConfigurationItems.Factory.IsItemTypeSupported(ServerId serverId, String itemType) in D:\actions-runner\_work\XPCO\XPCO\MIP\PlatformPlugin\VideoOS.Platform\src\ConfigurationItems\Factory.cs:line 464&#xD;
&#xD;
Factory.IsItemTypeSupportedFactory.IsItemTypeSupported ()The method or operation is not implemented.   at VideoOS.Platform.SDKUnittest.EnvironmentTests.TestConfigurationClientService.GetItem(String path) in D:\actions-runner\_work\XPCO\XPCO\MIP\MIPSDK\tst\VideoOS.Platform.SDK.UnitTests\EnvironmentTests\TestsWithCorporateShimsBase.cs:line 227&#xD;
   at VideoOS.Platform.Proxy.ConfigApi.ConfigurationApiItemWrapper..ctor(ServerId serverId, String path) in D:\actions-runner\_work\XPCO\XPCO\MIP\PlatformPlugin\VideoOS.Platform\src\Proxy\ConfigApi\ConfigurationApiItemWrapper.cs:line 104&#xD;
   at VideoOS.Platform.ConfigurationItems.Factory.IsItemTypeSupported(ServerId serverId, String itemType) in D:\actions-runner\_work\XPCO\XPCO\MIP\PlatformPlugin\VideoOS.Platform\src\ConfigurationItems\Factory.cs:line 464&#xD;
MIP: Error: GetConfiguration (): CustomSetting not found for the given platformDefinitionId: e145597a-ecaf-40a1-99e6-14bb9d45a09e&#xD;
MIP: Error: ConfigurationApiItemWrapper (): ConfigAPI GetItem(): System.NotImplementedException, The method or operation is not implemented.&#xD;
MIP: Error: Factory.IsItemTypeSupported (): Exception source:      VideoOS.Platform.SDK.UnitTests&#xD;
Exception type:        System.NotImplementedException&#xD;
Exception message:     The method or operation is not implemented.&#xD;
Exception target site: GetItem&#xD;
   at VideoOS.Platform.SDKUnittest.EnvironmentTests.TestConfigurationClientService.GetItem(String path) in D:\actions-runner\_work\XPCO\XPCO\MIP\MIPSDK\tst\VideoOS.Platform.SDK.UnitTests\EnvironmentTests\TestsWithCorporateShimsBase.cs:line 227&#xD;
   at VideoOS.Platform.Proxy.ConfigApi.ConfigurationApiItemWrapper..ctor(ServerId serverId, String path) in D:\actions-runner\_work\XPCO\XPCO\MIP\PlatformPlugin\VideoOS.Platform\src\Proxy\ConfigApi\ConfigurationApiItemWrapper.cs:line 104&#xD;
   at VideoOS.Platform.ConfigurationItems.Factory.IsItemTypeSupported(ServerId serverId, String itemType) in D:\actions-runner\_work\XPCO\XPCO\MIP\PlatformPlugin\VideoOS.Platform\src\ConfigurationItems\Factory.cs:line 464&#xD;
&#xD;
Factory.IsItemTypeSupportedFactory.IsItemTypeSupported ()The method or operation is not implemented.   at VideoOS.Platform.SDKUnittest.EnvironmentTests.TestConfigurationClientService.GetItem(String path) in D:\actions-runner\_work\XPCO\XPCO\MIP\MIPSDK\tst\VideoOS.Platform.SDK.UnitTests\EnvironmentTests\TestsWithCorporateShimsBase.cs:line 227&#xD;
   at VideoOS.Platform.Proxy.ConfigApi.ConfigurationApiItemWrapper..ctor(ServerId serverId, String path) in D:\actions-runner\_work\XPCO\XPCO\MIP\PlatformPlugin\VideoOS.Platform\src\Proxy\ConfigApi\ConfigurationApiItemWrapper.cs:line 104&#xD;
   at VideoOS.Platform.ConfigurationItems.Factory.IsItemTypeSupported(ServerId serverId, String itemType) in D:\actions-runner\_work\XPCO\XPCO\MIP\PlatformPlugin\VideoOS.Platform\src\ConfigurationItems\Factory.cs:line 464&#xD;
MIP: Error: LoginServerOauth (): https://1.2.3.5:55/ManagementServer/ServerCommandServiceOAuth.svc The method or operation is not implemented.&#xD;
MIP: Error: ConfigurationApiItemWrapper (): ConfigAPI GetItem(): System.NotImplementedException, The method or operation is not implemented.&#xD;
MIP: Error: Factory.IsItemTypeSupported (): Exception source:      VideoOS.Platform.SDK.UnitTests&#xD;
Exception type:        System.NotImplementedException&#xD;
Exception message:     The method or operation is not implemented.&#xD;
Exception target site: GetItem&#xD;
   at VideoOS.Platform.SDKUnittest.EnvironmentTests.TestConfigurationClientService.GetItem(String path) in D:\actions-runner\_work\XPCO\XPCO\MIP\MIPSDK\tst\VideoOS.Platform.SDK.UnitTests\EnvironmentTests\TestsWithCorporateShimsBase.cs:line 227&#xD;
   at VideoOS.Platform.Proxy.ConfigApi.ConfigurationApiItemWrapper..ctor(ServerId serverId, String path) in D:\actions-runner\_work\XPCO\XPCO\MIP\PlatformPlugin\VideoOS.Platform\src\Proxy\ConfigApi\ConfigurationApiItemWrapper.cs:line 104&#xD;
   at VideoOS.Platform.ConfigurationItems.Factory.IsItemTypeSupported(ServerId serverId, String itemType) in D:\actions-runner\_work\XPCO\XPCO\MIP\PlatformPlugin\VideoOS.Platform\src\ConfigurationItems\Factory.cs:line 464&#xD;
&#xD;
Factory.IsItemTypeSupportedFactory.IsItemTypeSupported ()The method or operation is not implemented.   at VideoOS.Platform.SDKUnittest.EnvironmentTests.TestConfigurationClientService.GetItem(String path) in D:\actions-runner\_work\XPCO\XPCO\MIP\MIPSDK\tst\VideoOS.Platform.SDK.UnitTests\EnvironmentTests\TestsWithCorporateShimsBase.cs:line 227&#xD;
   at VideoOS.Platform.Proxy.ConfigApi.ConfigurationApiItemWrapper..ctor(ServerId serverId, String path) in D:\actions-runner\_work\XPCO\XPCO\MIP\PlatformPlugin\VideoOS.Platform\src\Proxy\ConfigApi\ConfigurationApiItemWrapper.cs:line 104&#xD;
   at VideoOS.Platform.ConfigurationItems.Factory.IsItemTypeSupported(ServerId serverId, String itemType) in D:\actions-runner\_work\XPCO\XPCO\MIP\PlatformPlugin\VideoOS.Platform\src\ConfigurationItems\Factory.cs:line 464&#xD;
MIP: Error: ConfigurationApiItemWrapper (): ConfigAPI GetItem(): System.NotImplementedException, The method or operation is not implemented.&#xD;
MIP: Error: Factory.IsItemTypeSupported (): Exception source:      VideoOS.Platform.SDK.UnitTests&#xD;
Exception type:        System.NotImplementedException&#xD;
Exception message:     The method or operation is not implemented.&#xD;
Exception target site: GetItem&#xD;
   at VideoOS.Platform.SDKUnittest.EnvironmentTests.TestConfigurationClientService.GetItem(String path) in D:\actions-runner\_work\XPCO\XPCO\MIP\MIPSDK\tst\VideoOS.Platform.SDK.UnitTests\EnvironmentTests\TestsWithCorporateShimsBase.cs:line 227&#xD;
   at VideoOS.Platform.Proxy.ConfigApi.ConfigurationApiItemWrapper..ctor(ServerId serverId, String path) in D:\actions-runner\_work\XPCO\XPCO\MIP\PlatformPlugin\VideoOS.Platform\src\Proxy\ConfigApi\ConfigurationApiItemWrapper.cs:line 104&#xD;
   at VideoOS.Platform.ConfigurationItems.Factory.IsItemTypeSupported(ServerId serverId, String itemType) in D:\actions-runner\_work\XPCO\XPCO\MIP\PlatformPlugin\VideoOS.Platform\src\ConfigurationItems\Factory.cs:line 464&#xD;
&#xD;
Factory.IsItemTypeSupportedFactory.IsItemTypeSupported ()The method or operation is not implemented.   at VideoOS.Platform.SDKUnittest.EnvironmentTests.TestConfigurationClientService.GetItem(String path) in D:\actions-runner\_work\XPCO\XPCO\MIP\MIPSDK\tst\VideoOS.Platform.SDK.UnitTests\EnvironmentTests\TestsWithCorporateShimsBase.cs:line 227&#xD;
   at VideoOS.Platform.Proxy.ConfigApi.ConfigurationApiItemWrapper..ctor(ServerId serverId, String path) in D:\actions-runner\_work\XPCO\XPCO\MIP\PlatformPlugin\VideoOS.Platform\src\Proxy\ConfigApi\ConfigurationApiItemWrapper.cs:line 104&#xD;
   at VideoOS.Platform.ConfigurationItems.Factory.IsItemTypeSupported(ServerId serverId, String itemType) in D:\actions-runner\_work\XPCO\XPCO\MIP\PlatformPlugin\VideoOS.Platform\src\ConfigurationItems\Factory.cs:line 464&#xD;
MIP: Error: LoginServerOauth (): https://1.2.3.5:55/ManagementServer/ServerCommandServiceOAuth.svc The method or operation is not implemented.&#xD;
MIP: Error: ConfigurationApiItemWrapper (): ConfigAPI GetItem(): System.NotImplementedException, The method or operation is not implemented.&#xD;
MIP: Error: Factory.IsItemTypeSupported (): Exception source:      VideoOS.Platform.SDK.UnitTests&#xD;
Exception type:        System.NotImplementedException&#xD;
Exception message:     The method or operation is not implemented.&#xD;
Exception target site: GetItem&#xD;
   at VideoOS.Platform.SDKUnittest.EnvironmentTests.TestConfigurationClientService.GetItem(String path) in D:\actions-runner\_work\XPCO\XPCO\MIP\MIPSDK\tst\VideoOS.Platform.SDK.UnitTests\EnvironmentTests\TestsWithCorporateShimsBase.cs:line 227&#xD;
   at VideoOS.Platform.Proxy.ConfigApi.ConfigurationApiItemWrapper..ctor(ServerId serverId, String path) in D:\actions-runner\_work\XPCO\XPCO\MIP\PlatformPlugin\VideoOS.Platform\src\Proxy\ConfigApi\ConfigurationApiItemWrapper.cs:line 104&#xD;
   at VideoOS.Platform.ConfigurationItems.Factory.IsItemTypeSupported(ServerId serverId, String itemType) in D:\actions-runner\_work\XPCO\XPCO\MIP\PlatformPlugin\VideoOS.Platform\src\ConfigurationItems\Factory.cs:line 464&#xD;
&#xD;
Factory.IsItemTypeSupportedFactory.IsItemTypeSupported ()The method or operation is not implemented.   at VideoOS.Platform.SDKUnittest.EnvironmentTests.TestConfigurationClientService.GetItem(String path) in D:\actions-runner\_work\XPCO\XPCO\MIP\MIPSDK\tst\VideoOS.Platform.SDK.UnitTests\EnvironmentTests\TestsWithCorporateShimsBase.cs:line 227&#xD;
   at VideoOS.Platform.Proxy.ConfigApi.ConfigurationApiItemWrapper..ctor(ServerId serverId, String path) in D:\actions-runner\_work\XPCO\XPCO\MIP\PlatformPlugin\VideoOS.Platform\src\Proxy\ConfigApi\ConfigurationApiItemWrapper.cs:line 104&#xD;
   at VideoOS.Platform.ConfigurationItems.Factory.IsItemTypeSupported(ServerId serverId, String itemType) in D:\actions-runner\_work\XPCO\XPCO\MIP\PlatformPlugin\VideoOS.Platform\src\ConfigurationItems\Factory.cs:line 464&#xD;
MIP: Error: GetConfiguration (): CustomSetting not found for the given platformDefinitionId: e145597a-ecaf-40a1-99e6-14bb9d45a09e&#xD;
MIP: Error: ConfigurationApiItemWrapper (): ConfigAPI GetItem(): System.NotImplementedException, The method or operation is not implemented.&#xD;
MIP: Error: Factory.IsItemTypeSupported (): Exception source:      VideoOS.Platform.SDK.UnitTests&#xD;
Exception type:        System.NotImplementedException&#xD;
Exception message:     The method or operation is not implemented.&#xD;
Exception target site: GetItem&#xD;
   at VideoOS.Platform.SDKUnittest.EnvironmentTests.TestConfigurationClientService.GetItem(String path) in D:\actions-runner\_work\XPCO\XPCO\MIP\MIPSDK\tst\VideoOS.Platform.SDK.UnitTests\EnvironmentTests\TestsWithCorporateShimsBase.cs:line 227&#xD;
   at VideoOS.Platform.Proxy.ConfigApi.ConfigurationApiItemWrapper..ctor(ServerId serverId, String path) in D:\actions-runner\_work\XPCO\XPCO\MIP\PlatformPlugin\VideoOS.Platform\src\Proxy\ConfigApi\ConfigurationApiItemWrapper.cs:line 104&#xD;
   at VideoOS.Platform.ConfigurationItems.Factory.IsItemTypeSupported(ServerId serverId, String itemType) in D:\actions-runner\_work\XPCO\XPCO\MIP\PlatformPlugin\VideoOS.Platform\src\ConfigurationItems\Factory.cs:line 464&#xD;
&#xD;
Factory.IsItemTypeSupportedFactory.IsItemTypeSupported ()The method or operation is not implemented.   at VideoOS.Platform.SDKUnittest.EnvironmentTests.TestConfigurationClientService.GetItem(String path) in D:\actions-runner\_work\XPCO\XPCO\MIP\MIPSDK\tst\VideoOS.Platform.SDK.UnitTests\EnvironmentTests\TestsWithCorporateShimsBase.cs:line 227&#xD;
   at VideoOS.Platform.Proxy.ConfigApi.ConfigurationApiItemWrapper..ctor(ServerId serverId, String path) in D:\actions-runner\_work\XPCO\XPCO\MIP\PlatformPlugin\VideoOS.Platform\src\Proxy\ConfigApi\ConfigurationApiItemWrapper.cs:line 104&#xD;
   at VideoOS.Platform.ConfigurationItems.Factory.IsItemTypeSupported(ServerId serverId, String itemType) in D:\actions-runner\_work\XPCO\XPCO\MIP\PlatformPlugin\VideoOS.Platform\src\ConfigurationItems\Factory.cs:line 464&#xD;
MIP: Error: LoginServerOauth (): https://1.2.3.5:55/ManagementServer/ServerCommandServiceOAuth.svc The method or operation is not implemented.&#xD;
MIP: Error: ConfigurationApiItemWrapper (): ConfigAPI GetItem(): System.NotImplementedException, The method or operation is not implemented.&#xD;
MIP: Error: Factory.IsItemTypeSupported (): Exception source:      VideoOS.Platform.SDK.UnitTests&#xD;
Exception type:        System.NotImplementedException&#xD;
Exception message:     The method or operation is not implemented.&#xD;
Exception target site: GetItem&#xD;
   at VideoOS.Platform.SDKUnittest.EnvironmentTests.TestConfigurationClientService.GetItem(String path) in D:\actions-runner\_work\XPCO\XPCO\MIP\MIPSDK\tst\VideoOS.Platform.SDK.UnitTests\EnvironmentTests\TestsWithCorporateShimsBase.cs:line 227&#xD;
   at VideoOS.Platform.Proxy.ConfigApi.ConfigurationApiItemWrapper..ctor(ServerId serverId, String path) in D:\actions-runner\_work\XPCO\XPCO\MIP\PlatformPlugin\VideoOS.Platform\src\Proxy\ConfigApi\ConfigurationApiItemWrapper.cs:line 104&#xD;
   at VideoOS.Platform.ConfigurationItems.Factory.IsItemTypeSupported(ServerId serverId, String itemType) in D:\actions-runner\_work\XPCO\XPCO\MIP\PlatformPlugin\VideoOS.Platform\src\ConfigurationItems\Factory.cs:line 464&#xD;
&#xD;
Factory.IsItemTypeSupportedFactory.IsItemTypeSupported ()The method or operation is not implemented.   at VideoOS.Platform.SDKUnittest.EnvironmentTests.TestConfigurationClientService.GetItem(String path) in D:\actions-runner\_work\XPCO\XPCO\MIP\MIPSDK\tst\VideoOS.Platform.SDK.UnitTests\EnvironmentTests\TestsWithCorporateShimsBase.cs:line 227&#xD;
   at VideoOS.Platform.Proxy.ConfigApi.ConfigurationApiItemWrapper..ctor(ServerId serverId, String path) in D:\actions-runner\_work\XPCO\XPCO\MIP\PlatformPlugin\VideoOS.Platform\src\Proxy\ConfigApi\ConfigurationApiItemWrapper.cs:line 104&#xD;
   at VideoOS.Platform.ConfigurationItems.Factory.IsItemTypeSupported(ServerId serverId, String itemType) in D:\actions-runner\_work\XPCO\XPCO\MIP\PlatformPlugin\VideoOS.Platform\src\ConfigurationItems\Factory.cs:line 464&#xD;
MIP: Error: ConfigurationApiItemWrapper (): ConfigAPI GetItem(): System.NotImplementedException, The method or operation is not implemented.&#xD;
MIP: Error: Factory.IsItemTypeSupported (): Exception source:      VideoOS.Platform.SDK.UnitTests&#xD;
Exception type:        System.NotImplementedException&#xD;
Exception message:     The method or operation is not implemented.&#xD;
Exception target site: GetItem&#xD;
   at VideoOS.Platform.SDKUnittest.EnvironmentTests.TestConfigurationClientService.GetItem(String path) in D:\actions-runner\_work\XPCO\XPCO\MIP\MIPSDK\tst\VideoOS.Platform.SDK.UnitTests\EnvironmentTests\TestsWithCorporateShimsBase.cs:line 227&#xD;
   at VideoOS.Platform.Proxy.ConfigApi.ConfigurationApiItemWrapper..ctor(ServerId serverId, String path) in D:\actions-runner\_work\XPCO\XPCO\MIP\PlatformPlugin\VideoOS.Platform\src\Proxy\ConfigApi\ConfigurationApiItemWrapper.cs:line 104&#xD;
   at VideoOS.Platform.ConfigurationItems.Factory.IsItemTypeSupported(ServerId serverId, String itemType) in D:\actions-runner\_work\XPCO\XPCO\MIP\PlatformPlugin\VideoOS.Platform\src\ConfigurationItems\Factory.cs:line 464&#xD;
&#xD;
Factory.IsItemTypeSupportedFactory.IsItemTypeSupported ()The method or operation is not implemented.   at VideoOS.Platform.SDKUnittest.EnvironmentTests.TestConfigurationClientService.GetItem(String path) in D:\actions-runner\_work\XPCO\XPCO\MIP\MIPSDK\tst\VideoOS.Platform.SDK.UnitTests\EnvironmentTests\TestsWithCorporateShimsBase.cs:line 227&#xD;
   at VideoOS.Platform.Proxy.ConfigApi.ConfigurationApiItemWrapper..ctor(ServerId serverId, String path) in D:\actions-runner\_work\XPCO\XPCO\MIP\PlatformPlugin\VideoOS.Platform\src\Proxy\ConfigApi\ConfigurationApiItemWrapper.cs:line 104&#xD;
   at VideoOS.Platform.ConfigurationItems.Factory.IsItemTypeSupported(ServerId serverId, String itemType) in D:\actions-runner\_work\XPCO\XPCO\MIP\PlatformPlugin\VideoOS.Platform\src\ConfigurationItems\Factory.cs:line 464&#xD;
MIP: Error: LoginServerOauth (): https://1.2.3.5:55/ManagementServer/ServerCommandServiceOAuth.svc The method or operation is not implemented.&#xD;
MIP: Error: ConfigurationApiItemWrapper (): ConfigAPI GetItem(): System.NotImplementedException, The method or operation is not implemented.&#xD;
MIP: Error: Factory.IsItemTypeSupported (): Exception source:      VideoOS.Platform.SDK.UnitTests&#xD;
Exception type:        System.NotImplementedException&#xD;
Exception message:     The method or operation is not implemented.&#xD;
Exception target site: GetItem&#xD;
   at VideoOS.Platform.SDKUnittest.EnvironmentTests.TestConfigurationClientService.GetItem(String path) in D:\actions-runner\_work\XPCO\XPCO\MIP\MIPSDK\tst\VideoOS.Platform.SDK.UnitTests\EnvironmentTests\TestsWithCorporateShimsBase.cs:line 227&#xD;
   at VideoOS.Platform.Proxy.ConfigApi.ConfigurationApiItemWrapper..ctor(ServerId serverId, String path) in D:\actions-runner\_work\XPCO\XPCO\MIP\PlatformPlugin\VideoOS.Platform\src\Proxy\ConfigApi\ConfigurationApiItemWrapper.cs:line 104&#xD;
   at VideoOS.Platform.ConfigurationItems.Factory.IsItemTypeSupported(ServerId serverId, String itemType) in D:\actions-runner\_work\XPCO\XPCO\MIP\PlatformPlugin\VideoOS.Platform\src\ConfigurationItems\Factory.cs:line 464&#xD;
&#xD;
Factory.IsItemTypeSupportedFactory.IsItemTypeSupported ()The method or operation is not implemented.   at VideoOS.Platform.SDKUnittest.EnvironmentTests.TestConfigurationClientService.GetItem(String path) in D:\actions-runner\_work\XPCO\XPCO\MIP\MIPSDK\tst\VideoOS.Platform.SDK.UnitTests\EnvironmentTests\TestsWithCorporateShimsBase.cs:line 227&#xD;
   at VideoOS.Platform.Proxy.ConfigApi.ConfigurationApiItemWrapper..ctor(ServerId serverId, String path) in D:\actions-runner\_work\XPCO\XPCO\MIP\PlatformPlugin\VideoOS.Platform\src\Proxy\ConfigApi\ConfigurationApiItemWrapper.cs:line 104&#xD;
   at VideoOS.Platform.ConfigurationItems.Factory.IsItemTypeSupported(ServerId serverId, String itemType) in D:\actions-runner\_work\XPCO\XPCO\MIP\PlatformPlugin\VideoOS.Platform\src\ConfigurationItems\Factory.cs:line 464&#xD;
MIP: Error: GetConfiguration (): CustomSetting not found for the given platformDefinitionId: e145597a-ecaf-40a1-99e6-14bb9d45a09e&#xD;
MIP: Error: ConfigurationApiItemWrapper (): ConfigAPI GetItem(): System.NotImplementedException, The method or operation is not implemented.&#xD;
MIP: Error: Factory.IsItemTypeSupported (): Exception source:      VideoOS.Platform.SDK.UnitTests&#xD;
Exception type:        System.NotImplementedException&#xD;
Exception message:     The method or operation is not implemented.&#xD;
Exception target site: GetItem&#xD;
   at VideoOS.Platform.SDKUnittest.EnvironmentTests.TestConfigurationClientService.GetItem(String path) in D:\actions-runner\_work\XPCO\XPCO\MIP\MIPSDK\tst\VideoOS.Platform.SDK.UnitTests\EnvironmentTests\TestsWithCorporateShimsBase.cs:line 227&#xD;
   at VideoOS.Platform.Proxy.ConfigApi.ConfigurationApiItemWrapper..ctor(ServerId serverId, String path) in D:\actions-runner\_work\XPCO\XPCO\MIP\PlatformPlugin\VideoOS.Platform\src\Proxy\ConfigApi\ConfigurationApiItemWrapper.cs:line 104&#xD;
   at VideoOS.Platform.ConfigurationItems.Factory.IsItemTypeSupported(ServerId serverId, String itemType) in D:\actions-runner\_work\XPCO\XPCO\MIP\PlatformPlugin\VideoOS.Platform\src\ConfigurationItems\Factory.cs:line 464&#xD;
&#xD;
Factory.IsItemTypeSupportedFactory.IsItemTypeSupported ()The method or operation is not implemented.   at VideoOS.Platform.SDKUnittest.EnvironmentTests.TestConfigurationClientService.GetItem(String path) in D:\actions-runner\_work\XPCO\XPCO\MIP\MIPSDK\tst\VideoOS.Platform.SDK.UnitTests\EnvironmentTests\TestsWithCorporateShimsBase.cs:line 227&#xD;
   at VideoOS.Platform.Proxy.ConfigApi.ConfigurationApiItemWrapper..ctor(ServerId serverId, String path) in D:\actions-runner\_work\XPCO\XPCO\MIP\PlatformPlugin\VideoOS.Platform\src\Proxy\ConfigApi\ConfigurationApiItemWrapper.cs:line 104&#xD;
   at VideoOS.Platform.ConfigurationItems.Factory.IsItemTypeSupported(ServerId serverId, String itemType) in D:\actions-runner\_work\XPCO\XPCO\MIP\PlatformPlugin\VideoOS.Platform\src\ConfigurationItems\Factory.cs:line 464&#xD;
MIP: Error: LoginServerOauth (): https://1.2.3.5:55/ManagementServer/ServerCommandServiceOAuth.svc The method or operation is not implemented.&#xD;
MIP: Error: ConfigurationApiItemWrapper (): ConfigAPI GetItem(): System.NotImplementedException, The method or operation is not implemented.&#xD;
MIP: Error: Factory.IsItemTypeSupported (): Exception source:      VideoOS.Platform.SDK.UnitTests&#xD;
Exception type:        System.NotImplementedException&#xD;
Exception message:     The method or operation is not implemented.&#xD;
Exception target site: GetItem&#xD;
   at VideoOS.Platform.SDKUnittest.EnvironmentTests.TestConfigurationClientService.GetItem(String path) in D:\actions-runner\_work\XPCO\XPCO\MIP\MIPSDK\tst\VideoOS.Platform.SDK.UnitTests\EnvironmentTests\TestsWithCorporateShimsBase.cs:line 227&#xD;
   at VideoOS.Platform.Proxy.ConfigApi.ConfigurationApiItemWrapper..ctor(ServerId serverId, String path) in D:\actions-runner\_work\XPCO\XPCO\MIP\PlatformPlugin\VideoOS.Platform\src\Proxy\ConfigApi\ConfigurationApiItemWrapper.cs:line 104&#xD;
   at VideoOS.Platform.ConfigurationItems.Factory.IsItemTypeSupported(ServerId serverId, String itemType) in D:\actions-runner\_work\XPCO\XPCO\MIP\PlatformPlugin\VideoOS.Platform\src\ConfigurationItems\Factory.cs:line 464&#xD;
&#xD;
Factory.IsItemTypeSupportedFactory.IsItemTypeSupported ()The method or operation is not implemented.   at VideoOS.Platform.SDKUnittest.EnvironmentTests.TestConfigurationClientService.GetItem(String path) in D:\actions-runner\_work\XPCO\XPCO\MIP\MIPSDK\tst\VideoOS.Platform.SDK.UnitTests\EnvironmentTests\TestsWithCorporateShimsBase.cs:line 227&#xD;
   at VideoOS.Platform.Proxy.ConfigApi.ConfigurationApiItemWrapper..ctor(ServerId serverId, String path) in D:\actions-runner\_work\XPCO\XPCO\MIP\PlatformPlugin\VideoOS.Platform\src\Proxy\ConfigApi\ConfigurationApiItemWrapper.cs:line 104&#xD;
   at VideoOS.Platform.ConfigurationItems.Factory.IsItemTypeSupported(ServerId serverId, String itemType) in D:\actions-runner\_work\XPCO\XPCO\MIP\PlatformPlugin\VideoOS.Platform\src\ConfigurationItems\Factory.cs:line 464&#xD;
MIP: Error: ConfigurationApiItemWrapper (): ConfigAPI GetItem(): System.NotImplementedException, The method or operation is not implemented.&#xD;
MIP: Error: Factory.IsItemTypeSupported (): Exception source:      VideoOS.Platform.SDK.UnitTests&#xD;
Exception type:        System.NotImplementedException&#xD;
Exception message:     The method or operation is not implemented.&#xD;
Exception target site: GetItem&#xD;
   at VideoOS.Platform.SDKUnittest.EnvironmentTests.TestConfigurationClientService.GetItem(String path) in D:\actions-runner\_work\XPCO\XPCO\MIP\MIPSDK\tst\VideoOS.Platform.SDK.UnitTests\EnvironmentTests\TestsWithCorporateShimsBase.cs:line 227&#xD;
   at VideoOS.Platform.Proxy.ConfigApi.ConfigurationApiItemWrapper..ctor(ServerId serverId, String path) in D:\actions-runner\_work\XPCO\XPCO\MIP\PlatformPlugin\VideoOS.Platform\src\Proxy\ConfigApi\ConfigurationApiItemWrapper.cs:line 104&#xD;
   at VideoOS.Platform.ConfigurationItems.Factory.IsItemTypeSupported(ServerId serverId, String itemType) in D:\actions-runner\_work\XPCO\XPCO\MIP\PlatformPlugin\VideoOS.Platform\src\ConfigurationItems\Factory.cs:line 464&#xD;
&#xD;
Factory.IsItemTypeSupportedFactory.IsItemTypeSupported ()The method or operation is not implemented.   at VideoOS.Platform.SDKUnittest.EnvironmentTests.TestConfigurationClientService.GetItem(String path) in D:\actions-runner\_work\XPCO\XPCO\MIP\MIPSDK\tst\VideoOS.Platform.SDK.UnitTests\EnvironmentTests\TestsWithCorporateShimsBase.cs:line 227&#xD;
   at VideoOS.Platform.Proxy.ConfigApi.ConfigurationApiItemWrapper..ctor(ServerId serverId, String path) in D:\actions-runner\_work\XPCO\XPCO\MIP\PlatformPlugin\VideoOS.Platform\src\Proxy\ConfigApi\ConfigurationApiItemWrapper.cs:line 104&#xD;
   at VideoOS.Platform.ConfigurationItems.Factory.IsItemTypeSupported(ServerId serverId, String itemType) in D:\actions-runner\_work\XPCO\XPCO\MIP\PlatformPlugin\VideoOS.Platform\src\ConfigurationItems\Factory.cs:line 464&#xD;
MIP: Error: LoginServerOauth (): https://1.2.3.5:55/ManagementServer/ServerCommandServiceOAuth.svc The method or operation is not implemented.&#xD;
MIP: Error: ConfigurationApiItemWrapper (): ConfigAPI GetItem(): System.NotImplementedException, The method or operation is not implemented.&#xD;
MIP: Error: Factory.IsItemTypeSupported (): Exception source:      VideoOS.Platform.SDK.UnitTests&#xD;
Exception type:        System.NotImplementedException&#xD;
Exception message:     The method or operation is not implemented.&#xD;
Exception target site: GetItem&#xD;
   at VideoOS.Platform.SDKUnittest.EnvironmentTests.TestConfigurationClientService.GetItem(String path) in D:\actions-runner\_work\XPCO\XPCO\MIP\MIPSDK\tst\VideoOS.Platform.SDK.UnitTests\EnvironmentTests\TestsWithCorporateShimsBase.cs:line 227&#xD;
   at VideoOS.Platform.Proxy.ConfigApi.ConfigurationApiItemWrapper..ctor(ServerId serverId, String path) in D:\actions-runner\_work\XPCO\XPCO\MIP\PlatformPlugin\VideoOS.Platform\src\Proxy\ConfigApi\ConfigurationApiItemWrapper.cs:line 104&#xD;
   at VideoOS.Platform.ConfigurationItems.Factory.IsItemTypeSupported(ServerId serverId, String itemType) in D:\actions-runner\_work\XPCO\XPCO\MIP\PlatformPlugin\VideoOS.Platform\src\ConfigurationItems\Factory.cs:line 464&#xD;
&#xD;
Factory.IsItemTypeSupportedFactory.IsItemTypeSupported ()The method or operation is not implemented.   at VideoOS.Platform.SDKUnittest.EnvironmentTests.TestConfigurationClientService.GetItem(String path) in D:\actions-runner\_work\XPCO\XPCO\MIP\MIPSDK\tst\VideoOS.Platform.SDK.UnitTests\EnvironmentTests\TestsWithCorporateShimsBase.cs:line 227&#xD;
   at VideoOS.Platform.Proxy.ConfigApi.ConfigurationApiItemWrapper..ctor(ServerId serverId, String path) in D:\actions-runner\_work\XPCO\XPCO\MIP\PlatformPlugin\VideoOS.Platform\src\Proxy\ConfigApi\ConfigurationApiItemWrapper.cs:line 104&#xD;
   at VideoOS.Platform.ConfigurationItems.Factory.IsItemTypeSupported(ServerId serverId, String itemType) in D:\actions-runner\_work\XPCO\XPCO\MIP\PlatformPlugin\VideoOS.Platform\src\ConfigurationItems\Factory.cs:line 464&#xD;
MIP: Error: GetConfiguration (): CustomSetting not found for the given platformDefinitionId: e145597a-ecaf-40a1-99e6-14bb9d45a09e&#xD;
MIP: Error: ConfigurationApiItemWrapper (): ConfigAPI GetItem(): System.NotImplementedException, The method or operation is not implemented.&#xD;
MIP: Error: Factory.IsItemTypeSupported (): Exception source:      VideoOS.Platform.SDK.UnitTests&#xD;
Exception type:        System.NotImplementedException&#xD;
Exception message:     The method or operation is not implemented.&#xD;
Exception target site: GetItem&#xD;
   at VideoOS.Platform.SDKUnittest.EnvironmentTests.TestConfigurationClientService.GetItem(String path) in D:\actions-runner\_work\XPCO\XPCO\MIP\MIPSDK\tst\VideoOS.Platform.SDK.UnitTests\EnvironmentTests\TestsWithCorporateShimsBase.cs:line 227&#xD;
   at VideoOS.Platform.Proxy.ConfigApi.ConfigurationApiItemWrapper..ctor(ServerId serverId, String path) in D:\actions-runner\_work\XPCO\XPCO\MIP\PlatformPlugin\VideoOS.Platform\src\Proxy\ConfigApi\ConfigurationApiItemWrapper.cs:line 104&#xD;
   at VideoOS.Platform.ConfigurationItems.Factory.IsItemTypeSupported(ServerId serverId, String itemType) in D:\actions-runner\_work\XPCO\XPCO\MIP\PlatformPlugin\VideoOS.Platform\src\ConfigurationItems\Factory.cs:line 464&#xD;
&#xD;
Factory.IsItemTypeSupportedFactory.IsItemTypeSupported ()The method or operation is not implemented.   at VideoOS.Platform.SDKUnittest.EnvironmentTests.TestConfigurationClientService.GetItem(String path) in D:\actions-runner\_work\XPCO\XPCO\MIP\MIPSDK\tst\VideoOS.Platform.SDK.UnitTests\EnvironmentTests\TestsWithCorporateShimsBase.cs:line 227&#xD;
   at VideoOS.Platform.Proxy.ConfigApi.ConfigurationApiItemWrapper..ctor(ServerId serverId, String path) in D:\actions-runner\_work\XPCO\XPCO\MIP\PlatformPlugin\VideoOS.Platform\src\Proxy\ConfigApi\ConfigurationApiItemWrapper.cs:line 104&#xD;
   at VideoOS.Platform.ConfigurationItems.Factory.IsItemTypeSupported(ServerId serverId, String itemType) in D:\actions-runner\_work\XPCO\XPCO\MIP\PlatformPlugin\VideoOS.Platform\src\ConfigurationItems\Factory.cs:line 464&#xD;
MIP: Error: LoginServerOauth (): https://1.2.3.5:55/ManagementServer/ServerCommandServiceOAuth.svc The method or operation is not implemented.&#xD;
MIP: Error: ConfigurationApiItemWrapper (): ConfigAPI GetItem(): System.NotImplementedException, The method or operation is not implemented.&#xD;
MIP: Error: Factory.IsItemTypeSupported (): Exception source:      VideoOS.Platform.SDK.UnitTests&#xD;
Exception type:        System.NotImplementedException&#xD;
Exception message:     The method or operation is not implemented.&#xD;
Exception target site: GetItem&#xD;
   at VideoOS.Platform.SDKUnittest.EnvironmentTests.TestConfigurationClientService.GetItem(String path) in D:\actions-runner\_work\XPCO\XPCO\MIP\MIPSDK\tst\VideoOS.Platform.SDK.UnitTests\EnvironmentTests\TestsWithCorporateShimsBase.cs:line 227&#xD;
   at VideoOS.Platform.Proxy.ConfigApi.ConfigurationApiItemWrapper..ctor(ServerId serverId, String path) in D:\actions-runner\_work\XPCO\XPCO\MIP\PlatformPlugin\VideoOS.Platform\src\Proxy\ConfigApi\ConfigurationApiItemWrapper.cs:line 104&#xD;
   at VideoOS.Platform.ConfigurationItems.Factory.IsItemTypeSupported(ServerId serverId, String itemType) in D:\actions-runner\_work\XPCO\XPCO\MIP\PlatformPlugin\VideoOS.Platform\src\ConfigurationItems\Factory.cs:line 464&#xD;
&#xD;
Factory.IsItemTypeSupportedFactory.IsItemTypeSupported ()The method or operation is not implemented.   at VideoOS.Platform.SDKUnittest.EnvironmentTests.TestConfigurationClientService.GetItem(String path) in D:\actions-runner\_work\XPCO\XPCO\MIP\MIPSDK\tst\VideoOS.Platform.SDK.UnitTests\EnvironmentTests\TestsWithCorporateShimsBase.cs:line 227&#xD;
   at VideoOS.Platform.Proxy.ConfigApi.ConfigurationApiItemWrapper..ctor(ServerId serverId, String path) in D:\actions-runner\_work\XPCO\XPCO\MIP\PlatformPlugin\VideoOS.Platform\src\Proxy\ConfigApi\ConfigurationApiItemWrapper.cs:line 104&#xD;
   at VideoOS.Platform.ConfigurationItems.Factory.IsItemTypeSupported(ServerId serverId, String itemType) in D:\actions-runner\_work\XPCO\XPCO\MIP\PlatformPlugin\VideoOS.Platform\src\ConfigurationItems\Factory.cs:line 464&#xD;
MIP: Error: ConfigurationApiItemWrapper (): ConfigAPI GetItem(): System.NotImplementedException, The method or operation is not implemented.&#xD;
MIP: Error: Factory.IsItemTypeSupported (): Exception source:      VideoOS.Platform.SDK.UnitTests&#xD;
Exception type:        System.NotImplementedException&#xD;
Exception message:     The method or operation is not implemented.&#xD;
Exception target site: GetItem&#xD;
   at VideoOS.Platform.SDKUnittest.EnvironmentTests.TestConfigurationClientService.GetItem(String path) in D:\actions-runner\_work\XPCO\XPCO\MIP\MIPSDK\tst\VideoOS.Platform.SDK.UnitTests\EnvironmentTests\TestsWithCorporateShimsBase.cs:line 227&#xD;
   at VideoOS.Platform.Proxy.ConfigApi.ConfigurationApiItemWrapper..ctor(ServerId serverId, String path) in D:\actions-runner\_work\XPCO\XPCO\MIP\PlatformPlugin\VideoOS.Platform\src\Proxy\ConfigApi\ConfigurationApiItemWrapper.cs:line 104&#xD;
   at VideoOS.Platform.ConfigurationItems.Factory.IsItemTypeSupported(ServerId serverId, String itemType) in D:\actions-runner\_work\XPCO\XPCO\MIP\PlatformPlugin\VideoOS.Platform\src\ConfigurationItems\Factory.cs:line 464&#xD;
&#xD;
Factory.IsItemTypeSupportedFactory.IsItemTypeSupported ()The method or operation is not implemented.   at VideoOS.Platform.SDKUnittest.EnvironmentTests.TestConfigurationClientService.GetItem(String path) in D:\actions-runner\_work\XPCO\XPCO\MIP\MIPSDK\tst\VideoOS.Platform.SDK.UnitTests\EnvironmentTests\TestsWithCorporateShimsBase.cs:line 227&#xD;
   at VideoOS.Platform.Proxy.ConfigApi.ConfigurationApiItemWrapper..ctor(ServerId serverId, String path) in D:\actions-runner\_work\XPCO\XPCO\MIP\PlatformPlugin\VideoOS.Platform\src\Proxy\ConfigApi\ConfigurationApiItemWrapper.cs:line 104&#xD;
   at VideoOS.Platform.ConfigurationItems.Factory.IsItemTypeSupported(ServerId serverId, String itemType) in D:\actions-runner\_work\XPCO\XPCO\MIP\PlatformPlugin\VideoOS.Platform\src\ConfigurationItems\Factory.cs:line 464&#xD;
MIP: Error: ConfigurationApiItemWrapper (): ConfigAPI GetItem(): System.NotImplementedException, The method or operation is not implemented.&#xD;
MIP: Error: Factory.IsItemTypeSupported (): Exception source:      VideoOS.Platform.SDK.UnitTests&#xD;
Exception type:        System.NotImplementedException&#xD;
Exception message:     The method or operation is not implemented.&#xD;
Exception target site: GetItem&#xD;
   at VideoOS.Platform.SDKUnittest.EnvironmentTests.TestConfigurationClientService.GetItem(String path) in D:\actions-runner\_work\XPCO\XPCO\MIP\MIPSDK\tst\VideoOS.Platform.SDK.UnitTests\EnvironmentTests\TestsWithCorporateShimsBase.cs:line 227&#xD;
   at VideoOS.Platform.Proxy.ConfigApi.ConfigurationApiItemWrapper..ctor(ServerId serverId, String path) in D:\actions-runner\_work\XPCO\XPCO\MIP\PlatformPlugin\VideoOS.Platform\src\Proxy\ConfigApi\ConfigurationApiItemWrapper.cs:line 104&#xD;
   at VideoOS.Platform.ConfigurationItems.Factory.IsItemTypeSupported(ServerId serverId, String itemType) in D:\actions-runner\_work\XPCO\XPCO\MIP\PlatformPlugin\VideoOS.Platform\src\ConfigurationItems\Factory.cs:line 464&#xD;
&#xD;
Factory.IsItemTypeSupportedFactory.IsItemTypeSupported ()The method or operation is not implemented.   at VideoOS.Platform.SDKUnittest.EnvironmentTests.TestConfigurationClientService.GetItem(String path) in D:\actions-runner\_work\XPCO\XPCO\MIP\MIPSDK\tst\VideoOS.Platform.SDK.UnitTests\EnvironmentTests\TestsWithCorporateShimsBase.cs:line 227&#xD;
   at VideoOS.Platform.Proxy.ConfigApi.ConfigurationApiItemWrapper..ctor(ServerId serverId, String path) in D:\actions-runner\_work\XPCO\XPCO\MIP\PlatformPlugin\VideoOS.Platform\src\Proxy\ConfigApi\ConfigurationApiItemWrapper.cs:line 104&#xD;
   at VideoOS.Platform.ConfigurationItems.Factory.IsItemTypeSupported(ServerId serverId, String itemType) in D:\actions-runner\_work\XPCO\XPCO\MIP\PlatformPlugin\VideoOS.Platform\src\ConfigurationItems\Factory.cs:line 464&#xD;
MIP: Error: ConfigurationApiItemWrapper (): ConfigAPI GetItem(): System.NotImplementedException, The method or operation is not implemented.&#xD;
MIP: Error: Factory.IsItemTypeSupported (): Exception source:      VideoOS.Platform.SDK.UnitTests&#xD;
Exception type:        System.NotImplementedException&#xD;
Exception message:     The method or operation is not implemented.&#xD;
Exception target site: GetItem&#xD;
   at VideoOS.Platform.SDKUnittest.EnvironmentTests.TestConfigurationClientService.GetItem(String path) in D:\actions-runner\_work\XPCO\XPCO\MIP\MIPSDK\tst\VideoOS.Platform.SDK.UnitTests\EnvironmentTests\TestsWithCorporateShimsBase.cs:line 227&#xD;
   at VideoOS.Platform.Proxy.ConfigApi.ConfigurationApiItemWrapper..ctor(ServerId serverId, String path) in D:\actions-runner\_work\XPCO\XPCO\MIP\PlatformPlugin\VideoOS.Platform\src\Proxy\ConfigApi\ConfigurationApiItemWrapper.cs:line 104&#xD;
   at VideoOS.Platform.ConfigurationItems.Factory.IsItemTypeSupported(ServerId serverId, String itemType) in D:\actions-runner\_work\XPCO\XPCO\MIP\PlatformPlugin\VideoOS.Platform\src\ConfigurationItems\Factory.cs:line 464&#xD;
&#xD;
Factory.IsItemTypeSupportedFactory.IsItemTypeSupported ()The method or operation is not implemented.   at VideoOS.Platform.SDKUnittest.EnvironmentTests.TestConfigurationClientService.GetItem(String path) in D:\actions-runner\_work\XPCO\XPCO\MIP\MIPSDK\tst\VideoOS.Platform.SDK.UnitTests\EnvironmentTests\TestsWithCorporateShimsBase.cs:line 227&#xD;
   at VideoOS.Platform.Proxy.ConfigApi.ConfigurationApiItemWrapper..ctor(ServerId serverId, String path) in D:\actions-runner\_work\XPCO\XPCO\MIP\PlatformPlugin\VideoOS.Platform\src\Proxy\ConfigApi\ConfigurationApiItemWrapper.cs:line 104&#xD;
   at VideoOS.Platform.ConfigurationItems.Factory.IsItemTypeSupported(ServerId serverId, String itemType) in D:\actions-runner\_work\XPCO\XPCO\MIP\PlatformPlugin\VideoOS.Platform\src\ConfigurationItems\Factory.cs:line 464&#xD;
MIP: Error: ConfigurationApiItemWrapper (): ConfigAPI GetItem(): System.NotImplementedException, The method or operation is not implemented.&#xD;
MIP: Error: Factory.IsItemTypeSupported (): Exception source:      VideoOS.Platform.SDK.UnitTests&#xD;
Exception type:        System.NotImplementedException&#xD;
Exception message:     The method or operation is not implemented.&#xD;
Exception target site: GetItem&#xD;
   at VideoOS.Platform.SDKUnittest.EnvironmentTests.TestConfigurationClientService.GetItem(String path) in D:\actions-runner\_work\XPCO\XPCO\MIP\MIPSDK\tst\VideoOS.Platform.SDK.UnitTests\EnvironmentTests\TestsWithCorporateShimsBase.cs:line 227&#xD;
   at VideoOS.Platform.Proxy.ConfigApi.ConfigurationApiItemWrapper..ctor(ServerId serverId, String path) in D:\actions-runner\_work\XPCO\XPCO\MIP\PlatformPlugin\VideoOS.Platform\src\Proxy\ConfigApi\ConfigurationApiItemWrapper.cs:line 104&#xD;
   at VideoOS.Platform.ConfigurationItems.Factory.IsItemTypeSupported(ServerId serverId, String itemType) in D:\actions-runner\_work\XPCO\XPCO\MIP\PlatformPlugin\VideoOS.Platform\src\ConfigurationItems\Factory.cs:line 464&#xD;
&#xD;
Factory.IsItemTypeSupportedFactory.IsItemTypeSupported ()The method or operation is not implemented.   at VideoOS.Platform.SDKUnittest.EnvironmentTests.TestConfigurationClientService.GetItem(String path) in D:\actions-runner\_work\XPCO\XPCO\MIP\MIPSDK\tst\VideoOS.Platform.SDK.UnitTests\EnvironmentTests\TestsWithCorporateShimsBase.cs:line 227&#xD;
   at VideoOS.Platform.Proxy.ConfigApi.ConfigurationApiItemWrapper..ctor(ServerId serverId, String path) in D:\actions-runner\_work\XPCO\XPCO\MIP\PlatformPlugin\VideoOS.Platform\src\Proxy\ConfigApi\ConfigurationApiItemWrapper.cs:line 104&#xD;
   at VideoOS.Platform.ConfigurationItems.Factory.IsItemTypeSupported(ServerId serverId, String itemType) in D:\actions-runner\_work\XPCO\XPCO\MIP\PlatformPlugin\VideoOS.Platform\src\ConfigurationItems\Factory.cs:line 464&#xD;
MIP: Error: ConfigurationApiItemWrapper (): ConfigAPI GetItem(): System.NotImplementedException, The method or operation is not implemented.&#xD;
MIP: Error: Factory.IsItemTypeSupported (): Exception source:      VideoOS.Platform.SDK.UnitTests&#xD;
Exception type:        System.NotImplementedException&#xD;
Exception message:     The method or operation is not implemented.&#xD;
Exception target site: GetItem&#xD;
   at VideoOS.Platform.SDKUnittest.EnvironmentTests.TestConfigurationClientService.GetItem(String path) in D:\actions-runner\_work\XPCO\XPCO\MIP\MIPSDK\tst\VideoOS.Platform.SDK.UnitTests\EnvironmentTests\TestsWithCorporateShimsBase.cs:line 227&#xD;
   at VideoOS.Platform.Proxy.ConfigApi.ConfigurationApiItemWrapper..ctor(ServerId serverId, String path) in D:\actions-runner\_work\XPCO\XPCO\MIP\PlatformPlugin\VideoOS.Platform\src\Proxy\ConfigApi\ConfigurationApiItemWrapper.cs:line 104&#xD;
   at VideoOS.Platform.ConfigurationItems.Factory.IsItemTypeSupported(ServerId serverId, String itemType) in D:\actions-runner\_work\XPCO\XPCO\MIP\PlatformPlugin\VideoOS.Platform\src\ConfigurationItems\Factory.cs:line 464&#xD;
&#xD;
Factory.IsItemTypeSupportedFactory.IsItemTypeSupported ()The method or operation is not implemented.   at VideoOS.Platform.SDKUnittest.EnvironmentTests.TestConfigurationClientService.GetItem(String path) in D:\actions-runner\_work\XPCO\XPCO\MIP\MIPSDK\tst\VideoOS.Platform.SDK.UnitTests\EnvironmentTests\TestsWithCorporateShimsBase.cs:line 227&#xD;
   at VideoOS.Platform.Proxy.ConfigApi.ConfigurationApiItemWrapper..ctor(ServerId serverId, String path) in D:\actions-runner\_work\XPCO\XPCO\MIP\PlatformPlugin\VideoOS.Platform\src\Proxy\ConfigApi\ConfigurationApiItemWrapper.cs:line 104&#xD;
   at VideoOS.Platform.ConfigurationItems.Factory.IsItemTypeSupported(ServerId serverId, String itemType) in D:\actions-runner\_work\XPCO\XPCO\MIP\PlatformPlugin\VideoOS.Platform\src\ConfigurationItems\Factory.cs:line 464&#xD;
MIP: Error: ConfigurationApiItemWrapper (): ConfigAPI GetItem(): System.NotImplementedException, The method or operation is not implemented.&#xD;
MIP: Error: Factory.IsItemTypeSupported (): Exception source:      VideoOS.Platform.SDK.UnitTests&#xD;
Exception type:        System.NotImplementedException&#xD;
Exception message:     The method or operation is not implemented.&#xD;
Exception target site: GetItem&#xD;
   at VideoOS.Platform.SDKUnittest.EnvironmentTests.TestConfigurationClientService.GetItem(String path) in D:\actions-runner\_work\XPCO\XPCO\MIP\MIPSDK\tst\VideoOS.Platform.SDK.UnitTests\EnvironmentTests\TestsWithCorporateShimsBase.cs:line 227&#xD;
   at VideoOS.Platform.Proxy.ConfigApi.ConfigurationApiItemWrapper..ctor(ServerId serverId, String path) in D:\actions-runner\_work\XPCO\XPCO\MIP\PlatformPlugin\VideoOS.Platform\src\Proxy\ConfigApi\ConfigurationApiItemWrapper.cs:line 104&#xD;
   at VideoOS.Platform.ConfigurationItems.Factory.IsItemTypeSupported(ServerId serverId, String itemType) in D:\actions-runner\_work\XPCO\XPCO\MIP\PlatformPlugin\VideoOS.Platform\src\ConfigurationItems\Factory.cs:line 464&#xD;
&#xD;
Factory.IsItemTypeSupportedFactory.IsItemTypeSupported ()The method or operation is not implemented.   at VideoOS.Platform.SDKUnittest.EnvironmentTests.TestConfigurationClientService.GetItem(String path) in D:\actions-runner\_work\XPCO\XPCO\MIP\MIPSDK\tst\VideoOS.Platform.SDK.UnitTests\EnvironmentTests\TestsWithCorporateShimsBase.cs:line 227&#xD;
   at VideoOS.Platform.Proxy.ConfigApi.ConfigurationApiItemWrapper..ctor(ServerId serverId, String path) in D:\actions-runner\_work\XPCO\XPCO\MIP\PlatformPlugin\VideoOS.Platform\src\Proxy\ConfigApi\ConfigurationApiItemWrapper.cs:line 104&#xD;
   at VideoOS.Platform.ConfigurationItems.Factory.IsItemTypeSupported(ServerId serverId, String itemType) in D:\actions-runner\_work\XPCO\XPCO\MIP\PlatformPlugin\VideoOS.Platform\src\ConfigurationItems\Factory.cs:line 464&#xD;
MIP: Error: ConfigurationApiItemWrapper (): ConfigAPI GetItem(): System.NotImplementedException, The method or operation is not implemented.&#xD;
MIP: Error: Factory.IsItemTypeSupported (): Exception source:      VideoOS.Platform.SDK.UnitTests&#xD;
Exception type:        System.NotImplementedException&#xD;
Exception message:     The method or operation is not implemented.&#xD;
Exception target site: GetItem&#xD;
   at VideoOS.Platform.SDKUnittest.EnvironmentTests.TestConfigurationClientService.GetItem(String path) in D:\actions-runner\_work\XPCO\XPCO\MIP\MIPSDK\tst\VideoOS.Platform.SDK.UnitTests\EnvironmentTests\TestsWithCorporateShimsBase.cs:line 227&#xD;
   at VideoOS.Platform.Proxy.ConfigApi.ConfigurationApiItemWrapper..ctor(ServerId serverId, String path) in D:\actions-runner\_work\XPCO\XPCO\MIP\PlatformPlugin\VideoOS.Platform\src\Proxy\ConfigApi\ConfigurationApiItemWrapper.cs:line 104&#xD;
   at VideoOS.Platform.ConfigurationItems.Factory.IsItemTypeSupported(ServerId serverId, String itemType) in D:\actions-runner\_work\XPCO\XPCO\MIP\PlatformPlugin\VideoOS.Platform\src\ConfigurationItems\Factory.cs:line 464&#xD;
&#xD;
Factory.IsItemTypeSupportedFactory.IsItemTypeSupported ()The method or operation is not implemented.   at VideoOS.Platform.SDKUnittest.EnvironmentTests.TestConfigurationClientService.GetItem(String path) in D:\actions-runner\_work\XPCO\XPCO\MIP\MIPSDK\tst\VideoOS.Platform.SDK.UnitTests\EnvironmentTests\TestsWithCorporateShimsBase.cs:line 227&#xD;
   at VideoOS.Platform.Proxy.ConfigApi.ConfigurationApiItemWrapper..ctor(ServerId serverId, String path) in D:\actions-runner\_work\XPCO\XPCO\MIP\PlatformPlugin\VideoOS.Platform\src\Proxy\ConfigApi\ConfigurationApiItemWrapper.cs:line 104&#xD;
   at VideoOS.Platform.ConfigurationItems.Factory.IsItemTypeSupported(ServerId serverId, String itemType) in D:\actions-runner\_work\XPCO\XPCO\MIP\PlatformPlugin\VideoOS.Platform\src\ConfigurationItems\Factory.cs:line 464</StdOut>
      </Output>
    </UnitTestResult>
    <UnitTestResult executionId="855d1a05-c759-4c6b-9a4f-d4f0153e3339" testId="d19447d6-1286-80a0-b9eb-927576af8553" testName="XpcoCameraConfigTests" computerName="DKSR-EFI-04" duration="00:00:01.1417770" startTime="2023-12-22T09:37:13.7002217+01:00" endTime="2023-12-22T09:37:14.8422157+01:00" testType="13cdc9d9-ddb5-4fa4-a97d-d965ccfc6d4b" outcome="Passed" testListId="8c84fa94-04c1-424b-9868-57a2d4851a1d" relativeResultsDirectory="855d1a05-c759-4c6b-9a4f-d4f0153e3339">
      <Output>
        <StdOut>Debug Trace:&#xD;
TopLevelControl returns null. PostMessage may have problems&#xD;
MIP: Error: ConfigurationApiItemWrapper (): ConfigAPI GetItem(): System.NotImplementedException, The method or operation is not implemented.&#xD;
MIP: Error: Factory.IsItemTypeSupported (): Exception source:      VideoOS.Platform.SDK.UnitTests&#xD;
Exception type:        System.NotImplementedException&#xD;
Exception message:     The method or operation is not implemented.&#xD;
Exception target site: GetItem&#xD;
   at VideoOS.Platform.SDKUnittest.EnvironmentTests.TestConfigurationClientService.GetItem(String path) in D:\actions-runner\_work\XPCO\XPCO\MIP\MIPSDK\tst\VideoOS.Platform.SDK.UnitTests\EnvironmentTests\TestsWithCorporateShimsBase.cs:line 227&#xD;
   at VideoOS.Platform.Proxy.ConfigApi.ConfigurationApiItemWrapper..ctor(ServerId serverId, String path) in D:\actions-runner\_work\XPCO\XPCO\MIP\PlatformPlugin\VideoOS.Platform\src\Proxy\ConfigApi\ConfigurationApiItemWrapper.cs:line 104&#xD;
   at VideoOS.Platform.ConfigurationItems.Factory.IsItemTypeSupported(ServerId serverId, String itemType) in D:\actions-runner\_work\XPCO\XPCO\MIP\PlatformPlugin\VideoOS.Platform\src\ConfigurationItems\Factory.cs:line 464&#xD;
&#xD;
Factory.IsItemTypeSupportedFactory.IsItemTypeSupported ()The method or operation is not implemented.   at VideoOS.Platform.SDKUnittest.EnvironmentTests.TestConfigurationClientService.GetItem(String path) in D:\actions-runner\_work\XPCO\XPCO\MIP\MIPSDK\tst\VideoOS.Platform.SDK.UnitTests\EnvironmentTests\TestsWithCorporateShimsBase.cs:line 227&#xD;
   at VideoOS.Platform.Proxy.ConfigApi.ConfigurationApiItemWrapper..ctor(ServerId serverId, String path) in D:\actions-runner\_work\XPCO\XPCO\MIP\PlatformPlugin\VideoOS.Platform\src\Proxy\ConfigApi\ConfigurationApiItemWrapper.cs:line 104&#xD;
   at VideoOS.Platform.ConfigurationItems.Factory.IsItemTypeSupported(ServerId serverId, String itemType) in D:\actions-runner\_work\XPCO\XPCO\MIP\PlatformPlugin\VideoOS.Platform\src\ConfigurationItems\Factory.cs:line 464&#xD;
MIP: Error: GetConfiguration (): CustomSetting not found for the given platformDefinitionId: e145597a-ecaf-40a1-99e6-14bb9d45a09e&#xD;
MIP: Error: ConfigurationApiItemWrapper (): ConfigAPI GetItem(): System.NotImplementedException, The method or operation is not implemented.&#xD;
MIP: Error: Factory.IsItemTypeSupported (): Exception source:      VideoOS.Platform.SDK.UnitTests&#xD;
Exception type:        System.NotImplementedException&#xD;
Exception message:     The method or operation is not implemented.&#xD;
Exception target site: GetItem&#xD;
   at VideoOS.Platform.SDKUnittest.EnvironmentTests.TestConfigurationClientService.GetItem(String path) in D:\actions-runner\_work\XPCO\XPCO\MIP\MIPSDK\tst\VideoOS.Platform.SDK.UnitTests\EnvironmentTests\TestsWithCorporateShimsBase.cs:line 227&#xD;
   at VideoOS.Platform.Proxy.ConfigApi.ConfigurationApiItemWrapper..ctor(ServerId serverId, String path) in D:\actions-runner\_work\XPCO\XPCO\MIP\PlatformPlugin\VideoOS.Platform\src\Proxy\ConfigApi\ConfigurationApiItemWrapper.cs:line 104&#xD;
   at VideoOS.Platform.ConfigurationItems.Factory.IsItemTypeSupported(ServerId serverId, String itemType) in D:\actions-runner\_work\XPCO\XPCO\MIP\PlatformPlugin\VideoOS.Platform\src\ConfigurationItems\Factory.cs:line 464&#xD;
&#xD;
Factory.IsItemTypeSupportedFactory.IsItemTypeSupported ()The method or operation is not implemented.   at VideoOS.Platform.SDKUnittest.EnvironmentTests.TestConfigurationClientService.GetItem(String path) in D:\actions-runner\_work\XPCO\XPCO\MIP\MIPSDK\tst\VideoOS.Platform.SDK.UnitTests\EnvironmentTests\TestsWithCorporateShimsBase.cs:line 227&#xD;
   at VideoOS.Platform.Proxy.ConfigApi.ConfigurationApiItemWrapper..ctor(ServerId serverId, String path) in D:\actions-runner\_work\XPCO\XPCO\MIP\PlatformPlugin\VideoOS.Platform\src\Proxy\ConfigApi\ConfigurationApiItemWrapper.cs:line 104&#xD;
   at VideoOS.Platform.ConfigurationItems.Factory.IsItemTypeSupported(ServerId serverId, String itemType) in D:\actions-runner\_work\XPCO\XPCO\MIP\PlatformPlugin\VideoOS.Platform\src\ConfigurationItems\Factory.cs:line 464&#xD;
MIP: Error: LoginServerOauth (): https://1.2.3.5:55/ManagementServer/ServerCommandServiceOAuth.svc The method or operation is not implemented.&#xD;
MIP: Error: ConfigurationApiItemWrapper (): ConfigAPI GetItem(): System.NotImplementedException, The method or operation is not implemented.&#xD;
MIP: Error: Factory.IsItemTypeSupported (): Exception source:      VideoOS.Platform.SDK.UnitTests&#xD;
Exception type:        System.NotImplementedException&#xD;
Exception message:     The method or operation is not implemented.&#xD;
Exception target site: GetItem&#xD;
   at VideoOS.Platform.SDKUnittest.EnvironmentTests.TestConfigurationClientService.GetItem(String path) in D:\actions-runner\_work\XPCO\XPCO\MIP\MIPSDK\tst\VideoOS.Platform.SDK.UnitTests\EnvironmentTests\TestsWithCorporateShimsBase.cs:line 227&#xD;
   at VideoOS.Platform.Proxy.ConfigApi.ConfigurationApiItemWrapper..ctor(ServerId serverId, String path) in D:\actions-runner\_work\XPCO\XPCO\MIP\PlatformPlugin\VideoOS.Platform\src\Proxy\ConfigApi\ConfigurationApiItemWrapper.cs:line 104&#xD;
   at VideoOS.Platform.ConfigurationItems.Factory.IsItemTypeSupported(ServerId serverId, String itemType) in D:\actions-runner\_work\XPCO\XPCO\MIP\PlatformPlugin\VideoOS.Platform\src\ConfigurationItems\Factory.cs:line 464&#xD;
&#xD;
Factory.IsItemTypeSupportedFactory.IsItemTypeSupported ()The method or operation is not implemented.   at VideoOS.Platform.SDKUnittest.EnvironmentTests.TestConfigurationClientService.GetItem(String path) in D:\actions-runner\_work\XPCO\XPCO\MIP\MIPSDK\tst\VideoOS.Platform.SDK.UnitTests\EnvironmentTests\TestsWithCorporateShimsBase.cs:line 227&#xD;
   at VideoOS.Platform.Proxy.ConfigApi.ConfigurationApiItemWrapper..ctor(ServerId serverId, String path) in D:\actions-runner\_work\XPCO\XPCO\MIP\PlatformPlugin\VideoOS.Platform\src\Proxy\ConfigApi\ConfigurationApiItemWrapper.cs:line 104&#xD;
   at VideoOS.Platform.ConfigurationItems.Factory.IsItemTypeSupported(ServerId serverId, String itemType) in D:\actions-runner\_work\XPCO\XPCO\MIP\PlatformPlugin\VideoOS.Platform\src\ConfigurationItems\Factory.cs:line 464&#xD;
MIP: Error: GetConfiguration (): CustomSetting not found for the given platformDefinitionId: e145597a-ecaf-40a1-99e6-14bb9d45a09e&#xD;
MIP: Error: ConfigurationApiItemWrapper (): ConfigAPI GetItem(): System.NotImplementedException, The method or operation is not implemented.&#xD;
MIP: Error: Factory.IsItemTypeSupported (): Exception source:      VideoOS.Platform.SDK.UnitTests&#xD;
Exception type:        System.NotImplementedException&#xD;
Exception message:     The method or operation is not implemented.&#xD;
Exception target site: GetItem&#xD;
   at VideoOS.Platform.SDKUnittest.EnvironmentTests.TestConfigurationClientService.GetItem(String path) in D:\actions-runner\_work\XPCO\XPCO\MIP\MIPSDK\tst\VideoOS.Platform.SDK.UnitTests\EnvironmentTests\TestsWithCorporateShimsBase.cs:line 227&#xD;
   at VideoOS.Platform.Proxy.ConfigApi.ConfigurationApiItemWrapper..ctor(ServerId serverId, String path) in D:\actions-runner\_work\XPCO\XPCO\MIP\PlatformPlugin\VideoOS.Platform\src\Proxy\ConfigApi\ConfigurationApiItemWrapper.cs:line 104&#xD;
   at VideoOS.Platform.ConfigurationItems.Factory.IsItemTypeSupported(ServerId serverId, String itemType) in D:\actions-runner\_work\XPCO\XPCO\MIP\PlatformPlugin\VideoOS.Platform\src\ConfigurationItems\Factory.cs:line 464&#xD;
&#xD;
Factory.IsItemTypeSupportedFactory.IsItemTypeSupported ()The method or operation is not implemented.   at VideoOS.Platform.SDKUnittest.EnvironmentTests.TestConfigurationClientService.GetItem(String path) in D:\actions-runner\_work\XPCO\XPCO\MIP\MIPSDK\tst\VideoOS.Platform.SDK.UnitTests\EnvironmentTests\TestsWithCorporateShimsBase.cs:line 227&#xD;
   at VideoOS.Platform.Proxy.ConfigApi.ConfigurationApiItemWrapper..ctor(ServerId serverId, String path) in D:\actions-runner\_work\XPCO\XPCO\MIP\PlatformPlugin\VideoOS.Platform\src\Proxy\ConfigApi\ConfigurationApiItemWrapper.cs:line 104&#xD;
   at VideoOS.Platform.ConfigurationItems.Factory.IsItemTypeSupported(ServerId serverId, String itemType) in D:\actions-runner\_work\XPCO\XPCO\MIP\PlatformPlugin\VideoOS.Platform\src\ConfigurationItems\Factory.cs:line 464&#xD;
MIP: Error: LoginServerOauth (): https://1.2.3.5:55/ManagementServer/ServerCommandServiceOAuth.svc The method or operation is not implemented.&#xD;
MIP: Error: ConfigurationApiItemWrapper (): ConfigAPI GetItem(): System.NotImplementedException, The method or operation is not implemented.&#xD;
MIP: Error: Factory.IsItemTypeSupported (): Exception source:      VideoOS.Platform.SDK.UnitTests&#xD;
Exception type:        System.NotImplementedException&#xD;
Exception message:     The method or operation is not implemented.&#xD;
Exception target site: GetItem&#xD;
   at VideoOS.Platform.SDKUnittest.EnvironmentTests.TestConfigurationClientService.GetItem(String path) in D:\actions-runner\_work\XPCO\XPCO\MIP\MIPSDK\tst\VideoOS.Platform.SDK.UnitTests\EnvironmentTests\TestsWithCorporateShimsBase.cs:line 227&#xD;
   at VideoOS.Platform.Proxy.ConfigApi.ConfigurationApiItemWrapper..ctor(ServerId serverId, String path) in D:\actions-runner\_work\XPCO\XPCO\MIP\PlatformPlugin\VideoOS.Platform\src\Proxy\ConfigApi\ConfigurationApiItemWrapper.cs:line 104&#xD;
   at VideoOS.Platform.ConfigurationItems.Factory.IsItemTypeSupported(ServerId serverId, String itemType) in D:\actions-runner\_work\XPCO\XPCO\MIP\PlatformPlugin\VideoOS.Platform\src\ConfigurationItems\Factory.cs:line 464&#xD;
&#xD;
Factory.IsItemTypeSupportedFactory.IsItemTypeSupported ()The method or operation is not implemented.   at VideoOS.Platform.SDKUnittest.EnvironmentTests.TestConfigurationClientService.GetItem(String path) in D:\actions-runner\_work\XPCO\XPCO\MIP\MIPSDK\tst\VideoOS.Platform.SDK.UnitTests\EnvironmentTests\TestsWithCorporateShimsBase.cs:line 227&#xD;
   at VideoOS.Platform.Proxy.ConfigApi.ConfigurationApiItemWrapper..ctor(ServerId serverId, String path) in D:\actions-runner\_work\XPCO\XPCO\MIP\PlatformPlugin\VideoOS.Platform\src\Proxy\ConfigApi\ConfigurationApiItemWrapper.cs:line 104&#xD;
   at VideoOS.Platform.ConfigurationItems.Factory.IsItemTypeSupported(ServerId serverId, String itemType) in D:\actions-runner\_work\XPCO\XPCO\MIP\PlatformPlugin\VideoOS.Platform\src\ConfigurationItems\Factory.cs:line 464&#xD;
MIP: Error: ConfigurationApiItemWrapper (): ConfigAPI GetItem(): System.NotImplementedException, The method or operation is not implemented.&#xD;
MIP: Error: Factory.IsItemTypeSupported (): Exception source:      VideoOS.Platform.SDK.UnitTests&#xD;
Exception type:        System.NotImplementedException&#xD;
Exception message:     The method or operation is not implemented.&#xD;
Exception target site: GetItem&#xD;
   at VideoOS.Platform.SDKUnittest.EnvironmentTests.TestConfigurationClientService.GetItem(String path) in D:\actions-runner\_work\XPCO\XPCO\MIP\MIPSDK\tst\VideoOS.Platform.SDK.UnitTests\EnvironmentTests\TestsWithCorporateShimsBase.cs:line 227&#xD;
   at VideoOS.Platform.Proxy.ConfigApi.ConfigurationApiItemWrapper..ctor(ServerId serverId, String path) in D:\actions-runner\_work\XPCO\XPCO\MIP\PlatformPlugin\VideoOS.Platform\src\Proxy\ConfigApi\ConfigurationApiItemWrapper.cs:line 104&#xD;
   at VideoOS.Platform.ConfigurationItems.Factory.IsItemTypeSupported(ServerId serverId, String itemType) in D:\actions-runner\_work\XPCO\XPCO\MIP\PlatformPlugin\VideoOS.Platform\src\ConfigurationItems\Factory.cs:line 464&#xD;
&#xD;
Factory.IsItemTypeSupportedFactory.IsItemTypeSupported ()The method or operation is not implemented.   at VideoOS.Platform.SDKUnittest.EnvironmentTests.TestConfigurationClientService.GetItem(String path) in D:\actions-runner\_work\XPCO\XPCO\MIP\MIPSDK\tst\VideoOS.Platform.SDK.UnitTests\EnvironmentTests\TestsWithCorporateShimsBase.cs:line 227&#xD;
   at VideoOS.Platform.Proxy.ConfigApi.ConfigurationApiItemWrapper..ctor(ServerId serverId, String path) in D:\actions-runner\_work\XPCO\XPCO\MIP\PlatformPlugin\VideoOS.Platform\src\Proxy\ConfigApi\ConfigurationApiItemWrapper.cs:line 104&#xD;
   at VideoOS.Platform.ConfigurationItems.Factory.IsItemTypeSupported(ServerId serverId, String itemType) in D:\actions-runner\_work\XPCO\XPCO\MIP\PlatformPlugin\VideoOS.Platform\src\ConfigurationItems\Factory.cs:line 464&#xD;
MIP: Error: LoginServerOauth (): https://1.2.3.5:55/ManagementServer/ServerCommandServiceOAuth.svc The method or operation is not implemented.&#xD;
MIP: Error: ConfigurationApiItemWrapper (): ConfigAPI GetItem(): System.NotImplementedException, The method or operation is not implemented.&#xD;
MIP: Error: Factory.IsItemTypeSupported (): Exception source:      VideoOS.Platform.SDK.UnitTests&#xD;
Exception type:        System.NotImplementedException&#xD;
Exception message:     The method or operation is not implemented.&#xD;
Exception target site: GetItem&#xD;
   at VideoOS.Platform.SDKUnittest.EnvironmentTests.TestConfigurationClientService.GetItem(String path) in D:\actions-runner\_work\XPCO\XPCO\MIP\MIPSDK\tst\VideoOS.Platform.SDK.UnitTests\EnvironmentTests\TestsWithCorporateShimsBase.cs:line 227&#xD;
   at VideoOS.Platform.Proxy.ConfigApi.ConfigurationApiItemWrapper..ctor(ServerId serverId, String path) in D:\actions-runner\_work\XPCO\XPCO\MIP\PlatformPlugin\VideoOS.Platform\src\Proxy\ConfigApi\ConfigurationApiItemWrapper.cs:line 104&#xD;
   at VideoOS.Platform.ConfigurationItems.Factory.IsItemTypeSupported(ServerId serverId, String itemType) in D:\actions-runner\_work\XPCO\XPCO\MIP\PlatformPlugin\VideoOS.Platform\src\ConfigurationItems\Factory.cs:line 464&#xD;
&#xD;
Factory.IsItemTypeSupportedFactory.IsItemTypeSupported ()The method or operation is not implemented.   at VideoOS.Platform.SDKUnittest.EnvironmentTests.TestConfigurationClientService.GetItem(String path) in D:\actions-runner\_work\XPCO\XPCO\MIP\MIPSDK\tst\VideoOS.Platform.SDK.UnitTests\EnvironmentTests\TestsWithCorporateShimsBase.cs:line 227&#xD;
   at VideoOS.Platform.Proxy.ConfigApi.ConfigurationApiItemWrapper..ctor(ServerId serverId, String path) in D:\actions-runner\_work\XPCO\XPCO\MIP\PlatformPlugin\VideoOS.Platform\src\Proxy\ConfigApi\ConfigurationApiItemWrapper.cs:line 104&#xD;
   at VideoOS.Platform.ConfigurationItems.Factory.IsItemTypeSupported(ServerId serverId, String itemType) in D:\actions-runner\_work\XPCO\XPCO\MIP\PlatformPlugin\VideoOS.Platform\src\ConfigurationItems\Factory.cs:line 464&#xD;
MIP: Error: GetConfiguration (): CustomSetting not found for the given platformDefinitionId: e145597a-ecaf-40a1-99e6-14bb9d45a09e&#xD;
MIP: Error: ConfigurationApiItemWrapper (): ConfigAPI GetItem(): System.NotImplementedException, The method or operation is not implemented.&#xD;
MIP: Error: Factory.IsItemTypeSupported (): Exception source:      VideoOS.Platform.SDK.UnitTests&#xD;
Exception type:        System.NotImplementedException&#xD;
Exception message:     The method or operation is not implemented.&#xD;
Exception target site: GetItem&#xD;
   at VideoOS.Platform.SDKUnittest.EnvironmentTests.TestConfigurationClientService.GetItem(String path) in D:\actions-runner\_work\XPCO\XPCO\MIP\MIPSDK\tst\VideoOS.Platform.SDK.UnitTests\EnvironmentTests\TestsWithCorporateShimsBase.cs:line 227&#xD;
   at VideoOS.Platform.Proxy.ConfigApi.ConfigurationApiItemWrapper..ctor(ServerId serverId, String path) in D:\actions-runner\_work\XPCO\XPCO\MIP\PlatformPlugin\VideoOS.Platform\src\Proxy\ConfigApi\ConfigurationApiItemWrapper.cs:line 104&#xD;
   at VideoOS.Platform.ConfigurationItems.Factory.IsItemTypeSupported(ServerId serverId, String itemType) in D:\actions-runner\_work\XPCO\XPCO\MIP\PlatformPlugin\VideoOS.Platform\src\ConfigurationItems\Factory.cs:line 464&#xD;
&#xD;
Factory.IsItemTypeSupportedFactory.IsItemTypeSupported ()The method or operation is not implemented.   at VideoOS.Platform.SDKUnittest.EnvironmentTests.TestConfigurationClientService.GetItem(String path) in D:\actions-runner\_work\XPCO\XPCO\MIP\MIPSDK\tst\VideoOS.Platform.SDK.UnitTests\EnvironmentTests\TestsWithCorporateShimsBase.cs:line 227&#xD;
   at VideoOS.Platform.Proxy.ConfigApi.ConfigurationApiItemWrapper..ctor(ServerId serverId, String path) in D:\actions-runner\_work\XPCO\XPCO\MIP\PlatformPlugin\VideoOS.Platform\src\Proxy\ConfigApi\ConfigurationApiItemWrapper.cs:line 104&#xD;
   at VideoOS.Platform.ConfigurationItems.Factory.IsItemTypeSupported(ServerId serverId, String itemType) in D:\actions-runner\_work\XPCO\XPCO\MIP\PlatformPlugin\VideoOS.Platform\src\ConfigurationItems\Factory.cs:line 464&#xD;
MIP: Error: LoginServerOauth (): https://1.2.3.5:55/ManagementServer/ServerCommandServiceOAuth.svc The method or operation is not implemented.&#xD;
MIP: Error: ConfigurationApiItemWrapper (): ConfigAPI GetItem(): System.NotImplementedException, The method or operation is not implemented.&#xD;
MIP: Error: Factory.IsItemTypeSupported (): Exception source:      VideoOS.Platform.SDK.UnitTests&#xD;
Exception type:        System.NotImplementedException&#xD;
Exception message:     The method or operation is not implemented.&#xD;
Exception target site: GetItem&#xD;
   at VideoOS.Platform.SDKUnittest.EnvironmentTests.TestConfigurationClientService.GetItem(String path) in D:\actions-runner\_work\XPCO\XPCO\MIP\MIPSDK\tst\VideoOS.Platform.SDK.UnitTests\EnvironmentTests\TestsWithCorporateShimsBase.cs:line 227&#xD;
   at VideoOS.Platform.Proxy.ConfigApi.ConfigurationApiItemWrapper..ctor(ServerId serverId, String path) in D:\actions-runner\_work\XPCO\XPCO\MIP\PlatformPlugin\VideoOS.Platform\src\Proxy\ConfigApi\ConfigurationApiItemWrapper.cs:line 104&#xD;
   at VideoOS.Platform.ConfigurationItems.Factory.IsItemTypeSupported(ServerId serverId, String itemType) in D:\actions-runner\_work\XPCO\XPCO\MIP\PlatformPlugin\VideoOS.Platform\src\ConfigurationItems\Factory.cs:line 464&#xD;
&#xD;
Factory.IsItemTypeSupportedFactory.IsItemTypeSupported ()The method or operation is not implemented.   at VideoOS.Platform.SDKUnittest.EnvironmentTests.TestConfigurationClientService.GetItem(String path) in D:\actions-runner\_work\XPCO\XPCO\MIP\MIPSDK\tst\VideoOS.Platform.SDK.UnitTests\EnvironmentTests\TestsWithCorporateShimsBase.cs:line 227&#xD;
   at VideoOS.Platform.Proxy.ConfigApi.ConfigurationApiItemWrapper..ctor(ServerId serverId, String path) in D:\actions-runner\_work\XPCO\XPCO\MIP\PlatformPlugin\VideoOS.Platform\src\Proxy\ConfigApi\ConfigurationApiItemWrapper.cs:line 104&#xD;
   at VideoOS.Platform.ConfigurationItems.Factory.IsItemTypeSupported(ServerId serverId, String itemType) in D:\actions-runner\_work\XPCO\XPCO\MIP\PlatformPlugin\VideoOS.Platform\src\ConfigurationItems\Factory.cs:line 464&#xD;
MIP: Error: ConfigurationApiItemWrapper (): ConfigAPI GetItem(): System.NotImplementedException, The method or operation is not implemented.&#xD;
MIP: Error: Factory.IsItemTypeSupported (): Exception source:      VideoOS.Platform.SDK.UnitTests&#xD;
Exception type:        System.NotImplementedException&#xD;
Exception message:     The method or operation is not implemented.&#xD;
Exception target site: GetItem&#xD;
   at VideoOS.Platform.SDKUnittest.EnvironmentTests.TestConfigurationClientService.GetItem(String path) in D:\actions-runner\_work\XPCO\XPCO\MIP\MIPSDK\tst\VideoOS.Platform.SDK.UnitTests\EnvironmentTests\TestsWithCorporateShimsBase.cs:line 227&#xD;
   at VideoOS.Platform.Proxy.ConfigApi.ConfigurationApiItemWrapper..ctor(ServerId serverId, String path) in D:\actions-runner\_work\XPCO\XPCO\MIP\PlatformPlugin\VideoOS.Platform\src\Proxy\ConfigApi\ConfigurationApiItemWrapper.cs:line 104&#xD;
   at VideoOS.Platform.ConfigurationItems.Factory.IsItemTypeSupported(ServerId serverId, String itemType) in D:\actions-runner\_work\XPCO\XPCO\MIP\PlatformPlugin\VideoOS.Platform\src\ConfigurationItems\Factory.cs:line 464&#xD;
&#xD;
Factory.IsItemTypeSupportedFactory.IsItemTypeSupported ()The method or operation is not implemented.   at VideoOS.Platform.SDKUnittest.EnvironmentTests.TestConfigurationClientService.GetItem(String path) in D:\actions-runner\_work\XPCO\XPCO\MIP\MIPSDK\tst\VideoOS.Platform.SDK.UnitTests\EnvironmentTests\TestsWithCorporateShimsBase.cs:line 227&#xD;
   at VideoOS.Platform.Proxy.ConfigApi.ConfigurationApiItemWrapper..ctor(ServerId serverId, String path) in D:\actions-runner\_work\XPCO\XPCO\MIP\PlatformPlugin\VideoOS.Platform\src\Proxy\ConfigApi\ConfigurationApiItemWrapper.cs:line 104&#xD;
   at VideoOS.Platform.ConfigurationItems.Factory.IsItemTypeSupported(ServerId serverId, String itemType) in D:\actions-runner\_work\XPCO\XPCO\MIP\PlatformPlugin\VideoOS.Platform\src\ConfigurationItems\Factory.cs:line 464&#xD;
MIP: Error: LoginServerOauth (): https://1.2.3.5:55/ManagementServer/ServerCommandServiceOAuth.svc The method or operation is not implemented.&#xD;
MIP: Error: ConfigurationApiItemWrapper (): ConfigAPI GetItem(): System.NotImplementedException, The method or operation is not implemented.&#xD;
MIP: Error: Factory.IsItemTypeSupported (): Exception source:      VideoOS.Platform.SDK.UnitTests&#xD;
Exception type:        System.NotImplementedException&#xD;
Exception message:     The method or operation is not implemented.&#xD;
Exception target site: GetItem&#xD;
   at VideoOS.Platform.SDKUnittest.EnvironmentTests.TestConfigurationClientService.GetItem(String path) in D:\actions-runner\_work\XPCO\XPCO\MIP\MIPSDK\tst\VideoOS.Platform.SDK.UnitTests\EnvironmentTests\TestsWithCorporateShimsBase.cs:line 227&#xD;
   at VideoOS.Platform.Proxy.ConfigApi.ConfigurationApiItemWrapper..ctor(ServerId serverId, String path) in D:\actions-runner\_work\XPCO\XPCO\MIP\PlatformPlugin\VideoOS.Platform\src\Proxy\ConfigApi\ConfigurationApiItemWrapper.cs:line 104&#xD;
   at VideoOS.Platform.ConfigurationItems.Factory.IsItemTypeSupported(ServerId serverId, String itemType) in D:\actions-runner\_work\XPCO\XPCO\MIP\PlatformPlugin\VideoOS.Platform\src\ConfigurationItems\Factory.cs:line 464&#xD;
&#xD;
Factory.IsItemTypeSupportedFactory.IsItemTypeSupported ()The method or operation is not implemented.   at VideoOS.Platform.SDKUnittest.EnvironmentTests.TestConfigurationClientService.GetItem(String path) in D:\actions-runner\_work\XPCO\XPCO\MIP\MIPSDK\tst\VideoOS.Platform.SDK.UnitTests\EnvironmentTests\TestsWithCorporateShimsBase.cs:line 227&#xD;
   at VideoOS.Platform.Proxy.ConfigApi.ConfigurationApiItemWrapper..ctor(ServerId serverId, String path) in D:\actions-runner\_work\XPCO\XPCO\MIP\PlatformPlugin\VideoOS.Platform\src\Proxy\ConfigApi\ConfigurationApiItemWrapper.cs:line 104&#xD;
   at VideoOS.Platform.ConfigurationItems.Factory.IsItemTypeSupported(ServerId serverId, String itemType) in D:\actions-runner\_work\XPCO\XPCO\MIP\PlatformPlugin\VideoOS.Platform\src\ConfigurationItems\Factory.cs:line 464&#xD;
MIP: Error: GetConfiguration (): CustomSetting not found for the given platformDefinitionId: e145597a-ecaf-40a1-99e6-14bb9d45a09e&#xD;
MIP: Error: ConfigurationApiItemWrapper (): ConfigAPI GetItem(): System.NotImplementedException, The method or operation is not implemented.&#xD;
MIP: Error: Factory.IsItemTypeSupported (): Exception source:      VideoOS.Platform.SDK.UnitTests&#xD;
Exception type:        System.NotImplementedException&#xD;
Exception message:     The method or operation is not implemented.&#xD;
Exception target site: GetItem&#xD;
   at VideoOS.Platform.SDKUnittest.EnvironmentTests.TestConfigurationClientService.GetItem(String path) in D:\actions-runner\_work\XPCO\XPCO\MIP\MIPSDK\tst\VideoOS.Platform.SDK.UnitTests\EnvironmentTests\TestsWithCorporateShimsBase.cs:line 227&#xD;
   at VideoOS.Platform.Proxy.ConfigApi.ConfigurationApiItemWrapper..ctor(ServerId serverId, String path) in D:\actions-runner\_work\XPCO\XPCO\MIP\PlatformPlugin\VideoOS.Platform\src\Proxy\ConfigApi\ConfigurationApiItemWrapper.cs:line 104&#xD;
   at VideoOS.Platform.ConfigurationItems.Factory.IsItemTypeSupported(ServerId serverId, String itemType) in D:\actions-runner\_work\XPCO\XPCO\MIP\PlatformPlugin\VideoOS.Platform\src\ConfigurationItems\Factory.cs:line 464&#xD;
&#xD;
Factory.IsItemTypeSupportedFactory.IsItemTypeSupported ()The method or operation is not implemented.   at VideoOS.Platform.SDKUnittest.EnvironmentTests.TestConfigurationClientService.GetItem(String path) in D:\actions-runner\_work\XPCO\XPCO\MIP\MIPSDK\tst\VideoOS.Platform.SDK.UnitTests\EnvironmentTests\TestsWithCorporateShimsBase.cs:line 227&#xD;
   at VideoOS.Platform.Proxy.ConfigApi.ConfigurationApiItemWrapper..ctor(ServerId serverId, String path) in D:\actions-runner\_work\XPCO\XPCO\MIP\PlatformPlugin\VideoOS.Platform\src\Proxy\ConfigApi\ConfigurationApiItemWrapper.cs:line 104&#xD;
   at VideoOS.Platform.ConfigurationItems.Factory.IsItemTypeSupported(ServerId serverId, String itemType) in D:\actions-runner\_work\XPCO\XPCO\MIP\PlatformPlugin\VideoOS.Platform\src\ConfigurationItems\Factory.cs:line 464&#xD;
MIP: Error: LoginServerOauth (): https://1.2.3.5:55/ManagementServer/ServerCommandServiceOAuth.svc The method or operation is not implemented.&#xD;
MIP: Error: ConfigurationApiItemWrapper (): ConfigAPI GetItem(): System.NotImplementedException, The method or operation is not implemented.&#xD;
MIP: Error: Factory.IsItemTypeSupported (): Exception source:      VideoOS.Platform.SDK.UnitTests&#xD;
Exception type:        System.NotImplementedException&#xD;
Exception message:     The method or operation is not implemented.&#xD;
Exception target site: GetItem&#xD;
   at VideoOS.Platform.SDKUnittest.EnvironmentTests.TestConfigurationClientService.GetItem(String path) in D:\actions-runner\_work\XPCO\XPCO\MIP\MIPSDK\tst\VideoOS.Platform.SDK.UnitTests\EnvironmentTests\TestsWithCorporateShimsBase.cs:line 227&#xD;
   at VideoOS.Platform.Proxy.ConfigApi.ConfigurationApiItemWrapper..ctor(ServerId serverId, String path) in D:\actions-runner\_work\XPCO\XPCO\MIP\PlatformPlugin\VideoOS.Platform\src\Proxy\ConfigApi\ConfigurationApiItemWrapper.cs:line 104&#xD;
   at VideoOS.Platform.ConfigurationItems.Factory.IsItemTypeSupported(ServerId serverId, String itemType) in D:\actions-runner\_work\XPCO\XPCO\MIP\PlatformPlugin\VideoOS.Platform\src\ConfigurationItems\Factory.cs:line 464&#xD;
&#xD;
Factory.IsItemTypeSupportedFactory.IsItemTypeSupported ()The method or operation is not implemented.   at VideoOS.Platform.SDKUnittest.EnvironmentTests.TestConfigurationClientService.GetItem(String path) in D:\actions-runner\_work\XPCO\XPCO\MIP\MIPSDK\tst\VideoOS.Platform.SDK.UnitTests\EnvironmentTests\TestsWithCorporateShimsBase.cs:line 227&#xD;
   at VideoOS.Platform.Proxy.ConfigApi.ConfigurationApiItemWrapper..ctor(ServerId serverId, String path) in D:\actions-runner\_work\XPCO\XPCO\MIP\PlatformPlugin\VideoOS.Platform\src\Proxy\ConfigApi\ConfigurationApiItemWrapper.cs:line 104&#xD;
   at VideoOS.Platform.ConfigurationItems.Factory.IsItemTypeSupported(ServerId serverId, String itemType) in D:\actions-runner\_work\XPCO\XPCO\MIP\PlatformPlugin\VideoOS.Platform\src\ConfigurationItems\Factory.cs:line 464&#xD;
MIP: Error: ConfigurationApiItemWrapper (): ConfigAPI GetItem(): System.NotImplementedException, The method or operation is not implemented.&#xD;
MIP: Error: Factory.IsItemTypeSupported (): Exception source:      VideoOS.Platform.SDK.UnitTests&#xD;
Exception type:        System.NotImplementedException&#xD;
Exception message:     The method or operation is not implemented.&#xD;
Exception target site: GetItem&#xD;
   at VideoOS.Platform.SDKUnittest.EnvironmentTests.TestConfigurationClientService.GetItem(String path) in D:\actions-runner\_work\XPCO\XPCO\MIP\MIPSDK\tst\VideoOS.Platform.SDK.UnitTests\EnvironmentTests\TestsWithCorporateShimsBase.cs:line 227&#xD;
   at VideoOS.Platform.Proxy.ConfigApi.ConfigurationApiItemWrapper..ctor(ServerId serverId, String path) in D:\actions-runner\_work\XPCO\XPCO\MIP\PlatformPlugin\VideoOS.Platform\src\Proxy\ConfigApi\ConfigurationApiItemWrapper.cs:line 104&#xD;
   at VideoOS.Platform.ConfigurationItems.Factory.IsItemTypeSupported(ServerId serverId, String itemType) in D:\actions-runner\_work\XPCO\XPCO\MIP\PlatformPlugin\VideoOS.Platform\src\ConfigurationItems\Factory.cs:line 464&#xD;
&#xD;
Factory.IsItemTypeSupportedFactory.IsItemTypeSupported ()The method or operation is not implemented.   at VideoOS.Platform.SDKUnittest.EnvironmentTests.TestConfigurationClientService.GetItem(String path) in D:\actions-runner\_work\XPCO\XPCO\MIP\MIPSDK\tst\VideoOS.Platform.SDK.UnitTests\EnvironmentTests\TestsWithCorporateShimsBase.cs:line 227&#xD;
   at VideoOS.Platform.Proxy.ConfigApi.ConfigurationApiItemWrapper..ctor(ServerId serverId, String path) in D:\actions-runner\_work\XPCO\XPCO\MIP\PlatformPlugin\VideoOS.Platform\src\Proxy\ConfigApi\ConfigurationApiItemWrapper.cs:line 104&#xD;
   at VideoOS.Platform.ConfigurationItems.Factory.IsItemTypeSupported(ServerId serverId, String itemType) in D:\actions-runner\_work\XPCO\XPCO\MIP\PlatformPlugin\VideoOS.Platform\src\ConfigurationItems\Factory.cs:line 464&#xD;
MIP: Error: LoginServerOauth (): https://1.2.3.5:55/ManagementServer/ServerCommandServiceOAuth.svc The method or operation is not implemented.&#xD;
MIP: Error: ConfigurationApiItemWrapper (): ConfigAPI GetItem(): System.NotImplementedException, The method or operation is not implemented.&#xD;
MIP: Error: Factory.IsItemTypeSupported (): Exception source:      VideoOS.Platform.SDK.UnitTests&#xD;
Exception type:        System.NotImplementedException&#xD;
Exception message:     The method or operation is not implemented.&#xD;
Exception target site: GetItem&#xD;
   at VideoOS.Platform.SDKUnittest.EnvironmentTests.TestConfigurationClientService.GetItem(String path) in D:\actions-runner\_work\XPCO\XPCO\MIP\MIPSDK\tst\VideoOS.Platform.SDK.UnitTests\EnvironmentTests\TestsWithCorporateShimsBase.cs:line 227&#xD;
   at VideoOS.Platform.Proxy.ConfigApi.ConfigurationApiItemWrapper..ctor(ServerId serverId, String path) in D:\actions-runner\_work\XPCO\XPCO\MIP\PlatformPlugin\VideoOS.Platform\src\Proxy\ConfigApi\ConfigurationApiItemWrapper.cs:line 104&#xD;
   at VideoOS.Platform.ConfigurationItems.Factory.IsItemTypeSupported(ServerId serverId, String itemType) in D:\actions-runner\_work\XPCO\XPCO\MIP\PlatformPlugin\VideoOS.Platform\src\ConfigurationItems\Factory.cs:line 464&#xD;
&#xD;
Factory.IsItemTypeSupportedFactory.IsItemTypeSupported ()The method or operation is not implemented.   at VideoOS.Platform.SDKUnittest.EnvironmentTests.TestConfigurationClientService.GetItem(String path) in D:\actions-runner\_work\XPCO\XPCO\MIP\MIPSDK\tst\VideoOS.Platform.SDK.UnitTests\EnvironmentTests\TestsWithCorporateShimsBase.cs:line 227&#xD;
   at VideoOS.Platform.Proxy.ConfigApi.ConfigurationApiItemWrapper..ctor(ServerId serverId, String path) in D:\actions-runner\_work\XPCO\XPCO\MIP\PlatformPlugin\VideoOS.Platform\src\Proxy\ConfigApi\ConfigurationApiItemWrapper.cs:line 104&#xD;
   at VideoOS.Platform.ConfigurationItems.Factory.IsItemTypeSupported(ServerId serverId, String itemType) in D:\actions-runner\_work\XPCO\XPCO\MIP\PlatformPlugin\VideoOS.Platform\src\ConfigurationItems\Factory.cs:line 464&#xD;
MIP: Error: GetConfiguration (): CustomSetting not found for the given platformDefinitionId: e145597a-ecaf-40a1-99e6-14bb9d45a09e&#xD;
MIP: Error: ConfigurationApiItemWrapper (): ConfigAPI GetItem(): System.NotImplementedException, The method or operation is not implemented.&#xD;
MIP: Error: Factory.IsItemTypeSupported (): Exception source:      VideoOS.Platform.SDK.UnitTests&#xD;
Exception type:        System.NotImplementedException&#xD;
Exception message:     The method or operation is not implemented.&#xD;
Exception target site: GetItem&#xD;
   at VideoOS.Platform.SDKUnittest.EnvironmentTests.TestConfigurationClientService.GetItem(String path) in D:\actions-runner\_work\XPCO\XPCO\MIP\MIPSDK\tst\VideoOS.Platform.SDK.UnitTests\EnvironmentTests\TestsWithCorporateShimsBase.cs:line 227&#xD;
   at VideoOS.Platform.Proxy.ConfigApi.ConfigurationApiItemWrapper..ctor(ServerId serverId, String path) in D:\actions-runner\_work\XPCO\XPCO\MIP\PlatformPlugin\VideoOS.Platform\src\Proxy\ConfigApi\ConfigurationApiItemWrapper.cs:line 104&#xD;
   at VideoOS.Platform.ConfigurationItems.Factory.IsItemTypeSupported(ServerId serverId, String itemType) in D:\actions-runner\_work\XPCO\XPCO\MIP\PlatformPlugin\VideoOS.Platform\src\ConfigurationItems\Factory.cs:line 464&#xD;
&#xD;
Factory.IsItemTypeSupportedFactory.IsItemTypeSupported ()The method or operation is not implemented.   at VideoOS.Platform.SDKUnittest.EnvironmentTests.TestConfigurationClientService.GetItem(String path) in D:\actions-runner\_work\XPCO\XPCO\MIP\MIPSDK\tst\VideoOS.Platform.SDK.UnitTests\EnvironmentTests\TestsWithCorporateShimsBase.cs:line 227&#xD;
   at VideoOS.Platform.Proxy.ConfigApi.ConfigurationApiItemWrapper..ctor(ServerId serverId, String path) in D:\actions-runner\_work\XPCO\XPCO\MIP\PlatformPlugin\VideoOS.Platform\src\Proxy\ConfigApi\ConfigurationApiItemWrapper.cs:line 104&#xD;
   at VideoOS.Platform.ConfigurationItems.Factory.IsItemTypeSupported(ServerId serverId, String itemType) in D:\actions-runner\_work\XPCO\XPCO\MIP\PlatformPlugin\VideoOS.Platform\src\ConfigurationItems\Factory.cs:line 464&#xD;
MIP: Error: LoginServerOauth (): https://1.2.3.5:55/ManagementServer/ServerCommandServiceOAuth.svc The method or operation is not implemented.&#xD;
MIP: Error: ConfigurationApiItemWrapper (): ConfigAPI GetItem(): System.NotImplementedException, The method or operation is not implemented.&#xD;
MIP: Error: Factory.IsItemTypeSupported (): Exception source:      VideoOS.Platform.SDK.UnitTests&#xD;
Exception type:        System.NotImplementedException&#xD;
Exception message:     The method or operation is not implemented.&#xD;
Exception target site: GetItem&#xD;
   at VideoOS.Platform.SDKUnittest.EnvironmentTests.TestConfigurationClientService.GetItem(String path) in D:\actions-runner\_work\XPCO\XPCO\MIP\MIPSDK\tst\VideoOS.Platform.SDK.UnitTests\EnvironmentTests\TestsWithCorporateShimsBase.cs:line 227&#xD;
   at VideoOS.Platform.Proxy.ConfigApi.ConfigurationApiItemWrapper..ctor(ServerId serverId, String path) in D:\actions-runner\_work\XPCO\XPCO\MIP\PlatformPlugin\VideoOS.Platform\src\Proxy\ConfigApi\ConfigurationApiItemWrapper.cs:line 104&#xD;
   at VideoOS.Platform.ConfigurationItems.Factory.IsItemTypeSupported(ServerId serverId, String itemType) in D:\actions-runner\_work\XPCO\XPCO\MIP\PlatformPlugin\VideoOS.Platform\src\ConfigurationItems\Factory.cs:line 464&#xD;
&#xD;
Factory.IsItemTypeSupportedFactory.IsItemTypeSupported ()The method or operation is not implemented.   at VideoOS.Platform.SDKUnittest.EnvironmentTests.TestConfigurationClientService.GetItem(String path) in D:\actions-runner\_work\XPCO\XPCO\MIP\MIPSDK\tst\VideoOS.Platform.SDK.UnitTests\EnvironmentTests\TestsWithCorporateShimsBase.cs:line 227&#xD;
   at VideoOS.Platform.Proxy.ConfigApi.ConfigurationApiItemWrapper..ctor(ServerId serverId, String path) in D:\actions-runner\_work\XPCO\XPCO\MIP\PlatformPlugin\VideoOS.Platform\src\Proxy\ConfigApi\ConfigurationApiItemWrapper.cs:line 104&#xD;
   at VideoOS.Platform.ConfigurationItems.Factory.IsItemTypeSupported(ServerId serverId, String itemType) in D:\actions-runner\_work\XPCO\XPCO\MIP\PlatformPlugin\VideoOS.Platform\src\ConfigurationItems\Factory.cs:line 464&#xD;
MIP: Error: ConfigurationApiItemWrapper (): ConfigAPI GetItem(): System.NotImplementedException, The method or operation is not implemented.&#xD;
MIP: Error: Factory.IsItemTypeSupported (): Exception source:      VideoOS.Platform.SDK.UnitTests&#xD;
Exception type:        System.NotImplementedException&#xD;
Exception message:     The method or operation is not implemented.&#xD;
Exception target site: GetItem&#xD;
   at VideoOS.Platform.SDKUnittest.EnvironmentTests.TestConfigurationClientService.GetItem(String path) in D:\actions-runner\_work\XPCO\XPCO\MIP\MIPSDK\tst\VideoOS.Platform.SDK.UnitTests\EnvironmentTests\TestsWithCorporateShimsBase.cs:line 227&#xD;
   at VideoOS.Platform.Proxy.ConfigApi.ConfigurationApiItemWrapper..ctor(ServerId serverId, String path) in D:\actions-runner\_work\XPCO\XPCO\MIP\PlatformPlugin\VideoOS.Platform\src\Proxy\ConfigApi\ConfigurationApiItemWrapper.cs:line 104&#xD;
   at VideoOS.Platform.ConfigurationItems.Factory.IsItemTypeSupported(ServerId serverId, String itemType) in D:\actions-runner\_work\XPCO\XPCO\MIP\PlatformPlugin\VideoOS.Platform\src\ConfigurationItems\Factory.cs:line 464&#xD;
&#xD;
Factory.IsItemTypeSupportedFactory.IsItemTypeSupported ()The method or operation is not implemented.   at VideoOS.Platform.SDKUnittest.EnvironmentTests.TestConfigurationClientService.GetItem(String path) in D:\actions-runner\_work\XPCO\XPCO\MIP\MIPSDK\tst\VideoOS.Platform.SDK.UnitTests\EnvironmentTests\TestsWithCorporateShimsBase.cs:line 227&#xD;
   at VideoOS.Platform.Proxy.ConfigApi.ConfigurationApiItemWrapper..ctor(ServerId serverId, String path) in D:\actions-runner\_work\XPCO\XPCO\MIP\PlatformPlugin\VideoOS.Platform\src\Proxy\ConfigApi\ConfigurationApiItemWrapper.cs:line 104&#xD;
   at VideoOS.Platform.ConfigurationItems.Factory.IsItemTypeSupported(ServerId serverId, String itemType) in D:\actions-runner\_work\XPCO\XPCO\MIP\PlatformPlugin\VideoOS.Platform\src\ConfigurationItems\Factory.cs:line 464&#xD;
MIP: Error: LoginServerOauth (): https://1.2.3.5:55/ManagementServer/ServerCommandServiceOAuth.svc The method or operation is not implemented.&#xD;
MIP: Error: ConfigurationApiItemWrapper (): ConfigAPI GetItem(): System.NotImplementedException, The method or operation is not implemented.&#xD;
MIP: Error: Factory.IsItemTypeSupported (): Exception source:      VideoOS.Platform.SDK.UnitTests&#xD;
Exception type:        System.NotImplementedException&#xD;
Exception message:     The method or operation is not implemented.&#xD;
Exception target site: GetItem&#xD;
   at VideoOS.Platform.SDKUnittest.EnvironmentTests.TestConfigurationClientService.GetItem(String path) in D:\actions-runner\_work\XPCO\XPCO\MIP\MIPSDK\tst\VideoOS.Platform.SDK.UnitTests\EnvironmentTests\TestsWithCorporateShimsBase.cs:line 227&#xD;
   at VideoOS.Platform.Proxy.ConfigApi.ConfigurationApiItemWrapper..ctor(ServerId serverId, String path) in D:\actions-runner\_work\XPCO\XPCO\MIP\PlatformPlugin\VideoOS.Platform\src\Proxy\ConfigApi\ConfigurationApiItemWrapper.cs:line 104&#xD;
   at VideoOS.Platform.ConfigurationItems.Factory.IsItemTypeSupported(ServerId serverId, String itemType) in D:\actions-runner\_work\XPCO\XPCO\MIP\PlatformPlugin\VideoOS.Platform\src\ConfigurationItems\Factory.cs:line 464&#xD;
&#xD;
Factory.IsItemTypeSupportedFactory.IsItemTypeSupported ()The method or operation is not implemented.   at VideoOS.Platform.SDKUnittest.EnvironmentTests.TestConfigurationClientService.GetItem(String path) in D:\actions-runner\_work\XPCO\XPCO\MIP\MIPSDK\tst\VideoOS.Platform.SDK.UnitTests\EnvironmentTests\TestsWithCorporateShimsBase.cs:line 227&#xD;
   at VideoOS.Platform.Proxy.ConfigApi.ConfigurationApiItemWrapper..ctor(ServerId serverId, String path) in D:\actions-runner\_work\XPCO\XPCO\MIP\PlatformPlugin\VideoOS.Platform\src\Proxy\ConfigApi\ConfigurationApiItemWrapper.cs:line 104&#xD;
   at VideoOS.Platform.ConfigurationItems.Factory.IsItemTypeSupported(ServerId serverId, String itemType) in D:\actions-runner\_work\XPCO\XPCO\MIP\PlatformPlugin\VideoOS.Platform\src\ConfigurationItems\Factory.cs:line 464&#xD;
MIP: Error: GetConfiguration (): CustomSetting not found for the given platformDefinitionId: e145597a-ecaf-40a1-99e6-14bb9d45a09e&#xD;
MIP: Error: ConfigurationApiItemWrapper (): ConfigAPI GetItem(): System.NotImplementedException, The method or operation is not implemented.&#xD;
MIP: Error: Factory.IsItemTypeSupported (): Exception source:      VideoOS.Platform.SDK.UnitTests&#xD;
Exception type:        System.NotImplementedException&#xD;
Exception message:     The method or operation is not implemented.&#xD;
Exception target site: GetItem&#xD;
   at VideoOS.Platform.SDKUnittest.EnvironmentTests.TestConfigurationClientService.GetItem(String path) in D:\actions-runner\_work\XPCO\XPCO\MIP\MIPSDK\tst\VideoOS.Platform.SDK.UnitTests\EnvironmentTests\TestsWithCorporateShimsBase.cs:line 227&#xD;
   at VideoOS.Platform.Proxy.ConfigApi.ConfigurationApiItemWrapper..ctor(ServerId serverId, String path) in D:\actions-runner\_work\XPCO\XPCO\MIP\PlatformPlugin\VideoOS.Platform\src\Proxy\ConfigApi\ConfigurationApiItemWrapper.cs:line 104&#xD;
   at VideoOS.Platform.ConfigurationItems.Factory.IsItemTypeSupported(ServerId serverId, String itemType) in D:\actions-runner\_work\XPCO\XPCO\MIP\PlatformPlugin\VideoOS.Platform\src\ConfigurationItems\Factory.cs:line 464&#xD;
&#xD;
Factory.IsItemTypeSupportedFactory.IsItemTypeSupported ()The method or operation is not implemented.   at VideoOS.Platform.SDKUnittest.EnvironmentTests.TestConfigurationClientService.GetItem(String path) in D:\actions-runner\_work\XPCO\XPCO\MIP\MIPSDK\tst\VideoOS.Platform.SDK.UnitTests\EnvironmentTests\TestsWithCorporateShimsBase.cs:line 227&#xD;
   at VideoOS.Platform.Proxy.ConfigApi.ConfigurationApiItemWrapper..ctor(ServerId serverId, String path) in D:\actions-runner\_work\XPCO\XPCO\MIP\PlatformPlugin\VideoOS.Platform\src\Proxy\ConfigApi\ConfigurationApiItemWrapper.cs:line 104&#xD;
   at VideoOS.Platform.ConfigurationItems.Factory.IsItemTypeSupported(ServerId serverId, String itemType) in D:\actions-runner\_work\XPCO\XPCO\MIP\PlatformPlugin\VideoOS.Platform\src\ConfigurationItems\Factory.cs:line 464&#xD;
MIP: Error: LoginServerOauth (): https://1.2.3.5:55/ManagementServer/ServerCommandServiceOAuth.svc The method or operation is not implemented.</StdOut>
      </Output>
    </UnitTestResult>
    <UnitTestResult executionId="90033f5b-15e0-4123-9a96-d463f512e370" testId="42bdc251-86a2-3f22-7f1a-f6d4ae2e2647" testName="XpcoLoadSiteItemWithNoServerAdded" computerName="DKSR-EFI-04" duration="00:00:00.0187273" startTime="2023-12-22T09:37:10.2316660+01:00" endTime="2023-12-22T09:37:10.2506184+01:00" testType="13cdc9d9-ddb5-4fa4-a97d-d965ccfc6d4b" outcome="Passed" testListId="8c84fa94-04c1-424b-9868-57a2d4851a1d" relativeResultsDirectory="90033f5b-15e0-4123-9a96-d463f512e370" />
    <UnitTestResult executionId="247b23dc-7ddc-4720-ad1b-72d6c4edbea4" testId="4592a7b7-193a-d11d-ddb3-2a2e9e4e2370" testName="IgnorePortCompareOk" computerName="DKSR-EFI-04" duration="00:00:00.0009666" startTime="2023-12-22T09:36:54.8857777+01:00" endTime="2023-12-22T09:36:54.8869464+01:00" testType="13cdc9d9-ddb5-4fa4-a97d-d965ccfc6d4b" outcome="Passed" testListId="8c84fa94-04c1-424b-9868-57a2d4851a1d" relativeResultsDirectory="247b23dc-7ddc-4720-ad1b-72d6c4edbea4" />
    <UnitTestResult executionId="9ff01caa-3fd7-4704-923b-01ecd659ae74" testId="e02a3aff-4b0e-8be7-4f14-51de7ab4670f" testName="TryCreateParentUri_WhenBasicAuthHasCredential_ReturnsUrl" computerName="DKSR-EFI-04" duration="00:00:00.0007639" startTime="2023-12-22T09:36:54.7005959+01:00" endTime="2023-12-22T09:36:54.7015626+01:00" testType="13cdc9d9-ddb5-4fa4-a97d-d965ccfc6d4b" outcome="Passed" testListId="8c84fa94-04c1-424b-9868-57a2d4851a1d" relativeResultsDirectory="9ff01caa-3fd7-4704-923b-01ecd659ae74" />
    <UnitTestResult executionId="543ae619-6df5-45ae-83af-de57335d5e7e" testId="8dfedf8d-5ced-b051-67b1-f21d8190aa73" testName="VerifyServerFoundThroughOriginalUri_throughLoginSettings" computerName="DKSR-EFI-04" duration="00:00:00.0013382" startTime="2023-12-22T09:36:53.2519352+01:00" endTime="2023-12-22T09:36:53.2534181+01:00" testType="13cdc9d9-ddb5-4fa4-a97d-d965ccfc6d4b" outcome="Passed" testListId="8c84fa94-04c1-424b-9868-57a2d4851a1d" relativeResultsDirectory="543ae619-6df5-45ae-83af-de57335d5e7e" />
    <UnitTestResult executionId="bc46c116-1382-41de-88fa-bce8f9856e2b" testId="15bcd984-07b3-3ad0-b259-4c4f5e06c1bd" testName="IsLoggedIn_Correct" computerName="DKSR-EFI-04" duration="00:00:00.0042357" startTime="2023-12-22T09:36:52.7090912+01:00" endTime="2023-12-22T09:36:52.7134844+01:00" testType="13cdc9d9-ddb5-4fa4-a97d-d965ccfc6d4b" outcome="Passed" testListId="8c84fa94-04c1-424b-9868-57a2d4851a1d" relativeResultsDirectory="bc46c116-1382-41de-88fa-bce8f9856e2b" />
    <UnitTestResult executionId="37a85f2f-bc51-4a72-9680-d9d01a5a8811" testId="638fe5d5-83ae-859e-df2b-f9eef240ca6f" testName="LogoutByUri_WhenSystemInfoNull_CallsOnlyConfigurationLogout" computerName="DKSR-EFI-04" duration="00:00:00.0062146" startTime="2023-12-22T09:36:52.7972189+01:00" endTime="2023-12-22T09:36:52.8035843+01:00" testType="13cdc9d9-ddb5-4fa4-a97d-d965ccfc6d4b" outcome="Passed" testListId="8c84fa94-04c1-424b-9868-57a2d4851a1d" relativeResultsDirectory="37a85f2f-bc51-4a72-9680-d9d01a5a8811" />
    <UnitTestResult executionId="7a19343c-67ff-4bcf-808c-369074e33264" testId="eee97d95-67c8-3d03-776d-c5c6f362f535" testName="ConnectionTask_ShouldNotResumeNewSession_WhenConnectionIsBroken_AndResumeFails_AndResubscribeFails" computerName="DKSR-EFI-04" duration="00:00:00.0125433" startTime="2023-12-22T09:36:55.2910800+01:00" endTime="2023-12-22T09:36:55.3038960+01:00" testType="13cdc9d9-ddb5-4fa4-a97d-d965ccfc6d4b" outcome="Passed" testListId="8c84fa94-04c1-424b-9868-57a2d4851a1d" relativeResultsDirectory="7a19343c-67ff-4bcf-808c-369074e33264" />
    <UnitTestResult executionId="59c3c261-751c-484c-9170-a62aac430d6a" testId="4bb35674-bcae-db3f-8d79-6da9552ffd66" testName="CheckBaseTime1970FromInt" computerName="DKSR-EFI-04" duration="00:00:00.0022025" startTime="2023-12-22T09:36:54.8190052+01:00" endTime="2023-12-22T09:36:54.8214384+01:00" testType="13cdc9d9-ddb5-4fa4-a97d-d965ccfc6d4b" outcome="Passed" testListId="8c84fa94-04c1-424b-9868-57a2d4851a1d" relativeResultsDirectory="59c3c261-751c-484c-9170-a62aac430d6a" />
    <UnitTestResult executionId="aeece70c-e848-41f5-b27e-ab7e9eee4253" testId="853f6915-20e9-72f8-b144-6b6c2f45bce5" testName="ConnectionTask_ShouldNotResubscribe_WhenConnectionIsBroken_AndResumeSucceeds" computerName="DKSR-EFI-04" duration="00:00:00.0137786" startTime="2023-12-22T09:36:55.2659941+01:00" endTime="2023-12-22T09:36:55.2800104+01:00" testType="13cdc9d9-ddb5-4fa4-a97d-d965ccfc6d4b" outcome="Passed" testListId="8c84fa94-04c1-424b-9868-57a2d4851a1d" relativeResultsDirectory="aeece70c-e848-41f5-b27e-ab7e9eee4253" />
    <UnitTestResult executionId="b432b1d6-c730-43f1-955d-bd8a9d5e163f" testId="6d93dbe9-2cce-d9d5-7c9f-910853d500ab" testName="XpcoLoadSiteItemWithServerAdded" computerName="DKSR-EFI-04" duration="00:00:00.5393916" startTime="2023-12-22T09:37:09.6907051+01:00" endTime="2023-12-22T09:37:10.2302989+01:00" testType="13cdc9d9-ddb5-4fa4-a97d-d965ccfc6d4b" outcome="Passed" testListId="8c84fa94-04c1-424b-9868-57a2d4851a1d" relativeResultsDirectory="b432b1d6-c730-43f1-955d-bd8a9d5e163f">
      <Output>
        <StdOut>Debug Trace:&#xD;
TopLevelControl returns null. PostMessage may have problems&#xD;
MIP: Error: ConfigurationApiItemWrapper (): ConfigAPI GetItem(): System.NotImplementedException, The method or operation is not implemented.&#xD;
MIP: Error: Factory.IsItemTypeSupported (): Exception source:      VideoOS.Platform.SDK.UnitTests&#xD;
Exception type:        System.NotImplementedException&#xD;
Exception message:     The method or operation is not implemented.&#xD;
Exception target site: GetItem&#xD;
   at VideoOS.Platform.SDKUnittest.EnvironmentTests.TestConfigurationClientService.GetItem(String path) in D:\actions-runner\_work\XPCO\XPCO\MIP\MIPSDK\tst\VideoOS.Platform.SDK.UnitTests\EnvironmentTests\TestsWithCorporateShimsBase.cs:line 227&#xD;
   at VideoOS.Platform.Proxy.ConfigApi.ConfigurationApiItemWrapper..ctor(ServerId serverId, String path) in D:\actions-runner\_work\XPCO\XPCO\MIP\PlatformPlugin\VideoOS.Platform\src\Proxy\ConfigApi\ConfigurationApiItemWrapper.cs:line 104&#xD;
   at VideoOS.Platform.ConfigurationItems.Factory.IsItemTypeSupported(ServerId serverId, String itemType) in D:\actions-runner\_work\XPCO\XPCO\MIP\PlatformPlugin\VideoOS.Platform\src\ConfigurationItems\Factory.cs:line 464&#xD;
&#xD;
Factory.IsItemTypeSupportedFactory.IsItemTypeSupported ()The method or operation is not implemented.   at VideoOS.Platform.SDKUnittest.EnvironmentTests.TestConfigurationClientService.GetItem(String path) in D:\actions-runner\_work\XPCO\XPCO\MIP\MIPSDK\tst\VideoOS.Platform.SDK.UnitTests\EnvironmentTests\TestsWithCorporateShimsBase.cs:line 227&#xD;
   at VideoOS.Platform.Proxy.ConfigApi.ConfigurationApiItemWrapper..ctor(ServerId serverId, String path) in D:\actions-runner\_work\XPCO\XPCO\MIP\PlatformPlugin\VideoOS.Platform\src\Proxy\ConfigApi\ConfigurationApiItemWrapper.cs:line 104&#xD;
   at VideoOS.Platform.ConfigurationItems.Factory.IsItemTypeSupported(ServerId serverId, String itemType) in D:\actions-runner\_work\XPCO\XPCO\MIP\PlatformPlugin\VideoOS.Platform\src\ConfigurationItems\Factory.cs:line 464&#xD;
MIP: Error: GetConfiguration (): CustomSetting not found for the given platformDefinitionId: e145597a-ecaf-40a1-99e6-14bb9d45a09e&#xD;
MIP: Error: ConfigurationApiItemWrapper (): ConfigAPI GetItem(): System.NotImplementedException, The method or operation is not implemented.&#xD;
MIP: Error: Factory.IsItemTypeSupported (): Exception source:      VideoOS.Platform.SDK.UnitTests&#xD;
Exception type:        System.NotImplementedException&#xD;
Exception message:     The method or operation is not implemented.&#xD;
Exception target site: GetItem&#xD;
   at VideoOS.Platform.SDKUnittest.EnvironmentTests.TestConfigurationClientService.GetItem(String path) in D:\actions-runner\_work\XPCO\XPCO\MIP\MIPSDK\tst\VideoOS.Platform.SDK.UnitTests\EnvironmentTests\TestsWithCorporateShimsBase.cs:line 227&#xD;
   at VideoOS.Platform.Proxy.ConfigApi.ConfigurationApiItemWrapper..ctor(ServerId serverId, String path) in D:\actions-runner\_work\XPCO\XPCO\MIP\PlatformPlugin\VideoOS.Platform\src\Proxy\ConfigApi\ConfigurationApiItemWrapper.cs:line 104&#xD;
   at VideoOS.Platform.ConfigurationItems.Factory.IsItemTypeSupported(ServerId serverId, String itemType) in D:\actions-runner\_work\XPCO\XPCO\MIP\PlatformPlugin\VideoOS.Platform\src\ConfigurationItems\Factory.cs:line 464&#xD;
&#xD;
Factory.IsItemTypeSupportedFactory.IsItemTypeSupported ()The method or operation is not implemented.   at VideoOS.Platform.SDKUnittest.EnvironmentTests.TestConfigurationClientService.GetItem(String path) in D:\actions-runner\_work\XPCO\XPCO\MIP\MIPSDK\tst\VideoOS.Platform.SDK.UnitTests\EnvironmentTests\TestsWithCorporateShimsBase.cs:line 227&#xD;
   at VideoOS.Platform.Proxy.ConfigApi.ConfigurationApiItemWrapper..ctor(ServerId serverId, String path) in D:\actions-runner\_work\XPCO\XPCO\MIP\PlatformPlugin\VideoOS.Platform\src\Proxy\ConfigApi\ConfigurationApiItemWrapper.cs:line 104&#xD;
   at VideoOS.Platform.ConfigurationItems.Factory.IsItemTypeSupported(ServerId serverId, String itemType) in D:\actions-runner\_work\XPCO\XPCO\MIP\PlatformPlugin\VideoOS.Platform\src\ConfigurationItems\Factory.cs:line 464&#xD;
MIP: Error: LoginServerOauth (): https://1.2.3.5:55/ManagementServer/ServerCommandServiceOAuth.svc The method or operation is not implemented.&#xD;
MIP: Error: ConfigurationApiItemWrapper (): ConfigAPI GetItem(): System.NotImplementedException, The method or operation is not implemented.&#xD;
MIP: Error: Factory.IsItemTypeSupported (): Exception source:      VideoOS.Platform.SDK.UnitTests&#xD;
Exception type:        System.NotImplementedException&#xD;
Exception message:     The method or operation is not implemented.&#xD;
Exception target site: GetItem&#xD;
   at VideoOS.Platform.SDKUnittest.EnvironmentTests.TestConfigurationClientService.GetItem(String path) in D:\actions-runner\_work\XPCO\XPCO\MIP\MIPSDK\tst\VideoOS.Platform.SDK.UnitTests\EnvironmentTests\TestsWithCorporateShimsBase.cs:line 227&#xD;
   at VideoOS.Platform.Proxy.ConfigApi.ConfigurationApiItemWrapper..ctor(ServerId serverId, String path) in D:\actions-runner\_work\XPCO\XPCO\MIP\PlatformPlugin\VideoOS.Platform\src\Proxy\ConfigApi\ConfigurationApiItemWrapper.cs:line 104&#xD;
   at VideoOS.Platform.ConfigurationItems.Factory.IsItemTypeSupported(ServerId serverId, String itemType) in D:\actions-runner\_work\XPCO\XPCO\MIP\PlatformPlugin\VideoOS.Platform\src\ConfigurationItems\Factory.cs:line 464&#xD;
&#xD;
Factory.IsItemTypeSupportedFactory.IsItemTypeSupported ()The method or operation is not implemented.   at VideoOS.Platform.SDKUnittest.EnvironmentTests.TestConfigurationClientService.GetItem(String path) in D:\actions-runner\_work\XPCO\XPCO\MIP\MIPSDK\tst\VideoOS.Platform.SDK.UnitTests\EnvironmentTests\TestsWithCorporateShimsBase.cs:line 227&#xD;
   at VideoOS.Platform.Proxy.ConfigApi.ConfigurationApiItemWrapper..ctor(ServerId serverId, String path) in D:\actions-runner\_work\XPCO\XPCO\MIP\PlatformPlugin\VideoOS.Platform\src\Proxy\ConfigApi\ConfigurationApiItemWrapper.cs:line 104&#xD;
   at VideoOS.Platform.ConfigurationItems.Factory.IsItemTypeSupported(ServerId serverId, String itemType) in D:\actions-runner\_work\XPCO\XPCO\MIP\PlatformPlugin\VideoOS.Platform\src\ConfigurationItems\Factory.cs:line 464&#xD;
MIP: Error: GetConfiguration (): CustomSetting not found for the given platformDefinitionId: e145597a-ecaf-40a1-99e6-14bb9d45a09e&#xD;
MIP: Error: ConfigurationApiItemWrapper (): ConfigAPI GetItem(): System.NotImplementedException, The method or operation is not implemented.&#xD;
MIP: Error: Factory.IsItemTypeSupported (): Exception source:      VideoOS.Platform.SDK.UnitTests&#xD;
Exception type:        System.NotImplementedException&#xD;
Exception message:     The method or operation is not implemented.&#xD;
Exception target site: GetItem&#xD;
   at VideoOS.Platform.SDKUnittest.EnvironmentTests.TestConfigurationClientService.GetItem(String path) in D:\actions-runner\_work\XPCO\XPCO\MIP\MIPSDK\tst\VideoOS.Platform.SDK.UnitTests\EnvironmentTests\TestsWithCorporateShimsBase.cs:line 227&#xD;
   at VideoOS.Platform.Proxy.ConfigApi.ConfigurationApiItemWrapper..ctor(ServerId serverId, String path) in D:\actions-runner\_work\XPCO\XPCO\MIP\PlatformPlugin\VideoOS.Platform\src\Proxy\ConfigApi\ConfigurationApiItemWrapper.cs:line 104&#xD;
   at VideoOS.Platform.ConfigurationItems.Factory.IsItemTypeSupported(ServerId serverId, String itemType) in D:\actions-runner\_work\XPCO\XPCO\MIP\PlatformPlugin\VideoOS.Platform\src\ConfigurationItems\Factory.cs:line 464&#xD;
&#xD;
Factory.IsItemTypeSupportedFactory.IsItemTypeSupported ()The method or operation is not implemented.   at VideoOS.Platform.SDKUnittest.EnvironmentTests.TestConfigurationClientService.GetItem(String path) in D:\actions-runner\_work\XPCO\XPCO\MIP\MIPSDK\tst\VideoOS.Platform.SDK.UnitTests\EnvironmentTests\TestsWithCorporateShimsBase.cs:line 227&#xD;
   at VideoOS.Platform.Proxy.ConfigApi.ConfigurationApiItemWrapper..ctor(ServerId serverId, String path) in D:\actions-runner\_work\XPCO\XPCO\MIP\PlatformPlugin\VideoOS.Platform\src\Proxy\ConfigApi\ConfigurationApiItemWrapper.cs:line 104&#xD;
   at VideoOS.Platform.ConfigurationItems.Factory.IsItemTypeSupported(ServerId serverId, String itemType) in D:\actions-runner\_work\XPCO\XPCO\MIP\PlatformPlugin\VideoOS.Platform\src\ConfigurationItems\Factory.cs:line 464&#xD;
MIP: Error: LoginServerOauth (): https://1.2.3.5:55/ManagementServer/ServerCommandServiceOAuth.svc The method or operation is not implemented.&#xD;
MIP: Error: ConfigurationApiItemWrapper (): ConfigAPI GetItem(): System.NotImplementedException, The method or operation is not implemented.&#xD;
MIP: Error: Factory.IsItemTypeSupported (): Exception source:      VideoOS.Platform.SDK.UnitTests&#xD;
Exception type:        System.NotImplementedException&#xD;
Exception message:     The method or operation is not implemented.&#xD;
Exception target site: GetItem&#xD;
   at VideoOS.Platform.SDKUnittest.EnvironmentTests.TestConfigurationClientService.GetItem(String path) in D:\actions-runner\_work\XPCO\XPCO\MIP\MIPSDK\tst\VideoOS.Platform.SDK.UnitTests\EnvironmentTests\TestsWithCorporateShimsBase.cs:line 227&#xD;
   at VideoOS.Platform.Proxy.ConfigApi.ConfigurationApiItemWrapper..ctor(ServerId serverId, String path) in D:\actions-runner\_work\XPCO\XPCO\MIP\PlatformPlugin\VideoOS.Platform\src\Proxy\ConfigApi\ConfigurationApiItemWrapper.cs:line 104&#xD;
   at VideoOS.Platform.ConfigurationItems.Factory.IsItemTypeSupported(ServerId serverId, String itemType) in D:\actions-runner\_work\XPCO\XPCO\MIP\PlatformPlugin\VideoOS.Platform\src\ConfigurationItems\Factory.cs:line 464&#xD;
&#xD;
Factory.IsItemTypeSupportedFactory.IsItemTypeSupported ()The method or operation is not implemented.   at VideoOS.Platform.SDKUnittest.EnvironmentTests.TestConfigurationClientService.GetItem(String path) in D:\actions-runner\_work\XPCO\XPCO\MIP\MIPSDK\tst\VideoOS.Platform.SDK.UnitTests\EnvironmentTests\TestsWithCorporateShimsBase.cs:line 227&#xD;
   at VideoOS.Platform.Proxy.ConfigApi.ConfigurationApiItemWrapper..ctor(ServerId serverId, String path) in D:\actions-runner\_work\XPCO\XPCO\MIP\PlatformPlugin\VideoOS.Platform\src\Proxy\ConfigApi\ConfigurationApiItemWrapper.cs:line 104&#xD;
   at VideoOS.Platform.ConfigurationItems.Factory.IsItemTypeSupported(ServerId serverId, String itemType) in D:\actions-runner\_work\XPCO\XPCO\MIP\PlatformPlugin\VideoOS.Platform\src\ConfigurationItems\Factory.cs:line 464&#xD;
MIP: Error: ConfigurationApiItemWrapper (): ConfigAPI GetItem(): System.NotImplementedException, The method or operation is not implemented.&#xD;
MIP: Error: Factory.IsItemTypeSupported (): Exception source:      VideoOS.Platform.SDK.UnitTests&#xD;
Exception type:        System.NotImplementedException&#xD;
Exception message:     The method or operation is not implemented.&#xD;
Exception target site: GetItem&#xD;
   at VideoOS.Platform.SDKUnittest.EnvironmentTests.TestConfigurationClientService.GetItem(String path) in D:\actions-runner\_work\XPCO\XPCO\MIP\MIPSDK\tst\VideoOS.Platform.SDK.UnitTests\EnvironmentTests\TestsWithCorporateShimsBase.cs:line 227&#xD;
   at VideoOS.Platform.Proxy.ConfigApi.ConfigurationApiItemWrapper..ctor(ServerId serverId, String path) in D:\actions-runner\_work\XPCO\XPCO\MIP\PlatformPlugin\VideoOS.Platform\src\Proxy\ConfigApi\ConfigurationApiItemWrapper.cs:line 104&#xD;
   at VideoOS.Platform.ConfigurationItems.Factory.IsItemTypeSupported(ServerId serverId, String itemType) in D:\actions-runner\_work\XPCO\XPCO\MIP\PlatformPlugin\VideoOS.Platform\src\ConfigurationItems\Factory.cs:line 464&#xD;
&#xD;
Factory.IsItemTypeSupportedFactory.IsItemTypeSupported ()The method or operation is not implemented.   at VideoOS.Platform.SDKUnittest.EnvironmentTests.TestConfigurationClientService.GetItem(String path) in D:\actions-runner\_work\XPCO\XPCO\MIP\MIPSDK\tst\VideoOS.Platform.SDK.UnitTests\EnvironmentTests\TestsWithCorporateShimsBase.cs:line 227&#xD;
   at VideoOS.Platform.Proxy.ConfigApi.ConfigurationApiItemWrapper..ctor(ServerId serverId, String path) in D:\actions-runner\_work\XPCO\XPCO\MIP\PlatformPlugin\VideoOS.Platform\src\Proxy\ConfigApi\ConfigurationApiItemWrapper.cs:line 104&#xD;
   at VideoOS.Platform.ConfigurationItems.Factory.IsItemTypeSupported(ServerId serverId, String itemType) in D:\actions-runner\_work\XPCO\XPCO\MIP\PlatformPlugin\VideoOS.Platform\src\ConfigurationItems\Factory.cs:line 464&#xD;
MIP: Error: LoginServerOauth (): https://1.2.3.5:55/ManagementServer/ServerCommandServiceOAuth.svc The method or operation is not implemented.&#xD;
MIP: Error: ConfigurationApiItemWrapper (): ConfigAPI GetItem(): System.NotImplementedException, The method or operation is not implemented.&#xD;
MIP: Error: Factory.IsItemTypeSupported (): Exception source:      VideoOS.Platform.SDK.UnitTests&#xD;
Exception type:        System.NotImplementedException&#xD;
Exception message:     The method or operation is not implemented.&#xD;
Exception target site: GetItem&#xD;
   at VideoOS.Platform.SDKUnittest.EnvironmentTests.TestConfigurationClientService.GetItem(String path) in D:\actions-runner\_work\XPCO\XPCO\MIP\MIPSDK\tst\VideoOS.Platform.SDK.UnitTests\EnvironmentTests\TestsWithCorporateShimsBase.cs:line 227&#xD;
   at VideoOS.Platform.Proxy.ConfigApi.ConfigurationApiItemWrapper..ctor(ServerId serverId, String path) in D:\actions-runner\_work\XPCO\XPCO\MIP\PlatformPlugin\VideoOS.Platform\src\Proxy\ConfigApi\ConfigurationApiItemWrapper.cs:line 104&#xD;
   at VideoOS.Platform.ConfigurationItems.Factory.IsItemTypeSupported(ServerId serverId, String itemType) in D:\actions-runner\_work\XPCO\XPCO\MIP\PlatformPlugin\VideoOS.Platform\src\ConfigurationItems\Factory.cs:line 464&#xD;
&#xD;
Factory.IsItemTypeSupportedFactory.IsItemTypeSupported ()The method or operation is not implemented.   at VideoOS.Platform.SDKUnittest.EnvironmentTests.TestConfigurationClientService.GetItem(String path) in D:\actions-runner\_work\XPCO\XPCO\MIP\MIPSDK\tst\VideoOS.Platform.SDK.UnitTests\EnvironmentTests\TestsWithCorporateShimsBase.cs:line 227&#xD;
   at VideoOS.Platform.Proxy.ConfigApi.ConfigurationApiItemWrapper..ctor(ServerId serverId, String path) in D:\actions-runner\_work\XPCO\XPCO\MIP\PlatformPlugin\VideoOS.Platform\src\Proxy\ConfigApi\ConfigurationApiItemWrapper.cs:line 104&#xD;
   at VideoOS.Platform.ConfigurationItems.Factory.IsItemTypeSupported(ServerId serverId, String itemType) in D:\actions-runner\_work\XPCO\XPCO\MIP\PlatformPlugin\VideoOS.Platform\src\ConfigurationItems\Factory.cs:line 464&#xD;
MIP: Error: GetConfiguration (): CustomSetting not found for the given platformDefinitionId: e145597a-ecaf-40a1-99e6-14bb9d45a09e&#xD;
MIP: Error: ConfigurationApiItemWrapper (): ConfigAPI GetItem(): System.NotImplementedException, The method or operation is not implemented.&#xD;
MIP: Error: Factory.IsItemTypeSupported (): Exception source:      VideoOS.Platform.SDK.UnitTests&#xD;
Exception type:        System.NotImplementedException&#xD;
Exception message:     The method or operation is not implemented.&#xD;
Exception target site: GetItem&#xD;
   at VideoOS.Platform.SDKUnittest.EnvironmentTests.TestConfigurationClientService.GetItem(String path) in D:\actions-runner\_work\XPCO\XPCO\MIP\MIPSDK\tst\VideoOS.Platform.SDK.UnitTests\EnvironmentTests\TestsWithCorporateShimsBase.cs:line 227&#xD;
   at VideoOS.Platform.Proxy.ConfigApi.ConfigurationApiItemWrapper..ctor(ServerId serverId, String path) in D:\actions-runner\_work\XPCO\XPCO\MIP\PlatformPlugin\VideoOS.Platform\src\Proxy\ConfigApi\ConfigurationApiItemWrapper.cs:line 104&#xD;
   at VideoOS.Platform.ConfigurationItems.Factory.IsItemTypeSupported(ServerId serverId, String itemType) in D:\actions-runner\_work\XPCO\XPCO\MIP\PlatformPlugin\VideoOS.Platform\src\ConfigurationItems\Factory.cs:line 464&#xD;
&#xD;
Factory.IsItemTypeSupportedFactory.IsItemTypeSupported ()The method or operation is not implemented.   at VideoOS.Platform.SDKUnittest.EnvironmentTests.TestConfigurationClientService.GetItem(String path) in D:\actions-runner\_work\XPCO\XPCO\MIP\MIPSDK\tst\VideoOS.Platform.SDK.UnitTests\EnvironmentTests\TestsWithCorporateShimsBase.cs:line 227&#xD;
   at VideoOS.Platform.Proxy.ConfigApi.ConfigurationApiItemWrapper..ctor(ServerId serverId, String path) in D:\actions-runner\_work\XPCO\XPCO\MIP\PlatformPlugin\VideoOS.Platform\src\Proxy\ConfigApi\ConfigurationApiItemWrapper.cs:line 104&#xD;
   at VideoOS.Platform.ConfigurationItems.Factory.IsItemTypeSupported(ServerId serverId, String itemType) in D:\actions-runner\_work\XPCO\XPCO\MIP\PlatformPlugin\VideoOS.Platform\src\ConfigurationItems\Factory.cs:line 464&#xD;
MIP: Error: LoginServerOauth (): https://1.2.3.5:55/ManagementServer/ServerCommandServiceOAuth.svc The method or operation is not implemented.</StdOut>
      </Output>
    </UnitTestResult>
    <UnitTestResult executionId="29209492-a5eb-4d4b-98fb-c009e130ea22" testId="5ca6c285-b0f8-2ebf-22ac-22244ebbf44b" testName="Given_AcommandIsSent_When_ReceivingAResponseForAnotherCommandding_Then_TheSentCommandTimesOut" computerName="DKSR-EFI-04" duration="00:00:00.0303325" startTime="2023-12-22T09:36:55.0319661+01:00" endTime="2023-12-22T09:36:55.0626199+01:00" testType="13cdc9d9-ddb5-4fa4-a97d-d965ccfc6d4b" outcome="Passed" testListId="8c84fa94-04c1-424b-9868-57a2d4851a1d" relativeResultsDirectory="29209492-a5eb-4d4b-98fb-c009e130ea22" />
    <UnitTestResult executionId="8d0731c9-79f0-4980-962a-ada54eb12cd1" testId="5c75fd4c-e523-4c4d-59cb-37282a3e3596" testName="XpcoServerConnectedSuccess" computerName="DKSR-EFI-04" duration="00:00:00.0791534" startTime="2023-12-22T09:37:10.2650977+01:00" endTime="2023-12-22T09:37:10.3444286+01:00" testType="13cdc9d9-ddb5-4fa4-a97d-d965ccfc6d4b" outcome="Passed" testListId="8c84fa94-04c1-424b-9868-57a2d4851a1d" relativeResultsDirectory="8d0731c9-79f0-4980-962a-ada54eb12cd1" />
    <UnitTestResult executionId="883a34ea-c394-4e7e-899a-e1a904bd10f0" testId="08174d10-eed4-6921-ad50-4948b695fb55" testName="Givent_MessageContainingEventWithData_When_ConvertingToEvents_Then_NoElementsAreOfNewtonSoftJsonType" computerName="DKSR-EFI-04" duration="00:00:00.0176702" startTime="2023-12-22T09:36:55.4543635+01:00" endTime="2023-12-22T09:36:55.4722909+01:00" testType="13cdc9d9-ddb5-4fa4-a97d-d965ccfc6d4b" outcome="Passed" testListId="8c84fa94-04c1-424b-9868-57a2d4851a1d" relativeResultsDirectory="883a34ea-c394-4e7e-899a-e1a904bd10f0" />
    <UnitTestResult executionId="b956659b-552b-41b7-8054-b08337460baa" testId="2f9fe530-9f9a-4708-4a26-7c6564c4fadd" testName="XpcoNotLoggedinDueToInvalidUri" computerName="DKSR-EFI-04" duration="00:00:00.0131775" startTime="2023-12-22T09:37:10.2511118+01:00" endTime="2023-12-22T09:37:10.2646459+01:00" testType="13cdc9d9-ddb5-4fa4-a97d-d965ccfc6d4b" outcome="Passed" testListId="8c84fa94-04c1-424b-9868-57a2d4851a1d" relativeResultsDirectory="b956659b-552b-41b7-8054-b08337460baa">
      <Output>
        <StdOut>Debug Trace:&#xD;
MIP: Error: SDKConfiguration.Login(Uri) (): Unable to login on server URI=http://9.8.7.6:88/</StdOut>
      </Output>
    </UnitTestResult>
    <UnitTestResult executionId="194b01f2-89ba-4c27-b341-893c278388ba" testId="09ad567a-bf9b-551a-1680-c5ab6247ecc6" testName="SchemeCompareOk" computerName="DKSR-EFI-04" duration="00:00:00.0009143" startTime="2023-12-22T09:36:54.8877166+01:00" endTime="2023-12-22T09:36:54.8888384+01:00" testType="13cdc9d9-ddb5-4fa4-a97d-d965ccfc6d4b" outcome="Passed" testListId="8c84fa94-04c1-424b-9868-57a2d4851a1d" relativeResultsDirectory="194b01f2-89ba-4c27-b341-893c278388ba" />
    <UnitTestResult executionId="d958c7af-49ff-422b-bf64-894b3f8b5cf8" testId="3b3bc144-1799-7620-fe3c-04bad5ec1510" testName="XpcoGroupCheckInvalidParameters" computerName="DKSR-EFI-04" duration="00:00:01.0102690" startTime="2023-12-22T09:37:11.5266174+01:00" endTime="2023-12-22T09:37:12.5371469+01:00" testType="13cdc9d9-ddb5-4fa4-a97d-d965ccfc6d4b" outcome="Passed" testListId="8c84fa94-04c1-424b-9868-57a2d4851a1d" relativeResultsDirectory="d958c7af-49ff-422b-bf64-894b3f8b5cf8">
      <Output>
        <StdOut>Debug Trace:&#xD;
TopLevelControl returns null. PostMessage may have problems&#xD;
MIP: Error: ConfigurationApiItemWrapper (): ConfigAPI GetItem(): System.NotImplementedException, The method or operation is not implemented.&#xD;
MIP: Error: Factory.IsItemTypeSupported (): Exception source:      VideoOS.Platform.SDK.UnitTests&#xD;
Exception type:        System.NotImplementedException&#xD;
Exception message:     The method or operation is not implemented.&#xD;
Exception target site: GetItem&#xD;
   at VideoOS.Platform.SDKUnittest.EnvironmentTests.TestConfigurationClientService.GetItem(String path) in D:\actions-runner\_work\XPCO\XPCO\MIP\MIPSDK\tst\VideoOS.Platform.SDK.UnitTests\EnvironmentTests\TestsWithCorporateShimsBase.cs:line 227&#xD;
   at VideoOS.Platform.Proxy.ConfigApi.ConfigurationApiItemWrapper..ctor(ServerId serverId, String path) in D:\actions-runner\_work\XPCO\XPCO\MIP\PlatformPlugin\VideoOS.Platform\src\Proxy\ConfigApi\ConfigurationApiItemWrapper.cs:line 104&#xD;
   at VideoOS.Platform.ConfigurationItems.Factory.IsItemTypeSupported(ServerId serverId, String itemType) in D:\actions-runner\_work\XPCO\XPCO\MIP\PlatformPlugin\VideoOS.Platform\src\ConfigurationItems\Factory.cs:line 464&#xD;
&#xD;
Factory.IsItemTypeSupportedFactory.IsItemTypeSupported ()The method or operation is not implemented.   at VideoOS.Platform.SDKUnittest.EnvironmentTests.TestConfigurationClientService.GetItem(String path) in D:\actions-runner\_work\XPCO\XPCO\MIP\MIPSDK\tst\VideoOS.Platform.SDK.UnitTests\EnvironmentTests\TestsWithCorporateShimsBase.cs:line 227&#xD;
   at VideoOS.Platform.Proxy.ConfigApi.ConfigurationApiItemWrapper..ctor(ServerId serverId, String path) in D:\actions-runner\_work\XPCO\XPCO\MIP\PlatformPlugin\VideoOS.Platform\src\Proxy\ConfigApi\ConfigurationApiItemWrapper.cs:line 104&#xD;
   at VideoOS.Platform.ConfigurationItems.Factory.IsItemTypeSupported(ServerId serverId, String itemType) in D:\actions-runner\_work\XPCO\XPCO\MIP\PlatformPlugin\VideoOS.Platform\src\ConfigurationItems\Factory.cs:line 464&#xD;
MIP: Error: GetConfiguration (): CustomSetting not found for the given platformDefinitionId: e145597a-ecaf-40a1-99e6-14bb9d45a09e&#xD;
MIP: Error: ConfigurationApiItemWrapper (): ConfigAPI GetItem(): System.NotImplementedException, The method or operation is not implemented.&#xD;
MIP: Error: Factory.IsItemTypeSupported (): Exception source:      VideoOS.Platform.SDK.UnitTests&#xD;
Exception type:        System.NotImplementedException&#xD;
Exception message:     The method or operation is not implemented.&#xD;
Exception target site: GetItem&#xD;
   at VideoOS.Platform.SDKUnittest.EnvironmentTests.TestConfigurationClientService.GetItem(String path) in D:\actions-runner\_work\XPCO\XPCO\MIP\MIPSDK\tst\VideoOS.Platform.SDK.UnitTests\EnvironmentTests\TestsWithCorporateShimsBase.cs:line 227&#xD;
   at VideoOS.Platform.Proxy.ConfigApi.ConfigurationApiItemWrapper..ctor(ServerId serverId, String path) in D:\actions-runner\_work\XPCO\XPCO\MIP\PlatformPlugin\VideoOS.Platform\src\Proxy\ConfigApi\ConfigurationApiItemWrapper.cs:line 104&#xD;
   at VideoOS.Platform.ConfigurationItems.Factory.IsItemTypeSupported(ServerId serverId, String itemType) in D:\actions-runner\_work\XPCO\XPCO\MIP\PlatformPlugin\VideoOS.Platform\src\ConfigurationItems\Factory.cs:line 464&#xD;
&#xD;
Factory.IsItemTypeSupportedFactory.IsItemTypeSupported ()The method or operation is not implemented.   at VideoOS.Platform.SDKUnittest.EnvironmentTests.TestConfigurationClientService.GetItem(String path) in D:\actions-runner\_work\XPCO\XPCO\MIP\MIPSDK\tst\VideoOS.Platform.SDK.UnitTests\EnvironmentTests\TestsWithCorporateShimsBase.cs:line 227&#xD;
   at VideoOS.Platform.Proxy.ConfigApi.ConfigurationApiItemWrapper..ctor(ServerId serverId, String path) in D:\actions-runner\_work\XPCO\XPCO\MIP\PlatformPlugin\VideoOS.Platform\src\Proxy\ConfigApi\ConfigurationApiItemWrapper.cs:line 104&#xD;
   at VideoOS.Platform.ConfigurationItems.Factory.IsItemTypeSupported(ServerId serverId, String itemType) in D:\actions-runner\_work\XPCO\XPCO\MIP\PlatformPlugin\VideoOS.Platform\src\ConfigurationItems\Factory.cs:line 464&#xD;
MIP: Error: LoginServerOauth (): https://1.2.3.5:55/ManagementServer/ServerCommandServiceOAuth.svc The method or operation is not implemented.&#xD;
MIP: Error: ConfigurationApiItemWrapper (): ConfigAPI GetItem(): System.NotImplementedException, The method or operation is not implemented.&#xD;
MIP: Error: Factory.IsItemTypeSupported (): Exception source:      VideoOS.Platform.SDK.UnitTests&#xD;
Exception type:        System.NotImplementedException&#xD;
Exception message:     The method or operation is not implemented.&#xD;
Exception target site: GetItem&#xD;
   at VideoOS.Platform.SDKUnittest.EnvironmentTests.TestConfigurationClientService.GetItem(String path) in D:\actions-runner\_work\XPCO\XPCO\MIP\MIPSDK\tst\VideoOS.Platform.SDK.UnitTests\EnvironmentTests\TestsWithCorporateShimsBase.cs:line 227&#xD;
   at VideoOS.Platform.Proxy.ConfigApi.ConfigurationApiItemWrapper..ctor(ServerId serverId, String path) in D:\actions-runner\_work\XPCO\XPCO\MIP\PlatformPlugin\VideoOS.Platform\src\Proxy\ConfigApi\ConfigurationApiItemWrapper.cs:line 104&#xD;
   at VideoOS.Platform.ConfigurationItems.Factory.IsItemTypeSupported(ServerId serverId, String itemType) in D:\actions-runner\_work\XPCO\XPCO\MIP\PlatformPlugin\VideoOS.Platform\src\ConfigurationItems\Factory.cs:line 464&#xD;
&#xD;
Factory.IsItemTypeSupportedFactory.IsItemTypeSupported ()The method or operation is not implemented.   at VideoOS.Platform.SDKUnittest.EnvironmentTests.TestConfigurationClientService.GetItem(String path) in D:\actions-runner\_work\XPCO\XPCO\MIP\MIPSDK\tst\VideoOS.Platform.SDK.UnitTests\EnvironmentTests\TestsWithCorporateShimsBase.cs:line 227&#xD;
   at VideoOS.Platform.Proxy.ConfigApi.ConfigurationApiItemWrapper..ctor(ServerId serverId, String path) in D:\actions-runner\_work\XPCO\XPCO\MIP\PlatformPlugin\VideoOS.Platform\src\Proxy\ConfigApi\ConfigurationApiItemWrapper.cs:line 104&#xD;
   at VideoOS.Platform.ConfigurationItems.Factory.IsItemTypeSupported(ServerId serverId, String itemType) in D:\actions-runner\_work\XPCO\XPCO\MIP\PlatformPlugin\VideoOS.Platform\src\ConfigurationItems\Factory.cs:line 464&#xD;
MIP: Error: GetConfiguration (): CustomSetting not found for the given platformDefinitionId: e145597a-ecaf-40a1-99e6-14bb9d45a09e&#xD;
MIP: Error: ConfigurationApiItemWrapper (): ConfigAPI GetItem(): System.NotImplementedException, The method or operation is not implemented.&#xD;
MIP: Error: Factory.IsItemTypeSupported (): Exception source:      VideoOS.Platform.SDK.UnitTests&#xD;
Exception type:        System.NotImplementedException&#xD;
Exception message:     The method or operation is not implemented.&#xD;
Exception target site: GetItem&#xD;
   at VideoOS.Platform.SDKUnittest.EnvironmentTests.TestConfigurationClientService.GetItem(String path) in D:\actions-runner\_work\XPCO\XPCO\MIP\MIPSDK\tst\VideoOS.Platform.SDK.UnitTests\EnvironmentTests\TestsWithCorporateShimsBase.cs:line 227&#xD;
   at VideoOS.Platform.Proxy.ConfigApi.ConfigurationApiItemWrapper..ctor(ServerId serverId, String path) in D:\actions-runner\_work\XPCO\XPCO\MIP\PlatformPlugin\VideoOS.Platform\src\Proxy\ConfigApi\ConfigurationApiItemWrapper.cs:line 104&#xD;
   at VideoOS.Platform.ConfigurationItems.Factory.IsItemTypeSupported(ServerId serverId, String itemType) in D:\actions-runner\_work\XPCO\XPCO\MIP\PlatformPlugin\VideoOS.Platform\src\ConfigurationItems\Factory.cs:line 464&#xD;
&#xD;
Factory.IsItemTypeSupportedFactory.IsItemTypeSupported ()The method or operation is not implemented.   at VideoOS.Platform.SDKUnittest.EnvironmentTests.TestConfigurationClientService.GetItem(String path) in D:\actions-runner\_work\XPCO\XPCO\MIP\MIPSDK\tst\VideoOS.Platform.SDK.UnitTests\EnvironmentTests\TestsWithCorporateShimsBase.cs:line 227&#xD;
   at VideoOS.Platform.Proxy.ConfigApi.ConfigurationApiItemWrapper..ctor(ServerId serverId, String path) in D:\actions-runner\_work\XPCO\XPCO\MIP\PlatformPlugin\VideoOS.Platform\src\Proxy\ConfigApi\ConfigurationApiItemWrapper.cs:line 104&#xD;
   at VideoOS.Platform.ConfigurationItems.Factory.IsItemTypeSupported(ServerId serverId, String itemType) in D:\actions-runner\_work\XPCO\XPCO\MIP\PlatformPlugin\VideoOS.Platform\src\ConfigurationItems\Factory.cs:line 464&#xD;
MIP: Error: LoginServerOauth (): https://1.2.3.5:55/ManagementServer/ServerCommandServiceOAuth.svc The method or operation is not implemented.&#xD;
MIP: Error: ConfigurationApiItemWrapper (): ConfigAPI GetItem(): System.NotImplementedException, The method or operation is not implemented.&#xD;
MIP: Error: Factory.IsItemTypeSupported (): Exception source:      VideoOS.Platform.SDK.UnitTests&#xD;
Exception type:        System.NotImplementedException&#xD;
Exception message:     The method or operation is not implemented.&#xD;
Exception target site: GetItem&#xD;
   at VideoOS.Platform.SDKUnittest.EnvironmentTests.TestConfigurationClientService.GetItem(String path) in D:\actions-runner\_work\XPCO\XPCO\MIP\MIPSDK\tst\VideoOS.Platform.SDK.UnitTests\EnvironmentTests\TestsWithCorporateShimsBase.cs:line 227&#xD;
   at VideoOS.Platform.Proxy.ConfigApi.ConfigurationApiItemWrapper..ctor(ServerId serverId, String path) in D:\actions-runner\_work\XPCO\XPCO\MIP\PlatformPlugin\VideoOS.Platform\src\Proxy\ConfigApi\ConfigurationApiItemWrapper.cs:line 104&#xD;
   at VideoOS.Platform.ConfigurationItems.Factory.IsItemTypeSupported(ServerId serverId, String itemType) in D:\actions-runner\_work\XPCO\XPCO\MIP\PlatformPlugin\VideoOS.Platform\src\ConfigurationItems\Factory.cs:line 464&#xD;
&#xD;
Factory.IsItemTypeSupportedFactory.IsItemTypeSupported ()The method or operation is not implemented.   at VideoOS.Platform.SDKUnittest.EnvironmentTests.TestConfigurationClientService.GetItem(String path) in D:\actions-runner\_work\XPCO\XPCO\MIP\MIPSDK\tst\VideoOS.Platform.SDK.UnitTests\EnvironmentTests\TestsWithCorporateShimsBase.cs:line 227&#xD;
   at VideoOS.Platform.Proxy.ConfigApi.ConfigurationApiItemWrapper..ctor(ServerId serverId, String path) in D:\actions-runner\_work\XPCO\XPCO\MIP\PlatformPlugin\VideoOS.Platform\src\Proxy\ConfigApi\ConfigurationApiItemWrapper.cs:line 104&#xD;
   at VideoOS.Platform.ConfigurationItems.Factory.IsItemTypeSupported(ServerId serverId, String itemType) in D:\actions-runner\_work\XPCO\XPCO\MIP\PlatformPlugin\VideoOS.Platform\src\ConfigurationItems\Factory.cs:line 464&#xD;
MIP: Error: ConfigurationApiItemWrapper (): ConfigAPI GetItem(): System.NotImplementedException, The method or operation is not implemented.&#xD;
MIP: Error: Factory.IsItemTypeSupported (): Exception source:      VideoOS.Platform.SDK.UnitTests&#xD;
Exception type:        System.NotImplementedException&#xD;
Exception message:     The method or operation is not implemented.&#xD;
Exception target site: GetItem&#xD;
   at VideoOS.Platform.SDKUnittest.EnvironmentTests.TestConfigurationClientService.GetItem(String path) in D:\actions-runner\_work\XPCO\XPCO\MIP\MIPSDK\tst\VideoOS.Platform.SDK.UnitTests\EnvironmentTests\TestsWithCorporateShimsBase.cs:line 227&#xD;
   at VideoOS.Platform.Proxy.ConfigApi.ConfigurationApiItemWrapper..ctor(ServerId serverId, String path) in D:\actions-runner\_work\XPCO\XPCO\MIP\PlatformPlugin\VideoOS.Platform\src\Proxy\ConfigApi\ConfigurationApiItemWrapper.cs:line 104&#xD;
   at VideoOS.Platform.ConfigurationItems.Factory.IsItemTypeSupported(ServerId serverId, String itemType) in D:\actions-runner\_work\XPCO\XPCO\MIP\PlatformPlugin\VideoOS.Platform\src\ConfigurationItems\Factory.cs:line 464&#xD;
&#xD;
Factory.IsItemTypeSupportedFactory.IsItemTypeSupported ()The method or operation is not implemented.   at VideoOS.Platform.SDKUnittest.EnvironmentTests.TestConfigurationClientService.GetItem(String path) in D:\actions-runner\_work\XPCO\XPCO\MIP\MIPSDK\tst\VideoOS.Platform.SDK.UnitTests\EnvironmentTests\TestsWithCorporateShimsBase.cs:line 227&#xD;
   at VideoOS.Platform.Proxy.ConfigApi.ConfigurationApiItemWrapper..ctor(ServerId serverId, String path) in D:\actions-runner\_work\XPCO\XPCO\MIP\PlatformPlugin\VideoOS.Platform\src\Proxy\ConfigApi\ConfigurationApiItemWrapper.cs:line 104&#xD;
   at VideoOS.Platform.ConfigurationItems.Factory.IsItemTypeSupported(ServerId serverId, String itemType) in D:\actions-runner\_work\XPCO\XPCO\MIP\PlatformPlugin\VideoOS.Platform\src\ConfigurationItems\Factory.cs:line 464&#xD;
MIP: Error: LoginServerOauth (): https://1.2.3.5:55/ManagementServer/ServerCommandServiceOAuth.svc The method or operation is not implemented.&#xD;
MIP: Error: ConfigurationApiItemWrapper (): ConfigAPI GetItem(): System.NotImplementedException, The method or operation is not implemented.&#xD;
MIP: Error: Factory.IsItemTypeSupported (): Exception source:      VideoOS.Platform.SDK.UnitTests&#xD;
Exception type:        System.NotImplementedException&#xD;
Exception message:     The method or operation is not implemented.&#xD;
Exception target site: GetItem&#xD;
   at VideoOS.Platform.SDKUnittest.EnvironmentTests.TestConfigurationClientService.GetItem(String path) in D:\actions-runner\_work\XPCO\XPCO\MIP\MIPSDK\tst\VideoOS.Platform.SDK.UnitTests\EnvironmentTests\TestsWithCorporateShimsBase.cs:line 227&#xD;
   at VideoOS.Platform.Proxy.ConfigApi.ConfigurationApiItemWrapper..ctor(ServerId serverId, String path) in D:\actions-runner\_work\XPCO\XPCO\MIP\PlatformPlugin\VideoOS.Platform\src\Proxy\ConfigApi\ConfigurationApiItemWrapper.cs:line 104&#xD;
   at VideoOS.Platform.ConfigurationItems.Factory.IsItemTypeSupported(ServerId serverId, String itemType) in D:\actions-runner\_work\XPCO\XPCO\MIP\PlatformPlugin\VideoOS.Platform\src\ConfigurationItems\Factory.cs:line 464&#xD;
&#xD;
Factory.IsItemTypeSupportedFactory.IsItemTypeSupported ()The method or operation is not implemented.   at VideoOS.Platform.SDKUnittest.EnvironmentTests.TestConfigurationClientService.GetItem(String path) in D:\actions-runner\_work\XPCO\XPCO\MIP\MIPSDK\tst\VideoOS.Platform.SDK.UnitTests\EnvironmentTests\TestsWithCorporateShimsBase.cs:line 227&#xD;
   at VideoOS.Platform.Proxy.ConfigApi.ConfigurationApiItemWrapper..ctor(ServerId serverId, String path) in D:\actions-runner\_work\XPCO\XPCO\MIP\PlatformPlugin\VideoOS.Platform\src\Proxy\ConfigApi\ConfigurationApiItemWrapper.cs:line 104&#xD;
   at VideoOS.Platform.ConfigurationItems.Factory.IsItemTypeSupported(ServerId serverId, String itemType) in D:\actions-runner\_work\XPCO\XPCO\MIP\PlatformPlugin\VideoOS.Platform\src\ConfigurationItems\Factory.cs:line 464&#xD;
MIP: Error: GetConfiguration (): CustomSetting not found for the given platformDefinitionId: e145597a-ecaf-40a1-99e6-14bb9d45a09e&#xD;
MIP: Error: ConfigurationApiItemWrapper (): ConfigAPI GetItem(): System.NotImplementedException, The method or operation is not implemented.&#xD;
MIP: Error: Factory.IsItemTypeSupported (): Exception source:      VideoOS.Platform.SDK.UnitTests&#xD;
Exception type:        System.NotImplementedException&#xD;
Exception message:     The method or operation is not implemented.&#xD;
Exception target site: GetItem&#xD;
   at VideoOS.Platform.SDKUnittest.EnvironmentTests.TestConfigurationClientService.GetItem(String path) in D:\actions-runner\_work\XPCO\XPCO\MIP\MIPSDK\tst\VideoOS.Platform.SDK.UnitTests\EnvironmentTests\TestsWithCorporateShimsBase.cs:line 227&#xD;
   at VideoOS.Platform.Proxy.ConfigApi.ConfigurationApiItemWrapper..ctor(ServerId serverId, String path) in D:\actions-runner\_work\XPCO\XPCO\MIP\PlatformPlugin\VideoOS.Platform\src\Proxy\ConfigApi\ConfigurationApiItemWrapper.cs:line 104&#xD;
   at VideoOS.Platform.ConfigurationItems.Factory.IsItemTypeSupported(ServerId serverId, String itemType) in D:\actions-runner\_work\XPCO\XPCO\MIP\PlatformPlugin\VideoOS.Platform\src\ConfigurationItems\Factory.cs:line 464&#xD;
&#xD;
Factory.IsItemTypeSupportedFactory.IsItemTypeSupported ()The method or operation is not implemented.   at VideoOS.Platform.SDKUnittest.EnvironmentTests.TestConfigurationClientService.GetItem(String path) in D:\actions-runner\_work\XPCO\XPCO\MIP\MIPSDK\tst\VideoOS.Platform.SDK.UnitTests\EnvironmentTests\TestsWithCorporateShimsBase.cs:line 227&#xD;
   at VideoOS.Platform.Proxy.ConfigApi.ConfigurationApiItemWrapper..ctor(ServerId serverId, String path) in D:\actions-runner\_work\XPCO\XPCO\MIP\PlatformPlugin\VideoOS.Platform\src\Proxy\ConfigApi\ConfigurationApiItemWrapper.cs:line 104&#xD;
   at VideoOS.Platform.ConfigurationItems.Factory.IsItemTypeSupported(ServerId serverId, String itemType) in D:\actions-runner\_work\XPCO\XPCO\MIP\PlatformPlugin\VideoOS.Platform\src\ConfigurationItems\Factory.cs:line 464&#xD;
MIP: Error: LoginServerOauth (): https://1.2.3.5:55/ManagementServer/ServerCommandServiceOAuth.svc The method or operation is not implemented.&#xD;
MIP: Error: ConfigurationApiItemWrapper (): ConfigAPI GetItem(): System.NotImplementedException, The method or operation is not implemented.&#xD;
MIP: Error: Factory.IsItemTypeSupported (): Exception source:      VideoOS.Platform.SDK.UnitTests&#xD;
Exception type:        System.NotImplementedException&#xD;
Exception message:     The method or operation is not implemented.&#xD;
Exception target site: GetItem&#xD;
   at VideoOS.Platform.SDKUnittest.EnvironmentTests.TestConfigurationClientService.GetItem(String path) in D:\actions-runner\_work\XPCO\XPCO\MIP\MIPSDK\tst\VideoOS.Platform.SDK.UnitTests\EnvironmentTests\TestsWithCorporateShimsBase.cs:line 227&#xD;
   at VideoOS.Platform.Proxy.ConfigApi.ConfigurationApiItemWrapper..ctor(ServerId serverId, String path) in D:\actions-runner\_work\XPCO\XPCO\MIP\PlatformPlugin\VideoOS.Platform\src\Proxy\ConfigApi\ConfigurationApiItemWrapper.cs:line 104&#xD;
   at VideoOS.Platform.ConfigurationItems.Factory.IsItemTypeSupported(ServerId serverId, String itemType) in D:\actions-runner\_work\XPCO\XPCO\MIP\PlatformPlugin\VideoOS.Platform\src\ConfigurationItems\Factory.cs:line 464&#xD;
&#xD;
Factory.IsItemTypeSupportedFactory.IsItemTypeSupported ()The method or operation is not implemented.   at VideoOS.Platform.SDKUnittest.EnvironmentTests.TestConfigurationClientService.GetItem(String path) in D:\actions-runner\_work\XPCO\XPCO\MIP\MIPSDK\tst\VideoOS.Platform.SDK.UnitTests\EnvironmentTests\TestsWithCorporateShimsBase.cs:line 227&#xD;
   at VideoOS.Platform.Proxy.ConfigApi.ConfigurationApiItemWrapper..ctor(ServerId serverId, String path) in D:\actions-runner\_work\XPCO\XPCO\MIP\PlatformPlugin\VideoOS.Platform\src\Proxy\ConfigApi\ConfigurationApiItemWrapper.cs:line 104&#xD;
   at VideoOS.Platform.ConfigurationItems.Factory.IsItemTypeSupported(ServerId serverId, String itemType) in D:\actions-runner\_work\XPCO\XPCO\MIP\PlatformPlugin\VideoOS.Platform\src\ConfigurationItems\Factory.cs:line 464&#xD;
MIP: Error: ConfigurationApiItemWrapper (): ConfigAPI GetItem(): System.NotImplementedException, The method or operation is not implemented.&#xD;
MIP: Error: Factory.IsItemTypeSupported (): Exception source:      VideoOS.Platform.SDK.UnitTests&#xD;
Exception type:        System.NotImplementedException&#xD;
Exception message:     The method or operation is not implemented.&#xD;
Exception target site: GetItem&#xD;
   at VideoOS.Platform.SDKUnittest.EnvironmentTests.TestConfigurationClientService.GetItem(String path) in D:\actions-runner\_work\XPCO\XPCO\MIP\MIPSDK\tst\VideoOS.Platform.SDK.UnitTests\EnvironmentTests\TestsWithCorporateShimsBase.cs:line 227&#xD;
   at VideoOS.Platform.Proxy.ConfigApi.ConfigurationApiItemWrapper..ctor(ServerId serverId, String path) in D:\actions-runner\_work\XPCO\XPCO\MIP\PlatformPlugin\VideoOS.Platform\src\Proxy\ConfigApi\ConfigurationApiItemWrapper.cs:line 104&#xD;
   at VideoOS.Platform.ConfigurationItems.Factory.IsItemTypeSupported(ServerId serverId, String itemType) in D:\actions-runner\_work\XPCO\XPCO\MIP\PlatformPlugin\VideoOS.Platform\src\ConfigurationItems\Factory.cs:line 464&#xD;
&#xD;
Factory.IsItemTypeSupportedFactory.IsItemTypeSupported ()The method or operation is not implemented.   at VideoOS.Platform.SDKUnittest.EnvironmentTests.TestConfigurationClientService.GetItem(String path) in D:\actions-runner\_work\XPCO\XPCO\MIP\MIPSDK\tst\VideoOS.Platform.SDK.UnitTests\EnvironmentTests\TestsWithCorporateShimsBase.cs:line 227&#xD;
   at VideoOS.Platform.Proxy.ConfigApi.ConfigurationApiItemWrapper..ctor(ServerId serverId, String path) in D:\actions-runner\_work\XPCO\XPCO\MIP\PlatformPlugin\VideoOS.Platform\src\Proxy\ConfigApi\ConfigurationApiItemWrapper.cs:line 104&#xD;
   at VideoOS.Platform.ConfigurationItems.Factory.IsItemTypeSupported(ServerId serverId, String itemType) in D:\actions-runner\_work\XPCO\XPCO\MIP\PlatformPlugin\VideoOS.Platform\src\ConfigurationItems\Factory.cs:line 464&#xD;
MIP: Error: LoginServerOauth (): https://1.2.3.5:55/ManagementServer/ServerCommandServiceOAuth.svc The method or operation is not implemented.&#xD;
MIP: Error: ConfigurationApiItemWrapper (): ConfigAPI GetItem(): System.NotImplementedException, The method or operation is not implemented.&#xD;
MIP: Error: Factory.IsItemTypeSupported (): Exception source:      VideoOS.Platform.SDK.UnitTests&#xD;
Exception type:        System.NotImplementedException&#xD;
Exception message:     The method or operation is not implemented.&#xD;
Exception target site: GetItem&#xD;
   at VideoOS.Platform.SDKUnittest.EnvironmentTests.TestConfigurationClientService.GetItem(String path) in D:\actions-runner\_work\XPCO\XPCO\MIP\MIPSDK\tst\VideoOS.Platform.SDK.UnitTests\EnvironmentTests\TestsWithCorporateShimsBase.cs:line 227&#xD;
   at VideoOS.Platform.Proxy.ConfigApi.ConfigurationApiItemWrapper..ctor(ServerId serverId, String path) in D:\actions-runner\_work\XPCO\XPCO\MIP\PlatformPlugin\VideoOS.Platform\src\Proxy\ConfigApi\ConfigurationApiItemWrapper.cs:line 104&#xD;
   at VideoOS.Platform.ConfigurationItems.Factory.IsItemTypeSupported(ServerId serverId, String itemType) in D:\actions-runner\_work\XPCO\XPCO\MIP\PlatformPlugin\VideoOS.Platform\src\ConfigurationItems\Factory.cs:line 464&#xD;
&#xD;
Factory.IsItemTypeSupportedFactory.IsItemTypeSupported ()The method or operation is not implemented.   at VideoOS.Platform.SDKUnittest.EnvironmentTests.TestConfigurationClientService.GetItem(String path) in D:\actions-runner\_work\XPCO\XPCO\MIP\MIPSDK\tst\VideoOS.Platform.SDK.UnitTests\EnvironmentTests\TestsWithCorporateShimsBase.cs:line 227&#xD;
   at VideoOS.Platform.Proxy.ConfigApi.ConfigurationApiItemWrapper..ctor(ServerId serverId, String path) in D:\actions-runner\_work\XPCO\XPCO\MIP\PlatformPlugin\VideoOS.Platform\src\Proxy\ConfigApi\ConfigurationApiItemWrapper.cs:line 104&#xD;
   at VideoOS.Platform.ConfigurationItems.Factory.IsItemTypeSupported(ServerId serverId, String itemType) in D:\actions-runner\_work\XPCO\XPCO\MIP\PlatformPlugin\VideoOS.Platform\src\ConfigurationItems\Factory.cs:line 464&#xD;
MIP: Error: GetConfiguration (): CustomSetting not found for the given platformDefinitionId: e145597a-ecaf-40a1-99e6-14bb9d45a09e&#xD;
MIP: Error: ConfigurationApiItemWrapper (): ConfigAPI GetItem(): System.NotImplementedException, The method or operation is not implemented.&#xD;
MIP: Error: Factory.IsItemTypeSupported (): Exception source:      VideoOS.Platform.SDK.UnitTests&#xD;
Exception type:        System.NotImplementedException&#xD;
Exception message:     The method or operation is not implemented.&#xD;
Exception target site: GetItem&#xD;
   at VideoOS.Platform.SDKUnittest.EnvironmentTests.TestConfigurationClientService.GetItem(String path) in D:\actions-runner\_work\XPCO\XPCO\MIP\MIPSDK\tst\VideoOS.Platform.SDK.UnitTests\EnvironmentTests\TestsWithCorporateShimsBase.cs:line 227&#xD;
   at VideoOS.Platform.Proxy.ConfigApi.ConfigurationApiItemWrapper..ctor(ServerId serverId, String path) in D:\actions-runner\_work\XPCO\XPCO\MIP\PlatformPlugin\VideoOS.Platform\src\Proxy\ConfigApi\ConfigurationApiItemWrapper.cs:line 104&#xD;
   at VideoOS.Platform.ConfigurationItems.Factory.IsItemTypeSupported(ServerId serverId, String itemType) in D:\actions-runner\_work\XPCO\XPCO\MIP\PlatformPlugin\VideoOS.Platform\src\ConfigurationItems\Factory.cs:line 464&#xD;
&#xD;
Factory.IsItemTypeSupportedFactory.IsItemTypeSupported ()The method or operation is not implemented.   at VideoOS.Platform.SDKUnittest.EnvironmentTests.TestConfigurationClientService.GetItem(String path) in D:\actions-runner\_work\XPCO\XPCO\MIP\MIPSDK\tst\VideoOS.Platform.SDK.UnitTests\EnvironmentTests\TestsWithCorporateShimsBase.cs:line 227&#xD;
   at VideoOS.Platform.Proxy.ConfigApi.ConfigurationApiItemWrapper..ctor(ServerId serverId, String path) in D:\actions-runner\_work\XPCO\XPCO\MIP\PlatformPlugin\VideoOS.Platform\src\Proxy\ConfigApi\ConfigurationApiItemWrapper.cs:line 104&#xD;
   at VideoOS.Platform.ConfigurationItems.Factory.IsItemTypeSupported(ServerId serverId, String itemType) in D:\actions-runner\_work\XPCO\XPCO\MIP\PlatformPlugin\VideoOS.Platform\src\ConfigurationItems\Factory.cs:line 464&#xD;
MIP: Error: LoginServerOauth (): https://1.2.3.5:55/ManagementServer/ServerCommandServiceOAuth.svc The method or operation is not implemented.&#xD;
MIP: Error: ConfigurationApiItemWrapper (): ConfigAPI GetItem(): System.NotImplementedException, The method or operation is not implemented.&#xD;
MIP: Error: Factory.IsItemTypeSupported (): Exception source:      VideoOS.Platform.SDK.UnitTests&#xD;
Exception type:        System.NotImplementedException&#xD;
Exception message:     The method or operation is not implemented.&#xD;
Exception target site: GetItem&#xD;
   at VideoOS.Platform.SDKUnittest.EnvironmentTests.TestConfigurationClientService.GetItem(String path) in D:\actions-runner\_work\XPCO\XPCO\MIP\MIPSDK\tst\VideoOS.Platform.SDK.UnitTests\EnvironmentTests\TestsWithCorporateShimsBase.cs:line 227&#xD;
   at VideoOS.Platform.Proxy.ConfigApi.ConfigurationApiItemWrapper..ctor(ServerId serverId, String path) in D:\actions-runner\_work\XPCO\XPCO\MIP\PlatformPlugin\VideoOS.Platform\src\Proxy\ConfigApi\ConfigurationApiItemWrapper.cs:line 104&#xD;
   at VideoOS.Platform.ConfigurationItems.Factory.IsItemTypeSupported(ServerId serverId, String itemType) in D:\actions-runner\_work\XPCO\XPCO\MIP\PlatformPlugin\VideoOS.Platform\src\ConfigurationItems\Factory.cs:line 464&#xD;
&#xD;
Factory.IsItemTypeSupportedFactory.IsItemTypeSupported ()The method or operation is not implemented.   at VideoOS.Platform.SDKUnittest.EnvironmentTests.TestConfigurationClientService.GetItem(String path) in D:\actions-runner\_work\XPCO\XPCO\MIP\MIPSDK\tst\VideoOS.Platform.SDK.UnitTests\EnvironmentTests\TestsWithCorporateShimsBase.cs:line 227&#xD;
   at VideoOS.Platform.Proxy.ConfigApi.ConfigurationApiItemWrapper..ctor(ServerId serverId, String path) in D:\actions-runner\_work\XPCO\XPCO\MIP\PlatformPlugin\VideoOS.Platform\src\Proxy\ConfigApi\ConfigurationApiItemWrapper.cs:line 104&#xD;
   at VideoOS.Platform.ConfigurationItems.Factory.IsItemTypeSupported(ServerId serverId, String itemType) in D:\actions-runner\_work\XPCO\XPCO\MIP\PlatformPlugin\VideoOS.Platform\src\ConfigurationItems\Factory.cs:line 464&#xD;
MIP: Error: ConfigurationApiItemWrapper (): ConfigAPI GetItem(): System.NotImplementedException, The method or operation is not implemented.&#xD;
MIP: Error: Factory.IsItemTypeSupported (): Exception source:      VideoOS.Platform.SDK.UnitTests&#xD;
Exception type:        System.NotImplementedException&#xD;
Exception message:     The method or operation is not implemented.&#xD;
Exception target site: GetItem&#xD;
   at VideoOS.Platform.SDKUnittest.EnvironmentTests.TestConfigurationClientService.GetItem(String path) in D:\actions-runner\_work\XPCO\XPCO\MIP\MIPSDK\tst\VideoOS.Platform.SDK.UnitTests\EnvironmentTests\TestsWithCorporateShimsBase.cs:line 227&#xD;
   at VideoOS.Platform.Proxy.ConfigApi.ConfigurationApiItemWrapper..ctor(ServerId serverId, String path) in D:\actions-runner\_work\XPCO\XPCO\MIP\PlatformPlugin\VideoOS.Platform\src\Proxy\ConfigApi\ConfigurationApiItemWrapper.cs:line 104&#xD;
   at VideoOS.Platform.ConfigurationItems.Factory.IsItemTypeSupported(ServerId serverId, String itemType) in D:\actions-runner\_work\XPCO\XPCO\MIP\PlatformPlugin\VideoOS.Platform\src\ConfigurationItems\Factory.cs:line 464&#xD;
&#xD;
Factory.IsItemTypeSupportedFactory.IsItemTypeSupported ()The method or operation is not implemented.   at VideoOS.Platform.SDKUnittest.EnvironmentTests.TestConfigurationClientService.GetItem(String path) in D:\actions-runner\_work\XPCO\XPCO\MIP\MIPSDK\tst\VideoOS.Platform.SDK.UnitTests\EnvironmentTests\TestsWithCorporateShimsBase.cs:line 227&#xD;
   at VideoOS.Platform.Proxy.ConfigApi.ConfigurationApiItemWrapper..ctor(ServerId serverId, String path) in D:\actions-runner\_work\XPCO\XPCO\MIP\PlatformPlugin\VideoOS.Platform\src\Proxy\ConfigApi\ConfigurationApiItemWrapper.cs:line 104&#xD;
   at VideoOS.Platform.ConfigurationItems.Factory.IsItemTypeSupported(ServerId serverId, String itemType) in D:\actions-runner\_work\XPCO\XPCO\MIP\PlatformPlugin\VideoOS.Platform\src\ConfigurationItems\Factory.cs:line 464&#xD;
MIP: Error: LoginServerOauth (): https://1.2.3.5:55/ManagementServer/ServerCommandServiceOAuth.svc The method or operation is not implemented.&#xD;
MIP: Error: ConfigurationApiItemWrapper (): ConfigAPI GetItem(): System.NotImplementedException, The method or operation is not implemented.&#xD;
MIP: Error: Factory.IsItemTypeSupported (): Exception source:      VideoOS.Platform.SDK.UnitTests&#xD;
Exception type:        System.NotImplementedException&#xD;
Exception message:     The method or operation is not implemented.&#xD;
Exception target site: GetItem&#xD;
   at VideoOS.Platform.SDKUnittest.EnvironmentTests.TestConfigurationClientService.GetItem(String path) in D:\actions-runner\_work\XPCO\XPCO\MIP\MIPSDK\tst\VideoOS.Platform.SDK.UnitTests\EnvironmentTests\TestsWithCorporateShimsBase.cs:line 227&#xD;
   at VideoOS.Platform.Proxy.ConfigApi.ConfigurationApiItemWrapper..ctor(ServerId serverId, String path) in D:\actions-runner\_work\XPCO\XPCO\MIP\PlatformPlugin\VideoOS.Platform\src\Proxy\ConfigApi\ConfigurationApiItemWrapper.cs:line 104&#xD;
   at VideoOS.Platform.ConfigurationItems.Factory.IsItemTypeSupported(ServerId serverId, String itemType) in D:\actions-runner\_work\XPCO\XPCO\MIP\PlatformPlugin\VideoOS.Platform\src\ConfigurationItems\Factory.cs:line 464&#xD;
&#xD;
Factory.IsItemTypeSupportedFactory.IsItemTypeSupported ()The method or operation is not implemented.   at VideoOS.Platform.SDKUnittest.EnvironmentTests.TestConfigurationClientService.GetItem(String path) in D:\actions-runner\_work\XPCO\XPCO\MIP\MIPSDK\tst\VideoOS.Platform.SDK.UnitTests\EnvironmentTests\TestsWithCorporateShimsBase.cs:line 227&#xD;
   at VideoOS.Platform.Proxy.ConfigApi.ConfigurationApiItemWrapper..ctor(ServerId serverId, String path) in D:\actions-runner\_work\XPCO\XPCO\MIP\PlatformPlugin\VideoOS.Platform\src\Proxy\ConfigApi\ConfigurationApiItemWrapper.cs:line 104&#xD;
   at VideoOS.Platform.ConfigurationItems.Factory.IsItemTypeSupported(ServerId serverId, String itemType) in D:\actions-runner\_work\XPCO\XPCO\MIP\PlatformPlugin\VideoOS.Platform\src\ConfigurationItems\Factory.cs:line 464&#xD;
MIP: Error: GetConfiguration (): CustomSetting not found for the given platformDefinitionId: e145597a-ecaf-40a1-99e6-14bb9d45a09e&#xD;
MIP: Error: ConfigurationApiItemWrapper (): ConfigAPI GetItem(): System.NotImplementedException, The method or operation is not implemented.&#xD;
MIP: Error: Factory.IsItemTypeSupported (): Exception source:      VideoOS.Platform.SDK.UnitTests&#xD;
Exception type:        System.NotImplementedException&#xD;
Exception message:     The method or operation is not implemented.&#xD;
Exception target site: GetItem&#xD;
   at VideoOS.Platform.SDKUnittest.EnvironmentTests.TestConfigurationClientService.GetItem(String path) in D:\actions-runner\_work\XPCO\XPCO\MIP\MIPSDK\tst\VideoOS.Platform.SDK.UnitTests\EnvironmentTests\TestsWithCorporateShimsBase.cs:line 227&#xD;
   at VideoOS.Platform.Proxy.ConfigApi.ConfigurationApiItemWrapper..ctor(ServerId serverId, String path) in D:\actions-runner\_work\XPCO\XPCO\MIP\PlatformPlugin\VideoOS.Platform\src\Proxy\ConfigApi\ConfigurationApiItemWrapper.cs:line 104&#xD;
   at VideoOS.Platform.ConfigurationItems.Factory.IsItemTypeSupported(ServerId serverId, String itemType) in D:\actions-runner\_work\XPCO\XPCO\MIP\PlatformPlugin\VideoOS.Platform\src\ConfigurationItems\Factory.cs:line 464&#xD;
&#xD;
Factory.IsItemTypeSupportedFactory.IsItemTypeSupported ()The method or operation is not implemented.   at VideoOS.Platform.SDKUnittest.EnvironmentTests.TestConfigurationClientService.GetItem(String path) in D:\actions-runner\_work\XPCO\XPCO\MIP\MIPSDK\tst\VideoOS.Platform.SDK.UnitTests\EnvironmentTests\TestsWithCorporateShimsBase.cs:line 227&#xD;
   at VideoOS.Platform.Proxy.ConfigApi.ConfigurationApiItemWrapper..ctor(ServerId serverId, String path) in D:\actions-runner\_work\XPCO\XPCO\MIP\PlatformPlugin\VideoOS.Platform\src\Proxy\ConfigApi\ConfigurationApiItemWrapper.cs:line 104&#xD;
   at VideoOS.Platform.ConfigurationItems.Factory.IsItemTypeSupported(ServerId serverId, String itemType) in D:\actions-runner\_work\XPCO\XPCO\MIP\PlatformPlugin\VideoOS.Platform\src\ConfigurationItems\Factory.cs:line 464&#xD;
MIP: Error: LoginServerOauth (): https://1.2.3.5:55/ManagementServer/ServerCommandServiceOAuth.svc The method or operation is not implemented.&#xD;
MIP: Error: ConfigurationApiItemWrapper (): ConfigAPI GetItem(): System.NotImplementedException, The method or operation is not implemented.&#xD;
MIP: Error: Factory.IsItemTypeSupported (): Exception source:      VideoOS.Platform.SDK.UnitTests&#xD;
Exception type:        System.NotImplementedException&#xD;
Exception message:     The method or operation is not implemented.&#xD;
Exception target site: GetItem&#xD;
   at VideoOS.Platform.SDKUnittest.EnvironmentTests.TestConfigurationClientService.GetItem(String path) in D:\actions-runner\_work\XPCO\XPCO\MIP\MIPSDK\tst\VideoOS.Platform.SDK.UnitTests\EnvironmentTests\TestsWithCorporateShimsBase.cs:line 227&#xD;
   at VideoOS.Platform.Proxy.ConfigApi.ConfigurationApiItemWrapper..ctor(ServerId serverId, String path) in D:\actions-runner\_work\XPCO\XPCO\MIP\PlatformPlugin\VideoOS.Platform\src\Proxy\ConfigApi\ConfigurationApiItemWrapper.cs:line 104&#xD;
   at VideoOS.Platform.ConfigurationItems.Factory.IsItemTypeSupported(ServerId serverId, String itemType) in D:\actions-runner\_work\XPCO\XPCO\MIP\PlatformPlugin\VideoOS.Platform\src\ConfigurationItems\Factory.cs:line 464&#xD;
&#xD;
Factory.IsItemTypeSupportedFactory.IsItemTypeSupported ()The method or operation is not implemented.   at VideoOS.Platform.SDKUnittest.EnvironmentTests.TestConfigurationClientService.GetItem(String path) in D:\actions-runner\_work\XPCO\XPCO\MIP\MIPSDK\tst\VideoOS.Platform.SDK.UnitTests\EnvironmentTests\TestsWithCorporateShimsBase.cs:line 227&#xD;
   at VideoOS.Platform.Proxy.ConfigApi.ConfigurationApiItemWrapper..ctor(ServerId serverId, String path) in D:\actions-runner\_work\XPCO\XPCO\MIP\PlatformPlugin\VideoOS.Platform\src\Proxy\ConfigApi\ConfigurationApiItemWrapper.cs:line 104&#xD;
   at VideoOS.Platform.ConfigurationItems.Factory.IsItemTypeSupported(ServerId serverId, String itemType) in D:\actions-runner\_work\XPCO\XPCO\MIP\PlatformPlugin\VideoOS.Platform\src\ConfigurationItems\Factory.cs:line 464&#xD;
MIP: Error: ConfigurationApiItemWrapper (): ConfigAPI GetItem(): System.NotImplementedException, The method or operation is not implemented.&#xD;
MIP: Error: Factory.IsItemTypeSupported (): Exception source:      VideoOS.Platform.SDK.UnitTests&#xD;
Exception type:        System.NotImplementedException&#xD;
Exception message:     The method or operation is not implemented.&#xD;
Exception target site: GetItem&#xD;
   at VideoOS.Platform.SDKUnittest.EnvironmentTests.TestConfigurationClientService.GetItem(String path) in D:\actions-runner\_work\XPCO\XPCO\MIP\MIPSDK\tst\VideoOS.Platform.SDK.UnitTests\EnvironmentTests\TestsWithCorporateShimsBase.cs:line 227&#xD;
   at VideoOS.Platform.Proxy.ConfigApi.ConfigurationApiItemWrapper..ctor(ServerId serverId, String path) in D:\actions-runner\_work\XPCO\XPCO\MIP\PlatformPlugin\VideoOS.Platform\src\Proxy\ConfigApi\ConfigurationApiItemWrapper.cs:line 104&#xD;
   at VideoOS.Platform.ConfigurationItems.Factory.IsItemTypeSupported(ServerId serverId, String itemType) in D:\actions-runner\_work\XPCO\XPCO\MIP\PlatformPlugin\VideoOS.Platform\src\ConfigurationItems\Factory.cs:line 464&#xD;
&#xD;
Factory.IsItemTypeSupportedFactory.IsItemTypeSupported ()The method or operation is not implemented.   at VideoOS.Platform.SDKUnittest.EnvironmentTests.TestConfigurationClientService.GetItem(String path) in D:\actions-runner\_work\XPCO\XPCO\MIP\MIPSDK\tst\VideoOS.Platform.SDK.UnitTests\EnvironmentTests\TestsWithCorporateShimsBase.cs:line 227&#xD;
   at VideoOS.Platform.Proxy.ConfigApi.ConfigurationApiItemWrapper..ctor(ServerId serverId, String path) in D:\actions-runner\_work\XPCO\XPCO\MIP\PlatformPlugin\VideoOS.Platform\src\Proxy\ConfigApi\ConfigurationApiItemWrapper.cs:line 104&#xD;
   at VideoOS.Platform.ConfigurationItems.Factory.IsItemTypeSupported(ServerId serverId, String itemType) in D:\actions-runner\_work\XPCO\XPCO\MIP\PlatformPlugin\VideoOS.Platform\src\ConfigurationItems\Factory.cs:line 464&#xD;
MIP: Error: LoginServerOauth (): https://1.2.3.5:55/ManagementServer/ServerCommandServiceOAuth.svc The method or operation is not implemented.&#xD;
MIP: Error: ConfigurationApiItemWrapper (): ConfigAPI GetItem(): System.NotImplementedException, The method or operation is not implemented.&#xD;
MIP: Error: Factory.IsItemTypeSupported (): Exception source:      VideoOS.Platform.SDK.UnitTests&#xD;
Exception type:        System.NotImplementedException&#xD;
Exception message:     The method or operation is not implemented.&#xD;
Exception target site: GetItem&#xD;
   at VideoOS.Platform.SDKUnittest.EnvironmentTests.TestConfigurationClientService.GetItem(String path) in D:\actions-runner\_work\XPCO\XPCO\MIP\MIPSDK\tst\VideoOS.Platform.SDK.UnitTests\EnvironmentTests\TestsWithCorporateShimsBase.cs:line 227&#xD;
   at VideoOS.Platform.Proxy.ConfigApi.ConfigurationApiItemWrapper..ctor(ServerId serverId, String path) in D:\actions-runner\_work\XPCO\XPCO\MIP\PlatformPlugin\VideoOS.Platform\src\Proxy\ConfigApi\ConfigurationApiItemWrapper.cs:line 104&#xD;
   at VideoOS.Platform.ConfigurationItems.Factory.IsItemTypeSupported(ServerId serverId, String itemType) in D:\actions-runner\_work\XPCO\XPCO\MIP\PlatformPlugin\VideoOS.Platform\src\ConfigurationItems\Factory.cs:line 464&#xD;
&#xD;
Factory.IsItemTypeSupportedFactory.IsItemTypeSupported ()The method or operation is not implemented.   at VideoOS.Platform.SDKUnittest.EnvironmentTests.TestConfigurationClientService.GetItem(String path) in D:\actions-runner\_work\XPCO\XPCO\MIP\MIPSDK\tst\VideoOS.Platform.SDK.UnitTests\EnvironmentTests\TestsWithCorporateShimsBase.cs:line 227&#xD;
   at VideoOS.Platform.Proxy.ConfigApi.ConfigurationApiItemWrapper..ctor(ServerId serverId, String path) in D:\actions-runner\_work\XPCO\XPCO\MIP\PlatformPlugin\VideoOS.Platform\src\Proxy\ConfigApi\ConfigurationApiItemWrapper.cs:line 104&#xD;
   at VideoOS.Platform.ConfigurationItems.Factory.IsItemTypeSupported(ServerId serverId, String itemType) in D:\actions-runner\_work\XPCO\XPCO\MIP\PlatformPlugin\VideoOS.Platform\src\ConfigurationItems\Factory.cs:line 464&#xD;
MIP: Error: GetConfiguration (): CustomSetting not found for the given platformDefinitionId: e145597a-ecaf-40a1-99e6-14bb9d45a09e&#xD;
MIP: Error: ConfigurationApiItemWrapper (): ConfigAPI GetItem(): System.NotImplementedException, The method or operation is not implemented.&#xD;
MIP: Error: Factory.IsItemTypeSupported (): Exception source:      VideoOS.Platform.SDK.UnitTests&#xD;
Exception type:        System.NotImplementedException&#xD;
Exception message:     The method or operation is not implemented.&#xD;
Exception target site: GetItem&#xD;
   at VideoOS.Platform.SDKUnittest.EnvironmentTests.TestConfigurationClientService.GetItem(String path) in D:\actions-runner\_work\XPCO\XPCO\MIP\MIPSDK\tst\VideoOS.Platform.SDK.UnitTests\EnvironmentTests\TestsWithCorporateShimsBase.cs:line 227&#xD;
   at VideoOS.Platform.Proxy.ConfigApi.ConfigurationApiItemWrapper..ctor(ServerId serverId, String path) in D:\actions-runner\_work\XPCO\XPCO\MIP\PlatformPlugin\VideoOS.Platform\src\Proxy\ConfigApi\ConfigurationApiItemWrapper.cs:line 104&#xD;
   at VideoOS.Platform.ConfigurationItems.Factory.IsItemTypeSupported(ServerId serverId, String itemType) in D:\actions-runner\_work\XPCO\XPCO\MIP\PlatformPlugin\VideoOS.Platform\src\ConfigurationItems\Factory.cs:line 464&#xD;
&#xD;
Factory.IsItemTypeSupportedFactory.IsItemTypeSupported ()The method or operation is not implemented.   at VideoOS.Platform.SDKUnittest.EnvironmentTests.TestConfigurationClientService.GetItem(String path) in D:\actions-runner\_work\XPCO\XPCO\MIP\MIPSDK\tst\VideoOS.Platform.SDK.UnitTests\EnvironmentTests\TestsWithCorporateShimsBase.cs:line 227&#xD;
   at VideoOS.Platform.Proxy.ConfigApi.ConfigurationApiItemWrapper..ctor(ServerId serverId, String path) in D:\actions-runner\_work\XPCO\XPCO\MIP\PlatformPlugin\VideoOS.Platform\src\Proxy\ConfigApi\ConfigurationApiItemWrapper.cs:line 104&#xD;
   at VideoOS.Platform.ConfigurationItems.Factory.IsItemTypeSupported(ServerId serverId, String itemType) in D:\actions-runner\_work\XPCO\XPCO\MIP\PlatformPlugin\VideoOS.Platform\src\ConfigurationItems\Factory.cs:line 464&#xD;
MIP: Error: LoginServerOauth (): https://1.2.3.5:55/ManagementServer/ServerCommandServiceOAuth.svc The method or operation is not implemented.</StdOut>
      </Output>
    </UnitTestResult>
    <UnitTestResult executionId="9f30f63b-502a-44a9-91f9-577e288f65d0" testId="9a32c8de-c721-c8df-01b2-8fdff9dd18ca" testName="Given_EventHandlerIsCreated_When_ReceivingEventMessage_Then_EventsAreSentToAllReceivers" computerName="DKSR-EFI-04" duration="00:00:00.0184084" startTime="2023-12-22T09:36:55.1187114+01:00" endTime="2023-12-22T09:36:55.1374284+01:00" testType="13cdc9d9-ddb5-4fa4-a97d-d965ccfc6d4b" outcome="Passed" testListId="8c84fa94-04c1-424b-9868-57a2d4851a1d" relativeResultsDirectory="9f30f63b-502a-44a9-91f9-577e288f65d0" />
    <UnitTestResult executionId="b8c0719a-8d3f-4310-ba5a-ac8be409dc51" testId="28d03c63-4b7f-6f07-1925-95fd992db754" testName="ReloadConfiguration_CallsRefreshServer" computerName="DKSR-EFI-04" duration="00:00:00.0031507" startTime="2023-12-22T09:36:52.7141156+01:00" endTime="2023-12-22T09:36:52.7174007+01:00" testType="13cdc9d9-ddb5-4fa4-a97d-d965ccfc6d4b" outcome="Passed" testListId="8c84fa94-04c1-424b-9868-57a2d4851a1d" relativeResultsDirectory="b8c0719a-8d3f-4310-ba5a-ac8be409dc51" />
    <UnitTestResult executionId="2530f361-d201-4f58-aca7-909645cc161d" testId="4775d5be-0ebd-4836-7626-4829a69cf7bb" testName="Given_Nothing_When_ConnectSuccessful_Then_NoException" computerName="DKSR-EFI-04" duration="00:00:00.0131449" startTime="2023-12-22T09:36:55.2081731+01:00" endTime="2023-12-22T09:36:55.2215841+01:00" testType="13cdc9d9-ddb5-4fa4-a97d-d965ccfc6d4b" outcome="Passed" testListId="8c84fa94-04c1-424b-9868-57a2d4851a1d" relativeResultsDirectory="2530f361-d201-4f58-aca7-909645cc161d" />
    <UnitTestResult executionId="515f201c-236c-4074-8506-1629b0b0dc48" testId="da1dce8b-3a10-e5c9-618b-cbfea5058c69" testName="TestSubscription" computerName="DKSR-EFI-04" duration="00:00:00.0132491" startTime="2023-12-22T09:36:55.4386235+01:00" endTime="2023-12-22T09:36:55.4522256+01:00" testType="13cdc9d9-ddb5-4fa4-a97d-d965ccfc6d4b" outcome="Passed" testListId="8c84fa94-04c1-424b-9868-57a2d4851a1d" relativeResultsDirectory="515f201c-236c-4074-8506-1629b0b0dc48" />
    <UnitTestResult executionId="94e50c4c-c9a7-4c00-89f6-02467f30f1dd" testId="23cb9265-dcc3-9671-caf3-1996fff5aba1" testName="LoginWithRegistration_Success" computerName="DKSR-EFI-04" duration="00:00:00.0121469" startTime="2023-12-22T09:36:52.7803609+01:00" endTime="2023-12-22T09:36:52.7926515+01:00" testType="13cdc9d9-ddb5-4fa4-a97d-d965ccfc6d4b" outcome="Passed" testListId="8c84fa94-04c1-424b-9868-57a2d4851a1d" relativeResultsDirectory="94e50c4c-c9a7-4c00-89f6-02467f30f1dd" />
    <UnitTestResult executionId="94818473-1a1d-4405-96c4-b3cb431ac047" testId="b65005d3-1361-e0b7-9c4d-43d19b2fd72f" testName="Free_ShouldNotChangeRecordingStatus_WhenRecordingIsStopped" computerName="DKSR-EFI-04" duration="00:00:00.0008391" startTime="2023-12-22T09:37:15.9815042+01:00" endTime="2023-12-22T09:37:15.9833372+01:00" testType="13cdc9d9-ddb5-4fa4-a97d-d965ccfc6d4b" outcome="Passed" testListId="8c84fa94-04c1-424b-9868-57a2d4851a1d" relativeResultsDirectory="94818473-1a1d-4405-96c4-b3cb431ac047" />
    <UnitTestResult executionId="ff6d120f-235e-48a8-bec8-471c544fea9d" testId="e480450b-9f62-5e54-a1f5-cc1228ba5cde" testName="Free_ShouldStopRecording_WhenRecordingIsStarted" computerName="DKSR-EFI-04" duration="00:00:00.0009994" startTime="2023-12-22T09:37:15.9799205+01:00" endTime="2023-12-22T09:37:15.9810972+01:00" testType="13cdc9d9-ddb5-4fa4-a97d-d965ccfc6d4b" outcome="Passed" testListId="8c84fa94-04c1-424b-9868-57a2d4851a1d" relativeResultsDirectory="ff6d120f-235e-48a8-bec8-471c544fea9d" />
    <UnitTestResult executionId="17bed4dc-b3da-43c6-b282-b47c9bfe1f6e" testId="7c979667-6bd9-aaa8-412d-d36319ef5eef" testName="Initialize_ShouldCallServiceInit" computerName="DKSR-EFI-04" duration="00:00:00.0017737" startTime="2023-12-22T09:36:53.2247262+01:00" endTime="2023-12-22T09:36:53.2266358+01:00" testType="13cdc9d9-ddb5-4fa4-a97d-d965ccfc6d4b" outcome="Passed" testListId="8c84fa94-04c1-424b-9868-57a2d4851a1d" relativeResultsDirectory="17bed4dc-b3da-43c6-b282-b47c9bfe1f6e" />
    <UnitTestResult executionId="dbc68fd4-d211-4a05-a04f-f7f12e0e94ce" testId="8cf85ff1-edc7-caee-ed6c-a1ccfa277329" testName="Given_Nothing_When_ReceivingACommandResponse_Then_ItIsDispatchedToTheCommandHandler" computerName="DKSR-EFI-04" duration="00:00:00.0138396" startTime="2023-12-22T09:36:55.4067523+01:00" endTime="2023-12-22T09:36:55.4209488+01:00" testType="13cdc9d9-ddb5-4fa4-a97d-d965ccfc6d4b" outcome="Passed" testListId="8c84fa94-04c1-424b-9868-57a2d4851a1d" relativeResultsDirectory="dbc68fd4-d211-4a05-a04f-f7f12e0e94ce" />
    <UnitTestResult executionId="ddf3c433-128f-44ad-b0a2-e5c748f22e6e" testId="b4e531fb-82d4-9ed8-d68f-599b17f00f1b" testName="Remove_WhenNotBasicUser_RemovesWithNegotiateAuth" computerName="DKSR-EFI-04" duration="00:00:00.0012794" startTime="2023-12-22T09:36:54.7350917+01:00" endTime="2023-12-22T09:36:54.7366008+01:00" testType="13cdc9d9-ddb5-4fa4-a97d-d965ccfc6d4b" outcome="Passed" testListId="8c84fa94-04c1-424b-9868-57a2d4851a1d" relativeResultsDirectory="ddf3c433-128f-44ad-b0a2-e5c748f22e6e" />
    <UnitTestResult executionId="efa504d7-a882-4f21-a509-a48d00e01545" testId="48cb99ba-5270-df3c-8533-76671ff09a4c" testName="Free_ShouldNotChangeRecordingStatus_WhenRecordingIsNotStarted" computerName="DKSR-EFI-04" duration="00:00:00.0010417" startTime="2023-12-22T09:37:15.9780060+01:00" endTime="2023-12-22T09:37:15.9792606+01:00" testType="13cdc9d9-ddb5-4fa4-a97d-d965ccfc6d4b" outcome="Passed" testListId="8c84fa94-04c1-424b-9868-57a2d4851a1d" relativeResultsDirectory="efa504d7-a882-4f21-a509-a48d00e01545" />
    <UnitTestResult executionId="43e09303-ef73-4655-9550-ea37008573f9" testId="9af294cd-fee0-58b0-3d1f-b496c687f868" testName="Remove_WhenBasicUser_RemovesWithBasicAuth" computerName="DKSR-EFI-04" duration="00:00:00.0058520" startTime="2023-12-22T09:36:54.7282205+01:00" endTime="2023-12-22T09:36:54.7342817+01:00" testType="13cdc9d9-ddb5-4fa4-a97d-d965ccfc6d4b" outcome="Passed" testListId="8c84fa94-04c1-424b-9868-57a2d4851a1d" relativeResultsDirectory="43e09303-ef73-4655-9550-ea37008573f9" />
    <UnitTestResult executionId="add30071-9635-41b5-96e5-bc6bab9f28ac" testId="00438590-3f13-5776-381f-1df4bd82c07f" testName="StartRecording_ShouldDoNothing_WhenRecordingIsAlreadyStarted" computerName="DKSR-EFI-04" duration="00:00:00.0008361" startTime="2023-12-22T09:37:15.9621638+01:00" endTime="2023-12-22T09:37:15.9631978+01:00" testType="13cdc9d9-ddb5-4fa4-a97d-d965ccfc6d4b" outcome="Passed" testListId="8c84fa94-04c1-424b-9868-57a2d4851a1d" relativeResultsDirectory="add30071-9635-41b5-96e5-bc6bab9f28ac" />
    <UnitTestResult executionId="6d5edf2f-bc11-4755-80c6-4f8343614f1a" testId="e7650ef8-614d-7abe-3813-4e9e0ee43d28" testName="Regression_AfterUnInitialize_InstancesNotSame" computerName="DKSR-EFI-04" duration="00:00:00.0014828" startTime="2023-12-22T09:36:53.2377111+01:00" endTime="2023-12-22T09:36:53.2393108+01:00" testType="13cdc9d9-ddb5-4fa4-a97d-d965ccfc6d4b" outcome="Passed" testListId="8c84fa94-04c1-424b-9868-57a2d4851a1d" relativeResultsDirectory="6d5edf2f-bc11-4755-80c6-4f8343614f1a" />
    <UnitTestResult executionId="5c80529b-2d36-4fa1-8786-545299dee97a" testId="e8d9f86f-c2bc-d844-07f3-5ecc6e65044b" testName="GetLoginSettings_Correct" computerName="DKSR-EFI-04" duration="00:00:00.0025944" startTime="2023-12-22T09:36:54.9590910+01:00" endTime="2023-12-22T09:36:54.9620164+01:00" testType="13cdc9d9-ddb5-4fa4-a97d-d965ccfc6d4b" outcome="Passed" testListId="8c84fa94-04c1-424b-9868-57a2d4851a1d" relativeResultsDirectory="5c80529b-2d36-4fa1-8786-545299dee97a" />
    <UnitTestResult executionId="9ca273d8-b804-459d-bf10-8aba5d79737f" testId="4dfbe4c0-1bce-f685-302b-c39ffaaec33c" testName="RemoveServer_WithUriWhenLoginSettingsNull_Correct" computerName="DKSR-EFI-04" duration="00:00:00.0088105" startTime="2023-12-22T09:36:52.9298379+01:00" endTime="2023-12-22T09:36:52.9387958+01:00" testType="13cdc9d9-ddb5-4fa4-a97d-d965ccfc6d4b" outcome="Passed" testListId="8c84fa94-04c1-424b-9868-57a2d4851a1d" relativeResultsDirectory="9ca273d8-b804-459d-bf10-8aba5d79737f" />
    <UnitTestResult executionId="2e84df2e-b820-45aa-aa8a-2a1c1b5c2a8c" testId="385258c3-bf69-84a9-6b96-32d51034c910" testName="CheckToStringWithTandZ" computerName="DKSR-EFI-04" duration="00:00:00.0017540" startTime="2023-12-22T09:36:54.8552773+01:00" endTime="2023-12-22T09:36:54.8572275+01:00" testType="13cdc9d9-ddb5-4fa4-a97d-d965ccfc6d4b" outcome="Passed" testListId="8c84fa94-04c1-424b-9868-57a2d4851a1d" relativeResultsDirectory="2e84df2e-b820-45aa-aa8a-2a1c1b5c2a8c" />
    <UnitTestResult executionId="cee58651-d3fd-4fc6-a745-59e2c77aa005" testId="60409c99-de38-bfcd-7919-8dbdd2d23a16" testName="XpcoIdentificationAndLoginSuccess" computerName="DKSR-EFI-04" duration="00:00:00.0694017" startTime="2023-12-22T09:37:07.3682531+01:00" endTime="2023-12-22T09:37:07.4379933+01:00" testType="13cdc9d9-ddb5-4fa4-a97d-d965ccfc6d4b" outcome="Passed" testListId="8c84fa94-04c1-424b-9868-57a2d4851a1d" relativeResultsDirectory="cee58651-d3fd-4fc6-a745-59e2c77aa005">
      <Output>
        <StdOut>Debug Trace:&#xD;
TopLevelControl returns null. PostMessage may have problems</StdOut>
      </Output>
    </UnitTestResult>
    <UnitTestResult executionId="925e802e-1337-4512-90c3-37737073625a" testId="704ef10a-b575-fe4f-2673-b021ecba942f" testName="StripXmlHeader_WhenEmptyString_ReturnsEmpty" computerName="DKSR-EFI-04" duration="00:00:00.0001618" startTime="2023-12-22T09:36:53.2423260+01:00" endTime="2023-12-22T09:36:53.2426006+01:00" testType="13cdc9d9-ddb5-4fa4-a97d-d965ccfc6d4b" outcome="Passed" testListId="8c84fa94-04c1-424b-9868-57a2d4851a1d" relativeResultsDirectory="925e802e-1337-4512-90c3-37737073625a" />
    <UnitTestResult executionId="4e694f24-d76a-43d0-a9d3-dc1043c4de57" testId="4cc2af54-3704-7ced-d419-f08afbf26159" testName="StartRecording_ShouldStartRecording_WhenAudioRecorderIsInitialized" computerName="DKSR-EFI-04" duration="00:00:00.0018849" startTime="2023-12-22T09:37:15.9592554+01:00" endTime="2023-12-22T09:37:15.9613967+01:00" testType="13cdc9d9-ddb5-4fa4-a97d-d965ccfc6d4b" outcome="Passed" testListId="8c84fa94-04c1-424b-9868-57a2d4851a1d" relativeResultsDirectory="4e694f24-d76a-43d0-a9d3-dc1043c4de57" />
    <UnitTestResult executionId="8420056a-73df-43ec-9de8-b67c8dc2ff21" testId="1c378be1-6602-2c62-b3de-426ce05f22b8" testName="RemoveServer_WithIdWhenLoginSettingsNotNull_Correct" computerName="DKSR-EFI-04" duration="00:00:00.0046727" startTime="2023-12-22T09:36:52.9605175+01:00" endTime="2023-12-22T09:36:52.9653460+01:00" testType="13cdc9d9-ddb5-4fa4-a97d-d965ccfc6d4b" outcome="Passed" testListId="8c84fa94-04c1-424b-9868-57a2d4851a1d" relativeResultsDirectory="8420056a-73df-43ec-9de8-b67c8dc2ff21" />
    <UnitTestResult executionId="398060e9-2179-4438-ba29-bf4aee29af20" testId="0793f3e7-1a84-232a-72f7-77f9de3f59e4" testName="StripXmlHeader_WhenNull_ReturnsNull" computerName="DKSR-EFI-04" duration="00:00:00.0001070" startTime="2023-12-22T09:36:53.2431681+01:00" endTime="2023-12-22T09:36:53.2433705+01:00" testType="13cdc9d9-ddb5-4fa4-a97d-d965ccfc6d4b" outcome="Passed" testListId="8c84fa94-04c1-424b-9868-57a2d4851a1d" relativeResultsDirectory="398060e9-2179-4438-ba29-bf4aee29af20" />
    <UnitTestResult executionId="aef0df29-f17b-48da-8fa7-68394e08397d" testId="f1181353-771a-42f2-9df1-c384eac48176" testName="OAuthServerIsOffline" computerName="DKSR-EFI-04" duration="00:00:00.0038002" startTime="2023-12-22T09:36:54.3876945+01:00" endTime="2023-12-22T09:36:54.3920695+01:00" testType="13cdc9d9-ddb5-4fa4-a97d-d965ccfc6d4b" outcome="Passed" testListId="8c84fa94-04c1-424b-9868-57a2d4851a1d" relativeResultsDirectory="aef0df29-f17b-48da-8fa7-68394e08397d" />
    <UnitTestResult executionId="d5bd7a8e-75de-4642-9117-485f95650004" testId="92a0043a-eb95-e604-ef36-165e1d731356" testName="AddServer_WithCredentialCache_MasterOnlyTrue_CorrectlyPassed" computerName="DKSR-EFI-04" duration="00:00:00.0016705" startTime="2023-12-22T09:36:52.9102546+01:00" endTime="2023-12-22T09:36:52.9120645+01:00" testType="13cdc9d9-ddb5-4fa4-a97d-d965ccfc6d4b" outcome="Passed" testListId="8c84fa94-04c1-424b-9868-57a2d4851a1d" relativeResultsDirectory="d5bd7a8e-75de-4642-9117-485f95650004" />
    <UnitTestResult executionId="9a956141-4cb3-4c3f-bb4d-54e72e9bdcd5" testId="d9ca8b92-f19f-e9c9-3fff-9ecc10403148" testName="VerifyServerFoundThroughOriginalUri_throughUri" computerName="DKSR-EFI-04" duration="00:00:00.0059077" startTime="2023-12-22T09:36:53.2439381+01:00" endTime="2023-12-22T09:36:53.2500542+01:00" testType="13cdc9d9-ddb5-4fa4-a97d-d965ccfc6d4b" outcome="Passed" testListId="8c84fa94-04c1-424b-9868-57a2d4851a1d" relativeResultsDirectory="9a956141-4cb3-4c3f-bb4d-54e72e9bdcd5" />
    <UnitTestResult executionId="48b6fd50-ada9-4c24-87b6-306d1adc6908" testId="a8963d66-96b1-b26d-9572-0832732d3cea" testName="MergeCredentialCache_WhenBasicAuth_Merges" computerName="DKSR-EFI-04" duration="00:00:00.0010731" startTime="2023-12-22T09:36:54.7192201+01:00" endTime="2023-12-22T09:36:54.7205053+01:00" testType="13cdc9d9-ddb5-4fa4-a97d-d965ccfc6d4b" outcome="Passed" testListId="8c84fa94-04c1-424b-9868-57a2d4851a1d" relativeResultsDirectory="48b6fd50-ada9-4c24-87b6-306d1adc6908" />
    <UnitTestResult executionId="5222023b-c516-402c-b859-342a1fab4a40" testId="21868baf-ff05-ff85-7303-76deb1e29922" testName="StopRecording_ShouldDoNothing_WhenRecordingIsNotStarted" computerName="DKSR-EFI-04" duration="00:00:00.0007144" startTime="2023-12-22T09:37:15.9710843+01:00" endTime="2023-12-22T09:37:15.9719991+01:00" testType="13cdc9d9-ddb5-4fa4-a97d-d965ccfc6d4b" outcome="Passed" testListId="8c84fa94-04c1-424b-9868-57a2d4851a1d" relativeResultsDirectory="5222023b-c516-402c-b859-342a1fab4a40" />
    <UnitTestResult executionId="54d4e527-a9b0-429a-bbd9-23860ed1261f" testId="0f702e68-d31d-e48d-5cda-ae2e55caa68e" testName="Login_WhenNotLoggedIn_ThrowConfigurationLastException" computerName="DKSR-EFI-04" duration="00:00:00.0044871" startTime="2023-12-22T09:36:52.7703558+01:00" endTime="2023-12-22T09:36:52.7750098+01:00" testType="13cdc9d9-ddb5-4fa4-a97d-d965ccfc6d4b" outcome="Passed" testListId="8c84fa94-04c1-424b-9868-57a2d4851a1d" relativeResultsDirectory="54d4e527-a9b0-429a-bbd9-23860ed1261f" />
    <UnitTestResult executionId="b62af806-6b6c-4800-a56c-ffeef88eb8e8" testId="b42b975b-0563-7dc6-8812-756fcc2bafe7" testName="Given_ReceivedMessageContainsCommandId_When_GetCommandId_ThenCommandIdIsReturned" computerName="DKSR-EFI-04" duration="00:00:00.0021676" startTime="2023-12-22T09:36:55.4267258+01:00" endTime="2023-12-22T09:36:55.4293042+01:00" testType="13cdc9d9-ddb5-4fa4-a97d-d965ccfc6d4b" outcome="Passed" testListId="8c84fa94-04c1-424b-9868-57a2d4851a1d" relativeResultsDirectory="b62af806-6b6c-4800-a56c-ffeef88eb8e8" />
    <UnitTestResult executionId="03328198-7631-4a26-8d04-9c4926775c3d" testId="7a5a60cf-65df-425a-ef34-31b7542d0324" testName="Given_TwoPendingCommands_When_ReceivingResponsesForBothCommans_Then_ResponsesArePairedWithCorrectCommand" computerName="DKSR-EFI-04" duration="00:00:00.0217998" startTime="2023-12-22T09:36:55.0635163+01:00" endTime="2023-12-22T09:36:55.0856074+01:00" testType="13cdc9d9-ddb5-4fa4-a97d-d965ccfc6d4b" outcome="Passed" testListId="8c84fa94-04c1-424b-9868-57a2d4851a1d" relativeResultsDirectory="03328198-7631-4a26-8d04-9c4926775c3d" />
    <UnitTestResult executionId="994ad2f9-c07d-420d-8ed8-36b09bae03ee" testId="ef02471d-d90f-d7cc-ccc2-806bfb1ff8c0" testName="LoadConfiguration_Correct" computerName="DKSR-EFI-04" duration="00:00:00.0046125" startTime="2023-12-22T09:36:52.7036333+01:00" endTime="2023-12-22T09:36:52.7084079+01:00" testType="13cdc9d9-ddb5-4fa4-a97d-d965ccfc6d4b" outcome="Passed" testListId="8c84fa94-04c1-424b-9868-57a2d4851a1d" relativeResultsDirectory="994ad2f9-c07d-420d-8ed8-36b09bae03ee" />
    <UnitTestResult executionId="10b9e8dd-ca3c-4ee8-80cb-6b3c40c8dcd6" testId="1444c9ca-e73b-a5e6-f01f-53b0839e824f" testName="Given_Eventreceirveradded_When_EventReceiverRemoved_Then_EventsAreSentnoLongerSent" computerName="DKSR-EFI-04" duration="00:00:00.0042904" startTime="2023-12-22T09:36:55.1382164+01:00" endTime="2023-12-22T09:36:55.1427543+01:00" testType="13cdc9d9-ddb5-4fa4-a97d-d965ccfc6d4b" outcome="Passed" testListId="8c84fa94-04c1-424b-9868-57a2d4851a1d" relativeResultsDirectory="10b9e8dd-ca3c-4ee8-80cb-6b3c40c8dcd6" />
    <UnitTestResult executionId="e73b5e9f-01eb-466a-b4b3-6fe744ba9a66" testId="17db813c-1206-cc8b-2aec-429272188567" testName="Givent_MessageContainingEventWithData_When_CallingGetDataOfInCorrectType_Then_APartialOrEmptyObjectIsReturned2" computerName="DKSR-EFI-04" duration="00:00:00.0078838" startTime="2023-12-22T09:36:55.4977877+01:00" endTime="2023-12-22T09:36:55.5059019+01:00" testType="13cdc9d9-ddb5-4fa4-a97d-d965ccfc6d4b" outcome="Passed" testListId="8c84fa94-04c1-424b-9868-57a2d4851a1d" relativeResultsDirectory="e73b5e9f-01eb-466a-b4b3-6fe744ba9a66" />
    <UnitTestResult executionId="a0320a07-35c8-4788-9b86-0943e56f2d6a" testId="170c026e-6a95-4bb2-d08c-c04ad61f24e2" testName="CheckToMillisecString" computerName="DKSR-EFI-04" duration="00:00:00.0056432" startTime="2023-12-22T09:36:54.8458135+01:00" endTime="2023-12-22T09:36:54.8517102+01:00" testType="13cdc9d9-ddb5-4fa4-a97d-d965ccfc6d4b" outcome="Passed" testListId="8c84fa94-04c1-424b-9868-57a2d4851a1d" relativeResultsDirectory="a0320a07-35c8-4788-9b86-0943e56f2d6a" />
    <UnitTestResult executionId="1eccd76c-8d9f-4718-838e-48c349baca32" testId="27438331-c0fe-4d15-65b5-fb3f4b12375a" testName="Given_Nothing_When_SendingTheSessionThroughAllStates_Then_ConnectionStatesAreSendAndPropertyUpdated2" computerName="DKSR-EFI-04" duration="00:00:00.1009013" startTime="2023-12-22T09:36:55.3047481+01:00" endTime="2023-12-22T09:36:55.4059517+01:00" testType="13cdc9d9-ddb5-4fa4-a97d-d965ccfc6d4b" outcome="Passed" testListId="8c84fa94-04c1-424b-9868-57a2d4851a1d" relativeResultsDirectory="1eccd76c-8d9f-4718-838e-48c349baca32" />
    <UnitTestResult executionId="c8a1a877-a4d7-443e-9bee-42a471942213" testId="c7cfb557-b7c6-e2f2-6240-c10413062e2b" testName="Given_Connected_When_CreateSessionSuccesful_Then_ASessionIdIsReturned" computerName="DKSR-EFI-04" duration="00:00:00.0018192" startTime="2023-12-22T09:36:55.1663373+01:00" endTime="2023-12-22T09:36:55.1683904+01:00" testType="13cdc9d9-ddb5-4fa4-a97d-d965ccfc6d4b" outcome="Passed" testListId="8c84fa94-04c1-424b-9868-57a2d4851a1d" relativeResultsDirectory="c8a1a877-a4d7-443e-9bee-42a471942213" />
    <UnitTestResult executionId="14585222-b2c7-431f-aaef-bc8b169cab8d" testId="0bbb508b-fd28-af7a-61a4-81cd8ad41d08" testName="Login_WhenNotLoggedIn_NoLastException_ThrowDefaultException" computerName="DKSR-EFI-04" duration="00:00:00.0039745" startTime="2023-12-22T09:36:52.7756320+01:00" endTime="2023-12-22T09:36:52.7797721+01:00" testType="13cdc9d9-ddb5-4fa4-a97d-d965ccfc6d4b" outcome="Passed" testListId="8c84fa94-04c1-424b-9868-57a2d4851a1d" relativeResultsDirectory="14585222-b2c7-431f-aaef-bc8b169cab8d" />
    <UnitTestResult executionId="7ecd50d1-e733-4021-b08d-dbea7cf2fd96" testId="7ab3ecbd-68d0-4cbf-9bde-72fb304bcae6" testName="Remove_WhenCacheHasNoCredential_DoesNothing" computerName="DKSR-EFI-04" duration="00:00:00.0336988" startTime="2023-12-22T09:36:54.7373075+01:00" endTime="2023-12-22T09:36:54.7712298+01:00" testType="13cdc9d9-ddb5-4fa4-a97d-d965ccfc6d4b" outcome="Passed" testListId="8c84fa94-04c1-424b-9868-57a2d4851a1d" relativeResultsDirectory="7ecd50d1-e733-4021-b08d-dbea7cf2fd96" />
    <UnitTestResult executionId="a97429c2-a65c-4528-9b1a-3f1aed9f61f7" testId="1898017e-0a0a-9fff-c891-5b794811d9ca" testName="IsServerConnected_Correct" computerName="DKSR-EFI-04" duration="00:00:00.0074576" startTime="2023-12-22T09:36:52.6953039+01:00" endTime="2023-12-22T09:36:52.7029310+01:00" testType="13cdc9d9-ddb5-4fa4-a97d-d965ccfc6d4b" outcome="Passed" testListId="8c84fa94-04c1-424b-9868-57a2d4851a1d" relativeResultsDirectory="a97429c2-a65c-4528-9b1a-3f1aed9f61f7" />
    <UnitTestResult executionId="0ac0e1a0-6509-4155-a4d6-6a113d3bdbcd" testId="507edd3e-d589-f46c-9a31-6fd66195d4a0" testName="StartRecording_ShouldThrowException_WhenFreeIsCalled" computerName="DKSR-EFI-04" duration="00:00:00.0013769" startTime="2023-12-22T09:37:15.9688278+01:00" endTime="2023-12-22T09:37:15.9704286+01:00" testType="13cdc9d9-ddb5-4fa4-a97d-d965ccfc6d4b" outcome="Passed" testListId="8c84fa94-04c1-424b-9868-57a2d4851a1d" relativeResultsDirectory="0ac0e1a0-6509-4155-a4d6-6a113d3bdbcd" />
    <UnitTestResult executionId="7d100202-d0f3-4bbe-b455-e7da9e5a816e" testId="1731feec-b95b-cd41-dc58-17e0973fdc80" testName="XpcoMultiUserLoginSingleServerIsOnline" computerName="DKSR-EFI-04" duration="00:00:00.7221563" startTime="2023-12-22T09:37:06.4723946+01:00" endTime="2023-12-22T09:37:07.1948222+01:00" testType="13cdc9d9-ddb5-4fa4-a97d-d965ccfc6d4b" outcome="Passed" testListId="8c84fa94-04c1-424b-9868-57a2d4851a1d" relativeResultsDirectory="7d100202-d0f3-4bbe-b455-e7da9e5a816e">
      <Output>
        <StdOut>Debug Trace:&#xD;
TopLevelControl returns null. PostMessage may have problems&#xD;
MIP: Error: ConfigurationApiItemWrapper (): ConfigAPI GetItem(): System.NotImplementedException, The method or operation is not implemented.&#xD;
MIP: Error: Factory.IsItemTypeSupported (): Exception source:      VideoOS.Platform.SDK.UnitTests&#xD;
Exception type:        System.NotImplementedException&#xD;
Exception message:     The method or operation is not implemented.&#xD;
Exception target site: GetItem&#xD;
   at VideoOS.Platform.SDKUnittest.EnvironmentTests.TestConfigurationClientService.GetItem(String path) in D:\actions-runner\_work\XPCO\XPCO\MIP\MIPSDK\tst\VideoOS.Platform.SDK.UnitTests\EnvironmentTests\TestsWithCorporateShimsBase.cs:line 227&#xD;
   at VideoOS.Platform.Proxy.ConfigApi.ConfigurationApiItemWrapper..ctor(ServerId serverId, String path) in D:\actions-runner\_work\XPCO\XPCO\MIP\PlatformPlugin\VideoOS.Platform\src\Proxy\ConfigApi\ConfigurationApiItemWrapper.cs:line 104&#xD;
   at VideoOS.Platform.ConfigurationItems.Factory.IsItemTypeSupported(ServerId serverId, String itemType) in D:\actions-runner\_work\XPCO\XPCO\MIP\PlatformPlugin\VideoOS.Platform\src\ConfigurationItems\Factory.cs:line 464&#xD;
&#xD;
Factory.IsItemTypeSupportedFactory.IsItemTypeSupported ()The method or operation is not implemented.   at VideoOS.Platform.SDKUnittest.EnvironmentTests.TestConfigurationClientService.GetItem(String path) in D:\actions-runner\_work\XPCO\XPCO\MIP\MIPSDK\tst\VideoOS.Platform.SDK.UnitTests\EnvironmentTests\TestsWithCorporateShimsBase.cs:line 227&#xD;
   at VideoOS.Platform.Proxy.ConfigApi.ConfigurationApiItemWrapper..ctor(ServerId serverId, String path) in D:\actions-runner\_work\XPCO\XPCO\MIP\PlatformPlugin\VideoOS.Platform\src\Proxy\ConfigApi\ConfigurationApiItemWrapper.cs:line 104&#xD;
   at VideoOS.Platform.ConfigurationItems.Factory.IsItemTypeSupported(ServerId serverId, String itemType) in D:\actions-runner\_work\XPCO\XPCO\MIP\PlatformPlugin\VideoOS.Platform\src\ConfigurationItems\Factory.cs:line 464&#xD;
MIP: Error: GetConfiguration (): CustomSetting not found for the given platformDefinitionId: e145597a-ecaf-40a1-99e6-14bb9d45a09e&#xD;
MIP: Error: ConfigurationApiItemWrapper (): ConfigAPI GetItem(): System.NotImplementedException, The method or operation is not implemented.&#xD;
MIP: Error: Factory.IsItemTypeSupported (): Exception source:      VideoOS.Platform.SDK.UnitTests&#xD;
Exception type:        System.NotImplementedException&#xD;
Exception message:     The method or operation is not implemented.&#xD;
Exception target site: GetItem&#xD;
   at VideoOS.Platform.SDKUnittest.EnvironmentTests.TestConfigurationClientService.GetItem(String path) in D:\actions-runner\_work\XPCO\XPCO\MIP\MIPSDK\tst\VideoOS.Platform.SDK.UnitTests\EnvironmentTests\TestsWithCorporateShimsBase.cs:line 227&#xD;
   at VideoOS.Platform.Proxy.ConfigApi.ConfigurationApiItemWrapper..ctor(ServerId serverId, String path) in D:\actions-runner\_work\XPCO\XPCO\MIP\PlatformPlugin\VideoOS.Platform\src\Proxy\ConfigApi\ConfigurationApiItemWrapper.cs:line 104&#xD;
   at VideoOS.Platform.ConfigurationItems.Factory.IsItemTypeSupported(ServerId serverId, String itemType) in D:\actions-runner\_work\XPCO\XPCO\MIP\PlatformPlugin\VideoOS.Platform\src\ConfigurationItems\Factory.cs:line 464&#xD;
&#xD;
Factory.IsItemTypeSupportedFactory.IsItemTypeSupported ()The method or operation is not implemented.   at VideoOS.Platform.SDKUnittest.EnvironmentTests.TestConfigurationClientService.GetItem(String path) in D:\actions-runner\_work\XPCO\XPCO\MIP\MIPSDK\tst\VideoOS.Platform.SDK.UnitTests\EnvironmentTests\TestsWithCorporateShimsBase.cs:line 227&#xD;
   at VideoOS.Platform.Proxy.ConfigApi.ConfigurationApiItemWrapper..ctor(ServerId serverId, String path) in D:\actions-runner\_work\XPCO\XPCO\MIP\PlatformPlugin\VideoOS.Platform\src\Proxy\ConfigApi\ConfigurationApiItemWrapper.cs:line 104&#xD;
   at VideoOS.Platform.ConfigurationItems.Factory.IsItemTypeSupported(ServerId serverId, String itemType) in D:\actions-runner\_work\XPCO\XPCO\MIP\PlatformPlugin\VideoOS.Platform\src\ConfigurationItems\Factory.cs:line 464&#xD;
MIP: Error: LoginServerOauth (): https://1.2.3.5:55/ManagementServer/ServerCommandServiceOAuth.svc The method or operation is not implemented.&#xD;
MIP: Error: ConfigurationApiItemWrapper (): ConfigAPI GetItem(): System.NotImplementedException, The method or operation is not implemented.&#xD;
MIP: Error: Factory.IsItemTypeSupported (): Exception source:      VideoOS.Platform.SDK.UnitTests&#xD;
Exception type:        System.NotImplementedException&#xD;
Exception message:     The method or operation is not implemented.&#xD;
Exception target site: GetItem&#xD;
   at VideoOS.Platform.SDKUnittest.EnvironmentTests.TestConfigurationClientService.GetItem(String path) in D:\actions-runner\_work\XPCO\XPCO\MIP\MIPSDK\tst\VideoOS.Platform.SDK.UnitTests\EnvironmentTests\TestsWithCorporateShimsBase.cs:line 227&#xD;
   at VideoOS.Platform.Proxy.ConfigApi.ConfigurationApiItemWrapper..ctor(ServerId serverId, String path) in D:\actions-runner\_work\XPCO\XPCO\MIP\PlatformPlugin\VideoOS.Platform\src\Proxy\ConfigApi\ConfigurationApiItemWrapper.cs:line 104&#xD;
   at VideoOS.Platform.ConfigurationItems.Factory.IsItemTypeSupported(ServerId serverId, String itemType) in D:\actions-runner\_work\XPCO\XPCO\MIP\PlatformPlugin\VideoOS.Platform\src\ConfigurationItems\Factory.cs:line 464&#xD;
&#xD;
Factory.IsItemTypeSupportedFactory.IsItemTypeSupported ()The method or operation is not implemented.   at VideoOS.Platform.SDKUnittest.EnvironmentTests.TestConfigurationClientService.GetItem(String path) in D:\actions-runner\_work\XPCO\XPCO\MIP\MIPSDK\tst\VideoOS.Platform.SDK.UnitTests\EnvironmentTests\TestsWithCorporateShimsBase.cs:line 227&#xD;
   at VideoOS.Platform.Proxy.ConfigApi.ConfigurationApiItemWrapper..ctor(ServerId serverId, String path) in D:\actions-runner\_work\XPCO\XPCO\MIP\PlatformPlugin\VideoOS.Platform\src\Proxy\ConfigApi\ConfigurationApiItemWrapper.cs:line 104&#xD;
   at VideoOS.Platform.ConfigurationItems.Factory.IsItemTypeSupported(ServerId serverId, String itemType) in D:\actions-runner\_work\XPCO\XPCO\MIP\PlatformPlugin\VideoOS.Platform\src\ConfigurationItems\Factory.cs:line 464&#xD;
MIP: Error: GetConfiguration (): CustomSetting not found for the given platformDefinitionId: e145597a-ecaf-40a1-99e6-14bb9d45a09e&#xD;
MIP: Error: ConfigurationApiItemWrapper (): ConfigAPI GetItem(): System.NotImplementedException, The method or operation is not implemented.&#xD;
MIP: Error: Factory.IsItemTypeSupported (): Exception source:      VideoOS.Platform.SDK.UnitTests&#xD;
Exception type:        System.NotImplementedException&#xD;
Exception message:     The method or operation is not implemented.&#xD;
Exception target site: GetItem&#xD;
   at VideoOS.Platform.SDKUnittest.EnvironmentTests.TestConfigurationClientService.GetItem(String path) in D:\actions-runner\_work\XPCO\XPCO\MIP\MIPSDK\tst\VideoOS.Platform.SDK.UnitTests\EnvironmentTests\TestsWithCorporateShimsBase.cs:line 227&#xD;
   at VideoOS.Platform.Proxy.ConfigApi.ConfigurationApiItemWrapper..ctor(ServerId serverId, String path) in D:\actions-runner\_work\XPCO\XPCO\MIP\PlatformPlugin\VideoOS.Platform\src\Proxy\ConfigApi\ConfigurationApiItemWrapper.cs:line 104&#xD;
   at VideoOS.Platform.ConfigurationItems.Factory.IsItemTypeSupported(ServerId serverId, String itemType) in D:\actions-runner\_work\XPCO\XPCO\MIP\PlatformPlugin\VideoOS.Platform\src\ConfigurationItems\Factory.cs:line 464&#xD;
&#xD;
Factory.IsItemTypeSupportedFactory.IsItemTypeSupported ()The method or operation is not implemented.   at VideoOS.Platform.SDKUnittest.EnvironmentTests.TestConfigurationClientService.GetItem(String path) in D:\actions-runner\_work\XPCO\XPCO\MIP\MIPSDK\tst\VideoOS.Platform.SDK.UnitTests\EnvironmentTests\TestsWithCorporateShimsBase.cs:line 227&#xD;
   at VideoOS.Platform.Proxy.ConfigApi.ConfigurationApiItemWrapper..ctor(ServerId serverId, String path) in D:\actions-runner\_work\XPCO\XPCO\MIP\PlatformPlugin\VideoOS.Platform\src\Proxy\ConfigApi\ConfigurationApiItemWrapper.cs:line 104&#xD;
   at VideoOS.Platform.ConfigurationItems.Factory.IsItemTypeSupported(ServerId serverId, String itemType) in D:\actions-runner\_work\XPCO\XPCO\MIP\PlatformPlugin\VideoOS.Platform\src\ConfigurationItems\Factory.cs:line 464&#xD;
MIP: Error: LoginServerOauth (): https://1.2.3.5:55/ManagementServer/ServerCommandServiceOAuth.svc The method or operation is not implemented.&#xD;
MIP: Error: ConfigurationApiItemWrapper (): ConfigAPI GetItem(): System.NotImplementedException, The method or operation is not implemented.&#xD;
MIP: Error: Factory.IsItemTypeSupported (): Exception source:      VideoOS.Platform.SDK.UnitTests&#xD;
Exception type:        System.NotImplementedException&#xD;
Exception message:     The method or operation is not implemented.&#xD;
Exception target site: GetItem&#xD;
   at VideoOS.Platform.SDKUnittest.EnvironmentTests.TestConfigurationClientService.GetItem(String path) in D:\actions-runner\_work\XPCO\XPCO\MIP\MIPSDK\tst\VideoOS.Platform.SDK.UnitTests\EnvironmentTests\TestsWithCorporateShimsBase.cs:line 227&#xD;
   at VideoOS.Platform.Proxy.ConfigApi.ConfigurationApiItemWrapper..ctor(ServerId serverId, String path) in D:\actions-runner\_work\XPCO\XPCO\MIP\PlatformPlugin\VideoOS.Platform\src\Proxy\ConfigApi\ConfigurationApiItemWrapper.cs:line 104&#xD;
   at VideoOS.Platform.ConfigurationItems.Factory.IsItemTypeSupported(ServerId serverId, String itemType) in D:\actions-runner\_work\XPCO\XPCO\MIP\PlatformPlugin\VideoOS.Platform\src\ConfigurationItems\Factory.cs:line 464&#xD;
&#xD;
Factory.IsItemTypeSupportedFactory.IsItemTypeSupported ()The method or operation is not implemented.   at VideoOS.Platform.SDKUnittest.EnvironmentTests.TestConfigurationClientService.GetItem(String path) in D:\actions-runner\_work\XPCO\XPCO\MIP\MIPSDK\tst\VideoOS.Platform.SDK.UnitTests\EnvironmentTests\TestsWithCorporateShimsBase.cs:line 227&#xD;
   at VideoOS.Platform.Proxy.ConfigApi.ConfigurationApiItemWrapper..ctor(ServerId serverId, String path) in D:\actions-runner\_work\XPCO\XPCO\MIP\PlatformPlugin\VideoOS.Platform\src\Proxy\ConfigApi\ConfigurationApiItemWrapper.cs:line 104&#xD;
   at VideoOS.Platform.ConfigurationItems.Factory.IsItemTypeSupported(ServerId serverId, String itemType) in D:\actions-runner\_work\XPCO\XPCO\MIP\PlatformPlugin\VideoOS.Platform\src\ConfigurationItems\Factory.cs:line 464&#xD;
MIP: Error: ConfigurationApiItemWrapper (): ConfigAPI GetItem(): System.NotImplementedException, The method or operation is not implemented.&#xD;
MIP: Error: Factory.IsItemTypeSupported (): Exception source:      VideoOS.Platform.SDK.UnitTests&#xD;
Exception type:        System.NotImplementedException&#xD;
Exception message:     The method or operation is not implemented.&#xD;
Exception target site: GetItem&#xD;
   at VideoOS.Platform.SDKUnittest.EnvironmentTests.TestConfigurationClientService.GetItem(String path) in D:\actions-runner\_work\XPCO\XPCO\MIP\MIPSDK\tst\VideoOS.Platform.SDK.UnitTests\EnvironmentTests\TestsWithCorporateShimsBase.cs:line 227&#xD;
   at VideoOS.Platform.Proxy.ConfigApi.ConfigurationApiItemWrapper..ctor(ServerId serverId, String path) in D:\actions-runner\_work\XPCO\XPCO\MIP\PlatformPlugin\VideoOS.Platform\src\Proxy\ConfigApi\ConfigurationApiItemWrapper.cs:line 104&#xD;
   at VideoOS.Platform.ConfigurationItems.Factory.IsItemTypeSupported(ServerId serverId, String itemType) in D:\actions-runner\_work\XPCO\XPCO\MIP\PlatformPlugin\VideoOS.Platform\src\ConfigurationItems\Factory.cs:line 464&#xD;
&#xD;
Factory.IsItemTypeSupportedFactory.IsItemTypeSupported ()The method or operation is not implemented.   at VideoOS.Platform.SDKUnittest.EnvironmentTests.TestConfigurationClientService.GetItem(String path) in D:\actions-runner\_work\XPCO\XPCO\MIP\MIPSDK\tst\VideoOS.Platform.SDK.UnitTests\EnvironmentTests\TestsWithCorporateShimsBase.cs:line 227&#xD;
   at VideoOS.Platform.Proxy.ConfigApi.ConfigurationApiItemWrapper..ctor(ServerId serverId, String path) in D:\actions-runner\_work\XPCO\XPCO\MIP\PlatformPlugin\VideoOS.Platform\src\Proxy\ConfigApi\ConfigurationApiItemWrapper.cs:line 104&#xD;
   at VideoOS.Platform.ConfigurationItems.Factory.IsItemTypeSupported(ServerId serverId, String itemType) in D:\actions-runner\_work\XPCO\XPCO\MIP\PlatformPlugin\VideoOS.Platform\src\ConfigurationItems\Factory.cs:line 464&#xD;
MIP: Error: LoginServerOauth (): https://1.2.3.5:55/ManagementServer/ServerCommandServiceOAuth.svc The method or operation is not implemented.&#xD;
MIP: Error: ConfigurationApiItemWrapper (): ConfigAPI GetItem(): System.NotImplementedException, The method or operation is not implemented.&#xD;
MIP: Error: Factory.IsItemTypeSupported (): Exception source:      VideoOS.Platform.SDK.UnitTests&#xD;
Exception type:        System.NotImplementedException&#xD;
Exception message:     The method or operation is not implemented.&#xD;
Exception target site: GetItem&#xD;
   at VideoOS.Platform.SDKUnittest.EnvironmentTests.TestConfigurationClientService.GetItem(String path) in D:\actions-runner\_work\XPCO\XPCO\MIP\MIPSDK\tst\VideoOS.Platform.SDK.UnitTests\EnvironmentTests\TestsWithCorporateShimsBase.cs:line 227&#xD;
   at VideoOS.Platform.Proxy.ConfigApi.ConfigurationApiItemWrapper..ctor(ServerId serverId, String path) in D:\actions-runner\_work\XPCO\XPCO\MIP\PlatformPlugin\VideoOS.Platform\src\Proxy\ConfigApi\ConfigurationApiItemWrapper.cs:line 104&#xD;
   at VideoOS.Platform.ConfigurationItems.Factory.IsItemTypeSupported(ServerId serverId, String itemType) in D:\actions-runner\_work\XPCO\XPCO\MIP\PlatformPlugin\VideoOS.Platform\src\ConfigurationItems\Factory.cs:line 464&#xD;
&#xD;
Factory.IsItemTypeSupportedFactory.IsItemTypeSupported ()The method or operation is not implemented.   at VideoOS.Platform.SDKUnittest.EnvironmentTests.TestConfigurationClientService.GetItem(String path) in D:\actions-runner\_work\XPCO\XPCO\MIP\MIPSDK\tst\VideoOS.Platform.SDK.UnitTests\EnvironmentTests\TestsWithCorporateShimsBase.cs:line 227&#xD;
   at VideoOS.Platform.Proxy.ConfigApi.ConfigurationApiItemWrapper..ctor(ServerId serverId, String path) in D:\actions-runner\_work\XPCO\XPCO\MIP\PlatformPlugin\VideoOS.Platform\src\Proxy\ConfigApi\ConfigurationApiItemWrapper.cs:line 104&#xD;
   at VideoOS.Platform.ConfigurationItems.Factory.IsItemTypeSupported(ServerId serverId, String itemType) in D:\actions-runner\_work\XPCO\XPCO\MIP\PlatformPlugin\VideoOS.Platform\src\ConfigurationItems\Factory.cs:line 464&#xD;
MIP: Error: GetConfiguration (): CustomSetting not found for the given platformDefinitionId: e145597a-ecaf-40a1-99e6-14bb9d45a09e&#xD;
MIP: Error: ConfigurationApiItemWrapper (): ConfigAPI GetItem(): System.NotImplementedException, The method or operation is not implemented.&#xD;
MIP: Error: Factory.IsItemTypeSupported (): Exception source:      VideoOS.Platform.SDK.UnitTests&#xD;
Exception type:        System.NotImplementedException&#xD;
Exception message:     The method or operation is not implemented.&#xD;
Exception target site: GetItem&#xD;
   at VideoOS.Platform.SDKUnittest.EnvironmentTests.TestConfigurationClientService.GetItem(String path) in D:\actions-runner\_work\XPCO\XPCO\MIP\MIPSDK\tst\VideoOS.Platform.SDK.UnitTests\EnvironmentTests\TestsWithCorporateShimsBase.cs:line 227&#xD;
   at VideoOS.Platform.Proxy.ConfigApi.ConfigurationApiItemWrapper..ctor(ServerId serverId, String path) in D:\actions-runner\_work\XPCO\XPCO\MIP\PlatformPlugin\VideoOS.Platform\src\Proxy\ConfigApi\ConfigurationApiItemWrapper.cs:line 104&#xD;
   at VideoOS.Platform.ConfigurationItems.Factory.IsItemTypeSupported(ServerId serverId, String itemType) in D:\actions-runner\_work\XPCO\XPCO\MIP\PlatformPlugin\VideoOS.Platform\src\ConfigurationItems\Factory.cs:line 464&#xD;
&#xD;
Factory.IsItemTypeSupportedFactory.IsItemTypeSupported ()The method or operation is not implemented.   at VideoOS.Platform.SDKUnittest.EnvironmentTests.TestConfigurationClientService.GetItem(String path) in D:\actions-runner\_work\XPCO\XPCO\MIP\MIPSDK\tst\VideoOS.Platform.SDK.UnitTests\EnvironmentTests\TestsWithCorporateShimsBase.cs:line 227&#xD;
   at VideoOS.Platform.Proxy.ConfigApi.ConfigurationApiItemWrapper..ctor(ServerId serverId, String path) in D:\actions-runner\_work\XPCO\XPCO\MIP\PlatformPlugin\VideoOS.Platform\src\Proxy\ConfigApi\ConfigurationApiItemWrapper.cs:line 104&#xD;
   at VideoOS.Platform.ConfigurationItems.Factory.IsItemTypeSupported(ServerId serverId, String itemType) in D:\actions-runner\_work\XPCO\XPCO\MIP\PlatformPlugin\VideoOS.Platform\src\ConfigurationItems\Factory.cs:line 464&#xD;
MIP: Error: LoginServerOauth (): https://1.2.3.5:55/ManagementServer/ServerCommandServiceOAuth.svc The method or operation is not implemented.</StdOut>
      </Output>
    </UnitTestResult>
    <UnitTestResult executionId="9375fbb0-d51a-41e9-b29e-57fdd140ac9a" testId="dd33ce32-62c4-dfb3-4f9b-fce87ba0013c" testName="Given_Connected_When_CreateSessionSuccesful_Then_ASessionIdAndDefaultInactiveTimeoutIsReturned" computerName="DKSR-EFI-04" duration="00:00:00.0215177" startTime="2023-12-22T09:36:55.1435361+01:00" endTime="2023-12-22T09:36:55.1655062+01:00" testType="13cdc9d9-ddb5-4fa4-a97d-d965ccfc6d4b" outcome="Passed" testListId="8c84fa94-04c1-424b-9868-57a2d4851a1d" relativeResultsDirectory="9375fbb0-d51a-41e9-b29e-57fdd140ac9a" />
    <UnitTestResult executionId="0361349b-c586-4fac-a64f-f6fe541f1f82" testId="fb9222b4-352e-53d2-a6a0-c25767f137de" testName="AddServer_WithLoginSettings_Correct" computerName="DKSR-EFI-04" duration="00:00:00.0138843" startTime="2023-12-22T09:36:52.8487896+01:00" endTime="2023-12-22T09:36:52.8628468+01:00" testType="13cdc9d9-ddb5-4fa4-a97d-d965ccfc6d4b" outcome="Passed" testListId="8c84fa94-04c1-424b-9868-57a2d4851a1d" relativeResultsDirectory="0361349b-c586-4fac-a64f-f6fe541f1f82" />
    <UnitTestResult executionId="02e55ddb-1fcf-4cf0-80a4-bd914532f1f8" testId="01728557-d0ee-3bd0-5338-38b6c6daa989" testName="Close_WhenNull_NoException" computerName="DKSR-EFI-04" duration="00:00:00.0001971" startTime="2023-12-22T09:36:54.9558949+01:00" endTime="2023-12-22T09:36:54.9563146+01:00" testType="13cdc9d9-ddb5-4fa4-a97d-d965ccfc6d4b" outcome="Passed" testListId="8c84fa94-04c1-424b-9868-57a2d4851a1d" relativeResultsDirectory="02e55ddb-1fcf-4cf0-80a4-bd914532f1f8" />
    <UnitTestResult executionId="cd043ba7-2d00-42d2-9944-e9298cee4a24" testId="9af23bea-fd93-7994-bffe-1ae6f1f880df" testName="Login_MasterOnly_Passed" computerName="DKSR-EFI-04" duration="00:00:00.0029005" startTime="2023-12-22T09:36:52.7666222+01:00" endTime="2023-12-22T09:36:52.7696897+01:00" testType="13cdc9d9-ddb5-4fa4-a97d-d965ccfc6d4b" outcome="Passed" testListId="8c84fa94-04c1-424b-9868-57a2d4851a1d" relativeResultsDirectory="cd043ba7-2d00-42d2-9944-e9298cee4a24" />
    <UnitTestResult executionId="d8ba8dec-1a32-47e7-a59d-126df9198601" testId="77eef133-6232-6ffd-513d-bce5ef28eb6d" testName="GetDisabledDevices_Success" computerName="DKSR-EFI-04" duration="00:00:00.0120546" startTime="2023-12-22T09:36:52.9660227+01:00" endTime="2023-12-22T09:36:52.9784664+01:00" testType="13cdc9d9-ddb5-4fa4-a97d-d965ccfc6d4b" outcome="Passed" testListId="8c84fa94-04c1-424b-9868-57a2d4851a1d" relativeResultsDirectory="d8ba8dec-1a32-47e7-a59d-126df9198601" />
    <UnitTestResult executionId="a24f0022-0487-4225-a64e-7a1160ede096" testId="c99c839d-4d5b-c45c-4faf-632197d463b3" testName="Initialize_ShouldSetInstancesFromContainer" computerName="DKSR-EFI-04" duration="00:00:00.0927845" startTime="2023-12-22T09:36:53.1285059+01:00" endTime="2023-12-22T09:36:53.2214438+01:00" testType="13cdc9d9-ddb5-4fa4-a97d-d965ccfc6d4b" outcome="Passed" testListId="8c84fa94-04c1-424b-9868-57a2d4851a1d" relativeResultsDirectory="a24f0022-0487-4225-a64e-7a1160ede096" />
    <UnitTestResult executionId="665c23df-02ae-4cfd-ae89-919cdebd8d34" testId="ffdb0d83-235f-7713-020c-369ea19b66a1" testName="RemoveServer_WithUriWhenLoginSettingsNotNull_Correct" computerName="DKSR-EFI-04" duration="00:00:00.0052478" startTime="2023-12-22T09:36:52.9436410+01:00" endTime="2023-12-22T09:36:52.9490412+01:00" testType="13cdc9d9-ddb5-4fa4-a97d-d965ccfc6d4b" outcome="Passed" testListId="8c84fa94-04c1-424b-9868-57a2d4851a1d" relativeResultsDirectory="665c23df-02ae-4cfd-ae89-919cdebd8d34" />
    <UnitTestResult executionId="8d2204a0-8485-4156-b5af-39a37d603e49" testId="0d04ce70-8f8e-5be6-d205-e559df63652c" testName="Given_Connected_When_AddSubscriptionSuccesful_Then_ASubscriptionIdIsReturned" computerName="DKSR-EFI-04" duration="00:00:00.0082733" startTime="2023-12-22T09:36:55.1827400+01:00" endTime="2023-12-22T09:36:55.1912595+01:00" testType="13cdc9d9-ddb5-4fa4-a97d-d965ccfc6d4b" outcome="Passed" testListId="8c84fa94-04c1-424b-9868-57a2d4851a1d" relativeResultsDirectory="8d2204a0-8485-4156-b5af-39a37d603e49" />
    <UnitTestResult executionId="d05032c1-4d2a-4895-a92d-64b81a90f884" testId="f830c93a-4e43-13d6-c3ab-367476959177" testName="Close_WhenNotNull_Success" computerName="DKSR-EFI-04" duration="00:00:00.0612618" startTime="2023-12-22T09:36:54.8935231+01:00" endTime="2023-12-22T09:36:54.9550817+01:00" testType="13cdc9d9-ddb5-4fa4-a97d-d965ccfc6d4b" outcome="Passed" testListId="8c84fa94-04c1-424b-9868-57a2d4851a1d" relativeResultsDirectory="d05032c1-4d2a-4895-a92d-64b81a90f884" />
    <UnitTestResult executionId="fc69e19d-a125-4752-9632-54a7b4701fe1" testId="a4c6d443-fa01-dcc3-6d3b-7e396f5ee185" testName="Initialize_ShouldSetUserContextConfiguration" computerName="DKSR-EFI-04" duration="00:00:00.0015873" startTime="2023-12-22T09:36:53.2223298+01:00" endTime="2023-12-22T09:36:53.2240871+01:00" testType="13cdc9d9-ddb5-4fa4-a97d-d965ccfc6d4b" outcome="Passed" testListId="8c84fa94-04c1-424b-9868-57a2d4851a1d" relativeResultsDirectory="fc69e19d-a125-4752-9632-54a7b4701fe1" />
    <UnitTestResult executionId="674c3a07-e1a5-4640-820e-ce938fddecae" testId="853af3f4-f013-afe1-e51f-9f0386bea5b2" testName="Givent_MessageContainingEventWithData_When_CallingGetDataOfInCorrectTypeThatIsNotSeserializable_Then_MipExceptionIsThrown" computerName="DKSR-EFI-04" duration="00:00:00.0153317" startTime="2023-12-22T09:36:55.5066621+01:00" endTime="2023-12-22T09:36:55.5222740+01:00" testType="13cdc9d9-ddb5-4fa4-a97d-d965ccfc6d4b" outcome="Passed" testListId="8c84fa94-04c1-424b-9868-57a2d4851a1d" relativeResultsDirectory="674c3a07-e1a5-4640-820e-ce938fddecae" />
    <UnitTestResult executionId="f70bdb0f-4b11-43a1-89b5-0889f9d2ae50" testId="c49e78b9-66ce-7f33-7d97-f70d020ce9e7" testName="XpcoLoginAndGetConfguration" computerName="DKSR-EFI-04" duration="00:00:02.4790146" startTime="2023-12-22T09:36:55.5231269+01:00" endTime="2023-12-22T09:36:58.0026109+01:00" testType="13cdc9d9-ddb5-4fa4-a97d-d965ccfc6d4b" outcome="Passed" testListId="8c84fa94-04c1-424b-9868-57a2d4851a1d" relativeResultsDirectory="f70bdb0f-4b11-43a1-89b5-0889f9d2ae50">
      <Output>
        <StdOut>Debug Trace:&#xD;
TopLevelControl returns null. PostMessage may have problems&#xD;
MIP: Error: ConfigurationApiItemWrapper (): ConfigAPI GetItem(): System.NotImplementedException, The method or operation is not implemented.&#xD;
MIP: Error: Factory.IsItemTypeSupported (): Exception source:      VideoOS.Platform.SDK.UnitTests&#xD;
Exception type:        System.NotImplementedException&#xD;
Exception message:     The method or operation is not implemented.&#xD;
Exception target site: GetItem&#xD;
   at VideoOS.Platform.SDKUnittest.EnvironmentTests.TestConfigurationClientService.GetItem(String path) in D:\actions-runner\_work\XPCO\XPCO\MIP\MIPSDK\tst\VideoOS.Platform.SDK.UnitTests\EnvironmentTests\TestsWithCorporateShimsBase.cs:line 227&#xD;
   at VideoOS.Platform.Proxy.ConfigApi.ConfigurationApiItemWrapper..ctor(ServerId serverId, String path) in D:\actions-runner\_work\XPCO\XPCO\MIP\PlatformPlugin\VideoOS.Platform\src\Proxy\ConfigApi\ConfigurationApiItemWrapper.cs:line 104&#xD;
   at VideoOS.Platform.ConfigurationItems.Factory.IsItemTypeSupported(ServerId serverId, String itemType) in D:\actions-runner\_work\XPCO\XPCO\MIP\PlatformPlugin\VideoOS.Platform\src\ConfigurationItems\Factory.cs:line 464&#xD;
&#xD;
Factory.IsItemTypeSupportedFactory.IsItemTypeSupported ()The method or operation is not implemented.   at VideoOS.Platform.SDKUnittest.EnvironmentTests.TestConfigurationClientService.GetItem(String path) in D:\actions-runner\_work\XPCO\XPCO\MIP\MIPSDK\tst\VideoOS.Platform.SDK.UnitTests\EnvironmentTests\TestsWithCorporateShimsBase.cs:line 227&#xD;
   at VideoOS.Platform.Proxy.ConfigApi.ConfigurationApiItemWrapper..ctor(ServerId serverId, String path) in D:\actions-runner\_work\XPCO\XPCO\MIP\PlatformPlugin\VideoOS.Platform\src\Proxy\ConfigApi\ConfigurationApiItemWrapper.cs:line 104&#xD;
   at VideoOS.Platform.ConfigurationItems.Factory.IsItemTypeSupported(ServerId serverId, String itemType) in D:\actions-runner\_work\XPCO\XPCO\MIP\PlatformPlugin\VideoOS.Platform\src\ConfigurationItems\Factory.cs:line 464&#xD;
MIP: Error: GetConfiguration (): CustomSetting not found for the given platformDefinitionId: e145597a-ecaf-40a1-99e6-14bb9d45a09e&#xD;
MIP: Error: ConfigurationApiItemWrapper (): ConfigAPI GetItem(): System.NotImplementedException, The method or operation is not implemented.&#xD;
MIP: Error: Factory.IsItemTypeSupported (): Exception source:      VideoOS.Platform.SDK.UnitTests&#xD;
Exception type:        System.NotImplementedException&#xD;
Exception message:     The method or operation is not implemented.&#xD;
Exception target site: GetItem&#xD;
   at VideoOS.Platform.SDKUnittest.EnvironmentTests.TestConfigurationClientService.GetItem(String path) in D:\actions-runner\_work\XPCO\XPCO\MIP\MIPSDK\tst\VideoOS.Platform.SDK.UnitTests\EnvironmentTests\TestsWithCorporateShimsBase.cs:line 227&#xD;
   at VideoOS.Platform.Proxy.ConfigApi.ConfigurationApiItemWrapper..ctor(ServerId serverId, String path) in D:\actions-runner\_work\XPCO\XPCO\MIP\PlatformPlugin\VideoOS.Platform\src\Proxy\ConfigApi\ConfigurationApiItemWrapper.cs:line 104&#xD;
   at VideoOS.Platform.ConfigurationItems.Factory.IsItemTypeSupported(ServerId serverId, String itemType) in D:\actions-runner\_work\XPCO\XPCO\MIP\PlatformPlugin\VideoOS.Platform\src\ConfigurationItems\Factory.cs:line 464&#xD;
&#xD;
Factory.IsItemTypeSupportedFactory.IsItemTypeSupported ()The method or operation is not implemented.   at VideoOS.Platform.SDKUnittest.EnvironmentTests.TestConfigurationClientService.GetItem(String path) in D:\actions-runner\_work\XPCO\XPCO\MIP\MIPSDK\tst\VideoOS.Platform.SDK.UnitTests\EnvironmentTests\TestsWithCorporateShimsBase.cs:line 227&#xD;
   at VideoOS.Platform.Proxy.ConfigApi.ConfigurationApiItemWrapper..ctor(ServerId serverId, String path) in D:\actions-runner\_work\XPCO\XPCO\MIP\PlatformPlugin\VideoOS.Platform\src\Proxy\ConfigApi\ConfigurationApiItemWrapper.cs:line 104&#xD;
   at VideoOS.Platform.ConfigurationItems.Factory.IsItemTypeSupported(ServerId serverId, String itemType) in D:\actions-runner\_work\XPCO\XPCO\MIP\PlatformPlugin\VideoOS.Platform\src\ConfigurationItems\Factory.cs:line 464&#xD;
MIP: Error: LoginServerOauth (): https://1.2.3.5:55/ManagementServer/ServerCommandServiceOAuth.svc The method or operation is not implemented.&#xD;
MIP: Error: ConfigurationApiItemWrapper (): ConfigAPI GetItem(): System.NotImplementedException, The method or operation is not implemented.&#xD;
MIP: Error: Factory.IsItemTypeSupported (): Exception source:      VideoOS.Platform.SDK.UnitTests&#xD;
Exception type:        System.NotImplementedException&#xD;
Exception message:     The method or operation is not implemented.&#xD;
Exception target site: GetItem&#xD;
   at VideoOS.Platform.SDKUnittest.EnvironmentTests.TestConfigurationClientService.GetItem(String path) in D:\actions-runner\_work\XPCO\XPCO\MIP\MIPSDK\tst\VideoOS.Platform.SDK.UnitTests\EnvironmentTests\TestsWithCorporateShimsBase.cs:line 227&#xD;
   at VideoOS.Platform.Proxy.ConfigApi.ConfigurationApiItemWrapper..ctor(ServerId serverId, String path) in D:\actions-runner\_work\XPCO\XPCO\MIP\PlatformPlugin\VideoOS.Platform\src\Proxy\ConfigApi\ConfigurationApiItemWrapper.cs:line 104&#xD;
   at VideoOS.Platform.ConfigurationItems.Factory.IsItemTypeSupported(ServerId serverId, String itemType) in D:\actions-runner\_work\XPCO\XPCO\MIP\PlatformPlugin\VideoOS.Platform\src\ConfigurationItems\Factory.cs:line 464&#xD;
&#xD;
Factory.IsItemTypeSupportedFactory.IsItemTypeSupported ()The method or operation is not implemented.   at VideoOS.Platform.SDKUnittest.EnvironmentTests.TestConfigurationClientService.GetItem(String path) in D:\actions-runner\_work\XPCO\XPCO\MIP\MIPSDK\tst\VideoOS.Platform.SDK.UnitTests\EnvironmentTests\TestsWithCorporateShimsBase.cs:line 227&#xD;
   at VideoOS.Platform.Proxy.ConfigApi.ConfigurationApiItemWrapper..ctor(ServerId serverId, String path) in D:\actions-runner\_work\XPCO\XPCO\MIP\PlatformPlugin\VideoOS.Platform\src\Proxy\ConfigApi\ConfigurationApiItemWrapper.cs:line 104&#xD;
   at VideoOS.Platform.ConfigurationItems.Factory.IsItemTypeSupported(ServerId serverId, String itemType) in D:\actions-runner\_work\XPCO\XPCO\MIP\PlatformPlugin\VideoOS.Platform\src\ConfigurationItems\Factory.cs:line 464&#xD;
MIP: Error: GetConfiguration (): CustomSetting not found for the given platformDefinitionId: e145597a-ecaf-40a1-99e6-14bb9d45a09e&#xD;
MIP: Error: ConfigurationApiItemWrapper (): ConfigAPI GetItem(): System.NotImplementedException, The method or operation is not implemented.&#xD;
MIP: Error: Factory.IsItemTypeSupported (): Exception source:      VideoOS.Platform.SDK.UnitTests&#xD;
Exception type:        System.NotImplementedException&#xD;
Exception message:     The method or operation is not implemented.&#xD;
Exception target site: GetItem&#xD;
   at VideoOS.Platform.SDKUnittest.EnvironmentTests.TestConfigurationClientService.GetItem(String path) in D:\actions-runner\_work\XPCO\XPCO\MIP\MIPSDK\tst\VideoOS.Platform.SDK.UnitTests\EnvironmentTests\TestsWithCorporateShimsBase.cs:line 227&#xD;
   at VideoOS.Platform.Proxy.ConfigApi.ConfigurationApiItemWrapper..ctor(ServerId serverId, String path) in D:\actions-runner\_work\XPCO\XPCO\MIP\PlatformPlugin\VideoOS.Platform\src\Proxy\ConfigApi\ConfigurationApiItemWrapper.cs:line 104&#xD;
   at VideoOS.Platform.ConfigurationItems.Factory.IsItemTypeSupported(ServerId serverId, String itemType) in D:\actions-runner\_work\XPCO\XPCO\MIP\PlatformPlugin\VideoOS.Platform\src\ConfigurationItems\Factory.cs:line 464&#xD;
&#xD;
Factory.IsItemTypeSupportedFactory.IsItemTypeSupported ()The method or operation is not implemented.   at VideoOS.Platform.SDKUnittest.EnvironmentTests.TestConfigurationClientService.GetItem(String path) in D:\actions-runner\_work\XPCO\XPCO\MIP\MIPSDK\tst\VideoOS.Platform.SDK.UnitTests\EnvironmentTests\TestsWithCorporateShimsBase.cs:line 227&#xD;
   at VideoOS.Platform.Proxy.ConfigApi.ConfigurationApiItemWrapper..ctor(ServerId serverId, String path) in D:\actions-runner\_work\XPCO\XPCO\MIP\PlatformPlugin\VideoOS.Platform\src\Proxy\ConfigApi\ConfigurationApiItemWrapper.cs:line 104&#xD;
   at VideoOS.Platform.ConfigurationItems.Factory.IsItemTypeSupported(ServerId serverId, String itemType) in D:\actions-runner\_work\XPCO\XPCO\MIP\PlatformPlugin\VideoOS.Platform\src\ConfigurationItems\Factory.cs:line 464&#xD;
MIP: Error: LoginServerOauth (): https://1.2.3.5:55/ManagementServer/ServerCommandServiceOAuth.svc The method or operation is not implemented.&#xD;
MIP: Error: ConfigurationApiItemWrapper (): ConfigAPI GetItem(): System.NotImplementedException, The method or operation is not implemented.&#xD;
MIP: Error: Factory.IsItemTypeSupported (): Exception source:      VideoOS.Platform.SDK.UnitTests&#xD;
Exception type:        System.NotImplementedException&#xD;
Exception message:     The method or operation is not implemented.&#xD;
Exception target site: GetItem&#xD;
   at VideoOS.Platform.SDKUnittest.EnvironmentTests.TestConfigurationClientService.GetItem(String path) in D:\actions-runner\_work\XPCO\XPCO\MIP\MIPSDK\tst\VideoOS.Platform.SDK.UnitTests\EnvironmentTests\TestsWithCorporateShimsBase.cs:line 227&#xD;
   at VideoOS.Platform.Proxy.ConfigApi.ConfigurationApiItemWrapper..ctor(ServerId serverId, String path) in D:\actions-runner\_work\XPCO\XPCO\MIP\PlatformPlugin\VideoOS.Platform\src\Proxy\ConfigApi\ConfigurationApiItemWrapper.cs:line 104&#xD;
   at VideoOS.Platform.ConfigurationItems.Factory.IsItemTypeSupported(ServerId serverId, String itemType) in D:\actions-runner\_work\XPCO\XPCO\MIP\PlatformPlugin\VideoOS.Platform\src\ConfigurationItems\Factory.cs:line 464&#xD;
&#xD;
Factory.IsItemTypeSupportedFactory.IsItemTypeSupported ()The method or operation is not implemented.   at VideoOS.Platform.SDKUnittest.EnvironmentTests.TestConfigurationClientService.GetItem(String path) in D:\actions-runner\_work\XPCO\XPCO\MIP\MIPSDK\tst\VideoOS.Platform.SDK.UnitTests\EnvironmentTests\TestsWithCorporateShimsBase.cs:line 227&#xD;
   at VideoOS.Platform.Proxy.ConfigApi.ConfigurationApiItemWrapper..ctor(ServerId serverId, String path) in D:\actions-runner\_work\XPCO\XPCO\MIP\PlatformPlugin\VideoOS.Platform\src\Proxy\ConfigApi\ConfigurationApiItemWrapper.cs:line 104&#xD;
   at VideoOS.Platform.ConfigurationItems.Factory.IsItemTypeSupported(ServerId serverId, String itemType) in D:\actions-runner\_work\XPCO\XPCO\MIP\PlatformPlugin\VideoOS.Platform\src\ConfigurationItems\Factory.cs:line 464&#xD;
MIP: Error: ConfigurationApiItemWrapper (): ConfigAPI GetItem(): System.NotImplementedException, The method or operation is not implemented.&#xD;
MIP: Error: Factory.IsItemTypeSupported (): Exception source:      VideoOS.Platform.SDK.UnitTests&#xD;
Exception type:        System.NotImplementedException&#xD;
Exception message:     The method or operation is not implemented.&#xD;
Exception target site: GetItem&#xD;
   at VideoOS.Platform.SDKUnittest.EnvironmentTests.TestConfigurationClientService.GetItem(String path) in D:\actions-runner\_work\XPCO\XPCO\MIP\MIPSDK\tst\VideoOS.Platform.SDK.UnitTests\EnvironmentTests\TestsWithCorporateShimsBase.cs:line 227&#xD;
   at VideoOS.Platform.Proxy.ConfigApi.ConfigurationApiItemWrapper..ctor(ServerId serverId, String path) in D:\actions-runner\_work\XPCO\XPCO\MIP\PlatformPlugin\VideoOS.Platform\src\Proxy\ConfigApi\ConfigurationApiItemWrapper.cs:line 104&#xD;
   at VideoOS.Platform.ConfigurationItems.Factory.IsItemTypeSupported(ServerId serverId, String itemType) in D:\actions-runner\_work\XPCO\XPCO\MIP\PlatformPlugin\VideoOS.Platform\src\ConfigurationItems\Factory.cs:line 464&#xD;
&#xD;
Factory.IsItemTypeSupportedFactory.IsItemTypeSupported ()The method or operation is not implemented.   at VideoOS.Platform.SDKUnittest.EnvironmentTests.TestConfigurationClientService.GetItem(String path) in D:\actions-runner\_work\XPCO\XPCO\MIP\MIPSDK\tst\VideoOS.Platform.SDK.UnitTests\EnvironmentTests\TestsWithCorporateShimsBase.cs:line 227&#xD;
   at VideoOS.Platform.Proxy.ConfigApi.ConfigurationApiItemWrapper..ctor(ServerId serverId, String path) in D:\actions-runner\_work\XPCO\XPCO\MIP\PlatformPlugin\VideoOS.Platform\src\Proxy\ConfigApi\ConfigurationApiItemWrapper.cs:line 104&#xD;
   at VideoOS.Platform.ConfigurationItems.Factory.IsItemTypeSupported(ServerId serverId, String itemType) in D:\actions-runner\_work\XPCO\XPCO\MIP\PlatformPlugin\VideoOS.Platform\src\ConfigurationItems\Factory.cs:line 464&#xD;
MIP: Error: LoginServerOauth (): https://1.2.3.5:55/ManagementServer/ServerCommandServiceOAuth.svc The method or operation is not implemented.&#xD;
MIP: Error: ConfigurationApiItemWrapper (): ConfigAPI GetItem(): System.NotImplementedException, The method or operation is not implemented.&#xD;
MIP: Error: Factory.IsItemTypeSupported (): Exception source:      VideoOS.Platform.SDK.UnitTests&#xD;
Exception type:        System.NotImplementedException&#xD;
Exception message:     The method or operation is not implemented.&#xD;
Exception target site: GetItem&#xD;
   at VideoOS.Platform.SDKUnittest.EnvironmentTests.TestConfigurationClientService.GetItem(String path) in D:\actions-runner\_work\XPCO\XPCO\MIP\MIPSDK\tst\VideoOS.Platform.SDK.UnitTests\EnvironmentTests\TestsWithCorporateShimsBase.cs:line 227&#xD;
   at VideoOS.Platform.Proxy.ConfigApi.ConfigurationApiItemWrapper..ctor(ServerId serverId, String path) in D:\actions-runner\_work\XPCO\XPCO\MIP\PlatformPlugin\VideoOS.Platform\src\Proxy\ConfigApi\ConfigurationApiItemWrapper.cs:line 104&#xD;
   at VideoOS.Platform.ConfigurationItems.Factory.IsItemTypeSupported(ServerId serverId, String itemType) in D:\actions-runner\_work\XPCO\XPCO\MIP\PlatformPlugin\VideoOS.Platform\src\ConfigurationItems\Factory.cs:line 464&#xD;
&#xD;
Factory.IsItemTypeSupportedFactory.IsItemTypeSupported ()The method or operation is not implemented.   at VideoOS.Platform.SDKUnittest.EnvironmentTests.TestConfigurationClientService.GetItem(String path) in D:\actions-runner\_work\XPCO\XPCO\MIP\MIPSDK\tst\VideoOS.Platform.SDK.UnitTests\EnvironmentTests\TestsWithCorporateShimsBase.cs:line 227&#xD;
   at VideoOS.Platform.Proxy.ConfigApi.ConfigurationApiItemWrapper..ctor(ServerId serverId, String path) in D:\actions-runner\_work\XPCO\XPCO\MIP\PlatformPlugin\VideoOS.Platform\src\Proxy\ConfigApi\ConfigurationApiItemWrapper.cs:line 104&#xD;
   at VideoOS.Platform.ConfigurationItems.Factory.IsItemTypeSupported(ServerId serverId, String itemType) in D:\actions-runner\_work\XPCO\XPCO\MIP\PlatformPlugin\VideoOS.Platform\src\ConfigurationItems\Factory.cs:line 464&#xD;
MIP: Error: GetConfiguration (): CustomSetting not found for the given platformDefinitionId: e145597a-ecaf-40a1-99e6-14bb9d45a09e&#xD;
MIP: Error: ConfigurationApiItemWrapper (): ConfigAPI GetItem(): System.NotImplementedException, The method or operation is not implemented.&#xD;
MIP: Error: Factory.IsItemTypeSupported (): Exception source:      VideoOS.Platform.SDK.UnitTests&#xD;
Exception type:        System.NotImplementedException&#xD;
Exception message:     The method or operation is not implemented.&#xD;
Exception target site: GetItem&#xD;
   at VideoOS.Platform.SDKUnittest.EnvironmentTests.TestConfigurationClientService.GetItem(String path) in D:\actions-runner\_work\XPCO\XPCO\MIP\MIPSDK\tst\VideoOS.Platform.SDK.UnitTests\EnvironmentTests\TestsWithCorporateShimsBase.cs:line 227&#xD;
   at VideoOS.Platform.Proxy.ConfigApi.ConfigurationApiItemWrapper..ctor(ServerId serverId, String path) in D:\actions-runner\_work\XPCO\XPCO\MIP\PlatformPlugin\VideoOS.Platform\src\Proxy\ConfigApi\ConfigurationApiItemWrapper.cs:line 104&#xD;
   at VideoOS.Platform.ConfigurationItems.Factory.IsItemTypeSupported(ServerId serverId, String itemType) in D:\actions-runner\_work\XPCO\XPCO\MIP\PlatformPlugin\VideoOS.Platform\src\ConfigurationItems\Factory.cs:line 464&#xD;
&#xD;
Factory.IsItemTypeSupportedFactory.IsItemTypeSupported ()The method or operation is not implemented.   at VideoOS.Platform.SDKUnittest.EnvironmentTests.TestConfigurationClientService.GetItem(String path) in D:\actions-runner\_work\XPCO\XPCO\MIP\MIPSDK\tst\VideoOS.Platform.SDK.UnitTests\EnvironmentTests\TestsWithCorporateShimsBase.cs:line 227&#xD;
   at VideoOS.Platform.Proxy.ConfigApi.ConfigurationApiItemWrapper..ctor(ServerId serverId, String path) in D:\actions-runner\_work\XPCO\XPCO\MIP\PlatformPlugin\VideoOS.Platform\src\Proxy\ConfigApi\ConfigurationApiItemWrapper.cs:line 104&#xD;
   at VideoOS.Platform.ConfigurationItems.Factory.IsItemTypeSupported(ServerId serverId, String itemType) in D:\actions-runner\_work\XPCO\XPCO\MIP\PlatformPlugin\VideoOS.Platform\src\ConfigurationItems\Factory.cs:line 464&#xD;
MIP: Error: LoginServerOauth (): https://1.2.3.5:55/ManagementServer/ServerCommandServiceOAuth.svc The method or operation is not implemented.&#xD;
MIP: Error: ConfigurationApiItemWrapper (): ConfigAPI GetItem(): System.NotImplementedException, The method or operation is not implemented.&#xD;
MIP: Error: Factory.IsItemTypeSupported (): Exception source:      VideoOS.Platform.SDK.UnitTests&#xD;
Exception type:        System.NotImplementedException&#xD;
Exception message:     The method or operation is not implemented.&#xD;
Exception target site: GetItem&#xD;
   at VideoOS.Platform.SDKUnittest.EnvironmentTests.TestConfigurationClientService.GetItem(String path) in D:\actions-runner\_work\XPCO\XPCO\MIP\MIPSDK\tst\VideoOS.Platform.SDK.UnitTests\EnvironmentTests\TestsWithCorporateShimsBase.cs:line 227&#xD;
   at VideoOS.Platform.Proxy.ConfigApi.ConfigurationApiItemWrapper..ctor(ServerId serverId, String path) in D:\actions-runner\_work\XPCO\XPCO\MIP\PlatformPlugin\VideoOS.Platform\src\Proxy\ConfigApi\ConfigurationApiItemWrapper.cs:line 104&#xD;
   at VideoOS.Platform.ConfigurationItems.Factory.IsItemTypeSupported(ServerId serverId, String itemType) in D:\actions-runner\_work\XPCO\XPCO\MIP\PlatformPlugin\VideoOS.Platform\src\ConfigurationItems\Factory.cs:line 464&#xD;
&#xD;
Factory.IsItemTypeSupportedFactory.IsItemTypeSupported ()The method or operation is not implemented.   at VideoOS.Platform.SDKUnittest.EnvironmentTests.TestConfigurationClientService.GetItem(String path) in D:\actions-runner\_work\XPCO\XPCO\MIP\MIPSDK\tst\VideoOS.Platform.SDK.UnitTests\EnvironmentTests\TestsWithCorporateShimsBase.cs:line 227&#xD;
   at VideoOS.Platform.Proxy.ConfigApi.ConfigurationApiItemWrapper..ctor(ServerId serverId, String path) in D:\actions-runner\_work\XPCO\XPCO\MIP\PlatformPlugin\VideoOS.Platform\src\Proxy\ConfigApi\ConfigurationApiItemWrapper.cs:line 104&#xD;
   at VideoOS.Platform.ConfigurationItems.Factory.IsItemTypeSupported(ServerId serverId, String itemType) in D:\actions-runner\_work\XPCO\XPCO\MIP\PlatformPlugin\VideoOS.Platform\src\ConfigurationItems\Factory.cs:line 464&#xD;
MIP: Error: ConfigurationApiItemWrapper (): ConfigAPI GetItem(): System.NotImplementedException, The method or operation is not implemented.&#xD;
MIP: Error: Factory.IsItemTypeSupported (): Exception source:      VideoOS.Platform.SDK.UnitTests&#xD;
Exception type:        System.NotImplementedException&#xD;
Exception message:     The method or operation is not implemented.&#xD;
Exception target site: GetItem&#xD;
   at VideoOS.Platform.SDKUnittest.EnvironmentTests.TestConfigurationClientService.GetItem(String path) in D:\actions-runner\_work\XPCO\XPCO\MIP\MIPSDK\tst\VideoOS.Platform.SDK.UnitTests\EnvironmentTests\TestsWithCorporateShimsBase.cs:line 227&#xD;
   at VideoOS.Platform.Proxy.ConfigApi.ConfigurationApiItemWrapper..ctor(ServerId serverId, String path) in D:\actions-runner\_work\XPCO\XPCO\MIP\PlatformPlugin\VideoOS.Platform\src\Proxy\ConfigApi\ConfigurationApiItemWrapper.cs:line 104&#xD;
   at VideoOS.Platform.ConfigurationItems.Factory.IsItemTypeSupported(ServerId serverId, String itemType) in D:\actions-runner\_work\XPCO\XPCO\MIP\PlatformPlugin\VideoOS.Platform\src\ConfigurationItems\Factory.cs:line 464&#xD;
&#xD;
Factory.IsItemTypeSupportedFactory.IsItemTypeSupported ()The method or operation is not implemented.   at VideoOS.Platform.SDKUnittest.EnvironmentTests.TestConfigurationClientService.GetItem(String path) in D:\actions-runner\_work\XPCO\XPCO\MIP\MIPSDK\tst\VideoOS.Platform.SDK.UnitTests\EnvironmentTests\TestsWithCorporateShimsBase.cs:line 227&#xD;
   at VideoOS.Platform.Proxy.ConfigApi.ConfigurationApiItemWrapper..ctor(ServerId serverId, String path) in D:\actions-runner\_work\XPCO\XPCO\MIP\PlatformPlugin\VideoOS.Platform\src\Proxy\ConfigApi\ConfigurationApiItemWrapper.cs:line 104&#xD;
   at VideoOS.Platform.ConfigurationItems.Factory.IsItemTypeSupported(ServerId serverId, String itemType) in D:\actions-runner\_work\XPCO\XPCO\MIP\PlatformPlugin\VideoOS.Platform\src\ConfigurationItems\Factory.cs:line 464&#xD;
MIP: Error: LoginServerOauth (): https://1.2.3.5:55/ManagementServer/ServerCommandServiceOAuth.svc The method or operation is not implemented.&#xD;
MIP: Error: ConfigurationApiItemWrapper (): ConfigAPI GetItem(): System.NotImplementedException, The method or operation is not implemented.&#xD;
MIP: Error: Factory.IsItemTypeSupported (): Exception source:      VideoOS.Platform.SDK.UnitTests&#xD;
Exception type:        System.NotImplementedException&#xD;
Exception message:     The method or operation is not implemented.&#xD;
Exception target site: GetItem&#xD;
   at VideoOS.Platform.SDKUnittest.EnvironmentTests.TestConfigurationClientService.GetItem(String path) in D:\actions-runner\_work\XPCO\XPCO\MIP\MIPSDK\tst\VideoOS.Platform.SDK.UnitTests\EnvironmentTests\TestsWithCorporateShimsBase.cs:line 227&#xD;
   at VideoOS.Platform.Proxy.ConfigApi.ConfigurationApiItemWrapper..ctor(ServerId serverId, String path) in D:\actions-runner\_work\XPCO\XPCO\MIP\PlatformPlugin\VideoOS.Platform\src\Proxy\ConfigApi\ConfigurationApiItemWrapper.cs:line 104&#xD;
   at VideoOS.Platform.ConfigurationItems.Factory.IsItemTypeSupported(ServerId serverId, String itemType) in D:\actions-runner\_work\XPCO\XPCO\MIP\PlatformPlugin\VideoOS.Platform\src\ConfigurationItems\Factory.cs:line 464&#xD;
&#xD;
Factory.IsItemTypeSupportedFactory.IsItemTypeSupported ()The method or operation is not implemented.   at VideoOS.Platform.SDKUnittest.EnvironmentTests.TestConfigurationClientService.GetItem(String path) in D:\actions-runner\_work\XPCO\XPCO\MIP\MIPSDK\tst\VideoOS.Platform.SDK.UnitTests\EnvironmentTests\TestsWithCorporateShimsBase.cs:line 227&#xD;
   at VideoOS.Platform.Proxy.ConfigApi.ConfigurationApiItemWrapper..ctor(ServerId serverId, String path) in D:\actions-runner\_work\XPCO\XPCO\MIP\PlatformPlugin\VideoOS.Platform\src\Proxy\ConfigApi\ConfigurationApiItemWrapper.cs:line 104&#xD;
   at VideoOS.Platform.ConfigurationItems.Factory.IsItemTypeSupported(ServerId serverId, String itemType) in D:\actions-runner\_work\XPCO\XPCO\MIP\PlatformPlugin\VideoOS.Platform\src\ConfigurationItems\Factory.cs:line 464&#xD;
MIP: Error: GetConfiguration (): CustomSetting not found for the given platformDefinitionId: e145597a-ecaf-40a1-99e6-14bb9d45a09e&#xD;
MIP: Error: ConfigurationApiItemWrapper (): ConfigAPI GetItem(): System.NotImplementedException, The method or operation is not implemented.&#xD;
MIP: Error: Factory.IsItemTypeSupported (): Exception source:      VideoOS.Platform.SDK.UnitTests&#xD;
Exception type:        System.NotImplementedException&#xD;
Exception message:     The method or operation is not implemented.&#xD;
Exception target site: GetItem&#xD;
   at VideoOS.Platform.SDKUnittest.EnvironmentTests.TestConfigurationClientService.GetItem(String path) in D:\actions-runner\_work\XPCO\XPCO\MIP\MIPSDK\tst\VideoOS.Platform.SDK.UnitTests\EnvironmentTests\TestsWithCorporateShimsBase.cs:line 227&#xD;
   at VideoOS.Platform.Proxy.ConfigApi.ConfigurationApiItemWrapper..ctor(ServerId serverId, String path) in D:\actions-runner\_work\XPCO\XPCO\MIP\PlatformPlugin\VideoOS.Platform\src\Proxy\ConfigApi\ConfigurationApiItemWrapper.cs:line 104&#xD;
   at VideoOS.Platform.ConfigurationItems.Factory.IsItemTypeSupported(ServerId serverId, String itemType) in D:\actions-runner\_work\XPCO\XPCO\MIP\PlatformPlugin\VideoOS.Platform\src\ConfigurationItems\Factory.cs:line 464&#xD;
&#xD;
Factory.IsItemTypeSupportedFactory.IsItemTypeSupported ()The method or operation is not implemented.   at VideoOS.Platform.SDKUnittest.EnvironmentTests.TestConfigurationClientService.GetItem(String path) in D:\actions-runner\_work\XPCO\XPCO\MIP\MIPSDK\tst\VideoOS.Platform.SDK.UnitTests\EnvironmentTests\TestsWithCorporateShimsBase.cs:line 227&#xD;
   at VideoOS.Platform.Proxy.ConfigApi.ConfigurationApiItemWrapper..ctor(ServerId serverId, String path) in D:\actions-runner\_work\XPCO\XPCO\MIP\PlatformPlugin\VideoOS.Platform\src\Proxy\ConfigApi\ConfigurationApiItemWrapper.cs:line 104&#xD;
   at VideoOS.Platform.ConfigurationItems.Factory.IsItemTypeSupported(ServerId serverId, String itemType) in D:\actions-runner\_work\XPCO\XPCO\MIP\PlatformPlugin\VideoOS.Platform\src\ConfigurationItems\Factory.cs:line 464&#xD;
MIP: Error: LoginServerOauth (): https://1.2.3.5:55/ManagementServer/ServerCommandServiceOAuth.svc The method or operation is not implemented.&#xD;
MIP: Error: ConfigurationApiItemWrapper (): ConfigAPI GetItem(): System.NotImplementedException, The method or operation is not implemented.&#xD;
MIP: Error: Factory.IsItemTypeSupported (): Exception source:      VideoOS.Platform.SDK.UnitTests&#xD;
Exception type:        System.NotImplementedException&#xD;
Exception message:     The method or operation is not implemented.&#xD;
Exception target site: GetItem&#xD;
   at VideoOS.Platform.SDKUnittest.EnvironmentTests.TestConfigurationClientService.GetItem(String path) in D:\actions-runner\_work\XPCO\XPCO\MIP\MIPSDK\tst\VideoOS.Platform.SDK.UnitTests\EnvironmentTests\TestsWithCorporateShimsBase.cs:line 227&#xD;
   at VideoOS.Platform.Proxy.ConfigApi.ConfigurationApiItemWrapper..ctor(ServerId serverId, String path) in D:\actions-runner\_work\XPCO\XPCO\MIP\PlatformPlugin\VideoOS.Platform\src\Proxy\ConfigApi\ConfigurationApiItemWrapper.cs:line 104&#xD;
   at VideoOS.Platform.ConfigurationItems.Factory.IsItemTypeSupported(ServerId serverId, String itemType) in D:\actions-runner\_work\XPCO\XPCO\MIP\PlatformPlugin\VideoOS.Platform\src\ConfigurationItems\Factory.cs:line 464&#xD;
&#xD;
Factory.IsItemTypeSupportedFactory.IsItemTypeSupported ()The method or operation is not implemented.   at VideoOS.Platform.SDKUnittest.EnvironmentTests.TestConfigurationClientService.GetItem(String path) in D:\actions-runner\_work\XPCO\XPCO\MIP\MIPSDK\tst\VideoOS.Platform.SDK.UnitTests\EnvironmentTests\TestsWithCorporateShimsBase.cs:line 227&#xD;
   at VideoOS.Platform.Proxy.ConfigApi.ConfigurationApiItemWrapper..ctor(ServerId serverId, String path) in D:\actions-runner\_work\XPCO\XPCO\MIP\PlatformPlugin\VideoOS.Platform\src\Proxy\ConfigApi\ConfigurationApiItemWrapper.cs:line 104&#xD;
   at VideoOS.Platform.ConfigurationItems.Factory.IsItemTypeSupported(ServerId serverId, String itemType) in D:\actions-runner\_work\XPCO\XPCO\MIP\PlatformPlugin\VideoOS.Platform\src\ConfigurationItems\Factory.cs:line 464&#xD;
MIP: Error: ConfigurationApiItemWrapper (): ConfigAPI GetItem(): System.NotImplementedException, The method or operation is not implemented.&#xD;
MIP: Error: Factory.IsItemTypeSupported (): Exception source:      VideoOS.Platform.SDK.UnitTests&#xD;
Exception type:        System.NotImplementedException&#xD;
Exception message:     The method or operation is not implemented.&#xD;
Exception target site: GetItem&#xD;
   at VideoOS.Platform.SDKUnittest.EnvironmentTests.TestConfigurationClientService.GetItem(String path) in D:\actions-runner\_work\XPCO\XPCO\MIP\MIPSDK\tst\VideoOS.Platform.SDK.UnitTests\EnvironmentTests\TestsWithCorporateShimsBase.cs:line 227&#xD;
   at VideoOS.Platform.Proxy.ConfigApi.ConfigurationApiItemWrapper..ctor(ServerId serverId, String path) in D:\actions-runner\_work\XPCO\XPCO\MIP\PlatformPlugin\VideoOS.Platform\src\Proxy\ConfigApi\ConfigurationApiItemWrapper.cs:line 104&#xD;
   at VideoOS.Platform.ConfigurationItems.Factory.IsItemTypeSupported(ServerId serverId, String itemType) in D:\actions-runner\_work\XPCO\XPCO\MIP\PlatformPlugin\VideoOS.Platform\src\ConfigurationItems\Factory.cs:line 464&#xD;
&#xD;
Factory.IsItemTypeSupportedFactory.IsItemTypeSupported ()The method or operation is not implemented.   at VideoOS.Platform.SDKUnittest.EnvironmentTests.TestConfigurationClientService.GetItem(String path) in D:\actions-runner\_work\XPCO\XPCO\MIP\MIPSDK\tst\VideoOS.Platform.SDK.UnitTests\EnvironmentTests\TestsWithCorporateShimsBase.cs:line 227&#xD;
   at VideoOS.Platform.Proxy.ConfigApi.ConfigurationApiItemWrapper..ctor(ServerId serverId, String path) in D:\actions-runner\_work\XPCO\XPCO\MIP\PlatformPlugin\VideoOS.Platform\src\Proxy\ConfigApi\ConfigurationApiItemWrapper.cs:line 104&#xD;
   at VideoOS.Platform.ConfigurationItems.Factory.IsItemTypeSupported(ServerId serverId, String itemType) in D:\actions-runner\_work\XPCO\XPCO\MIP\PlatformPlugin\VideoOS.Platform\src\ConfigurationItems\Factory.cs:line 464&#xD;
MIP: Error: LoginServerOauth (): https://1.2.3.5:55/ManagementServer/ServerCommandServiceOAuth.svc The method or operation is not implemented.&#xD;
MIP: Error: ConfigurationApiItemWrapper (): ConfigAPI GetItem(): System.NotImplementedException, The method or operation is not implemented.&#xD;
MIP: Error: Factory.IsItemTypeSupported (): Exception source:      VideoOS.Platform.SDK.UnitTests&#xD;
Exception type:        System.NotImplementedException&#xD;
Exception message:     The method or operation is not implemented.&#xD;
Exception target site: GetItem&#xD;
   at VideoOS.Platform.SDKUnittest.EnvironmentTests.TestConfigurationClientService.GetItem(String path) in D:\actions-runner\_work\XPCO\XPCO\MIP\MIPSDK\tst\VideoOS.Platform.SDK.UnitTests\EnvironmentTests\TestsWithCorporateShimsBase.cs:line 227&#xD;
   at VideoOS.Platform.Proxy.ConfigApi.ConfigurationApiItemWrapper..ctor(ServerId serverId, String path) in D:\actions-runner\_work\XPCO\XPCO\MIP\PlatformPlugin\VideoOS.Platform\src\Proxy\ConfigApi\ConfigurationApiItemWrapper.cs:line 104&#xD;
   at VideoOS.Platform.ConfigurationItems.Factory.IsItemTypeSupported(ServerId serverId, String itemType) in D:\actions-runner\_work\XPCO\XPCO\MIP\PlatformPlugin\VideoOS.Platform\src\ConfigurationItems\Factory.cs:line 464&#xD;
&#xD;
Factory.IsItemTypeSupportedFactory.IsItemTypeSupported ()The method or operation is not implemented.   at VideoOS.Platform.SDKUnittest.EnvironmentTests.TestConfigurationClientService.GetItem(String path) in D:\actions-runner\_work\XPCO\XPCO\MIP\MIPSDK\tst\VideoOS.Platform.SDK.UnitTests\EnvironmentTests\TestsWithCorporateShimsBase.cs:line 227&#xD;
   at VideoOS.Platform.Proxy.ConfigApi.ConfigurationApiItemWrapper..ctor(ServerId serverId, String path) in D:\actions-runner\_work\XPCO\XPCO\MIP\PlatformPlugin\VideoOS.Platform\src\Proxy\ConfigApi\ConfigurationApiItemWrapper.cs:line 104&#xD;
   at VideoOS.Platform.ConfigurationItems.Factory.IsItemTypeSupported(ServerId serverId, String itemType) in D:\actions-runner\_work\XPCO\XPCO\MIP\PlatformPlugin\VideoOS.Platform\src\ConfigurationItems\Factory.cs:line 464&#xD;
MIP: Error: GetConfiguration (): CustomSetting not found for the given platformDefinitionId: e145597a-ecaf-40a1-99e6-14bb9d45a09e&#xD;
MIP: Error: ConfigurationApiItemWrapper (): ConfigAPI GetItem(): System.NotImplementedException, The method or operation is not implemented.&#xD;
MIP: Error: Factory.IsItemTypeSupported (): Exception source:      VideoOS.Platform.SDK.UnitTests&#xD;
Exception type:        System.NotImplementedException&#xD;
Exception message:     The method or operation is not implemented.&#xD;
Exception target site: GetItem&#xD;
   at VideoOS.Platform.SDKUnittest.EnvironmentTests.TestConfigurationClientService.GetItem(String path) in D:\actions-runner\_work\XPCO\XPCO\MIP\MIPSDK\tst\VideoOS.Platform.SDK.UnitTests\EnvironmentTests\TestsWithCorporateShimsBase.cs:line 227&#xD;
   at VideoOS.Platform.Proxy.ConfigApi.ConfigurationApiItemWrapper..ctor(ServerId serverId, String path) in D:\actions-runner\_work\XPCO\XPCO\MIP\PlatformPlugin\VideoOS.Platform\src\Proxy\ConfigApi\ConfigurationApiItemWrapper.cs:line 104&#xD;
   at VideoOS.Platform.ConfigurationItems.Factory.IsItemTypeSupported(ServerId serverId, String itemType) in D:\actions-runner\_work\XPCO\XPCO\MIP\PlatformPlugin\VideoOS.Platform\src\ConfigurationItems\Factory.cs:line 464&#xD;
&#xD;
Factory.IsItemTypeSupportedFactory.IsItemTypeSupported ()The method or operation is not implemented.   at VideoOS.Platform.SDKUnittest.EnvironmentTests.TestConfigurationClientService.GetItem(String path) in D:\actions-runner\_work\XPCO\XPCO\MIP\MIPSDK\tst\VideoOS.Platform.SDK.UnitTests\EnvironmentTests\TestsWithCorporateShimsBase.cs:line 227&#xD;
   at VideoOS.Platform.Proxy.ConfigApi.ConfigurationApiItemWrapper..ctor(ServerId serverId, String path) in D:\actions-runner\_work\XPCO\XPCO\MIP\PlatformPlugin\VideoOS.Platform\src\Proxy\ConfigApi\ConfigurationApiItemWrapper.cs:line 104&#xD;
   at VideoOS.Platform.ConfigurationItems.Factory.IsItemTypeSupported(ServerId serverId, String itemType) in D:\actions-runner\_work\XPCO\XPCO\MIP\PlatformPlugin\VideoOS.Platform\src\ConfigurationItems\Factory.cs:line 464&#xD;
MIP: Error: LoginServerOauth (): https://1.2.3.5:55/ManagementServer/ServerCommandServiceOAuth.svc The method or operation is not implemented.</StdOut>
      </Output>
    </UnitTestResult>
    <UnitTestResult executionId="8046ab7f-7a67-4ace-82d7-886e1dd62944" testId="5456b4a7-0c13-564f-de65-ea8a9df057cb" testName="CloseCheckForStandalone_Success" computerName="DKSR-EFI-04" duration="00:00:00.0007809" startTime="2023-12-22T09:36:54.9694106+01:00" endTime="2023-12-22T09:36:54.9704857+01:00" testType="13cdc9d9-ddb5-4fa4-a97d-d965ccfc6d4b" outcome="Passed" testListId="8c84fa94-04c1-424b-9868-57a2d4851a1d" relativeResultsDirectory="8046ab7f-7a67-4ace-82d7-886e1dd62944" />
    <UnitTestResult executionId="68206ea5-bf8d-4205-add0-3ff7435daaec" testId="ae1a8ec4-a4d5-6c99-ef64-cbab96674e4c" testName="MergeCredentialCache_WhenNegotiateAuth_Merges" computerName="DKSR-EFI-04" duration="00:00:00.0044209" startTime="2023-12-22T09:36:54.7138213+01:00" endTime="2023-12-22T09:36:54.7184758+01:00" testType="13cdc9d9-ddb5-4fa4-a97d-d965ccfc6d4b" outcome="Passed" testListId="8c84fa94-04c1-424b-9868-57a2d4851a1d" relativeResultsDirectory="68206ea5-bf8d-4205-add0-3ff7435daaec" />
    <UnitTestResult executionId="fed739dc-9a02-43f5-b2f8-1fd05809e968" testId="c46fb142-69b0-d140-f581-d0b790df6efa" testName="DomainCompareFail" computerName="DKSR-EFI-04" duration="00:00:00.0009181" startTime="2023-12-22T09:36:54.8916555+01:00" endTime="2023-12-22T09:36:54.8928470+01:00" testType="13cdc9d9-ddb5-4fa4-a97d-d965ccfc6d4b" outcome="Passed" testListId="8c84fa94-04c1-424b-9868-57a2d4851a1d" relativeResultsDirectory="fed739dc-9a02-43f5-b2f8-1fd05809e968" />
    <UnitTestResult executionId="117b266c-1384-43a3-bd37-ad6a1f1c1710" testId="e2220ea1-70c7-777c-8e0a-b82f127b0354" testName="Initialize_ShouldReturnTrue_WhenMoreThanOneRecordingDeviceIsAvailable" computerName="DKSR-EFI-04" duration="00:00:00.0007862" startTime="2023-12-22T09:37:15.9533324+01:00" endTime="2023-12-22T09:37:15.9543804+01:00" testType="13cdc9d9-ddb5-4fa4-a97d-d965ccfc6d4b" outcome="Passed" testListId="8c84fa94-04c1-424b-9868-57a2d4851a1d" relativeResultsDirectory="117b266c-1384-43a3-bd37-ad6a1f1c1710" />
    <UnitTestResult executionId="4089081c-4dd8-4353-a7ce-031e94eb5ed5" testId="96c1c139-ef84-2793-7b75-ec53f5430e80" testName="CompareFail" computerName="DKSR-EFI-04" duration="00:00:00.0011923" startTime="2023-12-22T09:36:54.8896137+01:00" endTime="2023-12-22T09:36:54.8909713+01:00" testType="13cdc9d9-ddb5-4fa4-a97d-d965ccfc6d4b" outcome="Passed" testListId="8c84fa94-04c1-424b-9868-57a2d4851a1d" relativeResultsDirectory="4089081c-4dd8-4353-a7ce-031e94eb5ed5" />
    <UnitTestResult executionId="6a153d11-76aa-489a-a398-0bd478195266" testId="a3bd6fcc-4145-24ec-1080-3545ed86b8b7" testName="RemoveServer_WithIdWhenLoginSettingsNull_Correct" computerName="DKSR-EFI-04" duration="00:00:00.0097536" startTime="2023-12-22T09:36:52.9497532+01:00" endTime="2023-12-22T09:36:52.9596814+01:00" testType="13cdc9d9-ddb5-4fa4-a97d-d965ccfc6d4b" outcome="Passed" testListId="8c84fa94-04c1-424b-9868-57a2d4851a1d" relativeResultsDirectory="6a153d11-76aa-489a-a398-0bd478195266" />
    <UnitTestResult executionId="2052e8d3-1d27-465d-8b9f-809177969435" testId="2282d201-fae3-68ca-fb9b-da7ba770e221" testName="OAuthServerIsOnline" computerName="DKSR-EFI-04" duration="00:00:01.1295079" startTime="2023-12-22T09:36:53.2540743+01:00" endTime="2023-12-22T09:36:54.3840381+01:00" testType="13cdc9d9-ddb5-4fa4-a97d-d965ccfc6d4b" outcome="Passed" testListId="8c84fa94-04c1-424b-9868-57a2d4851a1d" relativeResultsDirectory="2052e8d3-1d27-465d-8b9f-809177969435" />
    <UnitTestResult executionId="ca47d6ab-b68e-4c08-a034-d2c1a5749113" testId="b2e4eadd-d448-b487-733b-d5563cb70924" testName="XpcoMultiUserLoginCurrentCredentialsSuccess" computerName="DKSR-EFI-04" duration="00:00:01.4794815" startTime="2023-12-22T09:37:01.2282059+01:00" endTime="2023-12-22T09:37:02.7079276+01:00" testType="13cdc9d9-ddb5-4fa4-a97d-d965ccfc6d4b" outcome="Passed" testListId="8c84fa94-04c1-424b-9868-57a2d4851a1d" relativeResultsDirectory="ca47d6ab-b68e-4c08-a034-d2c1a5749113">
      <Output>
        <StdOut>Debug Trace:&#xD;
TopLevelControl returns null. PostMessage may have problems&#xD;
MIP: Error: ConfigurationApiItemWrapper (): ConfigAPI GetItem(): System.NotImplementedException, The method or operation is not implemented.&#xD;
MIP: Error: Factory.IsItemTypeSupported (): Exception source:      VideoOS.Platform.SDK.UnitTests&#xD;
Exception type:        System.NotImplementedException&#xD;
Exception message:     The method or operation is not implemented.&#xD;
Exception target site: GetItem&#xD;
   at VideoOS.Platform.SDKUnittest.EnvironmentTests.TestConfigurationClientService.GetItem(String path) in D:\actions-runner\_work\XPCO\XPCO\MIP\MIPSDK\tst\VideoOS.Platform.SDK.UnitTests\EnvironmentTests\TestsWithCorporateShimsBase.cs:line 227&#xD;
   at VideoOS.Platform.Proxy.ConfigApi.ConfigurationApiItemWrapper..ctor(ServerId serverId, String path) in D:\actions-runner\_work\XPCO\XPCO\MIP\PlatformPlugin\VideoOS.Platform\src\Proxy\ConfigApi\ConfigurationApiItemWrapper.cs:line 104&#xD;
   at VideoOS.Platform.ConfigurationItems.Factory.IsItemTypeSupported(ServerId serverId, String itemType) in D:\actions-runner\_work\XPCO\XPCO\MIP\PlatformPlugin\VideoOS.Platform\src\ConfigurationItems\Factory.cs:line 464&#xD;
&#xD;
Factory.IsItemTypeSupportedFactory.IsItemTypeSupported ()The method or operation is not implemented.   at VideoOS.Platform.SDKUnittest.EnvironmentTests.TestConfigurationClientService.GetItem(String path) in D:\actions-runner\_work\XPCO\XPCO\MIP\MIPSDK\tst\VideoOS.Platform.SDK.UnitTests\EnvironmentTests\TestsWithCorporateShimsBase.cs:line 227&#xD;
   at VideoOS.Platform.Proxy.ConfigApi.ConfigurationApiItemWrapper..ctor(ServerId serverId, String path) in D:\actions-runner\_work\XPCO\XPCO\MIP\PlatformPlugin\VideoOS.Platform\src\Proxy\ConfigApi\ConfigurationApiItemWrapper.cs:line 104&#xD;
   at VideoOS.Platform.ConfigurationItems.Factory.IsItemTypeSupported(ServerId serverId, String itemType) in D:\actions-runner\_work\XPCO\XPCO\MIP\PlatformPlugin\VideoOS.Platform\src\ConfigurationItems\Factory.cs:line 464&#xD;
MIP: Error: GetConfiguration (): CustomSetting not found for the given platformDefinitionId: e145597a-ecaf-40a1-99e6-14bb9d45a09e&#xD;
MIP: Error: ConfigurationApiItemWrapper (): ConfigAPI GetItem(): System.NotImplementedException, The method or operation is not implemented.&#xD;
MIP: Error: Factory.IsItemTypeSupported (): Exception source:      VideoOS.Platform.SDK.UnitTests&#xD;
Exception type:        System.NotImplementedException&#xD;
Exception message:     The method or operation is not implemented.&#xD;
Exception target site: GetItem&#xD;
   at VideoOS.Platform.SDKUnittest.EnvironmentTests.TestConfigurationClientService.GetItem(String path) in D:\actions-runner\_work\XPCO\XPCO\MIP\MIPSDK\tst\VideoOS.Platform.SDK.UnitTests\EnvironmentTests\TestsWithCorporateShimsBase.cs:line 227&#xD;
   at VideoOS.Platform.Proxy.ConfigApi.ConfigurationApiItemWrapper..ctor(ServerId serverId, String path) in D:\actions-runner\_work\XPCO\XPCO\MIP\PlatformPlugin\VideoOS.Platform\src\Proxy\ConfigApi\ConfigurationApiItemWrapper.cs:line 104&#xD;
   at VideoOS.Platform.ConfigurationItems.Factory.IsItemTypeSupported(ServerId serverId, String itemType) in D:\actions-runner\_work\XPCO\XPCO\MIP\PlatformPlugin\VideoOS.Platform\src\ConfigurationItems\Factory.cs:line 464&#xD;
&#xD;
Factory.IsItemTypeSupportedFactory.IsItemTypeSupported ()The method or operation is not implemented.   at VideoOS.Platform.SDKUnittest.EnvironmentTests.TestConfigurationClientService.GetItem(String path) in D:\actions-runner\_work\XPCO\XPCO\MIP\MIPSDK\tst\VideoOS.Platform.SDK.UnitTests\EnvironmentTests\TestsWithCorporateShimsBase.cs:line 227&#xD;
   at VideoOS.Platform.Proxy.ConfigApi.ConfigurationApiItemWrapper..ctor(ServerId serverId, String path) in D:\actions-runner\_work\XPCO\XPCO\MIP\PlatformPlugin\VideoOS.Platform\src\Proxy\ConfigApi\ConfigurationApiItemWrapper.cs:line 104&#xD;
   at VideoOS.Platform.ConfigurationItems.Factory.IsItemTypeSupported(ServerId serverId, String itemType) in D:\actions-runner\_work\XPCO\XPCO\MIP\PlatformPlugin\VideoOS.Platform\src\ConfigurationItems\Factory.cs:line 464&#xD;
MIP: Error: LoginServerOauth (): https://1.2.3.5:55/ManagementServer/ServerCommandServiceOAuth.svc The method or operation is not implemented.&#xD;
MIP: Error: ConfigurationApiItemWrapper (): ConfigAPI GetItem(): System.NotImplementedException, The method or operation is not implemented.&#xD;
MIP: Error: Factory.IsItemTypeSupported (): Exception source:      VideoOS.Platform.SDK.UnitTests&#xD;
Exception type:        System.NotImplementedException&#xD;
Exception message:     The method or operation is not implemented.&#xD;
Exception target site: GetItem&#xD;
   at VideoOS.Platform.SDKUnittest.EnvironmentTests.TestConfigurationClientService.GetItem(String path) in D:\actions-runner\_work\XPCO\XPCO\MIP\MIPSDK\tst\VideoOS.Platform.SDK.UnitTests\EnvironmentTests\TestsWithCorporateShimsBase.cs:line 227&#xD;
   at VideoOS.Platform.Proxy.ConfigApi.ConfigurationApiItemWrapper..ctor(ServerId serverId, String path) in D:\actions-runner\_work\XPCO\XPCO\MIP\PlatformPlugin\VideoOS.Platform\src\Proxy\ConfigApi\ConfigurationApiItemWrapper.cs:line 104&#xD;
   at VideoOS.Platform.ConfigurationItems.Factory.IsItemTypeSupported(ServerId serverId, String itemType) in D:\actions-runner\_work\XPCO\XPCO\MIP\PlatformPlugin\VideoOS.Platform\src\ConfigurationItems\Factory.cs:line 464&#xD;
&#xD;
Factory.IsItemTypeSupportedFactory.IsItemTypeSupported ()The method or operation is not implemented.   at VideoOS.Platform.SDKUnittest.EnvironmentTests.TestConfigurationClientService.GetItem(String path) in D:\actions-runner\_work\XPCO\XPCO\MIP\MIPSDK\tst\VideoOS.Platform.SDK.UnitTests\EnvironmentTests\TestsWithCorporateShimsBase.cs:line 227&#xD;
   at VideoOS.Platform.Proxy.ConfigApi.ConfigurationApiItemWrapper..ctor(ServerId serverId, String path) in D:\actions-runner\_work\XPCO\XPCO\MIP\PlatformPlugin\VideoOS.Platform\src\Proxy\ConfigApi\ConfigurationApiItemWrapper.cs:line 104&#xD;
   at VideoOS.Platform.ConfigurationItems.Factory.IsItemTypeSupported(ServerId serverId, String itemType) in D:\actions-runner\_work\XPCO\XPCO\MIP\PlatformPlugin\VideoOS.Platform\src\ConfigurationItems\Factory.cs:line 464&#xD;
MIP: Error: GetConfiguration (): CustomSetting not found for the given platformDefinitionId: e145597a-ecaf-40a1-99e6-14bb9d45a09e&#xD;
MIP: Error: ConfigurationApiItemWrapper (): ConfigAPI GetItem(): System.NotImplementedException, The method or operation is not implemented.&#xD;
MIP: Error: Factory.IsItemTypeSupported (): Exception source:      VideoOS.Platform.SDK.UnitTests&#xD;
Exception type:        System.NotImplementedException&#xD;
Exception message:     The method or operation is not implemented.&#xD;
Exception target site: GetItem&#xD;
   at VideoOS.Platform.SDKUnittest.EnvironmentTests.TestConfigurationClientService.GetItem(String path) in D:\actions-runner\_work\XPCO\XPCO\MIP\MIPSDK\tst\VideoOS.Platform.SDK.UnitTests\EnvironmentTests\TestsWithCorporateShimsBase.cs:line 227&#xD;
   at VideoOS.Platform.Proxy.ConfigApi.ConfigurationApiItemWrapper..ctor(ServerId serverId, String path) in D:\actions-runner\_work\XPCO\XPCO\MIP\PlatformPlugin\VideoOS.Platform\src\Proxy\ConfigApi\ConfigurationApiItemWrapper.cs:line 104&#xD;
   at VideoOS.Platform.ConfigurationItems.Factory.IsItemTypeSupported(ServerId serverId, String itemType) in D:\actions-runner\_work\XPCO\XPCO\MIP\PlatformPlugin\VideoOS.Platform\src\ConfigurationItems\Factory.cs:line 464&#xD;
&#xD;
Factory.IsItemTypeSupportedFactory.IsItemTypeSupported ()The method or operation is not implemented.   at VideoOS.Platform.SDKUnittest.EnvironmentTests.TestConfigurationClientService.GetItem(String path) in D:\actions-runner\_work\XPCO\XPCO\MIP\MIPSDK\tst\VideoOS.Platform.SDK.UnitTests\EnvironmentTests\TestsWithCorporateShimsBase.cs:line 227&#xD;
   at VideoOS.Platform.Proxy.ConfigApi.ConfigurationApiItemWrapper..ctor(ServerId serverId, String path) in D:\actions-runner\_work\XPCO\XPCO\MIP\PlatformPlugin\VideoOS.Platform\src\Proxy\ConfigApi\ConfigurationApiItemWrapper.cs:line 104&#xD;
   at VideoOS.Platform.ConfigurationItems.Factory.IsItemTypeSupported(ServerId serverId, String itemType) in D:\actions-runner\_work\XPCO\XPCO\MIP\PlatformPlugin\VideoOS.Platform\src\ConfigurationItems\Factory.cs:line 464&#xD;
MIP: Error: LoginServerOauth (): https://1.2.3.5:55/ManagementServer/ServerCommandServiceOAuth.svc The method or operation is not implemented.&#xD;
MIP: Error: ConfigurationApiItemWrapper (): ConfigAPI GetItem(): System.NotImplementedException, The method or operation is not implemented.&#xD;
MIP: Error: Factory.IsItemTypeSupported (): Exception source:      VideoOS.Platform.SDK.UnitTests&#xD;
Exception type:        System.NotImplementedException&#xD;
Exception message:     The method or operation is not implemented.&#xD;
Exception target site: GetItem&#xD;
   at VideoOS.Platform.SDKUnittest.EnvironmentTests.TestConfigurationClientService.GetItem(String path) in D:\actions-runner\_work\XPCO\XPCO\MIP\MIPSDK\tst\VideoOS.Platform.SDK.UnitTests\EnvironmentTests\TestsWithCorporateShimsBase.cs:line 227&#xD;
   at VideoOS.Platform.Proxy.ConfigApi.ConfigurationApiItemWrapper..ctor(ServerId serverId, String path) in D:\actions-runner\_work\XPCO\XPCO\MIP\PlatformPlugin\VideoOS.Platform\src\Proxy\ConfigApi\ConfigurationApiItemWrapper.cs:line 104&#xD;
   at VideoOS.Platform.ConfigurationItems.Factory.IsItemTypeSupported(ServerId serverId, String itemType) in D:\actions-runner\_work\XPCO\XPCO\MIP\PlatformPlugin\VideoOS.Platform\src\ConfigurationItems\Factory.cs:line 464&#xD;
&#xD;
Factory.IsItemTypeSupportedFactory.IsItemTypeSupported ()The method or operation is not implemented.   at VideoOS.Platform.SDKUnittest.EnvironmentTests.TestConfigurationClientService.GetItem(String path) in D:\actions-runner\_work\XPCO\XPCO\MIP\MIPSDK\tst\VideoOS.Platform.SDK.UnitTests\EnvironmentTests\TestsWithCorporateShimsBase.cs:line 227&#xD;
   at VideoOS.Platform.Proxy.ConfigApi.ConfigurationApiItemWrapper..ctor(ServerId serverId, String path) in D:\actions-runner\_work\XPCO\XPCO\MIP\PlatformPlugin\VideoOS.Platform\src\Proxy\ConfigApi\ConfigurationApiItemWrapper.cs:line 104&#xD;
   at VideoOS.Platform.ConfigurationItems.Factory.IsItemTypeSupported(ServerId serverId, String itemType) in D:\actions-runner\_work\XPCO\XPCO\MIP\PlatformPlugin\VideoOS.Platform\src\ConfigurationItems\Factory.cs:line 464&#xD;
MIP: Error: ConfigurationApiItemWrapper (): ConfigAPI GetItem(): System.NotImplementedException, The method or operation is not implemented.&#xD;
MIP: Error: Factory.IsItemTypeSupported (): Exception source:      VideoOS.Platform.SDK.UnitTests&#xD;
Exception type:        System.NotImplementedException&#xD;
Exception message:     The method or operation is not implemented.&#xD;
Exception target site: GetItem&#xD;
   at VideoOS.Platform.SDKUnittest.EnvironmentTests.TestConfigurationClientService.GetItem(String path) in D:\actions-runner\_work\XPCO\XPCO\MIP\MIPSDK\tst\VideoOS.Platform.SDK.UnitTests\EnvironmentTests\TestsWithCorporateShimsBase.cs:line 227&#xD;
   at VideoOS.Platform.Proxy.ConfigApi.ConfigurationApiItemWrapper..ctor(ServerId serverId, String path) in D:\actions-runner\_work\XPCO\XPCO\MIP\PlatformPlugin\VideoOS.Platform\src\Proxy\ConfigApi\ConfigurationApiItemWrapper.cs:line 104&#xD;
   at VideoOS.Platform.ConfigurationItems.Factory.IsItemTypeSupported(ServerId serverId, String itemType) in D:\actions-runner\_work\XPCO\XPCO\MIP\PlatformPlugin\VideoOS.Platform\src\ConfigurationItems\Factory.cs:line 464&#xD;
&#xD;
Factory.IsItemTypeSupportedFactory.IsItemTypeSupported ()The method or operation is not implemented.   at VideoOS.Platform.SDKUnittest.EnvironmentTests.TestConfigurationClientService.GetItem(String path) in D:\actions-runner\_work\XPCO\XPCO\MIP\MIPSDK\tst\VideoOS.Platform.SDK.UnitTests\EnvironmentTests\TestsWithCorporateShimsBase.cs:line 227&#xD;
   at VideoOS.Platform.Proxy.ConfigApi.ConfigurationApiItemWrapper..ctor(ServerId serverId, String path) in D:\actions-runner\_work\XPCO\XPCO\MIP\PlatformPlugin\VideoOS.Platform\src\Proxy\ConfigApi\ConfigurationApiItemWrapper.cs:line 104&#xD;
   at VideoOS.Platform.ConfigurationItems.Factory.IsItemTypeSupported(ServerId serverId, String itemType) in D:\actions-runner\_work\XPCO\XPCO\MIP\PlatformPlugin\VideoOS.Platform\src\ConfigurationItems\Factory.cs:line 464&#xD;
MIP: Error: LoginServerOauth (): https://1.2.3.5:55/ManagementServer/ServerCommandServiceOAuth.svc The method or operation is not implemented.&#xD;
MIP: Error: ConfigurationApiItemWrapper (): ConfigAPI GetItem(): System.NotImplementedException, The method or operation is not implemented.&#xD;
MIP: Error: Factory.IsItemTypeSupported (): Exception source:      VideoOS.Platform.SDK.UnitTests&#xD;
Exception type:        System.NotImplementedException&#xD;
Exception message:     The method or operation is not implemented.&#xD;
Exception target site: GetItem&#xD;
   at VideoOS.Platform.SDKUnittest.EnvironmentTests.TestConfigurationClientService.GetItem(String path) in D:\actions-runner\_work\XPCO\XPCO\MIP\MIPSDK\tst\VideoOS.Platform.SDK.UnitTests\EnvironmentTests\TestsWithCorporateShimsBase.cs:line 227&#xD;
   at VideoOS.Platform.Proxy.ConfigApi.ConfigurationApiItemWrapper..ctor(ServerId serverId, String path) in D:\actions-runner\_work\XPCO\XPCO\MIP\PlatformPlugin\VideoOS.Platform\src\Proxy\ConfigApi\ConfigurationApiItemWrapper.cs:line 104&#xD;
   at VideoOS.Platform.ConfigurationItems.Factory.IsItemTypeSupported(ServerId serverId, String itemType) in D:\actions-runner\_work\XPCO\XPCO\MIP\PlatformPlugin\VideoOS.Platform\src\ConfigurationItems\Factory.cs:line 464&#xD;
&#xD;
Factory.IsItemTypeSupportedFactory.IsItemTypeSupported ()The method or operation is not implemented.   at VideoOS.Platform.SDKUnittest.EnvironmentTests.TestConfigurationClientService.GetItem(String path) in D:\actions-runner\_work\XPCO\XPCO\MIP\MIPSDK\tst\VideoOS.Platform.SDK.UnitTests\EnvironmentTests\TestsWithCorporateShimsBase.cs:line 227&#xD;
   at VideoOS.Platform.Proxy.ConfigApi.ConfigurationApiItemWrapper..ctor(ServerId serverId, String path) in D:\actions-runner\_work\XPCO\XPCO\MIP\PlatformPlugin\VideoOS.Platform\src\Proxy\ConfigApi\ConfigurationApiItemWrapper.cs:line 104&#xD;
   at VideoOS.Platform.ConfigurationItems.Factory.IsItemTypeSupported(ServerId serverId, String itemType) in D:\actions-runner\_work\XPCO\XPCO\MIP\PlatformPlugin\VideoOS.Platform\src\ConfigurationItems\Factory.cs:line 464&#xD;
MIP: Error: GetConfiguration (): CustomSetting not found for the given platformDefinitionId: e145597a-ecaf-40a1-99e6-14bb9d45a09e&#xD;
MIP: Error: ConfigurationApiItemWrapper (): ConfigAPI GetItem(): System.NotImplementedException, The method or operation is not implemented.&#xD;
MIP: Error: Factory.IsItemTypeSupported (): Exception source:      VideoOS.Platform.SDK.UnitTests&#xD;
Exception type:        System.NotImplementedException&#xD;
Exception message:     The method or operation is not implemented.&#xD;
Exception target site: GetItem&#xD;
   at VideoOS.Platform.SDKUnittest.EnvironmentTests.TestConfigurationClientService.GetItem(String path) in D:\actions-runner\_work\XPCO\XPCO\MIP\MIPSDK\tst\VideoOS.Platform.SDK.UnitTests\EnvironmentTests\TestsWithCorporateShimsBase.cs:line 227&#xD;
   at VideoOS.Platform.Proxy.ConfigApi.ConfigurationApiItemWrapper..ctor(ServerId serverId, String path) in D:\actions-runner\_work\XPCO\XPCO\MIP\PlatformPlugin\VideoOS.Platform\src\Proxy\ConfigApi\ConfigurationApiItemWrapper.cs:line 104&#xD;
   at VideoOS.Platform.ConfigurationItems.Factory.IsItemTypeSupported(ServerId serverId, String itemType) in D:\actions-runner\_work\XPCO\XPCO\MIP\PlatformPlugin\VideoOS.Platform\src\ConfigurationItems\Factory.cs:line 464&#xD;
&#xD;
Factory.IsItemTypeSupportedFactory.IsItemTypeSupported ()The method or operation is not implemented.   at VideoOS.Platform.SDKUnittest.EnvironmentTests.TestConfigurationClientService.GetItem(String path) in D:\actions-runner\_work\XPCO\XPCO\MIP\MIPSDK\tst\VideoOS.Platform.SDK.UnitTests\EnvironmentTests\TestsWithCorporateShimsBase.cs:line 227&#xD;
   at VideoOS.Platform.Proxy.ConfigApi.ConfigurationApiItemWrapper..ctor(ServerId serverId, String path) in D:\actions-runner\_work\XPCO\XPCO\MIP\PlatformPlugin\VideoOS.Platform\src\Proxy\ConfigApi\ConfigurationApiItemWrapper.cs:line 104&#xD;
   at VideoOS.Platform.ConfigurationItems.Factory.IsItemTypeSupported(ServerId serverId, String itemType) in D:\actions-runner\_work\XPCO\XPCO\MIP\PlatformPlugin\VideoOS.Platform\src\ConfigurationItems\Factory.cs:line 464&#xD;
MIP: Error: LoginServerOauth (): https://1.2.3.5:55/ManagementServer/ServerCommandServiceOAuth.svc The method or operation is not implemented.&#xD;
MIP: Error: ConfigurationApiItemWrapper (): ConfigAPI GetItem(): System.NotImplementedException, The method or operation is not implemented.&#xD;
MIP: Error: Factory.IsItemTypeSupported (): Exception source:      VideoOS.Platform.SDK.UnitTests&#xD;
Exception type:        System.NotImplementedException&#xD;
Exception message:     The method or operation is not implemented.&#xD;
Exception target site: GetItem&#xD;
   at VideoOS.Platform.SDKUnittest.EnvironmentTests.TestConfigurationClientService.GetItem(String path) in D:\actions-runner\_work\XPCO\XPCO\MIP\MIPSDK\tst\VideoOS.Platform.SDK.UnitTests\EnvironmentTests\TestsWithCorporateShimsBase.cs:line 227&#xD;
   at VideoOS.Platform.Proxy.ConfigApi.ConfigurationApiItemWrapper..ctor(ServerId serverId, String path) in D:\actions-runner\_work\XPCO\XPCO\MIP\PlatformPlugin\VideoOS.Platform\src\Proxy\ConfigApi\ConfigurationApiItemWrapper.cs:line 104&#xD;
   at VideoOS.Platform.ConfigurationItems.Factory.IsItemTypeSupported(ServerId serverId, String itemType) in D:\actions-runner\_work\XPCO\XPCO\MIP\PlatformPlugin\VideoOS.Platform\src\ConfigurationItems\Factory.cs:line 464&#xD;
&#xD;
Factory.IsItemTypeSupportedFactory.IsItemTypeSupported ()The method or operation is not implemented.   at VideoOS.Platform.SDKUnittest.EnvironmentTests.TestConfigurationClientService.GetItem(String path) in D:\actions-runner\_work\XPCO\XPCO\MIP\MIPSDK\tst\VideoOS.Platform.SDK.UnitTests\EnvironmentTests\TestsWithCorporateShimsBase.cs:line 227&#xD;
   at VideoOS.Platform.Proxy.ConfigApi.ConfigurationApiItemWrapper..ctor(ServerId serverId, String path) in D:\actions-runner\_work\XPCO\XPCO\MIP\PlatformPlugin\VideoOS.Platform\src\Proxy\ConfigApi\ConfigurationApiItemWrapper.cs:line 104&#xD;
   at VideoOS.Platform.ConfigurationItems.Factory.IsItemTypeSupported(ServerId serverId, String itemType) in D:\actions-runner\_work\XPCO\XPCO\MIP\PlatformPlugin\VideoOS.Platform\src\ConfigurationItems\Factory.cs:line 464&#xD;
MIP: Error: GetConfiguration (): CustomSetting not found for the given platformDefinitionId: e145597a-ecaf-40a1-99e6-14bb9d45a09e&#xD;
MIP: Error: ConfigurationApiItemWrapper (): ConfigAPI GetItem(): System.NotImplementedException, The method or operation is not implemented.&#xD;
MIP: Error: Factory.IsItemTypeSupported (): Exception source:      VideoOS.Platform.SDK.UnitTests&#xD;
Exception type:        System.NotImplementedException&#xD;
Exception message:     The method or operation is not implemented.&#xD;
Exception target site: GetItem&#xD;
   at VideoOS.Platform.SDKUnittest.EnvironmentTests.TestConfigurationClientService.GetItem(String path) in D:\actions-runner\_work\XPCO\XPCO\MIP\MIPSDK\tst\VideoOS.Platform.SDK.UnitTests\EnvironmentTests\TestsWithCorporateShimsBase.cs:line 227&#xD;
   at VideoOS.Platform.Proxy.ConfigApi.ConfigurationApiItemWrapper..ctor(ServerId serverId, String path) in D:\actions-runner\_work\XPCO\XPCO\MIP\PlatformPlugin\VideoOS.Platform\src\Proxy\ConfigApi\ConfigurationApiItemWrapper.cs:line 104&#xD;
   at VideoOS.Platform.ConfigurationItems.Factory.IsItemTypeSupported(ServerId serverId, String itemType) in D:\actions-runner\_work\XPCO\XPCO\MIP\PlatformPlugin\VideoOS.Platform\src\ConfigurationItems\Factory.cs:line 464&#xD;
&#xD;
Factory.IsItemTypeSupportedFactory.IsItemTypeSupported ()The method or operation is not implemented.   at VideoOS.Platform.SDKUnittest.EnvironmentTests.TestConfigurationClientService.GetItem(String path) in D:\actions-runner\_work\XPCO\XPCO\MIP\MIPSDK\tst\VideoOS.Platform.SDK.UnitTests\EnvironmentTests\TestsWithCorporateShimsBase.cs:line 227&#xD;
   at VideoOS.Platform.Proxy.ConfigApi.ConfigurationApiItemWrapper..ctor(ServerId serverId, String path) in D:\actions-runner\_work\XPCO\XPCO\MIP\PlatformPlugin\VideoOS.Platform\src\Proxy\ConfigApi\ConfigurationApiItemWrapper.cs:line 104&#xD;
   at VideoOS.Platform.ConfigurationItems.Factory.IsItemTypeSupported(ServerId serverId, String itemType) in D:\actions-runner\_work\XPCO\XPCO\MIP\PlatformPlugin\VideoOS.Platform\src\ConfigurationItems\Factory.cs:line 464&#xD;
MIP: Error: LoginServerOauth (): https://1.2.3.5:55/ManagementServer/ServerCommandServiceOAuth.svc The method or operation is not implemented.&#xD;
MIP: Error: ConfigurationApiItemWrapper (): ConfigAPI GetItem(): System.NotImplementedException, The method or operation is not implemented.&#xD;
MIP: Error: Factory.IsItemTypeSupported (): Exception source:      VideoOS.Platform.SDK.UnitTests&#xD;
Exception type:        System.NotImplementedException&#xD;
Exception message:     The method or operation is not implemented.&#xD;
Exception target site: GetItem&#xD;
   at VideoOS.Platform.SDKUnittest.EnvironmentTests.TestConfigurationClientService.GetItem(String path) in D:\actions-runner\_work\XPCO\XPCO\MIP\MIPSDK\tst\VideoOS.Platform.SDK.UnitTests\EnvironmentTests\TestsWithCorporateShimsBase.cs:line 227&#xD;
   at VideoOS.Platform.Proxy.ConfigApi.ConfigurationApiItemWrapper..ctor(ServerId serverId, String path) in D:\actions-runner\_work\XPCO\XPCO\MIP\PlatformPlugin\VideoOS.Platform\src\Proxy\ConfigApi\ConfigurationApiItemWrapper.cs:line 104&#xD;
   at VideoOS.Platform.ConfigurationItems.Factory.IsItemTypeSupported(ServerId serverId, String itemType) in D:\actions-runner\_work\XPCO\XPCO\MIP\PlatformPlugin\VideoOS.Platform\src\ConfigurationItems\Factory.cs:line 464&#xD;
&#xD;
Factory.IsItemTypeSupportedFactory.IsItemTypeSupported ()The method or operation is not implemented.   at VideoOS.Platform.SDKUnittest.EnvironmentTests.TestConfigurationClientService.GetItem(String path) in D:\actions-runner\_work\XPCO\XPCO\MIP\MIPSDK\tst\VideoOS.Platform.SDK.UnitTests\EnvironmentTests\TestsWithCorporateShimsBase.cs:line 227&#xD;
   at VideoOS.Platform.Proxy.ConfigApi.ConfigurationApiItemWrapper..ctor(ServerId serverId, String path) in D:\actions-runner\_work\XPCO\XPCO\MIP\PlatformPlugin\VideoOS.Platform\src\Proxy\ConfigApi\ConfigurationApiItemWrapper.cs:line 104&#xD;
   at VideoOS.Platform.ConfigurationItems.Factory.IsItemTypeSupported(ServerId serverId, String itemType) in D:\actions-runner\_work\XPCO\XPCO\MIP\PlatformPlugin\VideoOS.Platform\src\ConfigurationItems\Factory.cs:line 464&#xD;
MIP: Error: GetConfiguration (): CustomSetting not found for the given platformDefinitionId: e145597a-ecaf-40a1-99e6-14bb9d45a09e&#xD;
MIP: Error: ConfigurationApiItemWrapper (): ConfigAPI GetItem(): System.NotImplementedException, The method or operation is not implemented.&#xD;
MIP: Error: Factory.IsItemTypeSupported (): Exception source:      VideoOS.Platform.SDK.UnitTests&#xD;
Exception type:        System.NotImplementedException&#xD;
Exception message:     The method or operation is not implemented.&#xD;
Exception target site: GetItem&#xD;
   at VideoOS.Platform.SDKUnittest.EnvironmentTests.TestConfigurationClientService.GetItem(String path) in D:\actions-runner\_work\XPCO\XPCO\MIP\MIPSDK\tst\VideoOS.Platform.SDK.UnitTests\EnvironmentTests\TestsWithCorporateShimsBase.cs:line 227&#xD;
   at VideoOS.Platform.Proxy.ConfigApi.ConfigurationApiItemWrapper..ctor(ServerId serverId, String path) in D:\actions-runner\_work\XPCO\XPCO\MIP\PlatformPlugin\VideoOS.Platform\src\Proxy\ConfigApi\ConfigurationApiItemWrapper.cs:line 104&#xD;
   at VideoOS.Platform.ConfigurationItems.Factory.IsItemTypeSupported(ServerId serverId, String itemType) in D:\actions-runner\_work\XPCO\XPCO\MIP\PlatformPlugin\VideoOS.Platform\src\ConfigurationItems\Factory.cs:line 464&#xD;
&#xD;
Factory.IsItemTypeSupportedFactory.IsItemTypeSupported ()The method or operation is not implemented.   at VideoOS.Platform.SDKUnittest.EnvironmentTests.TestConfigurationClientService.GetItem(String path) in D:\actions-runner\_work\XPCO\XPCO\MIP\MIPSDK\tst\VideoOS.Platform.SDK.UnitTests\EnvironmentTests\TestsWithCorporateShimsBase.cs:line 227&#xD;
   at VideoOS.Platform.Proxy.ConfigApi.ConfigurationApiItemWrapper..ctor(ServerId serverId, String path) in D:\actions-runner\_work\XPCO\XPCO\MIP\PlatformPlugin\VideoOS.Platform\src\Proxy\ConfigApi\ConfigurationApiItemWrapper.cs:line 104&#xD;
   at VideoOS.Platform.ConfigurationItems.Factory.IsItemTypeSupported(ServerId serverId, String itemType) in D:\actions-runner\_work\XPCO\XPCO\MIP\PlatformPlugin\VideoOS.Platform\src\ConfigurationItems\Factory.cs:line 464&#xD;
MIP: Error: LoginServerOauth (): https://1.2.3.5:55/ManagementServer/ServerCommandServiceOAuth.svc The method or operation is not implemented.&#xD;
MIP: Error: ConfigurationApiItemWrapper (): ConfigAPI GetItem(): System.NotImplementedException, The method or operation is not implemented.&#xD;
MIP: Error: Factory.IsItemTypeSupported (): Exception source:      VideoOS.Platform.SDK.UnitTests&#xD;
Exception type:        System.NotImplementedException&#xD;
Exception message:     The method or operation is not implemented.&#xD;
Exception target site: GetItem&#xD;
   at VideoOS.Platform.SDKUnittest.EnvironmentTests.TestConfigurationClientService.GetItem(String path) in D:\actions-runner\_work\XPCO\XPCO\MIP\MIPSDK\tst\VideoOS.Platform.SDK.UnitTests\EnvironmentTests\TestsWithCorporateShimsBase.cs:line 227&#xD;
   at VideoOS.Platform.Proxy.ConfigApi.ConfigurationApiItemWrapper..ctor(ServerId serverId, String path) in D:\actions-runner\_work\XPCO\XPCO\MIP\PlatformPlugin\VideoOS.Platform\src\Proxy\ConfigApi\ConfigurationApiItemWrapper.cs:line 104&#xD;
   at VideoOS.Platform.ConfigurationItems.Factory.IsItemTypeSupported(ServerId serverId, String itemType) in D:\actions-runner\_work\XPCO\XPCO\MIP\PlatformPlugin\VideoOS.Platform\src\ConfigurationItems\Factory.cs:line 464&#xD;
&#xD;
Factory.IsItemTypeSupportedFactory.IsItemTypeSupported ()The method or operation is not implemented.   at VideoOS.Platform.SDKUnittest.EnvironmentTests.TestConfigurationClientService.GetItem(String path) in D:\actions-runner\_work\XPCO\XPCO\MIP\MIPSDK\tst\VideoOS.Platform.SDK.UnitTests\EnvironmentTests\TestsWithCorporateShimsBase.cs:line 227&#xD;
   at VideoOS.Platform.Proxy.ConfigApi.ConfigurationApiItemWrapper..ctor(ServerId serverId, String path) in D:\actions-runner\_work\XPCO\XPCO\MIP\PlatformPlugin\VideoOS.Platform\src\Proxy\ConfigApi\ConfigurationApiItemWrapper.cs:line 104&#xD;
   at VideoOS.Platform.ConfigurationItems.Factory.IsItemTypeSupported(ServerId serverId, String itemType) in D:\actions-runner\_work\XPCO\XPCO\MIP\PlatformPlugin\VideoOS.Platform\src\ConfigurationItems\Factory.cs:line 464&#xD;
MIP: Error: ConfigurationApiItemWrapper (): ConfigAPI GetItem(): System.NotImplementedException, The method or operation is not implemented.&#xD;
MIP: Error: Factory.IsItemTypeSupported (): Exception source:      VideoOS.Platform.SDK.UnitTests&#xD;
Exception type:        System.NotImplementedException&#xD;
Exception message:     The method or operation is not implemented.&#xD;
Exception target site: GetItem&#xD;
   at VideoOS.Platform.SDKUnittest.EnvironmentTests.TestConfigurationClientService.GetItem(String path) in D:\actions-runner\_work\XPCO\XPCO\MIP\MIPSDK\tst\VideoOS.Platform.SDK.UnitTests\EnvironmentTests\TestsWithCorporateShimsBase.cs:line 227&#xD;
   at VideoOS.Platform.Proxy.ConfigApi.ConfigurationApiItemWrapper..ctor(ServerId serverId, String path) in D:\actions-runner\_work\XPCO\XPCO\MIP\PlatformPlugin\VideoOS.Platform\src\Proxy\ConfigApi\ConfigurationApiItemWrapper.cs:line 104&#xD;
   at VideoOS.Platform.ConfigurationItems.Factory.IsItemTypeSupported(ServerId serverId, String itemType) in D:\actions-runner\_work\XPCO\XPCO\MIP\PlatformPlugin\VideoOS.Platform\src\ConfigurationItems\Factory.cs:line 464&#xD;
&#xD;
Factory.IsItemTypeSupportedFactory.IsItemTypeSupported ()The method or operation is not implemented.   at VideoOS.Platform.SDKUnittest.EnvironmentTests.TestConfigurationClientService.GetItem(String path) in D:\actions-runner\_work\XPCO\XPCO\MIP\MIPSDK\tst\VideoOS.Platform.SDK.UnitTests\EnvironmentTests\TestsWithCorporateShimsBase.cs:line 227&#xD;
   at VideoOS.Platform.Proxy.ConfigApi.ConfigurationApiItemWrapper..ctor(ServerId serverId, String path) in D:\actions-runner\_work\XPCO\XPCO\MIP\PlatformPlugin\VideoOS.Platform\src\Proxy\ConfigApi\ConfigurationApiItemWrapper.cs:line 104&#xD;
   at VideoOS.Platform.ConfigurationItems.Factory.IsItemTypeSupported(ServerId serverId, String itemType) in D:\actions-runner\_work\XPCO\XPCO\MIP\PlatformPlugin\VideoOS.Platform\src\ConfigurationItems\Factory.cs:line 464&#xD;
MIP: Error: LoginServerOauth (): https://1.2.3.5:55/ManagementServer/ServerCommandServiceOAuth.svc The method or operation is not implemented.&#xD;
MIP: Error: ConfigurationApiItemWrapper (): ConfigAPI GetItem(): System.NotImplementedException, The method or operation is not implemented.&#xD;
MIP: Error: Factory.IsItemTypeSupported (): Exception source:      VideoOS.Platform.SDK.UnitTests&#xD;
Exception type:        System.NotImplementedException&#xD;
Exception message:     The method or operation is not implemented.&#xD;
Exception target site: GetItem&#xD;
   at VideoOS.Platform.SDKUnittest.EnvironmentTests.TestConfigurationClientService.GetItem(String path) in D:\actions-runner\_work\XPCO\XPCO\MIP\MIPSDK\tst\VideoOS.Platform.SDK.UnitTests\EnvironmentTests\TestsWithCorporateShimsBase.cs:line 227&#xD;
   at VideoOS.Platform.Proxy.ConfigApi.ConfigurationApiItemWrapper..ctor(ServerId serverId, String path) in D:\actions-runner\_work\XPCO\XPCO\MIP\PlatformPlugin\VideoOS.Platform\src\Proxy\ConfigApi\ConfigurationApiItemWrapper.cs:line 104&#xD;
   at VideoOS.Platform.ConfigurationItems.Factory.IsItemTypeSupported(ServerId serverId, String itemType) in D:\actions-runner\_work\XPCO\XPCO\MIP\PlatformPlugin\VideoOS.Platform\src\ConfigurationItems\Factory.cs:line 464&#xD;
&#xD;
Factory.IsItemTypeSupportedFactory.IsItemTypeSupported ()The method or operation is not implemented.   at VideoOS.Platform.SDKUnittest.EnvironmentTests.TestConfigurationClientService.GetItem(String path) in D:\actions-runner\_work\XPCO\XPCO\MIP\MIPSDK\tst\VideoOS.Platform.SDK.UnitTests\EnvironmentTests\TestsWithCorporateShimsBase.cs:line 227&#xD;
   at VideoOS.Platform.Proxy.ConfigApi.ConfigurationApiItemWrapper..ctor(ServerId serverId, String path) in D:\actions-runner\_work\XPCO\XPCO\MIP\PlatformPlugin\VideoOS.Platform\src\Proxy\ConfigApi\ConfigurationApiItemWrapper.cs:line 104&#xD;
   at VideoOS.Platform.ConfigurationItems.Factory.IsItemTypeSupported(ServerId serverId, String itemType) in D:\actions-runner\_work\XPCO\XPCO\MIP\PlatformPlugin\VideoOS.Platform\src\ConfigurationItems\Factory.cs:line 464&#xD;
MIP: Error: GetConfiguration (): CustomSetting not found for the given platformDefinitionId: e145597a-ecaf-40a1-99e6-14bb9d45a09e&#xD;
MIP: Error: ConfigurationApiItemWrapper (): ConfigAPI GetItem(): System.NotImplementedException, The method or operation is not implemented.&#xD;
MIP: Error: Factory.IsItemTypeSupported (): Exception source:      VideoOS.Platform.SDK.UnitTests&#xD;
Exception type:        System.NotImplementedException&#xD;
Exception message:     The method or operation is not implemented.&#xD;
Exception target site: GetItem&#xD;
   at VideoOS.Platform.SDKUnittest.EnvironmentTests.TestConfigurationClientService.GetItem(String path) in D:\actions-runner\_work\XPCO\XPCO\MIP\MIPSDK\tst\VideoOS.Platform.SDK.UnitTests\EnvironmentTests\TestsWithCorporateShimsBase.cs:line 227&#xD;
   at VideoOS.Platform.Proxy.ConfigApi.ConfigurationApiItemWrapper..ctor(ServerId serverId, String path) in D:\actions-runner\_work\XPCO\XPCO\MIP\PlatformPlugin\VideoOS.Platform\src\Proxy\ConfigApi\ConfigurationApiItemWrapper.cs:line 104&#xD;
   at VideoOS.Platform.ConfigurationItems.Factory.IsItemTypeSupported(ServerId serverId, String itemType) in D:\actions-runner\_work\XPCO\XPCO\MIP\PlatformPlugin\VideoOS.Platform\src\ConfigurationItems\Factory.cs:line 464&#xD;
&#xD;
Factory.IsItemTypeSupportedFactory.IsItemTypeSupported ()The method or operation is not implemented.   at VideoOS.Platform.SDKUnittest.EnvironmentTests.TestConfigurationClientService.GetItem(String path) in D:\actions-runner\_work\XPCO\XPCO\MIP\MIPSDK\tst\VideoOS.Platform.SDK.UnitTests\EnvironmentTests\TestsWithCorporateShimsBase.cs:line 227&#xD;
   at VideoOS.Platform.Proxy.ConfigApi.ConfigurationApiItemWrapper..ctor(ServerId serverId, String path) in D:\actions-runner\_work\XPCO\XPCO\MIP\PlatformPlugin\VideoOS.Platform\src\Proxy\ConfigApi\ConfigurationApiItemWrapper.cs:line 104&#xD;
   at VideoOS.Platform.ConfigurationItems.Factory.IsItemTypeSupported(ServerId serverId, String itemType) in D:\actions-runner\_work\XPCO\XPCO\MIP\PlatformPlugin\VideoOS.Platform\src\ConfigurationItems\Factory.cs:line 464&#xD;
MIP: Error: LoginServerOauth (): https://1.2.3.5:55/ManagementServer/ServerCommandServiceOAuth.svc The method or operation is not implemented.&#xD;
MIP: Error: ConfigurationApiItemWrapper (): ConfigAPI GetItem(): System.NotImplementedException, The method or operation is not implemented.&#xD;
MIP: Error: Factory.IsItemTypeSupported (): Exception source:      VideoOS.Platform.SDK.UnitTests&#xD;
Exception type:        System.NotImplementedException&#xD;
Exception message:     The method or operation is not implemented.&#xD;
Exception target site: GetItem&#xD;
   at VideoOS.Platform.SDKUnittest.EnvironmentTests.TestConfigurationClientService.GetItem(String path) in D:\actions-runner\_work\XPCO\XPCO\MIP\MIPSDK\tst\VideoOS.Platform.SDK.UnitTests\EnvironmentTests\TestsWithCorporateShimsBase.cs:line 227&#xD;
   at VideoOS.Platform.Proxy.ConfigApi.ConfigurationApiItemWrapper..ctor(ServerId serverId, String path) in D:\actions-runner\_work\XPCO\XPCO\MIP\PlatformPlugin\VideoOS.Platform\src\Proxy\ConfigApi\ConfigurationApiItemWrapper.cs:line 104&#xD;
   at VideoOS.Platform.ConfigurationItems.Factory.IsItemTypeSupported(ServerId serverId, String itemType) in D:\actions-runner\_work\XPCO\XPCO\MIP\PlatformPlugin\VideoOS.Platform\src\ConfigurationItems\Factory.cs:line 464&#xD;
&#xD;
Factory.IsItemTypeSupportedFactory.IsItemTypeSupported ()The method or operation is not implemented.   at VideoOS.Platform.SDKUnittest.EnvironmentTests.TestConfigurationClientService.GetItem(String path) in D:\actions-runner\_work\XPCO\XPCO\MIP\MIPSDK\tst\VideoOS.Platform.SDK.UnitTests\EnvironmentTests\TestsWithCorporateShimsBase.cs:line 227&#xD;
   at VideoOS.Platform.Proxy.ConfigApi.ConfigurationApiItemWrapper..ctor(ServerId serverId, String path) in D:\actions-runner\_work\XPCO\XPCO\MIP\PlatformPlugin\VideoOS.Platform\src\Proxy\ConfigApi\ConfigurationApiItemWrapper.cs:line 104&#xD;
   at VideoOS.Platform.ConfigurationItems.Factory.IsItemTypeSupported(ServerId serverId, String itemType) in D:\actions-runner\_work\XPCO\XPCO\MIP\PlatformPlugin\VideoOS.Platform\src\ConfigurationItems\Factory.cs:line 464&#xD;
MIP: Error: ConfigurationApiItemWrapper (): ConfigAPI GetItem(): System.NotImplementedException, The method or operation is not implemented.&#xD;
MIP: Error: Factory.IsItemTypeSupported (): Exception source:      VideoOS.Platform.SDK.UnitTests&#xD;
Exception type:        System.NotImplementedException&#xD;
Exception message:     The method or operation is not implemented.&#xD;
Exception target site: GetItem&#xD;
   at VideoOS.Platform.SDKUnittest.EnvironmentTests.TestConfigurationClientService.GetItem(String path) in D:\actions-runner\_work\XPCO\XPCO\MIP\MIPSDK\tst\VideoOS.Platform.SDK.UnitTests\EnvironmentTests\TestsWithCorporateShimsBase.cs:line 227&#xD;
   at VideoOS.Platform.Proxy.ConfigApi.ConfigurationApiItemWrapper..ctor(ServerId serverId, String path) in D:\actions-runner\_work\XPCO\XPCO\MIP\PlatformPlugin\VideoOS.Platform\src\Proxy\ConfigApi\ConfigurationApiItemWrapper.cs:line 104&#xD;
   at VideoOS.Platform.ConfigurationItems.Factory.IsItemTypeSupported(ServerId serverId, String itemType) in D:\actions-runner\_work\XPCO\XPCO\MIP\PlatformPlugin\VideoOS.Platform\src\ConfigurationItems\Factory.cs:line 464&#xD;
&#xD;
Factory.IsItemTypeSupportedFactory.IsItemTypeSupported ()The method or operation is not implemented.   at VideoOS.Platform.SDKUnittest.EnvironmentTests.TestConfigurationClientService.GetItem(String path) in D:\actions-runner\_work\XPCO\XPCO\MIP\MIPSDK\tst\VideoOS.Platform.SDK.UnitTests\EnvironmentTests\TestsWithCorporateShimsBase.cs:line 227&#xD;
   at VideoOS.Platform.Proxy.ConfigApi.ConfigurationApiItemWrapper..ctor(ServerId serverId, String path) in D:\actions-runner\_work\XPCO\XPCO\MIP\PlatformPlugin\VideoOS.Platform\src\Proxy\ConfigApi\ConfigurationApiItemWrapper.cs:line 104&#xD;
   at VideoOS.Platform.ConfigurationItems.Factory.IsItemTypeSupported(ServerId serverId, String itemType) in D:\actions-runner\_work\XPCO\XPCO\MIP\PlatformPlugin\VideoOS.Platform\src\ConfigurationItems\Factory.cs:line 464&#xD;
MIP: Error: ConfigurationApiItemWrapper (): ConfigAPI GetItem(): System.NotImplementedException, The method or operation is not implemented.&#xD;
MIP: Error: Factory.IsItemTypeSupported (): Exception source:      VideoOS.Platform.SDK.UnitTests&#xD;
Exception type:        System.NotImplementedException&#xD;
Exception message:     The method or operation is not implemented.&#xD;
Exception target site: GetItem&#xD;
   at VideoOS.Platform.SDKUnittest.EnvironmentTests.TestConfigurationClientService.GetItem(String path) in D:\actions-runner\_work\XPCO\XPCO\MIP\MIPSDK\tst\VideoOS.Platform.SDK.UnitTests\EnvironmentTests\TestsWithCorporateShimsBase.cs:line 227&#xD;
   at VideoOS.Platform.Proxy.ConfigApi.ConfigurationApiItemWrapper..ctor(ServerId serverId, String path) in D:\actions-runner\_work\XPCO\XPCO\MIP\PlatformPlugin\VideoOS.Platform\src\Proxy\ConfigApi\ConfigurationApiItemWrapper.cs:line 104&#xD;
   at VideoOS.Platform.ConfigurationItems.Factory.IsItemTypeSupported(ServerId serverId, String itemType) in D:\actions-runner\_work\XPCO\XPCO\MIP\PlatformPlugin\VideoOS.Platform\src\ConfigurationItems\Factory.cs:line 464&#xD;
&#xD;
Factory.IsItemTypeSupportedFactory.IsItemTypeSupported ()The method or operation is not implemented.   at VideoOS.Platform.SDKUnittest.EnvironmentTests.TestConfigurationClientService.GetItem(String path) in D:\actions-runner\_work\XPCO\XPCO\MIP\MIPSDK\tst\VideoOS.Platform.SDK.UnitTests\EnvironmentTests\TestsWithCorporateShimsBase.cs:line 227&#xD;
   at VideoOS.Platform.Proxy.ConfigApi.ConfigurationApiItemWrapper..ctor(ServerId serverId, String path) in D:\actions-runner\_work\XPCO\XPCO\MIP\PlatformPlugin\VideoOS.Platform\src\Proxy\ConfigApi\ConfigurationApiItemWrapper.cs:line 104&#xD;
   at VideoOS.Platform.ConfigurationItems.Factory.IsItemTypeSupported(ServerId serverId, String itemType) in D:\actions-runner\_work\XPCO\XPCO\MIP\PlatformPlugin\VideoOS.Platform\src\ConfigurationItems\Factory.cs:line 464&#xD;
MIP: Error: ConfigurationApiItemWrapper (): ConfigAPI GetItem(): System.NotImplementedException, The method or operation is not implemented.&#xD;
MIP: Error: Factory.IsItemTypeSupported (): Exception source:      VideoOS.Platform.SDK.UnitTests&#xD;
Exception type:        System.NotImplementedException&#xD;
Exception message:     The method or operation is not implemented.&#xD;
Exception target site: GetItem&#xD;
   at VideoOS.Platform.SDKUnittest.EnvironmentTests.TestConfigurationClientService.GetItem(String path) in D:\actions-runner\_work\XPCO\XPCO\MIP\MIPSDK\tst\VideoOS.Platform.SDK.UnitTests\EnvironmentTests\TestsWithCorporateShimsBase.cs:line 227&#xD;
   at VideoOS.Platform.Proxy.ConfigApi.ConfigurationApiItemWrapper..ctor(ServerId serverId, String path) in D:\actions-runner\_work\XPCO\XPCO\MIP\PlatformPlugin\VideoOS.Platform\src\Proxy\ConfigApi\ConfigurationApiItemWrapper.cs:line 104&#xD;
   at VideoOS.Platform.ConfigurationItems.Factory.IsItemTypeSupported(ServerId serverId, String itemType) in D:\actions-runner\_work\XPCO\XPCO\MIP\PlatformPlugin\VideoOS.Platform\src\ConfigurationItems\Factory.cs:line 464&#xD;
&#xD;
Factory.IsItemTypeSupportedFactory.IsItemTypeSupported ()The method or operation is not implemented.   at VideoOS.Platform.SDKUnittest.EnvironmentTests.TestConfigurationClientService.GetItem(String path) in D:\actions-runner\_work\XPCO\XPCO\MIP\MIPSDK\tst\VideoOS.Platform.SDK.UnitTests\EnvironmentTests\TestsWithCorporateShimsBase.cs:line 227&#xD;
   at VideoOS.Platform.Proxy.ConfigApi.ConfigurationApiItemWrapper..ctor(ServerId serverId, String path) in D:\actions-runner\_work\XPCO\XPCO\MIP\PlatformPlugin\VideoOS.Platform\src\Proxy\ConfigApi\ConfigurationApiItemWrapper.cs:line 104&#xD;
   at VideoOS.Platform.ConfigurationItems.Factory.IsItemTypeSupported(ServerId serverId, String itemType) in D:\actions-runner\_work\XPCO\XPCO\MIP\PlatformPlugin\VideoOS.Platform\src\ConfigurationItems\Factory.cs:line 464&#xD;
MIP: Error: ConfigurationApiItemWrapper (): ConfigAPI GetItem(): System.NotImplementedException, The method or operation is not implemented.&#xD;
MIP: Error: Factory.IsItemTypeSupported (): Exception source:      VideoOS.Platform.SDK.UnitTests&#xD;
Exception type:        System.NotImplementedException&#xD;
Exception message:     The method or operation is not implemented.&#xD;
Exception target site: GetItem&#xD;
   at VideoOS.Platform.SDKUnittest.EnvironmentTests.TestConfigurationClientService.GetItem(String path) in D:\actions-runner\_work\XPCO\XPCO\MIP\MIPSDK\tst\VideoOS.Platform.SDK.UnitTests\EnvironmentTests\TestsWithCorporateShimsBase.cs:line 227&#xD;
   at VideoOS.Platform.Proxy.ConfigApi.ConfigurationApiItemWrapper..ctor(ServerId serverId, String path) in D:\actions-runner\_work\XPCO\XPCO\MIP\PlatformPlugin\VideoOS.Platform\src\Proxy\ConfigApi\ConfigurationApiItemWrapper.cs:line 104&#xD;
   at VideoOS.Platform.ConfigurationItems.Factory.IsItemTypeSupported(ServerId serverId, String itemType) in D:\actions-runner\_work\XPCO\XPCO\MIP\PlatformPlugin\VideoOS.Platform\src\ConfigurationItems\Factory.cs:line 464&#xD;
&#xD;
Factory.IsItemTypeSupportedFactory.IsItemTypeSupported ()The method or operation is not implemented.   at VideoOS.Platform.SDKUnittest.EnvironmentTests.TestConfigurationClientService.GetItem(String path) in D:\actions-runner\_work\XPCO\XPCO\MIP\MIPSDK\tst\VideoOS.Platform.SDK.UnitTests\EnvironmentTests\TestsWithCorporateShimsBase.cs:line 227&#xD;
   at VideoOS.Platform.Proxy.ConfigApi.ConfigurationApiItemWrapper..ctor(ServerId serverId, String path) in D:\actions-runner\_work\XPCO\XPCO\MIP\PlatformPlugin\VideoOS.Platform\src\Proxy\ConfigApi\ConfigurationApiItemWrapper.cs:line 104&#xD;
   at VideoOS.Platform.ConfigurationItems.Factory.IsItemTypeSupported(ServerId serverId, String itemType) in D:\actions-runner\_work\XPCO\XPCO\MIP\PlatformPlugin\VideoOS.Platform\src\ConfigurationItems\Factory.cs:line 464</StdOut>
      </Output>
    </UnitTestResult>
    <UnitTestResult executionId="49e452d8-85c6-4fa2-80f2-948445976a87" testId="3795da59-268b-cf4c-19da-1cfedc7c684a" testName="IgnoreCaseCompareOk" computerName="DKSR-EFI-04" duration="00:00:00.0043923" startTime="2023-12-22T09:36:54.8782986+01:00" endTime="2023-12-22T09:36:54.8830613+01:00" testType="13cdc9d9-ddb5-4fa4-a97d-d965ccfc6d4b" outcome="Passed" testListId="8c84fa94-04c1-424b-9868-57a2d4851a1d" relativeResultsDirectory="49e452d8-85c6-4fa2-80f2-948445976a87" />
    <UnitTestResult executionId="6d6f9655-51ce-4ec5-b160-50c3e3b9cb2a" testId="d0433bb2-5994-e95a-66cb-00cffc215684" testName="TryCreateParentUri_WhenNoUrlKeyPresent_ReturnsNull" computerName="DKSR-EFI-04" duration="00:00:00.0006017" startTime="2023-12-22T09:36:54.6961765+01:00" endTime="2023-12-22T09:36:54.6969824+01:00" testType="13cdc9d9-ddb5-4fa4-a97d-d965ccfc6d4b" outcome="Passed" testListId="8c84fa94-04c1-424b-9868-57a2d4851a1d" relativeResultsDirectory="6d6f9655-51ce-4ec5-b160-50c3e3b9cb2a" />
    <UnitTestResult executionId="db7dd083-b607-4977-ae62-0a95ca8d6a25" testId="6906b320-58cc-fbbb-8560-616a393b863e" testName="Initialize_ShouldReturnTrue_WhenARecordingDeviceIsAvailable" computerName="DKSR-EFI-04" duration="00:00:00.0077826" startTime="2023-12-22T09:37:15.9443302+01:00" endTime="2023-12-22T09:37:15.9523082+01:00" testType="13cdc9d9-ddb5-4fa4-a97d-d965ccfc6d4b" outcome="Passed" testListId="8c84fa94-04c1-424b-9868-57a2d4851a1d" relativeResultsDirectory="db7dd083-b607-4977-ae62-0a95ca8d6a25" />
    <UnitTestResult executionId="f18d0c57-a2e2-41c0-abe0-0481dcf86e52" testId="170542a8-dc94-1eae-8e61-7f4921b86749" testName="Remove_Correct" computerName="DKSR-EFI-04" duration="00:00:00.0012919" startTime="2023-12-22T09:36:54.9656060+01:00" endTime="2023-12-22T09:36:54.9670771+01:00" testType="13cdc9d9-ddb5-4fa4-a97d-d965ccfc6d4b" outcome="Passed" testListId="8c84fa94-04c1-424b-9868-57a2d4851a1d" relativeResultsDirectory="f18d0c57-a2e2-41c0-abe0-0481dcf86e52" />
    <UnitTestResult executionId="9b339e9c-544b-4dd5-993c-0cd55c15baf6" testId="ae70990e-978a-6321-3b73-faa00506386d" testName="StartRecording_ShouldThrowException_WhenAudioRecorderIsNotInitialized" computerName="DKSR-EFI-04" duration="00:00:00.0006467" startTime="2023-12-22T09:37:15.9576356+01:00" endTime="2023-12-22T09:37:15.9585319+01:00" testType="13cdc9d9-ddb5-4fa4-a97d-d965ccfc6d4b" outcome="Passed" testListId="8c84fa94-04c1-424b-9868-57a2d4851a1d" relativeResultsDirectory="9b339e9c-544b-4dd5-993c-0cd55c15baf6" />
    <UnitTestResult executionId="bef61749-2d04-4088-a298-455da72cf288" testId="56d2e303-9191-fd62-30a9-ea9298b86cd6" testName="Initialize_ShouldNotSetApplicationStateOn" computerName="DKSR-EFI-04" duration="00:00:00.0017816" startTime="2023-12-22T09:36:53.1256709+01:00" endTime="2023-12-22T09:36:53.1276123+01:00" testType="13cdc9d9-ddb5-4fa4-a97d-d965ccfc6d4b" outcome="Passed" testListId="8c84fa94-04c1-424b-9868-57a2d4851a1d" relativeResultsDirectory="bef61749-2d04-4088-a298-455da72cf288" />
    <UnitTestResult executionId="b7a2e204-1304-4887-bca0-4d56622c3901" testId="dd88292e-70c4-42bd-a16e-4296bf8609a3" testName="CheckBaseTime1970FromString" computerName="DKSR-EFI-04" duration="00:00:00.0040142" startTime="2023-12-22T09:36:54.8222163+01:00" endTime="2023-12-22T09:36:54.8264571+01:00" testType="13cdc9d9-ddb5-4fa4-a97d-d965ccfc6d4b" outcome="Passed" testListId="8c84fa94-04c1-424b-9868-57a2d4851a1d" relativeResultsDirectory="b7a2e204-1304-4887-bca0-4d56622c3901" />
    <UnitTestResult executionId="8f74f8a8-69df-4faa-b414-e275f7711c51" testId="52b4d95e-92b1-ab9e-b0b4-d924fa19acdb" testName="TryCreateParentUri_WhenNogotiateAuthHasCredential_ReturnsUrl" computerName="DKSR-EFI-04" duration="00:00:00.0007655" startTime="2023-12-22T09:36:54.6976767+01:00" endTime="2023-12-22T09:36:54.6986563+01:00" testType="13cdc9d9-ddb5-4fa4-a97d-d965ccfc6d4b" outcome="Passed" testListId="8c84fa94-04c1-424b-9868-57a2d4851a1d" relativeResultsDirectory="8f74f8a8-69df-4faa-b414-e275f7711c51" />
    <UnitTestResult executionId="b386d4ec-3f0a-4ec1-a34d-69da235814c2" testId="5db9cdb8-0fa4-0c5c-b336-2c08e8318f3a" testName="RemoveServer_WithUriWhenSystemInfoListNotEmpty_NotSettingApploggedStateToFalse" computerName="DKSR-EFI-04" duration="00:00:00.0021703" startTime="2023-12-22T09:36:52.9395010+01:00" endTime="2023-12-22T09:36:52.9418129+01:00" testType="13cdc9d9-ddb5-4fa4-a97d-d965ccfc6d4b" outcome="Passed" testListId="8c84fa94-04c1-424b-9868-57a2d4851a1d" relativeResultsDirectory="b386d4ec-3f0a-4ec1-a34d-69da235814c2" />
    <UnitTestResult executionId="2ed1cba2-3e0c-4d9f-892d-1b2a6e58c829" testId="2509f740-7111-f1e6-910d-8d9558b1e027" testName="Given_ReceivedMessageIsBadlyFormedJson_When_Parsing_Then_ErrorDescriptionIsReturned" computerName="DKSR-EFI-04" duration="00:00:00.0025133" startTime="2023-12-22T09:36:55.4351527+01:00" endTime="2023-12-22T09:36:55.4379144+01:00" testType="13cdc9d9-ddb5-4fa4-a97d-d965ccfc6d4b" outcome="Passed" testListId="8c84fa94-04c1-424b-9868-57a2d4851a1d" relativeResultsDirectory="2ed1cba2-3e0c-4d9f-892d-1b2a6e58c829" />
    <UnitTestResult executionId="3c869e5e-4642-4a40-80d0-65d66993f445" testId="e0a5e776-29a3-f806-618e-c50f5461dfdb" testName="Given_ReceivedMessageIsProperJson_When_Parsing_Then_JObjectIsReturned" computerName="DKSR-EFI-04" duration="00:00:00.0018878" startTime="2023-12-22T09:36:55.4323109+01:00" endTime="2023-12-22T09:36:55.4344096+01:00" testType="13cdc9d9-ddb5-4fa4-a97d-d965ccfc6d4b" outcome="Passed" testListId="8c84fa94-04c1-424b-9868-57a2d4851a1d" relativeResultsDirectory="3c869e5e-4642-4a40-80d0-65d66993f445" />
    <UnitTestResult executionId="7783bd93-66b4-44f8-a58a-e2a2990697b8" testId="0762669f-0ef8-d6fa-dd94-0659f0ba0a43" testName="IgnoreDomainCompareOk" computerName="DKSR-EFI-04" duration="00:00:00.0010464" startTime="2023-12-22T09:36:54.8837958+01:00" endTime="2023-12-22T09:36:54.8850514+01:00" testType="13cdc9d9-ddb5-4fa4-a97d-d965ccfc6d4b" outcome="Passed" testListId="8c84fa94-04c1-424b-9868-57a2d4851a1d" relativeResultsDirectory="7783bd93-66b4-44f8-a58a-e2a2990697b8" />
    <UnitTestResult executionId="013064f7-e1c0-4c90-82bd-72a5b3627f76" testId="3fc2f323-2eb1-98df-4545-bd5563c5cdc9" testName="When_MipTokenCacheIsNotSet_BearerTokenBehaviourNotAdded" computerName="DKSR-EFI-04" duration="00:00:00.0061735" startTime="2023-12-22T09:36:54.6735541+01:00" endTime="2023-12-22T09:36:54.6799953+01:00" testType="13cdc9d9-ddb5-4fa4-a97d-d965ccfc6d4b" outcome="Passed" testListId="8c84fa94-04c1-424b-9868-57a2d4851a1d" relativeResultsDirectory="013064f7-e1c0-4c90-82bd-72a5b3627f76" />
    <UnitTestResult executionId="c9f3f5ca-ac69-4a1c-bb02-6542c299642a" testId="ba5b86d5-401c-4e0a-f138-2c19e1e02c7f" testName="Unitialize_ShouldCallServiceReset" computerName="DKSR-EFI-04" duration="00:00:00.0013584" startTime="2023-12-22T09:36:53.2336568+01:00" endTime="2023-12-22T09:36:53.2351206+01:00" testType="13cdc9d9-ddb5-4fa4-a97d-d965ccfc6d4b" outcome="Passed" testListId="8c84fa94-04c1-424b-9868-57a2d4851a1d" relativeResultsDirectory="c9f3f5ca-ac69-4a1c-bb02-6542c299642a" />
    <UnitTestResult executionId="5e19b08e-d522-4b85-8246-a6c2fc897933" testId="517e0e3b-7634-80b0-69a7-bd9c7f21e593" testName="RemoveAllServers_Success" computerName="DKSR-EFI-04" duration="00:00:00.0047779" startTime="2023-12-22T09:36:52.8431328+01:00" endTime="2023-12-22T09:36:52.8480981+01:00" testType="13cdc9d9-ddb5-4fa4-a97d-d965ccfc6d4b" outcome="Passed" testListId="8c84fa94-04c1-424b-9868-57a2d4851a1d" relativeResultsDirectory="5e19b08e-d522-4b85-8246-a6c2fc897933" />
    <UnitTestResult executionId="75176c34-13a9-4d09-a590-f92da6b8e2cc" testId="6326290f-8e50-bc28-9f9e-5ff9f9bd3c53" testName="Given_Connected_When_ResumeSessionSuccesful_Then_ASuccessAndSessionIdIsReturned" computerName="DKSR-EFI-04" duration="00:00:00.0047036" startTime="2023-12-22T09:36:55.1692331+01:00" endTime="2023-12-22T09:36:55.1741806+01:00" testType="13cdc9d9-ddb5-4fa4-a97d-d965ccfc6d4b" outcome="Passed" testListId="8c84fa94-04c1-424b-9868-57a2d4851a1d" relativeResultsDirectory="75176c34-13a9-4d09-a590-f92da6b8e2cc" />
    <UnitTestResult executionId="3933c7ca-3ddb-4054-824a-902c6463e235" testId="7f6a3e30-0edb-cef4-24b2-03a61d04ff8b" testName="Givent_MessageContainingEventWithData_When_CallingGetDataOfInCorrectType_Then_NOTE_NOTE_NOTE_ACompleteObjectIsReturned" computerName="DKSR-EFI-04" duration="00:00:00.0070918" startTime="2023-12-22T09:36:55.4894535+01:00" endTime="2023-12-22T09:36:55.4970445+01:00" testType="13cdc9d9-ddb5-4fa4-a97d-d965ccfc6d4b" outcome="Passed" testListId="8c84fa94-04c1-424b-9868-57a2d4851a1d" relativeResultsDirectory="3933c7ca-3ddb-4054-824a-902c6463e235" />
    <UnitTestResult executionId="a1c41028-8c70-4e38-b8d4-b710c1b256db" testId="3298a0bb-4507-4949-b804-b0b1ba735235" testName="XpcoLoginAndGetConfgurationBasic" computerName="DKSR-EFI-04" duration="00:00:01.0739029" startTime="2023-12-22T09:37:08.6159885+01:00" endTime="2023-12-22T09:37:09.6901894+01:00" testType="13cdc9d9-ddb5-4fa4-a97d-d965ccfc6d4b" outcome="Passed" testListId="8c84fa94-04c1-424b-9868-57a2d4851a1d" relativeResultsDirectory="a1c41028-8c70-4e38-b8d4-b710c1b256db">
      <Output>
        <StdOut>Debug Trace:&#xD;
TopLevelControl returns null. PostMessage may have problems&#xD;
MIP: Error: ConfigurationApiItemWrapper (): ConfigAPI GetItem(): System.NotImplementedException, The method or operation is not implemented.&#xD;
MIP: Error: Factory.IsItemTypeSupported (): Exception source:      VideoOS.Platform.SDK.UnitTests&#xD;
Exception type:        System.NotImplementedException&#xD;
Exception message:     The method or operation is not implemented.&#xD;
Exception target site: GetItem&#xD;
   at VideoOS.Platform.SDKUnittest.EnvironmentTests.TestConfigurationClientService.GetItem(String path) in D:\actions-runner\_work\XPCO\XPCO\MIP\MIPSDK\tst\VideoOS.Platform.SDK.UnitTests\EnvironmentTests\TestsWithCorporateShimsBase.cs:line 227&#xD;
   at VideoOS.Platform.Proxy.ConfigApi.ConfigurationApiItemWrapper..ctor(ServerId serverId, String path) in D:\actions-runner\_work\XPCO\XPCO\MIP\PlatformPlugin\VideoOS.Platform\src\Proxy\ConfigApi\ConfigurationApiItemWrapper.cs:line 104&#xD;
   at VideoOS.Platform.ConfigurationItems.Factory.IsItemTypeSupported(ServerId serverId, String itemType) in D:\actions-runner\_work\XPCO\XPCO\MIP\PlatformPlugin\VideoOS.Platform\src\ConfigurationItems\Factory.cs:line 464&#xD;
&#xD;
Factory.IsItemTypeSupportedFactory.IsItemTypeSupported ()The method or operation is not implemented.   at VideoOS.Platform.SDKUnittest.EnvironmentTests.TestConfigurationClientService.GetItem(String path) in D:\actions-runner\_work\XPCO\XPCO\MIP\MIPSDK\tst\VideoOS.Platform.SDK.UnitTests\EnvironmentTests\TestsWithCorporateShimsBase.cs:line 227&#xD;
   at VideoOS.Platform.Proxy.ConfigApi.ConfigurationApiItemWrapper..ctor(ServerId serverId, String path) in D:\actions-runner\_work\XPCO\XPCO\MIP\PlatformPlugin\VideoOS.Platform\src\Proxy\ConfigApi\ConfigurationApiItemWrapper.cs:line 104&#xD;
   at VideoOS.Platform.ConfigurationItems.Factory.IsItemTypeSupported(ServerId serverId, String itemType) in D:\actions-runner\_work\XPCO\XPCO\MIP\PlatformPlugin\VideoOS.Platform\src\ConfigurationItems\Factory.cs:line 464&#xD;
MIP: Error: GetConfiguration (): CustomSetting not found for the given platformDefinitionId: e145597a-ecaf-40a1-99e6-14bb9d45a09e&#xD;
MIP: Error: ConfigurationApiItemWrapper (): ConfigAPI GetItem(): System.NotImplementedException, The method or operation is not implemented.&#xD;
MIP: Error: Factory.IsItemTypeSupported (): Exception source:      VideoOS.Platform.SDK.UnitTests&#xD;
Exception type:        System.NotImplementedException&#xD;
Exception message:     The method or operation is not implemented.&#xD;
Exception target site: GetItem&#xD;
   at VideoOS.Platform.SDKUnittest.EnvironmentTests.TestConfigurationClientService.GetItem(String path) in D:\actions-runner\_work\XPCO\XPCO\MIP\MIPSDK\tst\VideoOS.Platform.SDK.UnitTests\EnvironmentTests\TestsWithCorporateShimsBase.cs:line 227&#xD;
   at VideoOS.Platform.Proxy.ConfigApi.ConfigurationApiItemWrapper..ctor(ServerId serverId, String path) in D:\actions-runner\_work\XPCO\XPCO\MIP\PlatformPlugin\VideoOS.Platform\src\Proxy\ConfigApi\ConfigurationApiItemWrapper.cs:line 104&#xD;
   at VideoOS.Platform.ConfigurationItems.Factory.IsItemTypeSupported(ServerId serverId, String itemType) in D:\actions-runner\_work\XPCO\XPCO\MIP\PlatformPlugin\VideoOS.Platform\src\ConfigurationItems\Factory.cs:line 464&#xD;
&#xD;
Factory.IsItemTypeSupportedFactory.IsItemTypeSupported ()The method or operation is not implemented.   at VideoOS.Platform.SDKUnittest.EnvironmentTests.TestConfigurationClientService.GetItem(String path) in D:\actions-runner\_work\XPCO\XPCO\MIP\MIPSDK\tst\VideoOS.Platform.SDK.UnitTests\EnvironmentTests\TestsWithCorporateShimsBase.cs:line 227&#xD;
   at VideoOS.Platform.Proxy.ConfigApi.ConfigurationApiItemWrapper..ctor(ServerId serverId, String path) in D:\actions-runner\_work\XPCO\XPCO\MIP\PlatformPlugin\VideoOS.Platform\src\Proxy\ConfigApi\ConfigurationApiItemWrapper.cs:line 104&#xD;
   at VideoOS.Platform.ConfigurationItems.Factory.IsItemTypeSupported(ServerId serverId, String itemType) in D:\actions-runner\_work\XPCO\XPCO\MIP\PlatformPlugin\VideoOS.Platform\src\ConfigurationItems\Factory.cs:line 464&#xD;
MIP: Error: LoginServerOauth (): https://1.2.3.5:55/ManagementServer/ServerCommandServiceOAuth.svc The method or operation is not implemented.&#xD;
MIP: Error: ConfigurationApiItemWrapper (): ConfigAPI GetItem(): System.NotImplementedException, The method or operation is not implemented.&#xD;
MIP: Error: Factory.IsItemTypeSupported (): Exception source:      VideoOS.Platform.SDK.UnitTests&#xD;
Exception type:        System.NotImplementedException&#xD;
Exception message:     The method or operation is not implemented.&#xD;
Exception target site: GetItem&#xD;
   at VideoOS.Platform.SDKUnittest.EnvironmentTests.TestConfigurationClientService.GetItem(String path) in D:\actions-runner\_work\XPCO\XPCO\MIP\MIPSDK\tst\VideoOS.Platform.SDK.UnitTests\EnvironmentTests\TestsWithCorporateShimsBase.cs:line 227&#xD;
   at VideoOS.Platform.Proxy.ConfigApi.ConfigurationApiItemWrapper..ctor(ServerId serverId, String path) in D:\actions-runner\_work\XPCO\XPCO\MIP\PlatformPlugin\VideoOS.Platform\src\Proxy\ConfigApi\ConfigurationApiItemWrapper.cs:line 104&#xD;
   at VideoOS.Platform.ConfigurationItems.Factory.IsItemTypeSupported(ServerId serverId, String itemType) in D:\actions-runner\_work\XPCO\XPCO\MIP\PlatformPlugin\VideoOS.Platform\src\ConfigurationItems\Factory.cs:line 464&#xD;
&#xD;
Factory.IsItemTypeSupportedFactory.IsItemTypeSupported ()The method or operation is not implemented.   at VideoOS.Platform.SDKUnittest.EnvironmentTests.TestConfigurationClientService.GetItem(String path) in D:\actions-runner\_work\XPCO\XPCO\MIP\MIPSDK\tst\VideoOS.Platform.SDK.UnitTests\EnvironmentTests\TestsWithCorporateShimsBase.cs:line 227&#xD;
   at VideoOS.Platform.Proxy.ConfigApi.ConfigurationApiItemWrapper..ctor(ServerId serverId, String path) in D:\actions-runner\_work\XPCO\XPCO\MIP\PlatformPlugin\VideoOS.Platform\src\Proxy\ConfigApi\ConfigurationApiItemWrapper.cs:line 104&#xD;
   at VideoOS.Platform.ConfigurationItems.Factory.IsItemTypeSupported(ServerId serverId, String itemType) in D:\actions-runner\_work\XPCO\XPCO\MIP\PlatformPlugin\VideoOS.Platform\src\ConfigurationItems\Factory.cs:line 464&#xD;
MIP: Error: GetConfiguration (): CustomSetting not found for the given platformDefinitionId: e145597a-ecaf-40a1-99e6-14bb9d45a09e&#xD;
MIP: Error: ConfigurationApiItemWrapper (): ConfigAPI GetItem(): System.NotImplementedException, The method or operation is not implemented.&#xD;
MIP: Error: Factory.IsItemTypeSupported (): Exception source:      VideoOS.Platform.SDK.UnitTests&#xD;
Exception type:        System.NotImplementedException&#xD;
Exception message:     The method or operation is not implemented.&#xD;
Exception target site: GetItem&#xD;
   at VideoOS.Platform.SDKUnittest.EnvironmentTests.TestConfigurationClientService.GetItem(String path) in D:\actions-runner\_work\XPCO\XPCO\MIP\MIPSDK\tst\VideoOS.Platform.SDK.UnitTests\EnvironmentTests\TestsWithCorporateShimsBase.cs:line 227&#xD;
   at VideoOS.Platform.Proxy.ConfigApi.ConfigurationApiItemWrapper..ctor(ServerId serverId, String path) in D:\actions-runner\_work\XPCO\XPCO\MIP\PlatformPlugin\VideoOS.Platform\src\Proxy\ConfigApi\ConfigurationApiItemWrapper.cs:line 104&#xD;
   at VideoOS.Platform.ConfigurationItems.Factory.IsItemTypeSupported(ServerId serverId, String itemType) in D:\actions-runner\_work\XPCO\XPCO\MIP\PlatformPlugin\VideoOS.Platform\src\ConfigurationItems\Factory.cs:line 464&#xD;
&#xD;
Factory.IsItemTypeSupportedFactory.IsItemTypeSupported ()The method or operation is not implemented.   at VideoOS.Platform.SDKUnittest.EnvironmentTests.TestConfigurationClientService.GetItem(String path) in D:\actions-runner\_work\XPCO\XPCO\MIP\MIPSDK\tst\VideoOS.Platform.SDK.UnitTests\EnvironmentTests\TestsWithCorporateShimsBase.cs:line 227&#xD;
   at VideoOS.Platform.Proxy.ConfigApi.ConfigurationApiItemWrapper..ctor(ServerId serverId, String path) in D:\actions-runner\_work\XPCO\XPCO\MIP\PlatformPlugin\VideoOS.Platform\src\Proxy\ConfigApi\ConfigurationApiItemWrapper.cs:line 104&#xD;
   at VideoOS.Platform.ConfigurationItems.Factory.IsItemTypeSupported(ServerId serverId, String itemType) in D:\actions-runner\_work\XPCO\XPCO\MIP\PlatformPlugin\VideoOS.Platform\src\ConfigurationItems\Factory.cs:line 464&#xD;
MIP: Error: LoginServerOauth (): https://1.2.3.5:55/ManagementServer/ServerCommandServiceOAuth.svc The method or operation is not implemented.&#xD;
MIP: Error: ConfigurationApiItemWrapper (): ConfigAPI GetItem(): System.NotImplementedException, The method or operation is not implemented.&#xD;
MIP: Error: Factory.IsItemTypeSupported (): Exception source:      VideoOS.Platform.SDK.UnitTests&#xD;
Exception type:        System.NotImplementedException&#xD;
Exception message:     The method or operation is not implemented.&#xD;
Exception target site: GetItem&#xD;
   at VideoOS.Platform.SDKUnittest.EnvironmentTests.TestConfigurationClientService.GetItem(String path) in D:\actions-runner\_work\XPCO\XPCO\MIP\MIPSDK\tst\VideoOS.Platform.SDK.UnitTests\EnvironmentTests\TestsWithCorporateShimsBase.cs:line 227&#xD;
   at VideoOS.Platform.Proxy.ConfigApi.ConfigurationApiItemWrapper..ctor(ServerId serverId, String path) in D:\actions-runner\_work\XPCO\XPCO\MIP\PlatformPlugin\VideoOS.Platform\src\Proxy\ConfigApi\ConfigurationApiItemWrapper.cs:line 104&#xD;
   at VideoOS.Platform.ConfigurationItems.Factory.IsItemTypeSupported(ServerId serverId, String itemType) in D:\actions-runner\_work\XPCO\XPCO\MIP\PlatformPlugin\VideoOS.Platform\src\ConfigurationItems\Factory.cs:line 464&#xD;
&#xD;
Factory.IsItemTypeSupportedFactory.IsItemTypeSupported ()The method or operation is not implemented.   at VideoOS.Platform.SDKUnittest.EnvironmentTests.TestConfigurationClientService.GetItem(String path) in D:\actions-runner\_work\XPCO\XPCO\MIP\MIPSDK\tst\VideoOS.Platform.SDK.UnitTests\EnvironmentTests\TestsWithCorporateShimsBase.cs:line 227&#xD;
   at VideoOS.Platform.Proxy.ConfigApi.ConfigurationApiItemWrapper..ctor(ServerId serverId, String path) in D:\actions-runner\_work\XPCO\XPCO\MIP\PlatformPlugin\VideoOS.Platform\src\Proxy\ConfigApi\ConfigurationApiItemWrapper.cs:line 104&#xD;
   at VideoOS.Platform.ConfigurationItems.Factory.IsItemTypeSupported(ServerId serverId, String itemType) in D:\actions-runner\_work\XPCO\XPCO\MIP\PlatformPlugin\VideoOS.Platform\src\ConfigurationItems\Factory.cs:line 464&#xD;
MIP: Error: ConfigurationApiItemWrapper (): ConfigAPI GetItem(): System.NotImplementedException, The method or operation is not implemented.&#xD;
MIP: Error: Factory.IsItemTypeSupported (): Exception source:      VideoOS.Platform.SDK.UnitTests&#xD;
Exception type:        System.NotImplementedException&#xD;
Exception message:     The method or operation is not implemented.&#xD;
Exception target site: GetItem&#xD;
   at VideoOS.Platform.SDKUnittest.EnvironmentTests.TestConfigurationClientService.GetItem(String path) in D:\actions-runner\_work\XPCO\XPCO\MIP\MIPSDK\tst\VideoOS.Platform.SDK.UnitTests\EnvironmentTests\TestsWithCorporateShimsBase.cs:line 227&#xD;
   at VideoOS.Platform.Proxy.ConfigApi.ConfigurationApiItemWrapper..ctor(ServerId serverId, String path) in D:\actions-runner\_work\XPCO\XPCO\MIP\PlatformPlugin\VideoOS.Platform\src\Proxy\ConfigApi\ConfigurationApiItemWrapper.cs:line 104&#xD;
   at VideoOS.Platform.ConfigurationItems.Factory.IsItemTypeSupported(ServerId serverId, String itemType) in D:\actions-runner\_work\XPCO\XPCO\MIP\PlatformPlugin\VideoOS.Platform\src\ConfigurationItems\Factory.cs:line 464&#xD;
&#xD;
Factory.IsItemTypeSupportedFactory.IsItemTypeSupported ()The method or operation is not implemented.   at VideoOS.Platform.SDKUnittest.EnvironmentTests.TestConfigurationClientService.GetItem(String path) in D:\actions-runner\_work\XPCO\XPCO\MIP\MIPSDK\tst\VideoOS.Platform.SDK.UnitTests\EnvironmentTests\TestsWithCorporateShimsBase.cs:line 227&#xD;
   at VideoOS.Platform.Proxy.ConfigApi.ConfigurationApiItemWrapper..ctor(ServerId serverId, String path) in D:\actions-runner\_work\XPCO\XPCO\MIP\PlatformPlugin\VideoOS.Platform\src\Proxy\ConfigApi\ConfigurationApiItemWrapper.cs:line 104&#xD;
   at VideoOS.Platform.ConfigurationItems.Factory.IsItemTypeSupported(ServerId serverId, String itemType) in D:\actions-runner\_work\XPCO\XPCO\MIP\PlatformPlugin\VideoOS.Platform\src\ConfigurationItems\Factory.cs:line 464&#xD;
MIP: Error: LoginServerOauth (): https://1.2.3.5:55/ManagementServer/ServerCommandServiceOAuth.svc The method or operation is not implemented.&#xD;
MIP: Error: ConfigurationApiItemWrapper (): ConfigAPI GetItem(): System.NotImplementedException, The method or operation is not implemented.&#xD;
MIP: Error: Factory.IsItemTypeSupported (): Exception source:      VideoOS.Platform.SDK.UnitTests&#xD;
Exception type:        System.NotImplementedException&#xD;
Exception message:     The method or operation is not implemented.&#xD;
Exception target site: GetItem&#xD;
   at VideoOS.Platform.SDKUnittest.EnvironmentTests.TestConfigurationClientService.GetItem(String path) in D:\actions-runner\_work\XPCO\XPCO\MIP\MIPSDK\tst\VideoOS.Platform.SDK.UnitTests\EnvironmentTests\TestsWithCorporateShimsBase.cs:line 227&#xD;
   at VideoOS.Platform.Proxy.ConfigApi.ConfigurationApiItemWrapper..ctor(ServerId serverId, String path) in D:\actions-runner\_work\XPCO\XPCO\MIP\PlatformPlugin\VideoOS.Platform\src\Proxy\ConfigApi\ConfigurationApiItemWrapper.cs:line 104&#xD;
   at VideoOS.Platform.ConfigurationItems.Factory.IsItemTypeSupported(ServerId serverId, String itemType) in D:\actions-runner\_work\XPCO\XPCO\MIP\PlatformPlugin\VideoOS.Platform\src\ConfigurationItems\Factory.cs:line 464&#xD;
&#xD;
Factory.IsItemTypeSupportedFactory.IsItemTypeSupported ()The method or operation is not implemented.   at VideoOS.Platform.SDKUnittest.EnvironmentTests.TestConfigurationClientService.GetItem(String path) in D:\actions-runner\_work\XPCO\XPCO\MIP\MIPSDK\tst\VideoOS.Platform.SDK.UnitTests\EnvironmentTests\TestsWithCorporateShimsBase.cs:line 227&#xD;
   at VideoOS.Platform.Proxy.ConfigApi.ConfigurationApiItemWrapper..ctor(ServerId serverId, String path) in D:\actions-runner\_work\XPCO\XPCO\MIP\PlatformPlugin\VideoOS.Platform\src\Proxy\ConfigApi\ConfigurationApiItemWrapper.cs:line 104&#xD;
   at VideoOS.Platform.ConfigurationItems.Factory.IsItemTypeSupported(ServerId serverId, String itemType) in D:\actions-runner\_work\XPCO\XPCO\MIP\PlatformPlugin\VideoOS.Platform\src\ConfigurationItems\Factory.cs:line 464&#xD;
MIP: Error: GetConfiguration (): CustomSetting not found for the given platformDefinitionId: e145597a-ecaf-40a1-99e6-14bb9d45a09e&#xD;
MIP: Error: ConfigurationApiItemWrapper (): ConfigAPI GetItem(): System.NotImplementedException, The method or operation is not implemented.&#xD;
MIP: Error: Factory.IsItemTypeSupported (): Exception source:      VideoOS.Platform.SDK.UnitTests&#xD;
Exception type:        System.NotImplementedException&#xD;
Exception message:     The method or operation is not implemented.&#xD;
Exception target site: GetItem&#xD;
   at VideoOS.Platform.SDKUnittest.EnvironmentTests.TestConfigurationClientService.GetItem(String path) in D:\actions-runner\_work\XPCO\XPCO\MIP\MIPSDK\tst\VideoOS.Platform.SDK.UnitTests\EnvironmentTests\TestsWithCorporateShimsBase.cs:line 227&#xD;
   at VideoOS.Platform.Proxy.ConfigApi.ConfigurationApiItemWrapper..ctor(ServerId serverId, String path) in D:\actions-runner\_work\XPCO\XPCO\MIP\PlatformPlugin\VideoOS.Platform\src\Proxy\ConfigApi\ConfigurationApiItemWrapper.cs:line 104&#xD;
   at VideoOS.Platform.ConfigurationItems.Factory.IsItemTypeSupported(ServerId serverId, String itemType) in D:\actions-runner\_work\XPCO\XPCO\MIP\PlatformPlugin\VideoOS.Platform\src\ConfigurationItems\Factory.cs:line 464&#xD;
&#xD;
Factory.IsItemTypeSupportedFactory.IsItemTypeSupported ()The method or operation is not implemented.   at VideoOS.Platform.SDKUnittest.EnvironmentTests.TestConfigurationClientService.GetItem(String path) in D:\actions-runner\_work\XPCO\XPCO\MIP\MIPSDK\tst\VideoOS.Platform.SDK.UnitTests\EnvironmentTests\TestsWithCorporateShimsBase.cs:line 227&#xD;
   at VideoOS.Platform.Proxy.ConfigApi.ConfigurationApiItemWrapper..ctor(ServerId serverId, String path) in D:\actions-runner\_work\XPCO\XPCO\MIP\PlatformPlugin\VideoOS.Platform\src\Proxy\ConfigApi\ConfigurationApiItemWrapper.cs:line 104&#xD;
   at VideoOS.Platform.ConfigurationItems.Factory.IsItemTypeSupported(ServerId serverId, String itemType) in D:\actions-runner\_work\XPCO\XPCO\MIP\PlatformPlugin\VideoOS.Platform\src\ConfigurationItems\Factory.cs:line 464&#xD;
MIP: Error: LoginServerOauth (): https://1.2.3.5:55/ManagementServer/ServerCommandServiceOAuth.svc The method or operation is not implemented.&#xD;
MIP: Error: ConfigurationApiItemWrapper (): ConfigAPI GetItem(): System.NotImplementedException, The method or operation is not implemented.&#xD;
MIP: Error: Factory.IsItemTypeSupported (): Exception source:      VideoOS.Platform.SDK.UnitTests&#xD;
Exception type:        System.NotImplementedException&#xD;
Exception message:     The method or operation is not implemented.&#xD;
Exception target site: GetItem&#xD;
   at VideoOS.Platform.SDKUnittest.EnvironmentTests.TestConfigurationClientService.GetItem(String path) in D:\actions-runner\_work\XPCO\XPCO\MIP\MIPSDK\tst\VideoOS.Platform.SDK.UnitTests\EnvironmentTests\TestsWithCorporateShimsBase.cs:line 227&#xD;
   at VideoOS.Platform.Proxy.ConfigApi.ConfigurationApiItemWrapper..ctor(ServerId serverId, String path) in D:\actions-runner\_work\XPCO\XPCO\MIP\PlatformPlugin\VideoOS.Platform\src\Proxy\ConfigApi\ConfigurationApiItemWrapper.cs:line 104&#xD;
   at VideoOS.Platform.ConfigurationItems.Factory.IsItemTypeSupported(ServerId serverId, String itemType) in D:\actions-runner\_work\XPCO\XPCO\MIP\PlatformPlugin\VideoOS.Platform\src\ConfigurationItems\Factory.cs:line 464&#xD;
&#xD;
Factory.IsItemTypeSupportedFactory.IsItemTypeSupported ()The method or operation is not implemented.   at VideoOS.Platform.SDKUnittest.EnvironmentTests.TestConfigurationClientService.GetItem(String path) in D:\actions-runner\_work\XPCO\XPCO\MIP\MIPSDK\tst\VideoOS.Platform.SDK.UnitTests\EnvironmentTests\TestsWithCorporateShimsBase.cs:line 227&#xD;
   at VideoOS.Platform.Proxy.ConfigApi.ConfigurationApiItemWrapper..ctor(ServerId serverId, String path) in D:\actions-runner\_work\XPCO\XPCO\MIP\PlatformPlugin\VideoOS.Platform\src\Proxy\ConfigApi\ConfigurationApiItemWrapper.cs:line 104&#xD;
   at VideoOS.Platform.ConfigurationItems.Factory.IsItemTypeSupported(ServerId serverId, String itemType) in D:\actions-runner\_work\XPCO\XPCO\MIP\PlatformPlugin\VideoOS.Platform\src\ConfigurationItems\Factory.cs:line 464&#xD;
MIP: Error: ConfigurationApiItemWrapper (): ConfigAPI GetItem(): System.NotImplementedException, The method or operation is not implemented.&#xD;
MIP: Error: Factory.IsItemTypeSupported (): Exception source:      VideoOS.Platform.SDK.UnitTests&#xD;
Exception type:        System.NotImplementedException&#xD;
Exception message:     The method or operation is not implemented.&#xD;
Exception target site: GetItem&#xD;
   at VideoOS.Platform.SDKUnittest.EnvironmentTests.TestConfigurationClientService.GetItem(String path) in D:\actions-runner\_work\XPCO\XPCO\MIP\MIPSDK\tst\VideoOS.Platform.SDK.UnitTests\EnvironmentTests\TestsWithCorporateShimsBase.cs:line 227&#xD;
   at VideoOS.Platform.Proxy.ConfigApi.ConfigurationApiItemWrapper..ctor(ServerId serverId, String path) in D:\actions-runner\_work\XPCO\XPCO\MIP\PlatformPlugin\VideoOS.Platform\src\Proxy\ConfigApi\ConfigurationApiItemWrapper.cs:line 104&#xD;
   at VideoOS.Platform.ConfigurationItems.Factory.IsItemTypeSupported(ServerId serverId, String itemType) in D:\actions-runner\_work\XPCO\XPCO\MIP\PlatformPlugin\VideoOS.Platform\src\ConfigurationItems\Factory.cs:line 464&#xD;
&#xD;
Factory.IsItemTypeSupportedFactory.IsItemTypeSupported ()The method or operation is not implemented.   at VideoOS.Platform.SDKUnittest.EnvironmentTests.TestConfigurationClientService.GetItem(String path) in D:\actions-runner\_work\XPCO\XPCO\MIP\MIPSDK\tst\VideoOS.Platform.SDK.UnitTests\EnvironmentTests\TestsWithCorporateShimsBase.cs:line 227&#xD;
   at VideoOS.Platform.Proxy.ConfigApi.ConfigurationApiItemWrapper..ctor(ServerId serverId, String path) in D:\actions-runner\_work\XPCO\XPCO\MIP\PlatformPlugin\VideoOS.Platform\src\Proxy\ConfigApi\ConfigurationApiItemWrapper.cs:line 104&#xD;
   at VideoOS.Platform.ConfigurationItems.Factory.IsItemTypeSupported(ServerId serverId, String itemType) in D:\actions-runner\_work\XPCO\XPCO\MIP\PlatformPlugin\VideoOS.Platform\src\ConfigurationItems\Factory.cs:line 464&#xD;
MIP: Error: LoginServerOauth (): https://1.2.3.5:55/ManagementServer/ServerCommandServiceOAuth.svc The method or operation is not implemented.&#xD;
MIP: Error: ConfigurationApiItemWrapper (): ConfigAPI GetItem(): System.NotImplementedException, The method or operation is not implemented.&#xD;
MIP: Error: Factory.IsItemTypeSupported (): Exception source:      VideoOS.Platform.SDK.UnitTests&#xD;
Exception type:        System.NotImplementedException&#xD;
Exception message:     The method or operation is not implemented.&#xD;
Exception target site: GetItem&#xD;
   at VideoOS.Platform.SDKUnittest.EnvironmentTests.TestConfigurationClientService.GetItem(String path) in D:\actions-runner\_work\XPCO\XPCO\MIP\MIPSDK\tst\VideoOS.Platform.SDK.UnitTests\EnvironmentTests\TestsWithCorporateShimsBase.cs:line 227&#xD;
   at VideoOS.Platform.Proxy.ConfigApi.ConfigurationApiItemWrapper..ctor(ServerId serverId, String path) in D:\actions-runner\_work\XPCO\XPCO\MIP\PlatformPlugin\VideoOS.Platform\src\Proxy\ConfigApi\ConfigurationApiItemWrapper.cs:line 104&#xD;
   at VideoOS.Platform.ConfigurationItems.Factory.IsItemTypeSupported(ServerId serverId, String itemType) in D:\actions-runner\_work\XPCO\XPCO\MIP\PlatformPlugin\VideoOS.Platform\src\ConfigurationItems\Factory.cs:line 464&#xD;
&#xD;
Factory.IsItemTypeSupportedFactory.IsItemTypeSupported ()The method or operation is not implemented.   at VideoOS.Platform.SDKUnittest.EnvironmentTests.TestConfigurationClientService.GetItem(String path) in D:\actions-runner\_work\XPCO\XPCO\MIP\MIPSDK\tst\VideoOS.Platform.SDK.UnitTests\EnvironmentTests\TestsWithCorporateShimsBase.cs:line 227&#xD;
   at VideoOS.Platform.Proxy.ConfigApi.ConfigurationApiItemWrapper..ctor(ServerId serverId, String path) in D:\actions-runner\_work\XPCO\XPCO\MIP\PlatformPlugin\VideoOS.Platform\src\Proxy\ConfigApi\ConfigurationApiItemWrapper.cs:line 104&#xD;
   at VideoOS.Platform.ConfigurationItems.Factory.IsItemTypeSupported(ServerId serverId, String itemType) in D:\actions-runner\_work\XPCO\XPCO\MIP\PlatformPlugin\VideoOS.Platform\src\ConfigurationItems\Factory.cs:line 464&#xD;
MIP: Error: GetConfiguration (): CustomSetting not found for the given platformDefinitionId: e145597a-ecaf-40a1-99e6-14bb9d45a09e&#xD;
MIP: Error: ConfigurationApiItemWrapper (): ConfigAPI GetItem(): System.NotImplementedException, The method or operation is not implemented.&#xD;
MIP: Error: Factory.IsItemTypeSupported (): Exception source:      VideoOS.Platform.SDK.UnitTests&#xD;
Exception type:        System.NotImplementedException&#xD;
Exception message:     The method or operation is not implemented.&#xD;
Exception target site: GetItem&#xD;
   at VideoOS.Platform.SDKUnittest.EnvironmentTests.TestConfigurationClientService.GetItem(String path) in D:\actions-runner\_work\XPCO\XPCO\MIP\MIPSDK\tst\VideoOS.Platform.SDK.UnitTests\EnvironmentTests\TestsWithCorporateShimsBase.cs:line 227&#xD;
   at VideoOS.Platform.Proxy.ConfigApi.ConfigurationApiItemWrapper..ctor(ServerId serverId, String path) in D:\actions-runner\_work\XPCO\XPCO\MIP\PlatformPlugin\VideoOS.Platform\src\Proxy\ConfigApi\ConfigurationApiItemWrapper.cs:line 104&#xD;
   at VideoOS.Platform.ConfigurationItems.Factory.IsItemTypeSupported(ServerId serverId, String itemType) in D:\actions-runner\_work\XPCO\XPCO\MIP\PlatformPlugin\VideoOS.Platform\src\ConfigurationItems\Factory.cs:line 464&#xD;
&#xD;
Factory.IsItemTypeSupportedFactory.IsItemTypeSupported ()The method or operation is not implemented.   at VideoOS.Platform.SDKUnittest.EnvironmentTests.TestConfigurationClientService.GetItem(String path) in D:\actions-runner\_work\XPCO\XPCO\MIP\MIPSDK\tst\VideoOS.Platform.SDK.UnitTests\EnvironmentTests\TestsWithCorporateShimsBase.cs:line 227&#xD;
   at VideoOS.Platform.Proxy.ConfigApi.ConfigurationApiItemWrapper..ctor(ServerId serverId, String path) in D:\actions-runner\_work\XPCO\XPCO\MIP\PlatformPlugin\VideoOS.Platform\src\Proxy\ConfigApi\ConfigurationApiItemWrapper.cs:line 104&#xD;
   at VideoOS.Platform.ConfigurationItems.Factory.IsItemTypeSupported(ServerId serverId, String itemType) in D:\actions-runner\_work\XPCO\XPCO\MIP\PlatformPlugin\VideoOS.Platform\src\ConfigurationItems\Factory.cs:line 464&#xD;
MIP: Error: LoginServerOauth (): https://1.2.3.5:55/ManagementServer/ServerCommandServiceOAuth.svc The method or operation is not implemented.&#xD;
MIP: Error: ConfigurationApiItemWrapper (): ConfigAPI GetItem(): System.NotImplementedException, The method or operation is not implemented.&#xD;
MIP: Error: Factory.IsItemTypeSupported (): Exception source:      VideoOS.Platform.SDK.UnitTests&#xD;
Exception type:        System.NotImplementedException&#xD;
Exception message:     The method or operation is not implemented.&#xD;
Exception target site: GetItem&#xD;
   at VideoOS.Platform.SDKUnittest.EnvironmentTests.TestConfigurationClientService.GetItem(String path) in D:\actions-runner\_work\XPCO\XPCO\MIP\MIPSDK\tst\VideoOS.Platform.SDK.UnitTests\EnvironmentTests\TestsWithCorporateShimsBase.cs:line 227&#xD;
   at VideoOS.Platform.Proxy.ConfigApi.ConfigurationApiItemWrapper..ctor(ServerId serverId, String path) in D:\actions-runner\_work\XPCO\XPCO\MIP\PlatformPlugin\VideoOS.Platform\src\Proxy\ConfigApi\ConfigurationApiItemWrapper.cs:line 104&#xD;
   at VideoOS.Platform.ConfigurationItems.Factory.IsItemTypeSupported(ServerId serverId, String itemType) in D:\actions-runner\_work\XPCO\XPCO\MIP\PlatformPlugin\VideoOS.Platform\src\ConfigurationItems\Factory.cs:line 464&#xD;
&#xD;
Factory.IsItemTypeSupportedFactory.IsItemTypeSupported ()The method or operation is not implemented.   at VideoOS.Platform.SDKUnittest.EnvironmentTests.TestConfigurationClientService.GetItem(String path) in D:\actions-runner\_work\XPCO\XPCO\MIP\MIPSDK\tst\VideoOS.Platform.SDK.UnitTests\EnvironmentTests\TestsWithCorporateShimsBase.cs:line 227&#xD;
   at VideoOS.Platform.Proxy.ConfigApi.ConfigurationApiItemWrapper..ctor(ServerId serverId, String path) in D:\actions-runner\_work\XPCO\XPCO\MIP\PlatformPlugin\VideoOS.Platform\src\Proxy\ConfigApi\ConfigurationApiItemWrapper.cs:line 104&#xD;
   at VideoOS.Platform.ConfigurationItems.Factory.IsItemTypeSupported(ServerId serverId, String itemType) in D:\actions-runner\_work\XPCO\XPCO\MIP\PlatformPlugin\VideoOS.Platform\src\ConfigurationItems\Factory.cs:line 464&#xD;
MIP: Error: ConfigurationApiItemWrapper (): ConfigAPI GetItem(): System.NotImplementedException, The method or operation is not implemented.&#xD;
MIP: Error: Factory.IsItemTypeSupported (): Exception source:      VideoOS.Platform.SDK.UnitTests&#xD;
Exception type:        System.NotImplementedException&#xD;
Exception message:     The method or operation is not implemented.&#xD;
Exception target site: GetItem&#xD;
   at VideoOS.Platform.SDKUnittest.EnvironmentTests.TestConfigurationClientService.GetItem(String path) in D:\actions-runner\_work\XPCO\XPCO\MIP\MIPSDK\tst\VideoOS.Platform.SDK.UnitTests\EnvironmentTests\TestsWithCorporateShimsBase.cs:line 227&#xD;
   at VideoOS.Platform.Proxy.ConfigApi.ConfigurationApiItemWrapper..ctor(ServerId serverId, String path) in D:\actions-runner\_work\XPCO\XPCO\MIP\PlatformPlugin\VideoOS.Platform\src\Proxy\ConfigApi\ConfigurationApiItemWrapper.cs:line 104&#xD;
   at VideoOS.Platform.ConfigurationItems.Factory.IsItemTypeSupported(ServerId serverId, String itemType) in D:\actions-runner\_work\XPCO\XPCO\MIP\PlatformPlugin\VideoOS.Platform\src\ConfigurationItems\Factory.cs:line 464&#xD;
&#xD;
Factory.IsItemTypeSupportedFactory.IsItemTypeSupported ()The method or operation is not implemented.   at VideoOS.Platform.SDKUnittest.EnvironmentTests.TestConfigurationClientService.GetItem(String path) in D:\actions-runner\_work\XPCO\XPCO\MIP\MIPSDK\tst\VideoOS.Platform.SDK.UnitTests\EnvironmentTests\TestsWithCorporateShimsBase.cs:line 227&#xD;
   at VideoOS.Platform.Proxy.ConfigApi.ConfigurationApiItemWrapper..ctor(ServerId serverId, String path) in D:\actions-runner\_work\XPCO\XPCO\MIP\PlatformPlugin\VideoOS.Platform\src\Proxy\ConfigApi\ConfigurationApiItemWrapper.cs:line 104&#xD;
   at VideoOS.Platform.ConfigurationItems.Factory.IsItemTypeSupported(ServerId serverId, String itemType) in D:\actions-runner\_work\XPCO\XPCO\MIP\PlatformPlugin\VideoOS.Platform\src\ConfigurationItems\Factory.cs:line 464&#xD;
MIP: Error: LoginServerOauth (): https://1.2.3.5:55/ManagementServer/ServerCommandServiceOAuth.svc The method or operation is not implemented.&#xD;
MIP: Error: ConfigurationApiItemWrapper (): ConfigAPI GetItem(): System.NotImplementedException, The method or operation is not implemented.&#xD;
MIP: Error: Factory.IsItemTypeSupported (): Exception source:      VideoOS.Platform.SDK.UnitTests&#xD;
Exception type:        System.NotImplementedException&#xD;
Exception message:     The method or operation is not implemented.&#xD;
Exception target site: GetItem&#xD;
   at VideoOS.Platform.SDKUnittest.EnvironmentTests.TestConfigurationClientService.GetItem(String path) in D:\actions-runner\_work\XPCO\XPCO\MIP\MIPSDK\tst\VideoOS.Platform.SDK.UnitTests\EnvironmentTests\TestsWithCorporateShimsBase.cs:line 227&#xD;
   at VideoOS.Platform.Proxy.ConfigApi.ConfigurationApiItemWrapper..ctor(ServerId serverId, String path) in D:\actions-runner\_work\XPCO\XPCO\MIP\PlatformPlugin\VideoOS.Platform\src\Proxy\ConfigApi\ConfigurationApiItemWrapper.cs:line 104&#xD;
   at VideoOS.Platform.ConfigurationItems.Factory.IsItemTypeSupported(ServerId serverId, String itemType) in D:\actions-runner\_work\XPCO\XPCO\MIP\PlatformPlugin\VideoOS.Platform\src\ConfigurationItems\Factory.cs:line 464&#xD;
&#xD;
Factory.IsItemTypeSupportedFactory.IsItemTypeSupported ()The method or operation is not implemented.   at VideoOS.Platform.SDKUnittest.EnvironmentTests.TestConfigurationClientService.GetItem(String path) in D:\actions-runner\_work\XPCO\XPCO\MIP\MIPSDK\tst\VideoOS.Platform.SDK.UnitTests\EnvironmentTests\TestsWithCorporateShimsBase.cs:line 227&#xD;
   at VideoOS.Platform.Proxy.ConfigApi.ConfigurationApiItemWrapper..ctor(ServerId serverId, String path) in D:\actions-runner\_work\XPCO\XPCO\MIP\PlatformPlugin\VideoOS.Platform\src\Proxy\ConfigApi\ConfigurationApiItemWrapper.cs:line 104&#xD;
   at VideoOS.Platform.ConfigurationItems.Factory.IsItemTypeSupported(ServerId serverId, String itemType) in D:\actions-runner\_work\XPCO\XPCO\MIP\PlatformPlugin\VideoOS.Platform\src\ConfigurationItems\Factory.cs:line 464&#xD;
MIP: Error: GetConfiguration (): CustomSetting not found for the given platformDefinitionId: e145597a-ecaf-40a1-99e6-14bb9d45a09e&#xD;
MIP: Error: ConfigurationApiItemWrapper (): ConfigAPI GetItem(): System.NotImplementedException, The method or operation is not implemented.&#xD;
MIP: Error: Factory.IsItemTypeSupported (): Exception source:      VideoOS.Platform.SDK.UnitTests&#xD;
Exception type:        System.NotImplementedException&#xD;
Exception message:     The method or operation is not implemented.&#xD;
Exception target site: GetItem&#xD;
   at VideoOS.Platform.SDKUnittest.EnvironmentTests.TestConfigurationClientService.GetItem(String path) in D:\actions-runner\_work\XPCO\XPCO\MIP\MIPSDK\tst\VideoOS.Platform.SDK.UnitTests\EnvironmentTests\TestsWithCorporateShimsBase.cs:line 227&#xD;
   at VideoOS.Platform.Proxy.ConfigApi.ConfigurationApiItemWrapper..ctor(ServerId serverId, String path) in D:\actions-runner\_work\XPCO\XPCO\MIP\PlatformPlugin\VideoOS.Platform\src\Proxy\ConfigApi\ConfigurationApiItemWrapper.cs:line 104&#xD;
   at VideoOS.Platform.ConfigurationItems.Factory.IsItemTypeSupported(ServerId serverId, String itemType) in D:\actions-runner\_work\XPCO\XPCO\MIP\PlatformPlugin\VideoOS.Platform\src\ConfigurationItems\Factory.cs:line 464&#xD;
&#xD;
Factory.IsItemTypeSupportedFactory.IsItemTypeSupported ()The method or operation is not implemented.   at VideoOS.Platform.SDKUnittest.EnvironmentTests.TestConfigurationClientService.GetItem(String path) in D:\actions-runner\_work\XPCO\XPCO\MIP\MIPSDK\tst\VideoOS.Platform.SDK.UnitTests\EnvironmentTests\TestsWithCorporateShimsBase.cs:line 227&#xD;
   at VideoOS.Platform.Proxy.ConfigApi.ConfigurationApiItemWrapper..ctor(ServerId serverId, String path) in D:\actions-runner\_work\XPCO\XPCO\MIP\PlatformPlugin\VideoOS.Platform\src\Proxy\ConfigApi\ConfigurationApiItemWrapper.cs:line 104&#xD;
   at VideoOS.Platform.ConfigurationItems.Factory.IsItemTypeSupported(ServerId serverId, String itemType) in D:\actions-runner\_work\XPCO\XPCO\MIP\PlatformPlugin\VideoOS.Platform\src\ConfigurationItems\Factory.cs:line 464&#xD;
MIP: Error: LoginServerOauth (): https://1.2.3.5:55/ManagementServer/ServerCommandServiceOAuth.svc The method or operation is not implemented.&#xD;
MIP: Error: ConfigurationApiItemWrapper (): ConfigAPI GetItem(): System.NotImplementedException, The method or operation is not implemented.&#xD;
MIP: Error: ConfigurationAsync::BuildTopLevelItems LoadPlugin Loop (): Exception source:      VideoOS.Platform.SDK.UnitTests&#xD;
Exception type:        System.NotImplementedException&#xD;
Exception message:     The method or operation is not implemented.&#xD;
Exception target site: GetItem&#xD;
   at VideoOS.Platform.SDKUnittest.EnvironmentTests.TestConfigurationClientService.GetItem(String path) in D:\actions-runner\_work\XPCO\XPCO\MIP\MIPSDK\tst\VideoOS.Platform.SDK.UnitTests\EnvironmentTests\TestsWithCorporateShimsBase.cs:line 227&#xD;
   at VideoOS.Platform.Proxy.ConfigApi.ConfigurationApiItemWrapper..ctor(ServerId serverId, String path) in D:\actions-runner\_work\XPCO\XPCO\MIP\PlatformPlugin\VideoOS.Platform\src\Proxy\ConfigApi\ConfigurationApiItemWrapper.cs:line 104&#xD;
   at VideoOS.Platform.Util.VideoWall.LayoutGroupItemManager.GetItem(FQID fqid) in D:\actions-runner\_work\XPCO\XPCO\MIP\PlatformPlugin\VideoOS.Platform\src\Util\VideoWall\LayoutGroupItemManager.cs:line 57&#xD;
   at VideoOS.Platform.SDK.Platform.ConfigurationAsync.GetItems(Guid kind, ItemHierarchy itemHierarchy) in D:\actions-runner\_work\XPCO\XPCO\MIP\MIPSDK\prod\VideoOS.Platform.SDK\Platform\ConfigurationAsync.cs:line 163&#xD;
&#xD;
ConfigurationAsync::BuildTopLevelItems LoadPlugin LoopConfigurationAsync::BuildTopLevelItems LoadPlugin Loop ()The method or operation is not implemented.   at VideoOS.Platform.SDKUnittest.EnvironmentTests.TestConfigurationClientService.GetItem(String path) in D:\actions-runner\_work\XPCO\XPCO\MIP\MIPSDK\tst\VideoOS.Platform.SDK.UnitTests\EnvironmentTests\TestsWithCorporateShimsBase.cs:line 227&#xD;
   at VideoOS.Platform.Proxy.ConfigApi.ConfigurationApiItemWrapper..ctor(ServerId serverId, String path) in D:\actions-runner\_work\XPCO\XPCO\MIP\PlatformPlugin\VideoOS.Platform\src\Proxy\ConfigApi\ConfigurationApiItemWrapper.cs:line 104&#xD;
   at VideoOS.Platform.Util.VideoWall.LayoutGroupItemManager.GetItem(FQID fqid) in D:\actions-runner\_work\XPCO\XPCO\MIP\PlatformPlugin\VideoOS.Platform\src\Util\VideoWall\LayoutGroupItemManager.cs:line 57&#xD;
   at VideoOS.Platform.SDK.Platform.ConfigurationAsync.GetItems(Guid kind, ItemHierarchy itemHierarchy) in D:\actions-runner\_work\XPCO\XPCO\MIP\MIPSDK\prod\VideoOS.Platform.SDK\Platform\ConfigurationAsync.cs:line 163&#xD;
MIP: Error: ConfigurationApiItemWrapper (): ConfigAPI GetItem(): System.NotImplementedException, The method or operation is not implemented.&#xD;
MIP: Error: ConfigurationAsync::BuildTopLevelItems LoadPlugin Loop (): Exception source:      VideoOS.Platform.SDK.UnitTests&#xD;
Exception type:        System.NotImplementedException&#xD;
Exception message:     The method or operation is not implemented.&#xD;
Exception target site: GetItem&#xD;
   at VideoOS.Platform.SDKUnittest.EnvironmentTests.TestConfigurationClientService.GetItem(String path) in D:\actions-runner\_work\XPCO\XPCO\MIP\MIPSDK\tst\VideoOS.Platform.SDK.UnitTests\EnvironmentTests\TestsWithCorporateShimsBase.cs:line 227&#xD;
   at VideoOS.Platform.Proxy.ConfigApi.ConfigurationApiItemWrapper..ctor(ServerId serverId, String path) in D:\actions-runner\_work\XPCO\XPCO\MIP\PlatformPlugin\VideoOS.Platform\src\Proxy\ConfigApi\ConfigurationApiItemWrapper.cs:line 104&#xD;
   at VideoOS.Platform.Util.VideoWall.LayoutGroupItemManager.GetItem(FQID fqid) in D:\actions-runner\_work\XPCO\XPCO\MIP\PlatformPlugin\VideoOS.Platform\src\Util\VideoWall\LayoutGroupItemManager.cs:line 57&#xD;
   at VideoOS.Platform.SDK.Platform.ConfigurationAsync.GetItems(Guid kind, ItemHierarchy itemHierarchy) in D:\actions-runner\_work\XPCO\XPCO\MIP\MIPSDK\prod\VideoOS.Platform.SDK\Platform\ConfigurationAsync.cs:line 163&#xD;
&#xD;
ConfigurationAsync::BuildTopLevelItems LoadPlugin LoopConfigurationAsync::BuildTopLevelItems LoadPlugin Loop ()The method or operation is not implemented.   at VideoOS.Platform.SDKUnittest.EnvironmentTests.TestConfigurationClientService.GetItem(String path) in D:\actions-runner\_work\XPCO\XPCO\MIP\MIPSDK\tst\VideoOS.Platform.SDK.UnitTests\EnvironmentTests\TestsWithCorporateShimsBase.cs:line 227&#xD;
   at VideoOS.Platform.Proxy.ConfigApi.ConfigurationApiItemWrapper..ctor(ServerId serverId, String path) in D:\actions-runner\_work\XPCO\XPCO\MIP\PlatformPlugin\VideoOS.Platform\src\Proxy\ConfigApi\ConfigurationApiItemWrapper.cs:line 104&#xD;
   at VideoOS.Platform.Util.VideoWall.LayoutGroupItemManager.GetItem(FQID fqid) in D:\actions-runner\_work\XPCO\XPCO\MIP\PlatformPlugin\VideoOS.Platform\src\Util\VideoWall\LayoutGroupItemManager.cs:line 57&#xD;
   at VideoOS.Platform.SDK.Platform.ConfigurationAsync.GetItems(Guid kind, ItemHierarchy itemHierarchy) in D:\actions-runner\_work\XPCO\XPCO\MIP\MIPSDK\prod\VideoOS.Platform.SDK\Platform\ConfigurationAsync.cs:line 163&#xD;
MIP: Error: ConfigurationApiItemWrapper (): ConfigAPI GetItem(): System.NotImplementedException, The method or operation is not implemented.&#xD;
MIP: Error: Factory.IsItemTypeSupported (): Exception source:      VideoOS.Platform.SDK.UnitTests&#xD;
Exception type:        System.NotImplementedException&#xD;
Exception message:     The method or operation is not implemented.&#xD;
Exception target site: GetItem&#xD;
   at VideoOS.Platform.SDKUnittest.EnvironmentTests.TestConfigurationClientService.GetItem(String path) in D:\actions-runner\_work\XPCO\XPCO\MIP\MIPSDK\tst\VideoOS.Platform.SDK.UnitTests\EnvironmentTests\TestsWithCorporateShimsBase.cs:line 227&#xD;
   at VideoOS.Platform.Proxy.ConfigApi.ConfigurationApiItemWrapper..ctor(ServerId serverId, String path) in D:\actions-runner\_work\XPCO\XPCO\MIP\PlatformPlugin\VideoOS.Platform\src\Proxy\ConfigApi\ConfigurationApiItemWrapper.cs:line 104&#xD;
   at VideoOS.Platform.ConfigurationItems.Factory.IsItemTypeSupported(ServerId serverId, String itemType) in D:\actions-runner\_work\XPCO\XPCO\MIP\PlatformPlugin\VideoOS.Platform\src\ConfigurationItems\Factory.cs:line 464&#xD;
&#xD;
Factory.IsItemTypeSupportedFactory.IsItemTypeSupported ()The method or operation is not implemented.   at VideoOS.Platform.SDKUnittest.EnvironmentTests.TestConfigurationClientService.GetItem(String path) in D:\actions-runner\_work\XPCO\XPCO\MIP\MIPSDK\tst\VideoOS.Platform.SDK.UnitTests\EnvironmentTests\TestsWithCorporateShimsBase.cs:line 227&#xD;
   at VideoOS.Platform.Proxy.ConfigApi.ConfigurationApiItemWrapper..ctor(ServerId serverId, String path) in D:\actions-runner\_work\XPCO\XPCO\MIP\PlatformPlugin\VideoOS.Platform\src\Proxy\ConfigApi\ConfigurationApiItemWrapper.cs:line 104&#xD;
   at VideoOS.Platform.ConfigurationItems.Factory.IsItemTypeSupported(ServerId serverId, String itemType) in D:\actions-runner\_work\XPCO\XPCO\MIP\PlatformPlugin\VideoOS.Platform\src\ConfigurationItems\Factory.cs:line 464&#xD;
MIP: Error: ConfigurationApiItemWrapper (): ConfigAPI GetItem(): System.NotImplementedException, The method or operation is not implemented.&#xD;
MIP: Error: Factory.IsItemTypeSupported (): Exception source:      VideoOS.Platform.SDK.UnitTests&#xD;
Exception type:        System.NotImplementedException&#xD;
Exception message:     The method or operation is not implemented.&#xD;
Exception target site: GetItem&#xD;
   at VideoOS.Platform.SDKUnittest.EnvironmentTests.TestConfigurationClientService.GetItem(String path) in D:\actions-runner\_work\XPCO\XPCO\MIP\MIPSDK\tst\VideoOS.Platform.SDK.UnitTests\EnvironmentTests\TestsWithCorporateShimsBase.cs:line 227&#xD;
   at VideoOS.Platform.Proxy.ConfigApi.ConfigurationApiItemWrapper..ctor(ServerId serverId, String path) in D:\actions-runner\_work\XPCO\XPCO\MIP\PlatformPlugin\VideoOS.Platform\src\Proxy\ConfigApi\ConfigurationApiItemWrapper.cs:line 104&#xD;
   at VideoOS.Platform.ConfigurationItems.Factory.IsItemTypeSupported(ServerId serverId, String itemType) in D:\actions-runner\_work\XPCO\XPCO\MIP\PlatformPlugin\VideoOS.Platform\src\ConfigurationItems\Factory.cs:line 464&#xD;
&#xD;
Factory.IsItemTypeSupportedFactory.IsItemTypeSupported ()The method or operation is not implemented.   at VideoOS.Platform.SDKUnittest.EnvironmentTests.TestConfigurationClientService.GetItem(String path) in D:\actions-runner\_work\XPCO\XPCO\MIP\MIPSDK\tst\VideoOS.Platform.SDK.UnitTests\EnvironmentTests\TestsWithCorporateShimsBase.cs:line 227&#xD;
   at VideoOS.Platform.Proxy.ConfigApi.ConfigurationApiItemWrapper..ctor(ServerId serverId, String path) in D:\actions-runner\_work\XPCO\XPCO\MIP\PlatformPlugin\VideoOS.Platform\src\Proxy\ConfigApi\ConfigurationApiItemWrapper.cs:line 104&#xD;
   at VideoOS.Platform.ConfigurationItems.Factory.IsItemTypeSupported(ServerId serverId, String itemType) in D:\actions-runner\_work\XPCO\XPCO\MIP\PlatformPlugin\VideoOS.Platform\src\ConfigurationItems\Factory.cs:line 464&#xD;
MIP: Error: ConfigurationApiItemWrapper (): ConfigAPI GetItem(): System.NotImplementedException, The method or operation is not implemented.&#xD;
MIP: Error: Factory.IsItemTypeSupported (): Exception source:      VideoOS.Platform.SDK.UnitTests&#xD;
Exception type:        System.NotImplementedException&#xD;
Exception message:     The method or operation is not implemented.&#xD;
Exception target site: GetItem&#xD;
   at VideoOS.Platform.SDKUnittest.EnvironmentTests.TestConfigurationClientService.GetItem(String path) in D:\actions-runner\_work\XPCO\XPCO\MIP\MIPSDK\tst\VideoOS.Platform.SDK.UnitTests\EnvironmentTests\TestsWithCorporateShimsBase.cs:line 227&#xD;
   at VideoOS.Platform.Proxy.ConfigApi.ConfigurationApiItemWrapper..ctor(ServerId serverId, String path) in D:\actions-runner\_work\XPCO\XPCO\MIP\PlatformPlugin\VideoOS.Platform\src\Proxy\ConfigApi\ConfigurationApiItemWrapper.cs:line 104&#xD;
   at VideoOS.Platform.ConfigurationItems.Factory.IsItemTypeSupported(ServerId serverId, String itemType) in D:\actions-runner\_work\XPCO\XPCO\MIP\PlatformPlugin\VideoOS.Platform\src\ConfigurationItems\Factory.cs:line 464&#xD;
&#xD;
Factory.IsItemTypeSupportedFactory.IsItemTypeSupported ()The method or operation is not implemented.   at VideoOS.Platform.SDKUnittest.EnvironmentTests.TestConfigurationClientService.GetItem(String path) in D:\actions-runner\_work\XPCO\XPCO\MIP\MIPSDK\tst\VideoOS.Platform.SDK.UnitTests\EnvironmentTests\TestsWithCorporateShimsBase.cs:line 227&#xD;
   at VideoOS.Platform.Proxy.ConfigApi.ConfigurationApiItemWrapper..ctor(ServerId serverId, String path) in D:\actions-runner\_work\XPCO\XPCO\MIP\PlatformPlugin\VideoOS.Platform\src\Proxy\ConfigApi\ConfigurationApiItemWrapper.cs:line 104&#xD;
   at VideoOS.Platform.ConfigurationItems.Factory.IsItemTypeSupported(ServerId serverId, String itemType) in D:\actions-runner\_work\XPCO\XPCO\MIP\PlatformPlugin\VideoOS.Platform\src\ConfigurationItems\Factory.cs:line 464&#xD;
MIP: Error: ConfigurationApiItemWrapper (): ConfigAPI GetItem(): System.NotImplementedException, The method or operation is not implemented.&#xD;
MIP: Error: Factory.IsItemTypeSupported (): Exception source:      VideoOS.Platform.SDK.UnitTests&#xD;
Exception type:        System.NotImplementedException&#xD;
Exception message:     The method or operation is not implemented.&#xD;
Exception target site: GetItem&#xD;
   at VideoOS.Platform.SDKUnittest.EnvironmentTests.TestConfigurationClientService.GetItem(String path) in D:\actions-runner\_work\XPCO\XPCO\MIP\MIPSDK\tst\VideoOS.Platform.SDK.UnitTests\EnvironmentTests\TestsWithCorporateShimsBase.cs:line 227&#xD;
   at VideoOS.Platform.Proxy.ConfigApi.ConfigurationApiItemWrapper..ctor(ServerId serverId, String path) in D:\actions-runner\_work\XPCO\XPCO\MIP\PlatformPlugin\VideoOS.Platform\src\Proxy\ConfigApi\ConfigurationApiItemWrapper.cs:line 104&#xD;
   at VideoOS.Platform.ConfigurationItems.Factory.IsItemTypeSupported(ServerId serverId, String itemType) in D:\actions-runner\_work\XPCO\XPCO\MIP\PlatformPlugin\VideoOS.Platform\src\ConfigurationItems\Factory.cs:line 464&#xD;
&#xD;
Factory.IsItemTypeSupportedFactory.IsItemTypeSupported ()The method or operation is not implemented.   at VideoOS.Platform.SDKUnittest.EnvironmentTests.TestConfigurationClientService.GetItem(String path) in D:\actions-runner\_work\XPCO\XPCO\MIP\MIPSDK\tst\VideoOS.Platform.SDK.UnitTests\EnvironmentTests\TestsWithCorporateShimsBase.cs:line 227&#xD;
   at VideoOS.Platform.Proxy.ConfigApi.ConfigurationApiItemWrapper..ctor(ServerId serverId, String path) in D:\actions-runner\_work\XPCO\XPCO\MIP\PlatformPlugin\VideoOS.Platform\src\Proxy\ConfigApi\ConfigurationApiItemWrapper.cs:line 104&#xD;
   at VideoOS.Platform.ConfigurationItems.Factory.IsItemTypeSupported(ServerId serverId, String itemType) in D:\actions-runner\_work\XPCO\XPCO\MIP\PlatformPlugin\VideoOS.Platform\src\ConfigurationItems\Factory.cs:line 464&#xD;
MIP: Error: ConfigurationApiItemWrapper (): ConfigAPI GetItem(): System.NotImplementedException, The method or operation is not implemented.&#xD;
MIP: Error: Factory.IsItemTypeSupported (): Exception source:      VideoOS.Platform.SDK.UnitTests&#xD;
Exception type:        System.NotImplementedException&#xD;
Exception message:     The method or operation is not implemented.&#xD;
Exception target site: GetItem&#xD;
   at VideoOS.Platform.SDKUnittest.EnvironmentTests.TestConfigurationClientService.GetItem(String path) in D:\actions-runner\_work\XPCO\XPCO\MIP\MIPSDK\tst\VideoOS.Platform.SDK.UnitTests\EnvironmentTests\TestsWithCorporateShimsBase.cs:line 227&#xD;
   at VideoOS.Platform.Proxy.ConfigApi.ConfigurationApiItemWrapper..ctor(ServerId serverId, String path) in D:\actions-runner\_work\XPCO\XPCO\MIP\PlatformPlugin\VideoOS.Platform\src\Proxy\ConfigApi\ConfigurationApiItemWrapper.cs:line 104&#xD;
   at VideoOS.Platform.ConfigurationItems.Factory.IsItemTypeSupported(ServerId serverId, String itemType) in D:\actions-runner\_work\XPCO\XPCO\MIP\PlatformPlugin\VideoOS.Platform\src\ConfigurationItems\Factory.cs:line 464&#xD;
&#xD;
Factory.IsItemTypeSupportedFactory.IsItemTypeSupported ()The method or operation is not implemented.   at VideoOS.Platform.SDKUnittest.EnvironmentTests.TestConfigurationClientService.GetItem(String path) in D:\actions-runner\_work\XPCO\XPCO\MIP\MIPSDK\tst\VideoOS.Platform.SDK.UnitTests\EnvironmentTests\TestsWithCorporateShimsBase.cs:line 227&#xD;
   at VideoOS.Platform.Proxy.ConfigApi.ConfigurationApiItemWrapper..ctor(ServerId serverId, String path) in D:\actions-runner\_work\XPCO\XPCO\MIP\PlatformPlugin\VideoOS.Platform\src\Proxy\ConfigApi\ConfigurationApiItemWrapper.cs:line 104&#xD;
   at VideoOS.Platform.ConfigurationItems.Factory.IsItemTypeSupported(ServerId serverId, String itemType) in D:\actions-runner\_work\XPCO\XPCO\MIP\PlatformPlugin\VideoOS.Platform\src\ConfigurationItems\Factory.cs:line 464&#xD;
MIP: Error: ConfigurationApiItemWrapper (): ConfigAPI GetItem(): System.NotImplementedException, The method or operation is not implemented.&#xD;
MIP: Error: ConfigurationAsync::BuildTopLevelItems LoadPlugin Loop (): Exception source:      VideoOS.Platform.SDK.UnitTests&#xD;
Exception type:        System.NotImplementedException&#xD;
Exception message:     The method or operation is not implemented.&#xD;
Exception target site: GetItem&#xD;
   at VideoOS.Platform.SDKUnittest.EnvironmentTests.TestConfigurationClientService.GetItem(String path) in D:\actions-runner\_work\XPCO\XPCO\MIP\MIPSDK\tst\VideoOS.Platform.SDK.UnitTests\EnvironmentTests\TestsWithCorporateShimsBase.cs:line 227&#xD;
   at VideoOS.Platform.Proxy.ConfigApi.ConfigurationApiItemWrapper..ctor(ServerId serverId, String path) in D:\actions-runner\_work\XPCO\XPCO\MIP\PlatformPlugin\VideoOS.Platform\src\Proxy\ConfigApi\ConfigurationApiItemWrapper.cs:line 104&#xD;
   at VideoOS.Platform.Util.VideoWall.LayoutGroupItemManager.GetItem(FQID fqid) in D:\actions-runner\_work\XPCO\XPCO\MIP\PlatformPlugin\VideoOS.Platform\src\Util\VideoWall\LayoutGroupItemManager.cs:line 57&#xD;
   at VideoOS.Platform.SDK.Platform.ConfigurationAsync.GetItems(Guid kind, ItemHierarchy itemHierarchy) in D:\actions-runner\_work\XPCO\XPCO\MIP\MIPSDK\prod\VideoOS.Platform.SDK\Platform\ConfigurationAsync.cs:line 163&#xD;
&#xD;
ConfigurationAsync::BuildTopLevelItems LoadPlugin LoopConfigurationAsync::BuildTopLevelItems LoadPlugin Loop ()The method or operation is not implemented.   at VideoOS.Platform.SDKUnittest.EnvironmentTests.TestConfigurationClientService.GetItem(String path) in D:\actions-runner\_work\XPCO\XPCO\MIP\MIPSDK\tst\VideoOS.Platform.SDK.UnitTests\EnvironmentTests\TestsWithCorporateShimsBase.cs:line 227&#xD;
   at VideoOS.Platform.Proxy.ConfigApi.ConfigurationApiItemWrapper..ctor(ServerId serverId, String path) in D:\actions-runner\_work\XPCO\XPCO\MIP\PlatformPlugin\VideoOS.Platform\src\Proxy\ConfigApi\ConfigurationApiItemWrapper.cs:line 104&#xD;
   at VideoOS.Platform.Util.VideoWall.LayoutGroupItemManager.GetItem(FQID fqid) in D:\actions-runner\_work\XPCO\XPCO\MIP\PlatformPlugin\VideoOS.Platform\src\Util\VideoWall\LayoutGroupItemManager.cs:line 57&#xD;
   at VideoOS.Platform.SDK.Platform.ConfigurationAsync.GetItems(Guid kind, ItemHierarchy itemHierarchy) in D:\actions-runner\_work\XPCO\XPCO\MIP\MIPSDK\prod\VideoOS.Platform.SDK\Platform\ConfigurationAsync.cs:line 163</StdOut>
      </Output>
    </UnitTestResult>
    <UnitTestResult executionId="c12ec94b-afd7-4461-8995-391dc885156e" testId="a48a4aa2-5c0d-5259-9846-1ccc3607484c" testName="Given_Nothing_When_ReceivingAnUnknownMessage_Then_FirstPartOfTheMessgeIsLoggedInAWarning" computerName="DKSR-EFI-04" duration="00:00:00.0039015" startTime="2023-12-22T09:36:55.4217607+01:00" endTime="2023-12-22T09:36:55.4259058+01:00" testType="13cdc9d9-ddb5-4fa4-a97d-d965ccfc6d4b" outcome="Passed" testListId="8c84fa94-04c1-424b-9868-57a2d4851a1d" relativeResultsDirectory="c12ec94b-afd7-4461-8995-391dc885156e" />
    <UnitTestResult executionId="b4e2dff8-89ed-4efb-96d7-52773ad52490" testId="c9e3fbeb-75b1-7c7b-7b60-e4644d8dd577" testName="Given_ReceivedMessageContainsSuccessStatus_When_IsSuccessStatusCode_ThenResultFollowingStatusIsReturned" computerName="DKSR-EFI-04" duration="00:00:00.0012580" startTime="2023-12-22T09:36:55.4300675+01:00" endTime="2023-12-22T09:36:55.4315498+01:00" testType="13cdc9d9-ddb5-4fa4-a97d-d965ccfc6d4b" outcome="Passed" testListId="8c84fa94-04c1-424b-9868-57a2d4851a1d" relativeResultsDirectory="b4e2dff8-89ed-4efb-96d7-52773ad52490" />
    <UnitTestResult executionId="71a50e1c-115b-4b70-b591-b8bb9a25bfe0" testId="ccb2b6db-3973-b90d-56a9-3d38c12b2b8f" testName="Given_Nothing_When_ConnectUnSuccessful_Then_AnExceptionIsThrown" computerName="DKSR-EFI-04" duration="00:00:00.0024047" startTime="2023-12-22T09:36:55.2224018+01:00" endTime="2023-12-22T09:36:55.2250896+01:00" testType="13cdc9d9-ddb5-4fa4-a97d-d965ccfc6d4b" outcome="Passed" testListId="8c84fa94-04c1-424b-9868-57a2d4851a1d" relativeResultsDirectory="71a50e1c-115b-4b70-b591-b8bb9a25bfe0" />
    <UnitTestResult executionId="92f02383-60f2-43a2-9198-174a08224a1a" testId="13db86b8-d705-e0c0-8e48-91f126870b66" testName="InitializeTwice_ShouldCallServiceInitOnce" computerName="DKSR-EFI-04" duration="00:00:00.0014376" startTime="2023-12-22T09:36:53.2286133+01:00" endTime="2023-12-22T09:36:53.2301898+01:00" testType="13cdc9d9-ddb5-4fa4-a97d-d965ccfc6d4b" outcome="Passed" testListId="8c84fa94-04c1-424b-9868-57a2d4851a1d" relativeResultsDirectory="92f02383-60f2-43a2-9198-174a08224a1a" />
    <UnitTestResult executionId="758e8264-d353-48a5-bcc4-2adbec1ddca1" testId="56cbaa9d-4f02-3ab9-a0f7-ef1ee9ad216c" testName="XpcoSiteInfoUriWithType" computerName="DKSR-EFI-04" duration="00:00:00.0917050" startTime="2023-12-22T09:37:07.2758050+01:00" endTime="2023-12-22T09:37:07.3677774+01:00" testType="13cdc9d9-ddb5-4fa4-a97d-d965ccfc6d4b" outcome="Passed" testListId="8c84fa94-04c1-424b-9868-57a2d4851a1d" relativeResultsDirectory="758e8264-d353-48a5-bcc4-2adbec1ddca1">
      <Output>
        <StdOut>Debug Trace:&#xD;
TopLevelControl returns null. PostMessage may have problems</StdOut>
      </Output>
    </UnitTestResult>
    <UnitTestResult executionId="dabe1e44-9bc4-4f83-987a-2eed0d767faf" testId="ec1b8724-7d12-203f-4036-aea2a965aaa8" testName="OutgoingAudioWaveFormatSamplesPerSecond_ShouldBeSet_WhenValueIsAllowed" computerName="DKSR-EFI-04" duration="00:00:00.0003325" startTime="2023-12-22T09:37:15.9564422+01:00" endTime="2023-12-22T09:37:15.9569286+01:00" testType="13cdc9d9-ddb5-4fa4-a97d-d965ccfc6d4b" outcome="Passed" testListId="8c84fa94-04c1-424b-9868-57a2d4851a1d" relativeResultsDirectory="dabe1e44-9bc4-4f83-987a-2eed0d767faf" />
    <UnitTestResult executionId="48fb41b1-f24d-4955-ab8e-b5e81004a6e1" testId="ee90d5bb-7cd0-4c31-23ba-b62d71f38c15" testName="CheckToLong" computerName="DKSR-EFI-04" duration="00:00:00.0031180" startTime="2023-12-22T09:36:54.8417233+01:00" endTime="2023-12-22T09:36:54.8450645+01:00" testType="13cdc9d9-ddb5-4fa4-a97d-d965ccfc6d4b" outcome="Passed" testListId="8c84fa94-04c1-424b-9868-57a2d4851a1d" relativeResultsDirectory="48fb41b1-f24d-4955-ab8e-b5e81004a6e1" />
    <UnitTestResult executionId="3eb5a78e-8826-4a5b-88ba-9478689c38d8" testId="578ff933-7ee9-6ffc-c871-a9d0960055b8" testName="XpcoLoginAndGetConfguration" computerName="DKSR-EFI-04" duration="00:00:01.1764090" startTime="2023-12-22T09:37:07.4384601+01:00" endTime="2023-12-22T09:37:08.6150895+01:00" testType="13cdc9d9-ddb5-4fa4-a97d-d965ccfc6d4b" outcome="Passed" testListId="8c84fa94-04c1-424b-9868-57a2d4851a1d" relativeResultsDirectory="3eb5a78e-8826-4a5b-88ba-9478689c38d8">
      <Output>
        <StdOut>Debug Trace:&#xD;
TopLevelControl returns null. PostMessage may have problems&#xD;
MIP: Error: ConfigurationApiItemWrapper (): ConfigAPI GetItem(): System.NotImplementedException, The method or operation is not implemented.&#xD;
MIP: Error: Factory.IsItemTypeSupported (): Exception source:      VideoOS.Platform.SDK.UnitTests&#xD;
Exception type:        System.NotImplementedException&#xD;
Exception message:     The method or operation is not implemented.&#xD;
Exception target site: GetItem&#xD;
   at VideoOS.Platform.SDKUnittest.EnvironmentTests.TestConfigurationClientService.GetItem(String path) in D:\actions-runner\_work\XPCO\XPCO\MIP\MIPSDK\tst\VideoOS.Platform.SDK.UnitTests\EnvironmentTests\TestsWithCorporateShimsBase.cs:line 227&#xD;
   at VideoOS.Platform.Proxy.ConfigApi.ConfigurationApiItemWrapper..ctor(ServerId serverId, String path) in D:\actions-runner\_work\XPCO\XPCO\MIP\PlatformPlugin\VideoOS.Platform\src\Proxy\ConfigApi\ConfigurationApiItemWrapper.cs:line 104&#xD;
   at VideoOS.Platform.ConfigurationItems.Factory.IsItemTypeSupported(ServerId serverId, String itemType) in D:\actions-runner\_work\XPCO\XPCO\MIP\PlatformPlugin\VideoOS.Platform\src\ConfigurationItems\Factory.cs:line 464&#xD;
&#xD;
Factory.IsItemTypeSupportedFactory.IsItemTypeSupported ()The method or operation is not implemented.   at VideoOS.Platform.SDKUnittest.EnvironmentTests.TestConfigurationClientService.GetItem(String path) in D:\actions-runner\_work\XPCO\XPCO\MIP\MIPSDK\tst\VideoOS.Platform.SDK.UnitTests\EnvironmentTests\TestsWithCorporateShimsBase.cs:line 227&#xD;
   at VideoOS.Platform.Proxy.ConfigApi.ConfigurationApiItemWrapper..ctor(ServerId serverId, String path) in D:\actions-runner\_work\XPCO\XPCO\MIP\PlatformPlugin\VideoOS.Platform\src\Proxy\ConfigApi\ConfigurationApiItemWrapper.cs:line 104&#xD;
   at VideoOS.Platform.ConfigurationItems.Factory.IsItemTypeSupported(ServerId serverId, String itemType) in D:\actions-runner\_work\XPCO\XPCO\MIP\PlatformPlugin\VideoOS.Platform\src\ConfigurationItems\Factory.cs:line 464&#xD;
MIP: Error: GetConfiguration (): CustomSetting not found for the given platformDefinitionId: e145597a-ecaf-40a1-99e6-14bb9d45a09e&#xD;
MIP: Error: ConfigurationApiItemWrapper (): ConfigAPI GetItem(): System.NotImplementedException, The method or operation is not implemented.&#xD;
MIP: Error: Factory.IsItemTypeSupported (): Exception source:      VideoOS.Platform.SDK.UnitTests&#xD;
Exception type:        System.NotImplementedException&#xD;
Exception message:     The method or operation is not implemented.&#xD;
Exception target site: GetItem&#xD;
   at VideoOS.Platform.SDKUnittest.EnvironmentTests.TestConfigurationClientService.GetItem(String path) in D:\actions-runner\_work\XPCO\XPCO\MIP\MIPSDK\tst\VideoOS.Platform.SDK.UnitTests\EnvironmentTests\TestsWithCorporateShimsBase.cs:line 227&#xD;
   at VideoOS.Platform.Proxy.ConfigApi.ConfigurationApiItemWrapper..ctor(ServerId serverId, String path) in D:\actions-runner\_work\XPCO\XPCO\MIP\PlatformPlugin\VideoOS.Platform\src\Proxy\ConfigApi\ConfigurationApiItemWrapper.cs:line 104&#xD;
   at VideoOS.Platform.ConfigurationItems.Factory.IsItemTypeSupported(ServerId serverId, String itemType) in D:\actions-runner\_work\XPCO\XPCO\MIP\PlatformPlugin\VideoOS.Platform\src\ConfigurationItems\Factory.cs:line 464&#xD;
&#xD;
Factory.IsItemTypeSupportedFactory.IsItemTypeSupported ()The method or operation is not implemented.   at VideoOS.Platform.SDKUnittest.EnvironmentTests.TestConfigurationClientService.GetItem(String path) in D:\actions-runner\_work\XPCO\XPCO\MIP\MIPSDK\tst\VideoOS.Platform.SDK.UnitTests\EnvironmentTests\TestsWithCorporateShimsBase.cs:line 227&#xD;
   at VideoOS.Platform.Proxy.ConfigApi.ConfigurationApiItemWrapper..ctor(ServerId serverId, String path) in D:\actions-runner\_work\XPCO\XPCO\MIP\PlatformPlugin\VideoOS.Platform\src\Proxy\ConfigApi\ConfigurationApiItemWrapper.cs:line 104&#xD;
   at VideoOS.Platform.ConfigurationItems.Factory.IsItemTypeSupported(ServerId serverId, String itemType) in D:\actions-runner\_work\XPCO\XPCO\MIP\PlatformPlugin\VideoOS.Platform\src\ConfigurationItems\Factory.cs:line 464&#xD;
MIP: Error: LoginServerOauth (): https://1.2.3.5:55/ManagementServer/ServerCommandServiceOAuth.svc The method or operation is not implemented.&#xD;
MIP: Error: ConfigurationApiItemWrapper (): ConfigAPI GetItem(): System.NotImplementedException, The method or operation is not implemented.&#xD;
MIP: Error: Factory.IsItemTypeSupported (): Exception source:      VideoOS.Platform.SDK.UnitTests&#xD;
Exception type:        System.NotImplementedException&#xD;
Exception message:     The method or operation is not implemented.&#xD;
Exception target site: GetItem&#xD;
   at VideoOS.Platform.SDKUnittest.EnvironmentTests.TestConfigurationClientService.GetItem(String path) in D:\actions-runner\_work\XPCO\XPCO\MIP\MIPSDK\tst\VideoOS.Platform.SDK.UnitTests\EnvironmentTests\TestsWithCorporateShimsBase.cs:line 227&#xD;
   at VideoOS.Platform.Proxy.ConfigApi.ConfigurationApiItemWrapper..ctor(ServerId serverId, String path) in D:\actions-runner\_work\XPCO\XPCO\MIP\PlatformPlugin\VideoOS.Platform\src\Proxy\ConfigApi\ConfigurationApiItemWrapper.cs:line 104&#xD;
   at VideoOS.Platform.ConfigurationItems.Factory.IsItemTypeSupported(ServerId serverId, String itemType) in D:\actions-runner\_work\XPCO\XPCO\MIP\PlatformPlugin\VideoOS.Platform\src\ConfigurationItems\Factory.cs:line 464&#xD;
&#xD;
Factory.IsItemTypeSupportedFactory.IsItemTypeSupported ()The method or operation is not implemented.   at VideoOS.Platform.SDKUnittest.EnvironmentTests.TestConfigurationClientService.GetItem(String path) in D:\actions-runner\_work\XPCO\XPCO\MIP\MIPSDK\tst\VideoOS.Platform.SDK.UnitTests\EnvironmentTests\TestsWithCorporateShimsBase.cs:line 227&#xD;
   at VideoOS.Platform.Proxy.ConfigApi.ConfigurationApiItemWrapper..ctor(ServerId serverId, String path) in D:\actions-runner\_work\XPCO\XPCO\MIP\PlatformPlugin\VideoOS.Platform\src\Proxy\ConfigApi\ConfigurationApiItemWrapper.cs:line 104&#xD;
   at VideoOS.Platform.ConfigurationItems.Factory.IsItemTypeSupported(ServerId serverId, String itemType) in D:\actions-runner\_work\XPCO\XPCO\MIP\PlatformPlugin\VideoOS.Platform\src\ConfigurationItems\Factory.cs:line 464&#xD;
MIP: Error: GetConfiguration (): CustomSetting not found for the given platformDefinitionId: e145597a-ecaf-40a1-99e6-14bb9d45a09e&#xD;
MIP: Error: ConfigurationApiItemWrapper (): ConfigAPI GetItem(): System.NotImplementedException, The method or operation is not implemented.&#xD;
MIP: Error: Factory.IsItemTypeSupported (): Exception source:      VideoOS.Platform.SDK.UnitTests&#xD;
Exception type:        System.NotImplementedException&#xD;
Exception message:     The method or operation is not implemented.&#xD;
Exception target site: GetItem&#xD;
   at VideoOS.Platform.SDKUnittest.EnvironmentTests.TestConfigurationClientService.GetItem(String path) in D:\actions-runner\_work\XPCO\XPCO\MIP\MIPSDK\tst\VideoOS.Platform.SDK.UnitTests\EnvironmentTests\TestsWithCorporateShimsBase.cs:line 227&#xD;
   at VideoOS.Platform.Proxy.ConfigApi.ConfigurationApiItemWrapper..ctor(ServerId serverId, String path) in D:\actions-runner\_work\XPCO\XPCO\MIP\PlatformPlugin\VideoOS.Platform\src\Proxy\ConfigApi\ConfigurationApiItemWrapper.cs:line 104&#xD;
   at VideoOS.Platform.ConfigurationItems.Factory.IsItemTypeSupported(ServerId serverId, String itemType) in D:\actions-runner\_work\XPCO\XPCO\MIP\PlatformPlugin\VideoOS.Platform\src\ConfigurationItems\Factory.cs:line 464&#xD;
&#xD;
Factory.IsItemTypeSupportedFactory.IsItemTypeSupported ()The method or operation is not implemented.   at VideoOS.Platform.SDKUnittest.EnvironmentTests.TestConfigurationClientService.GetItem(String path) in D:\actions-runner\_work\XPCO\XPCO\MIP\MIPSDK\tst\VideoOS.Platform.SDK.UnitTests\EnvironmentTests\TestsWithCorporateShimsBase.cs:line 227&#xD;
   at VideoOS.Platform.Proxy.ConfigApi.ConfigurationApiItemWrapper..ctor(ServerId serverId, String path) in D:\actions-runner\_work\XPCO\XPCO\MIP\PlatformPlugin\VideoOS.Platform\src\Proxy\ConfigApi\ConfigurationApiItemWrapper.cs:line 104&#xD;
   at VideoOS.Platform.ConfigurationItems.Factory.IsItemTypeSupported(ServerId serverId, String itemType) in D:\actions-runner\_work\XPCO\XPCO\MIP\PlatformPlugin\VideoOS.Platform\src\ConfigurationItems\Factory.cs:line 464&#xD;
MIP: Error: LoginServerOauth (): https://1.2.3.5:55/ManagementServer/ServerCommandServiceOAuth.svc The method or operation is not implemented.&#xD;
MIP: Error: ConfigurationApiItemWrapper (): ConfigAPI GetItem(): System.NotImplementedException, The method or operation is not implemented.&#xD;
MIP: Error: Factory.IsItemTypeSupported (): Exception source:      VideoOS.Platform.SDK.UnitTests&#xD;
Exception type:        System.NotImplementedException&#xD;
Exception message:     The method or operation is not implemented.&#xD;
Exception target site: GetItem&#xD;
   at VideoOS.Platform.SDKUnittest.EnvironmentTests.TestConfigurationClientService.GetItem(String path) in D:\actions-runner\_work\XPCO\XPCO\MIP\MIPSDK\tst\VideoOS.Platform.SDK.UnitTests\EnvironmentTests\TestsWithCorporateShimsBase.cs:line 227&#xD;
   at VideoOS.Platform.Proxy.ConfigApi.ConfigurationApiItemWrapper..ctor(ServerId serverId, String path) in D:\actions-runner\_work\XPCO\XPCO\MIP\PlatformPlugin\VideoOS.Platform\src\Proxy\ConfigApi\ConfigurationApiItemWrapper.cs:line 104&#xD;
   at VideoOS.Platform.ConfigurationItems.Factory.IsItemTypeSupported(ServerId serverId, String itemType) in D:\actions-runner\_work\XPCO\XPCO\MIP\PlatformPlugin\VideoOS.Platform\src\ConfigurationItems\Factory.cs:line 464&#xD;
&#xD;
Factory.IsItemTypeSupportedFactory.IsItemTypeSupported ()The method or operation is not implemented.   at VideoOS.Platform.SDKUnittest.EnvironmentTests.TestConfigurationClientService.GetItem(String path) in D:\actions-runner\_work\XPCO\XPCO\MIP\MIPSDK\tst\VideoOS.Platform.SDK.UnitTests\EnvironmentTests\TestsWithCorporateShimsBase.cs:line 227&#xD;
   at VideoOS.Platform.Proxy.ConfigApi.ConfigurationApiItemWrapper..ctor(ServerId serverId, String path) in D:\actions-runner\_work\XPCO\XPCO\MIP\PlatformPlugin\VideoOS.Platform\src\Proxy\ConfigApi\ConfigurationApiItemWrapper.cs:line 104&#xD;
   at VideoOS.Platform.ConfigurationItems.Factory.IsItemTypeSupported(ServerId serverId, String itemType) in D:\actions-runner\_work\XPCO\XPCO\MIP\PlatformPlugin\VideoOS.Platform\src\ConfigurationItems\Factory.cs:line 464&#xD;
MIP: Error: ConfigurationApiItemWrapper (): ConfigAPI GetItem(): System.NotImplementedException, The method or operation is not implemented.&#xD;
MIP: Error: Factory.IsItemTypeSupported (): Exception source:      VideoOS.Platform.SDK.UnitTests&#xD;
Exception type:        System.NotImplementedException&#xD;
Exception message:     The method or operation is not implemented.&#xD;
Exception target site: GetItem&#xD;
   at VideoOS.Platform.SDKUnittest.EnvironmentTests.TestConfigurationClientService.GetItem(String path) in D:\actions-runner\_work\XPCO\XPCO\MIP\MIPSDK\tst\VideoOS.Platform.SDK.UnitTests\EnvironmentTests\TestsWithCorporateShimsBase.cs:line 227&#xD;
   at VideoOS.Platform.Proxy.ConfigApi.ConfigurationApiItemWrapper..ctor(ServerId serverId, String path) in D:\actions-runner\_work\XPCO\XPCO\MIP\PlatformPlugin\VideoOS.Platform\src\Proxy\ConfigApi\ConfigurationApiItemWrapper.cs:line 104&#xD;
   at VideoOS.Platform.ConfigurationItems.Factory.IsItemTypeSupported(ServerId serverId, String itemType) in D:\actions-runner\_work\XPCO\XPCO\MIP\PlatformPlugin\VideoOS.Platform\src\ConfigurationItems\Factory.cs:line 464&#xD;
&#xD;
Factory.IsItemTypeSupportedFactory.IsItemTypeSupported ()The method or operation is not implemented.   at VideoOS.Platform.SDKUnittest.EnvironmentTests.TestConfigurationClientService.GetItem(String path) in D:\actions-runner\_work\XPCO\XPCO\MIP\MIPSDK\tst\VideoOS.Platform.SDK.UnitTests\EnvironmentTests\TestsWithCorporateShimsBase.cs:line 227&#xD;
   at VideoOS.Platform.Proxy.ConfigApi.ConfigurationApiItemWrapper..ctor(ServerId serverId, String path) in D:\actions-runner\_work\XPCO\XPCO\MIP\PlatformPlugin\VideoOS.Platform\src\Proxy\ConfigApi\ConfigurationApiItemWrapper.cs:line 104&#xD;
   at VideoOS.Platform.ConfigurationItems.Factory.IsItemTypeSupported(ServerId serverId, String itemType) in D:\actions-runner\_work\XPCO\XPCO\MIP\PlatformPlugin\VideoOS.Platform\src\ConfigurationItems\Factory.cs:line 464&#xD;
MIP: Error: LoginServerOauth (): https://1.2.3.5:55/ManagementServer/ServerCommandServiceOAuth.svc The method or operation is not implemented.&#xD;
MIP: Error: ConfigurationApiItemWrapper (): ConfigAPI GetItem(): System.NotImplementedException, The method or operation is not implemented.&#xD;
MIP: Error: Factory.IsItemTypeSupported (): Exception source:      VideoOS.Platform.SDK.UnitTests&#xD;
Exception type:        System.NotImplementedException&#xD;
Exception message:     The method or operation is not implemented.&#xD;
Exception target site: GetItem&#xD;
   at VideoOS.Platform.SDKUnittest.EnvironmentTests.TestConfigurationClientService.GetItem(String path) in D:\actions-runner\_work\XPCO\XPCO\MIP\MIPSDK\tst\VideoOS.Platform.SDK.UnitTests\EnvironmentTests\TestsWithCorporateShimsBase.cs:line 227&#xD;
   at VideoOS.Platform.Proxy.ConfigApi.ConfigurationApiItemWrapper..ctor(ServerId serverId, String path) in D:\actions-runner\_work\XPCO\XPCO\MIP\PlatformPlugin\VideoOS.Platform\src\Proxy\ConfigApi\ConfigurationApiItemWrapper.cs:line 104&#xD;
   at VideoOS.Platform.ConfigurationItems.Factory.IsItemTypeSupported(ServerId serverId, String itemType) in D:\actions-runner\_work\XPCO\XPCO\MIP\PlatformPlugin\VideoOS.Platform\src\ConfigurationItems\Factory.cs:line 464&#xD;
&#xD;
Factory.IsItemTypeSupportedFactory.IsItemTypeSupported ()The method or operation is not implemented.   at VideoOS.Platform.SDKUnittest.EnvironmentTests.TestConfigurationClientService.GetItem(String path) in D:\actions-runner\_work\XPCO\XPCO\MIP\MIPSDK\tst\VideoOS.Platform.SDK.UnitTests\EnvironmentTests\TestsWithCorporateShimsBase.cs:line 227&#xD;
   at VideoOS.Platform.Proxy.ConfigApi.ConfigurationApiItemWrapper..ctor(ServerId serverId, String path) in D:\actions-runner\_work\XPCO\XPCO\MIP\PlatformPlugin\VideoOS.Platform\src\Proxy\ConfigApi\ConfigurationApiItemWrapper.cs:line 104&#xD;
   at VideoOS.Platform.ConfigurationItems.Factory.IsItemTypeSupported(ServerId serverId, String itemType) in D:\actions-runner\_work\XPCO\XPCO\MIP\PlatformPlugin\VideoOS.Platform\src\ConfigurationItems\Factory.cs:line 464&#xD;
MIP: Error: GetConfiguration (): CustomSetting not found for the given platformDefinitionId: e145597a-ecaf-40a1-99e6-14bb9d45a09e&#xD;
MIP: Error: ConfigurationApiItemWrapper (): ConfigAPI GetItem(): System.NotImplementedException, The method or operation is not implemented.&#xD;
MIP: Error: Factory.IsItemTypeSupported (): Exception source:      VideoOS.Platform.SDK.UnitTests&#xD;
Exception type:        System.NotImplementedException&#xD;
Exception message:     The method or operation is not implemented.&#xD;
Exception target site: GetItem&#xD;
   at VideoOS.Platform.SDKUnittest.EnvironmentTests.TestConfigurationClientService.GetItem(String path) in D:\actions-runner\_work\XPCO\XPCO\MIP\MIPSDK\tst\VideoOS.Platform.SDK.UnitTests\EnvironmentTests\TestsWithCorporateShimsBase.cs:line 227&#xD;
   at VideoOS.Platform.Proxy.ConfigApi.ConfigurationApiItemWrapper..ctor(ServerId serverId, String path) in D:\actions-runner\_work\XPCO\XPCO\MIP\PlatformPlugin\VideoOS.Platform\src\Proxy\ConfigApi\ConfigurationApiItemWrapper.cs:line 104&#xD;
   at VideoOS.Platform.ConfigurationItems.Factory.IsItemTypeSupported(ServerId serverId, String itemType) in D:\actions-runner\_work\XPCO\XPCO\MIP\PlatformPlugin\VideoOS.Platform\src\ConfigurationItems\Factory.cs:line 464&#xD;
&#xD;
Factory.IsItemTypeSupportedFactory.IsItemTypeSupported ()The method or operation is not implemented.   at VideoOS.Platform.SDKUnittest.EnvironmentTests.TestConfigurationClientService.GetItem(String path) in D:\actions-runner\_work\XPCO\XPCO\MIP\MIPSDK\tst\VideoOS.Platform.SDK.UnitTests\EnvironmentTests\TestsWithCorporateShimsBase.cs:line 227&#xD;
   at VideoOS.Platform.Proxy.ConfigApi.ConfigurationApiItemWrapper..ctor(ServerId serverId, String path) in D:\actions-runner\_work\XPCO\XPCO\MIP\PlatformPlugin\VideoOS.Platform\src\Proxy\ConfigApi\ConfigurationApiItemWrapper.cs:line 104&#xD;
   at VideoOS.Platform.ConfigurationItems.Factory.IsItemTypeSupported(ServerId serverId, String itemType) in D:\actions-runner\_work\XPCO\XPCO\MIP\PlatformPlugin\VideoOS.Platform\src\ConfigurationItems\Factory.cs:line 464&#xD;
MIP: Error: LoginServerOauth (): https://1.2.3.5:55/ManagementServer/ServerCommandServiceOAuth.svc The method or operation is not implemented.&#xD;
MIP: Error: ConfigurationApiItemWrapper (): ConfigAPI GetItem(): System.NotImplementedException, The method or operation is not implemented.&#xD;
MIP: Error: Factory.IsItemTypeSupported (): Exception source:      VideoOS.Platform.SDK.UnitTests&#xD;
Exception type:        System.NotImplementedException&#xD;
Exception message:     The method or operation is not implemented.&#xD;
Exception target site: GetItem&#xD;
   at VideoOS.Platform.SDKUnittest.EnvironmentTests.TestConfigurationClientService.GetItem(String path) in D:\actions-runner\_work\XPCO\XPCO\MIP\MIPSDK\tst\VideoOS.Platform.SDK.UnitTests\EnvironmentTests\TestsWithCorporateShimsBase.cs:line 227&#xD;
   at VideoOS.Platform.Proxy.ConfigApi.ConfigurationApiItemWrapper..ctor(ServerId serverId, String path) in D:\actions-runner\_work\XPCO\XPCO\MIP\PlatformPlugin\VideoOS.Platform\src\Proxy\ConfigApi\ConfigurationApiItemWrapper.cs:line 104&#xD;
   at VideoOS.Platform.ConfigurationItems.Factory.IsItemTypeSupported(ServerId serverId, String itemType) in D:\actions-runner\_work\XPCO\XPCO\MIP\PlatformPlugin\VideoOS.Platform\src\ConfigurationItems\Factory.cs:line 464&#xD;
&#xD;
Factory.IsItemTypeSupportedFactory.IsItemTypeSupported ()The method or operation is not implemented.   at VideoOS.Platform.SDKUnittest.EnvironmentTests.TestConfigurationClientService.GetItem(String path) in D:\actions-runner\_work\XPCO\XPCO\MIP\MIPSDK\tst\VideoOS.Platform.SDK.UnitTests\EnvironmentTests\TestsWithCorporateShimsBase.cs:line 227&#xD;
   at VideoOS.Platform.Proxy.ConfigApi.ConfigurationApiItemWrapper..ctor(ServerId serverId, String path) in D:\actions-runner\_work\XPCO\XPCO\MIP\PlatformPlugin\VideoOS.Platform\src\Proxy\ConfigApi\ConfigurationApiItemWrapper.cs:line 104&#xD;
   at VideoOS.Platform.ConfigurationItems.Factory.IsItemTypeSupported(ServerId serverId, String itemType) in D:\actions-runner\_work\XPCO\XPCO\MIP\PlatformPlugin\VideoOS.Platform\src\ConfigurationItems\Factory.cs:line 464&#xD;
MIP: Error: ConfigurationApiItemWrapper (): ConfigAPI GetItem(): System.NotImplementedException, The method or operation is not implemented.&#xD;
MIP: Error: Factory.IsItemTypeSupported (): Exception source:      VideoOS.Platform.SDK.UnitTests&#xD;
Exception type:        System.NotImplementedException&#xD;
Exception message:     The method or operation is not implemented.&#xD;
Exception target site: GetItem&#xD;
   at VideoOS.Platform.SDKUnittest.EnvironmentTests.TestConfigurationClientService.GetItem(String path) in D:\actions-runner\_work\XPCO\XPCO\MIP\MIPSDK\tst\VideoOS.Platform.SDK.UnitTests\EnvironmentTests\TestsWithCorporateShimsBase.cs:line 227&#xD;
   at VideoOS.Platform.Proxy.ConfigApi.ConfigurationApiItemWrapper..ctor(ServerId serverId, String path) in D:\actions-runner\_work\XPCO\XPCO\MIP\PlatformPlugin\VideoOS.Platform\src\Proxy\ConfigApi\ConfigurationApiItemWrapper.cs:line 104&#xD;
   at VideoOS.Platform.ConfigurationItems.Factory.IsItemTypeSupported(ServerId serverId, String itemType) in D:\actions-runner\_work\XPCO\XPCO\MIP\PlatformPlugin\VideoOS.Platform\src\ConfigurationItems\Factory.cs:line 464&#xD;
&#xD;
Factory.IsItemTypeSupportedFactory.IsItemTypeSupported ()The method or operation is not implemented.   at VideoOS.Platform.SDKUnittest.EnvironmentTests.TestConfigurationClientService.GetItem(String path) in D:\actions-runner\_work\XPCO\XPCO\MIP\MIPSDK\tst\VideoOS.Platform.SDK.UnitTests\EnvironmentTests\TestsWithCorporateShimsBase.cs:line 227&#xD;
   at VideoOS.Platform.Proxy.ConfigApi.ConfigurationApiItemWrapper..ctor(ServerId serverId, String path) in D:\actions-runner\_work\XPCO\XPCO\MIP\PlatformPlugin\VideoOS.Platform\src\Proxy\ConfigApi\ConfigurationApiItemWrapper.cs:line 104&#xD;
   at VideoOS.Platform.ConfigurationItems.Factory.IsItemTypeSupported(ServerId serverId, String itemType) in D:\actions-runner\_work\XPCO\XPCO\MIP\PlatformPlugin\VideoOS.Platform\src\ConfigurationItems\Factory.cs:line 464&#xD;
MIP: Error: LoginServerOauth (): https://1.2.3.5:55/ManagementServer/ServerCommandServiceOAuth.svc The method or operation is not implemented.&#xD;
MIP: Error: ConfigurationApiItemWrapper (): ConfigAPI GetItem(): System.NotImplementedException, The method or operation is not implemented.&#xD;
MIP: Error: Factory.IsItemTypeSupported (): Exception source:      VideoOS.Platform.SDK.UnitTests&#xD;
Exception type:        System.NotImplementedException&#xD;
Exception message:     The method or operation is not implemented.&#xD;
Exception target site: GetItem&#xD;
   at VideoOS.Platform.SDKUnittest.EnvironmentTests.TestConfigurationClientService.GetItem(String path) in D:\actions-runner\_work\XPCO\XPCO\MIP\MIPSDK\tst\VideoOS.Platform.SDK.UnitTests\EnvironmentTests\TestsWithCorporateShimsBase.cs:line 227&#xD;
   at VideoOS.Platform.Proxy.ConfigApi.ConfigurationApiItemWrapper..ctor(ServerId serverId, String path) in D:\actions-runner\_work\XPCO\XPCO\MIP\PlatformPlugin\VideoOS.Platform\src\Proxy\ConfigApi\ConfigurationApiItemWrapper.cs:line 104&#xD;
   at VideoOS.Platform.ConfigurationItems.Factory.IsItemTypeSupported(ServerId serverId, String itemType) in D:\actions-runner\_work\XPCO\XPCO\MIP\PlatformPlugin\VideoOS.Platform\src\ConfigurationItems\Factory.cs:line 464&#xD;
&#xD;
Factory.IsItemTypeSupportedFactory.IsItemTypeSupported ()The method or operation is not implemented.   at VideoOS.Platform.SDKUnittest.EnvironmentTests.TestConfigurationClientService.GetItem(String path) in D:\actions-runner\_work\XPCO\XPCO\MIP\MIPSDK\tst\VideoOS.Platform.SDK.UnitTests\EnvironmentTests\TestsWithCorporateShimsBase.cs:line 227&#xD;
   at VideoOS.Platform.Proxy.ConfigApi.ConfigurationApiItemWrapper..ctor(ServerId serverId, String path) in D:\actions-runner\_work\XPCO\XPCO\MIP\PlatformPlugin\VideoOS.Platform\src\Proxy\ConfigApi\ConfigurationApiItemWrapper.cs:line 104&#xD;
   at VideoOS.Platform.ConfigurationItems.Factory.IsItemTypeSupported(ServerId serverId, String itemType) in D:\actions-runner\_work\XPCO\XPCO\MIP\PlatformPlugin\VideoOS.Platform\src\ConfigurationItems\Factory.cs:line 464&#xD;
MIP: Error: GetConfiguration (): CustomSetting not found for the given platformDefinitionId: e145597a-ecaf-40a1-99e6-14bb9d45a09e&#xD;
MIP: Error: ConfigurationApiItemWrapper (): ConfigAPI GetItem(): System.NotImplementedException, The method or operation is not implemented.&#xD;
MIP: Error: Factory.IsItemTypeSupported (): Exception source:      VideoOS.Platform.SDK.UnitTests&#xD;
Exception type:        System.NotImplementedException&#xD;
Exception message:     The method or operation is not implemented.&#xD;
Exception target site: GetItem&#xD;
   at VideoOS.Platform.SDKUnittest.EnvironmentTests.TestConfigurationClientService.GetItem(String path) in D:\actions-runner\_work\XPCO\XPCO\MIP\MIPSDK\tst\VideoOS.Platform.SDK.UnitTests\EnvironmentTests\TestsWithCorporateShimsBase.cs:line 227&#xD;
   at VideoOS.Platform.Proxy.ConfigApi.ConfigurationApiItemWrapper..ctor(ServerId serverId, String path) in D:\actions-runner\_work\XPCO\XPCO\MIP\PlatformPlugin\VideoOS.Platform\src\Proxy\ConfigApi\ConfigurationApiItemWrapper.cs:line 104&#xD;
   at VideoOS.Platform.ConfigurationItems.Factory.IsItemTypeSupported(ServerId serverId, String itemType) in D:\actions-runner\_work\XPCO\XPCO\MIP\PlatformPlugin\VideoOS.Platform\src\ConfigurationItems\Factory.cs:line 464&#xD;
&#xD;
Factory.IsItemTypeSupportedFactory.IsItemTypeSupported ()The method or operation is not implemented.   at VideoOS.Platform.SDKUnittest.EnvironmentTests.TestConfigurationClientService.GetItem(String path) in D:\actions-runner\_work\XPCO\XPCO\MIP\MIPSDK\tst\VideoOS.Platform.SDK.UnitTests\EnvironmentTests\TestsWithCorporateShimsBase.cs:line 227&#xD;
   at VideoOS.Platform.Proxy.ConfigApi.ConfigurationApiItemWrapper..ctor(ServerId serverId, String path) in D:\actions-runner\_work\XPCO\XPCO\MIP\PlatformPlugin\VideoOS.Platform\src\Proxy\ConfigApi\ConfigurationApiItemWrapper.cs:line 104&#xD;
   at VideoOS.Platform.ConfigurationItems.Factory.IsItemTypeSupported(ServerId serverId, String itemType) in D:\actions-runner\_work\XPCO\XPCO\MIP\PlatformPlugin\VideoOS.Platform\src\ConfigurationItems\Factory.cs:line 464&#xD;
MIP: Error: LoginServerOauth (): https://1.2.3.5:55/ManagementServer/ServerCommandServiceOAuth.svc The method or operation is not implemented.&#xD;
MIP: Error: ConfigurationApiItemWrapper (): ConfigAPI GetItem(): System.NotImplementedException, The method or operation is not implemented.&#xD;
MIP: Error: Factory.IsItemTypeSupported (): Exception source:      VideoOS.Platform.SDK.UnitTests&#xD;
Exception type:        System.NotImplementedException&#xD;
Exception message:     The method or operation is not implemented.&#xD;
Exception target site: GetItem&#xD;
   at VideoOS.Platform.SDKUnittest.EnvironmentTests.TestConfigurationClientService.GetItem(String path) in D:\actions-runner\_work\XPCO\XPCO\MIP\MIPSDK\tst\VideoOS.Platform.SDK.UnitTests\EnvironmentTests\TestsWithCorporateShimsBase.cs:line 227&#xD;
   at VideoOS.Platform.Proxy.ConfigApi.ConfigurationApiItemWrapper..ctor(ServerId serverId, String path) in D:\actions-runner\_work\XPCO\XPCO\MIP\PlatformPlugin\VideoOS.Platform\src\Proxy\ConfigApi\ConfigurationApiItemWrapper.cs:line 104&#xD;
   at VideoOS.Platform.ConfigurationItems.Factory.IsItemTypeSupported(ServerId serverId, String itemType) in D:\actions-runner\_work\XPCO\XPCO\MIP\PlatformPlugin\VideoOS.Platform\src\ConfigurationItems\Factory.cs:line 464&#xD;
&#xD;
Factory.IsItemTypeSupportedFactory.IsItemTypeSupported ()The method or operation is not implemented.   at VideoOS.Platform.SDKUnittest.EnvironmentTests.TestConfigurationClientService.GetItem(String path) in D:\actions-runner\_work\XPCO\XPCO\MIP\MIPSDK\tst\VideoOS.Platform.SDK.UnitTests\EnvironmentTests\TestsWithCorporateShimsBase.cs:line 227&#xD;
   at VideoOS.Platform.Proxy.ConfigApi.ConfigurationApiItemWrapper..ctor(ServerId serverId, String path) in D:\actions-runner\_work\XPCO\XPCO\MIP\PlatformPlugin\VideoOS.Platform\src\Proxy\ConfigApi\ConfigurationApiItemWrapper.cs:line 104&#xD;
   at VideoOS.Platform.ConfigurationItems.Factory.IsItemTypeSupported(ServerId serverId, String itemType) in D:\actions-runner\_work\XPCO\XPCO\MIP\PlatformPlugin\VideoOS.Platform\src\ConfigurationItems\Factory.cs:line 464&#xD;
MIP: Error: ConfigurationApiItemWrapper (): ConfigAPI GetItem(): System.NotImplementedException, The method or operation is not implemented.&#xD;
MIP: Error: Factory.IsItemTypeSupported (): Exception source:      VideoOS.Platform.SDK.UnitTests&#xD;
Exception type:        System.NotImplementedException&#xD;
Exception message:     The method or operation is not implemented.&#xD;
Exception target site: GetItem&#xD;
   at VideoOS.Platform.SDKUnittest.EnvironmentTests.TestConfigurationClientService.GetItem(String path) in D:\actions-runner\_work\XPCO\XPCO\MIP\MIPSDK\tst\VideoOS.Platform.SDK.UnitTests\EnvironmentTests\TestsWithCorporateShimsBase.cs:line 227&#xD;
   at VideoOS.Platform.Proxy.ConfigApi.ConfigurationApiItemWrapper..ctor(ServerId serverId, String path) in D:\actions-runner\_work\XPCO\XPCO\MIP\PlatformPlugin\VideoOS.Platform\src\Proxy\ConfigApi\ConfigurationApiItemWrapper.cs:line 104&#xD;
   at VideoOS.Platform.ConfigurationItems.Factory.IsItemTypeSupported(ServerId serverId, String itemType) in D:\actions-runner\_work\XPCO\XPCO\MIP\PlatformPlugin\VideoOS.Platform\src\ConfigurationItems\Factory.cs:line 464&#xD;
&#xD;
Factory.IsItemTypeSupportedFactory.IsItemTypeSupported ()The method or operation is not implemented.   at VideoOS.Platform.SDKUnittest.EnvironmentTests.TestConfigurationClientService.GetItem(String path) in D:\actions-runner\_work\XPCO\XPCO\MIP\MIPSDK\tst\VideoOS.Platform.SDK.UnitTests\EnvironmentTests\TestsWithCorporateShimsBase.cs:line 227&#xD;
   at VideoOS.Platform.Proxy.ConfigApi.ConfigurationApiItemWrapper..ctor(ServerId serverId, String path) in D:\actions-runner\_work\XPCO\XPCO\MIP\PlatformPlugin\VideoOS.Platform\src\Proxy\ConfigApi\ConfigurationApiItemWrapper.cs:line 104&#xD;
   at VideoOS.Platform.ConfigurationItems.Factory.IsItemTypeSupported(ServerId serverId, String itemType) in D:\actions-runner\_work\XPCO\XPCO\MIP\PlatformPlugin\VideoOS.Platform\src\ConfigurationItems\Factory.cs:line 464&#xD;
MIP: Error: LoginServerOauth (): https://1.2.3.5:55/ManagementServer/ServerCommandServiceOAuth.svc The method or operation is not implemented.&#xD;
MIP: Error: ConfigurationApiItemWrapper (): ConfigAPI GetItem(): System.NotImplementedException, The method or operation is not implemented.&#xD;
MIP: Error: Factory.IsItemTypeSupported (): Exception source:      VideoOS.Platform.SDK.UnitTests&#xD;
Exception type:        System.NotImplementedException&#xD;
Exception message:     The method or operation is not implemented.&#xD;
Exception target site: GetItem&#xD;
   at VideoOS.Platform.SDKUnittest.EnvironmentTests.TestConfigurationClientService.GetItem(String path) in D:\actions-runner\_work\XPCO\XPCO\MIP\MIPSDK\tst\VideoOS.Platform.SDK.UnitTests\EnvironmentTests\TestsWithCorporateShimsBase.cs:line 227&#xD;
   at VideoOS.Platform.Proxy.ConfigApi.ConfigurationApiItemWrapper..ctor(ServerId serverId, String path) in D:\actions-runner\_work\XPCO\XPCO\MIP\PlatformPlugin\VideoOS.Platform\src\Proxy\ConfigApi\ConfigurationApiItemWrapper.cs:line 104&#xD;
   at VideoOS.Platform.ConfigurationItems.Factory.IsItemTypeSupported(ServerId serverId, String itemType) in D:\actions-runner\_work\XPCO\XPCO\MIP\PlatformPlugin\VideoOS.Platform\src\ConfigurationItems\Factory.cs:line 464&#xD;
&#xD;
Factory.IsItemTypeSupportedFactory.IsItemTypeSupported ()The method or operation is not implemented.   at VideoOS.Platform.SDKUnittest.EnvironmentTests.TestConfigurationClientService.GetItem(String path) in D:\actions-runner\_work\XPCO\XPCO\MIP\MIPSDK\tst\VideoOS.Platform.SDK.UnitTests\EnvironmentTests\TestsWithCorporateShimsBase.cs:line 227&#xD;
   at VideoOS.Platform.Proxy.ConfigApi.ConfigurationApiItemWrapper..ctor(ServerId serverId, String path) in D:\actions-runner\_work\XPCO\XPCO\MIP\PlatformPlugin\VideoOS.Platform\src\Proxy\ConfigApi\ConfigurationApiItemWrapper.cs:line 104&#xD;
   at VideoOS.Platform.ConfigurationItems.Factory.IsItemTypeSupported(ServerId serverId, String itemType) in D:\actions-runner\_work\XPCO\XPCO\MIP\PlatformPlugin\VideoOS.Platform\src\ConfigurationItems\Factory.cs:line 464&#xD;
MIP: Error: GetConfiguration (): CustomSetting not found for the given platformDefinitionId: e145597a-ecaf-40a1-99e6-14bb9d45a09e&#xD;
MIP: Error: ConfigurationApiItemWrapper (): ConfigAPI GetItem(): System.NotImplementedException, The method or operation is not implemented.&#xD;
MIP: Error: Factory.IsItemTypeSupported (): Exception source:      VideoOS.Platform.SDK.UnitTests&#xD;
Exception type:        System.NotImplementedException&#xD;
Exception message:     The method or operation is not implemented.&#xD;
Exception target site: GetItem&#xD;
   at VideoOS.Platform.SDKUnittest.EnvironmentTests.TestConfigurationClientService.GetItem(String path) in D:\actions-runner\_work\XPCO\XPCO\MIP\MIPSDK\tst\VideoOS.Platform.SDK.UnitTests\EnvironmentTests\TestsWithCorporateShimsBase.cs:line 227&#xD;
   at VideoOS.Platform.Proxy.ConfigApi.ConfigurationApiItemWrapper..ctor(ServerId serverId, String path) in D:\actions-runner\_work\XPCO\XPCO\MIP\PlatformPlugin\VideoOS.Platform\src\Proxy\ConfigApi\ConfigurationApiItemWrapper.cs:line 104&#xD;
   at VideoOS.Platform.ConfigurationItems.Factory.IsItemTypeSupported(ServerId serverId, String itemType) in D:\actions-runner\_work\XPCO\XPCO\MIP\PlatformPlugin\VideoOS.Platform\src\ConfigurationItems\Factory.cs:line 464&#xD;
&#xD;
Factory.IsItemTypeSupportedFactory.IsItemTypeSupported ()The method or operation is not implemented.   at VideoOS.Platform.SDKUnittest.EnvironmentTests.TestConfigurationClientService.GetItem(String path) in D:\actions-runner\_work\XPCO\XPCO\MIP\MIPSDK\tst\VideoOS.Platform.SDK.UnitTests\EnvironmentTests\TestsWithCorporateShimsBase.cs:line 227&#xD;
   at VideoOS.Platform.Proxy.ConfigApi.ConfigurationApiItemWrapper..ctor(ServerId serverId, String path) in D:\actions-runner\_work\XPCO\XPCO\MIP\PlatformPlugin\VideoOS.Platform\src\Proxy\ConfigApi\ConfigurationApiItemWrapper.cs:line 104&#xD;
   at VideoOS.Platform.ConfigurationItems.Factory.IsItemTypeSupported(ServerId serverId, String itemType) in D:\actions-runner\_work\XPCO\XPCO\MIP\PlatformPlugin\VideoOS.Platform\src\ConfigurationItems\Factory.cs:line 464&#xD;
MIP: Error: LoginServerOauth (): https://1.2.3.5:55/ManagementServer/ServerCommandServiceOAuth.svc The method or operation is not implemented.&#xD;
MIP: Error: ConfigurationApiItemWrapper (): ConfigAPI GetItem(): System.NotImplementedException, The method or operation is not implemented.&#xD;
MIP: Error: ConfigurationAsync::BuildTopLevelItems LoadPlugin Loop (): Exception source:      VideoOS.Platform.SDK.UnitTests&#xD;
Exception type:        System.NotImplementedException&#xD;
Exception message:     The method or operation is not implemented.&#xD;
Exception target site: GetItem&#xD;
   at VideoOS.Platform.SDKUnittest.EnvironmentTests.TestConfigurationClientService.GetItem(String path) in D:\actions-runner\_work\XPCO\XPCO\MIP\MIPSDK\tst\VideoOS.Platform.SDK.UnitTests\EnvironmentTests\TestsWithCorporateShimsBase.cs:line 227&#xD;
   at VideoOS.Platform.Proxy.ConfigApi.ConfigurationApiItemWrapper..ctor(ServerId serverId, String path) in D:\actions-runner\_work\XPCO\XPCO\MIP\PlatformPlugin\VideoOS.Platform\src\Proxy\ConfigApi\ConfigurationApiItemWrapper.cs:line 104&#xD;
   at VideoOS.Platform.Util.VideoWall.LayoutGroupItemManager.GetItem(FQID fqid) in D:\actions-runner\_work\XPCO\XPCO\MIP\PlatformPlugin\VideoOS.Platform\src\Util\VideoWall\LayoutGroupItemManager.cs:line 57&#xD;
   at VideoOS.Platform.SDK.Platform.ConfigurationAsync.GetItems(Guid kind, ItemHierarchy itemHierarchy) in D:\actions-runner\_work\XPCO\XPCO\MIP\MIPSDK\prod\VideoOS.Platform.SDK\Platform\ConfigurationAsync.cs:line 163&#xD;
&#xD;
ConfigurationAsync::BuildTopLevelItems LoadPlugin LoopConfigurationAsync::BuildTopLevelItems LoadPlugin Loop ()The method or operation is not implemented.   at VideoOS.Platform.SDKUnittest.EnvironmentTests.TestConfigurationClientService.GetItem(String path) in D:\actions-runner\_work\XPCO\XPCO\MIP\MIPSDK\tst\VideoOS.Platform.SDK.UnitTests\EnvironmentTests\TestsWithCorporateShimsBase.cs:line 227&#xD;
   at VideoOS.Platform.Proxy.ConfigApi.ConfigurationApiItemWrapper..ctor(ServerId serverId, String path) in D:\actions-runner\_work\XPCO\XPCO\MIP\PlatformPlugin\VideoOS.Platform\src\Proxy\ConfigApi\ConfigurationApiItemWrapper.cs:line 104&#xD;
   at VideoOS.Platform.Util.VideoWall.LayoutGroupItemManager.GetItem(FQID fqid) in D:\actions-runner\_work\XPCO\XPCO\MIP\PlatformPlugin\VideoOS.Platform\src\Util\VideoWall\LayoutGroupItemManager.cs:line 57&#xD;
   at VideoOS.Platform.SDK.Platform.ConfigurationAsync.GetItems(Guid kind, ItemHierarchy itemHierarchy) in D:\actions-runner\_work\XPCO\XPCO\MIP\MIPSDK\prod\VideoOS.Platform.SDK\Platform\ConfigurationAsync.cs:line 163&#xD;
MIP: Error: ConfigurationApiItemWrapper (): ConfigAPI GetItem(): System.NotImplementedException, The method or operation is not implemented.&#xD;
MIP: Error: ConfigurationAsync::BuildTopLevelItems LoadPlugin Loop (): Exception source:      VideoOS.Platform.SDK.UnitTests&#xD;
Exception type:        System.NotImplementedException&#xD;
Exception message:     The method or operation is not implemented.&#xD;
Exception target site: GetItem&#xD;
   at VideoOS.Platform.SDKUnittest.EnvironmentTests.TestConfigurationClientService.GetItem(String path) in D:\actions-runner\_work\XPCO\XPCO\MIP\MIPSDK\tst\VideoOS.Platform.SDK.UnitTests\EnvironmentTests\TestsWithCorporateShimsBase.cs:line 227&#xD;
   at VideoOS.Platform.Proxy.ConfigApi.ConfigurationApiItemWrapper..ctor(ServerId serverId, String path) in D:\actions-runner\_work\XPCO\XPCO\MIP\PlatformPlugin\VideoOS.Platform\src\Proxy\ConfigApi\ConfigurationApiItemWrapper.cs:line 104&#xD;
   at VideoOS.Platform.Util.VideoWall.LayoutGroupItemManager.GetItem(FQID fqid) in D:\actions-runner\_work\XPCO\XPCO\MIP\PlatformPlugin\VideoOS.Platform\src\Util\VideoWall\LayoutGroupItemManager.cs:line 57&#xD;
   at VideoOS.Platform.SDK.Platform.ConfigurationAsync.GetItems(Guid kind, ItemHierarchy itemHierarchy) in D:\actions-runner\_work\XPCO\XPCO\MIP\MIPSDK\prod\VideoOS.Platform.SDK\Platform\ConfigurationAsync.cs:line 163&#xD;
&#xD;
ConfigurationAsync::BuildTopLevelItems LoadPlugin LoopConfigurationAsync::BuildTopLevelItems LoadPlugin Loop ()The method or operation is not implemented.   at VideoOS.Platform.SDKUnittest.EnvironmentTests.TestConfigurationClientService.GetItem(String path) in D:\actions-runner\_work\XPCO\XPCO\MIP\MIPSDK\tst\VideoOS.Platform.SDK.UnitTests\EnvironmentTests\TestsWithCorporateShimsBase.cs:line 227&#xD;
   at VideoOS.Platform.Proxy.ConfigApi.ConfigurationApiItemWrapper..ctor(ServerId serverId, String path) in D:\actions-runner\_work\XPCO\XPCO\MIP\PlatformPlugin\VideoOS.Platform\src\Proxy\ConfigApi\ConfigurationApiItemWrapper.cs:line 104&#xD;
   at VideoOS.Platform.Util.VideoWall.LayoutGroupItemManager.GetItem(FQID fqid) in D:\actions-runner\_work\XPCO\XPCO\MIP\PlatformPlugin\VideoOS.Platform\src\Util\VideoWall\LayoutGroupItemManager.cs:line 57&#xD;
   at VideoOS.Platform.SDK.Platform.ConfigurationAsync.GetItems(Guid kind, ItemHierarchy itemHierarchy) in D:\actions-runner\_work\XPCO\XPCO\MIP\MIPSDK\prod\VideoOS.Platform.SDK\Platform\ConfigurationAsync.cs:line 163&#xD;
MIP: Error: ConfigurationApiItemWrapper (): ConfigAPI GetItem(): System.NotImplementedException, The method or operation is not implemented.&#xD;
MIP: Error: Factory.IsItemTypeSupported (): Exception source:      VideoOS.Platform.SDK.UnitTests&#xD;
Exception type:        System.NotImplementedException&#xD;
Exception message:     The method or operation is not implemented.&#xD;
Exception target site: GetItem&#xD;
   at VideoOS.Platform.SDKUnittest.EnvironmentTests.TestConfigurationClientService.GetItem(String path) in D:\actions-runner\_work\XPCO\XPCO\MIP\MIPSDK\tst\VideoOS.Platform.SDK.UnitTests\EnvironmentTests\TestsWithCorporateShimsBase.cs:line 227&#xD;
   at VideoOS.Platform.Proxy.ConfigApi.ConfigurationApiItemWrapper..ctor(ServerId serverId, String path) in D:\actions-runner\_work\XPCO\XPCO\MIP\PlatformPlugin\VideoOS.Platform\src\Proxy\ConfigApi\ConfigurationApiItemWrapper.cs:line 104&#xD;
   at VideoOS.Platform.ConfigurationItems.Factory.IsItemTypeSupported(ServerId serverId, String itemType) in D:\actions-runner\_work\XPCO\XPCO\MIP\PlatformPlugin\VideoOS.Platform\src\ConfigurationItems\Factory.cs:line 464&#xD;
&#xD;
Factory.IsItemTypeSupportedFactory.IsItemTypeSupported ()The method or operation is not implemented.   at VideoOS.Platform.SDKUnittest.EnvironmentTests.TestConfigurationClientService.GetItem(String path) in D:\actions-runner\_work\XPCO\XPCO\MIP\MIPSDK\tst\VideoOS.Platform.SDK.UnitTests\EnvironmentTests\TestsWithCorporateShimsBase.cs:line 227&#xD;
   at VideoOS.Platform.Proxy.ConfigApi.ConfigurationApiItemWrapper..ctor(ServerId serverId, String path) in D:\actions-runner\_work\XPCO\XPCO\MIP\PlatformPlugin\VideoOS.Platform\src\Proxy\ConfigApi\ConfigurationApiItemWrapper.cs:line 104&#xD;
   at VideoOS.Platform.ConfigurationItems.Factory.IsItemTypeSupported(ServerId serverId, String itemType) in D:\actions-runner\_work\XPCO\XPCO\MIP\PlatformPlugin\VideoOS.Platform\src\ConfigurationItems\Factory.cs:line 464&#xD;
MIP: Error: ConfigurationApiItemWrapper (): ConfigAPI GetItem(): System.NotImplementedException, The method or operation is not implemented.&#xD;
MIP: Error: Factory.IsItemTypeSupported (): Exception source:      VideoOS.Platform.SDK.UnitTests&#xD;
Exception type:        System.NotImplementedException&#xD;
Exception message:     The method or operation is not implemented.&#xD;
Exception target site: GetItem&#xD;
   at VideoOS.Platform.SDKUnittest.EnvironmentTests.TestConfigurationClientService.GetItem(String path) in D:\actions-runner\_work\XPCO\XPCO\MIP\MIPSDK\tst\VideoOS.Platform.SDK.UnitTests\EnvironmentTests\TestsWithCorporateShimsBase.cs:line 227&#xD;
   at VideoOS.Platform.Proxy.ConfigApi.ConfigurationApiItemWrapper..ctor(ServerId serverId, String path) in D:\actions-runner\_work\XPCO\XPCO\MIP\PlatformPlugin\VideoOS.Platform\src\Proxy\ConfigApi\ConfigurationApiItemWrapper.cs:line 104&#xD;
   at VideoOS.Platform.ConfigurationItems.Factory.IsItemTypeSupported(ServerId serverId, String itemType) in D:\actions-runner\_work\XPCO\XPCO\MIP\PlatformPlugin\VideoOS.Platform\src\ConfigurationItems\Factory.cs:line 464&#xD;
&#xD;
Factory.IsItemTypeSupportedFactory.IsItemTypeSupported ()The method or operation is not implemented.   at VideoOS.Platform.SDKUnittest.EnvironmentTests.TestConfigurationClientService.GetItem(String path) in D:\actions-runner\_work\XPCO\XPCO\MIP\MIPSDK\tst\VideoOS.Platform.SDK.UnitTests\EnvironmentTests\TestsWithCorporateShimsBase.cs:line 227&#xD;
   at VideoOS.Platform.Proxy.ConfigApi.ConfigurationApiItemWrapper..ctor(ServerId serverId, String path) in D:\actions-runner\_work\XPCO\XPCO\MIP\PlatformPlugin\VideoOS.Platform\src\Proxy\ConfigApi\ConfigurationApiItemWrapper.cs:line 104&#xD;
   at VideoOS.Platform.ConfigurationItems.Factory.IsItemTypeSupported(ServerId serverId, String itemType) in D:\actions-runner\_work\XPCO\XPCO\MIP\PlatformPlugin\VideoOS.Platform\src\ConfigurationItems\Factory.cs:line 464&#xD;
MIP: Error: ConfigurationApiItemWrapper (): ConfigAPI GetItem(): System.NotImplementedException, The method or operation is not implemented.&#xD;
MIP: Error: Factory.IsItemTypeSupported (): Exception source:      VideoOS.Platform.SDK.UnitTests&#xD;
Exception type:        System.NotImplementedException&#xD;
Exception message:     The method or operation is not implemented.&#xD;
Exception target site: GetItem&#xD;
   at VideoOS.Platform.SDKUnittest.EnvironmentTests.TestConfigurationClientService.GetItem(String path) in D:\actions-runner\_work\XPCO\XPCO\MIP\MIPSDK\tst\VideoOS.Platform.SDK.UnitTests\EnvironmentTests\TestsWithCorporateShimsBase.cs:line 227&#xD;
   at VideoOS.Platform.Proxy.ConfigApi.ConfigurationApiItemWrapper..ctor(ServerId serverId, String path) in D:\actions-runner\_work\XPCO\XPCO\MIP\PlatformPlugin\VideoOS.Platform\src\Proxy\ConfigApi\ConfigurationApiItemWrapper.cs:line 104&#xD;
   at VideoOS.Platform.ConfigurationItems.Factory.IsItemTypeSupported(ServerId serverId, String itemType) in D:\actions-runner\_work\XPCO\XPCO\MIP\PlatformPlugin\VideoOS.Platform\src\ConfigurationItems\Factory.cs:line 464&#xD;
&#xD;
Factory.IsItemTypeSupportedFactory.IsItemTypeSupported ()The method or operation is not implemented.   at VideoOS.Platform.SDKUnittest.EnvironmentTests.TestConfigurationClientService.GetItem(String path) in D:\actions-runner\_work\XPCO\XPCO\MIP\MIPSDK\tst\VideoOS.Platform.SDK.UnitTests\EnvironmentTests\TestsWithCorporateShimsBase.cs:line 227&#xD;
   at VideoOS.Platform.Proxy.ConfigApi.ConfigurationApiItemWrapper..ctor(ServerId serverId, String path) in D:\actions-runner\_work\XPCO\XPCO\MIP\PlatformPlugin\VideoOS.Platform\src\Proxy\ConfigApi\ConfigurationApiItemWrapper.cs:line 104&#xD;
   at VideoOS.Platform.ConfigurationItems.Factory.IsItemTypeSupported(ServerId serverId, String itemType) in D:\actions-runner\_work\XPCO\XPCO\MIP\PlatformPlugin\VideoOS.Platform\src\ConfigurationItems\Factory.cs:line 464&#xD;
MIP: Error: ConfigurationApiItemWrapper (): ConfigAPI GetItem(): System.NotImplementedException, The method or operation is not implemented.&#xD;
MIP: Error: Factory.IsItemTypeSupported (): Exception source:      VideoOS.Platform.SDK.UnitTests&#xD;
Exception type:        System.NotImplementedException&#xD;
Exception message:     The method or operation is not implemented.&#xD;
Exception target site: GetItem&#xD;
   at VideoOS.Platform.SDKUnittest.EnvironmentTests.TestConfigurationClientService.GetItem(String path) in D:\actions-runner\_work\XPCO\XPCO\MIP\MIPSDK\tst\VideoOS.Platform.SDK.UnitTests\EnvironmentTests\TestsWithCorporateShimsBase.cs:line 227&#xD;
   at VideoOS.Platform.Proxy.ConfigApi.ConfigurationApiItemWrapper..ctor(ServerId serverId, String path) in D:\actions-runner\_work\XPCO\XPCO\MIP\PlatformPlugin\VideoOS.Platform\src\Proxy\ConfigApi\ConfigurationApiItemWrapper.cs:line 104&#xD;
   at VideoOS.Platform.ConfigurationItems.Factory.IsItemTypeSupported(ServerId serverId, String itemType) in D:\actions-runner\_work\XPCO\XPCO\MIP\PlatformPlugin\VideoOS.Platform\src\ConfigurationItems\Factory.cs:line 464&#xD;
&#xD;
Factory.IsItemTypeSupportedFactory.IsItemTypeSupported ()The method or operation is not implemented.   at VideoOS.Platform.SDKUnittest.EnvironmentTests.TestConfigurationClientService.GetItem(String path) in D:\actions-runner\_work\XPCO\XPCO\MIP\MIPSDK\tst\VideoOS.Platform.SDK.UnitTests\EnvironmentTests\TestsWithCorporateShimsBase.cs:line 227&#xD;
   at VideoOS.Platform.Proxy.ConfigApi.ConfigurationApiItemWrapper..ctor(ServerId serverId, String path) in D:\actions-runner\_work\XPCO\XPCO\MIP\PlatformPlugin\VideoOS.Platform\src\Proxy\ConfigApi\ConfigurationApiItemWrapper.cs:line 104&#xD;
   at VideoOS.Platform.ConfigurationItems.Factory.IsItemTypeSupported(ServerId serverId, String itemType) in D:\actions-runner\_work\XPCO\XPCO\MIP\PlatformPlugin\VideoOS.Platform\src\ConfigurationItems\Factory.cs:line 464&#xD;
MIP: Error: ConfigurationApiItemWrapper (): ConfigAPI GetItem(): System.NotImplementedException, The method or operation is not implemented.&#xD;
MIP: Error: Factory.IsItemTypeSupported (): Exception source:      VideoOS.Platform.SDK.UnitTests&#xD;
Exception type:        System.NotImplementedException&#xD;
Exception message:     The method or operation is not implemented.&#xD;
Exception target site: GetItem&#xD;
   at VideoOS.Platform.SDKUnittest.EnvironmentTests.TestConfigurationClientService.GetItem(String path) in D:\actions-runner\_work\XPCO\XPCO\MIP\MIPSDK\tst\VideoOS.Platform.SDK.UnitTests\EnvironmentTests\TestsWithCorporateShimsBase.cs:line 227&#xD;
   at VideoOS.Platform.Proxy.ConfigApi.ConfigurationApiItemWrapper..ctor(ServerId serverId, String path) in D:\actions-runner\_work\XPCO\XPCO\MIP\PlatformPlugin\VideoOS.Platform\src\Proxy\ConfigApi\ConfigurationApiItemWrapper.cs:line 104&#xD;
   at VideoOS.Platform.ConfigurationItems.Factory.IsItemTypeSupported(ServerId serverId, String itemType) in D:\actions-runner\_work\XPCO\XPCO\MIP\PlatformPlugin\VideoOS.Platform\src\ConfigurationItems\Factory.cs:line 464&#xD;
&#xD;
Factory.IsItemTypeSupportedFactory.IsItemTypeSupported ()The method or operation is not implemented.   at VideoOS.Platform.SDKUnittest.EnvironmentTests.TestConfigurationClientService.GetItem(String path) in D:\actions-runner\_work\XPCO\XPCO\MIP\MIPSDK\tst\VideoOS.Platform.SDK.UnitTests\EnvironmentTests\TestsWithCorporateShimsBase.cs:line 227&#xD;
   at VideoOS.Platform.Proxy.ConfigApi.ConfigurationApiItemWrapper..ctor(ServerId serverId, String path) in D:\actions-runner\_work\XPCO\XPCO\MIP\PlatformPlugin\VideoOS.Platform\src\Proxy\ConfigApi\ConfigurationApiItemWrapper.cs:line 104&#xD;
   at VideoOS.Platform.ConfigurationItems.Factory.IsItemTypeSupported(ServerId serverId, String itemType) in D:\actions-runner\_work\XPCO\XPCO\MIP\PlatformPlugin\VideoOS.Platform\src\ConfigurationItems\Factory.cs:line 464&#xD;
MIP: Error: ConfigurationApiItemWrapper (): ConfigAPI GetItem(): System.NotImplementedException, The method or operation is not implemented.&#xD;
MIP: Error: ConfigurationAsync::BuildTopLevelItems LoadPlugin Loop (): Exception source:      VideoOS.Platform.SDK.UnitTests&#xD;
Exception type:        System.NotImplementedException&#xD;
Exception message:     The method or operation is not implemented.&#xD;
Exception target site: GetItem&#xD;
   at VideoOS.Platform.SDKUnittest.EnvironmentTests.TestConfigurationClientService.GetItem(String path) in D:\actions-runner\_work\XPCO\XPCO\MIP\MIPSDK\tst\VideoOS.Platform.SDK.UnitTests\EnvironmentTests\TestsWithCorporateShimsBase.cs:line 227&#xD;
   at VideoOS.Platform.Proxy.ConfigApi.ConfigurationApiItemWrapper..ctor(ServerId serverId, String path) in D:\actions-runner\_work\XPCO\XPCO\MIP\PlatformPlugin\VideoOS.Platform\src\Proxy\ConfigApi\ConfigurationApiItemWrapper.cs:line 104&#xD;
   at VideoOS.Platform.Util.VideoWall.LayoutGroupItemManager.GetItem(FQID fqid) in D:\actions-runner\_work\XPCO\XPCO\MIP\PlatformPlugin\VideoOS.Platform\src\Util\VideoWall\LayoutGroupItemManager.cs:line 57&#xD;
   at VideoOS.Platform.SDK.Platform.ConfigurationAsync.GetItems(Guid kind, ItemHierarchy itemHierarchy) in D:\actions-runner\_work\XPCO\XPCO\MIP\MIPSDK\prod\VideoOS.Platform.SDK\Platform\ConfigurationAsync.cs:line 163&#xD;
&#xD;
ConfigurationAsync::BuildTopLevelItems LoadPlugin LoopConfigurationAsync::BuildTopLevelItems LoadPlugin Loop ()The method or operation is not implemented.   at VideoOS.Platform.SDKUnittest.EnvironmentTests.TestConfigurationClientService.GetItem(String path) in D:\actions-runner\_work\XPCO\XPCO\MIP\MIPSDK\tst\VideoOS.Platform.SDK.UnitTests\EnvironmentTests\TestsWithCorporateShimsBase.cs:line 227&#xD;
   at VideoOS.Platform.Proxy.ConfigApi.ConfigurationApiItemWrapper..ctor(ServerId serverId, String path) in D:\actions-runner\_work\XPCO\XPCO\MIP\PlatformPlugin\VideoOS.Platform\src\Proxy\ConfigApi\ConfigurationApiItemWrapper.cs:line 104&#xD;
   at VideoOS.Platform.Util.VideoWall.LayoutGroupItemManager.GetItem(FQID fqid) in D:\actions-runner\_work\XPCO\XPCO\MIP\PlatformPlugin\VideoOS.Platform\src\Util\VideoWall\LayoutGroupItemManager.cs:line 57&#xD;
   at VideoOS.Platform.SDK.Platform.ConfigurationAsync.GetItems(Guid kind, ItemHierarchy itemHierarchy) in D:\actions-runner\_work\XPCO\XPCO\MIP\MIPSDK\prod\VideoOS.Platform.SDK\Platform\ConfigurationAsync.cs:line 163</StdOut>
      </Output>
    </UnitTestResult>
    <UnitTestResult executionId="98be4c1f-ab0b-4de5-b0de-4b76cf57a2ef" testId="e5fc20b5-92e7-3e56-1ed6-e269e15a74db" testName="Clear_Correct" computerName="DKSR-EFI-04" duration="00:00:00.0007252" startTime="2023-12-22T09:36:54.9677424+01:00" endTime="2023-12-22T09:36:54.9686489+01:00" testType="13cdc9d9-ddb5-4fa4-a97d-d965ccfc6d4b" outcome="Passed" testListId="8c84fa94-04c1-424b-9868-57a2d4851a1d" relativeResultsDirectory="98be4c1f-ab0b-4de5-b0de-4b76cf57a2ef" />
    <UnitTestResult executionId="24b78a05-a66e-4bac-8a54-fec253291278" testId="6921a09d-04ff-2013-2cd1-d68e7b47c780" testName="LoadSiteItem_Success" computerName="DKSR-EFI-04" duration="00:00:00.0316822" startTime="2023-12-22T09:36:52.6568122+01:00" endTime="2023-12-22T09:36:52.6886703+01:00" testType="13cdc9d9-ddb5-4fa4-a97d-d965ccfc6d4b" outcome="Passed" testListId="8c84fa94-04c1-424b-9868-57a2d4851a1d" relativeResultsDirectory="24b78a05-a66e-4bac-8a54-fec253291278" />
    <UnitTestResult executionId="18cc182b-be5d-4656-8778-d5a60df50a9d" testId="12830b4f-7828-9fc9-0289-1b8030e1633a" testName="CreateSession_ShouldStartSession_AndDispose_ShouldStopSession" computerName="DKSR-EFI-04" duration="00:00:00.0334641" startTime="2023-12-22T09:36:55.2258768+01:00" endTime="2023-12-22T09:36:55.2597453+01:00" testType="13cdc9d9-ddb5-4fa4-a97d-d965ccfc6d4b" outcome="Passed" testListId="8c84fa94-04c1-424b-9868-57a2d4851a1d" relativeResultsDirectory="18cc182b-be5d-4656-8778-d5a60df50a9d" />
    <UnitTestResult executionId="4f982268-981d-4913-b271-68d3e96eff8f" testId="9e96d681-4077-c58a-c79c-4c329c7488ff" testName="Initialize_ShouldReturnFalse_WhenNoRecordingDeviceIsAvailable" computerName="DKSR-EFI-04" duration="00:00:00.0205718" startTime="2023-12-22T09:37:15.9229161+01:00" endTime="2023-12-22T09:37:15.9438497+01:00" testType="13cdc9d9-ddb5-4fa4-a97d-d965ccfc6d4b" outcome="Passed" testListId="8c84fa94-04c1-424b-9868-57a2d4851a1d" relativeResultsDirectory="4f982268-981d-4913-b271-68d3e96eff8f" />
    <UnitTestResult executionId="b2593a45-cf6c-4f2d-94ab-acd14bb71188" testId="fb5100d5-9a8d-d95c-0716-79d1d251b3ac" testName="Given_Connected_When_AResponseIsUnSuccesful_Then_AnExceptionIsThrown" computerName="DKSR-EFI-04" duration="00:00:00.0139917" startTime="2023-12-22T09:36:55.0928094+01:00" endTime="2023-12-22T09:36:55.1071036+01:00" testType="13cdc9d9-ddb5-4fa4-a97d-d965ccfc6d4b" outcome="Passed" testListId="8c84fa94-04c1-424b-9868-57a2d4851a1d" relativeResultsDirectory="b2593a45-cf6c-4f2d-94ab-acd14bb71188" />
    <UnitTestResult executionId="16220f02-a573-4da3-bcb6-c6b25db77497" testId="1d9f532a-78eb-f4e1-0dd2-c5f03d1be90f" testName="StripXmlHeader_WhenHeaderPresent_StripsItOut" computerName="DKSR-EFI-04" duration="00:00:00.0017552" startTime="2023-12-22T09:36:53.2396659+01:00" endTime="2023-12-22T09:36:53.2415885+01:00" testType="13cdc9d9-ddb5-4fa4-a97d-d965ccfc6d4b" outcome="Passed" testListId="8c84fa94-04c1-424b-9868-57a2d4851a1d" relativeResultsDirectory="16220f02-a573-4da3-bcb6-c6b25db77497" />
    <UnitTestResult executionId="1702c293-6da3-4e2e-9ecf-8d562d9255ae" testId="b4cef04e-2d44-bef8-05c3-d2ca96c4a23e" testName="Givent_MessageContainingEventWithData_When_ConvertingToEvents_Then_DataIsOfType_JsonHandling_JSonObject" computerName="DKSR-EFI-04" duration="00:00:00.0007547" startTime="2023-12-22T09:36:55.4730986+01:00" endTime="2023-12-22T09:36:55.4740769+01:00" testType="13cdc9d9-ddb5-4fa4-a97d-d965ccfc6d4b" outcome="Passed" testListId="8c84fa94-04c1-424b-9868-57a2d4851a1d" relativeResultsDirectory="1702c293-6da3-4e2e-9ecf-8d562d9255ae" />
    <UnitTestResult executionId="c58785f8-0f1c-4f9a-8d58-47ab059d147f" testId="58703ce4-1c67-ed97-f1a4-1af1a3003de0" testName="Givent_MessageContainingEventWithData_When_CallingGetDataOfCorrectType_Then_ACompleteObjectIsReturned" computerName="DKSR-EFI-04" duration="00:00:00.0135608" startTime="2023-12-22T09:36:55.4748445+01:00" endTime="2023-12-22T09:36:55.4886512+01:00" testType="13cdc9d9-ddb5-4fa4-a97d-d965ccfc6d4b" outcome="Passed" testListId="8c84fa94-04c1-424b-9868-57a2d4851a1d" relativeResultsDirectory="c58785f8-0f1c-4f9a-8d58-47ab059d147f" />
    <UnitTestResult executionId="f897825a-5f0f-44a4-8e0d-d68b6cdc7133" testId="c6c8e4f0-4405-665a-2542-a321d8677d46" testName="TryCreateParentUri_WhenSecondUrlKeyPresent_ReturnsIt" computerName="DKSR-EFI-04" duration="00:00:00.0008809" startTime="2023-12-22T09:36:54.6942940+01:00" endTime="2023-12-22T09:36:54.6954070+01:00" testType="13cdc9d9-ddb5-4fa4-a97d-d965ccfc6d4b" outcome="Passed" testListId="8c84fa94-04c1-424b-9868-57a2d4851a1d" relativeResultsDirectory="f897825a-5f0f-44a4-8e0d-d68b6cdc7133" />
    <UnitTestResult executionId="4f049ca9-0705-486f-9538-e9fbfc79ff33" testId="cba02d2f-4f19-49c0-1575-9037f596fa95" testName="XpcoServerConnectedFail" computerName="DKSR-EFI-04" duration="00:00:00.0673692" startTime="2023-12-22T09:37:10.3449033+01:00" endTime="2023-12-22T09:37:10.4124860+01:00" testType="13cdc9d9-ddb5-4fa4-a97d-d965ccfc6d4b" outcome="Passed" testListId="8c84fa94-04c1-424b-9868-57a2d4851a1d" relativeResultsDirectory="4f049ca9-0705-486f-9538-e9fbfc79ff33" />
    <UnitTestResult executionId="1c56b41f-771b-4f51-a2dd-200a710b827f" testId="85afdadd-d6c2-2083-0346-abf07f63d82d" testName="XpcoMultiLoginSuccess" computerName="DKSR-EFI-04" duration="00:00:00.1559035" startTime="2023-12-22T09:36:58.0040587+01:00" endTime="2023-12-22T09:36:58.1604560+01:00" testType="13cdc9d9-ddb5-4fa4-a97d-d965ccfc6d4b" outcome="Passed" testListId="8c84fa94-04c1-424b-9868-57a2d4851a1d" relativeResultsDirectory="1c56b41f-771b-4f51-a2dd-200a710b827f">
      <Output>
        <StdOut>Debug Trace:&#xD;
TopLevelControl returns null. PostMessage may have problems</StdOut>
      </Output>
    </UnitTestResult>
    <UnitTestResult executionId="00045f3b-e7b9-42fb-8dd9-1e875a2dd55c" testId="d3ce4a46-9062-5855-70fd-ebbcc2b0eafc" testName="TryCreateParentUri_WhenNoAuthHasCredential_ReturnsNull" computerName="DKSR-EFI-04" duration="00:00:00.0011505" startTime="2023-12-22T09:36:54.7115581+01:00" endTime="2023-12-22T09:36:54.7130430+01:00" testType="13cdc9d9-ddb5-4fa4-a97d-d965ccfc6d4b" outcome="Passed" testListId="8c84fa94-04c1-424b-9868-57a2d4851a1d" relativeResultsDirectory="00045f3b-e7b9-42fb-8dd9-1e875a2dd55c" />
    <UnitTestResult executionId="0a2dda50-d557-4235-8b89-7591370a9f1b" testId="a251cec6-75d2-c3ac-bfd1-10289d5753e0" testName="XpcoAddServerViaSiteItem" computerName="DKSR-EFI-04" duration="00:00:01.1126659" startTime="2023-12-22T09:37:10.4130921+01:00" endTime="2023-12-22T09:37:11.5260714+01:00" testType="13cdc9d9-ddb5-4fa4-a97d-d965ccfc6d4b" outcome="Passed" testListId="8c84fa94-04c1-424b-9868-57a2d4851a1d" relativeResultsDirectory="0a2dda50-d557-4235-8b89-7591370a9f1b">
      <Output>
        <StdOut>Debug Trace:&#xD;
TopLevelControl returns null. PostMessage may have problems&#xD;
MIP: Error: ConfigurationApiItemWrapper (): ConfigAPI GetItem(): System.NotImplementedException, The method or operation is not implemented.&#xD;
MIP: Error: Factory.IsItemTypeSupported (): Exception source:      VideoOS.Platform.SDK.UnitTests&#xD;
Exception type:        System.NotImplementedException&#xD;
Exception message:     The method or operation is not implemented.&#xD;
Exception target site: GetItem&#xD;
   at VideoOS.Platform.SDKUnittest.EnvironmentTests.TestConfigurationClientService.GetItem(String path) in D:\actions-runner\_work\XPCO\XPCO\MIP\MIPSDK\tst\VideoOS.Platform.SDK.UnitTests\EnvironmentTests\TestsWithCorporateShimsBase.cs:line 227&#xD;
   at VideoOS.Platform.Proxy.ConfigApi.ConfigurationApiItemWrapper..ctor(ServerId serverId, String path) in D:\actions-runner\_work\XPCO\XPCO\MIP\PlatformPlugin\VideoOS.Platform\src\Proxy\ConfigApi\ConfigurationApiItemWrapper.cs:line 104&#xD;
   at VideoOS.Platform.ConfigurationItems.Factory.IsItemTypeSupported(ServerId serverId, String itemType) in D:\actions-runner\_work\XPCO\XPCO\MIP\PlatformPlugin\VideoOS.Platform\src\ConfigurationItems\Factory.cs:line 464&#xD;
&#xD;
Factory.IsItemTypeSupportedFactory.IsItemTypeSupported ()The method or operation is not implemented.   at VideoOS.Platform.SDKUnittest.EnvironmentTests.TestConfigurationClientService.GetItem(String path) in D:\actions-runner\_work\XPCO\XPCO\MIP\MIPSDK\tst\VideoOS.Platform.SDK.UnitTests\EnvironmentTests\TestsWithCorporateShimsBase.cs:line 227&#xD;
   at VideoOS.Platform.Proxy.ConfigApi.ConfigurationApiItemWrapper..ctor(ServerId serverId, String path) in D:\actions-runner\_work\XPCO\XPCO\MIP\PlatformPlugin\VideoOS.Platform\src\Proxy\ConfigApi\ConfigurationApiItemWrapper.cs:line 104&#xD;
   at VideoOS.Platform.ConfigurationItems.Factory.IsItemTypeSupported(ServerId serverId, String itemType) in D:\actions-runner\_work\XPCO\XPCO\MIP\PlatformPlugin\VideoOS.Platform\src\ConfigurationItems\Factory.cs:line 464&#xD;
MIP: Error: GetConfiguration (): CustomSetting not found for the given platformDefinitionId: e145597a-ecaf-40a1-99e6-14bb9d45a09e&#xD;
MIP: Error: ConfigurationApiItemWrapper (): ConfigAPI GetItem(): System.NotImplementedException, The method or operation is not implemented.&#xD;
MIP: Error: Factory.IsItemTypeSupported (): Exception source:      VideoOS.Platform.SDK.UnitTests&#xD;
Exception type:        System.NotImplementedException&#xD;
Exception message:     The method or operation is not implemented.&#xD;
Exception target site: GetItem&#xD;
   at VideoOS.Platform.SDKUnittest.EnvironmentTests.TestConfigurationClientService.GetItem(String path) in D:\actions-runner\_work\XPCO\XPCO\MIP\MIPSDK\tst\VideoOS.Platform.SDK.UnitTests\EnvironmentTests\TestsWithCorporateShimsBase.cs:line 227&#xD;
   at VideoOS.Platform.Proxy.ConfigApi.ConfigurationApiItemWrapper..ctor(ServerId serverId, String path) in D:\actions-runner\_work\XPCO\XPCO\MIP\PlatformPlugin\VideoOS.Platform\src\Proxy\ConfigApi\ConfigurationApiItemWrapper.cs:line 104&#xD;
   at VideoOS.Platform.ConfigurationItems.Factory.IsItemTypeSupported(ServerId serverId, String itemType) in D:\actions-runner\_work\XPCO\XPCO\MIP\PlatformPlugin\VideoOS.Platform\src\ConfigurationItems\Factory.cs:line 464&#xD;
&#xD;
Factory.IsItemTypeSupportedFactory.IsItemTypeSupported ()The method or operation is not implemented.   at VideoOS.Platform.SDKUnittest.EnvironmentTests.TestConfigurationClientService.GetItem(String path) in D:\actions-runner\_work\XPCO\XPCO\MIP\MIPSDK\tst\VideoOS.Platform.SDK.UnitTests\EnvironmentTests\TestsWithCorporateShimsBase.cs:line 227&#xD;
   at VideoOS.Platform.Proxy.ConfigApi.ConfigurationApiItemWrapper..ctor(ServerId serverId, String path) in D:\actions-runner\_work\XPCO\XPCO\MIP\PlatformPlugin\VideoOS.Platform\src\Proxy\ConfigApi\ConfigurationApiItemWrapper.cs:line 104&#xD;
   at VideoOS.Platform.ConfigurationItems.Factory.IsItemTypeSupported(ServerId serverId, String itemType) in D:\actions-runner\_work\XPCO\XPCO\MIP\PlatformPlugin\VideoOS.Platform\src\ConfigurationItems\Factory.cs:line 464&#xD;
MIP: Error: LoginServerOauth (): https://1.2.3.5:55/ManagementServer/ServerCommandServiceOAuth.svc The method or operation is not implemented.&#xD;
MIP: Error: ConfigurationApiItemWrapper (): ConfigAPI GetItem(): System.NotImplementedException, The method or operation is not implemented.&#xD;
MIP: Error: Factory.IsItemTypeSupported (): Exception source:      VideoOS.Platform.SDK.UnitTests&#xD;
Exception type:        System.NotImplementedException&#xD;
Exception message:     The method or operation is not implemented.&#xD;
Exception target site: GetItem&#xD;
   at VideoOS.Platform.SDKUnittest.EnvironmentTests.TestConfigurationClientService.GetItem(String path) in D:\actions-runner\_work\XPCO\XPCO\MIP\MIPSDK\tst\VideoOS.Platform.SDK.UnitTests\EnvironmentTests\TestsWithCorporateShimsBase.cs:line 227&#xD;
   at VideoOS.Platform.Proxy.ConfigApi.ConfigurationApiItemWrapper..ctor(ServerId serverId, String path) in D:\actions-runner\_work\XPCO\XPCO\MIP\PlatformPlugin\VideoOS.Platform\src\Proxy\ConfigApi\ConfigurationApiItemWrapper.cs:line 104&#xD;
   at VideoOS.Platform.ConfigurationItems.Factory.IsItemTypeSupported(ServerId serverId, String itemType) in D:\actions-runner\_work\XPCO\XPCO\MIP\PlatformPlugin\VideoOS.Platform\src\ConfigurationItems\Factory.cs:line 464&#xD;
&#xD;
Factory.IsItemTypeSupportedFactory.IsItemTypeSupported ()The method or operation is not implemented.   at VideoOS.Platform.SDKUnittest.EnvironmentTests.TestConfigurationClientService.GetItem(String path) in D:\actions-runner\_work\XPCO\XPCO\MIP\MIPSDK\tst\VideoOS.Platform.SDK.UnitTests\EnvironmentTests\TestsWithCorporateShimsBase.cs:line 227&#xD;
   at VideoOS.Platform.Proxy.ConfigApi.ConfigurationApiItemWrapper..ctor(ServerId serverId, String path) in D:\actions-runner\_work\XPCO\XPCO\MIP\PlatformPlugin\VideoOS.Platform\src\Proxy\ConfigApi\ConfigurationApiItemWrapper.cs:line 104&#xD;
   at VideoOS.Platform.ConfigurationItems.Factory.IsItemTypeSupported(ServerId serverId, String itemType) in D:\actions-runner\_work\XPCO\XPCO\MIP\PlatformPlugin\VideoOS.Platform\src\ConfigurationItems\Factory.cs:line 464&#xD;
MIP: Error: GetConfiguration (): CustomSetting not found for the given platformDefinitionId: e145597a-ecaf-40a1-99e6-14bb9d45a09e&#xD;
MIP: Error: ConfigurationApiItemWrapper (): ConfigAPI GetItem(): System.NotImplementedException, The method or operation is not implemented.&#xD;
MIP: Error: Factory.IsItemTypeSupported (): Exception source:      VideoOS.Platform.SDK.UnitTests&#xD;
Exception type:        System.NotImplementedException&#xD;
Exception message:     The method or operation is not implemented.&#xD;
Exception target site: GetItem&#xD;
   at VideoOS.Platform.SDKUnittest.EnvironmentTests.TestConfigurationClientService.GetItem(String path) in D:\actions-runner\_work\XPCO\XPCO\MIP\MIPSDK\tst\VideoOS.Platform.SDK.UnitTests\EnvironmentTests\TestsWithCorporateShimsBase.cs:line 227&#xD;
   at VideoOS.Platform.Proxy.ConfigApi.ConfigurationApiItemWrapper..ctor(ServerId serverId, String path) in D:\actions-runner\_work\XPCO\XPCO\MIP\PlatformPlugin\VideoOS.Platform\src\Proxy\ConfigApi\ConfigurationApiItemWrapper.cs:line 104&#xD;
   at VideoOS.Platform.ConfigurationItems.Factory.IsItemTypeSupported(ServerId serverId, String itemType) in D:\actions-runner\_work\XPCO\XPCO\MIP\PlatformPlugin\VideoOS.Platform\src\ConfigurationItems\Factory.cs:line 464&#xD;
&#xD;
Factory.IsItemTypeSupportedFactory.IsItemTypeSupported ()The method or operation is not implemented.   at VideoOS.Platform.SDKUnittest.EnvironmentTests.TestConfigurationClientService.GetItem(String path) in D:\actions-runner\_work\XPCO\XPCO\MIP\MIPSDK\tst\VideoOS.Platform.SDK.UnitTests\EnvironmentTests\TestsWithCorporateShimsBase.cs:line 227&#xD;
   at VideoOS.Platform.Proxy.ConfigApi.ConfigurationApiItemWrapper..ctor(ServerId serverId, String path) in D:\actions-runner\_work\XPCO\XPCO\MIP\PlatformPlugin\VideoOS.Platform\src\Proxy\ConfigApi\ConfigurationApiItemWrapper.cs:line 104&#xD;
   at VideoOS.Platform.ConfigurationItems.Factory.IsItemTypeSupported(ServerId serverId, String itemType) in D:\actions-runner\_work\XPCO\XPCO\MIP\PlatformPlugin\VideoOS.Platform\src\ConfigurationItems\Factory.cs:line 464&#xD;
MIP: Error: LoginServerOauth (): https://1.2.3.5:55/ManagementServer/ServerCommandServiceOAuth.svc The method or operation is not implemented.&#xD;
MIP: Error: ConfigurationApiItemWrapper (): ConfigAPI GetItem(): System.NotImplementedException, The method or operation is not implemented.&#xD;
MIP: Error: Factory.IsItemTypeSupported (): Exception source:      VideoOS.Platform.SDK.UnitTests&#xD;
Exception type:        System.NotImplementedException&#xD;
Exception message:     The method or operation is not implemented.&#xD;
Exception target site: GetItem&#xD;
   at VideoOS.Platform.SDKUnittest.EnvironmentTests.TestConfigurationClientService.GetItem(String path) in D:\actions-runner\_work\XPCO\XPCO\MIP\MIPSDK\tst\VideoOS.Platform.SDK.UnitTests\EnvironmentTests\TestsWithCorporateShimsBase.cs:line 227&#xD;
   at VideoOS.Platform.Proxy.ConfigApi.ConfigurationApiItemWrapper..ctor(ServerId serverId, String path) in D:\actions-runner\_work\XPCO\XPCO\MIP\PlatformPlugin\VideoOS.Platform\src\Proxy\ConfigApi\ConfigurationApiItemWrapper.cs:line 104&#xD;
   at VideoOS.Platform.ConfigurationItems.Factory.IsItemTypeSupported(ServerId serverId, String itemType) in D:\actions-runner\_work\XPCO\XPCO\MIP\PlatformPlugin\VideoOS.Platform\src\ConfigurationItems\Factory.cs:line 464&#xD;
&#xD;
Factory.IsItemTypeSupportedFactory.IsItemTypeSupported ()The method or operation is not implemented.   at VideoOS.Platform.SDKUnittest.EnvironmentTests.TestConfigurationClientService.GetItem(String path) in D:\actions-runner\_work\XPCO\XPCO\MIP\MIPSDK\tst\VideoOS.Platform.SDK.UnitTests\EnvironmentTests\TestsWithCorporateShimsBase.cs:line 227&#xD;
   at VideoOS.Platform.Proxy.ConfigApi.ConfigurationApiItemWrapper..ctor(ServerId serverId, String path) in D:\actions-runner\_work\XPCO\XPCO\MIP\PlatformPlugin\VideoOS.Platform\src\Proxy\ConfigApi\ConfigurationApiItemWrapper.cs:line 104&#xD;
   at VideoOS.Platform.ConfigurationItems.Factory.IsItemTypeSupported(ServerId serverId, String itemType) in D:\actions-runner\_work\XPCO\XPCO\MIP\PlatformPlugin\VideoOS.Platform\src\ConfigurationItems\Factory.cs:line 464&#xD;
MIP: Error: ConfigurationApiItemWrapper (): ConfigAPI GetItem(): System.NotImplementedException, The method or operation is not implemented.&#xD;
MIP: Error: Factory.IsItemTypeSupported (): Exception source:      VideoOS.Platform.SDK.UnitTests&#xD;
Exception type:        System.NotImplementedException&#xD;
Exception message:     The method or operation is not implemented.&#xD;
Exception target site: GetItem&#xD;
   at VideoOS.Platform.SDKUnittest.EnvironmentTests.TestConfigurationClientService.GetItem(String path) in D:\actions-runner\_work\XPCO\XPCO\MIP\MIPSDK\tst\VideoOS.Platform.SDK.UnitTests\EnvironmentTests\TestsWithCorporateShimsBase.cs:line 227&#xD;
   at VideoOS.Platform.Proxy.ConfigApi.ConfigurationApiItemWrapper..ctor(ServerId serverId, String path) in D:\actions-runner\_work\XPCO\XPCO\MIP\PlatformPlugin\VideoOS.Platform\src\Proxy\ConfigApi\ConfigurationApiItemWrapper.cs:line 104&#xD;
   at VideoOS.Platform.ConfigurationItems.Factory.IsItemTypeSupported(ServerId serverId, String itemType) in D:\actions-runner\_work\XPCO\XPCO\MIP\PlatformPlugin\VideoOS.Platform\src\ConfigurationItems\Factory.cs:line 464&#xD;
&#xD;
Factory.IsItemTypeSupportedFactory.IsItemTypeSupported ()The method or operation is not implemented.   at VideoOS.Platform.SDKUnittest.EnvironmentTests.TestConfigurationClientService.GetItem(String path) in D:\actions-runner\_work\XPCO\XPCO\MIP\MIPSDK\tst\VideoOS.Platform.SDK.UnitTests\EnvironmentTests\TestsWithCorporateShimsBase.cs:line 227&#xD;
   at VideoOS.Platform.Proxy.ConfigApi.ConfigurationApiItemWrapper..ctor(ServerId serverId, String path) in D:\actions-runner\_work\XPCO\XPCO\MIP\PlatformPlugin\VideoOS.Platform\src\Proxy\ConfigApi\ConfigurationApiItemWrapper.cs:line 104&#xD;
   at VideoOS.Platform.ConfigurationItems.Factory.IsItemTypeSupported(ServerId serverId, String itemType) in D:\actions-runner\_work\XPCO\XPCO\MIP\PlatformPlugin\VideoOS.Platform\src\ConfigurationItems\Factory.cs:line 464&#xD;
MIP: Error: LoginServerOauth (): https://1.2.3.5:55/ManagementServer/ServerCommandServiceOAuth.svc The method or operation is not implemented.&#xD;
MIP: Error: ConfigurationApiItemWrapper (): ConfigAPI GetItem(): System.NotImplementedException, The method or operation is not implemented.&#xD;
MIP: Error: Factory.IsItemTypeSupported (): Exception source:      VideoOS.Platform.SDK.UnitTests&#xD;
Exception type:        System.NotImplementedException&#xD;
Exception message:     The method or operation is not implemented.&#xD;
Exception target site: GetItem&#xD;
   at VideoOS.Platform.SDKUnittest.EnvironmentTests.TestConfigurationClientService.GetItem(String path) in D:\actions-runner\_work\XPCO\XPCO\MIP\MIPSDK\tst\VideoOS.Platform.SDK.UnitTests\EnvironmentTests\TestsWithCorporateShimsBase.cs:line 227&#xD;
   at VideoOS.Platform.Proxy.ConfigApi.ConfigurationApiItemWrapper..ctor(ServerId serverId, String path) in D:\actions-runner\_work\XPCO\XPCO\MIP\PlatformPlugin\VideoOS.Platform\src\Proxy\ConfigApi\ConfigurationApiItemWrapper.cs:line 104&#xD;
   at VideoOS.Platform.ConfigurationItems.Factory.IsItemTypeSupported(ServerId serverId, String itemType) in D:\actions-runner\_work\XPCO\XPCO\MIP\PlatformPlugin\VideoOS.Platform\src\ConfigurationItems\Factory.cs:line 464&#xD;
&#xD;
Factory.IsItemTypeSupportedFactory.IsItemTypeSupported ()The method or operation is not implemented.   at VideoOS.Platform.SDKUnittest.EnvironmentTests.TestConfigurationClientService.GetItem(String path) in D:\actions-runner\_work\XPCO\XPCO\MIP\MIPSDK\tst\VideoOS.Platform.SDK.UnitTests\EnvironmentTests\TestsWithCorporateShimsBase.cs:line 227&#xD;
   at VideoOS.Platform.Proxy.ConfigApi.ConfigurationApiItemWrapper..ctor(ServerId serverId, String path) in D:\actions-runner\_work\XPCO\XPCO\MIP\PlatformPlugin\VideoOS.Platform\src\Proxy\ConfigApi\ConfigurationApiItemWrapper.cs:line 104&#xD;
   at VideoOS.Platform.ConfigurationItems.Factory.IsItemTypeSupported(ServerId serverId, String itemType) in D:\actions-runner\_work\XPCO\XPCO\MIP\PlatformPlugin\VideoOS.Platform\src\ConfigurationItems\Factory.cs:line 464&#xD;
MIP: Error: GetConfiguration (): CustomSetting not found for the given platformDefinitionId: e145597a-ecaf-40a1-99e6-14bb9d45a09e&#xD;
MIP: Error: ConfigurationApiItemWrapper (): ConfigAPI GetItem(): System.NotImplementedException, The method or operation is not implemented.&#xD;
MIP: Error: Factory.IsItemTypeSupported (): Exception source:      VideoOS.Platform.SDK.UnitTests&#xD;
Exception type:        System.NotImplementedException&#xD;
Exception message:     The method or operation is not implemented.&#xD;
Exception target site: GetItem&#xD;
   at VideoOS.Platform.SDKUnittest.EnvironmentTests.TestConfigurationClientService.GetItem(String path) in D:\actions-runner\_work\XPCO\XPCO\MIP\MIPSDK\tst\VideoOS.Platform.SDK.UnitTests\EnvironmentTests\TestsWithCorporateShimsBase.cs:line 227&#xD;
   at VideoOS.Platform.Proxy.ConfigApi.ConfigurationApiItemWrapper..ctor(ServerId serverId, String path) in D:\actions-runner\_work\XPCO\XPCO\MIP\PlatformPlugin\VideoOS.Platform\src\Proxy\ConfigApi\ConfigurationApiItemWrapper.cs:line 104&#xD;
   at VideoOS.Platform.ConfigurationItems.Factory.IsItemTypeSupported(ServerId serverId, String itemType) in D:\actions-runner\_work\XPCO\XPCO\MIP\PlatformPlugin\VideoOS.Platform\src\ConfigurationItems\Factory.cs:line 464&#xD;
&#xD;
Factory.IsItemTypeSupportedFactory.IsItemTypeSupported ()The method or operation is not implemented.   at VideoOS.Platform.SDKUnittest.EnvironmentTests.TestConfigurationClientService.GetItem(String path) in D:\actions-runner\_work\XPCO\XPCO\MIP\MIPSDK\tst\VideoOS.Platform.SDK.UnitTests\EnvironmentTests\TestsWithCorporateShimsBase.cs:line 227&#xD;
   at VideoOS.Platform.Proxy.ConfigApi.ConfigurationApiItemWrapper..ctor(ServerId serverId, String path) in D:\actions-runner\_work\XPCO\XPCO\MIP\PlatformPlugin\VideoOS.Platform\src\Proxy\ConfigApi\ConfigurationApiItemWrapper.cs:line 104&#xD;
   at VideoOS.Platform.ConfigurationItems.Factory.IsItemTypeSupported(ServerId serverId, String itemType) in D:\actions-runner\_work\XPCO\XPCO\MIP\PlatformPlugin\VideoOS.Platform\src\ConfigurationItems\Factory.cs:line 464&#xD;
MIP: Error: LoginServerOauth (): https://1.2.3.5:55/ManagementServer/ServerCommandServiceOAuth.svc The method or operation is not implemented.&#xD;
MIP: Error: ConfigurationApiItemWrapper (): ConfigAPI GetItem(): System.NotImplementedException, The method or operation is not implemented.&#xD;
MIP: Error: Factory.IsItemTypeSupported (): Exception source:      VideoOS.Platform.SDK.UnitTests&#xD;
Exception type:        System.NotImplementedException&#xD;
Exception message:     The method or operation is not implemented.&#xD;
Exception target site: GetItem&#xD;
   at VideoOS.Platform.SDKUnittest.EnvironmentTests.TestConfigurationClientService.GetItem(String path) in D:\actions-runner\_work\XPCO\XPCO\MIP\MIPSDK\tst\VideoOS.Platform.SDK.UnitTests\EnvironmentTests\TestsWithCorporateShimsBase.cs:line 227&#xD;
   at VideoOS.Platform.Proxy.ConfigApi.ConfigurationApiItemWrapper..ctor(ServerId serverId, String path) in D:\actions-runner\_work\XPCO\XPCO\MIP\PlatformPlugin\VideoOS.Platform\src\Proxy\ConfigApi\ConfigurationApiItemWrapper.cs:line 104&#xD;
   at VideoOS.Platform.ConfigurationItems.Factory.IsItemTypeSupported(ServerId serverId, String itemType) in D:\actions-runner\_work\XPCO\XPCO\MIP\PlatformPlugin\VideoOS.Platform\src\ConfigurationItems\Factory.cs:line 464&#xD;
&#xD;
Factory.IsItemTypeSupportedFactory.IsItemTypeSupported ()The method or operation is not implemented.   at VideoOS.Platform.SDKUnittest.EnvironmentTests.TestConfigurationClientService.GetItem(String path) in D:\actions-runner\_work\XPCO\XPCO\MIP\MIPSDK\tst\VideoOS.Platform.SDK.UnitTests\EnvironmentTests\TestsWithCorporateShimsBase.cs:line 227&#xD;
   at VideoOS.Platform.Proxy.ConfigApi.ConfigurationApiItemWrapper..ctor(ServerId serverId, String path) in D:\actions-runner\_work\XPCO\XPCO\MIP\PlatformPlugin\VideoOS.Platform\src\Proxy\ConfigApi\ConfigurationApiItemWrapper.cs:line 104&#xD;
   at VideoOS.Platform.ConfigurationItems.Factory.IsItemTypeSupported(ServerId serverId, String itemType) in D:\actions-runner\_work\XPCO\XPCO\MIP\PlatformPlugin\VideoOS.Platform\src\ConfigurationItems\Factory.cs:line 464&#xD;
MIP: Error: ConfigurationApiItemWrapper (): ConfigAPI GetItem(): System.NotImplementedException, The method or operation is not implemented.&#xD;
MIP: Error: Factory.IsItemTypeSupported (): Exception source:      VideoOS.Platform.SDK.UnitTests&#xD;
Exception type:        System.NotImplementedException&#xD;
Exception message:     The method or operation is not implemented.&#xD;
Exception target site: GetItem&#xD;
   at VideoOS.Platform.SDKUnittest.EnvironmentTests.TestConfigurationClientService.GetItem(String path) in D:\actions-runner\_work\XPCO\XPCO\MIP\MIPSDK\tst\VideoOS.Platform.SDK.UnitTests\EnvironmentTests\TestsWithCorporateShimsBase.cs:line 227&#xD;
   at VideoOS.Platform.Proxy.ConfigApi.ConfigurationApiItemWrapper..ctor(ServerId serverId, String path) in D:\actions-runner\_work\XPCO\XPCO\MIP\PlatformPlugin\VideoOS.Platform\src\Proxy\ConfigApi\ConfigurationApiItemWrapper.cs:line 104&#xD;
   at VideoOS.Platform.ConfigurationItems.Factory.IsItemTypeSupported(ServerId serverId, String itemType) in D:\actions-runner\_work\XPCO\XPCO\MIP\PlatformPlugin\VideoOS.Platform\src\ConfigurationItems\Factory.cs:line 464&#xD;
&#xD;
Factory.IsItemTypeSupportedFactory.IsItemTypeSupported ()The method or operation is not implemented.   at VideoOS.Platform.SDKUnittest.EnvironmentTests.TestConfigurationClientService.GetItem(String path) in D:\actions-runner\_work\XPCO\XPCO\MIP\MIPSDK\tst\VideoOS.Platform.SDK.UnitTests\EnvironmentTests\TestsWithCorporateShimsBase.cs:line 227&#xD;
   at VideoOS.Platform.Proxy.ConfigApi.ConfigurationApiItemWrapper..ctor(ServerId serverId, String path) in D:\actions-runner\_work\XPCO\XPCO\MIP\PlatformPlugin\VideoOS.Platform\src\Proxy\ConfigApi\ConfigurationApiItemWrapper.cs:line 104&#xD;
   at VideoOS.Platform.ConfigurationItems.Factory.IsItemTypeSupported(ServerId serverId, String itemType) in D:\actions-runner\_work\XPCO\XPCO\MIP\PlatformPlugin\VideoOS.Platform\src\ConfigurationItems\Factory.cs:line 464&#xD;
MIP: Error: LoginServerOauth (): https://1.2.3.5:55/ManagementServer/ServerCommandServiceOAuth.svc The method or operation is not implemented.&#xD;
MIP: Error: ConfigurationApiItemWrapper (): ConfigAPI GetItem(): System.NotImplementedException, The method or operation is not implemented.&#xD;
MIP: Error: Factory.IsItemTypeSupported (): Exception source:      VideoOS.Platform.SDK.UnitTests&#xD;
Exception type:        System.NotImplementedException&#xD;
Exception message:     The method or operation is not implemented.&#xD;
Exception target site: GetItem&#xD;
   at VideoOS.Platform.SDKUnittest.EnvironmentTests.TestConfigurationClientService.GetItem(String path) in D:\actions-runner\_work\XPCO\XPCO\MIP\MIPSDK\tst\VideoOS.Platform.SDK.UnitTests\EnvironmentTests\TestsWithCorporateShimsBase.cs:line 227&#xD;
   at VideoOS.Platform.Proxy.ConfigApi.ConfigurationApiItemWrapper..ctor(ServerId serverId, String path) in D:\actions-runner\_work\XPCO\XPCO\MIP\PlatformPlugin\VideoOS.Platform\src\Proxy\ConfigApi\ConfigurationApiItemWrapper.cs:line 104&#xD;
   at VideoOS.Platform.ConfigurationItems.Factory.IsItemTypeSupported(ServerId serverId, String itemType) in D:\actions-runner\_work\XPCO\XPCO\MIP\PlatformPlugin\VideoOS.Platform\src\ConfigurationItems\Factory.cs:line 464&#xD;
&#xD;
Factory.IsItemTypeSupportedFactory.IsItemTypeSupported ()The method or operation is not implemented.   at VideoOS.Platform.SDKUnittest.EnvironmentTests.TestConfigurationClientService.GetItem(String path) in D:\actions-runner\_work\XPCO\XPCO\MIP\MIPSDK\tst\VideoOS.Platform.SDK.UnitTests\EnvironmentTests\TestsWithCorporateShimsBase.cs:line 227&#xD;
   at VideoOS.Platform.Proxy.ConfigApi.ConfigurationApiItemWrapper..ctor(ServerId serverId, String path) in D:\actions-runner\_work\XPCO\XPCO\MIP\PlatformPlugin\VideoOS.Platform\src\Proxy\ConfigApi\ConfigurationApiItemWrapper.cs:line 104&#xD;
   at VideoOS.Platform.ConfigurationItems.Factory.IsItemTypeSupported(ServerId serverId, String itemType) in D:\actions-runner\_work\XPCO\XPCO\MIP\PlatformPlugin\VideoOS.Platform\src\ConfigurationItems\Factory.cs:line 464&#xD;
MIP: Error: GetConfiguration (): CustomSetting not found for the given platformDefinitionId: e145597a-ecaf-40a1-99e6-14bb9d45a09e&#xD;
MIP: Error: ConfigurationApiItemWrapper (): ConfigAPI GetItem(): System.NotImplementedException, The method or operation is not implemented.&#xD;
MIP: Error: Factory.IsItemTypeSupported (): Exception source:      VideoOS.Platform.SDK.UnitTests&#xD;
Exception type:        System.NotImplementedException&#xD;
Exception message:     The method or operation is not implemented.&#xD;
Exception target site: GetItem&#xD;
   at VideoOS.Platform.SDKUnittest.EnvironmentTests.TestConfigurationClientService.GetItem(String path) in D:\actions-runner\_work\XPCO\XPCO\MIP\MIPSDK\tst\VideoOS.Platform.SDK.UnitTests\EnvironmentTests\TestsWithCorporateShimsBase.cs:line 227&#xD;
   at VideoOS.Platform.Proxy.ConfigApi.ConfigurationApiItemWrapper..ctor(ServerId serverId, String path) in D:\actions-runner\_work\XPCO\XPCO\MIP\PlatformPlugin\VideoOS.Platform\src\Proxy\ConfigApi\ConfigurationApiItemWrapper.cs:line 104&#xD;
   at VideoOS.Platform.ConfigurationItems.Factory.IsItemTypeSupported(ServerId serverId, String itemType) in D:\actions-runner\_work\XPCO\XPCO\MIP\PlatformPlugin\VideoOS.Platform\src\ConfigurationItems\Factory.cs:line 464&#xD;
&#xD;
Factory.IsItemTypeSupportedFactory.IsItemTypeSupported ()The method or operation is not implemented.   at VideoOS.Platform.SDKUnittest.EnvironmentTests.TestConfigurationClientService.GetItem(String path) in D:\actions-runner\_work\XPCO\XPCO\MIP\MIPSDK\tst\VideoOS.Platform.SDK.UnitTests\EnvironmentTests\TestsWithCorporateShimsBase.cs:line 227&#xD;
   at VideoOS.Platform.Proxy.ConfigApi.ConfigurationApiItemWrapper..ctor(ServerId serverId, String path) in D:\actions-runner\_work\XPCO\XPCO\MIP\PlatformPlugin\VideoOS.Platform\src\Proxy\ConfigApi\ConfigurationApiItemWrapper.cs:line 104&#xD;
   at VideoOS.Platform.ConfigurationItems.Factory.IsItemTypeSupported(ServerId serverId, String itemType) in D:\actions-runner\_work\XPCO\XPCO\MIP\PlatformPlugin\VideoOS.Platform\src\ConfigurationItems\Factory.cs:line 464&#xD;
MIP: Error: LoginServerOauth (): https://1.2.3.5:55/ManagementServer/ServerCommandServiceOAuth.svc The method or operation is not implemented.&#xD;
MIP: Error: ConfigurationApiItemWrapper (): ConfigAPI GetItem(): System.NotImplementedException, The method or operation is not implemented.&#xD;
MIP: Error: Factory.IsItemTypeSupported (): Exception source:      VideoOS.Platform.SDK.UnitTests&#xD;
Exception type:        System.NotImplementedException&#xD;
Exception message:     The method or operation is not implemented.&#xD;
Exception target site: GetItem&#xD;
   at VideoOS.Platform.SDKUnittest.EnvironmentTests.TestConfigurationClientService.GetItem(String path) in D:\actions-runner\_work\XPCO\XPCO\MIP\MIPSDK\tst\VideoOS.Platform.SDK.UnitTests\EnvironmentTests\TestsWithCorporateShimsBase.cs:line 227&#xD;
   at VideoOS.Platform.Proxy.ConfigApi.ConfigurationApiItemWrapper..ctor(ServerId serverId, String path) in D:\actions-runner\_work\XPCO\XPCO\MIP\PlatformPlugin\VideoOS.Platform\src\Proxy\ConfigApi\ConfigurationApiItemWrapper.cs:line 104&#xD;
   at VideoOS.Platform.ConfigurationItems.Factory.IsItemTypeSupported(ServerId serverId, String itemType) in D:\actions-runner\_work\XPCO\XPCO\MIP\PlatformPlugin\VideoOS.Platform\src\ConfigurationItems\Factory.cs:line 464&#xD;
&#xD;
Factory.IsItemTypeSupportedFactory.IsItemTypeSupported ()The method or operation is not implemented.   at VideoOS.Platform.SDKUnittest.EnvironmentTests.TestConfigurationClientService.GetItem(String path) in D:\actions-runner\_work\XPCO\XPCO\MIP\MIPSDK\tst\VideoOS.Platform.SDK.UnitTests\EnvironmentTests\TestsWithCorporateShimsBase.cs:line 227&#xD;
   at VideoOS.Platform.Proxy.ConfigApi.ConfigurationApiItemWrapper..ctor(ServerId serverId, String path) in D:\actions-runner\_work\XPCO\XPCO\MIP\PlatformPlugin\VideoOS.Platform\src\Proxy\ConfigApi\ConfigurationApiItemWrapper.cs:line 104&#xD;
   at VideoOS.Platform.ConfigurationItems.Factory.IsItemTypeSupported(ServerId serverId, String itemType) in D:\actions-runner\_work\XPCO\XPCO\MIP\PlatformPlugin\VideoOS.Platform\src\ConfigurationItems\Factory.cs:line 464&#xD;
MIP: Error: ConfigurationApiItemWrapper (): ConfigAPI GetItem(): System.NotImplementedException, The method or operation is not implemented.&#xD;
MIP: Error: Factory.IsItemTypeSupported (): Exception source:      VideoOS.Platform.SDK.UnitTests&#xD;
Exception type:        System.NotImplementedException&#xD;
Exception message:     The method or operation is not implemented.&#xD;
Exception target site: GetItem&#xD;
   at VideoOS.Platform.SDKUnittest.EnvironmentTests.TestConfigurationClientService.GetItem(String path) in D:\actions-runner\_work\XPCO\XPCO\MIP\MIPSDK\tst\VideoOS.Platform.SDK.UnitTests\EnvironmentTests\TestsWithCorporateShimsBase.cs:line 227&#xD;
   at VideoOS.Platform.Proxy.ConfigApi.ConfigurationApiItemWrapper..ctor(ServerId serverId, String path) in D:\actions-runner\_work\XPCO\XPCO\MIP\PlatformPlugin\VideoOS.Platform\src\Proxy\ConfigApi\ConfigurationApiItemWrapper.cs:line 104&#xD;
   at VideoOS.Platform.ConfigurationItems.Factory.IsItemTypeSupported(ServerId serverId, String itemType) in D:\actions-runner\_work\XPCO\XPCO\MIP\PlatformPlugin\VideoOS.Platform\src\ConfigurationItems\Factory.cs:line 464&#xD;
&#xD;
Factory.IsItemTypeSupportedFactory.IsItemTypeSupported ()The method or operation is not implemented.   at VideoOS.Platform.SDKUnittest.EnvironmentTests.TestConfigurationClientService.GetItem(String path) in D:\actions-runner\_work\XPCO\XPCO\MIP\MIPSDK\tst\VideoOS.Platform.SDK.UnitTests\EnvironmentTests\TestsWithCorporateShimsBase.cs:line 227&#xD;
   at VideoOS.Platform.Proxy.ConfigApi.ConfigurationApiItemWrapper..ctor(ServerId serverId, String path) in D:\actions-runner\_work\XPCO\XPCO\MIP\PlatformPlugin\VideoOS.Platform\src\Proxy\ConfigApi\ConfigurationApiItemWrapper.cs:line 104&#xD;
   at VideoOS.Platform.ConfigurationItems.Factory.IsItemTypeSupported(ServerId serverId, String itemType) in D:\actions-runner\_work\XPCO\XPCO\MIP\PlatformPlugin\VideoOS.Platform\src\ConfigurationItems\Factory.cs:line 464&#xD;
MIP: Error: LoginServerOauth (): https://1.2.3.5:55/ManagementServer/ServerCommandServiceOAuth.svc The method or operation is not implemented.&#xD;
MIP: Error: ConfigurationApiItemWrapper (): ConfigAPI GetItem(): System.NotImplementedException, The method or operation is not implemented.&#xD;
MIP: Error: Factory.IsItemTypeSupported (): Exception source:      VideoOS.Platform.SDK.UnitTests&#xD;
Exception type:        System.NotImplementedException&#xD;
Exception message:     The method or operation is not implemented.&#xD;
Exception target site: GetItem&#xD;
   at VideoOS.Platform.SDKUnittest.EnvironmentTests.TestConfigurationClientService.GetItem(String path) in D:\actions-runner\_work\XPCO\XPCO\MIP\MIPSDK\tst\VideoOS.Platform.SDK.UnitTests\EnvironmentTests\TestsWithCorporateShimsBase.cs:line 227&#xD;
   at VideoOS.Platform.Proxy.ConfigApi.ConfigurationApiItemWrapper..ctor(ServerId serverId, String path) in D:\actions-runner\_work\XPCO\XPCO\MIP\PlatformPlugin\VideoOS.Platform\src\Proxy\ConfigApi\ConfigurationApiItemWrapper.cs:line 104&#xD;
   at VideoOS.Platform.ConfigurationItems.Factory.IsItemTypeSupported(ServerId serverId, String itemType) in D:\actions-runner\_work\XPCO\XPCO\MIP\PlatformPlugin\VideoOS.Platform\src\ConfigurationItems\Factory.cs:line 464&#xD;
&#xD;
Factory.IsItemTypeSupportedFactory.IsItemTypeSupported ()The method or operation is not implemented.   at VideoOS.Platform.SDKUnittest.EnvironmentTests.TestConfigurationClientService.GetItem(String path) in D:\actions-runner\_work\XPCO\XPCO\MIP\MIPSDK\tst\VideoOS.Platform.SDK.UnitTests\EnvironmentTests\TestsWithCorporateShimsBase.cs:line 227&#xD;
   at VideoOS.Platform.Proxy.ConfigApi.ConfigurationApiItemWrapper..ctor(ServerId serverId, String path) in D:\actions-runner\_work\XPCO\XPCO\MIP\PlatformPlugin\VideoOS.Platform\src\Proxy\ConfigApi\ConfigurationApiItemWrapper.cs:line 104&#xD;
   at VideoOS.Platform.ConfigurationItems.Factory.IsItemTypeSupported(ServerId serverId, String itemType) in D:\actions-runner\_work\XPCO\XPCO\MIP\PlatformPlugin\VideoOS.Platform\src\ConfigurationItems\Factory.cs:line 464&#xD;
MIP: Error: GetConfiguration (): CustomSetting not found for the given platformDefinitionId: e145597a-ecaf-40a1-99e6-14bb9d45a09e&#xD;
MIP: Error: ConfigurationApiItemWrapper (): ConfigAPI GetItem(): System.NotImplementedException, The method or operation is not implemented.&#xD;
MIP: Error: Factory.IsItemTypeSupported (): Exception source:      VideoOS.Platform.SDK.UnitTests&#xD;
Exception type:        System.NotImplementedException&#xD;
Exception message:     The method or operation is not implemented.&#xD;
Exception target site: GetItem&#xD;
   at VideoOS.Platform.SDKUnittest.EnvironmentTests.TestConfigurationClientService.GetItem(String path) in D:\actions-runner\_work\XPCO\XPCO\MIP\MIPSDK\tst\VideoOS.Platform.SDK.UnitTests\EnvironmentTests\TestsWithCorporateShimsBase.cs:line 227&#xD;
   at VideoOS.Platform.Proxy.ConfigApi.ConfigurationApiItemWrapper..ctor(ServerId serverId, String path) in D:\actions-runner\_work\XPCO\XPCO\MIP\PlatformPlugin\VideoOS.Platform\src\Proxy\ConfigApi\ConfigurationApiItemWrapper.cs:line 104&#xD;
   at VideoOS.Platform.ConfigurationItems.Factory.IsItemTypeSupported(ServerId serverId, String itemType) in D:\actions-runner\_work\XPCO\XPCO\MIP\PlatformPlugin\VideoOS.Platform\src\ConfigurationItems\Factory.cs:line 464&#xD;
&#xD;
Factory.IsItemTypeSupportedFactory.IsItemTypeSupported ()The method or operation is not implemented.   at VideoOS.Platform.SDKUnittest.EnvironmentTests.TestConfigurationClientService.GetItem(String path) in D:\actions-runner\_work\XPCO\XPCO\MIP\MIPSDK\tst\VideoOS.Platform.SDK.UnitTests\EnvironmentTests\TestsWithCorporateShimsBase.cs:line 227&#xD;
   at VideoOS.Platform.Proxy.ConfigApi.ConfigurationApiItemWrapper..ctor(ServerId serverId, String path) in D:\actions-runner\_work\XPCO\XPCO\MIP\PlatformPlugin\VideoOS.Platform\src\Proxy\ConfigApi\ConfigurationApiItemWrapper.cs:line 104&#xD;
   at VideoOS.Platform.ConfigurationItems.Factory.IsItemTypeSupported(ServerId serverId, String itemType) in D:\actions-runner\_work\XPCO\XPCO\MIP\PlatformPlugin\VideoOS.Platform\src\ConfigurationItems\Factory.cs:line 464&#xD;
MIP: Error: LoginServerOauth (): https://1.2.3.5:55/ManagementServer/ServerCommandServiceOAuth.svc The method or operation is not implemented.&#xD;
MIP: Error: ConfigurationApiItemWrapper (): ConfigAPI GetItem(): System.NotImplementedException, The method or operation is not implemented.&#xD;
MIP: Error: Factory.IsItemTypeSupported (): Exception source:      VideoOS.Platform.SDK.UnitTests&#xD;
Exception type:        System.NotImplementedException&#xD;
Exception message:     The method or operation is not implemented.&#xD;
Exception target site: GetItem&#xD;
   at VideoOS.Platform.SDKUnittest.EnvironmentTests.TestConfigurationClientService.GetItem(String path) in D:\actions-runner\_work\XPCO\XPCO\MIP\MIPSDK\tst\VideoOS.Platform.SDK.UnitTests\EnvironmentTests\TestsWithCorporateShimsBase.cs:line 227&#xD;
   at VideoOS.Platform.Proxy.ConfigApi.ConfigurationApiItemWrapper..ctor(ServerId serverId, String path) in D:\actions-runner\_work\XPCO\XPCO\MIP\PlatformPlugin\VideoOS.Platform\src\Proxy\ConfigApi\ConfigurationApiItemWrapper.cs:line 104&#xD;
   at VideoOS.Platform.ConfigurationItems.Factory.IsItemTypeSupported(ServerId serverId, String itemType) in D:\actions-runner\_work\XPCO\XPCO\MIP\PlatformPlugin\VideoOS.Platform\src\ConfigurationItems\Factory.cs:line 464&#xD;
&#xD;
Factory.IsItemTypeSupportedFactory.IsItemTypeSupported ()The method or operation is not implemented.   at VideoOS.Platform.SDKUnittest.EnvironmentTests.TestConfigurationClientService.GetItem(String path) in D:\actions-runner\_work\XPCO\XPCO\MIP\MIPSDK\tst\VideoOS.Platform.SDK.UnitTests\EnvironmentTests\TestsWithCorporateShimsBase.cs:line 227&#xD;
   at VideoOS.Platform.Proxy.ConfigApi.ConfigurationApiItemWrapper..ctor(ServerId serverId, String path) in D:\actions-runner\_work\XPCO\XPCO\MIP\PlatformPlugin\VideoOS.Platform\src\Proxy\ConfigApi\ConfigurationApiItemWrapper.cs:line 104&#xD;
   at VideoOS.Platform.ConfigurationItems.Factory.IsItemTypeSupported(ServerId serverId, String itemType) in D:\actions-runner\_work\XPCO\XPCO\MIP\PlatformPlugin\VideoOS.Platform\src\ConfigurationItems\Factory.cs:line 464&#xD;
MIP: Error: ConfigurationApiItemWrapper (): ConfigAPI GetItem(): System.NotImplementedException, The method or operation is not implemented.&#xD;
MIP: Error: Factory.IsItemTypeSupported (): Exception source:      VideoOS.Platform.SDK.UnitTests&#xD;
Exception type:        System.NotImplementedException&#xD;
Exception message:     The method or operation is not implemented.&#xD;
Exception target site: GetItem&#xD;
   at VideoOS.Platform.SDKUnittest.EnvironmentTests.TestConfigurationClientService.GetItem(String path) in D:\actions-runner\_work\XPCO\XPCO\MIP\MIPSDK\tst\VideoOS.Platform.SDK.UnitTests\EnvironmentTests\TestsWithCorporateShimsBase.cs:line 227&#xD;
   at VideoOS.Platform.Proxy.ConfigApi.ConfigurationApiItemWrapper..ctor(ServerId serverId, String path) in D:\actions-runner\_work\XPCO\XPCO\MIP\PlatformPlugin\VideoOS.Platform\src\Proxy\ConfigApi\ConfigurationApiItemWrapper.cs:line 104&#xD;
   at VideoOS.Platform.ConfigurationItems.Factory.IsItemTypeSupported(ServerId serverId, String itemType) in D:\actions-runner\_work\XPCO\XPCO\MIP\PlatformPlugin\VideoOS.Platform\src\ConfigurationItems\Factory.cs:line 464&#xD;
&#xD;
Factory.IsItemTypeSupportedFactory.IsItemTypeSupported ()The method or operation is not implemented.   at VideoOS.Platform.SDKUnittest.EnvironmentTests.TestConfigurationClientService.GetItem(String path) in D:\actions-runner\_work\XPCO\XPCO\MIP\MIPSDK\tst\VideoOS.Platform.SDK.UnitTests\EnvironmentTests\TestsWithCorporateShimsBase.cs:line 227&#xD;
   at VideoOS.Platform.Proxy.ConfigApi.ConfigurationApiItemWrapper..ctor(ServerId serverId, String path) in D:\actions-runner\_work\XPCO\XPCO\MIP\PlatformPlugin\VideoOS.Platform\src\Proxy\ConfigApi\ConfigurationApiItemWrapper.cs:line 104&#xD;
   at VideoOS.Platform.ConfigurationItems.Factory.IsItemTypeSupported(ServerId serverId, String itemType) in D:\actions-runner\_work\XPCO\XPCO\MIP\PlatformPlugin\VideoOS.Platform\src\ConfigurationItems\Factory.cs:line 464&#xD;
MIP: Error: LoginServerOauth (): https://1.2.3.5:55/ManagementServer/ServerCommandServiceOAuth.svc The method or operation is not implemented.&#xD;
MIP: Error: ConfigurationApiItemWrapper (): ConfigAPI GetItem(): System.NotImplementedException, The method or operation is not implemented.&#xD;
MIP: Error: Factory.IsItemTypeSupported (): Exception source:      VideoOS.Platform.SDK.UnitTests&#xD;
Exception type:        System.NotImplementedException&#xD;
Exception message:     The method or operation is not implemented.&#xD;
Exception target site: GetItem&#xD;
   at VideoOS.Platform.SDKUnittest.EnvironmentTests.TestConfigurationClientService.GetItem(String path) in D:\actions-runner\_work\XPCO\XPCO\MIP\MIPSDK\tst\VideoOS.Platform.SDK.UnitTests\EnvironmentTests\TestsWithCorporateShimsBase.cs:line 227&#xD;
   at VideoOS.Platform.Proxy.ConfigApi.ConfigurationApiItemWrapper..ctor(ServerId serverId, String path) in D:\actions-runner\_work\XPCO\XPCO\MIP\PlatformPlugin\VideoOS.Platform\src\Proxy\ConfigApi\ConfigurationApiItemWrapper.cs:line 104&#xD;
   at VideoOS.Platform.ConfigurationItems.Factory.IsItemTypeSupported(ServerId serverId, String itemType) in D:\actions-runner\_work\XPCO\XPCO\MIP\PlatformPlugin\VideoOS.Platform\src\ConfigurationItems\Factory.cs:line 464&#xD;
&#xD;
Factory.IsItemTypeSupportedFactory.IsItemTypeSupported ()The method or operation is not implemented.   at VideoOS.Platform.SDKUnittest.EnvironmentTests.TestConfigurationClientService.GetItem(String path) in D:\actions-runner\_work\XPCO\XPCO\MIP\MIPSDK\tst\VideoOS.Platform.SDK.UnitTests\EnvironmentTests\TestsWithCorporateShimsBase.cs:line 227&#xD;
   at VideoOS.Platform.Proxy.ConfigApi.ConfigurationApiItemWrapper..ctor(ServerId serverId, String path) in D:\actions-runner\_work\XPCO\XPCO\MIP\PlatformPlugin\VideoOS.Platform\src\Proxy\ConfigApi\ConfigurationApiItemWrapper.cs:line 104&#xD;
   at VideoOS.Platform.ConfigurationItems.Factory.IsItemTypeSupported(ServerId serverId, String itemType) in D:\actions-runner\_work\XPCO\XPCO\MIP\PlatformPlugin\VideoOS.Platform\src\ConfigurationItems\Factory.cs:line 464&#xD;
MIP: Error: GetConfiguration (): CustomSetting not found for the given platformDefinitionId: e145597a-ecaf-40a1-99e6-14bb9d45a09e&#xD;
MIP: Error: ConfigurationApiItemWrapper (): ConfigAPI GetItem(): System.NotImplementedException, The method or operation is not implemented.&#xD;
MIP: Error: Factory.IsItemTypeSupported (): Exception source:      VideoOS.Platform.SDK.UnitTests&#xD;
Exception type:        System.NotImplementedException&#xD;
Exception message:     The method or operation is not implemented.&#xD;
Exception target site: GetItem&#xD;
   at VideoOS.Platform.SDKUnittest.EnvironmentTests.TestConfigurationClientService.GetItem(String path) in D:\actions-runner\_work\XPCO\XPCO\MIP\MIPSDK\tst\VideoOS.Platform.SDK.UnitTests\EnvironmentTests\TestsWithCorporateShimsBase.cs:line 227&#xD;
   at VideoOS.Platform.Proxy.ConfigApi.ConfigurationApiItemWrapper..ctor(ServerId serverId, String path) in D:\actions-runner\_work\XPCO\XPCO\MIP\PlatformPlugin\VideoOS.Platform\src\Proxy\ConfigApi\ConfigurationApiItemWrapper.cs:line 104&#xD;
   at VideoOS.Platform.ConfigurationItems.Factory.IsItemTypeSupported(ServerId serverId, String itemType) in D:\actions-runner\_work\XPCO\XPCO\MIP\PlatformPlugin\VideoOS.Platform\src\ConfigurationItems\Factory.cs:line 464&#xD;
&#xD;
Factory.IsItemTypeSupportedFactory.IsItemTypeSupported ()The method or operation is not implemented.   at VideoOS.Platform.SDKUnittest.EnvironmentTests.TestConfigurationClientService.GetItem(String path) in D:\actions-runner\_work\XPCO\XPCO\MIP\MIPSDK\tst\VideoOS.Platform.SDK.UnitTests\EnvironmentTests\TestsWithCorporateShimsBase.cs:line 227&#xD;
   at VideoOS.Platform.Proxy.ConfigApi.ConfigurationApiItemWrapper..ctor(ServerId serverId, String path) in D:\actions-runner\_work\XPCO\XPCO\MIP\PlatformPlugin\VideoOS.Platform\src\Proxy\ConfigApi\ConfigurationApiItemWrapper.cs:line 104&#xD;
   at VideoOS.Platform.ConfigurationItems.Factory.IsItemTypeSupported(ServerId serverId, String itemType) in D:\actions-runner\_work\XPCO\XPCO\MIP\PlatformPlugin\VideoOS.Platform\src\ConfigurationItems\Factory.cs:line 464&#xD;
MIP: Error: LoginServerOauth (): https://1.2.3.5:55/ManagementServer/ServerCommandServiceOAuth.svc The method or operation is not implemented.&#xD;
MIP: Error: ConfigurationApiItemWrapper (): ConfigAPI GetItem(): System.NotImplementedException, The method or operation is not implemented.&#xD;
MIP: Error: ConfigurationAsync::BuildTopLevelItems LoadPlugin Loop (): Exception source:      VideoOS.Platform.SDK.UnitTests&#xD;
Exception type:        System.NotImplementedException&#xD;
Exception message:     The method or operation is not implemented.&#xD;
Exception target site: GetItem&#xD;
   at VideoOS.Platform.SDKUnittest.EnvironmentTests.TestConfigurationClientService.GetItem(String path) in D:\actions-runner\_work\XPCO\XPCO\MIP\MIPSDK\tst\VideoOS.Platform.SDK.UnitTests\EnvironmentTests\TestsWithCorporateShimsBase.cs:line 227&#xD;
   at VideoOS.Platform.Proxy.ConfigApi.ConfigurationApiItemWrapper..ctor(ServerId serverId, String path) in D:\actions-runner\_work\XPCO\XPCO\MIP\PlatformPlugin\VideoOS.Platform\src\Proxy\ConfigApi\ConfigurationApiItemWrapper.cs:line 104&#xD;
   at VideoOS.Platform.Util.VideoWall.LayoutGroupItemManager.GetItem(FQID fqid) in D:\actions-runner\_work\XPCO\XPCO\MIP\PlatformPlugin\VideoOS.Platform\src\Util\VideoWall\LayoutGroupItemManager.cs:line 57&#xD;
   at VideoOS.Platform.SDK.Platform.ConfigurationAsync.GetItems(Guid kind, ItemHierarchy itemHierarchy) in D:\actions-runner\_work\XPCO\XPCO\MIP\MIPSDK\prod\VideoOS.Platform.SDK\Platform\ConfigurationAsync.cs:line 163&#xD;
&#xD;
ConfigurationAsync::BuildTopLevelItems LoadPlugin LoopConfigurationAsync::BuildTopLevelItems LoadPlugin Loop ()The method or operation is not implemented.   at VideoOS.Platform.SDKUnittest.EnvironmentTests.TestConfigurationClientService.GetItem(String path) in D:\actions-runner\_work\XPCO\XPCO\MIP\MIPSDK\tst\VideoOS.Platform.SDK.UnitTests\EnvironmentTests\TestsWithCorporateShimsBase.cs:line 227&#xD;
   at VideoOS.Platform.Proxy.ConfigApi.ConfigurationApiItemWrapper..ctor(ServerId serverId, String path) in D:\actions-runner\_work\XPCO\XPCO\MIP\PlatformPlugin\VideoOS.Platform\src\Proxy\ConfigApi\ConfigurationApiItemWrapper.cs:line 104&#xD;
   at VideoOS.Platform.Util.VideoWall.LayoutGroupItemManager.GetItem(FQID fqid) in D:\actions-runner\_work\XPCO\XPCO\MIP\PlatformPlugin\VideoOS.Platform\src\Util\VideoWall\LayoutGroupItemManager.cs:line 57&#xD;
   at VideoOS.Platform.SDK.Platform.ConfigurationAsync.GetItems(Guid kind, ItemHierarchy itemHierarchy) in D:\actions-runner\_work\XPCO\XPCO\MIP\MIPSDK\prod\VideoOS.Platform.SDK\Platform\ConfigurationAsync.cs:line 163</StdOut>
      </Output>
    </UnitTestResult>
    <UnitTestResult executionId="a4eeb9ef-44fe-45c3-830e-7ed3d29d6259" testId="e0c41eb4-ca64-4ddf-9983-492652c1f0d6" testName="Given_SubScriptionAdded_When_RemoveSubscriptionSuccesful_Then_MethodSucceeds" computerName="DKSR-EFI-04" duration="00:00:00.0028848" startTime="2023-12-22T09:36:55.1921044+01:00" endTime="2023-12-22T09:36:55.1952432+01:00" testType="13cdc9d9-ddb5-4fa4-a97d-d965ccfc6d4b" outcome="Passed" testListId="8c84fa94-04c1-424b-9868-57a2d4851a1d" relativeResultsDirectory="a4eeb9ef-44fe-45c3-830e-7ed3d29d6259" />
    <UnitTestResult executionId="bfb98664-3ec4-4782-93eb-1c2ca360d08e" testId="b0b9d0a0-9158-c0ad-cbda-c08da553577d" testName="XpcoMultiUserLoginSuccess" computerName="DKSR-EFI-04" duration="00:00:01.8621472" startTime="2023-12-22T09:36:59.3649821+01:00" endTime="2023-12-22T09:37:01.2275897+01:00" testType="13cdc9d9-ddb5-4fa4-a97d-d965ccfc6d4b" outcome="Passed" testListId="8c84fa94-04c1-424b-9868-57a2d4851a1d" relativeResultsDirectory="bfb98664-3ec4-4782-93eb-1c2ca360d08e">
      <Output>
        <StdOut>Debug Trace:&#xD;
TopLevelControl returns null. PostMessage may have problems&#xD;
MIP: Error: ConfigurationApiItemWrapper (): ConfigAPI GetItem(): System.NotImplementedException, The method or operation is not implemented.&#xD;
MIP: Error: Factory.IsItemTypeSupported (): Exception source:      VideoOS.Platform.SDK.UnitTests&#xD;
Exception type:        System.NotImplementedException&#xD;
Exception message:     The method or operation is not implemented.&#xD;
Exception target site: GetItem&#xD;
   at VideoOS.Platform.SDKUnittest.EnvironmentTests.TestConfigurationClientService.GetItem(String path) in D:\actions-runner\_work\XPCO\XPCO\MIP\MIPSDK\tst\VideoOS.Platform.SDK.UnitTests\EnvironmentTests\TestsWithCorporateShimsBase.cs:line 227&#xD;
   at VideoOS.Platform.Proxy.ConfigApi.ConfigurationApiItemWrapper..ctor(ServerId serverId, String path) in D:\actions-runner\_work\XPCO\XPCO\MIP\PlatformPlugin\VideoOS.Platform\src\Proxy\ConfigApi\ConfigurationApiItemWrapper.cs:line 104&#xD;
   at VideoOS.Platform.ConfigurationItems.Factory.IsItemTypeSupported(ServerId serverId, String itemType) in D:\actions-runner\_work\XPCO\XPCO\MIP\PlatformPlugin\VideoOS.Platform\src\ConfigurationItems\Factory.cs:line 464&#xD;
&#xD;
Factory.IsItemTypeSupportedFactory.IsItemTypeSupported ()The method or operation is not implemented.   at VideoOS.Platform.SDKUnittest.EnvironmentTests.TestConfigurationClientService.GetItem(String path) in D:\actions-runner\_work\XPCO\XPCO\MIP\MIPSDK\tst\VideoOS.Platform.SDK.UnitTests\EnvironmentTests\TestsWithCorporateShimsBase.cs:line 227&#xD;
   at VideoOS.Platform.Proxy.ConfigApi.ConfigurationApiItemWrapper..ctor(ServerId serverId, String path) in D:\actions-runner\_work\XPCO\XPCO\MIP\PlatformPlugin\VideoOS.Platform\src\Proxy\ConfigApi\ConfigurationApiItemWrapper.cs:line 104&#xD;
   at VideoOS.Platform.ConfigurationItems.Factory.IsItemTypeSupported(ServerId serverId, String itemType) in D:\actions-runner\_work\XPCO\XPCO\MIP\PlatformPlugin\VideoOS.Platform\src\ConfigurationItems\Factory.cs:line 464&#xD;
MIP: Error: GetConfiguration (): CustomSetting not found for the given platformDefinitionId: e145597a-ecaf-40a1-99e6-14bb9d45a09e&#xD;
MIP: Error: ConfigurationApiItemWrapper (): ConfigAPI GetItem(): System.NotImplementedException, The method or operation is not implemented.&#xD;
MIP: Error: Factory.IsItemTypeSupported (): Exception source:      VideoOS.Platform.SDK.UnitTests&#xD;
Exception type:        System.NotImplementedException&#xD;
Exception message:     The method or operation is not implemented.&#xD;
Exception target site: GetItem&#xD;
   at VideoOS.Platform.SDKUnittest.EnvironmentTests.TestConfigurationClientService.GetItem(String path) in D:\actions-runner\_work\XPCO\XPCO\MIP\MIPSDK\tst\VideoOS.Platform.SDK.UnitTests\EnvironmentTests\TestsWithCorporateShimsBase.cs:line 227&#xD;
   at VideoOS.Platform.Proxy.ConfigApi.ConfigurationApiItemWrapper..ctor(ServerId serverId, String path) in D:\actions-runner\_work\XPCO\XPCO\MIP\PlatformPlugin\VideoOS.Platform\src\Proxy\ConfigApi\ConfigurationApiItemWrapper.cs:line 104&#xD;
   at VideoOS.Platform.ConfigurationItems.Factory.IsItemTypeSupported(ServerId serverId, String itemType) in D:\actions-runner\_work\XPCO\XPCO\MIP\PlatformPlugin\VideoOS.Platform\src\ConfigurationItems\Factory.cs:line 464&#xD;
&#xD;
Factory.IsItemTypeSupportedFactory.IsItemTypeSupported ()The method or operation is not implemented.   at VideoOS.Platform.SDKUnittest.EnvironmentTests.TestConfigurationClientService.GetItem(String path) in D:\actions-runner\_work\XPCO\XPCO\MIP\MIPSDK\tst\VideoOS.Platform.SDK.UnitTests\EnvironmentTests\TestsWithCorporateShimsBase.cs:line 227&#xD;
   at VideoOS.Platform.Proxy.ConfigApi.ConfigurationApiItemWrapper..ctor(ServerId serverId, String path) in D:\actions-runner\_work\XPCO\XPCO\MIP\PlatformPlugin\VideoOS.Platform\src\Proxy\ConfigApi\ConfigurationApiItemWrapper.cs:line 104&#xD;
   at VideoOS.Platform.ConfigurationItems.Factory.IsItemTypeSupported(ServerId serverId, String itemType) in D:\actions-runner\_work\XPCO\XPCO\MIP\PlatformPlugin\VideoOS.Platform\src\ConfigurationItems\Factory.cs:line 464&#xD;
MIP: Error: LoginServerOauth (): https://1.2.3.5:55/ManagementServer/ServerCommandServiceOAuth.svc The method or operation is not implemented.&#xD;
MIP: Error: ConfigurationApiItemWrapper (): ConfigAPI GetItem(): System.NotImplementedException, The method or operation is not implemented.&#xD;
MIP: Error: Factory.IsItemTypeSupported (): Exception source:      VideoOS.Platform.SDK.UnitTests&#xD;
Exception type:        System.NotImplementedException&#xD;
Exception message:     The method or operation is not implemented.&#xD;
Exception target site: GetItem&#xD;
   at VideoOS.Platform.SDKUnittest.EnvironmentTests.TestConfigurationClientService.GetItem(String path) in D:\actions-runner\_work\XPCO\XPCO\MIP\MIPSDK\tst\VideoOS.Platform.SDK.UnitTests\EnvironmentTests\TestsWithCorporateShimsBase.cs:line 227&#xD;
   at VideoOS.Platform.Proxy.ConfigApi.ConfigurationApiItemWrapper..ctor(ServerId serverId, String path) in D:\actions-runner\_work\XPCO\XPCO\MIP\PlatformPlugin\VideoOS.Platform\src\Proxy\ConfigApi\ConfigurationApiItemWrapper.cs:line 104&#xD;
   at VideoOS.Platform.ConfigurationItems.Factory.IsItemTypeSupported(ServerId serverId, String itemType) in D:\actions-runner\_work\XPCO\XPCO\MIP\PlatformPlugin\VideoOS.Platform\src\ConfigurationItems\Factory.cs:line 464&#xD;
&#xD;
Factory.IsItemTypeSupportedFactory.IsItemTypeSupported ()The method or operation is not implemented.   at VideoOS.Platform.SDKUnittest.EnvironmentTests.TestConfigurationClientService.GetItem(String path) in D:\actions-runner\_work\XPCO\XPCO\MIP\MIPSDK\tst\VideoOS.Platform.SDK.UnitTests\EnvironmentTests\TestsWithCorporateShimsBase.cs:line 227&#xD;
   at VideoOS.Platform.Proxy.ConfigApi.ConfigurationApiItemWrapper..ctor(ServerId serverId, String path) in D:\actions-runner\_work\XPCO\XPCO\MIP\PlatformPlugin\VideoOS.Platform\src\Proxy\ConfigApi\ConfigurationApiItemWrapper.cs:line 104&#xD;
   at VideoOS.Platform.ConfigurationItems.Factory.IsItemTypeSupported(ServerId serverId, String itemType) in D:\actions-runner\_work\XPCO\XPCO\MIP\PlatformPlugin\VideoOS.Platform\src\ConfigurationItems\Factory.cs:line 464&#xD;
MIP: Error: GetConfiguration (): CustomSetting not found for the given platformDefinitionId: e145597a-ecaf-40a1-99e6-14bb9d45a09e&#xD;
MIP: Error: ConfigurationApiItemWrapper (): ConfigAPI GetItem(): System.NotImplementedException, The method or operation is not implemented.&#xD;
MIP: Error: Factory.IsItemTypeSupported (): Exception source:      VideoOS.Platform.SDK.UnitTests&#xD;
Exception type:        System.NotImplementedException&#xD;
Exception message:     The method or operation is not implemented.&#xD;
Exception target site: GetItem&#xD;
   at VideoOS.Platform.SDKUnittest.EnvironmentTests.TestConfigurationClientService.GetItem(String path) in D:\actions-runner\_work\XPCO\XPCO\MIP\MIPSDK\tst\VideoOS.Platform.SDK.UnitTests\EnvironmentTests\TestsWithCorporateShimsBase.cs:line 227&#xD;
   at VideoOS.Platform.Proxy.ConfigApi.ConfigurationApiItemWrapper..ctor(ServerId serverId, String path) in D:\actions-runner\_work\XPCO\XPCO\MIP\PlatformPlugin\VideoOS.Platform\src\Proxy\ConfigApi\ConfigurationApiItemWrapper.cs:line 104&#xD;
   at VideoOS.Platform.ConfigurationItems.Factory.IsItemTypeSupported(ServerId serverId, String itemType) in D:\actions-runner\_work\XPCO\XPCO\MIP\PlatformPlugin\VideoOS.Platform\src\ConfigurationItems\Factory.cs:line 464&#xD;
&#xD;
Factory.IsItemTypeSupportedFactory.IsItemTypeSupported ()The method or operation is not implemented.   at VideoOS.Platform.SDKUnittest.EnvironmentTests.TestConfigurationClientService.GetItem(String path) in D:\actions-runner\_work\XPCO\XPCO\MIP\MIPSDK\tst\VideoOS.Platform.SDK.UnitTests\EnvironmentTests\TestsWithCorporateShimsBase.cs:line 227&#xD;
   at VideoOS.Platform.Proxy.ConfigApi.ConfigurationApiItemWrapper..ctor(ServerId serverId, String path) in D:\actions-runner\_work\XPCO\XPCO\MIP\PlatformPlugin\VideoOS.Platform\src\Proxy\ConfigApi\ConfigurationApiItemWrapper.cs:line 104&#xD;
   at VideoOS.Platform.ConfigurationItems.Factory.IsItemTypeSupported(ServerId serverId, String itemType) in D:\actions-runner\_work\XPCO\XPCO\MIP\PlatformPlugin\VideoOS.Platform\src\ConfigurationItems\Factory.cs:line 464&#xD;
MIP: Error: LoginServerOauth (): https://1.2.3.5:55/ManagementServer/ServerCommandServiceOAuth.svc The method or operation is not implemented.&#xD;
MIP: Error: ConfigurationApiItemWrapper (): ConfigAPI GetItem(): System.NotImplementedException, The method or operation is not implemented.&#xD;
MIP: Error: Factory.IsItemTypeSupported (): Exception source:      VideoOS.Platform.SDK.UnitTests&#xD;
Exception type:        System.NotImplementedException&#xD;
Exception message:     The method or operation is not implemented.&#xD;
Exception target site: GetItem&#xD;
   at VideoOS.Platform.SDKUnittest.EnvironmentTests.TestConfigurationClientService.GetItem(String path) in D:\actions-runner\_work\XPCO\XPCO\MIP\MIPSDK\tst\VideoOS.Platform.SDK.UnitTests\EnvironmentTests\TestsWithCorporateShimsBase.cs:line 227&#xD;
   at VideoOS.Platform.Proxy.ConfigApi.ConfigurationApiItemWrapper..ctor(ServerId serverId, String path) in D:\actions-runner\_work\XPCO\XPCO\MIP\PlatformPlugin\VideoOS.Platform\src\Proxy\ConfigApi\ConfigurationApiItemWrapper.cs:line 104&#xD;
   at VideoOS.Platform.ConfigurationItems.Factory.IsItemTypeSupported(ServerId serverId, String itemType) in D:\actions-runner\_work\XPCO\XPCO\MIP\PlatformPlugin\VideoOS.Platform\src\ConfigurationItems\Factory.cs:line 464&#xD;
&#xD;
Factory.IsItemTypeSupportedFactory.IsItemTypeSupported ()The method or operation is not implemented.   at VideoOS.Platform.SDKUnittest.EnvironmentTests.TestConfigurationClientService.GetItem(String path) in D:\actions-runner\_work\XPCO\XPCO\MIP\MIPSDK\tst\VideoOS.Platform.SDK.UnitTests\EnvironmentTests\TestsWithCorporateShimsBase.cs:line 227&#xD;
   at VideoOS.Platform.Proxy.ConfigApi.ConfigurationApiItemWrapper..ctor(ServerId serverId, String path) in D:\actions-runner\_work\XPCO\XPCO\MIP\PlatformPlugin\VideoOS.Platform\src\Proxy\ConfigApi\ConfigurationApiItemWrapper.cs:line 104&#xD;
   at VideoOS.Platform.ConfigurationItems.Factory.IsItemTypeSupported(ServerId serverId, String itemType) in D:\actions-runner\_work\XPCO\XPCO\MIP\PlatformPlugin\VideoOS.Platform\src\ConfigurationItems\Factory.cs:line 464&#xD;
MIP: Error: ConfigurationApiItemWrapper (): ConfigAPI GetItem(): System.NotImplementedException, The method or operation is not implemented.&#xD;
MIP: Error: Factory.IsItemTypeSupported (): Exception source:      VideoOS.Platform.SDK.UnitTests&#xD;
Exception type:        System.NotImplementedException&#xD;
Exception message:     The method or operation is not implemented.&#xD;
Exception target site: GetItem&#xD;
   at VideoOS.Platform.SDKUnittest.EnvironmentTests.TestConfigurationClientService.GetItem(String path) in D:\actions-runner\_work\XPCO\XPCO\MIP\MIPSDK\tst\VideoOS.Platform.SDK.UnitTests\EnvironmentTests\TestsWithCorporateShimsBase.cs:line 227&#xD;
   at VideoOS.Platform.Proxy.ConfigApi.ConfigurationApiItemWrapper..ctor(ServerId serverId, String path) in D:\actions-runner\_work\XPCO\XPCO\MIP\PlatformPlugin\VideoOS.Platform\src\Proxy\ConfigApi\ConfigurationApiItemWrapper.cs:line 104&#xD;
   at VideoOS.Platform.ConfigurationItems.Factory.IsItemTypeSupported(ServerId serverId, String itemType) in D:\actions-runner\_work\XPCO\XPCO\MIP\PlatformPlugin\VideoOS.Platform\src\ConfigurationItems\Factory.cs:line 464&#xD;
&#xD;
Factory.IsItemTypeSupportedFactory.IsItemTypeSupported ()The method or operation is not implemented.   at VideoOS.Platform.SDKUnittest.EnvironmentTests.TestConfigurationClientService.GetItem(String path) in D:\actions-runner\_work\XPCO\XPCO\MIP\MIPSDK\tst\VideoOS.Platform.SDK.UnitTests\EnvironmentTests\TestsWithCorporateShimsBase.cs:line 227&#xD;
   at VideoOS.Platform.Proxy.ConfigApi.ConfigurationApiItemWrapper..ctor(ServerId serverId, String path) in D:\actions-runner\_work\XPCO\XPCO\MIP\PlatformPlugin\VideoOS.Platform\src\Proxy\ConfigApi\ConfigurationApiItemWrapper.cs:line 104&#xD;
   at VideoOS.Platform.ConfigurationItems.Factory.IsItemTypeSupported(ServerId serverId, String itemType) in D:\actions-runner\_work\XPCO\XPCO\MIP\PlatformPlugin\VideoOS.Platform\src\ConfigurationItems\Factory.cs:line 464&#xD;
MIP: Error: LoginServerOauth (): https://1.2.3.5:55/ManagementServer/ServerCommandServiceOAuth.svc The method or operation is not implemented.&#xD;
MIP: Error: ConfigurationApiItemWrapper (): ConfigAPI GetItem(): System.NotImplementedException, The method or operation is not implemented.&#xD;
MIP: Error: Factory.IsItemTypeSupported (): Exception source:      VideoOS.Platform.SDK.UnitTests&#xD;
Exception type:        System.NotImplementedException&#xD;
Exception message:     The method or operation is not implemented.&#xD;
Exception target site: GetItem&#xD;
   at VideoOS.Platform.SDKUnittest.EnvironmentTests.TestConfigurationClientService.GetItem(String path) in D:\actions-runner\_work\XPCO\XPCO\MIP\MIPSDK\tst\VideoOS.Platform.SDK.UnitTests\EnvironmentTests\TestsWithCorporateShimsBase.cs:line 227&#xD;
   at VideoOS.Platform.Proxy.ConfigApi.ConfigurationApiItemWrapper..ctor(ServerId serverId, String path) in D:\actions-runner\_work\XPCO\XPCO\MIP\PlatformPlugin\VideoOS.Platform\src\Proxy\ConfigApi\ConfigurationApiItemWrapper.cs:line 104&#xD;
   at VideoOS.Platform.ConfigurationItems.Factory.IsItemTypeSupported(ServerId serverId, String itemType) in D:\actions-runner\_work\XPCO\XPCO\MIP\PlatformPlugin\VideoOS.Platform\src\ConfigurationItems\Factory.cs:line 464&#xD;
&#xD;
Factory.IsItemTypeSupportedFactory.IsItemTypeSupported ()The method or operation is not implemented.   at VideoOS.Platform.SDKUnittest.EnvironmentTests.TestConfigurationClientService.GetItem(String path) in D:\actions-runner\_work\XPCO\XPCO\MIP\MIPSDK\tst\VideoOS.Platform.SDK.UnitTests\EnvironmentTests\TestsWithCorporateShimsBase.cs:line 227&#xD;
   at VideoOS.Platform.Proxy.ConfigApi.ConfigurationApiItemWrapper..ctor(ServerId serverId, String path) in D:\actions-runner\_work\XPCO\XPCO\MIP\PlatformPlugin\VideoOS.Platform\src\Proxy\ConfigApi\ConfigurationApiItemWrapper.cs:line 104&#xD;
   at VideoOS.Platform.ConfigurationItems.Factory.IsItemTypeSupported(ServerId serverId, String itemType) in D:\actions-runner\_work\XPCO\XPCO\MIP\PlatformPlugin\VideoOS.Platform\src\ConfigurationItems\Factory.cs:line 464&#xD;
MIP: Error: GetConfiguration (): CustomSetting not found for the given platformDefinitionId: e145597a-ecaf-40a1-99e6-14bb9d45a09e&#xD;
MIP: Error: ConfigurationApiItemWrapper (): ConfigAPI GetItem(): System.NotImplementedException, The method or operation is not implemented.&#xD;
MIP: Error: Factory.IsItemTypeSupported (): Exception source:      VideoOS.Platform.SDK.UnitTests&#xD;
Exception type:        System.NotImplementedException&#xD;
Exception message:     The method or operation is not implemented.&#xD;
Exception target site: GetItem&#xD;
   at VideoOS.Platform.SDKUnittest.EnvironmentTests.TestConfigurationClientService.GetItem(String path) in D:\actions-runner\_work\XPCO\XPCO\MIP\MIPSDK\tst\VideoOS.Platform.SDK.UnitTests\EnvironmentTests\TestsWithCorporateShimsBase.cs:line 227&#xD;
   at VideoOS.Platform.Proxy.ConfigApi.ConfigurationApiItemWrapper..ctor(ServerId serverId, String path) in D:\actions-runner\_work\XPCO\XPCO\MIP\PlatformPlugin\VideoOS.Platform\src\Proxy\ConfigApi\ConfigurationApiItemWrapper.cs:line 104&#xD;
   at VideoOS.Platform.ConfigurationItems.Factory.IsItemTypeSupported(ServerId serverId, String itemType) in D:\actions-runner\_work\XPCO\XPCO\MIP\PlatformPlugin\VideoOS.Platform\src\ConfigurationItems\Factory.cs:line 464&#xD;
&#xD;
Factory.IsItemTypeSupportedFactory.IsItemTypeSupported ()The method or operation is not implemented.   at VideoOS.Platform.SDKUnittest.EnvironmentTests.TestConfigurationClientService.GetItem(String path) in D:\actions-runner\_work\XPCO\XPCO\MIP\MIPSDK\tst\VideoOS.Platform.SDK.UnitTests\EnvironmentTests\TestsWithCorporateShimsBase.cs:line 227&#xD;
   at VideoOS.Platform.Proxy.ConfigApi.ConfigurationApiItemWrapper..ctor(ServerId serverId, String path) in D:\actions-runner\_work\XPCO\XPCO\MIP\PlatformPlugin\VideoOS.Platform\src\Proxy\ConfigApi\ConfigurationApiItemWrapper.cs:line 104&#xD;
   at VideoOS.Platform.ConfigurationItems.Factory.IsItemTypeSupported(ServerId serverId, String itemType) in D:\actions-runner\_work\XPCO\XPCO\MIP\PlatformPlugin\VideoOS.Platform\src\ConfigurationItems\Factory.cs:line 464&#xD;
MIP: Error: LoginServerOauth (): https://1.2.3.5:55/ManagementServer/ServerCommandServiceOAuth.svc The method or operation is not implemented.&#xD;
MIP: Error: ConfigurationApiItemWrapper (): ConfigAPI GetItem(): System.NotImplementedException, The method or operation is not implemented.&#xD;
MIP: Error: Factory.IsItemTypeSupported (): Exception source:      VideoOS.Platform.SDK.UnitTests&#xD;
Exception type:        System.NotImplementedException&#xD;
Exception message:     The method or operation is not implemented.&#xD;
Exception target site: GetItem&#xD;
   at VideoOS.Platform.SDKUnittest.EnvironmentTests.TestConfigurationClientService.GetItem(String path) in D:\actions-runner\_work\XPCO\XPCO\MIP\MIPSDK\tst\VideoOS.Platform.SDK.UnitTests\EnvironmentTests\TestsWithCorporateShimsBase.cs:line 227&#xD;
   at VideoOS.Platform.Proxy.ConfigApi.ConfigurationApiItemWrapper..ctor(ServerId serverId, String path) in D:\actions-runner\_work\XPCO\XPCO\MIP\PlatformPlugin\VideoOS.Platform\src\Proxy\ConfigApi\ConfigurationApiItemWrapper.cs:line 104&#xD;
   at VideoOS.Platform.ConfigurationItems.Factory.IsItemTypeSupported(ServerId serverId, String itemType) in D:\actions-runner\_work\XPCO\XPCO\MIP\PlatformPlugin\VideoOS.Platform\src\ConfigurationItems\Factory.cs:line 464&#xD;
&#xD;
Factory.IsItemTypeSupportedFactory.IsItemTypeSupported ()The method or operation is not implemented.   at VideoOS.Platform.SDKUnittest.EnvironmentTests.TestConfigurationClientService.GetItem(String path) in D:\actions-runner\_work\XPCO\XPCO\MIP\MIPSDK\tst\VideoOS.Platform.SDK.UnitTests\EnvironmentTests\TestsWithCorporateShimsBase.cs:line 227&#xD;
   at VideoOS.Platform.Proxy.ConfigApi.ConfigurationApiItemWrapper..ctor(ServerId serverId, String path) in D:\actions-runner\_work\XPCO\XPCO\MIP\PlatformPlugin\VideoOS.Platform\src\Proxy\ConfigApi\ConfigurationApiItemWrapper.cs:line 104&#xD;
   at VideoOS.Platform.ConfigurationItems.Factory.IsItemTypeSupported(ServerId serverId, String itemType) in D:\actions-runner\_work\XPCO\XPCO\MIP\PlatformPlugin\VideoOS.Platform\src\ConfigurationItems\Factory.cs:line 464&#xD;
MIP: Error: GetConfiguration (): CustomSetting not found for the given platformDefinitionId: e145597a-ecaf-40a1-99e6-14bb9d45a09e&#xD;
MIP: Error: ConfigurationApiItemWrapper (): ConfigAPI GetItem(): System.NotImplementedException, The method or operation is not implemented.&#xD;
MIP: Error: Factory.IsItemTypeSupported (): Exception source:      VideoOS.Platform.SDK.UnitTests&#xD;
Exception type:        System.NotImplementedException&#xD;
Exception message:     The method or operation is not implemented.&#xD;
Exception target site: GetItem&#xD;
   at VideoOS.Platform.SDKUnittest.EnvironmentTests.TestConfigurationClientService.GetItem(String path) in D:\actions-runner\_work\XPCO\XPCO\MIP\MIPSDK\tst\VideoOS.Platform.SDK.UnitTests\EnvironmentTests\TestsWithCorporateShimsBase.cs:line 227&#xD;
   at VideoOS.Platform.Proxy.ConfigApi.ConfigurationApiItemWrapper..ctor(ServerId serverId, String path) in D:\actions-runner\_work\XPCO\XPCO\MIP\PlatformPlugin\VideoOS.Platform\src\Proxy\ConfigApi\ConfigurationApiItemWrapper.cs:line 104&#xD;
   at VideoOS.Platform.ConfigurationItems.Factory.IsItemTypeSupported(ServerId serverId, String itemType) in D:\actions-runner\_work\XPCO\XPCO\MIP\PlatformPlugin\VideoOS.Platform\src\ConfigurationItems\Factory.cs:line 464&#xD;
&#xD;
Factory.IsItemTypeSupportedFactory.IsItemTypeSupported ()The method or operation is not implemented.   at VideoOS.Platform.SDKUnittest.EnvironmentTests.TestConfigurationClientService.GetItem(String path) in D:\actions-runner\_work\XPCO\XPCO\MIP\MIPSDK\tst\VideoOS.Platform.SDK.UnitTests\EnvironmentTests\TestsWithCorporateShimsBase.cs:line 227&#xD;
   at VideoOS.Platform.Proxy.ConfigApi.ConfigurationApiItemWrapper..ctor(ServerId serverId, String path) in D:\actions-runner\_work\XPCO\XPCO\MIP\PlatformPlugin\VideoOS.Platform\src\Proxy\ConfigApi\ConfigurationApiItemWrapper.cs:line 104&#xD;
   at VideoOS.Platform.ConfigurationItems.Factory.IsItemTypeSupported(ServerId serverId, String itemType) in D:\actions-runner\_work\XPCO\XPCO\MIP\PlatformPlugin\VideoOS.Platform\src\ConfigurationItems\Factory.cs:line 464&#xD;
MIP: Error: LoginServerOauth (): https://1.2.3.5:55/ManagementServer/ServerCommandServiceOAuth.svc The method or operation is not implemented.&#xD;
MIP: Error: ConfigurationApiItemWrapper (): ConfigAPI GetItem(): System.NotImplementedException, The method or operation is not implemented.&#xD;
MIP: Error: Factory.IsItemTypeSupported (): Exception source:      VideoOS.Platform.SDK.UnitTests&#xD;
Exception type:        System.NotImplementedException&#xD;
Exception message:     The method or operation is not implemented.&#xD;
Exception target site: GetItem&#xD;
   at VideoOS.Platform.SDKUnittest.EnvironmentTests.TestConfigurationClientService.GetItem(String path) in D:\actions-runner\_work\XPCO\XPCO\MIP\MIPSDK\tst\VideoOS.Platform.SDK.UnitTests\EnvironmentTests\TestsWithCorporateShimsBase.cs:line 227&#xD;
   at VideoOS.Platform.Proxy.ConfigApi.ConfigurationApiItemWrapper..ctor(ServerId serverId, String path) in D:\actions-runner\_work\XPCO\XPCO\MIP\PlatformPlugin\VideoOS.Platform\src\Proxy\ConfigApi\ConfigurationApiItemWrapper.cs:line 104&#xD;
   at VideoOS.Platform.ConfigurationItems.Factory.IsItemTypeSupported(ServerId serverId, String itemType) in D:\actions-runner\_work\XPCO\XPCO\MIP\PlatformPlugin\VideoOS.Platform\src\ConfigurationItems\Factory.cs:line 464&#xD;
&#xD;
Factory.IsItemTypeSupportedFactory.IsItemTypeSupported ()The method or operation is not implemented.   at VideoOS.Platform.SDKUnittest.EnvironmentTests.TestConfigurationClientService.GetItem(String path) in D:\actions-runner\_work\XPCO\XPCO\MIP\MIPSDK\tst\VideoOS.Platform.SDK.UnitTests\EnvironmentTests\TestsWithCorporateShimsBase.cs:line 227&#xD;
   at VideoOS.Platform.Proxy.ConfigApi.ConfigurationApiItemWrapper..ctor(ServerId serverId, String path) in D:\actions-runner\_work\XPCO\XPCO\MIP\PlatformPlugin\VideoOS.Platform\src\Proxy\ConfigApi\ConfigurationApiItemWrapper.cs:line 104&#xD;
   at VideoOS.Platform.ConfigurationItems.Factory.IsItemTypeSupported(ServerId serverId, String itemType) in D:\actions-runner\_work\XPCO\XPCO\MIP\PlatformPlugin\VideoOS.Platform\src\ConfigurationItems\Factory.cs:line 464&#xD;
MIP: Error: GetConfiguration (): CustomSetting not found for the given platformDefinitionId: e145597a-ecaf-40a1-99e6-14bb9d45a09e&#xD;
MIP: Error: ConfigurationApiItemWrapper (): ConfigAPI GetItem(): System.NotImplementedException, The method or operation is not implemented.&#xD;
MIP: Error: Factory.IsItemTypeSupported (): Exception source:      VideoOS.Platform.SDK.UnitTests&#xD;
Exception type:        System.NotImplementedException&#xD;
Exception message:     The method or operation is not implemented.&#xD;
Exception target site: GetItem&#xD;
   at VideoOS.Platform.SDKUnittest.EnvironmentTests.TestConfigurationClientService.GetItem(String path) in D:\actions-runner\_work\XPCO\XPCO\MIP\MIPSDK\tst\VideoOS.Platform.SDK.UnitTests\EnvironmentTests\TestsWithCorporateShimsBase.cs:line 227&#xD;
   at VideoOS.Platform.Proxy.ConfigApi.ConfigurationApiItemWrapper..ctor(ServerId serverId, String path) in D:\actions-runner\_work\XPCO\XPCO\MIP\PlatformPlugin\VideoOS.Platform\src\Proxy\ConfigApi\ConfigurationApiItemWrapper.cs:line 104&#xD;
   at VideoOS.Platform.ConfigurationItems.Factory.IsItemTypeSupported(ServerId serverId, String itemType) in D:\actions-runner\_work\XPCO\XPCO\MIP\PlatformPlugin\VideoOS.Platform\src\ConfigurationItems\Factory.cs:line 464&#xD;
&#xD;
Factory.IsItemTypeSupportedFactory.IsItemTypeSupported ()The method or operation is not implemented.   at VideoOS.Platform.SDKUnittest.EnvironmentTests.TestConfigurationClientService.GetItem(String path) in D:\actions-runner\_work\XPCO\XPCO\MIP\MIPSDK\tst\VideoOS.Platform.SDK.UnitTests\EnvironmentTests\TestsWithCorporateShimsBase.cs:line 227&#xD;
   at VideoOS.Platform.Proxy.ConfigApi.ConfigurationApiItemWrapper..ctor(ServerId serverId, String path) in D:\actions-runner\_work\XPCO\XPCO\MIP\PlatformPlugin\VideoOS.Platform\src\Proxy\ConfigApi\ConfigurationApiItemWrapper.cs:line 104&#xD;
   at VideoOS.Platform.ConfigurationItems.Factory.IsItemTypeSupported(ServerId serverId, String itemType) in D:\actions-runner\_work\XPCO\XPCO\MIP\PlatformPlugin\VideoOS.Platform\src\ConfigurationItems\Factory.cs:line 464&#xD;
MIP: Error: LoginServerOauth (): https://1.2.3.5:55/ManagementServer/ServerCommandServiceOAuth.svc The method or operation is not implemented.&#xD;
MIP: Error: ConfigurationApiItemWrapper (): ConfigAPI GetItem(): System.NotImplementedException, The method or operation is not implemented.&#xD;
MIP: Error: Factory.IsItemTypeSupported (): Exception source:      VideoOS.Platform.SDK.UnitTests&#xD;
Exception type:        System.NotImplementedException&#xD;
Exception message:     The method or operation is not implemented.&#xD;
Exception target site: GetItem&#xD;
   at VideoOS.Platform.SDKUnittest.EnvironmentTests.TestConfigurationClientService.GetItem(String path) in D:\actions-runner\_work\XPCO\XPCO\MIP\MIPSDK\tst\VideoOS.Platform.SDK.UnitTests\EnvironmentTests\TestsWithCorporateShimsBase.cs:line 227&#xD;
   at VideoOS.Platform.Proxy.ConfigApi.ConfigurationApiItemWrapper..ctor(ServerId serverId, String path) in D:\actions-runner\_work\XPCO\XPCO\MIP\PlatformPlugin\VideoOS.Platform\src\Proxy\ConfigApi\ConfigurationApiItemWrapper.cs:line 104&#xD;
   at VideoOS.Platform.ConfigurationItems.Factory.IsItemTypeSupported(ServerId serverId, String itemType) in D:\actions-runner\_work\XPCO\XPCO\MIP\PlatformPlugin\VideoOS.Platform\src\ConfigurationItems\Factory.cs:line 464&#xD;
&#xD;
Factory.IsItemTypeSupportedFactory.IsItemTypeSupported ()The method or operation is not implemented.   at VideoOS.Platform.SDKUnittest.EnvironmentTests.TestConfigurationClientService.GetItem(String path) in D:\actions-runner\_work\XPCO\XPCO\MIP\MIPSDK\tst\VideoOS.Platform.SDK.UnitTests\EnvironmentTests\TestsWithCorporateShimsBase.cs:line 227&#xD;
   at VideoOS.Platform.Proxy.ConfigApi.ConfigurationApiItemWrapper..ctor(ServerId serverId, String path) in D:\actions-runner\_work\XPCO\XPCO\MIP\PlatformPlugin\VideoOS.Platform\src\Proxy\ConfigApi\ConfigurationApiItemWrapper.cs:line 104&#xD;
   at VideoOS.Platform.ConfigurationItems.Factory.IsItemTypeSupported(ServerId serverId, String itemType) in D:\actions-runner\_work\XPCO\XPCO\MIP\PlatformPlugin\VideoOS.Platform\src\ConfigurationItems\Factory.cs:line 464&#xD;
MIP: Error: ConfigurationApiItemWrapper (): ConfigAPI GetItem(): System.NotImplementedException, The method or operation is not implemented.&#xD;
MIP: Error: Factory.IsItemTypeSupported (): Exception source:      VideoOS.Platform.SDK.UnitTests&#xD;
Exception type:        System.NotImplementedException&#xD;
Exception message:     The method or operation is not implemented.&#xD;
Exception target site: GetItem&#xD;
   at VideoOS.Platform.SDKUnittest.EnvironmentTests.TestConfigurationClientService.GetItem(String path) in D:\actions-runner\_work\XPCO\XPCO\MIP\MIPSDK\tst\VideoOS.Platform.SDK.UnitTests\EnvironmentTests\TestsWithCorporateShimsBase.cs:line 227&#xD;
   at VideoOS.Platform.Proxy.ConfigApi.ConfigurationApiItemWrapper..ctor(ServerId serverId, String path) in D:\actions-runner\_work\XPCO\XPCO\MIP\PlatformPlugin\VideoOS.Platform\src\Proxy\ConfigApi\ConfigurationApiItemWrapper.cs:line 104&#xD;
   at VideoOS.Platform.ConfigurationItems.Factory.IsItemTypeSupported(ServerId serverId, String itemType) in D:\actions-runner\_work\XPCO\XPCO\MIP\PlatformPlugin\VideoOS.Platform\src\ConfigurationItems\Factory.cs:line 464&#xD;
&#xD;
Factory.IsItemTypeSupportedFactory.IsItemTypeSupported ()The method or operation is not implemented.   at VideoOS.Platform.SDKUnittest.EnvironmentTests.TestConfigurationClientService.GetItem(String path) in D:\actions-runner\_work\XPCO\XPCO\MIP\MIPSDK\tst\VideoOS.Platform.SDK.UnitTests\EnvironmentTests\TestsWithCorporateShimsBase.cs:line 227&#xD;
   at VideoOS.Platform.Proxy.ConfigApi.ConfigurationApiItemWrapper..ctor(ServerId serverId, String path) in D:\actions-runner\_work\XPCO\XPCO\MIP\PlatformPlugin\VideoOS.Platform\src\Proxy\ConfigApi\ConfigurationApiItemWrapper.cs:line 104&#xD;
   at VideoOS.Platform.ConfigurationItems.Factory.IsItemTypeSupported(ServerId serverId, String itemType) in D:\actions-runner\_work\XPCO\XPCO\MIP\PlatformPlugin\VideoOS.Platform\src\ConfigurationItems\Factory.cs:line 464&#xD;
MIP: Error: LoginServerOauth (): https://1.2.3.5:55/ManagementServer/ServerCommandServiceOAuth.svc The method or operation is not implemented.&#xD;
MIP: Error: ConfigurationApiItemWrapper (): ConfigAPI GetItem(): System.NotImplementedException, The method or operation is not implemented.&#xD;
MIP: Error: Factory.IsItemTypeSupported (): Exception source:      VideoOS.Platform.SDK.UnitTests&#xD;
Exception type:        System.NotImplementedException&#xD;
Exception message:     The method or operation is not implemented.&#xD;
Exception target site: GetItem&#xD;
   at VideoOS.Platform.SDKUnittest.EnvironmentTests.TestConfigurationClientService.GetItem(String path) in D:\actions-runner\_work\XPCO\XPCO\MIP\MIPSDK\tst\VideoOS.Platform.SDK.UnitTests\EnvironmentTests\TestsWithCorporateShimsBase.cs:line 227&#xD;
   at VideoOS.Platform.Proxy.ConfigApi.ConfigurationApiItemWrapper..ctor(ServerId serverId, String path) in D:\actions-runner\_work\XPCO\XPCO\MIP\PlatformPlugin\VideoOS.Platform\src\Proxy\ConfigApi\ConfigurationApiItemWrapper.cs:line 104&#xD;
   at VideoOS.Platform.ConfigurationItems.Factory.IsItemTypeSupported(ServerId serverId, String itemType) in D:\actions-runner\_work\XPCO\XPCO\MIP\PlatformPlugin\VideoOS.Platform\src\ConfigurationItems\Factory.cs:line 464&#xD;
&#xD;
Factory.IsItemTypeSupportedFactory.IsItemTypeSupported ()The method or operation is not implemented.   at VideoOS.Platform.SDKUnittest.EnvironmentTests.TestConfigurationClientService.GetItem(String path) in D:\actions-runner\_work\XPCO\XPCO\MIP\MIPSDK\tst\VideoOS.Platform.SDK.UnitTests\EnvironmentTests\TestsWithCorporateShimsBase.cs:line 227&#xD;
   at VideoOS.Platform.Proxy.ConfigApi.ConfigurationApiItemWrapper..ctor(ServerId serverId, String path) in D:\actions-runner\_work\XPCO\XPCO\MIP\PlatformPlugin\VideoOS.Platform\src\Proxy\ConfigApi\ConfigurationApiItemWrapper.cs:line 104&#xD;
   at VideoOS.Platform.ConfigurationItems.Factory.IsItemTypeSupported(ServerId serverId, String itemType) in D:\actions-runner\_work\XPCO\XPCO\MIP\PlatformPlugin\VideoOS.Platform\src\ConfigurationItems\Factory.cs:line 464&#xD;
MIP: Error: GetConfiguration (): CustomSetting not found for the given platformDefinitionId: e145597a-ecaf-40a1-99e6-14bb9d45a09e&#xD;
MIP: Error: ConfigurationApiItemWrapper (): ConfigAPI GetItem(): System.NotImplementedException, The method or operation is not implemented.&#xD;
MIP: Error: Factory.IsItemTypeSupported (): Exception source:      VideoOS.Platform.SDK.UnitTests&#xD;
Exception type:        System.NotImplementedException&#xD;
Exception message:     The method or operation is not implemented.&#xD;
Exception target site: GetItem&#xD;
   at VideoOS.Platform.SDKUnittest.EnvironmentTests.TestConfigurationClientService.GetItem(String path) in D:\actions-runner\_work\XPCO\XPCO\MIP\MIPSDK\tst\VideoOS.Platform.SDK.UnitTests\EnvironmentTests\TestsWithCorporateShimsBase.cs:line 227&#xD;
   at VideoOS.Platform.Proxy.ConfigApi.ConfigurationApiItemWrapper..ctor(ServerId serverId, String path) in D:\actions-runner\_work\XPCO\XPCO\MIP\PlatformPlugin\VideoOS.Platform\src\Proxy\ConfigApi\ConfigurationApiItemWrapper.cs:line 104&#xD;
   at VideoOS.Platform.ConfigurationItems.Factory.IsItemTypeSupported(ServerId serverId, String itemType) in D:\actions-runner\_work\XPCO\XPCO\MIP\PlatformPlugin\VideoOS.Platform\src\ConfigurationItems\Factory.cs:line 464&#xD;
&#xD;
Factory.IsItemTypeSupportedFactory.IsItemTypeSupported ()The method or operation is not implemented.   at VideoOS.Platform.SDKUnittest.EnvironmentTests.TestConfigurationClientService.GetItem(String path) in D:\actions-runner\_work\XPCO\XPCO\MIP\MIPSDK\tst\VideoOS.Platform.SDK.UnitTests\EnvironmentTests\TestsWithCorporateShimsBase.cs:line 227&#xD;
   at VideoOS.Platform.Proxy.ConfigApi.ConfigurationApiItemWrapper..ctor(ServerId serverId, String path) in D:\actions-runner\_work\XPCO\XPCO\MIP\PlatformPlugin\VideoOS.Platform\src\Proxy\ConfigApi\ConfigurationApiItemWrapper.cs:line 104&#xD;
   at VideoOS.Platform.ConfigurationItems.Factory.IsItemTypeSupported(ServerId serverId, String itemType) in D:\actions-runner\_work\XPCO\XPCO\MIP\PlatformPlugin\VideoOS.Platform\src\ConfigurationItems\Factory.cs:line 464&#xD;
MIP: Error: LoginServerOauth (): https://1.2.3.5:55/ManagementServer/ServerCommandServiceOAuth.svc The method or operation is not implemented.&#xD;
MIP: Error: ConfigurationApiItemWrapper (): ConfigAPI GetItem(): System.NotImplementedException, The method or operation is not implemented.&#xD;
MIP: Error: Factory.IsItemTypeSupported (): Exception source:      VideoOS.Platform.SDK.UnitTests&#xD;
Exception type:        System.NotImplementedException&#xD;
Exception message:     The method or operation is not implemented.&#xD;
Exception target site: GetItem&#xD;
   at VideoOS.Platform.SDKUnittest.EnvironmentTests.TestConfigurationClientService.GetItem(String path) in D:\actions-runner\_work\XPCO\XPCO\MIP\MIPSDK\tst\VideoOS.Platform.SDK.UnitTests\EnvironmentTests\TestsWithCorporateShimsBase.cs:line 227&#xD;
   at VideoOS.Platform.Proxy.ConfigApi.ConfigurationApiItemWrapper..ctor(ServerId serverId, String path) in D:\actions-runner\_work\XPCO\XPCO\MIP\PlatformPlugin\VideoOS.Platform\src\Proxy\ConfigApi\ConfigurationApiItemWrapper.cs:line 104&#xD;
   at VideoOS.Platform.ConfigurationItems.Factory.IsItemTypeSupported(ServerId serverId, String itemType) in D:\actions-runner\_work\XPCO\XPCO\MIP\PlatformPlugin\VideoOS.Platform\src\ConfigurationItems\Factory.cs:line 464&#xD;
&#xD;
Factory.IsItemTypeSupportedFactory.IsItemTypeSupported ()The method or operation is not implemented.   at VideoOS.Platform.SDKUnittest.EnvironmentTests.TestConfigurationClientService.GetItem(String path) in D:\actions-runner\_work\XPCO\XPCO\MIP\MIPSDK\tst\VideoOS.Platform.SDK.UnitTests\EnvironmentTests\TestsWithCorporateShimsBase.cs:line 227&#xD;
   at VideoOS.Platform.Proxy.ConfigApi.ConfigurationApiItemWrapper..ctor(ServerId serverId, String path) in D:\actions-runner\_work\XPCO\XPCO\MIP\PlatformPlugin\VideoOS.Platform\src\Proxy\ConfigApi\ConfigurationApiItemWrapper.cs:line 104&#xD;
   at VideoOS.Platform.ConfigurationItems.Factory.IsItemTypeSupported(ServerId serverId, String itemType) in D:\actions-runner\_work\XPCO\XPCO\MIP\PlatformPlugin\VideoOS.Platform\src\ConfigurationItems\Factory.cs:line 464&#xD;
MIP: Error: ConfigurationApiItemWrapper (): ConfigAPI GetItem(): System.NotImplementedException, The method or operation is not implemented.&#xD;
MIP: Error: Factory.IsItemTypeSupported (): Exception source:      VideoOS.Platform.SDK.UnitTests&#xD;
Exception type:        System.NotImplementedException&#xD;
Exception message:     The method or operation is not implemented.&#xD;
Exception target site: GetItem&#xD;
   at VideoOS.Platform.SDKUnittest.EnvironmentTests.TestConfigurationClientService.GetItem(String path) in D:\actions-runner\_work\XPCO\XPCO\MIP\MIPSDK\tst\VideoOS.Platform.SDK.UnitTests\EnvironmentTests\TestsWithCorporateShimsBase.cs:line 227&#xD;
   at VideoOS.Platform.Proxy.ConfigApi.ConfigurationApiItemWrapper..ctor(ServerId serverId, String path) in D:\actions-runner\_work\XPCO\XPCO\MIP\PlatformPlugin\VideoOS.Platform\src\Proxy\ConfigApi\ConfigurationApiItemWrapper.cs:line 104&#xD;
   at VideoOS.Platform.ConfigurationItems.Factory.IsItemTypeSupported(ServerId serverId, String itemType) in D:\actions-runner\_work\XPCO\XPCO\MIP\PlatformPlugin\VideoOS.Platform\src\ConfigurationItems\Factory.cs:line 464&#xD;
&#xD;
Factory.IsItemTypeSupportedFactory.IsItemTypeSupported ()The method or operation is not implemented.   at VideoOS.Platform.SDKUnittest.EnvironmentTests.TestConfigurationClientService.GetItem(String path) in D:\actions-runner\_work\XPCO\XPCO\MIP\MIPSDK\tst\VideoOS.Platform.SDK.UnitTests\EnvironmentTests\TestsWithCorporateShimsBase.cs:line 227&#xD;
   at VideoOS.Platform.Proxy.ConfigApi.ConfigurationApiItemWrapper..ctor(ServerId serverId, String path) in D:\actions-runner\_work\XPCO\XPCO\MIP\PlatformPlugin\VideoOS.Platform\src\Proxy\ConfigApi\ConfigurationApiItemWrapper.cs:line 104&#xD;
   at VideoOS.Platform.ConfigurationItems.Factory.IsItemTypeSupported(ServerId serverId, String itemType) in D:\actions-runner\_work\XPCO\XPCO\MIP\PlatformPlugin\VideoOS.Platform\src\ConfigurationItems\Factory.cs:line 464&#xD;
MIP: Error: ConfigurationApiItemWrapper (): ConfigAPI GetItem(): System.NotImplementedException, The method or operation is not implemented.&#xD;
MIP: Error: Factory.IsItemTypeSupported (): Exception source:      VideoOS.Platform.SDK.UnitTests&#xD;
Exception type:        System.NotImplementedException&#xD;
Exception message:     The method or operation is not implemented.&#xD;
Exception target site: GetItem&#xD;
   at VideoOS.Platform.SDKUnittest.EnvironmentTests.TestConfigurationClientService.GetItem(String path) in D:\actions-runner\_work\XPCO\XPCO\MIP\MIPSDK\tst\VideoOS.Platform.SDK.UnitTests\EnvironmentTests\TestsWithCorporateShimsBase.cs:line 227&#xD;
   at VideoOS.Platform.Proxy.ConfigApi.ConfigurationApiItemWrapper..ctor(ServerId serverId, String path) in D:\actions-runner\_work\XPCO\XPCO\MIP\PlatformPlugin\VideoOS.Platform\src\Proxy\ConfigApi\ConfigurationApiItemWrapper.cs:line 104&#xD;
   at VideoOS.Platform.ConfigurationItems.Factory.IsItemTypeSupported(ServerId serverId, String itemType) in D:\actions-runner\_work\XPCO\XPCO\MIP\PlatformPlugin\VideoOS.Platform\src\ConfigurationItems\Factory.cs:line 464&#xD;
&#xD;
Factory.IsItemTypeSupportedFactory.IsItemTypeSupported ()The method or operation is not implemented.   at VideoOS.Platform.SDKUnittest.EnvironmentTests.TestConfigurationClientService.GetItem(String path) in D:\actions-runner\_work\XPCO\XPCO\MIP\MIPSDK\tst\VideoOS.Platform.SDK.UnitTests\EnvironmentTests\TestsWithCorporateShimsBase.cs:line 227&#xD;
   at VideoOS.Platform.Proxy.ConfigApi.ConfigurationApiItemWrapper..ctor(ServerId serverId, String path) in D:\actions-runner\_work\XPCO\XPCO\MIP\PlatformPlugin\VideoOS.Platform\src\Proxy\ConfigApi\ConfigurationApiItemWrapper.cs:line 104&#xD;
   at VideoOS.Platform.ConfigurationItems.Factory.IsItemTypeSupported(ServerId serverId, String itemType) in D:\actions-runner\_work\XPCO\XPCO\MIP\PlatformPlugin\VideoOS.Platform\src\ConfigurationItems\Factory.cs:line 464&#xD;
MIP: Error: ConfigurationApiItemWrapper (): ConfigAPI GetItem(): System.NotImplementedException, The method or operation is not implemented.&#xD;
MIP: Error: Factory.IsItemTypeSupported (): Exception source:      VideoOS.Platform.SDK.UnitTests&#xD;
Exception type:        System.NotImplementedException&#xD;
Exception message:     The method or operation is not implemented.&#xD;
Exception target site: GetItem&#xD;
   at VideoOS.Platform.SDKUnittest.EnvironmentTests.TestConfigurationClientService.GetItem(String path) in D:\actions-runner\_work\XPCO\XPCO\MIP\MIPSDK\tst\VideoOS.Platform.SDK.UnitTests\EnvironmentTests\TestsWithCorporateShimsBase.cs:line 227&#xD;
   at VideoOS.Platform.Proxy.ConfigApi.ConfigurationApiItemWrapper..ctor(ServerId serverId, String path) in D:\actions-runner\_work\XPCO\XPCO\MIP\PlatformPlugin\VideoOS.Platform\src\Proxy\ConfigApi\ConfigurationApiItemWrapper.cs:line 104&#xD;
   at VideoOS.Platform.ConfigurationItems.Factory.IsItemTypeSupported(ServerId serverId, String itemType) in D:\actions-runner\_work\XPCO\XPCO\MIP\PlatformPlugin\VideoOS.Platform\src\ConfigurationItems\Factory.cs:line 464&#xD;
&#xD;
Factory.IsItemTypeSupportedFactory.IsItemTypeSupported ()The method or operation is not implemented.   at VideoOS.Platform.SDKUnittest.EnvironmentTests.TestConfigurationClientService.GetItem(String path) in D:\actions-runner\_work\XPCO\XPCO\MIP\MIPSDK\tst\VideoOS.Platform.SDK.UnitTests\EnvironmentTests\TestsWithCorporateShimsBase.cs:line 227&#xD;
   at VideoOS.Platform.Proxy.ConfigApi.ConfigurationApiItemWrapper..ctor(ServerId serverId, String path) in D:\actions-runner\_work\XPCO\XPCO\MIP\PlatformPlugin\VideoOS.Platform\src\Proxy\ConfigApi\ConfigurationApiItemWrapper.cs:line 104&#xD;
   at VideoOS.Platform.ConfigurationItems.Factory.IsItemTypeSupported(ServerId serverId, String itemType) in D:\actions-runner\_work\XPCO\XPCO\MIP\PlatformPlugin\VideoOS.Platform\src\ConfigurationItems\Factory.cs:line 464&#xD;
MIP: Error: ConfigurationApiItemWrapper (): ConfigAPI GetItem(): System.NotImplementedException, The method or operation is not implemented.&#xD;
MIP: Error: Factory.IsItemTypeSupported (): Exception source:      VideoOS.Platform.SDK.UnitTests&#xD;
Exception type:        System.NotImplementedException&#xD;
Exception message:     The method or operation is not implemented.&#xD;
Exception target site: GetItem&#xD;
   at VideoOS.Platform.SDKUnittest.EnvironmentTests.TestConfigurationClientService.GetItem(String path) in D:\actions-runner\_work\XPCO\XPCO\MIP\MIPSDK\tst\VideoOS.Platform.SDK.UnitTests\EnvironmentTests\TestsWithCorporateShimsBase.cs:line 227&#xD;
   at VideoOS.Platform.Proxy.ConfigApi.ConfigurationApiItemWrapper..ctor(ServerId serverId, String path) in D:\actions-runner\_work\XPCO\XPCO\MIP\PlatformPlugin\VideoOS.Platform\src\Proxy\ConfigApi\ConfigurationApiItemWrapper.cs:line 104&#xD;
   at VideoOS.Platform.ConfigurationItems.Factory.IsItemTypeSupported(ServerId serverId, String itemType) in D:\actions-runner\_work\XPCO\XPCO\MIP\PlatformPlugin\VideoOS.Platform\src\ConfigurationItems\Factory.cs:line 464&#xD;
&#xD;
Factory.IsItemTypeSupportedFactory.IsItemTypeSupported ()The method or operation is not implemented.   at VideoOS.Platform.SDKUnittest.EnvironmentTests.TestConfigurationClientService.GetItem(String path) in D:\actions-runner\_work\XPCO\XPCO\MIP\MIPSDK\tst\VideoOS.Platform.SDK.UnitTests\EnvironmentTests\TestsWithCorporateShimsBase.cs:line 227&#xD;
   at VideoOS.Platform.Proxy.ConfigApi.ConfigurationApiItemWrapper..ctor(ServerId serverId, String path) in D:\actions-runner\_work\XPCO\XPCO\MIP\PlatformPlugin\VideoOS.Platform\src\Proxy\ConfigApi\ConfigurationApiItemWrapper.cs:line 104&#xD;
   at VideoOS.Platform.ConfigurationItems.Factory.IsItemTypeSupported(ServerId serverId, String itemType) in D:\actions-runner\_work\XPCO\XPCO\MIP\PlatformPlugin\VideoOS.Platform\src\ConfigurationItems\Factory.cs:line 464</StdOut>
      </Output>
    </UnitTestResult>
    <UnitTestResult executionId="cf339d3b-cd1b-4621-970d-22ae352c3061" testId="bb377a2c-95c3-9aad-404f-5afa18de69c7" testName="LoginWithRegistration_LoginFail_ThrowDefaultException" computerName="DKSR-EFI-04" duration="00:00:00.0029572" startTime="2023-12-22T09:36:52.7933841+01:00" endTime="2023-12-22T09:36:52.7965322+01:00" testType="13cdc9d9-ddb5-4fa4-a97d-d965ccfc6d4b" outcome="Passed" testListId="8c84fa94-04c1-424b-9868-57a2d4851a1d" relativeResultsDirectory="cf339d3b-cd1b-4621-970d-22ae352c3061" />
    <UnitTestResult executionId="3b2bf0bd-c131-42a6-9c2e-067634df8f72" testId="f71a8f3c-6ec8-1514-8d34-be3746728018" testName="XpcoCameraChecks" computerName="DKSR-EFI-04" duration="00:00:01.1616774" startTime="2023-12-22T09:37:12.5376961+01:00" endTime="2023-12-22T09:37:13.6996241+01:00" testType="13cdc9d9-ddb5-4fa4-a97d-d965ccfc6d4b" outcome="Passed" testListId="8c84fa94-04c1-424b-9868-57a2d4851a1d" relativeResultsDirectory="3b2bf0bd-c131-42a6-9c2e-067634df8f72">
      <Output>
        <StdOut>Debug Trace:&#xD;
TopLevelControl returns null. PostMessage may have problems&#xD;
MIP: Error: ConfigurationApiItemWrapper (): ConfigAPI GetItem(): System.NotImplementedException, The method or operation is not implemented.&#xD;
MIP: Error: Factory.IsItemTypeSupported (): Exception source:      VideoOS.Platform.SDK.UnitTests&#xD;
Exception type:        System.NotImplementedException&#xD;
Exception message:     The method or operation is not implemented.&#xD;
Exception target site: GetItem&#xD;
   at VideoOS.Platform.SDKUnittest.EnvironmentTests.TestConfigurationClientService.GetItem(String path) in D:\actions-runner\_work\XPCO\XPCO\MIP\MIPSDK\tst\VideoOS.Platform.SDK.UnitTests\EnvironmentTests\TestsWithCorporateShimsBase.cs:line 227&#xD;
   at VideoOS.Platform.Proxy.ConfigApi.ConfigurationApiItemWrapper..ctor(ServerId serverId, String path) in D:\actions-runner\_work\XPCO\XPCO\MIP\PlatformPlugin\VideoOS.Platform\src\Proxy\ConfigApi\ConfigurationApiItemWrapper.cs:line 104&#xD;
   at VideoOS.Platform.ConfigurationItems.Factory.IsItemTypeSupported(ServerId serverId, String itemType) in D:\actions-runner\_work\XPCO\XPCO\MIP\PlatformPlugin\VideoOS.Platform\src\ConfigurationItems\Factory.cs:line 464&#xD;
&#xD;
Factory.IsItemTypeSupportedFactory.IsItemTypeSupported ()The method or operation is not implemented.   at VideoOS.Platform.SDKUnittest.EnvironmentTests.TestConfigurationClientService.GetItem(String path) in D:\actions-runner\_work\XPCO\XPCO\MIP\MIPSDK\tst\VideoOS.Platform.SDK.UnitTests\EnvironmentTests\TestsWithCorporateShimsBase.cs:line 227&#xD;
   at VideoOS.Platform.Proxy.ConfigApi.ConfigurationApiItemWrapper..ctor(ServerId serverId, String path) in D:\actions-runner\_work\XPCO\XPCO\MIP\PlatformPlugin\VideoOS.Platform\src\Proxy\ConfigApi\ConfigurationApiItemWrapper.cs:line 104&#xD;
   at VideoOS.Platform.ConfigurationItems.Factory.IsItemTypeSupported(ServerId serverId, String itemType) in D:\actions-runner\_work\XPCO\XPCO\MIP\PlatformPlugin\VideoOS.Platform\src\ConfigurationItems\Factory.cs:line 464&#xD;
MIP: Error: GetConfiguration (): CustomSetting not found for the given platformDefinitionId: e145597a-ecaf-40a1-99e6-14bb9d45a09e&#xD;
MIP: Error: ConfigurationApiItemWrapper (): ConfigAPI GetItem(): System.NotImplementedException, The method or operation is not implemented.&#xD;
MIP: Error: Factory.IsItemTypeSupported (): Exception source:      VideoOS.Platform.SDK.UnitTests&#xD;
Exception type:        System.NotImplementedException&#xD;
Exception message:     The method or operation is not implemented.&#xD;
Exception target site: GetItem&#xD;
   at VideoOS.Platform.SDKUnittest.EnvironmentTests.TestConfigurationClientService.GetItem(String path) in D:\actions-runner\_work\XPCO\XPCO\MIP\MIPSDK\tst\VideoOS.Platform.SDK.UnitTests\EnvironmentTests\TestsWithCorporateShimsBase.cs:line 227&#xD;
   at VideoOS.Platform.Proxy.ConfigApi.ConfigurationApiItemWrapper..ctor(ServerId serverId, String path) in D:\actions-runner\_work\XPCO\XPCO\MIP\PlatformPlugin\VideoOS.Platform\src\Proxy\ConfigApi\ConfigurationApiItemWrapper.cs:line 104&#xD;
   at VideoOS.Platform.ConfigurationItems.Factory.IsItemTypeSupported(ServerId serverId, String itemType) in D:\actions-runner\_work\XPCO\XPCO\MIP\PlatformPlugin\VideoOS.Platform\src\ConfigurationItems\Factory.cs:line 464&#xD;
&#xD;
Factory.IsItemTypeSupportedFactory.IsItemTypeSupported ()The method or operation is not implemented.   at VideoOS.Platform.SDKUnittest.EnvironmentTests.TestConfigurationClientService.GetItem(String path) in D:\actions-runner\_work\XPCO\XPCO\MIP\MIPSDK\tst\VideoOS.Platform.SDK.UnitTests\EnvironmentTests\TestsWithCorporateShimsBase.cs:line 227&#xD;
   at VideoOS.Platform.Proxy.ConfigApi.ConfigurationApiItemWrapper..ctor(ServerId serverId, String path) in D:\actions-runner\_work\XPCO\XPCO\MIP\PlatformPlugin\VideoOS.Platform\src\Proxy\ConfigApi\ConfigurationApiItemWrapper.cs:line 104&#xD;
   at VideoOS.Platform.ConfigurationItems.Factory.IsItemTypeSupported(ServerId serverId, String itemType) in D:\actions-runner\_work\XPCO\XPCO\MIP\PlatformPlugin\VideoOS.Platform\src\ConfigurationItems\Factory.cs:line 464&#xD;
MIP: Error: LoginServerOauth (): https://1.2.3.5:55/ManagementServer/ServerCommandServiceOAuth.svc The method or operation is not implemented.&#xD;
MIP: Error: ConfigurationApiItemWrapper (): ConfigAPI GetItem(): System.NotImplementedException, The method or operation is not implemented.&#xD;
MIP: Error: Factory.IsItemTypeSupported (): Exception source:      VideoOS.Platform.SDK.UnitTests&#xD;
Exception type:        System.NotImplementedException&#xD;
Exception message:     The method or operation is not implemented.&#xD;
Exception target site: GetItem&#xD;
   at VideoOS.Platform.SDKUnittest.EnvironmentTests.TestConfigurationClientService.GetItem(String path) in D:\actions-runner\_work\XPCO\XPCO\MIP\MIPSDK\tst\VideoOS.Platform.SDK.UnitTests\EnvironmentTests\TestsWithCorporateShimsBase.cs:line 227&#xD;
   at VideoOS.Platform.Proxy.ConfigApi.ConfigurationApiItemWrapper..ctor(ServerId serverId, String path) in D:\actions-runner\_work\XPCO\XPCO\MIP\PlatformPlugin\VideoOS.Platform\src\Proxy\ConfigApi\ConfigurationApiItemWrapper.cs:line 104&#xD;
   at VideoOS.Platform.ConfigurationItems.Factory.IsItemTypeSupported(ServerId serverId, String itemType) in D:\actions-runner\_work\XPCO\XPCO\MIP\PlatformPlugin\VideoOS.Platform\src\ConfigurationItems\Factory.cs:line 464&#xD;
&#xD;
Factory.IsItemTypeSupportedFactory.IsItemTypeSupported ()The method or operation is not implemented.   at VideoOS.Platform.SDKUnittest.EnvironmentTests.TestConfigurationClientService.GetItem(String path) in D:\actions-runner\_work\XPCO\XPCO\MIP\MIPSDK\tst\VideoOS.Platform.SDK.UnitTests\EnvironmentTests\TestsWithCorporateShimsBase.cs:line 227&#xD;
   at VideoOS.Platform.Proxy.ConfigApi.ConfigurationApiItemWrapper..ctor(ServerId serverId, String path) in D:\actions-runner\_work\XPCO\XPCO\MIP\PlatformPlugin\VideoOS.Platform\src\Proxy\ConfigApi\ConfigurationApiItemWrapper.cs:line 104&#xD;
   at VideoOS.Platform.ConfigurationItems.Factory.IsItemTypeSupported(ServerId serverId, String itemType) in D:\actions-runner\_work\XPCO\XPCO\MIP\PlatformPlugin\VideoOS.Platform\src\ConfigurationItems\Factory.cs:line 464&#xD;
MIP: Error: GetConfiguration (): CustomSetting not found for the given platformDefinitionId: e145597a-ecaf-40a1-99e6-14bb9d45a09e&#xD;
MIP: Error: ConfigurationApiItemWrapper (): ConfigAPI GetItem(): System.NotImplementedException, The method or operation is not implemented.&#xD;
MIP: Error: Factory.IsItemTypeSupported (): Exception source:      VideoOS.Platform.SDK.UnitTests&#xD;
Exception type:        System.NotImplementedException&#xD;
Exception message:     The method or operation is not implemented.&#xD;
Exception target site: GetItem&#xD;
   at VideoOS.Platform.SDKUnittest.EnvironmentTests.TestConfigurationClientService.GetItem(String path) in D:\actions-runner\_work\XPCO\XPCO\MIP\MIPSDK\tst\VideoOS.Platform.SDK.UnitTests\EnvironmentTests\TestsWithCorporateShimsBase.cs:line 227&#xD;
   at VideoOS.Platform.Proxy.ConfigApi.ConfigurationApiItemWrapper..ctor(ServerId serverId, String path) in D:\actions-runner\_work\XPCO\XPCO\MIP\PlatformPlugin\VideoOS.Platform\src\Proxy\ConfigApi\ConfigurationApiItemWrapper.cs:line 104&#xD;
   at VideoOS.Platform.ConfigurationItems.Factory.IsItemTypeSupported(ServerId serverId, String itemType) in D:\actions-runner\_work\XPCO\XPCO\MIP\PlatformPlugin\VideoOS.Platform\src\ConfigurationItems\Factory.cs:line 464&#xD;
&#xD;
Factory.IsItemTypeSupportedFactory.IsItemTypeSupported ()The method or operation is not implemented.   at VideoOS.Platform.SDKUnittest.EnvironmentTests.TestConfigurationClientService.GetItem(String path) in D:\actions-runner\_work\XPCO\XPCO\MIP\MIPSDK\tst\VideoOS.Platform.SDK.UnitTests\EnvironmentTests\TestsWithCorporateShimsBase.cs:line 227&#xD;
   at VideoOS.Platform.Proxy.ConfigApi.ConfigurationApiItemWrapper..ctor(ServerId serverId, String path) in D:\actions-runner\_work\XPCO\XPCO\MIP\PlatformPlugin\VideoOS.Platform\src\Proxy\ConfigApi\ConfigurationApiItemWrapper.cs:line 104&#xD;
   at VideoOS.Platform.ConfigurationItems.Factory.IsItemTypeSupported(ServerId serverId, String itemType) in D:\actions-runner\_work\XPCO\XPCO\MIP\PlatformPlugin\VideoOS.Platform\src\ConfigurationItems\Factory.cs:line 464&#xD;
MIP: Error: LoginServerOauth (): https://1.2.3.5:55/ManagementServer/ServerCommandServiceOAuth.svc The method or operation is not implemented.&#xD;
MIP: Error: ConfigurationApiItemWrapper (): ConfigAPI GetItem(): System.NotImplementedException, The method or operation is not implemented.&#xD;
MIP: Error: Factory.IsItemTypeSupported (): Exception source:      VideoOS.Platform.SDK.UnitTests&#xD;
Exception type:        System.NotImplementedException&#xD;
Exception message:     The method or operation is not implemented.&#xD;
Exception target site: GetItem&#xD;
   at VideoOS.Platform.SDKUnittest.EnvironmentTests.TestConfigurationClientService.GetItem(String path) in D:\actions-runner\_work\XPCO\XPCO\MIP\MIPSDK\tst\VideoOS.Platform.SDK.UnitTests\EnvironmentTests\TestsWithCorporateShimsBase.cs:line 227&#xD;
   at VideoOS.Platform.Proxy.ConfigApi.ConfigurationApiItemWrapper..ctor(ServerId serverId, String path) in D:\actions-runner\_work\XPCO\XPCO\MIP\PlatformPlugin\VideoOS.Platform\src\Proxy\ConfigApi\ConfigurationApiItemWrapper.cs:line 104&#xD;
   at VideoOS.Platform.ConfigurationItems.Factory.IsItemTypeSupported(ServerId serverId, String itemType) in D:\actions-runner\_work\XPCO\XPCO\MIP\PlatformPlugin\VideoOS.Platform\src\ConfigurationItems\Factory.cs:line 464&#xD;
&#xD;
Factory.IsItemTypeSupportedFactory.IsItemTypeSupported ()The method or operation is not implemented.   at VideoOS.Platform.SDKUnittest.EnvironmentTests.TestConfigurationClientService.GetItem(String path) in D:\actions-runner\_work\XPCO\XPCO\MIP\MIPSDK\tst\VideoOS.Platform.SDK.UnitTests\EnvironmentTests\TestsWithCorporateShimsBase.cs:line 227&#xD;
   at VideoOS.Platform.Proxy.ConfigApi.ConfigurationApiItemWrapper..ctor(ServerId serverId, String path) in D:\actions-runner\_work\XPCO\XPCO\MIP\PlatformPlugin\VideoOS.Platform\src\Proxy\ConfigApi\ConfigurationApiItemWrapper.cs:line 104&#xD;
   at VideoOS.Platform.ConfigurationItems.Factory.IsItemTypeSupported(ServerId serverId, String itemType) in D:\actions-runner\_work\XPCO\XPCO\MIP\PlatformPlugin\VideoOS.Platform\src\ConfigurationItems\Factory.cs:line 464&#xD;
MIP: Error: ConfigurationApiItemWrapper (): ConfigAPI GetItem(): System.NotImplementedException, The method or operation is not implemented.&#xD;
MIP: Error: Factory.IsItemTypeSupported (): Exception source:      VideoOS.Platform.SDK.UnitTests&#xD;
Exception type:        System.NotImplementedException&#xD;
Exception message:     The method or operation is not implemented.&#xD;
Exception target site: GetItem&#xD;
   at VideoOS.Platform.SDKUnittest.EnvironmentTests.TestConfigurationClientService.GetItem(String path) in D:\actions-runner\_work\XPCO\XPCO\MIP\MIPSDK\tst\VideoOS.Platform.SDK.UnitTests\EnvironmentTests\TestsWithCorporateShimsBase.cs:line 227&#xD;
   at VideoOS.Platform.Proxy.ConfigApi.ConfigurationApiItemWrapper..ctor(ServerId serverId, String path) in D:\actions-runner\_work\XPCO\XPCO\MIP\PlatformPlugin\VideoOS.Platform\src\Proxy\ConfigApi\ConfigurationApiItemWrapper.cs:line 104&#xD;
   at VideoOS.Platform.ConfigurationItems.Factory.IsItemTypeSupported(ServerId serverId, String itemType) in D:\actions-runner\_work\XPCO\XPCO\MIP\PlatformPlugin\VideoOS.Platform\src\ConfigurationItems\Factory.cs:line 464&#xD;
&#xD;
Factory.IsItemTypeSupportedFactory.IsItemTypeSupported ()The method or operation is not implemented.   at VideoOS.Platform.SDKUnittest.EnvironmentTests.TestConfigurationClientService.GetItem(String path) in D:\actions-runner\_work\XPCO\XPCO\MIP\MIPSDK\tst\VideoOS.Platform.SDK.UnitTests\EnvironmentTests\TestsWithCorporateShimsBase.cs:line 227&#xD;
   at VideoOS.Platform.Proxy.ConfigApi.ConfigurationApiItemWrapper..ctor(ServerId serverId, String path) in D:\actions-runner\_work\XPCO\XPCO\MIP\PlatformPlugin\VideoOS.Platform\src\Proxy\ConfigApi\ConfigurationApiItemWrapper.cs:line 104&#xD;
   at VideoOS.Platform.ConfigurationItems.Factory.IsItemTypeSupported(ServerId serverId, String itemType) in D:\actions-runner\_work\XPCO\XPCO\MIP\PlatformPlugin\VideoOS.Platform\src\ConfigurationItems\Factory.cs:line 464&#xD;
MIP: Error: LoginServerOauth (): https://1.2.3.5:55/ManagementServer/ServerCommandServiceOAuth.svc The method or operation is not implemented.&#xD;
MIP: Error: ConfigurationApiItemWrapper (): ConfigAPI GetItem(): System.NotImplementedException, The method or operation is not implemented.&#xD;
MIP: Error: Factory.IsItemTypeSupported (): Exception source:      VideoOS.Platform.SDK.UnitTests&#xD;
Exception type:        System.NotImplementedException&#xD;
Exception message:     The method or operation is not implemented.&#xD;
Exception target site: GetItem&#xD;
   at VideoOS.Platform.SDKUnittest.EnvironmentTests.TestConfigurationClientService.GetItem(String path) in D:\actions-runner\_work\XPCO\XPCO\MIP\MIPSDK\tst\VideoOS.Platform.SDK.UnitTests\EnvironmentTests\TestsWithCorporateShimsBase.cs:line 227&#xD;
   at VideoOS.Platform.Proxy.ConfigApi.ConfigurationApiItemWrapper..ctor(ServerId serverId, String path) in D:\actions-runner\_work\XPCO\XPCO\MIP\PlatformPlugin\VideoOS.Platform\src\Proxy\ConfigApi\ConfigurationApiItemWrapper.cs:line 104&#xD;
   at VideoOS.Platform.ConfigurationItems.Factory.IsItemTypeSupported(ServerId serverId, String itemType) in D:\actions-runner\_work\XPCO\XPCO\MIP\PlatformPlugin\VideoOS.Platform\src\ConfigurationItems\Factory.cs:line 464&#xD;
&#xD;
Factory.IsItemTypeSupportedFactory.IsItemTypeSupported ()The method or operation is not implemented.   at VideoOS.Platform.SDKUnittest.EnvironmentTests.TestConfigurationClientService.GetItem(String path) in D:\actions-runner\_work\XPCO\XPCO\MIP\MIPSDK\tst\VideoOS.Platform.SDK.UnitTests\EnvironmentTests\TestsWithCorporateShimsBase.cs:line 227&#xD;
   at VideoOS.Platform.Proxy.ConfigApi.ConfigurationApiItemWrapper..ctor(ServerId serverId, String path) in D:\actions-runner\_work\XPCO\XPCO\MIP\PlatformPlugin\VideoOS.Platform\src\Proxy\ConfigApi\ConfigurationApiItemWrapper.cs:line 104&#xD;
   at VideoOS.Platform.ConfigurationItems.Factory.IsItemTypeSupported(ServerId serverId, String itemType) in D:\actions-runner\_work\XPCO\XPCO\MIP\PlatformPlugin\VideoOS.Platform\src\ConfigurationItems\Factory.cs:line 464&#xD;
MIP: Error: GetConfiguration (): CustomSetting not found for the given platformDefinitionId: e145597a-ecaf-40a1-99e6-14bb9d45a09e&#xD;
MIP: Error: ConfigurationApiItemWrapper (): ConfigAPI GetItem(): System.NotImplementedException, The method or operation is not implemented.&#xD;
MIP: Error: Factory.IsItemTypeSupported (): Exception source:      VideoOS.Platform.SDK.UnitTests&#xD;
Exception type:        System.NotImplementedException&#xD;
Exception message:     The method or operation is not implemented.&#xD;
Exception target site: GetItem&#xD;
   at VideoOS.Platform.SDKUnittest.EnvironmentTests.TestConfigurationClientService.GetItem(String path) in D:\actions-runner\_work\XPCO\XPCO\MIP\MIPSDK\tst\VideoOS.Platform.SDK.UnitTests\EnvironmentTests\TestsWithCorporateShimsBase.cs:line 227&#xD;
   at VideoOS.Platform.Proxy.ConfigApi.ConfigurationApiItemWrapper..ctor(ServerId serverId, String path) in D:\actions-runner\_work\XPCO\XPCO\MIP\PlatformPlugin\VideoOS.Platform\src\Proxy\ConfigApi\ConfigurationApiItemWrapper.cs:line 104&#xD;
   at VideoOS.Platform.ConfigurationItems.Factory.IsItemTypeSupported(ServerId serverId, String itemType) in D:\actions-runner\_work\XPCO\XPCO\MIP\PlatformPlugin\VideoOS.Platform\src\ConfigurationItems\Factory.cs:line 464&#xD;
&#xD;
Factory.IsItemTypeSupportedFactory.IsItemTypeSupported ()The method or operation is not implemented.   at VideoOS.Platform.SDKUnittest.EnvironmentTests.TestConfigurationClientService.GetItem(String path) in D:\actions-runner\_work\XPCO\XPCO\MIP\MIPSDK\tst\VideoOS.Platform.SDK.UnitTests\EnvironmentTests\TestsWithCorporateShimsBase.cs:line 227&#xD;
   at VideoOS.Platform.Proxy.ConfigApi.ConfigurationApiItemWrapper..ctor(ServerId serverId, String path) in D:\actions-runner\_work\XPCO\XPCO\MIP\PlatformPlugin\VideoOS.Platform\src\Proxy\ConfigApi\ConfigurationApiItemWrapper.cs:line 104&#xD;
   at VideoOS.Platform.ConfigurationItems.Factory.IsItemTypeSupported(ServerId serverId, String itemType) in D:\actions-runner\_work\XPCO\XPCO\MIP\PlatformPlugin\VideoOS.Platform\src\ConfigurationItems\Factory.cs:line 464&#xD;
MIP: Error: LoginServerOauth (): https://1.2.3.5:55/ManagementServer/ServerCommandServiceOAuth.svc The method or operation is not implemented.&#xD;
MIP: Error: ConfigurationApiItemWrapper (): ConfigAPI GetItem(): System.NotImplementedException, The method or operation is not implemented.&#xD;
MIP: Error: Factory.IsItemTypeSupported (): Exception source:      VideoOS.Platform.SDK.UnitTests&#xD;
Exception type:        System.NotImplementedException&#xD;
Exception message:     The method or operation is not implemented.&#xD;
Exception target site: GetItem&#xD;
   at VideoOS.Platform.SDKUnittest.EnvironmentTests.TestConfigurationClientService.GetItem(String path) in D:\actions-runner\_work\XPCO\XPCO\MIP\MIPSDK\tst\VideoOS.Platform.SDK.UnitTests\EnvironmentTests\TestsWithCorporateShimsBase.cs:line 227&#xD;
   at VideoOS.Platform.Proxy.ConfigApi.ConfigurationApiItemWrapper..ctor(ServerId serverId, String path) in D:\actions-runner\_work\XPCO\XPCO\MIP\PlatformPlugin\VideoOS.Platform\src\Proxy\ConfigApi\ConfigurationApiItemWrapper.cs:line 104&#xD;
   at VideoOS.Platform.ConfigurationItems.Factory.IsItemTypeSupported(ServerId serverId, String itemType) in D:\actions-runner\_work\XPCO\XPCO\MIP\PlatformPlugin\VideoOS.Platform\src\ConfigurationItems\Factory.cs:line 464&#xD;
&#xD;
Factory.IsItemTypeSupportedFactory.IsItemTypeSupported ()The method or operation is not implemented.   at VideoOS.Platform.SDKUnittest.EnvironmentTests.TestConfigurationClientService.GetItem(String path) in D:\actions-runner\_work\XPCO\XPCO\MIP\MIPSDK\tst\VideoOS.Platform.SDK.UnitTests\EnvironmentTests\TestsWithCorporateShimsBase.cs:line 227&#xD;
   at VideoOS.Platform.Proxy.ConfigApi.ConfigurationApiItemWrapper..ctor(ServerId serverId, String path) in D:\actions-runner\_work\XPCO\XPCO\MIP\PlatformPlugin\VideoOS.Platform\src\Proxy\ConfigApi\ConfigurationApiItemWrapper.cs:line 104&#xD;
   at VideoOS.Platform.ConfigurationItems.Factory.IsItemTypeSupported(ServerId serverId, String itemType) in D:\actions-runner\_work\XPCO\XPCO\MIP\PlatformPlugin\VideoOS.Platform\src\ConfigurationItems\Factory.cs:line 464&#xD;
MIP: Error: ConfigurationApiItemWrapper (): ConfigAPI GetItem(): System.NotImplementedException, The method or operation is not implemented.&#xD;
MIP: Error: Factory.IsItemTypeSupported (): Exception source:      VideoOS.Platform.SDK.UnitTests&#xD;
Exception type:        System.NotImplementedException&#xD;
Exception message:     The method or operation is not implemented.&#xD;
Exception target site: GetItem&#xD;
   at VideoOS.Platform.SDKUnittest.EnvironmentTests.TestConfigurationClientService.GetItem(String path) in D:\actions-runner\_work\XPCO\XPCO\MIP\MIPSDK\tst\VideoOS.Platform.SDK.UnitTests\EnvironmentTests\TestsWithCorporateShimsBase.cs:line 227&#xD;
   at VideoOS.Platform.Proxy.ConfigApi.ConfigurationApiItemWrapper..ctor(ServerId serverId, String path) in D:\actions-runner\_work\XPCO\XPCO\MIP\PlatformPlugin\VideoOS.Platform\src\Proxy\ConfigApi\ConfigurationApiItemWrapper.cs:line 104&#xD;
   at VideoOS.Platform.ConfigurationItems.Factory.IsItemTypeSupported(ServerId serverId, String itemType) in D:\actions-runner\_work\XPCO\XPCO\MIP\PlatformPlugin\VideoOS.Platform\src\ConfigurationItems\Factory.cs:line 464&#xD;
&#xD;
Factory.IsItemTypeSupportedFactory.IsItemTypeSupported ()The method or operation is not implemented.   at VideoOS.Platform.SDKUnittest.EnvironmentTests.TestConfigurationClientService.GetItem(String path) in D:\actions-runner\_work\XPCO\XPCO\MIP\MIPSDK\tst\VideoOS.Platform.SDK.UnitTests\EnvironmentTests\TestsWithCorporateShimsBase.cs:line 227&#xD;
   at VideoOS.Platform.Proxy.ConfigApi.ConfigurationApiItemWrapper..ctor(ServerId serverId, String path) in D:\actions-runner\_work\XPCO\XPCO\MIP\PlatformPlugin\VideoOS.Platform\src\Proxy\ConfigApi\ConfigurationApiItemWrapper.cs:line 104&#xD;
   at VideoOS.Platform.ConfigurationItems.Factory.IsItemTypeSupported(ServerId serverId, String itemType) in D:\actions-runner\_work\XPCO\XPCO\MIP\PlatformPlugin\VideoOS.Platform\src\ConfigurationItems\Factory.cs:line 464&#xD;
MIP: Error: LoginServerOauth (): https://1.2.3.5:55/ManagementServer/ServerCommandServiceOAuth.svc The method or operation is not implemented.&#xD;
MIP: Error: ConfigurationApiItemWrapper (): ConfigAPI GetItem(): System.NotImplementedException, The method or operation is not implemented.&#xD;
MIP: Error: Factory.IsItemTypeSupported (): Exception source:      VideoOS.Platform.SDK.UnitTests&#xD;
Exception type:        System.NotImplementedException&#xD;
Exception message:     The method or operation is not implemented.&#xD;
Exception target site: GetItem&#xD;
   at VideoOS.Platform.SDKUnittest.EnvironmentTests.TestConfigurationClientService.GetItem(String path) in D:\actions-runner\_work\XPCO\XPCO\MIP\MIPSDK\tst\VideoOS.Platform.SDK.UnitTests\EnvironmentTests\TestsWithCorporateShimsBase.cs:line 227&#xD;
   at VideoOS.Platform.Proxy.ConfigApi.ConfigurationApiItemWrapper..ctor(ServerId serverId, String path) in D:\actions-runner\_work\XPCO\XPCO\MIP\PlatformPlugin\VideoOS.Platform\src\Proxy\ConfigApi\ConfigurationApiItemWrapper.cs:line 104&#xD;
   at VideoOS.Platform.ConfigurationItems.Factory.IsItemTypeSupported(ServerId serverId, String itemType) in D:\actions-runner\_work\XPCO\XPCO\MIP\PlatformPlugin\VideoOS.Platform\src\ConfigurationItems\Factory.cs:line 464&#xD;
&#xD;
Factory.IsItemTypeSupportedFactory.IsItemTypeSupported ()The method or operation is not implemented.   at VideoOS.Platform.SDKUnittest.EnvironmentTests.TestConfigurationClientService.GetItem(String path) in D:\actions-runner\_work\XPCO\XPCO\MIP\MIPSDK\tst\VideoOS.Platform.SDK.UnitTests\EnvironmentTests\TestsWithCorporateShimsBase.cs:line 227&#xD;
   at VideoOS.Platform.Proxy.ConfigApi.ConfigurationApiItemWrapper..ctor(ServerId serverId, String path) in D:\actions-runner\_work\XPCO\XPCO\MIP\PlatformPlugin\VideoOS.Platform\src\Proxy\ConfigApi\ConfigurationApiItemWrapper.cs:line 104&#xD;
   at VideoOS.Platform.ConfigurationItems.Factory.IsItemTypeSupported(ServerId serverId, String itemType) in D:\actions-runner\_work\XPCO\XPCO\MIP\PlatformPlugin\VideoOS.Platform\src\ConfigurationItems\Factory.cs:line 464&#xD;
MIP: Error: GetConfiguration (): CustomSetting not found for the given platformDefinitionId: e145597a-ecaf-40a1-99e6-14bb9d45a09e&#xD;
MIP: Error: ConfigurationApiItemWrapper (): ConfigAPI GetItem(): System.NotImplementedException, The method or operation is not implemented.&#xD;
MIP: Error: Factory.IsItemTypeSupported (): Exception source:      VideoOS.Platform.SDK.UnitTests&#xD;
Exception type:        System.NotImplementedException&#xD;
Exception message:     The method or operation is not implemented.&#xD;
Exception target site: GetItem&#xD;
   at VideoOS.Platform.SDKUnittest.EnvironmentTests.TestConfigurationClientService.GetItem(String path) in D:\actions-runner\_work\XPCO\XPCO\MIP\MIPSDK\tst\VideoOS.Platform.SDK.UnitTests\EnvironmentTests\TestsWithCorporateShimsBase.cs:line 227&#xD;
   at VideoOS.Platform.Proxy.ConfigApi.ConfigurationApiItemWrapper..ctor(ServerId serverId, String path) in D:\actions-runner\_work\XPCO\XPCO\MIP\PlatformPlugin\VideoOS.Platform\src\Proxy\ConfigApi\ConfigurationApiItemWrapper.cs:line 104&#xD;
   at VideoOS.Platform.ConfigurationItems.Factory.IsItemTypeSupported(ServerId serverId, String itemType) in D:\actions-runner\_work\XPCO\XPCO\MIP\PlatformPlugin\VideoOS.Platform\src\ConfigurationItems\Factory.cs:line 464&#xD;
&#xD;
Factory.IsItemTypeSupportedFactory.IsItemTypeSupported ()The method or operation is not implemented.   at VideoOS.Platform.SDKUnittest.EnvironmentTests.TestConfigurationClientService.GetItem(String path) in D:\actions-runner\_work\XPCO\XPCO\MIP\MIPSDK\tst\VideoOS.Platform.SDK.UnitTests\EnvironmentTests\TestsWithCorporateShimsBase.cs:line 227&#xD;
   at VideoOS.Platform.Proxy.ConfigApi.ConfigurationApiItemWrapper..ctor(ServerId serverId, String path) in D:\actions-runner\_work\XPCO\XPCO\MIP\PlatformPlugin\VideoOS.Platform\src\Proxy\ConfigApi\ConfigurationApiItemWrapper.cs:line 104&#xD;
   at VideoOS.Platform.ConfigurationItems.Factory.IsItemTypeSupported(ServerId serverId, String itemType) in D:\actions-runner\_work\XPCO\XPCO\MIP\PlatformPlugin\VideoOS.Platform\src\ConfigurationItems\Factory.cs:line 464&#xD;
MIP: Error: LoginServerOauth (): https://1.2.3.5:55/ManagementServer/ServerCommandServiceOAuth.svc The method or operation is not implemented.&#xD;
MIP: Error: ConfigurationApiItemWrapper (): ConfigAPI GetItem(): System.NotImplementedException, The method or operation is not implemented.&#xD;
MIP: Error: Factory.IsItemTypeSupported (): Exception source:      VideoOS.Platform.SDK.UnitTests&#xD;
Exception type:        System.NotImplementedException&#xD;
Exception message:     The method or operation is not implemented.&#xD;
Exception target site: GetItem&#xD;
   at VideoOS.Platform.SDKUnittest.EnvironmentTests.TestConfigurationClientService.GetItem(String path) in D:\actions-runner\_work\XPCO\XPCO\MIP\MIPSDK\tst\VideoOS.Platform.SDK.UnitTests\EnvironmentTests\TestsWithCorporateShimsBase.cs:line 227&#xD;
   at VideoOS.Platform.Proxy.ConfigApi.ConfigurationApiItemWrapper..ctor(ServerId serverId, String path) in D:\actions-runner\_work\XPCO\XPCO\MIP\PlatformPlugin\VideoOS.Platform\src\Proxy\ConfigApi\ConfigurationApiItemWrapper.cs:line 104&#xD;
   at VideoOS.Platform.ConfigurationItems.Factory.IsItemTypeSupported(ServerId serverId, String itemType) in D:\actions-runner\_work\XPCO\XPCO\MIP\PlatformPlugin\VideoOS.Platform\src\ConfigurationItems\Factory.cs:line 464&#xD;
&#xD;
Factory.IsItemTypeSupportedFactory.IsItemTypeSupported ()The method or operation is not implemented.   at VideoOS.Platform.SDKUnittest.EnvironmentTests.TestConfigurationClientService.GetItem(String path) in D:\actions-runner\_work\XPCO\XPCO\MIP\MIPSDK\tst\VideoOS.Platform.SDK.UnitTests\EnvironmentTests\TestsWithCorporateShimsBase.cs:line 227&#xD;
   at VideoOS.Platform.Proxy.ConfigApi.ConfigurationApiItemWrapper..ctor(ServerId serverId, String path) in D:\actions-runner\_work\XPCO\XPCO\MIP\PlatformPlugin\VideoOS.Platform\src\Proxy\ConfigApi\ConfigurationApiItemWrapper.cs:line 104&#xD;
   at VideoOS.Platform.ConfigurationItems.Factory.IsItemTypeSupported(ServerId serverId, String itemType) in D:\actions-runner\_work\XPCO\XPCO\MIP\PlatformPlugin\VideoOS.Platform\src\ConfigurationItems\Factory.cs:line 464&#xD;
MIP: Error: ConfigurationApiItemWrapper (): ConfigAPI GetItem(): System.NotImplementedException, The method or operation is not implemented.&#xD;
MIP: Error: Factory.IsItemTypeSupported (): Exception source:      VideoOS.Platform.SDK.UnitTests&#xD;
Exception type:        System.NotImplementedException&#xD;
Exception message:     The method or operation is not implemented.&#xD;
Exception target site: GetItem&#xD;
   at VideoOS.Platform.SDKUnittest.EnvironmentTests.TestConfigurationClientService.GetItem(String path) in D:\actions-runner\_work\XPCO\XPCO\MIP\MIPSDK\tst\VideoOS.Platform.SDK.UnitTests\EnvironmentTests\TestsWithCorporateShimsBase.cs:line 227&#xD;
   at VideoOS.Platform.Proxy.ConfigApi.ConfigurationApiItemWrapper..ctor(ServerId serverId, String path) in D:\actions-runner\_work\XPCO\XPCO\MIP\PlatformPlugin\VideoOS.Platform\src\Proxy\ConfigApi\ConfigurationApiItemWrapper.cs:line 104&#xD;
   at VideoOS.Platform.ConfigurationItems.Factory.IsItemTypeSupported(ServerId serverId, String itemType) in D:\actions-runner\_work\XPCO\XPCO\MIP\PlatformPlugin\VideoOS.Platform\src\ConfigurationItems\Factory.cs:line 464&#xD;
&#xD;
Factory.IsItemTypeSupportedFactory.IsItemTypeSupported ()The method or operation is not implemented.   at VideoOS.Platform.SDKUnittest.EnvironmentTests.TestConfigurationClientService.GetItem(String path) in D:\actions-runner\_work\XPCO\XPCO\MIP\MIPSDK\tst\VideoOS.Platform.SDK.UnitTests\EnvironmentTests\TestsWithCorporateShimsBase.cs:line 227&#xD;
   at VideoOS.Platform.Proxy.ConfigApi.ConfigurationApiItemWrapper..ctor(ServerId serverId, String path) in D:\actions-runner\_work\XPCO\XPCO\MIP\PlatformPlugin\VideoOS.Platform\src\Proxy\ConfigApi\ConfigurationApiItemWrapper.cs:line 104&#xD;
   at VideoOS.Platform.ConfigurationItems.Factory.IsItemTypeSupported(ServerId serverId, String itemType) in D:\actions-runner\_work\XPCO\XPCO\MIP\PlatformPlugin\VideoOS.Platform\src\ConfigurationItems\Factory.cs:line 464&#xD;
MIP: Error: LoginServerOauth (): https://1.2.3.5:55/ManagementServer/ServerCommandServiceOAuth.svc The method or operation is not implemented.&#xD;
MIP: Error: ConfigurationApiItemWrapper (): ConfigAPI GetItem(): System.NotImplementedException, The method or operation is not implemented.&#xD;
MIP: Error: Factory.IsItemTypeSupported (): Exception source:      VideoOS.Platform.SDK.UnitTests&#xD;
Exception type:        System.NotImplementedException&#xD;
Exception message:     The method or operation is not implemented.&#xD;
Exception target site: GetItem&#xD;
   at VideoOS.Platform.SDKUnittest.EnvironmentTests.TestConfigurationClientService.GetItem(String path) in D:\actions-runner\_work\XPCO\XPCO\MIP\MIPSDK\tst\VideoOS.Platform.SDK.UnitTests\EnvironmentTests\TestsWithCorporateShimsBase.cs:line 227&#xD;
   at VideoOS.Platform.Proxy.ConfigApi.ConfigurationApiItemWrapper..ctor(ServerId serverId, String path) in D:\actions-runner\_work\XPCO\XPCO\MIP\PlatformPlugin\VideoOS.Platform\src\Proxy\ConfigApi\ConfigurationApiItemWrapper.cs:line 104&#xD;
   at VideoOS.Platform.ConfigurationItems.Factory.IsItemTypeSupported(ServerId serverId, String itemType) in D:\actions-runner\_work\XPCO\XPCO\MIP\PlatformPlugin\VideoOS.Platform\src\ConfigurationItems\Factory.cs:line 464&#xD;
&#xD;
Factory.IsItemTypeSupportedFactory.IsItemTypeSupported ()The method or operation is not implemented.   at VideoOS.Platform.SDKUnittest.EnvironmentTests.TestConfigurationClientService.GetItem(String path) in D:\actions-runner\_work\XPCO\XPCO\MIP\MIPSDK\tst\VideoOS.Platform.SDK.UnitTests\EnvironmentTests\TestsWithCorporateShimsBase.cs:line 227&#xD;
   at VideoOS.Platform.Proxy.ConfigApi.ConfigurationApiItemWrapper..ctor(ServerId serverId, String path) in D:\actions-runner\_work\XPCO\XPCO\MIP\PlatformPlugin\VideoOS.Platform\src\Proxy\ConfigApi\ConfigurationApiItemWrapper.cs:line 104&#xD;
   at VideoOS.Platform.ConfigurationItems.Factory.IsItemTypeSupported(ServerId serverId, String itemType) in D:\actions-runner\_work\XPCO\XPCO\MIP\PlatformPlugin\VideoOS.Platform\src\ConfigurationItems\Factory.cs:line 464&#xD;
MIP: Error: GetConfiguration (): CustomSetting not found for the given platformDefinitionId: e145597a-ecaf-40a1-99e6-14bb9d45a09e&#xD;
MIP: Error: ConfigurationApiItemWrapper (): ConfigAPI GetItem(): System.NotImplementedException, The method or operation is not implemented.&#xD;
MIP: Error: Factory.IsItemTypeSupported (): Exception source:      VideoOS.Platform.SDK.UnitTests&#xD;
Exception type:        System.NotImplementedException&#xD;
Exception message:     The method or operation is not implemented.&#xD;
Exception target site: GetItem&#xD;
   at VideoOS.Platform.SDKUnittest.EnvironmentTests.TestConfigurationClientService.GetItem(String path) in D:\actions-runner\_work\XPCO\XPCO\MIP\MIPSDK\tst\VideoOS.Platform.SDK.UnitTests\EnvironmentTests\TestsWithCorporateShimsBase.cs:line 227&#xD;
   at VideoOS.Platform.Proxy.ConfigApi.ConfigurationApiItemWrapper..ctor(ServerId serverId, String path) in D:\actions-runner\_work\XPCO\XPCO\MIP\PlatformPlugin\VideoOS.Platform\src\Proxy\ConfigApi\ConfigurationApiItemWrapper.cs:line 104&#xD;
   at VideoOS.Platform.ConfigurationItems.Factory.IsItemTypeSupported(ServerId serverId, String itemType) in D:\actions-runner\_work\XPCO\XPCO\MIP\PlatformPlugin\VideoOS.Platform\src\ConfigurationItems\Factory.cs:line 464&#xD;
&#xD;
Factory.IsItemTypeSupportedFactory.IsItemTypeSupported ()The method or operation is not implemented.   at VideoOS.Platform.SDKUnittest.EnvironmentTests.TestConfigurationClientService.GetItem(String path) in D:\actions-runner\_work\XPCO\XPCO\MIP\MIPSDK\tst\VideoOS.Platform.SDK.UnitTests\EnvironmentTests\TestsWithCorporateShimsBase.cs:line 227&#xD;
   at VideoOS.Platform.Proxy.ConfigApi.ConfigurationApiItemWrapper..ctor(ServerId serverId, String path) in D:\actions-runner\_work\XPCO\XPCO\MIP\PlatformPlugin\VideoOS.Platform\src\Proxy\ConfigApi\ConfigurationApiItemWrapper.cs:line 104&#xD;
   at VideoOS.Platform.ConfigurationItems.Factory.IsItemTypeSupported(ServerId serverId, String itemType) in D:\actions-runner\_work\XPCO\XPCO\MIP\PlatformPlugin\VideoOS.Platform\src\ConfigurationItems\Factory.cs:line 464&#xD;
MIP: Error: LoginServerOauth (): https://1.2.3.5:55/ManagementServer/ServerCommandServiceOAuth.svc The method or operation is not implemented.&#xD;
MIP: Error: ConfigurationApiItemWrapper (): ConfigAPI GetItem(): System.NotImplementedException, The method or operation is not implemented.&#xD;
MIP: Error: Factory.IsItemTypeSupported (): Exception source:      VideoOS.Platform.SDK.UnitTests&#xD;
Exception type:        System.NotImplementedException&#xD;
Exception message:     The method or operation is not implemented.&#xD;
Exception target site: GetItem&#xD;
   at VideoOS.Platform.SDKUnittest.EnvironmentTests.TestConfigurationClientService.GetItem(String path) in D:\actions-runner\_work\XPCO\XPCO\MIP\MIPSDK\tst\VideoOS.Platform.SDK.UnitTests\EnvironmentTests\TestsWithCorporateShimsBase.cs:line 227&#xD;
   at VideoOS.Platform.Proxy.ConfigApi.ConfigurationApiItemWrapper..ctor(ServerId serverId, String path) in D:\actions-runner\_work\XPCO\XPCO\MIP\PlatformPlugin\VideoOS.Platform\src\Proxy\ConfigApi\ConfigurationApiItemWrapper.cs:line 104&#xD;
   at VideoOS.Platform.ConfigurationItems.Factory.IsItemTypeSupported(ServerId serverId, String itemType) in D:\actions-runner\_work\XPCO\XPCO\MIP\PlatformPlugin\VideoOS.Platform\src\ConfigurationItems\Factory.cs:line 464&#xD;
&#xD;
Factory.IsItemTypeSupportedFactory.IsItemTypeSupported ()The method or operation is not implemented.   at VideoOS.Platform.SDKUnittest.EnvironmentTests.TestConfigurationClientService.GetItem(String path) in D:\actions-runner\_work\XPCO\XPCO\MIP\MIPSDK\tst\VideoOS.Platform.SDK.UnitTests\EnvironmentTests\TestsWithCorporateShimsBase.cs:line 227&#xD;
   at VideoOS.Platform.Proxy.ConfigApi.ConfigurationApiItemWrapper..ctor(ServerId serverId, String path) in D:\actions-runner\_work\XPCO\XPCO\MIP\PlatformPlugin\VideoOS.Platform\src\Proxy\ConfigApi\ConfigurationApiItemWrapper.cs:line 104&#xD;
   at VideoOS.Platform.ConfigurationItems.Factory.IsItemTypeSupported(ServerId serverId, String itemType) in D:\actions-runner\_work\XPCO\XPCO\MIP\PlatformPlugin\VideoOS.Platform\src\ConfigurationItems\Factory.cs:line 464&#xD;
MIP: Error: ConfigurationApiItemWrapper (): ConfigAPI GetItem(): System.NotImplementedException, The method or operation is not implemented.&#xD;
MIP: Error: Factory.IsItemTypeSupported (): Exception source:      VideoOS.Platform.SDK.UnitTests&#xD;
Exception type:        System.NotImplementedException&#xD;
Exception message:     The method or operation is not implemented.&#xD;
Exception target site: GetItem&#xD;
   at VideoOS.Platform.SDKUnittest.EnvironmentTests.TestConfigurationClientService.GetItem(String path) in D:\actions-runner\_work\XPCO\XPCO\MIP\MIPSDK\tst\VideoOS.Platform.SDK.UnitTests\EnvironmentTests\TestsWithCorporateShimsBase.cs:line 227&#xD;
   at VideoOS.Platform.Proxy.ConfigApi.ConfigurationApiItemWrapper..ctor(ServerId serverId, String path) in D:\actions-runner\_work\XPCO\XPCO\MIP\PlatformPlugin\VideoOS.Platform\src\Proxy\ConfigApi\ConfigurationApiItemWrapper.cs:line 104&#xD;
   at VideoOS.Platform.ConfigurationItems.Factory.IsItemTypeSupported(ServerId serverId, String itemType) in D:\actions-runner\_work\XPCO\XPCO\MIP\PlatformPlugin\VideoOS.Platform\src\ConfigurationItems\Factory.cs:line 464&#xD;
&#xD;
Factory.IsItemTypeSupportedFactory.IsItemTypeSupported ()The method or operation is not implemented.   at VideoOS.Platform.SDKUnittest.EnvironmentTests.TestConfigurationClientService.GetItem(String path) in D:\actions-runner\_work\XPCO\XPCO\MIP\MIPSDK\tst\VideoOS.Platform.SDK.UnitTests\EnvironmentTests\TestsWithCorporateShimsBase.cs:line 227&#xD;
   at VideoOS.Platform.Proxy.ConfigApi.ConfigurationApiItemWrapper..ctor(ServerId serverId, String path) in D:\actions-runner\_work\XPCO\XPCO\MIP\PlatformPlugin\VideoOS.Platform\src\Proxy\ConfigApi\ConfigurationApiItemWrapper.cs:line 104&#xD;
   at VideoOS.Platform.ConfigurationItems.Factory.IsItemTypeSupported(ServerId serverId, String itemType) in D:\actions-runner\_work\XPCO\XPCO\MIP\PlatformPlugin\VideoOS.Platform\src\ConfigurationItems\Factory.cs:line 464&#xD;
MIP: Error: LoginServerOauth (): https://1.2.3.5:55/ManagementServer/ServerCommandServiceOAuth.svc The method or operation is not implemented.&#xD;
MIP: Error: ConfigurationApiItemWrapper (): ConfigAPI GetItem(): System.NotImplementedException, The method or operation is not implemented.&#xD;
MIP: Error: Factory.IsItemTypeSupported (): Exception source:      VideoOS.Platform.SDK.UnitTests&#xD;
Exception type:        System.NotImplementedException&#xD;
Exception message:     The method or operation is not implemented.&#xD;
Exception target site: GetItem&#xD;
   at VideoOS.Platform.SDKUnittest.EnvironmentTests.TestConfigurationClientService.GetItem(String path) in D:\actions-runner\_work\XPCO\XPCO\MIP\MIPSDK\tst\VideoOS.Platform.SDK.UnitTests\EnvironmentTests\TestsWithCorporateShimsBase.cs:line 227&#xD;
   at VideoOS.Platform.Proxy.ConfigApi.ConfigurationApiItemWrapper..ctor(ServerId serverId, String path) in D:\actions-runner\_work\XPCO\XPCO\MIP\PlatformPlugin\VideoOS.Platform\src\Proxy\ConfigApi\ConfigurationApiItemWrapper.cs:line 104&#xD;
   at VideoOS.Platform.ConfigurationItems.Factory.IsItemTypeSupported(ServerId serverId, String itemType) in D:\actions-runner\_work\XPCO\XPCO\MIP\PlatformPlugin\VideoOS.Platform\src\ConfigurationItems\Factory.cs:line 464&#xD;
&#xD;
Factory.IsItemTypeSupportedFactory.IsItemTypeSupported ()The method or operation is not implemented.   at VideoOS.Platform.SDKUnittest.EnvironmentTests.TestConfigurationClientService.GetItem(String path) in D:\actions-runner\_work\XPCO\XPCO\MIP\MIPSDK\tst\VideoOS.Platform.SDK.UnitTests\EnvironmentTests\TestsWithCorporateShimsBase.cs:line 227&#xD;
   at VideoOS.Platform.Proxy.ConfigApi.ConfigurationApiItemWrapper..ctor(ServerId serverId, String path) in D:\actions-runner\_work\XPCO\XPCO\MIP\PlatformPlugin\VideoOS.Platform\src\Proxy\ConfigApi\ConfigurationApiItemWrapper.cs:line 104&#xD;
   at VideoOS.Platform.ConfigurationItems.Factory.IsItemTypeSupported(ServerId serverId, String itemType) in D:\actions-runner\_work\XPCO\XPCO\MIP\PlatformPlugin\VideoOS.Platform\src\ConfigurationItems\Factory.cs:line 464&#xD;
MIP: Error: GetConfiguration (): CustomSetting not found for the given platformDefinitionId: e145597a-ecaf-40a1-99e6-14bb9d45a09e&#xD;
MIP: Error: ConfigurationApiItemWrapper (): ConfigAPI GetItem(): System.NotImplementedException, The method or operation is not implemented.&#xD;
MIP: Error: Factory.IsItemTypeSupported (): Exception source:      VideoOS.Platform.SDK.UnitTests&#xD;
Exception type:        System.NotImplementedException&#xD;
Exception message:     The method or operation is not implemented.&#xD;
Exception target site: GetItem&#xD;
   at VideoOS.Platform.SDKUnittest.EnvironmentTests.TestConfigurationClientService.GetItem(String path) in D:\actions-runner\_work\XPCO\XPCO\MIP\MIPSDK\tst\VideoOS.Platform.SDK.UnitTests\EnvironmentTests\TestsWithCorporateShimsBase.cs:line 227&#xD;
   at VideoOS.Platform.Proxy.ConfigApi.ConfigurationApiItemWrapper..ctor(ServerId serverId, String path) in D:\actions-runner\_work\XPCO\XPCO\MIP\PlatformPlugin\VideoOS.Platform\src\Proxy\ConfigApi\ConfigurationApiItemWrapper.cs:line 104&#xD;
   at VideoOS.Platform.ConfigurationItems.Factory.IsItemTypeSupported(ServerId serverId, String itemType) in D:\actions-runner\_work\XPCO\XPCO\MIP\PlatformPlugin\VideoOS.Platform\src\ConfigurationItems\Factory.cs:line 464&#xD;
&#xD;
Factory.IsItemTypeSupportedFactory.IsItemTypeSupported ()The method or operation is not implemented.   at VideoOS.Platform.SDKUnittest.EnvironmentTests.TestConfigurationClientService.GetItem(String path) in D:\actions-runner\_work\XPCO\XPCO\MIP\MIPSDK\tst\VideoOS.Platform.SDK.UnitTests\EnvironmentTests\TestsWithCorporateShimsBase.cs:line 227&#xD;
   at VideoOS.Platform.Proxy.ConfigApi.ConfigurationApiItemWrapper..ctor(ServerId serverId, String path) in D:\actions-runner\_work\XPCO\XPCO\MIP\PlatformPlugin\VideoOS.Platform\src\Proxy\ConfigApi\ConfigurationApiItemWrapper.cs:line 104&#xD;
   at VideoOS.Platform.ConfigurationItems.Factory.IsItemTypeSupported(ServerId serverId, String itemType) in D:\actions-runner\_work\XPCO\XPCO\MIP\PlatformPlugin\VideoOS.Platform\src\ConfigurationItems\Factory.cs:line 464&#xD;
MIP: Error: LoginServerOauth (): https://1.2.3.5:55/ManagementServer/ServerCommandServiceOAuth.svc The method or operation is not implemented.</StdOut>
      </Output>
    </UnitTestResult>
    <UnitTestResult executionId="74138683-f359-4983-b1f1-fe3c91c72c96" testId="3d0614d6-566e-2a0b-aa48-d33230f47a0b" testName="AddServer_WhenParentUriNotNull_UseUserCredentialCache" computerName="DKSR-EFI-04" duration="00:00:00.0105286" startTime="2023-12-22T09:36:52.9126658+01:00" endTime="2023-12-22T09:36:52.9233351+01:00" testType="13cdc9d9-ddb5-4fa4-a97d-d965ccfc6d4b" outcome="Passed" testListId="8c84fa94-04c1-424b-9868-57a2d4851a1d" relativeResultsDirectory="74138683-f359-4983-b1f1-fe3c91c72c96" />
    <UnitTestResult executionId="598bc4e9-cd23-4ad4-afd6-fdaa91495f3b" testId="c3573399-21f3-d171-85a6-ea212493cb14" testName="ConnectionTask_ShouldResubscribe_WhenConnectionIsBroken_AndResumeFails" computerName="DKSR-EFI-04" duration="00:00:00.0079473" startTime="2023-12-22T09:36:55.2807553+01:00" endTime="2023-12-22T09:36:55.2889749+01:00" testType="13cdc9d9-ddb5-4fa4-a97d-d965ccfc6d4b" outcome="Passed" testListId="8c84fa94-04c1-424b-9868-57a2d4851a1d" relativeResultsDirectory="598bc4e9-cd23-4ad4-afd6-fdaa91495f3b" />
    <UnitTestResult executionId="dba46583-80cb-406a-b716-eb7633366e43" testId="6e531b1c-7ba0-4ec7-9a5b-ff77c5daf1ae" testName="XpcoSiteInfoUri" computerName="DKSR-EFI-04" duration="00:00:00.0791745" startTime="2023-12-22T09:37:07.1956080+01:00" endTime="2023-12-22T09:37:07.2750410+01:00" testType="13cdc9d9-ddb5-4fa4-a97d-d965ccfc6d4b" outcome="Passed" testListId="8c84fa94-04c1-424b-9868-57a2d4851a1d" relativeResultsDirectory="dba46583-80cb-406a-b716-eb7633366e43">
      <Output>
        <StdOut>Debug Trace:&#xD;
TopLevelControl returns null. PostMessage may have problems</StdOut>
      </Output>
    </UnitTestResult>
    <UnitTestResult executionId="fa19c877-a807-4d34-862a-723e2263df86" testId="cb92a75a-3d75-fb02-ff9b-54b25c8156f2" testName="CheckBaseTime1970ToInt" computerName="DKSR-EFI-04" duration="00:00:00.0168537" startTime="2023-12-22T09:36:54.8591834+01:00" endTime="2023-12-22T09:36:54.8762556+01:00" testType="13cdc9d9-ddb5-4fa4-a97d-d965ccfc6d4b" outcome="Passed" testListId="8c84fa94-04c1-424b-9868-57a2d4851a1d" relativeResultsDirectory="fa19c877-a807-4d34-862a-723e2263df86">
      <Output>
        <StdOut>Debug Trace:&#xD;
MIP: Error: TimeConverter (): ToInt() loosing significant value: Consider to use ToLong()</StdOut>
      </Output>
    </UnitTestResult>
    <UnitTestResult executionId="dfc312a6-8a20-4d72-974e-8d6d8582c4a9" testId="4c636ed3-7a97-56f4-5f09-90e82a59bb70" testName="XpcoMultiUserLoginTwoServersBasic" computerName="DKSR-EFI-04" duration="00:00:01.3070562" startTime="2023-12-22T09:37:04.0774136+01:00" endTime="2023-12-22T09:37:05.3847401+01:00" testType="13cdc9d9-ddb5-4fa4-a97d-d965ccfc6d4b" outcome="Passed" testListId="8c84fa94-04c1-424b-9868-57a2d4851a1d" relativeResultsDirectory="dfc312a6-8a20-4d72-974e-8d6d8582c4a9">
      <Output>
        <StdOut>Debug Trace:&#xD;
TopLevelControl returns null. PostMessage may have problems&#xD;
MIP: Error: ConfigurationApiItemWrapper (): ConfigAPI GetItem(): System.NotImplementedException, The method or operation is not implemented.&#xD;
MIP: Error: Factory.IsItemTypeSupported (): Exception source:      VideoOS.Platform.SDK.UnitTests&#xD;
Exception type:        System.NotImplementedException&#xD;
Exception message:     The method or operation is not implemented.&#xD;
Exception target site: GetItem&#xD;
   at VideoOS.Platform.SDKUnittest.EnvironmentTests.TestConfigurationClientService.GetItem(String path) in D:\actions-runner\_work\XPCO\XPCO\MIP\MIPSDK\tst\VideoOS.Platform.SDK.UnitTests\EnvironmentTests\TestsWithCorporateShimsBase.cs:line 227&#xD;
   at VideoOS.Platform.Proxy.ConfigApi.ConfigurationApiItemWrapper..ctor(ServerId serverId, String path) in D:\actions-runner\_work\XPCO\XPCO\MIP\PlatformPlugin\VideoOS.Platform\src\Proxy\ConfigApi\ConfigurationApiItemWrapper.cs:line 104&#xD;
   at VideoOS.Platform.ConfigurationItems.Factory.IsItemTypeSupported(ServerId serverId, String itemType) in D:\actions-runner\_work\XPCO\XPCO\MIP\PlatformPlugin\VideoOS.Platform\src\ConfigurationItems\Factory.cs:line 464&#xD;
&#xD;
Factory.IsItemTypeSupportedFactory.IsItemTypeSupported ()The method or operation is not implemented.   at VideoOS.Platform.SDKUnittest.EnvironmentTests.TestConfigurationClientService.GetItem(String path) in D:\actions-runner\_work\XPCO\XPCO\MIP\MIPSDK\tst\VideoOS.Platform.SDK.UnitTests\EnvironmentTests\TestsWithCorporateShimsBase.cs:line 227&#xD;
   at VideoOS.Platform.Proxy.ConfigApi.ConfigurationApiItemWrapper..ctor(ServerId serverId, String path) in D:\actions-runner\_work\XPCO\XPCO\MIP\PlatformPlugin\VideoOS.Platform\src\Proxy\ConfigApi\ConfigurationApiItemWrapper.cs:line 104&#xD;
   at VideoOS.Platform.ConfigurationItems.Factory.IsItemTypeSupported(ServerId serverId, String itemType) in D:\actions-runner\_work\XPCO\XPCO\MIP\PlatformPlugin\VideoOS.Platform\src\ConfigurationItems\Factory.cs:line 464&#xD;
MIP: Error: GetConfiguration (): CustomSetting not found for the given platformDefinitionId: e145597a-ecaf-40a1-99e6-14bb9d45a09e&#xD;
MIP: Error: ConfigurationApiItemWrapper (): ConfigAPI GetItem(): System.NotImplementedException, The method or operation is not implemented.&#xD;
MIP: Error: ConfigurationApiItemWrapper (): ConfigAPI GetItem(): System.NotImplementedException, The method or operation is not implemented.&#xD;
MIP: Error: Factory.IsItemTypeSupported (): Exception source:      VideoOS.Platform.SDK.UnitTests&#xD;
Exception type:        System.NotImplementedException&#xD;
Exception message:     The method or operation is not implemented.&#xD;
Exception target site: GetItem&#xD;
   at VideoOS.Platform.SDKUnittest.EnvironmentTests.TestConfigurationClientService.GetItem(String path) in D:\actions-runner\_work\XPCO\XPCO\MIP\MIPSDK\tst\VideoOS.Platform.SDK.UnitTests\EnvironmentTests\TestsWithCorporateShimsBase.cs:line 227&#xD;
   at VideoOS.Platform.Proxy.ConfigApi.ConfigurationApiItemWrapper..ctor(ServerId serverId, String path) in D:\actions-runner\_work\XPCO\XPCO\MIP\PlatformPlugin\VideoOS.Platform\src\Proxy\ConfigApi\ConfigurationApiItemWrapper.cs:line 104&#xD;
   at VideoOS.Platform.ConfigurationItems.Factory.IsItemTypeSupported(ServerId serverId, String itemType) in D:\actions-runner\_work\XPCO\XPCO\MIP\PlatformPlugin\VideoOS.Platform\src\ConfigurationItems\Factory.cs:line 464&#xD;
&#xD;
Factory.IsItemTypeSupportedFactory.IsItemTypeSupported ()The method or operation is not implemented.   at VideoOS.Platform.SDKUnittest.EnvironmentTests.TestConfigurationClientService.GetItem(String path) in D:\actions-runner\_work\XPCO\XPCO\MIP\MIPSDK\tst\VideoOS.Platform.SDK.UnitTests\EnvironmentTests\TestsWithCorporateShimsBase.cs:line 227&#xD;
   at VideoOS.Platform.Proxy.ConfigApi.ConfigurationApiItemWrapper..ctor(ServerId serverId, String path) in D:\actions-runner\_work\XPCO\XPCO\MIP\PlatformPlugin\VideoOS.Platform\src\Proxy\ConfigApi\ConfigurationApiItemWrapper.cs:line 104&#xD;
   at VideoOS.Platform.ConfigurationItems.Factory.IsItemTypeSupported(ServerId serverId, String itemType) in D:\actions-runner\_work\XPCO\XPCO\MIP\PlatformPlugin\VideoOS.Platform\src\ConfigurationItems\Factory.cs:line 464&#xD;
MIP: Error: Factory.IsItemTypeSupported (): Exception source:      VideoOS.Platform.SDK.UnitTests&#xD;
Exception type:        System.NotImplementedException&#xD;
Exception message:     The method or operation is not implemented.&#xD;
Exception target site: GetItem&#xD;
   at VideoOS.Platform.SDKUnittest.EnvironmentTests.TestConfigurationClientService.GetItem(String path) in D:\actions-runner\_work\XPCO\XPCO\MIP\MIPSDK\tst\VideoOS.Platform.SDK.UnitTests\EnvironmentTests\TestsWithCorporateShimsBase.cs:line 227&#xD;
   at VideoOS.Platform.Proxy.ConfigApi.ConfigurationApiItemWrapper..ctor(ServerId serverId, String path) in D:\actions-runner\_work\XPCO\XPCO\MIP\PlatformPlugin\VideoOS.Platform\src\Proxy\ConfigApi\ConfigurationApiItemWrapper.cs:line 104&#xD;
   at VideoOS.Platform.ConfigurationItems.Factory.IsItemTypeSupported(ServerId serverId, String itemType) in D:\actions-runner\_work\XPCO\XPCO\MIP\PlatformPlugin\VideoOS.Platform\src\ConfigurationItems\Factory.cs:line 464&#xD;
&#xD;
Factory.IsItemTypeSupportedFactory.IsItemTypeSupported ()The method or operation is not implemented.   at VideoOS.Platform.SDKUnittest.EnvironmentTests.TestConfigurationClientService.GetItem(String path) in D:\actions-runner\_work\XPCO\XPCO\MIP\MIPSDK\tst\VideoOS.Platform.SDK.UnitTests\EnvironmentTests\TestsWithCorporateShimsBase.cs:line 227&#xD;
   at VideoOS.Platform.Proxy.ConfigApi.ConfigurationApiItemWrapper..ctor(ServerId serverId, String path) in D:\actions-runner\_work\XPCO\XPCO\MIP\PlatformPlugin\VideoOS.Platform\src\Proxy\ConfigApi\ConfigurationApiItemWrapper.cs:line 104&#xD;
   at VideoOS.Platform.ConfigurationItems.Factory.IsItemTypeSupported(ServerId serverId, String itemType) in D:\actions-runner\_work\XPCO\XPCO\MIP\PlatformPlugin\VideoOS.Platform\src\ConfigurationItems\Factory.cs:line 464&#xD;
MIP: Error: ConfigurationApiItemWrapper (): ConfigAPI GetItem(): System.NotImplementedException, The method or operation is not implemented.&#xD;
MIP: Error: Factory.IsItemTypeSupported (): Exception source:      VideoOS.Platform.SDK.UnitTests&#xD;
Exception type:        System.NotImplementedException&#xD;
Exception message:     The method or operation is not implemented.&#xD;
Exception target site: GetItem&#xD;
   at VideoOS.Platform.SDKUnittest.EnvironmentTests.TestConfigurationClientService.GetItem(String path) in D:\actions-runner\_work\XPCO\XPCO\MIP\MIPSDK\tst\VideoOS.Platform.SDK.UnitTests\EnvironmentTests\TestsWithCorporateShimsBase.cs:line 227&#xD;
   at VideoOS.Platform.Proxy.ConfigApi.ConfigurationApiItemWrapper..ctor(ServerId serverId, String path) in D:\actions-runner\_work\XPCO\XPCO\MIP\PlatformPlugin\VideoOS.Platform\src\Proxy\ConfigApi\ConfigurationApiItemWrapper.cs:line 104&#xD;
   at VideoOS.Platform.ConfigurationItems.Factory.IsItemTypeSupported(ServerId serverId, String itemType) in D:\actions-runner\_work\XPCO\XPCO\MIP\PlatformPlugin\VideoOS.Platform\src\ConfigurationItems\Factory.cs:line 464&#xD;
&#xD;
Factory.IsItemTypeSupportedFactory.IsItemTypeSupported ()The method or operation is not implemented.   at VideoOS.Platform.SDKUnittest.EnvironmentTests.TestConfigurationClientService.GetItem(String path) in D:\actions-runner\_work\XPCO\XPCO\MIP\MIPSDK\tst\VideoOS.Platform.SDK.UnitTests\EnvironmentTests\TestsWithCorporateShimsBase.cs:line 227&#xD;
   at VideoOS.Platform.Proxy.ConfigApi.ConfigurationApiItemWrapper..ctor(ServerId serverId, String path) in D:\actions-runner\_work\XPCO\XPCO\MIP\PlatformPlugin\VideoOS.Platform\src\Proxy\ConfigApi\ConfigurationApiItemWrapper.cs:line 104&#xD;
   at VideoOS.Platform.ConfigurationItems.Factory.IsItemTypeSupported(ServerId serverId, String itemType) in D:\actions-runner\_work\XPCO\XPCO\MIP\PlatformPlugin\VideoOS.Platform\src\ConfigurationItems\Factory.cs:line 464&#xD;
MIP: Error: LoginServerOauth (): https://1.2.3.5:55/ManagementServer/ServerCommandServiceOAuth.svc The method or operation is not implemented.&#xD;
MIP: Error: ConfigurationApiItemWrapper (): ConfigAPI GetItem(): System.NotImplementedException, The method or operation is not implemented.&#xD;
MIP: Error: Factory.IsItemTypeSupported (): Exception source:      VideoOS.Platform.SDK.UnitTests&#xD;
Exception type:        System.NotImplementedException&#xD;
Exception message:     The method or operation is not implemented.&#xD;
Exception target site: GetItem&#xD;
   at VideoOS.Platform.SDKUnittest.EnvironmentTests.TestConfigurationClientService.GetItem(String path) in D:\actions-runner\_work\XPCO\XPCO\MIP\MIPSDK\tst\VideoOS.Platform.SDK.UnitTests\EnvironmentTests\TestsWithCorporateShimsBase.cs:line 227&#xD;
   at VideoOS.Platform.Proxy.ConfigApi.ConfigurationApiItemWrapper..ctor(ServerId serverId, String path) in D:\actions-runner\_work\XPCO\XPCO\MIP\PlatformPlugin\VideoOS.Platform\src\Proxy\ConfigApi\ConfigurationApiItemWrapper.cs:line 104&#xD;
   at VideoOS.Platform.ConfigurationItems.Factory.IsItemTypeSupported(ServerId serverId, String itemType) in D:\actions-runner\_work\XPCO\XPCO\MIP\PlatformPlugin\VideoOS.Platform\src\ConfigurationItems\Factory.cs:line 464&#xD;
&#xD;
Factory.IsItemTypeSupportedFactory.IsItemTypeSupported ()The method or operation is not implemented.   at VideoOS.Platform.SDKUnittest.EnvironmentTests.TestConfigurationClientService.GetItem(String path) in D:\actions-runner\_work\XPCO\XPCO\MIP\MIPSDK\tst\VideoOS.Platform.SDK.UnitTests\EnvironmentTests\TestsWithCorporateShimsBase.cs:line 227&#xD;
   at VideoOS.Platform.Proxy.ConfigApi.ConfigurationApiItemWrapper..ctor(ServerId serverId, String path) in D:\actions-runner\_work\XPCO\XPCO\MIP\PlatformPlugin\VideoOS.Platform\src\Proxy\ConfigApi\ConfigurationApiItemWrapper.cs:line 104&#xD;
   at VideoOS.Platform.ConfigurationItems.Factory.IsItemTypeSupported(ServerId serverId, String itemType) in D:\actions-runner\_work\XPCO\XPCO\MIP\PlatformPlugin\VideoOS.Platform\src\ConfigurationItems\Factory.cs:line 464&#xD;
MIP: Error: LoginServerOauth (): https://1.2.3.5:55/ManagementServer/ServerCommandServiceOAuth.svc The method or operation is not implemented.&#xD;
MIP: Error: GetConfiguration (): CustomSetting not found for the given platformDefinitionId: e145597a-ecaf-40a1-99e6-14bb9d45a09e&#xD;
MIP: Error: ConfigurationApiItemWrapper (): ConfigAPI GetItem(): System.NotImplementedException, The method or operation is not implemented.&#xD;
MIP: Error: ConfigurationApiItemWrapper (): ConfigAPI GetItem(): System.NotImplementedException, The method or operation is not implemented.&#xD;
MIP: Error: Factory.IsItemTypeSupported (): Exception source:      VideoOS.Platform.SDK.UnitTests&#xD;
Exception type:        System.NotImplementedException&#xD;
Exception message:     The method or operation is not implemented.&#xD;
Exception target site: GetItem&#xD;
   at VideoOS.Platform.SDKUnittest.EnvironmentTests.TestConfigurationClientService.GetItem(String path) in D:\actions-runner\_work\XPCO\XPCO\MIP\MIPSDK\tst\VideoOS.Platform.SDK.UnitTests\EnvironmentTests\TestsWithCorporateShimsBase.cs:line 227&#xD;
   at VideoOS.Platform.Proxy.ConfigApi.ConfigurationApiItemWrapper..ctor(ServerId serverId, String path) in D:\actions-runner\_work\XPCO\XPCO\MIP\PlatformPlugin\VideoOS.Platform\src\Proxy\ConfigApi\ConfigurationApiItemWrapper.cs:line 104&#xD;
   at VideoOS.Platform.ConfigurationItems.Factory.IsItemTypeSupported(ServerId serverId, String itemType) in D:\actions-runner\_work\XPCO\XPCO\MIP\PlatformPlugin\VideoOS.Platform\src\ConfigurationItems\Factory.cs:line 464&#xD;
&#xD;
Factory.IsItemTypeSupportedFactory.IsItemTypeSupported ()The method or operation is not implemented.   at VideoOS.Platform.SDKUnittest.EnvironmentTests.TestConfigurationClientService.GetItem(String path) in D:\actions-runner\_work\XPCO\XPCO\MIP\MIPSDK\tst\VideoOS.Platform.SDK.UnitTests\EnvironmentTests\TestsWithCorporateShimsBase.cs:line 227&#xD;
   at VideoOS.Platform.Proxy.ConfigApi.ConfigurationApiItemWrapper..ctor(ServerId serverId, String path) in D:\actions-runner\_work\XPCO\XPCO\MIP\PlatformPlugin\VideoOS.Platform\src\Proxy\ConfigApi\ConfigurationApiItemWrapper.cs:line 104&#xD;
   at VideoOS.Platform.ConfigurationItems.Factory.IsItemTypeSupported(ServerId serverId, String itemType) in D:\actions-runner\_work\XPCO\XPCO\MIP\PlatformPlugin\VideoOS.Platform\src\ConfigurationItems\Factory.cs:line 464&#xD;
MIP: Error: Factory.IsItemTypeSupported (): Exception source:      VideoOS.Platform.SDK.UnitTests&#xD;
Exception type:        System.NotImplementedException&#xD;
Exception message:     The method or operation is not implemented.&#xD;
Exception target site: GetItem&#xD;
   at VideoOS.Platform.SDKUnittest.EnvironmentTests.TestConfigurationClientService.GetItem(String path) in D:\actions-runner\_work\XPCO\XPCO\MIP\MIPSDK\tst\VideoOS.Platform.SDK.UnitTests\EnvironmentTests\TestsWithCorporateShimsBase.cs:line 227&#xD;
   at VideoOS.Platform.Proxy.ConfigApi.ConfigurationApiItemWrapper..ctor(ServerId serverId, String path) in D:\actions-runner\_work\XPCO\XPCO\MIP\PlatformPlugin\VideoOS.Platform\src\Proxy\ConfigApi\ConfigurationApiItemWrapper.cs:line 104&#xD;
   at VideoOS.Platform.ConfigurationItems.Factory.IsItemTypeSupported(ServerId serverId, String itemType) in D:\actions-runner\_work\XPCO\XPCO\MIP\PlatformPlugin\VideoOS.Platform\src\ConfigurationItems\Factory.cs:line 464&#xD;
&#xD;
Factory.IsItemTypeSupportedFactory.IsItemTypeSupported ()The method or operation is not implemented.   at VideoOS.Platform.SDKUnittest.EnvironmentTests.TestConfigurationClientService.GetItem(String path) in D:\actions-runner\_work\XPCO\XPCO\MIP\MIPSDK\tst\VideoOS.Platform.SDK.UnitTests\EnvironmentTests\TestsWithCorporateShimsBase.cs:line 227&#xD;
   at VideoOS.Platform.Proxy.ConfigApi.ConfigurationApiItemWrapper..ctor(ServerId serverId, String path) in D:\actions-runner\_work\XPCO\XPCO\MIP\PlatformPlugin\VideoOS.Platform\src\Proxy\ConfigApi\ConfigurationApiItemWrapper.cs:line 104&#xD;
   at VideoOS.Platform.ConfigurationItems.Factory.IsItemTypeSupported(ServerId serverId, String itemType) in D:\actions-runner\_work\XPCO\XPCO\MIP\PlatformPlugin\VideoOS.Platform\src\ConfigurationItems\Factory.cs:line 464&#xD;
MIP: Error: ConfigurationApiItemWrapper (): ConfigAPI GetItem(): System.NotImplementedException, The method or operation is not implemented.&#xD;
MIP: Error: Factory.IsItemTypeSupported (): Exception source:      VideoOS.Platform.SDK.UnitTests&#xD;
Exception type:        System.NotImplementedException&#xD;
Exception message:     The method or operation is not implemented.&#xD;
Exception target site: GetItem&#xD;
   at VideoOS.Platform.SDKUnittest.EnvironmentTests.TestConfigurationClientService.GetItem(String path) in D:\actions-runner\_work\XPCO\XPCO\MIP\MIPSDK\tst\VideoOS.Platform.SDK.UnitTests\EnvironmentTests\TestsWithCorporateShimsBase.cs:line 227&#xD;
   at VideoOS.Platform.Proxy.ConfigApi.ConfigurationApiItemWrapper..ctor(ServerId serverId, String path) in D:\actions-runner\_work\XPCO\XPCO\MIP\PlatformPlugin\VideoOS.Platform\src\Proxy\ConfigApi\ConfigurationApiItemWrapper.cs:line 104&#xD;
   at VideoOS.Platform.ConfigurationItems.Factory.IsItemTypeSupported(ServerId serverId, String itemType) in D:\actions-runner\_work\XPCO\XPCO\MIP\PlatformPlugin\VideoOS.Platform\src\ConfigurationItems\Factory.cs:line 464&#xD;
&#xD;
Factory.IsItemTypeSupportedFactory.IsItemTypeSupported ()The method or operation is not implemented.   at VideoOS.Platform.SDKUnittest.EnvironmentTests.TestConfigurationClientService.GetItem(String path) in D:\actions-runner\_work\XPCO\XPCO\MIP\MIPSDK\tst\VideoOS.Platform.SDK.UnitTests\EnvironmentTests\TestsWithCorporateShimsBase.cs:line 227&#xD;
   at VideoOS.Platform.Proxy.ConfigApi.ConfigurationApiItemWrapper..ctor(ServerId serverId, String path) in D:\actions-runner\_work\XPCO\XPCO\MIP\PlatformPlugin\VideoOS.Platform\src\Proxy\ConfigApi\ConfigurationApiItemWrapper.cs:line 104&#xD;
   at VideoOS.Platform.ConfigurationItems.Factory.IsItemTypeSupported(ServerId serverId, String itemType) in D:\actions-runner\_work\XPCO\XPCO\MIP\PlatformPlugin\VideoOS.Platform\src\ConfigurationItems\Factory.cs:line 464&#xD;
MIP: Error: LoginServerOauth (): https://1.2.3.5:55/ManagementServer/ServerCommandServiceOAuth.svc The method or operation is not implemented.&#xD;
MIP: Error: ConfigurationApiItemWrapper (): ConfigAPI GetItem(): System.NotImplementedException, The method or operation is not implemented.&#xD;
MIP: Error: Factory.IsItemTypeSupported (): Exception source:      VideoOS.Platform.SDK.UnitTests&#xD;
Exception type:        System.NotImplementedException&#xD;
Exception message:     The method or operation is not implemented.&#xD;
Exception target site: GetItem&#xD;
   at VideoOS.Platform.SDKUnittest.EnvironmentTests.TestConfigurationClientService.GetItem(String path) in D:\actions-runner\_work\XPCO\XPCO\MIP\MIPSDK\tst\VideoOS.Platform.SDK.UnitTests\EnvironmentTests\TestsWithCorporateShimsBase.cs:line 227&#xD;
   at VideoOS.Platform.Proxy.ConfigApi.ConfigurationApiItemWrapper..ctor(ServerId serverId, String path) in D:\actions-runner\_work\XPCO\XPCO\MIP\PlatformPlugin\VideoOS.Platform\src\Proxy\ConfigApi\ConfigurationApiItemWrapper.cs:line 104&#xD;
   at VideoOS.Platform.ConfigurationItems.Factory.IsItemTypeSupported(ServerId serverId, String itemType) in D:\actions-runner\_work\XPCO\XPCO\MIP\PlatformPlugin\VideoOS.Platform\src\ConfigurationItems\Factory.cs:line 464&#xD;
&#xD;
Factory.IsItemTypeSupportedFactory.IsItemTypeSupported ()The method or operation is not implemented.   at VideoOS.Platform.SDKUnittest.EnvironmentTests.TestConfigurationClientService.GetItem(String path) in D:\actions-runner\_work\XPCO\XPCO\MIP\MIPSDK\tst\VideoOS.Platform.SDK.UnitTests\EnvironmentTests\TestsWithCorporateShimsBase.cs:line 227&#xD;
   at VideoOS.Platform.Proxy.ConfigApi.ConfigurationApiItemWrapper..ctor(ServerId serverId, String path) in D:\actions-runner\_work\XPCO\XPCO\MIP\PlatformPlugin\VideoOS.Platform\src\Proxy\ConfigApi\ConfigurationApiItemWrapper.cs:line 104&#xD;
   at VideoOS.Platform.ConfigurationItems.Factory.IsItemTypeSupported(ServerId serverId, String itemType) in D:\actions-runner\_work\XPCO\XPCO\MIP\PlatformPlugin\VideoOS.Platform\src\ConfigurationItems\Factory.cs:line 464&#xD;
MIP: Error: ConfigurationApiItemWrapper (): ConfigAPI GetItem(): System.NotImplementedException, The method or operation is not implemented.&#xD;
MIP: Error: Factory.IsItemTypeSupported (): Exception source:      VideoOS.Platform.SDK.UnitTests&#xD;
Exception type:        System.NotImplementedException&#xD;
Exception message:     The method or operation is not implemented.&#xD;
Exception target site: GetItem&#xD;
   at VideoOS.Platform.SDKUnittest.EnvironmentTests.TestConfigurationClientService.GetItem(String path) in D:\actions-runner\_work\XPCO\XPCO\MIP\MIPSDK\tst\VideoOS.Platform.SDK.UnitTests\EnvironmentTests\TestsWithCorporateShimsBase.cs:line 227&#xD;
   at VideoOS.Platform.Proxy.ConfigApi.ConfigurationApiItemWrapper..ctor(ServerId serverId, String path) in D:\actions-runner\_work\XPCO\XPCO\MIP\PlatformPlugin\VideoOS.Platform\src\Proxy\ConfigApi\ConfigurationApiItemWrapper.cs:line 104&#xD;
   at VideoOS.Platform.ConfigurationItems.Factory.IsItemTypeSupported(ServerId serverId, String itemType) in D:\actions-runner\_work\XPCO\XPCO\MIP\PlatformPlugin\VideoOS.Platform\src\ConfigurationItems\Factory.cs:line 464&#xD;
&#xD;
Factory.IsItemTypeSupportedFactory.IsItemTypeSupported ()The method or operation is not implemented.   at VideoOS.Platform.SDKUnittest.EnvironmentTests.TestConfigurationClientService.GetItem(String path) in D:\actions-runner\_work\XPCO\XPCO\MIP\MIPSDK\tst\VideoOS.Platform.SDK.UnitTests\EnvironmentTests\TestsWithCorporateShimsBase.cs:line 227&#xD;
   at VideoOS.Platform.Proxy.ConfigApi.ConfigurationApiItemWrapper..ctor(ServerId serverId, String path) in D:\actions-runner\_work\XPCO\XPCO\MIP\PlatformPlugin\VideoOS.Platform\src\Proxy\ConfigApi\ConfigurationApiItemWrapper.cs:line 104&#xD;
   at VideoOS.Platform.ConfigurationItems.Factory.IsItemTypeSupported(ServerId serverId, String itemType) in D:\actions-runner\_work\XPCO\XPCO\MIP\PlatformPlugin\VideoOS.Platform\src\ConfigurationItems\Factory.cs:line 464&#xD;
MIP: Error: LoginServerOauth (): https://1.2.3.5:55/ManagementServer/ServerCommandServiceOAuth.svc The method or operation is not implemented.&#xD;
MIP: Error: ConfigurationApiItemWrapper (): ConfigAPI GetItem(): System.NotImplementedException, The method or operation is not implemented.&#xD;
MIP: Error: Factory.IsItemTypeSupported (): Exception source:      VideoOS.Platform.SDK.UnitTests&#xD;
Exception type:        System.NotImplementedException&#xD;
Exception message:     The method or operation is not implemented.&#xD;
Exception target site: GetItem&#xD;
   at VideoOS.Platform.SDKUnittest.EnvironmentTests.TestConfigurationClientService.GetItem(String path) in D:\actions-runner\_work\XPCO\XPCO\MIP\MIPSDK\tst\VideoOS.Platform.SDK.UnitTests\EnvironmentTests\TestsWithCorporateShimsBase.cs:line 227&#xD;
   at VideoOS.Platform.Proxy.ConfigApi.ConfigurationApiItemWrapper..ctor(ServerId serverId, String path) in D:\actions-runner\_work\XPCO\XPCO\MIP\PlatformPlugin\VideoOS.Platform\src\Proxy\ConfigApi\ConfigurationApiItemWrapper.cs:line 104&#xD;
   at VideoOS.Platform.ConfigurationItems.Factory.IsItemTypeSupported(ServerId serverId, String itemType) in D:\actions-runner\_work\XPCO\XPCO\MIP\PlatformPlugin\VideoOS.Platform\src\ConfigurationItems\Factory.cs:line 464&#xD;
&#xD;
Factory.IsItemTypeSupportedFactory.IsItemTypeSupported ()The method or operation is not implemented.   at VideoOS.Platform.SDKUnittest.EnvironmentTests.TestConfigurationClientService.GetItem(String path) in D:\actions-runner\_work\XPCO\XPCO\MIP\MIPSDK\tst\VideoOS.Platform.SDK.UnitTests\EnvironmentTests\TestsWithCorporateShimsBase.cs:line 227&#xD;
   at VideoOS.Platform.Proxy.ConfigApi.ConfigurationApiItemWrapper..ctor(ServerId serverId, String path) in D:\actions-runner\_work\XPCO\XPCO\MIP\PlatformPlugin\VideoOS.Platform\src\Proxy\ConfigApi\ConfigurationApiItemWrapper.cs:line 104&#xD;
   at VideoOS.Platform.ConfigurationItems.Factory.IsItemTypeSupported(ServerId serverId, String itemType) in D:\actions-runner\_work\XPCO\XPCO\MIP\PlatformPlugin\VideoOS.Platform\src\ConfigurationItems\Factory.cs:line 464&#xD;
MIP: Error: ConfigurationApiItemWrapper (): ConfigAPI GetItem(): System.NotImplementedException, The method or operation is not implemented.&#xD;
MIP: Error: Factory.IsItemTypeSupported (): Exception source:      VideoOS.Platform.SDK.UnitTests&#xD;
Exception type:        System.NotImplementedException&#xD;
Exception message:     The method or operation is not implemented.&#xD;
Exception target site: GetItem&#xD;
   at VideoOS.Platform.SDKUnittest.EnvironmentTests.TestConfigurationClientService.GetItem(String path) in D:\actions-runner\_work\XPCO\XPCO\MIP\MIPSDK\tst\VideoOS.Platform.SDK.UnitTests\EnvironmentTests\TestsWithCorporateShimsBase.cs:line 227&#xD;
   at VideoOS.Platform.Proxy.ConfigApi.ConfigurationApiItemWrapper..ctor(ServerId serverId, String path) in D:\actions-runner\_work\XPCO\XPCO\MIP\PlatformPlugin\VideoOS.Platform\src\Proxy\ConfigApi\ConfigurationApiItemWrapper.cs:line 104&#xD;
   at VideoOS.Platform.ConfigurationItems.Factory.IsItemTypeSupported(ServerId serverId, String itemType) in D:\actions-runner\_work\XPCO\XPCO\MIP\PlatformPlugin\VideoOS.Platform\src\ConfigurationItems\Factory.cs:line 464&#xD;
&#xD;
Factory.IsItemTypeSupportedFactory.IsItemTypeSupported ()The method or operation is not implemented.   at VideoOS.Platform.SDKUnittest.EnvironmentTests.TestConfigurationClientService.GetItem(String path) in D:\actions-runner\_work\XPCO\XPCO\MIP\MIPSDK\tst\VideoOS.Platform.SDK.UnitTests\EnvironmentTests\TestsWithCorporateShimsBase.cs:line 227&#xD;
   at VideoOS.Platform.Proxy.ConfigApi.ConfigurationApiItemWrapper..ctor(ServerId serverId, String path) in D:\actions-runner\_work\XPCO\XPCO\MIP\PlatformPlugin\VideoOS.Platform\src\Proxy\ConfigApi\ConfigurationApiItemWrapper.cs:line 104&#xD;
   at VideoOS.Platform.ConfigurationItems.Factory.IsItemTypeSupported(ServerId serverId, String itemType) in D:\actions-runner\_work\XPCO\XPCO\MIP\PlatformPlugin\VideoOS.Platform\src\ConfigurationItems\Factory.cs:line 464&#xD;
MIP: Error: LoginServerOauth (): https://1.2.3.5:55/ManagementServer/ServerCommandServiceOAuth.svc The method or operation is not implemented.&#xD;
MIP: Error: ConfigurationApiItemWrapper (): ConfigAPI GetItem(): System.NotImplementedException, The method or operation is not implemented.&#xD;
MIP: Error: Factory.IsItemTypeSupported (): Exception source:      VideoOS.Platform.SDK.UnitTests&#xD;
Exception type:        System.NotImplementedException&#xD;
Exception message:     The method or operation is not implemented.&#xD;
Exception target site: GetItem&#xD;
   at VideoOS.Platform.SDKUnittest.EnvironmentTests.TestConfigurationClientService.GetItem(String path) in D:\actions-runner\_work\XPCO\XPCO\MIP\MIPSDK\tst\VideoOS.Platform.SDK.UnitTests\EnvironmentTests\TestsWithCorporateShimsBase.cs:line 227&#xD;
   at VideoOS.Platform.Proxy.ConfigApi.ConfigurationApiItemWrapper..ctor(ServerId serverId, String path) in D:\actions-runner\_work\XPCO\XPCO\MIP\PlatformPlugin\VideoOS.Platform\src\Proxy\ConfigApi\ConfigurationApiItemWrapper.cs:line 104&#xD;
   at VideoOS.Platform.ConfigurationItems.Factory.IsItemTypeSupported(ServerId serverId, String itemType) in D:\actions-runner\_work\XPCO\XPCO\MIP\PlatformPlugin\VideoOS.Platform\src\ConfigurationItems\Factory.cs:line 464&#xD;
&#xD;
Factory.IsItemTypeSupportedFactory.IsItemTypeSupported ()The method or operation is not implemented.   at VideoOS.Platform.SDKUnittest.EnvironmentTests.TestConfigurationClientService.GetItem(String path) in D:\actions-runner\_work\XPCO\XPCO\MIP\MIPSDK\tst\VideoOS.Platform.SDK.UnitTests\EnvironmentTests\TestsWithCorporateShimsBase.cs:line 227&#xD;
   at VideoOS.Platform.Proxy.ConfigApi.ConfigurationApiItemWrapper..ctor(ServerId serverId, String path) in D:\actions-runner\_work\XPCO\XPCO\MIP\PlatformPlugin\VideoOS.Platform\src\Proxy\ConfigApi\ConfigurationApiItemWrapper.cs:line 104&#xD;
   at VideoOS.Platform.ConfigurationItems.Factory.IsItemTypeSupported(ServerId serverId, String itemType) in D:\actions-runner\_work\XPCO\XPCO\MIP\PlatformPlugin\VideoOS.Platform\src\ConfigurationItems\Factory.cs:line 464&#xD;
MIP: Error: LoginServerOauth (): https://1.2.3.5:55/ManagementServer/ServerCommandServiceOAuth.svc The method or operation is not implemented.&#xD;
MIP: Error: GetConfiguration (): CustomSetting not found for the given platformDefinitionId: e145597a-ecaf-40a1-99e6-14bb9d45a09e&#xD;
MIP: Error: ConfigurationApiItemWrapper (): ConfigAPI GetItem(): System.NotImplementedException, The method or operation is not implemented.&#xD;
MIP: Error: ConfigurationApiItemWrapper (): ConfigAPI GetItem(): System.NotImplementedException, The method or operation is not implemented.&#xD;
MIP: Error: Factory.IsItemTypeSupported (): Exception source:      VideoOS.Platform.SDK.UnitTests&#xD;
Exception type:        System.NotImplementedException&#xD;
Exception message:     The method or operation is not implemented.&#xD;
Exception target site: GetItem&#xD;
   at VideoOS.Platform.SDKUnittest.EnvironmentTests.TestConfigurationClientService.GetItem(String path) in D:\actions-runner\_work\XPCO\XPCO\MIP\MIPSDK\tst\VideoOS.Platform.SDK.UnitTests\EnvironmentTests\TestsWithCorporateShimsBase.cs:line 227&#xD;
   at VideoOS.Platform.Proxy.ConfigApi.ConfigurationApiItemWrapper..ctor(ServerId serverId, String path) in D:\actions-runner\_work\XPCO\XPCO\MIP\PlatformPlugin\VideoOS.Platform\src\Proxy\ConfigApi\ConfigurationApiItemWrapper.cs:line 104&#xD;
   at VideoOS.Platform.ConfigurationItems.Factory.IsItemTypeSupported(ServerId serverId, String itemType) in D:\actions-runner\_work\XPCO\XPCO\MIP\PlatformPlugin\VideoOS.Platform\src\ConfigurationItems\Factory.cs:line 464&#xD;
&#xD;
Factory.IsItemTypeSupportedFactory.IsItemTypeSupported ()The method or operation is not implemented.   at VideoOS.Platform.SDKUnittest.EnvironmentTests.TestConfigurationClientService.GetItem(String path) in D:\actions-runner\_work\XPCO\XPCO\MIP\MIPSDK\tst\VideoOS.Platform.SDK.UnitTests\EnvironmentTests\TestsWithCorporateShimsBase.cs:line 227&#xD;
   at VideoOS.Platform.Proxy.ConfigApi.ConfigurationApiItemWrapper..ctor(ServerId serverId, String path) in D:\actions-runner\_work\XPCO\XPCO\MIP\PlatformPlugin\VideoOS.Platform\src\Proxy\ConfigApi\ConfigurationApiItemWrapper.cs:line 104&#xD;
   at VideoOS.Platform.ConfigurationItems.Factory.IsItemTypeSupported(ServerId serverId, String itemType) in D:\actions-runner\_work\XPCO\XPCO\MIP\PlatformPlugin\VideoOS.Platform\src\ConfigurationItems\Factory.cs:line 464&#xD;
MIP: Error: Factory.IsItemTypeSupported (): Exception source:      VideoOS.Platform.SDK.UnitTests&#xD;
Exception type:        System.NotImplementedException&#xD;
Exception message:     The method or operation is not implemented.&#xD;
Exception target site: GetItem&#xD;
   at VideoOS.Platform.SDKUnittest.EnvironmentTests.TestConfigurationClientService.GetItem(String path) in D:\actions-runner\_work\XPCO\XPCO\MIP\MIPSDK\tst\VideoOS.Platform.SDK.UnitTests\EnvironmentTests\TestsWithCorporateShimsBase.cs:line 227&#xD;
   at VideoOS.Platform.Proxy.ConfigApi.ConfigurationApiItemWrapper..ctor(ServerId serverId, String path) in D:\actions-runner\_work\XPCO\XPCO\MIP\PlatformPlugin\VideoOS.Platform\src\Proxy\ConfigApi\ConfigurationApiItemWrapper.cs:line 104&#xD;
   at VideoOS.Platform.ConfigurationItems.Factory.IsItemTypeSupported(ServerId serverId, String itemType) in D:\actions-runner\_work\XPCO\XPCO\MIP\PlatformPlugin\VideoOS.Platform\src\ConfigurationItems\Factory.cs:line 464&#xD;
&#xD;
Factory.IsItemTypeSupportedFactory.IsItemTypeSupported ()The method or operation is not implemented.   at VideoOS.Platform.SDKUnittest.EnvironmentTests.TestConfigurationClientService.GetItem(String path) in D:\actions-runner\_work\XPCO\XPCO\MIP\MIPSDK\tst\VideoOS.Platform.SDK.UnitTests\EnvironmentTests\TestsWithCorporateShimsBase.cs:line 227&#xD;
   at VideoOS.Platform.Proxy.ConfigApi.ConfigurationApiItemWrapper..ctor(ServerId serverId, String path) in D:\actions-runner\_work\XPCO\XPCO\MIP\PlatformPlugin\VideoOS.Platform\src\Proxy\ConfigApi\ConfigurationApiItemWrapper.cs:line 104&#xD;
   at VideoOS.Platform.ConfigurationItems.Factory.IsItemTypeSupported(ServerId serverId, String itemType) in D:\actions-runner\_work\XPCO\XPCO\MIP\PlatformPlugin\VideoOS.Platform\src\ConfigurationItems\Factory.cs:line 464&#xD;
MIP: Error: ConfigurationApiItemWrapper (): ConfigAPI GetItem(): System.NotImplementedException, The method or operation is not implemented.&#xD;
MIP: Error: Factory.IsItemTypeSupported (): Exception source:      VideoOS.Platform.SDK.UnitTests&#xD;
Exception type:        System.NotImplementedException&#xD;
Exception message:     The method or operation is not implemented.&#xD;
Exception target site: GetItem&#xD;
   at VideoOS.Platform.SDKUnittest.EnvironmentTests.TestConfigurationClientService.GetItem(String path) in D:\actions-runner\_work\XPCO\XPCO\MIP\MIPSDK\tst\VideoOS.Platform.SDK.UnitTests\EnvironmentTests\TestsWithCorporateShimsBase.cs:line 227&#xD;
   at VideoOS.Platform.Proxy.ConfigApi.ConfigurationApiItemWrapper..ctor(ServerId serverId, String path) in D:\actions-runner\_work\XPCO\XPCO\MIP\PlatformPlugin\VideoOS.Platform\src\Proxy\ConfigApi\ConfigurationApiItemWrapper.cs:line 104&#xD;
   at VideoOS.Platform.ConfigurationItems.Factory.IsItemTypeSupported(ServerId serverId, String itemType) in D:\actions-runner\_work\XPCO\XPCO\MIP\PlatformPlugin\VideoOS.Platform\src\ConfigurationItems\Factory.cs:line 464&#xD;
&#xD;
Factory.IsItemTypeSupportedFactory.IsItemTypeSupported ()The method or operation is not implemented.   at VideoOS.Platform.SDKUnittest.EnvironmentTests.TestConfigurationClientService.GetItem(String path) in D:\actions-runner\_work\XPCO\XPCO\MIP\MIPSDK\tst\VideoOS.Platform.SDK.UnitTests\EnvironmentTests\TestsWithCorporateShimsBase.cs:line 227&#xD;
   at VideoOS.Platform.Proxy.ConfigApi.ConfigurationApiItemWrapper..ctor(ServerId serverId, String path) in D:\actions-runner\_work\XPCO\XPCO\MIP\PlatformPlugin\VideoOS.Platform\src\Proxy\ConfigApi\ConfigurationApiItemWrapper.cs:line 104&#xD;
   at VideoOS.Platform.ConfigurationItems.Factory.IsItemTypeSupported(ServerId serverId, String itemType) in D:\actions-runner\_work\XPCO\XPCO\MIP\PlatformPlugin\VideoOS.Platform\src\ConfigurationItems\Factory.cs:line 464&#xD;
MIP: Error: LoginServerOauth (): https://1.2.3.5:55/ManagementServer/ServerCommandServiceOAuth.svc The method or operation is not implemented.&#xD;
MIP: Error: LoginServerOauth (): https://1.2.3.5:55/ManagementServer/ServerCommandServiceOAuth.svc The method or operation is not implemented.</StdOut>
      </Output>
    </UnitTestResult>
    <UnitTestResult executionId="fed00c97-ebd9-4f84-8c77-f9ed7da63492" testId="e7459368-bf71-df4a-32b1-79ab60633652" testName="TryCreateParentUri_WhenFirstUrlKeyPresent_ReturnsIt" computerName="DKSR-EFI-04" duration="00:00:00.0120718" startTime="2023-12-22T09:36:54.6809262+01:00" endTime="2023-12-22T09:36:54.6934667+01:00" testType="13cdc9d9-ddb5-4fa4-a97d-d965ccfc6d4b" outcome="Passed" testListId="8c84fa94-04c1-424b-9868-57a2d4851a1d" relativeResultsDirectory="fed00c97-ebd9-4f84-8c77-f9ed7da63492" />
    <UnitTestResult executionId="5abe8775-34e1-4520-83e3-96ea66b5526d" testId="4c36fbe1-f8de-13b2-bcb1-e7ce9596a021" testName="Given_Nothing_When_SendingACommand_Then_CommandReturnsWhenResponseIsReceived" computerName="DKSR-EFI-04" duration="00:00:00.0593784" startTime="2023-12-22T09:36:54.9713053+01:00" endTime="2023-12-22T09:36:55.0310323+01:00" testType="13cdc9d9-ddb5-4fa4-a97d-d965ccfc6d4b" outcome="Passed" testListId="8c84fa94-04c1-424b-9868-57a2d4851a1d" relativeResultsDirectory="5abe8775-34e1-4520-83e3-96ea66b5526d" />
    <UnitTestResult executionId="622a7651-7e75-45e5-8a95-fcf4abb289a0" testId="6e75c7b2-82c6-9596-e538-6098a4826ccc" testName="Initialize_ShouldSetInstances" computerName="DKSR-EFI-04" duration="00:00:00.1454834" startTime="2023-12-22T09:36:52.9791210+01:00" endTime="2023-12-22T09:36:53.1249105+01:00" testType="13cdc9d9-ddb5-4fa4-a97d-d965ccfc6d4b" outcome="Passed" testListId="8c84fa94-04c1-424b-9868-57a2d4851a1d" relativeResultsDirectory="622a7651-7e75-45e5-8a95-fcf4abb289a0" />
    <UnitTestResult executionId="9b534b1a-b7a5-4a8a-8ef8-dd6d34b05b8e" testId="3ef0c418-2089-c3e6-4e94-e0341e36e810" testName="Contains_Correct" computerName="DKSR-EFI-04" duration="00:00:00.0019487" startTime="2023-12-22T09:36:54.9627407+01:00" endTime="2023-12-22T09:36:54.9648891+01:00" testType="13cdc9d9-ddb5-4fa4-a97d-d965ccfc6d4b" outcome="Passed" testListId="8c84fa94-04c1-424b-9868-57a2d4851a1d" relativeResultsDirectory="9b534b1a-b7a5-4a8a-8ef8-dd6d34b05b8e" />
    <UnitTestResult executionId="989b70a6-9be4-4b86-839d-9327f9b02387" testId="2c92124b-c5f5-19a5-8432-332f4bcae799" testName="CheckToDouble" computerName="DKSR-EFI-04" duration="00:00:00.0038872" startTime="2023-12-22T09:36:54.8368407+01:00" endTime="2023-12-22T09:36:54.8409578+01:00" testType="13cdc9d9-ddb5-4fa4-a97d-d965ccfc6d4b" outcome="Passed" testListId="8c84fa94-04c1-424b-9868-57a2d4851a1d" relativeResultsDirectory="989b70a6-9be4-4b86-839d-9327f9b02387" />
    <UnitTestResult executionId="c9579802-cf0e-4ca9-bd15-f5754f0230c1" testId="9303c8a3-4457-dd53-a1ee-73373e6854b4" testName="Login_Success" computerName="DKSR-EFI-04" duration="00:00:00.0105318" startTime="2023-12-22T09:36:52.7551971+01:00" endTime="2023-12-22T09:36:52.7659296+01:00" testType="13cdc9d9-ddb5-4fa4-a97d-d965ccfc6d4b" outcome="Passed" testListId="8c84fa94-04c1-424b-9868-57a2d4851a1d" relativeResultsDirectory="c9579802-cf0e-4ca9-bd15-f5754f0230c1" />
    <UnitTestResult executionId="39861b1d-538d-45f5-8ed6-9e0bb6bb69b8" testId="1558a173-bd2e-9fca-670c-2c3987fbd631" testName="AddServer_WhenParentUriNull_UseCredentialCache" computerName="DKSR-EFI-04" duration="00:00:00.0049936" startTime="2023-12-22T09:36:52.9239855+01:00" endTime="2023-12-22T09:36:52.9291244+01:00" testType="13cdc9d9-ddb5-4fa4-a97d-d965ccfc6d4b" outcome="Passed" testListId="8c84fa94-04c1-424b-9868-57a2d4851a1d" relativeResultsDirectory="39861b1d-538d-45f5-8ed6-9e0bb6bb69b8" />
    <UnitTestResult executionId="5c100b6d-9869-4755-8752-bcc2202c19bd" testId="d1e2ee3a-5497-84fa-1720-32c96fcd92e7" testName="MergeCredentialCache_WhenAlreadyHasCredential_DoesntMerge" computerName="DKSR-EFI-04" duration="00:00:00.0008472" startTime="2023-12-22T09:36:54.7212721+01:00" endTime="2023-12-22T09:36:54.7223088+01:00" testType="13cdc9d9-ddb5-4fa4-a97d-d965ccfc6d4b" outcome="Passed" testListId="8c84fa94-04c1-424b-9868-57a2d4851a1d" relativeResultsDirectory="5c100b6d-9869-4755-8752-bcc2202c19bd" />
    <UnitTestResult executionId="4ea301ea-25d8-42d0-adcb-f4586d3bed75" testId="c0865429-3866-2dd1-bc73-a54af982297e" testName="DisposingBeforeConnectIsDone_ShouldNotThrowException" computerName="DKSR-EFI-04" duration="00:00:00.0044353" startTime="2023-12-22T09:36:55.2605500+01:00" endTime="2023-12-22T09:36:55.2652303+01:00" testType="13cdc9d9-ddb5-4fa4-a97d-d965ccfc6d4b" outcome="Passed" testListId="8c84fa94-04c1-424b-9868-57a2d4851a1d" relativeResultsDirectory="4ea301ea-25d8-42d0-adcb-f4586d3bed75" />
    <UnitTestResult executionId="913e3e88-c281-4381-b8c4-c971598a2e29" testId="10274018-72a2-7e54-f67f-3e3dab8a3913" testName="Unitialize_ShouldResetInstances" computerName="DKSR-EFI-04" duration="00:00:00.0010248" startTime="2023-12-22T09:36:53.2356689+01:00" endTime="2023-12-22T09:36:53.2368071+01:00" testType="13cdc9d9-ddb5-4fa4-a97d-d965ccfc6d4b" outcome="Passed" testListId="8c84fa94-04c1-424b-9868-57a2d4851a1d" relativeResultsDirectory="913e3e88-c281-4381-b8c4-c971598a2e29" />
    <UnitTestResult executionId="b88a92e1-0531-4d2d-88e2-de7005c13011" testId="05f781d9-9be7-1af3-c443-40faaa2345fc" testName="CheckToMilisecString" computerName="DKSR-EFI-04" duration="00:00:00.0018881" startTime="2023-12-22T09:36:54.8524952+01:00" endTime="2023-12-22T09:36:54.8545892+01:00" testType="13cdc9d9-ddb5-4fa4-a97d-d965ccfc6d4b" outcome="Passed" testListId="8c84fa94-04c1-424b-9868-57a2d4851a1d" relativeResultsDirectory="b88a92e1-0531-4d2d-88e2-de7005c13011" />
    <UnitTestResult executionId="f1b5e55a-09e3-4e5f-93a8-d11cceba8404" testId="3512c4ea-c42c-dc19-86d1-3085820f9234" testName="Given_Nothing_When_EventHandlerIsCreated_Then_ItRegistersItselfToTheMessageDispatcher" computerName="DKSR-EFI-04" duration="00:00:00.0047593" startTime="2023-12-22T09:36:55.1079981+01:00" endTime="2023-12-22T09:36:55.1130892+01:00" testType="13cdc9d9-ddb5-4fa4-a97d-d965ccfc6d4b" outcome="Passed" testListId="8c84fa94-04c1-424b-9868-57a2d4851a1d" relativeResultsDirectory="f1b5e55a-09e3-4e5f-93a8-d11cceba8404" />
    <UnitTestResult executionId="c0ef2a46-5145-4ac6-9454-cf2f7f4d1b43" testId="f4f1f3cd-b04f-c623-3d30-8c01b6f83066" testName="AddServer_WithLoginSettings_MasterOnlyTrue_CorrectlyPassed" computerName="DKSR-EFI-04" duration="00:00:00.0023414" startTime="2023-12-22T09:36:52.8635374+01:00" endTime="2023-12-22T09:36:52.8660516+01:00" testType="13cdc9d9-ddb5-4fa4-a97d-d965ccfc6d4b" outcome="Passed" testListId="8c84fa94-04c1-424b-9868-57a2d4851a1d" relativeResultsDirectory="c0ef2a46-5145-4ac6-9454-cf2f7f4d1b43" />
    <UnitTestResult executionId="ced4ddf6-e26d-41c9-a836-16eebf9fc350" testId="2cd289e6-be4f-74c1-cee0-00532b6125f7" testName="OutgoingAudioWaveFormatSamplesPerSecond_ShouldNotBeSet_WhenValueIsNotAllowed" computerName="DKSR-EFI-04" duration="00:00:00.0006192" startTime="2023-12-22T09:37:15.9551106+01:00" endTime="2023-12-22T09:37:15.9559595+01:00" testType="13cdc9d9-ddb5-4fa4-a97d-d965ccfc6d4b" outcome="Passed" testListId="8c84fa94-04c1-424b-9868-57a2d4851a1d" relativeResultsDirectory="ced4ddf6-e26d-41c9-a836-16eebf9fc350" />
    <UnitTestResult executionId="2df3d481-bbc3-4d2d-ac94-b41a6957a2b6" testId="6c2774fd-5517-8aea-be70-fd37a3cf85af" testName="Given_Connected_When_GetCurrentStateSuccesful_Then_StatesAreReturned" computerName="DKSR-EFI-04" duration="00:00:00.0108672" startTime="2023-12-22T09:36:55.1960055+01:00" endTime="2023-12-22T09:36:55.2073767+01:00" testType="13cdc9d9-ddb5-4fa4-a97d-d965ccfc6d4b" outcome="Passed" testListId="8c84fa94-04c1-424b-9868-57a2d4851a1d" relativeResultsDirectory="2df3d481-bbc3-4d2d-ac94-b41a6957a2b6" />
    <UnitTestResult executionId="7f9a7389-5ed5-46c6-ab86-621cca2163e0" testId="1e673d72-09b3-76fe-7a9c-ca4edce9473e" testName="LogoutByUri_WhenSystemInfoNotNull_AlsoCallsEnvironmentManagerLogout" computerName="DKSR-EFI-04" duration="00:00:00.0198995" startTime="2023-12-22T09:36:52.8042538+01:00" endTime="2023-12-22T09:36:52.8243204+01:00" testType="13cdc9d9-ddb5-4fa4-a97d-d965ccfc6d4b" outcome="Passed" testListId="8c84fa94-04c1-424b-9868-57a2d4851a1d" relativeResultsDirectory="7f9a7389-5ed5-46c6-ab86-621cca2163e0" />
    <UnitTestResult executionId="e401d010-787b-4dc4-9ff6-c434e8f4abce" testId="c7a3417f-3205-4b9e-be6a-d435c0a3e965" testName="CheckInvalidFromString" computerName="DKSR-EFI-04" duration="00:00:00.0084778" startTime="2023-12-22T09:36:54.8273181+01:00" endTime="2023-12-22T09:36:54.8360324+01:00" testType="13cdc9d9-ddb5-4fa4-a97d-d965ccfc6d4b" outcome="Passed" testListId="8c84fa94-04c1-424b-9868-57a2d4851a1d" relativeResultsDirectory="e401d010-787b-4dc4-9ff6-c434e8f4abce" />
  </Results>
  <TestDefinitions>
    <UnitTest name="MergeCredentialCache_WhenAlreadyHasCredential_DoesntMerge" storage="d:\actions-runner\_work\xpco\xpco\allsolutions\..\mip\mipsdk\tst\videoos.platform.sdk.unittests\bin\x64\debug\net6.0-windows\videoos.platform.sdk.unittests.dll" id="d1e2ee3a-5497-84fa-1720-32c96fcd92e7">
      <Execution id="5c100b6d-9869-4755-8752-bcc2202c19bd" />
      <TestMethod codeBase="D:\actions-runner\_work\XPCO\XPCO\AllSolutions\..\MIP\MIPSDK\tst\VideoOS.Platform.SDK.UnitTests\bin\x64\Debug\net6.0-windows\VideoOS.Platform.SDK.UnitTests.dll" adapterTypeName="executor://mstestadapter/v2" className="VideoOS.Platform.SDKUnittest.PlatformTests.CredentialCacheServiceTest" name="MergeCredentialCache_WhenAlreadyHasCredential_DoesntMerge" />
    </UnitTest>
    <UnitTest name="Close_WhenNull_NoException" storage="d:\actions-runner\_work\xpco\xpco\allsolutions\..\mip\mipsdk\tst\videoos.platform.sdk.unittests\bin\x64\debug\net6.0-windows\videoos.platform.sdk.unittests.dll" id="01728557-d0ee-3bd0-5338-38b6c6daa989">
      <Execution id="02e55ddb-1fcf-4cf0-80a4-bd914532f1f8" />
      <TestMethod codeBase="D:\actions-runner\_work\XPCO\XPCO\AllSolutions\..\MIP\MIPSDK\tst\VideoOS.Platform.SDK.UnitTests\bin\x64\Debug\net6.0-windows\VideoOS.Platform.SDK.UnitTests.dll" adapterTypeName="executor://mstestadapter/v2" className="VideoOS.Platform.SDKUnittest.Facades.ClientControlFacadeTest" name="Close_WhenNull_NoException" />
    </UnitTest>
    <UnitTest name="Givent_MessageContainingEventWithData_When_CallingGetDataOfInCorrectType_Then_NOTE_NOTE_NOTE_ACompleteObjectIsReturned" storage="d:\actions-runner\_work\xpco\xpco\allsolutions\..\mip\mipsdk\tst\videoos.platform.sdk.unittests\bin\x64\debug\net6.0-windows\videoos.platform.sdk.unittests.dll" id="7f6a3e30-0edb-cef4-24b2-03a61d04ff8b">
      <Execution id="3933c7ca-3ddb-4054-824a-902c6463e235" />
      <TestMethod codeBase="D:\actions-runner\_work\XPCO\XPCO\AllSolutions\..\MIP\MIPSDK\tst\VideoOS.Platform.SDK.UnitTests\bin\x64\Debug\net6.0-windows\VideoOS.Platform.SDK.UnitTests.dll" adapterTypeName="executor://mstestadapter/v2" className="VideoOS.Platform.SDKUnittest.EventsAndState.SerializationTests" name="Givent_MessageContainingEventWithData_When_CallingGetDataOfInCorrectType_Then_NOTE_NOTE_NOTE_ACompleteObjectIsReturned" />
    </UnitTest>
    <UnitTest name="TryCreateParentUri_WhenNoAuthHasCredential_ReturnsNull" storage="d:\actions-runner\_work\xpco\xpco\allsolutions\..\mip\mipsdk\tst\videoos.platform.sdk.unittests\bin\x64\debug\net6.0-windows\videoos.platform.sdk.unittests.dll" id="d3ce4a46-9062-5855-70fd-ebbcc2b0eafc">
      <Execution id="00045f3b-e7b9-42fb-8dd9-1e875a2dd55c" />
      <TestMethod codeBase="D:\actions-runner\_work\XPCO\XPCO\AllSolutions\..\MIP\MIPSDK\tst\VideoOS.Platform.SDK.UnitTests\bin\x64\Debug\net6.0-windows\VideoOS.Platform.SDK.UnitTests.dll" adapterTypeName="executor://mstestadapter/v2" className="VideoOS.Platform.SDKUnittest.PlatformTests.CredentialCacheServiceTest" name="TryCreateParentUri_WhenNoAuthHasCredential_ReturnsNull" />
    </UnitTest>
    <UnitTest name="Unitialize_ShouldCallServiceReset" storage="d:\actions-runner\_work\xpco\xpco\allsolutions\..\mip\mipsdk\tst\videoos.platform.sdk.unittests\bin\x64\debug\net6.0-windows\videoos.platform.sdk.unittests.dll" id="ba5b86d5-401c-4e0a-f138-2c19e1e02c7f">
      <Execution id="c9f3f5ca-ac69-4a1c-bb02-6542c299642a" />
      <TestMethod codeBase="D:\actions-runner\_work\XPCO\XPCO\AllSolutions\..\MIP\MIPSDK\tst\VideoOS.Platform.SDK.UnitTests\bin\x64\Debug\net6.0-windows\VideoOS.Platform.SDK.UnitTests.dll" adapterTypeName="executor://mstestadapter/v2" className="VideoOS.Platform.SDKUnittest.EnvironmentTest" name="Unitialize_ShouldCallServiceReset" />
    </UnitTest>
    <UnitTest name="XpcoGroupCheckInvalidParameters" storage="d:\actions-runner\_work\xpco\xpco\allsolutions\..\mip\mipsdk\tst\videoos.platform.sdk.unittests\bin\x64\debug\net6.0-windows\videoos.platform.sdk.unittests.dll" id="3b3bc144-1799-7620-fe3c-04bad5ec1510">
      <Execution id="d958c7af-49ff-422b-bf64-894b3f8b5cf8" />
      <TestMethod codeBase="D:\actions-runner\_work\XPCO\XPCO\AllSolutions\..\MIP\MIPSDK\tst\VideoOS.Platform.SDK.UnitTests\bin\x64\Debug\net6.0-windows\VideoOS.Platform.SDK.UnitTests.dll" adapterTypeName="executor://mstestadapter/v2" className="VideoOS.Platform.SDKUnittest.Configuration.XpcoConfigurationTest" name="XpcoGroupCheckInvalidParameters" />
    </UnitTest>
    <UnitTest name="XpcoCameraConfigTests" storage="d:\actions-runner\_work\xpco\xpco\allsolutions\..\mip\mipsdk\tst\videoos.platform.sdk.unittests\bin\x64\debug\net6.0-windows\videoos.platform.sdk.unittests.dll" id="d19447d6-1286-80a0-b9eb-927576af8553">
      <Execution id="855d1a05-c759-4c6b-9a4f-d4f0153e3339" />
      <TestMethod codeBase="D:\actions-runner\_work\XPCO\XPCO\AllSolutions\..\MIP\MIPSDK\tst\VideoOS.Platform.SDK.UnitTests\bin\x64\Debug\net6.0-windows\VideoOS.Platform.SDK.UnitTests.dll" adapterTypeName="executor://mstestadapter/v2" className="VideoOS.Platform.SDKUnittest.Configuration.XpcoConfigurationTest" name="XpcoCameraConfigTests" />
    </UnitTest>
    <UnitTest name="Remove_Correct" storage="d:\actions-runner\_work\xpco\xpco\allsolutions\..\mip\mipsdk\tst\videoos.platform.sdk.unittests\bin\x64\debug\net6.0-windows\videoos.platform.sdk.unittests.dll" id="170542a8-dc94-1eae-8e61-7f4921b86749">
      <Execution id="f18d0c57-a2e2-41c0-abe0-0481dcf86e52" />
      <TestMethod codeBase="D:\actions-runner\_work\XPCO\XPCO\AllSolutions\..\MIP\MIPSDK\tst\VideoOS.Platform.SDK.UnitTests\bin\x64\Debug\net6.0-windows\VideoOS.Platform.SDK.UnitTests.dll" adapterTypeName="executor://mstestadapter/v2" className="VideoOS.Platform.SDKUnittest.Facades.LoginSettingsCacheFacadeTest" name="Remove_Correct" />
    </UnitTest>
    <UnitTest name="CheckToLong" storage="d:\actions-runner\_work\xpco\xpco\allsolutions\..\mip\mipsdk\tst\videoos.platform.sdk.unittests\bin\x64\debug\net6.0-windows\videoos.platform.sdk.unittests.dll" id="ee90d5bb-7cd0-4c31-23ba-b62d71f38c15">
      <Execution id="48fb41b1-f24d-4955-ab8e-b5e81004a6e1" />
      <TestMethod codeBase="D:\actions-runner\_work\XPCO\XPCO\AllSolutions\..\MIP\MIPSDK\tst\VideoOS.Platform.SDK.UnitTests\bin\x64\Debug\net6.0-windows\VideoOS.Platform.SDK.UnitTests.dll" adapterTypeName="executor://mstestadapter/v2" className="VideoOS.Platform.SDKUnittest.FeatureTests.TimeConverterTests" name="CheckToLong" />
    </UnitTest>
    <UnitTest name="ConnectionTask_ShouldNotResubscribe_WhenConnectionIsBroken_AndResumeSucceeds" storage="d:\actions-runner\_work\xpco\xpco\allsolutions\..\mip\mipsdk\tst\videoos.platform.sdk.unittests\bin\x64\debug\net6.0-windows\videoos.platform.sdk.unittests.dll" id="853f6915-20e9-72f8-b144-6b6c2f45bce5">
      <Execution id="aeece70c-e848-41f5-b27e-ab7e9eee4253" />
      <TestMethod codeBase="D:\actions-runner\_work\XPCO\XPCO\AllSolutions\..\MIP\MIPSDK\tst\VideoOS.Platform.SDK.UnitTests\bin\x64\Debug\net6.0-windows\VideoOS.Platform.SDK.UnitTests.dll" adapterTypeName="executor://mstestadapter/v2" className="VideoOS.Platform.SDKUnittest.EventsAndState.EventsAndStateSessionTest" name="ConnectionTask_ShouldNotResubscribe_WhenConnectionIsBroken_AndResumeSucceeds" />
    </UnitTest>
    <UnitTest name="IsLoggedIn_Correct" storage="d:\actions-runner\_work\xpco\xpco\allsolutions\..\mip\mipsdk\tst\videoos.platform.sdk.unittests\bin\x64\debug\net6.0-windows\videoos.platform.sdk.unittests.dll" id="15bcd984-07b3-3ad0-b259-4c4f5e06c1bd">
      <Execution id="bc46c116-1382-41de-88fa-bce8f9856e2b" />
      <TestMethod codeBase="D:\actions-runner\_work\XPCO\XPCO\AllSolutions\..\MIP\MIPSDK\tst\VideoOS.Platform.SDK.UnitTests\bin\x64\Debug\net6.0-windows\VideoOS.Platform.SDK.UnitTests.dll" adapterTypeName="executor://mstestadapter/v2" className="VideoOS.Platform.SDKUnittest.EnvironmentServiceTest" name="IsLoggedIn_Correct" />
    </UnitTest>
    <UnitTest name="Initialize_ShouldReturnTrue_WhenMoreThanOneRecordingDeviceIsAvailable" storage="d:\actions-runner\_work\xpco\xpco\allsolutions\..\mip\mipsdk\tst\videoos.platform.sdk.unittests\bin\x64\debug\net6.0-windows\videoos.platform.sdk.unittests.dll" id="e2220ea1-70c7-777c-8e0a-b82f127b0354">
      <TestCategory>
        <TestCategoryItem TestCategory="AudioRecorder" />
      </TestCategory>
      <Execution id="117b266c-1384-43a3-bd37-ad6a1f1c1710" />
      <TestMethod codeBase="D:\actions-runner\_work\XPCO\XPCO\AllSolutions\..\MIP\MIPSDK\tst\VideoOS.Platform.SDK.UnitTests\bin\x64\Debug\net6.0-windows\VideoOS.Platform.SDK.UnitTests.dll" adapterTypeName="executor://mstestadapter/v2" className="VideoOS.Platform.SDKUnittest.Audio.AudioRecorderTests" name="Initialize_ShouldReturnTrue_WhenMoreThanOneRecordingDeviceIsAvailable" />
    </UnitTest>
    <UnitTest name="Given_Eventreceirveradded_When_EventReceiverRemoved_Then_EventsAreSentnoLongerSent" storage="d:\actions-runner\_work\xpco\xpco\allsolutions\..\mip\mipsdk\tst\videoos.platform.sdk.unittests\bin\x64\debug\net6.0-windows\videoos.platform.sdk.unittests.dll" id="1444c9ca-e73b-a5e6-f01f-53b0839e824f">
      <Execution id="10b9e8dd-ca3c-4ee8-80cb-6b3c40c8dcd6" />
      <TestMethod codeBase="D:\actions-runner\_work\XPCO\XPCO\AllSolutions\..\MIP\MIPSDK\tst\VideoOS.Platform.SDK.UnitTests\bin\x64\Debug\net6.0-windows\VideoOS.Platform.SDK.UnitTests.dll" adapterTypeName="executor://mstestadapter/v2" className="VideoOS.Platform.SDKUnittest.EventsAndState.EventHandlerTest" name="Given_Eventreceirveradded_When_EventReceiverRemoved_Then_EventsAreSentnoLongerSent" />
    </UnitTest>
    <UnitTest name="Given_ReceivedMessageContainsCommandId_When_GetCommandId_ThenCommandIdIsReturned" storage="d:\actions-runner\_work\xpco\xpco\allsolutions\..\mip\mipsdk\tst\videoos.platform.sdk.unittests\bin\x64\debug\net6.0-windows\videoos.platform.sdk.unittests.dll" id="b42b975b-0563-7dc6-8812-756fcc2bafe7">
      <Execution id="b62af806-6b6c-4800-a56c-ffeef88eb8e8" />
      <TestMethod codeBase="D:\actions-runner\_work\XPCO\XPCO\AllSolutions\..\MIP\MIPSDK\tst\VideoOS.Platform.SDK.UnitTests\bin\x64\Debug\net6.0-windows\VideoOS.Platform.SDK.UnitTests.dll" adapterTypeName="executor://mstestadapter/v2" className="VideoOS.Platform.SDKUnittest.EventsAndState.MessageParserTests" name="Given_ReceivedMessageContainsCommandId_When_GetCommandId_ThenCommandIdIsReturned" />
    </UnitTest>
    <UnitTest name="Given_Nothing_When_EventHandlerIsCreated_Then_ItRegistersItselfToTheMessageDispatcher" storage="d:\actions-runner\_work\xpco\xpco\allsolutions\..\mip\mipsdk\tst\videoos.platform.sdk.unittests\bin\x64\debug\net6.0-windows\videoos.platform.sdk.unittests.dll" id="3512c4ea-c42c-dc19-86d1-3085820f9234">
      <Execution id="f1b5e55a-09e3-4e5f-93a8-d11cceba8404" />
      <TestMethod codeBase="D:\actions-runner\_work\XPCO\XPCO\AllSolutions\..\MIP\MIPSDK\tst\VideoOS.Platform.SDK.UnitTests\bin\x64\Debug\net6.0-windows\VideoOS.Platform.SDK.UnitTests.dll" adapterTypeName="executor://mstestadapter/v2" className="VideoOS.Platform.SDKUnittest.EventsAndState.EventHandlerTest" name="Given_Nothing_When_EventHandlerIsCreated_Then_ItRegistersItselfToTheMessageDispatcher" />
    </UnitTest>
    <UnitTest name="Given_Connected_When_CreateSessionSuccesful_Then_ASessionIdAndDefaultInactiveTimeoutIsReturned" storage="d:\actions-runner\_work\xpco\xpco\allsolutions\..\mip\mipsdk\tst\videoos.platform.sdk.unittests\bin\x64\debug\net6.0-windows\videoos.platform.sdk.unittests.dll" id="dd33ce32-62c4-dfb3-4f9b-fce87ba0013c">
      <Execution id="9375fbb0-d51a-41e9-b29e-57fdd140ac9a" />
      <TestMethod codeBase="D:\actions-runner\_work\XPCO\XPCO\AllSolutions\..\MIP\MIPSDK\tst\VideoOS.Platform.SDK.UnitTests\bin\x64\Debug\net6.0-windows\VideoOS.Platform.SDK.UnitTests.dll" adapterTypeName="executor://mstestadapter/v2" className="VideoOS.Platform.SDKUnittest.EventsAndState.EventsAndStateClientTest" name="Given_Connected_When_CreateSessionSuccesful_Then_ASessionIdAndDefaultInactiveTimeoutIsReturned" />
    </UnitTest>
    <UnitTest name="XpcoMultiUserLoginServerList" storage="d:\actions-runner\_work\xpco\xpco\allsolutions\..\mip\mipsdk\tst\videoos.platform.sdk.unittests\bin\x64\debug\net6.0-windows\videoos.platform.sdk.unittests.dll" id="d2f3bae5-4b87-92ba-8e82-de1dd6dbd488">
      <Execution id="4ea1cb2d-4873-4787-be8e-b70a518fbf28" />
      <TestMethod codeBase="D:\actions-runner\_work\XPCO\XPCO\AllSolutions\..\MIP\MIPSDK\tst\VideoOS.Platform.SDK.UnitTests\bin\x64\Debug\net6.0-windows\VideoOS.Platform.SDK.UnitTests.dll" adapterTypeName="executor://mstestadapter/v2" className="VideoOS.Platform.SDKUnittest.EnvironmentTests.MultiUserEnvironmentTests" name="XpcoMultiUserLoginServerList" />
    </UnitTest>
    <UnitTest name="XpcoLoginAndGetConfgurationBasic" storage="d:\actions-runner\_work\xpco\xpco\allsolutions\..\mip\mipsdk\tst\videoos.platform.sdk.unittests\bin\x64\debug\net6.0-windows\videoos.platform.sdk.unittests.dll" id="3298a0bb-4507-4949-b804-b0b1ba735235">
      <Execution id="a1c41028-8c70-4e38-b8d4-b710c1b256db" />
      <TestMethod codeBase="D:\actions-runner\_work\XPCO\XPCO\AllSolutions\..\MIP\MIPSDK\tst\VideoOS.Platform.SDK.UnitTests\bin\x64\Debug\net6.0-windows\VideoOS.Platform.SDK.UnitTests.dll" adapterTypeName="executor://mstestadapter/v2" className="VideoOS.Platform.SDKUnittest.Configuration.XpcoConfigurationTest" name="XpcoLoginAndGetConfgurationBasic" />
    </UnitTest>
    <UnitTest name="Given_Connected_When_ResumeSessionUnsuccessful_Then_NoSuccessAndNewSessionIdIsReturned" storage="d:\actions-runner\_work\xpco\xpco\allsolutions\..\mip\mipsdk\tst\videoos.platform.sdk.unittests\bin\x64\debug\net6.0-windows\videoos.platform.sdk.unittests.dll" id="486bf095-ef80-8760-1ed9-25c366babe7b">
      <Execution id="4cd96146-3205-4ca1-ac13-5082b9ecd35e" />
      <TestMethod codeBase="D:\actions-runner\_work\XPCO\XPCO\AllSolutions\..\MIP\MIPSDK\tst\VideoOS.Platform.SDK.UnitTests\bin\x64\Debug\net6.0-windows\VideoOS.Platform.SDK.UnitTests.dll" adapterTypeName="executor://mstestadapter/v2" className="VideoOS.Platform.SDKUnittest.EventsAndState.EventsAndStateClientTest" name="Given_Connected_When_ResumeSessionUnsuccessful_Then_NoSuccessAndNewSessionIdIsReturned" />
    </UnitTest>
    <UnitTest name="StripXmlHeader_WhenHeaderPresent_StripsItOut" storage="d:\actions-runner\_work\xpco\xpco\allsolutions\..\mip\mipsdk\tst\videoos.platform.sdk.unittests\bin\x64\debug\net6.0-windows\videoos.platform.sdk.unittests.dll" id="1d9f532a-78eb-f4e1-0dd2-c5f03d1be90f">
      <Execution id="16220f02-a573-4da3-bcb6-c6b25db77497" />
      <TestMethod codeBase="D:\actions-runner\_work\XPCO\XPCO\AllSolutions\..\MIP\MIPSDK\tst\VideoOS.Platform.SDK.UnitTests\bin\x64\Debug\net6.0-windows\VideoOS.Platform.SDK.UnitTests.dll" adapterTypeName="executor://mstestadapter/v2" className="VideoOS.Platform.SDKUnittest.Util.ConfigUtilTest" name="StripXmlHeader_WhenHeaderPresent_StripsItOut" />
    </UnitTest>
    <UnitTest name="Initialize_ShouldSetInstances" storage="d:\actions-runner\_work\xpco\xpco\allsolutions\..\mip\mipsdk\tst\videoos.platform.sdk.unittests\bin\x64\debug\net6.0-windows\videoos.platform.sdk.unittests.dll" id="6e75c7b2-82c6-9596-e538-6098a4826ccc">
      <Execution id="622a7651-7e75-45e5-8a95-fcf4abb289a0" />
      <TestMethod codeBase="D:\actions-runner\_work\XPCO\XPCO\AllSolutions\..\MIP\MIPSDK\tst\VideoOS.Platform.SDK.UnitTests\bin\x64\Debug\net6.0-windows\VideoOS.Platform.SDK.UnitTests.dll" adapterTypeName="executor://mstestadapter/v2" className="VideoOS.Platform.SDKUnittest.EnvironmentTest" name="Initialize_ShouldSetInstances" />
    </UnitTest>
    <UnitTest name="CloseCheckForStandalone_Success" storage="d:\actions-runner\_work\xpco\xpco\allsolutions\..\mip\mipsdk\tst\videoos.platform.sdk.unittests\bin\x64\debug\net6.0-windows\videoos.platform.sdk.unittests.dll" id="5456b4a7-0c13-564f-de65-ea8a9df057cb">
      <Execution id="8046ab7f-7a67-4ace-82d7-886e1dd62944" />
      <TestMethod codeBase="D:\actions-runner\_work\XPCO\XPCO\AllSolutions\..\MIP\MIPSDK\tst\VideoOS.Platform.SDK.UnitTests\bin\x64\Debug\net6.0-windows\VideoOS.Platform.SDK.UnitTests.dll" adapterTypeName="executor://mstestadapter/v2" className="VideoOS.Platform.SDKUnittest.Facades.PluginManagerFacadeTest" name="CloseCheckForStandalone_Success" />
    </UnitTest>
    <UnitTest name="LoginWithRegistration_LoginFail_ThrowDefaultException" storage="d:\actions-runner\_work\xpco\xpco\allsolutions\..\mip\mipsdk\tst\videoos.platform.sdk.unittests\bin\x64\debug\net6.0-windows\videoos.platform.sdk.unittests.dll" id="bb377a2c-95c3-9aad-404f-5afa18de69c7">
      <Execution id="cf339d3b-cd1b-4621-970d-22ae352c3061" />
      <TestMethod codeBase="D:\actions-runner\_work\XPCO\XPCO\AllSolutions\..\MIP\MIPSDK\tst\VideoOS.Platform.SDK.UnitTests\bin\x64\Debug\net6.0-windows\VideoOS.Platform.SDK.UnitTests.dll" adapterTypeName="executor://mstestadapter/v2" className="VideoOS.Platform.SDKUnittest.EnvironmentServiceTest" name="LoginWithRegistration_LoginFail_ThrowDefaultException" />
    </UnitTest>
    <UnitTest name="Givent_MessageContainingEventWithData_When_CallingGetDataOfInCorrectTypeThatIsNotSeserializable_Then_MipExceptionIsThrown" storage="d:\actions-runner\_work\xpco\xpco\allsolutions\..\mip\mipsdk\tst\videoos.platform.sdk.unittests\bin\x64\debug\net6.0-windows\videoos.platform.sdk.unittests.dll" id="853af3f4-f013-afe1-e51f-9f0386bea5b2">
      <Execution id="674c3a07-e1a5-4640-820e-ce938fddecae" />
      <TestMethod codeBase="D:\actions-runner\_work\XPCO\XPCO\AllSolutions\..\MIP\MIPSDK\tst\VideoOS.Platform.SDK.UnitTests\bin\x64\Debug\net6.0-windows\VideoOS.Platform.SDK.UnitTests.dll" adapterTypeName="executor://mstestadapter/v2" className="VideoOS.Platform.SDKUnittest.EventsAndState.SerializationTests" name="Givent_MessageContainingEventWithData_When_CallingGetDataOfInCorrectTypeThatIsNotSeserializable_Then_MipExceptionIsThrown" />
    </UnitTest>
    <UnitTest name="XpcoMultiLoginLoadConfiguration" storage="d:\actions-runner\_work\xpco\xpco\allsolutions\..\mip\mipsdk\tst\videoos.platform.sdk.unittests\bin\x64\debug\net6.0-windows\videoos.platform.sdk.unittests.dll" id="7fe1ef40-9ce0-1e32-d490-dcfb0a7df207">
      <Execution id="705bb12f-f5a8-416d-8cb0-a2f0619684e0" />
      <TestMethod codeBase="D:\actions-runner\_work\XPCO\XPCO\AllSolutions\..\MIP\MIPSDK\tst\VideoOS.Platform.SDK.UnitTests\bin\x64\Debug\net6.0-windows\VideoOS.Platform.SDK.UnitTests.dll" adapterTypeName="executor://mstestadapter/v2" className="VideoOS.Platform.SDKUnittest.EnvironmentTests.MultiEnvironmentTests" name="XpcoMultiLoginLoadConfiguration" />
    </UnitTest>
    <UnitTest name="MergeCredentialCache_WhenNegotiateAuth_Merges" storage="d:\actions-runner\_work\xpco\xpco\allsolutions\..\mip\mipsdk\tst\videoos.platform.sdk.unittests\bin\x64\debug\net6.0-windows\videoos.platform.sdk.unittests.dll" id="ae1a8ec4-a4d5-6c99-ef64-cbab96674e4c">
      <Execution id="68206ea5-bf8d-4205-add0-3ff7435daaec" />
      <TestMethod codeBase="D:\actions-runner\_work\XPCO\XPCO\AllSolutions\..\MIP\MIPSDK\tst\VideoOS.Platform.SDK.UnitTests\bin\x64\Debug\net6.0-windows\VideoOS.Platform.SDK.UnitTests.dll" adapterTypeName="executor://mstestadapter/v2" className="VideoOS.Platform.SDKUnittest.PlatformTests.CredentialCacheServiceTest" name="MergeCredentialCache_WhenNegotiateAuth_Merges" />
    </UnitTest>
    <UnitTest name="OAuthServerIsOnline" storage="d:\actions-runner\_work\xpco\xpco\allsolutions\..\mip\mipsdk\tst\videoos.platform.sdk.unittests\bin\x64\debug\net6.0-windows\videoos.platform.sdk.unittests.dll" id="2282d201-fae3-68ca-fb9b-da7ba770e221">
      <Execution id="2052e8d3-1d27-465d-8b9f-809177969435" />
      <TestMethod codeBase="D:\actions-runner\_work\XPCO\XPCO\AllSolutions\..\MIP\MIPSDK\tst\VideoOS.Platform.SDK.UnitTests\bin\x64\Debug\net6.0-windows\VideoOS.Platform.SDK.UnitTests.dll" adapterTypeName="executor://mstestadapter/v2" className="VideoOS.Platform.SDKUnittest.Server.ConnectTest" name="OAuthServerIsOnline" />
    </UnitTest>
    <UnitTest name="XpcoMultiUserLoginCurrentCredentialsSuccess" storage="d:\actions-runner\_work\xpco\xpco\allsolutions\..\mip\mipsdk\tst\videoos.platform.sdk.unittests\bin\x64\debug\net6.0-windows\videoos.platform.sdk.unittests.dll" id="b2e4eadd-d448-b487-733b-d5563cb70924">
      <Execution id="ca47d6ab-b68e-4c08-a034-d2c1a5749113" />
      <TestMethod codeBase="D:\actions-runner\_work\XPCO\XPCO\AllSolutions\..\MIP\MIPSDK\tst\VideoOS.Platform.SDK.UnitTests\bin\x64\Debug\net6.0-windows\VideoOS.Platform.SDK.UnitTests.dll" adapterTypeName="executor://mstestadapter/v2" className="VideoOS.Platform.SDKUnittest.EnvironmentTests.MultiUserEnvironmentTests" name="XpcoMultiUserLoginCurrentCredentialsSuccess" />
    </UnitTest>
    <UnitTest name="AddServer_WhenParentUriNull_UseCredentialCache" storage="d:\actions-runner\_work\xpco\xpco\allsolutions\..\mip\mipsdk\tst\videoos.platform.sdk.unittests\bin\x64\debug\net6.0-windows\videoos.platform.sdk.unittests.dll" id="1558a173-bd2e-9fca-670c-2c3987fbd631">
      <Execution id="39861b1d-538d-45f5-8ed6-9e0bb6bb69b8" />
      <TestMethod codeBase="D:\actions-runner\_work\XPCO\XPCO\AllSolutions\..\MIP\MIPSDK\tst\VideoOS.Platform.SDK.UnitTests\bin\x64\Debug\net6.0-windows\VideoOS.Platform.SDK.UnitTests.dll" adapterTypeName="executor://mstestadapter/v2" className="VideoOS.Platform.SDKUnittest.EnvironmentServiceTest" name="AddServer_WhenParentUriNull_UseCredentialCache" />
    </UnitTest>
    <UnitTest name="Given_Connected_When_ResumeSessionSuccesful_Then_ASuccessAndSessionIdIsReturned" storage="d:\actions-runner\_work\xpco\xpco\allsolutions\..\mip\mipsdk\tst\videoos.platform.sdk.unittests\bin\x64\debug\net6.0-windows\videoos.platform.sdk.unittests.dll" id="6326290f-8e50-bc28-9f9e-5ff9f9bd3c53">
      <Execution id="75176c34-13a9-4d09-a590-f92da6b8e2cc" />
      <TestMethod codeBase="D:\actions-runner\_work\XPCO\XPCO\AllSolutions\..\MIP\MIPSDK\tst\VideoOS.Platform.SDK.UnitTests\bin\x64\Debug\net6.0-windows\VideoOS.Platform.SDK.UnitTests.dll" adapterTypeName="executor://mstestadapter/v2" className="VideoOS.Platform.SDKUnittest.EventsAndState.EventsAndStateClientTest" name="Given_Connected_When_ResumeSessionSuccesful_Then_ASuccessAndSessionIdIsReturned" />
    </UnitTest>
    <UnitTest name="ReloadConfiguration_CallsRefreshServer" storage="d:\actions-runner\_work\xpco\xpco\allsolutions\..\mip\mipsdk\tst\videoos.platform.sdk.unittests\bin\x64\debug\net6.0-windows\videoos.platform.sdk.unittests.dll" id="28d03c63-4b7f-6f07-1925-95fd992db754">
      <Execution id="b8c0719a-8d3f-4310-ba5a-ac8be409dc51" />
      <TestMethod codeBase="D:\actions-runner\_work\XPCO\XPCO\AllSolutions\..\MIP\MIPSDK\tst\VideoOS.Platform.SDK.UnitTests\bin\x64\Debug\net6.0-windows\VideoOS.Platform.SDK.UnitTests.dll" adapterTypeName="executor://mstestadapter/v2" className="VideoOS.Platform.SDKUnittest.EnvironmentServiceTest" name="ReloadConfiguration_CallsRefreshServer" />
    </UnitTest>
    <UnitTest name="AddServer_WhenParentUriNotNull_UseUserCredentialCache" storage="d:\actions-runner\_work\xpco\xpco\allsolutions\..\mip\mipsdk\tst\videoos.platform.sdk.unittests\bin\x64\debug\net6.0-windows\videoos.platform.sdk.unittests.dll" id="3d0614d6-566e-2a0b-aa48-d33230f47a0b">
      <Execution id="74138683-f359-4983-b1f1-fe3c91c72c96" />
      <TestMethod codeBase="D:\actions-runner\_work\XPCO\XPCO\AllSolutions\..\MIP\MIPSDK\tst\VideoOS.Platform.SDK.UnitTests\bin\x64\Debug\net6.0-windows\VideoOS.Platform.SDK.UnitTests.dll" adapterTypeName="executor://mstestadapter/v2" className="VideoOS.Platform.SDKUnittest.EnvironmentServiceTest" name="AddServer_WhenParentUriNotNull_UseUserCredentialCache" />
    </UnitTest>
    <UnitTest name="DisposingBeforeConnectIsDone_ShouldNotThrowException" storage="d:\actions-runner\_work\xpco\xpco\allsolutions\..\mip\mipsdk\tst\videoos.platform.sdk.unittests\bin\x64\debug\net6.0-windows\videoos.platform.sdk.unittests.dll" id="c0865429-3866-2dd1-bc73-a54af982297e">
      <Execution id="4ea301ea-25d8-42d0-adcb-f4586d3bed75" />
      <TestMethod codeBase="D:\actions-runner\_work\XPCO\XPCO\AllSolutions\..\MIP\MIPSDK\tst\VideoOS.Platform.SDK.UnitTests\bin\x64\Debug\net6.0-windows\VideoOS.Platform.SDK.UnitTests.dll" adapterTypeName="executor://mstestadapter/v2" className="VideoOS.Platform.SDKUnittest.EventsAndState.EventsAndStateSessionTest" name="DisposingBeforeConnectIsDone_ShouldNotThrowException" />
    </UnitTest>
    <UnitTest name="IsServerConnected_Correct" storage="d:\actions-runner\_work\xpco\xpco\allsolutions\..\mip\mipsdk\tst\videoos.platform.sdk.unittests\bin\x64\debug\net6.0-windows\videoos.platform.sdk.unittests.dll" id="1898017e-0a0a-9fff-c891-5b794811d9ca">
      <Execution id="a97429c2-a65c-4528-9b1a-3f1aed9f61f7" />
      <TestMethod codeBase="D:\actions-runner\_work\XPCO\XPCO\AllSolutions\..\MIP\MIPSDK\tst\VideoOS.Platform.SDK.UnitTests\bin\x64\Debug\net6.0-windows\VideoOS.Platform.SDK.UnitTests.dll" adapterTypeName="executor://mstestadapter/v2" className="VideoOS.Platform.SDKUnittest.EnvironmentServiceTest" name="IsServerConnected_Correct" />
    </UnitTest>
    <UnitTest name="LoadConfiguration_Correct" storage="d:\actions-runner\_work\xpco\xpco\allsolutions\..\mip\mipsdk\tst\videoos.platform.sdk.unittests\bin\x64\debug\net6.0-windows\videoos.platform.sdk.unittests.dll" id="ef02471d-d90f-d7cc-ccc2-806bfb1ff8c0">
      <Execution id="994ad2f9-c07d-420d-8ed8-36b09bae03ee" />
      <TestMethod codeBase="D:\actions-runner\_work\XPCO\XPCO\AllSolutions\..\MIP\MIPSDK\tst\VideoOS.Platform.SDK.UnitTests\bin\x64\Debug\net6.0-windows\VideoOS.Platform.SDK.UnitTests.dll" adapterTypeName="executor://mstestadapter/v2" className="VideoOS.Platform.SDKUnittest.EnvironmentServiceTest" name="LoadConfiguration_Correct" />
    </UnitTest>
    <UnitTest name="Given_EventHandlerIsCreated_When_ReceivingEventMessage_Then_EventsAreSentToAllReceivers" storage="d:\actions-runner\_work\xpco\xpco\allsolutions\..\mip\mipsdk\tst\videoos.platform.sdk.unittests\bin\x64\debug\net6.0-windows\videoos.platform.sdk.unittests.dll" id="9a32c8de-c721-c8df-01b2-8fdff9dd18ca">
      <Execution id="9f30f63b-502a-44a9-91f9-577e288f65d0" />
      <TestMethod codeBase="D:\actions-runner\_work\XPCO\XPCO\AllSolutions\..\MIP\MIPSDK\tst\VideoOS.Platform.SDK.UnitTests\bin\x64\Debug\net6.0-windows\VideoOS.Platform.SDK.UnitTests.dll" adapterTypeName="executor://mstestadapter/v2" className="VideoOS.Platform.SDKUnittest.EventsAndState.EventHandlerTest" name="Given_EventHandlerIsCreated_When_ReceivingEventMessage_Then_EventsAreSentToAllReceivers" />
    </UnitTest>
    <UnitTest name="AddServer_WithLoginSettings_Correct" storage="d:\actions-runner\_work\xpco\xpco\allsolutions\..\mip\mipsdk\tst\videoos.platform.sdk.unittests\bin\x64\debug\net6.0-windows\videoos.platform.sdk.unittests.dll" id="fb9222b4-352e-53d2-a6a0-c25767f137de">
      <Execution id="0361349b-c586-4fac-a64f-f6fe541f1f82" />
      <TestMethod codeBase="D:\actions-runner\_work\XPCO\XPCO\AllSolutions\..\MIP\MIPSDK\tst\VideoOS.Platform.SDK.UnitTests\bin\x64\Debug\net6.0-windows\VideoOS.Platform.SDK.UnitTests.dll" adapterTypeName="executor://mstestadapter/v2" className="VideoOS.Platform.SDKUnittest.EnvironmentServiceTest" name="AddServer_WithLoginSettings_Correct" />
    </UnitTest>
    <UnitTest name="Close_WhenNotNull_Success" storage="d:\actions-runner\_work\xpco\xpco\allsolutions\..\mip\mipsdk\tst\videoos.platform.sdk.unittests\bin\x64\debug\net6.0-windows\videoos.platform.sdk.unittests.dll" id="f830c93a-4e43-13d6-c3ab-367476959177">
      <Execution id="d05032c1-4d2a-4895-a92d-64b81a90f884" />
      <TestMethod codeBase="D:\actions-runner\_work\XPCO\XPCO\AllSolutions\..\MIP\MIPSDK\tst\VideoOS.Platform.SDK.UnitTests\bin\x64\Debug\net6.0-windows\VideoOS.Platform.SDK.UnitTests.dll" adapterTypeName="executor://mstestadapter/v2" className="VideoOS.Platform.SDKUnittest.Facades.ClientControlFacadeTest" name="Close_WhenNotNull_Success" />
    </UnitTest>
    <UnitTest name="Given_Connected_When_CreateSessionSuccesful_Then_ASessionIdIsReturned" storage="d:\actions-runner\_work\xpco\xpco\allsolutions\..\mip\mipsdk\tst\videoos.platform.sdk.unittests\bin\x64\debug\net6.0-windows\videoos.platform.sdk.unittests.dll" id="c7cfb557-b7c6-e2f2-6240-c10413062e2b">
      <Execution id="c8a1a877-a4d7-443e-9bee-42a471942213" />
      <TestMethod codeBase="D:\actions-runner\_work\XPCO\XPCO\AllSolutions\..\MIP\MIPSDK\tst\VideoOS.Platform.SDK.UnitTests\bin\x64\Debug\net6.0-windows\VideoOS.Platform.SDK.UnitTests.dll" adapterTypeName="executor://mstestadapter/v2" className="VideoOS.Platform.SDKUnittest.EventsAndState.EventsAndStateClientTest" name="Given_Connected_When_CreateSessionSuccesful_Then_ASessionIdIsReturned" />
    </UnitTest>
    <UnitTest name="OutgoingAudioWaveFormatSamplesPerSecond_ShouldNotBeSet_WhenValueIsNotAllowed" storage="d:\actions-runner\_work\xpco\xpco\allsolutions\..\mip\mipsdk\tst\videoos.platform.sdk.unittests\bin\x64\debug\net6.0-windows\videoos.platform.sdk.unittests.dll" id="2cd289e6-be4f-74c1-cee0-00532b6125f7">
      <TestCategory>
        <TestCategoryItem TestCategory="AudioRecorder" />
      </TestCategory>
      <Execution id="ced4ddf6-e26d-41c9-a836-16eebf9fc350" />
      <TestMethod codeBase="D:\actions-runner\_work\XPCO\XPCO\AllSolutions\..\MIP\MIPSDK\tst\VideoOS.Platform.SDK.UnitTests\bin\x64\Debug\net6.0-windows\VideoOS.Platform.SDK.UnitTests.dll" adapterTypeName="executor://mstestadapter/v2" className="VideoOS.Platform.SDKUnittest.Audio.AudioRecorderTests" name="OutgoingAudioWaveFormatSamplesPerSecond_ShouldNotBeSet_WhenValueIsNotAllowed" />
    </UnitTest>
    <UnitTest name="LogoutByUri_WhenSystemInfoNotNull_AlsoCallsEnvironmentManagerLogout" storage="d:\actions-runner\_work\xpco\xpco\allsolutions\..\mip\mipsdk\tst\videoos.platform.sdk.unittests\bin\x64\debug\net6.0-windows\videoos.platform.sdk.unittests.dll" id="1e673d72-09b3-76fe-7a9c-ca4edce9473e">
      <Execution id="7f9a7389-5ed5-46c6-ab86-621cca2163e0" />
      <TestMethod codeBase="D:\actions-runner\_work\XPCO\XPCO\AllSolutions\..\MIP\MIPSDK\tst\VideoOS.Platform.SDK.UnitTests\bin\x64\Debug\net6.0-windows\VideoOS.Platform.SDK.UnitTests.dll" adapterTypeName="executor://mstestadapter/v2" className="VideoOS.Platform.SDKUnittest.EnvironmentServiceTest" name="LogoutByUri_WhenSystemInfoNotNull_AlsoCallsEnvironmentManagerLogout" />
    </UnitTest>
    <UnitTest name="Given_AcommandIsSent_When_ReceivingAResponseForAnotherCommandding_Then_TheSentCommandTimesOut" storage="d:\actions-runner\_work\xpco\xpco\allsolutions\..\mip\mipsdk\tst\videoos.platform.sdk.unittests\bin\x64\debug\net6.0-windows\videoos.platform.sdk.unittests.dll" id="5ca6c285-b0f8-2ebf-22ac-22244ebbf44b">
      <Execution id="29209492-a5eb-4d4b-98fb-c009e130ea22" />
      <TestMethod codeBase="D:\actions-runner\_work\XPCO\XPCO\AllSolutions\..\MIP\MIPSDK\tst\VideoOS.Platform.SDK.UnitTests\bin\x64\Debug\net6.0-windows\VideoOS.Platform.SDK.UnitTests.dll" adapterTypeName="executor://mstestadapter/v2" className="VideoOS.Platform.SDKUnittest.EventsAndState.CommandHandlerTest" name="Given_AcommandIsSent_When_ReceivingAResponseForAnotherCommandding_Then_TheSentCommandTimesOut" />
    </UnitTest>
    <UnitTest name="StartRecording_ShouldStartRecording_WhenAudioRecorderIsInitialized" storage="d:\actions-runner\_work\xpco\xpco\allsolutions\..\mip\mipsdk\tst\videoos.platform.sdk.unittests\bin\x64\debug\net6.0-windows\videoos.platform.sdk.unittests.dll" id="4cc2af54-3704-7ced-d419-f08afbf26159">
      <TestCategory>
        <TestCategoryItem TestCategory="AudioRecorder" />
      </TestCategory>
      <Execution id="4e694f24-d76a-43d0-a9d3-dc1043c4de57" />
      <TestMethod codeBase="D:\actions-runner\_work\XPCO\XPCO\AllSolutions\..\MIP\MIPSDK\tst\VideoOS.Platform.SDK.UnitTests\bin\x64\Debug\net6.0-windows\VideoOS.Platform.SDK.UnitTests.dll" adapterTypeName="executor://mstestadapter/v2" className="VideoOS.Platform.SDKUnittest.Audio.AudioRecorderTests" name="StartRecording_ShouldStartRecording_WhenAudioRecorderIsInitialized" />
    </UnitTest>
    <UnitTest name="RemoveServer_WithUriWhenSystemInfoListNotEmpty_NotSettingApploggedStateToFalse" storage="d:\actions-runner\_work\xpco\xpco\allsolutions\..\mip\mipsdk\tst\videoos.platform.sdk.unittests\bin\x64\debug\net6.0-windows\videoos.platform.sdk.unittests.dll" id="5db9cdb8-0fa4-0c5c-b336-2c08e8318f3a">
      <Execution id="b386d4ec-3f0a-4ec1-a34d-69da235814c2" />
      <TestMethod codeBase="D:\actions-runner\_work\XPCO\XPCO\AllSolutions\..\MIP\MIPSDK\tst\VideoOS.Platform.SDK.UnitTests\bin\x64\Debug\net6.0-windows\VideoOS.Platform.SDK.UnitTests.dll" adapterTypeName="executor://mstestadapter/v2" className="VideoOS.Platform.SDKUnittest.EnvironmentServiceTest" name="RemoveServer_WithUriWhenSystemInfoListNotEmpty_NotSettingApploggedStateToFalse" />
    </UnitTest>
    <UnitTest name="Init_Success" storage="d:\actions-runner\_work\xpco\xpco\allsolutions\..\mip\mipsdk\tst\videoos.platform.sdk.unittests\bin\x64\debug\net6.0-windows\videoos.platform.sdk.unittests.dll" id="425d7606-d05b-43b7-5f3e-aef51500fc4a">
      <Execution id="d1bbf913-66c0-4eff-a1ae-82105640b8db" />
      <TestMethod codeBase="D:\actions-runner\_work\XPCO\XPCO\AllSolutions\..\MIP\MIPSDK\tst\VideoOS.Platform.SDK.UnitTests\bin\x64\Debug\net6.0-windows\VideoOS.Platform.SDK.UnitTests.dll" adapterTypeName="executor://mstestadapter/v2" className="VideoOS.Platform.SDKUnittest.EnvironmentServiceTest" name="Init_Success" />
    </UnitTest>
    <UnitTest name="CheckBaseTime1970FromString" storage="d:\actions-runner\_work\xpco\xpco\allsolutions\..\mip\mipsdk\tst\videoos.platform.sdk.unittests\bin\x64\debug\net6.0-windows\videoos.platform.sdk.unittests.dll" id="dd88292e-70c4-42bd-a16e-4296bf8609a3">
      <Execution id="b7a2e204-1304-4887-bca0-4d56622c3901" />
      <TestMethod codeBase="D:\actions-runner\_work\XPCO\XPCO\AllSolutions\..\MIP\MIPSDK\tst\VideoOS.Platform.SDK.UnitTests\bin\x64\Debug\net6.0-windows\VideoOS.Platform.SDK.UnitTests.dll" adapterTypeName="executor://mstestadapter/v2" className="VideoOS.Platform.SDKUnittest.FeatureTests.TimeConverterTests" name="CheckBaseTime1970FromString" />
    </UnitTest>
    <UnitTest name="Given_Connected_When_AddSubscriptionSuccesful_Then_ASubscriptionIdIsReturned" storage="d:\actions-runner\_work\xpco\xpco\allsolutions\..\mip\mipsdk\tst\videoos.platform.sdk.unittests\bin\x64\debug\net6.0-windows\videoos.platform.sdk.unittests.dll" id="0d04ce70-8f8e-5be6-d205-e559df63652c">
      <Execution id="8d2204a0-8485-4156-b5af-39a37d603e49" />
      <TestMethod codeBase="D:\actions-runner\_work\XPCO\XPCO\AllSolutions\..\MIP\MIPSDK\tst\VideoOS.Platform.SDK.UnitTests\bin\x64\Debug\net6.0-windows\VideoOS.Platform.SDK.UnitTests.dll" adapterTypeName="executor://mstestadapter/v2" className="VideoOS.Platform.SDKUnittest.EventsAndState.EventsAndStateClientTest" name="Given_Connected_When_AddSubscriptionSuccesful_Then_ASubscriptionIdIsReturned" />
    </UnitTest>
    <UnitTest name="Given_Connected_When_CreateSessionTimesOut_Then_AnExceptionIsThrown" storage="d:\actions-runner\_work\xpco\xpco\allsolutions\..\mip\mipsdk\tst\videoos.platform.sdk.unittests\bin\x64\debug\net6.0-windows\videoos.platform.sdk.unittests.dll" id="346fbfa0-3649-8251-d8d1-a07b030b1578">
      <Execution id="3577c8ab-58c1-417a-8f91-d50093e15619" />
      <TestMethod codeBase="D:\actions-runner\_work\XPCO\XPCO\AllSolutions\..\MIP\MIPSDK\tst\VideoOS.Platform.SDK.UnitTests\bin\x64\Debug\net6.0-windows\VideoOS.Platform.SDK.UnitTests.dll" adapterTypeName="executor://mstestadapter/v2" className="VideoOS.Platform.SDKUnittest.EventsAndState.EventsAndStateClientTest" name="Given_Connected_When_CreateSessionTimesOut_Then_AnExceptionIsThrown" />
    </UnitTest>
    <UnitTest name="MergeCredentialCache_WhenBasicAuth_Merges" storage="d:\actions-runner\_work\xpco\xpco\allsolutions\..\mip\mipsdk\tst\videoos.platform.sdk.unittests\bin\x64\debug\net6.0-windows\videoos.platform.sdk.unittests.dll" id="a8963d66-96b1-b26d-9572-0832732d3cea">
      <Execution id="48b6fd50-ada9-4c24-87b6-306d1adc6908" />
      <TestMethod codeBase="D:\actions-runner\_work\XPCO\XPCO\AllSolutions\..\MIP\MIPSDK\tst\VideoOS.Platform.SDK.UnitTests\bin\x64\Debug\net6.0-windows\VideoOS.Platform.SDK.UnitTests.dll" adapterTypeName="executor://mstestadapter/v2" className="VideoOS.Platform.SDKUnittest.PlatformTests.CredentialCacheServiceTest" name="MergeCredentialCache_WhenBasicAuth_Merges" />
    </UnitTest>
    <UnitTest name="XpcoMultiUserLoginSuccess" storage="d:\actions-runner\_work\xpco\xpco\allsolutions\..\mip\mipsdk\tst\videoos.platform.sdk.unittests\bin\x64\debug\net6.0-windows\videoos.platform.sdk.unittests.dll" id="b0b9d0a0-9158-c0ad-cbda-c08da553577d">
      <Execution id="bfb98664-3ec4-4782-93eb-1c2ca360d08e" />
      <TestMethod codeBase="D:\actions-runner\_work\XPCO\XPCO\AllSolutions\..\MIP\MIPSDK\tst\VideoOS.Platform.SDK.UnitTests\bin\x64\Debug\net6.0-windows\VideoOS.Platform.SDK.UnitTests.dll" adapterTypeName="executor://mstestadapter/v2" className="VideoOS.Platform.SDKUnittest.EnvironmentTests.MultiUserEnvironmentTests" name="XpcoMultiUserLoginSuccess" />
    </UnitTest>
    <UnitTest name="LoginWithRegistration_Success" storage="d:\actions-runner\_work\xpco\xpco\allsolutions\..\mip\mipsdk\tst\videoos.platform.sdk.unittests\bin\x64\debug\net6.0-windows\videoos.platform.sdk.unittests.dll" id="23cb9265-dcc3-9671-caf3-1996fff5aba1">
      <Execution id="94e50c4c-c9a7-4c00-89f6-02467f30f1dd" />
      <TestMethod codeBase="D:\actions-runner\_work\XPCO\XPCO\AllSolutions\..\MIP\MIPSDK\tst\VideoOS.Platform.SDK.UnitTests\bin\x64\Debug\net6.0-windows\VideoOS.Platform.SDK.UnitTests.dll" adapterTypeName="executor://mstestadapter/v2" className="VideoOS.Platform.SDKUnittest.EnvironmentServiceTest" name="LoginWithRegistration_Success" />
    </UnitTest>
    <UnitTest name="Given_Nothing_When_ReceivingACommandResponse_Then_ItIsDispatchedToTheCommandHandler" storage="d:\actions-runner\_work\xpco\xpco\allsolutions\..\mip\mipsdk\tst\videoos.platform.sdk.unittests\bin\x64\debug\net6.0-windows\videoos.platform.sdk.unittests.dll" id="8cf85ff1-edc7-caee-ed6c-a1ccfa277329">
      <Execution id="dbc68fd4-d211-4a05-a04f-f7f12e0e94ce" />
      <TestMethod codeBase="D:\actions-runner\_work\XPCO\XPCO\AllSolutions\..\MIP\MIPSDK\tst\VideoOS.Platform.SDK.UnitTests\bin\x64\Debug\net6.0-windows\VideoOS.Platform.SDK.UnitTests.dll" adapterTypeName="executor://mstestadapter/v2" className="VideoOS.Platform.SDKUnittest.EventsAndState.MessageDispatcherTest" name="Given_Nothing_When_ReceivingACommandResponse_Then_ItIsDispatchedToTheCommandHandler" />
    </UnitTest>
    <UnitTest name="XpcoMultiUserLoginSingleServer" storage="d:\actions-runner\_work\xpco\xpco\allsolutions\..\mip\mipsdk\tst\videoos.platform.sdk.unittests\bin\x64\debug\net6.0-windows\videoos.platform.sdk.unittests.dll" id="24f8123c-e826-303b-a65a-9364447f6890">
      <Execution id="41110a4a-9420-4450-ac15-76ae5299adcc" />
      <TestMethod codeBase="D:\actions-runner\_work\XPCO\XPCO\AllSolutions\..\MIP\MIPSDK\tst\VideoOS.Platform.SDK.UnitTests\bin\x64\Debug\net6.0-windows\VideoOS.Platform.SDK.UnitTests.dll" adapterTypeName="executor://mstestadapter/v2" className="VideoOS.Platform.SDKUnittest.EnvironmentTests.MultiUserEnvironmentTests" name="XpcoMultiUserLoginSingleServer" />
    </UnitTest>
    <UnitTest name="Givent_MessageContainingEventWithData_When_CallingGetDataOfInCorrectType_Then_APartialOrEmptyObjectIsReturned2" storage="d:\actions-runner\_work\xpco\xpco\allsolutions\..\mip\mipsdk\tst\videoos.platform.sdk.unittests\bin\x64\debug\net6.0-windows\videoos.platform.sdk.unittests.dll" id="17db813c-1206-cc8b-2aec-429272188567">
      <Execution id="e73b5e9f-01eb-466a-b4b3-6fe744ba9a66" />
      <TestMethod codeBase="D:\actions-runner\_work\XPCO\XPCO\AllSolutions\..\MIP\MIPSDK\tst\VideoOS.Platform.SDK.UnitTests\bin\x64\Debug\net6.0-windows\VideoOS.Platform.SDK.UnitTests.dll" adapterTypeName="executor://mstestadapter/v2" className="VideoOS.Platform.SDKUnittest.EventsAndState.SerializationTests" name="Givent_MessageContainingEventWithData_When_CallingGetDataOfInCorrectType_Then_APartialOrEmptyObjectIsReturned2" />
    </UnitTest>
    <UnitTest name="CreateSession_ShouldStartSession_AndDispose_ShouldStopSession" storage="d:\actions-runner\_work\xpco\xpco\allsolutions\..\mip\mipsdk\tst\videoos.platform.sdk.unittests\bin\x64\debug\net6.0-windows\videoos.platform.sdk.unittests.dll" id="12830b4f-7828-9fc9-0289-1b8030e1633a">
      <Execution id="18cc182b-be5d-4656-8778-d5a60df50a9d" />
      <TestMethod codeBase="D:\actions-runner\_work\XPCO\XPCO\AllSolutions\..\MIP\MIPSDK\tst\VideoOS.Platform.SDK.UnitTests\bin\x64\Debug\net6.0-windows\VideoOS.Platform.SDK.UnitTests.dll" adapterTypeName="executor://mstestadapter/v2" className="VideoOS.Platform.SDKUnittest.EventsAndState.EventsAndStateSessionTest" name="CreateSession_ShouldStartSession_AndDispose_ShouldStopSession" />
    </UnitTest>
    <UnitTest name="XpcoMultiUserLoginTwoServersBasic" storage="d:\actions-runner\_work\xpco\xpco\allsolutions\..\mip\mipsdk\tst\videoos.platform.sdk.unittests\bin\x64\debug\net6.0-windows\videoos.platform.sdk.unittests.dll" id="4c636ed3-7a97-56f4-5f09-90e82a59bb70">
      <Execution id="dfc312a6-8a20-4d72-974e-8d6d8582c4a9" />
      <TestMethod codeBase="D:\actions-runner\_work\XPCO\XPCO\AllSolutions\..\MIP\MIPSDK\tst\VideoOS.Platform.SDK.UnitTests\bin\x64\Debug\net6.0-windows\VideoOS.Platform.SDK.UnitTests.dll" adapterTypeName="executor://mstestadapter/v2" className="VideoOS.Platform.SDKUnittest.EnvironmentTests.MultiUserEnvironmentTests" name="XpcoMultiUserLoginTwoServersBasic" />
    </UnitTest>
    <UnitTest name="StopRecording_ShouldDoNothing_WhenRecordingIsAlreadyStopped" storage="d:\actions-runner\_work\xpco\xpco\allsolutions\..\mip\mipsdk\tst\videoos.platform.sdk.unittests\bin\x64\debug\net6.0-windows\videoos.platform.sdk.unittests.dll" id="0692d415-cb51-e036-3177-b14298f4c3a2">
      <TestCategory>
        <TestCategoryItem TestCategory="AudioRecorder" />
      </TestCategory>
      <Execution id="f1fd6909-c26f-448b-8fa1-efb814fe4baf" />
      <TestMethod codeBase="D:\actions-runner\_work\XPCO\XPCO\AllSolutions\..\MIP\MIPSDK\tst\VideoOS.Platform.SDK.UnitTests\bin\x64\Debug\net6.0-windows\VideoOS.Platform.SDK.UnitTests.dll" adapterTypeName="executor://mstestadapter/v2" className="VideoOS.Platform.SDKUnittest.Audio.AudioRecorderTests" name="StopRecording_ShouldDoNothing_WhenRecordingIsAlreadyStopped" />
    </UnitTest>
    <UnitTest name="Logout_Success" storage="d:\actions-runner\_work\xpco\xpco\allsolutions\..\mip\mipsdk\tst\videoos.platform.sdk.unittests\bin\x64\debug\net6.0-windows\videoos.platform.sdk.unittests.dll" id="f9063bff-e7ba-c028-46f9-189d14a707c0">
      <Execution id="03a54b9f-2a41-484f-aef7-0d80783b68ac" />
      <TestMethod codeBase="D:\actions-runner\_work\XPCO\XPCO\AllSolutions\..\MIP\MIPSDK\tst\VideoOS.Platform.SDK.UnitTests\bin\x64\Debug\net6.0-windows\VideoOS.Platform.SDK.UnitTests.dll" adapterTypeName="executor://mstestadapter/v2" className="VideoOS.Platform.SDKUnittest.EnvironmentServiceTest" name="Logout_Success" />
    </UnitTest>
    <UnitTest name="MergeCredentialCache_WhenException_Logs" storage="d:\actions-runner\_work\xpco\xpco\allsolutions\..\mip\mipsdk\tst\videoos.platform.sdk.unittests\bin\x64\debug\net6.0-windows\videoos.platform.sdk.unittests.dll" id="892ffa70-f349-35d4-9ae8-df9e08b6a0a5">
      <Execution id="7fd6313a-c59a-4d5d-8823-f77be1eb3275" />
      <TestMethod codeBase="D:\actions-runner\_work\XPCO\XPCO\AllSolutions\..\MIP\MIPSDK\tst\VideoOS.Platform.SDK.UnitTests\bin\x64\Debug\net6.0-windows\VideoOS.Platform.SDK.UnitTests.dll" adapterTypeName="executor://mstestadapter/v2" className="VideoOS.Platform.SDKUnittest.PlatformTests.CredentialCacheServiceTest" name="MergeCredentialCache_WhenException_Logs" />
    </UnitTest>
    <UnitTest name="Given_Nothing_When_SendingTheSessionThroughAllStates_Then_ConnectionStatesAreSendAndPropertyUpdated2" storage="d:\actions-runner\_work\xpco\xpco\allsolutions\..\mip\mipsdk\tst\videoos.platform.sdk.unittests\bin\x64\debug\net6.0-windows\videoos.platform.sdk.unittests.dll" id="27438331-c0fe-4d15-65b5-fb3f4b12375a">
      <Execution id="1eccd76c-8d9f-4718-838e-48c349baca32" />
      <TestMethod codeBase="D:\actions-runner\_work\XPCO\XPCO\AllSolutions\..\MIP\MIPSDK\tst\VideoOS.Platform.SDK.UnitTests\bin\x64\Debug\net6.0-windows\VideoOS.Platform.SDK.UnitTests.dll" adapterTypeName="executor://mstestadapter/v2" className="VideoOS.Platform.SDKUnittest.EventsAndState.EventsAndStateSessionTest" name="Given_Nothing_When_SendingTheSessionThroughAllStates_Then_ConnectionStatesAreSendAndPropertyUpdated2" />
    </UnitTest>
    <UnitTest name="StopRecording_ShouldStopRecording_WhenRecordingIsStarted" storage="d:\actions-runner\_work\xpco\xpco\allsolutions\..\mip\mipsdk\tst\videoos.platform.sdk.unittests\bin\x64\debug\net6.0-windows\videoos.platform.sdk.unittests.dll" id="2bc0ce96-c350-d094-ddf7-a0dcbcc01a25">
      <TestCategory>
        <TestCategoryItem TestCategory="AudioRecorder" />
      </TestCategory>
      <Execution id="0ac400c8-c1aa-41ec-9226-0065f71dd835" />
      <TestMethod codeBase="D:\actions-runner\_work\XPCO\XPCO\AllSolutions\..\MIP\MIPSDK\tst\VideoOS.Platform.SDK.UnitTests\bin\x64\Debug\net6.0-windows\VideoOS.Platform.SDK.UnitTests.dll" adapterTypeName="executor://mstestadapter/v2" className="VideoOS.Platform.SDKUnittest.Audio.AudioRecorderTests" name="StopRecording_ShouldStopRecording_WhenRecordingIsStarted" />
    </UnitTest>
    <UnitTest name="XpcoLoginAndGetConfguration" storage="d:\actions-runner\_work\xpco\xpco\allsolutions\..\mip\mipsdk\tst\videoos.platform.sdk.unittests\bin\x64\debug\net6.0-windows\videoos.platform.sdk.unittests.dll" id="578ff933-7ee9-6ffc-c871-a9d0960055b8">
      <Execution id="3eb5a78e-8826-4a5b-88ba-9478689c38d8" />
      <TestMethod codeBase="D:\actions-runner\_work\XPCO\XPCO\AllSolutions\..\MIP\MIPSDK\tst\VideoOS.Platform.SDK.UnitTests\bin\x64\Debug\net6.0-windows\VideoOS.Platform.SDK.UnitTests.dll" adapterTypeName="executor://mstestadapter/v2" className="VideoOS.Platform.SDKUnittest.Configuration.XpcoConfigurationTest" name="XpcoLoginAndGetConfguration" />
    </UnitTest>
    <UnitTest name="IgnoreCaseCompareOk" storage="d:\actions-runner\_work\xpco\xpco\allsolutions\..\mip\mipsdk\tst\videoos.platform.sdk.unittests\bin\x64\debug\net6.0-windows\videoos.platform.sdk.unittests.dll" id="3795da59-268b-cf4c-19da-1cfedc7c684a">
      <Execution id="49e452d8-85c6-4fa2-80f2-948445976a87" />
      <TestMethod codeBase="D:\actions-runner\_work\XPCO\XPCO\AllSolutions\..\MIP\MIPSDK\tst\VideoOS.Platform.SDK.UnitTests\bin\x64\Debug\net6.0-windows\VideoOS.Platform.SDK.UnitTests.dll" adapterTypeName="executor://mstestadapter/v2" className="VideoOS.Platform.SDKUnittest.FeatureTests.UriUtilTest" name="IgnoreCaseCompareOk" />
    </UnitTest>
    <UnitTest name="StripXmlHeader_WhenNull_ReturnsNull" storage="d:\actions-runner\_work\xpco\xpco\allsolutions\..\mip\mipsdk\tst\videoos.platform.sdk.unittests\bin\x64\debug\net6.0-windows\videoos.platform.sdk.unittests.dll" id="0793f3e7-1a84-232a-72f7-77f9de3f59e4">
      <Execution id="398060e9-2179-4438-ba29-bf4aee29af20" />
      <TestMethod codeBase="D:\actions-runner\_work\XPCO\XPCO\AllSolutions\..\MIP\MIPSDK\tst\VideoOS.Platform.SDK.UnitTests\bin\x64\Debug\net6.0-windows\VideoOS.Platform.SDK.UnitTests.dll" adapterTypeName="executor://mstestadapter/v2" className="VideoOS.Platform.SDKUnittest.Util.ConfigUtilTest" name="StripXmlHeader_WhenNull_ReturnsNull" />
    </UnitTest>
    <UnitTest name="StartRecording_ShouldStartRecording_WhenRecordingIsStopped" storage="d:\actions-runner\_work\xpco\xpco\allsolutions\..\mip\mipsdk\tst\videoos.platform.sdk.unittests\bin\x64\debug\net6.0-windows\videoos.platform.sdk.unittests.dll" id="00962e3e-83d9-46ce-082c-5ce3071a9a13">
      <TestCategory>
        <TestCategoryItem TestCategory="AudioRecorder" />
      </TestCategory>
      <Execution id="902bb044-b6ca-4311-b269-627e0595a4f5" />
      <TestMethod codeBase="D:\actions-runner\_work\XPCO\XPCO\AllSolutions\..\MIP\MIPSDK\tst\VideoOS.Platform.SDK.UnitTests\bin\x64\Debug\net6.0-windows\VideoOS.Platform.SDK.UnitTests.dll" adapterTypeName="executor://mstestadapter/v2" className="VideoOS.Platform.SDKUnittest.Audio.AudioRecorderTests" name="StartRecording_ShouldStartRecording_WhenRecordingIsStopped" />
    </UnitTest>
    <UnitTest name="AddServer_WithLoginSettings_MasterOnlyTrue_CorrectlyPassed" storage="d:\actions-runner\_work\xpco\xpco\allsolutions\..\mip\mipsdk\tst\videoos.platform.sdk.unittests\bin\x64\debug\net6.0-windows\videoos.platform.sdk.unittests.dll" id="f4f1f3cd-b04f-c623-3d30-8c01b6f83066">
      <Execution id="c0ef2a46-5145-4ac6-9454-cf2f7f4d1b43" />
      <TestMethod codeBase="D:\actions-runner\_work\XPCO\XPCO\AllSolutions\..\MIP\MIPSDK\tst\VideoOS.Platform.SDK.UnitTests\bin\x64\Debug\net6.0-windows\VideoOS.Platform.SDK.UnitTests.dll" adapterTypeName="executor://mstestadapter/v2" className="VideoOS.Platform.SDKUnittest.EnvironmentServiceTest" name="AddServer_WithLoginSettings_MasterOnlyTrue_CorrectlyPassed" />
    </UnitTest>
    <UnitTest name="Unitialize_ShouldResetInstances" storage="d:\actions-runner\_work\xpco\xpco\allsolutions\..\mip\mipsdk\tst\videoos.platform.sdk.unittests\bin\x64\debug\net6.0-windows\videoos.platform.sdk.unittests.dll" id="10274018-72a2-7e54-f67f-3e3dab8a3913">
      <Execution id="913e3e88-c281-4381-b8c4-c971598a2e29" />
      <TestMethod codeBase="D:\actions-runner\_work\XPCO\XPCO\AllSolutions\..\MIP\MIPSDK\tst\VideoOS.Platform.SDK.UnitTests\bin\x64\Debug\net6.0-windows\VideoOS.Platform.SDK.UnitTests.dll" adapterTypeName="executor://mstestadapter/v2" className="VideoOS.Platform.SDKUnittest.EnvironmentTest" name="Unitialize_ShouldResetInstances" />
    </UnitTest>
    <UnitTest name="XpcoSiteInfoUriWithType" storage="d:\actions-runner\_work\xpco\xpco\allsolutions\..\mip\mipsdk\tst\videoos.platform.sdk.unittests\bin\x64\debug\net6.0-windows\videoos.platform.sdk.unittests.dll" id="56cbaa9d-4f02-3ab9-a0f7-ef1ee9ad216c">
      <Execution id="758e8264-d353-48a5-bcc4-2adbec1ddca1" />
      <TestMethod codeBase="D:\actions-runner\_work\XPCO\XPCO\AllSolutions\..\MIP\MIPSDK\tst\VideoOS.Platform.SDK.UnitTests\bin\x64\Debug\net6.0-windows\VideoOS.Platform.SDK.UnitTests.dll" adapterTypeName="executor://mstestadapter/v2" className="VideoOS.Platform.SDKUnittest.EnvironmentTests.MultiUserEnvironmentTests" name="XpcoSiteInfoUriWithType" />
    </UnitTest>
    <UnitTest name="Initialize_ShouldSetUserContextConfiguration" storage="d:\actions-runner\_work\xpco\xpco\allsolutions\..\mip\mipsdk\tst\videoos.platform.sdk.unittests\bin\x64\debug\net6.0-windows\videoos.platform.sdk.unittests.dll" id="a4c6d443-fa01-dcc3-6d3b-7e396f5ee185">
      <Execution id="fc69e19d-a125-4752-9632-54a7b4701fe1" />
      <TestMethod codeBase="D:\actions-runner\_work\XPCO\XPCO\AllSolutions\..\MIP\MIPSDK\tst\VideoOS.Platform.SDK.UnitTests\bin\x64\Debug\net6.0-windows\VideoOS.Platform.SDK.UnitTests.dll" adapterTypeName="executor://mstestadapter/v2" className="VideoOS.Platform.SDKUnittest.EnvironmentTest" name="Initialize_ShouldSetUserContextConfiguration" />
    </UnitTest>
    <UnitTest name="XpcoGroupCheck" storage="d:\actions-runner\_work\xpco\xpco\allsolutions\..\mip\mipsdk\tst\videoos.platform.sdk.unittests\bin\x64\debug\net6.0-windows\videoos.platform.sdk.unittests.dll" id="6afb3563-c986-73d9-429e-d345f8912c2c">
      <Execution id="9bad799a-9994-447b-bc17-1a3843a5c430" />
      <TestMethod codeBase="D:\actions-runner\_work\XPCO\XPCO\AllSolutions\..\MIP\MIPSDK\tst\VideoOS.Platform.SDK.UnitTests\bin\x64\Debug\net6.0-windows\VideoOS.Platform.SDK.UnitTests.dll" adapterTypeName="executor://mstestadapter/v2" className="VideoOS.Platform.SDKUnittest.Configuration.XpcoConfigurationTest" name="XpcoGroupCheck" />
    </UnitTest>
    <UnitTest name="Login_Success" storage="d:\actions-runner\_work\xpco\xpco\allsolutions\..\mip\mipsdk\tst\videoos.platform.sdk.unittests\bin\x64\debug\net6.0-windows\videoos.platform.sdk.unittests.dll" id="9303c8a3-4457-dd53-a1ee-73373e6854b4">
      <Execution id="c9579802-cf0e-4ca9-bd15-f5754f0230c1" />
      <TestMethod codeBase="D:\actions-runner\_work\XPCO\XPCO\AllSolutions\..\MIP\MIPSDK\tst\VideoOS.Platform.SDK.UnitTests\bin\x64\Debug\net6.0-windows\VideoOS.Platform.SDK.UnitTests.dll" adapterTypeName="executor://mstestadapter/v2" className="VideoOS.Platform.SDKUnittest.EnvironmentServiceTest" name="Login_Success" />
    </UnitTest>
    <UnitTest name="CompareFail" storage="d:\actions-runner\_work\xpco\xpco\allsolutions\..\mip\mipsdk\tst\videoos.platform.sdk.unittests\bin\x64\debug\net6.0-windows\videoos.platform.sdk.unittests.dll" id="96c1c139-ef84-2793-7b75-ec53f5430e80">
      <Execution id="4089081c-4dd8-4353-a7ce-031e94eb5ed5" />
      <TestMethod codeBase="D:\actions-runner\_work\XPCO\XPCO\AllSolutions\..\MIP\MIPSDK\tst\VideoOS.Platform.SDK.UnitTests\bin\x64\Debug\net6.0-windows\VideoOS.Platform.SDK.UnitTests.dll" adapterTypeName="executor://mstestadapter/v2" className="VideoOS.Platform.SDKUnittest.FeatureTests.UriUtilTest" name="CompareFail" />
    </UnitTest>
    <UnitTest name="Contains_Correct" storage="d:\actions-runner\_work\xpco\xpco\allsolutions\..\mip\mipsdk\tst\videoos.platform.sdk.unittests\bin\x64\debug\net6.0-windows\videoos.platform.sdk.unittests.dll" id="3ef0c418-2089-c3e6-4e94-e0341e36e810">
      <Execution id="9b534b1a-b7a5-4a8a-8ef8-dd6d34b05b8e" />
      <TestMethod codeBase="D:\actions-runner\_work\XPCO\XPCO\AllSolutions\..\MIP\MIPSDK\tst\VideoOS.Platform.SDK.UnitTests\bin\x64\Debug\net6.0-windows\VideoOS.Platform.SDK.UnitTests.dll" adapterTypeName="executor://mstestadapter/v2" className="VideoOS.Platform.SDKUnittest.Facades.LoginSettingsCacheFacadeTest" name="Contains_Correct" />
    </UnitTest>
    <UnitTest name="TestSubscription" storage="d:\actions-runner\_work\xpco\xpco\allsolutions\..\mip\mipsdk\tst\videoos.platform.sdk.unittests\bin\x64\debug\net6.0-windows\videoos.platform.sdk.unittests.dll" id="da1dce8b-3a10-e5c9-618b-cbfea5058c69">
      <Execution id="515f201c-236c-4074-8506-1629b0b0dc48" />
      <TestMethod codeBase="D:\actions-runner\_work\XPCO\XPCO\AllSolutions\..\MIP\MIPSDK\tst\VideoOS.Platform.SDK.UnitTests\bin\x64\Debug\net6.0-windows\VideoOS.Platform.SDK.UnitTests.dll" adapterTypeName="executor://mstestadapter/v2" className="VideoOS.Platform.SDKUnittest.EventsAndState.SerializationTests" name="TestSubscription" />
    </UnitTest>
    <UnitTest name="TryCreateParentUri_WhenNoUrlKeyPresent_ReturnsNull" storage="d:\actions-runner\_work\xpco\xpco\allsolutions\..\mip\mipsdk\tst\videoos.platform.sdk.unittests\bin\x64\debug\net6.0-windows\videoos.platform.sdk.unittests.dll" id="d0433bb2-5994-e95a-66cb-00cffc215684">
      <Execution id="6d6f9655-51ce-4ec5-b160-50c3e3b9cb2a" />
      <TestMethod codeBase="D:\actions-runner\_work\XPCO\XPCO\AllSolutions\..\MIP\MIPSDK\tst\VideoOS.Platform.SDK.UnitTests\bin\x64\Debug\net6.0-windows\VideoOS.Platform.SDK.UnitTests.dll" adapterTypeName="executor://mstestadapter/v2" className="VideoOS.Platform.SDKUnittest.PlatformTests.CredentialCacheServiceTest" name="TryCreateParentUri_WhenNoUrlKeyPresent_ReturnsNull" />
    </UnitTest>
    <UnitTest name="StartRecording_ShouldDoNothing_WhenRecordingIsAlreadyStarted" storage="d:\actions-runner\_work\xpco\xpco\allsolutions\..\mip\mipsdk\tst\videoos.platform.sdk.unittests\bin\x64\debug\net6.0-windows\videoos.platform.sdk.unittests.dll" id="00438590-3f13-5776-381f-1df4bd82c07f">
      <TestCategory>
        <TestCategoryItem TestCategory="AudioRecorder" />
      </TestCategory>
      <Execution id="add30071-9635-41b5-96e5-bc6bab9f28ac" />
      <TestMethod codeBase="D:\actions-runner\_work\XPCO\XPCO\AllSolutions\..\MIP\MIPSDK\tst\VideoOS.Platform.SDK.UnitTests\bin\x64\Debug\net6.0-windows\VideoOS.Platform.SDK.UnitTests.dll" adapterTypeName="executor://mstestadapter/v2" className="VideoOS.Platform.SDKUnittest.Audio.AudioRecorderTests" name="StartRecording_ShouldDoNothing_WhenRecordingIsAlreadyStarted" />
    </UnitTest>
    <UnitTest name="XpcoAddServerViaSiteItem" storage="d:\actions-runner\_work\xpco\xpco\allsolutions\..\mip\mipsdk\tst\videoos.platform.sdk.unittests\bin\x64\debug\net6.0-windows\videoos.platform.sdk.unittests.dll" id="a251cec6-75d2-c3ac-bfd1-10289d5753e0">
      <Execution id="0a2dda50-d557-4235-8b89-7591370a9f1b" />
      <TestMethod codeBase="D:\actions-runner\_work\XPCO\XPCO\AllSolutions\..\MIP\MIPSDK\tst\VideoOS.Platform.SDK.UnitTests\bin\x64\Debug\net6.0-windows\VideoOS.Platform.SDK.UnitTests.dll" adapterTypeName="executor://mstestadapter/v2" className="VideoOS.Platform.SDKUnittest.Configuration.XpcoConfigurationTest" name="XpcoAddServerViaSiteItem" />
    </UnitTest>
    <UnitTest name="XpcoNotLoggedinDueToInvalidUri" storage="d:\actions-runner\_work\xpco\xpco\allsolutions\..\mip\mipsdk\tst\videoos.platform.sdk.unittests\bin\x64\debug\net6.0-windows\videoos.platform.sdk.unittests.dll" id="2f9fe530-9f9a-4708-4a26-7c6564c4fadd">
      <Execution id="b956659b-552b-41b7-8054-b08337460baa" />
      <TestMethod codeBase="D:\actions-runner\_work\XPCO\XPCO\AllSolutions\..\MIP\MIPSDK\tst\VideoOS.Platform.SDK.UnitTests\bin\x64\Debug\net6.0-windows\VideoOS.Platform.SDK.UnitTests.dll" adapterTypeName="executor://mstestadapter/v2" className="VideoOS.Platform.SDKUnittest.Configuration.XpcoConfigurationTest" name="XpcoNotLoggedinDueToInvalidUri" />
    </UnitTest>
    <UnitTest name="TryCreateParentUri_WhenBasicAuthHasCredential_ReturnsUrl" storage="d:\actions-runner\_work\xpco\xpco\allsolutions\..\mip\mipsdk\tst\videoos.platform.sdk.unittests\bin\x64\debug\net6.0-windows\videoos.platform.sdk.unittests.dll" id="e02a3aff-4b0e-8be7-4f14-51de7ab4670f">
      <Execution id="9ff01caa-3fd7-4704-923b-01ecd659ae74" />
      <TestMethod codeBase="D:\actions-runner\_work\XPCO\XPCO\AllSolutions\..\MIP\MIPSDK\tst\VideoOS.Platform.SDK.UnitTests\bin\x64\Debug\net6.0-windows\VideoOS.Platform.SDK.UnitTests.dll" adapterTypeName="executor://mstestadapter/v2" className="VideoOS.Platform.SDKUnittest.PlatformTests.CredentialCacheServiceTest" name="TryCreateParentUri_WhenBasicAuthHasCredential_ReturnsUrl" />
    </UnitTest>
    <UnitTest name="XpcoLoadSiteItemWithServerAdded" storage="d:\actions-runner\_work\xpco\xpco\allsolutions\..\mip\mipsdk\tst\videoos.platform.sdk.unittests\bin\x64\debug\net6.0-windows\videoos.platform.sdk.unittests.dll" id="6d93dbe9-2cce-d9d5-7c9f-910853d500ab">
      <Execution id="b432b1d6-c730-43f1-955d-bd8a9d5e163f" />
      <TestMethod codeBase="D:\actions-runner\_work\XPCO\XPCO\AllSolutions\..\MIP\MIPSDK\tst\VideoOS.Platform.SDK.UnitTests\bin\x64\Debug\net6.0-windows\VideoOS.Platform.SDK.UnitTests.dll" adapterTypeName="executor://mstestadapter/v2" className="VideoOS.Platform.SDKUnittest.Configuration.XpcoConfigurationTest" name="XpcoLoadSiteItemWithServerAdded" />
    </UnitTest>
    <UnitTest name="Regression_AfterUnInitialize_InstancesNotSame" storage="d:\actions-runner\_work\xpco\xpco\allsolutions\..\mip\mipsdk\tst\videoos.platform.sdk.unittests\bin\x64\debug\net6.0-windows\videoos.platform.sdk.unittests.dll" id="e7650ef8-614d-7abe-3813-4e9e0ee43d28">
      <Execution id="6d5edf2f-bc11-4755-80c6-4f8343614f1a" />
      <TestMethod codeBase="D:\actions-runner\_work\XPCO\XPCO\AllSolutions\..\MIP\MIPSDK\tst\VideoOS.Platform.SDK.UnitTests\bin\x64\Debug\net6.0-windows\VideoOS.Platform.SDK.UnitTests.dll" adapterTypeName="executor://mstestadapter/v2" className="VideoOS.Platform.SDKUnittest.EnvironmentTest" name="Regression_AfterUnInitialize_InstancesNotSame" />
    </UnitTest>
    <UnitTest name="VerifyServerFoundThroughOriginalUri_throughLoginSettings" storage="d:\actions-runner\_work\xpco\xpco\allsolutions\..\mip\mipsdk\tst\videoos.platform.sdk.unittests\bin\x64\debug\net6.0-windows\videoos.platform.sdk.unittests.dll" id="8dfedf8d-5ced-b051-67b1-f21d8190aa73">
      <Execution id="543ae619-6df5-45ae-83af-de57335d5e7e" />
      <TestMethod codeBase="D:\actions-runner\_work\XPCO\XPCO\AllSolutions\..\MIP\MIPSDK\tst\VideoOS.Platform.SDK.UnitTests\bin\x64\Debug\net6.0-windows\VideoOS.Platform.SDK.UnitTests.dll" adapterTypeName="executor://mstestadapter/v2" className="VideoOS.Platform.SDKUnittest.Util.ServerTypeCacheTest" name="VerifyServerFoundThroughOriginalUri_throughLoginSettings" />
    </UnitTest>
    <UnitTest name="CheckInvalidFromString" storage="d:\actions-runner\_work\xpco\xpco\allsolutions\..\mip\mipsdk\tst\videoos.platform.sdk.unittests\bin\x64\debug\net6.0-windows\videoos.platform.sdk.unittests.dll" id="c7a3417f-3205-4b9e-be6a-d435c0a3e965">
      <Execution id="e401d010-787b-4dc4-9ff6-c434e8f4abce" />
      <TestMethod codeBase="D:\actions-runner\_work\XPCO\XPCO\AllSolutions\..\MIP\MIPSDK\tst\VideoOS.Platform.SDK.UnitTests\bin\x64\Debug\net6.0-windows\VideoOS.Platform.SDK.UnitTests.dll" adapterTypeName="executor://mstestadapter/v2" className="VideoOS.Platform.SDKUnittest.FeatureTests.TimeConverterTests" name="CheckInvalidFromString" />
    </UnitTest>
    <UnitTest name="Initialize_ShouldSetInstancesFromContainer" storage="d:\actions-runner\_work\xpco\xpco\allsolutions\..\mip\mipsdk\tst\videoos.platform.sdk.unittests\bin\x64\debug\net6.0-windows\videoos.platform.sdk.unittests.dll" id="c99c839d-4d5b-c45c-4faf-632197d463b3">
      <Execution id="a24f0022-0487-4225-a64e-7a1160ede096" />
      <TestMethod codeBase="D:\actions-runner\_work\XPCO\XPCO\AllSolutions\..\MIP\MIPSDK\tst\VideoOS.Platform.SDK.UnitTests\bin\x64\Debug\net6.0-windows\VideoOS.Platform.SDK.UnitTests.dll" adapterTypeName="executor://mstestadapter/v2" className="VideoOS.Platform.SDKUnittest.EnvironmentTest" name="Initialize_ShouldSetInstancesFromContainer" />
    </UnitTest>
    <UnitTest name="Initialize_ShouldReturnTrue_WhenARecordingDeviceIsAvailable" storage="d:\actions-runner\_work\xpco\xpco\allsolutions\..\mip\mipsdk\tst\videoos.platform.sdk.unittests\bin\x64\debug\net6.0-windows\videoos.platform.sdk.unittests.dll" id="6906b320-58cc-fbbb-8560-616a393b863e">
      <TestCategory>
        <TestCategoryItem TestCategory="AudioRecorder" />
      </TestCategory>
      <Execution id="db7dd083-b607-4977-ae62-0a95ca8d6a25" />
      <TestMethod codeBase="D:\actions-runner\_work\XPCO\XPCO\AllSolutions\..\MIP\MIPSDK\tst\VideoOS.Platform.SDK.UnitTests\bin\x64\Debug\net6.0-windows\VideoOS.Platform.SDK.UnitTests.dll" adapterTypeName="executor://mstestadapter/v2" className="VideoOS.Platform.SDKUnittest.Audio.AudioRecorderTests" name="Initialize_ShouldReturnTrue_WhenARecordingDeviceIsAvailable" />
    </UnitTest>
    <UnitTest name="XpcoLoginAndGetConfguration" storage="d:\actions-runner\_work\xpco\xpco\allsolutions\..\mip\mipsdk\tst\videoos.platform.sdk.unittests\bin\x64\debug\net6.0-windows\videoos.platform.sdk.unittests.dll" id="c49e78b9-66ce-7f33-7d97-f70d020ce9e7">
      <Execution id="f70bdb0f-4b11-43a1-89b5-0889f9d2ae50" />
      <TestMethod codeBase="D:\actions-runner\_work\XPCO\XPCO\AllSolutions\..\MIP\MIPSDK\tst\VideoOS.Platform.SDK.UnitTests\bin\x64\Debug\net6.0-windows\VideoOS.Platform.SDK.UnitTests.dll" adapterTypeName="executor://mstestadapter/v2" className="VideoOS.Platform.SDKUnittest.EnvironmentTests.MessageTests" name="XpcoLoginAndGetConfguration" />
    </UnitTest>
    <UnitTest name="OAuthServerIsOffline" storage="d:\actions-runner\_work\xpco\xpco\allsolutions\..\mip\mipsdk\tst\videoos.platform.sdk.unittests\bin\x64\debug\net6.0-windows\videoos.platform.sdk.unittests.dll" id="f1181353-771a-42f2-9df1-c384eac48176">
      <Execution id="aef0df29-f17b-48da-8fa7-68394e08397d" />
      <TestMethod codeBase="D:\actions-runner\_work\XPCO\XPCO\AllSolutions\..\MIP\MIPSDK\tst\VideoOS.Platform.SDK.UnitTests\bin\x64\Debug\net6.0-windows\VideoOS.Platform.SDK.UnitTests.dll" adapterTypeName="executor://mstestadapter/v2" className="VideoOS.Platform.SDKUnittest.Server.ConnectTest" name="OAuthServerIsOffline" />
    </UnitTest>
    <UnitTest name="TryCreateParentUri_WhenSecondUrlKeyPresent_ReturnsIt" storage="d:\actions-runner\_work\xpco\xpco\allsolutions\..\mip\mipsdk\tst\videoos.platform.sdk.unittests\bin\x64\debug\net6.0-windows\videoos.platform.sdk.unittests.dll" id="c6c8e4f0-4405-665a-2542-a321d8677d46">
      <Execution id="f897825a-5f0f-44a4-8e0d-d68b6cdc7133" />
      <TestMethod codeBase="D:\actions-runner\_work\XPCO\XPCO\AllSolutions\..\MIP\MIPSDK\tst\VideoOS.Platform.SDK.UnitTests\bin\x64\Debug\net6.0-windows\VideoOS.Platform.SDK.UnitTests.dll" adapterTypeName="executor://mstestadapter/v2" className="VideoOS.Platform.SDKUnittest.PlatformTests.CredentialCacheServiceTest" name="TryCreateParentUri_WhenSecondUrlKeyPresent_ReturnsIt" />
    </UnitTest>
    <UnitTest name="Free_ShouldNotChangeRecordingStatus_WhenRecordingIsStopped" storage="d:\actions-runner\_work\xpco\xpco\allsolutions\..\mip\mipsdk\tst\videoos.platform.sdk.unittests\bin\x64\debug\net6.0-windows\videoos.platform.sdk.unittests.dll" id="b65005d3-1361-e0b7-9c4d-43d19b2fd72f">
      <TestCategory>
        <TestCategoryItem TestCategory="AudioRecorder" />
      </TestCategory>
      <Execution id="94818473-1a1d-4405-96c4-b3cb431ac047" />
      <TestMethod codeBase="D:\actions-runner\_work\XPCO\XPCO\AllSolutions\..\MIP\MIPSDK\tst\VideoOS.Platform.SDK.UnitTests\bin\x64\Debug\net6.0-windows\VideoOS.Platform.SDK.UnitTests.dll" adapterTypeName="executor://mstestadapter/v2" className="VideoOS.Platform.SDKUnittest.Audio.AudioRecorderTests" name="Free_ShouldNotChangeRecordingStatus_WhenRecordingIsStopped" />
    </UnitTest>
    <UnitTest name="OutgoingAudioWaveFormatSamplesPerSecond_ShouldBeSet_WhenValueIsAllowed" storage="d:\actions-runner\_work\xpco\xpco\allsolutions\..\mip\mipsdk\tst\videoos.platform.sdk.unittests\bin\x64\debug\net6.0-windows\videoos.platform.sdk.unittests.dll" id="ec1b8724-7d12-203f-4036-aea2a965aaa8">
      <TestCategory>
        <TestCategoryItem TestCategory="AudioRecorder" />
      </TestCategory>
      <Execution id="dabe1e44-9bc4-4f83-987a-2eed0d767faf" />
      <TestMethod codeBase="D:\actions-runner\_work\XPCO\XPCO\AllSolutions\..\MIP\MIPSDK\tst\VideoOS.Platform.SDK.UnitTests\bin\x64\Debug\net6.0-windows\VideoOS.Platform.SDK.UnitTests.dll" adapterTypeName="executor://mstestadapter/v2" className="VideoOS.Platform.SDKUnittest.Audio.AudioRecorderTests" name="OutgoingAudioWaveFormatSamplesPerSecond_ShouldBeSet_WhenValueIsAllowed" />
    </UnitTest>
    <UnitTest name="VerifyServerFoundThroughOriginalUri_throughUri" storage="d:\actions-runner\_work\xpco\xpco\allsolutions\..\mip\mipsdk\tst\videoos.platform.sdk.unittests\bin\x64\debug\net6.0-windows\videoos.platform.sdk.unittests.dll" id="d9ca8b92-f19f-e9c9-3fff-9ecc10403148">
      <Execution id="9a956141-4cb3-4c3f-bb4d-54e72e9bdcd5" />
      <TestMethod codeBase="D:\actions-runner\_work\XPCO\XPCO\AllSolutions\..\MIP\MIPSDK\tst\VideoOS.Platform.SDK.UnitTests\bin\x64\Debug\net6.0-windows\VideoOS.Platform.SDK.UnitTests.dll" adapterTypeName="executor://mstestadapter/v2" className="VideoOS.Platform.SDKUnittest.Util.ServerTypeCacheTest" name="VerifyServerFoundThroughOriginalUri_throughUri" />
    </UnitTest>
    <UnitTest name="GetDisabledDevices_Success" storage="d:\actions-runner\_work\xpco\xpco\allsolutions\..\mip\mipsdk\tst\videoos.platform.sdk.unittests\bin\x64\debug\net6.0-windows\videoos.platform.sdk.unittests.dll" id="77eef133-6232-6ffd-513d-bce5ef28eb6d">
      <Execution id="d8ba8dec-1a32-47e7-a59d-126df9198601" />
      <TestMethod codeBase="D:\actions-runner\_work\XPCO\XPCO\AllSolutions\..\MIP\MIPSDK\tst\VideoOS.Platform.SDK.UnitTests\bin\x64\Debug\net6.0-windows\VideoOS.Platform.SDK.UnitTests.dll" adapterTypeName="executor://mstestadapter/v2" className="VideoOS.Platform.SDKUnittest.EnvironmentServiceTest" name="GetDisabledDevices_Success" />
    </UnitTest>
    <UnitTest name="CheckBaseTime1970FromInt" storage="d:\actions-runner\_work\xpco\xpco\allsolutions\..\mip\mipsdk\tst\videoos.platform.sdk.unittests\bin\x64\debug\net6.0-windows\videoos.platform.sdk.unittests.dll" id="4bb35674-bcae-db3f-8d79-6da9552ffd66">
      <Execution id="59c3c261-751c-484c-9170-a62aac430d6a" />
      <TestMethod codeBase="D:\actions-runner\_work\XPCO\XPCO\AllSolutions\..\MIP\MIPSDK\tst\VideoOS.Platform.SDK.UnitTests\bin\x64\Debug\net6.0-windows\VideoOS.Platform.SDK.UnitTests.dll" adapterTypeName="executor://mstestadapter/v2" className="VideoOS.Platform.SDKUnittest.FeatureTests.TimeConverterTests" name="CheckBaseTime1970FromInt" />
    </UnitTest>
    <UnitTest name="XpcoLoadSiteItemWithNoServerAdded" storage="d:\actions-runner\_work\xpco\xpco\allsolutions\..\mip\mipsdk\tst\videoos.platform.sdk.unittests\bin\x64\debug\net6.0-windows\videoos.platform.sdk.unittests.dll" id="42bdc251-86a2-3f22-7f1a-f6d4ae2e2647">
      <Execution id="90033f5b-15e0-4123-9a96-d463f512e370" />
      <TestMethod codeBase="D:\actions-runner\_work\XPCO\XPCO\AllSolutions\..\MIP\MIPSDK\tst\VideoOS.Platform.SDK.UnitTests\bin\x64\Debug\net6.0-windows\VideoOS.Platform.SDK.UnitTests.dll" adapterTypeName="executor://mstestadapter/v2" className="VideoOS.Platform.SDKUnittest.Configuration.XpcoConfigurationTest" name="XpcoLoadSiteItemWithNoServerAdded" />
    </UnitTest>
    <UnitTest name="IgnoreDomainCompareOk" storage="d:\actions-runner\_work\xpco\xpco\allsolutions\..\mip\mipsdk\tst\videoos.platform.sdk.unittests\bin\x64\debug\net6.0-windows\videoos.platform.sdk.unittests.dll" id="0762669f-0ef8-d6fa-dd94-0659f0ba0a43">
      <Execution id="7783bd93-66b4-44f8-a58a-e2a2990697b8" />
      <TestMethod codeBase="D:\actions-runner\_work\XPCO\XPCO\AllSolutions\..\MIP\MIPSDK\tst\VideoOS.Platform.SDK.UnitTests\bin\x64\Debug\net6.0-windows\VideoOS.Platform.SDK.UnitTests.dll" adapterTypeName="executor://mstestadapter/v2" className="VideoOS.Platform.SDKUnittest.FeatureTests.UriUtilTest" name="IgnoreDomainCompareOk" />
    </UnitTest>
    <UnitTest name="LoadSiteItem_WithServerType_Success" storage="d:\actions-runner\_work\xpco\xpco\allsolutions\..\mip\mipsdk\tst\videoos.platform.sdk.unittests\bin\x64\debug\net6.0-windows\videoos.platform.sdk.unittests.dll" id="bc335d91-1297-3bd7-e46e-c0c3ae74878f">
      <Execution id="5a92b96c-a139-4a64-bec4-b333edd8637d" />
      <TestMethod codeBase="D:\actions-runner\_work\XPCO\XPCO\AllSolutions\..\MIP\MIPSDK\tst\VideoOS.Platform.SDK.UnitTests\bin\x64\Debug\net6.0-windows\VideoOS.Platform.SDK.UnitTests.dll" adapterTypeName="executor://mstestadapter/v2" className="VideoOS.Platform.SDKUnittest.EnvironmentServiceTest" name="LoadSiteItem_WithServerType_Success" />
    </UnitTest>
    <UnitTest name="XpcoCameraChecks" storage="d:\actions-runner\_work\xpco\xpco\allsolutions\..\mip\mipsdk\tst\videoos.platform.sdk.unittests\bin\x64\debug\net6.0-windows\videoos.platform.sdk.unittests.dll" id="f71a8f3c-6ec8-1514-8d34-be3746728018">
      <Execution id="3b2bf0bd-c131-42a6-9c2e-067634df8f72" />
      <TestMethod codeBase="D:\actions-runner\_work\XPCO\XPCO\AllSolutions\..\MIP\MIPSDK\tst\VideoOS.Platform.SDK.UnitTests\bin\x64\Debug\net6.0-windows\VideoOS.Platform.SDK.UnitTests.dll" adapterTypeName="executor://mstestadapter/v2" className="VideoOS.Platform.SDKUnittest.Configuration.XpcoConfigurationTest" name="XpcoCameraChecks" />
    </UnitTest>
    <UnitTest name="Initialize_ShouldReturnFalse_WhenNoRecordingDeviceIsAvailable" storage="d:\actions-runner\_work\xpco\xpco\allsolutions\..\mip\mipsdk\tst\videoos.platform.sdk.unittests\bin\x64\debug\net6.0-windows\videoos.platform.sdk.unittests.dll" id="9e96d681-4077-c58a-c79c-4c329c7488ff">
      <TestCategory>
        <TestCategoryItem TestCategory="AudioRecorder" />
      </TestCategory>
      <Execution id="4f982268-981d-4913-b271-68d3e96eff8f" />
      <TestMethod codeBase="D:\actions-runner\_work\XPCO\XPCO\AllSolutions\..\MIP\MIPSDK\tst\VideoOS.Platform.SDK.UnitTests\bin\x64\Debug\net6.0-windows\VideoOS.Platform.SDK.UnitTests.dll" adapterTypeName="executor://mstestadapter/v2" className="VideoOS.Platform.SDKUnittest.Audio.AudioRecorderTests" name="Initialize_ShouldReturnFalse_WhenNoRecordingDeviceIsAvailable" />
    </UnitTest>
    <UnitTest name="XpcoServerConnectedFail" storage="d:\actions-runner\_work\xpco\xpco\allsolutions\..\mip\mipsdk\tst\videoos.platform.sdk.unittests\bin\x64\debug\net6.0-windows\videoos.platform.sdk.unittests.dll" id="cba02d2f-4f19-49c0-1575-9037f596fa95">
      <Execution id="4f049ca9-0705-486f-9538-e9fbfc79ff33" />
      <TestMethod codeBase="D:\actions-runner\_work\XPCO\XPCO\AllSolutions\..\MIP\MIPSDK\tst\VideoOS.Platform.SDK.UnitTests\bin\x64\Debug\net6.0-windows\VideoOS.Platform.SDK.UnitTests.dll" adapterTypeName="executor://mstestadapter/v2" className="VideoOS.Platform.SDKUnittest.Configuration.XpcoConfigurationTest" name="XpcoServerConnectedFail" />
    </UnitTest>
    <UnitTest name="Given_Nothing_When_AMessageCannotBeParsed_Then_ItIsLoggedAsWarning" storage="d:\actions-runner\_work\xpco\xpco\allsolutions\..\mip\mipsdk\tst\videoos.platform.sdk.unittests\bin\x64\debug\net6.0-windows\videoos.platform.sdk.unittests.dll" id="23b8a97d-73db-ca9d-ee8d-e27bad17d5d3">
      <Execution id="35126e0b-390d-4fee-973c-a602cb31b4ca" />
      <TestMethod codeBase="D:\actions-runner\_work\XPCO\XPCO\AllSolutions\..\MIP\MIPSDK\tst\VideoOS.Platform.SDK.UnitTests\bin\x64\Debug\net6.0-windows\VideoOS.Platform.SDK.UnitTests.dll" adapterTypeName="executor://mstestadapter/v2" className="VideoOS.Platform.SDKUnittest.EventsAndState.CommandHandlerTest" name="Given_Nothing_When_AMessageCannotBeParsed_Then_ItIsLoggedAsWarning" />
    </UnitTest>
    <UnitTest name="StartRecording_ShouldThrowException_WhenFreeIsCalled" storage="d:\actions-runner\_work\xpco\xpco\allsolutions\..\mip\mipsdk\tst\videoos.platform.sdk.unittests\bin\x64\debug\net6.0-windows\videoos.platform.sdk.unittests.dll" id="507edd3e-d589-f46c-9a31-6fd66195d4a0">
      <TestCategory>
        <TestCategoryItem TestCategory="AudioRecorder" />
      </TestCategory>
      <Execution id="0ac0e1a0-6509-4155-a4d6-6a113d3bdbcd" />
      <TestMethod codeBase="D:\actions-runner\_work\XPCO\XPCO\AllSolutions\..\MIP\MIPSDK\tst\VideoOS.Platform.SDK.UnitTests\bin\x64\Debug\net6.0-windows\VideoOS.Platform.SDK.UnitTests.dll" adapterTypeName="executor://mstestadapter/v2" className="VideoOS.Platform.SDKUnittest.Audio.AudioRecorderTests" name="StartRecording_ShouldThrowException_WhenFreeIsCalled" />
    </UnitTest>
    <UnitTest name="XpcoSiteInfoUriNoSuccessActiveDirectory" storage="d:\actions-runner\_work\xpco\xpco\allsolutions\..\mip\mipsdk\tst\videoos.platform.sdk.unittests\bin\x64\debug\net6.0-windows\videoos.platform.sdk.unittests.dll" id="f232c283-5c67-bba8-153c-a9bb7624a0ae">
      <Execution id="7d0513a4-faeb-4ffc-a461-00a2238d5de0" />
      <TestMethod codeBase="D:\actions-runner\_work\XPCO\XPCO\AllSolutions\..\MIP\MIPSDK\tst\VideoOS.Platform.SDK.UnitTests\bin\x64\Debug\net6.0-windows\VideoOS.Platform.SDK.UnitTests.dll" adapterTypeName="executor://mstestadapter/v2" className="VideoOS.Platform.SDKUnittest.EnvironmentTests.MultiEnvironmentTests" name="XpcoSiteInfoUriNoSuccessActiveDirectory" />
    </UnitTest>
    <UnitTest name="RemoveServer_WithIdWhenLoginSettingsNotNull_Correct" storage="d:\actions-runner\_work\xpco\xpco\allsolutions\..\mip\mipsdk\tst\videoos.platform.sdk.unittests\bin\x64\debug\net6.0-windows\videoos.platform.sdk.unittests.dll" id="1c378be1-6602-2c62-b3de-426ce05f22b8">
      <Execution id="8420056a-73df-43ec-9de8-b67c8dc2ff21" />
      <TestMethod codeBase="D:\actions-runner\_work\XPCO\XPCO\AllSolutions\..\MIP\MIPSDK\tst\VideoOS.Platform.SDK.UnitTests\bin\x64\Debug\net6.0-windows\VideoOS.Platform.SDK.UnitTests.dll" adapterTypeName="executor://mstestadapter/v2" className="VideoOS.Platform.SDKUnittest.EnvironmentServiceTest" name="RemoveServer_WithIdWhenLoginSettingsNotNull_Correct" />
    </UnitTest>
    <UnitTest name="InitializeTwice_ShouldCallServiceInitOnce" storage="d:\actions-runner\_work\xpco\xpco\allsolutions\..\mip\mipsdk\tst\videoos.platform.sdk.unittests\bin\x64\debug\net6.0-windows\videoos.platform.sdk.unittests.dll" id="13db86b8-d705-e0c0-8e48-91f126870b66">
      <Execution id="92f02383-60f2-43a2-9198-174a08224a1a" />
      <TestMethod codeBase="D:\actions-runner\_work\XPCO\XPCO\AllSolutions\..\MIP\MIPSDK\tst\VideoOS.Platform.SDK.UnitTests\bin\x64\Debug\net6.0-windows\VideoOS.Platform.SDK.UnitTests.dll" adapterTypeName="executor://mstestadapter/v2" className="VideoOS.Platform.SDKUnittest.EnvironmentTest" name="InitializeTwice_ShouldCallServiceInitOnce" />
    </UnitTest>
    <UnitTest name="RemoveServer_WithUriWhenLoginSettingsNull_Correct" storage="d:\actions-runner\_work\xpco\xpco\allsolutions\..\mip\mipsdk\tst\videoos.platform.sdk.unittests\bin\x64\debug\net6.0-windows\videoos.platform.sdk.unittests.dll" id="4dfbe4c0-1bce-f685-302b-c39ffaaec33c">
      <Execution id="9ca273d8-b804-459d-bf10-8aba5d79737f" />
      <TestMethod codeBase="D:\actions-runner\_work\XPCO\XPCO\AllSolutions\..\MIP\MIPSDK\tst\VideoOS.Platform.SDK.UnitTests\bin\x64\Debug\net6.0-windows\VideoOS.Platform.SDK.UnitTests.dll" adapterTypeName="executor://mstestadapter/v2" className="VideoOS.Platform.SDKUnittest.EnvironmentServiceTest" name="RemoveServer_WithUriWhenLoginSettingsNull_Correct" />
    </UnitTest>
    <UnitTest name="Given_Connected_When_GetCurrentStateSuccesful_Then_StatesAreReturned" storage="d:\actions-runner\_work\xpco\xpco\allsolutions\..\mip\mipsdk\tst\videoos.platform.sdk.unittests\bin\x64\debug\net6.0-windows\videoos.platform.sdk.unittests.dll" id="6c2774fd-5517-8aea-be70-fd37a3cf85af">
      <Execution id="2df3d481-bbc3-4d2d-ac94-b41a6957a2b6" />
      <TestMethod codeBase="D:\actions-runner\_work\XPCO\XPCO\AllSolutions\..\MIP\MIPSDK\tst\VideoOS.Platform.SDK.UnitTests\bin\x64\Debug\net6.0-windows\VideoOS.Platform.SDK.UnitTests.dll" adapterTypeName="executor://mstestadapter/v2" className="VideoOS.Platform.SDKUnittest.EventsAndState.EventsAndStateClientTest" name="Given_Connected_When_GetCurrentStateSuccesful_Then_StatesAreReturned" />
    </UnitTest>
    <UnitTest name="Given_ReceivedMessageIsProperJson_When_Parsing_Then_JObjectIsReturned" storage="d:\actions-runner\_work\xpco\xpco\allsolutions\..\mip\mipsdk\tst\videoos.platform.sdk.unittests\bin\x64\debug\net6.0-windows\videoos.platform.sdk.unittests.dll" id="e0a5e776-29a3-f806-618e-c50f5461dfdb">
      <Execution id="3c869e5e-4642-4a40-80d0-65d66993f445" />
      <TestMethod codeBase="D:\actions-runner\_work\XPCO\XPCO\AllSolutions\..\MIP\MIPSDK\tst\VideoOS.Platform.SDK.UnitTests\bin\x64\Debug\net6.0-windows\VideoOS.Platform.SDK.UnitTests.dll" adapterTypeName="executor://mstestadapter/v2" className="VideoOS.Platform.SDKUnittest.EventsAndState.MessageParserTests" name="Given_ReceivedMessageIsProperJson_When_Parsing_Then_JObjectIsReturned" />
    </UnitTest>
    <UnitTest name="TryCreateParentUri_WhenNogotiateAuthHasCredential_ReturnsUrl" storage="d:\actions-runner\_work\xpco\xpco\allsolutions\..\mip\mipsdk\tst\videoos.platform.sdk.unittests\bin\x64\debug\net6.0-windows\videoos.platform.sdk.unittests.dll" id="52b4d95e-92b1-ab9e-b0b4-d924fa19acdb">
      <Execution id="8f74f8a8-69df-4faa-b414-e275f7711c51" />
      <TestMethod codeBase="D:\actions-runner\_work\XPCO\XPCO\AllSolutions\..\MIP\MIPSDK\tst\VideoOS.Platform.SDK.UnitTests\bin\x64\Debug\net6.0-windows\VideoOS.Platform.SDK.UnitTests.dll" adapterTypeName="executor://mstestadapter/v2" className="VideoOS.Platform.SDKUnittest.PlatformTests.CredentialCacheServiceTest" name="TryCreateParentUri_WhenNogotiateAuthHasCredential_ReturnsUrl" />
    </UnitTest>
    <UnitTest name="RemoveAllServers_Success" storage="d:\actions-runner\_work\xpco\xpco\allsolutions\..\mip\mipsdk\tst\videoos.platform.sdk.unittests\bin\x64\debug\net6.0-windows\videoos.platform.sdk.unittests.dll" id="517e0e3b-7634-80b0-69a7-bd9c7f21e593">
      <Execution id="5e19b08e-d522-4b85-8246-a6c2fc897933" />
      <TestMethod codeBase="D:\actions-runner\_work\XPCO\XPCO\AllSolutions\..\MIP\MIPSDK\tst\VideoOS.Platform.SDK.UnitTests\bin\x64\Debug\net6.0-windows\VideoOS.Platform.SDK.UnitTests.dll" adapterTypeName="executor://mstestadapter/v2" className="VideoOS.Platform.SDKUnittest.EnvironmentServiceTest" name="RemoveAllServers_Success" />
    </UnitTest>
    <UnitTest name="CheckToMilisecString" storage="d:\actions-runner\_work\xpco\xpco\allsolutions\..\mip\mipsdk\tst\videoos.platform.sdk.unittests\bin\x64\debug\net6.0-windows\videoos.platform.sdk.unittests.dll" id="05f781d9-9be7-1af3-c443-40faaa2345fc">
      <Execution id="b88a92e1-0531-4d2d-88e2-de7005c13011" />
      <TestMethod codeBase="D:\actions-runner\_work\XPCO\XPCO\AllSolutions\..\MIP\MIPSDK\tst\VideoOS.Platform.SDK.UnitTests\bin\x64\Debug\net6.0-windows\VideoOS.Platform.SDK.UnitTests.dll" adapterTypeName="executor://mstestadapter/v2" className="VideoOS.Platform.SDKUnittest.FeatureTests.TimeConverterTests" name="CheckToMilisecString" />
    </UnitTest>
    <UnitTest name="Given_TwoPendingCommands_When_ReceivingResponsesForBothCommans_Then_ResponsesArePairedWithCorrectCommand" storage="d:\actions-runner\_work\xpco\xpco\allsolutions\..\mip\mipsdk\tst\videoos.platform.sdk.unittests\bin\x64\debug\net6.0-windows\videoos.platform.sdk.unittests.dll" id="7a5a60cf-65df-425a-ef34-31b7542d0324">
      <Execution id="03328198-7631-4a26-8d04-9c4926775c3d" />
      <TestMethod codeBase="D:\actions-runner\_work\XPCO\XPCO\AllSolutions\..\MIP\MIPSDK\tst\VideoOS.Platform.SDK.UnitTests\bin\x64\Debug\net6.0-windows\VideoOS.Platform.SDK.UnitTests.dll" adapterTypeName="executor://mstestadapter/v2" className="VideoOS.Platform.SDKUnittest.EventsAndState.CommandHandlerTest" name="Given_TwoPendingCommands_When_ReceivingResponsesForBothCommans_Then_ResponsesArePairedWithCorrectCommand" />
    </UnitTest>
    <UnitTest name="InitializeUnitializeInitialize_ShouldCallServiceInitTwice" storage="d:\actions-runner\_work\xpco\xpco\allsolutions\..\mip\mipsdk\tst\videoos.platform.sdk.unittests\bin\x64\debug\net6.0-windows\videoos.platform.sdk.unittests.dll" id="4df6750c-aff6-44b1-13dd-4de227a8986b">
      <Execution id="bc3ff270-869a-4370-9ad5-4cf89906a7d7" />
      <TestMethod codeBase="D:\actions-runner\_work\XPCO\XPCO\AllSolutions\..\MIP\MIPSDK\tst\VideoOS.Platform.SDK.UnitTests\bin\x64\Debug\net6.0-windows\VideoOS.Platform.SDK.UnitTests.dll" adapterTypeName="executor://mstestadapter/v2" className="VideoOS.Platform.SDKUnittest.EnvironmentTest" name="InitializeUnitializeInitialize_ShouldCallServiceInitTwice" />
    </UnitTest>
    <UnitTest name="Initialize_ShouldNotSetApplicationStateOn" storage="d:\actions-runner\_work\xpco\xpco\allsolutions\..\mip\mipsdk\tst\videoos.platform.sdk.unittests\bin\x64\debug\net6.0-windows\videoos.platform.sdk.unittests.dll" id="56d2e303-9191-fd62-30a9-ea9298b86cd6">
      <Execution id="bef61749-2d04-4088-a298-455da72cf288" />
      <TestMethod codeBase="D:\actions-runner\_work\XPCO\XPCO\AllSolutions\..\MIP\MIPSDK\tst\VideoOS.Platform.SDK.UnitTests\bin\x64\Debug\net6.0-windows\VideoOS.Platform.SDK.UnitTests.dll" adapterTypeName="executor://mstestadapter/v2" className="VideoOS.Platform.SDKUnittest.EnvironmentTest" name="Initialize_ShouldNotSetApplicationStateOn" />
    </UnitTest>
    <UnitTest name="StopRecording_ShouldDoNothing_WhenRecordingIsNotStarted" storage="d:\actions-runner\_work\xpco\xpco\allsolutions\..\mip\mipsdk\tst\videoos.platform.sdk.unittests\bin\x64\debug\net6.0-windows\videoos.platform.sdk.unittests.dll" id="21868baf-ff05-ff85-7303-76deb1e29922">
      <TestCategory>
        <TestCategoryItem TestCategory="AudioRecorder" />
      </TestCategory>
      <Execution id="5222023b-c516-402c-b859-342a1fab4a40" />
      <TestMethod codeBase="D:\actions-runner\_work\XPCO\XPCO\AllSolutions\..\MIP\MIPSDK\tst\VideoOS.Platform.SDK.UnitTests\bin\x64\Debug\net6.0-windows\VideoOS.Platform.SDK.UnitTests.dll" adapterTypeName="executor://mstestadapter/v2" className="VideoOS.Platform.SDKUnittest.Audio.AudioRecorderTests" name="StopRecording_ShouldDoNothing_WhenRecordingIsNotStarted" />
    </UnitTest>
    <UnitTest name="Givent_MessageContainingEventWithData_When_ConvertingToEvents_Then_DataIsOfType_JsonHandling_JSonObject" storage="d:\actions-runner\_work\xpco\xpco\allsolutions\..\mip\mipsdk\tst\videoos.platform.sdk.unittests\bin\x64\debug\net6.0-windows\videoos.platform.sdk.unittests.dll" id="b4cef04e-2d44-bef8-05c3-d2ca96c4a23e">
      <Execution id="1702c293-6da3-4e2e-9ecf-8d562d9255ae" />
      <TestMethod codeBase="D:\actions-runner\_work\XPCO\XPCO\AllSolutions\..\MIP\MIPSDK\tst\VideoOS.Platform.SDK.UnitTests\bin\x64\Debug\net6.0-windows\VideoOS.Platform.SDK.UnitTests.dll" adapterTypeName="executor://mstestadapter/v2" className="VideoOS.Platform.SDKUnittest.EventsAndState.SerializationTests" name="Givent_MessageContainingEventWithData_When_ConvertingToEvents_Then_DataIsOfType_JsonHandling_JSonObject" />
    </UnitTest>
    <UnitTest name="CheckToMillisecString" storage="d:\actions-runner\_work\xpco\xpco\allsolutions\..\mip\mipsdk\tst\videoos.platform.sdk.unittests\bin\x64\debug\net6.0-windows\videoos.platform.sdk.unittests.dll" id="170c026e-6a95-4bb2-d08c-c04ad61f24e2">
      <Execution id="a0320a07-35c8-4788-9b86-0943e56f2d6a" />
      <TestMethod codeBase="D:\actions-runner\_work\XPCO\XPCO\AllSolutions\..\MIP\MIPSDK\tst\VideoOS.Platform.SDK.UnitTests\bin\x64\Debug\net6.0-windows\VideoOS.Platform.SDK.UnitTests.dll" adapterTypeName="executor://mstestadapter/v2" className="VideoOS.Platform.SDKUnittest.FeatureTests.TimeConverterTests" name="CheckToMillisecString" />
    </UnitTest>
    <UnitTest name="Free_ShouldNotChangeRecordingStatus_WhenRecordingIsNotStarted" storage="d:\actions-runner\_work\xpco\xpco\allsolutions\..\mip\mipsdk\tst\videoos.platform.sdk.unittests\bin\x64\debug\net6.0-windows\videoos.platform.sdk.unittests.dll" id="48cb99ba-5270-df3c-8533-76671ff09a4c">
      <TestCategory>
        <TestCategoryItem TestCategory="AudioRecorder" />
      </TestCategory>
      <Execution id="efa504d7-a882-4f21-a509-a48d00e01545" />
      <TestMethod codeBase="D:\actions-runner\_work\XPCO\XPCO\AllSolutions\..\MIP\MIPSDK\tst\VideoOS.Platform.SDK.UnitTests\bin\x64\Debug\net6.0-windows\VideoOS.Platform.SDK.UnitTests.dll" adapterTypeName="executor://mstestadapter/v2" className="VideoOS.Platform.SDKUnittest.Audio.AudioRecorderTests" name="Free_ShouldNotChangeRecordingStatus_WhenRecordingIsNotStarted" />
    </UnitTest>
    <UnitTest name="Remove_WhenBasicUser_RemovesWithBasicAuth" storage="d:\actions-runner\_work\xpco\xpco\allsolutions\..\mip\mipsdk\tst\videoos.platform.sdk.unittests\bin\x64\debug\net6.0-windows\videoos.platform.sdk.unittests.dll" id="9af294cd-fee0-58b0-3d1f-b496c687f868">
      <Execution id="43e09303-ef73-4655-9550-ea37008573f9" />
      <TestMethod codeBase="D:\actions-runner\_work\XPCO\XPCO\AllSolutions\..\MIP\MIPSDK\tst\VideoOS.Platform.SDK.UnitTests\bin\x64\Debug\net6.0-windows\VideoOS.Platform.SDK.UnitTests.dll" adapterTypeName="executor://mstestadapter/v2" className="VideoOS.Platform.SDKUnittest.PlatformTests.CredentialCacheServiceTest" name="Remove_WhenBasicUser_RemovesWithBasicAuth" />
    </UnitTest>
    <UnitTest name="XpcoSiteInfoUriNoSuccessBasic" storage="d:\actions-runner\_work\xpco\xpco\allsolutions\..\mip\mipsdk\tst\videoos.platform.sdk.unittests\bin\x64\debug\net6.0-windows\videoos.platform.sdk.unittests.dll" id="48cf9cec-86cd-b055-9df4-4490d5d29676">
      <Execution id="dcb1f7d7-ab95-48fb-ba90-2fe04d3af147" />
      <TestMethod codeBase="D:\actions-runner\_work\XPCO\XPCO\AllSolutions\..\MIP\MIPSDK\tst\VideoOS.Platform.SDK.UnitTests\bin\x64\Debug\net6.0-windows\VideoOS.Platform.SDK.UnitTests.dll" adapterTypeName="executor://mstestadapter/v2" className="VideoOS.Platform.SDKUnittest.EnvironmentTests.MultiEnvironmentTests" name="XpcoSiteInfoUriNoSuccessBasic" />
    </UnitTest>
    <UnitTest name="TryCreateParentUri_WhenFirstUrlKeyPresent_ReturnsIt" storage="d:\actions-runner\_work\xpco\xpco\allsolutions\..\mip\mipsdk\tst\videoos.platform.sdk.unittests\bin\x64\debug\net6.0-windows\videoos.platform.sdk.unittests.dll" id="e7459368-bf71-df4a-32b1-79ab60633652">
      <Execution id="fed00c97-ebd9-4f84-8c77-f9ed7da63492" />
      <TestMethod codeBase="D:\actions-runner\_work\XPCO\XPCO\AllSolutions\..\MIP\MIPSDK\tst\VideoOS.Platform.SDK.UnitTests\bin\x64\Debug\net6.0-windows\VideoOS.Platform.SDK.UnitTests.dll" adapterTypeName="executor://mstestadapter/v2" className="VideoOS.Platform.SDKUnittest.PlatformTests.CredentialCacheServiceTest" name="TryCreateParentUri_WhenFirstUrlKeyPresent_ReturnsIt" />
    </UnitTest>
    <UnitTest name="Free_ShouldStopRecording_WhenRecordingIsStarted" storage="d:\actions-runner\_work\xpco\xpco\allsolutions\..\mip\mipsdk\tst\videoos.platform.sdk.unittests\bin\x64\debug\net6.0-windows\videoos.platform.sdk.unittests.dll" id="e480450b-9f62-5e54-a1f5-cc1228ba5cde">
      <TestCategory>
        <TestCategoryItem TestCategory="AudioRecorder" />
      </TestCategory>
      <Execution id="ff6d120f-235e-48a8-bec8-471c544fea9d" />
      <TestMethod codeBase="D:\actions-runner\_work\XPCO\XPCO\AllSolutions\..\MIP\MIPSDK\tst\VideoOS.Platform.SDK.UnitTests\bin\x64\Debug\net6.0-windows\VideoOS.Platform.SDK.UnitTests.dll" adapterTypeName="executor://mstestadapter/v2" className="VideoOS.Platform.SDKUnittest.Audio.AudioRecorderTests" name="Free_ShouldStopRecording_WhenRecordingIsStarted" />
    </UnitTest>
    <UnitTest name="RemoveServer_WithUriWhenLoginSettingsNotNull_Correct" storage="d:\actions-runner\_work\xpco\xpco\allsolutions\..\mip\mipsdk\tst\videoos.platform.sdk.unittests\bin\x64\debug\net6.0-windows\videoos.platform.sdk.unittests.dll" id="ffdb0d83-235f-7713-020c-369ea19b66a1">
      <Execution id="665c23df-02ae-4cfd-ae89-919cdebd8d34" />
      <TestMethod codeBase="D:\actions-runner\_work\XPCO\XPCO\AllSolutions\..\MIP\MIPSDK\tst\VideoOS.Platform.SDK.UnitTests\bin\x64\Debug\net6.0-windows\VideoOS.Platform.SDK.UnitTests.dll" adapterTypeName="executor://mstestadapter/v2" className="VideoOS.Platform.SDKUnittest.EnvironmentServiceTest" name="RemoveServer_WithUriWhenLoginSettingsNotNull_Correct" />
    </UnitTest>
    <UnitTest name="XpcoIdentificationAndLoginSuccess" storage="d:\actions-runner\_work\xpco\xpco\allsolutions\..\mip\mipsdk\tst\videoos.platform.sdk.unittests\bin\x64\debug\net6.0-windows\videoos.platform.sdk.unittests.dll" id="60409c99-de38-bfcd-7919-8dbdd2d23a16">
      <Execution id="cee58651-d3fd-4fc6-a745-59e2c77aa005" />
      <TestMethod codeBase="D:\actions-runner\_work\XPCO\XPCO\AllSolutions\..\MIP\MIPSDK\tst\VideoOS.Platform.SDK.UnitTests\bin\x64\Debug\net6.0-windows\VideoOS.Platform.SDK.UnitTests.dll" adapterTypeName="executor://mstestadapter/v2" className="VideoOS.Platform.SDKUnittest.Configuration.XpcoConfigurationTest" name="XpcoIdentificationAndLoginSuccess" />
    </UnitTest>
    <UnitTest name="Given_Nothing_When_ConnectSuccessful_Then_NoException" storage="d:\actions-runner\_work\xpco\xpco\allsolutions\..\mip\mipsdk\tst\videoos.platform.sdk.unittests\bin\x64\debug\net6.0-windows\videoos.platform.sdk.unittests.dll" id="4775d5be-0ebd-4836-7626-4829a69cf7bb">
      <Execution id="2530f361-d201-4f58-aca7-909645cc161d" />
      <TestMethod codeBase="D:\actions-runner\_work\XPCO\XPCO\AllSolutions\..\MIP\MIPSDK\tst\VideoOS.Platform.SDK.UnitTests\bin\x64\Debug\net6.0-windows\VideoOS.Platform.SDK.UnitTests.dll" adapterTypeName="executor://mstestadapter/v2" className="VideoOS.Platform.SDKUnittest.EventsAndState.EventsAndStateClientTest" name="Given_Nothing_When_ConnectSuccessful_Then_NoException" />
    </UnitTest>
    <UnitTest name="Given_Nothing_When_SendingACommand_Then_CommandReturnsWhenResponseIsReceived" storage="d:\actions-runner\_work\xpco\xpco\allsolutions\..\mip\mipsdk\tst\videoos.platform.sdk.unittests\bin\x64\debug\net6.0-windows\videoos.platform.sdk.unittests.dll" id="4c36fbe1-f8de-13b2-bcb1-e7ce9596a021">
      <Execution id="5abe8775-34e1-4520-83e3-96ea66b5526d" />
      <TestMethod codeBase="D:\actions-runner\_work\XPCO\XPCO\AllSolutions\..\MIP\MIPSDK\tst\VideoOS.Platform.SDK.UnitTests\bin\x64\Debug\net6.0-windows\VideoOS.Platform.SDK.UnitTests.dll" adapterTypeName="executor://mstestadapter/v2" className="VideoOS.Platform.SDKUnittest.EventsAndState.CommandHandlerTest" name="Given_Nothing_When_SendingACommand_Then_CommandReturnsWhenResponseIsReceived" />
    </UnitTest>
    <UnitTest name="Free_ShouldDoNothing_WhenAudioRecorderIsNotInitialized" storage="d:\actions-runner\_work\xpco\xpco\allsolutions\..\mip\mipsdk\tst\videoos.platform.sdk.unittests\bin\x64\debug\net6.0-windows\videoos.platform.sdk.unittests.dll" id="ca527ff0-e8d3-ed62-5f44-c8e5eb7d34bb">
      <TestCategory>
        <TestCategoryItem TestCategory="AudioRecorder" />
      </TestCategory>
      <Execution id="4ca32922-dd60-4614-bf57-4427d7c7bf52" />
      <TestMethod codeBase="D:\actions-runner\_work\XPCO\XPCO\AllSolutions\..\MIP\MIPSDK\tst\VideoOS.Platform.SDK.UnitTests\bin\x64\Debug\net6.0-windows\VideoOS.Platform.SDK.UnitTests.dll" adapterTypeName="executor://mstestadapter/v2" className="VideoOS.Platform.SDKUnittest.Audio.AudioRecorderTests" name="Free_ShouldDoNothing_WhenAudioRecorderIsNotInitialized" />
    </UnitTest>
    <UnitTest name="XpcoSiteInfoUriCorrectServerType" storage="d:\actions-runner\_work\xpco\xpco\allsolutions\..\mip\mipsdk\tst\videoos.platform.sdk.unittests\bin\x64\debug\net6.0-windows\videoos.platform.sdk.unittests.dll" id="56497288-6a33-5a75-f21c-09bd940b969b">
      <Execution id="f6e86a9e-2cb6-45b0-8907-be97d542d137" />
      <TestMethod codeBase="D:\actions-runner\_work\XPCO\XPCO\AllSolutions\..\MIP\MIPSDK\tst\VideoOS.Platform.SDK.UnitTests\bin\x64\Debug\net6.0-windows\VideoOS.Platform.SDK.UnitTests.dll" adapterTypeName="executor://mstestadapter/v2" className="VideoOS.Platform.SDKUnittest.EnvironmentTests.MultiEnvironmentTests" name="XpcoSiteInfoUriCorrectServerType" />
    </UnitTest>
    <UnitTest name="GetLoginSettings_Correct" storage="d:\actions-runner\_work\xpco\xpco\allsolutions\..\mip\mipsdk\tst\videoos.platform.sdk.unittests\bin\x64\debug\net6.0-windows\videoos.platform.sdk.unittests.dll" id="e8d9f86f-c2bc-d844-07f3-5ecc6e65044b">
      <Execution id="5c80529b-2d36-4fa1-8786-545299dee97a" />
      <TestMethod codeBase="D:\actions-runner\_work\XPCO\XPCO\AllSolutions\..\MIP\MIPSDK\tst\VideoOS.Platform.SDK.UnitTests\bin\x64\Debug\net6.0-windows\VideoOS.Platform.SDK.UnitTests.dll" adapterTypeName="executor://mstestadapter/v2" className="VideoOS.Platform.SDKUnittest.Facades.LoginSettingsCacheFacadeTest" name="GetLoginSettings_Correct" />
    </UnitTest>
    <UnitTest name="XpcoServerConnectedSuccess" storage="d:\actions-runner\_work\xpco\xpco\allsolutions\..\mip\mipsdk\tst\videoos.platform.sdk.unittests\bin\x64\debug\net6.0-windows\videoos.platform.sdk.unittests.dll" id="5c75fd4c-e523-4c4d-59cb-37282a3e3596">
      <Execution id="8d0731c9-79f0-4980-962a-ada54eb12cd1" />
      <TestMethod codeBase="D:\actions-runner\_work\XPCO\XPCO\AllSolutions\..\MIP\MIPSDK\tst\VideoOS.Platform.SDK.UnitTests\bin\x64\Debug\net6.0-windows\VideoOS.Platform.SDK.UnitTests.dll" adapterTypeName="executor://mstestadapter/v2" className="VideoOS.Platform.SDKUnittest.Configuration.XpcoConfigurationTest" name="XpcoServerConnectedSuccess" />
    </UnitTest>
    <UnitTest name="Given_SubScriptionAdded_When_RemoveSubscriptionSuccesful_Then_MethodSucceeds" storage="d:\actions-runner\_work\xpco\xpco\allsolutions\..\mip\mipsdk\tst\videoos.platform.sdk.unittests\bin\x64\debug\net6.0-windows\videoos.platform.sdk.unittests.dll" id="e0c41eb4-ca64-4ddf-9983-492652c1f0d6">
      <Execution id="a4eeb9ef-44fe-45c3-830e-7ed3d29d6259" />
      <TestMethod codeBase="D:\actions-runner\_work\XPCO\XPCO\AllSolutions\..\MIP\MIPSDK\tst\VideoOS.Platform.SDK.UnitTests\bin\x64\Debug\net6.0-windows\VideoOS.Platform.SDK.UnitTests.dll" adapterTypeName="executor://mstestadapter/v2" className="VideoOS.Platform.SDKUnittest.EventsAndState.EventsAndStateClientTest" name="Given_SubScriptionAdded_When_RemoveSubscriptionSuccesful_Then_MethodSucceeds" />
    </UnitTest>
    <UnitTest name="CheckBaseTime1970ToInt" storage="d:\actions-runner\_work\xpco\xpco\allsolutions\..\mip\mipsdk\tst\videoos.platform.sdk.unittests\bin\x64\debug\net6.0-windows\videoos.platform.sdk.unittests.dll" id="cb92a75a-3d75-fb02-ff9b-54b25c8156f2">
      <Execution id="fa19c877-a807-4d34-862a-723e2263df86" />
      <TestMethod codeBase="D:\actions-runner\_work\XPCO\XPCO\AllSolutions\..\MIP\MIPSDK\tst\VideoOS.Platform.SDK.UnitTests\bin\x64\Debug\net6.0-windows\VideoOS.Platform.SDK.UnitTests.dll" adapterTypeName="executor://mstestadapter/v2" className="VideoOS.Platform.SDKUnittest.FeatureTests.TimeConverterTests" name="CheckBaseTime1970ToInt" />
    </UnitTest>
    <UnitTest name="Remove_WhenNotBasicUser_RemovesWithNegotiateAuth" storage="d:\actions-runner\_work\xpco\xpco\allsolutions\..\mip\mipsdk\tst\videoos.platform.sdk.unittests\bin\x64\debug\net6.0-windows\videoos.platform.sdk.unittests.dll" id="b4e531fb-82d4-9ed8-d68f-599b17f00f1b">
      <Execution id="ddf3c433-128f-44ad-b0a2-e5c748f22e6e" />
      <TestMethod codeBase="D:\actions-runner\_work\XPCO\XPCO\AllSolutions\..\MIP\MIPSDK\tst\VideoOS.Platform.SDK.UnitTests\bin\x64\Debug\net6.0-windows\VideoOS.Platform.SDK.UnitTests.dll" adapterTypeName="executor://mstestadapter/v2" className="VideoOS.Platform.SDKUnittest.PlatformTests.CredentialCacheServiceTest" name="Remove_WhenNotBasicUser_RemovesWithNegotiateAuth" />
    </UnitTest>
    <UnitTest name="When_MipTokenCacheIsNotSet_BearerTokenBehaviourNotAdded" storage="d:\actions-runner\_work\xpco\xpco\allsolutions\..\mip\mipsdk\tst\videoos.platform.sdk.unittests\bin\x64\debug\net6.0-windows\videoos.platform.sdk.unittests.dll" id="3fc2f323-2eb1-98df-4545-bd5563c5cdc9">
      <Execution id="013064f7-e1c0-4c90-82bd-72a5b3627f76" />
      <TestMethod codeBase="D:\actions-runner\_work\XPCO\XPCO\AllSolutions\..\MIP\MIPSDK\tst\VideoOS.Platform.SDK.UnitTests\bin\x64\Debug\net6.0-windows\VideoOS.Platform.SDK.UnitTests.dll" adapterTypeName="executor://mstestadapter/v2" className="VideoOS.Platform.SDKUnittest.Server.ServerClientTest" name="When_MipTokenCacheIsNotSet_BearerTokenBehaviourNotAdded" />
    </UnitTest>
    <UnitTest name="ConnectionTask_ShouldNotResumeNewSession_WhenConnectionIsBroken_AndResumeFails_AndResubscribeFails" storage="d:\actions-runner\_work\xpco\xpco\allsolutions\..\mip\mipsdk\tst\videoos.platform.sdk.unittests\bin\x64\debug\net6.0-windows\videoos.platform.sdk.unittests.dll" id="eee97d95-67c8-3d03-776d-c5c6f362f535">
      <Execution id="7a19343c-67ff-4bcf-808c-369074e33264" />
      <TestMethod codeBase="D:\actions-runner\_work\XPCO\XPCO\AllSolutions\..\MIP\MIPSDK\tst\VideoOS.Platform.SDK.UnitTests\bin\x64\Debug\net6.0-windows\VideoOS.Platform.SDK.UnitTests.dll" adapterTypeName="executor://mstestadapter/v2" className="VideoOS.Platform.SDKUnittest.EventsAndState.EventsAndStateSessionTest" name="ConnectionTask_ShouldNotResumeNewSession_WhenConnectionIsBroken_AndResumeFails_AndResubscribeFails" />
    </UnitTest>
    <UnitTest name="ReloadConfiguration_WhenServerIdNull_NotCallRefreshServer" storage="d:\actions-runner\_work\xpco\xpco\allsolutions\..\mip\mipsdk\tst\videoos.platform.sdk.unittests\bin\x64\debug\net6.0-windows\videoos.platform.sdk.unittests.dll" id="d389fe94-fff2-4d0c-61e3-1873fab89725">
      <Execution id="c11d2c1f-3406-43ff-afc3-4f4bca8141a4" />
      <TestMethod codeBase="D:\actions-runner\_work\XPCO\XPCO\AllSolutions\..\MIP\MIPSDK\tst\VideoOS.Platform.SDK.UnitTests\bin\x64\Debug\net6.0-windows\VideoOS.Platform.SDK.UnitTests.dll" adapterTypeName="executor://mstestadapter/v2" className="VideoOS.Platform.SDKUnittest.EnvironmentServiceTest" name="ReloadConfiguration_WhenServerIdNull_NotCallRefreshServer" />
    </UnitTest>
    <UnitTest name="When_MipTokenCacheIsSet_BearerTokenBehaviourIsAdded" storage="d:\actions-runner\_work\xpco\xpco\allsolutions\..\mip\mipsdk\tst\videoos.platform.sdk.unittests\bin\x64\debug\net6.0-windows\videoos.platform.sdk.unittests.dll" id="15ad8216-9c14-c256-63f8-389788086f93">
      <Execution id="4c35a23c-186c-4704-81b0-3813d9f1f4f3" />
      <TestMethod codeBase="D:\actions-runner\_work\XPCO\XPCO\AllSolutions\..\MIP\MIPSDK\tst\VideoOS.Platform.SDK.UnitTests\bin\x64\Debug\net6.0-windows\VideoOS.Platform.SDK.UnitTests.dll" adapterTypeName="executor://mstestadapter/v2" className="VideoOS.Platform.SDKUnittest.Server.ServerClientTest" name="When_MipTokenCacheIsSet_BearerTokenBehaviourIsAdded" />
    </UnitTest>
    <UnitTest name="ConnectionTask_ShouldResubscribe_WhenConnectionIsBroken_AndResumeFails" storage="d:\actions-runner\_work\xpco\xpco\allsolutions\..\mip\mipsdk\tst\videoos.platform.sdk.unittests\bin\x64\debug\net6.0-windows\videoos.platform.sdk.unittests.dll" id="c3573399-21f3-d171-85a6-ea212493cb14">
      <Execution id="598bc4e9-cd23-4ad4-afd6-fdaa91495f3b" />
      <TestMethod codeBase="D:\actions-runner\_work\XPCO\XPCO\AllSolutions\..\MIP\MIPSDK\tst\VideoOS.Platform.SDK.UnitTests\bin\x64\Debug\net6.0-windows\VideoOS.Platform.SDK.UnitTests.dll" adapterTypeName="executor://mstestadapter/v2" className="VideoOS.Platform.SDKUnittest.EventsAndState.EventsAndStateSessionTest" name="ConnectionTask_ShouldResubscribe_WhenConnectionIsBroken_AndResumeFails" />
    </UnitTest>
    <UnitTest name="AddServer_WithCredentialCache_Correct" storage="d:\actions-runner\_work\xpco\xpco\allsolutions\..\mip\mipsdk\tst\videoos.platform.sdk.unittests\bin\x64\debug\net6.0-windows\videoos.platform.sdk.unittests.dll" id="ed60ffe8-498e-b9e0-cb5e-701cf0899e33">
      <Execution id="8b2db78f-52f2-4bc8-aff8-9a9caa68ee7e" />
      <TestMethod codeBase="D:\actions-runner\_work\XPCO\XPCO\AllSolutions\..\MIP\MIPSDK\tst\VideoOS.Platform.SDK.UnitTests\bin\x64\Debug\net6.0-windows\VideoOS.Platform.SDK.UnitTests.dll" adapterTypeName="executor://mstestadapter/v2" className="VideoOS.Platform.SDKUnittest.EnvironmentServiceTest" name="AddServer_WithCredentialCache_Correct" />
    </UnitTest>
    <UnitTest name="LogoutByUri_WhenSystemInfoNull_CallsOnlyConfigurationLogout" storage="d:\actions-runner\_work\xpco\xpco\allsolutions\..\mip\mipsdk\tst\videoos.platform.sdk.unittests\bin\x64\debug\net6.0-windows\videoos.platform.sdk.unittests.dll" id="638fe5d5-83ae-859e-df2b-f9eef240ca6f">
      <Execution id="37a85f2f-bc51-4a72-9680-d9d01a5a8811" />
      <TestMethod codeBase="D:\actions-runner\_work\XPCO\XPCO\AllSolutions\..\MIP\MIPSDK\tst\VideoOS.Platform.SDK.UnitTests\bin\x64\Debug\net6.0-windows\VideoOS.Platform.SDK.UnitTests.dll" adapterTypeName="executor://mstestadapter/v2" className="VideoOS.Platform.SDKUnittest.EnvironmentServiceTest" name="LogoutByUri_WhenSystemInfoNull_CallsOnlyConfigurationLogout" />
    </UnitTest>
    <UnitTest name="Login_WhenNotLoggedIn_ThrowConfigurationLastException" storage="d:\actions-runner\_work\xpco\xpco\allsolutions\..\mip\mipsdk\tst\videoos.platform.sdk.unittests\bin\x64\debug\net6.0-windows\videoos.platform.sdk.unittests.dll" id="0f702e68-d31d-e48d-5cda-ae2e55caa68e">
      <Execution id="54d4e527-a9b0-429a-bbd9-23860ed1261f" />
      <TestMethod codeBase="D:\actions-runner\_work\XPCO\XPCO\AllSolutions\..\MIP\MIPSDK\tst\VideoOS.Platform.SDK.UnitTests\bin\x64\Debug\net6.0-windows\VideoOS.Platform.SDK.UnitTests.dll" adapterTypeName="executor://mstestadapter/v2" className="VideoOS.Platform.SDKUnittest.EnvironmentServiceTest" name="Login_WhenNotLoggedIn_ThrowConfigurationLastException" />
    </UnitTest>
    <UnitTest name="Given_Nothing_When_ReceivingAnUnknownMessage_Then_FirstPartOfTheMessgeIsLoggedInAWarning" storage="d:\actions-runner\_work\xpco\xpco\allsolutions\..\mip\mipsdk\tst\videoos.platform.sdk.unittests\bin\x64\debug\net6.0-windows\videoos.platform.sdk.unittests.dll" id="a48a4aa2-5c0d-5259-9846-1ccc3607484c">
      <Execution id="c12ec94b-afd7-4461-8995-391dc885156e" />
      <TestMethod codeBase="D:\actions-runner\_work\XPCO\XPCO\AllSolutions\..\MIP\MIPSDK\tst\VideoOS.Platform.SDK.UnitTests\bin\x64\Debug\net6.0-windows\VideoOS.Platform.SDK.UnitTests.dll" adapterTypeName="executor://mstestadapter/v2" className="VideoOS.Platform.SDKUnittest.EventsAndState.MessageDispatcherTest" name="Given_Nothing_When_ReceivingAnUnknownMessage_Then_FirstPartOfTheMessgeIsLoggedInAWarning" />
    </UnitTest>
    <UnitTest name="Given_Nothing_When_ConnectUnSuccessful_Then_AnExceptionIsThrown" storage="d:\actions-runner\_work\xpco\xpco\allsolutions\..\mip\mipsdk\tst\videoos.platform.sdk.unittests\bin\x64\debug\net6.0-windows\videoos.platform.sdk.unittests.dll" id="ccb2b6db-3973-b90d-56a9-3d38c12b2b8f">
      <Execution id="71a50e1c-115b-4b70-b591-b8bb9a25bfe0" />
      <TestMethod codeBase="D:\actions-runner\_work\XPCO\XPCO\AllSolutions\..\MIP\MIPSDK\tst\VideoOS.Platform.SDK.UnitTests\bin\x64\Debug\net6.0-windows\VideoOS.Platform.SDK.UnitTests.dll" adapterTypeName="executor://mstestadapter/v2" className="VideoOS.Platform.SDKUnittest.EventsAndState.EventsAndStateClientTest" name="Given_Nothing_When_ConnectUnSuccessful_Then_AnExceptionIsThrown" />
    </UnitTest>
    <UnitTest name="Login_WhenNotLoggedIn_NoLastException_ThrowDefaultException" storage="d:\actions-runner\_work\xpco\xpco\allsolutions\..\mip\mipsdk\tst\videoos.platform.sdk.unittests\bin\x64\debug\net6.0-windows\videoos.platform.sdk.unittests.dll" id="0bbb508b-fd28-af7a-61a4-81cd8ad41d08">
      <Execution id="14585222-b2c7-431f-aaef-bc8b169cab8d" />
      <TestMethod codeBase="D:\actions-runner\_work\XPCO\XPCO\AllSolutions\..\MIP\MIPSDK\tst\VideoOS.Platform.SDK.UnitTests\bin\x64\Debug\net6.0-windows\VideoOS.Platform.SDK.UnitTests.dll" adapterTypeName="executor://mstestadapter/v2" className="VideoOS.Platform.SDKUnittest.EnvironmentServiceTest" name="Login_WhenNotLoggedIn_NoLastException_ThrowDefaultException" />
    </UnitTest>
    <UnitTest name="XpcoMultiUserLoginSingleServerIsOnline" storage="d:\actions-runner\_work\xpco\xpco\allsolutions\..\mip\mipsdk\tst\videoos.platform.sdk.unittests\bin\x64\debug\net6.0-windows\videoos.platform.sdk.unittests.dll" id="1731feec-b95b-cd41-dc58-17e0973fdc80">
      <Execution id="7d100202-d0f3-4bbe-b455-e7da9e5a816e" />
      <TestMethod codeBase="D:\actions-runner\_work\XPCO\XPCO\AllSolutions\..\MIP\MIPSDK\tst\VideoOS.Platform.SDK.UnitTests\bin\x64\Debug\net6.0-windows\VideoOS.Platform.SDK.UnitTests.dll" adapterTypeName="executor://mstestadapter/v2" className="VideoOS.Platform.SDKUnittest.EnvironmentTests.MultiUserEnvironmentTests" name="XpcoMultiUserLoginSingleServerIsOnline" />
    </UnitTest>
    <UnitTest name="Clear_Correct" storage="d:\actions-runner\_work\xpco\xpco\allsolutions\..\mip\mipsdk\tst\videoos.platform.sdk.unittests\bin\x64\debug\net6.0-windows\videoos.platform.sdk.unittests.dll" id="e5fc20b5-92e7-3e56-1ed6-e269e15a74db">
      <Execution id="98be4c1f-ab0b-4de5-b0de-4b76cf57a2ef" />
      <TestMethod codeBase="D:\actions-runner\_work\XPCO\XPCO\AllSolutions\..\MIP\MIPSDK\tst\VideoOS.Platform.SDK.UnitTests\bin\x64\Debug\net6.0-windows\VideoOS.Platform.SDK.UnitTests.dll" adapterTypeName="executor://mstestadapter/v2" className="VideoOS.Platform.SDKUnittest.Facades.LoginSettingsCacheFacadeTest" name="Clear_Correct" />
    </UnitTest>
    <UnitTest name="RemoveServer_WithIdWhenLoginSettingsNull_Correct" storage="d:\actions-runner\_work\xpco\xpco\allsolutions\..\mip\mipsdk\tst\videoos.platform.sdk.unittests\bin\x64\debug\net6.0-windows\videoos.platform.sdk.unittests.dll" id="a3bd6fcc-4145-24ec-1080-3545ed86b8b7">
      <Execution id="6a153d11-76aa-489a-a398-0bd478195266" />
      <TestMethod codeBase="D:\actions-runner\_work\XPCO\XPCO\AllSolutions\..\MIP\MIPSDK\tst\VideoOS.Platform.SDK.UnitTests\bin\x64\Debug\net6.0-windows\VideoOS.Platform.SDK.UnitTests.dll" adapterTypeName="executor://mstestadapter/v2" className="VideoOS.Platform.SDKUnittest.EnvironmentServiceTest" name="RemoveServer_WithIdWhenLoginSettingsNull_Correct" />
    </UnitTest>
    <UnitTest name="DomainCompareFail" storage="d:\actions-runner\_work\xpco\xpco\allsolutions\..\mip\mipsdk\tst\videoos.platform.sdk.unittests\bin\x64\debug\net6.0-windows\videoos.platform.sdk.unittests.dll" id="c46fb142-69b0-d140-f581-d0b790df6efa">
      <Execution id="fed739dc-9a02-43f5-b2f8-1fd05809e968" />
      <TestMethod codeBase="D:\actions-runner\_work\XPCO\XPCO\AllSolutions\..\MIP\MIPSDK\tst\VideoOS.Platform.SDK.UnitTests\bin\x64\Debug\net6.0-windows\VideoOS.Platform.SDK.UnitTests.dll" adapterTypeName="executor://mstestadapter/v2" className="VideoOS.Platform.SDKUnittest.FeatureTests.UriUtilTest" name="DomainCompareFail" />
    </UnitTest>
    <UnitTest name="Given_ReceivedMessageIsBadlyFormedJson_When_Parsing_Then_ErrorDescriptionIsReturned" storage="d:\actions-runner\_work\xpco\xpco\allsolutions\..\mip\mipsdk\tst\videoos.platform.sdk.unittests\bin\x64\debug\net6.0-windows\videoos.platform.sdk.unittests.dll" id="2509f740-7111-f1e6-910d-8d9558b1e027">
      <Execution id="2ed1cba2-3e0c-4d9f-892d-1b2a6e58c829" />
      <TestMethod codeBase="D:\actions-runner\_work\XPCO\XPCO\AllSolutions\..\MIP\MIPSDK\tst\VideoOS.Platform.SDK.UnitTests\bin\x64\Debug\net6.0-windows\VideoOS.Platform.SDK.UnitTests.dll" adapterTypeName="executor://mstestadapter/v2" className="VideoOS.Platform.SDKUnittest.EventsAndState.MessageParserTests" name="Given_ReceivedMessageIsBadlyFormedJson_When_Parsing_Then_ErrorDescriptionIsReturned" />
    </UnitTest>
    <UnitTest name="SchemeCompareOk" storage="d:\actions-runner\_work\xpco\xpco\allsolutions\..\mip\mipsdk\tst\videoos.platform.sdk.unittests\bin\x64\debug\net6.0-windows\videoos.platform.sdk.unittests.dll" id="09ad567a-bf9b-551a-1680-c5ab6247ecc6">
      <Execution id="194b01f2-89ba-4c27-b341-893c278388ba" />
      <TestMethod codeBase="D:\actions-runner\_work\XPCO\XPCO\AllSolutions\..\MIP\MIPSDK\tst\VideoOS.Platform.SDK.UnitTests\bin\x64\Debug\net6.0-windows\VideoOS.Platform.SDK.UnitTests.dll" adapterTypeName="executor://mstestadapter/v2" className="VideoOS.Platform.SDKUnittest.FeatureTests.UriUtilTest" name="SchemeCompareOk" />
    </UnitTest>
    <UnitTest name="CheckToDouble" storage="d:\actions-runner\_work\xpco\xpco\allsolutions\..\mip\mipsdk\tst\videoos.platform.sdk.unittests\bin\x64\debug\net6.0-windows\videoos.platform.sdk.unittests.dll" id="2c92124b-c5f5-19a5-8432-332f4bcae799">
      <Execution id="989b70a6-9be4-4b86-839d-9327f9b02387" />
      <TestMethod codeBase="D:\actions-runner\_work\XPCO\XPCO\AllSolutions\..\MIP\MIPSDK\tst\VideoOS.Platform.SDK.UnitTests\bin\x64\Debug\net6.0-windows\VideoOS.Platform.SDK.UnitTests.dll" adapterTypeName="executor://mstestadapter/v2" className="VideoOS.Platform.SDKUnittest.FeatureTests.TimeConverterTests" name="CheckToDouble" />
    </UnitTest>
    <UnitTest name="Given_ReceivedMessageContainsSuccessStatus_When_IsSuccessStatusCode_ThenResultFollowingStatusIsReturned" storage="d:\actions-runner\_work\xpco\xpco\allsolutions\..\mip\mipsdk\tst\videoos.platform.sdk.unittests\bin\x64\debug\net6.0-windows\videoos.platform.sdk.unittests.dll" id="c9e3fbeb-75b1-7c7b-7b60-e4644d8dd577">
      <Execution id="b4e2dff8-89ed-4efb-96d7-52773ad52490" />
      <TestMethod codeBase="D:\actions-runner\_work\XPCO\XPCO\AllSolutions\..\MIP\MIPSDK\tst\VideoOS.Platform.SDK.UnitTests\bin\x64\Debug\net6.0-windows\VideoOS.Platform.SDK.UnitTests.dll" adapterTypeName="executor://mstestadapter/v2" className="VideoOS.Platform.SDKUnittest.EventsAndState.MessageParserTests" name="Given_ReceivedMessageContainsSuccessStatus_When_IsSuccessStatusCode_ThenResultFollowingStatusIsReturned" />
    </UnitTest>
    <UnitTest name="AddServer_WithCredentialCache_MasterOnlyTrue_CorrectlyPassed" storage="d:\actions-runner\_work\xpco\xpco\allsolutions\..\mip\mipsdk\tst\videoos.platform.sdk.unittests\bin\x64\debug\net6.0-windows\videoos.platform.sdk.unittests.dll" id="92a0043a-eb95-e604-ef36-165e1d731356">
      <Execution id="d5bd7a8e-75de-4642-9117-485f95650004" />
      <TestMethod codeBase="D:\actions-runner\_work\XPCO\XPCO\AllSolutions\..\MIP\MIPSDK\tst\VideoOS.Platform.SDK.UnitTests\bin\x64\Debug\net6.0-windows\VideoOS.Platform.SDK.UnitTests.dll" adapterTypeName="executor://mstestadapter/v2" className="VideoOS.Platform.SDKUnittest.EnvironmentServiceTest" name="AddServer_WithCredentialCache_MasterOnlyTrue_CorrectlyPassed" />
    </UnitTest>
    <UnitTest name="Login_MasterOnly_Passed" storage="d:\actions-runner\_work\xpco\xpco\allsolutions\..\mip\mipsdk\tst\videoos.platform.sdk.unittests\bin\x64\debug\net6.0-windows\videoos.platform.sdk.unittests.dll" id="9af23bea-fd93-7994-bffe-1ae6f1f880df">
      <Execution id="cd043ba7-2d00-42d2-9944-e9298cee4a24" />
      <TestMethod codeBase="D:\actions-runner\_work\XPCO\XPCO\AllSolutions\..\MIP\MIPSDK\tst\VideoOS.Platform.SDK.UnitTests\bin\x64\Debug\net6.0-windows\VideoOS.Platform.SDK.UnitTests.dll" adapterTypeName="executor://mstestadapter/v2" className="VideoOS.Platform.SDKUnittest.EnvironmentServiceTest" name="Login_MasterOnly_Passed" />
    </UnitTest>
    <UnitTest name="Reset_Success" storage="d:\actions-runner\_work\xpco\xpco\allsolutions\..\mip\mipsdk\tst\videoos.platform.sdk.unittests\bin\x64\debug\net6.0-windows\videoos.platform.sdk.unittests.dll" id="40843798-41bf-fb8a-959c-ba732aa831ed">
      <Execution id="633f4742-bc1a-40fa-a52b-8ab99cb362d3" />
      <TestMethod codeBase="D:\actions-runner\_work\XPCO\XPCO\AllSolutions\..\MIP\MIPSDK\tst\VideoOS.Platform.SDK.UnitTests\bin\x64\Debug\net6.0-windows\VideoOS.Platform.SDK.UnitTests.dll" adapterTypeName="executor://mstestadapter/v2" className="VideoOS.Platform.SDKUnittest.EnvironmentServiceTest" name="Reset_Success" />
    </UnitTest>
    <UnitTest name="Givent_MessageContainingEventWithData_When_CallingGetDataOfCorrectType_Then_ACompleteObjectIsReturned" storage="d:\actions-runner\_work\xpco\xpco\allsolutions\..\mip\mipsdk\tst\videoos.platform.sdk.unittests\bin\x64\debug\net6.0-windows\videoos.platform.sdk.unittests.dll" id="58703ce4-1c67-ed97-f1a4-1af1a3003de0">
      <Execution id="c58785f8-0f1c-4f9a-8d58-47ab059d147f" />
      <TestMethod codeBase="D:\actions-runner\_work\XPCO\XPCO\AllSolutions\..\MIP\MIPSDK\tst\VideoOS.Platform.SDK.UnitTests\bin\x64\Debug\net6.0-windows\VideoOS.Platform.SDK.UnitTests.dll" adapterTypeName="executor://mstestadapter/v2" className="VideoOS.Platform.SDKUnittest.EventsAndState.SerializationTests" name="Givent_MessageContainingEventWithData_When_CallingGetDataOfCorrectType_Then_ACompleteObjectIsReturned" />
    </UnitTest>
    <UnitTest name="Initialize_ShouldCallServiceInit" storage="d:\actions-runner\_work\xpco\xpco\allsolutions\..\mip\mipsdk\tst\videoos.platform.sdk.unittests\bin\x64\debug\net6.0-windows\videoos.platform.sdk.unittests.dll" id="7c979667-6bd9-aaa8-412d-d36319ef5eef">
      <Execution id="17bed4dc-b3da-43c6-b282-b47c9bfe1f6e" />
      <TestMethod codeBase="D:\actions-runner\_work\XPCO\XPCO\AllSolutions\..\MIP\MIPSDK\tst\VideoOS.Platform.SDK.UnitTests\bin\x64\Debug\net6.0-windows\VideoOS.Platform.SDK.UnitTests.dll" adapterTypeName="executor://mstestadapter/v2" className="VideoOS.Platform.SDKUnittest.EnvironmentTest" name="Initialize_ShouldCallServiceInit" />
    </UnitTest>
    <UnitTest name="XpcoMultiLoginSuccess" storage="d:\actions-runner\_work\xpco\xpco\allsolutions\..\mip\mipsdk\tst\videoos.platform.sdk.unittests\bin\x64\debug\net6.0-windows\videoos.platform.sdk.unittests.dll" id="85afdadd-d6c2-2083-0346-abf07f63d82d">
      <Execution id="1c56b41f-771b-4f51-a2dd-200a710b827f" />
      <TestMethod codeBase="D:\actions-runner\_work\XPCO\XPCO\AllSolutions\..\MIP\MIPSDK\tst\VideoOS.Platform.SDK.UnitTests\bin\x64\Debug\net6.0-windows\VideoOS.Platform.SDK.UnitTests.dll" adapterTypeName="executor://mstestadapter/v2" className="VideoOS.Platform.SDKUnittest.EnvironmentTests.MultiEnvironmentTests" name="XpcoMultiLoginSuccess" />
    </UnitTest>
    <UnitTest name="Givent_MessageContainingEventWithData_When_ConvertingToEvents_Then_NoElementsAreOfNewtonSoftJsonType" storage="d:\actions-runner\_work\xpco\xpco\allsolutions\..\mip\mipsdk\tst\videoos.platform.sdk.unittests\bin\x64\debug\net6.0-windows\videoos.platform.sdk.unittests.dll" id="08174d10-eed4-6921-ad50-4948b695fb55">
      <Execution id="883a34ea-c394-4e7e-899a-e1a904bd10f0" />
      <TestMethod codeBase="D:\actions-runner\_work\XPCO\XPCO\AllSolutions\..\MIP\MIPSDK\tst\VideoOS.Platform.SDK.UnitTests\bin\x64\Debug\net6.0-windows\VideoOS.Platform.SDK.UnitTests.dll" adapterTypeName="executor://mstestadapter/v2" className="VideoOS.Platform.SDKUnittest.EventsAndState.SerializationTests" name="Givent_MessageContainingEventWithData_When_ConvertingToEvents_Then_NoElementsAreOfNewtonSoftJsonType" />
    </UnitTest>
    <UnitTest name="StripXmlHeader_WhenEmptyString_ReturnsEmpty" storage="d:\actions-runner\_work\xpco\xpco\allsolutions\..\mip\mipsdk\tst\videoos.platform.sdk.unittests\bin\x64\debug\net6.0-windows\videoos.platform.sdk.unittests.dll" id="704ef10a-b575-fe4f-2673-b021ecba942f">
      <Execution id="925e802e-1337-4512-90c3-37737073625a" />
      <TestMethod codeBase="D:\actions-runner\_work\XPCO\XPCO\AllSolutions\..\MIP\MIPSDK\tst\VideoOS.Platform.SDK.UnitTests\bin\x64\Debug\net6.0-windows\VideoOS.Platform.SDK.UnitTests.dll" adapterTypeName="executor://mstestadapter/v2" className="VideoOS.Platform.SDKUnittest.Util.ConfigUtilTest" name="StripXmlHeader_WhenEmptyString_ReturnsEmpty" />
    </UnitTest>
    <UnitTest name="XpcoSiteInfoUri" storage="d:\actions-runner\_work\xpco\xpco\allsolutions\..\mip\mipsdk\tst\videoos.platform.sdk.unittests\bin\x64\debug\net6.0-windows\videoos.platform.sdk.unittests.dll" id="6e531b1c-7ba0-4ec7-9a5b-ff77c5daf1ae">
      <Execution id="dba46583-80cb-406a-b716-eb7633366e43" />
      <TestMethod codeBase="D:\actions-runner\_work\XPCO\XPCO\AllSolutions\..\MIP\MIPSDK\tst\VideoOS.Platform.SDK.UnitTests\bin\x64\Debug\net6.0-windows\VideoOS.Platform.SDK.UnitTests.dll" adapterTypeName="executor://mstestadapter/v2" className="VideoOS.Platform.SDKUnittest.EnvironmentTests.MultiUserEnvironmentTests" name="XpcoSiteInfoUri" />
    </UnitTest>
    <UnitTest name="CheckBaseTime1970FromDouble" storage="d:\actions-runner\_work\xpco\xpco\allsolutions\..\mip\mipsdk\tst\videoos.platform.sdk.unittests\bin\x64\debug\net6.0-windows\videoos.platform.sdk.unittests.dll" id="e630de82-fafd-ad10-afe7-e93e9dd1df87">
      <Execution id="d13b6ff8-8dc0-4de4-941a-3579ec91b852" />
      <TestMethod codeBase="D:\actions-runner\_work\XPCO\XPCO\AllSolutions\..\MIP\MIPSDK\tst\VideoOS.Platform.SDK.UnitTests\bin\x64\Debug\net6.0-windows\VideoOS.Platform.SDK.UnitTests.dll" adapterTypeName="executor://mstestadapter/v2" className="VideoOS.Platform.SDKUnittest.FeatureTests.TimeConverterTests" name="CheckBaseTime1970FromDouble" />
    </UnitTest>
    <UnitTest name="LoadSiteItem_Success" storage="d:\actions-runner\_work\xpco\xpco\allsolutions\..\mip\mipsdk\tst\videoos.platform.sdk.unittests\bin\x64\debug\net6.0-windows\videoos.platform.sdk.unittests.dll" id="6921a09d-04ff-2013-2cd1-d68e7b47c780">
      <Execution id="24b78a05-a66e-4bac-8a54-fec253291278" />
      <TestMethod codeBase="D:\actions-runner\_work\XPCO\XPCO\AllSolutions\..\MIP\MIPSDK\tst\VideoOS.Platform.SDK.UnitTests\bin\x64\Debug\net6.0-windows\VideoOS.Platform.SDK.UnitTests.dll" adapterTypeName="executor://mstestadapter/v2" className="VideoOS.Platform.SDKUnittest.EnvironmentServiceTest" name="LoadSiteItem_Success" />
    </UnitTest>
    <UnitTest name="Given_Connected_When_AResponseIsUnSuccesful_Then_AnExceptionIsThrown" storage="d:\actions-runner\_work\xpco\xpco\allsolutions\..\mip\mipsdk\tst\videoos.platform.sdk.unittests\bin\x64\debug\net6.0-windows\videoos.platform.sdk.unittests.dll" id="fb5100d5-9a8d-d95c-0716-79d1d251b3ac">
      <Execution id="b2593a45-cf6c-4f2d-94ab-acd14bb71188" />
      <TestMethod codeBase="D:\actions-runner\_work\XPCO\XPCO\AllSolutions\..\MIP\MIPSDK\tst\VideoOS.Platform.SDK.UnitTests\bin\x64\Debug\net6.0-windows\VideoOS.Platform.SDK.UnitTests.dll" adapterTypeName="executor://mstestadapter/v2" className="VideoOS.Platform.SDKUnittest.EventsAndState.CommandHandlerTest" name="Given_Connected_When_AResponseIsUnSuccesful_Then_AnExceptionIsThrown" />
    </UnitTest>
    <UnitTest name="StartRecording_ShouldThrowException_WhenAudioRecorderIsNotInitialized" storage="d:\actions-runner\_work\xpco\xpco\allsolutions\..\mip\mipsdk\tst\videoos.platform.sdk.unittests\bin\x64\debug\net6.0-windows\videoos.platform.sdk.unittests.dll" id="ae70990e-978a-6321-3b73-faa00506386d">
      <TestCategory>
        <TestCategoryItem TestCategory="AudioRecorder" />
      </TestCategory>
      <Execution id="9b339e9c-544b-4dd5-993c-0cd55c15baf6" />
      <TestMethod codeBase="D:\actions-runner\_work\XPCO\XPCO\AllSolutions\..\MIP\MIPSDK\tst\VideoOS.Platform.SDK.UnitTests\bin\x64\Debug\net6.0-windows\VideoOS.Platform.SDK.UnitTests.dll" adapterTypeName="executor://mstestadapter/v2" className="VideoOS.Platform.SDKUnittest.Audio.AudioRecorderTests" name="StartRecording_ShouldThrowException_WhenAudioRecorderIsNotInitialized" />
    </UnitTest>
    <UnitTest name="IgnorePortCompareOk" storage="d:\actions-runner\_work\xpco\xpco\allsolutions\..\mip\mipsdk\tst\videoos.platform.sdk.unittests\bin\x64\debug\net6.0-windows\videoos.platform.sdk.unittests.dll" id="4592a7b7-193a-d11d-ddb3-2a2e9e4e2370">
      <Execution id="247b23dc-7ddc-4720-ad1b-72d6c4edbea4" />
      <TestMethod codeBase="D:\actions-runner\_work\XPCO\XPCO\AllSolutions\..\MIP\MIPSDK\tst\VideoOS.Platform.SDK.UnitTests\bin\x64\Debug\net6.0-windows\VideoOS.Platform.SDK.UnitTests.dll" adapterTypeName="executor://mstestadapter/v2" className="VideoOS.Platform.SDKUnittest.FeatureTests.UriUtilTest" name="IgnorePortCompareOk" />
    </UnitTest>
    <UnitTest name="Remove_WhenCacheHasNoCredential_DoesNothing" storage="d:\actions-runner\_work\xpco\xpco\allsolutions\..\mip\mipsdk\tst\videoos.platform.sdk.unittests\bin\x64\debug\net6.0-windows\videoos.platform.sdk.unittests.dll" id="7ab3ecbd-68d0-4cbf-9bde-72fb304bcae6">
      <Execution id="7ecd50d1-e733-4021-b08d-dbea7cf2fd96" />
      <TestMethod codeBase="D:\actions-runner\_work\XPCO\XPCO\AllSolutions\..\MIP\MIPSDK\tst\VideoOS.Platform.SDK.UnitTests\bin\x64\Debug\net6.0-windows\VideoOS.Platform.SDK.UnitTests.dll" adapterTypeName="executor://mstestadapter/v2" className="VideoOS.Platform.SDKUnittest.PlatformTests.CredentialCacheServiceTest" name="Remove_WhenCacheHasNoCredential_DoesNothing" />
    </UnitTest>
    <UnitTest name="CheckToStringWithTandZ" storage="d:\actions-runner\_work\xpco\xpco\allsolutions\..\mip\mipsdk\tst\videoos.platform.sdk.unittests\bin\x64\debug\net6.0-windows\videoos.platform.sdk.unittests.dll" id="385258c3-bf69-84a9-6b96-32d51034c910">
      <Execution id="2e84df2e-b820-45aa-aa8a-2a1c1b5c2a8c" />
      <TestMethod codeBase="D:\actions-runner\_work\XPCO\XPCO\AllSolutions\..\MIP\MIPSDK\tst\VideoOS.Platform.SDK.UnitTests\bin\x64\Debug\net6.0-windows\VideoOS.Platform.SDK.UnitTests.dll" adapterTypeName="executor://mstestadapter/v2" className="VideoOS.Platform.SDKUnittest.FeatureTests.TimeConverterTests" name="CheckToStringWithTandZ" />
    </UnitTest>
    <UnitTest name="XpcoSiteInfoUri" storage="d:\actions-runner\_work\xpco\xpco\allsolutions\..\mip\mipsdk\tst\videoos.platform.sdk.unittests\bin\x64\debug\net6.0-windows\videoos.platform.sdk.unittests.dll" id="8ffc533e-dbe2-a04a-622a-b6eb34e0e1a2">
      <Execution id="e0d87469-5da5-4740-91ba-fb617fb1a63e" />
      <TestMethod codeBase="D:\actions-runner\_work\XPCO\XPCO\AllSolutions\..\MIP\MIPSDK\tst\VideoOS.Platform.SDK.UnitTests\bin\x64\Debug\net6.0-windows\VideoOS.Platform.SDK.UnitTests.dll" adapterTypeName="executor://mstestadapter/v2" className="VideoOS.Platform.SDKUnittest.EnvironmentTests.MultiEnvironmentTests" name="XpcoSiteInfoUri" />
    </UnitTest>
  </TestDefinitions>
  <TestEntries>
    <TestEntry testId="2bc0ce96-c350-d094-ddf7-a0dcbcc01a25" executionId="0ac400c8-c1aa-41ec-9226-0065f71dd835" testListId="8c84fa94-04c1-424b-9868-57a2d4851a1d" />
    <TestEntry testId="d2f3bae5-4b87-92ba-8e82-de1dd6dbd488" executionId="4ea1cb2d-4873-4787-be8e-b70a518fbf28" testListId="8c84fa94-04c1-424b-9868-57a2d4851a1d" />
    <TestEntry testId="486bf095-ef80-8760-1ed9-25c366babe7b" executionId="4cd96146-3205-4ca1-ac13-5082b9ecd35e" testListId="8c84fa94-04c1-424b-9868-57a2d4851a1d" />
    <TestEntry testId="e630de82-fafd-ad10-afe7-e93e9dd1df87" executionId="d13b6ff8-8dc0-4de4-941a-3579ec91b852" testListId="8c84fa94-04c1-424b-9868-57a2d4851a1d" />
    <TestEntry testId="425d7606-d05b-43b7-5f3e-aef51500fc4a" executionId="d1bbf913-66c0-4eff-a1ae-82105640b8db" testListId="8c84fa94-04c1-424b-9868-57a2d4851a1d" />
    <TestEntry testId="23b8a97d-73db-ca9d-ee8d-e27bad17d5d3" executionId="35126e0b-390d-4fee-973c-a602cb31b4ca" testListId="8c84fa94-04c1-424b-9868-57a2d4851a1d" />
    <TestEntry testId="7fe1ef40-9ce0-1e32-d490-dcfb0a7df207" executionId="705bb12f-f5a8-416d-8cb0-a2f0619684e0" testListId="8c84fa94-04c1-424b-9868-57a2d4851a1d" />
    <TestEntry testId="346fbfa0-3649-8251-d8d1-a07b030b1578" executionId="3577c8ab-58c1-417a-8f91-d50093e15619" testListId="8c84fa94-04c1-424b-9868-57a2d4851a1d" />
    <TestEntry testId="ca527ff0-e8d3-ed62-5f44-c8e5eb7d34bb" executionId="4ca32922-dd60-4614-bf57-4427d7c7bf52" testListId="8c84fa94-04c1-424b-9868-57a2d4851a1d" />
    <TestEntry testId="0692d415-cb51-e036-3177-b14298f4c3a2" executionId="f1fd6909-c26f-448b-8fa1-efb814fe4baf" testListId="8c84fa94-04c1-424b-9868-57a2d4851a1d" />
    <TestEntry testId="892ffa70-f349-35d4-9ae8-df9e08b6a0a5" executionId="7fd6313a-c59a-4d5d-8823-f77be1eb3275" testListId="8c84fa94-04c1-424b-9868-57a2d4851a1d" />
    <TestEntry testId="d389fe94-fff2-4d0c-61e3-1873fab89725" executionId="c11d2c1f-3406-43ff-afc3-4f4bca8141a4" testListId="8c84fa94-04c1-424b-9868-57a2d4851a1d" />
    <TestEntry testId="ed60ffe8-498e-b9e0-cb5e-701cf0899e33" executionId="8b2db78f-52f2-4bc8-aff8-9a9caa68ee7e" testListId="8c84fa94-04c1-424b-9868-57a2d4851a1d" />
    <TestEntry testId="56497288-6a33-5a75-f21c-09bd940b969b" executionId="f6e86a9e-2cb6-45b0-8907-be97d542d137" testListId="8c84fa94-04c1-424b-9868-57a2d4851a1d" />
    <TestEntry testId="8ffc533e-dbe2-a04a-622a-b6eb34e0e1a2" executionId="e0d87469-5da5-4740-91ba-fb617fb1a63e" testListId="8c84fa94-04c1-424b-9868-57a2d4851a1d" />
    <TestEntry testId="48cf9cec-86cd-b055-9df4-4490d5d29676" executionId="dcb1f7d7-ab95-48fb-ba90-2fe04d3af147" testListId="8c84fa94-04c1-424b-9868-57a2d4851a1d" />
    <TestEntry testId="4df6750c-aff6-44b1-13dd-4de227a8986b" executionId="bc3ff270-869a-4370-9ad5-4cf89906a7d7" testListId="8c84fa94-04c1-424b-9868-57a2d4851a1d" />
    <TestEntry testId="00962e3e-83d9-46ce-082c-5ce3071a9a13" executionId="902bb044-b6ca-4311-b269-627e0595a4f5" testListId="8c84fa94-04c1-424b-9868-57a2d4851a1d" />
    <TestEntry testId="f9063bff-e7ba-c028-46f9-189d14a707c0" executionId="03a54b9f-2a41-484f-aef7-0d80783b68ac" testListId="8c84fa94-04c1-424b-9868-57a2d4851a1d" />
    <TestEntry testId="24f8123c-e826-303b-a65a-9364447f6890" executionId="41110a4a-9420-4450-ac15-76ae5299adcc" testListId="8c84fa94-04c1-424b-9868-57a2d4851a1d" />
    <TestEntry testId="f232c283-5c67-bba8-153c-a9bb7624a0ae" executionId="7d0513a4-faeb-4ffc-a461-00a2238d5de0" testListId="8c84fa94-04c1-424b-9868-57a2d4851a1d" />
    <TestEntry testId="15ad8216-9c14-c256-63f8-389788086f93" executionId="4c35a23c-186c-4704-81b0-3813d9f1f4f3" testListId="8c84fa94-04c1-424b-9868-57a2d4851a1d" />
    <TestEntry testId="40843798-41bf-fb8a-959c-ba732aa831ed" executionId="633f4742-bc1a-40fa-a52b-8ab99cb362d3" testListId="8c84fa94-04c1-424b-9868-57a2d4851a1d" />
    <TestEntry testId="bc335d91-1297-3bd7-e46e-c0c3ae74878f" executionId="5a92b96c-a139-4a64-bec4-b333edd8637d" testListId="8c84fa94-04c1-424b-9868-57a2d4851a1d" />
    <TestEntry testId="6afb3563-c986-73d9-429e-d345f8912c2c" executionId="9bad799a-9994-447b-bc17-1a3843a5c430" testListId="8c84fa94-04c1-424b-9868-57a2d4851a1d" />
    <TestEntry testId="d19447d6-1286-80a0-b9eb-927576af8553" executionId="855d1a05-c759-4c6b-9a4f-d4f0153e3339" testListId="8c84fa94-04c1-424b-9868-57a2d4851a1d" />
    <TestEntry testId="42bdc251-86a2-3f22-7f1a-f6d4ae2e2647" executionId="90033f5b-15e0-4123-9a96-d463f512e370" testListId="8c84fa94-04c1-424b-9868-57a2d4851a1d" />
    <TestEntry testId="4592a7b7-193a-d11d-ddb3-2a2e9e4e2370" executionId="247b23dc-7ddc-4720-ad1b-72d6c4edbea4" testListId="8c84fa94-04c1-424b-9868-57a2d4851a1d" />
    <TestEntry testId="e02a3aff-4b0e-8be7-4f14-51de7ab4670f" executionId="9ff01caa-3fd7-4704-923b-01ecd659ae74" testListId="8c84fa94-04c1-424b-9868-57a2d4851a1d" />
    <TestEntry testId="8dfedf8d-5ced-b051-67b1-f21d8190aa73" executionId="543ae619-6df5-45ae-83af-de57335d5e7e" testListId="8c84fa94-04c1-424b-9868-57a2d4851a1d" />
    <TestEntry testId="15bcd984-07b3-3ad0-b259-4c4f5e06c1bd" executionId="bc46c116-1382-41de-88fa-bce8f9856e2b" testListId="8c84fa94-04c1-424b-9868-57a2d4851a1d" />
    <TestEntry testId="638fe5d5-83ae-859e-df2b-f9eef240ca6f" executionId="37a85f2f-bc51-4a72-9680-d9d01a5a8811" testListId="8c84fa94-04c1-424b-9868-57a2d4851a1d" />
    <TestEntry testId="eee97d95-67c8-3d03-776d-c5c6f362f535" executionId="7a19343c-67ff-4bcf-808c-369074e33264" testListId="8c84fa94-04c1-424b-9868-57a2d4851a1d" />
    <TestEntry testId="4bb35674-bcae-db3f-8d79-6da9552ffd66" executionId="59c3c261-751c-484c-9170-a62aac430d6a" testListId="8c84fa94-04c1-424b-9868-57a2d4851a1d" />
    <TestEntry testId="853f6915-20e9-72f8-b144-6b6c2f45bce5" executionId="aeece70c-e848-41f5-b27e-ab7e9eee4253" testListId="8c84fa94-04c1-424b-9868-57a2d4851a1d" />
    <TestEntry testId="6d93dbe9-2cce-d9d5-7c9f-910853d500ab" executionId="b432b1d6-c730-43f1-955d-bd8a9d5e163f" testListId="8c84fa94-04c1-424b-9868-57a2d4851a1d" />
    <TestEntry testId="5ca6c285-b0f8-2ebf-22ac-22244ebbf44b" executionId="29209492-a5eb-4d4b-98fb-c009e130ea22" testListId="8c84fa94-04c1-424b-9868-57a2d4851a1d" />
    <TestEntry testId="5c75fd4c-e523-4c4d-59cb-37282a3e3596" executionId="8d0731c9-79f0-4980-962a-ada54eb12cd1" testListId="8c84fa94-04c1-424b-9868-57a2d4851a1d" />
    <TestEntry testId="08174d10-eed4-6921-ad50-4948b695fb55" executionId="883a34ea-c394-4e7e-899a-e1a904bd10f0" testListId="8c84fa94-04c1-424b-9868-57a2d4851a1d" />
    <TestEntry testId="2f9fe530-9f9a-4708-4a26-7c6564c4fadd" executionId="b956659b-552b-41b7-8054-b08337460baa" testListId="8c84fa94-04c1-424b-9868-57a2d4851a1d" />
    <TestEntry testId="09ad567a-bf9b-551a-1680-c5ab6247ecc6" executionId="194b01f2-89ba-4c27-b341-893c278388ba" testListId="8c84fa94-04c1-424b-9868-57a2d4851a1d" />
    <TestEntry testId="3b3bc144-1799-7620-fe3c-04bad5ec1510" executionId="d958c7af-49ff-422b-bf64-894b3f8b5cf8" testListId="8c84fa94-04c1-424b-9868-57a2d4851a1d" />
    <TestEntry testId="9a32c8de-c721-c8df-01b2-8fdff9dd18ca" executionId="9f30f63b-502a-44a9-91f9-577e288f65d0" testListId="8c84fa94-04c1-424b-9868-57a2d4851a1d" />
    <TestEntry testId="28d03c63-4b7f-6f07-1925-95fd992db754" executionId="b8c0719a-8d3f-4310-ba5a-ac8be409dc51" testListId="8c84fa94-04c1-424b-9868-57a2d4851a1d" />
    <TestEntry testId="4775d5be-0ebd-4836-7626-4829a69cf7bb" executionId="2530f361-d201-4f58-aca7-909645cc161d" testListId="8c84fa94-04c1-424b-9868-57a2d4851a1d" />
    <TestEntry testId="da1dce8b-3a10-e5c9-618b-cbfea5058c69" executionId="515f201c-236c-4074-8506-1629b0b0dc48" testListId="8c84fa94-04c1-424b-9868-57a2d4851a1d" />
    <TestEntry testId="23cb9265-dcc3-9671-caf3-1996fff5aba1" executionId="94e50c4c-c9a7-4c00-89f6-02467f30f1dd" testListId="8c84fa94-04c1-424b-9868-57a2d4851a1d" />
    <TestEntry testId="b65005d3-1361-e0b7-9c4d-43d19b2fd72f" executionId="94818473-1a1d-4405-96c4-b3cb431ac047" testListId="8c84fa94-04c1-424b-9868-57a2d4851a1d" />
    <TestEntry testId="e480450b-9f62-5e54-a1f5-cc1228ba5cde" executionId="ff6d120f-235e-48a8-bec8-471c544fea9d" testListId="8c84fa94-04c1-424b-9868-57a2d4851a1d" />
    <TestEntry testId="7c979667-6bd9-aaa8-412d-d36319ef5eef" executionId="17bed4dc-b3da-43c6-b282-b47c9bfe1f6e" testListId="8c84fa94-04c1-424b-9868-57a2d4851a1d" />
    <TestEntry testId="8cf85ff1-edc7-caee-ed6c-a1ccfa277329" executionId="dbc68fd4-d211-4a05-a04f-f7f12e0e94ce" testListId="8c84fa94-04c1-424b-9868-57a2d4851a1d" />
    <TestEntry testId="b4e531fb-82d4-9ed8-d68f-599b17f00f1b" executionId="ddf3c433-128f-44ad-b0a2-e5c748f22e6e" testListId="8c84fa94-04c1-424b-9868-57a2d4851a1d" />
    <TestEntry testId="48cb99ba-5270-df3c-8533-76671ff09a4c" executionId="efa504d7-a882-4f21-a509-a48d00e01545" testListId="8c84fa94-04c1-424b-9868-57a2d4851a1d" />
    <TestEntry testId="9af294cd-fee0-58b0-3d1f-b496c687f868" executionId="43e09303-ef73-4655-9550-ea37008573f9" testListId="8c84fa94-04c1-424b-9868-57a2d4851a1d" />
    <TestEntry testId="00438590-3f13-5776-381f-1df4bd82c07f" executionId="add30071-9635-41b5-96e5-bc6bab9f28ac" testListId="8c84fa94-04c1-424b-9868-57a2d4851a1d" />
    <TestEntry testId="e7650ef8-614d-7abe-3813-4e9e0ee43d28" executionId="6d5edf2f-bc11-4755-80c6-4f8343614f1a" testListId="8c84fa94-04c1-424b-9868-57a2d4851a1d" />
    <TestEntry testId="e8d9f86f-c2bc-d844-07f3-5ecc6e65044b" executionId="5c80529b-2d36-4fa1-8786-545299dee97a" testListId="8c84fa94-04c1-424b-9868-57a2d4851a1d" />
    <TestEntry testId="4dfbe4c0-1bce-f685-302b-c39ffaaec33c" executionId="9ca273d8-b804-459d-bf10-8aba5d79737f" testListId="8c84fa94-04c1-424b-9868-57a2d4851a1d" />
    <TestEntry testId="385258c3-bf69-84a9-6b96-32d51034c910" executionId="2e84df2e-b820-45aa-aa8a-2a1c1b5c2a8c" testListId="8c84fa94-04c1-424b-9868-57a2d4851a1d" />
    <TestEntry testId="60409c99-de38-bfcd-7919-8dbdd2d23a16" executionId="cee58651-d3fd-4fc6-a745-59e2c77aa005" testListId="8c84fa94-04c1-424b-9868-57a2d4851a1d" />
    <TestEntry testId="704ef10a-b575-fe4f-2673-b021ecba942f" executionId="925e802e-1337-4512-90c3-37737073625a" testListId="8c84fa94-04c1-424b-9868-57a2d4851a1d" />
    <TestEntry testId="4cc2af54-3704-7ced-d419-f08afbf26159" executionId="4e694f24-d76a-43d0-a9d3-dc1043c4de57" testListId="8c84fa94-04c1-424b-9868-57a2d4851a1d" />
    <TestEntry testId="1c378be1-6602-2c62-b3de-426ce05f22b8" executionId="8420056a-73df-43ec-9de8-b67c8dc2ff21" testListId="8c84fa94-04c1-424b-9868-57a2d4851a1d" />
    <TestEntry testId="0793f3e7-1a84-232a-72f7-77f9de3f59e4" executionId="398060e9-2179-4438-ba29-bf4aee29af20" testListId="8c84fa94-04c1-424b-9868-57a2d4851a1d" />
    <TestEntry testId="f1181353-771a-42f2-9df1-c384eac48176" executionId="aef0df29-f17b-48da-8fa7-68394e08397d" testListId="8c84fa94-04c1-424b-9868-57a2d4851a1d" />
    <TestEntry testId="92a0043a-eb95-e604-ef36-165e1d731356" executionId="d5bd7a8e-75de-4642-9117-485f95650004" testListId="8c84fa94-04c1-424b-9868-57a2d4851a1d" />
    <TestEntry testId="d9ca8b92-f19f-e9c9-3fff-9ecc10403148" executionId="9a956141-4cb3-4c3f-bb4d-54e72e9bdcd5" testListId="8c84fa94-04c1-424b-9868-57a2d4851a1d" />
    <TestEntry testId="a8963d66-96b1-b26d-9572-0832732d3cea" executionId="48b6fd50-ada9-4c24-87b6-306d1adc6908" testListId="8c84fa94-04c1-424b-9868-57a2d4851a1d" />
    <TestEntry testId="21868baf-ff05-ff85-7303-76deb1e29922" executionId="5222023b-c516-402c-b859-342a1fab4a40" testListId="8c84fa94-04c1-424b-9868-57a2d4851a1d" />
    <TestEntry testId="0f702e68-d31d-e48d-5cda-ae2e55caa68e" executionId="54d4e527-a9b0-429a-bbd9-23860ed1261f" testListId="8c84fa94-04c1-424b-9868-57a2d4851a1d" />
    <TestEntry testId="b42b975b-0563-7dc6-8812-756fcc2bafe7" executionId="b62af806-6b6c-4800-a56c-ffeef88eb8e8" testListId="8c84fa94-04c1-424b-9868-57a2d4851a1d" />
    <TestEntry testId="7a5a60cf-65df-425a-ef34-31b7542d0324" executionId="03328198-7631-4a26-8d04-9c4926775c3d" testListId="8c84fa94-04c1-424b-9868-57a2d4851a1d" />
    <TestEntry testId="ef02471d-d90f-d7cc-ccc2-806bfb1ff8c0" executionId="994ad2f9-c07d-420d-8ed8-36b09bae03ee" testListId="8c84fa94-04c1-424b-9868-57a2d4851a1d" />
    <TestEntry testId="1444c9ca-e73b-a5e6-f01f-53b0839e824f" executionId="10b9e8dd-ca3c-4ee8-80cb-6b3c40c8dcd6" testListId="8c84fa94-04c1-424b-9868-57a2d4851a1d" />
    <TestEntry testId="17db813c-1206-cc8b-2aec-429272188567" executionId="e73b5e9f-01eb-466a-b4b3-6fe744ba9a66" testListId="8c84fa94-04c1-424b-9868-57a2d4851a1d" />
    <TestEntry testId="170c026e-6a95-4bb2-d08c-c04ad61f24e2" executionId="a0320a07-35c8-4788-9b86-0943e56f2d6a" testListId="8c84fa94-04c1-424b-9868-57a2d4851a1d" />
    <TestEntry testId="27438331-c0fe-4d15-65b5-fb3f4b12375a" executionId="1eccd76c-8d9f-4718-838e-48c349baca32" testListId="8c84fa94-04c1-424b-9868-57a2d4851a1d" />
    <TestEntry testId="c7cfb557-b7c6-e2f2-6240-c10413062e2b" executionId="c8a1a877-a4d7-443e-9bee-42a471942213" testListId="8c84fa94-04c1-424b-9868-57a2d4851a1d" />
    <TestEntry testId="0bbb508b-fd28-af7a-61a4-81cd8ad41d08" executionId="14585222-b2c7-431f-aaef-bc8b169cab8d" testListId="8c84fa94-04c1-424b-9868-57a2d4851a1d" />
    <TestEntry testId="7ab3ecbd-68d0-4cbf-9bde-72fb304bcae6" executionId="7ecd50d1-e733-4021-b08d-dbea7cf2fd96" testListId="8c84fa94-04c1-424b-9868-57a2d4851a1d" />
    <TestEntry testId="1898017e-0a0a-9fff-c891-5b794811d9ca" executionId="a97429c2-a65c-4528-9b1a-3f1aed9f61f7" testListId="8c84fa94-04c1-424b-9868-57a2d4851a1d" />
    <TestEntry testId="507edd3e-d589-f46c-9a31-6fd66195d4a0" executionId="0ac0e1a0-6509-4155-a4d6-6a113d3bdbcd" testListId="8c84fa94-04c1-424b-9868-57a2d4851a1d" />
    <TestEntry testId="1731feec-b95b-cd41-dc58-17e0973fdc80" executionId="7d100202-d0f3-4bbe-b455-e7da9e5a816e" testListId="8c84fa94-04c1-424b-9868-57a2d4851a1d" />
    <TestEntry testId="dd33ce32-62c4-dfb3-4f9b-fce87ba0013c" executionId="9375fbb0-d51a-41e9-b29e-57fdd140ac9a" testListId="8c84fa94-04c1-424b-9868-57a2d4851a1d" />
    <TestEntry testId="fb9222b4-352e-53d2-a6a0-c25767f137de" executionId="0361349b-c586-4fac-a64f-f6fe541f1f82" testListId="8c84fa94-04c1-424b-9868-57a2d4851a1d" />
    <TestEntry testId="01728557-d0ee-3bd0-5338-38b6c6daa989" executionId="02e55ddb-1fcf-4cf0-80a4-bd914532f1f8" testListId="8c84fa94-04c1-424b-9868-57a2d4851a1d" />
    <TestEntry testId="9af23bea-fd93-7994-bffe-1ae6f1f880df" executionId="cd043ba7-2d00-42d2-9944-e9298cee4a24" testListId="8c84fa94-04c1-424b-9868-57a2d4851a1d" />
    <TestEntry testId="77eef133-6232-6ffd-513d-bce5ef28eb6d" executionId="d8ba8dec-1a32-47e7-a59d-126df9198601" testListId="8c84fa94-04c1-424b-9868-57a2d4851a1d" />
    <TestEntry testId="c99c839d-4d5b-c45c-4faf-632197d463b3" executionId="a24f0022-0487-4225-a64e-7a1160ede096" testListId="8c84fa94-04c1-424b-9868-57a2d4851a1d" />
    <TestEntry testId="ffdb0d83-235f-7713-020c-369ea19b66a1" executionId="665c23df-02ae-4cfd-ae89-919cdebd8d34" testListId="8c84fa94-04c1-424b-9868-57a2d4851a1d" />
    <TestEntry testId="0d04ce70-8f8e-5be6-d205-e559df63652c" executionId="8d2204a0-8485-4156-b5af-39a37d603e49" testListId="8c84fa94-04c1-424b-9868-57a2d4851a1d" />
    <TestEntry testId="f830c93a-4e43-13d6-c3ab-367476959177" executionId="d05032c1-4d2a-4895-a92d-64b81a90f884" testListId="8c84fa94-04c1-424b-9868-57a2d4851a1d" />
    <TestEntry testId="a4c6d443-fa01-dcc3-6d3b-7e396f5ee185" executionId="fc69e19d-a125-4752-9632-54a7b4701fe1" testListId="8c84fa94-04c1-424b-9868-57a2d4851a1d" />
    <TestEntry testId="853af3f4-f013-afe1-e51f-9f0386bea5b2" executionId="674c3a07-e1a5-4640-820e-ce938fddecae" testListId="8c84fa94-04c1-424b-9868-57a2d4851a1d" />
    <TestEntry testId="c49e78b9-66ce-7f33-7d97-f70d020ce9e7" executionId="f70bdb0f-4b11-43a1-89b5-0889f9d2ae50" testListId="8c84fa94-04c1-424b-9868-57a2d4851a1d" />
    <TestEntry testId="5456b4a7-0c13-564f-de65-ea8a9df057cb" executionId="8046ab7f-7a67-4ace-82d7-886e1dd62944" testListId="8c84fa94-04c1-424b-9868-57a2d4851a1d" />
    <TestEntry testId="ae1a8ec4-a4d5-6c99-ef64-cbab96674e4c" executionId="68206ea5-bf8d-4205-add0-3ff7435daaec" testListId="8c84fa94-04c1-424b-9868-57a2d4851a1d" />
    <TestEntry testId="c46fb142-69b0-d140-f581-d0b790df6efa" executionId="fed739dc-9a02-43f5-b2f8-1fd05809e968" testListId="8c84fa94-04c1-424b-9868-57a2d4851a1d" />
    <TestEntry testId="e2220ea1-70c7-777c-8e0a-b82f127b0354" executionId="117b266c-1384-43a3-bd37-ad6a1f1c1710" testListId="8c84fa94-04c1-424b-9868-57a2d4851a1d" />
    <TestEntry testId="96c1c139-ef84-2793-7b75-ec53f5430e80" executionId="4089081c-4dd8-4353-a7ce-031e94eb5ed5" testListId="8c84fa94-04c1-424b-9868-57a2d4851a1d" />
    <TestEntry testId="a3bd6fcc-4145-24ec-1080-3545ed86b8b7" executionId="6a153d11-76aa-489a-a398-0bd478195266" testListId="8c84fa94-04c1-424b-9868-57a2d4851a1d" />
    <TestEntry testId="2282d201-fae3-68ca-fb9b-da7ba770e221" executionId="2052e8d3-1d27-465d-8b9f-809177969435" testListId="8c84fa94-04c1-424b-9868-57a2d4851a1d" />
    <TestEntry testId="b2e4eadd-d448-b487-733b-d5563cb70924" executionId="ca47d6ab-b68e-4c08-a034-d2c1a5749113" testListId="8c84fa94-04c1-424b-9868-57a2d4851a1d" />
    <TestEntry testId="3795da59-268b-cf4c-19da-1cfedc7c684a" executionId="49e452d8-85c6-4fa2-80f2-948445976a87" testListId="8c84fa94-04c1-424b-9868-57a2d4851a1d" />
    <TestEntry testId="d0433bb2-5994-e95a-66cb-00cffc215684" executionId="6d6f9655-51ce-4ec5-b160-50c3e3b9cb2a" testListId="8c84fa94-04c1-424b-9868-57a2d4851a1d" />
    <TestEntry testId="6906b320-58cc-fbbb-8560-616a393b863e" executionId="db7dd083-b607-4977-ae62-0a95ca8d6a25" testListId="8c84fa94-04c1-424b-9868-57a2d4851a1d" />
    <TestEntry testId="170542a8-dc94-1eae-8e61-7f4921b86749" executionId="f18d0c57-a2e2-41c0-abe0-0481dcf86e52" testListId="8c84fa94-04c1-424b-9868-57a2d4851a1d" />
    <TestEntry testId="ae70990e-978a-6321-3b73-faa00506386d" executionId="9b339e9c-544b-4dd5-993c-0cd55c15baf6" testListId="8c84fa94-04c1-424b-9868-57a2d4851a1d" />
    <TestEntry testId="56d2e303-9191-fd62-30a9-ea9298b86cd6" executionId="bef61749-2d04-4088-a298-455da72cf288" testListId="8c84fa94-04c1-424b-9868-57a2d4851a1d" />
    <TestEntry testId="dd88292e-70c4-42bd-a16e-4296bf8609a3" executionId="b7a2e204-1304-4887-bca0-4d56622c3901" testListId="8c84fa94-04c1-424b-9868-57a2d4851a1d" />
    <TestEntry testId="52b4d95e-92b1-ab9e-b0b4-d924fa19acdb" executionId="8f74f8a8-69df-4faa-b414-e275f7711c51" testListId="8c84fa94-04c1-424b-9868-57a2d4851a1d" />
    <TestEntry testId="5db9cdb8-0fa4-0c5c-b336-2c08e8318f3a" executionId="b386d4ec-3f0a-4ec1-a34d-69da235814c2" testListId="8c84fa94-04c1-424b-9868-57a2d4851a1d" />
    <TestEntry testId="2509f740-7111-f1e6-910d-8d9558b1e027" executionId="2ed1cba2-3e0c-4d9f-892d-1b2a6e58c829" testListId="8c84fa94-04c1-424b-9868-57a2d4851a1d" />
    <TestEntry testId="e0a5e776-29a3-f806-618e-c50f5461dfdb" executionId="3c869e5e-4642-4a40-80d0-65d66993f445" testListId="8c84fa94-04c1-424b-9868-57a2d4851a1d" />
    <TestEntry testId="0762669f-0ef8-d6fa-dd94-0659f0ba0a43" executionId="7783bd93-66b4-44f8-a58a-e2a2990697b8" testListId="8c84fa94-04c1-424b-9868-57a2d4851a1d" />
    <TestEntry testId="3fc2f323-2eb1-98df-4545-bd5563c5cdc9" executionId="013064f7-e1c0-4c90-82bd-72a5b3627f76" testListId="8c84fa94-04c1-424b-9868-57a2d4851a1d" />
    <TestEntry testId="ba5b86d5-401c-4e0a-f138-2c19e1e02c7f" executionId="c9f3f5ca-ac69-4a1c-bb02-6542c299642a" testListId="8c84fa94-04c1-424b-9868-57a2d4851a1d" />
    <TestEntry testId="517e0e3b-7634-80b0-69a7-bd9c7f21e593" executionId="5e19b08e-d522-4b85-8246-a6c2fc897933" testListId="8c84fa94-04c1-424b-9868-57a2d4851a1d" />
    <TestEntry testId="6326290f-8e50-bc28-9f9e-5ff9f9bd3c53" executionId="75176c34-13a9-4d09-a590-f92da6b8e2cc" testListId="8c84fa94-04c1-424b-9868-57a2d4851a1d" />
    <TestEntry testId="7f6a3e30-0edb-cef4-24b2-03a61d04ff8b" executionId="3933c7ca-3ddb-4054-824a-902c6463e235" testListId="8c84fa94-04c1-424b-9868-57a2d4851a1d" />
    <TestEntry testId="3298a0bb-4507-4949-b804-b0b1ba735235" executionId="a1c41028-8c70-4e38-b8d4-b710c1b256db" testListId="8c84fa94-04c1-424b-9868-57a2d4851a1d" />
    <TestEntry testId="a48a4aa2-5c0d-5259-9846-1ccc3607484c" executionId="c12ec94b-afd7-4461-8995-391dc885156e" testListId="8c84fa94-04c1-424b-9868-57a2d4851a1d" />
    <TestEntry testId="c9e3fbeb-75b1-7c7b-7b60-e4644d8dd577" executionId="b4e2dff8-89ed-4efb-96d7-52773ad52490" testListId="8c84fa94-04c1-424b-9868-57a2d4851a1d" />
    <TestEntry testId="ccb2b6db-3973-b90d-56a9-3d38c12b2b8f" executionId="71a50e1c-115b-4b70-b591-b8bb9a25bfe0" testListId="8c84fa94-04c1-424b-9868-57a2d4851a1d" />
    <TestEntry testId="13db86b8-d705-e0c0-8e48-91f126870b66" executionId="92f02383-60f2-43a2-9198-174a08224a1a" testListId="8c84fa94-04c1-424b-9868-57a2d4851a1d" />
    <TestEntry testId="56cbaa9d-4f02-3ab9-a0f7-ef1ee9ad216c" executionId="758e8264-d353-48a5-bcc4-2adbec1ddca1" testListId="8c84fa94-04c1-424b-9868-57a2d4851a1d" />
    <TestEntry testId="ec1b8724-7d12-203f-4036-aea2a965aaa8" executionId="dabe1e44-9bc4-4f83-987a-2eed0d767faf" testListId="8c84fa94-04c1-424b-9868-57a2d4851a1d" />
    <TestEntry testId="ee90d5bb-7cd0-4c31-23ba-b62d71f38c15" executionId="48fb41b1-f24d-4955-ab8e-b5e81004a6e1" testListId="8c84fa94-04c1-424b-9868-57a2d4851a1d" />
    <TestEntry testId="578ff933-7ee9-6ffc-c871-a9d0960055b8" executionId="3eb5a78e-8826-4a5b-88ba-9478689c38d8" testListId="8c84fa94-04c1-424b-9868-57a2d4851a1d" />
    <TestEntry testId="e5fc20b5-92e7-3e56-1ed6-e269e15a74db" executionId="98be4c1f-ab0b-4de5-b0de-4b76cf57a2ef" testListId="8c84fa94-04c1-424b-9868-57a2d4851a1d" />
    <TestEntry testId="6921a09d-04ff-2013-2cd1-d68e7b47c780" executionId="24b78a05-a66e-4bac-8a54-fec253291278" testListId="8c84fa94-04c1-424b-9868-57a2d4851a1d" />
    <TestEntry testId="12830b4f-7828-9fc9-0289-1b8030e1633a" executionId="18cc182b-be5d-4656-8778-d5a60df50a9d" testListId="8c84fa94-04c1-424b-9868-57a2d4851a1d" />
    <TestEntry testId="9e96d681-4077-c58a-c79c-4c329c7488ff" executionId="4f982268-981d-4913-b271-68d3e96eff8f" testListId="8c84fa94-04c1-424b-9868-57a2d4851a1d" />
    <TestEntry testId="fb5100d5-9a8d-d95c-0716-79d1d251b3ac" executionId="b2593a45-cf6c-4f2d-94ab-acd14bb71188" testListId="8c84fa94-04c1-424b-9868-57a2d4851a1d" />
    <TestEntry testId="1d9f532a-78eb-f4e1-0dd2-c5f03d1be90f" executionId="16220f02-a573-4da3-bcb6-c6b25db77497" testListId="8c84fa94-04c1-424b-9868-57a2d4851a1d" />
    <TestEntry testId="b4cef04e-2d44-bef8-05c3-d2ca96c4a23e" executionId="1702c293-6da3-4e2e-9ecf-8d562d9255ae" testListId="8c84fa94-04c1-424b-9868-57a2d4851a1d" />
    <TestEntry testId="58703ce4-1c67-ed97-f1a4-1af1a3003de0" executionId="c58785f8-0f1c-4f9a-8d58-47ab059d147f" testListId="8c84fa94-04c1-424b-9868-57a2d4851a1d" />
    <TestEntry testId="c6c8e4f0-4405-665a-2542-a321d8677d46" executionId="f897825a-5f0f-44a4-8e0d-d68b6cdc7133" testListId="8c84fa94-04c1-424b-9868-57a2d4851a1d" />
    <TestEntry testId="cba02d2f-4f19-49c0-1575-9037f596fa95" executionId="4f049ca9-0705-486f-9538-e9fbfc79ff33" testListId="8c84fa94-04c1-424b-9868-57a2d4851a1d" />
    <TestEntry testId="85afdadd-d6c2-2083-0346-abf07f63d82d" executionId="1c56b41f-771b-4f51-a2dd-200a710b827f" testListId="8c84fa94-04c1-424b-9868-57a2d4851a1d" />
    <TestEntry testId="d3ce4a46-9062-5855-70fd-ebbcc2b0eafc" executionId="00045f3b-e7b9-42fb-8dd9-1e875a2dd55c" testListId="8c84fa94-04c1-424b-9868-57a2d4851a1d" />
    <TestEntry testId="a251cec6-75d2-c3ac-bfd1-10289d5753e0" executionId="0a2dda50-d557-4235-8b89-7591370a9f1b" testListId="8c84fa94-04c1-424b-9868-57a2d4851a1d" />
    <TestEntry testId="e0c41eb4-ca64-4ddf-9983-492652c1f0d6" executionId="a4eeb9ef-44fe-45c3-830e-7ed3d29d6259" testListId="8c84fa94-04c1-424b-9868-57a2d4851a1d" />
    <TestEntry testId="b0b9d0a0-9158-c0ad-cbda-c08da553577d" executionId="bfb98664-3ec4-4782-93eb-1c2ca360d08e" testListId="8c84fa94-04c1-424b-9868-57a2d4851a1d" />
    <TestEntry testId="bb377a2c-95c3-9aad-404f-5afa18de69c7" executionId="cf339d3b-cd1b-4621-970d-22ae352c3061" testListId="8c84fa94-04c1-424b-9868-57a2d4851a1d" />
    <TestEntry testId="f71a8f3c-6ec8-1514-8d34-be3746728018" executionId="3b2bf0bd-c131-42a6-9c2e-067634df8f72" testListId="8c84fa94-04c1-424b-9868-57a2d4851a1d" />
    <TestEntry testId="3d0614d6-566e-2a0b-aa48-d33230f47a0b" executionId="74138683-f359-4983-b1f1-fe3c91c72c96" testListId="8c84fa94-04c1-424b-9868-57a2d4851a1d" />
    <TestEntry testId="c3573399-21f3-d171-85a6-ea212493cb14" executionId="598bc4e9-cd23-4ad4-afd6-fdaa91495f3b" testListId="8c84fa94-04c1-424b-9868-57a2d4851a1d" />
    <TestEntry testId="6e531b1c-7ba0-4ec7-9a5b-ff77c5daf1ae" executionId="dba46583-80cb-406a-b716-eb7633366e43" testListId="8c84fa94-04c1-424b-9868-57a2d4851a1d" />
    <TestEntry testId="cb92a75a-3d75-fb02-ff9b-54b25c8156f2" executionId="fa19c877-a807-4d34-862a-723e2263df86" testListId="8c84fa94-04c1-424b-9868-57a2d4851a1d" />
    <TestEntry testId="4c636ed3-7a97-56f4-5f09-90e82a59bb70" executionId="dfc312a6-8a20-4d72-974e-8d6d8582c4a9" testListId="8c84fa94-04c1-424b-9868-57a2d4851a1d" />
    <TestEntry testId="e7459368-bf71-df4a-32b1-79ab60633652" executionId="fed00c97-ebd9-4f84-8c77-f9ed7da63492" testListId="8c84fa94-04c1-424b-9868-57a2d4851a1d" />
    <TestEntry testId="4c36fbe1-f8de-13b2-bcb1-e7ce9596a021" executionId="5abe8775-34e1-4520-83e3-96ea66b5526d" testListId="8c84fa94-04c1-424b-9868-57a2d4851a1d" />
    <TestEntry testId="6e75c7b2-82c6-9596-e538-6098a4826ccc" executionId="622a7651-7e75-45e5-8a95-fcf4abb289a0" testListId="8c84fa94-04c1-424b-9868-57a2d4851a1d" />
    <TestEntry testId="3ef0c418-2089-c3e6-4e94-e0341e36e810" executionId="9b534b1a-b7a5-4a8a-8ef8-dd6d34b05b8e" testListId="8c84fa94-04c1-424b-9868-57a2d4851a1d" />
    <TestEntry testId="2c92124b-c5f5-19a5-8432-332f4bcae799" executionId="989b70a6-9be4-4b86-839d-9327f9b02387" testListId="8c84fa94-04c1-424b-9868-57a2d4851a1d" />
    <TestEntry testId="9303c8a3-4457-dd53-a1ee-73373e6854b4" executionId="c9579802-cf0e-4ca9-bd15-f5754f0230c1" testListId="8c84fa94-04c1-424b-9868-57a2d4851a1d" />
    <TestEntry testId="1558a173-bd2e-9fca-670c-2c3987fbd631" executionId="39861b1d-538d-45f5-8ed6-9e0bb6bb69b8" testListId="8c84fa94-04c1-424b-9868-57a2d4851a1d" />
    <TestEntry testId="d1e2ee3a-5497-84fa-1720-32c96fcd92e7" executionId="5c100b6d-9869-4755-8752-bcc2202c19bd" testListId="8c84fa94-04c1-424b-9868-57a2d4851a1d" />
    <TestEntry testId="c0865429-3866-2dd1-bc73-a54af982297e" executionId="4ea301ea-25d8-42d0-adcb-f4586d3bed75" testListId="8c84fa94-04c1-424b-9868-57a2d4851a1d" />
    <TestEntry testId="10274018-72a2-7e54-f67f-3e3dab8a3913" executionId="913e3e88-c281-4381-b8c4-c971598a2e29" testListId="8c84fa94-04c1-424b-9868-57a2d4851a1d" />
    <TestEntry testId="05f781d9-9be7-1af3-c443-40faaa2345fc" executionId="b88a92e1-0531-4d2d-88e2-de7005c13011" testListId="8c84fa94-04c1-424b-9868-57a2d4851a1d" />
    <TestEntry testId="3512c4ea-c42c-dc19-86d1-3085820f9234" executionId="f1b5e55a-09e3-4e5f-93a8-d11cceba8404" testListId="8c84fa94-04c1-424b-9868-57a2d4851a1d" />
    <TestEntry testId="f4f1f3cd-b04f-c623-3d30-8c01b6f83066" executionId="c0ef2a46-5145-4ac6-9454-cf2f7f4d1b43" testListId="8c84fa94-04c1-424b-9868-57a2d4851a1d" />
    <TestEntry testId="2cd289e6-be4f-74c1-cee0-00532b6125f7" executionId="ced4ddf6-e26d-41c9-a836-16eebf9fc350" testListId="8c84fa94-04c1-424b-9868-57a2d4851a1d" />
    <TestEntry testId="6c2774fd-5517-8aea-be70-fd37a3cf85af" executionId="2df3d481-bbc3-4d2d-ac94-b41a6957a2b6" testListId="8c84fa94-04c1-424b-9868-57a2d4851a1d" />
    <TestEntry testId="1e673d72-09b3-76fe-7a9c-ca4edce9473e" executionId="7f9a7389-5ed5-46c6-ab86-621cca2163e0" testListId="8c84fa94-04c1-424b-9868-57a2d4851a1d" />
    <TestEntry testId="c7a3417f-3205-4b9e-be6a-d435c0a3e965" executionId="e401d010-787b-4dc4-9ff6-c434e8f4abce" testListId="8c84fa94-04c1-424b-9868-57a2d4851a1d" />
  </TestEntries>
  <TestLists>
    <TestList name="Results Not in a List" id="8c84fa94-04c1-424b-9868-57a2d4851a1d" />
    <TestList name="All Loaded Results" id="19431567-8539-422a-85d7-44ee4e166bda" />
  </TestLists>
  <ResultSummary outcome="Completed">
    <Counters total="168" executed="168" passed="168" failed="0" error="0" timeout="0" aborted="0" inconclusive="0" passedButRunAborted="0" notRunnable="0" notExecuted="0" disconnected="0" warning="0" completed="0" inProgress="0" pending="0" />
  </ResultSummary>
</TestRun>