<?xml version="1.0" encoding="utf-8"?>
<TestRun id="0c77e3b1-be12-42f4-bfd1-60aa5d88cbfa" name="DKSR-EFI-04$@DKSR-EFI-04 2023-12-22 09:34:25" runUser="NT AUTHORITY\NETWORK SERVICE" xmlns="http://microsoft.com/schemas/VisualStudio/TeamTest/2010">
  <Times creation="2023-12-22T09:34:25.0065093+01:00" queuing="2023-12-22T09:34:25.0065093+01:00" start="2023-12-22T09:34:23.5846265+01:00" finish="2023-12-22T09:34:26.2252668+01:00" />
  <TestSettings name="default" id="a5ad476e-7931-4c90-b9e0-76e14ad7096c">
    <Deployment runDeploymentRoot="DKSR-EFI-04$_DKSR-EFI-04_2023-12-22_09_34_25" />
  </TestSettings>
  <Results>
    <UnitTestResult executionId="5c1bff21-09fe-40ba-a79a-4611d37accbe" testId="3c1cda84-46ca-8515-43c2-6ded231e4edd" testName="IsAppropriate_WhenEndPointNotNull_Fail" computerName="DKSR-EFI-04" duration="00:00:00.0002420" startTime="2023-12-22T09:34:25.9127637+01:00" endTime="2023-12-22T09:34:25.9127637+01:00" testType="13cdc9d9-ddb5-4fa4-a97d-d965ccfc6d4b" outcome="Passed" testListId="8c84fa94-04c1-424b-9868-57a2d4851a1d" relativeResultsDirectory="5c1bff21-09fe-40ba-a79a-4611d37accbe" />
    <UnitTestResult executionId="136a48fd-2255-4701-9556-bc44a5226b7a" testId="9e3b9795-58f0-47f8-57cf-570c3699eab6" testName="IsDataClassAllowed_UnknownMessageWithNonAllowedInsideCollectionDataClass_ShouldReturnFalse" computerName="DKSR-EFI-04" duration="00:00:00.0001603" startTime="2023-12-22T09:34:25.0065093+01:00" endTime="2023-12-22T09:34:25.0065093+01:00" testType="13cdc9d9-ddb5-4fa4-a97d-d965ccfc6d4b" outcome="Passed" testListId="8c84fa94-04c1-424b-9868-57a2d4851a1d" relativeResultsDirectory="136a48fd-2255-4701-9556-bc44a5226b7a" />
    <UnitTestResult executionId="f9660f9c-288e-4b9c-b8a5-ba6a3348702e" testId="032c33a4-1179-d47c-ea02-d13026e04f93" testName="TryAddFilter_IfAllreadyExists_Fail" computerName="DKSR-EFI-04" duration="00:00:00.0120470" startTime="2023-12-22T09:34:25.7565122+01:00" endTime="2023-12-22T09:34:25.7721384+01:00" testType="13cdc9d9-ddb5-4fa4-a97d-d965ccfc6d4b" outcome="Passed" testListId="8c84fa94-04c1-424b-9868-57a2d4851a1d" relativeResultsDirectory="f9660f9c-288e-4b9c-b8a5-ba6a3348702e" />
    <UnitTestResult executionId="4d0f0f82-4d0c-4540-b885-fb379a7ee4e8" testId="8ed0a37f-0b2f-b660-e1af-3c18b84dd713" testName="Match_WhenMessageInDictionaryWithCountMoreThanZero_Success" computerName="DKSR-EFI-04" duration="00:00:00.0002549" startTime="2023-12-22T09:34:25.8971395+01:00" endTime="2023-12-22T09:34:25.8971395+01:00" testType="13cdc9d9-ddb5-4fa4-a97d-d965ccfc6d4b" outcome="Passed" testListId="8c84fa94-04c1-424b-9868-57a2d4851a1d" relativeResultsDirectory="4d0f0f82-4d0c-4540-b885-fb379a7ee4e8" />
    <UnitTestResult executionId="e8754179-cc9c-4411-84de-5d834afd569e" testId="7bd1db47-c291-292b-6dc3-c83f17351900" testName="IsDataClassAllowed_UnknownMessageWithSimpleCollectionDataClass_ShouldReturnTrue" computerName="DKSR-EFI-04" duration="00:00:00.0000909" startTime="2023-12-22T09:34:25.0065093+01:00" endTime="2023-12-22T09:34:25.0065093+01:00" testType="13cdc9d9-ddb5-4fa4-a97d-d965ccfc6d4b" outcome="Passed" testListId="8c84fa94-04c1-424b-9868-57a2d4851a1d" relativeResultsDirectory="e8754179-cc9c-4411-84de-5d834afd569e" />
    <UnitTestResult executionId="f74bce52-56d7-4e71-88c1-a970d6fc3fd4" testId="5b00a042-1d1f-6801-eabd-1cc024691d2c" testName="TryIsMatch_WhenSupportedExactMessage_Success" computerName="DKSR-EFI-04" duration="00:00:00.0005617" startTime="2023-12-22T09:34:25.7565122+01:00" endTime="2023-12-22T09:34:25.7565122+01:00" testType="13cdc9d9-ddb5-4fa4-a97d-d965ccfc6d4b" outcome="Passed" testListId="8c84fa94-04c1-424b-9868-57a2d4851a1d" relativeResultsDirectory="f74bce52-56d7-4e71-88c1-a970d6fc3fd4" />
    <UnitTestResult executionId="c8c975c3-1a35-4f2f-b221-4aa1eb66ef51" testId="e980bdcf-5eda-c8e6-3b2b-f9876a3f1723" testName="RemoveFromIndex_Success" computerName="DKSR-EFI-04" duration="00:00:00.0004310" startTime="2023-12-22T09:34:25.9127637+01:00" endTime="2023-12-22T09:34:25.9127637+01:00" testType="13cdc9d9-ddb5-4fa4-a97d-d965ccfc6d4b" outcome="Passed" testListId="8c84fa94-04c1-424b-9868-57a2d4851a1d" relativeResultsDirectory="c8c975c3-1a35-4f2f-b221-4aa1eb66ef51" />
    <UnitTestResult executionId="4fe0feb8-2fea-4482-933c-ffb7f90957fd" testId="cb28644d-de0f-e51b-d21e-58fb856dcfa7" testName="MessageBroker_NotThrows_WhenTransmittingNotAuthorized" computerName="DKSR-EFI-04" duration="00:00:00.0820467" startTime="2023-12-22T09:34:25.6002625+01:00" endTime="2023-12-22T09:34:25.6940138+01:00" testType="13cdc9d9-ddb5-4fa4-a97d-d965ccfc6d4b" outcome="Passed" testListId="8c84fa94-04c1-424b-9868-57a2d4851a1d" relativeResultsDirectory="4fe0feb8-2fea-4482-933c-ffb7f90957fd">
      <Output>
        <StdOut>Debug Trace:&#xD;
CommService: Transmit ms=678&#xD;
CommService: Transmit-end, ms= 694</StdOut>
      </Output>
    </UnitTestResult>
    <UnitTestResult executionId="357e63bd-b2bb-4717-acb2-e0d86d557d40" testId="d3757924-78e3-cd0d-7136-c3ae781fd5ef" testName="IsAppropriate_WhenStrictMessage_Fail" computerName="DKSR-EFI-04" duration="00:00:00.0002808" startTime="2023-12-22T09:34:25.8971395+01:00" endTime="2023-12-22T09:34:25.8971395+01:00" testType="13cdc9d9-ddb5-4fa4-a97d-d965ccfc6d4b" outcome="Passed" testListId="8c84fa94-04c1-424b-9868-57a2d4851a1d" relativeResultsDirectory="357e63bd-b2bb-4717-acb2-e0d86d557d40" />
    <UnitTestResult executionId="33fd9447-1db3-48ab-aaab-82bfd6fa812e" testId="b41ea076-b32e-377a-f1c1-4a4b33c8d881" testName="IsDataClassAllowed_UnknownMessageWithNullDataClass_ShouldReturnFalse" computerName="DKSR-EFI-04" duration="00:00:00.0002377" startTime="2023-12-22T09:34:25.0065093+01:00" endTime="2023-12-22T09:34:25.0065093+01:00" testType="13cdc9d9-ddb5-4fa4-a97d-d965ccfc6d4b" outcome="Passed" testListId="8c84fa94-04c1-424b-9868-57a2d4851a1d" relativeResultsDirectory="33fd9447-1db3-48ab-aaab-82bfd6fa812e" />
    <UnitTestResult executionId="811e36bf-88d9-4ea1-be71-fb7d35eb0ef2" testId="74b42e1b-c363-bb8b-5f39-b06c2eb52ee7" testName="IsDataClassAllowed_UnknownMessageWithStringDataClass_ShouldReturnTrue" computerName="DKSR-EFI-04" duration="00:00:00.0001009" startTime="2023-12-22T09:34:25.0065093+01:00" endTime="2023-12-22T09:34:25.0065093+01:00" testType="13cdc9d9-ddb5-4fa4-a97d-d965ccfc6d4b" outcome="Passed" testListId="8c84fa94-04c1-424b-9868-57a2d4851a1d" relativeResultsDirectory="811e36bf-88d9-4ea1-be71-fb7d35eb0ef2" />
    <UnitTestResult executionId="0f7f2066-d753-4dc3-ae08-bb141f83a5f6" testId="18414f91-0fb3-aec1-061c-cfcd8a3af089" testName="IsDataClassAllowed_UnknownMessageWithComplexCollectionDataClass_ShouldReturnTrue" computerName="DKSR-EFI-04" duration="00:00:00.0001913" startTime="2023-12-22T09:34:25.0065093+01:00" endTime="2023-12-22T09:34:25.0065093+01:00" testType="13cdc9d9-ddb5-4fa4-a97d-d965ccfc6d4b" outcome="Passed" testListId="8c84fa94-04c1-424b-9868-57a2d4851a1d" relativeResultsDirectory="0f7f2066-d753-4dc3-ae08-bb141f83a5f6" />
    <UnitTestResult executionId="03e8b305-bf59-42c5-853c-e964c5b3814b" testId="28eda3ef-5150-89a2-2188-4e006994e2d1" testName="IsMatch_IfNoMatch_Fail" computerName="DKSR-EFI-04" duration="00:00:00.0034393" startTime="2023-12-22T09:34:25.8815141+01:00" endTime="2023-12-22T09:34:25.8815141+01:00" testType="13cdc9d9-ddb5-4fa4-a97d-d965ccfc6d4b" outcome="Passed" testListId="8c84fa94-04c1-424b-9868-57a2d4851a1d" relativeResultsDirectory="03e8b305-bf59-42c5-853c-e964c5b3814b" />
    <UnitTestResult executionId="ab42ca44-c71b-4362-bdb6-450db252949c" testId="8f7dedfe-c967-e6a1-428b-2ddd4af1bfa8" testName="IsDataClassAllowed_UnknownMessageWithEmptyDataClass_ShouldReturnTrue" computerName="DKSR-EFI-04" duration="00:00:00.1073834" startTime="2023-12-22T09:34:24.7408807+01:00" endTime="2023-12-22T09:34:24.9908836+01:00" testType="13cdc9d9-ddb5-4fa4-a97d-d965ccfc6d4b" outcome="Passed" testListId="8c84fa94-04c1-424b-9868-57a2d4851a1d" relativeResultsDirectory="ab42ca44-c71b-4362-bdb6-450db252949c" />
    <UnitTestResult executionId="e5eaee62-72a9-40b2-a249-f0ca990745b9" testId="e6d98596-eea3-d246-18c5-5488e2501730" testName="IsAppropriate_WhenEventHeaderTypePresent_Fail" computerName="DKSR-EFI-04" duration="00:00:00.0003003" startTime="2023-12-22T09:34:25.9127637+01:00" endTime="2023-12-22T09:34:25.9127637+01:00" testType="13cdc9d9-ddb5-4fa4-a97d-d965ccfc6d4b" outcome="Passed" testListId="8c84fa94-04c1-424b-9868-57a2d4851a1d" relativeResultsDirectory="e5eaee62-72a9-40b2-a249-f0ca990745b9" />
    <UnitTestResult executionId="1cfaae32-c255-42be-bac2-edc970c40326" testId="c2027d7d-f11f-14b9-2ce8-a53086bd7e7c" testName="Match_WhenMessageInDictionaryWithCountZero_Fail" computerName="DKSR-EFI-04" duration="00:00:00.0001855" startTime="2023-12-22T09:34:25.8971395+01:00" endTime="2023-12-22T09:34:25.8971395+01:00" testType="13cdc9d9-ddb5-4fa4-a97d-d965ccfc6d4b" outcome="Passed" testListId="8c84fa94-04c1-424b-9868-57a2d4851a1d" relativeResultsDirectory="1cfaae32-c255-42be-bac2-edc970c40326" />
    <UnitTestResult executionId="becc0c2c-bc24-4baa-987f-4cf2ecfe9792" testId="42e87207-0403-8564-0033-ecdf029451b4" testName="IsDataClassAllowed_WithCachedEntry_ShouldStillReturnTrue" computerName="DKSR-EFI-04" duration="00:00:00.0001205" startTime="2023-12-22T09:34:25.0065093+01:00" endTime="2023-12-22T09:34:25.0065093+01:00" testType="13cdc9d9-ddb5-4fa4-a97d-d965ccfc6d4b" outcome="Passed" testListId="8c84fa94-04c1-424b-9868-57a2d4851a1d" relativeResultsDirectory="becc0c2c-bc24-4baa-987f-4cf2ecfe9792" />
    <UnitTestResult executionId="9c9f6987-137c-4d44-9dd5-0a671d370e11" testId="4ec490c5-6a2e-bdcb-adbe-d64333cea10f" testName="IsAppropriate_WhenEndPointNotNull_Fail" computerName="DKSR-EFI-04" duration="00:00:00.0003908" startTime="2023-12-22T09:34:25.8971395+01:00" endTime="2023-12-22T09:34:25.8971395+01:00" testType="13cdc9d9-ddb5-4fa4-a97d-d965ccfc6d4b" outcome="Passed" testListId="8c84fa94-04c1-424b-9868-57a2d4851a1d" relativeResultsDirectory="9c9f6987-137c-4d44-9dd5-0a671d370e11" />
    <UnitTestResult executionId="fc9e90bd-d57f-464e-92b6-246d7391770e" testId="3f8e697f-c443-349a-ee0b-e81124da9774" testName="Match_WhenMessageInDictionaryWithCountMoreThanZero_Success" computerName="DKSR-EFI-04" duration="00:00:00.0070135" startTime="2023-12-22T09:34:25.8815141+01:00" endTime="2023-12-22T09:34:25.8971395+01:00" testType="13cdc9d9-ddb5-4fa4-a97d-d965ccfc6d4b" outcome="Passed" testListId="8c84fa94-04c1-424b-9868-57a2d4851a1d" relativeResultsDirectory="fc9e90bd-d57f-464e-92b6-246d7391770e" />
    <UnitTestResult executionId="850d9a90-67e2-40ec-8f30-d8fb1a7afb0a" testId="d949d46b-5147-8e98-77e8-a21905fdbfb8" testName="TryRemoveFilter_IfFoundAppropriateIndexGenerator_SuccessAndRemoveFromIndex" computerName="DKSR-EFI-04" duration="00:00:00.0028904" startTime="2023-12-22T09:34:25.8502628+01:00" endTime="2023-12-22T09:34:25.8502628+01:00" testType="13cdc9d9-ddb5-4fa4-a97d-d965ccfc6d4b" outcome="Passed" testListId="8c84fa94-04c1-424b-9868-57a2d4851a1d" relativeResultsDirectory="850d9a90-67e2-40ec-8f30-d8fb1a7afb0a" />
    <UnitTestResult executionId="e5aa41a4-9bc7-421b-a905-b22397bd1543" testId="18db568e-7d86-0287-9408-86b43e7edd41" testName="TryIsMatch_WhenNotSupportedMessage_Fail" computerName="DKSR-EFI-04" duration="00:00:00.0009193" startTime="2023-12-22T09:34:25.7565122+01:00" endTime="2023-12-22T09:34:25.7565122+01:00" testType="13cdc9d9-ddb5-4fa4-a97d-d965ccfc6d4b" outcome="Passed" testListId="8c84fa94-04c1-424b-9868-57a2d4851a1d" relativeResultsDirectory="e5aa41a4-9bc7-421b-a905-b22397bd1543" />
    <UnitTestResult executionId="80b6baf7-f8e0-48ba-be74-64647f9316bc" testId="cf9150b8-65e9-b7c9-4f95-19c402d58f79" testName="TryRemoveFilter_IfNotFoundAppropriateIndexGenerator_Fail" computerName="DKSR-EFI-04" duration="00:00:00.0020333" startTime="2023-12-22T09:34:25.8502628+01:00" endTime="2023-12-22T09:34:25.8502628+01:00" testType="13cdc9d9-ddb5-4fa4-a97d-d965ccfc6d4b" outcome="Passed" testListId="8c84fa94-04c1-424b-9868-57a2d4851a1d" relativeResultsDirectory="80b6baf7-f8e0-48ba-be74-64647f9316bc" />
    <UnitTestResult executionId="b77d6194-07c1-4f4d-a09f-ed3b33119205" testId="38dded71-b366-328f-7baf-ca7548bee4e2" testName="MessageBroker_ReturnsEvents_WhenAuthorized" computerName="DKSR-EFI-04" duration="00:00:00.5652065" startTime="2023-12-22T09:34:25.0221354+01:00" endTime="2023-12-22T09:34:25.5846382+01:00" testType="13cdc9d9-ddb5-4fa4-a97d-d965ccfc6d4b" outcome="Passed" testListId="8c84fa94-04c1-424b-9868-57a2d4851a1d" relativeResultsDirectory="b77d6194-07c1-4f4d-a09f-ed3b33119205" />
    <UnitTestResult executionId="24b40dda-ec7c-453f-968b-eee7db93f809" testId="b7c8b9d0-2cda-9dd4-c151-ebae2a056cd3" testName="IsDataClassAllowed_UnknownMessageWithNonSystemDataClass_ShouldReturnTrue" computerName="DKSR-EFI-04" duration="00:00:00.0001083" startTime="2023-12-22T09:34:25.0065093+01:00" endTime="2023-12-22T09:34:25.0065093+01:00" testType="13cdc9d9-ddb5-4fa4-a97d-d965ccfc6d4b" outcome="Passed" testListId="8c84fa94-04c1-424b-9868-57a2d4851a1d" relativeResultsDirectory="24b40dda-ec7c-453f-968b-eee7db93f809" />
    <UnitTestResult executionId="642b873c-14d9-47c2-8a87-7d40f2726fb0" testId="9f307a7c-c162-0362-7879-a5564cdd2b9a" testName="IsAppropriate_WhenAsterix_Fail" computerName="DKSR-EFI-04" duration="00:00:00.0004709" startTime="2023-12-22T09:34:25.9127637+01:00" endTime="2023-12-22T09:34:25.9127637+01:00" testType="13cdc9d9-ddb5-4fa4-a97d-d965ccfc6d4b" outcome="Passed" testListId="8c84fa94-04c1-424b-9868-57a2d4851a1d" relativeResultsDirectory="642b873c-14d9-47c2-8a87-7d40f2726fb0" />
    <UnitTestResult executionId="4f9368eb-ae42-4019-afc6-73de854e6774" testId="8c99323a-b791-dc7b-008e-35009645804a" testName="TryAddFilter_IfNotFoundAppropriateIndexGenerator_Fail" computerName="DKSR-EFI-04" duration="00:00:00.0583131" startTime="2023-12-22T09:34:25.7721384+01:00" endTime="2023-12-22T09:34:25.8346384+01:00" testType="13cdc9d9-ddb5-4fa4-a97d-d965ccfc6d4b" outcome="Passed" testListId="8c84fa94-04c1-424b-9868-57a2d4851a1d" relativeResultsDirectory="4f9368eb-ae42-4019-afc6-73de854e6774" />
    <UnitTestResult executionId="0335617e-d558-4ca4-8708-4cd36ee8964f" testId="6eec0dc7-fe14-847d-e115-78ed160605ed" testName="TryAddFilter_IfFoundAppropriateSecondIndexGenerator_SuccessAndAddToIndex" computerName="DKSR-EFI-04" duration="00:00:00.0043225" startTime="2023-12-22T09:34:25.8346384+01:00" endTime="2023-12-22T09:34:25.8502628+01:00" testType="13cdc9d9-ddb5-4fa4-a97d-d965ccfc6d4b" outcome="Passed" testListId="8c84fa94-04c1-424b-9868-57a2d4851a1d" relativeResultsDirectory="0335617e-d558-4ca4-8708-4cd36ee8964f" />
    <UnitTestResult executionId="040fca16-0dab-42a5-99de-a512de634174" testId="9291b085-7d5d-7b2c-58f1-87e09b641a41" testName="IsDataClassAllowed_UnknownMessageWithStringsInsideDictionaryDataClass_ShouldReturnTrue" computerName="DKSR-EFI-04" duration="00:00:00.0001566" startTime="2023-12-22T09:34:25.0065093+01:00" endTime="2023-12-22T09:34:25.0065093+01:00" testType="13cdc9d9-ddb5-4fa4-a97d-d965ccfc6d4b" outcome="Passed" testListId="8c84fa94-04c1-424b-9868-57a2d4851a1d" relativeResultsDirectory="040fca16-0dab-42a5-99de-a512de634174" />
    <UnitTestResult executionId="a6ffb516-db2f-4665-919e-ae5665cd9cb3" testId="4c8cf4a4-74f6-fe0e-325e-53157afe4b89" testName="MessageBroker_NotReturnsEvents_WhenNotAuthorized" computerName="DKSR-EFI-04" duration="00:00:00.0034158" startTime="2023-12-22T09:34:25.5846382+01:00" endTime="2023-12-22T09:34:25.6002625+01:00" testType="13cdc9d9-ddb5-4fa4-a97d-d965ccfc6d4b" outcome="Passed" testListId="8c84fa94-04c1-424b-9868-57a2d4851a1d" relativeResultsDirectory="a6ffb516-db2f-4665-919e-ae5665cd9cb3" />
    <UnitTestResult executionId="aca786b6-f90b-44cf-8d3c-de3eac043f67" testId="34fe41f2-1d6b-ddee-0512-893db0843e94" testName="Match_WhenMessageNotInDictionary_Fail" computerName="DKSR-EFI-04" duration="00:00:00.0009147" startTime="2023-12-22T09:34:25.8971395+01:00" endTime="2023-12-22T09:34:25.8971395+01:00" testType="13cdc9d9-ddb5-4fa4-a97d-d965ccfc6d4b" outcome="Passed" testListId="8c84fa94-04c1-424b-9868-57a2d4851a1d" relativeResultsDirectory="aca786b6-f90b-44cf-8d3c-de3eac043f67" />
    <UnitTestResult executionId="458b5bcc-2546-4d43-8237-a0d897d05804" testId="e6c8519d-54ac-dfdc-945d-9f4f599b2ab1" testName="TryAddFilter_MatchMessageIdExactly_Supported" computerName="DKSR-EFI-04" duration="00:00:00.0583468" startTime="2023-12-22T09:34:25.6940138+01:00" endTime="2023-12-22T09:34:25.7565122+01:00" testType="13cdc9d9-ddb5-4fa4-a97d-d965ccfc6d4b" outcome="Passed" testListId="8c84fa94-04c1-424b-9868-57a2d4851a1d" relativeResultsDirectory="458b5bcc-2546-4d43-8237-a0d897d05804" />
    <UnitTestResult executionId="bfb375f1-1f43-4861-81b6-081550e7aef2" testId="c9ea0b24-01c9-21b8-17e3-8ca97ee4e524" testName="TryAddFilter_MessageWithAsterixStart_Supported" computerName="DKSR-EFI-04" duration="00:00:00.0002634" startTime="2023-12-22T09:34:25.7565122+01:00" endTime="2023-12-22T09:34:25.7565122+01:00" testType="13cdc9d9-ddb5-4fa4-a97d-d965ccfc6d4b" outcome="Passed" testListId="8c84fa94-04c1-424b-9868-57a2d4851a1d" relativeResultsDirectory="bfb375f1-1f43-4861-81b6-081550e7aef2" />
    <UnitTestResult executionId="b5b12b75-e0ea-4a6d-84f0-fa650e84fb78" testId="2c883b50-1f2d-94ed-710e-5a2439ad52ed" testName="TryAddFilter_MessageWithAsterixEnd_Supported" computerName="DKSR-EFI-04" duration="00:00:00.0006085" startTime="2023-12-22T09:34:25.7565122+01:00" endTime="2023-12-22T09:34:25.7565122+01:00" testType="13cdc9d9-ddb5-4fa4-a97d-d965ccfc6d4b" outcome="Passed" testListId="8c84fa94-04c1-424b-9868-57a2d4851a1d" relativeResultsDirectory="b5b12b75-e0ea-4a6d-84f0-fa650e84fb78" />
    <UnitTestResult executionId="48740a8c-a1b7-42fb-8f69-8584a6a12f17" testId="8be7adfa-e4d4-8237-8d02-b630c1840675" testName="IsDataClassAllowed_UnknownMessageWithNonAllowedDataClass_ShouldReturnFalse" computerName="DKSR-EFI-04" duration="00:00:00.0001493" startTime="2023-12-22T09:34:25.0065093+01:00" endTime="2023-12-22T09:34:25.0065093+01:00" testType="13cdc9d9-ddb5-4fa4-a97d-d965ccfc6d4b" outcome="Passed" testListId="8c84fa94-04c1-424b-9868-57a2d4851a1d" relativeResultsDirectory="48740a8c-a1b7-42fb-8f69-8584a6a12f17" />
    <UnitTestResult executionId="4153a40d-169c-44da-9757-b0174a06f17d" testId="3dfa2096-0145-d292-39a4-62c134bf36cf" testName="IsDataClassAllowed_WithFalseCachedEntry_ShouldStillReturnFalse" computerName="DKSR-EFI-04" duration="00:00:00.0000997" startTime="2023-12-22T09:34:25.0065093+01:00" endTime="2023-12-22T09:34:25.0065093+01:00" testType="13cdc9d9-ddb5-4fa4-a97d-d965ccfc6d4b" outcome="Passed" testListId="8c84fa94-04c1-424b-9868-57a2d4851a1d" relativeResultsDirectory="4153a40d-169c-44da-9757-b0174a06f17d" />
    <UnitTestResult executionId="69a9391a-de7b-4306-aa92-9399c80bfb03" testId="198a1914-b262-0eef-fa2b-34256d357d00" testName="IsDataClassAllowed_KnownMessageWithAllowedTypeInDataClass_ShouldReturnTrue" computerName="DKSR-EFI-04" duration="00:00:00.0006534" startTime="2023-12-22T09:34:25.0065093+01:00" endTime="2023-12-22T09:34:25.0065093+01:00" testType="13cdc9d9-ddb5-4fa4-a97d-d965ccfc6d4b" outcome="Passed" testListId="8c84fa94-04c1-424b-9868-57a2d4851a1d" relativeResultsDirectory="69a9391a-de7b-4306-aa92-9399c80bfb03" />
    <UnitTestResult executionId="b508461c-b3a6-4aa2-9749-7a72103f2a85" testId="21bba085-2b1b-5566-9716-6797626dfb64" testName="IsDataClassAllowed_NullMessage_ShouldReturnFalse" computerName="DKSR-EFI-04" duration="00:00:00.0000832" startTime="2023-12-22T09:34:25.0065093+01:00" endTime="2023-12-22T09:34:25.0065093+01:00" testType="13cdc9d9-ddb5-4fa4-a97d-d965ccfc6d4b" outcome="Passed" testListId="8c84fa94-04c1-424b-9868-57a2d4851a1d" relativeResultsDirectory="b508461c-b3a6-4aa2-9749-7a72103f2a85" />
    <UnitTestResult executionId="b30ab5f8-dc5d-445f-817c-33a9fad791e7" testId="c7bd77e3-5d4e-55d4-d71d-9ce7192fbc66" testName="MessageBroker_Throws_WhenTransmittingNotAuthorized" computerName="DKSR-EFI-04" duration="00:00:00.0105383" startTime="2023-12-22T09:34:25.6002625+01:00" endTime="2023-12-22T09:34:25.6002625+01:00" testType="13cdc9d9-ddb5-4fa4-a97d-d965ccfc6d4b" outcome="Passed" testListId="8c84fa94-04c1-424b-9868-57a2d4851a1d" relativeResultsDirectory="b30ab5f8-dc5d-445f-817c-33a9fad791e7" />
    <UnitTestResult executionId="c8ceb768-43ed-4ef6-8a35-bc544ffdbf26" testId="f56fadaf-d4a0-5e41-f17c-59007a2d81b0" testName="AddToIndex_Success" computerName="DKSR-EFI-04" duration="00:00:00.0004155" startTime="2023-12-22T09:34:25.9127637+01:00" endTime="2023-12-22T09:34:25.9127637+01:00" testType="13cdc9d9-ddb5-4fa4-a97d-d965ccfc6d4b" outcome="Passed" testListId="8c84fa94-04c1-424b-9868-57a2d4851a1d" relativeResultsDirectory="c8ceb768-43ed-4ef6-8a35-bc544ffdbf26" />
    <UnitTestResult executionId="c7a342e2-64c0-479c-9938-837fa8f37d25" testId="8f95f4e7-db2b-7d5d-8d7d-4722b98e8a5c" testName="IsDataClassAllowed_KnownMessageWithAllowedArrayInDataClass_ShouldReturnTrue" computerName="DKSR-EFI-04" duration="00:00:00.0001329" startTime="2023-12-22T09:34:25.0065093+01:00" endTime="2023-12-22T09:34:25.0065093+01:00" testType="13cdc9d9-ddb5-4fa4-a97d-d965ccfc6d4b" outcome="Passed" testListId="8c84fa94-04c1-424b-9868-57a2d4851a1d" relativeResultsDirectory="c7a342e2-64c0-479c-9938-837fa8f37d25" />
    <UnitTestResult executionId="ba34fdcc-cea4-4aea-8708-fcf66b0441fb" testId="fc8e8eed-81fc-c75b-afc7-3f5cc7ebcb35" testName="IsAppropriate_WhenMessageIdPresentAnySourceNoEventHeaderAndNoAsterix_Success" computerName="DKSR-EFI-04" duration="00:00:00.0003078" startTime="2023-12-22T09:34:25.9127637+01:00" endTime="2023-12-22T09:34:25.9127637+01:00" testType="13cdc9d9-ddb5-4fa4-a97d-d965ccfc6d4b" outcome="Passed" testListId="8c84fa94-04c1-424b-9868-57a2d4851a1d" relativeResultsDirectory="ba34fdcc-cea4-4aea-8708-fcf66b0441fb" />
    <UnitTestResult executionId="f81ddb03-e8d7-44fa-9397-86049d396830" testId="42a1fab2-5dcf-99fb-ce43-aefb53ad015f" testName="IsDataClassAllowed_UnknownMessageWithProhibitedDataClass_ShouldReturnFalse" computerName="DKSR-EFI-04" duration="00:00:00.0000819" startTime="2023-12-22T09:34:25.0065093+01:00" endTime="2023-12-22T09:34:25.0065093+01:00" testType="13cdc9d9-ddb5-4fa4-a97d-d965ccfc6d4b" outcome="Passed" testListId="8c84fa94-04c1-424b-9868-57a2d4851a1d" relativeResultsDirectory="f81ddb03-e8d7-44fa-9397-86049d396830" />
    <UnitTestResult executionId="2a87566e-d112-4230-ade3-b4ebbda1b717" testId="2adde89d-6ae1-848f-3564-1770308b9165" testName="TryAddFilter_IfFoundAppropriateIndexGenerator_SuccessAndAddToIndex" computerName="DKSR-EFI-04" duration="00:00:00.0037030" startTime="2023-12-22T09:34:25.8346384+01:00" endTime="2023-12-22T09:34:25.8346384+01:00" testType="13cdc9d9-ddb5-4fa4-a97d-d965ccfc6d4b" outcome="Passed" testListId="8c84fa94-04c1-424b-9868-57a2d4851a1d" relativeResultsDirectory="2a87566e-d112-4230-ade3-b4ebbda1b717" />
    <UnitTestResult executionId="7dab8f18-cff9-42ee-b1b0-bb624361a246" testId="66ebb927-ffcf-f2ed-c8f8-518246ebf7fd" testName="RemoveFromIndex_Success" computerName="DKSR-EFI-04" duration="00:00:00.0008433" startTime="2023-12-22T09:34:25.8971395+01:00" endTime="2023-12-22T09:34:25.9127637+01:00" testType="13cdc9d9-ddb5-4fa4-a97d-d965ccfc6d4b" outcome="Passed" testListId="8c84fa94-04c1-424b-9868-57a2d4851a1d" relativeResultsDirectory="7dab8f18-cff9-42ee-b1b0-bb624361a246" />
    <UnitTestResult executionId="af5b23b0-e51e-4de2-afc0-863dabee257e" testId="5be1ba42-b198-637f-b732-382887979f6b" testName="TryRemoveFilter_WhenThereWas2SuchFilters_StillMatches" computerName="DKSR-EFI-04" duration="00:00:00.0004811" startTime="2023-12-22T09:34:25.7565122+01:00" endTime="2023-12-22T09:34:25.7565122+01:00" testType="13cdc9d9-ddb5-4fa4-a97d-d965ccfc6d4b" outcome="Passed" testListId="8c84fa94-04c1-424b-9868-57a2d4851a1d" relativeResultsDirectory="af5b23b0-e51e-4de2-afc0-863dabee257e" />
    <UnitTestResult executionId="2c3516cc-533d-4ceb-8203-49c45f057a67" testId="d0fcb0f3-b750-3b5e-a94f-90d9c846ee3f" testName="Match_WhenMessageNotInDictionary_Fail" computerName="DKSR-EFI-04" duration="00:00:00.0001640" startTime="2023-12-22T09:34:25.8971395+01:00" endTime="2023-12-22T09:34:25.8971395+01:00" testType="13cdc9d9-ddb5-4fa4-a97d-d965ccfc6d4b" outcome="Passed" testListId="8c84fa94-04c1-424b-9868-57a2d4851a1d" relativeResultsDirectory="2c3516cc-533d-4ceb-8203-49c45f057a67" />
    <UnitTestResult executionId="33a6ee0e-d61f-494b-86bf-762a0157ae6f" testId="6d97b1d0-806a-7f7f-8a77-f1cd0edae0e2" testName="IsDataClassAllowed_UnknownMessageWithNonAllowedInsideDictionaryDataClass_ShouldReturnFalse" computerName="DKSR-EFI-04" duration="00:00:00.0001544" startTime="2023-12-22T09:34:25.0065093+01:00" endTime="2023-12-22T09:34:25.0065093+01:00" testType="13cdc9d9-ddb5-4fa4-a97d-d965ccfc6d4b" outcome="Passed" testListId="8c84fa94-04c1-424b-9868-57a2d4851a1d" relativeResultsDirectory="33a6ee0e-d61f-494b-86bf-762a0157ae6f" />
    <UnitTestResult executionId="7d804c51-79fe-49c9-91a1-0bbdd37dcb84" testId="0d7cc8a7-1aef-b9a3-0af6-922bc8e56cb8" testName="TryRemoveFilter_IfNotExists_Fail" computerName="DKSR-EFI-04" duration="00:00:00.0002773" startTime="2023-12-22T09:34:25.8502628+01:00" endTime="2023-12-22T09:34:25.8502628+01:00" testType="13cdc9d9-ddb5-4fa4-a97d-d965ccfc6d4b" outcome="Passed" testListId="8c84fa94-04c1-424b-9868-57a2d4851a1d" relativeResultsDirectory="7d804c51-79fe-49c9-91a1-0bbdd37dcb84" />
    <UnitTestResult executionId="903cf028-58d5-4b63-871b-1e795a7c4329" testId="3ec67596-4bb4-33eb-05ab-85a3a29dbb26" testName="TryIsMatch_WhenSupportedAsterixEndMessage_Success" computerName="DKSR-EFI-04" duration="00:00:00.0006234" startTime="2023-12-22T09:34:25.7565122+01:00" endTime="2023-12-22T09:34:25.7565122+01:00" testType="13cdc9d9-ddb5-4fa4-a97d-d965ccfc6d4b" outcome="Passed" testListId="8c84fa94-04c1-424b-9868-57a2d4851a1d" relativeResultsDirectory="903cf028-58d5-4b63-871b-1e795a7c4329" />
    <UnitTestResult executionId="b1ac6e26-17c9-42a1-b0cf-71952cfe7d9b" testId="abf4a9c3-b4a2-bb50-9b30-09a3278ea52b" testName="TryRemoveFilter_WhenExistsSuchFilter_Success" computerName="DKSR-EFI-04" duration="00:00:00.0010836" startTime="2023-12-22T09:34:25.7565122+01:00" endTime="2023-12-22T09:34:25.7565122+01:00" testType="13cdc9d9-ddb5-4fa4-a97d-d965ccfc6d4b" outcome="Passed" testListId="8c84fa94-04c1-424b-9868-57a2d4851a1d" relativeResultsDirectory="b1ac6e26-17c9-42a1-b0cf-71952cfe7d9b" />
    <UnitTestResult executionId="952eb97a-43e7-47d6-963f-6c103cc982e4" testId="6f75e36e-4a39-6a27-afb4-a6259deb4209" testName="IsMatch_IfWeHaveMatch_Success" computerName="DKSR-EFI-04" duration="00:00:00.0307189" startTime="2023-12-22T09:34:25.8502628+01:00" endTime="2023-12-22T09:34:25.8815141+01:00" testType="13cdc9d9-ddb5-4fa4-a97d-d965ccfc6d4b" outcome="Passed" testListId="8c84fa94-04c1-424b-9868-57a2d4851a1d" relativeResultsDirectory="952eb97a-43e7-47d6-963f-6c103cc982e4" />
    <UnitTestResult executionId="a0084170-e023-4a77-87c8-46d4d82112f1" testId="a626b8b6-8380-5bb4-43cf-9d4641816a03" testName="IsDataClassAllowed_KnownMessageWithAllowedEmptyDataClass_ShouldReturnTrue" computerName="DKSR-EFI-04" duration="00:00:00.0000791" startTime="2023-12-22T09:34:25.0065093+01:00" endTime="2023-12-22T09:34:25.0065093+01:00" testType="13cdc9d9-ddb5-4fa4-a97d-d965ccfc6d4b" outcome="Passed" testListId="8c84fa94-04c1-424b-9868-57a2d4851a1d" relativeResultsDirectory="a0084170-e023-4a77-87c8-46d4d82112f1" />
    <UnitTestResult executionId="2cd7674a-9d1d-464a-b9bb-92df08fbd700" testId="5f7737ec-307e-eb82-047d-4b86b201c4a0" testName="Match_WhenMessageInDictionaryWithCountZero_Fail" computerName="DKSR-EFI-04" duration="00:00:00.0010164" startTime="2023-12-22T09:34:25.8971395+01:00" endTime="2023-12-22T09:34:25.8971395+01:00" testType="13cdc9d9-ddb5-4fa4-a97d-d965ccfc6d4b" outcome="Passed" testListId="8c84fa94-04c1-424b-9868-57a2d4851a1d" relativeResultsDirectory="2cd7674a-9d1d-464a-b9bb-92df08fbd700" />
    <UnitTestResult executionId="06b7cf9c-05ba-4eb0-83a9-534a91ec0a90" testId="c8a1d0a5-bf23-85ba-7378-68916f899c45" testName="TryIsMatch_WhenSupportedAsterixStartMessage_Success" computerName="DKSR-EFI-04" duration="00:00:00.0005589" startTime="2023-12-22T09:34:25.7565122+01:00" endTime="2023-12-22T09:34:25.7565122+01:00" testType="13cdc9d9-ddb5-4fa4-a97d-d965ccfc6d4b" outcome="Passed" testListId="8c84fa94-04c1-424b-9868-57a2d4851a1d" relativeResultsDirectory="06b7cf9c-05ba-4eb0-83a9-534a91ec0a90" />
    <UnitTestResult executionId="7ecf07db-1352-43b5-829c-06094d93cae2" testId="916107df-13be-b12b-df15-54b0cc700c4d" testName="IsDataClassAllowed_KnownMessageWithDisallowedTypeInDataClass_ShouldReturnFalse" computerName="DKSR-EFI-04" duration="00:00:00.0001650" startTime="2023-12-22T09:34:25.0065093+01:00" endTime="2023-12-22T09:34:25.0065093+01:00" testType="13cdc9d9-ddb5-4fa4-a97d-d965ccfc6d4b" outcome="Passed" testListId="8c84fa94-04c1-424b-9868-57a2d4851a1d" relativeResultsDirectory="7ecf07db-1352-43b5-829c-06094d93cae2" />
    <UnitTestResult executionId="f197dc81-a56e-435c-a552-04c08a09eb94" testId="8a4ae8fd-6ddb-0b2f-405d-e384341f5652" testName="IsAppropriate_WhenAsterixPresentAnySourceNoEventHeader_Success" computerName="DKSR-EFI-04" duration="00:00:00.0004158" startTime="2023-12-22T09:34:25.8971395+01:00" endTime="2023-12-22T09:34:25.8971395+01:00" testType="13cdc9d9-ddb5-4fa4-a97d-d965ccfc6d4b" outcome="Passed" testListId="8c84fa94-04c1-424b-9868-57a2d4851a1d" relativeResultsDirectory="f197dc81-a56e-435c-a552-04c08a09eb94" />
    <UnitTestResult executionId="00716197-d527-4f70-aa50-5e1d85417fbe" testId="3c6c6aaf-b123-e657-6247-95b2b09a211e" testName="IsDataClassAllowed_KnownMessageWithDisallowedEmptyDataClass_ShouldReturnFalse" computerName="DKSR-EFI-04" duration="00:00:00.0000740" startTime="2023-12-22T09:34:25.0065093+01:00" endTime="2023-12-22T09:34:25.0065093+01:00" testType="13cdc9d9-ddb5-4fa4-a97d-d965ccfc6d4b" outcome="Passed" testListId="8c84fa94-04c1-424b-9868-57a2d4851a1d" relativeResultsDirectory="00716197-d527-4f70-aa50-5e1d85417fbe" />
    <UnitTestResult executionId="7149ef32-80cd-4ec1-a902-ade9a4a09009" testId="edab2c2d-f44e-6cc0-3f10-60796a996981" testName="AddToIndex_Success" computerName="DKSR-EFI-04" duration="00:00:00.0027183" startTime="2023-12-22T09:34:25.8971395+01:00" endTime="2023-12-22T09:34:25.8971395+01:00" testType="13cdc9d9-ddb5-4fa4-a97d-d965ccfc6d4b" outcome="Passed" testListId="8c84fa94-04c1-424b-9868-57a2d4851a1d" relativeResultsDirectory="7149ef32-80cd-4ec1-a902-ade9a4a09009" />
    <UnitTestResult executionId="1ddba843-b06e-4ac4-8f60-366fb6a3cd30" testId="7f6ab09a-e83e-7cf2-5641-4fb72155528b" testName="TryRemoveFilter_IfFoundAppropriateSecondIndexGenerator_SuccessAndRemoveFromIndex" computerName="DKSR-EFI-04" duration="00:00:00.0041616" startTime="2023-12-22T09:34:25.8502628+01:00" endTime="2023-12-22T09:34:25.8502628+01:00" testType="13cdc9d9-ddb5-4fa4-a97d-d965ccfc6d4b" outcome="Passed" testListId="8c84fa94-04c1-424b-9868-57a2d4851a1d" relativeResultsDirectory="1ddba843-b06e-4ac4-8f60-366fb6a3cd30" />
  </Results>
  <TestDefinitions>
    <UnitTest name="Match_WhenMessageNotInDictionary_Fail" storage="d:\actions-runner\_work\xpco\xpco\eventserver\server\components\central\videoos.eventserver.messages.domain.unittest\bin\debug\net472\videoos.eventserver.messages.domain.unittest.dll" id="34fe41f2-1d6b-ddee-0512-893db0843e94">
      <Execution id="aca786b6-f90b-44cf-8d3c-de3eac043f67" />
      <TestMethod codeBase="D:\actions-runner\_work\XPCO\XPCO\EventServer\Server\Components\Central\VideoOS.EventServer.Messages.Domain.UnitTest\bin\Debug\net472\VideoOS.EventServer.Messages.Domain.UnitTest.dll" adapterTypeName="executor://mstestadapter/v2" className="VideoOS.EventServer.Messages.Domain.UnitTest.Matchers.AsterixMatchersTests" name="Match_WhenMessageNotInDictionary_Fail" />
    </UnitTest>
    <UnitTest name="TryAddFilter_IfAllreadyExists_Fail" storage="d:\actions-runner\_work\xpco\xpco\eventserver\server\components\central\videoos.eventserver.messages.domain.unittest\bin\debug\net472\videoos.eventserver.messages.domain.unittest.dll" id="032c33a4-1179-d47c-ea02-d13026e04f93">
      <Execution id="f9660f9c-288e-4b9c-b8a5-ba6a3348702e" />
      <TestMethod codeBase="D:\actions-runner\_work\XPCO\XPCO\EventServer\Server\Components\Central\VideoOS.EventServer.Messages.Domain.UnitTest\bin\Debug\net472\VideoOS.EventServer.Messages.Domain.UnitTest.dll" adapterTypeName="executor://mstestadapter/v2" className="VideoOS.EventServer.Messages.Domain.UnitTest.MessageIdFilterIndexTests" name="TryAddFilter_IfAllreadyExists_Fail" />
    </UnitTest>
    <UnitTest name="TryIsMatch_WhenNotSupportedMessage_Fail" storage="d:\actions-runner\_work\xpco\xpco\eventserver\server\components\central\videoos.eventserver.messages.domain.unittest\bin\debug\net472\videoos.eventserver.messages.domain.unittest.dll" id="18db568e-7d86-0287-9408-86b43e7edd41">
      <Execution id="e5aa41a4-9bc7-421b-a905-b22397bd1543" />
      <TestMethod codeBase="D:\actions-runner\_work\XPCO\XPCO\EventServer\Server\Components\Central\VideoOS.EventServer.Messages.Domain.UnitTest\bin\Debug\net472\VideoOS.EventServer.Messages.Domain.UnitTest.dll" adapterTypeName="executor://mstestadapter/v2" className="VideoOS.EventServer.Messages.Domain.UnitTest.MessageIdFilterIndexIntegrationTests" name="TryIsMatch_WhenNotSupportedMessage_Fail" />
    </UnitTest>
    <UnitTest name="TryAddFilter_IfFoundAppropriateIndexGenerator_SuccessAndAddToIndex" storage="d:\actions-runner\_work\xpco\xpco\eventserver\server\components\central\videoos.eventserver.messages.domain.unittest\bin\debug\net472\videoos.eventserver.messages.domain.unittest.dll" id="2adde89d-6ae1-848f-3564-1770308b9165">
      <Execution id="2a87566e-d112-4230-ade3-b4ebbda1b717" />
      <TestMethod codeBase="D:\actions-runner\_work\XPCO\XPCO\EventServer\Server\Components\Central\VideoOS.EventServer.Messages.Domain.UnitTest\bin\Debug\net472\VideoOS.EventServer.Messages.Domain.UnitTest.dll" adapterTypeName="executor://mstestadapter/v2" className="VideoOS.EventServer.Messages.Domain.UnitTest.MessageIdFilterIndexTests" name="TryAddFilter_IfFoundAppropriateIndexGenerator_SuccessAndAddToIndex" />
    </UnitTest>
    <UnitTest name="IsDataClassAllowed_KnownMessageWithAllowedTypeInDataClass_ShouldReturnTrue" storage="d:\actions-runner\_work\xpco\xpco\eventserver\server\components\central\videoos.eventserver.messages.domain.unittest\bin\debug\net472\videoos.eventserver.messages.domain.unittest.dll" id="198a1914-b262-0eef-fa2b-34256d357d00">
      <Execution id="69a9391a-de7b-4306-aa92-9399c80bfb03" />
      <TestMethod codeBase="D:\actions-runner\_work\XPCO\XPCO\EventServer\Server\Components\Central\VideoOS.EventServer.Messages.Domain.UnitTest\bin\Debug\net472\VideoOS.EventServer.Messages.Domain.UnitTest.dll" adapterTypeName="executor://mstestadapter/v2" className="VideoOS.EventServer.Messages.Domain.UnitTest.DataClassVerifierTests" name="IsDataClassAllowed_KnownMessageWithAllowedTypeInDataClass_ShouldReturnTrue" />
    </UnitTest>
    <UnitTest name="IsDataClassAllowed_UnknownMessageWithEmptyDataClass_ShouldReturnTrue" storage="d:\actions-runner\_work\xpco\xpco\eventserver\server\components\central\videoos.eventserver.messages.domain.unittest\bin\debug\net472\videoos.eventserver.messages.domain.unittest.dll" id="8f7dedfe-c967-e6a1-428b-2ddd4af1bfa8">
      <Execution id="ab42ca44-c71b-4362-bdb6-450db252949c" />
      <TestMethod codeBase="D:\actions-runner\_work\XPCO\XPCO\EventServer\Server\Components\Central\VideoOS.EventServer.Messages.Domain.UnitTest\bin\Debug\net472\VideoOS.EventServer.Messages.Domain.UnitTest.dll" adapterTypeName="executor://mstestadapter/v2" className="VideoOS.EventServer.Messages.Domain.UnitTest.DataClassVerifierTests" name="IsDataClassAllowed_UnknownMessageWithEmptyDataClass_ShouldReturnTrue" />
    </UnitTest>
    <UnitTest name="IsDataClassAllowed_UnknownMessageWithNullDataClass_ShouldReturnFalse" storage="d:\actions-runner\_work\xpco\xpco\eventserver\server\components\central\videoos.eventserver.messages.domain.unittest\bin\debug\net472\videoos.eventserver.messages.domain.unittest.dll" id="b41ea076-b32e-377a-f1c1-4a4b33c8d881">
      <Execution id="33fd9447-1db3-48ab-aaab-82bfd6fa812e" />
      <TestMethod codeBase="D:\actions-runner\_work\XPCO\XPCO\EventServer\Server\Components\Central\VideoOS.EventServer.Messages.Domain.UnitTest\bin\Debug\net472\VideoOS.EventServer.Messages.Domain.UnitTest.dll" adapterTypeName="executor://mstestadapter/v2" className="VideoOS.EventServer.Messages.Domain.UnitTest.DataClassVerifierTests" name="IsDataClassAllowed_UnknownMessageWithNullDataClass_ShouldReturnFalse" />
    </UnitTest>
    <UnitTest name="IsDataClassAllowed_UnknownMessageWithStringsInsideDictionaryDataClass_ShouldReturnTrue" storage="d:\actions-runner\_work\xpco\xpco\eventserver\server\components\central\videoos.eventserver.messages.domain.unittest\bin\debug\net472\videoos.eventserver.messages.domain.unittest.dll" id="9291b085-7d5d-7b2c-58f1-87e09b641a41">
      <Execution id="040fca16-0dab-42a5-99de-a512de634174" />
      <TestMethod codeBase="D:\actions-runner\_work\XPCO\XPCO\EventServer\Server\Components\Central\VideoOS.EventServer.Messages.Domain.UnitTest\bin\Debug\net472\VideoOS.EventServer.Messages.Domain.UnitTest.dll" adapterTypeName="executor://mstestadapter/v2" className="VideoOS.EventServer.Messages.Domain.UnitTest.DataClassVerifierTests" name="IsDataClassAllowed_UnknownMessageWithStringsInsideDictionaryDataClass_ShouldReturnTrue" />
    </UnitTest>
    <UnitTest name="IsDataClassAllowed_UnknownMessageWithNonSystemDataClass_ShouldReturnTrue" storage="d:\actions-runner\_work\xpco\xpco\eventserver\server\components\central\videoos.eventserver.messages.domain.unittest\bin\debug\net472\videoos.eventserver.messages.domain.unittest.dll" id="b7c8b9d0-2cda-9dd4-c151-ebae2a056cd3">
      <Execution id="24b40dda-ec7c-453f-968b-eee7db93f809" />
      <TestMethod codeBase="D:\actions-runner\_work\XPCO\XPCO\EventServer\Server\Components\Central\VideoOS.EventServer.Messages.Domain.UnitTest\bin\Debug\net472\VideoOS.EventServer.Messages.Domain.UnitTest.dll" adapterTypeName="executor://mstestadapter/v2" className="VideoOS.EventServer.Messages.Domain.UnitTest.DataClassVerifierTests" name="IsDataClassAllowed_UnknownMessageWithNonSystemDataClass_ShouldReturnTrue" />
    </UnitTest>
    <UnitTest name="TryAddFilter_MessageWithAsterixEnd_Supported" storage="d:\actions-runner\_work\xpco\xpco\eventserver\server\components\central\videoos.eventserver.messages.domain.unittest\bin\debug\net472\videoos.eventserver.messages.domain.unittest.dll" id="2c883b50-1f2d-94ed-710e-5a2439ad52ed">
      <Execution id="b5b12b75-e0ea-4a6d-84f0-fa650e84fb78" />
      <TestMethod codeBase="D:\actions-runner\_work\XPCO\XPCO\EventServer\Server\Components\Central\VideoOS.EventServer.Messages.Domain.UnitTest\bin\Debug\net472\VideoOS.EventServer.Messages.Domain.UnitTest.dll" adapterTypeName="executor://mstestadapter/v2" className="VideoOS.EventServer.Messages.Domain.UnitTest.MessageIdFilterIndexIntegrationTests" name="TryAddFilter_MessageWithAsterixEnd_Supported" />
    </UnitTest>
    <UnitTest name="MessageBroker_NotReturnsEvents_WhenNotAuthorized" storage="d:\actions-runner\_work\xpco\xpco\eventserver\server\components\central\videoos.eventserver.messages.domain.unittest\bin\debug\net472\videoos.eventserver.messages.domain.unittest.dll" id="4c8cf4a4-74f6-fe0e-325e-53157afe4b89">
      <Execution id="a6ffb516-db2f-4665-919e-ae5665cd9cb3" />
      <TestMethod codeBase="D:\actions-runner\_work\XPCO\XPCO\EventServer\Server\Components\Central\VideoOS.EventServer.Messages.Domain.UnitTest\bin\Debug\net472\VideoOS.EventServer.Messages.Domain.UnitTest.dll" adapterTypeName="executor://mstestadapter/v2" className="VideoOS.EventServer.Messages.Domain.UnitTest.MessageBrokerTests" name="MessageBroker_NotReturnsEvents_WhenNotAuthorized" />
    </UnitTest>
    <UnitTest name="Match_WhenMessageNotInDictionary_Fail" storage="d:\actions-runner\_work\xpco\xpco\eventserver\server\components\central\videoos.eventserver.messages.domain.unittest\bin\debug\net472\videoos.eventserver.messages.domain.unittest.dll" id="d0fcb0f3-b750-3b5e-a94f-90d9c846ee3f">
      <Execution id="2c3516cc-533d-4ceb-8203-49c45f057a67" />
      <TestMethod codeBase="D:\actions-runner\_work\XPCO\XPCO\EventServer\Server\Components\Central\VideoOS.EventServer.Messages.Domain.UnitTest\bin\Debug\net472\VideoOS.EventServer.Messages.Domain.UnitTest.dll" adapterTypeName="executor://mstestadapter/v2" className="VideoOS.EventServer.Messages.Domain.UnitTest.Matchers.StrictMatcherTests" name="Match_WhenMessageNotInDictionary_Fail" />
    </UnitTest>
    <UnitTest name="IsDataClassAllowed_UnknownMessageWithNonAllowedInsideDictionaryDataClass_ShouldReturnFalse" storage="d:\actions-runner\_work\xpco\xpco\eventserver\server\components\central\videoos.eventserver.messages.domain.unittest\bin\debug\net472\videoos.eventserver.messages.domain.unittest.dll" id="6d97b1d0-806a-7f7f-8a77-f1cd0edae0e2">
      <Execution id="33a6ee0e-d61f-494b-86bf-762a0157ae6f" />
      <TestMethod codeBase="D:\actions-runner\_work\XPCO\XPCO\EventServer\Server\Components\Central\VideoOS.EventServer.Messages.Domain.UnitTest\bin\Debug\net472\VideoOS.EventServer.Messages.Domain.UnitTest.dll" adapterTypeName="executor://mstestadapter/v2" className="VideoOS.EventServer.Messages.Domain.UnitTest.DataClassVerifierTests" name="IsDataClassAllowed_UnknownMessageWithNonAllowedInsideDictionaryDataClass_ShouldReturnFalse" />
    </UnitTest>
    <UnitTest name="Match_WhenMessageInDictionaryWithCountZero_Fail" storage="d:\actions-runner\_work\xpco\xpco\eventserver\server\components\central\videoos.eventserver.messages.domain.unittest\bin\debug\net472\videoos.eventserver.messages.domain.unittest.dll" id="c2027d7d-f11f-14b9-2ce8-a53086bd7e7c">
      <Execution id="1cfaae32-c255-42be-bac2-edc970c40326" />
      <TestMethod codeBase="D:\actions-runner\_work\XPCO\XPCO\EventServer\Server\Components\Central\VideoOS.EventServer.Messages.Domain.UnitTest\bin\Debug\net472\VideoOS.EventServer.Messages.Domain.UnitTest.dll" adapterTypeName="executor://mstestadapter/v2" className="VideoOS.EventServer.Messages.Domain.UnitTest.Matchers.StrictMatcherTests" name="Match_WhenMessageInDictionaryWithCountZero_Fail" />
    </UnitTest>
    <UnitTest name="IsAppropriate_WhenAsterixPresentAnySourceNoEventHeader_Success" storage="d:\actions-runner\_work\xpco\xpco\eventserver\server\components\central\videoos.eventserver.messages.domain.unittest\bin\debug\net472\videoos.eventserver.messages.domain.unittest.dll" id="8a4ae8fd-6ddb-0b2f-405d-e384341f5652">
      <Execution id="f197dc81-a56e-435c-a552-04c08a09eb94" />
      <TestMethod codeBase="D:\actions-runner\_work\XPCO\XPCO\EventServer\Server\Components\Central\VideoOS.EventServer.Messages.Domain.UnitTest\bin\Debug\net472\VideoOS.EventServer.Messages.Domain.UnitTest.dll" adapterTypeName="executor://mstestadapter/v2" className="VideoOS.EventServer.Messages.Domain.UnitTest.Generators.AsterixMessageIndexGeneratorTests" name="IsAppropriate_WhenAsterixPresentAnySourceNoEventHeader_Success" />
    </UnitTest>
    <UnitTest name="IsDataClassAllowed_UnknownMessageWithStringDataClass_ShouldReturnTrue" storage="d:\actions-runner\_work\xpco\xpco\eventserver\server\components\central\videoos.eventserver.messages.domain.unittest\bin\debug\net472\videoos.eventserver.messages.domain.unittest.dll" id="74b42e1b-c363-bb8b-5f39-b06c2eb52ee7">
      <Execution id="811e36bf-88d9-4ea1-be71-fb7d35eb0ef2" />
      <TestMethod codeBase="D:\actions-runner\_work\XPCO\XPCO\EventServer\Server\Components\Central\VideoOS.EventServer.Messages.Domain.UnitTest\bin\Debug\net472\VideoOS.EventServer.Messages.Domain.UnitTest.dll" adapterTypeName="executor://mstestadapter/v2" className="VideoOS.EventServer.Messages.Domain.UnitTest.DataClassVerifierTests" name="IsDataClassAllowed_UnknownMessageWithStringDataClass_ShouldReturnTrue" />
    </UnitTest>
    <UnitTest name="TryIsMatch_WhenSupportedAsterixStartMessage_Success" storage="d:\actions-runner\_work\xpco\xpco\eventserver\server\components\central\videoos.eventserver.messages.domain.unittest\bin\debug\net472\videoos.eventserver.messages.domain.unittest.dll" id="c8a1d0a5-bf23-85ba-7378-68916f899c45">
      <Execution id="06b7cf9c-05ba-4eb0-83a9-534a91ec0a90" />
      <TestMethod codeBase="D:\actions-runner\_work\XPCO\XPCO\EventServer\Server\Components\Central\VideoOS.EventServer.Messages.Domain.UnitTest\bin\Debug\net472\VideoOS.EventServer.Messages.Domain.UnitTest.dll" adapterTypeName="executor://mstestadapter/v2" className="VideoOS.EventServer.Messages.Domain.UnitTest.MessageIdFilterIndexIntegrationTests" name="TryIsMatch_WhenSupportedAsterixStartMessage_Success" />
    </UnitTest>
    <UnitTest name="IsDataClassAllowed_NullMessage_ShouldReturnFalse" storage="d:\actions-runner\_work\xpco\xpco\eventserver\server\components\central\videoos.eventserver.messages.domain.unittest\bin\debug\net472\videoos.eventserver.messages.domain.unittest.dll" id="21bba085-2b1b-5566-9716-6797626dfb64">
      <Execution id="b508461c-b3a6-4aa2-9749-7a72103f2a85" />
      <TestMethod codeBase="D:\actions-runner\_work\XPCO\XPCO\EventServer\Server\Components\Central\VideoOS.EventServer.Messages.Domain.UnitTest\bin\Debug\net472\VideoOS.EventServer.Messages.Domain.UnitTest.dll" adapterTypeName="executor://mstestadapter/v2" className="VideoOS.EventServer.Messages.Domain.UnitTest.DataClassVerifierTests" name="IsDataClassAllowed_NullMessage_ShouldReturnFalse" />
    </UnitTest>
    <UnitTest name="IsMatch_IfNoMatch_Fail" storage="d:\actions-runner\_work\xpco\xpco\eventserver\server\components\central\videoos.eventserver.messages.domain.unittest\bin\debug\net472\videoos.eventserver.messages.domain.unittest.dll" id="28eda3ef-5150-89a2-2188-4e006994e2d1">
      <Execution id="03e8b305-bf59-42c5-853c-e964c5b3814b" />
      <TestMethod codeBase="D:\actions-runner\_work\XPCO\XPCO\EventServer\Server\Components\Central\VideoOS.EventServer.Messages.Domain.UnitTest\bin\Debug\net472\VideoOS.EventServer.Messages.Domain.UnitTest.dll" adapterTypeName="executor://mstestadapter/v2" className="VideoOS.EventServer.Messages.Domain.UnitTest.MessageIdFilterIndexTests" name="IsMatch_IfNoMatch_Fail" />
    </UnitTest>
    <UnitTest name="TryRemoveFilter_IfNotFoundAppropriateIndexGenerator_Fail" storage="d:\actions-runner\_work\xpco\xpco\eventserver\server\components\central\videoos.eventserver.messages.domain.unittest\bin\debug\net472\videoos.eventserver.messages.domain.unittest.dll" id="cf9150b8-65e9-b7c9-4f95-19c402d58f79">
      <Execution id="80b6baf7-f8e0-48ba-be74-64647f9316bc" />
      <TestMethod codeBase="D:\actions-runner\_work\XPCO\XPCO\EventServer\Server\Components\Central\VideoOS.EventServer.Messages.Domain.UnitTest\bin\Debug\net472\VideoOS.EventServer.Messages.Domain.UnitTest.dll" adapterTypeName="executor://mstestadapter/v2" className="VideoOS.EventServer.Messages.Domain.UnitTest.MessageIdFilterIndexTests" name="TryRemoveFilter_IfNotFoundAppropriateIndexGenerator_Fail" />
    </UnitTest>
    <UnitTest name="IsDataClassAllowed_UnknownMessageWithProhibitedDataClass_ShouldReturnFalse" storage="d:\actions-runner\_work\xpco\xpco\eventserver\server\components\central\videoos.eventserver.messages.domain.unittest\bin\debug\net472\videoos.eventserver.messages.domain.unittest.dll" id="42a1fab2-5dcf-99fb-ce43-aefb53ad015f">
      <Execution id="f81ddb03-e8d7-44fa-9397-86049d396830" />
      <TestMethod codeBase="D:\actions-runner\_work\XPCO\XPCO\EventServer\Server\Components\Central\VideoOS.EventServer.Messages.Domain.UnitTest\bin\Debug\net472\VideoOS.EventServer.Messages.Domain.UnitTest.dll" adapterTypeName="executor://mstestadapter/v2" className="VideoOS.EventServer.Messages.Domain.UnitTest.DataClassVerifierTests" name="IsDataClassAllowed_UnknownMessageWithProhibitedDataClass_ShouldReturnFalse" />
    </UnitTest>
    <UnitTest name="AddToIndex_Success" storage="d:\actions-runner\_work\xpco\xpco\eventserver\server\components\central\videoos.eventserver.messages.domain.unittest\bin\debug\net472\videoos.eventserver.messages.domain.unittest.dll" id="f56fadaf-d4a0-5e41-f17c-59007a2d81b0">
      <Execution id="c8ceb768-43ed-4ef6-8a35-bc544ffdbf26" />
      <TestMethod codeBase="D:\actions-runner\_work\XPCO\XPCO\EventServer\Server\Components\Central\VideoOS.EventServer.Messages.Domain.UnitTest\bin\Debug\net472\VideoOS.EventServer.Messages.Domain.UnitTest.dll" adapterTypeName="executor://mstestadapter/v2" className="VideoOS.EventServer.Messages.Domain.UnitTest.Generators.StrictMessageIndexGeneratorTests" name="AddToIndex_Success" />
    </UnitTest>
    <UnitTest name="TryRemoveFilter_IfFoundAppropriateIndexGenerator_SuccessAndRemoveFromIndex" storage="d:\actions-runner\_work\xpco\xpco\eventserver\server\components\central\videoos.eventserver.messages.domain.unittest\bin\debug\net472\videoos.eventserver.messages.domain.unittest.dll" id="d949d46b-5147-8e98-77e8-a21905fdbfb8">
      <Execution id="850d9a90-67e2-40ec-8f30-d8fb1a7afb0a" />
      <TestMethod codeBase="D:\actions-runner\_work\XPCO\XPCO\EventServer\Server\Components\Central\VideoOS.EventServer.Messages.Domain.UnitTest\bin\Debug\net472\VideoOS.EventServer.Messages.Domain.UnitTest.dll" adapterTypeName="executor://mstestadapter/v2" className="VideoOS.EventServer.Messages.Domain.UnitTest.MessageIdFilterIndexTests" name="TryRemoveFilter_IfFoundAppropriateIndexGenerator_SuccessAndRemoveFromIndex" />
    </UnitTest>
    <UnitTest name="IsMatch_IfWeHaveMatch_Success" storage="d:\actions-runner\_work\xpco\xpco\eventserver\server\components\central\videoos.eventserver.messages.domain.unittest\bin\debug\net472\videoos.eventserver.messages.domain.unittest.dll" id="6f75e36e-4a39-6a27-afb4-a6259deb4209">
      <Execution id="952eb97a-43e7-47d6-963f-6c103cc982e4" />
      <TestMethod codeBase="D:\actions-runner\_work\XPCO\XPCO\EventServer\Server\Components\Central\VideoOS.EventServer.Messages.Domain.UnitTest\bin\Debug\net472\VideoOS.EventServer.Messages.Domain.UnitTest.dll" adapterTypeName="executor://mstestadapter/v2" className="VideoOS.EventServer.Messages.Domain.UnitTest.MessageIdFilterIndexTests" name="IsMatch_IfWeHaveMatch_Success" />
    </UnitTest>
    <UnitTest name="IsAppropriate_WhenAsterix_Fail" storage="d:\actions-runner\_work\xpco\xpco\eventserver\server\components\central\videoos.eventserver.messages.domain.unittest\bin\debug\net472\videoos.eventserver.messages.domain.unittest.dll" id="9f307a7c-c162-0362-7879-a5564cdd2b9a">
      <Execution id="642b873c-14d9-47c2-8a87-7d40f2726fb0" />
      <TestMethod codeBase="D:\actions-runner\_work\XPCO\XPCO\EventServer\Server\Components\Central\VideoOS.EventServer.Messages.Domain.UnitTest\bin\Debug\net472\VideoOS.EventServer.Messages.Domain.UnitTest.dll" adapterTypeName="executor://mstestadapter/v2" className="VideoOS.EventServer.Messages.Domain.UnitTest.Generators.StrictMessageIndexGeneratorTests" name="IsAppropriate_WhenAsterix_Fail" />
    </UnitTest>
    <UnitTest name="IsAppropriate_WhenEventHeaderTypePresent_Fail" storage="d:\actions-runner\_work\xpco\xpco\eventserver\server\components\central\videoos.eventserver.messages.domain.unittest\bin\debug\net472\videoos.eventserver.messages.domain.unittest.dll" id="e6d98596-eea3-d246-18c5-5488e2501730">
      <Execution id="e5eaee62-72a9-40b2-a249-f0ca990745b9" />
      <TestMethod codeBase="D:\actions-runner\_work\XPCO\XPCO\EventServer\Server\Components\Central\VideoOS.EventServer.Messages.Domain.UnitTest\bin\Debug\net472\VideoOS.EventServer.Messages.Domain.UnitTest.dll" adapterTypeName="executor://mstestadapter/v2" className="VideoOS.EventServer.Messages.Domain.UnitTest.Generators.StrictMessageIndexGeneratorTests" name="IsAppropriate_WhenEventHeaderTypePresent_Fail" />
    </UnitTest>
    <UnitTest name="IsDataClassAllowed_KnownMessageWithDisallowedEmptyDataClass_ShouldReturnFalse" storage="d:\actions-runner\_work\xpco\xpco\eventserver\server\components\central\videoos.eventserver.messages.domain.unittest\bin\debug\net472\videoos.eventserver.messages.domain.unittest.dll" id="3c6c6aaf-b123-e657-6247-95b2b09a211e">
      <Execution id="00716197-d527-4f70-aa50-5e1d85417fbe" />
      <TestMethod codeBase="D:\actions-runner\_work\XPCO\XPCO\EventServer\Server\Components\Central\VideoOS.EventServer.Messages.Domain.UnitTest\bin\Debug\net472\VideoOS.EventServer.Messages.Domain.UnitTest.dll" adapterTypeName="executor://mstestadapter/v2" className="VideoOS.EventServer.Messages.Domain.UnitTest.DataClassVerifierTests" name="IsDataClassAllowed_KnownMessageWithDisallowedEmptyDataClass_ShouldReturnFalse" />
    </UnitTest>
    <UnitTest name="TryIsMatch_WhenSupportedExactMessage_Success" storage="d:\actions-runner\_work\xpco\xpco\eventserver\server\components\central\videoos.eventserver.messages.domain.unittest\bin\debug\net472\videoos.eventserver.messages.domain.unittest.dll" id="5b00a042-1d1f-6801-eabd-1cc024691d2c">
      <Execution id="f74bce52-56d7-4e71-88c1-a970d6fc3fd4" />
      <TestMethod codeBase="D:\actions-runner\_work\XPCO\XPCO\EventServer\Server\Components\Central\VideoOS.EventServer.Messages.Domain.UnitTest\bin\Debug\net472\VideoOS.EventServer.Messages.Domain.UnitTest.dll" adapterTypeName="executor://mstestadapter/v2" className="VideoOS.EventServer.Messages.Domain.UnitTest.MessageIdFilterIndexIntegrationTests" name="TryIsMatch_WhenSupportedExactMessage_Success" />
    </UnitTest>
    <UnitTest name="Match_WhenMessageInDictionaryWithCountMoreThanZero_Success" storage="d:\actions-runner\_work\xpco\xpco\eventserver\server\components\central\videoos.eventserver.messages.domain.unittest\bin\debug\net472\videoos.eventserver.messages.domain.unittest.dll" id="3f8e697f-c443-349a-ee0b-e81124da9774">
      <Execution id="fc9e90bd-d57f-464e-92b6-246d7391770e" />
      <TestMethod codeBase="D:\actions-runner\_work\XPCO\XPCO\EventServer\Server\Components\Central\VideoOS.EventServer.Messages.Domain.UnitTest\bin\Debug\net472\VideoOS.EventServer.Messages.Domain.UnitTest.dll" adapterTypeName="executor://mstestadapter/v2" className="VideoOS.EventServer.Messages.Domain.UnitTest.Matchers.AsterixMatchersTests" name="Match_WhenMessageInDictionaryWithCountMoreThanZero_Success" />
    </UnitTest>
    <UnitTest name="RemoveFromIndex_Success" storage="d:\actions-runner\_work\xpco\xpco\eventserver\server\components\central\videoos.eventserver.messages.domain.unittest\bin\debug\net472\videoos.eventserver.messages.domain.unittest.dll" id="66ebb927-ffcf-f2ed-c8f8-518246ebf7fd">
      <Execution id="7dab8f18-cff9-42ee-b1b0-bb624361a246" />
      <TestMethod codeBase="D:\actions-runner\_work\XPCO\XPCO\EventServer\Server\Components\Central\VideoOS.EventServer.Messages.Domain.UnitTest\bin\Debug\net472\VideoOS.EventServer.Messages.Domain.UnitTest.dll" adapterTypeName="executor://mstestadapter/v2" className="VideoOS.EventServer.Messages.Domain.UnitTest.Generators.AsterixMessageIndexGeneratorTests" name="RemoveFromIndex_Success" />
    </UnitTest>
    <UnitTest name="IsDataClassAllowed_KnownMessageWithDisallowedTypeInDataClass_ShouldReturnFalse" storage="d:\actions-runner\_work\xpco\xpco\eventserver\server\components\central\videoos.eventserver.messages.domain.unittest\bin\debug\net472\videoos.eventserver.messages.domain.unittest.dll" id="916107df-13be-b12b-df15-54b0cc700c4d">
      <Execution id="7ecf07db-1352-43b5-829c-06094d93cae2" />
      <TestMethod codeBase="D:\actions-runner\_work\XPCO\XPCO\EventServer\Server\Components\Central\VideoOS.EventServer.Messages.Domain.UnitTest\bin\Debug\net472\VideoOS.EventServer.Messages.Domain.UnitTest.dll" adapterTypeName="executor://mstestadapter/v2" className="VideoOS.EventServer.Messages.Domain.UnitTest.DataClassVerifierTests" name="IsDataClassAllowed_KnownMessageWithDisallowedTypeInDataClass_ShouldReturnFalse" />
    </UnitTest>
    <UnitTest name="RemoveFromIndex_Success" storage="d:\actions-runner\_work\xpco\xpco\eventserver\server\components\central\videoos.eventserver.messages.domain.unittest\bin\debug\net472\videoos.eventserver.messages.domain.unittest.dll" id="e980bdcf-5eda-c8e6-3b2b-f9876a3f1723">
      <Execution id="c8c975c3-1a35-4f2f-b221-4aa1eb66ef51" />
      <TestMethod codeBase="D:\actions-runner\_work\XPCO\XPCO\EventServer\Server\Components\Central\VideoOS.EventServer.Messages.Domain.UnitTest\bin\Debug\net472\VideoOS.EventServer.Messages.Domain.UnitTest.dll" adapterTypeName="executor://mstestadapter/v2" className="VideoOS.EventServer.Messages.Domain.UnitTest.Generators.StrictMessageIndexGeneratorTests" name="RemoveFromIndex_Success" />
    </UnitTest>
    <UnitTest name="TryAddFilter_IfNotFoundAppropriateIndexGenerator_Fail" storage="d:\actions-runner\_work\xpco\xpco\eventserver\server\components\central\videoos.eventserver.messages.domain.unittest\bin\debug\net472\videoos.eventserver.messages.domain.unittest.dll" id="8c99323a-b791-dc7b-008e-35009645804a">
      <Execution id="4f9368eb-ae42-4019-afc6-73de854e6774" />
      <TestMethod codeBase="D:\actions-runner\_work\XPCO\XPCO\EventServer\Server\Components\Central\VideoOS.EventServer.Messages.Domain.UnitTest\bin\Debug\net472\VideoOS.EventServer.Messages.Domain.UnitTest.dll" adapterTypeName="executor://mstestadapter/v2" className="VideoOS.EventServer.Messages.Domain.UnitTest.MessageIdFilterIndexTests" name="TryAddFilter_IfNotFoundAppropriateIndexGenerator_Fail" />
    </UnitTest>
    <UnitTest name="TryRemoveFilter_WhenExistsSuchFilter_Success" storage="d:\actions-runner\_work\xpco\xpco\eventserver\server\components\central\videoos.eventserver.messages.domain.unittest\bin\debug\net472\videoos.eventserver.messages.domain.unittest.dll" id="abf4a9c3-b4a2-bb50-9b30-09a3278ea52b">
      <Execution id="b1ac6e26-17c9-42a1-b0cf-71952cfe7d9b" />
      <TestMethod codeBase="D:\actions-runner\_work\XPCO\XPCO\EventServer\Server\Components\Central\VideoOS.EventServer.Messages.Domain.UnitTest\bin\Debug\net472\VideoOS.EventServer.Messages.Domain.UnitTest.dll" adapterTypeName="executor://mstestadapter/v2" className="VideoOS.EventServer.Messages.Domain.UnitTest.MessageIdFilterIndexIntegrationTests" name="TryRemoveFilter_WhenExistsSuchFilter_Success" />
    </UnitTest>
    <UnitTest name="AddToIndex_Success" storage="d:\actions-runner\_work\xpco\xpco\eventserver\server\components\central\videoos.eventserver.messages.domain.unittest\bin\debug\net472\videoos.eventserver.messages.domain.unittest.dll" id="edab2c2d-f44e-6cc0-3f10-60796a996981">
      <Execution id="7149ef32-80cd-4ec1-a902-ade9a4a09009" />
      <TestMethod codeBase="D:\actions-runner\_work\XPCO\XPCO\EventServer\Server\Components\Central\VideoOS.EventServer.Messages.Domain.UnitTest\bin\Debug\net472\VideoOS.EventServer.Messages.Domain.UnitTest.dll" adapterTypeName="executor://mstestadapter/v2" className="VideoOS.EventServer.Messages.Domain.UnitTest.Generators.AsterixMessageIndexGeneratorTests" name="AddToIndex_Success" />
    </UnitTest>
    <UnitTest name="TryAddFilter_IfFoundAppropriateSecondIndexGenerator_SuccessAndAddToIndex" storage="d:\actions-runner\_work\xpco\xpco\eventserver\server\components\central\videoos.eventserver.messages.domain.unittest\bin\debug\net472\videoos.eventserver.messages.domain.unittest.dll" id="6eec0dc7-fe14-847d-e115-78ed160605ed">
      <Execution id="0335617e-d558-4ca4-8708-4cd36ee8964f" />
      <TestMethod codeBase="D:\actions-runner\_work\XPCO\XPCO\EventServer\Server\Components\Central\VideoOS.EventServer.Messages.Domain.UnitTest\bin\Debug\net472\VideoOS.EventServer.Messages.Domain.UnitTest.dll" adapterTypeName="executor://mstestadapter/v2" className="VideoOS.EventServer.Messages.Domain.UnitTest.MessageIdFilterIndexTests" name="TryAddFilter_IfFoundAppropriateSecondIndexGenerator_SuccessAndAddToIndex" />
    </UnitTest>
    <UnitTest name="IsDataClassAllowed_KnownMessageWithAllowedArrayInDataClass_ShouldReturnTrue" storage="d:\actions-runner\_work\xpco\xpco\eventserver\server\components\central\videoos.eventserver.messages.domain.unittest\bin\debug\net472\videoos.eventserver.messages.domain.unittest.dll" id="8f95f4e7-db2b-7d5d-8d7d-4722b98e8a5c">
      <Execution id="c7a342e2-64c0-479c-9938-837fa8f37d25" />
      <TestMethod codeBase="D:\actions-runner\_work\XPCO\XPCO\EventServer\Server\Components\Central\VideoOS.EventServer.Messages.Domain.UnitTest\bin\Debug\net472\VideoOS.EventServer.Messages.Domain.UnitTest.dll" adapterTypeName="executor://mstestadapter/v2" className="VideoOS.EventServer.Messages.Domain.UnitTest.DataClassVerifierTests" name="IsDataClassAllowed_KnownMessageWithAllowedArrayInDataClass_ShouldReturnTrue" />
    </UnitTest>
    <UnitTest name="Match_WhenMessageInDictionaryWithCountMoreThanZero_Success" storage="d:\actions-runner\_work\xpco\xpco\eventserver\server\components\central\videoos.eventserver.messages.domain.unittest\bin\debug\net472\videoos.eventserver.messages.domain.unittest.dll" id="8ed0a37f-0b2f-b660-e1af-3c18b84dd713">
      <Execution id="4d0f0f82-4d0c-4540-b885-fb379a7ee4e8" />
      <TestMethod codeBase="D:\actions-runner\_work\XPCO\XPCO\EventServer\Server\Components\Central\VideoOS.EventServer.Messages.Domain.UnitTest\bin\Debug\net472\VideoOS.EventServer.Messages.Domain.UnitTest.dll" adapterTypeName="executor://mstestadapter/v2" className="VideoOS.EventServer.Messages.Domain.UnitTest.Matchers.StrictMatcherTests" name="Match_WhenMessageInDictionaryWithCountMoreThanZero_Success" />
    </UnitTest>
    <UnitTest name="IsDataClassAllowed_UnknownMessageWithNonAllowedDataClass_ShouldReturnFalse" storage="d:\actions-runner\_work\xpco\xpco\eventserver\server\components\central\videoos.eventserver.messages.domain.unittest\bin\debug\net472\videoos.eventserver.messages.domain.unittest.dll" id="8be7adfa-e4d4-8237-8d02-b630c1840675">
      <Execution id="48740a8c-a1b7-42fb-8f69-8584a6a12f17" />
      <TestMethod codeBase="D:\actions-runner\_work\XPCO\XPCO\EventServer\Server\Components\Central\VideoOS.EventServer.Messages.Domain.UnitTest\bin\Debug\net472\VideoOS.EventServer.Messages.Domain.UnitTest.dll" adapterTypeName="executor://mstestadapter/v2" className="VideoOS.EventServer.Messages.Domain.UnitTest.DataClassVerifierTests" name="IsDataClassAllowed_UnknownMessageWithNonAllowedDataClass_ShouldReturnFalse" />
    </UnitTest>
    <UnitTest name="TryAddFilter_MessageWithAsterixStart_Supported" storage="d:\actions-runner\_work\xpco\xpco\eventserver\server\components\central\videoos.eventserver.messages.domain.unittest\bin\debug\net472\videoos.eventserver.messages.domain.unittest.dll" id="c9ea0b24-01c9-21b8-17e3-8ca97ee4e524">
      <Execution id="bfb375f1-1f43-4861-81b6-081550e7aef2" />
      <TestMethod codeBase="D:\actions-runner\_work\XPCO\XPCO\EventServer\Server\Components\Central\VideoOS.EventServer.Messages.Domain.UnitTest\bin\Debug\net472\VideoOS.EventServer.Messages.Domain.UnitTest.dll" adapterTypeName="executor://mstestadapter/v2" className="VideoOS.EventServer.Messages.Domain.UnitTest.MessageIdFilterIndexIntegrationTests" name="TryAddFilter_MessageWithAsterixStart_Supported" />
    </UnitTest>
    <UnitTest name="IsDataClassAllowed_WithFalseCachedEntry_ShouldStillReturnFalse" storage="d:\actions-runner\_work\xpco\xpco\eventserver\server\components\central\videoos.eventserver.messages.domain.unittest\bin\debug\net472\videoos.eventserver.messages.domain.unittest.dll" id="3dfa2096-0145-d292-39a4-62c134bf36cf">
      <Execution id="4153a40d-169c-44da-9757-b0174a06f17d" />
      <TestMethod codeBase="D:\actions-runner\_work\XPCO\XPCO\EventServer\Server\Components\Central\VideoOS.EventServer.Messages.Domain.UnitTest\bin\Debug\net472\VideoOS.EventServer.Messages.Domain.UnitTest.dll" adapterTypeName="executor://mstestadapter/v2" className="VideoOS.EventServer.Messages.Domain.UnitTest.DataClassVerifierTests" name="IsDataClassAllowed_WithFalseCachedEntry_ShouldStillReturnFalse" />
    </UnitTest>
    <UnitTest name="IsAppropriate_WhenEndPointNotNull_Fail" storage="d:\actions-runner\_work\xpco\xpco\eventserver\server\components\central\videoos.eventserver.messages.domain.unittest\bin\debug\net472\videoos.eventserver.messages.domain.unittest.dll" id="4ec490c5-6a2e-bdcb-adbe-d64333cea10f">
      <Execution id="9c9f6987-137c-4d44-9dd5-0a671d370e11" />
      <TestMethod codeBase="D:\actions-runner\_work\XPCO\XPCO\EventServer\Server\Components\Central\VideoOS.EventServer.Messages.Domain.UnitTest\bin\Debug\net472\VideoOS.EventServer.Messages.Domain.UnitTest.dll" adapterTypeName="executor://mstestadapter/v2" className="VideoOS.EventServer.Messages.Domain.UnitTest.Generators.AsterixMessageIndexGeneratorTests" name="IsAppropriate_WhenEndPointNotNull_Fail" />
    </UnitTest>
    <UnitTest name="MessageBroker_ReturnsEvents_WhenAuthorized" storage="d:\actions-runner\_work\xpco\xpco\eventserver\server\components\central\videoos.eventserver.messages.domain.unittest\bin\debug\net472\videoos.eventserver.messages.domain.unittest.dll" id="38dded71-b366-328f-7baf-ca7548bee4e2">
      <Execution id="b77d6194-07c1-4f4d-a09f-ed3b33119205" />
      <TestMethod codeBase="D:\actions-runner\_work\XPCO\XPCO\EventServer\Server\Components\Central\VideoOS.EventServer.Messages.Domain.UnitTest\bin\Debug\net472\VideoOS.EventServer.Messages.Domain.UnitTest.dll" adapterTypeName="executor://mstestadapter/v2" className="VideoOS.EventServer.Messages.Domain.UnitTest.MessageBrokerTests" name="MessageBroker_ReturnsEvents_WhenAuthorized" />
    </UnitTest>
    <UnitTest name="Match_WhenMessageInDictionaryWithCountZero_Fail" storage="d:\actions-runner\_work\xpco\xpco\eventserver\server\components\central\videoos.eventserver.messages.domain.unittest\bin\debug\net472\videoos.eventserver.messages.domain.unittest.dll" id="5f7737ec-307e-eb82-047d-4b86b201c4a0">
      <Execution id="2cd7674a-9d1d-464a-b9bb-92df08fbd700" />
      <TestMethod codeBase="D:\actions-runner\_work\XPCO\XPCO\EventServer\Server\Components\Central\VideoOS.EventServer.Messages.Domain.UnitTest\bin\Debug\net472\VideoOS.EventServer.Messages.Domain.UnitTest.dll" adapterTypeName="executor://mstestadapter/v2" className="VideoOS.EventServer.Messages.Domain.UnitTest.Matchers.AsterixMatchersTests" name="Match_WhenMessageInDictionaryWithCountZero_Fail" />
    </UnitTest>
    <UnitTest name="IsAppropriate_WhenEndPointNotNull_Fail" storage="d:\actions-runner\_work\xpco\xpco\eventserver\server\components\central\videoos.eventserver.messages.domain.unittest\bin\debug\net472\videoos.eventserver.messages.domain.unittest.dll" id="3c1cda84-46ca-8515-43c2-6ded231e4edd">
      <Execution id="5c1bff21-09fe-40ba-a79a-4611d37accbe" />
      <TestMethod codeBase="D:\actions-runner\_work\XPCO\XPCO\EventServer\Server\Components\Central\VideoOS.EventServer.Messages.Domain.UnitTest\bin\Debug\net472\VideoOS.EventServer.Messages.Domain.UnitTest.dll" adapterTypeName="executor://mstestadapter/v2" className="VideoOS.EventServer.Messages.Domain.UnitTest.Generators.StrictMessageIndexGeneratorTests" name="IsAppropriate_WhenEndPointNotNull_Fail" />
    </UnitTest>
    <UnitTest name="TryAddFilter_MatchMessageIdExactly_Supported" storage="d:\actions-runner\_work\xpco\xpco\eventserver\server\components\central\videoos.eventserver.messages.domain.unittest\bin\debug\net472\videoos.eventserver.messages.domain.unittest.dll" id="e6c8519d-54ac-dfdc-945d-9f4f599b2ab1">
      <Execution id="458b5bcc-2546-4d43-8237-a0d897d05804" />
      <TestMethod codeBase="D:\actions-runner\_work\XPCO\XPCO\EventServer\Server\Components\Central\VideoOS.EventServer.Messages.Domain.UnitTest\bin\Debug\net472\VideoOS.EventServer.Messages.Domain.UnitTest.dll" adapterTypeName="executor://mstestadapter/v2" className="VideoOS.EventServer.Messages.Domain.UnitTest.MessageIdFilterIndexIntegrationTests" name="TryAddFilter_MatchMessageIdExactly_Supported" />
    </UnitTest>
    <UnitTest name="IsDataClassAllowed_KnownMessageWithAllowedEmptyDataClass_ShouldReturnTrue" storage="d:\actions-runner\_work\xpco\xpco\eventserver\server\components\central\videoos.eventserver.messages.domain.unittest\bin\debug\net472\videoos.eventserver.messages.domain.unittest.dll" id="a626b8b6-8380-5bb4-43cf-9d4641816a03">
      <Execution id="a0084170-e023-4a77-87c8-46d4d82112f1" />
      <TestMethod codeBase="D:\actions-runner\_work\XPCO\XPCO\EventServer\Server\Components\Central\VideoOS.EventServer.Messages.Domain.UnitTest\bin\Debug\net472\VideoOS.EventServer.Messages.Domain.UnitTest.dll" adapterTypeName="executor://mstestadapter/v2" className="VideoOS.EventServer.Messages.Domain.UnitTest.DataClassVerifierTests" name="IsDataClassAllowed_KnownMessageWithAllowedEmptyDataClass_ShouldReturnTrue" />
    </UnitTest>
    <UnitTest name="IsAppropriate_WhenStrictMessage_Fail" storage="d:\actions-runner\_work\xpco\xpco\eventserver\server\components\central\videoos.eventserver.messages.domain.unittest\bin\debug\net472\videoos.eventserver.messages.domain.unittest.dll" id="d3757924-78e3-cd0d-7136-c3ae781fd5ef">
      <Execution id="357e63bd-b2bb-4717-acb2-e0d86d557d40" />
      <TestMethod codeBase="D:\actions-runner\_work\XPCO\XPCO\EventServer\Server\Components\Central\VideoOS.EventServer.Messages.Domain.UnitTest\bin\Debug\net472\VideoOS.EventServer.Messages.Domain.UnitTest.dll" adapterTypeName="executor://mstestadapter/v2" className="VideoOS.EventServer.Messages.Domain.UnitTest.Generators.AsterixMessageIndexGeneratorTests" name="IsAppropriate_WhenStrictMessage_Fail" />
    </UnitTest>
    <UnitTest name="MessageBroker_NotThrows_WhenTransmittingNotAuthorized" storage="d:\actions-runner\_work\xpco\xpco\eventserver\server\components\central\videoos.eventserver.messages.domain.unittest\bin\debug\net472\videoos.eventserver.messages.domain.unittest.dll" id="cb28644d-de0f-e51b-d21e-58fb856dcfa7">
      <Execution id="4fe0feb8-2fea-4482-933c-ffb7f90957fd" />
      <TestMethod codeBase="D:\actions-runner\_work\XPCO\XPCO\EventServer\Server\Components\Central\VideoOS.EventServer.Messages.Domain.UnitTest\bin\Debug\net472\VideoOS.EventServer.Messages.Domain.UnitTest.dll" adapterTypeName="executor://mstestadapter/v2" className="VideoOS.EventServer.Messages.Domain.UnitTest.MessageBrokerTests" name="MessageBroker_NotThrows_WhenTransmittingNotAuthorized" />
    </UnitTest>
    <UnitTest name="IsAppropriate_WhenMessageIdPresentAnySourceNoEventHeaderAndNoAsterix_Success" storage="d:\actions-runner\_work\xpco\xpco\eventserver\server\components\central\videoos.eventserver.messages.domain.unittest\bin\debug\net472\videoos.eventserver.messages.domain.unittest.dll" id="fc8e8eed-81fc-c75b-afc7-3f5cc7ebcb35">
      <Execution id="ba34fdcc-cea4-4aea-8708-fcf66b0441fb" />
      <TestMethod codeBase="D:\actions-runner\_work\XPCO\XPCO\EventServer\Server\Components\Central\VideoOS.EventServer.Messages.Domain.UnitTest\bin\Debug\net472\VideoOS.EventServer.Messages.Domain.UnitTest.dll" adapterTypeName="executor://mstestadapter/v2" className="VideoOS.EventServer.Messages.Domain.UnitTest.Generators.StrictMessageIndexGeneratorTests" name="IsAppropriate_WhenMessageIdPresentAnySourceNoEventHeaderAndNoAsterix_Success" />
    </UnitTest>
    <UnitTest name="IsDataClassAllowed_UnknownMessageWithNonAllowedInsideCollectionDataClass_ShouldReturnFalse" storage="d:\actions-runner\_work\xpco\xpco\eventserver\server\components\central\videoos.eventserver.messages.domain.unittest\bin\debug\net472\videoos.eventserver.messages.domain.unittest.dll" id="9e3b9795-58f0-47f8-57cf-570c3699eab6">
      <Execution id="136a48fd-2255-4701-9556-bc44a5226b7a" />
      <TestMethod codeBase="D:\actions-runner\_work\XPCO\XPCO\EventServer\Server\Components\Central\VideoOS.EventServer.Messages.Domain.UnitTest\bin\Debug\net472\VideoOS.EventServer.Messages.Domain.UnitTest.dll" adapterTypeName="executor://mstestadapter/v2" className="VideoOS.EventServer.Messages.Domain.UnitTest.DataClassVerifierTests" name="IsDataClassAllowed_UnknownMessageWithNonAllowedInsideCollectionDataClass_ShouldReturnFalse" />
    </UnitTest>
    <UnitTest name="IsDataClassAllowed_UnknownMessageWithComplexCollectionDataClass_ShouldReturnTrue" storage="d:\actions-runner\_work\xpco\xpco\eventserver\server\components\central\videoos.eventserver.messages.domain.unittest\bin\debug\net472\videoos.eventserver.messages.domain.unittest.dll" id="18414f91-0fb3-aec1-061c-cfcd8a3af089">
      <Execution id="0f7f2066-d753-4dc3-ae08-bb141f83a5f6" />
      <TestMethod codeBase="D:\actions-runner\_work\XPCO\XPCO\EventServer\Server\Components\Central\VideoOS.EventServer.Messages.Domain.UnitTest\bin\Debug\net472\VideoOS.EventServer.Messages.Domain.UnitTest.dll" adapterTypeName="executor://mstestadapter/v2" className="VideoOS.EventServer.Messages.Domain.UnitTest.DataClassVerifierTests" name="IsDataClassAllowed_UnknownMessageWithComplexCollectionDataClass_ShouldReturnTrue" />
    </UnitTest>
    <UnitTest name="TryRemoveFilter_IfFoundAppropriateSecondIndexGenerator_SuccessAndRemoveFromIndex" storage="d:\actions-runner\_work\xpco\xpco\eventserver\server\components\central\videoos.eventserver.messages.domain.unittest\bin\debug\net472\videoos.eventserver.messages.domain.unittest.dll" id="7f6ab09a-e83e-7cf2-5641-4fb72155528b">
      <Execution id="1ddba843-b06e-4ac4-8f60-366fb6a3cd30" />
      <TestMethod codeBase="D:\actions-runner\_work\XPCO\XPCO\EventServer\Server\Components\Central\VideoOS.EventServer.Messages.Domain.UnitTest\bin\Debug\net472\VideoOS.EventServer.Messages.Domain.UnitTest.dll" adapterTypeName="executor://mstestadapter/v2" className="VideoOS.EventServer.Messages.Domain.UnitTest.MessageIdFilterIndexTests" name="TryRemoveFilter_IfFoundAppropriateSecondIndexGenerator_SuccessAndRemoveFromIndex" />
    </UnitTest>
    <UnitTest name="TryRemoveFilter_WhenThereWas2SuchFilters_StillMatches" storage="d:\actions-runner\_work\xpco\xpco\eventserver\server\components\central\videoos.eventserver.messages.domain.unittest\bin\debug\net472\videoos.eventserver.messages.domain.unittest.dll" id="5be1ba42-b198-637f-b732-382887979f6b">
      <Execution id="af5b23b0-e51e-4de2-afc0-863dabee257e" />
      <TestMethod codeBase="D:\actions-runner\_work\XPCO\XPCO\EventServer\Server\Components\Central\VideoOS.EventServer.Messages.Domain.UnitTest\bin\Debug\net472\VideoOS.EventServer.Messages.Domain.UnitTest.dll" adapterTypeName="executor://mstestadapter/v2" className="VideoOS.EventServer.Messages.Domain.UnitTest.MessageIdFilterIndexIntegrationTests" name="TryRemoveFilter_WhenThereWas2SuchFilters_StillMatches" />
    </UnitTest>
    <UnitTest name="TryRemoveFilter_IfNotExists_Fail" storage="d:\actions-runner\_work\xpco\xpco\eventserver\server\components\central\videoos.eventserver.messages.domain.unittest\bin\debug\net472\videoos.eventserver.messages.domain.unittest.dll" id="0d7cc8a7-1aef-b9a3-0af6-922bc8e56cb8">
      <Execution id="7d804c51-79fe-49c9-91a1-0bbdd37dcb84" />
      <TestMethod codeBase="D:\actions-runner\_work\XPCO\XPCO\EventServer\Server\Components\Central\VideoOS.EventServer.Messages.Domain.UnitTest\bin\Debug\net472\VideoOS.EventServer.Messages.Domain.UnitTest.dll" adapterTypeName="executor://mstestadapter/v2" className="VideoOS.EventServer.Messages.Domain.UnitTest.MessageIdFilterIndexTests" name="TryRemoveFilter_IfNotExists_Fail" />
    </UnitTest>
    <UnitTest name="IsDataClassAllowed_UnknownMessageWithSimpleCollectionDataClass_ShouldReturnTrue" storage="d:\actions-runner\_work\xpco\xpco\eventserver\server\components\central\videoos.eventserver.messages.domain.unittest\bin\debug\net472\videoos.eventserver.messages.domain.unittest.dll" id="7bd1db47-c291-292b-6dc3-c83f17351900">
      <Execution id="e8754179-cc9c-4411-84de-5d834afd569e" />
      <TestMethod codeBase="D:\actions-runner\_work\XPCO\XPCO\EventServer\Server\Components\Central\VideoOS.EventServer.Messages.Domain.UnitTest\bin\Debug\net472\VideoOS.EventServer.Messages.Domain.UnitTest.dll" adapterTypeName="executor://mstestadapter/v2" className="VideoOS.EventServer.Messages.Domain.UnitTest.DataClassVerifierTests" name="IsDataClassAllowed_UnknownMessageWithSimpleCollectionDataClass_ShouldReturnTrue" />
    </UnitTest>
    <UnitTest name="MessageBroker_Throws_WhenTransmittingNotAuthorized" storage="d:\actions-runner\_work\xpco\xpco\eventserver\server\components\central\videoos.eventserver.messages.domain.unittest\bin\debug\net472\videoos.eventserver.messages.domain.unittest.dll" id="c7bd77e3-5d4e-55d4-d71d-9ce7192fbc66">
      <Execution id="b30ab5f8-dc5d-445f-817c-33a9fad791e7" />
      <TestMethod codeBase="D:\actions-runner\_work\XPCO\XPCO\EventServer\Server\Components\Central\VideoOS.EventServer.Messages.Domain.UnitTest\bin\Debug\net472\VideoOS.EventServer.Messages.Domain.UnitTest.dll" adapterTypeName="executor://mstestadapter/v2" className="VideoOS.EventServer.Messages.Domain.UnitTest.MessageBrokerTests" name="MessageBroker_Throws_WhenTransmittingNotAuthorized" />
    </UnitTest>
    <UnitTest name="IsDataClassAllowed_WithCachedEntry_ShouldStillReturnTrue" storage="d:\actions-runner\_work\xpco\xpco\eventserver\server\components\central\videoos.eventserver.messages.domain.unittest\bin\debug\net472\videoos.eventserver.messages.domain.unittest.dll" id="42e87207-0403-8564-0033-ecdf029451b4">
      <Execution id="becc0c2c-bc24-4baa-987f-4cf2ecfe9792" />
      <TestMethod codeBase="D:\actions-runner\_work\XPCO\XPCO\EventServer\Server\Components\Central\VideoOS.EventServer.Messages.Domain.UnitTest\bin\Debug\net472\VideoOS.EventServer.Messages.Domain.UnitTest.dll" adapterTypeName="executor://mstestadapter/v2" className="VideoOS.EventServer.Messages.Domain.UnitTest.DataClassVerifierTests" name="IsDataClassAllowed_WithCachedEntry_ShouldStillReturnTrue" />
    </UnitTest>
    <UnitTest name="TryIsMatch_WhenSupportedAsterixEndMessage_Success" storage="d:\actions-runner\_work\xpco\xpco\eventserver\server\components\central\videoos.eventserver.messages.domain.unittest\bin\debug\net472\videoos.eventserver.messages.domain.unittest.dll" id="3ec67596-4bb4-33eb-05ab-85a3a29dbb26">
      <Execution id="903cf028-58d5-4b63-871b-1e795a7c4329" />
      <TestMethod codeBase="D:\actions-runner\_work\XPCO\XPCO\EventServer\Server\Components\Central\VideoOS.EventServer.Messages.Domain.UnitTest\bin\Debug\net472\VideoOS.EventServer.Messages.Domain.UnitTest.dll" adapterTypeName="executor://mstestadapter/v2" className="VideoOS.EventServer.Messages.Domain.UnitTest.MessageIdFilterIndexIntegrationTests" name="TryIsMatch_WhenSupportedAsterixEndMessage_Success" />
    </UnitTest>
  </TestDefinitions>
  <TestEntries>
    <TestEntry testId="3c1cda84-46ca-8515-43c2-6ded231e4edd" executionId="5c1bff21-09fe-40ba-a79a-4611d37accbe" testListId="8c84fa94-04c1-424b-9868-57a2d4851a1d" />
    <TestEntry testId="9e3b9795-58f0-47f8-57cf-570c3699eab6" executionId="136a48fd-2255-4701-9556-bc44a5226b7a" testListId="8c84fa94-04c1-424b-9868-57a2d4851a1d" />
    <TestEntry testId="032c33a4-1179-d47c-ea02-d13026e04f93" executionId="f9660f9c-288e-4b9c-b8a5-ba6a3348702e" testListId="8c84fa94-04c1-424b-9868-57a2d4851a1d" />
    <TestEntry testId="8ed0a37f-0b2f-b660-e1af-3c18b84dd713" executionId="4d0f0f82-4d0c-4540-b885-fb379a7ee4e8" testListId="8c84fa94-04c1-424b-9868-57a2d4851a1d" />
    <TestEntry testId="7bd1db47-c291-292b-6dc3-c83f17351900" executionId="e8754179-cc9c-4411-84de-5d834afd569e" testListId="8c84fa94-04c1-424b-9868-57a2d4851a1d" />
    <TestEntry testId="5b00a042-1d1f-6801-eabd-1cc024691d2c" executionId="f74bce52-56d7-4e71-88c1-a970d6fc3fd4" testListId="8c84fa94-04c1-424b-9868-57a2d4851a1d" />
    <TestEntry testId="e980bdcf-5eda-c8e6-3b2b-f9876a3f1723" executionId="c8c975c3-1a35-4f2f-b221-4aa1eb66ef51" testListId="8c84fa94-04c1-424b-9868-57a2d4851a1d" />
    <TestEntry testId="cb28644d-de0f-e51b-d21e-58fb856dcfa7" executionId="4fe0feb8-2fea-4482-933c-ffb7f90957fd" testListId="8c84fa94-04c1-424b-9868-57a2d4851a1d" />
    <TestEntry testId="d3757924-78e3-cd0d-7136-c3ae781fd5ef" executionId="357e63bd-b2bb-4717-acb2-e0d86d557d40" testListId="8c84fa94-04c1-424b-9868-57a2d4851a1d" />
    <TestEntry testId="b41ea076-b32e-377a-f1c1-4a4b33c8d881" executionId="33fd9447-1db3-48ab-aaab-82bfd6fa812e" testListId="8c84fa94-04c1-424b-9868-57a2d4851a1d" />
    <TestEntry testId="74b42e1b-c363-bb8b-5f39-b06c2eb52ee7" executionId="811e36bf-88d9-4ea1-be71-fb7d35eb0ef2" testListId="8c84fa94-04c1-424b-9868-57a2d4851a1d" />
    <TestEntry testId="18414f91-0fb3-aec1-061c-cfcd8a3af089" executionId="0f7f2066-d753-4dc3-ae08-bb141f83a5f6" testListId="8c84fa94-04c1-424b-9868-57a2d4851a1d" />
    <TestEntry testId="28eda3ef-5150-89a2-2188-4e006994e2d1" executionId="03e8b305-bf59-42c5-853c-e964c5b3814b" testListId="8c84fa94-04c1-424b-9868-57a2d4851a1d" />
    <TestEntry testId="8f7dedfe-c967-e6a1-428b-2ddd4af1bfa8" executionId="ab42ca44-c71b-4362-bdb6-450db252949c" testListId="8c84fa94-04c1-424b-9868-57a2d4851a1d" />
    <TestEntry testId="e6d98596-eea3-d246-18c5-5488e2501730" executionId="e5eaee62-72a9-40b2-a249-f0ca990745b9" testListId="8c84fa94-04c1-424b-9868-57a2d4851a1d" />
    <TestEntry testId="c2027d7d-f11f-14b9-2ce8-a53086bd7e7c" executionId="1cfaae32-c255-42be-bac2-edc970c40326" testListId="8c84fa94-04c1-424b-9868-57a2d4851a1d" />
    <TestEntry testId="42e87207-0403-8564-0033-ecdf029451b4" executionId="becc0c2c-bc24-4baa-987f-4cf2ecfe9792" testListId="8c84fa94-04c1-424b-9868-57a2d4851a1d" />
    <TestEntry testId="4ec490c5-6a2e-bdcb-adbe-d64333cea10f" executionId="9c9f6987-137c-4d44-9dd5-0a671d370e11" testListId="8c84fa94-04c1-424b-9868-57a2d4851a1d" />
    <TestEntry testId="3f8e697f-c443-349a-ee0b-e81124da9774" executionId="fc9e90bd-d57f-464e-92b6-246d7391770e" testListId="8c84fa94-04c1-424b-9868-57a2d4851a1d" />
    <TestEntry testId="d949d46b-5147-8e98-77e8-a21905fdbfb8" executionId="850d9a90-67e2-40ec-8f30-d8fb1a7afb0a" testListId="8c84fa94-04c1-424b-9868-57a2d4851a1d" />
    <TestEntry testId="18db568e-7d86-0287-9408-86b43e7edd41" executionId="e5aa41a4-9bc7-421b-a905-b22397bd1543" testListId="8c84fa94-04c1-424b-9868-57a2d4851a1d" />
    <TestEntry testId="cf9150b8-65e9-b7c9-4f95-19c402d58f79" executionId="80b6baf7-f8e0-48ba-be74-64647f9316bc" testListId="8c84fa94-04c1-424b-9868-57a2d4851a1d" />
    <TestEntry testId="38dded71-b366-328f-7baf-ca7548bee4e2" executionId="b77d6194-07c1-4f4d-a09f-ed3b33119205" testListId="8c84fa94-04c1-424b-9868-57a2d4851a1d" />
    <TestEntry testId="b7c8b9d0-2cda-9dd4-c151-ebae2a056cd3" executionId="24b40dda-ec7c-453f-968b-eee7db93f809" testListId="8c84fa94-04c1-424b-9868-57a2d4851a1d" />
    <TestEntry testId="9f307a7c-c162-0362-7879-a5564cdd2b9a" executionId="642b873c-14d9-47c2-8a87-7d40f2726fb0" testListId="8c84fa94-04c1-424b-9868-57a2d4851a1d" />
    <TestEntry testId="8c99323a-b791-dc7b-008e-35009645804a" executionId="4f9368eb-ae42-4019-afc6-73de854e6774" testListId="8c84fa94-04c1-424b-9868-57a2d4851a1d" />
    <TestEntry testId="6eec0dc7-fe14-847d-e115-78ed160605ed" executionId="0335617e-d558-4ca4-8708-4cd36ee8964f" testListId="8c84fa94-04c1-424b-9868-57a2d4851a1d" />
    <TestEntry testId="9291b085-7d5d-7b2c-58f1-87e09b641a41" executionId="040fca16-0dab-42a5-99de-a512de634174" testListId="8c84fa94-04c1-424b-9868-57a2d4851a1d" />
    <TestEntry testId="4c8cf4a4-74f6-fe0e-325e-53157afe4b89" executionId="a6ffb516-db2f-4665-919e-ae5665cd9cb3" testListId="8c84fa94-04c1-424b-9868-57a2d4851a1d" />
    <TestEntry testId="34fe41f2-1d6b-ddee-0512-893db0843e94" executionId="aca786b6-f90b-44cf-8d3c-de3eac043f67" testListId="8c84fa94-04c1-424b-9868-57a2d4851a1d" />
    <TestEntry testId="e6c8519d-54ac-dfdc-945d-9f4f599b2ab1" executionId="458b5bcc-2546-4d43-8237-a0d897d05804" testListId="8c84fa94-04c1-424b-9868-57a2d4851a1d" />
    <TestEntry testId="c9ea0b24-01c9-21b8-17e3-8ca97ee4e524" executionId="bfb375f1-1f43-4861-81b6-081550e7aef2" testListId="8c84fa94-04c1-424b-9868-57a2d4851a1d" />
    <TestEntry testId="2c883b50-1f2d-94ed-710e-5a2439ad52ed" executionId="b5b12b75-e0ea-4a6d-84f0-fa650e84fb78" testListId="8c84fa94-04c1-424b-9868-57a2d4851a1d" />
    <TestEntry testId="8be7adfa-e4d4-8237-8d02-b630c1840675" executionId="48740a8c-a1b7-42fb-8f69-8584a6a12f17" testListId="8c84fa94-04c1-424b-9868-57a2d4851a1d" />
    <TestEntry testId="3dfa2096-0145-d292-39a4-62c134bf36cf" executionId="4153a40d-169c-44da-9757-b0174a06f17d" testListId="8c84fa94-04c1-424b-9868-57a2d4851a1d" />
    <TestEntry testId="198a1914-b262-0eef-fa2b-34256d357d00" executionId="69a9391a-de7b-4306-aa92-9399c80bfb03" testListId="8c84fa94-04c1-424b-9868-57a2d4851a1d" />
    <TestEntry testId="21bba085-2b1b-5566-9716-6797626dfb64" executionId="b508461c-b3a6-4aa2-9749-7a72103f2a85" testListId="8c84fa94-04c1-424b-9868-57a2d4851a1d" />
    <TestEntry testId="c7bd77e3-5d4e-55d4-d71d-9ce7192fbc66" executionId="b30ab5f8-dc5d-445f-817c-33a9fad791e7" testListId="8c84fa94-04c1-424b-9868-57a2d4851a1d" />
    <TestEntry testId="f56fadaf-d4a0-5e41-f17c-59007a2d81b0" executionId="c8ceb768-43ed-4ef6-8a35-bc544ffdbf26" testListId="8c84fa94-04c1-424b-9868-57a2d4851a1d" />
    <TestEntry testId="8f95f4e7-db2b-7d5d-8d7d-4722b98e8a5c" executionId="c7a342e2-64c0-479c-9938-837fa8f37d25" testListId="8c84fa94-04c1-424b-9868-57a2d4851a1d" />
    <TestEntry testId="fc8e8eed-81fc-c75b-afc7-3f5cc7ebcb35" executionId="ba34fdcc-cea4-4aea-8708-fcf66b0441fb" testListId="8c84fa94-04c1-424b-9868-57a2d4851a1d" />
    <TestEntry testId="42a1fab2-5dcf-99fb-ce43-aefb53ad015f" executionId="f81ddb03-e8d7-44fa-9397-86049d396830" testListId="8c84fa94-04c1-424b-9868-57a2d4851a1d" />
    <TestEntry testId="2adde89d-6ae1-848f-3564-1770308b9165" executionId="2a87566e-d112-4230-ade3-b4ebbda1b717" testListId="8c84fa94-04c1-424b-9868-57a2d4851a1d" />
    <TestEntry testId="66ebb927-ffcf-f2ed-c8f8-518246ebf7fd" executionId="7dab8f18-cff9-42ee-b1b0-bb624361a246" testListId="8c84fa94-04c1-424b-9868-57a2d4851a1d" />
    <TestEntry testId="5be1ba42-b198-637f-b732-382887979f6b" executionId="af5b23b0-e51e-4de2-afc0-863dabee257e" testListId="8c84fa94-04c1-424b-9868-57a2d4851a1d" />
    <TestEntry testId="d0fcb0f3-b750-3b5e-a94f-90d9c846ee3f" executionId="2c3516cc-533d-4ceb-8203-49c45f057a67" testListId="8c84fa94-04c1-424b-9868-57a2d4851a1d" />
    <TestEntry testId="6d97b1d0-806a-7f7f-8a77-f1cd0edae0e2" executionId="33a6ee0e-d61f-494b-86bf-762a0157ae6f" testListId="8c84fa94-04c1-424b-9868-57a2d4851a1d" />
    <TestEntry testId="0d7cc8a7-1aef-b9a3-0af6-922bc8e56cb8" executionId="7d804c51-79fe-49c9-91a1-0bbdd37dcb84" testListId="8c84fa94-04c1-424b-9868-57a2d4851a1d" />
    <TestEntry testId="3ec67596-4bb4-33eb-05ab-85a3a29dbb26" executionId="903cf028-58d5-4b63-871b-1e795a7c4329" testListId="8c84fa94-04c1-424b-9868-57a2d4851a1d" />
    <TestEntry testId="abf4a9c3-b4a2-bb50-9b30-09a3278ea52b" executionId="b1ac6e26-17c9-42a1-b0cf-71952cfe7d9b" testListId="8c84fa94-04c1-424b-9868-57a2d4851a1d" />
    <TestEntry testId="6f75e36e-4a39-6a27-afb4-a6259deb4209" executionId="952eb97a-43e7-47d6-963f-6c103cc982e4" testListId="8c84fa94-04c1-424b-9868-57a2d4851a1d" />
    <TestEntry testId="a626b8b6-8380-5bb4-43cf-9d4641816a03" executionId="a0084170-e023-4a77-87c8-46d4d82112f1" testListId="8c84fa94-04c1-424b-9868-57a2d4851a1d" />
    <TestEntry testId="5f7737ec-307e-eb82-047d-4b86b201c4a0" executionId="2cd7674a-9d1d-464a-b9bb-92df08fbd700" testListId="8c84fa94-04c1-424b-9868-57a2d4851a1d" />
    <TestEntry testId="c8a1d0a5-bf23-85ba-7378-68916f899c45" executionId="06b7cf9c-05ba-4eb0-83a9-534a91ec0a90" testListId="8c84fa94-04c1-424b-9868-57a2d4851a1d" />
    <TestEntry testId="916107df-13be-b12b-df15-54b0cc700c4d" executionId="7ecf07db-1352-43b5-829c-06094d93cae2" testListId="8c84fa94-04c1-424b-9868-57a2d4851a1d" />
    <TestEntry testId="8a4ae8fd-6ddb-0b2f-405d-e384341f5652" executionId="f197dc81-a56e-435c-a552-04c08a09eb94" testListId="8c84fa94-04c1-424b-9868-57a2d4851a1d" />
    <TestEntry testId="3c6c6aaf-b123-e657-6247-95b2b09a211e" executionId="00716197-d527-4f70-aa50-5e1d85417fbe" testListId="8c84fa94-04c1-424b-9868-57a2d4851a1d" />
    <TestEntry testId="edab2c2d-f44e-6cc0-3f10-60796a996981" executionId="7149ef32-80cd-4ec1-a902-ade9a4a09009" testListId="8c84fa94-04c1-424b-9868-57a2d4851a1d" />
    <TestEntry testId="7f6ab09a-e83e-7cf2-5641-4fb72155528b" executionId="1ddba843-b06e-4ac4-8f60-366fb6a3cd30" testListId="8c84fa94-04c1-424b-9868-57a2d4851a1d" />
  </TestEntries>
  <TestLists>
    <TestList name="Results Not in a List" id="8c84fa94-04c1-424b-9868-57a2d4851a1d" />
    <TestList name="All Loaded Results" id="19431567-8539-422a-85d7-44ee4e166bda" />
  </TestLists>
  <ResultSummary outcome="Completed">
    <Counters total="59" executed="59" passed="59" failed="0" error="0" timeout="0" aborted="0" inconclusive="0" passedButRunAborted="0" notRunnable="0" notExecuted="0" disconnected="0" warning="0" completed="0" inProgress="0" pending="0" />
  </ResultSummary>
</TestRun>