<?xml version="1.0" encoding="utf-8"?>
<TestRun id="8e0fb814-5ae6-4566-818d-97c615d1a54f" name="DKSR-EFI-04$@DKSR-EFI-04 2023-12-22 09:32:56" runUser="NT AUTHORITY\NETWORK SERVICE" xmlns="http://microsoft.com/schemas/VisualStudio/TeamTest/2010">
  <Times creation="2023-12-22T09:32:56.3810745+01:00" queuing="2023-12-22T09:32:56.3810745+01:00" start="2023-12-22T09:32:54.7404422+01:00" finish="2023-12-22T09:32:56.4279551+01:00" />
  <TestSettings name="default" id="d5e159ea-e035-48fd-9ce5-4165e615724e">
    <Deployment runDeploymentRoot="DKSR-EFI-04$_DKSR-EFI-04_2023-12-22_09_32_56" />
  </TestSettings>
  <Results>
    <UnitTestResult executionId="dcfb5287-63bc-4f36-810b-57c302931b41" testId="10bfff8b-7347-0c65-15bb-12ea74260037" testName="TestForAssemblyCoverage" computerName="DKSR-EFI-04" duration="00:00:00.2168512" startTime="2023-12-22T09:32:55.6935722+01:00" endTime="2023-12-22T09:32:56.0529494+01:00" testType="13cdc9d9-ddb5-4fa4-a97d-d965ccfc6d4b" outcome="Passed" testListId="8c84fa94-04c1-424b-9868-57a2d4851a1d" relativeResultsDirectory="dcfb5287-63bc-4f36-810b-57c302931b41" />
  </Results>
  <TestDefinitions>
    <UnitTest name="TestForAssemblyCoverage" storage="d:\actions-runner\_work\xpco\xpco\corporate\recordingserver\recorderservice\tst\videoos.io.drivers.icparcusdriver.unittests\bin\x64\debug\net472\videoos.io.drivers.icparcusdriver.unittests.dll" id="10bfff8b-7347-0c65-15bb-12ea74260037">
      <Execution id="dcfb5287-63bc-4f36-810b-57c302931b41" />
      <TestMethod codeBase="D:\actions-runner\_work\XPCO\XPCO\Corporate\RecordingServer\RecorderService\tst\VideoOS.IO.Drivers.ICPArcusDriver.UnitTests\bin\x64\Debug\net472\VideoOS.IO.Drivers.ICPArcusDriver.UnitTests.dll" adapterTypeName="executor://mstestadapter/v2" className="VideoOS.IO.Drivers.ICPArcusDriver.UnitTests.UnitTest1" name="TestForAssemblyCoverage" />
    </UnitTest>
  </TestDefinitions>
  <TestEntries>
    <TestEntry testId="10bfff8b-7347-0c65-15bb-12ea74260037" executionId="dcfb5287-63bc-4f36-810b-57c302931b41" testListId="8c84fa94-04c1-424b-9868-57a2d4851a1d" />
  </TestEntries>
  <TestLists>
    <TestList name="Results Not in a List" id="8c84fa94-04c1-424b-9868-57a2d4851a1d" />
    <TestList name="All Loaded Results" id="19431567-8539-422a-85d7-44ee4e166bda" />
  </TestLists>
  <ResultSummary outcome="Completed">
    <Counters total="1" executed="1" passed="1" failed="0" error="0" timeout="0" aborted="0" inconclusive="0" passedButRunAborted="0" notRunnable="0" notExecuted="0" disconnected="0" warning="0" completed="0" inProgress="0" pending="0" />
  </ResultSummary>
</TestRun>