<?xml version="1.0" encoding="utf-8"?>
<TestRun id="aeca51d9-f546-4560-b55f-a0136ba9b648" name="DKSR-EFI-04$@DKSR-EFI-04 2023-12-22 09:33:19" runUser="NT AUTHORITY\NETWORK SERVICE" xmlns="http://microsoft.com/schemas/VisualStudio/TeamTest/2010">
  <Times creation="2023-12-22T09:33:19.0061824+01:00" queuing="2023-12-22T09:33:19.0061824+01:00" start="2023-12-22T09:33:10.4280186+01:00" finish="2023-12-22T09:33:19.0999340+01:00" />
  <TestSettings name="default" id="bccf5d35-1ff4-4674-8969-90c2f8c418dc">
    <Deployment runDeploymentRoot="DKSR-EFI-04$_DKSR-EFI-04_2023-12-22_09_33_19" />
  </TestSettings>
  <Results>
    <UnitTestResult executionId="0f193717-7d19-474f-8747-b7a311943fc3" testId="885f5ff0-2248-d95e-3f60-7c14e969f283" testName="TestForAssemblyCoverage" computerName="DKSR-EFI-04" duration="00:00:00.0679072" startTime="2023-12-22T09:33:17.9436807+01:00" endTime="2023-12-22T09:33:18.5530566+01:00" testType="13cdc9d9-ddb5-4fa4-a97d-d965ccfc6d4b" outcome="Passed" testListId="8c84fa94-04c1-424b-9868-57a2d4851a1d" relativeResultsDirectory="0f193717-7d19-474f-8747-b7a311943fc3" />
  </Results>
  <TestDefinitions>
    <UnitTest name="TestForAssemblyCoverage" storage="d:\actions-runner\_work\xpco\xpco\corporate\shared\common.media\tst\videoos.common.media.unittests\bin\x64\debug\net472\videoos.common.media.unittests.dll" id="885f5ff0-2248-d95e-3f60-7c14e969f283">
      <Execution id="0f193717-7d19-474f-8747-b7a311943fc3" />
      <TestMethod codeBase="D:\actions-runner\_work\XPCO\XPCO\Corporate\Shared\Common.Media\tst\VideoOS.Common.Media.UnitTests\bin\x64\Debug\net472\VideoOS.Common.Media.UnitTests.dll" adapterTypeName="executor://mstestadapter/v2" className="VideoOS.Common.Media.UnitTests.UnitTest1" name="TestForAssemblyCoverage" />
    </UnitTest>
  </TestDefinitions>
  <TestEntries>
    <TestEntry testId="885f5ff0-2248-d95e-3f60-7c14e969f283" executionId="0f193717-7d19-474f-8747-b7a311943fc3" testListId="8c84fa94-04c1-424b-9868-57a2d4851a1d" />
  </TestEntries>
  <TestLists>
    <TestList name="Results Not in a List" id="8c84fa94-04c1-424b-9868-57a2d4851a1d" />
    <TestList name="All Loaded Results" id="19431567-8539-422a-85d7-44ee4e166bda" />
  </TestLists>
  <ResultSummary outcome="Completed">
    <Counters total="1" executed="1" passed="1" failed="0" error="0" timeout="0" aborted="0" inconclusive="0" passedButRunAborted="0" notRunnable="0" notExecuted="0" disconnected="0" warning="0" completed="0" inProgress="0" pending="0" />
  </ResultSummary>
</TestRun>