<?xml version="1.0" encoding="utf-8"?>
<TestRun id="e1151155-c489-4e70-b0cc-b7d1f8af5220" name="DKSR-EFI-04$@DKSR-EFI-04 2023-12-22 09:33:04" runUser="NT AUTHORITY\NETWORK SERVICE" xmlns="http://microsoft.com/schemas/VisualStudio/TeamTest/2010">
  <Times creation="2023-12-22T09:33:04.5217397+01:00" queuing="2023-12-22T09:33:04.5217397+01:00" start="2023-12-22T09:33:03.2717335+01:00" finish="2023-12-22T09:33:04.5529885+01:00" />
  <TestSettings name="default" id="722531d6-7570-42ad-833d-abac2bb96374">
    <Deployment runDeploymentRoot="DKSR-EFI-04$_DKSR-EFI-04_2023-12-22_09_33_04" />
  </TestSettings>
  <Results>
    <UnitTestResult executionId="eb7c408b-091c-4dc8-8fc6-97c01fa5d6f7" testId="8ad6c6e8-977f-18f6-a059-b244e114675c" testName="TestForAssemblyCoverage" computerName="DKSR-EFI-04" duration="00:00:00.0134105" startTime="2023-12-22T09:33:04.0373608+01:00" endTime="2023-12-22T09:33:04.1623625+01:00" testType="13cdc9d9-ddb5-4fa4-a97d-d965ccfc6d4b" outcome="Passed" testListId="8c84fa94-04c1-424b-9868-57a2d4851a1d" relativeResultsDirectory="eb7c408b-091c-4dc8-8fc6-97c01fa5d6f7" />
  </Results>
  <TestDefinitions>
    <UnitTest name="TestForAssemblyCoverage" storage="d:\actions-runner\_work\xpco\xpco\corporate\recordingserver\recorderservice\tst\videoos.plugin.motiondetection.unittests\bin\x64\debug\net472\videoos.plugin.motiondetection.unittests.dll" id="8ad6c6e8-977f-18f6-a059-b244e114675c">
      <Execution id="eb7c408b-091c-4dc8-8fc6-97c01fa5d6f7" />
      <TestMethod codeBase="D:\actions-runner\_work\XPCO\XPCO\Corporate\RecordingServer\RecorderService\tst\VideoOS.PlugIn.MotionDetection.UnitTests\bin\x64\Debug\net472\VideoOS.PlugIn.MotionDetection.UnitTests.dll" adapterTypeName="executor://mstestadapter/v2" className="VideoOS.PlugIn.MotionDetection.UnitTests.UnitTest1" name="TestForAssemblyCoverage" />
    </UnitTest>
  </TestDefinitions>
  <TestEntries>
    <TestEntry testId="8ad6c6e8-977f-18f6-a059-b244e114675c" executionId="eb7c408b-091c-4dc8-8fc6-97c01fa5d6f7" testListId="8c84fa94-04c1-424b-9868-57a2d4851a1d" />
  </TestEntries>
  <TestLists>
    <TestList name="Results Not in a List" id="8c84fa94-04c1-424b-9868-57a2d4851a1d" />
    <TestList name="All Loaded Results" id="19431567-8539-422a-85d7-44ee4e166bda" />
  </TestLists>
  <ResultSummary outcome="Completed">
    <Counters total="1" executed="1" passed="1" failed="0" error="0" timeout="0" aborted="0" inconclusive="0" passedButRunAborted="0" notRunnable="0" notExecuted="0" disconnected="0" warning="0" completed="0" inProgress="0" pending="0" />
  </ResultSummary>
</TestRun>